using /home/moon/moon_verif/riscof_work/src/bge-01.S/ref/Reference-sail_c_simulator.signature for test-signature output.
[Sail] Allocating new block 0x80000000
tohost located at 0x80039000
[Sail] Allocating new block 0x0

Running file sail-bge-01.elf.
ELF Entry @ 0x80000000
begin_signature: 0x8003a210
end_signature: 0x8003ab50
CSR mstatus <- 0x00000000 (input: 0x00000000)
mem[X,0x00001000] -> 0x0297
mem[X,0x00001002] -> 0x0000
[0] [M]: 0x00001000 (0x00000297) auipc t0, 0
x5 <- 0x00001000


mem[X,0x00001004] -> 0x8593
mem[X,0x00001006] -> 0x0202
[1] [M]: 0x00001004 (0x02028593) addi a1, t0, 32
x11 <- 0x00001020


mem[X,0x00001008] -> 0x2573
mem[X,0x0000100A] -> 0xF140
[2] [M]: 0x00001008 (0xF1402573) csrrs a0, mhartid, zero
CSR mhartid -> 0x00000000
x10 <- 0x00000000


mem[X,0x0000100C] -> 0xA283
mem[X,0x0000100E] -> 0x0182
[3] [M]: 0x0000100C (0x0182A283) lw t0, 24(t0)
mem[R,0x00001018] -> 0x80000000
x5 <- 0x80000000


mem[X,0x00001010] -> 0x8067
mem[X,0x00001012] -> 0x0002
[4] [M]: 0x00001010 (0x00028067) jalr zero, t0, 0


mem[X,0x80000000] -> 0xC0B7
mem[X,0x80000002] -> 0xFEED
[5] [M]: 0x80000000 (0xFEEDC0B7) lui ra, 1044188
x1 <- 0xFEEDC000


mem[X,0x80000004] -> 0x8093
mem[X,0x80000006] -> 0xEAD0
[6] [M]: 0x80000004 (0xEAD08093) addi ra, ra, 3757
x1 <- 0xFEEDBEAD


mem[X,0x80000008] -> 0xE137
mem[X,0x8000000A] -> 0xFF76
[7] [M]: 0x80000008 (0xFF76E137) lui sp, 1046382
x2 <- 0xFF76E000


mem[X,0x8000000C] -> 0x0113
mem[X,0x8000000E] -> 0xF561
[8] [M]: 0x8000000C (0xF5610113) addi sp, sp, 3926
x2 <- 0xFF76DF56


mem[X,0x80000010] -> 0x71B7
mem[X,0x80000012] -> 0x7FBB
[9] [M]: 0x80000010 (0x7FBB71B7) lui gp, 523191
x3 <- 0x7FBB7000


mem[X,0x80000014] -> 0x8193
mem[X,0x80000016] -> 0xFAB1
[10] [M]: 0x80000014 (0xFAB18193) addi gp, gp, 4011
x3 <- 0x7FBB6FAB


mem[X,0x80000018] -> 0xB237
mem[X,0x8000001A] -> 0xBFDD
[11] [M]: 0x80000018 (0xBFDDB237) lui tp, 785883
x4 <- 0xBFDDB000


mem[X,0x8000001C] -> 0x0213
mem[X,0x8000001E] -> 0x7D52
[12] [M]: 0x8000001C (0x7D520213) addi tp, tp, 2005
x4 <- 0xBFDDB7D5


mem[X,0x80000020] -> 0x0297
mem[X,0x80000022] -> 0x0000
[13] [M]: 0x80000020 (0x00000297) auipc t0, 0
x5 <- 0x80000020


mem[X,0x80000024] -> 0x8293
mem[X,0x80000026] -> 0x0D82
[14] [M]: 0x80000024 (0x0D828293) addi t0, t0, 216
x5 <- 0x800000F8


mem[X,0x80000028] -> 0xA317
mem[X,0x8000002A] -> 0x0003
[15] [M]: 0x80000028 (0x0003A317) auipc t1, 58
x6 <- 0x8003A028


mem[X,0x8000002C] -> 0x0313
mem[X,0x8000002E] -> 0xFD83
[16] [M]: 0x8000002C (0xFD830313) addi t1, t1, 4056
x6 <- 0x8003A000


mem[X,0x80000030] -> 0xB3B7
mem[X,0x80000032] -> 0xB7FB
[17] [M]: 0x80000030 (0xB7FBB3B7) lui t2, 753595
x7 <- 0xB7FBB000


mem[X,0x80000034] -> 0x8393
mem[X,0x80000036] -> 0x6FA3
[18] [M]: 0x80000034 (0x6FA38393) addi t2, t2, 1786
x7 <- 0xB7FBB6FA


mem[X,0x80000038] -> 0xE437
mem[X,0x8000003A] -> 0x5BFD
[19] [M]: 0x80000038 (0x5BFDE437) lui fp, 376798
x8 <- 0x5BFDE000


mem[X,0x8000003C] -> 0x0413
mem[X,0x8000003E] -> 0xB7D4
[20] [M]: 0x8000003C (0xB7D40413) addi fp, fp, 2941
x8 <- 0x5BFDDB7D


mem[X,0x80000040] -> 0xF4B7
mem[X,0x80000042] -> 0xADFE
[21] [M]: 0x80000040 (0xADFEF4B7) lui s1, 712687
x9 <- 0xADFEF000


mem[X,0x80000044] -> 0x8493
mem[X,0x80000046] -> 0xDBE4
[22] [M]: 0x80000044 (0xDBE48493) addi s1, s1, 3518
x9 <- 0xADFEEDBE


mem[X,0x80000048] -> 0x7537
mem[X,0x8000004A] -> 0x56FF
[23] [M]: 0x80000048 (0x56FF7537) lui a0, 356343
x10 <- 0x56FF7000


mem[X,0x8000004C] -> 0x0513
mem[X,0x8000004E] -> 0x6DF5
[24] [M]: 0x8000004C (0x6DF50513) addi a0, a0, 1759
x10 <- 0x56FF76DF


mem[X,0x80000050] -> 0xC5B7
mem[X,0x80000052] -> 0xAB7F
[25] [M]: 0x80000050 (0xAB7FC5B7) lui a1, 702460
x11 <- 0xAB7FC000


mem[X,0x80000054] -> 0x8593
mem[X,0x80000056] -> 0xB6F5
[26] [M]: 0x80000054 (0xB6F58593) addi a1, a1, 2927
x11 <- 0xAB7FBB6F


mem[X,0x80000058] -> 0xE637
mem[X,0x8000005A] -> 0xD5BF
[27] [M]: 0x80000058 (0xD5BFE637) lui a2, 875518
x12 <- 0xD5BFE000


mem[X,0x8000005C] -> 0x0613
mem[X,0x8000005E] -> 0xDB76
[28] [M]: 0x8000005C (0xDB760613) addi a2, a2, 3511
x12 <- 0xD5BFDDB7


mem[X,0x80000060] -> 0xF6B7
mem[X,0x80000062] -> 0xEADF
[29] [M]: 0x80000060 (0xEADFF6B7) lui a3, 962047
x13 <- 0xEADFF000


mem[X,0x80000064] -> 0x8693
mem[X,0x80000066] -> 0xEDB6
[30] [M]: 0x80000064 (0xEDB68693) addi a3, a3, 3803
x13 <- 0xEADFEEDB


mem[X,0x80000068] -> 0xF737
mem[X,0x8000006A] -> 0xF56F
[31] [M]: 0x80000068 (0xF56FF737) lui a4, 1005311
x14 <- 0xF56FF000


mem[X,0x8000006C] -> 0x0713
mem[X,0x8000006E] -> 0x76D7
[32] [M]: 0x8000006C (0x76D70713) addi a4, a4, 1901
x14 <- 0xF56FF76D


mem[X,0x80000070] -> 0x07B7
mem[X,0x80000072] -> 0xFAB8
[33] [M]: 0x80000070 (0xFAB807B7) lui a5, 1026944
x15 <- 0xFAB80000


mem[X,0x80000074] -> 0x8793
mem[X,0x80000076] -> 0xBB67
[34] [M]: 0x80000074 (0xBB678793) addi a5, a5, 2998
x15 <- 0xFAB7FBB6


mem[X,0x80000078] -> 0x0837
mem[X,0x8000007A] -> 0x7D5C
[35] [M]: 0x80000078 (0x7D5C0837) lui a6, 513472
x16 <- 0x7D5C0000


mem[X,0x8000007C] -> 0x0813
mem[X,0x8000007E] -> 0xDDB8
[36] [M]: 0x8000007C (0xDDB80813) addi a6, a6, 3547
x16 <- 0x7D5BFDDB


mem[X,0x80000080] -> 0x08B7
mem[X,0x80000082] -> 0xBEAE
[37] [M]: 0x80000080 (0xBEAE08B7) lui a7, 781024
x17 <- 0xBEAE0000


mem[X,0x80000084] -> 0x8893
mem[X,0x80000086] -> 0xEED8
[38] [M]: 0x80000084 (0xEED88893) addi a7, a7, 3821
x17 <- 0xBEADFEED


mem[X,0x80000088] -> 0x0937
mem[X,0x8000008A] -> 0xDF57
[39] [M]: 0x80000088 (0xDF570937) lui s2, 914800
x18 <- 0xDF570000


mem[X,0x8000008C] -> 0x0913
mem[X,0x8000008E] -> 0xF769
[40] [M]: 0x8000008C (0xF7690913) addi s2, s2, 3958
x18 <- 0xDF56FF76


mem[X,0x80000090] -> 0x89B7
mem[X,0x80000092] -> 0x6FAB
[41] [M]: 0x80000090 (0x6FAB89B7) lui s3, 457400
x19 <- 0x6FAB8000


mem[X,0x80000094] -> 0x8993
mem[X,0x80000096] -> 0xFBB9
[42] [M]: 0x80000094 (0xFBB98993) addi s3, s3, 4027
x19 <- 0x6FAB7FBB


mem[X,0x80000098] -> 0xCA37
mem[X,0x8000009A] -> 0xB7D5
[43] [M]: 0x80000098 (0xB7D5CA37) lui s4, 752988
x20 <- 0xB7D5C000


mem[X,0x8000009C] -> 0x0A13
mem[X,0x8000009E] -> 0xFDDA
[44] [M]: 0x8000009C (0xFDDA0A13) addi s4, s4, 4061
x20 <- 0xB7D5BFDD


mem[X,0x800000A0] -> 0xEAB7
mem[X,0x800000A2] -> 0xDBEA
[45] [M]: 0x800000A0 (0xDBEAEAB7) lui s5, 900782
x21 <- 0xDBEAE000


mem[X,0x800000A4] -> 0x8A93
mem[X,0x800000A6] -> 0xFEEA
[46] [M]: 0x800000A4 (0xFEEA8A93) addi s5, s5, 4078
x21 <- 0xDBEADFEE


mem[X,0x800000A8] -> 0x7B37
mem[X,0x800000AA] -> 0x6DF5
[47] [M]: 0x800000A8 (0x6DF57B37) lui s6, 450391
x22 <- 0x6DF57000


mem[X,0x800000AC] -> 0x0B13
mem[X,0x800000AE] -> 0xFF7B
[48] [M]: 0x800000AC (0xFF7B0B13) addi s6, s6, 4087
x22 <- 0x6DF56FF7


mem[X,0x800000B0] -> 0xBBB7
mem[X,0x800000B2] -> 0xB6FA
[49] [M]: 0x800000B0 (0xB6FABBB7) lui s7, 749483
x23 <- 0xB6FAB000


mem[X,0x800000B4] -> 0x8B93
mem[X,0x800000B6] -> 0x7FBB
[50] [M]: 0x800000B4 (0x7FBB8B93) addi s7, s7, 2043
x23 <- 0xB6FAB7FB


mem[X,0x800000B8] -> 0x6C37
mem[X,0x800000BA] -> 0xDB7D
[51] [M]: 0x800000B8 (0xDB7D6C37) lui s8, 899030
x24 <- 0xDB7D6000


mem[X,0x800000BC] -> 0x0C13
mem[X,0x800000BE] -> 0xBFDC
[52] [M]: 0x800000BC (0xBFDC0C13) addi s8, s8, 3069
x24 <- 0xDB7D5BFD


mem[X,0x800000C0] -> 0xBCB7
mem[X,0x800000C2] -> 0xEDBE
[53] [M]: 0x800000C0 (0xEDBEBCB7) lui s9, 973803
x25 <- 0xEDBEB000


mem[X,0x800000C4] -> 0x8C93
mem[X,0x800000C6] -> 0xDFEC
[54] [M]: 0x800000C4 (0xDFEC8C93) addi s9, s9, 3582
x25 <- 0xEDBEADFE


mem[X,0x800000C8] -> 0x5D37
mem[X,0x800000CA] -> 0x76DF
[55] [M]: 0x800000C8 (0x76DF5D37) lui s10, 486901
x26 <- 0x76DF5000


mem[X,0x800000CC] -> 0x0D13
mem[X,0x800000CE] -> 0x6FFD
[56] [M]: 0x800000CC (0x6FFD0D13) addi s10, s10, 1791
x26 <- 0x76DF56FF


mem[X,0x800000D0] -> 0xBDB7
mem[X,0x800000D2] -> 0xBB6F
[57] [M]: 0x800000D0 (0xBB6FBDB7) lui s11, 767739
x27 <- 0xBB6FB000


mem[X,0x800000D4] -> 0x8D93
mem[X,0x800000D6] -> 0xB7FD
[58] [M]: 0x800000D4 (0xB7FD8D93) addi s11, s11, 2943
x27 <- 0xBB6FAB7F


mem[X,0x800000D8] -> 0xDE37
mem[X,0x800000DA] -> 0xDDB7
[59] [M]: 0x800000D8 (0xDDB7DE37) lui t3, 908157
x28 <- 0xDDB7D000


mem[X,0x800000DC] -> 0x0E13
mem[X,0x800000DE] -> 0x5BFE
[60] [M]: 0x800000DC (0x5BFE0E13) addi t3, t3, 1471
x28 <- 0xDDB7D5BF


mem[X,0x800000E0] -> 0xFEB7
mem[X,0x800000E2] -> 0xEEDB
[61] [M]: 0x800000E0 (0xEEDBFEB7) lui t4, 978367
x29 <- 0xEEDBF000


mem[X,0x800000E4] -> 0x8E93
mem[X,0x800000E6] -> 0xADFE
[62] [M]: 0x800000E4 (0xADFE8E93) addi t4, t4, 2783
x29 <- 0xEEDBEADF


mem[X,0x800000E8] -> 0xFF37
mem[X,0x800000EA] -> 0xF76D
[63] [M]: 0x800000E8 (0xF76DFF37) lui t5, 1013471
x30 <- 0xF76DF000


mem[X,0x800000EC] -> 0x0F13
mem[X,0x800000EE] -> 0x56FF
[64] [M]: 0x800000EC (0x56FF0F13) addi t5, t5, 1391
x30 <- 0xF76DF56F


mem[X,0x800000F0] -> 0x0FB7
mem[X,0x800000F2] -> 0xFBB7
[65] [M]: 0x800000F0 (0xFBB70FB7) lui t6, 1031024
x31 <- 0xFBB70000


mem[X,0x800000F4] -> 0x8F93
mem[X,0x800000F6] -> 0xAB7F
[66] [M]: 0x800000F4 (0xAB7F8F93) addi t6, t6, 2743
x31 <- 0xFBB6FAB7


mem[X,0x800000F8] -> 0xA097
mem[X,0x800000FA] -> 0x0003
[67] [M]: 0x800000F8 (0x0003A097) auipc ra, 58
x1 <- 0x8003A0F8


mem[X,0x800000FC] -> 0x8093
mem[X,0x800000FE] -> 0x11C0
[68] [M]: 0x800000FC (0x11C08093) addi ra, ra, 284
x1 <- 0x8003A214


mem[X,0x80000100] -> 0x0DB7
mem[X,0x80000102] -> 0x0001
[69] [M]: 0x80000100 (0x00010DB7) lui s11, 16
x27 <- 0x00010000


mem[X,0x80000104] -> 0x0DB7
mem[X,0x80000106] -> 0x0001
[70] [M]: 0x80000104 (0x00010DB7) lui s11, 16
x27 <- 0x00010000


mem[X,0x80000108] -> 0x0193
mem[X,0x8000010A] -> 0x0000
[71] [M]: 0x80000108 (0x00000193) addi gp, zero, 0
x3 <- 0x00000000


mem[X,0x8000010C] -> 0x006F
mem[X,0x8000010E] -> 0x00C0
[72] [M]: 0x8000010C (0x00C0006F) jal zero, 12


mem[X,0x80000118] -> 0xD063
mem[X,0x8000011A] -> 0x21BD
[73] [M]: 0x80000118 (0x21BDD063) bge s11, s11, 512


mem[X,0x80000318] -> 0x8193
mem[X,0x8000031A] -> 0x0031
[74] [M]: 0x80000318 (0x00318193) addi gp, gp, 3
x3 <- 0x00000003


mem[X,0x8000031C] -> 0x006F
mem[X,0x8000031E] -> 0x0040
[75] [M]: 0x8000031C (0x0040006F) jal zero, 4


mem[X,0x80000320] -> 0xA023
mem[X,0x80000322] -> 0x0030
[76] [M]: 0x80000320 (0x0030A023) sw gp, 0(ra)
mem[0x8003A214] <- 0x00000003


mem[X,0x80000324] -> 0x0693
mem[X,0x80000326] -> 0x0020
[77] [M]: 0x80000324 (0x00200693) addi a3, zero, 2
x13 <- 0x00000002


mem[X,0x80000328] -> 0x02B7
mem[X,0x8000032A] -> 0xFF80
[78] [M]: 0x80000328 (0xFF8002B7) lui t0, 1046528
x5 <- 0xFF800000


mem[X,0x8000032C] -> 0x8293
mem[X,0x8000032E] -> 0xFFF2
[79] [M]: 0x8000032C (0xFFF28293) addi t0, t0, 4095
x5 <- 0xFF7FFFFF


mem[X,0x80000330] -> 0x0193
mem[X,0x80000332] -> 0x0000
[80] [M]: 0x80000330 (0x00000193) addi gp, zero, 0
x3 <- 0x00000000


mem[X,0x80000334] -> 0x006F
mem[X,0x80000336] -> 0x00C0
[81] [M]: 0x80000334 (0x00C0006F) jal zero, 12


mem[X,0x80000340] -> 0xD063
mem[X,0x80000342] -> 0x0856
[82] [M]: 0x80000340 (0x0856D063) bge a3, t0, 128


mem[X,0x800003C0] -> 0x8193
mem[X,0x800003C2] -> 0x0031
[83] [M]: 0x800003C0 (0x00318193) addi gp, gp, 3
x3 <- 0x00000003


mem[X,0x800003C4] -> 0x006F
mem[X,0x800003C6] -> 0x0040
[84] [M]: 0x800003C4 (0x0040006F) jal zero, 4


mem[X,0x800003C8] -> 0xA223
mem[X,0x800003CA] -> 0x0030
[85] [M]: 0x800003C8 (0x0030A223) sw gp, 4(ra)
mem[0x8003A218] <- 0x00000003


mem[X,0x800003CC] -> 0x0393
mem[X,0x800003CE] -> 0xFFE0
[86] [M]: 0x800003CC (0xFFE00393) addi t2, zero, 4094
x7 <- 0xFFFFFFFE


mem[X,0x800003D0] -> 0x0A13
mem[X,0x800003D2] -> 0xFF60
[87] [M]: 0x800003D0 (0xFF600A13) addi s4, zero, 4086
x20 <- 0xFFFFFFF6


mem[X,0x800003D4] -> 0x0193
mem[X,0x800003D6] -> 0x0000
[88] [M]: 0x800003D4 (0x00000193) addi gp, zero, 0
x3 <- 0x00000000


mem[X,0x800003D8] -> 0x006F
mem[X,0x800003DA] -> 0x00C0
[89] [M]: 0x800003D8 (0x00C0006F) jal zero, 12


mem[X,0x800003E4] -> 0xD663
mem[X,0x800003E6] -> 0x0143
[90] [M]: 0x800003E4 (0x0143D663) bge t2, s4, 12


mem[X,0x800003F0] -> 0x8193
mem[X,0x800003F2] -> 0x0031
[91] [M]: 0x800003F0 (0x00318193) addi gp, gp, 3
x3 <- 0x00000003


mem[X,0x800003F4] -> 0x006F
mem[X,0x800003F6] -> 0x0040
[92] [M]: 0x800003F4 (0x0040006F) jal zero, 4


mem[X,0x800003F8] -> 0xA423
mem[X,0x800003FA] -> 0x0030
[93] [M]: 0x800003F8 (0x0030A423) sw gp, 8(ra)
mem[0x8003A21C] <- 0x00000003


mem[X,0x800003FC] -> 0x0BB7
mem[X,0x800003FE] -> 0xF800
[94] [M]: 0x800003FC (0xF8000BB7) lui s7, 1015808
x23 <- 0xF8000000


mem[X,0x80000400] -> 0x8B93
mem[X,0x80000402] -> 0xFFFB
[95] [M]: 0x80000400 (0xFFFB8B93) addi s7, s7, 4095
x23 <- 0xF7FFFFFF


mem[X,0x80000404] -> 0x0713
mem[X,0x80000406] -> 0x0020
[96] [M]: 0x80000404 (0x00200713) addi a4, zero, 2
x14 <- 0x00000002


mem[X,0x80000408] -> 0x0193
mem[X,0x8000040A] -> 0x0000
[97] [M]: 0x80000408 (0x00000193) addi gp, zero, 0
x3 <- 0x00000000


mem[X,0x8000040C] -> 0x006F
mem[X,0x8000040E] -> 0x00C0
[98] [M]: 0x8000040C (0x00C0006F) jal zero, 12


mem[X,0x80000418] -> 0xD063
mem[X,0x8000041A] -> 0x02EB
[99] [M]: 0x80000418 (0x02EBD063) bge s7, a4, 32


clint::tick mtime <- 0x0000000000000001
 clint timer pending at mtime 0x0000000000000001
htif::tick 0x0000000000000000
mem[X,0x8000041C] -> 0x8193
mem[X,0x8000041E] -> 0x0021
[100] [M]: 0x8000041C (0x00218193) addi gp, gp, 2
x3 <- 0x00000002


mem[X,0x80000420] -> 0x006F
mem[X,0x80000422] -> 0x0200
[101] [M]: 0x80000420 (0x0200006F) jal zero, 32


mem[X,0x80000440] -> 0xA623
mem[X,0x80000442] -> 0x0030
[102] [M]: 0x80000440 (0x0030A623) sw gp, 12(ra)
mem[0x8003A220] <- 0x00000002


mem[X,0x80000444] -> 0x0B13
mem[X,0x80000446] -> 0xFFB0
[103] [M]: 0x80000444 (0xFFB00B13) addi s6, zero, 4091
x22 <- 0xFFFFFFFB


mem[X,0x80000448] -> 0x0793
mem[X,0x8000044A] -> 0xFFB0
[104] [M]: 0x80000448 (0xFFB00793) addi a5, zero, 4091
x15 <- 0xFFFFFFFB


mem[X,0x8000044C] -> 0x0193
mem[X,0x8000044E] -> 0x0000
[105] [M]: 0x8000044C (0x00000193) addi gp, zero, 0
x3 <- 0x00000000


mem[X,0x80000450] -> 0x006F
mem[X,0x80000452] -> 0x00C0
[106] [M]: 0x80000450 (0x00C0006F) jal zero, 12


mem[X,0x8000045C] -> 0x5663
mem[X,0x8000045E] -> 0x00FB
[107] [M]: 0x8000045C (0x00FB5663) bge s6, a5, 12


mem[X,0x80000468] -> 0x8193
mem[X,0x8000046A] -> 0x0031
[108] [M]: 0x80000468 (0x00318193) addi gp, gp, 3
x3 <- 0x00000003


mem[X,0x8000046C] -> 0x006F
mem[X,0x8000046E] -> 0x0040
[109] [M]: 0x8000046C (0x0040006F) jal zero, 4


mem[X,0x80000470] -> 0xA823
mem[X,0x80000472] -> 0x0030
[110] [M]: 0x80000470 (0x0030A823) sw gp, 16(ra)
mem[0x8003A224] <- 0x00000003


mem[X,0x80000474] -> 0x67B7
mem[X,0x80000476] -> 0x6666
[111] [M]: 0x80000474 (0x666667B7) lui a5, 419430
x15 <- 0x66666000


mem[X,0x80000478] -> 0x8793
mem[X,0x8000047A] -> 0x6677
[112] [M]: 0x80000478 (0x66778793) addi a5, a5, 1639
x15 <- 0x66666667


mem[X,0x8000047C] -> 0x6D37
mem[X,0x8000047E] -> 0x6666
[113] [M]: 0x8000047C (0x66666D37) lui s10, 419430
x26 <- 0x66666000


mem[X,0x80000480] -> 0x0D13
mem[X,0x80000482] -> 0x667D
[114] [M]: 0x80000480 (0x667D0D13) addi s10, s10, 1639
x26 <- 0x66666667


mem[X,0x80000484] -> 0x0193
mem[X,0x80000486] -> 0x0000
[115] [M]: 0x80000484 (0x00000193) addi gp, zero, 0
x3 <- 0x00000000


mem[X,0x80000488] -> 0x006F
mem[X,0x8000048A] -> 0x0140
[116] [M]: 0x80000488 (0x0140006F) jal zero, 20


mem[X,0x8000049C] -> 0xD8E3
mem[X,0x8000049E] -> 0xFFA7
[117] [M]: 0x8000049C (0xFFA7D8E3) bge a5, s10, 8176


mem[X,0x8000048C] -> 0x8193
mem[X,0x8000048E] -> 0x0011
[118] [M]: 0x8000048C (0x00118193) addi gp, gp, 1
x3 <- 0x00000001


mem[X,0x80000490] -> 0x006F
mem[X,0x80000492] -> 0x0200
[119] [M]: 0x80000490 (0x0200006F) jal zero, 32


mem[X,0x800004B0] -> 0xAA23
mem[X,0x800004B2] -> 0x0030
[120] [M]: 0x800004B0 (0x0030AA23) sw gp, 20(ra)
mem[0x8003A228] <- 0x00000001


mem[X,0x800004B4] -> 0x0713
mem[X,0x800004B6] -> 0xFF80
[121] [M]: 0x800004B4 (0xFF800713) addi a4, zero, 4088
x14 <- 0xFFFFFFF8


mem[X,0x800004B8] -> 0x0C37
mem[X,0x800004BA] -> 0xFE00
[122] [M]: 0x800004B8 (0xFE000C37) lui s8, 1040384
x24 <- 0xFE000000


mem[X,0x800004BC] -> 0x0C13
mem[X,0x800004BE] -> 0xFFFC
[123] [M]: 0x800004BC (0xFFFC0C13) addi s8, s8, 4095
x24 <- 0xFDFFFFFF


mem[X,0x800004C0] -> 0x0193
mem[X,0x800004C2] -> 0x0000
[124] [M]: 0x800004C0 (0x00000193) addi gp, zero, 0
x3 <- 0x00000000


mem[X,0x800004C4] -> 0x006F
mem[X,0x800004C6] -> 0x0050
[125] [M]: 0x800004C4 (0x0050006F) jal zero, 2052


mem[X,0x80000CC8] -> 0x50E3
mem[X,0x80000CCA] -> 0x8187
[126] [M]: 0x80000CC8 (0x818750E3) bge a4, s8, 6144


mem[X,0x800004C8] -> 0x8193
mem[X,0x800004CA] -> 0x0011
[127] [M]: 0x800004C8 (0x00118193) addi gp, gp, 1
x3 <- 0x00000001


mem[X,0x800004CC] -> 0x006F
mem[X,0x800004CE] -> 0x0110
[128] [M]: 0x800004CC (0x0110006F) jal zero, 2064


mem[X,0x80000CDC] -> 0xAC23
mem[X,0x80000CDE] -> 0x0030
[129] [M]: 0x80000CDC (0x0030AC23) sw gp, 24(ra)
mem[0x8003A22C] <- 0x00000001


mem[X,0x80000CE0] -> 0x5EB7
mem[X,0x80000CE2] -> 0xFFFF
[130] [M]: 0x80000CE0 (0xFFFF5EB7) lui t4, 1048565
x29 <- 0xFFFF5000


mem[X,0x80000CE4] -> 0x8E93
mem[X,0x80000CE6] -> 0xAFCE
[131] [M]: 0x80000CE4 (0xAFCE8E93) addi t4, t4, 2812
x29 <- 0xFFFF4AFC


mem[X,0x80000CE8] -> 0x08B7
mem[X,0x80000CEA] -> 0x0001
[132] [M]: 0x80000CE8 (0x000108B7) lui a7, 16
x17 <- 0x00010000


mem[X,0x80000CEC] -> 0x0193
mem[X,0x80000CEE] -> 0x0000
[133] [M]: 0x80000CEC (0x00000193) addi gp, zero, 0
x3 <- 0x00000000


mem[X,0x80000CF0] -> 0x006F
mem[X,0x80000CF2] -> 0x0050
[134] [M]: 0x80000CF0 (0x0050006F) jal zero, 2052


mem[X,0x800014F4] -> 0xD0E3
mem[X,0x800014F6] -> 0x811E
[135] [M]: 0x800014F4 (0x811ED0E3) bge t4, a7, 6144


mem[X,0x800014F8] -> 0x8193
mem[X,0x800014FA] -> 0x0021
[136] [M]: 0x800014F8 (0x00218193) addi gp, gp, 2
x3 <- 0x00000002


mem[X,0x800014FC] -> 0x006F
mem[X,0x800014FE] -> 0x00C0
[137] [M]: 0x800014FC (0x00C0006F) jal zero, 12


mem[X,0x80001508] -> 0xAE23
mem[X,0x8000150A] -> 0x0030
[138] [M]: 0x80001508 (0x0030AE23) sw gp, 28(ra)
mem[0x8003A230] <- 0x00000002


mem[X,0x8000150C] -> 0x0593
mem[X,0x8000150E] -> 0x0800
[139] [M]: 0x8000150C (0x08000593) addi a1, zero, 128
x11 <- 0x00000080


mem[X,0x80001510] -> 0x0993
mem[X,0x80001512] -> 0x0010
[140] [M]: 0x80001510 (0x00100993) addi s3, zero, 1
x19 <- 0x00000001


mem[X,0x80001514] -> 0x0193
mem[X,0x80001516] -> 0x0000
[141] [M]: 0x80001514 (0x00000193) addi gp, zero, 0
x3 <- 0x00000000


mem[X,0x80001518] -> 0x006F
mem[X,0x8000151A] -> 0x00C0
[142] [M]: 0x80001518 (0x00C0006F) jal zero, 12


mem[X,0x80001524] -> 0xD663
mem[X,0x80001526] -> 0x0135
[143] [M]: 0x80001524 (0x0135D663) bge a1, s3, 12


mem[X,0x80001530] -> 0x8193
mem[X,0x80001532] -> 0x0031
[144] [M]: 0x80001530 (0x00318193) addi gp, gp, 3
x3 <- 0x00000003


mem[X,0x80001534] -> 0x006F
mem[X,0x80001536] -> 0x0040
[145] [M]: 0x80001534 (0x0040006F) jal zero, 4


mem[X,0x80001538] -> 0xA023
mem[X,0x8000153A] -> 0x0230
[146] [M]: 0x80001538 (0x0230A023) sw gp, 32(ra)
mem[0x8003A234] <- 0x00000003


mem[X,0x8000153C] -> 0x0337
mem[X,0x8000153E] -> 0x0040
[147] [M]: 0x8000153C (0x00400337) lui t1, 1024
x6 <- 0x00400000


mem[X,0x80001540] -> 0x0913
mem[X,0x80001542] -> 0x0080
[148] [M]: 0x80001540 (0x00800913) addi s2, zero, 8
x18 <- 0x00000008


mem[X,0x80001544] -> 0x0193
mem[X,0x80001546] -> 0x0000
[149] [M]: 0x80001544 (0x00000193) addi gp, zero, 0
x3 <- 0x00000000


mem[X,0x80001548] -> 0x006F
mem[X,0x8000154A] -> 0x00C0
[150] [M]: 0x80001548 (0x00C0006F) jal zero, 12


mem[X,0x80001554] -> 0x5663
mem[X,0x80001556] -> 0x0123
[151] [M]: 0x80001554 (0x01235663) bge t1, s2, 12


mem[X,0x80001560] -> 0x8193
mem[X,0x80001562] -> 0x0031
[152] [M]: 0x80001560 (0x00318193) addi gp, gp, 3
x3 <- 0x00000003


mem[X,0x80001564] -> 0x006F
mem[X,0x80001566] -> 0x0040
[153] [M]: 0x80001564 (0x0040006F) jal zero, 4


mem[X,0x80001568] -> 0xA223
mem[X,0x8000156A] -> 0x0230
[154] [M]: 0x80001568 (0x0230A223) sw gp, 36(ra)
mem[0x8003A238] <- 0x00000003


mem[X,0x8000156C] -> 0x0E13
mem[X,0x8000156E] -> 0xFFF0
[155] [M]: 0x8000156C (0xFFF00E13) addi t3, zero, 4095
x28 <- 0xFFFFFFFF


mem[X,0x80001570] -> 0x0413
mem[X,0x80001572] -> 0x0100
[156] [M]: 0x80001570 (0x01000413) addi fp, zero, 16
x8 <- 0x00000010


mem[X,0x80001574] -> 0x0193
mem[X,0x80001576] -> 0x0000
[157] [M]: 0x80001574 (0x00000193) addi gp, zero, 0
x3 <- 0x00000000


mem[X,0x80001578] -> 0x006F
mem[X,0x8000157A] -> 0x00C0
[158] [M]: 0x80001578 (0x00C0006F) jal zero, 12


mem[X,0x80001584] -> 0x5063
mem[X,0x80001586] -> 0x408E
[159] [M]: 0x80001584 (0x408E5063) bge t3, fp, 1024


mem[X,0x80001588] -> 0x8193
mem[X,0x8000158A] -> 0x0021
[160] [M]: 0x80001588 (0x00218193) addi gp, gp, 2
x3 <- 0x00000002


mem[X,0x8000158C] -> 0x006F
mem[X,0x8000158E] -> 0x4000
[161] [M]: 0x8000158C (0x4000006F) jal zero, 1024


mem[X,0x8000198C] -> 0xA423
mem[X,0x8000198E] -> 0x0230
[162] [M]: 0x8000198C (0x0230A423) sw gp, 40(ra)
mem[0x8003A23C] <- 0x00000002


mem[X,0x80001990] -> 0x0A13
mem[X,0x80001992] -> 0x0400
[163] [M]: 0x80001990 (0x04000A13) addi s4, zero, 64
x20 <- 0x00000040


mem[X,0x80001994] -> 0x0E93
mem[X,0x80001996] -> 0x0200
[164] [M]: 0x80001994 (0x02000E93) addi t4, zero, 32
x29 <- 0x00000020


mem[X,0x80001998] -> 0x0193
mem[X,0x8000199A] -> 0x0000
[165] [M]: 0x80001998 (0x00000193) addi gp, zero, 0
x3 <- 0x00000000


mem[X,0x8000199C] -> 0x006F
mem[X,0x8000199E] -> 0x00C0
[166] [M]: 0x8000199C (0x00C0006F) jal zero, 12


mem[X,0x800019A8] -> 0x5863
mem[X,0x800019AA] -> 0x01DA
[167] [M]: 0x800019A8 (0x01DA5863) bge s4, t4, 16


mem[X,0x800019B8] -> 0x8193
mem[X,0x800019BA] -> 0x0031
[168] [M]: 0x800019B8 (0x00318193) addi gp, gp, 3
x3 <- 0x00000003


mem[X,0x800019BC] -> 0x006F
mem[X,0x800019BE] -> 0x0040
[169] [M]: 0x800019BC (0x0040006F) jal zero, 4


mem[X,0x800019C0] -> 0xA623
mem[X,0x800019C2] -> 0x0230
[170] [M]: 0x800019C0 (0x0230A623) sw gp, 44(ra)
mem[0x8003A240] <- 0x00000003


mem[X,0x800019C4] -> 0x0C37
mem[X,0x800019C6] -> 0xFFF0
[171] [M]: 0x800019C4 (0xFFF00C37) lui s8, 1048320
x24 <- 0xFFF00000


mem[X,0x800019C8] -> 0x0C13
mem[X,0x800019CA] -> 0xFFFC
[172] [M]: 0x800019C8 (0xFFFC0C13) addi s8, s8, 4095
x24 <- 0xFFEFFFFF


mem[X,0x800019CC] -> 0x0213
mem[X,0x800019CE] -> 0x0400
[173] [M]: 0x800019CC (0x04000213) addi tp, zero, 64
x4 <- 0x00000040


mem[X,0x800019D0] -> 0x0193
mem[X,0x800019D2] -> 0x0000
[174] [M]: 0x800019D0 (0x00000193) addi gp, zero, 0
x3 <- 0x00000000


mem[X,0x800019D4] -> 0x006F
mem[X,0x800019D6] -> 0x00C0
[175] [M]: 0x800019D4 (0x00C0006F) jal zero, 12


mem[X,0x800019E0] -> 0x5663
mem[X,0x800019E2] -> 0x004C
[176] [M]: 0x800019E0 (0x004C5663) bge s8, tp, 12


mem[X,0x800019E4] -> 0x8193
mem[X,0x800019E6] -> 0x0021
[177] [M]: 0x800019E4 (0x00218193) addi gp, gp, 2
x3 <- 0x00000002


mem[X,0x800019E8] -> 0x006F
mem[X,0x800019EA] -> 0x00C0
[178] [M]: 0x800019E8 (0x00C0006F) jal zero, 12


mem[X,0x800019F4] -> 0xA823
mem[X,0x800019F6] -> 0x0230
[179] [M]: 0x800019F4 (0x0230A823) sw gp, 48(ra)
mem[0x8003A244] <- 0x00000002


mem[X,0x800019F8] -> 0x3637
mem[X,0x800019FA] -> 0x3333
[180] [M]: 0x800019F8 (0x33333637) lui a2, 209715
x12 <- 0x33333000


mem[X,0x800019FC] -> 0x0613
mem[X,0x800019FE] -> 0x3336
[181] [M]: 0x800019FC (0x33360613) addi a2, a2, 819
x12 <- 0x33333333


mem[X,0x80001A00] -> 0x0513
mem[X,0x80001A02] -> 0x0800
[182] [M]: 0x80001A00 (0x08000513) addi a0, zero, 128
x10 <- 0x00000080


mem[X,0x80001A04] -> 0x0193
mem[X,0x80001A06] -> 0x0000
[183] [M]: 0x80001A04 (0x00000193) addi gp, zero, 0
x3 <- 0x00000000


mem[X,0x80001A08] -> 0x006F
mem[X,0x80001A0A] -> 0x00C0
[184] [M]: 0x80001A08 (0x00C0006F) jal zero, 12


mem[X,0x80001A14] -> 0x5CE3
mem[X,0x80001A16] -> 0xFEA6
[185] [M]: 0x80001A14 (0xFEA65CE3) bge a2, a0, 8184


mem[X,0x80001A0C] -> 0x8193
mem[X,0x80001A0E] -> 0x0011
[186] [M]: 0x80001A0C (0x00118193) addi gp, gp, 1
x3 <- 0x00000001


mem[X,0x80001A10] -> 0x006F
mem[X,0x80001A12] -> 0x0180
[187] [M]: 0x80001A10 (0x0180006F) jal zero, 24


mem[X,0x80001A28] -> 0xAA23
mem[X,0x80001A2A] -> 0x0230
[188] [M]: 0x80001A28 (0x0230AA23) sw gp, 52(ra)
mem[0x8003A248] <- 0x00000001


mem[X,0x80001A2C] -> 0x0213
mem[X,0x80001A2E] -> 0x0800
[189] [M]: 0x80001A2C (0x08000213) addi tp, zero, 128
x4 <- 0x00000080


mem[X,0x80001A30] -> 0x0613
mem[X,0x80001A32] -> 0x1000
[190] [M]: 0x80001A30 (0x10000613) addi a2, zero, 256
x12 <- 0x00000100


mem[X,0x80001A34] -> 0x0193
mem[X,0x80001A36] -> 0x0000
[191] [M]: 0x80001A34 (0x00000193) addi gp, zero, 0
x3 <- 0x00000000


mem[X,0x80001A38] -> 0x006F
mem[X,0x80001A3A] -> 0x2B10
[192] [M]: 0x80001A38 (0x2B10006F) jal zero, 2736


mem[X,0x800024E8] -> 0x5A63
mem[X,0x800024EA] -> 0xD4C2
[193] [M]: 0x800024E8 (0xD4C25A63) bge tp, a2, 5460


mem[X,0x800024EC] -> 0x8193
mem[X,0x800024EE] -> 0x0021
[194] [M]: 0x800024EC (0x00218193) addi gp, gp, 2
x3 <- 0x00000002


mem[X,0x800024F0] -> 0x006F
mem[X,0x800024F2] -> 0x00C0
[195] [M]: 0x800024F0 (0x00C0006F) jal zero, 12


mem[X,0x800024FC] -> 0xAC23
mem[X,0x800024FE] -> 0x0230
[196] [M]: 0x800024FC (0x0230AC23) sw gp, 56(ra)
mem[0x8003A24C] <- 0x00000002


mem[X,0x80002500] -> 0x0113
mem[X,0x80002502] -> 0x0000
[197] [M]: 0x80002500 (0x00000113) addi sp, zero, 0
x2 <- 0x00000000


mem[X,0x80002504] -> 0x0013
mem[X,0x80002506] -> 0x0000
[198] [M]: 0x80002504 (0x00000013) addi zero, zero, 0


mem[X,0x80002508] -> 0x0193
mem[X,0x8000250A] -> 0x0000
[199] [M]: 0x80002508 (0x00000193) addi gp, zero, 0
x3 <- 0x00000000


clint::tick mtime <- 0x0000000000000002
 clint timer pending at mtime 0x0000000000000002
htif::tick 0x0000000000000000
mem[X,0x8000250C] -> 0x006F
mem[X,0x8000250E] -> 0x0180
[200] [M]: 0x8000250C (0x0180006F) jal zero, 24


mem[X,0x80002524] -> 0x56E3
mem[X,0x80002526] -> 0xFE01
[201] [M]: 0x80002524 (0xFE0156E3) bge sp, zero, 8172


mem[X,0x80002510] -> 0x8193
mem[X,0x80002512] -> 0x0011
[202] [M]: 0x80002510 (0x00118193) addi gp, gp, 1
x3 <- 0x00000001


mem[X,0x80002514] -> 0x006F
mem[X,0x80002516] -> 0x0240
[203] [M]: 0x80002514 (0x0240006F) jal zero, 36


mem[X,0x80002538] -> 0xAE23
mem[X,0x8000253A] -> 0x0230
[204] [M]: 0x80002538 (0x0230AE23) sw gp, 60(ra)
mem[0x8003A250] <- 0x00000001


mem[X,0x8000253C] -> 0x0493
mem[X,0x8000253E] -> 0x0080
[205] [M]: 0x8000253C (0x00800493) addi s1, zero, 8
x9 <- 0x00000008


mem[X,0x80002540] -> 0x0B13
mem[X,0x80002542] -> 0x4000
[206] [M]: 0x80002540 (0x40000B13) addi s6, zero, 1024
x22 <- 0x00000400


mem[X,0x80002544] -> 0x0193
mem[X,0x80002546] -> 0x0000
[207] [M]: 0x80002544 (0x00000193) addi gp, zero, 0
x3 <- 0x00000000


mem[X,0x80002548] -> 0x006F
mem[X,0x8000254A] -> 0x0100
[208] [M]: 0x80002548 (0x0100006F) jal zero, 16


mem[X,0x80002558] -> 0xDAE3
mem[X,0x8000255A] -> 0xFF64
[209] [M]: 0x80002558 (0xFF64DAE3) bge s1, s6, 8180


mem[X,0x8000255C] -> 0x8193
mem[X,0x8000255E] -> 0x0021
[210] [M]: 0x8000255C (0x00218193) addi gp, gp, 2
x3 <- 0x00000002


mem[X,0x80002560] -> 0x006F
mem[X,0x80002562] -> 0x00C0
[211] [M]: 0x80002560 (0x00C0006F) jal zero, 12


mem[X,0x8000256C] -> 0xA023
mem[X,0x8000256E] -> 0x0430
[212] [M]: 0x8000256C (0x0430A023) sw gp, 64(ra)
mem[0x8003A254] <- 0x00000002


mem[X,0x80002570] -> 0x0893
mem[X,0x80002572] -> 0x0000
[213] [M]: 0x80002570 (0x00000893) addi a7, zero, 0
x17 <- 0x00000000


mem[X,0x80002574] -> 0x1FB7
mem[X,0x80002576] -> 0x0000
[214] [M]: 0x80002574 (0x00001FB7) lui t6, 1
x31 <- 0x00001000


mem[X,0x80002578] -> 0x8F93
mem[X,0x8000257A] -> 0x800F
[215] [M]: 0x80002578 (0x800F8F93) addi t6, t6, 2048
x31 <- 0x00000800


mem[X,0x8000257C] -> 0x0193
mem[X,0x8000257E] -> 0x0000
[216] [M]: 0x8000257C (0x00000193) addi gp, zero, 0
x3 <- 0x00000000


mem[X,0x80002580] -> 0x006F
mem[X,0x80002582] -> 0x00C0
[217] [M]: 0x80002580 (0x00C0006F) jal zero, 12


mem[X,0x8000258C] -> 0xDCE3
mem[X,0x8000258E] -> 0xFFF8
[218] [M]: 0x8000258C (0xFFF8DCE3) bge a7, t6, 8184


mem[X,0x80002590] -> 0x8193
mem[X,0x80002592] -> 0x0021
[219] [M]: 0x80002590 (0x00218193) addi gp, gp, 2
x3 <- 0x00000002


mem[X,0x80002594] -> 0x006F
mem[X,0x80002596] -> 0x00C0
[220] [M]: 0x80002594 (0x00C0006F) jal zero, 12


mem[X,0x800025A0] -> 0xA223
mem[X,0x800025A2] -> 0x0430
[221] [M]: 0x800025A0 (0x0430A223) sw gp, 68(ra)
mem[0x8003A258] <- 0x00000002


mem[X,0x800025A4] -> 0xB537
mem[X,0x800025A6] -> 0xAAAA
[222] [M]: 0x800025A4 (0xAAAAB537) lui a0, 699051
x10 <- 0xAAAAB000


mem[X,0x800025A8] -> 0x0513
mem[X,0x800025AA] -> 0xAAA5
[223] [M]: 0x800025A8 (0xAAA50513) addi a0, a0, 2730
x10 <- 0xAAAAAAAA


mem[X,0x800025AC] -> 0x1F37
mem[X,0x800025AE] -> 0x0000
[224] [M]: 0x800025AC (0x00001F37) lui t5, 1
x30 <- 0x00001000


mem[X,0x800025B0] -> 0x0193
mem[X,0x800025B2] -> 0x0000
[225] [M]: 0x800025B0 (0x00000193) addi gp, zero, 0
x3 <- 0x00000000


mem[X,0x800025B4] -> 0x006F
mem[X,0x800025B6] -> 0x00C0
[226] [M]: 0x800025B4 (0x00C0006F) jal zero, 12


mem[X,0x800025C0] -> 0x5063
mem[X,0x800025C2] -> 0x03E5
[227] [M]: 0x800025C0 (0x03E55063) bge a0, t5, 32


mem[X,0x800025C4] -> 0x8193
mem[X,0x800025C6] -> 0x0021
[228] [M]: 0x800025C4 (0x00218193) addi gp, gp, 2
x3 <- 0x00000002


mem[X,0x800025C8] -> 0x006F
mem[X,0x800025CA] -> 0x0200
[229] [M]: 0x800025C8 (0x0200006F) jal zero, 32


mem[X,0x800025E8] -> 0xA423
mem[X,0x800025EA] -> 0x0430
[230] [M]: 0x800025E8 (0x0430A423) sw gp, 72(ra)
mem[0x8003A25C] <- 0x00000002


mem[X,0x800025EC] -> 0x6CB7
mem[X,0x800025EE] -> 0x6666
[231] [M]: 0x800025EC (0x66666CB7) lui s9, 419430
x25 <- 0x66666000


mem[X,0x800025F0] -> 0x8C93
mem[X,0x800025F2] -> 0x665C
[232] [M]: 0x800025F0 (0x665C8C93) addi s9, s9, 1637
x25 <- 0x66666665


mem[X,0x800025F4] -> 0x25B7
mem[X,0x800025F6] -> 0x0000
[233] [M]: 0x800025F4 (0x000025B7) lui a1, 2
x11 <- 0x00002000


mem[X,0x800025F8] -> 0x0193
mem[X,0x800025FA] -> 0x0000
[234] [M]: 0x800025F8 (0x00000193) addi gp, zero, 0
x3 <- 0x00000000


mem[X,0x800025FC] -> 0x006F
mem[X,0x800025FE] -> 0x00C0
[235] [M]: 0x800025FC (0x00C0006F) jal zero, 12


mem[X,0x80002608] -> 0xD663
mem[X,0x8000260A] -> 0x00BC
[236] [M]: 0x80002608 (0x00BCD663) bge s9, a1, 12


mem[X,0x80002614] -> 0x8193
mem[X,0x80002616] -> 0x0031
[237] [M]: 0x80002614 (0x00318193) addi gp, gp, 3
x3 <- 0x00000003


mem[X,0x80002618] -> 0x006F
mem[X,0x8000261A] -> 0x0040
[238] [M]: 0x80002618 (0x0040006F) jal zero, 4


mem[X,0x8000261C] -> 0xA623
mem[X,0x8000261E] -> 0x0430
[239] [M]: 0x8000261C (0x0430A623) sw gp, 76(ra)
mem[0x8003A260] <- 0x00000003


mem[X,0x80002620] -> 0x0A93
mem[X,0x80002622] -> 0x0050
[240] [M]: 0x80002620 (0x00500A93) addi s5, zero, 5
x21 <- 0x00000005


mem[X,0x80002624] -> 0x46B7
mem[X,0x80002626] -> 0x0000
[241] [M]: 0x80002624 (0x000046B7) lui a3, 4
x13 <- 0x00004000


mem[X,0x80002628] -> 0x0613
mem[X,0x8000262A] -> 0x0000
[242] [M]: 0x80002628 (0x00000613) addi a2, zero, 0
x12 <- 0x00000000


mem[X,0x8000262C] -> 0x006F
mem[X,0x8000262E] -> 0x00C0
[243] [M]: 0x8000262C (0x00C0006F) jal zero, 12


mem[X,0x80002638] -> 0xD063
mem[X,0x8000263A] -> 0x10DA
[244] [M]: 0x80002638 (0x10DAD063) bge s5, a3, 256


mem[X,0x8000263C] -> 0x0613
mem[X,0x8000263E] -> 0x0026
[245] [M]: 0x8000263C (0x00260613) addi a2, a2, 2
x12 <- 0x00000002


mem[X,0x80002640] -> 0x006F
mem[X,0x80002642] -> 0x1000
[246] [M]: 0x80002640 (0x1000006F) jal zero, 256


mem[X,0x80002740] -> 0xA823
mem[X,0x80002742] -> 0x04C0
[247] [M]: 0x80002740 (0x04C0A823) sw a2, 80(ra)
mem[0x8003A264] <- 0x00000002


mem[X,0x80002744] -> 0x8217
mem[X,0x80002746] -> 0x0003
[248] [M]: 0x80002744 (0x00038217) auipc tp, 56
x4 <- 0x8003A744


mem[X,0x80002748] -> 0x0213
mem[X,0x8000274A] -> 0xB242
[249] [M]: 0x80002748 (0xB2420213) addi tp, tp, 2852
x4 <- 0x8003A268


mem[X,0x8000274C] -> 0x0437
mem[X,0x8000274E] -> 0x0008
[250] [M]: 0x8000274C (0x00080437) lui fp, 128
x8 <- 0x00080000


mem[X,0x80002750] -> 0x8837
mem[X,0x80002752] -> 0x0000
[251] [M]: 0x80002750 (0x00008837) lui a6, 8
x16 <- 0x00008000


mem[X,0x80002754] -> 0x0613
mem[X,0x80002756] -> 0x0000
[252] [M]: 0x80002754 (0x00000613) addi a2, zero, 0
x12 <- 0x00000000


mem[X,0x80002758] -> 0x006F
mem[X,0x8000275A] -> 0x00C0
[253] [M]: 0x80002758 (0x00C0006F) jal zero, 12


mem[X,0x80002764] -> 0x5063
mem[X,0x80002766] -> 0x2104
[254] [M]: 0x80002764 (0x21045063) bge fp, a6, 512


mem[X,0x80002964] -> 0x0613
mem[X,0x80002966] -> 0x0036
[255] [M]: 0x80002964 (0x00360613) addi a2, a2, 3
x12 <- 0x00000003


mem[X,0x80002968] -> 0x006F
mem[X,0x8000296A] -> 0x0040
[256] [M]: 0x80002968 (0x0040006F) jal zero, 4


mem[X,0x8000296C] -> 0x2023
mem[X,0x8000296E] -> 0x00C2
[257] [M]: 0x8000296C (0x00C22023) sw a2, 0(tp)
mem[0x8003A268] <- 0x00000003


mem[X,0x80002970] -> 0x0913
mem[X,0x80002972] -> 0x0000
[258] [M]: 0x80002970 (0x00000913) addi s2, zero, 0
x18 <- 0x00000000


mem[X,0x80002974] -> 0x00B7
mem[X,0x80002976] -> 0x0002
[259] [M]: 0x80002974 (0x000200B7) lui ra, 32
x1 <- 0x00020000


mem[X,0x80002978] -> 0x0613
mem[X,0x8000297A] -> 0x0000
[260] [M]: 0x80002978 (0x00000613) addi a2, zero, 0
x12 <- 0x00000000


mem[X,0x8000297C] -> 0x006F
mem[X,0x8000297E] -> 0x00C0
[261] [M]: 0x8000297C (0x00C0006F) jal zero, 12


mem[X,0x80002988] -> 0x5663
mem[X,0x8000298A] -> 0x0019
[262] [M]: 0x80002988 (0x00195663) bge s2, ra, 12


mem[X,0x8000298C] -> 0x0613
mem[X,0x8000298E] -> 0x0026
[263] [M]: 0x8000298C (0x00260613) addi a2, a2, 2
x12 <- 0x00000002


mem[X,0x80002990] -> 0x006F
mem[X,0x80002992] -> 0x00C0
[264] [M]: 0x80002990 (0x00C0006F) jal zero, 12


mem[X,0x8000299C] -> 0x2223
mem[X,0x8000299E] -> 0x00C2
[265] [M]: 0x8000299C (0x00C22223) sw a2, 4(tp)
mem[0x8003A26C] <- 0x00000002


mem[X,0x800029A0] -> 0x0813
mem[X,0x800029A2] -> 0x0080
[266] [M]: 0x800029A0 (0x00800813) addi a6, zero, 8
x16 <- 0x00000008


mem[X,0x800029A4] -> 0x04B7
mem[X,0x800029A6] -> 0x0004
[267] [M]: 0x800029A4 (0x000404B7) lui s1, 64
x9 <- 0x00040000


mem[X,0x800029A8] -> 0x0613
mem[X,0x800029AA] -> 0x0000
[268] [M]: 0x800029A8 (0x00000613) addi a2, zero, 0
x12 <- 0x00000000


mem[X,0x800029AC] -> 0x006F
mem[X,0x800029AE] -> 0x0050
[269] [M]: 0x800029AC (0x0050006F) jal zero, 2052


mem[X,0x800031B0] -> 0x50E3
mem[X,0x800031B2] -> 0x8098
[270] [M]: 0x800031B0 (0x809850E3) bge a6, s1, 6144


mem[X,0x800031B4] -> 0x0613
mem[X,0x800031B6] -> 0x0026
[271] [M]: 0x800031B4 (0x00260613) addi a2, a2, 2
x12 <- 0x00000002


mem[X,0x800031B8] -> 0x006F
mem[X,0x800031BA] -> 0x00C0
[272] [M]: 0x800031B8 (0x00C0006F) jal zero, 12


mem[X,0x800031C4] -> 0x2423
mem[X,0x800031C6] -> 0x00C2
[273] [M]: 0x800031C4 (0x00C22423) sw a2, 8(tp)
mem[0x8003A270] <- 0x00000002


mem[X,0x800031C8] -> 0x02B7
mem[X,0x800031CA] -> 0xF800
[274] [M]: 0x800031C8 (0xF80002B7) lui t0, 1015808
x5 <- 0xF8000000


mem[X,0x800031CC] -> 0x8293
mem[X,0x800031CE] -> 0xFFF2
[275] [M]: 0x800031CC (0xFFF28293) addi t0, t0, 4095
x5 <- 0xF7FFFFFF


mem[X,0x800031D0] -> 0x0137
mem[X,0x800031D2] -> 0x0008
[276] [M]: 0x800031D0 (0x00080137) lui sp, 128
x2 <- 0x00080000


mem[X,0x800031D4] -> 0x0613
mem[X,0x800031D6] -> 0x0000
[277] [M]: 0x800031D4 (0x00000613) addi a2, zero, 0
x12 <- 0x00000000


mem[X,0x800031D8] -> 0x006F
mem[X,0x800031DA] -> 0x00C0
[278] [M]: 0x800031D8 (0x00C0006F) jal zero, 12


mem[X,0x800031E4] -> 0xDCE3
mem[X,0x800031E6] -> 0xFE22
[279] [M]: 0x800031E4 (0xFE22DCE3) bge t0, sp, 8184


mem[X,0x800031E8] -> 0x0613
mem[X,0x800031EA] -> 0x0026
[280] [M]: 0x800031E8 (0x00260613) addi a2, a2, 2
x12 <- 0x00000002


mem[X,0x800031EC] -> 0x006F
mem[X,0x800031EE] -> 0x00C0
[281] [M]: 0x800031EC (0x00C0006F) jal zero, 12


mem[X,0x800031F8] -> 0x2623
mem[X,0x800031FA] -> 0x00C2
[282] [M]: 0x800031F8 (0x00C22623) sw a2, 12(tp)
mem[0x8003A274] <- 0x00000002


mem[X,0x800031FC] -> 0x0D37
mem[X,0x800031FE] -> 0xFFFC
[283] [M]: 0x800031FC (0xFFFC0D37) lui s10, 1048512
x26 <- 0xFFFC0000


mem[X,0x80003200] -> 0x0D13
mem[X,0x80003202] -> 0xFFFD
[284] [M]: 0x80003200 (0xFFFD0D13) addi s10, s10, 4095
x26 <- 0xFFFBFFFF


mem[X,0x80003204] -> 0x0AB7
mem[X,0x80003206] -> 0x0010
[285] [M]: 0x80003204 (0x00100AB7) lui s5, 256
x21 <- 0x00100000


mem[X,0x80003208] -> 0x0613
mem[X,0x8000320A] -> 0x0000
[286] [M]: 0x80003208 (0x00000613) addi a2, zero, 0
x12 <- 0x00000000


mem[X,0x8000320C] -> 0x006F
mem[X,0x8000320E] -> 0x00C0
[287] [M]: 0x8000320C (0x00C0006F) jal zero, 12


mem[X,0x80003218] -> 0x5063
mem[X,0x8000321A] -> 0x035D
[288] [M]: 0x80003218 (0x035D5063) bge s10, s5, 32


mem[X,0x8000321C] -> 0x0613
mem[X,0x8000321E] -> 0x0026
[289] [M]: 0x8000321C (0x00260613) addi a2, a2, 2
x12 <- 0x00000002


mem[X,0x80003220] -> 0x006F
mem[X,0x80003222] -> 0x0200
[290] [M]: 0x80003220 (0x0200006F) jal zero, 32


mem[X,0x80003240] -> 0x2823
mem[X,0x80003242] -> 0x00C2
[291] [M]: 0x80003240 (0x00C22823) sw a2, 16(tp)
mem[0x8003A278] <- 0x00000002


mem[X,0x80003244] -> 0x0F13
mem[X,0x80003246] -> 0xFFF0
[292] [M]: 0x80003244 (0xFFF00F13) addi t5, zero, 4095
x30 <- 0xFFFFFFFF


mem[X,0x80003248] -> 0x03B7
mem[X,0x8000324A] -> 0x0020
[293] [M]: 0x80003248 (0x002003B7) lui t2, 512
x7 <- 0x00200000


mem[X,0x8000324C] -> 0x0613
mem[X,0x8000324E] -> 0x0000
[294] [M]: 0x8000324C (0x00000613) addi a2, zero, 0
x12 <- 0x00000000


mem[X,0x80003250] -> 0x006F
mem[X,0x80003252] -> 0x00C0
[295] [M]: 0x80003250 (0x00C0006F) jal zero, 12


mem[X,0x8000325C] -> 0x5063
mem[X,0x8000325E] -> 0x107F
[296] [M]: 0x8000325C (0x107F5063) bge t5, t2, 256


mem[X,0x80003260] -> 0x0613
mem[X,0x80003262] -> 0x0026
[297] [M]: 0x80003260 (0x00260613) addi a2, a2, 2
x12 <- 0x00000002


mem[X,0x80003264] -> 0x006F
mem[X,0x80003266] -> 0x1000
[298] [M]: 0x80003264 (0x1000006F) jal zero, 256


mem[X,0x80003364] -> 0x2A23
mem[X,0x80003366] -> 0x00C2
[299] [M]: 0x80003364 (0x00C22A23) sw a2, 20(tp)
mem[0x8003A27C] <- 0x00000002


clint::tick mtime <- 0x0000000000000003
 clint timer pending at mtime 0x0000000000000003
htif::tick 0x0000000000000000
mem[X,0x80003368] -> 0x0013
mem[X,0x8000336A] -> 0x0000
[300] [M]: 0x80003368 (0x00000013) addi zero, zero, 0


mem[X,0x8000336C] -> 0x0337
mem[X,0x8000336E] -> 0x0040
[301] [M]: 0x8000336C (0x00400337) lui t1, 1024
x6 <- 0x00400000


mem[X,0x80003370] -> 0x0613
mem[X,0x80003372] -> 0x0000
[302] [M]: 0x80003370 (0x00000613) addi a2, zero, 0
x12 <- 0x00000000


mem[X,0x80003374] -> 0x006F
mem[X,0x80003376] -> 0x00C0
[303] [M]: 0x80003374 (0x00C0006F) jal zero, 12


mem[X,0x80003380] -> 0x5063
mem[X,0x80003382] -> 0x0460
[304] [M]: 0x80003380 (0x04605063) bge zero, t1, 64


mem[X,0x80003384] -> 0x0613
mem[X,0x80003386] -> 0x0026
[305] [M]: 0x80003384 (0x00260613) addi a2, a2, 2
x12 <- 0x00000002


mem[X,0x80003388] -> 0x006F
mem[X,0x8000338A] -> 0x0400
[306] [M]: 0x80003388 (0x0400006F) jal zero, 64


mem[X,0x800033C8] -> 0x2C23
mem[X,0x800033CA] -> 0x00C2
[307] [M]: 0x800033C8 (0x00C22C23) sw a2, 24(tp)
mem[0x8003A280] <- 0x00000002


mem[X,0x800033CC] -> 0xE1B7
mem[X,0x800033CE] -> 0xFFFF
[308] [M]: 0x800033CC (0xFFFFE1B7) lui gp, 1048574
x3 <- 0xFFFFE000


mem[X,0x800033D0] -> 0x8193
mem[X,0x800033D2] -> 0xFFF1
[309] [M]: 0x800033D0 (0xFFF18193) addi gp, gp, 4095
x3 <- 0xFFFFDFFF


mem[X,0x800033D4] -> 0x0BB7
mem[X,0x800033D6] -> 0x0080
[310] [M]: 0x800033D4 (0x00800BB7) lui s7, 2048
x23 <- 0x00800000


mem[X,0x800033D8] -> 0x0613
mem[X,0x800033DA] -> 0x0000
[311] [M]: 0x800033D8 (0x00000613) addi a2, zero, 0
x12 <- 0x00000000


mem[X,0x800033DC] -> 0x006F
mem[X,0x800033DE] -> 0x0180
[312] [M]: 0x800033DC (0x0180006F) jal zero, 24


mem[X,0x800033F4] -> 0xD6E3
mem[X,0x800033F6] -> 0xFF71
[313] [M]: 0x800033F4 (0xFF71D6E3) bge gp, s7, 8172


mem[X,0x800033F8] -> 0x0613
mem[X,0x800033FA] -> 0x0026
[314] [M]: 0x800033F8 (0x00260613) addi a2, a2, 2
x12 <- 0x00000002


mem[X,0x800033FC] -> 0x006F
mem[X,0x800033FE] -> 0x00C0
[315] [M]: 0x800033FC (0x00C0006F) jal zero, 12


mem[X,0x80003408] -> 0x2E23
mem[X,0x8000340A] -> 0x00C2
[316] [M]: 0x80003408 (0x00C22E23) sw a2, 28(tp)
mem[0x8003A284] <- 0x00000002


mem[X,0x8000340C] -> 0xB0B7
mem[X,0x8000340E] -> 0x0000
[317] [M]: 0x8000340C (0x0000B0B7) lui ra, 11
x1 <- 0x0000B000


mem[X,0x80003410] -> 0x8093
mem[X,0x80003412] -> 0x5050
[318] [M]: 0x80003410 (0x50508093) addi ra, ra, 1285
x1 <- 0x0000B505


mem[X,0x80003414] -> 0x0CB7
mem[X,0x80003416] -> 0x0100
[319] [M]: 0x80003414 (0x01000CB7) lui s9, 4096
x25 <- 0x01000000


mem[X,0x80003418] -> 0x0613
mem[X,0x8000341A] -> 0x0000
[320] [M]: 0x80003418 (0x00000613) addi a2, zero, 0
x12 <- 0x00000000


mem[X,0x8000341C] -> 0x006F
mem[X,0x8000341E] -> 0x00C0
[321] [M]: 0x8000341C (0x00C0006F) jal zero, 12


mem[X,0x80003428] -> 0xD063
mem[X,0x8000342A] -> 0x0390
[322] [M]: 0x80003428 (0x0390D063) bge ra, s9, 32


mem[X,0x8000342C] -> 0x0613
mem[X,0x8000342E] -> 0x0026
[323] [M]: 0x8000342C (0x00260613) addi a2, a2, 2
x12 <- 0x00000002


mem[X,0x80003430] -> 0x006F
mem[X,0x80003432] -> 0x0200
[324] [M]: 0x80003430 (0x0200006F) jal zero, 32


mem[X,0x80003450] -> 0x2023
mem[X,0x80003452] -> 0x02C2
[325] [M]: 0x80003450 (0x02C22023) sw a2, 32(tp)
mem[0x8003A288] <- 0x00000002


mem[X,0x80003454] -> 0x0993
mem[X,0x80003456] -> 0xFF80
[326] [M]: 0x80003454 (0xFF800993) addi s3, zero, 4088
x19 <- 0xFFFFFFF8


mem[X,0x80003458] -> 0x0E37
mem[X,0x8000345A] -> 0x0200
[327] [M]: 0x80003458 (0x02000E37) lui t3, 8192
x28 <- 0x02000000


mem[X,0x8000345C] -> 0x0613
mem[X,0x8000345E] -> 0x0000
[328] [M]: 0x8000345C (0x00000613) addi a2, zero, 0
x12 <- 0x00000000


mem[X,0x80003460] -> 0x006F
mem[X,0x80003462] -> 0x00C0
[329] [M]: 0x80003460 (0x00C0006F) jal zero, 12


mem[X,0x8000346C] -> 0xD063
mem[X,0x8000346E] -> 0x41C9
[330] [M]: 0x8000346C (0x41C9D063) bge s3, t3, 1024


mem[X,0x80003470] -> 0x0613
mem[X,0x80003472] -> 0x0026
[331] [M]: 0x80003470 (0x00260613) addi a2, a2, 2
x12 <- 0x00000002


mem[X,0x80003474] -> 0x006F
mem[X,0x80003476] -> 0x4000
[332] [M]: 0x80003474 (0x4000006F) jal zero, 1024


mem[X,0x80003874] -> 0x2223
mem[X,0x80003876] -> 0x02C2
[333] [M]: 0x80003874 (0x02C22223) sw a2, 36(tp)
mem[0x8003A28C] <- 0x00000002


mem[X,0x80003878] -> 0x0F93
mem[X,0x8000387A] -> 0x0000
[334] [M]: 0x80003878 (0x00000F93) addi t6, zero, 0
x31 <- 0x00000000


mem[X,0x8000387C] -> 0x01B7
mem[X,0x8000387E] -> 0x0400
[335] [M]: 0x8000387C (0x040001B7) lui gp, 16384
x3 <- 0x04000000


mem[X,0x80003880] -> 0x0613
mem[X,0x80003882] -> 0x0000
[336] [M]: 0x80003880 (0x00000613) addi a2, zero, 0
x12 <- 0x00000000


mem[X,0x80003884] -> 0x006F
mem[X,0x80003886] -> 0x00C0
[337] [M]: 0x80003884 (0x00C0006F) jal zero, 12


mem[X,0x80003890] -> 0xD063
mem[X,0x80003892] -> 0x403F
[338] [M]: 0x80003890 (0x403FD063) bge t6, gp, 1024


mem[X,0x80003894] -> 0x0613
mem[X,0x80003896] -> 0x0026
[339] [M]: 0x80003894 (0x00260613) addi a2, a2, 2
x12 <- 0x00000002


mem[X,0x80003898] -> 0x006F
mem[X,0x8000389A] -> 0x4000
[340] [M]: 0x80003898 (0x4000006F) jal zero, 1024


mem[X,0x80003C98] -> 0x2423
mem[X,0x80003C9A] -> 0x02C2
[341] [M]: 0x80003C98 (0x02C22423) sw a2, 40(tp)
mem[0x8003A290] <- 0x00000002


mem[X,0x80003C9C] -> 0xB537
mem[X,0x80003C9E] -> 0xAAAA
[342] [M]: 0x80003C9C (0xAAAAB537) lui a0, 699051
x10 <- 0xAAAAB000


mem[X,0x80003CA0] -> 0x0513
mem[X,0x80003CA2] -> 0xAAA5
[343] [M]: 0x80003CA0 (0xAAA50513) addi a0, a0, 2730
x10 <- 0xAAAAAAAA


mem[X,0x80003CA4] -> 0x05B7
mem[X,0x80003CA6] -> 0x0800
[344] [M]: 0x80003CA4 (0x080005B7) lui a1, 32768
x11 <- 0x08000000


mem[X,0x80003CA8] -> 0x0613
mem[X,0x80003CAA] -> 0x0000
[345] [M]: 0x80003CA8 (0x00000613) addi a2, zero, 0
x12 <- 0x00000000


mem[X,0x80003CAC] -> 0x006F
mem[X,0x80003CAE] -> 0x00C0
[346] [M]: 0x80003CAC (0x00C0006F) jal zero, 12


mem[X,0x80003CB8] -> 0x5CE3
mem[X,0x80003CBA] -> 0xFEB5
[347] [M]: 0x80003CB8 (0xFEB55CE3) bge a0, a1, 8184


mem[X,0x80003CBC] -> 0x0613
mem[X,0x80003CBE] -> 0x0026
[348] [M]: 0x80003CBC (0x00260613) addi a2, a2, 2
x12 <- 0x00000002


mem[X,0x80003CC0] -> 0x006F
mem[X,0x80003CC2] -> 0x00C0
[349] [M]: 0x80003CC0 (0x00C0006F) jal zero, 12


mem[X,0x80003CCC] -> 0x2623
mem[X,0x80003CCE] -> 0x02C2
[350] [M]: 0x80003CCC (0x02C22623) sw a2, 44(tp)
mem[0x8003A294] <- 0x00000002


mem[X,0x80003CD0] -> 0x0537
mem[X,0x80003CD2] -> 0xFFF8
[351] [M]: 0x80003CD0 (0xFFF80537) lui a0, 1048448
x10 <- 0xFFF80000


mem[X,0x80003CD4] -> 0x0513
mem[X,0x80003CD6] -> 0xFFF5
[352] [M]: 0x80003CD4 (0xFFF50513) addi a0, a0, 4095
x10 <- 0xFFF7FFFF


mem[X,0x80003CD8] -> 0x05B7
mem[X,0x80003CDA] -> 0x1000
[353] [M]: 0x80003CD8 (0x100005B7) lui a1, 65536
x11 <- 0x10000000


mem[X,0x80003CDC] -> 0x0613
mem[X,0x80003CDE] -> 0x0000
[354] [M]: 0x80003CDC (0x00000613) addi a2, zero, 0
x12 <- 0x00000000


mem[X,0x80003CE0] -> 0x006F
mem[X,0x80003CE2] -> 0x00C0
[355] [M]: 0x80003CE0 (0x00C0006F) jal zero, 12


mem[X,0x80003CEC] -> 0x5063
mem[X,0x80003CEE] -> 0x40B5
[356] [M]: 0x80003CEC (0x40B55063) bge a0, a1, 1024


mem[X,0x80003CF0] -> 0x0613
mem[X,0x80003CF2] -> 0x0026
[357] [M]: 0x80003CF0 (0x00260613) addi a2, a2, 2
x12 <- 0x00000002


mem[X,0x80003CF4] -> 0x006F
mem[X,0x80003CF6] -> 0x4000
[358] [M]: 0x80003CF4 (0x4000006F) jal zero, 1024


mem[X,0x800040F4] -> 0x2823
mem[X,0x800040F6] -> 0x02C2
[359] [M]: 0x800040F4 (0x02C22823) sw a2, 48(tp)
mem[0x8003A298] <- 0x00000002


mem[X,0x800040F8] -> 0xF537
mem[X,0x800040FA] -> 0xFFFF
[360] [M]: 0x800040F8 (0xFFFFF537) lui a0, 1048575
x10 <- 0xFFFFF000


mem[X,0x800040FC] -> 0x0513
mem[X,0x800040FE] -> 0xFFF5
[361] [M]: 0x800040FC (0xFFF50513) addi a0, a0, 4095
x10 <- 0xFFFFEFFF


mem[X,0x80004100] -> 0x05B7
mem[X,0x80004102] -> 0x2000
[362] [M]: 0x80004100 (0x200005B7) lui a1, 131072
x11 <- 0x20000000


mem[X,0x80004104] -> 0x0613
mem[X,0x80004106] -> 0x0000
[363] [M]: 0x80004104 (0x00000613) addi a2, zero, 0
x12 <- 0x00000000


mem[X,0x80004108] -> 0x006F
mem[X,0x8000410A] -> 0x0180
[364] [M]: 0x80004108 (0x0180006F) jal zero, 24


mem[X,0x80004120] -> 0x56E3
mem[X,0x80004122] -> 0xFEB5
[365] [M]: 0x80004120 (0xFEB556E3) bge a0, a1, 8172


mem[X,0x80004124] -> 0x0613
mem[X,0x80004126] -> 0x0026
[366] [M]: 0x80004124 (0x00260613) addi a2, a2, 2
x12 <- 0x00000002


mem[X,0x80004128] -> 0x006F
mem[X,0x8000412A] -> 0x00C0
[367] [M]: 0x80004128 (0x00C0006F) jal zero, 12


mem[X,0x80004134] -> 0x2A23
mem[X,0x80004136] -> 0x02C2
[368] [M]: 0x80004134 (0x02C22A23) sw a2, 52(tp)
mem[0x8003A29C] <- 0x00000002


mem[X,0x80004138] -> 0x0513
mem[X,0x8000413A] -> 0x0000
[369] [M]: 0x80004138 (0x00000513) addi a0, zero, 0
x10 <- 0x00000000


mem[X,0x8000413C] -> 0x05B7
mem[X,0x8000413E] -> 0x4000
[370] [M]: 0x8000413C (0x400005B7) lui a1, 262144
x11 <- 0x40000000


mem[X,0x80004140] -> 0x0613
mem[X,0x80004142] -> 0x0000
[371] [M]: 0x80004140 (0x00000613) addi a2, zero, 0
x12 <- 0x00000000


mem[X,0x80004144] -> 0x006F
mem[X,0x80004146] -> 0x00C0
[372] [M]: 0x80004144 (0x00C0006F) jal zero, 12


mem[X,0x80004150] -> 0x5CE3
mem[X,0x80004152] -> 0xFEB5
[373] [M]: 0x80004150 (0xFEB55CE3) bge a0, a1, 8184


mem[X,0x80004154] -> 0x0613
mem[X,0x80004156] -> 0x0026
[374] [M]: 0x80004154 (0x00260613) addi a2, a2, 2
x12 <- 0x00000002


mem[X,0x80004158] -> 0x006F
mem[X,0x8000415A] -> 0x00C0
[375] [M]: 0x80004158 (0x00C0006F) jal zero, 12


mem[X,0x80004164] -> 0x2C23
mem[X,0x80004166] -> 0x02C2
[376] [M]: 0x80004164 (0x02C22C23) sw a2, 56(tp)
mem[0x8003A2A0] <- 0x00000002


mem[X,0x80004168] -> 0x0513
mem[X,0x8000416A] -> 0xFFA0
[377] [M]: 0x80004168 (0xFFA00513) addi a0, zero, 4090
x10 <- 0xFFFFFFFA


mem[X,0x8000416C] -> 0x05B7
mem[X,0x8000416E] -> 0x8000
[378] [M]: 0x8000416C (0x800005B7) lui a1, 524288
x11 <- 0x80000000


mem[X,0x80004170] -> 0x0613
mem[X,0x80004172] -> 0x0000
[379] [M]: 0x80004170 (0x00000613) addi a2, zero, 0
x12 <- 0x00000000


mem[X,0x80004174] -> 0x006F
mem[X,0x80004176] -> 0x00C0
[380] [M]: 0x80004174 (0x00C0006F) jal zero, 12


mem[X,0x80004180] -> 0x5063
mem[X,0x80004182] -> 0x10B5
[381] [M]: 0x80004180 (0x10B55063) bge a0, a1, 256


mem[X,0x80004280] -> 0x0613
mem[X,0x80004282] -> 0x0036
[382] [M]: 0x80004280 (0x00360613) addi a2, a2, 3
x12 <- 0x00000003


mem[X,0x80004284] -> 0x006F
mem[X,0x80004286] -> 0x0040
[383] [M]: 0x80004284 (0x0040006F) jal zero, 4


mem[X,0x80004288] -> 0x2E23
mem[X,0x8000428A] -> 0x02C2
[384] [M]: 0x80004288 (0x02C22E23) sw a2, 60(tp)
mem[0x8003A2A4] <- 0x00000003


mem[X,0x8000428C] -> 0x0537
mem[X,0x8000428E] -> 0x0004
[385] [M]: 0x8000428C (0x00040537) lui a0, 64
x10 <- 0x00040000


mem[X,0x80004290] -> 0x0593
mem[X,0x80004292] -> 0xFFE0
[386] [M]: 0x80004290 (0xFFE00593) addi a1, zero, 4094
x11 <- 0xFFFFFFFE


mem[X,0x80004294] -> 0x0613
mem[X,0x80004296] -> 0x0000
[387] [M]: 0x80004294 (0x00000613) addi a2, zero, 0
x12 <- 0x00000000


mem[X,0x80004298] -> 0x006F
mem[X,0x8000429A] -> 0x00C0
[388] [M]: 0x80004298 (0x00C0006F) jal zero, 12


mem[X,0x800042A4] -> 0x5CE3
mem[X,0x800042A6] -> 0xFEB5
[389] [M]: 0x800042A4 (0xFEB55CE3) bge a0, a1, 8184


mem[X,0x8000429C] -> 0x0613
mem[X,0x8000429E] -> 0x0016
[390] [M]: 0x8000429C (0x00160613) addi a2, a2, 1
x12 <- 0x00000001


mem[X,0x800042A0] -> 0x006F
mem[X,0x800042A2] -> 0x0180
[391] [M]: 0x800042A0 (0x0180006F) jal zero, 24


mem[X,0x800042B8] -> 0x2023
mem[X,0x800042BA] -> 0x04C2
[392] [M]: 0x800042B8 (0x04C22023) sw a2, 64(tp)
mem[0x8003A2A8] <- 0x00000001


mem[X,0x800042BC] -> 0x0537
mem[X,0x800042BE] -> 0x1000
[393] [M]: 0x800042BC (0x10000537) lui a0, 65536
x10 <- 0x10000000


mem[X,0x800042C0] -> 0x0593
mem[X,0x800042C2] -> 0xFFD0
[394] [M]: 0x800042C0 (0xFFD00593) addi a1, zero, 4093
x11 <- 0xFFFFFFFD


mem[X,0x800042C4] -> 0x0613
mem[X,0x800042C6] -> 0x0000
[395] [M]: 0x800042C4 (0x00000613) addi a2, zero, 0
x12 <- 0x00000000


mem[X,0x800042C8] -> 0x006F
mem[X,0x800042CA] -> 0x0140
[396] [M]: 0x800042C8 (0x0140006F) jal zero, 20


mem[X,0x800042DC] -> 0x58E3
mem[X,0x800042DE] -> 0xFEB5
[397] [M]: 0x800042DC (0xFEB558E3) bge a0, a1, 8176


mem[X,0x800042CC] -> 0x0613
mem[X,0x800042CE] -> 0x0016
[398] [M]: 0x800042CC (0x00160613) addi a2, a2, 1
x12 <- 0x00000001


mem[X,0x800042D0] -> 0x006F
mem[X,0x800042D2] -> 0x0200
[399] [M]: 0x800042D0 (0x0200006F) jal zero, 32


clint::tick mtime <- 0x0000000000000004
 clint timer pending at mtime 0x0000000000000004
htif::tick 0x0000000000000000
mem[X,0x800042F0] -> 0x2223
mem[X,0x800042F2] -> 0x04C2
[400] [M]: 0x800042F0 (0x04C22223) sw a2, 68(tp)
mem[0x8003A2AC] <- 0x00000001


mem[X,0x800042F4] -> 0x0513
mem[X,0x800042F6] -> 0xFFE0
[401] [M]: 0x800042F4 (0xFFE00513) addi a0, zero, 4094
x10 <- 0xFFFFFFFE


mem[X,0x800042F8] -> 0x0593
mem[X,0x800042FA] -> 0xFF70
[402] [M]: 0x800042F8 (0xFF700593) addi a1, zero, 4087
x11 <- 0xFFFFFFF7


mem[X,0x800042FC] -> 0x0613
mem[X,0x800042FE] -> 0x0000
[403] [M]: 0x800042FC (0x00000613) addi a2, zero, 0
x12 <- 0x00000000


mem[X,0x80004300] -> 0x006F
mem[X,0x80004302] -> 0x00C0
[404] [M]: 0x80004300 (0x00C0006F) jal zero, 12


mem[X,0x8000430C] -> 0x5CE3
mem[X,0x8000430E] -> 0xFEB5
[405] [M]: 0x8000430C (0xFEB55CE3) bge a0, a1, 8184


mem[X,0x80004304] -> 0x0613
mem[X,0x80004306] -> 0x0016
[406] [M]: 0x80004304 (0x00160613) addi a2, a2, 1
x12 <- 0x00000001


mem[X,0x80004308] -> 0x006F
mem[X,0x8000430A] -> 0x0180
[407] [M]: 0x80004308 (0x0180006F) jal zero, 24


mem[X,0x80004320] -> 0x2423
mem[X,0x80004322] -> 0x04C2
[408] [M]: 0x80004320 (0x04C22423) sw a2, 72(tp)
mem[0x8003A2B0] <- 0x00000001


mem[X,0x80004324] -> 0x0537
mem[X,0x80004326] -> 0x8000
[409] [M]: 0x80004324 (0x80000537) lui a0, 524288
x10 <- 0x80000000


mem[X,0x80004328] -> 0x0593
mem[X,0x8000432A] -> 0xFEF0
[410] [M]: 0x80004328 (0xFEF00593) addi a1, zero, 4079
x11 <- 0xFFFFFFEF


mem[X,0x8000432C] -> 0x0613
mem[X,0x8000432E] -> 0x0000
[411] [M]: 0x8000432C (0x00000613) addi a2, zero, 0
x12 <- 0x00000000


mem[X,0x80004330] -> 0x006F
mem[X,0x80004332] -> 0x00C0
[412] [M]: 0x80004330 (0x00C0006F) jal zero, 12


mem[X,0x8000433C] -> 0x5063
mem[X,0x8000433E] -> 0x04B5
[413] [M]: 0x8000433C (0x04B55063) bge a0, a1, 64


mem[X,0x80004340] -> 0x0613
mem[X,0x80004342] -> 0x0026
[414] [M]: 0x80004340 (0x00260613) addi a2, a2, 2
x12 <- 0x00000002


mem[X,0x80004344] -> 0x006F
mem[X,0x80004346] -> 0x0400
[415] [M]: 0x80004344 (0x0400006F) jal zero, 64


mem[X,0x80004384] -> 0x2623
mem[X,0x80004386] -> 0x04C2
[416] [M]: 0x80004384 (0x04C22623) sw a2, 76(tp)
mem[0x8003A2B4] <- 0x00000002


mem[X,0x80004388] -> 0x5537
mem[X,0x8000438A] -> 0xFFFF
[417] [M]: 0x80004388 (0xFFFF5537) lui a0, 1048565
x10 <- 0xFFFF5000


mem[X,0x8000438C] -> 0x0513
mem[X,0x8000438E] -> 0xAFC5
[418] [M]: 0x8000438C (0xAFC50513) addi a0, a0, 2812
x10 <- 0xFFFF4AFC


mem[X,0x80004390] -> 0x0593
mem[X,0x80004392] -> 0xFDF0
[419] [M]: 0x80004390 (0xFDF00593) addi a1, zero, 4063
x11 <- 0xFFFFFFDF


mem[X,0x80004394] -> 0x0613
mem[X,0x80004396] -> 0x0000
[420] [M]: 0x80004394 (0x00000613) addi a2, zero, 0
x12 <- 0x00000000


mem[X,0x80004398] -> 0x006F
mem[X,0x8000439A] -> 0x00C0
[421] [M]: 0x80004398 (0x00C0006F) jal zero, 12


mem[X,0x800043A4] -> 0x5663
mem[X,0x800043A6] -> 0x00B5
[422] [M]: 0x800043A4 (0x00B55663) bge a0, a1, 12


mem[X,0x800043A8] -> 0x0613
mem[X,0x800043AA] -> 0x0026
[423] [M]: 0x800043A8 (0x00260613) addi a2, a2, 2
x12 <- 0x00000002


mem[X,0x800043AC] -> 0x006F
mem[X,0x800043AE] -> 0x00C0
[424] [M]: 0x800043AC (0x00C0006F) jal zero, 12


mem[X,0x800043B8] -> 0x2823
mem[X,0x800043BA] -> 0x04C2
[425] [M]: 0x800043B8 (0x04C22823) sw a2, 80(tp)
mem[0x8003A2B8] <- 0x00000002


mem[X,0x800043BC] -> 0x0513
mem[X,0x800043BE] -> 0xFF60
[426] [M]: 0x800043BC (0xFF600513) addi a0, zero, 4086
x10 <- 0xFFFFFFF6


mem[X,0x800043C0] -> 0x0593
mem[X,0x800043C2] -> 0xFBF0
[427] [M]: 0x800043C0 (0xFBF00593) addi a1, zero, 4031
x11 <- 0xFFFFFFBF


mem[X,0x800043C4] -> 0x0613
mem[X,0x800043C6] -> 0x0000
[428] [M]: 0x800043C4 (0x00000613) addi a2, zero, 0
x12 <- 0x00000000


mem[X,0x800043C8] -> 0x006F
mem[X,0x800043CA] -> 0x00C0
[429] [M]: 0x800043C8 (0x00C0006F) jal zero, 12


mem[X,0x800043D4] -> 0x5663
mem[X,0x800043D6] -> 0x00B5
[430] [M]: 0x800043D4 (0x00B55663) bge a0, a1, 12


mem[X,0x800043E0] -> 0x0613
mem[X,0x800043E2] -> 0x0036
[431] [M]: 0x800043E0 (0x00360613) addi a2, a2, 3
x12 <- 0x00000003


mem[X,0x800043E4] -> 0x006F
mem[X,0x800043E6] -> 0x0040
[432] [M]: 0x800043E4 (0x0040006F) jal zero, 4


mem[X,0x800043E8] -> 0x2A23
mem[X,0x800043EA] -> 0x04C2
[433] [M]: 0x800043E8 (0x04C22A23) sw a2, 84(tp)
mem[0x8003A2BC] <- 0x00000003


mem[X,0x800043EC] -> 0x0537
mem[X,0x800043EE] -> 0xF800
[434] [M]: 0x800043EC (0xF8000537) lui a0, 1015808
x10 <- 0xF8000000


mem[X,0x800043F0] -> 0x0513
mem[X,0x800043F2] -> 0xFFF5
[435] [M]: 0x800043F0 (0xFFF50513) addi a0, a0, 4095
x10 <- 0xF7FFFFFF


mem[X,0x800043F4] -> 0x0593
mem[X,0x800043F6] -> 0xF7F0
[436] [M]: 0x800043F4 (0xF7F00593) addi a1, zero, 3967
x11 <- 0xFFFFFF7F


mem[X,0x800043F8] -> 0x0613
mem[X,0x800043FA] -> 0x0000
[437] [M]: 0x800043F8 (0x00000613) addi a2, zero, 0
x12 <- 0x00000000


mem[X,0x800043FC] -> 0x006F
mem[X,0x800043FE] -> 0x0050
[438] [M]: 0x800043FC (0x0050006F) jal zero, 2052


mem[X,0x80004C00] -> 0x50E3
mem[X,0x80004C02] -> 0x80B5
[439] [M]: 0x80004C00 (0x80B550E3) bge a0, a1, 6144


mem[X,0x80004C04] -> 0x0613
mem[X,0x80004C06] -> 0x0026
[440] [M]: 0x80004C04 (0x00260613) addi a2, a2, 2
x12 <- 0x00000002


mem[X,0x80004C08] -> 0x006F
mem[X,0x80004C0A] -> 0x00C0
[441] [M]: 0x80004C08 (0x00C0006F) jal zero, 12


mem[X,0x80004C14] -> 0x2C23
mem[X,0x80004C16] -> 0x04C2
[442] [M]: 0x80004C14 (0x04C22C23) sw a2, 88(tp)
mem[0x8003A2C0] <- 0x00000002


mem[X,0x80004C18] -> 0x0537
mem[X,0x80004C1A] -> 0x4000
[443] [M]: 0x80004C18 (0x40000537) lui a0, 262144
x10 <- 0x40000000


mem[X,0x80004C1C] -> 0x0513
mem[X,0x80004C1E] -> 0xFFF5
[444] [M]: 0x80004C1C (0xFFF50513) addi a0, a0, 4095
x10 <- 0x3FFFFFFF


mem[X,0x80004C20] -> 0x0593
mem[X,0x80004C22] -> 0xEFF0
[445] [M]: 0x80004C20 (0xEFF00593) addi a1, zero, 3839
x11 <- 0xFFFFFEFF


mem[X,0x80004C24] -> 0x0613
mem[X,0x80004C26] -> 0x0000
[446] [M]: 0x80004C24 (0x00000613) addi a2, zero, 0
x12 <- 0x00000000


mem[X,0x80004C28] -> 0x006F
mem[X,0x80004C2A] -> 0x0140
[447] [M]: 0x80004C28 (0x0140006F) jal zero, 20


mem[X,0x80004C3C] -> 0x58E3
mem[X,0x80004C3E] -> 0xFEB5
[448] [M]: 0x80004C3C (0xFEB558E3) bge a0, a1, 8176


mem[X,0x80004C2C] -> 0x0613
mem[X,0x80004C2E] -> 0x0016
[449] [M]: 0x80004C2C (0x00160613) addi a2, a2, 1
x12 <- 0x00000001


mem[X,0x80004C30] -> 0x006F
mem[X,0x80004C32] -> 0x0200
[450] [M]: 0x80004C30 (0x0200006F) jal zero, 32


mem[X,0x80004C50] -> 0x2E23
mem[X,0x80004C52] -> 0x04C2
[451] [M]: 0x80004C50 (0x04C22E23) sw a2, 92(tp)
mem[0x8003A2C4] <- 0x00000001


mem[X,0x80004C54] -> 0x0513
mem[X,0x80004C56] -> 0xFFC0
[452] [M]: 0x80004C54 (0xFFC00513) addi a0, zero, 4092
x10 <- 0xFFFFFFFC


mem[X,0x80004C58] -> 0x0593
mem[X,0x80004C5A] -> 0xDFF0
[453] [M]: 0x80004C58 (0xDFF00593) addi a1, zero, 3583
x11 <- 0xFFFFFDFF


mem[X,0x80004C5C] -> 0x0613
mem[X,0x80004C5E] -> 0x0000
[454] [M]: 0x80004C5C (0x00000613) addi a2, zero, 0
x12 <- 0x00000000


mem[X,0x80004C60] -> 0x006F
mem[X,0x80004C62] -> 0x00C0
[455] [M]: 0x80004C60 (0x00C0006F) jal zero, 12


mem[X,0x80004C6C] -> 0x5063
mem[X,0x80004C6E] -> 0x02B5
[456] [M]: 0x80004C6C (0x02B55063) bge a0, a1, 32


mem[X,0x80004C8C] -> 0x0613
mem[X,0x80004C8E] -> 0x0036
[457] [M]: 0x80004C8C (0x00360613) addi a2, a2, 3
x12 <- 0x00000003


mem[X,0x80004C90] -> 0x006F
mem[X,0x80004C92] -> 0x0040
[458] [M]: 0x80004C90 (0x0040006F) jal zero, 4


mem[X,0x80004C94] -> 0x2023
mem[X,0x80004C96] -> 0x06C2
[459] [M]: 0x80004C94 (0x06C22023) sw a2, 96(tp)
mem[0x8003A2C8] <- 0x00000003


mem[X,0x80004C98] -> 0x0537
mem[X,0x80004C9A] -> 0x0004
[460] [M]: 0x80004C98 (0x00040537) lui a0, 64
x10 <- 0x00040000


mem[X,0x80004C9C] -> 0x0593
mem[X,0x80004C9E] -> 0xBFF0
[461] [M]: 0x80004C9C (0xBFF00593) addi a1, zero, 3071
x11 <- 0xFFFFFBFF


mem[X,0x80004CA0] -> 0x0613
mem[X,0x80004CA2] -> 0x0000
[462] [M]: 0x80004CA0 (0x00000613) addi a2, zero, 0
x12 <- 0x00000000


mem[X,0x80004CA4] -> 0x006F
mem[X,0x80004CA6] -> 0x00C0
[463] [M]: 0x80004CA4 (0x00C0006F) jal zero, 12


mem[X,0x80004CB0] -> 0x5663
mem[X,0x80004CB2] -> 0x00B5
[464] [M]: 0x80004CB0 (0x00B55663) bge a0, a1, 12


mem[X,0x80004CBC] -> 0x0613
mem[X,0x80004CBE] -> 0x0036
[465] [M]: 0x80004CBC (0x00360613) addi a2, a2, 3
x12 <- 0x00000003


mem[X,0x80004CC0] -> 0x006F
mem[X,0x80004CC2] -> 0x0040
[466] [M]: 0x80004CC0 (0x0040006F) jal zero, 4


mem[X,0x80004CC4] -> 0x2223
mem[X,0x80004CC6] -> 0x06C2
[467] [M]: 0x80004CC4 (0x06C22223) sw a2, 100(tp)
mem[0x8003A2CC] <- 0x00000003


mem[X,0x80004CC8] -> 0x0513
mem[X,0x80004CCA] -> 0xFFE0
[468] [M]: 0x80004CC8 (0xFFE00513) addi a0, zero, 4094
x10 <- 0xFFFFFFFE


mem[X,0x80004CCC] -> 0xF5B7
mem[X,0x80004CCE] -> 0xFFFF
[469] [M]: 0x80004CCC (0xFFFFF5B7) lui a1, 1048575
x11 <- 0xFFFFF000


mem[X,0x80004CD0] -> 0x8593
mem[X,0x80004CD2] -> 0x7FF5
[470] [M]: 0x80004CD0 (0x7FF58593) addi a1, a1, 2047
x11 <- 0xFFFFF7FF


mem[X,0x80004CD4] -> 0x0613
mem[X,0x80004CD6] -> 0x0000
[471] [M]: 0x80004CD4 (0x00000613) addi a2, zero, 0
x12 <- 0x00000000


mem[X,0x80004CD8] -> 0x006F
mem[X,0x80004CDA] -> 0x2B10
[472] [M]: 0x80004CD8 (0x2B10006F) jal zero, 2736


mem[X,0x80005788] -> 0x5A63
mem[X,0x8000578A] -> 0xD4B5
[473] [M]: 0x80005788 (0xD4B55A63) bge a0, a1, 5460


mem[X,0x80004CDC] -> 0x0613
mem[X,0x80004CDE] -> 0x0016
[474] [M]: 0x80004CDC (0x00160613) addi a2, a2, 1
x12 <- 0x00000001


mem[X,0x80004CE0] -> 0x006F
mem[X,0x80004CE2] -> 0x2BD0
[475] [M]: 0x80004CE0 (0x2BD0006F) jal zero, 2748


mem[X,0x8000579C] -> 0x2423
mem[X,0x8000579E] -> 0x06C2
[476] [M]: 0x8000579C (0x06C22423) sw a2, 104(tp)
mem[0x8003A2D0] <- 0x00000001


mem[X,0x800057A0] -> 0x0513
mem[X,0x800057A2] -> 0xFFC0
[477] [M]: 0x800057A0 (0xFFC00513) addi a0, zero, 4092
x10 <- 0xFFFFFFFC


mem[X,0x800057A4] -> 0xF5B7
mem[X,0x800057A6] -> 0xFFFF
[478] [M]: 0x800057A4 (0xFFFFF5B7) lui a1, 1048575
x11 <- 0xFFFFF000


mem[X,0x800057A8] -> 0x8593
mem[X,0x800057AA] -> 0xFFF5
[479] [M]: 0x800057A8 (0xFFF58593) addi a1, a1, 4095
x11 <- 0xFFFFEFFF


mem[X,0x800057AC] -> 0x0613
mem[X,0x800057AE] -> 0x0000
[480] [M]: 0x800057AC (0x00000613) addi a2, zero, 0
x12 <- 0x00000000


mem[X,0x800057B0] -> 0x006F
mem[X,0x800057B2] -> 0x00C0
[481] [M]: 0x800057B0 (0x00C0006F) jal zero, 12


mem[X,0x800057BC] -> 0x5663
mem[X,0x800057BE] -> 0x00B5
[482] [M]: 0x800057BC (0x00B55663) bge a0, a1, 12


mem[X,0x800057C8] -> 0x0613
mem[X,0x800057CA] -> 0x0036
[483] [M]: 0x800057C8 (0x00360613) addi a2, a2, 3
x12 <- 0x00000003


mem[X,0x800057CC] -> 0x006F
mem[X,0x800057CE] -> 0x0040
[484] [M]: 0x800057CC (0x0040006F) jal zero, 4


mem[X,0x800057D0] -> 0x2623
mem[X,0x800057D2] -> 0x06C2
[485] [M]: 0x800057D0 (0x06C22623) sw a2, 108(tp)
mem[0x8003A2D4] <- 0x00000003


mem[X,0x800057D4] -> 0x0537
mem[X,0x800057D6] -> 0xFC00
[486] [M]: 0x800057D4 (0xFC000537) lui a0, 1032192
x10 <- 0xFC000000


mem[X,0x800057D8] -> 0x0513
mem[X,0x800057DA] -> 0xFFF5
[487] [M]: 0x800057D8 (0xFFF50513) addi a0, a0, 4095
x10 <- 0xFBFFFFFF


mem[X,0x800057DC] -> 0xE5B7
mem[X,0x800057DE] -> 0xFFFF
[488] [M]: 0x800057DC (0xFFFFE5B7) lui a1, 1048574
x11 <- 0xFFFFE000


mem[X,0x800057E0] -> 0x8593
mem[X,0x800057E2] -> 0xFFF5
[489] [M]: 0x800057E0 (0xFFF58593) addi a1, a1, 4095
x11 <- 0xFFFFDFFF


mem[X,0x800057E4] -> 0x0613
mem[X,0x800057E6] -> 0x0000
[490] [M]: 0x800057E4 (0x00000613) addi a2, zero, 0
x12 <- 0x00000000


mem[X,0x800057E8] -> 0x006F
mem[X,0x800057EA] -> 0x00C0
[491] [M]: 0x800057E8 (0x00C0006F) jal zero, 12


mem[X,0x800057F4] -> 0x5663
mem[X,0x800057F6] -> 0x00B5
[492] [M]: 0x800057F4 (0x00B55663) bge a0, a1, 12


mem[X,0x800057F8] -> 0x0613
mem[X,0x800057FA] -> 0x0026
[493] [M]: 0x800057F8 (0x00260613) addi a2, a2, 2
x12 <- 0x00000002


mem[X,0x800057FC] -> 0x006F
mem[X,0x800057FE] -> 0x00C0
[494] [M]: 0x800057FC (0x00C0006F) jal zero, 12


mem[X,0x80005808] -> 0x2823
mem[X,0x8000580A] -> 0x06C2
[495] [M]: 0x80005808 (0x06C22823) sw a2, 112(tp)
mem[0x8003A2D8] <- 0x00000002


mem[X,0x8000580C] -> 0x0513
mem[X,0x8000580E] -> 0x0400
[496] [M]: 0x8000580C (0x04000513) addi a0, zero, 64
x10 <- 0x00000040


mem[X,0x80005810] -> 0xC5B7
mem[X,0x80005812] -> 0xFFFF
[497] [M]: 0x80005810 (0xFFFFC5B7) lui a1, 1048572
x11 <- 0xFFFFC000


mem[X,0x80005814] -> 0x8593
mem[X,0x80005816] -> 0xFFF5
[498] [M]: 0x80005814 (0xFFF58593) addi a1, a1, 4095
x11 <- 0xFFFFBFFF


mem[X,0x80005818] -> 0x0613
mem[X,0x8000581A] -> 0x0000
[499] [M]: 0x80005818 (0x00000613) addi a2, zero, 0
x12 <- 0x00000000


clint::tick mtime <- 0x0000000000000005
 clint timer pending at mtime 0x0000000000000005
htif::tick 0x0000000000000000
mem[X,0x8000581C] -> 0x006F
mem[X,0x8000581E] -> 0x0100
[500] [M]: 0x8000581C (0x0100006F) jal zero, 16


mem[X,0x8000582C] -> 0x5AE3
mem[X,0x8000582E] -> 0xFEB5
[501] [M]: 0x8000582C (0xFEB55AE3) bge a0, a1, 8180


mem[X,0x80005820] -> 0x0613
mem[X,0x80005822] -> 0x0016
[502] [M]: 0x80005820 (0x00160613) addi a2, a2, 1
x12 <- 0x00000001


mem[X,0x80005824] -> 0x006F
mem[X,0x80005826] -> 0x01C0
[503] [M]: 0x80005824 (0x01C0006F) jal zero, 28


mem[X,0x80005840] -> 0x2A23
mem[X,0x80005842] -> 0x06C2
[504] [M]: 0x80005840 (0x06C22A23) sw a2, 116(tp)
mem[0x8003A2DC] <- 0x00000001


mem[X,0x80005844] -> 0x5537
mem[X,0x80005846] -> 0xFFFF
[505] [M]: 0x80005844 (0xFFFF5537) lui a0, 1048565
x10 <- 0xFFFF5000


mem[X,0x80005848] -> 0x0513
mem[X,0x8000584A] -> 0xAFD5
[506] [M]: 0x80005848 (0xAFD50513) addi a0, a0, 2813
x10 <- 0xFFFF4AFD


mem[X,0x8000584C] -> 0x85B7
mem[X,0x8000584E] -> 0xFFFF
[507] [M]: 0x8000584C (0xFFFF85B7) lui a1, 1048568
x11 <- 0xFFFF8000


mem[X,0x80005850] -> 0x8593
mem[X,0x80005852] -> 0xFFF5
[508] [M]: 0x80005850 (0xFFF58593) addi a1, a1, 4095
x11 <- 0xFFFF7FFF


mem[X,0x80005854] -> 0x0613
mem[X,0x80005856] -> 0x0000
[509] [M]: 0x80005854 (0x00000613) addi a2, zero, 0
x12 <- 0x00000000


mem[X,0x80005858] -> 0x006F
mem[X,0x8000585A] -> 0x00C0
[510] [M]: 0x80005858 (0x00C0006F) jal zero, 12


mem[X,0x80005864] -> 0x5663
mem[X,0x80005866] -> 0x00B5
[511] [M]: 0x80005864 (0x00B55663) bge a0, a1, 12


mem[X,0x80005868] -> 0x0613
mem[X,0x8000586A] -> 0x0026
[512] [M]: 0x80005868 (0x00260613) addi a2, a2, 2
x12 <- 0x00000002


mem[X,0x8000586C] -> 0x006F
mem[X,0x8000586E] -> 0x00C0
[513] [M]: 0x8000586C (0x00C0006F) jal zero, 12


mem[X,0x80005878] -> 0x2C23
mem[X,0x8000587A] -> 0x06C2
[514] [M]: 0x80005878 (0x06C22C23) sw a2, 120(tp)
mem[0x8003A2E0] <- 0x00000002


mem[X,0x8000587C] -> 0x4537
mem[X,0x8000587E] -> 0x0000
[515] [M]: 0x8000587C (0x00004537) lui a0, 4
x10 <- 0x00004000


mem[X,0x80005880] -> 0x05B7
mem[X,0x80005882] -> 0xFFFF
[516] [M]: 0x80005880 (0xFFFF05B7) lui a1, 1048560
x11 <- 0xFFFF0000


mem[X,0x80005884] -> 0x8593
mem[X,0x80005886] -> 0xFFF5
[517] [M]: 0x80005884 (0xFFF58593) addi a1, a1, 4095
x11 <- 0xFFFEFFFF


mem[X,0x80005888] -> 0x0613
mem[X,0x8000588A] -> 0x0000
[518] [M]: 0x80005888 (0x00000613) addi a2, zero, 0
x12 <- 0x00000000


mem[X,0x8000588C] -> 0x006F
mem[X,0x8000588E] -> 0x00C0
[519] [M]: 0x8000588C (0x00C0006F) jal zero, 12


mem[X,0x80005898] -> 0x5063
mem[X,0x8000589A] -> 0x08B5
[520] [M]: 0x80005898 (0x08B55063) bge a0, a1, 128


mem[X,0x80005918] -> 0x0613
mem[X,0x8000591A] -> 0x0036
[521] [M]: 0x80005918 (0x00360613) addi a2, a2, 3
x12 <- 0x00000003


mem[X,0x8000591C] -> 0x006F
mem[X,0x8000591E] -> 0x0040
[522] [M]: 0x8000591C (0x0040006F) jal zero, 4


mem[X,0x80005920] -> 0x2E23
mem[X,0x80005922] -> 0x06C2
[523] [M]: 0x80005920 (0x06C22E23) sw a2, 124(tp)
mem[0x8003A2E4] <- 0x00000003


mem[X,0x80005924] -> 0x0537
mem[X,0x80005926] -> 0x8000
[524] [M]: 0x80005924 (0x80000537) lui a0, 524288
x10 <- 0x80000000


mem[X,0x80005928] -> 0x05B7
mem[X,0x8000592A] -> 0xFFFE
[525] [M]: 0x80005928 (0xFFFE05B7) lui a1, 1048544
x11 <- 0xFFFE0000


mem[X,0x8000592C] -> 0x8593
mem[X,0x8000592E] -> 0xFFF5
[526] [M]: 0x8000592C (0xFFF58593) addi a1, a1, 4095
x11 <- 0xFFFDFFFF


mem[X,0x80005930] -> 0x0613
mem[X,0x80005932] -> 0x0000
[527] [M]: 0x80005930 (0x00000613) addi a2, zero, 0
x12 <- 0x00000000


mem[X,0x80005934] -> 0x006F
mem[X,0x80005936] -> 0x00C0
[528] [M]: 0x80005934 (0x00C0006F) jal zero, 12


mem[X,0x80005940] -> 0x5063
mem[X,0x80005942] -> 0x40B5
[529] [M]: 0x80005940 (0x40B55063) bge a0, a1, 1024


mem[X,0x80005944] -> 0x0613
mem[X,0x80005946] -> 0x0026
[530] [M]: 0x80005944 (0x00260613) addi a2, a2, 2
x12 <- 0x00000002


mem[X,0x80005948] -> 0x006F
mem[X,0x8000594A] -> 0x4000
[531] [M]: 0x80005948 (0x4000006F) jal zero, 1024


mem[X,0x80005D48] -> 0x2023
mem[X,0x80005D4A] -> 0x08C2
[532] [M]: 0x80005D48 (0x08C22023) sw a2, 128(tp)
mem[0x8003A2E8] <- 0x00000002


mem[X,0x80005D4C] -> 0x5537
mem[X,0x80005D4E] -> 0x5555
[533] [M]: 0x80005D4C (0x55555537) lui a0, 349525
x10 <- 0x55555000


mem[X,0x80005D50] -> 0x0513
mem[X,0x80005D52] -> 0x5565
[534] [M]: 0x80005D50 (0x55650513) addi a0, a0, 1366
x10 <- 0x55555556


mem[X,0x80005D54] -> 0x05B7
mem[X,0x80005D56] -> 0xFFFC
[535] [M]: 0x80005D54 (0xFFFC05B7) lui a1, 1048512
x11 <- 0xFFFC0000


mem[X,0x80005D58] -> 0x8593
mem[X,0x80005D5A] -> 0xFFF5
[536] [M]: 0x80005D58 (0xFFF58593) addi a1, a1, 4095
x11 <- 0xFFFBFFFF


mem[X,0x80005D5C] -> 0x0613
mem[X,0x80005D5E] -> 0x0000
[537] [M]: 0x80005D5C (0x00000613) addi a2, zero, 0
x12 <- 0x00000000


mem[X,0x80005D60] -> 0x006F
mem[X,0x80005D62] -> 0x0050
[538] [M]: 0x80005D60 (0x0050006F) jal zero, 2052


mem[X,0x80006564] -> 0x50E3
mem[X,0x80006566] -> 0x80B5
[539] [M]: 0x80006564 (0x80B550E3) bge a0, a1, 6144


mem[X,0x80005D64] -> 0x0613
mem[X,0x80005D66] -> 0x0016
[540] [M]: 0x80005D64 (0x00160613) addi a2, a2, 1
x12 <- 0x00000001


mem[X,0x80005D68] -> 0x006F
mem[X,0x80005D6A] -> 0x0110
[541] [M]: 0x80005D68 (0x0110006F) jal zero, 2064


mem[X,0x80006578] -> 0x2223
mem[X,0x8000657A] -> 0x08C2
[542] [M]: 0x80006578 (0x08C22223) sw a2, 132(tp)
mem[0x8003A2EC] <- 0x00000001


mem[X,0x8000657C] -> 0x0537
mem[X,0x8000657E] -> 0x0800
[543] [M]: 0x8000657C (0x08000537) lui a0, 32768
x10 <- 0x08000000


mem[X,0x80006580] -> 0x05B7
mem[X,0x80006582] -> 0xFFF8
[544] [M]: 0x80006580 (0xFFF805B7) lui a1, 1048448
x11 <- 0xFFF80000


mem[X,0x80006584] -> 0x8593
mem[X,0x80006586] -> 0xFFF5
[545] [M]: 0x80006584 (0xFFF58593) addi a1, a1, 4095
x11 <- 0xFFF7FFFF


mem[X,0x80006588] -> 0x0613
mem[X,0x8000658A] -> 0x0000
[546] [M]: 0x80006588 (0x00000613) addi a2, zero, 0
x12 <- 0x00000000


mem[X,0x8000658C] -> 0x006F
mem[X,0x8000658E] -> 0x00C0
[547] [M]: 0x8000658C (0x00C0006F) jal zero, 12


mem[X,0x80006598] -> 0x5863
mem[X,0x8000659A] -> 0x00B5
[548] [M]: 0x80006598 (0x00B55863) bge a0, a1, 16


mem[X,0x800065A8] -> 0x0613
mem[X,0x800065AA] -> 0x0036
[549] [M]: 0x800065A8 (0x00360613) addi a2, a2, 3
x12 <- 0x00000003


mem[X,0x800065AC] -> 0x006F
mem[X,0x800065AE] -> 0x0040
[550] [M]: 0x800065AC (0x0040006F) jal zero, 4


mem[X,0x800065B0] -> 0x2423
mem[X,0x800065B2] -> 0x08C2
[551] [M]: 0x800065B0 (0x08C22423) sw a2, 136(tp)
mem[0x8003A2F0] <- 0x00000003


mem[X,0x800065B4] -> 0x0513
mem[X,0x800065B6] -> 0x0000
[552] [M]: 0x800065B4 (0x00000513) addi a0, zero, 0
x10 <- 0x00000000


mem[X,0x800065B8] -> 0x05B7
mem[X,0x800065BA] -> 0xFFF0
[553] [M]: 0x800065B8 (0xFFF005B7) lui a1, 1048320
x11 <- 0xFFF00000


mem[X,0x800065BC] -> 0x8593
mem[X,0x800065BE] -> 0xFFF5
[554] [M]: 0x800065BC (0xFFF58593) addi a1, a1, 4095
x11 <- 0xFFEFFFFF


mem[X,0x800065C0] -> 0x0613
mem[X,0x800065C2] -> 0x0000
[555] [M]: 0x800065C0 (0x00000613) addi a2, zero, 0
x12 <- 0x00000000


mem[X,0x800065C4] -> 0x006F
mem[X,0x800065C6] -> 0x00C0
[556] [M]: 0x800065C4 (0x00C0006F) jal zero, 12


mem[X,0x800065D0] -> 0x5663
mem[X,0x800065D2] -> 0x00B5
[557] [M]: 0x800065D0 (0x00B55663) bge a0, a1, 12


mem[X,0x800065DC] -> 0x0613
mem[X,0x800065DE] -> 0x0036
[558] [M]: 0x800065DC (0x00360613) addi a2, a2, 3
x12 <- 0x00000003


mem[X,0x800065E0] -> 0x006F
mem[X,0x800065E2] -> 0x0040
[559] [M]: 0x800065E0 (0x0040006F) jal zero, 4


mem[X,0x800065E4] -> 0x2623
mem[X,0x800065E6] -> 0x08C2
[560] [M]: 0x800065E4 (0x08C22623) sw a2, 140(tp)
mem[0x8003A2F4] <- 0x00000003


mem[X,0x800065E8] -> 0x0513
mem[X,0x800065EA] -> 0xFF90
[561] [M]: 0x800065E8 (0xFF900513) addi a0, zero, 4089
x10 <- 0xFFFFFFF9


mem[X,0x800065EC] -> 0x05B7
mem[X,0x800065EE] -> 0xFFE0
[562] [M]: 0x800065EC (0xFFE005B7) lui a1, 1048064
x11 <- 0xFFE00000


mem[X,0x800065F0] -> 0x8593
mem[X,0x800065F2] -> 0xFFF5
[563] [M]: 0x800065F0 (0xFFF58593) addi a1, a1, 4095
x11 <- 0xFFDFFFFF


mem[X,0x800065F4] -> 0x0613
mem[X,0x800065F6] -> 0x0000
[564] [M]: 0x800065F4 (0x00000613) addi a2, zero, 0
x12 <- 0x00000000


mem[X,0x800065F8] -> 0x006F
mem[X,0x800065FA] -> 0x0180
[565] [M]: 0x800065F8 (0x0180006F) jal zero, 24


mem[X,0x80006610] -> 0x56E3
mem[X,0x80006612] -> 0xFEB5
[566] [M]: 0x80006610 (0xFEB556E3) bge a0, a1, 8172


mem[X,0x800065FC] -> 0x0613
mem[X,0x800065FE] -> 0x0016
[567] [M]: 0x800065FC (0x00160613) addi a2, a2, 1
x12 <- 0x00000001


mem[X,0x80006600] -> 0x006F
mem[X,0x80006602] -> 0x0240
[568] [M]: 0x80006600 (0x0240006F) jal zero, 36


mem[X,0x80006624] -> 0x2823
mem[X,0x80006626] -> 0x08C2
[569] [M]: 0x80006624 (0x08C22823) sw a2, 144(tp)
mem[0x8003A2F8] <- 0x00000001


mem[X,0x80006628] -> 0x0513
mem[X,0x8000662A] -> 0xFF90
[570] [M]: 0x80006628 (0xFF900513) addi a0, zero, 4089
x10 <- 0xFFFFFFF9


mem[X,0x8000662C] -> 0x05B7
mem[X,0x8000662E] -> 0xFFC0
[571] [M]: 0x8000662C (0xFFC005B7) lui a1, 1047552
x11 <- 0xFFC00000


mem[X,0x80006630] -> 0x8593
mem[X,0x80006632] -> 0xFFF5
[572] [M]: 0x80006630 (0xFFF58593) addi a1, a1, 4095
x11 <- 0xFFBFFFFF


mem[X,0x80006634] -> 0x0613
mem[X,0x80006636] -> 0x0000
[573] [M]: 0x80006634 (0x00000613) addi a2, zero, 0
x12 <- 0x00000000


mem[X,0x80006638] -> 0x006F
mem[X,0x8000663A] -> 0x00C0
[574] [M]: 0x80006638 (0x00C0006F) jal zero, 12


mem[X,0x80006644] -> 0x5663
mem[X,0x80006646] -> 0x00B5
[575] [M]: 0x80006644 (0x00B55663) bge a0, a1, 12


mem[X,0x80006650] -> 0x0613
mem[X,0x80006652] -> 0x0036
[576] [M]: 0x80006650 (0x00360613) addi a2, a2, 3
x12 <- 0x00000003


mem[X,0x80006654] -> 0x006F
mem[X,0x80006656] -> 0x0040
[577] [M]: 0x80006654 (0x0040006F) jal zero, 4


mem[X,0x80006658] -> 0x2A23
mem[X,0x8000665A] -> 0x08C2
[578] [M]: 0x80006658 (0x08C22A23) sw a2, 148(tp)
mem[0x8003A2FC] <- 0x00000003


mem[X,0x8000665C] -> 0x0513
mem[X,0x8000665E] -> 0xFDF0
[579] [M]: 0x8000665C (0xFDF00513) addi a0, zero, 4063
x10 <- 0xFFFFFFDF


mem[X,0x80006660] -> 0x05B7
mem[X,0x80006662] -> 0xFF00
[580] [M]: 0x80006660 (0xFF0005B7) lui a1, 1044480
x11 <- 0xFF000000


mem[X,0x80006664] -> 0x8593
mem[X,0x80006666] -> 0xFFF5
[581] [M]: 0x80006664 (0xFFF58593) addi a1, a1, 4095
x11 <- 0xFEFFFFFF


mem[X,0x80006668] -> 0x0613
mem[X,0x8000666A] -> 0x0000
[582] [M]: 0x80006668 (0x00000613) addi a2, zero, 0
x12 <- 0x00000000


mem[X,0x8000666C] -> 0x006F
mem[X,0x8000666E] -> 0x00C0
[583] [M]: 0x8000666C (0x00C0006F) jal zero, 12


mem[X,0x80006678] -> 0x5863
mem[X,0x8000667A] -> 0x00B5
[584] [M]: 0x80006678 (0x00B55863) bge a0, a1, 16


mem[X,0x80006688] -> 0x0613
mem[X,0x8000668A] -> 0x0036
[585] [M]: 0x80006688 (0x00360613) addi a2, a2, 3
x12 <- 0x00000003


mem[X,0x8000668C] -> 0x006F
mem[X,0x8000668E] -> 0x0040
[586] [M]: 0x8000668C (0x0040006F) jal zero, 4


mem[X,0x80006690] -> 0x2C23
mem[X,0x80006692] -> 0x08C2
[587] [M]: 0x80006690 (0x08C22C23) sw a2, 152(tp)
mem[0x8003A300] <- 0x00000003


mem[X,0x80006694] -> 0x4537
mem[X,0x80006696] -> 0x0000
[588] [M]: 0x80006694 (0x00004537) lui a0, 4
x10 <- 0x00004000


mem[X,0x80006698] -> 0x05B7
mem[X,0x8000669A] -> 0xFC00
[589] [M]: 0x80006698 (0xFC0005B7) lui a1, 1032192
x11 <- 0xFC000000


mem[X,0x8000669C] -> 0x8593
mem[X,0x8000669E] -> 0xFFF5
[590] [M]: 0x8000669C (0xFFF58593) addi a1, a1, 4095
x11 <- 0xFBFFFFFF


mem[X,0x800066A0] -> 0x0613
mem[X,0x800066A2] -> 0x0000
[591] [M]: 0x800066A0 (0x00000613) addi a2, zero, 0
x12 <- 0x00000000


mem[X,0x800066A4] -> 0x006F
mem[X,0x800066A6] -> 0x00C0
[592] [M]: 0x800066A4 (0x00C0006F) jal zero, 12


mem[X,0x800066B0] -> 0x5663
mem[X,0x800066B2] -> 0x00B5
[593] [M]: 0x800066B0 (0x00B55663) bge a0, a1, 12


mem[X,0x800066BC] -> 0x0613
mem[X,0x800066BE] -> 0x0036
[594] [M]: 0x800066BC (0x00360613) addi a2, a2, 3
x12 <- 0x00000003


mem[X,0x800066C0] -> 0x006F
mem[X,0x800066C2] -> 0x0040
[595] [M]: 0x800066C0 (0x0040006F) jal zero, 4


mem[X,0x800066C4] -> 0x2E23
mem[X,0x800066C6] -> 0x08C2
[596] [M]: 0x800066C4 (0x08C22E23) sw a2, 156(tp)
mem[0x8003A304] <- 0x00000003


mem[X,0x800066C8] -> 0x0513
mem[X,0x800066CA] -> 0xFFD0
[597] [M]: 0x800066C8 (0xFFD00513) addi a0, zero, 4093
x10 <- 0xFFFFFFFD


mem[X,0x800066CC] -> 0x05B7
mem[X,0x800066CE] -> 0xF800
[598] [M]: 0x800066CC (0xF80005B7) lui a1, 1015808
x11 <- 0xF8000000


mem[X,0x800066D0] -> 0x8593
mem[X,0x800066D2] -> 0xFFF5
[599] [M]: 0x800066D0 (0xFFF58593) addi a1, a1, 4095
x11 <- 0xF7FFFFFF


clint::tick mtime <- 0x0000000000000006
 clint timer pending at mtime 0x0000000000000006
htif::tick 0x0000000000000000
mem[X,0x800066D4] -> 0x0613
mem[X,0x800066D6] -> 0x0000
[600] [M]: 0x800066D4 (0x00000613) addi a2, zero, 0
x12 <- 0x00000000


mem[X,0x800066D8] -> 0x006F
mem[X,0x800066DA] -> 0x00C0
[601] [M]: 0x800066D8 (0x00C0006F) jal zero, 12


mem[X,0x800066E4] -> 0x5863
mem[X,0x800066E6] -> 0x00B5
[602] [M]: 0x800066E4 (0x00B55863) bge a0, a1, 16


mem[X,0x800066F4] -> 0x0613
mem[X,0x800066F6] -> 0x0036
[603] [M]: 0x800066F4 (0x00360613) addi a2, a2, 3
x12 <- 0x00000003


mem[X,0x800066F8] -> 0x006F
mem[X,0x800066FA] -> 0x0040
[604] [M]: 0x800066F8 (0x0040006F) jal zero, 4


mem[X,0x800066FC] -> 0x2023
mem[X,0x800066FE] -> 0x0AC2
[605] [M]: 0x800066FC (0x0AC22023) sw a2, 160(tp)
mem[0x8003A308] <- 0x00000003


mem[X,0x80006700] -> 0x0513
mem[X,0x80006702] -> 0x0200
[606] [M]: 0x80006700 (0x02000513) addi a0, zero, 32
x10 <- 0x00000020


mem[X,0x80006704] -> 0x05B7
mem[X,0x80006706] -> 0xF000
[607] [M]: 0x80006704 (0xF00005B7) lui a1, 983040
x11 <- 0xF0000000


mem[X,0x80006708] -> 0x8593
mem[X,0x8000670A] -> 0xFFF5
[608] [M]: 0x80006708 (0xFFF58593) addi a1, a1, 4095
x11 <- 0xEFFFFFFF


mem[X,0x8000670C] -> 0x0613
mem[X,0x8000670E] -> 0x0000
[609] [M]: 0x8000670C (0x00000613) addi a2, zero, 0
x12 <- 0x00000000


mem[X,0x80006710] -> 0x006F
mem[X,0x80006712] -> 0x00C0
[610] [M]: 0x80006710 (0x00C0006F) jal zero, 12


mem[X,0x8000671C] -> 0x5063
mem[X,0x8000671E] -> 0x04B5
[611] [M]: 0x8000671C (0x04B55063) bge a0, a1, 64


mem[X,0x8000675C] -> 0x0613
mem[X,0x8000675E] -> 0x0036
[612] [M]: 0x8000675C (0x00360613) addi a2, a2, 3
x12 <- 0x00000003


mem[X,0x80006760] -> 0x006F
mem[X,0x80006762] -> 0x0040
[613] [M]: 0x80006760 (0x0040006F) jal zero, 4


mem[X,0x80006764] -> 0x2223
mem[X,0x80006766] -> 0x0AC2
[614] [M]: 0x80006764 (0x0AC22223) sw a2, 164(tp)
mem[0x8003A30C] <- 0x00000003


mem[X,0x80006768] -> 0x0537
mem[X,0x8000676A] -> 0x1000
[615] [M]: 0x80006768 (0x10000537) lui a0, 65536
x10 <- 0x10000000


mem[X,0x8000676C] -> 0x05B7
mem[X,0x8000676E] -> 0xE000
[616] [M]: 0x8000676C (0xE00005B7) lui a1, 917504
x11 <- 0xE0000000


mem[X,0x80006770] -> 0x8593
mem[X,0x80006772] -> 0xFFF5
[617] [M]: 0x80006770 (0xFFF58593) addi a1, a1, 4095
x11 <- 0xDFFFFFFF


mem[X,0x80006774] -> 0x0613
mem[X,0x80006776] -> 0x0000
[618] [M]: 0x80006774 (0x00000613) addi a2, zero, 0
x12 <- 0x00000000


mem[X,0x80006778] -> 0x006F
mem[X,0x8000677A] -> 0x00C0
[619] [M]: 0x80006778 (0x00C0006F) jal zero, 12


mem[X,0x80006784] -> 0x5063
mem[X,0x80006786] -> 0x02B5
[620] [M]: 0x80006784 (0x02B55063) bge a0, a1, 32


mem[X,0x800067A4] -> 0x0613
mem[X,0x800067A6] -> 0x0036
[621] [M]: 0x800067A4 (0x00360613) addi a2, a2, 3
x12 <- 0x00000003


mem[X,0x800067A8] -> 0x006F
mem[X,0x800067AA] -> 0x0040
[622] [M]: 0x800067A8 (0x0040006F) jal zero, 4


mem[X,0x800067AC] -> 0x2423
mem[X,0x800067AE] -> 0x0AC2
[623] [M]: 0x800067AC (0x0AC22423) sw a2, 168(tp)
mem[0x8003A310] <- 0x00000003


mem[X,0x800067B0] -> 0x0513
mem[X,0x800067B2] -> 0x0100
[624] [M]: 0x800067B0 (0x01000513) addi a0, zero, 16
x10 <- 0x00000010


mem[X,0x800067B4] -> 0x05B7
mem[X,0x800067B6] -> 0xC000
[625] [M]: 0x800067B4 (0xC00005B7) lui a1, 786432
x11 <- 0xC0000000


mem[X,0x800067B8] -> 0x8593
mem[X,0x800067BA] -> 0xFFF5
[626] [M]: 0x800067B8 (0xFFF58593) addi a1, a1, 4095
x11 <- 0xBFFFFFFF


mem[X,0x800067BC] -> 0x0613
mem[X,0x800067BE] -> 0x0000
[627] [M]: 0x800067BC (0x00000613) addi a2, zero, 0
x12 <- 0x00000000


mem[X,0x800067C0] -> 0x006F
mem[X,0x800067C2] -> 0x00C0
[628] [M]: 0x800067C0 (0x00C0006F) jal zero, 12


mem[X,0x800067CC] -> 0x5CE3
mem[X,0x800067CE] -> 0xFEB5
[629] [M]: 0x800067CC (0xFEB55CE3) bge a0, a1, 8184


mem[X,0x800067C4] -> 0x0613
mem[X,0x800067C6] -> 0x0016
[630] [M]: 0x800067C4 (0x00160613) addi a2, a2, 1
x12 <- 0x00000001


mem[X,0x800067C8] -> 0x006F
mem[X,0x800067CA] -> 0x0180
[631] [M]: 0x800067C8 (0x0180006F) jal zero, 24


mem[X,0x800067E0] -> 0x2623
mem[X,0x800067E2] -> 0x0AC2
[632] [M]: 0x800067E0 (0x0AC22623) sw a2, 172(tp)
mem[0x8003A314] <- 0x00000001


mem[X,0x800067E4] -> 0x0537
mem[X,0x800067E6] -> 0xFFE0
[633] [M]: 0x800067E4 (0xFFE00537) lui a0, 1048064
x10 <- 0xFFE00000


mem[X,0x800067E8] -> 0x0513
mem[X,0x800067EA] -> 0xFFF5
[634] [M]: 0x800067E8 (0xFFF50513) addi a0, a0, 4095
x10 <- 0xFFDFFFFF


mem[X,0x800067EC] -> 0x05B7
mem[X,0x800067EE] -> 0x8000
[635] [M]: 0x800067EC (0x800005B7) lui a1, 524288
x11 <- 0x80000000


mem[X,0x800067F0] -> 0x8593
mem[X,0x800067F2] -> 0xFFF5
[636] [M]: 0x800067F0 (0xFFF58593) addi a1, a1, 4095
x11 <- 0x7FFFFFFF


mem[X,0x800067F4] -> 0x0613
mem[X,0x800067F6] -> 0x0000
[637] [M]: 0x800067F4 (0x00000613) addi a2, zero, 0
x12 <- 0x00000000


mem[X,0x800067F8] -> 0x006F
mem[X,0x800067FA] -> 0x00C0
[638] [M]: 0x800067F8 (0x00C0006F) jal zero, 12


mem[X,0x80006804] -> 0x5CE3
mem[X,0x80006806] -> 0xFEB5
[639] [M]: 0x80006804 (0xFEB55CE3) bge a0, a1, 8184


mem[X,0x80006808] -> 0x0613
mem[X,0x8000680A] -> 0x0026
[640] [M]: 0x80006808 (0x00260613) addi a2, a2, 2
x12 <- 0x00000002


mem[X,0x8000680C] -> 0x006F
mem[X,0x8000680E] -> 0x00C0
[641] [M]: 0x8000680C (0x00C0006F) jal zero, 12


mem[X,0x80006818] -> 0x2823
mem[X,0x8000681A] -> 0x0AC2
[642] [M]: 0x80006818 (0x0AC22823) sw a2, 176(tp)
mem[0x8003A318] <- 0x00000002


mem[X,0x8000681C] -> 0x0513
mem[X,0x8000681E] -> 0x0090
[643] [M]: 0x8000681C (0x00900513) addi a0, zero, 9
x10 <- 0x00000009


mem[X,0x80006820] -> 0x55B7
mem[X,0x80006822] -> 0x5555
[644] [M]: 0x80006820 (0x555555B7) lui a1, 349525
x11 <- 0x55555000


mem[X,0x80006824] -> 0x8593
mem[X,0x80006826] -> 0x5555
[645] [M]: 0x80006824 (0x55558593) addi a1, a1, 1365
x11 <- 0x55555555


mem[X,0x80006828] -> 0x0613
mem[X,0x8000682A] -> 0x0000
[646] [M]: 0x80006828 (0x00000613) addi a2, zero, 0
x12 <- 0x00000000


mem[X,0x8000682C] -> 0x006F
mem[X,0x8000682E] -> 0x00C0
[647] [M]: 0x8000682C (0x00C0006F) jal zero, 12


mem[X,0x80006838] -> 0x5663
mem[X,0x8000683A] -> 0x00B5
[648] [M]: 0x80006838 (0x00B55663) bge a0, a1, 12


mem[X,0x8000683C] -> 0x0613
mem[X,0x8000683E] -> 0x0026
[649] [M]: 0x8000683C (0x00260613) addi a2, a2, 2
x12 <- 0x00000002


mem[X,0x80006840] -> 0x006F
mem[X,0x80006842] -> 0x00C0
[650] [M]: 0x80006840 (0x00C0006F) jal zero, 12


mem[X,0x8000684C] -> 0x2A23
mem[X,0x8000684E] -> 0x0AC2
[651] [M]: 0x8000684C (0x0AC22A23) sw a2, 180(tp)
mem[0x8003A31C] <- 0x00000002


mem[X,0x80006850] -> 0x0537
mem[X,0x80006852] -> 0x0001
[652] [M]: 0x80006850 (0x00010537) lui a0, 16
x10 <- 0x00010000


mem[X,0x80006854] -> 0xB5B7
mem[X,0x80006856] -> 0xAAAA
[653] [M]: 0x80006854 (0xAAAAB5B7) lui a1, 699051
x11 <- 0xAAAAB000


mem[X,0x80006858] -> 0x8593
mem[X,0x8000685A] -> 0xAAA5
[654] [M]: 0x80006858 (0xAAA58593) addi a1, a1, 2730
x11 <- 0xAAAAAAAA


mem[X,0x8000685C] -> 0x0613
mem[X,0x8000685E] -> 0x0000
[655] [M]: 0x8000685C (0x00000613) addi a2, zero, 0
x12 <- 0x00000000


mem[X,0x80006860] -> 0x006F
mem[X,0x80006862] -> 0x00C0
[656] [M]: 0x80006860 (0x00C0006F) jal zero, 12


mem[X,0x8000686C] -> 0x5863
mem[X,0x8000686E] -> 0x00B5
[657] [M]: 0x8000686C (0x00B55863) bge a0, a1, 16


mem[X,0x8000687C] -> 0x0613
mem[X,0x8000687E] -> 0x0036
[658] [M]: 0x8000687C (0x00360613) addi a2, a2, 3
x12 <- 0x00000003


mem[X,0x80006880] -> 0x006F
mem[X,0x80006882] -> 0x0040
[659] [M]: 0x80006880 (0x0040006F) jal zero, 4


mem[X,0x80006884] -> 0x2C23
mem[X,0x80006886] -> 0x0AC2
[660] [M]: 0x80006884 (0x0AC22C23) sw a2, 184(tp)
mem[0x8003A320] <- 0x00000003


mem[X,0x80006888] -> 0x0513
mem[X,0x8000688A] -> 0x0010
[661] [M]: 0x80006888 (0x00100513) addi a0, zero, 1
x10 <- 0x00000001


mem[X,0x8000688C] -> 0x05B7
mem[X,0x8000688E] -> 0xFFFE
[662] [M]: 0x8000688C (0xFFFE05B7) lui a1, 1048544
x11 <- 0xFFFE0000


mem[X,0x80006890] -> 0x8593
mem[X,0x80006892] -> 0xFFF5
[663] [M]: 0x80006890 (0xFFF58593) addi a1, a1, 4095
x11 <- 0xFFFDFFFF


mem[X,0x80006894] -> 0x0613
mem[X,0x80006896] -> 0x0000
[664] [M]: 0x80006894 (0x00000613) addi a2, zero, 0
x12 <- 0x00000000


mem[X,0x80006898] -> 0x006F
mem[X,0x8000689A] -> 0x0140
[665] [M]: 0x80006898 (0x0140006F) jal zero, 20


mem[X,0x800068AC] -> 0x58E3
mem[X,0x800068AE] -> 0xFEB5
[666] [M]: 0x800068AC (0xFEB558E3) bge a0, a1, 8176


mem[X,0x8000689C] -> 0x0613
mem[X,0x8000689E] -> 0x0016
[667] [M]: 0x8000689C (0x00160613) addi a2, a2, 1
x12 <- 0x00000001


mem[X,0x800068A0] -> 0x006F
mem[X,0x800068A2] -> 0x0200
[668] [M]: 0x800068A0 (0x0200006F) jal zero, 32


mem[X,0x800068C0] -> 0x2E23
mem[X,0x800068C2] -> 0x0AC2
[669] [M]: 0x800068C0 (0x0AC22E23) sw a2, 188(tp)
mem[0x8003A324] <- 0x00000001


mem[X,0x800068C4] -> 0x0513
mem[X,0x800068C6] -> 0x0040
[670] [M]: 0x800068C4 (0x00400513) addi a0, zero, 4
x10 <- 0x00000004


mem[X,0x800068C8] -> 0x05B7
mem[X,0x800068CA] -> 0xFFFC
[671] [M]: 0x800068C8 (0xFFFC05B7) lui a1, 1048512
x11 <- 0xFFFC0000


mem[X,0x800068CC] -> 0x8593
mem[X,0x800068CE] -> 0xFFF5
[672] [M]: 0x800068CC (0xFFF58593) addi a1, a1, 4095
x11 <- 0xFFFBFFFF


mem[X,0x800068D0] -> 0x0613
mem[X,0x800068D2] -> 0x0000
[673] [M]: 0x800068D0 (0x00000613) addi a2, zero, 0
x12 <- 0x00000000


mem[X,0x800068D4] -> 0x006F
mem[X,0x800068D6] -> 0x00C0
[674] [M]: 0x800068D4 (0x00C0006F) jal zero, 12


mem[X,0x800068E0] -> 0x5063
mem[X,0x800068E2] -> 0x40B5
[675] [M]: 0x800068E0 (0x40B55063) bge a0, a1, 1024


mem[X,0x80006CE0] -> 0x0613
mem[X,0x80006CE2] -> 0x0036
[676] [M]: 0x80006CE0 (0x00360613) addi a2, a2, 3
x12 <- 0x00000003


mem[X,0x80006CE4] -> 0x006F
mem[X,0x80006CE6] -> 0x0040
[677] [M]: 0x80006CE4 (0x0040006F) jal zero, 4


mem[X,0x80006CE8] -> 0x2023
mem[X,0x80006CEA] -> 0x0CC2
[678] [M]: 0x80006CE8 (0x0CC22023) sw a2, 192(tp)
mem[0x8003A328] <- 0x00000003


mem[X,0x80006CEC] -> 0x0513
mem[X,0x80006CEE] -> 0x1000
[679] [M]: 0x80006CEC (0x10000513) addi a0, zero, 256
x10 <- 0x00000100


mem[X,0x80006CF0] -> 0x05B7
mem[X,0x80006CF2] -> 0x0100
[680] [M]: 0x80006CF0 (0x010005B7) lui a1, 4096
x11 <- 0x01000000


mem[X,0x80006CF4] -> 0x0613
mem[X,0x80006CF6] -> 0x0000
[681] [M]: 0x80006CF4 (0x00000613) addi a2, zero, 0
x12 <- 0x00000000


mem[X,0x80006CF8] -> 0x006F
mem[X,0x80006CFA] -> 0x00C0
[682] [M]: 0x80006CF8 (0x00C0006F) jal zero, 12


mem[X,0x80006D04] -> 0x5063
mem[X,0x80006D06] -> 0x04B5
[683] [M]: 0x80006D04 (0x04B55063) bge a0, a1, 64


mem[X,0x80006D08] -> 0x0613
mem[X,0x80006D0A] -> 0x0026
[684] [M]: 0x80006D08 (0x00260613) addi a2, a2, 2
x12 <- 0x00000002


mem[X,0x80006D0C] -> 0x006F
mem[X,0x80006D0E] -> 0x0400
[685] [M]: 0x80006D0C (0x0400006F) jal zero, 64


mem[X,0x80006D4C] -> 0x2223
mem[X,0x80006D4E] -> 0x0CC2
[686] [M]: 0x80006D4C (0x0CC22223) sw a2, 196(tp)
mem[0x8003A32C] <- 0x00000002


mem[X,0x80006D50] -> 0x0513
mem[X,0x80006D52] -> 0x2000
[687] [M]: 0x80006D50 (0x20000513) addi a0, zero, 512
x10 <- 0x00000200


mem[X,0x80006D54] -> 0x0593
mem[X,0x80006D56] -> 0xFDF0
[688] [M]: 0x80006D54 (0xFDF00593) addi a1, zero, 4063
x11 <- 0xFFFFFFDF


mem[X,0x80006D58] -> 0x0613
mem[X,0x80006D5A] -> 0x0000
[689] [M]: 0x80006D58 (0x00000613) addi a2, zero, 0
x12 <- 0x00000000


mem[X,0x80006D5C] -> 0x006F
mem[X,0x80006D5E] -> 0x00C0
[690] [M]: 0x80006D5C (0x00C0006F) jal zero, 12


mem[X,0x80006D68] -> 0x5063
mem[X,0x80006D6A] -> 0x04B5
[691] [M]: 0x80006D68 (0x04B55063) bge a0, a1, 64


mem[X,0x80006DA8] -> 0x0613
mem[X,0x80006DAA] -> 0x0036
[692] [M]: 0x80006DA8 (0x00360613) addi a2, a2, 3
x12 <- 0x00000003


mem[X,0x80006DAC] -> 0x006F
mem[X,0x80006DAE] -> 0x0040
[693] [M]: 0x80006DAC (0x0040006F) jal zero, 4


mem[X,0x80006DB0] -> 0x2423
mem[X,0x80006DB2] -> 0x0CC2
[694] [M]: 0x80006DB0 (0x0CC22423) sw a2, 200(tp)
mem[0x8003A330] <- 0x00000003


mem[X,0x80006DB4] -> 0x0513
mem[X,0x80006DB6] -> 0x4000
[695] [M]: 0x80006DB4 (0x40000513) addi a0, zero, 1024
x10 <- 0x00000400


mem[X,0x80006DB8] -> 0x0593
mem[X,0x80006DBA] -> 0x0000
[696] [M]: 0x80006DB8 (0x00000593) addi a1, zero, 0
x11 <- 0x00000000


mem[X,0x80006DBC] -> 0x0613
mem[X,0x80006DBE] -> 0x0000
[697] [M]: 0x80006DBC (0x00000613) addi a2, zero, 0
x12 <- 0x00000000


mem[X,0x80006DC0] -> 0x006F
mem[X,0x80006DC2] -> 0x0100
[698] [M]: 0x80006DC0 (0x0100006F) jal zero, 16


mem[X,0x80006DD0] -> 0x5AE3
mem[X,0x80006DD2] -> 0xFEB5
[699] [M]: 0x80006DD0 (0xFEB55AE3) bge a0, a1, 8180


clint::tick mtime <- 0x0000000000000007
 clint timer pending at mtime 0x0000000000000007
htif::tick 0x0000000000000000
mem[X,0x80006DC4] -> 0x0613
mem[X,0x80006DC6] -> 0x0016
[700] [M]: 0x80006DC4 (0x00160613) addi a2, a2, 1
x12 <- 0x00000001


mem[X,0x80006DC8] -> 0x006F
mem[X,0x80006DCA] -> 0x01C0
[701] [M]: 0x80006DC8 (0x01C0006F) jal zero, 28


mem[X,0x80006DE4] -> 0x2623
mem[X,0x80006DE6] -> 0x0CC2
[702] [M]: 0x80006DE4 (0x0CC22623) sw a2, 204(tp)
mem[0x8003A334] <- 0x00000001


mem[X,0x80006DE8] -> 0x1537
mem[X,0x80006DEA] -> 0x0000
[703] [M]: 0x80006DE8 (0x00001537) lui a0, 1
x10 <- 0x00001000


mem[X,0x80006DEC] -> 0x0513
mem[X,0x80006DEE] -> 0x8005
[704] [M]: 0x80006DEC (0x80050513) addi a0, a0, 2048
x10 <- 0x00000800


mem[X,0x80006DF0] -> 0x85B7
mem[X,0x80006DF2] -> 0x0000
[705] [M]: 0x80006DF0 (0x000085B7) lui a1, 8
x11 <- 0x00008000


mem[X,0x80006DF4] -> 0x0613
mem[X,0x80006DF6] -> 0x0000
[706] [M]: 0x80006DF4 (0x00000613) addi a2, zero, 0
x12 <- 0x00000000


mem[X,0x80006DF8] -> 0x006F
mem[X,0x80006DFA] -> 0x00C0
[707] [M]: 0x80006DF8 (0x00C0006F) jal zero, 12


mem[X,0x80006E04] -> 0x5CE3
mem[X,0x80006E06] -> 0xFEB5
[708] [M]: 0x80006E04 (0xFEB55CE3) bge a0, a1, 8184


mem[X,0x80006E08] -> 0x0613
mem[X,0x80006E0A] -> 0x0026
[709] [M]: 0x80006E08 (0x00260613) addi a2, a2, 2
x12 <- 0x00000002


mem[X,0x80006E0C] -> 0x006F
mem[X,0x80006E0E] -> 0x00C0
[710] [M]: 0x80006E0C (0x00C0006F) jal zero, 12


mem[X,0x80006E18] -> 0x2823
mem[X,0x80006E1A] -> 0x0CC2
[711] [M]: 0x80006E18 (0x0CC22823) sw a2, 208(tp)
mem[0x8003A338] <- 0x00000002


mem[X,0x80006E1C] -> 0x1537
mem[X,0x80006E1E] -> 0x0000
[712] [M]: 0x80006E1C (0x00001537) lui a0, 1
x10 <- 0x00001000


mem[X,0x80006E20] -> 0x05B7
mem[X,0x80006E22] -> 0x4000
[713] [M]: 0x80006E20 (0x400005B7) lui a1, 262144
x11 <- 0x40000000


mem[X,0x80006E24] -> 0x0613
mem[X,0x80006E26] -> 0x0000
[714] [M]: 0x80006E24 (0x00000613) addi a2, zero, 0
x12 <- 0x00000000


mem[X,0x80006E28] -> 0x006F
mem[X,0x80006E2A] -> 0x00C0
[715] [M]: 0x80006E28 (0x00C0006F) jal zero, 12


mem[X,0x80006E34] -> 0x5063
mem[X,0x80006E36] -> 0x40B5
[716] [M]: 0x80006E34 (0x40B55063) bge a0, a1, 1024


mem[X,0x80006E38] -> 0x0613
mem[X,0x80006E3A] -> 0x0026
[717] [M]: 0x80006E38 (0x00260613) addi a2, a2, 2
x12 <- 0x00000002


mem[X,0x80006E3C] -> 0x006F
mem[X,0x80006E3E] -> 0x4000
[718] [M]: 0x80006E3C (0x4000006F) jal zero, 1024


mem[X,0x8000723C] -> 0x2A23
mem[X,0x8000723E] -> 0x0CC2
[719] [M]: 0x8000723C (0x0CC22A23) sw a2, 212(tp)
mem[0x8003A33C] <- 0x00000002


mem[X,0x80007240] -> 0x2537
mem[X,0x80007242] -> 0x0000
[720] [M]: 0x80007240 (0x00002537) lui a0, 2
x10 <- 0x00002000


mem[X,0x80007244] -> 0x05B7
mem[X,0x80007246] -> 0xF000
[721] [M]: 0x80007244 (0xF00005B7) lui a1, 983040
x11 <- 0xF0000000


mem[X,0x80007248] -> 0x8593
mem[X,0x8000724A] -> 0xFFF5
[722] [M]: 0x80007248 (0xFFF58593) addi a1, a1, 4095
x11 <- 0xEFFFFFFF


mem[X,0x8000724C] -> 0x0613
mem[X,0x8000724E] -> 0x0000
[723] [M]: 0x8000724C (0x00000613) addi a2, zero, 0
x12 <- 0x00000000


mem[X,0x80007250] -> 0x006F
mem[X,0x80007252] -> 0x2B10
[724] [M]: 0x80007250 (0x2B10006F) jal zero, 2736


mem[X,0x80007D00] -> 0x5A63
mem[X,0x80007D02] -> 0xD4B5
[725] [M]: 0x80007D00 (0xD4B55A63) bge a0, a1, 5460


mem[X,0x80007254] -> 0x0613
mem[X,0x80007256] -> 0x0016
[726] [M]: 0x80007254 (0x00160613) addi a2, a2, 1
x12 <- 0x00000001


mem[X,0x80007258] -> 0x006F
mem[X,0x8000725A] -> 0x2BD0
[727] [M]: 0x80007258 (0x2BD0006F) jal zero, 2748


mem[X,0x80007D14] -> 0x2C23
mem[X,0x80007D16] -> 0x0CC2
[728] [M]: 0x80007D14 (0x0CC22C23) sw a2, 216(tp)
mem[0x8003A340] <- 0x00000001


mem[X,0x80007D18] -> 0x8537
mem[X,0x80007D1A] -> 0x0000
[729] [M]: 0x80007D18 (0x00008537) lui a0, 8
x10 <- 0x00008000


mem[X,0x80007D1C] -> 0x0593
mem[X,0x80007D1E] -> 0x0040
[730] [M]: 0x80007D1C (0x00400593) addi a1, zero, 4
x11 <- 0x00000004


mem[X,0x80007D20] -> 0x0613
mem[X,0x80007D22] -> 0x0000
[731] [M]: 0x80007D20 (0x00000613) addi a2, zero, 0
x12 <- 0x00000000


mem[X,0x80007D24] -> 0x006F
mem[X,0x80007D26] -> 0x00C0
[732] [M]: 0x80007D24 (0x00C0006F) jal zero, 12


mem[X,0x80007D30] -> 0x5063
mem[X,0x80007D32] -> 0x10B5
[733] [M]: 0x80007D30 (0x10B55063) bge a0, a1, 256


mem[X,0x80007E30] -> 0x0613
mem[X,0x80007E32] -> 0x0036
[734] [M]: 0x80007E30 (0x00360613) addi a2, a2, 3
x12 <- 0x00000003


mem[X,0x80007E34] -> 0x006F
mem[X,0x80007E36] -> 0x0040
[735] [M]: 0x80007E34 (0x0040006F) jal zero, 4


mem[X,0x80007E38] -> 0x2E23
mem[X,0x80007E3A] -> 0x0CC2
[736] [M]: 0x80007E38 (0x0CC22E23) sw a2, 220(tp)
mem[0x8003A344] <- 0x00000003


mem[X,0x80007E3C] -> 0x0537
mem[X,0x80007E3E] -> 0x0002
[737] [M]: 0x80007E3C (0x00020537) lui a0, 32
x10 <- 0x00020000


mem[X,0x80007E40] -> 0x0593
mem[X,0x80007E42] -> 0x0020
[738] [M]: 0x80007E40 (0x00200593) addi a1, zero, 2
x11 <- 0x00000002


mem[X,0x80007E44] -> 0x0613
mem[X,0x80007E46] -> 0x0000
[739] [M]: 0x80007E44 (0x00000613) addi a2, zero, 0
x12 <- 0x00000000


mem[X,0x80007E48] -> 0x006F
mem[X,0x80007E4A] -> 0x00C0
[740] [M]: 0x80007E48 (0x00C0006F) jal zero, 12


mem[X,0x80007E54] -> 0x5CE3
mem[X,0x80007E56] -> 0xFEB5
[741] [M]: 0x80007E54 (0xFEB55CE3) bge a0, a1, 8184


mem[X,0x80007E4C] -> 0x0613
mem[X,0x80007E4E] -> 0x0016
[742] [M]: 0x80007E4C (0x00160613) addi a2, a2, 1
x12 <- 0x00000001


mem[X,0x80007E50] -> 0x006F
mem[X,0x80007E52] -> 0x0180
[743] [M]: 0x80007E50 (0x0180006F) jal zero, 24


mem[X,0x80007E68] -> 0x2023
mem[X,0x80007E6A] -> 0x0EC2
[744] [M]: 0x80007E68 (0x0EC22023) sw a2, 224(tp)
mem[0x8003A348] <- 0x00000001


mem[X,0x80007E6C] -> 0x0537
mem[X,0x80007E6E] -> 0x0010
[745] [M]: 0x80007E6C (0x00100537) lui a0, 256
x10 <- 0x00100000


mem[X,0x80007E70] -> 0x55B7
mem[X,0x80007E72] -> 0xFFFF
[746] [M]: 0x80007E70 (0xFFFF55B7) lui a1, 1048565
x11 <- 0xFFFF5000


mem[X,0x80007E74] -> 0x8593
mem[X,0x80007E76] -> 0xAFC5
[747] [M]: 0x80007E74 (0xAFC58593) addi a1, a1, 2812
x11 <- 0xFFFF4AFC


mem[X,0x80007E78] -> 0x0613
mem[X,0x80007E7A] -> 0x0000
[748] [M]: 0x80007E78 (0x00000613) addi a2, zero, 0
x12 <- 0x00000000


mem[X,0x80007E7C] -> 0x006F
mem[X,0x80007E7E] -> 0x00C0
[749] [M]: 0x80007E7C (0x00C0006F) jal zero, 12


mem[X,0x80007E88] -> 0x5663
mem[X,0x80007E8A] -> 0x00B5
[750] [M]: 0x80007E88 (0x00B55663) bge a0, a1, 12


mem[X,0x80007E94] -> 0x0613
mem[X,0x80007E96] -> 0x0036
[751] [M]: 0x80007E94 (0x00360613) addi a2, a2, 3
x12 <- 0x00000003


mem[X,0x80007E98] -> 0x006F
mem[X,0x80007E9A] -> 0x0040
[752] [M]: 0x80007E98 (0x0040006F) jal zero, 4


mem[X,0x80007E9C] -> 0x2223
mem[X,0x80007E9E] -> 0x0EC2
[753] [M]: 0x80007E9C (0x0EC22223) sw a2, 228(tp)
mem[0x8003A34C] <- 0x00000003


mem[X,0x80007EA0] -> 0x0537
mem[X,0x80007EA2] -> 0x0020
[754] [M]: 0x80007EA0 (0x00200537) lui a0, 512
x10 <- 0x00200000


mem[X,0x80007EA4] -> 0x55B7
mem[X,0x80007EA6] -> 0xFFFF
[755] [M]: 0x80007EA4 (0xFFFF55B7) lui a1, 1048565
x11 <- 0xFFFF5000


mem[X,0x80007EA8] -> 0x8593
mem[X,0x80007EAA] -> 0xAFC5
[756] [M]: 0x80007EA8 (0xAFC58593) addi a1, a1, 2812
x11 <- 0xFFFF4AFC


mem[X,0x80007EAC] -> 0x0613
mem[X,0x80007EAE] -> 0x0000
[757] [M]: 0x80007EAC (0x00000613) addi a2, zero, 0
x12 <- 0x00000000


mem[X,0x80007EB0] -> 0x006F
mem[X,0x80007EB2] -> 0x00C0
[758] [M]: 0x80007EB0 (0x00C0006F) jal zero, 12


mem[X,0x80007EBC] -> 0x5063
mem[X,0x80007EBE] -> 0x04B5
[759] [M]: 0x80007EBC (0x04B55063) bge a0, a1, 64


mem[X,0x80007EFC] -> 0x0613
mem[X,0x80007EFE] -> 0x0036
[760] [M]: 0x80007EFC (0x00360613) addi a2, a2, 3
x12 <- 0x00000003


mem[X,0x80007F00] -> 0x006F
mem[X,0x80007F02] -> 0x0040
[761] [M]: 0x80007F00 (0x0040006F) jal zero, 4


mem[X,0x80007F04] -> 0x2423
mem[X,0x80007F06] -> 0x0EC2
[762] [M]: 0x80007F04 (0x0EC22423) sw a2, 232(tp)
mem[0x8003A350] <- 0x00000003


mem[X,0x80007F08] -> 0x0537
mem[X,0x80007F0A] -> 0x0080
[763] [M]: 0x80007F08 (0x00800537) lui a0, 2048
x10 <- 0x00800000


mem[X,0x80007F0C] -> 0x0593
mem[X,0x80007F0E] -> 0x0080
[764] [M]: 0x80007F0C (0x00800593) addi a1, zero, 8
x11 <- 0x00000008


mem[X,0x80007F10] -> 0x0613
mem[X,0x80007F12] -> 0x0000
[765] [M]: 0x80007F10 (0x00000613) addi a2, zero, 0
x12 <- 0x00000000


mem[X,0x80007F14] -> 0x006F
mem[X,0x80007F16] -> 0x00C0
[766] [M]: 0x80007F14 (0x00C0006F) jal zero, 12


mem[X,0x80007F20] -> 0x5063
mem[X,0x80007F22] -> 0x40B5
[767] [M]: 0x80007F20 (0x40B55063) bge a0, a1, 1024


mem[X,0x80008320] -> 0x0613
mem[X,0x80008322] -> 0x0036
[768] [M]: 0x80008320 (0x00360613) addi a2, a2, 3
x12 <- 0x00000003


mem[X,0x80008324] -> 0x006F
mem[X,0x80008326] -> 0x0040
[769] [M]: 0x80008324 (0x0040006F) jal zero, 4


mem[X,0x80008328] -> 0x2623
mem[X,0x8000832A] -> 0x0EC2
[770] [M]: 0x80008328 (0x0EC22623) sw a2, 236(tp)
mem[0x8003A354] <- 0x00000003


mem[X,0x8000832C] -> 0x0537
mem[X,0x8000832E] -> 0x0100
[771] [M]: 0x8000832C (0x01000537) lui a0, 4096
x10 <- 0x01000000


mem[X,0x80008330] -> 0x05B7
mem[X,0x80008332] -> 0xC000
[772] [M]: 0x80008330 (0xC00005B7) lui a1, 786432
x11 <- 0xC0000000


mem[X,0x80008334] -> 0x8593
mem[X,0x80008336] -> 0xFFF5
[773] [M]: 0x80008334 (0xFFF58593) addi a1, a1, 4095
x11 <- 0xBFFFFFFF


mem[X,0x80008338] -> 0x0613
mem[X,0x8000833A] -> 0x0000
[774] [M]: 0x80008338 (0x00000613) addi a2, zero, 0
x12 <- 0x00000000


mem[X,0x8000833C] -> 0x006F
mem[X,0x8000833E] -> 0x00C0
[775] [M]: 0x8000833C (0x00C0006F) jal zero, 12


mem[X,0x80008348] -> 0x5663
mem[X,0x8000834A] -> 0x00B5
[776] [M]: 0x80008348 (0x00B55663) bge a0, a1, 12


mem[X,0x80008354] -> 0x0613
mem[X,0x80008356] -> 0x0036
[777] [M]: 0x80008354 (0x00360613) addi a2, a2, 3
x12 <- 0x00000003


mem[X,0x80008358] -> 0x006F
mem[X,0x8000835A] -> 0x0040
[778] [M]: 0x80008358 (0x0040006F) jal zero, 4


mem[X,0x8000835C] -> 0x2823
mem[X,0x8000835E] -> 0x0EC2
[779] [M]: 0x8000835C (0x0EC22823) sw a2, 240(tp)
mem[0x8003A358] <- 0x00000003


mem[X,0x80008360] -> 0x0537
mem[X,0x80008362] -> 0x0200
[780] [M]: 0x80008360 (0x02000537) lui a0, 8192
x10 <- 0x02000000


mem[X,0x80008364] -> 0x0593
mem[X,0x80008366] -> 0x0060
[781] [M]: 0x80008364 (0x00600593) addi a1, zero, 6
x11 <- 0x00000006


mem[X,0x80008368] -> 0x0613
mem[X,0x8000836A] -> 0x0000
[782] [M]: 0x80008368 (0x00000613) addi a2, zero, 0
x12 <- 0x00000000


mem[X,0x8000836C] -> 0x006F
mem[X,0x8000836E] -> 0x00C0
[783] [M]: 0x8000836C (0x00C0006F) jal zero, 12


mem[X,0x80008378] -> 0x5663
mem[X,0x8000837A] -> 0x00B5
[784] [M]: 0x80008378 (0x00B55663) bge a0, a1, 12


mem[X,0x80008384] -> 0x0613
mem[X,0x80008386] -> 0x0036
[785] [M]: 0x80008384 (0x00360613) addi a2, a2, 3
x12 <- 0x00000003


mem[X,0x80008388] -> 0x006F
mem[X,0x8000838A] -> 0x0040
[786] [M]: 0x80008388 (0x0040006F) jal zero, 4


mem[X,0x8000838C] -> 0x2A23
mem[X,0x8000838E] -> 0x0EC2
[787] [M]: 0x8000838C (0x0EC22A23) sw a2, 244(tp)
mem[0x8003A35C] <- 0x00000003


mem[X,0x80008390] -> 0x0537
mem[X,0x80008392] -> 0x0400
[788] [M]: 0x80008390 (0x04000537) lui a0, 16384
x10 <- 0x04000000


mem[X,0x80008394] -> 0x05B7
mem[X,0x80008396] -> 0x8000
[789] [M]: 0x80008394 (0x800005B7) lui a1, 524288
x11 <- 0x80000000


mem[X,0x80008398] -> 0x8593
mem[X,0x8000839A] -> 0xFFF5
[790] [M]: 0x80008398 (0xFFF58593) addi a1, a1, 4095
x11 <- 0x7FFFFFFF


mem[X,0x8000839C] -> 0x0613
mem[X,0x8000839E] -> 0x0000
[791] [M]: 0x8000839C (0x00000613) addi a2, zero, 0
x12 <- 0x00000000


mem[X,0x800083A0] -> 0x006F
mem[X,0x800083A2] -> 0x0100
[792] [M]: 0x800083A0 (0x0100006F) jal zero, 16


mem[X,0x800083B0] -> 0x5AE3
mem[X,0x800083B2] -> 0xFEB5
[793] [M]: 0x800083B0 (0xFEB55AE3) bge a0, a1, 8180


mem[X,0x800083B4] -> 0x0613
mem[X,0x800083B6] -> 0x0026
[794] [M]: 0x800083B4 (0x00260613) addi a2, a2, 2
x12 <- 0x00000002


mem[X,0x800083B8] -> 0x006F
mem[X,0x800083BA] -> 0x00C0
[795] [M]: 0x800083B8 (0x00C0006F) jal zero, 12


mem[X,0x800083C4] -> 0x2C23
mem[X,0x800083C6] -> 0x0EC2
[796] [M]: 0x800083C4 (0x0EC22C23) sw a2, 248(tp)
mem[0x8003A360] <- 0x00000002


mem[X,0x800083C8] -> 0x0537
mem[X,0x800083CA] -> 0x2000
[797] [M]: 0x800083C8 (0x20000537) lui a0, 131072
x10 <- 0x20000000


mem[X,0x800083CC] -> 0x25B7
mem[X,0x800083CE] -> 0x0000
[798] [M]: 0x800083CC (0x000025B7) lui a1, 2
x11 <- 0x00002000


mem[X,0x800083D0] -> 0x0613
mem[X,0x800083D2] -> 0x0000
[799] [M]: 0x800083D0 (0x00000613) addi a2, zero, 0
x12 <- 0x00000000


clint::tick mtime <- 0x0000000000000008
 clint timer pending at mtime 0x0000000000000008
htif::tick 0x0000000000000000
mem[X,0x800083D4] -> 0x006F
mem[X,0x800083D6] -> 0x00C0
[800] [M]: 0x800083D4 (0x00C0006F) jal zero, 12


mem[X,0x800083E0] -> 0x5063
mem[X,0x800083E2] -> 0x08B5
[801] [M]: 0x800083E0 (0x08B55063) bge a0, a1, 128


mem[X,0x80008460] -> 0x0613
mem[X,0x80008462] -> 0x0036
[802] [M]: 0x80008460 (0x00360613) addi a2, a2, 3
x12 <- 0x00000003


mem[X,0x80008464] -> 0x006F
mem[X,0x80008466] -> 0x0040
[803] [M]: 0x80008464 (0x0040006F) jal zero, 4


mem[X,0x80008468] -> 0x2E23
mem[X,0x8000846A] -> 0x0EC2
[804] [M]: 0x80008468 (0x0EC22E23) sw a2, 252(tp)
mem[0x8003A364] <- 0x00000003


mem[X,0x8000846C] -> 0x0537
mem[X,0x8000846E] -> 0x4000
[805] [M]: 0x8000846C (0x40000537) lui a0, 262144
x10 <- 0x40000000


mem[X,0x80008470] -> 0x05B7
mem[X,0x80008472] -> 0x2000
[806] [M]: 0x80008470 (0x200005B7) lui a1, 131072
x11 <- 0x20000000


mem[X,0x80008474] -> 0x0613
mem[X,0x80008476] -> 0x0000
[807] [M]: 0x80008474 (0x00000613) addi a2, zero, 0
x12 <- 0x00000000


mem[X,0x80008478] -> 0x006F
mem[X,0x8000847A] -> 0x00C0
[808] [M]: 0x80008478 (0x00C0006F) jal zero, 12


mem[X,0x80008484] -> 0x5063
mem[X,0x80008486] -> 0x02B5
[809] [M]: 0x80008484 (0x02B55063) bge a0, a1, 32


mem[X,0x800084A4] -> 0x0613
mem[X,0x800084A6] -> 0x0036
[810] [M]: 0x800084A4 (0x00360613) addi a2, a2, 3
x12 <- 0x00000003


mem[X,0x800084A8] -> 0x006F
mem[X,0x800084AA] -> 0x0040
[811] [M]: 0x800084A8 (0x0040006F) jal zero, 4


mem[X,0x800084AC] -> 0x2023
mem[X,0x800084AE] -> 0x10C2
[812] [M]: 0x800084AC (0x10C22023) sw a2, 256(tp)
mem[0x8003A368] <- 0x00000003


mem[X,0x800084B0] -> 0x0513
mem[X,0x800084B2] -> 0xFF70
[813] [M]: 0x800084B0 (0xFF700513) addi a0, zero, 4087
x10 <- 0xFFFFFFF7


mem[X,0x800084B4] -> 0x0593
mem[X,0x800084B6] -> 0xFF90
[814] [M]: 0x800084B4 (0xFF900593) addi a1, zero, 4089
x11 <- 0xFFFFFFF9


mem[X,0x800084B8] -> 0x0613
mem[X,0x800084BA] -> 0x0000
[815] [M]: 0x800084B8 (0x00000613) addi a2, zero, 0
x12 <- 0x00000000


mem[X,0x800084BC] -> 0x006F
mem[X,0x800084BE] -> 0x0100
[816] [M]: 0x800084BC (0x0100006F) jal zero, 16


mem[X,0x800084CC] -> 0x5AE3
mem[X,0x800084CE] -> 0xFEB5
[817] [M]: 0x800084CC (0xFEB55AE3) bge a0, a1, 8180


mem[X,0x800084D0] -> 0x0613
mem[X,0x800084D2] -> 0x0026
[818] [M]: 0x800084D0 (0x00260613) addi a2, a2, 2
x12 <- 0x00000002


mem[X,0x800084D4] -> 0x006F
mem[X,0x800084D6] -> 0x00C0
[819] [M]: 0x800084D4 (0x00C0006F) jal zero, 12


mem[X,0x800084E0] -> 0x2223
mem[X,0x800084E2] -> 0x10C2
[820] [M]: 0x800084E0 (0x10C22223) sw a2, 260(tp)
mem[0x8003A36C] <- 0x00000002


mem[X,0x800084E4] -> 0x0513
mem[X,0x800084E6] -> 0xFEF0
[821] [M]: 0x800084E4 (0xFEF00513) addi a0, zero, 4079
x10 <- 0xFFFFFFEF


mem[X,0x800084E8] -> 0x0593
mem[X,0x800084EA] -> 0xFF70
[822] [M]: 0x800084E8 (0xFF700593) addi a1, zero, 4087
x11 <- 0xFFFFFFF7


mem[X,0x800084EC] -> 0x0613
mem[X,0x800084EE] -> 0x0000
[823] [M]: 0x800084EC (0x00000613) addi a2, zero, 0
x12 <- 0x00000000


mem[X,0x800084F0] -> 0x006F
mem[X,0x800084F2] -> 0x00C0
[824] [M]: 0x800084F0 (0x00C0006F) jal zero, 12


mem[X,0x800084FC] -> 0x5CE3
mem[X,0x800084FE] -> 0xFEB5
[825] [M]: 0x800084FC (0xFEB55CE3) bge a0, a1, 8184


mem[X,0x80008500] -> 0x0613
mem[X,0x80008502] -> 0x0026
[826] [M]: 0x80008500 (0x00260613) addi a2, a2, 2
x12 <- 0x00000002


mem[X,0x80008504] -> 0x006F
mem[X,0x80008506] -> 0x00C0
[827] [M]: 0x80008504 (0x00C0006F) jal zero, 12


mem[X,0x80008510] -> 0x2423
mem[X,0x80008512] -> 0x10C2
[828] [M]: 0x80008510 (0x10C22423) sw a2, 264(tp)
mem[0x8003A370] <- 0x00000002


mem[X,0x80008514] -> 0x0513
mem[X,0x80008516] -> 0xFBF0
[829] [M]: 0x80008514 (0xFBF00513) addi a0, zero, 4031
x10 <- 0xFFFFFFBF


mem[X,0x80008518] -> 0x05B7
mem[X,0x8000851A] -> 0x0004
[830] [M]: 0x80008518 (0x000405B7) lui a1, 64
x11 <- 0x00040000


mem[X,0x8000851C] -> 0x0613
mem[X,0x8000851E] -> 0x0000
[831] [M]: 0x8000851C (0x00000613) addi a2, zero, 0
x12 <- 0x00000000


mem[X,0x80008520] -> 0x006F
mem[X,0x80008522] -> 0x00C0
[832] [M]: 0x80008520 (0x00C0006F) jal zero, 12


mem[X,0x8000852C] -> 0x5CE3
mem[X,0x8000852E] -> 0xFEB5
[833] [M]: 0x8000852C (0xFEB55CE3) bge a0, a1, 8184


mem[X,0x80008530] -> 0x0613
mem[X,0x80008532] -> 0x0026
[834] [M]: 0x80008530 (0x00260613) addi a2, a2, 2
x12 <- 0x00000002


mem[X,0x80008534] -> 0x006F
mem[X,0x80008536] -> 0x00C0
[835] [M]: 0x80008534 (0x00C0006F) jal zero, 12


mem[X,0x80008540] -> 0x2623
mem[X,0x80008542] -> 0x10C2
[836] [M]: 0x80008540 (0x10C22623) sw a2, 268(tp)
mem[0x8003A374] <- 0x00000002


mem[X,0x80008544] -> 0x0513
mem[X,0x80008546] -> 0xF7F0
[837] [M]: 0x80008544 (0xF7F00513) addi a0, zero, 3967
x10 <- 0xFFFFFF7F


mem[X,0x80008548] -> 0x0593
mem[X,0x8000854A] -> 0x0800
[838] [M]: 0x80008548 (0x08000593) addi a1, zero, 128
x11 <- 0x00000080


mem[X,0x8000854C] -> 0x0613
mem[X,0x8000854E] -> 0x0000
[839] [M]: 0x8000854C (0x00000613) addi a2, zero, 0
x12 <- 0x00000000


mem[X,0x80008550] -> 0x006F
mem[X,0x80008552] -> 0x00C0
[840] [M]: 0x80008550 (0x00C0006F) jal zero, 12


mem[X,0x8000855C] -> 0x5063
mem[X,0x8000855E] -> 0x20B5
[841] [M]: 0x8000855C (0x20B55063) bge a0, a1, 512


mem[X,0x80008560] -> 0x0613
mem[X,0x80008562] -> 0x0026
[842] [M]: 0x80008560 (0x00260613) addi a2, a2, 2
x12 <- 0x00000002


mem[X,0x80008564] -> 0x006F
mem[X,0x80008566] -> 0x2000
[843] [M]: 0x80008564 (0x2000006F) jal zero, 512


mem[X,0x80008764] -> 0x2823
mem[X,0x80008766] -> 0x10C2
[844] [M]: 0x80008764 (0x10C22823) sw a2, 272(tp)
mem[0x8003A378] <- 0x00000002


mem[X,0x80008768] -> 0x0513
mem[X,0x8000876A] -> 0xEFF0
[845] [M]: 0x80008768 (0xEFF00513) addi a0, zero, 3839
x10 <- 0xFFFFFEFF


mem[X,0x8000876C] -> 0x05B7
mem[X,0x8000876E] -> 0xC000
[846] [M]: 0x8000876C (0xC00005B7) lui a1, 786432
x11 <- 0xC0000000


mem[X,0x80008770] -> 0x0613
mem[X,0x80008772] -> 0x0000
[847] [M]: 0x80008770 (0x00000613) addi a2, zero, 0
x12 <- 0x00000000


mem[X,0x80008774] -> 0x006F
mem[X,0x80008776] -> 0x00C0
[848] [M]: 0x80008774 (0x00C0006F) jal zero, 12


mem[X,0x80008780] -> 0x5863
mem[X,0x80008782] -> 0x00B5
[849] [M]: 0x80008780 (0x00B55863) bge a0, a1, 16


mem[X,0x80008790] -> 0x0613
mem[X,0x80008792] -> 0x0036
[850] [M]: 0x80008790 (0x00360613) addi a2, a2, 3
x12 <- 0x00000003


mem[X,0x80008794] -> 0x006F
mem[X,0x80008796] -> 0x0040
[851] [M]: 0x80008794 (0x0040006F) jal zero, 4


mem[X,0x80008798] -> 0x2A23
mem[X,0x8000879A] -> 0x10C2
[852] [M]: 0x80008798 (0x10C22A23) sw a2, 276(tp)
mem[0x8003A37C] <- 0x00000003


mem[X,0x8000879C] -> 0x0513
mem[X,0x8000879E] -> 0xDFF0
[853] [M]: 0x8000879C (0xDFF00513) addi a0, zero, 3583
x10 <- 0xFFFFFDFF


mem[X,0x800087A0] -> 0x05B7
mem[X,0x800087A2] -> 0xC000
[854] [M]: 0x800087A0 (0xC00005B7) lui a1, 786432
x11 <- 0xC0000000


mem[X,0x800087A4] -> 0x8593
mem[X,0x800087A6] -> 0xFFF5
[855] [M]: 0x800087A4 (0xFFF58593) addi a1, a1, 4095
x11 <- 0xBFFFFFFF


mem[X,0x800087A8] -> 0x0613
mem[X,0x800087AA] -> 0x0000
[856] [M]: 0x800087A8 (0x00000613) addi a2, zero, 0
x12 <- 0x00000000


mem[X,0x800087AC] -> 0x006F
mem[X,0x800087AE] -> 0x00C0
[857] [M]: 0x800087AC (0x00C0006F) jal zero, 12


mem[X,0x800087B8] -> 0x5663
mem[X,0x800087BA] -> 0x00B5
[858] [M]: 0x800087B8 (0x00B55663) bge a0, a1, 12


mem[X,0x800087C4] -> 0x0613
mem[X,0x800087C6] -> 0x0036
[859] [M]: 0x800087C4 (0x00360613) addi a2, a2, 3
x12 <- 0x00000003


mem[X,0x800087C8] -> 0x006F
mem[X,0x800087CA] -> 0x0040
[860] [M]: 0x800087C8 (0x0040006F) jal zero, 4


mem[X,0x800087CC] -> 0x2C23
mem[X,0x800087CE] -> 0x10C2
[861] [M]: 0x800087CC (0x10C22C23) sw a2, 280(tp)
mem[0x8003A380] <- 0x00000003


mem[X,0x800087D0] -> 0x0513
mem[X,0x800087D2] -> 0xBFF0
[862] [M]: 0x800087D0 (0xBFF00513) addi a0, zero, 3071
x10 <- 0xFFFFFBFF


mem[X,0x800087D4] -> 0x0593
mem[X,0x800087D6] -> 0xFFA0
[863] [M]: 0x800087D4 (0xFFA00593) addi a1, zero, 4090
x11 <- 0xFFFFFFFA


mem[X,0x800087D8] -> 0x0613
mem[X,0x800087DA] -> 0x0000
[864] [M]: 0x800087D8 (0x00000613) addi a2, zero, 0
x12 <- 0x00000000


mem[X,0x800087DC] -> 0x006F
mem[X,0x800087DE] -> 0x0180
[865] [M]: 0x800087DC (0x0180006F) jal zero, 24


mem[X,0x800087F4] -> 0x56E3
mem[X,0x800087F6] -> 0xFEB5
[866] [M]: 0x800087F4 (0xFEB556E3) bge a0, a1, 8172


mem[X,0x800087F8] -> 0x0613
mem[X,0x800087FA] -> 0x0026
[867] [M]: 0x800087F8 (0x00260613) addi a2, a2, 2
x12 <- 0x00000002


mem[X,0x800087FC] -> 0x006F
mem[X,0x800087FE] -> 0x00C0
[868] [M]: 0x800087FC (0x00C0006F) jal zero, 12


mem[X,0x80008808] -> 0x2E23
mem[X,0x8000880A] -> 0x10C2
[869] [M]: 0x80008808 (0x10C22E23) sw a2, 284(tp)
mem[0x8003A384] <- 0x00000002


mem[X,0x8000880C] -> 0xF537
mem[X,0x8000880E] -> 0xFFFF
[870] [M]: 0x8000880C (0xFFFFF537) lui a0, 1048575
x10 <- 0xFFFFF000


mem[X,0x80008810] -> 0x0513
mem[X,0x80008812] -> 0x7FF5
[871] [M]: 0x80008810 (0x7FF50513) addi a0, a0, 2047
x10 <- 0xFFFFF7FF


mem[X,0x80008814] -> 0x05B7
mem[X,0x80008816] -> 0x0004
[872] [M]: 0x80008814 (0x000405B7) lui a1, 64
x11 <- 0x00040000


mem[X,0x80008818] -> 0x0613
mem[X,0x8000881A] -> 0x0000
[873] [M]: 0x80008818 (0x00000613) addi a2, zero, 0
x12 <- 0x00000000


mem[X,0x8000881C] -> 0x006F
mem[X,0x8000881E] -> 0x00C0
[874] [M]: 0x8000881C (0x00C0006F) jal zero, 12


mem[X,0x80008828] -> 0x5063
mem[X,0x8000882A] -> 0x08B5
[875] [M]: 0x80008828 (0x08B55063) bge a0, a1, 128


mem[X,0x8000882C] -> 0x0613
mem[X,0x8000882E] -> 0x0026
[876] [M]: 0x8000882C (0x00260613) addi a2, a2, 2
x12 <- 0x00000002


mem[X,0x80008830] -> 0x006F
mem[X,0x80008832] -> 0x0800
[877] [M]: 0x80008830 (0x0800006F) jal zero, 128


mem[X,0x800088B0] -> 0x2023
mem[X,0x800088B2] -> 0x12C2
[878] [M]: 0x800088B0 (0x12C22023) sw a2, 288(tp)
mem[0x8003A388] <- 0x00000002


mem[X,0x800088B4] -> 0xC537
mem[X,0x800088B6] -> 0xFFFF
[879] [M]: 0x800088B4 (0xFFFFC537) lui a0, 1048572
x10 <- 0xFFFFC000


mem[X,0x800088B8] -> 0x0513
mem[X,0x800088BA] -> 0xFFF5
[880] [M]: 0x800088B8 (0xFFF50513) addi a0, a0, 4095
x10 <- 0xFFFFBFFF


mem[X,0x800088BC] -> 0x85B7
mem[X,0x800088BE] -> 0xFFFF
[881] [M]: 0x800088BC (0xFFFF85B7) lui a1, 1048568
x11 <- 0xFFFF8000


mem[X,0x800088C0] -> 0x8593
mem[X,0x800088C2] -> 0xFFF5
[882] [M]: 0x800088C0 (0xFFF58593) addi a1, a1, 4095
x11 <- 0xFFFF7FFF


mem[X,0x800088C4] -> 0x0613
mem[X,0x800088C6] -> 0x0000
[883] [M]: 0x800088C4 (0x00000613) addi a2, zero, 0
x12 <- 0x00000000


mem[X,0x800088C8] -> 0x006F
mem[X,0x800088CA] -> 0x00C0
[884] [M]: 0x800088C8 (0x00C0006F) jal zero, 12


mem[X,0x800088D4] -> 0x5063
mem[X,0x800088D6] -> 0x10B5
[885] [M]: 0x800088D4 (0x10B55063) bge a0, a1, 256


mem[X,0x800089D4] -> 0x0613
mem[X,0x800089D6] -> 0x0036
[886] [M]: 0x800089D4 (0x00360613) addi a2, a2, 3
x12 <- 0x00000003


mem[X,0x800089D8] -> 0x006F
mem[X,0x800089DA] -> 0x0040
[887] [M]: 0x800089D8 (0x0040006F) jal zero, 4


mem[X,0x800089DC] -> 0x2223
mem[X,0x800089DE] -> 0x12C2
[888] [M]: 0x800089DC (0x12C22223) sw a2, 292(tp)
mem[0x8003A38C] <- 0x00000003


mem[X,0x800089E0] -> 0x8537
mem[X,0x800089E2] -> 0xFFFF
[889] [M]: 0x800089E0 (0xFFFF8537) lui a0, 1048568
x10 <- 0xFFFF8000


mem[X,0x800089E4] -> 0x0513
mem[X,0x800089E6] -> 0xFFF5
[890] [M]: 0x800089E4 (0xFFF50513) addi a0, a0, 4095
x10 <- 0xFFFF7FFF


mem[X,0x800089E8] -> 0x05B7
mem[X,0x800089EA] -> 0x0080
[891] [M]: 0x800089E8 (0x008005B7) lui a1, 2048
x11 <- 0x00800000


mem[X,0x800089EC] -> 0x0613
mem[X,0x800089EE] -> 0x0000
[892] [M]: 0x800089EC (0x00000613) addi a2, zero, 0
x12 <- 0x00000000


mem[X,0x800089F0] -> 0x006F
mem[X,0x800089F2] -> 0x00C0
[893] [M]: 0x800089F0 (0x00C0006F) jal zero, 12


mem[X,0x800089FC] -> 0x5063
mem[X,0x800089FE] -> 0x20B5
[894] [M]: 0x800089FC (0x20B55063) bge a0, a1, 512


mem[X,0x80008A00] -> 0x0613
mem[X,0x80008A02] -> 0x0026
[895] [M]: 0x80008A00 (0x00260613) addi a2, a2, 2
x12 <- 0x00000002


mem[X,0x80008A04] -> 0x006F
mem[X,0x80008A06] -> 0x2000
[896] [M]: 0x80008A04 (0x2000006F) jal zero, 512


mem[X,0x80008C04] -> 0x2423
mem[X,0x80008C06] -> 0x12C2
[897] [M]: 0x80008C04 (0x12C22423) sw a2, 296(tp)
mem[0x8003A390] <- 0x00000002


mem[X,0x80008C08] -> 0x0537
mem[X,0x80008C0A] -> 0xFFFF
[898] [M]: 0x80008C08 (0xFFFF0537) lui a0, 1048560
x10 <- 0xFFFF0000


mem[X,0x80008C0C] -> 0x0513
mem[X,0x80008C0E] -> 0xFFF5
[899] [M]: 0x80008C0C (0xFFF50513) addi a0, a0, 4095
x10 <- 0xFFFEFFFF


clint::tick mtime <- 0x0000000000000009
 clint timer pending at mtime 0x0000000000000009
htif::tick 0x0000000000000000
mem[X,0x80008C10] -> 0x05B7
mem[X,0x80008C12] -> 0x0800
[900] [M]: 0x80008C10 (0x080005B7) lui a1, 32768
x11 <- 0x08000000


mem[X,0x80008C14] -> 0x0613
mem[X,0x80008C16] -> 0x0000
[901] [M]: 0x80008C14 (0x00000613) addi a2, zero, 0
x12 <- 0x00000000


mem[X,0x80008C18] -> 0x006F
mem[X,0x80008C1A] -> 0x00C0
[902] [M]: 0x80008C18 (0x00C0006F) jal zero, 12


mem[X,0x80008C24] -> 0x5663
mem[X,0x80008C26] -> 0x00B5
[903] [M]: 0x80008C24 (0x00B55663) bge a0, a1, 12


mem[X,0x80008C28] -> 0x0613
mem[X,0x80008C2A] -> 0x0026
[904] [M]: 0x80008C28 (0x00260613) addi a2, a2, 2
x12 <- 0x00000002


mem[X,0x80008C2C] -> 0x006F
mem[X,0x80008C2E] -> 0x00C0
[905] [M]: 0x80008C2C (0x00C0006F) jal zero, 12


mem[X,0x80008C38] -> 0x2623
mem[X,0x80008C3A] -> 0x12C2
[906] [M]: 0x80008C38 (0x12C22623) sw a2, 300(tp)
mem[0x8003A394] <- 0x00000002


mem[X,0x80008C3C] -> 0x0537
mem[X,0x80008C3E] -> 0xFFFE
[907] [M]: 0x80008C3C (0xFFFE0537) lui a0, 1048544
x10 <- 0xFFFE0000


mem[X,0x80008C40] -> 0x0513
mem[X,0x80008C42] -> 0xFFF5
[908] [M]: 0x80008C40 (0xFFF50513) addi a0, a0, 4095
x10 <- 0xFFFDFFFF


mem[X,0x80008C44] -> 0x0593
mem[X,0x80008C46] -> 0x0070
[909] [M]: 0x80008C44 (0x00700593) addi a1, zero, 7
x11 <- 0x00000007


mem[X,0x80008C48] -> 0x0613
mem[X,0x80008C4A] -> 0x0000
[910] [M]: 0x80008C48 (0x00000613) addi a2, zero, 0
x12 <- 0x00000000


mem[X,0x80008C4C] -> 0x006F
mem[X,0x80008C4E] -> 0x00C0
[911] [M]: 0x80008C4C (0x00C0006F) jal zero, 12


mem[X,0x80008C58] -> 0x5663
mem[X,0x80008C5A] -> 0x00B5
[912] [M]: 0x80008C58 (0x00B55663) bge a0, a1, 12


mem[X,0x80008C5C] -> 0x0613
mem[X,0x80008C5E] -> 0x0026
[913] [M]: 0x80008C5C (0x00260613) addi a2, a2, 2
x12 <- 0x00000002


mem[X,0x80008C60] -> 0x006F
mem[X,0x80008C62] -> 0x00C0
[914] [M]: 0x80008C60 (0x00C0006F) jal zero, 12


mem[X,0x80008C6C] -> 0x2823
mem[X,0x80008C6E] -> 0x12C2
[915] [M]: 0x80008C6C (0x12C22823) sw a2, 304(tp)
mem[0x8003A398] <- 0x00000002


mem[X,0x80008C70] -> 0x0537
mem[X,0x80008C72] -> 0xFF80
[916] [M]: 0x80008C70 (0xFF800537) lui a0, 1046528
x10 <- 0xFF800000


mem[X,0x80008C74] -> 0x0513
mem[X,0x80008C76] -> 0xFFF5
[917] [M]: 0x80008C74 (0xFFF50513) addi a0, a0, 4095
x10 <- 0xFF7FFFFF


mem[X,0x80008C78] -> 0x25B7
mem[X,0x80008C7A] -> 0x0000
[918] [M]: 0x80008C78 (0x000025B7) lui a1, 2
x11 <- 0x00002000


mem[X,0x80008C7C] -> 0x0613
mem[X,0x80008C7E] -> 0x0000
[919] [M]: 0x80008C7C (0x00000613) addi a2, zero, 0
x12 <- 0x00000000


mem[X,0x80008C80] -> 0x006F
mem[X,0x80008C82] -> 0x00C0
[920] [M]: 0x80008C80 (0x00C0006F) jal zero, 12


mem[X,0x80008C8C] -> 0x5663
mem[X,0x80008C8E] -> 0x00B5
[921] [M]: 0x80008C8C (0x00B55663) bge a0, a1, 12


mem[X,0x80008C90] -> 0x0613
mem[X,0x80008C92] -> 0x0026
[922] [M]: 0x80008C90 (0x00260613) addi a2, a2, 2
x12 <- 0x00000002


mem[X,0x80008C94] -> 0x006F
mem[X,0x80008C96] -> 0x00C0
[923] [M]: 0x80008C94 (0x00C0006F) jal zero, 12


mem[X,0x80008CA0] -> 0x2A23
mem[X,0x80008CA2] -> 0x12C2
[924] [M]: 0x80008CA0 (0x12C22A23) sw a2, 308(tp)
mem[0x8003A39C] <- 0x00000002


mem[X,0x80008CA4] -> 0x0537
mem[X,0x80008CA6] -> 0xFF00
[925] [M]: 0x80008CA4 (0xFF000537) lui a0, 1044480
x10 <- 0xFF000000


mem[X,0x80008CA8] -> 0x0513
mem[X,0x80008CAA] -> 0xFFF5
[926] [M]: 0x80008CA8 (0xFFF50513) addi a0, a0, 4095
x10 <- 0xFEFFFFFF


mem[X,0x80008CAC] -> 0x0593
mem[X,0x80008CAE] -> 0x0200
[927] [M]: 0x80008CAC (0x02000593) addi a1, zero, 32
x11 <- 0x00000020


mem[X,0x80008CB0] -> 0x0613
mem[X,0x80008CB2] -> 0x0000
[928] [M]: 0x80008CB0 (0x00000613) addi a2, zero, 0
x12 <- 0x00000000


mem[X,0x80008CB4] -> 0x006F
mem[X,0x80008CB6] -> 0x00C0
[929] [M]: 0x80008CB4 (0x00C0006F) jal zero, 12


mem[X,0x80008CC0] -> 0x5663
mem[X,0x80008CC2] -> 0x00B5
[930] [M]: 0x80008CC0 (0x00B55663) bge a0, a1, 12


mem[X,0x80008CC4] -> 0x0613
mem[X,0x80008CC6] -> 0x0026
[931] [M]: 0x80008CC4 (0x00260613) addi a2, a2, 2
x12 <- 0x00000002


mem[X,0x80008CC8] -> 0x006F
mem[X,0x80008CCA] -> 0x00C0
[932] [M]: 0x80008CC8 (0x00C0006F) jal zero, 12


mem[X,0x80008CD4] -> 0x2C23
mem[X,0x80008CD6] -> 0x12C2
[933] [M]: 0x80008CD4 (0x12C22C23) sw a2, 312(tp)
mem[0x8003A3A0] <- 0x00000002


mem[X,0x80008CD8] -> 0x0537
mem[X,0x80008CDA] -> 0xFE00
[934] [M]: 0x80008CD8 (0xFE000537) lui a0, 1040384
x10 <- 0xFE000000


mem[X,0x80008CDC] -> 0x0513
mem[X,0x80008CDE] -> 0xFFF5
[935] [M]: 0x80008CDC (0xFFF50513) addi a0, a0, 4095
x10 <- 0xFDFFFFFF


mem[X,0x80008CE0] -> 0x0593
mem[X,0x80008CE2] -> 0x0040
[936] [M]: 0x80008CE0 (0x00400593) addi a1, zero, 4
x11 <- 0x00000004


mem[X,0x80008CE4] -> 0x0613
mem[X,0x80008CE6] -> 0x0000
[937] [M]: 0x80008CE4 (0x00000613) addi a2, zero, 0
x12 <- 0x00000000


mem[X,0x80008CE8] -> 0x006F
mem[X,0x80008CEA] -> 0x00C0
[938] [M]: 0x80008CE8 (0x00C0006F) jal zero, 12


mem[X,0x80008CF4] -> 0x5663
mem[X,0x80008CF6] -> 0x00B5
[939] [M]: 0x80008CF4 (0x00B55663) bge a0, a1, 12


mem[X,0x80008CF8] -> 0x0613
mem[X,0x80008CFA] -> 0x0026
[940] [M]: 0x80008CF8 (0x00260613) addi a2, a2, 2
x12 <- 0x00000002


mem[X,0x80008CFC] -> 0x006F
mem[X,0x80008CFE] -> 0x00C0
[941] [M]: 0x80008CFC (0x00C0006F) jal zero, 12


mem[X,0x80008D08] -> 0x2E23
mem[X,0x80008D0A] -> 0x12C2
[942] [M]: 0x80008D08 (0x12C22E23) sw a2, 316(tp)
mem[0x8003A3A4] <- 0x00000002


mem[X,0x80008D0C] -> 0x0537
mem[X,0x80008D0E] -> 0xF000
[943] [M]: 0x80008D0C (0xF0000537) lui a0, 983040
x10 <- 0xF0000000


mem[X,0x80008D10] -> 0x0513
mem[X,0x80008D12] -> 0xFFF5
[944] [M]: 0x80008D10 (0xFFF50513) addi a0, a0, 4095
x10 <- 0xEFFFFFFF


mem[X,0x80008D14] -> 0x0593
mem[X,0x80008D16] -> 0x0800
[945] [M]: 0x80008D14 (0x08000593) addi a1, zero, 128
x11 <- 0x00000080


mem[X,0x80008D18] -> 0x0613
mem[X,0x80008D1A] -> 0x0000
[946] [M]: 0x80008D18 (0x00000613) addi a2, zero, 0
x12 <- 0x00000000


mem[X,0x80008D1C] -> 0x006F
mem[X,0x80008D1E] -> 0x00C0
[947] [M]: 0x80008D1C (0x00C0006F) jal zero, 12


mem[X,0x80008D28] -> 0x5063
mem[X,0x80008D2A] -> 0x08B5
[948] [M]: 0x80008D28 (0x08B55063) bge a0, a1, 128


mem[X,0x80008D2C] -> 0x0613
mem[X,0x80008D2E] -> 0x0026
[949] [M]: 0x80008D2C (0x00260613) addi a2, a2, 2
x12 <- 0x00000002


mem[X,0x80008D30] -> 0x006F
mem[X,0x80008D32] -> 0x0800
[950] [M]: 0x80008D30 (0x0800006F) jal zero, 128


mem[X,0x80008DB0] -> 0x2023
mem[X,0x80008DB2] -> 0x14C2
[951] [M]: 0x80008DB0 (0x14C22023) sw a2, 320(tp)
mem[0x8003A3A8] <- 0x00000002


mem[X,0x80008DB4] -> 0x0537
mem[X,0x80008DB6] -> 0xE000
[952] [M]: 0x80008DB4 (0xE0000537) lui a0, 917504
x10 <- 0xE0000000


mem[X,0x80008DB8] -> 0x0513
mem[X,0x80008DBA] -> 0xFFF5
[953] [M]: 0x80008DB8 (0xFFF50513) addi a0, a0, 4095
x10 <- 0xDFFFFFFF


mem[X,0x80008DBC] -> 0x65B7
mem[X,0x80008DBE] -> 0x6666
[954] [M]: 0x80008DBC (0x666665B7) lui a1, 419430
x11 <- 0x66666000


mem[X,0x80008DC0] -> 0x8593
mem[X,0x80008DC2] -> 0x6665
[955] [M]: 0x80008DC0 (0x66658593) addi a1, a1, 1638
x11 <- 0x66666666


mem[X,0x80008DC4] -> 0x0613
mem[X,0x80008DC6] -> 0x0000
[956] [M]: 0x80008DC4 (0x00000613) addi a2, zero, 0
x12 <- 0x00000000


mem[X,0x80008DC8] -> 0x006F
mem[X,0x80008DCA] -> 0x00C0
[957] [M]: 0x80008DC8 (0x00C0006F) jal zero, 12


mem[X,0x80008DD4] -> 0x5663
mem[X,0x80008DD6] -> 0x00B5
[958] [M]: 0x80008DD4 (0x00B55663) bge a0, a1, 12


mem[X,0x80008DD8] -> 0x0613
mem[X,0x80008DDA] -> 0x0026
[959] [M]: 0x80008DD8 (0x00260613) addi a2, a2, 2
x12 <- 0x00000002


mem[X,0x80008DDC] -> 0x006F
mem[X,0x80008DDE] -> 0x00C0
[960] [M]: 0x80008DDC (0x00C0006F) jal zero, 12


mem[X,0x80008DE8] -> 0x2223
mem[X,0x80008DEA] -> 0x14C2
[961] [M]: 0x80008DE8 (0x14C22223) sw a2, 324(tp)
mem[0x8003A3AC] <- 0x00000002


mem[X,0x80008DEC] -> 0x0537
mem[X,0x80008DEE] -> 0xC000
[962] [M]: 0x80008DEC (0xC0000537) lui a0, 786432
x10 <- 0xC0000000


mem[X,0x80008DF0] -> 0x0513
mem[X,0x80008DF2] -> 0xFFF5
[963] [M]: 0x80008DF0 (0xFFF50513) addi a0, a0, 4095
x10 <- 0xBFFFFFFF


mem[X,0x80008DF4] -> 0x05B7
mem[X,0x80008DF6] -> 0x4000
[964] [M]: 0x80008DF4 (0x400005B7) lui a1, 262144
x11 <- 0x40000000


mem[X,0x80008DF8] -> 0x0613
mem[X,0x80008DFA] -> 0x0000
[965] [M]: 0x80008DF8 (0x00000613) addi a2, zero, 0
x12 <- 0x00000000


mem[X,0x80008DFC] -> 0x006F
mem[X,0x80008DFE] -> 0x00C0
[966] [M]: 0x80008DFC (0x00C0006F) jal zero, 12


mem[X,0x80008E08] -> 0x5063
mem[X,0x80008E0A] -> 0x40B5
[967] [M]: 0x80008E08 (0x40B55063) bge a0, a1, 1024


mem[X,0x80008E0C] -> 0x0613
mem[X,0x80008E0E] -> 0x0026
[968] [M]: 0x80008E0C (0x00260613) addi a2, a2, 2
x12 <- 0x00000002


mem[X,0x80008E10] -> 0x006F
mem[X,0x80008E12] -> 0x4000
[969] [M]: 0x80008E10 (0x4000006F) jal zero, 1024


mem[X,0x80009210] -> 0x2423
mem[X,0x80009212] -> 0x14C2
[970] [M]: 0x80009210 (0x14C22423) sw a2, 328(tp)
mem[0x8003A3B0] <- 0x00000002


mem[X,0x80009214] -> 0x0537
mem[X,0x80009216] -> 0x8000
[971] [M]: 0x80009214 (0x80000537) lui a0, 524288
x10 <- 0x80000000


mem[X,0x80009218] -> 0x0513
mem[X,0x8000921A] -> 0xFFF5
[972] [M]: 0x80009218 (0xFFF50513) addi a0, a0, 4095
x10 <- 0x7FFFFFFF


mem[X,0x8000921C] -> 0x0593
mem[X,0x8000921E] -> 0x0050
[973] [M]: 0x8000921C (0x00500593) addi a1, zero, 5
x11 <- 0x00000005


mem[X,0x80009220] -> 0x0613
mem[X,0x80009222] -> 0x0000
[974] [M]: 0x80009220 (0x00000613) addi a2, zero, 0
x12 <- 0x00000000


mem[X,0x80009224] -> 0x006F
mem[X,0x80009226] -> 0x0140
[975] [M]: 0x80009224 (0x0140006F) jal zero, 20


mem[X,0x80009238] -> 0x58E3
mem[X,0x8000923A] -> 0xFEB5
[976] [M]: 0x80009238 (0xFEB558E3) bge a0, a1, 8176


mem[X,0x80009228] -> 0x0613
mem[X,0x8000922A] -> 0x0016
[977] [M]: 0x80009228 (0x00160613) addi a2, a2, 1
x12 <- 0x00000001


mem[X,0x8000922C] -> 0x006F
mem[X,0x8000922E] -> 0x0200
[978] [M]: 0x8000922C (0x0200006F) jal zero, 32


mem[X,0x8000924C] -> 0x2623
mem[X,0x8000924E] -> 0x14C2
[979] [M]: 0x8000924C (0x14C22623) sw a2, 332(tp)
mem[0x8003A3B4] <- 0x00000001


mem[X,0x80009250] -> 0x5537
mem[X,0x80009252] -> 0x5555
[980] [M]: 0x80009250 (0x55555537) lui a0, 349525
x10 <- 0x55555000


mem[X,0x80009254] -> 0x0513
mem[X,0x80009256] -> 0x5555
[981] [M]: 0x80009254 (0x55550513) addi a0, a0, 1365
x10 <- 0x55555555


mem[X,0x80009258] -> 0xB5B7
mem[X,0x8000925A] -> 0xAAAA
[982] [M]: 0x80009258 (0xAAAAB5B7) lui a1, 699051
x11 <- 0xAAAAB000


mem[X,0x8000925C] -> 0x8593
mem[X,0x8000925E] -> 0xAAA5
[983] [M]: 0x8000925C (0xAAA58593) addi a1, a1, 2730
x11 <- 0xAAAAAAAA


mem[X,0x80009260] -> 0x0613
mem[X,0x80009262] -> 0x0000
[984] [M]: 0x80009260 (0x00000613) addi a2, zero, 0
x12 <- 0x00000000


mem[X,0x80009264] -> 0x006F
mem[X,0x80009266] -> 0x00C0
[985] [M]: 0x80009264 (0x00C0006F) jal zero, 12


mem[X,0x80009270] -> 0x5063
mem[X,0x80009272] -> 0x20B5
[986] [M]: 0x80009270 (0x20B55063) bge a0, a1, 512


mem[X,0x80009470] -> 0x0613
mem[X,0x80009472] -> 0x0036
[987] [M]: 0x80009470 (0x00360613) addi a2, a2, 3
x12 <- 0x00000003


mem[X,0x80009474] -> 0x006F
mem[X,0x80009476] -> 0x0040
[988] [M]: 0x80009474 (0x0040006F) jal zero, 4


mem[X,0x80009478] -> 0x2823
mem[X,0x8000947A] -> 0x14C2
[989] [M]: 0x80009478 (0x14C22823) sw a2, 336(tp)
mem[0x8003A3B8] <- 0x00000003


mem[X,0x8000947C] -> 0x0513
mem[X,0x8000947E] -> 0x0030
[990] [M]: 0x8000947C (0x00300513) addi a0, zero, 3
x10 <- 0x00000003


mem[X,0x80009480] -> 0x0593
mem[X,0x80009482] -> 0x0030
[991] [M]: 0x80009480 (0x00300593) addi a1, zero, 3
x11 <- 0x00000003


mem[X,0x80009484] -> 0x0613
mem[X,0x80009486] -> 0x0000
[992] [M]: 0x80009484 (0x00000613) addi a2, zero, 0
x12 <- 0x00000000


mem[X,0x80009488] -> 0x006F
mem[X,0x8000948A] -> 0x00C0
[993] [M]: 0x80009488 (0x00C0006F) jal zero, 12


mem[X,0x80009494] -> 0x5663
mem[X,0x80009496] -> 0x00B5
[994] [M]: 0x80009494 (0x00B55663) bge a0, a1, 12


mem[X,0x800094A0] -> 0x0613
mem[X,0x800094A2] -> 0x0036
[995] [M]: 0x800094A0 (0x00360613) addi a2, a2, 3
x12 <- 0x00000003


mem[X,0x800094A4] -> 0x006F
mem[X,0x800094A6] -> 0x0040
[996] [M]: 0x800094A4 (0x0040006F) jal zero, 4


mem[X,0x800094A8] -> 0x2A23
mem[X,0x800094AA] -> 0x14C2
[997] [M]: 0x800094A8 (0x14C22A23) sw a2, 340(tp)
mem[0x8003A3BC] <- 0x00000003


mem[X,0x800094AC] -> 0x0513
mem[X,0x800094AE] -> 0x0030
[998] [M]: 0x800094AC (0x00300513) addi a0, zero, 3
x10 <- 0x00000003


mem[X,0x800094B0] -> 0x55B7
mem[X,0x800094B2] -> 0x5555
[999] [M]: 0x800094B0 (0x555555B7) lui a1, 349525
x11 <- 0x55555000


clint::tick mtime <- 0x000000000000000A
 clint timer pending at mtime 0x000000000000000A
htif::tick 0x0000000000000000
mem[X,0x800094B4] -> 0x8593
mem[X,0x800094B6] -> 0x5555
[1000] [M]: 0x800094B4 (0x55558593) addi a1, a1, 1365
x11 <- 0x55555555


mem[X,0x800094B8] -> 0x0613
mem[X,0x800094BA] -> 0x0000
[1001] [M]: 0x800094B8 (0x00000613) addi a2, zero, 0
x12 <- 0x00000000


mem[X,0x800094BC] -> 0x006F
mem[X,0x800094BE] -> 0x0180
[1002] [M]: 0x800094BC (0x0180006F) jal zero, 24


mem[X,0x800094D4] -> 0x56E3
mem[X,0x800094D6] -> 0xFEB5
[1003] [M]: 0x800094D4 (0xFEB556E3) bge a0, a1, 8172


mem[X,0x800094D8] -> 0x0613
mem[X,0x800094DA] -> 0x0026
[1004] [M]: 0x800094D8 (0x00260613) addi a2, a2, 2
x12 <- 0x00000002


mem[X,0x800094DC] -> 0x006F
mem[X,0x800094DE] -> 0x00C0
[1005] [M]: 0x800094DC (0x00C0006F) jal zero, 12


mem[X,0x800094E8] -> 0x2C23
mem[X,0x800094EA] -> 0x14C2
[1006] [M]: 0x800094E8 (0x14C22C23) sw a2, 344(tp)
mem[0x8003A3C0] <- 0x00000002


mem[X,0x800094EC] -> 0x0513
mem[X,0x800094EE] -> 0x0030
[1007] [M]: 0x800094EC (0x00300513) addi a0, zero, 3
x10 <- 0x00000003


mem[X,0x800094F0] -> 0xB5B7
mem[X,0x800094F2] -> 0xAAAA
[1008] [M]: 0x800094F0 (0xAAAAB5B7) lui a1, 699051
x11 <- 0xAAAAB000


mem[X,0x800094F4] -> 0x8593
mem[X,0x800094F6] -> 0xAAA5
[1009] [M]: 0x800094F4 (0xAAA58593) addi a1, a1, 2730
x11 <- 0xAAAAAAAA


mem[X,0x800094F8] -> 0x0613
mem[X,0x800094FA] -> 0x0000
[1010] [M]: 0x800094F8 (0x00000613) addi a2, zero, 0
x12 <- 0x00000000


mem[X,0x800094FC] -> 0x006F
mem[X,0x800094FE] -> 0x00C0
[1011] [M]: 0x800094FC (0x00C0006F) jal zero, 12


mem[X,0x80009508] -> 0x5063
mem[X,0x8000950A] -> 0x20B5
[1012] [M]: 0x80009508 (0x20B55063) bge a0, a1, 512


mem[X,0x80009708] -> 0x0613
mem[X,0x8000970A] -> 0x0036
[1013] [M]: 0x80009708 (0x00360613) addi a2, a2, 3
x12 <- 0x00000003


mem[X,0x8000970C] -> 0x006F
mem[X,0x8000970E] -> 0x0040
[1014] [M]: 0x8000970C (0x0040006F) jal zero, 4


mem[X,0x80009710] -> 0x2E23
mem[X,0x80009712] -> 0x14C2
[1015] [M]: 0x80009710 (0x14C22E23) sw a2, 348(tp)
mem[0x8003A3C4] <- 0x00000003


mem[X,0x80009714] -> 0x0513
mem[X,0x80009716] -> 0x0030
[1016] [M]: 0x80009714 (0x00300513) addi a0, zero, 3
x10 <- 0x00000003


mem[X,0x80009718] -> 0x0593
mem[X,0x8000971A] -> 0x0050
[1017] [M]: 0x80009718 (0x00500593) addi a1, zero, 5
x11 <- 0x00000005


mem[X,0x8000971C] -> 0x0613
mem[X,0x8000971E] -> 0x0000
[1018] [M]: 0x8000971C (0x00000613) addi a2, zero, 0
x12 <- 0x00000000


mem[X,0x80009720] -> 0x006F
mem[X,0x80009722] -> 0x00C0
[1019] [M]: 0x80009720 (0x00C0006F) jal zero, 12


mem[X,0x8000972C] -> 0x5063
mem[X,0x8000972E] -> 0x02B5
[1020] [M]: 0x8000972C (0x02B55063) bge a0, a1, 32


mem[X,0x80009730] -> 0x0613
mem[X,0x80009732] -> 0x0026
[1021] [M]: 0x80009730 (0x00260613) addi a2, a2, 2
x12 <- 0x00000002


mem[X,0x80009734] -> 0x006F
mem[X,0x80009736] -> 0x0200
[1022] [M]: 0x80009734 (0x0200006F) jal zero, 32


mem[X,0x80009754] -> 0x2023
mem[X,0x80009756] -> 0x16C2
[1023] [M]: 0x80009754 (0x16C22023) sw a2, 352(tp)
mem[0x8003A3C8] <- 0x00000002


mem[X,0x80009758] -> 0x0513
mem[X,0x8000975A] -> 0x0030
[1024] [M]: 0x80009758 (0x00300513) addi a0, zero, 3
x10 <- 0x00000003


mem[X,0x8000975C] -> 0x35B7
mem[X,0x8000975E] -> 0x3333
[1025] [M]: 0x8000975C (0x333335B7) lui a1, 209715
x11 <- 0x33333000


mem[X,0x80009760] -> 0x8593
mem[X,0x80009762] -> 0x3335
[1026] [M]: 0x80009760 (0x33358593) addi a1, a1, 819
x11 <- 0x33333333


mem[X,0x80009764] -> 0x0613
mem[X,0x80009766] -> 0x0000
[1027] [M]: 0x80009764 (0x00000613) addi a2, zero, 0
x12 <- 0x00000000


mem[X,0x80009768] -> 0x006F
mem[X,0x8000976A] -> 0x00C0
[1028] [M]: 0x80009768 (0x00C0006F) jal zero, 12


mem[X,0x80009774] -> 0x5CE3
mem[X,0x80009776] -> 0xFEB5
[1029] [M]: 0x80009774 (0xFEB55CE3) bge a0, a1, 8184


mem[X,0x80009778] -> 0x0613
mem[X,0x8000977A] -> 0x0026
[1030] [M]: 0x80009778 (0x00260613) addi a2, a2, 2
x12 <- 0x00000002


mem[X,0x8000977C] -> 0x006F
mem[X,0x8000977E] -> 0x00C0
[1031] [M]: 0x8000977C (0x00C0006F) jal zero, 12


mem[X,0x80009788] -> 0x2223
mem[X,0x8000978A] -> 0x16C2
[1032] [M]: 0x80009788 (0x16C22223) sw a2, 356(tp)
mem[0x8003A3CC] <- 0x00000002


mem[X,0x8000978C] -> 0x0513
mem[X,0x8000978E] -> 0x0030
[1033] [M]: 0x8000978C (0x00300513) addi a0, zero, 3
x10 <- 0x00000003


mem[X,0x80009790] -> 0x65B7
mem[X,0x80009792] -> 0x6666
[1034] [M]: 0x80009790 (0x666665B7) lui a1, 419430
x11 <- 0x66666000


mem[X,0x80009794] -> 0x8593
mem[X,0x80009796] -> 0x6665
[1035] [M]: 0x80009794 (0x66658593) addi a1, a1, 1638
x11 <- 0x66666666


mem[X,0x80009798] -> 0x0613
mem[X,0x8000979A] -> 0x0000
[1036] [M]: 0x80009798 (0x00000613) addi a2, zero, 0
x12 <- 0x00000000


mem[X,0x8000979C] -> 0x006F
mem[X,0x8000979E] -> 0x00C0
[1037] [M]: 0x8000979C (0x00C0006F) jal zero, 12


mem[X,0x800097A8] -> 0x5063
mem[X,0x800097AA] -> 0x04B5
[1038] [M]: 0x800097A8 (0x04B55063) bge a0, a1, 64


mem[X,0x800097AC] -> 0x0613
mem[X,0x800097AE] -> 0x0026
[1039] [M]: 0x800097AC (0x00260613) addi a2, a2, 2
x12 <- 0x00000002


mem[X,0x800097B0] -> 0x006F
mem[X,0x800097B2] -> 0x0400
[1040] [M]: 0x800097B0 (0x0400006F) jal zero, 64


mem[X,0x800097F0] -> 0x2423
mem[X,0x800097F2] -> 0x16C2
[1041] [M]: 0x800097F0 (0x16C22423) sw a2, 360(tp)
mem[0x8003A3D0] <- 0x00000002


mem[X,0x800097F4] -> 0x0513
mem[X,0x800097F6] -> 0x0030
[1042] [M]: 0x800097F4 (0x00300513) addi a0, zero, 3
x10 <- 0x00000003


mem[X,0x800097F8] -> 0x55B7
mem[X,0x800097FA] -> 0xFFFF
[1043] [M]: 0x800097F8 (0xFFFF55B7) lui a1, 1048565
x11 <- 0xFFFF5000


mem[X,0x800097FC] -> 0x8593
mem[X,0x800097FE] -> 0xAFC5
[1044] [M]: 0x800097FC (0xAFC58593) addi a1, a1, 2812
x11 <- 0xFFFF4AFC


mem[X,0x80009800] -> 0x0613
mem[X,0x80009802] -> 0x0000
[1045] [M]: 0x80009800 (0x00000613) addi a2, zero, 0
x12 <- 0x00000000


mem[X,0x80009804] -> 0x006F
mem[X,0x80009806] -> 0x0100
[1046] [M]: 0x80009804 (0x0100006F) jal zero, 16


mem[X,0x80009814] -> 0x5AE3
mem[X,0x80009816] -> 0xFEB5
[1047] [M]: 0x80009814 (0xFEB55AE3) bge a0, a1, 8180


mem[X,0x80009808] -> 0x0613
mem[X,0x8000980A] -> 0x0016
[1048] [M]: 0x80009808 (0x00160613) addi a2, a2, 1
x12 <- 0x00000001


mem[X,0x8000980C] -> 0x006F
mem[X,0x8000980E] -> 0x01C0
[1049] [M]: 0x8000980C (0x01C0006F) jal zero, 28


mem[X,0x80009828] -> 0x2623
mem[X,0x8000982A] -> 0x16C2
[1050] [M]: 0x80009828 (0x16C22623) sw a2, 364(tp)
mem[0x8003A3D4] <- 0x00000001


mem[X,0x8000982C] -> 0x0513
mem[X,0x8000982E] -> 0x0030
[1051] [M]: 0x8000982C (0x00300513) addi a0, zero, 3
x10 <- 0x00000003


mem[X,0x80009830] -> 0xB5B7
mem[X,0x80009832] -> 0x0000
[1052] [M]: 0x80009830 (0x0000B5B7) lui a1, 11
x11 <- 0x0000B000


mem[X,0x80009834] -> 0x8593
mem[X,0x80009836] -> 0x5045
[1053] [M]: 0x80009834 (0x50458593) addi a1, a1, 1284
x11 <- 0x0000B504


mem[X,0x80009838] -> 0x0613
mem[X,0x8000983A] -> 0x0000
[1054] [M]: 0x80009838 (0x00000613) addi a2, zero, 0
x12 <- 0x00000000


mem[X,0x8000983C] -> 0x006F
mem[X,0x8000983E] -> 0x0050
[1055] [M]: 0x8000983C (0x0050006F) jal zero, 2052


mem[X,0x8000A040] -> 0x50E3
mem[X,0x8000A042] -> 0x80B5
[1056] [M]: 0x8000A040 (0x80B550E3) bge a0, a1, 6144


mem[X,0x8000A044] -> 0x0613
mem[X,0x8000A046] -> 0x0026
[1057] [M]: 0x8000A044 (0x00260613) addi a2, a2, 2
x12 <- 0x00000002


mem[X,0x8000A048] -> 0x006F
mem[X,0x8000A04A] -> 0x00C0
[1058] [M]: 0x8000A048 (0x00C0006F) jal zero, 12


mem[X,0x8000A054] -> 0x2823
mem[X,0x8000A056] -> 0x16C2
[1059] [M]: 0x8000A054 (0x16C22823) sw a2, 368(tp)
mem[0x8003A3D8] <- 0x00000002


mem[X,0x8000A058] -> 0x0513
mem[X,0x8000A05A] -> 0x0030
[1060] [M]: 0x8000A058 (0x00300513) addi a0, zero, 3
x10 <- 0x00000003


mem[X,0x8000A05C] -> 0x0593
mem[X,0x8000A05E] -> 0x0020
[1061] [M]: 0x8000A05C (0x00200593) addi a1, zero, 2
x11 <- 0x00000002


mem[X,0x8000A060] -> 0x0613
mem[X,0x8000A062] -> 0x0000
[1062] [M]: 0x8000A060 (0x00000613) addi a2, zero, 0
x12 <- 0x00000000


mem[X,0x8000A064] -> 0x006F
mem[X,0x8000A066] -> 0x00C0
[1063] [M]: 0x8000A064 (0x00C0006F) jal zero, 12


mem[X,0x8000A070] -> 0x5663
mem[X,0x8000A072] -> 0x00B5
[1064] [M]: 0x8000A070 (0x00B55663) bge a0, a1, 12


mem[X,0x8000A07C] -> 0x0613
mem[X,0x8000A07E] -> 0x0036
[1065] [M]: 0x8000A07C (0x00360613) addi a2, a2, 3
x12 <- 0x00000003


mem[X,0x8000A080] -> 0x006F
mem[X,0x8000A082] -> 0x0040
[1066] [M]: 0x8000A080 (0x0040006F) jal zero, 4


mem[X,0x8000A084] -> 0x2A23
mem[X,0x8000A086] -> 0x16C2
[1067] [M]: 0x8000A084 (0x16C22A23) sw a2, 372(tp)
mem[0x8003A3DC] <- 0x00000003


mem[X,0x8000A088] -> 0x0513
mem[X,0x8000A08A] -> 0x0030
[1068] [M]: 0x8000A088 (0x00300513) addi a0, zero, 3
x10 <- 0x00000003


mem[X,0x8000A08C] -> 0x55B7
mem[X,0x8000A08E] -> 0x5555
[1069] [M]: 0x8000A08C (0x555555B7) lui a1, 349525
x11 <- 0x55555000


mem[X,0x8000A090] -> 0x8593
mem[X,0x8000A092] -> 0x5545
[1070] [M]: 0x8000A090 (0x55458593) addi a1, a1, 1364
x11 <- 0x55555554


mem[X,0x8000A094] -> 0x0613
mem[X,0x8000A096] -> 0x0000
[1071] [M]: 0x8000A094 (0x00000613) addi a2, zero, 0
x12 <- 0x00000000


mem[X,0x8000A098] -> 0x006F
mem[X,0x8000A09A] -> 0x00C0
[1072] [M]: 0x8000A098 (0x00C0006F) jal zero, 12


mem[X,0x8000A0A4] -> 0x5663
mem[X,0x8000A0A6] -> 0x00B5
[1073] [M]: 0x8000A0A4 (0x00B55663) bge a0, a1, 12


mem[X,0x8000A0A8] -> 0x0613
mem[X,0x8000A0AA] -> 0x0026
[1074] [M]: 0x8000A0A8 (0x00260613) addi a2, a2, 2
x12 <- 0x00000002


mem[X,0x8000A0AC] -> 0x006F
mem[X,0x8000A0AE] -> 0x00C0
[1075] [M]: 0x8000A0AC (0x00C0006F) jal zero, 12


mem[X,0x8000A0B8] -> 0x2C23
mem[X,0x8000A0BA] -> 0x16C2
[1076] [M]: 0x8000A0B8 (0x16C22C23) sw a2, 376(tp)
mem[0x8003A3E0] <- 0x00000002


mem[X,0x8000A0BC] -> 0x0513
mem[X,0x8000A0BE] -> 0x0030
[1077] [M]: 0x8000A0BC (0x00300513) addi a0, zero, 3
x10 <- 0x00000003


mem[X,0x8000A0C0] -> 0x0593
mem[X,0x8000A0C2] -> 0x0000
[1078] [M]: 0x8000A0C0 (0x00000593) addi a1, zero, 0
x11 <- 0x00000000


mem[X,0x8000A0C4] -> 0x0613
mem[X,0x8000A0C6] -> 0x0000
[1079] [M]: 0x8000A0C4 (0x00000613) addi a2, zero, 0
x12 <- 0x00000000


mem[X,0x8000A0C8] -> 0x006F
mem[X,0x8000A0CA] -> 0x00C0
[1080] [M]: 0x8000A0C8 (0x00C0006F) jal zero, 12


mem[X,0x8000A0D4] -> 0x5063
mem[X,0x8000A0D6] -> 0x10B5
[1081] [M]: 0x8000A0D4 (0x10B55063) bge a0, a1, 256


mem[X,0x8000A1D4] -> 0x0613
mem[X,0x8000A1D6] -> 0x0036
[1082] [M]: 0x8000A1D4 (0x00360613) addi a2, a2, 3
x12 <- 0x00000003


mem[X,0x8000A1D8] -> 0x006F
mem[X,0x8000A1DA] -> 0x0040
[1083] [M]: 0x8000A1D8 (0x0040006F) jal zero, 4


mem[X,0x8000A1DC] -> 0x2E23
mem[X,0x8000A1DE] -> 0x16C2
[1084] [M]: 0x8000A1DC (0x16C22E23) sw a2, 380(tp)
mem[0x8003A3E4] <- 0x00000003


mem[X,0x8000A1E0] -> 0x0513
mem[X,0x8000A1E2] -> 0x0030
[1085] [M]: 0x8000A1E0 (0x00300513) addi a0, zero, 3
x10 <- 0x00000003


mem[X,0x8000A1E4] -> 0x0593
mem[X,0x8000A1E6] -> 0x0040
[1086] [M]: 0x8000A1E4 (0x00400593) addi a1, zero, 4
x11 <- 0x00000004


mem[X,0x8000A1E8] -> 0x0613
mem[X,0x8000A1EA] -> 0x0000
[1087] [M]: 0x8000A1E8 (0x00000613) addi a2, zero, 0
x12 <- 0x00000000


mem[X,0x8000A1EC] -> 0x006F
mem[X,0x8000A1EE] -> 0x00C0
[1088] [M]: 0x8000A1EC (0x00C0006F) jal zero, 12


mem[X,0x8000A1F8] -> 0x5663
mem[X,0x8000A1FA] -> 0x00B5
[1089] [M]: 0x8000A1F8 (0x00B55663) bge a0, a1, 12


mem[X,0x8000A1FC] -> 0x0613
mem[X,0x8000A1FE] -> 0x0026
[1090] [M]: 0x8000A1FC (0x00260613) addi a2, a2, 2
x12 <- 0x00000002


mem[X,0x8000A200] -> 0x006F
mem[X,0x8000A202] -> 0x00C0
[1091] [M]: 0x8000A200 (0x00C0006F) jal zero, 12


mem[X,0x8000A20C] -> 0x2023
mem[X,0x8000A20E] -> 0x18C2
[1092] [M]: 0x8000A20C (0x18C22023) sw a2, 384(tp)
mem[0x8003A3E8] <- 0x00000002


mem[X,0x8000A210] -> 0x0513
mem[X,0x8000A212] -> 0x0030
[1093] [M]: 0x8000A210 (0x00300513) addi a0, zero, 3
x10 <- 0x00000003


mem[X,0x8000A214] -> 0x35B7
mem[X,0x8000A216] -> 0x3333
[1094] [M]: 0x8000A214 (0x333335B7) lui a1, 209715
x11 <- 0x33333000


mem[X,0x8000A218] -> 0x8593
mem[X,0x8000A21A] -> 0x3325
[1095] [M]: 0x8000A218 (0x33258593) addi a1, a1, 818
x11 <- 0x33333332


mem[X,0x8000A21C] -> 0x0613
mem[X,0x8000A21E] -> 0x0000
[1096] [M]: 0x8000A21C (0x00000613) addi a2, zero, 0
x12 <- 0x00000000


mem[X,0x8000A220] -> 0x006F
mem[X,0x8000A222] -> 0x00C0
[1097] [M]: 0x8000A220 (0x00C0006F) jal zero, 12


mem[X,0x8000A22C] -> 0x5CE3
mem[X,0x8000A22E] -> 0xFEB5
[1098] [M]: 0x8000A22C (0xFEB55CE3) bge a0, a1, 8184


mem[X,0x8000A230] -> 0x0613
mem[X,0x8000A232] -> 0x0026
[1099] [M]: 0x8000A230 (0x00260613) addi a2, a2, 2
x12 <- 0x00000002


clint::tick mtime <- 0x000000000000000B
 clint timer pending at mtime 0x000000000000000B
htif::tick 0x0000000000000000
mem[X,0x8000A234] -> 0x006F
mem[X,0x8000A236] -> 0x00C0
[1100] [M]: 0x8000A234 (0x00C0006F) jal zero, 12


mem[X,0x8000A240] -> 0x2223
mem[X,0x8000A242] -> 0x18C2
[1101] [M]: 0x8000A240 (0x18C22223) sw a2, 388(tp)
mem[0x8003A3EC] <- 0x00000002


mem[X,0x8000A244] -> 0x0513
mem[X,0x8000A246] -> 0x0030
[1102] [M]: 0x8000A244 (0x00300513) addi a0, zero, 3
x10 <- 0x00000003


mem[X,0x8000A248] -> 0x65B7
mem[X,0x8000A24A] -> 0x6666
[1103] [M]: 0x8000A248 (0x666665B7) lui a1, 419430
x11 <- 0x66666000


mem[X,0x8000A24C] -> 0x8593
mem[X,0x8000A24E] -> 0x6655
[1104] [M]: 0x8000A24C (0x66558593) addi a1, a1, 1637
x11 <- 0x66666665


mem[X,0x8000A250] -> 0x0613
mem[X,0x8000A252] -> 0x0000
[1105] [M]: 0x8000A250 (0x00000613) addi a2, zero, 0
x12 <- 0x00000000


mem[X,0x8000A254] -> 0x006F
mem[X,0x8000A256] -> 0x00C0
[1106] [M]: 0x8000A254 (0x00C0006F) jal zero, 12


mem[X,0x8000A260] -> 0x5063
mem[X,0x8000A262] -> 0x40B5
[1107] [M]: 0x8000A260 (0x40B55063) bge a0, a1, 1024


mem[X,0x8000A264] -> 0x0613
mem[X,0x8000A266] -> 0x0026
[1108] [M]: 0x8000A264 (0x00260613) addi a2, a2, 2
x12 <- 0x00000002


mem[X,0x8000A268] -> 0x006F
mem[X,0x8000A26A] -> 0x4000
[1109] [M]: 0x8000A268 (0x4000006F) jal zero, 1024


mem[X,0x8000A668] -> 0x2423
mem[X,0x8000A66A] -> 0x18C2
[1110] [M]: 0x8000A668 (0x18C22423) sw a2, 392(tp)
mem[0x8003A3F0] <- 0x00000002


mem[X,0x8000A66C] -> 0x0513
mem[X,0x8000A66E] -> 0x0030
[1111] [M]: 0x8000A66C (0x00300513) addi a0, zero, 3
x10 <- 0x00000003


mem[X,0x8000A670] -> 0xB5B7
mem[X,0x8000A672] -> 0x0000
[1112] [M]: 0x8000A670 (0x0000B5B7) lui a1, 11
x11 <- 0x0000B000


mem[X,0x8000A674] -> 0x8593
mem[X,0x8000A676] -> 0x5035
[1113] [M]: 0x8000A674 (0x50358593) addi a1, a1, 1283
x11 <- 0x0000B503


mem[X,0x8000A678] -> 0x0613
mem[X,0x8000A67A] -> 0x0000
[1114] [M]: 0x8000A678 (0x00000613) addi a2, zero, 0
x12 <- 0x00000000


mem[X,0x8000A67C] -> 0x006F
mem[X,0x8000A67E] -> 0x00C0
[1115] [M]: 0x8000A67C (0x00C0006F) jal zero, 12


mem[X,0x8000A688] -> 0x5063
mem[X,0x8000A68A] -> 0x10B5
[1116] [M]: 0x8000A688 (0x10B55063) bge a0, a1, 256


mem[X,0x8000A68C] -> 0x0613
mem[X,0x8000A68E] -> 0x0026
[1117] [M]: 0x8000A68C (0x00260613) addi a2, a2, 2
x12 <- 0x00000002


mem[X,0x8000A690] -> 0x006F
mem[X,0x8000A692] -> 0x1000
[1118] [M]: 0x8000A690 (0x1000006F) jal zero, 256


mem[X,0x8000A790] -> 0x2623
mem[X,0x8000A792] -> 0x18C2
[1119] [M]: 0x8000A790 (0x18C22623) sw a2, 396(tp)
mem[0x8003A3F4] <- 0x00000002


mem[X,0x8000A794] -> 0x0513
mem[X,0x8000A796] -> 0x0030
[1120] [M]: 0x8000A794 (0x00300513) addi a0, zero, 3
x10 <- 0x00000003


mem[X,0x8000A798] -> 0x55B7
mem[X,0x8000A79A] -> 0x5555
[1121] [M]: 0x8000A798 (0x555555B7) lui a1, 349525
x11 <- 0x55555000


mem[X,0x8000A79C] -> 0x8593
mem[X,0x8000A79E] -> 0x5565
[1122] [M]: 0x8000A79C (0x55658593) addi a1, a1, 1366
x11 <- 0x55555556


mem[X,0x8000A7A0] -> 0x0613
mem[X,0x8000A7A2] -> 0x0000
[1123] [M]: 0x8000A7A0 (0x00000613) addi a2, zero, 0
x12 <- 0x00000000


mem[X,0x8000A7A4] -> 0x006F
mem[X,0x8000A7A6] -> 0x00C0
[1124] [M]: 0x8000A7A4 (0x00C0006F) jal zero, 12


mem[X,0x8000A7B0] -> 0x5CE3
mem[X,0x8000A7B2] -> 0xFEB5
[1125] [M]: 0x8000A7B0 (0xFEB55CE3) bge a0, a1, 8184


mem[X,0x8000A7B4] -> 0x0613
mem[X,0x8000A7B6] -> 0x0026
[1126] [M]: 0x8000A7B4 (0x00260613) addi a2, a2, 2
x12 <- 0x00000002


mem[X,0x8000A7B8] -> 0x006F
mem[X,0x8000A7BA] -> 0x00C0
[1127] [M]: 0x8000A7B8 (0x00C0006F) jal zero, 12


mem[X,0x8000A7C4] -> 0x2823
mem[X,0x8000A7C6] -> 0x18C2
[1128] [M]: 0x8000A7C4 (0x18C22823) sw a2, 400(tp)
mem[0x8003A3F8] <- 0x00000002


mem[X,0x8000A7C8] -> 0x0513
mem[X,0x8000A7CA] -> 0x0030
[1129] [M]: 0x8000A7C8 (0x00300513) addi a0, zero, 3
x10 <- 0x00000003


mem[X,0x8000A7CC] -> 0xB5B7
mem[X,0x8000A7CE] -> 0xAAAA
[1130] [M]: 0x8000A7CC (0xAAAAB5B7) lui a1, 699051
x11 <- 0xAAAAB000


mem[X,0x8000A7D0] -> 0x8593
mem[X,0x8000A7D2] -> 0xAAB5
[1131] [M]: 0x8000A7D0 (0xAAB58593) addi a1, a1, 2731
x11 <- 0xAAAAAAAB


mem[X,0x8000A7D4] -> 0x0613
mem[X,0x8000A7D6] -> 0x0000
[1132] [M]: 0x8000A7D4 (0x00000613) addi a2, zero, 0
x12 <- 0x00000000


mem[X,0x8000A7D8] -> 0x006F
mem[X,0x8000A7DA] -> 0x0140
[1133] [M]: 0x8000A7D8 (0x0140006F) jal zero, 20


mem[X,0x8000A7EC] -> 0x58E3
mem[X,0x8000A7EE] -> 0xFEB5
[1134] [M]: 0x8000A7EC (0xFEB558E3) bge a0, a1, 8176


mem[X,0x8000A7DC] -> 0x0613
mem[X,0x8000A7DE] -> 0x0016
[1135] [M]: 0x8000A7DC (0x00160613) addi a2, a2, 1
x12 <- 0x00000001


mem[X,0x8000A7E0] -> 0x006F
mem[X,0x8000A7E2] -> 0x0200
[1136] [M]: 0x8000A7E0 (0x0200006F) jal zero, 32


mem[X,0x8000A800] -> 0x2A23
mem[X,0x8000A802] -> 0x18C2
[1137] [M]: 0x8000A800 (0x18C22A23) sw a2, 404(tp)
mem[0x8003A3FC] <- 0x00000001


mem[X,0x8000A804] -> 0x0513
mem[X,0x8000A806] -> 0x0030
[1138] [M]: 0x8000A804 (0x00300513) addi a0, zero, 3
x10 <- 0x00000003


mem[X,0x8000A808] -> 0x0593
mem[X,0x8000A80A] -> 0x0060
[1139] [M]: 0x8000A808 (0x00600593) addi a1, zero, 6
x11 <- 0x00000006


mem[X,0x8000A80C] -> 0x0613
mem[X,0x8000A80E] -> 0x0000
[1140] [M]: 0x8000A80C (0x00000613) addi a2, zero, 0
x12 <- 0x00000000


mem[X,0x8000A810] -> 0x006F
mem[X,0x8000A812] -> 0x00C0
[1141] [M]: 0x8000A810 (0x00C0006F) jal zero, 12


mem[X,0x8000A81C] -> 0x5663
mem[X,0x8000A81E] -> 0x00B5
[1142] [M]: 0x8000A81C (0x00B55663) bge a0, a1, 12


mem[X,0x8000A820] -> 0x0613
mem[X,0x8000A822] -> 0x0026
[1143] [M]: 0x8000A820 (0x00260613) addi a2, a2, 2
x12 <- 0x00000002


mem[X,0x8000A824] -> 0x006F
mem[X,0x8000A826] -> 0x00C0
[1144] [M]: 0x8000A824 (0x00C0006F) jal zero, 12


mem[X,0x8000A830] -> 0x2C23
mem[X,0x8000A832] -> 0x18C2
[1145] [M]: 0x8000A830 (0x18C22C23) sw a2, 408(tp)
mem[0x8003A400] <- 0x00000002


mem[X,0x8000A834] -> 0x0513
mem[X,0x8000A836] -> 0x0030
[1146] [M]: 0x8000A834 (0x00300513) addi a0, zero, 3
x10 <- 0x00000003


mem[X,0x8000A838] -> 0x35B7
mem[X,0x8000A83A] -> 0x3333
[1147] [M]: 0x8000A838 (0x333335B7) lui a1, 209715
x11 <- 0x33333000


mem[X,0x8000A83C] -> 0x8593
mem[X,0x8000A83E] -> 0x3345
[1148] [M]: 0x8000A83C (0x33458593) addi a1, a1, 820
x11 <- 0x33333334


mem[X,0x8000A840] -> 0x0613
mem[X,0x8000A842] -> 0x0000
[1149] [M]: 0x8000A840 (0x00000613) addi a2, zero, 0
x12 <- 0x00000000


mem[X,0x8000A844] -> 0x006F
mem[X,0x8000A846] -> 0x00C0
[1150] [M]: 0x8000A844 (0x00C0006F) jal zero, 12


mem[X,0x8000A850] -> 0x5663
mem[X,0x8000A852] -> 0x00B5
[1151] [M]: 0x8000A850 (0x00B55663) bge a0, a1, 12


mem[X,0x8000A854] -> 0x0613
mem[X,0x8000A856] -> 0x0026
[1152] [M]: 0x8000A854 (0x00260613) addi a2, a2, 2
x12 <- 0x00000002


mem[X,0x8000A858] -> 0x006F
mem[X,0x8000A85A] -> 0x00C0
[1153] [M]: 0x8000A858 (0x00C0006F) jal zero, 12


mem[X,0x8000A864] -> 0x2E23
mem[X,0x8000A866] -> 0x18C2
[1154] [M]: 0x8000A864 (0x18C22E23) sw a2, 412(tp)
mem[0x8003A404] <- 0x00000002


mem[X,0x8000A868] -> 0x0513
mem[X,0x8000A86A] -> 0x0030
[1155] [M]: 0x8000A868 (0x00300513) addi a0, zero, 3
x10 <- 0x00000003


mem[X,0x8000A86C] -> 0x65B7
mem[X,0x8000A86E] -> 0x6666
[1156] [M]: 0x8000A86C (0x666665B7) lui a1, 419430
x11 <- 0x66666000


mem[X,0x8000A870] -> 0x8593
mem[X,0x8000A872] -> 0x6675
[1157] [M]: 0x8000A870 (0x66758593) addi a1, a1, 1639
x11 <- 0x66666667


mem[X,0x8000A874] -> 0x0613
mem[X,0x8000A876] -> 0x0000
[1158] [M]: 0x8000A874 (0x00000613) addi a2, zero, 0
x12 <- 0x00000000


mem[X,0x8000A878] -> 0x006F
mem[X,0x8000A87A] -> 0x00C0
[1159] [M]: 0x8000A878 (0x00C0006F) jal zero, 12


mem[X,0x8000A884] -> 0x5663
mem[X,0x8000A886] -> 0x00B5
[1160] [M]: 0x8000A884 (0x00B55663) bge a0, a1, 12


mem[X,0x8000A888] -> 0x0613
mem[X,0x8000A88A] -> 0x0026
[1161] [M]: 0x8000A888 (0x00260613) addi a2, a2, 2
x12 <- 0x00000002


mem[X,0x8000A88C] -> 0x006F
mem[X,0x8000A88E] -> 0x00C0
[1162] [M]: 0x8000A88C (0x00C0006F) jal zero, 12


mem[X,0x8000A898] -> 0x2023
mem[X,0x8000A89A] -> 0x1AC2
[1163] [M]: 0x8000A898 (0x1AC22023) sw a2, 416(tp)
mem[0x8003A408] <- 0x00000002


mem[X,0x8000A89C] -> 0x0513
mem[X,0x8000A89E] -> 0x0030
[1164] [M]: 0x8000A89C (0x00300513) addi a0, zero, 3
x10 <- 0x00000003


mem[X,0x8000A8A0] -> 0x55B7
mem[X,0x8000A8A2] -> 0xFFFF
[1165] [M]: 0x8000A8A0 (0xFFFF55B7) lui a1, 1048565
x11 <- 0xFFFF5000


mem[X,0x8000A8A4] -> 0x8593
mem[X,0x8000A8A6] -> 0xAFD5
[1166] [M]: 0x8000A8A4 (0xAFD58593) addi a1, a1, 2813
x11 <- 0xFFFF4AFD


mem[X,0x8000A8A8] -> 0x0613
mem[X,0x8000A8AA] -> 0x0000
[1167] [M]: 0x8000A8A8 (0x00000613) addi a2, zero, 0
x12 <- 0x00000000


mem[X,0x8000A8AC] -> 0x006F
mem[X,0x8000A8AE] -> 0x00C0
[1168] [M]: 0x8000A8AC (0x00C0006F) jal zero, 12


mem[X,0x8000A8B8] -> 0x5063
mem[X,0x8000A8BA] -> 0x40B5
[1169] [M]: 0x8000A8B8 (0x40B55063) bge a0, a1, 1024


mem[X,0x8000ACB8] -> 0x0613
mem[X,0x8000ACBA] -> 0x0036
[1170] [M]: 0x8000ACB8 (0x00360613) addi a2, a2, 3
x12 <- 0x00000003


mem[X,0x8000ACBC] -> 0x006F
mem[X,0x8000ACBE] -> 0x0040
[1171] [M]: 0x8000ACBC (0x0040006F) jal zero, 4


mem[X,0x8000ACC0] -> 0x2223
mem[X,0x8000ACC2] -> 0x1AC2
[1172] [M]: 0x8000ACC0 (0x1AC22223) sw a2, 420(tp)
mem[0x8003A40C] <- 0x00000003


mem[X,0x8000ACC4] -> 0x0513
mem[X,0x8000ACC6] -> 0x0030
[1173] [M]: 0x8000ACC4 (0x00300513) addi a0, zero, 3
x10 <- 0x00000003


mem[X,0x8000ACC8] -> 0xB5B7
mem[X,0x8000ACCA] -> 0x0000
[1174] [M]: 0x8000ACC8 (0x0000B5B7) lui a1, 11
x11 <- 0x0000B000


mem[X,0x8000ACCC] -> 0x8593
mem[X,0x8000ACCE] -> 0x5055
[1175] [M]: 0x8000ACCC (0x50558593) addi a1, a1, 1285
x11 <- 0x0000B505


mem[X,0x8000ACD0] -> 0x0613
mem[X,0x8000ACD2] -> 0x0000
[1176] [M]: 0x8000ACD0 (0x00000613) addi a2, zero, 0
x12 <- 0x00000000


mem[X,0x8000ACD4] -> 0x006F
mem[X,0x8000ACD6] -> 0x00C0
[1177] [M]: 0x8000ACD4 (0x00C0006F) jal zero, 12


mem[X,0x8000ACE0] -> 0x5063
mem[X,0x8000ACE2] -> 0x04B5
[1178] [M]: 0x8000ACE0 (0x04B55063) bge a0, a1, 64


mem[X,0x8000ACE4] -> 0x0613
mem[X,0x8000ACE6] -> 0x0026
[1179] [M]: 0x8000ACE4 (0x00260613) addi a2, a2, 2
x12 <- 0x00000002


mem[X,0x8000ACE8] -> 0x006F
mem[X,0x8000ACEA] -> 0x0400
[1180] [M]: 0x8000ACE8 (0x0400006F) jal zero, 64


mem[X,0x8000AD28] -> 0x2423
mem[X,0x8000AD2A] -> 0x1AC2
[1181] [M]: 0x8000AD28 (0x1AC22423) sw a2, 424(tp)
mem[0x8003A410] <- 0x00000002


mem[X,0x8000AD2C] -> 0x5537
mem[X,0x8000AD2E] -> 0x5555
[1182] [M]: 0x8000AD2C (0x55555537) lui a0, 349525
x10 <- 0x55555000


mem[X,0x8000AD30] -> 0x0513
mem[X,0x8000AD32] -> 0x5555
[1183] [M]: 0x8000AD30 (0x55550513) addi a0, a0, 1365
x10 <- 0x55555555


mem[X,0x8000AD34] -> 0x0593
mem[X,0x8000AD36] -> 0x0030
[1184] [M]: 0x8000AD34 (0x00300593) addi a1, zero, 3
x11 <- 0x00000003


mem[X,0x8000AD38] -> 0x0613
mem[X,0x8000AD3A] -> 0x0000
[1185] [M]: 0x8000AD38 (0x00000613) addi a2, zero, 0
x12 <- 0x00000000


mem[X,0x8000AD3C] -> 0x006F
mem[X,0x8000AD3E] -> 0x0140
[1186] [M]: 0x8000AD3C (0x0140006F) jal zero, 20


mem[X,0x8000AD50] -> 0x58E3
mem[X,0x8000AD52] -> 0xFEB5
[1187] [M]: 0x8000AD50 (0xFEB558E3) bge a0, a1, 8176


mem[X,0x8000AD40] -> 0x0613
mem[X,0x8000AD42] -> 0x0016
[1188] [M]: 0x8000AD40 (0x00160613) addi a2, a2, 1
x12 <- 0x00000001


mem[X,0x8000AD44] -> 0x006F
mem[X,0x8000AD46] -> 0x0200
[1189] [M]: 0x8000AD44 (0x0200006F) jal zero, 32


mem[X,0x8000AD64] -> 0x2623
mem[X,0x8000AD66] -> 0x1AC2
[1190] [M]: 0x8000AD64 (0x1AC22623) sw a2, 428(tp)
mem[0x8003A414] <- 0x00000001


mem[X,0x8000AD68] -> 0x5537
mem[X,0x8000AD6A] -> 0x5555
[1191] [M]: 0x8000AD68 (0x55555537) lui a0, 349525
x10 <- 0x55555000


mem[X,0x8000AD6C] -> 0x0513
mem[X,0x8000AD6E] -> 0x5555
[1192] [M]: 0x8000AD6C (0x55550513) addi a0, a0, 1365
x10 <- 0x55555555


mem[X,0x8000AD70] -> 0x55B7
mem[X,0x8000AD72] -> 0x5555
[1193] [M]: 0x8000AD70 (0x555555B7) lui a1, 349525
x11 <- 0x55555000


mem[X,0x8000AD74] -> 0x8593
mem[X,0x8000AD76] -> 0x5555
[1194] [M]: 0x8000AD74 (0x55558593) addi a1, a1, 1365
x11 <- 0x55555555


mem[X,0x8000AD78] -> 0x0613
mem[X,0x8000AD7A] -> 0x0000
[1195] [M]: 0x8000AD78 (0x00000613) addi a2, zero, 0
x12 <- 0x00000000


mem[X,0x8000AD7C] -> 0x006F
mem[X,0x8000AD7E] -> 0x00C0
[1196] [M]: 0x8000AD7C (0x00C0006F) jal zero, 12


mem[X,0x8000AD88] -> 0x5063
mem[X,0x8000AD8A] -> 0x02B5
[1197] [M]: 0x8000AD88 (0x02B55063) bge a0, a1, 32


mem[X,0x8000ADA8] -> 0x0613
mem[X,0x8000ADAA] -> 0x0036
[1198] [M]: 0x8000ADA8 (0x00360613) addi a2, a2, 3
x12 <- 0x00000003


mem[X,0x8000ADAC] -> 0x006F
mem[X,0x8000ADAE] -> 0x0040
[1199] [M]: 0x8000ADAC (0x0040006F) jal zero, 4


clint::tick mtime <- 0x000000000000000C
 clint timer pending at mtime 0x000000000000000C
htif::tick 0x0000000000000000
mem[X,0x8000ADB0] -> 0x2823
mem[X,0x8000ADB2] -> 0x1AC2
[1200] [M]: 0x8000ADB0 (0x1AC22823) sw a2, 432(tp)
mem[0x8003A418] <- 0x00000003


mem[X,0x8000ADB4] -> 0x5537
mem[X,0x8000ADB6] -> 0x5555
[1201] [M]: 0x8000ADB4 (0x55555537) lui a0, 349525
x10 <- 0x55555000


mem[X,0x8000ADB8] -> 0x0513
mem[X,0x8000ADBA] -> 0x5555
[1202] [M]: 0x8000ADB8 (0x55550513) addi a0, a0, 1365
x10 <- 0x55555555


mem[X,0x8000ADBC] -> 0x0593
mem[X,0x8000ADBE] -> 0x0050
[1203] [M]: 0x8000ADBC (0x00500593) addi a1, zero, 5
x11 <- 0x00000005


mem[X,0x8000ADC0] -> 0x0613
mem[X,0x8000ADC2] -> 0x0000
[1204] [M]: 0x8000ADC0 (0x00000613) addi a2, zero, 0
x12 <- 0x00000000


mem[X,0x8000ADC4] -> 0x006F
mem[X,0x8000ADC6] -> 0x00C0
[1205] [M]: 0x8000ADC4 (0x00C0006F) jal zero, 12


mem[X,0x8000ADD0] -> 0x5063
mem[X,0x8000ADD2] -> 0x08B5
[1206] [M]: 0x8000ADD0 (0x08B55063) bge a0, a1, 128


mem[X,0x8000AE50] -> 0x0613
mem[X,0x8000AE52] -> 0x0036
[1207] [M]: 0x8000AE50 (0x00360613) addi a2, a2, 3
x12 <- 0x00000003


mem[X,0x8000AE54] -> 0x006F
mem[X,0x8000AE56] -> 0x0040
[1208] [M]: 0x8000AE54 (0x0040006F) jal zero, 4


mem[X,0x8000AE58] -> 0x2A23
mem[X,0x8000AE5A] -> 0x1AC2
[1209] [M]: 0x8000AE58 (0x1AC22A23) sw a2, 436(tp)
mem[0x8003A41C] <- 0x00000003


mem[X,0x8000AE5C] -> 0x5537
mem[X,0x8000AE5E] -> 0x5555
[1210] [M]: 0x8000AE5C (0x55555537) lui a0, 349525
x10 <- 0x55555000


mem[X,0x8000AE60] -> 0x0513
mem[X,0x8000AE62] -> 0x5555
[1211] [M]: 0x8000AE60 (0x55550513) addi a0, a0, 1365
x10 <- 0x55555555


mem[X,0x8000AE64] -> 0x35B7
mem[X,0x8000AE66] -> 0x3333
[1212] [M]: 0x8000AE64 (0x333335B7) lui a1, 209715
x11 <- 0x33333000


mem[X,0x8000AE68] -> 0x8593
mem[X,0x8000AE6A] -> 0x3335
[1213] [M]: 0x8000AE68 (0x33358593) addi a1, a1, 819
x11 <- 0x33333333


mem[X,0x8000AE6C] -> 0x0613
mem[X,0x8000AE6E] -> 0x0000
[1214] [M]: 0x8000AE6C (0x00000613) addi a2, zero, 0
x12 <- 0x00000000


mem[X,0x8000AE70] -> 0x006F
mem[X,0x8000AE72] -> 0x00C0
[1215] [M]: 0x8000AE70 (0x00C0006F) jal zero, 12


mem[X,0x8000AE7C] -> 0x5663
mem[X,0x8000AE7E] -> 0x00B5
[1216] [M]: 0x8000AE7C (0x00B55663) bge a0, a1, 12


mem[X,0x8000AE88] -> 0x0613
mem[X,0x8000AE8A] -> 0x0036
[1217] [M]: 0x8000AE88 (0x00360613) addi a2, a2, 3
x12 <- 0x00000003


mem[X,0x8000AE8C] -> 0x006F
mem[X,0x8000AE8E] -> 0x0040
[1218] [M]: 0x8000AE8C (0x0040006F) jal zero, 4


mem[X,0x8000AE90] -> 0x2C23
mem[X,0x8000AE92] -> 0x1AC2
[1219] [M]: 0x8000AE90 (0x1AC22C23) sw a2, 440(tp)
mem[0x8003A420] <- 0x00000003


mem[X,0x8000AE94] -> 0x5537
mem[X,0x8000AE96] -> 0x5555
[1220] [M]: 0x8000AE94 (0x55555537) lui a0, 349525
x10 <- 0x55555000


mem[X,0x8000AE98] -> 0x0513
mem[X,0x8000AE9A] -> 0x5555
[1221] [M]: 0x8000AE98 (0x55550513) addi a0, a0, 1365
x10 <- 0x55555555


mem[X,0x8000AE9C] -> 0x65B7
mem[X,0x8000AE9E] -> 0x6666
[1222] [M]: 0x8000AE9C (0x666665B7) lui a1, 419430
x11 <- 0x66666000


mem[X,0x8000AEA0] -> 0x8593
mem[X,0x8000AEA2] -> 0x6665
[1223] [M]: 0x8000AEA0 (0x66658593) addi a1, a1, 1638
x11 <- 0x66666666


mem[X,0x8000AEA4] -> 0x0613
mem[X,0x8000AEA6] -> 0x0000
[1224] [M]: 0x8000AEA4 (0x00000613) addi a2, zero, 0
x12 <- 0x00000000


mem[X,0x8000AEA8] -> 0x006F
mem[X,0x8000AEAA] -> 0x0050
[1225] [M]: 0x8000AEA8 (0x0050006F) jal zero, 2052


mem[X,0x8000B6AC] -> 0x50E3
mem[X,0x8000B6AE] -> 0x80B5
[1226] [M]: 0x8000B6AC (0x80B550E3) bge a0, a1, 6144


mem[X,0x8000B6B0] -> 0x0613
mem[X,0x8000B6B2] -> 0x0026
[1227] [M]: 0x8000B6B0 (0x00260613) addi a2, a2, 2
x12 <- 0x00000002


mem[X,0x8000B6B4] -> 0x006F
mem[X,0x8000B6B6] -> 0x00C0
[1228] [M]: 0x8000B6B4 (0x00C0006F) jal zero, 12


mem[X,0x8000B6C0] -> 0x2E23
mem[X,0x8000B6C2] -> 0x1AC2
[1229] [M]: 0x8000B6C0 (0x1AC22E23) sw a2, 444(tp)
mem[0x8003A424] <- 0x00000002


mem[X,0x8000B6C4] -> 0x5537
mem[X,0x8000B6C6] -> 0x5555
[1230] [M]: 0x8000B6C4 (0x55555537) lui a0, 349525
x10 <- 0x55555000


mem[X,0x8000B6C8] -> 0x0513
mem[X,0x8000B6CA] -> 0x5555
[1231] [M]: 0x8000B6C8 (0x55550513) addi a0, a0, 1365
x10 <- 0x55555555


mem[X,0x8000B6CC] -> 0x55B7
mem[X,0x8000B6CE] -> 0xFFFF
[1232] [M]: 0x8000B6CC (0xFFFF55B7) lui a1, 1048565
x11 <- 0xFFFF5000


mem[X,0x8000B6D0] -> 0x8593
mem[X,0x8000B6D2] -> 0xAFC5
[1233] [M]: 0x8000B6D0 (0xAFC58593) addi a1, a1, 2812
x11 <- 0xFFFF4AFC


mem[X,0x8000B6D4] -> 0x0613
mem[X,0x8000B6D6] -> 0x0000
[1234] [M]: 0x8000B6D4 (0x00000613) addi a2, zero, 0
x12 <- 0x00000000


mem[X,0x8000B6D8] -> 0x006F
mem[X,0x8000B6DA] -> 0x00C0
[1235] [M]: 0x8000B6D8 (0x00C0006F) jal zero, 12


mem[X,0x8000B6E4] -> 0x5663
mem[X,0x8000B6E6] -> 0x00B5
[1236] [M]: 0x8000B6E4 (0x00B55663) bge a0, a1, 12


mem[X,0x8000B6F0] -> 0x0613
mem[X,0x8000B6F2] -> 0x0036
[1237] [M]: 0x8000B6F0 (0x00360613) addi a2, a2, 3
x12 <- 0x00000003


mem[X,0x8000B6F4] -> 0x006F
mem[X,0x8000B6F6] -> 0x0040
[1238] [M]: 0x8000B6F4 (0x0040006F) jal zero, 4


mem[X,0x8000B6F8] -> 0x2023
mem[X,0x8000B6FA] -> 0x1CC2
[1239] [M]: 0x8000B6F8 (0x1CC22023) sw a2, 448(tp)
mem[0x8003A428] <- 0x00000003


mem[X,0x8000B6FC] -> 0x5537
mem[X,0x8000B6FE] -> 0x5555
[1240] [M]: 0x8000B6FC (0x55555537) lui a0, 349525
x10 <- 0x55555000


mem[X,0x8000B700] -> 0x0513
mem[X,0x8000B702] -> 0x5555
[1241] [M]: 0x8000B700 (0x55550513) addi a0, a0, 1365
x10 <- 0x55555555


mem[X,0x8000B704] -> 0xB5B7
mem[X,0x8000B706] -> 0x0000
[1242] [M]: 0x8000B704 (0x0000B5B7) lui a1, 11
x11 <- 0x0000B000


mem[X,0x8000B708] -> 0x8593
mem[X,0x8000B70A] -> 0x5045
[1243] [M]: 0x8000B708 (0x50458593) addi a1, a1, 1284
x11 <- 0x0000B504


mem[X,0x8000B70C] -> 0x0613
mem[X,0x8000B70E] -> 0x0000
[1244] [M]: 0x8000B70C (0x00000613) addi a2, zero, 0
x12 <- 0x00000000


mem[X,0x8000B710] -> 0x006F
mem[X,0x8000B712] -> 0x00C0
[1245] [M]: 0x8000B710 (0x00C0006F) jal zero, 12


mem[X,0x8000B71C] -> 0x5063
mem[X,0x8000B71E] -> 0x40B5
[1246] [M]: 0x8000B71C (0x40B55063) bge a0, a1, 1024


mem[X,0x8000BB1C] -> 0x0613
mem[X,0x8000BB1E] -> 0x0036
[1247] [M]: 0x8000BB1C (0x00360613) addi a2, a2, 3
x12 <- 0x00000003


mem[X,0x8000BB20] -> 0x006F
mem[X,0x8000BB22] -> 0x0040
[1248] [M]: 0x8000BB20 (0x0040006F) jal zero, 4


mem[X,0x8000BB24] -> 0x2223
mem[X,0x8000BB26] -> 0x1CC2
[1249] [M]: 0x8000BB24 (0x1CC22223) sw a2, 452(tp)
mem[0x8003A42C] <- 0x00000003


mem[X,0x8000BB28] -> 0x5537
mem[X,0x8000BB2A] -> 0x5555
[1250] [M]: 0x8000BB28 (0x55555537) lui a0, 349525
x10 <- 0x55555000


mem[X,0x8000BB2C] -> 0x0513
mem[X,0x8000BB2E] -> 0x5555
[1251] [M]: 0x8000BB2C (0x55550513) addi a0, a0, 1365
x10 <- 0x55555555


mem[X,0x8000BB30] -> 0x0593
mem[X,0x8000BB32] -> 0x0020
[1252] [M]: 0x8000BB30 (0x00200593) addi a1, zero, 2
x11 <- 0x00000002


mem[X,0x8000BB34] -> 0x0613
mem[X,0x8000BB36] -> 0x0000
[1253] [M]: 0x8000BB34 (0x00000613) addi a2, zero, 0
x12 <- 0x00000000


mem[X,0x8000BB38] -> 0x006F
mem[X,0x8000BB3A] -> 0x0100
[1254] [M]: 0x8000BB38 (0x0100006F) jal zero, 16


mem[X,0x8000BB48] -> 0x5AE3
mem[X,0x8000BB4A] -> 0xFEB5
[1255] [M]: 0x8000BB48 (0xFEB55AE3) bge a0, a1, 8180


mem[X,0x8000BB3C] -> 0x0613
mem[X,0x8000BB3E] -> 0x0016
[1256] [M]: 0x8000BB3C (0x00160613) addi a2, a2, 1
x12 <- 0x00000001


mem[X,0x8000BB40] -> 0x006F
mem[X,0x8000BB42] -> 0x01C0
[1257] [M]: 0x8000BB40 (0x01C0006F) jal zero, 28


mem[X,0x8000BB5C] -> 0x2423
mem[X,0x8000BB5E] -> 0x1CC2
[1258] [M]: 0x8000BB5C (0x1CC22423) sw a2, 456(tp)
mem[0x8003A430] <- 0x00000001


mem[X,0x8000BB60] -> 0x5537
mem[X,0x8000BB62] -> 0x5555
[1259] [M]: 0x8000BB60 (0x55555537) lui a0, 349525
x10 <- 0x55555000


mem[X,0x8000BB64] -> 0x0513
mem[X,0x8000BB66] -> 0x5555
[1260] [M]: 0x8000BB64 (0x55550513) addi a0, a0, 1365
x10 <- 0x55555555


mem[X,0x8000BB68] -> 0x55B7
mem[X,0x8000BB6A] -> 0x5555
[1261] [M]: 0x8000BB68 (0x555555B7) lui a1, 349525
x11 <- 0x55555000


mem[X,0x8000BB6C] -> 0x8593
mem[X,0x8000BB6E] -> 0x5545
[1262] [M]: 0x8000BB6C (0x55458593) addi a1, a1, 1364
x11 <- 0x55555554


mem[X,0x8000BB70] -> 0x0613
mem[X,0x8000BB72] -> 0x0000
[1263] [M]: 0x8000BB70 (0x00000613) addi a2, zero, 0
x12 <- 0x00000000


mem[X,0x8000BB74] -> 0x006F
mem[X,0x8000BB76] -> 0x00C0
[1264] [M]: 0x8000BB74 (0x00C0006F) jal zero, 12


mem[X,0x8000BB80] -> 0x5663
mem[X,0x8000BB82] -> 0x00B5
[1265] [M]: 0x8000BB80 (0x00B55663) bge a0, a1, 12


mem[X,0x8000BB8C] -> 0x0613
mem[X,0x8000BB8E] -> 0x0036
[1266] [M]: 0x8000BB8C (0x00360613) addi a2, a2, 3
x12 <- 0x00000003


mem[X,0x8000BB90] -> 0x006F
mem[X,0x8000BB92] -> 0x0040
[1267] [M]: 0x8000BB90 (0x0040006F) jal zero, 4


mem[X,0x8000BB94] -> 0x2623
mem[X,0x8000BB96] -> 0x1CC2
[1268] [M]: 0x8000BB94 (0x1CC22623) sw a2, 460(tp)
mem[0x8003A434] <- 0x00000003


mem[X,0x8000BB98] -> 0x5537
mem[X,0x8000BB9A] -> 0x5555
[1269] [M]: 0x8000BB98 (0x55555537) lui a0, 349525
x10 <- 0x55555000


mem[X,0x8000BB9C] -> 0x0513
mem[X,0x8000BB9E] -> 0x5555
[1270] [M]: 0x8000BB9C (0x55550513) addi a0, a0, 1365
x10 <- 0x55555555


mem[X,0x8000BBA0] -> 0x0593
mem[X,0x8000BBA2] -> 0x0000
[1271] [M]: 0x8000BBA0 (0x00000593) addi a1, zero, 0
x11 <- 0x00000000


mem[X,0x8000BBA4] -> 0x0613
mem[X,0x8000BBA6] -> 0x0000
[1272] [M]: 0x8000BBA4 (0x00000613) addi a2, zero, 0
x12 <- 0x00000000


mem[X,0x8000BBA8] -> 0x006F
mem[X,0x8000BBAA] -> 0x00C0
[1273] [M]: 0x8000BBA8 (0x00C0006F) jal zero, 12


mem[X,0x8000BBB4] -> 0x5CE3
mem[X,0x8000BBB6] -> 0xFEB5
[1274] [M]: 0x8000BBB4 (0xFEB55CE3) bge a0, a1, 8184


mem[X,0x8000BBAC] -> 0x0613
mem[X,0x8000BBAE] -> 0x0016
[1275] [M]: 0x8000BBAC (0x00160613) addi a2, a2, 1
x12 <- 0x00000001


mem[X,0x8000BBB0] -> 0x006F
mem[X,0x8000BBB2] -> 0x0180
[1276] [M]: 0x8000BBB0 (0x0180006F) jal zero, 24


mem[X,0x8000BBC8] -> 0x2823
mem[X,0x8000BBCA] -> 0x1CC2
[1277] [M]: 0x8000BBC8 (0x1CC22823) sw a2, 464(tp)
mem[0x8003A438] <- 0x00000001


mem[X,0x8000BBCC] -> 0x5537
mem[X,0x8000BBCE] -> 0x5555
[1278] [M]: 0x8000BBCC (0x55555537) lui a0, 349525
x10 <- 0x55555000


mem[X,0x8000BBD0] -> 0x0513
mem[X,0x8000BBD2] -> 0x5555
[1279] [M]: 0x8000BBD0 (0x55550513) addi a0, a0, 1365
x10 <- 0x55555555


mem[X,0x8000BBD4] -> 0x0593
mem[X,0x8000BBD6] -> 0x0040
[1280] [M]: 0x8000BBD4 (0x00400593) addi a1, zero, 4
x11 <- 0x00000004


mem[X,0x8000BBD8] -> 0x0613
mem[X,0x8000BBDA] -> 0x0000
[1281] [M]: 0x8000BBD8 (0x00000613) addi a2, zero, 0
x12 <- 0x00000000


mem[X,0x8000BBDC] -> 0x006F
mem[X,0x8000BBDE] -> 0x0050
[1282] [M]: 0x8000BBDC (0x0050006F) jal zero, 2052


mem[X,0x8000C3E0] -> 0x50E3
mem[X,0x8000C3E2] -> 0x80B5
[1283] [M]: 0x8000C3E0 (0x80B550E3) bge a0, a1, 6144


mem[X,0x8000BBE0] -> 0x0613
mem[X,0x8000BBE2] -> 0x0016
[1284] [M]: 0x8000BBE0 (0x00160613) addi a2, a2, 1
x12 <- 0x00000001


mem[X,0x8000BBE4] -> 0x006F
mem[X,0x8000BBE6] -> 0x0110
[1285] [M]: 0x8000BBE4 (0x0110006F) jal zero, 2064


mem[X,0x8000C3F4] -> 0x2A23
mem[X,0x8000C3F6] -> 0x1CC2
[1286] [M]: 0x8000C3F4 (0x1CC22A23) sw a2, 468(tp)
mem[0x8003A43C] <- 0x00000001


mem[X,0x8000C3F8] -> 0x5537
mem[X,0x8000C3FA] -> 0x5555
[1287] [M]: 0x8000C3F8 (0x55555537) lui a0, 349525
x10 <- 0x55555000


mem[X,0x8000C3FC] -> 0x0513
mem[X,0x8000C3FE] -> 0x5555
[1288] [M]: 0x8000C3FC (0x55550513) addi a0, a0, 1365
x10 <- 0x55555555


mem[X,0x8000C400] -> 0x35B7
mem[X,0x8000C402] -> 0x3333
[1289] [M]: 0x8000C400 (0x333335B7) lui a1, 209715
x11 <- 0x33333000


mem[X,0x8000C404] -> 0x8593
mem[X,0x8000C406] -> 0x3325
[1290] [M]: 0x8000C404 (0x33258593) addi a1, a1, 818
x11 <- 0x33333332


mem[X,0x8000C408] -> 0x0613
mem[X,0x8000C40A] -> 0x0000
[1291] [M]: 0x8000C408 (0x00000613) addi a2, zero, 0
x12 <- 0x00000000


mem[X,0x8000C40C] -> 0x006F
mem[X,0x8000C40E] -> 0x00C0
[1292] [M]: 0x8000C40C (0x00C0006F) jal zero, 12


mem[X,0x8000C418] -> 0x5863
mem[X,0x8000C41A] -> 0x00B5
[1293] [M]: 0x8000C418 (0x00B55863) bge a0, a1, 16


mem[X,0x8000C428] -> 0x0613
mem[X,0x8000C42A] -> 0x0036
[1294] [M]: 0x8000C428 (0x00360613) addi a2, a2, 3
x12 <- 0x00000003


mem[X,0x8000C42C] -> 0x006F
mem[X,0x8000C42E] -> 0x0040
[1295] [M]: 0x8000C42C (0x0040006F) jal zero, 4


mem[X,0x8000C430] -> 0x2C23
mem[X,0x8000C432] -> 0x1CC2
[1296] [M]: 0x8000C430 (0x1CC22C23) sw a2, 472(tp)
mem[0x8003A440] <- 0x00000003


mem[X,0x8000C434] -> 0x5537
mem[X,0x8000C436] -> 0x5555
[1297] [M]: 0x8000C434 (0x55555537) lui a0, 349525
x10 <- 0x55555000


mem[X,0x8000C438] -> 0x0513
mem[X,0x8000C43A] -> 0x5555
[1298] [M]: 0x8000C438 (0x55550513) addi a0, a0, 1365
x10 <- 0x55555555


mem[X,0x8000C43C] -> 0x65B7
mem[X,0x8000C43E] -> 0x6666
[1299] [M]: 0x8000C43C (0x666665B7) lui a1, 419430
x11 <- 0x66666000


clint::tick mtime <- 0x000000000000000D
 clint timer pending at mtime 0x000000000000000D
htif::tick 0x0000000000000000
mem[X,0x8000C440] -> 0x8593
mem[X,0x8000C442] -> 0x6655
[1300] [M]: 0x8000C440 (0x66558593) addi a1, a1, 1637
x11 <- 0x66666665


mem[X,0x8000C444] -> 0x0613
mem[X,0x8000C446] -> 0x0000
[1301] [M]: 0x8000C444 (0x00000613) addi a2, zero, 0
x12 <- 0x00000000


mem[X,0x8000C448] -> 0x006F
mem[X,0x8000C44A] -> 0x00C0
[1302] [M]: 0x8000C448 (0x00C0006F) jal zero, 12


mem[X,0x8000C454] -> 0x5663
mem[X,0x8000C456] -> 0x00B5
[1303] [M]: 0x8000C454 (0x00B55663) bge a0, a1, 12


mem[X,0x8000C458] -> 0x0613
mem[X,0x8000C45A] -> 0x0026
[1304] [M]: 0x8000C458 (0x00260613) addi a2, a2, 2
x12 <- 0x00000002


mem[X,0x8000C45C] -> 0x006F
mem[X,0x8000C45E] -> 0x00C0
[1305] [M]: 0x8000C45C (0x00C0006F) jal zero, 12


mem[X,0x8000C468] -> 0x2E23
mem[X,0x8000C46A] -> 0x1CC2
[1306] [M]: 0x8000C468 (0x1CC22E23) sw a2, 476(tp)
mem[0x8003A444] <- 0x00000002


mem[X,0x8000C46C] -> 0x5537
mem[X,0x8000C46E] -> 0x5555
[1307] [M]: 0x8000C46C (0x55555537) lui a0, 349525
x10 <- 0x55555000


mem[X,0x8000C470] -> 0x0513
mem[X,0x8000C472] -> 0x5555
[1308] [M]: 0x8000C470 (0x55550513) addi a0, a0, 1365
x10 <- 0x55555555


mem[X,0x8000C474] -> 0xB5B7
mem[X,0x8000C476] -> 0x0000
[1309] [M]: 0x8000C474 (0x0000B5B7) lui a1, 11
x11 <- 0x0000B000


mem[X,0x8000C478] -> 0x8593
mem[X,0x8000C47A] -> 0x5035
[1310] [M]: 0x8000C478 (0x50358593) addi a1, a1, 1283
x11 <- 0x0000B503


mem[X,0x8000C47C] -> 0x0613
mem[X,0x8000C47E] -> 0x0000
[1311] [M]: 0x8000C47C (0x00000613) addi a2, zero, 0
x12 <- 0x00000000


mem[X,0x8000C480] -> 0x006F
mem[X,0x8000C482] -> 0x00C0
[1312] [M]: 0x8000C480 (0x00C0006F) jal zero, 12


mem[X,0x8000C48C] -> 0x5863
mem[X,0x8000C48E] -> 0x00B5
[1313] [M]: 0x8000C48C (0x00B55863) bge a0, a1, 16


mem[X,0x8000C49C] -> 0x0613
mem[X,0x8000C49E] -> 0x0036
[1314] [M]: 0x8000C49C (0x00360613) addi a2, a2, 3
x12 <- 0x00000003


mem[X,0x8000C4A0] -> 0x006F
mem[X,0x8000C4A2] -> 0x0040
[1315] [M]: 0x8000C4A0 (0x0040006F) jal zero, 4


mem[X,0x8000C4A4] -> 0x2023
mem[X,0x8000C4A6] -> 0x1EC2
[1316] [M]: 0x8000C4A4 (0x1EC22023) sw a2, 480(tp)
mem[0x8003A448] <- 0x00000003


mem[X,0x8000C4A8] -> 0x5537
mem[X,0x8000C4AA] -> 0x5555
[1317] [M]: 0x8000C4A8 (0x55555537) lui a0, 349525
x10 <- 0x55555000


mem[X,0x8000C4AC] -> 0x0513
mem[X,0x8000C4AE] -> 0x5555
[1318] [M]: 0x8000C4AC (0x55550513) addi a0, a0, 1365
x10 <- 0x55555555


mem[X,0x8000C4B0] -> 0x55B7
mem[X,0x8000C4B2] -> 0x5555
[1319] [M]: 0x8000C4B0 (0x555555B7) lui a1, 349525
x11 <- 0x55555000


mem[X,0x8000C4B4] -> 0x8593
mem[X,0x8000C4B6] -> 0x5565
[1320] [M]: 0x8000C4B4 (0x55658593) addi a1, a1, 1366
x11 <- 0x55555556


mem[X,0x8000C4B8] -> 0x0613
mem[X,0x8000C4BA] -> 0x0000
[1321] [M]: 0x8000C4B8 (0x00000613) addi a2, zero, 0
x12 <- 0x00000000


mem[X,0x8000C4BC] -> 0x006F
mem[X,0x8000C4BE] -> 0x0050
[1322] [M]: 0x8000C4BC (0x0050006F) jal zero, 2052


mem[X,0x8000CCC0] -> 0x50E3
mem[X,0x8000CCC2] -> 0x80B5
[1323] [M]: 0x8000CCC0 (0x80B550E3) bge a0, a1, 6144


mem[X,0x8000CCC4] -> 0x0613
mem[X,0x8000CCC6] -> 0x0026
[1324] [M]: 0x8000CCC4 (0x00260613) addi a2, a2, 2
x12 <- 0x00000002


mem[X,0x8000CCC8] -> 0x006F
mem[X,0x8000CCCA] -> 0x00C0
[1325] [M]: 0x8000CCC8 (0x00C0006F) jal zero, 12


mem[X,0x8000CCD4] -> 0x2223
mem[X,0x8000CCD6] -> 0x1EC2
[1326] [M]: 0x8000CCD4 (0x1EC22223) sw a2, 484(tp)
mem[0x8003A44C] <- 0x00000002


mem[X,0x8000CCD8] -> 0x5537
mem[X,0x8000CCDA] -> 0x5555
[1327] [M]: 0x8000CCD8 (0x55555537) lui a0, 349525
x10 <- 0x55555000


mem[X,0x8000CCDC] -> 0x0513
mem[X,0x8000CCDE] -> 0x5555
[1328] [M]: 0x8000CCDC (0x55550513) addi a0, a0, 1365
x10 <- 0x55555555


mem[X,0x8000CCE0] -> 0xB5B7
mem[X,0x8000CCE2] -> 0xAAAA
[1329] [M]: 0x8000CCE0 (0xAAAAB5B7) lui a1, 699051
x11 <- 0xAAAAB000


mem[X,0x8000CCE4] -> 0x8593
mem[X,0x8000CCE6] -> 0xAAB5
[1330] [M]: 0x8000CCE4 (0xAAB58593) addi a1, a1, 2731
x11 <- 0xAAAAAAAB


mem[X,0x8000CCE8] -> 0x0613
mem[X,0x8000CCEA] -> 0x0000
[1331] [M]: 0x8000CCE8 (0x00000613) addi a2, zero, 0
x12 <- 0x00000000


mem[X,0x8000CCEC] -> 0x006F
mem[X,0x8000CCEE] -> 0x0140
[1332] [M]: 0x8000CCEC (0x0140006F) jal zero, 20


mem[X,0x8000CD00] -> 0x58E3
mem[X,0x8000CD02] -> 0xFEB5
[1333] [M]: 0x8000CD00 (0xFEB558E3) bge a0, a1, 8176


mem[X,0x8000CCF0] -> 0x0613
mem[X,0x8000CCF2] -> 0x0016
[1334] [M]: 0x8000CCF0 (0x00160613) addi a2, a2, 1
x12 <- 0x00000001


mem[X,0x8000CCF4] -> 0x006F
mem[X,0x8000CCF6] -> 0x0200
[1335] [M]: 0x8000CCF4 (0x0200006F) jal zero, 32


mem[X,0x8000CD14] -> 0x2423
mem[X,0x8000CD16] -> 0x1EC2
[1336] [M]: 0x8000CD14 (0x1EC22423) sw a2, 488(tp)
mem[0x8003A450] <- 0x00000001


mem[X,0x8000CD18] -> 0x5537
mem[X,0x8000CD1A] -> 0x5555
[1337] [M]: 0x8000CD18 (0x55555537) lui a0, 349525
x10 <- 0x55555000


mem[X,0x8000CD1C] -> 0x0513
mem[X,0x8000CD1E] -> 0x5555
[1338] [M]: 0x8000CD1C (0x55550513) addi a0, a0, 1365
x10 <- 0x55555555


mem[X,0x8000CD20] -> 0x0593
mem[X,0x8000CD22] -> 0x0060
[1339] [M]: 0x8000CD20 (0x00600593) addi a1, zero, 6
x11 <- 0x00000006


mem[X,0x8000CD24] -> 0x0613
mem[X,0x8000CD26] -> 0x0000
[1340] [M]: 0x8000CD24 (0x00000613) addi a2, zero, 0
x12 <- 0x00000000


mem[X,0x8000CD28] -> 0x006F
mem[X,0x8000CD2A] -> 0x00C0
[1341] [M]: 0x8000CD28 (0x00C0006F) jal zero, 12


mem[X,0x8000CD34] -> 0x5063
mem[X,0x8000CD36] -> 0x02B5
[1342] [M]: 0x8000CD34 (0x02B55063) bge a0, a1, 32


mem[X,0x8000CD54] -> 0x0613
mem[X,0x8000CD56] -> 0x0036
[1343] [M]: 0x8000CD54 (0x00360613) addi a2, a2, 3
x12 <- 0x00000003


mem[X,0x8000CD58] -> 0x006F
mem[X,0x8000CD5A] -> 0x0040
[1344] [M]: 0x8000CD58 (0x0040006F) jal zero, 4


mem[X,0x8000CD5C] -> 0x2623
mem[X,0x8000CD5E] -> 0x1EC2
[1345] [M]: 0x8000CD5C (0x1EC22623) sw a2, 492(tp)
mem[0x8003A454] <- 0x00000003


mem[X,0x8000CD60] -> 0x5537
mem[X,0x8000CD62] -> 0x5555
[1346] [M]: 0x8000CD60 (0x55555537) lui a0, 349525
x10 <- 0x55555000


mem[X,0x8000CD64] -> 0x0513
mem[X,0x8000CD66] -> 0x5555
[1347] [M]: 0x8000CD64 (0x55550513) addi a0, a0, 1365
x10 <- 0x55555555


mem[X,0x8000CD68] -> 0x35B7
mem[X,0x8000CD6A] -> 0x3333
[1348] [M]: 0x8000CD68 (0x333335B7) lui a1, 209715
x11 <- 0x33333000


mem[X,0x8000CD6C] -> 0x8593
mem[X,0x8000CD6E] -> 0x3345
[1349] [M]: 0x8000CD6C (0x33458593) addi a1, a1, 820
x11 <- 0x33333334


mem[X,0x8000CD70] -> 0x0613
mem[X,0x8000CD72] -> 0x0000
[1350] [M]: 0x8000CD70 (0x00000613) addi a2, zero, 0
x12 <- 0x00000000


mem[X,0x8000CD74] -> 0x006F
mem[X,0x8000CD76] -> 0x0180
[1351] [M]: 0x8000CD74 (0x0180006F) jal zero, 24


mem[X,0x8000CD8C] -> 0x56E3
mem[X,0x8000CD8E] -> 0xFEB5
[1352] [M]: 0x8000CD8C (0xFEB556E3) bge a0, a1, 8172


mem[X,0x8000CD78] -> 0x0613
mem[X,0x8000CD7A] -> 0x0016
[1353] [M]: 0x8000CD78 (0x00160613) addi a2, a2, 1
x12 <- 0x00000001


mem[X,0x8000CD7C] -> 0x006F
mem[X,0x8000CD7E] -> 0x0240
[1354] [M]: 0x8000CD7C (0x0240006F) jal zero, 36


mem[X,0x8000CDA0] -> 0x2823
mem[X,0x8000CDA2] -> 0x1EC2
[1355] [M]: 0x8000CDA0 (0x1EC22823) sw a2, 496(tp)
mem[0x8003A458] <- 0x00000001


mem[X,0x8000CDA4] -> 0x5537
mem[X,0x8000CDA6] -> 0x5555
[1356] [M]: 0x8000CDA4 (0x55555537) lui a0, 349525
x10 <- 0x55555000


mem[X,0x8000CDA8] -> 0x0513
mem[X,0x8000CDAA] -> 0x5555
[1357] [M]: 0x8000CDA8 (0x55550513) addi a0, a0, 1365
x10 <- 0x55555555


mem[X,0x8000CDAC] -> 0x65B7
mem[X,0x8000CDAE] -> 0x6666
[1358] [M]: 0x8000CDAC (0x666665B7) lui a1, 419430
x11 <- 0x66666000


mem[X,0x8000CDB0] -> 0x8593
mem[X,0x8000CDB2] -> 0x6675
[1359] [M]: 0x8000CDB0 (0x66758593) addi a1, a1, 1639
x11 <- 0x66666667


mem[X,0x8000CDB4] -> 0x0613
mem[X,0x8000CDB6] -> 0x0000
[1360] [M]: 0x8000CDB4 (0x00000613) addi a2, zero, 0
x12 <- 0x00000000


mem[X,0x8000CDB8] -> 0x006F
mem[X,0x8000CDBA] -> 0x0140
[1361] [M]: 0x8000CDB8 (0x0140006F) jal zero, 20


mem[X,0x8000CDCC] -> 0x58E3
mem[X,0x8000CDCE] -> 0xFEB5
[1362] [M]: 0x8000CDCC (0xFEB558E3) bge a0, a1, 8176


mem[X,0x8000CDD0] -> 0x0613
mem[X,0x8000CDD2] -> 0x0026
[1363] [M]: 0x8000CDD0 (0x00260613) addi a2, a2, 2
x12 <- 0x00000002


mem[X,0x8000CDD4] -> 0x006F
mem[X,0x8000CDD6] -> 0x00C0
[1364] [M]: 0x8000CDD4 (0x00C0006F) jal zero, 12


mem[X,0x8000CDE0] -> 0x2A23
mem[X,0x8000CDE2] -> 0x1EC2
[1365] [M]: 0x8000CDE0 (0x1EC22A23) sw a2, 500(tp)
mem[0x8003A45C] <- 0x00000002


mem[X,0x8000CDE4] -> 0x5537
mem[X,0x8000CDE6] -> 0x5555
[1366] [M]: 0x8000CDE4 (0x55555537) lui a0, 349525
x10 <- 0x55555000


mem[X,0x8000CDE8] -> 0x0513
mem[X,0x8000CDEA] -> 0x5555
[1367] [M]: 0x8000CDE8 (0x55550513) addi a0, a0, 1365
x10 <- 0x55555555


mem[X,0x8000CDEC] -> 0x55B7
mem[X,0x8000CDEE] -> 0xFFFF
[1368] [M]: 0x8000CDEC (0xFFFF55B7) lui a1, 1048565
x11 <- 0xFFFF5000


mem[X,0x8000CDF0] -> 0x8593
mem[X,0x8000CDF2] -> 0xAFD5
[1369] [M]: 0x8000CDF0 (0xAFD58593) addi a1, a1, 2813
x11 <- 0xFFFF4AFD


mem[X,0x8000CDF4] -> 0x0613
mem[X,0x8000CDF6] -> 0x0000
[1370] [M]: 0x8000CDF4 (0x00000613) addi a2, zero, 0
x12 <- 0x00000000


mem[X,0x8000CDF8] -> 0x006F
mem[X,0x8000CDFA] -> 0x2B10
[1371] [M]: 0x8000CDF8 (0x2B10006F) jal zero, 2736


mem[X,0x8000D8A8] -> 0x5A63
mem[X,0x8000D8AA] -> 0xD4B5
[1372] [M]: 0x8000D8A8 (0xD4B55A63) bge a0, a1, 5460


mem[X,0x8000CDFC] -> 0x0613
mem[X,0x8000CDFE] -> 0x0016
[1373] [M]: 0x8000CDFC (0x00160613) addi a2, a2, 1
x12 <- 0x00000001


mem[X,0x8000CE00] -> 0x006F
mem[X,0x8000CE02] -> 0x2BD0
[1374] [M]: 0x8000CE00 (0x2BD0006F) jal zero, 2748


mem[X,0x8000D8BC] -> 0x2C23
mem[X,0x8000D8BE] -> 0x1EC2
[1375] [M]: 0x8000D8BC (0x1EC22C23) sw a2, 504(tp)
mem[0x8003A460] <- 0x00000001


mem[X,0x8000D8C0] -> 0x5537
mem[X,0x8000D8C2] -> 0x5555
[1376] [M]: 0x8000D8C0 (0x55555537) lui a0, 349525
x10 <- 0x55555000


mem[X,0x8000D8C4] -> 0x0513
mem[X,0x8000D8C6] -> 0x5555
[1377] [M]: 0x8000D8C4 (0x55550513) addi a0, a0, 1365
x10 <- 0x55555555


mem[X,0x8000D8C8] -> 0xB5B7
mem[X,0x8000D8CA] -> 0x0000
[1378] [M]: 0x8000D8C8 (0x0000B5B7) lui a1, 11
x11 <- 0x0000B000


mem[X,0x8000D8CC] -> 0x8593
mem[X,0x8000D8CE] -> 0x5055
[1379] [M]: 0x8000D8CC (0x50558593) addi a1, a1, 1285
x11 <- 0x0000B505


mem[X,0x8000D8D0] -> 0x0613
mem[X,0x8000D8D2] -> 0x0000
[1380] [M]: 0x8000D8D0 (0x00000613) addi a2, zero, 0
x12 <- 0x00000000


mem[X,0x8000D8D4] -> 0x006F
mem[X,0x8000D8D6] -> 0x00C0
[1381] [M]: 0x8000D8D4 (0x00C0006F) jal zero, 12


mem[X,0x8000D8E0] -> 0x5063
mem[X,0x8000D8E2] -> 0x20B5
[1382] [M]: 0x8000D8E0 (0x20B55063) bge a0, a1, 512


mem[X,0x8000DAE0] -> 0x0613
mem[X,0x8000DAE2] -> 0x0036
[1383] [M]: 0x8000DAE0 (0x00360613) addi a2, a2, 3
x12 <- 0x00000003


mem[X,0x8000DAE4] -> 0x006F
mem[X,0x8000DAE6] -> 0x0040
[1384] [M]: 0x8000DAE4 (0x0040006F) jal zero, 4


mem[X,0x8000DAE8] -> 0x2E23
mem[X,0x8000DAEA] -> 0x1EC2
[1385] [M]: 0x8000DAE8 (0x1EC22E23) sw a2, 508(tp)
mem[0x8003A464] <- 0x00000003


mem[X,0x8000DAEC] -> 0xB537
mem[X,0x8000DAEE] -> 0xAAAA
[1386] [M]: 0x8000DAEC (0xAAAAB537) lui a0, 699051
x10 <- 0xAAAAB000


mem[X,0x8000DAF0] -> 0x0513
mem[X,0x8000DAF2] -> 0xAAA5
[1387] [M]: 0x8000DAF0 (0xAAA50513) addi a0, a0, 2730
x10 <- 0xAAAAAAAA


mem[X,0x8000DAF4] -> 0x0593
mem[X,0x8000DAF6] -> 0x0030
[1388] [M]: 0x8000DAF4 (0x00300593) addi a1, zero, 3
x11 <- 0x00000003


mem[X,0x8000DAF8] -> 0x0613
mem[X,0x8000DAFA] -> 0x0000
[1389] [M]: 0x8000DAF8 (0x00000613) addi a2, zero, 0
x12 <- 0x00000000


mem[X,0x8000DAFC] -> 0x006F
mem[X,0x8000DAFE] -> 0x00C0
[1390] [M]: 0x8000DAFC (0x00C0006F) jal zero, 12


mem[X,0x8000DB08] -> 0x5CE3
mem[X,0x8000DB0A] -> 0xFEB5
[1391] [M]: 0x8000DB08 (0xFEB55CE3) bge a0, a1, 8184


mem[X,0x8000DB0C] -> 0x0613
mem[X,0x8000DB0E] -> 0x0026
[1392] [M]: 0x8000DB0C (0x00260613) addi a2, a2, 2
x12 <- 0x00000002


mem[X,0x8000DB10] -> 0x006F
mem[X,0x8000DB12] -> 0x00C0
[1393] [M]: 0x8000DB10 (0x00C0006F) jal zero, 12


mem[X,0x8000DB1C] -> 0x2023
mem[X,0x8000DB1E] -> 0x20C2
[1394] [M]: 0x8000DB1C (0x20C22023) sw a2, 512(tp)
mem[0x8003A468] <- 0x00000002


mem[X,0x8000DB20] -> 0xB537
mem[X,0x8000DB22] -> 0xAAAA
[1395] [M]: 0x8000DB20 (0xAAAAB537) lui a0, 699051
x10 <- 0xAAAAB000


mem[X,0x8000DB24] -> 0x0513
mem[X,0x8000DB26] -> 0xAAA5
[1396] [M]: 0x8000DB24 (0xAAA50513) addi a0, a0, 2730
x10 <- 0xAAAAAAAA


mem[X,0x8000DB28] -> 0x55B7
mem[X,0x8000DB2A] -> 0x5555
[1397] [M]: 0x8000DB28 (0x555555B7) lui a1, 349525
x11 <- 0x55555000


mem[X,0x8000DB2C] -> 0x8593
mem[X,0x8000DB2E] -> 0x5555
[1398] [M]: 0x8000DB2C (0x55558593) addi a1, a1, 1365
x11 <- 0x55555555


mem[X,0x8000DB30] -> 0x0613
mem[X,0x8000DB32] -> 0x0000
[1399] [M]: 0x8000DB30 (0x00000613) addi a2, zero, 0
x12 <- 0x00000000


clint::tick mtime <- 0x000000000000000E
 clint timer pending at mtime 0x000000000000000E
htif::tick 0x0000000000000000
mem[X,0x8000DB34] -> 0x006F
mem[X,0x8000DB36] -> 0x00C0
[1400] [M]: 0x8000DB34 (0x00C0006F) jal zero, 12


mem[X,0x8000DB40] -> 0x5663
mem[X,0x8000DB42] -> 0x00B5
[1401] [M]: 0x8000DB40 (0x00B55663) bge a0, a1, 12


mem[X,0x8000DB44] -> 0x0613
mem[X,0x8000DB46] -> 0x0026
[1402] [M]: 0x8000DB44 (0x00260613) addi a2, a2, 2
x12 <- 0x00000002


mem[X,0x8000DB48] -> 0x006F
mem[X,0x8000DB4A] -> 0x00C0
[1403] [M]: 0x8000DB48 (0x00C0006F) jal zero, 12


mem[X,0x8000DB54] -> 0x2223
mem[X,0x8000DB56] -> 0x20C2
[1404] [M]: 0x8000DB54 (0x20C22223) sw a2, 516(tp)
mem[0x8003A46C] <- 0x00000002


mem[X,0x8000DB58] -> 0xB537
mem[X,0x8000DB5A] -> 0xAAAA
[1405] [M]: 0x8000DB58 (0xAAAAB537) lui a0, 699051
x10 <- 0xAAAAB000


mem[X,0x8000DB5C] -> 0x0513
mem[X,0x8000DB5E] -> 0xAAA5
[1406] [M]: 0x8000DB5C (0xAAA50513) addi a0, a0, 2730
x10 <- 0xAAAAAAAA


mem[X,0x8000DB60] -> 0xB5B7
mem[X,0x8000DB62] -> 0xAAAA
[1407] [M]: 0x8000DB60 (0xAAAAB5B7) lui a1, 699051
x11 <- 0xAAAAB000


mem[X,0x8000DB64] -> 0x8593
mem[X,0x8000DB66] -> 0xAAA5
[1408] [M]: 0x8000DB64 (0xAAA58593) addi a1, a1, 2730
x11 <- 0xAAAAAAAA


mem[X,0x8000DB68] -> 0x0613
mem[X,0x8000DB6A] -> 0x0000
[1409] [M]: 0x8000DB68 (0x00000613) addi a2, zero, 0
x12 <- 0x00000000


mem[X,0x8000DB6C] -> 0x006F
mem[X,0x8000DB6E] -> 0x00C0
[1410] [M]: 0x8000DB6C (0x00C0006F) jal zero, 12


mem[X,0x8000DB78] -> 0x5063
mem[X,0x8000DB7A] -> 0x20B5
[1411] [M]: 0x8000DB78 (0x20B55063) bge a0, a1, 512


mem[X,0x8000DD78] -> 0x0613
mem[X,0x8000DD7A] -> 0x0036
[1412] [M]: 0x8000DD78 (0x00360613) addi a2, a2, 3
x12 <- 0x00000003


mem[X,0x8000DD7C] -> 0x006F
mem[X,0x8000DD7E] -> 0x0040
[1413] [M]: 0x8000DD7C (0x0040006F) jal zero, 4


mem[X,0x8000DD80] -> 0x2423
mem[X,0x8000DD82] -> 0x20C2
[1414] [M]: 0x8000DD80 (0x20C22423) sw a2, 520(tp)
mem[0x8003A470] <- 0x00000003


mem[X,0x8000DD84] -> 0xB537
mem[X,0x8000DD86] -> 0xAAAA
[1415] [M]: 0x8000DD84 (0xAAAAB537) lui a0, 699051
x10 <- 0xAAAAB000


mem[X,0x8000DD88] -> 0x0513
mem[X,0x8000DD8A] -> 0xAAA5
[1416] [M]: 0x8000DD88 (0xAAA50513) addi a0, a0, 2730
x10 <- 0xAAAAAAAA


mem[X,0x8000DD8C] -> 0x0593
mem[X,0x8000DD8E] -> 0x0050
[1417] [M]: 0x8000DD8C (0x00500593) addi a1, zero, 5
x11 <- 0x00000005


mem[X,0x8000DD90] -> 0x0613
mem[X,0x8000DD92] -> 0x0000
[1418] [M]: 0x8000DD90 (0x00000613) addi a2, zero, 0
x12 <- 0x00000000


mem[X,0x8000DD94] -> 0x006F
mem[X,0x8000DD96] -> 0x00C0
[1419] [M]: 0x8000DD94 (0x00C0006F) jal zero, 12


mem[X,0x8000DDA0] -> 0x5063
mem[X,0x8000DDA2] -> 0x10B5
[1420] [M]: 0x8000DDA0 (0x10B55063) bge a0, a1, 256


mem[X,0x8000DDA4] -> 0x0613
mem[X,0x8000DDA6] -> 0x0026
[1421] [M]: 0x8000DDA4 (0x00260613) addi a2, a2, 2
x12 <- 0x00000002


mem[X,0x8000DDA8] -> 0x006F
mem[X,0x8000DDAA] -> 0x1000
[1422] [M]: 0x8000DDA8 (0x1000006F) jal zero, 256


mem[X,0x8000DEA8] -> 0x2623
mem[X,0x8000DEAA] -> 0x20C2
[1423] [M]: 0x8000DEA8 (0x20C22623) sw a2, 524(tp)
mem[0x8003A474] <- 0x00000002


mem[X,0x8000DEAC] -> 0xB537
mem[X,0x8000DEAE] -> 0xAAAA
[1424] [M]: 0x8000DEAC (0xAAAAB537) lui a0, 699051
x10 <- 0xAAAAB000


mem[X,0x8000DEB0] -> 0x0513
mem[X,0x8000DEB2] -> 0xAAA5
[1425] [M]: 0x8000DEB0 (0xAAA50513) addi a0, a0, 2730
x10 <- 0xAAAAAAAA


mem[X,0x8000DEB4] -> 0x35B7
mem[X,0x8000DEB6] -> 0x3333
[1426] [M]: 0x8000DEB4 (0x333335B7) lui a1, 209715
x11 <- 0x33333000


mem[X,0x8000DEB8] -> 0x8593
mem[X,0x8000DEBA] -> 0x3335
[1427] [M]: 0x8000DEB8 (0x33358593) addi a1, a1, 819
x11 <- 0x33333333


mem[X,0x8000DEBC] -> 0x0613
mem[X,0x8000DEBE] -> 0x0000
[1428] [M]: 0x8000DEBC (0x00000613) addi a2, zero, 0
x12 <- 0x00000000


mem[X,0x8000DEC0] -> 0x006F
mem[X,0x8000DEC2] -> 0x0140
[1429] [M]: 0x8000DEC0 (0x0140006F) jal zero, 20


mem[X,0x8000DED4] -> 0x58E3
mem[X,0x8000DED6] -> 0xFEB5
[1430] [M]: 0x8000DED4 (0xFEB558E3) bge a0, a1, 8176


mem[X,0x8000DED8] -> 0x0613
mem[X,0x8000DEDA] -> 0x0026
[1431] [M]: 0x8000DED8 (0x00260613) addi a2, a2, 2
x12 <- 0x00000002


mem[X,0x8000DEDC] -> 0x006F
mem[X,0x8000DEDE] -> 0x00C0
[1432] [M]: 0x8000DEDC (0x00C0006F) jal zero, 12


mem[X,0x8000DEE8] -> 0x2823
mem[X,0x8000DEEA] -> 0x20C2
[1433] [M]: 0x8000DEE8 (0x20C22823) sw a2, 528(tp)
mem[0x8003A478] <- 0x00000002


mem[X,0x8000DEEC] -> 0xB537
mem[X,0x8000DEEE] -> 0xAAAA
[1434] [M]: 0x8000DEEC (0xAAAAB537) lui a0, 699051
x10 <- 0xAAAAB000


mem[X,0x8000DEF0] -> 0x0513
mem[X,0x8000DEF2] -> 0xAAA5
[1435] [M]: 0x8000DEF0 (0xAAA50513) addi a0, a0, 2730
x10 <- 0xAAAAAAAA


mem[X,0x8000DEF4] -> 0x65B7
mem[X,0x8000DEF6] -> 0x6666
[1436] [M]: 0x8000DEF4 (0x666665B7) lui a1, 419430
x11 <- 0x66666000


mem[X,0x8000DEF8] -> 0x8593
mem[X,0x8000DEFA] -> 0x6665
[1437] [M]: 0x8000DEF8 (0x66658593) addi a1, a1, 1638
x11 <- 0x66666666


mem[X,0x8000DEFC] -> 0x0613
mem[X,0x8000DEFE] -> 0x0000
[1438] [M]: 0x8000DEFC (0x00000613) addi a2, zero, 0
x12 <- 0x00000000


mem[X,0x8000DF00] -> 0x006F
mem[X,0x8000DF02] -> 0x00C0
[1439] [M]: 0x8000DF00 (0x00C0006F) jal zero, 12


mem[X,0x8000DF0C] -> 0x5063
mem[X,0x8000DF0E] -> 0x02B5
[1440] [M]: 0x8000DF0C (0x02B55063) bge a0, a1, 32


mem[X,0x8000DF10] -> 0x0613
mem[X,0x8000DF12] -> 0x0026
[1441] [M]: 0x8000DF10 (0x00260613) addi a2, a2, 2
x12 <- 0x00000002


mem[X,0x8000DF14] -> 0x006F
mem[X,0x8000DF16] -> 0x0200
[1442] [M]: 0x8000DF14 (0x0200006F) jal zero, 32


mem[X,0x8000DF34] -> 0x2A23
mem[X,0x8000DF36] -> 0x20C2
[1443] [M]: 0x8000DF34 (0x20C22A23) sw a2, 532(tp)
mem[0x8003A47C] <- 0x00000002


mem[X,0x8000DF38] -> 0xB537
mem[X,0x8000DF3A] -> 0xAAAA
[1444] [M]: 0x8000DF38 (0xAAAAB537) lui a0, 699051
x10 <- 0xAAAAB000


mem[X,0x8000DF3C] -> 0x0513
mem[X,0x8000DF3E] -> 0xAAA5
[1445] [M]: 0x8000DF3C (0xAAA50513) addi a0, a0, 2730
x10 <- 0xAAAAAAAA


mem[X,0x8000DF40] -> 0x55B7
mem[X,0x8000DF42] -> 0xFFFF
[1446] [M]: 0x8000DF40 (0xFFFF55B7) lui a1, 1048565
x11 <- 0xFFFF5000


mem[X,0x8000DF44] -> 0x8593
mem[X,0x8000DF46] -> 0xAFC5
[1447] [M]: 0x8000DF44 (0xAFC58593) addi a1, a1, 2812
x11 <- 0xFFFF4AFC


mem[X,0x8000DF48] -> 0x0613
mem[X,0x8000DF4A] -> 0x0000
[1448] [M]: 0x8000DF48 (0x00000613) addi a2, zero, 0
x12 <- 0x00000000


mem[X,0x8000DF4C] -> 0x006F
mem[X,0x8000DF4E] -> 0x0180
[1449] [M]: 0x8000DF4C (0x0180006F) jal zero, 24


mem[X,0x8000DF64] -> 0x56E3
mem[X,0x8000DF66] -> 0xFEB5
[1450] [M]: 0x8000DF64 (0xFEB556E3) bge a0, a1, 8172


mem[X,0x8000DF68] -> 0x0613
mem[X,0x8000DF6A] -> 0x0026
[1451] [M]: 0x8000DF68 (0x00260613) addi a2, a2, 2
x12 <- 0x00000002


mem[X,0x8000DF6C] -> 0x006F
mem[X,0x8000DF6E] -> 0x00C0
[1452] [M]: 0x8000DF6C (0x00C0006F) jal zero, 12


mem[X,0x8000DF78] -> 0x2C23
mem[X,0x8000DF7A] -> 0x20C2
[1453] [M]: 0x8000DF78 (0x20C22C23) sw a2, 536(tp)
mem[0x8003A480] <- 0x00000002


mem[X,0x8000DF7C] -> 0xB537
mem[X,0x8000DF7E] -> 0xAAAA
[1454] [M]: 0x8000DF7C (0xAAAAB537) lui a0, 699051
x10 <- 0xAAAAB000


mem[X,0x8000DF80] -> 0x0513
mem[X,0x8000DF82] -> 0xAAA5
[1455] [M]: 0x8000DF80 (0xAAA50513) addi a0, a0, 2730
x10 <- 0xAAAAAAAA


mem[X,0x8000DF84] -> 0xB5B7
mem[X,0x8000DF86] -> 0x0000
[1456] [M]: 0x8000DF84 (0x0000B5B7) lui a1, 11
x11 <- 0x0000B000


mem[X,0x8000DF88] -> 0x8593
mem[X,0x8000DF8A] -> 0x5045
[1457] [M]: 0x8000DF88 (0x50458593) addi a1, a1, 1284
x11 <- 0x0000B504


mem[X,0x8000DF8C] -> 0x0613
mem[X,0x8000DF8E] -> 0x0000
[1458] [M]: 0x8000DF8C (0x00000613) addi a2, zero, 0
x12 <- 0x00000000


mem[X,0x8000DF90] -> 0x006F
mem[X,0x8000DF92] -> 0x00C0
[1459] [M]: 0x8000DF90 (0x00C0006F) jal zero, 12


mem[X,0x8000DF9C] -> 0x5CE3
mem[X,0x8000DF9E] -> 0xFEB5
[1460] [M]: 0x8000DF9C (0xFEB55CE3) bge a0, a1, 8184


mem[X,0x8000DFA0] -> 0x0613
mem[X,0x8000DFA2] -> 0x0026
[1461] [M]: 0x8000DFA0 (0x00260613) addi a2, a2, 2
x12 <- 0x00000002


mem[X,0x8000DFA4] -> 0x006F
mem[X,0x8000DFA6] -> 0x00C0
[1462] [M]: 0x8000DFA4 (0x00C0006F) jal zero, 12


mem[X,0x8000DFB0] -> 0x2E23
mem[X,0x8000DFB2] -> 0x20C2
[1463] [M]: 0x8000DFB0 (0x20C22E23) sw a2, 540(tp)
mem[0x8003A484] <- 0x00000002


mem[X,0x8000DFB4] -> 0xB537
mem[X,0x8000DFB6] -> 0xAAAA
[1464] [M]: 0x8000DFB4 (0xAAAAB537) lui a0, 699051
x10 <- 0xAAAAB000


mem[X,0x8000DFB8] -> 0x0513
mem[X,0x8000DFBA] -> 0xAAA5
[1465] [M]: 0x8000DFB8 (0xAAA50513) addi a0, a0, 2730
x10 <- 0xAAAAAAAA


mem[X,0x8000DFBC] -> 0x0593
mem[X,0x8000DFBE] -> 0x0020
[1466] [M]: 0x8000DFBC (0x00200593) addi a1, zero, 2
x11 <- 0x00000002


mem[X,0x8000DFC0] -> 0x0613
mem[X,0x8000DFC2] -> 0x0000
[1467] [M]: 0x8000DFC0 (0x00000613) addi a2, zero, 0
x12 <- 0x00000000


mem[X,0x8000DFC4] -> 0x006F
mem[X,0x8000DFC6] -> 0x00C0
[1468] [M]: 0x8000DFC4 (0x00C0006F) jal zero, 12


mem[X,0x8000DFD0] -> 0x5063
mem[X,0x8000DFD2] -> 0x10B5
[1469] [M]: 0x8000DFD0 (0x10B55063) bge a0, a1, 256


mem[X,0x8000DFD4] -> 0x0613
mem[X,0x8000DFD6] -> 0x0026
[1470] [M]: 0x8000DFD4 (0x00260613) addi a2, a2, 2
x12 <- 0x00000002


mem[X,0x8000DFD8] -> 0x006F
mem[X,0x8000DFDA] -> 0x1000
[1471] [M]: 0x8000DFD8 (0x1000006F) jal zero, 256


mem[X,0x8000E0D8] -> 0x2023
mem[X,0x8000E0DA] -> 0x22C2
[1472] [M]: 0x8000E0D8 (0x22C22023) sw a2, 544(tp)
mem[0x8003A488] <- 0x00000002


mem[X,0x8000E0DC] -> 0xB537
mem[X,0x8000E0DE] -> 0xAAAA
[1473] [M]: 0x8000E0DC (0xAAAAB537) lui a0, 699051
x10 <- 0xAAAAB000


mem[X,0x8000E0E0] -> 0x0513
mem[X,0x8000E0E2] -> 0xAAA5
[1474] [M]: 0x8000E0E0 (0xAAA50513) addi a0, a0, 2730
x10 <- 0xAAAAAAAA


mem[X,0x8000E0E4] -> 0x55B7
mem[X,0x8000E0E6] -> 0x5555
[1475] [M]: 0x8000E0E4 (0x555555B7) lui a1, 349525
x11 <- 0x55555000


mem[X,0x8000E0E8] -> 0x8593
mem[X,0x8000E0EA] -> 0x5545
[1476] [M]: 0x8000E0E8 (0x55458593) addi a1, a1, 1364
x11 <- 0x55555554


mem[X,0x8000E0EC] -> 0x0613
mem[X,0x8000E0EE] -> 0x0000
[1477] [M]: 0x8000E0EC (0x00000613) addi a2, zero, 0
x12 <- 0x00000000


mem[X,0x8000E0F0] -> 0x006F
mem[X,0x8000E0F2] -> 0x0180
[1478] [M]: 0x8000E0F0 (0x0180006F) jal zero, 24


mem[X,0x8000E108] -> 0x56E3
mem[X,0x8000E10A] -> 0xFEB5
[1479] [M]: 0x8000E108 (0xFEB556E3) bge a0, a1, 8172


mem[X,0x8000E10C] -> 0x0613
mem[X,0x8000E10E] -> 0x0026
[1480] [M]: 0x8000E10C (0x00260613) addi a2, a2, 2
x12 <- 0x00000002


mem[X,0x8000E110] -> 0x006F
mem[X,0x8000E112] -> 0x00C0
[1481] [M]: 0x8000E110 (0x00C0006F) jal zero, 12


mem[X,0x8000E11C] -> 0x2223
mem[X,0x8000E11E] -> 0x22C2
[1482] [M]: 0x8000E11C (0x22C22223) sw a2, 548(tp)
mem[0x8003A48C] <- 0x00000002


mem[X,0x8000E120] -> 0xB537
mem[X,0x8000E122] -> 0xAAAA
[1483] [M]: 0x8000E120 (0xAAAAB537) lui a0, 699051
x10 <- 0xAAAAB000


mem[X,0x8000E124] -> 0x0513
mem[X,0x8000E126] -> 0xAAA5
[1484] [M]: 0x8000E124 (0xAAA50513) addi a0, a0, 2730
x10 <- 0xAAAAAAAA


mem[X,0x8000E128] -> 0x0593
mem[X,0x8000E12A] -> 0x0000
[1485] [M]: 0x8000E128 (0x00000593) addi a1, zero, 0
x11 <- 0x00000000


mem[X,0x8000E12C] -> 0x0613
mem[X,0x8000E12E] -> 0x0000
[1486] [M]: 0x8000E12C (0x00000613) addi a2, zero, 0
x12 <- 0x00000000


mem[X,0x8000E130] -> 0x006F
mem[X,0x8000E132] -> 0x00C0
[1487] [M]: 0x8000E130 (0x00C0006F) jal zero, 12


mem[X,0x8000E13C] -> 0x5CE3
mem[X,0x8000E13E] -> 0xFEB5
[1488] [M]: 0x8000E13C (0xFEB55CE3) bge a0, a1, 8184


mem[X,0x8000E140] -> 0x0613
mem[X,0x8000E142] -> 0x0026
[1489] [M]: 0x8000E140 (0x00260613) addi a2, a2, 2
x12 <- 0x00000002


mem[X,0x8000E144] -> 0x006F
mem[X,0x8000E146] -> 0x00C0
[1490] [M]: 0x8000E144 (0x00C0006F) jal zero, 12


mem[X,0x8000E150] -> 0x2423
mem[X,0x8000E152] -> 0x22C2
[1491] [M]: 0x8000E150 (0x22C22423) sw a2, 552(tp)
mem[0x8003A490] <- 0x00000002


mem[X,0x8000E154] -> 0xB537
mem[X,0x8000E156] -> 0xAAAA
[1492] [M]: 0x8000E154 (0xAAAAB537) lui a0, 699051
x10 <- 0xAAAAB000


mem[X,0x8000E158] -> 0x0513
mem[X,0x8000E15A] -> 0xAAA5
[1493] [M]: 0x8000E158 (0xAAA50513) addi a0, a0, 2730
x10 <- 0xAAAAAAAA


mem[X,0x8000E15C] -> 0x0593
mem[X,0x8000E15E] -> 0x0040
[1494] [M]: 0x8000E15C (0x00400593) addi a1, zero, 4
x11 <- 0x00000004


mem[X,0x8000E160] -> 0x0613
mem[X,0x8000E162] -> 0x0000
[1495] [M]: 0x8000E160 (0x00000613) addi a2, zero, 0
x12 <- 0x00000000


mem[X,0x8000E164] -> 0x006F
mem[X,0x8000E166] -> 0x00C0
[1496] [M]: 0x8000E164 (0x00C0006F) jal zero, 12


mem[X,0x8000E170] -> 0x5063
mem[X,0x8000E172] -> 0x02B5
[1497] [M]: 0x8000E170 (0x02B55063) bge a0, a1, 32


mem[X,0x8000E174] -> 0x0613
mem[X,0x8000E176] -> 0x0026
[1498] [M]: 0x8000E174 (0x00260613) addi a2, a2, 2
x12 <- 0x00000002


mem[X,0x8000E178] -> 0x006F
mem[X,0x8000E17A] -> 0x0200
[1499] [M]: 0x8000E178 (0x0200006F) jal zero, 32


clint::tick mtime <- 0x000000000000000F
 clint timer pending at mtime 0x000000000000000F
htif::tick 0x0000000000000000
mem[X,0x8000E198] -> 0x2623
mem[X,0x8000E19A] -> 0x22C2
[1500] [M]: 0x8000E198 (0x22C22623) sw a2, 556(tp)
mem[0x8003A494] <- 0x00000002


mem[X,0x8000E19C] -> 0xB537
mem[X,0x8000E19E] -> 0xAAAA
[1501] [M]: 0x8000E19C (0xAAAAB537) lui a0, 699051
x10 <- 0xAAAAB000


mem[X,0x8000E1A0] -> 0x0513
mem[X,0x8000E1A2] -> 0xAAA5
[1502] [M]: 0x8000E1A0 (0xAAA50513) addi a0, a0, 2730
x10 <- 0xAAAAAAAA


mem[X,0x8000E1A4] -> 0x35B7
mem[X,0x8000E1A6] -> 0x3333
[1503] [M]: 0x8000E1A4 (0x333335B7) lui a1, 209715
x11 <- 0x33333000


mem[X,0x8000E1A8] -> 0x8593
mem[X,0x8000E1AA] -> 0x3325
[1504] [M]: 0x8000E1A8 (0x33258593) addi a1, a1, 818
x11 <- 0x33333332


mem[X,0x8000E1AC] -> 0x0613
mem[X,0x8000E1AE] -> 0x0000
[1505] [M]: 0x8000E1AC (0x00000613) addi a2, zero, 0
x12 <- 0x00000000


mem[X,0x8000E1B0] -> 0x006F
mem[X,0x8000E1B2] -> 0x00C0
[1506] [M]: 0x8000E1B0 (0x00C0006F) jal zero, 12


mem[X,0x8000E1BC] -> 0x5063
mem[X,0x8000E1BE] -> 0x08B5
[1507] [M]: 0x8000E1BC (0x08B55063) bge a0, a1, 128


mem[X,0x8000E1C0] -> 0x0613
mem[X,0x8000E1C2] -> 0x0026
[1508] [M]: 0x8000E1C0 (0x00260613) addi a2, a2, 2
x12 <- 0x00000002


mem[X,0x8000E1C4] -> 0x006F
mem[X,0x8000E1C6] -> 0x0800
[1509] [M]: 0x8000E1C4 (0x0800006F) jal zero, 128


mem[X,0x8000E244] -> 0x2823
mem[X,0x8000E246] -> 0x22C2
[1510] [M]: 0x8000E244 (0x22C22823) sw a2, 560(tp)
mem[0x8003A498] <- 0x00000002


mem[X,0x8000E248] -> 0xB537
mem[X,0x8000E24A] -> 0xAAAA
[1511] [M]: 0x8000E248 (0xAAAAB537) lui a0, 699051
x10 <- 0xAAAAB000


mem[X,0x8000E24C] -> 0x0513
mem[X,0x8000E24E] -> 0xAAA5
[1512] [M]: 0x8000E24C (0xAAA50513) addi a0, a0, 2730
x10 <- 0xAAAAAAAA


mem[X,0x8000E250] -> 0x65B7
mem[X,0x8000E252] -> 0x6666
[1513] [M]: 0x8000E250 (0x666665B7) lui a1, 419430
x11 <- 0x66666000


mem[X,0x8000E254] -> 0x8593
mem[X,0x8000E256] -> 0x6655
[1514] [M]: 0x8000E254 (0x66558593) addi a1, a1, 1637
x11 <- 0x66666665


mem[X,0x8000E258] -> 0x0613
mem[X,0x8000E25A] -> 0x0000
[1515] [M]: 0x8000E258 (0x00000613) addi a2, zero, 0
x12 <- 0x00000000


mem[X,0x8000E25C] -> 0x006F
mem[X,0x8000E25E] -> 0x00C0
[1516] [M]: 0x8000E25C (0x00C0006F) jal zero, 12


mem[X,0x8000E268] -> 0x5663
mem[X,0x8000E26A] -> 0x00B5
[1517] [M]: 0x8000E268 (0x00B55663) bge a0, a1, 12


mem[X,0x8000E26C] -> 0x0613
mem[X,0x8000E26E] -> 0x0026
[1518] [M]: 0x8000E26C (0x00260613) addi a2, a2, 2
x12 <- 0x00000002


mem[X,0x8000E270] -> 0x006F
mem[X,0x8000E272] -> 0x00C0
[1519] [M]: 0x8000E270 (0x00C0006F) jal zero, 12


mem[X,0x8000E27C] -> 0x2A23
mem[X,0x8000E27E] -> 0x22C2
[1520] [M]: 0x8000E27C (0x22C22A23) sw a2, 564(tp)
mem[0x8003A49C] <- 0x00000002


mem[X,0x8000E280] -> 0xB537
mem[X,0x8000E282] -> 0xAAAA
[1521] [M]: 0x8000E280 (0xAAAAB537) lui a0, 699051
x10 <- 0xAAAAB000


mem[X,0x8000E284] -> 0x0513
mem[X,0x8000E286] -> 0xAAA5
[1522] [M]: 0x8000E284 (0xAAA50513) addi a0, a0, 2730
x10 <- 0xAAAAAAAA


mem[X,0x8000E288] -> 0xB5B7
mem[X,0x8000E28A] -> 0x0000
[1523] [M]: 0x8000E288 (0x0000B5B7) lui a1, 11
x11 <- 0x0000B000


mem[X,0x8000E28C] -> 0x8593
mem[X,0x8000E28E] -> 0x5035
[1524] [M]: 0x8000E28C (0x50358593) addi a1, a1, 1283
x11 <- 0x0000B503


mem[X,0x8000E290] -> 0x0613
mem[X,0x8000E292] -> 0x0000
[1525] [M]: 0x8000E290 (0x00000613) addi a2, zero, 0
x12 <- 0x00000000


mem[X,0x8000E294] -> 0x006F
mem[X,0x8000E296] -> 0x00C0
[1526] [M]: 0x8000E294 (0x00C0006F) jal zero, 12


mem[X,0x8000E2A0] -> 0x5663
mem[X,0x8000E2A2] -> 0x00B5
[1527] [M]: 0x8000E2A0 (0x00B55663) bge a0, a1, 12


mem[X,0x8000E2A4] -> 0x0613
mem[X,0x8000E2A6] -> 0x0026
[1528] [M]: 0x8000E2A4 (0x00260613) addi a2, a2, 2
x12 <- 0x00000002


mem[X,0x8000E2A8] -> 0x006F
mem[X,0x8000E2AA] -> 0x00C0
[1529] [M]: 0x8000E2A8 (0x00C0006F) jal zero, 12


mem[X,0x8000E2B4] -> 0x2C23
mem[X,0x8000E2B6] -> 0x22C2
[1530] [M]: 0x8000E2B4 (0x22C22C23) sw a2, 568(tp)
mem[0x8003A4A0] <- 0x00000002


mem[X,0x8000E2B8] -> 0xB537
mem[X,0x8000E2BA] -> 0xAAAA
[1531] [M]: 0x8000E2B8 (0xAAAAB537) lui a0, 699051
x10 <- 0xAAAAB000


mem[X,0x8000E2BC] -> 0x0513
mem[X,0x8000E2BE] -> 0xAAA5
[1532] [M]: 0x8000E2BC (0xAAA50513) addi a0, a0, 2730
x10 <- 0xAAAAAAAA


mem[X,0x8000E2C0] -> 0x55B7
mem[X,0x8000E2C2] -> 0x5555
[1533] [M]: 0x8000E2C0 (0x555555B7) lui a1, 349525
x11 <- 0x55555000


mem[X,0x8000E2C4] -> 0x8593
mem[X,0x8000E2C6] -> 0x5565
[1534] [M]: 0x8000E2C4 (0x55658593) addi a1, a1, 1366
x11 <- 0x55555556


mem[X,0x8000E2C8] -> 0x0613
mem[X,0x8000E2CA] -> 0x0000
[1535] [M]: 0x8000E2C8 (0x00000613) addi a2, zero, 0
x12 <- 0x00000000


mem[X,0x8000E2CC] -> 0x006F
mem[X,0x8000E2CE] -> 0x00C0
[1536] [M]: 0x8000E2CC (0x00C0006F) jal zero, 12


mem[X,0x8000E2D8] -> 0x5663
mem[X,0x8000E2DA] -> 0x00B5
[1537] [M]: 0x8000E2D8 (0x00B55663) bge a0, a1, 12


mem[X,0x8000E2DC] -> 0x0613
mem[X,0x8000E2DE] -> 0x0026
[1538] [M]: 0x8000E2DC (0x00260613) addi a2, a2, 2
x12 <- 0x00000002


mem[X,0x8000E2E0] -> 0x006F
mem[X,0x8000E2E2] -> 0x00C0
[1539] [M]: 0x8000E2E0 (0x00C0006F) jal zero, 12


mem[X,0x8000E2EC] -> 0x2E23
mem[X,0x8000E2EE] -> 0x22C2
[1540] [M]: 0x8000E2EC (0x22C22E23) sw a2, 572(tp)
mem[0x8003A4A4] <- 0x00000002


mem[X,0x8000E2F0] -> 0xB537
mem[X,0x8000E2F2] -> 0xAAAA
[1541] [M]: 0x8000E2F0 (0xAAAAB537) lui a0, 699051
x10 <- 0xAAAAB000


mem[X,0x8000E2F4] -> 0x0513
mem[X,0x8000E2F6] -> 0xAAA5
[1542] [M]: 0x8000E2F4 (0xAAA50513) addi a0, a0, 2730
x10 <- 0xAAAAAAAA


mem[X,0x8000E2F8] -> 0xB5B7
mem[X,0x8000E2FA] -> 0xAAAA
[1543] [M]: 0x8000E2F8 (0xAAAAB5B7) lui a1, 699051
x11 <- 0xAAAAB000


mem[X,0x8000E2FC] -> 0x8593
mem[X,0x8000E2FE] -> 0xAAB5
[1544] [M]: 0x8000E2FC (0xAAB58593) addi a1, a1, 2731
x11 <- 0xAAAAAAAB


mem[X,0x8000E300] -> 0x0613
mem[X,0x8000E302] -> 0x0000
[1545] [M]: 0x8000E300 (0x00000613) addi a2, zero, 0
x12 <- 0x00000000


mem[X,0x8000E304] -> 0x006F
mem[X,0x8000E306] -> 0x00C0
[1546] [M]: 0x8000E304 (0x00C0006F) jal zero, 12


mem[X,0x8000E310] -> 0x5063
mem[X,0x8000E312] -> 0x04B5
[1547] [M]: 0x8000E310 (0x04B55063) bge a0, a1, 64


mem[X,0x8000E314] -> 0x0613
mem[X,0x8000E316] -> 0x0026
[1548] [M]: 0x8000E314 (0x00260613) addi a2, a2, 2
x12 <- 0x00000002


mem[X,0x8000E318] -> 0x006F
mem[X,0x8000E31A] -> 0x0400
[1549] [M]: 0x8000E318 (0x0400006F) jal zero, 64


mem[X,0x8000E358] -> 0x2023
mem[X,0x8000E35A] -> 0x24C2
[1550] [M]: 0x8000E358 (0x24C22023) sw a2, 576(tp)
mem[0x8003A4A8] <- 0x00000002


mem[X,0x8000E35C] -> 0xB537
mem[X,0x8000E35E] -> 0xAAAA
[1551] [M]: 0x8000E35C (0xAAAAB537) lui a0, 699051
x10 <- 0xAAAAB000


mem[X,0x8000E360] -> 0x0513
mem[X,0x8000E362] -> 0xAAA5
[1552] [M]: 0x8000E360 (0xAAA50513) addi a0, a0, 2730
x10 <- 0xAAAAAAAA


mem[X,0x8000E364] -> 0x0593
mem[X,0x8000E366] -> 0x0060
[1553] [M]: 0x8000E364 (0x00600593) addi a1, zero, 6
x11 <- 0x00000006


mem[X,0x8000E368] -> 0x0613
mem[X,0x8000E36A] -> 0x0000
[1554] [M]: 0x8000E368 (0x00000613) addi a2, zero, 0
x12 <- 0x00000000


mem[X,0x8000E36C] -> 0x006F
mem[X,0x8000E36E] -> 0x00C0
[1555] [M]: 0x8000E36C (0x00C0006F) jal zero, 12


mem[X,0x8000E378] -> 0x5663
mem[X,0x8000E37A] -> 0x00B5
[1556] [M]: 0x8000E378 (0x00B55663) bge a0, a1, 12


mem[X,0x8000E37C] -> 0x0613
mem[X,0x8000E37E] -> 0x0026
[1557] [M]: 0x8000E37C (0x00260613) addi a2, a2, 2
x12 <- 0x00000002


mem[X,0x8000E380] -> 0x006F
mem[X,0x8000E382] -> 0x00C0
[1558] [M]: 0x8000E380 (0x00C0006F) jal zero, 12


mem[X,0x8000E38C] -> 0x2223
mem[X,0x8000E38E] -> 0x24C2
[1559] [M]: 0x8000E38C (0x24C22223) sw a2, 580(tp)
mem[0x8003A4AC] <- 0x00000002


mem[X,0x8000E390] -> 0xB537
mem[X,0x8000E392] -> 0xAAAA
[1560] [M]: 0x8000E390 (0xAAAAB537) lui a0, 699051
x10 <- 0xAAAAB000


mem[X,0x8000E394] -> 0x0513
mem[X,0x8000E396] -> 0xAAA5
[1561] [M]: 0x8000E394 (0xAAA50513) addi a0, a0, 2730
x10 <- 0xAAAAAAAA


mem[X,0x8000E398] -> 0x35B7
mem[X,0x8000E39A] -> 0x3333
[1562] [M]: 0x8000E398 (0x333335B7) lui a1, 209715
x11 <- 0x33333000


mem[X,0x8000E39C] -> 0x8593
mem[X,0x8000E39E] -> 0x3345
[1563] [M]: 0x8000E39C (0x33458593) addi a1, a1, 820
x11 <- 0x33333334


mem[X,0x8000E3A0] -> 0x0613
mem[X,0x8000E3A2] -> 0x0000
[1564] [M]: 0x8000E3A0 (0x00000613) addi a2, zero, 0
x12 <- 0x00000000


mem[X,0x8000E3A4] -> 0x006F
mem[X,0x8000E3A6] -> 0x00C0
[1565] [M]: 0x8000E3A4 (0x00C0006F) jal zero, 12


mem[X,0x8000E3B0] -> 0x5063
mem[X,0x8000E3B2] -> 0x04B5
[1566] [M]: 0x8000E3B0 (0x04B55063) bge a0, a1, 64


mem[X,0x8000E3B4] -> 0x0613
mem[X,0x8000E3B6] -> 0x0026
[1567] [M]: 0x8000E3B4 (0x00260613) addi a2, a2, 2
x12 <- 0x00000002


mem[X,0x8000E3B8] -> 0x006F
mem[X,0x8000E3BA] -> 0x0400
[1568] [M]: 0x8000E3B8 (0x0400006F) jal zero, 64


mem[X,0x8000E3F8] -> 0x2423
mem[X,0x8000E3FA] -> 0x24C2
[1569] [M]: 0x8000E3F8 (0x24C22423) sw a2, 584(tp)
mem[0x8003A4B0] <- 0x00000002


mem[X,0x8000E3FC] -> 0xB537
mem[X,0x8000E3FE] -> 0xAAAA
[1570] [M]: 0x8000E3FC (0xAAAAB537) lui a0, 699051
x10 <- 0xAAAAB000


mem[X,0x8000E400] -> 0x0513
mem[X,0x8000E402] -> 0xAAA5
[1571] [M]: 0x8000E400 (0xAAA50513) addi a0, a0, 2730
x10 <- 0xAAAAAAAA


mem[X,0x8000E404] -> 0x65B7
mem[X,0x8000E406] -> 0x6666
[1572] [M]: 0x8000E404 (0x666665B7) lui a1, 419430
x11 <- 0x66666000


mem[X,0x8000E408] -> 0x8593
mem[X,0x8000E40A] -> 0x6675
[1573] [M]: 0x8000E408 (0x66758593) addi a1, a1, 1639
x11 <- 0x66666667


mem[X,0x8000E40C] -> 0x0613
mem[X,0x8000E40E] -> 0x0000
[1574] [M]: 0x8000E40C (0x00000613) addi a2, zero, 0
x12 <- 0x00000000


mem[X,0x8000E410] -> 0x006F
mem[X,0x8000E412] -> 0x0100
[1575] [M]: 0x8000E410 (0x0100006F) jal zero, 16


mem[X,0x8000E420] -> 0x5AE3
mem[X,0x8000E422] -> 0xFEB5
[1576] [M]: 0x8000E420 (0xFEB55AE3) bge a0, a1, 8180


mem[X,0x8000E424] -> 0x0613
mem[X,0x8000E426] -> 0x0026
[1577] [M]: 0x8000E424 (0x00260613) addi a2, a2, 2
x12 <- 0x00000002


mem[X,0x8000E428] -> 0x006F
mem[X,0x8000E42A] -> 0x00C0
[1578] [M]: 0x8000E428 (0x00C0006F) jal zero, 12


mem[X,0x8000E434] -> 0x2623
mem[X,0x8000E436] -> 0x24C2
[1579] [M]: 0x8000E434 (0x24C22623) sw a2, 588(tp)
mem[0x8003A4B4] <- 0x00000002


mem[X,0x8000E438] -> 0xB537
mem[X,0x8000E43A] -> 0xAAAA
[1580] [M]: 0x8000E438 (0xAAAAB537) lui a0, 699051
x10 <- 0xAAAAB000


mem[X,0x8000E43C] -> 0x0513
mem[X,0x8000E43E] -> 0xAAA5
[1581] [M]: 0x8000E43C (0xAAA50513) addi a0, a0, 2730
x10 <- 0xAAAAAAAA


mem[X,0x8000E440] -> 0x55B7
mem[X,0x8000E442] -> 0xFFFF
[1582] [M]: 0x8000E440 (0xFFFF55B7) lui a1, 1048565
x11 <- 0xFFFF5000


mem[X,0x8000E444] -> 0x8593
mem[X,0x8000E446] -> 0xAFD5
[1583] [M]: 0x8000E444 (0xAFD58593) addi a1, a1, 2813
x11 <- 0xFFFF4AFD


mem[X,0x8000E448] -> 0x0613
mem[X,0x8000E44A] -> 0x0000
[1584] [M]: 0x8000E448 (0x00000613) addi a2, zero, 0
x12 <- 0x00000000


mem[X,0x8000E44C] -> 0x006F
mem[X,0x8000E44E] -> 0x00C0
[1585] [M]: 0x8000E44C (0x00C0006F) jal zero, 12


mem[X,0x8000E458] -> 0x5063
mem[X,0x8000E45A] -> 0x40B5
[1586] [M]: 0x8000E458 (0x40B55063) bge a0, a1, 1024


mem[X,0x8000E45C] -> 0x0613
mem[X,0x8000E45E] -> 0x0026
[1587] [M]: 0x8000E45C (0x00260613) addi a2, a2, 2
x12 <- 0x00000002


mem[X,0x8000E460] -> 0x006F
mem[X,0x8000E462] -> 0x4000
[1588] [M]: 0x8000E460 (0x4000006F) jal zero, 1024


mem[X,0x8000E860] -> 0x2823
mem[X,0x8000E862] -> 0x24C2
[1589] [M]: 0x8000E860 (0x24C22823) sw a2, 592(tp)
mem[0x8003A4B8] <- 0x00000002


mem[X,0x8000E864] -> 0xB537
mem[X,0x8000E866] -> 0xAAAA
[1590] [M]: 0x8000E864 (0xAAAAB537) lui a0, 699051
x10 <- 0xAAAAB000


mem[X,0x8000E868] -> 0x0513
mem[X,0x8000E86A] -> 0xAAA5
[1591] [M]: 0x8000E868 (0xAAA50513) addi a0, a0, 2730
x10 <- 0xAAAAAAAA


mem[X,0x8000E86C] -> 0xB5B7
mem[X,0x8000E86E] -> 0x0000
[1592] [M]: 0x8000E86C (0x0000B5B7) lui a1, 11
x11 <- 0x0000B000


mem[X,0x8000E870] -> 0x8593
mem[X,0x8000E872] -> 0x5055
[1593] [M]: 0x8000E870 (0x50558593) addi a1, a1, 1285
x11 <- 0x0000B505


mem[X,0x8000E874] -> 0x0613
mem[X,0x8000E876] -> 0x0000
[1594] [M]: 0x8000E874 (0x00000613) addi a2, zero, 0
x12 <- 0x00000000


mem[X,0x8000E878] -> 0x006F
mem[X,0x8000E87A] -> 0x00C0
[1595] [M]: 0x8000E878 (0x00C0006F) jal zero, 12


mem[X,0x8000E884] -> 0x5063
mem[X,0x8000E886] -> 0x04B5
[1596] [M]: 0x8000E884 (0x04B55063) bge a0, a1, 64


mem[X,0x8000E888] -> 0x0613
mem[X,0x8000E88A] -> 0x0026
[1597] [M]: 0x8000E888 (0x00260613) addi a2, a2, 2
x12 <- 0x00000002


mem[X,0x8000E88C] -> 0x006F
mem[X,0x8000E88E] -> 0x0400
[1598] [M]: 0x8000E88C (0x0400006F) jal zero, 64


mem[X,0x8000E8CC] -> 0x2A23
mem[X,0x8000E8CE] -> 0x24C2
[1599] [M]: 0x8000E8CC (0x24C22A23) sw a2, 596(tp)
mem[0x8003A4BC] <- 0x00000002


clint::tick mtime <- 0x0000000000000010
 clint timer pending at mtime 0x0000000000000010
htif::tick 0x0000000000000000
mem[X,0x8000E8D0] -> 0x0513
mem[X,0x8000E8D2] -> 0x0050
[1600] [M]: 0x8000E8D0 (0x00500513) addi a0, zero, 5
x10 <- 0x00000005


mem[X,0x8000E8D4] -> 0x0593
mem[X,0x8000E8D6] -> 0x0030
[1601] [M]: 0x8000E8D4 (0x00300593) addi a1, zero, 3
x11 <- 0x00000003


mem[X,0x8000E8D8] -> 0x0613
mem[X,0x8000E8DA] -> 0x0000
[1602] [M]: 0x8000E8D8 (0x00000613) addi a2, zero, 0
x12 <- 0x00000000


mem[X,0x8000E8DC] -> 0x006F
mem[X,0x8000E8DE] -> 0x0180
[1603] [M]: 0x8000E8DC (0x0180006F) jal zero, 24


mem[X,0x8000E8F4] -> 0x56E3
mem[X,0x8000E8F6] -> 0xFEB5
[1604] [M]: 0x8000E8F4 (0xFEB556E3) bge a0, a1, 8172


mem[X,0x8000E8E0] -> 0x0613
mem[X,0x8000E8E2] -> 0x0016
[1605] [M]: 0x8000E8E0 (0x00160613) addi a2, a2, 1
x12 <- 0x00000001


mem[X,0x8000E8E4] -> 0x006F
mem[X,0x8000E8E6] -> 0x0240
[1606] [M]: 0x8000E8E4 (0x0240006F) jal zero, 36


mem[X,0x8000E908] -> 0x2C23
mem[X,0x8000E90A] -> 0x24C2
[1607] [M]: 0x8000E908 (0x24C22C23) sw a2, 600(tp)
mem[0x8003A4C0] <- 0x00000001


mem[X,0x8000E90C] -> 0x0513
mem[X,0x8000E90E] -> 0x0050
[1608] [M]: 0x8000E90C (0x00500513) addi a0, zero, 5
x10 <- 0x00000005


mem[X,0x8000E910] -> 0x55B7
mem[X,0x8000E912] -> 0x5555
[1609] [M]: 0x8000E910 (0x555555B7) lui a1, 349525
x11 <- 0x55555000


mem[X,0x8000E914] -> 0x8593
mem[X,0x8000E916] -> 0x5555
[1610] [M]: 0x8000E914 (0x55558593) addi a1, a1, 1365
x11 <- 0x55555555


mem[X,0x8000E918] -> 0x0613
mem[X,0x8000E91A] -> 0x0000
[1611] [M]: 0x8000E918 (0x00000613) addi a2, zero, 0
x12 <- 0x00000000


mem[X,0x8000E91C] -> 0x006F
mem[X,0x8000E91E] -> 0x00C0
[1612] [M]: 0x8000E91C (0x00C0006F) jal zero, 12


mem[X,0x8000E928] -> 0x5CE3
mem[X,0x8000E92A] -> 0xFEB5
[1613] [M]: 0x8000E928 (0xFEB55CE3) bge a0, a1, 8184


mem[X,0x8000E92C] -> 0x0613
mem[X,0x8000E92E] -> 0x0026
[1614] [M]: 0x8000E92C (0x00260613) addi a2, a2, 2
x12 <- 0x00000002


mem[X,0x8000E930] -> 0x006F
mem[X,0x8000E932] -> 0x00C0
[1615] [M]: 0x8000E930 (0x00C0006F) jal zero, 12


mem[X,0x8000E93C] -> 0x2E23
mem[X,0x8000E93E] -> 0x24C2
[1616] [M]: 0x8000E93C (0x24C22E23) sw a2, 604(tp)
mem[0x8003A4C4] <- 0x00000002


mem[X,0x8000E940] -> 0x0513
mem[X,0x8000E942] -> 0x0050
[1617] [M]: 0x8000E940 (0x00500513) addi a0, zero, 5
x10 <- 0x00000005


mem[X,0x8000E944] -> 0xB5B7
mem[X,0x8000E946] -> 0xAAAA
[1618] [M]: 0x8000E944 (0xAAAAB5B7) lui a1, 699051
x11 <- 0xAAAAB000


mem[X,0x8000E948] -> 0x8593
mem[X,0x8000E94A] -> 0xAAA5
[1619] [M]: 0x8000E948 (0xAAA58593) addi a1, a1, 2730
x11 <- 0xAAAAAAAA


mem[X,0x8000E94C] -> 0x0613
mem[X,0x8000E94E] -> 0x0000
[1620] [M]: 0x8000E94C (0x00000613) addi a2, zero, 0
x12 <- 0x00000000


mem[X,0x8000E950] -> 0x006F
mem[X,0x8000E952] -> 0x0050
[1621] [M]: 0x8000E950 (0x0050006F) jal zero, 2052


mem[X,0x8000F154] -> 0x50E3
mem[X,0x8000F156] -> 0x80B5
[1622] [M]: 0x8000F154 (0x80B550E3) bge a0, a1, 6144


mem[X,0x8000E954] -> 0x0613
mem[X,0x8000E956] -> 0x0016
[1623] [M]: 0x8000E954 (0x00160613) addi a2, a2, 1
x12 <- 0x00000001


mem[X,0x8000E958] -> 0x006F
mem[X,0x8000E95A] -> 0x0110
[1624] [M]: 0x8000E958 (0x0110006F) jal zero, 2064


mem[X,0x8000F168] -> 0x2023
mem[X,0x8000F16A] -> 0x26C2
[1625] [M]: 0x8000F168 (0x26C22023) sw a2, 608(tp)
mem[0x8003A4C8] <- 0x00000001


mem[X,0x8000F16C] -> 0x0513
mem[X,0x8000F16E] -> 0x0050
[1626] [M]: 0x8000F16C (0x00500513) addi a0, zero, 5
x10 <- 0x00000005


mem[X,0x8000F170] -> 0x0593
mem[X,0x8000F172] -> 0x0050
[1627] [M]: 0x8000F170 (0x00500593) addi a1, zero, 5
x11 <- 0x00000005


mem[X,0x8000F174] -> 0x0613
mem[X,0x8000F176] -> 0x0000
[1628] [M]: 0x8000F174 (0x00000613) addi a2, zero, 0
x12 <- 0x00000000


mem[X,0x8000F178] -> 0x006F
mem[X,0x8000F17A] -> 0x00C0
[1629] [M]: 0x8000F178 (0x00C0006F) jal zero, 12


mem[X,0x8000F184] -> 0x5CE3
mem[X,0x8000F186] -> 0xFEB5
[1630] [M]: 0x8000F184 (0xFEB55CE3) bge a0, a1, 8184


mem[X,0x8000F17C] -> 0x0613
mem[X,0x8000F17E] -> 0x0016
[1631] [M]: 0x8000F17C (0x00160613) addi a2, a2, 1
x12 <- 0x00000001


mem[X,0x8000F180] -> 0x006F
mem[X,0x8000F182] -> 0x0180
[1632] [M]: 0x8000F180 (0x0180006F) jal zero, 24


mem[X,0x8000F198] -> 0x2223
mem[X,0x8000F19A] -> 0x26C2
[1633] [M]: 0x8000F198 (0x26C22223) sw a2, 612(tp)
mem[0x8003A4CC] <- 0x00000001


mem[X,0x8000F19C] -> 0x0513
mem[X,0x8000F19E] -> 0x0050
[1634] [M]: 0x8000F19C (0x00500513) addi a0, zero, 5
x10 <- 0x00000005


mem[X,0x8000F1A0] -> 0x35B7
mem[X,0x8000F1A2] -> 0x3333
[1635] [M]: 0x8000F1A0 (0x333335B7) lui a1, 209715
x11 <- 0x33333000


mem[X,0x8000F1A4] -> 0x8593
mem[X,0x8000F1A6] -> 0x3335
[1636] [M]: 0x8000F1A4 (0x33358593) addi a1, a1, 819
x11 <- 0x33333333


mem[X,0x8000F1A8] -> 0x0613
mem[X,0x8000F1AA] -> 0x0000
[1637] [M]: 0x8000F1A8 (0x00000613) addi a2, zero, 0
x12 <- 0x00000000


mem[X,0x8000F1AC] -> 0x006F
mem[X,0x8000F1AE] -> 0x00C0
[1638] [M]: 0x8000F1AC (0x00C0006F) jal zero, 12


mem[X,0x8000F1B8] -> 0x5063
mem[X,0x8000F1BA] -> 0x08B5
[1639] [M]: 0x8000F1B8 (0x08B55063) bge a0, a1, 128


mem[X,0x8000F1BC] -> 0x0613
mem[X,0x8000F1BE] -> 0x0026
[1640] [M]: 0x8000F1BC (0x00260613) addi a2, a2, 2
x12 <- 0x00000002


mem[X,0x8000F1C0] -> 0x006F
mem[X,0x8000F1C2] -> 0x0800
[1641] [M]: 0x8000F1C0 (0x0800006F) jal zero, 128


mem[X,0x8000F240] -> 0x2423
mem[X,0x8000F242] -> 0x26C2
[1642] [M]: 0x8000F240 (0x26C22423) sw a2, 616(tp)
mem[0x8003A4D0] <- 0x00000002


mem[X,0x8000F244] -> 0x0513
mem[X,0x8000F246] -> 0x0050
[1643] [M]: 0x8000F244 (0x00500513) addi a0, zero, 5
x10 <- 0x00000005


mem[X,0x8000F248] -> 0x65B7
mem[X,0x8000F24A] -> 0x6666
[1644] [M]: 0x8000F248 (0x666665B7) lui a1, 419430
x11 <- 0x66666000


mem[X,0x8000F24C] -> 0x8593
mem[X,0x8000F24E] -> 0x6665
[1645] [M]: 0x8000F24C (0x66658593) addi a1, a1, 1638
x11 <- 0x66666666


mem[X,0x8000F250] -> 0x0613
mem[X,0x8000F252] -> 0x0000
[1646] [M]: 0x8000F250 (0x00000613) addi a2, zero, 0
x12 <- 0x00000000


mem[X,0x8000F254] -> 0x006F
mem[X,0x8000F256] -> 0x0050
[1647] [M]: 0x8000F254 (0x0050006F) jal zero, 2052


mem[X,0x8000FA58] -> 0x50E3
mem[X,0x8000FA5A] -> 0x80B5
[1648] [M]: 0x8000FA58 (0x80B550E3) bge a0, a1, 6144


mem[X,0x8000FA5C] -> 0x0613
mem[X,0x8000FA5E] -> 0x0026
[1649] [M]: 0x8000FA5C (0x00260613) addi a2, a2, 2
x12 <- 0x00000002


mem[X,0x8000FA60] -> 0x006F
mem[X,0x8000FA62] -> 0x00C0
[1650] [M]: 0x8000FA60 (0x00C0006F) jal zero, 12


mem[X,0x8000FA6C] -> 0x2623
mem[X,0x8000FA6E] -> 0x26C2
[1651] [M]: 0x8000FA6C (0x26C22623) sw a2, 620(tp)
mem[0x8003A4D4] <- 0x00000002


mem[X,0x8000FA70] -> 0x0513
mem[X,0x8000FA72] -> 0x0050
[1652] [M]: 0x8000FA70 (0x00500513) addi a0, zero, 5
x10 <- 0x00000005


mem[X,0x8000FA74] -> 0x55B7
mem[X,0x8000FA76] -> 0xFFFF
[1653] [M]: 0x8000FA74 (0xFFFF55B7) lui a1, 1048565
x11 <- 0xFFFF5000


mem[X,0x8000FA78] -> 0x8593
mem[X,0x8000FA7A] -> 0xAFC5
[1654] [M]: 0x8000FA78 (0xAFC58593) addi a1, a1, 2812
x11 <- 0xFFFF4AFC


mem[X,0x8000FA7C] -> 0x0613
mem[X,0x8000FA7E] -> 0x0000
[1655] [M]: 0x8000FA7C (0x00000613) addi a2, zero, 0
x12 <- 0x00000000


mem[X,0x8000FA80] -> 0x006F
mem[X,0x8000FA82] -> 0x00C0
[1656] [M]: 0x8000FA80 (0x00C0006F) jal zero, 12


mem[X,0x8000FA8C] -> 0x5863
mem[X,0x8000FA8E] -> 0x00B5
[1657] [M]: 0x8000FA8C (0x00B55863) bge a0, a1, 16


mem[X,0x8000FA9C] -> 0x0613
mem[X,0x8000FA9E] -> 0x0036
[1658] [M]: 0x8000FA9C (0x00360613) addi a2, a2, 3
x12 <- 0x00000003


mem[X,0x8000FAA0] -> 0x006F
mem[X,0x8000FAA2] -> 0x0040
[1659] [M]: 0x8000FAA0 (0x0040006F) jal zero, 4


mem[X,0x8000FAA4] -> 0x2823
mem[X,0x8000FAA6] -> 0x26C2
[1660] [M]: 0x8000FAA4 (0x26C22823) sw a2, 624(tp)
mem[0x8003A4D8] <- 0x00000003


mem[X,0x8000FAA8] -> 0x0513
mem[X,0x8000FAAA] -> 0x0050
[1661] [M]: 0x8000FAA8 (0x00500513) addi a0, zero, 5
x10 <- 0x00000005


mem[X,0x8000FAAC] -> 0xB5B7
mem[X,0x8000FAAE] -> 0x0000
[1662] [M]: 0x8000FAAC (0x0000B5B7) lui a1, 11
x11 <- 0x0000B000


mem[X,0x8000FAB0] -> 0x8593
mem[X,0x8000FAB2] -> 0x5045
[1663] [M]: 0x8000FAB0 (0x50458593) addi a1, a1, 1284
x11 <- 0x0000B504


mem[X,0x8000FAB4] -> 0x0613
mem[X,0x8000FAB6] -> 0x0000
[1664] [M]: 0x8000FAB4 (0x00000613) addi a2, zero, 0
x12 <- 0x00000000


mem[X,0x8000FAB8] -> 0x006F
mem[X,0x8000FABA] -> 0x0180
[1665] [M]: 0x8000FAB8 (0x0180006F) jal zero, 24


mem[X,0x8000FAD0] -> 0x56E3
mem[X,0x8000FAD2] -> 0xFEB5
[1666] [M]: 0x8000FAD0 (0xFEB556E3) bge a0, a1, 8172


mem[X,0x8000FAD4] -> 0x0613
mem[X,0x8000FAD6] -> 0x0026
[1667] [M]: 0x8000FAD4 (0x00260613) addi a2, a2, 2
x12 <- 0x00000002


mem[X,0x8000FAD8] -> 0x006F
mem[X,0x8000FADA] -> 0x00C0
[1668] [M]: 0x8000FAD8 (0x00C0006F) jal zero, 12


mem[X,0x8000FAE4] -> 0x2A23
mem[X,0x8000FAE6] -> 0x26C2
[1669] [M]: 0x8000FAE4 (0x26C22A23) sw a2, 628(tp)
mem[0x8003A4DC] <- 0x00000002


mem[X,0x8000FAE8] -> 0x0513
mem[X,0x8000FAEA] -> 0x0050
[1670] [M]: 0x8000FAE8 (0x00500513) addi a0, zero, 5
x10 <- 0x00000005


mem[X,0x8000FAEC] -> 0x0593
mem[X,0x8000FAEE] -> 0x0020
[1671] [M]: 0x8000FAEC (0x00200593) addi a1, zero, 2
x11 <- 0x00000002


mem[X,0x8000FAF0] -> 0x0613
mem[X,0x8000FAF2] -> 0x0000
[1672] [M]: 0x8000FAF0 (0x00000613) addi a2, zero, 0
x12 <- 0x00000000


mem[X,0x8000FAF4] -> 0x006F
mem[X,0x8000FAF6] -> 0x00C0
[1673] [M]: 0x8000FAF4 (0x00C0006F) jal zero, 12


mem[X,0x8000FB00] -> 0x5063
mem[X,0x8000FB02] -> 0x02B5
[1674] [M]: 0x8000FB00 (0x02B55063) bge a0, a1, 32


mem[X,0x8000FB20] -> 0x0613
mem[X,0x8000FB22] -> 0x0036
[1675] [M]: 0x8000FB20 (0x00360613) addi a2, a2, 3
x12 <- 0x00000003


mem[X,0x8000FB24] -> 0x006F
mem[X,0x8000FB26] -> 0x0040
[1676] [M]: 0x8000FB24 (0x0040006F) jal zero, 4


mem[X,0x8000FB28] -> 0x2C23
mem[X,0x8000FB2A] -> 0x26C2
[1677] [M]: 0x8000FB28 (0x26C22C23) sw a2, 632(tp)
mem[0x8003A4E0] <- 0x00000003


mem[X,0x8000FB2C] -> 0x0513
mem[X,0x8000FB2E] -> 0x0050
[1678] [M]: 0x8000FB2C (0x00500513) addi a0, zero, 5
x10 <- 0x00000005


mem[X,0x8000FB30] -> 0x55B7
mem[X,0x8000FB32] -> 0x5555
[1679] [M]: 0x8000FB30 (0x555555B7) lui a1, 349525
x11 <- 0x55555000


mem[X,0x8000FB34] -> 0x8593
mem[X,0x8000FB36] -> 0x5545
[1680] [M]: 0x8000FB34 (0x55458593) addi a1, a1, 1364
x11 <- 0x55555554


mem[X,0x8000FB38] -> 0x0613
mem[X,0x8000FB3A] -> 0x0000
[1681] [M]: 0x8000FB38 (0x00000613) addi a2, zero, 0
x12 <- 0x00000000


mem[X,0x8000FB3C] -> 0x006F
mem[X,0x8000FB3E] -> 0x00C0
[1682] [M]: 0x8000FB3C (0x00C0006F) jal zero, 12


mem[X,0x8000FB48] -> 0x5663
mem[X,0x8000FB4A] -> 0x00B5
[1683] [M]: 0x8000FB48 (0x00B55663) bge a0, a1, 12


mem[X,0x8000FB4C] -> 0x0613
mem[X,0x8000FB4E] -> 0x0026
[1684] [M]: 0x8000FB4C (0x00260613) addi a2, a2, 2
x12 <- 0x00000002


mem[X,0x8000FB50] -> 0x006F
mem[X,0x8000FB52] -> 0x00C0
[1685] [M]: 0x8000FB50 (0x00C0006F) jal zero, 12


mem[X,0x8000FB5C] -> 0x2E23
mem[X,0x8000FB5E] -> 0x26C2
[1686] [M]: 0x8000FB5C (0x26C22E23) sw a2, 636(tp)
mem[0x8003A4E4] <- 0x00000002


mem[X,0x8000FB60] -> 0x0513
mem[X,0x8000FB62] -> 0x0050
[1687] [M]: 0x8000FB60 (0x00500513) addi a0, zero, 5
x10 <- 0x00000005


mem[X,0x8000FB64] -> 0x0593
mem[X,0x8000FB66] -> 0x0000
[1688] [M]: 0x8000FB64 (0x00000593) addi a1, zero, 0
x11 <- 0x00000000


mem[X,0x8000FB68] -> 0x0613
mem[X,0x8000FB6A] -> 0x0000
[1689] [M]: 0x8000FB68 (0x00000613) addi a2, zero, 0
x12 <- 0x00000000


mem[X,0x8000FB6C] -> 0x006F
mem[X,0x8000FB6E] -> 0x00C0
[1690] [M]: 0x8000FB6C (0x00C0006F) jal zero, 12


mem[X,0x8000FB78] -> 0x5663
mem[X,0x8000FB7A] -> 0x00B5
[1691] [M]: 0x8000FB78 (0x00B55663) bge a0, a1, 12


mem[X,0x8000FB84] -> 0x0613
mem[X,0x8000FB86] -> 0x0036
[1692] [M]: 0x8000FB84 (0x00360613) addi a2, a2, 3
x12 <- 0x00000003


mem[X,0x8000FB88] -> 0x006F
mem[X,0x8000FB8A] -> 0x0040
[1693] [M]: 0x8000FB88 (0x0040006F) jal zero, 4


mem[X,0x8000FB8C] -> 0x2023
mem[X,0x8000FB8E] -> 0x28C2
[1694] [M]: 0x8000FB8C (0x28C22023) sw a2, 640(tp)
mem[0x8003A4E8] <- 0x00000003


mem[X,0x8000FB90] -> 0x0513
mem[X,0x8000FB92] -> 0x0050
[1695] [M]: 0x8000FB90 (0x00500513) addi a0, zero, 5
x10 <- 0x00000005


mem[X,0x8000FB94] -> 0x0593
mem[X,0x8000FB96] -> 0x0040
[1696] [M]: 0x8000FB94 (0x00400593) addi a1, zero, 4
x11 <- 0x00000004


mem[X,0x8000FB98] -> 0x0613
mem[X,0x8000FB9A] -> 0x0000
[1697] [M]: 0x8000FB98 (0x00000613) addi a2, zero, 0
x12 <- 0x00000000


mem[X,0x8000FB9C] -> 0x006F
mem[X,0x8000FB9E] -> 0x00C0
[1698] [M]: 0x8000FB9C (0x00C0006F) jal zero, 12


mem[X,0x8000FBA8] -> 0x5CE3
mem[X,0x8000FBAA] -> 0xFEB5
[1699] [M]: 0x8000FBA8 (0xFEB55CE3) bge a0, a1, 8184


clint::tick mtime <- 0x0000000000000011
 clint timer pending at mtime 0x0000000000000011
htif::tick 0x0000000000000000
mem[X,0x8000FBA0] -> 0x0613
mem[X,0x8000FBA2] -> 0x0016
[1700] [M]: 0x8000FBA0 (0x00160613) addi a2, a2, 1
x12 <- 0x00000001


mem[X,0x8000FBA4] -> 0x006F
mem[X,0x8000FBA6] -> 0x0180
[1701] [M]: 0x8000FBA4 (0x0180006F) jal zero, 24


mem[X,0x8000FBBC] -> 0x2223
mem[X,0x8000FBBE] -> 0x28C2
[1702] [M]: 0x8000FBBC (0x28C22223) sw a2, 644(tp)
mem[0x8003A4EC] <- 0x00000001


mem[X,0x8000FBC0] -> 0x0513
mem[X,0x8000FBC2] -> 0x0050
[1703] [M]: 0x8000FBC0 (0x00500513) addi a0, zero, 5
x10 <- 0x00000005


mem[X,0x8000FBC4] -> 0x35B7
mem[X,0x8000FBC6] -> 0x3333
[1704] [M]: 0x8000FBC4 (0x333335B7) lui a1, 209715
x11 <- 0x33333000


mem[X,0x8000FBC8] -> 0x8593
mem[X,0x8000FBCA] -> 0x3325
[1705] [M]: 0x8000FBC8 (0x33258593) addi a1, a1, 818
x11 <- 0x33333332


mem[X,0x8000FBCC] -> 0x0613
mem[X,0x8000FBCE] -> 0x0000
[1706] [M]: 0x8000FBCC (0x00000613) addi a2, zero, 0
x12 <- 0x00000000


mem[X,0x8000FBD0] -> 0x006F
mem[X,0x8000FBD2] -> 0x00C0
[1707] [M]: 0x8000FBD0 (0x00C0006F) jal zero, 12


mem[X,0x8000FBDC] -> 0x5063
mem[X,0x8000FBDE] -> 0x10B5
[1708] [M]: 0x8000FBDC (0x10B55063) bge a0, a1, 256


mem[X,0x8000FBE0] -> 0x0613
mem[X,0x8000FBE2] -> 0x0026
[1709] [M]: 0x8000FBE0 (0x00260613) addi a2, a2, 2
x12 <- 0x00000002


mem[X,0x8000FBE4] -> 0x006F
mem[X,0x8000FBE6] -> 0x1000
[1710] [M]: 0x8000FBE4 (0x1000006F) jal zero, 256


mem[X,0x8000FCE4] -> 0x2423
mem[X,0x8000FCE6] -> 0x28C2
[1711] [M]: 0x8000FCE4 (0x28C22423) sw a2, 648(tp)
mem[0x8003A4F0] <- 0x00000002


mem[X,0x8000FCE8] -> 0x0513
mem[X,0x8000FCEA] -> 0x0050
[1712] [M]: 0x8000FCE8 (0x00500513) addi a0, zero, 5
x10 <- 0x00000005


mem[X,0x8000FCEC] -> 0x65B7
mem[X,0x8000FCEE] -> 0x6666
[1713] [M]: 0x8000FCEC (0x666665B7) lui a1, 419430
x11 <- 0x66666000


mem[X,0x8000FCF0] -> 0x8593
mem[X,0x8000FCF2] -> 0x6655
[1714] [M]: 0x8000FCF0 (0x66558593) addi a1, a1, 1637
x11 <- 0x66666665


mem[X,0x8000FCF4] -> 0x0613
mem[X,0x8000FCF6] -> 0x0000
[1715] [M]: 0x8000FCF4 (0x00000613) addi a2, zero, 0
x12 <- 0x00000000


mem[X,0x8000FCF8] -> 0x006F
mem[X,0x8000FCFA] -> 0x0180
[1716] [M]: 0x8000FCF8 (0x0180006F) jal zero, 24


mem[X,0x8000FD10] -> 0x56E3
mem[X,0x8000FD12] -> 0xFEB5
[1717] [M]: 0x8000FD10 (0xFEB556E3) bge a0, a1, 8172


mem[X,0x8000FD14] -> 0x0613
mem[X,0x8000FD16] -> 0x0026
[1718] [M]: 0x8000FD14 (0x00260613) addi a2, a2, 2
x12 <- 0x00000002


mem[X,0x8000FD18] -> 0x006F
mem[X,0x8000FD1A] -> 0x00C0
[1719] [M]: 0x8000FD18 (0x00C0006F) jal zero, 12


mem[X,0x8000FD24] -> 0x2623
mem[X,0x8000FD26] -> 0x28C2
[1720] [M]: 0x8000FD24 (0x28C22623) sw a2, 652(tp)
mem[0x8003A4F4] <- 0x00000002


mem[X,0x8000FD28] -> 0x0513
mem[X,0x8000FD2A] -> 0x0050
[1721] [M]: 0x8000FD28 (0x00500513) addi a0, zero, 5
x10 <- 0x00000005


mem[X,0x8000FD2C] -> 0xB5B7
mem[X,0x8000FD2E] -> 0x0000
[1722] [M]: 0x8000FD2C (0x0000B5B7) lui a1, 11
x11 <- 0x0000B000


mem[X,0x8000FD30] -> 0x8593
mem[X,0x8000FD32] -> 0x5035
[1723] [M]: 0x8000FD30 (0x50358593) addi a1, a1, 1283
x11 <- 0x0000B503


mem[X,0x8000FD34] -> 0x0613
mem[X,0x8000FD36] -> 0x0000
[1724] [M]: 0x8000FD34 (0x00000613) addi a2, zero, 0
x12 <- 0x00000000


mem[X,0x8000FD38] -> 0x006F
mem[X,0x8000FD3A] -> 0x00C0
[1725] [M]: 0x8000FD38 (0x00C0006F) jal zero, 12


mem[X,0x8000FD44] -> 0x5063
mem[X,0x8000FD46] -> 0x02B5
[1726] [M]: 0x8000FD44 (0x02B55063) bge a0, a1, 32


mem[X,0x8000FD48] -> 0x0613
mem[X,0x8000FD4A] -> 0x0026
[1727] [M]: 0x8000FD48 (0x00260613) addi a2, a2, 2
x12 <- 0x00000002


mem[X,0x8000FD4C] -> 0x006F
mem[X,0x8000FD4E] -> 0x0200
[1728] [M]: 0x8000FD4C (0x0200006F) jal zero, 32


mem[X,0x8000FD6C] -> 0x2823
mem[X,0x8000FD6E] -> 0x28C2
[1729] [M]: 0x8000FD6C (0x28C22823) sw a2, 656(tp)
mem[0x8003A4F8] <- 0x00000002


mem[X,0x8000FD70] -> 0x0513
mem[X,0x8000FD72] -> 0x0050
[1730] [M]: 0x8000FD70 (0x00500513) addi a0, zero, 5
x10 <- 0x00000005


mem[X,0x8000FD74] -> 0x55B7
mem[X,0x8000FD76] -> 0x5555
[1731] [M]: 0x8000FD74 (0x555555B7) lui a1, 349525
x11 <- 0x55555000


mem[X,0x8000FD78] -> 0x8593
mem[X,0x8000FD7A] -> 0x5565
[1732] [M]: 0x8000FD78 (0x55658593) addi a1, a1, 1366
x11 <- 0x55555556


mem[X,0x8000FD7C] -> 0x0613
mem[X,0x8000FD7E] -> 0x0000
[1733] [M]: 0x8000FD7C (0x00000613) addi a2, zero, 0
x12 <- 0x00000000


mem[X,0x8000FD80] -> 0x006F
mem[X,0x8000FD82] -> 0x00C0
[1734] [M]: 0x8000FD80 (0x00C0006F) jal zero, 12


mem[X,0x8000FD8C] -> 0x5063
mem[X,0x8000FD8E] -> 0x40B5
[1735] [M]: 0x8000FD8C (0x40B55063) bge a0, a1, 1024


mem[X,0x8000FD90] -> 0x0613
mem[X,0x8000FD92] -> 0x0026
[1736] [M]: 0x8000FD90 (0x00260613) addi a2, a2, 2
x12 <- 0x00000002


mem[X,0x8000FD94] -> 0x006F
mem[X,0x8000FD96] -> 0x4000
[1737] [M]: 0x8000FD94 (0x4000006F) jal zero, 1024


mem[X,0x80010194] -> 0x2A23
mem[X,0x80010196] -> 0x28C2
[1738] [M]: 0x80010194 (0x28C22A23) sw a2, 660(tp)
mem[0x8003A4FC] <- 0x00000002


mem[X,0x80010198] -> 0x0513
mem[X,0x8001019A] -> 0x0050
[1739] [M]: 0x80010198 (0x00500513) addi a0, zero, 5
x10 <- 0x00000005


mem[X,0x8001019C] -> 0xB5B7
mem[X,0x8001019E] -> 0xAAAA
[1740] [M]: 0x8001019C (0xAAAAB5B7) lui a1, 699051
x11 <- 0xAAAAB000


mem[X,0x800101A0] -> 0x8593
mem[X,0x800101A2] -> 0xAAB5
[1741] [M]: 0x800101A0 (0xAAB58593) addi a1, a1, 2731
x11 <- 0xAAAAAAAB


mem[X,0x800101A4] -> 0x0613
mem[X,0x800101A6] -> 0x0000
[1742] [M]: 0x800101A4 (0x00000613) addi a2, zero, 0
x12 <- 0x00000000


mem[X,0x800101A8] -> 0x006F
mem[X,0x800101AA] -> 0x0180
[1743] [M]: 0x800101A8 (0x0180006F) jal zero, 24


mem[X,0x800101C0] -> 0x56E3
mem[X,0x800101C2] -> 0xFEB5
[1744] [M]: 0x800101C0 (0xFEB556E3) bge a0, a1, 8172


mem[X,0x800101AC] -> 0x0613
mem[X,0x800101AE] -> 0x0016
[1745] [M]: 0x800101AC (0x00160613) addi a2, a2, 1
x12 <- 0x00000001


mem[X,0x800101B0] -> 0x006F
mem[X,0x800101B2] -> 0x0240
[1746] [M]: 0x800101B0 (0x0240006F) jal zero, 36


mem[X,0x800101D4] -> 0x2C23
mem[X,0x800101D6] -> 0x28C2
[1747] [M]: 0x800101D4 (0x28C22C23) sw a2, 664(tp)
mem[0x8003A500] <- 0x00000001


mem[X,0x800101D8] -> 0x0513
mem[X,0x800101DA] -> 0x0050
[1748] [M]: 0x800101D8 (0x00500513) addi a0, zero, 5
x10 <- 0x00000005


mem[X,0x800101DC] -> 0x0593
mem[X,0x800101DE] -> 0x0060
[1749] [M]: 0x800101DC (0x00600593) addi a1, zero, 6
x11 <- 0x00000006


mem[X,0x800101E0] -> 0x0613
mem[X,0x800101E2] -> 0x0000
[1750] [M]: 0x800101E0 (0x00000613) addi a2, zero, 0
x12 <- 0x00000000


mem[X,0x800101E4] -> 0x006F
mem[X,0x800101E6] -> 0x00C0
[1751] [M]: 0x800101E4 (0x00C0006F) jal zero, 12


mem[X,0x800101F0] -> 0x5CE3
mem[X,0x800101F2] -> 0xFEB5
[1752] [M]: 0x800101F0 (0xFEB55CE3) bge a0, a1, 8184


mem[X,0x800101F4] -> 0x0613
mem[X,0x800101F6] -> 0x0026
[1753] [M]: 0x800101F4 (0x00260613) addi a2, a2, 2
x12 <- 0x00000002


mem[X,0x800101F8] -> 0x006F
mem[X,0x800101FA] -> 0x00C0
[1754] [M]: 0x800101F8 (0x00C0006F) jal zero, 12


mem[X,0x80010204] -> 0x2E23
mem[X,0x80010206] -> 0x28C2
[1755] [M]: 0x80010204 (0x28C22E23) sw a2, 668(tp)
mem[0x8003A504] <- 0x00000002


mem[X,0x80010208] -> 0x0513
mem[X,0x8001020A] -> 0x0050
[1756] [M]: 0x80010208 (0x00500513) addi a0, zero, 5
x10 <- 0x00000005


mem[X,0x8001020C] -> 0x35B7
mem[X,0x8001020E] -> 0x3333
[1757] [M]: 0x8001020C (0x333335B7) lui a1, 209715
x11 <- 0x33333000


mem[X,0x80010210] -> 0x8593
mem[X,0x80010212] -> 0x3345
[1758] [M]: 0x80010210 (0x33458593) addi a1, a1, 820
x11 <- 0x33333334


mem[X,0x80010214] -> 0x0613
mem[X,0x80010216] -> 0x0000
[1759] [M]: 0x80010214 (0x00000613) addi a2, zero, 0
x12 <- 0x00000000


mem[X,0x80010218] -> 0x006F
mem[X,0x8001021A] -> 0x00C0
[1760] [M]: 0x80010218 (0x00C0006F) jal zero, 12


mem[X,0x80010224] -> 0x5663
mem[X,0x80010226] -> 0x00B5
[1761] [M]: 0x80010224 (0x00B55663) bge a0, a1, 12


mem[X,0x80010228] -> 0x0613
mem[X,0x8001022A] -> 0x0026
[1762] [M]: 0x80010228 (0x00260613) addi a2, a2, 2
x12 <- 0x00000002


mem[X,0x8001022C] -> 0x006F
mem[X,0x8001022E] -> 0x00C0
[1763] [M]: 0x8001022C (0x00C0006F) jal zero, 12


mem[X,0x80010238] -> 0x2023
mem[X,0x8001023A] -> 0x2AC2
[1764] [M]: 0x80010238 (0x2AC22023) sw a2, 672(tp)
mem[0x8003A508] <- 0x00000002


mem[X,0x8001023C] -> 0x0513
mem[X,0x8001023E] -> 0x0050
[1765] [M]: 0x8001023C (0x00500513) addi a0, zero, 5
x10 <- 0x00000005


mem[X,0x80010240] -> 0x65B7
mem[X,0x80010242] -> 0x6666
[1766] [M]: 0x80010240 (0x666665B7) lui a1, 419430
x11 <- 0x66666000


mem[X,0x80010244] -> 0x8593
mem[X,0x80010246] -> 0x6675
[1767] [M]: 0x80010244 (0x66758593) addi a1, a1, 1639
x11 <- 0x66666667


mem[X,0x80010248] -> 0x0613
mem[X,0x8001024A] -> 0x0000
[1768] [M]: 0x80010248 (0x00000613) addi a2, zero, 0
x12 <- 0x00000000


mem[X,0x8001024C] -> 0x006F
mem[X,0x8001024E] -> 0x00C0
[1769] [M]: 0x8001024C (0x00C0006F) jal zero, 12


mem[X,0x80010258] -> 0x5063
mem[X,0x8001025A] -> 0x08B5
[1770] [M]: 0x80010258 (0x08B55063) bge a0, a1, 128


mem[X,0x8001025C] -> 0x0613
mem[X,0x8001025E] -> 0x0026
[1771] [M]: 0x8001025C (0x00260613) addi a2, a2, 2
x12 <- 0x00000002


mem[X,0x80010260] -> 0x006F
mem[X,0x80010262] -> 0x0800
[1772] [M]: 0x80010260 (0x0800006F) jal zero, 128


mem[X,0x800102E0] -> 0x2223
mem[X,0x800102E2] -> 0x2AC2
[1773] [M]: 0x800102E0 (0x2AC22223) sw a2, 676(tp)
mem[0x8003A50C] <- 0x00000002


mem[X,0x800102E4] -> 0x0513
mem[X,0x800102E6] -> 0x0050
[1774] [M]: 0x800102E4 (0x00500513) addi a0, zero, 5
x10 <- 0x00000005


mem[X,0x800102E8] -> 0x55B7
mem[X,0x800102EA] -> 0xFFFF
[1775] [M]: 0x800102E8 (0xFFFF55B7) lui a1, 1048565
x11 <- 0xFFFF5000


mem[X,0x800102EC] -> 0x8593
mem[X,0x800102EE] -> 0xAFD5
[1776] [M]: 0x800102EC (0xAFD58593) addi a1, a1, 2813
x11 <- 0xFFFF4AFD


mem[X,0x800102F0] -> 0x0613
mem[X,0x800102F2] -> 0x0000
[1777] [M]: 0x800102F0 (0x00000613) addi a2, zero, 0
x12 <- 0x00000000


mem[X,0x800102F4] -> 0x006F
mem[X,0x800102F6] -> 0x2B10
[1778] [M]: 0x800102F4 (0x2B10006F) jal zero, 2736


mem[X,0x80010DA4] -> 0x5A63
mem[X,0x80010DA6] -> 0xD4B5
[1779] [M]: 0x80010DA4 (0xD4B55A63) bge a0, a1, 5460


mem[X,0x800102F8] -> 0x0613
mem[X,0x800102FA] -> 0x0016
[1780] [M]: 0x800102F8 (0x00160613) addi a2, a2, 1
x12 <- 0x00000001


mem[X,0x800102FC] -> 0x006F
mem[X,0x800102FE] -> 0x2BD0
[1781] [M]: 0x800102FC (0x2BD0006F) jal zero, 2748


mem[X,0x80010DB8] -> 0x2423
mem[X,0x80010DBA] -> 0x2AC2
[1782] [M]: 0x80010DB8 (0x2AC22423) sw a2, 680(tp)
mem[0x8003A510] <- 0x00000001


mem[X,0x80010DBC] -> 0x0513
mem[X,0x80010DBE] -> 0x0050
[1783] [M]: 0x80010DBC (0x00500513) addi a0, zero, 5
x10 <- 0x00000005


mem[X,0x80010DC0] -> 0xB5B7
mem[X,0x80010DC2] -> 0x0000
[1784] [M]: 0x80010DC0 (0x0000B5B7) lui a1, 11
x11 <- 0x0000B000


mem[X,0x80010DC4] -> 0x8593
mem[X,0x80010DC6] -> 0x5055
[1785] [M]: 0x80010DC4 (0x50558593) addi a1, a1, 1285
x11 <- 0x0000B505


mem[X,0x80010DC8] -> 0x0613
mem[X,0x80010DCA] -> 0x0000
[1786] [M]: 0x80010DC8 (0x00000613) addi a2, zero, 0
x12 <- 0x00000000


mem[X,0x80010DCC] -> 0x006F
mem[X,0x80010DCE] -> 0x00C0
[1787] [M]: 0x80010DCC (0x00C0006F) jal zero, 12


mem[X,0x80010DD8] -> 0x5063
mem[X,0x80010DDA] -> 0x20B5
[1788] [M]: 0x80010DD8 (0x20B55063) bge a0, a1, 512


mem[X,0x80010DDC] -> 0x0613
mem[X,0x80010DDE] -> 0x0026
[1789] [M]: 0x80010DDC (0x00260613) addi a2, a2, 2
x12 <- 0x00000002


mem[X,0x80010DE0] -> 0x006F
mem[X,0x80010DE2] -> 0x2000
[1790] [M]: 0x80010DE0 (0x2000006F) jal zero, 512


mem[X,0x80010FE0] -> 0x2623
mem[X,0x80010FE2] -> 0x2AC2
[1791] [M]: 0x80010FE0 (0x2AC22623) sw a2, 684(tp)
mem[0x8003A514] <- 0x00000002


mem[X,0x80010FE4] -> 0x3537
mem[X,0x80010FE6] -> 0x3333
[1792] [M]: 0x80010FE4 (0x33333537) lui a0, 209715
x10 <- 0x33333000


mem[X,0x80010FE8] -> 0x0513
mem[X,0x80010FEA] -> 0x3335
[1793] [M]: 0x80010FE8 (0x33350513) addi a0, a0, 819
x10 <- 0x33333333


mem[X,0x80010FEC] -> 0x0593
mem[X,0x80010FEE] -> 0x0030
[1794] [M]: 0x80010FEC (0x00300593) addi a1, zero, 3
x11 <- 0x00000003


mem[X,0x80010FF0] -> 0x0613
mem[X,0x80010FF2] -> 0x0000
[1795] [M]: 0x80010FF0 (0x00000613) addi a2, zero, 0
x12 <- 0x00000000


mem[X,0x80010FF4] -> 0x006F
mem[X,0x80010FF6] -> 0x0050
[1796] [M]: 0x80010FF4 (0x0050006F) jal zero, 2052


mem[X,0x800117F8] -> 0x50E3
mem[X,0x800117FA] -> 0x80B5
[1797] [M]: 0x800117F8 (0x80B550E3) bge a0, a1, 6144


mem[X,0x80010FF8] -> 0x0613
mem[X,0x80010FFA] -> 0x0016
[1798] [M]: 0x80010FF8 (0x00160613) addi a2, a2, 1
x12 <- 0x00000001


mem[X,0x80010FFC] -> 0x006F
mem[X,0x80010FFE] -> 0x0110
[1799] [M]: 0x80010FFC (0x0110006F) jal zero, 2064


clint::tick mtime <- 0x0000000000000012
 clint timer pending at mtime 0x0000000000000012
htif::tick 0x0000000000000000
mem[X,0x8001180C] -> 0x2823
mem[X,0x8001180E] -> 0x2AC2
[1800] [M]: 0x8001180C (0x2AC22823) sw a2, 688(tp)
mem[0x8003A518] <- 0x00000001


mem[X,0x80011810] -> 0x3537
mem[X,0x80011812] -> 0x3333
[1801] [M]: 0x80011810 (0x33333537) lui a0, 209715
x10 <- 0x33333000


mem[X,0x80011814] -> 0x0513
mem[X,0x80011816] -> 0x3335
[1802] [M]: 0x80011814 (0x33350513) addi a0, a0, 819
x10 <- 0x33333333


mem[X,0x80011818] -> 0x55B7
mem[X,0x8001181A] -> 0x5555
[1803] [M]: 0x80011818 (0x555555B7) lui a1, 349525
x11 <- 0x55555000


mem[X,0x8001181C] -> 0x8593
mem[X,0x8001181E] -> 0x5555
[1804] [M]: 0x8001181C (0x55558593) addi a1, a1, 1365
x11 <- 0x55555555


mem[X,0x80011820] -> 0x0613
mem[X,0x80011822] -> 0x0000
[1805] [M]: 0x80011820 (0x00000613) addi a2, zero, 0
x12 <- 0x00000000


mem[X,0x80011824] -> 0x006F
mem[X,0x80011826] -> 0x00C0
[1806] [M]: 0x80011824 (0x00C0006F) jal zero, 12


mem[X,0x80011830] -> 0x5063
mem[X,0x80011832] -> 0x04B5
[1807] [M]: 0x80011830 (0x04B55063) bge a0, a1, 64


mem[X,0x80011834] -> 0x0613
mem[X,0x80011836] -> 0x0026
[1808] [M]: 0x80011834 (0x00260613) addi a2, a2, 2
x12 <- 0x00000002


mem[X,0x80011838] -> 0x006F
mem[X,0x8001183A] -> 0x0400
[1809] [M]: 0x80011838 (0x0400006F) jal zero, 64


mem[X,0x80011878] -> 0x2A23
mem[X,0x8001187A] -> 0x2AC2
[1810] [M]: 0x80011878 (0x2AC22A23) sw a2, 692(tp)
mem[0x8003A51C] <- 0x00000002


mem[X,0x8001187C] -> 0x3537
mem[X,0x8001187E] -> 0x3333
[1811] [M]: 0x8001187C (0x33333537) lui a0, 209715
x10 <- 0x33333000


mem[X,0x80011880] -> 0x0513
mem[X,0x80011882] -> 0x3335
[1812] [M]: 0x80011880 (0x33350513) addi a0, a0, 819
x10 <- 0x33333333


mem[X,0x80011884] -> 0xB5B7
mem[X,0x80011886] -> 0xAAAA
[1813] [M]: 0x80011884 (0xAAAAB5B7) lui a1, 699051
x11 <- 0xAAAAB000


mem[X,0x80011888] -> 0x8593
mem[X,0x8001188A] -> 0xAAA5
[1814] [M]: 0x80011888 (0xAAA58593) addi a1, a1, 2730
x11 <- 0xAAAAAAAA


mem[X,0x8001188C] -> 0x0613
mem[X,0x8001188E] -> 0x0000
[1815] [M]: 0x8001188C (0x00000613) addi a2, zero, 0
x12 <- 0x00000000


mem[X,0x80011890] -> 0x006F
mem[X,0x80011892] -> 0x0100
[1816] [M]: 0x80011890 (0x0100006F) jal zero, 16


mem[X,0x800118A0] -> 0x5AE3
mem[X,0x800118A2] -> 0xFEB5
[1817] [M]: 0x800118A0 (0xFEB55AE3) bge a0, a1, 8180


mem[X,0x80011894] -> 0x0613
mem[X,0x80011896] -> 0x0016
[1818] [M]: 0x80011894 (0x00160613) addi a2, a2, 1
x12 <- 0x00000001


mem[X,0x80011898] -> 0x006F
mem[X,0x8001189A] -> 0x01C0
[1819] [M]: 0x80011898 (0x01C0006F) jal zero, 28


mem[X,0x800118B4] -> 0x2C23
mem[X,0x800118B6] -> 0x2AC2
[1820] [M]: 0x800118B4 (0x2AC22C23) sw a2, 696(tp)
mem[0x8003A520] <- 0x00000001


mem[X,0x800118B8] -> 0x3537
mem[X,0x800118BA] -> 0x3333
[1821] [M]: 0x800118B8 (0x33333537) lui a0, 209715
x10 <- 0x33333000


mem[X,0x800118BC] -> 0x0513
mem[X,0x800118BE] -> 0x3335
[1822] [M]: 0x800118BC (0x33350513) addi a0, a0, 819
x10 <- 0x33333333


mem[X,0x800118C0] -> 0x0593
mem[X,0x800118C2] -> 0x0050
[1823] [M]: 0x800118C0 (0x00500593) addi a1, zero, 5
x11 <- 0x00000005


mem[X,0x800118C4] -> 0x0613
mem[X,0x800118C6] -> 0x0000
[1824] [M]: 0x800118C4 (0x00000613) addi a2, zero, 0
x12 <- 0x00000000


mem[X,0x800118C8] -> 0x006F
mem[X,0x800118CA] -> 0x0050
[1825] [M]: 0x800118C8 (0x0050006F) jal zero, 2052


mem[X,0x800120CC] -> 0x50E3
mem[X,0x800120CE] -> 0x80B5
[1826] [M]: 0x800120CC (0x80B550E3) bge a0, a1, 6144


mem[X,0x800118CC] -> 0x0613
mem[X,0x800118CE] -> 0x0016
[1827] [M]: 0x800118CC (0x00160613) addi a2, a2, 1
x12 <- 0x00000001


mem[X,0x800118D0] -> 0x006F
mem[X,0x800118D2] -> 0x0110
[1828] [M]: 0x800118D0 (0x0110006F) jal zero, 2064


mem[X,0x800120E0] -> 0x2E23
mem[X,0x800120E2] -> 0x2AC2
[1829] [M]: 0x800120E0 (0x2AC22E23) sw a2, 700(tp)
mem[0x8003A524] <- 0x00000001


mem[X,0x800120E4] -> 0x3537
mem[X,0x800120E6] -> 0x3333
[1830] [M]: 0x800120E4 (0x33333537) lui a0, 209715
x10 <- 0x33333000


mem[X,0x800120E8] -> 0x0513
mem[X,0x800120EA] -> 0x3335
[1831] [M]: 0x800120E8 (0x33350513) addi a0, a0, 819
x10 <- 0x33333333


mem[X,0x800120EC] -> 0x35B7
mem[X,0x800120EE] -> 0x3333
[1832] [M]: 0x800120EC (0x333335B7) lui a1, 209715
x11 <- 0x33333000


mem[X,0x800120F0] -> 0x8593
mem[X,0x800120F2] -> 0x3335
[1833] [M]: 0x800120F0 (0x33358593) addi a1, a1, 819
x11 <- 0x33333333


mem[X,0x800120F4] -> 0x0613
mem[X,0x800120F6] -> 0x0000
[1834] [M]: 0x800120F4 (0x00000613) addi a2, zero, 0
x12 <- 0x00000000


mem[X,0x800120F8] -> 0x006F
mem[X,0x800120FA] -> 0x2B10
[1835] [M]: 0x800120F8 (0x2B10006F) jal zero, 2736


mem[X,0x80012BA8] -> 0x5A63
mem[X,0x80012BAA] -> 0xD4B5
[1836] [M]: 0x80012BA8 (0xD4B55A63) bge a0, a1, 5460


mem[X,0x800120FC] -> 0x0613
mem[X,0x800120FE] -> 0x0016
[1837] [M]: 0x800120FC (0x00160613) addi a2, a2, 1
x12 <- 0x00000001


mem[X,0x80012100] -> 0x006F
mem[X,0x80012102] -> 0x2BD0
[1838] [M]: 0x80012100 (0x2BD0006F) jal zero, 2748


mem[X,0x80012BBC] -> 0x2023
mem[X,0x80012BBE] -> 0x2CC2
[1839] [M]: 0x80012BBC (0x2CC22023) sw a2, 704(tp)
mem[0x8003A528] <- 0x00000001


mem[X,0x80012BC0] -> 0x3537
mem[X,0x80012BC2] -> 0x3333
[1840] [M]: 0x80012BC0 (0x33333537) lui a0, 209715
x10 <- 0x33333000


mem[X,0x80012BC4] -> 0x0513
mem[X,0x80012BC6] -> 0x3335
[1841] [M]: 0x80012BC4 (0x33350513) addi a0, a0, 819
x10 <- 0x33333333


mem[X,0x80012BC8] -> 0x65B7
mem[X,0x80012BCA] -> 0x6666
[1842] [M]: 0x80012BC8 (0x666665B7) lui a1, 419430
x11 <- 0x66666000


mem[X,0x80012BCC] -> 0x8593
mem[X,0x80012BCE] -> 0x6665
[1843] [M]: 0x80012BCC (0x66658593) addi a1, a1, 1638
x11 <- 0x66666666


mem[X,0x80012BD0] -> 0x0613
mem[X,0x80012BD2] -> 0x0000
[1844] [M]: 0x80012BD0 (0x00000613) addi a2, zero, 0
x12 <- 0x00000000


mem[X,0x80012BD4] -> 0x006F
mem[X,0x80012BD6] -> 0x00C0
[1845] [M]: 0x80012BD4 (0x00C0006F) jal zero, 12


mem[X,0x80012BE0] -> 0x5CE3
mem[X,0x80012BE2] -> 0xFEB5
[1846] [M]: 0x80012BE0 (0xFEB55CE3) bge a0, a1, 8184


mem[X,0x80012BE4] -> 0x0613
mem[X,0x80012BE6] -> 0x0026
[1847] [M]: 0x80012BE4 (0x00260613) addi a2, a2, 2
x12 <- 0x00000002


mem[X,0x80012BE8] -> 0x006F
mem[X,0x80012BEA] -> 0x00C0
[1848] [M]: 0x80012BE8 (0x00C0006F) jal zero, 12


mem[X,0x80012BF4] -> 0x2223
mem[X,0x80012BF6] -> 0x2CC2
[1849] [M]: 0x80012BF4 (0x2CC22223) sw a2, 708(tp)
mem[0x8003A52C] <- 0x00000002


mem[X,0x80012BF8] -> 0x3537
mem[X,0x80012BFA] -> 0x3333
[1850] [M]: 0x80012BF8 (0x33333537) lui a0, 209715
x10 <- 0x33333000


mem[X,0x80012BFC] -> 0x0513
mem[X,0x80012BFE] -> 0x3335
[1851] [M]: 0x80012BFC (0x33350513) addi a0, a0, 819
x10 <- 0x33333333


mem[X,0x80012C00] -> 0x55B7
mem[X,0x80012C02] -> 0xFFFF
[1852] [M]: 0x80012C00 (0xFFFF55B7) lui a1, 1048565
x11 <- 0xFFFF5000


mem[X,0x80012C04] -> 0x8593
mem[X,0x80012C06] -> 0xAFC5
[1853] [M]: 0x80012C04 (0xAFC58593) addi a1, a1, 2812
x11 <- 0xFFFF4AFC


mem[X,0x80012C08] -> 0x0613
mem[X,0x80012C0A] -> 0x0000
[1854] [M]: 0x80012C08 (0x00000613) addi a2, zero, 0
x12 <- 0x00000000


mem[X,0x80012C0C] -> 0x006F
mem[X,0x80012C0E] -> 0x00C0
[1855] [M]: 0x80012C0C (0x00C0006F) jal zero, 12


mem[X,0x80012C18] -> 0x5663
mem[X,0x80012C1A] -> 0x00B5
[1856] [M]: 0x80012C18 (0x00B55663) bge a0, a1, 12


mem[X,0x80012C24] -> 0x0613
mem[X,0x80012C26] -> 0x0036
[1857] [M]: 0x80012C24 (0x00360613) addi a2, a2, 3
x12 <- 0x00000003


mem[X,0x80012C28] -> 0x006F
mem[X,0x80012C2A] -> 0x0040
[1858] [M]: 0x80012C28 (0x0040006F) jal zero, 4


mem[X,0x80012C2C] -> 0x2423
mem[X,0x80012C2E] -> 0x2CC2
[1859] [M]: 0x80012C2C (0x2CC22423) sw a2, 712(tp)
mem[0x8003A530] <- 0x00000003


mem[X,0x80012C30] -> 0x3537
mem[X,0x80012C32] -> 0x3333
[1860] [M]: 0x80012C30 (0x33333537) lui a0, 209715
x10 <- 0x33333000


mem[X,0x80012C34] -> 0x0513
mem[X,0x80012C36] -> 0x3335
[1861] [M]: 0x80012C34 (0x33350513) addi a0, a0, 819
x10 <- 0x33333333


mem[X,0x80012C38] -> 0xB5B7
mem[X,0x80012C3A] -> 0x0000
[1862] [M]: 0x80012C38 (0x0000B5B7) lui a1, 11
x11 <- 0x0000B000


mem[X,0x80012C3C] -> 0x8593
mem[X,0x80012C3E] -> 0x5045
[1863] [M]: 0x80012C3C (0x50458593) addi a1, a1, 1284
x11 <- 0x0000B504


mem[X,0x80012C40] -> 0x0613
mem[X,0x80012C42] -> 0x0000
[1864] [M]: 0x80012C40 (0x00000613) addi a2, zero, 0
x12 <- 0x00000000


mem[X,0x80012C44] -> 0x006F
mem[X,0x80012C46] -> 0x0050
[1865] [M]: 0x80012C44 (0x0050006F) jal zero, 2052


mem[X,0x80013448] -> 0x50E3
mem[X,0x8001344A] -> 0x80B5
[1866] [M]: 0x80013448 (0x80B550E3) bge a0, a1, 6144


mem[X,0x80012C48] -> 0x0613
mem[X,0x80012C4A] -> 0x0016
[1867] [M]: 0x80012C48 (0x00160613) addi a2, a2, 1
x12 <- 0x00000001


mem[X,0x80012C4C] -> 0x006F
mem[X,0x80012C4E] -> 0x0110
[1868] [M]: 0x80012C4C (0x0110006F) jal zero, 2064


mem[X,0x8001345C] -> 0x2623
mem[X,0x8001345E] -> 0x2CC2
[1869] [M]: 0x8001345C (0x2CC22623) sw a2, 716(tp)
mem[0x8003A534] <- 0x00000001


mem[X,0x80013460] -> 0x3537
mem[X,0x80013462] -> 0x3333
[1870] [M]: 0x80013460 (0x33333537) lui a0, 209715
x10 <- 0x33333000


mem[X,0x80013464] -> 0x0513
mem[X,0x80013466] -> 0x3335
[1871] [M]: 0x80013464 (0x33350513) addi a0, a0, 819
x10 <- 0x33333333


mem[X,0x80013468] -> 0x0593
mem[X,0x8001346A] -> 0x0020
[1872] [M]: 0x80013468 (0x00200593) addi a1, zero, 2
x11 <- 0x00000002


mem[X,0x8001346C] -> 0x0613
mem[X,0x8001346E] -> 0x0000
[1873] [M]: 0x8001346C (0x00000613) addi a2, zero, 0
x12 <- 0x00000000


mem[X,0x80013470] -> 0x006F
mem[X,0x80013472] -> 0x00C0
[1874] [M]: 0x80013470 (0x00C0006F) jal zero, 12


mem[X,0x8001347C] -> 0x5CE3
mem[X,0x8001347E] -> 0xFEB5
[1875] [M]: 0x8001347C (0xFEB55CE3) bge a0, a1, 8184


mem[X,0x80013474] -> 0x0613
mem[X,0x80013476] -> 0x0016
[1876] [M]: 0x80013474 (0x00160613) addi a2, a2, 1
x12 <- 0x00000001


mem[X,0x80013478] -> 0x006F
mem[X,0x8001347A] -> 0x0180
[1877] [M]: 0x80013478 (0x0180006F) jal zero, 24


mem[X,0x80013490] -> 0x2823
mem[X,0x80013492] -> 0x2CC2
[1878] [M]: 0x80013490 (0x2CC22823) sw a2, 720(tp)
mem[0x8003A538] <- 0x00000001


mem[X,0x80013494] -> 0x3537
mem[X,0x80013496] -> 0x3333
[1879] [M]: 0x80013494 (0x33333537) lui a0, 209715
x10 <- 0x33333000


mem[X,0x80013498] -> 0x0513
mem[X,0x8001349A] -> 0x3335
[1880] [M]: 0x80013498 (0x33350513) addi a0, a0, 819
x10 <- 0x33333333


mem[X,0x8001349C] -> 0x55B7
mem[X,0x8001349E] -> 0x5555
[1881] [M]: 0x8001349C (0x555555B7) lui a1, 349525
x11 <- 0x55555000


mem[X,0x800134A0] -> 0x8593
mem[X,0x800134A2] -> 0x5545
[1882] [M]: 0x800134A0 (0x55458593) addi a1, a1, 1364
x11 <- 0x55555554


mem[X,0x800134A4] -> 0x0613
mem[X,0x800134A6] -> 0x0000
[1883] [M]: 0x800134A4 (0x00000613) addi a2, zero, 0
x12 <- 0x00000000


mem[X,0x800134A8] -> 0x006F
mem[X,0x800134AA] -> 0x00C0
[1884] [M]: 0x800134A8 (0x00C0006F) jal zero, 12


mem[X,0x800134B4] -> 0x5663
mem[X,0x800134B6] -> 0x00B5
[1885] [M]: 0x800134B4 (0x00B55663) bge a0, a1, 12


mem[X,0x800134B8] -> 0x0613
mem[X,0x800134BA] -> 0x0026
[1886] [M]: 0x800134B8 (0x00260613) addi a2, a2, 2
x12 <- 0x00000002


mem[X,0x800134BC] -> 0x006F
mem[X,0x800134BE] -> 0x00C0
[1887] [M]: 0x800134BC (0x00C0006F) jal zero, 12


mem[X,0x800134C8] -> 0x2A23
mem[X,0x800134CA] -> 0x2CC2
[1888] [M]: 0x800134C8 (0x2CC22A23) sw a2, 724(tp)
mem[0x8003A53C] <- 0x00000002


mem[X,0x800134CC] -> 0x3537
mem[X,0x800134CE] -> 0x3333
[1889] [M]: 0x800134CC (0x33333537) lui a0, 209715
x10 <- 0x33333000


mem[X,0x800134D0] -> 0x0513
mem[X,0x800134D2] -> 0x3335
[1890] [M]: 0x800134D0 (0x33350513) addi a0, a0, 819
x10 <- 0x33333333


mem[X,0x800134D4] -> 0x0593
mem[X,0x800134D6] -> 0x0000
[1891] [M]: 0x800134D4 (0x00000593) addi a1, zero, 0
x11 <- 0x00000000


mem[X,0x800134D8] -> 0x0613
mem[X,0x800134DA] -> 0x0000
[1892] [M]: 0x800134D8 (0x00000613) addi a2, zero, 0
x12 <- 0x00000000


mem[X,0x800134DC] -> 0x006F
mem[X,0x800134DE] -> 0x00C0
[1893] [M]: 0x800134DC (0x00C0006F) jal zero, 12


mem[X,0x800134E8] -> 0x5863
mem[X,0x800134EA] -> 0x00B5
[1894] [M]: 0x800134E8 (0x00B55863) bge a0, a1, 16


mem[X,0x800134F8] -> 0x0613
mem[X,0x800134FA] -> 0x0036
[1895] [M]: 0x800134F8 (0x00360613) addi a2, a2, 3
x12 <- 0x00000003


mem[X,0x800134FC] -> 0x006F
mem[X,0x800134FE] -> 0x0040
[1896] [M]: 0x800134FC (0x0040006F) jal zero, 4


mem[X,0x80013500] -> 0x2C23
mem[X,0x80013502] -> 0x2CC2
[1897] [M]: 0x80013500 (0x2CC22C23) sw a2, 728(tp)
mem[0x8003A540] <- 0x00000003


mem[X,0x80013504] -> 0x3537
mem[X,0x80013506] -> 0x3333
[1898] [M]: 0x80013504 (0x33333537) lui a0, 209715
x10 <- 0x33333000


mem[X,0x80013508] -> 0x0513
mem[X,0x8001350A] -> 0x3335
[1899] [M]: 0x80013508 (0x33350513) addi a0, a0, 819
x10 <- 0x33333333


clint::tick mtime <- 0x0000000000000013
 clint timer pending at mtime 0x0000000000000013
htif::tick 0x0000000000000000
mem[X,0x8001350C] -> 0x0593
mem[X,0x8001350E] -> 0x0040
[1900] [M]: 0x8001350C (0x00400593) addi a1, zero, 4
x11 <- 0x00000004


mem[X,0x80013510] -> 0x0613
mem[X,0x80013512] -> 0x0000
[1901] [M]: 0x80013510 (0x00000613) addi a2, zero, 0
x12 <- 0x00000000


mem[X,0x80013514] -> 0x006F
mem[X,0x80013516] -> 0x00C0
[1902] [M]: 0x80013514 (0x00C0006F) jal zero, 12


mem[X,0x80013520] -> 0x5063
mem[X,0x80013522] -> 0x08B5
[1903] [M]: 0x80013520 (0x08B55063) bge a0, a1, 128


mem[X,0x800135A0] -> 0x0613
mem[X,0x800135A2] -> 0x0036
[1904] [M]: 0x800135A0 (0x00360613) addi a2, a2, 3
x12 <- 0x00000003


mem[X,0x800135A4] -> 0x006F
mem[X,0x800135A6] -> 0x0040
[1905] [M]: 0x800135A4 (0x0040006F) jal zero, 4


mem[X,0x800135A8] -> 0x2E23
mem[X,0x800135AA] -> 0x2CC2
[1906] [M]: 0x800135A8 (0x2CC22E23) sw a2, 732(tp)
mem[0x8003A544] <- 0x00000003


mem[X,0x800135AC] -> 0x3537
mem[X,0x800135AE] -> 0x3333
[1907] [M]: 0x800135AC (0x33333537) lui a0, 209715
x10 <- 0x33333000


mem[X,0x800135B0] -> 0x0513
mem[X,0x800135B2] -> 0x3335
[1908] [M]: 0x800135B0 (0x33350513) addi a0, a0, 819
x10 <- 0x33333333


mem[X,0x800135B4] -> 0x35B7
mem[X,0x800135B6] -> 0x3333
[1909] [M]: 0x800135B4 (0x333335B7) lui a1, 209715
x11 <- 0x33333000


mem[X,0x800135B8] -> 0x8593
mem[X,0x800135BA] -> 0x3325
[1910] [M]: 0x800135B8 (0x33258593) addi a1, a1, 818
x11 <- 0x33333332


mem[X,0x800135BC] -> 0x0613
mem[X,0x800135BE] -> 0x0000
[1911] [M]: 0x800135BC (0x00000613) addi a2, zero, 0
x12 <- 0x00000000


mem[X,0x800135C0] -> 0x006F
mem[X,0x800135C2] -> 0x0100
[1912] [M]: 0x800135C0 (0x0100006F) jal zero, 16


mem[X,0x800135D0] -> 0x5AE3
mem[X,0x800135D2] -> 0xFEB5
[1913] [M]: 0x800135D0 (0xFEB55AE3) bge a0, a1, 8180


mem[X,0x800135C4] -> 0x0613
mem[X,0x800135C6] -> 0x0016
[1914] [M]: 0x800135C4 (0x00160613) addi a2, a2, 1
x12 <- 0x00000001


mem[X,0x800135C8] -> 0x006F
mem[X,0x800135CA] -> 0x01C0
[1915] [M]: 0x800135C8 (0x01C0006F) jal zero, 28


mem[X,0x800135E4] -> 0x2023
mem[X,0x800135E6] -> 0x2EC2
[1916] [M]: 0x800135E4 (0x2EC22023) sw a2, 736(tp)
mem[0x8003A548] <- 0x00000001


mem[X,0x800135E8] -> 0x3537
mem[X,0x800135EA] -> 0x3333
[1917] [M]: 0x800135E8 (0x33333537) lui a0, 209715
x10 <- 0x33333000


mem[X,0x800135EC] -> 0x0513
mem[X,0x800135EE] -> 0x3335
[1918] [M]: 0x800135EC (0x33350513) addi a0, a0, 819
x10 <- 0x33333333


mem[X,0x800135F0] -> 0x65B7
mem[X,0x800135F2] -> 0x6666
[1919] [M]: 0x800135F0 (0x666665B7) lui a1, 419430
x11 <- 0x66666000


mem[X,0x800135F4] -> 0x8593
mem[X,0x800135F6] -> 0x6655
[1920] [M]: 0x800135F4 (0x66558593) addi a1, a1, 1637
x11 <- 0x66666665


mem[X,0x800135F8] -> 0x0613
mem[X,0x800135FA] -> 0x0000
[1921] [M]: 0x800135F8 (0x00000613) addi a2, zero, 0
x12 <- 0x00000000


mem[X,0x800135FC] -> 0x006F
mem[X,0x800135FE] -> 0x00C0
[1922] [M]: 0x800135FC (0x00C0006F) jal zero, 12


mem[X,0x80013608] -> 0x5063
mem[X,0x8001360A] -> 0x40B5
[1923] [M]: 0x80013608 (0x40B55063) bge a0, a1, 1024


mem[X,0x8001360C] -> 0x0613
mem[X,0x8001360E] -> 0x0026
[1924] [M]: 0x8001360C (0x00260613) addi a2, a2, 2
x12 <- 0x00000002


mem[X,0x80013610] -> 0x006F
mem[X,0x80013612] -> 0x4000
[1925] [M]: 0x80013610 (0x4000006F) jal zero, 1024


mem[X,0x80013A10] -> 0x2223
mem[X,0x80013A12] -> 0x2EC2
[1926] [M]: 0x80013A10 (0x2EC22223) sw a2, 740(tp)
mem[0x8003A54C] <- 0x00000002


mem[X,0x80013A14] -> 0x3537
mem[X,0x80013A16] -> 0x3333
[1927] [M]: 0x80013A14 (0x33333537) lui a0, 209715
x10 <- 0x33333000


mem[X,0x80013A18] -> 0x0513
mem[X,0x80013A1A] -> 0x3335
[1928] [M]: 0x80013A18 (0x33350513) addi a0, a0, 819
x10 <- 0x33333333


mem[X,0x80013A1C] -> 0xB5B7
mem[X,0x80013A1E] -> 0x0000
[1929] [M]: 0x80013A1C (0x0000B5B7) lui a1, 11
x11 <- 0x0000B000


mem[X,0x80013A20] -> 0x8593
mem[X,0x80013A22] -> 0x5035
[1930] [M]: 0x80013A20 (0x50358593) addi a1, a1, 1283
x11 <- 0x0000B503


mem[X,0x80013A24] -> 0x0613
mem[X,0x80013A26] -> 0x0000
[1931] [M]: 0x80013A24 (0x00000613) addi a2, zero, 0
x12 <- 0x00000000


mem[X,0x80013A28] -> 0x006F
mem[X,0x80013A2A] -> 0x00C0
[1932] [M]: 0x80013A28 (0x00C0006F) jal zero, 12


mem[X,0x80013A34] -> 0x5063
mem[X,0x80013A36] -> 0x04B5
[1933] [M]: 0x80013A34 (0x04B55063) bge a0, a1, 64


mem[X,0x80013A74] -> 0x0613
mem[X,0x80013A76] -> 0x0036
[1934] [M]: 0x80013A74 (0x00360613) addi a2, a2, 3
x12 <- 0x00000003


mem[X,0x80013A78] -> 0x006F
mem[X,0x80013A7A] -> 0x0040
[1935] [M]: 0x80013A78 (0x0040006F) jal zero, 4


mem[X,0x80013A7C] -> 0x2423
mem[X,0x80013A7E] -> 0x2EC2
[1936] [M]: 0x80013A7C (0x2EC22423) sw a2, 744(tp)
mem[0x8003A550] <- 0x00000003


mem[X,0x80013A80] -> 0x3537
mem[X,0x80013A82] -> 0x3333
[1937] [M]: 0x80013A80 (0x33333537) lui a0, 209715
x10 <- 0x33333000


mem[X,0x80013A84] -> 0x0513
mem[X,0x80013A86] -> 0x3335
[1938] [M]: 0x80013A84 (0x33350513) addi a0, a0, 819
x10 <- 0x33333333


mem[X,0x80013A88] -> 0x55B7
mem[X,0x80013A8A] -> 0x5555
[1939] [M]: 0x80013A88 (0x555555B7) lui a1, 349525
x11 <- 0x55555000


mem[X,0x80013A8C] -> 0x8593
mem[X,0x80013A8E] -> 0x5565
[1940] [M]: 0x80013A8C (0x55658593) addi a1, a1, 1366
x11 <- 0x55555556


mem[X,0x80013A90] -> 0x0613
mem[X,0x80013A92] -> 0x0000
[1941] [M]: 0x80013A90 (0x00000613) addi a2, zero, 0
x12 <- 0x00000000


mem[X,0x80013A94] -> 0x006F
mem[X,0x80013A96] -> 0x00C0
[1942] [M]: 0x80013A94 (0x00C0006F) jal zero, 12


mem[X,0x80013AA0] -> 0x5063
mem[X,0x80013AA2] -> 0x20B5
[1943] [M]: 0x80013AA0 (0x20B55063) bge a0, a1, 512


mem[X,0x80013AA4] -> 0x0613
mem[X,0x80013AA6] -> 0x0026
[1944] [M]: 0x80013AA4 (0x00260613) addi a2, a2, 2
x12 <- 0x00000002


mem[X,0x80013AA8] -> 0x006F
mem[X,0x80013AAA] -> 0x2000
[1945] [M]: 0x80013AA8 (0x2000006F) jal zero, 512


mem[X,0x80013CA8] -> 0x2623
mem[X,0x80013CAA] -> 0x2EC2
[1946] [M]: 0x80013CA8 (0x2EC22623) sw a2, 748(tp)
mem[0x8003A554] <- 0x00000002


mem[X,0x80013CAC] -> 0x3537
mem[X,0x80013CAE] -> 0x3333
[1947] [M]: 0x80013CAC (0x33333537) lui a0, 209715
x10 <- 0x33333000


mem[X,0x80013CB0] -> 0x0513
mem[X,0x80013CB2] -> 0x3335
[1948] [M]: 0x80013CB0 (0x33350513) addi a0, a0, 819
x10 <- 0x33333333


mem[X,0x80013CB4] -> 0xB5B7
mem[X,0x80013CB6] -> 0xAAAA
[1949] [M]: 0x80013CB4 (0xAAAAB5B7) lui a1, 699051
x11 <- 0xAAAAB000


mem[X,0x80013CB8] -> 0x8593
mem[X,0x80013CBA] -> 0xAAB5
[1950] [M]: 0x80013CB8 (0xAAB58593) addi a1, a1, 2731
x11 <- 0xAAAAAAAB


mem[X,0x80013CBC] -> 0x0613
mem[X,0x80013CBE] -> 0x0000
[1951] [M]: 0x80013CBC (0x00000613) addi a2, zero, 0
x12 <- 0x00000000


mem[X,0x80013CC0] -> 0x006F
mem[X,0x80013CC2] -> 0x00C0
[1952] [M]: 0x80013CC0 (0x00C0006F) jal zero, 12


mem[X,0x80013CCC] -> 0x5863
mem[X,0x80013CCE] -> 0x00B5
[1953] [M]: 0x80013CCC (0x00B55863) bge a0, a1, 16


mem[X,0x80013CDC] -> 0x0613
mem[X,0x80013CDE] -> 0x0036
[1954] [M]: 0x80013CDC (0x00360613) addi a2, a2, 3
x12 <- 0x00000003


mem[X,0x80013CE0] -> 0x006F
mem[X,0x80013CE2] -> 0x0040
[1955] [M]: 0x80013CE0 (0x0040006F) jal zero, 4


mem[X,0x80013CE4] -> 0x2823
mem[X,0x80013CE6] -> 0x2EC2
[1956] [M]: 0x80013CE4 (0x2EC22823) sw a2, 752(tp)
mem[0x8003A558] <- 0x00000003


mem[X,0x80013CE8] -> 0x3537
mem[X,0x80013CEA] -> 0x3333
[1957] [M]: 0x80013CE8 (0x33333537) lui a0, 209715
x10 <- 0x33333000


mem[X,0x80013CEC] -> 0x0513
mem[X,0x80013CEE] -> 0x3335
[1958] [M]: 0x80013CEC (0x33350513) addi a0, a0, 819
x10 <- 0x33333333


mem[X,0x80013CF0] -> 0x0593
mem[X,0x80013CF2] -> 0x0060
[1959] [M]: 0x80013CF0 (0x00600593) addi a1, zero, 6
x11 <- 0x00000006


mem[X,0x80013CF4] -> 0x0613
mem[X,0x80013CF6] -> 0x0000
[1960] [M]: 0x80013CF4 (0x00000613) addi a2, zero, 0
x12 <- 0x00000000


mem[X,0x80013CF8] -> 0x006F
mem[X,0x80013CFA] -> 0x00C0
[1961] [M]: 0x80013CF8 (0x00C0006F) jal zero, 12


mem[X,0x80013D04] -> 0x5063
mem[X,0x80013D06] -> 0x04B5
[1962] [M]: 0x80013D04 (0x04B55063) bge a0, a1, 64


mem[X,0x80013D44] -> 0x0613
mem[X,0x80013D46] -> 0x0036
[1963] [M]: 0x80013D44 (0x00360613) addi a2, a2, 3
x12 <- 0x00000003


mem[X,0x80013D48] -> 0x006F
mem[X,0x80013D4A] -> 0x0040
[1964] [M]: 0x80013D48 (0x0040006F) jal zero, 4


mem[X,0x80013D4C] -> 0x2A23
mem[X,0x80013D4E] -> 0x2EC2
[1965] [M]: 0x80013D4C (0x2EC22A23) sw a2, 756(tp)
mem[0x8003A55C] <- 0x00000003


mem[X,0x80013D50] -> 0x3537
mem[X,0x80013D52] -> 0x3333
[1966] [M]: 0x80013D50 (0x33333537) lui a0, 209715
x10 <- 0x33333000


mem[X,0x80013D54] -> 0x0513
mem[X,0x80013D56] -> 0x3335
[1967] [M]: 0x80013D54 (0x33350513) addi a0, a0, 819
x10 <- 0x33333333


mem[X,0x80013D58] -> 0x35B7
mem[X,0x80013D5A] -> 0x3333
[1968] [M]: 0x80013D58 (0x333335B7) lui a1, 209715
x11 <- 0x33333000


mem[X,0x80013D5C] -> 0x8593
mem[X,0x80013D5E] -> 0x3345
[1969] [M]: 0x80013D5C (0x33458593) addi a1, a1, 820
x11 <- 0x33333334


mem[X,0x80013D60] -> 0x0613
mem[X,0x80013D62] -> 0x0000
[1970] [M]: 0x80013D60 (0x00000613) addi a2, zero, 0
x12 <- 0x00000000


mem[X,0x80013D64] -> 0x006F
mem[X,0x80013D66] -> 0x00C0
[1971] [M]: 0x80013D64 (0x00C0006F) jal zero, 12


mem[X,0x80013D70] -> 0x5063
mem[X,0x80013D72] -> 0x04B5
[1972] [M]: 0x80013D70 (0x04B55063) bge a0, a1, 64


mem[X,0x80013D74] -> 0x0613
mem[X,0x80013D76] -> 0x0026
[1973] [M]: 0x80013D74 (0x00260613) addi a2, a2, 2
x12 <- 0x00000002


mem[X,0x80013D78] -> 0x006F
mem[X,0x80013D7A] -> 0x0400
[1974] [M]: 0x80013D78 (0x0400006F) jal zero, 64


mem[X,0x80013DB8] -> 0x2C23
mem[X,0x80013DBA] -> 0x2EC2
[1975] [M]: 0x80013DB8 (0x2EC22C23) sw a2, 760(tp)
mem[0x8003A560] <- 0x00000002


mem[X,0x80013DBC] -> 0x3537
mem[X,0x80013DBE] -> 0x3333
[1976] [M]: 0x80013DBC (0x33333537) lui a0, 209715
x10 <- 0x33333000


mem[X,0x80013DC0] -> 0x0513
mem[X,0x80013DC2] -> 0x3335
[1977] [M]: 0x80013DC0 (0x33350513) addi a0, a0, 819
x10 <- 0x33333333


mem[X,0x80013DC4] -> 0x65B7
mem[X,0x80013DC6] -> 0x6666
[1978] [M]: 0x80013DC4 (0x666665B7) lui a1, 419430
x11 <- 0x66666000


mem[X,0x80013DC8] -> 0x8593
mem[X,0x80013DCA] -> 0x6675
[1979] [M]: 0x80013DC8 (0x66758593) addi a1, a1, 1639
x11 <- 0x66666667


mem[X,0x80013DCC] -> 0x0613
mem[X,0x80013DCE] -> 0x0000
[1980] [M]: 0x80013DCC (0x00000613) addi a2, zero, 0
x12 <- 0x00000000


mem[X,0x80013DD0] -> 0x006F
mem[X,0x80013DD2] -> 0x0050
[1981] [M]: 0x80013DD0 (0x0050006F) jal zero, 2052


mem[X,0x800145D4] -> 0x50E3
mem[X,0x800145D6] -> 0x80B5
[1982] [M]: 0x800145D4 (0x80B550E3) bge a0, a1, 6144


mem[X,0x800145D8] -> 0x0613
mem[X,0x800145DA] -> 0x0026
[1983] [M]: 0x800145D8 (0x00260613) addi a2, a2, 2
x12 <- 0x00000002


mem[X,0x800145DC] -> 0x006F
mem[X,0x800145DE] -> 0x00C0
[1984] [M]: 0x800145DC (0x00C0006F) jal zero, 12


mem[X,0x800145E8] -> 0x2E23
mem[X,0x800145EA] -> 0x2EC2
[1985] [M]: 0x800145E8 (0x2EC22E23) sw a2, 764(tp)
mem[0x8003A564] <- 0x00000002


mem[X,0x800145EC] -> 0x3537
mem[X,0x800145EE] -> 0x3333
[1986] [M]: 0x800145EC (0x33333537) lui a0, 209715
x10 <- 0x33333000


mem[X,0x800145F0] -> 0x0513
mem[X,0x800145F2] -> 0x3335
[1987] [M]: 0x800145F0 (0x33350513) addi a0, a0, 819
x10 <- 0x33333333


mem[X,0x800145F4] -> 0x55B7
mem[X,0x800145F6] -> 0xFFFF
[1988] [M]: 0x800145F4 (0xFFFF55B7) lui a1, 1048565
x11 <- 0xFFFF5000


mem[X,0x800145F8] -> 0x8593
mem[X,0x800145FA] -> 0xAFD5
[1989] [M]: 0x800145F8 (0xAFD58593) addi a1, a1, 2813
x11 <- 0xFFFF4AFD


mem[X,0x800145FC] -> 0x0613
mem[X,0x800145FE] -> 0x0000
[1990] [M]: 0x800145FC (0x00000613) addi a2, zero, 0
x12 <- 0x00000000


mem[X,0x80014600] -> 0x006F
mem[X,0x80014602] -> 0x0050
[1991] [M]: 0x80014600 (0x0050006F) jal zero, 2052


mem[X,0x80014E04] -> 0x50E3
mem[X,0x80014E06] -> 0x80B5
[1992] [M]: 0x80014E04 (0x80B550E3) bge a0, a1, 6144


mem[X,0x80014604] -> 0x0613
mem[X,0x80014606] -> 0x0016
[1993] [M]: 0x80014604 (0x00160613) addi a2, a2, 1
x12 <- 0x00000001


mem[X,0x80014608] -> 0x006F
mem[X,0x8001460A] -> 0x0110
[1994] [M]: 0x80014608 (0x0110006F) jal zero, 2064


mem[X,0x80014E18] -> 0x2023
mem[X,0x80014E1A] -> 0x30C2
[1995] [M]: 0x80014E18 (0x30C22023) sw a2, 768(tp)
mem[0x8003A568] <- 0x00000001


mem[X,0x80014E1C] -> 0x3537
mem[X,0x80014E1E] -> 0x3333
[1996] [M]: 0x80014E1C (0x33333537) lui a0, 209715
x10 <- 0x33333000


mem[X,0x80014E20] -> 0x0513
mem[X,0x80014E22] -> 0x3335
[1997] [M]: 0x80014E20 (0x33350513) addi a0, a0, 819
x10 <- 0x33333333


mem[X,0x80014E24] -> 0xB5B7
mem[X,0x80014E26] -> 0x0000
[1998] [M]: 0x80014E24 (0x0000B5B7) lui a1, 11
x11 <- 0x0000B000


mem[X,0x80014E28] -> 0x8593
mem[X,0x80014E2A] -> 0x5055
[1999] [M]: 0x80014E28 (0x50558593) addi a1, a1, 1285
x11 <- 0x0000B505


clint::tick mtime <- 0x0000000000000014
 clint timer pending at mtime 0x0000000000000014
htif::tick 0x0000000000000000
mem[X,0x80014E2C] -> 0x0613
mem[X,0x80014E2E] -> 0x0000
[2000] [M]: 0x80014E2C (0x00000613) addi a2, zero, 0
x12 <- 0x00000000


mem[X,0x80014E30] -> 0x006F
mem[X,0x80014E32] -> 0x00C0
[2001] [M]: 0x80014E30 (0x00C0006F) jal zero, 12


mem[X,0x80014E3C] -> 0x5CE3
mem[X,0x80014E3E] -> 0xFEB5
[2002] [M]: 0x80014E3C (0xFEB55CE3) bge a0, a1, 8184


mem[X,0x80014E34] -> 0x0613
mem[X,0x80014E36] -> 0x0016
[2003] [M]: 0x80014E34 (0x00160613) addi a2, a2, 1
x12 <- 0x00000001


mem[X,0x80014E38] -> 0x006F
mem[X,0x80014E3A] -> 0x0180
[2004] [M]: 0x80014E38 (0x0180006F) jal zero, 24


mem[X,0x80014E50] -> 0x2223
mem[X,0x80014E52] -> 0x30C2
[2005] [M]: 0x80014E50 (0x30C22223) sw a2, 772(tp)
mem[0x8003A56C] <- 0x00000001


mem[X,0x80014E54] -> 0x6537
mem[X,0x80014E56] -> 0x6666
[2006] [M]: 0x80014E54 (0x66666537) lui a0, 419430
x10 <- 0x66666000


mem[X,0x80014E58] -> 0x0513
mem[X,0x80014E5A] -> 0x6665
[2007] [M]: 0x80014E58 (0x66650513) addi a0, a0, 1638
x10 <- 0x66666666


mem[X,0x80014E5C] -> 0x0593
mem[X,0x80014E5E] -> 0x0030
[2008] [M]: 0x80014E5C (0x00300593) addi a1, zero, 3
x11 <- 0x00000003


mem[X,0x80014E60] -> 0x0613
mem[X,0x80014E62] -> 0x0000
[2009] [M]: 0x80014E60 (0x00000613) addi a2, zero, 0
x12 <- 0x00000000


mem[X,0x80014E64] -> 0x006F
mem[X,0x80014E66] -> 0x00C0
[2010] [M]: 0x80014E64 (0x00C0006F) jal zero, 12


mem[X,0x80014E70] -> 0x5663
mem[X,0x80014E72] -> 0x00B5
[2011] [M]: 0x80014E70 (0x00B55663) bge a0, a1, 12


mem[X,0x80014E7C] -> 0x0613
mem[X,0x80014E7E] -> 0x0036
[2012] [M]: 0x80014E7C (0x00360613) addi a2, a2, 3
x12 <- 0x00000003


mem[X,0x80014E80] -> 0x006F
mem[X,0x80014E82] -> 0x0040
[2013] [M]: 0x80014E80 (0x0040006F) jal zero, 4


mem[X,0x80014E84] -> 0x2423
mem[X,0x80014E86] -> 0x30C2
[2014] [M]: 0x80014E84 (0x30C22423) sw a2, 776(tp)
mem[0x8003A570] <- 0x00000003


mem[X,0x80014E88] -> 0x6537
mem[X,0x80014E8A] -> 0x6666
[2015] [M]: 0x80014E88 (0x66666537) lui a0, 419430
x10 <- 0x66666000


mem[X,0x80014E8C] -> 0x0513
mem[X,0x80014E8E] -> 0x6665
[2016] [M]: 0x80014E8C (0x66650513) addi a0, a0, 1638
x10 <- 0x66666666


mem[X,0x80014E90] -> 0x55B7
mem[X,0x80014E92] -> 0x5555
[2017] [M]: 0x80014E90 (0x555555B7) lui a1, 349525
x11 <- 0x55555000


mem[X,0x80014E94] -> 0x8593
mem[X,0x80014E96] -> 0x5555
[2018] [M]: 0x80014E94 (0x55558593) addi a1, a1, 1365
x11 <- 0x55555555


mem[X,0x80014E98] -> 0x0613
mem[X,0x80014E9A] -> 0x0000
[2019] [M]: 0x80014E98 (0x00000613) addi a2, zero, 0
x12 <- 0x00000000


mem[X,0x80014E9C] -> 0x006F
mem[X,0x80014E9E] -> 0x00C0
[2020] [M]: 0x80014E9C (0x00C0006F) jal zero, 12


mem[X,0x80014EA8] -> 0x5063
mem[X,0x80014EAA] -> 0x04B5
[2021] [M]: 0x80014EA8 (0x04B55063) bge a0, a1, 64


mem[X,0x80014EE8] -> 0x0613
mem[X,0x80014EEA] -> 0x0036
[2022] [M]: 0x80014EE8 (0x00360613) addi a2, a2, 3
x12 <- 0x00000003


mem[X,0x80014EEC] -> 0x006F
mem[X,0x80014EEE] -> 0x0040
[2023] [M]: 0x80014EEC (0x0040006F) jal zero, 4


mem[X,0x80014EF0] -> 0x2623
mem[X,0x80014EF2] -> 0x30C2
[2024] [M]: 0x80014EF0 (0x30C22623) sw a2, 780(tp)
mem[0x8003A574] <- 0x00000003


mem[X,0x80014EF4] -> 0x6537
mem[X,0x80014EF6] -> 0x6666
[2025] [M]: 0x80014EF4 (0x66666537) lui a0, 419430
x10 <- 0x66666000


mem[X,0x80014EF8] -> 0x0513
mem[X,0x80014EFA] -> 0x6665
[2026] [M]: 0x80014EF8 (0x66650513) addi a0, a0, 1638
x10 <- 0x66666666


mem[X,0x80014EFC] -> 0xB5B7
mem[X,0x80014EFE] -> 0xAAAA
[2027] [M]: 0x80014EFC (0xAAAAB5B7) lui a1, 699051
x11 <- 0xAAAAB000


mem[X,0x80014F00] -> 0x8593
mem[X,0x80014F02] -> 0xAAA5
[2028] [M]: 0x80014F00 (0xAAA58593) addi a1, a1, 2730
x11 <- 0xAAAAAAAA


mem[X,0x80014F04] -> 0x0613
mem[X,0x80014F06] -> 0x0000
[2029] [M]: 0x80014F04 (0x00000613) addi a2, zero, 0
x12 <- 0x00000000


mem[X,0x80014F08] -> 0x006F
mem[X,0x80014F0A] -> 0x00C0
[2030] [M]: 0x80014F08 (0x00C0006F) jal zero, 12


mem[X,0x80014F14] -> 0x5063
mem[X,0x80014F16] -> 0x10B5
[2031] [M]: 0x80014F14 (0x10B55063) bge a0, a1, 256


mem[X,0x80015014] -> 0x0613
mem[X,0x80015016] -> 0x0036
[2032] [M]: 0x80015014 (0x00360613) addi a2, a2, 3
x12 <- 0x00000003


mem[X,0x80015018] -> 0x006F
mem[X,0x8001501A] -> 0x0040
[2033] [M]: 0x80015018 (0x0040006F) jal zero, 4


mem[X,0x8001501C] -> 0x2823
mem[X,0x8001501E] -> 0x30C2
[2034] [M]: 0x8001501C (0x30C22823) sw a2, 784(tp)
mem[0x8003A578] <- 0x00000003


mem[X,0x80015020] -> 0x6537
mem[X,0x80015022] -> 0x6666
[2035] [M]: 0x80015020 (0x66666537) lui a0, 419430
x10 <- 0x66666000


mem[X,0x80015024] -> 0x0513
mem[X,0x80015026] -> 0x6665
[2036] [M]: 0x80015024 (0x66650513) addi a0, a0, 1638
x10 <- 0x66666666


mem[X,0x80015028] -> 0x0593
mem[X,0x8001502A] -> 0x0050
[2037] [M]: 0x80015028 (0x00500593) addi a1, zero, 5
x11 <- 0x00000005


mem[X,0x8001502C] -> 0x0613
mem[X,0x8001502E] -> 0x0000
[2038] [M]: 0x8001502C (0x00000613) addi a2, zero, 0
x12 <- 0x00000000


mem[X,0x80015030] -> 0x006F
mem[X,0x80015032] -> 0x00C0
[2039] [M]: 0x80015030 (0x00C0006F) jal zero, 12


mem[X,0x8001503C] -> 0x5063
mem[X,0x8001503E] -> 0x08B5
[2040] [M]: 0x8001503C (0x08B55063) bge a0, a1, 128


mem[X,0x800150BC] -> 0x0613
mem[X,0x800150BE] -> 0x0036
[2041] [M]: 0x800150BC (0x00360613) addi a2, a2, 3
x12 <- 0x00000003


mem[X,0x800150C0] -> 0x006F
mem[X,0x800150C2] -> 0x0040
[2042] [M]: 0x800150C0 (0x0040006F) jal zero, 4


mem[X,0x800150C4] -> 0x2A23
mem[X,0x800150C6] -> 0x30C2
[2043] [M]: 0x800150C4 (0x30C22A23) sw a2, 788(tp)
mem[0x8003A57C] <- 0x00000003


mem[X,0x800150C8] -> 0x6537
mem[X,0x800150CA] -> 0x6666
[2044] [M]: 0x800150C8 (0x66666537) lui a0, 419430
x10 <- 0x66666000


mem[X,0x800150CC] -> 0x0513
mem[X,0x800150CE] -> 0x6665
[2045] [M]: 0x800150CC (0x66650513) addi a0, a0, 1638
x10 <- 0x66666666


mem[X,0x800150D0] -> 0x35B7
mem[X,0x800150D2] -> 0x3333
[2046] [M]: 0x800150D0 (0x333335B7) lui a1, 209715
x11 <- 0x33333000


mem[X,0x800150D4] -> 0x8593
mem[X,0x800150D6] -> 0x3335
[2047] [M]: 0x800150D4 (0x33358593) addi a1, a1, 819
x11 <- 0x33333333


mem[X,0x800150D8] -> 0x0613
mem[X,0x800150DA] -> 0x0000
[2048] [M]: 0x800150D8 (0x00000613) addi a2, zero, 0
x12 <- 0x00000000


mem[X,0x800150DC] -> 0x006F
mem[X,0x800150DE] -> 0x2B10
[2049] [M]: 0x800150DC (0x2B10006F) jal zero, 2736


mem[X,0x80015B8C] -> 0x5A63
mem[X,0x80015B8E] -> 0xD4B5
[2050] [M]: 0x80015B8C (0xD4B55A63) bge a0, a1, 5460


mem[X,0x800150E0] -> 0x0613
mem[X,0x800150E2] -> 0x0016
[2051] [M]: 0x800150E0 (0x00160613) addi a2, a2, 1
x12 <- 0x00000001


mem[X,0x800150E4] -> 0x006F
mem[X,0x800150E6] -> 0x2BD0
[2052] [M]: 0x800150E4 (0x2BD0006F) jal zero, 2748


mem[X,0x80015BA0] -> 0x2C23
mem[X,0x80015BA2] -> 0x30C2
[2053] [M]: 0x80015BA0 (0x30C22C23) sw a2, 792(tp)
mem[0x8003A580] <- 0x00000001


mem[X,0x80015BA4] -> 0x6537
mem[X,0x80015BA6] -> 0x6666
[2054] [M]: 0x80015BA4 (0x66666537) lui a0, 419430
x10 <- 0x66666000


mem[X,0x80015BA8] -> 0x0513
mem[X,0x80015BAA] -> 0x6665
[2055] [M]: 0x80015BA8 (0x66650513) addi a0, a0, 1638
x10 <- 0x66666666


mem[X,0x80015BAC] -> 0x65B7
mem[X,0x80015BAE] -> 0x6666
[2056] [M]: 0x80015BAC (0x666665B7) lui a1, 419430
x11 <- 0x66666000


mem[X,0x80015BB0] -> 0x8593
mem[X,0x80015BB2] -> 0x6665
[2057] [M]: 0x80015BB0 (0x66658593) addi a1, a1, 1638
x11 <- 0x66666666


mem[X,0x80015BB4] -> 0x0613
mem[X,0x80015BB6] -> 0x0000
[2058] [M]: 0x80015BB4 (0x00000613) addi a2, zero, 0
x12 <- 0x00000000


mem[X,0x80015BB8] -> 0x006F
mem[X,0x80015BBA] -> 0x00C0
[2059] [M]: 0x80015BB8 (0x00C0006F) jal zero, 12


mem[X,0x80015BC4] -> 0x5063
mem[X,0x80015BC6] -> 0x20B5
[2060] [M]: 0x80015BC4 (0x20B55063) bge a0, a1, 512


mem[X,0x80015DC4] -> 0x0613
mem[X,0x80015DC6] -> 0x0036
[2061] [M]: 0x80015DC4 (0x00360613) addi a2, a2, 3
x12 <- 0x00000003


mem[X,0x80015DC8] -> 0x006F
mem[X,0x80015DCA] -> 0x0040
[2062] [M]: 0x80015DC8 (0x0040006F) jal zero, 4


mem[X,0x80015DCC] -> 0x2E23
mem[X,0x80015DCE] -> 0x30C2
[2063] [M]: 0x80015DCC (0x30C22E23) sw a2, 796(tp)
mem[0x8003A584] <- 0x00000003


mem[X,0x80015DD0] -> 0x6537
mem[X,0x80015DD2] -> 0x6666
[2064] [M]: 0x80015DD0 (0x66666537) lui a0, 419430
x10 <- 0x66666000


mem[X,0x80015DD4] -> 0x0513
mem[X,0x80015DD6] -> 0x6665
[2065] [M]: 0x80015DD4 (0x66650513) addi a0, a0, 1638
x10 <- 0x66666666


mem[X,0x80015DD8] -> 0x55B7
mem[X,0x80015DDA] -> 0xFFFF
[2066] [M]: 0x80015DD8 (0xFFFF55B7) lui a1, 1048565
x11 <- 0xFFFF5000


mem[X,0x80015DDC] -> 0x8593
mem[X,0x80015DDE] -> 0xAFC5
[2067] [M]: 0x80015DDC (0xAFC58593) addi a1, a1, 2812
x11 <- 0xFFFF4AFC


mem[X,0x80015DE0] -> 0x0613
mem[X,0x80015DE2] -> 0x0000
[2068] [M]: 0x80015DE0 (0x00000613) addi a2, zero, 0
x12 <- 0x00000000


mem[X,0x80015DE4] -> 0x006F
mem[X,0x80015DE6] -> 0x00C0
[2069] [M]: 0x80015DE4 (0x00C0006F) jal zero, 12


mem[X,0x80015DF0] -> 0x5CE3
mem[X,0x80015DF2] -> 0xFEB5
[2070] [M]: 0x80015DF0 (0xFEB55CE3) bge a0, a1, 8184


mem[X,0x80015DE8] -> 0x0613
mem[X,0x80015DEA] -> 0x0016
[2071] [M]: 0x80015DE8 (0x00160613) addi a2, a2, 1
x12 <- 0x00000001


mem[X,0x80015DEC] -> 0x006F
mem[X,0x80015DEE] -> 0x0180
[2072] [M]: 0x80015DEC (0x0180006F) jal zero, 24


mem[X,0x80015E04] -> 0x2023
mem[X,0x80015E06] -> 0x32C2
[2073] [M]: 0x80015E04 (0x32C22023) sw a2, 800(tp)
mem[0x8003A588] <- 0x00000001


mem[X,0x80015E08] -> 0x6537
mem[X,0x80015E0A] -> 0x6666
[2074] [M]: 0x80015E08 (0x66666537) lui a0, 419430
x10 <- 0x66666000


mem[X,0x80015E0C] -> 0x0513
mem[X,0x80015E0E] -> 0x6665
[2075] [M]: 0x80015E0C (0x66650513) addi a0, a0, 1638
x10 <- 0x66666666


mem[X,0x80015E10] -> 0xB5B7
mem[X,0x80015E12] -> 0x0000
[2076] [M]: 0x80015E10 (0x0000B5B7) lui a1, 11
x11 <- 0x0000B000


mem[X,0x80015E14] -> 0x8593
mem[X,0x80015E16] -> 0x5045
[2077] [M]: 0x80015E14 (0x50458593) addi a1, a1, 1284
x11 <- 0x0000B504


mem[X,0x80015E18] -> 0x0613
mem[X,0x80015E1A] -> 0x0000
[2078] [M]: 0x80015E18 (0x00000613) addi a2, zero, 0
x12 <- 0x00000000


mem[X,0x80015E1C] -> 0x006F
mem[X,0x80015E1E] -> 0x00C0
[2079] [M]: 0x80015E1C (0x00C0006F) jal zero, 12


mem[X,0x80015E28] -> 0x5063
mem[X,0x80015E2A] -> 0x02B5
[2080] [M]: 0x80015E28 (0x02B55063) bge a0, a1, 32


mem[X,0x80015E48] -> 0x0613
mem[X,0x80015E4A] -> 0x0036
[2081] [M]: 0x80015E48 (0x00360613) addi a2, a2, 3
x12 <- 0x00000003


mem[X,0x80015E4C] -> 0x006F
mem[X,0x80015E4E] -> 0x0040
[2082] [M]: 0x80015E4C (0x0040006F) jal zero, 4


mem[X,0x80015E50] -> 0x2223
mem[X,0x80015E52] -> 0x32C2
[2083] [M]: 0x80015E50 (0x32C22223) sw a2, 804(tp)
mem[0x8003A58C] <- 0x00000003


mem[X,0x80015E54] -> 0x6537
mem[X,0x80015E56] -> 0x6666
[2084] [M]: 0x80015E54 (0x66666537) lui a0, 419430
x10 <- 0x66666000


mem[X,0x80015E58] -> 0x0513
mem[X,0x80015E5A] -> 0x6665
[2085] [M]: 0x80015E58 (0x66650513) addi a0, a0, 1638
x10 <- 0x66666666


mem[X,0x80015E5C] -> 0x0593
mem[X,0x80015E5E] -> 0x0020
[2086] [M]: 0x80015E5C (0x00200593) addi a1, zero, 2
x11 <- 0x00000002


mem[X,0x80015E60] -> 0x0613
mem[X,0x80015E62] -> 0x0000
[2087] [M]: 0x80015E60 (0x00000613) addi a2, zero, 0
x12 <- 0x00000000


mem[X,0x80015E64] -> 0x006F
mem[X,0x80015E66] -> 0x0050
[2088] [M]: 0x80015E64 (0x0050006F) jal zero, 2052


mem[X,0x80016668] -> 0x50E3
mem[X,0x8001666A] -> 0x80B5
[2089] [M]: 0x80016668 (0x80B550E3) bge a0, a1, 6144


mem[X,0x80015E68] -> 0x0613
mem[X,0x80015E6A] -> 0x0016
[2090] [M]: 0x80015E68 (0x00160613) addi a2, a2, 1
x12 <- 0x00000001


mem[X,0x80015E6C] -> 0x006F
mem[X,0x80015E6E] -> 0x0110
[2091] [M]: 0x80015E6C (0x0110006F) jal zero, 2064


mem[X,0x8001667C] -> 0x2423
mem[X,0x8001667E] -> 0x32C2
[2092] [M]: 0x8001667C (0x32C22423) sw a2, 808(tp)
mem[0x8003A590] <- 0x00000001


mem[X,0x80016680] -> 0x6537
mem[X,0x80016682] -> 0x6666
[2093] [M]: 0x80016680 (0x66666537) lui a0, 419430
x10 <- 0x66666000


mem[X,0x80016684] -> 0x0513
mem[X,0x80016686] -> 0x6665
[2094] [M]: 0x80016684 (0x66650513) addi a0, a0, 1638
x10 <- 0x66666666


mem[X,0x80016688] -> 0x55B7
mem[X,0x8001668A] -> 0x5555
[2095] [M]: 0x80016688 (0x555555B7) lui a1, 349525
x11 <- 0x55555000


mem[X,0x8001668C] -> 0x8593
mem[X,0x8001668E] -> 0x5545
[2096] [M]: 0x8001668C (0x55458593) addi a1, a1, 1364
x11 <- 0x55555554


mem[X,0x80016690] -> 0x0613
mem[X,0x80016692] -> 0x0000
[2097] [M]: 0x80016690 (0x00000613) addi a2, zero, 0
x12 <- 0x00000000


mem[X,0x80016694] -> 0x006F
mem[X,0x80016696] -> 0x00C0
[2098] [M]: 0x80016694 (0x00C0006F) jal zero, 12


mem[X,0x800166A0] -> 0x5663
mem[X,0x800166A2] -> 0x00B5
[2099] [M]: 0x800166A0 (0x00B55663) bge a0, a1, 12


clint::tick mtime <- 0x0000000000000015
 clint timer pending at mtime 0x0000000000000015
htif::tick 0x0000000000000000
mem[X,0x800166AC] -> 0x0613
mem[X,0x800166AE] -> 0x0036
[2100] [M]: 0x800166AC (0x00360613) addi a2, a2, 3
x12 <- 0x00000003


mem[X,0x800166B0] -> 0x006F
mem[X,0x800166B2] -> 0x0040
[2101] [M]: 0x800166B0 (0x0040006F) jal zero, 4


mem[X,0x800166B4] -> 0x2623
mem[X,0x800166B6] -> 0x32C2
[2102] [M]: 0x800166B4 (0x32C22623) sw a2, 812(tp)
mem[0x8003A594] <- 0x00000003


mem[X,0x800166B8] -> 0x6537
mem[X,0x800166BA] -> 0x6666
[2103] [M]: 0x800166B8 (0x66666537) lui a0, 419430
x10 <- 0x66666000


mem[X,0x800166BC] -> 0x0513
mem[X,0x800166BE] -> 0x6665
[2104] [M]: 0x800166BC (0x66650513) addi a0, a0, 1638
x10 <- 0x66666666


mem[X,0x800166C0] -> 0x0593
mem[X,0x800166C2] -> 0x0000
[2105] [M]: 0x800166C0 (0x00000593) addi a1, zero, 0
x11 <- 0x00000000


mem[X,0x800166C4] -> 0x0613
mem[X,0x800166C6] -> 0x0000
[2106] [M]: 0x800166C4 (0x00000613) addi a2, zero, 0
x12 <- 0x00000000


mem[X,0x800166C8] -> 0x006F
mem[X,0x800166CA] -> 0x00C0
[2107] [M]: 0x800166C8 (0x00C0006F) jal zero, 12


mem[X,0x800166D4] -> 0x5063
mem[X,0x800166D6] -> 0x10B5
[2108] [M]: 0x800166D4 (0x10B55063) bge a0, a1, 256


mem[X,0x800167D4] -> 0x0613
mem[X,0x800167D6] -> 0x0036
[2109] [M]: 0x800167D4 (0x00360613) addi a2, a2, 3
x12 <- 0x00000003


mem[X,0x800167D8] -> 0x006F
mem[X,0x800167DA] -> 0x0040
[2110] [M]: 0x800167D8 (0x0040006F) jal zero, 4


mem[X,0x800167DC] -> 0x2823
mem[X,0x800167DE] -> 0x32C2
[2111] [M]: 0x800167DC (0x32C22823) sw a2, 816(tp)
mem[0x8003A598] <- 0x00000003


mem[X,0x800167E0] -> 0x6537
mem[X,0x800167E2] -> 0x6666
[2112] [M]: 0x800167E0 (0x66666537) lui a0, 419430
x10 <- 0x66666000


mem[X,0x800167E4] -> 0x0513
mem[X,0x800167E6] -> 0x6665
[2113] [M]: 0x800167E4 (0x66650513) addi a0, a0, 1638
x10 <- 0x66666666


mem[X,0x800167E8] -> 0x0593
mem[X,0x800167EA] -> 0x0040
[2114] [M]: 0x800167E8 (0x00400593) addi a1, zero, 4
x11 <- 0x00000004


mem[X,0x800167EC] -> 0x0613
mem[X,0x800167EE] -> 0x0000
[2115] [M]: 0x800167EC (0x00000613) addi a2, zero, 0
x12 <- 0x00000000


mem[X,0x800167F0] -> 0x006F
mem[X,0x800167F2] -> 0x00C0
[2116] [M]: 0x800167F0 (0x00C0006F) jal zero, 12


mem[X,0x800167FC] -> 0x5CE3
mem[X,0x800167FE] -> 0xFEB5
[2117] [M]: 0x800167FC (0xFEB55CE3) bge a0, a1, 8184


mem[X,0x800167F4] -> 0x0613
mem[X,0x800167F6] -> 0x0016
[2118] [M]: 0x800167F4 (0x00160613) addi a2, a2, 1
x12 <- 0x00000001


mem[X,0x800167F8] -> 0x006F
mem[X,0x800167FA] -> 0x0180
[2119] [M]: 0x800167F8 (0x0180006F) jal zero, 24


mem[X,0x80016810] -> 0x2A23
mem[X,0x80016812] -> 0x32C2
[2120] [M]: 0x80016810 (0x32C22A23) sw a2, 820(tp)
mem[0x8003A59C] <- 0x00000001


mem[X,0x80016814] -> 0x6537
mem[X,0x80016816] -> 0x6666
[2121] [M]: 0x80016814 (0x66666537) lui a0, 419430
x10 <- 0x66666000


mem[X,0x80016818] -> 0x0513
mem[X,0x8001681A] -> 0x6665
[2122] [M]: 0x80016818 (0x66650513) addi a0, a0, 1638
x10 <- 0x66666666


mem[X,0x8001681C] -> 0x35B7
mem[X,0x8001681E] -> 0x3333
[2123] [M]: 0x8001681C (0x333335B7) lui a1, 209715
x11 <- 0x33333000


mem[X,0x80016820] -> 0x8593
mem[X,0x80016822] -> 0x3325
[2124] [M]: 0x80016820 (0x33258593) addi a1, a1, 818
x11 <- 0x33333332


mem[X,0x80016824] -> 0x0613
mem[X,0x80016826] -> 0x0000
[2125] [M]: 0x80016824 (0x00000613) addi a2, zero, 0
x12 <- 0x00000000


mem[X,0x80016828] -> 0x006F
mem[X,0x8001682A] -> 0x00C0
[2126] [M]: 0x80016828 (0x00C0006F) jal zero, 12


mem[X,0x80016834] -> 0x5CE3
mem[X,0x80016836] -> 0xFEB5
[2127] [M]: 0x80016834 (0xFEB55CE3) bge a0, a1, 8184


mem[X,0x8001682C] -> 0x0613
mem[X,0x8001682E] -> 0x0016
[2128] [M]: 0x8001682C (0x00160613) addi a2, a2, 1
x12 <- 0x00000001


mem[X,0x80016830] -> 0x006F
mem[X,0x80016832] -> 0x0180
[2129] [M]: 0x80016830 (0x0180006F) jal zero, 24


mem[X,0x80016848] -> 0x2C23
mem[X,0x8001684A] -> 0x32C2
[2130] [M]: 0x80016848 (0x32C22C23) sw a2, 824(tp)
mem[0x8003A5A0] <- 0x00000001


mem[X,0x8001684C] -> 0x6537
mem[X,0x8001684E] -> 0x6666
[2131] [M]: 0x8001684C (0x66666537) lui a0, 419430
x10 <- 0x66666000


mem[X,0x80016850] -> 0x0513
mem[X,0x80016852] -> 0x6665
[2132] [M]: 0x80016850 (0x66650513) addi a0, a0, 1638
x10 <- 0x66666666


mem[X,0x80016854] -> 0x65B7
mem[X,0x80016856] -> 0x6666
[2133] [M]: 0x80016854 (0x666665B7) lui a1, 419430
x11 <- 0x66666000


mem[X,0x80016858] -> 0x8593
mem[X,0x8001685A] -> 0x6655
[2134] [M]: 0x80016858 (0x66558593) addi a1, a1, 1637
x11 <- 0x66666665


mem[X,0x8001685C] -> 0x0613
mem[X,0x8001685E] -> 0x0000
[2135] [M]: 0x8001685C (0x00000613) addi a2, zero, 0
x12 <- 0x00000000


mem[X,0x80016860] -> 0x006F
mem[X,0x80016862] -> 0x00C0
[2136] [M]: 0x80016860 (0x00C0006F) jal zero, 12


mem[X,0x8001686C] -> 0x5663
mem[X,0x8001686E] -> 0x00B5
[2137] [M]: 0x8001686C (0x00B55663) bge a0, a1, 12


mem[X,0x80016878] -> 0x0613
mem[X,0x8001687A] -> 0x0036
[2138] [M]: 0x80016878 (0x00360613) addi a2, a2, 3
x12 <- 0x00000003


mem[X,0x8001687C] -> 0x006F
mem[X,0x8001687E] -> 0x0040
[2139] [M]: 0x8001687C (0x0040006F) jal zero, 4


mem[X,0x80016880] -> 0x2E23
mem[X,0x80016882] -> 0x32C2
[2140] [M]: 0x80016880 (0x32C22E23) sw a2, 828(tp)
mem[0x8003A5A4] <- 0x00000003


mem[X,0x80016884] -> 0x6537
mem[X,0x80016886] -> 0x6666
[2141] [M]: 0x80016884 (0x66666537) lui a0, 419430
x10 <- 0x66666000


mem[X,0x80016888] -> 0x0513
mem[X,0x8001688A] -> 0x6665
[2142] [M]: 0x80016888 (0x66650513) addi a0, a0, 1638
x10 <- 0x66666666


mem[X,0x8001688C] -> 0xB5B7
mem[X,0x8001688E] -> 0x0000
[2143] [M]: 0x8001688C (0x0000B5B7) lui a1, 11
x11 <- 0x0000B000


mem[X,0x80016890] -> 0x8593
mem[X,0x80016892] -> 0x5035
[2144] [M]: 0x80016890 (0x50358593) addi a1, a1, 1283
x11 <- 0x0000B503


mem[X,0x80016894] -> 0x0613
mem[X,0x80016896] -> 0x0000
[2145] [M]: 0x80016894 (0x00000613) addi a2, zero, 0
x12 <- 0x00000000


mem[X,0x80016898] -> 0x006F
mem[X,0x8001689A] -> 0x00C0
[2146] [M]: 0x80016898 (0x00C0006F) jal zero, 12


mem[X,0x800168A4] -> 0x5063
mem[X,0x800168A6] -> 0x02B5
[2147] [M]: 0x800168A4 (0x02B55063) bge a0, a1, 32


mem[X,0x800168C4] -> 0x0613
mem[X,0x800168C6] -> 0x0036
[2148] [M]: 0x800168C4 (0x00360613) addi a2, a2, 3
x12 <- 0x00000003


mem[X,0x800168C8] -> 0x006F
mem[X,0x800168CA] -> 0x0040
[2149] [M]: 0x800168C8 (0x0040006F) jal zero, 4


mem[X,0x800168CC] -> 0x2023
mem[X,0x800168CE] -> 0x34C2
[2150] [M]: 0x800168CC (0x34C22023) sw a2, 832(tp)
mem[0x8003A5A8] <- 0x00000003


mem[X,0x800168D0] -> 0x6537
mem[X,0x800168D2] -> 0x6666
[2151] [M]: 0x800168D0 (0x66666537) lui a0, 419430
x10 <- 0x66666000


mem[X,0x800168D4] -> 0x0513
mem[X,0x800168D6] -> 0x6665
[2152] [M]: 0x800168D4 (0x66650513) addi a0, a0, 1638
x10 <- 0x66666666


mem[X,0x800168D8] -> 0x55B7
mem[X,0x800168DA] -> 0x5555
[2153] [M]: 0x800168D8 (0x555555B7) lui a1, 349525
x11 <- 0x55555000


mem[X,0x800168DC] -> 0x8593
mem[X,0x800168DE] -> 0x5565
[2154] [M]: 0x800168DC (0x55658593) addi a1, a1, 1366
x11 <- 0x55555556


mem[X,0x800168E0] -> 0x0613
mem[X,0x800168E2] -> 0x0000
[2155] [M]: 0x800168E0 (0x00000613) addi a2, zero, 0
x12 <- 0x00000000


mem[X,0x800168E4] -> 0x006F
mem[X,0x800168E6] -> 0x00C0
[2156] [M]: 0x800168E4 (0x00C0006F) jal zero, 12


mem[X,0x800168F0] -> 0x5CE3
mem[X,0x800168F2] -> 0xFEB5
[2157] [M]: 0x800168F0 (0xFEB55CE3) bge a0, a1, 8184


mem[X,0x800168E8] -> 0x0613
mem[X,0x800168EA] -> 0x0016
[2158] [M]: 0x800168E8 (0x00160613) addi a2, a2, 1
x12 <- 0x00000001


mem[X,0x800168EC] -> 0x006F
mem[X,0x800168EE] -> 0x0180
[2159] [M]: 0x800168EC (0x0180006F) jal zero, 24


mem[X,0x80016904] -> 0x2223
mem[X,0x80016906] -> 0x34C2
[2160] [M]: 0x80016904 (0x34C22223) sw a2, 836(tp)
mem[0x8003A5AC] <- 0x00000001


mem[X,0x80016908] -> 0x6537
mem[X,0x8001690A] -> 0x6666
[2161] [M]: 0x80016908 (0x66666537) lui a0, 419430
x10 <- 0x66666000


mem[X,0x8001690C] -> 0x0513
mem[X,0x8001690E] -> 0x6665
[2162] [M]: 0x8001690C (0x66650513) addi a0, a0, 1638
x10 <- 0x66666666


mem[X,0x80016910] -> 0xB5B7
mem[X,0x80016912] -> 0xAAAA
[2163] [M]: 0x80016910 (0xAAAAB5B7) lui a1, 699051
x11 <- 0xAAAAB000


mem[X,0x80016914] -> 0x8593
mem[X,0x80016916] -> 0xAAB5
[2164] [M]: 0x80016914 (0xAAB58593) addi a1, a1, 2731
x11 <- 0xAAAAAAAB


mem[X,0x80016918] -> 0x0613
mem[X,0x8001691A] -> 0x0000
[2165] [M]: 0x80016918 (0x00000613) addi a2, zero, 0
x12 <- 0x00000000


mem[X,0x8001691C] -> 0x006F
mem[X,0x8001691E] -> 0x00C0
[2166] [M]: 0x8001691C (0x00C0006F) jal zero, 12


mem[X,0x80016928] -> 0x5CE3
mem[X,0x8001692A] -> 0xFEB5
[2167] [M]: 0x80016928 (0xFEB55CE3) bge a0, a1, 8184


mem[X,0x80016920] -> 0x0613
mem[X,0x80016922] -> 0x0016
[2168] [M]: 0x80016920 (0x00160613) addi a2, a2, 1
x12 <- 0x00000001


mem[X,0x80016924] -> 0x006F
mem[X,0x80016926] -> 0x0180
[2169] [M]: 0x80016924 (0x0180006F) jal zero, 24


mem[X,0x8001693C] -> 0x2423
mem[X,0x8001693E] -> 0x34C2
[2170] [M]: 0x8001693C (0x34C22423) sw a2, 840(tp)
mem[0x8003A5B0] <- 0x00000001


mem[X,0x80016940] -> 0x6537
mem[X,0x80016942] -> 0x6666
[2171] [M]: 0x80016940 (0x66666537) lui a0, 419430
x10 <- 0x66666000


mem[X,0x80016944] -> 0x0513
mem[X,0x80016946] -> 0x6665
[2172] [M]: 0x80016944 (0x66650513) addi a0, a0, 1638
x10 <- 0x66666666


mem[X,0x80016948] -> 0x0593
mem[X,0x8001694A] -> 0x0060
[2173] [M]: 0x80016948 (0x00600593) addi a1, zero, 6
x11 <- 0x00000006


mem[X,0x8001694C] -> 0x0613
mem[X,0x8001694E] -> 0x0000
[2174] [M]: 0x8001694C (0x00000613) addi a2, zero, 0
x12 <- 0x00000000


mem[X,0x80016950] -> 0x006F
mem[X,0x80016952] -> 0x0050
[2175] [M]: 0x80016950 (0x0050006F) jal zero, 2052


mem[X,0x80017154] -> 0x50E3
mem[X,0x80017156] -> 0x80B5
[2176] [M]: 0x80017154 (0x80B550E3) bge a0, a1, 6144


mem[X,0x80016954] -> 0x0613
mem[X,0x80016956] -> 0x0016
[2177] [M]: 0x80016954 (0x00160613) addi a2, a2, 1
x12 <- 0x00000001


mem[X,0x80016958] -> 0x006F
mem[X,0x8001695A] -> 0x0110
[2178] [M]: 0x80016958 (0x0110006F) jal zero, 2064


mem[X,0x80017168] -> 0x2623
mem[X,0x8001716A] -> 0x34C2
[2179] [M]: 0x80017168 (0x34C22623) sw a2, 844(tp)
mem[0x8003A5B4] <- 0x00000001


mem[X,0x8001716C] -> 0x6537
mem[X,0x8001716E] -> 0x6666
[2180] [M]: 0x8001716C (0x66666537) lui a0, 419430
x10 <- 0x66666000


mem[X,0x80017170] -> 0x0513
mem[X,0x80017172] -> 0x6665
[2181] [M]: 0x80017170 (0x66650513) addi a0, a0, 1638
x10 <- 0x66666666


mem[X,0x80017174] -> 0x35B7
mem[X,0x80017176] -> 0x3333
[2182] [M]: 0x80017174 (0x333335B7) lui a1, 209715
x11 <- 0x33333000


mem[X,0x80017178] -> 0x8593
mem[X,0x8001717A] -> 0x3345
[2183] [M]: 0x80017178 (0x33458593) addi a1, a1, 820
x11 <- 0x33333334


mem[X,0x8001717C] -> 0x0613
mem[X,0x8001717E] -> 0x0000
[2184] [M]: 0x8001717C (0x00000613) addi a2, zero, 0
x12 <- 0x00000000


mem[X,0x80017180] -> 0x006F
mem[X,0x80017182] -> 0x0050
[2185] [M]: 0x80017180 (0x0050006F) jal zero, 2052


mem[X,0x80017984] -> 0x50E3
mem[X,0x80017986] -> 0x80B5
[2186] [M]: 0x80017984 (0x80B550E3) bge a0, a1, 6144


mem[X,0x80017184] -> 0x0613
mem[X,0x80017186] -> 0x0016
[2187] [M]: 0x80017184 (0x00160613) addi a2, a2, 1
x12 <- 0x00000001


mem[X,0x80017188] -> 0x006F
mem[X,0x8001718A] -> 0x0110
[2188] [M]: 0x80017188 (0x0110006F) jal zero, 2064


mem[X,0x80017998] -> 0x2823
mem[X,0x8001799A] -> 0x34C2
[2189] [M]: 0x80017998 (0x34C22823) sw a2, 848(tp)
mem[0x8003A5B8] <- 0x00000001


mem[X,0x8001799C] -> 0x6537
mem[X,0x8001799E] -> 0x6666
[2190] [M]: 0x8001799C (0x66666537) lui a0, 419430
x10 <- 0x66666000


mem[X,0x800179A0] -> 0x0513
mem[X,0x800179A2] -> 0x6665
[2191] [M]: 0x800179A0 (0x66650513) addi a0, a0, 1638
x10 <- 0x66666666


mem[X,0x800179A4] -> 0x65B7
mem[X,0x800179A6] -> 0x6666
[2192] [M]: 0x800179A4 (0x666665B7) lui a1, 419430
x11 <- 0x66666000


mem[X,0x800179A8] -> 0x8593
mem[X,0x800179AA] -> 0x6675
[2193] [M]: 0x800179A8 (0x66758593) addi a1, a1, 1639
x11 <- 0x66666667


mem[X,0x800179AC] -> 0x0613
mem[X,0x800179AE] -> 0x0000
[2194] [M]: 0x800179AC (0x00000613) addi a2, zero, 0
x12 <- 0x00000000


mem[X,0x800179B0] -> 0x006F
mem[X,0x800179B2] -> 0x00C0
[2195] [M]: 0x800179B0 (0x00C0006F) jal zero, 12


mem[X,0x800179BC] -> 0x5063
mem[X,0x800179BE] -> 0x08B5
[2196] [M]: 0x800179BC (0x08B55063) bge a0, a1, 128


mem[X,0x800179C0] -> 0x0613
mem[X,0x800179C2] -> 0x0026
[2197] [M]: 0x800179C0 (0x00260613) addi a2, a2, 2
x12 <- 0x00000002


mem[X,0x800179C4] -> 0x006F
mem[X,0x800179C6] -> 0x0800
[2198] [M]: 0x800179C4 (0x0800006F) jal zero, 128


mem[X,0x80017A44] -> 0x2A23
mem[X,0x80017A46] -> 0x34C2
[2199] [M]: 0x80017A44 (0x34C22A23) sw a2, 852(tp)
mem[0x8003A5BC] <- 0x00000002


clint::tick mtime <- 0x0000000000000016
 clint timer pending at mtime 0x0000000000000016
htif::tick 0x0000000000000000
mem[X,0x80017A48] -> 0x6537
mem[X,0x80017A4A] -> 0x6666
[2200] [M]: 0x80017A48 (0x66666537) lui a0, 419430
x10 <- 0x66666000


mem[X,0x80017A4C] -> 0x0513
mem[X,0x80017A4E] -> 0x6665
[2201] [M]: 0x80017A4C (0x66650513) addi a0, a0, 1638
x10 <- 0x66666666


mem[X,0x80017A50] -> 0x55B7
mem[X,0x80017A52] -> 0xFFFF
[2202] [M]: 0x80017A50 (0xFFFF55B7) lui a1, 1048565
x11 <- 0xFFFF5000


mem[X,0x80017A54] -> 0x8593
mem[X,0x80017A56] -> 0xAFD5
[2203] [M]: 0x80017A54 (0xAFD58593) addi a1, a1, 2813
x11 <- 0xFFFF4AFD


mem[X,0x80017A58] -> 0x0613
mem[X,0x80017A5A] -> 0x0000
[2204] [M]: 0x80017A58 (0x00000613) addi a2, zero, 0
x12 <- 0x00000000


mem[X,0x80017A5C] -> 0x006F
mem[X,0x80017A5E] -> 0x00C0
[2205] [M]: 0x80017A5C (0x00C0006F) jal zero, 12


mem[X,0x80017A68] -> 0x5063
mem[X,0x80017A6A] -> 0x10B5
[2206] [M]: 0x80017A68 (0x10B55063) bge a0, a1, 256


mem[X,0x80017B68] -> 0x0613
mem[X,0x80017B6A] -> 0x0036
[2207] [M]: 0x80017B68 (0x00360613) addi a2, a2, 3
x12 <- 0x00000003


mem[X,0x80017B6C] -> 0x006F
mem[X,0x80017B6E] -> 0x0040
[2208] [M]: 0x80017B6C (0x0040006F) jal zero, 4


mem[X,0x80017B70] -> 0x2C23
mem[X,0x80017B72] -> 0x34C2
[2209] [M]: 0x80017B70 (0x34C22C23) sw a2, 856(tp)
mem[0x8003A5C0] <- 0x00000003


mem[X,0x80017B74] -> 0x6537
mem[X,0x80017B76] -> 0x6666
[2210] [M]: 0x80017B74 (0x66666537) lui a0, 419430
x10 <- 0x66666000


mem[X,0x80017B78] -> 0x0513
mem[X,0x80017B7A] -> 0x6665
[2211] [M]: 0x80017B78 (0x66650513) addi a0, a0, 1638
x10 <- 0x66666666


mem[X,0x80017B7C] -> 0xB5B7
mem[X,0x80017B7E] -> 0x0000
[2212] [M]: 0x80017B7C (0x0000B5B7) lui a1, 11
x11 <- 0x0000B000


mem[X,0x80017B80] -> 0x8593
mem[X,0x80017B82] -> 0x5055
[2213] [M]: 0x80017B80 (0x50558593) addi a1, a1, 1285
x11 <- 0x0000B505


mem[X,0x80017B84] -> 0x0613
mem[X,0x80017B86] -> 0x0000
[2214] [M]: 0x80017B84 (0x00000613) addi a2, zero, 0
x12 <- 0x00000000


mem[X,0x80017B88] -> 0x006F
mem[X,0x80017B8A] -> 0x00C0
[2215] [M]: 0x80017B88 (0x00C0006F) jal zero, 12


mem[X,0x80017B94] -> 0x5063
mem[X,0x80017B96] -> 0x04B5
[2216] [M]: 0x80017B94 (0x04B55063) bge a0, a1, 64


mem[X,0x80017BD4] -> 0x0613
mem[X,0x80017BD6] -> 0x0036
[2217] [M]: 0x80017BD4 (0x00360613) addi a2, a2, 3
x12 <- 0x00000003


mem[X,0x80017BD8] -> 0x006F
mem[X,0x80017BDA] -> 0x0040
[2218] [M]: 0x80017BD8 (0x0040006F) jal zero, 4


mem[X,0x80017BDC] -> 0x2E23
mem[X,0x80017BDE] -> 0x34C2
[2219] [M]: 0x80017BDC (0x34C22E23) sw a2, 860(tp)
mem[0x8003A5C4] <- 0x00000003


mem[X,0x80017BE0] -> 0x5537
mem[X,0x80017BE2] -> 0xFFFF
[2220] [M]: 0x80017BE0 (0xFFFF5537) lui a0, 1048565
x10 <- 0xFFFF5000


mem[X,0x80017BE4] -> 0x0513
mem[X,0x80017BE6] -> 0xAFC5
[2221] [M]: 0x80017BE4 (0xAFC50513) addi a0, a0, 2812
x10 <- 0xFFFF4AFC


mem[X,0x80017BE8] -> 0x0593
mem[X,0x80017BEA] -> 0x0030
[2222] [M]: 0x80017BE8 (0x00300593) addi a1, zero, 3
x11 <- 0x00000003


mem[X,0x80017BEC] -> 0x0613
mem[X,0x80017BEE] -> 0x0000
[2223] [M]: 0x80017BEC (0x00000613) addi a2, zero, 0
x12 <- 0x00000000


mem[X,0x80017BF0] -> 0x006F
mem[X,0x80017BF2] -> 0x00C0
[2224] [M]: 0x80017BF0 (0x00C0006F) jal zero, 12


mem[X,0x80017BFC] -> 0x5063
mem[X,0x80017BFE] -> 0x02B5
[2225] [M]: 0x80017BFC (0x02B55063) bge a0, a1, 32


mem[X,0x80017C00] -> 0x0613
mem[X,0x80017C02] -> 0x0026
[2226] [M]: 0x80017C00 (0x00260613) addi a2, a2, 2
x12 <- 0x00000002


mem[X,0x80017C04] -> 0x006F
mem[X,0x80017C06] -> 0x0200
[2227] [M]: 0x80017C04 (0x0200006F) jal zero, 32


mem[X,0x80017C24] -> 0x2023
mem[X,0x80017C26] -> 0x36C2
[2228] [M]: 0x80017C24 (0x36C22023) sw a2, 864(tp)
mem[0x8003A5C8] <- 0x00000002


mem[X,0x80017C28] -> 0x5537
mem[X,0x80017C2A] -> 0xFFFF
[2229] [M]: 0x80017C28 (0xFFFF5537) lui a0, 1048565
x10 <- 0xFFFF5000


mem[X,0x80017C2C] -> 0x0513
mem[X,0x80017C2E] -> 0xAFC5
[2230] [M]: 0x80017C2C (0xAFC50513) addi a0, a0, 2812
x10 <- 0xFFFF4AFC


mem[X,0x80017C30] -> 0x55B7
mem[X,0x80017C32] -> 0x5555
[2231] [M]: 0x80017C30 (0x555555B7) lui a1, 349525
x11 <- 0x55555000


mem[X,0x80017C34] -> 0x8593
mem[X,0x80017C36] -> 0x5555
[2232] [M]: 0x80017C34 (0x55558593) addi a1, a1, 1365
x11 <- 0x55555555


mem[X,0x80017C38] -> 0x0613
mem[X,0x80017C3A] -> 0x0000
[2233] [M]: 0x80017C38 (0x00000613) addi a2, zero, 0
x12 <- 0x00000000


mem[X,0x80017C3C] -> 0x006F
mem[X,0x80017C3E] -> 0x00C0
[2234] [M]: 0x80017C3C (0x00C0006F) jal zero, 12


mem[X,0x80017C48] -> 0x5663
mem[X,0x80017C4A] -> 0x00B5
[2235] [M]: 0x80017C48 (0x00B55663) bge a0, a1, 12


mem[X,0x80017C4C] -> 0x0613
mem[X,0x80017C4E] -> 0x0026
[2236] [M]: 0x80017C4C (0x00260613) addi a2, a2, 2
x12 <- 0x00000002


mem[X,0x80017C50] -> 0x006F
mem[X,0x80017C52] -> 0x00C0
[2237] [M]: 0x80017C50 (0x00C0006F) jal zero, 12


mem[X,0x80017C5C] -> 0x2223
mem[X,0x80017C5E] -> 0x36C2
[2238] [M]: 0x80017C5C (0x36C22223) sw a2, 868(tp)
mem[0x8003A5CC] <- 0x00000002


mem[X,0x80017C60] -> 0x5537
mem[X,0x80017C62] -> 0xFFFF
[2239] [M]: 0x80017C60 (0xFFFF5537) lui a0, 1048565
x10 <- 0xFFFF5000


mem[X,0x80017C64] -> 0x0513
mem[X,0x80017C66] -> 0xAFC5
[2240] [M]: 0x80017C64 (0xAFC50513) addi a0, a0, 2812
x10 <- 0xFFFF4AFC


mem[X,0x80017C68] -> 0xB5B7
mem[X,0x80017C6A] -> 0xAAAA
[2241] [M]: 0x80017C68 (0xAAAAB5B7) lui a1, 699051
x11 <- 0xAAAAB000


mem[X,0x80017C6C] -> 0x8593
mem[X,0x80017C6E] -> 0xAAA5
[2242] [M]: 0x80017C6C (0xAAA58593) addi a1, a1, 2730
x11 <- 0xAAAAAAAA


mem[X,0x80017C70] -> 0x0613
mem[X,0x80017C72] -> 0x0000
[2243] [M]: 0x80017C70 (0x00000613) addi a2, zero, 0
x12 <- 0x00000000


mem[X,0x80017C74] -> 0x006F
mem[X,0x80017C76] -> 0x2B10
[2244] [M]: 0x80017C74 (0x2B10006F) jal zero, 2736


mem[X,0x80018724] -> 0x5A63
mem[X,0x80018726] -> 0xD4B5
[2245] [M]: 0x80018724 (0xD4B55A63) bge a0, a1, 5460


mem[X,0x80017C78] -> 0x0613
mem[X,0x80017C7A] -> 0x0016
[2246] [M]: 0x80017C78 (0x00160613) addi a2, a2, 1
x12 <- 0x00000001


mem[X,0x80017C7C] -> 0x006F
mem[X,0x80017C7E] -> 0x2BD0
[2247] [M]: 0x80017C7C (0x2BD0006F) jal zero, 2748


mem[X,0x80018738] -> 0x2423
mem[X,0x8001873A] -> 0x36C2
[2248] [M]: 0x80018738 (0x36C22423) sw a2, 872(tp)
mem[0x8003A5D0] <- 0x00000001


mem[X,0x8001873C] -> 0x5537
mem[X,0x8001873E] -> 0xFFFF
[2249] [M]: 0x8001873C (0xFFFF5537) lui a0, 1048565
x10 <- 0xFFFF5000


mem[X,0x80018740] -> 0x0513
mem[X,0x80018742] -> 0xAFC5
[2250] [M]: 0x80018740 (0xAFC50513) addi a0, a0, 2812
x10 <- 0xFFFF4AFC


mem[X,0x80018744] -> 0x0593
mem[X,0x80018746] -> 0x0050
[2251] [M]: 0x80018744 (0x00500593) addi a1, zero, 5
x11 <- 0x00000005


mem[X,0x80018748] -> 0x0613
mem[X,0x8001874A] -> 0x0000
[2252] [M]: 0x80018748 (0x00000613) addi a2, zero, 0
x12 <- 0x00000000


mem[X,0x8001874C] -> 0x006F
mem[X,0x8001874E] -> 0x0180
[2253] [M]: 0x8001874C (0x0180006F) jal zero, 24


mem[X,0x80018764] -> 0x56E3
mem[X,0x80018766] -> 0xFEB5
[2254] [M]: 0x80018764 (0xFEB556E3) bge a0, a1, 8172


mem[X,0x80018768] -> 0x0613
mem[X,0x8001876A] -> 0x0026
[2255] [M]: 0x80018768 (0x00260613) addi a2, a2, 2
x12 <- 0x00000002


mem[X,0x8001876C] -> 0x006F
mem[X,0x8001876E] -> 0x00C0
[2256] [M]: 0x8001876C (0x00C0006F) jal zero, 12


mem[X,0x80018778] -> 0x2623
mem[X,0x8001877A] -> 0x36C2
[2257] [M]: 0x80018778 (0x36C22623) sw a2, 876(tp)
mem[0x8003A5D4] <- 0x00000002


mem[X,0x8001877C] -> 0x5537
mem[X,0x8001877E] -> 0xFFFF
[2258] [M]: 0x8001877C (0xFFFF5537) lui a0, 1048565
x10 <- 0xFFFF5000


mem[X,0x80018780] -> 0x0513
mem[X,0x80018782] -> 0xAFC5
[2259] [M]: 0x80018780 (0xAFC50513) addi a0, a0, 2812
x10 <- 0xFFFF4AFC


mem[X,0x80018784] -> 0x35B7
mem[X,0x80018786] -> 0x3333
[2260] [M]: 0x80018784 (0x333335B7) lui a1, 209715
x11 <- 0x33333000


mem[X,0x80018788] -> 0x8593
mem[X,0x8001878A] -> 0x3335
[2261] [M]: 0x80018788 (0x33358593) addi a1, a1, 819
x11 <- 0x33333333


mem[X,0x8001878C] -> 0x0613
mem[X,0x8001878E] -> 0x0000
[2262] [M]: 0x8001878C (0x00000613) addi a2, zero, 0
x12 <- 0x00000000


mem[X,0x80018790] -> 0x006F
mem[X,0x80018792] -> 0x0050
[2263] [M]: 0x80018790 (0x0050006F) jal zero, 2052


mem[X,0x80018F94] -> 0x50E3
mem[X,0x80018F96] -> 0x80B5
[2264] [M]: 0x80018F94 (0x80B550E3) bge a0, a1, 6144


mem[X,0x80018F98] -> 0x0613
mem[X,0x80018F9A] -> 0x0026
[2265] [M]: 0x80018F98 (0x00260613) addi a2, a2, 2
x12 <- 0x00000002


mem[X,0x80018F9C] -> 0x006F
mem[X,0x80018F9E] -> 0x00C0
[2266] [M]: 0x80018F9C (0x00C0006F) jal zero, 12


mem[X,0x80018FA8] -> 0x2823
mem[X,0x80018FAA] -> 0x36C2
[2267] [M]: 0x80018FA8 (0x36C22823) sw a2, 880(tp)
mem[0x8003A5D8] <- 0x00000002


mem[X,0x80018FAC] -> 0x5537
mem[X,0x80018FAE] -> 0xFFFF
[2268] [M]: 0x80018FAC (0xFFFF5537) lui a0, 1048565
x10 <- 0xFFFF5000


mem[X,0x80018FB0] -> 0x0513
mem[X,0x80018FB2] -> 0xAFC5
[2269] [M]: 0x80018FB0 (0xAFC50513) addi a0, a0, 2812
x10 <- 0xFFFF4AFC


mem[X,0x80018FB4] -> 0x65B7
mem[X,0x80018FB6] -> 0x6666
[2270] [M]: 0x80018FB4 (0x666665B7) lui a1, 419430
x11 <- 0x66666000


mem[X,0x80018FB8] -> 0x8593
mem[X,0x80018FBA] -> 0x6665
[2271] [M]: 0x80018FB8 (0x66658593) addi a1, a1, 1638
x11 <- 0x66666666


mem[X,0x80018FBC] -> 0x0613
mem[X,0x80018FBE] -> 0x0000
[2272] [M]: 0x80018FBC (0x00000613) addi a2, zero, 0
x12 <- 0x00000000


mem[X,0x80018FC0] -> 0x006F
mem[X,0x80018FC2] -> 0x00C0
[2273] [M]: 0x80018FC0 (0x00C0006F) jal zero, 12


mem[X,0x80018FCC] -> 0x5863
mem[X,0x80018FCE] -> 0x00B5
[2274] [M]: 0x80018FCC (0x00B55863) bge a0, a1, 16


mem[X,0x80018FD0] -> 0x0613
mem[X,0x80018FD2] -> 0x0026
[2275] [M]: 0x80018FD0 (0x00260613) addi a2, a2, 2
x12 <- 0x00000002


mem[X,0x80018FD4] -> 0x006F
mem[X,0x80018FD6] -> 0x0100
[2276] [M]: 0x80018FD4 (0x0100006F) jal zero, 16


mem[X,0x80018FE4] -> 0x2A23
mem[X,0x80018FE6] -> 0x36C2
[2277] [M]: 0x80018FE4 (0x36C22A23) sw a2, 884(tp)
mem[0x8003A5DC] <- 0x00000002


mem[X,0x80018FE8] -> 0x5537
mem[X,0x80018FEA] -> 0xFFFF
[2278] [M]: 0x80018FE8 (0xFFFF5537) lui a0, 1048565
x10 <- 0xFFFF5000


mem[X,0x80018FEC] -> 0x0513
mem[X,0x80018FEE] -> 0xAFC5
[2279] [M]: 0x80018FEC (0xAFC50513) addi a0, a0, 2812
x10 <- 0xFFFF4AFC


mem[X,0x80018FF0] -> 0x55B7
mem[X,0x80018FF2] -> 0xFFFF
[2280] [M]: 0x80018FF0 (0xFFFF55B7) lui a1, 1048565
x11 <- 0xFFFF5000


mem[X,0x80018FF4] -> 0x8593
mem[X,0x80018FF6] -> 0xAFC5
[2281] [M]: 0x80018FF4 (0xAFC58593) addi a1, a1, 2812
x11 <- 0xFFFF4AFC


mem[X,0x80018FF8] -> 0x0613
mem[X,0x80018FFA] -> 0x0000
[2282] [M]: 0x80018FF8 (0x00000613) addi a2, zero, 0
x12 <- 0x00000000


mem[X,0x80018FFC] -> 0x006F
mem[X,0x80018FFE] -> 0x0050
[2283] [M]: 0x80018FFC (0x0050006F) jal zero, 2052


mem[X,0x80019800] -> 0x50E3
mem[X,0x80019802] -> 0x80B5
[2284] [M]: 0x80019800 (0x80B550E3) bge a0, a1, 6144


mem[X,0x80019000] -> 0x0613
mem[X,0x80019002] -> 0x0016
[2285] [M]: 0x80019000 (0x00160613) addi a2, a2, 1
x12 <- 0x00000001


mem[X,0x80019004] -> 0x006F
mem[X,0x80019006] -> 0x0110
[2286] [M]: 0x80019004 (0x0110006F) jal zero, 2064


mem[X,0x80019814] -> 0x2C23
mem[X,0x80019816] -> 0x36C2
[2287] [M]: 0x80019814 (0x36C22C23) sw a2, 888(tp)
mem[0x8003A5E0] <- 0x00000001


mem[X,0x80019818] -> 0x5537
mem[X,0x8001981A] -> 0xFFFF
[2288] [M]: 0x80019818 (0xFFFF5537) lui a0, 1048565
x10 <- 0xFFFF5000


mem[X,0x8001981C] -> 0x0513
mem[X,0x8001981E] -> 0xAFC5
[2289] [M]: 0x8001981C (0xAFC50513) addi a0, a0, 2812
x10 <- 0xFFFF4AFC


mem[X,0x80019820] -> 0xB5B7
mem[X,0x80019822] -> 0x0000
[2290] [M]: 0x80019820 (0x0000B5B7) lui a1, 11
x11 <- 0x0000B000


mem[X,0x80019824] -> 0x8593
mem[X,0x80019826] -> 0x5045
[2291] [M]: 0x80019824 (0x50458593) addi a1, a1, 1284
x11 <- 0x0000B504


mem[X,0x80019828] -> 0x0613
mem[X,0x8001982A] -> 0x0000
[2292] [M]: 0x80019828 (0x00000613) addi a2, zero, 0
x12 <- 0x00000000


mem[X,0x8001982C] -> 0x006F
mem[X,0x8001982E] -> 0x0050
[2293] [M]: 0x8001982C (0x0050006F) jal zero, 2052


mem[X,0x8001A030] -> 0x50E3
mem[X,0x8001A032] -> 0x80B5
[2294] [M]: 0x8001A030 (0x80B550E3) bge a0, a1, 6144


mem[X,0x8001A034] -> 0x0613
mem[X,0x8001A036] -> 0x0026
[2295] [M]: 0x8001A034 (0x00260613) addi a2, a2, 2
x12 <- 0x00000002


mem[X,0x8001A038] -> 0x006F
mem[X,0x8001A03A] -> 0x00C0
[2296] [M]: 0x8001A038 (0x00C0006F) jal zero, 12


mem[X,0x8001A044] -> 0x2E23
mem[X,0x8001A046] -> 0x36C2
[2297] [M]: 0x8001A044 (0x36C22E23) sw a2, 892(tp)
mem[0x8003A5E4] <- 0x00000002


mem[X,0x8001A048] -> 0x5537
mem[X,0x8001A04A] -> 0xFFFF
[2298] [M]: 0x8001A048 (0xFFFF5537) lui a0, 1048565
x10 <- 0xFFFF5000


mem[X,0x8001A04C] -> 0x0513
mem[X,0x8001A04E] -> 0xAFC5
[2299] [M]: 0x8001A04C (0xAFC50513) addi a0, a0, 2812
x10 <- 0xFFFF4AFC


clint::tick mtime <- 0x0000000000000017
 clint timer pending at mtime 0x0000000000000017
htif::tick 0x0000000000000000
mem[X,0x8001A050] -> 0x0593
mem[X,0x8001A052] -> 0x0020
[2300] [M]: 0x8001A050 (0x00200593) addi a1, zero, 2
x11 <- 0x00000002


mem[X,0x8001A054] -> 0x0613
mem[X,0x8001A056] -> 0x0000
[2301] [M]: 0x8001A054 (0x00000613) addi a2, zero, 0
x12 <- 0x00000000


mem[X,0x8001A058] -> 0x006F
mem[X,0x8001A05A] -> 0x00C0
[2302] [M]: 0x8001A058 (0x00C0006F) jal zero, 12


mem[X,0x8001A064] -> 0x5663
mem[X,0x8001A066] -> 0x00B5
[2303] [M]: 0x8001A064 (0x00B55663) bge a0, a1, 12


mem[X,0x8001A068] -> 0x0613
mem[X,0x8001A06A] -> 0x0026
[2304] [M]: 0x8001A068 (0x00260613) addi a2, a2, 2
x12 <- 0x00000002


mem[X,0x8001A06C] -> 0x006F
mem[X,0x8001A06E] -> 0x00C0
[2305] [M]: 0x8001A06C (0x00C0006F) jal zero, 12


mem[X,0x8001A078] -> 0x2023
mem[X,0x8001A07A] -> 0x38C2
[2306] [M]: 0x8001A078 (0x38C22023) sw a2, 896(tp)
mem[0x8003A5E8] <- 0x00000002


mem[X,0x8001A07C] -> 0x5537
mem[X,0x8001A07E] -> 0xFFFF
[2307] [M]: 0x8001A07C (0xFFFF5537) lui a0, 1048565
x10 <- 0xFFFF5000


mem[X,0x8001A080] -> 0x0513
mem[X,0x8001A082] -> 0xAFC5
[2308] [M]: 0x8001A080 (0xAFC50513) addi a0, a0, 2812
x10 <- 0xFFFF4AFC


mem[X,0x8001A084] -> 0x55B7
mem[X,0x8001A086] -> 0x5555
[2309] [M]: 0x8001A084 (0x555555B7) lui a1, 349525
x11 <- 0x55555000


mem[X,0x8001A088] -> 0x8593
mem[X,0x8001A08A] -> 0x5545
[2310] [M]: 0x8001A088 (0x55458593) addi a1, a1, 1364
x11 <- 0x55555554


mem[X,0x8001A08C] -> 0x0613
mem[X,0x8001A08E] -> 0x0000
[2311] [M]: 0x8001A08C (0x00000613) addi a2, zero, 0
x12 <- 0x00000000


mem[X,0x8001A090] -> 0x006F
mem[X,0x8001A092] -> 0x00C0
[2312] [M]: 0x8001A090 (0x00C0006F) jal zero, 12


mem[X,0x8001A09C] -> 0x5863
mem[X,0x8001A09E] -> 0x00B5
[2313] [M]: 0x8001A09C (0x00B55863) bge a0, a1, 16


mem[X,0x8001A0A0] -> 0x0613
mem[X,0x8001A0A2] -> 0x0026
[2314] [M]: 0x8001A0A0 (0x00260613) addi a2, a2, 2
x12 <- 0x00000002


mem[X,0x8001A0A4] -> 0x006F
mem[X,0x8001A0A6] -> 0x0100
[2315] [M]: 0x8001A0A4 (0x0100006F) jal zero, 16


mem[X,0x8001A0B4] -> 0x2223
mem[X,0x8001A0B6] -> 0x38C2
[2316] [M]: 0x8001A0B4 (0x38C22223) sw a2, 900(tp)
mem[0x8003A5EC] <- 0x00000002


mem[X,0x8001A0B8] -> 0x5537
mem[X,0x8001A0BA] -> 0xFFFF
[2317] [M]: 0x8001A0B8 (0xFFFF5537) lui a0, 1048565
x10 <- 0xFFFF5000


mem[X,0x8001A0BC] -> 0x0513
mem[X,0x8001A0BE] -> 0xAFC5
[2318] [M]: 0x8001A0BC (0xAFC50513) addi a0, a0, 2812
x10 <- 0xFFFF4AFC


mem[X,0x8001A0C0] -> 0x0593
mem[X,0x8001A0C2] -> 0x0000
[2319] [M]: 0x8001A0C0 (0x00000593) addi a1, zero, 0
x11 <- 0x00000000


mem[X,0x8001A0C4] -> 0x0613
mem[X,0x8001A0C6] -> 0x0000
[2320] [M]: 0x8001A0C4 (0x00000613) addi a2, zero, 0
x12 <- 0x00000000


mem[X,0x8001A0C8] -> 0x006F
mem[X,0x8001A0CA] -> 0x00C0
[2321] [M]: 0x8001A0C8 (0x00C0006F) jal zero, 12


mem[X,0x8001A0D4] -> 0x5063
mem[X,0x8001A0D6] -> 0x02B5
[2322] [M]: 0x8001A0D4 (0x02B55063) bge a0, a1, 32


mem[X,0x8001A0D8] -> 0x0613
mem[X,0x8001A0DA] -> 0x0026
[2323] [M]: 0x8001A0D8 (0x00260613) addi a2, a2, 2
x12 <- 0x00000002


mem[X,0x8001A0DC] -> 0x006F
mem[X,0x8001A0DE] -> 0x0200
[2324] [M]: 0x8001A0DC (0x0200006F) jal zero, 32


mem[X,0x8001A0FC] -> 0x2423
mem[X,0x8001A0FE] -> 0x38C2
[2325] [M]: 0x8001A0FC (0x38C22423) sw a2, 904(tp)
mem[0x8003A5F0] <- 0x00000002


mem[X,0x8001A100] -> 0x5537
mem[X,0x8001A102] -> 0xFFFF
[2326] [M]: 0x8001A100 (0xFFFF5537) lui a0, 1048565
x10 <- 0xFFFF5000


mem[X,0x8001A104] -> 0x0513
mem[X,0x8001A106] -> 0xAFC5
[2327] [M]: 0x8001A104 (0xAFC50513) addi a0, a0, 2812
x10 <- 0xFFFF4AFC


mem[X,0x8001A108] -> 0x0593
mem[X,0x8001A10A] -> 0x0040
[2328] [M]: 0x8001A108 (0x00400593) addi a1, zero, 4
x11 <- 0x00000004


mem[X,0x8001A10C] -> 0x0613
mem[X,0x8001A10E] -> 0x0000
[2329] [M]: 0x8001A10C (0x00000613) addi a2, zero, 0
x12 <- 0x00000000


mem[X,0x8001A110] -> 0x006F
mem[X,0x8001A112] -> 0x0180
[2330] [M]: 0x8001A110 (0x0180006F) jal zero, 24


mem[X,0x8001A128] -> 0x56E3
mem[X,0x8001A12A] -> 0xFEB5
[2331] [M]: 0x8001A128 (0xFEB556E3) bge a0, a1, 8172


mem[X,0x8001A12C] -> 0x0613
mem[X,0x8001A12E] -> 0x0026
[2332] [M]: 0x8001A12C (0x00260613) addi a2, a2, 2
x12 <- 0x00000002


mem[X,0x8001A130] -> 0x006F
mem[X,0x8001A132] -> 0x00C0
[2333] [M]: 0x8001A130 (0x00C0006F) jal zero, 12


mem[X,0x8001A13C] -> 0x2623
mem[X,0x8001A13E] -> 0x38C2
[2334] [M]: 0x8001A13C (0x38C22623) sw a2, 908(tp)
mem[0x8003A5F4] <- 0x00000002


mem[X,0x8001A140] -> 0x5537
mem[X,0x8001A142] -> 0xFFFF
[2335] [M]: 0x8001A140 (0xFFFF5537) lui a0, 1048565
x10 <- 0xFFFF5000


mem[X,0x8001A144] -> 0x0513
mem[X,0x8001A146] -> 0xAFC5
[2336] [M]: 0x8001A144 (0xAFC50513) addi a0, a0, 2812
x10 <- 0xFFFF4AFC


mem[X,0x8001A148] -> 0x35B7
mem[X,0x8001A14A] -> 0x3333
[2337] [M]: 0x8001A148 (0x333335B7) lui a1, 209715
x11 <- 0x33333000


mem[X,0x8001A14C] -> 0x8593
mem[X,0x8001A14E] -> 0x3325
[2338] [M]: 0x8001A14C (0x33258593) addi a1, a1, 818
x11 <- 0x33333332


mem[X,0x8001A150] -> 0x0613
mem[X,0x8001A152] -> 0x0000
[2339] [M]: 0x8001A150 (0x00000613) addi a2, zero, 0
x12 <- 0x00000000


mem[X,0x8001A154] -> 0x006F
mem[X,0x8001A156] -> 0x0050
[2340] [M]: 0x8001A154 (0x0050006F) jal zero, 2052


mem[X,0x8001A958] -> 0x50E3
mem[X,0x8001A95A] -> 0x80B5
[2341] [M]: 0x8001A958 (0x80B550E3) bge a0, a1, 6144


mem[X,0x8001A95C] -> 0x0613
mem[X,0x8001A95E] -> 0x0026
[2342] [M]: 0x8001A95C (0x00260613) addi a2, a2, 2
x12 <- 0x00000002


mem[X,0x8001A960] -> 0x006F
mem[X,0x8001A962] -> 0x00C0
[2343] [M]: 0x8001A960 (0x00C0006F) jal zero, 12


mem[X,0x8001A96C] -> 0x2823
mem[X,0x8001A96E] -> 0x38C2
[2344] [M]: 0x8001A96C (0x38C22823) sw a2, 912(tp)
mem[0x8003A5F8] <- 0x00000002


mem[X,0x8001A970] -> 0x5537
mem[X,0x8001A972] -> 0xFFFF
[2345] [M]: 0x8001A970 (0xFFFF5537) lui a0, 1048565
x10 <- 0xFFFF5000


mem[X,0x8001A974] -> 0x0513
mem[X,0x8001A976] -> 0xAFC5
[2346] [M]: 0x8001A974 (0xAFC50513) addi a0, a0, 2812
x10 <- 0xFFFF4AFC


mem[X,0x8001A978] -> 0x65B7
mem[X,0x8001A97A] -> 0x6666
[2347] [M]: 0x8001A978 (0x666665B7) lui a1, 419430
x11 <- 0x66666000


mem[X,0x8001A97C] -> 0x8593
mem[X,0x8001A97E] -> 0x6655
[2348] [M]: 0x8001A97C (0x66558593) addi a1, a1, 1637
x11 <- 0x66666665


mem[X,0x8001A980] -> 0x0613
mem[X,0x8001A982] -> 0x0000
[2349] [M]: 0x8001A980 (0x00000613) addi a2, zero, 0
x12 <- 0x00000000


mem[X,0x8001A984] -> 0x006F
mem[X,0x8001A986] -> 0x00C0
[2350] [M]: 0x8001A984 (0x00C0006F) jal zero, 12


mem[X,0x8001A990] -> 0x5063
mem[X,0x8001A992] -> 0x08B5
[2351] [M]: 0x8001A990 (0x08B55063) bge a0, a1, 128


mem[X,0x8001A994] -> 0x0613
mem[X,0x8001A996] -> 0x0026
[2352] [M]: 0x8001A994 (0x00260613) addi a2, a2, 2
x12 <- 0x00000002


mem[X,0x8001A998] -> 0x006F
mem[X,0x8001A99A] -> 0x0800
[2353] [M]: 0x8001A998 (0x0800006F) jal zero, 128


mem[X,0x8001AA18] -> 0x2A23
mem[X,0x8001AA1A] -> 0x38C2
[2354] [M]: 0x8001AA18 (0x38C22A23) sw a2, 916(tp)
mem[0x8003A5FC] <- 0x00000002


mem[X,0x8001AA1C] -> 0x5537
mem[X,0x8001AA1E] -> 0xFFFF
[2355] [M]: 0x8001AA1C (0xFFFF5537) lui a0, 1048565
x10 <- 0xFFFF5000


mem[X,0x8001AA20] -> 0x0513
mem[X,0x8001AA22] -> 0xAFC5
[2356] [M]: 0x8001AA20 (0xAFC50513) addi a0, a0, 2812
x10 <- 0xFFFF4AFC


mem[X,0x8001AA24] -> 0xB5B7
mem[X,0x8001AA26] -> 0x0000
[2357] [M]: 0x8001AA24 (0x0000B5B7) lui a1, 11
x11 <- 0x0000B000


mem[X,0x8001AA28] -> 0x8593
mem[X,0x8001AA2A] -> 0x5035
[2358] [M]: 0x8001AA28 (0x50358593) addi a1, a1, 1283
x11 <- 0x0000B503


mem[X,0x8001AA2C] -> 0x0613
mem[X,0x8001AA2E] -> 0x0000
[2359] [M]: 0x8001AA2C (0x00000613) addi a2, zero, 0
x12 <- 0x00000000


mem[X,0x8001AA30] -> 0x006F
mem[X,0x8001AA32] -> 0x00C0
[2360] [M]: 0x8001AA30 (0x00C0006F) jal zero, 12


mem[X,0x8001AA3C] -> 0x5663
mem[X,0x8001AA3E] -> 0x00B5
[2361] [M]: 0x8001AA3C (0x00B55663) bge a0, a1, 12


mem[X,0x8001AA40] -> 0x0613
mem[X,0x8001AA42] -> 0x0026
[2362] [M]: 0x8001AA40 (0x00260613) addi a2, a2, 2
x12 <- 0x00000002


mem[X,0x8001AA44] -> 0x006F
mem[X,0x8001AA46] -> 0x00C0
[2363] [M]: 0x8001AA44 (0x00C0006F) jal zero, 12


mem[X,0x8001AA50] -> 0x2C23
mem[X,0x8001AA52] -> 0x38C2
[2364] [M]: 0x8001AA50 (0x38C22C23) sw a2, 920(tp)
mem[0x8003A600] <- 0x00000002


mem[X,0x8001AA54] -> 0x5537
mem[X,0x8001AA56] -> 0xFFFF
[2365] [M]: 0x8001AA54 (0xFFFF5537) lui a0, 1048565
x10 <- 0xFFFF5000


mem[X,0x8001AA58] -> 0x0513
mem[X,0x8001AA5A] -> 0xAFC5
[2366] [M]: 0x8001AA58 (0xAFC50513) addi a0, a0, 2812
x10 <- 0xFFFF4AFC


mem[X,0x8001AA5C] -> 0x55B7
mem[X,0x8001AA5E] -> 0x5555
[2367] [M]: 0x8001AA5C (0x555555B7) lui a1, 349525
x11 <- 0x55555000


mem[X,0x8001AA60] -> 0x8593
mem[X,0x8001AA62] -> 0x5565
[2368] [M]: 0x8001AA60 (0x55658593) addi a1, a1, 1366
x11 <- 0x55555556


mem[X,0x8001AA64] -> 0x0613
mem[X,0x8001AA66] -> 0x0000
[2369] [M]: 0x8001AA64 (0x00000613) addi a2, zero, 0
x12 <- 0x00000000


mem[X,0x8001AA68] -> 0x006F
mem[X,0x8001AA6A] -> 0x0140
[2370] [M]: 0x8001AA68 (0x0140006F) jal zero, 20


mem[X,0x8001AA7C] -> 0x58E3
mem[X,0x8001AA7E] -> 0xFEB5
[2371] [M]: 0x8001AA7C (0xFEB558E3) bge a0, a1, 8176


mem[X,0x8001AA80] -> 0x0613
mem[X,0x8001AA82] -> 0x0026
[2372] [M]: 0x8001AA80 (0x00260613) addi a2, a2, 2
x12 <- 0x00000002


mem[X,0x8001AA84] -> 0x006F
mem[X,0x8001AA86] -> 0x00C0
[2373] [M]: 0x8001AA84 (0x00C0006F) jal zero, 12


mem[X,0x8001AA90] -> 0x2E23
mem[X,0x8001AA92] -> 0x38C2
[2374] [M]: 0x8001AA90 (0x38C22E23) sw a2, 924(tp)
mem[0x8003A604] <- 0x00000002


mem[X,0x8001AA94] -> 0x5537
mem[X,0x8001AA96] -> 0xFFFF
[2375] [M]: 0x8001AA94 (0xFFFF5537) lui a0, 1048565
x10 <- 0xFFFF5000


mem[X,0x8001AA98] -> 0x0513
mem[X,0x8001AA9A] -> 0xAFC5
[2376] [M]: 0x8001AA98 (0xAFC50513) addi a0, a0, 2812
x10 <- 0xFFFF4AFC


mem[X,0x8001AA9C] -> 0xB5B7
mem[X,0x8001AA9E] -> 0xAAAA
[2377] [M]: 0x8001AA9C (0xAAAAB5B7) lui a1, 699051
x11 <- 0xAAAAB000


mem[X,0x8001AAA0] -> 0x8593
mem[X,0x8001AAA2] -> 0xAAB5
[2378] [M]: 0x8001AAA0 (0xAAB58593) addi a1, a1, 2731
x11 <- 0xAAAAAAAB


mem[X,0x8001AAA4] -> 0x0613
mem[X,0x8001AAA6] -> 0x0000
[2379] [M]: 0x8001AAA4 (0x00000613) addi a2, zero, 0
x12 <- 0x00000000


mem[X,0x8001AAA8] -> 0x006F
mem[X,0x8001AAAA] -> 0x00C0
[2380] [M]: 0x8001AAA8 (0x00C0006F) jal zero, 12


mem[X,0x8001AAB4] -> 0x5063
mem[X,0x8001AAB6] -> 0x04B5
[2381] [M]: 0x8001AAB4 (0x04B55063) bge a0, a1, 64


mem[X,0x8001AAF4] -> 0x0613
mem[X,0x8001AAF6] -> 0x0036
[2382] [M]: 0x8001AAF4 (0x00360613) addi a2, a2, 3
x12 <- 0x00000003


mem[X,0x8001AAF8] -> 0x006F
mem[X,0x8001AAFA] -> 0x0040
[2383] [M]: 0x8001AAF8 (0x0040006F) jal zero, 4


mem[X,0x8001AAFC] -> 0x2023
mem[X,0x8001AAFE] -> 0x3AC2
[2384] [M]: 0x8001AAFC (0x3AC22023) sw a2, 928(tp)
mem[0x8003A608] <- 0x00000003


mem[X,0x8001AB00] -> 0x5537
mem[X,0x8001AB02] -> 0xFFFF
[2385] [M]: 0x8001AB00 (0xFFFF5537) lui a0, 1048565
x10 <- 0xFFFF5000


mem[X,0x8001AB04] -> 0x0513
mem[X,0x8001AB06] -> 0xAFC5
[2386] [M]: 0x8001AB04 (0xAFC50513) addi a0, a0, 2812
x10 <- 0xFFFF4AFC


mem[X,0x8001AB08] -> 0x0593
mem[X,0x8001AB0A] -> 0x0060
[2387] [M]: 0x8001AB08 (0x00600593) addi a1, zero, 6
x11 <- 0x00000006


mem[X,0x8001AB0C] -> 0x0613
mem[X,0x8001AB0E] -> 0x0000
[2388] [M]: 0x8001AB0C (0x00000613) addi a2, zero, 0
x12 <- 0x00000000


mem[X,0x8001AB10] -> 0x006F
mem[X,0x8001AB12] -> 0x00C0
[2389] [M]: 0x8001AB10 (0x00C0006F) jal zero, 12


mem[X,0x8001AB1C] -> 0x5063
mem[X,0x8001AB1E] -> 0x40B5
[2390] [M]: 0x8001AB1C (0x40B55063) bge a0, a1, 1024


mem[X,0x8001AB20] -> 0x0613
mem[X,0x8001AB22] -> 0x0026
[2391] [M]: 0x8001AB20 (0x00260613) addi a2, a2, 2
x12 <- 0x00000002


mem[X,0x8001AB24] -> 0x006F
mem[X,0x8001AB26] -> 0x4000
[2392] [M]: 0x8001AB24 (0x4000006F) jal zero, 1024


mem[X,0x8001AF24] -> 0x2223
mem[X,0x8001AF26] -> 0x3AC2
[2393] [M]: 0x8001AF24 (0x3AC22223) sw a2, 932(tp)
mem[0x8003A60C] <- 0x00000002


mem[X,0x8001AF28] -> 0x5537
mem[X,0x8001AF2A] -> 0xFFFF
[2394] [M]: 0x8001AF28 (0xFFFF5537) lui a0, 1048565
x10 <- 0xFFFF5000


mem[X,0x8001AF2C] -> 0x0513
mem[X,0x8001AF2E] -> 0xAFC5
[2395] [M]: 0x8001AF2C (0xAFC50513) addi a0, a0, 2812
x10 <- 0xFFFF4AFC


mem[X,0x8001AF30] -> 0x35B7
mem[X,0x8001AF32] -> 0x3333
[2396] [M]: 0x8001AF30 (0x333335B7) lui a1, 209715
x11 <- 0x33333000


mem[X,0x8001AF34] -> 0x8593
mem[X,0x8001AF36] -> 0x3345
[2397] [M]: 0x8001AF34 (0x33458593) addi a1, a1, 820
x11 <- 0x33333334


mem[X,0x8001AF38] -> 0x0613
mem[X,0x8001AF3A] -> 0x0000
[2398] [M]: 0x8001AF38 (0x00000613) addi a2, zero, 0
x12 <- 0x00000000


mem[X,0x8001AF3C] -> 0x006F
mem[X,0x8001AF3E] -> 0x00C0
[2399] [M]: 0x8001AF3C (0x00C0006F) jal zero, 12


clint::tick mtime <- 0x0000000000000018
 clint timer pending at mtime 0x0000000000000018
htif::tick 0x0000000000000000
mem[X,0x8001AF48] -> 0x5663
mem[X,0x8001AF4A] -> 0x00B5
[2400] [M]: 0x8001AF48 (0x00B55663) bge a0, a1, 12


mem[X,0x8001AF4C] -> 0x0613
mem[X,0x8001AF4E] -> 0x0026
[2401] [M]: 0x8001AF4C (0x00260613) addi a2, a2, 2
x12 <- 0x00000002


mem[X,0x8001AF50] -> 0x006F
mem[X,0x8001AF52] -> 0x00C0
[2402] [M]: 0x8001AF50 (0x00C0006F) jal zero, 12


mem[X,0x8001AF5C] -> 0x2423
mem[X,0x8001AF5E] -> 0x3AC2
[2403] [M]: 0x8001AF5C (0x3AC22423) sw a2, 936(tp)
mem[0x8003A610] <- 0x00000002


mem[X,0x8001AF60] -> 0x5537
mem[X,0x8001AF62] -> 0xFFFF
[2404] [M]: 0x8001AF60 (0xFFFF5537) lui a0, 1048565
x10 <- 0xFFFF5000


mem[X,0x8001AF64] -> 0x0513
mem[X,0x8001AF66] -> 0xAFC5
[2405] [M]: 0x8001AF64 (0xAFC50513) addi a0, a0, 2812
x10 <- 0xFFFF4AFC


mem[X,0x8001AF68] -> 0x65B7
mem[X,0x8001AF6A] -> 0x6666
[2406] [M]: 0x8001AF68 (0x666665B7) lui a1, 419430
x11 <- 0x66666000


mem[X,0x8001AF6C] -> 0x8593
mem[X,0x8001AF6E] -> 0x6675
[2407] [M]: 0x8001AF6C (0x66758593) addi a1, a1, 1639
x11 <- 0x66666667


mem[X,0x8001AF70] -> 0x0613
mem[X,0x8001AF72] -> 0x0000
[2408] [M]: 0x8001AF70 (0x00000613) addi a2, zero, 0
x12 <- 0x00000000


mem[X,0x8001AF74] -> 0x006F
mem[X,0x8001AF76] -> 0x00C0
[2409] [M]: 0x8001AF74 (0x00C0006F) jal zero, 12


mem[X,0x8001AF80] -> 0x5663
mem[X,0x8001AF82] -> 0x00B5
[2410] [M]: 0x8001AF80 (0x00B55663) bge a0, a1, 12


mem[X,0x8001AF84] -> 0x0613
mem[X,0x8001AF86] -> 0x0026
[2411] [M]: 0x8001AF84 (0x00260613) addi a2, a2, 2
x12 <- 0x00000002


mem[X,0x8001AF88] -> 0x006F
mem[X,0x8001AF8A] -> 0x00C0
[2412] [M]: 0x8001AF88 (0x00C0006F) jal zero, 12


mem[X,0x8001AF94] -> 0x2623
mem[X,0x8001AF96] -> 0x3AC2
[2413] [M]: 0x8001AF94 (0x3AC22623) sw a2, 940(tp)
mem[0x8003A614] <- 0x00000002


mem[X,0x8001AF98] -> 0x5537
mem[X,0x8001AF9A] -> 0xFFFF
[2414] [M]: 0x8001AF98 (0xFFFF5537) lui a0, 1048565
x10 <- 0xFFFF5000


mem[X,0x8001AF9C] -> 0x0513
mem[X,0x8001AF9E] -> 0xAFC5
[2415] [M]: 0x8001AF9C (0xAFC50513) addi a0, a0, 2812
x10 <- 0xFFFF4AFC


mem[X,0x8001AFA0] -> 0x55B7
mem[X,0x8001AFA2] -> 0xFFFF
[2416] [M]: 0x8001AFA0 (0xFFFF55B7) lui a1, 1048565
x11 <- 0xFFFF5000


mem[X,0x8001AFA4] -> 0x8593
mem[X,0x8001AFA6] -> 0xAFD5
[2417] [M]: 0x8001AFA4 (0xAFD58593) addi a1, a1, 2813
x11 <- 0xFFFF4AFD


mem[X,0x8001AFA8] -> 0x0613
mem[X,0x8001AFAA] -> 0x0000
[2418] [M]: 0x8001AFA8 (0x00000613) addi a2, zero, 0
x12 <- 0x00000000


mem[X,0x8001AFAC] -> 0x006F
mem[X,0x8001AFAE] -> 0x00C0
[2419] [M]: 0x8001AFAC (0x00C0006F) jal zero, 12


mem[X,0x8001AFB8] -> 0x5663
mem[X,0x8001AFBA] -> 0x00B5
[2420] [M]: 0x8001AFB8 (0x00B55663) bge a0, a1, 12


mem[X,0x8001AFBC] -> 0x0613
mem[X,0x8001AFBE] -> 0x0026
[2421] [M]: 0x8001AFBC (0x00260613) addi a2, a2, 2
x12 <- 0x00000002


mem[X,0x8001AFC0] -> 0x006F
mem[X,0x8001AFC2] -> 0x00C0
[2422] [M]: 0x8001AFC0 (0x00C0006F) jal zero, 12


mem[X,0x8001AFCC] -> 0x2823
mem[X,0x8001AFCE] -> 0x3AC2
[2423] [M]: 0x8001AFCC (0x3AC22823) sw a2, 944(tp)
mem[0x8003A618] <- 0x00000002


mem[X,0x8001AFD0] -> 0x5537
mem[X,0x8001AFD2] -> 0xFFFF
[2424] [M]: 0x8001AFD0 (0xFFFF5537) lui a0, 1048565
x10 <- 0xFFFF5000


mem[X,0x8001AFD4] -> 0x0513
mem[X,0x8001AFD6] -> 0xAFC5
[2425] [M]: 0x8001AFD4 (0xAFC50513) addi a0, a0, 2812
x10 <- 0xFFFF4AFC


mem[X,0x8001AFD8] -> 0xB5B7
mem[X,0x8001AFDA] -> 0x0000
[2426] [M]: 0x8001AFD8 (0x0000B5B7) lui a1, 11
x11 <- 0x0000B000


mem[X,0x8001AFDC] -> 0x8593
mem[X,0x8001AFDE] -> 0x5055
[2427] [M]: 0x8001AFDC (0x50558593) addi a1, a1, 1285
x11 <- 0x0000B505


mem[X,0x8001AFE0] -> 0x0613
mem[X,0x8001AFE2] -> 0x0000
[2428] [M]: 0x8001AFE0 (0x00000613) addi a2, zero, 0
x12 <- 0x00000000


mem[X,0x8001AFE4] -> 0x006F
mem[X,0x8001AFE6] -> 0x00C0
[2429] [M]: 0x8001AFE4 (0x00C0006F) jal zero, 12


mem[X,0x8001AFF0] -> 0x5CE3
mem[X,0x8001AFF2] -> 0xFEB5
[2430] [M]: 0x8001AFF0 (0xFEB55CE3) bge a0, a1, 8184


mem[X,0x8001AFF4] -> 0x0613
mem[X,0x8001AFF6] -> 0x0026
[2431] [M]: 0x8001AFF4 (0x00260613) addi a2, a2, 2
x12 <- 0x00000002


mem[X,0x8001AFF8] -> 0x006F
mem[X,0x8001AFFA] -> 0x00C0
[2432] [M]: 0x8001AFF8 (0x00C0006F) jal zero, 12


mem[X,0x8001B004] -> 0x2A23
mem[X,0x8001B006] -> 0x3AC2
[2433] [M]: 0x8001B004 (0x3AC22A23) sw a2, 948(tp)
mem[0x8003A61C] <- 0x00000002


mem[X,0x8001B008] -> 0xB537
mem[X,0x8001B00A] -> 0x0000
[2434] [M]: 0x8001B008 (0x0000B537) lui a0, 11
x10 <- 0x0000B000


mem[X,0x8001B00C] -> 0x0513
mem[X,0x8001B00E] -> 0x5045
[2435] [M]: 0x8001B00C (0x50450513) addi a0, a0, 1284
x10 <- 0x0000B504


mem[X,0x8001B010] -> 0x0593
mem[X,0x8001B012] -> 0x0030
[2436] [M]: 0x8001B010 (0x00300593) addi a1, zero, 3
x11 <- 0x00000003


mem[X,0x8001B014] -> 0x0613
mem[X,0x8001B016] -> 0x0000
[2437] [M]: 0x8001B014 (0x00000613) addi a2, zero, 0
x12 <- 0x00000000


mem[X,0x8001B018] -> 0x006F
mem[X,0x8001B01A] -> 0x00C0
[2438] [M]: 0x8001B018 (0x00C0006F) jal zero, 12


mem[X,0x8001B024] -> 0x5663
mem[X,0x8001B026] -> 0x00B5
[2439] [M]: 0x8001B024 (0x00B55663) bge a0, a1, 12


mem[X,0x8001B030] -> 0x0613
mem[X,0x8001B032] -> 0x0036
[2440] [M]: 0x8001B030 (0x00360613) addi a2, a2, 3
x12 <- 0x00000003


mem[X,0x8001B034] -> 0x006F
mem[X,0x8001B036] -> 0x0040
[2441] [M]: 0x8001B034 (0x0040006F) jal zero, 4


mem[X,0x8001B038] -> 0x2C23
mem[X,0x8001B03A] -> 0x3AC2
[2442] [M]: 0x8001B038 (0x3AC22C23) sw a2, 952(tp)
mem[0x8003A620] <- 0x00000003


mem[X,0x8001B03C] -> 0xB537
mem[X,0x8001B03E] -> 0x0000
[2443] [M]: 0x8001B03C (0x0000B537) lui a0, 11
x10 <- 0x0000B000


mem[X,0x8001B040] -> 0x0513
mem[X,0x8001B042] -> 0x5045
[2444] [M]: 0x8001B040 (0x50450513) addi a0, a0, 1284
x10 <- 0x0000B504


mem[X,0x8001B044] -> 0x55B7
mem[X,0x8001B046] -> 0x5555
[2445] [M]: 0x8001B044 (0x555555B7) lui a1, 349525
x11 <- 0x55555000


mem[X,0x8001B048] -> 0x8593
mem[X,0x8001B04A] -> 0x5555
[2446] [M]: 0x8001B048 (0x55558593) addi a1, a1, 1365
x11 <- 0x55555555


mem[X,0x8001B04C] -> 0x0613
mem[X,0x8001B04E] -> 0x0000
[2447] [M]: 0x8001B04C (0x00000613) addi a2, zero, 0
x12 <- 0x00000000


mem[X,0x8001B050] -> 0x006F
mem[X,0x8001B052] -> 0x00C0
[2448] [M]: 0x8001B050 (0x00C0006F) jal zero, 12


mem[X,0x8001B05C] -> 0x5063
mem[X,0x8001B05E] -> 0x20B5
[2449] [M]: 0x8001B05C (0x20B55063) bge a0, a1, 512


mem[X,0x8001B060] -> 0x0613
mem[X,0x8001B062] -> 0x0026
[2450] [M]: 0x8001B060 (0x00260613) addi a2, a2, 2
x12 <- 0x00000002


mem[X,0x8001B064] -> 0x006F
mem[X,0x8001B066] -> 0x2000
[2451] [M]: 0x8001B064 (0x2000006F) jal zero, 512


mem[X,0x8001B264] -> 0x2E23
mem[X,0x8001B266] -> 0x3AC2
[2452] [M]: 0x8001B264 (0x3AC22E23) sw a2, 956(tp)
mem[0x8003A624] <- 0x00000002


mem[X,0x8001B268] -> 0xB537
mem[X,0x8001B26A] -> 0x0000
[2453] [M]: 0x8001B268 (0x0000B537) lui a0, 11
x10 <- 0x0000B000


mem[X,0x8001B26C] -> 0x0513
mem[X,0x8001B26E] -> 0x5045
[2454] [M]: 0x8001B26C (0x50450513) addi a0, a0, 1284
x10 <- 0x0000B504


mem[X,0x8001B270] -> 0xB5B7
mem[X,0x8001B272] -> 0xAAAA
[2455] [M]: 0x8001B270 (0xAAAAB5B7) lui a1, 699051
x11 <- 0xAAAAB000


mem[X,0x8001B274] -> 0x8593
mem[X,0x8001B276] -> 0xAAA5
[2456] [M]: 0x8001B274 (0xAAA58593) addi a1, a1, 2730
x11 <- 0xAAAAAAAA


mem[X,0x8001B278] -> 0x0613
mem[X,0x8001B27A] -> 0x0000
[2457] [M]: 0x8001B278 (0x00000613) addi a2, zero, 0
x12 <- 0x00000000


mem[X,0x8001B27C] -> 0x006F
mem[X,0x8001B27E] -> 0x00C0
[2458] [M]: 0x8001B27C (0x00C0006F) jal zero, 12


mem[X,0x8001B288] -> 0x5663
mem[X,0x8001B28A] -> 0x00B5
[2459] [M]: 0x8001B288 (0x00B55663) bge a0, a1, 12


mem[X,0x8001B294] -> 0x0613
mem[X,0x8001B296] -> 0x0036
[2460] [M]: 0x8001B294 (0x00360613) addi a2, a2, 3
x12 <- 0x00000003


mem[X,0x8001B298] -> 0x006F
mem[X,0x8001B29A] -> 0x0040
[2461] [M]: 0x8001B298 (0x0040006F) jal zero, 4


mem[X,0x8001B29C] -> 0x2023
mem[X,0x8001B29E] -> 0x3CC2
[2462] [M]: 0x8001B29C (0x3CC22023) sw a2, 960(tp)
mem[0x8003A628] <- 0x00000003


mem[X,0x8001B2A0] -> 0xB537
mem[X,0x8001B2A2] -> 0x0000
[2463] [M]: 0x8001B2A0 (0x0000B537) lui a0, 11
x10 <- 0x0000B000


mem[X,0x8001B2A4] -> 0x0513
mem[X,0x8001B2A6] -> 0x5045
[2464] [M]: 0x8001B2A4 (0x50450513) addi a0, a0, 1284
x10 <- 0x0000B504


mem[X,0x8001B2A8] -> 0x0593
mem[X,0x8001B2AA] -> 0x0050
[2465] [M]: 0x8001B2A8 (0x00500593) addi a1, zero, 5
x11 <- 0x00000005


mem[X,0x8001B2AC] -> 0x0613
mem[X,0x8001B2AE] -> 0x0000
[2466] [M]: 0x8001B2AC (0x00000613) addi a2, zero, 0
x12 <- 0x00000000


mem[X,0x8001B2B0] -> 0x006F
mem[X,0x8001B2B2] -> 0x00C0
[2467] [M]: 0x8001B2B0 (0x00C0006F) jal zero, 12


mem[X,0x8001B2BC] -> 0x5863
mem[X,0x8001B2BE] -> 0x00B5
[2468] [M]: 0x8001B2BC (0x00B55863) bge a0, a1, 16


mem[X,0x8001B2CC] -> 0x0613
mem[X,0x8001B2CE] -> 0x0036
[2469] [M]: 0x8001B2CC (0x00360613) addi a2, a2, 3
x12 <- 0x00000003


mem[X,0x8001B2D0] -> 0x006F
mem[X,0x8001B2D2] -> 0x0040
[2470] [M]: 0x8001B2D0 (0x0040006F) jal zero, 4


mem[X,0x8001B2D4] -> 0x2223
mem[X,0x8001B2D6] -> 0x3CC2
[2471] [M]: 0x8001B2D4 (0x3CC22223) sw a2, 964(tp)
mem[0x8003A62C] <- 0x00000003


mem[X,0x8001B2D8] -> 0xB537
mem[X,0x8001B2DA] -> 0x0000
[2472] [M]: 0x8001B2D8 (0x0000B537) lui a0, 11
x10 <- 0x0000B000


mem[X,0x8001B2DC] -> 0x0513
mem[X,0x8001B2DE] -> 0x5045
[2473] [M]: 0x8001B2DC (0x50450513) addi a0, a0, 1284
x10 <- 0x0000B504


mem[X,0x8001B2E0] -> 0x35B7
mem[X,0x8001B2E2] -> 0x3333
[2474] [M]: 0x8001B2E0 (0x333335B7) lui a1, 209715
x11 <- 0x33333000


mem[X,0x8001B2E4] -> 0x8593
mem[X,0x8001B2E6] -> 0x3335
[2475] [M]: 0x8001B2E4 (0x33358593) addi a1, a1, 819
x11 <- 0x33333333


mem[X,0x8001B2E8] -> 0x0613
mem[X,0x8001B2EA] -> 0x0000
[2476] [M]: 0x8001B2E8 (0x00000613) addi a2, zero, 0
x12 <- 0x00000000


mem[X,0x8001B2EC] -> 0x006F
mem[X,0x8001B2EE] -> 0x0100
[2477] [M]: 0x8001B2EC (0x0100006F) jal zero, 16


mem[X,0x8001B2FC] -> 0x5AE3
mem[X,0x8001B2FE] -> 0xFEB5
[2478] [M]: 0x8001B2FC (0xFEB55AE3) bge a0, a1, 8180


mem[X,0x8001B300] -> 0x0613
mem[X,0x8001B302] -> 0x0026
[2479] [M]: 0x8001B300 (0x00260613) addi a2, a2, 2
x12 <- 0x00000002


mem[X,0x8001B304] -> 0x006F
mem[X,0x8001B306] -> 0x00C0
[2480] [M]: 0x8001B304 (0x00C0006F) jal zero, 12


mem[X,0x8001B310] -> 0x2423
mem[X,0x8001B312] -> 0x3CC2
[2481] [M]: 0x8001B310 (0x3CC22423) sw a2, 968(tp)
mem[0x8003A630] <- 0x00000002


mem[X,0x8001B314] -> 0xB537
mem[X,0x8001B316] -> 0x0000
[2482] [M]: 0x8001B314 (0x0000B537) lui a0, 11
x10 <- 0x0000B000


mem[X,0x8001B318] -> 0x0513
mem[X,0x8001B31A] -> 0x5045
[2483] [M]: 0x8001B318 (0x50450513) addi a0, a0, 1284
x10 <- 0x0000B504


mem[X,0x8001B31C] -> 0x65B7
mem[X,0x8001B31E] -> 0x6666
[2484] [M]: 0x8001B31C (0x666665B7) lui a1, 419430
x11 <- 0x66666000


mem[X,0x8001B320] -> 0x8593
mem[X,0x8001B322] -> 0x6665
[2485] [M]: 0x8001B320 (0x66658593) addi a1, a1, 1638
x11 <- 0x66666666


mem[X,0x8001B324] -> 0x0613
mem[X,0x8001B326] -> 0x0000
[2486] [M]: 0x8001B324 (0x00000613) addi a2, zero, 0
x12 <- 0x00000000


mem[X,0x8001B328] -> 0x006F
mem[X,0x8001B32A] -> 0x00C0
[2487] [M]: 0x8001B328 (0x00C0006F) jal zero, 12


mem[X,0x8001B334] -> 0x5663
mem[X,0x8001B336] -> 0x00B5
[2488] [M]: 0x8001B334 (0x00B55663) bge a0, a1, 12


mem[X,0x8001B338] -> 0x0613
mem[X,0x8001B33A] -> 0x0026
[2489] [M]: 0x8001B338 (0x00260613) addi a2, a2, 2
x12 <- 0x00000002


mem[X,0x8001B33C] -> 0x006F
mem[X,0x8001B33E] -> 0x00C0
[2490] [M]: 0x8001B33C (0x00C0006F) jal zero, 12


mem[X,0x8001B348] -> 0x2623
mem[X,0x8001B34A] -> 0x3CC2
[2491] [M]: 0x8001B348 (0x3CC22623) sw a2, 972(tp)
mem[0x8003A634] <- 0x00000002


mem[X,0x8001B34C] -> 0xB537
mem[X,0x8001B34E] -> 0x0000
[2492] [M]: 0x8001B34C (0x0000B537) lui a0, 11
x10 <- 0x0000B000


mem[X,0x8001B350] -> 0x0513
mem[X,0x8001B352] -> 0x5045
[2493] [M]: 0x8001B350 (0x50450513) addi a0, a0, 1284
x10 <- 0x0000B504


mem[X,0x8001B354] -> 0x55B7
mem[X,0x8001B356] -> 0xFFFF
[2494] [M]: 0x8001B354 (0xFFFF55B7) lui a1, 1048565
x11 <- 0xFFFF5000


mem[X,0x8001B358] -> 0x8593
mem[X,0x8001B35A] -> 0xAFC5
[2495] [M]: 0x8001B358 (0xAFC58593) addi a1, a1, 2812
x11 <- 0xFFFF4AFC


mem[X,0x8001B35C] -> 0x0613
mem[X,0x8001B35E] -> 0x0000
[2496] [M]: 0x8001B35C (0x00000613) addi a2, zero, 0
x12 <- 0x00000000


mem[X,0x8001B360] -> 0x006F
mem[X,0x8001B362] -> 0x00C0
[2497] [M]: 0x8001B360 (0x00C0006F) jal zero, 12


mem[X,0x8001B36C] -> 0x5063
mem[X,0x8001B36E] -> 0x08B5
[2498] [M]: 0x8001B36C (0x08B55063) bge a0, a1, 128


mem[X,0x8001B3EC] -> 0x0613
mem[X,0x8001B3EE] -> 0x0036
[2499] [M]: 0x8001B3EC (0x00360613) addi a2, a2, 3
x12 <- 0x00000003


clint::tick mtime <- 0x0000000000000019
 clint timer pending at mtime 0x0000000000000019
htif::tick 0x0000000000000000
mem[X,0x8001B3F0] -> 0x006F
mem[X,0x8001B3F2] -> 0x0040
[2500] [M]: 0x8001B3F0 (0x0040006F) jal zero, 4


mem[X,0x8001B3F4] -> 0x2823
mem[X,0x8001B3F6] -> 0x3CC2
[2501] [M]: 0x8001B3F4 (0x3CC22823) sw a2, 976(tp)
mem[0x8003A638] <- 0x00000003


mem[X,0x8001B3F8] -> 0xB537
mem[X,0x8001B3FA] -> 0x0000
[2502] [M]: 0x8001B3F8 (0x0000B537) lui a0, 11
x10 <- 0x0000B000


mem[X,0x8001B3FC] -> 0x0513
mem[X,0x8001B3FE] -> 0x5045
[2503] [M]: 0x8001B3FC (0x50450513) addi a0, a0, 1284
x10 <- 0x0000B504


mem[X,0x8001B400] -> 0xB5B7
mem[X,0x8001B402] -> 0x0000
[2504] [M]: 0x8001B400 (0x0000B5B7) lui a1, 11
x11 <- 0x0000B000


mem[X,0x8001B404] -> 0x8593
mem[X,0x8001B406] -> 0x5045
[2505] [M]: 0x8001B404 (0x50458593) addi a1, a1, 1284
x11 <- 0x0000B504


mem[X,0x8001B408] -> 0x0613
mem[X,0x8001B40A] -> 0x0000
[2506] [M]: 0x8001B408 (0x00000613) addi a2, zero, 0
x12 <- 0x00000000


mem[X,0x8001B40C] -> 0x006F
mem[X,0x8001B40E] -> 0x00C0
[2507] [M]: 0x8001B40C (0x00C0006F) jal zero, 12


mem[X,0x8001B418] -> 0x5CE3
mem[X,0x8001B41A] -> 0xFEB5
[2508] [M]: 0x8001B418 (0xFEB55CE3) bge a0, a1, 8184


mem[X,0x8001B410] -> 0x0613
mem[X,0x8001B412] -> 0x0016
[2509] [M]: 0x8001B410 (0x00160613) addi a2, a2, 1
x12 <- 0x00000001


mem[X,0x8001B414] -> 0x006F
mem[X,0x8001B416] -> 0x0180
[2510] [M]: 0x8001B414 (0x0180006F) jal zero, 24


mem[X,0x8001B42C] -> 0x2A23
mem[X,0x8001B42E] -> 0x3CC2
[2511] [M]: 0x8001B42C (0x3CC22A23) sw a2, 980(tp)
mem[0x8003A63C] <- 0x00000001


mem[X,0x8001B430] -> 0xB537
mem[X,0x8001B432] -> 0x0000
[2512] [M]: 0x8001B430 (0x0000B537) lui a0, 11
x10 <- 0x0000B000


mem[X,0x8001B434] -> 0x0513
mem[X,0x8001B436] -> 0x5045
[2513] [M]: 0x8001B434 (0x50450513) addi a0, a0, 1284
x10 <- 0x0000B504


mem[X,0x8001B438] -> 0x0593
mem[X,0x8001B43A] -> 0x0020
[2514] [M]: 0x8001B438 (0x00200593) addi a1, zero, 2
x11 <- 0x00000002


mem[X,0x8001B43C] -> 0x0613
mem[X,0x8001B43E] -> 0x0000
[2515] [M]: 0x8001B43C (0x00000613) addi a2, zero, 0
x12 <- 0x00000000


mem[X,0x8001B440] -> 0x006F
mem[X,0x8001B442] -> 0x0100
[2516] [M]: 0x8001B440 (0x0100006F) jal zero, 16


mem[X,0x8001B450] -> 0x5AE3
mem[X,0x8001B452] -> 0xFEB5
[2517] [M]: 0x8001B450 (0xFEB55AE3) bge a0, a1, 8180


mem[X,0x8001B444] -> 0x0613
mem[X,0x8001B446] -> 0x0016
[2518] [M]: 0x8001B444 (0x00160613) addi a2, a2, 1
x12 <- 0x00000001


mem[X,0x8001B448] -> 0x006F
mem[X,0x8001B44A] -> 0x01C0
[2519] [M]: 0x8001B448 (0x01C0006F) jal zero, 28


mem[X,0x8001B464] -> 0x2C23
mem[X,0x8001B466] -> 0x3CC2
[2520] [M]: 0x8001B464 (0x3CC22C23) sw a2, 984(tp)
mem[0x8003A640] <- 0x00000001


mem[X,0x8001B468] -> 0xB537
mem[X,0x8001B46A] -> 0x0000
[2521] [M]: 0x8001B468 (0x0000B537) lui a0, 11
x10 <- 0x0000B000


mem[X,0x8001B46C] -> 0x0513
mem[X,0x8001B46E] -> 0x5045
[2522] [M]: 0x8001B46C (0x50450513) addi a0, a0, 1284
x10 <- 0x0000B504


mem[X,0x8001B470] -> 0x55B7
mem[X,0x8001B472] -> 0x5555
[2523] [M]: 0x8001B470 (0x555555B7) lui a1, 349525
x11 <- 0x55555000


mem[X,0x8001B474] -> 0x8593
mem[X,0x8001B476] -> 0x5545
[2524] [M]: 0x8001B474 (0x55458593) addi a1, a1, 1364
x11 <- 0x55555554


mem[X,0x8001B478] -> 0x0613
mem[X,0x8001B47A] -> 0x0000
[2525] [M]: 0x8001B478 (0x00000613) addi a2, zero, 0
x12 <- 0x00000000


mem[X,0x8001B47C] -> 0x006F
mem[X,0x8001B47E] -> 0x0140
[2526] [M]: 0x8001B47C (0x0140006F) jal zero, 20


mem[X,0x8001B490] -> 0x58E3
mem[X,0x8001B492] -> 0xFEB5
[2527] [M]: 0x8001B490 (0xFEB558E3) bge a0, a1, 8176


mem[X,0x8001B494] -> 0x0613
mem[X,0x8001B496] -> 0x0026
[2528] [M]: 0x8001B494 (0x00260613) addi a2, a2, 2
x12 <- 0x00000002


mem[X,0x8001B498] -> 0x006F
mem[X,0x8001B49A] -> 0x00C0
[2529] [M]: 0x8001B498 (0x00C0006F) jal zero, 12


mem[X,0x8001B4A4] -> 0x2E23
mem[X,0x8001B4A6] -> 0x3CC2
[2530] [M]: 0x8001B4A4 (0x3CC22E23) sw a2, 988(tp)
mem[0x8003A644] <- 0x00000002


mem[X,0x8001B4A8] -> 0xB537
mem[X,0x8001B4AA] -> 0x0000
[2531] [M]: 0x8001B4A8 (0x0000B537) lui a0, 11
x10 <- 0x0000B000


mem[X,0x8001B4AC] -> 0x0513
mem[X,0x8001B4AE] -> 0x5045
[2532] [M]: 0x8001B4AC (0x50450513) addi a0, a0, 1284
x10 <- 0x0000B504


mem[X,0x8001B4B0] -> 0x0593
mem[X,0x8001B4B2] -> 0x0000
[2533] [M]: 0x8001B4B0 (0x00000593) addi a1, zero, 0
x11 <- 0x00000000


mem[X,0x8001B4B4] -> 0x0613
mem[X,0x8001B4B6] -> 0x0000
[2534] [M]: 0x8001B4B4 (0x00000613) addi a2, zero, 0
x12 <- 0x00000000


mem[X,0x8001B4B8] -> 0x006F
mem[X,0x8001B4BA] -> 0x00C0
[2535] [M]: 0x8001B4B8 (0x00C0006F) jal zero, 12


mem[X,0x8001B4C4] -> 0x5CE3
mem[X,0x8001B4C6] -> 0xFEB5
[2536] [M]: 0x8001B4C4 (0xFEB55CE3) bge a0, a1, 8184


mem[X,0x8001B4BC] -> 0x0613
mem[X,0x8001B4BE] -> 0x0016
[2537] [M]: 0x8001B4BC (0x00160613) addi a2, a2, 1
x12 <- 0x00000001


mem[X,0x8001B4C0] -> 0x006F
mem[X,0x8001B4C2] -> 0x0180
[2538] [M]: 0x8001B4C0 (0x0180006F) jal zero, 24


mem[X,0x8001B4D8] -> 0x2023
mem[X,0x8001B4DA] -> 0x3EC2
[2539] [M]: 0x8001B4D8 (0x3EC22023) sw a2, 992(tp)
mem[0x8003A648] <- 0x00000001


mem[X,0x8001B4DC] -> 0xB537
mem[X,0x8001B4DE] -> 0x0000
[2540] [M]: 0x8001B4DC (0x0000B537) lui a0, 11
x10 <- 0x0000B000


mem[X,0x8001B4E0] -> 0x0513
mem[X,0x8001B4E2] -> 0x5045
[2541] [M]: 0x8001B4E0 (0x50450513) addi a0, a0, 1284
x10 <- 0x0000B504


mem[X,0x8001B4E4] -> 0x0593
mem[X,0x8001B4E6] -> 0x0040
[2542] [M]: 0x8001B4E4 (0x00400593) addi a1, zero, 4
x11 <- 0x00000004


mem[X,0x8001B4E8] -> 0x0613
mem[X,0x8001B4EA] -> 0x0000
[2543] [M]: 0x8001B4E8 (0x00000613) addi a2, zero, 0
x12 <- 0x00000000


mem[X,0x8001B4EC] -> 0x006F
mem[X,0x8001B4EE] -> 0x00C0
[2544] [M]: 0x8001B4EC (0x00C0006F) jal zero, 12


mem[X,0x8001B4F8] -> 0x5CE3
mem[X,0x8001B4FA] -> 0xFEB5
[2545] [M]: 0x8001B4F8 (0xFEB55CE3) bge a0, a1, 8184


mem[X,0x8001B4F0] -> 0x0613
mem[X,0x8001B4F2] -> 0x0016
[2546] [M]: 0x8001B4F0 (0x00160613) addi a2, a2, 1
x12 <- 0x00000001


mem[X,0x8001B4F4] -> 0x006F
mem[X,0x8001B4F6] -> 0x0180
[2547] [M]: 0x8001B4F4 (0x0180006F) jal zero, 24


mem[X,0x8001B50C] -> 0x2223
mem[X,0x8001B50E] -> 0x3EC2
[2548] [M]: 0x8001B50C (0x3EC22223) sw a2, 996(tp)
mem[0x8003A64C] <- 0x00000001


mem[X,0x8001B510] -> 0xB537
mem[X,0x8001B512] -> 0x0000
[2549] [M]: 0x8001B510 (0x0000B537) lui a0, 11
x10 <- 0x0000B000


mem[X,0x8001B514] -> 0x0513
mem[X,0x8001B516] -> 0x5045
[2550] [M]: 0x8001B514 (0x50450513) addi a0, a0, 1284
x10 <- 0x0000B504


mem[X,0x8001B518] -> 0x35B7
mem[X,0x8001B51A] -> 0x3333
[2551] [M]: 0x8001B518 (0x333335B7) lui a1, 209715
x11 <- 0x33333000


mem[X,0x8001B51C] -> 0x8593
mem[X,0x8001B51E] -> 0x3325
[2552] [M]: 0x8001B51C (0x33258593) addi a1, a1, 818
x11 <- 0x33333332


mem[X,0x8001B520] -> 0x0613
mem[X,0x8001B522] -> 0x0000
[2553] [M]: 0x8001B520 (0x00000613) addi a2, zero, 0
x12 <- 0x00000000


mem[X,0x8001B524] -> 0x006F
mem[X,0x8001B526] -> 0x00C0
[2554] [M]: 0x8001B524 (0x00C0006F) jal zero, 12


mem[X,0x8001B530] -> 0x5CE3
mem[X,0x8001B532] -> 0xFEB5
[2555] [M]: 0x8001B530 (0xFEB55CE3) bge a0, a1, 8184


mem[X,0x8001B534] -> 0x0613
mem[X,0x8001B536] -> 0x0026
[2556] [M]: 0x8001B534 (0x00260613) addi a2, a2, 2
x12 <- 0x00000002


mem[X,0x8001B538] -> 0x006F
mem[X,0x8001B53A] -> 0x00C0
[2557] [M]: 0x8001B538 (0x00C0006F) jal zero, 12


mem[X,0x8001B544] -> 0x2423
mem[X,0x8001B546] -> 0x3EC2
[2558] [M]: 0x8001B544 (0x3EC22423) sw a2, 1000(tp)
mem[0x8003A650] <- 0x00000002


mem[X,0x8001B548] -> 0xB537
mem[X,0x8001B54A] -> 0x0000
[2559] [M]: 0x8001B548 (0x0000B537) lui a0, 11
x10 <- 0x0000B000


mem[X,0x8001B54C] -> 0x0513
mem[X,0x8001B54E] -> 0x5045
[2560] [M]: 0x8001B54C (0x50450513) addi a0, a0, 1284
x10 <- 0x0000B504


mem[X,0x8001B550] -> 0x65B7
mem[X,0x8001B552] -> 0x6666
[2561] [M]: 0x8001B550 (0x666665B7) lui a1, 419430
x11 <- 0x66666000


mem[X,0x8001B554] -> 0x8593
mem[X,0x8001B556] -> 0x6655
[2562] [M]: 0x8001B554 (0x66558593) addi a1, a1, 1637
x11 <- 0x66666665


mem[X,0x8001B558] -> 0x0613
mem[X,0x8001B55A] -> 0x0000
[2563] [M]: 0x8001B558 (0x00000613) addi a2, zero, 0
x12 <- 0x00000000


mem[X,0x8001B55C] -> 0x006F
mem[X,0x8001B55E] -> 0x00C0
[2564] [M]: 0x8001B55C (0x00C0006F) jal zero, 12


mem[X,0x8001B568] -> 0x5863
mem[X,0x8001B56A] -> 0x00B5
[2565] [M]: 0x8001B568 (0x00B55863) bge a0, a1, 16


mem[X,0x8001B56C] -> 0x0613
mem[X,0x8001B56E] -> 0x0026
[2566] [M]: 0x8001B56C (0x00260613) addi a2, a2, 2
x12 <- 0x00000002


mem[X,0x8001B570] -> 0x006F
mem[X,0x8001B572] -> 0x0100
[2567] [M]: 0x8001B570 (0x0100006F) jal zero, 16


mem[X,0x8001B580] -> 0x2623
mem[X,0x8001B582] -> 0x3EC2
[2568] [M]: 0x8001B580 (0x3EC22623) sw a2, 1004(tp)
mem[0x8003A654] <- 0x00000002


mem[X,0x8001B584] -> 0xB537
mem[X,0x8001B586] -> 0x0000
[2569] [M]: 0x8001B584 (0x0000B537) lui a0, 11
x10 <- 0x0000B000


mem[X,0x8001B588] -> 0x0513
mem[X,0x8001B58A] -> 0x5045
[2570] [M]: 0x8001B588 (0x50450513) addi a0, a0, 1284
x10 <- 0x0000B504


mem[X,0x8001B58C] -> 0xB5B7
mem[X,0x8001B58E] -> 0x0000
[2571] [M]: 0x8001B58C (0x0000B5B7) lui a1, 11
x11 <- 0x0000B000


mem[X,0x8001B590] -> 0x8593
mem[X,0x8001B592] -> 0x5035
[2572] [M]: 0x8001B590 (0x50358593) addi a1, a1, 1283
x11 <- 0x0000B503


mem[X,0x8001B594] -> 0x0613
mem[X,0x8001B596] -> 0x0000
[2573] [M]: 0x8001B594 (0x00000613) addi a2, zero, 0
x12 <- 0x00000000


mem[X,0x8001B598] -> 0x006F
mem[X,0x8001B59A] -> 0x00C0
[2574] [M]: 0x8001B598 (0x00C0006F) jal zero, 12


mem[X,0x8001B5A4] -> 0x5663
mem[X,0x8001B5A6] -> 0x00B5
[2575] [M]: 0x8001B5A4 (0x00B55663) bge a0, a1, 12


mem[X,0x8001B5B0] -> 0x0613
mem[X,0x8001B5B2] -> 0x0036
[2576] [M]: 0x8001B5B0 (0x00360613) addi a2, a2, 3
x12 <- 0x00000003


mem[X,0x8001B5B4] -> 0x006F
mem[X,0x8001B5B6] -> 0x0040
[2577] [M]: 0x8001B5B4 (0x0040006F) jal zero, 4


mem[X,0x8001B5B8] -> 0x2823
mem[X,0x8001B5BA] -> 0x3EC2
[2578] [M]: 0x8001B5B8 (0x3EC22823) sw a2, 1008(tp)
mem[0x8003A658] <- 0x00000003


mem[X,0x8001B5BC] -> 0xB537
mem[X,0x8001B5BE] -> 0x0000
[2579] [M]: 0x8001B5BC (0x0000B537) lui a0, 11
x10 <- 0x0000B000


mem[X,0x8001B5C0] -> 0x0513
mem[X,0x8001B5C2] -> 0x5045
[2580] [M]: 0x8001B5C0 (0x50450513) addi a0, a0, 1284
x10 <- 0x0000B504


mem[X,0x8001B5C4] -> 0x55B7
mem[X,0x8001B5C6] -> 0x5555
[2581] [M]: 0x8001B5C4 (0x555555B7) lui a1, 349525
x11 <- 0x55555000


mem[X,0x8001B5C8] -> 0x8593
mem[X,0x8001B5CA] -> 0x5565
[2582] [M]: 0x8001B5C8 (0x55658593) addi a1, a1, 1366
x11 <- 0x55555556


mem[X,0x8001B5CC] -> 0x0613
mem[X,0x8001B5CE] -> 0x0000
[2583] [M]: 0x8001B5CC (0x00000613) addi a2, zero, 0
x12 <- 0x00000000


mem[X,0x8001B5D0] -> 0x006F
mem[X,0x8001B5D2] -> 0x00C0
[2584] [M]: 0x8001B5D0 (0x00C0006F) jal zero, 12


mem[X,0x8001B5DC] -> 0x5863
mem[X,0x8001B5DE] -> 0x00B5
[2585] [M]: 0x8001B5DC (0x00B55863) bge a0, a1, 16


mem[X,0x8001B5E0] -> 0x0613
mem[X,0x8001B5E2] -> 0x0026
[2586] [M]: 0x8001B5E0 (0x00260613) addi a2, a2, 2
x12 <- 0x00000002


mem[X,0x8001B5E4] -> 0x006F
mem[X,0x8001B5E6] -> 0x0100
[2587] [M]: 0x8001B5E4 (0x0100006F) jal zero, 16


mem[X,0x8001B5F4] -> 0x2A23
mem[X,0x8001B5F6] -> 0x3EC2
[2588] [M]: 0x8001B5F4 (0x3EC22A23) sw a2, 1012(tp)
mem[0x8003A65C] <- 0x00000002


mem[X,0x8001B5F8] -> 0xB537
mem[X,0x8001B5FA] -> 0x0000
[2589] [M]: 0x8001B5F8 (0x0000B537) lui a0, 11
x10 <- 0x0000B000


mem[X,0x8001B5FC] -> 0x0513
mem[X,0x8001B5FE] -> 0x5045
[2590] [M]: 0x8001B5FC (0x50450513) addi a0, a0, 1284
x10 <- 0x0000B504


mem[X,0x8001B600] -> 0xB5B7
mem[X,0x8001B602] -> 0xAAAA
[2591] [M]: 0x8001B600 (0xAAAAB5B7) lui a1, 699051
x11 <- 0xAAAAB000


mem[X,0x8001B604] -> 0x8593
mem[X,0x8001B606] -> 0xAAB5
[2592] [M]: 0x8001B604 (0xAAB58593) addi a1, a1, 2731
x11 <- 0xAAAAAAAB


mem[X,0x8001B608] -> 0x0613
mem[X,0x8001B60A] -> 0x0000
[2593] [M]: 0x8001B608 (0x00000613) addi a2, zero, 0
x12 <- 0x00000000


mem[X,0x8001B60C] -> 0x006F
mem[X,0x8001B60E] -> 0x00C0
[2594] [M]: 0x8001B60C (0x00C0006F) jal zero, 12


mem[X,0x8001B618] -> 0x5CE3
mem[X,0x8001B61A] -> 0xFEB5
[2595] [M]: 0x8001B618 (0xFEB55CE3) bge a0, a1, 8184


mem[X,0x8001B610] -> 0x0613
mem[X,0x8001B612] -> 0x0016
[2596] [M]: 0x8001B610 (0x00160613) addi a2, a2, 1
x12 <- 0x00000001


mem[X,0x8001B614] -> 0x006F
mem[X,0x8001B616] -> 0x0180
[2597] [M]: 0x8001B614 (0x0180006F) jal zero, 24


mem[X,0x8001B62C] -> 0x2C23
mem[X,0x8001B62E] -> 0x3EC2
[2598] [M]: 0x8001B62C (0x3EC22C23) sw a2, 1016(tp)
mem[0x8003A660] <- 0x00000001


mem[X,0x8001B630] -> 0xB537
mem[X,0x8001B632] -> 0x0000
[2599] [M]: 0x8001B630 (0x0000B537) lui a0, 11
x10 <- 0x0000B000


clint::tick mtime <- 0x000000000000001A
 clint timer pending at mtime 0x000000000000001A
htif::tick 0x0000000000000000
mem[X,0x8001B634] -> 0x0513
mem[X,0x8001B636] -> 0x5045
[2600] [M]: 0x8001B634 (0x50450513) addi a0, a0, 1284
x10 <- 0x0000B504


mem[X,0x8001B638] -> 0x0593
mem[X,0x8001B63A] -> 0x0060
[2601] [M]: 0x8001B638 (0x00600593) addi a1, zero, 6
x11 <- 0x00000006


mem[X,0x8001B63C] -> 0x0613
mem[X,0x8001B63E] -> 0x0000
[2602] [M]: 0x8001B63C (0x00000613) addi a2, zero, 0
x12 <- 0x00000000


mem[X,0x8001B640] -> 0x006F
mem[X,0x8001B642] -> 0x00C0
[2603] [M]: 0x8001B640 (0x00C0006F) jal zero, 12


mem[X,0x8001B64C] -> 0x5CE3
mem[X,0x8001B64E] -> 0xFEB5
[2604] [M]: 0x8001B64C (0xFEB55CE3) bge a0, a1, 8184


mem[X,0x8001B644] -> 0x0613
mem[X,0x8001B646] -> 0x0016
[2605] [M]: 0x8001B644 (0x00160613) addi a2, a2, 1
x12 <- 0x00000001


mem[X,0x8001B648] -> 0x006F
mem[X,0x8001B64A] -> 0x0180
[2606] [M]: 0x8001B648 (0x0180006F) jal zero, 24


mem[X,0x8001B660] -> 0x2E23
mem[X,0x8001B662] -> 0x3EC2
[2607] [M]: 0x8001B660 (0x3EC22E23) sw a2, 1020(tp)
mem[0x8003A664] <- 0x00000001


mem[X,0x8001B664] -> 0xB537
mem[X,0x8001B666] -> 0x0000
[2608] [M]: 0x8001B664 (0x0000B537) lui a0, 11
x10 <- 0x0000B000


mem[X,0x8001B668] -> 0x0513
mem[X,0x8001B66A] -> 0x5045
[2609] [M]: 0x8001B668 (0x50450513) addi a0, a0, 1284
x10 <- 0x0000B504


mem[X,0x8001B66C] -> 0x35B7
mem[X,0x8001B66E] -> 0x3333
[2610] [M]: 0x8001B66C (0x333335B7) lui a1, 209715
x11 <- 0x33333000


mem[X,0x8001B670] -> 0x8593
mem[X,0x8001B672] -> 0x3345
[2611] [M]: 0x8001B670 (0x33458593) addi a1, a1, 820
x11 <- 0x33333334


mem[X,0x8001B674] -> 0x0613
mem[X,0x8001B676] -> 0x0000
[2612] [M]: 0x8001B674 (0x00000613) addi a2, zero, 0
x12 <- 0x00000000


mem[X,0x8001B678] -> 0x006F
mem[X,0x8001B67A] -> 0x00C0
[2613] [M]: 0x8001B678 (0x00C0006F) jal zero, 12


mem[X,0x8001B684] -> 0x5663
mem[X,0x8001B686] -> 0x00B5
[2614] [M]: 0x8001B684 (0x00B55663) bge a0, a1, 12


mem[X,0x8001B688] -> 0x0613
mem[X,0x8001B68A] -> 0x0026
[2615] [M]: 0x8001B688 (0x00260613) addi a2, a2, 2
x12 <- 0x00000002


mem[X,0x8001B68C] -> 0x006F
mem[X,0x8001B68E] -> 0x00C0
[2616] [M]: 0x8001B68C (0x00C0006F) jal zero, 12


mem[X,0x8001B698] -> 0x2023
mem[X,0x8001B69A] -> 0x40C2
[2617] [M]: 0x8001B698 (0x40C22023) sw a2, 1024(tp)
mem[0x8003A668] <- 0x00000002


mem[X,0x8001B69C] -> 0xB537
mem[X,0x8001B69E] -> 0x0000
[2618] [M]: 0x8001B69C (0x0000B537) lui a0, 11
x10 <- 0x0000B000


mem[X,0x8001B6A0] -> 0x0513
mem[X,0x8001B6A2] -> 0x5045
[2619] [M]: 0x8001B6A0 (0x50450513) addi a0, a0, 1284
x10 <- 0x0000B504


mem[X,0x8001B6A4] -> 0x65B7
mem[X,0x8001B6A6] -> 0x6666
[2620] [M]: 0x8001B6A4 (0x666665B7) lui a1, 419430
x11 <- 0x66666000


mem[X,0x8001B6A8] -> 0x8593
mem[X,0x8001B6AA] -> 0x6675
[2621] [M]: 0x8001B6A8 (0x66758593) addi a1, a1, 1639
x11 <- 0x66666667


mem[X,0x8001B6AC] -> 0x0613
mem[X,0x8001B6AE] -> 0x0000
[2622] [M]: 0x8001B6AC (0x00000613) addi a2, zero, 0
x12 <- 0x00000000


mem[X,0x8001B6B0] -> 0x006F
mem[X,0x8001B6B2] -> 0x00C0
[2623] [M]: 0x8001B6B0 (0x00C0006F) jal zero, 12


mem[X,0x8001B6BC] -> 0x5063
mem[X,0x8001B6BE] -> 0x10B5
[2624] [M]: 0x8001B6BC (0x10B55063) bge a0, a1, 256


mem[X,0x8001B6C0] -> 0x0613
mem[X,0x8001B6C2] -> 0x0026
[2625] [M]: 0x8001B6C0 (0x00260613) addi a2, a2, 2
x12 <- 0x00000002


mem[X,0x8001B6C4] -> 0x006F
mem[X,0x8001B6C6] -> 0x1000
[2626] [M]: 0x8001B6C4 (0x1000006F) jal zero, 256


mem[X,0x8001B7C4] -> 0x2223
mem[X,0x8001B7C6] -> 0x40C2
[2627] [M]: 0x8001B7C4 (0x40C22223) sw a2, 1028(tp)
mem[0x8003A66C] <- 0x00000002


mem[X,0x8001B7C8] -> 0xB537
mem[X,0x8001B7CA] -> 0x0000
[2628] [M]: 0x8001B7C8 (0x0000B537) lui a0, 11
x10 <- 0x0000B000


mem[X,0x8001B7CC] -> 0x0513
mem[X,0x8001B7CE] -> 0x5045
[2629] [M]: 0x8001B7CC (0x50450513) addi a0, a0, 1284
x10 <- 0x0000B504


mem[X,0x8001B7D0] -> 0x55B7
mem[X,0x8001B7D2] -> 0xFFFF
[2630] [M]: 0x8001B7D0 (0xFFFF55B7) lui a1, 1048565
x11 <- 0xFFFF5000


mem[X,0x8001B7D4] -> 0x8593
mem[X,0x8001B7D6] -> 0xAFD5
[2631] [M]: 0x8001B7D4 (0xAFD58593) addi a1, a1, 2813
x11 <- 0xFFFF4AFD


mem[X,0x8001B7D8] -> 0x0613
mem[X,0x8001B7DA] -> 0x0000
[2632] [M]: 0x8001B7D8 (0x00000613) addi a2, zero, 0
x12 <- 0x00000000


mem[X,0x8001B7DC] -> 0x006F
mem[X,0x8001B7DE] -> 0x00C0
[2633] [M]: 0x8001B7DC (0x00C0006F) jal zero, 12


mem[X,0x8001B7E8] -> 0x5063
mem[X,0x8001B7EA] -> 0x02B5
[2634] [M]: 0x8001B7E8 (0x02B55063) bge a0, a1, 32


mem[X,0x8001B808] -> 0x0613
mem[X,0x8001B80A] -> 0x0036
[2635] [M]: 0x8001B808 (0x00360613) addi a2, a2, 3
x12 <- 0x00000003


mem[X,0x8001B80C] -> 0x006F
mem[X,0x8001B80E] -> 0x0040
[2636] [M]: 0x8001B80C (0x0040006F) jal zero, 4


mem[X,0x8001B810] -> 0x2423
mem[X,0x8001B812] -> 0x40C2
[2637] [M]: 0x8001B810 (0x40C22423) sw a2, 1032(tp)
mem[0x8003A670] <- 0x00000003


mem[X,0x8001B814] -> 0xB537
mem[X,0x8001B816] -> 0x0000
[2638] [M]: 0x8001B814 (0x0000B537) lui a0, 11
x10 <- 0x0000B000


mem[X,0x8001B818] -> 0x0513
mem[X,0x8001B81A] -> 0x5045
[2639] [M]: 0x8001B818 (0x50450513) addi a0, a0, 1284
x10 <- 0x0000B504


mem[X,0x8001B81C] -> 0xB5B7
mem[X,0x8001B81E] -> 0x0000
[2640] [M]: 0x8001B81C (0x0000B5B7) lui a1, 11
x11 <- 0x0000B000


mem[X,0x8001B820] -> 0x8593
mem[X,0x8001B822] -> 0x5055
[2641] [M]: 0x8001B820 (0x50558593) addi a1, a1, 1285
x11 <- 0x0000B505


mem[X,0x8001B824] -> 0x0613
mem[X,0x8001B826] -> 0x0000
[2642] [M]: 0x8001B824 (0x00000613) addi a2, zero, 0
x12 <- 0x00000000


mem[X,0x8001B828] -> 0x006F
mem[X,0x8001B82A] -> 0x00C0
[2643] [M]: 0x8001B828 (0x00C0006F) jal zero, 12


mem[X,0x8001B834] -> 0x5663
mem[X,0x8001B836] -> 0x00B5
[2644] [M]: 0x8001B834 (0x00B55663) bge a0, a1, 12


mem[X,0x8001B838] -> 0x0613
mem[X,0x8001B83A] -> 0x0026
[2645] [M]: 0x8001B838 (0x00260613) addi a2, a2, 2
x12 <- 0x00000002


mem[X,0x8001B83C] -> 0x006F
mem[X,0x8001B83E] -> 0x00C0
[2646] [M]: 0x8001B83C (0x00C0006F) jal zero, 12


mem[X,0x8001B848] -> 0x2623
mem[X,0x8001B84A] -> 0x40C2
[2647] [M]: 0x8001B848 (0x40C22623) sw a2, 1036(tp)
mem[0x8003A674] <- 0x00000002


mem[X,0x8001B84C] -> 0x0513
mem[X,0x8001B84E] -> 0x0020
[2648] [M]: 0x8001B84C (0x00200513) addi a0, zero, 2
x10 <- 0x00000002


mem[X,0x8001B850] -> 0x0593
mem[X,0x8001B852] -> 0x0030
[2649] [M]: 0x8001B850 (0x00300593) addi a1, zero, 3
x11 <- 0x00000003


mem[X,0x8001B854] -> 0x0613
mem[X,0x8001B856] -> 0x0000
[2650] [M]: 0x8001B854 (0x00000613) addi a2, zero, 0
x12 <- 0x00000000


mem[X,0x8001B858] -> 0x006F
mem[X,0x8001B85A] -> 0x00C0
[2651] [M]: 0x8001B858 (0x00C0006F) jal zero, 12


mem[X,0x8001B864] -> 0x5063
mem[X,0x8001B866] -> 0x10B5
[2652] [M]: 0x8001B864 (0x10B55063) bge a0, a1, 256


mem[X,0x8001B868] -> 0x0613
mem[X,0x8001B86A] -> 0x0026
[2653] [M]: 0x8001B868 (0x00260613) addi a2, a2, 2
x12 <- 0x00000002


mem[X,0x8001B86C] -> 0x006F
mem[X,0x8001B86E] -> 0x1000
[2654] [M]: 0x8001B86C (0x1000006F) jal zero, 256


mem[X,0x8001B96C] -> 0x2823
mem[X,0x8001B96E] -> 0x40C2
[2655] [M]: 0x8001B96C (0x40C22823) sw a2, 1040(tp)
mem[0x8003A678] <- 0x00000002


mem[X,0x8001B970] -> 0x0513
mem[X,0x8001B972] -> 0x0020
[2656] [M]: 0x8001B970 (0x00200513) addi a0, zero, 2
x10 <- 0x00000002


mem[X,0x8001B974] -> 0x55B7
mem[X,0x8001B976] -> 0x5555
[2657] [M]: 0x8001B974 (0x555555B7) lui a1, 349525
x11 <- 0x55555000


mem[X,0x8001B978] -> 0x8593
mem[X,0x8001B97A] -> 0x5555
[2658] [M]: 0x8001B978 (0x55558593) addi a1, a1, 1365
x11 <- 0x55555555


mem[X,0x8001B97C] -> 0x0613
mem[X,0x8001B97E] -> 0x0000
[2659] [M]: 0x8001B97C (0x00000613) addi a2, zero, 0
x12 <- 0x00000000


mem[X,0x8001B980] -> 0x006F
mem[X,0x8001B982] -> 0x00C0
[2660] [M]: 0x8001B980 (0x00C0006F) jal zero, 12


mem[X,0x8001B98C] -> 0x5663
mem[X,0x8001B98E] -> 0x00B5
[2661] [M]: 0x8001B98C (0x00B55663) bge a0, a1, 12


mem[X,0x8001B990] -> 0x0613
mem[X,0x8001B992] -> 0x0026
[2662] [M]: 0x8001B990 (0x00260613) addi a2, a2, 2
x12 <- 0x00000002


mem[X,0x8001B994] -> 0x006F
mem[X,0x8001B996] -> 0x00C0
[2663] [M]: 0x8001B994 (0x00C0006F) jal zero, 12


mem[X,0x8001B9A0] -> 0x2A23
mem[X,0x8001B9A2] -> 0x40C2
[2664] [M]: 0x8001B9A0 (0x40C22A23) sw a2, 1044(tp)
mem[0x8003A67C] <- 0x00000002


mem[X,0x8001B9A4] -> 0x0513
mem[X,0x8001B9A6] -> 0x0020
[2665] [M]: 0x8001B9A4 (0x00200513) addi a0, zero, 2
x10 <- 0x00000002


mem[X,0x8001B9A8] -> 0xB5B7
mem[X,0x8001B9AA] -> 0xAAAA
[2666] [M]: 0x8001B9A8 (0xAAAAB5B7) lui a1, 699051
x11 <- 0xAAAAB000


mem[X,0x8001B9AC] -> 0x8593
mem[X,0x8001B9AE] -> 0xAAA5
[2667] [M]: 0x8001B9AC (0xAAA58593) addi a1, a1, 2730
x11 <- 0xAAAAAAAA


mem[X,0x8001B9B0] -> 0x0613
mem[X,0x8001B9B2] -> 0x0000
[2668] [M]: 0x8001B9B0 (0x00000613) addi a2, zero, 0
x12 <- 0x00000000


mem[X,0x8001B9B4] -> 0x006F
mem[X,0x8001B9B6] -> 0x00C0
[2669] [M]: 0x8001B9B4 (0x00C0006F) jal zero, 12


mem[X,0x8001B9C0] -> 0x5063
mem[X,0x8001B9C2] -> 0x10B5
[2670] [M]: 0x8001B9C0 (0x10B55063) bge a0, a1, 256


mem[X,0x8001BAC0] -> 0x0613
mem[X,0x8001BAC2] -> 0x0036
[2671] [M]: 0x8001BAC0 (0x00360613) addi a2, a2, 3
x12 <- 0x00000003


mem[X,0x8001BAC4] -> 0x006F
mem[X,0x8001BAC6] -> 0x0040
[2672] [M]: 0x8001BAC4 (0x0040006F) jal zero, 4


mem[X,0x8001BAC8] -> 0x2C23
mem[X,0x8001BACA] -> 0x40C2
[2673] [M]: 0x8001BAC8 (0x40C22C23) sw a2, 1048(tp)
mem[0x8003A680] <- 0x00000003


mem[X,0x8001BACC] -> 0x0513
mem[X,0x8001BACE] -> 0x0020
[2674] [M]: 0x8001BACC (0x00200513) addi a0, zero, 2
x10 <- 0x00000002


mem[X,0x8001BAD0] -> 0x0593
mem[X,0x8001BAD2] -> 0x0050
[2675] [M]: 0x8001BAD0 (0x00500593) addi a1, zero, 5
x11 <- 0x00000005


mem[X,0x8001BAD4] -> 0x0613
mem[X,0x8001BAD6] -> 0x0000
[2676] [M]: 0x8001BAD4 (0x00000613) addi a2, zero, 0
x12 <- 0x00000000


mem[X,0x8001BAD8] -> 0x006F
mem[X,0x8001BADA] -> 0x00C0
[2677] [M]: 0x8001BAD8 (0x00C0006F) jal zero, 12


mem[X,0x8001BAE4] -> 0x5063
mem[X,0x8001BAE6] -> 0x40B5
[2678] [M]: 0x8001BAE4 (0x40B55063) bge a0, a1, 1024


mem[X,0x8001BAE8] -> 0x0613
mem[X,0x8001BAEA] -> 0x0026
[2679] [M]: 0x8001BAE8 (0x00260613) addi a2, a2, 2
x12 <- 0x00000002


mem[X,0x8001BAEC] -> 0x006F
mem[X,0x8001BAEE] -> 0x4000
[2680] [M]: 0x8001BAEC (0x4000006F) jal zero, 1024


mem[X,0x8001BEEC] -> 0x2E23
mem[X,0x8001BEEE] -> 0x40C2
[2681] [M]: 0x8001BEEC (0x40C22E23) sw a2, 1052(tp)
mem[0x8003A684] <- 0x00000002


mem[X,0x8001BEF0] -> 0x0513
mem[X,0x8001BEF2] -> 0x0020
[2682] [M]: 0x8001BEF0 (0x00200513) addi a0, zero, 2
x10 <- 0x00000002


mem[X,0x8001BEF4] -> 0x35B7
mem[X,0x8001BEF6] -> 0x3333
[2683] [M]: 0x8001BEF4 (0x333335B7) lui a1, 209715
x11 <- 0x33333000


mem[X,0x8001BEF8] -> 0x8593
mem[X,0x8001BEFA] -> 0x3335
[2684] [M]: 0x8001BEF8 (0x33358593) addi a1, a1, 819
x11 <- 0x33333333


mem[X,0x8001BEFC] -> 0x0613
mem[X,0x8001BEFE] -> 0x0000
[2685] [M]: 0x8001BEFC (0x00000613) addi a2, zero, 0
x12 <- 0x00000000


mem[X,0x8001BF00] -> 0x006F
mem[X,0x8001BF02] -> 0x00C0
[2686] [M]: 0x8001BF00 (0x00C0006F) jal zero, 12


mem[X,0x8001BF0C] -> 0x5CE3
mem[X,0x8001BF0E] -> 0xFEB5
[2687] [M]: 0x8001BF0C (0xFEB55CE3) bge a0, a1, 8184


mem[X,0x8001BF10] -> 0x0613
mem[X,0x8001BF12] -> 0x0026
[2688] [M]: 0x8001BF10 (0x00260613) addi a2, a2, 2
x12 <- 0x00000002


mem[X,0x8001BF14] -> 0x006F
mem[X,0x8001BF16] -> 0x00C0
[2689] [M]: 0x8001BF14 (0x00C0006F) jal zero, 12


mem[X,0x8001BF20] -> 0x2023
mem[X,0x8001BF22] -> 0x42C2
[2690] [M]: 0x8001BF20 (0x42C22023) sw a2, 1056(tp)
mem[0x8003A688] <- 0x00000002


mem[X,0x8001BF24] -> 0x0513
mem[X,0x8001BF26] -> 0x0020
[2691] [M]: 0x8001BF24 (0x00200513) addi a0, zero, 2
x10 <- 0x00000002


mem[X,0x8001BF28] -> 0x65B7
mem[X,0x8001BF2A] -> 0x6666
[2692] [M]: 0x8001BF28 (0x666665B7) lui a1, 419430
x11 <- 0x66666000


mem[X,0x8001BF2C] -> 0x8593
mem[X,0x8001BF2E] -> 0x6665
[2693] [M]: 0x8001BF2C (0x66658593) addi a1, a1, 1638
x11 <- 0x66666666


mem[X,0x8001BF30] -> 0x0613
mem[X,0x8001BF32] -> 0x0000
[2694] [M]: 0x8001BF30 (0x00000613) addi a2, zero, 0
x12 <- 0x00000000


mem[X,0x8001BF34] -> 0x006F
mem[X,0x8001BF36] -> 0x00C0
[2695] [M]: 0x8001BF34 (0x00C0006F) jal zero, 12


mem[X,0x8001BF40] -> 0x5CE3
mem[X,0x8001BF42] -> 0xFEB5
[2696] [M]: 0x8001BF40 (0xFEB55CE3) bge a0, a1, 8184


mem[X,0x8001BF44] -> 0x0613
mem[X,0x8001BF46] -> 0x0026
[2697] [M]: 0x8001BF44 (0x00260613) addi a2, a2, 2
x12 <- 0x00000002


mem[X,0x8001BF48] -> 0x006F
mem[X,0x8001BF4A] -> 0x00C0
[2698] [M]: 0x8001BF48 (0x00C0006F) jal zero, 12


mem[X,0x8001BF54] -> 0x2223
mem[X,0x8001BF56] -> 0x42C2
[2699] [M]: 0x8001BF54 (0x42C22223) sw a2, 1060(tp)
mem[0x8003A68C] <- 0x00000002


clint::tick mtime <- 0x000000000000001B
 clint timer pending at mtime 0x000000000000001B
htif::tick 0x0000000000000000
mem[X,0x8001BF58] -> 0x0513
mem[X,0x8001BF5A] -> 0x0020
[2700] [M]: 0x8001BF58 (0x00200513) addi a0, zero, 2
x10 <- 0x00000002


mem[X,0x8001BF5C] -> 0x55B7
mem[X,0x8001BF5E] -> 0xFFFF
[2701] [M]: 0x8001BF5C (0xFFFF55B7) lui a1, 1048565
x11 <- 0xFFFF5000


mem[X,0x8001BF60] -> 0x8593
mem[X,0x8001BF62] -> 0xAFC5
[2702] [M]: 0x8001BF60 (0xAFC58593) addi a1, a1, 2812
x11 <- 0xFFFF4AFC


mem[X,0x8001BF64] -> 0x0613
mem[X,0x8001BF66] -> 0x0000
[2703] [M]: 0x8001BF64 (0x00000613) addi a2, zero, 0
x12 <- 0x00000000


mem[X,0x8001BF68] -> 0x006F
mem[X,0x8001BF6A] -> 0x00C0
[2704] [M]: 0x8001BF68 (0x00C0006F) jal zero, 12


mem[X,0x8001BF74] -> 0x5CE3
mem[X,0x8001BF76] -> 0xFEB5
[2705] [M]: 0x8001BF74 (0xFEB55CE3) bge a0, a1, 8184


mem[X,0x8001BF6C] -> 0x0613
mem[X,0x8001BF6E] -> 0x0016
[2706] [M]: 0x8001BF6C (0x00160613) addi a2, a2, 1
x12 <- 0x00000001


mem[X,0x8001BF70] -> 0x006F
mem[X,0x8001BF72] -> 0x0180
[2707] [M]: 0x8001BF70 (0x0180006F) jal zero, 24


mem[X,0x8001BF88] -> 0x2423
mem[X,0x8001BF8A] -> 0x42C2
[2708] [M]: 0x8001BF88 (0x42C22423) sw a2, 1064(tp)
mem[0x8003A690] <- 0x00000001


mem[X,0x8001BF8C] -> 0x0513
mem[X,0x8001BF8E] -> 0x0020
[2709] [M]: 0x8001BF8C (0x00200513) addi a0, zero, 2
x10 <- 0x00000002


mem[X,0x8001BF90] -> 0xB5B7
mem[X,0x8001BF92] -> 0x0000
[2710] [M]: 0x8001BF90 (0x0000B5B7) lui a1, 11
x11 <- 0x0000B000


mem[X,0x8001BF94] -> 0x8593
mem[X,0x8001BF96] -> 0x5045
[2711] [M]: 0x8001BF94 (0x50458593) addi a1, a1, 1284
x11 <- 0x0000B504


mem[X,0x8001BF98] -> 0x0613
mem[X,0x8001BF9A] -> 0x0000
[2712] [M]: 0x8001BF98 (0x00000613) addi a2, zero, 0
x12 <- 0x00000000


mem[X,0x8001BF9C] -> 0x006F
mem[X,0x8001BF9E] -> 0x00C0
[2713] [M]: 0x8001BF9C (0x00C0006F) jal zero, 12


mem[X,0x8001BFA8] -> 0x5CE3
mem[X,0x8001BFAA] -> 0xFEB5
[2714] [M]: 0x8001BFA8 (0xFEB55CE3) bge a0, a1, 8184


mem[X,0x8001BFAC] -> 0x0613
mem[X,0x8001BFAE] -> 0x0026
[2715] [M]: 0x8001BFAC (0x00260613) addi a2, a2, 2
x12 <- 0x00000002


mem[X,0x8001BFB0] -> 0x006F
mem[X,0x8001BFB2] -> 0x00C0
[2716] [M]: 0x8001BFB0 (0x00C0006F) jal zero, 12


mem[X,0x8001BFBC] -> 0x2623
mem[X,0x8001BFBE] -> 0x42C2
[2717] [M]: 0x8001BFBC (0x42C22623) sw a2, 1068(tp)
mem[0x8003A694] <- 0x00000002


mem[X,0x8001BFC0] -> 0x0513
mem[X,0x8001BFC2] -> 0x0020
[2718] [M]: 0x8001BFC0 (0x00200513) addi a0, zero, 2
x10 <- 0x00000002


mem[X,0x8001BFC4] -> 0x0593
mem[X,0x8001BFC6] -> 0x0020
[2719] [M]: 0x8001BFC4 (0x00200593) addi a1, zero, 2
x11 <- 0x00000002


mem[X,0x8001BFC8] -> 0x0613
mem[X,0x8001BFCA] -> 0x0000
[2720] [M]: 0x8001BFC8 (0x00000613) addi a2, zero, 0
x12 <- 0x00000000


mem[X,0x8001BFCC] -> 0x006F
mem[X,0x8001BFCE] -> 0x00C0
[2721] [M]: 0x8001BFCC (0x00C0006F) jal zero, 12


mem[X,0x8001BFD8] -> 0x5663
mem[X,0x8001BFDA] -> 0x00B5
[2722] [M]: 0x8001BFD8 (0x00B55663) bge a0, a1, 12


mem[X,0x8001BFE4] -> 0x0613
mem[X,0x8001BFE6] -> 0x0036
[2723] [M]: 0x8001BFE4 (0x00360613) addi a2, a2, 3
x12 <- 0x00000003


mem[X,0x8001BFE8] -> 0x006F
mem[X,0x8001BFEA] -> 0x0040
[2724] [M]: 0x8001BFE8 (0x0040006F) jal zero, 4


mem[X,0x8001BFEC] -> 0x2823
mem[X,0x8001BFEE] -> 0x42C2
[2725] [M]: 0x8001BFEC (0x42C22823) sw a2, 1072(tp)
mem[0x8003A698] <- 0x00000003


mem[X,0x8001BFF0] -> 0x0513
mem[X,0x8001BFF2] -> 0x0020
[2726] [M]: 0x8001BFF0 (0x00200513) addi a0, zero, 2
x10 <- 0x00000002


mem[X,0x8001BFF4] -> 0x55B7
mem[X,0x8001BFF6] -> 0x5555
[2727] [M]: 0x8001BFF4 (0x555555B7) lui a1, 349525
x11 <- 0x55555000


mem[X,0x8001BFF8] -> 0x8593
mem[X,0x8001BFFA] -> 0x5545
[2728] [M]: 0x8001BFF8 (0x55458593) addi a1, a1, 1364
x11 <- 0x55555554


mem[X,0x8001BFFC] -> 0x0613
mem[X,0x8001BFFE] -> 0x0000
[2729] [M]: 0x8001BFFC (0x00000613) addi a2, zero, 0
x12 <- 0x00000000


mem[X,0x8001C000] -> 0x006F
mem[X,0x8001C002] -> 0x0100
[2730] [M]: 0x8001C000 (0x0100006F) jal zero, 16


mem[X,0x8001C010] -> 0x5AE3
mem[X,0x8001C012] -> 0xFEB5
[2731] [M]: 0x8001C010 (0xFEB55AE3) bge a0, a1, 8180


mem[X,0x8001C014] -> 0x0613
mem[X,0x8001C016] -> 0x0026
[2732] [M]: 0x8001C014 (0x00260613) addi a2, a2, 2
x12 <- 0x00000002


mem[X,0x8001C018] -> 0x006F
mem[X,0x8001C01A] -> 0x00C0
[2733] [M]: 0x8001C018 (0x00C0006F) jal zero, 12


mem[X,0x8001C024] -> 0x2A23
mem[X,0x8001C026] -> 0x42C2
[2734] [M]: 0x8001C024 (0x42C22A23) sw a2, 1076(tp)
mem[0x8003A69C] <- 0x00000002


mem[X,0x8001C028] -> 0x0513
mem[X,0x8001C02A] -> 0x0020
[2735] [M]: 0x8001C028 (0x00200513) addi a0, zero, 2
x10 <- 0x00000002


mem[X,0x8001C02C] -> 0x0593
mem[X,0x8001C02E] -> 0x0000
[2736] [M]: 0x8001C02C (0x00000593) addi a1, zero, 0
x11 <- 0x00000000


mem[X,0x8001C030] -> 0x0613
mem[X,0x8001C032] -> 0x0000
[2737] [M]: 0x8001C030 (0x00000613) addi a2, zero, 0
x12 <- 0x00000000


mem[X,0x8001C034] -> 0x006F
mem[X,0x8001C036] -> 0x00C0
[2738] [M]: 0x8001C034 (0x00C0006F) jal zero, 12


mem[X,0x8001C040] -> 0x5863
mem[X,0x8001C042] -> 0x00B5
[2739] [M]: 0x8001C040 (0x00B55863) bge a0, a1, 16


mem[X,0x8001C050] -> 0x0613
mem[X,0x8001C052] -> 0x0036
[2740] [M]: 0x8001C050 (0x00360613) addi a2, a2, 3
x12 <- 0x00000003


mem[X,0x8001C054] -> 0x006F
mem[X,0x8001C056] -> 0x0040
[2741] [M]: 0x8001C054 (0x0040006F) jal zero, 4


mem[X,0x8001C058] -> 0x2C23
mem[X,0x8001C05A] -> 0x42C2
[2742] [M]: 0x8001C058 (0x42C22C23) sw a2, 1080(tp)
mem[0x8003A6A0] <- 0x00000003


mem[X,0x8001C05C] -> 0x0513
mem[X,0x8001C05E] -> 0x0020
[2743] [M]: 0x8001C05C (0x00200513) addi a0, zero, 2
x10 <- 0x00000002


mem[X,0x8001C060] -> 0x0593
mem[X,0x8001C062] -> 0x0040
[2744] [M]: 0x8001C060 (0x00400593) addi a1, zero, 4
x11 <- 0x00000004


mem[X,0x8001C064] -> 0x0613
mem[X,0x8001C066] -> 0x0000
[2745] [M]: 0x8001C064 (0x00000613) addi a2, zero, 0
x12 <- 0x00000000


mem[X,0x8001C068] -> 0x006F
mem[X,0x8001C06A] -> 0x0100
[2746] [M]: 0x8001C068 (0x0100006F) jal zero, 16


mem[X,0x8001C078] -> 0x5AE3
mem[X,0x8001C07A] -> 0xFEB5
[2747] [M]: 0x8001C078 (0xFEB55AE3) bge a0, a1, 8180


mem[X,0x8001C07C] -> 0x0613
mem[X,0x8001C07E] -> 0x0026
[2748] [M]: 0x8001C07C (0x00260613) addi a2, a2, 2
x12 <- 0x00000002


mem[X,0x8001C080] -> 0x006F
mem[X,0x8001C082] -> 0x00C0
[2749] [M]: 0x8001C080 (0x00C0006F) jal zero, 12


mem[X,0x8001C08C] -> 0x2E23
mem[X,0x8001C08E] -> 0x42C2
[2750] [M]: 0x8001C08C (0x42C22E23) sw a2, 1084(tp)
mem[0x8003A6A4] <- 0x00000002


mem[X,0x8001C090] -> 0x0513
mem[X,0x8001C092] -> 0x0020
[2751] [M]: 0x8001C090 (0x00200513) addi a0, zero, 2
x10 <- 0x00000002


mem[X,0x8001C094] -> 0x35B7
mem[X,0x8001C096] -> 0x3333
[2752] [M]: 0x8001C094 (0x333335B7) lui a1, 209715
x11 <- 0x33333000


mem[X,0x8001C098] -> 0x8593
mem[X,0x8001C09A] -> 0x3325
[2753] [M]: 0x8001C098 (0x33258593) addi a1, a1, 818
x11 <- 0x33333332


mem[X,0x8001C09C] -> 0x0613
mem[X,0x8001C09E] -> 0x0000
[2754] [M]: 0x8001C09C (0x00000613) addi a2, zero, 0
x12 <- 0x00000000


mem[X,0x8001C0A0] -> 0x006F
mem[X,0x8001C0A2] -> 0x00C0
[2755] [M]: 0x8001C0A0 (0x00C0006F) jal zero, 12


mem[X,0x8001C0AC] -> 0x5663
mem[X,0x8001C0AE] -> 0x00B5
[2756] [M]: 0x8001C0AC (0x00B55663) bge a0, a1, 12


mem[X,0x8001C0B0] -> 0x0613
mem[X,0x8001C0B2] -> 0x0026
[2757] [M]: 0x8001C0B0 (0x00260613) addi a2, a2, 2
x12 <- 0x00000002


mem[X,0x8001C0B4] -> 0x006F
mem[X,0x8001C0B6] -> 0x00C0
[2758] [M]: 0x8001C0B4 (0x00C0006F) jal zero, 12


mem[X,0x8001C0C0] -> 0x2023
mem[X,0x8001C0C2] -> 0x44C2
[2759] [M]: 0x8001C0C0 (0x44C22023) sw a2, 1088(tp)
mem[0x8003A6A8] <- 0x00000002


mem[X,0x8001C0C4] -> 0x0513
mem[X,0x8001C0C6] -> 0x0020
[2760] [M]: 0x8001C0C4 (0x00200513) addi a0, zero, 2
x10 <- 0x00000002


mem[X,0x8001C0C8] -> 0x65B7
mem[X,0x8001C0CA] -> 0x6666
[2761] [M]: 0x8001C0C8 (0x666665B7) lui a1, 419430
x11 <- 0x66666000


mem[X,0x8001C0CC] -> 0x8593
mem[X,0x8001C0CE] -> 0x6655
[2762] [M]: 0x8001C0CC (0x66558593) addi a1, a1, 1637
x11 <- 0x66666665


mem[X,0x8001C0D0] -> 0x0613
mem[X,0x8001C0D2] -> 0x0000
[2763] [M]: 0x8001C0D0 (0x00000613) addi a2, zero, 0
x12 <- 0x00000000


mem[X,0x8001C0D4] -> 0x006F
mem[X,0x8001C0D6] -> 0x00C0
[2764] [M]: 0x8001C0D4 (0x00C0006F) jal zero, 12


mem[X,0x8001C0E0] -> 0x5063
mem[X,0x8001C0E2] -> 0x40B5
[2765] [M]: 0x8001C0E0 (0x40B55063) bge a0, a1, 1024


mem[X,0x8001C0E4] -> 0x0613
mem[X,0x8001C0E6] -> 0x0026
[2766] [M]: 0x8001C0E4 (0x00260613) addi a2, a2, 2
x12 <- 0x00000002


mem[X,0x8001C0E8] -> 0x006F
mem[X,0x8001C0EA] -> 0x4000
[2767] [M]: 0x8001C0E8 (0x4000006F) jal zero, 1024


mem[X,0x8001C4E8] -> 0x2223
mem[X,0x8001C4EA] -> 0x44C2
[2768] [M]: 0x8001C4E8 (0x44C22223) sw a2, 1092(tp)
mem[0x8003A6AC] <- 0x00000002


mem[X,0x8001C4EC] -> 0x0513
mem[X,0x8001C4EE] -> 0x0020
[2769] [M]: 0x8001C4EC (0x00200513) addi a0, zero, 2
x10 <- 0x00000002


mem[X,0x8001C4F0] -> 0xB5B7
mem[X,0x8001C4F2] -> 0x0000
[2770] [M]: 0x8001C4F0 (0x0000B5B7) lui a1, 11
x11 <- 0x0000B000


mem[X,0x8001C4F4] -> 0x8593
mem[X,0x8001C4F6] -> 0x5035
[2771] [M]: 0x8001C4F4 (0x50358593) addi a1, a1, 1283
x11 <- 0x0000B503


mem[X,0x8001C4F8] -> 0x0613
mem[X,0x8001C4FA] -> 0x0000
[2772] [M]: 0x8001C4F8 (0x00000613) addi a2, zero, 0
x12 <- 0x00000000


mem[X,0x8001C4FC] -> 0x006F
mem[X,0x8001C4FE] -> 0x00C0
[2773] [M]: 0x8001C4FC (0x00C0006F) jal zero, 12


mem[X,0x8001C508] -> 0x5663
mem[X,0x8001C50A] -> 0x00B5
[2774] [M]: 0x8001C508 (0x00B55663) bge a0, a1, 12


mem[X,0x8001C50C] -> 0x0613
mem[X,0x8001C50E] -> 0x0026
[2775] [M]: 0x8001C50C (0x00260613) addi a2, a2, 2
x12 <- 0x00000002


mem[X,0x8001C510] -> 0x006F
mem[X,0x8001C512] -> 0x00C0
[2776] [M]: 0x8001C510 (0x00C0006F) jal zero, 12


mem[X,0x8001C51C] -> 0x2423
mem[X,0x8001C51E] -> 0x44C2
[2777] [M]: 0x8001C51C (0x44C22423) sw a2, 1096(tp)
mem[0x8003A6B0] <- 0x00000002


mem[X,0x8001C520] -> 0x0513
mem[X,0x8001C522] -> 0x0020
[2778] [M]: 0x8001C520 (0x00200513) addi a0, zero, 2
x10 <- 0x00000002


mem[X,0x8001C524] -> 0x55B7
mem[X,0x8001C526] -> 0x5555
[2779] [M]: 0x8001C524 (0x555555B7) lui a1, 349525
x11 <- 0x55555000


mem[X,0x8001C528] -> 0x8593
mem[X,0x8001C52A] -> 0x5565
[2780] [M]: 0x8001C528 (0x55658593) addi a1, a1, 1366
x11 <- 0x55555556


mem[X,0x8001C52C] -> 0x0613
mem[X,0x8001C52E] -> 0x0000
[2781] [M]: 0x8001C52C (0x00000613) addi a2, zero, 0
x12 <- 0x00000000


mem[X,0x8001C530] -> 0x006F
mem[X,0x8001C532] -> 0x00C0
[2782] [M]: 0x8001C530 (0x00C0006F) jal zero, 12


mem[X,0x8001C53C] -> 0x5663
mem[X,0x8001C53E] -> 0x00B5
[2783] [M]: 0x8001C53C (0x00B55663) bge a0, a1, 12


mem[X,0x8001C540] -> 0x0613
mem[X,0x8001C542] -> 0x0026
[2784] [M]: 0x8001C540 (0x00260613) addi a2, a2, 2
x12 <- 0x00000002


mem[X,0x8001C544] -> 0x006F
mem[X,0x8001C546] -> 0x00C0
[2785] [M]: 0x8001C544 (0x00C0006F) jal zero, 12


mem[X,0x8001C550] -> 0x2623
mem[X,0x8001C552] -> 0x44C2
[2786] [M]: 0x8001C550 (0x44C22623) sw a2, 1100(tp)
mem[0x8003A6B4] <- 0x00000002


mem[X,0x8001C554] -> 0x0513
mem[X,0x8001C556] -> 0x0020
[2787] [M]: 0x8001C554 (0x00200513) addi a0, zero, 2
x10 <- 0x00000002


mem[X,0x8001C558] -> 0xB5B7
mem[X,0x8001C55A] -> 0xAAAA
[2788] [M]: 0x8001C558 (0xAAAAB5B7) lui a1, 699051
x11 <- 0xAAAAB000


mem[X,0x8001C55C] -> 0x8593
mem[X,0x8001C55E] -> 0xAAB5
[2789] [M]: 0x8001C55C (0xAAB58593) addi a1, a1, 2731
x11 <- 0xAAAAAAAB


mem[X,0x8001C560] -> 0x0613
mem[X,0x8001C562] -> 0x0000
[2790] [M]: 0x8001C560 (0x00000613) addi a2, zero, 0
x12 <- 0x00000000


mem[X,0x8001C564] -> 0x006F
mem[X,0x8001C566] -> 0x00C0
[2791] [M]: 0x8001C564 (0x00C0006F) jal zero, 12


mem[X,0x8001C570] -> 0x5663
mem[X,0x8001C572] -> 0x00B5
[2792] [M]: 0x8001C570 (0x00B55663) bge a0, a1, 12


mem[X,0x8001C57C] -> 0x0613
mem[X,0x8001C57E] -> 0x0036
[2793] [M]: 0x8001C57C (0x00360613) addi a2, a2, 3
x12 <- 0x00000003


mem[X,0x8001C580] -> 0x006F
mem[X,0x8001C582] -> 0x0040
[2794] [M]: 0x8001C580 (0x0040006F) jal zero, 4


mem[X,0x8001C584] -> 0x2823
mem[X,0x8001C586] -> 0x44C2
[2795] [M]: 0x8001C584 (0x44C22823) sw a2, 1104(tp)
mem[0x8003A6B8] <- 0x00000003


mem[X,0x8001C588] -> 0x0513
mem[X,0x8001C58A] -> 0x0020
[2796] [M]: 0x8001C588 (0x00200513) addi a0, zero, 2
x10 <- 0x00000002


mem[X,0x8001C58C] -> 0x0593
mem[X,0x8001C58E] -> 0x0060
[2797] [M]: 0x8001C58C (0x00600593) addi a1, zero, 6
x11 <- 0x00000006


mem[X,0x8001C590] -> 0x0613
mem[X,0x8001C592] -> 0x0000
[2798] [M]: 0x8001C590 (0x00000613) addi a2, zero, 0
x12 <- 0x00000000


mem[X,0x8001C594] -> 0x006F
mem[X,0x8001C596] -> 0x00C0
[2799] [M]: 0x8001C594 (0x00C0006F) jal zero, 12


clint::tick mtime <- 0x000000000000001C
 clint timer pending at mtime 0x000000000000001C
htif::tick 0x0000000000000000
mem[X,0x8001C5A0] -> 0x5663
mem[X,0x8001C5A2] -> 0x00B5
[2800] [M]: 0x8001C5A0 (0x00B55663) bge a0, a1, 12


mem[X,0x8001C5A4] -> 0x0613
mem[X,0x8001C5A6] -> 0x0026
[2801] [M]: 0x8001C5A4 (0x00260613) addi a2, a2, 2
x12 <- 0x00000002


mem[X,0x8001C5A8] -> 0x006F
mem[X,0x8001C5AA] -> 0x00C0
[2802] [M]: 0x8001C5A8 (0x00C0006F) jal zero, 12


mem[X,0x8001C5B4] -> 0x2A23
mem[X,0x8001C5B6] -> 0x44C2
[2803] [M]: 0x8001C5B4 (0x44C22A23) sw a2, 1108(tp)
mem[0x8003A6BC] <- 0x00000002


mem[X,0x8001C5B8] -> 0x0513
mem[X,0x8001C5BA] -> 0x0020
[2804] [M]: 0x8001C5B8 (0x00200513) addi a0, zero, 2
x10 <- 0x00000002


mem[X,0x8001C5BC] -> 0x35B7
mem[X,0x8001C5BE] -> 0x3333
[2805] [M]: 0x8001C5BC (0x333335B7) lui a1, 209715
x11 <- 0x33333000


mem[X,0x8001C5C0] -> 0x8593
mem[X,0x8001C5C2] -> 0x3345
[2806] [M]: 0x8001C5C0 (0x33458593) addi a1, a1, 820
x11 <- 0x33333334


mem[X,0x8001C5C4] -> 0x0613
mem[X,0x8001C5C6] -> 0x0000
[2807] [M]: 0x8001C5C4 (0x00000613) addi a2, zero, 0
x12 <- 0x00000000


mem[X,0x8001C5C8] -> 0x006F
mem[X,0x8001C5CA] -> 0x00C0
[2808] [M]: 0x8001C5C8 (0x00C0006F) jal zero, 12


mem[X,0x8001C5D4] -> 0x5063
mem[X,0x8001C5D6] -> 0x04B5
[2809] [M]: 0x8001C5D4 (0x04B55063) bge a0, a1, 64


mem[X,0x8001C5D8] -> 0x0613
mem[X,0x8001C5DA] -> 0x0026
[2810] [M]: 0x8001C5D8 (0x00260613) addi a2, a2, 2
x12 <- 0x00000002


mem[X,0x8001C5DC] -> 0x006F
mem[X,0x8001C5DE] -> 0x0400
[2811] [M]: 0x8001C5DC (0x0400006F) jal zero, 64


mem[X,0x8001C61C] -> 0x2C23
mem[X,0x8001C61E] -> 0x44C2
[2812] [M]: 0x8001C61C (0x44C22C23) sw a2, 1112(tp)
mem[0x8003A6C0] <- 0x00000002


mem[X,0x8001C620] -> 0x0513
mem[X,0x8001C622] -> 0x0020
[2813] [M]: 0x8001C620 (0x00200513) addi a0, zero, 2
x10 <- 0x00000002


mem[X,0x8001C624] -> 0x65B7
mem[X,0x8001C626] -> 0x6666
[2814] [M]: 0x8001C624 (0x666665B7) lui a1, 419430
x11 <- 0x66666000


mem[X,0x8001C628] -> 0x8593
mem[X,0x8001C62A] -> 0x6675
[2815] [M]: 0x8001C628 (0x66758593) addi a1, a1, 1639
x11 <- 0x66666667


mem[X,0x8001C62C] -> 0x0613
mem[X,0x8001C62E] -> 0x0000
[2816] [M]: 0x8001C62C (0x00000613) addi a2, zero, 0
x12 <- 0x00000000


mem[X,0x8001C630] -> 0x006F
mem[X,0x8001C632] -> 0x00C0
[2817] [M]: 0x8001C630 (0x00C0006F) jal zero, 12


mem[X,0x8001C63C] -> 0x5663
mem[X,0x8001C63E] -> 0x00B5
[2818] [M]: 0x8001C63C (0x00B55663) bge a0, a1, 12


mem[X,0x8001C640] -> 0x0613
mem[X,0x8001C642] -> 0x0026
[2819] [M]: 0x8001C640 (0x00260613) addi a2, a2, 2
x12 <- 0x00000002


mem[X,0x8001C644] -> 0x006F
mem[X,0x8001C646] -> 0x00C0
[2820] [M]: 0x8001C644 (0x00C0006F) jal zero, 12


mem[X,0x8001C650] -> 0x2E23
mem[X,0x8001C652] -> 0x44C2
[2821] [M]: 0x8001C650 (0x44C22E23) sw a2, 1116(tp)
mem[0x8003A6C4] <- 0x00000002


mem[X,0x8001C654] -> 0x0513
mem[X,0x8001C656] -> 0x0020
[2822] [M]: 0x8001C654 (0x00200513) addi a0, zero, 2
x10 <- 0x00000002


mem[X,0x8001C658] -> 0x55B7
mem[X,0x8001C65A] -> 0xFFFF
[2823] [M]: 0x8001C658 (0xFFFF55B7) lui a1, 1048565
x11 <- 0xFFFF5000


mem[X,0x8001C65C] -> 0x8593
mem[X,0x8001C65E] -> 0xAFD5
[2824] [M]: 0x8001C65C (0xAFD58593) addi a1, a1, 2813
x11 <- 0xFFFF4AFD


mem[X,0x8001C660] -> 0x0613
mem[X,0x8001C662] -> 0x0000
[2825] [M]: 0x8001C660 (0x00000613) addi a2, zero, 0
x12 <- 0x00000000


mem[X,0x8001C664] -> 0x006F
mem[X,0x8001C666] -> 0x00C0
[2826] [M]: 0x8001C664 (0x00C0006F) jal zero, 12


mem[X,0x8001C670] -> 0x5063
mem[X,0x8001C672] -> 0x04B5
[2827] [M]: 0x8001C670 (0x04B55063) bge a0, a1, 64


mem[X,0x8001C6B0] -> 0x0613
mem[X,0x8001C6B2] -> 0x0036
[2828] [M]: 0x8001C6B0 (0x00360613) addi a2, a2, 3
x12 <- 0x00000003


mem[X,0x8001C6B4] -> 0x006F
mem[X,0x8001C6B6] -> 0x0040
[2829] [M]: 0x8001C6B4 (0x0040006F) jal zero, 4


mem[X,0x8001C6B8] -> 0x2023
mem[X,0x8001C6BA] -> 0x46C2
[2830] [M]: 0x8001C6B8 (0x46C22023) sw a2, 1120(tp)
mem[0x8003A6C8] <- 0x00000003


mem[X,0x8001C6BC] -> 0x0513
mem[X,0x8001C6BE] -> 0x0020
[2831] [M]: 0x8001C6BC (0x00200513) addi a0, zero, 2
x10 <- 0x00000002


mem[X,0x8001C6C0] -> 0xB5B7
mem[X,0x8001C6C2] -> 0x0000
[2832] [M]: 0x8001C6C0 (0x0000B5B7) lui a1, 11
x11 <- 0x0000B000


mem[X,0x8001C6C4] -> 0x8593
mem[X,0x8001C6C6] -> 0x5055
[2833] [M]: 0x8001C6C4 (0x50558593) addi a1, a1, 1285
x11 <- 0x0000B505


mem[X,0x8001C6C8] -> 0x0613
mem[X,0x8001C6CA] -> 0x0000
[2834] [M]: 0x8001C6C8 (0x00000613) addi a2, zero, 0
x12 <- 0x00000000


mem[X,0x8001C6CC] -> 0x006F
mem[X,0x8001C6CE] -> 0x2B10
[2835] [M]: 0x8001C6CC (0x2B10006F) jal zero, 2736


mem[X,0x8001D17C] -> 0x5A63
mem[X,0x8001D17E] -> 0xD4B5
[2836] [M]: 0x8001D17C (0xD4B55A63) bge a0, a1, 5460


mem[X,0x8001D180] -> 0x0613
mem[X,0x8001D182] -> 0x0026
[2837] [M]: 0x8001D180 (0x00260613) addi a2, a2, 2
x12 <- 0x00000002


mem[X,0x8001D184] -> 0x006F
mem[X,0x8001D186] -> 0x00C0
[2838] [M]: 0x8001D184 (0x00C0006F) jal zero, 12


mem[X,0x8001D190] -> 0x2223
mem[X,0x8001D192] -> 0x46C2
[2839] [M]: 0x8001D190 (0x46C22223) sw a2, 1124(tp)
mem[0x8003A6CC] <- 0x00000002


mem[X,0x8001D194] -> 0x5537
mem[X,0x8001D196] -> 0x5555
[2840] [M]: 0x8001D194 (0x55555537) lui a0, 349525
x10 <- 0x55555000


mem[X,0x8001D198] -> 0x0513
mem[X,0x8001D19A] -> 0x5545
[2841] [M]: 0x8001D198 (0x55450513) addi a0, a0, 1364
x10 <- 0x55555554


mem[X,0x8001D19C] -> 0x0593
mem[X,0x8001D19E] -> 0x0030
[2842] [M]: 0x8001D19C (0x00300593) addi a1, zero, 3
x11 <- 0x00000003


mem[X,0x8001D1A0] -> 0x0613
mem[X,0x8001D1A2] -> 0x0000
[2843] [M]: 0x8001D1A0 (0x00000613) addi a2, zero, 0
x12 <- 0x00000000


mem[X,0x8001D1A4] -> 0x006F
mem[X,0x8001D1A6] -> 0x00C0
[2844] [M]: 0x8001D1A4 (0x00C0006F) jal zero, 12


mem[X,0x8001D1B0] -> 0x5CE3
mem[X,0x8001D1B2] -> 0xFEB5
[2845] [M]: 0x8001D1B0 (0xFEB55CE3) bge a0, a1, 8184


mem[X,0x8001D1A8] -> 0x0613
mem[X,0x8001D1AA] -> 0x0016
[2846] [M]: 0x8001D1A8 (0x00160613) addi a2, a2, 1
x12 <- 0x00000001


mem[X,0x8001D1AC] -> 0x006F
mem[X,0x8001D1AE] -> 0x0180
[2847] [M]: 0x8001D1AC (0x0180006F) jal zero, 24


mem[X,0x8001D1C4] -> 0x2423
mem[X,0x8001D1C6] -> 0x46C2
[2848] [M]: 0x8001D1C4 (0x46C22423) sw a2, 1128(tp)
mem[0x8003A6D0] <- 0x00000001


mem[X,0x8001D1C8] -> 0x5537
mem[X,0x8001D1CA] -> 0x5555
[2849] [M]: 0x8001D1C8 (0x55555537) lui a0, 349525
x10 <- 0x55555000


mem[X,0x8001D1CC] -> 0x0513
mem[X,0x8001D1CE] -> 0x5545
[2850] [M]: 0x8001D1CC (0x55450513) addi a0, a0, 1364
x10 <- 0x55555554


mem[X,0x8001D1D0] -> 0x55B7
mem[X,0x8001D1D2] -> 0x5555
[2851] [M]: 0x8001D1D0 (0x555555B7) lui a1, 349525
x11 <- 0x55555000


mem[X,0x8001D1D4] -> 0x8593
mem[X,0x8001D1D6] -> 0x5555
[2852] [M]: 0x8001D1D4 (0x55558593) addi a1, a1, 1365
x11 <- 0x55555555


mem[X,0x8001D1D8] -> 0x0613
mem[X,0x8001D1DA] -> 0x0000
[2853] [M]: 0x8001D1D8 (0x00000613) addi a2, zero, 0
x12 <- 0x00000000


mem[X,0x8001D1DC] -> 0x006F
mem[X,0x8001D1DE] -> 0x00C0
[2854] [M]: 0x8001D1DC (0x00C0006F) jal zero, 12


mem[X,0x8001D1E8] -> 0x5063
mem[X,0x8001D1EA] -> 0x08B5
[2855] [M]: 0x8001D1E8 (0x08B55063) bge a0, a1, 128


mem[X,0x8001D1EC] -> 0x0613
mem[X,0x8001D1EE] -> 0x0026
[2856] [M]: 0x8001D1EC (0x00260613) addi a2, a2, 2
x12 <- 0x00000002


mem[X,0x8001D1F0] -> 0x006F
mem[X,0x8001D1F2] -> 0x0800
[2857] [M]: 0x8001D1F0 (0x0800006F) jal zero, 128


mem[X,0x8001D270] -> 0x2623
mem[X,0x8001D272] -> 0x46C2
[2858] [M]: 0x8001D270 (0x46C22623) sw a2, 1132(tp)
mem[0x8003A6D4] <- 0x00000002


mem[X,0x8001D274] -> 0x5537
mem[X,0x8001D276] -> 0x5555
[2859] [M]: 0x8001D274 (0x55555537) lui a0, 349525
x10 <- 0x55555000


mem[X,0x8001D278] -> 0x0513
mem[X,0x8001D27A] -> 0x5545
[2860] [M]: 0x8001D278 (0x55450513) addi a0, a0, 1364
x10 <- 0x55555554


mem[X,0x8001D27C] -> 0xB5B7
mem[X,0x8001D27E] -> 0xAAAA
[2861] [M]: 0x8001D27C (0xAAAAB5B7) lui a1, 699051
x11 <- 0xAAAAB000


mem[X,0x8001D280] -> 0x8593
mem[X,0x8001D282] -> 0xAAA5
[2862] [M]: 0x8001D280 (0xAAA58593) addi a1, a1, 2730
x11 <- 0xAAAAAAAA


mem[X,0x8001D284] -> 0x0613
mem[X,0x8001D286] -> 0x0000
[2863] [M]: 0x8001D284 (0x00000613) addi a2, zero, 0
x12 <- 0x00000000


mem[X,0x8001D288] -> 0x006F
mem[X,0x8001D28A] -> 0x2B10
[2864] [M]: 0x8001D288 (0x2B10006F) jal zero, 2736


mem[X,0x8001DD38] -> 0x5A63
mem[X,0x8001DD3A] -> 0xD4B5
[2865] [M]: 0x8001DD38 (0xD4B55A63) bge a0, a1, 5460


mem[X,0x8001D28C] -> 0x0613
mem[X,0x8001D28E] -> 0x0016
[2866] [M]: 0x8001D28C (0x00160613) addi a2, a2, 1
x12 <- 0x00000001


mem[X,0x8001D290] -> 0x006F
mem[X,0x8001D292] -> 0x2BD0
[2867] [M]: 0x8001D290 (0x2BD0006F) jal zero, 2748


mem[X,0x8001DD4C] -> 0x2823
mem[X,0x8001DD4E] -> 0x46C2
[2868] [M]: 0x8001DD4C (0x46C22823) sw a2, 1136(tp)
mem[0x8003A6D8] <- 0x00000001


mem[X,0x8001DD50] -> 0x5537
mem[X,0x8001DD52] -> 0x5555
[2869] [M]: 0x8001DD50 (0x55555537) lui a0, 349525
x10 <- 0x55555000


mem[X,0x8001DD54] -> 0x0513
mem[X,0x8001DD56] -> 0x5545
[2870] [M]: 0x8001DD54 (0x55450513) addi a0, a0, 1364
x10 <- 0x55555554


mem[X,0x8001DD58] -> 0x0593
mem[X,0x8001DD5A] -> 0x0050
[2871] [M]: 0x8001DD58 (0x00500593) addi a1, zero, 5
x11 <- 0x00000005


mem[X,0x8001DD5C] -> 0x0613
mem[X,0x8001DD5E] -> 0x0000
[2872] [M]: 0x8001DD5C (0x00000613) addi a2, zero, 0
x12 <- 0x00000000


mem[X,0x8001DD60] -> 0x006F
mem[X,0x8001DD62] -> 0x00C0
[2873] [M]: 0x8001DD60 (0x00C0006F) jal zero, 12


mem[X,0x8001DD6C] -> 0x5863
mem[X,0x8001DD6E] -> 0x00B5
[2874] [M]: 0x8001DD6C (0x00B55863) bge a0, a1, 16


mem[X,0x8001DD7C] -> 0x0613
mem[X,0x8001DD7E] -> 0x0036
[2875] [M]: 0x8001DD7C (0x00360613) addi a2, a2, 3
x12 <- 0x00000003


mem[X,0x8001DD80] -> 0x006F
mem[X,0x8001DD82] -> 0x0040
[2876] [M]: 0x8001DD80 (0x0040006F) jal zero, 4


mem[X,0x8001DD84] -> 0x2A23
mem[X,0x8001DD86] -> 0x46C2
[2877] [M]: 0x8001DD84 (0x46C22A23) sw a2, 1140(tp)
mem[0x8003A6DC] <- 0x00000003


mem[X,0x8001DD88] -> 0x5537
mem[X,0x8001DD8A] -> 0x5555
[2878] [M]: 0x8001DD88 (0x55555537) lui a0, 349525
x10 <- 0x55555000


mem[X,0x8001DD8C] -> 0x0513
mem[X,0x8001DD8E] -> 0x5545
[2879] [M]: 0x8001DD8C (0x55450513) addi a0, a0, 1364
x10 <- 0x55555554


mem[X,0x8001DD90] -> 0x35B7
mem[X,0x8001DD92] -> 0x3333
[2880] [M]: 0x8001DD90 (0x333335B7) lui a1, 209715
x11 <- 0x33333000


mem[X,0x8001DD94] -> 0x8593
mem[X,0x8001DD96] -> 0x3335
[2881] [M]: 0x8001DD94 (0x33358593) addi a1, a1, 819
x11 <- 0x33333333


mem[X,0x8001DD98] -> 0x0613
mem[X,0x8001DD9A] -> 0x0000
[2882] [M]: 0x8001DD98 (0x00000613) addi a2, zero, 0
x12 <- 0x00000000


mem[X,0x8001DD9C] -> 0x006F
mem[X,0x8001DD9E] -> 0x00C0
[2883] [M]: 0x8001DD9C (0x00C0006F) jal zero, 12


mem[X,0x8001DDA8] -> 0x5663
mem[X,0x8001DDAA] -> 0x00B5
[2884] [M]: 0x8001DDA8 (0x00B55663) bge a0, a1, 12


mem[X,0x8001DDB4] -> 0x0613
mem[X,0x8001DDB6] -> 0x0036
[2885] [M]: 0x8001DDB4 (0x00360613) addi a2, a2, 3
x12 <- 0x00000003


mem[X,0x8001DDB8] -> 0x006F
mem[X,0x8001DDBA] -> 0x0040
[2886] [M]: 0x8001DDB8 (0x0040006F) jal zero, 4


mem[X,0x8001DDBC] -> 0x2C23
mem[X,0x8001DDBE] -> 0x46C2
[2887] [M]: 0x8001DDBC (0x46C22C23) sw a2, 1144(tp)
mem[0x8003A6E0] <- 0x00000003


mem[X,0x8001DDC0] -> 0x5537
mem[X,0x8001DDC2] -> 0x5555
[2888] [M]: 0x8001DDC0 (0x55555537) lui a0, 349525
x10 <- 0x55555000


mem[X,0x8001DDC4] -> 0x0513
mem[X,0x8001DDC6] -> 0x5545
[2889] [M]: 0x8001DDC4 (0x55450513) addi a0, a0, 1364
x10 <- 0x55555554


mem[X,0x8001DDC8] -> 0x65B7
mem[X,0x8001DDCA] -> 0x6666
[2890] [M]: 0x8001DDC8 (0x666665B7) lui a1, 419430
x11 <- 0x66666000


mem[X,0x8001DDCC] -> 0x8593
mem[X,0x8001DDCE] -> 0x6665
[2891] [M]: 0x8001DDCC (0x66658593) addi a1, a1, 1638
x11 <- 0x66666666


mem[X,0x8001DDD0] -> 0x0613
mem[X,0x8001DDD2] -> 0x0000
[2892] [M]: 0x8001DDD0 (0x00000613) addi a2, zero, 0
x12 <- 0x00000000


mem[X,0x8001DDD4] -> 0x006F
mem[X,0x8001DDD6] -> 0x0100
[2893] [M]: 0x8001DDD4 (0x0100006F) jal zero, 16


mem[X,0x8001DDE4] -> 0x5AE3
mem[X,0x8001DDE6] -> 0xFEB5
[2894] [M]: 0x8001DDE4 (0xFEB55AE3) bge a0, a1, 8180


mem[X,0x8001DDE8] -> 0x0613
mem[X,0x8001DDEA] -> 0x0026
[2895] [M]: 0x8001DDE8 (0x00260613) addi a2, a2, 2
x12 <- 0x00000002


mem[X,0x8001DDEC] -> 0x006F
mem[X,0x8001DDEE] -> 0x00C0
[2896] [M]: 0x8001DDEC (0x00C0006F) jal zero, 12


mem[X,0x8001DDF8] -> 0x2E23
mem[X,0x8001DDFA] -> 0x46C2
[2897] [M]: 0x8001DDF8 (0x46C22E23) sw a2, 1148(tp)
mem[0x8003A6E4] <- 0x00000002


mem[X,0x8001DDFC] -> 0x5537
mem[X,0x8001DDFE] -> 0x5555
[2898] [M]: 0x8001DDFC (0x55555537) lui a0, 349525
x10 <- 0x55555000


mem[X,0x8001DE00] -> 0x0513
mem[X,0x8001DE02] -> 0x5545
[2899] [M]: 0x8001DE00 (0x55450513) addi a0, a0, 1364
x10 <- 0x55555554


clint::tick mtime <- 0x000000000000001D
 clint timer pending at mtime 0x000000000000001D
htif::tick 0x0000000000000000
mem[X,0x8001DE04] -> 0x55B7
mem[X,0x8001DE06] -> 0xFFFF
[2900] [M]: 0x8001DE04 (0xFFFF55B7) lui a1, 1048565
x11 <- 0xFFFF5000


mem[X,0x8001DE08] -> 0x8593
mem[X,0x8001DE0A] -> 0xAFC5
[2901] [M]: 0x8001DE08 (0xAFC58593) addi a1, a1, 2812
x11 <- 0xFFFF4AFC


mem[X,0x8001DE0C] -> 0x0613
mem[X,0x8001DE0E] -> 0x0000
[2902] [M]: 0x8001DE0C (0x00000613) addi a2, zero, 0
x12 <- 0x00000000


mem[X,0x8001DE10] -> 0x006F
mem[X,0x8001DE12] -> 0x00C0
[2903] [M]: 0x8001DE10 (0x00C0006F) jal zero, 12


mem[X,0x8001DE1C] -> 0x5663
mem[X,0x8001DE1E] -> 0x00B5
[2904] [M]: 0x8001DE1C (0x00B55663) bge a0, a1, 12


mem[X,0x8001DE28] -> 0x0613
mem[X,0x8001DE2A] -> 0x0036
[2905] [M]: 0x8001DE28 (0x00360613) addi a2, a2, 3
x12 <- 0x00000003


mem[X,0x8001DE2C] -> 0x006F
mem[X,0x8001DE2E] -> 0x0040
[2906] [M]: 0x8001DE2C (0x0040006F) jal zero, 4


mem[X,0x8001DE30] -> 0x2023
mem[X,0x8001DE32] -> 0x48C2
[2907] [M]: 0x8001DE30 (0x48C22023) sw a2, 1152(tp)
mem[0x8003A6E8] <- 0x00000003


mem[X,0x8001DE34] -> 0x5537
mem[X,0x8001DE36] -> 0x5555
[2908] [M]: 0x8001DE34 (0x55555537) lui a0, 349525
x10 <- 0x55555000


mem[X,0x8001DE38] -> 0x0513
mem[X,0x8001DE3A] -> 0x5545
[2909] [M]: 0x8001DE38 (0x55450513) addi a0, a0, 1364
x10 <- 0x55555554


mem[X,0x8001DE3C] -> 0xB5B7
mem[X,0x8001DE3E] -> 0x0000
[2910] [M]: 0x8001DE3C (0x0000B5B7) lui a1, 11
x11 <- 0x0000B000


mem[X,0x8001DE40] -> 0x8593
mem[X,0x8001DE42] -> 0x5045
[2911] [M]: 0x8001DE40 (0x50458593) addi a1, a1, 1284
x11 <- 0x0000B504


mem[X,0x8001DE44] -> 0x0613
mem[X,0x8001DE46] -> 0x0000
[2912] [M]: 0x8001DE44 (0x00000613) addi a2, zero, 0
x12 <- 0x00000000


mem[X,0x8001DE48] -> 0x006F
mem[X,0x8001DE4A] -> 0x00C0
[2913] [M]: 0x8001DE48 (0x00C0006F) jal zero, 12


mem[X,0x8001DE54] -> 0x5063
mem[X,0x8001DE56] -> 0x02B5
[2914] [M]: 0x8001DE54 (0x02B55063) bge a0, a1, 32


mem[X,0x8001DE74] -> 0x0613
mem[X,0x8001DE76] -> 0x0036
[2915] [M]: 0x8001DE74 (0x00360613) addi a2, a2, 3
x12 <- 0x00000003


mem[X,0x8001DE78] -> 0x006F
mem[X,0x8001DE7A] -> 0x0040
[2916] [M]: 0x8001DE78 (0x0040006F) jal zero, 4


mem[X,0x8001DE7C] -> 0x2223
mem[X,0x8001DE7E] -> 0x48C2
[2917] [M]: 0x8001DE7C (0x48C22223) sw a2, 1156(tp)
mem[0x8003A6EC] <- 0x00000003


mem[X,0x8001DE80] -> 0x5537
mem[X,0x8001DE82] -> 0x5555
[2918] [M]: 0x8001DE80 (0x55555537) lui a0, 349525
x10 <- 0x55555000


mem[X,0x8001DE84] -> 0x0513
mem[X,0x8001DE86] -> 0x5545
[2919] [M]: 0x8001DE84 (0x55450513) addi a0, a0, 1364
x10 <- 0x55555554


mem[X,0x8001DE88] -> 0x0593
mem[X,0x8001DE8A] -> 0x0020
[2920] [M]: 0x8001DE88 (0x00200593) addi a1, zero, 2
x11 <- 0x00000002


mem[X,0x8001DE8C] -> 0x0613
mem[X,0x8001DE8E] -> 0x0000
[2921] [M]: 0x8001DE8C (0x00000613) addi a2, zero, 0
x12 <- 0x00000000


mem[X,0x8001DE90] -> 0x006F
mem[X,0x8001DE92] -> 0x0140
[2922] [M]: 0x8001DE90 (0x0140006F) jal zero, 20


mem[X,0x8001DEA4] -> 0x58E3
mem[X,0x8001DEA6] -> 0xFEB5
[2923] [M]: 0x8001DEA4 (0xFEB558E3) bge a0, a1, 8176


mem[X,0x8001DE94] -> 0x0613
mem[X,0x8001DE96] -> 0x0016
[2924] [M]: 0x8001DE94 (0x00160613) addi a2, a2, 1
x12 <- 0x00000001


mem[X,0x8001DE98] -> 0x006F
mem[X,0x8001DE9A] -> 0x0200
[2925] [M]: 0x8001DE98 (0x0200006F) jal zero, 32


mem[X,0x8001DEB8] -> 0x2423
mem[X,0x8001DEBA] -> 0x48C2
[2926] [M]: 0x8001DEB8 (0x48C22423) sw a2, 1160(tp)
mem[0x8003A6F0] <- 0x00000001


mem[X,0x8001DEBC] -> 0x5537
mem[X,0x8001DEBE] -> 0x5555
[2927] [M]: 0x8001DEBC (0x55555537) lui a0, 349525
x10 <- 0x55555000


mem[X,0x8001DEC0] -> 0x0513
mem[X,0x8001DEC2] -> 0x5545
[2928] [M]: 0x8001DEC0 (0x55450513) addi a0, a0, 1364
x10 <- 0x55555554


mem[X,0x8001DEC4] -> 0x55B7
mem[X,0x8001DEC6] -> 0x5555
[2929] [M]: 0x8001DEC4 (0x555555B7) lui a1, 349525
x11 <- 0x55555000


mem[X,0x8001DEC8] -> 0x8593
mem[X,0x8001DECA] -> 0x5545
[2930] [M]: 0x8001DEC8 (0x55458593) addi a1, a1, 1364
x11 <- 0x55555554


mem[X,0x8001DECC] -> 0x0613
mem[X,0x8001DECE] -> 0x0000
[2931] [M]: 0x8001DECC (0x00000613) addi a2, zero, 0
x12 <- 0x00000000


mem[X,0x8001DED0] -> 0x006F
mem[X,0x8001DED2] -> 0x0140
[2932] [M]: 0x8001DED0 (0x0140006F) jal zero, 20


mem[X,0x8001DEE4] -> 0x58E3
mem[X,0x8001DEE6] -> 0xFEB5
[2933] [M]: 0x8001DEE4 (0xFEB558E3) bge a0, a1, 8176


mem[X,0x8001DED4] -> 0x0613
mem[X,0x8001DED6] -> 0x0016
[2934] [M]: 0x8001DED4 (0x00160613) addi a2, a2, 1
x12 <- 0x00000001


mem[X,0x8001DED8] -> 0x006F
mem[X,0x8001DEDA] -> 0x0200
[2935] [M]: 0x8001DED8 (0x0200006F) jal zero, 32


mem[X,0x8001DEF8] -> 0x2623
mem[X,0x8001DEFA] -> 0x48C2
[2936] [M]: 0x8001DEF8 (0x48C22623) sw a2, 1164(tp)
mem[0x8003A6F4] <- 0x00000001


mem[X,0x8001DEFC] -> 0x5537
mem[X,0x8001DEFE] -> 0x5555
[2937] [M]: 0x8001DEFC (0x55555537) lui a0, 349525
x10 <- 0x55555000


mem[X,0x8001DF00] -> 0x0513
mem[X,0x8001DF02] -> 0x5545
[2938] [M]: 0x8001DF00 (0x55450513) addi a0, a0, 1364
x10 <- 0x55555554


mem[X,0x8001DF04] -> 0x0593
mem[X,0x8001DF06] -> 0x0000
[2939] [M]: 0x8001DF04 (0x00000593) addi a1, zero, 0
x11 <- 0x00000000


mem[X,0x8001DF08] -> 0x0613
mem[X,0x8001DF0A] -> 0x0000
[2940] [M]: 0x8001DF08 (0x00000613) addi a2, zero, 0
x12 <- 0x00000000


mem[X,0x8001DF0C] -> 0x006F
mem[X,0x8001DF0E] -> 0x0180
[2941] [M]: 0x8001DF0C (0x0180006F) jal zero, 24


mem[X,0x8001DF24] -> 0x56E3
mem[X,0x8001DF26] -> 0xFEB5
[2942] [M]: 0x8001DF24 (0xFEB556E3) bge a0, a1, 8172


mem[X,0x8001DF10] -> 0x0613
mem[X,0x8001DF12] -> 0x0016
[2943] [M]: 0x8001DF10 (0x00160613) addi a2, a2, 1
x12 <- 0x00000001


mem[X,0x8001DF14] -> 0x006F
mem[X,0x8001DF16] -> 0x0240
[2944] [M]: 0x8001DF14 (0x0240006F) jal zero, 36


mem[X,0x8001DF38] -> 0x2823
mem[X,0x8001DF3A] -> 0x48C2
[2945] [M]: 0x8001DF38 (0x48C22823) sw a2, 1168(tp)
mem[0x8003A6F8] <- 0x00000001


mem[X,0x8001DF3C] -> 0x5537
mem[X,0x8001DF3E] -> 0x5555
[2946] [M]: 0x8001DF3C (0x55555537) lui a0, 349525
x10 <- 0x55555000


mem[X,0x8001DF40] -> 0x0513
mem[X,0x8001DF42] -> 0x5545
[2947] [M]: 0x8001DF40 (0x55450513) addi a0, a0, 1364
x10 <- 0x55555554


mem[X,0x8001DF44] -> 0x0593
mem[X,0x8001DF46] -> 0x0040
[2948] [M]: 0x8001DF44 (0x00400593) addi a1, zero, 4
x11 <- 0x00000004


mem[X,0x8001DF48] -> 0x0613
mem[X,0x8001DF4A] -> 0x0000
[2949] [M]: 0x8001DF48 (0x00000613) addi a2, zero, 0
x12 <- 0x00000000


mem[X,0x8001DF4C] -> 0x006F
mem[X,0x8001DF4E] -> 0x0050
[2950] [M]: 0x8001DF4C (0x0050006F) jal zero, 2052


mem[X,0x8001E750] -> 0x50E3
mem[X,0x8001E752] -> 0x80B5
[2951] [M]: 0x8001E750 (0x80B550E3) bge a0, a1, 6144


mem[X,0x8001DF50] -> 0x0613
mem[X,0x8001DF52] -> 0x0016
[2952] [M]: 0x8001DF50 (0x00160613) addi a2, a2, 1
x12 <- 0x00000001


mem[X,0x8001DF54] -> 0x006F
mem[X,0x8001DF56] -> 0x0110
[2953] [M]: 0x8001DF54 (0x0110006F) jal zero, 2064


mem[X,0x8001E764] -> 0x2A23
mem[X,0x8001E766] -> 0x48C2
[2954] [M]: 0x8001E764 (0x48C22A23) sw a2, 1172(tp)
mem[0x8003A6FC] <- 0x00000001


mem[X,0x8001E768] -> 0x5537
mem[X,0x8001E76A] -> 0x5555
[2955] [M]: 0x8001E768 (0x55555537) lui a0, 349525
x10 <- 0x55555000


mem[X,0x8001E76C] -> 0x0513
mem[X,0x8001E76E] -> 0x5545
[2956] [M]: 0x8001E76C (0x55450513) addi a0, a0, 1364
x10 <- 0x55555554


mem[X,0x8001E770] -> 0x35B7
mem[X,0x8001E772] -> 0x3333
[2957] [M]: 0x8001E770 (0x333335B7) lui a1, 209715
x11 <- 0x33333000


mem[X,0x8001E774] -> 0x8593
mem[X,0x8001E776] -> 0x3325
[2958] [M]: 0x8001E774 (0x33258593) addi a1, a1, 818
x11 <- 0x33333332


mem[X,0x8001E778] -> 0x0613
mem[X,0x8001E77A] -> 0x0000
[2959] [M]: 0x8001E778 (0x00000613) addi a2, zero, 0
x12 <- 0x00000000


mem[X,0x8001E77C] -> 0x006F
mem[X,0x8001E77E] -> 0x00C0
[2960] [M]: 0x8001E77C (0x00C0006F) jal zero, 12


mem[X,0x8001E788] -> 0x5CE3
mem[X,0x8001E78A] -> 0xFEB5
[2961] [M]: 0x8001E788 (0xFEB55CE3) bge a0, a1, 8184


mem[X,0x8001E780] -> 0x0613
mem[X,0x8001E782] -> 0x0016
[2962] [M]: 0x8001E780 (0x00160613) addi a2, a2, 1
x12 <- 0x00000001


mem[X,0x8001E784] -> 0x006F
mem[X,0x8001E786] -> 0x0180
[2963] [M]: 0x8001E784 (0x0180006F) jal zero, 24


mem[X,0x8001E79C] -> 0x2C23
mem[X,0x8001E79E] -> 0x48C2
[2964] [M]: 0x8001E79C (0x48C22C23) sw a2, 1176(tp)
mem[0x8003A700] <- 0x00000001


mem[X,0x8001E7A0] -> 0x5537
mem[X,0x8001E7A2] -> 0x5555
[2965] [M]: 0x8001E7A0 (0x55555537) lui a0, 349525
x10 <- 0x55555000


mem[X,0x8001E7A4] -> 0x0513
mem[X,0x8001E7A6] -> 0x5545
[2966] [M]: 0x8001E7A4 (0x55450513) addi a0, a0, 1364
x10 <- 0x55555554


mem[X,0x8001E7A8] -> 0x65B7
mem[X,0x8001E7AA] -> 0x6666
[2967] [M]: 0x8001E7A8 (0x666665B7) lui a1, 419430
x11 <- 0x66666000


mem[X,0x8001E7AC] -> 0x8593
mem[X,0x8001E7AE] -> 0x6655
[2968] [M]: 0x8001E7AC (0x66558593) addi a1, a1, 1637
x11 <- 0x66666665


mem[X,0x8001E7B0] -> 0x0613
mem[X,0x8001E7B2] -> 0x0000
[2969] [M]: 0x8001E7B0 (0x00000613) addi a2, zero, 0
x12 <- 0x00000000


mem[X,0x8001E7B4] -> 0x006F
mem[X,0x8001E7B6] -> 0x00C0
[2970] [M]: 0x8001E7B4 (0x00C0006F) jal zero, 12


mem[X,0x8001E7C0] -> 0x5063
mem[X,0x8001E7C2] -> 0x08B5
[2971] [M]: 0x8001E7C0 (0x08B55063) bge a0, a1, 128


mem[X,0x8001E7C4] -> 0x0613
mem[X,0x8001E7C6] -> 0x0026
[2972] [M]: 0x8001E7C4 (0x00260613) addi a2, a2, 2
x12 <- 0x00000002


mem[X,0x8001E7C8] -> 0x006F
mem[X,0x8001E7CA] -> 0x0800
[2973] [M]: 0x8001E7C8 (0x0800006F) jal zero, 128


mem[X,0x8001E848] -> 0x2E23
mem[X,0x8001E84A] -> 0x48C2
[2974] [M]: 0x8001E848 (0x48C22E23) sw a2, 1180(tp)
mem[0x8003A704] <- 0x00000002


mem[X,0x8001E84C] -> 0x5537
mem[X,0x8001E84E] -> 0x5555
[2975] [M]: 0x8001E84C (0x55555537) lui a0, 349525
x10 <- 0x55555000


mem[X,0x8001E850] -> 0x0513
mem[X,0x8001E852] -> 0x5545
[2976] [M]: 0x8001E850 (0x55450513) addi a0, a0, 1364
x10 <- 0x55555554


mem[X,0x8001E854] -> 0xB5B7
mem[X,0x8001E856] -> 0x0000
[2977] [M]: 0x8001E854 (0x0000B5B7) lui a1, 11
x11 <- 0x0000B000


mem[X,0x8001E858] -> 0x8593
mem[X,0x8001E85A] -> 0x5035
[2978] [M]: 0x8001E858 (0x50358593) addi a1, a1, 1283
x11 <- 0x0000B503


mem[X,0x8001E85C] -> 0x0613
mem[X,0x8001E85E] -> 0x0000
[2979] [M]: 0x8001E85C (0x00000613) addi a2, zero, 0
x12 <- 0x00000000


mem[X,0x8001E860] -> 0x006F
mem[X,0x8001E862] -> 0x00C0
[2980] [M]: 0x8001E860 (0x00C0006F) jal zero, 12


mem[X,0x8001E86C] -> 0x5063
mem[X,0x8001E86E] -> 0x40B5
[2981] [M]: 0x8001E86C (0x40B55063) bge a0, a1, 1024


mem[X,0x8001EC6C] -> 0x0613
mem[X,0x8001EC6E] -> 0x0036
[2982] [M]: 0x8001EC6C (0x00360613) addi a2, a2, 3
x12 <- 0x00000003


mem[X,0x8001EC70] -> 0x006F
mem[X,0x8001EC72] -> 0x0040
[2983] [M]: 0x8001EC70 (0x0040006F) jal zero, 4


mem[X,0x8001EC74] -> 0x2023
mem[X,0x8001EC76] -> 0x4AC2
[2984] [M]: 0x8001EC74 (0x4AC22023) sw a2, 1184(tp)
mem[0x8003A708] <- 0x00000003


mem[X,0x8001EC78] -> 0x5537
mem[X,0x8001EC7A] -> 0x5555
[2985] [M]: 0x8001EC78 (0x55555537) lui a0, 349525
x10 <- 0x55555000


mem[X,0x8001EC7C] -> 0x0513
mem[X,0x8001EC7E] -> 0x5545
[2986] [M]: 0x8001EC7C (0x55450513) addi a0, a0, 1364
x10 <- 0x55555554


mem[X,0x8001EC80] -> 0x55B7
mem[X,0x8001EC82] -> 0x5555
[2987] [M]: 0x8001EC80 (0x555555B7) lui a1, 349525
x11 <- 0x55555000


mem[X,0x8001EC84] -> 0x8593
mem[X,0x8001EC86] -> 0x5565
[2988] [M]: 0x8001EC84 (0x55658593) addi a1, a1, 1366
x11 <- 0x55555556


mem[X,0x8001EC88] -> 0x0613
mem[X,0x8001EC8A] -> 0x0000
[2989] [M]: 0x8001EC88 (0x00000613) addi a2, zero, 0
x12 <- 0x00000000


mem[X,0x8001EC8C] -> 0x006F
mem[X,0x8001EC8E] -> 0x00C0
[2990] [M]: 0x8001EC8C (0x00C0006F) jal zero, 12


mem[X,0x8001EC98] -> 0x5663
mem[X,0x8001EC9A] -> 0x00B5
[2991] [M]: 0x8001EC98 (0x00B55663) bge a0, a1, 12


mem[X,0x8001EC9C] -> 0x0613
mem[X,0x8001EC9E] -> 0x0026
[2992] [M]: 0x8001EC9C (0x00260613) addi a2, a2, 2
x12 <- 0x00000002


mem[X,0x8001ECA0] -> 0x006F
mem[X,0x8001ECA2] -> 0x00C0
[2993] [M]: 0x8001ECA0 (0x00C0006F) jal zero, 12


mem[X,0x8001ECAC] -> 0x2223
mem[X,0x8001ECAE] -> 0x4AC2
[2994] [M]: 0x8001ECAC (0x4AC22223) sw a2, 1188(tp)
mem[0x8003A70C] <- 0x00000002


mem[X,0x8001ECB0] -> 0x5537
mem[X,0x8001ECB2] -> 0x5555
[2995] [M]: 0x8001ECB0 (0x55555537) lui a0, 349525
x10 <- 0x55555000


mem[X,0x8001ECB4] -> 0x0513
mem[X,0x8001ECB6] -> 0x5545
[2996] [M]: 0x8001ECB4 (0x55450513) addi a0, a0, 1364
x10 <- 0x55555554


mem[X,0x8001ECB8] -> 0xB5B7
mem[X,0x8001ECBA] -> 0xAAAA
[2997] [M]: 0x8001ECB8 (0xAAAAB5B7) lui a1, 699051
x11 <- 0xAAAAB000


mem[X,0x8001ECBC] -> 0x8593
mem[X,0x8001ECBE] -> 0xAAB5
[2998] [M]: 0x8001ECBC (0xAAB58593) addi a1, a1, 2731
x11 <- 0xAAAAAAAB


mem[X,0x8001ECC0] -> 0x0613
mem[X,0x8001ECC2] -> 0x0000
[2999] [M]: 0x8001ECC0 (0x00000613) addi a2, zero, 0
x12 <- 0x00000000


clint::tick mtime <- 0x000000000000001E
 clint timer pending at mtime 0x000000000000001E
htif::tick 0x0000000000000000
mem[X,0x8001ECC4] -> 0x006F
mem[X,0x8001ECC6] -> 0x00C0
[3000] [M]: 0x8001ECC4 (0x00C0006F) jal zero, 12


mem[X,0x8001ECD0] -> 0x5663
mem[X,0x8001ECD2] -> 0x00B5
[3001] [M]: 0x8001ECD0 (0x00B55663) bge a0, a1, 12


mem[X,0x8001ECDC] -> 0x0613
mem[X,0x8001ECDE] -> 0x0036
[3002] [M]: 0x8001ECDC (0x00360613) addi a2, a2, 3
x12 <- 0x00000003


mem[X,0x8001ECE0] -> 0x006F
mem[X,0x8001ECE2] -> 0x0040
[3003] [M]: 0x8001ECE0 (0x0040006F) jal zero, 4


mem[X,0x8001ECE4] -> 0x2423
mem[X,0x8001ECE6] -> 0x4AC2
[3004] [M]: 0x8001ECE4 (0x4AC22423) sw a2, 1192(tp)
mem[0x8003A710] <- 0x00000003


mem[X,0x8001ECE8] -> 0x5537
mem[X,0x8001ECEA] -> 0x5555
[3005] [M]: 0x8001ECE8 (0x55555537) lui a0, 349525
x10 <- 0x55555000


mem[X,0x8001ECEC] -> 0x0513
mem[X,0x8001ECEE] -> 0x5545
[3006] [M]: 0x8001ECEC (0x55450513) addi a0, a0, 1364
x10 <- 0x55555554


mem[X,0x8001ECF0] -> 0x0593
mem[X,0x8001ECF2] -> 0x0060
[3007] [M]: 0x8001ECF0 (0x00600593) addi a1, zero, 6
x11 <- 0x00000006


mem[X,0x8001ECF4] -> 0x0613
mem[X,0x8001ECF6] -> 0x0000
[3008] [M]: 0x8001ECF4 (0x00000613) addi a2, zero, 0
x12 <- 0x00000000


mem[X,0x8001ECF8] -> 0x006F
mem[X,0x8001ECFA] -> 0x0100
[3009] [M]: 0x8001ECF8 (0x0100006F) jal zero, 16


mem[X,0x8001ED08] -> 0x5AE3
mem[X,0x8001ED0A] -> 0xFEB5
[3010] [M]: 0x8001ED08 (0xFEB55AE3) bge a0, a1, 8180


mem[X,0x8001ECFC] -> 0x0613
mem[X,0x8001ECFE] -> 0x0016
[3011] [M]: 0x8001ECFC (0x00160613) addi a2, a2, 1
x12 <- 0x00000001


mem[X,0x8001ED00] -> 0x006F
mem[X,0x8001ED02] -> 0x01C0
[3012] [M]: 0x8001ED00 (0x01C0006F) jal zero, 28


mem[X,0x8001ED1C] -> 0x2623
mem[X,0x8001ED1E] -> 0x4AC2
[3013] [M]: 0x8001ED1C (0x4AC22623) sw a2, 1196(tp)
mem[0x8003A714] <- 0x00000001


mem[X,0x8001ED20] -> 0x5537
mem[X,0x8001ED22] -> 0x5555
[3014] [M]: 0x8001ED20 (0x55555537) lui a0, 349525
x10 <- 0x55555000


mem[X,0x8001ED24] -> 0x0513
mem[X,0x8001ED26] -> 0x5545
[3015] [M]: 0x8001ED24 (0x55450513) addi a0, a0, 1364
x10 <- 0x55555554


mem[X,0x8001ED28] -> 0x35B7
mem[X,0x8001ED2A] -> 0x3333
[3016] [M]: 0x8001ED28 (0x333335B7) lui a1, 209715
x11 <- 0x33333000


mem[X,0x8001ED2C] -> 0x8593
mem[X,0x8001ED2E] -> 0x3345
[3017] [M]: 0x8001ED2C (0x33458593) addi a1, a1, 820
x11 <- 0x33333334


mem[X,0x8001ED30] -> 0x0613
mem[X,0x8001ED32] -> 0x0000
[3018] [M]: 0x8001ED30 (0x00000613) addi a2, zero, 0
x12 <- 0x00000000


mem[X,0x8001ED34] -> 0x006F
mem[X,0x8001ED36] -> 0x00C0
[3019] [M]: 0x8001ED34 (0x00C0006F) jal zero, 12


mem[X,0x8001ED40] -> 0x5663
mem[X,0x8001ED42] -> 0x00B5
[3020] [M]: 0x8001ED40 (0x00B55663) bge a0, a1, 12


mem[X,0x8001ED4C] -> 0x0613
mem[X,0x8001ED4E] -> 0x0036
[3021] [M]: 0x8001ED4C (0x00360613) addi a2, a2, 3
x12 <- 0x00000003


mem[X,0x8001ED50] -> 0x006F
mem[X,0x8001ED52] -> 0x0040
[3022] [M]: 0x8001ED50 (0x0040006F) jal zero, 4


mem[X,0x8001ED54] -> 0x2823
mem[X,0x8001ED56] -> 0x4AC2
[3023] [M]: 0x8001ED54 (0x4AC22823) sw a2, 1200(tp)
mem[0x8003A718] <- 0x00000003


mem[X,0x8001ED58] -> 0x5537
mem[X,0x8001ED5A] -> 0x5555
[3024] [M]: 0x8001ED58 (0x55555537) lui a0, 349525
x10 <- 0x55555000


mem[X,0x8001ED5C] -> 0x0513
mem[X,0x8001ED5E] -> 0x5545
[3025] [M]: 0x8001ED5C (0x55450513) addi a0, a0, 1364
x10 <- 0x55555554


mem[X,0x8001ED60] -> 0x65B7
mem[X,0x8001ED62] -> 0x6666
[3026] [M]: 0x8001ED60 (0x666665B7) lui a1, 419430
x11 <- 0x66666000


mem[X,0x8001ED64] -> 0x8593
mem[X,0x8001ED66] -> 0x6675
[3027] [M]: 0x8001ED64 (0x66758593) addi a1, a1, 1639
x11 <- 0x66666667


mem[X,0x8001ED68] -> 0x0613
mem[X,0x8001ED6A] -> 0x0000
[3028] [M]: 0x8001ED68 (0x00000613) addi a2, zero, 0
x12 <- 0x00000000


mem[X,0x8001ED6C] -> 0x006F
mem[X,0x8001ED6E] -> 0x00C0
[3029] [M]: 0x8001ED6C (0x00C0006F) jal zero, 12


mem[X,0x8001ED78] -> 0x5063
mem[X,0x8001ED7A] -> 0x02B5
[3030] [M]: 0x8001ED78 (0x02B55063) bge a0, a1, 32


mem[X,0x8001ED7C] -> 0x0613
mem[X,0x8001ED7E] -> 0x0026
[3031] [M]: 0x8001ED7C (0x00260613) addi a2, a2, 2
x12 <- 0x00000002


mem[X,0x8001ED80] -> 0x006F
mem[X,0x8001ED82] -> 0x0200
[3032] [M]: 0x8001ED80 (0x0200006F) jal zero, 32


mem[X,0x8001EDA0] -> 0x2A23
mem[X,0x8001EDA2] -> 0x4AC2
[3033] [M]: 0x8001EDA0 (0x4AC22A23) sw a2, 1204(tp)
mem[0x8003A71C] <- 0x00000002


mem[X,0x8001EDA4] -> 0x5537
mem[X,0x8001EDA6] -> 0x5555
[3034] [M]: 0x8001EDA4 (0x55555537) lui a0, 349525
x10 <- 0x55555000


mem[X,0x8001EDA8] -> 0x0513
mem[X,0x8001EDAA] -> 0x5545
[3035] [M]: 0x8001EDA8 (0x55450513) addi a0, a0, 1364
x10 <- 0x55555554


mem[X,0x8001EDAC] -> 0x55B7
mem[X,0x8001EDAE] -> 0xFFFF
[3036] [M]: 0x8001EDAC (0xFFFF55B7) lui a1, 1048565
x11 <- 0xFFFF5000


mem[X,0x8001EDB0] -> 0x8593
mem[X,0x8001EDB2] -> 0xAFD5
[3037] [M]: 0x8001EDB0 (0xAFD58593) addi a1, a1, 2813
x11 <- 0xFFFF4AFD


mem[X,0x8001EDB4] -> 0x0613
mem[X,0x8001EDB6] -> 0x0000
[3038] [M]: 0x8001EDB4 (0x00000613) addi a2, zero, 0
x12 <- 0x00000000


mem[X,0x8001EDB8] -> 0x006F
mem[X,0x8001EDBA] -> 0x0050
[3039] [M]: 0x8001EDB8 (0x0050006F) jal zero, 2052


mem[X,0x8001F5BC] -> 0x50E3
mem[X,0x8001F5BE] -> 0x80B5
[3040] [M]: 0x8001F5BC (0x80B550E3) bge a0, a1, 6144


mem[X,0x8001EDBC] -> 0x0613
mem[X,0x8001EDBE] -> 0x0016
[3041] [M]: 0x8001EDBC (0x00160613) addi a2, a2, 1
x12 <- 0x00000001


mem[X,0x8001EDC0] -> 0x006F
mem[X,0x8001EDC2] -> 0x0110
[3042] [M]: 0x8001EDC0 (0x0110006F) jal zero, 2064


mem[X,0x8001F5D0] -> 0x2C23
mem[X,0x8001F5D2] -> 0x4AC2
[3043] [M]: 0x8001F5D0 (0x4AC22C23) sw a2, 1208(tp)
mem[0x8003A720] <- 0x00000001


mem[X,0x8001F5D4] -> 0x5537
mem[X,0x8001F5D6] -> 0x5555
[3044] [M]: 0x8001F5D4 (0x55555537) lui a0, 349525
x10 <- 0x55555000


mem[X,0x8001F5D8] -> 0x0513
mem[X,0x8001F5DA] -> 0x5545
[3045] [M]: 0x8001F5D8 (0x55450513) addi a0, a0, 1364
x10 <- 0x55555554


mem[X,0x8001F5DC] -> 0xB5B7
mem[X,0x8001F5DE] -> 0x0000
[3046] [M]: 0x8001F5DC (0x0000B5B7) lui a1, 11
x11 <- 0x0000B000


mem[X,0x8001F5E0] -> 0x8593
mem[X,0x8001F5E2] -> 0x5055
[3047] [M]: 0x8001F5E0 (0x50558593) addi a1, a1, 1285
x11 <- 0x0000B505


mem[X,0x8001F5E4] -> 0x0613
mem[X,0x8001F5E6] -> 0x0000
[3048] [M]: 0x8001F5E4 (0x00000613) addi a2, zero, 0
x12 <- 0x00000000


mem[X,0x8001F5E8] -> 0x006F
mem[X,0x8001F5EA] -> 0x00C0
[3049] [M]: 0x8001F5E8 (0x00C0006F) jal zero, 12


mem[X,0x8001F5F4] -> 0x5CE3
mem[X,0x8001F5F6] -> 0xFEB5
[3050] [M]: 0x8001F5F4 (0xFEB55CE3) bge a0, a1, 8184


mem[X,0x8001F5EC] -> 0x0613
mem[X,0x8001F5EE] -> 0x0016
[3051] [M]: 0x8001F5EC (0x00160613) addi a2, a2, 1
x12 <- 0x00000001


mem[X,0x8001F5F0] -> 0x006F
mem[X,0x8001F5F2] -> 0x0180
[3052] [M]: 0x8001F5F0 (0x0180006F) jal zero, 24


mem[X,0x8001F608] -> 0x2E23
mem[X,0x8001F60A] -> 0x4AC2
[3053] [M]: 0x8001F608 (0x4AC22E23) sw a2, 1212(tp)
mem[0x8003A724] <- 0x00000001


mem[X,0x8001F60C] -> 0x0513
mem[X,0x8001F60E] -> 0x0000
[3054] [M]: 0x8001F60C (0x00000513) addi a0, zero, 0
x10 <- 0x00000000


mem[X,0x8001F610] -> 0x0593
mem[X,0x8001F612] -> 0x0030
[3055] [M]: 0x8001F610 (0x00300593) addi a1, zero, 3
x11 <- 0x00000003


mem[X,0x8001F614] -> 0x0613
mem[X,0x8001F616] -> 0x0000
[3056] [M]: 0x8001F614 (0x00000613) addi a2, zero, 0
x12 <- 0x00000000


mem[X,0x8001F618] -> 0x006F
mem[X,0x8001F61A] -> 0x00C0
[3057] [M]: 0x8001F618 (0x00C0006F) jal zero, 12


mem[X,0x8001F624] -> 0x5063
mem[X,0x8001F626] -> 0x10B5
[3058] [M]: 0x8001F624 (0x10B55063) bge a0, a1, 256


mem[X,0x8001F628] -> 0x0613
mem[X,0x8001F62A] -> 0x0026
[3059] [M]: 0x8001F628 (0x00260613) addi a2, a2, 2
x12 <- 0x00000002


mem[X,0x8001F62C] -> 0x006F
mem[X,0x8001F62E] -> 0x1000
[3060] [M]: 0x8001F62C (0x1000006F) jal zero, 256


mem[X,0x8001F72C] -> 0x2023
mem[X,0x8001F72E] -> 0x4CC2
[3061] [M]: 0x8001F72C (0x4CC22023) sw a2, 1216(tp)
mem[0x8003A728] <- 0x00000002


mem[X,0x8001F730] -> 0x0513
mem[X,0x8001F732] -> 0x0000
[3062] [M]: 0x8001F730 (0x00000513) addi a0, zero, 0
x10 <- 0x00000000


mem[X,0x8001F734] -> 0x55B7
mem[X,0x8001F736] -> 0x5555
[3063] [M]: 0x8001F734 (0x555555B7) lui a1, 349525
x11 <- 0x55555000


mem[X,0x8001F738] -> 0x8593
mem[X,0x8001F73A] -> 0x5555
[3064] [M]: 0x8001F738 (0x55558593) addi a1, a1, 1365
x11 <- 0x55555555


mem[X,0x8001F73C] -> 0x0613
mem[X,0x8001F73E] -> 0x0000
[3065] [M]: 0x8001F73C (0x00000613) addi a2, zero, 0
x12 <- 0x00000000


mem[X,0x8001F740] -> 0x006F
mem[X,0x8001F742] -> 0x0050
[3066] [M]: 0x8001F740 (0x0050006F) jal zero, 2052


mem[X,0x8001FF44] -> 0x50E3
mem[X,0x8001FF46] -> 0x80B5
[3067] [M]: 0x8001FF44 (0x80B550E3) bge a0, a1, 6144


mem[X,0x8001FF48] -> 0x0613
mem[X,0x8001FF4A] -> 0x0026
[3068] [M]: 0x8001FF48 (0x00260613) addi a2, a2, 2
x12 <- 0x00000002


mem[X,0x8001FF4C] -> 0x006F
mem[X,0x8001FF4E] -> 0x00C0
[3069] [M]: 0x8001FF4C (0x00C0006F) jal zero, 12


mem[X,0x8001FF58] -> 0x2223
mem[X,0x8001FF5A] -> 0x4CC2
[3070] [M]: 0x8001FF58 (0x4CC22223) sw a2, 1220(tp)
mem[0x8003A72C] <- 0x00000002


mem[X,0x8001FF5C] -> 0x0513
mem[X,0x8001FF5E] -> 0x0000
[3071] [M]: 0x8001FF5C (0x00000513) addi a0, zero, 0
x10 <- 0x00000000


mem[X,0x8001FF60] -> 0xB5B7
mem[X,0x8001FF62] -> 0xAAAA
[3072] [M]: 0x8001FF60 (0xAAAAB5B7) lui a1, 699051
x11 <- 0xAAAAB000


mem[X,0x8001FF64] -> 0x8593
mem[X,0x8001FF66] -> 0xAAA5
[3073] [M]: 0x8001FF64 (0xAAA58593) addi a1, a1, 2730
x11 <- 0xAAAAAAAA


mem[X,0x8001FF68] -> 0x0613
mem[X,0x8001FF6A] -> 0x0000
[3074] [M]: 0x8001FF68 (0x00000613) addi a2, zero, 0
x12 <- 0x00000000


mem[X,0x8001FF6C] -> 0x006F
mem[X,0x8001FF6E] -> 0x2B10
[3075] [M]: 0x8001FF6C (0x2B10006F) jal zero, 2736


mem[X,0x80020A1C] -> 0x5A63
mem[X,0x80020A1E] -> 0xD4B5
[3076] [M]: 0x80020A1C (0xD4B55A63) bge a0, a1, 5460


mem[X,0x8001FF70] -> 0x0613
mem[X,0x8001FF72] -> 0x0016
[3077] [M]: 0x8001FF70 (0x00160613) addi a2, a2, 1
x12 <- 0x00000001


mem[X,0x8001FF74] -> 0x006F
mem[X,0x8001FF76] -> 0x2BD0
[3078] [M]: 0x8001FF74 (0x2BD0006F) jal zero, 2748


mem[X,0x80020A30] -> 0x2423
mem[X,0x80020A32] -> 0x4CC2
[3079] [M]: 0x80020A30 (0x4CC22423) sw a2, 1224(tp)
mem[0x8003A730] <- 0x00000001


mem[X,0x80020A34] -> 0x0513
mem[X,0x80020A36] -> 0x0000
[3080] [M]: 0x80020A34 (0x00000513) addi a0, zero, 0
x10 <- 0x00000000


mem[X,0x80020A38] -> 0x0593
mem[X,0x80020A3A] -> 0x0050
[3081] [M]: 0x80020A38 (0x00500593) addi a1, zero, 5
x11 <- 0x00000005


mem[X,0x80020A3C] -> 0x0613
mem[X,0x80020A3E] -> 0x0000
[3082] [M]: 0x80020A3C (0x00000613) addi a2, zero, 0
x12 <- 0x00000000


mem[X,0x80020A40] -> 0x006F
mem[X,0x80020A42] -> 0x00C0
[3083] [M]: 0x80020A40 (0x00C0006F) jal zero, 12


mem[X,0x80020A4C] -> 0x5663
mem[X,0x80020A4E] -> 0x00B5
[3084] [M]: 0x80020A4C (0x00B55663) bge a0, a1, 12


mem[X,0x80020A50] -> 0x0613
mem[X,0x80020A52] -> 0x0026
[3085] [M]: 0x80020A50 (0x00260613) addi a2, a2, 2
x12 <- 0x00000002


mem[X,0x80020A54] -> 0x006F
mem[X,0x80020A56] -> 0x00C0
[3086] [M]: 0x80020A54 (0x00C0006F) jal zero, 12


mem[X,0x80020A60] -> 0x2623
mem[X,0x80020A62] -> 0x4CC2
[3087] [M]: 0x80020A60 (0x4CC22623) sw a2, 1228(tp)
mem[0x8003A734] <- 0x00000002


mem[X,0x80020A64] -> 0x0513
mem[X,0x80020A66] -> 0x0000
[3088] [M]: 0x80020A64 (0x00000513) addi a0, zero, 0
x10 <- 0x00000000


mem[X,0x80020A68] -> 0x35B7
mem[X,0x80020A6A] -> 0x3333
[3089] [M]: 0x80020A68 (0x333335B7) lui a1, 209715
x11 <- 0x33333000


mem[X,0x80020A6C] -> 0x8593
mem[X,0x80020A6E] -> 0x3335
[3090] [M]: 0x80020A6C (0x33358593) addi a1, a1, 819
x11 <- 0x33333333


mem[X,0x80020A70] -> 0x0613
mem[X,0x80020A72] -> 0x0000
[3091] [M]: 0x80020A70 (0x00000613) addi a2, zero, 0
x12 <- 0x00000000


mem[X,0x80020A74] -> 0x006F
mem[X,0x80020A76] -> 0x00C0
[3092] [M]: 0x80020A74 (0x00C0006F) jal zero, 12


mem[X,0x80020A80] -> 0x5063
mem[X,0x80020A82] -> 0x04B5
[3093] [M]: 0x80020A80 (0x04B55063) bge a0, a1, 64


mem[X,0x80020A84] -> 0x0613
mem[X,0x80020A86] -> 0x0026
[3094] [M]: 0x80020A84 (0x00260613) addi a2, a2, 2
x12 <- 0x00000002


mem[X,0x80020A88] -> 0x006F
mem[X,0x80020A8A] -> 0x0400
[3095] [M]: 0x80020A88 (0x0400006F) jal zero, 64


mem[X,0x80020AC8] -> 0x2823
mem[X,0x80020ACA] -> 0x4CC2
[3096] [M]: 0x80020AC8 (0x4CC22823) sw a2, 1232(tp)
mem[0x8003A738] <- 0x00000002


mem[X,0x80020ACC] -> 0x0513
mem[X,0x80020ACE] -> 0x0000
[3097] [M]: 0x80020ACC (0x00000513) addi a0, zero, 0
x10 <- 0x00000000


mem[X,0x80020AD0] -> 0x65B7
mem[X,0x80020AD2] -> 0x6666
[3098] [M]: 0x80020AD0 (0x666665B7) lui a1, 419430
x11 <- 0x66666000


mem[X,0x80020AD4] -> 0x8593
mem[X,0x80020AD6] -> 0x6665
[3099] [M]: 0x80020AD4 (0x66658593) addi a1, a1, 1638
x11 <- 0x66666666


clint::tick mtime <- 0x000000000000001F
 clint timer pending at mtime 0x000000000000001F
htif::tick 0x0000000000000000
mem[X,0x80020AD8] -> 0x0613
mem[X,0x80020ADA] -> 0x0000
[3100] [M]: 0x80020AD8 (0x00000613) addi a2, zero, 0
x12 <- 0x00000000


mem[X,0x80020ADC] -> 0x006F
mem[X,0x80020ADE] -> 0x2B10
[3101] [M]: 0x80020ADC (0x2B10006F) jal zero, 2736


mem[X,0x8002158C] -> 0x5A63
mem[X,0x8002158E] -> 0xD4B5
[3102] [M]: 0x8002158C (0xD4B55A63) bge a0, a1, 5460


mem[X,0x80021590] -> 0x0613
mem[X,0x80021592] -> 0x0026
[3103] [M]: 0x80021590 (0x00260613) addi a2, a2, 2
x12 <- 0x00000002


mem[X,0x80021594] -> 0x006F
mem[X,0x80021596] -> 0x00C0
[3104] [M]: 0x80021594 (0x00C0006F) jal zero, 12


mem[X,0x800215A0] -> 0x2A23
mem[X,0x800215A2] -> 0x4CC2
[3105] [M]: 0x800215A0 (0x4CC22A23) sw a2, 1236(tp)
mem[0x8003A73C] <- 0x00000002


mem[X,0x800215A4] -> 0x0513
mem[X,0x800215A6] -> 0x0000
[3106] [M]: 0x800215A4 (0x00000513) addi a0, zero, 0
x10 <- 0x00000000


mem[X,0x800215A8] -> 0x55B7
mem[X,0x800215AA] -> 0xFFFF
[3107] [M]: 0x800215A8 (0xFFFF55B7) lui a1, 1048565
x11 <- 0xFFFF5000


mem[X,0x800215AC] -> 0x8593
mem[X,0x800215AE] -> 0xAFC5
[3108] [M]: 0x800215AC (0xAFC58593) addi a1, a1, 2812
x11 <- 0xFFFF4AFC


mem[X,0x800215B0] -> 0x0613
mem[X,0x800215B2] -> 0x0000
[3109] [M]: 0x800215B0 (0x00000613) addi a2, zero, 0
x12 <- 0x00000000


mem[X,0x800215B4] -> 0x006F
mem[X,0x800215B6] -> 0x00C0
[3110] [M]: 0x800215B4 (0x00C0006F) jal zero, 12


mem[X,0x800215C0] -> 0x5063
mem[X,0x800215C2] -> 0x40B5
[3111] [M]: 0x800215C0 (0x40B55063) bge a0, a1, 1024


mem[X,0x800219C0] -> 0x0613
mem[X,0x800219C2] -> 0x0036
[3112] [M]: 0x800219C0 (0x00360613) addi a2, a2, 3
x12 <- 0x00000003


mem[X,0x800219C4] -> 0x006F
mem[X,0x800219C6] -> 0x0040
[3113] [M]: 0x800219C4 (0x0040006F) jal zero, 4


mem[X,0x800219C8] -> 0x2C23
mem[X,0x800219CA] -> 0x4CC2
[3114] [M]: 0x800219C8 (0x4CC22C23) sw a2, 1240(tp)
mem[0x8003A740] <- 0x00000003


mem[X,0x800219CC] -> 0x0513
mem[X,0x800219CE] -> 0x0000
[3115] [M]: 0x800219CC (0x00000513) addi a0, zero, 0
x10 <- 0x00000000


mem[X,0x800219D0] -> 0xB5B7
mem[X,0x800219D2] -> 0x0000
[3116] [M]: 0x800219D0 (0x0000B5B7) lui a1, 11
x11 <- 0x0000B000


mem[X,0x800219D4] -> 0x8593
mem[X,0x800219D6] -> 0x5045
[3117] [M]: 0x800219D4 (0x50458593) addi a1, a1, 1284
x11 <- 0x0000B504


mem[X,0x800219D8] -> 0x0613
mem[X,0x800219DA] -> 0x0000
[3118] [M]: 0x800219D8 (0x00000613) addi a2, zero, 0
x12 <- 0x00000000


mem[X,0x800219DC] -> 0x006F
mem[X,0x800219DE] -> 0x00C0
[3119] [M]: 0x800219DC (0x00C0006F) jal zero, 12


mem[X,0x800219E8] -> 0x5063
mem[X,0x800219EA] -> 0x40B5
[3120] [M]: 0x800219E8 (0x40B55063) bge a0, a1, 1024


mem[X,0x800219EC] -> 0x0613
mem[X,0x800219EE] -> 0x0026
[3121] [M]: 0x800219EC (0x00260613) addi a2, a2, 2
x12 <- 0x00000002


mem[X,0x800219F0] -> 0x006F
mem[X,0x800219F2] -> 0x4000
[3122] [M]: 0x800219F0 (0x4000006F) jal zero, 1024


mem[X,0x80021DF0] -> 0x2E23
mem[X,0x80021DF2] -> 0x4CC2
[3123] [M]: 0x80021DF0 (0x4CC22E23) sw a2, 1244(tp)
mem[0x8003A744] <- 0x00000002


mem[X,0x80021DF4] -> 0xB537
mem[X,0x80021DF6] -> 0xAAAA
[3124] [M]: 0x80021DF4 (0xAAAAB537) lui a0, 699051
x10 <- 0xAAAAB000


mem[X,0x80021DF8] -> 0x0513
mem[X,0x80021DFA] -> 0xAAB5
[3125] [M]: 0x80021DF8 (0xAAB50513) addi a0, a0, 2731
x10 <- 0xAAAAAAAB


mem[X,0x80021DFC] -> 0x35B7
mem[X,0x80021DFE] -> 0x3333
[3126] [M]: 0x80021DFC (0x333335B7) lui a1, 209715
x11 <- 0x33333000


mem[X,0x80021E00] -> 0x8593
mem[X,0x80021E02] -> 0x3345
[3127] [M]: 0x80021E00 (0x33458593) addi a1, a1, 820
x11 <- 0x33333334


mem[X,0x80021E04] -> 0x0613
mem[X,0x80021E06] -> 0x0000
[3128] [M]: 0x80021E04 (0x00000613) addi a2, zero, 0
x12 <- 0x00000000


mem[X,0x80021E08] -> 0x006F
mem[X,0x80021E0A] -> 0x0100
[3129] [M]: 0x80021E08 (0x0100006F) jal zero, 16


mem[X,0x80021E18] -> 0x5AE3
mem[X,0x80021E1A] -> 0xFEB5
[3130] [M]: 0x80021E18 (0xFEB55AE3) bge a0, a1, 8180


mem[X,0x80021E1C] -> 0x0613
mem[X,0x80021E1E] -> 0x0026
[3131] [M]: 0x80021E1C (0x00260613) addi a2, a2, 2
x12 <- 0x00000002


mem[X,0x80021E20] -> 0x006F
mem[X,0x80021E22] -> 0x00C0
[3132] [M]: 0x80021E20 (0x00C0006F) jal zero, 12


mem[X,0x80021E2C] -> 0x2023
mem[X,0x80021E2E] -> 0x4EC2
[3133] [M]: 0x80021E2C (0x4EC22023) sw a2, 1248(tp)
mem[0x8003A748] <- 0x00000002


mem[X,0x80021E30] -> 0xB537
mem[X,0x80021E32] -> 0xAAAA
[3134] [M]: 0x80021E30 (0xAAAAB537) lui a0, 699051
x10 <- 0xAAAAB000


mem[X,0x80021E34] -> 0x0513
mem[X,0x80021E36] -> 0xAAB5
[3135] [M]: 0x80021E34 (0xAAB50513) addi a0, a0, 2731
x10 <- 0xAAAAAAAB


mem[X,0x80021E38] -> 0x65B7
mem[X,0x80021E3A] -> 0x6666
[3136] [M]: 0x80021E38 (0x666665B7) lui a1, 419430
x11 <- 0x66666000


mem[X,0x80021E3C] -> 0x8593
mem[X,0x80021E3E] -> 0x6675
[3137] [M]: 0x80021E3C (0x66758593) addi a1, a1, 1639
x11 <- 0x66666667


mem[X,0x80021E40] -> 0x0613
mem[X,0x80021E42] -> 0x0000
[3138] [M]: 0x80021E40 (0x00000613) addi a2, zero, 0
x12 <- 0x00000000


mem[X,0x80021E44] -> 0x006F
mem[X,0x80021E46] -> 0x00C0
[3139] [M]: 0x80021E44 (0x00C0006F) jal zero, 12


mem[X,0x80021E50] -> 0x5063
mem[X,0x80021E52] -> 0x20B5
[3140] [M]: 0x80021E50 (0x20B55063) bge a0, a1, 512


mem[X,0x80021E54] -> 0x0613
mem[X,0x80021E56] -> 0x0026
[3141] [M]: 0x80021E54 (0x00260613) addi a2, a2, 2
x12 <- 0x00000002


mem[X,0x80021E58] -> 0x006F
mem[X,0x80021E5A] -> 0x2000
[3142] [M]: 0x80021E58 (0x2000006F) jal zero, 512


mem[X,0x80022058] -> 0x2223
mem[X,0x8002205A] -> 0x4EC2
[3143] [M]: 0x80022058 (0x4EC22223) sw a2, 1252(tp)
mem[0x8003A74C] <- 0x00000002


mem[X,0x8002205C] -> 0xB537
mem[X,0x8002205E] -> 0xAAAA
[3144] [M]: 0x8002205C (0xAAAAB537) lui a0, 699051
x10 <- 0xAAAAB000


mem[X,0x80022060] -> 0x0513
mem[X,0x80022062] -> 0xAAB5
[3145] [M]: 0x80022060 (0xAAB50513) addi a0, a0, 2731
x10 <- 0xAAAAAAAB


mem[X,0x80022064] -> 0x55B7
mem[X,0x80022066] -> 0xFFFF
[3146] [M]: 0x80022064 (0xFFFF55B7) lui a1, 1048565
x11 <- 0xFFFF5000


mem[X,0x80022068] -> 0x8593
mem[X,0x8002206A] -> 0xAFD5
[3147] [M]: 0x80022068 (0xAFD58593) addi a1, a1, 2813
x11 <- 0xFFFF4AFD


mem[X,0x8002206C] -> 0x0613
mem[X,0x8002206E] -> 0x0000
[3148] [M]: 0x8002206C (0x00000613) addi a2, zero, 0
x12 <- 0x00000000


mem[X,0x80022070] -> 0x006F
mem[X,0x80022072] -> 0x0140
[3149] [M]: 0x80022070 (0x0140006F) jal zero, 20


mem[X,0x80022084] -> 0x58E3
mem[X,0x80022086] -> 0xFEB5
[3150] [M]: 0x80022084 (0xFEB558E3) bge a0, a1, 8176


mem[X,0x80022088] -> 0x0613
mem[X,0x8002208A] -> 0x0026
[3151] [M]: 0x80022088 (0x00260613) addi a2, a2, 2
x12 <- 0x00000002


mem[X,0x8002208C] -> 0x006F
mem[X,0x8002208E] -> 0x00C0
[3152] [M]: 0x8002208C (0x00C0006F) jal zero, 12


mem[X,0x80022098] -> 0x2423
mem[X,0x8002209A] -> 0x4EC2
[3153] [M]: 0x80022098 (0x4EC22423) sw a2, 1256(tp)
mem[0x8003A750] <- 0x00000002


mem[X,0x8002209C] -> 0xB537
mem[X,0x8002209E] -> 0xAAAA
[3154] [M]: 0x8002209C (0xAAAAB537) lui a0, 699051
x10 <- 0xAAAAB000


mem[X,0x800220A0] -> 0x0513
mem[X,0x800220A2] -> 0xAAB5
[3155] [M]: 0x800220A0 (0xAAB50513) addi a0, a0, 2731
x10 <- 0xAAAAAAAB


mem[X,0x800220A4] -> 0xB5B7
mem[X,0x800220A6] -> 0x0000
[3156] [M]: 0x800220A4 (0x0000B5B7) lui a1, 11
x11 <- 0x0000B000


mem[X,0x800220A8] -> 0x8593
mem[X,0x800220AA] -> 0x5055
[3157] [M]: 0x800220A8 (0x50558593) addi a1, a1, 1285
x11 <- 0x0000B505


mem[X,0x800220AC] -> 0x0613
mem[X,0x800220AE] -> 0x0000
[3158] [M]: 0x800220AC (0x00000613) addi a2, zero, 0
x12 <- 0x00000000


mem[X,0x800220B0] -> 0x006F
mem[X,0x800220B2] -> 0x00C0
[3159] [M]: 0x800220B0 (0x00C0006F) jal zero, 12


mem[X,0x800220BC] -> 0x5663
mem[X,0x800220BE] -> 0x00B5
[3160] [M]: 0x800220BC (0x00B55663) bge a0, a1, 12


mem[X,0x800220C0] -> 0x0613
mem[X,0x800220C2] -> 0x0026
[3161] [M]: 0x800220C0 (0x00260613) addi a2, a2, 2
x12 <- 0x00000002


mem[X,0x800220C4] -> 0x006F
mem[X,0x800220C6] -> 0x00C0
[3162] [M]: 0x800220C4 (0x00C0006F) jal zero, 12


mem[X,0x800220D0] -> 0x2623
mem[X,0x800220D2] -> 0x4EC2
[3163] [M]: 0x800220D0 (0x4EC22623) sw a2, 1260(tp)
mem[0x8003A754] <- 0x00000002


mem[X,0x800220D4] -> 0x0513
mem[X,0x800220D6] -> 0x0060
[3164] [M]: 0x800220D4 (0x00600513) addi a0, zero, 6
x10 <- 0x00000006


mem[X,0x800220D8] -> 0x0593
mem[X,0x800220DA] -> 0x0030
[3165] [M]: 0x800220D8 (0x00300593) addi a1, zero, 3
x11 <- 0x00000003


mem[X,0x800220DC] -> 0x0613
mem[X,0x800220DE] -> 0x0000
[3166] [M]: 0x800220DC (0x00000613) addi a2, zero, 0
x12 <- 0x00000000


mem[X,0x800220E0] -> 0x006F
mem[X,0x800220E2] -> 0x00C0
[3167] [M]: 0x800220E0 (0x00C0006F) jal zero, 12


mem[X,0x800220EC] -> 0x5063
mem[X,0x800220EE] -> 0x08B5
[3168] [M]: 0x800220EC (0x08B55063) bge a0, a1, 128


mem[X,0x8002216C] -> 0x0613
mem[X,0x8002216E] -> 0x0036
[3169] [M]: 0x8002216C (0x00360613) addi a2, a2, 3
x12 <- 0x00000003


mem[X,0x80022170] -> 0x006F
mem[X,0x80022172] -> 0x0040
[3170] [M]: 0x80022170 (0x0040006F) jal zero, 4


mem[X,0x80022174] -> 0x2823
mem[X,0x80022176] -> 0x4EC2
[3171] [M]: 0x80022174 (0x4EC22823) sw a2, 1264(tp)
mem[0x8003A758] <- 0x00000003


mem[X,0x80022178] -> 0x0513
mem[X,0x8002217A] -> 0x0060
[3172] [M]: 0x80022178 (0x00600513) addi a0, zero, 6
x10 <- 0x00000006


mem[X,0x8002217C] -> 0x55B7
mem[X,0x8002217E] -> 0x5555
[3173] [M]: 0x8002217C (0x555555B7) lui a1, 349525
x11 <- 0x55555000


mem[X,0x80022180] -> 0x8593
mem[X,0x80022182] -> 0x5555
[3174] [M]: 0x80022180 (0x55558593) addi a1, a1, 1365
x11 <- 0x55555555


mem[X,0x80022184] -> 0x0613
mem[X,0x80022186] -> 0x0000
[3175] [M]: 0x80022184 (0x00000613) addi a2, zero, 0
x12 <- 0x00000000


mem[X,0x80022188] -> 0x006F
mem[X,0x8002218A] -> 0x0100
[3176] [M]: 0x80022188 (0x0100006F) jal zero, 16


mem[X,0x80022198] -> 0x5AE3
mem[X,0x8002219A] -> 0xFEB5
[3177] [M]: 0x80022198 (0xFEB55AE3) bge a0, a1, 8180


mem[X,0x8002219C] -> 0x0613
mem[X,0x8002219E] -> 0x0026
[3178] [M]: 0x8002219C (0x00260613) addi a2, a2, 2
x12 <- 0x00000002


mem[X,0x800221A0] -> 0x006F
mem[X,0x800221A2] -> 0x00C0
[3179] [M]: 0x800221A0 (0x00C0006F) jal zero, 12


mem[X,0x800221AC] -> 0x2A23
mem[X,0x800221AE] -> 0x4EC2
[3180] [M]: 0x800221AC (0x4EC22A23) sw a2, 1268(tp)
mem[0x8003A75C] <- 0x00000002


mem[X,0x800221B0] -> 0x0513
mem[X,0x800221B2] -> 0x0060
[3181] [M]: 0x800221B0 (0x00600513) addi a0, zero, 6
x10 <- 0x00000006


mem[X,0x800221B4] -> 0xB5B7
mem[X,0x800221B6] -> 0xAAAA
[3182] [M]: 0x800221B4 (0xAAAAB5B7) lui a1, 699051
x11 <- 0xAAAAB000


mem[X,0x800221B8] -> 0x8593
mem[X,0x800221BA] -> 0xAAA5
[3183] [M]: 0x800221B8 (0xAAA58593) addi a1, a1, 2730
x11 <- 0xAAAAAAAA


mem[X,0x800221BC] -> 0x0613
mem[X,0x800221BE] -> 0x0000
[3184] [M]: 0x800221BC (0x00000613) addi a2, zero, 0
x12 <- 0x00000000


mem[X,0x800221C0] -> 0x006F
mem[X,0x800221C2] -> 0x2B10
[3185] [M]: 0x800221C0 (0x2B10006F) jal zero, 2736


mem[X,0x80022C70] -> 0x5A63
mem[X,0x80022C72] -> 0xD4B5
[3186] [M]: 0x80022C70 (0xD4B55A63) bge a0, a1, 5460


mem[X,0x800221C4] -> 0x0613
mem[X,0x800221C6] -> 0x0016
[3187] [M]: 0x800221C4 (0x00160613) addi a2, a2, 1
x12 <- 0x00000001


mem[X,0x800221C8] -> 0x006F
mem[X,0x800221CA] -> 0x2BD0
[3188] [M]: 0x800221C8 (0x2BD0006F) jal zero, 2748


mem[X,0x80022C84] -> 0x2C23
mem[X,0x80022C86] -> 0x4EC2
[3189] [M]: 0x80022C84 (0x4EC22C23) sw a2, 1272(tp)
mem[0x8003A760] <- 0x00000001


mem[X,0x80022C88] -> 0x0513
mem[X,0x80022C8A] -> 0x0060
[3190] [M]: 0x80022C88 (0x00600513) addi a0, zero, 6
x10 <- 0x00000006


mem[X,0x80022C8C] -> 0x0593
mem[X,0x80022C8E] -> 0x0050
[3191] [M]: 0x80022C8C (0x00500593) addi a1, zero, 5
x11 <- 0x00000005


mem[X,0x80022C90] -> 0x0613
mem[X,0x80022C92] -> 0x0000
[3192] [M]: 0x80022C90 (0x00000613) addi a2, zero, 0
x12 <- 0x00000000


mem[X,0x80022C94] -> 0x006F
mem[X,0x80022C96] -> 0x00C0
[3193] [M]: 0x80022C94 (0x00C0006F) jal zero, 12


mem[X,0x80022CA0] -> 0x5063
mem[X,0x80022CA2] -> 0x20B5
[3194] [M]: 0x80022CA0 (0x20B55063) bge a0, a1, 512


mem[X,0x80022EA0] -> 0x0613
mem[X,0x80022EA2] -> 0x0036
[3195] [M]: 0x80022EA0 (0x00360613) addi a2, a2, 3
x12 <- 0x00000003


mem[X,0x80022EA4] -> 0x006F
mem[X,0x80022EA6] -> 0x0040
[3196] [M]: 0x80022EA4 (0x0040006F) jal zero, 4


mem[X,0x80022EA8] -> 0x2E23
mem[X,0x80022EAA] -> 0x4EC2
[3197] [M]: 0x80022EA8 (0x4EC22E23) sw a2, 1276(tp)
mem[0x8003A764] <- 0x00000003


mem[X,0x80022EAC] -> 0x0513
mem[X,0x80022EAE] -> 0x0060
[3198] [M]: 0x80022EAC (0x00600513) addi a0, zero, 6
x10 <- 0x00000006


mem[X,0x80022EB0] -> 0x35B7
mem[X,0x80022EB2] -> 0x3333
[3199] [M]: 0x80022EB0 (0x333335B7) lui a1, 209715
x11 <- 0x33333000


clint::tick mtime <- 0x0000000000000020
 clint timer pending at mtime 0x0000000000000020
htif::tick 0x0000000000000000
mem[X,0x80022EB4] -> 0x8593
mem[X,0x80022EB6] -> 0x3335
[3200] [M]: 0x80022EB4 (0x33358593) addi a1, a1, 819
x11 <- 0x33333333


mem[X,0x80022EB8] -> 0x0613
mem[X,0x80022EBA] -> 0x0000
[3201] [M]: 0x80022EB8 (0x00000613) addi a2, zero, 0
x12 <- 0x00000000


mem[X,0x80022EBC] -> 0x006F
mem[X,0x80022EBE] -> 0x00C0
[3202] [M]: 0x80022EBC (0x00C0006F) jal zero, 12


mem[X,0x80022EC8] -> 0x5063
mem[X,0x80022ECA] -> 0x40B5
[3203] [M]: 0x80022EC8 (0x40B55063) bge a0, a1, 1024


mem[X,0x80022ECC] -> 0x0613
mem[X,0x80022ECE] -> 0x0026
[3204] [M]: 0x80022ECC (0x00260613) addi a2, a2, 2
x12 <- 0x00000002


mem[X,0x80022ED0] -> 0x006F
mem[X,0x80022ED2] -> 0x4000
[3205] [M]: 0x80022ED0 (0x4000006F) jal zero, 1024


mem[X,0x800232D0] -> 0x2023
mem[X,0x800232D2] -> 0x50C2
[3206] [M]: 0x800232D0 (0x50C22023) sw a2, 1280(tp)
mem[0x8003A768] <- 0x00000002


mem[X,0x800232D4] -> 0x0513
mem[X,0x800232D6] -> 0x0060
[3207] [M]: 0x800232D4 (0x00600513) addi a0, zero, 6
x10 <- 0x00000006


mem[X,0x800232D8] -> 0x65B7
mem[X,0x800232DA] -> 0x6666
[3208] [M]: 0x800232D8 (0x666665B7) lui a1, 419430
x11 <- 0x66666000


mem[X,0x800232DC] -> 0x8593
mem[X,0x800232DE] -> 0x6665
[3209] [M]: 0x800232DC (0x66658593) addi a1, a1, 1638
x11 <- 0x66666666


mem[X,0x800232E0] -> 0x0613
mem[X,0x800232E2] -> 0x0000
[3210] [M]: 0x800232E0 (0x00000613) addi a2, zero, 0
x12 <- 0x00000000


mem[X,0x800232E4] -> 0x006F
mem[X,0x800232E6] -> 0x00C0
[3211] [M]: 0x800232E4 (0x00C0006F) jal zero, 12


mem[X,0x800232F0] -> 0x5CE3
mem[X,0x800232F2] -> 0xFEB5
[3212] [M]: 0x800232F0 (0xFEB55CE3) bge a0, a1, 8184


mem[X,0x800232F4] -> 0x0613
mem[X,0x800232F6] -> 0x0026
[3213] [M]: 0x800232F4 (0x00260613) addi a2, a2, 2
x12 <- 0x00000002


mem[X,0x800232F8] -> 0x006F
mem[X,0x800232FA] -> 0x00C0
[3214] [M]: 0x800232F8 (0x00C0006F) jal zero, 12


mem[X,0x80023304] -> 0x2223
mem[X,0x80023306] -> 0x50C2
[3215] [M]: 0x80023304 (0x50C22223) sw a2, 1284(tp)
mem[0x8003A76C] <- 0x00000002


mem[X,0x80023308] -> 0x0513
mem[X,0x8002330A] -> 0x0060
[3216] [M]: 0x80023308 (0x00600513) addi a0, zero, 6
x10 <- 0x00000006


mem[X,0x8002330C] -> 0x55B7
mem[X,0x8002330E] -> 0xFFFF
[3217] [M]: 0x8002330C (0xFFFF55B7) lui a1, 1048565
x11 <- 0xFFFF5000


mem[X,0x80023310] -> 0x8593
mem[X,0x80023312] -> 0xAFC5
[3218] [M]: 0x80023310 (0xAFC58593) addi a1, a1, 2812
x11 <- 0xFFFF4AFC


mem[X,0x80023314] -> 0x0613
mem[X,0x80023316] -> 0x0000
[3219] [M]: 0x80023314 (0x00000613) addi a2, zero, 0
x12 <- 0x00000000


mem[X,0x80023318] -> 0x006F
mem[X,0x8002331A] -> 0x00C0
[3220] [M]: 0x80023318 (0x00C0006F) jal zero, 12


mem[X,0x80023324] -> 0x5063
mem[X,0x80023326] -> 0x40B5
[3221] [M]: 0x80023324 (0x40B55063) bge a0, a1, 1024


mem[X,0x80023724] -> 0x0613
mem[X,0x80023726] -> 0x0036
[3222] [M]: 0x80023724 (0x00360613) addi a2, a2, 3
x12 <- 0x00000003


mem[X,0x80023728] -> 0x006F
mem[X,0x8002372A] -> 0x0040
[3223] [M]: 0x80023728 (0x0040006F) jal zero, 4


mem[X,0x8002372C] -> 0x2423
mem[X,0x8002372E] -> 0x50C2
[3224] [M]: 0x8002372C (0x50C22423) sw a2, 1288(tp)
mem[0x8003A770] <- 0x00000003


mem[X,0x80023730] -> 0x0513
mem[X,0x80023732] -> 0x0060
[3225] [M]: 0x80023730 (0x00600513) addi a0, zero, 6
x10 <- 0x00000006


mem[X,0x80023734] -> 0xB5B7
mem[X,0x80023736] -> 0x0000
[3226] [M]: 0x80023734 (0x0000B5B7) lui a1, 11
x11 <- 0x0000B000


mem[X,0x80023738] -> 0x8593
mem[X,0x8002373A] -> 0x5045
[3227] [M]: 0x80023738 (0x50458593) addi a1, a1, 1284
x11 <- 0x0000B504


mem[X,0x8002373C] -> 0x0613
mem[X,0x8002373E] -> 0x0000
[3228] [M]: 0x8002373C (0x00000613) addi a2, zero, 0
x12 <- 0x00000000


mem[X,0x80023740] -> 0x006F
mem[X,0x80023742] -> 0x00C0
[3229] [M]: 0x80023740 (0x00C0006F) jal zero, 12


mem[X,0x8002374C] -> 0x5CE3
mem[X,0x8002374E] -> 0xFEB5
[3230] [M]: 0x8002374C (0xFEB55CE3) bge a0, a1, 8184


mem[X,0x80023750] -> 0x0613
mem[X,0x80023752] -> 0x0026
[3231] [M]: 0x80023750 (0x00260613) addi a2, a2, 2
x12 <- 0x00000002


mem[X,0x80023754] -> 0x006F
mem[X,0x80023756] -> 0x00C0
[3232] [M]: 0x80023754 (0x00C0006F) jal zero, 12


mem[X,0x80023760] -> 0x2623
mem[X,0x80023762] -> 0x50C2
[3233] [M]: 0x80023760 (0x50C22623) sw a2, 1292(tp)
mem[0x8003A774] <- 0x00000002


mem[X,0x80023764] -> 0x0513
mem[X,0x80023766] -> 0x0060
[3234] [M]: 0x80023764 (0x00600513) addi a0, zero, 6
x10 <- 0x00000006


mem[X,0x80023768] -> 0x0593
mem[X,0x8002376A] -> 0x0020
[3235] [M]: 0x80023768 (0x00200593) addi a1, zero, 2
x11 <- 0x00000002


mem[X,0x8002376C] -> 0x0613
mem[X,0x8002376E] -> 0x0000
[3236] [M]: 0x8002376C (0x00000613) addi a2, zero, 0
x12 <- 0x00000000


mem[X,0x80023770] -> 0x006F
mem[X,0x80023772] -> 0x00C0
[3237] [M]: 0x80023770 (0x00C0006F) jal zero, 12


mem[X,0x8002377C] -> 0x5063
mem[X,0x8002377E] -> 0x04B5
[3238] [M]: 0x8002377C (0x04B55063) bge a0, a1, 64


mem[X,0x800237BC] -> 0x0613
mem[X,0x800237BE] -> 0x0036
[3239] [M]: 0x800237BC (0x00360613) addi a2, a2, 3
x12 <- 0x00000003


mem[X,0x800237C0] -> 0x006F
mem[X,0x800237C2] -> 0x0040
[3240] [M]: 0x800237C0 (0x0040006F) jal zero, 4


mem[X,0x800237C4] -> 0x2823
mem[X,0x800237C6] -> 0x50C2
[3241] [M]: 0x800237C4 (0x50C22823) sw a2, 1296(tp)
mem[0x8003A778] <- 0x00000003


mem[X,0x800237C8] -> 0x0513
mem[X,0x800237CA] -> 0x0060
[3242] [M]: 0x800237C8 (0x00600513) addi a0, zero, 6
x10 <- 0x00000006


mem[X,0x800237CC] -> 0x55B7
mem[X,0x800237CE] -> 0x5555
[3243] [M]: 0x800237CC (0x555555B7) lui a1, 349525
x11 <- 0x55555000


mem[X,0x800237D0] -> 0x8593
mem[X,0x800237D2] -> 0x5545
[3244] [M]: 0x800237D0 (0x55458593) addi a1, a1, 1364
x11 <- 0x55555554


mem[X,0x800237D4] -> 0x0613
mem[X,0x800237D6] -> 0x0000
[3245] [M]: 0x800237D4 (0x00000613) addi a2, zero, 0
x12 <- 0x00000000


mem[X,0x800237D8] -> 0x006F
mem[X,0x800237DA] -> 0x00C0
[3246] [M]: 0x800237D8 (0x00C0006F) jal zero, 12


mem[X,0x800237E4] -> 0x5663
mem[X,0x800237E6] -> 0x00B5
[3247] [M]: 0x800237E4 (0x00B55663) bge a0, a1, 12


mem[X,0x800237E8] -> 0x0613
mem[X,0x800237EA] -> 0x0026
[3248] [M]: 0x800237E8 (0x00260613) addi a2, a2, 2
x12 <- 0x00000002


mem[X,0x800237EC] -> 0x006F
mem[X,0x800237EE] -> 0x00C0
[3249] [M]: 0x800237EC (0x00C0006F) jal zero, 12


mem[X,0x800237F8] -> 0x2A23
mem[X,0x800237FA] -> 0x50C2
[3250] [M]: 0x800237F8 (0x50C22A23) sw a2, 1300(tp)
mem[0x8003A77C] <- 0x00000002


mem[X,0x800237FC] -> 0x0513
mem[X,0x800237FE] -> 0x0060
[3251] [M]: 0x800237FC (0x00600513) addi a0, zero, 6
x10 <- 0x00000006


mem[X,0x80023800] -> 0x0593
mem[X,0x80023802] -> 0x0000
[3252] [M]: 0x80023800 (0x00000593) addi a1, zero, 0
x11 <- 0x00000000


mem[X,0x80023804] -> 0x0613
mem[X,0x80023806] -> 0x0000
[3253] [M]: 0x80023804 (0x00000613) addi a2, zero, 0
x12 <- 0x00000000


mem[X,0x80023808] -> 0x006F
mem[X,0x8002380A] -> 0x00C0
[3254] [M]: 0x80023808 (0x00C0006F) jal zero, 12


mem[X,0x80023814] -> 0x5CE3
mem[X,0x80023816] -> 0xFEB5
[3255] [M]: 0x80023814 (0xFEB55CE3) bge a0, a1, 8184


mem[X,0x8002380C] -> 0x0613
mem[X,0x8002380E] -> 0x0016
[3256] [M]: 0x8002380C (0x00160613) addi a2, a2, 1
x12 <- 0x00000001


mem[X,0x80023810] -> 0x006F
mem[X,0x80023812] -> 0x0180
[3257] [M]: 0x80023810 (0x0180006F) jal zero, 24


mem[X,0x80023828] -> 0x2C23
mem[X,0x8002382A] -> 0x50C2
[3258] [M]: 0x80023828 (0x50C22C23) sw a2, 1304(tp)
mem[0x8003A780] <- 0x00000001


mem[X,0x8002382C] -> 0x0513
mem[X,0x8002382E] -> 0x0060
[3259] [M]: 0x8002382C (0x00600513) addi a0, zero, 6
x10 <- 0x00000006


mem[X,0x80023830] -> 0x0593
mem[X,0x80023832] -> 0x0040
[3260] [M]: 0x80023830 (0x00400593) addi a1, zero, 4
x11 <- 0x00000004


mem[X,0x80023834] -> 0x0613
mem[X,0x80023836] -> 0x0000
[3261] [M]: 0x80023834 (0x00000613) addi a2, zero, 0
x12 <- 0x00000000


mem[X,0x80023838] -> 0x006F
mem[X,0x8002383A] -> 0x00C0
[3262] [M]: 0x80023838 (0x00C0006F) jal zero, 12


mem[X,0x80023844] -> 0x5663
mem[X,0x80023846] -> 0x00B5
[3263] [M]: 0x80023844 (0x00B55663) bge a0, a1, 12


mem[X,0x80023850] -> 0x0613
mem[X,0x80023852] -> 0x0036
[3264] [M]: 0x80023850 (0x00360613) addi a2, a2, 3
x12 <- 0x00000003


mem[X,0x80023854] -> 0x006F
mem[X,0x80023856] -> 0x0040
[3265] [M]: 0x80023854 (0x0040006F) jal zero, 4


mem[X,0x80023858] -> 0x2E23
mem[X,0x8002385A] -> 0x50C2
[3266] [M]: 0x80023858 (0x50C22E23) sw a2, 1308(tp)
mem[0x8003A784] <- 0x00000003


mem[X,0x8002385C] -> 0x0513
mem[X,0x8002385E] -> 0x0060
[3267] [M]: 0x8002385C (0x00600513) addi a0, zero, 6
x10 <- 0x00000006


mem[X,0x80023860] -> 0x35B7
mem[X,0x80023862] -> 0x3333
[3268] [M]: 0x80023860 (0x333335B7) lui a1, 209715
x11 <- 0x33333000


mem[X,0x80023864] -> 0x8593
mem[X,0x80023866] -> 0x3325
[3269] [M]: 0x80023864 (0x33258593) addi a1, a1, 818
x11 <- 0x33333332


mem[X,0x80023868] -> 0x0613
mem[X,0x8002386A] -> 0x0000
[3270] [M]: 0x80023868 (0x00000613) addi a2, zero, 0
x12 <- 0x00000000


mem[X,0x8002386C] -> 0x006F
mem[X,0x8002386E] -> 0x00C0
[3271] [M]: 0x8002386C (0x00C0006F) jal zero, 12


mem[X,0x80023878] -> 0x5663
mem[X,0x8002387A] -> 0x00B5
[3272] [M]: 0x80023878 (0x00B55663) bge a0, a1, 12


mem[X,0x8002387C] -> 0x0613
mem[X,0x8002387E] -> 0x0026
[3273] [M]: 0x8002387C (0x00260613) addi a2, a2, 2
x12 <- 0x00000002


mem[X,0x80023880] -> 0x006F
mem[X,0x80023882] -> 0x00C0
[3274] [M]: 0x80023880 (0x00C0006F) jal zero, 12


mem[X,0x8002388C] -> 0x2023
mem[X,0x8002388E] -> 0x52C2
[3275] [M]: 0x8002388C (0x52C22023) sw a2, 1312(tp)
mem[0x8003A788] <- 0x00000002


mem[X,0x80023890] -> 0x0513
mem[X,0x80023892] -> 0x0060
[3276] [M]: 0x80023890 (0x00600513) addi a0, zero, 6
x10 <- 0x00000006


mem[X,0x80023894] -> 0x65B7
mem[X,0x80023896] -> 0x6666
[3277] [M]: 0x80023894 (0x666665B7) lui a1, 419430
x11 <- 0x66666000


mem[X,0x80023898] -> 0x8593
mem[X,0x8002389A] -> 0x6655
[3278] [M]: 0x80023898 (0x66558593) addi a1, a1, 1637
x11 <- 0x66666665


mem[X,0x8002389C] -> 0x0613
mem[X,0x8002389E] -> 0x0000
[3279] [M]: 0x8002389C (0x00000613) addi a2, zero, 0
x12 <- 0x00000000


mem[X,0x800238A0] -> 0x006F
mem[X,0x800238A2] -> 0x00C0
[3280] [M]: 0x800238A0 (0x00C0006F) jal zero, 12


mem[X,0x800238AC] -> 0x5CE3
mem[X,0x800238AE] -> 0xFEB5
[3281] [M]: 0x800238AC (0xFEB55CE3) bge a0, a1, 8184


mem[X,0x800238B0] -> 0x0613
mem[X,0x800238B2] -> 0x0026
[3282] [M]: 0x800238B0 (0x00260613) addi a2, a2, 2
x12 <- 0x00000002


mem[X,0x800238B4] -> 0x006F
mem[X,0x800238B6] -> 0x00C0
[3283] [M]: 0x800238B4 (0x00C0006F) jal zero, 12


mem[X,0x800238C0] -> 0x2223
mem[X,0x800238C2] -> 0x52C2
[3284] [M]: 0x800238C0 (0x52C22223) sw a2, 1316(tp)
mem[0x8003A78C] <- 0x00000002


mem[X,0x800238C4] -> 0x0513
mem[X,0x800238C6] -> 0x0060
[3285] [M]: 0x800238C4 (0x00600513) addi a0, zero, 6
x10 <- 0x00000006


mem[X,0x800238C8] -> 0xB5B7
mem[X,0x800238CA] -> 0x0000
[3286] [M]: 0x800238C8 (0x0000B5B7) lui a1, 11
x11 <- 0x0000B000


mem[X,0x800238CC] -> 0x8593
mem[X,0x800238CE] -> 0x5035
[3287] [M]: 0x800238CC (0x50358593) addi a1, a1, 1283
x11 <- 0x0000B503


mem[X,0x800238D0] -> 0x0613
mem[X,0x800238D2] -> 0x0000
[3288] [M]: 0x800238D0 (0x00000613) addi a2, zero, 0
x12 <- 0x00000000


mem[X,0x800238D4] -> 0x006F
mem[X,0x800238D6] -> 0x00C0
[3289] [M]: 0x800238D4 (0x00C0006F) jal zero, 12


mem[X,0x800238E0] -> 0x5663
mem[X,0x800238E2] -> 0x00B5
[3290] [M]: 0x800238E0 (0x00B55663) bge a0, a1, 12


mem[X,0x800238E4] -> 0x0613
mem[X,0x800238E6] -> 0x0026
[3291] [M]: 0x800238E4 (0x00260613) addi a2, a2, 2
x12 <- 0x00000002


mem[X,0x800238E8] -> 0x006F
mem[X,0x800238EA] -> 0x00C0
[3292] [M]: 0x800238E8 (0x00C0006F) jal zero, 12


mem[X,0x800238F4] -> 0x2423
mem[X,0x800238F6] -> 0x52C2
[3293] [M]: 0x800238F4 (0x52C22423) sw a2, 1320(tp)
mem[0x8003A790] <- 0x00000002


mem[X,0x800238F8] -> 0x0513
mem[X,0x800238FA] -> 0x0060
[3294] [M]: 0x800238F8 (0x00600513) addi a0, zero, 6
x10 <- 0x00000006


mem[X,0x800238FC] -> 0x55B7
mem[X,0x800238FE] -> 0x5555
[3295] [M]: 0x800238FC (0x555555B7) lui a1, 349525
x11 <- 0x55555000


mem[X,0x80023900] -> 0x8593
mem[X,0x80023902] -> 0x5565
[3296] [M]: 0x80023900 (0x55658593) addi a1, a1, 1366
x11 <- 0x55555556


mem[X,0x80023904] -> 0x0613
mem[X,0x80023906] -> 0x0000
[3297] [M]: 0x80023904 (0x00000613) addi a2, zero, 0
x12 <- 0x00000000


mem[X,0x80023908] -> 0x006F
mem[X,0x8002390A] -> 0x00C0
[3298] [M]: 0x80023908 (0x00C0006F) jal zero, 12


mem[X,0x80023914] -> 0x5663
mem[X,0x80023916] -> 0x00B5
[3299] [M]: 0x80023914 (0x00B55663) bge a0, a1, 12


clint::tick mtime <- 0x0000000000000021
 clint timer pending at mtime 0x0000000000000021
htif::tick 0x0000000000000000
mem[X,0x80023918] -> 0x0613
mem[X,0x8002391A] -> 0x0026
[3300] [M]: 0x80023918 (0x00260613) addi a2, a2, 2
x12 <- 0x00000002


mem[X,0x8002391C] -> 0x006F
mem[X,0x8002391E] -> 0x00C0
[3301] [M]: 0x8002391C (0x00C0006F) jal zero, 12


mem[X,0x80023928] -> 0x2623
mem[X,0x8002392A] -> 0x52C2
[3302] [M]: 0x80023928 (0x52C22623) sw a2, 1324(tp)
mem[0x8003A794] <- 0x00000002


mem[X,0x8002392C] -> 0x0513
mem[X,0x8002392E] -> 0x0060
[3303] [M]: 0x8002392C (0x00600513) addi a0, zero, 6
x10 <- 0x00000006


mem[X,0x80023930] -> 0xB5B7
mem[X,0x80023932] -> 0xAAAA
[3304] [M]: 0x80023930 (0xAAAAB5B7) lui a1, 699051
x11 <- 0xAAAAB000


mem[X,0x80023934] -> 0x8593
mem[X,0x80023936] -> 0xAAB5
[3305] [M]: 0x80023934 (0xAAB58593) addi a1, a1, 2731
x11 <- 0xAAAAAAAB


mem[X,0x80023938] -> 0x0613
mem[X,0x8002393A] -> 0x0000
[3306] [M]: 0x80023938 (0x00000613) addi a2, zero, 0
x12 <- 0x00000000


mem[X,0x8002393C] -> 0x006F
mem[X,0x8002393E] -> 0x00C0
[3307] [M]: 0x8002393C (0x00C0006F) jal zero, 12


mem[X,0x80023948] -> 0x5CE3
mem[X,0x8002394A] -> 0xFEB5
[3308] [M]: 0x80023948 (0xFEB55CE3) bge a0, a1, 8184


mem[X,0x80023940] -> 0x0613
mem[X,0x80023942] -> 0x0016
[3309] [M]: 0x80023940 (0x00160613) addi a2, a2, 1
x12 <- 0x00000001


mem[X,0x80023944] -> 0x006F
mem[X,0x80023946] -> 0x0180
[3310] [M]: 0x80023944 (0x0180006F) jal zero, 24


mem[X,0x8002395C] -> 0x2823
mem[X,0x8002395E] -> 0x52C2
[3311] [M]: 0x8002395C (0x52C22823) sw a2, 1328(tp)
mem[0x8003A798] <- 0x00000001


mem[X,0x80023960] -> 0x0513
mem[X,0x80023962] -> 0x0060
[3312] [M]: 0x80023960 (0x00600513) addi a0, zero, 6
x10 <- 0x00000006


mem[X,0x80023964] -> 0x0593
mem[X,0x80023966] -> 0x0060
[3313] [M]: 0x80023964 (0x00600593) addi a1, zero, 6
x11 <- 0x00000006


mem[X,0x80023968] -> 0x0613
mem[X,0x8002396A] -> 0x0000
[3314] [M]: 0x80023968 (0x00000613) addi a2, zero, 0
x12 <- 0x00000000


mem[X,0x8002396C] -> 0x006F
mem[X,0x8002396E] -> 0x00C0
[3315] [M]: 0x8002396C (0x00C0006F) jal zero, 12


mem[X,0x80023978] -> 0x5063
mem[X,0x8002397A] -> 0x40B5
[3316] [M]: 0x80023978 (0x40B55063) bge a0, a1, 1024


mem[X,0x80023D78] -> 0x0613
mem[X,0x80023D7A] -> 0x0036
[3317] [M]: 0x80023D78 (0x00360613) addi a2, a2, 3
x12 <- 0x00000003


mem[X,0x80023D7C] -> 0x006F
mem[X,0x80023D7E] -> 0x0040
[3318] [M]: 0x80023D7C (0x0040006F) jal zero, 4


mem[X,0x80023D80] -> 0x2A23
mem[X,0x80023D82] -> 0x52C2
[3319] [M]: 0x80023D80 (0x52C22A23) sw a2, 1332(tp)
mem[0x8003A79C] <- 0x00000003


mem[X,0x80023D84] -> 0x0513
mem[X,0x80023D86] -> 0x0060
[3320] [M]: 0x80023D84 (0x00600513) addi a0, zero, 6
x10 <- 0x00000006


mem[X,0x80023D88] -> 0x35B7
mem[X,0x80023D8A] -> 0x3333
[3321] [M]: 0x80023D88 (0x333335B7) lui a1, 209715
x11 <- 0x33333000


mem[X,0x80023D8C] -> 0x8593
mem[X,0x80023D8E] -> 0x3345
[3322] [M]: 0x80023D8C (0x33458593) addi a1, a1, 820
x11 <- 0x33333334


mem[X,0x80023D90] -> 0x0613
mem[X,0x80023D92] -> 0x0000
[3323] [M]: 0x80023D90 (0x00000613) addi a2, zero, 0
x12 <- 0x00000000


mem[X,0x80023D94] -> 0x006F
mem[X,0x80023D96] -> 0x0180
[3324] [M]: 0x80023D94 (0x0180006F) jal zero, 24


mem[X,0x80023DAC] -> 0x56E3
mem[X,0x80023DAE] -> 0xFEB5
[3325] [M]: 0x80023DAC (0xFEB556E3) bge a0, a1, 8172


mem[X,0x80023DB0] -> 0x0613
mem[X,0x80023DB2] -> 0x0026
[3326] [M]: 0x80023DB0 (0x00260613) addi a2, a2, 2
x12 <- 0x00000002


mem[X,0x80023DB4] -> 0x006F
mem[X,0x80023DB6] -> 0x00C0
[3327] [M]: 0x80023DB4 (0x00C0006F) jal zero, 12


mem[X,0x80023DC0] -> 0x2C23
mem[X,0x80023DC2] -> 0x52C2
[3328] [M]: 0x80023DC0 (0x52C22C23) sw a2, 1336(tp)
mem[0x8003A7A0] <- 0x00000002


mem[X,0x80023DC4] -> 0x0513
mem[X,0x80023DC6] -> 0x0060
[3329] [M]: 0x80023DC4 (0x00600513) addi a0, zero, 6
x10 <- 0x00000006


mem[X,0x80023DC8] -> 0x65B7
mem[X,0x80023DCA] -> 0x6666
[3330] [M]: 0x80023DC8 (0x666665B7) lui a1, 419430
x11 <- 0x66666000


mem[X,0x80023DCC] -> 0x8593
mem[X,0x80023DCE] -> 0x6675
[3331] [M]: 0x80023DCC (0x66758593) addi a1, a1, 1639
x11 <- 0x66666667


mem[X,0x80023DD0] -> 0x0613
mem[X,0x80023DD2] -> 0x0000
[3332] [M]: 0x80023DD0 (0x00000613) addi a2, zero, 0
x12 <- 0x00000000


mem[X,0x80023DD4] -> 0x006F
mem[X,0x80023DD6] -> 0x2B10
[3333] [M]: 0x80023DD4 (0x2B10006F) jal zero, 2736


mem[X,0x80024884] -> 0x5A63
mem[X,0x80024886] -> 0xD4B5
[3334] [M]: 0x80024884 (0xD4B55A63) bge a0, a1, 5460


mem[X,0x80024888] -> 0x0613
mem[X,0x8002488A] -> 0x0026
[3335] [M]: 0x80024888 (0x00260613) addi a2, a2, 2
x12 <- 0x00000002


mem[X,0x8002488C] -> 0x006F
mem[X,0x8002488E] -> 0x00C0
[3336] [M]: 0x8002488C (0x00C0006F) jal zero, 12


mem[X,0x80024898] -> 0x2E23
mem[X,0x8002489A] -> 0x52C2
[3337] [M]: 0x80024898 (0x52C22E23) sw a2, 1340(tp)
mem[0x8003A7A4] <- 0x00000002


mem[X,0x8002489C] -> 0x0513
mem[X,0x8002489E] -> 0x0060
[3338] [M]: 0x8002489C (0x00600513) addi a0, zero, 6
x10 <- 0x00000006


mem[X,0x800248A0] -> 0x55B7
mem[X,0x800248A2] -> 0xFFFF
[3339] [M]: 0x800248A0 (0xFFFF55B7) lui a1, 1048565
x11 <- 0xFFFF5000


mem[X,0x800248A4] -> 0x8593
mem[X,0x800248A6] -> 0xAFD5
[3340] [M]: 0x800248A4 (0xAFD58593) addi a1, a1, 2813
x11 <- 0xFFFF4AFD


mem[X,0x800248A8] -> 0x0613
mem[X,0x800248AA] -> 0x0000
[3341] [M]: 0x800248A8 (0x00000613) addi a2, zero, 0
x12 <- 0x00000000


mem[X,0x800248AC] -> 0x006F
mem[X,0x800248AE] -> 0x00C0
[3342] [M]: 0x800248AC (0x00C0006F) jal zero, 12


mem[X,0x800248B8] -> 0x5CE3
mem[X,0x800248BA] -> 0xFEB5
[3343] [M]: 0x800248B8 (0xFEB55CE3) bge a0, a1, 8184


mem[X,0x800248B0] -> 0x0613
mem[X,0x800248B2] -> 0x0016
[3344] [M]: 0x800248B0 (0x00160613) addi a2, a2, 1
x12 <- 0x00000001


mem[X,0x800248B4] -> 0x006F
mem[X,0x800248B6] -> 0x0180
[3345] [M]: 0x800248B4 (0x0180006F) jal zero, 24


mem[X,0x800248CC] -> 0x2023
mem[X,0x800248CE] -> 0x54C2
[3346] [M]: 0x800248CC (0x54C22023) sw a2, 1344(tp)
mem[0x8003A7A8] <- 0x00000001


mem[X,0x800248D0] -> 0x0513
mem[X,0x800248D2] -> 0x0060
[3347] [M]: 0x800248D0 (0x00600513) addi a0, zero, 6
x10 <- 0x00000006


mem[X,0x800248D4] -> 0xB5B7
mem[X,0x800248D6] -> 0x0000
[3348] [M]: 0x800248D4 (0x0000B5B7) lui a1, 11
x11 <- 0x0000B000


mem[X,0x800248D8] -> 0x8593
mem[X,0x800248DA] -> 0x5055
[3349] [M]: 0x800248D8 (0x50558593) addi a1, a1, 1285
x11 <- 0x0000B505


mem[X,0x800248DC] -> 0x0613
mem[X,0x800248DE] -> 0x0000
[3350] [M]: 0x800248DC (0x00000613) addi a2, zero, 0
x12 <- 0x00000000


mem[X,0x800248E0] -> 0x006F
mem[X,0x800248E2] -> 0x00C0
[3351] [M]: 0x800248E0 (0x00C0006F) jal zero, 12


mem[X,0x800248EC] -> 0x5063
mem[X,0x800248EE] -> 0x08B5
[3352] [M]: 0x800248EC (0x08B55063) bge a0, a1, 128


mem[X,0x800248F0] -> 0x0613
mem[X,0x800248F2] -> 0x0026
[3353] [M]: 0x800248F0 (0x00260613) addi a2, a2, 2
x12 <- 0x00000002


mem[X,0x800248F4] -> 0x006F
mem[X,0x800248F6] -> 0x0800
[3354] [M]: 0x800248F4 (0x0800006F) jal zero, 128


mem[X,0x80024974] -> 0x2223
mem[X,0x80024976] -> 0x54C2
[3355] [M]: 0x80024974 (0x54C22223) sw a2, 1348(tp)
mem[0x8003A7AC] <- 0x00000002


mem[X,0x80024978] -> 0x3537
mem[X,0x8002497A] -> 0x3333
[3356] [M]: 0x80024978 (0x33333537) lui a0, 209715
x10 <- 0x33333000


mem[X,0x8002497C] -> 0x0513
mem[X,0x8002497E] -> 0x3345
[3357] [M]: 0x8002497C (0x33450513) addi a0, a0, 820
x10 <- 0x33333334


mem[X,0x80024980] -> 0x0593
mem[X,0x80024982] -> 0x0030
[3358] [M]: 0x80024980 (0x00300593) addi a1, zero, 3
x11 <- 0x00000003


mem[X,0x80024984] -> 0x0613
mem[X,0x80024986] -> 0x0000
[3359] [M]: 0x80024984 (0x00000613) addi a2, zero, 0
x12 <- 0x00000000


mem[X,0x80024988] -> 0x006F
mem[X,0x8002498A] -> 0x00C0
[3360] [M]: 0x80024988 (0x00C0006F) jal zero, 12


mem[X,0x80024994] -> 0x5063
mem[X,0x80024996] -> 0x10B5
[3361] [M]: 0x80024994 (0x10B55063) bge a0, a1, 256


mem[X,0x80024A94] -> 0x0613
mem[X,0x80024A96] -> 0x0036
[3362] [M]: 0x80024A94 (0x00360613) addi a2, a2, 3
x12 <- 0x00000003


mem[X,0x80024A98] -> 0x006F
mem[X,0x80024A9A] -> 0x0040
[3363] [M]: 0x80024A98 (0x0040006F) jal zero, 4


mem[X,0x80024A9C] -> 0x2423
mem[X,0x80024A9E] -> 0x54C2
[3364] [M]: 0x80024A9C (0x54C22423) sw a2, 1352(tp)
mem[0x8003A7B0] <- 0x00000003


mem[X,0x80024AA0] -> 0x3537
mem[X,0x80024AA2] -> 0x3333
[3365] [M]: 0x80024AA0 (0x33333537) lui a0, 209715
x10 <- 0x33333000


mem[X,0x80024AA4] -> 0x0513
mem[X,0x80024AA6] -> 0x3345
[3366] [M]: 0x80024AA4 (0x33450513) addi a0, a0, 820
x10 <- 0x33333334


mem[X,0x80024AA8] -> 0x55B7
mem[X,0x80024AAA] -> 0x5555
[3367] [M]: 0x80024AA8 (0x555555B7) lui a1, 349525
x11 <- 0x55555000


mem[X,0x80024AAC] -> 0x8593
mem[X,0x80024AAE] -> 0x5555
[3368] [M]: 0x80024AAC (0x55558593) addi a1, a1, 1365
x11 <- 0x55555555


mem[X,0x80024AB0] -> 0x0613
mem[X,0x80024AB2] -> 0x0000
[3369] [M]: 0x80024AB0 (0x00000613) addi a2, zero, 0
x12 <- 0x00000000


mem[X,0x80024AB4] -> 0x006F
mem[X,0x80024AB6] -> 0x00C0
[3370] [M]: 0x80024AB4 (0x00C0006F) jal zero, 12


mem[X,0x80024AC0] -> 0x5663
mem[X,0x80024AC2] -> 0x00B5
[3371] [M]: 0x80024AC0 (0x00B55663) bge a0, a1, 12


mem[X,0x80024AC4] -> 0x0613
mem[X,0x80024AC6] -> 0x0026
[3372] [M]: 0x80024AC4 (0x00260613) addi a2, a2, 2
x12 <- 0x00000002


mem[X,0x80024AC8] -> 0x006F
mem[X,0x80024ACA] -> 0x00C0
[3373] [M]: 0x80024AC8 (0x00C0006F) jal zero, 12


mem[X,0x80024AD4] -> 0x2623
mem[X,0x80024AD6] -> 0x54C2
[3374] [M]: 0x80024AD4 (0x54C22623) sw a2, 1356(tp)
mem[0x8003A7B4] <- 0x00000002


mem[X,0x80024AD8] -> 0x3537
mem[X,0x80024ADA] -> 0x3333
[3375] [M]: 0x80024AD8 (0x33333537) lui a0, 209715
x10 <- 0x33333000


mem[X,0x80024ADC] -> 0x0513
mem[X,0x80024ADE] -> 0x3345
[3376] [M]: 0x80024ADC (0x33450513) addi a0, a0, 820
x10 <- 0x33333334


mem[X,0x80024AE0] -> 0xB5B7
mem[X,0x80024AE2] -> 0xAAAA
[3377] [M]: 0x80024AE0 (0xAAAAB5B7) lui a1, 699051
x11 <- 0xAAAAB000


mem[X,0x80024AE4] -> 0x8593
mem[X,0x80024AE6] -> 0xAAA5
[3378] [M]: 0x80024AE4 (0xAAA58593) addi a1, a1, 2730
x11 <- 0xAAAAAAAA


mem[X,0x80024AE8] -> 0x0613
mem[X,0x80024AEA] -> 0x0000
[3379] [M]: 0x80024AE8 (0x00000613) addi a2, zero, 0
x12 <- 0x00000000


mem[X,0x80024AEC] -> 0x006F
mem[X,0x80024AEE] -> 0x00C0
[3380] [M]: 0x80024AEC (0x00C0006F) jal zero, 12


mem[X,0x80024AF8] -> 0x5CE3
mem[X,0x80024AFA] -> 0xFEB5
[3381] [M]: 0x80024AF8 (0xFEB55CE3) bge a0, a1, 8184


mem[X,0x80024AF0] -> 0x0613
mem[X,0x80024AF2] -> 0x0016
[3382] [M]: 0x80024AF0 (0x00160613) addi a2, a2, 1
x12 <- 0x00000001


mem[X,0x80024AF4] -> 0x006F
mem[X,0x80024AF6] -> 0x0180
[3383] [M]: 0x80024AF4 (0x0180006F) jal zero, 24


mem[X,0x80024B0C] -> 0x2823
mem[X,0x80024B0E] -> 0x54C2
[3384] [M]: 0x80024B0C (0x54C22823) sw a2, 1360(tp)
mem[0x8003A7B8] <- 0x00000001


mem[X,0x80024B10] -> 0x3537
mem[X,0x80024B12] -> 0x3333
[3385] [M]: 0x80024B10 (0x33333537) lui a0, 209715
x10 <- 0x33333000


mem[X,0x80024B14] -> 0x0513
mem[X,0x80024B16] -> 0x3345
[3386] [M]: 0x80024B14 (0x33450513) addi a0, a0, 820
x10 <- 0x33333334


mem[X,0x80024B18] -> 0x0593
mem[X,0x80024B1A] -> 0x0050
[3387] [M]: 0x80024B18 (0x00500593) addi a1, zero, 5
x11 <- 0x00000005


mem[X,0x80024B1C] -> 0x0613
mem[X,0x80024B1E] -> 0x0000
[3388] [M]: 0x80024B1C (0x00000613) addi a2, zero, 0
x12 <- 0x00000000


mem[X,0x80024B20] -> 0x006F
mem[X,0x80024B22] -> 0x00C0
[3389] [M]: 0x80024B20 (0x00C0006F) jal zero, 12


mem[X,0x80024B2C] -> 0x5063
mem[X,0x80024B2E] -> 0x20B5
[3390] [M]: 0x80024B2C (0x20B55063) bge a0, a1, 512


mem[X,0x80024D2C] -> 0x0613
mem[X,0x80024D2E] -> 0x0036
[3391] [M]: 0x80024D2C (0x00360613) addi a2, a2, 3
x12 <- 0x00000003


mem[X,0x80024D30] -> 0x006F
mem[X,0x80024D32] -> 0x0040
[3392] [M]: 0x80024D30 (0x0040006F) jal zero, 4


mem[X,0x80024D34] -> 0x2A23
mem[X,0x80024D36] -> 0x54C2
[3393] [M]: 0x80024D34 (0x54C22A23) sw a2, 1364(tp)
mem[0x8003A7BC] <- 0x00000003


mem[X,0x80024D38] -> 0x3537
mem[X,0x80024D3A] -> 0x3333
[3394] [M]: 0x80024D38 (0x33333537) lui a0, 209715
x10 <- 0x33333000


mem[X,0x80024D3C] -> 0x0513
mem[X,0x80024D3E] -> 0x3345
[3395] [M]: 0x80024D3C (0x33450513) addi a0, a0, 820
x10 <- 0x33333334


mem[X,0x80024D40] -> 0x35B7
mem[X,0x80024D42] -> 0x3333
[3396] [M]: 0x80024D40 (0x333335B7) lui a1, 209715
x11 <- 0x33333000


mem[X,0x80024D44] -> 0x8593
mem[X,0x80024D46] -> 0x3335
[3397] [M]: 0x80024D44 (0x33358593) addi a1, a1, 819
x11 <- 0x33333333


mem[X,0x80024D48] -> 0x0613
mem[X,0x80024D4A] -> 0x0000
[3398] [M]: 0x80024D48 (0x00000613) addi a2, zero, 0
x12 <- 0x00000000


mem[X,0x80024D4C] -> 0x006F
mem[X,0x80024D4E] -> 0x00C0
[3399] [M]: 0x80024D4C (0x00C0006F) jal zero, 12


clint::tick mtime <- 0x0000000000000022
 clint timer pending at mtime 0x0000000000000022
htif::tick 0x0000000000000000
mem[X,0x80024D58] -> 0x5663
mem[X,0x80024D5A] -> 0x00B5
[3400] [M]: 0x80024D58 (0x00B55663) bge a0, a1, 12


mem[X,0x80024D64] -> 0x0613
mem[X,0x80024D66] -> 0x0036
[3401] [M]: 0x80024D64 (0x00360613) addi a2, a2, 3
x12 <- 0x00000003


mem[X,0x80024D68] -> 0x006F
mem[X,0x80024D6A] -> 0x0040
[3402] [M]: 0x80024D68 (0x0040006F) jal zero, 4


mem[X,0x80024D6C] -> 0x2C23
mem[X,0x80024D6E] -> 0x54C2
[3403] [M]: 0x80024D6C (0x54C22C23) sw a2, 1368(tp)
mem[0x8003A7C0] <- 0x00000003


mem[X,0x80024D70] -> 0x3537
mem[X,0x80024D72] -> 0x3333
[3404] [M]: 0x80024D70 (0x33333537) lui a0, 209715
x10 <- 0x33333000


mem[X,0x80024D74] -> 0x0513
mem[X,0x80024D76] -> 0x3345
[3405] [M]: 0x80024D74 (0x33450513) addi a0, a0, 820
x10 <- 0x33333334


mem[X,0x80024D78] -> 0x65B7
mem[X,0x80024D7A] -> 0x6666
[3406] [M]: 0x80024D78 (0x666665B7) lui a1, 419430
x11 <- 0x66666000


mem[X,0x80024D7C] -> 0x8593
mem[X,0x80024D7E] -> 0x6665
[3407] [M]: 0x80024D7C (0x66658593) addi a1, a1, 1638
x11 <- 0x66666666


mem[X,0x80024D80] -> 0x0613
mem[X,0x80024D82] -> 0x0000
[3408] [M]: 0x80024D80 (0x00000613) addi a2, zero, 0
x12 <- 0x00000000


mem[X,0x80024D84] -> 0x006F
mem[X,0x80024D86] -> 0x00C0
[3409] [M]: 0x80024D84 (0x00C0006F) jal zero, 12


mem[X,0x80024D90] -> 0x5063
mem[X,0x80024D92] -> 0x08B5
[3410] [M]: 0x80024D90 (0x08B55063) bge a0, a1, 128


mem[X,0x80024D94] -> 0x0613
mem[X,0x80024D96] -> 0x0026
[3411] [M]: 0x80024D94 (0x00260613) addi a2, a2, 2
x12 <- 0x00000002


mem[X,0x80024D98] -> 0x006F
mem[X,0x80024D9A] -> 0x0800
[3412] [M]: 0x80024D98 (0x0800006F) jal zero, 128


mem[X,0x80024E18] -> 0x2E23
mem[X,0x80024E1A] -> 0x54C2
[3413] [M]: 0x80024E18 (0x54C22E23) sw a2, 1372(tp)
mem[0x8003A7C4] <- 0x00000002


mem[X,0x80024E1C] -> 0x3537
mem[X,0x80024E1E] -> 0x3333
[3414] [M]: 0x80024E1C (0x33333537) lui a0, 209715
x10 <- 0x33333000


mem[X,0x80024E20] -> 0x0513
mem[X,0x80024E22] -> 0x3345
[3415] [M]: 0x80024E20 (0x33450513) addi a0, a0, 820
x10 <- 0x33333334


mem[X,0x80024E24] -> 0x55B7
mem[X,0x80024E26] -> 0xFFFF
[3416] [M]: 0x80024E24 (0xFFFF55B7) lui a1, 1048565
x11 <- 0xFFFF5000


mem[X,0x80024E28] -> 0x8593
mem[X,0x80024E2A] -> 0xAFC5
[3417] [M]: 0x80024E28 (0xAFC58593) addi a1, a1, 2812
x11 <- 0xFFFF4AFC


mem[X,0x80024E2C] -> 0x0613
mem[X,0x80024E2E] -> 0x0000
[3418] [M]: 0x80024E2C (0x00000613) addi a2, zero, 0
x12 <- 0x00000000


mem[X,0x80024E30] -> 0x006F
mem[X,0x80024E32] -> 0x00C0
[3419] [M]: 0x80024E30 (0x00C0006F) jal zero, 12


mem[X,0x80024E3C] -> 0x5063
mem[X,0x80024E3E] -> 0x40B5
[3420] [M]: 0x80024E3C (0x40B55063) bge a0, a1, 1024


mem[X,0x8002523C] -> 0x0613
mem[X,0x8002523E] -> 0x0036
[3421] [M]: 0x8002523C (0x00360613) addi a2, a2, 3
x12 <- 0x00000003


mem[X,0x80025240] -> 0x006F
mem[X,0x80025242] -> 0x0040
[3422] [M]: 0x80025240 (0x0040006F) jal zero, 4


mem[X,0x80025244] -> 0x2023
mem[X,0x80025246] -> 0x56C2
[3423] [M]: 0x80025244 (0x56C22023) sw a2, 1376(tp)
mem[0x8003A7C8] <- 0x00000003


mem[X,0x80025248] -> 0x3537
mem[X,0x8002524A] -> 0x3333
[3424] [M]: 0x80025248 (0x33333537) lui a0, 209715
x10 <- 0x33333000


mem[X,0x8002524C] -> 0x0513
mem[X,0x8002524E] -> 0x3345
[3425] [M]: 0x8002524C (0x33450513) addi a0, a0, 820
x10 <- 0x33333334


mem[X,0x80025250] -> 0xB5B7
mem[X,0x80025252] -> 0x0000
[3426] [M]: 0x80025250 (0x0000B5B7) lui a1, 11
x11 <- 0x0000B000


mem[X,0x80025254] -> 0x8593
mem[X,0x80025256] -> 0x5045
[3427] [M]: 0x80025254 (0x50458593) addi a1, a1, 1284
x11 <- 0x0000B504


mem[X,0x80025258] -> 0x0613
mem[X,0x8002525A] -> 0x0000
[3428] [M]: 0x80025258 (0x00000613) addi a2, zero, 0
x12 <- 0x00000000


mem[X,0x8002525C] -> 0x006F
mem[X,0x8002525E] -> 0x00C0
[3429] [M]: 0x8002525C (0x00C0006F) jal zero, 12


mem[X,0x80025268] -> 0x5CE3
mem[X,0x8002526A] -> 0xFEB5
[3430] [M]: 0x80025268 (0xFEB55CE3) bge a0, a1, 8184


mem[X,0x80025260] -> 0x0613
mem[X,0x80025262] -> 0x0016
[3431] [M]: 0x80025260 (0x00160613) addi a2, a2, 1
x12 <- 0x00000001


mem[X,0x80025264] -> 0x006F
mem[X,0x80025266] -> 0x0180
[3432] [M]: 0x80025264 (0x0180006F) jal zero, 24


mem[X,0x8002527C] -> 0x2223
mem[X,0x8002527E] -> 0x56C2
[3433] [M]: 0x8002527C (0x56C22223) sw a2, 1380(tp)
mem[0x8003A7CC] <- 0x00000001


mem[X,0x80025280] -> 0x3537
mem[X,0x80025282] -> 0x3333
[3434] [M]: 0x80025280 (0x33333537) lui a0, 209715
x10 <- 0x33333000


mem[X,0x80025284] -> 0x0513
mem[X,0x80025286] -> 0x3345
[3435] [M]: 0x80025284 (0x33450513) addi a0, a0, 820
x10 <- 0x33333334


mem[X,0x80025288] -> 0x0593
mem[X,0x8002528A] -> 0x0020
[3436] [M]: 0x80025288 (0x00200593) addi a1, zero, 2
x11 <- 0x00000002


mem[X,0x8002528C] -> 0x0613
mem[X,0x8002528E] -> 0x0000
[3437] [M]: 0x8002528C (0x00000613) addi a2, zero, 0
x12 <- 0x00000000


mem[X,0x80025290] -> 0x006F
mem[X,0x80025292] -> 0x00C0
[3438] [M]: 0x80025290 (0x00C0006F) jal zero, 12


mem[X,0x8002529C] -> 0x5063
mem[X,0x8002529E] -> 0x40B5
[3439] [M]: 0x8002529C (0x40B55063) bge a0, a1, 1024


mem[X,0x8002569C] -> 0x0613
mem[X,0x8002569E] -> 0x0036
[3440] [M]: 0x8002569C (0x00360613) addi a2, a2, 3
x12 <- 0x00000003


mem[X,0x800256A0] -> 0x006F
mem[X,0x800256A2] -> 0x0040
[3441] [M]: 0x800256A0 (0x0040006F) jal zero, 4


mem[X,0x800256A4] -> 0x2423
mem[X,0x800256A6] -> 0x56C2
[3442] [M]: 0x800256A4 (0x56C22423) sw a2, 1384(tp)
mem[0x8003A7D0] <- 0x00000003


mem[X,0x800256A8] -> 0x3537
mem[X,0x800256AA] -> 0x3333
[3443] [M]: 0x800256A8 (0x33333537) lui a0, 209715
x10 <- 0x33333000


mem[X,0x800256AC] -> 0x0513
mem[X,0x800256AE] -> 0x3345
[3444] [M]: 0x800256AC (0x33450513) addi a0, a0, 820
x10 <- 0x33333334


mem[X,0x800256B0] -> 0x55B7
mem[X,0x800256B2] -> 0x5555
[3445] [M]: 0x800256B0 (0x555555B7) lui a1, 349525
x11 <- 0x55555000


mem[X,0x800256B4] -> 0x8593
mem[X,0x800256B6] -> 0x5545
[3446] [M]: 0x800256B4 (0x55458593) addi a1, a1, 1364
x11 <- 0x55555554


mem[X,0x800256B8] -> 0x0613
mem[X,0x800256BA] -> 0x0000
[3447] [M]: 0x800256B8 (0x00000613) addi a2, zero, 0
x12 <- 0x00000000


mem[X,0x800256BC] -> 0x006F
mem[X,0x800256BE] -> 0x00C0
[3448] [M]: 0x800256BC (0x00C0006F) jal zero, 12


mem[X,0x800256C8] -> 0x5063
mem[X,0x800256CA] -> 0x02B5
[3449] [M]: 0x800256C8 (0x02B55063) bge a0, a1, 32


mem[X,0x800256CC] -> 0x0613
mem[X,0x800256CE] -> 0x0026
[3450] [M]: 0x800256CC (0x00260613) addi a2, a2, 2
x12 <- 0x00000002


mem[X,0x800256D0] -> 0x006F
mem[X,0x800256D2] -> 0x0200
[3451] [M]: 0x800256D0 (0x0200006F) jal zero, 32


mem[X,0x800256F0] -> 0x2623
mem[X,0x800256F2] -> 0x56C2
[3452] [M]: 0x800256F0 (0x56C22623) sw a2, 1388(tp)
mem[0x8003A7D4] <- 0x00000002


mem[X,0x800256F4] -> 0x3537
mem[X,0x800256F6] -> 0x3333
[3453] [M]: 0x800256F4 (0x33333537) lui a0, 209715
x10 <- 0x33333000


mem[X,0x800256F8] -> 0x0513
mem[X,0x800256FA] -> 0x3345
[3454] [M]: 0x800256F8 (0x33450513) addi a0, a0, 820
x10 <- 0x33333334


mem[X,0x800256FC] -> 0x0593
mem[X,0x800256FE] -> 0x0000
[3455] [M]: 0x800256FC (0x00000593) addi a1, zero, 0
x11 <- 0x00000000


mem[X,0x80025700] -> 0x0613
mem[X,0x80025702] -> 0x0000
[3456] [M]: 0x80025700 (0x00000613) addi a2, zero, 0
x12 <- 0x00000000


mem[X,0x80025704] -> 0x006F
mem[X,0x80025706] -> 0x00C0
[3457] [M]: 0x80025704 (0x00C0006F) jal zero, 12


mem[X,0x80025710] -> 0x5063
mem[X,0x80025712] -> 0x10B5
[3458] [M]: 0x80025710 (0x10B55063) bge a0, a1, 256


mem[X,0x80025810] -> 0x0613
mem[X,0x80025812] -> 0x0036
[3459] [M]: 0x80025810 (0x00360613) addi a2, a2, 3
x12 <- 0x00000003


mem[X,0x80025814] -> 0x006F
mem[X,0x80025816] -> 0x0040
[3460] [M]: 0x80025814 (0x0040006F) jal zero, 4


mem[X,0x80025818] -> 0x2823
mem[X,0x8002581A] -> 0x56C2
[3461] [M]: 0x80025818 (0x56C22823) sw a2, 1392(tp)
mem[0x8003A7D8] <- 0x00000003


mem[X,0x8002581C] -> 0x3537
mem[X,0x8002581E] -> 0x3333
[3462] [M]: 0x8002581C (0x33333537) lui a0, 209715
x10 <- 0x33333000


mem[X,0x80025820] -> 0x0513
mem[X,0x80025822] -> 0x3345
[3463] [M]: 0x80025820 (0x33450513) addi a0, a0, 820
x10 <- 0x33333334


mem[X,0x80025824] -> 0x0593
mem[X,0x80025826] -> 0x0040
[3464] [M]: 0x80025824 (0x00400593) addi a1, zero, 4
x11 <- 0x00000004


mem[X,0x80025828] -> 0x0613
mem[X,0x8002582A] -> 0x0000
[3465] [M]: 0x80025828 (0x00000613) addi a2, zero, 0
x12 <- 0x00000000


mem[X,0x8002582C] -> 0x006F
mem[X,0x8002582E] -> 0x00C0
[3466] [M]: 0x8002582C (0x00C0006F) jal zero, 12


mem[X,0x80025838] -> 0x5663
mem[X,0x8002583A] -> 0x00B5
[3467] [M]: 0x80025838 (0x00B55663) bge a0, a1, 12


mem[X,0x80025844] -> 0x0613
mem[X,0x80025846] -> 0x0036
[3468] [M]: 0x80025844 (0x00360613) addi a2, a2, 3
x12 <- 0x00000003


mem[X,0x80025848] -> 0x006F
mem[X,0x8002584A] -> 0x0040
[3469] [M]: 0x80025848 (0x0040006F) jal zero, 4


mem[X,0x8002584C] -> 0x2A23
mem[X,0x8002584E] -> 0x56C2
[3470] [M]: 0x8002584C (0x56C22A23) sw a2, 1396(tp)
mem[0x8003A7DC] <- 0x00000003


mem[X,0x80025850] -> 0x3537
mem[X,0x80025852] -> 0x3333
[3471] [M]: 0x80025850 (0x33333537) lui a0, 209715
x10 <- 0x33333000


mem[X,0x80025854] -> 0x0513
mem[X,0x80025856] -> 0x3345
[3472] [M]: 0x80025854 (0x33450513) addi a0, a0, 820
x10 <- 0x33333334


mem[X,0x80025858] -> 0x35B7
mem[X,0x8002585A] -> 0x3333
[3473] [M]: 0x80025858 (0x333335B7) lui a1, 209715
x11 <- 0x33333000


mem[X,0x8002585C] -> 0x8593
mem[X,0x8002585E] -> 0x3325
[3474] [M]: 0x8002585C (0x33258593) addi a1, a1, 818
x11 <- 0x33333332


mem[X,0x80025860] -> 0x0613
mem[X,0x80025862] -> 0x0000
[3475] [M]: 0x80025860 (0x00000613) addi a2, zero, 0
x12 <- 0x00000000


mem[X,0x80025864] -> 0x006F
mem[X,0x80025866] -> 0x00C0
[3476] [M]: 0x80025864 (0x00C0006F) jal zero, 12


mem[X,0x80025870] -> 0x5863
mem[X,0x80025872] -> 0x00B5
[3477] [M]: 0x80025870 (0x00B55863) bge a0, a1, 16


mem[X,0x80025880] -> 0x0613
mem[X,0x80025882] -> 0x0036
[3478] [M]: 0x80025880 (0x00360613) addi a2, a2, 3
x12 <- 0x00000003


mem[X,0x80025884] -> 0x006F
mem[X,0x80025886] -> 0x0040
[3479] [M]: 0x80025884 (0x0040006F) jal zero, 4


mem[X,0x80025888] -> 0x2C23
mem[X,0x8002588A] -> 0x56C2
[3480] [M]: 0x80025888 (0x56C22C23) sw a2, 1400(tp)
mem[0x8003A7E0] <- 0x00000003


mem[X,0x8002588C] -> 0x3537
mem[X,0x8002588E] -> 0x3333
[3481] [M]: 0x8002588C (0x33333537) lui a0, 209715
x10 <- 0x33333000


mem[X,0x80025890] -> 0x0513
mem[X,0x80025892] -> 0x3345
[3482] [M]: 0x80025890 (0x33450513) addi a0, a0, 820
x10 <- 0x33333334


mem[X,0x80025894] -> 0x65B7
mem[X,0x80025896] -> 0x6666
[3483] [M]: 0x80025894 (0x666665B7) lui a1, 419430
x11 <- 0x66666000


mem[X,0x80025898] -> 0x8593
mem[X,0x8002589A] -> 0x6655
[3484] [M]: 0x80025898 (0x66558593) addi a1, a1, 1637
x11 <- 0x66666665


mem[X,0x8002589C] -> 0x0613
mem[X,0x8002589E] -> 0x0000
[3485] [M]: 0x8002589C (0x00000613) addi a2, zero, 0
x12 <- 0x00000000


mem[X,0x800258A0] -> 0x006F
mem[X,0x800258A2] -> 0x00C0
[3486] [M]: 0x800258A0 (0x00C0006F) jal zero, 12


mem[X,0x800258AC] -> 0x5063
mem[X,0x800258AE] -> 0x04B5
[3487] [M]: 0x800258AC (0x04B55063) bge a0, a1, 64


mem[X,0x800258B0] -> 0x0613
mem[X,0x800258B2] -> 0x0026
[3488] [M]: 0x800258B0 (0x00260613) addi a2, a2, 2
x12 <- 0x00000002


mem[X,0x800258B4] -> 0x006F
mem[X,0x800258B6] -> 0x0400
[3489] [M]: 0x800258B4 (0x0400006F) jal zero, 64


mem[X,0x800258F4] -> 0x2E23
mem[X,0x800258F6] -> 0x56C2
[3490] [M]: 0x800258F4 (0x56C22E23) sw a2, 1404(tp)
mem[0x8003A7E4] <- 0x00000002


mem[X,0x800258F8] -> 0x3537
mem[X,0x800258FA] -> 0x3333
[3491] [M]: 0x800258F8 (0x33333537) lui a0, 209715
x10 <- 0x33333000


mem[X,0x800258FC] -> 0x0513
mem[X,0x800258FE] -> 0x3345
[3492] [M]: 0x800258FC (0x33450513) addi a0, a0, 820
x10 <- 0x33333334


mem[X,0x80025900] -> 0xB5B7
mem[X,0x80025902] -> 0x0000
[3493] [M]: 0x80025900 (0x0000B5B7) lui a1, 11
x11 <- 0x0000B000


mem[X,0x80025904] -> 0x8593
mem[X,0x80025906] -> 0x5035
[3494] [M]: 0x80025904 (0x50358593) addi a1, a1, 1283
x11 <- 0x0000B503


mem[X,0x80025908] -> 0x0613
mem[X,0x8002590A] -> 0x0000
[3495] [M]: 0x80025908 (0x00000613) addi a2, zero, 0
x12 <- 0x00000000


mem[X,0x8002590C] -> 0x006F
mem[X,0x8002590E] -> 0x00C0
[3496] [M]: 0x8002590C (0x00C0006F) jal zero, 12


mem[X,0x80025918] -> 0x5063
mem[X,0x8002591A] -> 0x04B5
[3497] [M]: 0x80025918 (0x04B55063) bge a0, a1, 64


mem[X,0x80025958] -> 0x0613
mem[X,0x8002595A] -> 0x0036
[3498] [M]: 0x80025958 (0x00360613) addi a2, a2, 3
x12 <- 0x00000003


mem[X,0x8002595C] -> 0x006F
mem[X,0x8002595E] -> 0x0040
[3499] [M]: 0x8002595C (0x0040006F) jal zero, 4


clint::tick mtime <- 0x0000000000000023
 clint timer pending at mtime 0x0000000000000023
htif::tick 0x0000000000000000
mem[X,0x80025960] -> 0x2023
mem[X,0x80025962] -> 0x58C2
[3500] [M]: 0x80025960 (0x58C22023) sw a2, 1408(tp)
mem[0x8003A7E8] <- 0x00000003


mem[X,0x80025964] -> 0x3537
mem[X,0x80025966] -> 0x3333
[3501] [M]: 0x80025964 (0x33333537) lui a0, 209715
x10 <- 0x33333000


mem[X,0x80025968] -> 0x0513
mem[X,0x8002596A] -> 0x3345
[3502] [M]: 0x80025968 (0x33450513) addi a0, a0, 820
x10 <- 0x33333334


mem[X,0x8002596C] -> 0x55B7
mem[X,0x8002596E] -> 0x5555
[3503] [M]: 0x8002596C (0x555555B7) lui a1, 349525
x11 <- 0x55555000


mem[X,0x80025970] -> 0x8593
mem[X,0x80025972] -> 0x5565
[3504] [M]: 0x80025970 (0x55658593) addi a1, a1, 1366
x11 <- 0x55555556


mem[X,0x80025974] -> 0x0613
mem[X,0x80025976] -> 0x0000
[3505] [M]: 0x80025974 (0x00000613) addi a2, zero, 0
x12 <- 0x00000000


mem[X,0x80025978] -> 0x006F
mem[X,0x8002597A] -> 0x00C0
[3506] [M]: 0x80025978 (0x00C0006F) jal zero, 12


mem[X,0x80025984] -> 0x5663
mem[X,0x80025986] -> 0x00B5
[3507] [M]: 0x80025984 (0x00B55663) bge a0, a1, 12


mem[X,0x80025988] -> 0x0613
mem[X,0x8002598A] -> 0x0026
[3508] [M]: 0x80025988 (0x00260613) addi a2, a2, 2
x12 <- 0x00000002


mem[X,0x8002598C] -> 0x006F
mem[X,0x8002598E] -> 0x00C0
[3509] [M]: 0x8002598C (0x00C0006F) jal zero, 12


mem[X,0x80025998] -> 0x2223
mem[X,0x8002599A] -> 0x58C2
[3510] [M]: 0x80025998 (0x58C22223) sw a2, 1412(tp)
mem[0x8003A7EC] <- 0x00000002


mem[X,0x8002599C] -> 0x3537
mem[X,0x8002599E] -> 0x3333
[3511] [M]: 0x8002599C (0x33333537) lui a0, 209715
x10 <- 0x33333000


mem[X,0x800259A0] -> 0x0513
mem[X,0x800259A2] -> 0x3345
[3512] [M]: 0x800259A0 (0x33450513) addi a0, a0, 820
x10 <- 0x33333334


mem[X,0x800259A4] -> 0xB5B7
mem[X,0x800259A6] -> 0xAAAA
[3513] [M]: 0x800259A4 (0xAAAAB5B7) lui a1, 699051
x11 <- 0xAAAAB000


mem[X,0x800259A8] -> 0x8593
mem[X,0x800259AA] -> 0xAAB5
[3514] [M]: 0x800259A8 (0xAAB58593) addi a1, a1, 2731
x11 <- 0xAAAAAAAB


mem[X,0x800259AC] -> 0x0613
mem[X,0x800259AE] -> 0x0000
[3515] [M]: 0x800259AC (0x00000613) addi a2, zero, 0
x12 <- 0x00000000


mem[X,0x800259B0] -> 0x006F
mem[X,0x800259B2] -> 0x0050
[3516] [M]: 0x800259B0 (0x0050006F) jal zero, 2052


mem[X,0x800261B4] -> 0x50E3
mem[X,0x800261B6] -> 0x80B5
[3517] [M]: 0x800261B4 (0x80B550E3) bge a0, a1, 6144


mem[X,0x800259B4] -> 0x0613
mem[X,0x800259B6] -> 0x0016
[3518] [M]: 0x800259B4 (0x00160613) addi a2, a2, 1
x12 <- 0x00000001


mem[X,0x800259B8] -> 0x006F
mem[X,0x800259BA] -> 0x0110
[3519] [M]: 0x800259B8 (0x0110006F) jal zero, 2064


mem[X,0x800261C8] -> 0x2423
mem[X,0x800261CA] -> 0x58C2
[3520] [M]: 0x800261C8 (0x58C22423) sw a2, 1416(tp)
mem[0x8003A7F0] <- 0x00000001


mem[X,0x800261CC] -> 0x3537
mem[X,0x800261CE] -> 0x3333
[3521] [M]: 0x800261CC (0x33333537) lui a0, 209715
x10 <- 0x33333000


mem[X,0x800261D0] -> 0x0513
mem[X,0x800261D2] -> 0x3345
[3522] [M]: 0x800261D0 (0x33450513) addi a0, a0, 820
x10 <- 0x33333334


mem[X,0x800261D4] -> 0x0593
mem[X,0x800261D6] -> 0x0060
[3523] [M]: 0x800261D4 (0x00600593) addi a1, zero, 6
x11 <- 0x00000006


mem[X,0x800261D8] -> 0x0613
mem[X,0x800261DA] -> 0x0000
[3524] [M]: 0x800261D8 (0x00000613) addi a2, zero, 0
x12 <- 0x00000000


mem[X,0x800261DC] -> 0x006F
mem[X,0x800261DE] -> 0x0050
[3525] [M]: 0x800261DC (0x0050006F) jal zero, 2052


mem[X,0x800269E0] -> 0x50E3
mem[X,0x800269E2] -> 0x80B5
[3526] [M]: 0x800269E0 (0x80B550E3) bge a0, a1, 6144


mem[X,0x800261E0] -> 0x0613
mem[X,0x800261E2] -> 0x0016
[3527] [M]: 0x800261E0 (0x00160613) addi a2, a2, 1
x12 <- 0x00000001


mem[X,0x800261E4] -> 0x006F
mem[X,0x800261E6] -> 0x0110
[3528] [M]: 0x800261E4 (0x0110006F) jal zero, 2064


mem[X,0x800269F4] -> 0x2623
mem[X,0x800269F6] -> 0x58C2
[3529] [M]: 0x800269F4 (0x58C22623) sw a2, 1420(tp)
mem[0x8003A7F4] <- 0x00000001


mem[X,0x800269F8] -> 0x3537
mem[X,0x800269FA] -> 0x3333
[3530] [M]: 0x800269F8 (0x33333537) lui a0, 209715
x10 <- 0x33333000


mem[X,0x800269FC] -> 0x0513
mem[X,0x800269FE] -> 0x3345
[3531] [M]: 0x800269FC (0x33450513) addi a0, a0, 820
x10 <- 0x33333334


mem[X,0x80026A00] -> 0x35B7
mem[X,0x80026A02] -> 0x3333
[3532] [M]: 0x80026A00 (0x333335B7) lui a1, 209715
x11 <- 0x33333000


mem[X,0x80026A04] -> 0x8593
mem[X,0x80026A06] -> 0x3345
[3533] [M]: 0x80026A04 (0x33458593) addi a1, a1, 820
x11 <- 0x33333334


mem[X,0x80026A08] -> 0x0613
mem[X,0x80026A0A] -> 0x0000
[3534] [M]: 0x80026A08 (0x00000613) addi a2, zero, 0
x12 <- 0x00000000


mem[X,0x80026A0C] -> 0x006F
mem[X,0x80026A0E] -> 0x0050
[3535] [M]: 0x80026A0C (0x0050006F) jal zero, 2052


mem[X,0x80027210] -> 0x50E3
mem[X,0x80027212] -> 0x80B5
[3536] [M]: 0x80027210 (0x80B550E3) bge a0, a1, 6144


mem[X,0x80026A10] -> 0x0613
mem[X,0x80026A12] -> 0x0016
[3537] [M]: 0x80026A10 (0x00160613) addi a2, a2, 1
x12 <- 0x00000001


mem[X,0x80026A14] -> 0x006F
mem[X,0x80026A16] -> 0x0110
[3538] [M]: 0x80026A14 (0x0110006F) jal zero, 2064


mem[X,0x80027224] -> 0x2823
mem[X,0x80027226] -> 0x58C2
[3539] [M]: 0x80027224 (0x58C22823) sw a2, 1424(tp)
mem[0x8003A7F8] <- 0x00000001


mem[X,0x80027228] -> 0x3537
mem[X,0x8002722A] -> 0x3333
[3540] [M]: 0x80027228 (0x33333537) lui a0, 209715
x10 <- 0x33333000


mem[X,0x8002722C] -> 0x0513
mem[X,0x8002722E] -> 0x3345
[3541] [M]: 0x8002722C (0x33450513) addi a0, a0, 820
x10 <- 0x33333334


mem[X,0x80027230] -> 0x65B7
mem[X,0x80027232] -> 0x6666
[3542] [M]: 0x80027230 (0x666665B7) lui a1, 419430
x11 <- 0x66666000


mem[X,0x80027234] -> 0x8593
mem[X,0x80027236] -> 0x6675
[3543] [M]: 0x80027234 (0x66758593) addi a1, a1, 1639
x11 <- 0x66666667


mem[X,0x80027238] -> 0x0613
mem[X,0x8002723A] -> 0x0000
[3544] [M]: 0x80027238 (0x00000613) addi a2, zero, 0
x12 <- 0x00000000


mem[X,0x8002723C] -> 0x006F
mem[X,0x8002723E] -> 0x00C0
[3545] [M]: 0x8002723C (0x00C0006F) jal zero, 12


mem[X,0x80027248] -> 0x5CE3
mem[X,0x8002724A] -> 0xFEB5
[3546] [M]: 0x80027248 (0xFEB55CE3) bge a0, a1, 8184


mem[X,0x8002724C] -> 0x0613
mem[X,0x8002724E] -> 0x0026
[3547] [M]: 0x8002724C (0x00260613) addi a2, a2, 2
x12 <- 0x00000002


mem[X,0x80027250] -> 0x006F
mem[X,0x80027252] -> 0x00C0
[3548] [M]: 0x80027250 (0x00C0006F) jal zero, 12


mem[X,0x8002725C] -> 0x2A23
mem[X,0x8002725E] -> 0x58C2
[3549] [M]: 0x8002725C (0x58C22A23) sw a2, 1428(tp)
mem[0x8003A7FC] <- 0x00000002


mem[X,0x80027260] -> 0x3537
mem[X,0x80027262] -> 0x3333
[3550] [M]: 0x80027260 (0x33333537) lui a0, 209715
x10 <- 0x33333000


mem[X,0x80027264] -> 0x0513
mem[X,0x80027266] -> 0x3345
[3551] [M]: 0x80027264 (0x33450513) addi a0, a0, 820
x10 <- 0x33333334


mem[X,0x80027268] -> 0x55B7
mem[X,0x8002726A] -> 0xFFFF
[3552] [M]: 0x80027268 (0xFFFF55B7) lui a1, 1048565
x11 <- 0xFFFF5000


mem[X,0x8002726C] -> 0x8593
mem[X,0x8002726E] -> 0xAFD5
[3553] [M]: 0x8002726C (0xAFD58593) addi a1, a1, 2813
x11 <- 0xFFFF4AFD


mem[X,0x80027270] -> 0x0613
mem[X,0x80027272] -> 0x0000
[3554] [M]: 0x80027270 (0x00000613) addi a2, zero, 0
x12 <- 0x00000000


mem[X,0x80027274] -> 0x006F
mem[X,0x80027276] -> 0x0050
[3555] [M]: 0x80027274 (0x0050006F) jal zero, 2052


mem[X,0x80027A78] -> 0x50E3
mem[X,0x80027A7A] -> 0x80B5
[3556] [M]: 0x80027A78 (0x80B550E3) bge a0, a1, 6144


mem[X,0x80027278] -> 0x0613
mem[X,0x8002727A] -> 0x0016
[3557] [M]: 0x80027278 (0x00160613) addi a2, a2, 1
x12 <- 0x00000001


mem[X,0x8002727C] -> 0x006F
mem[X,0x8002727E] -> 0x0110
[3558] [M]: 0x8002727C (0x0110006F) jal zero, 2064


mem[X,0x80027A8C] -> 0x2C23
mem[X,0x80027A8E] -> 0x58C2
[3559] [M]: 0x80027A8C (0x58C22C23) sw a2, 1432(tp)
mem[0x8003A800] <- 0x00000001


mem[X,0x80027A90] -> 0x3537
mem[X,0x80027A92] -> 0x3333
[3560] [M]: 0x80027A90 (0x33333537) lui a0, 209715
x10 <- 0x33333000


mem[X,0x80027A94] -> 0x0513
mem[X,0x80027A96] -> 0x3345
[3561] [M]: 0x80027A94 (0x33450513) addi a0, a0, 820
x10 <- 0x33333334


mem[X,0x80027A98] -> 0xB5B7
mem[X,0x80027A9A] -> 0x0000
[3562] [M]: 0x80027A98 (0x0000B5B7) lui a1, 11
x11 <- 0x0000B000


mem[X,0x80027A9C] -> 0x8593
mem[X,0x80027A9E] -> 0x5055
[3563] [M]: 0x80027A9C (0x50558593) addi a1, a1, 1285
x11 <- 0x0000B505


mem[X,0x80027AA0] -> 0x0613
mem[X,0x80027AA2] -> 0x0000
[3564] [M]: 0x80027AA0 (0x00000613) addi a2, zero, 0
x12 <- 0x00000000


mem[X,0x80027AA4] -> 0x006F
mem[X,0x80027AA6] -> 0x00C0
[3565] [M]: 0x80027AA4 (0x00C0006F) jal zero, 12


mem[X,0x80027AB0] -> 0x5063
mem[X,0x80027AB2] -> 0x40B5
[3566] [M]: 0x80027AB0 (0x40B55063) bge a0, a1, 1024


mem[X,0x80027EB0] -> 0x0613
mem[X,0x80027EB2] -> 0x0036
[3567] [M]: 0x80027EB0 (0x00360613) addi a2, a2, 3
x12 <- 0x00000003


mem[X,0x80027EB4] -> 0x006F
mem[X,0x80027EB6] -> 0x0040
[3568] [M]: 0x80027EB4 (0x0040006F) jal zero, 4


mem[X,0x80027EB8] -> 0x2E23
mem[X,0x80027EBA] -> 0x58C2
[3569] [M]: 0x80027EB8 (0x58C22E23) sw a2, 1436(tp)
mem[0x8003A804] <- 0x00000003


mem[X,0x80027EBC] -> 0x6537
mem[X,0x80027EBE] -> 0x6666
[3570] [M]: 0x80027EBC (0x66666537) lui a0, 419430
x10 <- 0x66666000


mem[X,0x80027EC0] -> 0x0513
mem[X,0x80027EC2] -> 0x6675
[3571] [M]: 0x80027EC0 (0x66750513) addi a0, a0, 1639
x10 <- 0x66666667


mem[X,0x80027EC4] -> 0x0593
mem[X,0x80027EC6] -> 0x0030
[3572] [M]: 0x80027EC4 (0x00300593) addi a1, zero, 3
x11 <- 0x00000003


mem[X,0x80027EC8] -> 0x0613
mem[X,0x80027ECA] -> 0x0000
[3573] [M]: 0x80027EC8 (0x00000613) addi a2, zero, 0
x12 <- 0x00000000


mem[X,0x80027ECC] -> 0x006F
mem[X,0x80027ECE] -> 0x0050
[3574] [M]: 0x80027ECC (0x0050006F) jal zero, 2052


mem[X,0x800286D0] -> 0x50E3
mem[X,0x800286D2] -> 0x80B5
[3575] [M]: 0x800286D0 (0x80B550E3) bge a0, a1, 6144


mem[X,0x80027ED0] -> 0x0613
mem[X,0x80027ED2] -> 0x0016
[3576] [M]: 0x80027ED0 (0x00160613) addi a2, a2, 1
x12 <- 0x00000001


mem[X,0x80027ED4] -> 0x006F
mem[X,0x80027ED6] -> 0x0110
[3577] [M]: 0x80027ED4 (0x0110006F) jal zero, 2064


mem[X,0x800286E4] -> 0x2023
mem[X,0x800286E6] -> 0x5AC2
[3578] [M]: 0x800286E4 (0x5AC22023) sw a2, 1440(tp)
mem[0x8003A808] <- 0x00000001


mem[X,0x800286E8] -> 0x6537
mem[X,0x800286EA] -> 0x6666
[3579] [M]: 0x800286E8 (0x66666537) lui a0, 419430
x10 <- 0x66666000


mem[X,0x800286EC] -> 0x0513
mem[X,0x800286EE] -> 0x6675
[3580] [M]: 0x800286EC (0x66750513) addi a0, a0, 1639
x10 <- 0x66666667


mem[X,0x800286F0] -> 0x55B7
mem[X,0x800286F2] -> 0x5555
[3581] [M]: 0x800286F0 (0x555555B7) lui a1, 349525
x11 <- 0x55555000


mem[X,0x800286F4] -> 0x8593
mem[X,0x800286F6] -> 0x5555
[3582] [M]: 0x800286F4 (0x55558593) addi a1, a1, 1365
x11 <- 0x55555555


mem[X,0x800286F8] -> 0x0613
mem[X,0x800286FA] -> 0x0000
[3583] [M]: 0x800286F8 (0x00000613) addi a2, zero, 0
x12 <- 0x00000000


mem[X,0x800286FC] -> 0x006F
mem[X,0x800286FE] -> 0x2B10
[3584] [M]: 0x800286FC (0x2B10006F) jal zero, 2736


mem[X,0x800291AC] -> 0x5A63
mem[X,0x800291AE] -> 0xD4B5
[3585] [M]: 0x800291AC (0xD4B55A63) bge a0, a1, 5460


mem[X,0x80028700] -> 0x0613
mem[X,0x80028702] -> 0x0016
[3586] [M]: 0x80028700 (0x00160613) addi a2, a2, 1
x12 <- 0x00000001


mem[X,0x80028704] -> 0x006F
mem[X,0x80028706] -> 0x2BD0
[3587] [M]: 0x80028704 (0x2BD0006F) jal zero, 2748


mem[X,0x800291C0] -> 0x2223
mem[X,0x800291C2] -> 0x5AC2
[3588] [M]: 0x800291C0 (0x5AC22223) sw a2, 1444(tp)
mem[0x8003A80C] <- 0x00000001


mem[X,0x800291C4] -> 0x6537
mem[X,0x800291C6] -> 0x6666
[3589] [M]: 0x800291C4 (0x66666537) lui a0, 419430
x10 <- 0x66666000


mem[X,0x800291C8] -> 0x0513
mem[X,0x800291CA] -> 0x6675
[3590] [M]: 0x800291C8 (0x66750513) addi a0, a0, 1639
x10 <- 0x66666667


mem[X,0x800291CC] -> 0xB5B7
mem[X,0x800291CE] -> 0xAAAA
[3591] [M]: 0x800291CC (0xAAAAB5B7) lui a1, 699051
x11 <- 0xAAAAB000


mem[X,0x800291D0] -> 0x8593
mem[X,0x800291D2] -> 0xAAA5
[3592] [M]: 0x800291D0 (0xAAA58593) addi a1, a1, 2730
x11 <- 0xAAAAAAAA


mem[X,0x800291D4] -> 0x0613
mem[X,0x800291D6] -> 0x0000
[3593] [M]: 0x800291D4 (0x00000613) addi a2, zero, 0
x12 <- 0x00000000


mem[X,0x800291D8] -> 0x006F
mem[X,0x800291DA] -> 0x00C0
[3594] [M]: 0x800291D8 (0x00C0006F) jal zero, 12


mem[X,0x800291E4] -> 0x5063
mem[X,0x800291E6] -> 0x02B5
[3595] [M]: 0x800291E4 (0x02B55063) bge a0, a1, 32


mem[X,0x80029204] -> 0x0613
mem[X,0x80029206] -> 0x0036
[3596] [M]: 0x80029204 (0x00360613) addi a2, a2, 3
x12 <- 0x00000003


mem[X,0x80029208] -> 0x006F
mem[X,0x8002920A] -> 0x0040
[3597] [M]: 0x80029208 (0x0040006F) jal zero, 4


mem[X,0x8002920C] -> 0x2423
mem[X,0x8002920E] -> 0x5AC2
[3598] [M]: 0x8002920C (0x5AC22423) sw a2, 1448(tp)
mem[0x8003A810] <- 0x00000003


mem[X,0x80029210] -> 0x6537
mem[X,0x80029212] -> 0x6666
[3599] [M]: 0x80029210 (0x66666537) lui a0, 419430
x10 <- 0x66666000


clint::tick mtime <- 0x0000000000000024
 clint timer pending at mtime 0x0000000000000024
htif::tick 0x0000000000000000
mem[X,0x80029214] -> 0x0513
mem[X,0x80029216] -> 0x6675
[3600] [M]: 0x80029214 (0x66750513) addi a0, a0, 1639
x10 <- 0x66666667


mem[X,0x80029218] -> 0x0593
mem[X,0x8002921A] -> 0x0050
[3601] [M]: 0x80029218 (0x00500593) addi a1, zero, 5
x11 <- 0x00000005


mem[X,0x8002921C] -> 0x0613
mem[X,0x8002921E] -> 0x0000
[3602] [M]: 0x8002921C (0x00000613) addi a2, zero, 0
x12 <- 0x00000000


mem[X,0x80029220] -> 0x006F
mem[X,0x80029222] -> 0x0180
[3603] [M]: 0x80029220 (0x0180006F) jal zero, 24


mem[X,0x80029238] -> 0x56E3
mem[X,0x8002923A] -> 0xFEB5
[3604] [M]: 0x80029238 (0xFEB556E3) bge a0, a1, 8172


mem[X,0x80029224] -> 0x0613
mem[X,0x80029226] -> 0x0016
[3605] [M]: 0x80029224 (0x00160613) addi a2, a2, 1
x12 <- 0x00000001


mem[X,0x80029228] -> 0x006F
mem[X,0x8002922A] -> 0x0240
[3606] [M]: 0x80029228 (0x0240006F) jal zero, 36


mem[X,0x8002924C] -> 0x2623
mem[X,0x8002924E] -> 0x5AC2
[3607] [M]: 0x8002924C (0x5AC22623) sw a2, 1452(tp)
mem[0x8003A814] <- 0x00000001


mem[X,0x80029250] -> 0x6537
mem[X,0x80029252] -> 0x6666
[3608] [M]: 0x80029250 (0x66666537) lui a0, 419430
x10 <- 0x66666000


mem[X,0x80029254] -> 0x0513
mem[X,0x80029256] -> 0x6675
[3609] [M]: 0x80029254 (0x66750513) addi a0, a0, 1639
x10 <- 0x66666667


mem[X,0x80029258] -> 0x35B7
mem[X,0x8002925A] -> 0x3333
[3610] [M]: 0x80029258 (0x333335B7) lui a1, 209715
x11 <- 0x33333000


mem[X,0x8002925C] -> 0x8593
mem[X,0x8002925E] -> 0x3335
[3611] [M]: 0x8002925C (0x33358593) addi a1, a1, 819
x11 <- 0x33333333


mem[X,0x80029260] -> 0x0613
mem[X,0x80029262] -> 0x0000
[3612] [M]: 0x80029260 (0x00000613) addi a2, zero, 0
x12 <- 0x00000000


mem[X,0x80029264] -> 0x006F
mem[X,0x80029266] -> 0x00C0
[3613] [M]: 0x80029264 (0x00C0006F) jal zero, 12


mem[X,0x80029270] -> 0x5CE3
mem[X,0x80029272] -> 0xFEB5
[3614] [M]: 0x80029270 (0xFEB55CE3) bge a0, a1, 8184


mem[X,0x80029268] -> 0x0613
mem[X,0x8002926A] -> 0x0016
[3615] [M]: 0x80029268 (0x00160613) addi a2, a2, 1
x12 <- 0x00000001


mem[X,0x8002926C] -> 0x006F
mem[X,0x8002926E] -> 0x0180
[3616] [M]: 0x8002926C (0x0180006F) jal zero, 24


mem[X,0x80029284] -> 0x2823
mem[X,0x80029286] -> 0x5AC2
[3617] [M]: 0x80029284 (0x5AC22823) sw a2, 1456(tp)
mem[0x8003A818] <- 0x00000001


mem[X,0x80029288] -> 0x6537
mem[X,0x8002928A] -> 0x6666
[3618] [M]: 0x80029288 (0x66666537) lui a0, 419430
x10 <- 0x66666000


mem[X,0x8002928C] -> 0x0513
mem[X,0x8002928E] -> 0x6675
[3619] [M]: 0x8002928C (0x66750513) addi a0, a0, 1639
x10 <- 0x66666667


mem[X,0x80029290] -> 0x65B7
mem[X,0x80029292] -> 0x6666
[3620] [M]: 0x80029290 (0x666665B7) lui a1, 419430
x11 <- 0x66666000


mem[X,0x80029294] -> 0x8593
mem[X,0x80029296] -> 0x6665
[3621] [M]: 0x80029294 (0x66658593) addi a1, a1, 1638
x11 <- 0x66666666


mem[X,0x80029298] -> 0x0613
mem[X,0x8002929A] -> 0x0000
[3622] [M]: 0x80029298 (0x00000613) addi a2, zero, 0
x12 <- 0x00000000


mem[X,0x8002929C] -> 0x006F
mem[X,0x8002929E] -> 0x00C0
[3623] [M]: 0x8002929C (0x00C0006F) jal zero, 12


mem[X,0x800292A8] -> 0x5063
mem[X,0x800292AA] -> 0x10B5
[3624] [M]: 0x800292A8 (0x10B55063) bge a0, a1, 256


mem[X,0x800293A8] -> 0x0613
mem[X,0x800293AA] -> 0x0036
[3625] [M]: 0x800293A8 (0x00360613) addi a2, a2, 3
x12 <- 0x00000003


mem[X,0x800293AC] -> 0x006F
mem[X,0x800293AE] -> 0x0040
[3626] [M]: 0x800293AC (0x0040006F) jal zero, 4


mem[X,0x800293B0] -> 0x2A23
mem[X,0x800293B2] -> 0x5AC2
[3627] [M]: 0x800293B0 (0x5AC22A23) sw a2, 1460(tp)
mem[0x8003A81C] <- 0x00000003


mem[X,0x800293B4] -> 0x6537
mem[X,0x800293B6] -> 0x6666
[3628] [M]: 0x800293B4 (0x66666537) lui a0, 419430
x10 <- 0x66666000


mem[X,0x800293B8] -> 0x0513
mem[X,0x800293BA] -> 0x6675
[3629] [M]: 0x800293B8 (0x66750513) addi a0, a0, 1639
x10 <- 0x66666667


mem[X,0x800293BC] -> 0x55B7
mem[X,0x800293BE] -> 0xFFFF
[3630] [M]: 0x800293BC (0xFFFF55B7) lui a1, 1048565
x11 <- 0xFFFF5000


mem[X,0x800293C0] -> 0x8593
mem[X,0x800293C2] -> 0xAFC5
[3631] [M]: 0x800293C0 (0xAFC58593) addi a1, a1, 2812
x11 <- 0xFFFF4AFC


mem[X,0x800293C4] -> 0x0613
mem[X,0x800293C6] -> 0x0000
[3632] [M]: 0x800293C4 (0x00000613) addi a2, zero, 0
x12 <- 0x00000000


mem[X,0x800293C8] -> 0x006F
mem[X,0x800293CA] -> 0x0050
[3633] [M]: 0x800293C8 (0x0050006F) jal zero, 2052


mem[X,0x80029BCC] -> 0x50E3
mem[X,0x80029BCE] -> 0x80B5
[3634] [M]: 0x80029BCC (0x80B550E3) bge a0, a1, 6144


mem[X,0x800293CC] -> 0x0613
mem[X,0x800293CE] -> 0x0016
[3635] [M]: 0x800293CC (0x00160613) addi a2, a2, 1
x12 <- 0x00000001


mem[X,0x800293D0] -> 0x006F
mem[X,0x800293D2] -> 0x0110
[3636] [M]: 0x800293D0 (0x0110006F) jal zero, 2064


mem[X,0x80029BE0] -> 0x2C23
mem[X,0x80029BE2] -> 0x5AC2
[3637] [M]: 0x80029BE0 (0x5AC22C23) sw a2, 1464(tp)
mem[0x8003A820] <- 0x00000001


mem[X,0x80029BE4] -> 0x6537
mem[X,0x80029BE6] -> 0x6666
[3638] [M]: 0x80029BE4 (0x66666537) lui a0, 419430
x10 <- 0x66666000


mem[X,0x80029BE8] -> 0x0513
mem[X,0x80029BEA] -> 0x6675
[3639] [M]: 0x80029BE8 (0x66750513) addi a0, a0, 1639
x10 <- 0x66666667


mem[X,0x80029BEC] -> 0xB5B7
mem[X,0x80029BEE] -> 0x0000
[3640] [M]: 0x80029BEC (0x0000B5B7) lui a1, 11
x11 <- 0x0000B000


mem[X,0x80029BF0] -> 0x8593
mem[X,0x80029BF2] -> 0x5045
[3641] [M]: 0x80029BF0 (0x50458593) addi a1, a1, 1284
x11 <- 0x0000B504


mem[X,0x80029BF4] -> 0x0613
mem[X,0x80029BF6] -> 0x0000
[3642] [M]: 0x80029BF4 (0x00000613) addi a2, zero, 0
x12 <- 0x00000000


mem[X,0x80029BF8] -> 0x006F
mem[X,0x80029BFA] -> 0x00C0
[3643] [M]: 0x80029BF8 (0x00C0006F) jal zero, 12


mem[X,0x80029C04] -> 0x5063
mem[X,0x80029C06] -> 0x40B5
[3644] [M]: 0x80029C04 (0x40B55063) bge a0, a1, 1024


mem[X,0x8002A004] -> 0x0613
mem[X,0x8002A006] -> 0x0036
[3645] [M]: 0x8002A004 (0x00360613) addi a2, a2, 3
x12 <- 0x00000003


mem[X,0x8002A008] -> 0x006F
mem[X,0x8002A00A] -> 0x0040
[3646] [M]: 0x8002A008 (0x0040006F) jal zero, 4


mem[X,0x8002A00C] -> 0x2E23
mem[X,0x8002A00E] -> 0x5AC2
[3647] [M]: 0x8002A00C (0x5AC22E23) sw a2, 1468(tp)
mem[0x8003A824] <- 0x00000003


mem[X,0x8002A010] -> 0x6537
mem[X,0x8002A012] -> 0x6666
[3648] [M]: 0x8002A010 (0x66666537) lui a0, 419430
x10 <- 0x66666000


mem[X,0x8002A014] -> 0x0513
mem[X,0x8002A016] -> 0x6675
[3649] [M]: 0x8002A014 (0x66750513) addi a0, a0, 1639
x10 <- 0x66666667


mem[X,0x8002A018] -> 0x0593
mem[X,0x8002A01A] -> 0x0020
[3650] [M]: 0x8002A018 (0x00200593) addi a1, zero, 2
x11 <- 0x00000002


mem[X,0x8002A01C] -> 0x0613
mem[X,0x8002A01E] -> 0x0000
[3651] [M]: 0x8002A01C (0x00000613) addi a2, zero, 0
x12 <- 0x00000000


mem[X,0x8002A020] -> 0x006F
mem[X,0x8002A022] -> 0x00C0
[3652] [M]: 0x8002A020 (0x00C0006F) jal zero, 12


mem[X,0x8002A02C] -> 0x5CE3
mem[X,0x8002A02E] -> 0xFEB5
[3653] [M]: 0x8002A02C (0xFEB55CE3) bge a0, a1, 8184


mem[X,0x8002A024] -> 0x0613
mem[X,0x8002A026] -> 0x0016
[3654] [M]: 0x8002A024 (0x00160613) addi a2, a2, 1
x12 <- 0x00000001


mem[X,0x8002A028] -> 0x006F
mem[X,0x8002A02A] -> 0x0180
[3655] [M]: 0x8002A028 (0x0180006F) jal zero, 24


mem[X,0x8002A040] -> 0x2023
mem[X,0x8002A042] -> 0x5CC2
[3656] [M]: 0x8002A040 (0x5CC22023) sw a2, 1472(tp)
mem[0x8003A828] <- 0x00000001


mem[X,0x8002A044] -> 0x6537
mem[X,0x8002A046] -> 0x6666
[3657] [M]: 0x8002A044 (0x66666537) lui a0, 419430
x10 <- 0x66666000


mem[X,0x8002A048] -> 0x0513
mem[X,0x8002A04A] -> 0x6675
[3658] [M]: 0x8002A048 (0x66750513) addi a0, a0, 1639
x10 <- 0x66666667


mem[X,0x8002A04C] -> 0x55B7
mem[X,0x8002A04E] -> 0x5555
[3659] [M]: 0x8002A04C (0x555555B7) lui a1, 349525
x11 <- 0x55555000


mem[X,0x8002A050] -> 0x8593
mem[X,0x8002A052] -> 0x5545
[3660] [M]: 0x8002A050 (0x55458593) addi a1, a1, 1364
x11 <- 0x55555554


mem[X,0x8002A054] -> 0x0613
mem[X,0x8002A056] -> 0x0000
[3661] [M]: 0x8002A054 (0x00000613) addi a2, zero, 0
x12 <- 0x00000000


mem[X,0x8002A058] -> 0x006F
mem[X,0x8002A05A] -> 0x00C0
[3662] [M]: 0x8002A058 (0x00C0006F) jal zero, 12


mem[X,0x8002A064] -> 0x5663
mem[X,0x8002A066] -> 0x00B5
[3663] [M]: 0x8002A064 (0x00B55663) bge a0, a1, 12


mem[X,0x8002A070] -> 0x0613
mem[X,0x8002A072] -> 0x0036
[3664] [M]: 0x8002A070 (0x00360613) addi a2, a2, 3
x12 <- 0x00000003


mem[X,0x8002A074] -> 0x006F
mem[X,0x8002A076] -> 0x0040
[3665] [M]: 0x8002A074 (0x0040006F) jal zero, 4


mem[X,0x8002A078] -> 0x2223
mem[X,0x8002A07A] -> 0x5CC2
[3666] [M]: 0x8002A078 (0x5CC22223) sw a2, 1476(tp)
mem[0x8003A82C] <- 0x00000003


mem[X,0x8002A07C] -> 0x6537
mem[X,0x8002A07E] -> 0x6666
[3667] [M]: 0x8002A07C (0x66666537) lui a0, 419430
x10 <- 0x66666000


mem[X,0x8002A080] -> 0x0513
mem[X,0x8002A082] -> 0x6675
[3668] [M]: 0x8002A080 (0x66750513) addi a0, a0, 1639
x10 <- 0x66666667


mem[X,0x8002A084] -> 0x0593
mem[X,0x8002A086] -> 0x0000
[3669] [M]: 0x8002A084 (0x00000593) addi a1, zero, 0
x11 <- 0x00000000


mem[X,0x8002A088] -> 0x0613
mem[X,0x8002A08A] -> 0x0000
[3670] [M]: 0x8002A088 (0x00000613) addi a2, zero, 0
x12 <- 0x00000000


mem[X,0x8002A08C] -> 0x006F
mem[X,0x8002A08E] -> 0x00C0
[3671] [M]: 0x8002A08C (0x00C0006F) jal zero, 12


mem[X,0x8002A098] -> 0x5CE3
mem[X,0x8002A09A] -> 0xFEB5
[3672] [M]: 0x8002A098 (0xFEB55CE3) bge a0, a1, 8184


mem[X,0x8002A090] -> 0x0613
mem[X,0x8002A092] -> 0x0016
[3673] [M]: 0x8002A090 (0x00160613) addi a2, a2, 1
x12 <- 0x00000001


mem[X,0x8002A094] -> 0x006F
mem[X,0x8002A096] -> 0x0180
[3674] [M]: 0x8002A094 (0x0180006F) jal zero, 24


mem[X,0x8002A0AC] -> 0x2423
mem[X,0x8002A0AE] -> 0x5CC2
[3675] [M]: 0x8002A0AC (0x5CC22423) sw a2, 1480(tp)
mem[0x8003A830] <- 0x00000001


mem[X,0x8002A0B0] -> 0x6537
mem[X,0x8002A0B2] -> 0x6666
[3676] [M]: 0x8002A0B0 (0x66666537) lui a0, 419430
x10 <- 0x66666000


mem[X,0x8002A0B4] -> 0x0513
mem[X,0x8002A0B6] -> 0x6675
[3677] [M]: 0x8002A0B4 (0x66750513) addi a0, a0, 1639
x10 <- 0x66666667


mem[X,0x8002A0B8] -> 0x0593
mem[X,0x8002A0BA] -> 0x0040
[3678] [M]: 0x8002A0B8 (0x00400593) addi a1, zero, 4
x11 <- 0x00000004


mem[X,0x8002A0BC] -> 0x0613
mem[X,0x8002A0BE] -> 0x0000
[3679] [M]: 0x8002A0BC (0x00000613) addi a2, zero, 0
x12 <- 0x00000000


mem[X,0x8002A0C0] -> 0x006F
mem[X,0x8002A0C2] -> 0x00C0
[3680] [M]: 0x8002A0C0 (0x00C0006F) jal zero, 12


mem[X,0x8002A0CC] -> 0x5663
mem[X,0x8002A0CE] -> 0x00B5
[3681] [M]: 0x8002A0CC (0x00B55663) bge a0, a1, 12


mem[X,0x8002A0D8] -> 0x0613
mem[X,0x8002A0DA] -> 0x0036
[3682] [M]: 0x8002A0D8 (0x00360613) addi a2, a2, 3
x12 <- 0x00000003


mem[X,0x8002A0DC] -> 0x006F
mem[X,0x8002A0DE] -> 0x0040
[3683] [M]: 0x8002A0DC (0x0040006F) jal zero, 4


mem[X,0x8002A0E0] -> 0x2623
mem[X,0x8002A0E2] -> 0x5CC2
[3684] [M]: 0x8002A0E0 (0x5CC22623) sw a2, 1484(tp)
mem[0x8003A834] <- 0x00000003


mem[X,0x8002A0E4] -> 0x6537
mem[X,0x8002A0E6] -> 0x6666
[3685] [M]: 0x8002A0E4 (0x66666537) lui a0, 419430
x10 <- 0x66666000


mem[X,0x8002A0E8] -> 0x0513
mem[X,0x8002A0EA] -> 0x6675
[3686] [M]: 0x8002A0E8 (0x66750513) addi a0, a0, 1639
x10 <- 0x66666667


mem[X,0x8002A0EC] -> 0x35B7
mem[X,0x8002A0EE] -> 0x3333
[3687] [M]: 0x8002A0EC (0x333335B7) lui a1, 209715
x11 <- 0x33333000


mem[X,0x8002A0F0] -> 0x8593
mem[X,0x8002A0F2] -> 0x3325
[3688] [M]: 0x8002A0F0 (0x33258593) addi a1, a1, 818
x11 <- 0x33333332


mem[X,0x8002A0F4] -> 0x0613
mem[X,0x8002A0F6] -> 0x0000
[3689] [M]: 0x8002A0F4 (0x00000613) addi a2, zero, 0
x12 <- 0x00000000


mem[X,0x8002A0F8] -> 0x006F
mem[X,0x8002A0FA] -> 0x0180
[3690] [M]: 0x8002A0F8 (0x0180006F) jal zero, 24


mem[X,0x8002A110] -> 0x56E3
mem[X,0x8002A112] -> 0xFEB5
[3691] [M]: 0x8002A110 (0xFEB556E3) bge a0, a1, 8172


mem[X,0x8002A0FC] -> 0x0613
mem[X,0x8002A0FE] -> 0x0016
[3692] [M]: 0x8002A0FC (0x00160613) addi a2, a2, 1
x12 <- 0x00000001


mem[X,0x8002A100] -> 0x006F
mem[X,0x8002A102] -> 0x0240
[3693] [M]: 0x8002A100 (0x0240006F) jal zero, 36


mem[X,0x8002A124] -> 0x2823
mem[X,0x8002A126] -> 0x5CC2
[3694] [M]: 0x8002A124 (0x5CC22823) sw a2, 1488(tp)
mem[0x8003A838] <- 0x00000001


mem[X,0x8002A128] -> 0x6537
mem[X,0x8002A12A] -> 0x6666
[3695] [M]: 0x8002A128 (0x66666537) lui a0, 419430
x10 <- 0x66666000


mem[X,0x8002A12C] -> 0x0513
mem[X,0x8002A12E] -> 0x6675
[3696] [M]: 0x8002A12C (0x66750513) addi a0, a0, 1639
x10 <- 0x66666667


mem[X,0x8002A130] -> 0x65B7
mem[X,0x8002A132] -> 0x6666
[3697] [M]: 0x8002A130 (0x666665B7) lui a1, 419430
x11 <- 0x66666000


mem[X,0x8002A134] -> 0x8593
mem[X,0x8002A136] -> 0x6655
[3698] [M]: 0x8002A134 (0x66558593) addi a1, a1, 1637
x11 <- 0x66666665


mem[X,0x8002A138] -> 0x0613
mem[X,0x8002A13A] -> 0x0000
[3699] [M]: 0x8002A138 (0x00000613) addi a2, zero, 0
x12 <- 0x00000000


clint::tick mtime <- 0x0000000000000025
 clint timer pending at mtime 0x0000000000000025
htif::tick 0x0000000000000000
mem[X,0x8002A13C] -> 0x006F
mem[X,0x8002A13E] -> 0x00C0
[3700] [M]: 0x8002A13C (0x00C0006F) jal zero, 12


mem[X,0x8002A148] -> 0x5663
mem[X,0x8002A14A] -> 0x00B5
[3701] [M]: 0x8002A148 (0x00B55663) bge a0, a1, 12


mem[X,0x8002A154] -> 0x0613
mem[X,0x8002A156] -> 0x0036
[3702] [M]: 0x8002A154 (0x00360613) addi a2, a2, 3
x12 <- 0x00000003


mem[X,0x8002A158] -> 0x006F
mem[X,0x8002A15A] -> 0x0040
[3703] [M]: 0x8002A158 (0x0040006F) jal zero, 4


mem[X,0x8002A15C] -> 0x2A23
mem[X,0x8002A15E] -> 0x5CC2
[3704] [M]: 0x8002A15C (0x5CC22A23) sw a2, 1492(tp)
mem[0x8003A83C] <- 0x00000003


mem[X,0x8002A160] -> 0x6537
mem[X,0x8002A162] -> 0x6666
[3705] [M]: 0x8002A160 (0x66666537) lui a0, 419430
x10 <- 0x66666000


mem[X,0x8002A164] -> 0x0513
mem[X,0x8002A166] -> 0x6675
[3706] [M]: 0x8002A164 (0x66750513) addi a0, a0, 1639
x10 <- 0x66666667


mem[X,0x8002A168] -> 0xB5B7
mem[X,0x8002A16A] -> 0x0000
[3707] [M]: 0x8002A168 (0x0000B5B7) lui a1, 11
x11 <- 0x0000B000


mem[X,0x8002A16C] -> 0x8593
mem[X,0x8002A16E] -> 0x5035
[3708] [M]: 0x8002A16C (0x50358593) addi a1, a1, 1283
x11 <- 0x0000B503


mem[X,0x8002A170] -> 0x0613
mem[X,0x8002A172] -> 0x0000
[3709] [M]: 0x8002A170 (0x00000613) addi a2, zero, 0
x12 <- 0x00000000


mem[X,0x8002A174] -> 0x006F
mem[X,0x8002A176] -> 0x00C0
[3710] [M]: 0x8002A174 (0x00C0006F) jal zero, 12


mem[X,0x8002A180] -> 0x5CE3
mem[X,0x8002A182] -> 0xFEB5
[3711] [M]: 0x8002A180 (0xFEB55CE3) bge a0, a1, 8184


mem[X,0x8002A178] -> 0x0613
mem[X,0x8002A17A] -> 0x0016
[3712] [M]: 0x8002A178 (0x00160613) addi a2, a2, 1
x12 <- 0x00000001


mem[X,0x8002A17C] -> 0x006F
mem[X,0x8002A17E] -> 0x0180
[3713] [M]: 0x8002A17C (0x0180006F) jal zero, 24


mem[X,0x8002A194] -> 0x2C23
mem[X,0x8002A196] -> 0x5CC2
[3714] [M]: 0x8002A194 (0x5CC22C23) sw a2, 1496(tp)
mem[0x8003A840] <- 0x00000001


mem[X,0x8002A198] -> 0x6537
mem[X,0x8002A19A] -> 0x6666
[3715] [M]: 0x8002A198 (0x66666537) lui a0, 419430
x10 <- 0x66666000


mem[X,0x8002A19C] -> 0x0513
mem[X,0x8002A19E] -> 0x6675
[3716] [M]: 0x8002A19C (0x66750513) addi a0, a0, 1639
x10 <- 0x66666667


mem[X,0x8002A1A0] -> 0x55B7
mem[X,0x8002A1A2] -> 0x5555
[3717] [M]: 0x8002A1A0 (0x555555B7) lui a1, 349525
x11 <- 0x55555000


mem[X,0x8002A1A4] -> 0x8593
mem[X,0x8002A1A6] -> 0x5565
[3718] [M]: 0x8002A1A4 (0x55658593) addi a1, a1, 1366
x11 <- 0x55555556


mem[X,0x8002A1A8] -> 0x0613
mem[X,0x8002A1AA] -> 0x0000
[3719] [M]: 0x8002A1A8 (0x00000613) addi a2, zero, 0
x12 <- 0x00000000


mem[X,0x8002A1AC] -> 0x006F
mem[X,0x8002A1AE] -> 0x00C0
[3720] [M]: 0x8002A1AC (0x00C0006F) jal zero, 12


mem[X,0x8002A1B8] -> 0x5663
mem[X,0x8002A1BA] -> 0x00B5
[3721] [M]: 0x8002A1B8 (0x00B55663) bge a0, a1, 12


mem[X,0x8002A1C4] -> 0x0613
mem[X,0x8002A1C6] -> 0x0036
[3722] [M]: 0x8002A1C4 (0x00360613) addi a2, a2, 3
x12 <- 0x00000003


mem[X,0x8002A1C8] -> 0x006F
mem[X,0x8002A1CA] -> 0x0040
[3723] [M]: 0x8002A1C8 (0x0040006F) jal zero, 4


mem[X,0x8002A1CC] -> 0x2E23
mem[X,0x8002A1CE] -> 0x5CC2
[3724] [M]: 0x8002A1CC (0x5CC22E23) sw a2, 1500(tp)
mem[0x8003A844] <- 0x00000003


mem[X,0x8002A1D0] -> 0x6537
mem[X,0x8002A1D2] -> 0x6666
[3725] [M]: 0x8002A1D0 (0x66666537) lui a0, 419430
x10 <- 0x66666000


mem[X,0x8002A1D4] -> 0x0513
mem[X,0x8002A1D6] -> 0x6675
[3726] [M]: 0x8002A1D4 (0x66750513) addi a0, a0, 1639
x10 <- 0x66666667


mem[X,0x8002A1D8] -> 0xB5B7
mem[X,0x8002A1DA] -> 0xAAAA
[3727] [M]: 0x8002A1D8 (0xAAAAB5B7) lui a1, 699051
x11 <- 0xAAAAB000


mem[X,0x8002A1DC] -> 0x8593
mem[X,0x8002A1DE] -> 0xAAB5
[3728] [M]: 0x8002A1DC (0xAAB58593) addi a1, a1, 2731
x11 <- 0xAAAAAAAB


mem[X,0x8002A1E0] -> 0x0613
mem[X,0x8002A1E2] -> 0x0000
[3729] [M]: 0x8002A1E0 (0x00000613) addi a2, zero, 0
x12 <- 0x00000000


mem[X,0x8002A1E4] -> 0x006F
mem[X,0x8002A1E6] -> 0x0050
[3730] [M]: 0x8002A1E4 (0x0050006F) jal zero, 2052


mem[X,0x8002A9E8] -> 0x50E3
mem[X,0x8002A9EA] -> 0x80B5
[3731] [M]: 0x8002A9E8 (0x80B550E3) bge a0, a1, 6144


mem[X,0x8002A1E8] -> 0x0613
mem[X,0x8002A1EA] -> 0x0016
[3732] [M]: 0x8002A1E8 (0x00160613) addi a2, a2, 1
x12 <- 0x00000001


mem[X,0x8002A1EC] -> 0x006F
mem[X,0x8002A1EE] -> 0x0110
[3733] [M]: 0x8002A1EC (0x0110006F) jal zero, 2064


mem[X,0x8002A9FC] -> 0x2023
mem[X,0x8002A9FE] -> 0x5EC2
[3734] [M]: 0x8002A9FC (0x5EC22023) sw a2, 1504(tp)
mem[0x8003A848] <- 0x00000001


mem[X,0x8002AA00] -> 0x6537
mem[X,0x8002AA02] -> 0x6666
[3735] [M]: 0x8002AA00 (0x66666537) lui a0, 419430
x10 <- 0x66666000


mem[X,0x8002AA04] -> 0x0513
mem[X,0x8002AA06] -> 0x6675
[3736] [M]: 0x8002AA04 (0x66750513) addi a0, a0, 1639
x10 <- 0x66666667


mem[X,0x8002AA08] -> 0x0593
mem[X,0x8002AA0A] -> 0x0060
[3737] [M]: 0x8002AA08 (0x00600593) addi a1, zero, 6
x11 <- 0x00000006


mem[X,0x8002AA0C] -> 0x0613
mem[X,0x8002AA0E] -> 0x0000
[3738] [M]: 0x8002AA0C (0x00000613) addi a2, zero, 0
x12 <- 0x00000000


mem[X,0x8002AA10] -> 0x006F
mem[X,0x8002AA12] -> 0x00C0
[3739] [M]: 0x8002AA10 (0x00C0006F) jal zero, 12


mem[X,0x8002AA1C] -> 0x5CE3
mem[X,0x8002AA1E] -> 0xFEB5
[3740] [M]: 0x8002AA1C (0xFEB55CE3) bge a0, a1, 8184


mem[X,0x8002AA14] -> 0x0613
mem[X,0x8002AA16] -> 0x0016
[3741] [M]: 0x8002AA14 (0x00160613) addi a2, a2, 1
x12 <- 0x00000001


mem[X,0x8002AA18] -> 0x006F
mem[X,0x8002AA1A] -> 0x0180
[3742] [M]: 0x8002AA18 (0x0180006F) jal zero, 24


mem[X,0x8002AA30] -> 0x2223
mem[X,0x8002AA32] -> 0x5EC2
[3743] [M]: 0x8002AA30 (0x5EC22223) sw a2, 1508(tp)
mem[0x8003A84C] <- 0x00000001


mem[X,0x8002AA34] -> 0x6537
mem[X,0x8002AA36] -> 0x6666
[3744] [M]: 0x8002AA34 (0x66666537) lui a0, 419430
x10 <- 0x66666000


mem[X,0x8002AA38] -> 0x0513
mem[X,0x8002AA3A] -> 0x6675
[3745] [M]: 0x8002AA38 (0x66750513) addi a0, a0, 1639
x10 <- 0x66666667


mem[X,0x8002AA3C] -> 0x35B7
mem[X,0x8002AA3E] -> 0x3333
[3746] [M]: 0x8002AA3C (0x333335B7) lui a1, 209715
x11 <- 0x33333000


mem[X,0x8002AA40] -> 0x8593
mem[X,0x8002AA42] -> 0x3345
[3747] [M]: 0x8002AA40 (0x33458593) addi a1, a1, 820
x11 <- 0x33333334


mem[X,0x8002AA44] -> 0x0613
mem[X,0x8002AA46] -> 0x0000
[3748] [M]: 0x8002AA44 (0x00000613) addi a2, zero, 0
x12 <- 0x00000000


mem[X,0x8002AA48] -> 0x006F
mem[X,0x8002AA4A] -> 0x00C0
[3749] [M]: 0x8002AA48 (0x00C0006F) jal zero, 12


mem[X,0x8002AA54] -> 0x5063
mem[X,0x8002AA56] -> 0x40B5
[3750] [M]: 0x8002AA54 (0x40B55063) bge a0, a1, 1024


mem[X,0x8002AE54] -> 0x0613
mem[X,0x8002AE56] -> 0x0036
[3751] [M]: 0x8002AE54 (0x00360613) addi a2, a2, 3
x12 <- 0x00000003


mem[X,0x8002AE58] -> 0x006F
mem[X,0x8002AE5A] -> 0x0040
[3752] [M]: 0x8002AE58 (0x0040006F) jal zero, 4


mem[X,0x8002AE5C] -> 0x2423
mem[X,0x8002AE5E] -> 0x5EC2
[3753] [M]: 0x8002AE5C (0x5EC22423) sw a2, 1512(tp)
mem[0x8003A850] <- 0x00000003


mem[X,0x8002AE60] -> 0x6537
mem[X,0x8002AE62] -> 0x6666
[3754] [M]: 0x8002AE60 (0x66666537) lui a0, 419430
x10 <- 0x66666000


mem[X,0x8002AE64] -> 0x0513
mem[X,0x8002AE66] -> 0x6675
[3755] [M]: 0x8002AE64 (0x66750513) addi a0, a0, 1639
x10 <- 0x66666667


mem[X,0x8002AE68] -> 0x55B7
mem[X,0x8002AE6A] -> 0xFFFF
[3756] [M]: 0x8002AE68 (0xFFFF55B7) lui a1, 1048565
x11 <- 0xFFFF5000


mem[X,0x8002AE6C] -> 0x8593
mem[X,0x8002AE6E] -> 0xAFD5
[3757] [M]: 0x8002AE6C (0xAFD58593) addi a1, a1, 2813
x11 <- 0xFFFF4AFD


mem[X,0x8002AE70] -> 0x0613
mem[X,0x8002AE72] -> 0x0000
[3758] [M]: 0x8002AE70 (0x00000613) addi a2, zero, 0
x12 <- 0x00000000


mem[X,0x8002AE74] -> 0x006F
mem[X,0x8002AE76] -> 0x00C0
[3759] [M]: 0x8002AE74 (0x00C0006F) jal zero, 12


mem[X,0x8002AE80] -> 0x5CE3
mem[X,0x8002AE82] -> 0xFEB5
[3760] [M]: 0x8002AE80 (0xFEB55CE3) bge a0, a1, 8184


mem[X,0x8002AE78] -> 0x0613
mem[X,0x8002AE7A] -> 0x0016
[3761] [M]: 0x8002AE78 (0x00160613) addi a2, a2, 1
x12 <- 0x00000001


mem[X,0x8002AE7C] -> 0x006F
mem[X,0x8002AE7E] -> 0x0180
[3762] [M]: 0x8002AE7C (0x0180006F) jal zero, 24


mem[X,0x8002AE94] -> 0x2623
mem[X,0x8002AE96] -> 0x5EC2
[3763] [M]: 0x8002AE94 (0x5EC22623) sw a2, 1516(tp)
mem[0x8003A854] <- 0x00000001


mem[X,0x8002AE98] -> 0x6537
mem[X,0x8002AE9A] -> 0x6666
[3764] [M]: 0x8002AE98 (0x66666537) lui a0, 419430
x10 <- 0x66666000


mem[X,0x8002AE9C] -> 0x0513
mem[X,0x8002AE9E] -> 0x6675
[3765] [M]: 0x8002AE9C (0x66750513) addi a0, a0, 1639
x10 <- 0x66666667


mem[X,0x8002AEA0] -> 0xB5B7
mem[X,0x8002AEA2] -> 0x0000
[3766] [M]: 0x8002AEA0 (0x0000B5B7) lui a1, 11
x11 <- 0x0000B000


mem[X,0x8002AEA4] -> 0x8593
mem[X,0x8002AEA6] -> 0x5055
[3767] [M]: 0x8002AEA4 (0x50558593) addi a1, a1, 1285
x11 <- 0x0000B505


mem[X,0x8002AEA8] -> 0x0613
mem[X,0x8002AEAA] -> 0x0000
[3768] [M]: 0x8002AEA8 (0x00000613) addi a2, zero, 0
x12 <- 0x00000000


mem[X,0x8002AEAC] -> 0x006F
mem[X,0x8002AEAE] -> 0x0140
[3769] [M]: 0x8002AEAC (0x0140006F) jal zero, 20


mem[X,0x8002AEC0] -> 0x58E3
mem[X,0x8002AEC2] -> 0xFEB5
[3770] [M]: 0x8002AEC0 (0xFEB558E3) bge a0, a1, 8176


mem[X,0x8002AEB0] -> 0x0613
mem[X,0x8002AEB2] -> 0x0016
[3771] [M]: 0x8002AEB0 (0x00160613) addi a2, a2, 1
x12 <- 0x00000001


mem[X,0x8002AEB4] -> 0x006F
mem[X,0x8002AEB6] -> 0x0200
[3772] [M]: 0x8002AEB4 (0x0200006F) jal zero, 32


mem[X,0x8002AED4] -> 0x2823
mem[X,0x8002AED6] -> 0x5EC2
[3773] [M]: 0x8002AED4 (0x5EC22823) sw a2, 1520(tp)
mem[0x8003A858] <- 0x00000001


mem[X,0x8002AED8] -> 0x5537
mem[X,0x8002AEDA] -> 0xFFFF
[3774] [M]: 0x8002AED8 (0xFFFF5537) lui a0, 1048565
x10 <- 0xFFFF5000


mem[X,0x8002AEDC] -> 0x0513
mem[X,0x8002AEDE] -> 0xAFD5
[3775] [M]: 0x8002AEDC (0xAFD50513) addi a0, a0, 2813
x10 <- 0xFFFF4AFD


mem[X,0x8002AEE0] -> 0x0593
mem[X,0x8002AEE2] -> 0x0030
[3776] [M]: 0x8002AEE0 (0x00300593) addi a1, zero, 3
x11 <- 0x00000003


mem[X,0x8002AEE4] -> 0x0613
mem[X,0x8002AEE6] -> 0x0000
[3777] [M]: 0x8002AEE4 (0x00000613) addi a2, zero, 0
x12 <- 0x00000000


mem[X,0x8002AEE8] -> 0x006F
mem[X,0x8002AEEA] -> 0x00C0
[3778] [M]: 0x8002AEE8 (0x00C0006F) jal zero, 12


mem[X,0x8002AEF4] -> 0x5663
mem[X,0x8002AEF6] -> 0x00B5
[3779] [M]: 0x8002AEF4 (0x00B55663) bge a0, a1, 12


mem[X,0x8002AEF8] -> 0x0613
mem[X,0x8002AEFA] -> 0x0026
[3780] [M]: 0x8002AEF8 (0x00260613) addi a2, a2, 2
x12 <- 0x00000002


mem[X,0x8002AEFC] -> 0x006F
mem[X,0x8002AEFE] -> 0x00C0
[3781] [M]: 0x8002AEFC (0x00C0006F) jal zero, 12


mem[X,0x8002AF08] -> 0x2A23
mem[X,0x8002AF0A] -> 0x5EC2
[3782] [M]: 0x8002AF08 (0x5EC22A23) sw a2, 1524(tp)
mem[0x8003A85C] <- 0x00000002


mem[X,0x8002AF0C] -> 0x5537
mem[X,0x8002AF0E] -> 0xFFFF
[3783] [M]: 0x8002AF0C (0xFFFF5537) lui a0, 1048565
x10 <- 0xFFFF5000


mem[X,0x8002AF10] -> 0x0513
mem[X,0x8002AF12] -> 0xAFD5
[3784] [M]: 0x8002AF10 (0xAFD50513) addi a0, a0, 2813
x10 <- 0xFFFF4AFD


mem[X,0x8002AF14] -> 0x55B7
mem[X,0x8002AF16] -> 0x5555
[3785] [M]: 0x8002AF14 (0x555555B7) lui a1, 349525
x11 <- 0x55555000


mem[X,0x8002AF18] -> 0x8593
mem[X,0x8002AF1A] -> 0x5555
[3786] [M]: 0x8002AF18 (0x55558593) addi a1, a1, 1365
x11 <- 0x55555555


mem[X,0x8002AF1C] -> 0x0613
mem[X,0x8002AF1E] -> 0x0000
[3787] [M]: 0x8002AF1C (0x00000613) addi a2, zero, 0
x12 <- 0x00000000


mem[X,0x8002AF20] -> 0x006F
mem[X,0x8002AF22] -> 0x00C0
[3788] [M]: 0x8002AF20 (0x00C0006F) jal zero, 12


mem[X,0x8002AF2C] -> 0x5663
mem[X,0x8002AF2E] -> 0x00B5
[3789] [M]: 0x8002AF2C (0x00B55663) bge a0, a1, 12


mem[X,0x8002AF30] -> 0x0613
mem[X,0x8002AF32] -> 0x0026
[3790] [M]: 0x8002AF30 (0x00260613) addi a2, a2, 2
x12 <- 0x00000002


mem[X,0x8002AF34] -> 0x006F
mem[X,0x8002AF36] -> 0x00C0
[3791] [M]: 0x8002AF34 (0x00C0006F) jal zero, 12


mem[X,0x8002AF40] -> 0x2C23
mem[X,0x8002AF42] -> 0x5EC2
[3792] [M]: 0x8002AF40 (0x5EC22C23) sw a2, 1528(tp)
mem[0x8003A860] <- 0x00000002


mem[X,0x8002AF44] -> 0x5537
mem[X,0x8002AF46] -> 0xFFFF
[3793] [M]: 0x8002AF44 (0xFFFF5537) lui a0, 1048565
x10 <- 0xFFFF5000


mem[X,0x8002AF48] -> 0x0513
mem[X,0x8002AF4A] -> 0xAFD5
[3794] [M]: 0x8002AF48 (0xAFD50513) addi a0, a0, 2813
x10 <- 0xFFFF4AFD


mem[X,0x8002AF4C] -> 0xB5B7
mem[X,0x8002AF4E] -> 0xAAAA
[3795] [M]: 0x8002AF4C (0xAAAAB5B7) lui a1, 699051
x11 <- 0xAAAAB000


mem[X,0x8002AF50] -> 0x8593
mem[X,0x8002AF52] -> 0xAAA5
[3796] [M]: 0x8002AF50 (0xAAA58593) addi a1, a1, 2730
x11 <- 0xAAAAAAAA


mem[X,0x8002AF54] -> 0x0613
mem[X,0x8002AF56] -> 0x0000
[3797] [M]: 0x8002AF54 (0x00000613) addi a2, zero, 0
x12 <- 0x00000000


mem[X,0x8002AF58] -> 0x006F
mem[X,0x8002AF5A] -> 0x00C0
[3798] [M]: 0x8002AF58 (0x00C0006F) jal zero, 12


mem[X,0x8002AF64] -> 0x5663
mem[X,0x8002AF66] -> 0x00B5
[3799] [M]: 0x8002AF64 (0x00B55663) bge a0, a1, 12


clint::tick mtime <- 0x0000000000000026
 clint timer pending at mtime 0x0000000000000026
htif::tick 0x0000000000000000
mem[X,0x8002AF70] -> 0x0613
mem[X,0x8002AF72] -> 0x0036
[3800] [M]: 0x8002AF70 (0x00360613) addi a2, a2, 3
x12 <- 0x00000003


mem[X,0x8002AF74] -> 0x006F
mem[X,0x8002AF76] -> 0x0040
[3801] [M]: 0x8002AF74 (0x0040006F) jal zero, 4


mem[X,0x8002AF78] -> 0x2E23
mem[X,0x8002AF7A] -> 0x5EC2
[3802] [M]: 0x8002AF78 (0x5EC22E23) sw a2, 1532(tp)
mem[0x8003A864] <- 0x00000003


mem[X,0x8002AF7C] -> 0x5537
mem[X,0x8002AF7E] -> 0xFFFF
[3803] [M]: 0x8002AF7C (0xFFFF5537) lui a0, 1048565
x10 <- 0xFFFF5000


mem[X,0x8002AF80] -> 0x0513
mem[X,0x8002AF82] -> 0xAFD5
[3804] [M]: 0x8002AF80 (0xAFD50513) addi a0, a0, 2813
x10 <- 0xFFFF4AFD


mem[X,0x8002AF84] -> 0x0593
mem[X,0x8002AF86] -> 0x0050
[3805] [M]: 0x8002AF84 (0x00500593) addi a1, zero, 5
x11 <- 0x00000005


mem[X,0x8002AF88] -> 0x0613
mem[X,0x8002AF8A] -> 0x0000
[3806] [M]: 0x8002AF88 (0x00000613) addi a2, zero, 0
x12 <- 0x00000000


mem[X,0x8002AF8C] -> 0x006F
mem[X,0x8002AF8E] -> 0x0140
[3807] [M]: 0x8002AF8C (0x0140006F) jal zero, 20


mem[X,0x8002AFA0] -> 0x58E3
mem[X,0x8002AFA2] -> 0xFEB5
[3808] [M]: 0x8002AFA0 (0xFEB558E3) bge a0, a1, 8176


mem[X,0x8002AFA4] -> 0x0613
mem[X,0x8002AFA6] -> 0x0026
[3809] [M]: 0x8002AFA4 (0x00260613) addi a2, a2, 2
x12 <- 0x00000002


mem[X,0x8002AFA8] -> 0x006F
mem[X,0x8002AFAA] -> 0x00C0
[3810] [M]: 0x8002AFA8 (0x00C0006F) jal zero, 12


mem[X,0x8002AFB4] -> 0x2023
mem[X,0x8002AFB6] -> 0x60C2
[3811] [M]: 0x8002AFB4 (0x60C22023) sw a2, 1536(tp)
mem[0x8003A868] <- 0x00000002


mem[X,0x8002AFB8] -> 0x5537
mem[X,0x8002AFBA] -> 0xFFFF
[3812] [M]: 0x8002AFB8 (0xFFFF5537) lui a0, 1048565
x10 <- 0xFFFF5000


mem[X,0x8002AFBC] -> 0x0513
mem[X,0x8002AFBE] -> 0xAFD5
[3813] [M]: 0x8002AFBC (0xAFD50513) addi a0, a0, 2813
x10 <- 0xFFFF4AFD


mem[X,0x8002AFC0] -> 0x35B7
mem[X,0x8002AFC2] -> 0x3333
[3814] [M]: 0x8002AFC0 (0x333335B7) lui a1, 209715
x11 <- 0x33333000


mem[X,0x8002AFC4] -> 0x8593
mem[X,0x8002AFC6] -> 0x3335
[3815] [M]: 0x8002AFC4 (0x33358593) addi a1, a1, 819
x11 <- 0x33333333


mem[X,0x8002AFC8] -> 0x0613
mem[X,0x8002AFCA] -> 0x0000
[3816] [M]: 0x8002AFC8 (0x00000613) addi a2, zero, 0
x12 <- 0x00000000


mem[X,0x8002AFCC] -> 0x006F
mem[X,0x8002AFCE] -> 0x0180
[3817] [M]: 0x8002AFCC (0x0180006F) jal zero, 24


mem[X,0x8002AFE4] -> 0x56E3
mem[X,0x8002AFE6] -> 0xFEB5
[3818] [M]: 0x8002AFE4 (0xFEB556E3) bge a0, a1, 8172


mem[X,0x8002AFE8] -> 0x0613
mem[X,0x8002AFEA] -> 0x0026
[3819] [M]: 0x8002AFE8 (0x00260613) addi a2, a2, 2
x12 <- 0x00000002


mem[X,0x8002AFEC] -> 0x006F
mem[X,0x8002AFEE] -> 0x00C0
[3820] [M]: 0x8002AFEC (0x00C0006F) jal zero, 12


mem[X,0x8002AFF8] -> 0x2223
mem[X,0x8002AFFA] -> 0x60C2
[3821] [M]: 0x8002AFF8 (0x60C22223) sw a2, 1540(tp)
mem[0x8003A86C] <- 0x00000002


mem[X,0x8002AFFC] -> 0x5537
mem[X,0x8002AFFE] -> 0xFFFF
[3822] [M]: 0x8002AFFC (0xFFFF5537) lui a0, 1048565
x10 <- 0xFFFF5000


mem[X,0x8002B000] -> 0x0513
mem[X,0x8002B002] -> 0xAFD5
[3823] [M]: 0x8002B000 (0xAFD50513) addi a0, a0, 2813
x10 <- 0xFFFF4AFD


mem[X,0x8002B004] -> 0x65B7
mem[X,0x8002B006] -> 0x6666
[3824] [M]: 0x8002B004 (0x666665B7) lui a1, 419430
x11 <- 0x66666000


mem[X,0x8002B008] -> 0x8593
mem[X,0x8002B00A] -> 0x6665
[3825] [M]: 0x8002B008 (0x66658593) addi a1, a1, 1638
x11 <- 0x66666666


mem[X,0x8002B00C] -> 0x0613
mem[X,0x8002B00E] -> 0x0000
[3826] [M]: 0x8002B00C (0x00000613) addi a2, zero, 0
x12 <- 0x00000000


mem[X,0x8002B010] -> 0x006F
mem[X,0x8002B012] -> 0x00C0
[3827] [M]: 0x8002B010 (0x00C0006F) jal zero, 12


mem[X,0x8002B01C] -> 0x5063
mem[X,0x8002B01E] -> 0x08B5
[3828] [M]: 0x8002B01C (0x08B55063) bge a0, a1, 128


mem[X,0x8002B020] -> 0x0613
mem[X,0x8002B022] -> 0x0026
[3829] [M]: 0x8002B020 (0x00260613) addi a2, a2, 2
x12 <- 0x00000002


mem[X,0x8002B024] -> 0x006F
mem[X,0x8002B026] -> 0x0800
[3830] [M]: 0x8002B024 (0x0800006F) jal zero, 128


mem[X,0x8002B0A4] -> 0x2423
mem[X,0x8002B0A6] -> 0x60C2
[3831] [M]: 0x8002B0A4 (0x60C22423) sw a2, 1544(tp)
mem[0x8003A870] <- 0x00000002


mem[X,0x8002B0A8] -> 0x5537
mem[X,0x8002B0AA] -> 0xFFFF
[3832] [M]: 0x8002B0A8 (0xFFFF5537) lui a0, 1048565
x10 <- 0xFFFF5000


mem[X,0x8002B0AC] -> 0x0513
mem[X,0x8002B0AE] -> 0xAFD5
[3833] [M]: 0x8002B0AC (0xAFD50513) addi a0, a0, 2813
x10 <- 0xFFFF4AFD


mem[X,0x8002B0B0] -> 0x55B7
mem[X,0x8002B0B2] -> 0xFFFF
[3834] [M]: 0x8002B0B0 (0xFFFF55B7) lui a1, 1048565
x11 <- 0xFFFF5000


mem[X,0x8002B0B4] -> 0x8593
mem[X,0x8002B0B6] -> 0xAFC5
[3835] [M]: 0x8002B0B4 (0xAFC58593) addi a1, a1, 2812
x11 <- 0xFFFF4AFC


mem[X,0x8002B0B8] -> 0x0613
mem[X,0x8002B0BA] -> 0x0000
[3836] [M]: 0x8002B0B8 (0x00000613) addi a2, zero, 0
x12 <- 0x00000000


mem[X,0x8002B0BC] -> 0x006F
mem[X,0x8002B0BE] -> 0x00C0
[3837] [M]: 0x8002B0BC (0x00C0006F) jal zero, 12


mem[X,0x8002B0C8] -> 0x5663
mem[X,0x8002B0CA] -> 0x00B5
[3838] [M]: 0x8002B0C8 (0x00B55663) bge a0, a1, 12


mem[X,0x8002B0D4] -> 0x0613
mem[X,0x8002B0D6] -> 0x0036
[3839] [M]: 0x8002B0D4 (0x00360613) addi a2, a2, 3
x12 <- 0x00000003


mem[X,0x8002B0D8] -> 0x006F
mem[X,0x8002B0DA] -> 0x0040
[3840] [M]: 0x8002B0D8 (0x0040006F) jal zero, 4


mem[X,0x8002B0DC] -> 0x2623
mem[X,0x8002B0DE] -> 0x60C2
[3841] [M]: 0x8002B0DC (0x60C22623) sw a2, 1548(tp)
mem[0x8003A874] <- 0x00000003


mem[X,0x8002B0E0] -> 0x5537
mem[X,0x8002B0E2] -> 0xFFFF
[3842] [M]: 0x8002B0E0 (0xFFFF5537) lui a0, 1048565
x10 <- 0xFFFF5000


mem[X,0x8002B0E4] -> 0x0513
mem[X,0x8002B0E6] -> 0xAFD5
[3843] [M]: 0x8002B0E4 (0xAFD50513) addi a0, a0, 2813
x10 <- 0xFFFF4AFD


mem[X,0x8002B0E8] -> 0xB5B7
mem[X,0x8002B0EA] -> 0x0000
[3844] [M]: 0x8002B0E8 (0x0000B5B7) lui a1, 11
x11 <- 0x0000B000


mem[X,0x8002B0EC] -> 0x8593
mem[X,0x8002B0EE] -> 0x5045
[3845] [M]: 0x8002B0EC (0x50458593) addi a1, a1, 1284
x11 <- 0x0000B504


mem[X,0x8002B0F0] -> 0x0613
mem[X,0x8002B0F2] -> 0x0000
[3846] [M]: 0x8002B0F0 (0x00000613) addi a2, zero, 0
x12 <- 0x00000000


mem[X,0x8002B0F4] -> 0x006F
mem[X,0x8002B0F6] -> 0x00C0
[3847] [M]: 0x8002B0F4 (0x00C0006F) jal zero, 12


mem[X,0x8002B100] -> 0x5063
mem[X,0x8002B102] -> 0x40B5
[3848] [M]: 0x8002B100 (0x40B55063) bge a0, a1, 1024


mem[X,0x8002B104] -> 0x0613
mem[X,0x8002B106] -> 0x0026
[3849] [M]: 0x8002B104 (0x00260613) addi a2, a2, 2
x12 <- 0x00000002


mem[X,0x8002B108] -> 0x006F
mem[X,0x8002B10A] -> 0x4000
[3850] [M]: 0x8002B108 (0x4000006F) jal zero, 1024


mem[X,0x8002B508] -> 0x2823
mem[X,0x8002B50A] -> 0x60C2
[3851] [M]: 0x8002B508 (0x60C22823) sw a2, 1552(tp)
mem[0x8003A878] <- 0x00000002


mem[X,0x8002B50C] -> 0x5537
mem[X,0x8002B50E] -> 0xFFFF
[3852] [M]: 0x8002B50C (0xFFFF5537) lui a0, 1048565
x10 <- 0xFFFF5000


mem[X,0x8002B510] -> 0x0513
mem[X,0x8002B512] -> 0xAFD5
[3853] [M]: 0x8002B510 (0xAFD50513) addi a0, a0, 2813
x10 <- 0xFFFF4AFD


mem[X,0x8002B514] -> 0x0593
mem[X,0x8002B516] -> 0x0020
[3854] [M]: 0x8002B514 (0x00200593) addi a1, zero, 2
x11 <- 0x00000002


mem[X,0x8002B518] -> 0x0613
mem[X,0x8002B51A] -> 0x0000
[3855] [M]: 0x8002B518 (0x00000613) addi a2, zero, 0
x12 <- 0x00000000


mem[X,0x8002B51C] -> 0x006F
mem[X,0x8002B51E] -> 0x00C0
[3856] [M]: 0x8002B51C (0x00C0006F) jal zero, 12


mem[X,0x8002B528] -> 0x5063
mem[X,0x8002B52A] -> 0x02B5
[3857] [M]: 0x8002B528 (0x02B55063) bge a0, a1, 32


mem[X,0x8002B52C] -> 0x0613
mem[X,0x8002B52E] -> 0x0026
[3858] [M]: 0x8002B52C (0x00260613) addi a2, a2, 2
x12 <- 0x00000002


mem[X,0x8002B530] -> 0x006F
mem[X,0x8002B532] -> 0x0200
[3859] [M]: 0x8002B530 (0x0200006F) jal zero, 32


mem[X,0x8002B550] -> 0x2A23
mem[X,0x8002B552] -> 0x60C2
[3860] [M]: 0x8002B550 (0x60C22A23) sw a2, 1556(tp)
mem[0x8003A87C] <- 0x00000002


mem[X,0x8002B554] -> 0x5537
mem[X,0x8002B556] -> 0xFFFF
[3861] [M]: 0x8002B554 (0xFFFF5537) lui a0, 1048565
x10 <- 0xFFFF5000


mem[X,0x8002B558] -> 0x0513
mem[X,0x8002B55A] -> 0xAFD5
[3862] [M]: 0x8002B558 (0xAFD50513) addi a0, a0, 2813
x10 <- 0xFFFF4AFD


mem[X,0x8002B55C] -> 0x55B7
mem[X,0x8002B55E] -> 0x5555
[3863] [M]: 0x8002B55C (0x555555B7) lui a1, 349525
x11 <- 0x55555000


mem[X,0x8002B560] -> 0x8593
mem[X,0x8002B562] -> 0x5545
[3864] [M]: 0x8002B560 (0x55458593) addi a1, a1, 1364
x11 <- 0x55555554


mem[X,0x8002B564] -> 0x0613
mem[X,0x8002B566] -> 0x0000
[3865] [M]: 0x8002B564 (0x00000613) addi a2, zero, 0
x12 <- 0x00000000


mem[X,0x8002B568] -> 0x006F
mem[X,0x8002B56A] -> 0x0140
[3866] [M]: 0x8002B568 (0x0140006F) jal zero, 20


mem[X,0x8002B57C] -> 0x58E3
mem[X,0x8002B57E] -> 0xFEB5
[3867] [M]: 0x8002B57C (0xFEB558E3) bge a0, a1, 8176


mem[X,0x8002B580] -> 0x0613
mem[X,0x8002B582] -> 0x0026
[3868] [M]: 0x8002B580 (0x00260613) addi a2, a2, 2
x12 <- 0x00000002


mem[X,0x8002B584] -> 0x006F
mem[X,0x8002B586] -> 0x00C0
[3869] [M]: 0x8002B584 (0x00C0006F) jal zero, 12


mem[X,0x8002B590] -> 0x2C23
mem[X,0x8002B592] -> 0x60C2
[3870] [M]: 0x8002B590 (0x60C22C23) sw a2, 1560(tp)
mem[0x8003A880] <- 0x00000002


mem[X,0x8002B594] -> 0x5537
mem[X,0x8002B596] -> 0xFFFF
[3871] [M]: 0x8002B594 (0xFFFF5537) lui a0, 1048565
x10 <- 0xFFFF5000


mem[X,0x8002B598] -> 0x0513
mem[X,0x8002B59A] -> 0xAFD5
[3872] [M]: 0x8002B598 (0xAFD50513) addi a0, a0, 2813
x10 <- 0xFFFF4AFD


mem[X,0x8002B59C] -> 0x0593
mem[X,0x8002B59E] -> 0x0000
[3873] [M]: 0x8002B59C (0x00000593) addi a1, zero, 0
x11 <- 0x00000000


mem[X,0x8002B5A0] -> 0x0613
mem[X,0x8002B5A2] -> 0x0000
[3874] [M]: 0x8002B5A0 (0x00000613) addi a2, zero, 0
x12 <- 0x00000000


mem[X,0x8002B5A4] -> 0x006F
mem[X,0x8002B5A6] -> 0x00C0
[3875] [M]: 0x8002B5A4 (0x00C0006F) jal zero, 12


mem[X,0x8002B5B0] -> 0x5063
mem[X,0x8002B5B2] -> 0x02B5
[3876] [M]: 0x8002B5B0 (0x02B55063) bge a0, a1, 32


mem[X,0x8002B5B4] -> 0x0613
mem[X,0x8002B5B6] -> 0x0026
[3877] [M]: 0x8002B5B4 (0x00260613) addi a2, a2, 2
x12 <- 0x00000002


mem[X,0x8002B5B8] -> 0x006F
mem[X,0x8002B5BA] -> 0x0200
[3878] [M]: 0x8002B5B8 (0x0200006F) jal zero, 32


mem[X,0x8002B5D8] -> 0x2E23
mem[X,0x8002B5DA] -> 0x60C2
[3879] [M]: 0x8002B5D8 (0x60C22E23) sw a2, 1564(tp)
mem[0x8003A884] <- 0x00000002


mem[X,0x8002B5DC] -> 0x5537
mem[X,0x8002B5DE] -> 0xFFFF
[3880] [M]: 0x8002B5DC (0xFFFF5537) lui a0, 1048565
x10 <- 0xFFFF5000


mem[X,0x8002B5E0] -> 0x0513
mem[X,0x8002B5E2] -> 0xAFD5
[3881] [M]: 0x8002B5E0 (0xAFD50513) addi a0, a0, 2813
x10 <- 0xFFFF4AFD


mem[X,0x8002B5E4] -> 0x0593
mem[X,0x8002B5E6] -> 0x0040
[3882] [M]: 0x8002B5E4 (0x00400593) addi a1, zero, 4
x11 <- 0x00000004


mem[X,0x8002B5E8] -> 0x0613
mem[X,0x8002B5EA] -> 0x0000
[3883] [M]: 0x8002B5E8 (0x00000613) addi a2, zero, 0
x12 <- 0x00000000


mem[X,0x8002B5EC] -> 0x006F
mem[X,0x8002B5EE] -> 0x00C0
[3884] [M]: 0x8002B5EC (0x00C0006F) jal zero, 12


mem[X,0x8002B5F8] -> 0x5063
mem[X,0x8002B5FA] -> 0x04B5
[3885] [M]: 0x8002B5F8 (0x04B55063) bge a0, a1, 64


mem[X,0x8002B5FC] -> 0x0613
mem[X,0x8002B5FE] -> 0x0026
[3886] [M]: 0x8002B5FC (0x00260613) addi a2, a2, 2
x12 <- 0x00000002


mem[X,0x8002B600] -> 0x006F
mem[X,0x8002B602] -> 0x0400
[3887] [M]: 0x8002B600 (0x0400006F) jal zero, 64


mem[X,0x8002B640] -> 0x2023
mem[X,0x8002B642] -> 0x62C2
[3888] [M]: 0x8002B640 (0x62C22023) sw a2, 1568(tp)
mem[0x8003A888] <- 0x00000002


mem[X,0x8002B644] -> 0x5537
mem[X,0x8002B646] -> 0xFFFF
[3889] [M]: 0x8002B644 (0xFFFF5537) lui a0, 1048565
x10 <- 0xFFFF5000


mem[X,0x8002B648] -> 0x0513
mem[X,0x8002B64A] -> 0xAFD5
[3890] [M]: 0x8002B648 (0xAFD50513) addi a0, a0, 2813
x10 <- 0xFFFF4AFD


mem[X,0x8002B64C] -> 0x35B7
mem[X,0x8002B64E] -> 0x3333
[3891] [M]: 0x8002B64C (0x333335B7) lui a1, 209715
x11 <- 0x33333000


mem[X,0x8002B650] -> 0x8593
mem[X,0x8002B652] -> 0x3325
[3892] [M]: 0x8002B650 (0x33258593) addi a1, a1, 818
x11 <- 0x33333332


mem[X,0x8002B654] -> 0x0613
mem[X,0x8002B656] -> 0x0000
[3893] [M]: 0x8002B654 (0x00000613) addi a2, zero, 0
x12 <- 0x00000000


mem[X,0x8002B658] -> 0x006F
mem[X,0x8002B65A] -> 0x00C0
[3894] [M]: 0x8002B658 (0x00C0006F) jal zero, 12


mem[X,0x8002B664] -> 0x5CE3
mem[X,0x8002B666] -> 0xFEB5
[3895] [M]: 0x8002B664 (0xFEB55CE3) bge a0, a1, 8184


mem[X,0x8002B668] -> 0x0613
mem[X,0x8002B66A] -> 0x0026
[3896] [M]: 0x8002B668 (0x00260613) addi a2, a2, 2
x12 <- 0x00000002


mem[X,0x8002B66C] -> 0x006F
mem[X,0x8002B66E] -> 0x00C0
[3897] [M]: 0x8002B66C (0x00C0006F) jal zero, 12


mem[X,0x8002B678] -> 0x2223
mem[X,0x8002B67A] -> 0x62C2
[3898] [M]: 0x8002B678 (0x62C22223) sw a2, 1572(tp)
mem[0x8003A88C] <- 0x00000002


mem[X,0x8002B67C] -> 0x5537
mem[X,0x8002B67E] -> 0xFFFF
[3899] [M]: 0x8002B67C (0xFFFF5537) lui a0, 1048565
x10 <- 0xFFFF5000


clint::tick mtime <- 0x0000000000000027
 clint timer pending at mtime 0x0000000000000027
htif::tick 0x0000000000000000
mem[X,0x8002B680] -> 0x0513
mem[X,0x8002B682] -> 0xAFD5
[3900] [M]: 0x8002B680 (0xAFD50513) addi a0, a0, 2813
x10 <- 0xFFFF4AFD


mem[X,0x8002B684] -> 0x65B7
mem[X,0x8002B686] -> 0x6666
[3901] [M]: 0x8002B684 (0x666665B7) lui a1, 419430
x11 <- 0x66666000


mem[X,0x8002B688] -> 0x8593
mem[X,0x8002B68A] -> 0x6655
[3902] [M]: 0x8002B688 (0x66558593) addi a1, a1, 1637
x11 <- 0x66666665


mem[X,0x8002B68C] -> 0x0613
mem[X,0x8002B68E] -> 0x0000
[3903] [M]: 0x8002B68C (0x00000613) addi a2, zero, 0
x12 <- 0x00000000


mem[X,0x8002B690] -> 0x006F
mem[X,0x8002B692] -> 0x00C0
[3904] [M]: 0x8002B690 (0x00C0006F) jal zero, 12


mem[X,0x8002B69C] -> 0x5663
mem[X,0x8002B69E] -> 0x00B5
[3905] [M]: 0x8002B69C (0x00B55663) bge a0, a1, 12


mem[X,0x8002B6A0] -> 0x0613
mem[X,0x8002B6A2] -> 0x0026
[3906] [M]: 0x8002B6A0 (0x00260613) addi a2, a2, 2
x12 <- 0x00000002


mem[X,0x8002B6A4] -> 0x006F
mem[X,0x8002B6A6] -> 0x00C0
[3907] [M]: 0x8002B6A4 (0x00C0006F) jal zero, 12


mem[X,0x8002B6B0] -> 0x2423
mem[X,0x8002B6B2] -> 0x62C2
[3908] [M]: 0x8002B6B0 (0x62C22423) sw a2, 1576(tp)
mem[0x8003A890] <- 0x00000002


mem[X,0x8002B6B4] -> 0x5537
mem[X,0x8002B6B6] -> 0xFFFF
[3909] [M]: 0x8002B6B4 (0xFFFF5537) lui a0, 1048565
x10 <- 0xFFFF5000


mem[X,0x8002B6B8] -> 0x0513
mem[X,0x8002B6BA] -> 0xAFD5
[3910] [M]: 0x8002B6B8 (0xAFD50513) addi a0, a0, 2813
x10 <- 0xFFFF4AFD


mem[X,0x8002B6BC] -> 0xB5B7
mem[X,0x8002B6BE] -> 0x0000
[3911] [M]: 0x8002B6BC (0x0000B5B7) lui a1, 11
x11 <- 0x0000B000


mem[X,0x8002B6C0] -> 0x8593
mem[X,0x8002B6C2] -> 0x5035
[3912] [M]: 0x8002B6C0 (0x50358593) addi a1, a1, 1283
x11 <- 0x0000B503


mem[X,0x8002B6C4] -> 0x0613
mem[X,0x8002B6C6] -> 0x0000
[3913] [M]: 0x8002B6C4 (0x00000613) addi a2, zero, 0
x12 <- 0x00000000


mem[X,0x8002B6C8] -> 0x006F
mem[X,0x8002B6CA] -> 0x0180
[3914] [M]: 0x8002B6C8 (0x0180006F) jal zero, 24


mem[X,0x8002B6E0] -> 0x56E3
mem[X,0x8002B6E2] -> 0xFEB5
[3915] [M]: 0x8002B6E0 (0xFEB556E3) bge a0, a1, 8172


mem[X,0x8002B6E4] -> 0x0613
mem[X,0x8002B6E6] -> 0x0026
[3916] [M]: 0x8002B6E4 (0x00260613) addi a2, a2, 2
x12 <- 0x00000002


mem[X,0x8002B6E8] -> 0x006F
mem[X,0x8002B6EA] -> 0x00C0
[3917] [M]: 0x8002B6E8 (0x00C0006F) jal zero, 12


mem[X,0x8002B6F4] -> 0x2623
mem[X,0x8002B6F6] -> 0x62C2
[3918] [M]: 0x8002B6F4 (0x62C22623) sw a2, 1580(tp)
mem[0x8003A894] <- 0x00000002


mem[X,0x8002B6F8] -> 0x5537
mem[X,0x8002B6FA] -> 0xFFFF
[3919] [M]: 0x8002B6F8 (0xFFFF5537) lui a0, 1048565
x10 <- 0xFFFF5000


mem[X,0x8002B6FC] -> 0x0513
mem[X,0x8002B6FE] -> 0xAFD5
[3920] [M]: 0x8002B6FC (0xAFD50513) addi a0, a0, 2813
x10 <- 0xFFFF4AFD


mem[X,0x8002B700] -> 0x55B7
mem[X,0x8002B702] -> 0x5555
[3921] [M]: 0x8002B700 (0x555555B7) lui a1, 349525
x11 <- 0x55555000


mem[X,0x8002B704] -> 0x8593
mem[X,0x8002B706] -> 0x5565
[3922] [M]: 0x8002B704 (0x55658593) addi a1, a1, 1366
x11 <- 0x55555556


mem[X,0x8002B708] -> 0x0613
mem[X,0x8002B70A] -> 0x0000
[3923] [M]: 0x8002B708 (0x00000613) addi a2, zero, 0
x12 <- 0x00000000


mem[X,0x8002B70C] -> 0x006F
mem[X,0x8002B70E] -> 0x00C0
[3924] [M]: 0x8002B70C (0x00C0006F) jal zero, 12


mem[X,0x8002B718] -> 0x5663
mem[X,0x8002B71A] -> 0x00B5
[3925] [M]: 0x8002B718 (0x00B55663) bge a0, a1, 12


mem[X,0x8002B71C] -> 0x0613
mem[X,0x8002B71E] -> 0x0026
[3926] [M]: 0x8002B71C (0x00260613) addi a2, a2, 2
x12 <- 0x00000002


mem[X,0x8002B720] -> 0x006F
mem[X,0x8002B722] -> 0x00C0
[3927] [M]: 0x8002B720 (0x00C0006F) jal zero, 12


mem[X,0x8002B72C] -> 0x2823
mem[X,0x8002B72E] -> 0x62C2
[3928] [M]: 0x8002B72C (0x62C22823) sw a2, 1584(tp)
mem[0x8003A898] <- 0x00000002


mem[X,0x8002B730] -> 0x5537
mem[X,0x8002B732] -> 0xFFFF
[3929] [M]: 0x8002B730 (0xFFFF5537) lui a0, 1048565
x10 <- 0xFFFF5000


mem[X,0x8002B734] -> 0x0513
mem[X,0x8002B736] -> 0xAFD5
[3930] [M]: 0x8002B734 (0xAFD50513) addi a0, a0, 2813
x10 <- 0xFFFF4AFD


mem[X,0x8002B738] -> 0xB5B7
mem[X,0x8002B73A] -> 0xAAAA
[3931] [M]: 0x8002B738 (0xAAAAB5B7) lui a1, 699051
x11 <- 0xAAAAB000


mem[X,0x8002B73C] -> 0x8593
mem[X,0x8002B73E] -> 0xAAB5
[3932] [M]: 0x8002B73C (0xAAB58593) addi a1, a1, 2731
x11 <- 0xAAAAAAAB


mem[X,0x8002B740] -> 0x0613
mem[X,0x8002B742] -> 0x0000
[3933] [M]: 0x8002B740 (0x00000613) addi a2, zero, 0
x12 <- 0x00000000


mem[X,0x8002B744] -> 0x006F
mem[X,0x8002B746] -> 0x00C0
[3934] [M]: 0x8002B744 (0x00C0006F) jal zero, 12


mem[X,0x8002B750] -> 0x5CE3
mem[X,0x8002B752] -> 0xFEB5
[3935] [M]: 0x8002B750 (0xFEB55CE3) bge a0, a1, 8184


mem[X,0x8002B748] -> 0x0613
mem[X,0x8002B74A] -> 0x0016
[3936] [M]: 0x8002B748 (0x00160613) addi a2, a2, 1
x12 <- 0x00000001


mem[X,0x8002B74C] -> 0x006F
mem[X,0x8002B74E] -> 0x0180
[3937] [M]: 0x8002B74C (0x0180006F) jal zero, 24


mem[X,0x8002B764] -> 0x2A23
mem[X,0x8002B766] -> 0x62C2
[3938] [M]: 0x8002B764 (0x62C22A23) sw a2, 1588(tp)
mem[0x8003A89C] <- 0x00000001


mem[X,0x8002B768] -> 0x5537
mem[X,0x8002B76A] -> 0xFFFF
[3939] [M]: 0x8002B768 (0xFFFF5537) lui a0, 1048565
x10 <- 0xFFFF5000


mem[X,0x8002B76C] -> 0x0513
mem[X,0x8002B76E] -> 0xAFD5
[3940] [M]: 0x8002B76C (0xAFD50513) addi a0, a0, 2813
x10 <- 0xFFFF4AFD


mem[X,0x8002B770] -> 0x0593
mem[X,0x8002B772] -> 0x0060
[3941] [M]: 0x8002B770 (0x00600593) addi a1, zero, 6
x11 <- 0x00000006


mem[X,0x8002B774] -> 0x0613
mem[X,0x8002B776] -> 0x0000
[3942] [M]: 0x8002B774 (0x00000613) addi a2, zero, 0
x12 <- 0x00000000


mem[X,0x8002B778] -> 0x006F
mem[X,0x8002B77A] -> 0x0180
[3943] [M]: 0x8002B778 (0x0180006F) jal zero, 24


mem[X,0x8002B790] -> 0x56E3
mem[X,0x8002B792] -> 0xFEB5
[3944] [M]: 0x8002B790 (0xFEB556E3) bge a0, a1, 8172


mem[X,0x8002B794] -> 0x0613
mem[X,0x8002B796] -> 0x0026
[3945] [M]: 0x8002B794 (0x00260613) addi a2, a2, 2
x12 <- 0x00000002


mem[X,0x8002B798] -> 0x006F
mem[X,0x8002B79A] -> 0x00C0
[3946] [M]: 0x8002B798 (0x00C0006F) jal zero, 12


mem[X,0x8002B7A4] -> 0x2C23
mem[X,0x8002B7A6] -> 0x62C2
[3947] [M]: 0x8002B7A4 (0x62C22C23) sw a2, 1592(tp)
mem[0x8003A8A0] <- 0x00000002


mem[X,0x8002B7A8] -> 0x5537
mem[X,0x8002B7AA] -> 0xFFFF
[3948] [M]: 0x8002B7A8 (0xFFFF5537) lui a0, 1048565
x10 <- 0xFFFF5000


mem[X,0x8002B7AC] -> 0x0513
mem[X,0x8002B7AE] -> 0xAFD5
[3949] [M]: 0x8002B7AC (0xAFD50513) addi a0, a0, 2813
x10 <- 0xFFFF4AFD


mem[X,0x8002B7B0] -> 0x35B7
mem[X,0x8002B7B2] -> 0x3333
[3950] [M]: 0x8002B7B0 (0x333335B7) lui a1, 209715
x11 <- 0x33333000


mem[X,0x8002B7B4] -> 0x8593
mem[X,0x8002B7B6] -> 0x3345
[3951] [M]: 0x8002B7B4 (0x33458593) addi a1, a1, 820
x11 <- 0x33333334


mem[X,0x8002B7B8] -> 0x0613
mem[X,0x8002B7BA] -> 0x0000
[3952] [M]: 0x8002B7B8 (0x00000613) addi a2, zero, 0
x12 <- 0x00000000


mem[X,0x8002B7BC] -> 0x006F
mem[X,0x8002B7BE] -> 0x00C0
[3953] [M]: 0x8002B7BC (0x00C0006F) jal zero, 12


mem[X,0x8002B7C8] -> 0x5863
mem[X,0x8002B7CA] -> 0x00B5
[3954] [M]: 0x8002B7C8 (0x00B55863) bge a0, a1, 16


mem[X,0x8002B7CC] -> 0x0613
mem[X,0x8002B7CE] -> 0x0026
[3955] [M]: 0x8002B7CC (0x00260613) addi a2, a2, 2
x12 <- 0x00000002


mem[X,0x8002B7D0] -> 0x006F
mem[X,0x8002B7D2] -> 0x0100
[3956] [M]: 0x8002B7D0 (0x0100006F) jal zero, 16


mem[X,0x8002B7E0] -> 0x2E23
mem[X,0x8002B7E2] -> 0x62C2
[3957] [M]: 0x8002B7E0 (0x62C22E23) sw a2, 1596(tp)
mem[0x8003A8A4] <- 0x00000002


mem[X,0x8002B7E4] -> 0x5537
mem[X,0x8002B7E6] -> 0xFFFF
[3958] [M]: 0x8002B7E4 (0xFFFF5537) lui a0, 1048565
x10 <- 0xFFFF5000


mem[X,0x8002B7E8] -> 0x0513
mem[X,0x8002B7EA] -> 0xAFD5
[3959] [M]: 0x8002B7E8 (0xAFD50513) addi a0, a0, 2813
x10 <- 0xFFFF4AFD


mem[X,0x8002B7EC] -> 0x65B7
mem[X,0x8002B7EE] -> 0x6666
[3960] [M]: 0x8002B7EC (0x666665B7) lui a1, 419430
x11 <- 0x66666000


mem[X,0x8002B7F0] -> 0x8593
mem[X,0x8002B7F2] -> 0x6675
[3961] [M]: 0x8002B7F0 (0x66758593) addi a1, a1, 1639
x11 <- 0x66666667


mem[X,0x8002B7F4] -> 0x0613
mem[X,0x8002B7F6] -> 0x0000
[3962] [M]: 0x8002B7F4 (0x00000613) addi a2, zero, 0
x12 <- 0x00000000


mem[X,0x8002B7F8] -> 0x006F
mem[X,0x8002B7FA] -> 0x00C0
[3963] [M]: 0x8002B7F8 (0x00C0006F) jal zero, 12


mem[X,0x8002B804] -> 0x5663
mem[X,0x8002B806] -> 0x00B5
[3964] [M]: 0x8002B804 (0x00B55663) bge a0, a1, 12


mem[X,0x8002B808] -> 0x0613
mem[X,0x8002B80A] -> 0x0026
[3965] [M]: 0x8002B808 (0x00260613) addi a2, a2, 2
x12 <- 0x00000002


mem[X,0x8002B80C] -> 0x006F
mem[X,0x8002B80E] -> 0x00C0
[3966] [M]: 0x8002B80C (0x00C0006F) jal zero, 12


mem[X,0x8002B818] -> 0x2023
mem[X,0x8002B81A] -> 0x64C2
[3967] [M]: 0x8002B818 (0x64C22023) sw a2, 1600(tp)
mem[0x8003A8A8] <- 0x00000002


mem[X,0x8002B81C] -> 0x5537
mem[X,0x8002B81E] -> 0xFFFF
[3968] [M]: 0x8002B81C (0xFFFF5537) lui a0, 1048565
x10 <- 0xFFFF5000


mem[X,0x8002B820] -> 0x0513
mem[X,0x8002B822] -> 0xAFD5
[3969] [M]: 0x8002B820 (0xAFD50513) addi a0, a0, 2813
x10 <- 0xFFFF4AFD


mem[X,0x8002B824] -> 0x55B7
mem[X,0x8002B826] -> 0xFFFF
[3970] [M]: 0x8002B824 (0xFFFF55B7) lui a1, 1048565
x11 <- 0xFFFF5000


mem[X,0x8002B828] -> 0x8593
mem[X,0x8002B82A] -> 0xAFD5
[3971] [M]: 0x8002B828 (0xAFD58593) addi a1, a1, 2813
x11 <- 0xFFFF4AFD


mem[X,0x8002B82C] -> 0x0613
mem[X,0x8002B82E] -> 0x0000
[3972] [M]: 0x8002B82C (0x00000613) addi a2, zero, 0
x12 <- 0x00000000


mem[X,0x8002B830] -> 0x006F
mem[X,0x8002B832] -> 0x00C0
[3973] [M]: 0x8002B830 (0x00C0006F) jal zero, 12


mem[X,0x8002B83C] -> 0x5663
mem[X,0x8002B83E] -> 0x00B5
[3974] [M]: 0x8002B83C (0x00B55663) bge a0, a1, 12


mem[X,0x8002B848] -> 0x0613
mem[X,0x8002B84A] -> 0x0036
[3975] [M]: 0x8002B848 (0x00360613) addi a2, a2, 3
x12 <- 0x00000003


mem[X,0x8002B84C] -> 0x006F
mem[X,0x8002B84E] -> 0x0040
[3976] [M]: 0x8002B84C (0x0040006F) jal zero, 4


mem[X,0x8002B850] -> 0x2223
mem[X,0x8002B852] -> 0x64C2
[3977] [M]: 0x8002B850 (0x64C22223) sw a2, 1604(tp)
mem[0x8003A8AC] <- 0x00000003


mem[X,0x8002B854] -> 0x5537
mem[X,0x8002B856] -> 0xFFFF
[3978] [M]: 0x8002B854 (0xFFFF5537) lui a0, 1048565
x10 <- 0xFFFF5000


mem[X,0x8002B858] -> 0x0513
mem[X,0x8002B85A] -> 0xAFD5
[3979] [M]: 0x8002B858 (0xAFD50513) addi a0, a0, 2813
x10 <- 0xFFFF4AFD


mem[X,0x8002B85C] -> 0xB5B7
mem[X,0x8002B85E] -> 0x0000
[3980] [M]: 0x8002B85C (0x0000B5B7) lui a1, 11
x11 <- 0x0000B000


mem[X,0x8002B860] -> 0x8593
mem[X,0x8002B862] -> 0x5055
[3981] [M]: 0x8002B860 (0x50558593) addi a1, a1, 1285
x11 <- 0x0000B505


mem[X,0x8002B864] -> 0x0613
mem[X,0x8002B866] -> 0x0000
[3982] [M]: 0x8002B864 (0x00000613) addi a2, zero, 0
x12 <- 0x00000000


mem[X,0x8002B868] -> 0x006F
mem[X,0x8002B86A] -> 0x0050
[3983] [M]: 0x8002B868 (0x0050006F) jal zero, 2052


mem[X,0x8002C06C] -> 0x50E3
mem[X,0x8002C06E] -> 0x80B5
[3984] [M]: 0x8002C06C (0x80B550E3) bge a0, a1, 6144


mem[X,0x8002C070] -> 0x0613
mem[X,0x8002C072] -> 0x0026
[3985] [M]: 0x8002C070 (0x00260613) addi a2, a2, 2
x12 <- 0x00000002


mem[X,0x8002C074] -> 0x006F
mem[X,0x8002C076] -> 0x00C0
[3986] [M]: 0x8002C074 (0x00C0006F) jal zero, 12


mem[X,0x8002C080] -> 0x2423
mem[X,0x8002C082] -> 0x64C2
[3987] [M]: 0x8002C080 (0x64C22423) sw a2, 1608(tp)
mem[0x8003A8B0] <- 0x00000002


mem[X,0x8002C084] -> 0xB537
mem[X,0x8002C086] -> 0x0000
[3988] [M]: 0x8002C084 (0x0000B537) lui a0, 11
x10 <- 0x0000B000


mem[X,0x8002C088] -> 0x0513
mem[X,0x8002C08A] -> 0x5055
[3989] [M]: 0x8002C088 (0x50550513) addi a0, a0, 1285
x10 <- 0x0000B505


mem[X,0x8002C08C] -> 0x0593
mem[X,0x8002C08E] -> 0x0030
[3990] [M]: 0x8002C08C (0x00300593) addi a1, zero, 3
x11 <- 0x00000003


mem[X,0x8002C090] -> 0x0613
mem[X,0x8002C092] -> 0x0000
[3991] [M]: 0x8002C090 (0x00000613) addi a2, zero, 0
x12 <- 0x00000000


mem[X,0x8002C094] -> 0x006F
mem[X,0x8002C096] -> 0x00C0
[3992] [M]: 0x8002C094 (0x00C0006F) jal zero, 12


mem[X,0x8002C0A0] -> 0x5663
mem[X,0x8002C0A2] -> 0x00B5
[3993] [M]: 0x8002C0A0 (0x00B55663) bge a0, a1, 12


mem[X,0x8002C0AC] -> 0x0613
mem[X,0x8002C0AE] -> 0x0036
[3994] [M]: 0x8002C0AC (0x00360613) addi a2, a2, 3
x12 <- 0x00000003


mem[X,0x8002C0B0] -> 0x006F
mem[X,0x8002C0B2] -> 0x0040
[3995] [M]: 0x8002C0B0 (0x0040006F) jal zero, 4


mem[X,0x8002C0B4] -> 0x2623
mem[X,0x8002C0B6] -> 0x64C2
[3996] [M]: 0x8002C0B4 (0x64C22623) sw a2, 1612(tp)
mem[0x8003A8B4] <- 0x00000003


mem[X,0x8002C0B8] -> 0xB537
mem[X,0x8002C0BA] -> 0x0000
[3997] [M]: 0x8002C0B8 (0x0000B537) lui a0, 11
x10 <- 0x0000B000


mem[X,0x8002C0BC] -> 0x0513
mem[X,0x8002C0BE] -> 0x5055
[3998] [M]: 0x8002C0BC (0x50550513) addi a0, a0, 1285
x10 <- 0x0000B505


mem[X,0x8002C0C0] -> 0x55B7
mem[X,0x8002C0C2] -> 0x5555
[3999] [M]: 0x8002C0C0 (0x555555B7) lui a1, 349525
x11 <- 0x55555000


clint::tick mtime <- 0x0000000000000028
 clint timer pending at mtime 0x0000000000000028
htif::tick 0x0000000000000000
mem[X,0x8002C0C4] -> 0x8593
mem[X,0x8002C0C6] -> 0x5555
[4000] [M]: 0x8002C0C4 (0x55558593) addi a1, a1, 1365
x11 <- 0x55555555


mem[X,0x8002C0C8] -> 0x0613
mem[X,0x8002C0CA] -> 0x0000
[4001] [M]: 0x8002C0C8 (0x00000613) addi a2, zero, 0
x12 <- 0x00000000


mem[X,0x8002C0CC] -> 0x006F
mem[X,0x8002C0CE] -> 0x00C0
[4002] [M]: 0x8002C0CC (0x00C0006F) jal zero, 12


mem[X,0x8002C0D8] -> 0x5063
mem[X,0x8002C0DA] -> 0x02B5
[4003] [M]: 0x8002C0D8 (0x02B55063) bge a0, a1, 32


mem[X,0x8002C0DC] -> 0x0613
mem[X,0x8002C0DE] -> 0x0026
[4004] [M]: 0x8002C0DC (0x00260613) addi a2, a2, 2
x12 <- 0x00000002


mem[X,0x8002C0E0] -> 0x006F
mem[X,0x8002C0E2] -> 0x0200
[4005] [M]: 0x8002C0E0 (0x0200006F) jal zero, 32


mem[X,0x8002C100] -> 0x2823
mem[X,0x8002C102] -> 0x64C2
[4006] [M]: 0x8002C100 (0x64C22823) sw a2, 1616(tp)
mem[0x8003A8B8] <- 0x00000002


mem[X,0x8002C104] -> 0xB537
mem[X,0x8002C106] -> 0x0000
[4007] [M]: 0x8002C104 (0x0000B537) lui a0, 11
x10 <- 0x0000B000


mem[X,0x8002C108] -> 0x0513
mem[X,0x8002C10A] -> 0x5055
[4008] [M]: 0x8002C108 (0x50550513) addi a0, a0, 1285
x10 <- 0x0000B505


mem[X,0x8002C10C] -> 0xB5B7
mem[X,0x8002C10E] -> 0xAAAA
[4009] [M]: 0x8002C10C (0xAAAAB5B7) lui a1, 699051
x11 <- 0xAAAAB000


mem[X,0x8002C110] -> 0x8593
mem[X,0x8002C112] -> 0xAAA5
[4010] [M]: 0x8002C110 (0xAAA58593) addi a1, a1, 2730
x11 <- 0xAAAAAAAA


mem[X,0x8002C114] -> 0x0613
mem[X,0x8002C116] -> 0x0000
[4011] [M]: 0x8002C114 (0x00000613) addi a2, zero, 0
x12 <- 0x00000000


mem[X,0x8002C118] -> 0x006F
mem[X,0x8002C11A] -> 0x00C0
[4012] [M]: 0x8002C118 (0x00C0006F) jal zero, 12


mem[X,0x8002C124] -> 0x5063
mem[X,0x8002C126] -> 0x08B5
[4013] [M]: 0x8002C124 (0x08B55063) bge a0, a1, 128


mem[X,0x8002C1A4] -> 0x0613
mem[X,0x8002C1A6] -> 0x0036
[4014] [M]: 0x8002C1A4 (0x00360613) addi a2, a2, 3
x12 <- 0x00000003


mem[X,0x8002C1A8] -> 0x006F
mem[X,0x8002C1AA] -> 0x0040
[4015] [M]: 0x8002C1A8 (0x0040006F) jal zero, 4


mem[X,0x8002C1AC] -> 0x2A23
mem[X,0x8002C1AE] -> 0x64C2
[4016] [M]: 0x8002C1AC (0x64C22A23) sw a2, 1620(tp)
mem[0x8003A8BC] <- 0x00000003


mem[X,0x8002C1B0] -> 0xB537
mem[X,0x8002C1B2] -> 0x0000
[4017] [M]: 0x8002C1B0 (0x0000B537) lui a0, 11
x10 <- 0x0000B000


mem[X,0x8002C1B4] -> 0x0513
mem[X,0x8002C1B6] -> 0x5055
[4018] [M]: 0x8002C1B4 (0x50550513) addi a0, a0, 1285
x10 <- 0x0000B505


mem[X,0x8002C1B8] -> 0x0593
mem[X,0x8002C1BA] -> 0x0050
[4019] [M]: 0x8002C1B8 (0x00500593) addi a1, zero, 5
x11 <- 0x00000005


mem[X,0x8002C1BC] -> 0x0613
mem[X,0x8002C1BE] -> 0x0000
[4020] [M]: 0x8002C1BC (0x00000613) addi a2, zero, 0
x12 <- 0x00000000


mem[X,0x8002C1C0] -> 0x006F
mem[X,0x8002C1C2] -> 0x00C0
[4021] [M]: 0x8002C1C0 (0x00C0006F) jal zero, 12


mem[X,0x8002C1CC] -> 0x5663
mem[X,0x8002C1CE] -> 0x00B5
[4022] [M]: 0x8002C1CC (0x00B55663) bge a0, a1, 12


mem[X,0x8002C1D8] -> 0x0613
mem[X,0x8002C1DA] -> 0x0036
[4023] [M]: 0x8002C1D8 (0x00360613) addi a2, a2, 3
x12 <- 0x00000003


mem[X,0x8002C1DC] -> 0x006F
mem[X,0x8002C1DE] -> 0x0040
[4024] [M]: 0x8002C1DC (0x0040006F) jal zero, 4


mem[X,0x8002C1E0] -> 0x2C23
mem[X,0x8002C1E2] -> 0x64C2
[4025] [M]: 0x8002C1E0 (0x64C22C23) sw a2, 1624(tp)
mem[0x8003A8C0] <- 0x00000003


mem[X,0x8002C1E4] -> 0xB537
mem[X,0x8002C1E6] -> 0x0000
[4026] [M]: 0x8002C1E4 (0x0000B537) lui a0, 11
x10 <- 0x0000B000


mem[X,0x8002C1E8] -> 0x0513
mem[X,0x8002C1EA] -> 0x5055
[4027] [M]: 0x8002C1E8 (0x50550513) addi a0, a0, 1285
x10 <- 0x0000B505


mem[X,0x8002C1EC] -> 0x35B7
mem[X,0x8002C1EE] -> 0x3333
[4028] [M]: 0x8002C1EC (0x333335B7) lui a1, 209715
x11 <- 0x33333000


mem[X,0x8002C1F0] -> 0x8593
mem[X,0x8002C1F2] -> 0x3335
[4029] [M]: 0x8002C1F0 (0x33358593) addi a1, a1, 819
x11 <- 0x33333333


mem[X,0x8002C1F4] -> 0x0613
mem[X,0x8002C1F6] -> 0x0000
[4030] [M]: 0x8002C1F4 (0x00000613) addi a2, zero, 0
x12 <- 0x00000000


mem[X,0x8002C1F8] -> 0x006F
mem[X,0x8002C1FA] -> 0x0180
[4031] [M]: 0x8002C1F8 (0x0180006F) jal zero, 24


mem[X,0x8002C210] -> 0x56E3
mem[X,0x8002C212] -> 0xFEB5
[4032] [M]: 0x8002C210 (0xFEB556E3) bge a0, a1, 8172


mem[X,0x8002C214] -> 0x0613
mem[X,0x8002C216] -> 0x0026
[4033] [M]: 0x8002C214 (0x00260613) addi a2, a2, 2
x12 <- 0x00000002


mem[X,0x8002C218] -> 0x006F
mem[X,0x8002C21A] -> 0x00C0
[4034] [M]: 0x8002C218 (0x00C0006F) jal zero, 12


mem[X,0x8002C224] -> 0x2E23
mem[X,0x8002C226] -> 0x64C2
[4035] [M]: 0x8002C224 (0x64C22E23) sw a2, 1628(tp)
mem[0x8003A8C4] <- 0x00000002


mem[X,0x8002C228] -> 0xB537
mem[X,0x8002C22A] -> 0x0000
[4036] [M]: 0x8002C228 (0x0000B537) lui a0, 11
x10 <- 0x0000B000


mem[X,0x8002C22C] -> 0x0513
mem[X,0x8002C22E] -> 0x5055
[4037] [M]: 0x8002C22C (0x50550513) addi a0, a0, 1285
x10 <- 0x0000B505


mem[X,0x8002C230] -> 0x65B7
mem[X,0x8002C232] -> 0x6666
[4038] [M]: 0x8002C230 (0x666665B7) lui a1, 419430
x11 <- 0x66666000


mem[X,0x8002C234] -> 0x8593
mem[X,0x8002C236] -> 0x6665
[4039] [M]: 0x8002C234 (0x66658593) addi a1, a1, 1638
x11 <- 0x66666666


mem[X,0x8002C238] -> 0x0613
mem[X,0x8002C23A] -> 0x0000
[4040] [M]: 0x8002C238 (0x00000613) addi a2, zero, 0
x12 <- 0x00000000


mem[X,0x8002C23C] -> 0x006F
mem[X,0x8002C23E] -> 0x00C0
[4041] [M]: 0x8002C23C (0x00C0006F) jal zero, 12


mem[X,0x8002C248] -> 0x5CE3
mem[X,0x8002C24A] -> 0xFEB5
[4042] [M]: 0x8002C248 (0xFEB55CE3) bge a0, a1, 8184


mem[X,0x8002C24C] -> 0x0613
mem[X,0x8002C24E] -> 0x0026
[4043] [M]: 0x8002C24C (0x00260613) addi a2, a2, 2
x12 <- 0x00000002


mem[X,0x8002C250] -> 0x006F
mem[X,0x8002C252] -> 0x00C0
[4044] [M]: 0x8002C250 (0x00C0006F) jal zero, 12


mem[X,0x8002C25C] -> 0x2023
mem[X,0x8002C25E] -> 0x66C2
[4045] [M]: 0x8002C25C (0x66C22023) sw a2, 1632(tp)
mem[0x8003A8C8] <- 0x00000002


mem[X,0x8002C260] -> 0xB537
mem[X,0x8002C262] -> 0x0000
[4046] [M]: 0x8002C260 (0x0000B537) lui a0, 11
x10 <- 0x0000B000


mem[X,0x8002C264] -> 0x0513
mem[X,0x8002C266] -> 0x5055
[4047] [M]: 0x8002C264 (0x50550513) addi a0, a0, 1285
x10 <- 0x0000B505


mem[X,0x8002C268] -> 0x55B7
mem[X,0x8002C26A] -> 0xFFFF
[4048] [M]: 0x8002C268 (0xFFFF55B7) lui a1, 1048565
x11 <- 0xFFFF5000


mem[X,0x8002C26C] -> 0x8593
mem[X,0x8002C26E] -> 0xAFC5
[4049] [M]: 0x8002C26C (0xAFC58593) addi a1, a1, 2812
x11 <- 0xFFFF4AFC


mem[X,0x8002C270] -> 0x0613
mem[X,0x8002C272] -> 0x0000
[4050] [M]: 0x8002C270 (0x00000613) addi a2, zero, 0
x12 <- 0x00000000


mem[X,0x8002C274] -> 0x006F
mem[X,0x8002C276] -> 0x00C0
[4051] [M]: 0x8002C274 (0x00C0006F) jal zero, 12


mem[X,0x8002C280] -> 0x5CE3
mem[X,0x8002C282] -> 0xFEB5
[4052] [M]: 0x8002C280 (0xFEB55CE3) bge a0, a1, 8184


mem[X,0x8002C278] -> 0x0613
mem[X,0x8002C27A] -> 0x0016
[4053] [M]: 0x8002C278 (0x00160613) addi a2, a2, 1
x12 <- 0x00000001


mem[X,0x8002C27C] -> 0x006F
mem[X,0x8002C27E] -> 0x0180
[4054] [M]: 0x8002C27C (0x0180006F) jal zero, 24


mem[X,0x8002C294] -> 0x2223
mem[X,0x8002C296] -> 0x66C2
[4055] [M]: 0x8002C294 (0x66C22223) sw a2, 1636(tp)
mem[0x8003A8CC] <- 0x00000001


mem[X,0x8002C298] -> 0xB537
mem[X,0x8002C29A] -> 0x0000
[4056] [M]: 0x8002C298 (0x0000B537) lui a0, 11
x10 <- 0x0000B000


mem[X,0x8002C29C] -> 0x0513
mem[X,0x8002C29E] -> 0x5055
[4057] [M]: 0x8002C29C (0x50550513) addi a0, a0, 1285
x10 <- 0x0000B505


mem[X,0x8002C2A0] -> 0xB5B7
mem[X,0x8002C2A2] -> 0x0000
[4058] [M]: 0x8002C2A0 (0x0000B5B7) lui a1, 11
x11 <- 0x0000B000


mem[X,0x8002C2A4] -> 0x8593
mem[X,0x8002C2A6] -> 0x5045
[4059] [M]: 0x8002C2A4 (0x50458593) addi a1, a1, 1284
x11 <- 0x0000B504


mem[X,0x8002C2A8] -> 0x0613
mem[X,0x8002C2AA] -> 0x0000
[4060] [M]: 0x8002C2A8 (0x00000613) addi a2, zero, 0
x12 <- 0x00000000


mem[X,0x8002C2AC] -> 0x006F
mem[X,0x8002C2AE] -> 0x00C0
[4061] [M]: 0x8002C2AC (0x00C0006F) jal zero, 12


mem[X,0x8002C2B8] -> 0x5863
mem[X,0x8002C2BA] -> 0x00B5
[4062] [M]: 0x8002C2B8 (0x00B55863) bge a0, a1, 16


mem[X,0x8002C2C8] -> 0x0613
mem[X,0x8002C2CA] -> 0x0036
[4063] [M]: 0x8002C2C8 (0x00360613) addi a2, a2, 3
x12 <- 0x00000003


mem[X,0x8002C2CC] -> 0x006F
mem[X,0x8002C2CE] -> 0x0040
[4064] [M]: 0x8002C2CC (0x0040006F) jal zero, 4


mem[X,0x8002C2D0] -> 0x2423
mem[X,0x8002C2D2] -> 0x66C2
[4065] [M]: 0x8002C2D0 (0x66C22423) sw a2, 1640(tp)
mem[0x8003A8D0] <- 0x00000003


mem[X,0x8002C2D4] -> 0xB537
mem[X,0x8002C2D6] -> 0x0000
[4066] [M]: 0x8002C2D4 (0x0000B537) lui a0, 11
x10 <- 0x0000B000


mem[X,0x8002C2D8] -> 0x0513
mem[X,0x8002C2DA] -> 0x5055
[4067] [M]: 0x8002C2D8 (0x50550513) addi a0, a0, 1285
x10 <- 0x0000B505


mem[X,0x8002C2DC] -> 0x0593
mem[X,0x8002C2DE] -> 0x0020
[4068] [M]: 0x8002C2DC (0x00200593) addi a1, zero, 2
x11 <- 0x00000002


mem[X,0x8002C2E0] -> 0x0613
mem[X,0x8002C2E2] -> 0x0000
[4069] [M]: 0x8002C2E0 (0x00000613) addi a2, zero, 0
x12 <- 0x00000000


mem[X,0x8002C2E4] -> 0x006F
mem[X,0x8002C2E6] -> 0x0180
[4070] [M]: 0x8002C2E4 (0x0180006F) jal zero, 24


mem[X,0x8002C2FC] -> 0x56E3
mem[X,0x8002C2FE] -> 0xFEB5
[4071] [M]: 0x8002C2FC (0xFEB556E3) bge a0, a1, 8172


mem[X,0x8002C2E8] -> 0x0613
mem[X,0x8002C2EA] -> 0x0016
[4072] [M]: 0x8002C2E8 (0x00160613) addi a2, a2, 1
x12 <- 0x00000001


mem[X,0x8002C2EC] -> 0x006F
mem[X,0x8002C2EE] -> 0x0240
[4073] [M]: 0x8002C2EC (0x0240006F) jal zero, 36


mem[X,0x8002C310] -> 0x2623
mem[X,0x8002C312] -> 0x66C2
[4074] [M]: 0x8002C310 (0x66C22623) sw a2, 1644(tp)
mem[0x8003A8D4] <- 0x00000001


mem[X,0x8002C314] -> 0xB537
mem[X,0x8002C316] -> 0x0000
[4075] [M]: 0x8002C314 (0x0000B537) lui a0, 11
x10 <- 0x0000B000


mem[X,0x8002C318] -> 0x0513
mem[X,0x8002C31A] -> 0x5055
[4076] [M]: 0x8002C318 (0x50550513) addi a0, a0, 1285
x10 <- 0x0000B505


mem[X,0x8002C31C] -> 0x55B7
mem[X,0x8002C31E] -> 0x5555
[4077] [M]: 0x8002C31C (0x555555B7) lui a1, 349525
x11 <- 0x55555000


mem[X,0x8002C320] -> 0x8593
mem[X,0x8002C322] -> 0x5545
[4078] [M]: 0x8002C320 (0x55458593) addi a1, a1, 1364
x11 <- 0x55555554


mem[X,0x8002C324] -> 0x0613
mem[X,0x8002C326] -> 0x0000
[4079] [M]: 0x8002C324 (0x00000613) addi a2, zero, 0
x12 <- 0x00000000


mem[X,0x8002C328] -> 0x006F
mem[X,0x8002C32A] -> 0x00C0
[4080] [M]: 0x8002C328 (0x00C0006F) jal zero, 12


mem[X,0x8002C334] -> 0x5663
mem[X,0x8002C336] -> 0x00B5
[4081] [M]: 0x8002C334 (0x00B55663) bge a0, a1, 12


mem[X,0x8002C338] -> 0x0613
mem[X,0x8002C33A] -> 0x0026
[4082] [M]: 0x8002C338 (0x00260613) addi a2, a2, 2
x12 <- 0x00000002


mem[X,0x8002C33C] -> 0x006F
mem[X,0x8002C33E] -> 0x00C0
[4083] [M]: 0x8002C33C (0x00C0006F) jal zero, 12


mem[X,0x8002C348] -> 0x2823
mem[X,0x8002C34A] -> 0x66C2
[4084] [M]: 0x8002C348 (0x66C22823) sw a2, 1648(tp)
mem[0x8003A8D8] <- 0x00000002


mem[X,0x8002C34C] -> 0xB537
mem[X,0x8002C34E] -> 0x0000
[4085] [M]: 0x8002C34C (0x0000B537) lui a0, 11
x10 <- 0x0000B000


mem[X,0x8002C350] -> 0x0513
mem[X,0x8002C352] -> 0x5055
[4086] [M]: 0x8002C350 (0x50550513) addi a0, a0, 1285
x10 <- 0x0000B505


mem[X,0x8002C354] -> 0x0593
mem[X,0x8002C356] -> 0x0000
[4087] [M]: 0x8002C354 (0x00000593) addi a1, zero, 0
x11 <- 0x00000000


mem[X,0x8002C358] -> 0x0613
mem[X,0x8002C35A] -> 0x0000
[4088] [M]: 0x8002C358 (0x00000613) addi a2, zero, 0
x12 <- 0x00000000


mem[X,0x8002C35C] -> 0x006F
mem[X,0x8002C35E] -> 0x00C0
[4089] [M]: 0x8002C35C (0x00C0006F) jal zero, 12


mem[X,0x8002C368] -> 0x5663
mem[X,0x8002C36A] -> 0x00B5
[4090] [M]: 0x8002C368 (0x00B55663) bge a0, a1, 12


mem[X,0x8002C374] -> 0x0613
mem[X,0x8002C376] -> 0x0036
[4091] [M]: 0x8002C374 (0x00360613) addi a2, a2, 3
x12 <- 0x00000003


mem[X,0x8002C378] -> 0x006F
mem[X,0x8002C37A] -> 0x0040
[4092] [M]: 0x8002C378 (0x0040006F) jal zero, 4


mem[X,0x8002C37C] -> 0x2A23
mem[X,0x8002C37E] -> 0x66C2
[4093] [M]: 0x8002C37C (0x66C22A23) sw a2, 1652(tp)
mem[0x8003A8DC] <- 0x00000003


mem[X,0x8002C380] -> 0xB537
mem[X,0x8002C382] -> 0x0000
[4094] [M]: 0x8002C380 (0x0000B537) lui a0, 11
x10 <- 0x0000B000


mem[X,0x8002C384] -> 0x0513
mem[X,0x8002C386] -> 0x5055
[4095] [M]: 0x8002C384 (0x50550513) addi a0, a0, 1285
x10 <- 0x0000B505


mem[X,0x8002C388] -> 0x0593
mem[X,0x8002C38A] -> 0x0040
[4096] [M]: 0x8002C388 (0x00400593) addi a1, zero, 4
x11 <- 0x00000004


mem[X,0x8002C38C] -> 0x0613
mem[X,0x8002C38E] -> 0x0000
[4097] [M]: 0x8002C38C (0x00000613) addi a2, zero, 0
x12 <- 0x00000000


mem[X,0x8002C390] -> 0x006F
mem[X,0x8002C392] -> 0x0180
[4098] [M]: 0x8002C390 (0x0180006F) jal zero, 24


mem[X,0x8002C3A8] -> 0x56E3
mem[X,0x8002C3AA] -> 0xFEB5
[4099] [M]: 0x8002C3A8 (0xFEB556E3) bge a0, a1, 8172


clint::tick mtime <- 0x0000000000000029
 clint timer pending at mtime 0x0000000000000029
htif::tick 0x0000000000000000
mem[X,0x8002C394] -> 0x0613
mem[X,0x8002C396] -> 0x0016
[4100] [M]: 0x8002C394 (0x00160613) addi a2, a2, 1
x12 <- 0x00000001


mem[X,0x8002C398] -> 0x006F
mem[X,0x8002C39A] -> 0x0240
[4101] [M]: 0x8002C398 (0x0240006F) jal zero, 36


mem[X,0x8002C3BC] -> 0x2C23
mem[X,0x8002C3BE] -> 0x66C2
[4102] [M]: 0x8002C3BC (0x66C22C23) sw a2, 1656(tp)
mem[0x8003A8E0] <- 0x00000001


mem[X,0x8002C3C0] -> 0xB537
mem[X,0x8002C3C2] -> 0x0000
[4103] [M]: 0x8002C3C0 (0x0000B537) lui a0, 11
x10 <- 0x0000B000


mem[X,0x8002C3C4] -> 0x0513
mem[X,0x8002C3C6] -> 0x5055
[4104] [M]: 0x8002C3C4 (0x50550513) addi a0, a0, 1285
x10 <- 0x0000B505


mem[X,0x8002C3C8] -> 0x35B7
mem[X,0x8002C3CA] -> 0x3333
[4105] [M]: 0x8002C3C8 (0x333335B7) lui a1, 209715
x11 <- 0x33333000


mem[X,0x8002C3CC] -> 0x8593
mem[X,0x8002C3CE] -> 0x3325
[4106] [M]: 0x8002C3CC (0x33258593) addi a1, a1, 818
x11 <- 0x33333332


mem[X,0x8002C3D0] -> 0x0613
mem[X,0x8002C3D2] -> 0x0000
[4107] [M]: 0x8002C3D0 (0x00000613) addi a2, zero, 0
x12 <- 0x00000000


mem[X,0x8002C3D4] -> 0x006F
mem[X,0x8002C3D6] -> 0x00C0
[4108] [M]: 0x8002C3D4 (0x00C0006F) jal zero, 12


mem[X,0x8002C3E0] -> 0x5CE3
mem[X,0x8002C3E2] -> 0xFEB5
[4109] [M]: 0x8002C3E0 (0xFEB55CE3) bge a0, a1, 8184


mem[X,0x8002C3E4] -> 0x0613
mem[X,0x8002C3E6] -> 0x0026
[4110] [M]: 0x8002C3E4 (0x00260613) addi a2, a2, 2
x12 <- 0x00000002


mem[X,0x8002C3E8] -> 0x006F
mem[X,0x8002C3EA] -> 0x00C0
[4111] [M]: 0x8002C3E8 (0x00C0006F) jal zero, 12


mem[X,0x8002C3F4] -> 0x2E23
mem[X,0x8002C3F6] -> 0x66C2
[4112] [M]: 0x8002C3F4 (0x66C22E23) sw a2, 1660(tp)
mem[0x8003A8E4] <- 0x00000002


mem[X,0x8002C3F8] -> 0xB537
mem[X,0x8002C3FA] -> 0x0000
[4113] [M]: 0x8002C3F8 (0x0000B537) lui a0, 11
x10 <- 0x0000B000


mem[X,0x8002C3FC] -> 0x0513
mem[X,0x8002C3FE] -> 0x5055
[4114] [M]: 0x8002C3FC (0x50550513) addi a0, a0, 1285
x10 <- 0x0000B505


mem[X,0x8002C400] -> 0x65B7
mem[X,0x8002C402] -> 0x6666
[4115] [M]: 0x8002C400 (0x666665B7) lui a1, 419430
x11 <- 0x66666000


mem[X,0x8002C404] -> 0x8593
mem[X,0x8002C406] -> 0x6655
[4116] [M]: 0x8002C404 (0x66558593) addi a1, a1, 1637
x11 <- 0x66666665


mem[X,0x8002C408] -> 0x0613
mem[X,0x8002C40A] -> 0x0000
[4117] [M]: 0x8002C408 (0x00000613) addi a2, zero, 0
x12 <- 0x00000000


mem[X,0x8002C40C] -> 0x006F
mem[X,0x8002C40E] -> 0x00C0
[4118] [M]: 0x8002C40C (0x00C0006F) jal zero, 12


mem[X,0x8002C418] -> 0x5063
mem[X,0x8002C41A] -> 0x20B5
[4119] [M]: 0x8002C418 (0x20B55063) bge a0, a1, 512


mem[X,0x8002C41C] -> 0x0613
mem[X,0x8002C41E] -> 0x0026
[4120] [M]: 0x8002C41C (0x00260613) addi a2, a2, 2
x12 <- 0x00000002


mem[X,0x8002C420] -> 0x006F
mem[X,0x8002C422] -> 0x2000
[4121] [M]: 0x8002C420 (0x2000006F) jal zero, 512


mem[X,0x8002C620] -> 0x2023
mem[X,0x8002C622] -> 0x68C2
[4122] [M]: 0x8002C620 (0x68C22023) sw a2, 1664(tp)
mem[0x8003A8E8] <- 0x00000002


mem[X,0x8002C624] -> 0xB537
mem[X,0x8002C626] -> 0x0000
[4123] [M]: 0x8002C624 (0x0000B537) lui a0, 11
x10 <- 0x0000B000


mem[X,0x8002C628] -> 0x0513
mem[X,0x8002C62A] -> 0x5055
[4124] [M]: 0x8002C628 (0x50550513) addi a0, a0, 1285
x10 <- 0x0000B505


mem[X,0x8002C62C] -> 0xB5B7
mem[X,0x8002C62E] -> 0x0000
[4125] [M]: 0x8002C62C (0x0000B5B7) lui a1, 11
x11 <- 0x0000B000


mem[X,0x8002C630] -> 0x8593
mem[X,0x8002C632] -> 0x5035
[4126] [M]: 0x8002C630 (0x50358593) addi a1, a1, 1283
x11 <- 0x0000B503


mem[X,0x8002C634] -> 0x0613
mem[X,0x8002C636] -> 0x0000
[4127] [M]: 0x8002C634 (0x00000613) addi a2, zero, 0
x12 <- 0x00000000


mem[X,0x8002C638] -> 0x006F
mem[X,0x8002C63A] -> 0x00C0
[4128] [M]: 0x8002C638 (0x00C0006F) jal zero, 12


mem[X,0x8002C644] -> 0x5CE3
mem[X,0x8002C646] -> 0xFEB5
[4129] [M]: 0x8002C644 (0xFEB55CE3) bge a0, a1, 8184


mem[X,0x8002C63C] -> 0x0613
mem[X,0x8002C63E] -> 0x0016
[4130] [M]: 0x8002C63C (0x00160613) addi a2, a2, 1
x12 <- 0x00000001


mem[X,0x8002C640] -> 0x006F
mem[X,0x8002C642] -> 0x0180
[4131] [M]: 0x8002C640 (0x0180006F) jal zero, 24


mem[X,0x8002C658] -> 0x2223
mem[X,0x8002C65A] -> 0x68C2
[4132] [M]: 0x8002C658 (0x68C22223) sw a2, 1668(tp)
mem[0x8003A8EC] <- 0x00000001


mem[X,0x8002C65C] -> 0xB537
mem[X,0x8002C65E] -> 0x0000
[4133] [M]: 0x8002C65C (0x0000B537) lui a0, 11
x10 <- 0x0000B000


mem[X,0x8002C660] -> 0x0513
mem[X,0x8002C662] -> 0x5055
[4134] [M]: 0x8002C660 (0x50550513) addi a0, a0, 1285
x10 <- 0x0000B505


mem[X,0x8002C664] -> 0x55B7
mem[X,0x8002C666] -> 0x5555
[4135] [M]: 0x8002C664 (0x555555B7) lui a1, 349525
x11 <- 0x55555000


mem[X,0x8002C668] -> 0x8593
mem[X,0x8002C66A] -> 0x5565
[4136] [M]: 0x8002C668 (0x55658593) addi a1, a1, 1366
x11 <- 0x55555556


mem[X,0x8002C66C] -> 0x0613
mem[X,0x8002C66E] -> 0x0000
[4137] [M]: 0x8002C66C (0x00000613) addi a2, zero, 0
x12 <- 0x00000000


mem[X,0x8002C670] -> 0x006F
mem[X,0x8002C672] -> 0x0050
[4138] [M]: 0x8002C670 (0x0050006F) jal zero, 2052


mem[X,0x8002CE74] -> 0x50E3
mem[X,0x8002CE76] -> 0x80B5
[4139] [M]: 0x8002CE74 (0x80B550E3) bge a0, a1, 6144


mem[X,0x8002CE78] -> 0x0613
mem[X,0x8002CE7A] -> 0x0026
[4140] [M]: 0x8002CE78 (0x00260613) addi a2, a2, 2
x12 <- 0x00000002


mem[X,0x8002CE7C] -> 0x006F
mem[X,0x8002CE7E] -> 0x00C0
[4141] [M]: 0x8002CE7C (0x00C0006F) jal zero, 12


mem[X,0x8002CE88] -> 0x2423
mem[X,0x8002CE8A] -> 0x68C2
[4142] [M]: 0x8002CE88 (0x68C22423) sw a2, 1672(tp)
mem[0x8003A8F0] <- 0x00000002


mem[X,0x8002CE8C] -> 0xB537
mem[X,0x8002CE8E] -> 0x0000
[4143] [M]: 0x8002CE8C (0x0000B537) lui a0, 11
x10 <- 0x0000B000


mem[X,0x8002CE90] -> 0x0513
mem[X,0x8002CE92] -> 0x5055
[4144] [M]: 0x8002CE90 (0x50550513) addi a0, a0, 1285
x10 <- 0x0000B505


mem[X,0x8002CE94] -> 0xB5B7
mem[X,0x8002CE96] -> 0xAAAA
[4145] [M]: 0x8002CE94 (0xAAAAB5B7) lui a1, 699051
x11 <- 0xAAAAB000


mem[X,0x8002CE98] -> 0x8593
mem[X,0x8002CE9A] -> 0xAAB5
[4146] [M]: 0x8002CE98 (0xAAB58593) addi a1, a1, 2731
x11 <- 0xAAAAAAAB


mem[X,0x8002CE9C] -> 0x0613
mem[X,0x8002CE9E] -> 0x0000
[4147] [M]: 0x8002CE9C (0x00000613) addi a2, zero, 0
x12 <- 0x00000000


mem[X,0x8002CEA0] -> 0x006F
mem[X,0x8002CEA2] -> 0x00C0
[4148] [M]: 0x8002CEA0 (0x00C0006F) jal zero, 12


mem[X,0x8002CEAC] -> 0x5863
mem[X,0x8002CEAE] -> 0x00B5
[4149] [M]: 0x8002CEAC (0x00B55863) bge a0, a1, 16


mem[X,0x8002CEBC] -> 0x0613
mem[X,0x8002CEBE] -> 0x0036
[4150] [M]: 0x8002CEBC (0x00360613) addi a2, a2, 3
x12 <- 0x00000003


mem[X,0x8002CEC0] -> 0x006F
mem[X,0x8002CEC2] -> 0x0040
[4151] [M]: 0x8002CEC0 (0x0040006F) jal zero, 4


mem[X,0x8002CEC4] -> 0x2623
mem[X,0x8002CEC6] -> 0x68C2
[4152] [M]: 0x8002CEC4 (0x68C22623) sw a2, 1676(tp)
mem[0x8003A8F4] <- 0x00000003


mem[X,0x8002CEC8] -> 0xB537
mem[X,0x8002CECA] -> 0x0000
[4153] [M]: 0x8002CEC8 (0x0000B537) lui a0, 11
x10 <- 0x0000B000


mem[X,0x8002CECC] -> 0x0513
mem[X,0x8002CECE] -> 0x5055
[4154] [M]: 0x8002CECC (0x50550513) addi a0, a0, 1285
x10 <- 0x0000B505


mem[X,0x8002CED0] -> 0x0593
mem[X,0x8002CED2] -> 0x0060
[4155] [M]: 0x8002CED0 (0x00600593) addi a1, zero, 6
x11 <- 0x00000006


mem[X,0x8002CED4] -> 0x0613
mem[X,0x8002CED6] -> 0x0000
[4156] [M]: 0x8002CED4 (0x00000613) addi a2, zero, 0
x12 <- 0x00000000


mem[X,0x8002CED8] -> 0x006F
mem[X,0x8002CEDA] -> 0x2B10
[4157] [M]: 0x8002CED8 (0x2B10006F) jal zero, 2736


mem[X,0x8002D988] -> 0x5A63
mem[X,0x8002D98A] -> 0xD4B5
[4158] [M]: 0x8002D988 (0xD4B55A63) bge a0, a1, 5460


mem[X,0x8002CEDC] -> 0x0613
mem[X,0x8002CEDE] -> 0x0016
[4159] [M]: 0x8002CEDC (0x00160613) addi a2, a2, 1
x12 <- 0x00000001


mem[X,0x8002CEE0] -> 0x006F
mem[X,0x8002CEE2] -> 0x2BD0
[4160] [M]: 0x8002CEE0 (0x2BD0006F) jal zero, 2748


mem[X,0x8002D99C] -> 0x2823
mem[X,0x8002D99E] -> 0x68C2
[4161] [M]: 0x8002D99C (0x68C22823) sw a2, 1680(tp)
mem[0x8003A8F8] <- 0x00000001


mem[X,0x8002D9A0] -> 0xB537
mem[X,0x8002D9A2] -> 0x0000
[4162] [M]: 0x8002D9A0 (0x0000B537) lui a0, 11
x10 <- 0x0000B000


mem[X,0x8002D9A4] -> 0x0513
mem[X,0x8002D9A6] -> 0x5055
[4163] [M]: 0x8002D9A4 (0x50550513) addi a0, a0, 1285
x10 <- 0x0000B505


mem[X,0x8002D9A8] -> 0x35B7
mem[X,0x8002D9AA] -> 0x3333
[4164] [M]: 0x8002D9A8 (0x333335B7) lui a1, 209715
x11 <- 0x33333000


mem[X,0x8002D9AC] -> 0x8593
mem[X,0x8002D9AE] -> 0x3345
[4165] [M]: 0x8002D9AC (0x33458593) addi a1, a1, 820
x11 <- 0x33333334


mem[X,0x8002D9B0] -> 0x0613
mem[X,0x8002D9B2] -> 0x0000
[4166] [M]: 0x8002D9B0 (0x00000613) addi a2, zero, 0
x12 <- 0x00000000


mem[X,0x8002D9B4] -> 0x006F
mem[X,0x8002D9B6] -> 0x00C0
[4167] [M]: 0x8002D9B4 (0x00C0006F) jal zero, 12


mem[X,0x8002D9C0] -> 0x5063
mem[X,0x8002D9C2] -> 0x02B5
[4168] [M]: 0x8002D9C0 (0x02B55063) bge a0, a1, 32


mem[X,0x8002D9C4] -> 0x0613
mem[X,0x8002D9C6] -> 0x0026
[4169] [M]: 0x8002D9C4 (0x00260613) addi a2, a2, 2
x12 <- 0x00000002


mem[X,0x8002D9C8] -> 0x006F
mem[X,0x8002D9CA] -> 0x0200
[4170] [M]: 0x8002D9C8 (0x0200006F) jal zero, 32


mem[X,0x8002D9E8] -> 0x2A23
mem[X,0x8002D9EA] -> 0x68C2
[4171] [M]: 0x8002D9E8 (0x68C22A23) sw a2, 1684(tp)
mem[0x8003A8FC] <- 0x00000002


mem[X,0x8002D9EC] -> 0xB537
mem[X,0x8002D9EE] -> 0x0000
[4172] [M]: 0x8002D9EC (0x0000B537) lui a0, 11
x10 <- 0x0000B000


mem[X,0x8002D9F0] -> 0x0513
mem[X,0x8002D9F2] -> 0x5055
[4173] [M]: 0x8002D9F0 (0x50550513) addi a0, a0, 1285
x10 <- 0x0000B505


mem[X,0x8002D9F4] -> 0x65B7
mem[X,0x8002D9F6] -> 0x6666
[4174] [M]: 0x8002D9F4 (0x666665B7) lui a1, 419430
x11 <- 0x66666000


mem[X,0x8002D9F8] -> 0x8593
mem[X,0x8002D9FA] -> 0x6675
[4175] [M]: 0x8002D9F8 (0x66758593) addi a1, a1, 1639
x11 <- 0x66666667


mem[X,0x8002D9FC] -> 0x0613
mem[X,0x8002D9FE] -> 0x0000
[4176] [M]: 0x8002D9FC (0x00000613) addi a2, zero, 0
x12 <- 0x00000000


mem[X,0x8002DA00] -> 0x006F
mem[X,0x8002DA02] -> 0x00C0
[4177] [M]: 0x8002DA00 (0x00C0006F) jal zero, 12


mem[X,0x8002DA0C] -> 0x5663
mem[X,0x8002DA0E] -> 0x00B5
[4178] [M]: 0x8002DA0C (0x00B55663) bge a0, a1, 12


mem[X,0x8002DA10] -> 0x0613
mem[X,0x8002DA12] -> 0x0026
[4179] [M]: 0x8002DA10 (0x00260613) addi a2, a2, 2
x12 <- 0x00000002


mem[X,0x8002DA14] -> 0x006F
mem[X,0x8002DA16] -> 0x00C0
[4180] [M]: 0x8002DA14 (0x00C0006F) jal zero, 12


mem[X,0x8002DA20] -> 0x2C23
mem[X,0x8002DA22] -> 0x68C2
[4181] [M]: 0x8002DA20 (0x68C22C23) sw a2, 1688(tp)
mem[0x8003A900] <- 0x00000002


mem[X,0x8002DA24] -> 0xB537
mem[X,0x8002DA26] -> 0x0000
[4182] [M]: 0x8002DA24 (0x0000B537) lui a0, 11
x10 <- 0x0000B000


mem[X,0x8002DA28] -> 0x0513
mem[X,0x8002DA2A] -> 0x5055
[4183] [M]: 0x8002DA28 (0x50550513) addi a0, a0, 1285
x10 <- 0x0000B505


mem[X,0x8002DA2C] -> 0x55B7
mem[X,0x8002DA2E] -> 0xFFFF
[4184] [M]: 0x8002DA2C (0xFFFF55B7) lui a1, 1048565
x11 <- 0xFFFF5000


mem[X,0x8002DA30] -> 0x8593
mem[X,0x8002DA32] -> 0xAFD5
[4185] [M]: 0x8002DA30 (0xAFD58593) addi a1, a1, 2813
x11 <- 0xFFFF4AFD


mem[X,0x8002DA34] -> 0x0613
mem[X,0x8002DA36] -> 0x0000
[4186] [M]: 0x8002DA34 (0x00000613) addi a2, zero, 0
x12 <- 0x00000000


mem[X,0x8002DA38] -> 0x006F
mem[X,0x8002DA3A] -> 0x00C0
[4187] [M]: 0x8002DA38 (0x00C0006F) jal zero, 12


mem[X,0x8002DA44] -> 0x5663
mem[X,0x8002DA46] -> 0x00B5
[4188] [M]: 0x8002DA44 (0x00B55663) bge a0, a1, 12


mem[X,0x8002DA50] -> 0x0613
mem[X,0x8002DA52] -> 0x0036
[4189] [M]: 0x8002DA50 (0x00360613) addi a2, a2, 3
x12 <- 0x00000003


mem[X,0x8002DA54] -> 0x006F
mem[X,0x8002DA56] -> 0x0040
[4190] [M]: 0x8002DA54 (0x0040006F) jal zero, 4


mem[X,0x8002DA58] -> 0x2E23
mem[X,0x8002DA5A] -> 0x68C2
[4191] [M]: 0x8002DA58 (0x68C22E23) sw a2, 1692(tp)
mem[0x8003A904] <- 0x00000003


mem[X,0x8002DA5C] -> 0xB537
mem[X,0x8002DA5E] -> 0x0000
[4192] [M]: 0x8002DA5C (0x0000B537) lui a0, 11
x10 <- 0x0000B000


mem[X,0x8002DA60] -> 0x0513
mem[X,0x8002DA62] -> 0x5055
[4193] [M]: 0x8002DA60 (0x50550513) addi a0, a0, 1285
x10 <- 0x0000B505


mem[X,0x8002DA64] -> 0xB5B7
mem[X,0x8002DA66] -> 0x0000
[4194] [M]: 0x8002DA64 (0x0000B5B7) lui a1, 11
x11 <- 0x0000B000


mem[X,0x8002DA68] -> 0x8593
mem[X,0x8002DA6A] -> 0x5055
[4195] [M]: 0x8002DA68 (0x50558593) addi a1, a1, 1285
x11 <- 0x0000B505


mem[X,0x8002DA6C] -> 0x0613
mem[X,0x8002DA6E] -> 0x0000
[4196] [M]: 0x8002DA6C (0x00000613) addi a2, zero, 0
x12 <- 0x00000000


mem[X,0x8002DA70] -> 0x006F
mem[X,0x8002DA72] -> 0x00C0
[4197] [M]: 0x8002DA70 (0x00C0006F) jal zero, 12


mem[X,0x8002DA7C] -> 0x5863
mem[X,0x8002DA7E] -> 0x00B5
[4198] [M]: 0x8002DA7C (0x00B55863) bge a0, a1, 16


mem[X,0x8002DA8C] -> 0x0613
mem[X,0x8002DA8E] -> 0x0036
[4199] [M]: 0x8002DA8C (0x00360613) addi a2, a2, 3
x12 <- 0x00000003


clint::tick mtime <- 0x000000000000002A
 clint timer pending at mtime 0x000000000000002A
htif::tick 0x0000000000000000
mem[X,0x8002DA90] -> 0x006F
mem[X,0x8002DA92] -> 0x0040
[4200] [M]: 0x8002DA90 (0x0040006F) jal zero, 4


mem[X,0x8002DA94] -> 0x2023
mem[X,0x8002DA96] -> 0x6AC2
[4201] [M]: 0x8002DA94 (0x6AC22023) sw a2, 1696(tp)
mem[0x8003A908] <- 0x00000003


mem[X,0x8002DA98] -> 0x0513
mem[X,0x8002DA9A] -> 0x0000
[4202] [M]: 0x8002DA98 (0x00000513) addi a0, zero, 0
x10 <- 0x00000000


mem[X,0x8002DA9C] -> 0x0593
mem[X,0x8002DA9E] -> 0x0020
[4203] [M]: 0x8002DA9C (0x00200593) addi a1, zero, 2
x11 <- 0x00000002


mem[X,0x8002DAA0] -> 0x0613
mem[X,0x8002DAA2] -> 0x0000
[4204] [M]: 0x8002DAA0 (0x00000613) addi a2, zero, 0
x12 <- 0x00000000


mem[X,0x8002DAA4] -> 0x006F
mem[X,0x8002DAA6] -> 0x00C0
[4205] [M]: 0x8002DAA4 (0x00C0006F) jal zero, 12


mem[X,0x8002DAB0] -> 0x5863
mem[X,0x8002DAB2] -> 0x00B5
[4206] [M]: 0x8002DAB0 (0x00B55863) bge a0, a1, 16


mem[X,0x8002DAB4] -> 0x0613
mem[X,0x8002DAB6] -> 0x0026
[4207] [M]: 0x8002DAB4 (0x00260613) addi a2, a2, 2
x12 <- 0x00000002


mem[X,0x8002DAB8] -> 0x006F
mem[X,0x8002DABA] -> 0x0100
[4208] [M]: 0x8002DAB8 (0x0100006F) jal zero, 16


mem[X,0x8002DAC8] -> 0x2223
mem[X,0x8002DACA] -> 0x6AC2
[4209] [M]: 0x8002DAC8 (0x6AC22223) sw a2, 1700(tp)
mem[0x8003A90C] <- 0x00000002


mem[X,0x8002DACC] -> 0x0513
mem[X,0x8002DACE] -> 0x0000
[4210] [M]: 0x8002DACC (0x00000513) addi a0, zero, 0
x10 <- 0x00000000


mem[X,0x8002DAD0] -> 0x55B7
mem[X,0x8002DAD2] -> 0x5555
[4211] [M]: 0x8002DAD0 (0x555555B7) lui a1, 349525
x11 <- 0x55555000


mem[X,0x8002DAD4] -> 0x8593
mem[X,0x8002DAD6] -> 0x5545
[4212] [M]: 0x8002DAD4 (0x55458593) addi a1, a1, 1364
x11 <- 0x55555554


mem[X,0x8002DAD8] -> 0x0613
mem[X,0x8002DADA] -> 0x0000
[4213] [M]: 0x8002DAD8 (0x00000613) addi a2, zero, 0
x12 <- 0x00000000


mem[X,0x8002DADC] -> 0x006F
mem[X,0x8002DADE] -> 0x00C0
[4214] [M]: 0x8002DADC (0x00C0006F) jal zero, 12


mem[X,0x8002DAE8] -> 0x5663
mem[X,0x8002DAEA] -> 0x00B5
[4215] [M]: 0x8002DAE8 (0x00B55663) bge a0, a1, 12


mem[X,0x8002DAEC] -> 0x0613
mem[X,0x8002DAEE] -> 0x0026
[4216] [M]: 0x8002DAEC (0x00260613) addi a2, a2, 2
x12 <- 0x00000002


mem[X,0x8002DAF0] -> 0x006F
mem[X,0x8002DAF2] -> 0x00C0
[4217] [M]: 0x8002DAF0 (0x00C0006F) jal zero, 12


mem[X,0x8002DAFC] -> 0x2423
mem[X,0x8002DAFE] -> 0x6AC2
[4218] [M]: 0x8002DAFC (0x6AC22423) sw a2, 1704(tp)
mem[0x8003A910] <- 0x00000002


mem[X,0x8002DB00] -> 0x0513
mem[X,0x8002DB02] -> 0x0000
[4219] [M]: 0x8002DB00 (0x00000513) addi a0, zero, 0
x10 <- 0x00000000


mem[X,0x8002DB04] -> 0x0593
mem[X,0x8002DB06] -> 0x0000
[4220] [M]: 0x8002DB04 (0x00000593) addi a1, zero, 0
x11 <- 0x00000000


mem[X,0x8002DB08] -> 0x0613
mem[X,0x8002DB0A] -> 0x0000
[4221] [M]: 0x8002DB08 (0x00000613) addi a2, zero, 0
x12 <- 0x00000000


mem[X,0x8002DB0C] -> 0x006F
mem[X,0x8002DB0E] -> 0x00C0
[4222] [M]: 0x8002DB0C (0x00C0006F) jal zero, 12


mem[X,0x8002DB18] -> 0x5063
mem[X,0x8002DB1A] -> 0x02B5
[4223] [M]: 0x8002DB18 (0x02B55063) bge a0, a1, 32


mem[X,0x8002DB38] -> 0x0613
mem[X,0x8002DB3A] -> 0x0036
[4224] [M]: 0x8002DB38 (0x00360613) addi a2, a2, 3
x12 <- 0x00000003


mem[X,0x8002DB3C] -> 0x006F
mem[X,0x8002DB3E] -> 0x0040
[4225] [M]: 0x8002DB3C (0x0040006F) jal zero, 4


mem[X,0x8002DB40] -> 0x2623
mem[X,0x8002DB42] -> 0x6AC2
[4226] [M]: 0x8002DB40 (0x6AC22623) sw a2, 1708(tp)
mem[0x8003A914] <- 0x00000003


mem[X,0x8002DB44] -> 0x0513
mem[X,0x8002DB46] -> 0x0000
[4227] [M]: 0x8002DB44 (0x00000513) addi a0, zero, 0
x10 <- 0x00000000


mem[X,0x8002DB48] -> 0x0593
mem[X,0x8002DB4A] -> 0x0040
[4228] [M]: 0x8002DB48 (0x00400593) addi a1, zero, 4
x11 <- 0x00000004


mem[X,0x8002DB4C] -> 0x0613
mem[X,0x8002DB4E] -> 0x0000
[4229] [M]: 0x8002DB4C (0x00000613) addi a2, zero, 0
x12 <- 0x00000000


mem[X,0x8002DB50] -> 0x006F
mem[X,0x8002DB52] -> 0x00C0
[4230] [M]: 0x8002DB50 (0x00C0006F) jal zero, 12


mem[X,0x8002DB5C] -> 0x5663
mem[X,0x8002DB5E] -> 0x00B5
[4231] [M]: 0x8002DB5C (0x00B55663) bge a0, a1, 12


mem[X,0x8002DB60] -> 0x0613
mem[X,0x8002DB62] -> 0x0026
[4232] [M]: 0x8002DB60 (0x00260613) addi a2, a2, 2
x12 <- 0x00000002


mem[X,0x8002DB64] -> 0x006F
mem[X,0x8002DB66] -> 0x00C0
[4233] [M]: 0x8002DB64 (0x00C0006F) jal zero, 12


mem[X,0x8002DB70] -> 0x2823
mem[X,0x8002DB72] -> 0x6AC2
[4234] [M]: 0x8002DB70 (0x6AC22823) sw a2, 1712(tp)
mem[0x8003A918] <- 0x00000002


mem[X,0x8002DB74] -> 0x0513
mem[X,0x8002DB76] -> 0x0000
[4235] [M]: 0x8002DB74 (0x00000513) addi a0, zero, 0
x10 <- 0x00000000


mem[X,0x8002DB78] -> 0x35B7
mem[X,0x8002DB7A] -> 0x3333
[4236] [M]: 0x8002DB78 (0x333335B7) lui a1, 209715
x11 <- 0x33333000


mem[X,0x8002DB7C] -> 0x8593
mem[X,0x8002DB7E] -> 0x3325
[4237] [M]: 0x8002DB7C (0x33258593) addi a1, a1, 818
x11 <- 0x33333332


mem[X,0x8002DB80] -> 0x0613
mem[X,0x8002DB82] -> 0x0000
[4238] [M]: 0x8002DB80 (0x00000613) addi a2, zero, 0
x12 <- 0x00000000


mem[X,0x8002DB84] -> 0x006F
mem[X,0x8002DB86] -> 0x00C0
[4239] [M]: 0x8002DB84 (0x00C0006F) jal zero, 12


mem[X,0x8002DB90] -> 0x5CE3
mem[X,0x8002DB92] -> 0xFEB5
[4240] [M]: 0x8002DB90 (0xFEB55CE3) bge a0, a1, 8184


mem[X,0x8002DB94] -> 0x0613
mem[X,0x8002DB96] -> 0x0026
[4241] [M]: 0x8002DB94 (0x00260613) addi a2, a2, 2
x12 <- 0x00000002


mem[X,0x8002DB98] -> 0x006F
mem[X,0x8002DB9A] -> 0x00C0
[4242] [M]: 0x8002DB98 (0x00C0006F) jal zero, 12


mem[X,0x8002DBA4] -> 0x2A23
mem[X,0x8002DBA6] -> 0x6AC2
[4243] [M]: 0x8002DBA4 (0x6AC22A23) sw a2, 1716(tp)
mem[0x8003A91C] <- 0x00000002


mem[X,0x8002DBA8] -> 0x0513
mem[X,0x8002DBAA] -> 0x0000
[4244] [M]: 0x8002DBA8 (0x00000513) addi a0, zero, 0
x10 <- 0x00000000


mem[X,0x8002DBAC] -> 0x65B7
mem[X,0x8002DBAE] -> 0x6666
[4245] [M]: 0x8002DBAC (0x666665B7) lui a1, 419430
x11 <- 0x66666000


mem[X,0x8002DBB0] -> 0x8593
mem[X,0x8002DBB2] -> 0x6655
[4246] [M]: 0x8002DBB0 (0x66558593) addi a1, a1, 1637
x11 <- 0x66666665


mem[X,0x8002DBB4] -> 0x0613
mem[X,0x8002DBB6] -> 0x0000
[4247] [M]: 0x8002DBB4 (0x00000613) addi a2, zero, 0
x12 <- 0x00000000


mem[X,0x8002DBB8] -> 0x006F
mem[X,0x8002DBBA] -> 0x00C0
[4248] [M]: 0x8002DBB8 (0x00C0006F) jal zero, 12


mem[X,0x8002DBC4] -> 0x5063
mem[X,0x8002DBC6] -> 0x04B5
[4249] [M]: 0x8002DBC4 (0x04B55063) bge a0, a1, 64


mem[X,0x8002DBC8] -> 0x0613
mem[X,0x8002DBCA] -> 0x0026
[4250] [M]: 0x8002DBC8 (0x00260613) addi a2, a2, 2
x12 <- 0x00000002


mem[X,0x8002DBCC] -> 0x006F
mem[X,0x8002DBCE] -> 0x0400
[4251] [M]: 0x8002DBCC (0x0400006F) jal zero, 64


mem[X,0x8002DC0C] -> 0x2C23
mem[X,0x8002DC0E] -> 0x6AC2
[4252] [M]: 0x8002DC0C (0x6AC22C23) sw a2, 1720(tp)
mem[0x8003A920] <- 0x00000002


mem[X,0x8002DC10] -> 0x0513
mem[X,0x8002DC12] -> 0x0000
[4253] [M]: 0x8002DC10 (0x00000513) addi a0, zero, 0
x10 <- 0x00000000


mem[X,0x8002DC14] -> 0xB5B7
mem[X,0x8002DC16] -> 0x0000
[4254] [M]: 0x8002DC14 (0x0000B5B7) lui a1, 11
x11 <- 0x0000B000


mem[X,0x8002DC18] -> 0x8593
mem[X,0x8002DC1A] -> 0x5035
[4255] [M]: 0x8002DC18 (0x50358593) addi a1, a1, 1283
x11 <- 0x0000B503


mem[X,0x8002DC1C] -> 0x0613
mem[X,0x8002DC1E] -> 0x0000
[4256] [M]: 0x8002DC1C (0x00000613) addi a2, zero, 0
x12 <- 0x00000000


mem[X,0x8002DC20] -> 0x006F
mem[X,0x8002DC22] -> 0x00C0
[4257] [M]: 0x8002DC20 (0x00C0006F) jal zero, 12


mem[X,0x8002DC2C] -> 0x5663
mem[X,0x8002DC2E] -> 0x00B5
[4258] [M]: 0x8002DC2C (0x00B55663) bge a0, a1, 12


mem[X,0x8002DC30] -> 0x0613
mem[X,0x8002DC32] -> 0x0026
[4259] [M]: 0x8002DC30 (0x00260613) addi a2, a2, 2
x12 <- 0x00000002


mem[X,0x8002DC34] -> 0x006F
mem[X,0x8002DC36] -> 0x00C0
[4260] [M]: 0x8002DC34 (0x00C0006F) jal zero, 12


mem[X,0x8002DC40] -> 0x2E23
mem[X,0x8002DC42] -> 0x6AC2
[4261] [M]: 0x8002DC40 (0x6AC22E23) sw a2, 1724(tp)
mem[0x8003A924] <- 0x00000002


mem[X,0x8002DC44] -> 0x0513
mem[X,0x8002DC46] -> 0x0000
[4262] [M]: 0x8002DC44 (0x00000513) addi a0, zero, 0
x10 <- 0x00000000


mem[X,0x8002DC48] -> 0x55B7
mem[X,0x8002DC4A] -> 0x5555
[4263] [M]: 0x8002DC48 (0x555555B7) lui a1, 349525
x11 <- 0x55555000


mem[X,0x8002DC4C] -> 0x8593
mem[X,0x8002DC4E] -> 0x5565
[4264] [M]: 0x8002DC4C (0x55658593) addi a1, a1, 1366
x11 <- 0x55555556


mem[X,0x8002DC50] -> 0x0613
mem[X,0x8002DC52] -> 0x0000
[4265] [M]: 0x8002DC50 (0x00000613) addi a2, zero, 0
x12 <- 0x00000000


mem[X,0x8002DC54] -> 0x006F
mem[X,0x8002DC56] -> 0x00C0
[4266] [M]: 0x8002DC54 (0x00C0006F) jal zero, 12


mem[X,0x8002DC60] -> 0x5063
mem[X,0x8002DC62] -> 0x10B5
[4267] [M]: 0x8002DC60 (0x10B55063) bge a0, a1, 256


mem[X,0x8002DC64] -> 0x0613
mem[X,0x8002DC66] -> 0x0026
[4268] [M]: 0x8002DC64 (0x00260613) addi a2, a2, 2
x12 <- 0x00000002


mem[X,0x8002DC68] -> 0x006F
mem[X,0x8002DC6A] -> 0x1000
[4269] [M]: 0x8002DC68 (0x1000006F) jal zero, 256


mem[X,0x8002DD68] -> 0x2023
mem[X,0x8002DD6A] -> 0x6CC2
[4270] [M]: 0x8002DD68 (0x6CC22023) sw a2, 1728(tp)
mem[0x8003A928] <- 0x00000002


mem[X,0x8002DD6C] -> 0x0513
mem[X,0x8002DD6E] -> 0x0000
[4271] [M]: 0x8002DD6C (0x00000513) addi a0, zero, 0
x10 <- 0x00000000


mem[X,0x8002DD70] -> 0xB5B7
mem[X,0x8002DD72] -> 0xAAAA
[4272] [M]: 0x8002DD70 (0xAAAAB5B7) lui a1, 699051
x11 <- 0xAAAAB000


mem[X,0x8002DD74] -> 0x8593
mem[X,0x8002DD76] -> 0xAAB5
[4273] [M]: 0x8002DD74 (0xAAB58593) addi a1, a1, 2731
x11 <- 0xAAAAAAAB


mem[X,0x8002DD78] -> 0x0613
mem[X,0x8002DD7A] -> 0x0000
[4274] [M]: 0x8002DD78 (0x00000613) addi a2, zero, 0
x12 <- 0x00000000


mem[X,0x8002DD7C] -> 0x006F
mem[X,0x8002DD7E] -> 0x0140
[4275] [M]: 0x8002DD7C (0x0140006F) jal zero, 20


mem[X,0x8002DD90] -> 0x58E3
mem[X,0x8002DD92] -> 0xFEB5
[4276] [M]: 0x8002DD90 (0xFEB558E3) bge a0, a1, 8176


mem[X,0x8002DD80] -> 0x0613
mem[X,0x8002DD82] -> 0x0016
[4277] [M]: 0x8002DD80 (0x00160613) addi a2, a2, 1
x12 <- 0x00000001


mem[X,0x8002DD84] -> 0x006F
mem[X,0x8002DD86] -> 0x0200
[4278] [M]: 0x8002DD84 (0x0200006F) jal zero, 32


mem[X,0x8002DDA4] -> 0x2223
mem[X,0x8002DDA6] -> 0x6CC2
[4279] [M]: 0x8002DDA4 (0x6CC22223) sw a2, 1732(tp)
mem[0x8003A92C] <- 0x00000001


mem[X,0x8002DDA8] -> 0x0513
mem[X,0x8002DDAA] -> 0x0000
[4280] [M]: 0x8002DDA8 (0x00000513) addi a0, zero, 0
x10 <- 0x00000000


mem[X,0x8002DDAC] -> 0x0593
mem[X,0x8002DDAE] -> 0x0060
[4281] [M]: 0x8002DDAC (0x00600593) addi a1, zero, 6
x11 <- 0x00000006


mem[X,0x8002DDB0] -> 0x0613
mem[X,0x8002DDB2] -> 0x0000
[4282] [M]: 0x8002DDB0 (0x00000613) addi a2, zero, 0
x12 <- 0x00000000


mem[X,0x8002DDB4] -> 0x006F
mem[X,0x8002DDB6] -> 0x00C0
[4283] [M]: 0x8002DDB4 (0x00C0006F) jal zero, 12


mem[X,0x8002DDC0] -> 0x5CE3
mem[X,0x8002DDC2] -> 0xFEB5
[4284] [M]: 0x8002DDC0 (0xFEB55CE3) bge a0, a1, 8184


mem[X,0x8002DDC4] -> 0x0613
mem[X,0x8002DDC6] -> 0x0026
[4285] [M]: 0x8002DDC4 (0x00260613) addi a2, a2, 2
x12 <- 0x00000002


mem[X,0x8002DDC8] -> 0x006F
mem[X,0x8002DDCA] -> 0x00C0
[4286] [M]: 0x8002DDC8 (0x00C0006F) jal zero, 12


mem[X,0x8002DDD4] -> 0x2423
mem[X,0x8002DDD6] -> 0x6CC2
[4287] [M]: 0x8002DDD4 (0x6CC22423) sw a2, 1736(tp)
mem[0x8003A930] <- 0x00000002


mem[X,0x8002DDD8] -> 0x0513
mem[X,0x8002DDDA] -> 0x0000
[4288] [M]: 0x8002DDD8 (0x00000513) addi a0, zero, 0
x10 <- 0x00000000


mem[X,0x8002DDDC] -> 0x35B7
mem[X,0x8002DDDE] -> 0x3333
[4289] [M]: 0x8002DDDC (0x333335B7) lui a1, 209715
x11 <- 0x33333000


mem[X,0x8002DDE0] -> 0x8593
mem[X,0x8002DDE2] -> 0x3345
[4290] [M]: 0x8002DDE0 (0x33458593) addi a1, a1, 820
x11 <- 0x33333334


mem[X,0x8002DDE4] -> 0x0613
mem[X,0x8002DDE6] -> 0x0000
[4291] [M]: 0x8002DDE4 (0x00000613) addi a2, zero, 0
x12 <- 0x00000000


mem[X,0x8002DDE8] -> 0x006F
mem[X,0x8002DDEA] -> 0x00C0
[4292] [M]: 0x8002DDE8 (0x00C0006F) jal zero, 12


mem[X,0x8002DDF4] -> 0x5663
mem[X,0x8002DDF6] -> 0x00B5
[4293] [M]: 0x8002DDF4 (0x00B55663) bge a0, a1, 12


mem[X,0x8002DDF8] -> 0x0613
mem[X,0x8002DDFA] -> 0x0026
[4294] [M]: 0x8002DDF8 (0x00260613) addi a2, a2, 2
x12 <- 0x00000002


mem[X,0x8002DDFC] -> 0x006F
mem[X,0x8002DDFE] -> 0x00C0
[4295] [M]: 0x8002DDFC (0x00C0006F) jal zero, 12


mem[X,0x8002DE08] -> 0x2623
mem[X,0x8002DE0A] -> 0x6CC2
[4296] [M]: 0x8002DE08 (0x6CC22623) sw a2, 1740(tp)
mem[0x8003A934] <- 0x00000002


mem[X,0x8002DE0C] -> 0x0513
mem[X,0x8002DE0E] -> 0x0000
[4297] [M]: 0x8002DE0C (0x00000513) addi a0, zero, 0
x10 <- 0x00000000


mem[X,0x8002DE10] -> 0x65B7
mem[X,0x8002DE12] -> 0x6666
[4298] [M]: 0x8002DE10 (0x666665B7) lui a1, 419430
x11 <- 0x66666000


mem[X,0x8002DE14] -> 0x8593
mem[X,0x8002DE16] -> 0x6675
[4299] [M]: 0x8002DE14 (0x66758593) addi a1, a1, 1639
x11 <- 0x66666667


clint::tick mtime <- 0x000000000000002B
 clint timer pending at mtime 0x000000000000002B
htif::tick 0x0000000000000000
mem[X,0x8002DE18] -> 0x0613
mem[X,0x8002DE1A] -> 0x0000
[4300] [M]: 0x8002DE18 (0x00000613) addi a2, zero, 0
x12 <- 0x00000000


mem[X,0x8002DE1C] -> 0x006F
mem[X,0x8002DE1E] -> 0x00C0
[4301] [M]: 0x8002DE1C (0x00C0006F) jal zero, 12


mem[X,0x8002DE28] -> 0x5CE3
mem[X,0x8002DE2A] -> 0xFEB5
[4302] [M]: 0x8002DE28 (0xFEB55CE3) bge a0, a1, 8184


mem[X,0x8002DE2C] -> 0x0613
mem[X,0x8002DE2E] -> 0x0026
[4303] [M]: 0x8002DE2C (0x00260613) addi a2, a2, 2
x12 <- 0x00000002


mem[X,0x8002DE30] -> 0x006F
mem[X,0x8002DE32] -> 0x00C0
[4304] [M]: 0x8002DE30 (0x00C0006F) jal zero, 12


mem[X,0x8002DE3C] -> 0x2823
mem[X,0x8002DE3E] -> 0x6CC2
[4305] [M]: 0x8002DE3C (0x6CC22823) sw a2, 1744(tp)
mem[0x8003A938] <- 0x00000002


mem[X,0x8002DE40] -> 0x0513
mem[X,0x8002DE42] -> 0x0000
[4306] [M]: 0x8002DE40 (0x00000513) addi a0, zero, 0
x10 <- 0x00000000


mem[X,0x8002DE44] -> 0x55B7
mem[X,0x8002DE46] -> 0xFFFF
[4307] [M]: 0x8002DE44 (0xFFFF55B7) lui a1, 1048565
x11 <- 0xFFFF5000


mem[X,0x8002DE48] -> 0x8593
mem[X,0x8002DE4A] -> 0xAFD5
[4308] [M]: 0x8002DE48 (0xAFD58593) addi a1, a1, 2813
x11 <- 0xFFFF4AFD


mem[X,0x8002DE4C] -> 0x0613
mem[X,0x8002DE4E] -> 0x0000
[4309] [M]: 0x8002DE4C (0x00000613) addi a2, zero, 0
x12 <- 0x00000000


mem[X,0x8002DE50] -> 0x006F
mem[X,0x8002DE52] -> 0x0100
[4310] [M]: 0x8002DE50 (0x0100006F) jal zero, 16


mem[X,0x8002DE60] -> 0x5AE3
mem[X,0x8002DE62] -> 0xFEB5
[4311] [M]: 0x8002DE60 (0xFEB55AE3) bge a0, a1, 8180


mem[X,0x8002DE54] -> 0x0613
mem[X,0x8002DE56] -> 0x0016
[4312] [M]: 0x8002DE54 (0x00160613) addi a2, a2, 1
x12 <- 0x00000001


mem[X,0x8002DE58] -> 0x006F
mem[X,0x8002DE5A] -> 0x01C0
[4313] [M]: 0x8002DE58 (0x01C0006F) jal zero, 28


mem[X,0x8002DE74] -> 0x2A23
mem[X,0x8002DE76] -> 0x6CC2
[4314] [M]: 0x8002DE74 (0x6CC22A23) sw a2, 1748(tp)
mem[0x8003A93C] <- 0x00000001


mem[X,0x8002DE78] -> 0x0513
mem[X,0x8002DE7A] -> 0x0000
[4315] [M]: 0x8002DE78 (0x00000513) addi a0, zero, 0
x10 <- 0x00000000


mem[X,0x8002DE7C] -> 0xB5B7
mem[X,0x8002DE7E] -> 0x0000
[4316] [M]: 0x8002DE7C (0x0000B5B7) lui a1, 11
x11 <- 0x0000B000


mem[X,0x8002DE80] -> 0x8593
mem[X,0x8002DE82] -> 0x5055
[4317] [M]: 0x8002DE80 (0x50558593) addi a1, a1, 1285
x11 <- 0x0000B505


mem[X,0x8002DE84] -> 0x0613
mem[X,0x8002DE86] -> 0x0000
[4318] [M]: 0x8002DE84 (0x00000613) addi a2, zero, 0
x12 <- 0x00000000


mem[X,0x8002DE88] -> 0x006F
mem[X,0x8002DE8A] -> 0x00C0
[4319] [M]: 0x8002DE88 (0x00C0006F) jal zero, 12


mem[X,0x8002DE94] -> 0x5063
mem[X,0x8002DE96] -> 0x02B5
[4320] [M]: 0x8002DE94 (0x02B55063) bge a0, a1, 32


mem[X,0x8002DE98] -> 0x0613
mem[X,0x8002DE9A] -> 0x0026
[4321] [M]: 0x8002DE98 (0x00260613) addi a2, a2, 2
x12 <- 0x00000002


mem[X,0x8002DE9C] -> 0x006F
mem[X,0x8002DE9E] -> 0x0200
[4322] [M]: 0x8002DE9C (0x0200006F) jal zero, 32


mem[X,0x8002DEBC] -> 0x2C23
mem[X,0x8002DEBE] -> 0x6CC2
[4323] [M]: 0x8002DEBC (0x6CC22C23) sw a2, 1752(tp)
mem[0x8003A940] <- 0x00000002


mem[X,0x8002DEC0] -> 0x0513
mem[X,0x8002DEC2] -> 0x0040
[4324] [M]: 0x8002DEC0 (0x00400513) addi a0, zero, 4
x10 <- 0x00000004


mem[X,0x8002DEC4] -> 0x0593
mem[X,0x8002DEC6] -> 0x0030
[4325] [M]: 0x8002DEC4 (0x00300593) addi a1, zero, 3
x11 <- 0x00000003


mem[X,0x8002DEC8] -> 0x0613
mem[X,0x8002DECA] -> 0x0000
[4326] [M]: 0x8002DEC8 (0x00000613) addi a2, zero, 0
x12 <- 0x00000000


mem[X,0x8002DECC] -> 0x006F
mem[X,0x8002DECE] -> 0x00C0
[4327] [M]: 0x8002DECC (0x00C0006F) jal zero, 12


mem[X,0x8002DED8] -> 0x5663
mem[X,0x8002DEDA] -> 0x00B5
[4328] [M]: 0x8002DED8 (0x00B55663) bge a0, a1, 12


mem[X,0x8002DEE4] -> 0x0613
mem[X,0x8002DEE6] -> 0x0036
[4329] [M]: 0x8002DEE4 (0x00360613) addi a2, a2, 3
x12 <- 0x00000003


mem[X,0x8002DEE8] -> 0x006F
mem[X,0x8002DEEA] -> 0x0040
[4330] [M]: 0x8002DEE8 (0x0040006F) jal zero, 4


mem[X,0x8002DEEC] -> 0x2E23
mem[X,0x8002DEEE] -> 0x6CC2
[4331] [M]: 0x8002DEEC (0x6CC22E23) sw a2, 1756(tp)
mem[0x8003A944] <- 0x00000003


mem[X,0x8002DEF0] -> 0x0513
mem[X,0x8002DEF2] -> 0x0040
[4332] [M]: 0x8002DEF0 (0x00400513) addi a0, zero, 4
x10 <- 0x00000004


mem[X,0x8002DEF4] -> 0x55B7
mem[X,0x8002DEF6] -> 0x5555
[4333] [M]: 0x8002DEF4 (0x555555B7) lui a1, 349525
x11 <- 0x55555000


mem[X,0x8002DEF8] -> 0x8593
mem[X,0x8002DEFA] -> 0x5555
[4334] [M]: 0x8002DEF8 (0x55558593) addi a1, a1, 1365
x11 <- 0x55555555


mem[X,0x8002DEFC] -> 0x0613
mem[X,0x8002DEFE] -> 0x0000
[4335] [M]: 0x8002DEFC (0x00000613) addi a2, zero, 0
x12 <- 0x00000000


mem[X,0x8002DF00] -> 0x006F
mem[X,0x8002DF02] -> 0x00C0
[4336] [M]: 0x8002DF00 (0x00C0006F) jal zero, 12


mem[X,0x8002DF0C] -> 0x5663
mem[X,0x8002DF0E] -> 0x00B5
[4337] [M]: 0x8002DF0C (0x00B55663) bge a0, a1, 12


mem[X,0x8002DF10] -> 0x0613
mem[X,0x8002DF12] -> 0x0026
[4338] [M]: 0x8002DF10 (0x00260613) addi a2, a2, 2
x12 <- 0x00000002


mem[X,0x8002DF14] -> 0x006F
mem[X,0x8002DF16] -> 0x00C0
[4339] [M]: 0x8002DF14 (0x00C0006F) jal zero, 12


mem[X,0x8002DF20] -> 0x2023
mem[X,0x8002DF22] -> 0x6EC2
[4340] [M]: 0x8002DF20 (0x6EC22023) sw a2, 1760(tp)
mem[0x8003A948] <- 0x00000002


mem[X,0x8002DF24] -> 0x0513
mem[X,0x8002DF26] -> 0x0040
[4341] [M]: 0x8002DF24 (0x00400513) addi a0, zero, 4
x10 <- 0x00000004


mem[X,0x8002DF28] -> 0xB5B7
mem[X,0x8002DF2A] -> 0xAAAA
[4342] [M]: 0x8002DF28 (0xAAAAB5B7) lui a1, 699051
x11 <- 0xAAAAB000


mem[X,0x8002DF2C] -> 0x8593
mem[X,0x8002DF2E] -> 0xAAA5
[4343] [M]: 0x8002DF2C (0xAAA58593) addi a1, a1, 2730
x11 <- 0xAAAAAAAA


mem[X,0x8002DF30] -> 0x0613
mem[X,0x8002DF32] -> 0x0000
[4344] [M]: 0x8002DF30 (0x00000613) addi a2, zero, 0
x12 <- 0x00000000


mem[X,0x8002DF34] -> 0x006F
mem[X,0x8002DF36] -> 0x00C0
[4345] [M]: 0x8002DF34 (0x00C0006F) jal zero, 12


mem[X,0x8002DF40] -> 0x5063
mem[X,0x8002DF42] -> 0x20B5
[4346] [M]: 0x8002DF40 (0x20B55063) bge a0, a1, 512


mem[X,0x8002E140] -> 0x0613
mem[X,0x8002E142] -> 0x0036
[4347] [M]: 0x8002E140 (0x00360613) addi a2, a2, 3
x12 <- 0x00000003


mem[X,0x8002E144] -> 0x006F
mem[X,0x8002E146] -> 0x0040
[4348] [M]: 0x8002E144 (0x0040006F) jal zero, 4


mem[X,0x8002E148] -> 0x2223
mem[X,0x8002E14A] -> 0x6EC2
[4349] [M]: 0x8002E148 (0x6EC22223) sw a2, 1764(tp)
mem[0x8003A94C] <- 0x00000003


mem[X,0x8002E14C] -> 0x0513
mem[X,0x8002E14E] -> 0x0040
[4350] [M]: 0x8002E14C (0x00400513) addi a0, zero, 4
x10 <- 0x00000004


mem[X,0x8002E150] -> 0x0593
mem[X,0x8002E152] -> 0x0050
[4351] [M]: 0x8002E150 (0x00500593) addi a1, zero, 5
x11 <- 0x00000005


mem[X,0x8002E154] -> 0x0613
mem[X,0x8002E156] -> 0x0000
[4352] [M]: 0x8002E154 (0x00000613) addi a2, zero, 0
x12 <- 0x00000000


mem[X,0x8002E158] -> 0x006F
mem[X,0x8002E15A] -> 0x00C0
[4353] [M]: 0x8002E158 (0x00C0006F) jal zero, 12


mem[X,0x8002E164] -> 0x5663
mem[X,0x8002E166] -> 0x00B5
[4354] [M]: 0x8002E164 (0x00B55663) bge a0, a1, 12


mem[X,0x8002E168] -> 0x0613
mem[X,0x8002E16A] -> 0x0026
[4355] [M]: 0x8002E168 (0x00260613) addi a2, a2, 2
x12 <- 0x00000002


mem[X,0x8002E16C] -> 0x006F
mem[X,0x8002E16E] -> 0x00C0
[4356] [M]: 0x8002E16C (0x00C0006F) jal zero, 12


mem[X,0x8002E178] -> 0x2423
mem[X,0x8002E17A] -> 0x6EC2
[4357] [M]: 0x8002E178 (0x6EC22423) sw a2, 1768(tp)
mem[0x8003A950] <- 0x00000002


mem[X,0x8002E17C] -> 0x0513
mem[X,0x8002E17E] -> 0x0040
[4358] [M]: 0x8002E17C (0x00400513) addi a0, zero, 4
x10 <- 0x00000004


mem[X,0x8002E180] -> 0x35B7
mem[X,0x8002E182] -> 0x3333
[4359] [M]: 0x8002E180 (0x333335B7) lui a1, 209715
x11 <- 0x33333000


mem[X,0x8002E184] -> 0x8593
mem[X,0x8002E186] -> 0x3335
[4360] [M]: 0x8002E184 (0x33358593) addi a1, a1, 819
x11 <- 0x33333333


mem[X,0x8002E188] -> 0x0613
mem[X,0x8002E18A] -> 0x0000
[4361] [M]: 0x8002E188 (0x00000613) addi a2, zero, 0
x12 <- 0x00000000


mem[X,0x8002E18C] -> 0x006F
mem[X,0x8002E18E] -> 0x00C0
[4362] [M]: 0x8002E18C (0x00C0006F) jal zero, 12


mem[X,0x8002E198] -> 0x5663
mem[X,0x8002E19A] -> 0x00B5
[4363] [M]: 0x8002E198 (0x00B55663) bge a0, a1, 12


mem[X,0x8002E19C] -> 0x0613
mem[X,0x8002E19E] -> 0x0026
[4364] [M]: 0x8002E19C (0x00260613) addi a2, a2, 2
x12 <- 0x00000002


mem[X,0x8002E1A0] -> 0x006F
mem[X,0x8002E1A2] -> 0x00C0
[4365] [M]: 0x8002E1A0 (0x00C0006F) jal zero, 12


mem[X,0x8002E1AC] -> 0x2623
mem[X,0x8002E1AE] -> 0x6EC2
[4366] [M]: 0x8002E1AC (0x6EC22623) sw a2, 1772(tp)
mem[0x8003A954] <- 0x00000002


mem[X,0x8002E1B0] -> 0x0513
mem[X,0x8002E1B2] -> 0x0040
[4367] [M]: 0x8002E1B0 (0x00400513) addi a0, zero, 4
x10 <- 0x00000004


mem[X,0x8002E1B4] -> 0x65B7
mem[X,0x8002E1B6] -> 0x6666
[4368] [M]: 0x8002E1B4 (0x666665B7) lui a1, 419430
x11 <- 0x66666000


mem[X,0x8002E1B8] -> 0x8593
mem[X,0x8002E1BA] -> 0x6665
[4369] [M]: 0x8002E1B8 (0x66658593) addi a1, a1, 1638
x11 <- 0x66666666


mem[X,0x8002E1BC] -> 0x0613
mem[X,0x8002E1BE] -> 0x0000
[4370] [M]: 0x8002E1BC (0x00000613) addi a2, zero, 0
x12 <- 0x00000000


mem[X,0x8002E1C0] -> 0x006F
mem[X,0x8002E1C2] -> 0x0050
[4371] [M]: 0x8002E1C0 (0x0050006F) jal zero, 2052


mem[X,0x8002E9C4] -> 0x50E3
mem[X,0x8002E9C6] -> 0x80B5
[4372] [M]: 0x8002E9C4 (0x80B550E3) bge a0, a1, 6144


mem[X,0x8002E9C8] -> 0x0613
mem[X,0x8002E9CA] -> 0x0026
[4373] [M]: 0x8002E9C8 (0x00260613) addi a2, a2, 2
x12 <- 0x00000002


mem[X,0x8002E9CC] -> 0x006F
mem[X,0x8002E9CE] -> 0x00C0
[4374] [M]: 0x8002E9CC (0x00C0006F) jal zero, 12


mem[X,0x8002E9D8] -> 0x2823
mem[X,0x8002E9DA] -> 0x6EC2
[4375] [M]: 0x8002E9D8 (0x6EC22823) sw a2, 1776(tp)
mem[0x8003A958] <- 0x00000002


mem[X,0x8002E9DC] -> 0x0513
mem[X,0x8002E9DE] -> 0x0040
[4376] [M]: 0x8002E9DC (0x00400513) addi a0, zero, 4
x10 <- 0x00000004


mem[X,0x8002E9E0] -> 0x55B7
mem[X,0x8002E9E2] -> 0xFFFF
[4377] [M]: 0x8002E9E0 (0xFFFF55B7) lui a1, 1048565
x11 <- 0xFFFF5000


mem[X,0x8002E9E4] -> 0x8593
mem[X,0x8002E9E6] -> 0xAFC5
[4378] [M]: 0x8002E9E4 (0xAFC58593) addi a1, a1, 2812
x11 <- 0xFFFF4AFC


mem[X,0x8002E9E8] -> 0x0613
mem[X,0x8002E9EA] -> 0x0000
[4379] [M]: 0x8002E9E8 (0x00000613) addi a2, zero, 0
x12 <- 0x00000000


mem[X,0x8002E9EC] -> 0x006F
mem[X,0x8002E9EE] -> 0x00C0
[4380] [M]: 0x8002E9EC (0x00C0006F) jal zero, 12


mem[X,0x8002E9F8] -> 0x5CE3
mem[X,0x8002E9FA] -> 0xFEB5
[4381] [M]: 0x8002E9F8 (0xFEB55CE3) bge a0, a1, 8184


mem[X,0x8002E9F0] -> 0x0613
mem[X,0x8002E9F2] -> 0x0016
[4382] [M]: 0x8002E9F0 (0x00160613) addi a2, a2, 1
x12 <- 0x00000001


mem[X,0x8002E9F4] -> 0x006F
mem[X,0x8002E9F6] -> 0x0180
[4383] [M]: 0x8002E9F4 (0x0180006F) jal zero, 24


mem[X,0x8002EA0C] -> 0x2A23
mem[X,0x8002EA0E] -> 0x6EC2
[4384] [M]: 0x8002EA0C (0x6EC22A23) sw a2, 1780(tp)
mem[0x8003A95C] <- 0x00000001


mem[X,0x8002EA10] -> 0x0513
mem[X,0x8002EA12] -> 0x0040
[4385] [M]: 0x8002EA10 (0x00400513) addi a0, zero, 4
x10 <- 0x00000004


mem[X,0x8002EA14] -> 0xB5B7
mem[X,0x8002EA16] -> 0x0000
[4386] [M]: 0x8002EA14 (0x0000B5B7) lui a1, 11
x11 <- 0x0000B000


mem[X,0x8002EA18] -> 0x8593
mem[X,0x8002EA1A] -> 0x5045
[4387] [M]: 0x8002EA18 (0x50458593) addi a1, a1, 1284
x11 <- 0x0000B504


mem[X,0x8002EA1C] -> 0x0613
mem[X,0x8002EA1E] -> 0x0000
[4388] [M]: 0x8002EA1C (0x00000613) addi a2, zero, 0
x12 <- 0x00000000


mem[X,0x8002EA20] -> 0x006F
mem[X,0x8002EA22] -> 0x0140
[4389] [M]: 0x8002EA20 (0x0140006F) jal zero, 20


mem[X,0x8002EA34] -> 0x58E3
mem[X,0x8002EA36] -> 0xFEB5
[4390] [M]: 0x8002EA34 (0xFEB558E3) bge a0, a1, 8176


mem[X,0x8002EA38] -> 0x0613
mem[X,0x8002EA3A] -> 0x0026
[4391] [M]: 0x8002EA38 (0x00260613) addi a2, a2, 2
x12 <- 0x00000002


mem[X,0x8002EA3C] -> 0x006F
mem[X,0x8002EA3E] -> 0x00C0
[4392] [M]: 0x8002EA3C (0x00C0006F) jal zero, 12


mem[X,0x8002EA48] -> 0x2C23
mem[X,0x8002EA4A] -> 0x6EC2
[4393] [M]: 0x8002EA48 (0x6EC22C23) sw a2, 1784(tp)
mem[0x8003A960] <- 0x00000002


mem[X,0x8002EA4C] -> 0x0513
mem[X,0x8002EA4E] -> 0x0040
[4394] [M]: 0x8002EA4C (0x00400513) addi a0, zero, 4
x10 <- 0x00000004


mem[X,0x8002EA50] -> 0x0593
mem[X,0x8002EA52] -> 0x0020
[4395] [M]: 0x8002EA50 (0x00200593) addi a1, zero, 2
x11 <- 0x00000002


mem[X,0x8002EA54] -> 0x0613
mem[X,0x8002EA56] -> 0x0000
[4396] [M]: 0x8002EA54 (0x00000613) addi a2, zero, 0
x12 <- 0x00000000


mem[X,0x8002EA58] -> 0x006F
mem[X,0x8002EA5A] -> 0x00C0
[4397] [M]: 0x8002EA58 (0x00C0006F) jal zero, 12


mem[X,0x8002EA64] -> 0x5063
mem[X,0x8002EA66] -> 0x10B5
[4398] [M]: 0x8002EA64 (0x10B55063) bge a0, a1, 256


mem[X,0x8002EB64] -> 0x0613
mem[X,0x8002EB66] -> 0x0036
[4399] [M]: 0x8002EB64 (0x00360613) addi a2, a2, 3
x12 <- 0x00000003


clint::tick mtime <- 0x000000000000002C
 clint timer pending at mtime 0x000000000000002C
htif::tick 0x0000000000000000
mem[X,0x8002EB68] -> 0x006F
mem[X,0x8002EB6A] -> 0x0040
[4400] [M]: 0x8002EB68 (0x0040006F) jal zero, 4


mem[X,0x8002EB6C] -> 0x2E23
mem[X,0x8002EB6E] -> 0x6EC2
[4401] [M]: 0x8002EB6C (0x6EC22E23) sw a2, 1788(tp)
mem[0x8003A964] <- 0x00000003


mem[X,0x8002EB70] -> 0x0513
mem[X,0x8002EB72] -> 0x0040
[4402] [M]: 0x8002EB70 (0x00400513) addi a0, zero, 4
x10 <- 0x00000004


mem[X,0x8002EB74] -> 0x55B7
mem[X,0x8002EB76] -> 0x5555
[4403] [M]: 0x8002EB74 (0x555555B7) lui a1, 349525
x11 <- 0x55555000


mem[X,0x8002EB78] -> 0x8593
mem[X,0x8002EB7A] -> 0x5545
[4404] [M]: 0x8002EB78 (0x55458593) addi a1, a1, 1364
x11 <- 0x55555554


mem[X,0x8002EB7C] -> 0x0613
mem[X,0x8002EB7E] -> 0x0000
[4405] [M]: 0x8002EB7C (0x00000613) addi a2, zero, 0
x12 <- 0x00000000


mem[X,0x8002EB80] -> 0x006F
mem[X,0x8002EB82] -> 0x00C0
[4406] [M]: 0x8002EB80 (0x00C0006F) jal zero, 12


mem[X,0x8002EB8C] -> 0x5CE3
mem[X,0x8002EB8E] -> 0xFEB5
[4407] [M]: 0x8002EB8C (0xFEB55CE3) bge a0, a1, 8184


mem[X,0x8002EB90] -> 0x0613
mem[X,0x8002EB92] -> 0x0026
[4408] [M]: 0x8002EB90 (0x00260613) addi a2, a2, 2
x12 <- 0x00000002


mem[X,0x8002EB94] -> 0x006F
mem[X,0x8002EB96] -> 0x00C0
[4409] [M]: 0x8002EB94 (0x00C0006F) jal zero, 12


mem[X,0x8002EBA0] -> 0x2023
mem[X,0x8002EBA2] -> 0x70C2
[4410] [M]: 0x8002EBA0 (0x70C22023) sw a2, 1792(tp)
mem[0x8003A968] <- 0x00000002


mem[X,0x8002EBA4] -> 0x0513
mem[X,0x8002EBA6] -> 0x0040
[4411] [M]: 0x8002EBA4 (0x00400513) addi a0, zero, 4
x10 <- 0x00000004


mem[X,0x8002EBA8] -> 0x0593
mem[X,0x8002EBAA] -> 0x0000
[4412] [M]: 0x8002EBA8 (0x00000593) addi a1, zero, 0
x11 <- 0x00000000


mem[X,0x8002EBAC] -> 0x0613
mem[X,0x8002EBAE] -> 0x0000
[4413] [M]: 0x8002EBAC (0x00000613) addi a2, zero, 0
x12 <- 0x00000000


mem[X,0x8002EBB0] -> 0x006F
mem[X,0x8002EBB2] -> 0x2B10
[4414] [M]: 0x8002EBB0 (0x2B10006F) jal zero, 2736


mem[X,0x8002F660] -> 0x5A63
mem[X,0x8002F662] -> 0xD4B5
[4415] [M]: 0x8002F660 (0xD4B55A63) bge a0, a1, 5460


mem[X,0x8002EBB4] -> 0x0613
mem[X,0x8002EBB6] -> 0x0016
[4416] [M]: 0x8002EBB4 (0x00160613) addi a2, a2, 1
x12 <- 0x00000001


mem[X,0x8002EBB8] -> 0x006F
mem[X,0x8002EBBA] -> 0x2BD0
[4417] [M]: 0x8002EBB8 (0x2BD0006F) jal zero, 2748


mem[X,0x8002F674] -> 0x2223
mem[X,0x8002F676] -> 0x70C2
[4418] [M]: 0x8002F674 (0x70C22223) sw a2, 1796(tp)
mem[0x8003A96C] <- 0x00000001


mem[X,0x8002F678] -> 0x0513
mem[X,0x8002F67A] -> 0x0040
[4419] [M]: 0x8002F678 (0x00400513) addi a0, zero, 4
x10 <- 0x00000004


mem[X,0x8002F67C] -> 0x0593
mem[X,0x8002F67E] -> 0x0040
[4420] [M]: 0x8002F67C (0x00400593) addi a1, zero, 4
x11 <- 0x00000004


mem[X,0x8002F680] -> 0x0613
mem[X,0x8002F682] -> 0x0000
[4421] [M]: 0x8002F680 (0x00000613) addi a2, zero, 0
x12 <- 0x00000000


mem[X,0x8002F684] -> 0x006F
mem[X,0x8002F686] -> 0x00C0
[4422] [M]: 0x8002F684 (0x00C0006F) jal zero, 12


mem[X,0x8002F690] -> 0x5663
mem[X,0x8002F692] -> 0x00B5
[4423] [M]: 0x8002F690 (0x00B55663) bge a0, a1, 12


mem[X,0x8002F69C] -> 0x0613
mem[X,0x8002F69E] -> 0x0036
[4424] [M]: 0x8002F69C (0x00360613) addi a2, a2, 3
x12 <- 0x00000003


mem[X,0x8002F6A0] -> 0x006F
mem[X,0x8002F6A2] -> 0x0040
[4425] [M]: 0x8002F6A0 (0x0040006F) jal zero, 4


mem[X,0x8002F6A4] -> 0x2423
mem[X,0x8002F6A6] -> 0x70C2
[4426] [M]: 0x8002F6A4 (0x70C22423) sw a2, 1800(tp)
mem[0x8003A970] <- 0x00000003


mem[X,0x8002F6A8] -> 0x0513
mem[X,0x8002F6AA] -> 0x0040
[4427] [M]: 0x8002F6A8 (0x00400513) addi a0, zero, 4
x10 <- 0x00000004


mem[X,0x8002F6AC] -> 0x35B7
mem[X,0x8002F6AE] -> 0x3333
[4428] [M]: 0x8002F6AC (0x333335B7) lui a1, 209715
x11 <- 0x33333000


mem[X,0x8002F6B0] -> 0x8593
mem[X,0x8002F6B2] -> 0x3325
[4429] [M]: 0x8002F6B0 (0x33258593) addi a1, a1, 818
x11 <- 0x33333332


mem[X,0x8002F6B4] -> 0x0613
mem[X,0x8002F6B6] -> 0x0000
[4430] [M]: 0x8002F6B4 (0x00000613) addi a2, zero, 0
x12 <- 0x00000000


mem[X,0x8002F6B8] -> 0x006F
mem[X,0x8002F6BA] -> 0x00C0
[4431] [M]: 0x8002F6B8 (0x00C0006F) jal zero, 12


mem[X,0x8002F6C4] -> 0x5063
mem[X,0x8002F6C6] -> 0x08B5
[4432] [M]: 0x8002F6C4 (0x08B55063) bge a0, a1, 128


mem[X,0x8002F6C8] -> 0x0613
mem[X,0x8002F6CA] -> 0x0026
[4433] [M]: 0x8002F6C8 (0x00260613) addi a2, a2, 2
x12 <- 0x00000002


mem[X,0x8002F6CC] -> 0x006F
mem[X,0x8002F6CE] -> 0x0800
[4434] [M]: 0x8002F6CC (0x0800006F) jal zero, 128


mem[X,0x8002F74C] -> 0x2623
mem[X,0x8002F74E] -> 0x70C2
[4435] [M]: 0x8002F74C (0x70C22623) sw a2, 1804(tp)
mem[0x8003A974] <- 0x00000002


mem[X,0x8002F750] -> 0x0513
mem[X,0x8002F752] -> 0x0040
[4436] [M]: 0x8002F750 (0x00400513) addi a0, zero, 4
x10 <- 0x00000004


mem[X,0x8002F754] -> 0x65B7
mem[X,0x8002F756] -> 0x6666
[4437] [M]: 0x8002F754 (0x666665B7) lui a1, 419430
x11 <- 0x66666000


mem[X,0x8002F758] -> 0x8593
mem[X,0x8002F75A] -> 0x6655
[4438] [M]: 0x8002F758 (0x66558593) addi a1, a1, 1637
x11 <- 0x66666665


mem[X,0x8002F75C] -> 0x0613
mem[X,0x8002F75E] -> 0x0000
[4439] [M]: 0x8002F75C (0x00000613) addi a2, zero, 0
x12 <- 0x00000000


mem[X,0x8002F760] -> 0x006F
mem[X,0x8002F762] -> 0x0100
[4440] [M]: 0x8002F760 (0x0100006F) jal zero, 16


mem[X,0x8002F770] -> 0x5AE3
mem[X,0x8002F772] -> 0xFEB5
[4441] [M]: 0x8002F770 (0xFEB55AE3) bge a0, a1, 8180


mem[X,0x8002F774] -> 0x0613
mem[X,0x8002F776] -> 0x0026
[4442] [M]: 0x8002F774 (0x00260613) addi a2, a2, 2
x12 <- 0x00000002


mem[X,0x8002F778] -> 0x006F
mem[X,0x8002F77A] -> 0x00C0
[4443] [M]: 0x8002F778 (0x00C0006F) jal zero, 12


mem[X,0x8002F784] -> 0x2823
mem[X,0x8002F786] -> 0x70C2
[4444] [M]: 0x8002F784 (0x70C22823) sw a2, 1808(tp)
mem[0x8003A978] <- 0x00000002


mem[X,0x8002F788] -> 0x0513
mem[X,0x8002F78A] -> 0x0040
[4445] [M]: 0x8002F788 (0x00400513) addi a0, zero, 4
x10 <- 0x00000004


mem[X,0x8002F78C] -> 0xB5B7
mem[X,0x8002F78E] -> 0x0000
[4446] [M]: 0x8002F78C (0x0000B5B7) lui a1, 11
x11 <- 0x0000B000


mem[X,0x8002F790] -> 0x8593
mem[X,0x8002F792] -> 0x5035
[4447] [M]: 0x8002F790 (0x50358593) addi a1, a1, 1283
x11 <- 0x0000B503


mem[X,0x8002F794] -> 0x0613
mem[X,0x8002F796] -> 0x0000
[4448] [M]: 0x8002F794 (0x00000613) addi a2, zero, 0
x12 <- 0x00000000


mem[X,0x8002F798] -> 0x006F
mem[X,0x8002F79A] -> 0x00C0
[4449] [M]: 0x8002F798 (0x00C0006F) jal zero, 12


mem[X,0x8002F7A4] -> 0x5863
mem[X,0x8002F7A6] -> 0x00B5
[4450] [M]: 0x8002F7A4 (0x00B55863) bge a0, a1, 16


mem[X,0x8002F7A8] -> 0x0613
mem[X,0x8002F7AA] -> 0x0026
[4451] [M]: 0x8002F7A8 (0x00260613) addi a2, a2, 2
x12 <- 0x00000002


mem[X,0x8002F7AC] -> 0x006F
mem[X,0x8002F7AE] -> 0x0100
[4452] [M]: 0x8002F7AC (0x0100006F) jal zero, 16


mem[X,0x8002F7BC] -> 0x2A23
mem[X,0x8002F7BE] -> 0x70C2
[4453] [M]: 0x8002F7BC (0x70C22A23) sw a2, 1812(tp)
mem[0x8003A97C] <- 0x00000002


mem[X,0x8002F7C0] -> 0x0513
mem[X,0x8002F7C2] -> 0x0040
[4454] [M]: 0x8002F7C0 (0x00400513) addi a0, zero, 4
x10 <- 0x00000004


mem[X,0x8002F7C4] -> 0x55B7
mem[X,0x8002F7C6] -> 0x5555
[4455] [M]: 0x8002F7C4 (0x555555B7) lui a1, 349525
x11 <- 0x55555000


mem[X,0x8002F7C8] -> 0x8593
mem[X,0x8002F7CA] -> 0x5565
[4456] [M]: 0x8002F7C8 (0x55658593) addi a1, a1, 1366
x11 <- 0x55555556


mem[X,0x8002F7CC] -> 0x0613
mem[X,0x8002F7CE] -> 0x0000
[4457] [M]: 0x8002F7CC (0x00000613) addi a2, zero, 0
x12 <- 0x00000000


mem[X,0x8002F7D0] -> 0x006F
mem[X,0x8002F7D2] -> 0x00C0
[4458] [M]: 0x8002F7D0 (0x00C0006F) jal zero, 12


mem[X,0x8002F7DC] -> 0x5063
mem[X,0x8002F7DE] -> 0x08B5
[4459] [M]: 0x8002F7DC (0x08B55063) bge a0, a1, 128


mem[X,0x8002F7E0] -> 0x0613
mem[X,0x8002F7E2] -> 0x0026
[4460] [M]: 0x8002F7E0 (0x00260613) addi a2, a2, 2
x12 <- 0x00000002


mem[X,0x8002F7E4] -> 0x006F
mem[X,0x8002F7E6] -> 0x0800
[4461] [M]: 0x8002F7E4 (0x0800006F) jal zero, 128


mem[X,0x8002F864] -> 0x2C23
mem[X,0x8002F866] -> 0x70C2
[4462] [M]: 0x8002F864 (0x70C22C23) sw a2, 1816(tp)
mem[0x8003A980] <- 0x00000002


mem[X,0x8002F868] -> 0x0513
mem[X,0x8002F86A] -> 0x0040
[4463] [M]: 0x8002F868 (0x00400513) addi a0, zero, 4
x10 <- 0x00000004


mem[X,0x8002F86C] -> 0xB5B7
mem[X,0x8002F86E] -> 0xAAAA
[4464] [M]: 0x8002F86C (0xAAAAB5B7) lui a1, 699051
x11 <- 0xAAAAB000


mem[X,0x8002F870] -> 0x8593
mem[X,0x8002F872] -> 0xAAB5
[4465] [M]: 0x8002F870 (0xAAB58593) addi a1, a1, 2731
x11 <- 0xAAAAAAAB


mem[X,0x8002F874] -> 0x0613
mem[X,0x8002F876] -> 0x0000
[4466] [M]: 0x8002F874 (0x00000613) addi a2, zero, 0
x12 <- 0x00000000


mem[X,0x8002F878] -> 0x006F
mem[X,0x8002F87A] -> 0x00C0
[4467] [M]: 0x8002F878 (0x00C0006F) jal zero, 12


mem[X,0x8002F884] -> 0x5663
mem[X,0x8002F886] -> 0x00B5
[4468] [M]: 0x8002F884 (0x00B55663) bge a0, a1, 12


mem[X,0x8002F890] -> 0x0613
mem[X,0x8002F892] -> 0x0036
[4469] [M]: 0x8002F890 (0x00360613) addi a2, a2, 3
x12 <- 0x00000003


mem[X,0x8002F894] -> 0x006F
mem[X,0x8002F896] -> 0x0040
[4470] [M]: 0x8002F894 (0x0040006F) jal zero, 4


mem[X,0x8002F898] -> 0x2E23
mem[X,0x8002F89A] -> 0x70C2
[4471] [M]: 0x8002F898 (0x70C22E23) sw a2, 1820(tp)
mem[0x8003A984] <- 0x00000003


mem[X,0x8002F89C] -> 0x0513
mem[X,0x8002F89E] -> 0x0040
[4472] [M]: 0x8002F89C (0x00400513) addi a0, zero, 4
x10 <- 0x00000004


mem[X,0x8002F8A0] -> 0x0593
mem[X,0x8002F8A2] -> 0x0060
[4473] [M]: 0x8002F8A0 (0x00600593) addi a1, zero, 6
x11 <- 0x00000006


mem[X,0x8002F8A4] -> 0x0613
mem[X,0x8002F8A6] -> 0x0000
[4474] [M]: 0x8002F8A4 (0x00000613) addi a2, zero, 0
x12 <- 0x00000000


mem[X,0x8002F8A8] -> 0x006F
mem[X,0x8002F8AA] -> 0x0140
[4475] [M]: 0x8002F8A8 (0x0140006F) jal zero, 20


mem[X,0x8002F8BC] -> 0x58E3
mem[X,0x8002F8BE] -> 0xFEB5
[4476] [M]: 0x8002F8BC (0xFEB558E3) bge a0, a1, 8176


mem[X,0x8002F8C0] -> 0x0613
mem[X,0x8002F8C2] -> 0x0026
[4477] [M]: 0x8002F8C0 (0x00260613) addi a2, a2, 2
x12 <- 0x00000002


mem[X,0x8002F8C4] -> 0x006F
mem[X,0x8002F8C6] -> 0x00C0
[4478] [M]: 0x8002F8C4 (0x00C0006F) jal zero, 12


mem[X,0x8002F8D0] -> 0x2023
mem[X,0x8002F8D2] -> 0x72C2
[4479] [M]: 0x8002F8D0 (0x72C22023) sw a2, 1824(tp)
mem[0x8003A988] <- 0x00000002


mem[X,0x8002F8D4] -> 0x0513
mem[X,0x8002F8D6] -> 0x0040
[4480] [M]: 0x8002F8D4 (0x00400513) addi a0, zero, 4
x10 <- 0x00000004


mem[X,0x8002F8D8] -> 0x35B7
mem[X,0x8002F8DA] -> 0x3333
[4481] [M]: 0x8002F8D8 (0x333335B7) lui a1, 209715
x11 <- 0x33333000


mem[X,0x8002F8DC] -> 0x8593
mem[X,0x8002F8DE] -> 0x3345
[4482] [M]: 0x8002F8DC (0x33458593) addi a1, a1, 820
x11 <- 0x33333334


mem[X,0x8002F8E0] -> 0x0613
mem[X,0x8002F8E2] -> 0x0000
[4483] [M]: 0x8002F8E0 (0x00000613) addi a2, zero, 0
x12 <- 0x00000000


mem[X,0x8002F8E4] -> 0x006F
mem[X,0x8002F8E6] -> 0x00C0
[4484] [M]: 0x8002F8E4 (0x00C0006F) jal zero, 12


mem[X,0x8002F8F0] -> 0x5063
mem[X,0x8002F8F2] -> 0x40B5
[4485] [M]: 0x8002F8F0 (0x40B55063) bge a0, a1, 1024


mem[X,0x8002F8F4] -> 0x0613
mem[X,0x8002F8F6] -> 0x0026
[4486] [M]: 0x8002F8F4 (0x00260613) addi a2, a2, 2
x12 <- 0x00000002


mem[X,0x8002F8F8] -> 0x006F
mem[X,0x8002F8FA] -> 0x4000
[4487] [M]: 0x8002F8F8 (0x4000006F) jal zero, 1024


mem[X,0x8002FCF8] -> 0x2223
mem[X,0x8002FCFA] -> 0x72C2
[4488] [M]: 0x8002FCF8 (0x72C22223) sw a2, 1828(tp)
mem[0x8003A98C] <- 0x00000002


mem[X,0x8002FCFC] -> 0x0513
mem[X,0x8002FCFE] -> 0x0040
[4489] [M]: 0x8002FCFC (0x00400513) addi a0, zero, 4
x10 <- 0x00000004


mem[X,0x8002FD00] -> 0x65B7
mem[X,0x8002FD02] -> 0x6666
[4490] [M]: 0x8002FD00 (0x666665B7) lui a1, 419430
x11 <- 0x66666000


mem[X,0x8002FD04] -> 0x8593
mem[X,0x8002FD06] -> 0x6675
[4491] [M]: 0x8002FD04 (0x66758593) addi a1, a1, 1639
x11 <- 0x66666667


mem[X,0x8002FD08] -> 0x0613
mem[X,0x8002FD0A] -> 0x0000
[4492] [M]: 0x8002FD08 (0x00000613) addi a2, zero, 0
x12 <- 0x00000000


mem[X,0x8002FD0C] -> 0x006F
mem[X,0x8002FD0E] -> 0x00C0
[4493] [M]: 0x8002FD0C (0x00C0006F) jal zero, 12


mem[X,0x8002FD18] -> 0x5063
mem[X,0x8002FD1A] -> 0x40B5
[4494] [M]: 0x8002FD18 (0x40B55063) bge a0, a1, 1024


mem[X,0x8002FD1C] -> 0x0613
mem[X,0x8002FD1E] -> 0x0026
[4495] [M]: 0x8002FD1C (0x00260613) addi a2, a2, 2
x12 <- 0x00000002


mem[X,0x8002FD20] -> 0x006F
mem[X,0x8002FD22] -> 0x4000
[4496] [M]: 0x8002FD20 (0x4000006F) jal zero, 1024


mem[X,0x80030120] -> 0x2423
mem[X,0x80030122] -> 0x72C2
[4497] [M]: 0x80030120 (0x72C22423) sw a2, 1832(tp)
mem[0x8003A990] <- 0x00000002


mem[X,0x80030124] -> 0x0513
mem[X,0x80030126] -> 0x0040
[4498] [M]: 0x80030124 (0x00400513) addi a0, zero, 4
x10 <- 0x00000004


mem[X,0x80030128] -> 0x55B7
mem[X,0x8003012A] -> 0xFFFF
[4499] [M]: 0x80030128 (0xFFFF55B7) lui a1, 1048565
x11 <- 0xFFFF5000


clint::tick mtime <- 0x000000000000002D
 clint timer pending at mtime 0x000000000000002D
htif::tick 0x0000000000000000
mem[X,0x8003012C] -> 0x8593
mem[X,0x8003012E] -> 0xAFD5
[4500] [M]: 0x8003012C (0xAFD58593) addi a1, a1, 2813
x11 <- 0xFFFF4AFD


mem[X,0x80030130] -> 0x0613
mem[X,0x80030132] -> 0x0000
[4501] [M]: 0x80030130 (0x00000613) addi a2, zero, 0
x12 <- 0x00000000


mem[X,0x80030134] -> 0x006F
mem[X,0x80030136] -> 0x0140
[4502] [M]: 0x80030134 (0x0140006F) jal zero, 20


mem[X,0x80030148] -> 0x58E3
mem[X,0x8003014A] -> 0xFEB5
[4503] [M]: 0x80030148 (0xFEB558E3) bge a0, a1, 8176


mem[X,0x80030138] -> 0x0613
mem[X,0x8003013A] -> 0x0016
[4504] [M]: 0x80030138 (0x00160613) addi a2, a2, 1
x12 <- 0x00000001


mem[X,0x8003013C] -> 0x006F
mem[X,0x8003013E] -> 0x0200
[4505] [M]: 0x8003013C (0x0200006F) jal zero, 32


mem[X,0x8003015C] -> 0x2623
mem[X,0x8003015E] -> 0x72C2
[4506] [M]: 0x8003015C (0x72C22623) sw a2, 1836(tp)
mem[0x8003A994] <- 0x00000001


mem[X,0x80030160] -> 0x0513
mem[X,0x80030162] -> 0x0040
[4507] [M]: 0x80030160 (0x00400513) addi a0, zero, 4
x10 <- 0x00000004


mem[X,0x80030164] -> 0xB5B7
mem[X,0x80030166] -> 0x0000
[4508] [M]: 0x80030164 (0x0000B5B7) lui a1, 11
x11 <- 0x0000B000


mem[X,0x80030168] -> 0x8593
mem[X,0x8003016A] -> 0x5055
[4509] [M]: 0x80030168 (0x50558593) addi a1, a1, 1285
x11 <- 0x0000B505


mem[X,0x8003016C] -> 0x0613
mem[X,0x8003016E] -> 0x0000
[4510] [M]: 0x8003016C (0x00000613) addi a2, zero, 0
x12 <- 0x00000000


mem[X,0x80030170] -> 0x006F
mem[X,0x80030172] -> 0x00C0
[4511] [M]: 0x80030170 (0x00C0006F) jal zero, 12


mem[X,0x8003017C] -> 0x5063
mem[X,0x8003017E] -> 0x02B5
[4512] [M]: 0x8003017C (0x02B55063) bge a0, a1, 32


mem[X,0x80030180] -> 0x0613
mem[X,0x80030182] -> 0x0026
[4513] [M]: 0x80030180 (0x00260613) addi a2, a2, 2
x12 <- 0x00000002


mem[X,0x80030184] -> 0x006F
mem[X,0x80030186] -> 0x0200
[4514] [M]: 0x80030184 (0x0200006F) jal zero, 32


mem[X,0x800301A4] -> 0x2823
mem[X,0x800301A6] -> 0x72C2
[4515] [M]: 0x800301A4 (0x72C22823) sw a2, 1840(tp)
mem[0x8003A998] <- 0x00000002


mem[X,0x800301A8] -> 0x3537
mem[X,0x800301AA] -> 0x3333
[4516] [M]: 0x800301A8 (0x33333537) lui a0, 209715
x10 <- 0x33333000


mem[X,0x800301AC] -> 0x0513
mem[X,0x800301AE] -> 0x3325
[4517] [M]: 0x800301AC (0x33250513) addi a0, a0, 818
x10 <- 0x33333332


mem[X,0x800301B0] -> 0x0593
mem[X,0x800301B2] -> 0x0030
[4518] [M]: 0x800301B0 (0x00300593) addi a1, zero, 3
x11 <- 0x00000003


mem[X,0x800301B4] -> 0x0613
mem[X,0x800301B6] -> 0x0000
[4519] [M]: 0x800301B4 (0x00000613) addi a2, zero, 0
x12 <- 0x00000000


mem[X,0x800301B8] -> 0x006F
mem[X,0x800301BA] -> 0x00C0
[4520] [M]: 0x800301B8 (0x00C0006F) jal zero, 12


mem[X,0x800301C4] -> 0x5663
mem[X,0x800301C6] -> 0x00B5
[4521] [M]: 0x800301C4 (0x00B55663) bge a0, a1, 12


mem[X,0x800301D0] -> 0x0613
mem[X,0x800301D2] -> 0x0036
[4522] [M]: 0x800301D0 (0x00360613) addi a2, a2, 3
x12 <- 0x00000003


mem[X,0x800301D4] -> 0x006F
mem[X,0x800301D6] -> 0x0040
[4523] [M]: 0x800301D4 (0x0040006F) jal zero, 4


mem[X,0x800301D8] -> 0x2A23
mem[X,0x800301DA] -> 0x72C2
[4524] [M]: 0x800301D8 (0x72C22A23) sw a2, 1844(tp)
mem[0x8003A99C] <- 0x00000003


mem[X,0x800301DC] -> 0x3537
mem[X,0x800301DE] -> 0x3333
[4525] [M]: 0x800301DC (0x33333537) lui a0, 209715
x10 <- 0x33333000


mem[X,0x800301E0] -> 0x0513
mem[X,0x800301E2] -> 0x3325
[4526] [M]: 0x800301E0 (0x33250513) addi a0, a0, 818
x10 <- 0x33333332


mem[X,0x800301E4] -> 0x55B7
mem[X,0x800301E6] -> 0x5555
[4527] [M]: 0x800301E4 (0x555555B7) lui a1, 349525
x11 <- 0x55555000


mem[X,0x800301E8] -> 0x8593
mem[X,0x800301EA] -> 0x5555
[4528] [M]: 0x800301E8 (0x55558593) addi a1, a1, 1365
x11 <- 0x55555555


mem[X,0x800301EC] -> 0x0613
mem[X,0x800301EE] -> 0x0000
[4529] [M]: 0x800301EC (0x00000613) addi a2, zero, 0
x12 <- 0x00000000


mem[X,0x800301F0] -> 0x006F
mem[X,0x800301F2] -> 0x0140
[4530] [M]: 0x800301F0 (0x0140006F) jal zero, 20


mem[X,0x80030204] -> 0x58E3
mem[X,0x80030206] -> 0xFEB5
[4531] [M]: 0x80030204 (0xFEB558E3) bge a0, a1, 8176


mem[X,0x80030208] -> 0x0613
mem[X,0x8003020A] -> 0x0026
[4532] [M]: 0x80030208 (0x00260613) addi a2, a2, 2
x12 <- 0x00000002


mem[X,0x8003020C] -> 0x006F
mem[X,0x8003020E] -> 0x00C0
[4533] [M]: 0x8003020C (0x00C0006F) jal zero, 12


mem[X,0x80030218] -> 0x2C23
mem[X,0x8003021A] -> 0x72C2
[4534] [M]: 0x80030218 (0x72C22C23) sw a2, 1848(tp)
mem[0x8003A9A0] <- 0x00000002


mem[X,0x8003021C] -> 0x3537
mem[X,0x8003021E] -> 0x3333
[4535] [M]: 0x8003021C (0x33333537) lui a0, 209715
x10 <- 0x33333000


mem[X,0x80030220] -> 0x0513
mem[X,0x80030222] -> 0x3325
[4536] [M]: 0x80030220 (0x33250513) addi a0, a0, 818
x10 <- 0x33333332


mem[X,0x80030224] -> 0xB5B7
mem[X,0x80030226] -> 0xAAAA
[4537] [M]: 0x80030224 (0xAAAAB5B7) lui a1, 699051
x11 <- 0xAAAAB000


mem[X,0x80030228] -> 0x8593
mem[X,0x8003022A] -> 0xAAA5
[4538] [M]: 0x80030228 (0xAAA58593) addi a1, a1, 2730
x11 <- 0xAAAAAAAA


mem[X,0x8003022C] -> 0x0613
mem[X,0x8003022E] -> 0x0000
[4539] [M]: 0x8003022C (0x00000613) addi a2, zero, 0
x12 <- 0x00000000


mem[X,0x80030230] -> 0x006F
mem[X,0x80030232] -> 0x0180
[4540] [M]: 0x80030230 (0x0180006F) jal zero, 24


mem[X,0x80030248] -> 0x56E3
mem[X,0x8003024A] -> 0xFEB5
[4541] [M]: 0x80030248 (0xFEB556E3) bge a0, a1, 8172


mem[X,0x80030234] -> 0x0613
mem[X,0x80030236] -> 0x0016
[4542] [M]: 0x80030234 (0x00160613) addi a2, a2, 1
x12 <- 0x00000001


mem[X,0x80030238] -> 0x006F
mem[X,0x8003023A] -> 0x0240
[4543] [M]: 0x80030238 (0x0240006F) jal zero, 36


mem[X,0x8003025C] -> 0x2E23
mem[X,0x8003025E] -> 0x72C2
[4544] [M]: 0x8003025C (0x72C22E23) sw a2, 1852(tp)
mem[0x8003A9A4] <- 0x00000001


mem[X,0x80030260] -> 0x3537
mem[X,0x80030262] -> 0x3333
[4545] [M]: 0x80030260 (0x33333537) lui a0, 209715
x10 <- 0x33333000


mem[X,0x80030264] -> 0x0513
mem[X,0x80030266] -> 0x3325
[4546] [M]: 0x80030264 (0x33250513) addi a0, a0, 818
x10 <- 0x33333332


mem[X,0x80030268] -> 0x0593
mem[X,0x8003026A] -> 0x0050
[4547] [M]: 0x80030268 (0x00500593) addi a1, zero, 5
x11 <- 0x00000005


mem[X,0x8003026C] -> 0x0613
mem[X,0x8003026E] -> 0x0000
[4548] [M]: 0x8003026C (0x00000613) addi a2, zero, 0
x12 <- 0x00000000


mem[X,0x80030270] -> 0x006F
mem[X,0x80030272] -> 0x00C0
[4549] [M]: 0x80030270 (0x00C0006F) jal zero, 12


mem[X,0x8003027C] -> 0x5CE3
mem[X,0x8003027E] -> 0xFEB5
[4550] [M]: 0x8003027C (0xFEB55CE3) bge a0, a1, 8184


mem[X,0x80030274] -> 0x0613
mem[X,0x80030276] -> 0x0016
[4551] [M]: 0x80030274 (0x00160613) addi a2, a2, 1
x12 <- 0x00000001


mem[X,0x80030278] -> 0x006F
mem[X,0x8003027A] -> 0x0180
[4552] [M]: 0x80030278 (0x0180006F) jal zero, 24


mem[X,0x80030290] -> 0x2023
mem[X,0x80030292] -> 0x74C2
[4553] [M]: 0x80030290 (0x74C22023) sw a2, 1856(tp)
mem[0x8003A9A8] <- 0x00000001


mem[X,0x80030294] -> 0x3537
mem[X,0x80030296] -> 0x3333
[4554] [M]: 0x80030294 (0x33333537) lui a0, 209715
x10 <- 0x33333000


mem[X,0x80030298] -> 0x0513
mem[X,0x8003029A] -> 0x3325
[4555] [M]: 0x80030298 (0x33250513) addi a0, a0, 818
x10 <- 0x33333332


mem[X,0x8003029C] -> 0x35B7
mem[X,0x8003029E] -> 0x3333
[4556] [M]: 0x8003029C (0x333335B7) lui a1, 209715
x11 <- 0x33333000


mem[X,0x800302A0] -> 0x8593
mem[X,0x800302A2] -> 0x3335
[4557] [M]: 0x800302A0 (0x33358593) addi a1, a1, 819
x11 <- 0x33333333


mem[X,0x800302A4] -> 0x0613
mem[X,0x800302A6] -> 0x0000
[4558] [M]: 0x800302A4 (0x00000613) addi a2, zero, 0
x12 <- 0x00000000


mem[X,0x800302A8] -> 0x006F
mem[X,0x800302AA] -> 0x0100
[4559] [M]: 0x800302A8 (0x0100006F) jal zero, 16


mem[X,0x800302B8] -> 0x5AE3
mem[X,0x800302BA] -> 0xFEB5
[4560] [M]: 0x800302B8 (0xFEB55AE3) bge a0, a1, 8180


mem[X,0x800302BC] -> 0x0613
mem[X,0x800302BE] -> 0x0026
[4561] [M]: 0x800302BC (0x00260613) addi a2, a2, 2
x12 <- 0x00000002


mem[X,0x800302C0] -> 0x006F
mem[X,0x800302C2] -> 0x00C0
[4562] [M]: 0x800302C0 (0x00C0006F) jal zero, 12


mem[X,0x800302CC] -> 0x2223
mem[X,0x800302CE] -> 0x74C2
[4563] [M]: 0x800302CC (0x74C22223) sw a2, 1860(tp)
mem[0x8003A9AC] <- 0x00000002


mem[X,0x800302D0] -> 0x3537
mem[X,0x800302D2] -> 0x3333
[4564] [M]: 0x800302D0 (0x33333537) lui a0, 209715
x10 <- 0x33333000


mem[X,0x800302D4] -> 0x0513
mem[X,0x800302D6] -> 0x3325
[4565] [M]: 0x800302D4 (0x33250513) addi a0, a0, 818
x10 <- 0x33333332


mem[X,0x800302D8] -> 0x65B7
mem[X,0x800302DA] -> 0x6666
[4566] [M]: 0x800302D8 (0x666665B7) lui a1, 419430
x11 <- 0x66666000


mem[X,0x800302DC] -> 0x8593
mem[X,0x800302DE] -> 0x6665
[4567] [M]: 0x800302DC (0x66658593) addi a1, a1, 1638
x11 <- 0x66666666


mem[X,0x800302E0] -> 0x0613
mem[X,0x800302E2] -> 0x0000
[4568] [M]: 0x800302E0 (0x00000613) addi a2, zero, 0
x12 <- 0x00000000


mem[X,0x800302E4] -> 0x006F
mem[X,0x800302E6] -> 0x0050
[4569] [M]: 0x800302E4 (0x0050006F) jal zero, 2052


mem[X,0x80030AE8] -> 0x50E3
mem[X,0x80030AEA] -> 0x80B5
[4570] [M]: 0x80030AE8 (0x80B550E3) bge a0, a1, 6144


mem[X,0x80030AEC] -> 0x0613
mem[X,0x80030AEE] -> 0x0026
[4571] [M]: 0x80030AEC (0x00260613) addi a2, a2, 2
x12 <- 0x00000002


mem[X,0x80030AF0] -> 0x006F
mem[X,0x80030AF2] -> 0x00C0
[4572] [M]: 0x80030AF0 (0x00C0006F) jal zero, 12


mem[X,0x80030AFC] -> 0x2423
mem[X,0x80030AFE] -> 0x74C2
[4573] [M]: 0x80030AFC (0x74C22423) sw a2, 1864(tp)
mem[0x8003A9B0] <- 0x00000002


mem[X,0x80030B00] -> 0x3537
mem[X,0x80030B02] -> 0x3333
[4574] [M]: 0x80030B00 (0x33333537) lui a0, 209715
x10 <- 0x33333000


mem[X,0x80030B04] -> 0x0513
mem[X,0x80030B06] -> 0x3325
[4575] [M]: 0x80030B04 (0x33250513) addi a0, a0, 818
x10 <- 0x33333332


mem[X,0x80030B08] -> 0x55B7
mem[X,0x80030B0A] -> 0xFFFF
[4576] [M]: 0x80030B08 (0xFFFF55B7) lui a1, 1048565
x11 <- 0xFFFF5000


mem[X,0x80030B0C] -> 0x8593
mem[X,0x80030B0E] -> 0xAFC5
[4577] [M]: 0x80030B0C (0xAFC58593) addi a1, a1, 2812
x11 <- 0xFFFF4AFC


mem[X,0x80030B10] -> 0x0613
mem[X,0x80030B12] -> 0x0000
[4578] [M]: 0x80030B10 (0x00000613) addi a2, zero, 0
x12 <- 0x00000000


mem[X,0x80030B14] -> 0x006F
mem[X,0x80030B16] -> 0x0180
[4579] [M]: 0x80030B14 (0x0180006F) jal zero, 24


mem[X,0x80030B2C] -> 0x56E3
mem[X,0x80030B2E] -> 0xFEB5
[4580] [M]: 0x80030B2C (0xFEB556E3) bge a0, a1, 8172


mem[X,0x80030B18] -> 0x0613
mem[X,0x80030B1A] -> 0x0016
[4581] [M]: 0x80030B18 (0x00160613) addi a2, a2, 1
x12 <- 0x00000001


mem[X,0x80030B1C] -> 0x006F
mem[X,0x80030B1E] -> 0x0240
[4582] [M]: 0x80030B1C (0x0240006F) jal zero, 36


mem[X,0x80030B40] -> 0x2623
mem[X,0x80030B42] -> 0x74C2
[4583] [M]: 0x80030B40 (0x74C22623) sw a2, 1868(tp)
mem[0x8003A9B4] <- 0x00000001


mem[X,0x80030B44] -> 0x3537
mem[X,0x80030B46] -> 0x3333
[4584] [M]: 0x80030B44 (0x33333537) lui a0, 209715
x10 <- 0x33333000


mem[X,0x80030B48] -> 0x0513
mem[X,0x80030B4A] -> 0x3325
[4585] [M]: 0x80030B48 (0x33250513) addi a0, a0, 818
x10 <- 0x33333332


mem[X,0x80030B4C] -> 0xB5B7
mem[X,0x80030B4E] -> 0x0000
[4586] [M]: 0x80030B4C (0x0000B5B7) lui a1, 11
x11 <- 0x0000B000


mem[X,0x80030B50] -> 0x8593
mem[X,0x80030B52] -> 0x5045
[4587] [M]: 0x80030B50 (0x50458593) addi a1, a1, 1284
x11 <- 0x0000B504


mem[X,0x80030B54] -> 0x0613
mem[X,0x80030B56] -> 0x0000
[4588] [M]: 0x80030B54 (0x00000613) addi a2, zero, 0
x12 <- 0x00000000


mem[X,0x80030B58] -> 0x006F
mem[X,0x80030B5A] -> 0x0140
[4589] [M]: 0x80030B58 (0x0140006F) jal zero, 20


mem[X,0x80030B6C] -> 0x58E3
mem[X,0x80030B6E] -> 0xFEB5
[4590] [M]: 0x80030B6C (0xFEB558E3) bge a0, a1, 8176


mem[X,0x80030B5C] -> 0x0613
mem[X,0x80030B5E] -> 0x0016
[4591] [M]: 0x80030B5C (0x00160613) addi a2, a2, 1
x12 <- 0x00000001


mem[X,0x80030B60] -> 0x006F
mem[X,0x80030B62] -> 0x0200
[4592] [M]: 0x80030B60 (0x0200006F) jal zero, 32


mem[X,0x80030B80] -> 0x2823
mem[X,0x80030B82] -> 0x74C2
[4593] [M]: 0x80030B80 (0x74C22823) sw a2, 1872(tp)
mem[0x8003A9B8] <- 0x00000001


mem[X,0x80030B84] -> 0x3537
mem[X,0x80030B86] -> 0x3333
[4594] [M]: 0x80030B84 (0x33333537) lui a0, 209715
x10 <- 0x33333000


mem[X,0x80030B88] -> 0x0513
mem[X,0x80030B8A] -> 0x3325
[4595] [M]: 0x80030B88 (0x33250513) addi a0, a0, 818
x10 <- 0x33333332


mem[X,0x80030B8C] -> 0x0593
mem[X,0x80030B8E] -> 0x0020
[4596] [M]: 0x80030B8C (0x00200593) addi a1, zero, 2
x11 <- 0x00000002


mem[X,0x80030B90] -> 0x0613
mem[X,0x80030B92] -> 0x0000
[4597] [M]: 0x80030B90 (0x00000613) addi a2, zero, 0
x12 <- 0x00000000


mem[X,0x80030B94] -> 0x006F
mem[X,0x80030B96] -> 0x00C0
[4598] [M]: 0x80030B94 (0x00C0006F) jal zero, 12


mem[X,0x80030BA0] -> 0x5663
mem[X,0x80030BA2] -> 0x00B5
[4599] [M]: 0x80030BA0 (0x00B55663) bge a0, a1, 12


clint::tick mtime <- 0x000000000000002E
 clint timer pending at mtime 0x000000000000002E
htif::tick 0x0000000000000000
mem[X,0x80030BAC] -> 0x0613
mem[X,0x80030BAE] -> 0x0036
[4600] [M]: 0x80030BAC (0x00360613) addi a2, a2, 3
x12 <- 0x00000003


mem[X,0x80030BB0] -> 0x006F
mem[X,0x80030BB2] -> 0x0040
[4601] [M]: 0x80030BB0 (0x0040006F) jal zero, 4


mem[X,0x80030BB4] -> 0x2A23
mem[X,0x80030BB6] -> 0x74C2
[4602] [M]: 0x80030BB4 (0x74C22A23) sw a2, 1876(tp)
mem[0x8003A9BC] <- 0x00000003


mem[X,0x80030BB8] -> 0x3537
mem[X,0x80030BBA] -> 0x3333
[4603] [M]: 0x80030BB8 (0x33333537) lui a0, 209715
x10 <- 0x33333000


mem[X,0x80030BBC] -> 0x0513
mem[X,0x80030BBE] -> 0x3325
[4604] [M]: 0x80030BBC (0x33250513) addi a0, a0, 818
x10 <- 0x33333332


mem[X,0x80030BC0] -> 0x55B7
mem[X,0x80030BC2] -> 0x5555
[4605] [M]: 0x80030BC0 (0x555555B7) lui a1, 349525
x11 <- 0x55555000


mem[X,0x80030BC4] -> 0x8593
mem[X,0x80030BC6] -> 0x5545
[4606] [M]: 0x80030BC4 (0x55458593) addi a1, a1, 1364
x11 <- 0x55555554


mem[X,0x80030BC8] -> 0x0613
mem[X,0x80030BCA] -> 0x0000
[4607] [M]: 0x80030BC8 (0x00000613) addi a2, zero, 0
x12 <- 0x00000000


mem[X,0x80030BCC] -> 0x006F
mem[X,0x80030BCE] -> 0x00C0
[4608] [M]: 0x80030BCC (0x00C0006F) jal zero, 12


mem[X,0x80030BD8] -> 0x5063
mem[X,0x80030BDA] -> 0x08B5
[4609] [M]: 0x80030BD8 (0x08B55063) bge a0, a1, 128


mem[X,0x80030BDC] -> 0x0613
mem[X,0x80030BDE] -> 0x0026
[4610] [M]: 0x80030BDC (0x00260613) addi a2, a2, 2
x12 <- 0x00000002


mem[X,0x80030BE0] -> 0x006F
mem[X,0x80030BE2] -> 0x0800
[4611] [M]: 0x80030BE0 (0x0800006F) jal zero, 128


mem[X,0x80030C60] -> 0x2C23
mem[X,0x80030C62] -> 0x74C2
[4612] [M]: 0x80030C60 (0x74C22C23) sw a2, 1880(tp)
mem[0x8003A9C0] <- 0x00000002


mem[X,0x80030C64] -> 0x3537
mem[X,0x80030C66] -> 0x3333
[4613] [M]: 0x80030C64 (0x33333537) lui a0, 209715
x10 <- 0x33333000


mem[X,0x80030C68] -> 0x0513
mem[X,0x80030C6A] -> 0x3325
[4614] [M]: 0x80030C68 (0x33250513) addi a0, a0, 818
x10 <- 0x33333332


mem[X,0x80030C6C] -> 0x0593
mem[X,0x80030C6E] -> 0x0000
[4615] [M]: 0x80030C6C (0x00000593) addi a1, zero, 0
x11 <- 0x00000000


mem[X,0x80030C70] -> 0x0613
mem[X,0x80030C72] -> 0x0000
[4616] [M]: 0x80030C70 (0x00000613) addi a2, zero, 0
x12 <- 0x00000000


mem[X,0x80030C74] -> 0x006F
mem[X,0x80030C76] -> 0x0180
[4617] [M]: 0x80030C74 (0x0180006F) jal zero, 24


mem[X,0x80030C8C] -> 0x56E3
mem[X,0x80030C8E] -> 0xFEB5
[4618] [M]: 0x80030C8C (0xFEB556E3) bge a0, a1, 8172


mem[X,0x80030C78] -> 0x0613
mem[X,0x80030C7A] -> 0x0016
[4619] [M]: 0x80030C78 (0x00160613) addi a2, a2, 1
x12 <- 0x00000001


mem[X,0x80030C7C] -> 0x006F
mem[X,0x80030C7E] -> 0x0240
[4620] [M]: 0x80030C7C (0x0240006F) jal zero, 36


mem[X,0x80030CA0] -> 0x2E23
mem[X,0x80030CA2] -> 0x74C2
[4621] [M]: 0x80030CA0 (0x74C22E23) sw a2, 1884(tp)
mem[0x8003A9C4] <- 0x00000001


mem[X,0x80030CA4] -> 0x3537
mem[X,0x80030CA6] -> 0x3333
[4622] [M]: 0x80030CA4 (0x33333537) lui a0, 209715
x10 <- 0x33333000


mem[X,0x80030CA8] -> 0x0513
mem[X,0x80030CAA] -> 0x3325
[4623] [M]: 0x80030CA8 (0x33250513) addi a0, a0, 818
x10 <- 0x33333332


mem[X,0x80030CAC] -> 0x0593
mem[X,0x80030CAE] -> 0x0040
[4624] [M]: 0x80030CAC (0x00400593) addi a1, zero, 4
x11 <- 0x00000004


mem[X,0x80030CB0] -> 0x0613
mem[X,0x80030CB2] -> 0x0000
[4625] [M]: 0x80030CB0 (0x00000613) addi a2, zero, 0
x12 <- 0x00000000


mem[X,0x80030CB4] -> 0x006F
mem[X,0x80030CB6] -> 0x00C0
[4626] [M]: 0x80030CB4 (0x00C0006F) jal zero, 12


mem[X,0x80030CC0] -> 0x5063
mem[X,0x80030CC2] -> 0x40B5
[4627] [M]: 0x80030CC0 (0x40B55063) bge a0, a1, 1024


mem[X,0x800310C0] -> 0x0613
mem[X,0x800310C2] -> 0x0036
[4628] [M]: 0x800310C0 (0x00360613) addi a2, a2, 3
x12 <- 0x00000003


mem[X,0x800310C4] -> 0x006F
mem[X,0x800310C6] -> 0x0040
[4629] [M]: 0x800310C4 (0x0040006F) jal zero, 4


mem[X,0x800310C8] -> 0x2023
mem[X,0x800310CA] -> 0x76C2
[4630] [M]: 0x800310C8 (0x76C22023) sw a2, 1888(tp)
mem[0x8003A9C8] <- 0x00000003


mem[X,0x800310CC] -> 0x3537
mem[X,0x800310CE] -> 0x3333
[4631] [M]: 0x800310CC (0x33333537) lui a0, 209715
x10 <- 0x33333000


mem[X,0x800310D0] -> 0x0513
mem[X,0x800310D2] -> 0x3325
[4632] [M]: 0x800310D0 (0x33250513) addi a0, a0, 818
x10 <- 0x33333332


mem[X,0x800310D4] -> 0x35B7
mem[X,0x800310D6] -> 0x3333
[4633] [M]: 0x800310D4 (0x333335B7) lui a1, 209715
x11 <- 0x33333000


mem[X,0x800310D8] -> 0x8593
mem[X,0x800310DA] -> 0x3325
[4634] [M]: 0x800310D8 (0x33258593) addi a1, a1, 818
x11 <- 0x33333332


mem[X,0x800310DC] -> 0x0613
mem[X,0x800310DE] -> 0x0000
[4635] [M]: 0x800310DC (0x00000613) addi a2, zero, 0
x12 <- 0x00000000


mem[X,0x800310E0] -> 0x006F
mem[X,0x800310E2] -> 0x00C0
[4636] [M]: 0x800310E0 (0x00C0006F) jal zero, 12


mem[X,0x800310EC] -> 0x5663
mem[X,0x800310EE] -> 0x00B5
[4637] [M]: 0x800310EC (0x00B55663) bge a0, a1, 12


mem[X,0x800310F8] -> 0x0613
mem[X,0x800310FA] -> 0x0036
[4638] [M]: 0x800310F8 (0x00360613) addi a2, a2, 3
x12 <- 0x00000003


mem[X,0x800310FC] -> 0x006F
mem[X,0x800310FE] -> 0x0040
[4639] [M]: 0x800310FC (0x0040006F) jal zero, 4


mem[X,0x80031100] -> 0x2223
mem[X,0x80031102] -> 0x76C2
[4640] [M]: 0x80031100 (0x76C22223) sw a2, 1892(tp)
mem[0x8003A9CC] <- 0x00000003


mem[X,0x80031104] -> 0x3537
mem[X,0x80031106] -> 0x3333
[4641] [M]: 0x80031104 (0x33333537) lui a0, 209715
x10 <- 0x33333000


mem[X,0x80031108] -> 0x0513
mem[X,0x8003110A] -> 0x3325
[4642] [M]: 0x80031108 (0x33250513) addi a0, a0, 818
x10 <- 0x33333332


mem[X,0x8003110C] -> 0x65B7
mem[X,0x8003110E] -> 0x6666
[4643] [M]: 0x8003110C (0x666665B7) lui a1, 419430
x11 <- 0x66666000


mem[X,0x80031110] -> 0x8593
mem[X,0x80031112] -> 0x6655
[4644] [M]: 0x80031110 (0x66558593) addi a1, a1, 1637
x11 <- 0x66666665


mem[X,0x80031114] -> 0x0613
mem[X,0x80031116] -> 0x0000
[4645] [M]: 0x80031114 (0x00000613) addi a2, zero, 0
x12 <- 0x00000000


mem[X,0x80031118] -> 0x006F
mem[X,0x8003111A] -> 0x00C0
[4646] [M]: 0x80031118 (0x00C0006F) jal zero, 12


mem[X,0x80031124] -> 0x5663
mem[X,0x80031126] -> 0x00B5
[4647] [M]: 0x80031124 (0x00B55663) bge a0, a1, 12


mem[X,0x80031128] -> 0x0613
mem[X,0x8003112A] -> 0x0026
[4648] [M]: 0x80031128 (0x00260613) addi a2, a2, 2
x12 <- 0x00000002


mem[X,0x8003112C] -> 0x006F
mem[X,0x8003112E] -> 0x00C0
[4649] [M]: 0x8003112C (0x00C0006F) jal zero, 12


mem[X,0x80031138] -> 0x2423
mem[X,0x8003113A] -> 0x76C2
[4650] [M]: 0x80031138 (0x76C22423) sw a2, 1896(tp)
mem[0x8003A9D0] <- 0x00000002


mem[X,0x8003113C] -> 0x3537
mem[X,0x8003113E] -> 0x3333
[4651] [M]: 0x8003113C (0x33333537) lui a0, 209715
x10 <- 0x33333000


mem[X,0x80031140] -> 0x0513
mem[X,0x80031142] -> 0x3325
[4652] [M]: 0x80031140 (0x33250513) addi a0, a0, 818
x10 <- 0x33333332


mem[X,0x80031144] -> 0xB5B7
mem[X,0x80031146] -> 0x0000
[4653] [M]: 0x80031144 (0x0000B5B7) lui a1, 11
x11 <- 0x0000B000


mem[X,0x80031148] -> 0x8593
mem[X,0x8003114A] -> 0x5035
[4654] [M]: 0x80031148 (0x50358593) addi a1, a1, 1283
x11 <- 0x0000B503


mem[X,0x8003114C] -> 0x0613
mem[X,0x8003114E] -> 0x0000
[4655] [M]: 0x8003114C (0x00000613) addi a2, zero, 0
x12 <- 0x00000000


mem[X,0x80031150] -> 0x006F
mem[X,0x80031152] -> 0x00C0
[4656] [M]: 0x80031150 (0x00C0006F) jal zero, 12


mem[X,0x8003115C] -> 0x5CE3
mem[X,0x8003115E] -> 0xFEB5
[4657] [M]: 0x8003115C (0xFEB55CE3) bge a0, a1, 8184


mem[X,0x80031154] -> 0x0613
mem[X,0x80031156] -> 0x0016
[4658] [M]: 0x80031154 (0x00160613) addi a2, a2, 1
x12 <- 0x00000001


mem[X,0x80031158] -> 0x006F
mem[X,0x8003115A] -> 0x0180
[4659] [M]: 0x80031158 (0x0180006F) jal zero, 24


mem[X,0x80031170] -> 0x2623
mem[X,0x80031172] -> 0x76C2
[4660] [M]: 0x80031170 (0x76C22623) sw a2, 1900(tp)
mem[0x8003A9D4] <- 0x00000001


mem[X,0x80031174] -> 0x3537
mem[X,0x80031176] -> 0x3333
[4661] [M]: 0x80031174 (0x33333537) lui a0, 209715
x10 <- 0x33333000


mem[X,0x80031178] -> 0x0513
mem[X,0x8003117A] -> 0x3325
[4662] [M]: 0x80031178 (0x33250513) addi a0, a0, 818
x10 <- 0x33333332


mem[X,0x8003117C] -> 0x55B7
mem[X,0x8003117E] -> 0x5555
[4663] [M]: 0x8003117C (0x555555B7) lui a1, 349525
x11 <- 0x55555000


mem[X,0x80031180] -> 0x8593
mem[X,0x80031182] -> 0x5565
[4664] [M]: 0x80031180 (0x55658593) addi a1, a1, 1366
x11 <- 0x55555556


mem[X,0x80031184] -> 0x0613
mem[X,0x80031186] -> 0x0000
[4665] [M]: 0x80031184 (0x00000613) addi a2, zero, 0
x12 <- 0x00000000


mem[X,0x80031188] -> 0x006F
mem[X,0x8003118A] -> 0x00C0
[4666] [M]: 0x80031188 (0x00C0006F) jal zero, 12


mem[X,0x80031194] -> 0x5063
mem[X,0x80031196] -> 0x40B5
[4667] [M]: 0x80031194 (0x40B55063) bge a0, a1, 1024


mem[X,0x80031198] -> 0x0613
mem[X,0x8003119A] -> 0x0026
[4668] [M]: 0x80031198 (0x00260613) addi a2, a2, 2
x12 <- 0x00000002


mem[X,0x8003119C] -> 0x006F
mem[X,0x8003119E] -> 0x4000
[4669] [M]: 0x8003119C (0x4000006F) jal zero, 1024


mem[X,0x8003159C] -> 0x2823
mem[X,0x8003159E] -> 0x76C2
[4670] [M]: 0x8003159C (0x76C22823) sw a2, 1904(tp)
mem[0x8003A9D8] <- 0x00000002


mem[X,0x800315A0] -> 0x3537
mem[X,0x800315A2] -> 0x3333
[4671] [M]: 0x800315A0 (0x33333537) lui a0, 209715
x10 <- 0x33333000


mem[X,0x800315A4] -> 0x0513
mem[X,0x800315A6] -> 0x3325
[4672] [M]: 0x800315A4 (0x33250513) addi a0, a0, 818
x10 <- 0x33333332


mem[X,0x800315A8] -> 0xB5B7
mem[X,0x800315AA] -> 0xAAAA
[4673] [M]: 0x800315A8 (0xAAAAB5B7) lui a1, 699051
x11 <- 0xAAAAB000


mem[X,0x800315AC] -> 0x8593
mem[X,0x800315AE] -> 0xAAB5
[4674] [M]: 0x800315AC (0xAAB58593) addi a1, a1, 2731
x11 <- 0xAAAAAAAB


mem[X,0x800315B0] -> 0x0613
mem[X,0x800315B2] -> 0x0000
[4675] [M]: 0x800315B0 (0x00000613) addi a2, zero, 0
x12 <- 0x00000000


mem[X,0x800315B4] -> 0x006F
mem[X,0x800315B6] -> 0x0180
[4676] [M]: 0x800315B4 (0x0180006F) jal zero, 24


mem[X,0x800315CC] -> 0x56E3
mem[X,0x800315CE] -> 0xFEB5
[4677] [M]: 0x800315CC (0xFEB556E3) bge a0, a1, 8172


mem[X,0x800315B8] -> 0x0613
mem[X,0x800315BA] -> 0x0016
[4678] [M]: 0x800315B8 (0x00160613) addi a2, a2, 1
x12 <- 0x00000001


mem[X,0x800315BC] -> 0x006F
mem[X,0x800315BE] -> 0x0240
[4679] [M]: 0x800315BC (0x0240006F) jal zero, 36


mem[X,0x800315E0] -> 0x2A23
mem[X,0x800315E2] -> 0x76C2
[4680] [M]: 0x800315E0 (0x76C22A23) sw a2, 1908(tp)
mem[0x8003A9DC] <- 0x00000001


mem[X,0x800315E4] -> 0x3537
mem[X,0x800315E6] -> 0x3333
[4681] [M]: 0x800315E4 (0x33333537) lui a0, 209715
x10 <- 0x33333000


mem[X,0x800315E8] -> 0x0513
mem[X,0x800315EA] -> 0x3325
[4682] [M]: 0x800315E8 (0x33250513) addi a0, a0, 818
x10 <- 0x33333332


mem[X,0x800315EC] -> 0x0593
mem[X,0x800315EE] -> 0x0060
[4683] [M]: 0x800315EC (0x00600593) addi a1, zero, 6
x11 <- 0x00000006


mem[X,0x800315F0] -> 0x0613
mem[X,0x800315F2] -> 0x0000
[4684] [M]: 0x800315F0 (0x00000613) addi a2, zero, 0
x12 <- 0x00000000


mem[X,0x800315F4] -> 0x006F
mem[X,0x800315F6] -> 0x00C0
[4685] [M]: 0x800315F4 (0x00C0006F) jal zero, 12


mem[X,0x80031600] -> 0x5663
mem[X,0x80031602] -> 0x00B5
[4686] [M]: 0x80031600 (0x00B55663) bge a0, a1, 12


mem[X,0x8003160C] -> 0x0613
mem[X,0x8003160E] -> 0x0036
[4687] [M]: 0x8003160C (0x00360613) addi a2, a2, 3
x12 <- 0x00000003


mem[X,0x80031610] -> 0x006F
mem[X,0x80031612] -> 0x0040
[4688] [M]: 0x80031610 (0x0040006F) jal zero, 4


mem[X,0x80031614] -> 0x2C23
mem[X,0x80031616] -> 0x76C2
[4689] [M]: 0x80031614 (0x76C22C23) sw a2, 1912(tp)
mem[0x8003A9E0] <- 0x00000003


mem[X,0x80031618] -> 0x3537
mem[X,0x8003161A] -> 0x3333
[4690] [M]: 0x80031618 (0x33333537) lui a0, 209715
x10 <- 0x33333000


mem[X,0x8003161C] -> 0x0513
mem[X,0x8003161E] -> 0x3325
[4691] [M]: 0x8003161C (0x33250513) addi a0, a0, 818
x10 <- 0x33333332


mem[X,0x80031620] -> 0x35B7
mem[X,0x80031622] -> 0x3333
[4692] [M]: 0x80031620 (0x333335B7) lui a1, 209715
x11 <- 0x33333000


mem[X,0x80031624] -> 0x8593
mem[X,0x80031626] -> 0x3345
[4693] [M]: 0x80031624 (0x33458593) addi a1, a1, 820
x11 <- 0x33333334


mem[X,0x80031628] -> 0x0613
mem[X,0x8003162A] -> 0x0000
[4694] [M]: 0x80031628 (0x00000613) addi a2, zero, 0
x12 <- 0x00000000


mem[X,0x8003162C] -> 0x006F
mem[X,0x8003162E] -> 0x0180
[4695] [M]: 0x8003162C (0x0180006F) jal zero, 24


mem[X,0x80031644] -> 0x56E3
mem[X,0x80031646] -> 0xFEB5
[4696] [M]: 0x80031644 (0xFEB556E3) bge a0, a1, 8172


mem[X,0x80031648] -> 0x0613
mem[X,0x8003164A] -> 0x0026
[4697] [M]: 0x80031648 (0x00260613) addi a2, a2, 2
x12 <- 0x00000002


mem[X,0x8003164C] -> 0x006F
mem[X,0x8003164E] -> 0x00C0
[4698] [M]: 0x8003164C (0x00C0006F) jal zero, 12


mem[X,0x80031658] -> 0x2E23
mem[X,0x8003165A] -> 0x76C2
[4699] [M]: 0x80031658 (0x76C22E23) sw a2, 1916(tp)
mem[0x8003A9E4] <- 0x00000002


clint::tick mtime <- 0x000000000000002F
 clint timer pending at mtime 0x000000000000002F
htif::tick 0x0000000000000000
mem[X,0x8003165C] -> 0x3537
mem[X,0x8003165E] -> 0x3333
[4700] [M]: 0x8003165C (0x33333537) lui a0, 209715
x10 <- 0x33333000


mem[X,0x80031660] -> 0x0513
mem[X,0x80031662] -> 0x3325
[4701] [M]: 0x80031660 (0x33250513) addi a0, a0, 818
x10 <- 0x33333332


mem[X,0x80031664] -> 0x65B7
mem[X,0x80031666] -> 0x6666
[4702] [M]: 0x80031664 (0x666665B7) lui a1, 419430
x11 <- 0x66666000


mem[X,0x80031668] -> 0x8593
mem[X,0x8003166A] -> 0x6675
[4703] [M]: 0x80031668 (0x66758593) addi a1, a1, 1639
x11 <- 0x66666667


mem[X,0x8003166C] -> 0x0613
mem[X,0x8003166E] -> 0x0000
[4704] [M]: 0x8003166C (0x00000613) addi a2, zero, 0
x12 <- 0x00000000


mem[X,0x80031670] -> 0x006F
mem[X,0x80031672] -> 0x00C0
[4705] [M]: 0x80031670 (0x00C0006F) jal zero, 12


mem[X,0x8003167C] -> 0x5CE3
mem[X,0x8003167E] -> 0xFEB5
[4706] [M]: 0x8003167C (0xFEB55CE3) bge a0, a1, 8184


mem[X,0x80031680] -> 0x0613
mem[X,0x80031682] -> 0x0026
[4707] [M]: 0x80031680 (0x00260613) addi a2, a2, 2
x12 <- 0x00000002


mem[X,0x80031684] -> 0x006F
mem[X,0x80031686] -> 0x00C0
[4708] [M]: 0x80031684 (0x00C0006F) jal zero, 12


mem[X,0x80031690] -> 0x2023
mem[X,0x80031692] -> 0x78C2
[4709] [M]: 0x80031690 (0x78C22023) sw a2, 1920(tp)
mem[0x8003A9E8] <- 0x00000002


mem[X,0x80031694] -> 0x3537
mem[X,0x80031696] -> 0x3333
[4710] [M]: 0x80031694 (0x33333537) lui a0, 209715
x10 <- 0x33333000


mem[X,0x80031698] -> 0x0513
mem[X,0x8003169A] -> 0x3325
[4711] [M]: 0x80031698 (0x33250513) addi a0, a0, 818
x10 <- 0x33333332


mem[X,0x8003169C] -> 0x55B7
mem[X,0x8003169E] -> 0xFFFF
[4712] [M]: 0x8003169C (0xFFFF55B7) lui a1, 1048565
x11 <- 0xFFFF5000


mem[X,0x800316A0] -> 0x8593
mem[X,0x800316A2] -> 0xAFD5
[4713] [M]: 0x800316A0 (0xAFD58593) addi a1, a1, 2813
x11 <- 0xFFFF4AFD


mem[X,0x800316A4] -> 0x0613
mem[X,0x800316A6] -> 0x0000
[4714] [M]: 0x800316A4 (0x00000613) addi a2, zero, 0
x12 <- 0x00000000


mem[X,0x800316A8] -> 0x006F
mem[X,0x800316AA] -> 0x00C0
[4715] [M]: 0x800316A8 (0x00C0006F) jal zero, 12


mem[X,0x800316B4] -> 0x5863
mem[X,0x800316B6] -> 0x00B5
[4716] [M]: 0x800316B4 (0x00B55863) bge a0, a1, 16


mem[X,0x800316C4] -> 0x0613
mem[X,0x800316C6] -> 0x0036
[4717] [M]: 0x800316C4 (0x00360613) addi a2, a2, 3
x12 <- 0x00000003


mem[X,0x800316C8] -> 0x006F
mem[X,0x800316CA] -> 0x0040
[4718] [M]: 0x800316C8 (0x0040006F) jal zero, 4


mem[X,0x800316CC] -> 0x2223
mem[X,0x800316CE] -> 0x78C2
[4719] [M]: 0x800316CC (0x78C22223) sw a2, 1924(tp)
mem[0x8003A9EC] <- 0x00000003


mem[X,0x800316D0] -> 0x3537
mem[X,0x800316D2] -> 0x3333
[4720] [M]: 0x800316D0 (0x33333537) lui a0, 209715
x10 <- 0x33333000


mem[X,0x800316D4] -> 0x0513
mem[X,0x800316D6] -> 0x3325
[4721] [M]: 0x800316D4 (0x33250513) addi a0, a0, 818
x10 <- 0x33333332


mem[X,0x800316D8] -> 0xB5B7
mem[X,0x800316DA] -> 0x0000
[4722] [M]: 0x800316D8 (0x0000B5B7) lui a1, 11
x11 <- 0x0000B000


mem[X,0x800316DC] -> 0x8593
mem[X,0x800316DE] -> 0x5055
[4723] [M]: 0x800316DC (0x50558593) addi a1, a1, 1285
x11 <- 0x0000B505


mem[X,0x800316E0] -> 0x0613
mem[X,0x800316E2] -> 0x0000
[4724] [M]: 0x800316E0 (0x00000613) addi a2, zero, 0
x12 <- 0x00000000


mem[X,0x800316E4] -> 0x006F
mem[X,0x800316E6] -> 0x00C0
[4725] [M]: 0x800316E4 (0x00C0006F) jal zero, 12


mem[X,0x800316F0] -> 0x5CE3
mem[X,0x800316F2] -> 0xFEB5
[4726] [M]: 0x800316F0 (0xFEB55CE3) bge a0, a1, 8184


mem[X,0x800316E8] -> 0x0613
mem[X,0x800316EA] -> 0x0016
[4727] [M]: 0x800316E8 (0x00160613) addi a2, a2, 1
x12 <- 0x00000001


mem[X,0x800316EC] -> 0x006F
mem[X,0x800316EE] -> 0x0180
[4728] [M]: 0x800316EC (0x0180006F) jal zero, 24


mem[X,0x80031704] -> 0x2423
mem[X,0x80031706] -> 0x78C2
[4729] [M]: 0x80031704 (0x78C22423) sw a2, 1928(tp)
mem[0x8003A9F0] <- 0x00000001


mem[X,0x80031708] -> 0x6537
mem[X,0x8003170A] -> 0x6666
[4730] [M]: 0x80031708 (0x66666537) lui a0, 419430
x10 <- 0x66666000


mem[X,0x8003170C] -> 0x0513
mem[X,0x8003170E] -> 0x6655
[4731] [M]: 0x8003170C (0x66550513) addi a0, a0, 1637
x10 <- 0x66666665


mem[X,0x80031710] -> 0x0593
mem[X,0x80031712] -> 0x0030
[4732] [M]: 0x80031710 (0x00300593) addi a1, zero, 3
x11 <- 0x00000003


mem[X,0x80031714] -> 0x0613
mem[X,0x80031716] -> 0x0000
[4733] [M]: 0x80031714 (0x00000613) addi a2, zero, 0
x12 <- 0x00000000


mem[X,0x80031718] -> 0x006F
mem[X,0x8003171A] -> 0x00C0
[4734] [M]: 0x80031718 (0x00C0006F) jal zero, 12


mem[X,0x80031724] -> 0x5663
mem[X,0x80031726] -> 0x00B5
[4735] [M]: 0x80031724 (0x00B55663) bge a0, a1, 12


mem[X,0x80031730] -> 0x0613
mem[X,0x80031732] -> 0x0036
[4736] [M]: 0x80031730 (0x00360613) addi a2, a2, 3
x12 <- 0x00000003


mem[X,0x80031734] -> 0x006F
mem[X,0x80031736] -> 0x0040
[4737] [M]: 0x80031734 (0x0040006F) jal zero, 4


mem[X,0x80031738] -> 0x2623
mem[X,0x8003173A] -> 0x78C2
[4738] [M]: 0x80031738 (0x78C22623) sw a2, 1932(tp)
mem[0x8003A9F4] <- 0x00000003


mem[X,0x8003173C] -> 0x6537
mem[X,0x8003173E] -> 0x6666
[4739] [M]: 0x8003173C (0x66666537) lui a0, 419430
x10 <- 0x66666000


mem[X,0x80031740] -> 0x0513
mem[X,0x80031742] -> 0x6655
[4740] [M]: 0x80031740 (0x66550513) addi a0, a0, 1637
x10 <- 0x66666665


mem[X,0x80031744] -> 0x55B7
mem[X,0x80031746] -> 0x5555
[4741] [M]: 0x80031744 (0x555555B7) lui a1, 349525
x11 <- 0x55555000


mem[X,0x80031748] -> 0x8593
mem[X,0x8003174A] -> 0x5555
[4742] [M]: 0x80031748 (0x55558593) addi a1, a1, 1365
x11 <- 0x55555555


mem[X,0x8003174C] -> 0x0613
mem[X,0x8003174E] -> 0x0000
[4743] [M]: 0x8003174C (0x00000613) addi a2, zero, 0
x12 <- 0x00000000


mem[X,0x80031750] -> 0x006F
mem[X,0x80031752] -> 0x00C0
[4744] [M]: 0x80031750 (0x00C0006F) jal zero, 12


mem[X,0x8003175C] -> 0x5663
mem[X,0x8003175E] -> 0x00B5
[4745] [M]: 0x8003175C (0x00B55663) bge a0, a1, 12


mem[X,0x80031768] -> 0x0613
mem[X,0x8003176A] -> 0x0036
[4746] [M]: 0x80031768 (0x00360613) addi a2, a2, 3
x12 <- 0x00000003


mem[X,0x8003176C] -> 0x006F
mem[X,0x8003176E] -> 0x0040
[4747] [M]: 0x8003176C (0x0040006F) jal zero, 4


mem[X,0x80031770] -> 0x2823
mem[X,0x80031772] -> 0x78C2
[4748] [M]: 0x80031770 (0x78C22823) sw a2, 1936(tp)
mem[0x8003A9F8] <- 0x00000003


mem[X,0x80031774] -> 0x6537
mem[X,0x80031776] -> 0x6666
[4749] [M]: 0x80031774 (0x66666537) lui a0, 419430
x10 <- 0x66666000


mem[X,0x80031778] -> 0x0513
mem[X,0x8003177A] -> 0x6655
[4750] [M]: 0x80031778 (0x66550513) addi a0, a0, 1637
x10 <- 0x66666665


mem[X,0x8003177C] -> 0xB5B7
mem[X,0x8003177E] -> 0xAAAA
[4751] [M]: 0x8003177C (0xAAAAB5B7) lui a1, 699051
x11 <- 0xAAAAB000


mem[X,0x80031780] -> 0x8593
mem[X,0x80031782] -> 0xAAA5
[4752] [M]: 0x80031780 (0xAAA58593) addi a1, a1, 2730
x11 <- 0xAAAAAAAA


mem[X,0x80031784] -> 0x0613
mem[X,0x80031786] -> 0x0000
[4753] [M]: 0x80031784 (0x00000613) addi a2, zero, 0
x12 <- 0x00000000


mem[X,0x80031788] -> 0x006F
mem[X,0x8003178A] -> 0x00C0
[4754] [M]: 0x80031788 (0x00C0006F) jal zero, 12


mem[X,0x80031794] -> 0x5063
mem[X,0x80031796] -> 0x20B5
[4755] [M]: 0x80031794 (0x20B55063) bge a0, a1, 512


mem[X,0x80031994] -> 0x0613
mem[X,0x80031996] -> 0x0036
[4756] [M]: 0x80031994 (0x00360613) addi a2, a2, 3
x12 <- 0x00000003


mem[X,0x80031998] -> 0x006F
mem[X,0x8003199A] -> 0x0040
[4757] [M]: 0x80031998 (0x0040006F) jal zero, 4


mem[X,0x8003199C] -> 0x2A23
mem[X,0x8003199E] -> 0x78C2
[4758] [M]: 0x8003199C (0x78C22A23) sw a2, 1940(tp)
mem[0x8003A9FC] <- 0x00000003


mem[X,0x800319A0] -> 0x6537
mem[X,0x800319A2] -> 0x6666
[4759] [M]: 0x800319A0 (0x66666537) lui a0, 419430
x10 <- 0x66666000


mem[X,0x800319A4] -> 0x0513
mem[X,0x800319A6] -> 0x6655
[4760] [M]: 0x800319A4 (0x66550513) addi a0, a0, 1637
x10 <- 0x66666665


mem[X,0x800319A8] -> 0x0593
mem[X,0x800319AA] -> 0x0050
[4761] [M]: 0x800319A8 (0x00500593) addi a1, zero, 5
x11 <- 0x00000005


mem[X,0x800319AC] -> 0x0613
mem[X,0x800319AE] -> 0x0000
[4762] [M]: 0x800319AC (0x00000613) addi a2, zero, 0
x12 <- 0x00000000


mem[X,0x800319B0] -> 0x006F
mem[X,0x800319B2] -> 0x0100
[4763] [M]: 0x800319B0 (0x0100006F) jal zero, 16


mem[X,0x800319C0] -> 0x5AE3
mem[X,0x800319C2] -> 0xFEB5
[4764] [M]: 0x800319C0 (0xFEB55AE3) bge a0, a1, 8180


mem[X,0x800319B4] -> 0x0613
mem[X,0x800319B6] -> 0x0016
[4765] [M]: 0x800319B4 (0x00160613) addi a2, a2, 1
x12 <- 0x00000001


mem[X,0x800319B8] -> 0x006F
mem[X,0x800319BA] -> 0x01C0
[4766] [M]: 0x800319B8 (0x01C0006F) jal zero, 28


mem[X,0x800319D4] -> 0x2C23
mem[X,0x800319D6] -> 0x78C2
[4767] [M]: 0x800319D4 (0x78C22C23) sw a2, 1944(tp)
mem[0x8003AA00] <- 0x00000001


mem[X,0x800319D8] -> 0x6537
mem[X,0x800319DA] -> 0x6666
[4768] [M]: 0x800319D8 (0x66666537) lui a0, 419430
x10 <- 0x66666000


mem[X,0x800319DC] -> 0x0513
mem[X,0x800319DE] -> 0x6655
[4769] [M]: 0x800319DC (0x66550513) addi a0, a0, 1637
x10 <- 0x66666665


mem[X,0x800319E0] -> 0x35B7
mem[X,0x800319E2] -> 0x3333
[4770] [M]: 0x800319E0 (0x333335B7) lui a1, 209715
x11 <- 0x33333000


mem[X,0x800319E4] -> 0x8593
mem[X,0x800319E6] -> 0x3335
[4771] [M]: 0x800319E4 (0x33358593) addi a1, a1, 819
x11 <- 0x33333333


mem[X,0x800319E8] -> 0x0613
mem[X,0x800319EA] -> 0x0000
[4772] [M]: 0x800319E8 (0x00000613) addi a2, zero, 0
x12 <- 0x00000000


mem[X,0x800319EC] -> 0x006F
mem[X,0x800319EE] -> 0x00C0
[4773] [M]: 0x800319EC (0x00C0006F) jal zero, 12


mem[X,0x800319F8] -> 0x5CE3
mem[X,0x800319FA] -> 0xFEB5
[4774] [M]: 0x800319F8 (0xFEB55CE3) bge a0, a1, 8184


mem[X,0x800319F0] -> 0x0613
mem[X,0x800319F2] -> 0x0016
[4775] [M]: 0x800319F0 (0x00160613) addi a2, a2, 1
x12 <- 0x00000001


mem[X,0x800319F4] -> 0x006F
mem[X,0x800319F6] -> 0x0180
[4776] [M]: 0x800319F4 (0x0180006F) jal zero, 24


mem[X,0x80031A0C] -> 0x2E23
mem[X,0x80031A0E] -> 0x78C2
[4777] [M]: 0x80031A0C (0x78C22E23) sw a2, 1948(tp)
mem[0x8003AA04] <- 0x00000001


mem[X,0x80031A10] -> 0x6537
mem[X,0x80031A12] -> 0x6666
[4778] [M]: 0x80031A10 (0x66666537) lui a0, 419430
x10 <- 0x66666000


mem[X,0x80031A14] -> 0x0513
mem[X,0x80031A16] -> 0x6655
[4779] [M]: 0x80031A14 (0x66550513) addi a0, a0, 1637
x10 <- 0x66666665


mem[X,0x80031A18] -> 0x65B7
mem[X,0x80031A1A] -> 0x6666
[4780] [M]: 0x80031A18 (0x666665B7) lui a1, 419430
x11 <- 0x66666000


mem[X,0x80031A1C] -> 0x8593
mem[X,0x80031A1E] -> 0x6665
[4781] [M]: 0x80031A1C (0x66658593) addi a1, a1, 1638
x11 <- 0x66666666


mem[X,0x80031A20] -> 0x0613
mem[X,0x80031A22] -> 0x0000
[4782] [M]: 0x80031A20 (0x00000613) addi a2, zero, 0
x12 <- 0x00000000


mem[X,0x80031A24] -> 0x006F
mem[X,0x80031A26] -> 0x00C0
[4783] [M]: 0x80031A24 (0x00C0006F) jal zero, 12


mem[X,0x80031A30] -> 0x5063
mem[X,0x80031A32] -> 0x08B5
[4784] [M]: 0x80031A30 (0x08B55063) bge a0, a1, 128


mem[X,0x80031A34] -> 0x0613
mem[X,0x80031A36] -> 0x0026
[4785] [M]: 0x80031A34 (0x00260613) addi a2, a2, 2
x12 <- 0x00000002


mem[X,0x80031A38] -> 0x006F
mem[X,0x80031A3A] -> 0x0800
[4786] [M]: 0x80031A38 (0x0800006F) jal zero, 128


mem[X,0x80031AB8] -> 0x2023
mem[X,0x80031ABA] -> 0x7AC2
[4787] [M]: 0x80031AB8 (0x7AC22023) sw a2, 1952(tp)
mem[0x8003AA08] <- 0x00000002


mem[X,0x80031ABC] -> 0x6537
mem[X,0x80031ABE] -> 0x6666
[4788] [M]: 0x80031ABC (0x66666537) lui a0, 419430
x10 <- 0x66666000


mem[X,0x80031AC0] -> 0x0513
mem[X,0x80031AC2] -> 0x6655
[4789] [M]: 0x80031AC0 (0x66550513) addi a0, a0, 1637
x10 <- 0x66666665


mem[X,0x80031AC4] -> 0x55B7
mem[X,0x80031AC6] -> 0xFFFF
[4790] [M]: 0x80031AC4 (0xFFFF55B7) lui a1, 1048565
x11 <- 0xFFFF5000


mem[X,0x80031AC8] -> 0x8593
mem[X,0x80031ACA] -> 0xAFC5
[4791] [M]: 0x80031AC8 (0xAFC58593) addi a1, a1, 2812
x11 <- 0xFFFF4AFC


mem[X,0x80031ACC] -> 0x0613
mem[X,0x80031ACE] -> 0x0000
[4792] [M]: 0x80031ACC (0x00000613) addi a2, zero, 0
x12 <- 0x00000000


mem[X,0x80031AD0] -> 0x006F
mem[X,0x80031AD2] -> 0x00C0
[4793] [M]: 0x80031AD0 (0x00C0006F) jal zero, 12


mem[X,0x80031ADC] -> 0x5063
mem[X,0x80031ADE] -> 0x20B5
[4794] [M]: 0x80031ADC (0x20B55063) bge a0, a1, 512


mem[X,0x80031CDC] -> 0x0613
mem[X,0x80031CDE] -> 0x0036
[4795] [M]: 0x80031CDC (0x00360613) addi a2, a2, 3
x12 <- 0x00000003


mem[X,0x80031CE0] -> 0x006F
mem[X,0x80031CE2] -> 0x0040
[4796] [M]: 0x80031CE0 (0x0040006F) jal zero, 4


mem[X,0x80031CE4] -> 0x2223
mem[X,0x80031CE6] -> 0x7AC2
[4797] [M]: 0x80031CE4 (0x7AC22223) sw a2, 1956(tp)
mem[0x8003AA0C] <- 0x00000003


mem[X,0x80031CE8] -> 0x6537
mem[X,0x80031CEA] -> 0x6666
[4798] [M]: 0x80031CE8 (0x66666537) lui a0, 419430
x10 <- 0x66666000


mem[X,0x80031CEC] -> 0x0513
mem[X,0x80031CEE] -> 0x6655
[4799] [M]: 0x80031CEC (0x66550513) addi a0, a0, 1637
x10 <- 0x66666665


clint::tick mtime <- 0x0000000000000030
 clint timer pending at mtime 0x0000000000000030
htif::tick 0x0000000000000000
mem[X,0x80031CF0] -> 0xB5B7
mem[X,0x80031CF2] -> 0x0000
[4800] [M]: 0x80031CF0 (0x0000B5B7) lui a1, 11
x11 <- 0x0000B000


mem[X,0x80031CF4] -> 0x8593
mem[X,0x80031CF6] -> 0x5045
[4801] [M]: 0x80031CF4 (0x50458593) addi a1, a1, 1284
x11 <- 0x0000B504


mem[X,0x80031CF8] -> 0x0613
mem[X,0x80031CFA] -> 0x0000
[4802] [M]: 0x80031CF8 (0x00000613) addi a2, zero, 0
x12 <- 0x00000000


mem[X,0x80031CFC] -> 0x006F
mem[X,0x80031CFE] -> 0x00C0
[4803] [M]: 0x80031CFC (0x00C0006F) jal zero, 12


mem[X,0x80031D08] -> 0x5663
mem[X,0x80031D0A] -> 0x00B5
[4804] [M]: 0x80031D08 (0x00B55663) bge a0, a1, 12


mem[X,0x80031D14] -> 0x0613
mem[X,0x80031D16] -> 0x0036
[4805] [M]: 0x80031D14 (0x00360613) addi a2, a2, 3
x12 <- 0x00000003


mem[X,0x80031D18] -> 0x006F
mem[X,0x80031D1A] -> 0x0040
[4806] [M]: 0x80031D18 (0x0040006F) jal zero, 4


mem[X,0x80031D1C] -> 0x2423
mem[X,0x80031D1E] -> 0x7AC2
[4807] [M]: 0x80031D1C (0x7AC22423) sw a2, 1960(tp)
mem[0x8003AA10] <- 0x00000003


mem[X,0x80031D20] -> 0x6537
mem[X,0x80031D22] -> 0x6666
[4808] [M]: 0x80031D20 (0x66666537) lui a0, 419430
x10 <- 0x66666000


mem[X,0x80031D24] -> 0x0513
mem[X,0x80031D26] -> 0x6655
[4809] [M]: 0x80031D24 (0x66550513) addi a0, a0, 1637
x10 <- 0x66666665


mem[X,0x80031D28] -> 0x0593
mem[X,0x80031D2A] -> 0x0020
[4810] [M]: 0x80031D28 (0x00200593) addi a1, zero, 2
x11 <- 0x00000002


mem[X,0x80031D2C] -> 0x0613
mem[X,0x80031D2E] -> 0x0000
[4811] [M]: 0x80031D2C (0x00000613) addi a2, zero, 0
x12 <- 0x00000000


mem[X,0x80031D30] -> 0x006F
mem[X,0x80031D32] -> 0x00C0
[4812] [M]: 0x80031D30 (0x00C0006F) jal zero, 12


mem[X,0x80031D3C] -> 0x5063
mem[X,0x80031D3E] -> 0x08B5
[4813] [M]: 0x80031D3C (0x08B55063) bge a0, a1, 128


mem[X,0x80031DBC] -> 0x0613
mem[X,0x80031DBE] -> 0x0036
[4814] [M]: 0x80031DBC (0x00360613) addi a2, a2, 3
x12 <- 0x00000003


mem[X,0x80031DC0] -> 0x006F
mem[X,0x80031DC2] -> 0x0040
[4815] [M]: 0x80031DC0 (0x0040006F) jal zero, 4


mem[X,0x80031DC4] -> 0x2623
mem[X,0x80031DC6] -> 0x7AC2
[4816] [M]: 0x80031DC4 (0x7AC22623) sw a2, 1964(tp)
mem[0x8003AA14] <- 0x00000003


mem[X,0x80031DC8] -> 0x6537
mem[X,0x80031DCA] -> 0x6666
[4817] [M]: 0x80031DC8 (0x66666537) lui a0, 419430
x10 <- 0x66666000


mem[X,0x80031DCC] -> 0x0513
mem[X,0x80031DCE] -> 0x6655
[4818] [M]: 0x80031DCC (0x66550513) addi a0, a0, 1637
x10 <- 0x66666665


mem[X,0x80031DD0] -> 0x55B7
mem[X,0x80031DD2] -> 0x5555
[4819] [M]: 0x80031DD0 (0x555555B7) lui a1, 349525
x11 <- 0x55555000


mem[X,0x80031DD4] -> 0x8593
mem[X,0x80031DD6] -> 0x5545
[4820] [M]: 0x80031DD4 (0x55458593) addi a1, a1, 1364
x11 <- 0x55555554


mem[X,0x80031DD8] -> 0x0613
mem[X,0x80031DDA] -> 0x0000
[4821] [M]: 0x80031DD8 (0x00000613) addi a2, zero, 0
x12 <- 0x00000000


mem[X,0x80031DDC] -> 0x006F
mem[X,0x80031DDE] -> 0x00C0
[4822] [M]: 0x80031DDC (0x00C0006F) jal zero, 12


mem[X,0x80031DE8] -> 0x5063
mem[X,0x80031DEA] -> 0x02B5
[4823] [M]: 0x80031DE8 (0x02B55063) bge a0, a1, 32


mem[X,0x80031E08] -> 0x0613
mem[X,0x80031E0A] -> 0x0036
[4824] [M]: 0x80031E08 (0x00360613) addi a2, a2, 3
x12 <- 0x00000003


mem[X,0x80031E0C] -> 0x006F
mem[X,0x80031E0E] -> 0x0040
[4825] [M]: 0x80031E0C (0x0040006F) jal zero, 4


mem[X,0x80031E10] -> 0x2823
mem[X,0x80031E12] -> 0x7AC2
[4826] [M]: 0x80031E10 (0x7AC22823) sw a2, 1968(tp)
mem[0x8003AA18] <- 0x00000003


mem[X,0x80031E14] -> 0x6537
mem[X,0x80031E16] -> 0x6666
[4827] [M]: 0x80031E14 (0x66666537) lui a0, 419430
x10 <- 0x66666000


mem[X,0x80031E18] -> 0x0513
mem[X,0x80031E1A] -> 0x6655
[4828] [M]: 0x80031E18 (0x66550513) addi a0, a0, 1637
x10 <- 0x66666665


mem[X,0x80031E1C] -> 0x0593
mem[X,0x80031E1E] -> 0x0000
[4829] [M]: 0x80031E1C (0x00000593) addi a1, zero, 0
x11 <- 0x00000000


mem[X,0x80031E20] -> 0x0613
mem[X,0x80031E22] -> 0x0000
[4830] [M]: 0x80031E20 (0x00000613) addi a2, zero, 0
x12 <- 0x00000000


mem[X,0x80031E24] -> 0x006F
mem[X,0x80031E26] -> 0x00C0
[4831] [M]: 0x80031E24 (0x00C0006F) jal zero, 12


mem[X,0x80031E30] -> 0x5663
mem[X,0x80031E32] -> 0x00B5
[4832] [M]: 0x80031E30 (0x00B55663) bge a0, a1, 12


mem[X,0x80031E3C] -> 0x0613
mem[X,0x80031E3E] -> 0x0036
[4833] [M]: 0x80031E3C (0x00360613) addi a2, a2, 3
x12 <- 0x00000003


mem[X,0x80031E40] -> 0x006F
mem[X,0x80031E42] -> 0x0040
[4834] [M]: 0x80031E40 (0x0040006F) jal zero, 4


mem[X,0x80031E44] -> 0x2A23
mem[X,0x80031E46] -> 0x7AC2
[4835] [M]: 0x80031E44 (0x7AC22A23) sw a2, 1972(tp)
mem[0x8003AA1C] <- 0x00000003


mem[X,0x80031E48] -> 0x6537
mem[X,0x80031E4A] -> 0x6666
[4836] [M]: 0x80031E48 (0x66666537) lui a0, 419430
x10 <- 0x66666000


mem[X,0x80031E4C] -> 0x0513
mem[X,0x80031E4E] -> 0x6655
[4837] [M]: 0x80031E4C (0x66550513) addi a0, a0, 1637
x10 <- 0x66666665


mem[X,0x80031E50] -> 0x0593
mem[X,0x80031E52] -> 0x0040
[4838] [M]: 0x80031E50 (0x00400593) addi a1, zero, 4
x11 <- 0x00000004


mem[X,0x80031E54] -> 0x0613
mem[X,0x80031E56] -> 0x0000
[4839] [M]: 0x80031E54 (0x00000613) addi a2, zero, 0
x12 <- 0x00000000


mem[X,0x80031E58] -> 0x006F
mem[X,0x80031E5A] -> 0x00C0
[4840] [M]: 0x80031E58 (0x00C0006F) jal zero, 12


mem[X,0x80031E64] -> 0x5063
mem[X,0x80031E66] -> 0x04B5
[4841] [M]: 0x80031E64 (0x04B55063) bge a0, a1, 64


mem[X,0x80031EA4] -> 0x0613
mem[X,0x80031EA6] -> 0x0036
[4842] [M]: 0x80031EA4 (0x00360613) addi a2, a2, 3
x12 <- 0x00000003


mem[X,0x80031EA8] -> 0x006F
mem[X,0x80031EAA] -> 0x0040
[4843] [M]: 0x80031EA8 (0x0040006F) jal zero, 4


mem[X,0x80031EAC] -> 0x2C23
mem[X,0x80031EAE] -> 0x7AC2
[4844] [M]: 0x80031EAC (0x7AC22C23) sw a2, 1976(tp)
mem[0x8003AA20] <- 0x00000003


mem[X,0x80031EB0] -> 0x6537
mem[X,0x80031EB2] -> 0x6666
[4845] [M]: 0x80031EB0 (0x66666537) lui a0, 419430
x10 <- 0x66666000


mem[X,0x80031EB4] -> 0x0513
mem[X,0x80031EB6] -> 0x6655
[4846] [M]: 0x80031EB4 (0x66550513) addi a0, a0, 1637
x10 <- 0x66666665


mem[X,0x80031EB8] -> 0x35B7
mem[X,0x80031EBA] -> 0x3333
[4847] [M]: 0x80031EB8 (0x333335B7) lui a1, 209715
x11 <- 0x33333000


mem[X,0x80031EBC] -> 0x8593
mem[X,0x80031EBE] -> 0x3325
[4848] [M]: 0x80031EBC (0x33258593) addi a1, a1, 818
x11 <- 0x33333332


mem[X,0x80031EC0] -> 0x0613
mem[X,0x80031EC2] -> 0x0000
[4849] [M]: 0x80031EC0 (0x00000613) addi a2, zero, 0
x12 <- 0x00000000


mem[X,0x80031EC4] -> 0x006F
mem[X,0x80031EC6] -> 0x00C0
[4850] [M]: 0x80031EC4 (0x00C0006F) jal zero, 12


mem[X,0x80031ED0] -> 0x5663
mem[X,0x80031ED2] -> 0x00B5
[4851] [M]: 0x80031ED0 (0x00B55663) bge a0, a1, 12


mem[X,0x80031EDC] -> 0x0613
mem[X,0x80031EDE] -> 0x0036
[4852] [M]: 0x80031EDC (0x00360613) addi a2, a2, 3
x12 <- 0x00000003


mem[X,0x80031EE0] -> 0x006F
mem[X,0x80031EE2] -> 0x0040
[4853] [M]: 0x80031EE0 (0x0040006F) jal zero, 4


mem[X,0x80031EE4] -> 0x2E23
mem[X,0x80031EE6] -> 0x7AC2
[4854] [M]: 0x80031EE4 (0x7AC22E23) sw a2, 1980(tp)
mem[0x8003AA24] <- 0x00000003


mem[X,0x80031EE8] -> 0x6537
mem[X,0x80031EEA] -> 0x6666
[4855] [M]: 0x80031EE8 (0x66666537) lui a0, 419430
x10 <- 0x66666000


mem[X,0x80031EEC] -> 0x0513
mem[X,0x80031EEE] -> 0x6655
[4856] [M]: 0x80031EEC (0x66550513) addi a0, a0, 1637
x10 <- 0x66666665


mem[X,0x80031EF0] -> 0x65B7
mem[X,0x80031EF2] -> 0x6666
[4857] [M]: 0x80031EF0 (0x666665B7) lui a1, 419430
x11 <- 0x66666000


mem[X,0x80031EF4] -> 0x8593
mem[X,0x80031EF6] -> 0x6655
[4858] [M]: 0x80031EF4 (0x66558593) addi a1, a1, 1637
x11 <- 0x66666665


mem[X,0x80031EF8] -> 0x0613
mem[X,0x80031EFA] -> 0x0000
[4859] [M]: 0x80031EF8 (0x00000613) addi a2, zero, 0
x12 <- 0x00000000


mem[X,0x80031EFC] -> 0x006F
mem[X,0x80031EFE] -> 0x0100
[4860] [M]: 0x80031EFC (0x0100006F) jal zero, 16


mem[X,0x80031F0C] -> 0x5AE3
mem[X,0x80031F0E] -> 0xFEB5
[4861] [M]: 0x80031F0C (0xFEB55AE3) bge a0, a1, 8180


mem[X,0x80031F00] -> 0x0613
mem[X,0x80031F02] -> 0x0016
[4862] [M]: 0x80031F00 (0x00160613) addi a2, a2, 1
x12 <- 0x00000001


mem[X,0x80031F04] -> 0x006F
mem[X,0x80031F06] -> 0x01C0
[4863] [M]: 0x80031F04 (0x01C0006F) jal zero, 28


mem[X,0x80031F20] -> 0x2023
mem[X,0x80031F22] -> 0x7CC2
[4864] [M]: 0x80031F20 (0x7CC22023) sw a2, 1984(tp)
mem[0x8003AA28] <- 0x00000001


mem[X,0x80031F24] -> 0x6537
mem[X,0x80031F26] -> 0x6666
[4865] [M]: 0x80031F24 (0x66666537) lui a0, 419430
x10 <- 0x66666000


mem[X,0x80031F28] -> 0x0513
mem[X,0x80031F2A] -> 0x6655
[4866] [M]: 0x80031F28 (0x66550513) addi a0, a0, 1637
x10 <- 0x66666665


mem[X,0x80031F2C] -> 0xB5B7
mem[X,0x80031F2E] -> 0x0000
[4867] [M]: 0x80031F2C (0x0000B5B7) lui a1, 11
x11 <- 0x0000B000


mem[X,0x80031F30] -> 0x8593
mem[X,0x80031F32] -> 0x5035
[4868] [M]: 0x80031F30 (0x50358593) addi a1, a1, 1283
x11 <- 0x0000B503


mem[X,0x80031F34] -> 0x0613
mem[X,0x80031F36] -> 0x0000
[4869] [M]: 0x80031F34 (0x00000613) addi a2, zero, 0
x12 <- 0x00000000


mem[X,0x80031F38] -> 0x006F
mem[X,0x80031F3A] -> 0x00C0
[4870] [M]: 0x80031F38 (0x00C0006F) jal zero, 12


mem[X,0x80031F44] -> 0x5CE3
mem[X,0x80031F46] -> 0xFEB5
[4871] [M]: 0x80031F44 (0xFEB55CE3) bge a0, a1, 8184


mem[X,0x80031F3C] -> 0x0613
mem[X,0x80031F3E] -> 0x0016
[4872] [M]: 0x80031F3C (0x00160613) addi a2, a2, 1
x12 <- 0x00000001


mem[X,0x80031F40] -> 0x006F
mem[X,0x80031F42] -> 0x0180
[4873] [M]: 0x80031F40 (0x0180006F) jal zero, 24


mem[X,0x80031F58] -> 0x2223
mem[X,0x80031F5A] -> 0x7CC2
[4874] [M]: 0x80031F58 (0x7CC22223) sw a2, 1988(tp)
mem[0x8003AA2C] <- 0x00000001


mem[X,0x80031F5C] -> 0x6537
mem[X,0x80031F5E] -> 0x6666
[4875] [M]: 0x80031F5C (0x66666537) lui a0, 419430
x10 <- 0x66666000


mem[X,0x80031F60] -> 0x0513
mem[X,0x80031F62] -> 0x6655
[4876] [M]: 0x80031F60 (0x66550513) addi a0, a0, 1637
x10 <- 0x66666665


mem[X,0x80031F64] -> 0x55B7
mem[X,0x80031F66] -> 0x5555
[4877] [M]: 0x80031F64 (0x555555B7) lui a1, 349525
x11 <- 0x55555000


mem[X,0x80031F68] -> 0x8593
mem[X,0x80031F6A] -> 0x5565
[4878] [M]: 0x80031F68 (0x55658593) addi a1, a1, 1366
x11 <- 0x55555556


mem[X,0x80031F6C] -> 0x0613
mem[X,0x80031F6E] -> 0x0000
[4879] [M]: 0x80031F6C (0x00000613) addi a2, zero, 0
x12 <- 0x00000000


mem[X,0x80031F70] -> 0x006F
mem[X,0x80031F72] -> 0x0050
[4880] [M]: 0x80031F70 (0x0050006F) jal zero, 2052


mem[X,0x80032774] -> 0x50E3
mem[X,0x80032776] -> 0x80B5
[4881] [M]: 0x80032774 (0x80B550E3) bge a0, a1, 6144


mem[X,0x80031F74] -> 0x0613
mem[X,0x80031F76] -> 0x0016
[4882] [M]: 0x80031F74 (0x00160613) addi a2, a2, 1
x12 <- 0x00000001


mem[X,0x80031F78] -> 0x006F
mem[X,0x80031F7A] -> 0x0110
[4883] [M]: 0x80031F78 (0x0110006F) jal zero, 2064


mem[X,0x80032788] -> 0x2423
mem[X,0x8003278A] -> 0x7CC2
[4884] [M]: 0x80032788 (0x7CC22423) sw a2, 1992(tp)
mem[0x8003AA30] <- 0x00000001


mem[X,0x8003278C] -> 0x6537
mem[X,0x8003278E] -> 0x6666
[4885] [M]: 0x8003278C (0x66666537) lui a0, 419430
x10 <- 0x66666000


mem[X,0x80032790] -> 0x0513
mem[X,0x80032792] -> 0x6655
[4886] [M]: 0x80032790 (0x66550513) addi a0, a0, 1637
x10 <- 0x66666665


mem[X,0x80032794] -> 0xB5B7
mem[X,0x80032796] -> 0xAAAA
[4887] [M]: 0x80032794 (0xAAAAB5B7) lui a1, 699051
x11 <- 0xAAAAB000


mem[X,0x80032798] -> 0x8593
mem[X,0x8003279A] -> 0xAAB5
[4888] [M]: 0x80032798 (0xAAB58593) addi a1, a1, 2731
x11 <- 0xAAAAAAAB


mem[X,0x8003279C] -> 0x0613
mem[X,0x8003279E] -> 0x0000
[4889] [M]: 0x8003279C (0x00000613) addi a2, zero, 0
x12 <- 0x00000000


mem[X,0x800327A0] -> 0x006F
mem[X,0x800327A2] -> 0x00C0
[4890] [M]: 0x800327A0 (0x00C0006F) jal zero, 12


mem[X,0x800327AC] -> 0x5063
mem[X,0x800327AE] -> 0x02B5
[4891] [M]: 0x800327AC (0x02B55063) bge a0, a1, 32


mem[X,0x800327CC] -> 0x0613
mem[X,0x800327CE] -> 0x0036
[4892] [M]: 0x800327CC (0x00360613) addi a2, a2, 3
x12 <- 0x00000003


mem[X,0x800327D0] -> 0x006F
mem[X,0x800327D2] -> 0x0040
[4893] [M]: 0x800327D0 (0x0040006F) jal zero, 4


mem[X,0x800327D4] -> 0x2623
mem[X,0x800327D6] -> 0x7CC2
[4894] [M]: 0x800327D4 (0x7CC22623) sw a2, 1996(tp)
mem[0x8003AA34] <- 0x00000003


mem[X,0x800327D8] -> 0x6537
mem[X,0x800327DA] -> 0x6666
[4895] [M]: 0x800327D8 (0x66666537) lui a0, 419430
x10 <- 0x66666000


mem[X,0x800327DC] -> 0x0513
mem[X,0x800327DE] -> 0x6655
[4896] [M]: 0x800327DC (0x66550513) addi a0, a0, 1637
x10 <- 0x66666665


mem[X,0x800327E0] -> 0x0593
mem[X,0x800327E2] -> 0x0060
[4897] [M]: 0x800327E0 (0x00600593) addi a1, zero, 6
x11 <- 0x00000006


mem[X,0x800327E4] -> 0x0613
mem[X,0x800327E6] -> 0x0000
[4898] [M]: 0x800327E4 (0x00000613) addi a2, zero, 0
x12 <- 0x00000000


mem[X,0x800327E8] -> 0x006F
mem[X,0x800327EA] -> 0x00C0
[4899] [M]: 0x800327E8 (0x00C0006F) jal zero, 12


clint::tick mtime <- 0x0000000000000031
 clint timer pending at mtime 0x0000000000000031
htif::tick 0x0000000000000000
mem[X,0x800327F4] -> 0x5CE3
mem[X,0x800327F6] -> 0xFEB5
[4900] [M]: 0x800327F4 (0xFEB55CE3) bge a0, a1, 8184


mem[X,0x800327EC] -> 0x0613
mem[X,0x800327EE] -> 0x0016
[4901] [M]: 0x800327EC (0x00160613) addi a2, a2, 1
x12 <- 0x00000001


mem[X,0x800327F0] -> 0x006F
mem[X,0x800327F2] -> 0x0180
[4902] [M]: 0x800327F0 (0x0180006F) jal zero, 24


mem[X,0x80032808] -> 0x2823
mem[X,0x8003280A] -> 0x7CC2
[4903] [M]: 0x80032808 (0x7CC22823) sw a2, 2000(tp)
mem[0x8003AA38] <- 0x00000001


mem[X,0x8003280C] -> 0x6537
mem[X,0x8003280E] -> 0x6666
[4904] [M]: 0x8003280C (0x66666537) lui a0, 419430
x10 <- 0x66666000


mem[X,0x80032810] -> 0x0513
mem[X,0x80032812] -> 0x6655
[4905] [M]: 0x80032810 (0x66550513) addi a0, a0, 1637
x10 <- 0x66666665


mem[X,0x80032814] -> 0x35B7
mem[X,0x80032816] -> 0x3333
[4906] [M]: 0x80032814 (0x333335B7) lui a1, 209715
x11 <- 0x33333000


mem[X,0x80032818] -> 0x8593
mem[X,0x8003281A] -> 0x3345
[4907] [M]: 0x80032818 (0x33458593) addi a1, a1, 820
x11 <- 0x33333334


mem[X,0x8003281C] -> 0x0613
mem[X,0x8003281E] -> 0x0000
[4908] [M]: 0x8003281C (0x00000613) addi a2, zero, 0
x12 <- 0x00000000


mem[X,0x80032820] -> 0x006F
mem[X,0x80032822] -> 0x00C0
[4909] [M]: 0x80032820 (0x00C0006F) jal zero, 12


mem[X,0x8003282C] -> 0x5663
mem[X,0x8003282E] -> 0x00B5
[4910] [M]: 0x8003282C (0x00B55663) bge a0, a1, 12


mem[X,0x80032838] -> 0x0613
mem[X,0x8003283A] -> 0x0036
[4911] [M]: 0x80032838 (0x00360613) addi a2, a2, 3
x12 <- 0x00000003


mem[X,0x8003283C] -> 0x006F
mem[X,0x8003283E] -> 0x0040
[4912] [M]: 0x8003283C (0x0040006F) jal zero, 4


mem[X,0x80032840] -> 0x2A23
mem[X,0x80032842] -> 0x7CC2
[4913] [M]: 0x80032840 (0x7CC22A23) sw a2, 2004(tp)
mem[0x8003AA3C] <- 0x00000003


mem[X,0x80032844] -> 0x6537
mem[X,0x80032846] -> 0x6666
[4914] [M]: 0x80032844 (0x66666537) lui a0, 419430
x10 <- 0x66666000


mem[X,0x80032848] -> 0x0513
mem[X,0x8003284A] -> 0x6655
[4915] [M]: 0x80032848 (0x66550513) addi a0, a0, 1637
x10 <- 0x66666665


mem[X,0x8003284C] -> 0x65B7
mem[X,0x8003284E] -> 0x6666
[4916] [M]: 0x8003284C (0x666665B7) lui a1, 419430
x11 <- 0x66666000


mem[X,0x80032850] -> 0x8593
mem[X,0x80032852] -> 0x6675
[4917] [M]: 0x80032850 (0x66758593) addi a1, a1, 1639
x11 <- 0x66666667


mem[X,0x80032854] -> 0x0613
mem[X,0x80032856] -> 0x0000
[4918] [M]: 0x80032854 (0x00000613) addi a2, zero, 0
x12 <- 0x00000000


mem[X,0x80032858] -> 0x006F
mem[X,0x8003285A] -> 0x00C0
[4919] [M]: 0x80032858 (0x00C0006F) jal zero, 12


mem[X,0x80032864] -> 0x5663
mem[X,0x80032866] -> 0x00B5
[4920] [M]: 0x80032864 (0x00B55663) bge a0, a1, 12


mem[X,0x80032868] -> 0x0613
mem[X,0x8003286A] -> 0x0026
[4921] [M]: 0x80032868 (0x00260613) addi a2, a2, 2
x12 <- 0x00000002


mem[X,0x8003286C] -> 0x006F
mem[X,0x8003286E] -> 0x00C0
[4922] [M]: 0x8003286C (0x00C0006F) jal zero, 12


mem[X,0x80032878] -> 0x2C23
mem[X,0x8003287A] -> 0x7CC2
[4923] [M]: 0x80032878 (0x7CC22C23) sw a2, 2008(tp)
mem[0x8003AA40] <- 0x00000002


mem[X,0x8003287C] -> 0x6537
mem[X,0x8003287E] -> 0x6666
[4924] [M]: 0x8003287C (0x66666537) lui a0, 419430
x10 <- 0x66666000


mem[X,0x80032880] -> 0x0513
mem[X,0x80032882] -> 0x6655
[4925] [M]: 0x80032880 (0x66550513) addi a0, a0, 1637
x10 <- 0x66666665


mem[X,0x80032884] -> 0x55B7
mem[X,0x80032886] -> 0xFFFF
[4926] [M]: 0x80032884 (0xFFFF55B7) lui a1, 1048565
x11 <- 0xFFFF5000


mem[X,0x80032888] -> 0x8593
mem[X,0x8003288A] -> 0xAFD5
[4927] [M]: 0x80032888 (0xAFD58593) addi a1, a1, 2813
x11 <- 0xFFFF4AFD


mem[X,0x8003288C] -> 0x0613
mem[X,0x8003288E] -> 0x0000
[4928] [M]: 0x8003288C (0x00000613) addi a2, zero, 0
x12 <- 0x00000000


mem[X,0x80032890] -> 0x006F
mem[X,0x80032892] -> 0x00C0
[4929] [M]: 0x80032890 (0x00C0006F) jal zero, 12


mem[X,0x8003289C] -> 0x5663
mem[X,0x8003289E] -> 0x00B5
[4930] [M]: 0x8003289C (0x00B55663) bge a0, a1, 12


mem[X,0x800328A8] -> 0x0613
mem[X,0x800328AA] -> 0x0036
[4931] [M]: 0x800328A8 (0x00360613) addi a2, a2, 3
x12 <- 0x00000003


mem[X,0x800328AC] -> 0x006F
mem[X,0x800328AE] -> 0x0040
[4932] [M]: 0x800328AC (0x0040006F) jal zero, 4


mem[X,0x800328B0] -> 0x2E23
mem[X,0x800328B2] -> 0x7CC2
[4933] [M]: 0x800328B0 (0x7CC22E23) sw a2, 2012(tp)
mem[0x8003AA44] <- 0x00000003


mem[X,0x800328B4] -> 0x6537
mem[X,0x800328B6] -> 0x6666
[4934] [M]: 0x800328B4 (0x66666537) lui a0, 419430
x10 <- 0x66666000


mem[X,0x800328B8] -> 0x0513
mem[X,0x800328BA] -> 0x6655
[4935] [M]: 0x800328B8 (0x66550513) addi a0, a0, 1637
x10 <- 0x66666665


mem[X,0x800328BC] -> 0xB5B7
mem[X,0x800328BE] -> 0x0000
[4936] [M]: 0x800328BC (0x0000B5B7) lui a1, 11
x11 <- 0x0000B000


mem[X,0x800328C0] -> 0x8593
mem[X,0x800328C2] -> 0x5055
[4937] [M]: 0x800328C0 (0x50558593) addi a1, a1, 1285
x11 <- 0x0000B505


mem[X,0x800328C4] -> 0x0613
mem[X,0x800328C6] -> 0x0000
[4938] [M]: 0x800328C4 (0x00000613) addi a2, zero, 0
x12 <- 0x00000000


mem[X,0x800328C8] -> 0x006F
mem[X,0x800328CA] -> 0x00C0
[4939] [M]: 0x800328C8 (0x00C0006F) jal zero, 12


mem[X,0x800328D4] -> 0x5CE3
mem[X,0x800328D6] -> 0xFEB5
[4940] [M]: 0x800328D4 (0xFEB55CE3) bge a0, a1, 8184


mem[X,0x800328CC] -> 0x0613
mem[X,0x800328CE] -> 0x0016
[4941] [M]: 0x800328CC (0x00160613) addi a2, a2, 1
x12 <- 0x00000001


mem[X,0x800328D0] -> 0x006F
mem[X,0x800328D2] -> 0x0180
[4942] [M]: 0x800328D0 (0x0180006F) jal zero, 24


mem[X,0x800328E8] -> 0x2023
mem[X,0x800328EA] -> 0x7EC2
[4943] [M]: 0x800328E8 (0x7EC22023) sw a2, 2016(tp)
mem[0x8003AA48] <- 0x00000001


mem[X,0x800328EC] -> 0xB537
mem[X,0x800328EE] -> 0x0000
[4944] [M]: 0x800328EC (0x0000B537) lui a0, 11
x10 <- 0x0000B000


mem[X,0x800328F0] -> 0x0513
mem[X,0x800328F2] -> 0x5035
[4945] [M]: 0x800328F0 (0x50350513) addi a0, a0, 1283
x10 <- 0x0000B503


mem[X,0x800328F4] -> 0x0593
mem[X,0x800328F6] -> 0x0030
[4946] [M]: 0x800328F4 (0x00300593) addi a1, zero, 3
x11 <- 0x00000003


mem[X,0x800328F8] -> 0x0613
mem[X,0x800328FA] -> 0x0000
[4947] [M]: 0x800328F8 (0x00000613) addi a2, zero, 0
x12 <- 0x00000000


mem[X,0x800328FC] -> 0x006F
mem[X,0x800328FE] -> 0x0100
[4948] [M]: 0x800328FC (0x0100006F) jal zero, 16


mem[X,0x8003290C] -> 0x5AE3
mem[X,0x8003290E] -> 0xFEB5
[4949] [M]: 0x8003290C (0xFEB55AE3) bge a0, a1, 8180


mem[X,0x80032900] -> 0x0613
mem[X,0x80032902] -> 0x0016
[4950] [M]: 0x80032900 (0x00160613) addi a2, a2, 1
x12 <- 0x00000001


mem[X,0x80032904] -> 0x006F
mem[X,0x80032906] -> 0x01C0
[4951] [M]: 0x80032904 (0x01C0006F) jal zero, 28


mem[X,0x80032920] -> 0x2223
mem[X,0x80032922] -> 0x7EC2
[4952] [M]: 0x80032920 (0x7EC22223) sw a2, 2020(tp)
mem[0x8003AA4C] <- 0x00000001


mem[X,0x80032924] -> 0xB537
mem[X,0x80032926] -> 0x0000
[4953] [M]: 0x80032924 (0x0000B537) lui a0, 11
x10 <- 0x0000B000


mem[X,0x80032928] -> 0x0513
mem[X,0x8003292A] -> 0x5035
[4954] [M]: 0x80032928 (0x50350513) addi a0, a0, 1283
x10 <- 0x0000B503


mem[X,0x8003292C] -> 0x55B7
mem[X,0x8003292E] -> 0x5555
[4955] [M]: 0x8003292C (0x555555B7) lui a1, 349525
x11 <- 0x55555000


mem[X,0x80032930] -> 0x8593
mem[X,0x80032932] -> 0x5555
[4956] [M]: 0x80032930 (0x55558593) addi a1, a1, 1365
x11 <- 0x55555555


mem[X,0x80032934] -> 0x0613
mem[X,0x80032936] -> 0x0000
[4957] [M]: 0x80032934 (0x00000613) addi a2, zero, 0
x12 <- 0x00000000


mem[X,0x80032938] -> 0x006F
mem[X,0x8003293A] -> 0x00C0
[4958] [M]: 0x80032938 (0x00C0006F) jal zero, 12


mem[X,0x80032944] -> 0x5CE3
mem[X,0x80032946] -> 0xFEB5
[4959] [M]: 0x80032944 (0xFEB55CE3) bge a0, a1, 8184


mem[X,0x80032948] -> 0x0613
mem[X,0x8003294A] -> 0x0026
[4960] [M]: 0x80032948 (0x00260613) addi a2, a2, 2
x12 <- 0x00000002


mem[X,0x8003294C] -> 0x006F
mem[X,0x8003294E] -> 0x00C0
[4961] [M]: 0x8003294C (0x00C0006F) jal zero, 12


mem[X,0x80032958] -> 0x2423
mem[X,0x8003295A] -> 0x7EC2
[4962] [M]: 0x80032958 (0x7EC22423) sw a2, 2024(tp)
mem[0x8003AA50] <- 0x00000002


mem[X,0x8003295C] -> 0xB537
mem[X,0x8003295E] -> 0x0000
[4963] [M]: 0x8003295C (0x0000B537) lui a0, 11
x10 <- 0x0000B000


mem[X,0x80032960] -> 0x0513
mem[X,0x80032962] -> 0x5035
[4964] [M]: 0x80032960 (0x50350513) addi a0, a0, 1283
x10 <- 0x0000B503


mem[X,0x80032964] -> 0xB5B7
mem[X,0x80032966] -> 0xAAAA
[4965] [M]: 0x80032964 (0xAAAAB5B7) lui a1, 699051
x11 <- 0xAAAAB000


mem[X,0x80032968] -> 0x8593
mem[X,0x8003296A] -> 0xAAA5
[4966] [M]: 0x80032968 (0xAAA58593) addi a1, a1, 2730
x11 <- 0xAAAAAAAA


mem[X,0x8003296C] -> 0x0613
mem[X,0x8003296E] -> 0x0000
[4967] [M]: 0x8003296C (0x00000613) addi a2, zero, 0
x12 <- 0x00000000


mem[X,0x80032970] -> 0x006F
mem[X,0x80032972] -> 0x00C0
[4968] [M]: 0x80032970 (0x00C0006F) jal zero, 12


mem[X,0x8003297C] -> 0x5663
mem[X,0x8003297E] -> 0x00B5
[4969] [M]: 0x8003297C (0x00B55663) bge a0, a1, 12


mem[X,0x80032988] -> 0x0613
mem[X,0x8003298A] -> 0x0036
[4970] [M]: 0x80032988 (0x00360613) addi a2, a2, 3
x12 <- 0x00000003


mem[X,0x8003298C] -> 0x006F
mem[X,0x8003298E] -> 0x0040
[4971] [M]: 0x8003298C (0x0040006F) jal zero, 4


mem[X,0x80032990] -> 0x2623
mem[X,0x80032992] -> 0x7EC2
[4972] [M]: 0x80032990 (0x7EC22623) sw a2, 2028(tp)
mem[0x8003AA54] <- 0x00000003


mem[X,0x80032994] -> 0xB537
mem[X,0x80032996] -> 0x0000
[4973] [M]: 0x80032994 (0x0000B537) lui a0, 11
x10 <- 0x0000B000


mem[X,0x80032998] -> 0x0513
mem[X,0x8003299A] -> 0x5035
[4974] [M]: 0x80032998 (0x50350513) addi a0, a0, 1283
x10 <- 0x0000B503


mem[X,0x8003299C] -> 0x0593
mem[X,0x8003299E] -> 0x0050
[4975] [M]: 0x8003299C (0x00500593) addi a1, zero, 5
x11 <- 0x00000005


mem[X,0x800329A0] -> 0x0613
mem[X,0x800329A2] -> 0x0000
[4976] [M]: 0x800329A0 (0x00000613) addi a2, zero, 0
x12 <- 0x00000000


mem[X,0x800329A4] -> 0x006F
mem[X,0x800329A6] -> 0x00C0
[4977] [M]: 0x800329A4 (0x00C0006F) jal zero, 12


mem[X,0x800329B0] -> 0x5863
mem[X,0x800329B2] -> 0x00B5
[4978] [M]: 0x800329B0 (0x00B55863) bge a0, a1, 16


mem[X,0x800329C0] -> 0x0613
mem[X,0x800329C2] -> 0x0036
[4979] [M]: 0x800329C0 (0x00360613) addi a2, a2, 3
x12 <- 0x00000003


mem[X,0x800329C4] -> 0x006F
mem[X,0x800329C6] -> 0x0040
[4980] [M]: 0x800329C4 (0x0040006F) jal zero, 4


mem[X,0x800329C8] -> 0x2823
mem[X,0x800329CA] -> 0x7EC2
[4981] [M]: 0x800329C8 (0x7EC22823) sw a2, 2032(tp)
mem[0x8003AA58] <- 0x00000003


mem[X,0x800329CC] -> 0xB537
mem[X,0x800329CE] -> 0x0000
[4982] [M]: 0x800329CC (0x0000B537) lui a0, 11
x10 <- 0x0000B000


mem[X,0x800329D0] -> 0x0513
mem[X,0x800329D2] -> 0x5035
[4983] [M]: 0x800329D0 (0x50350513) addi a0, a0, 1283
x10 <- 0x0000B503


mem[X,0x800329D4] -> 0x35B7
mem[X,0x800329D6] -> 0x3333
[4984] [M]: 0x800329D4 (0x333335B7) lui a1, 209715
x11 <- 0x33333000


mem[X,0x800329D8] -> 0x8593
mem[X,0x800329DA] -> 0x3335
[4985] [M]: 0x800329D8 (0x33358593) addi a1, a1, 819
x11 <- 0x33333333


mem[X,0x800329DC] -> 0x0613
mem[X,0x800329DE] -> 0x0000
[4986] [M]: 0x800329DC (0x00000613) addi a2, zero, 0
x12 <- 0x00000000


mem[X,0x800329E0] -> 0x006F
mem[X,0x800329E2] -> 0x00C0
[4987] [M]: 0x800329E0 (0x00C0006F) jal zero, 12


mem[X,0x800329EC] -> 0x5063
mem[X,0x800329EE] -> 0x04B5
[4988] [M]: 0x800329EC (0x04B55063) bge a0, a1, 64


mem[X,0x800329F0] -> 0x0613
mem[X,0x800329F2] -> 0x0026
[4989] [M]: 0x800329F0 (0x00260613) addi a2, a2, 2
x12 <- 0x00000002


mem[X,0x800329F4] -> 0x006F
mem[X,0x800329F6] -> 0x0400
[4990] [M]: 0x800329F4 (0x0400006F) jal zero, 64


mem[X,0x80032A34] -> 0x2A23
mem[X,0x80032A36] -> 0x7EC2
[4991] [M]: 0x80032A34 (0x7EC22A23) sw a2, 2036(tp)
mem[0x8003AA5C] <- 0x00000002


mem[X,0x80032A38] -> 0xB537
mem[X,0x80032A3A] -> 0x0000
[4992] [M]: 0x80032A38 (0x0000B537) lui a0, 11
x10 <- 0x0000B000


mem[X,0x80032A3C] -> 0x0513
mem[X,0x80032A3E] -> 0x5035
[4993] [M]: 0x80032A3C (0x50350513) addi a0, a0, 1283
x10 <- 0x0000B503


mem[X,0x80032A40] -> 0x65B7
mem[X,0x80032A42] -> 0x6666
[4994] [M]: 0x80032A40 (0x666665B7) lui a1, 419430
x11 <- 0x66666000


mem[X,0x80032A44] -> 0x8593
mem[X,0x80032A46] -> 0x6665
[4995] [M]: 0x80032A44 (0x66658593) addi a1, a1, 1638
x11 <- 0x66666666


mem[X,0x80032A48] -> 0x0613
mem[X,0x80032A4A] -> 0x0000
[4996] [M]: 0x80032A48 (0x00000613) addi a2, zero, 0
x12 <- 0x00000000


mem[X,0x80032A4C] -> 0x006F
mem[X,0x80032A4E] -> 0x00C0
[4997] [M]: 0x80032A4C (0x00C0006F) jal zero, 12


mem[X,0x80032A58] -> 0x5063
mem[X,0x80032A5A] -> 0x04B5
[4998] [M]: 0x80032A58 (0x04B55063) bge a0, a1, 64


mem[X,0x80032A5C] -> 0x0613
mem[X,0x80032A5E] -> 0x0026
[4999] [M]: 0x80032A5C (0x00260613) addi a2, a2, 2
x12 <- 0x00000002


clint::tick mtime <- 0x0000000000000032
 clint timer pending at mtime 0x0000000000000032
htif::tick 0x0000000000000000
mem[X,0x80032A60] -> 0x006F
mem[X,0x80032A62] -> 0x0400
[5000] [M]: 0x80032A60 (0x0400006F) jal zero, 64


mem[X,0x80032AA0] -> 0x2C23
mem[X,0x80032AA2] -> 0x7EC2
[5001] [M]: 0x80032AA0 (0x7EC22C23) sw a2, 2040(tp)
mem[0x8003AA60] <- 0x00000002


mem[X,0x80032AA4] -> 0xB537
mem[X,0x80032AA6] -> 0x0000
[5002] [M]: 0x80032AA4 (0x0000B537) lui a0, 11
x10 <- 0x0000B000


mem[X,0x80032AA8] -> 0x0513
mem[X,0x80032AAA] -> 0x5035
[5003] [M]: 0x80032AA8 (0x50350513) addi a0, a0, 1283
x10 <- 0x0000B503


mem[X,0x80032AAC] -> 0x55B7
mem[X,0x80032AAE] -> 0xFFFF
[5004] [M]: 0x80032AAC (0xFFFF55B7) lui a1, 1048565
x11 <- 0xFFFF5000


mem[X,0x80032AB0] -> 0x8593
mem[X,0x80032AB2] -> 0xAFC5
[5005] [M]: 0x80032AB0 (0xAFC58593) addi a1, a1, 2812
x11 <- 0xFFFF4AFC


mem[X,0x80032AB4] -> 0x0613
mem[X,0x80032AB6] -> 0x0000
[5006] [M]: 0x80032AB4 (0x00000613) addi a2, zero, 0
x12 <- 0x00000000


mem[X,0x80032AB8] -> 0x006F
mem[X,0x80032ABA] -> 0x00C0
[5007] [M]: 0x80032AB8 (0x00C0006F) jal zero, 12


mem[X,0x80032AC4] -> 0x5063
mem[X,0x80032AC6] -> 0x10B5
[5008] [M]: 0x80032AC4 (0x10B55063) bge a0, a1, 256


mem[X,0x80032BC4] -> 0x0613
mem[X,0x80032BC6] -> 0x0036
[5009] [M]: 0x80032BC4 (0x00360613) addi a2, a2, 3
x12 <- 0x00000003


mem[X,0x80032BC8] -> 0x006F
mem[X,0x80032BCA] -> 0x0040
[5010] [M]: 0x80032BC8 (0x0040006F) jal zero, 4


mem[X,0x80032BCC] -> 0x2E23
mem[X,0x80032BCE] -> 0x7EC2
[5011] [M]: 0x80032BCC (0x7EC22E23) sw a2, 2044(tp)
mem[0x8003AA64] <- 0x00000003


mem[X,0x80032BD0] -> 0x8217
mem[X,0x80032BD2] -> 0x0000
[5012] [M]: 0x80032BD0 (0x00008217) auipc tp, 8
x4 <- 0x8003ABD0


mem[X,0x80032BD4] -> 0x0213
mem[X,0x80032BD6] -> 0xE982
[5013] [M]: 0x80032BD4 (0xE9820213) addi tp, tp, 3736
x4 <- 0x8003AA68


mem[X,0x80032BD8] -> 0xB537
mem[X,0x80032BDA] -> 0x0000
[5014] [M]: 0x80032BD8 (0x0000B537) lui a0, 11
x10 <- 0x0000B000


mem[X,0x80032BDC] -> 0x0513
mem[X,0x80032BDE] -> 0x5035
[5015] [M]: 0x80032BDC (0x50350513) addi a0, a0, 1283
x10 <- 0x0000B503


mem[X,0x80032BE0] -> 0xB5B7
mem[X,0x80032BE2] -> 0x0000
[5016] [M]: 0x80032BE0 (0x0000B5B7) lui a1, 11
x11 <- 0x0000B000


mem[X,0x80032BE4] -> 0x8593
mem[X,0x80032BE6] -> 0x5045
[5017] [M]: 0x80032BE4 (0x50458593) addi a1, a1, 1284
x11 <- 0x0000B504


mem[X,0x80032BE8] -> 0x0613
mem[X,0x80032BEA] -> 0x0000
[5018] [M]: 0x80032BE8 (0x00000613) addi a2, zero, 0
x12 <- 0x00000000


mem[X,0x80032BEC] -> 0x006F
mem[X,0x80032BEE] -> 0x00C0
[5019] [M]: 0x80032BEC (0x00C0006F) jal zero, 12


mem[X,0x80032BF8] -> 0x5063
mem[X,0x80032BFA] -> 0x04B5
[5020] [M]: 0x80032BF8 (0x04B55063) bge a0, a1, 64


mem[X,0x80032BFC] -> 0x0613
mem[X,0x80032BFE] -> 0x0026
[5021] [M]: 0x80032BFC (0x00260613) addi a2, a2, 2
x12 <- 0x00000002


mem[X,0x80032C00] -> 0x006F
mem[X,0x80032C02] -> 0x0400
[5022] [M]: 0x80032C00 (0x0400006F) jal zero, 64


mem[X,0x80032C40] -> 0x2023
mem[X,0x80032C42] -> 0x00C2
[5023] [M]: 0x80032C40 (0x00C22023) sw a2, 0(tp)
mem[0x8003AA68] <- 0x00000002


mem[X,0x80032C44] -> 0xB537
mem[X,0x80032C46] -> 0x0000
[5024] [M]: 0x80032C44 (0x0000B537) lui a0, 11
x10 <- 0x0000B000


mem[X,0x80032C48] -> 0x0513
mem[X,0x80032C4A] -> 0x5035
[5025] [M]: 0x80032C48 (0x50350513) addi a0, a0, 1283
x10 <- 0x0000B503


mem[X,0x80032C4C] -> 0x0593
mem[X,0x80032C4E] -> 0x0020
[5026] [M]: 0x80032C4C (0x00200593) addi a1, zero, 2
x11 <- 0x00000002


mem[X,0x80032C50] -> 0x0613
mem[X,0x80032C52] -> 0x0000
[5027] [M]: 0x80032C50 (0x00000613) addi a2, zero, 0
x12 <- 0x00000000


mem[X,0x80032C54] -> 0x006F
mem[X,0x80032C56] -> 0x00C0
[5028] [M]: 0x80032C54 (0x00C0006F) jal zero, 12


mem[X,0x80032C60] -> 0x5CE3
mem[X,0x80032C62] -> 0xFEB5
[5029] [M]: 0x80032C60 (0xFEB55CE3) bge a0, a1, 8184


mem[X,0x80032C58] -> 0x0613
mem[X,0x80032C5A] -> 0x0016
[5030] [M]: 0x80032C58 (0x00160613) addi a2, a2, 1
x12 <- 0x00000001


mem[X,0x80032C5C] -> 0x006F
mem[X,0x80032C5E] -> 0x0180
[5031] [M]: 0x80032C5C (0x0180006F) jal zero, 24


mem[X,0x80032C74] -> 0x2223
mem[X,0x80032C76] -> 0x00C2
[5032] [M]: 0x80032C74 (0x00C22223) sw a2, 4(tp)
mem[0x8003AA6C] <- 0x00000001


mem[X,0x80032C78] -> 0xB537
mem[X,0x80032C7A] -> 0x0000
[5033] [M]: 0x80032C78 (0x0000B537) lui a0, 11
x10 <- 0x0000B000


mem[X,0x80032C7C] -> 0x0513
mem[X,0x80032C7E] -> 0x5035
[5034] [M]: 0x80032C7C (0x50350513) addi a0, a0, 1283
x10 <- 0x0000B503


mem[X,0x80032C80] -> 0x55B7
mem[X,0x80032C82] -> 0x5555
[5035] [M]: 0x80032C80 (0x555555B7) lui a1, 349525
x11 <- 0x55555000


mem[X,0x80032C84] -> 0x8593
mem[X,0x80032C86] -> 0x5545
[5036] [M]: 0x80032C84 (0x55458593) addi a1, a1, 1364
x11 <- 0x55555554


mem[X,0x80032C88] -> 0x0613
mem[X,0x80032C8A] -> 0x0000
[5037] [M]: 0x80032C88 (0x00000613) addi a2, zero, 0
x12 <- 0x00000000


mem[X,0x80032C8C] -> 0x006F
mem[X,0x80032C8E] -> 0x00C0
[5038] [M]: 0x80032C8C (0x00C0006F) jal zero, 12


mem[X,0x80032C98] -> 0x5CE3
mem[X,0x80032C9A] -> 0xFEB5
[5039] [M]: 0x80032C98 (0xFEB55CE3) bge a0, a1, 8184


mem[X,0x80032C9C] -> 0x0613
mem[X,0x80032C9E] -> 0x0026
[5040] [M]: 0x80032C9C (0x00260613) addi a2, a2, 2
x12 <- 0x00000002


mem[X,0x80032CA0] -> 0x006F
mem[X,0x80032CA2] -> 0x00C0
[5041] [M]: 0x80032CA0 (0x00C0006F) jal zero, 12


mem[X,0x80032CAC] -> 0x2423
mem[X,0x80032CAE] -> 0x00C2
[5042] [M]: 0x80032CAC (0x00C22423) sw a2, 8(tp)
mem[0x8003AA70] <- 0x00000002


mem[X,0x80032CB0] -> 0xB537
mem[X,0x80032CB2] -> 0x0000
[5043] [M]: 0x80032CB0 (0x0000B537) lui a0, 11
x10 <- 0x0000B000


mem[X,0x80032CB4] -> 0x0513
mem[X,0x80032CB6] -> 0x5035
[5044] [M]: 0x80032CB4 (0x50350513) addi a0, a0, 1283
x10 <- 0x0000B503


mem[X,0x80032CB8] -> 0x0593
mem[X,0x80032CBA] -> 0x0000
[5045] [M]: 0x80032CB8 (0x00000593) addi a1, zero, 0
x11 <- 0x00000000


mem[X,0x80032CBC] -> 0x0613
mem[X,0x80032CBE] -> 0x0000
[5046] [M]: 0x80032CBC (0x00000613) addi a2, zero, 0
x12 <- 0x00000000


mem[X,0x80032CC0] -> 0x006F
mem[X,0x80032CC2] -> 0x00C0
[5047] [M]: 0x80032CC0 (0x00C0006F) jal zero, 12


mem[X,0x80032CCC] -> 0x5063
mem[X,0x80032CCE] -> 0x40B5
[5048] [M]: 0x80032CCC (0x40B55063) bge a0, a1, 1024


mem[X,0x800330CC] -> 0x0613
mem[X,0x800330CE] -> 0x0036
[5049] [M]: 0x800330CC (0x00360613) addi a2, a2, 3
x12 <- 0x00000003


mem[X,0x800330D0] -> 0x006F
mem[X,0x800330D2] -> 0x0040
[5050] [M]: 0x800330D0 (0x0040006F) jal zero, 4


mem[X,0x800330D4] -> 0x2623
mem[X,0x800330D6] -> 0x00C2
[5051] [M]: 0x800330D4 (0x00C22623) sw a2, 12(tp)
mem[0x8003AA74] <- 0x00000003


mem[X,0x800330D8] -> 0xB537
mem[X,0x800330DA] -> 0x0000
[5052] [M]: 0x800330D8 (0x0000B537) lui a0, 11
x10 <- 0x0000B000


mem[X,0x800330DC] -> 0x0513
mem[X,0x800330DE] -> 0x5035
[5053] [M]: 0x800330DC (0x50350513) addi a0, a0, 1283
x10 <- 0x0000B503


mem[X,0x800330E0] -> 0x0593
mem[X,0x800330E2] -> 0x0040
[5054] [M]: 0x800330E0 (0x00400593) addi a1, zero, 4
x11 <- 0x00000004


mem[X,0x800330E4] -> 0x0613
mem[X,0x800330E6] -> 0x0000
[5055] [M]: 0x800330E4 (0x00000613) addi a2, zero, 0
x12 <- 0x00000000


mem[X,0x800330E8] -> 0x006F
mem[X,0x800330EA] -> 0x00C0
[5056] [M]: 0x800330E8 (0x00C0006F) jal zero, 12


mem[X,0x800330F4] -> 0x5CE3
mem[X,0x800330F6] -> 0xFEB5
[5057] [M]: 0x800330F4 (0xFEB55CE3) bge a0, a1, 8184


mem[X,0x800330EC] -> 0x0613
mem[X,0x800330EE] -> 0x0016
[5058] [M]: 0x800330EC (0x00160613) addi a2, a2, 1
x12 <- 0x00000001


mem[X,0x800330F0] -> 0x006F
mem[X,0x800330F2] -> 0x0180
[5059] [M]: 0x800330F0 (0x0180006F) jal zero, 24


mem[X,0x80033108] -> 0x2823
mem[X,0x8003310A] -> 0x00C2
[5060] [M]: 0x80033108 (0x00C22823) sw a2, 16(tp)
mem[0x8003AA78] <- 0x00000001


mem[X,0x8003310C] -> 0xB537
mem[X,0x8003310E] -> 0x0000
[5061] [M]: 0x8003310C (0x0000B537) lui a0, 11
x10 <- 0x0000B000


mem[X,0x80033110] -> 0x0513
mem[X,0x80033112] -> 0x5035
[5062] [M]: 0x80033110 (0x50350513) addi a0, a0, 1283
x10 <- 0x0000B503


mem[X,0x80033114] -> 0x35B7
mem[X,0x80033116] -> 0x3333
[5063] [M]: 0x80033114 (0x333335B7) lui a1, 209715
x11 <- 0x33333000


mem[X,0x80033118] -> 0x8593
mem[X,0x8003311A] -> 0x3325
[5064] [M]: 0x80033118 (0x33258593) addi a1, a1, 818
x11 <- 0x33333332


mem[X,0x8003311C] -> 0x0613
mem[X,0x8003311E] -> 0x0000
[5065] [M]: 0x8003311C (0x00000613) addi a2, zero, 0
x12 <- 0x00000000


mem[X,0x80033120] -> 0x006F
mem[X,0x80033122] -> 0x00C0
[5066] [M]: 0x80033120 (0x00C0006F) jal zero, 12


mem[X,0x8003312C] -> 0x5063
mem[X,0x8003312E] -> 0x40B5
[5067] [M]: 0x8003312C (0x40B55063) bge a0, a1, 1024


mem[X,0x80033130] -> 0x0613
mem[X,0x80033132] -> 0x0026
[5068] [M]: 0x80033130 (0x00260613) addi a2, a2, 2
x12 <- 0x00000002


mem[X,0x80033134] -> 0x006F
mem[X,0x80033136] -> 0x4000
[5069] [M]: 0x80033134 (0x4000006F) jal zero, 1024


mem[X,0x80033534] -> 0x2A23
mem[X,0x80033536] -> 0x00C2
[5070] [M]: 0x80033534 (0x00C22A23) sw a2, 20(tp)
mem[0x8003AA7C] <- 0x00000002


mem[X,0x80033538] -> 0xB537
mem[X,0x8003353A] -> 0x0000
[5071] [M]: 0x80033538 (0x0000B537) lui a0, 11
x10 <- 0x0000B000


mem[X,0x8003353C] -> 0x0513
mem[X,0x8003353E] -> 0x5035
[5072] [M]: 0x8003353C (0x50350513) addi a0, a0, 1283
x10 <- 0x0000B503


mem[X,0x80033540] -> 0x65B7
mem[X,0x80033542] -> 0x6666
[5073] [M]: 0x80033540 (0x666665B7) lui a1, 419430
x11 <- 0x66666000


mem[X,0x80033544] -> 0x8593
mem[X,0x80033546] -> 0x6655
[5074] [M]: 0x80033544 (0x66558593) addi a1, a1, 1637
x11 <- 0x66666665


mem[X,0x80033548] -> 0x0613
mem[X,0x8003354A] -> 0x0000
[5075] [M]: 0x80033548 (0x00000613) addi a2, zero, 0
x12 <- 0x00000000


mem[X,0x8003354C] -> 0x006F
mem[X,0x8003354E] -> 0x0050
[5076] [M]: 0x8003354C (0x0050006F) jal zero, 2052


mem[X,0x80033D50] -> 0x50E3
mem[X,0x80033D52] -> 0x80B5
[5077] [M]: 0x80033D50 (0x80B550E3) bge a0, a1, 6144


mem[X,0x80033D54] -> 0x0613
mem[X,0x80033D56] -> 0x0026
[5078] [M]: 0x80033D54 (0x00260613) addi a2, a2, 2
x12 <- 0x00000002


mem[X,0x80033D58] -> 0x006F
mem[X,0x80033D5A] -> 0x00C0
[5079] [M]: 0x80033D58 (0x00C0006F) jal zero, 12


mem[X,0x80033D64] -> 0x2C23
mem[X,0x80033D66] -> 0x00C2
[5080] [M]: 0x80033D64 (0x00C22C23) sw a2, 24(tp)
mem[0x8003AA80] <- 0x00000002


mem[X,0x80033D68] -> 0xB537
mem[X,0x80033D6A] -> 0x0000
[5081] [M]: 0x80033D68 (0x0000B537) lui a0, 11
x10 <- 0x0000B000


mem[X,0x80033D6C] -> 0x0513
mem[X,0x80033D6E] -> 0x5035
[5082] [M]: 0x80033D6C (0x50350513) addi a0, a0, 1283
x10 <- 0x0000B503


mem[X,0x80033D70] -> 0xB5B7
mem[X,0x80033D72] -> 0x0000
[5083] [M]: 0x80033D70 (0x0000B5B7) lui a1, 11
x11 <- 0x0000B000


mem[X,0x80033D74] -> 0x8593
mem[X,0x80033D76] -> 0x5035
[5084] [M]: 0x80033D74 (0x50358593) addi a1, a1, 1283
x11 <- 0x0000B503


mem[X,0x80033D78] -> 0x0613
mem[X,0x80033D7A] -> 0x0000
[5085] [M]: 0x80033D78 (0x00000613) addi a2, zero, 0
x12 <- 0x00000000


mem[X,0x80033D7C] -> 0x006F
mem[X,0x80033D7E] -> 0x00C0
[5086] [M]: 0x80033D7C (0x00C0006F) jal zero, 12


mem[X,0x80033D88] -> 0x5063
mem[X,0x80033D8A] -> 0x40B5
[5087] [M]: 0x80033D88 (0x40B55063) bge a0, a1, 1024


mem[X,0x80034188] -> 0x0613
mem[X,0x8003418A] -> 0x0036
[5088] [M]: 0x80034188 (0x00360613) addi a2, a2, 3
x12 <- 0x00000003


mem[X,0x8003418C] -> 0x006F
mem[X,0x8003418E] -> 0x0040
[5089] [M]: 0x8003418C (0x0040006F) jal zero, 4


mem[X,0x80034190] -> 0x2E23
mem[X,0x80034192] -> 0x00C2
[5090] [M]: 0x80034190 (0x00C22E23) sw a2, 28(tp)
mem[0x8003AA84] <- 0x00000003


mem[X,0x80034194] -> 0xB537
mem[X,0x80034196] -> 0x0000
[5091] [M]: 0x80034194 (0x0000B537) lui a0, 11
x10 <- 0x0000B000


mem[X,0x80034198] -> 0x0513
mem[X,0x8003419A] -> 0x5035
[5092] [M]: 0x80034198 (0x50350513) addi a0, a0, 1283
x10 <- 0x0000B503


mem[X,0x8003419C] -> 0x55B7
mem[X,0x8003419E] -> 0x5555
[5093] [M]: 0x8003419C (0x555555B7) lui a1, 349525
x11 <- 0x55555000


mem[X,0x800341A0] -> 0x8593
mem[X,0x800341A2] -> 0x5565
[5094] [M]: 0x800341A0 (0x55658593) addi a1, a1, 1366
x11 <- 0x55555556


mem[X,0x800341A4] -> 0x0613
mem[X,0x800341A6] -> 0x0000
[5095] [M]: 0x800341A4 (0x00000613) addi a2, zero, 0
x12 <- 0x00000000


mem[X,0x800341A8] -> 0x006F
mem[X,0x800341AA] -> 0x00C0
[5096] [M]: 0x800341A8 (0x00C0006F) jal zero, 12


mem[X,0x800341B4] -> 0x5663
mem[X,0x800341B6] -> 0x00B5
[5097] [M]: 0x800341B4 (0x00B55663) bge a0, a1, 12


mem[X,0x800341B8] -> 0x0613
mem[X,0x800341BA] -> 0x0026
[5098] [M]: 0x800341B8 (0x00260613) addi a2, a2, 2
x12 <- 0x00000002


mem[X,0x800341BC] -> 0x006F
mem[X,0x800341BE] -> 0x00C0
[5099] [M]: 0x800341BC (0x00C0006F) jal zero, 12


clint::tick mtime <- 0x0000000000000033
 clint timer pending at mtime 0x0000000000000033
htif::tick 0x0000000000000000
mem[X,0x800341C8] -> 0x2023
mem[X,0x800341CA] -> 0x02C2
[5100] [M]: 0x800341C8 (0x02C22023) sw a2, 32(tp)
mem[0x8003AA88] <- 0x00000002


mem[X,0x800341CC] -> 0xB537
mem[X,0x800341CE] -> 0x0000
[5101] [M]: 0x800341CC (0x0000B537) lui a0, 11
x10 <- 0x0000B000


mem[X,0x800341D0] -> 0x0513
mem[X,0x800341D2] -> 0x5035
[5102] [M]: 0x800341D0 (0x50350513) addi a0, a0, 1283
x10 <- 0x0000B503


mem[X,0x800341D4] -> 0xB5B7
mem[X,0x800341D6] -> 0xAAAA
[5103] [M]: 0x800341D4 (0xAAAAB5B7) lui a1, 699051
x11 <- 0xAAAAB000


mem[X,0x800341D8] -> 0x8593
mem[X,0x800341DA] -> 0xAAB5
[5104] [M]: 0x800341D8 (0xAAB58593) addi a1, a1, 2731
x11 <- 0xAAAAAAAB


mem[X,0x800341DC] -> 0x0613
mem[X,0x800341DE] -> 0x0000
[5105] [M]: 0x800341DC (0x00000613) addi a2, zero, 0
x12 <- 0x00000000


mem[X,0x800341E0] -> 0x006F
mem[X,0x800341E2] -> 0x00C0
[5106] [M]: 0x800341E0 (0x00C0006F) jal zero, 12


mem[X,0x800341EC] -> 0x5CE3
mem[X,0x800341EE] -> 0xFEB5
[5107] [M]: 0x800341EC (0xFEB55CE3) bge a0, a1, 8184


mem[X,0x800341E4] -> 0x0613
mem[X,0x800341E6] -> 0x0016
[5108] [M]: 0x800341E4 (0x00160613) addi a2, a2, 1
x12 <- 0x00000001


mem[X,0x800341E8] -> 0x006F
mem[X,0x800341EA] -> 0x0180
[5109] [M]: 0x800341E8 (0x0180006F) jal zero, 24


mem[X,0x80034200] -> 0x2223
mem[X,0x80034202] -> 0x02C2
[5110] [M]: 0x80034200 (0x02C22223) sw a2, 36(tp)
mem[0x8003AA8C] <- 0x00000001


mem[X,0x80034204] -> 0xB537
mem[X,0x80034206] -> 0x0000
[5111] [M]: 0x80034204 (0x0000B537) lui a0, 11
x10 <- 0x0000B000


mem[X,0x80034208] -> 0x0513
mem[X,0x8003420A] -> 0x5035
[5112] [M]: 0x80034208 (0x50350513) addi a0, a0, 1283
x10 <- 0x0000B503


mem[X,0x8003420C] -> 0x0593
mem[X,0x8003420E] -> 0x0060
[5113] [M]: 0x8003420C (0x00600593) addi a1, zero, 6
x11 <- 0x00000006


mem[X,0x80034210] -> 0x0613
mem[X,0x80034212] -> 0x0000
[5114] [M]: 0x80034210 (0x00000613) addi a2, zero, 0
x12 <- 0x00000000


mem[X,0x80034214] -> 0x006F
mem[X,0x80034216] -> 0x00C0
[5115] [M]: 0x80034214 (0x00C0006F) jal zero, 12


mem[X,0x80034220] -> 0x5663
mem[X,0x80034222] -> 0x00B5
[5116] [M]: 0x80034220 (0x00B55663) bge a0, a1, 12


mem[X,0x8003422C] -> 0x0613
mem[X,0x8003422E] -> 0x0036
[5117] [M]: 0x8003422C (0x00360613) addi a2, a2, 3
x12 <- 0x00000003


mem[X,0x80034230] -> 0x006F
mem[X,0x80034232] -> 0x0040
[5118] [M]: 0x80034230 (0x0040006F) jal zero, 4


mem[X,0x80034234] -> 0x2423
mem[X,0x80034236] -> 0x02C2
[5119] [M]: 0x80034234 (0x02C22423) sw a2, 40(tp)
mem[0x8003AA90] <- 0x00000003


mem[X,0x80034238] -> 0xB537
mem[X,0x8003423A] -> 0x0000
[5120] [M]: 0x80034238 (0x0000B537) lui a0, 11
x10 <- 0x0000B000


mem[X,0x8003423C] -> 0x0513
mem[X,0x8003423E] -> 0x5035
[5121] [M]: 0x8003423C (0x50350513) addi a0, a0, 1283
x10 <- 0x0000B503


mem[X,0x80034240] -> 0x35B7
mem[X,0x80034242] -> 0x3333
[5122] [M]: 0x80034240 (0x333335B7) lui a1, 209715
x11 <- 0x33333000


mem[X,0x80034244] -> 0x8593
mem[X,0x80034246] -> 0x3345
[5123] [M]: 0x80034244 (0x33458593) addi a1, a1, 820
x11 <- 0x33333334


mem[X,0x80034248] -> 0x0613
mem[X,0x8003424A] -> 0x0000
[5124] [M]: 0x80034248 (0x00000613) addi a2, zero, 0
x12 <- 0x00000000


mem[X,0x8003424C] -> 0x006F
mem[X,0x8003424E] -> 0x0140
[5125] [M]: 0x8003424C (0x0140006F) jal zero, 20


mem[X,0x80034260] -> 0x58E3
mem[X,0x80034262] -> 0xFEB5
[5126] [M]: 0x80034260 (0xFEB558E3) bge a0, a1, 8176


mem[X,0x80034264] -> 0x0613
mem[X,0x80034266] -> 0x0026
[5127] [M]: 0x80034264 (0x00260613) addi a2, a2, 2
x12 <- 0x00000002


mem[X,0x80034268] -> 0x006F
mem[X,0x8003426A] -> 0x00C0
[5128] [M]: 0x80034268 (0x00C0006F) jal zero, 12


mem[X,0x80034274] -> 0x2623
mem[X,0x80034276] -> 0x02C2
[5129] [M]: 0x80034274 (0x02C22623) sw a2, 44(tp)
mem[0x8003AA94] <- 0x00000002


mem[X,0x80034278] -> 0xB537
mem[X,0x8003427A] -> 0x0000
[5130] [M]: 0x80034278 (0x0000B537) lui a0, 11
x10 <- 0x0000B000


mem[X,0x8003427C] -> 0x0513
mem[X,0x8003427E] -> 0x5035
[5131] [M]: 0x8003427C (0x50350513) addi a0, a0, 1283
x10 <- 0x0000B503


mem[X,0x80034280] -> 0x65B7
mem[X,0x80034282] -> 0x6666
[5132] [M]: 0x80034280 (0x666665B7) lui a1, 419430
x11 <- 0x66666000


mem[X,0x80034284] -> 0x8593
mem[X,0x80034286] -> 0x6675
[5133] [M]: 0x80034284 (0x66758593) addi a1, a1, 1639
x11 <- 0x66666667


mem[X,0x80034288] -> 0x0613
mem[X,0x8003428A] -> 0x0000
[5134] [M]: 0x80034288 (0x00000613) addi a2, zero, 0
x12 <- 0x00000000


mem[X,0x8003428C] -> 0x006F
mem[X,0x8003428E] -> 0x00C0
[5135] [M]: 0x8003428C (0x00C0006F) jal zero, 12


mem[X,0x80034298] -> 0x5063
mem[X,0x8003429A] -> 0x08B5
[5136] [M]: 0x80034298 (0x08B55063) bge a0, a1, 128


mem[X,0x8003429C] -> 0x0613
mem[X,0x8003429E] -> 0x0026
[5137] [M]: 0x8003429C (0x00260613) addi a2, a2, 2
x12 <- 0x00000002


mem[X,0x800342A0] -> 0x006F
mem[X,0x800342A2] -> 0x0800
[5138] [M]: 0x800342A0 (0x0800006F) jal zero, 128


mem[X,0x80034320] -> 0x2823
mem[X,0x80034322] -> 0x02C2
[5139] [M]: 0x80034320 (0x02C22823) sw a2, 48(tp)
mem[0x8003AA98] <- 0x00000002


mem[X,0x80034324] -> 0xB537
mem[X,0x80034326] -> 0x0000
[5140] [M]: 0x80034324 (0x0000B537) lui a0, 11
x10 <- 0x0000B000


mem[X,0x80034328] -> 0x0513
mem[X,0x8003432A] -> 0x5035
[5141] [M]: 0x80034328 (0x50350513) addi a0, a0, 1283
x10 <- 0x0000B503


mem[X,0x8003432C] -> 0x55B7
mem[X,0x8003432E] -> 0xFFFF
[5142] [M]: 0x8003432C (0xFFFF55B7) lui a1, 1048565
x11 <- 0xFFFF5000


mem[X,0x80034330] -> 0x8593
mem[X,0x80034332] -> 0xAFD5
[5143] [M]: 0x80034330 (0xAFD58593) addi a1, a1, 2813
x11 <- 0xFFFF4AFD


mem[X,0x80034334] -> 0x0613
mem[X,0x80034336] -> 0x0000
[5144] [M]: 0x80034334 (0x00000613) addi a2, zero, 0
x12 <- 0x00000000


mem[X,0x80034338] -> 0x006F
mem[X,0x8003433A] -> 0x0100
[5145] [M]: 0x80034338 (0x0100006F) jal zero, 16


mem[X,0x80034348] -> 0x5AE3
mem[X,0x8003434A] -> 0xFEB5
[5146] [M]: 0x80034348 (0xFEB55AE3) bge a0, a1, 8180


mem[X,0x8003433C] -> 0x0613
mem[X,0x8003433E] -> 0x0016
[5147] [M]: 0x8003433C (0x00160613) addi a2, a2, 1
x12 <- 0x00000001


mem[X,0x80034340] -> 0x006F
mem[X,0x80034342] -> 0x01C0
[5148] [M]: 0x80034340 (0x01C0006F) jal zero, 28


mem[X,0x8003435C] -> 0x2A23
mem[X,0x8003435E] -> 0x02C2
[5149] [M]: 0x8003435C (0x02C22A23) sw a2, 52(tp)
mem[0x8003AA9C] <- 0x00000001


mem[X,0x80034360] -> 0xB537
mem[X,0x80034362] -> 0x0000
[5150] [M]: 0x80034360 (0x0000B537) lui a0, 11
x10 <- 0x0000B000


mem[X,0x80034364] -> 0x0513
mem[X,0x80034366] -> 0x5035
[5151] [M]: 0x80034364 (0x50350513) addi a0, a0, 1283
x10 <- 0x0000B503


mem[X,0x80034368] -> 0xB5B7
mem[X,0x8003436A] -> 0x0000
[5152] [M]: 0x80034368 (0x0000B5B7) lui a1, 11
x11 <- 0x0000B000


mem[X,0x8003436C] -> 0x8593
mem[X,0x8003436E] -> 0x5055
[5153] [M]: 0x8003436C (0x50558593) addi a1, a1, 1285
x11 <- 0x0000B505


mem[X,0x80034370] -> 0x0613
mem[X,0x80034372] -> 0x0000
[5154] [M]: 0x80034370 (0x00000613) addi a2, zero, 0
x12 <- 0x00000000


mem[X,0x80034374] -> 0x006F
mem[X,0x80034376] -> 0x00C0
[5155] [M]: 0x80034374 (0x00C0006F) jal zero, 12


mem[X,0x80034380] -> 0x5663
mem[X,0x80034382] -> 0x00B5
[5156] [M]: 0x80034380 (0x00B55663) bge a0, a1, 12


mem[X,0x80034384] -> 0x0613
mem[X,0x80034386] -> 0x0026
[5157] [M]: 0x80034384 (0x00260613) addi a2, a2, 2
x12 <- 0x00000002


mem[X,0x80034388] -> 0x006F
mem[X,0x8003438A] -> 0x00C0
[5158] [M]: 0x80034388 (0x00C0006F) jal zero, 12


mem[X,0x80034394] -> 0x2C23
mem[X,0x80034396] -> 0x02C2
[5159] [M]: 0x80034394 (0x02C22C23) sw a2, 56(tp)
mem[0x8003AAA0] <- 0x00000002


mem[X,0x80034398] -> 0x5537
mem[X,0x8003439A] -> 0x5555
[5160] [M]: 0x80034398 (0x55555537) lui a0, 349525
x10 <- 0x55555000


mem[X,0x8003439C] -> 0x0513
mem[X,0x8003439E] -> 0x5565
[5161] [M]: 0x8003439C (0x55650513) addi a0, a0, 1366
x10 <- 0x55555556


mem[X,0x800343A0] -> 0x0593
mem[X,0x800343A2] -> 0x0030
[5162] [M]: 0x800343A0 (0x00300593) addi a1, zero, 3
x11 <- 0x00000003


mem[X,0x800343A4] -> 0x0613
mem[X,0x800343A6] -> 0x0000
[5163] [M]: 0x800343A4 (0x00000613) addi a2, zero, 0
x12 <- 0x00000000


mem[X,0x800343A8] -> 0x006F
mem[X,0x800343AA] -> 0x2B10
[5164] [M]: 0x800343A8 (0x2B10006F) jal zero, 2736


mem[X,0x80034E58] -> 0x5A63
mem[X,0x80034E5A] -> 0xD4B5
[5165] [M]: 0x80034E58 (0xD4B55A63) bge a0, a1, 5460


mem[X,0x800343AC] -> 0x0613
mem[X,0x800343AE] -> 0x0016
[5166] [M]: 0x800343AC (0x00160613) addi a2, a2, 1
x12 <- 0x00000001


mem[X,0x800343B0] -> 0x006F
mem[X,0x800343B2] -> 0x2BD0
[5167] [M]: 0x800343B0 (0x2BD0006F) jal zero, 2748


mem[X,0x80034E6C] -> 0x2E23
mem[X,0x80034E6E] -> 0x02C2
[5168] [M]: 0x80034E6C (0x02C22E23) sw a2, 60(tp)
mem[0x8003AAA4] <- 0x00000001


mem[X,0x80034E70] -> 0x5537
mem[X,0x80034E72] -> 0x5555
[5169] [M]: 0x80034E70 (0x55555537) lui a0, 349525
x10 <- 0x55555000


mem[X,0x80034E74] -> 0x0513
mem[X,0x80034E76] -> 0x5565
[5170] [M]: 0x80034E74 (0x55650513) addi a0, a0, 1366
x10 <- 0x55555556


mem[X,0x80034E78] -> 0x55B7
mem[X,0x80034E7A] -> 0x5555
[5171] [M]: 0x80034E78 (0x555555B7) lui a1, 349525
x11 <- 0x55555000


mem[X,0x80034E7C] -> 0x8593
mem[X,0x80034E7E] -> 0x5555
[5172] [M]: 0x80034E7C (0x55558593) addi a1, a1, 1365
x11 <- 0x55555555


mem[X,0x80034E80] -> 0x0613
mem[X,0x80034E82] -> 0x0000
[5173] [M]: 0x80034E80 (0x00000613) addi a2, zero, 0
x12 <- 0x00000000


mem[X,0x80034E84] -> 0x006F
mem[X,0x80034E86] -> 0x00C0
[5174] [M]: 0x80034E84 (0x00C0006F) jal zero, 12


mem[X,0x80034E90] -> 0x5063
mem[X,0x80034E92] -> 0x10B5
[5175] [M]: 0x80034E90 (0x10B55063) bge a0, a1, 256


mem[X,0x80034F90] -> 0x0613
mem[X,0x80034F92] -> 0x0036
[5176] [M]: 0x80034F90 (0x00360613) addi a2, a2, 3
x12 <- 0x00000003


mem[X,0x80034F94] -> 0x006F
mem[X,0x80034F96] -> 0x0040
[5177] [M]: 0x80034F94 (0x0040006F) jal zero, 4


mem[X,0x80034F98] -> 0x2023
mem[X,0x80034F9A] -> 0x04C2
[5178] [M]: 0x80034F98 (0x04C22023) sw a2, 64(tp)
mem[0x8003AAA8] <- 0x00000003


mem[X,0x80034F9C] -> 0x5537
mem[X,0x80034F9E] -> 0x5555
[5179] [M]: 0x80034F9C (0x55555537) lui a0, 349525
x10 <- 0x55555000


mem[X,0x80034FA0] -> 0x0513
mem[X,0x80034FA2] -> 0x5565
[5180] [M]: 0x80034FA0 (0x55650513) addi a0, a0, 1366
x10 <- 0x55555556


mem[X,0x80034FA4] -> 0xB5B7
mem[X,0x80034FA6] -> 0xAAAA
[5181] [M]: 0x80034FA4 (0xAAAAB5B7) lui a1, 699051
x11 <- 0xAAAAB000


mem[X,0x80034FA8] -> 0x8593
mem[X,0x80034FAA] -> 0xAAA5
[5182] [M]: 0x80034FA8 (0xAAA58593) addi a1, a1, 2730
x11 <- 0xAAAAAAAA


mem[X,0x80034FAC] -> 0x0613
mem[X,0x80034FAE] -> 0x0000
[5183] [M]: 0x80034FAC (0x00000613) addi a2, zero, 0
x12 <- 0x00000000


mem[X,0x80034FB0] -> 0x006F
mem[X,0x80034FB2] -> 0x00C0
[5184] [M]: 0x80034FB0 (0x00C0006F) jal zero, 12


mem[X,0x80034FBC] -> 0x5063
mem[X,0x80034FBE] -> 0x08B5
[5185] [M]: 0x80034FBC (0x08B55063) bge a0, a1, 128


mem[X,0x8003503C] -> 0x0613
mem[X,0x8003503E] -> 0x0036
[5186] [M]: 0x8003503C (0x00360613) addi a2, a2, 3
x12 <- 0x00000003


mem[X,0x80035040] -> 0x006F
mem[X,0x80035042] -> 0x0040
[5187] [M]: 0x80035040 (0x0040006F) jal zero, 4


mem[X,0x80035044] -> 0x2223
mem[X,0x80035046] -> 0x04C2
[5188] [M]: 0x80035044 (0x04C22223) sw a2, 68(tp)
mem[0x8003AAAC] <- 0x00000003


mem[X,0x80035048] -> 0x5537
mem[X,0x8003504A] -> 0x5555
[5189] [M]: 0x80035048 (0x55555537) lui a0, 349525
x10 <- 0x55555000


mem[X,0x8003504C] -> 0x0513
mem[X,0x8003504E] -> 0x5565
[5190] [M]: 0x8003504C (0x55650513) addi a0, a0, 1366
x10 <- 0x55555556


mem[X,0x80035050] -> 0x0593
mem[X,0x80035052] -> 0x0050
[5191] [M]: 0x80035050 (0x00500593) addi a1, zero, 5
x11 <- 0x00000005


mem[X,0x80035054] -> 0x0613
mem[X,0x80035056] -> 0x0000
[5192] [M]: 0x80035054 (0x00000613) addi a2, zero, 0
x12 <- 0x00000000


mem[X,0x80035058] -> 0x006F
mem[X,0x8003505A] -> 0x00C0
[5193] [M]: 0x80035058 (0x00C0006F) jal zero, 12


mem[X,0x80035064] -> 0x5663
mem[X,0x80035066] -> 0x00B5
[5194] [M]: 0x80035064 (0x00B55663) bge a0, a1, 12


mem[X,0x80035070] -> 0x0613
mem[X,0x80035072] -> 0x0036
[5195] [M]: 0x80035070 (0x00360613) addi a2, a2, 3
x12 <- 0x00000003


mem[X,0x80035074] -> 0x006F
mem[X,0x80035076] -> 0x0040
[5196] [M]: 0x80035074 (0x0040006F) jal zero, 4


mem[X,0x80035078] -> 0x2423
mem[X,0x8003507A] -> 0x04C2
[5197] [M]: 0x80035078 (0x04C22423) sw a2, 72(tp)
mem[0x8003AAB0] <- 0x00000003


mem[X,0x8003507C] -> 0x5537
mem[X,0x8003507E] -> 0x5555
[5198] [M]: 0x8003507C (0x55555537) lui a0, 349525
x10 <- 0x55555000


mem[X,0x80035080] -> 0x0513
mem[X,0x80035082] -> 0x5565
[5199] [M]: 0x80035080 (0x55650513) addi a0, a0, 1366
x10 <- 0x55555556


clint::tick mtime <- 0x0000000000000034
 clint timer pending at mtime 0x0000000000000034
htif::tick 0x0000000000000000
mem[X,0x80035084] -> 0x35B7
mem[X,0x80035086] -> 0x3333
[5200] [M]: 0x80035084 (0x333335B7) lui a1, 209715
x11 <- 0x33333000


mem[X,0x80035088] -> 0x8593
mem[X,0x8003508A] -> 0x3335
[5201] [M]: 0x80035088 (0x33358593) addi a1, a1, 819
x11 <- 0x33333333


mem[X,0x8003508C] -> 0x0613
mem[X,0x8003508E] -> 0x0000
[5202] [M]: 0x8003508C (0x00000613) addi a2, zero, 0
x12 <- 0x00000000


mem[X,0x80035090] -> 0x006F
mem[X,0x80035092] -> 0x0180
[5203] [M]: 0x80035090 (0x0180006F) jal zero, 24


mem[X,0x800350A8] -> 0x56E3
mem[X,0x800350AA] -> 0xFEB5
[5204] [M]: 0x800350A8 (0xFEB556E3) bge a0, a1, 8172


mem[X,0x80035094] -> 0x0613
mem[X,0x80035096] -> 0x0016
[5205] [M]: 0x80035094 (0x00160613) addi a2, a2, 1
x12 <- 0x00000001


mem[X,0x80035098] -> 0x006F
mem[X,0x8003509A] -> 0x0240
[5206] [M]: 0x80035098 (0x0240006F) jal zero, 36


mem[X,0x800350BC] -> 0x2623
mem[X,0x800350BE] -> 0x04C2
[5207] [M]: 0x800350BC (0x04C22623) sw a2, 76(tp)
mem[0x8003AAB4] <- 0x00000001


mem[X,0x800350C0] -> 0x5537
mem[X,0x800350C2] -> 0x5555
[5208] [M]: 0x800350C0 (0x55555537) lui a0, 349525
x10 <- 0x55555000


mem[X,0x800350C4] -> 0x0513
mem[X,0x800350C6] -> 0x5565
[5209] [M]: 0x800350C4 (0x55650513) addi a0, a0, 1366
x10 <- 0x55555556


mem[X,0x800350C8] -> 0x65B7
mem[X,0x800350CA] -> 0x6666
[5210] [M]: 0x800350C8 (0x666665B7) lui a1, 419430
x11 <- 0x66666000


mem[X,0x800350CC] -> 0x8593
mem[X,0x800350CE] -> 0x6665
[5211] [M]: 0x800350CC (0x66658593) addi a1, a1, 1638
x11 <- 0x66666666


mem[X,0x800350D0] -> 0x0613
mem[X,0x800350D2] -> 0x0000
[5212] [M]: 0x800350D0 (0x00000613) addi a2, zero, 0
x12 <- 0x00000000


mem[X,0x800350D4] -> 0x006F
mem[X,0x800350D6] -> 0x00C0
[5213] [M]: 0x800350D4 (0x00C0006F) jal zero, 12


mem[X,0x800350E0] -> 0x5063
mem[X,0x800350E2] -> 0x08B5
[5214] [M]: 0x800350E0 (0x08B55063) bge a0, a1, 128


mem[X,0x800350E4] -> 0x0613
mem[X,0x800350E6] -> 0x0026
[5215] [M]: 0x800350E4 (0x00260613) addi a2, a2, 2
x12 <- 0x00000002


mem[X,0x800350E8] -> 0x006F
mem[X,0x800350EA] -> 0x0800
[5216] [M]: 0x800350E8 (0x0800006F) jal zero, 128


mem[X,0x80035168] -> 0x2823
mem[X,0x8003516A] -> 0x04C2
[5217] [M]: 0x80035168 (0x04C22823) sw a2, 80(tp)
mem[0x8003AAB8] <- 0x00000002


mem[X,0x8003516C] -> 0x5537
mem[X,0x8003516E] -> 0x5555
[5218] [M]: 0x8003516C (0x55555537) lui a0, 349525
x10 <- 0x55555000


mem[X,0x80035170] -> 0x0513
mem[X,0x80035172] -> 0x5565
[5219] [M]: 0x80035170 (0x55650513) addi a0, a0, 1366
x10 <- 0x55555556


mem[X,0x80035174] -> 0x55B7
mem[X,0x80035176] -> 0xFFFF
[5220] [M]: 0x80035174 (0xFFFF55B7) lui a1, 1048565
x11 <- 0xFFFF5000


mem[X,0x80035178] -> 0x8593
mem[X,0x8003517A] -> 0xAFC5
[5221] [M]: 0x80035178 (0xAFC58593) addi a1, a1, 2812
x11 <- 0xFFFF4AFC


mem[X,0x8003517C] -> 0x0613
mem[X,0x8003517E] -> 0x0000
[5222] [M]: 0x8003517C (0x00000613) addi a2, zero, 0
x12 <- 0x00000000


mem[X,0x80035180] -> 0x006F
mem[X,0x80035182] -> 0x0140
[5223] [M]: 0x80035180 (0x0140006F) jal zero, 20


mem[X,0x80035194] -> 0x58E3
mem[X,0x80035196] -> 0xFEB5
[5224] [M]: 0x80035194 (0xFEB558E3) bge a0, a1, 8176


mem[X,0x80035184] -> 0x0613
mem[X,0x80035186] -> 0x0016
[5225] [M]: 0x80035184 (0x00160613) addi a2, a2, 1
x12 <- 0x00000001


mem[X,0x80035188] -> 0x006F
mem[X,0x8003518A] -> 0x0200
[5226] [M]: 0x80035188 (0x0200006F) jal zero, 32


mem[X,0x800351A8] -> 0x2A23
mem[X,0x800351AA] -> 0x04C2
[5227] [M]: 0x800351A8 (0x04C22A23) sw a2, 84(tp)
mem[0x8003AABC] <- 0x00000001


mem[X,0x800351AC] -> 0x5537
mem[X,0x800351AE] -> 0x5555
[5228] [M]: 0x800351AC (0x55555537) lui a0, 349525
x10 <- 0x55555000


mem[X,0x800351B0] -> 0x0513
mem[X,0x800351B2] -> 0x5565
[5229] [M]: 0x800351B0 (0x55650513) addi a0, a0, 1366
x10 <- 0x55555556


mem[X,0x800351B4] -> 0xB5B7
mem[X,0x800351B6] -> 0x0000
[5230] [M]: 0x800351B4 (0x0000B5B7) lui a1, 11
x11 <- 0x0000B000


mem[X,0x800351B8] -> 0x8593
mem[X,0x800351BA] -> 0x5045
[5231] [M]: 0x800351B8 (0x50458593) addi a1, a1, 1284
x11 <- 0x0000B504


mem[X,0x800351BC] -> 0x0613
mem[X,0x800351BE] -> 0x0000
[5232] [M]: 0x800351BC (0x00000613) addi a2, zero, 0
x12 <- 0x00000000


mem[X,0x800351C0] -> 0x006F
mem[X,0x800351C2] -> 0x00C0
[5233] [M]: 0x800351C0 (0x00C0006F) jal zero, 12


mem[X,0x800351CC] -> 0x5663
mem[X,0x800351CE] -> 0x00B5
[5234] [M]: 0x800351CC (0x00B55663) bge a0, a1, 12


mem[X,0x800351D8] -> 0x0613
mem[X,0x800351DA] -> 0x0036
[5235] [M]: 0x800351D8 (0x00360613) addi a2, a2, 3
x12 <- 0x00000003


mem[X,0x800351DC] -> 0x006F
mem[X,0x800351DE] -> 0x0040
[5236] [M]: 0x800351DC (0x0040006F) jal zero, 4


mem[X,0x800351E0] -> 0x2C23
mem[X,0x800351E2] -> 0x04C2
[5237] [M]: 0x800351E0 (0x04C22C23) sw a2, 88(tp)
mem[0x8003AAC0] <- 0x00000003


mem[X,0x800351E4] -> 0x5537
mem[X,0x800351E6] -> 0x5555
[5238] [M]: 0x800351E4 (0x55555537) lui a0, 349525
x10 <- 0x55555000


mem[X,0x800351E8] -> 0x0513
mem[X,0x800351EA] -> 0x5565
[5239] [M]: 0x800351E8 (0x55650513) addi a0, a0, 1366
x10 <- 0x55555556


mem[X,0x800351EC] -> 0x0593
mem[X,0x800351EE] -> 0x0020
[5240] [M]: 0x800351EC (0x00200593) addi a1, zero, 2
x11 <- 0x00000002


mem[X,0x800351F0] -> 0x0613
mem[X,0x800351F2] -> 0x0000
[5241] [M]: 0x800351F0 (0x00000613) addi a2, zero, 0
x12 <- 0x00000000


mem[X,0x800351F4] -> 0x006F
mem[X,0x800351F6] -> 0x00C0
[5242] [M]: 0x800351F4 (0x00C0006F) jal zero, 12


mem[X,0x80035200] -> 0x5CE3
mem[X,0x80035202] -> 0xFEB5
[5243] [M]: 0x80035200 (0xFEB55CE3) bge a0, a1, 8184


mem[X,0x800351F8] -> 0x0613
mem[X,0x800351FA] -> 0x0016
[5244] [M]: 0x800351F8 (0x00160613) addi a2, a2, 1
x12 <- 0x00000001


mem[X,0x800351FC] -> 0x006F
mem[X,0x800351FE] -> 0x0180
[5245] [M]: 0x800351FC (0x0180006F) jal zero, 24


mem[X,0x80035214] -> 0x2E23
mem[X,0x80035216] -> 0x04C2
[5246] [M]: 0x80035214 (0x04C22E23) sw a2, 92(tp)
mem[0x8003AAC4] <- 0x00000001


mem[X,0x80035218] -> 0x5537
mem[X,0x8003521A] -> 0x5555
[5247] [M]: 0x80035218 (0x55555537) lui a0, 349525
x10 <- 0x55555000


mem[X,0x8003521C] -> 0x0513
mem[X,0x8003521E] -> 0x5565
[5248] [M]: 0x8003521C (0x55650513) addi a0, a0, 1366
x10 <- 0x55555556


mem[X,0x80035220] -> 0x55B7
mem[X,0x80035222] -> 0x5555
[5249] [M]: 0x80035220 (0x555555B7) lui a1, 349525
x11 <- 0x55555000


mem[X,0x80035224] -> 0x8593
mem[X,0x80035226] -> 0x5545
[5250] [M]: 0x80035224 (0x55458593) addi a1, a1, 1364
x11 <- 0x55555554


mem[X,0x80035228] -> 0x0613
mem[X,0x8003522A] -> 0x0000
[5251] [M]: 0x80035228 (0x00000613) addi a2, zero, 0
x12 <- 0x00000000


mem[X,0x8003522C] -> 0x006F
mem[X,0x8003522E] -> 0x00C0
[5252] [M]: 0x8003522C (0x00C0006F) jal zero, 12


mem[X,0x80035238] -> 0x5663
mem[X,0x8003523A] -> 0x00B5
[5253] [M]: 0x80035238 (0x00B55663) bge a0, a1, 12


mem[X,0x80035244] -> 0x0613
mem[X,0x80035246] -> 0x0036
[5254] [M]: 0x80035244 (0x00360613) addi a2, a2, 3
x12 <- 0x00000003


mem[X,0x80035248] -> 0x006F
mem[X,0x8003524A] -> 0x0040
[5255] [M]: 0x80035248 (0x0040006F) jal zero, 4


mem[X,0x8003524C] -> 0x2023
mem[X,0x8003524E] -> 0x06C2
[5256] [M]: 0x8003524C (0x06C22023) sw a2, 96(tp)
mem[0x8003AAC8] <- 0x00000003


mem[X,0x80035250] -> 0x5537
mem[X,0x80035252] -> 0x5555
[5257] [M]: 0x80035250 (0x55555537) lui a0, 349525
x10 <- 0x55555000


mem[X,0x80035254] -> 0x0513
mem[X,0x80035256] -> 0x5565
[5258] [M]: 0x80035254 (0x55650513) addi a0, a0, 1366
x10 <- 0x55555556


mem[X,0x80035258] -> 0x0593
mem[X,0x8003525A] -> 0x0000
[5259] [M]: 0x80035258 (0x00000593) addi a1, zero, 0
x11 <- 0x00000000


mem[X,0x8003525C] -> 0x0613
mem[X,0x8003525E] -> 0x0000
[5260] [M]: 0x8003525C (0x00000613) addi a2, zero, 0
x12 <- 0x00000000


mem[X,0x80035260] -> 0x006F
mem[X,0x80035262] -> 0x00C0
[5261] [M]: 0x80035260 (0x00C0006F) jal zero, 12


mem[X,0x8003526C] -> 0x5663
mem[X,0x8003526E] -> 0x00B5
[5262] [M]: 0x8003526C (0x00B55663) bge a0, a1, 12


mem[X,0x80035278] -> 0x0613
mem[X,0x8003527A] -> 0x0036
[5263] [M]: 0x80035278 (0x00360613) addi a2, a2, 3
x12 <- 0x00000003


mem[X,0x8003527C] -> 0x006F
mem[X,0x8003527E] -> 0x0040
[5264] [M]: 0x8003527C (0x0040006F) jal zero, 4


mem[X,0x80035280] -> 0x2223
mem[X,0x80035282] -> 0x06C2
[5265] [M]: 0x80035280 (0x06C22223) sw a2, 100(tp)
mem[0x8003AACC] <- 0x00000003


mem[X,0x80035284] -> 0x5537
mem[X,0x80035286] -> 0x5555
[5266] [M]: 0x80035284 (0x55555537) lui a0, 349525
x10 <- 0x55555000


mem[X,0x80035288] -> 0x0513
mem[X,0x8003528A] -> 0x5565
[5267] [M]: 0x80035288 (0x55650513) addi a0, a0, 1366
x10 <- 0x55555556


mem[X,0x8003528C] -> 0x0593
mem[X,0x8003528E] -> 0x0040
[5268] [M]: 0x8003528C (0x00400593) addi a1, zero, 4
x11 <- 0x00000004


mem[X,0x80035290] -> 0x0613
mem[X,0x80035292] -> 0x0000
[5269] [M]: 0x80035290 (0x00000613) addi a2, zero, 0
x12 <- 0x00000000


mem[X,0x80035294] -> 0x006F
mem[X,0x80035296] -> 0x2B10
[5270] [M]: 0x80035294 (0x2B10006F) jal zero, 2736


mem[X,0x80035D44] -> 0x5A63
mem[X,0x80035D46] -> 0xD4B5
[5271] [M]: 0x80035D44 (0xD4B55A63) bge a0, a1, 5460


mem[X,0x80035298] -> 0x0613
mem[X,0x8003529A] -> 0x0016
[5272] [M]: 0x80035298 (0x00160613) addi a2, a2, 1
x12 <- 0x00000001


mem[X,0x8003529C] -> 0x006F
mem[X,0x8003529E] -> 0x2BD0
[5273] [M]: 0x8003529C (0x2BD0006F) jal zero, 2748


mem[X,0x80035D58] -> 0x2423
mem[X,0x80035D5A] -> 0x06C2
[5274] [M]: 0x80035D58 (0x06C22423) sw a2, 104(tp)
mem[0x8003AAD0] <- 0x00000001


mem[X,0x80035D5C] -> 0x5537
mem[X,0x80035D5E] -> 0x5555
[5275] [M]: 0x80035D5C (0x55555537) lui a0, 349525
x10 <- 0x55555000


mem[X,0x80035D60] -> 0x0513
mem[X,0x80035D62] -> 0x5565
[5276] [M]: 0x80035D60 (0x55650513) addi a0, a0, 1366
x10 <- 0x55555556


mem[X,0x80035D64] -> 0x35B7
mem[X,0x80035D66] -> 0x3333
[5277] [M]: 0x80035D64 (0x333335B7) lui a1, 209715
x11 <- 0x33333000


mem[X,0x80035D68] -> 0x8593
mem[X,0x80035D6A] -> 0x3325
[5278] [M]: 0x80035D68 (0x33258593) addi a1, a1, 818
x11 <- 0x33333332


mem[X,0x80035D6C] -> 0x0613
mem[X,0x80035D6E] -> 0x0000
[5279] [M]: 0x80035D6C (0x00000613) addi a2, zero, 0
x12 <- 0x00000000


mem[X,0x80035D70] -> 0x006F
mem[X,0x80035D72] -> 0x00C0
[5280] [M]: 0x80035D70 (0x00C0006F) jal zero, 12


mem[X,0x80035D7C] -> 0x5063
mem[X,0x80035D7E] -> 0x08B5
[5281] [M]: 0x80035D7C (0x08B55063) bge a0, a1, 128


mem[X,0x80035DFC] -> 0x0613
mem[X,0x80035DFE] -> 0x0036
[5282] [M]: 0x80035DFC (0x00360613) addi a2, a2, 3
x12 <- 0x00000003


mem[X,0x80035E00] -> 0x006F
mem[X,0x80035E02] -> 0x0040
[5283] [M]: 0x80035E00 (0x0040006F) jal zero, 4


mem[X,0x80035E04] -> 0x2623
mem[X,0x80035E06] -> 0x06C2
[5284] [M]: 0x80035E04 (0x06C22623) sw a2, 108(tp)
mem[0x8003AAD4] <- 0x00000003


mem[X,0x80035E08] -> 0x5537
mem[X,0x80035E0A] -> 0x5555
[5285] [M]: 0x80035E08 (0x55555537) lui a0, 349525
x10 <- 0x55555000


mem[X,0x80035E0C] -> 0x0513
mem[X,0x80035E0E] -> 0x5565
[5286] [M]: 0x80035E0C (0x55650513) addi a0, a0, 1366
x10 <- 0x55555556


mem[X,0x80035E10] -> 0x65B7
mem[X,0x80035E12] -> 0x6666
[5287] [M]: 0x80035E10 (0x666665B7) lui a1, 419430
x11 <- 0x66666000


mem[X,0x80035E14] -> 0x8593
mem[X,0x80035E16] -> 0x6655
[5288] [M]: 0x80035E14 (0x66558593) addi a1, a1, 1637
x11 <- 0x66666665


mem[X,0x80035E18] -> 0x0613
mem[X,0x80035E1A] -> 0x0000
[5289] [M]: 0x80035E18 (0x00000613) addi a2, zero, 0
x12 <- 0x00000000


mem[X,0x80035E1C] -> 0x006F
mem[X,0x80035E1E] -> 0x00C0
[5290] [M]: 0x80035E1C (0x00C0006F) jal zero, 12


mem[X,0x80035E28] -> 0x5663
mem[X,0x80035E2A] -> 0x00B5
[5291] [M]: 0x80035E28 (0x00B55663) bge a0, a1, 12


mem[X,0x80035E2C] -> 0x0613
mem[X,0x80035E2E] -> 0x0026
[5292] [M]: 0x80035E2C (0x00260613) addi a2, a2, 2
x12 <- 0x00000002


mem[X,0x80035E30] -> 0x006F
mem[X,0x80035E32] -> 0x00C0
[5293] [M]: 0x80035E30 (0x00C0006F) jal zero, 12


mem[X,0x80035E3C] -> 0x2823
mem[X,0x80035E3E] -> 0x06C2
[5294] [M]: 0x80035E3C (0x06C22823) sw a2, 112(tp)
mem[0x8003AAD8] <- 0x00000002


mem[X,0x80035E40] -> 0x5537
mem[X,0x80035E42] -> 0x5555
[5295] [M]: 0x80035E40 (0x55555537) lui a0, 349525
x10 <- 0x55555000


mem[X,0x80035E44] -> 0x0513
mem[X,0x80035E46] -> 0x5565
[5296] [M]: 0x80035E44 (0x55650513) addi a0, a0, 1366
x10 <- 0x55555556


mem[X,0x80035E48] -> 0xB5B7
mem[X,0x80035E4A] -> 0x0000
[5297] [M]: 0x80035E48 (0x0000B5B7) lui a1, 11
x11 <- 0x0000B000


mem[X,0x80035E4C] -> 0x8593
mem[X,0x80035E4E] -> 0x5035
[5298] [M]: 0x80035E4C (0x50358593) addi a1, a1, 1283
x11 <- 0x0000B503


mem[X,0x80035E50] -> 0x0613
mem[X,0x80035E52] -> 0x0000
[5299] [M]: 0x80035E50 (0x00000613) addi a2, zero, 0
x12 <- 0x00000000


clint::tick mtime <- 0x0000000000000035
 clint timer pending at mtime 0x0000000000000035
htif::tick 0x0000000000000000
mem[X,0x80035E54] -> 0x006F
mem[X,0x80035E56] -> 0x00C0
[5300] [M]: 0x80035E54 (0x00C0006F) jal zero, 12


mem[X,0x80035E60] -> 0x5CE3
mem[X,0x80035E62] -> 0xFEB5
[5301] [M]: 0x80035E60 (0xFEB55CE3) bge a0, a1, 8184


mem[X,0x80035E58] -> 0x0613
mem[X,0x80035E5A] -> 0x0016
[5302] [M]: 0x80035E58 (0x00160613) addi a2, a2, 1
x12 <- 0x00000001


mem[X,0x80035E5C] -> 0x006F
mem[X,0x80035E5E] -> 0x0180
[5303] [M]: 0x80035E5C (0x0180006F) jal zero, 24


mem[X,0x80035E74] -> 0x2A23
mem[X,0x80035E76] -> 0x06C2
[5304] [M]: 0x80035E74 (0x06C22A23) sw a2, 116(tp)
mem[0x8003AADC] <- 0x00000001


mem[X,0x80035E78] -> 0x5537
mem[X,0x80035E7A] -> 0x5555
[5305] [M]: 0x80035E78 (0x55555537) lui a0, 349525
x10 <- 0x55555000


mem[X,0x80035E7C] -> 0x0513
mem[X,0x80035E7E] -> 0x5565
[5306] [M]: 0x80035E7C (0x55650513) addi a0, a0, 1366
x10 <- 0x55555556


mem[X,0x80035E80] -> 0x55B7
mem[X,0x80035E82] -> 0x5555
[5307] [M]: 0x80035E80 (0x555555B7) lui a1, 349525
x11 <- 0x55555000


mem[X,0x80035E84] -> 0x8593
mem[X,0x80035E86] -> 0x5565
[5308] [M]: 0x80035E84 (0x55658593) addi a1, a1, 1366
x11 <- 0x55555556


mem[X,0x80035E88] -> 0x0613
mem[X,0x80035E8A] -> 0x0000
[5309] [M]: 0x80035E88 (0x00000613) addi a2, zero, 0
x12 <- 0x00000000


mem[X,0x80035E8C] -> 0x006F
mem[X,0x80035E8E] -> 0x00C0
[5310] [M]: 0x80035E8C (0x00C0006F) jal zero, 12


mem[X,0x80035E98] -> 0x5663
mem[X,0x80035E9A] -> 0x00B5
[5311] [M]: 0x80035E98 (0x00B55663) bge a0, a1, 12


mem[X,0x80035EA4] -> 0x0613
mem[X,0x80035EA6] -> 0x0036
[5312] [M]: 0x80035EA4 (0x00360613) addi a2, a2, 3
x12 <- 0x00000003


mem[X,0x80035EA8] -> 0x006F
mem[X,0x80035EAA] -> 0x0040
[5313] [M]: 0x80035EA8 (0x0040006F) jal zero, 4


mem[X,0x80035EAC] -> 0x2C23
mem[X,0x80035EAE] -> 0x06C2
[5314] [M]: 0x80035EAC (0x06C22C23) sw a2, 120(tp)
mem[0x8003AAE0] <- 0x00000003


mem[X,0x80035EB0] -> 0x5537
mem[X,0x80035EB2] -> 0x5555
[5315] [M]: 0x80035EB0 (0x55555537) lui a0, 349525
x10 <- 0x55555000


mem[X,0x80035EB4] -> 0x0513
mem[X,0x80035EB6] -> 0x5565
[5316] [M]: 0x80035EB4 (0x55650513) addi a0, a0, 1366
x10 <- 0x55555556


mem[X,0x80035EB8] -> 0xB5B7
mem[X,0x80035EBA] -> 0xAAAA
[5317] [M]: 0x80035EB8 (0xAAAAB5B7) lui a1, 699051
x11 <- 0xAAAAB000


mem[X,0x80035EBC] -> 0x8593
mem[X,0x80035EBE] -> 0xAAB5
[5318] [M]: 0x80035EBC (0xAAB58593) addi a1, a1, 2731
x11 <- 0xAAAAAAAB


mem[X,0x80035EC0] -> 0x0613
mem[X,0x80035EC2] -> 0x0000
[5319] [M]: 0x80035EC0 (0x00000613) addi a2, zero, 0
x12 <- 0x00000000


mem[X,0x80035EC4] -> 0x006F
mem[X,0x80035EC6] -> 0x2B10
[5320] [M]: 0x80035EC4 (0x2B10006F) jal zero, 2736


mem[X,0x80036974] -> 0x5A63
mem[X,0x80036976] -> 0xD4B5
[5321] [M]: 0x80036974 (0xD4B55A63) bge a0, a1, 5460


mem[X,0x80035EC8] -> 0x0613
mem[X,0x80035ECA] -> 0x0016
[5322] [M]: 0x80035EC8 (0x00160613) addi a2, a2, 1
x12 <- 0x00000001


mem[X,0x80035ECC] -> 0x006F
mem[X,0x80035ECE] -> 0x2BD0
[5323] [M]: 0x80035ECC (0x2BD0006F) jal zero, 2748


mem[X,0x80036988] -> 0x2E23
mem[X,0x8003698A] -> 0x06C2
[5324] [M]: 0x80036988 (0x06C22E23) sw a2, 124(tp)
mem[0x8003AAE4] <- 0x00000001


mem[X,0x8003698C] -> 0x5537
mem[X,0x8003698E] -> 0x5555
[5325] [M]: 0x8003698C (0x55555537) lui a0, 349525
x10 <- 0x55555000


mem[X,0x80036990] -> 0x0513
mem[X,0x80036992] -> 0x5565
[5326] [M]: 0x80036990 (0x55650513) addi a0, a0, 1366
x10 <- 0x55555556


mem[X,0x80036994] -> 0x0593
mem[X,0x80036996] -> 0x0060
[5327] [M]: 0x80036994 (0x00600593) addi a1, zero, 6
x11 <- 0x00000006


mem[X,0x80036998] -> 0x0613
mem[X,0x8003699A] -> 0x0000
[5328] [M]: 0x80036998 (0x00000613) addi a2, zero, 0
x12 <- 0x00000000


mem[X,0x8003699C] -> 0x006F
mem[X,0x8003699E] -> 0x00C0
[5329] [M]: 0x8003699C (0x00C0006F) jal zero, 12


mem[X,0x800369A8] -> 0x5CE3
mem[X,0x800369AA] -> 0xFEB5
[5330] [M]: 0x800369A8 (0xFEB55CE3) bge a0, a1, 8184


mem[X,0x800369A0] -> 0x0613
mem[X,0x800369A2] -> 0x0016
[5331] [M]: 0x800369A0 (0x00160613) addi a2, a2, 1
x12 <- 0x00000001


mem[X,0x800369A4] -> 0x006F
mem[X,0x800369A6] -> 0x0180
[5332] [M]: 0x800369A4 (0x0180006F) jal zero, 24


mem[X,0x800369BC] -> 0x2023
mem[X,0x800369BE] -> 0x08C2
[5333] [M]: 0x800369BC (0x08C22023) sw a2, 128(tp)
mem[0x8003AAE8] <- 0x00000001


mem[X,0x800369C0] -> 0x5537
mem[X,0x800369C2] -> 0x5555
[5334] [M]: 0x800369C0 (0x55555537) lui a0, 349525
x10 <- 0x55555000


mem[X,0x800369C4] -> 0x0513
mem[X,0x800369C6] -> 0x5565
[5335] [M]: 0x800369C4 (0x55650513) addi a0, a0, 1366
x10 <- 0x55555556


mem[X,0x800369C8] -> 0x35B7
mem[X,0x800369CA] -> 0x3333
[5336] [M]: 0x800369C8 (0x333335B7) lui a1, 209715
x11 <- 0x33333000


mem[X,0x800369CC] -> 0x8593
mem[X,0x800369CE] -> 0x3345
[5337] [M]: 0x800369CC (0x33458593) addi a1, a1, 820
x11 <- 0x33333334


mem[X,0x800369D0] -> 0x0613
mem[X,0x800369D2] -> 0x0000
[5338] [M]: 0x800369D0 (0x00000613) addi a2, zero, 0
x12 <- 0x00000000


mem[X,0x800369D4] -> 0x006F
mem[X,0x800369D6] -> 0x2B10
[5339] [M]: 0x800369D4 (0x2B10006F) jal zero, 2736


mem[X,0x80037484] -> 0x5A63
mem[X,0x80037486] -> 0xD4B5
[5340] [M]: 0x80037484 (0xD4B55A63) bge a0, a1, 5460


mem[X,0x800369D8] -> 0x0613
mem[X,0x800369DA] -> 0x0016
[5341] [M]: 0x800369D8 (0x00160613) addi a2, a2, 1
x12 <- 0x00000001


mem[X,0x800369DC] -> 0x006F
mem[X,0x800369DE] -> 0x2BD0
[5342] [M]: 0x800369DC (0x2BD0006F) jal zero, 2748


mem[X,0x80037498] -> 0x2223
mem[X,0x8003749A] -> 0x08C2
[5343] [M]: 0x80037498 (0x08C22223) sw a2, 132(tp)
mem[0x8003AAEC] <- 0x00000001


mem[X,0x8003749C] -> 0x5537
mem[X,0x8003749E] -> 0x5555
[5344] [M]: 0x8003749C (0x55555537) lui a0, 349525
x10 <- 0x55555000


mem[X,0x800374A0] -> 0x0513
mem[X,0x800374A2] -> 0x5565
[5345] [M]: 0x800374A0 (0x55650513) addi a0, a0, 1366
x10 <- 0x55555556


mem[X,0x800374A4] -> 0x65B7
mem[X,0x800374A6] -> 0x6666
[5346] [M]: 0x800374A4 (0x666665B7) lui a1, 419430
x11 <- 0x66666000


mem[X,0x800374A8] -> 0x8593
mem[X,0x800374AA] -> 0x6675
[5347] [M]: 0x800374A8 (0x66758593) addi a1, a1, 1639
x11 <- 0x66666667


mem[X,0x800374AC] -> 0x0613
mem[X,0x800374AE] -> 0x0000
[5348] [M]: 0x800374AC (0x00000613) addi a2, zero, 0
x12 <- 0x00000000


mem[X,0x800374B0] -> 0x006F
mem[X,0x800374B2] -> 0x00C0
[5349] [M]: 0x800374B0 (0x00C0006F) jal zero, 12


mem[X,0x800374BC] -> 0x5663
mem[X,0x800374BE] -> 0x00B5
[5350] [M]: 0x800374BC (0x00B55663) bge a0, a1, 12


mem[X,0x800374C0] -> 0x0613
mem[X,0x800374C2] -> 0x0026
[5351] [M]: 0x800374C0 (0x00260613) addi a2, a2, 2
x12 <- 0x00000002


mem[X,0x800374C4] -> 0x006F
mem[X,0x800374C6] -> 0x00C0
[5352] [M]: 0x800374C4 (0x00C0006F) jal zero, 12


mem[X,0x800374D0] -> 0x2423
mem[X,0x800374D2] -> 0x08C2
[5353] [M]: 0x800374D0 (0x08C22423) sw a2, 136(tp)
mem[0x8003AAF0] <- 0x00000002


mem[X,0x800374D4] -> 0x5537
mem[X,0x800374D6] -> 0x5555
[5354] [M]: 0x800374D4 (0x55555537) lui a0, 349525
x10 <- 0x55555000


mem[X,0x800374D8] -> 0x0513
mem[X,0x800374DA] -> 0x5565
[5355] [M]: 0x800374D8 (0x55650513) addi a0, a0, 1366
x10 <- 0x55555556


mem[X,0x800374DC] -> 0x55B7
mem[X,0x800374DE] -> 0xFFFF
[5356] [M]: 0x800374DC (0xFFFF55B7) lui a1, 1048565
x11 <- 0xFFFF5000


mem[X,0x800374E0] -> 0x8593
mem[X,0x800374E2] -> 0xAFD5
[5357] [M]: 0x800374E0 (0xAFD58593) addi a1, a1, 2813
x11 <- 0xFFFF4AFD


mem[X,0x800374E4] -> 0x0613
mem[X,0x800374E6] -> 0x0000
[5358] [M]: 0x800374E4 (0x00000613) addi a2, zero, 0
x12 <- 0x00000000


mem[X,0x800374E8] -> 0x006F
mem[X,0x800374EA] -> 0x00C0
[5359] [M]: 0x800374E8 (0x00C0006F) jal zero, 12


mem[X,0x800374F4] -> 0x5063
mem[X,0x800374F6] -> 0x04B5
[5360] [M]: 0x800374F4 (0x04B55063) bge a0, a1, 64


mem[X,0x80037534] -> 0x0613
mem[X,0x80037536] -> 0x0036
[5361] [M]: 0x80037534 (0x00360613) addi a2, a2, 3
x12 <- 0x00000003


mem[X,0x80037538] -> 0x006F
mem[X,0x8003753A] -> 0x0040
[5362] [M]: 0x80037538 (0x0040006F) jal zero, 4


mem[X,0x8003753C] -> 0x2623
mem[X,0x8003753E] -> 0x08C2
[5363] [M]: 0x8003753C (0x08C22623) sw a2, 140(tp)
mem[0x8003AAF4] <- 0x00000003


mem[X,0x80037540] -> 0x5537
mem[X,0x80037542] -> 0x5555
[5364] [M]: 0x80037540 (0x55555537) lui a0, 349525
x10 <- 0x55555000


mem[X,0x80037544] -> 0x0513
mem[X,0x80037546] -> 0x5565
[5365] [M]: 0x80037544 (0x55650513) addi a0, a0, 1366
x10 <- 0x55555556


mem[X,0x80037548] -> 0xB5B7
mem[X,0x8003754A] -> 0x0000
[5366] [M]: 0x80037548 (0x0000B5B7) lui a1, 11
x11 <- 0x0000B000


mem[X,0x8003754C] -> 0x8593
mem[X,0x8003754E] -> 0x5055
[5367] [M]: 0x8003754C (0x50558593) addi a1, a1, 1285
x11 <- 0x0000B505


mem[X,0x80037550] -> 0x0613
mem[X,0x80037552] -> 0x0000
[5368] [M]: 0x80037550 (0x00000613) addi a2, zero, 0
x12 <- 0x00000000


mem[X,0x80037554] -> 0x006F
mem[X,0x80037556] -> 0x00C0
[5369] [M]: 0x80037554 (0x00C0006F) jal zero, 12


mem[X,0x80037560] -> 0x5CE3
mem[X,0x80037562] -> 0xFEB5
[5370] [M]: 0x80037560 (0xFEB55CE3) bge a0, a1, 8184


mem[X,0x80037558] -> 0x0613
mem[X,0x8003755A] -> 0x0016
[5371] [M]: 0x80037558 (0x00160613) addi a2, a2, 1
x12 <- 0x00000001


mem[X,0x8003755C] -> 0x006F
mem[X,0x8003755E] -> 0x0180
[5372] [M]: 0x8003755C (0x0180006F) jal zero, 24


mem[X,0x80037574] -> 0x2823
mem[X,0x80037576] -> 0x08C2
[5373] [M]: 0x80037574 (0x08C22823) sw a2, 144(tp)
mem[0x8003AAF8] <- 0x00000001


mem[X,0x80037578] -> 0xB537
mem[X,0x8003757A] -> 0xAAAA
[5374] [M]: 0x80037578 (0xAAAAB537) lui a0, 699051
x10 <- 0xAAAAB000


mem[X,0x8003757C] -> 0x0513
mem[X,0x8003757E] -> 0xAAB5
[5375] [M]: 0x8003757C (0xAAB50513) addi a0, a0, 2731
x10 <- 0xAAAAAAAB


mem[X,0x80037580] -> 0x0593
mem[X,0x80037582] -> 0x0030
[5376] [M]: 0x80037580 (0x00300593) addi a1, zero, 3
x11 <- 0x00000003


mem[X,0x80037584] -> 0x0613
mem[X,0x80037586] -> 0x0000
[5377] [M]: 0x80037584 (0x00000613) addi a2, zero, 0
x12 <- 0x00000000


mem[X,0x80037588] -> 0x006F
mem[X,0x8003758A] -> 0x0100
[5378] [M]: 0x80037588 (0x0100006F) jal zero, 16


mem[X,0x80037598] -> 0x5AE3
mem[X,0x8003759A] -> 0xFEB5
[5379] [M]: 0x80037598 (0xFEB55AE3) bge a0, a1, 8180


mem[X,0x8003759C] -> 0x0613
mem[X,0x8003759E] -> 0x0026
[5380] [M]: 0x8003759C (0x00260613) addi a2, a2, 2
x12 <- 0x00000002


mem[X,0x800375A0] -> 0x006F
mem[X,0x800375A2] -> 0x00C0
[5381] [M]: 0x800375A0 (0x00C0006F) jal zero, 12


mem[X,0x800375AC] -> 0x2A23
mem[X,0x800375AE] -> 0x08C2
[5382] [M]: 0x800375AC (0x08C22A23) sw a2, 148(tp)
mem[0x8003AAFC] <- 0x00000002


mem[X,0x800375B0] -> 0xB537
mem[X,0x800375B2] -> 0xAAAA
[5383] [M]: 0x800375B0 (0xAAAAB537) lui a0, 699051
x10 <- 0xAAAAB000


mem[X,0x800375B4] -> 0x0513
mem[X,0x800375B6] -> 0xAAB5
[5384] [M]: 0x800375B4 (0xAAB50513) addi a0, a0, 2731
x10 <- 0xAAAAAAAB


mem[X,0x800375B8] -> 0x55B7
mem[X,0x800375BA] -> 0x5555
[5385] [M]: 0x800375B8 (0x555555B7) lui a1, 349525
x11 <- 0x55555000


mem[X,0x800375BC] -> 0x8593
mem[X,0x800375BE] -> 0x5555
[5386] [M]: 0x800375BC (0x55558593) addi a1, a1, 1365
x11 <- 0x55555555


mem[X,0x800375C0] -> 0x0613
mem[X,0x800375C2] -> 0x0000
[5387] [M]: 0x800375C0 (0x00000613) addi a2, zero, 0
x12 <- 0x00000000


mem[X,0x800375C4] -> 0x006F
mem[X,0x800375C6] -> 0x0180
[5388] [M]: 0x800375C4 (0x0180006F) jal zero, 24


mem[X,0x800375DC] -> 0x56E3
mem[X,0x800375DE] -> 0xFEB5
[5389] [M]: 0x800375DC (0xFEB556E3) bge a0, a1, 8172


mem[X,0x800375E0] -> 0x0613
mem[X,0x800375E2] -> 0x0026
[5390] [M]: 0x800375E0 (0x00260613) addi a2, a2, 2
x12 <- 0x00000002


mem[X,0x800375E4] -> 0x006F
mem[X,0x800375E6] -> 0x00C0
[5391] [M]: 0x800375E4 (0x00C0006F) jal zero, 12


mem[X,0x800375F0] -> 0x2C23
mem[X,0x800375F2] -> 0x08C2
[5392] [M]: 0x800375F0 (0x08C22C23) sw a2, 152(tp)
mem[0x8003AB00] <- 0x00000002


mem[X,0x800375F4] -> 0xB537
mem[X,0x800375F6] -> 0xAAAA
[5393] [M]: 0x800375F4 (0xAAAAB537) lui a0, 699051
x10 <- 0xAAAAB000


mem[X,0x800375F8] -> 0x0513
mem[X,0x800375FA] -> 0xAAB5
[5394] [M]: 0x800375F8 (0xAAB50513) addi a0, a0, 2731
x10 <- 0xAAAAAAAB


mem[X,0x800375FC] -> 0xB5B7
mem[X,0x800375FE] -> 0xAAAA
[5395] [M]: 0x800375FC (0xAAAAB5B7) lui a1, 699051
x11 <- 0xAAAAB000


mem[X,0x80037600] -> 0x8593
mem[X,0x80037602] -> 0xAAA5
[5396] [M]: 0x80037600 (0xAAA58593) addi a1, a1, 2730
x11 <- 0xAAAAAAAA


mem[X,0x80037604] -> 0x0613
mem[X,0x80037606] -> 0x0000
[5397] [M]: 0x80037604 (0x00000613) addi a2, zero, 0
x12 <- 0x00000000


mem[X,0x80037608] -> 0x006F
mem[X,0x8003760A] -> 0x00C0
[5398] [M]: 0x80037608 (0x00C0006F) jal zero, 12


mem[X,0x80037614] -> 0x5063
mem[X,0x80037616] -> 0x20B5
[5399] [M]: 0x80037614 (0x20B55063) bge a0, a1, 512


clint::tick mtime <- 0x0000000000000036
 clint timer pending at mtime 0x0000000000000036
htif::tick 0x0000000000000000
mem[X,0x80037814] -> 0x0613
mem[X,0x80037816] -> 0x0036
[5400] [M]: 0x80037814 (0x00360613) addi a2, a2, 3
x12 <- 0x00000003


mem[X,0x80037818] -> 0x006F
mem[X,0x8003781A] -> 0x0040
[5401] [M]: 0x80037818 (0x0040006F) jal zero, 4


mem[X,0x8003781C] -> 0x2E23
mem[X,0x8003781E] -> 0x08C2
[5402] [M]: 0x8003781C (0x08C22E23) sw a2, 156(tp)
mem[0x8003AB04] <- 0x00000003


mem[X,0x80037820] -> 0xB537
mem[X,0x80037822] -> 0xAAAA
[5403] [M]: 0x80037820 (0xAAAAB537) lui a0, 699051
x10 <- 0xAAAAB000


mem[X,0x80037824] -> 0x0513
mem[X,0x80037826] -> 0xAAB5
[5404] [M]: 0x80037824 (0xAAB50513) addi a0, a0, 2731
x10 <- 0xAAAAAAAB


mem[X,0x80037828] -> 0x0593
mem[X,0x8003782A] -> 0x0050
[5405] [M]: 0x80037828 (0x00500593) addi a1, zero, 5
x11 <- 0x00000005


mem[X,0x8003782C] -> 0x0613
mem[X,0x8003782E] -> 0x0000
[5406] [M]: 0x8003782C (0x00000613) addi a2, zero, 0
x12 <- 0x00000000


mem[X,0x80037830] -> 0x006F
mem[X,0x80037832] -> 0x00C0
[5407] [M]: 0x80037830 (0x00C0006F) jal zero, 12


mem[X,0x8003783C] -> 0x5063
mem[X,0x8003783E] -> 0x20B5
[5408] [M]: 0x8003783C (0x20B55063) bge a0, a1, 512


mem[X,0x80037840] -> 0x0613
mem[X,0x80037842] -> 0x0026
[5409] [M]: 0x80037840 (0x00260613) addi a2, a2, 2
x12 <- 0x00000002


mem[X,0x80037844] -> 0x006F
mem[X,0x80037846] -> 0x2000
[5410] [M]: 0x80037844 (0x2000006F) jal zero, 512


mem[X,0x80037A44] -> 0x2023
mem[X,0x80037A46] -> 0x0AC2
[5411] [M]: 0x80037A44 (0x0AC22023) sw a2, 160(tp)
mem[0x8003AB08] <- 0x00000002


mem[X,0x80037A48] -> 0xB537
mem[X,0x80037A4A] -> 0xAAAA
[5412] [M]: 0x80037A48 (0xAAAAB537) lui a0, 699051
x10 <- 0xAAAAB000


mem[X,0x80037A4C] -> 0x0513
mem[X,0x80037A4E] -> 0xAAB5
[5413] [M]: 0x80037A4C (0xAAB50513) addi a0, a0, 2731
x10 <- 0xAAAAAAAB


mem[X,0x80037A50] -> 0x35B7
mem[X,0x80037A52] -> 0x3333
[5414] [M]: 0x80037A50 (0x333335B7) lui a1, 209715
x11 <- 0x33333000


mem[X,0x80037A54] -> 0x8593
mem[X,0x80037A56] -> 0x3335
[5415] [M]: 0x80037A54 (0x33358593) addi a1, a1, 819
x11 <- 0x33333333


mem[X,0x80037A58] -> 0x0613
mem[X,0x80037A5A] -> 0x0000
[5416] [M]: 0x80037A58 (0x00000613) addi a2, zero, 0
x12 <- 0x00000000


mem[X,0x80037A5C] -> 0x006F
mem[X,0x80037A5E] -> 0x00C0
[5417] [M]: 0x80037A5C (0x00C0006F) jal zero, 12


mem[X,0x80037A68] -> 0x5063
mem[X,0x80037A6A] -> 0x08B5
[5418] [M]: 0x80037A68 (0x08B55063) bge a0, a1, 128


mem[X,0x80037A6C] -> 0x0613
mem[X,0x80037A6E] -> 0x0026
[5419] [M]: 0x80037A6C (0x00260613) addi a2, a2, 2
x12 <- 0x00000002


mem[X,0x80037A70] -> 0x006F
mem[X,0x80037A72] -> 0x0800
[5420] [M]: 0x80037A70 (0x0800006F) jal zero, 128


mem[X,0x80037AF0] -> 0x2223
mem[X,0x80037AF2] -> 0x0AC2
[5421] [M]: 0x80037AF0 (0x0AC22223) sw a2, 164(tp)
mem[0x8003AB0C] <- 0x00000002


mem[X,0x80037AF4] -> 0xB537
mem[X,0x80037AF6] -> 0xAAAA
[5422] [M]: 0x80037AF4 (0xAAAAB537) lui a0, 699051
x10 <- 0xAAAAB000


mem[X,0x80037AF8] -> 0x0513
mem[X,0x80037AFA] -> 0xAAB5
[5423] [M]: 0x80037AF8 (0xAAB50513) addi a0, a0, 2731
x10 <- 0xAAAAAAAB


mem[X,0x80037AFC] -> 0x65B7
mem[X,0x80037AFE] -> 0x6666
[5424] [M]: 0x80037AFC (0x666665B7) lui a1, 419430
x11 <- 0x66666000


mem[X,0x80037B00] -> 0x8593
mem[X,0x80037B02] -> 0x6665
[5425] [M]: 0x80037B00 (0x66658593) addi a1, a1, 1638
x11 <- 0x66666666


mem[X,0x80037B04] -> 0x0613
mem[X,0x80037B06] -> 0x0000
[5426] [M]: 0x80037B04 (0x00000613) addi a2, zero, 0
x12 <- 0x00000000


mem[X,0x80037B08] -> 0x006F
mem[X,0x80037B0A] -> 0x00C0
[5427] [M]: 0x80037B08 (0x00C0006F) jal zero, 12


mem[X,0x80037B14] -> 0x5CE3
mem[X,0x80037B16] -> 0xFEB5
[5428] [M]: 0x80037B14 (0xFEB55CE3) bge a0, a1, 8184


mem[X,0x80037B18] -> 0x0613
mem[X,0x80037B1A] -> 0x0026
[5429] [M]: 0x80037B18 (0x00260613) addi a2, a2, 2
x12 <- 0x00000002


mem[X,0x80037B1C] -> 0x006F
mem[X,0x80037B1E] -> 0x00C0
[5430] [M]: 0x80037B1C (0x00C0006F) jal zero, 12


mem[X,0x80037B28] -> 0x2423
mem[X,0x80037B2A] -> 0x0AC2
[5431] [M]: 0x80037B28 (0x0AC22423) sw a2, 168(tp)
mem[0x8003AB10] <- 0x00000002


mem[X,0x80037B2C] -> 0xB537
mem[X,0x80037B2E] -> 0xAAAA
[5432] [M]: 0x80037B2C (0xAAAAB537) lui a0, 699051
x10 <- 0xAAAAB000


mem[X,0x80037B30] -> 0x0513
mem[X,0x80037B32] -> 0xAAB5
[5433] [M]: 0x80037B30 (0xAAB50513) addi a0, a0, 2731
x10 <- 0xAAAAAAAB


mem[X,0x80037B34] -> 0x55B7
mem[X,0x80037B36] -> 0xFFFF
[5434] [M]: 0x80037B34 (0xFFFF55B7) lui a1, 1048565
x11 <- 0xFFFF5000


mem[X,0x80037B38] -> 0x8593
mem[X,0x80037B3A] -> 0xAFC5
[5435] [M]: 0x80037B38 (0xAFC58593) addi a1, a1, 2812
x11 <- 0xFFFF4AFC


mem[X,0x80037B3C] -> 0x0613
mem[X,0x80037B3E] -> 0x0000
[5436] [M]: 0x80037B3C (0x00000613) addi a2, zero, 0
x12 <- 0x00000000


mem[X,0x80037B40] -> 0x006F
mem[X,0x80037B42] -> 0x00C0
[5437] [M]: 0x80037B40 (0x00C0006F) jal zero, 12


mem[X,0x80037B4C] -> 0x5663
mem[X,0x80037B4E] -> 0x00B5
[5438] [M]: 0x80037B4C (0x00B55663) bge a0, a1, 12


mem[X,0x80037B50] -> 0x0613
mem[X,0x80037B52] -> 0x0026
[5439] [M]: 0x80037B50 (0x00260613) addi a2, a2, 2
x12 <- 0x00000002


mem[X,0x80037B54] -> 0x006F
mem[X,0x80037B56] -> 0x00C0
[5440] [M]: 0x80037B54 (0x00C0006F) jal zero, 12


mem[X,0x80037B60] -> 0x2623
mem[X,0x80037B62] -> 0x0AC2
[5441] [M]: 0x80037B60 (0x0AC22623) sw a2, 172(tp)
mem[0x8003AB14] <- 0x00000002


mem[X,0x80037B64] -> 0xB537
mem[X,0x80037B66] -> 0xAAAA
[5442] [M]: 0x80037B64 (0xAAAAB537) lui a0, 699051
x10 <- 0xAAAAB000


mem[X,0x80037B68] -> 0x0513
mem[X,0x80037B6A] -> 0xAAB5
[5443] [M]: 0x80037B68 (0xAAB50513) addi a0, a0, 2731
x10 <- 0xAAAAAAAB


mem[X,0x80037B6C] -> 0xB5B7
mem[X,0x80037B6E] -> 0x0000
[5444] [M]: 0x80037B6C (0x0000B5B7) lui a1, 11
x11 <- 0x0000B000


mem[X,0x80037B70] -> 0x8593
mem[X,0x80037B72] -> 0x5045
[5445] [M]: 0x80037B70 (0x50458593) addi a1, a1, 1284
x11 <- 0x0000B504


mem[X,0x80037B74] -> 0x0613
mem[X,0x80037B76] -> 0x0000
[5446] [M]: 0x80037B74 (0x00000613) addi a2, zero, 0
x12 <- 0x00000000


mem[X,0x80037B78] -> 0x006F
mem[X,0x80037B7A] -> 0x2B10
[5447] [M]: 0x80037B78 (0x2B10006F) jal zero, 2736


mem[X,0x80038628] -> 0x5A63
mem[X,0x8003862A] -> 0xD4B5
[5448] [M]: 0x80038628 (0xD4B55A63) bge a0, a1, 5460


mem[X,0x8003862C] -> 0x0613
mem[X,0x8003862E] -> 0x0026
[5449] [M]: 0x8003862C (0x00260613) addi a2, a2, 2
x12 <- 0x00000002


mem[X,0x80038630] -> 0x006F
mem[X,0x80038632] -> 0x00C0
[5450] [M]: 0x80038630 (0x00C0006F) jal zero, 12


mem[X,0x8003863C] -> 0x2823
mem[X,0x8003863E] -> 0x0AC2
[5451] [M]: 0x8003863C (0x0AC22823) sw a2, 176(tp)
mem[0x8003AB18] <- 0x00000002


mem[X,0x80038640] -> 0xB537
mem[X,0x80038642] -> 0xAAAA
[5452] [M]: 0x80038640 (0xAAAAB537) lui a0, 699051
x10 <- 0xAAAAB000


mem[X,0x80038644] -> 0x0513
mem[X,0x80038646] -> 0xAAB5
[5453] [M]: 0x80038644 (0xAAB50513) addi a0, a0, 2731
x10 <- 0xAAAAAAAB


mem[X,0x80038648] -> 0x0593
mem[X,0x8003864A] -> 0x0020
[5454] [M]: 0x80038648 (0x00200593) addi a1, zero, 2
x11 <- 0x00000002


mem[X,0x8003864C] -> 0x0613
mem[X,0x8003864E] -> 0x0000
[5455] [M]: 0x8003864C (0x00000613) addi a2, zero, 0
x12 <- 0x00000000


mem[X,0x80038650] -> 0x006F
mem[X,0x80038652] -> 0x0140
[5456] [M]: 0x80038650 (0x0140006F) jal zero, 20


mem[X,0x80038664] -> 0x58E3
mem[X,0x80038666] -> 0xFEB5
[5457] [M]: 0x80038664 (0xFEB558E3) bge a0, a1, 8176


mem[X,0x80038668] -> 0x0613
mem[X,0x8003866A] -> 0x0026
[5458] [M]: 0x80038668 (0x00260613) addi a2, a2, 2
x12 <- 0x00000002


mem[X,0x8003866C] -> 0x006F
mem[X,0x8003866E] -> 0x00C0
[5459] [M]: 0x8003866C (0x00C0006F) jal zero, 12


mem[X,0x80038678] -> 0x2A23
mem[X,0x8003867A] -> 0x0AC2
[5460] [M]: 0x80038678 (0x0AC22A23) sw a2, 180(tp)
mem[0x8003AB1C] <- 0x00000002


mem[X,0x8003867C] -> 0xB537
mem[X,0x8003867E] -> 0xAAAA
[5461] [M]: 0x8003867C (0xAAAAB537) lui a0, 699051
x10 <- 0xAAAAB000


mem[X,0x80038680] -> 0x0513
mem[X,0x80038682] -> 0xAAB5
[5462] [M]: 0x80038680 (0xAAB50513) addi a0, a0, 2731
x10 <- 0xAAAAAAAB


mem[X,0x80038684] -> 0x55B7
mem[X,0x80038686] -> 0x5555
[5463] [M]: 0x80038684 (0x555555B7) lui a1, 349525
x11 <- 0x55555000


mem[X,0x80038688] -> 0x8593
mem[X,0x8003868A] -> 0x5545
[5464] [M]: 0x80038688 (0x55458593) addi a1, a1, 1364
x11 <- 0x55555554


mem[X,0x8003868C] -> 0x0613
mem[X,0x8003868E] -> 0x0000
[5465] [M]: 0x8003868C (0x00000613) addi a2, zero, 0
x12 <- 0x00000000


mem[X,0x80038690] -> 0x006F
mem[X,0x80038692] -> 0x00C0
[5466] [M]: 0x80038690 (0x00C0006F) jal zero, 12


mem[X,0x8003869C] -> 0x5CE3
mem[X,0x8003869E] -> 0xFEB5
[5467] [M]: 0x8003869C (0xFEB55CE3) bge a0, a1, 8184


mem[X,0x800386A0] -> 0x0613
mem[X,0x800386A2] -> 0x0026
[5468] [M]: 0x800386A0 (0x00260613) addi a2, a2, 2
x12 <- 0x00000002


mem[X,0x800386A4] -> 0x006F
mem[X,0x800386A6] -> 0x00C0
[5469] [M]: 0x800386A4 (0x00C0006F) jal zero, 12


mem[X,0x800386B0] -> 0x2C23
mem[X,0x800386B2] -> 0x0AC2
[5470] [M]: 0x800386B0 (0x0AC22C23) sw a2, 184(tp)
mem[0x8003AB20] <- 0x00000002


mem[X,0x800386B4] -> 0xB537
mem[X,0x800386B6] -> 0xAAAA
[5471] [M]: 0x800386B4 (0xAAAAB537) lui a0, 699051
x10 <- 0xAAAAB000


mem[X,0x800386B8] -> 0x0513
mem[X,0x800386BA] -> 0xAAB5
[5472] [M]: 0x800386B8 (0xAAB50513) addi a0, a0, 2731
x10 <- 0xAAAAAAAB


mem[X,0x800386BC] -> 0x0593
mem[X,0x800386BE] -> 0x0000
[5473] [M]: 0x800386BC (0x00000593) addi a1, zero, 0
x11 <- 0x00000000


mem[X,0x800386C0] -> 0x0613
mem[X,0x800386C2] -> 0x0000
[5474] [M]: 0x800386C0 (0x00000613) addi a2, zero, 0
x12 <- 0x00000000


mem[X,0x800386C4] -> 0x006F
mem[X,0x800386C6] -> 0x00C0
[5475] [M]: 0x800386C4 (0x00C0006F) jal zero, 12


mem[X,0x800386D0] -> 0x5063
mem[X,0x800386D2] -> 0x10B5
[5476] [M]: 0x800386D0 (0x10B55063) bge a0, a1, 256


mem[X,0x800386D4] -> 0x0613
mem[X,0x800386D6] -> 0x0026
[5477] [M]: 0x800386D4 (0x00260613) addi a2, a2, 2
x12 <- 0x00000002


mem[X,0x800386D8] -> 0x006F
mem[X,0x800386DA] -> 0x1000
[5478] [M]: 0x800386D8 (0x1000006F) jal zero, 256


mem[X,0x800387D8] -> 0x2E23
mem[X,0x800387DA] -> 0x0AC2
[5479] [M]: 0x800387D8 (0x0AC22E23) sw a2, 188(tp)
mem[0x8003AB24] <- 0x00000002


mem[X,0x800387DC] -> 0xB537
mem[X,0x800387DE] -> 0xAAAA
[5480] [M]: 0x800387DC (0xAAAAB537) lui a0, 699051
x10 <- 0xAAAAB000


mem[X,0x800387E0] -> 0x0513
mem[X,0x800387E2] -> 0xAAB5
[5481] [M]: 0x800387E0 (0xAAB50513) addi a0, a0, 2731
x10 <- 0xAAAAAAAB


mem[X,0x800387E4] -> 0x0593
mem[X,0x800387E6] -> 0x0040
[5482] [M]: 0x800387E4 (0x00400593) addi a1, zero, 4
x11 <- 0x00000004


mem[X,0x800387E8] -> 0x0613
mem[X,0x800387EA] -> 0x0000
[5483] [M]: 0x800387E8 (0x00000613) addi a2, zero, 0
x12 <- 0x00000000


mem[X,0x800387EC] -> 0x006F
mem[X,0x800387EE] -> 0x00C0
[5484] [M]: 0x800387EC (0x00C0006F) jal zero, 12


mem[X,0x800387F8] -> 0x5063
mem[X,0x800387FA] -> 0x04B5
[5485] [M]: 0x800387F8 (0x04B55063) bge a0, a1, 64


mem[X,0x800387FC] -> 0x0613
mem[X,0x800387FE] -> 0x0026
[5486] [M]: 0x800387FC (0x00260613) addi a2, a2, 2
x12 <- 0x00000002


mem[X,0x80038800] -> 0x006F
mem[X,0x80038802] -> 0x0400
[5487] [M]: 0x80038800 (0x0400006F) jal zero, 64


mem[X,0x80038840] -> 0x2023
mem[X,0x80038842] -> 0x0CC2
[5488] [M]: 0x80038840 (0x0CC22023) sw a2, 192(tp)
mem[0x8003AB28] <- 0x00000002


mem[X,0x80038844] -> 0xB537
mem[X,0x80038846] -> 0xAAAA
[5489] [M]: 0x80038844 (0xAAAAB537) lui a0, 699051
x10 <- 0xAAAAB000


mem[X,0x80038848] -> 0x0513
mem[X,0x8003884A] -> 0xAAB5
[5490] [M]: 0x80038848 (0xAAB50513) addi a0, a0, 2731
x10 <- 0xAAAAAAAB


mem[X,0x8003884C] -> 0x35B7
mem[X,0x8003884E] -> 0x3333
[5491] [M]: 0x8003884C (0x333335B7) lui a1, 209715
x11 <- 0x33333000


mem[X,0x80038850] -> 0x8593
mem[X,0x80038852] -> 0x3325
[5492] [M]: 0x80038850 (0x33258593) addi a1, a1, 818
x11 <- 0x33333332


mem[X,0x80038854] -> 0x0613
mem[X,0x80038856] -> 0x0000
[5493] [M]: 0x80038854 (0x00000613) addi a2, zero, 0
x12 <- 0x00000000


mem[X,0x80038858] -> 0x006F
mem[X,0x8003885A] -> 0x00C0
[5494] [M]: 0x80038858 (0x00C0006F) jal zero, 12


mem[X,0x80038864] -> 0x5663
mem[X,0x80038866] -> 0x00B5
[5495] [M]: 0x80038864 (0x00B55663) bge a0, a1, 12


mem[X,0x80038868] -> 0x0613
mem[X,0x8003886A] -> 0x0026
[5496] [M]: 0x80038868 (0x00260613) addi a2, a2, 2
x12 <- 0x00000002


mem[X,0x8003886C] -> 0x006F
mem[X,0x8003886E] -> 0x00C0
[5497] [M]: 0x8003886C (0x00C0006F) jal zero, 12


mem[X,0x80038878] -> 0x2223
mem[X,0x8003887A] -> 0x0CC2
[5498] [M]: 0x80038878 (0x0CC22223) sw a2, 196(tp)
mem[0x8003AB2C] <- 0x00000002


mem[X,0x8003887C] -> 0xB537
mem[X,0x8003887E] -> 0xAAAA
[5499] [M]: 0x8003887C (0xAAAAB537) lui a0, 699051
x10 <- 0xAAAAB000


clint::tick mtime <- 0x0000000000000037
 clint timer pending at mtime 0x0000000000000037
htif::tick 0x0000000000000000
mem[X,0x80038880] -> 0x0513
mem[X,0x80038882] -> 0xAAB5
[5500] [M]: 0x80038880 (0xAAB50513) addi a0, a0, 2731
x10 <- 0xAAAAAAAB


mem[X,0x80038884] -> 0x65B7
mem[X,0x80038886] -> 0x6666
[5501] [M]: 0x80038884 (0x666665B7) lui a1, 419430
x11 <- 0x66666000


mem[X,0x80038888] -> 0x8593
mem[X,0x8003888A] -> 0x6655
[5502] [M]: 0x80038888 (0x66558593) addi a1, a1, 1637
x11 <- 0x66666665


mem[X,0x8003888C] -> 0x0613
mem[X,0x8003888E] -> 0x0000
[5503] [M]: 0x8003888C (0x00000613) addi a2, zero, 0
x12 <- 0x00000000


mem[X,0x80038890] -> 0x006F
mem[X,0x80038892] -> 0x00C0
[5504] [M]: 0x80038890 (0x00C0006F) jal zero, 12


mem[X,0x8003889C] -> 0x5663
mem[X,0x8003889E] -> 0x00B5
[5505] [M]: 0x8003889C (0x00B55663) bge a0, a1, 12


mem[X,0x800388A0] -> 0x0613
mem[X,0x800388A2] -> 0x0026
[5506] [M]: 0x800388A0 (0x00260613) addi a2, a2, 2
x12 <- 0x00000002


mem[X,0x800388A4] -> 0x006F
mem[X,0x800388A6] -> 0x00C0
[5507] [M]: 0x800388A4 (0x00C0006F) jal zero, 12


mem[X,0x800388B0] -> 0x2423
mem[X,0x800388B2] -> 0x0CC2
[5508] [M]: 0x800388B0 (0x0CC22423) sw a2, 200(tp)
mem[0x8003AB30] <- 0x00000002


mem[X,0x800388B4] -> 0xB537
mem[X,0x800388B6] -> 0xAAAA
[5509] [M]: 0x800388B4 (0xAAAAB537) lui a0, 699051
x10 <- 0xAAAAB000


mem[X,0x800388B8] -> 0x0513
mem[X,0x800388BA] -> 0xAAB5
[5510] [M]: 0x800388B8 (0xAAB50513) addi a0, a0, 2731
x10 <- 0xAAAAAAAB


mem[X,0x800388BC] -> 0xB5B7
mem[X,0x800388BE] -> 0x0000
[5511] [M]: 0x800388BC (0x0000B5B7) lui a1, 11
x11 <- 0x0000B000


mem[X,0x800388C0] -> 0x8593
mem[X,0x800388C2] -> 0x5035
[5512] [M]: 0x800388C0 (0x50358593) addi a1, a1, 1283
x11 <- 0x0000B503


mem[X,0x800388C4] -> 0x0613
mem[X,0x800388C6] -> 0x0000
[5513] [M]: 0x800388C4 (0x00000613) addi a2, zero, 0
x12 <- 0x00000000


mem[X,0x800388C8] -> 0x006F
mem[X,0x800388CA] -> 0x00C0
[5514] [M]: 0x800388C8 (0x00C0006F) jal zero, 12


mem[X,0x800388D4] -> 0x5063
mem[X,0x800388D6] -> 0x08B5
[5515] [M]: 0x800388D4 (0x08B55063) bge a0, a1, 128


mem[X,0x800388D8] -> 0x0613
mem[X,0x800388DA] -> 0x0026
[5516] [M]: 0x800388D8 (0x00260613) addi a2, a2, 2
x12 <- 0x00000002


mem[X,0x800388DC] -> 0x006F
mem[X,0x800388DE] -> 0x0800
[5517] [M]: 0x800388DC (0x0800006F) jal zero, 128


mem[X,0x8003895C] -> 0x2623
mem[X,0x8003895E] -> 0x0CC2
[5518] [M]: 0x8003895C (0x0CC22623) sw a2, 204(tp)
mem[0x8003AB34] <- 0x00000002


mem[X,0x80038960] -> 0xB537
mem[X,0x80038962] -> 0xAAAA
[5519] [M]: 0x80038960 (0xAAAAB537) lui a0, 699051
x10 <- 0xAAAAB000


mem[X,0x80038964] -> 0x0513
mem[X,0x80038966] -> 0xAAB5
[5520] [M]: 0x80038964 (0xAAB50513) addi a0, a0, 2731
x10 <- 0xAAAAAAAB


mem[X,0x80038968] -> 0x55B7
mem[X,0x8003896A] -> 0x5555
[5521] [M]: 0x80038968 (0x555555B7) lui a1, 349525
x11 <- 0x55555000


mem[X,0x8003896C] -> 0x8593
mem[X,0x8003896E] -> 0x5565
[5522] [M]: 0x8003896C (0x55658593) addi a1, a1, 1366
x11 <- 0x55555556


mem[X,0x80038970] -> 0x0613
mem[X,0x80038972] -> 0x0000
[5523] [M]: 0x80038970 (0x00000613) addi a2, zero, 0
x12 <- 0x00000000


mem[X,0x80038974] -> 0x006F
mem[X,0x80038976] -> 0x00C0
[5524] [M]: 0x80038974 (0x00C0006F) jal zero, 12


mem[X,0x80038980] -> 0x5663
mem[X,0x80038982] -> 0x00B5
[5525] [M]: 0x80038980 (0x00B55663) bge a0, a1, 12


mem[X,0x80038984] -> 0x0613
mem[X,0x80038986] -> 0x0026
[5526] [M]: 0x80038984 (0x00260613) addi a2, a2, 2
x12 <- 0x00000002


mem[X,0x80038988] -> 0x006F
mem[X,0x8003898A] -> 0x00C0
[5527] [M]: 0x80038988 (0x00C0006F) jal zero, 12


mem[X,0x80038994] -> 0x2823
mem[X,0x80038996] -> 0x0CC2
[5528] [M]: 0x80038994 (0x0CC22823) sw a2, 208(tp)
mem[0x8003AB38] <- 0x00000002


mem[X,0x80038998] -> 0xB537
mem[X,0x8003899A] -> 0xAAAA
[5529] [M]: 0x80038998 (0xAAAAB537) lui a0, 699051
x10 <- 0xAAAAB000


mem[X,0x8003899C] -> 0x0513
mem[X,0x8003899E] -> 0xAAB5
[5530] [M]: 0x8003899C (0xAAB50513) addi a0, a0, 2731
x10 <- 0xAAAAAAAB


mem[X,0x800389A0] -> 0xB5B7
mem[X,0x800389A2] -> 0xAAAA
[5531] [M]: 0x800389A0 (0xAAAAB5B7) lui a1, 699051
x11 <- 0xAAAAB000


mem[X,0x800389A4] -> 0x8593
mem[X,0x800389A6] -> 0xAAB5
[5532] [M]: 0x800389A4 (0xAAB58593) addi a1, a1, 2731
x11 <- 0xAAAAAAAB


mem[X,0x800389A8] -> 0x0613
mem[X,0x800389AA] -> 0x0000
[5533] [M]: 0x800389A8 (0x00000613) addi a2, zero, 0
x12 <- 0x00000000


mem[X,0x800389AC] -> 0x006F
mem[X,0x800389AE] -> 0x0180
[5534] [M]: 0x800389AC (0x0180006F) jal zero, 24


mem[X,0x800389C4] -> 0x56E3
mem[X,0x800389C6] -> 0xFEB5
[5535] [M]: 0x800389C4 (0xFEB556E3) bge a0, a1, 8172


mem[X,0x800389B0] -> 0x0613
mem[X,0x800389B2] -> 0x0016
[5536] [M]: 0x800389B0 (0x00160613) addi a2, a2, 1
x12 <- 0x00000001


mem[X,0x800389B4] -> 0x006F
mem[X,0x800389B6] -> 0x0240
[5537] [M]: 0x800389B4 (0x0240006F) jal zero, 36


mem[X,0x800389D8] -> 0x2A23
mem[X,0x800389DA] -> 0x0CC2
[5538] [M]: 0x800389D8 (0x0CC22A23) sw a2, 212(tp)
mem[0x8003AB3C] <- 0x00000001


mem[X,0x800389DC] -> 0xB537
mem[X,0x800389DE] -> 0xAAAA
[5539] [M]: 0x800389DC (0xAAAAB537) lui a0, 699051
x10 <- 0xAAAAB000


mem[X,0x800389E0] -> 0x0513
mem[X,0x800389E2] -> 0xAAB5
[5540] [M]: 0x800389E0 (0xAAB50513) addi a0, a0, 2731
x10 <- 0xAAAAAAAB


mem[X,0x800389E4] -> 0x0593
mem[X,0x800389E6] -> 0x0060
[5541] [M]: 0x800389E4 (0x00600593) addi a1, zero, 6
x11 <- 0x00000006


mem[X,0x800389E8] -> 0x0613
mem[X,0x800389EA] -> 0x0000
[5542] [M]: 0x800389E8 (0x00000613) addi a2, zero, 0
x12 <- 0x00000000


mem[X,0x800389EC] -> 0x006F
mem[X,0x800389EE] -> 0x00C0
[5543] [M]: 0x800389EC (0x00C0006F) jal zero, 12


mem[X,0x800389F8] -> 0x5063
mem[X,0x800389FA] -> 0x40B5
[5544] [M]: 0x800389F8 (0x40B55063) bge a0, a1, 1024


mem[X,0x800389FC] -> 0x0613
mem[X,0x800389FE] -> 0x0026
[5545] [M]: 0x800389FC (0x00260613) addi a2, a2, 2
x12 <- 0x00000002


mem[X,0x80038A00] -> 0x006F
mem[X,0x80038A02] -> 0x4000
[5546] [M]: 0x80038A00 (0x4000006F) jal zero, 1024


mem[X,0x80038E00] -> 0x2C23
mem[X,0x80038E02] -> 0x0CC2
[5547] [M]: 0x80038E00 (0x0CC22C23) sw a2, 216(tp)
mem[0x8003AB40] <- 0x00000002


mem[X,0x80038E04] -> 0x0513
mem[X,0x80038E06] -> 0x0000
[5548] [M]: 0x80038E04 (0x00000513) addi a0, zero, 0
x10 <- 0x00000000


mem[X,0x80038E08] -> 0x0593
mem[X,0x80038E0A] -> 0x2000
[5549] [M]: 0x80038E08 (0x20000593) addi a1, zero, 512
x11 <- 0x00000200


mem[X,0x80038E0C] -> 0x0613
mem[X,0x80038E0E] -> 0x0000
[5550] [M]: 0x80038E0C (0x00000613) addi a2, zero, 0
x12 <- 0x00000000


mem[X,0x80038E10] -> 0x006F
mem[X,0x80038E12] -> 0x0180
[5551] [M]: 0x80038E10 (0x0180006F) jal zero, 24


mem[X,0x80038E28] -> 0x56E3
mem[X,0x80038E2A] -> 0xFEB5
[5552] [M]: 0x80038E28 (0xFEB556E3) bge a0, a1, 8172


mem[X,0x80038E2C] -> 0x0613
mem[X,0x80038E2E] -> 0x0026
[5553] [M]: 0x80038E2C (0x00260613) addi a2, a2, 2
x12 <- 0x00000002


mem[X,0x80038E30] -> 0x006F
mem[X,0x80038E32] -> 0x00C0
[5554] [M]: 0x80038E30 (0x00C0006F) jal zero, 12


mem[X,0x80038E3C] -> 0x2E23
mem[X,0x80038E3E] -> 0x0CC2
[5555] [M]: 0x80038E3C (0x0CC22E23) sw a2, 220(tp)
mem[0x8003AB44] <- 0x00000002


mem[X,0x80038E40] -> 0x0537
mem[X,0x80038E42] -> 0xFFC0
[5556] [M]: 0x80038E40 (0xFFC00537) lui a0, 1047552
x10 <- 0xFFC00000


mem[X,0x80038E44] -> 0x0513
mem[X,0x80038E46] -> 0xFFF5
[5557] [M]: 0x80038E44 (0xFFF50513) addi a0, a0, 4095
x10 <- 0xFFBFFFFF


mem[X,0x80038E48] -> 0x05B7
mem[X,0x80038E4A] -> 0x0040
[5558] [M]: 0x80038E48 (0x004005B7) lui a1, 1024
x11 <- 0x00400000


mem[X,0x80038E4C] -> 0x0613
mem[X,0x80038E4E] -> 0x0000
[5559] [M]: 0x80038E4C (0x00000613) addi a2, zero, 0
x12 <- 0x00000000


mem[X,0x80038E50] -> 0x006F
mem[X,0x80038E52] -> 0x00C0
[5560] [M]: 0x80038E50 (0x00C0006F) jal zero, 12


mem[X,0x80038E5C] -> 0x5063
mem[X,0x80038E5E] -> 0x04B5
[5561] [M]: 0x80038E5C (0x04B55063) bge a0, a1, 64


mem[X,0x80038E60] -> 0x0613
mem[X,0x80038E62] -> 0x0026
[5562] [M]: 0x80038E60 (0x00260613) addi a2, a2, 2
x12 <- 0x00000002


mem[X,0x80038E64] -> 0x006F
mem[X,0x80038E66] -> 0x0400
[5563] [M]: 0x80038E64 (0x0400006F) jal zero, 64


mem[X,0x80038EA4] -> 0x2023
mem[X,0x80038EA6] -> 0x0EC2
[5564] [M]: 0x80038EA4 (0x0EC22023) sw a2, 224(tp)
mem[0x8003AB48] <- 0x00000002


mem[X,0x80038EA8] -> 0x0013
mem[X,0x80038EAA] -> 0x0000
[5565] [M]: 0x80038EA8 (0x00000013) addi zero, zero, 0


mem[X,0x80038EAC] -> 0x0013
mem[X,0x80038EAE] -> 0x0000
[5566] [M]: 0x80038EAC (0x00000013) addi zero, zero, 0


mem[X,0x80038EB0] -> 0x0093
mem[X,0x80038EB2] -> 0x0010
[5567] [M]: 0x80038EB0 (0x00100093) addi ra, zero, 1
x1 <- 0x00000001


mem[X,0x80038EB4] -> 0x0F17
mem[X,0x80038EB6] -> 0x0000
[5568] [M]: 0x80038EB4 (0x00000F17) auipc t5, 0
x30 <- 0x80038EB4


mem[X,0x80038EB8] -> 0x2623
mem[X,0x80038EBA] -> 0x141F
[5569] [M]: 0x80038EB8 (0x141F2623) sw ra, 332(t5)
htif[0x80039000] <- 0x00000001


mem[X,0x80038EBC] -> 0xF06F
mem[X,0x80038EBE] -> 0xFF9F
[5570] [M]: 0x80038EBC (0xFF9FF06F) jal zero, 2097144


mem[X,0x80038EB4] -> 0x0F17
mem[X,0x80038EB6] -> 0x0000
[5571] [M]: 0x80038EB4 (0x00000F17) auipc t5, 0
x30 <- 0x80038EB4


mem[X,0x80038EB8] -> 0x2623
mem[X,0x80038EBA] -> 0x141F
[5572] [M]: 0x80038EB8 (0x141F2623) sw ra, 332(t5)
htif[0x80039000] <- 0x00000001


mem[X,0x80038EBC] -> 0xF06F
mem[X,0x80038EBE] -> 0xFF9F
[5573] [M]: 0x80038EBC (0xFF9FF06F) jal zero, 2097144


mem[X,0x80038EB4] -> 0x0F17
mem[X,0x80038EB6] -> 0x0000
[5574] [M]: 0x80038EB4 (0x00000F17) auipc t5, 0
x30 <- 0x80038EB4


mem[X,0x80038EB8] -> 0x2623
mem[X,0x80038EBA] -> 0x141F
[5575] [M]: 0x80038EB8 (0x141F2623) sw ra, 332(t5)
htif[0x80039000] <- 0x00000001
htif-syscall-proxy cmd: 0x000000000001

SUCCESS
