using /home/moon/moon_verif/riscof_work/src/sw-align-01.S/ref/Reference-sail_c_simulator.signature for test-signature output.
[Sail] Allocating new block 0x80000000
tohost located at 0x80001000
[Sail] Allocating new block 0x0

Running file sail-sw-align-01.elf.
ELF Entry @ 0x80000000
begin_signature: 0x80002210
end_signature: 0x80002330
CSR mstatus <- 0x00000000 (input: 0x00000000)
mem[X,0x00001000] -> 0x0297
mem[X,0x00001002] -> 0x0000
[0] [M]: 0x00001000 (0x00000297) auipc t0, 0
x5 <- 0x00001000


mem[X,0x00001004] -> 0x8593
mem[X,0x00001006] -> 0x0202
[1] [M]: 0x00001004 (0x02028593) addi a1, t0, 32
x11 <- 0x00001020


mem[X,0x00001008] -> 0x2573
mem[X,0x0000100A] -> 0xF140
[2] [M]: 0x00001008 (0xF1402573) csrrs a0, mhartid, zero
CSR mhartid -> 0x00000000
x10 <- 0x00000000


mem[X,0x0000100C] -> 0xA283
mem[X,0x0000100E] -> 0x0182
[3] [M]: 0x0000100C (0x0182A283) lw t0, 24(t0)
mem[R,0x00001018] -> 0x80000000
x5 <- 0x80000000


mem[X,0x00001010] -> 0x8067
mem[X,0x00001012] -> 0x0002
[4] [M]: 0x00001010 (0x00028067) jalr zero, t0, 0


mem[X,0x80000000] -> 0xC0B7
mem[X,0x80000002] -> 0xFEED
[5] [M]: 0x80000000 (0xFEEDC0B7) lui ra, 1044188
x1 <- 0xFEEDC000


mem[X,0x80000004] -> 0x8093
mem[X,0x80000006] -> 0xEAD0
[6] [M]: 0x80000004 (0xEAD08093) addi ra, ra, 3757
x1 <- 0xFEEDBEAD


mem[X,0x80000008] -> 0xE137
mem[X,0x8000000A] -> 0xFF76
[7] [M]: 0x80000008 (0xFF76E137) lui sp, 1046382
x2 <- 0xFF76E000


mem[X,0x8000000C] -> 0x0113
mem[X,0x8000000E] -> 0xF561
[8] [M]: 0x8000000C (0xF5610113) addi sp, sp, 3926
x2 <- 0xFF76DF56


mem[X,0x80000010] -> 0x71B7
mem[X,0x80000012] -> 0x7FBB
[9] [M]: 0x80000010 (0x7FBB71B7) lui gp, 523191
x3 <- 0x7FBB7000


mem[X,0x80000014] -> 0x8193
mem[X,0x80000016] -> 0xFAB1
[10] [M]: 0x80000014 (0xFAB18193) addi gp, gp, 4011
x3 <- 0x7FBB6FAB


mem[X,0x80000018] -> 0xB237
mem[X,0x8000001A] -> 0xBFDD
[11] [M]: 0x80000018 (0xBFDDB237) lui tp, 785883
x4 <- 0xBFDDB000


mem[X,0x8000001C] -> 0x0213
mem[X,0x8000001E] -> 0x7D52
[12] [M]: 0x8000001C (0x7D520213) addi tp, tp, 2005
x4 <- 0xBFDDB7D5


mem[X,0x80000020] -> 0x0297
mem[X,0x80000022] -> 0x0000
[13] [M]: 0x80000020 (0x00000297) auipc t0, 0
x5 <- 0x80000020


mem[X,0x80000024] -> 0x8293
mem[X,0x80000026] -> 0x0D82
[14] [M]: 0x80000024 (0x0D828293) addi t0, t0, 216
x5 <- 0x800000F8


mem[X,0x80000028] -> 0x2317
mem[X,0x8000002A] -> 0x0000
[15] [M]: 0x80000028 (0x00002317) auipc t1, 2
x6 <- 0x80002028


mem[X,0x8000002C] -> 0x0313
mem[X,0x8000002E] -> 0xFD83
[16] [M]: 0x8000002C (0xFD830313) addi t1, t1, 4056
x6 <- 0x80002000


mem[X,0x80000030] -> 0xB3B7
mem[X,0x80000032] -> 0xB7FB
[17] [M]: 0x80000030 (0xB7FBB3B7) lui t2, 753595
x7 <- 0xB7FBB000


mem[X,0x80000034] -> 0x8393
mem[X,0x80000036] -> 0x6FA3
[18] [M]: 0x80000034 (0x6FA38393) addi t2, t2, 1786
x7 <- 0xB7FBB6FA


mem[X,0x80000038] -> 0xE437
mem[X,0x8000003A] -> 0x5BFD
[19] [M]: 0x80000038 (0x5BFDE437) lui fp, 376798
x8 <- 0x5BFDE000


mem[X,0x8000003C] -> 0x0413
mem[X,0x8000003E] -> 0xB7D4
[20] [M]: 0x8000003C (0xB7D40413) addi fp, fp, 2941
x8 <- 0x5BFDDB7D


mem[X,0x80000040] -> 0xF4B7
mem[X,0x80000042] -> 0xADFE
[21] [M]: 0x80000040 (0xADFEF4B7) lui s1, 712687
x9 <- 0xADFEF000


mem[X,0x80000044] -> 0x8493
mem[X,0x80000046] -> 0xDBE4
[22] [M]: 0x80000044 (0xDBE48493) addi s1, s1, 3518
x9 <- 0xADFEEDBE


mem[X,0x80000048] -> 0x7537
mem[X,0x8000004A] -> 0x56FF
[23] [M]: 0x80000048 (0x56FF7537) lui a0, 356343
x10 <- 0x56FF7000


mem[X,0x8000004C] -> 0x0513
mem[X,0x8000004E] -> 0x6DF5
[24] [M]: 0x8000004C (0x6DF50513) addi a0, a0, 1759
x10 <- 0x56FF76DF


mem[X,0x80000050] -> 0xC5B7
mem[X,0x80000052] -> 0xAB7F
[25] [M]: 0x80000050 (0xAB7FC5B7) lui a1, 702460
x11 <- 0xAB7FC000


mem[X,0x80000054] -> 0x8593
mem[X,0x80000056] -> 0xB6F5
[26] [M]: 0x80000054 (0xB6F58593) addi a1, a1, 2927
x11 <- 0xAB7FBB6F


mem[X,0x80000058] -> 0xE637
mem[X,0x8000005A] -> 0xD5BF
[27] [M]: 0x80000058 (0xD5BFE637) lui a2, 875518
x12 <- 0xD5BFE000


mem[X,0x8000005C] -> 0x0613
mem[X,0x8000005E] -> 0xDB76
[28] [M]: 0x8000005C (0xDB760613) addi a2, a2, 3511
x12 <- 0xD5BFDDB7


mem[X,0x80000060] -> 0xF6B7
mem[X,0x80000062] -> 0xEADF
[29] [M]: 0x80000060 (0xEADFF6B7) lui a3, 962047
x13 <- 0xEADFF000


mem[X,0x80000064] -> 0x8693
mem[X,0x80000066] -> 0xEDB6
[30] [M]: 0x80000064 (0xEDB68693) addi a3, a3, 3803
x13 <- 0xEADFEEDB


mem[X,0x80000068] -> 0xF737
mem[X,0x8000006A] -> 0xF56F
[31] [M]: 0x80000068 (0xF56FF737) lui a4, 1005311
x14 <- 0xF56FF000


mem[X,0x8000006C] -> 0x0713
mem[X,0x8000006E] -> 0x76D7
[32] [M]: 0x8000006C (0x76D70713) addi a4, a4, 1901
x14 <- 0xF56FF76D


mem[X,0x80000070] -> 0x07B7
mem[X,0x80000072] -> 0xFAB8
[33] [M]: 0x80000070 (0xFAB807B7) lui a5, 1026944
x15 <- 0xFAB80000


mem[X,0x80000074] -> 0x8793
mem[X,0x80000076] -> 0xBB67
[34] [M]: 0x80000074 (0xBB678793) addi a5, a5, 2998
x15 <- 0xFAB7FBB6


mem[X,0x80000078] -> 0x0837
mem[X,0x8000007A] -> 0x7D5C
[35] [M]: 0x80000078 (0x7D5C0837) lui a6, 513472
x16 <- 0x7D5C0000


mem[X,0x8000007C] -> 0x0813
mem[X,0x8000007E] -> 0xDDB8
[36] [M]: 0x8000007C (0xDDB80813) addi a6, a6, 3547
x16 <- 0x7D5BFDDB


mem[X,0x80000080] -> 0x08B7
mem[X,0x80000082] -> 0xBEAE
[37] [M]: 0x80000080 (0xBEAE08B7) lui a7, 781024
x17 <- 0xBEAE0000


mem[X,0x80000084] -> 0x8893
mem[X,0x80000086] -> 0xEED8
[38] [M]: 0x80000084 (0xEED88893) addi a7, a7, 3821
x17 <- 0xBEADFEED


mem[X,0x80000088] -> 0x0937
mem[X,0x8000008A] -> 0xDF57
[39] [M]: 0x80000088 (0xDF570937) lui s2, 914800
x18 <- 0xDF570000


mem[X,0x8000008C] -> 0x0913
mem[X,0x8000008E] -> 0xF769
[40] [M]: 0x8000008C (0xF7690913) addi s2, s2, 3958
x18 <- 0xDF56FF76


mem[X,0x80000090] -> 0x89B7
mem[X,0x80000092] -> 0x6FAB
[41] [M]: 0x80000090 (0x6FAB89B7) lui s3, 457400
x19 <- 0x6FAB8000


mem[X,0x80000094] -> 0x8993
mem[X,0x80000096] -> 0xFBB9
[42] [M]: 0x80000094 (0xFBB98993) addi s3, s3, 4027
x19 <- 0x6FAB7FBB


mem[X,0x80000098] -> 0xCA37
mem[X,0x8000009A] -> 0xB7D5
[43] [M]: 0x80000098 (0xB7D5CA37) lui s4, 752988
x20 <- 0xB7D5C000


mem[X,0x8000009C] -> 0x0A13
mem[X,0x8000009E] -> 0xFDDA
[44] [M]: 0x8000009C (0xFDDA0A13) addi s4, s4, 4061
x20 <- 0xB7D5BFDD


mem[X,0x800000A0] -> 0xEAB7
mem[X,0x800000A2] -> 0xDBEA
[45] [M]: 0x800000A0 (0xDBEAEAB7) lui s5, 900782
x21 <- 0xDBEAE000


mem[X,0x800000A4] -> 0x8A93
mem[X,0x800000A6] -> 0xFEEA
[46] [M]: 0x800000A4 (0xFEEA8A93) addi s5, s5, 4078
x21 <- 0xDBEADFEE


mem[X,0x800000A8] -> 0x7B37
mem[X,0x800000AA] -> 0x6DF5
[47] [M]: 0x800000A8 (0x6DF57B37) lui s6, 450391
x22 <- 0x6DF57000


mem[X,0x800000AC] -> 0x0B13
mem[X,0x800000AE] -> 0xFF7B
[48] [M]: 0x800000AC (0xFF7B0B13) addi s6, s6, 4087
x22 <- 0x6DF56FF7


mem[X,0x800000B0] -> 0xBBB7
mem[X,0x800000B2] -> 0xB6FA
[49] [M]: 0x800000B0 (0xB6FABBB7) lui s7, 749483
x23 <- 0xB6FAB000


mem[X,0x800000B4] -> 0x8B93
mem[X,0x800000B6] -> 0x7FBB
[50] [M]: 0x800000B4 (0x7FBB8B93) addi s7, s7, 2043
x23 <- 0xB6FAB7FB


mem[X,0x800000B8] -> 0x6C37
mem[X,0x800000BA] -> 0xDB7D
[51] [M]: 0x800000B8 (0xDB7D6C37) lui s8, 899030
x24 <- 0xDB7D6000


mem[X,0x800000BC] -> 0x0C13
mem[X,0x800000BE] -> 0xBFDC
[52] [M]: 0x800000BC (0xBFDC0C13) addi s8, s8, 3069
x24 <- 0xDB7D5BFD


mem[X,0x800000C0] -> 0xBCB7
mem[X,0x800000C2] -> 0xEDBE
[53] [M]: 0x800000C0 (0xEDBEBCB7) lui s9, 973803
x25 <- 0xEDBEB000


mem[X,0x800000C4] -> 0x8C93
mem[X,0x800000C6] -> 0xDFEC
[54] [M]: 0x800000C4 (0xDFEC8C93) addi s9, s9, 3582
x25 <- 0xEDBEADFE


mem[X,0x800000C8] -> 0x5D37
mem[X,0x800000CA] -> 0x76DF
[55] [M]: 0x800000C8 (0x76DF5D37) lui s10, 486901
x26 <- 0x76DF5000


mem[X,0x800000CC] -> 0x0D13
mem[X,0x800000CE] -> 0x6FFD
[56] [M]: 0x800000CC (0x6FFD0D13) addi s10, s10, 1791
x26 <- 0x76DF56FF


mem[X,0x800000D0] -> 0xBDB7
mem[X,0x800000D2] -> 0xBB6F
[57] [M]: 0x800000D0 (0xBB6FBDB7) lui s11, 767739
x27 <- 0xBB6FB000


mem[X,0x800000D4] -> 0x8D93
mem[X,0x800000D6] -> 0xB7FD
[58] [M]: 0x800000D4 (0xB7FD8D93) addi s11, s11, 2943
x27 <- 0xBB6FAB7F


mem[X,0x800000D8] -> 0xDE37
mem[X,0x800000DA] -> 0xDDB7
[59] [M]: 0x800000D8 (0xDDB7DE37) lui t3, 908157
x28 <- 0xDDB7D000


mem[X,0x800000DC] -> 0x0E13
mem[X,0x800000DE] -> 0x5BFE
[60] [M]: 0x800000DC (0x5BFE0E13) addi t3, t3, 1471
x28 <- 0xDDB7D5BF


mem[X,0x800000E0] -> 0xFEB7
mem[X,0x800000E2] -> 0xEEDB
[61] [M]: 0x800000E0 (0xEEDBFEB7) lui t4, 978367
x29 <- 0xEEDBF000


mem[X,0x800000E4] -> 0x8E93
mem[X,0x800000E6] -> 0xADFE
[62] [M]: 0x800000E4 (0xADFE8E93) addi t4, t4, 2783
x29 <- 0xEEDBEADF


mem[X,0x800000E8] -> 0xFF37
mem[X,0x800000EA] -> 0xF76D
[63] [M]: 0x800000E8 (0xF76DFF37) lui t5, 1013471
x30 <- 0xF76DF000


mem[X,0x800000EC] -> 0x0F13
mem[X,0x800000EE] -> 0x56FF
[64] [M]: 0x800000EC (0x56FF0F13) addi t5, t5, 1391
x30 <- 0xF76DF56F


mem[X,0x800000F0] -> 0x0FB7
mem[X,0x800000F2] -> 0xFBB7
[65] [M]: 0x800000F0 (0xFBB70FB7) lui t6, 1031024
x31 <- 0xFBB70000


mem[X,0x800000F4] -> 0x8F93
mem[X,0x800000F6] -> 0xAB7F
[66] [M]: 0x800000F4 (0xAB7F8F93) addi t6, t6, 2743
x31 <- 0xFBB6FAB7


mem[X,0x800000F8] -> 0x2117
mem[X,0x800000FA] -> 0x0000
[67] [M]: 0x800000F8 (0x00002117) auipc sp, 2
x2 <- 0x800020F8


mem[X,0x800000FC] -> 0x0113
mem[X,0x800000FE] -> 0x11C1
[68] [M]: 0x800000FC (0x11C10113) addi sp, sp, 284
x2 <- 0x80002214


mem[X,0x80000100] -> 0x0F37
mem[X,0x80000102] -> 0x8000
[69] [M]: 0x80000100 (0x80000F37) lui t5, 524288
x30 <- 0x80000000


mem[X,0x80000104] -> 0x0793
mem[X,0x80000106] -> 0x0001
[70] [M]: 0x80000104 (0x00010793) addi a5, sp, 0
x15 <- 0x80002214


mem[X,0x80000108] -> 0x0293
mem[X,0x8000010A] -> 0x0800
[71] [M]: 0x80000108 (0x08000293) addi t0, zero, 128
x5 <- 0x00000080


mem[X,0x8000010C] -> 0x87B3
mem[X,0x8000010E] -> 0x4057
[72] [M]: 0x8000010C (0x405787B3) sub a5, a5, t0
x15 <- 0x80002194


mem[X,0x80000110] -> 0xA023
mem[X,0x80000112] -> 0x09E7
[73] [M]: 0x80000110 (0x09E7A023) sw t5, 128(a5)
mem[0x80002214] <- 0x80000000


mem[X,0x80000114] -> 0x0013
mem[X,0x80000116] -> 0x0000
[74] [M]: 0x80000114 (0x00000013) addi zero, zero, 0


mem[X,0x80000118] -> 0x0013
mem[X,0x8000011A] -> 0x0000
[75] [M]: 0x80000118 (0x00000013) addi zero, zero, 0


mem[X,0x8000011C] -> 0x0993
mem[X,0x8000011E] -> 0x0000
[76] [M]: 0x8000011C (0x00000993) addi s3, zero, 0
x19 <- 0x00000000


mem[X,0x80000120] -> 0x0613
mem[X,0x80000122] -> 0x0041
[77] [M]: 0x80000120 (0x00410613) addi a2, sp, 4
x12 <- 0x80002218


mem[X,0x80000124] -> 0x0293
mem[X,0x80000126] -> 0xF7F0
[78] [M]: 0x80000124 (0xF7F00293) addi t0, zero, 3967
x5 <- 0xFFFFFF7F


mem[X,0x80000128] -> 0x0633
mem[X,0x8000012A] -> 0x4056
[79] [M]: 0x80000128 (0x40560633) sub a2, a2, t0
x12 <- 0x80002299


mem[X,0x8000012C] -> 0x2FA3
mem[X,0x8000012E] -> 0xF736
[80] [M]: 0x8000012C (0xF7362FA3) sw s3, 3967(a2)
mem[0x80002218] <- 0x00000000


mem[X,0x80000130] -> 0x0013
mem[X,0x80000132] -> 0x0000
[81] [M]: 0x80000130 (0x00000013) addi zero, zero, 0


mem[X,0x80000134] -> 0x0013
mem[X,0x80000136] -> 0x0000
[82] [M]: 0x80000134 (0x00000013) addi zero, zero, 0


mem[X,0x80000138] -> 0x0D37
mem[X,0x8000013A] -> 0x8000
[83] [M]: 0x80000138 (0x80000D37) lui s10, 524288
x26 <- 0x80000000


mem[X,0x8000013C] -> 0x0D13
mem[X,0x8000013E] -> 0xFFFD
[84] [M]: 0x8000013C (0xFFFD0D13) addi s10, s10, 4095
x26 <- 0x7FFFFFFF


mem[X,0x80000140] -> 0x0E93
mem[X,0x80000142] -> 0x0081
[85] [M]: 0x80000140 (0x00810E93) addi t4, sp, 8
x29 <- 0x8000221C


mem[X,0x80000144] -> 0x0293
mem[X,0x80000146] -> 0x3FF0
[86] [M]: 0x80000144 (0x3FF00293) addi t0, zero, 1023
x5 <- 0x000003FF


mem[X,0x80000148] -> 0x8EB3
mem[X,0x8000014A] -> 0x405E
[87] [M]: 0x80000148 (0x405E8EB3) sub t4, t4, t0
x29 <- 0x80001E1D


mem[X,0x8000014C] -> 0xAFA3
mem[X,0x8000014E] -> 0x3FAE
[88] [M]: 0x8000014C (0x3FAEAFA3) sw s10, 1023(t4)
mem[0x8000221C] <- 0x7FFFFFFF


mem[X,0x80000150] -> 0x0013
mem[X,0x80000152] -> 0x0000
[89] [M]: 0x80000150 (0x00000013) addi zero, zero, 0


mem[X,0x80000154] -> 0x0013
mem[X,0x80000156] -> 0x0000
[90] [M]: 0x80000154 (0x00000013) addi zero, zero, 0


mem[X,0x80000158] -> 0x0013
mem[X,0x8000015A] -> 0x0000
[91] [M]: 0x80000158 (0x00000013) addi zero, zero, 0


mem[X,0x8000015C] -> 0x0093
mem[X,0x8000015E] -> 0x00C1
[92] [M]: 0x8000015C (0x00C10093) addi ra, sp, 12
x1 <- 0x80002220


mem[X,0x80000160] -> 0x0293
mem[X,0x80000162] -> 0x5550
[93] [M]: 0x80000160 (0x55500293) addi t0, zero, 1365
x5 <- 0x00000555


mem[X,0x80000164] -> 0x80B3
mem[X,0x80000166] -> 0x4050
[94] [M]: 0x80000164 (0x405080B3) sub ra, ra, t0
x1 <- 0x80001CCB


mem[X,0x80000168] -> 0xAAA3
mem[X,0x8000016A] -> 0x5400
[95] [M]: 0x80000168 (0x5400AAA3) sw zero, 1365(ra)
mem[0x80002220] <- 0x00000000


mem[X,0x8000016C] -> 0x0013
mem[X,0x8000016E] -> 0x0000
[96] [M]: 0x8000016C (0x00000013) addi zero, zero, 0


mem[X,0x80000170] -> 0x0013
mem[X,0x80000172] -> 0x0000
[97] [M]: 0x80000170 (0x00000013) addi zero, zero, 0


mem[X,0x80000174] -> 0x8B37
mem[X,0x80000176] -> 0x0000
[98] [M]: 0x80000174 (0x00008B37) lui s6, 8
x22 <- 0x00008000


mem[X,0x80000178] -> 0x0E13
mem[X,0x8000017A] -> 0x0101
[99] [M]: 0x80000178 (0x01010E13) addi t3, sp, 16
x28 <- 0x80002224


clint::tick mtime <- 0x0000000000000001
 clint timer pending at mtime 0x0000000000000001
htif::tick 0x0000000000000000
mem[X,0x8000017C] -> 0x0293
mem[X,0x8000017E] -> 0xFFE0
[100] [M]: 0x8000017C (0xFFE00293) addi t0, zero, 4094
x5 <- 0xFFFFFFFE


mem[X,0x80000180] -> 0x0E33
mem[X,0x80000182] -> 0x405E
[101] [M]: 0x80000180 (0x405E0E33) sub t3, t3, t0
x28 <- 0x80002226


mem[X,0x80000184] -> 0x2F23
mem[X,0x80000186] -> 0xFF6E
[102] [M]: 0x80000184 (0xFF6E2F23) sw s6, 4094(t3)
mem[0x80002224] <- 0x00008000


mem[X,0x80000188] -> 0x0013
mem[X,0x8000018A] -> 0x0000
[103] [M]: 0x80000188 (0x00000013) addi zero, zero, 0


mem[X,0x8000018C] -> 0x0013
mem[X,0x8000018E] -> 0x0000
[104] [M]: 0x8000018C (0x00000013) addi zero, zero, 0


mem[X,0x80000190] -> 0x0813
mem[X,0x80000192] -> 0xFEF0
[105] [M]: 0x80000190 (0xFEF00813) addi a6, zero, 4079
x16 <- 0xFFFFFFEF


mem[X,0x80000194] -> 0x0913
mem[X,0x80000196] -> 0x0141
[106] [M]: 0x80000194 (0x01410913) addi s2, sp, 20
x18 <- 0x80002228


mem[X,0x80000198] -> 0x0293
mem[X,0x8000019A] -> 0x0000
[107] [M]: 0x80000198 (0x00000293) addi t0, zero, 0
x5 <- 0x00000000


mem[X,0x8000019C] -> 0x0933
mem[X,0x8000019E] -> 0x4059
[108] [M]: 0x8000019C (0x40590933) sub s2, s2, t0
x18 <- 0x80002228


mem[X,0x800001A0] -> 0x2023
mem[X,0x800001A2] -> 0x0109
[109] [M]: 0x800001A0 (0x01092023) sw a6, 0(s2)
mem[0x80002228] <- 0xFFFFFFEF


mem[X,0x800001A4] -> 0x0013
mem[X,0x800001A6] -> 0x0000
[110] [M]: 0x800001A4 (0x00000013) addi zero, zero, 0


mem[X,0x800001A8] -> 0x0013
mem[X,0x800001AA] -> 0x0000
[111] [M]: 0x800001A8 (0x00000013) addi zero, zero, 0


mem[X,0x800001AC] -> 0x0A13
mem[X,0x800001AE] -> 0x0020
[112] [M]: 0x800001AC (0x00200A13) addi s4, zero, 2
x20 <- 0x00000002


mem[X,0x800001B0] -> 0x0D93
mem[X,0x800001B2] -> 0x0181
[113] [M]: 0x800001B0 (0x01810D93) addi s11, sp, 24
x27 <- 0x8000222C


mem[X,0x800001B4] -> 0x0293
mem[X,0x800001B6] -> 0x0090
[114] [M]: 0x800001B4 (0x00900293) addi t0, zero, 9
x5 <- 0x00000009


mem[X,0x800001B8] -> 0x8DB3
mem[X,0x800001BA] -> 0x405D
[115] [M]: 0x800001B8 (0x405D8DB3) sub s11, s11, t0
x27 <- 0x80002223


mem[X,0x800001BC] -> 0xA4A3
mem[X,0x800001BE] -> 0x014D
[116] [M]: 0x800001BC (0x014DA4A3) sw s4, 9(s11)
mem[0x8000222C] <- 0x00000002


mem[X,0x800001C0] -> 0x0013
mem[X,0x800001C2] -> 0x0000
[117] [M]: 0x800001C0 (0x00000013) addi zero, zero, 0


mem[X,0x800001C4] -> 0x0013
mem[X,0x800001C6] -> 0x0000
[118] [M]: 0x800001C4 (0x00000013) addi zero, zero, 0


mem[X,0x800001C8] -> 0x0913
mem[X,0x800001CA] -> 0x0040
[119] [M]: 0x800001C8 (0x00400913) addi s2, zero, 4
x18 <- 0x00000004


mem[X,0x800001CC] -> 0x0B93
mem[X,0x800001CE] -> 0x01C1
[120] [M]: 0x800001CC (0x01C10B93) addi s7, sp, 28
x23 <- 0x80002230


mem[X,0x800001D0] -> 0x0293
mem[X,0x800001D2] -> 0xBFF0
[121] [M]: 0x800001D0 (0xBFF00293) addi t0, zero, 3071
x5 <- 0xFFFFFBFF


mem[X,0x800001D4] -> 0x8BB3
mem[X,0x800001D6] -> 0x405B
[122] [M]: 0x800001D4 (0x405B8BB3) sub s7, s7, t0
x23 <- 0x80002631


mem[X,0x800001D8] -> 0xAFA3
mem[X,0x800001DA] -> 0xBF2B
[123] [M]: 0x800001D8 (0xBF2BAFA3) sw s2, 3071(s7)
mem[0x80002230] <- 0x00000004


mem[X,0x800001DC] -> 0x0013
mem[X,0x800001DE] -> 0x0000
[124] [M]: 0x800001DC (0x00000013) addi zero, zero, 0


mem[X,0x800001E0] -> 0x0013
mem[X,0x800001E2] -> 0x0000
[125] [M]: 0x800001E0 (0x00000013) addi zero, zero, 0


mem[X,0x800001E4] -> 0x0F93
mem[X,0x800001E6] -> 0x0080
[126] [M]: 0x800001E4 (0x00800F93) addi t6, zero, 8
x31 <- 0x00000008


mem[X,0x800001E8] -> 0x0813
mem[X,0x800001EA] -> 0x0201
[127] [M]: 0x800001E8 (0x02010813) addi a6, sp, 32
x16 <- 0x80002234


mem[X,0x800001EC] -> 0x0293
mem[X,0x800001EE] -> 0x0040
[128] [M]: 0x800001EC (0x00400293) addi t0, zero, 4
x5 <- 0x00000004


mem[X,0x800001F0] -> 0x0833
mem[X,0x800001F2] -> 0x4058
[129] [M]: 0x800001F0 (0x40580833) sub a6, a6, t0
x16 <- 0x80002230


mem[X,0x800001F4] -> 0x2223
mem[X,0x800001F6] -> 0x01F8
[130] [M]: 0x800001F4 (0x01F82223) sw t6, 4(a6)
mem[0x80002234] <- 0x00000008


mem[X,0x800001F8] -> 0x0013
mem[X,0x800001FA] -> 0x0000
[131] [M]: 0x800001F8 (0x00000013) addi zero, zero, 0


mem[X,0x800001FC] -> 0x0013
mem[X,0x800001FE] -> 0x0000
[132] [M]: 0x800001FC (0x00000013) addi zero, zero, 0


mem[X,0x80000200] -> 0x0A93
mem[X,0x80000202] -> 0x0100
[133] [M]: 0x80000200 (0x01000A93) addi s5, zero, 16
x21 <- 0x00000010


mem[X,0x80000204] -> 0x0193
mem[X,0x80000206] -> 0x0241
[134] [M]: 0x80000204 (0x02410193) addi gp, sp, 36
x3 <- 0x80002238


mem[X,0x80000208] -> 0x0293
mem[X,0x8000020A] -> 0x0070
[135] [M]: 0x80000208 (0x00700293) addi t0, zero, 7
x5 <- 0x00000007


mem[X,0x8000020C] -> 0x81B3
mem[X,0x8000020E] -> 0x4051
[136] [M]: 0x8000020C (0x405181B3) sub gp, gp, t0
x3 <- 0x80002231


mem[X,0x80000210] -> 0xA3A3
mem[X,0x80000212] -> 0x0151
[137] [M]: 0x80000210 (0x0151A3A3) sw s5, 7(gp)
mem[0x80002238] <- 0x00000010


mem[X,0x80000214] -> 0x0013
mem[X,0x80000216] -> 0x0000
[138] [M]: 0x80000214 (0x00000013) addi zero, zero, 0


mem[X,0x80000218] -> 0x0013
mem[X,0x8000021A] -> 0x0000
[139] [M]: 0x80000218 (0x00000013) addi zero, zero, 0


mem[X,0x8000021C] -> 0x0B93
mem[X,0x8000021E] -> 0x0200
[140] [M]: 0x8000021C (0x02000B93) addi s7, zero, 32
x23 <- 0x00000020


mem[X,0x80000220] -> 0x0493
mem[X,0x80000222] -> 0x0281
[141] [M]: 0x80000220 (0x02810493) addi s1, sp, 40
x9 <- 0x8000223C


mem[X,0x80000224] -> 0x0293
mem[X,0x80000226] -> 0x0050
[142] [M]: 0x80000224 (0x00500293) addi t0, zero, 5
x5 <- 0x00000005


mem[X,0x80000228] -> 0x84B3
mem[X,0x8000022A] -> 0x4054
[143] [M]: 0x80000228 (0x405484B3) sub s1, s1, t0
x9 <- 0x80002237


mem[X,0x8000022C] -> 0xA2A3
mem[X,0x8000022E] -> 0x0174
[144] [M]: 0x8000022C (0x0174A2A3) sw s7, 5(s1)
mem[0x8000223C] <- 0x00000020


mem[X,0x80000230] -> 0x0013
mem[X,0x80000232] -> 0x0000
[145] [M]: 0x80000230 (0x00000013) addi zero, zero, 0


mem[X,0x80000234] -> 0x0013
mem[X,0x80000236] -> 0x0000
[146] [M]: 0x80000234 (0x00000013) addi zero, zero, 0


mem[X,0x80000238] -> 0x0E93
mem[X,0x8000023A] -> 0x0400
[147] [M]: 0x80000238 (0x04000E93) addi t4, zero, 64
x29 <- 0x00000040


mem[X,0x8000023C] -> 0x0413
mem[X,0x8000023E] -> 0x02C1
[148] [M]: 0x8000023C (0x02C10413) addi fp, sp, 44
x8 <- 0x80002240


mem[X,0x80000240] -> 0x0293
mem[X,0x80000242] -> 0xF7F0
[149] [M]: 0x80000240 (0xF7F00293) addi t0, zero, 3967
x5 <- 0xFFFFFF7F


mem[X,0x80000244] -> 0x0433
mem[X,0x80000246] -> 0x4054
[150] [M]: 0x80000244 (0x40540433) sub fp, fp, t0
x8 <- 0x800022C1


mem[X,0x80000248] -> 0x2FA3
mem[X,0x8000024A] -> 0xF7D4
[151] [M]: 0x80000248 (0xF7D42FA3) sw t4, 3967(fp)
mem[0x80002240] <- 0x00000040


mem[X,0x8000024C] -> 0x0013
mem[X,0x8000024E] -> 0x0000
[152] [M]: 0x8000024C (0x00000013) addi zero, zero, 0


mem[X,0x80000250] -> 0x0013
mem[X,0x80000252] -> 0x0000
[153] [M]: 0x80000250 (0x00000013) addi zero, zero, 0


mem[X,0x80000254] -> 0x0693
mem[X,0x80000256] -> 0x0800
[154] [M]: 0x80000254 (0x08000693) addi a3, zero, 128
x13 <- 0x00000080


mem[X,0x80000258] -> 0x0213
mem[X,0x8000025A] -> 0x0301
[155] [M]: 0x80000258 (0x03010213) addi tp, sp, 48
x4 <- 0x80002244


mem[X,0x8000025C] -> 0x0293
mem[X,0x8000025E] -> 0xFF70
[156] [M]: 0x8000025C (0xFF700293) addi t0, zero, 4087
x5 <- 0xFFFFFFF7


mem[X,0x80000260] -> 0x0233
mem[X,0x80000262] -> 0x4052
[157] [M]: 0x80000260 (0x40520233) sub tp, tp, t0
x4 <- 0x8000224D


mem[X,0x80000264] -> 0x2BA3
mem[X,0x80000266] -> 0xFED2
[158] [M]: 0x80000264 (0xFED22BA3) sw a3, 4087(tp)
mem[0x80002244] <- 0x00000080


mem[X,0x80000268] -> 0x0013
mem[X,0x8000026A] -> 0x0000
[159] [M]: 0x80000268 (0x00000013) addi zero, zero, 0


mem[X,0x8000026C] -> 0x0013
mem[X,0x8000026E] -> 0x0000
[160] [M]: 0x8000026C (0x00000013) addi zero, zero, 0


mem[X,0x80000270] -> 0x0793
mem[X,0x80000272] -> 0x1000
[161] [M]: 0x80000270 (0x10000793) addi a5, zero, 256
x15 <- 0x00000100


mem[X,0x80000274] -> 0x0F93
mem[X,0x80000276] -> 0x0341
[162] [M]: 0x80000274 (0x03410F93) addi t6, sp, 52
x31 <- 0x80002248


mem[X,0x80000278] -> 0x0293
mem[X,0x8000027A] -> 0xFFE0
[163] [M]: 0x80000278 (0xFFE00293) addi t0, zero, 4094
x5 <- 0xFFFFFFFE


mem[X,0x8000027C] -> 0x8FB3
mem[X,0x8000027E] -> 0x405F
[164] [M]: 0x8000027C (0x405F8FB3) sub t6, t6, t0
x31 <- 0x8000224A


mem[X,0x80000280] -> 0xAF23
mem[X,0x80000282] -> 0xFEFF
[165] [M]: 0x80000280 (0xFEFFAF23) sw a5, 4094(t6)
mem[0x80002248] <- 0x00000100


mem[X,0x80000284] -> 0x0013
mem[X,0x80000286] -> 0x0000
[166] [M]: 0x80000284 (0x00000013) addi zero, zero, 0


mem[X,0x80000288] -> 0x0013
mem[X,0x8000028A] -> 0x0000
[167] [M]: 0x80000288 (0x00000013) addi zero, zero, 0


mem[X,0x8000028C] -> 0x0613
mem[X,0x8000028E] -> 0x2000
[168] [M]: 0x8000028C (0x20000613) addi a2, zero, 512
x12 <- 0x00000200


mem[X,0x80000290] -> 0x0893
mem[X,0x80000292] -> 0x0381
[169] [M]: 0x80000290 (0x03810893) addi a7, sp, 56
x17 <- 0x8000224C


mem[X,0x80000294] -> 0x0293
mem[X,0x80000296] -> 0xDFF0
[170] [M]: 0x80000294 (0xDFF00293) addi t0, zero, 3583
x5 <- 0xFFFFFDFF


mem[X,0x80000298] -> 0x88B3
mem[X,0x8000029A] -> 0x4058
[171] [M]: 0x80000298 (0x405888B3) sub a7, a7, t0
x17 <- 0x8000244D


mem[X,0x8000029C] -> 0xAFA3
mem[X,0x8000029E] -> 0xDEC8
[172] [M]: 0x8000029C (0xDEC8AFA3) sw a2, 3583(a7)
mem[0x8000224C] <- 0x00000200


mem[X,0x800002A0] -> 0x0013
mem[X,0x800002A2] -> 0x0000
[173] [M]: 0x800002A0 (0x00000013) addi zero, zero, 0


mem[X,0x800002A4] -> 0x0013
mem[X,0x800002A6] -> 0x0000
[174] [M]: 0x800002A4 (0x00000013) addi zero, zero, 0


mem[X,0x800002A8] -> 0x0513
mem[X,0x800002AA] -> 0x4000
[175] [M]: 0x800002A8 (0x40000513) addi a0, zero, 1024
x10 <- 0x00000400


mem[X,0x800002AC] -> 0x0393
mem[X,0x800002AE] -> 0x03C1
[176] [M]: 0x800002AC (0x03C10393) addi t2, sp, 60
x7 <- 0x80002250


mem[X,0x800002B0] -> 0x0293
mem[X,0x800002B2] -> 0x0800
[177] [M]: 0x800002B0 (0x08000293) addi t0, zero, 128
x5 <- 0x00000080


mem[X,0x800002B4] -> 0x83B3
mem[X,0x800002B6] -> 0x4053
[178] [M]: 0x800002B4 (0x405383B3) sub t2, t2, t0
x7 <- 0x800021D0


mem[X,0x800002B8] -> 0xA023
mem[X,0x800002BA] -> 0x08A3
[179] [M]: 0x800002B8 (0x08A3A023) sw a0, 128(t2)
mem[0x80002250] <- 0x00000400


mem[X,0x800002BC] -> 0x0013
mem[X,0x800002BE] -> 0x0000
[180] [M]: 0x800002BC (0x00000013) addi zero, zero, 0


mem[X,0x800002C0] -> 0x0013
mem[X,0x800002C2] -> 0x0000
[181] [M]: 0x800002C0 (0x00000013) addi zero, zero, 0


mem[X,0x800002C4] -> 0x1CB7
mem[X,0x800002C6] -> 0x0000
[182] [M]: 0x800002C4 (0x00001CB7) lui s9, 1
x25 <- 0x00001000


mem[X,0x800002C8] -> 0x8C93
mem[X,0x800002CA] -> 0x800C
[183] [M]: 0x800002C8 (0x800C8C93) addi s9, s9, 2048
x25 <- 0x00000800


mem[X,0x800002CC] -> 0x0713
mem[X,0x800002CE] -> 0x0401
[184] [M]: 0x800002CC (0x04010713) addi a4, sp, 64
x14 <- 0x80002254


mem[X,0x800002D0] -> 0x0293
mem[X,0x800002D2] -> 0xFFE0
[185] [M]: 0x800002D0 (0xFFE00293) addi t0, zero, 4094
x5 <- 0xFFFFFFFE


mem[X,0x800002D4] -> 0x0733
mem[X,0x800002D6] -> 0x4057
[186] [M]: 0x800002D4 (0x40570733) sub a4, a4, t0
x14 <- 0x80002256


mem[X,0x800002D8] -> 0x2F23
mem[X,0x800002DA] -> 0xFF97
[187] [M]: 0x800002D8 (0xFF972F23) sw s9, 4094(a4)
mem[0x80002254] <- 0x00000800


mem[X,0x800002DC] -> 0x0013
mem[X,0x800002DE] -> 0x0000
[188] [M]: 0x800002DC (0x00000013) addi zero, zero, 0


mem[X,0x800002E0] -> 0x0013
mem[X,0x800002E2] -> 0x0000
[189] [M]: 0x800002E0 (0x00000013) addi zero, zero, 0


mem[X,0x800002E4] -> 0x1C37
mem[X,0x800002E6] -> 0x0000
[190] [M]: 0x800002E4 (0x00001C37) lui s8, 1
x24 <- 0x00001000


mem[X,0x800002E8] -> 0x0B13
mem[X,0x800002EA] -> 0x0441
[191] [M]: 0x800002E8 (0x04410B13) addi s6, sp, 68
x22 <- 0x80002258


mem[X,0x800002EC] -> 0x0293
mem[X,0x800002EE] -> 0xFFD0
[192] [M]: 0x800002EC (0xFFD00293) addi t0, zero, 4093
x5 <- 0xFFFFFFFD


mem[X,0x800002F0] -> 0x0B33
mem[X,0x800002F2] -> 0x405B
[193] [M]: 0x800002F0 (0x405B0B33) sub s6, s6, t0
x22 <- 0x8000225B


mem[X,0x800002F4] -> 0x2EA3
mem[X,0x800002F6] -> 0xFF8B
[194] [M]: 0x800002F4 (0xFF8B2EA3) sw s8, 4093(s6)
mem[0x80002258] <- 0x00001000


mem[X,0x800002F8] -> 0x0013
mem[X,0x800002FA] -> 0x0000
[195] [M]: 0x800002F8 (0x00000013) addi zero, zero, 0


mem[X,0x800002FC] -> 0x0013
mem[X,0x800002FE] -> 0x0000
[196] [M]: 0x800002FC (0x00000013) addi zero, zero, 0


mem[X,0x80000300] -> 0x22B7
mem[X,0x80000302] -> 0x0000
[197] [M]: 0x80000300 (0x000022B7) lui t0, 2
x5 <- 0x00002000


mem[X,0x80000304] -> 0x0C13
mem[X,0x80000306] -> 0x0481
[198] [M]: 0x80000304 (0x04810C13) addi s8, sp, 72
x24 <- 0x8000225C


mem[X,0x80000308] -> 0x0793
mem[X,0x8000030A] -> 0x4000
[199] [M]: 0x80000308 (0x40000793) addi a5, zero, 1024
x15 <- 0x00000400


clint::tick mtime <- 0x0000000000000002
 clint timer pending at mtime 0x0000000000000002
htif::tick 0x0000000000000000
mem[X,0x8000030C] -> 0x0C33
mem[X,0x8000030E] -> 0x40FC
[200] [M]: 0x8000030C (0x40FC0C33) sub s8, s8, a5
x24 <- 0x80001E5C


mem[X,0x80000310] -> 0x2023
mem[X,0x80000312] -> 0x405C
[201] [M]: 0x80000310 (0x405C2023) sw t0, 1024(s8)
mem[0x8000225C] <- 0x00002000


mem[X,0x80000314] -> 0x0013
mem[X,0x80000316] -> 0x0000
[202] [M]: 0x80000314 (0x00000013) addi zero, zero, 0


mem[X,0x80000318] -> 0x0013
mem[X,0x8000031A] -> 0x0000
[203] [M]: 0x80000318 (0x00000013) addi zero, zero, 0


mem[X,0x8000031C] -> 0x2617
mem[X,0x8000031E] -> 0x0000
[204] [M]: 0x8000031C (0x00002617) auipc a2, 2
x12 <- 0x8000231C


mem[X,0x80000320] -> 0x0613
mem[X,0x80000322] -> 0xF446
[205] [M]: 0x80000320 (0xF4460613) addi a2, a2, 3908
x12 <- 0x80002260


mem[X,0x80000324] -> 0x40B7
mem[X,0x80000326] -> 0x0000
[206] [M]: 0x80000324 (0x000040B7) lui ra, 4
x1 <- 0x00004000


mem[X,0x80000328] -> 0x0693
mem[X,0x8000032A] -> 0x0006
[207] [M]: 0x80000328 (0x00060693) addi a3, a2, 0
x13 <- 0x80002260


mem[X,0x8000032C] -> 0x0793
mem[X,0x8000032E] -> 0xDFF0
[208] [M]: 0x8000032C (0xDFF00793) addi a5, zero, 3583
x15 <- 0xFFFFFDFF


mem[X,0x80000330] -> 0x86B3
mem[X,0x80000332] -> 0x40F6
[209] [M]: 0x80000330 (0x40F686B3) sub a3, a3, a5
x13 <- 0x80002461


mem[X,0x80000334] -> 0xAFA3
mem[X,0x80000336] -> 0xDE16
[210] [M]: 0x80000334 (0xDE16AFA3) sw ra, 3583(a3)
mem[0x80002260] <- 0x00004000


mem[X,0x80000338] -> 0x0013
mem[X,0x8000033A] -> 0x0000
[211] [M]: 0x80000338 (0x00000013) addi zero, zero, 0


mem[X,0x8000033C] -> 0x0013
mem[X,0x8000033E] -> 0x0000
[212] [M]: 0x8000033C (0x00000013) addi zero, zero, 0


mem[X,0x80000340] -> 0x04B7
mem[X,0x80000342] -> 0x0001
[213] [M]: 0x80000340 (0x000104B7) lui s1, 16
x9 <- 0x00010000


mem[X,0x80000344] -> 0x0593
mem[X,0x80000346] -> 0x0046
[214] [M]: 0x80000344 (0x00460593) addi a1, a2, 4
x11 <- 0x80002264


mem[X,0x80000348] -> 0x0793
mem[X,0x8000034A] -> 0xFFB0
[215] [M]: 0x80000348 (0xFFB00793) addi a5, zero, 4091
x15 <- 0xFFFFFFFB


mem[X,0x8000034C] -> 0x85B3
mem[X,0x8000034E] -> 0x40F5
[216] [M]: 0x8000034C (0x40F585B3) sub a1, a1, a5
x11 <- 0x80002269


mem[X,0x80000350] -> 0xADA3
mem[X,0x80000352] -> 0xFE95
[217] [M]: 0x80000350 (0xFE95ADA3) sw s1, 4091(a1)
mem[0x80002264] <- 0x00010000


mem[X,0x80000354] -> 0x0013
mem[X,0x80000356] -> 0x0000
[218] [M]: 0x80000354 (0x00000013) addi zero, zero, 0


mem[X,0x80000358] -> 0x0013
mem[X,0x8000035A] -> 0x0000
[219] [M]: 0x80000358 (0x00000013) addi zero, zero, 0


mem[X,0x8000035C] -> 0x0137
mem[X,0x8000035E] -> 0x0002
[220] [M]: 0x8000035C (0x00020137) lui sp, 32
x2 <- 0x00020000


mem[X,0x80000360] -> 0x0A93
mem[X,0x80000362] -> 0x0086
[221] [M]: 0x80000360 (0x00860A93) addi s5, a2, 8
x21 <- 0x80002268


mem[X,0x80000364] -> 0x0793
mem[X,0x80000366] -> 0x0070
[222] [M]: 0x80000364 (0x00700793) addi a5, zero, 7
x15 <- 0x00000007


mem[X,0x80000368] -> 0x8AB3
mem[X,0x8000036A] -> 0x40FA
[223] [M]: 0x80000368 (0x40FA8AB3) sub s5, s5, a5
x21 <- 0x80002261


mem[X,0x8000036C] -> 0xA3A3
mem[X,0x8000036E] -> 0x002A
[224] [M]: 0x8000036C (0x002AA3A3) sw sp, 7(s5)
mem[0x80002268] <- 0x00020000


mem[X,0x80000370] -> 0x0013
mem[X,0x80000372] -> 0x0000
[225] [M]: 0x80000370 (0x00000013) addi zero, zero, 0


mem[X,0x80000374] -> 0x0013
mem[X,0x80000376] -> 0x0000
[226] [M]: 0x80000374 (0x00000013) addi zero, zero, 0


mem[X,0x80000378] -> 0x0E37
mem[X,0x8000037A] -> 0x0004
[227] [M]: 0x80000378 (0x00040E37) lui t3, 64
x28 <- 0x00040000


mem[X,0x8000037C] -> 0x0993
mem[X,0x8000037E] -> 0x00C6
[228] [M]: 0x8000037C (0x00C60993) addi s3, a2, 12
x19 <- 0x8000226C


mem[X,0x80000380] -> 0x0793
mem[X,0x80000382] -> 0xFF70
[229] [M]: 0x80000380 (0xFF700793) addi a5, zero, 4087
x15 <- 0xFFFFFFF7


mem[X,0x80000384] -> 0x89B3
mem[X,0x80000386] -> 0x40F9
[230] [M]: 0x80000384 (0x40F989B3) sub s3, s3, a5
x19 <- 0x80002275


mem[X,0x80000388] -> 0xABA3
mem[X,0x8000038A] -> 0xFFC9
[231] [M]: 0x80000388 (0xFFC9ABA3) sw t3, 4087(s3)
mem[0x8000226C] <- 0x00040000


mem[X,0x8000038C] -> 0x0013
mem[X,0x8000038E] -> 0x0000
[232] [M]: 0x8000038C (0x00000013) addi zero, zero, 0


mem[X,0x80000390] -> 0x0013
mem[X,0x80000392] -> 0x0000
[233] [M]: 0x80000390 (0x00000013) addi zero, zero, 0


mem[X,0x80000394] -> 0x0437
mem[X,0x80000396] -> 0x0008
[234] [M]: 0x80000394 (0x00080437) lui fp, 128
x8 <- 0x00080000


mem[X,0x80000398] -> 0x0313
mem[X,0x8000039A] -> 0x0106
[235] [M]: 0x80000398 (0x01060313) addi t1, a2, 16
x6 <- 0x80002270


mem[X,0x8000039C] -> 0x0793
mem[X,0x8000039E] -> 0x0020
[236] [M]: 0x8000039C (0x00200793) addi a5, zero, 2
x15 <- 0x00000002


mem[X,0x800003A0] -> 0x0333
mem[X,0x800003A2] -> 0x40F3
[237] [M]: 0x800003A0 (0x40F30333) sub t1, t1, a5
x6 <- 0x8000226E


mem[X,0x800003A4] -> 0x2123
mem[X,0x800003A6] -> 0x0083
[238] [M]: 0x800003A4 (0x00832123) sw fp, 2(t1)
mem[0x80002270] <- 0x00080000


mem[X,0x800003A8] -> 0x0013
mem[X,0x800003AA] -> 0x0000
[239] [M]: 0x800003A8 (0x00000013) addi zero, zero, 0


mem[X,0x800003AC] -> 0x0013
mem[X,0x800003AE] -> 0x0000
[240] [M]: 0x800003AC (0x00000013) addi zero, zero, 0


mem[X,0x800003B0] -> 0x03B7
mem[X,0x800003B2] -> 0x0010
[241] [M]: 0x800003B0 (0x001003B7) lui t2, 256
x7 <- 0x00100000


mem[X,0x800003B4] -> 0x0C93
mem[X,0x800003B6] -> 0x0146
[242] [M]: 0x800003B4 (0x01460C93) addi s9, a2, 20
x25 <- 0x80002274


mem[X,0x800003B8] -> 0x0793
mem[X,0x800003BA] -> 0xEFF0
[243] [M]: 0x800003B8 (0xEFF00793) addi a5, zero, 3839
x15 <- 0xFFFFFEFF


mem[X,0x800003BC] -> 0x8CB3
mem[X,0x800003BE] -> 0x40FC
[244] [M]: 0x800003BC (0x40FC8CB3) sub s9, s9, a5
x25 <- 0x80002375


mem[X,0x800003C0] -> 0xAFA3
mem[X,0x800003C2] -> 0xEE7C
[245] [M]: 0x800003C0 (0xEE7CAFA3) sw t2, 3839(s9)
mem[0x80002274] <- 0x00100000


mem[X,0x800003C4] -> 0x0013
mem[X,0x800003C6] -> 0x0000
[246] [M]: 0x800003C4 (0x00000013) addi zero, zero, 0


mem[X,0x800003C8] -> 0x0013
mem[X,0x800003CA] -> 0x0000
[247] [M]: 0x800003C8 (0x00000013) addi zero, zero, 0


mem[X,0x800003CC] -> 0x0337
mem[X,0x800003CE] -> 0x0020
[248] [M]: 0x800003CC (0x00200337) lui t1, 512
x6 <- 0x00200000


mem[X,0x800003D0] -> 0x0513
mem[X,0x800003D2] -> 0x0186
[249] [M]: 0x800003D0 (0x01860513) addi a0, a2, 24
x10 <- 0x80002278


mem[X,0x800003D4] -> 0x0793
mem[X,0x800003D6] -> 0x0040
[250] [M]: 0x800003D4 (0x00400793) addi a5, zero, 4
x15 <- 0x00000004


mem[X,0x800003D8] -> 0x0533
mem[X,0x800003DA] -> 0x40F5
[251] [M]: 0x800003D8 (0x40F50533) sub a0, a0, a5
x10 <- 0x80002274


mem[X,0x800003DC] -> 0x2223
mem[X,0x800003DE] -> 0x0065
[252] [M]: 0x800003DC (0x00652223) sw t1, 4(a0)
mem[0x80002278] <- 0x00200000


mem[X,0x800003E0] -> 0x0013
mem[X,0x800003E2] -> 0x0000
[253] [M]: 0x800003E0 (0x00000013) addi zero, zero, 0


mem[X,0x800003E4] -> 0x0013
mem[X,0x800003E6] -> 0x0000
[254] [M]: 0x800003E4 (0x00000013) addi zero, zero, 0


mem[X,0x800003E8] -> 0x0737
mem[X,0x800003EA] -> 0x0040
[255] [M]: 0x800003E8 (0x00400737) lui a4, 1024
x14 <- 0x00400000


mem[X,0x800003EC] -> 0x0F13
mem[X,0x800003EE] -> 0x01C6
[256] [M]: 0x800003EC (0x01C60F13) addi t5, a2, 28
x30 <- 0x8000227C


mem[X,0x800003F0] -> 0x0793
mem[X,0x800003F2] -> 0xFFD0
[257] [M]: 0x800003F0 (0xFFD00793) addi a5, zero, 4093
x15 <- 0xFFFFFFFD


mem[X,0x800003F4] -> 0x0F33
mem[X,0x800003F6] -> 0x40FF
[258] [M]: 0x800003F4 (0x40FF0F33) sub t5, t5, a5
x30 <- 0x8000227F


mem[X,0x800003F8] -> 0x2EA3
mem[X,0x800003FA] -> 0xFEEF
[259] [M]: 0x800003F8 (0xFEEF2EA3) sw a4, 4093(t5)
mem[0x8000227C] <- 0x00400000


mem[X,0x800003FC] -> 0x0013
mem[X,0x800003FE] -> 0x0000
[260] [M]: 0x800003FC (0x00000013) addi zero, zero, 0


mem[X,0x80000400] -> 0x0013
mem[X,0x80000402] -> 0x0000
[261] [M]: 0x80000400 (0x00000013) addi zero, zero, 0


mem[X,0x80000404] -> 0x0237
mem[X,0x80000406] -> 0x0080
[262] [M]: 0x80000404 (0x00800237) lui tp, 2048
x4 <- 0x00800000


mem[X,0x80000408] -> 0x0D13
mem[X,0x8000040A] -> 0x0206
[263] [M]: 0x80000408 (0x02060D13) addi s10, a2, 32
x26 <- 0x80002280


mem[X,0x8000040C] -> 0x0793
mem[X,0x8000040E] -> 0x0010
[264] [M]: 0x8000040C (0x00100793) addi a5, zero, 1
x15 <- 0x00000001


mem[X,0x80000410] -> 0x0D33
mem[X,0x80000412] -> 0x40FD
[265] [M]: 0x80000410 (0x40FD0D33) sub s10, s10, a5
x26 <- 0x8000227F


mem[X,0x80000414] -> 0x20A3
mem[X,0x80000416] -> 0x004D
[266] [M]: 0x80000414 (0x004D20A3) sw tp, 1(s10)
mem[0x80002280] <- 0x00800000


mem[X,0x80000418] -> 0x0013
mem[X,0x8000041A] -> 0x0000
[267] [M]: 0x80000418 (0x00000013) addi zero, zero, 0


mem[X,0x8000041C] -> 0x0013
mem[X,0x8000041E] -> 0x0000
[268] [M]: 0x8000041C (0x00000013) addi zero, zero, 0


mem[X,0x80000420] -> 0x08B7
mem[X,0x80000422] -> 0x0100
[269] [M]: 0x80000420 (0x010008B7) lui a7, 4096
x17 <- 0x01000000


mem[X,0x80000424] -> 0x0113
mem[X,0x80000426] -> 0x0246
[270] [M]: 0x80000424 (0x02460113) addi sp, a2, 36
x2 <- 0x80002284


mem[X,0x80000428] -> 0x0793
mem[X,0x8000042A] -> 0x0200
[271] [M]: 0x80000428 (0x02000793) addi a5, zero, 32
x15 <- 0x00000020


mem[X,0x8000042C] -> 0x0133
mem[X,0x8000042E] -> 0x40F1
[272] [M]: 0x8000042C (0x40F10133) sub sp, sp, a5
x2 <- 0x80002264


mem[X,0x80000430] -> 0x2023
mem[X,0x80000432] -> 0x0311
[273] [M]: 0x80000430 (0x03112023) sw a7, 32(sp)
mem[0x80002284] <- 0x01000000


mem[X,0x80000434] -> 0x0013
mem[X,0x80000436] -> 0x0000
[274] [M]: 0x80000434 (0x00000013) addi zero, zero, 0


mem[X,0x80000438] -> 0x0013
mem[X,0x8000043A] -> 0x0000
[275] [M]: 0x80000438 (0x00000013) addi zero, zero, 0


mem[X,0x8000043C] -> 0x05B7
mem[X,0x8000043E] -> 0x0200
[276] [M]: 0x8000043C (0x020005B7) lui a1, 8192
x11 <- 0x02000000


mem[X,0x80000440] -> 0x0A13
mem[X,0x80000442] -> 0x0286
[277] [M]: 0x80000440 (0x02860A13) addi s4, a2, 40
x20 <- 0x80002288


mem[X,0x80000444] -> 0x0793
mem[X,0x80000446] -> 0xFF90
[278] [M]: 0x80000444 (0xFF900793) addi a5, zero, 4089
x15 <- 0xFFFFFFF9


mem[X,0x80000448] -> 0x0A33
mem[X,0x8000044A] -> 0x40FA
[279] [M]: 0x80000448 (0x40FA0A33) sub s4, s4, a5
x20 <- 0x8000228F


mem[X,0x8000044C] -> 0x2CA3
mem[X,0x8000044E] -> 0xFEBA
[280] [M]: 0x8000044C (0xFEBA2CA3) sw a1, 4089(s4)
mem[0x80002288] <- 0x02000000


mem[X,0x80000450] -> 0x0013
mem[X,0x80000452] -> 0x0000
[281] [M]: 0x80000450 (0x00000013) addi zero, zero, 0


mem[X,0x80000454] -> 0x0013
mem[X,0x80000456] -> 0x0000
[282] [M]: 0x80000454 (0x00000013) addi zero, zero, 0


mem[X,0x80000458] -> 0x0DB7
mem[X,0x8000045A] -> 0x0400
[283] [M]: 0x80000458 (0x04000DB7) lui s11, 16384
x27 <- 0x04000000


mem[X,0x8000045C] -> 0x0293
mem[X,0x8000045E] -> 0x02C6
[284] [M]: 0x8000045C (0x02C60293) addi t0, a2, 44
x5 <- 0x8000228C


mem[X,0x80000460] -> 0x0793
mem[X,0x80000462] -> 0xAAA0
[285] [M]: 0x80000460 (0xAAA00793) addi a5, zero, 2730
x15 <- 0xFFFFFAAA


mem[X,0x80000464] -> 0x82B3
mem[X,0x80000466] -> 0x40F2
[286] [M]: 0x80000464 (0x40F282B3) sub t0, t0, a5
x5 <- 0x800027E2


mem[X,0x80000468] -> 0xA523
mem[X,0x8000046A] -> 0xABB2
[287] [M]: 0x80000468 (0xABB2A523) sw s11, 2730(t0)
mem[0x8000228C] <- 0x04000000


mem[X,0x8000046C] -> 0x0013
mem[X,0x8000046E] -> 0x0000
[288] [M]: 0x8000046C (0x00000013) addi zero, zero, 0


mem[X,0x80000470] -> 0x0013
mem[X,0x80000472] -> 0x0000
[289] [M]: 0x80000470 (0x00000013) addi zero, zero, 0


mem[X,0x80000474] -> 0x01B7
mem[X,0x80000476] -> 0x0800
[290] [M]: 0x80000474 (0x080001B7) lui gp, 32768
x3 <- 0x08000000


mem[X,0x80000478] -> 0x0E13
mem[X,0x8000047A] -> 0x0306
[291] [M]: 0x80000478 (0x03060E13) addi t3, a2, 48
x28 <- 0x80002290


mem[X,0x8000047C] -> 0x0793
mem[X,0x8000047E] -> 0x0050
[292] [M]: 0x8000047C (0x00500793) addi a5, zero, 5
x15 <- 0x00000005


mem[X,0x80000480] -> 0x0E33
mem[X,0x80000482] -> 0x40FE
[293] [M]: 0x80000480 (0x40FE0E33) sub t3, t3, a5
x28 <- 0x8000228B


mem[X,0x80000484] -> 0x22A3
mem[X,0x80000486] -> 0x003E
[294] [M]: 0x80000484 (0x003E22A3) sw gp, 5(t3)
mem[0x80002290] <- 0x08000000


mem[X,0x80000488] -> 0x0013
mem[X,0x8000048A] -> 0x0000
[295] [M]: 0x80000488 (0x00000013) addi zero, zero, 0


mem[X,0x8000048C] -> 0x0013
mem[X,0x8000048E] -> 0x0000
[296] [M]: 0x8000048C (0x00000013) addi zero, zero, 0


mem[X,0x80000490] -> 0x05B7
mem[X,0x80000492] -> 0x1000
[297] [M]: 0x80000490 (0x100005B7) lui a1, 65536
x11 <- 0x10000000


mem[X,0x80000494] -> 0x0513
mem[X,0x80000496] -> 0x0346
[298] [M]: 0x80000494 (0x03460513) addi a0, a2, 52
x10 <- 0x80002294


mem[X,0x80000498] -> 0x0793
mem[X,0x8000049A] -> 0xFEF0
[299] [M]: 0x80000498 (0xFEF00793) addi a5, zero, 4079
x15 <- 0xFFFFFFEF


clint::tick mtime <- 0x0000000000000003
 clint timer pending at mtime 0x0000000000000003
htif::tick 0x0000000000000000
mem[X,0x8000049C] -> 0x0533
mem[X,0x8000049E] -> 0x40F5
[300] [M]: 0x8000049C (0x40F50533) sub a0, a0, a5
x10 <- 0x800022A5


mem[X,0x800004A0] -> 0x27A3
mem[X,0x800004A2] -> 0xFEB5
[301] [M]: 0x800004A0 (0xFEB527A3) sw a1, 4079(a0)
mem[0x80002294] <- 0x10000000


mem[X,0x800004A4] -> 0x0013
mem[X,0x800004A6] -> 0x0000
[302] [M]: 0x800004A4 (0x00000013) addi zero, zero, 0


mem[X,0x800004A8] -> 0x0013
mem[X,0x800004AA] -> 0x0000
[303] [M]: 0x800004A8 (0x00000013) addi zero, zero, 0


mem[X,0x800004AC] -> 0x05B7
mem[X,0x800004AE] -> 0x2000
[304] [M]: 0x800004AC (0x200005B7) lui a1, 131072
x11 <- 0x20000000


mem[X,0x800004B0] -> 0x0513
mem[X,0x800004B2] -> 0x0386
[305] [M]: 0x800004B0 (0x03860513) addi a0, a2, 56
x10 <- 0x80002298


mem[X,0x800004B4] -> 0x0793
mem[X,0x800004B6] -> 0x3FF0
[306] [M]: 0x800004B4 (0x3FF00793) addi a5, zero, 1023
x15 <- 0x000003FF


mem[X,0x800004B8] -> 0x0533
mem[X,0x800004BA] -> 0x40F5
[307] [M]: 0x800004B8 (0x40F50533) sub a0, a0, a5
x10 <- 0x80001E99


mem[X,0x800004BC] -> 0x2FA3
mem[X,0x800004BE] -> 0x3EB5
[308] [M]: 0x800004BC (0x3EB52FA3) sw a1, 1023(a0)
mem[0x80002298] <- 0x20000000


mem[X,0x800004C0] -> 0x0013
mem[X,0x800004C2] -> 0x0000
[309] [M]: 0x800004C0 (0x00000013) addi zero, zero, 0


mem[X,0x800004C4] -> 0x0013
mem[X,0x800004C6] -> 0x0000
[310] [M]: 0x800004C4 (0x00000013) addi zero, zero, 0


mem[X,0x800004C8] -> 0x05B7
mem[X,0x800004CA] -> 0x4000
[311] [M]: 0x800004C8 (0x400005B7) lui a1, 262144
x11 <- 0x40000000


mem[X,0x800004CC] -> 0x0513
mem[X,0x800004CE] -> 0x03C6
[312] [M]: 0x800004CC (0x03C60513) addi a0, a2, 60
x10 <- 0x8000229C


mem[X,0x800004D0] -> 0x0793
mem[X,0x800004D2] -> 0xFF80
[313] [M]: 0x800004D0 (0xFF800793) addi a5, zero, 4088
x15 <- 0xFFFFFFF8


mem[X,0x800004D4] -> 0x0533
mem[X,0x800004D6] -> 0x40F5
[314] [M]: 0x800004D4 (0x40F50533) sub a0, a0, a5
x10 <- 0x800022A4


mem[X,0x800004D8] -> 0x2C23
mem[X,0x800004DA] -> 0xFEB5
[315] [M]: 0x800004D8 (0xFEB52C23) sw a1, 4088(a0)
mem[0x8000229C] <- 0x40000000


mem[X,0x800004DC] -> 0x0013
mem[X,0x800004DE] -> 0x0000
[316] [M]: 0x800004DC (0x00000013) addi zero, zero, 0


mem[X,0x800004E0] -> 0x0013
mem[X,0x800004E2] -> 0x0000
[317] [M]: 0x800004E0 (0x00000013) addi zero, zero, 0


mem[X,0x800004E4] -> 0x0593
mem[X,0x800004E6] -> 0xFFE0
[318] [M]: 0x800004E4 (0xFFE00593) addi a1, zero, 4094
x11 <- 0xFFFFFFFE


mem[X,0x800004E8] -> 0x0513
mem[X,0x800004EA] -> 0x0406
[319] [M]: 0x800004E8 (0x04060513) addi a0, a2, 64
x10 <- 0x800022A0


mem[X,0x800004EC] -> 0x0793
mem[X,0x800004EE] -> 0x0060
[320] [M]: 0x800004EC (0x00600793) addi a5, zero, 6
x15 <- 0x00000006


mem[X,0x800004F0] -> 0x0533
mem[X,0x800004F2] -> 0x40F5
[321] [M]: 0x800004F0 (0x40F50533) sub a0, a0, a5
x10 <- 0x8000229A


mem[X,0x800004F4] -> 0x2323
mem[X,0x800004F6] -> 0x00B5
[322] [M]: 0x800004F4 (0x00B52323) sw a1, 6(a0)
mem[0x800022A0] <- 0xFFFFFFFE


mem[X,0x800004F8] -> 0x0013
mem[X,0x800004FA] -> 0x0000
[323] [M]: 0x800004F8 (0x00000013) addi zero, zero, 0


mem[X,0x800004FC] -> 0x0013
mem[X,0x800004FE] -> 0x0000
[324] [M]: 0x800004FC (0x00000013) addi zero, zero, 0


mem[X,0x80000500] -> 0x05B7
mem[X,0x80000502] -> 0xFFC0
[325] [M]: 0x80000500 (0xFFC005B7) lui a1, 1047552
x11 <- 0xFFC00000


mem[X,0x80000504] -> 0x8593
mem[X,0x80000506] -> 0xFFF5
[326] [M]: 0x80000504 (0xFFF58593) addi a1, a1, 4095
x11 <- 0xFFBFFFFF


mem[X,0x80000508] -> 0x0513
mem[X,0x8000050A] -> 0x0446
[327] [M]: 0x80000508 (0x04460513) addi a0, a2, 68
x10 <- 0x800022A4


mem[X,0x8000050C] -> 0x0793
mem[X,0x8000050E] -> 0x2000
[328] [M]: 0x8000050C (0x20000793) addi a5, zero, 512
x15 <- 0x00000200


mem[X,0x80000510] -> 0x0533
mem[X,0x80000512] -> 0x40F5
[329] [M]: 0x80000510 (0x40F50533) sub a0, a0, a5
x10 <- 0x800020A4


mem[X,0x80000514] -> 0x2023
mem[X,0x80000516] -> 0x20B5
[330] [M]: 0x80000514 (0x20B52023) sw a1, 512(a0)
mem[0x800022A4] <- 0xFFBFFFFF


mem[X,0x80000518] -> 0x0013
mem[X,0x8000051A] -> 0x0000
[331] [M]: 0x80000518 (0x00000013) addi zero, zero, 0


mem[X,0x8000051C] -> 0x0013
mem[X,0x8000051E] -> 0x0000
[332] [M]: 0x8000051C (0x00000013) addi zero, zero, 0


mem[X,0x80000520] -> 0x05B7
mem[X,0x80000522] -> 0xFF80
[333] [M]: 0x80000520 (0xFF8005B7) lui a1, 1046528
x11 <- 0xFF800000


mem[X,0x80000524] -> 0x8593
mem[X,0x80000526] -> 0xFFF5
[334] [M]: 0x80000524 (0xFFF58593) addi a1, a1, 4095
x11 <- 0xFF7FFFFF


mem[X,0x80000528] -> 0x0513
mem[X,0x8000052A] -> 0x0486
[335] [M]: 0x80000528 (0x04860513) addi a0, a2, 72
x10 <- 0x800022A8


mem[X,0x8000052C] -> 0x0793
mem[X,0x8000052E] -> 0xFEF0
[336] [M]: 0x8000052C (0xFEF00793) addi a5, zero, 4079
x15 <- 0xFFFFFFEF


mem[X,0x80000530] -> 0x0533
mem[X,0x80000532] -> 0x40F5
[337] [M]: 0x80000530 (0x40F50533) sub a0, a0, a5
x10 <- 0x800022B9


mem[X,0x80000534] -> 0x27A3
mem[X,0x80000536] -> 0xFEB5
[338] [M]: 0x80000534 (0xFEB527A3) sw a1, 4079(a0)
mem[0x800022A8] <- 0xFF7FFFFF


mem[X,0x80000538] -> 0x0013
mem[X,0x8000053A] -> 0x0000
[339] [M]: 0x80000538 (0x00000013) addi zero, zero, 0


mem[X,0x8000053C] -> 0x0013
mem[X,0x8000053E] -> 0x0000
[340] [M]: 0x8000053C (0x00000013) addi zero, zero, 0


mem[X,0x80000540] -> 0x05B7
mem[X,0x80000542] -> 0xFF00
[341] [M]: 0x80000540 (0xFF0005B7) lui a1, 1044480
x11 <- 0xFF000000


mem[X,0x80000544] -> 0x8593
mem[X,0x80000546] -> 0xFFF5
[342] [M]: 0x80000544 (0xFFF58593) addi a1, a1, 4095
x11 <- 0xFEFFFFFF


mem[X,0x80000548] -> 0x0513
mem[X,0x8000054A] -> 0x04C6
[343] [M]: 0x80000548 (0x04C60513) addi a0, a2, 76
x10 <- 0x800022AC


mem[X,0x8000054C] -> 0x0793
mem[X,0x8000054E] -> 0x0040
[344] [M]: 0x8000054C (0x00400793) addi a5, zero, 4
x15 <- 0x00000004


mem[X,0x80000550] -> 0x0533
mem[X,0x80000552] -> 0x40F5
[345] [M]: 0x80000550 (0x40F50533) sub a0, a0, a5
x10 <- 0x800022A8


mem[X,0x80000554] -> 0x2223
mem[X,0x80000556] -> 0x00B5
[346] [M]: 0x80000554 (0x00B52223) sw a1, 4(a0)
mem[0x800022AC] <- 0xFEFFFFFF


mem[X,0x80000558] -> 0x0013
mem[X,0x8000055A] -> 0x0000
[347] [M]: 0x80000558 (0x00000013) addi zero, zero, 0


mem[X,0x8000055C] -> 0x0013
mem[X,0x8000055E] -> 0x0000
[348] [M]: 0x8000055C (0x00000013) addi zero, zero, 0


mem[X,0x80000560] -> 0x05B7
mem[X,0x80000562] -> 0xFE00
[349] [M]: 0x80000560 (0xFE0005B7) lui a1, 1040384
x11 <- 0xFE000000


mem[X,0x80000564] -> 0x8593
mem[X,0x80000566] -> 0xFFF5
[350] [M]: 0x80000564 (0xFFF58593) addi a1, a1, 4095
x11 <- 0xFDFFFFFF


mem[X,0x80000568] -> 0x0513
mem[X,0x8000056A] -> 0x0506
[351] [M]: 0x80000568 (0x05060513) addi a0, a2, 80
x10 <- 0x800022B0


mem[X,0x8000056C] -> 0x0793
mem[X,0x8000056E] -> 0x0100
[352] [M]: 0x8000056C (0x01000793) addi a5, zero, 16
x15 <- 0x00000010


mem[X,0x80000570] -> 0x0533
mem[X,0x80000572] -> 0x40F5
[353] [M]: 0x80000570 (0x40F50533) sub a0, a0, a5
x10 <- 0x800022A0


mem[X,0x80000574] -> 0x2823
mem[X,0x80000576] -> 0x00B5
[354] [M]: 0x80000574 (0x00B52823) sw a1, 16(a0)
mem[0x800022B0] <- 0xFDFFFFFF


mem[X,0x80000578] -> 0x0013
mem[X,0x8000057A] -> 0x0000
[355] [M]: 0x80000578 (0x00000013) addi zero, zero, 0


mem[X,0x8000057C] -> 0x0013
mem[X,0x8000057E] -> 0x0000
[356] [M]: 0x8000057C (0x00000013) addi zero, zero, 0


mem[X,0x80000580] -> 0x05B7
mem[X,0x80000582] -> 0xFC00
[357] [M]: 0x80000580 (0xFC0005B7) lui a1, 1032192
x11 <- 0xFC000000


mem[X,0x80000584] -> 0x8593
mem[X,0x80000586] -> 0xFFF5
[358] [M]: 0x80000584 (0xFFF58593) addi a1, a1, 4095
x11 <- 0xFBFFFFFF


mem[X,0x80000588] -> 0x0513
mem[X,0x8000058A] -> 0x0546
[359] [M]: 0x80000588 (0x05460513) addi a0, a2, 84
x10 <- 0x800022B4


mem[X,0x8000058C] -> 0x0793
mem[X,0x8000058E] -> 0xFFC0
[360] [M]: 0x8000058C (0xFFC00793) addi a5, zero, 4092
x15 <- 0xFFFFFFFC


mem[X,0x80000590] -> 0x0533
mem[X,0x80000592] -> 0x40F5
[361] [M]: 0x80000590 (0x40F50533) sub a0, a0, a5
x10 <- 0x800022B8


mem[X,0x80000594] -> 0x2E23
mem[X,0x80000596] -> 0xFEB5
[362] [M]: 0x80000594 (0xFEB52E23) sw a1, 4092(a0)
mem[0x800022B4] <- 0xFBFFFFFF


mem[X,0x80000598] -> 0x0013
mem[X,0x8000059A] -> 0x0000
[363] [M]: 0x80000598 (0x00000013) addi zero, zero, 0


mem[X,0x8000059C] -> 0x0013
mem[X,0x8000059E] -> 0x0000
[364] [M]: 0x8000059C (0x00000013) addi zero, zero, 0


mem[X,0x800005A0] -> 0x05B7
mem[X,0x800005A2] -> 0xF800
[365] [M]: 0x800005A0 (0xF80005B7) lui a1, 1015808
x11 <- 0xF8000000


mem[X,0x800005A4] -> 0x8593
mem[X,0x800005A6] -> 0xFFF5
[366] [M]: 0x800005A4 (0xFFF58593) addi a1, a1, 4095
x11 <- 0xF7FFFFFF


mem[X,0x800005A8] -> 0x0513
mem[X,0x800005AA] -> 0x0586
[367] [M]: 0x800005A8 (0x05860513) addi a0, a2, 88
x10 <- 0x800022B8


mem[X,0x800005AC] -> 0x0793
mem[X,0x800005AE] -> 0x0800
[368] [M]: 0x800005AC (0x08000793) addi a5, zero, 128
x15 <- 0x00000080


mem[X,0x800005B0] -> 0x0533
mem[X,0x800005B2] -> 0x40F5
[369] [M]: 0x800005B0 (0x40F50533) sub a0, a0, a5
x10 <- 0x80002238


mem[X,0x800005B4] -> 0x2023
mem[X,0x800005B6] -> 0x08B5
[370] [M]: 0x800005B4 (0x08B52023) sw a1, 128(a0)
mem[0x800022B8] <- 0xF7FFFFFF


mem[X,0x800005B8] -> 0x0013
mem[X,0x800005BA] -> 0x0000
[371] [M]: 0x800005B8 (0x00000013) addi zero, zero, 0


mem[X,0x800005BC] -> 0x0013
mem[X,0x800005BE] -> 0x0000
[372] [M]: 0x800005BC (0x00000013) addi zero, zero, 0


mem[X,0x800005C0] -> 0x05B7
mem[X,0x800005C2] -> 0xF000
[373] [M]: 0x800005C0 (0xF00005B7) lui a1, 983040
x11 <- 0xF0000000


mem[X,0x800005C4] -> 0x8593
mem[X,0x800005C6] -> 0xFFF5
[374] [M]: 0x800005C4 (0xFFF58593) addi a1, a1, 4095
x11 <- 0xEFFFFFFF


mem[X,0x800005C8] -> 0x0513
mem[X,0x800005CA] -> 0x05C6
[375] [M]: 0x800005C8 (0x05C60513) addi a0, a2, 92
x10 <- 0x800022BC


mem[X,0x800005CC] -> 0x0793
mem[X,0x800005CE] -> 0xFF70
[376] [M]: 0x800005CC (0xFF700793) addi a5, zero, 4087
x15 <- 0xFFFFFFF7


mem[X,0x800005D0] -> 0x0533
mem[X,0x800005D2] -> 0x40F5
[377] [M]: 0x800005D0 (0x40F50533) sub a0, a0, a5
x10 <- 0x800022C5


mem[X,0x800005D4] -> 0x2BA3
mem[X,0x800005D6] -> 0xFEB5
[378] [M]: 0x800005D4 (0xFEB52BA3) sw a1, 4087(a0)
mem[0x800022BC] <- 0xEFFFFFFF


mem[X,0x800005D8] -> 0x0013
mem[X,0x800005DA] -> 0x0000
[379] [M]: 0x800005D8 (0x00000013) addi zero, zero, 0


mem[X,0x800005DC] -> 0x0013
mem[X,0x800005DE] -> 0x0000
[380] [M]: 0x800005DC (0x00000013) addi zero, zero, 0


mem[X,0x800005E0] -> 0x05B7
mem[X,0x800005E2] -> 0xE000
[381] [M]: 0x800005E0 (0xE00005B7) lui a1, 917504
x11 <- 0xE0000000


mem[X,0x800005E4] -> 0x8593
mem[X,0x800005E6] -> 0xFFF5
[382] [M]: 0x800005E4 (0xFFF58593) addi a1, a1, 4095
x11 <- 0xDFFFFFFF


mem[X,0x800005E8] -> 0x0513
mem[X,0x800005EA] -> 0x0606
[383] [M]: 0x800005E8 (0x06060513) addi a0, a2, 96
x10 <- 0x800022C0


mem[X,0x800005EC] -> 0x0793
mem[X,0x800005EE] -> 0x0030
[384] [M]: 0x800005EC (0x00300793) addi a5, zero, 3
x15 <- 0x00000003


mem[X,0x800005F0] -> 0x0533
mem[X,0x800005F2] -> 0x40F5
[385] [M]: 0x800005F0 (0x40F50533) sub a0, a0, a5
x10 <- 0x800022BD


mem[X,0x800005F4] -> 0x21A3
mem[X,0x800005F6] -> 0x00B5
[386] [M]: 0x800005F4 (0x00B521A3) sw a1, 3(a0)
mem[0x800022C0] <- 0xDFFFFFFF


mem[X,0x800005F8] -> 0x0013
mem[X,0x800005FA] -> 0x0000
[387] [M]: 0x800005F8 (0x00000013) addi zero, zero, 0


mem[X,0x800005FC] -> 0x0013
mem[X,0x800005FE] -> 0x0000
[388] [M]: 0x800005FC (0x00000013) addi zero, zero, 0


mem[X,0x80000600] -> 0x05B7
mem[X,0x80000602] -> 0xC000
[389] [M]: 0x80000600 (0xC00005B7) lui a1, 786432
x11 <- 0xC0000000


mem[X,0x80000604] -> 0x8593
mem[X,0x80000606] -> 0xFFF5
[390] [M]: 0x80000604 (0xFFF58593) addi a1, a1, 4095
x11 <- 0xBFFFFFFF


mem[X,0x80000608] -> 0x0513
mem[X,0x8000060A] -> 0x0646
[391] [M]: 0x80000608 (0x06460513) addi a0, a2, 100
x10 <- 0x800022C4


mem[X,0x8000060C] -> 0x0793
mem[X,0x8000060E] -> 0x4000
[392] [M]: 0x8000060C (0x40000793) addi a5, zero, 1024
x15 <- 0x00000400


mem[X,0x80000610] -> 0x0533
mem[X,0x80000612] -> 0x40F5
[393] [M]: 0x80000610 (0x40F50533) sub a0, a0, a5
x10 <- 0x80001EC4


mem[X,0x80000614] -> 0x2023
mem[X,0x80000616] -> 0x40B5
[394] [M]: 0x80000614 (0x40B52023) sw a1, 1024(a0)
mem[0x800022C4] <- 0xBFFFFFFF


mem[X,0x80000618] -> 0x0013
mem[X,0x8000061A] -> 0x0000
[395] [M]: 0x80000618 (0x00000013) addi zero, zero, 0


mem[X,0x8000061C] -> 0x0013
mem[X,0x8000061E] -> 0x0000
[396] [M]: 0x8000061C (0x00000013) addi zero, zero, 0


mem[X,0x80000620] -> 0x55B7
mem[X,0x80000622] -> 0x5555
[397] [M]: 0x80000620 (0x555555B7) lui a1, 349525
x11 <- 0x55555000


mem[X,0x80000624] -> 0x8593
mem[X,0x80000626] -> 0x5555
[398] [M]: 0x80000624 (0x55558593) addi a1, a1, 1365
x11 <- 0x55555555


mem[X,0x80000628] -> 0x0513
mem[X,0x8000062A] -> 0x0686
[399] [M]: 0x80000628 (0x06860513) addi a0, a2, 104
x10 <- 0x800022C8


clint::tick mtime <- 0x0000000000000004
 clint timer pending at mtime 0x0000000000000004
htif::tick 0x0000000000000000
mem[X,0x8000062C] -> 0x0793
mem[X,0x8000062E] -> 0x0070
[400] [M]: 0x8000062C (0x00700793) addi a5, zero, 7
x15 <- 0x00000007


mem[X,0x80000630] -> 0x0533
mem[X,0x80000632] -> 0x40F5
[401] [M]: 0x80000630 (0x40F50533) sub a0, a0, a5
x10 <- 0x800022C1


mem[X,0x80000634] -> 0x23A3
mem[X,0x80000636] -> 0x00B5
[402] [M]: 0x80000634 (0x00B523A3) sw a1, 7(a0)
mem[0x800022C8] <- 0x55555555


mem[X,0x80000638] -> 0x0013
mem[X,0x8000063A] -> 0x0000
[403] [M]: 0x80000638 (0x00000013) addi zero, zero, 0


mem[X,0x8000063C] -> 0x0013
mem[X,0x8000063E] -> 0x0000
[404] [M]: 0x8000063C (0x00000013) addi zero, zero, 0


mem[X,0x80000640] -> 0xB5B7
mem[X,0x80000642] -> 0xAAAA
[405] [M]: 0x80000640 (0xAAAAB5B7) lui a1, 699051
x11 <- 0xAAAAB000


mem[X,0x80000644] -> 0x8593
mem[X,0x80000646] -> 0xAAA5
[406] [M]: 0x80000644 (0xAAA58593) addi a1, a1, 2730
x11 <- 0xAAAAAAAA


mem[X,0x80000648] -> 0x0513
mem[X,0x8000064A] -> 0x06C6
[407] [M]: 0x80000648 (0x06C60513) addi a0, a2, 108
x10 <- 0x800022CC


mem[X,0x8000064C] -> 0x0793
mem[X,0x8000064E] -> 0x0070
[408] [M]: 0x8000064C (0x00700793) addi a5, zero, 7
x15 <- 0x00000007


mem[X,0x80000650] -> 0x0533
mem[X,0x80000652] -> 0x40F5
[409] [M]: 0x80000650 (0x40F50533) sub a0, a0, a5
x10 <- 0x800022C5


mem[X,0x80000654] -> 0x23A3
mem[X,0x80000656] -> 0x00B5
[410] [M]: 0x80000654 (0x00B523A3) sw a1, 7(a0)
mem[0x800022CC] <- 0xAAAAAAAA


mem[X,0x80000658] -> 0x0013
mem[X,0x8000065A] -> 0x0000
[411] [M]: 0x80000658 (0x00000013) addi zero, zero, 0


mem[X,0x8000065C] -> 0x0013
mem[X,0x8000065E] -> 0x0000
[412] [M]: 0x8000065C (0x00000013) addi zero, zero, 0


mem[X,0x80000660] -> 0x0593
mem[X,0x80000662] -> 0xFFD0
[413] [M]: 0x80000660 (0xFFD00593) addi a1, zero, 4093
x11 <- 0xFFFFFFFD


mem[X,0x80000664] -> 0x0513
mem[X,0x80000666] -> 0x0706
[414] [M]: 0x80000664 (0x07060513) addi a0, a2, 112
x10 <- 0x800022D0


mem[X,0x80000668] -> 0x0793
mem[X,0x8000066A] -> 0x0400
[415] [M]: 0x80000668 (0x04000793) addi a5, zero, 64
x15 <- 0x00000040


mem[X,0x8000066C] -> 0x0533
mem[X,0x8000066E] -> 0x40F5
[416] [M]: 0x8000066C (0x40F50533) sub a0, a0, a5
x10 <- 0x80002290


mem[X,0x80000670] -> 0x2023
mem[X,0x80000672] -> 0x04B5
[417] [M]: 0x80000670 (0x04B52023) sw a1, 64(a0)
mem[0x800022D0] <- 0xFFFFFFFD


mem[X,0x80000674] -> 0x0013
mem[X,0x80000676] -> 0x0000
[418] [M]: 0x80000674 (0x00000013) addi zero, zero, 0


mem[X,0x80000678] -> 0x0013
mem[X,0x8000067A] -> 0x0000
[419] [M]: 0x80000678 (0x00000013) addi zero, zero, 0


mem[X,0x8000067C] -> 0x0593
mem[X,0x8000067E] -> 0xFFB0
[420] [M]: 0x8000067C (0xFFB00593) addi a1, zero, 4091
x11 <- 0xFFFFFFFB


mem[X,0x80000680] -> 0x0513
mem[X,0x80000682] -> 0x0746
[421] [M]: 0x80000680 (0x07460513) addi a0, a2, 116
x10 <- 0x800022D4


mem[X,0x80000684] -> 0x0793
mem[X,0x80000686] -> 0x7FF0
[422] [M]: 0x80000684 (0x7FF00793) addi a5, zero, 2047
x15 <- 0x000007FF


mem[X,0x80000688] -> 0x0533
mem[X,0x8000068A] -> 0x40F5
[423] [M]: 0x80000688 (0x40F50533) sub a0, a0, a5
x10 <- 0x80001AD5


mem[X,0x8000068C] -> 0x2FA3
mem[X,0x8000068E] -> 0x7EB5
[424] [M]: 0x8000068C (0x7EB52FA3) sw a1, 2047(a0)
mem[0x800022D4] <- 0xFFFFFFFB


mem[X,0x80000690] -> 0x0013
mem[X,0x80000692] -> 0x0000
[425] [M]: 0x80000690 (0x00000013) addi zero, zero, 0


mem[X,0x80000694] -> 0x0013
mem[X,0x80000696] -> 0x0000
[426] [M]: 0x80000694 (0x00000013) addi zero, zero, 0


mem[X,0x80000698] -> 0x0593
mem[X,0x8000069A] -> 0xFF70
[427] [M]: 0x80000698 (0xFF700593) addi a1, zero, 4087
x11 <- 0xFFFFFFF7


mem[X,0x8000069C] -> 0x0513
mem[X,0x8000069E] -> 0x0786
[428] [M]: 0x8000069C (0x07860513) addi a0, a2, 120
x10 <- 0x800022D8


mem[X,0x800006A0] -> 0x0793
mem[X,0x800006A2] -> 0x2000
[429] [M]: 0x800006A0 (0x20000793) addi a5, zero, 512
x15 <- 0x00000200


mem[X,0x800006A4] -> 0x0533
mem[X,0x800006A6] -> 0x40F5
[430] [M]: 0x800006A4 (0x40F50533) sub a0, a0, a5
x10 <- 0x800020D8


mem[X,0x800006A8] -> 0x2023
mem[X,0x800006AA] -> 0x20B5
[431] [M]: 0x800006A8 (0x20B52023) sw a1, 512(a0)
mem[0x800022D8] <- 0xFFFFFFF7


mem[X,0x800006AC] -> 0x0013
mem[X,0x800006AE] -> 0x0000
[432] [M]: 0x800006AC (0x00000013) addi zero, zero, 0


mem[X,0x800006B0] -> 0x0013
mem[X,0x800006B2] -> 0x0000
[433] [M]: 0x800006B0 (0x00000013) addi zero, zero, 0


mem[X,0x800006B4] -> 0x0593
mem[X,0x800006B6] -> 0xFDF0
[434] [M]: 0x800006B4 (0xFDF00593) addi a1, zero, 4063
x11 <- 0xFFFFFFDF


mem[X,0x800006B8] -> 0x0513
mem[X,0x800006BA] -> 0x07C6
[435] [M]: 0x800006B8 (0x07C60513) addi a0, a2, 124
x10 <- 0x800022DC


mem[X,0x800006BC] -> 0x0793
mem[X,0x800006BE] -> 0x8000
[436] [M]: 0x800006BC (0x80000793) addi a5, zero, 2048
x15 <- 0xFFFFF800


mem[X,0x800006C0] -> 0x0533
mem[X,0x800006C2] -> 0x40F5
[437] [M]: 0x800006C0 (0x40F50533) sub a0, a0, a5
x10 <- 0x80002ADC


mem[X,0x800006C4] -> 0x2023
mem[X,0x800006C6] -> 0x80B5
[438] [M]: 0x800006C4 (0x80B52023) sw a1, 2048(a0)
mem[0x800022DC] <- 0xFFFFFFDF


mem[X,0x800006C8] -> 0x0013
mem[X,0x800006CA] -> 0x0000
[439] [M]: 0x800006C8 (0x00000013) addi zero, zero, 0


mem[X,0x800006CC] -> 0x0013
mem[X,0x800006CE] -> 0x0000
[440] [M]: 0x800006CC (0x00000013) addi zero, zero, 0


mem[X,0x800006D0] -> 0x0593
mem[X,0x800006D2] -> 0xFBF0
[441] [M]: 0x800006D0 (0xFBF00593) addi a1, zero, 4031
x11 <- 0xFFFFFFBF


mem[X,0x800006D4] -> 0x0513
mem[X,0x800006D6] -> 0x0806
[442] [M]: 0x800006D4 (0x08060513) addi a0, a2, 128
x10 <- 0x800022E0


mem[X,0x800006D8] -> 0x0793
mem[X,0x800006DA] -> 0xFFE0
[443] [M]: 0x800006D8 (0xFFE00793) addi a5, zero, 4094
x15 <- 0xFFFFFFFE


mem[X,0x800006DC] -> 0x0533
mem[X,0x800006DE] -> 0x40F5
[444] [M]: 0x800006DC (0x40F50533) sub a0, a0, a5
x10 <- 0x800022E2


mem[X,0x800006E0] -> 0x2F23
mem[X,0x800006E2] -> 0xFEB5
[445] [M]: 0x800006E0 (0xFEB52F23) sw a1, 4094(a0)
mem[0x800022E0] <- 0xFFFFFFBF


mem[X,0x800006E4] -> 0x0013
mem[X,0x800006E6] -> 0x0000
[446] [M]: 0x800006E4 (0x00000013) addi zero, zero, 0


mem[X,0x800006E8] -> 0x0013
mem[X,0x800006EA] -> 0x0000
[447] [M]: 0x800006E8 (0x00000013) addi zero, zero, 0


mem[X,0x800006EC] -> 0x0593
mem[X,0x800006EE] -> 0xF7F0
[448] [M]: 0x800006EC (0xF7F00593) addi a1, zero, 3967
x11 <- 0xFFFFFF7F


mem[X,0x800006F0] -> 0x0513
mem[X,0x800006F2] -> 0x0846
[449] [M]: 0x800006F0 (0x08460513) addi a0, a2, 132
x10 <- 0x800022E4


mem[X,0x800006F4] -> 0x0793
mem[X,0x800006F6] -> 0xFF80
[450] [M]: 0x800006F4 (0xFF800793) addi a5, zero, 4088
x15 <- 0xFFFFFFF8


mem[X,0x800006F8] -> 0x0533
mem[X,0x800006FA] -> 0x40F5
[451] [M]: 0x800006F8 (0x40F50533) sub a0, a0, a5
x10 <- 0x800022EC


mem[X,0x800006FC] -> 0x2C23
mem[X,0x800006FE] -> 0xFEB5
[452] [M]: 0x800006FC (0xFEB52C23) sw a1, 4088(a0)
mem[0x800022E4] <- 0xFFFFFF7F


mem[X,0x80000700] -> 0x0013
mem[X,0x80000702] -> 0x0000
[453] [M]: 0x80000700 (0x00000013) addi zero, zero, 0


mem[X,0x80000704] -> 0x0013
mem[X,0x80000706] -> 0x0000
[454] [M]: 0x80000704 (0x00000013) addi zero, zero, 0


mem[X,0x80000708] -> 0x0593
mem[X,0x8000070A] -> 0xEFF0
[455] [M]: 0x80000708 (0xEFF00593) addi a1, zero, 3839
x11 <- 0xFFFFFEFF


mem[X,0x8000070C] -> 0x0513
mem[X,0x8000070E] -> 0x0886
[456] [M]: 0x8000070C (0x08860513) addi a0, a2, 136
x10 <- 0x800022E8


mem[X,0x80000710] -> 0x0793
mem[X,0x80000712] -> 0xEFF0
[457] [M]: 0x80000710 (0xEFF00793) addi a5, zero, 3839
x15 <- 0xFFFFFEFF


mem[X,0x80000714] -> 0x0533
mem[X,0x80000716] -> 0x40F5
[458] [M]: 0x80000714 (0x40F50533) sub a0, a0, a5
x10 <- 0x800023E9


mem[X,0x80000718] -> 0x2FA3
mem[X,0x8000071A] -> 0xEEB5
[459] [M]: 0x80000718 (0xEEB52FA3) sw a1, 3839(a0)
mem[0x800022E8] <- 0xFFFFFEFF


mem[X,0x8000071C] -> 0x0013
mem[X,0x8000071E] -> 0x0000
[460] [M]: 0x8000071C (0x00000013) addi zero, zero, 0


mem[X,0x80000720] -> 0x0013
mem[X,0x80000722] -> 0x0000
[461] [M]: 0x80000720 (0x00000013) addi zero, zero, 0


mem[X,0x80000724] -> 0x0593
mem[X,0x80000726] -> 0xDFF0
[462] [M]: 0x80000724 (0xDFF00593) addi a1, zero, 3583
x11 <- 0xFFFFFDFF


mem[X,0x80000728] -> 0x0513
mem[X,0x8000072A] -> 0x08C6
[463] [M]: 0x80000728 (0x08C60513) addi a0, a2, 140
x10 <- 0x800022EC


mem[X,0x8000072C] -> 0x0793
mem[X,0x8000072E] -> 0xAAA0
[464] [M]: 0x8000072C (0xAAA00793) addi a5, zero, 2730
x15 <- 0xFFFFFAAA


mem[X,0x80000730] -> 0x0533
mem[X,0x80000732] -> 0x40F5
[465] [M]: 0x80000730 (0x40F50533) sub a0, a0, a5
x10 <- 0x80002842


mem[X,0x80000734] -> 0x2523
mem[X,0x80000736] -> 0xAAB5
[466] [M]: 0x80000734 (0xAAB52523) sw a1, 2730(a0)
mem[0x800022EC] <- 0xFFFFFDFF


mem[X,0x80000738] -> 0x0013
mem[X,0x8000073A] -> 0x0000
[467] [M]: 0x80000738 (0x00000013) addi zero, zero, 0


mem[X,0x8000073C] -> 0x0013
mem[X,0x8000073E] -> 0x0000
[468] [M]: 0x8000073C (0x00000013) addi zero, zero, 0


mem[X,0x80000740] -> 0x0593
mem[X,0x80000742] -> 0xBFF0
[469] [M]: 0x80000740 (0xBFF00593) addi a1, zero, 3071
x11 <- 0xFFFFFBFF


mem[X,0x80000744] -> 0x0513
mem[X,0x80000746] -> 0x0906
[470] [M]: 0x80000744 (0x09060513) addi a0, a2, 144
x10 <- 0x800022F0


mem[X,0x80000748] -> 0x0793
mem[X,0x8000074A] -> 0xAAA0
[471] [M]: 0x80000748 (0xAAA00793) addi a5, zero, 2730
x15 <- 0xFFFFFAAA


mem[X,0x8000074C] -> 0x0533
mem[X,0x8000074E] -> 0x40F5
[472] [M]: 0x8000074C (0x40F50533) sub a0, a0, a5
x10 <- 0x80002846


mem[X,0x80000750] -> 0x2523
mem[X,0x80000752] -> 0xAAB5
[473] [M]: 0x80000750 (0xAAB52523) sw a1, 2730(a0)
mem[0x800022F0] <- 0xFFFFFBFF


mem[X,0x80000754] -> 0x0013
mem[X,0x80000756] -> 0x0000
[474] [M]: 0x80000754 (0x00000013) addi zero, zero, 0


mem[X,0x80000758] -> 0x0013
mem[X,0x8000075A] -> 0x0000
[475] [M]: 0x80000758 (0x00000013) addi zero, zero, 0


mem[X,0x8000075C] -> 0xF5B7
mem[X,0x8000075E] -> 0xFFFF
[476] [M]: 0x8000075C (0xFFFFF5B7) lui a1, 1048575
x11 <- 0xFFFFF000


mem[X,0x80000760] -> 0x8593
mem[X,0x80000762] -> 0x7FF5
[477] [M]: 0x80000760 (0x7FF58593) addi a1, a1, 2047
x11 <- 0xFFFFF7FF


mem[X,0x80000764] -> 0x0513
mem[X,0x80000766] -> 0x0946
[478] [M]: 0x80000764 (0x09460513) addi a0, a2, 148
x10 <- 0x800022F4


mem[X,0x80000768] -> 0x0793
mem[X,0x8000076A] -> 0x0050
[479] [M]: 0x80000768 (0x00500793) addi a5, zero, 5
x15 <- 0x00000005


mem[X,0x8000076C] -> 0x0533
mem[X,0x8000076E] -> 0x40F5
[480] [M]: 0x8000076C (0x40F50533) sub a0, a0, a5
x10 <- 0x800022EF


mem[X,0x80000770] -> 0x22A3
mem[X,0x80000772] -> 0x00B5
[481] [M]: 0x80000770 (0x00B522A3) sw a1, 5(a0)
mem[0x800022F4] <- 0xFFFFF7FF


mem[X,0x80000774] -> 0x0013
mem[X,0x80000776] -> 0x0000
[482] [M]: 0x80000774 (0x00000013) addi zero, zero, 0


mem[X,0x80000778] -> 0x0013
mem[X,0x8000077A] -> 0x0000
[483] [M]: 0x80000778 (0x00000013) addi zero, zero, 0


mem[X,0x8000077C] -> 0xF5B7
mem[X,0x8000077E] -> 0xFFFF
[484] [M]: 0x8000077C (0xFFFFF5B7) lui a1, 1048575
x11 <- 0xFFFFF000


mem[X,0x80000780] -> 0x8593
mem[X,0x80000782] -> 0xFFF5
[485] [M]: 0x80000780 (0xFFF58593) addi a1, a1, 4095
x11 <- 0xFFFFEFFF


mem[X,0x80000784] -> 0x0513
mem[X,0x80000786] -> 0x0986
[486] [M]: 0x80000784 (0x09860513) addi a0, a2, 152
x10 <- 0x800022F8


mem[X,0x80000788] -> 0x0793
mem[X,0x8000078A] -> 0xFFD0
[487] [M]: 0x80000788 (0xFFD00793) addi a5, zero, 4093
x15 <- 0xFFFFFFFD


mem[X,0x8000078C] -> 0x0533
mem[X,0x8000078E] -> 0x40F5
[488] [M]: 0x8000078C (0x40F50533) sub a0, a0, a5
x10 <- 0x800022FB


mem[X,0x80000790] -> 0x2EA3
mem[X,0x80000792] -> 0xFEB5
[489] [M]: 0x80000790 (0xFEB52EA3) sw a1, 4093(a0)
mem[0x800022F8] <- 0xFFFFEFFF


mem[X,0x80000794] -> 0x0013
mem[X,0x80000796] -> 0x0000
[490] [M]: 0x80000794 (0x00000013) addi zero, zero, 0


mem[X,0x80000798] -> 0x0013
mem[X,0x8000079A] -> 0x0000
[491] [M]: 0x80000798 (0x00000013) addi zero, zero, 0


mem[X,0x8000079C] -> 0xE5B7
mem[X,0x8000079E] -> 0xFFFF
[492] [M]: 0x8000079C (0xFFFFE5B7) lui a1, 1048574
x11 <- 0xFFFFE000


mem[X,0x800007A0] -> 0x8593
mem[X,0x800007A2] -> 0xFFF5
[493] [M]: 0x800007A0 (0xFFF58593) addi a1, a1, 4095
x11 <- 0xFFFFDFFF


mem[X,0x800007A4] -> 0x0513
mem[X,0x800007A6] -> 0x09C6
[494] [M]: 0x800007A4 (0x09C60513) addi a0, a2, 156
x10 <- 0x800022FC


mem[X,0x800007A8] -> 0x0793
mem[X,0x800007AA] -> 0xFEF0
[495] [M]: 0x800007A8 (0xFEF00793) addi a5, zero, 4079
x15 <- 0xFFFFFFEF


mem[X,0x800007AC] -> 0x0533
mem[X,0x800007AE] -> 0x40F5
[496] [M]: 0x800007AC (0x40F50533) sub a0, a0, a5
x10 <- 0x8000230D


mem[X,0x800007B0] -> 0x27A3
mem[X,0x800007B2] -> 0xFEB5
[497] [M]: 0x800007B0 (0xFEB527A3) sw a1, 4079(a0)
mem[0x800022FC] <- 0xFFFFDFFF


mem[X,0x800007B4] -> 0x0013
mem[X,0x800007B6] -> 0x0000
[498] [M]: 0x800007B4 (0x00000013) addi zero, zero, 0


mem[X,0x800007B8] -> 0x0013
mem[X,0x800007BA] -> 0x0000
[499] [M]: 0x800007B8 (0x00000013) addi zero, zero, 0


clint::tick mtime <- 0x0000000000000005
 clint timer pending at mtime 0x0000000000000005
htif::tick 0x0000000000000000
mem[X,0x800007BC] -> 0xC5B7
mem[X,0x800007BE] -> 0xFFFF
[500] [M]: 0x800007BC (0xFFFFC5B7) lui a1, 1048572
x11 <- 0xFFFFC000


mem[X,0x800007C0] -> 0x8593
mem[X,0x800007C2] -> 0xFFF5
[501] [M]: 0x800007C0 (0xFFF58593) addi a1, a1, 4095
x11 <- 0xFFFFBFFF


mem[X,0x800007C4] -> 0x0513
mem[X,0x800007C6] -> 0x0A06
[502] [M]: 0x800007C4 (0x0A060513) addi a0, a2, 160
x10 <- 0x80002300


mem[X,0x800007C8] -> 0x0793
mem[X,0x800007CA] -> 0x0060
[503] [M]: 0x800007C8 (0x00600793) addi a5, zero, 6
x15 <- 0x00000006


mem[X,0x800007CC] -> 0x0533
mem[X,0x800007CE] -> 0x40F5
[504] [M]: 0x800007CC (0x40F50533) sub a0, a0, a5
x10 <- 0x800022FA


mem[X,0x800007D0] -> 0x2323
mem[X,0x800007D2] -> 0x00B5
[505] [M]: 0x800007D0 (0x00B52323) sw a1, 6(a0)
mem[0x80002300] <- 0xFFFFBFFF


mem[X,0x800007D4] -> 0x0013
mem[X,0x800007D6] -> 0x0000
[506] [M]: 0x800007D4 (0x00000013) addi zero, zero, 0


mem[X,0x800007D8] -> 0x0013
mem[X,0x800007DA] -> 0x0000
[507] [M]: 0x800007D8 (0x00000013) addi zero, zero, 0


mem[X,0x800007DC] -> 0x85B7
mem[X,0x800007DE] -> 0xFFFF
[508] [M]: 0x800007DC (0xFFFF85B7) lui a1, 1048568
x11 <- 0xFFFF8000


mem[X,0x800007E0] -> 0x8593
mem[X,0x800007E2] -> 0xFFF5
[509] [M]: 0x800007E0 (0xFFF58593) addi a1, a1, 4095
x11 <- 0xFFFF7FFF


mem[X,0x800007E4] -> 0x0513
mem[X,0x800007E6] -> 0x0A46
[510] [M]: 0x800007E4 (0x0A460513) addi a0, a2, 164
x10 <- 0x80002304


mem[X,0x800007E8] -> 0x0793
mem[X,0x800007EA] -> 0xFBF0
[511] [M]: 0x800007E8 (0xFBF00793) addi a5, zero, 4031
x15 <- 0xFFFFFFBF


mem[X,0x800007EC] -> 0x0533
mem[X,0x800007EE] -> 0x40F5
[512] [M]: 0x800007EC (0x40F50533) sub a0, a0, a5
x10 <- 0x80002345


mem[X,0x800007F0] -> 0x2FA3
mem[X,0x800007F2] -> 0xFAB5
[513] [M]: 0x800007F0 (0xFAB52FA3) sw a1, 4031(a0)
mem[0x80002304] <- 0xFFFF7FFF


mem[X,0x800007F4] -> 0x0013
mem[X,0x800007F6] -> 0x0000
[514] [M]: 0x800007F4 (0x00000013) addi zero, zero, 0


mem[X,0x800007F8] -> 0x0013
mem[X,0x800007FA] -> 0x0000
[515] [M]: 0x800007F8 (0x00000013) addi zero, zero, 0


mem[X,0x800007FC] -> 0x05B7
mem[X,0x800007FE] -> 0xFFFF
[516] [M]: 0x800007FC (0xFFFF05B7) lui a1, 1048560
x11 <- 0xFFFF0000


mem[X,0x80000800] -> 0x8593
mem[X,0x80000802] -> 0xFFF5
[517] [M]: 0x80000800 (0xFFF58593) addi a1, a1, 4095
x11 <- 0xFFFEFFFF


mem[X,0x80000804] -> 0x0513
mem[X,0x80000806] -> 0x0A86
[518] [M]: 0x80000804 (0x0A860513) addi a0, a2, 168
x10 <- 0x80002308


mem[X,0x80000808] -> 0x0793
mem[X,0x8000080A] -> 0xFF70
[519] [M]: 0x80000808 (0xFF700793) addi a5, zero, 4087
x15 <- 0xFFFFFFF7


mem[X,0x8000080C] -> 0x0533
mem[X,0x8000080E] -> 0x40F5
[520] [M]: 0x8000080C (0x40F50533) sub a0, a0, a5
x10 <- 0x80002311


mem[X,0x80000810] -> 0x2BA3
mem[X,0x80000812] -> 0xFEB5
[521] [M]: 0x80000810 (0xFEB52BA3) sw a1, 4087(a0)
mem[0x80002308] <- 0xFFFEFFFF


mem[X,0x80000814] -> 0x0013
mem[X,0x80000816] -> 0x0000
[522] [M]: 0x80000814 (0x00000013) addi zero, zero, 0


mem[X,0x80000818] -> 0x0013
mem[X,0x8000081A] -> 0x0000
[523] [M]: 0x80000818 (0x00000013) addi zero, zero, 0


mem[X,0x8000081C] -> 0x05B7
mem[X,0x8000081E] -> 0xFFFE
[524] [M]: 0x8000081C (0xFFFE05B7) lui a1, 1048544
x11 <- 0xFFFE0000


mem[X,0x80000820] -> 0x8593
mem[X,0x80000822] -> 0xFFF5
[525] [M]: 0x80000820 (0xFFF58593) addi a1, a1, 4095
x11 <- 0xFFFDFFFF


mem[X,0x80000824] -> 0x0513
mem[X,0x80000826] -> 0x0AC6
[526] [M]: 0x80000824 (0x0AC60513) addi a0, a2, 172
x10 <- 0x8000230C


mem[X,0x80000828] -> 0x0793
mem[X,0x8000082A] -> 0xFFF0
[527] [M]: 0x80000828 (0xFFF00793) addi a5, zero, 4095
x15 <- 0xFFFFFFFF


mem[X,0x8000082C] -> 0x0533
mem[X,0x8000082E] -> 0x40F5
[528] [M]: 0x8000082C (0x40F50533) sub a0, a0, a5
x10 <- 0x8000230D


mem[X,0x80000830] -> 0x2FA3
mem[X,0x80000832] -> 0xFEB5
[529] [M]: 0x80000830 (0xFEB52FA3) sw a1, 4095(a0)
mem[0x8000230C] <- 0xFFFDFFFF


mem[X,0x80000834] -> 0x0013
mem[X,0x80000836] -> 0x0000
[530] [M]: 0x80000834 (0x00000013) addi zero, zero, 0


mem[X,0x80000838] -> 0x0013
mem[X,0x8000083A] -> 0x0000
[531] [M]: 0x80000838 (0x00000013) addi zero, zero, 0


mem[X,0x8000083C] -> 0x05B7
mem[X,0x8000083E] -> 0xFFFC
[532] [M]: 0x8000083C (0xFFFC05B7) lui a1, 1048512
x11 <- 0xFFFC0000


mem[X,0x80000840] -> 0x8593
mem[X,0x80000842] -> 0xFFF5
[533] [M]: 0x80000840 (0xFFF58593) addi a1, a1, 4095
x11 <- 0xFFFBFFFF


mem[X,0x80000844] -> 0x0513
mem[X,0x80000846] -> 0x0B06
[534] [M]: 0x80000844 (0x0B060513) addi a0, a2, 176
x10 <- 0x80002310


mem[X,0x80000848] -> 0x0793
mem[X,0x8000084A] -> 0x4000
[535] [M]: 0x80000848 (0x40000793) addi a5, zero, 1024
x15 <- 0x00000400


mem[X,0x8000084C] -> 0x0533
mem[X,0x8000084E] -> 0x40F5
[536] [M]: 0x8000084C (0x40F50533) sub a0, a0, a5
x10 <- 0x80001F10


mem[X,0x80000850] -> 0x2023
mem[X,0x80000852] -> 0x40B5
[537] [M]: 0x80000850 (0x40B52023) sw a1, 1024(a0)
mem[0x80002310] <- 0xFFFBFFFF


mem[X,0x80000854] -> 0x0013
mem[X,0x80000856] -> 0x0000
[538] [M]: 0x80000854 (0x00000013) addi zero, zero, 0


mem[X,0x80000858] -> 0x0013
mem[X,0x8000085A] -> 0x0000
[539] [M]: 0x80000858 (0x00000013) addi zero, zero, 0


mem[X,0x8000085C] -> 0x05B7
mem[X,0x8000085E] -> 0xFFF8
[540] [M]: 0x8000085C (0xFFF805B7) lui a1, 1048448
x11 <- 0xFFF80000


mem[X,0x80000860] -> 0x8593
mem[X,0x80000862] -> 0xFFF5
[541] [M]: 0x80000860 (0xFFF58593) addi a1, a1, 4095
x11 <- 0xFFF7FFFF


mem[X,0x80000864] -> 0x0513
mem[X,0x80000866] -> 0x0B46
[542] [M]: 0x80000864 (0x0B460513) addi a0, a2, 180
x10 <- 0x80002314


mem[X,0x80000868] -> 0x0793
mem[X,0x8000086A] -> 0x0090
[543] [M]: 0x80000868 (0x00900793) addi a5, zero, 9
x15 <- 0x00000009


mem[X,0x8000086C] -> 0x0533
mem[X,0x8000086E] -> 0x40F5
[544] [M]: 0x8000086C (0x40F50533) sub a0, a0, a5
x10 <- 0x8000230B


mem[X,0x80000870] -> 0x24A3
mem[X,0x80000872] -> 0x00B5
[545] [M]: 0x80000870 (0x00B524A3) sw a1, 9(a0)
mem[0x80002314] <- 0xFFF7FFFF


mem[X,0x80000874] -> 0x0013
mem[X,0x80000876] -> 0x0000
[546] [M]: 0x80000874 (0x00000013) addi zero, zero, 0


mem[X,0x80000878] -> 0x0013
mem[X,0x8000087A] -> 0x0000
[547] [M]: 0x80000878 (0x00000013) addi zero, zero, 0


mem[X,0x8000087C] -> 0x05B7
mem[X,0x8000087E] -> 0xFFF0
[548] [M]: 0x8000087C (0xFFF005B7) lui a1, 1048320
x11 <- 0xFFF00000


mem[X,0x80000880] -> 0x8593
mem[X,0x80000882] -> 0xFFF5
[549] [M]: 0x80000880 (0xFFF58593) addi a1, a1, 4095
x11 <- 0xFFEFFFFF


mem[X,0x80000884] -> 0x0513
mem[X,0x80000886] -> 0x0B86
[550] [M]: 0x80000884 (0x0B860513) addi a0, a2, 184
x10 <- 0x80002318


mem[X,0x80000888] -> 0x0793
mem[X,0x8000088A] -> 0x0010
[551] [M]: 0x80000888 (0x00100793) addi a5, zero, 1
x15 <- 0x00000001


mem[X,0x8000088C] -> 0x0533
mem[X,0x8000088E] -> 0x40F5
[552] [M]: 0x8000088C (0x40F50533) sub a0, a0, a5
x10 <- 0x80002317


mem[X,0x80000890] -> 0x20A3
mem[X,0x80000892] -> 0x00B5
[553] [M]: 0x80000890 (0x00B520A3) sw a1, 1(a0)
mem[0x80002318] <- 0xFFEFFFFF


mem[X,0x80000894] -> 0x0013
mem[X,0x80000896] -> 0x0000
[554] [M]: 0x80000894 (0x00000013) addi zero, zero, 0


mem[X,0x80000898] -> 0x0013
mem[X,0x8000089A] -> 0x0000
[555] [M]: 0x80000898 (0x00000013) addi zero, zero, 0


mem[X,0x8000089C] -> 0x05B7
mem[X,0x8000089E] -> 0xFFE0
[556] [M]: 0x8000089C (0xFFE005B7) lui a1, 1048064
x11 <- 0xFFE00000


mem[X,0x800008A0] -> 0x8593
mem[X,0x800008A2] -> 0xFFF5
[557] [M]: 0x800008A0 (0xFFF58593) addi a1, a1, 4095
x11 <- 0xFFDFFFFF


mem[X,0x800008A4] -> 0x0513
mem[X,0x800008A6] -> 0x0BC6
[558] [M]: 0x800008A4 (0x0BC60513) addi a0, a2, 188
x10 <- 0x8000231C


mem[X,0x800008A8] -> 0x0793
mem[X,0x800008AA] -> 0x0200
[559] [M]: 0x800008A8 (0x02000793) addi a5, zero, 32
x15 <- 0x00000020


mem[X,0x800008AC] -> 0x0533
mem[X,0x800008AE] -> 0x40F5
[560] [M]: 0x800008AC (0x40F50533) sub a0, a0, a5
x10 <- 0x800022FC


mem[X,0x800008B0] -> 0x2023
mem[X,0x800008B2] -> 0x02B5
[561] [M]: 0x800008B0 (0x02B52023) sw a1, 32(a0)
mem[0x8000231C] <- 0xFFDFFFFF


mem[X,0x800008B4] -> 0x0013
mem[X,0x800008B6] -> 0x0000
[562] [M]: 0x800008B4 (0x00000013) addi zero, zero, 0


mem[X,0x800008B8] -> 0x0013
mem[X,0x800008BA] -> 0x0000
[563] [M]: 0x800008B8 (0x00000013) addi zero, zero, 0


mem[X,0x800008BC] -> 0x0593
mem[X,0x800008BE] -> 0x0010
[564] [M]: 0x800008BC (0x00100593) addi a1, zero, 1
x11 <- 0x00000001


mem[X,0x800008C0] -> 0x0513
mem[X,0x800008C2] -> 0x0C06
[565] [M]: 0x800008C0 (0x0C060513) addi a0, a2, 192
x10 <- 0x80002320


mem[X,0x800008C4] -> 0x0793
mem[X,0x800008C6] -> 0x5550
[566] [M]: 0x800008C4 (0x55500793) addi a5, zero, 1365
x15 <- 0x00000555


mem[X,0x800008C8] -> 0x0533
mem[X,0x800008CA] -> 0x40F5
[567] [M]: 0x800008C8 (0x40F50533) sub a0, a0, a5
x10 <- 0x80001DCB


mem[X,0x800008CC] -> 0x2AA3
mem[X,0x800008CE] -> 0x54B5
[568] [M]: 0x800008CC (0x54B52AA3) sw a1, 1365(a0)
mem[0x80002320] <- 0x00000001


mem[X,0x800008D0] -> 0x0013
mem[X,0x800008D2] -> 0x0000
[569] [M]: 0x800008D0 (0x00000013) addi zero, zero, 0


mem[X,0x800008D4] -> 0x0013
mem[X,0x800008D6] -> 0x0000
[570] [M]: 0x800008D4 (0x00000013) addi zero, zero, 0


mem[X,0x800008D8] -> 0x0013
mem[X,0x800008DA] -> 0x0000
[571] [M]: 0x800008D8 (0x00000013) addi zero, zero, 0


mem[X,0x800008DC] -> 0x0013
mem[X,0x800008DE] -> 0x0000
[572] [M]: 0x800008DC (0x00000013) addi zero, zero, 0


mem[X,0x800008E0] -> 0x0093
mem[X,0x800008E2] -> 0x0010
[573] [M]: 0x800008E0 (0x00100093) addi ra, zero, 1
x1 <- 0x00000001


mem[X,0x800008E4] -> 0x0F17
mem[X,0x800008E6] -> 0x0000
[574] [M]: 0x800008E4 (0x00000F17) auipc t5, 0
x30 <- 0x800008E4


mem[X,0x800008E8] -> 0x2E23
mem[X,0x800008EA] -> 0x701F
[575] [M]: 0x800008E8 (0x701F2E23) sw ra, 1820(t5)
htif[0x80001000] <- 0x00000001


mem[X,0x800008EC] -> 0xF06F
mem[X,0x800008EE] -> 0xFF9F
[576] [M]: 0x800008EC (0xFF9FF06F) jal zero, 2097144


mem[X,0x800008E4] -> 0x0F17
mem[X,0x800008E6] -> 0x0000
[577] [M]: 0x800008E4 (0x00000F17) auipc t5, 0
x30 <- 0x800008E4


mem[X,0x800008E8] -> 0x2E23
mem[X,0x800008EA] -> 0x701F
[578] [M]: 0x800008E8 (0x701F2E23) sw ra, 1820(t5)
htif[0x80001000] <- 0x00000001


mem[X,0x800008EC] -> 0xF06F
mem[X,0x800008EE] -> 0xFF9F
[579] [M]: 0x800008EC (0xFF9FF06F) jal zero, 2097144


mem[X,0x800008E4] -> 0x0F17
mem[X,0x800008E6] -> 0x0000
[580] [M]: 0x800008E4 (0x00000F17) auipc t5, 0
x30 <- 0x800008E4


mem[X,0x800008E8] -> 0x2E23
mem[X,0x800008EA] -> 0x701F
[581] [M]: 0x800008E8 (0x701F2E23) sw ra, 1820(t5)
htif[0x80001000] <- 0x00000001
htif-syscall-proxy cmd: 0x000000000001

SUCCESS
