using /home/moon/moon_verif/riscof_work/src/lui-01.S/ref/Reference-sail_c_simulator.signature for test-signature output.
[Sail] Allocating new block 0x80000000
tohost located at 0x80001000
[Sail] Allocating new block 0x0

Running file sail-lui-01.elf.
ELF Entry @ 0x80000000
begin_signature: 0x80002210
end_signature: 0x80002320
CSR mstatus <- 0x00000000 (input: 0x00000000)
mem[X,0x00001000] -> 0x0297
mem[X,0x00001002] -> 0x0000
[0] [M]: 0x00001000 (0x00000297) auipc t0, 0
x5 <- 0x00001000


mem[X,0x00001004] -> 0x8593
mem[X,0x00001006] -> 0x0202
[1] [M]: 0x00001004 (0x02028593) addi a1, t0, 32
x11 <- 0x00001020


mem[X,0x00001008] -> 0x2573
mem[X,0x0000100A] -> 0xF140
[2] [M]: 0x00001008 (0xF1402573) csrrs a0, mhartid, zero
CSR mhartid -> 0x00000000
x10 <- 0x00000000


mem[X,0x0000100C] -> 0xA283
mem[X,0x0000100E] -> 0x0182
[3] [M]: 0x0000100C (0x0182A283) lw t0, 24(t0)
mem[R,0x00001018] -> 0x80000000
x5 <- 0x80000000


mem[X,0x00001010] -> 0x8067
mem[X,0x00001012] -> 0x0002
[4] [M]: 0x00001010 (0x00028067) jalr zero, t0, 0


mem[X,0x80000000] -> 0xC0B7
mem[X,0x80000002] -> 0xFEED
[5] [M]: 0x80000000 (0xFEEDC0B7) lui ra, 1044188
x1 <- 0xFEEDC000


mem[X,0x80000004] -> 0x8093
mem[X,0x80000006] -> 0xEAD0
[6] [M]: 0x80000004 (0xEAD08093) addi ra, ra, 3757
x1 <- 0xFEEDBEAD


mem[X,0x80000008] -> 0xE137
mem[X,0x8000000A] -> 0xFF76
[7] [M]: 0x80000008 (0xFF76E137) lui sp, 1046382
x2 <- 0xFF76E000


mem[X,0x8000000C] -> 0x0113
mem[X,0x8000000E] -> 0xF561
[8] [M]: 0x8000000C (0xF5610113) addi sp, sp, 3926
x2 <- 0xFF76DF56


mem[X,0x80000010] -> 0x71B7
mem[X,0x80000012] -> 0x7FBB
[9] [M]: 0x80000010 (0x7FBB71B7) lui gp, 523191
x3 <- 0x7FBB7000


mem[X,0x80000014] -> 0x8193
mem[X,0x80000016] -> 0xFAB1
[10] [M]: 0x80000014 (0xFAB18193) addi gp, gp, 4011
x3 <- 0x7FBB6FAB


mem[X,0x80000018] -> 0xB237
mem[X,0x8000001A] -> 0xBFDD
[11] [M]: 0x80000018 (0xBFDDB237) lui tp, 785883
x4 <- 0xBFDDB000


mem[X,0x8000001C] -> 0x0213
mem[X,0x8000001E] -> 0x7D52
[12] [M]: 0x8000001C (0x7D520213) addi tp, tp, 2005
x4 <- 0xBFDDB7D5


mem[X,0x80000020] -> 0x0297
mem[X,0x80000022] -> 0x0000
[13] [M]: 0x80000020 (0x00000297) auipc t0, 0
x5 <- 0x80000020


mem[X,0x80000024] -> 0x8293
mem[X,0x80000026] -> 0x0D82
[14] [M]: 0x80000024 (0x0D828293) addi t0, t0, 216
x5 <- 0x800000F8


mem[X,0x80000028] -> 0x2317
mem[X,0x8000002A] -> 0x0000
[15] [M]: 0x80000028 (0x00002317) auipc t1, 2
x6 <- 0x80002028


mem[X,0x8000002C] -> 0x0313
mem[X,0x8000002E] -> 0xFD83
[16] [M]: 0x8000002C (0xFD830313) addi t1, t1, 4056
x6 <- 0x80002000


mem[X,0x80000030] -> 0xB3B7
mem[X,0x80000032] -> 0xB7FB
[17] [M]: 0x80000030 (0xB7FBB3B7) lui t2, 753595
x7 <- 0xB7FBB000


mem[X,0x80000034] -> 0x8393
mem[X,0x80000036] -> 0x6FA3
[18] [M]: 0x80000034 (0x6FA38393) addi t2, t2, 1786
x7 <- 0xB7FBB6FA


mem[X,0x80000038] -> 0xE437
mem[X,0x8000003A] -> 0x5BFD
[19] [M]: 0x80000038 (0x5BFDE437) lui fp, 376798
x8 <- 0x5BFDE000


mem[X,0x8000003C] -> 0x0413
mem[X,0x8000003E] -> 0xB7D4
[20] [M]: 0x8000003C (0xB7D40413) addi fp, fp, 2941
x8 <- 0x5BFDDB7D


mem[X,0x80000040] -> 0xF4B7
mem[X,0x80000042] -> 0xADFE
[21] [M]: 0x80000040 (0xADFEF4B7) lui s1, 712687
x9 <- 0xADFEF000


mem[X,0x80000044] -> 0x8493
mem[X,0x80000046] -> 0xDBE4
[22] [M]: 0x80000044 (0xDBE48493) addi s1, s1, 3518
x9 <- 0xADFEEDBE


mem[X,0x80000048] -> 0x7537
mem[X,0x8000004A] -> 0x56FF
[23] [M]: 0x80000048 (0x56FF7537) lui a0, 356343
x10 <- 0x56FF7000


mem[X,0x8000004C] -> 0x0513
mem[X,0x8000004E] -> 0x6DF5
[24] [M]: 0x8000004C (0x6DF50513) addi a0, a0, 1759
x10 <- 0x56FF76DF


mem[X,0x80000050] -> 0xC5B7
mem[X,0x80000052] -> 0xAB7F
[25] [M]: 0x80000050 (0xAB7FC5B7) lui a1, 702460
x11 <- 0xAB7FC000


mem[X,0x80000054] -> 0x8593
mem[X,0x80000056] -> 0xB6F5
[26] [M]: 0x80000054 (0xB6F58593) addi a1, a1, 2927
x11 <- 0xAB7FBB6F


mem[X,0x80000058] -> 0xE637
mem[X,0x8000005A] -> 0xD5BF
[27] [M]: 0x80000058 (0xD5BFE637) lui a2, 875518
x12 <- 0xD5BFE000


mem[X,0x8000005C] -> 0x0613
mem[X,0x8000005E] -> 0xDB76
[28] [M]: 0x8000005C (0xDB760613) addi a2, a2, 3511
x12 <- 0xD5BFDDB7


mem[X,0x80000060] -> 0xF6B7
mem[X,0x80000062] -> 0xEADF
[29] [M]: 0x80000060 (0xEADFF6B7) lui a3, 962047
x13 <- 0xEADFF000


mem[X,0x80000064] -> 0x8693
mem[X,0x80000066] -> 0xEDB6
[30] [M]: 0x80000064 (0xEDB68693) addi a3, a3, 3803
x13 <- 0xEADFEEDB


mem[X,0x80000068] -> 0xF737
mem[X,0x8000006A] -> 0xF56F
[31] [M]: 0x80000068 (0xF56FF737) lui a4, 1005311
x14 <- 0xF56FF000


mem[X,0x8000006C] -> 0x0713
mem[X,0x8000006E] -> 0x76D7
[32] [M]: 0x8000006C (0x76D70713) addi a4, a4, 1901
x14 <- 0xF56FF76D


mem[X,0x80000070] -> 0x07B7
mem[X,0x80000072] -> 0xFAB8
[33] [M]: 0x80000070 (0xFAB807B7) lui a5, 1026944
x15 <- 0xFAB80000


mem[X,0x80000074] -> 0x8793
mem[X,0x80000076] -> 0xBB67
[34] [M]: 0x80000074 (0xBB678793) addi a5, a5, 2998
x15 <- 0xFAB7FBB6


mem[X,0x80000078] -> 0x0837
mem[X,0x8000007A] -> 0x7D5C
[35] [M]: 0x80000078 (0x7D5C0837) lui a6, 513472
x16 <- 0x7D5C0000


mem[X,0x8000007C] -> 0x0813
mem[X,0x8000007E] -> 0xDDB8
[36] [M]: 0x8000007C (0xDDB80813) addi a6, a6, 3547
x16 <- 0x7D5BFDDB


mem[X,0x80000080] -> 0x08B7
mem[X,0x80000082] -> 0xBEAE
[37] [M]: 0x80000080 (0xBEAE08B7) lui a7, 781024
x17 <- 0xBEAE0000


mem[X,0x80000084] -> 0x8893
mem[X,0x80000086] -> 0xEED8
[38] [M]: 0x80000084 (0xEED88893) addi a7, a7, 3821
x17 <- 0xBEADFEED


mem[X,0x80000088] -> 0x0937
mem[X,0x8000008A] -> 0xDF57
[39] [M]: 0x80000088 (0xDF570937) lui s2, 914800
x18 <- 0xDF570000


mem[X,0x8000008C] -> 0x0913
mem[X,0x8000008E] -> 0xF769
[40] [M]: 0x8000008C (0xF7690913) addi s2, s2, 3958
x18 <- 0xDF56FF76


mem[X,0x80000090] -> 0x89B7
mem[X,0x80000092] -> 0x6FAB
[41] [M]: 0x80000090 (0x6FAB89B7) lui s3, 457400
x19 <- 0x6FAB8000


mem[X,0x80000094] -> 0x8993
mem[X,0x80000096] -> 0xFBB9
[42] [M]: 0x80000094 (0xFBB98993) addi s3, s3, 4027
x19 <- 0x6FAB7FBB


mem[X,0x80000098] -> 0xCA37
mem[X,0x8000009A] -> 0xB7D5
[43] [M]: 0x80000098 (0xB7D5CA37) lui s4, 752988
x20 <- 0xB7D5C000


mem[X,0x8000009C] -> 0x0A13
mem[X,0x8000009E] -> 0xFDDA
[44] [M]: 0x8000009C (0xFDDA0A13) addi s4, s4, 4061
x20 <- 0xB7D5BFDD


mem[X,0x800000A0] -> 0xEAB7
mem[X,0x800000A2] -> 0xDBEA
[45] [M]: 0x800000A0 (0xDBEAEAB7) lui s5, 900782
x21 <- 0xDBEAE000


mem[X,0x800000A4] -> 0x8A93
mem[X,0x800000A6] -> 0xFEEA
[46] [M]: 0x800000A4 (0xFEEA8A93) addi s5, s5, 4078
x21 <- 0xDBEADFEE


mem[X,0x800000A8] -> 0x7B37
mem[X,0x800000AA] -> 0x6DF5
[47] [M]: 0x800000A8 (0x6DF57B37) lui s6, 450391
x22 <- 0x6DF57000


mem[X,0x800000AC] -> 0x0B13
mem[X,0x800000AE] -> 0xFF7B
[48] [M]: 0x800000AC (0xFF7B0B13) addi s6, s6, 4087
x22 <- 0x6DF56FF7


mem[X,0x800000B0] -> 0xBBB7
mem[X,0x800000B2] -> 0xB6FA
[49] [M]: 0x800000B0 (0xB6FABBB7) lui s7, 749483
x23 <- 0xB6FAB000


mem[X,0x800000B4] -> 0x8B93
mem[X,0x800000B6] -> 0x7FBB
[50] [M]: 0x800000B4 (0x7FBB8B93) addi s7, s7, 2043
x23 <- 0xB6FAB7FB


mem[X,0x800000B8] -> 0x6C37
mem[X,0x800000BA] -> 0xDB7D
[51] [M]: 0x800000B8 (0xDB7D6C37) lui s8, 899030
x24 <- 0xDB7D6000


mem[X,0x800000BC] -> 0x0C13
mem[X,0x800000BE] -> 0xBFDC
[52] [M]: 0x800000BC (0xBFDC0C13) addi s8, s8, 3069
x24 <- 0xDB7D5BFD


mem[X,0x800000C0] -> 0xBCB7
mem[X,0x800000C2] -> 0xEDBE
[53] [M]: 0x800000C0 (0xEDBEBCB7) lui s9, 973803
x25 <- 0xEDBEB000


mem[X,0x800000C4] -> 0x8C93
mem[X,0x800000C6] -> 0xDFEC
[54] [M]: 0x800000C4 (0xDFEC8C93) addi s9, s9, 3582
x25 <- 0xEDBEADFE


mem[X,0x800000C8] -> 0x5D37
mem[X,0x800000CA] -> 0x76DF
[55] [M]: 0x800000C8 (0x76DF5D37) lui s10, 486901
x26 <- 0x76DF5000


mem[X,0x800000CC] -> 0x0D13
mem[X,0x800000CE] -> 0x6FFD
[56] [M]: 0x800000CC (0x6FFD0D13) addi s10, s10, 1791
x26 <- 0x76DF56FF


mem[X,0x800000D0] -> 0xBDB7
mem[X,0x800000D2] -> 0xBB6F
[57] [M]: 0x800000D0 (0xBB6FBDB7) lui s11, 767739
x27 <- 0xBB6FB000


mem[X,0x800000D4] -> 0x8D93
mem[X,0x800000D6] -> 0xB7FD
[58] [M]: 0x800000D4 (0xB7FD8D93) addi s11, s11, 2943
x27 <- 0xBB6FAB7F


mem[X,0x800000D8] -> 0xDE37
mem[X,0x800000DA] -> 0xDDB7
[59] [M]: 0x800000D8 (0xDDB7DE37) lui t3, 908157
x28 <- 0xDDB7D000


mem[X,0x800000DC] -> 0x0E13
mem[X,0x800000DE] -> 0x5BFE
[60] [M]: 0x800000DC (0x5BFE0E13) addi t3, t3, 1471
x28 <- 0xDDB7D5BF


mem[X,0x800000E0] -> 0xFEB7
mem[X,0x800000E2] -> 0xEEDB
[61] [M]: 0x800000E0 (0xEEDBFEB7) lui t4, 978367
x29 <- 0xEEDBF000


mem[X,0x800000E4] -> 0x8E93
mem[X,0x800000E6] -> 0xADFE
[62] [M]: 0x800000E4 (0xADFE8E93) addi t4, t4, 2783
x29 <- 0xEEDBEADF


mem[X,0x800000E8] -> 0xFF37
mem[X,0x800000EA] -> 0xF76D
[63] [M]: 0x800000E8 (0xF76DFF37) lui t5, 1013471
x30 <- 0xF76DF000


mem[X,0x800000EC] -> 0x0F13
mem[X,0x800000EE] -> 0x56FF
[64] [M]: 0x800000EC (0x56FF0F13) addi t5, t5, 1391
x30 <- 0xF76DF56F


mem[X,0x800000F0] -> 0x0FB7
mem[X,0x800000F2] -> 0xFBB7
[65] [M]: 0x800000F0 (0xFBB70FB7) lui t6, 1031024
x31 <- 0xFBB70000


mem[X,0x800000F4] -> 0x8F93
mem[X,0x800000F6] -> 0xAB7F
[66] [M]: 0x800000F4 (0xAB7F8F93) addi t6, t6, 2743
x31 <- 0xFBB6FAB7


mem[X,0x800000F8] -> 0x2497
mem[X,0x800000FA] -> 0x0000
[67] [M]: 0x800000F8 (0x00002497) auipc s1, 2
x9 <- 0x800020F8


mem[X,0x800000FC] -> 0x8493
mem[X,0x800000FE] -> 0x11C4
[68] [M]: 0x800000FC (0x11C48493) addi s1, s1, 284
x9 <- 0x80002214


mem[X,0x80000100] -> 0x0437
mem[X,0x80000102] -> 0x0000
[69] [M]: 0x80000100 (0x00000437) lui fp, 0
x8 <- 0x00000000


mem[X,0x80000104] -> 0xA023
mem[X,0x80000106] -> 0x0084
[70] [M]: 0x80000104 (0x0084A023) sw fp, 0(s1)
mem[0x80002214] <- 0x00000000


mem[X,0x80000108] -> 0x52B7
mem[X,0x8000010A] -> 0x0000
[71] [M]: 0x80000108 (0x000052B7) lui t0, 5
x5 <- 0x00005000


mem[X,0x8000010C] -> 0xA223
mem[X,0x8000010E] -> 0x0054
[72] [M]: 0x8000010C (0x0054A223) sw t0, 4(s1)
mem[0x80002218] <- 0x00005000


mem[X,0x80000110] -> 0xF9B7
mem[X,0x80000112] -> 0xFFFF
[73] [M]: 0x80000110 (0xFFFFF9B7) lui s3, 1048575
x19 <- 0xFFFFF000


mem[X,0x80000114] -> 0xA423
mem[X,0x80000116] -> 0x0134
[74] [M]: 0x80000114 (0x0134A423) sw s3, 8(s1)
mem[0x8000221C] <- 0xFFFFF000


mem[X,0x80000118] -> 0x36B7
mem[X,0x8000011A] -> 0x0000
[75] [M]: 0x80000118 (0x000036B7) lui a3, 3
x13 <- 0x00003000


mem[X,0x8000011C] -> 0xA623
mem[X,0x8000011E] -> 0x00D4
[76] [M]: 0x8000011C (0x00D4A623) sw a3, 12(s1)
mem[0x80002220] <- 0x00003000


mem[X,0x80000120] -> 0x5037
mem[X,0x80000122] -> 0x5555
[77] [M]: 0x80000120 (0x55555037) lui zero, 349525


mem[X,0x80000124] -> 0xA823
mem[X,0x80000126] -> 0x0004
[78] [M]: 0x80000124 (0x0004A823) sw zero, 16(s1)
mem[0x80002224] <- 0x00000000


mem[X,0x80000128] -> 0xA237
mem[X,0x8000012A] -> 0xAAAA
[79] [M]: 0x80000128 (0xAAAAA237) lui tp, 699050
x4 <- 0xAAAAA000


mem[X,0x8000012C] -> 0xAA23
mem[X,0x8000012E] -> 0x0044
[80] [M]: 0x8000012C (0x0044AA23) sw tp, 20(s1)
mem[0x80002228] <- 0xAAAAA000


mem[X,0x80000130] -> 0x3B37
mem[X,0x80000132] -> 0x3333
[81] [M]: 0x80000130 (0x33333B37) lui s6, 209715
x22 <- 0x33333000


mem[X,0x80000134] -> 0xAC23
mem[X,0x80000136] -> 0x0164
[82] [M]: 0x80000134 (0x0164AC23) sw s6, 24(s1)
mem[0x8000222C] <- 0x33333000


mem[X,0x80000138] -> 0x6D37
mem[X,0x8000013A] -> 0x6666
[83] [M]: 0x80000138 (0x66666D37) lui s10, 419430
x26 <- 0x66666000


mem[X,0x8000013C] -> 0xAE23
mem[X,0x8000013E] -> 0x01A4
[84] [M]: 0x8000013C (0x01A4AE23) sw s10, 28(s1)
mem[0x80002230] <- 0x66666000


mem[X,0x80000140] -> 0x4EB7
mem[X,0x80000142] -> 0x002D
[85] [M]: 0x80000140 (0x002D4EB7) lui t4, 724
x29 <- 0x002D4000


mem[X,0x80000144] -> 0xA023
mem[X,0x80000146] -> 0x03D4
[86] [M]: 0x80000144 (0x03D4A023) sw t4, 32(s1)
mem[0x80002234] <- 0x002D4000


mem[X,0x80000148] -> 0xF1B7
mem[X,0x8000014A] -> 0x003F
[87] [M]: 0x80000148 (0x003FF1B7) lui gp, 1023
x3 <- 0x003FF000


mem[X,0x8000014C] -> 0xA223
mem[X,0x8000014E] -> 0x0234
[88] [M]: 0x8000014C (0x0234A223) sw gp, 36(s1)
mem[0x80002238] <- 0x003FF000


mem[X,0x80000150] -> 0x2F37
mem[X,0x80000152] -> 0x0000
[89] [M]: 0x80000150 (0x00002F37) lui t5, 2
x30 <- 0x00002000


mem[X,0x80000154] -> 0xA423
mem[X,0x80000156] -> 0x03E4
[90] [M]: 0x80000154 (0x03E4A423) sw t5, 40(s1)
mem[0x8000223C] <- 0x00002000


mem[X,0x80000158] -> 0x4837
mem[X,0x8000015A] -> 0x5555
[91] [M]: 0x80000158 (0x55554837) lui a6, 349524
x16 <- 0x55554000


mem[X,0x8000015C] -> 0xA623
mem[X,0x8000015E] -> 0x0304
[92] [M]: 0x8000015C (0x0304A623) sw a6, 44(s1)
mem[0x80002240] <- 0x55554000


mem[X,0x80000160] -> 0x9137
mem[X,0x80000162] -> 0xAAAA
[93] [M]: 0x80000160 (0xAAAA9137) lui sp, 699049
x2 <- 0xAAAA9000


mem[X,0x80000164] -> 0xA823
mem[X,0x80000166] -> 0x0224
[94] [M]: 0x80000164 (0x0224A823) sw sp, 48(s1)
mem[0x80002244] <- 0xAAAA9000


mem[X,0x80000168] -> 0x4C37
mem[X,0x8000016A] -> 0x0000
[95] [M]: 0x80000168 (0x00004C37) lui s8, 4
x24 <- 0x00004000


mem[X,0x8000016C] -> 0xAA23
mem[X,0x8000016E] -> 0x0384
[96] [M]: 0x8000016C (0x0384AA23) sw s8, 52(s1)
mem[0x80002248] <- 0x00004000


mem[X,0x80000170] -> 0x2DB7
mem[X,0x80000172] -> 0x3333
[97] [M]: 0x80000170 (0x33332DB7) lui s11, 209714
x27 <- 0x33332000


mem[X,0x80000174] -> 0xAC23
mem[X,0x80000176] -> 0x03B4
[98] [M]: 0x80000174 (0x03B4AC23) sw s11, 56(s1)
mem[0x8000224C] <- 0x33332000


mem[X,0x80000178] -> 0x5A37
mem[X,0x8000017A] -> 0x6666
[99] [M]: 0x80000178 (0x66665A37) lui s4, 419429
x20 <- 0x66665000


clint::tick mtime <- 0x0000000000000001
 clint timer pending at mtime 0x0000000000000001
htif::tick 0x0000000000000000
mem[X,0x8000017C] -> 0xAE23
mem[X,0x8000017E] -> 0x0344
[100] [M]: 0x8000017C (0x0344AE23) sw s4, 60(s1)
mem[0x80002250] <- 0x66665000


mem[X,0x80000180] -> 0x3E37
mem[X,0x80000182] -> 0x002D
[101] [M]: 0x80000180 (0x002D3E37) lui t3, 723
x28 <- 0x002D3000


mem[X,0x80000184] -> 0xA023
mem[X,0x80000186] -> 0x05C4
[102] [M]: 0x80000184 (0x05C4A023) sw t3, 64(s1)
mem[0x80002254] <- 0x002D3000


mem[X,0x80000188] -> 0xE337
mem[X,0x8000018A] -> 0x003F
[103] [M]: 0x80000188 (0x003FE337) lui t1, 1022
x6 <- 0x003FE000


mem[X,0x8000018C] -> 0xA223
mem[X,0x8000018E] -> 0x0464
[104] [M]: 0x8000018C (0x0464A223) sw t1, 68(s1)
mem[0x80002258] <- 0x003FE000


mem[X,0x80000190] -> 0x6537
mem[X,0x80000192] -> 0x5555
[105] [M]: 0x80000190 (0x55556537) lui a0, 349526
x10 <- 0x55556000


mem[X,0x80000194] -> 0xA423
mem[X,0x80000196] -> 0x04A4
[106] [M]: 0x80000194 (0x04A4A423) sw a0, 72(s1)
mem[0x8000225C] <- 0x55556000


mem[X,0x80000198] -> 0xB637
mem[X,0x8000019A] -> 0xAAAA
[107] [M]: 0x80000198 (0xAAAAB637) lui a2, 699051
x12 <- 0xAAAAB000


mem[X,0x8000019C] -> 0xA623
mem[X,0x8000019E] -> 0x04C4
[108] [M]: 0x8000019C (0x04C4A623) sw a2, 76(s1)
mem[0x80002260] <- 0xAAAAB000


mem[X,0x800001A0] -> 0x67B7
mem[X,0x800001A2] -> 0x0000
[109] [M]: 0x800001A0 (0x000067B7) lui a5, 6
x15 <- 0x00006000


mem[X,0x800001A4] -> 0xA823
mem[X,0x800001A6] -> 0x04F4
[110] [M]: 0x800001A4 (0x04F4A823) sw a5, 80(s1)
mem[0x80002264] <- 0x00006000


mem[X,0x800001A8] -> 0x4BB7
mem[X,0x800001AA] -> 0x3333
[111] [M]: 0x800001A8 (0x33334BB7) lui s7, 209716
x23 <- 0x33334000


mem[X,0x800001AC] -> 0xAA23
mem[X,0x800001AE] -> 0x0574
[112] [M]: 0x800001AC (0x0574AA23) sw s7, 84(s1)
mem[0x80002268] <- 0x33334000


mem[X,0x800001B0] -> 0x70B7
mem[X,0x800001B2] -> 0x6666
[113] [M]: 0x800001B0 (0x666670B7) lui ra, 419431
x1 <- 0x66667000


mem[X,0x800001B4] -> 0xAC23
mem[X,0x800001B6] -> 0x0414
[114] [M]: 0x800001B4 (0x0414AC23) sw ra, 88(s1)
mem[0x8000226C] <- 0x66667000


mem[X,0x800001B8] -> 0x5937
mem[X,0x800001BA] -> 0x002D
[115] [M]: 0x800001B8 (0x002D5937) lui s2, 725
x18 <- 0x002D5000


mem[X,0x800001BC] -> 0xAE23
mem[X,0x800001BE] -> 0x0524
[116] [M]: 0x800001BC (0x0524AE23) sw s2, 92(s1)
mem[0x80002270] <- 0x002D5000


mem[X,0x800001C0] -> 0x15B7
mem[X,0x800001C2] -> 0x0000
[117] [M]: 0x800001C0 (0x000015B7) lui a1, 1
x11 <- 0x00001000


mem[X,0x800001C4] -> 0xA023
mem[X,0x800001C6] -> 0x06B4
[118] [M]: 0x800001C4 (0x06B4A023) sw a1, 96(s1)
mem[0x80002274] <- 0x00001000


mem[X,0x800001C8] -> 0x0AB7
mem[X,0x800001CA] -> 0x0040
[119] [M]: 0x800001C8 (0x00400AB7) lui s5, 1024
x21 <- 0x00400000


mem[X,0x800001CC] -> 0xA223
mem[X,0x800001CE] -> 0x0754
[120] [M]: 0x800001CC (0x0754A223) sw s5, 100(s1)
mem[0x80002278] <- 0x00400000


mem[X,0x800001D0] -> 0x88B7
mem[X,0x800001D2] -> 0x0000
[121] [M]: 0x800001D0 (0x000088B7) lui a7, 8
x17 <- 0x00008000


mem[X,0x800001D4] -> 0xA423
mem[X,0x800001D6] -> 0x0714
[122] [M]: 0x800001D4 (0x0714A423) sw a7, 104(s1)
mem[0x8000227C] <- 0x00008000


mem[X,0x800001D8] -> 0x0CB7
mem[X,0x800001DA] -> 0x0001
[123] [M]: 0x800001D8 (0x00010CB7) lui s9, 16
x25 <- 0x00010000


mem[X,0x800001DC] -> 0xA623
mem[X,0x800001DE] -> 0x0794
[124] [M]: 0x800001DC (0x0794A623) sw s9, 108(s1)
mem[0x80002280] <- 0x00010000


mem[X,0x800001E0] -> 0x03B7
mem[X,0x800001E2] -> 0x0002
[125] [M]: 0x800001E0 (0x000203B7) lui t2, 32
x7 <- 0x00020000


mem[X,0x800001E4] -> 0xA823
mem[X,0x800001E6] -> 0x0674
[126] [M]: 0x800001E4 (0x0674A823) sw t2, 112(s1)
mem[0x80002284] <- 0x00020000


mem[X,0x800001E8] -> 0x2097
mem[X,0x800001EA] -> 0x0000
[127] [M]: 0x800001E8 (0x00002097) auipc ra, 2
x1 <- 0x800021E8


mem[X,0x800001EC] -> 0x8093
mem[X,0x800001EE] -> 0x0A00
[128] [M]: 0x800001EC (0x0A008093) addi ra, ra, 160
x1 <- 0x80002288


mem[X,0x800001F0] -> 0x0737
mem[X,0x800001F2] -> 0x0004
[129] [M]: 0x800001F0 (0x00040737) lui a4, 64
x14 <- 0x00040000


mem[X,0x800001F4] -> 0xA023
mem[X,0x800001F6] -> 0x00E0
[130] [M]: 0x800001F4 (0x00E0A023) sw a4, 0(ra)
mem[0x80002288] <- 0x00040000


mem[X,0x800001F8] -> 0x04B7
mem[X,0x800001FA] -> 0x0008
[131] [M]: 0x800001F8 (0x000804B7) lui s1, 128
x9 <- 0x00080000


mem[X,0x800001FC] -> 0xA223
mem[X,0x800001FE] -> 0x0090
[132] [M]: 0x800001FC (0x0090A223) sw s1, 4(ra)
mem[0x8000228C] <- 0x00080000


mem[X,0x80000200] -> 0xFFB7
mem[X,0x80000202] -> 0xEFFF
[133] [M]: 0x80000200 (0xEFFFFFB7) lui t6, 983039
x31 <- 0xEFFFF000


mem[X,0x80000204] -> 0xA423
mem[X,0x80000206] -> 0x01F0
[134] [M]: 0x80000204 (0x01F0A423) sw t6, 8(ra)
mem[0x80002290] <- 0xEFFFF000


mem[X,0x80000208] -> 0xF537
mem[X,0x8000020A] -> 0xDFFF
[135] [M]: 0x80000208 (0xDFFFF537) lui a0, 917503
x10 <- 0xDFFFF000


mem[X,0x8000020C] -> 0xA623
mem[X,0x8000020E] -> 0x00A0
[136] [M]: 0x8000020C (0x00A0A623) sw a0, 12(ra)
mem[0x80002294] <- 0xDFFFF000


mem[X,0x80000210] -> 0xF537
mem[X,0x80000212] -> 0xBFFF
[137] [M]: 0x80000210 (0xBFFFF537) lui a0, 786431
x10 <- 0xBFFFF000


mem[X,0x80000214] -> 0xA823
mem[X,0x80000216] -> 0x00A0
[138] [M]: 0x80000214 (0x00A0A823) sw a0, 16(ra)
mem[0x80002298] <- 0xBFFFF000


mem[X,0x80000218] -> 0xF537
mem[X,0x8000021A] -> 0x7FFF
[139] [M]: 0x80000218 (0x7FFFF537) lui a0, 524287
x10 <- 0x7FFFF000


mem[X,0x8000021C] -> 0xAA23
mem[X,0x8000021E] -> 0x00A0
[140] [M]: 0x8000021C (0x00A0AA23) sw a0, 20(ra)
mem[0x8000229C] <- 0x7FFFF000


mem[X,0x80000220] -> 0x0537
mem[X,0x80000222] -> 0x0010
[141] [M]: 0x80000220 (0x00100537) lui a0, 256
x10 <- 0x00100000


mem[X,0x80000224] -> 0xAC23
mem[X,0x80000226] -> 0x00A0
[142] [M]: 0x80000224 (0x00A0AC23) sw a0, 24(ra)
mem[0x800022A0] <- 0x00100000


mem[X,0x80000228] -> 0x0537
mem[X,0x8000022A] -> 0x0020
[143] [M]: 0x80000228 (0x00200537) lui a0, 512
x10 <- 0x00200000


mem[X,0x8000022C] -> 0xAE23
mem[X,0x8000022E] -> 0x00A0
[144] [M]: 0x8000022C (0x00A0AE23) sw a0, 28(ra)
mem[0x800022A4] <- 0x00200000


mem[X,0x80000230] -> 0x0537
mem[X,0x80000232] -> 0x0080
[145] [M]: 0x80000230 (0x00800537) lui a0, 2048
x10 <- 0x00800000


mem[X,0x80000234] -> 0xA023
mem[X,0x80000236] -> 0x02A0
[146] [M]: 0x80000234 (0x02A0A023) sw a0, 32(ra)
mem[0x800022A8] <- 0x00800000


mem[X,0x80000238] -> 0x0537
mem[X,0x8000023A] -> 0x0100
[147] [M]: 0x80000238 (0x01000537) lui a0, 4096
x10 <- 0x01000000


mem[X,0x8000023C] -> 0xA223
mem[X,0x8000023E] -> 0x02A0
[148] [M]: 0x8000023C (0x02A0A223) sw a0, 36(ra)
mem[0x800022AC] <- 0x01000000


mem[X,0x80000240] -> 0x0537
mem[X,0x80000242] -> 0x0200
[149] [M]: 0x80000240 (0x02000537) lui a0, 8192
x10 <- 0x02000000


mem[X,0x80000244] -> 0xA423
mem[X,0x80000246] -> 0x02A0
[150] [M]: 0x80000244 (0x02A0A423) sw a0, 40(ra)
mem[0x800022B0] <- 0x02000000


mem[X,0x80000248] -> 0x0537
mem[X,0x8000024A] -> 0x0400
[151] [M]: 0x80000248 (0x04000537) lui a0, 16384
x10 <- 0x04000000


mem[X,0x8000024C] -> 0xA623
mem[X,0x8000024E] -> 0x02A0
[152] [M]: 0x8000024C (0x02A0A623) sw a0, 44(ra)
mem[0x800022B4] <- 0x04000000


mem[X,0x80000250] -> 0x0537
mem[X,0x80000252] -> 0x0800
[153] [M]: 0x80000250 (0x08000537) lui a0, 32768
x10 <- 0x08000000


mem[X,0x80000254] -> 0xA823
mem[X,0x80000256] -> 0x02A0
[154] [M]: 0x80000254 (0x02A0A823) sw a0, 48(ra)
mem[0x800022B8] <- 0x08000000


mem[X,0x80000258] -> 0x0537
mem[X,0x8000025A] -> 0x1000
[155] [M]: 0x80000258 (0x10000537) lui a0, 65536
x10 <- 0x10000000


mem[X,0x8000025C] -> 0xAA23
mem[X,0x8000025E] -> 0x02A0
[156] [M]: 0x8000025C (0x02A0AA23) sw a0, 52(ra)
mem[0x800022BC] <- 0x10000000


mem[X,0x80000260] -> 0x0537
mem[X,0x80000262] -> 0x2000
[157] [M]: 0x80000260 (0x20000537) lui a0, 131072
x10 <- 0x20000000


mem[X,0x80000264] -> 0xAC23
mem[X,0x80000266] -> 0x02A0
[158] [M]: 0x80000264 (0x02A0AC23) sw a0, 56(ra)
mem[0x800022C0] <- 0x20000000


mem[X,0x80000268] -> 0x0537
mem[X,0x8000026A] -> 0x4000
[159] [M]: 0x80000268 (0x40000537) lui a0, 262144
x10 <- 0x40000000


mem[X,0x8000026C] -> 0xAE23
mem[X,0x8000026E] -> 0x02A0
[160] [M]: 0x8000026C (0x02A0AE23) sw a0, 60(ra)
mem[0x800022C4] <- 0x40000000


mem[X,0x80000270] -> 0x0537
mem[X,0x80000272] -> 0x8000
[161] [M]: 0x80000270 (0x80000537) lui a0, 524288
x10 <- 0x80000000


mem[X,0x80000274] -> 0xA023
mem[X,0x80000276] -> 0x04A0
[162] [M]: 0x80000274 (0x04A0A023) sw a0, 64(ra)
mem[0x800022C8] <- 0x80000000


mem[X,0x80000278] -> 0xE537
mem[X,0x8000027A] -> 0xFFFF
[163] [M]: 0x80000278 (0xFFFFE537) lui a0, 1048574
x10 <- 0xFFFFE000


mem[X,0x8000027C] -> 0xA223
mem[X,0x8000027E] -> 0x04A0
[164] [M]: 0x8000027C (0x04A0A223) sw a0, 68(ra)
mem[0x800022CC] <- 0xFFFFE000


mem[X,0x80000280] -> 0xD537
mem[X,0x80000282] -> 0xFFFF
[165] [M]: 0x80000280 (0xFFFFD537) lui a0, 1048573
x10 <- 0xFFFFD000


mem[X,0x80000284] -> 0xA423
mem[X,0x80000286] -> 0x04A0
[166] [M]: 0x80000284 (0x04A0A423) sw a0, 72(ra)
mem[0x800022D0] <- 0xFFFFD000


mem[X,0x80000288] -> 0xB537
mem[X,0x8000028A] -> 0xFFFF
[167] [M]: 0x80000288 (0xFFFFB537) lui a0, 1048571
x10 <- 0xFFFFB000


mem[X,0x8000028C] -> 0xA623
mem[X,0x8000028E] -> 0x04A0
[168] [M]: 0x8000028C (0x04A0A623) sw a0, 76(ra)
mem[0x800022D4] <- 0xFFFFB000


mem[X,0x80000290] -> 0x7537
mem[X,0x80000292] -> 0xFFFF
[169] [M]: 0x80000290 (0xFFFF7537) lui a0, 1048567
x10 <- 0xFFFF7000


mem[X,0x80000294] -> 0xA823
mem[X,0x80000296] -> 0x04A0
[170] [M]: 0x80000294 (0x04A0A823) sw a0, 80(ra)
mem[0x800022D8] <- 0xFFFF7000


mem[X,0x80000298] -> 0xF537
mem[X,0x8000029A] -> 0xFFFE
[171] [M]: 0x80000298 (0xFFFEF537) lui a0, 1048559
x10 <- 0xFFFEF000


mem[X,0x8000029C] -> 0xAA23
mem[X,0x8000029E] -> 0x04A0
[172] [M]: 0x8000029C (0x04A0AA23) sw a0, 84(ra)
mem[0x800022DC] <- 0xFFFEF000


mem[X,0x800002A0] -> 0xF537
mem[X,0x800002A2] -> 0xFFFD
[173] [M]: 0x800002A0 (0xFFFDF537) lui a0, 1048543
x10 <- 0xFFFDF000


mem[X,0x800002A4] -> 0xAC23
mem[X,0x800002A6] -> 0x04A0
[174] [M]: 0x800002A4 (0x04A0AC23) sw a0, 88(ra)
mem[0x800022E0] <- 0xFFFDF000


mem[X,0x800002A8] -> 0xF537
mem[X,0x800002AA] -> 0xFFFB
[175] [M]: 0x800002A8 (0xFFFBF537) lui a0, 1048511
x10 <- 0xFFFBF000


mem[X,0x800002AC] -> 0xAE23
mem[X,0x800002AE] -> 0x04A0
[176] [M]: 0x800002AC (0x04A0AE23) sw a0, 92(ra)
mem[0x800022E4] <- 0xFFFBF000


mem[X,0x800002B0] -> 0xF537
mem[X,0x800002B2] -> 0xFFF7
[177] [M]: 0x800002B0 (0xFFF7F537) lui a0, 1048447
x10 <- 0xFFF7F000


mem[X,0x800002B4] -> 0xA023
mem[X,0x800002B6] -> 0x06A0
[178] [M]: 0x800002B4 (0x06A0A023) sw a0, 96(ra)
mem[0x800022E8] <- 0xFFF7F000


mem[X,0x800002B8] -> 0xF537
mem[X,0x800002BA] -> 0xFFEF
[179] [M]: 0x800002B8 (0xFFEFF537) lui a0, 1048319
x10 <- 0xFFEFF000


mem[X,0x800002BC] -> 0xA223
mem[X,0x800002BE] -> 0x06A0
[180] [M]: 0x800002BC (0x06A0A223) sw a0, 100(ra)
mem[0x800022EC] <- 0xFFEFF000


mem[X,0x800002C0] -> 0xF537
mem[X,0x800002C2] -> 0xFFDF
[181] [M]: 0x800002C0 (0xFFDFF537) lui a0, 1048063
x10 <- 0xFFDFF000


mem[X,0x800002C4] -> 0xA423
mem[X,0x800002C6] -> 0x06A0
[182] [M]: 0x800002C4 (0x06A0A423) sw a0, 104(ra)
mem[0x800022F0] <- 0xFFDFF000


mem[X,0x800002C8] -> 0xF537
mem[X,0x800002CA] -> 0xFFBF
[183] [M]: 0x800002C8 (0xFFBFF537) lui a0, 1047551
x10 <- 0xFFBFF000


mem[X,0x800002CC] -> 0xA623
mem[X,0x800002CE] -> 0x06A0
[184] [M]: 0x800002CC (0x06A0A623) sw a0, 108(ra)
mem[0x800022F4] <- 0xFFBFF000


mem[X,0x800002D0] -> 0xF537
mem[X,0x800002D2] -> 0xFF7F
[185] [M]: 0x800002D0 (0xFF7FF537) lui a0, 1046527
x10 <- 0xFF7FF000


mem[X,0x800002D4] -> 0xA823
mem[X,0x800002D6] -> 0x06A0
[186] [M]: 0x800002D4 (0x06A0A823) sw a0, 112(ra)
mem[0x800022F8] <- 0xFF7FF000


mem[X,0x800002D8] -> 0xF537
mem[X,0x800002DA] -> 0xFEFF
[187] [M]: 0x800002D8 (0xFEFFF537) lui a0, 1044479
x10 <- 0xFEFFF000


mem[X,0x800002DC] -> 0xAA23
mem[X,0x800002DE] -> 0x06A0
[188] [M]: 0x800002DC (0x06A0AA23) sw a0, 116(ra)
mem[0x800022FC] <- 0xFEFFF000


mem[X,0x800002E0] -> 0xF537
mem[X,0x800002E2] -> 0xFDFF
[189] [M]: 0x800002E0 (0xFDFFF537) lui a0, 1040383
x10 <- 0xFDFFF000


mem[X,0x800002E4] -> 0xAC23
mem[X,0x800002E6] -> 0x06A0
[190] [M]: 0x800002E4 (0x06A0AC23) sw a0, 120(ra)
mem[0x80002300] <- 0xFDFFF000


mem[X,0x800002E8] -> 0xF537
mem[X,0x800002EA] -> 0xFBFF
[191] [M]: 0x800002E8 (0xFBFFF537) lui a0, 1032191
x10 <- 0xFBFFF000


mem[X,0x800002EC] -> 0xAE23
mem[X,0x800002EE] -> 0x06A0
[192] [M]: 0x800002EC (0x06A0AE23) sw a0, 124(ra)
mem[0x80002304] <- 0xFBFFF000


mem[X,0x800002F0] -> 0xF537
mem[X,0x800002F2] -> 0xF7FF
[193] [M]: 0x800002F0 (0xF7FFF537) lui a0, 1015807
x10 <- 0xF7FFF000


mem[X,0x800002F4] -> 0xA023
mem[X,0x800002F6] -> 0x08A0
[194] [M]: 0x800002F4 (0x08A0A023) sw a0, 128(ra)
mem[0x80002308] <- 0xF7FFF000


mem[X,0x800002F8] -> 0x5537
mem[X,0x800002FA] -> 0x5555
[195] [M]: 0x800002F8 (0x55555537) lui a0, 349525
x10 <- 0x55555000


mem[X,0x800002FC] -> 0xA223
mem[X,0x800002FE] -> 0x08A0
[196] [M]: 0x800002FC (0x08A0A223) sw a0, 132(ra)
mem[0x8000230C] <- 0x55555000


mem[X,0x80000300] -> 0x0093
mem[X,0x80000302] -> 0x0010
[197] [M]: 0x80000300 (0x00100093) addi ra, zero, 1
x1 <- 0x00000001


mem[X,0x80000304] -> 0x1F17
mem[X,0x80000306] -> 0x0000
[198] [M]: 0x80000304 (0x00001F17) auipc t5, 1
x30 <- 0x80001304


mem[X,0x80000308] -> 0x2E23
mem[X,0x8000030A] -> 0xCE1F
[199] [M]: 0x80000308 (0xCE1F2E23) sw ra, 3324(t5)
htif[0x80001000] <- 0x00000001


clint::tick mtime <- 0x0000000000000002
 clint timer pending at mtime 0x0000000000000002
htif::tick 0x0000000000000001
mem[X,0x8000030C] -> 0xF06F
mem[X,0x8000030E] -> 0xFF9F
[200] [M]: 0x8000030C (0xFF9FF06F) jal zero, 2097144


mem[X,0x80000304] -> 0x1F17
mem[X,0x80000306] -> 0x0000
[201] [M]: 0x80000304 (0x00001F17) auipc t5, 1
x30 <- 0x80001304


mem[X,0x80000308] -> 0x2E23
mem[X,0x8000030A] -> 0xCE1F
[202] [M]: 0x80000308 (0xCE1F2E23) sw ra, 3324(t5)
htif[0x80001000] <- 0x00000001


mem[X,0x8000030C] -> 0xF06F
mem[X,0x8000030E] -> 0xFF9F
[203] [M]: 0x8000030C (0xFF9FF06F) jal zero, 2097144


mem[X,0x80000304] -> 0x1F17
mem[X,0x80000306] -> 0x0000
[204] [M]: 0x80000304 (0x00001F17) auipc t5, 1
x30 <- 0x80001304


mem[X,0x80000308] -> 0x2E23
mem[X,0x8000030A] -> 0xCE1F
[205] [M]: 0x80000308 (0xCE1F2E23) sw ra, 3324(t5)
htif[0x80001000] <- 0x00000001
htif-syscall-proxy cmd: 0x000000000001

SUCCESS
