using /home/moon/moon_verif/riscof_work/src/bne-01.S/ref/Reference-sail_c_simulator.signature for test-signature output.
[Sail] Allocating new block 0x80000000
tohost located at 0x80038000
[Sail] Allocating new block 0x0

Running file sail-bne-01.elf.
ELF Entry @ 0x80000000
begin_signature: 0x80039210
end_signature: 0x80039b40
CSR mstatus <- 0x00000000 (input: 0x00000000)
mem[X,0x00001000] -> 0x0297
mem[X,0x00001002] -> 0x0000
[0] [M]: 0x00001000 (0x00000297) auipc t0, 0
x5 <- 0x00001000


mem[X,0x00001004] -> 0x8593
mem[X,0x00001006] -> 0x0202
[1] [M]: 0x00001004 (0x02028593) addi a1, t0, 32
x11 <- 0x00001020


mem[X,0x00001008] -> 0x2573
mem[X,0x0000100A] -> 0xF140
[2] [M]: 0x00001008 (0xF1402573) csrrs a0, mhartid, zero
CSR mhartid -> 0x00000000
x10 <- 0x00000000


mem[X,0x0000100C] -> 0xA283
mem[X,0x0000100E] -> 0x0182
[3] [M]: 0x0000100C (0x0182A283) lw t0, 24(t0)
mem[R,0x00001018] -> 0x80000000
x5 <- 0x80000000


mem[X,0x00001010] -> 0x8067
mem[X,0x00001012] -> 0x0002
[4] [M]: 0x00001010 (0x00028067) jalr zero, t0, 0


mem[X,0x80000000] -> 0xC0B7
mem[X,0x80000002] -> 0xFEED
[5] [M]: 0x80000000 (0xFEEDC0B7) lui ra, 1044188
x1 <- 0xFEEDC000


mem[X,0x80000004] -> 0x8093
mem[X,0x80000006] -> 0xEAD0
[6] [M]: 0x80000004 (0xEAD08093) addi ra, ra, 3757
x1 <- 0xFEEDBEAD


mem[X,0x80000008] -> 0xE137
mem[X,0x8000000A] -> 0xFF76
[7] [M]: 0x80000008 (0xFF76E137) lui sp, 1046382
x2 <- 0xFF76E000


mem[X,0x8000000C] -> 0x0113
mem[X,0x8000000E] -> 0xF561
[8] [M]: 0x8000000C (0xF5610113) addi sp, sp, 3926
x2 <- 0xFF76DF56


mem[X,0x80000010] -> 0x71B7
mem[X,0x80000012] -> 0x7FBB
[9] [M]: 0x80000010 (0x7FBB71B7) lui gp, 523191
x3 <- 0x7FBB7000


mem[X,0x80000014] -> 0x8193
mem[X,0x80000016] -> 0xFAB1
[10] [M]: 0x80000014 (0xFAB18193) addi gp, gp, 4011
x3 <- 0x7FBB6FAB


mem[X,0x80000018] -> 0xB237
mem[X,0x8000001A] -> 0xBFDD
[11] [M]: 0x80000018 (0xBFDDB237) lui tp, 785883
x4 <- 0xBFDDB000


mem[X,0x8000001C] -> 0x0213
mem[X,0x8000001E] -> 0x7D52
[12] [M]: 0x8000001C (0x7D520213) addi tp, tp, 2005
x4 <- 0xBFDDB7D5


mem[X,0x80000020] -> 0x0297
mem[X,0x80000022] -> 0x0000
[13] [M]: 0x80000020 (0x00000297) auipc t0, 0
x5 <- 0x80000020


mem[X,0x80000024] -> 0x8293
mem[X,0x80000026] -> 0x0D82
[14] [M]: 0x80000024 (0x0D828293) addi t0, t0, 216
x5 <- 0x800000F8


mem[X,0x80000028] -> 0x9317
mem[X,0x8000002A] -> 0x0003
[15] [M]: 0x80000028 (0x00039317) auipc t1, 57
x6 <- 0x80039028


mem[X,0x8000002C] -> 0x0313
mem[X,0x8000002E] -> 0xFD83
[16] [M]: 0x8000002C (0xFD830313) addi t1, t1, 4056
x6 <- 0x80039000


mem[X,0x80000030] -> 0xB3B7
mem[X,0x80000032] -> 0xB7FB
[17] [M]: 0x80000030 (0xB7FBB3B7) lui t2, 753595
x7 <- 0xB7FBB000


mem[X,0x80000034] -> 0x8393
mem[X,0x80000036] -> 0x6FA3
[18] [M]: 0x80000034 (0x6FA38393) addi t2, t2, 1786
x7 <- 0xB7FBB6FA


mem[X,0x80000038] -> 0xE437
mem[X,0x8000003A] -> 0x5BFD
[19] [M]: 0x80000038 (0x5BFDE437) lui fp, 376798
x8 <- 0x5BFDE000


mem[X,0x8000003C] -> 0x0413
mem[X,0x8000003E] -> 0xB7D4
[20] [M]: 0x8000003C (0xB7D40413) addi fp, fp, 2941
x8 <- 0x5BFDDB7D


mem[X,0x80000040] -> 0xF4B7
mem[X,0x80000042] -> 0xADFE
[21] [M]: 0x80000040 (0xADFEF4B7) lui s1, 712687
x9 <- 0xADFEF000


mem[X,0x80000044] -> 0x8493
mem[X,0x80000046] -> 0xDBE4
[22] [M]: 0x80000044 (0xDBE48493) addi s1, s1, 3518
x9 <- 0xADFEEDBE


mem[X,0x80000048] -> 0x7537
mem[X,0x8000004A] -> 0x56FF
[23] [M]: 0x80000048 (0x56FF7537) lui a0, 356343
x10 <- 0x56FF7000


mem[X,0x8000004C] -> 0x0513
mem[X,0x8000004E] -> 0x6DF5
[24] [M]: 0x8000004C (0x6DF50513) addi a0, a0, 1759
x10 <- 0x56FF76DF


mem[X,0x80000050] -> 0xC5B7
mem[X,0x80000052] -> 0xAB7F
[25] [M]: 0x80000050 (0xAB7FC5B7) lui a1, 702460
x11 <- 0xAB7FC000


mem[X,0x80000054] -> 0x8593
mem[X,0x80000056] -> 0xB6F5
[26] [M]: 0x80000054 (0xB6F58593) addi a1, a1, 2927
x11 <- 0xAB7FBB6F


mem[X,0x80000058] -> 0xE637
mem[X,0x8000005A] -> 0xD5BF
[27] [M]: 0x80000058 (0xD5BFE637) lui a2, 875518
x12 <- 0xD5BFE000


mem[X,0x8000005C] -> 0x0613
mem[X,0x8000005E] -> 0xDB76
[28] [M]: 0x8000005C (0xDB760613) addi a2, a2, 3511
x12 <- 0xD5BFDDB7


mem[X,0x80000060] -> 0xF6B7
mem[X,0x80000062] -> 0xEADF
[29] [M]: 0x80000060 (0xEADFF6B7) lui a3, 962047
x13 <- 0xEADFF000


mem[X,0x80000064] -> 0x8693
mem[X,0x80000066] -> 0xEDB6
[30] [M]: 0x80000064 (0xEDB68693) addi a3, a3, 3803
x13 <- 0xEADFEEDB


mem[X,0x80000068] -> 0xF737
mem[X,0x8000006A] -> 0xF56F
[31] [M]: 0x80000068 (0xF56FF737) lui a4, 1005311
x14 <- 0xF56FF000


mem[X,0x8000006C] -> 0x0713
mem[X,0x8000006E] -> 0x76D7
[32] [M]: 0x8000006C (0x76D70713) addi a4, a4, 1901
x14 <- 0xF56FF76D


mem[X,0x80000070] -> 0x07B7
mem[X,0x80000072] -> 0xFAB8
[33] [M]: 0x80000070 (0xFAB807B7) lui a5, 1026944
x15 <- 0xFAB80000


mem[X,0x80000074] -> 0x8793
mem[X,0x80000076] -> 0xBB67
[34] [M]: 0x80000074 (0xBB678793) addi a5, a5, 2998
x15 <- 0xFAB7FBB6


mem[X,0x80000078] -> 0x0837
mem[X,0x8000007A] -> 0x7D5C
[35] [M]: 0x80000078 (0x7D5C0837) lui a6, 513472
x16 <- 0x7D5C0000


mem[X,0x8000007C] -> 0x0813
mem[X,0x8000007E] -> 0xDDB8
[36] [M]: 0x8000007C (0xDDB80813) addi a6, a6, 3547
x16 <- 0x7D5BFDDB


mem[X,0x80000080] -> 0x08B7
mem[X,0x80000082] -> 0xBEAE
[37] [M]: 0x80000080 (0xBEAE08B7) lui a7, 781024
x17 <- 0xBEAE0000


mem[X,0x80000084] -> 0x8893
mem[X,0x80000086] -> 0xEED8
[38] [M]: 0x80000084 (0xEED88893) addi a7, a7, 3821
x17 <- 0xBEADFEED


mem[X,0x80000088] -> 0x0937
mem[X,0x8000008A] -> 0xDF57
[39] [M]: 0x80000088 (0xDF570937) lui s2, 914800
x18 <- 0xDF570000


mem[X,0x8000008C] -> 0x0913
mem[X,0x8000008E] -> 0xF769
[40] [M]: 0x8000008C (0xF7690913) addi s2, s2, 3958
x18 <- 0xDF56FF76


mem[X,0x80000090] -> 0x89B7
mem[X,0x80000092] -> 0x6FAB
[41] [M]: 0x80000090 (0x6FAB89B7) lui s3, 457400
x19 <- 0x6FAB8000


mem[X,0x80000094] -> 0x8993
mem[X,0x80000096] -> 0xFBB9
[42] [M]: 0x80000094 (0xFBB98993) addi s3, s3, 4027
x19 <- 0x6FAB7FBB


mem[X,0x80000098] -> 0xCA37
mem[X,0x8000009A] -> 0xB7D5
[43] [M]: 0x80000098 (0xB7D5CA37) lui s4, 752988
x20 <- 0xB7D5C000


mem[X,0x8000009C] -> 0x0A13
mem[X,0x8000009E] -> 0xFDDA
[44] [M]: 0x8000009C (0xFDDA0A13) addi s4, s4, 4061
x20 <- 0xB7D5BFDD


mem[X,0x800000A0] -> 0xEAB7
mem[X,0x800000A2] -> 0xDBEA
[45] [M]: 0x800000A0 (0xDBEAEAB7) lui s5, 900782
x21 <- 0xDBEAE000


mem[X,0x800000A4] -> 0x8A93
mem[X,0x800000A6] -> 0xFEEA
[46] [M]: 0x800000A4 (0xFEEA8A93) addi s5, s5, 4078
x21 <- 0xDBEADFEE


mem[X,0x800000A8] -> 0x7B37
mem[X,0x800000AA] -> 0x6DF5
[47] [M]: 0x800000A8 (0x6DF57B37) lui s6, 450391
x22 <- 0x6DF57000


mem[X,0x800000AC] -> 0x0B13
mem[X,0x800000AE] -> 0xFF7B
[48] [M]: 0x800000AC (0xFF7B0B13) addi s6, s6, 4087
x22 <- 0x6DF56FF7


mem[X,0x800000B0] -> 0xBBB7
mem[X,0x800000B2] -> 0xB6FA
[49] [M]: 0x800000B0 (0xB6FABBB7) lui s7, 749483
x23 <- 0xB6FAB000


mem[X,0x800000B4] -> 0x8B93
mem[X,0x800000B6] -> 0x7FBB
[50] [M]: 0x800000B4 (0x7FBB8B93) addi s7, s7, 2043
x23 <- 0xB6FAB7FB


mem[X,0x800000B8] -> 0x6C37
mem[X,0x800000BA] -> 0xDB7D
[51] [M]: 0x800000B8 (0xDB7D6C37) lui s8, 899030
x24 <- 0xDB7D6000


mem[X,0x800000BC] -> 0x0C13
mem[X,0x800000BE] -> 0xBFDC
[52] [M]: 0x800000BC (0xBFDC0C13) addi s8, s8, 3069
x24 <- 0xDB7D5BFD


mem[X,0x800000C0] -> 0xBCB7
mem[X,0x800000C2] -> 0xEDBE
[53] [M]: 0x800000C0 (0xEDBEBCB7) lui s9, 973803
x25 <- 0xEDBEB000


mem[X,0x800000C4] -> 0x8C93
mem[X,0x800000C6] -> 0xDFEC
[54] [M]: 0x800000C4 (0xDFEC8C93) addi s9, s9, 3582
x25 <- 0xEDBEADFE


mem[X,0x800000C8] -> 0x5D37
mem[X,0x800000CA] -> 0x76DF
[55] [M]: 0x800000C8 (0x76DF5D37) lui s10, 486901
x26 <- 0x76DF5000


mem[X,0x800000CC] -> 0x0D13
mem[X,0x800000CE] -> 0x6FFD
[56] [M]: 0x800000CC (0x6FFD0D13) addi s10, s10, 1791
x26 <- 0x76DF56FF


mem[X,0x800000D0] -> 0xBDB7
mem[X,0x800000D2] -> 0xBB6F
[57] [M]: 0x800000D0 (0xBB6FBDB7) lui s11, 767739
x27 <- 0xBB6FB000


mem[X,0x800000D4] -> 0x8D93
mem[X,0x800000D6] -> 0xB7FD
[58] [M]: 0x800000D4 (0xB7FD8D93) addi s11, s11, 2943
x27 <- 0xBB6FAB7F


mem[X,0x800000D8] -> 0xDE37
mem[X,0x800000DA] -> 0xDDB7
[59] [M]: 0x800000D8 (0xDDB7DE37) lui t3, 908157
x28 <- 0xDDB7D000


mem[X,0x800000DC] -> 0x0E13
mem[X,0x800000DE] -> 0x5BFE
[60] [M]: 0x800000DC (0x5BFE0E13) addi t3, t3, 1471
x28 <- 0xDDB7D5BF


mem[X,0x800000E0] -> 0xFEB7
mem[X,0x800000E2] -> 0xEEDB
[61] [M]: 0x800000E0 (0xEEDBFEB7) lui t4, 978367
x29 <- 0xEEDBF000


mem[X,0x800000E4] -> 0x8E93
mem[X,0x800000E6] -> 0xADFE
[62] [M]: 0x800000E4 (0xADFE8E93) addi t4, t4, 2783
x29 <- 0xEEDBEADF


mem[X,0x800000E8] -> 0xFF37
mem[X,0x800000EA] -> 0xF76D
[63] [M]: 0x800000E8 (0xF76DFF37) lui t5, 1013471
x30 <- 0xF76DF000


mem[X,0x800000EC] -> 0x0F13
mem[X,0x800000EE] -> 0x56FF
[64] [M]: 0x800000EC (0x56FF0F13) addi t5, t5, 1391
x30 <- 0xF76DF56F


mem[X,0x800000F0] -> 0x0FB7
mem[X,0x800000F2] -> 0xFBB7
[65] [M]: 0x800000F0 (0xFBB70FB7) lui t6, 1031024
x31 <- 0xFBB70000


mem[X,0x800000F4] -> 0x8F93
mem[X,0x800000F6] -> 0xAB7F
[66] [M]: 0x800000F4 (0xAB7F8F93) addi t6, t6, 2743
x31 <- 0xFBB6FAB7


mem[X,0x800000F8] -> 0x9297
mem[X,0x800000FA] -> 0x0003
[67] [M]: 0x800000F8 (0x00039297) auipc t0, 57
x5 <- 0x800390F8


mem[X,0x800000FC] -> 0x8293
mem[X,0x800000FE] -> 0x11C2
[68] [M]: 0x800000FC (0x11C28293) addi t0, t0, 284
x5 <- 0x80039214


mem[X,0x80000100] -> 0x5837
mem[X,0x80000102] -> 0x5555
[69] [M]: 0x80000100 (0x55555837) lui a6, 349525
x16 <- 0x55555000


mem[X,0x80000104] -> 0x0813
mem[X,0x80000106] -> 0x5548
[70] [M]: 0x80000104 (0x55480813) addi a6, a6, 1364
x16 <- 0x55555554


mem[X,0x80000108] -> 0x5837
mem[X,0x8000010A] -> 0x5555
[71] [M]: 0x80000108 (0x55555837) lui a6, 349525
x16 <- 0x55555000


mem[X,0x8000010C] -> 0x0813
mem[X,0x8000010E] -> 0x5548
[72] [M]: 0x8000010C (0x55480813) addi a6, a6, 1364
x16 <- 0x55555554


mem[X,0x80000110] -> 0x0A93
mem[X,0x80000112] -> 0x0000
[73] [M]: 0x80000110 (0x00000A93) addi s5, zero, 0
x21 <- 0x00000000


mem[X,0x80000114] -> 0x006F
mem[X,0x80000116] -> 0x00C0
[74] [M]: 0x80000114 (0x00C0006F) jal zero, 12


mem[X,0x80000120] -> 0x1063
mem[X,0x80000122] -> 0x2108
[75] [M]: 0x80000120 (0x21081063) bne a6, a6, 512


mem[X,0x80000124] -> 0x8A93
mem[X,0x80000126] -> 0x002A
[76] [M]: 0x80000124 (0x002A8A93) addi s5, s5, 2
x21 <- 0x00000002


mem[X,0x80000128] -> 0x006F
mem[X,0x8000012A] -> 0x2000
[77] [M]: 0x80000128 (0x2000006F) jal zero, 512


mem[X,0x80000328] -> 0xA023
mem[X,0x8000032A] -> 0x0152
[78] [M]: 0x80000328 (0x0152A023) sw s5, 0(t0)
mem[0x80039214] <- 0x00000002


mem[X,0x8000032C] -> 0x03B7
mem[X,0x8000032E] -> 0x0400
[79] [M]: 0x8000032C (0x040003B7) lui t2, 16384
x7 <- 0x04000000


mem[X,0x80000330] -> 0x0013
mem[X,0x80000332] -> 0x0000
[80] [M]: 0x80000330 (0x00000013) addi zero, zero, 0


mem[X,0x80000334] -> 0x0A93
mem[X,0x80000336] -> 0x0000
[81] [M]: 0x80000334 (0x00000A93) addi s5, zero, 0
x21 <- 0x00000000


mem[X,0x80000338] -> 0x006F
mem[X,0x8000033A] -> 0x00C0
[82] [M]: 0x80000338 (0x00C0006F) jal zero, 12


mem[X,0x80000344] -> 0x9063
mem[X,0x80000346] -> 0x2003
[83] [M]: 0x80000344 (0x20039063) bne t2, zero, 512


mem[X,0x80000544] -> 0x8A93
mem[X,0x80000546] -> 0x003A
[84] [M]: 0x80000544 (0x003A8A93) addi s5, s5, 3
x21 <- 0x00000003


mem[X,0x80000548] -> 0x006F
mem[X,0x8000054A] -> 0x0040
[85] [M]: 0x80000548 (0x0040006F) jal zero, 4


mem[X,0x8000054C] -> 0xA223
mem[X,0x8000054E] -> 0x0152
[86] [M]: 0x8000054C (0x0152A223) sw s5, 4(t0)
mem[0x80039218] <- 0x00000003


mem[X,0x80000550] -> 0xF737
mem[X,0x80000552] -> 0xFFFF
[87] [M]: 0x80000550 (0xFFFFF737) lui a4, 1048575
x14 <- 0xFFFFF000


mem[X,0x80000554] -> 0x0713
mem[X,0x80000556] -> 0x7FF7
[88] [M]: 0x80000554 (0x7FF70713) addi a4, a4, 2047
x14 <- 0xFFFFF7FF


mem[X,0x80000558] -> 0x0D13
mem[X,0x8000055A] -> 0xFEF0
[89] [M]: 0x80000558 (0xFEF00D13) addi s10, zero, 4079
x26 <- 0xFFFFFFEF


mem[X,0x8000055C] -> 0x0A93
mem[X,0x8000055E] -> 0x0000
[90] [M]: 0x8000055C (0x00000A93) addi s5, zero, 0
x21 <- 0x00000000


mem[X,0x80000560] -> 0x006F
mem[X,0x80000562] -> 0x00C0
[91] [M]: 0x80000560 (0x00C0006F) jal zero, 12


mem[X,0x8000056C] -> 0x1063
mem[X,0x8000056E] -> 0x11A7
[92] [M]: 0x8000056C (0x11A71063) bne a4, s10, 256


mem[X,0x8000066C] -> 0x8A93
mem[X,0x8000066E] -> 0x003A
[93] [M]: 0x8000066C (0x003A8A93) addi s5, s5, 3
x21 <- 0x00000003


mem[X,0x80000670] -> 0x006F
mem[X,0x80000672] -> 0x0040
[94] [M]: 0x80000670 (0x0040006F) jal zero, 4


mem[X,0x80000674] -> 0xA423
mem[X,0x80000676] -> 0x0152
[95] [M]: 0x80000674 (0x0152A423) sw s5, 8(t0)
mem[0x8003921C] <- 0x00000003


mem[X,0x80000678] -> 0x0493
mem[X,0x8000067A] -> 0xFBF0
[96] [M]: 0x80000678 (0xFBF00493) addi s1, zero, 4031
x9 <- 0xFFFFFFBF


mem[X,0x8000067C] -> 0x0CB7
mem[X,0x8000067E] -> 0x0200
[97] [M]: 0x8000067C (0x02000CB7) lui s9, 8192
x25 <- 0x02000000


mem[X,0x80000680] -> 0x0A93
mem[X,0x80000682] -> 0x0000
[98] [M]: 0x80000680 (0x00000A93) addi s5, zero, 0
x21 <- 0x00000000


mem[X,0x80000684] -> 0x006F
mem[X,0x80000686] -> 0x00C0
[99] [M]: 0x80000684 (0x00C0006F) jal zero, 12


clint::tick mtime <- 0x0000000000000001
 clint timer pending at mtime 0x0000000000000001
htif::tick 0x0000000000000000
mem[X,0x80000690] -> 0x9063
mem[X,0x80000692] -> 0x0394
[100] [M]: 0x80000690 (0x03949063) bne s1, s9, 32


mem[X,0x800006B0] -> 0x8A93
mem[X,0x800006B2] -> 0x003A
[101] [M]: 0x800006B0 (0x003A8A93) addi s5, s5, 3
x21 <- 0x00000003


mem[X,0x800006B4] -> 0x006F
mem[X,0x800006B6] -> 0x0040
[102] [M]: 0x800006B4 (0x0040006F) jal zero, 4


mem[X,0x800006B8] -> 0xA623
mem[X,0x800006BA] -> 0x0152
[103] [M]: 0x800006B8 (0x0152A623) sw s5, 12(t0)
mem[0x80039220] <- 0x00000003


mem[X,0x800006BC] -> 0xFBB7
mem[X,0x800006BE] -> 0xFFFF
[104] [M]: 0x800006BC (0xFFFFFBB7) lui s7, 1048575
x23 <- 0xFFFFF000


mem[X,0x800006C0] -> 0x8B93
mem[X,0x800006C2] -> 0xFFFB
[105] [M]: 0x800006C0 (0xFFFB8B93) addi s7, s7, 4095
x23 <- 0xFFFFEFFF


mem[X,0x800006C4] -> 0xFB37
mem[X,0x800006C6] -> 0xFFFF
[106] [M]: 0x800006C4 (0xFFFFFB37) lui s6, 1048575
x22 <- 0xFFFFF000


mem[X,0x800006C8] -> 0x0B13
mem[X,0x800006CA] -> 0xFFFB
[107] [M]: 0x800006C8 (0xFFFB0B13) addi s6, s6, 4095
x22 <- 0xFFFFEFFF


mem[X,0x800006CC] -> 0x0A93
mem[X,0x800006CE] -> 0x0000
[108] [M]: 0x800006CC (0x00000A93) addi s5, zero, 0
x21 <- 0x00000000


mem[X,0x800006D0] -> 0x006F
mem[X,0x800006D2] -> 0x00C0
[109] [M]: 0x800006D0 (0x00C0006F) jal zero, 12


mem[X,0x800006DC] -> 0x9063
mem[X,0x800006DE] -> 0x096B
[110] [M]: 0x800006DC (0x096B9063) bne s7, s6, 128


mem[X,0x800006E0] -> 0x8A93
mem[X,0x800006E2] -> 0x002A
[111] [M]: 0x800006E0 (0x002A8A93) addi s5, s5, 2
x21 <- 0x00000002


mem[X,0x800006E4] -> 0x006F
mem[X,0x800006E6] -> 0x0800
[112] [M]: 0x800006E4 (0x0800006F) jal zero, 128


mem[X,0x80000764] -> 0xA823
mem[X,0x80000766] -> 0x0152
[113] [M]: 0x80000764 (0x0152A823) sw s5, 16(t0)
mem[0x80039224] <- 0x00000002


mem[X,0x80000768] -> 0x59B7
mem[X,0x8000076A] -> 0xFFFF
[114] [M]: 0x80000768 (0xFFFF59B7) lui s3, 1048565
x19 <- 0xFFFF5000


mem[X,0x8000076C] -> 0x8993
mem[X,0x8000076E] -> 0xAFC9
[115] [M]: 0x8000076C (0xAFC98993) addi s3, s3, 2812
x19 <- 0xFFFF4AFC


mem[X,0x80000770] -> 0x5DB7
mem[X,0x80000772] -> 0xFFFF
[116] [M]: 0x80000770 (0xFFFF5DB7) lui s11, 1048565
x27 <- 0xFFFF5000


mem[X,0x80000774] -> 0x8D93
mem[X,0x80000776] -> 0xAFCD
[117] [M]: 0x80000774 (0xAFCD8D93) addi s11, s11, 2812
x27 <- 0xFFFF4AFC


mem[X,0x80000778] -> 0x0A93
mem[X,0x8000077A] -> 0x0000
[118] [M]: 0x80000778 (0x00000A93) addi s5, zero, 0
x21 <- 0x00000000


mem[X,0x8000077C] -> 0x006F
mem[X,0x8000077E] -> 0x00C0
[119] [M]: 0x8000077C (0x00C0006F) jal zero, 12


mem[X,0x80000788] -> 0x9CE3
mem[X,0x8000078A] -> 0xFFB9
[120] [M]: 0x80000788 (0xFFB99CE3) bne s3, s11, 8184


mem[X,0x8000078C] -> 0x8A93
mem[X,0x8000078E] -> 0x002A
[121] [M]: 0x8000078C (0x002A8A93) addi s5, s5, 2
x21 <- 0x00000002


mem[X,0x80000790] -> 0x006F
mem[X,0x80000792] -> 0x00C0
[122] [M]: 0x80000790 (0x00C0006F) jal zero, 12


mem[X,0x8000079C] -> 0xAA23
mem[X,0x8000079E] -> 0x0152
[123] [M]: 0x8000079C (0x0152AA23) sw s5, 20(t0)
mem[0x80039228] <- 0x00000002


mem[X,0x800007A0] -> 0x06B7
mem[X,0x800007A2] -> 0x4000
[124] [M]: 0x800007A0 (0x400006B7) lui a3, 262144
x13 <- 0x40000000


mem[X,0x800007A4] -> 0x0213
mem[X,0x800007A6] -> 0x0090
[125] [M]: 0x800007A4 (0x00900213) addi tp, zero, 9
x4 <- 0x00000009


mem[X,0x800007A8] -> 0x0A93
mem[X,0x800007AA] -> 0x0000
[126] [M]: 0x800007A8 (0x00000A93) addi s5, zero, 0
x21 <- 0x00000000


mem[X,0x800007AC] -> 0x006F
mem[X,0x800007AE] -> 0x00C0
[127] [M]: 0x800007AC (0x00C0006F) jal zero, 12


mem[X,0x800007B8] -> 0x9CE3
mem[X,0x800007BA] -> 0xFE46
[128] [M]: 0x800007B8 (0xFE469CE3) bne a3, tp, 8184


mem[X,0x800007B0] -> 0x8A93
mem[X,0x800007B2] -> 0x001A
[129] [M]: 0x800007B0 (0x001A8A93) addi s5, s5, 1
x21 <- 0x00000001


mem[X,0x800007B4] -> 0x006F
mem[X,0x800007B6] -> 0x0180
[130] [M]: 0x800007B4 (0x0180006F) jal zero, 24


mem[X,0x800007CC] -> 0xAC23
mem[X,0x800007CE] -> 0x0152
[131] [M]: 0x800007CC (0x0152AC23) sw s5, 24(t0)
mem[0x8003922C] <- 0x00000001


mem[X,0x800007D0] -> 0x0637
mem[X,0x800007D2] -> 0xC000
[132] [M]: 0x800007D0 (0xC0000637) lui a2, 786432
x12 <- 0xC0000000


mem[X,0x800007D4] -> 0x0437
mem[X,0x800007D6] -> 0xF000
[133] [M]: 0x800007D4 (0xF0000437) lui fp, 983040
x8 <- 0xF0000000


mem[X,0x800007D8] -> 0x0413
mem[X,0x800007DA] -> 0xFFF4
[134] [M]: 0x800007D8 (0xFFF40413) addi fp, fp, 4095
x8 <- 0xEFFFFFFF


mem[X,0x800007DC] -> 0x0A93
mem[X,0x800007DE] -> 0x0000
[135] [M]: 0x800007DC (0x00000A93) addi s5, zero, 0
x21 <- 0x00000000


mem[X,0x800007E0] -> 0x006F
mem[X,0x800007E2] -> 0x0140
[136] [M]: 0x800007E0 (0x0140006F) jal zero, 20


mem[X,0x800007F4] -> 0x18E3
mem[X,0x800007F6] -> 0xFE86
[137] [M]: 0x800007F4 (0xFE8618E3) bne a2, fp, 8176


mem[X,0x800007E4] -> 0x8A93
mem[X,0x800007E6] -> 0x001A
[138] [M]: 0x800007E4 (0x001A8A93) addi s5, s5, 1
x21 <- 0x00000001


mem[X,0x800007E8] -> 0x006F
mem[X,0x800007EA] -> 0x0200
[139] [M]: 0x800007E8 (0x0200006F) jal zero, 32


mem[X,0x80000808] -> 0xAE23
mem[X,0x8000080A] -> 0x0152
[140] [M]: 0x80000808 (0x0152AE23) sw s5, 28(t0)
mem[0x80039230] <- 0x00000001


mem[X,0x8000080C] -> 0x0C13
mem[X,0x8000080E] -> 0xFFF0
[141] [M]: 0x8000080C (0xFFF00C13) addi s8, zero, 4095
x24 <- 0xFFFFFFFF


mem[X,0x80000810] -> 0x0093
mem[X,0x80000812] -> 0x0010
[142] [M]: 0x80000810 (0x00100093) addi ra, zero, 1
x1 <- 0x00000001


mem[X,0x80000814] -> 0x0A93
mem[X,0x80000816] -> 0x0000
[143] [M]: 0x80000814 (0x00000A93) addi s5, zero, 0
x21 <- 0x00000000


mem[X,0x80000818] -> 0x006F
mem[X,0x8000081A] -> 0x00C0
[144] [M]: 0x80000818 (0x00C0006F) jal zero, 12


mem[X,0x80000824] -> 0x1063
mem[X,0x80000826] -> 0x041C
[145] [M]: 0x80000824 (0x041C1063) bne s8, ra, 64


mem[X,0x80000864] -> 0x8A93
mem[X,0x80000866] -> 0x003A
[146] [M]: 0x80000864 (0x003A8A93) addi s5, s5, 3
x21 <- 0x00000003


mem[X,0x80000868] -> 0x006F
mem[X,0x8000086A] -> 0x0040
[147] [M]: 0x80000868 (0x0040006F) jal zero, 4


mem[X,0x8000086C] -> 0xA023
mem[X,0x8000086E] -> 0x0352
[148] [M]: 0x8000086C (0x0352A023) sw s5, 32(t0)
mem[0x80039234] <- 0x00000003


mem[X,0x80000870] -> 0x00B7
mem[X,0x80000872] -> 0xFFF0
[149] [M]: 0x80000870 (0xFFF000B7) lui ra, 1048320
x1 <- 0xFFF00000


mem[X,0x80000874] -> 0x8093
mem[X,0x80000876] -> 0xFFF0
[150] [M]: 0x80000874 (0xFFF08093) addi ra, ra, 4095
x1 <- 0xFFEFFFFF


mem[X,0x80000878] -> 0x0513
mem[X,0x8000087A] -> 0x0020
[151] [M]: 0x80000878 (0x00200513) addi a0, zero, 2
x10 <- 0x00000002


mem[X,0x8000087C] -> 0x0A93
mem[X,0x8000087E] -> 0x0000
[152] [M]: 0x8000087C (0x00000A93) addi s5, zero, 0
x21 <- 0x00000000


mem[X,0x80000880] -> 0x006F
mem[X,0x80000882] -> 0x00C0
[153] [M]: 0x80000880 (0x00C0006F) jal zero, 12


mem[X,0x8000088C] -> 0x9063
mem[X,0x8000088E] -> 0x10A0
[154] [M]: 0x8000088C (0x10A09063) bne ra, a0, 256


mem[X,0x8000098C] -> 0x8A93
mem[X,0x8000098E] -> 0x003A
[155] [M]: 0x8000098C (0x003A8A93) addi s5, s5, 3
x21 <- 0x00000003


mem[X,0x80000990] -> 0x006F
mem[X,0x80000992] -> 0x0040
[156] [M]: 0x80000990 (0x0040006F) jal zero, 4


mem[X,0x80000994] -> 0xA223
mem[X,0x80000996] -> 0x0352
[157] [M]: 0x80000994 (0x0352A223) sw s5, 36(t0)
mem[0x80039238] <- 0x00000003


mem[X,0x80000998] -> 0x6237
mem[X,0x8000099A] -> 0x6666
[158] [M]: 0x80000998 (0x66666237) lui tp, 419430
x4 <- 0x66666000


mem[X,0x8000099C] -> 0x0213
mem[X,0x8000099E] -> 0x6662
[159] [M]: 0x8000099C (0x66620213) addi tp, tp, 1638
x4 <- 0x66666666


mem[X,0x800009A0] -> 0x0493
mem[X,0x800009A2] -> 0x0040
[160] [M]: 0x800009A0 (0x00400493) addi s1, zero, 4
x9 <- 0x00000004


mem[X,0x800009A4] -> 0x0A93
mem[X,0x800009A6] -> 0x0000
[161] [M]: 0x800009A4 (0x00000A93) addi s5, zero, 0
x21 <- 0x00000000


mem[X,0x800009A8] -> 0x006F
mem[X,0x800009AA] -> 0x2B10
[162] [M]: 0x800009A8 (0x2B10006F) jal zero, 2736


mem[X,0x80001458] -> 0x1A63
mem[X,0x8000145A] -> 0xD492
[163] [M]: 0x80001458 (0xD4921A63) bne tp, s1, 5460


mem[X,0x800009AC] -> 0x8A93
mem[X,0x800009AE] -> 0x001A
[164] [M]: 0x800009AC (0x001A8A93) addi s5, s5, 1
x21 <- 0x00000001


mem[X,0x800009B0] -> 0x006F
mem[X,0x800009B2] -> 0x2BD0
[165] [M]: 0x800009B0 (0x2BD0006F) jal zero, 2748


mem[X,0x8000146C] -> 0xA423
mem[X,0x8000146E] -> 0x0352
[166] [M]: 0x8000146C (0x0352A423) sw s5, 40(t0)
mem[0x8003923C] <- 0x00000001


mem[X,0x80001470] -> 0x5437
mem[X,0x80001472] -> 0x5555
[167] [M]: 0x80001470 (0x55555437) lui fp, 349525
x8 <- 0x55555000


mem[X,0x80001474] -> 0x0413
mem[X,0x80001476] -> 0x5554
[168] [M]: 0x80001474 (0x55540413) addi fp, fp, 1365
x8 <- 0x55555555


mem[X,0x80001478] -> 0x0593
mem[X,0x8000147A] -> 0x0080
[169] [M]: 0x80001478 (0x00800593) addi a1, zero, 8
x11 <- 0x00000008


mem[X,0x8000147C] -> 0x0A93
mem[X,0x8000147E] -> 0x0000
[170] [M]: 0x8000147C (0x00000A93) addi s5, zero, 0
x21 <- 0x00000000


mem[X,0x80001480] -> 0x006F
mem[X,0x80001482] -> 0x00C0
[171] [M]: 0x80001480 (0x00C0006F) jal zero, 12


mem[X,0x8000148C] -> 0x1663
mem[X,0x8000148E] -> 0x00B4
[172] [M]: 0x8000148C (0x00B41663) bne fp, a1, 12


mem[X,0x80001498] -> 0x8A93
mem[X,0x8000149A] -> 0x003A
[173] [M]: 0x80001498 (0x003A8A93) addi s5, s5, 3
x21 <- 0x00000003


mem[X,0x8000149C] -> 0x006F
mem[X,0x8000149E] -> 0x0040
[174] [M]: 0x8000149C (0x0040006F) jal zero, 4


mem[X,0x800014A0] -> 0xA623
mem[X,0x800014A2] -> 0x0352
[175] [M]: 0x800014A0 (0x0352A623) sw s5, 44(t0)
mem[0x80039240] <- 0x00000003


mem[X,0x800014A4] -> 0x0E37
mem[X,0x800014A6] -> 0xFFFF
[176] [M]: 0x800014A4 (0xFFFF0E37) lui t3, 1048560
x28 <- 0xFFFF0000


mem[X,0x800014A8] -> 0x0E13
mem[X,0x800014AA] -> 0xFFFE
[177] [M]: 0x800014A8 (0xFFFE0E13) addi t3, t3, 4095
x28 <- 0xFFFEFFFF


mem[X,0x800014AC] -> 0x0713
mem[X,0x800014AE] -> 0x0100
[178] [M]: 0x800014AC (0x01000713) addi a4, zero, 16
x14 <- 0x00000010


mem[X,0x800014B0] -> 0x0A93
mem[X,0x800014B2] -> 0x0000
[179] [M]: 0x800014B0 (0x00000A93) addi s5, zero, 0
x21 <- 0x00000000


mem[X,0x800014B4] -> 0x006F
mem[X,0x800014B6] -> 0x0180
[180] [M]: 0x800014B4 (0x0180006F) jal zero, 24


mem[X,0x800014CC] -> 0x16E3
mem[X,0x800014CE] -> 0xFEEE
[181] [M]: 0x800014CC (0xFEEE16E3) bne t3, a4, 8172


mem[X,0x800014B8] -> 0x8A93
mem[X,0x800014BA] -> 0x001A
[182] [M]: 0x800014B8 (0x001A8A93) addi s5, s5, 1
x21 <- 0x00000001


mem[X,0x800014BC] -> 0x006F
mem[X,0x800014BE] -> 0x0240
[183] [M]: 0x800014BC (0x0240006F) jal zero, 36


mem[X,0x800014E0] -> 0xA823
mem[X,0x800014E2] -> 0x0352
[184] [M]: 0x800014E0 (0x0352A823) sw s5, 48(t0)
mem[0x80039244] <- 0x00000001


mem[X,0x800014E4] -> 0x0A13
mem[X,0x800014E6] -> 0x0010
[185] [M]: 0x800014E4 (0x00100A13) addi s4, zero, 1
x20 <- 0x00000001


mem[X,0x800014E8] -> 0x0E93
mem[X,0x800014EA] -> 0x0200
[186] [M]: 0x800014E8 (0x02000E93) addi t4, zero, 32
x29 <- 0x00000020


mem[X,0x800014EC] -> 0x0A93
mem[X,0x800014EE] -> 0x0000
[187] [M]: 0x800014EC (0x00000A93) addi s5, zero, 0
x21 <- 0x00000000


mem[X,0x800014F0] -> 0x006F
mem[X,0x800014F2] -> 0x0180
[188] [M]: 0x800014F0 (0x0180006F) jal zero, 24


mem[X,0x80001508] -> 0x16E3
mem[X,0x8000150A] -> 0xFFDA
[189] [M]: 0x80001508 (0xFFDA16E3) bne s4, t4, 8172


mem[X,0x800014F4] -> 0x8A93
mem[X,0x800014F6] -> 0x001A
[190] [M]: 0x800014F4 (0x001A8A93) addi s5, s5, 1
x21 <- 0x00000001


mem[X,0x800014F8] -> 0x006F
mem[X,0x800014FA] -> 0x0240
[191] [M]: 0x800014F8 (0x0240006F) jal zero, 36


mem[X,0x8000151C] -> 0xAA23
mem[X,0x8000151E] -> 0x0352
[192] [M]: 0x8000151C (0x0352AA23) sw s5, 52(t0)
mem[0x80039248] <- 0x00000001


mem[X,0x80001520] -> 0xFCB7
mem[X,0x80001522] -> 0xFFFF
[193] [M]: 0x80001520 (0xFFFFFCB7) lui s9, 1048575
x25 <- 0xFFFFF000


mem[X,0x80001524] -> 0x8C93
mem[X,0x80001526] -> 0x7FFC
[194] [M]: 0x80001524 (0x7FFC8C93) addi s9, s9, 2047
x25 <- 0xFFFFF7FF


mem[X,0x80001528] -> 0x0693
mem[X,0x8000152A] -> 0x0400
[195] [M]: 0x80001528 (0x04000693) addi a3, zero, 64
x13 <- 0x00000040


mem[X,0x8000152C] -> 0x0A93
mem[X,0x8000152E] -> 0x0000
[196] [M]: 0x8000152C (0x00000A93) addi s5, zero, 0
x21 <- 0x00000000


mem[X,0x80001530] -> 0x006F
mem[X,0x80001532] -> 0x2B10
[197] [M]: 0x80001530 (0x2B10006F) jal zero, 2736


mem[X,0x80001FE0] -> 0x9A63
mem[X,0x80001FE2] -> 0xD4DC
[198] [M]: 0x80001FE0 (0xD4DC9A63) bne s9, a3, 5460


mem[X,0x80001534] -> 0x8A93
mem[X,0x80001536] -> 0x001A
[199] [M]: 0x80001534 (0x001A8A93) addi s5, s5, 1
x21 <- 0x00000001


clint::tick mtime <- 0x0000000000000002
 clint timer pending at mtime 0x0000000000000002
htif::tick 0x0000000000000000
mem[X,0x80001538] -> 0x006F
mem[X,0x8000153A] -> 0x2BD0
[200] [M]: 0x80001538 (0x2BD0006F) jal zero, 2748


mem[X,0x80001FF4] -> 0xAC23
mem[X,0x80001FF6] -> 0x0352
[201] [M]: 0x80001FF4 (0x0352AC23) sw s5, 56(t0)
mem[0x8003924C] <- 0x00000001


mem[X,0x80001FF8] -> 0x0337
mem[X,0x80001FFA] -> 0x0100
[202] [M]: 0x80001FF8 (0x01000337) lui t1, 4096
x6 <- 0x01000000


mem[X,0x80001FFC] -> 0x0893
mem[X,0x80001FFE] -> 0x0800
[203] [M]: 0x80001FFC (0x08000893) addi a7, zero, 128
x17 <- 0x00000080


mem[X,0x80002000] -> 0x0A93
mem[X,0x80002002] -> 0x0000
[204] [M]: 0x80002000 (0x00000A93) addi s5, zero, 0
x21 <- 0x00000000


mem[X,0x80002004] -> 0x006F
mem[X,0x80002006] -> 0x00C0
[205] [M]: 0x80002004 (0x00C0006F) jal zero, 12


mem[X,0x80002010] -> 0x1063
mem[X,0x80002012] -> 0x2113
[206] [M]: 0x80002010 (0x21131063) bne t1, a7, 512


mem[X,0x80002210] -> 0x8A93
mem[X,0x80002212] -> 0x003A
[207] [M]: 0x80002210 (0x003A8A93) addi s5, s5, 3
x21 <- 0x00000003


mem[X,0x80002214] -> 0x006F
mem[X,0x80002216] -> 0x0040
[208] [M]: 0x80002214 (0x0040006F) jal zero, 4


mem[X,0x80002218] -> 0xAE23
mem[X,0x8000221A] -> 0x0352
[209] [M]: 0x80002218 (0x0352AE23) sw s5, 60(t0)
mem[0x80039250] <- 0x00000003


mem[X,0x8000221C] -> 0x0513
mem[X,0x8000221E] -> 0x0000
[210] [M]: 0x8000221C (0x00000513) addi a0, zero, 0
x10 <- 0x00000000


mem[X,0x80002220] -> 0x0393
mem[X,0x80002222] -> 0x1000
[211] [M]: 0x80002220 (0x10000393) addi t2, zero, 256
x7 <- 0x00000100


mem[X,0x80002224] -> 0x0A93
mem[X,0x80002226] -> 0x0000
[212] [M]: 0x80002224 (0x00000A93) addi s5, zero, 0
x21 <- 0x00000000


mem[X,0x80002228] -> 0x006F
mem[X,0x8000222A] -> 0x00C0
[213] [M]: 0x80002228 (0x00C0006F) jal zero, 12


mem[X,0x80002234] -> 0x1663
mem[X,0x80002236] -> 0x0075
[214] [M]: 0x80002234 (0x00751663) bne a0, t2, 12


mem[X,0x80002240] -> 0x8A93
mem[X,0x80002242] -> 0x003A
[215] [M]: 0x80002240 (0x003A8A93) addi s5, s5, 3
x21 <- 0x00000003


mem[X,0x80002244] -> 0x006F
mem[X,0x80002246] -> 0x0040
[216] [M]: 0x80002244 (0x0040006F) jal zero, 4


mem[X,0x80002248] -> 0xA023
mem[X,0x8000224A] -> 0x0552
[217] [M]: 0x80002248 (0x0552A023) sw s5, 64(t0)
mem[0x80039254] <- 0x00000003


mem[X,0x8000224C] -> 0x01B7
mem[X,0x8000224E] -> 0xFFC0
[218] [M]: 0x8000224C (0xFFC001B7) lui gp, 1047552
x3 <- 0xFFC00000


mem[X,0x80002250] -> 0x8193
mem[X,0x80002252] -> 0xFFF1
[219] [M]: 0x80002250 (0xFFF18193) addi gp, gp, 4095
x3 <- 0xFFBFFFFF


mem[X,0x80002254] -> 0x0C13
mem[X,0x80002256] -> 0x2000
[220] [M]: 0x80002254 (0x20000C13) addi s8, zero, 512
x24 <- 0x00000200


mem[X,0x80002258] -> 0x0A93
mem[X,0x8000225A] -> 0x0000
[221] [M]: 0x80002258 (0x00000A93) addi s5, zero, 0
x21 <- 0x00000000


mem[X,0x8000225C] -> 0x006F
mem[X,0x8000225E] -> 0x00C0
[222] [M]: 0x8000225C (0x00C0006F) jal zero, 12


mem[X,0x80002268] -> 0x9063
mem[X,0x8000226A] -> 0x4181
[223] [M]: 0x80002268 (0x41819063) bne gp, s8, 1024


mem[X,0x80002668] -> 0x8A93
mem[X,0x8000266A] -> 0x003A
[224] [M]: 0x80002668 (0x003A8A93) addi s5, s5, 3
x21 <- 0x00000003


mem[X,0x8000266C] -> 0x006F
mem[X,0x8000266E] -> 0x0040
[225] [M]: 0x8000266C (0x0040006F) jal zero, 4


mem[X,0x80002670] -> 0xA223
mem[X,0x80002672] -> 0x0552
[226] [M]: 0x80002670 (0x0552A223) sw s5, 68(t0)
mem[0x80039258] <- 0x00000003


mem[X,0x80002674] -> 0x0013
mem[X,0x80002676] -> 0x0000
[227] [M]: 0x80002674 (0x00000013) addi zero, zero, 0


mem[X,0x80002678] -> 0x0793
mem[X,0x8000267A] -> 0x4000
[228] [M]: 0x80002678 (0x40000793) addi a5, zero, 1024
x15 <- 0x00000400


mem[X,0x8000267C] -> 0x0A93
mem[X,0x8000267E] -> 0x0000
[229] [M]: 0x8000267C (0x00000A93) addi s5, zero, 0
x21 <- 0x00000000


mem[X,0x80002680] -> 0x006F
mem[X,0x80002682] -> 0x00C0
[230] [M]: 0x80002680 (0x00C0006F) jal zero, 12


mem[X,0x8000268C] -> 0x1CE3
mem[X,0x8000268E] -> 0xFEF0
[231] [M]: 0x8000268C (0xFEF01CE3) bne zero, a5, 8184


mem[X,0x80002684] -> 0x8A93
mem[X,0x80002686] -> 0x001A
[232] [M]: 0x80002684 (0x001A8A93) addi s5, s5, 1
x21 <- 0x00000001


mem[X,0x80002688] -> 0x006F
mem[X,0x8000268A] -> 0x0180
[233] [M]: 0x80002688 (0x0180006F) jal zero, 24


mem[X,0x800026A0] -> 0xA423
mem[X,0x800026A2] -> 0x0552
[234] [M]: 0x800026A0 (0x0552A423) sw s5, 72(t0)
mem[0x8003925C] <- 0x00000001


mem[X,0x800026A4] -> 0x6137
mem[X,0x800026A6] -> 0x6666
[235] [M]: 0x800026A4 (0x66666137) lui sp, 419430
x2 <- 0x66666000


mem[X,0x800026A8] -> 0x0113
mem[X,0x800026AA] -> 0x6671
[236] [M]: 0x800026A8 (0x66710113) addi sp, sp, 1639
x2 <- 0x66666667


mem[X,0x800026AC] -> 0x1937
mem[X,0x800026AE] -> 0x0000
[237] [M]: 0x800026AC (0x00001937) lui s2, 1
x18 <- 0x00001000


mem[X,0x800026B0] -> 0x0913
mem[X,0x800026B2] -> 0x8009
[238] [M]: 0x800026B0 (0x80090913) addi s2, s2, 2048
x18 <- 0x00000800


mem[X,0x800026B4] -> 0x0A93
mem[X,0x800026B6] -> 0x0000
[239] [M]: 0x800026B4 (0x00000A93) addi s5, zero, 0
x21 <- 0x00000000


mem[X,0x800026B8] -> 0x006F
mem[X,0x800026BA] -> 0x00C0
[240] [M]: 0x800026B8 (0x00C0006F) jal zero, 12


mem[X,0x800026C4] -> 0x1063
mem[X,0x800026C6] -> 0x4121
[241] [M]: 0x800026C4 (0x41211063) bne sp, s2, 1024


mem[X,0x80002AC4] -> 0x8A93
mem[X,0x80002AC6] -> 0x003A
[242] [M]: 0x80002AC4 (0x003A8A93) addi s5, s5, 3
x21 <- 0x00000003


mem[X,0x80002AC8] -> 0x006F
mem[X,0x80002ACA] -> 0x0040
[243] [M]: 0x80002AC8 (0x0040006F) jal zero, 4


mem[X,0x80002ACC] -> 0xA623
mem[X,0x80002ACE] -> 0x0552
[244] [M]: 0x80002ACC (0x0552A623) sw s5, 76(t0)
mem[0x80039260] <- 0x00000003


mem[X,0x80002AD0] -> 0x0B13
mem[X,0x80002AD2] -> 0xFF60
[245] [M]: 0x80002AD0 (0xFF600B13) addi s6, zero, 4086
x22 <- 0xFFFFFFF6


mem[X,0x80002AD4] -> 0x1FB7
mem[X,0x80002AD6] -> 0x0000
[246] [M]: 0x80002AD4 (0x00001FB7) lui t6, 1
x31 <- 0x00001000


mem[X,0x80002AD8] -> 0x0213
mem[X,0x80002ADA] -> 0x0000
[247] [M]: 0x80002AD8 (0x00000213) addi tp, zero, 0
x4 <- 0x00000000


mem[X,0x80002ADC] -> 0x006F
mem[X,0x80002ADE] -> 0x00C0
[248] [M]: 0x80002ADC (0x00C0006F) jal zero, 12


mem[X,0x80002AE8] -> 0x1663
mem[X,0x80002AEA] -> 0x01FB
[249] [M]: 0x80002AE8 (0x01FB1663) bne s6, t6, 12


mem[X,0x80002AF4] -> 0x0213
mem[X,0x80002AF6] -> 0x0032
[250] [M]: 0x80002AF4 (0x00320213) addi tp, tp, 3
x4 <- 0x00000003


mem[X,0x80002AF8] -> 0x006F
mem[X,0x80002AFA] -> 0x0040
[251] [M]: 0x80002AF8 (0x0040006F) jal zero, 4


mem[X,0x80002AFC] -> 0xA823
mem[X,0x80002AFE] -> 0x0442
[252] [M]: 0x80002AFC (0x0442A823) sw tp, 80(t0)
mem[0x80039264] <- 0x00000003


mem[X,0x80002B00] -> 0x6097
mem[X,0x80002B02] -> 0x0003
[253] [M]: 0x80002B00 (0x00036097) auipc ra, 54
x1 <- 0x80038B00


mem[X,0x80002B04] -> 0x8093
mem[X,0x80002B06] -> 0x7680
[254] [M]: 0x80002B04 (0x76808093) addi ra, ra, 1896
x1 <- 0x80039268


mem[X,0x80002B08] -> 0x4D37
mem[X,0x80002B0A] -> 0x0000
[255] [M]: 0x80002B08 (0x00004D37) lui s10, 4
x26 <- 0x00004000


mem[X,0x80002B0C] -> 0x2F37
mem[X,0x80002B0E] -> 0x0000
[256] [M]: 0x80002B0C (0x00002F37) lui t5, 2
x30 <- 0x00002000


mem[X,0x80002B10] -> 0x0213
mem[X,0x80002B12] -> 0x0000
[257] [M]: 0x80002B10 (0x00000213) addi tp, zero, 0
x4 <- 0x00000000


mem[X,0x80002B14] -> 0x006F
mem[X,0x80002B16] -> 0x00C0
[258] [M]: 0x80002B14 (0x00C0006F) jal zero, 12


mem[X,0x80002B20] -> 0x1663
mem[X,0x80002B22] -> 0x01ED
[259] [M]: 0x80002B20 (0x01ED1663) bne s10, t5, 12


mem[X,0x80002B2C] -> 0x0213
mem[X,0x80002B2E] -> 0x0032
[260] [M]: 0x80002B2C (0x00320213) addi tp, tp, 3
x4 <- 0x00000003


mem[X,0x80002B30] -> 0x006F
mem[X,0x80002B32] -> 0x0040
[261] [M]: 0x80002B30 (0x0040006F) jal zero, 4


mem[X,0x80002B34] -> 0xA023
mem[X,0x80002B36] -> 0x0040
[262] [M]: 0x80002B34 (0x0040A023) sw tp, 0(ra)
mem[0x80039268] <- 0x00000003


mem[X,0x80002B38] -> 0x0D93
mem[X,0x80002B3A] -> 0xFEF0
[263] [M]: 0x80002B38 (0xFEF00D93) addi s11, zero, 4079
x27 <- 0xFFFFFFEF


mem[X,0x80002B3C] -> 0x4A37
mem[X,0x80002B3E] -> 0x0000
[264] [M]: 0x80002B3C (0x00004A37) lui s4, 4
x20 <- 0x00004000


mem[X,0x80002B40] -> 0x0213
mem[X,0x80002B42] -> 0x0000
[265] [M]: 0x80002B40 (0x00000213) addi tp, zero, 0
x4 <- 0x00000000


mem[X,0x80002B44] -> 0x006F
mem[X,0x80002B46] -> 0x00C0
[266] [M]: 0x80002B44 (0x00C0006F) jal zero, 12


mem[X,0x80002B50] -> 0x9863
mem[X,0x80002B52] -> 0x014D
[267] [M]: 0x80002B50 (0x014D9863) bne s11, s4, 16


mem[X,0x80002B60] -> 0x0213
mem[X,0x80002B62] -> 0x0032
[268] [M]: 0x80002B60 (0x00320213) addi tp, tp, 3
x4 <- 0x00000003


mem[X,0x80002B64] -> 0x006F
mem[X,0x80002B66] -> 0x0040
[269] [M]: 0x80002B64 (0x0040006F) jal zero, 4


mem[X,0x80002B68] -> 0xA223
mem[X,0x80002B6A] -> 0x0040
[270] [M]: 0x80002B68 (0x0040A223) sw tp, 4(ra)
mem[0x8003926C] <- 0x00000003


mem[X,0x80002B6C] -> 0x05B7
mem[X,0x80002B6E] -> 0x0400
[271] [M]: 0x80002B6C (0x040005B7) lui a1, 16384
x11 <- 0x04000000


mem[X,0x80002B70] -> 0x8637
mem[X,0x80002B72] -> 0x0000
[272] [M]: 0x80002B70 (0x00008637) lui a2, 8
x12 <- 0x00008000


mem[X,0x80002B74] -> 0x0213
mem[X,0x80002B76] -> 0x0000
[273] [M]: 0x80002B74 (0x00000213) addi tp, zero, 0
x4 <- 0x00000000


mem[X,0x80002B78] -> 0x006F
mem[X,0x80002B7A] -> 0x00C0
[274] [M]: 0x80002B78 (0x00C0006F) jal zero, 12


mem[X,0x80002B84] -> 0x9063
mem[X,0x80002B86] -> 0x40C5
[275] [M]: 0x80002B84 (0x40C59063) bne a1, a2, 1024


mem[X,0x80002F84] -> 0x0213
mem[X,0x80002F86] -> 0x0032
[276] [M]: 0x80002F84 (0x00320213) addi tp, tp, 3
x4 <- 0x00000003


mem[X,0x80002F88] -> 0x006F
mem[X,0x80002F8A] -> 0x0040
[277] [M]: 0x80002F88 (0x0040006F) jal zero, 4


mem[X,0x80002F8C] -> 0xA423
mem[X,0x80002F8E] -> 0x0040
[278] [M]: 0x80002F8C (0x0040A423) sw tp, 8(ra)
mem[0x80039270] <- 0x00000003


mem[X,0x80002F90] -> 0x0AB7
mem[X,0x80002F92] -> 0x0800
[279] [M]: 0x80002F90 (0x08000AB7) lui s5, 32768
x21 <- 0x08000000


mem[X,0x80002F94] -> 0x0337
mem[X,0x80002F96] -> 0x0001
[280] [M]: 0x80002F94 (0x00010337) lui t1, 16
x6 <- 0x00010000


mem[X,0x80002F98] -> 0x0213
mem[X,0x80002F9A] -> 0x0000
[281] [M]: 0x80002F98 (0x00000213) addi tp, zero, 0
x4 <- 0x00000000


mem[X,0x80002F9C] -> 0x006F
mem[X,0x80002F9E] -> 0x00C0
[282] [M]: 0x80002F9C (0x00C0006F) jal zero, 12


mem[X,0x80002FA8] -> 0x9063
mem[X,0x80002FAA] -> 0x106A
[283] [M]: 0x80002FA8 (0x106A9063) bne s5, t1, 256


mem[X,0x800030A8] -> 0x0213
mem[X,0x800030AA] -> 0x0032
[284] [M]: 0x800030A8 (0x00320213) addi tp, tp, 3
x4 <- 0x00000003


mem[X,0x800030AC] -> 0x006F
mem[X,0x800030AE] -> 0x0040
[285] [M]: 0x800030AC (0x0040006F) jal zero, 4


mem[X,0x800030B0] -> 0xA623
mem[X,0x800030B2] -> 0x0040
[286] [M]: 0x800030B0 (0x0040A623) sw tp, 12(ra)
mem[0x80039274] <- 0x00000003


mem[X,0x800030B4] -> 0x0F37
mem[X,0x800030B6] -> 0xFFE0
[287] [M]: 0x800030B4 (0xFFE00F37) lui t5, 1048064
x30 <- 0xFFE00000


mem[X,0x800030B8] -> 0x0F13
mem[X,0x800030BA] -> 0xFFFF
[288] [M]: 0x800030B8 (0xFFFF0F13) addi t5, t5, 4095
x30 <- 0xFFDFFFFF


mem[X,0x800030BC] -> 0x0E37
mem[X,0x800030BE] -> 0x0002
[289] [M]: 0x800030BC (0x00020E37) lui t3, 32
x28 <- 0x00020000


mem[X,0x800030C0] -> 0x0213
mem[X,0x800030C2] -> 0x0000
[290] [M]: 0x800030C0 (0x00000213) addi tp, zero, 0
x4 <- 0x00000000


mem[X,0x800030C4] -> 0x006F
mem[X,0x800030C6] -> 0x00C0
[291] [M]: 0x800030C4 (0x00C0006F) jal zero, 12


mem[X,0x800030D0] -> 0x1CE3
mem[X,0x800030D2] -> 0xFFCF
[292] [M]: 0x800030D0 (0xFFCF1CE3) bne t5, t3, 8184


mem[X,0x800030C8] -> 0x0213
mem[X,0x800030CA] -> 0x0012
[293] [M]: 0x800030C8 (0x00120213) addi tp, tp, 1
x4 <- 0x00000001


mem[X,0x800030CC] -> 0x006F
mem[X,0x800030CE] -> 0x0180
[294] [M]: 0x800030CC (0x0180006F) jal zero, 24


mem[X,0x800030E4] -> 0xA823
mem[X,0x800030E6] -> 0x0040
[295] [M]: 0x800030E4 (0x0040A823) sw tp, 16(ra)
mem[0x80039278] <- 0x00000001


mem[X,0x800030E8] -> 0x07B7
mem[X,0x800030EA] -> 0x1000
[296] [M]: 0x800030E8 (0x100007B7) lui a5, 65536
x15 <- 0x10000000


mem[X,0x800030EC] -> 0x0AB7
mem[X,0x800030EE] -> 0x0004
[297] [M]: 0x800030EC (0x00040AB7) lui s5, 64
x21 <- 0x00040000


mem[X,0x800030F0] -> 0x0213
mem[X,0x800030F2] -> 0x0000
[298] [M]: 0x800030F0 (0x00000213) addi tp, zero, 0
x4 <- 0x00000000


mem[X,0x800030F4] -> 0x006F
mem[X,0x800030F6] -> 0x00C0
[299] [M]: 0x800030F4 (0x00C0006F) jal zero, 12


clint::tick mtime <- 0x0000000000000003
 clint timer pending at mtime 0x0000000000000003
htif::tick 0x0000000000000000
mem[X,0x80003100] -> 0x9663
mem[X,0x80003102] -> 0x0157
[300] [M]: 0x80003100 (0x01579663) bne a5, s5, 12


mem[X,0x8000310C] -> 0x0213
mem[X,0x8000310E] -> 0x0032
[301] [M]: 0x8000310C (0x00320213) addi tp, tp, 3
x4 <- 0x00000003


mem[X,0x80003110] -> 0x006F
mem[X,0x80003112] -> 0x0040
[302] [M]: 0x80003110 (0x0040006F) jal zero, 4


mem[X,0x80003114] -> 0xAA23
mem[X,0x80003116] -> 0x0040
[303] [M]: 0x80003114 (0x0040AA23) sw tp, 20(ra)
mem[0x8003927C] <- 0x00000003


mem[X,0x80003118] -> 0xBEB7
mem[X,0x8000311A] -> 0x0000
[304] [M]: 0x80003118 (0x0000BEB7) lui t4, 11
x29 <- 0x0000B000


mem[X,0x8000311C] -> 0x8E93
mem[X,0x8000311E] -> 0x503E
[305] [M]: 0x8000311C (0x503E8E93) addi t4, t4, 1283
x29 <- 0x0000B503


mem[X,0x80003120] -> 0x0BB7
mem[X,0x80003122] -> 0x0008
[306] [M]: 0x80003120 (0x00080BB7) lui s7, 128
x23 <- 0x00080000


mem[X,0x80003124] -> 0x0213
mem[X,0x80003126] -> 0x0000
[307] [M]: 0x80003124 (0x00000213) addi tp, zero, 0
x4 <- 0x00000000


mem[X,0x80003128] -> 0x006F
mem[X,0x8000312A] -> 0x00C0
[308] [M]: 0x80003128 (0x00C0006F) jal zero, 12


mem[X,0x80003134] -> 0x9663
mem[X,0x80003136] -> 0x017E
[309] [M]: 0x80003134 (0x017E9663) bne t4, s7, 12


mem[X,0x80003140] -> 0x0213
mem[X,0x80003142] -> 0x0032
[310] [M]: 0x80003140 (0x00320213) addi tp, tp, 3
x4 <- 0x00000003


mem[X,0x80003144] -> 0x006F
mem[X,0x80003146] -> 0x0040
[311] [M]: 0x80003144 (0x0040006F) jal zero, 4


mem[X,0x80003148] -> 0xAC23
mem[X,0x8000314A] -> 0x0040
[312] [M]: 0x80003148 (0x0040AC23) sw tp, 24(ra)
mem[0x80039280] <- 0x00000003


mem[X,0x8000314C] -> 0xB8B7
mem[X,0x8000314E] -> 0xAAAA
[313] [M]: 0x8000314C (0xAAAAB8B7) lui a7, 699051
x17 <- 0xAAAAB000


mem[X,0x80003150] -> 0x8893
mem[X,0x80003152] -> 0xAAA8
[314] [M]: 0x80003150 (0xAAA88893) addi a7, a7, 2730
x17 <- 0xAAAAAAAA


mem[X,0x80003154] -> 0x09B7
mem[X,0x80003156] -> 0x0020
[315] [M]: 0x80003154 (0x002009B7) lui s3, 512
x19 <- 0x00200000


mem[X,0x80003158] -> 0x0213
mem[X,0x8000315A] -> 0x0000
[316] [M]: 0x80003158 (0x00000213) addi tp, zero, 0
x4 <- 0x00000000


mem[X,0x8000315C] -> 0x006F
mem[X,0x8000315E] -> 0x00C0
[317] [M]: 0x8000315C (0x00C0006F) jal zero, 12


mem[X,0x80003168] -> 0x9663
mem[X,0x8000316A] -> 0x0138
[318] [M]: 0x80003168 (0x01389663) bne a7, s3, 12


mem[X,0x80003174] -> 0x0213
mem[X,0x80003176] -> 0x0032
[319] [M]: 0x80003174 (0x00320213) addi tp, tp, 3
x4 <- 0x00000003


mem[X,0x80003178] -> 0x006F
mem[X,0x8000317A] -> 0x0040
[320] [M]: 0x80003178 (0x0040006F) jal zero, 4


mem[X,0x8000317C] -> 0xAE23
mem[X,0x8000317E] -> 0x0040
[321] [M]: 0x8000317C (0x0040AE23) sw tp, 28(ra)
mem[0x80039284] <- 0x00000003


mem[X,0x80003180] -> 0x0913
mem[X,0x80003182] -> 0xBFF0
[322] [M]: 0x80003180 (0xBFF00913) addi s2, zero, 3071
x18 <- 0xFFFFFBFF


mem[X,0x80003184] -> 0x02B7
mem[X,0x80003186] -> 0x0040
[323] [M]: 0x80003184 (0x004002B7) lui t0, 1024
x5 <- 0x00400000


mem[X,0x80003188] -> 0x0213
mem[X,0x8000318A] -> 0x0000
[324] [M]: 0x80003188 (0x00000213) addi tp, zero, 0
x4 <- 0x00000000


mem[X,0x8000318C] -> 0x006F
mem[X,0x8000318E] -> 0x0100
[325] [M]: 0x8000318C (0x0100006F) jal zero, 16


mem[X,0x8000319C] -> 0x1AE3
mem[X,0x8000319E] -> 0xFE59
[326] [M]: 0x8000319C (0xFE591AE3) bne s2, t0, 8180


mem[X,0x80003190] -> 0x0213
mem[X,0x80003192] -> 0x0012
[327] [M]: 0x80003190 (0x00120213) addi tp, tp, 1
x4 <- 0x00000001


mem[X,0x80003194] -> 0x006F
mem[X,0x80003196] -> 0x01C0
[328] [M]: 0x80003194 (0x01C0006F) jal zero, 28


mem[X,0x800031B0] -> 0xA023
mem[X,0x800031B2] -> 0x0240
[329] [M]: 0x800031B0 (0x0240A023) sw tp, 32(ra)
mem[0x80039288] <- 0x00000001


mem[X,0x800031B4] -> 0x0F93
mem[X,0x800031B6] -> 0x0200
[330] [M]: 0x800031B4 (0x02000F93) addi t6, zero, 32
x31 <- 0x00000020


mem[X,0x800031B8] -> 0x01B7
mem[X,0x800031BA] -> 0x0080
[331] [M]: 0x800031B8 (0x008001B7) lui gp, 2048
x3 <- 0x00800000


mem[X,0x800031BC] -> 0x0213
mem[X,0x800031BE] -> 0x0000
[332] [M]: 0x800031BC (0x00000213) addi tp, zero, 0
x4 <- 0x00000000


mem[X,0x800031C0] -> 0x006F
mem[X,0x800031C2] -> 0x00C0
[333] [M]: 0x800031C0 (0x00C0006F) jal zero, 12


mem[X,0x800031CC] -> 0x9CE3
mem[X,0x800031CE] -> 0xFE3F
[334] [M]: 0x800031CC (0xFE3F9CE3) bne t6, gp, 8184


mem[X,0x800031C4] -> 0x0213
mem[X,0x800031C6] -> 0x0012
[335] [M]: 0x800031C4 (0x00120213) addi tp, tp, 1
x4 <- 0x00000001


mem[X,0x800031C8] -> 0x006F
mem[X,0x800031CA] -> 0x0180
[336] [M]: 0x800031C8 (0x0180006F) jal zero, 24


mem[X,0x800031E0] -> 0xA223
mem[X,0x800031E2] -> 0x0240
[337] [M]: 0x800031E0 (0x0240A223) sw tp, 36(ra)
mem[0x8003928C] <- 0x00000001


mem[X,0x800031E4] -> 0x02B7
mem[X,0x800031E6] -> 0xF000
[338] [M]: 0x800031E4 (0xF00002B7) lui t0, 983040
x5 <- 0xF0000000


mem[X,0x800031E8] -> 0x8293
mem[X,0x800031EA] -> 0xFFF2
[339] [M]: 0x800031E8 (0xFFF28293) addi t0, t0, 4095
x5 <- 0xEFFFFFFF


mem[X,0x800031EC] -> 0x0137
mem[X,0x800031EE] -> 0x0100
[340] [M]: 0x800031EC (0x01000137) lui sp, 4096
x2 <- 0x01000000


mem[X,0x800031F0] -> 0x0213
mem[X,0x800031F2] -> 0x0000
[341] [M]: 0x800031F0 (0x00000213) addi tp, zero, 0
x4 <- 0x00000000


mem[X,0x800031F4] -> 0x006F
mem[X,0x800031F6] -> 0x00C0
[342] [M]: 0x800031F4 (0x00C0006F) jal zero, 12


mem[X,0x80003200] -> 0x9CE3
mem[X,0x80003202] -> 0xFE22
[343] [M]: 0x80003200 (0xFE229CE3) bne t0, sp, 8184


mem[X,0x800031F8] -> 0x0213
mem[X,0x800031FA] -> 0x0012
[344] [M]: 0x800031F8 (0x00120213) addi tp, tp, 1
x4 <- 0x00000001


mem[X,0x800031FC] -> 0x006F
mem[X,0x800031FE] -> 0x0180
[345] [M]: 0x800031FC (0x0180006F) jal zero, 24


mem[X,0x80003214] -> 0xA423
mem[X,0x80003216] -> 0x0240
[346] [M]: 0x80003214 (0x0240A423) sw tp, 40(ra)
mem[0x80039290] <- 0x00000001


mem[X,0x80003218] -> 0x0513
mem[X,0x8000321A] -> 0xFF90
[347] [M]: 0x80003218 (0xFF900513) addi a0, zero, 4089
x10 <- 0xFFFFFFF9


mem[X,0x8000321C] -> 0x05B7
mem[X,0x8000321E] -> 0x0400
[348] [M]: 0x8000321C (0x040005B7) lui a1, 16384
x11 <- 0x04000000


mem[X,0x80003220] -> 0x0213
mem[X,0x80003222] -> 0x0000
[349] [M]: 0x80003220 (0x00000213) addi tp, zero, 0
x4 <- 0x00000000


mem[X,0x80003224] -> 0x006F
mem[X,0x80003226] -> 0x0100
[350] [M]: 0x80003224 (0x0100006F) jal zero, 16


mem[X,0x80003234] -> 0x1AE3
mem[X,0x80003236] -> 0xFEB5
[351] [M]: 0x80003234 (0xFEB51AE3) bne a0, a1, 8180


mem[X,0x80003228] -> 0x0213
mem[X,0x8000322A] -> 0x0012
[352] [M]: 0x80003228 (0x00120213) addi tp, tp, 1
x4 <- 0x00000001


mem[X,0x8000322C] -> 0x006F
mem[X,0x8000322E] -> 0x01C0
[353] [M]: 0x8000322C (0x01C0006F) jal zero, 28


mem[X,0x80003248] -> 0xA623
mem[X,0x8000324A] -> 0x0240
[354] [M]: 0x80003248 (0x0240A623) sw tp, 44(ra)
mem[0x80039294] <- 0x00000001


mem[X,0x8000324C] -> 0x0513
mem[X,0x8000324E] -> 0x4000
[355] [M]: 0x8000324C (0x40000513) addi a0, zero, 1024
x10 <- 0x00000400


mem[X,0x80003250] -> 0x05B7
mem[X,0x80003252] -> 0x0800
[356] [M]: 0x80003250 (0x080005B7) lui a1, 32768
x11 <- 0x08000000


mem[X,0x80003254] -> 0x0213
mem[X,0x80003256] -> 0x0000
[357] [M]: 0x80003254 (0x00000213) addi tp, zero, 0
x4 <- 0x00000000


mem[X,0x80003258] -> 0x006F
mem[X,0x8000325A] -> 0x0140
[358] [M]: 0x80003258 (0x0140006F) jal zero, 20


mem[X,0x8000326C] -> 0x18E3
mem[X,0x8000326E] -> 0xFEB5
[359] [M]: 0x8000326C (0xFEB518E3) bne a0, a1, 8176


mem[X,0x8000325C] -> 0x0213
mem[X,0x8000325E] -> 0x0012
[360] [M]: 0x8000325C (0x00120213) addi tp, tp, 1
x4 <- 0x00000001


mem[X,0x80003260] -> 0x006F
mem[X,0x80003262] -> 0x0200
[361] [M]: 0x80003260 (0x0200006F) jal zero, 32


mem[X,0x80003280] -> 0xA823
mem[X,0x80003282] -> 0x0240
[362] [M]: 0x80003280 (0x0240A823) sw tp, 48(ra)
mem[0x80039298] <- 0x00000001


mem[X,0x80003284] -> 0x0513
mem[X,0x80003286] -> 0x0020
[363] [M]: 0x80003284 (0x00200513) addi a0, zero, 2
x10 <- 0x00000002


mem[X,0x80003288] -> 0x05B7
mem[X,0x8000328A] -> 0x1000
[364] [M]: 0x80003288 (0x100005B7) lui a1, 65536
x11 <- 0x10000000


mem[X,0x8000328C] -> 0x0213
mem[X,0x8000328E] -> 0x0000
[365] [M]: 0x8000328C (0x00000213) addi tp, zero, 0
x4 <- 0x00000000


mem[X,0x80003290] -> 0x006F
mem[X,0x80003292] -> 0x2B10
[366] [M]: 0x80003290 (0x2B10006F) jal zero, 2736


mem[X,0x80003D40] -> 0x1A63
mem[X,0x80003D42] -> 0xD4B5
[367] [M]: 0x80003D40 (0xD4B51A63) bne a0, a1, 5460


mem[X,0x80003294] -> 0x0213
mem[X,0x80003296] -> 0x0012
[368] [M]: 0x80003294 (0x00120213) addi tp, tp, 1
x4 <- 0x00000001


mem[X,0x80003298] -> 0x006F
mem[X,0x8000329A] -> 0x2BD0
[369] [M]: 0x80003298 (0x2BD0006F) jal zero, 2748


mem[X,0x80003D54] -> 0xAA23
mem[X,0x80003D56] -> 0x0240
[370] [M]: 0x80003D54 (0x0240AA23) sw tp, 52(ra)
mem[0x8003929C] <- 0x00000001


mem[X,0x80003D58] -> 0x0537
mem[X,0x80003D5A] -> 0x0100
[371] [M]: 0x80003D58 (0x01000537) lui a0, 4096
x10 <- 0x01000000


mem[X,0x80003D5C] -> 0x05B7
mem[X,0x80003D5E] -> 0x2000
[372] [M]: 0x80003D5C (0x200005B7) lui a1, 131072
x11 <- 0x20000000


mem[X,0x80003D60] -> 0x0213
mem[X,0x80003D62] -> 0x0000
[373] [M]: 0x80003D60 (0x00000213) addi tp, zero, 0
x4 <- 0x00000000


mem[X,0x80003D64] -> 0x006F
mem[X,0x80003D66] -> 0x0140
[374] [M]: 0x80003D64 (0x0140006F) jal zero, 20


mem[X,0x80003D78] -> 0x18E3
mem[X,0x80003D7A] -> 0xFEB5
[375] [M]: 0x80003D78 (0xFEB518E3) bne a0, a1, 8176


mem[X,0x80003D68] -> 0x0213
mem[X,0x80003D6A] -> 0x0012
[376] [M]: 0x80003D68 (0x00120213) addi tp, tp, 1
x4 <- 0x00000001


mem[X,0x80003D6C] -> 0x006F
mem[X,0x80003D6E] -> 0x0200
[377] [M]: 0x80003D6C (0x0200006F) jal zero, 32


mem[X,0x80003D8C] -> 0xAC23
mem[X,0x80003D8E] -> 0x0240
[378] [M]: 0x80003D8C (0x0240AC23) sw tp, 56(ra)
mem[0x800392A0] <- 0x00000001


mem[X,0x80003D90] -> 0x0513
mem[X,0x80003D92] -> 0xFFB0
[379] [M]: 0x80003D90 (0xFFB00513) addi a0, zero, 4091
x10 <- 0xFFFFFFFB


mem[X,0x80003D94] -> 0x05B7
mem[X,0x80003D96] -> 0x4000
[380] [M]: 0x80003D94 (0x400005B7) lui a1, 262144
x11 <- 0x40000000


mem[X,0x80003D98] -> 0x0213
mem[X,0x80003D9A] -> 0x0000
[381] [M]: 0x80003D98 (0x00000213) addi tp, zero, 0
x4 <- 0x00000000


mem[X,0x80003D9C] -> 0x006F
mem[X,0x80003D9E] -> 0x0180
[382] [M]: 0x80003D9C (0x0180006F) jal zero, 24


mem[X,0x80003DB4] -> 0x16E3
mem[X,0x80003DB6] -> 0xFEB5
[383] [M]: 0x80003DB4 (0xFEB516E3) bne a0, a1, 8172


mem[X,0x80003DA0] -> 0x0213
mem[X,0x80003DA2] -> 0x0012
[384] [M]: 0x80003DA0 (0x00120213) addi tp, tp, 1
x4 <- 0x00000001


mem[X,0x80003DA4] -> 0x006F
mem[X,0x80003DA6] -> 0x0240
[385] [M]: 0x80003DA4 (0x0240006F) jal zero, 36


mem[X,0x80003DC8] -> 0xAE23
mem[X,0x80003DCA] -> 0x0240
[386] [M]: 0x80003DC8 (0x0240AE23) sw tp, 60(ra)
mem[0x800392A4] <- 0x00000001


mem[X,0x80003DCC] -> 0x0513
mem[X,0x80003DCE] -> 0x0000
[387] [M]: 0x80003DCC (0x00000513) addi a0, zero, 0
x10 <- 0x00000000


mem[X,0x80003DD0] -> 0x05B7
mem[X,0x80003DD2] -> 0x8000
[388] [M]: 0x80003DD0 (0x800005B7) lui a1, 524288
x11 <- 0x80000000


mem[X,0x80003DD4] -> 0x0213
mem[X,0x80003DD6] -> 0x0000
[389] [M]: 0x80003DD4 (0x00000213) addi tp, zero, 0
x4 <- 0x00000000


mem[X,0x80003DD8] -> 0x006F
mem[X,0x80003DDA] -> 0x00C0
[390] [M]: 0x80003DD8 (0x00C0006F) jal zero, 12


mem[X,0x80003DE4] -> 0x1663
mem[X,0x80003DE6] -> 0x00B5
[391] [M]: 0x80003DE4 (0x00B51663) bne a0, a1, 12


mem[X,0x80003DF0] -> 0x0213
mem[X,0x80003DF2] -> 0x0032
[392] [M]: 0x80003DF0 (0x00320213) addi tp, tp, 3
x4 <- 0x00000003


mem[X,0x80003DF4] -> 0x006F
mem[X,0x80003DF6] -> 0x0040
[393] [M]: 0x80003DF4 (0x0040006F) jal zero, 4


mem[X,0x80003DF8] -> 0xA023
mem[X,0x80003DFA] -> 0x0440
[394] [M]: 0x80003DF8 (0x0440A023) sw tp, 64(ra)
mem[0x800392A8] <- 0x00000003


mem[X,0x80003DFC] -> 0x0537
mem[X,0x80003DFE] -> 0xFC00
[395] [M]: 0x80003DFC (0xFC000537) lui a0, 1032192
x10 <- 0xFC000000


mem[X,0x80003E00] -> 0x0513
mem[X,0x80003E02] -> 0xFFF5
[396] [M]: 0x80003E00 (0xFFF50513) addi a0, a0, 4095
x10 <- 0xFBFFFFFF


mem[X,0x80003E04] -> 0x0593
mem[X,0x80003E06] -> 0xFFE0
[397] [M]: 0x80003E04 (0xFFE00593) addi a1, zero, 4094
x11 <- 0xFFFFFFFE


mem[X,0x80003E08] -> 0x0213
mem[X,0x80003E0A] -> 0x0000
[398] [M]: 0x80003E08 (0x00000213) addi tp, zero, 0
x4 <- 0x00000000


mem[X,0x80003E0C] -> 0x006F
mem[X,0x80003E0E] -> 0x0050
[399] [M]: 0x80003E0C (0x0050006F) jal zero, 2052


clint::tick mtime <- 0x0000000000000004
 clint timer pending at mtime 0x0000000000000004
htif::tick 0x0000000000000000
mem[X,0x80004610] -> 0x10E3
mem[X,0x80004612] -> 0x80B5
[400] [M]: 0x80004610 (0x80B510E3) bne a0, a1, 6144


mem[X,0x80003E10] -> 0x0213
mem[X,0x80003E12] -> 0x0012
[401] [M]: 0x80003E10 (0x00120213) addi tp, tp, 1
x4 <- 0x00000001


mem[X,0x80003E14] -> 0x006F
mem[X,0x80003E16] -> 0x0110
[402] [M]: 0x80003E14 (0x0110006F) jal zero, 2064


mem[X,0x80004624] -> 0xA223
mem[X,0x80004626] -> 0x0440
[403] [M]: 0x80004624 (0x0440A223) sw tp, 68(ra)
mem[0x800392AC] <- 0x00000001


mem[X,0x80004628] -> 0x5537
mem[X,0x8000462A] -> 0x5555
[404] [M]: 0x80004628 (0x55555537) lui a0, 349525
x10 <- 0x55555000


mem[X,0x8000462C] -> 0x0513
mem[X,0x8000462E] -> 0x5565
[405] [M]: 0x8000462C (0x55650513) addi a0, a0, 1366
x10 <- 0x55555556


mem[X,0x80004630] -> 0x0593
mem[X,0x80004632] -> 0xFFD0
[406] [M]: 0x80004630 (0xFFD00593) addi a1, zero, 4093
x11 <- 0xFFFFFFFD


mem[X,0x80004634] -> 0x0213
mem[X,0x80004636] -> 0x0000
[407] [M]: 0x80004634 (0x00000213) addi tp, zero, 0
x4 <- 0x00000000


mem[X,0x80004638] -> 0x006F
mem[X,0x8000463A] -> 0x00C0
[408] [M]: 0x80004638 (0x00C0006F) jal zero, 12


mem[X,0x80004644] -> 0x1063
mem[X,0x80004646] -> 0x10B5
[409] [M]: 0x80004644 (0x10B51063) bne a0, a1, 256


mem[X,0x80004744] -> 0x0213
mem[X,0x80004746] -> 0x0032
[410] [M]: 0x80004744 (0x00320213) addi tp, tp, 3
x4 <- 0x00000003


mem[X,0x80004748] -> 0x006F
mem[X,0x8000474A] -> 0x0040
[411] [M]: 0x80004748 (0x0040006F) jal zero, 4


mem[X,0x8000474C] -> 0xA423
mem[X,0x8000474E] -> 0x0440
[412] [M]: 0x8000474C (0x0440A423) sw tp, 72(ra)
mem[0x800392B0] <- 0x00000003


mem[X,0x80004750] -> 0x6537
mem[X,0x80004752] -> 0x6666
[413] [M]: 0x80004750 (0x66666537) lui a0, 419430
x10 <- 0x66666000


mem[X,0x80004754] -> 0x0513
mem[X,0x80004756] -> 0x6665
[414] [M]: 0x80004754 (0x66650513) addi a0, a0, 1638
x10 <- 0x66666666


mem[X,0x80004758] -> 0x0593
mem[X,0x8000475A] -> 0xFFB0
[415] [M]: 0x80004758 (0xFFB00593) addi a1, zero, 4091
x11 <- 0xFFFFFFFB


mem[X,0x8000475C] -> 0x0213
mem[X,0x8000475E] -> 0x0000
[416] [M]: 0x8000475C (0x00000213) addi tp, zero, 0
x4 <- 0x00000000


mem[X,0x80004760] -> 0x006F
mem[X,0x80004762] -> 0x00C0
[417] [M]: 0x80004760 (0x00C0006F) jal zero, 12


mem[X,0x8000476C] -> 0x1CE3
mem[X,0x8000476E] -> 0xFEB5
[418] [M]: 0x8000476C (0xFEB51CE3) bne a0, a1, 8184


mem[X,0x80004764] -> 0x0213
mem[X,0x80004766] -> 0x0012
[419] [M]: 0x80004764 (0x00120213) addi tp, tp, 1
x4 <- 0x00000001


mem[X,0x80004768] -> 0x006F
mem[X,0x8000476A] -> 0x0180
[420] [M]: 0x80004768 (0x0180006F) jal zero, 24


mem[X,0x80004780] -> 0xA623
mem[X,0x80004782] -> 0x0440
[421] [M]: 0x80004780 (0x0440A623) sw tp, 76(ra)
mem[0x800392B4] <- 0x00000001


mem[X,0x80004784] -> 0x0537
mem[X,0x80004786] -> 0xFC00
[422] [M]: 0x80004784 (0xFC000537) lui a0, 1032192
x10 <- 0xFC000000


mem[X,0x80004788] -> 0x0513
mem[X,0x8000478A] -> 0xFFF5
[423] [M]: 0x80004788 (0xFFF50513) addi a0, a0, 4095
x10 <- 0xFBFFFFFF


mem[X,0x8000478C] -> 0x0593
mem[X,0x8000478E] -> 0xFF70
[424] [M]: 0x8000478C (0xFF700593) addi a1, zero, 4087
x11 <- 0xFFFFFFF7


mem[X,0x80004790] -> 0x0213
mem[X,0x80004792] -> 0x0000
[425] [M]: 0x80004790 (0x00000213) addi tp, zero, 0
x4 <- 0x00000000


mem[X,0x80004794] -> 0x006F
mem[X,0x80004796] -> 0x0140
[426] [M]: 0x80004794 (0x0140006F) jal zero, 20


mem[X,0x800047A8] -> 0x18E3
mem[X,0x800047AA] -> 0xFEB5
[427] [M]: 0x800047A8 (0xFEB518E3) bne a0, a1, 8176


mem[X,0x80004798] -> 0x0213
mem[X,0x8000479A] -> 0x0012
[428] [M]: 0x80004798 (0x00120213) addi tp, tp, 1
x4 <- 0x00000001


mem[X,0x8000479C] -> 0x006F
mem[X,0x8000479E] -> 0x0200
[429] [M]: 0x8000479C (0x0200006F) jal zero, 32


mem[X,0x800047BC] -> 0xA823
mem[X,0x800047BE] -> 0x0440
[430] [M]: 0x800047BC (0x0440A823) sw tp, 80(ra)
mem[0x800392B8] <- 0x00000001


mem[X,0x800047C0] -> 0x0537
mem[X,0x800047C2] -> 0x0002
[431] [M]: 0x800047C0 (0x00020537) lui a0, 32
x10 <- 0x00020000


mem[X,0x800047C4] -> 0x0593
mem[X,0x800047C6] -> 0xFDF0
[432] [M]: 0x800047C4 (0xFDF00593) addi a1, zero, 4063
x11 <- 0xFFFFFFDF


mem[X,0x800047C8] -> 0x0213
mem[X,0x800047CA] -> 0x0000
[433] [M]: 0x800047C8 (0x00000213) addi tp, zero, 0
x4 <- 0x00000000


mem[X,0x800047CC] -> 0x006F
mem[X,0x800047CE] -> 0x00C0
[434] [M]: 0x800047CC (0x00C0006F) jal zero, 12


mem[X,0x800047D8] -> 0x1663
mem[X,0x800047DA] -> 0x00B5
[435] [M]: 0x800047D8 (0x00B51663) bne a0, a1, 12


mem[X,0x800047E4] -> 0x0213
mem[X,0x800047E6] -> 0x0032
[436] [M]: 0x800047E4 (0x00320213) addi tp, tp, 3
x4 <- 0x00000003


mem[X,0x800047E8] -> 0x006F
mem[X,0x800047EA] -> 0x0040
[437] [M]: 0x800047E8 (0x0040006F) jal zero, 4


mem[X,0x800047EC] -> 0xAA23
mem[X,0x800047EE] -> 0x0440
[438] [M]: 0x800047EC (0x0440AA23) sw tp, 84(ra)
mem[0x800392BC] <- 0x00000003


mem[X,0x800047F0] -> 0x6537
mem[X,0x800047F2] -> 0x6666
[439] [M]: 0x800047F0 (0x66666537) lui a0, 419430
x10 <- 0x66666000


mem[X,0x800047F4] -> 0x0513
mem[X,0x800047F6] -> 0x6655
[440] [M]: 0x800047F4 (0x66550513) addi a0, a0, 1637
x10 <- 0x66666665


mem[X,0x800047F8] -> 0x0593
mem[X,0x800047FA] -> 0xFBF0
[441] [M]: 0x800047F8 (0xFBF00593) addi a1, zero, 4031
x11 <- 0xFFFFFFBF


mem[X,0x800047FC] -> 0x0213
mem[X,0x800047FE] -> 0x0000
[442] [M]: 0x800047FC (0x00000213) addi tp, zero, 0
x4 <- 0x00000000


mem[X,0x80004800] -> 0x006F
mem[X,0x80004802] -> 0x2B10
[443] [M]: 0x80004800 (0x2B10006F) jal zero, 2736


mem[X,0x800052B0] -> 0x1A63
mem[X,0x800052B2] -> 0xD4B5
[444] [M]: 0x800052B0 (0xD4B51A63) bne a0, a1, 5460


mem[X,0x80004804] -> 0x0213
mem[X,0x80004806] -> 0x0012
[445] [M]: 0x80004804 (0x00120213) addi tp, tp, 1
x4 <- 0x00000001


mem[X,0x80004808] -> 0x006F
mem[X,0x8000480A] -> 0x2BD0
[446] [M]: 0x80004808 (0x2BD0006F) jal zero, 2748


mem[X,0x800052C4] -> 0xAC23
mem[X,0x800052C6] -> 0x0440
[447] [M]: 0x800052C4 (0x0440AC23) sw tp, 88(ra)
mem[0x800392C0] <- 0x00000001


mem[X,0x800052C8] -> 0x0513
mem[X,0x800052CA] -> 0x0100
[448] [M]: 0x800052C8 (0x01000513) addi a0, zero, 16
x10 <- 0x00000010


mem[X,0x800052CC] -> 0x0593
mem[X,0x800052CE] -> 0xF7F0
[449] [M]: 0x800052CC (0xF7F00593) addi a1, zero, 3967
x11 <- 0xFFFFFF7F


mem[X,0x800052D0] -> 0x0213
mem[X,0x800052D2] -> 0x0000
[450] [M]: 0x800052D0 (0x00000213) addi tp, zero, 0
x4 <- 0x00000000


mem[X,0x800052D4] -> 0x006F
mem[X,0x800052D6] -> 0x00C0
[451] [M]: 0x800052D4 (0x00C0006F) jal zero, 12


mem[X,0x800052E0] -> 0x1063
mem[X,0x800052E2] -> 0x10B5
[452] [M]: 0x800052E0 (0x10B51063) bne a0, a1, 256


mem[X,0x800053E0] -> 0x0213
mem[X,0x800053E2] -> 0x0032
[453] [M]: 0x800053E0 (0x00320213) addi tp, tp, 3
x4 <- 0x00000003


mem[X,0x800053E4] -> 0x006F
mem[X,0x800053E6] -> 0x0040
[454] [M]: 0x800053E4 (0x0040006F) jal zero, 4


mem[X,0x800053E8] -> 0xAE23
mem[X,0x800053EA] -> 0x0440
[455] [M]: 0x800053E8 (0x0440AE23) sw tp, 92(ra)
mem[0x800392C4] <- 0x00000003


mem[X,0x800053EC] -> 0x0537
mem[X,0x800053EE] -> 0xFFFC
[456] [M]: 0x800053EC (0xFFFC0537) lui a0, 1048512
x10 <- 0xFFFC0000


mem[X,0x800053F0] -> 0x0513
mem[X,0x800053F2] -> 0xFFF5
[457] [M]: 0x800053F0 (0xFFF50513) addi a0, a0, 4095
x10 <- 0xFFFBFFFF


mem[X,0x800053F4] -> 0x0593
mem[X,0x800053F6] -> 0xEFF0
[458] [M]: 0x800053F4 (0xEFF00593) addi a1, zero, 3839
x11 <- 0xFFFFFEFF


mem[X,0x800053F8] -> 0x0213
mem[X,0x800053FA] -> 0x0000
[459] [M]: 0x800053F8 (0x00000213) addi tp, zero, 0
x4 <- 0x00000000


mem[X,0x800053FC] -> 0x006F
mem[X,0x800053FE] -> 0x00C0
[460] [M]: 0x800053FC (0x00C0006F) jal zero, 12


mem[X,0x80005408] -> 0x1663
mem[X,0x8000540A] -> 0x00B5
[461] [M]: 0x80005408 (0x00B51663) bne a0, a1, 12


mem[X,0x80005414] -> 0x0213
mem[X,0x80005416] -> 0x0032
[462] [M]: 0x80005414 (0x00320213) addi tp, tp, 3
x4 <- 0x00000003


mem[X,0x80005418] -> 0x006F
mem[X,0x8000541A] -> 0x0040
[463] [M]: 0x80005418 (0x0040006F) jal zero, 4


mem[X,0x8000541C] -> 0xA023
mem[X,0x8000541E] -> 0x0640
[464] [M]: 0x8000541C (0x0640A023) sw tp, 96(ra)
mem[0x800392C8] <- 0x00000003


mem[X,0x80005420] -> 0x0537
mem[X,0x80005422] -> 0xFFC0
[465] [M]: 0x80005420 (0xFFC00537) lui a0, 1047552
x10 <- 0xFFC00000


mem[X,0x80005424] -> 0x0513
mem[X,0x80005426] -> 0xFFF5
[466] [M]: 0x80005424 (0xFFF50513) addi a0, a0, 4095
x10 <- 0xFFBFFFFF


mem[X,0x80005428] -> 0x0593
mem[X,0x8000542A] -> 0xDFF0
[467] [M]: 0x80005428 (0xDFF00593) addi a1, zero, 3583
x11 <- 0xFFFFFDFF


mem[X,0x8000542C] -> 0x0213
mem[X,0x8000542E] -> 0x0000
[468] [M]: 0x8000542C (0x00000213) addi tp, zero, 0
x4 <- 0x00000000


mem[X,0x80005430] -> 0x006F
mem[X,0x80005432] -> 0x2B10
[469] [M]: 0x80005430 (0x2B10006F) jal zero, 2736


mem[X,0x80005EE0] -> 0x1A63
mem[X,0x80005EE2] -> 0xD4B5
[470] [M]: 0x80005EE0 (0xD4B51A63) bne a0, a1, 5460


mem[X,0x80005434] -> 0x0213
mem[X,0x80005436] -> 0x0012
[471] [M]: 0x80005434 (0x00120213) addi tp, tp, 1
x4 <- 0x00000001


mem[X,0x80005438] -> 0x006F
mem[X,0x8000543A] -> 0x2BD0
[472] [M]: 0x80005438 (0x2BD0006F) jal zero, 2748


mem[X,0x80005EF4] -> 0xA223
mem[X,0x80005EF6] -> 0x0640
[473] [M]: 0x80005EF4 (0x0640A223) sw tp, 100(ra)
mem[0x800392CC] <- 0x00000001


mem[X,0x80005EF8] -> 0x0537
mem[X,0x80005EFA] -> 0x4000
[474] [M]: 0x80005EF8 (0x40000537) lui a0, 262144
x10 <- 0x40000000


mem[X,0x80005EFC] -> 0x0593
mem[X,0x80005EFE] -> 0xBFF0
[475] [M]: 0x80005EFC (0xBFF00593) addi a1, zero, 3071
x11 <- 0xFFFFFBFF


mem[X,0x80005F00] -> 0x0213
mem[X,0x80005F02] -> 0x0000
[476] [M]: 0x80005F00 (0x00000213) addi tp, zero, 0
x4 <- 0x00000000


mem[X,0x80005F04] -> 0x006F
mem[X,0x80005F06] -> 0x00C0
[477] [M]: 0x80005F04 (0x00C0006F) jal zero, 12


mem[X,0x80005F10] -> 0x1863
mem[X,0x80005F12] -> 0x00B5
[478] [M]: 0x80005F10 (0x00B51863) bne a0, a1, 16


mem[X,0x80005F20] -> 0x0213
mem[X,0x80005F22] -> 0x0032
[479] [M]: 0x80005F20 (0x00320213) addi tp, tp, 3
x4 <- 0x00000003


mem[X,0x80005F24] -> 0x006F
mem[X,0x80005F26] -> 0x0040
[480] [M]: 0x80005F24 (0x0040006F) jal zero, 4


mem[X,0x80005F28] -> 0xA423
mem[X,0x80005F2A] -> 0x0640
[481] [M]: 0x80005F28 (0x0640A423) sw tp, 104(ra)
mem[0x800392D0] <- 0x00000003


mem[X,0x80005F2C] -> 0x0537
mem[X,0x80005F2E] -> 0xFFF8
[482] [M]: 0x80005F2C (0xFFF80537) lui a0, 1048448
x10 <- 0xFFF80000


mem[X,0x80005F30] -> 0x0513
mem[X,0x80005F32] -> 0xFFF5
[483] [M]: 0x80005F30 (0xFFF50513) addi a0, a0, 4095
x10 <- 0xFFF7FFFF


mem[X,0x80005F34] -> 0xF5B7
mem[X,0x80005F36] -> 0xFFFF
[484] [M]: 0x80005F34 (0xFFFFF5B7) lui a1, 1048575
x11 <- 0xFFFFF000


mem[X,0x80005F38] -> 0x8593
mem[X,0x80005F3A] -> 0x7FF5
[485] [M]: 0x80005F38 (0x7FF58593) addi a1, a1, 2047
x11 <- 0xFFFFF7FF


mem[X,0x80005F3C] -> 0x0213
mem[X,0x80005F3E] -> 0x0000
[486] [M]: 0x80005F3C (0x00000213) addi tp, zero, 0
x4 <- 0x00000000


mem[X,0x80005F40] -> 0x006F
mem[X,0x80005F42] -> 0x00C0
[487] [M]: 0x80005F40 (0x00C0006F) jal zero, 12


mem[X,0x80005F4C] -> 0x1663
mem[X,0x80005F4E] -> 0x00B5
[488] [M]: 0x80005F4C (0x00B51663) bne a0, a1, 12


mem[X,0x80005F58] -> 0x0213
mem[X,0x80005F5A] -> 0x0032
[489] [M]: 0x80005F58 (0x00320213) addi tp, tp, 3
x4 <- 0x00000003


mem[X,0x80005F5C] -> 0x006F
mem[X,0x80005F5E] -> 0x0040
[490] [M]: 0x80005F5C (0x0040006F) jal zero, 4


mem[X,0x80005F60] -> 0xA623
mem[X,0x80005F62] -> 0x0640
[491] [M]: 0x80005F60 (0x0640A623) sw tp, 108(ra)
mem[0x800392D4] <- 0x00000003


mem[X,0x80005F64] -> 0xB537
mem[X,0x80005F66] -> 0x0000
[492] [M]: 0x80005F64 (0x0000B537) lui a0, 11
x10 <- 0x0000B000


mem[X,0x80005F68] -> 0x0513
mem[X,0x80005F6A] -> 0x5045
[493] [M]: 0x80005F68 (0x50450513) addi a0, a0, 1284
x10 <- 0x0000B504


mem[X,0x80005F6C] -> 0xE5B7
mem[X,0x80005F6E] -> 0xFFFF
[494] [M]: 0x80005F6C (0xFFFFE5B7) lui a1, 1048574
x11 <- 0xFFFFE000


mem[X,0x80005F70] -> 0x8593
mem[X,0x80005F72] -> 0xFFF5
[495] [M]: 0x80005F70 (0xFFF58593) addi a1, a1, 4095
x11 <- 0xFFFFDFFF


mem[X,0x80005F74] -> 0x0213
mem[X,0x80005F76] -> 0x0000
[496] [M]: 0x80005F74 (0x00000213) addi tp, zero, 0
x4 <- 0x00000000


mem[X,0x80005F78] -> 0x006F
mem[X,0x80005F7A] -> 0x0100
[497] [M]: 0x80005F78 (0x0100006F) jal zero, 16


mem[X,0x80005F88] -> 0x1AE3
mem[X,0x80005F8A] -> 0xFEB5
[498] [M]: 0x80005F88 (0xFEB51AE3) bne a0, a1, 8180


mem[X,0x80005F7C] -> 0x0213
mem[X,0x80005F7E] -> 0x0012
[499] [M]: 0x80005F7C (0x00120213) addi tp, tp, 1
x4 <- 0x00000001


clint::tick mtime <- 0x0000000000000005
 clint timer pending at mtime 0x0000000000000005
htif::tick 0x0000000000000000
mem[X,0x80005F80] -> 0x006F
mem[X,0x80005F82] -> 0x01C0
[500] [M]: 0x80005F80 (0x01C0006F) jal zero, 28


mem[X,0x80005F9C] -> 0xA823
mem[X,0x80005F9E] -> 0x0640
[501] [M]: 0x80005F9C (0x0640A823) sw tp, 112(ra)
mem[0x800392D8] <- 0x00000001


mem[X,0x80005FA0] -> 0x0513
mem[X,0x80005FA2] -> 0xFFC0
[502] [M]: 0x80005FA0 (0xFFC00513) addi a0, zero, 4092
x10 <- 0xFFFFFFFC


mem[X,0x80005FA4] -> 0xC5B7
mem[X,0x80005FA6] -> 0xFFFF
[503] [M]: 0x80005FA4 (0xFFFFC5B7) lui a1, 1048572
x11 <- 0xFFFFC000


mem[X,0x80005FA8] -> 0x8593
mem[X,0x80005FAA] -> 0xFFF5
[504] [M]: 0x80005FA8 (0xFFF58593) addi a1, a1, 4095
x11 <- 0xFFFFBFFF


mem[X,0x80005FAC] -> 0x0213
mem[X,0x80005FAE] -> 0x0000
[505] [M]: 0x80005FAC (0x00000213) addi tp, zero, 0
x4 <- 0x00000000


mem[X,0x80005FB0] -> 0x006F
mem[X,0x80005FB2] -> 0x00C0
[506] [M]: 0x80005FB0 (0x00C0006F) jal zero, 12


mem[X,0x80005FBC] -> 0x1CE3
mem[X,0x80005FBE] -> 0xFEB5
[507] [M]: 0x80005FBC (0xFEB51CE3) bne a0, a1, 8184


mem[X,0x80005FB4] -> 0x0213
mem[X,0x80005FB6] -> 0x0012
[508] [M]: 0x80005FB4 (0x00120213) addi tp, tp, 1
x4 <- 0x00000001


mem[X,0x80005FB8] -> 0x006F
mem[X,0x80005FBA] -> 0x0180
[509] [M]: 0x80005FB8 (0x0180006F) jal zero, 24


mem[X,0x80005FD0] -> 0xAA23
mem[X,0x80005FD2] -> 0x0640
[510] [M]: 0x80005FD0 (0x0640AA23) sw tp, 116(ra)
mem[0x800392DC] <- 0x00000001


mem[X,0x80005FD4] -> 0x0537
mem[X,0x80005FD6] -> 0xFFFE
[511] [M]: 0x80005FD4 (0xFFFE0537) lui a0, 1048544
x10 <- 0xFFFE0000


mem[X,0x80005FD8] -> 0x0513
mem[X,0x80005FDA] -> 0xFFF5
[512] [M]: 0x80005FD8 (0xFFF50513) addi a0, a0, 4095
x10 <- 0xFFFDFFFF


mem[X,0x80005FDC] -> 0x85B7
mem[X,0x80005FDE] -> 0xFFFF
[513] [M]: 0x80005FDC (0xFFFF85B7) lui a1, 1048568
x11 <- 0xFFFF8000


mem[X,0x80005FE0] -> 0x8593
mem[X,0x80005FE2] -> 0xFFF5
[514] [M]: 0x80005FE0 (0xFFF58593) addi a1, a1, 4095
x11 <- 0xFFFF7FFF


mem[X,0x80005FE4] -> 0x0213
mem[X,0x80005FE6] -> 0x0000
[515] [M]: 0x80005FE4 (0x00000213) addi tp, zero, 0
x4 <- 0x00000000


mem[X,0x80005FE8] -> 0x006F
mem[X,0x80005FEA] -> 0x00C0
[516] [M]: 0x80005FE8 (0x00C0006F) jal zero, 12


mem[X,0x80005FF4] -> 0x1063
mem[X,0x80005FF6] -> 0x40B5
[517] [M]: 0x80005FF4 (0x40B51063) bne a0, a1, 1024


mem[X,0x800063F4] -> 0x0213
mem[X,0x800063F6] -> 0x0032
[518] [M]: 0x800063F4 (0x00320213) addi tp, tp, 3
x4 <- 0x00000003


mem[X,0x800063F8] -> 0x006F
mem[X,0x800063FA] -> 0x0040
[519] [M]: 0x800063F8 (0x0040006F) jal zero, 4


mem[X,0x800063FC] -> 0xAC23
mem[X,0x800063FE] -> 0x0640
[520] [M]: 0x800063FC (0x0640AC23) sw tp, 120(ra)
mem[0x800392E0] <- 0x00000003


mem[X,0x80006400] -> 0x0513
mem[X,0x80006402] -> 0x0000
[521] [M]: 0x80006400 (0x00000513) addi a0, zero, 0
x10 <- 0x00000000


mem[X,0x80006404] -> 0x05B7
mem[X,0x80006406] -> 0xFFFF
[522] [M]: 0x80006404 (0xFFFF05B7) lui a1, 1048560
x11 <- 0xFFFF0000


mem[X,0x80006408] -> 0x8593
mem[X,0x8000640A] -> 0xFFF5
[523] [M]: 0x80006408 (0xFFF58593) addi a1, a1, 4095
x11 <- 0xFFFEFFFF


mem[X,0x8000640C] -> 0x0213
mem[X,0x8000640E] -> 0x0000
[524] [M]: 0x8000640C (0x00000213) addi tp, zero, 0
x4 <- 0x00000000


mem[X,0x80006410] -> 0x006F
mem[X,0x80006412] -> 0x00C0
[525] [M]: 0x80006410 (0x00C0006F) jal zero, 12


mem[X,0x8000641C] -> 0x1663
mem[X,0x8000641E] -> 0x00B5
[526] [M]: 0x8000641C (0x00B51663) bne a0, a1, 12


mem[X,0x80006428] -> 0x0213
mem[X,0x8000642A] -> 0x0032
[527] [M]: 0x80006428 (0x00320213) addi tp, tp, 3
x4 <- 0x00000003


mem[X,0x8000642C] -> 0x006F
mem[X,0x8000642E] -> 0x0040
[528] [M]: 0x8000642C (0x0040006F) jal zero, 4


mem[X,0x80006430] -> 0xAE23
mem[X,0x80006432] -> 0x0640
[529] [M]: 0x80006430 (0x0640AE23) sw tp, 124(ra)
mem[0x800392E4] <- 0x00000003


mem[X,0x80006434] -> 0x0537
mem[X,0x80006436] -> 0xC000
[530] [M]: 0x80006434 (0xC0000537) lui a0, 786432
x10 <- 0xC0000000


mem[X,0x80006438] -> 0x05B7
mem[X,0x8000643A] -> 0xFFFE
[531] [M]: 0x80006438 (0xFFFE05B7) lui a1, 1048544
x11 <- 0xFFFE0000


mem[X,0x8000643C] -> 0x8593
mem[X,0x8000643E] -> 0xFFF5
[532] [M]: 0x8000643C (0xFFF58593) addi a1, a1, 4095
x11 <- 0xFFFDFFFF


mem[X,0x80006440] -> 0x0213
mem[X,0x80006442] -> 0x0000
[533] [M]: 0x80006440 (0x00000213) addi tp, zero, 0
x4 <- 0x00000000


mem[X,0x80006444] -> 0x006F
mem[X,0x80006446] -> 0x00C0
[534] [M]: 0x80006444 (0x00C0006F) jal zero, 12


mem[X,0x80006450] -> 0x1663
mem[X,0x80006452] -> 0x00B5
[535] [M]: 0x80006450 (0x00B51663) bne a0, a1, 12


mem[X,0x8000645C] -> 0x0213
mem[X,0x8000645E] -> 0x0032
[536] [M]: 0x8000645C (0x00320213) addi tp, tp, 3
x4 <- 0x00000003


mem[X,0x80006460] -> 0x006F
mem[X,0x80006462] -> 0x0040
[537] [M]: 0x80006460 (0x0040006F) jal zero, 4


mem[X,0x80006464] -> 0xA023
mem[X,0x80006466] -> 0x0840
[538] [M]: 0x80006464 (0x0840A023) sw tp, 128(ra)
mem[0x800392E8] <- 0x00000003


mem[X,0x80006468] -> 0x0513
mem[X,0x8000646A] -> 0x0800
[539] [M]: 0x80006468 (0x08000513) addi a0, zero, 128
x10 <- 0x00000080


mem[X,0x8000646C] -> 0x05B7
mem[X,0x8000646E] -> 0xFFFC
[540] [M]: 0x8000646C (0xFFFC05B7) lui a1, 1048512
x11 <- 0xFFFC0000


mem[X,0x80006470] -> 0x8593
mem[X,0x80006472] -> 0xFFF5
[541] [M]: 0x80006470 (0xFFF58593) addi a1, a1, 4095
x11 <- 0xFFFBFFFF


mem[X,0x80006474] -> 0x0213
mem[X,0x80006476] -> 0x0000
[542] [M]: 0x80006474 (0x00000213) addi tp, zero, 0
x4 <- 0x00000000


mem[X,0x80006478] -> 0x006F
mem[X,0x8000647A] -> 0x00C0
[543] [M]: 0x80006478 (0x00C0006F) jal zero, 12


mem[X,0x80006484] -> 0x1663
mem[X,0x80006486] -> 0x00B5
[544] [M]: 0x80006484 (0x00B51663) bne a0, a1, 12


mem[X,0x80006490] -> 0x0213
mem[X,0x80006492] -> 0x0032
[545] [M]: 0x80006490 (0x00320213) addi tp, tp, 3
x4 <- 0x00000003


mem[X,0x80006494] -> 0x006F
mem[X,0x80006496] -> 0x0040
[546] [M]: 0x80006494 (0x0040006F) jal zero, 4


mem[X,0x80006498] -> 0xA223
mem[X,0x8000649A] -> 0x0840
[547] [M]: 0x80006498 (0x0840A223) sw tp, 132(ra)
mem[0x800392EC] <- 0x00000003


mem[X,0x8000649C] -> 0x0513
mem[X,0x8000649E] -> 0x4000
[548] [M]: 0x8000649C (0x40000513) addi a0, zero, 1024
x10 <- 0x00000400


mem[X,0x800064A0] -> 0x05B7
mem[X,0x800064A2] -> 0xFFF8
[549] [M]: 0x800064A0 (0xFFF805B7) lui a1, 1048448
x11 <- 0xFFF80000


mem[X,0x800064A4] -> 0x8593
mem[X,0x800064A6] -> 0xFFF5
[550] [M]: 0x800064A4 (0xFFF58593) addi a1, a1, 4095
x11 <- 0xFFF7FFFF


mem[X,0x800064A8] -> 0x0213
mem[X,0x800064AA] -> 0x0000
[551] [M]: 0x800064A8 (0x00000213) addi tp, zero, 0
x4 <- 0x00000000


mem[X,0x800064AC] -> 0x006F
mem[X,0x800064AE] -> 0x00C0
[552] [M]: 0x800064AC (0x00C0006F) jal zero, 12


mem[X,0x800064B8] -> 0x1063
mem[X,0x800064BA] -> 0x10B5
[553] [M]: 0x800064B8 (0x10B51063) bne a0, a1, 256


mem[X,0x800065B8] -> 0x0213
mem[X,0x800065BA] -> 0x0032
[554] [M]: 0x800065B8 (0x00320213) addi tp, tp, 3
x4 <- 0x00000003


mem[X,0x800065BC] -> 0x006F
mem[X,0x800065BE] -> 0x0040
[555] [M]: 0x800065BC (0x0040006F) jal zero, 4


mem[X,0x800065C0] -> 0xA423
mem[X,0x800065C2] -> 0x0840
[556] [M]: 0x800065C0 (0x0840A423) sw tp, 136(ra)
mem[0x800392F0] <- 0x00000003


mem[X,0x800065C4] -> 0x0513
mem[X,0x800065C6] -> 0x0000
[557] [M]: 0x800065C4 (0x00000513) addi a0, zero, 0
x10 <- 0x00000000


mem[X,0x800065C8] -> 0x05B7
mem[X,0x800065CA] -> 0xFFF0
[558] [M]: 0x800065C8 (0xFFF005B7) lui a1, 1048320
x11 <- 0xFFF00000


mem[X,0x800065CC] -> 0x8593
mem[X,0x800065CE] -> 0xFFF5
[559] [M]: 0x800065CC (0xFFF58593) addi a1, a1, 4095
x11 <- 0xFFEFFFFF


mem[X,0x800065D0] -> 0x0213
mem[X,0x800065D2] -> 0x0000
[560] [M]: 0x800065D0 (0x00000213) addi tp, zero, 0
x4 <- 0x00000000


mem[X,0x800065D4] -> 0x006F
mem[X,0x800065D6] -> 0x00C0
[561] [M]: 0x800065D4 (0x00C0006F) jal zero, 12


mem[X,0x800065E0] -> 0x1063
mem[X,0x800065E2] -> 0x10B5
[562] [M]: 0x800065E0 (0x10B51063) bne a0, a1, 256


mem[X,0x800066E0] -> 0x0213
mem[X,0x800066E2] -> 0x0032
[563] [M]: 0x800066E0 (0x00320213) addi tp, tp, 3
x4 <- 0x00000003


mem[X,0x800066E4] -> 0x006F
mem[X,0x800066E6] -> 0x0040
[564] [M]: 0x800066E4 (0x0040006F) jal zero, 4


mem[X,0x800066E8] -> 0xA623
mem[X,0x800066EA] -> 0x0840
[565] [M]: 0x800066E8 (0x0840A623) sw tp, 140(ra)
mem[0x800392F4] <- 0x00000003


mem[X,0x800066EC] -> 0x0513
mem[X,0x800066EE] -> 0x0060
[566] [M]: 0x800066EC (0x00600513) addi a0, zero, 6
x10 <- 0x00000006


mem[X,0x800066F0] -> 0x05B7
mem[X,0x800066F2] -> 0xFFE0
[567] [M]: 0x800066F0 (0xFFE005B7) lui a1, 1048064
x11 <- 0xFFE00000


mem[X,0x800066F4] -> 0x8593
mem[X,0x800066F6] -> 0xFFF5
[568] [M]: 0x800066F4 (0xFFF58593) addi a1, a1, 4095
x11 <- 0xFFDFFFFF


mem[X,0x800066F8] -> 0x0213
mem[X,0x800066FA] -> 0x0000
[569] [M]: 0x800066F8 (0x00000213) addi tp, zero, 0
x4 <- 0x00000000


mem[X,0x800066FC] -> 0x006F
mem[X,0x800066FE] -> 0x00C0
[570] [M]: 0x800066FC (0x00C0006F) jal zero, 12


mem[X,0x80006708] -> 0x1063
mem[X,0x8000670A] -> 0x20B5
[571] [M]: 0x80006708 (0x20B51063) bne a0, a1, 512


mem[X,0x80006908] -> 0x0213
mem[X,0x8000690A] -> 0x0032
[572] [M]: 0x80006908 (0x00320213) addi tp, tp, 3
x4 <- 0x00000003


mem[X,0x8000690C] -> 0x006F
mem[X,0x8000690E] -> 0x0040
[573] [M]: 0x8000690C (0x0040006F) jal zero, 4


mem[X,0x80006910] -> 0xA823
mem[X,0x80006912] -> 0x0840
[574] [M]: 0x80006910 (0x0840A823) sw tp, 144(ra)
mem[0x800392F8] <- 0x00000003


mem[X,0x80006914] -> 0x0537
mem[X,0x80006916] -> 0x8000
[575] [M]: 0x80006914 (0x80000537) lui a0, 524288
x10 <- 0x80000000


mem[X,0x80006918] -> 0x05B7
mem[X,0x8000691A] -> 0xFFC0
[576] [M]: 0x80006918 (0xFFC005B7) lui a1, 1047552
x11 <- 0xFFC00000


mem[X,0x8000691C] -> 0x8593
mem[X,0x8000691E] -> 0xFFF5
[577] [M]: 0x8000691C (0xFFF58593) addi a1, a1, 4095
x11 <- 0xFFBFFFFF


mem[X,0x80006920] -> 0x0213
mem[X,0x80006922] -> 0x0000
[578] [M]: 0x80006920 (0x00000213) addi tp, zero, 0
x4 <- 0x00000000


mem[X,0x80006924] -> 0x006F
mem[X,0x80006926] -> 0x00C0
[579] [M]: 0x80006924 (0x00C0006F) jal zero, 12


mem[X,0x80006930] -> 0x1663
mem[X,0x80006932] -> 0x00B5
[580] [M]: 0x80006930 (0x00B51663) bne a0, a1, 12


mem[X,0x8000693C] -> 0x0213
mem[X,0x8000693E] -> 0x0032
[581] [M]: 0x8000693C (0x00320213) addi tp, tp, 3
x4 <- 0x00000003


mem[X,0x80006940] -> 0x006F
mem[X,0x80006942] -> 0x0040
[582] [M]: 0x80006940 (0x0040006F) jal zero, 4


mem[X,0x80006944] -> 0xAA23
mem[X,0x80006946] -> 0x0840
[583] [M]: 0x80006944 (0x0840AA23) sw tp, 148(ra)
mem[0x800392FC] <- 0x00000003


mem[X,0x80006948] -> 0x0513
mem[X,0x8000694A] -> 0x0030
[584] [M]: 0x80006948 (0x00300513) addi a0, zero, 3
x10 <- 0x00000003


mem[X,0x8000694C] -> 0x05B7
mem[X,0x8000694E] -> 0xFF80
[585] [M]: 0x8000694C (0xFF8005B7) lui a1, 1046528
x11 <- 0xFF800000


mem[X,0x80006950] -> 0x8593
mem[X,0x80006952] -> 0xFFF5
[586] [M]: 0x80006950 (0xFFF58593) addi a1, a1, 4095
x11 <- 0xFF7FFFFF


mem[X,0x80006954] -> 0x0213
mem[X,0x80006956] -> 0x0000
[587] [M]: 0x80006954 (0x00000213) addi tp, zero, 0
x4 <- 0x00000000


mem[X,0x80006958] -> 0x006F
mem[X,0x8000695A] -> 0x00C0
[588] [M]: 0x80006958 (0x00C0006F) jal zero, 12


mem[X,0x80006964] -> 0x1863
mem[X,0x80006966] -> 0x00B5
[589] [M]: 0x80006964 (0x00B51863) bne a0, a1, 16


mem[X,0x80006974] -> 0x0213
mem[X,0x80006976] -> 0x0032
[590] [M]: 0x80006974 (0x00320213) addi tp, tp, 3
x4 <- 0x00000003


mem[X,0x80006978] -> 0x006F
mem[X,0x8000697A] -> 0x0040
[591] [M]: 0x80006978 (0x0040006F) jal zero, 4


mem[X,0x8000697C] -> 0xAC23
mem[X,0x8000697E] -> 0x0840
[592] [M]: 0x8000697C (0x0840AC23) sw tp, 152(ra)
mem[0x80039300] <- 0x00000003


mem[X,0x80006980] -> 0x0513
mem[X,0x80006982] -> 0x0040
[593] [M]: 0x80006980 (0x00400513) addi a0, zero, 4
x10 <- 0x00000004


mem[X,0x80006984] -> 0x05B7
mem[X,0x80006986] -> 0xFF00
[594] [M]: 0x80006984 (0xFF0005B7) lui a1, 1044480
x11 <- 0xFF000000


mem[X,0x80006988] -> 0x8593
mem[X,0x8000698A] -> 0xFFF5
[595] [M]: 0x80006988 (0xFFF58593) addi a1, a1, 4095
x11 <- 0xFEFFFFFF


mem[X,0x8000698C] -> 0x0213
mem[X,0x8000698E] -> 0x0000
[596] [M]: 0x8000698C (0x00000213) addi tp, zero, 0
x4 <- 0x00000000


mem[X,0x80006990] -> 0x006F
mem[X,0x80006992] -> 0x00C0
[597] [M]: 0x80006990 (0x00C0006F) jal zero, 12


mem[X,0x8000699C] -> 0x1063
mem[X,0x8000699E] -> 0x08B5
[598] [M]: 0x8000699C (0x08B51063) bne a0, a1, 128


mem[X,0x80006A1C] -> 0x0213
mem[X,0x80006A1E] -> 0x0032
[599] [M]: 0x80006A1C (0x00320213) addi tp, tp, 3
x4 <- 0x00000003


clint::tick mtime <- 0x0000000000000006
 clint timer pending at mtime 0x0000000000000006
htif::tick 0x0000000000000000
mem[X,0x80006A20] -> 0x006F
mem[X,0x80006A22] -> 0x0040
[600] [M]: 0x80006A20 (0x0040006F) jal zero, 4


mem[X,0x80006A24] -> 0xAE23
mem[X,0x80006A26] -> 0x0840
[601] [M]: 0x80006A24 (0x0840AE23) sw tp, 156(ra)
mem[0x80039304] <- 0x00000003


mem[X,0x80006A28] -> 0x0513
mem[X,0x80006A2A] -> 0xFFF0
[602] [M]: 0x80006A28 (0xFFF00513) addi a0, zero, 4095
x10 <- 0xFFFFFFFF


mem[X,0x80006A2C] -> 0x05B7
mem[X,0x80006A2E] -> 0xFE00
[603] [M]: 0x80006A2C (0xFE0005B7) lui a1, 1040384
x11 <- 0xFE000000


mem[X,0x80006A30] -> 0x8593
mem[X,0x80006A32] -> 0xFFF5
[604] [M]: 0x80006A30 (0xFFF58593) addi a1, a1, 4095
x11 <- 0xFDFFFFFF


mem[X,0x80006A34] -> 0x0213
mem[X,0x80006A36] -> 0x0000
[605] [M]: 0x80006A34 (0x00000213) addi tp, zero, 0
x4 <- 0x00000000


mem[X,0x80006A38] -> 0x006F
mem[X,0x80006A3A] -> 0x00C0
[606] [M]: 0x80006A38 (0x00C0006F) jal zero, 12


mem[X,0x80006A44] -> 0x1063
mem[X,0x80006A46] -> 0x04B5
[607] [M]: 0x80006A44 (0x04B51063) bne a0, a1, 64


mem[X,0x80006A84] -> 0x0213
mem[X,0x80006A86] -> 0x0032
[608] [M]: 0x80006A84 (0x00320213) addi tp, tp, 3
x4 <- 0x00000003


mem[X,0x80006A88] -> 0x006F
mem[X,0x80006A8A] -> 0x0040
[609] [M]: 0x80006A88 (0x0040006F) jal zero, 4


mem[X,0x80006A8C] -> 0xA023
mem[X,0x80006A8E] -> 0x0A40
[610] [M]: 0x80006A8C (0x0A40A023) sw tp, 160(ra)
mem[0x80039308] <- 0x00000003


mem[X,0x80006A90] -> 0x0513
mem[X,0x80006A92] -> 0x0070
[611] [M]: 0x80006A90 (0x00700513) addi a0, zero, 7
x10 <- 0x00000007


mem[X,0x80006A94] -> 0x05B7
mem[X,0x80006A96] -> 0xFC00
[612] [M]: 0x80006A94 (0xFC0005B7) lui a1, 1032192
x11 <- 0xFC000000


mem[X,0x80006A98] -> 0x8593
mem[X,0x80006A9A] -> 0xFFF5
[613] [M]: 0x80006A98 (0xFFF58593) addi a1, a1, 4095
x11 <- 0xFBFFFFFF


mem[X,0x80006A9C] -> 0x0213
mem[X,0x80006A9E] -> 0x0000
[614] [M]: 0x80006A9C (0x00000213) addi tp, zero, 0
x4 <- 0x00000000


mem[X,0x80006AA0] -> 0x006F
mem[X,0x80006AA2] -> 0x0050
[615] [M]: 0x80006AA0 (0x0050006F) jal zero, 2052


mem[X,0x800072A4] -> 0x10E3
mem[X,0x800072A6] -> 0x80B5
[616] [M]: 0x800072A4 (0x80B510E3) bne a0, a1, 6144


mem[X,0x80006AA4] -> 0x0213
mem[X,0x80006AA6] -> 0x0012
[617] [M]: 0x80006AA4 (0x00120213) addi tp, tp, 1
x4 <- 0x00000001


mem[X,0x80006AA8] -> 0x006F
mem[X,0x80006AAA] -> 0x0110
[618] [M]: 0x80006AA8 (0x0110006F) jal zero, 2064


mem[X,0x800072B8] -> 0xA223
mem[X,0x800072BA] -> 0x0A40
[619] [M]: 0x800072B8 (0x0A40A223) sw tp, 164(ra)
mem[0x8003930C] <- 0x00000001


mem[X,0x800072BC] -> 0x0513
mem[X,0x800072BE] -> 0x0050
[620] [M]: 0x800072BC (0x00500513) addi a0, zero, 5
x10 <- 0x00000005


mem[X,0x800072C0] -> 0x05B7
mem[X,0x800072C2] -> 0xF800
[621] [M]: 0x800072C0 (0xF80005B7) lui a1, 1015808
x11 <- 0xF8000000


mem[X,0x800072C4] -> 0x8593
mem[X,0x800072C6] -> 0xFFF5
[622] [M]: 0x800072C4 (0xFFF58593) addi a1, a1, 4095
x11 <- 0xF7FFFFFF


mem[X,0x800072C8] -> 0x0213
mem[X,0x800072CA] -> 0x0000
[623] [M]: 0x800072C8 (0x00000213) addi tp, zero, 0
x4 <- 0x00000000


mem[X,0x800072CC] -> 0x006F
mem[X,0x800072CE] -> 0x00C0
[624] [M]: 0x800072CC (0x00C0006F) jal zero, 12


mem[X,0x800072D8] -> 0x1CE3
mem[X,0x800072DA] -> 0xFEB5
[625] [M]: 0x800072D8 (0xFEB51CE3) bne a0, a1, 8184


mem[X,0x800072D0] -> 0x0213
mem[X,0x800072D2] -> 0x0012
[626] [M]: 0x800072D0 (0x00120213) addi tp, tp, 1
x4 <- 0x00000001


mem[X,0x800072D4] -> 0x006F
mem[X,0x800072D6] -> 0x0180
[627] [M]: 0x800072D4 (0x0180006F) jal zero, 24


mem[X,0x800072EC] -> 0xA423
mem[X,0x800072EE] -> 0x0A40
[628] [M]: 0x800072EC (0x0A40A423) sw tp, 168(ra)
mem[0x80039310] <- 0x00000001


mem[X,0x800072F0] -> 0x0537
mem[X,0x800072F2] -> 0xFE00
[629] [M]: 0x800072F0 (0xFE000537) lui a0, 1040384
x10 <- 0xFE000000


mem[X,0x800072F4] -> 0x0513
mem[X,0x800072F6] -> 0xFFF5
[630] [M]: 0x800072F4 (0xFFF50513) addi a0, a0, 4095
x10 <- 0xFDFFFFFF


mem[X,0x800072F8] -> 0x05B7
mem[X,0x800072FA] -> 0xE000
[631] [M]: 0x800072F8 (0xE00005B7) lui a1, 917504
x11 <- 0xE0000000


mem[X,0x800072FC] -> 0x8593
mem[X,0x800072FE] -> 0xFFF5
[632] [M]: 0x800072FC (0xFFF58593) addi a1, a1, 4095
x11 <- 0xDFFFFFFF


mem[X,0x80007300] -> 0x0213
mem[X,0x80007302] -> 0x0000
[633] [M]: 0x80007300 (0x00000213) addi tp, zero, 0
x4 <- 0x00000000


mem[X,0x80007304] -> 0x006F
mem[X,0x80007306] -> 0x00C0
[634] [M]: 0x80007304 (0x00C0006F) jal zero, 12


mem[X,0x80007310] -> 0x1063
mem[X,0x80007312] -> 0x40B5
[635] [M]: 0x80007310 (0x40B51063) bne a0, a1, 1024


mem[X,0x80007710] -> 0x0213
mem[X,0x80007712] -> 0x0032
[636] [M]: 0x80007710 (0x00320213) addi tp, tp, 3
x4 <- 0x00000003


mem[X,0x80007714] -> 0x006F
mem[X,0x80007716] -> 0x0040
[637] [M]: 0x80007714 (0x0040006F) jal zero, 4


mem[X,0x80007718] -> 0xA623
mem[X,0x8000771A] -> 0x0A40
[638] [M]: 0x80007718 (0x0A40A623) sw tp, 172(ra)
mem[0x80039314] <- 0x00000003


mem[X,0x8000771C] -> 0x0537
mem[X,0x8000771E] -> 0x4000
[639] [M]: 0x8000771C (0x40000537) lui a0, 262144
x10 <- 0x40000000


mem[X,0x80007720] -> 0x0513
mem[X,0x80007722] -> 0xFFF5
[640] [M]: 0x80007720 (0xFFF50513) addi a0, a0, 4095
x10 <- 0x3FFFFFFF


mem[X,0x80007724] -> 0x05B7
mem[X,0x80007726] -> 0x8000
[641] [M]: 0x80007724 (0x800005B7) lui a1, 524288
x11 <- 0x80000000


mem[X,0x80007728] -> 0x8593
mem[X,0x8000772A] -> 0xFFF5
[642] [M]: 0x80007728 (0xFFF58593) addi a1, a1, 4095
x11 <- 0x7FFFFFFF


mem[X,0x8000772C] -> 0x0213
mem[X,0x8000772E] -> 0x0000
[643] [M]: 0x8000772C (0x00000213) addi tp, zero, 0
x4 <- 0x00000000


mem[X,0x80007730] -> 0x006F
mem[X,0x80007732] -> 0x00C0
[644] [M]: 0x80007730 (0x00C0006F) jal zero, 12


mem[X,0x8000773C] -> 0x1063
mem[X,0x8000773E] -> 0x20B5
[645] [M]: 0x8000773C (0x20B51063) bne a0, a1, 512


mem[X,0x8000793C] -> 0x0213
mem[X,0x8000793E] -> 0x0032
[646] [M]: 0x8000793C (0x00320213) addi tp, tp, 3
x4 <- 0x00000003


mem[X,0x80007940] -> 0x006F
mem[X,0x80007942] -> 0x0040
[647] [M]: 0x80007940 (0x0040006F) jal zero, 4


mem[X,0x80007944] -> 0xA823
mem[X,0x80007946] -> 0x0A40
[648] [M]: 0x80007944 (0x0A40A823) sw tp, 176(ra)
mem[0x80039318] <- 0x00000003


mem[X,0x80007948] -> 0x0513
mem[X,0x8000794A] -> 0x0060
[649] [M]: 0x80007948 (0x00600513) addi a0, zero, 6
x10 <- 0x00000006


mem[X,0x8000794C] -> 0x55B7
mem[X,0x8000794E] -> 0x5555
[650] [M]: 0x8000794C (0x555555B7) lui a1, 349525
x11 <- 0x55555000


mem[X,0x80007950] -> 0x8593
mem[X,0x80007952] -> 0x5555
[651] [M]: 0x80007950 (0x55558593) addi a1, a1, 1365
x11 <- 0x55555555


mem[X,0x80007954] -> 0x0213
mem[X,0x80007956] -> 0x0000
[652] [M]: 0x80007954 (0x00000213) addi tp, zero, 0
x4 <- 0x00000000


mem[X,0x80007958] -> 0x006F
mem[X,0x8000795A] -> 0x00C0
[653] [M]: 0x80007958 (0x00C0006F) jal zero, 12


mem[X,0x80007964] -> 0x1663
mem[X,0x80007966] -> 0x00B5
[654] [M]: 0x80007964 (0x00B51663) bne a0, a1, 12


mem[X,0x80007970] -> 0x0213
mem[X,0x80007972] -> 0x0032
[655] [M]: 0x80007970 (0x00320213) addi tp, tp, 3
x4 <- 0x00000003


mem[X,0x80007974] -> 0x006F
mem[X,0x80007976] -> 0x0040
[656] [M]: 0x80007974 (0x0040006F) jal zero, 4


mem[X,0x80007978] -> 0xAA23
mem[X,0x8000797A] -> 0x0A40
[657] [M]: 0x80007978 (0x0A40AA23) sw tp, 180(ra)
mem[0x8003931C] <- 0x00000003


mem[X,0x8000797C] -> 0x0513
mem[X,0x8000797E] -> 0xFEF0
[658] [M]: 0x8000797C (0xFEF00513) addi a0, zero, 4079
x10 <- 0xFFFFFFEF


mem[X,0x80007980] -> 0xB5B7
mem[X,0x80007982] -> 0xAAAA
[659] [M]: 0x80007980 (0xAAAAB5B7) lui a1, 699051
x11 <- 0xAAAAB000


mem[X,0x80007984] -> 0x8593
mem[X,0x80007986] -> 0xAAA5
[660] [M]: 0x80007984 (0xAAA58593) addi a1, a1, 2730
x11 <- 0xAAAAAAAA


mem[X,0x80007988] -> 0x0213
mem[X,0x8000798A] -> 0x0000
[661] [M]: 0x80007988 (0x00000213) addi tp, zero, 0
x4 <- 0x00000000


mem[X,0x8000798C] -> 0x006F
mem[X,0x8000798E] -> 0x00C0
[662] [M]: 0x8000798C (0x00C0006F) jal zero, 12


mem[X,0x80007998] -> 0x1063
mem[X,0x8000799A] -> 0x10B5
[663] [M]: 0x80007998 (0x10B51063) bne a0, a1, 256


mem[X,0x80007A98] -> 0x0213
mem[X,0x80007A9A] -> 0x0032
[664] [M]: 0x80007A98 (0x00320213) addi tp, tp, 3
x4 <- 0x00000003


mem[X,0x80007A9C] -> 0x006F
mem[X,0x80007A9E] -> 0x0040
[665] [M]: 0x80007A9C (0x0040006F) jal zero, 4


mem[X,0x80007AA0] -> 0xAC23
mem[X,0x80007AA2] -> 0x0A40
[666] [M]: 0x80007AA0 (0x0A40AC23) sw tp, 184(ra)
mem[0x80039320] <- 0x00000003


mem[X,0x80007AA4] -> 0x0513
mem[X,0x80007AA6] -> 0x0080
[667] [M]: 0x80007AA4 (0x00800513) addi a0, zero, 8
x10 <- 0x00000008


mem[X,0x80007AA8] -> 0x35B7
mem[X,0x80007AAA] -> 0x3333
[668] [M]: 0x80007AA8 (0x333335B7) lui a1, 209715
x11 <- 0x33333000


mem[X,0x80007AAC] -> 0x8593
mem[X,0x80007AAE] -> 0x3345
[669] [M]: 0x80007AAC (0x33458593) addi a1, a1, 820
x11 <- 0x33333334


mem[X,0x80007AB0] -> 0x0213
mem[X,0x80007AB2] -> 0x0000
[670] [M]: 0x80007AB0 (0x00000213) addi tp, zero, 0
x4 <- 0x00000000


mem[X,0x80007AB4] -> 0x006F
mem[X,0x80007AB6] -> 0x00C0
[671] [M]: 0x80007AB4 (0x00C0006F) jal zero, 12


mem[X,0x80007AC0] -> 0x1063
mem[X,0x80007AC2] -> 0x40B5
[672] [M]: 0x80007AC0 (0x40B51063) bne a0, a1, 1024


mem[X,0x80007EC0] -> 0x0213
mem[X,0x80007EC2] -> 0x0032
[673] [M]: 0x80007EC0 (0x00320213) addi tp, tp, 3
x4 <- 0x00000003


mem[X,0x80007EC4] -> 0x006F
mem[X,0x80007EC6] -> 0x0040
[674] [M]: 0x80007EC4 (0x0040006F) jal zero, 4


mem[X,0x80007EC8] -> 0xAE23
mem[X,0x80007ECA] -> 0x0A40
[675] [M]: 0x80007EC8 (0x0A40AE23) sw tp, 188(ra)
mem[0x80039324] <- 0x00000003


mem[X,0x80007ECC] -> 0x0513
mem[X,0x80007ECE] -> 0x0400
[676] [M]: 0x80007ECC (0x04000513) addi a0, zero, 64
x10 <- 0x00000040


mem[X,0x80007ED0] -> 0x0593
mem[X,0x80007ED2] -> 0xFDF0
[677] [M]: 0x80007ED0 (0xFDF00593) addi a1, zero, 4063
x11 <- 0xFFFFFFDF


mem[X,0x80007ED4] -> 0x0213
mem[X,0x80007ED6] -> 0x0000
[678] [M]: 0x80007ED4 (0x00000213) addi tp, zero, 0
x4 <- 0x00000000


mem[X,0x80007ED8] -> 0x006F
mem[X,0x80007EDA] -> 0x00C0
[679] [M]: 0x80007ED8 (0x00C0006F) jal zero, 12


mem[X,0x80007EE4] -> 0x1063
mem[X,0x80007EE6] -> 0x02B5
[680] [M]: 0x80007EE4 (0x02B51063) bne a0, a1, 32


mem[X,0x80007F04] -> 0x0213
mem[X,0x80007F06] -> 0x0032
[681] [M]: 0x80007F04 (0x00320213) addi tp, tp, 3
x4 <- 0x00000003


mem[X,0x80007F08] -> 0x006F
mem[X,0x80007F0A] -> 0x0040
[682] [M]: 0x80007F08 (0x0040006F) jal zero, 4


mem[X,0x80007F0C] -> 0xA023
mem[X,0x80007F0E] -> 0x0C40
[683] [M]: 0x80007F0C (0x0C40A023) sw tp, 192(ra)
mem[0x80039328] <- 0x00000003


mem[X,0x80007F10] -> 0x0513
mem[X,0x80007F12] -> 0x1000
[684] [M]: 0x80007F10 (0x10000513) addi a0, zero, 256
x10 <- 0x00000100


mem[X,0x80007F14] -> 0x0593
mem[X,0x80007F16] -> 0xEFF0
[685] [M]: 0x80007F14 (0xEFF00593) addi a1, zero, 3839
x11 <- 0xFFFFFEFF


mem[X,0x80007F18] -> 0x0213
mem[X,0x80007F1A] -> 0x0000
[686] [M]: 0x80007F18 (0x00000213) addi tp, zero, 0
x4 <- 0x00000000


mem[X,0x80007F1C] -> 0x006F
mem[X,0x80007F1E] -> 0x00C0
[687] [M]: 0x80007F1C (0x00C0006F) jal zero, 12


mem[X,0x80007F28] -> 0x1663
mem[X,0x80007F2A] -> 0x00B5
[688] [M]: 0x80007F28 (0x00B51663) bne a0, a1, 12


mem[X,0x80007F34] -> 0x0213
mem[X,0x80007F36] -> 0x0032
[689] [M]: 0x80007F34 (0x00320213) addi tp, tp, 3
x4 <- 0x00000003


mem[X,0x80007F38] -> 0x006F
mem[X,0x80007F3A] -> 0x0040
[690] [M]: 0x80007F38 (0x0040006F) jal zero, 4


mem[X,0x80007F3C] -> 0xA223
mem[X,0x80007F3E] -> 0x0C40
[691] [M]: 0x80007F3C (0x0C40A223) sw tp, 196(ra)
mem[0x8003932C] <- 0x00000003


mem[X,0x80007F40] -> 0x0513
mem[X,0x80007F42] -> 0x2000
[692] [M]: 0x80007F40 (0x20000513) addi a0, zero, 512
x10 <- 0x00000200


mem[X,0x80007F44] -> 0x05B7
mem[X,0x80007F46] -> 0xFE00
[693] [M]: 0x80007F44 (0xFE0005B7) lui a1, 1040384
x11 <- 0xFE000000


mem[X,0x80007F48] -> 0x8593
mem[X,0x80007F4A] -> 0xFFF5
[694] [M]: 0x80007F48 (0xFFF58593) addi a1, a1, 4095
x11 <- 0xFDFFFFFF


mem[X,0x80007F4C] -> 0x0213
mem[X,0x80007F4E] -> 0x0000
[695] [M]: 0x80007F4C (0x00000213) addi tp, zero, 0
x4 <- 0x00000000


mem[X,0x80007F50] -> 0x006F
mem[X,0x80007F52] -> 0x0180
[696] [M]: 0x80007F50 (0x0180006F) jal zero, 24


mem[X,0x80007F68] -> 0x16E3
mem[X,0x80007F6A] -> 0xFEB5
[697] [M]: 0x80007F68 (0xFEB516E3) bne a0, a1, 8172


mem[X,0x80007F54] -> 0x0213
mem[X,0x80007F56] -> 0x0012
[698] [M]: 0x80007F54 (0x00120213) addi tp, tp, 1
x4 <- 0x00000001


mem[X,0x80007F58] -> 0x006F
mem[X,0x80007F5A] -> 0x0240
[699] [M]: 0x80007F58 (0x0240006F) jal zero, 36


clint::tick mtime <- 0x0000000000000007
 clint timer pending at mtime 0x0000000000000007
htif::tick 0x0000000000000000
mem[X,0x80007F7C] -> 0xA423
mem[X,0x80007F7E] -> 0x0C40
[700] [M]: 0x80007F7C (0x0C40A423) sw tp, 200(ra)
mem[0x80039330] <- 0x00000001


mem[X,0x80007F80] -> 0x1537
mem[X,0x80007F82] -> 0x0000
[701] [M]: 0x80007F80 (0x00001537) lui a0, 1
x10 <- 0x00001000


mem[X,0x80007F84] -> 0x0513
mem[X,0x80007F86] -> 0x8005
[702] [M]: 0x80007F84 (0x80050513) addi a0, a0, 2048
x10 <- 0x00000800


mem[X,0x80007F88] -> 0x65B7
mem[X,0x80007F8A] -> 0x6666
[703] [M]: 0x80007F88 (0x666665B7) lui a1, 419430
x11 <- 0x66666000


mem[X,0x80007F8C] -> 0x8593
mem[X,0x80007F8E] -> 0x6665
[704] [M]: 0x80007F8C (0x66658593) addi a1, a1, 1638
x11 <- 0x66666666


mem[X,0x80007F90] -> 0x0213
mem[X,0x80007F92] -> 0x0000
[705] [M]: 0x80007F90 (0x00000213) addi tp, zero, 0
x4 <- 0x00000000


mem[X,0x80007F94] -> 0x006F
mem[X,0x80007F96] -> 0x00C0
[706] [M]: 0x80007F94 (0x00C0006F) jal zero, 12


mem[X,0x80007FA0] -> 0x1663
mem[X,0x80007FA2] -> 0x00B5
[707] [M]: 0x80007FA0 (0x00B51663) bne a0, a1, 12


mem[X,0x80007FAC] -> 0x0213
mem[X,0x80007FAE] -> 0x0032
[708] [M]: 0x80007FAC (0x00320213) addi tp, tp, 3
x4 <- 0x00000003


mem[X,0x80007FB0] -> 0x006F
mem[X,0x80007FB2] -> 0x0040
[709] [M]: 0x80007FB0 (0x0040006F) jal zero, 4


mem[X,0x80007FB4] -> 0xA623
mem[X,0x80007FB6] -> 0x0C40
[710] [M]: 0x80007FB4 (0x0C40A623) sw tp, 204(ra)
mem[0x80039334] <- 0x00000003


mem[X,0x80007FB8] -> 0x1537
mem[X,0x80007FBA] -> 0x0000
[711] [M]: 0x80007FB8 (0x00001537) lui a0, 1
x10 <- 0x00001000


mem[X,0x80007FBC] -> 0xB5B7
mem[X,0x80007FBE] -> 0x0000
[712] [M]: 0x80007FBC (0x0000B5B7) lui a1, 11
x11 <- 0x0000B000


mem[X,0x80007FC0] -> 0x8593
mem[X,0x80007FC2] -> 0x5035
[713] [M]: 0x80007FC0 (0x50358593) addi a1, a1, 1283
x11 <- 0x0000B503


mem[X,0x80007FC4] -> 0x0213
mem[X,0x80007FC6] -> 0x0000
[714] [M]: 0x80007FC4 (0x00000213) addi tp, zero, 0
x4 <- 0x00000000


mem[X,0x80007FC8] -> 0x006F
mem[X,0x80007FCA] -> 0x00C0
[715] [M]: 0x80007FC8 (0x00C0006F) jal zero, 12


mem[X,0x80007FD4] -> 0x1663
mem[X,0x80007FD6] -> 0x00B5
[716] [M]: 0x80007FD4 (0x00B51663) bne a0, a1, 12


mem[X,0x80007FE0] -> 0x0213
mem[X,0x80007FE2] -> 0x0032
[717] [M]: 0x80007FE0 (0x00320213) addi tp, tp, 3
x4 <- 0x00000003


mem[X,0x80007FE4] -> 0x006F
mem[X,0x80007FE6] -> 0x0040
[718] [M]: 0x80007FE4 (0x0040006F) jal zero, 4


mem[X,0x80007FE8] -> 0xA823
mem[X,0x80007FEA] -> 0x0C40
[719] [M]: 0x80007FE8 (0x0C40A823) sw tp, 208(ra)
mem[0x80039338] <- 0x00000003


mem[X,0x80007FEC] -> 0x2537
mem[X,0x80007FEE] -> 0x0000
[720] [M]: 0x80007FEC (0x00002537) lui a0, 2
x10 <- 0x00002000


mem[X,0x80007FF0] -> 0x05B7
mem[X,0x80007FF2] -> 0x2000
[721] [M]: 0x80007FF0 (0x200005B7) lui a1, 131072
x11 <- 0x20000000


mem[X,0x80007FF4] -> 0x0213
mem[X,0x80007FF6] -> 0x0000
[722] [M]: 0x80007FF4 (0x00000213) addi tp, zero, 0
x4 <- 0x00000000


mem[X,0x80007FF8] -> 0x006F
mem[X,0x80007FFA] -> 0x00C0
[723] [M]: 0x80007FF8 (0x00C0006F) jal zero, 12


mem[X,0x80008004] -> 0x1663
mem[X,0x80008006] -> 0x00B5
[724] [M]: 0x80008004 (0x00B51663) bne a0, a1, 12


mem[X,0x80008010] -> 0x0213
mem[X,0x80008012] -> 0x0032
[725] [M]: 0x80008010 (0x00320213) addi tp, tp, 3
x4 <- 0x00000003


mem[X,0x80008014] -> 0x006F
mem[X,0x80008016] -> 0x0040
[726] [M]: 0x80008014 (0x0040006F) jal zero, 4


mem[X,0x80008018] -> 0xAA23
mem[X,0x8000801A] -> 0x0C40
[727] [M]: 0x80008018 (0x0C40AA23) sw tp, 212(ra)
mem[0x8003933C] <- 0x00000003


mem[X,0x8000801C] -> 0x8537
mem[X,0x8000801E] -> 0x0000
[728] [M]: 0x8000801C (0x00008537) lui a0, 8
x10 <- 0x00008000


mem[X,0x80008020] -> 0x65B7
mem[X,0x80008022] -> 0x6666
[729] [M]: 0x80008020 (0x666665B7) lui a1, 419430
x11 <- 0x66666000


mem[X,0x80008024] -> 0x8593
mem[X,0x80008026] -> 0x6665
[730] [M]: 0x80008024 (0x66658593) addi a1, a1, 1638
x11 <- 0x66666666


mem[X,0x80008028] -> 0x0213
mem[X,0x8000802A] -> 0x0000
[731] [M]: 0x80008028 (0x00000213) addi tp, zero, 0
x4 <- 0x00000000


mem[X,0x8000802C] -> 0x006F
mem[X,0x8000802E] -> 0x00C0
[732] [M]: 0x8000802C (0x00C0006F) jal zero, 12


mem[X,0x80008038] -> 0x1063
mem[X,0x8000803A] -> 0x08B5
[733] [M]: 0x80008038 (0x08B51063) bne a0, a1, 128


mem[X,0x800080B8] -> 0x0213
mem[X,0x800080BA] -> 0x0032
[734] [M]: 0x800080B8 (0x00320213) addi tp, tp, 3
x4 <- 0x00000003


mem[X,0x800080BC] -> 0x006F
mem[X,0x800080BE] -> 0x0040
[735] [M]: 0x800080BC (0x0040006F) jal zero, 4


mem[X,0x800080C0] -> 0xAC23
mem[X,0x800080C2] -> 0x0C40
[736] [M]: 0x800080C0 (0x0C40AC23) sw tp, 216(ra)
mem[0x80039340] <- 0x00000003


mem[X,0x800080C4] -> 0x0537
mem[X,0x800080C6] -> 0x0001
[737] [M]: 0x800080C4 (0x00010537) lui a0, 16
x10 <- 0x00010000


mem[X,0x800080C8] -> 0x0593
mem[X,0x800080CA] -> 0x0060
[738] [M]: 0x800080C8 (0x00600593) addi a1, zero, 6
x11 <- 0x00000006


mem[X,0x800080CC] -> 0x0213
mem[X,0x800080CE] -> 0x0000
[739] [M]: 0x800080CC (0x00000213) addi tp, zero, 0
x4 <- 0x00000000


mem[X,0x800080D0] -> 0x006F
mem[X,0x800080D2] -> 0x00C0
[740] [M]: 0x800080D0 (0x00C0006F) jal zero, 12


mem[X,0x800080DC] -> 0x1063
mem[X,0x800080DE] -> 0x04B5
[741] [M]: 0x800080DC (0x04B51063) bne a0, a1, 64


mem[X,0x8000811C] -> 0x0213
mem[X,0x8000811E] -> 0x0032
[742] [M]: 0x8000811C (0x00320213) addi tp, tp, 3
x4 <- 0x00000003


mem[X,0x80008120] -> 0x006F
mem[X,0x80008122] -> 0x0040
[743] [M]: 0x80008120 (0x0040006F) jal zero, 4


mem[X,0x80008124] -> 0xAE23
mem[X,0x80008126] -> 0x0C40
[744] [M]: 0x80008124 (0x0C40AE23) sw tp, 220(ra)
mem[0x80039344] <- 0x00000003


mem[X,0x80008128] -> 0x0537
mem[X,0x8000812A] -> 0x0004
[745] [M]: 0x80008128 (0x00040537) lui a0, 64
x10 <- 0x00040000


mem[X,0x8000812C] -> 0x05B7
mem[X,0x8000812E] -> 0xF000
[746] [M]: 0x8000812C (0xF00005B7) lui a1, 983040
x11 <- 0xF0000000


mem[X,0x80008130] -> 0x8593
mem[X,0x80008132] -> 0xFFF5
[747] [M]: 0x80008130 (0xFFF58593) addi a1, a1, 4095
x11 <- 0xEFFFFFFF


mem[X,0x80008134] -> 0x0213
mem[X,0x80008136] -> 0x0000
[748] [M]: 0x80008134 (0x00000213) addi tp, zero, 0
x4 <- 0x00000000


mem[X,0x80008138] -> 0x006F
mem[X,0x8000813A] -> 0x00C0
[749] [M]: 0x80008138 (0x00C0006F) jal zero, 12


mem[X,0x80008144] -> 0x1063
mem[X,0x80008146] -> 0x02B5
[750] [M]: 0x80008144 (0x02B51063) bne a0, a1, 32


mem[X,0x80008164] -> 0x0213
mem[X,0x80008166] -> 0x0032
[751] [M]: 0x80008164 (0x00320213) addi tp, tp, 3
x4 <- 0x00000003


mem[X,0x80008168] -> 0x006F
mem[X,0x8000816A] -> 0x0040
[752] [M]: 0x80008168 (0x0040006F) jal zero, 4


mem[X,0x8000816C] -> 0xA023
mem[X,0x8000816E] -> 0x0E40
[753] [M]: 0x8000816C (0x0E40A023) sw tp, 224(ra)
mem[0x80039348] <- 0x00000003


mem[X,0x80008170] -> 0x0537
mem[X,0x80008172] -> 0x0008
[754] [M]: 0x80008170 (0x00080537) lui a0, 128
x10 <- 0x00080000


mem[X,0x80008174] -> 0x05B7
mem[X,0x80008176] -> 0xC000
[755] [M]: 0x80008174 (0xC00005B7) lui a1, 786432
x11 <- 0xC0000000


mem[X,0x80008178] -> 0x0213
mem[X,0x8000817A] -> 0x0000
[756] [M]: 0x80008178 (0x00000213) addi tp, zero, 0
x4 <- 0x00000000


mem[X,0x8000817C] -> 0x006F
mem[X,0x8000817E] -> 0x0140
[757] [M]: 0x8000817C (0x0140006F) jal zero, 20


mem[X,0x80008190] -> 0x18E3
mem[X,0x80008192] -> 0xFEB5
[758] [M]: 0x80008190 (0xFEB518E3) bne a0, a1, 8176


mem[X,0x80008180] -> 0x0213
mem[X,0x80008182] -> 0x0012
[759] [M]: 0x80008180 (0x00120213) addi tp, tp, 1
x4 <- 0x00000001


mem[X,0x80008184] -> 0x006F
mem[X,0x80008186] -> 0x0200
[760] [M]: 0x80008184 (0x0200006F) jal zero, 32


mem[X,0x800081A4] -> 0xA223
mem[X,0x800081A6] -> 0x0E40
[761] [M]: 0x800081A4 (0x0E40A223) sw tp, 228(ra)
mem[0x8003934C] <- 0x00000001


mem[X,0x800081A8] -> 0x0537
mem[X,0x800081AA] -> 0x0010
[762] [M]: 0x800081A8 (0x00100537) lui a0, 256
x10 <- 0x00100000


mem[X,0x800081AC] -> 0x0593
mem[X,0x800081AE] -> 0x0800
[763] [M]: 0x800081AC (0x08000593) addi a1, zero, 128
x11 <- 0x00000080


mem[X,0x800081B0] -> 0x0213
mem[X,0x800081B2] -> 0x0000
[764] [M]: 0x800081B0 (0x00000213) addi tp, zero, 0
x4 <- 0x00000000


mem[X,0x800081B4] -> 0x006F
mem[X,0x800081B6] -> 0x00C0
[765] [M]: 0x800081B4 (0x00C0006F) jal zero, 12


mem[X,0x800081C0] -> 0x1063
mem[X,0x800081C2] -> 0x40B5
[766] [M]: 0x800081C0 (0x40B51063) bne a0, a1, 1024


mem[X,0x800085C0] -> 0x0213
mem[X,0x800085C2] -> 0x0032
[767] [M]: 0x800085C0 (0x00320213) addi tp, tp, 3
x4 <- 0x00000003


mem[X,0x800085C4] -> 0x006F
mem[X,0x800085C6] -> 0x0040
[768] [M]: 0x800085C4 (0x0040006F) jal zero, 4


mem[X,0x800085C8] -> 0xA423
mem[X,0x800085CA] -> 0x0E40
[769] [M]: 0x800085C8 (0x0E40A423) sw tp, 232(ra)
mem[0x80039350] <- 0x00000003


mem[X,0x800085CC] -> 0x0537
mem[X,0x800085CE] -> 0x0020
[770] [M]: 0x800085CC (0x00200537) lui a0, 512
x10 <- 0x00200000


mem[X,0x800085D0] -> 0x0593
mem[X,0x800085D2] -> 0x0030
[771] [M]: 0x800085D0 (0x00300593) addi a1, zero, 3
x11 <- 0x00000003


mem[X,0x800085D4] -> 0x0213
mem[X,0x800085D6] -> 0x0000
[772] [M]: 0x800085D4 (0x00000213) addi tp, zero, 0
x4 <- 0x00000000


mem[X,0x800085D8] -> 0x006F
mem[X,0x800085DA] -> 0x00C0
[773] [M]: 0x800085D8 (0x00C0006F) jal zero, 12


mem[X,0x800085E4] -> 0x1663
mem[X,0x800085E6] -> 0x00B5
[774] [M]: 0x800085E4 (0x00B51663) bne a0, a1, 12


mem[X,0x800085F0] -> 0x0213
mem[X,0x800085F2] -> 0x0032
[775] [M]: 0x800085F0 (0x00320213) addi tp, tp, 3
x4 <- 0x00000003


mem[X,0x800085F4] -> 0x006F
mem[X,0x800085F6] -> 0x0040
[776] [M]: 0x800085F4 (0x0040006F) jal zero, 4


mem[X,0x800085F8] -> 0xA623
mem[X,0x800085FA] -> 0x0E40
[777] [M]: 0x800085F8 (0x0E40A623) sw tp, 236(ra)
mem[0x80039354] <- 0x00000003


mem[X,0x800085FC] -> 0x0537
mem[X,0x800085FE] -> 0x0040
[778] [M]: 0x800085FC (0x00400537) lui a0, 1024
x10 <- 0x00400000


mem[X,0x80008600] -> 0x0593
mem[X,0x80008602] -> 0x0000
[779] [M]: 0x80008600 (0x00000593) addi a1, zero, 0
x11 <- 0x00000000


mem[X,0x80008604] -> 0x0213
mem[X,0x80008606] -> 0x0000
[780] [M]: 0x80008604 (0x00000213) addi tp, zero, 0
x4 <- 0x00000000


mem[X,0x80008608] -> 0x006F
mem[X,0x8000860A] -> 0x00C0
[781] [M]: 0x80008608 (0x00C0006F) jal zero, 12


mem[X,0x80008614] -> 0x1663
mem[X,0x80008616] -> 0x00B5
[782] [M]: 0x80008614 (0x00B51663) bne a0, a1, 12


mem[X,0x80008620] -> 0x0213
mem[X,0x80008622] -> 0x0032
[783] [M]: 0x80008620 (0x00320213) addi tp, tp, 3
x4 <- 0x00000003


mem[X,0x80008624] -> 0x006F
mem[X,0x80008626] -> 0x0040
[784] [M]: 0x80008624 (0x0040006F) jal zero, 4


mem[X,0x80008628] -> 0xA823
mem[X,0x8000862A] -> 0x0E40
[785] [M]: 0x80008628 (0x0E40A823) sw tp, 240(ra)
mem[0x80039358] <- 0x00000003


mem[X,0x8000862C] -> 0x0537
mem[X,0x8000862E] -> 0x0080
[786] [M]: 0x8000862C (0x00800537) lui a0, 2048
x10 <- 0x00800000


mem[X,0x80008630] -> 0x0593
mem[X,0x80008632] -> 0x0040
[787] [M]: 0x80008630 (0x00400593) addi a1, zero, 4
x11 <- 0x00000004


mem[X,0x80008634] -> 0x0213
mem[X,0x80008636] -> 0x0000
[788] [M]: 0x80008634 (0x00000213) addi tp, zero, 0
x4 <- 0x00000000


mem[X,0x80008638] -> 0x006F
mem[X,0x8000863A] -> 0x00C0
[789] [M]: 0x80008638 (0x00C0006F) jal zero, 12


mem[X,0x80008644] -> 0x1663
mem[X,0x80008646] -> 0x00B5
[790] [M]: 0x80008644 (0x00B51663) bne a0, a1, 12


mem[X,0x80008650] -> 0x0213
mem[X,0x80008652] -> 0x0032
[791] [M]: 0x80008650 (0x00320213) addi tp, tp, 3
x4 <- 0x00000003


mem[X,0x80008654] -> 0x006F
mem[X,0x80008656] -> 0x0040
[792] [M]: 0x80008654 (0x0040006F) jal zero, 4


mem[X,0x80008658] -> 0xAA23
mem[X,0x8000865A] -> 0x0E40
[793] [M]: 0x80008658 (0x0E40AA23) sw tp, 244(ra)
mem[0x8003935C] <- 0x00000003


mem[X,0x8000865C] -> 0x0537
mem[X,0x8000865E] -> 0x0200
[794] [M]: 0x8000865C (0x02000537) lui a0, 8192
x10 <- 0x02000000


mem[X,0x80008660] -> 0x0593
mem[X,0x80008662] -> 0xF7F0
[795] [M]: 0x80008660 (0xF7F00593) addi a1, zero, 3967
x11 <- 0xFFFFFF7F


mem[X,0x80008664] -> 0x0213
mem[X,0x80008666] -> 0x0000
[796] [M]: 0x80008664 (0x00000213) addi tp, zero, 0
x4 <- 0x00000000


mem[X,0x80008668] -> 0x006F
mem[X,0x8000866A] -> 0x0140
[797] [M]: 0x80008668 (0x0140006F) jal zero, 20


mem[X,0x8000867C] -> 0x18E3
mem[X,0x8000867E] -> 0xFEB5
[798] [M]: 0x8000867C (0xFEB518E3) bne a0, a1, 8176


mem[X,0x8000866C] -> 0x0213
mem[X,0x8000866E] -> 0x0012
[799] [M]: 0x8000866C (0x00120213) addi tp, tp, 1
x4 <- 0x00000001


clint::tick mtime <- 0x0000000000000008
 clint timer pending at mtime 0x0000000000000008
htif::tick 0x0000000000000000
mem[X,0x80008670] -> 0x006F
mem[X,0x80008672] -> 0x0200
[800] [M]: 0x80008670 (0x0200006F) jal zero, 32


mem[X,0x80008690] -> 0xAC23
mem[X,0x80008692] -> 0x0E40
[801] [M]: 0x80008690 (0x0E40AC23) sw tp, 248(ra)
mem[0x80039360] <- 0x00000001


mem[X,0x80008694] -> 0x0537
mem[X,0x80008696] -> 0x2000
[802] [M]: 0x80008694 (0x20000537) lui a0, 131072
x10 <- 0x20000000


mem[X,0x80008698] -> 0x0593
mem[X,0x8000869A] -> 0x1000
[803] [M]: 0x80008698 (0x10000593) addi a1, zero, 256
x11 <- 0x00000100


mem[X,0x8000869C] -> 0x0213
mem[X,0x8000869E] -> 0x0000
[804] [M]: 0x8000869C (0x00000213) addi tp, zero, 0
x4 <- 0x00000000


mem[X,0x800086A0] -> 0x006F
mem[X,0x800086A2] -> 0x00C0
[805] [M]: 0x800086A0 (0x00C0006F) jal zero, 12


mem[X,0x800086AC] -> 0x1CE3
mem[X,0x800086AE] -> 0xFEB5
[806] [M]: 0x800086AC (0xFEB51CE3) bne a0, a1, 8184


mem[X,0x800086A4] -> 0x0213
mem[X,0x800086A6] -> 0x0012
[807] [M]: 0x800086A4 (0x00120213) addi tp, tp, 1
x4 <- 0x00000001


mem[X,0x800086A8] -> 0x006F
mem[X,0x800086AA] -> 0x0180
[808] [M]: 0x800086A8 (0x0180006F) jal zero, 24


mem[X,0x800086C0] -> 0xAE23
mem[X,0x800086C2] -> 0x0E40
[809] [M]: 0x800086C0 (0x0E40AE23) sw tp, 252(ra)
mem[0x80039364] <- 0x00000001


mem[X,0x800086C4] -> 0x0513
mem[X,0x800086C6] -> 0xFFE0
[810] [M]: 0x800086C4 (0xFFE00513) addi a0, zero, 4094
x10 <- 0xFFFFFFFE


mem[X,0x800086C8] -> 0x05B7
mem[X,0x800086CA] -> 0x0020
[811] [M]: 0x800086C8 (0x002005B7) lui a1, 512
x11 <- 0x00200000


mem[X,0x800086CC] -> 0x0213
mem[X,0x800086CE] -> 0x0000
[812] [M]: 0x800086CC (0x00000213) addi tp, zero, 0
x4 <- 0x00000000


mem[X,0x800086D0] -> 0x006F
mem[X,0x800086D2] -> 0x00C0
[813] [M]: 0x800086D0 (0x00C0006F) jal zero, 12


mem[X,0x800086DC] -> 0x1663
mem[X,0x800086DE] -> 0x00B5
[814] [M]: 0x800086DC (0x00B51663) bne a0, a1, 12


mem[X,0x800086E8] -> 0x0213
mem[X,0x800086EA] -> 0x0032
[815] [M]: 0x800086E8 (0x00320213) addi tp, tp, 3
x4 <- 0x00000003


mem[X,0x800086EC] -> 0x006F
mem[X,0x800086EE] -> 0x0040
[816] [M]: 0x800086EC (0x0040006F) jal zero, 4


mem[X,0x800086F0] -> 0xA023
mem[X,0x800086F2] -> 0x1040
[817] [M]: 0x800086F0 (0x1040A023) sw tp, 256(ra)
mem[0x80039368] <- 0x00000003


mem[X,0x800086F4] -> 0x0513
mem[X,0x800086F6] -> 0xFFD0
[818] [M]: 0x800086F4 (0xFFD00513) addi a0, zero, 4093
x10 <- 0xFFFFFFFD


mem[X,0x800086F8] -> 0x0593
mem[X,0x800086FA] -> 0x0000
[819] [M]: 0x800086F8 (0x00000593) addi a1, zero, 0
x11 <- 0x00000000


mem[X,0x800086FC] -> 0x0213
mem[X,0x800086FE] -> 0x0000
[820] [M]: 0x800086FC (0x00000213) addi tp, zero, 0
x4 <- 0x00000000


mem[X,0x80008700] -> 0x006F
mem[X,0x80008702] -> 0x00C0
[821] [M]: 0x80008700 (0x00C0006F) jal zero, 12


mem[X,0x8000870C] -> 0x1063
mem[X,0x8000870E] -> 0x40B5
[822] [M]: 0x8000870C (0x40B51063) bne a0, a1, 1024


mem[X,0x80008B0C] -> 0x0213
mem[X,0x80008B0E] -> 0x0032
[823] [M]: 0x80008B0C (0x00320213) addi tp, tp, 3
x4 <- 0x00000003


mem[X,0x80008B10] -> 0x006F
mem[X,0x80008B12] -> 0x0040
[824] [M]: 0x80008B10 (0x0040006F) jal zero, 4


mem[X,0x80008B14] -> 0xA223
mem[X,0x80008B16] -> 0x1040
[825] [M]: 0x80008B14 (0x1040A223) sw tp, 260(ra)
mem[0x8003936C] <- 0x00000003


mem[X,0x80008B18] -> 0x0513
mem[X,0x80008B1A] -> 0xFF70
[826] [M]: 0x80008B18 (0xFF700513) addi a0, zero, 4087
x10 <- 0xFFFFFFF7


mem[X,0x80008B1C] -> 0x05B7
mem[X,0x80008B1E] -> 0xFF00
[827] [M]: 0x80008B1C (0xFF0005B7) lui a1, 1044480
x11 <- 0xFF000000


mem[X,0x80008B20] -> 0x8593
mem[X,0x80008B22] -> 0xFFF5
[828] [M]: 0x80008B20 (0xFFF58593) addi a1, a1, 4095
x11 <- 0xFEFFFFFF


mem[X,0x80008B24] -> 0x0213
mem[X,0x80008B26] -> 0x0000
[829] [M]: 0x80008B24 (0x00000213) addi tp, zero, 0
x4 <- 0x00000000


mem[X,0x80008B28] -> 0x006F
mem[X,0x80008B2A] -> 0x00C0
[830] [M]: 0x80008B28 (0x00C0006F) jal zero, 12


mem[X,0x80008B34] -> 0x1063
mem[X,0x80008B36] -> 0x40B5
[831] [M]: 0x80008B34 (0x40B51063) bne a0, a1, 1024


mem[X,0x80008F34] -> 0x0213
mem[X,0x80008F36] -> 0x0032
[832] [M]: 0x80008F34 (0x00320213) addi tp, tp, 3
x4 <- 0x00000003


mem[X,0x80008F38] -> 0x006F
mem[X,0x80008F3A] -> 0x0040
[833] [M]: 0x80008F38 (0x0040006F) jal zero, 4


mem[X,0x80008F3C] -> 0xA423
mem[X,0x80008F3E] -> 0x1040
[834] [M]: 0x80008F3C (0x1040A423) sw tp, 264(ra)
mem[0x80039370] <- 0x00000003


mem[X,0x80008F40] -> 0x0513
mem[X,0x80008F42] -> 0xFDF0
[835] [M]: 0x80008F40 (0xFDF00513) addi a0, zero, 4063
x10 <- 0xFFFFFFDF


mem[X,0x80008F44] -> 0x35B7
mem[X,0x80008F46] -> 0x3333
[836] [M]: 0x80008F44 (0x333335B7) lui a1, 209715
x11 <- 0x33333000


mem[X,0x80008F48] -> 0x8593
mem[X,0x80008F4A] -> 0x3345
[837] [M]: 0x80008F48 (0x33458593) addi a1, a1, 820
x11 <- 0x33333334


mem[X,0x80008F4C] -> 0x0213
mem[X,0x80008F4E] -> 0x0000
[838] [M]: 0x80008F4C (0x00000213) addi tp, zero, 0
x4 <- 0x00000000


mem[X,0x80008F50] -> 0x006F
mem[X,0x80008F52] -> 0x00C0
[839] [M]: 0x80008F50 (0x00C0006F) jal zero, 12


mem[X,0x80008F5C] -> 0x1063
mem[X,0x80008F5E] -> 0x10B5
[840] [M]: 0x80008F5C (0x10B51063) bne a0, a1, 256


mem[X,0x8000905C] -> 0x0213
mem[X,0x8000905E] -> 0x0032
[841] [M]: 0x8000905C (0x00320213) addi tp, tp, 3
x4 <- 0x00000003


mem[X,0x80009060] -> 0x006F
mem[X,0x80009062] -> 0x0040
[842] [M]: 0x80009060 (0x0040006F) jal zero, 4


mem[X,0x80009064] -> 0xA623
mem[X,0x80009066] -> 0x1040
[843] [M]: 0x80009064 (0x1040A623) sw tp, 268(ra)
mem[0x80039374] <- 0x00000003


mem[X,0x80009068] -> 0x0513
mem[X,0x8000906A] -> 0xF7F0
[844] [M]: 0x80009068 (0xF7F00513) addi a0, zero, 3967
x10 <- 0xFFFFFF7F


mem[X,0x8000906C] -> 0x0593
mem[X,0x8000906E] -> 0x0050
[845] [M]: 0x8000906C (0x00500593) addi a1, zero, 5
x11 <- 0x00000005


mem[X,0x80009070] -> 0x0213
mem[X,0x80009072] -> 0x0000
[846] [M]: 0x80009070 (0x00000213) addi tp, zero, 0
x4 <- 0x00000000


mem[X,0x80009074] -> 0x006F
mem[X,0x80009076] -> 0x00C0
[847] [M]: 0x80009074 (0x00C0006F) jal zero, 12


mem[X,0x80009080] -> 0x1063
mem[X,0x80009082] -> 0x10B5
[848] [M]: 0x80009080 (0x10B51063) bne a0, a1, 256


mem[X,0x80009180] -> 0x0213
mem[X,0x80009182] -> 0x0032
[849] [M]: 0x80009180 (0x00320213) addi tp, tp, 3
x4 <- 0x00000003


mem[X,0x80009184] -> 0x006F
mem[X,0x80009186] -> 0x0040
[850] [M]: 0x80009184 (0x0040006F) jal zero, 4


mem[X,0x80009188] -> 0xA823
mem[X,0x8000918A] -> 0x1040
[851] [M]: 0x80009188 (0x1040A823) sw tp, 272(ra)
mem[0x80039378] <- 0x00000003


mem[X,0x8000918C] -> 0x0513
mem[X,0x8000918E] -> 0xEFF0
[852] [M]: 0x8000918C (0xEFF00513) addi a0, zero, 3839
x10 <- 0xFFFFFEFF


mem[X,0x80009190] -> 0x0593
mem[X,0x80009192] -> 0xFFD0
[853] [M]: 0x80009190 (0xFFD00593) addi a1, zero, 4093
x11 <- 0xFFFFFFFD


mem[X,0x80009194] -> 0x0213
mem[X,0x80009196] -> 0x0000
[854] [M]: 0x80009194 (0x00000213) addi tp, zero, 0
x4 <- 0x00000000


mem[X,0x80009198] -> 0x006F
mem[X,0x8000919A] -> 0x00C0
[855] [M]: 0x80009198 (0x00C0006F) jal zero, 12


mem[X,0x800091A4] -> 0x1663
mem[X,0x800091A6] -> 0x00B5
[856] [M]: 0x800091A4 (0x00B51663) bne a0, a1, 12


mem[X,0x800091B0] -> 0x0213
mem[X,0x800091B2] -> 0x0032
[857] [M]: 0x800091B0 (0x00320213) addi tp, tp, 3
x4 <- 0x00000003


mem[X,0x800091B4] -> 0x006F
mem[X,0x800091B6] -> 0x0040
[858] [M]: 0x800091B4 (0x0040006F) jal zero, 4


mem[X,0x800091B8] -> 0xAA23
mem[X,0x800091BA] -> 0x1040
[859] [M]: 0x800091B8 (0x1040AA23) sw tp, 276(ra)
mem[0x8003937C] <- 0x00000003


mem[X,0x800091BC] -> 0x0513
mem[X,0x800091BE] -> 0xDFF0
[860] [M]: 0x800091BC (0xDFF00513) addi a0, zero, 3583
x10 <- 0xFFFFFDFF


mem[X,0x800091C0] -> 0x05B7
mem[X,0x800091C2] -> 0x2000
[861] [M]: 0x800091C0 (0x200005B7) lui a1, 131072
x11 <- 0x20000000


mem[X,0x800091C4] -> 0x0213
mem[X,0x800091C6] -> 0x0000
[862] [M]: 0x800091C4 (0x00000213) addi tp, zero, 0
x4 <- 0x00000000


mem[X,0x800091C8] -> 0x006F
mem[X,0x800091CA] -> 0x00C0
[863] [M]: 0x800091C8 (0x00C0006F) jal zero, 12


mem[X,0x800091D4] -> 0x1863
mem[X,0x800091D6] -> 0x00B5
[864] [M]: 0x800091D4 (0x00B51863) bne a0, a1, 16


mem[X,0x800091E4] -> 0x0213
mem[X,0x800091E6] -> 0x0032
[865] [M]: 0x800091E4 (0x00320213) addi tp, tp, 3
x4 <- 0x00000003


mem[X,0x800091E8] -> 0x006F
mem[X,0x800091EA] -> 0x0040
[866] [M]: 0x800091E8 (0x0040006F) jal zero, 4


mem[X,0x800091EC] -> 0xAC23
mem[X,0x800091EE] -> 0x1040
[867] [M]: 0x800091EC (0x1040AC23) sw tp, 280(ra)
mem[0x80039380] <- 0x00000003


mem[X,0x800091F0] -> 0xE537
mem[X,0x800091F2] -> 0xFFFF
[868] [M]: 0x800091F0 (0xFFFFE537) lui a0, 1048574
x10 <- 0xFFFFE000


mem[X,0x800091F4] -> 0x0513
mem[X,0x800091F6] -> 0xFFF5
[869] [M]: 0x800091F4 (0xFFF50513) addi a0, a0, 4095
x10 <- 0xFFFFDFFF


mem[X,0x800091F8] -> 0x05B7
mem[X,0x800091FA] -> 0xFF00
[870] [M]: 0x800091F8 (0xFF0005B7) lui a1, 1044480
x11 <- 0xFF000000


mem[X,0x800091FC] -> 0x8593
mem[X,0x800091FE] -> 0xFFF5
[871] [M]: 0x800091FC (0xFFF58593) addi a1, a1, 4095
x11 <- 0xFEFFFFFF


mem[X,0x80009200] -> 0x0213
mem[X,0x80009202] -> 0x0000
[872] [M]: 0x80009200 (0x00000213) addi tp, zero, 0
x4 <- 0x00000000


mem[X,0x80009204] -> 0x006F
mem[X,0x80009206] -> 0x00C0
[873] [M]: 0x80009204 (0x00C0006F) jal zero, 12


mem[X,0x80009210] -> 0x1CE3
mem[X,0x80009212] -> 0xFEB5
[874] [M]: 0x80009210 (0xFEB51CE3) bne a0, a1, 8184


mem[X,0x80009208] -> 0x0213
mem[X,0x8000920A] -> 0x0012
[875] [M]: 0x80009208 (0x00120213) addi tp, tp, 1
x4 <- 0x00000001


mem[X,0x8000920C] -> 0x006F
mem[X,0x8000920E] -> 0x0180
[876] [M]: 0x8000920C (0x0180006F) jal zero, 24


mem[X,0x80009224] -> 0xAE23
mem[X,0x80009226] -> 0x1040
[877] [M]: 0x80009224 (0x1040AE23) sw tp, 284(ra)
mem[0x80039384] <- 0x00000001


mem[X,0x80009228] -> 0xC537
mem[X,0x8000922A] -> 0xFFFF
[878] [M]: 0x80009228 (0xFFFFC537) lui a0, 1048572
x10 <- 0xFFFFC000


mem[X,0x8000922C] -> 0x0513
mem[X,0x8000922E] -> 0xFFF5
[879] [M]: 0x8000922C (0xFFF50513) addi a0, a0, 4095
x10 <- 0xFFFFBFFF


mem[X,0x80009230] -> 0x0593
mem[X,0x80009232] -> 0x0060
[880] [M]: 0x80009230 (0x00600593) addi a1, zero, 6
x11 <- 0x00000006


mem[X,0x80009234] -> 0x0213
mem[X,0x80009236] -> 0x0000
[881] [M]: 0x80009234 (0x00000213) addi tp, zero, 0
x4 <- 0x00000000


mem[X,0x80009238] -> 0x006F
mem[X,0x8000923A] -> 0x0140
[882] [M]: 0x80009238 (0x0140006F) jal zero, 20


mem[X,0x8000924C] -> 0x18E3
mem[X,0x8000924E] -> 0xFEB5
[883] [M]: 0x8000924C (0xFEB518E3) bne a0, a1, 8176


mem[X,0x8000923C] -> 0x0213
mem[X,0x8000923E] -> 0x0012
[884] [M]: 0x8000923C (0x00120213) addi tp, tp, 1
x4 <- 0x00000001


mem[X,0x80009240] -> 0x006F
mem[X,0x80009242] -> 0x0200
[885] [M]: 0x80009240 (0x0200006F) jal zero, 32


mem[X,0x80009260] -> 0xA023
mem[X,0x80009262] -> 0x1240
[886] [M]: 0x80009260 (0x1240A023) sw tp, 288(ra)
mem[0x80039388] <- 0x00000001


mem[X,0x80009264] -> 0x8537
mem[X,0x80009266] -> 0xFFFF
[887] [M]: 0x80009264 (0xFFFF8537) lui a0, 1048568
x10 <- 0xFFFF8000


mem[X,0x80009268] -> 0x0513
mem[X,0x8000926A] -> 0xFFF5
[888] [M]: 0x80009268 (0xFFF50513) addi a0, a0, 4095
x10 <- 0xFFFF7FFF


mem[X,0x8000926C] -> 0x05B7
mem[X,0x8000926E] -> 0xFFFC
[889] [M]: 0x8000926C (0xFFFC05B7) lui a1, 1048512
x11 <- 0xFFFC0000


mem[X,0x80009270] -> 0x8593
mem[X,0x80009272] -> 0xFFF5
[890] [M]: 0x80009270 (0xFFF58593) addi a1, a1, 4095
x11 <- 0xFFFBFFFF


mem[X,0x80009274] -> 0x0213
mem[X,0x80009276] -> 0x0000
[891] [M]: 0x80009274 (0x00000213) addi tp, zero, 0
x4 <- 0x00000000


mem[X,0x80009278] -> 0x006F
mem[X,0x8000927A] -> 0x00C0
[892] [M]: 0x80009278 (0x00C0006F) jal zero, 12


mem[X,0x80009284] -> 0x1663
mem[X,0x80009286] -> 0x00B5
[893] [M]: 0x80009284 (0x00B51663) bne a0, a1, 12


mem[X,0x80009290] -> 0x0213
mem[X,0x80009292] -> 0x0032
[894] [M]: 0x80009290 (0x00320213) addi tp, tp, 3
x4 <- 0x00000003


mem[X,0x80009294] -> 0x006F
mem[X,0x80009296] -> 0x0040
[895] [M]: 0x80009294 (0x0040006F) jal zero, 4


mem[X,0x80009298] -> 0xA223
mem[X,0x8000929A] -> 0x1240
[896] [M]: 0x80009298 (0x1240A223) sw tp, 292(ra)
mem[0x8003938C] <- 0x00000003


mem[X,0x8000929C] -> 0x0537
mem[X,0x8000929E] -> 0xFF80
[897] [M]: 0x8000929C (0xFF800537) lui a0, 1046528
x10 <- 0xFF800000


mem[X,0x800092A0] -> 0x0513
mem[X,0x800092A2] -> 0xFFF5
[898] [M]: 0x800092A0 (0xFFF50513) addi a0, a0, 4095
x10 <- 0xFF7FFFFF


mem[X,0x800092A4] -> 0x05B7
mem[X,0x800092A6] -> 0xFE00
[899] [M]: 0x800092A4 (0xFE0005B7) lui a1, 1040384
x11 <- 0xFE000000


clint::tick mtime <- 0x0000000000000009
 clint timer pending at mtime 0x0000000000000009
htif::tick 0x0000000000000000
mem[X,0x800092A8] -> 0x8593
mem[X,0x800092AA] -> 0xFFF5
[900] [M]: 0x800092A8 (0xFFF58593) addi a1, a1, 4095
x11 <- 0xFDFFFFFF


mem[X,0x800092AC] -> 0x0213
mem[X,0x800092AE] -> 0x0000
[901] [M]: 0x800092AC (0x00000213) addi tp, zero, 0
x4 <- 0x00000000


mem[X,0x800092B0] -> 0x006F
mem[X,0x800092B2] -> 0x00C0
[902] [M]: 0x800092B0 (0x00C0006F) jal zero, 12


mem[X,0x800092BC] -> 0x1063
mem[X,0x800092BE] -> 0x02B5
[903] [M]: 0x800092BC (0x02B51063) bne a0, a1, 32


mem[X,0x800092DC] -> 0x0213
mem[X,0x800092DE] -> 0x0032
[904] [M]: 0x800092DC (0x00320213) addi tp, tp, 3
x4 <- 0x00000003


mem[X,0x800092E0] -> 0x006F
mem[X,0x800092E2] -> 0x0040
[905] [M]: 0x800092E0 (0x0040006F) jal zero, 4


mem[X,0x800092E4] -> 0xA423
mem[X,0x800092E6] -> 0x1240
[906] [M]: 0x800092E4 (0x1240A423) sw tp, 296(ra)
mem[0x80039390] <- 0x00000003


mem[X,0x800092E8] -> 0x0537
mem[X,0x800092EA] -> 0xFF00
[907] [M]: 0x800092E8 (0xFF000537) lui a0, 1044480
x10 <- 0xFF000000


mem[X,0x800092EC] -> 0x0513
mem[X,0x800092EE] -> 0xFFF5
[908] [M]: 0x800092EC (0xFFF50513) addi a0, a0, 4095
x10 <- 0xFEFFFFFF


mem[X,0x800092F0] -> 0x0593
mem[X,0x800092F2] -> 0x4000
[909] [M]: 0x800092F0 (0x40000593) addi a1, zero, 1024
x11 <- 0x00000400


mem[X,0x800092F4] -> 0x0213
mem[X,0x800092F6] -> 0x0000
[910] [M]: 0x800092F4 (0x00000213) addi tp, zero, 0
x4 <- 0x00000000


mem[X,0x800092F8] -> 0x006F
mem[X,0x800092FA] -> 0x00C0
[911] [M]: 0x800092F8 (0x00C0006F) jal zero, 12


mem[X,0x80009304] -> 0x1663
mem[X,0x80009306] -> 0x00B5
[912] [M]: 0x80009304 (0x00B51663) bne a0, a1, 12


mem[X,0x80009310] -> 0x0213
mem[X,0x80009312] -> 0x0032
[913] [M]: 0x80009310 (0x00320213) addi tp, tp, 3
x4 <- 0x00000003


mem[X,0x80009314] -> 0x006F
mem[X,0x80009316] -> 0x0040
[914] [M]: 0x80009314 (0x0040006F) jal zero, 4


mem[X,0x80009318] -> 0xA623
mem[X,0x8000931A] -> 0x1240
[915] [M]: 0x80009318 (0x1240A623) sw tp, 300(ra)
mem[0x80039394] <- 0x00000003


mem[X,0x8000931C] -> 0x0537
mem[X,0x8000931E] -> 0xF800
[916] [M]: 0x8000931C (0xF8000537) lui a0, 1015808
x10 <- 0xF8000000


mem[X,0x80009320] -> 0x0513
mem[X,0x80009322] -> 0xFFF5
[917] [M]: 0x80009320 (0xFFF50513) addi a0, a0, 4095
x10 <- 0xF7FFFFFF


mem[X,0x80009324] -> 0x0593
mem[X,0x80009326] -> 0xFF90
[918] [M]: 0x80009324 (0xFF900593) addi a1, zero, 4089
x11 <- 0xFFFFFFF9


mem[X,0x80009328] -> 0x0213
mem[X,0x8000932A] -> 0x0000
[919] [M]: 0x80009328 (0x00000213) addi tp, zero, 0
x4 <- 0x00000000


mem[X,0x8000932C] -> 0x006F
mem[X,0x8000932E] -> 0x00C0
[920] [M]: 0x8000932C (0x00C0006F) jal zero, 12


mem[X,0x80009338] -> 0x1063
mem[X,0x8000933A] -> 0x20B5
[921] [M]: 0x80009338 (0x20B51063) bne a0, a1, 512


mem[X,0x80009538] -> 0x0213
mem[X,0x8000953A] -> 0x0032
[922] [M]: 0x80009538 (0x00320213) addi tp, tp, 3
x4 <- 0x00000003


mem[X,0x8000953C] -> 0x006F
mem[X,0x8000953E] -> 0x0040
[923] [M]: 0x8000953C (0x0040006F) jal zero, 4


mem[X,0x80009540] -> 0xA823
mem[X,0x80009542] -> 0x1240
[924] [M]: 0x80009540 (0x1240A823) sw tp, 304(ra)
mem[0x80039398] <- 0x00000003


mem[X,0x80009544] -> 0x0537
mem[X,0x80009546] -> 0xE000
[925] [M]: 0x80009544 (0xE0000537) lui a0, 917504
x10 <- 0xE0000000


mem[X,0x80009548] -> 0x0513
mem[X,0x8000954A] -> 0xFFF5
[926] [M]: 0x80009548 (0xFFF50513) addi a0, a0, 4095
x10 <- 0xDFFFFFFF


mem[X,0x8000954C] -> 0x0593
mem[X,0x8000954E] -> 0x0020
[927] [M]: 0x8000954C (0x00200593) addi a1, zero, 2
x11 <- 0x00000002


mem[X,0x80009550] -> 0x0213
mem[X,0x80009552] -> 0x0000
[928] [M]: 0x80009550 (0x00000213) addi tp, zero, 0
x4 <- 0x00000000


mem[X,0x80009554] -> 0x006F
mem[X,0x80009556] -> 0x2B10
[929] [M]: 0x80009554 (0x2B10006F) jal zero, 2736


mem[X,0x8000A004] -> 0x1A63
mem[X,0x8000A006] -> 0xD4B5
[930] [M]: 0x8000A004 (0xD4B51A63) bne a0, a1, 5460


mem[X,0x80009558] -> 0x0213
mem[X,0x8000955A] -> 0x0012
[931] [M]: 0x80009558 (0x00120213) addi tp, tp, 1
x4 <- 0x00000001


mem[X,0x8000955C] -> 0x006F
mem[X,0x8000955E] -> 0x2BD0
[932] [M]: 0x8000955C (0x2BD0006F) jal zero, 2748


mem[X,0x8000A018] -> 0xAA23
mem[X,0x8000A01A] -> 0x1240
[933] [M]: 0x8000A018 (0x1240AA23) sw tp, 308(ra)
mem[0x8003939C] <- 0x00000001


mem[X,0x8000A01C] -> 0x0537
mem[X,0x8000A01E] -> 0xC000
[934] [M]: 0x8000A01C (0xC0000537) lui a0, 786432
x10 <- 0xC0000000


mem[X,0x8000A020] -> 0x0513
mem[X,0x8000A022] -> 0xFFF5
[935] [M]: 0x8000A020 (0xFFF50513) addi a0, a0, 4095
x10 <- 0xBFFFFFFF


mem[X,0x8000A024] -> 0x05B7
mem[X,0x8000A026] -> 0x0040
[936] [M]: 0x8000A024 (0x004005B7) lui a1, 1024
x11 <- 0x00400000


mem[X,0x8000A028] -> 0x0213
mem[X,0x8000A02A] -> 0x0000
[937] [M]: 0x8000A028 (0x00000213) addi tp, zero, 0
x4 <- 0x00000000


mem[X,0x8000A02C] -> 0x006F
mem[X,0x8000A02E] -> 0x00C0
[938] [M]: 0x8000A02C (0x00C0006F) jal zero, 12


mem[X,0x8000A038] -> 0x1063
mem[X,0x8000A03A] -> 0x20B5
[939] [M]: 0x8000A038 (0x20B51063) bne a0, a1, 512


mem[X,0x8000A238] -> 0x0213
mem[X,0x8000A23A] -> 0x0032
[940] [M]: 0x8000A238 (0x00320213) addi tp, tp, 3
x4 <- 0x00000003


mem[X,0x8000A23C] -> 0x006F
mem[X,0x8000A23E] -> 0x0040
[941] [M]: 0x8000A23C (0x0040006F) jal zero, 4


mem[X,0x8000A240] -> 0xAC23
mem[X,0x8000A242] -> 0x1240
[942] [M]: 0x8000A240 (0x1240AC23) sw tp, 312(ra)
mem[0x800393A0] <- 0x00000003


mem[X,0x8000A244] -> 0x0537
mem[X,0x8000A246] -> 0x8000
[943] [M]: 0x8000A244 (0x80000537) lui a0, 524288
x10 <- 0x80000000


mem[X,0x8000A248] -> 0x0513
mem[X,0x8000A24A] -> 0xFFF5
[944] [M]: 0x8000A248 (0xFFF50513) addi a0, a0, 4095
x10 <- 0x7FFFFFFF


mem[X,0x8000A24C] -> 0x0593
mem[X,0x8000A24E] -> 0x0000
[945] [M]: 0x8000A24C (0x00000593) addi a1, zero, 0
x11 <- 0x00000000


mem[X,0x8000A250] -> 0x0213
mem[X,0x8000A252] -> 0x0000
[946] [M]: 0x8000A250 (0x00000213) addi tp, zero, 0
x4 <- 0x00000000


mem[X,0x8000A254] -> 0x006F
mem[X,0x8000A256] -> 0x00C0
[947] [M]: 0x8000A254 (0x00C0006F) jal zero, 12


mem[X,0x8000A260] -> 0x1863
mem[X,0x8000A262] -> 0x00B5
[948] [M]: 0x8000A260 (0x00B51863) bne a0, a1, 16


mem[X,0x8000A270] -> 0x0213
mem[X,0x8000A272] -> 0x0032
[949] [M]: 0x8000A270 (0x00320213) addi tp, tp, 3
x4 <- 0x00000003


mem[X,0x8000A274] -> 0x006F
mem[X,0x8000A276] -> 0x0040
[950] [M]: 0x8000A274 (0x0040006F) jal zero, 4


mem[X,0x8000A278] -> 0xAE23
mem[X,0x8000A27A] -> 0x1240
[951] [M]: 0x8000A278 (0x1240AE23) sw tp, 316(ra)
mem[0x800393A4] <- 0x00000003


mem[X,0x8000A27C] -> 0x0513
mem[X,0x8000A27E] -> 0x0030
[952] [M]: 0x8000A27C (0x00300513) addi a0, zero, 3
x10 <- 0x00000003


mem[X,0x8000A280] -> 0x0593
mem[X,0x8000A282] -> 0x0030
[953] [M]: 0x8000A280 (0x00300593) addi a1, zero, 3
x11 <- 0x00000003


mem[X,0x8000A284] -> 0x0213
mem[X,0x8000A286] -> 0x0000
[954] [M]: 0x8000A284 (0x00000213) addi tp, zero, 0
x4 <- 0x00000000


mem[X,0x8000A288] -> 0x006F
mem[X,0x8000A28A] -> 0x00C0
[955] [M]: 0x8000A288 (0x00C0006F) jal zero, 12


mem[X,0x8000A294] -> 0x1663
mem[X,0x8000A296] -> 0x00B5
[956] [M]: 0x8000A294 (0x00B51663) bne a0, a1, 12


mem[X,0x8000A298] -> 0x0213
mem[X,0x8000A29A] -> 0x0022
[957] [M]: 0x8000A298 (0x00220213) addi tp, tp, 2
x4 <- 0x00000002


mem[X,0x8000A29C] -> 0x006F
mem[X,0x8000A29E] -> 0x00C0
[958] [M]: 0x8000A29C (0x00C0006F) jal zero, 12


mem[X,0x8000A2A8] -> 0xA023
mem[X,0x8000A2AA] -> 0x1440
[959] [M]: 0x8000A2A8 (0x1440A023) sw tp, 320(ra)
mem[0x800393A8] <- 0x00000002


mem[X,0x8000A2AC] -> 0x0513
mem[X,0x8000A2AE] -> 0x0030
[960] [M]: 0x8000A2AC (0x00300513) addi a0, zero, 3
x10 <- 0x00000003


mem[X,0x8000A2B0] -> 0x55B7
mem[X,0x8000A2B2] -> 0x5555
[961] [M]: 0x8000A2B0 (0x555555B7) lui a1, 349525
x11 <- 0x55555000


mem[X,0x8000A2B4] -> 0x8593
mem[X,0x8000A2B6] -> 0x5555
[962] [M]: 0x8000A2B4 (0x55558593) addi a1, a1, 1365
x11 <- 0x55555555


mem[X,0x8000A2B8] -> 0x0213
mem[X,0x8000A2BA] -> 0x0000
[963] [M]: 0x8000A2B8 (0x00000213) addi tp, zero, 0
x4 <- 0x00000000


mem[X,0x8000A2BC] -> 0x006F
mem[X,0x8000A2BE] -> 0x00C0
[964] [M]: 0x8000A2BC (0x00C0006F) jal zero, 12


mem[X,0x8000A2C8] -> 0x1063
mem[X,0x8000A2CA] -> 0x20B5
[965] [M]: 0x8000A2C8 (0x20B51063) bne a0, a1, 512


mem[X,0x8000A4C8] -> 0x0213
mem[X,0x8000A4CA] -> 0x0032
[966] [M]: 0x8000A4C8 (0x00320213) addi tp, tp, 3
x4 <- 0x00000003


mem[X,0x8000A4CC] -> 0x006F
mem[X,0x8000A4CE] -> 0x0040
[967] [M]: 0x8000A4CC (0x0040006F) jal zero, 4


mem[X,0x8000A4D0] -> 0xA223
mem[X,0x8000A4D2] -> 0x1440
[968] [M]: 0x8000A4D0 (0x1440A223) sw tp, 324(ra)
mem[0x800393AC] <- 0x00000003


mem[X,0x8000A4D4] -> 0x0513
mem[X,0x8000A4D6] -> 0x0030
[969] [M]: 0x8000A4D4 (0x00300513) addi a0, zero, 3
x10 <- 0x00000003


mem[X,0x8000A4D8] -> 0xB5B7
mem[X,0x8000A4DA] -> 0xAAAA
[970] [M]: 0x8000A4D8 (0xAAAAB5B7) lui a1, 699051
x11 <- 0xAAAAB000


mem[X,0x8000A4DC] -> 0x8593
mem[X,0x8000A4DE] -> 0xAAA5
[971] [M]: 0x8000A4DC (0xAAA58593) addi a1, a1, 2730
x11 <- 0xAAAAAAAA


mem[X,0x8000A4E0] -> 0x0213
mem[X,0x8000A4E2] -> 0x0000
[972] [M]: 0x8000A4E0 (0x00000213) addi tp, zero, 0
x4 <- 0x00000000


mem[X,0x8000A4E4] -> 0x006F
mem[X,0x8000A4E6] -> 0x00C0
[973] [M]: 0x8000A4E4 (0x00C0006F) jal zero, 12


mem[X,0x8000A4F0] -> 0x1063
mem[X,0x8000A4F2] -> 0x40B5
[974] [M]: 0x8000A4F0 (0x40B51063) bne a0, a1, 1024


mem[X,0x8000A8F0] -> 0x0213
mem[X,0x8000A8F2] -> 0x0032
[975] [M]: 0x8000A8F0 (0x00320213) addi tp, tp, 3
x4 <- 0x00000003


mem[X,0x8000A8F4] -> 0x006F
mem[X,0x8000A8F6] -> 0x0040
[976] [M]: 0x8000A8F4 (0x0040006F) jal zero, 4


mem[X,0x8000A8F8] -> 0xA423
mem[X,0x8000A8FA] -> 0x1440
[977] [M]: 0x8000A8F8 (0x1440A423) sw tp, 328(ra)
mem[0x800393B0] <- 0x00000003


mem[X,0x8000A8FC] -> 0x0513
mem[X,0x8000A8FE] -> 0x0030
[978] [M]: 0x8000A8FC (0x00300513) addi a0, zero, 3
x10 <- 0x00000003


mem[X,0x8000A900] -> 0x0593
mem[X,0x8000A902] -> 0x0050
[979] [M]: 0x8000A900 (0x00500593) addi a1, zero, 5
x11 <- 0x00000005


mem[X,0x8000A904] -> 0x0213
mem[X,0x8000A906] -> 0x0000
[980] [M]: 0x8000A904 (0x00000213) addi tp, zero, 0
x4 <- 0x00000000


mem[X,0x8000A908] -> 0x006F
mem[X,0x8000A90A] -> 0x00C0
[981] [M]: 0x8000A908 (0x00C0006F) jal zero, 12


mem[X,0x8000A914] -> 0x1063
mem[X,0x8000A916] -> 0x20B5
[982] [M]: 0x8000A914 (0x20B51063) bne a0, a1, 512


mem[X,0x8000AB14] -> 0x0213
mem[X,0x8000AB16] -> 0x0032
[983] [M]: 0x8000AB14 (0x00320213) addi tp, tp, 3
x4 <- 0x00000003


mem[X,0x8000AB18] -> 0x006F
mem[X,0x8000AB1A] -> 0x0040
[984] [M]: 0x8000AB18 (0x0040006F) jal zero, 4


mem[X,0x8000AB1C] -> 0xA623
mem[X,0x8000AB1E] -> 0x1440
[985] [M]: 0x8000AB1C (0x1440A623) sw tp, 332(ra)
mem[0x800393B4] <- 0x00000003


mem[X,0x8000AB20] -> 0x0513
mem[X,0x8000AB22] -> 0x0030
[986] [M]: 0x8000AB20 (0x00300513) addi a0, zero, 3
x10 <- 0x00000003


mem[X,0x8000AB24] -> 0x35B7
mem[X,0x8000AB26] -> 0x3333
[987] [M]: 0x8000AB24 (0x333335B7) lui a1, 209715
x11 <- 0x33333000


mem[X,0x8000AB28] -> 0x8593
mem[X,0x8000AB2A] -> 0x3335
[988] [M]: 0x8000AB28 (0x33358593) addi a1, a1, 819
x11 <- 0x33333333


mem[X,0x8000AB2C] -> 0x0213
mem[X,0x8000AB2E] -> 0x0000
[989] [M]: 0x8000AB2C (0x00000213) addi tp, zero, 0
x4 <- 0x00000000


mem[X,0x8000AB30] -> 0x006F
mem[X,0x8000AB32] -> 0x00C0
[990] [M]: 0x8000AB30 (0x00C0006F) jal zero, 12


mem[X,0x8000AB3C] -> 0x1063
mem[X,0x8000AB3E] -> 0x10B5
[991] [M]: 0x8000AB3C (0x10B51063) bne a0, a1, 256


mem[X,0x8000AC3C] -> 0x0213
mem[X,0x8000AC3E] -> 0x0032
[992] [M]: 0x8000AC3C (0x00320213) addi tp, tp, 3
x4 <- 0x00000003


mem[X,0x8000AC40] -> 0x006F
mem[X,0x8000AC42] -> 0x0040
[993] [M]: 0x8000AC40 (0x0040006F) jal zero, 4


mem[X,0x8000AC44] -> 0xA823
mem[X,0x8000AC46] -> 0x1440
[994] [M]: 0x8000AC44 (0x1440A823) sw tp, 336(ra)
mem[0x800393B8] <- 0x00000003


mem[X,0x8000AC48] -> 0x0513
mem[X,0x8000AC4A] -> 0x0030
[995] [M]: 0x8000AC48 (0x00300513) addi a0, zero, 3
x10 <- 0x00000003


mem[X,0x8000AC4C] -> 0x65B7
mem[X,0x8000AC4E] -> 0x6666
[996] [M]: 0x8000AC4C (0x666665B7) lui a1, 419430
x11 <- 0x66666000


mem[X,0x8000AC50] -> 0x8593
mem[X,0x8000AC52] -> 0x6665
[997] [M]: 0x8000AC50 (0x66658593) addi a1, a1, 1638
x11 <- 0x66666666


mem[X,0x8000AC54] -> 0x0213
mem[X,0x8000AC56] -> 0x0000
[998] [M]: 0x8000AC54 (0x00000213) addi tp, zero, 0
x4 <- 0x00000000


mem[X,0x8000AC58] -> 0x006F
mem[X,0x8000AC5A] -> 0x00C0
[999] [M]: 0x8000AC58 (0x00C0006F) jal zero, 12


clint::tick mtime <- 0x000000000000000A
 clint timer pending at mtime 0x000000000000000A
htif::tick 0x0000000000000000
mem[X,0x8000AC64] -> 0x1063
mem[X,0x8000AC66] -> 0x40B5
[1000] [M]: 0x8000AC64 (0x40B51063) bne a0, a1, 1024


mem[X,0x8000B064] -> 0x0213
mem[X,0x8000B066] -> 0x0032
[1001] [M]: 0x8000B064 (0x00320213) addi tp, tp, 3
x4 <- 0x00000003


mem[X,0x8000B068] -> 0x006F
mem[X,0x8000B06A] -> 0x0040
[1002] [M]: 0x8000B068 (0x0040006F) jal zero, 4


mem[X,0x8000B06C] -> 0xAA23
mem[X,0x8000B06E] -> 0x1440
[1003] [M]: 0x8000B06C (0x1440AA23) sw tp, 340(ra)
mem[0x800393BC] <- 0x00000003


mem[X,0x8000B070] -> 0x0513
mem[X,0x8000B072] -> 0x0030
[1004] [M]: 0x8000B070 (0x00300513) addi a0, zero, 3
x10 <- 0x00000003


mem[X,0x8000B074] -> 0x55B7
mem[X,0x8000B076] -> 0xFFFF
[1005] [M]: 0x8000B074 (0xFFFF55B7) lui a1, 1048565
x11 <- 0xFFFF5000


mem[X,0x8000B078] -> 0x8593
mem[X,0x8000B07A] -> 0xAFC5
[1006] [M]: 0x8000B078 (0xAFC58593) addi a1, a1, 2812
x11 <- 0xFFFF4AFC


mem[X,0x8000B07C] -> 0x0213
mem[X,0x8000B07E] -> 0x0000
[1007] [M]: 0x8000B07C (0x00000213) addi tp, zero, 0
x4 <- 0x00000000


mem[X,0x8000B080] -> 0x006F
mem[X,0x8000B082] -> 0x00C0
[1008] [M]: 0x8000B080 (0x00C0006F) jal zero, 12


mem[X,0x8000B08C] -> 0x1863
mem[X,0x8000B08E] -> 0x00B5
[1009] [M]: 0x8000B08C (0x00B51863) bne a0, a1, 16


mem[X,0x8000B09C] -> 0x0213
mem[X,0x8000B09E] -> 0x0032
[1010] [M]: 0x8000B09C (0x00320213) addi tp, tp, 3
x4 <- 0x00000003


mem[X,0x8000B0A0] -> 0x006F
mem[X,0x8000B0A2] -> 0x0040
[1011] [M]: 0x8000B0A0 (0x0040006F) jal zero, 4


mem[X,0x8000B0A4] -> 0xAC23
mem[X,0x8000B0A6] -> 0x1440
[1012] [M]: 0x8000B0A4 (0x1440AC23) sw tp, 344(ra)
mem[0x800393C0] <- 0x00000003


mem[X,0x8000B0A8] -> 0x0513
mem[X,0x8000B0AA] -> 0x0030
[1013] [M]: 0x8000B0A8 (0x00300513) addi a0, zero, 3
x10 <- 0x00000003


mem[X,0x8000B0AC] -> 0xB5B7
mem[X,0x8000B0AE] -> 0x0000
[1014] [M]: 0x8000B0AC (0x0000B5B7) lui a1, 11
x11 <- 0x0000B000


mem[X,0x8000B0B0] -> 0x8593
mem[X,0x8000B0B2] -> 0x5045
[1015] [M]: 0x8000B0B0 (0x50458593) addi a1, a1, 1284
x11 <- 0x0000B504


mem[X,0x8000B0B4] -> 0x0213
mem[X,0x8000B0B6] -> 0x0000
[1016] [M]: 0x8000B0B4 (0x00000213) addi tp, zero, 0
x4 <- 0x00000000


mem[X,0x8000B0B8] -> 0x006F
mem[X,0x8000B0BA] -> 0x00C0
[1017] [M]: 0x8000B0B8 (0x00C0006F) jal zero, 12


mem[X,0x8000B0C4] -> 0x1663
mem[X,0x8000B0C6] -> 0x00B5
[1018] [M]: 0x8000B0C4 (0x00B51663) bne a0, a1, 12


mem[X,0x8000B0D0] -> 0x0213
mem[X,0x8000B0D2] -> 0x0032
[1019] [M]: 0x8000B0D0 (0x00320213) addi tp, tp, 3
x4 <- 0x00000003


mem[X,0x8000B0D4] -> 0x006F
mem[X,0x8000B0D6] -> 0x0040
[1020] [M]: 0x8000B0D4 (0x0040006F) jal zero, 4


mem[X,0x8000B0D8] -> 0xAE23
mem[X,0x8000B0DA] -> 0x1440
[1021] [M]: 0x8000B0D8 (0x1440AE23) sw tp, 348(ra)
mem[0x800393C4] <- 0x00000003


mem[X,0x8000B0DC] -> 0x0513
mem[X,0x8000B0DE] -> 0x0030
[1022] [M]: 0x8000B0DC (0x00300513) addi a0, zero, 3
x10 <- 0x00000003


mem[X,0x8000B0E0] -> 0x0593
mem[X,0x8000B0E2] -> 0x0020
[1023] [M]: 0x8000B0E0 (0x00200593) addi a1, zero, 2
x11 <- 0x00000002


mem[X,0x8000B0E4] -> 0x0213
mem[X,0x8000B0E6] -> 0x0000
[1024] [M]: 0x8000B0E4 (0x00000213) addi tp, zero, 0
x4 <- 0x00000000


mem[X,0x8000B0E8] -> 0x006F
mem[X,0x8000B0EA] -> 0x0180
[1025] [M]: 0x8000B0E8 (0x0180006F) jal zero, 24


mem[X,0x8000B100] -> 0x16E3
mem[X,0x8000B102] -> 0xFEB5
[1026] [M]: 0x8000B100 (0xFEB516E3) bne a0, a1, 8172


mem[X,0x8000B0EC] -> 0x0213
mem[X,0x8000B0EE] -> 0x0012
[1027] [M]: 0x8000B0EC (0x00120213) addi tp, tp, 1
x4 <- 0x00000001


mem[X,0x8000B0F0] -> 0x006F
mem[X,0x8000B0F2] -> 0x0240
[1028] [M]: 0x8000B0F0 (0x0240006F) jal zero, 36


mem[X,0x8000B114] -> 0xA023
mem[X,0x8000B116] -> 0x1640
[1029] [M]: 0x8000B114 (0x1640A023) sw tp, 352(ra)
mem[0x800393C8] <- 0x00000001


mem[X,0x8000B118] -> 0x0513
mem[X,0x8000B11A] -> 0x0030
[1030] [M]: 0x8000B118 (0x00300513) addi a0, zero, 3
x10 <- 0x00000003


mem[X,0x8000B11C] -> 0x55B7
mem[X,0x8000B11E] -> 0x5555
[1031] [M]: 0x8000B11C (0x555555B7) lui a1, 349525
x11 <- 0x55555000


mem[X,0x8000B120] -> 0x8593
mem[X,0x8000B122] -> 0x5545
[1032] [M]: 0x8000B120 (0x55458593) addi a1, a1, 1364
x11 <- 0x55555554


mem[X,0x8000B124] -> 0x0213
mem[X,0x8000B126] -> 0x0000
[1033] [M]: 0x8000B124 (0x00000213) addi tp, zero, 0
x4 <- 0x00000000


mem[X,0x8000B128] -> 0x006F
mem[X,0x8000B12A] -> 0x00C0
[1034] [M]: 0x8000B128 (0x00C0006F) jal zero, 12


mem[X,0x8000B134] -> 0x1063
mem[X,0x8000B136] -> 0x04B5
[1035] [M]: 0x8000B134 (0x04B51063) bne a0, a1, 64


mem[X,0x8000B174] -> 0x0213
mem[X,0x8000B176] -> 0x0032
[1036] [M]: 0x8000B174 (0x00320213) addi tp, tp, 3
x4 <- 0x00000003


mem[X,0x8000B178] -> 0x006F
mem[X,0x8000B17A] -> 0x0040
[1037] [M]: 0x8000B178 (0x0040006F) jal zero, 4


mem[X,0x8000B17C] -> 0xA223
mem[X,0x8000B17E] -> 0x1640
[1038] [M]: 0x8000B17C (0x1640A223) sw tp, 356(ra)
mem[0x800393CC] <- 0x00000003


mem[X,0x8000B180] -> 0x0513
mem[X,0x8000B182] -> 0x0030
[1039] [M]: 0x8000B180 (0x00300513) addi a0, zero, 3
x10 <- 0x00000003


mem[X,0x8000B184] -> 0x0593
mem[X,0x8000B186] -> 0x0000
[1040] [M]: 0x8000B184 (0x00000593) addi a1, zero, 0
x11 <- 0x00000000


mem[X,0x8000B188] -> 0x0213
mem[X,0x8000B18A] -> 0x0000
[1041] [M]: 0x8000B188 (0x00000213) addi tp, zero, 0
x4 <- 0x00000000


mem[X,0x8000B18C] -> 0x006F
mem[X,0x8000B18E] -> 0x00C0
[1042] [M]: 0x8000B18C (0x00C0006F) jal zero, 12


mem[X,0x8000B198] -> 0x1CE3
mem[X,0x8000B19A] -> 0xFEB5
[1043] [M]: 0x8000B198 (0xFEB51CE3) bne a0, a1, 8184


mem[X,0x8000B190] -> 0x0213
mem[X,0x8000B192] -> 0x0012
[1044] [M]: 0x8000B190 (0x00120213) addi tp, tp, 1
x4 <- 0x00000001


mem[X,0x8000B194] -> 0x006F
mem[X,0x8000B196] -> 0x0180
[1045] [M]: 0x8000B194 (0x0180006F) jal zero, 24


mem[X,0x8000B1AC] -> 0xA423
mem[X,0x8000B1AE] -> 0x1640
[1046] [M]: 0x8000B1AC (0x1640A423) sw tp, 360(ra)
mem[0x800393D0] <- 0x00000001


mem[X,0x8000B1B0] -> 0x0513
mem[X,0x8000B1B2] -> 0x0030
[1047] [M]: 0x8000B1B0 (0x00300513) addi a0, zero, 3
x10 <- 0x00000003


mem[X,0x8000B1B4] -> 0x0593
mem[X,0x8000B1B6] -> 0x0040
[1048] [M]: 0x8000B1B4 (0x00400593) addi a1, zero, 4
x11 <- 0x00000004


mem[X,0x8000B1B8] -> 0x0213
mem[X,0x8000B1BA] -> 0x0000
[1049] [M]: 0x8000B1B8 (0x00000213) addi tp, zero, 0
x4 <- 0x00000000


mem[X,0x8000B1BC] -> 0x006F
mem[X,0x8000B1BE] -> 0x00C0
[1050] [M]: 0x8000B1BC (0x00C0006F) jal zero, 12


mem[X,0x8000B1C8] -> 0x1063
mem[X,0x8000B1CA] -> 0x04B5
[1051] [M]: 0x8000B1C8 (0x04B51063) bne a0, a1, 64


mem[X,0x8000B208] -> 0x0213
mem[X,0x8000B20A] -> 0x0032
[1052] [M]: 0x8000B208 (0x00320213) addi tp, tp, 3
x4 <- 0x00000003


mem[X,0x8000B20C] -> 0x006F
mem[X,0x8000B20E] -> 0x0040
[1053] [M]: 0x8000B20C (0x0040006F) jal zero, 4


mem[X,0x8000B210] -> 0xA623
mem[X,0x8000B212] -> 0x1640
[1054] [M]: 0x8000B210 (0x1640A623) sw tp, 364(ra)
mem[0x800393D4] <- 0x00000003


mem[X,0x8000B214] -> 0x0513
mem[X,0x8000B216] -> 0x0030
[1055] [M]: 0x8000B214 (0x00300513) addi a0, zero, 3
x10 <- 0x00000003


mem[X,0x8000B218] -> 0x35B7
mem[X,0x8000B21A] -> 0x3333
[1056] [M]: 0x8000B218 (0x333335B7) lui a1, 209715
x11 <- 0x33333000


mem[X,0x8000B21C] -> 0x8593
mem[X,0x8000B21E] -> 0x3325
[1057] [M]: 0x8000B21C (0x33258593) addi a1, a1, 818
x11 <- 0x33333332


mem[X,0x8000B220] -> 0x0213
mem[X,0x8000B222] -> 0x0000
[1058] [M]: 0x8000B220 (0x00000213) addi tp, zero, 0
x4 <- 0x00000000


mem[X,0x8000B224] -> 0x006F
mem[X,0x8000B226] -> 0x00C0
[1059] [M]: 0x8000B224 (0x00C0006F) jal zero, 12


mem[X,0x8000B230] -> 0x1CE3
mem[X,0x8000B232] -> 0xFEB5
[1060] [M]: 0x8000B230 (0xFEB51CE3) bne a0, a1, 8184


mem[X,0x8000B228] -> 0x0213
mem[X,0x8000B22A] -> 0x0012
[1061] [M]: 0x8000B228 (0x00120213) addi tp, tp, 1
x4 <- 0x00000001


mem[X,0x8000B22C] -> 0x006F
mem[X,0x8000B22E] -> 0x0180
[1062] [M]: 0x8000B22C (0x0180006F) jal zero, 24


mem[X,0x8000B244] -> 0xA823
mem[X,0x8000B246] -> 0x1640
[1063] [M]: 0x8000B244 (0x1640A823) sw tp, 368(ra)
mem[0x800393D8] <- 0x00000001


mem[X,0x8000B248] -> 0x0513
mem[X,0x8000B24A] -> 0x0030
[1064] [M]: 0x8000B248 (0x00300513) addi a0, zero, 3
x10 <- 0x00000003


mem[X,0x8000B24C] -> 0x65B7
mem[X,0x8000B24E] -> 0x6666
[1065] [M]: 0x8000B24C (0x666665B7) lui a1, 419430
x11 <- 0x66666000


mem[X,0x8000B250] -> 0x8593
mem[X,0x8000B252] -> 0x6655
[1066] [M]: 0x8000B250 (0x66558593) addi a1, a1, 1637
x11 <- 0x66666665


mem[X,0x8000B254] -> 0x0213
mem[X,0x8000B256] -> 0x0000
[1067] [M]: 0x8000B254 (0x00000213) addi tp, zero, 0
x4 <- 0x00000000


mem[X,0x8000B258] -> 0x006F
mem[X,0x8000B25A] -> 0x00C0
[1068] [M]: 0x8000B258 (0x00C0006F) jal zero, 12


mem[X,0x8000B264] -> 0x1063
mem[X,0x8000B266] -> 0x40B5
[1069] [M]: 0x8000B264 (0x40B51063) bne a0, a1, 1024


mem[X,0x8000B664] -> 0x0213
mem[X,0x8000B666] -> 0x0032
[1070] [M]: 0x8000B664 (0x00320213) addi tp, tp, 3
x4 <- 0x00000003


mem[X,0x8000B668] -> 0x006F
mem[X,0x8000B66A] -> 0x0040
[1071] [M]: 0x8000B668 (0x0040006F) jal zero, 4


mem[X,0x8000B66C] -> 0xAA23
mem[X,0x8000B66E] -> 0x1640
[1072] [M]: 0x8000B66C (0x1640AA23) sw tp, 372(ra)
mem[0x800393DC] <- 0x00000003


mem[X,0x8000B670] -> 0x0513
mem[X,0x8000B672] -> 0x0030
[1073] [M]: 0x8000B670 (0x00300513) addi a0, zero, 3
x10 <- 0x00000003


mem[X,0x8000B674] -> 0xB5B7
mem[X,0x8000B676] -> 0x0000
[1074] [M]: 0x8000B674 (0x0000B5B7) lui a1, 11
x11 <- 0x0000B000


mem[X,0x8000B678] -> 0x8593
mem[X,0x8000B67A] -> 0x5035
[1075] [M]: 0x8000B678 (0x50358593) addi a1, a1, 1283
x11 <- 0x0000B503


mem[X,0x8000B67C] -> 0x0213
mem[X,0x8000B67E] -> 0x0000
[1076] [M]: 0x8000B67C (0x00000213) addi tp, zero, 0
x4 <- 0x00000000


mem[X,0x8000B680] -> 0x006F
mem[X,0x8000B682] -> 0x00C0
[1077] [M]: 0x8000B680 (0x00C0006F) jal zero, 12


mem[X,0x8000B68C] -> 0x1063
mem[X,0x8000B68E] -> 0x02B5
[1078] [M]: 0x8000B68C (0x02B51063) bne a0, a1, 32


mem[X,0x8000B6AC] -> 0x0213
mem[X,0x8000B6AE] -> 0x0032
[1079] [M]: 0x8000B6AC (0x00320213) addi tp, tp, 3
x4 <- 0x00000003


mem[X,0x8000B6B0] -> 0x006F
mem[X,0x8000B6B2] -> 0x0040
[1080] [M]: 0x8000B6B0 (0x0040006F) jal zero, 4


mem[X,0x8000B6B4] -> 0xAC23
mem[X,0x8000B6B6] -> 0x1640
[1081] [M]: 0x8000B6B4 (0x1640AC23) sw tp, 376(ra)
mem[0x800393E0] <- 0x00000003


mem[X,0x8000B6B8] -> 0x0513
mem[X,0x8000B6BA] -> 0x0030
[1082] [M]: 0x8000B6B8 (0x00300513) addi a0, zero, 3
x10 <- 0x00000003


mem[X,0x8000B6BC] -> 0x55B7
mem[X,0x8000B6BE] -> 0x5555
[1083] [M]: 0x8000B6BC (0x555555B7) lui a1, 349525
x11 <- 0x55555000


mem[X,0x8000B6C0] -> 0x8593
mem[X,0x8000B6C2] -> 0x5565
[1084] [M]: 0x8000B6C0 (0x55658593) addi a1, a1, 1366
x11 <- 0x55555556


mem[X,0x8000B6C4] -> 0x0213
mem[X,0x8000B6C6] -> 0x0000
[1085] [M]: 0x8000B6C4 (0x00000213) addi tp, zero, 0
x4 <- 0x00000000


mem[X,0x8000B6C8] -> 0x006F
mem[X,0x8000B6CA] -> 0x2B10
[1086] [M]: 0x8000B6C8 (0x2B10006F) jal zero, 2736


mem[X,0x8000C178] -> 0x1A63
mem[X,0x8000C17A] -> 0xD4B5
[1087] [M]: 0x8000C178 (0xD4B51A63) bne a0, a1, 5460


mem[X,0x8000B6CC] -> 0x0213
mem[X,0x8000B6CE] -> 0x0012
[1088] [M]: 0x8000B6CC (0x00120213) addi tp, tp, 1
x4 <- 0x00000001


mem[X,0x8000B6D0] -> 0x006F
mem[X,0x8000B6D2] -> 0x2BD0
[1089] [M]: 0x8000B6D0 (0x2BD0006F) jal zero, 2748


mem[X,0x8000C18C] -> 0xAE23
mem[X,0x8000C18E] -> 0x1640
[1090] [M]: 0x8000C18C (0x1640AE23) sw tp, 380(ra)
mem[0x800393E4] <- 0x00000001


mem[X,0x8000C190] -> 0x0513
mem[X,0x8000C192] -> 0x0030
[1091] [M]: 0x8000C190 (0x00300513) addi a0, zero, 3
x10 <- 0x00000003


mem[X,0x8000C194] -> 0xB5B7
mem[X,0x8000C196] -> 0xAAAA
[1092] [M]: 0x8000C194 (0xAAAAB5B7) lui a1, 699051
x11 <- 0xAAAAB000


mem[X,0x8000C198] -> 0x8593
mem[X,0x8000C19A] -> 0xAAB5
[1093] [M]: 0x8000C198 (0xAAB58593) addi a1, a1, 2731
x11 <- 0xAAAAAAAB


mem[X,0x8000C19C] -> 0x0213
mem[X,0x8000C19E] -> 0x0000
[1094] [M]: 0x8000C19C (0x00000213) addi tp, zero, 0
x4 <- 0x00000000


mem[X,0x8000C1A0] -> 0x006F
mem[X,0x8000C1A2] -> 0x00C0
[1095] [M]: 0x8000C1A0 (0x00C0006F) jal zero, 12


mem[X,0x8000C1AC] -> 0x1063
mem[X,0x8000C1AE] -> 0x08B5
[1096] [M]: 0x8000C1AC (0x08B51063) bne a0, a1, 128


mem[X,0x8000C22C] -> 0x0213
mem[X,0x8000C22E] -> 0x0032
[1097] [M]: 0x8000C22C (0x00320213) addi tp, tp, 3
x4 <- 0x00000003


mem[X,0x8000C230] -> 0x006F
mem[X,0x8000C232] -> 0x0040
[1098] [M]: 0x8000C230 (0x0040006F) jal zero, 4


mem[X,0x8000C234] -> 0xA023
mem[X,0x8000C236] -> 0x1840
[1099] [M]: 0x8000C234 (0x1840A023) sw tp, 384(ra)
mem[0x800393E8] <- 0x00000003


clint::tick mtime <- 0x000000000000000B
 clint timer pending at mtime 0x000000000000000B
htif::tick 0x0000000000000000
mem[X,0x8000C238] -> 0x0513
mem[X,0x8000C23A] -> 0x0030
[1100] [M]: 0x8000C238 (0x00300513) addi a0, zero, 3
x10 <- 0x00000003


mem[X,0x8000C23C] -> 0x0593
mem[X,0x8000C23E] -> 0x0060
[1101] [M]: 0x8000C23C (0x00600593) addi a1, zero, 6
x11 <- 0x00000006


mem[X,0x8000C240] -> 0x0213
mem[X,0x8000C242] -> 0x0000
[1102] [M]: 0x8000C240 (0x00000213) addi tp, zero, 0
x4 <- 0x00000000


mem[X,0x8000C244] -> 0x006F
mem[X,0x8000C246] -> 0x00C0
[1103] [M]: 0x8000C244 (0x00C0006F) jal zero, 12


mem[X,0x8000C250] -> 0x1CE3
mem[X,0x8000C252] -> 0xFEB5
[1104] [M]: 0x8000C250 (0xFEB51CE3) bne a0, a1, 8184


mem[X,0x8000C248] -> 0x0213
mem[X,0x8000C24A] -> 0x0012
[1105] [M]: 0x8000C248 (0x00120213) addi tp, tp, 1
x4 <- 0x00000001


mem[X,0x8000C24C] -> 0x006F
mem[X,0x8000C24E] -> 0x0180
[1106] [M]: 0x8000C24C (0x0180006F) jal zero, 24


mem[X,0x8000C264] -> 0xA223
mem[X,0x8000C266] -> 0x1840
[1107] [M]: 0x8000C264 (0x1840A223) sw tp, 388(ra)
mem[0x800393EC] <- 0x00000001


mem[X,0x8000C268] -> 0x0513
mem[X,0x8000C26A] -> 0x0030
[1108] [M]: 0x8000C268 (0x00300513) addi a0, zero, 3
x10 <- 0x00000003


mem[X,0x8000C26C] -> 0x35B7
mem[X,0x8000C26E] -> 0x3333
[1109] [M]: 0x8000C26C (0x333335B7) lui a1, 209715
x11 <- 0x33333000


mem[X,0x8000C270] -> 0x8593
mem[X,0x8000C272] -> 0x3345
[1110] [M]: 0x8000C270 (0x33458593) addi a1, a1, 820
x11 <- 0x33333334


mem[X,0x8000C274] -> 0x0213
mem[X,0x8000C276] -> 0x0000
[1111] [M]: 0x8000C274 (0x00000213) addi tp, zero, 0
x4 <- 0x00000000


mem[X,0x8000C278] -> 0x006F
mem[X,0x8000C27A] -> 0x00C0
[1112] [M]: 0x8000C278 (0x00C0006F) jal zero, 12


mem[X,0x8000C284] -> 0x1CE3
mem[X,0x8000C286] -> 0xFEB5
[1113] [M]: 0x8000C284 (0xFEB51CE3) bne a0, a1, 8184


mem[X,0x8000C27C] -> 0x0213
mem[X,0x8000C27E] -> 0x0012
[1114] [M]: 0x8000C27C (0x00120213) addi tp, tp, 1
x4 <- 0x00000001


mem[X,0x8000C280] -> 0x006F
mem[X,0x8000C282] -> 0x0180
[1115] [M]: 0x8000C280 (0x0180006F) jal zero, 24


mem[X,0x8000C298] -> 0xA423
mem[X,0x8000C29A] -> 0x1840
[1116] [M]: 0x8000C298 (0x1840A423) sw tp, 392(ra)
mem[0x800393F0] <- 0x00000001


mem[X,0x8000C29C] -> 0x0513
mem[X,0x8000C29E] -> 0x0030
[1117] [M]: 0x8000C29C (0x00300513) addi a0, zero, 3
x10 <- 0x00000003


mem[X,0x8000C2A0] -> 0x65B7
mem[X,0x8000C2A2] -> 0x6666
[1118] [M]: 0x8000C2A0 (0x666665B7) lui a1, 419430
x11 <- 0x66666000


mem[X,0x8000C2A4] -> 0x8593
mem[X,0x8000C2A6] -> 0x6675
[1119] [M]: 0x8000C2A4 (0x66758593) addi a1, a1, 1639
x11 <- 0x66666667


mem[X,0x8000C2A8] -> 0x0213
mem[X,0x8000C2AA] -> 0x0000
[1120] [M]: 0x8000C2A8 (0x00000213) addi tp, zero, 0
x4 <- 0x00000000


mem[X,0x8000C2AC] -> 0x006F
mem[X,0x8000C2AE] -> 0x00C0
[1121] [M]: 0x8000C2AC (0x00C0006F) jal zero, 12


mem[X,0x8000C2B8] -> 0x1863
mem[X,0x8000C2BA] -> 0x00B5
[1122] [M]: 0x8000C2B8 (0x00B51863) bne a0, a1, 16


mem[X,0x8000C2C8] -> 0x0213
mem[X,0x8000C2CA] -> 0x0032
[1123] [M]: 0x8000C2C8 (0x00320213) addi tp, tp, 3
x4 <- 0x00000003


mem[X,0x8000C2CC] -> 0x006F
mem[X,0x8000C2CE] -> 0x0040
[1124] [M]: 0x8000C2CC (0x0040006F) jal zero, 4


mem[X,0x8000C2D0] -> 0xA623
mem[X,0x8000C2D2] -> 0x1840
[1125] [M]: 0x8000C2D0 (0x1840A623) sw tp, 396(ra)
mem[0x800393F4] <- 0x00000003


mem[X,0x8000C2D4] -> 0x0513
mem[X,0x8000C2D6] -> 0x0030
[1126] [M]: 0x8000C2D4 (0x00300513) addi a0, zero, 3
x10 <- 0x00000003


mem[X,0x8000C2D8] -> 0x55B7
mem[X,0x8000C2DA] -> 0xFFFF
[1127] [M]: 0x8000C2D8 (0xFFFF55B7) lui a1, 1048565
x11 <- 0xFFFF5000


mem[X,0x8000C2DC] -> 0x8593
mem[X,0x8000C2DE] -> 0xAFD5
[1128] [M]: 0x8000C2DC (0xAFD58593) addi a1, a1, 2813
x11 <- 0xFFFF4AFD


mem[X,0x8000C2E0] -> 0x0213
mem[X,0x8000C2E2] -> 0x0000
[1129] [M]: 0x8000C2E0 (0x00000213) addi tp, zero, 0
x4 <- 0x00000000


mem[X,0x8000C2E4] -> 0x006F
mem[X,0x8000C2E6] -> 0x0140
[1130] [M]: 0x8000C2E4 (0x0140006F) jal zero, 20


mem[X,0x8000C2F8] -> 0x18E3
mem[X,0x8000C2FA] -> 0xFEB5
[1131] [M]: 0x8000C2F8 (0xFEB518E3) bne a0, a1, 8176


mem[X,0x8000C2E8] -> 0x0213
mem[X,0x8000C2EA] -> 0x0012
[1132] [M]: 0x8000C2E8 (0x00120213) addi tp, tp, 1
x4 <- 0x00000001


mem[X,0x8000C2EC] -> 0x006F
mem[X,0x8000C2EE] -> 0x0200
[1133] [M]: 0x8000C2EC (0x0200006F) jal zero, 32


mem[X,0x8000C30C] -> 0xA823
mem[X,0x8000C30E] -> 0x1840
[1134] [M]: 0x8000C30C (0x1840A823) sw tp, 400(ra)
mem[0x800393F8] <- 0x00000001


mem[X,0x8000C310] -> 0x0513
mem[X,0x8000C312] -> 0x0030
[1135] [M]: 0x8000C310 (0x00300513) addi a0, zero, 3
x10 <- 0x00000003


mem[X,0x8000C314] -> 0xB5B7
mem[X,0x8000C316] -> 0x0000
[1136] [M]: 0x8000C314 (0x0000B5B7) lui a1, 11
x11 <- 0x0000B000


mem[X,0x8000C318] -> 0x8593
mem[X,0x8000C31A] -> 0x5055
[1137] [M]: 0x8000C318 (0x50558593) addi a1, a1, 1285
x11 <- 0x0000B505


mem[X,0x8000C31C] -> 0x0213
mem[X,0x8000C31E] -> 0x0000
[1138] [M]: 0x8000C31C (0x00000213) addi tp, zero, 0
x4 <- 0x00000000


mem[X,0x8000C320] -> 0x006F
mem[X,0x8000C322] -> 0x0100
[1139] [M]: 0x8000C320 (0x0100006F) jal zero, 16


mem[X,0x8000C330] -> 0x1AE3
mem[X,0x8000C332] -> 0xFEB5
[1140] [M]: 0x8000C330 (0xFEB51AE3) bne a0, a1, 8180


mem[X,0x8000C324] -> 0x0213
mem[X,0x8000C326] -> 0x0012
[1141] [M]: 0x8000C324 (0x00120213) addi tp, tp, 1
x4 <- 0x00000001


mem[X,0x8000C328] -> 0x006F
mem[X,0x8000C32A] -> 0x01C0
[1142] [M]: 0x8000C328 (0x01C0006F) jal zero, 28


mem[X,0x8000C344] -> 0xAA23
mem[X,0x8000C346] -> 0x1840
[1143] [M]: 0x8000C344 (0x1840AA23) sw tp, 404(ra)
mem[0x800393FC] <- 0x00000001


mem[X,0x8000C348] -> 0x5537
mem[X,0x8000C34A] -> 0x5555
[1144] [M]: 0x8000C348 (0x55555537) lui a0, 349525
x10 <- 0x55555000


mem[X,0x8000C34C] -> 0x0513
mem[X,0x8000C34E] -> 0x5555
[1145] [M]: 0x8000C34C (0x55550513) addi a0, a0, 1365
x10 <- 0x55555555


mem[X,0x8000C350] -> 0x0593
mem[X,0x8000C352] -> 0x0030
[1146] [M]: 0x8000C350 (0x00300593) addi a1, zero, 3
x11 <- 0x00000003


mem[X,0x8000C354] -> 0x0213
mem[X,0x8000C356] -> 0x0000
[1147] [M]: 0x8000C354 (0x00000213) addi tp, zero, 0
x4 <- 0x00000000


mem[X,0x8000C358] -> 0x006F
mem[X,0x8000C35A] -> 0x00C0
[1148] [M]: 0x8000C358 (0x00C0006F) jal zero, 12


mem[X,0x8000C364] -> 0x1063
mem[X,0x8000C366] -> 0x04B5
[1149] [M]: 0x8000C364 (0x04B51063) bne a0, a1, 64


mem[X,0x8000C3A4] -> 0x0213
mem[X,0x8000C3A6] -> 0x0032
[1150] [M]: 0x8000C3A4 (0x00320213) addi tp, tp, 3
x4 <- 0x00000003


mem[X,0x8000C3A8] -> 0x006F
mem[X,0x8000C3AA] -> 0x0040
[1151] [M]: 0x8000C3A8 (0x0040006F) jal zero, 4


mem[X,0x8000C3AC] -> 0xAC23
mem[X,0x8000C3AE] -> 0x1840
[1152] [M]: 0x8000C3AC (0x1840AC23) sw tp, 408(ra)
mem[0x80039400] <- 0x00000003


mem[X,0x8000C3B0] -> 0x5537
mem[X,0x8000C3B2] -> 0x5555
[1153] [M]: 0x8000C3B0 (0x55555537) lui a0, 349525
x10 <- 0x55555000


mem[X,0x8000C3B4] -> 0x0513
mem[X,0x8000C3B6] -> 0x5555
[1154] [M]: 0x8000C3B4 (0x55550513) addi a0, a0, 1365
x10 <- 0x55555555


mem[X,0x8000C3B8] -> 0x55B7
mem[X,0x8000C3BA] -> 0x5555
[1155] [M]: 0x8000C3B8 (0x555555B7) lui a1, 349525
x11 <- 0x55555000


mem[X,0x8000C3BC] -> 0x8593
mem[X,0x8000C3BE] -> 0x5555
[1156] [M]: 0x8000C3BC (0x55558593) addi a1, a1, 1365
x11 <- 0x55555555


mem[X,0x8000C3C0] -> 0x0213
mem[X,0x8000C3C2] -> 0x0000
[1157] [M]: 0x8000C3C0 (0x00000213) addi tp, zero, 0
x4 <- 0x00000000


mem[X,0x8000C3C4] -> 0x006F
mem[X,0x8000C3C6] -> 0x00C0
[1158] [M]: 0x8000C3C4 (0x00C0006F) jal zero, 12


mem[X,0x8000C3D0] -> 0x1063
mem[X,0x8000C3D2] -> 0x20B5
[1159] [M]: 0x8000C3D0 (0x20B51063) bne a0, a1, 512


mem[X,0x8000C3D4] -> 0x0213
mem[X,0x8000C3D6] -> 0x0022
[1160] [M]: 0x8000C3D4 (0x00220213) addi tp, tp, 2
x4 <- 0x00000002


mem[X,0x8000C3D8] -> 0x006F
mem[X,0x8000C3DA] -> 0x2000
[1161] [M]: 0x8000C3D8 (0x2000006F) jal zero, 512


mem[X,0x8000C5D8] -> 0xAE23
mem[X,0x8000C5DA] -> 0x1840
[1162] [M]: 0x8000C5D8 (0x1840AE23) sw tp, 412(ra)
mem[0x80039404] <- 0x00000002


mem[X,0x8000C5DC] -> 0x5537
mem[X,0x8000C5DE] -> 0x5555
[1163] [M]: 0x8000C5DC (0x55555537) lui a0, 349525
x10 <- 0x55555000


mem[X,0x8000C5E0] -> 0x0513
mem[X,0x8000C5E2] -> 0x5555
[1164] [M]: 0x8000C5E0 (0x55550513) addi a0, a0, 1365
x10 <- 0x55555555


mem[X,0x8000C5E4] -> 0xB5B7
mem[X,0x8000C5E6] -> 0xAAAA
[1165] [M]: 0x8000C5E4 (0xAAAAB5B7) lui a1, 699051
x11 <- 0xAAAAB000


mem[X,0x8000C5E8] -> 0x8593
mem[X,0x8000C5EA] -> 0xAAA5
[1166] [M]: 0x8000C5E8 (0xAAA58593) addi a1, a1, 2730
x11 <- 0xAAAAAAAA


mem[X,0x8000C5EC] -> 0x0213
mem[X,0x8000C5EE] -> 0x0000
[1167] [M]: 0x8000C5EC (0x00000213) addi tp, zero, 0
x4 <- 0x00000000


mem[X,0x8000C5F0] -> 0x006F
mem[X,0x8000C5F2] -> 0x00C0
[1168] [M]: 0x8000C5F0 (0x00C0006F) jal zero, 12


mem[X,0x8000C5FC] -> 0x1663
mem[X,0x8000C5FE] -> 0x00B5
[1169] [M]: 0x8000C5FC (0x00B51663) bne a0, a1, 12


mem[X,0x8000C608] -> 0x0213
mem[X,0x8000C60A] -> 0x0032
[1170] [M]: 0x8000C608 (0x00320213) addi tp, tp, 3
x4 <- 0x00000003


mem[X,0x8000C60C] -> 0x006F
mem[X,0x8000C60E] -> 0x0040
[1171] [M]: 0x8000C60C (0x0040006F) jal zero, 4


mem[X,0x8000C610] -> 0xA023
mem[X,0x8000C612] -> 0x1A40
[1172] [M]: 0x8000C610 (0x1A40A023) sw tp, 416(ra)
mem[0x80039408] <- 0x00000003


mem[X,0x8000C614] -> 0x5537
mem[X,0x8000C616] -> 0x5555
[1173] [M]: 0x8000C614 (0x55555537) lui a0, 349525
x10 <- 0x55555000


mem[X,0x8000C618] -> 0x0513
mem[X,0x8000C61A] -> 0x5555
[1174] [M]: 0x8000C618 (0x55550513) addi a0, a0, 1365
x10 <- 0x55555555


mem[X,0x8000C61C] -> 0x0593
mem[X,0x8000C61E] -> 0x0050
[1175] [M]: 0x8000C61C (0x00500593) addi a1, zero, 5
x11 <- 0x00000005


mem[X,0x8000C620] -> 0x0213
mem[X,0x8000C622] -> 0x0000
[1176] [M]: 0x8000C620 (0x00000213) addi tp, zero, 0
x4 <- 0x00000000


mem[X,0x8000C624] -> 0x006F
mem[X,0x8000C626] -> 0x00C0
[1177] [M]: 0x8000C624 (0x00C0006F) jal zero, 12


mem[X,0x8000C630] -> 0x1663
mem[X,0x8000C632] -> 0x00B5
[1178] [M]: 0x8000C630 (0x00B51663) bne a0, a1, 12


mem[X,0x8000C63C] -> 0x0213
mem[X,0x8000C63E] -> 0x0032
[1179] [M]: 0x8000C63C (0x00320213) addi tp, tp, 3
x4 <- 0x00000003


mem[X,0x8000C640] -> 0x006F
mem[X,0x8000C642] -> 0x0040
[1180] [M]: 0x8000C640 (0x0040006F) jal zero, 4


mem[X,0x8000C644] -> 0xA223
mem[X,0x8000C646] -> 0x1A40
[1181] [M]: 0x8000C644 (0x1A40A223) sw tp, 420(ra)
mem[0x8003940C] <- 0x00000003


mem[X,0x8000C648] -> 0x5537
mem[X,0x8000C64A] -> 0x5555
[1182] [M]: 0x8000C648 (0x55555537) lui a0, 349525
x10 <- 0x55555000


mem[X,0x8000C64C] -> 0x0513
mem[X,0x8000C64E] -> 0x5555
[1183] [M]: 0x8000C64C (0x55550513) addi a0, a0, 1365
x10 <- 0x55555555


mem[X,0x8000C650] -> 0x35B7
mem[X,0x8000C652] -> 0x3333
[1184] [M]: 0x8000C650 (0x333335B7) lui a1, 209715
x11 <- 0x33333000


mem[X,0x8000C654] -> 0x8593
mem[X,0x8000C656] -> 0x3335
[1185] [M]: 0x8000C654 (0x33358593) addi a1, a1, 819
x11 <- 0x33333333


mem[X,0x8000C658] -> 0x0213
mem[X,0x8000C65A] -> 0x0000
[1186] [M]: 0x8000C658 (0x00000213) addi tp, zero, 0
x4 <- 0x00000000


mem[X,0x8000C65C] -> 0x006F
mem[X,0x8000C65E] -> 0x00C0
[1187] [M]: 0x8000C65C (0x00C0006F) jal zero, 12


mem[X,0x8000C668] -> 0x1063
mem[X,0x8000C66A] -> 0x02B5
[1188] [M]: 0x8000C668 (0x02B51063) bne a0, a1, 32


mem[X,0x8000C688] -> 0x0213
mem[X,0x8000C68A] -> 0x0032
[1189] [M]: 0x8000C688 (0x00320213) addi tp, tp, 3
x4 <- 0x00000003


mem[X,0x8000C68C] -> 0x006F
mem[X,0x8000C68E] -> 0x0040
[1190] [M]: 0x8000C68C (0x0040006F) jal zero, 4


mem[X,0x8000C690] -> 0xA423
mem[X,0x8000C692] -> 0x1A40
[1191] [M]: 0x8000C690 (0x1A40A423) sw tp, 424(ra)
mem[0x80039410] <- 0x00000003


mem[X,0x8000C694] -> 0x5537
mem[X,0x8000C696] -> 0x5555
[1192] [M]: 0x8000C694 (0x55555537) lui a0, 349525
x10 <- 0x55555000


mem[X,0x8000C698] -> 0x0513
mem[X,0x8000C69A] -> 0x5555
[1193] [M]: 0x8000C698 (0x55550513) addi a0, a0, 1365
x10 <- 0x55555555


mem[X,0x8000C69C] -> 0x65B7
mem[X,0x8000C69E] -> 0x6666
[1194] [M]: 0x8000C69C (0x666665B7) lui a1, 419430
x11 <- 0x66666000


mem[X,0x8000C6A0] -> 0x8593
mem[X,0x8000C6A2] -> 0x6665
[1195] [M]: 0x8000C6A0 (0x66658593) addi a1, a1, 1638
x11 <- 0x66666666


mem[X,0x8000C6A4] -> 0x0213
mem[X,0x8000C6A6] -> 0x0000
[1196] [M]: 0x8000C6A4 (0x00000213) addi tp, zero, 0
x4 <- 0x00000000


mem[X,0x8000C6A8] -> 0x006F
mem[X,0x8000C6AA] -> 0x2B10
[1197] [M]: 0x8000C6A8 (0x2B10006F) jal zero, 2736


mem[X,0x8000D158] -> 0x1A63
mem[X,0x8000D15A] -> 0xD4B5
[1198] [M]: 0x8000D158 (0xD4B51A63) bne a0, a1, 5460


mem[X,0x8000C6AC] -> 0x0213
mem[X,0x8000C6AE] -> 0x0012
[1199] [M]: 0x8000C6AC (0x00120213) addi tp, tp, 1
x4 <- 0x00000001


clint::tick mtime <- 0x000000000000000C
 clint timer pending at mtime 0x000000000000000C
htif::tick 0x0000000000000000
mem[X,0x8000C6B0] -> 0x006F
mem[X,0x8000C6B2] -> 0x2BD0
[1200] [M]: 0x8000C6B0 (0x2BD0006F) jal zero, 2748


mem[X,0x8000D16C] -> 0xA623
mem[X,0x8000D16E] -> 0x1A40
[1201] [M]: 0x8000D16C (0x1A40A623) sw tp, 428(ra)
mem[0x80039414] <- 0x00000001


mem[X,0x8000D170] -> 0x5537
mem[X,0x8000D172] -> 0x5555
[1202] [M]: 0x8000D170 (0x55555537) lui a0, 349525
x10 <- 0x55555000


mem[X,0x8000D174] -> 0x0513
mem[X,0x8000D176] -> 0x5555
[1203] [M]: 0x8000D174 (0x55550513) addi a0, a0, 1365
x10 <- 0x55555555


mem[X,0x8000D178] -> 0x55B7
mem[X,0x8000D17A] -> 0xFFFF
[1204] [M]: 0x8000D178 (0xFFFF55B7) lui a1, 1048565
x11 <- 0xFFFF5000


mem[X,0x8000D17C] -> 0x8593
mem[X,0x8000D17E] -> 0xAFC5
[1205] [M]: 0x8000D17C (0xAFC58593) addi a1, a1, 2812
x11 <- 0xFFFF4AFC


mem[X,0x8000D180] -> 0x0213
mem[X,0x8000D182] -> 0x0000
[1206] [M]: 0x8000D180 (0x00000213) addi tp, zero, 0
x4 <- 0x00000000


mem[X,0x8000D184] -> 0x006F
mem[X,0x8000D186] -> 0x00C0
[1207] [M]: 0x8000D184 (0x00C0006F) jal zero, 12


mem[X,0x8000D190] -> 0x1063
mem[X,0x8000D192] -> 0x04B5
[1208] [M]: 0x8000D190 (0x04B51063) bne a0, a1, 64


mem[X,0x8000D1D0] -> 0x0213
mem[X,0x8000D1D2] -> 0x0032
[1209] [M]: 0x8000D1D0 (0x00320213) addi tp, tp, 3
x4 <- 0x00000003


mem[X,0x8000D1D4] -> 0x006F
mem[X,0x8000D1D6] -> 0x0040
[1210] [M]: 0x8000D1D4 (0x0040006F) jal zero, 4


mem[X,0x8000D1D8] -> 0xA823
mem[X,0x8000D1DA] -> 0x1A40
[1211] [M]: 0x8000D1D8 (0x1A40A823) sw tp, 432(ra)
mem[0x80039418] <- 0x00000003


mem[X,0x8000D1DC] -> 0x5537
mem[X,0x8000D1DE] -> 0x5555
[1212] [M]: 0x8000D1DC (0x55555537) lui a0, 349525
x10 <- 0x55555000


mem[X,0x8000D1E0] -> 0x0513
mem[X,0x8000D1E2] -> 0x5555
[1213] [M]: 0x8000D1E0 (0x55550513) addi a0, a0, 1365
x10 <- 0x55555555


mem[X,0x8000D1E4] -> 0xB5B7
mem[X,0x8000D1E6] -> 0x0000
[1214] [M]: 0x8000D1E4 (0x0000B5B7) lui a1, 11
x11 <- 0x0000B000


mem[X,0x8000D1E8] -> 0x8593
mem[X,0x8000D1EA] -> 0x5045
[1215] [M]: 0x8000D1E8 (0x50458593) addi a1, a1, 1284
x11 <- 0x0000B504


mem[X,0x8000D1EC] -> 0x0213
mem[X,0x8000D1EE] -> 0x0000
[1216] [M]: 0x8000D1EC (0x00000213) addi tp, zero, 0
x4 <- 0x00000000


mem[X,0x8000D1F0] -> 0x006F
mem[X,0x8000D1F2] -> 0x00C0
[1217] [M]: 0x8000D1F0 (0x00C0006F) jal zero, 12


mem[X,0x8000D1FC] -> 0x1063
mem[X,0x8000D1FE] -> 0x10B5
[1218] [M]: 0x8000D1FC (0x10B51063) bne a0, a1, 256


mem[X,0x8000D2FC] -> 0x0213
mem[X,0x8000D2FE] -> 0x0032
[1219] [M]: 0x8000D2FC (0x00320213) addi tp, tp, 3
x4 <- 0x00000003


mem[X,0x8000D300] -> 0x006F
mem[X,0x8000D302] -> 0x0040
[1220] [M]: 0x8000D300 (0x0040006F) jal zero, 4


mem[X,0x8000D304] -> 0xAA23
mem[X,0x8000D306] -> 0x1A40
[1221] [M]: 0x8000D304 (0x1A40AA23) sw tp, 436(ra)
mem[0x8003941C] <- 0x00000003


mem[X,0x8000D308] -> 0x5537
mem[X,0x8000D30A] -> 0x5555
[1222] [M]: 0x8000D308 (0x55555537) lui a0, 349525
x10 <- 0x55555000


mem[X,0x8000D30C] -> 0x0513
mem[X,0x8000D30E] -> 0x5555
[1223] [M]: 0x8000D30C (0x55550513) addi a0, a0, 1365
x10 <- 0x55555555


mem[X,0x8000D310] -> 0x0593
mem[X,0x8000D312] -> 0x0020
[1224] [M]: 0x8000D310 (0x00200593) addi a1, zero, 2
x11 <- 0x00000002


mem[X,0x8000D314] -> 0x0213
mem[X,0x8000D316] -> 0x0000
[1225] [M]: 0x8000D314 (0x00000213) addi tp, zero, 0
x4 <- 0x00000000


mem[X,0x8000D318] -> 0x006F
mem[X,0x8000D31A] -> 0x0140
[1226] [M]: 0x8000D318 (0x0140006F) jal zero, 20


mem[X,0x8000D32C] -> 0x18E3
mem[X,0x8000D32E] -> 0xFEB5
[1227] [M]: 0x8000D32C (0xFEB518E3) bne a0, a1, 8176


mem[X,0x8000D31C] -> 0x0213
mem[X,0x8000D31E] -> 0x0012
[1228] [M]: 0x8000D31C (0x00120213) addi tp, tp, 1
x4 <- 0x00000001


mem[X,0x8000D320] -> 0x006F
mem[X,0x8000D322] -> 0x0200
[1229] [M]: 0x8000D320 (0x0200006F) jal zero, 32


mem[X,0x8000D340] -> 0xAC23
mem[X,0x8000D342] -> 0x1A40
[1230] [M]: 0x8000D340 (0x1A40AC23) sw tp, 440(ra)
mem[0x80039420] <- 0x00000001


mem[X,0x8000D344] -> 0x5537
mem[X,0x8000D346] -> 0x5555
[1231] [M]: 0x8000D344 (0x55555537) lui a0, 349525
x10 <- 0x55555000


mem[X,0x8000D348] -> 0x0513
mem[X,0x8000D34A] -> 0x5555
[1232] [M]: 0x8000D348 (0x55550513) addi a0, a0, 1365
x10 <- 0x55555555


mem[X,0x8000D34C] -> 0x55B7
mem[X,0x8000D34E] -> 0x5555
[1233] [M]: 0x8000D34C (0x555555B7) lui a1, 349525
x11 <- 0x55555000


mem[X,0x8000D350] -> 0x8593
mem[X,0x8000D352] -> 0x5545
[1234] [M]: 0x8000D350 (0x55458593) addi a1, a1, 1364
x11 <- 0x55555554


mem[X,0x8000D354] -> 0x0213
mem[X,0x8000D356] -> 0x0000
[1235] [M]: 0x8000D354 (0x00000213) addi tp, zero, 0
x4 <- 0x00000000


mem[X,0x8000D358] -> 0x006F
mem[X,0x8000D35A] -> 0x00C0
[1236] [M]: 0x8000D358 (0x00C0006F) jal zero, 12


mem[X,0x8000D364] -> 0x1663
mem[X,0x8000D366] -> 0x00B5
[1237] [M]: 0x8000D364 (0x00B51663) bne a0, a1, 12


mem[X,0x8000D370] -> 0x0213
mem[X,0x8000D372] -> 0x0032
[1238] [M]: 0x8000D370 (0x00320213) addi tp, tp, 3
x4 <- 0x00000003


mem[X,0x8000D374] -> 0x006F
mem[X,0x8000D376] -> 0x0040
[1239] [M]: 0x8000D374 (0x0040006F) jal zero, 4


mem[X,0x8000D378] -> 0xAE23
mem[X,0x8000D37A] -> 0x1A40
[1240] [M]: 0x8000D378 (0x1A40AE23) sw tp, 444(ra)
mem[0x80039424] <- 0x00000003


mem[X,0x8000D37C] -> 0x5537
mem[X,0x8000D37E] -> 0x5555
[1241] [M]: 0x8000D37C (0x55555537) lui a0, 349525
x10 <- 0x55555000


mem[X,0x8000D380] -> 0x0513
mem[X,0x8000D382] -> 0x5555
[1242] [M]: 0x8000D380 (0x55550513) addi a0, a0, 1365
x10 <- 0x55555555


mem[X,0x8000D384] -> 0x0593
mem[X,0x8000D386] -> 0x0000
[1243] [M]: 0x8000D384 (0x00000593) addi a1, zero, 0
x11 <- 0x00000000


mem[X,0x8000D388] -> 0x0213
mem[X,0x8000D38A] -> 0x0000
[1244] [M]: 0x8000D388 (0x00000213) addi tp, zero, 0
x4 <- 0x00000000


mem[X,0x8000D38C] -> 0x006F
mem[X,0x8000D38E] -> 0x00C0
[1245] [M]: 0x8000D38C (0x00C0006F) jal zero, 12


mem[X,0x8000D398] -> 0x1CE3
mem[X,0x8000D39A] -> 0xFEB5
[1246] [M]: 0x8000D398 (0xFEB51CE3) bne a0, a1, 8184


mem[X,0x8000D390] -> 0x0213
mem[X,0x8000D392] -> 0x0012
[1247] [M]: 0x8000D390 (0x00120213) addi tp, tp, 1
x4 <- 0x00000001


mem[X,0x8000D394] -> 0x006F
mem[X,0x8000D396] -> 0x0180
[1248] [M]: 0x8000D394 (0x0180006F) jal zero, 24


mem[X,0x8000D3AC] -> 0xA023
mem[X,0x8000D3AE] -> 0x1C40
[1249] [M]: 0x8000D3AC (0x1C40A023) sw tp, 448(ra)
mem[0x80039428] <- 0x00000001


mem[X,0x8000D3B0] -> 0x5537
mem[X,0x8000D3B2] -> 0x5555
[1250] [M]: 0x8000D3B0 (0x55555537) lui a0, 349525
x10 <- 0x55555000


mem[X,0x8000D3B4] -> 0x0513
mem[X,0x8000D3B6] -> 0x5555
[1251] [M]: 0x8000D3B4 (0x55550513) addi a0, a0, 1365
x10 <- 0x55555555


mem[X,0x8000D3B8] -> 0x0593
mem[X,0x8000D3BA] -> 0x0040
[1252] [M]: 0x8000D3B8 (0x00400593) addi a1, zero, 4
x11 <- 0x00000004


mem[X,0x8000D3BC] -> 0x0213
mem[X,0x8000D3BE] -> 0x0000
[1253] [M]: 0x8000D3BC (0x00000213) addi tp, zero, 0
x4 <- 0x00000000


mem[X,0x8000D3C0] -> 0x006F
mem[X,0x8000D3C2] -> 0x00C0
[1254] [M]: 0x8000D3C0 (0x00C0006F) jal zero, 12


mem[X,0x8000D3CC] -> 0x1063
mem[X,0x8000D3CE] -> 0x04B5
[1255] [M]: 0x8000D3CC (0x04B51063) bne a0, a1, 64


mem[X,0x8000D40C] -> 0x0213
mem[X,0x8000D40E] -> 0x0032
[1256] [M]: 0x8000D40C (0x00320213) addi tp, tp, 3
x4 <- 0x00000003


mem[X,0x8000D410] -> 0x006F
mem[X,0x8000D412] -> 0x0040
[1257] [M]: 0x8000D410 (0x0040006F) jal zero, 4


mem[X,0x8000D414] -> 0xA223
mem[X,0x8000D416] -> 0x1C40
[1258] [M]: 0x8000D414 (0x1C40A223) sw tp, 452(ra)
mem[0x8003942C] <- 0x00000003


mem[X,0x8000D418] -> 0x5537
mem[X,0x8000D41A] -> 0x5555
[1259] [M]: 0x8000D418 (0x55555537) lui a0, 349525
x10 <- 0x55555000


mem[X,0x8000D41C] -> 0x0513
mem[X,0x8000D41E] -> 0x5555
[1260] [M]: 0x8000D41C (0x55550513) addi a0, a0, 1365
x10 <- 0x55555555


mem[X,0x8000D420] -> 0x35B7
mem[X,0x8000D422] -> 0x3333
[1261] [M]: 0x8000D420 (0x333335B7) lui a1, 209715
x11 <- 0x33333000


mem[X,0x8000D424] -> 0x8593
mem[X,0x8000D426] -> 0x3325
[1262] [M]: 0x8000D424 (0x33258593) addi a1, a1, 818
x11 <- 0x33333332


mem[X,0x8000D428] -> 0x0213
mem[X,0x8000D42A] -> 0x0000
[1263] [M]: 0x8000D428 (0x00000213) addi tp, zero, 0
x4 <- 0x00000000


mem[X,0x8000D42C] -> 0x006F
mem[X,0x8000D42E] -> 0x0180
[1264] [M]: 0x8000D42C (0x0180006F) jal zero, 24


mem[X,0x8000D444] -> 0x16E3
mem[X,0x8000D446] -> 0xFEB5
[1265] [M]: 0x8000D444 (0xFEB516E3) bne a0, a1, 8172


mem[X,0x8000D430] -> 0x0213
mem[X,0x8000D432] -> 0x0012
[1266] [M]: 0x8000D430 (0x00120213) addi tp, tp, 1
x4 <- 0x00000001


mem[X,0x8000D434] -> 0x006F
mem[X,0x8000D436] -> 0x0240
[1267] [M]: 0x8000D434 (0x0240006F) jal zero, 36


mem[X,0x8000D458] -> 0xA423
mem[X,0x8000D45A] -> 0x1C40
[1268] [M]: 0x8000D458 (0x1C40A423) sw tp, 456(ra)
mem[0x80039430] <- 0x00000001


mem[X,0x8000D45C] -> 0x5537
mem[X,0x8000D45E] -> 0x5555
[1269] [M]: 0x8000D45C (0x55555537) lui a0, 349525
x10 <- 0x55555000


mem[X,0x8000D460] -> 0x0513
mem[X,0x8000D462] -> 0x5555
[1270] [M]: 0x8000D460 (0x55550513) addi a0, a0, 1365
x10 <- 0x55555555


mem[X,0x8000D464] -> 0x65B7
mem[X,0x8000D466] -> 0x6666
[1271] [M]: 0x8000D464 (0x666665B7) lui a1, 419430
x11 <- 0x66666000


mem[X,0x8000D468] -> 0x8593
mem[X,0x8000D46A] -> 0x6655
[1272] [M]: 0x8000D468 (0x66558593) addi a1, a1, 1637
x11 <- 0x66666665


mem[X,0x8000D46C] -> 0x0213
mem[X,0x8000D46E] -> 0x0000
[1273] [M]: 0x8000D46C (0x00000213) addi tp, zero, 0
x4 <- 0x00000000


mem[X,0x8000D470] -> 0x006F
mem[X,0x8000D472] -> 0x0100
[1274] [M]: 0x8000D470 (0x0100006F) jal zero, 16


mem[X,0x8000D480] -> 0x1AE3
mem[X,0x8000D482] -> 0xFEB5
[1275] [M]: 0x8000D480 (0xFEB51AE3) bne a0, a1, 8180


mem[X,0x8000D474] -> 0x0213
mem[X,0x8000D476] -> 0x0012
[1276] [M]: 0x8000D474 (0x00120213) addi tp, tp, 1
x4 <- 0x00000001


mem[X,0x8000D478] -> 0x006F
mem[X,0x8000D47A] -> 0x01C0
[1277] [M]: 0x8000D478 (0x01C0006F) jal zero, 28


mem[X,0x8000D494] -> 0xA623
mem[X,0x8000D496] -> 0x1C40
[1278] [M]: 0x8000D494 (0x1C40A623) sw tp, 460(ra)
mem[0x80039434] <- 0x00000001


mem[X,0x8000D498] -> 0x5537
mem[X,0x8000D49A] -> 0x5555
[1279] [M]: 0x8000D498 (0x55555537) lui a0, 349525
x10 <- 0x55555000


mem[X,0x8000D49C] -> 0x0513
mem[X,0x8000D49E] -> 0x5555
[1280] [M]: 0x8000D49C (0x55550513) addi a0, a0, 1365
x10 <- 0x55555555


mem[X,0x8000D4A0] -> 0xB5B7
mem[X,0x8000D4A2] -> 0x0000
[1281] [M]: 0x8000D4A0 (0x0000B5B7) lui a1, 11
x11 <- 0x0000B000


mem[X,0x8000D4A4] -> 0x8593
mem[X,0x8000D4A6] -> 0x5035
[1282] [M]: 0x8000D4A4 (0x50358593) addi a1, a1, 1283
x11 <- 0x0000B503


mem[X,0x8000D4A8] -> 0x0213
mem[X,0x8000D4AA] -> 0x0000
[1283] [M]: 0x8000D4A8 (0x00000213) addi tp, zero, 0
x4 <- 0x00000000


mem[X,0x8000D4AC] -> 0x006F
mem[X,0x8000D4AE] -> 0x00C0
[1284] [M]: 0x8000D4AC (0x00C0006F) jal zero, 12


mem[X,0x8000D4B8] -> 0x1063
mem[X,0x8000D4BA] -> 0x40B5
[1285] [M]: 0x8000D4B8 (0x40B51063) bne a0, a1, 1024


mem[X,0x8000D8B8] -> 0x0213
mem[X,0x8000D8BA] -> 0x0032
[1286] [M]: 0x8000D8B8 (0x00320213) addi tp, tp, 3
x4 <- 0x00000003


mem[X,0x8000D8BC] -> 0x006F
mem[X,0x8000D8BE] -> 0x0040
[1287] [M]: 0x8000D8BC (0x0040006F) jal zero, 4


mem[X,0x8000D8C0] -> 0xA823
mem[X,0x8000D8C2] -> 0x1C40
[1288] [M]: 0x8000D8C0 (0x1C40A823) sw tp, 464(ra)
mem[0x80039438] <- 0x00000003


mem[X,0x8000D8C4] -> 0x5537
mem[X,0x8000D8C6] -> 0x5555
[1289] [M]: 0x8000D8C4 (0x55555537) lui a0, 349525
x10 <- 0x55555000


mem[X,0x8000D8C8] -> 0x0513
mem[X,0x8000D8CA] -> 0x5555
[1290] [M]: 0x8000D8C8 (0x55550513) addi a0, a0, 1365
x10 <- 0x55555555


mem[X,0x8000D8CC] -> 0x55B7
mem[X,0x8000D8CE] -> 0x5555
[1291] [M]: 0x8000D8CC (0x555555B7) lui a1, 349525
x11 <- 0x55555000


mem[X,0x8000D8D0] -> 0x8593
mem[X,0x8000D8D2] -> 0x5565
[1292] [M]: 0x8000D8D0 (0x55658593) addi a1, a1, 1366
x11 <- 0x55555556


mem[X,0x8000D8D4] -> 0x0213
mem[X,0x8000D8D6] -> 0x0000
[1293] [M]: 0x8000D8D4 (0x00000213) addi tp, zero, 0
x4 <- 0x00000000


mem[X,0x8000D8D8] -> 0x006F
mem[X,0x8000D8DA] -> 0x00C0
[1294] [M]: 0x8000D8D8 (0x00C0006F) jal zero, 12


mem[X,0x8000D8E4] -> 0x1063
mem[X,0x8000D8E6] -> 0x04B5
[1295] [M]: 0x8000D8E4 (0x04B51063) bne a0, a1, 64


mem[X,0x8000D924] -> 0x0213
mem[X,0x8000D926] -> 0x0032
[1296] [M]: 0x8000D924 (0x00320213) addi tp, tp, 3
x4 <- 0x00000003


mem[X,0x8000D928] -> 0x006F
mem[X,0x8000D92A] -> 0x0040
[1297] [M]: 0x8000D928 (0x0040006F) jal zero, 4


mem[X,0x8000D92C] -> 0xAA23
mem[X,0x8000D92E] -> 0x1C40
[1298] [M]: 0x8000D92C (0x1C40AA23) sw tp, 468(ra)
mem[0x8003943C] <- 0x00000003


mem[X,0x8000D930] -> 0x5537
mem[X,0x8000D932] -> 0x5555
[1299] [M]: 0x8000D930 (0x55555537) lui a0, 349525
x10 <- 0x55555000


clint::tick mtime <- 0x000000000000000D
 clint timer pending at mtime 0x000000000000000D
htif::tick 0x0000000000000000
mem[X,0x8000D934] -> 0x0513
mem[X,0x8000D936] -> 0x5555
[1300] [M]: 0x8000D934 (0x55550513) addi a0, a0, 1365
x10 <- 0x55555555


mem[X,0x8000D938] -> 0xB5B7
mem[X,0x8000D93A] -> 0xAAAA
[1301] [M]: 0x8000D938 (0xAAAAB5B7) lui a1, 699051
x11 <- 0xAAAAB000


mem[X,0x8000D93C] -> 0x8593
mem[X,0x8000D93E] -> 0xAAB5
[1302] [M]: 0x8000D93C (0xAAB58593) addi a1, a1, 2731
x11 <- 0xAAAAAAAB


mem[X,0x8000D940] -> 0x0213
mem[X,0x8000D942] -> 0x0000
[1303] [M]: 0x8000D940 (0x00000213) addi tp, zero, 0
x4 <- 0x00000000


mem[X,0x8000D944] -> 0x006F
mem[X,0x8000D946] -> 0x00C0
[1304] [M]: 0x8000D944 (0x00C0006F) jal zero, 12


mem[X,0x8000D950] -> 0x1663
mem[X,0x8000D952] -> 0x00B5
[1305] [M]: 0x8000D950 (0x00B51663) bne a0, a1, 12


mem[X,0x8000D95C] -> 0x0213
mem[X,0x8000D95E] -> 0x0032
[1306] [M]: 0x8000D95C (0x00320213) addi tp, tp, 3
x4 <- 0x00000003


mem[X,0x8000D960] -> 0x006F
mem[X,0x8000D962] -> 0x0040
[1307] [M]: 0x8000D960 (0x0040006F) jal zero, 4


mem[X,0x8000D964] -> 0xAC23
mem[X,0x8000D966] -> 0x1C40
[1308] [M]: 0x8000D964 (0x1C40AC23) sw tp, 472(ra)
mem[0x80039440] <- 0x00000003


mem[X,0x8000D968] -> 0x5537
mem[X,0x8000D96A] -> 0x5555
[1309] [M]: 0x8000D968 (0x55555537) lui a0, 349525
x10 <- 0x55555000


mem[X,0x8000D96C] -> 0x0513
mem[X,0x8000D96E] -> 0x5555
[1310] [M]: 0x8000D96C (0x55550513) addi a0, a0, 1365
x10 <- 0x55555555


mem[X,0x8000D970] -> 0x0593
mem[X,0x8000D972] -> 0x0060
[1311] [M]: 0x8000D970 (0x00600593) addi a1, zero, 6
x11 <- 0x00000006


mem[X,0x8000D974] -> 0x0213
mem[X,0x8000D976] -> 0x0000
[1312] [M]: 0x8000D974 (0x00000213) addi tp, zero, 0
x4 <- 0x00000000


mem[X,0x8000D978] -> 0x006F
mem[X,0x8000D97A] -> 0x00C0
[1313] [M]: 0x8000D978 (0x00C0006F) jal zero, 12


mem[X,0x8000D984] -> 0x1663
mem[X,0x8000D986] -> 0x00B5
[1314] [M]: 0x8000D984 (0x00B51663) bne a0, a1, 12


mem[X,0x8000D990] -> 0x0213
mem[X,0x8000D992] -> 0x0032
[1315] [M]: 0x8000D990 (0x00320213) addi tp, tp, 3
x4 <- 0x00000003


mem[X,0x8000D994] -> 0x006F
mem[X,0x8000D996] -> 0x0040
[1316] [M]: 0x8000D994 (0x0040006F) jal zero, 4


mem[X,0x8000D998] -> 0xAE23
mem[X,0x8000D99A] -> 0x1C40
[1317] [M]: 0x8000D998 (0x1C40AE23) sw tp, 476(ra)
mem[0x80039444] <- 0x00000003


mem[X,0x8000D99C] -> 0x5537
mem[X,0x8000D99E] -> 0x5555
[1318] [M]: 0x8000D99C (0x55555537) lui a0, 349525
x10 <- 0x55555000


mem[X,0x8000D9A0] -> 0x0513
mem[X,0x8000D9A2] -> 0x5555
[1319] [M]: 0x8000D9A0 (0x55550513) addi a0, a0, 1365
x10 <- 0x55555555


mem[X,0x8000D9A4] -> 0x35B7
mem[X,0x8000D9A6] -> 0x3333
[1320] [M]: 0x8000D9A4 (0x333335B7) lui a1, 209715
x11 <- 0x33333000


mem[X,0x8000D9A8] -> 0x8593
mem[X,0x8000D9AA] -> 0x3345
[1321] [M]: 0x8000D9A8 (0x33458593) addi a1, a1, 820
x11 <- 0x33333334


mem[X,0x8000D9AC] -> 0x0213
mem[X,0x8000D9AE] -> 0x0000
[1322] [M]: 0x8000D9AC (0x00000213) addi tp, zero, 0
x4 <- 0x00000000


mem[X,0x8000D9B0] -> 0x006F
mem[X,0x8000D9B2] -> 0x00C0
[1323] [M]: 0x8000D9B0 (0x00C0006F) jal zero, 12


mem[X,0x8000D9BC] -> 0x1663
mem[X,0x8000D9BE] -> 0x00B5
[1324] [M]: 0x8000D9BC (0x00B51663) bne a0, a1, 12


mem[X,0x8000D9C8] -> 0x0213
mem[X,0x8000D9CA] -> 0x0032
[1325] [M]: 0x8000D9C8 (0x00320213) addi tp, tp, 3
x4 <- 0x00000003


mem[X,0x8000D9CC] -> 0x006F
mem[X,0x8000D9CE] -> 0x0040
[1326] [M]: 0x8000D9CC (0x0040006F) jal zero, 4


mem[X,0x8000D9D0] -> 0xA023
mem[X,0x8000D9D2] -> 0x1E40
[1327] [M]: 0x8000D9D0 (0x1E40A023) sw tp, 480(ra)
mem[0x80039448] <- 0x00000003


mem[X,0x8000D9D4] -> 0x5537
mem[X,0x8000D9D6] -> 0x5555
[1328] [M]: 0x8000D9D4 (0x55555537) lui a0, 349525
x10 <- 0x55555000


mem[X,0x8000D9D8] -> 0x0513
mem[X,0x8000D9DA] -> 0x5555
[1329] [M]: 0x8000D9D8 (0x55550513) addi a0, a0, 1365
x10 <- 0x55555555


mem[X,0x8000D9DC] -> 0x65B7
mem[X,0x8000D9DE] -> 0x6666
[1330] [M]: 0x8000D9DC (0x666665B7) lui a1, 419430
x11 <- 0x66666000


mem[X,0x8000D9E0] -> 0x8593
mem[X,0x8000D9E2] -> 0x6675
[1331] [M]: 0x8000D9E0 (0x66758593) addi a1, a1, 1639
x11 <- 0x66666667


mem[X,0x8000D9E4] -> 0x0213
mem[X,0x8000D9E6] -> 0x0000
[1332] [M]: 0x8000D9E4 (0x00000213) addi tp, zero, 0
x4 <- 0x00000000


mem[X,0x8000D9E8] -> 0x006F
mem[X,0x8000D9EA] -> 0x0050
[1333] [M]: 0x8000D9E8 (0x0050006F) jal zero, 2052


mem[X,0x8000E1EC] -> 0x10E3
mem[X,0x8000E1EE] -> 0x80B5
[1334] [M]: 0x8000E1EC (0x80B510E3) bne a0, a1, 6144


mem[X,0x8000D9EC] -> 0x0213
mem[X,0x8000D9EE] -> 0x0012
[1335] [M]: 0x8000D9EC (0x00120213) addi tp, tp, 1
x4 <- 0x00000001


mem[X,0x8000D9F0] -> 0x006F
mem[X,0x8000D9F2] -> 0x0110
[1336] [M]: 0x8000D9F0 (0x0110006F) jal zero, 2064


mem[X,0x8000E200] -> 0xA223
mem[X,0x8000E202] -> 0x1E40
[1337] [M]: 0x8000E200 (0x1E40A223) sw tp, 484(ra)
mem[0x8003944C] <- 0x00000001


mem[X,0x8000E204] -> 0x5537
mem[X,0x8000E206] -> 0x5555
[1338] [M]: 0x8000E204 (0x55555537) lui a0, 349525
x10 <- 0x55555000


mem[X,0x8000E208] -> 0x0513
mem[X,0x8000E20A] -> 0x5555
[1339] [M]: 0x8000E208 (0x55550513) addi a0, a0, 1365
x10 <- 0x55555555


mem[X,0x8000E20C] -> 0x55B7
mem[X,0x8000E20E] -> 0xFFFF
[1340] [M]: 0x8000E20C (0xFFFF55B7) lui a1, 1048565
x11 <- 0xFFFF5000


mem[X,0x8000E210] -> 0x8593
mem[X,0x8000E212] -> 0xAFD5
[1341] [M]: 0x8000E210 (0xAFD58593) addi a1, a1, 2813
x11 <- 0xFFFF4AFD


mem[X,0x8000E214] -> 0x0213
mem[X,0x8000E216] -> 0x0000
[1342] [M]: 0x8000E214 (0x00000213) addi tp, zero, 0
x4 <- 0x00000000


mem[X,0x8000E218] -> 0x006F
mem[X,0x8000E21A] -> 0x00C0
[1343] [M]: 0x8000E218 (0x00C0006F) jal zero, 12


mem[X,0x8000E224] -> 0x1CE3
mem[X,0x8000E226] -> 0xFEB5
[1344] [M]: 0x8000E224 (0xFEB51CE3) bne a0, a1, 8184


mem[X,0x8000E21C] -> 0x0213
mem[X,0x8000E21E] -> 0x0012
[1345] [M]: 0x8000E21C (0x00120213) addi tp, tp, 1
x4 <- 0x00000001


mem[X,0x8000E220] -> 0x006F
mem[X,0x8000E222] -> 0x0180
[1346] [M]: 0x8000E220 (0x0180006F) jal zero, 24


mem[X,0x8000E238] -> 0xA423
mem[X,0x8000E23A] -> 0x1E40
[1347] [M]: 0x8000E238 (0x1E40A423) sw tp, 488(ra)
mem[0x80039450] <- 0x00000001


mem[X,0x8000E23C] -> 0x5537
mem[X,0x8000E23E] -> 0x5555
[1348] [M]: 0x8000E23C (0x55555537) lui a0, 349525
x10 <- 0x55555000


mem[X,0x8000E240] -> 0x0513
mem[X,0x8000E242] -> 0x5555
[1349] [M]: 0x8000E240 (0x55550513) addi a0, a0, 1365
x10 <- 0x55555555


mem[X,0x8000E244] -> 0xB5B7
mem[X,0x8000E246] -> 0x0000
[1350] [M]: 0x8000E244 (0x0000B5B7) lui a1, 11
x11 <- 0x0000B000


mem[X,0x8000E248] -> 0x8593
mem[X,0x8000E24A] -> 0x5055
[1351] [M]: 0x8000E248 (0x50558593) addi a1, a1, 1285
x11 <- 0x0000B505


mem[X,0x8000E24C] -> 0x0213
mem[X,0x8000E24E] -> 0x0000
[1352] [M]: 0x8000E24C (0x00000213) addi tp, zero, 0
x4 <- 0x00000000


mem[X,0x8000E250] -> 0x006F
mem[X,0x8000E252] -> 0x00C0
[1353] [M]: 0x8000E250 (0x00C0006F) jal zero, 12


mem[X,0x8000E25C] -> 0x1063
mem[X,0x8000E25E] -> 0x02B5
[1354] [M]: 0x8000E25C (0x02B51063) bne a0, a1, 32


mem[X,0x8000E27C] -> 0x0213
mem[X,0x8000E27E] -> 0x0032
[1355] [M]: 0x8000E27C (0x00320213) addi tp, tp, 3
x4 <- 0x00000003


mem[X,0x8000E280] -> 0x006F
mem[X,0x8000E282] -> 0x0040
[1356] [M]: 0x8000E280 (0x0040006F) jal zero, 4


mem[X,0x8000E284] -> 0xA623
mem[X,0x8000E286] -> 0x1E40
[1357] [M]: 0x8000E284 (0x1E40A623) sw tp, 492(ra)
mem[0x80039454] <- 0x00000003


mem[X,0x8000E288] -> 0xB537
mem[X,0x8000E28A] -> 0xAAAA
[1358] [M]: 0x8000E288 (0xAAAAB537) lui a0, 699051
x10 <- 0xAAAAB000


mem[X,0x8000E28C] -> 0x0513
mem[X,0x8000E28E] -> 0xAAA5
[1359] [M]: 0x8000E28C (0xAAA50513) addi a0, a0, 2730
x10 <- 0xAAAAAAAA


mem[X,0x8000E290] -> 0x0593
mem[X,0x8000E292] -> 0x0030
[1360] [M]: 0x8000E290 (0x00300593) addi a1, zero, 3
x11 <- 0x00000003


mem[X,0x8000E294] -> 0x0213
mem[X,0x8000E296] -> 0x0000
[1361] [M]: 0x8000E294 (0x00000213) addi tp, zero, 0
x4 <- 0x00000000


mem[X,0x8000E298] -> 0x006F
mem[X,0x8000E29A] -> 0x0180
[1362] [M]: 0x8000E298 (0x0180006F) jal zero, 24


mem[X,0x8000E2B0] -> 0x16E3
mem[X,0x8000E2B2] -> 0xFEB5
[1363] [M]: 0x8000E2B0 (0xFEB516E3) bne a0, a1, 8172


mem[X,0x8000E29C] -> 0x0213
mem[X,0x8000E29E] -> 0x0012
[1364] [M]: 0x8000E29C (0x00120213) addi tp, tp, 1
x4 <- 0x00000001


mem[X,0x8000E2A0] -> 0x006F
mem[X,0x8000E2A2] -> 0x0240
[1365] [M]: 0x8000E2A0 (0x0240006F) jal zero, 36


mem[X,0x8000E2C4] -> 0xA823
mem[X,0x8000E2C6] -> 0x1E40
[1366] [M]: 0x8000E2C4 (0x1E40A823) sw tp, 496(ra)
mem[0x80039458] <- 0x00000001


mem[X,0x8000E2C8] -> 0xB537
mem[X,0x8000E2CA] -> 0xAAAA
[1367] [M]: 0x8000E2C8 (0xAAAAB537) lui a0, 699051
x10 <- 0xAAAAB000


mem[X,0x8000E2CC] -> 0x0513
mem[X,0x8000E2CE] -> 0xAAA5
[1368] [M]: 0x8000E2CC (0xAAA50513) addi a0, a0, 2730
x10 <- 0xAAAAAAAA


mem[X,0x8000E2D0] -> 0x55B7
mem[X,0x8000E2D2] -> 0x5555
[1369] [M]: 0x8000E2D0 (0x555555B7) lui a1, 349525
x11 <- 0x55555000


mem[X,0x8000E2D4] -> 0x8593
mem[X,0x8000E2D6] -> 0x5555
[1370] [M]: 0x8000E2D4 (0x55558593) addi a1, a1, 1365
x11 <- 0x55555555


mem[X,0x8000E2D8] -> 0x0213
mem[X,0x8000E2DA] -> 0x0000
[1371] [M]: 0x8000E2D8 (0x00000213) addi tp, zero, 0
x4 <- 0x00000000


mem[X,0x8000E2DC] -> 0x006F
mem[X,0x8000E2DE] -> 0x00C0
[1372] [M]: 0x8000E2DC (0x00C0006F) jal zero, 12


mem[X,0x8000E2E8] -> 0x1663
mem[X,0x8000E2EA] -> 0x00B5
[1373] [M]: 0x8000E2E8 (0x00B51663) bne a0, a1, 12


mem[X,0x8000E2F4] -> 0x0213
mem[X,0x8000E2F6] -> 0x0032
[1374] [M]: 0x8000E2F4 (0x00320213) addi tp, tp, 3
x4 <- 0x00000003


mem[X,0x8000E2F8] -> 0x006F
mem[X,0x8000E2FA] -> 0x0040
[1375] [M]: 0x8000E2F8 (0x0040006F) jal zero, 4


mem[X,0x8000E2FC] -> 0xAA23
mem[X,0x8000E2FE] -> 0x1E40
[1376] [M]: 0x8000E2FC (0x1E40AA23) sw tp, 500(ra)
mem[0x8003945C] <- 0x00000003


mem[X,0x8000E300] -> 0xB537
mem[X,0x8000E302] -> 0xAAAA
[1377] [M]: 0x8000E300 (0xAAAAB537) lui a0, 699051
x10 <- 0xAAAAB000


mem[X,0x8000E304] -> 0x0513
mem[X,0x8000E306] -> 0xAAA5
[1378] [M]: 0x8000E304 (0xAAA50513) addi a0, a0, 2730
x10 <- 0xAAAAAAAA


mem[X,0x8000E308] -> 0xB5B7
mem[X,0x8000E30A] -> 0xAAAA
[1379] [M]: 0x8000E308 (0xAAAAB5B7) lui a1, 699051
x11 <- 0xAAAAB000


mem[X,0x8000E30C] -> 0x8593
mem[X,0x8000E30E] -> 0xAAA5
[1380] [M]: 0x8000E30C (0xAAA58593) addi a1, a1, 2730
x11 <- 0xAAAAAAAA


mem[X,0x8000E310] -> 0x0213
mem[X,0x8000E312] -> 0x0000
[1381] [M]: 0x8000E310 (0x00000213) addi tp, zero, 0
x4 <- 0x00000000


mem[X,0x8000E314] -> 0x006F
mem[X,0x8000E316] -> 0x00C0
[1382] [M]: 0x8000E314 (0x00C0006F) jal zero, 12


mem[X,0x8000E320] -> 0x1863
mem[X,0x8000E322] -> 0x00B5
[1383] [M]: 0x8000E320 (0x00B51863) bne a0, a1, 16


mem[X,0x8000E324] -> 0x0213
mem[X,0x8000E326] -> 0x0022
[1384] [M]: 0x8000E324 (0x00220213) addi tp, tp, 2
x4 <- 0x00000002


mem[X,0x8000E328] -> 0x006F
mem[X,0x8000E32A] -> 0x0100
[1385] [M]: 0x8000E328 (0x0100006F) jal zero, 16


mem[X,0x8000E338] -> 0xAC23
mem[X,0x8000E33A] -> 0x1E40
[1386] [M]: 0x8000E338 (0x1E40AC23) sw tp, 504(ra)
mem[0x80039460] <- 0x00000002


mem[X,0x8000E33C] -> 0xB537
mem[X,0x8000E33E] -> 0xAAAA
[1387] [M]: 0x8000E33C (0xAAAAB537) lui a0, 699051
x10 <- 0xAAAAB000


mem[X,0x8000E340] -> 0x0513
mem[X,0x8000E342] -> 0xAAA5
[1388] [M]: 0x8000E340 (0xAAA50513) addi a0, a0, 2730
x10 <- 0xAAAAAAAA


mem[X,0x8000E344] -> 0x0593
mem[X,0x8000E346] -> 0x0050
[1389] [M]: 0x8000E344 (0x00500593) addi a1, zero, 5
x11 <- 0x00000005


mem[X,0x8000E348] -> 0x0213
mem[X,0x8000E34A] -> 0x0000
[1390] [M]: 0x8000E348 (0x00000213) addi tp, zero, 0
x4 <- 0x00000000


mem[X,0x8000E34C] -> 0x006F
mem[X,0x8000E34E] -> 0x00C0
[1391] [M]: 0x8000E34C (0x00C0006F) jal zero, 12


mem[X,0x8000E358] -> 0x1063
mem[X,0x8000E35A] -> 0x40B5
[1392] [M]: 0x8000E358 (0x40B51063) bne a0, a1, 1024


mem[X,0x8000E758] -> 0x0213
mem[X,0x8000E75A] -> 0x0032
[1393] [M]: 0x8000E758 (0x00320213) addi tp, tp, 3
x4 <- 0x00000003


mem[X,0x8000E75C] -> 0x006F
mem[X,0x8000E75E] -> 0x0040
[1394] [M]: 0x8000E75C (0x0040006F) jal zero, 4


mem[X,0x8000E760] -> 0xAE23
mem[X,0x8000E762] -> 0x1E40
[1395] [M]: 0x8000E760 (0x1E40AE23) sw tp, 508(ra)
mem[0x80039464] <- 0x00000003


mem[X,0x8000E764] -> 0xB537
mem[X,0x8000E766] -> 0xAAAA
[1396] [M]: 0x8000E764 (0xAAAAB537) lui a0, 699051
x10 <- 0xAAAAB000


mem[X,0x8000E768] -> 0x0513
mem[X,0x8000E76A] -> 0xAAA5
[1397] [M]: 0x8000E768 (0xAAA50513) addi a0, a0, 2730
x10 <- 0xAAAAAAAA


mem[X,0x8000E76C] -> 0x35B7
mem[X,0x8000E76E] -> 0x3333
[1398] [M]: 0x8000E76C (0x333335B7) lui a1, 209715
x11 <- 0x33333000


mem[X,0x8000E770] -> 0x8593
mem[X,0x8000E772] -> 0x3335
[1399] [M]: 0x8000E770 (0x33358593) addi a1, a1, 819
x11 <- 0x33333333


clint::tick mtime <- 0x000000000000000E
 clint timer pending at mtime 0x000000000000000E
htif::tick 0x0000000000000000
mem[X,0x8000E774] -> 0x0213
mem[X,0x8000E776] -> 0x0000
[1400] [M]: 0x8000E774 (0x00000213) addi tp, zero, 0
x4 <- 0x00000000


mem[X,0x8000E778] -> 0x006F
mem[X,0x8000E77A] -> 0x00C0
[1401] [M]: 0x8000E778 (0x00C0006F) jal zero, 12


mem[X,0x8000E784] -> 0x1863
mem[X,0x8000E786] -> 0x00B5
[1402] [M]: 0x8000E784 (0x00B51863) bne a0, a1, 16


mem[X,0x8000E794] -> 0x0213
mem[X,0x8000E796] -> 0x0032
[1403] [M]: 0x8000E794 (0x00320213) addi tp, tp, 3
x4 <- 0x00000003


mem[X,0x8000E798] -> 0x006F
mem[X,0x8000E79A] -> 0x0040
[1404] [M]: 0x8000E798 (0x0040006F) jal zero, 4


mem[X,0x8000E79C] -> 0xA023
mem[X,0x8000E79E] -> 0x2040
[1405] [M]: 0x8000E79C (0x2040A023) sw tp, 512(ra)
mem[0x80039468] <- 0x00000003


mem[X,0x8000E7A0] -> 0xB537
mem[X,0x8000E7A2] -> 0xAAAA
[1406] [M]: 0x8000E7A0 (0xAAAAB537) lui a0, 699051
x10 <- 0xAAAAB000


mem[X,0x8000E7A4] -> 0x0513
mem[X,0x8000E7A6] -> 0xAAA5
[1407] [M]: 0x8000E7A4 (0xAAA50513) addi a0, a0, 2730
x10 <- 0xAAAAAAAA


mem[X,0x8000E7A8] -> 0x65B7
mem[X,0x8000E7AA] -> 0x6666
[1408] [M]: 0x8000E7A8 (0x666665B7) lui a1, 419430
x11 <- 0x66666000


mem[X,0x8000E7AC] -> 0x8593
mem[X,0x8000E7AE] -> 0x6665
[1409] [M]: 0x8000E7AC (0x66658593) addi a1, a1, 1638
x11 <- 0x66666666


mem[X,0x8000E7B0] -> 0x0213
mem[X,0x8000E7B2] -> 0x0000
[1410] [M]: 0x8000E7B0 (0x00000213) addi tp, zero, 0
x4 <- 0x00000000


mem[X,0x8000E7B4] -> 0x006F
mem[X,0x8000E7B6] -> 0x00C0
[1411] [M]: 0x8000E7B4 (0x00C0006F) jal zero, 12


mem[X,0x8000E7C0] -> 0x1CE3
mem[X,0x8000E7C2] -> 0xFEB5
[1412] [M]: 0x8000E7C0 (0xFEB51CE3) bne a0, a1, 8184


mem[X,0x8000E7B8] -> 0x0213
mem[X,0x8000E7BA] -> 0x0012
[1413] [M]: 0x8000E7B8 (0x00120213) addi tp, tp, 1
x4 <- 0x00000001


mem[X,0x8000E7BC] -> 0x006F
mem[X,0x8000E7BE] -> 0x0180
[1414] [M]: 0x8000E7BC (0x0180006F) jal zero, 24


mem[X,0x8000E7D4] -> 0xA223
mem[X,0x8000E7D6] -> 0x2040
[1415] [M]: 0x8000E7D4 (0x2040A223) sw tp, 516(ra)
mem[0x8003946C] <- 0x00000001


mem[X,0x8000E7D8] -> 0xB537
mem[X,0x8000E7DA] -> 0xAAAA
[1416] [M]: 0x8000E7D8 (0xAAAAB537) lui a0, 699051
x10 <- 0xAAAAB000


mem[X,0x8000E7DC] -> 0x0513
mem[X,0x8000E7DE] -> 0xAAA5
[1417] [M]: 0x8000E7DC (0xAAA50513) addi a0, a0, 2730
x10 <- 0xAAAAAAAA


mem[X,0x8000E7E0] -> 0x55B7
mem[X,0x8000E7E2] -> 0xFFFF
[1418] [M]: 0x8000E7E0 (0xFFFF55B7) lui a1, 1048565
x11 <- 0xFFFF5000


mem[X,0x8000E7E4] -> 0x8593
mem[X,0x8000E7E6] -> 0xAFC5
[1419] [M]: 0x8000E7E4 (0xAFC58593) addi a1, a1, 2812
x11 <- 0xFFFF4AFC


mem[X,0x8000E7E8] -> 0x0213
mem[X,0x8000E7EA] -> 0x0000
[1420] [M]: 0x8000E7E8 (0x00000213) addi tp, zero, 0
x4 <- 0x00000000


mem[X,0x8000E7EC] -> 0x006F
mem[X,0x8000E7EE] -> 0x00C0
[1421] [M]: 0x8000E7EC (0x00C0006F) jal zero, 12


mem[X,0x8000E7F8] -> 0x1663
mem[X,0x8000E7FA] -> 0x00B5
[1422] [M]: 0x8000E7F8 (0x00B51663) bne a0, a1, 12


mem[X,0x8000E804] -> 0x0213
mem[X,0x8000E806] -> 0x0032
[1423] [M]: 0x8000E804 (0x00320213) addi tp, tp, 3
x4 <- 0x00000003


mem[X,0x8000E808] -> 0x006F
mem[X,0x8000E80A] -> 0x0040
[1424] [M]: 0x8000E808 (0x0040006F) jal zero, 4


mem[X,0x8000E80C] -> 0xA423
mem[X,0x8000E80E] -> 0x2040
[1425] [M]: 0x8000E80C (0x2040A423) sw tp, 520(ra)
mem[0x80039470] <- 0x00000003


mem[X,0x8000E810] -> 0xB537
mem[X,0x8000E812] -> 0xAAAA
[1426] [M]: 0x8000E810 (0xAAAAB537) lui a0, 699051
x10 <- 0xAAAAB000


mem[X,0x8000E814] -> 0x0513
mem[X,0x8000E816] -> 0xAAA5
[1427] [M]: 0x8000E814 (0xAAA50513) addi a0, a0, 2730
x10 <- 0xAAAAAAAA


mem[X,0x8000E818] -> 0xB5B7
mem[X,0x8000E81A] -> 0x0000
[1428] [M]: 0x8000E818 (0x0000B5B7) lui a1, 11
x11 <- 0x0000B000


mem[X,0x8000E81C] -> 0x8593
mem[X,0x8000E81E] -> 0x5045
[1429] [M]: 0x8000E81C (0x50458593) addi a1, a1, 1284
x11 <- 0x0000B504


mem[X,0x8000E820] -> 0x0213
mem[X,0x8000E822] -> 0x0000
[1430] [M]: 0x8000E820 (0x00000213) addi tp, zero, 0
x4 <- 0x00000000


mem[X,0x8000E824] -> 0x006F
mem[X,0x8000E826] -> 0x00C0
[1431] [M]: 0x8000E824 (0x00C0006F) jal zero, 12


mem[X,0x8000E830] -> 0x1063
mem[X,0x8000E832] -> 0x02B5
[1432] [M]: 0x8000E830 (0x02B51063) bne a0, a1, 32


mem[X,0x8000E850] -> 0x0213
mem[X,0x8000E852] -> 0x0032
[1433] [M]: 0x8000E850 (0x00320213) addi tp, tp, 3
x4 <- 0x00000003


mem[X,0x8000E854] -> 0x006F
mem[X,0x8000E856] -> 0x0040
[1434] [M]: 0x8000E854 (0x0040006F) jal zero, 4


mem[X,0x8000E858] -> 0xA623
mem[X,0x8000E85A] -> 0x2040
[1435] [M]: 0x8000E858 (0x2040A623) sw tp, 524(ra)
mem[0x80039474] <- 0x00000003


mem[X,0x8000E85C] -> 0xB537
mem[X,0x8000E85E] -> 0xAAAA
[1436] [M]: 0x8000E85C (0xAAAAB537) lui a0, 699051
x10 <- 0xAAAAB000


mem[X,0x8000E860] -> 0x0513
mem[X,0x8000E862] -> 0xAAA5
[1437] [M]: 0x8000E860 (0xAAA50513) addi a0, a0, 2730
x10 <- 0xAAAAAAAA


mem[X,0x8000E864] -> 0x0593
mem[X,0x8000E866] -> 0x0020
[1438] [M]: 0x8000E864 (0x00200593) addi a1, zero, 2
x11 <- 0x00000002


mem[X,0x8000E868] -> 0x0213
mem[X,0x8000E86A] -> 0x0000
[1439] [M]: 0x8000E868 (0x00000213) addi tp, zero, 0
x4 <- 0x00000000


mem[X,0x8000E86C] -> 0x006F
mem[X,0x8000E86E] -> 0x0180
[1440] [M]: 0x8000E86C (0x0180006F) jal zero, 24


mem[X,0x8000E884] -> 0x16E3
mem[X,0x8000E886] -> 0xFEB5
[1441] [M]: 0x8000E884 (0xFEB516E3) bne a0, a1, 8172


mem[X,0x8000E870] -> 0x0213
mem[X,0x8000E872] -> 0x0012
[1442] [M]: 0x8000E870 (0x00120213) addi tp, tp, 1
x4 <- 0x00000001


mem[X,0x8000E874] -> 0x006F
mem[X,0x8000E876] -> 0x0240
[1443] [M]: 0x8000E874 (0x0240006F) jal zero, 36


mem[X,0x8000E898] -> 0xA823
mem[X,0x8000E89A] -> 0x2040
[1444] [M]: 0x8000E898 (0x2040A823) sw tp, 528(ra)
mem[0x80039478] <- 0x00000001


mem[X,0x8000E89C] -> 0xB537
mem[X,0x8000E89E] -> 0xAAAA
[1445] [M]: 0x8000E89C (0xAAAAB537) lui a0, 699051
x10 <- 0xAAAAB000


mem[X,0x8000E8A0] -> 0x0513
mem[X,0x8000E8A2] -> 0xAAA5
[1446] [M]: 0x8000E8A0 (0xAAA50513) addi a0, a0, 2730
x10 <- 0xAAAAAAAA


mem[X,0x8000E8A4] -> 0x55B7
mem[X,0x8000E8A6] -> 0x5555
[1447] [M]: 0x8000E8A4 (0x555555B7) lui a1, 349525
x11 <- 0x55555000


mem[X,0x8000E8A8] -> 0x8593
mem[X,0x8000E8AA] -> 0x5545
[1448] [M]: 0x8000E8A8 (0x55458593) addi a1, a1, 1364
x11 <- 0x55555554


mem[X,0x8000E8AC] -> 0x0213
mem[X,0x8000E8AE] -> 0x0000
[1449] [M]: 0x8000E8AC (0x00000213) addi tp, zero, 0
x4 <- 0x00000000


mem[X,0x8000E8B0] -> 0x006F
mem[X,0x8000E8B2] -> 0x00C0
[1450] [M]: 0x8000E8B0 (0x00C0006F) jal zero, 12


mem[X,0x8000E8BC] -> 0x1063
mem[X,0x8000E8BE] -> 0x04B5
[1451] [M]: 0x8000E8BC (0x04B51063) bne a0, a1, 64


mem[X,0x8000E8FC] -> 0x0213
mem[X,0x8000E8FE] -> 0x0032
[1452] [M]: 0x8000E8FC (0x00320213) addi tp, tp, 3
x4 <- 0x00000003


mem[X,0x8000E900] -> 0x006F
mem[X,0x8000E902] -> 0x0040
[1453] [M]: 0x8000E900 (0x0040006F) jal zero, 4


mem[X,0x8000E904] -> 0xAA23
mem[X,0x8000E906] -> 0x2040
[1454] [M]: 0x8000E904 (0x2040AA23) sw tp, 532(ra)
mem[0x8003947C] <- 0x00000003


mem[X,0x8000E908] -> 0xB537
mem[X,0x8000E90A] -> 0xAAAA
[1455] [M]: 0x8000E908 (0xAAAAB537) lui a0, 699051
x10 <- 0xAAAAB000


mem[X,0x8000E90C] -> 0x0513
mem[X,0x8000E90E] -> 0xAAA5
[1456] [M]: 0x8000E90C (0xAAA50513) addi a0, a0, 2730
x10 <- 0xAAAAAAAA


mem[X,0x8000E910] -> 0x0593
mem[X,0x8000E912] -> 0x0000
[1457] [M]: 0x8000E910 (0x00000593) addi a1, zero, 0
x11 <- 0x00000000


mem[X,0x8000E914] -> 0x0213
mem[X,0x8000E916] -> 0x0000
[1458] [M]: 0x8000E914 (0x00000213) addi tp, zero, 0
x4 <- 0x00000000


mem[X,0x8000E918] -> 0x006F
mem[X,0x8000E91A] -> 0x00C0
[1459] [M]: 0x8000E918 (0x00C0006F) jal zero, 12


mem[X,0x8000E924] -> 0x1CE3
mem[X,0x8000E926] -> 0xFEB5
[1460] [M]: 0x8000E924 (0xFEB51CE3) bne a0, a1, 8184


mem[X,0x8000E91C] -> 0x0213
mem[X,0x8000E91E] -> 0x0012
[1461] [M]: 0x8000E91C (0x00120213) addi tp, tp, 1
x4 <- 0x00000001


mem[X,0x8000E920] -> 0x006F
mem[X,0x8000E922] -> 0x0180
[1462] [M]: 0x8000E920 (0x0180006F) jal zero, 24


mem[X,0x8000E938] -> 0xAC23
mem[X,0x8000E93A] -> 0x2040
[1463] [M]: 0x8000E938 (0x2040AC23) sw tp, 536(ra)
mem[0x80039480] <- 0x00000001


mem[X,0x8000E93C] -> 0xB537
mem[X,0x8000E93E] -> 0xAAAA
[1464] [M]: 0x8000E93C (0xAAAAB537) lui a0, 699051
x10 <- 0xAAAAB000


mem[X,0x8000E940] -> 0x0513
mem[X,0x8000E942] -> 0xAAA5
[1465] [M]: 0x8000E940 (0xAAA50513) addi a0, a0, 2730
x10 <- 0xAAAAAAAA


mem[X,0x8000E944] -> 0x0593
mem[X,0x8000E946] -> 0x0040
[1466] [M]: 0x8000E944 (0x00400593) addi a1, zero, 4
x11 <- 0x00000004


mem[X,0x8000E948] -> 0x0213
mem[X,0x8000E94A] -> 0x0000
[1467] [M]: 0x8000E948 (0x00000213) addi tp, zero, 0
x4 <- 0x00000000


mem[X,0x8000E94C] -> 0x006F
mem[X,0x8000E94E] -> 0x00C0
[1468] [M]: 0x8000E94C (0x00C0006F) jal zero, 12


mem[X,0x8000E958] -> 0x1063
mem[X,0x8000E95A] -> 0x20B5
[1469] [M]: 0x8000E958 (0x20B51063) bne a0, a1, 512


mem[X,0x8000EB58] -> 0x0213
mem[X,0x8000EB5A] -> 0x0032
[1470] [M]: 0x8000EB58 (0x00320213) addi tp, tp, 3
x4 <- 0x00000003


mem[X,0x8000EB5C] -> 0x006F
mem[X,0x8000EB5E] -> 0x0040
[1471] [M]: 0x8000EB5C (0x0040006F) jal zero, 4


mem[X,0x8000EB60] -> 0xAE23
mem[X,0x8000EB62] -> 0x2040
[1472] [M]: 0x8000EB60 (0x2040AE23) sw tp, 540(ra)
mem[0x80039484] <- 0x00000003


mem[X,0x8000EB64] -> 0xB537
mem[X,0x8000EB66] -> 0xAAAA
[1473] [M]: 0x8000EB64 (0xAAAAB537) lui a0, 699051
x10 <- 0xAAAAB000


mem[X,0x8000EB68] -> 0x0513
mem[X,0x8000EB6A] -> 0xAAA5
[1474] [M]: 0x8000EB68 (0xAAA50513) addi a0, a0, 2730
x10 <- 0xAAAAAAAA


mem[X,0x8000EB6C] -> 0x35B7
mem[X,0x8000EB6E] -> 0x3333
[1475] [M]: 0x8000EB6C (0x333335B7) lui a1, 209715
x11 <- 0x33333000


mem[X,0x8000EB70] -> 0x8593
mem[X,0x8000EB72] -> 0x3325
[1476] [M]: 0x8000EB70 (0x33258593) addi a1, a1, 818
x11 <- 0x33333332


mem[X,0x8000EB74] -> 0x0213
mem[X,0x8000EB76] -> 0x0000
[1477] [M]: 0x8000EB74 (0x00000213) addi tp, zero, 0
x4 <- 0x00000000


mem[X,0x8000EB78] -> 0x006F
mem[X,0x8000EB7A] -> 0x00C0
[1478] [M]: 0x8000EB78 (0x00C0006F) jal zero, 12


mem[X,0x8000EB84] -> 0x1663
mem[X,0x8000EB86] -> 0x00B5
[1479] [M]: 0x8000EB84 (0x00B51663) bne a0, a1, 12


mem[X,0x8000EB90] -> 0x0213
mem[X,0x8000EB92] -> 0x0032
[1480] [M]: 0x8000EB90 (0x00320213) addi tp, tp, 3
x4 <- 0x00000003


mem[X,0x8000EB94] -> 0x006F
mem[X,0x8000EB96] -> 0x0040
[1481] [M]: 0x8000EB94 (0x0040006F) jal zero, 4


mem[X,0x8000EB98] -> 0xA023
mem[X,0x8000EB9A] -> 0x2240
[1482] [M]: 0x8000EB98 (0x2240A023) sw tp, 544(ra)
mem[0x80039488] <- 0x00000003


mem[X,0x8000EB9C] -> 0xB537
mem[X,0x8000EB9E] -> 0xAAAA
[1483] [M]: 0x8000EB9C (0xAAAAB537) lui a0, 699051
x10 <- 0xAAAAB000


mem[X,0x8000EBA0] -> 0x0513
mem[X,0x8000EBA2] -> 0xAAA5
[1484] [M]: 0x8000EBA0 (0xAAA50513) addi a0, a0, 2730
x10 <- 0xAAAAAAAA


mem[X,0x8000EBA4] -> 0x65B7
mem[X,0x8000EBA6] -> 0x6666
[1485] [M]: 0x8000EBA4 (0x666665B7) lui a1, 419430
x11 <- 0x66666000


mem[X,0x8000EBA8] -> 0x8593
mem[X,0x8000EBAA] -> 0x6655
[1486] [M]: 0x8000EBA8 (0x66558593) addi a1, a1, 1637
x11 <- 0x66666665


mem[X,0x8000EBAC] -> 0x0213
mem[X,0x8000EBAE] -> 0x0000
[1487] [M]: 0x8000EBAC (0x00000213) addi tp, zero, 0
x4 <- 0x00000000


mem[X,0x8000EBB0] -> 0x006F
mem[X,0x8000EBB2] -> 0x00C0
[1488] [M]: 0x8000EBB0 (0x00C0006F) jal zero, 12


mem[X,0x8000EBBC] -> 0x1663
mem[X,0x8000EBBE] -> 0x00B5
[1489] [M]: 0x8000EBBC (0x00B51663) bne a0, a1, 12


mem[X,0x8000EBC8] -> 0x0213
mem[X,0x8000EBCA] -> 0x0032
[1490] [M]: 0x8000EBC8 (0x00320213) addi tp, tp, 3
x4 <- 0x00000003


mem[X,0x8000EBCC] -> 0x006F
mem[X,0x8000EBCE] -> 0x0040
[1491] [M]: 0x8000EBCC (0x0040006F) jal zero, 4


mem[X,0x8000EBD0] -> 0xA223
mem[X,0x8000EBD2] -> 0x2240
[1492] [M]: 0x8000EBD0 (0x2240A223) sw tp, 548(ra)
mem[0x8003948C] <- 0x00000003


mem[X,0x8000EBD4] -> 0xB537
mem[X,0x8000EBD6] -> 0xAAAA
[1493] [M]: 0x8000EBD4 (0xAAAAB537) lui a0, 699051
x10 <- 0xAAAAB000


mem[X,0x8000EBD8] -> 0x0513
mem[X,0x8000EBDA] -> 0xAAA5
[1494] [M]: 0x8000EBD8 (0xAAA50513) addi a0, a0, 2730
x10 <- 0xAAAAAAAA


mem[X,0x8000EBDC] -> 0xB5B7
mem[X,0x8000EBDE] -> 0x0000
[1495] [M]: 0x8000EBDC (0x0000B5B7) lui a1, 11
x11 <- 0x0000B000


mem[X,0x8000EBE0] -> 0x8593
mem[X,0x8000EBE2] -> 0x5035
[1496] [M]: 0x8000EBE0 (0x50358593) addi a1, a1, 1283
x11 <- 0x0000B503


mem[X,0x8000EBE4] -> 0x0213
mem[X,0x8000EBE6] -> 0x0000
[1497] [M]: 0x8000EBE4 (0x00000213) addi tp, zero, 0
x4 <- 0x00000000


mem[X,0x8000EBE8] -> 0x006F
mem[X,0x8000EBEA] -> 0x0050
[1498] [M]: 0x8000EBE8 (0x0050006F) jal zero, 2052


mem[X,0x8000F3EC] -> 0x10E3
mem[X,0x8000F3EE] -> 0x80B5
[1499] [M]: 0x8000F3EC (0x80B510E3) bne a0, a1, 6144


clint::tick mtime <- 0x000000000000000F
 clint timer pending at mtime 0x000000000000000F
htif::tick 0x0000000000000000
mem[X,0x8000EBEC] -> 0x0213
mem[X,0x8000EBEE] -> 0x0012
[1500] [M]: 0x8000EBEC (0x00120213) addi tp, tp, 1
x4 <- 0x00000001


mem[X,0x8000EBF0] -> 0x006F
mem[X,0x8000EBF2] -> 0x0110
[1501] [M]: 0x8000EBF0 (0x0110006F) jal zero, 2064


mem[X,0x8000F400] -> 0xA423
mem[X,0x8000F402] -> 0x2240
[1502] [M]: 0x8000F400 (0x2240A423) sw tp, 552(ra)
mem[0x80039490] <- 0x00000001


mem[X,0x8000F404] -> 0xB537
mem[X,0x8000F406] -> 0xAAAA
[1503] [M]: 0x8000F404 (0xAAAAB537) lui a0, 699051
x10 <- 0xAAAAB000


mem[X,0x8000F408] -> 0x0513
mem[X,0x8000F40A] -> 0xAAA5
[1504] [M]: 0x8000F408 (0xAAA50513) addi a0, a0, 2730
x10 <- 0xAAAAAAAA


mem[X,0x8000F40C] -> 0x55B7
mem[X,0x8000F40E] -> 0x5555
[1505] [M]: 0x8000F40C (0x555555B7) lui a1, 349525
x11 <- 0x55555000


mem[X,0x8000F410] -> 0x8593
mem[X,0x8000F412] -> 0x5565
[1506] [M]: 0x8000F410 (0x55658593) addi a1, a1, 1366
x11 <- 0x55555556


mem[X,0x8000F414] -> 0x0213
mem[X,0x8000F416] -> 0x0000
[1507] [M]: 0x8000F414 (0x00000213) addi tp, zero, 0
x4 <- 0x00000000


mem[X,0x8000F418] -> 0x006F
mem[X,0x8000F41A] -> 0x00C0
[1508] [M]: 0x8000F418 (0x00C0006F) jal zero, 12


mem[X,0x8000F424] -> 0x1863
mem[X,0x8000F426] -> 0x00B5
[1509] [M]: 0x8000F424 (0x00B51863) bne a0, a1, 16


mem[X,0x8000F434] -> 0x0213
mem[X,0x8000F436] -> 0x0032
[1510] [M]: 0x8000F434 (0x00320213) addi tp, tp, 3
x4 <- 0x00000003


mem[X,0x8000F438] -> 0x006F
mem[X,0x8000F43A] -> 0x0040
[1511] [M]: 0x8000F438 (0x0040006F) jal zero, 4


mem[X,0x8000F43C] -> 0xA623
mem[X,0x8000F43E] -> 0x2240
[1512] [M]: 0x8000F43C (0x2240A623) sw tp, 556(ra)
mem[0x80039494] <- 0x00000003


mem[X,0x8000F440] -> 0xB537
mem[X,0x8000F442] -> 0xAAAA
[1513] [M]: 0x8000F440 (0xAAAAB537) lui a0, 699051
x10 <- 0xAAAAB000


mem[X,0x8000F444] -> 0x0513
mem[X,0x8000F446] -> 0xAAA5
[1514] [M]: 0x8000F444 (0xAAA50513) addi a0, a0, 2730
x10 <- 0xAAAAAAAA


mem[X,0x8000F448] -> 0xB5B7
mem[X,0x8000F44A] -> 0xAAAA
[1515] [M]: 0x8000F448 (0xAAAAB5B7) lui a1, 699051
x11 <- 0xAAAAB000


mem[X,0x8000F44C] -> 0x8593
mem[X,0x8000F44E] -> 0xAAB5
[1516] [M]: 0x8000F44C (0xAAB58593) addi a1, a1, 2731
x11 <- 0xAAAAAAAB


mem[X,0x8000F450] -> 0x0213
mem[X,0x8000F452] -> 0x0000
[1517] [M]: 0x8000F450 (0x00000213) addi tp, zero, 0
x4 <- 0x00000000


mem[X,0x8000F454] -> 0x006F
mem[X,0x8000F456] -> 0x00C0
[1518] [M]: 0x8000F454 (0x00C0006F) jal zero, 12


mem[X,0x8000F460] -> 0x1663
mem[X,0x8000F462] -> 0x00B5
[1519] [M]: 0x8000F460 (0x00B51663) bne a0, a1, 12


mem[X,0x8000F46C] -> 0x0213
mem[X,0x8000F46E] -> 0x0032
[1520] [M]: 0x8000F46C (0x00320213) addi tp, tp, 3
x4 <- 0x00000003


mem[X,0x8000F470] -> 0x006F
mem[X,0x8000F472] -> 0x0040
[1521] [M]: 0x8000F470 (0x0040006F) jal zero, 4


mem[X,0x8000F474] -> 0xA823
mem[X,0x8000F476] -> 0x2240
[1522] [M]: 0x8000F474 (0x2240A823) sw tp, 560(ra)
mem[0x80039498] <- 0x00000003


mem[X,0x8000F478] -> 0xB537
mem[X,0x8000F47A] -> 0xAAAA
[1523] [M]: 0x8000F478 (0xAAAAB537) lui a0, 699051
x10 <- 0xAAAAB000


mem[X,0x8000F47C] -> 0x0513
mem[X,0x8000F47E] -> 0xAAA5
[1524] [M]: 0x8000F47C (0xAAA50513) addi a0, a0, 2730
x10 <- 0xAAAAAAAA


mem[X,0x8000F480] -> 0x0593
mem[X,0x8000F482] -> 0x0060
[1525] [M]: 0x8000F480 (0x00600593) addi a1, zero, 6
x11 <- 0x00000006


mem[X,0x8000F484] -> 0x0213
mem[X,0x8000F486] -> 0x0000
[1526] [M]: 0x8000F484 (0x00000213) addi tp, zero, 0
x4 <- 0x00000000


mem[X,0x8000F488] -> 0x006F
mem[X,0x8000F48A] -> 0x00C0
[1527] [M]: 0x8000F488 (0x00C0006F) jal zero, 12


mem[X,0x8000F494] -> 0x1663
mem[X,0x8000F496] -> 0x00B5
[1528] [M]: 0x8000F494 (0x00B51663) bne a0, a1, 12


mem[X,0x8000F4A0] -> 0x0213
mem[X,0x8000F4A2] -> 0x0032
[1529] [M]: 0x8000F4A0 (0x00320213) addi tp, tp, 3
x4 <- 0x00000003


mem[X,0x8000F4A4] -> 0x006F
mem[X,0x8000F4A6] -> 0x0040
[1530] [M]: 0x8000F4A4 (0x0040006F) jal zero, 4


mem[X,0x8000F4A8] -> 0xAA23
mem[X,0x8000F4AA] -> 0x2240
[1531] [M]: 0x8000F4A8 (0x2240AA23) sw tp, 564(ra)
mem[0x8003949C] <- 0x00000003


mem[X,0x8000F4AC] -> 0xB537
mem[X,0x8000F4AE] -> 0xAAAA
[1532] [M]: 0x8000F4AC (0xAAAAB537) lui a0, 699051
x10 <- 0xAAAAB000


mem[X,0x8000F4B0] -> 0x0513
mem[X,0x8000F4B2] -> 0xAAA5
[1533] [M]: 0x8000F4B0 (0xAAA50513) addi a0, a0, 2730
x10 <- 0xAAAAAAAA


mem[X,0x8000F4B4] -> 0x35B7
mem[X,0x8000F4B6] -> 0x3333
[1534] [M]: 0x8000F4B4 (0x333335B7) lui a1, 209715
x11 <- 0x33333000


mem[X,0x8000F4B8] -> 0x8593
mem[X,0x8000F4BA] -> 0x3345
[1535] [M]: 0x8000F4B8 (0x33458593) addi a1, a1, 820
x11 <- 0x33333334


mem[X,0x8000F4BC] -> 0x0213
mem[X,0x8000F4BE] -> 0x0000
[1536] [M]: 0x8000F4BC (0x00000213) addi tp, zero, 0
x4 <- 0x00000000


mem[X,0x8000F4C0] -> 0x006F
mem[X,0x8000F4C2] -> 0x00C0
[1537] [M]: 0x8000F4C0 (0x00C0006F) jal zero, 12


mem[X,0x8000F4CC] -> 0x1063
mem[X,0x8000F4CE] -> 0x08B5
[1538] [M]: 0x8000F4CC (0x08B51063) bne a0, a1, 128


mem[X,0x8000F54C] -> 0x0213
mem[X,0x8000F54E] -> 0x0032
[1539] [M]: 0x8000F54C (0x00320213) addi tp, tp, 3
x4 <- 0x00000003


mem[X,0x8000F550] -> 0x006F
mem[X,0x8000F552] -> 0x0040
[1540] [M]: 0x8000F550 (0x0040006F) jal zero, 4


mem[X,0x8000F554] -> 0xAC23
mem[X,0x8000F556] -> 0x2240
[1541] [M]: 0x8000F554 (0x2240AC23) sw tp, 568(ra)
mem[0x800394A0] <- 0x00000003


mem[X,0x8000F558] -> 0xB537
mem[X,0x8000F55A] -> 0xAAAA
[1542] [M]: 0x8000F558 (0xAAAAB537) lui a0, 699051
x10 <- 0xAAAAB000


mem[X,0x8000F55C] -> 0x0513
mem[X,0x8000F55E] -> 0xAAA5
[1543] [M]: 0x8000F55C (0xAAA50513) addi a0, a0, 2730
x10 <- 0xAAAAAAAA


mem[X,0x8000F560] -> 0x65B7
mem[X,0x8000F562] -> 0x6666
[1544] [M]: 0x8000F560 (0x666665B7) lui a1, 419430
x11 <- 0x66666000


mem[X,0x8000F564] -> 0x8593
mem[X,0x8000F566] -> 0x6675
[1545] [M]: 0x8000F564 (0x66758593) addi a1, a1, 1639
x11 <- 0x66666667


mem[X,0x8000F568] -> 0x0213
mem[X,0x8000F56A] -> 0x0000
[1546] [M]: 0x8000F568 (0x00000213) addi tp, zero, 0
x4 <- 0x00000000


mem[X,0x8000F56C] -> 0x006F
mem[X,0x8000F56E] -> 0x0050
[1547] [M]: 0x8000F56C (0x0050006F) jal zero, 2052


mem[X,0x8000FD70] -> 0x10E3
mem[X,0x8000FD72] -> 0x80B5
[1548] [M]: 0x8000FD70 (0x80B510E3) bne a0, a1, 6144


mem[X,0x8000F570] -> 0x0213
mem[X,0x8000F572] -> 0x0012
[1549] [M]: 0x8000F570 (0x00120213) addi tp, tp, 1
x4 <- 0x00000001


mem[X,0x8000F574] -> 0x006F
mem[X,0x8000F576] -> 0x0110
[1550] [M]: 0x8000F574 (0x0110006F) jal zero, 2064


mem[X,0x8000FD84] -> 0xAE23
mem[X,0x8000FD86] -> 0x2240
[1551] [M]: 0x8000FD84 (0x2240AE23) sw tp, 572(ra)
mem[0x800394A4] <- 0x00000001


mem[X,0x8000FD88] -> 0xB537
mem[X,0x8000FD8A] -> 0xAAAA
[1552] [M]: 0x8000FD88 (0xAAAAB537) lui a0, 699051
x10 <- 0xAAAAB000


mem[X,0x8000FD8C] -> 0x0513
mem[X,0x8000FD8E] -> 0xAAA5
[1553] [M]: 0x8000FD8C (0xAAA50513) addi a0, a0, 2730
x10 <- 0xAAAAAAAA


mem[X,0x8000FD90] -> 0x55B7
mem[X,0x8000FD92] -> 0xFFFF
[1554] [M]: 0x8000FD90 (0xFFFF55B7) lui a1, 1048565
x11 <- 0xFFFF5000


mem[X,0x8000FD94] -> 0x8593
mem[X,0x8000FD96] -> 0xAFD5
[1555] [M]: 0x8000FD94 (0xAFD58593) addi a1, a1, 2813
x11 <- 0xFFFF4AFD


mem[X,0x8000FD98] -> 0x0213
mem[X,0x8000FD9A] -> 0x0000
[1556] [M]: 0x8000FD98 (0x00000213) addi tp, zero, 0
x4 <- 0x00000000


mem[X,0x8000FD9C] -> 0x006F
mem[X,0x8000FD9E] -> 0x00C0
[1557] [M]: 0x8000FD9C (0x00C0006F) jal zero, 12


mem[X,0x8000FDA8] -> 0x1063
mem[X,0x8000FDAA] -> 0x08B5
[1558] [M]: 0x8000FDA8 (0x08B51063) bne a0, a1, 128


mem[X,0x8000FE28] -> 0x0213
mem[X,0x8000FE2A] -> 0x0032
[1559] [M]: 0x8000FE28 (0x00320213) addi tp, tp, 3
x4 <- 0x00000003


mem[X,0x8000FE2C] -> 0x006F
mem[X,0x8000FE2E] -> 0x0040
[1560] [M]: 0x8000FE2C (0x0040006F) jal zero, 4


mem[X,0x8000FE30] -> 0xA023
mem[X,0x8000FE32] -> 0x2440
[1561] [M]: 0x8000FE30 (0x2440A023) sw tp, 576(ra)
mem[0x800394A8] <- 0x00000003


mem[X,0x8000FE34] -> 0xB537
mem[X,0x8000FE36] -> 0xAAAA
[1562] [M]: 0x8000FE34 (0xAAAAB537) lui a0, 699051
x10 <- 0xAAAAB000


mem[X,0x8000FE38] -> 0x0513
mem[X,0x8000FE3A] -> 0xAAA5
[1563] [M]: 0x8000FE38 (0xAAA50513) addi a0, a0, 2730
x10 <- 0xAAAAAAAA


mem[X,0x8000FE3C] -> 0xB5B7
mem[X,0x8000FE3E] -> 0x0000
[1564] [M]: 0x8000FE3C (0x0000B5B7) lui a1, 11
x11 <- 0x0000B000


mem[X,0x8000FE40] -> 0x8593
mem[X,0x8000FE42] -> 0x5055
[1565] [M]: 0x8000FE40 (0x50558593) addi a1, a1, 1285
x11 <- 0x0000B505


mem[X,0x8000FE44] -> 0x0213
mem[X,0x8000FE46] -> 0x0000
[1566] [M]: 0x8000FE44 (0x00000213) addi tp, zero, 0
x4 <- 0x00000000


mem[X,0x8000FE48] -> 0x006F
mem[X,0x8000FE4A] -> 0x00C0
[1567] [M]: 0x8000FE48 (0x00C0006F) jal zero, 12


mem[X,0x8000FE54] -> 0x1063
mem[X,0x8000FE56] -> 0x10B5
[1568] [M]: 0x8000FE54 (0x10B51063) bne a0, a1, 256


mem[X,0x8000FF54] -> 0x0213
mem[X,0x8000FF56] -> 0x0032
[1569] [M]: 0x8000FF54 (0x00320213) addi tp, tp, 3
x4 <- 0x00000003


mem[X,0x8000FF58] -> 0x006F
mem[X,0x8000FF5A] -> 0x0040
[1570] [M]: 0x8000FF58 (0x0040006F) jal zero, 4


mem[X,0x8000FF5C] -> 0xA223
mem[X,0x8000FF5E] -> 0x2440
[1571] [M]: 0x8000FF5C (0x2440A223) sw tp, 580(ra)
mem[0x800394AC] <- 0x00000003


mem[X,0x8000FF60] -> 0x0513
mem[X,0x8000FF62] -> 0x0050
[1572] [M]: 0x8000FF60 (0x00500513) addi a0, zero, 5
x10 <- 0x00000005


mem[X,0x8000FF64] -> 0x0593
mem[X,0x8000FF66] -> 0x0030
[1573] [M]: 0x8000FF64 (0x00300593) addi a1, zero, 3
x11 <- 0x00000003


mem[X,0x8000FF68] -> 0x0213
mem[X,0x8000FF6A] -> 0x0000
[1574] [M]: 0x8000FF68 (0x00000213) addi tp, zero, 0
x4 <- 0x00000000


mem[X,0x8000FF6C] -> 0x006F
mem[X,0x8000FF6E] -> 0x00C0
[1575] [M]: 0x8000FF6C (0x00C0006F) jal zero, 12


mem[X,0x8000FF78] -> 0x1663
mem[X,0x8000FF7A] -> 0x00B5
[1576] [M]: 0x8000FF78 (0x00B51663) bne a0, a1, 12


mem[X,0x8000FF84] -> 0x0213
mem[X,0x8000FF86] -> 0x0032
[1577] [M]: 0x8000FF84 (0x00320213) addi tp, tp, 3
x4 <- 0x00000003


mem[X,0x8000FF88] -> 0x006F
mem[X,0x8000FF8A] -> 0x0040
[1578] [M]: 0x8000FF88 (0x0040006F) jal zero, 4


mem[X,0x8000FF8C] -> 0xA423
mem[X,0x8000FF8E] -> 0x2440
[1579] [M]: 0x8000FF8C (0x2440A423) sw tp, 584(ra)
mem[0x800394B0] <- 0x00000003


mem[X,0x8000FF90] -> 0x0513
mem[X,0x8000FF92] -> 0x0050
[1580] [M]: 0x8000FF90 (0x00500513) addi a0, zero, 5
x10 <- 0x00000005


mem[X,0x8000FF94] -> 0x55B7
mem[X,0x8000FF96] -> 0x5555
[1581] [M]: 0x8000FF94 (0x555555B7) lui a1, 349525
x11 <- 0x55555000


mem[X,0x8000FF98] -> 0x8593
mem[X,0x8000FF9A] -> 0x5555
[1582] [M]: 0x8000FF98 (0x55558593) addi a1, a1, 1365
x11 <- 0x55555555


mem[X,0x8000FF9C] -> 0x0213
mem[X,0x8000FF9E] -> 0x0000
[1583] [M]: 0x8000FF9C (0x00000213) addi tp, zero, 0
x4 <- 0x00000000


mem[X,0x8000FFA0] -> 0x006F
mem[X,0x8000FFA2] -> 0x00C0
[1584] [M]: 0x8000FFA0 (0x00C0006F) jal zero, 12


mem[X,0x8000FFAC] -> 0x1863
mem[X,0x8000FFAE] -> 0x00B5
[1585] [M]: 0x8000FFAC (0x00B51863) bne a0, a1, 16


mem[X,0x8000FFBC] -> 0x0213
mem[X,0x8000FFBE] -> 0x0032
[1586] [M]: 0x8000FFBC (0x00320213) addi tp, tp, 3
x4 <- 0x00000003


mem[X,0x8000FFC0] -> 0x006F
mem[X,0x8000FFC2] -> 0x0040
[1587] [M]: 0x8000FFC0 (0x0040006F) jal zero, 4


mem[X,0x8000FFC4] -> 0xA623
mem[X,0x8000FFC6] -> 0x2440
[1588] [M]: 0x8000FFC4 (0x2440A623) sw tp, 588(ra)
mem[0x800394B4] <- 0x00000003


mem[X,0x8000FFC8] -> 0x0513
mem[X,0x8000FFCA] -> 0x0050
[1589] [M]: 0x8000FFC8 (0x00500513) addi a0, zero, 5
x10 <- 0x00000005


mem[X,0x8000FFCC] -> 0xB5B7
mem[X,0x8000FFCE] -> 0xAAAA
[1590] [M]: 0x8000FFCC (0xAAAAB5B7) lui a1, 699051
x11 <- 0xAAAAB000


mem[X,0x8000FFD0] -> 0x8593
mem[X,0x8000FFD2] -> 0xAAA5
[1591] [M]: 0x8000FFD0 (0xAAA58593) addi a1, a1, 2730
x11 <- 0xAAAAAAAA


mem[X,0x8000FFD4] -> 0x0213
mem[X,0x8000FFD6] -> 0x0000
[1592] [M]: 0x8000FFD4 (0x00000213) addi tp, zero, 0
x4 <- 0x00000000


mem[X,0x8000FFD8] -> 0x006F
mem[X,0x8000FFDA] -> 0x00C0
[1593] [M]: 0x8000FFD8 (0x00C0006F) jal zero, 12


mem[X,0x8000FFE4] -> 0x1063
mem[X,0x8000FFE6] -> 0x02B5
[1594] [M]: 0x8000FFE4 (0x02B51063) bne a0, a1, 32


mem[X,0x80010004] -> 0x0213
mem[X,0x80010006] -> 0x0032
[1595] [M]: 0x80010004 (0x00320213) addi tp, tp, 3
x4 <- 0x00000003


mem[X,0x80010008] -> 0x006F
mem[X,0x8001000A] -> 0x0040
[1596] [M]: 0x80010008 (0x0040006F) jal zero, 4


mem[X,0x8001000C] -> 0xA823
mem[X,0x8001000E] -> 0x2440
[1597] [M]: 0x8001000C (0x2440A823) sw tp, 592(ra)
mem[0x800394B8] <- 0x00000003


mem[X,0x80010010] -> 0x0513
mem[X,0x80010012] -> 0x0050
[1598] [M]: 0x80010010 (0x00500513) addi a0, zero, 5
x10 <- 0x00000005


mem[X,0x80010014] -> 0x0593
mem[X,0x80010016] -> 0x0050
[1599] [M]: 0x80010014 (0x00500593) addi a1, zero, 5
x11 <- 0x00000005


clint::tick mtime <- 0x0000000000000010
 clint timer pending at mtime 0x0000000000000010
htif::tick 0x0000000000000000
mem[X,0x80010018] -> 0x0213
mem[X,0x8001001A] -> 0x0000
[1600] [M]: 0x80010018 (0x00000213) addi tp, zero, 0
x4 <- 0x00000000


mem[X,0x8001001C] -> 0x006F
mem[X,0x8001001E] -> 0x00C0
[1601] [M]: 0x8001001C (0x00C0006F) jal zero, 12


mem[X,0x80010028] -> 0x1063
mem[X,0x8001002A] -> 0x40B5
[1602] [M]: 0x80010028 (0x40B51063) bne a0, a1, 1024


mem[X,0x8001002C] -> 0x0213
mem[X,0x8001002E] -> 0x0022
[1603] [M]: 0x8001002C (0x00220213) addi tp, tp, 2
x4 <- 0x00000002


mem[X,0x80010030] -> 0x006F
mem[X,0x80010032] -> 0x4000
[1604] [M]: 0x80010030 (0x4000006F) jal zero, 1024


mem[X,0x80010430] -> 0xAA23
mem[X,0x80010432] -> 0x2440
[1605] [M]: 0x80010430 (0x2440AA23) sw tp, 596(ra)
mem[0x800394BC] <- 0x00000002


mem[X,0x80010434] -> 0x0513
mem[X,0x80010436] -> 0x0050
[1606] [M]: 0x80010434 (0x00500513) addi a0, zero, 5
x10 <- 0x00000005


mem[X,0x80010438] -> 0x35B7
mem[X,0x8001043A] -> 0x3333
[1607] [M]: 0x80010438 (0x333335B7) lui a1, 209715
x11 <- 0x33333000


mem[X,0x8001043C] -> 0x8593
mem[X,0x8001043E] -> 0x3335
[1608] [M]: 0x8001043C (0x33358593) addi a1, a1, 819
x11 <- 0x33333333


mem[X,0x80010440] -> 0x0213
mem[X,0x80010442] -> 0x0000
[1609] [M]: 0x80010440 (0x00000213) addi tp, zero, 0
x4 <- 0x00000000


mem[X,0x80010444] -> 0x006F
mem[X,0x80010446] -> 0x00C0
[1610] [M]: 0x80010444 (0x00C0006F) jal zero, 12


mem[X,0x80010450] -> 0x1063
mem[X,0x80010452] -> 0x40B5
[1611] [M]: 0x80010450 (0x40B51063) bne a0, a1, 1024


mem[X,0x80010850] -> 0x0213
mem[X,0x80010852] -> 0x0032
[1612] [M]: 0x80010850 (0x00320213) addi tp, tp, 3
x4 <- 0x00000003


mem[X,0x80010854] -> 0x006F
mem[X,0x80010856] -> 0x0040
[1613] [M]: 0x80010854 (0x0040006F) jal zero, 4


mem[X,0x80010858] -> 0xAC23
mem[X,0x8001085A] -> 0x2440
[1614] [M]: 0x80010858 (0x2440AC23) sw tp, 600(ra)
mem[0x800394C0] <- 0x00000003


mem[X,0x8001085C] -> 0x0513
mem[X,0x8001085E] -> 0x0050
[1615] [M]: 0x8001085C (0x00500513) addi a0, zero, 5
x10 <- 0x00000005


mem[X,0x80010860] -> 0x65B7
mem[X,0x80010862] -> 0x6666
[1616] [M]: 0x80010860 (0x666665B7) lui a1, 419430
x11 <- 0x66666000


mem[X,0x80010864] -> 0x8593
mem[X,0x80010866] -> 0x6665
[1617] [M]: 0x80010864 (0x66658593) addi a1, a1, 1638
x11 <- 0x66666666


mem[X,0x80010868] -> 0x0213
mem[X,0x8001086A] -> 0x0000
[1618] [M]: 0x80010868 (0x00000213) addi tp, zero, 0
x4 <- 0x00000000


mem[X,0x8001086C] -> 0x006F
mem[X,0x8001086E] -> 0x00C0
[1619] [M]: 0x8001086C (0x00C0006F) jal zero, 12


mem[X,0x80010878] -> 0x1063
mem[X,0x8001087A] -> 0x40B5
[1620] [M]: 0x80010878 (0x40B51063) bne a0, a1, 1024


mem[X,0x80010C78] -> 0x0213
mem[X,0x80010C7A] -> 0x0032
[1621] [M]: 0x80010C78 (0x00320213) addi tp, tp, 3
x4 <- 0x00000003


mem[X,0x80010C7C] -> 0x006F
mem[X,0x80010C7E] -> 0x0040
[1622] [M]: 0x80010C7C (0x0040006F) jal zero, 4


mem[X,0x80010C80] -> 0xAE23
mem[X,0x80010C82] -> 0x2440
[1623] [M]: 0x80010C80 (0x2440AE23) sw tp, 604(ra)
mem[0x800394C4] <- 0x00000003


mem[X,0x80010C84] -> 0x0513
mem[X,0x80010C86] -> 0x0050
[1624] [M]: 0x80010C84 (0x00500513) addi a0, zero, 5
x10 <- 0x00000005


mem[X,0x80010C88] -> 0x55B7
mem[X,0x80010C8A] -> 0xFFFF
[1625] [M]: 0x80010C88 (0xFFFF55B7) lui a1, 1048565
x11 <- 0xFFFF5000


mem[X,0x80010C8C] -> 0x8593
mem[X,0x80010C8E] -> 0xAFC5
[1626] [M]: 0x80010C8C (0xAFC58593) addi a1, a1, 2812
x11 <- 0xFFFF4AFC


mem[X,0x80010C90] -> 0x0213
mem[X,0x80010C92] -> 0x0000
[1627] [M]: 0x80010C90 (0x00000213) addi tp, zero, 0
x4 <- 0x00000000


mem[X,0x80010C94] -> 0x006F
mem[X,0x80010C96] -> 0x00C0
[1628] [M]: 0x80010C94 (0x00C0006F) jal zero, 12


mem[X,0x80010CA0] -> 0x1063
mem[X,0x80010CA2] -> 0x08B5
[1629] [M]: 0x80010CA0 (0x08B51063) bne a0, a1, 128


mem[X,0x80010D20] -> 0x0213
mem[X,0x80010D22] -> 0x0032
[1630] [M]: 0x80010D20 (0x00320213) addi tp, tp, 3
x4 <- 0x00000003


mem[X,0x80010D24] -> 0x006F
mem[X,0x80010D26] -> 0x0040
[1631] [M]: 0x80010D24 (0x0040006F) jal zero, 4


mem[X,0x80010D28] -> 0xA023
mem[X,0x80010D2A] -> 0x2640
[1632] [M]: 0x80010D28 (0x2640A023) sw tp, 608(ra)
mem[0x800394C8] <- 0x00000003


mem[X,0x80010D2C] -> 0x0513
mem[X,0x80010D2E] -> 0x0050
[1633] [M]: 0x80010D2C (0x00500513) addi a0, zero, 5
x10 <- 0x00000005


mem[X,0x80010D30] -> 0xB5B7
mem[X,0x80010D32] -> 0x0000
[1634] [M]: 0x80010D30 (0x0000B5B7) lui a1, 11
x11 <- 0x0000B000


mem[X,0x80010D34] -> 0x8593
mem[X,0x80010D36] -> 0x5045
[1635] [M]: 0x80010D34 (0x50458593) addi a1, a1, 1284
x11 <- 0x0000B504


mem[X,0x80010D38] -> 0x0213
mem[X,0x80010D3A] -> 0x0000
[1636] [M]: 0x80010D38 (0x00000213) addi tp, zero, 0
x4 <- 0x00000000


mem[X,0x80010D3C] -> 0x006F
mem[X,0x80010D3E] -> 0x00C0
[1637] [M]: 0x80010D3C (0x00C0006F) jal zero, 12


mem[X,0x80010D48] -> 0x1663
mem[X,0x80010D4A] -> 0x00B5
[1638] [M]: 0x80010D48 (0x00B51663) bne a0, a1, 12


mem[X,0x80010D54] -> 0x0213
mem[X,0x80010D56] -> 0x0032
[1639] [M]: 0x80010D54 (0x00320213) addi tp, tp, 3
x4 <- 0x00000003


mem[X,0x80010D58] -> 0x006F
mem[X,0x80010D5A] -> 0x0040
[1640] [M]: 0x80010D58 (0x0040006F) jal zero, 4


mem[X,0x80010D5C] -> 0xA223
mem[X,0x80010D5E] -> 0x2640
[1641] [M]: 0x80010D5C (0x2640A223) sw tp, 612(ra)
mem[0x800394CC] <- 0x00000003


mem[X,0x80010D60] -> 0x0513
mem[X,0x80010D62] -> 0x0050
[1642] [M]: 0x80010D60 (0x00500513) addi a0, zero, 5
x10 <- 0x00000005


mem[X,0x80010D64] -> 0x0593
mem[X,0x80010D66] -> 0x0020
[1643] [M]: 0x80010D64 (0x00200593) addi a1, zero, 2
x11 <- 0x00000002


mem[X,0x80010D68] -> 0x0213
mem[X,0x80010D6A] -> 0x0000
[1644] [M]: 0x80010D68 (0x00000213) addi tp, zero, 0
x4 <- 0x00000000


mem[X,0x80010D6C] -> 0x006F
mem[X,0x80010D6E] -> 0x00C0
[1645] [M]: 0x80010D6C (0x00C0006F) jal zero, 12


mem[X,0x80010D78] -> 0x1CE3
mem[X,0x80010D7A] -> 0xFEB5
[1646] [M]: 0x80010D78 (0xFEB51CE3) bne a0, a1, 8184


mem[X,0x80010D70] -> 0x0213
mem[X,0x80010D72] -> 0x0012
[1647] [M]: 0x80010D70 (0x00120213) addi tp, tp, 1
x4 <- 0x00000001


mem[X,0x80010D74] -> 0x006F
mem[X,0x80010D76] -> 0x0180
[1648] [M]: 0x80010D74 (0x0180006F) jal zero, 24


mem[X,0x80010D8C] -> 0xA423
mem[X,0x80010D8E] -> 0x2640
[1649] [M]: 0x80010D8C (0x2640A423) sw tp, 616(ra)
mem[0x800394D0] <- 0x00000001


mem[X,0x80010D90] -> 0x0513
mem[X,0x80010D92] -> 0x0050
[1650] [M]: 0x80010D90 (0x00500513) addi a0, zero, 5
x10 <- 0x00000005


mem[X,0x80010D94] -> 0x55B7
mem[X,0x80010D96] -> 0x5555
[1651] [M]: 0x80010D94 (0x555555B7) lui a1, 349525
x11 <- 0x55555000


mem[X,0x80010D98] -> 0x8593
mem[X,0x80010D9A] -> 0x5545
[1652] [M]: 0x80010D98 (0x55458593) addi a1, a1, 1364
x11 <- 0x55555554


mem[X,0x80010D9C] -> 0x0213
mem[X,0x80010D9E] -> 0x0000
[1653] [M]: 0x80010D9C (0x00000213) addi tp, zero, 0
x4 <- 0x00000000


mem[X,0x80010DA0] -> 0x006F
mem[X,0x80010DA2] -> 0x00C0
[1654] [M]: 0x80010DA0 (0x00C0006F) jal zero, 12


mem[X,0x80010DAC] -> 0x1CE3
mem[X,0x80010DAE] -> 0xFEB5
[1655] [M]: 0x80010DAC (0xFEB51CE3) bne a0, a1, 8184


mem[X,0x80010DA4] -> 0x0213
mem[X,0x80010DA6] -> 0x0012
[1656] [M]: 0x80010DA4 (0x00120213) addi tp, tp, 1
x4 <- 0x00000001


mem[X,0x80010DA8] -> 0x006F
mem[X,0x80010DAA] -> 0x0180
[1657] [M]: 0x80010DA8 (0x0180006F) jal zero, 24


mem[X,0x80010DC0] -> 0xA623
mem[X,0x80010DC2] -> 0x2640
[1658] [M]: 0x80010DC0 (0x2640A623) sw tp, 620(ra)
mem[0x800394D4] <- 0x00000001


mem[X,0x80010DC4] -> 0x0513
mem[X,0x80010DC6] -> 0x0050
[1659] [M]: 0x80010DC4 (0x00500513) addi a0, zero, 5
x10 <- 0x00000005


mem[X,0x80010DC8] -> 0x0593
mem[X,0x80010DCA] -> 0x0000
[1660] [M]: 0x80010DC8 (0x00000593) addi a1, zero, 0
x11 <- 0x00000000


mem[X,0x80010DCC] -> 0x0213
mem[X,0x80010DCE] -> 0x0000
[1661] [M]: 0x80010DCC (0x00000213) addi tp, zero, 0
x4 <- 0x00000000


mem[X,0x80010DD0] -> 0x006F
mem[X,0x80010DD2] -> 0x0180
[1662] [M]: 0x80010DD0 (0x0180006F) jal zero, 24


mem[X,0x80010DE8] -> 0x16E3
mem[X,0x80010DEA] -> 0xFEB5
[1663] [M]: 0x80010DE8 (0xFEB516E3) bne a0, a1, 8172


mem[X,0x80010DD4] -> 0x0213
mem[X,0x80010DD6] -> 0x0012
[1664] [M]: 0x80010DD4 (0x00120213) addi tp, tp, 1
x4 <- 0x00000001


mem[X,0x80010DD8] -> 0x006F
mem[X,0x80010DDA] -> 0x0240
[1665] [M]: 0x80010DD8 (0x0240006F) jal zero, 36


mem[X,0x80010DFC] -> 0xA823
mem[X,0x80010DFE] -> 0x2640
[1666] [M]: 0x80010DFC (0x2640A823) sw tp, 624(ra)
mem[0x800394D8] <- 0x00000001


mem[X,0x80010E00] -> 0x0513
mem[X,0x80010E02] -> 0x0050
[1667] [M]: 0x80010E00 (0x00500513) addi a0, zero, 5
x10 <- 0x00000005


mem[X,0x80010E04] -> 0x0593
mem[X,0x80010E06] -> 0x0040
[1668] [M]: 0x80010E04 (0x00400593) addi a1, zero, 4
x11 <- 0x00000004


mem[X,0x80010E08] -> 0x0213
mem[X,0x80010E0A] -> 0x0000
[1669] [M]: 0x80010E08 (0x00000213) addi tp, zero, 0
x4 <- 0x00000000


mem[X,0x80010E0C] -> 0x006F
mem[X,0x80010E0E] -> 0x00C0
[1670] [M]: 0x80010E0C (0x00C0006F) jal zero, 12


mem[X,0x80010E18] -> 0x1663
mem[X,0x80010E1A] -> 0x00B5
[1671] [M]: 0x80010E18 (0x00B51663) bne a0, a1, 12


mem[X,0x80010E24] -> 0x0213
mem[X,0x80010E26] -> 0x0032
[1672] [M]: 0x80010E24 (0x00320213) addi tp, tp, 3
x4 <- 0x00000003


mem[X,0x80010E28] -> 0x006F
mem[X,0x80010E2A] -> 0x0040
[1673] [M]: 0x80010E28 (0x0040006F) jal zero, 4


mem[X,0x80010E2C] -> 0xAA23
mem[X,0x80010E2E] -> 0x2640
[1674] [M]: 0x80010E2C (0x2640AA23) sw tp, 628(ra)
mem[0x800394DC] <- 0x00000003


mem[X,0x80010E30] -> 0x0513
mem[X,0x80010E32] -> 0x0050
[1675] [M]: 0x80010E30 (0x00500513) addi a0, zero, 5
x10 <- 0x00000005


mem[X,0x80010E34] -> 0x35B7
mem[X,0x80010E36] -> 0x3333
[1676] [M]: 0x80010E34 (0x333335B7) lui a1, 209715
x11 <- 0x33333000


mem[X,0x80010E38] -> 0x8593
mem[X,0x80010E3A] -> 0x3325
[1677] [M]: 0x80010E38 (0x33258593) addi a1, a1, 818
x11 <- 0x33333332


mem[X,0x80010E3C] -> 0x0213
mem[X,0x80010E3E] -> 0x0000
[1678] [M]: 0x80010E3C (0x00000213) addi tp, zero, 0
x4 <- 0x00000000


mem[X,0x80010E40] -> 0x006F
mem[X,0x80010E42] -> 0x00C0
[1679] [M]: 0x80010E40 (0x00C0006F) jal zero, 12


mem[X,0x80010E4C] -> 0x1063
mem[X,0x80010E4E] -> 0x20B5
[1680] [M]: 0x80010E4C (0x20B51063) bne a0, a1, 512


mem[X,0x8001104C] -> 0x0213
mem[X,0x8001104E] -> 0x0032
[1681] [M]: 0x8001104C (0x00320213) addi tp, tp, 3
x4 <- 0x00000003


mem[X,0x80011050] -> 0x006F
mem[X,0x80011052] -> 0x0040
[1682] [M]: 0x80011050 (0x0040006F) jal zero, 4


mem[X,0x80011054] -> 0xAC23
mem[X,0x80011056] -> 0x2640
[1683] [M]: 0x80011054 (0x2640AC23) sw tp, 632(ra)
mem[0x800394E0] <- 0x00000003


mem[X,0x80011058] -> 0x0513
mem[X,0x8001105A] -> 0x0050
[1684] [M]: 0x80011058 (0x00500513) addi a0, zero, 5
x10 <- 0x00000005


mem[X,0x8001105C] -> 0x65B7
mem[X,0x8001105E] -> 0x6666
[1685] [M]: 0x8001105C (0x666665B7) lui a1, 419430
x11 <- 0x66666000


mem[X,0x80011060] -> 0x8593
mem[X,0x80011062] -> 0x6655
[1686] [M]: 0x80011060 (0x66558593) addi a1, a1, 1637
x11 <- 0x66666665


mem[X,0x80011064] -> 0x0213
mem[X,0x80011066] -> 0x0000
[1687] [M]: 0x80011064 (0x00000213) addi tp, zero, 0
x4 <- 0x00000000


mem[X,0x80011068] -> 0x006F
mem[X,0x8001106A] -> 0x00C0
[1688] [M]: 0x80011068 (0x00C0006F) jal zero, 12


mem[X,0x80011074] -> 0x1663
mem[X,0x80011076] -> 0x00B5
[1689] [M]: 0x80011074 (0x00B51663) bne a0, a1, 12


mem[X,0x80011080] -> 0x0213
mem[X,0x80011082] -> 0x0032
[1690] [M]: 0x80011080 (0x00320213) addi tp, tp, 3
x4 <- 0x00000003


mem[X,0x80011084] -> 0x006F
mem[X,0x80011086] -> 0x0040
[1691] [M]: 0x80011084 (0x0040006F) jal zero, 4


mem[X,0x80011088] -> 0xAE23
mem[X,0x8001108A] -> 0x2640
[1692] [M]: 0x80011088 (0x2640AE23) sw tp, 636(ra)
mem[0x800394E4] <- 0x00000003


mem[X,0x8001108C] -> 0x0513
mem[X,0x8001108E] -> 0x0050
[1693] [M]: 0x8001108C (0x00500513) addi a0, zero, 5
x10 <- 0x00000005


mem[X,0x80011090] -> 0xB5B7
mem[X,0x80011092] -> 0x0000
[1694] [M]: 0x80011090 (0x0000B5B7) lui a1, 11
x11 <- 0x0000B000


mem[X,0x80011094] -> 0x8593
mem[X,0x80011096] -> 0x5035
[1695] [M]: 0x80011094 (0x50358593) addi a1, a1, 1283
x11 <- 0x0000B503


mem[X,0x80011098] -> 0x0213
mem[X,0x8001109A] -> 0x0000
[1696] [M]: 0x80011098 (0x00000213) addi tp, zero, 0
x4 <- 0x00000000


mem[X,0x8001109C] -> 0x006F
mem[X,0x8001109E] -> 0x00C0
[1697] [M]: 0x8001109C (0x00C0006F) jal zero, 12


mem[X,0x800110A8] -> 0x1663
mem[X,0x800110AA] -> 0x00B5
[1698] [M]: 0x800110A8 (0x00B51663) bne a0, a1, 12


mem[X,0x800110B4] -> 0x0213
mem[X,0x800110B6] -> 0x0032
[1699] [M]: 0x800110B4 (0x00320213) addi tp, tp, 3
x4 <- 0x00000003


clint::tick mtime <- 0x0000000000000011
 clint timer pending at mtime 0x0000000000000011
htif::tick 0x0000000000000000
mem[X,0x800110B8] -> 0x006F
mem[X,0x800110BA] -> 0x0040
[1700] [M]: 0x800110B8 (0x0040006F) jal zero, 4


mem[X,0x800110BC] -> 0xA023
mem[X,0x800110BE] -> 0x2840
[1701] [M]: 0x800110BC (0x2840A023) sw tp, 640(ra)
mem[0x800394E8] <- 0x00000003


mem[X,0x800110C0] -> 0x0513
mem[X,0x800110C2] -> 0x0050
[1702] [M]: 0x800110C0 (0x00500513) addi a0, zero, 5
x10 <- 0x00000005


mem[X,0x800110C4] -> 0x55B7
mem[X,0x800110C6] -> 0x5555
[1703] [M]: 0x800110C4 (0x555555B7) lui a1, 349525
x11 <- 0x55555000


mem[X,0x800110C8] -> 0x8593
mem[X,0x800110CA] -> 0x5565
[1704] [M]: 0x800110C8 (0x55658593) addi a1, a1, 1366
x11 <- 0x55555556


mem[X,0x800110CC] -> 0x0213
mem[X,0x800110CE] -> 0x0000
[1705] [M]: 0x800110CC (0x00000213) addi tp, zero, 0
x4 <- 0x00000000


mem[X,0x800110D0] -> 0x006F
mem[X,0x800110D2] -> 0x00C0
[1706] [M]: 0x800110D0 (0x00C0006F) jal zero, 12


mem[X,0x800110DC] -> 0x1663
mem[X,0x800110DE] -> 0x00B5
[1707] [M]: 0x800110DC (0x00B51663) bne a0, a1, 12


mem[X,0x800110E8] -> 0x0213
mem[X,0x800110EA] -> 0x0032
[1708] [M]: 0x800110E8 (0x00320213) addi tp, tp, 3
x4 <- 0x00000003


mem[X,0x800110EC] -> 0x006F
mem[X,0x800110EE] -> 0x0040
[1709] [M]: 0x800110EC (0x0040006F) jal zero, 4


mem[X,0x800110F0] -> 0xA223
mem[X,0x800110F2] -> 0x2840
[1710] [M]: 0x800110F0 (0x2840A223) sw tp, 644(ra)
mem[0x800394EC] <- 0x00000003


mem[X,0x800110F4] -> 0x0513
mem[X,0x800110F6] -> 0x0050
[1711] [M]: 0x800110F4 (0x00500513) addi a0, zero, 5
x10 <- 0x00000005


mem[X,0x800110F8] -> 0xB5B7
mem[X,0x800110FA] -> 0xAAAA
[1712] [M]: 0x800110F8 (0xAAAAB5B7) lui a1, 699051
x11 <- 0xAAAAB000


mem[X,0x800110FC] -> 0x8593
mem[X,0x800110FE] -> 0xAAB5
[1713] [M]: 0x800110FC (0xAAB58593) addi a1, a1, 2731
x11 <- 0xAAAAAAAB


mem[X,0x80011100] -> 0x0213
mem[X,0x80011102] -> 0x0000
[1714] [M]: 0x80011100 (0x00000213) addi tp, zero, 0
x4 <- 0x00000000


mem[X,0x80011104] -> 0x006F
mem[X,0x80011106] -> 0x00C0
[1715] [M]: 0x80011104 (0x00C0006F) jal zero, 12


mem[X,0x80011110] -> 0x1063
mem[X,0x80011112] -> 0x02B5
[1716] [M]: 0x80011110 (0x02B51063) bne a0, a1, 32


mem[X,0x80011130] -> 0x0213
mem[X,0x80011132] -> 0x0032
[1717] [M]: 0x80011130 (0x00320213) addi tp, tp, 3
x4 <- 0x00000003


mem[X,0x80011134] -> 0x006F
mem[X,0x80011136] -> 0x0040
[1718] [M]: 0x80011134 (0x0040006F) jal zero, 4


mem[X,0x80011138] -> 0xA423
mem[X,0x8001113A] -> 0x2840
[1719] [M]: 0x80011138 (0x2840A423) sw tp, 648(ra)
mem[0x800394F0] <- 0x00000003


mem[X,0x8001113C] -> 0x0513
mem[X,0x8001113E] -> 0x0050
[1720] [M]: 0x8001113C (0x00500513) addi a0, zero, 5
x10 <- 0x00000005


mem[X,0x80011140] -> 0x0593
mem[X,0x80011142] -> 0x0060
[1721] [M]: 0x80011140 (0x00600593) addi a1, zero, 6
x11 <- 0x00000006


mem[X,0x80011144] -> 0x0213
mem[X,0x80011146] -> 0x0000
[1722] [M]: 0x80011144 (0x00000213) addi tp, zero, 0
x4 <- 0x00000000


mem[X,0x80011148] -> 0x006F
mem[X,0x8001114A] -> 0x00C0
[1723] [M]: 0x80011148 (0x00C0006F) jal zero, 12


mem[X,0x80011154] -> 0x1063
mem[X,0x80011156] -> 0x08B5
[1724] [M]: 0x80011154 (0x08B51063) bne a0, a1, 128


mem[X,0x800111D4] -> 0x0213
mem[X,0x800111D6] -> 0x0032
[1725] [M]: 0x800111D4 (0x00320213) addi tp, tp, 3
x4 <- 0x00000003


mem[X,0x800111D8] -> 0x006F
mem[X,0x800111DA] -> 0x0040
[1726] [M]: 0x800111D8 (0x0040006F) jal zero, 4


mem[X,0x800111DC] -> 0xA623
mem[X,0x800111DE] -> 0x2840
[1727] [M]: 0x800111DC (0x2840A623) sw tp, 652(ra)
mem[0x800394F4] <- 0x00000003


mem[X,0x800111E0] -> 0x0513
mem[X,0x800111E2] -> 0x0050
[1728] [M]: 0x800111E0 (0x00500513) addi a0, zero, 5
x10 <- 0x00000005


mem[X,0x800111E4] -> 0x35B7
mem[X,0x800111E6] -> 0x3333
[1729] [M]: 0x800111E4 (0x333335B7) lui a1, 209715
x11 <- 0x33333000


mem[X,0x800111E8] -> 0x8593
mem[X,0x800111EA] -> 0x3345
[1730] [M]: 0x800111E8 (0x33458593) addi a1, a1, 820
x11 <- 0x33333334


mem[X,0x800111EC] -> 0x0213
mem[X,0x800111EE] -> 0x0000
[1731] [M]: 0x800111EC (0x00000213) addi tp, zero, 0
x4 <- 0x00000000


mem[X,0x800111F0] -> 0x006F
mem[X,0x800111F2] -> 0x00C0
[1732] [M]: 0x800111F0 (0x00C0006F) jal zero, 12


mem[X,0x800111FC] -> 0x1063
mem[X,0x800111FE] -> 0x20B5
[1733] [M]: 0x800111FC (0x20B51063) bne a0, a1, 512


mem[X,0x800113FC] -> 0x0213
mem[X,0x800113FE] -> 0x0032
[1734] [M]: 0x800113FC (0x00320213) addi tp, tp, 3
x4 <- 0x00000003


mem[X,0x80011400] -> 0x006F
mem[X,0x80011402] -> 0x0040
[1735] [M]: 0x80011400 (0x0040006F) jal zero, 4


mem[X,0x80011404] -> 0xA823
mem[X,0x80011406] -> 0x2840
[1736] [M]: 0x80011404 (0x2840A823) sw tp, 656(ra)
mem[0x800394F8] <- 0x00000003


mem[X,0x80011408] -> 0x0513
mem[X,0x8001140A] -> 0x0050
[1737] [M]: 0x80011408 (0x00500513) addi a0, zero, 5
x10 <- 0x00000005


mem[X,0x8001140C] -> 0x65B7
mem[X,0x8001140E] -> 0x6666
[1738] [M]: 0x8001140C (0x666665B7) lui a1, 419430
x11 <- 0x66666000


mem[X,0x80011410] -> 0x8593
mem[X,0x80011412] -> 0x6675
[1739] [M]: 0x80011410 (0x66758593) addi a1, a1, 1639
x11 <- 0x66666667


mem[X,0x80011414] -> 0x0213
mem[X,0x80011416] -> 0x0000
[1740] [M]: 0x80011414 (0x00000213) addi tp, zero, 0
x4 <- 0x00000000


mem[X,0x80011418] -> 0x006F
mem[X,0x8001141A] -> 0x00C0
[1741] [M]: 0x80011418 (0x00C0006F) jal zero, 12


mem[X,0x80011424] -> 0x1063
mem[X,0x80011426] -> 0x10B5
[1742] [M]: 0x80011424 (0x10B51063) bne a0, a1, 256


mem[X,0x80011524] -> 0x0213
mem[X,0x80011526] -> 0x0032
[1743] [M]: 0x80011524 (0x00320213) addi tp, tp, 3
x4 <- 0x00000003


mem[X,0x80011528] -> 0x006F
mem[X,0x8001152A] -> 0x0040
[1744] [M]: 0x80011528 (0x0040006F) jal zero, 4


mem[X,0x8001152C] -> 0xAA23
mem[X,0x8001152E] -> 0x2840
[1745] [M]: 0x8001152C (0x2840AA23) sw tp, 660(ra)
mem[0x800394FC] <- 0x00000003


mem[X,0x80011530] -> 0x0513
mem[X,0x80011532] -> 0x0050
[1746] [M]: 0x80011530 (0x00500513) addi a0, zero, 5
x10 <- 0x00000005


mem[X,0x80011534] -> 0x55B7
mem[X,0x80011536] -> 0xFFFF
[1747] [M]: 0x80011534 (0xFFFF55B7) lui a1, 1048565
x11 <- 0xFFFF5000


mem[X,0x80011538] -> 0x8593
mem[X,0x8001153A] -> 0xAFD5
[1748] [M]: 0x80011538 (0xAFD58593) addi a1, a1, 2813
x11 <- 0xFFFF4AFD


mem[X,0x8001153C] -> 0x0213
mem[X,0x8001153E] -> 0x0000
[1749] [M]: 0x8001153C (0x00000213) addi tp, zero, 0
x4 <- 0x00000000


mem[X,0x80011540] -> 0x006F
mem[X,0x80011542] -> 0x00C0
[1750] [M]: 0x80011540 (0x00C0006F) jal zero, 12


mem[X,0x8001154C] -> 0x1063
mem[X,0x8001154E] -> 0x10B5
[1751] [M]: 0x8001154C (0x10B51063) bne a0, a1, 256


mem[X,0x8001164C] -> 0x0213
mem[X,0x8001164E] -> 0x0032
[1752] [M]: 0x8001164C (0x00320213) addi tp, tp, 3
x4 <- 0x00000003


mem[X,0x80011650] -> 0x006F
mem[X,0x80011652] -> 0x0040
[1753] [M]: 0x80011650 (0x0040006F) jal zero, 4


mem[X,0x80011654] -> 0xAC23
mem[X,0x80011656] -> 0x2840
[1754] [M]: 0x80011654 (0x2840AC23) sw tp, 664(ra)
mem[0x80039500] <- 0x00000003


mem[X,0x80011658] -> 0x0513
mem[X,0x8001165A] -> 0x0050
[1755] [M]: 0x80011658 (0x00500513) addi a0, zero, 5
x10 <- 0x00000005


mem[X,0x8001165C] -> 0xB5B7
mem[X,0x8001165E] -> 0x0000
[1756] [M]: 0x8001165C (0x0000B5B7) lui a1, 11
x11 <- 0x0000B000


mem[X,0x80011660] -> 0x8593
mem[X,0x80011662] -> 0x5055
[1757] [M]: 0x80011660 (0x50558593) addi a1, a1, 1285
x11 <- 0x0000B505


mem[X,0x80011664] -> 0x0213
mem[X,0x80011666] -> 0x0000
[1758] [M]: 0x80011664 (0x00000213) addi tp, zero, 0
x4 <- 0x00000000


mem[X,0x80011668] -> 0x006F
mem[X,0x8001166A] -> 0x00C0
[1759] [M]: 0x80011668 (0x00C0006F) jal zero, 12


mem[X,0x80011674] -> 0x1CE3
mem[X,0x80011676] -> 0xFEB5
[1760] [M]: 0x80011674 (0xFEB51CE3) bne a0, a1, 8184


mem[X,0x8001166C] -> 0x0213
mem[X,0x8001166E] -> 0x0012
[1761] [M]: 0x8001166C (0x00120213) addi tp, tp, 1
x4 <- 0x00000001


mem[X,0x80011670] -> 0x006F
mem[X,0x80011672] -> 0x0180
[1762] [M]: 0x80011670 (0x0180006F) jal zero, 24


mem[X,0x80011688] -> 0xAE23
mem[X,0x8001168A] -> 0x2840
[1763] [M]: 0x80011688 (0x2840AE23) sw tp, 668(ra)
mem[0x80039504] <- 0x00000001


mem[X,0x8001168C] -> 0x3537
mem[X,0x8001168E] -> 0x3333
[1764] [M]: 0x8001168C (0x33333537) lui a0, 209715
x10 <- 0x33333000


mem[X,0x80011690] -> 0x0513
mem[X,0x80011692] -> 0x3335
[1765] [M]: 0x80011690 (0x33350513) addi a0, a0, 819
x10 <- 0x33333333


mem[X,0x80011694] -> 0x0593
mem[X,0x80011696] -> 0x0030
[1766] [M]: 0x80011694 (0x00300593) addi a1, zero, 3
x11 <- 0x00000003


mem[X,0x80011698] -> 0x0213
mem[X,0x8001169A] -> 0x0000
[1767] [M]: 0x80011698 (0x00000213) addi tp, zero, 0
x4 <- 0x00000000


mem[X,0x8001169C] -> 0x006F
mem[X,0x8001169E] -> 0x00C0
[1768] [M]: 0x8001169C (0x00C0006F) jal zero, 12


mem[X,0x800116A8] -> 0x1063
mem[X,0x800116AA] -> 0x40B5
[1769] [M]: 0x800116A8 (0x40B51063) bne a0, a1, 1024


mem[X,0x80011AA8] -> 0x0213
mem[X,0x80011AAA] -> 0x0032
[1770] [M]: 0x80011AA8 (0x00320213) addi tp, tp, 3
x4 <- 0x00000003


mem[X,0x80011AAC] -> 0x006F
mem[X,0x80011AAE] -> 0x0040
[1771] [M]: 0x80011AAC (0x0040006F) jal zero, 4


mem[X,0x80011AB0] -> 0xA023
mem[X,0x80011AB2] -> 0x2A40
[1772] [M]: 0x80011AB0 (0x2A40A023) sw tp, 672(ra)
mem[0x80039508] <- 0x00000003


mem[X,0x80011AB4] -> 0x3537
mem[X,0x80011AB6] -> 0x3333
[1773] [M]: 0x80011AB4 (0x33333537) lui a0, 209715
x10 <- 0x33333000


mem[X,0x80011AB8] -> 0x0513
mem[X,0x80011ABA] -> 0x3335
[1774] [M]: 0x80011AB8 (0x33350513) addi a0, a0, 819
x10 <- 0x33333333


mem[X,0x80011ABC] -> 0x55B7
mem[X,0x80011ABE] -> 0x5555
[1775] [M]: 0x80011ABC (0x555555B7) lui a1, 349525
x11 <- 0x55555000


mem[X,0x80011AC0] -> 0x8593
mem[X,0x80011AC2] -> 0x5555
[1776] [M]: 0x80011AC0 (0x55558593) addi a1, a1, 1365
x11 <- 0x55555555


mem[X,0x80011AC4] -> 0x0213
mem[X,0x80011AC6] -> 0x0000
[1777] [M]: 0x80011AC4 (0x00000213) addi tp, zero, 0
x4 <- 0x00000000


mem[X,0x80011AC8] -> 0x006F
mem[X,0x80011ACA] -> 0x00C0
[1778] [M]: 0x80011AC8 (0x00C0006F) jal zero, 12


mem[X,0x80011AD4] -> 0x1063
mem[X,0x80011AD6] -> 0x10B5
[1779] [M]: 0x80011AD4 (0x10B51063) bne a0, a1, 256


mem[X,0x80011BD4] -> 0x0213
mem[X,0x80011BD6] -> 0x0032
[1780] [M]: 0x80011BD4 (0x00320213) addi tp, tp, 3
x4 <- 0x00000003


mem[X,0x80011BD8] -> 0x006F
mem[X,0x80011BDA] -> 0x0040
[1781] [M]: 0x80011BD8 (0x0040006F) jal zero, 4


mem[X,0x80011BDC] -> 0xA223
mem[X,0x80011BDE] -> 0x2A40
[1782] [M]: 0x80011BDC (0x2A40A223) sw tp, 676(ra)
mem[0x8003950C] <- 0x00000003


mem[X,0x80011BE0] -> 0x3537
mem[X,0x80011BE2] -> 0x3333
[1783] [M]: 0x80011BE0 (0x33333537) lui a0, 209715
x10 <- 0x33333000


mem[X,0x80011BE4] -> 0x0513
mem[X,0x80011BE6] -> 0x3335
[1784] [M]: 0x80011BE4 (0x33350513) addi a0, a0, 819
x10 <- 0x33333333


mem[X,0x80011BE8] -> 0xB5B7
mem[X,0x80011BEA] -> 0xAAAA
[1785] [M]: 0x80011BE8 (0xAAAAB5B7) lui a1, 699051
x11 <- 0xAAAAB000


mem[X,0x80011BEC] -> 0x8593
mem[X,0x80011BEE] -> 0xAAA5
[1786] [M]: 0x80011BEC (0xAAA58593) addi a1, a1, 2730
x11 <- 0xAAAAAAAA


mem[X,0x80011BF0] -> 0x0213
mem[X,0x80011BF2] -> 0x0000
[1787] [M]: 0x80011BF0 (0x00000213) addi tp, zero, 0
x4 <- 0x00000000


mem[X,0x80011BF4] -> 0x006F
mem[X,0x80011BF6] -> 0x00C0
[1788] [M]: 0x80011BF4 (0x00C0006F) jal zero, 12


mem[X,0x80011C00] -> 0x1063
mem[X,0x80011C02] -> 0x04B5
[1789] [M]: 0x80011C00 (0x04B51063) bne a0, a1, 64


mem[X,0x80011C40] -> 0x0213
mem[X,0x80011C42] -> 0x0032
[1790] [M]: 0x80011C40 (0x00320213) addi tp, tp, 3
x4 <- 0x00000003


mem[X,0x80011C44] -> 0x006F
mem[X,0x80011C46] -> 0x0040
[1791] [M]: 0x80011C44 (0x0040006F) jal zero, 4


mem[X,0x80011C48] -> 0xA423
mem[X,0x80011C4A] -> 0x2A40
[1792] [M]: 0x80011C48 (0x2A40A423) sw tp, 680(ra)
mem[0x80039510] <- 0x00000003


mem[X,0x80011C4C] -> 0x3537
mem[X,0x80011C4E] -> 0x3333
[1793] [M]: 0x80011C4C (0x33333537) lui a0, 209715
x10 <- 0x33333000


mem[X,0x80011C50] -> 0x0513
mem[X,0x80011C52] -> 0x3335
[1794] [M]: 0x80011C50 (0x33350513) addi a0, a0, 819
x10 <- 0x33333333


mem[X,0x80011C54] -> 0x0593
mem[X,0x80011C56] -> 0x0050
[1795] [M]: 0x80011C54 (0x00500593) addi a1, zero, 5
x11 <- 0x00000005


mem[X,0x80011C58] -> 0x0213
mem[X,0x80011C5A] -> 0x0000
[1796] [M]: 0x80011C58 (0x00000213) addi tp, zero, 0
x4 <- 0x00000000


mem[X,0x80011C5C] -> 0x006F
mem[X,0x80011C5E] -> 0x00C0
[1797] [M]: 0x80011C5C (0x00C0006F) jal zero, 12


mem[X,0x80011C68] -> 0x1663
mem[X,0x80011C6A] -> 0x00B5
[1798] [M]: 0x80011C68 (0x00B51663) bne a0, a1, 12


mem[X,0x80011C74] -> 0x0213
mem[X,0x80011C76] -> 0x0032
[1799] [M]: 0x80011C74 (0x00320213) addi tp, tp, 3
x4 <- 0x00000003


clint::tick mtime <- 0x0000000000000012
 clint timer pending at mtime 0x0000000000000012
htif::tick 0x0000000000000000
mem[X,0x80011C78] -> 0x006F
mem[X,0x80011C7A] -> 0x0040
[1800] [M]: 0x80011C78 (0x0040006F) jal zero, 4


mem[X,0x80011C7C] -> 0xA623
mem[X,0x80011C7E] -> 0x2A40
[1801] [M]: 0x80011C7C (0x2A40A623) sw tp, 684(ra)
mem[0x80039514] <- 0x00000003


mem[X,0x80011C80] -> 0x3537
mem[X,0x80011C82] -> 0x3333
[1802] [M]: 0x80011C80 (0x33333537) lui a0, 209715
x10 <- 0x33333000


mem[X,0x80011C84] -> 0x0513
mem[X,0x80011C86] -> 0x3335
[1803] [M]: 0x80011C84 (0x33350513) addi a0, a0, 819
x10 <- 0x33333333


mem[X,0x80011C88] -> 0x35B7
mem[X,0x80011C8A] -> 0x3333
[1804] [M]: 0x80011C88 (0x333335B7) lui a1, 209715
x11 <- 0x33333000


mem[X,0x80011C8C] -> 0x8593
mem[X,0x80011C8E] -> 0x3335
[1805] [M]: 0x80011C8C (0x33358593) addi a1, a1, 819
x11 <- 0x33333333


mem[X,0x80011C90] -> 0x0213
mem[X,0x80011C92] -> 0x0000
[1806] [M]: 0x80011C90 (0x00000213) addi tp, zero, 0
x4 <- 0x00000000


mem[X,0x80011C94] -> 0x006F
mem[X,0x80011C96] -> 0x00C0
[1807] [M]: 0x80011C94 (0x00C0006F) jal zero, 12


mem[X,0x80011CA0] -> 0x1063
mem[X,0x80011CA2] -> 0x08B5
[1808] [M]: 0x80011CA0 (0x08B51063) bne a0, a1, 128


mem[X,0x80011CA4] -> 0x0213
mem[X,0x80011CA6] -> 0x0022
[1809] [M]: 0x80011CA4 (0x00220213) addi tp, tp, 2
x4 <- 0x00000002


mem[X,0x80011CA8] -> 0x006F
mem[X,0x80011CAA] -> 0x0800
[1810] [M]: 0x80011CA8 (0x0800006F) jal zero, 128


mem[X,0x80011D28] -> 0xA823
mem[X,0x80011D2A] -> 0x2A40
[1811] [M]: 0x80011D28 (0x2A40A823) sw tp, 688(ra)
mem[0x80039518] <- 0x00000002


mem[X,0x80011D2C] -> 0x3537
mem[X,0x80011D2E] -> 0x3333
[1812] [M]: 0x80011D2C (0x33333537) lui a0, 209715
x10 <- 0x33333000


mem[X,0x80011D30] -> 0x0513
mem[X,0x80011D32] -> 0x3335
[1813] [M]: 0x80011D30 (0x33350513) addi a0, a0, 819
x10 <- 0x33333333


mem[X,0x80011D34] -> 0x65B7
mem[X,0x80011D36] -> 0x6666
[1814] [M]: 0x80011D34 (0x666665B7) lui a1, 419430
x11 <- 0x66666000


mem[X,0x80011D38] -> 0x8593
mem[X,0x80011D3A] -> 0x6665
[1815] [M]: 0x80011D38 (0x66658593) addi a1, a1, 1638
x11 <- 0x66666666


mem[X,0x80011D3C] -> 0x0213
mem[X,0x80011D3E] -> 0x0000
[1816] [M]: 0x80011D3C (0x00000213) addi tp, zero, 0
x4 <- 0x00000000


mem[X,0x80011D40] -> 0x006F
mem[X,0x80011D42] -> 0x00C0
[1817] [M]: 0x80011D40 (0x00C0006F) jal zero, 12


mem[X,0x80011D4C] -> 0x1063
mem[X,0x80011D4E] -> 0x10B5
[1818] [M]: 0x80011D4C (0x10B51063) bne a0, a1, 256


mem[X,0x80011E4C] -> 0x0213
mem[X,0x80011E4E] -> 0x0032
[1819] [M]: 0x80011E4C (0x00320213) addi tp, tp, 3
x4 <- 0x00000003


mem[X,0x80011E50] -> 0x006F
mem[X,0x80011E52] -> 0x0040
[1820] [M]: 0x80011E50 (0x0040006F) jal zero, 4


mem[X,0x80011E54] -> 0xAA23
mem[X,0x80011E56] -> 0x2A40
[1821] [M]: 0x80011E54 (0x2A40AA23) sw tp, 692(ra)
mem[0x8003951C] <- 0x00000003


mem[X,0x80011E58] -> 0x3537
mem[X,0x80011E5A] -> 0x3333
[1822] [M]: 0x80011E58 (0x33333537) lui a0, 209715
x10 <- 0x33333000


mem[X,0x80011E5C] -> 0x0513
mem[X,0x80011E5E] -> 0x3335
[1823] [M]: 0x80011E5C (0x33350513) addi a0, a0, 819
x10 <- 0x33333333


mem[X,0x80011E60] -> 0x55B7
mem[X,0x80011E62] -> 0xFFFF
[1824] [M]: 0x80011E60 (0xFFFF55B7) lui a1, 1048565
x11 <- 0xFFFF5000


mem[X,0x80011E64] -> 0x8593
mem[X,0x80011E66] -> 0xAFC5
[1825] [M]: 0x80011E64 (0xAFC58593) addi a1, a1, 2812
x11 <- 0xFFFF4AFC


mem[X,0x80011E68] -> 0x0213
mem[X,0x80011E6A] -> 0x0000
[1826] [M]: 0x80011E68 (0x00000213) addi tp, zero, 0
x4 <- 0x00000000


mem[X,0x80011E6C] -> 0x006F
mem[X,0x80011E6E] -> 0x0180
[1827] [M]: 0x80011E6C (0x0180006F) jal zero, 24


mem[X,0x80011E84] -> 0x16E3
mem[X,0x80011E86] -> 0xFEB5
[1828] [M]: 0x80011E84 (0xFEB516E3) bne a0, a1, 8172


mem[X,0x80011E70] -> 0x0213
mem[X,0x80011E72] -> 0x0012
[1829] [M]: 0x80011E70 (0x00120213) addi tp, tp, 1
x4 <- 0x00000001


mem[X,0x80011E74] -> 0x006F
mem[X,0x80011E76] -> 0x0240
[1830] [M]: 0x80011E74 (0x0240006F) jal zero, 36


mem[X,0x80011E98] -> 0xAC23
mem[X,0x80011E9A] -> 0x2A40
[1831] [M]: 0x80011E98 (0x2A40AC23) sw tp, 696(ra)
mem[0x80039520] <- 0x00000001


mem[X,0x80011E9C] -> 0x3537
mem[X,0x80011E9E] -> 0x3333
[1832] [M]: 0x80011E9C (0x33333537) lui a0, 209715
x10 <- 0x33333000


mem[X,0x80011EA0] -> 0x0513
mem[X,0x80011EA2] -> 0x3335
[1833] [M]: 0x80011EA0 (0x33350513) addi a0, a0, 819
x10 <- 0x33333333


mem[X,0x80011EA4] -> 0xB5B7
mem[X,0x80011EA6] -> 0x0000
[1834] [M]: 0x80011EA4 (0x0000B5B7) lui a1, 11
x11 <- 0x0000B000


mem[X,0x80011EA8] -> 0x8593
mem[X,0x80011EAA] -> 0x5045
[1835] [M]: 0x80011EA8 (0x50458593) addi a1, a1, 1284
x11 <- 0x0000B504


mem[X,0x80011EAC] -> 0x0213
mem[X,0x80011EAE] -> 0x0000
[1836] [M]: 0x80011EAC (0x00000213) addi tp, zero, 0
x4 <- 0x00000000


mem[X,0x80011EB0] -> 0x006F
mem[X,0x80011EB2] -> 0x00C0
[1837] [M]: 0x80011EB0 (0x00C0006F) jal zero, 12


mem[X,0x80011EBC] -> 0x1663
mem[X,0x80011EBE] -> 0x00B5
[1838] [M]: 0x80011EBC (0x00B51663) bne a0, a1, 12


mem[X,0x80011EC8] -> 0x0213
mem[X,0x80011ECA] -> 0x0032
[1839] [M]: 0x80011EC8 (0x00320213) addi tp, tp, 3
x4 <- 0x00000003


mem[X,0x80011ECC] -> 0x006F
mem[X,0x80011ECE] -> 0x0040
[1840] [M]: 0x80011ECC (0x0040006F) jal zero, 4


mem[X,0x80011ED0] -> 0xAE23
mem[X,0x80011ED2] -> 0x2A40
[1841] [M]: 0x80011ED0 (0x2A40AE23) sw tp, 700(ra)
mem[0x80039524] <- 0x00000003


mem[X,0x80011ED4] -> 0x3537
mem[X,0x80011ED6] -> 0x3333
[1842] [M]: 0x80011ED4 (0x33333537) lui a0, 209715
x10 <- 0x33333000


mem[X,0x80011ED8] -> 0x0513
mem[X,0x80011EDA] -> 0x3335
[1843] [M]: 0x80011ED8 (0x33350513) addi a0, a0, 819
x10 <- 0x33333333


mem[X,0x80011EDC] -> 0x0593
mem[X,0x80011EDE] -> 0x0020
[1844] [M]: 0x80011EDC (0x00200593) addi a1, zero, 2
x11 <- 0x00000002


mem[X,0x80011EE0] -> 0x0213
mem[X,0x80011EE2] -> 0x0000
[1845] [M]: 0x80011EE0 (0x00000213) addi tp, zero, 0
x4 <- 0x00000000


mem[X,0x80011EE4] -> 0x006F
mem[X,0x80011EE6] -> 0x0050
[1846] [M]: 0x80011EE4 (0x0050006F) jal zero, 2052


mem[X,0x800126E8] -> 0x10E3
mem[X,0x800126EA] -> 0x80B5
[1847] [M]: 0x800126E8 (0x80B510E3) bne a0, a1, 6144


mem[X,0x80011EE8] -> 0x0213
mem[X,0x80011EEA] -> 0x0012
[1848] [M]: 0x80011EE8 (0x00120213) addi tp, tp, 1
x4 <- 0x00000001


mem[X,0x80011EEC] -> 0x006F
mem[X,0x80011EEE] -> 0x0110
[1849] [M]: 0x80011EEC (0x0110006F) jal zero, 2064


mem[X,0x800126FC] -> 0xA023
mem[X,0x800126FE] -> 0x2C40
[1850] [M]: 0x800126FC (0x2C40A023) sw tp, 704(ra)
mem[0x80039528] <- 0x00000001


mem[X,0x80012700] -> 0x3537
mem[X,0x80012702] -> 0x3333
[1851] [M]: 0x80012700 (0x33333537) lui a0, 209715
x10 <- 0x33333000


mem[X,0x80012704] -> 0x0513
mem[X,0x80012706] -> 0x3335
[1852] [M]: 0x80012704 (0x33350513) addi a0, a0, 819
x10 <- 0x33333333


mem[X,0x80012708] -> 0x55B7
mem[X,0x8001270A] -> 0x5555
[1853] [M]: 0x80012708 (0x555555B7) lui a1, 349525
x11 <- 0x55555000


mem[X,0x8001270C] -> 0x8593
mem[X,0x8001270E] -> 0x5545
[1854] [M]: 0x8001270C (0x55458593) addi a1, a1, 1364
x11 <- 0x55555554


mem[X,0x80012710] -> 0x0213
mem[X,0x80012712] -> 0x0000
[1855] [M]: 0x80012710 (0x00000213) addi tp, zero, 0
x4 <- 0x00000000


mem[X,0x80012714] -> 0x006F
mem[X,0x80012716] -> 0x00C0
[1856] [M]: 0x80012714 (0x00C0006F) jal zero, 12


mem[X,0x80012720] -> 0x1663
mem[X,0x80012722] -> 0x00B5
[1857] [M]: 0x80012720 (0x00B51663) bne a0, a1, 12


mem[X,0x8001272C] -> 0x0213
mem[X,0x8001272E] -> 0x0032
[1858] [M]: 0x8001272C (0x00320213) addi tp, tp, 3
x4 <- 0x00000003


mem[X,0x80012730] -> 0x006F
mem[X,0x80012732] -> 0x0040
[1859] [M]: 0x80012730 (0x0040006F) jal zero, 4


mem[X,0x80012734] -> 0xA223
mem[X,0x80012736] -> 0x2C40
[1860] [M]: 0x80012734 (0x2C40A223) sw tp, 708(ra)
mem[0x8003952C] <- 0x00000003


mem[X,0x80012738] -> 0x3537
mem[X,0x8001273A] -> 0x3333
[1861] [M]: 0x80012738 (0x33333537) lui a0, 209715
x10 <- 0x33333000


mem[X,0x8001273C] -> 0x0513
mem[X,0x8001273E] -> 0x3335
[1862] [M]: 0x8001273C (0x33350513) addi a0, a0, 819
x10 <- 0x33333333


mem[X,0x80012740] -> 0x0593
mem[X,0x80012742] -> 0x0000
[1863] [M]: 0x80012740 (0x00000593) addi a1, zero, 0
x11 <- 0x00000000


mem[X,0x80012744] -> 0x0213
mem[X,0x80012746] -> 0x0000
[1864] [M]: 0x80012744 (0x00000213) addi tp, zero, 0
x4 <- 0x00000000


mem[X,0x80012748] -> 0x006F
mem[X,0x8001274A] -> 0x00C0
[1865] [M]: 0x80012748 (0x00C0006F) jal zero, 12


mem[X,0x80012754] -> 0x1863
mem[X,0x80012756] -> 0x00B5
[1866] [M]: 0x80012754 (0x00B51863) bne a0, a1, 16


mem[X,0x80012764] -> 0x0213
mem[X,0x80012766] -> 0x0032
[1867] [M]: 0x80012764 (0x00320213) addi tp, tp, 3
x4 <- 0x00000003


mem[X,0x80012768] -> 0x006F
mem[X,0x8001276A] -> 0x0040
[1868] [M]: 0x80012768 (0x0040006F) jal zero, 4


mem[X,0x8001276C] -> 0xA423
mem[X,0x8001276E] -> 0x2C40
[1869] [M]: 0x8001276C (0x2C40A423) sw tp, 712(ra)
mem[0x80039530] <- 0x00000003


mem[X,0x80012770] -> 0x3537
mem[X,0x80012772] -> 0x3333
[1870] [M]: 0x80012770 (0x33333537) lui a0, 209715
x10 <- 0x33333000


mem[X,0x80012774] -> 0x0513
mem[X,0x80012776] -> 0x3335
[1871] [M]: 0x80012774 (0x33350513) addi a0, a0, 819
x10 <- 0x33333333


mem[X,0x80012778] -> 0x0593
mem[X,0x8001277A] -> 0x0040
[1872] [M]: 0x80012778 (0x00400593) addi a1, zero, 4
x11 <- 0x00000004


mem[X,0x8001277C] -> 0x0213
mem[X,0x8001277E] -> 0x0000
[1873] [M]: 0x8001277C (0x00000213) addi tp, zero, 0
x4 <- 0x00000000


mem[X,0x80012780] -> 0x006F
mem[X,0x80012782] -> 0x00C0
[1874] [M]: 0x80012780 (0x00C0006F) jal zero, 12


mem[X,0x8001278C] -> 0x1063
mem[X,0x8001278E] -> 0x02B5
[1875] [M]: 0x8001278C (0x02B51063) bne a0, a1, 32


mem[X,0x800127AC] -> 0x0213
mem[X,0x800127AE] -> 0x0032
[1876] [M]: 0x800127AC (0x00320213) addi tp, tp, 3
x4 <- 0x00000003


mem[X,0x800127B0] -> 0x006F
mem[X,0x800127B2] -> 0x0040
[1877] [M]: 0x800127B0 (0x0040006F) jal zero, 4


mem[X,0x800127B4] -> 0xA623
mem[X,0x800127B6] -> 0x2C40
[1878] [M]: 0x800127B4 (0x2C40A623) sw tp, 716(ra)
mem[0x80039534] <- 0x00000003


mem[X,0x800127B8] -> 0x3537
mem[X,0x800127BA] -> 0x3333
[1879] [M]: 0x800127B8 (0x33333537) lui a0, 209715
x10 <- 0x33333000


mem[X,0x800127BC] -> 0x0513
mem[X,0x800127BE] -> 0x3335
[1880] [M]: 0x800127BC (0x33350513) addi a0, a0, 819
x10 <- 0x33333333


mem[X,0x800127C0] -> 0x35B7
mem[X,0x800127C2] -> 0x3333
[1881] [M]: 0x800127C0 (0x333335B7) lui a1, 209715
x11 <- 0x33333000


mem[X,0x800127C4] -> 0x8593
mem[X,0x800127C6] -> 0x3325
[1882] [M]: 0x800127C4 (0x33258593) addi a1, a1, 818
x11 <- 0x33333332


mem[X,0x800127C8] -> 0x0213
mem[X,0x800127CA] -> 0x0000
[1883] [M]: 0x800127C8 (0x00000213) addi tp, zero, 0
x4 <- 0x00000000


mem[X,0x800127CC] -> 0x006F
mem[X,0x800127CE] -> 0x00C0
[1884] [M]: 0x800127CC (0x00C0006F) jal zero, 12


mem[X,0x800127D8] -> 0x1663
mem[X,0x800127DA] -> 0x00B5
[1885] [M]: 0x800127D8 (0x00B51663) bne a0, a1, 12


mem[X,0x800127E4] -> 0x0213
mem[X,0x800127E6] -> 0x0032
[1886] [M]: 0x800127E4 (0x00320213) addi tp, tp, 3
x4 <- 0x00000003


mem[X,0x800127E8] -> 0x006F
mem[X,0x800127EA] -> 0x0040
[1887] [M]: 0x800127E8 (0x0040006F) jal zero, 4


mem[X,0x800127EC] -> 0xA823
mem[X,0x800127EE] -> 0x2C40
[1888] [M]: 0x800127EC (0x2C40A823) sw tp, 720(ra)
mem[0x80039538] <- 0x00000003


mem[X,0x800127F0] -> 0x3537
mem[X,0x800127F2] -> 0x3333
[1889] [M]: 0x800127F0 (0x33333537) lui a0, 209715
x10 <- 0x33333000


mem[X,0x800127F4] -> 0x0513
mem[X,0x800127F6] -> 0x3335
[1890] [M]: 0x800127F4 (0x33350513) addi a0, a0, 819
x10 <- 0x33333333


mem[X,0x800127F8] -> 0x65B7
mem[X,0x800127FA] -> 0x6666
[1891] [M]: 0x800127F8 (0x666665B7) lui a1, 419430
x11 <- 0x66666000


mem[X,0x800127FC] -> 0x8593
mem[X,0x800127FE] -> 0x6655
[1892] [M]: 0x800127FC (0x66558593) addi a1, a1, 1637
x11 <- 0x66666665


mem[X,0x80012800] -> 0x0213
mem[X,0x80012802] -> 0x0000
[1893] [M]: 0x80012800 (0x00000213) addi tp, zero, 0
x4 <- 0x00000000


mem[X,0x80012804] -> 0x006F
mem[X,0x80012806] -> 0x00C0
[1894] [M]: 0x80012804 (0x00C0006F) jal zero, 12


mem[X,0x80012810] -> 0x1863
mem[X,0x80012812] -> 0x00B5
[1895] [M]: 0x80012810 (0x00B51863) bne a0, a1, 16


mem[X,0x80012820] -> 0x0213
mem[X,0x80012822] -> 0x0032
[1896] [M]: 0x80012820 (0x00320213) addi tp, tp, 3
x4 <- 0x00000003


mem[X,0x80012824] -> 0x006F
mem[X,0x80012826] -> 0x0040
[1897] [M]: 0x80012824 (0x0040006F) jal zero, 4


mem[X,0x80012828] -> 0xAA23
mem[X,0x8001282A] -> 0x2C40
[1898] [M]: 0x80012828 (0x2C40AA23) sw tp, 724(ra)
mem[0x8003953C] <- 0x00000003


mem[X,0x8001282C] -> 0x3537
mem[X,0x8001282E] -> 0x3333
[1899] [M]: 0x8001282C (0x33333537) lui a0, 209715
x10 <- 0x33333000


clint::tick mtime <- 0x0000000000000013
 clint timer pending at mtime 0x0000000000000013
htif::tick 0x0000000000000000
mem[X,0x80012830] -> 0x0513
mem[X,0x80012832] -> 0x3335
[1900] [M]: 0x80012830 (0x33350513) addi a0, a0, 819
x10 <- 0x33333333


mem[X,0x80012834] -> 0xB5B7
mem[X,0x80012836] -> 0x0000
[1901] [M]: 0x80012834 (0x0000B5B7) lui a1, 11
x11 <- 0x0000B000


mem[X,0x80012838] -> 0x8593
mem[X,0x8001283A] -> 0x5035
[1902] [M]: 0x80012838 (0x50358593) addi a1, a1, 1283
x11 <- 0x0000B503


mem[X,0x8001283C] -> 0x0213
mem[X,0x8001283E] -> 0x0000
[1903] [M]: 0x8001283C (0x00000213) addi tp, zero, 0
x4 <- 0x00000000


mem[X,0x80012840] -> 0x006F
mem[X,0x80012842] -> 0x00C0
[1904] [M]: 0x80012840 (0x00C0006F) jal zero, 12


mem[X,0x8001284C] -> 0x1663
mem[X,0x8001284E] -> 0x00B5
[1905] [M]: 0x8001284C (0x00B51663) bne a0, a1, 12


mem[X,0x80012858] -> 0x0213
mem[X,0x8001285A] -> 0x0032
[1906] [M]: 0x80012858 (0x00320213) addi tp, tp, 3
x4 <- 0x00000003


mem[X,0x8001285C] -> 0x006F
mem[X,0x8001285E] -> 0x0040
[1907] [M]: 0x8001285C (0x0040006F) jal zero, 4


mem[X,0x80012860] -> 0xAC23
mem[X,0x80012862] -> 0x2C40
[1908] [M]: 0x80012860 (0x2C40AC23) sw tp, 728(ra)
mem[0x80039540] <- 0x00000003


mem[X,0x80012864] -> 0x3537
mem[X,0x80012866] -> 0x3333
[1909] [M]: 0x80012864 (0x33333537) lui a0, 209715
x10 <- 0x33333000


mem[X,0x80012868] -> 0x0513
mem[X,0x8001286A] -> 0x3335
[1910] [M]: 0x80012868 (0x33350513) addi a0, a0, 819
x10 <- 0x33333333


mem[X,0x8001286C] -> 0x55B7
mem[X,0x8001286E] -> 0x5555
[1911] [M]: 0x8001286C (0x555555B7) lui a1, 349525
x11 <- 0x55555000


mem[X,0x80012870] -> 0x8593
mem[X,0x80012872] -> 0x5565
[1912] [M]: 0x80012870 (0x55658593) addi a1, a1, 1366
x11 <- 0x55555556


mem[X,0x80012874] -> 0x0213
mem[X,0x80012876] -> 0x0000
[1913] [M]: 0x80012874 (0x00000213) addi tp, zero, 0
x4 <- 0x00000000


mem[X,0x80012878] -> 0x006F
mem[X,0x8001287A] -> 0x00C0
[1914] [M]: 0x80012878 (0x00C0006F) jal zero, 12


mem[X,0x80012884] -> 0x1CE3
mem[X,0x80012886] -> 0xFEB5
[1915] [M]: 0x80012884 (0xFEB51CE3) bne a0, a1, 8184


mem[X,0x8001287C] -> 0x0213
mem[X,0x8001287E] -> 0x0012
[1916] [M]: 0x8001287C (0x00120213) addi tp, tp, 1
x4 <- 0x00000001


mem[X,0x80012880] -> 0x006F
mem[X,0x80012882] -> 0x0180
[1917] [M]: 0x80012880 (0x0180006F) jal zero, 24


mem[X,0x80012898] -> 0xAE23
mem[X,0x8001289A] -> 0x2C40
[1918] [M]: 0x80012898 (0x2C40AE23) sw tp, 732(ra)
mem[0x80039544] <- 0x00000001


mem[X,0x8001289C] -> 0x3537
mem[X,0x8001289E] -> 0x3333
[1919] [M]: 0x8001289C (0x33333537) lui a0, 209715
x10 <- 0x33333000


mem[X,0x800128A0] -> 0x0513
mem[X,0x800128A2] -> 0x3335
[1920] [M]: 0x800128A0 (0x33350513) addi a0, a0, 819
x10 <- 0x33333333


mem[X,0x800128A4] -> 0xB5B7
mem[X,0x800128A6] -> 0xAAAA
[1921] [M]: 0x800128A4 (0xAAAAB5B7) lui a1, 699051
x11 <- 0xAAAAB000


mem[X,0x800128A8] -> 0x8593
mem[X,0x800128AA] -> 0xAAB5
[1922] [M]: 0x800128A8 (0xAAB58593) addi a1, a1, 2731
x11 <- 0xAAAAAAAB


mem[X,0x800128AC] -> 0x0213
mem[X,0x800128AE] -> 0x0000
[1923] [M]: 0x800128AC (0x00000213) addi tp, zero, 0
x4 <- 0x00000000


mem[X,0x800128B0] -> 0x006F
mem[X,0x800128B2] -> 0x00C0
[1924] [M]: 0x800128B0 (0x00C0006F) jal zero, 12


mem[X,0x800128BC] -> 0x1663
mem[X,0x800128BE] -> 0x00B5
[1925] [M]: 0x800128BC (0x00B51663) bne a0, a1, 12


mem[X,0x800128C8] -> 0x0213
mem[X,0x800128CA] -> 0x0032
[1926] [M]: 0x800128C8 (0x00320213) addi tp, tp, 3
x4 <- 0x00000003


mem[X,0x800128CC] -> 0x006F
mem[X,0x800128CE] -> 0x0040
[1927] [M]: 0x800128CC (0x0040006F) jal zero, 4


mem[X,0x800128D0] -> 0xA023
mem[X,0x800128D2] -> 0x2E40
[1928] [M]: 0x800128D0 (0x2E40A023) sw tp, 736(ra)
mem[0x80039548] <- 0x00000003


mem[X,0x800128D4] -> 0x3537
mem[X,0x800128D6] -> 0x3333
[1929] [M]: 0x800128D4 (0x33333537) lui a0, 209715
x10 <- 0x33333000


mem[X,0x800128D8] -> 0x0513
mem[X,0x800128DA] -> 0x3335
[1930] [M]: 0x800128D8 (0x33350513) addi a0, a0, 819
x10 <- 0x33333333


mem[X,0x800128DC] -> 0x0593
mem[X,0x800128DE] -> 0x0060
[1931] [M]: 0x800128DC (0x00600593) addi a1, zero, 6
x11 <- 0x00000006


mem[X,0x800128E0] -> 0x0213
mem[X,0x800128E2] -> 0x0000
[1932] [M]: 0x800128E0 (0x00000213) addi tp, zero, 0
x4 <- 0x00000000


mem[X,0x800128E4] -> 0x006F
mem[X,0x800128E6] -> 0x0050
[1933] [M]: 0x800128E4 (0x0050006F) jal zero, 2052


mem[X,0x800130E8] -> 0x10E3
mem[X,0x800130EA] -> 0x80B5
[1934] [M]: 0x800130E8 (0x80B510E3) bne a0, a1, 6144


mem[X,0x800128E8] -> 0x0213
mem[X,0x800128EA] -> 0x0012
[1935] [M]: 0x800128E8 (0x00120213) addi tp, tp, 1
x4 <- 0x00000001


mem[X,0x800128EC] -> 0x006F
mem[X,0x800128EE] -> 0x0110
[1936] [M]: 0x800128EC (0x0110006F) jal zero, 2064


mem[X,0x800130FC] -> 0xA223
mem[X,0x800130FE] -> 0x2E40
[1937] [M]: 0x800130FC (0x2E40A223) sw tp, 740(ra)
mem[0x8003954C] <- 0x00000001


mem[X,0x80013100] -> 0x3537
mem[X,0x80013102] -> 0x3333
[1938] [M]: 0x80013100 (0x33333537) lui a0, 209715
x10 <- 0x33333000


mem[X,0x80013104] -> 0x0513
mem[X,0x80013106] -> 0x3335
[1939] [M]: 0x80013104 (0x33350513) addi a0, a0, 819
x10 <- 0x33333333


mem[X,0x80013108] -> 0x35B7
mem[X,0x8001310A] -> 0x3333
[1940] [M]: 0x80013108 (0x333335B7) lui a1, 209715
x11 <- 0x33333000


mem[X,0x8001310C] -> 0x8593
mem[X,0x8001310E] -> 0x3345
[1941] [M]: 0x8001310C (0x33458593) addi a1, a1, 820
x11 <- 0x33333334


mem[X,0x80013110] -> 0x0213
mem[X,0x80013112] -> 0x0000
[1942] [M]: 0x80013110 (0x00000213) addi tp, zero, 0
x4 <- 0x00000000


mem[X,0x80013114] -> 0x006F
mem[X,0x80013116] -> 0x00C0
[1943] [M]: 0x80013114 (0x00C0006F) jal zero, 12


mem[X,0x80013120] -> 0x1063
mem[X,0x80013122] -> 0x02B5
[1944] [M]: 0x80013120 (0x02B51063) bne a0, a1, 32


mem[X,0x80013140] -> 0x0213
mem[X,0x80013142] -> 0x0032
[1945] [M]: 0x80013140 (0x00320213) addi tp, tp, 3
x4 <- 0x00000003


mem[X,0x80013144] -> 0x006F
mem[X,0x80013146] -> 0x0040
[1946] [M]: 0x80013144 (0x0040006F) jal zero, 4


mem[X,0x80013148] -> 0xA423
mem[X,0x8001314A] -> 0x2E40
[1947] [M]: 0x80013148 (0x2E40A423) sw tp, 744(ra)
mem[0x80039550] <- 0x00000003


mem[X,0x8001314C] -> 0x3537
mem[X,0x8001314E] -> 0x3333
[1948] [M]: 0x8001314C (0x33333537) lui a0, 209715
x10 <- 0x33333000


mem[X,0x80013150] -> 0x0513
mem[X,0x80013152] -> 0x3335
[1949] [M]: 0x80013150 (0x33350513) addi a0, a0, 819
x10 <- 0x33333333


mem[X,0x80013154] -> 0x65B7
mem[X,0x80013156] -> 0x6666
[1950] [M]: 0x80013154 (0x666665B7) lui a1, 419430
x11 <- 0x66666000


mem[X,0x80013158] -> 0x8593
mem[X,0x8001315A] -> 0x6675
[1951] [M]: 0x80013158 (0x66758593) addi a1, a1, 1639
x11 <- 0x66666667


mem[X,0x8001315C] -> 0x0213
mem[X,0x8001315E] -> 0x0000
[1952] [M]: 0x8001315C (0x00000213) addi tp, zero, 0
x4 <- 0x00000000


mem[X,0x80013160] -> 0x006F
mem[X,0x80013162] -> 0x00C0
[1953] [M]: 0x80013160 (0x00C0006F) jal zero, 12


mem[X,0x8001316C] -> 0x1063
mem[X,0x8001316E] -> 0x02B5
[1954] [M]: 0x8001316C (0x02B51063) bne a0, a1, 32


mem[X,0x8001318C] -> 0x0213
mem[X,0x8001318E] -> 0x0032
[1955] [M]: 0x8001318C (0x00320213) addi tp, tp, 3
x4 <- 0x00000003


mem[X,0x80013190] -> 0x006F
mem[X,0x80013192] -> 0x0040
[1956] [M]: 0x80013190 (0x0040006F) jal zero, 4


mem[X,0x80013194] -> 0xA623
mem[X,0x80013196] -> 0x2E40
[1957] [M]: 0x80013194 (0x2E40A623) sw tp, 748(ra)
mem[0x80039554] <- 0x00000003


mem[X,0x80013198] -> 0x3537
mem[X,0x8001319A] -> 0x3333
[1958] [M]: 0x80013198 (0x33333537) lui a0, 209715
x10 <- 0x33333000


mem[X,0x8001319C] -> 0x0513
mem[X,0x8001319E] -> 0x3335
[1959] [M]: 0x8001319C (0x33350513) addi a0, a0, 819
x10 <- 0x33333333


mem[X,0x800131A0] -> 0x55B7
mem[X,0x800131A2] -> 0xFFFF
[1960] [M]: 0x800131A0 (0xFFFF55B7) lui a1, 1048565
x11 <- 0xFFFF5000


mem[X,0x800131A4] -> 0x8593
mem[X,0x800131A6] -> 0xAFD5
[1961] [M]: 0x800131A4 (0xAFD58593) addi a1, a1, 2813
x11 <- 0xFFFF4AFD


mem[X,0x800131A8] -> 0x0213
mem[X,0x800131AA] -> 0x0000
[1962] [M]: 0x800131A8 (0x00000213) addi tp, zero, 0
x4 <- 0x00000000


mem[X,0x800131AC] -> 0x006F
mem[X,0x800131AE] -> 0x0100
[1963] [M]: 0x800131AC (0x0100006F) jal zero, 16


mem[X,0x800131BC] -> 0x1AE3
mem[X,0x800131BE] -> 0xFEB5
[1964] [M]: 0x800131BC (0xFEB51AE3) bne a0, a1, 8180


mem[X,0x800131B0] -> 0x0213
mem[X,0x800131B2] -> 0x0012
[1965] [M]: 0x800131B0 (0x00120213) addi tp, tp, 1
x4 <- 0x00000001


mem[X,0x800131B4] -> 0x006F
mem[X,0x800131B6] -> 0x01C0
[1966] [M]: 0x800131B4 (0x01C0006F) jal zero, 28


mem[X,0x800131D0] -> 0xA823
mem[X,0x800131D2] -> 0x2E40
[1967] [M]: 0x800131D0 (0x2E40A823) sw tp, 752(ra)
mem[0x80039558] <- 0x00000001


mem[X,0x800131D4] -> 0x3537
mem[X,0x800131D6] -> 0x3333
[1968] [M]: 0x800131D4 (0x33333537) lui a0, 209715
x10 <- 0x33333000


mem[X,0x800131D8] -> 0x0513
mem[X,0x800131DA] -> 0x3335
[1969] [M]: 0x800131D8 (0x33350513) addi a0, a0, 819
x10 <- 0x33333333


mem[X,0x800131DC] -> 0xB5B7
mem[X,0x800131DE] -> 0x0000
[1970] [M]: 0x800131DC (0x0000B5B7) lui a1, 11
x11 <- 0x0000B000


mem[X,0x800131E0] -> 0x8593
mem[X,0x800131E2] -> 0x5055
[1971] [M]: 0x800131E0 (0x50558593) addi a1, a1, 1285
x11 <- 0x0000B505


mem[X,0x800131E4] -> 0x0213
mem[X,0x800131E6] -> 0x0000
[1972] [M]: 0x800131E4 (0x00000213) addi tp, zero, 0
x4 <- 0x00000000


mem[X,0x800131E8] -> 0x006F
mem[X,0x800131EA] -> 0x00C0
[1973] [M]: 0x800131E8 (0x00C0006F) jal zero, 12


mem[X,0x800131F4] -> 0x1063
mem[X,0x800131F6] -> 0x02B5
[1974] [M]: 0x800131F4 (0x02B51063) bne a0, a1, 32


mem[X,0x80013214] -> 0x0213
mem[X,0x80013216] -> 0x0032
[1975] [M]: 0x80013214 (0x00320213) addi tp, tp, 3
x4 <- 0x00000003


mem[X,0x80013218] -> 0x006F
mem[X,0x8001321A] -> 0x0040
[1976] [M]: 0x80013218 (0x0040006F) jal zero, 4


mem[X,0x8001321C] -> 0xAA23
mem[X,0x8001321E] -> 0x2E40
[1977] [M]: 0x8001321C (0x2E40AA23) sw tp, 756(ra)
mem[0x8003955C] <- 0x00000003


mem[X,0x80013220] -> 0x6537
mem[X,0x80013222] -> 0x6666
[1978] [M]: 0x80013220 (0x66666537) lui a0, 419430
x10 <- 0x66666000


mem[X,0x80013224] -> 0x0513
mem[X,0x80013226] -> 0x6665
[1979] [M]: 0x80013224 (0x66650513) addi a0, a0, 1638
x10 <- 0x66666666


mem[X,0x80013228] -> 0x0593
mem[X,0x8001322A] -> 0x0030
[1980] [M]: 0x80013228 (0x00300593) addi a1, zero, 3
x11 <- 0x00000003


mem[X,0x8001322C] -> 0x0213
mem[X,0x8001322E] -> 0x0000
[1981] [M]: 0x8001322C (0x00000213) addi tp, zero, 0
x4 <- 0x00000000


mem[X,0x80013230] -> 0x006F
mem[X,0x80013232] -> 0x0050
[1982] [M]: 0x80013230 (0x0050006F) jal zero, 2052


mem[X,0x80013A34] -> 0x10E3
mem[X,0x80013A36] -> 0x80B5
[1983] [M]: 0x80013A34 (0x80B510E3) bne a0, a1, 6144


mem[X,0x80013234] -> 0x0213
mem[X,0x80013236] -> 0x0012
[1984] [M]: 0x80013234 (0x00120213) addi tp, tp, 1
x4 <- 0x00000001


mem[X,0x80013238] -> 0x006F
mem[X,0x8001323A] -> 0x0110
[1985] [M]: 0x80013238 (0x0110006F) jal zero, 2064


mem[X,0x80013A48] -> 0xAC23
mem[X,0x80013A4A] -> 0x2E40
[1986] [M]: 0x80013A48 (0x2E40AC23) sw tp, 760(ra)
mem[0x80039560] <- 0x00000001


mem[X,0x80013A4C] -> 0x6537
mem[X,0x80013A4E] -> 0x6666
[1987] [M]: 0x80013A4C (0x66666537) lui a0, 419430
x10 <- 0x66666000


mem[X,0x80013A50] -> 0x0513
mem[X,0x80013A52] -> 0x6665
[1988] [M]: 0x80013A50 (0x66650513) addi a0, a0, 1638
x10 <- 0x66666666


mem[X,0x80013A54] -> 0x55B7
mem[X,0x80013A56] -> 0x5555
[1989] [M]: 0x80013A54 (0x555555B7) lui a1, 349525
x11 <- 0x55555000


mem[X,0x80013A58] -> 0x8593
mem[X,0x80013A5A] -> 0x5555
[1990] [M]: 0x80013A58 (0x55558593) addi a1, a1, 1365
x11 <- 0x55555555


mem[X,0x80013A5C] -> 0x0213
mem[X,0x80013A5E] -> 0x0000
[1991] [M]: 0x80013A5C (0x00000213) addi tp, zero, 0
x4 <- 0x00000000


mem[X,0x80013A60] -> 0x006F
mem[X,0x80013A62] -> 0x00C0
[1992] [M]: 0x80013A60 (0x00C0006F) jal zero, 12


mem[X,0x80013A6C] -> 0x1CE3
mem[X,0x80013A6E] -> 0xFEB5
[1993] [M]: 0x80013A6C (0xFEB51CE3) bne a0, a1, 8184


mem[X,0x80013A64] -> 0x0213
mem[X,0x80013A66] -> 0x0012
[1994] [M]: 0x80013A64 (0x00120213) addi tp, tp, 1
x4 <- 0x00000001


mem[X,0x80013A68] -> 0x006F
mem[X,0x80013A6A] -> 0x0180
[1995] [M]: 0x80013A68 (0x0180006F) jal zero, 24


mem[X,0x80013A80] -> 0xAE23
mem[X,0x80013A82] -> 0x2E40
[1996] [M]: 0x80013A80 (0x2E40AE23) sw tp, 764(ra)
mem[0x80039564] <- 0x00000001


mem[X,0x80013A84] -> 0x6537
mem[X,0x80013A86] -> 0x6666
[1997] [M]: 0x80013A84 (0x66666537) lui a0, 419430
x10 <- 0x66666000


mem[X,0x80013A88] -> 0x0513
mem[X,0x80013A8A] -> 0x6665
[1998] [M]: 0x80013A88 (0x66650513) addi a0, a0, 1638
x10 <- 0x66666666


mem[X,0x80013A8C] -> 0xB5B7
mem[X,0x80013A8E] -> 0xAAAA
[1999] [M]: 0x80013A8C (0xAAAAB5B7) lui a1, 699051
x11 <- 0xAAAAB000


clint::tick mtime <- 0x0000000000000014
 clint timer pending at mtime 0x0000000000000014
htif::tick 0x0000000000000000
mem[X,0x80013A90] -> 0x8593
mem[X,0x80013A92] -> 0xAAA5
[2000] [M]: 0x80013A90 (0xAAA58593) addi a1, a1, 2730
x11 <- 0xAAAAAAAA


mem[X,0x80013A94] -> 0x0213
mem[X,0x80013A96] -> 0x0000
[2001] [M]: 0x80013A94 (0x00000213) addi tp, zero, 0
x4 <- 0x00000000


mem[X,0x80013A98] -> 0x006F
mem[X,0x80013A9A] -> 0x00C0
[2002] [M]: 0x80013A98 (0x00C0006F) jal zero, 12


mem[X,0x80013AA4] -> 0x1063
mem[X,0x80013AA6] -> 0x40B5
[2003] [M]: 0x80013AA4 (0x40B51063) bne a0, a1, 1024


mem[X,0x80013EA4] -> 0x0213
mem[X,0x80013EA6] -> 0x0032
[2004] [M]: 0x80013EA4 (0x00320213) addi tp, tp, 3
x4 <- 0x00000003


mem[X,0x80013EA8] -> 0x006F
mem[X,0x80013EAA] -> 0x0040
[2005] [M]: 0x80013EA8 (0x0040006F) jal zero, 4


mem[X,0x80013EAC] -> 0xA023
mem[X,0x80013EAE] -> 0x3040
[2006] [M]: 0x80013EAC (0x3040A023) sw tp, 768(ra)
mem[0x80039568] <- 0x00000003


mem[X,0x80013EB0] -> 0x6537
mem[X,0x80013EB2] -> 0x6666
[2007] [M]: 0x80013EB0 (0x66666537) lui a0, 419430
x10 <- 0x66666000


mem[X,0x80013EB4] -> 0x0513
mem[X,0x80013EB6] -> 0x6665
[2008] [M]: 0x80013EB4 (0x66650513) addi a0, a0, 1638
x10 <- 0x66666666


mem[X,0x80013EB8] -> 0x0593
mem[X,0x80013EBA] -> 0x0050
[2009] [M]: 0x80013EB8 (0x00500593) addi a1, zero, 5
x11 <- 0x00000005


mem[X,0x80013EBC] -> 0x0213
mem[X,0x80013EBE] -> 0x0000
[2010] [M]: 0x80013EBC (0x00000213) addi tp, zero, 0
x4 <- 0x00000000


mem[X,0x80013EC0] -> 0x006F
mem[X,0x80013EC2] -> 0x00C0
[2011] [M]: 0x80013EC0 (0x00C0006F) jal zero, 12


mem[X,0x80013ECC] -> 0x1663
mem[X,0x80013ECE] -> 0x00B5
[2012] [M]: 0x80013ECC (0x00B51663) bne a0, a1, 12


mem[X,0x80013ED8] -> 0x0213
mem[X,0x80013EDA] -> 0x0032
[2013] [M]: 0x80013ED8 (0x00320213) addi tp, tp, 3
x4 <- 0x00000003


mem[X,0x80013EDC] -> 0x006F
mem[X,0x80013EDE] -> 0x0040
[2014] [M]: 0x80013EDC (0x0040006F) jal zero, 4


mem[X,0x80013EE0] -> 0xA223
mem[X,0x80013EE2] -> 0x3040
[2015] [M]: 0x80013EE0 (0x3040A223) sw tp, 772(ra)
mem[0x8003956C] <- 0x00000003


mem[X,0x80013EE4] -> 0x6537
mem[X,0x80013EE6] -> 0x6666
[2016] [M]: 0x80013EE4 (0x66666537) lui a0, 419430
x10 <- 0x66666000


mem[X,0x80013EE8] -> 0x0513
mem[X,0x80013EEA] -> 0x6665
[2017] [M]: 0x80013EE8 (0x66650513) addi a0, a0, 1638
x10 <- 0x66666666


mem[X,0x80013EEC] -> 0x35B7
mem[X,0x80013EEE] -> 0x3333
[2018] [M]: 0x80013EEC (0x333335B7) lui a1, 209715
x11 <- 0x33333000


mem[X,0x80013EF0] -> 0x8593
mem[X,0x80013EF2] -> 0x3335
[2019] [M]: 0x80013EF0 (0x33358593) addi a1, a1, 819
x11 <- 0x33333333


mem[X,0x80013EF4] -> 0x0213
mem[X,0x80013EF6] -> 0x0000
[2020] [M]: 0x80013EF4 (0x00000213) addi tp, zero, 0
x4 <- 0x00000000


mem[X,0x80013EF8] -> 0x006F
mem[X,0x80013EFA] -> 0x0140
[2021] [M]: 0x80013EF8 (0x0140006F) jal zero, 20


mem[X,0x80013F0C] -> 0x18E3
mem[X,0x80013F0E] -> 0xFEB5
[2022] [M]: 0x80013F0C (0xFEB518E3) bne a0, a1, 8176


mem[X,0x80013EFC] -> 0x0213
mem[X,0x80013EFE] -> 0x0012
[2023] [M]: 0x80013EFC (0x00120213) addi tp, tp, 1
x4 <- 0x00000001


mem[X,0x80013F00] -> 0x006F
mem[X,0x80013F02] -> 0x0200
[2024] [M]: 0x80013F00 (0x0200006F) jal zero, 32


mem[X,0x80013F20] -> 0xA423
mem[X,0x80013F22] -> 0x3040
[2025] [M]: 0x80013F20 (0x3040A423) sw tp, 776(ra)
mem[0x80039570] <- 0x00000001


mem[X,0x80013F24] -> 0x6537
mem[X,0x80013F26] -> 0x6666
[2026] [M]: 0x80013F24 (0x66666537) lui a0, 419430
x10 <- 0x66666000


mem[X,0x80013F28] -> 0x0513
mem[X,0x80013F2A] -> 0x6665
[2027] [M]: 0x80013F28 (0x66650513) addi a0, a0, 1638
x10 <- 0x66666666


mem[X,0x80013F2C] -> 0x65B7
mem[X,0x80013F2E] -> 0x6666
[2028] [M]: 0x80013F2C (0x666665B7) lui a1, 419430
x11 <- 0x66666000


mem[X,0x80013F30] -> 0x8593
mem[X,0x80013F32] -> 0x6665
[2029] [M]: 0x80013F30 (0x66658593) addi a1, a1, 1638
x11 <- 0x66666666


mem[X,0x80013F34] -> 0x0213
mem[X,0x80013F36] -> 0x0000
[2030] [M]: 0x80013F34 (0x00000213) addi tp, zero, 0
x4 <- 0x00000000


mem[X,0x80013F38] -> 0x006F
mem[X,0x80013F3A] -> 0x00C0
[2031] [M]: 0x80013F38 (0x00C0006F) jal zero, 12


mem[X,0x80013F44] -> 0x1CE3
mem[X,0x80013F46] -> 0xFEB5
[2032] [M]: 0x80013F44 (0xFEB51CE3) bne a0, a1, 8184


mem[X,0x80013F48] -> 0x0213
mem[X,0x80013F4A] -> 0x0022
[2033] [M]: 0x80013F48 (0x00220213) addi tp, tp, 2
x4 <- 0x00000002


mem[X,0x80013F4C] -> 0x006F
mem[X,0x80013F4E] -> 0x00C0
[2034] [M]: 0x80013F4C (0x00C0006F) jal zero, 12


mem[X,0x80013F58] -> 0xA623
mem[X,0x80013F5A] -> 0x3040
[2035] [M]: 0x80013F58 (0x3040A623) sw tp, 780(ra)
mem[0x80039574] <- 0x00000002


mem[X,0x80013F5C] -> 0x6537
mem[X,0x80013F5E] -> 0x6666
[2036] [M]: 0x80013F5C (0x66666537) lui a0, 419430
x10 <- 0x66666000


mem[X,0x80013F60] -> 0x0513
mem[X,0x80013F62] -> 0x6665
[2037] [M]: 0x80013F60 (0x66650513) addi a0, a0, 1638
x10 <- 0x66666666


mem[X,0x80013F64] -> 0x55B7
mem[X,0x80013F66] -> 0xFFFF
[2038] [M]: 0x80013F64 (0xFFFF55B7) lui a1, 1048565
x11 <- 0xFFFF5000


mem[X,0x80013F68] -> 0x8593
mem[X,0x80013F6A] -> 0xAFC5
[2039] [M]: 0x80013F68 (0xAFC58593) addi a1, a1, 2812
x11 <- 0xFFFF4AFC


mem[X,0x80013F6C] -> 0x0213
mem[X,0x80013F6E] -> 0x0000
[2040] [M]: 0x80013F6C (0x00000213) addi tp, zero, 0
x4 <- 0x00000000


mem[X,0x80013F70] -> 0x006F
mem[X,0x80013F72] -> 0x0050
[2041] [M]: 0x80013F70 (0x0050006F) jal zero, 2052


mem[X,0x80014774] -> 0x10E3
mem[X,0x80014776] -> 0x80B5
[2042] [M]: 0x80014774 (0x80B510E3) bne a0, a1, 6144


mem[X,0x80013F74] -> 0x0213
mem[X,0x80013F76] -> 0x0012
[2043] [M]: 0x80013F74 (0x00120213) addi tp, tp, 1
x4 <- 0x00000001


mem[X,0x80013F78] -> 0x006F
mem[X,0x80013F7A] -> 0x0110
[2044] [M]: 0x80013F78 (0x0110006F) jal zero, 2064


mem[X,0x80014788] -> 0xA823
mem[X,0x8001478A] -> 0x3040
[2045] [M]: 0x80014788 (0x3040A823) sw tp, 784(ra)
mem[0x80039578] <- 0x00000001


mem[X,0x8001478C] -> 0x6537
mem[X,0x8001478E] -> 0x6666
[2046] [M]: 0x8001478C (0x66666537) lui a0, 419430
x10 <- 0x66666000


mem[X,0x80014790] -> 0x0513
mem[X,0x80014792] -> 0x6665
[2047] [M]: 0x80014790 (0x66650513) addi a0, a0, 1638
x10 <- 0x66666666


mem[X,0x80014794] -> 0xB5B7
mem[X,0x80014796] -> 0x0000
[2048] [M]: 0x80014794 (0x0000B5B7) lui a1, 11
x11 <- 0x0000B000


mem[X,0x80014798] -> 0x8593
mem[X,0x8001479A] -> 0x5045
[2049] [M]: 0x80014798 (0x50458593) addi a1, a1, 1284
x11 <- 0x0000B504


mem[X,0x8001479C] -> 0x0213
mem[X,0x8001479E] -> 0x0000
[2050] [M]: 0x8001479C (0x00000213) addi tp, zero, 0
x4 <- 0x00000000


mem[X,0x800147A0] -> 0x006F
mem[X,0x800147A2] -> 0x0180
[2051] [M]: 0x800147A0 (0x0180006F) jal zero, 24


mem[X,0x800147B8] -> 0x16E3
mem[X,0x800147BA] -> 0xFEB5
[2052] [M]: 0x800147B8 (0xFEB516E3) bne a0, a1, 8172


mem[X,0x800147A4] -> 0x0213
mem[X,0x800147A6] -> 0x0012
[2053] [M]: 0x800147A4 (0x00120213) addi tp, tp, 1
x4 <- 0x00000001


mem[X,0x800147A8] -> 0x006F
mem[X,0x800147AA] -> 0x0240
[2054] [M]: 0x800147A8 (0x0240006F) jal zero, 36


mem[X,0x800147CC] -> 0xAA23
mem[X,0x800147CE] -> 0x3040
[2055] [M]: 0x800147CC (0x3040AA23) sw tp, 788(ra)
mem[0x8003957C] <- 0x00000001


mem[X,0x800147D0] -> 0x6537
mem[X,0x800147D2] -> 0x6666
[2056] [M]: 0x800147D0 (0x66666537) lui a0, 419430
x10 <- 0x66666000


mem[X,0x800147D4] -> 0x0513
mem[X,0x800147D6] -> 0x6665
[2057] [M]: 0x800147D4 (0x66650513) addi a0, a0, 1638
x10 <- 0x66666666


mem[X,0x800147D8] -> 0x0593
mem[X,0x800147DA] -> 0x0020
[2058] [M]: 0x800147D8 (0x00200593) addi a1, zero, 2
x11 <- 0x00000002


mem[X,0x800147DC] -> 0x0213
mem[X,0x800147DE] -> 0x0000
[2059] [M]: 0x800147DC (0x00000213) addi tp, zero, 0
x4 <- 0x00000000


mem[X,0x800147E0] -> 0x006F
mem[X,0x800147E2] -> 0x2B10
[2060] [M]: 0x800147E0 (0x2B10006F) jal zero, 2736


mem[X,0x80015290] -> 0x1A63
mem[X,0x80015292] -> 0xD4B5
[2061] [M]: 0x80015290 (0xD4B51A63) bne a0, a1, 5460


mem[X,0x800147E4] -> 0x0213
mem[X,0x800147E6] -> 0x0012
[2062] [M]: 0x800147E4 (0x00120213) addi tp, tp, 1
x4 <- 0x00000001


mem[X,0x800147E8] -> 0x006F
mem[X,0x800147EA] -> 0x2BD0
[2063] [M]: 0x800147E8 (0x2BD0006F) jal zero, 2748


mem[X,0x800152A4] -> 0xAC23
mem[X,0x800152A6] -> 0x3040
[2064] [M]: 0x800152A4 (0x3040AC23) sw tp, 792(ra)
mem[0x80039580] <- 0x00000001


mem[X,0x800152A8] -> 0x6537
mem[X,0x800152AA] -> 0x6666
[2065] [M]: 0x800152A8 (0x66666537) lui a0, 419430
x10 <- 0x66666000


mem[X,0x800152AC] -> 0x0513
mem[X,0x800152AE] -> 0x6665
[2066] [M]: 0x800152AC (0x66650513) addi a0, a0, 1638
x10 <- 0x66666666


mem[X,0x800152B0] -> 0x55B7
mem[X,0x800152B2] -> 0x5555
[2067] [M]: 0x800152B0 (0x555555B7) lui a1, 349525
x11 <- 0x55555000


mem[X,0x800152B4] -> 0x8593
mem[X,0x800152B6] -> 0x5545
[2068] [M]: 0x800152B4 (0x55458593) addi a1, a1, 1364
x11 <- 0x55555554


mem[X,0x800152B8] -> 0x0213
mem[X,0x800152BA] -> 0x0000
[2069] [M]: 0x800152B8 (0x00000213) addi tp, zero, 0
x4 <- 0x00000000


mem[X,0x800152BC] -> 0x006F
mem[X,0x800152BE] -> 0x00C0
[2070] [M]: 0x800152BC (0x00C0006F) jal zero, 12


mem[X,0x800152C8] -> 0x1663
mem[X,0x800152CA] -> 0x00B5
[2071] [M]: 0x800152C8 (0x00B51663) bne a0, a1, 12


mem[X,0x800152D4] -> 0x0213
mem[X,0x800152D6] -> 0x0032
[2072] [M]: 0x800152D4 (0x00320213) addi tp, tp, 3
x4 <- 0x00000003


mem[X,0x800152D8] -> 0x006F
mem[X,0x800152DA] -> 0x0040
[2073] [M]: 0x800152D8 (0x0040006F) jal zero, 4


mem[X,0x800152DC] -> 0xAE23
mem[X,0x800152DE] -> 0x3040
[2074] [M]: 0x800152DC (0x3040AE23) sw tp, 796(ra)
mem[0x80039584] <- 0x00000003


mem[X,0x800152E0] -> 0x6537
mem[X,0x800152E2] -> 0x6666
[2075] [M]: 0x800152E0 (0x66666537) lui a0, 419430
x10 <- 0x66666000


mem[X,0x800152E4] -> 0x0513
mem[X,0x800152E6] -> 0x6665
[2076] [M]: 0x800152E4 (0x66650513) addi a0, a0, 1638
x10 <- 0x66666666


mem[X,0x800152E8] -> 0x0593
mem[X,0x800152EA] -> 0x0000
[2077] [M]: 0x800152E8 (0x00000593) addi a1, zero, 0
x11 <- 0x00000000


mem[X,0x800152EC] -> 0x0213
mem[X,0x800152EE] -> 0x0000
[2078] [M]: 0x800152EC (0x00000213) addi tp, zero, 0
x4 <- 0x00000000


mem[X,0x800152F0] -> 0x006F
mem[X,0x800152F2] -> 0x00C0
[2079] [M]: 0x800152F0 (0x00C0006F) jal zero, 12


mem[X,0x800152FC] -> 0x1663
mem[X,0x800152FE] -> 0x00B5
[2080] [M]: 0x800152FC (0x00B51663) bne a0, a1, 12


mem[X,0x80015308] -> 0x0213
mem[X,0x8001530A] -> 0x0032
[2081] [M]: 0x80015308 (0x00320213) addi tp, tp, 3
x4 <- 0x00000003


mem[X,0x8001530C] -> 0x006F
mem[X,0x8001530E] -> 0x0040
[2082] [M]: 0x8001530C (0x0040006F) jal zero, 4


mem[X,0x80015310] -> 0xA023
mem[X,0x80015312] -> 0x3240
[2083] [M]: 0x80015310 (0x3240A023) sw tp, 800(ra)
mem[0x80039588] <- 0x00000003


mem[X,0x80015314] -> 0x6537
mem[X,0x80015316] -> 0x6666
[2084] [M]: 0x80015314 (0x66666537) lui a0, 419430
x10 <- 0x66666000


mem[X,0x80015318] -> 0x0513
mem[X,0x8001531A] -> 0x6665
[2085] [M]: 0x80015318 (0x66650513) addi a0, a0, 1638
x10 <- 0x66666666


mem[X,0x8001531C] -> 0x35B7
mem[X,0x8001531E] -> 0x3333
[2086] [M]: 0x8001531C (0x333335B7) lui a1, 209715
x11 <- 0x33333000


mem[X,0x80015320] -> 0x8593
mem[X,0x80015322] -> 0x3325
[2087] [M]: 0x80015320 (0x33258593) addi a1, a1, 818
x11 <- 0x33333332


mem[X,0x80015324] -> 0x0213
mem[X,0x80015326] -> 0x0000
[2088] [M]: 0x80015324 (0x00000213) addi tp, zero, 0
x4 <- 0x00000000


mem[X,0x80015328] -> 0x006F
mem[X,0x8001532A] -> 0x00C0
[2089] [M]: 0x80015328 (0x00C0006F) jal zero, 12


mem[X,0x80015334] -> 0x1CE3
mem[X,0x80015336] -> 0xFEB5
[2090] [M]: 0x80015334 (0xFEB51CE3) bne a0, a1, 8184


mem[X,0x8001532C] -> 0x0213
mem[X,0x8001532E] -> 0x0012
[2091] [M]: 0x8001532C (0x00120213) addi tp, tp, 1
x4 <- 0x00000001


mem[X,0x80015330] -> 0x006F
mem[X,0x80015332] -> 0x0180
[2092] [M]: 0x80015330 (0x0180006F) jal zero, 24


mem[X,0x80015348] -> 0xA223
mem[X,0x8001534A] -> 0x3240
[2093] [M]: 0x80015348 (0x3240A223) sw tp, 804(ra)
mem[0x8003958C] <- 0x00000001


mem[X,0x8001534C] -> 0x6537
mem[X,0x8001534E] -> 0x6666
[2094] [M]: 0x8001534C (0x66666537) lui a0, 419430
x10 <- 0x66666000


mem[X,0x80015350] -> 0x0513
mem[X,0x80015352] -> 0x6665
[2095] [M]: 0x80015350 (0x66650513) addi a0, a0, 1638
x10 <- 0x66666666


mem[X,0x80015354] -> 0x65B7
mem[X,0x80015356] -> 0x6666
[2096] [M]: 0x80015354 (0x666665B7) lui a1, 419430
x11 <- 0x66666000


mem[X,0x80015358] -> 0x8593
mem[X,0x8001535A] -> 0x6655
[2097] [M]: 0x80015358 (0x66558593) addi a1, a1, 1637
x11 <- 0x66666665


mem[X,0x8001535C] -> 0x0213
mem[X,0x8001535E] -> 0x0000
[2098] [M]: 0x8001535C (0x00000213) addi tp, zero, 0
x4 <- 0x00000000


mem[X,0x80015360] -> 0x006F
mem[X,0x80015362] -> 0x00C0
[2099] [M]: 0x80015360 (0x00C0006F) jal zero, 12


clint::tick mtime <- 0x0000000000000015
 clint timer pending at mtime 0x0000000000000015
htif::tick 0x0000000000000000
mem[X,0x8001536C] -> 0x1663
mem[X,0x8001536E] -> 0x00B5
[2100] [M]: 0x8001536C (0x00B51663) bne a0, a1, 12


mem[X,0x80015378] -> 0x0213
mem[X,0x8001537A] -> 0x0032
[2101] [M]: 0x80015378 (0x00320213) addi tp, tp, 3
x4 <- 0x00000003


mem[X,0x8001537C] -> 0x006F
mem[X,0x8001537E] -> 0x0040
[2102] [M]: 0x8001537C (0x0040006F) jal zero, 4


mem[X,0x80015380] -> 0xA423
mem[X,0x80015382] -> 0x3240
[2103] [M]: 0x80015380 (0x3240A423) sw tp, 808(ra)
mem[0x80039590] <- 0x00000003


mem[X,0x80015384] -> 0x6537
mem[X,0x80015386] -> 0x6666
[2104] [M]: 0x80015384 (0x66666537) lui a0, 419430
x10 <- 0x66666000


mem[X,0x80015388] -> 0x0513
mem[X,0x8001538A] -> 0x6665
[2105] [M]: 0x80015388 (0x66650513) addi a0, a0, 1638
x10 <- 0x66666666


mem[X,0x8001538C] -> 0xB5B7
mem[X,0x8001538E] -> 0x0000
[2106] [M]: 0x8001538C (0x0000B5B7) lui a1, 11
x11 <- 0x0000B000


mem[X,0x80015390] -> 0x8593
mem[X,0x80015392] -> 0x5035
[2107] [M]: 0x80015390 (0x50358593) addi a1, a1, 1283
x11 <- 0x0000B503


mem[X,0x80015394] -> 0x0213
mem[X,0x80015396] -> 0x0000
[2108] [M]: 0x80015394 (0x00000213) addi tp, zero, 0
x4 <- 0x00000000


mem[X,0x80015398] -> 0x006F
mem[X,0x8001539A] -> 0x00C0
[2109] [M]: 0x80015398 (0x00C0006F) jal zero, 12


mem[X,0x800153A4] -> 0x1063
mem[X,0x800153A6] -> 0x08B5
[2110] [M]: 0x800153A4 (0x08B51063) bne a0, a1, 128


mem[X,0x80015424] -> 0x0213
mem[X,0x80015426] -> 0x0032
[2111] [M]: 0x80015424 (0x00320213) addi tp, tp, 3
x4 <- 0x00000003


mem[X,0x80015428] -> 0x006F
mem[X,0x8001542A] -> 0x0040
[2112] [M]: 0x80015428 (0x0040006F) jal zero, 4


mem[X,0x8001542C] -> 0xA623
mem[X,0x8001542E] -> 0x3240
[2113] [M]: 0x8001542C (0x3240A623) sw tp, 812(ra)
mem[0x80039594] <- 0x00000003


mem[X,0x80015430] -> 0x6537
mem[X,0x80015432] -> 0x6666
[2114] [M]: 0x80015430 (0x66666537) lui a0, 419430
x10 <- 0x66666000


mem[X,0x80015434] -> 0x0513
mem[X,0x80015436] -> 0x6665
[2115] [M]: 0x80015434 (0x66650513) addi a0, a0, 1638
x10 <- 0x66666666


mem[X,0x80015438] -> 0x55B7
mem[X,0x8001543A] -> 0x5555
[2116] [M]: 0x80015438 (0x555555B7) lui a1, 349525
x11 <- 0x55555000


mem[X,0x8001543C] -> 0x8593
mem[X,0x8001543E] -> 0x5565
[2117] [M]: 0x8001543C (0x55658593) addi a1, a1, 1366
x11 <- 0x55555556


mem[X,0x80015440] -> 0x0213
mem[X,0x80015442] -> 0x0000
[2118] [M]: 0x80015440 (0x00000213) addi tp, zero, 0
x4 <- 0x00000000


mem[X,0x80015444] -> 0x006F
mem[X,0x80015446] -> 0x00C0
[2119] [M]: 0x80015444 (0x00C0006F) jal zero, 12


mem[X,0x80015450] -> 0x1063
mem[X,0x80015452] -> 0x02B5
[2120] [M]: 0x80015450 (0x02B51063) bne a0, a1, 32


mem[X,0x80015470] -> 0x0213
mem[X,0x80015472] -> 0x0032
[2121] [M]: 0x80015470 (0x00320213) addi tp, tp, 3
x4 <- 0x00000003


mem[X,0x80015474] -> 0x006F
mem[X,0x80015476] -> 0x0040
[2122] [M]: 0x80015474 (0x0040006F) jal zero, 4


mem[X,0x80015478] -> 0xA823
mem[X,0x8001547A] -> 0x3240
[2123] [M]: 0x80015478 (0x3240A823) sw tp, 816(ra)
mem[0x80039598] <- 0x00000003


mem[X,0x8001547C] -> 0x6537
mem[X,0x8001547E] -> 0x6666
[2124] [M]: 0x8001547C (0x66666537) lui a0, 419430
x10 <- 0x66666000


mem[X,0x80015480] -> 0x0513
mem[X,0x80015482] -> 0x6665
[2125] [M]: 0x80015480 (0x66650513) addi a0, a0, 1638
x10 <- 0x66666666


mem[X,0x80015484] -> 0xB5B7
mem[X,0x80015486] -> 0xAAAA
[2126] [M]: 0x80015484 (0xAAAAB5B7) lui a1, 699051
x11 <- 0xAAAAB000


mem[X,0x80015488] -> 0x8593
mem[X,0x8001548A] -> 0xAAB5
[2127] [M]: 0x80015488 (0xAAB58593) addi a1, a1, 2731
x11 <- 0xAAAAAAAB


mem[X,0x8001548C] -> 0x0213
mem[X,0x8001548E] -> 0x0000
[2128] [M]: 0x8001548C (0x00000213) addi tp, zero, 0
x4 <- 0x00000000


mem[X,0x80015490] -> 0x006F
mem[X,0x80015492] -> 0x0050
[2129] [M]: 0x80015490 (0x0050006F) jal zero, 2052


mem[X,0x80015C94] -> 0x10E3
mem[X,0x80015C96] -> 0x80B5
[2130] [M]: 0x80015C94 (0x80B510E3) bne a0, a1, 6144


mem[X,0x80015494] -> 0x0213
mem[X,0x80015496] -> 0x0012
[2131] [M]: 0x80015494 (0x00120213) addi tp, tp, 1
x4 <- 0x00000001


mem[X,0x80015498] -> 0x006F
mem[X,0x8001549A] -> 0x0110
[2132] [M]: 0x80015498 (0x0110006F) jal zero, 2064


mem[X,0x80015CA8] -> 0xAA23
mem[X,0x80015CAA] -> 0x3240
[2133] [M]: 0x80015CA8 (0x3240AA23) sw tp, 820(ra)
mem[0x8003959C] <- 0x00000001


mem[X,0x80015CAC] -> 0x6537
mem[X,0x80015CAE] -> 0x6666
[2134] [M]: 0x80015CAC (0x66666537) lui a0, 419430
x10 <- 0x66666000


mem[X,0x80015CB0] -> 0x0513
mem[X,0x80015CB2] -> 0x6665
[2135] [M]: 0x80015CB0 (0x66650513) addi a0, a0, 1638
x10 <- 0x66666666


mem[X,0x80015CB4] -> 0x0593
mem[X,0x80015CB6] -> 0x0060
[2136] [M]: 0x80015CB4 (0x00600593) addi a1, zero, 6
x11 <- 0x00000006


mem[X,0x80015CB8] -> 0x0213
mem[X,0x80015CBA] -> 0x0000
[2137] [M]: 0x80015CB8 (0x00000213) addi tp, zero, 0
x4 <- 0x00000000


mem[X,0x80015CBC] -> 0x006F
mem[X,0x80015CBE] -> 0x00C0
[2138] [M]: 0x80015CBC (0x00C0006F) jal zero, 12


mem[X,0x80015CC8] -> 0x1663
mem[X,0x80015CCA] -> 0x00B5
[2139] [M]: 0x80015CC8 (0x00B51663) bne a0, a1, 12


mem[X,0x80015CD4] -> 0x0213
mem[X,0x80015CD6] -> 0x0032
[2140] [M]: 0x80015CD4 (0x00320213) addi tp, tp, 3
x4 <- 0x00000003


mem[X,0x80015CD8] -> 0x006F
mem[X,0x80015CDA] -> 0x0040
[2141] [M]: 0x80015CD8 (0x0040006F) jal zero, 4


mem[X,0x80015CDC] -> 0xAC23
mem[X,0x80015CDE] -> 0x3240
[2142] [M]: 0x80015CDC (0x3240AC23) sw tp, 824(ra)
mem[0x800395A0] <- 0x00000003


mem[X,0x80015CE0] -> 0x6537
mem[X,0x80015CE2] -> 0x6666
[2143] [M]: 0x80015CE0 (0x66666537) lui a0, 419430
x10 <- 0x66666000


mem[X,0x80015CE4] -> 0x0513
mem[X,0x80015CE6] -> 0x6665
[2144] [M]: 0x80015CE4 (0x66650513) addi a0, a0, 1638
x10 <- 0x66666666


mem[X,0x80015CE8] -> 0x35B7
mem[X,0x80015CEA] -> 0x3333
[2145] [M]: 0x80015CE8 (0x333335B7) lui a1, 209715
x11 <- 0x33333000


mem[X,0x80015CEC] -> 0x8593
mem[X,0x80015CEE] -> 0x3345
[2146] [M]: 0x80015CEC (0x33458593) addi a1, a1, 820
x11 <- 0x33333334


mem[X,0x80015CF0] -> 0x0213
mem[X,0x80015CF2] -> 0x0000
[2147] [M]: 0x80015CF0 (0x00000213) addi tp, zero, 0
x4 <- 0x00000000


mem[X,0x80015CF4] -> 0x006F
mem[X,0x80015CF6] -> 0x0140
[2148] [M]: 0x80015CF4 (0x0140006F) jal zero, 20


mem[X,0x80015D08] -> 0x18E3
mem[X,0x80015D0A] -> 0xFEB5
[2149] [M]: 0x80015D08 (0xFEB518E3) bne a0, a1, 8176


mem[X,0x80015CF8] -> 0x0213
mem[X,0x80015CFA] -> 0x0012
[2150] [M]: 0x80015CF8 (0x00120213) addi tp, tp, 1
x4 <- 0x00000001


mem[X,0x80015CFC] -> 0x006F
mem[X,0x80015CFE] -> 0x0200
[2151] [M]: 0x80015CFC (0x0200006F) jal zero, 32


mem[X,0x80015D1C] -> 0xAE23
mem[X,0x80015D1E] -> 0x3240
[2152] [M]: 0x80015D1C (0x3240AE23) sw tp, 828(ra)
mem[0x800395A4] <- 0x00000001


mem[X,0x80015D20] -> 0x6537
mem[X,0x80015D22] -> 0x6666
[2153] [M]: 0x80015D20 (0x66666537) lui a0, 419430
x10 <- 0x66666000


mem[X,0x80015D24] -> 0x0513
mem[X,0x80015D26] -> 0x6665
[2154] [M]: 0x80015D24 (0x66650513) addi a0, a0, 1638
x10 <- 0x66666666


mem[X,0x80015D28] -> 0x65B7
mem[X,0x80015D2A] -> 0x6666
[2155] [M]: 0x80015D28 (0x666665B7) lui a1, 419430
x11 <- 0x66666000


mem[X,0x80015D2C] -> 0x8593
mem[X,0x80015D2E] -> 0x6675
[2156] [M]: 0x80015D2C (0x66758593) addi a1, a1, 1639
x11 <- 0x66666667


mem[X,0x80015D30] -> 0x0213
mem[X,0x80015D32] -> 0x0000
[2157] [M]: 0x80015D30 (0x00000213) addi tp, zero, 0
x4 <- 0x00000000


mem[X,0x80015D34] -> 0x006F
mem[X,0x80015D36] -> 0x00C0
[2158] [M]: 0x80015D34 (0x00C0006F) jal zero, 12


mem[X,0x80015D40] -> 0x1063
mem[X,0x80015D42] -> 0x40B5
[2159] [M]: 0x80015D40 (0x40B51063) bne a0, a1, 1024


mem[X,0x80016140] -> 0x0213
mem[X,0x80016142] -> 0x0032
[2160] [M]: 0x80016140 (0x00320213) addi tp, tp, 3
x4 <- 0x00000003


mem[X,0x80016144] -> 0x006F
mem[X,0x80016146] -> 0x0040
[2161] [M]: 0x80016144 (0x0040006F) jal zero, 4


mem[X,0x80016148] -> 0xA023
mem[X,0x8001614A] -> 0x3440
[2162] [M]: 0x80016148 (0x3440A023) sw tp, 832(ra)
mem[0x800395A8] <- 0x00000003


mem[X,0x8001614C] -> 0x6537
mem[X,0x8001614E] -> 0x6666
[2163] [M]: 0x8001614C (0x66666537) lui a0, 419430
x10 <- 0x66666000


mem[X,0x80016150] -> 0x0513
mem[X,0x80016152] -> 0x6665
[2164] [M]: 0x80016150 (0x66650513) addi a0, a0, 1638
x10 <- 0x66666666


mem[X,0x80016154] -> 0x55B7
mem[X,0x80016156] -> 0xFFFF
[2165] [M]: 0x80016154 (0xFFFF55B7) lui a1, 1048565
x11 <- 0xFFFF5000


mem[X,0x80016158] -> 0x8593
mem[X,0x8001615A] -> 0xAFD5
[2166] [M]: 0x80016158 (0xAFD58593) addi a1, a1, 2813
x11 <- 0xFFFF4AFD


mem[X,0x8001615C] -> 0x0213
mem[X,0x8001615E] -> 0x0000
[2167] [M]: 0x8001615C (0x00000213) addi tp, zero, 0
x4 <- 0x00000000


mem[X,0x80016160] -> 0x006F
mem[X,0x80016162] -> 0x00C0
[2168] [M]: 0x80016160 (0x00C0006F) jal zero, 12


mem[X,0x8001616C] -> 0x1063
mem[X,0x8001616E] -> 0x04B5
[2169] [M]: 0x8001616C (0x04B51063) bne a0, a1, 64


mem[X,0x800161AC] -> 0x0213
mem[X,0x800161AE] -> 0x0032
[2170] [M]: 0x800161AC (0x00320213) addi tp, tp, 3
x4 <- 0x00000003


mem[X,0x800161B0] -> 0x006F
mem[X,0x800161B2] -> 0x0040
[2171] [M]: 0x800161B0 (0x0040006F) jal zero, 4


mem[X,0x800161B4] -> 0xA223
mem[X,0x800161B6] -> 0x3440
[2172] [M]: 0x800161B4 (0x3440A223) sw tp, 836(ra)
mem[0x800395AC] <- 0x00000003


mem[X,0x800161B8] -> 0x6537
mem[X,0x800161BA] -> 0x6666
[2173] [M]: 0x800161B8 (0x66666537) lui a0, 419430
x10 <- 0x66666000


mem[X,0x800161BC] -> 0x0513
mem[X,0x800161BE] -> 0x6665
[2174] [M]: 0x800161BC (0x66650513) addi a0, a0, 1638
x10 <- 0x66666666


mem[X,0x800161C0] -> 0xB5B7
mem[X,0x800161C2] -> 0x0000
[2175] [M]: 0x800161C0 (0x0000B5B7) lui a1, 11
x11 <- 0x0000B000


mem[X,0x800161C4] -> 0x8593
mem[X,0x800161C6] -> 0x5055
[2176] [M]: 0x800161C4 (0x50558593) addi a1, a1, 1285
x11 <- 0x0000B505


mem[X,0x800161C8] -> 0x0213
mem[X,0x800161CA] -> 0x0000
[2177] [M]: 0x800161C8 (0x00000213) addi tp, zero, 0
x4 <- 0x00000000


mem[X,0x800161CC] -> 0x006F
mem[X,0x800161CE] -> 0x00C0
[2178] [M]: 0x800161CC (0x00C0006F) jal zero, 12


mem[X,0x800161D8] -> 0x1063
mem[X,0x800161DA] -> 0x08B5
[2179] [M]: 0x800161D8 (0x08B51063) bne a0, a1, 128


mem[X,0x80016258] -> 0x0213
mem[X,0x8001625A] -> 0x0032
[2180] [M]: 0x80016258 (0x00320213) addi tp, tp, 3
x4 <- 0x00000003


mem[X,0x8001625C] -> 0x006F
mem[X,0x8001625E] -> 0x0040
[2181] [M]: 0x8001625C (0x0040006F) jal zero, 4


mem[X,0x80016260] -> 0xA423
mem[X,0x80016262] -> 0x3440
[2182] [M]: 0x80016260 (0x3440A423) sw tp, 840(ra)
mem[0x800395B0] <- 0x00000003


mem[X,0x80016264] -> 0x5537
mem[X,0x80016266] -> 0xFFFF
[2183] [M]: 0x80016264 (0xFFFF5537) lui a0, 1048565
x10 <- 0xFFFF5000


mem[X,0x80016268] -> 0x0513
mem[X,0x8001626A] -> 0xAFC5
[2184] [M]: 0x80016268 (0xAFC50513) addi a0, a0, 2812
x10 <- 0xFFFF4AFC


mem[X,0x8001626C] -> 0x0593
mem[X,0x8001626E] -> 0x0030
[2185] [M]: 0x8001626C (0x00300593) addi a1, zero, 3
x11 <- 0x00000003


mem[X,0x80016270] -> 0x0213
mem[X,0x80016272] -> 0x0000
[2186] [M]: 0x80016270 (0x00000213) addi tp, zero, 0
x4 <- 0x00000000


mem[X,0x80016274] -> 0x006F
mem[X,0x80016276] -> 0x00C0
[2187] [M]: 0x80016274 (0x00C0006F) jal zero, 12


mem[X,0x80016280] -> 0x1063
mem[X,0x80016282] -> 0x40B5
[2188] [M]: 0x80016280 (0x40B51063) bne a0, a1, 1024


mem[X,0x80016680] -> 0x0213
mem[X,0x80016682] -> 0x0032
[2189] [M]: 0x80016680 (0x00320213) addi tp, tp, 3
x4 <- 0x00000003


mem[X,0x80016684] -> 0x006F
mem[X,0x80016686] -> 0x0040
[2190] [M]: 0x80016684 (0x0040006F) jal zero, 4


mem[X,0x80016688] -> 0xA623
mem[X,0x8001668A] -> 0x3440
[2191] [M]: 0x80016688 (0x3440A623) sw tp, 844(ra)
mem[0x800395B4] <- 0x00000003


mem[X,0x8001668C] -> 0x5537
mem[X,0x8001668E] -> 0xFFFF
[2192] [M]: 0x8001668C (0xFFFF5537) lui a0, 1048565
x10 <- 0xFFFF5000


mem[X,0x80016690] -> 0x0513
mem[X,0x80016692] -> 0xAFC5
[2193] [M]: 0x80016690 (0xAFC50513) addi a0, a0, 2812
x10 <- 0xFFFF4AFC


mem[X,0x80016694] -> 0x55B7
mem[X,0x80016696] -> 0x5555
[2194] [M]: 0x80016694 (0x555555B7) lui a1, 349525
x11 <- 0x55555000


mem[X,0x80016698] -> 0x8593
mem[X,0x8001669A] -> 0x5555
[2195] [M]: 0x80016698 (0x55558593) addi a1, a1, 1365
x11 <- 0x55555555


mem[X,0x8001669C] -> 0x0213
mem[X,0x8001669E] -> 0x0000
[2196] [M]: 0x8001669C (0x00000213) addi tp, zero, 0
x4 <- 0x00000000


mem[X,0x800166A0] -> 0x006F
mem[X,0x800166A2] -> 0x00C0
[2197] [M]: 0x800166A0 (0x00C0006F) jal zero, 12


mem[X,0x800166AC] -> 0x1663
mem[X,0x800166AE] -> 0x00B5
[2198] [M]: 0x800166AC (0x00B51663) bne a0, a1, 12


mem[X,0x800166B8] -> 0x0213
mem[X,0x800166BA] -> 0x0032
[2199] [M]: 0x800166B8 (0x00320213) addi tp, tp, 3
x4 <- 0x00000003


clint::tick mtime <- 0x0000000000000016
 clint timer pending at mtime 0x0000000000000016
htif::tick 0x0000000000000000
mem[X,0x800166BC] -> 0x006F
mem[X,0x800166BE] -> 0x0040
[2200] [M]: 0x800166BC (0x0040006F) jal zero, 4


mem[X,0x800166C0] -> 0xA823
mem[X,0x800166C2] -> 0x3440
[2201] [M]: 0x800166C0 (0x3440A823) sw tp, 848(ra)
mem[0x800395B8] <- 0x00000003


mem[X,0x800166C4] -> 0x5537
mem[X,0x800166C6] -> 0xFFFF
[2202] [M]: 0x800166C4 (0xFFFF5537) lui a0, 1048565
x10 <- 0xFFFF5000


mem[X,0x800166C8] -> 0x0513
mem[X,0x800166CA] -> 0xAFC5
[2203] [M]: 0x800166C8 (0xAFC50513) addi a0, a0, 2812
x10 <- 0xFFFF4AFC


mem[X,0x800166CC] -> 0xB5B7
mem[X,0x800166CE] -> 0xAAAA
[2204] [M]: 0x800166CC (0xAAAAB5B7) lui a1, 699051
x11 <- 0xAAAAB000


mem[X,0x800166D0] -> 0x8593
mem[X,0x800166D2] -> 0xAAA5
[2205] [M]: 0x800166D0 (0xAAA58593) addi a1, a1, 2730
x11 <- 0xAAAAAAAA


mem[X,0x800166D4] -> 0x0213
mem[X,0x800166D6] -> 0x0000
[2206] [M]: 0x800166D4 (0x00000213) addi tp, zero, 0
x4 <- 0x00000000


mem[X,0x800166D8] -> 0x006F
mem[X,0x800166DA] -> 0x00C0
[2207] [M]: 0x800166D8 (0x00C0006F) jal zero, 12


mem[X,0x800166E4] -> 0x1063
mem[X,0x800166E6] -> 0x10B5
[2208] [M]: 0x800166E4 (0x10B51063) bne a0, a1, 256


mem[X,0x800167E4] -> 0x0213
mem[X,0x800167E6] -> 0x0032
[2209] [M]: 0x800167E4 (0x00320213) addi tp, tp, 3
x4 <- 0x00000003


mem[X,0x800167E8] -> 0x006F
mem[X,0x800167EA] -> 0x0040
[2210] [M]: 0x800167E8 (0x0040006F) jal zero, 4


mem[X,0x800167EC] -> 0xAA23
mem[X,0x800167EE] -> 0x3440
[2211] [M]: 0x800167EC (0x3440AA23) sw tp, 852(ra)
mem[0x800395BC] <- 0x00000003


mem[X,0x800167F0] -> 0x5537
mem[X,0x800167F2] -> 0xFFFF
[2212] [M]: 0x800167F0 (0xFFFF5537) lui a0, 1048565
x10 <- 0xFFFF5000


mem[X,0x800167F4] -> 0x0513
mem[X,0x800167F6] -> 0xAFC5
[2213] [M]: 0x800167F4 (0xAFC50513) addi a0, a0, 2812
x10 <- 0xFFFF4AFC


mem[X,0x800167F8] -> 0x0593
mem[X,0x800167FA] -> 0x0050
[2214] [M]: 0x800167F8 (0x00500593) addi a1, zero, 5
x11 <- 0x00000005


mem[X,0x800167FC] -> 0x0213
mem[X,0x800167FE] -> 0x0000
[2215] [M]: 0x800167FC (0x00000213) addi tp, zero, 0
x4 <- 0x00000000


mem[X,0x80016800] -> 0x006F
mem[X,0x80016802] -> 0x00C0
[2216] [M]: 0x80016800 (0x00C0006F) jal zero, 12


mem[X,0x8001680C] -> 0x1663
mem[X,0x8001680E] -> 0x00B5
[2217] [M]: 0x8001680C (0x00B51663) bne a0, a1, 12


mem[X,0x80016818] -> 0x0213
mem[X,0x8001681A] -> 0x0032
[2218] [M]: 0x80016818 (0x00320213) addi tp, tp, 3
x4 <- 0x00000003


mem[X,0x8001681C] -> 0x006F
mem[X,0x8001681E] -> 0x0040
[2219] [M]: 0x8001681C (0x0040006F) jal zero, 4


mem[X,0x80016820] -> 0xAC23
mem[X,0x80016822] -> 0x3440
[2220] [M]: 0x80016820 (0x3440AC23) sw tp, 856(ra)
mem[0x800395C0] <- 0x00000003


mem[X,0x80016824] -> 0x5537
mem[X,0x80016826] -> 0xFFFF
[2221] [M]: 0x80016824 (0xFFFF5537) lui a0, 1048565
x10 <- 0xFFFF5000


mem[X,0x80016828] -> 0x0513
mem[X,0x8001682A] -> 0xAFC5
[2222] [M]: 0x80016828 (0xAFC50513) addi a0, a0, 2812
x10 <- 0xFFFF4AFC


mem[X,0x8001682C] -> 0x35B7
mem[X,0x8001682E] -> 0x3333
[2223] [M]: 0x8001682C (0x333335B7) lui a1, 209715
x11 <- 0x33333000


mem[X,0x80016830] -> 0x8593
mem[X,0x80016832] -> 0x3335
[2224] [M]: 0x80016830 (0x33358593) addi a1, a1, 819
x11 <- 0x33333333


mem[X,0x80016834] -> 0x0213
mem[X,0x80016836] -> 0x0000
[2225] [M]: 0x80016834 (0x00000213) addi tp, zero, 0
x4 <- 0x00000000


mem[X,0x80016838] -> 0x006F
mem[X,0x8001683A] -> 0x00C0
[2226] [M]: 0x80016838 (0x00C0006F) jal zero, 12


mem[X,0x80016844] -> 0x1CE3
mem[X,0x80016846] -> 0xFEB5
[2227] [M]: 0x80016844 (0xFEB51CE3) bne a0, a1, 8184


mem[X,0x8001683C] -> 0x0213
mem[X,0x8001683E] -> 0x0012
[2228] [M]: 0x8001683C (0x00120213) addi tp, tp, 1
x4 <- 0x00000001


mem[X,0x80016840] -> 0x006F
mem[X,0x80016842] -> 0x0180
[2229] [M]: 0x80016840 (0x0180006F) jal zero, 24


mem[X,0x80016858] -> 0xAE23
mem[X,0x8001685A] -> 0x3440
[2230] [M]: 0x80016858 (0x3440AE23) sw tp, 860(ra)
mem[0x800395C4] <- 0x00000001


mem[X,0x8001685C] -> 0x5537
mem[X,0x8001685E] -> 0xFFFF
[2231] [M]: 0x8001685C (0xFFFF5537) lui a0, 1048565
x10 <- 0xFFFF5000


mem[X,0x80016860] -> 0x0513
mem[X,0x80016862] -> 0xAFC5
[2232] [M]: 0x80016860 (0xAFC50513) addi a0, a0, 2812
x10 <- 0xFFFF4AFC


mem[X,0x80016864] -> 0x65B7
mem[X,0x80016866] -> 0x6666
[2233] [M]: 0x80016864 (0x666665B7) lui a1, 419430
x11 <- 0x66666000


mem[X,0x80016868] -> 0x8593
mem[X,0x8001686A] -> 0x6665
[2234] [M]: 0x80016868 (0x66658593) addi a1, a1, 1638
x11 <- 0x66666666


mem[X,0x8001686C] -> 0x0213
mem[X,0x8001686E] -> 0x0000
[2235] [M]: 0x8001686C (0x00000213) addi tp, zero, 0
x4 <- 0x00000000


mem[X,0x80016870] -> 0x006F
mem[X,0x80016872] -> 0x00C0
[2236] [M]: 0x80016870 (0x00C0006F) jal zero, 12


mem[X,0x8001687C] -> 0x1063
mem[X,0x8001687E] -> 0x04B5
[2237] [M]: 0x8001687C (0x04B51063) bne a0, a1, 64


mem[X,0x800168BC] -> 0x0213
mem[X,0x800168BE] -> 0x0032
[2238] [M]: 0x800168BC (0x00320213) addi tp, tp, 3
x4 <- 0x00000003


mem[X,0x800168C0] -> 0x006F
mem[X,0x800168C2] -> 0x0040
[2239] [M]: 0x800168C0 (0x0040006F) jal zero, 4


mem[X,0x800168C4] -> 0xA023
mem[X,0x800168C6] -> 0x3640
[2240] [M]: 0x800168C4 (0x3640A023) sw tp, 864(ra)
mem[0x800395C8] <- 0x00000003


mem[X,0x800168C8] -> 0x5537
mem[X,0x800168CA] -> 0xFFFF
[2241] [M]: 0x800168C8 (0xFFFF5537) lui a0, 1048565
x10 <- 0xFFFF5000


mem[X,0x800168CC] -> 0x0513
mem[X,0x800168CE] -> 0xAFC5
[2242] [M]: 0x800168CC (0xAFC50513) addi a0, a0, 2812
x10 <- 0xFFFF4AFC


mem[X,0x800168D0] -> 0xB5B7
mem[X,0x800168D2] -> 0x0000
[2243] [M]: 0x800168D0 (0x0000B5B7) lui a1, 11
x11 <- 0x0000B000


mem[X,0x800168D4] -> 0x8593
mem[X,0x800168D6] -> 0x5045
[2244] [M]: 0x800168D4 (0x50458593) addi a1, a1, 1284
x11 <- 0x0000B504


mem[X,0x800168D8] -> 0x0213
mem[X,0x800168DA] -> 0x0000
[2245] [M]: 0x800168D8 (0x00000213) addi tp, zero, 0
x4 <- 0x00000000


mem[X,0x800168DC] -> 0x006F
mem[X,0x800168DE] -> 0x2B10
[2246] [M]: 0x800168DC (0x2B10006F) jal zero, 2736


mem[X,0x8001738C] -> 0x1A63
mem[X,0x8001738E] -> 0xD4B5
[2247] [M]: 0x8001738C (0xD4B51A63) bne a0, a1, 5460


mem[X,0x800168E0] -> 0x0213
mem[X,0x800168E2] -> 0x0012
[2248] [M]: 0x800168E0 (0x00120213) addi tp, tp, 1
x4 <- 0x00000001


mem[X,0x800168E4] -> 0x006F
mem[X,0x800168E6] -> 0x2BD0
[2249] [M]: 0x800168E4 (0x2BD0006F) jal zero, 2748


mem[X,0x800173A0] -> 0xA223
mem[X,0x800173A2] -> 0x3640
[2250] [M]: 0x800173A0 (0x3640A223) sw tp, 868(ra)
mem[0x800395CC] <- 0x00000001


mem[X,0x800173A4] -> 0x5537
mem[X,0x800173A6] -> 0xFFFF
[2251] [M]: 0x800173A4 (0xFFFF5537) lui a0, 1048565
x10 <- 0xFFFF5000


mem[X,0x800173A8] -> 0x0513
mem[X,0x800173AA] -> 0xAFC5
[2252] [M]: 0x800173A8 (0xAFC50513) addi a0, a0, 2812
x10 <- 0xFFFF4AFC


mem[X,0x800173AC] -> 0x0593
mem[X,0x800173AE] -> 0x0020
[2253] [M]: 0x800173AC (0x00200593) addi a1, zero, 2
x11 <- 0x00000002


mem[X,0x800173B0] -> 0x0213
mem[X,0x800173B2] -> 0x0000
[2254] [M]: 0x800173B0 (0x00000213) addi tp, zero, 0
x4 <- 0x00000000


mem[X,0x800173B4] -> 0x006F
mem[X,0x800173B6] -> 0x0100
[2255] [M]: 0x800173B4 (0x0100006F) jal zero, 16


mem[X,0x800173C4] -> 0x1AE3
mem[X,0x800173C6] -> 0xFEB5
[2256] [M]: 0x800173C4 (0xFEB51AE3) bne a0, a1, 8180


mem[X,0x800173B8] -> 0x0213
mem[X,0x800173BA] -> 0x0012
[2257] [M]: 0x800173B8 (0x00120213) addi tp, tp, 1
x4 <- 0x00000001


mem[X,0x800173BC] -> 0x006F
mem[X,0x800173BE] -> 0x01C0
[2258] [M]: 0x800173BC (0x01C0006F) jal zero, 28


mem[X,0x800173D8] -> 0xA423
mem[X,0x800173DA] -> 0x3640
[2259] [M]: 0x800173D8 (0x3640A423) sw tp, 872(ra)
mem[0x800395D0] <- 0x00000001


mem[X,0x800173DC] -> 0x5537
mem[X,0x800173DE] -> 0xFFFF
[2260] [M]: 0x800173DC (0xFFFF5537) lui a0, 1048565
x10 <- 0xFFFF5000


mem[X,0x800173E0] -> 0x0513
mem[X,0x800173E2] -> 0xAFC5
[2261] [M]: 0x800173E0 (0xAFC50513) addi a0, a0, 2812
x10 <- 0xFFFF4AFC


mem[X,0x800173E4] -> 0x55B7
mem[X,0x800173E6] -> 0x5555
[2262] [M]: 0x800173E4 (0x555555B7) lui a1, 349525
x11 <- 0x55555000


mem[X,0x800173E8] -> 0x8593
mem[X,0x800173EA] -> 0x5545
[2263] [M]: 0x800173E8 (0x55458593) addi a1, a1, 1364
x11 <- 0x55555554


mem[X,0x800173EC] -> 0x0213
mem[X,0x800173EE] -> 0x0000
[2264] [M]: 0x800173EC (0x00000213) addi tp, zero, 0
x4 <- 0x00000000


mem[X,0x800173F0] -> 0x006F
mem[X,0x800173F2] -> 0x00C0
[2265] [M]: 0x800173F0 (0x00C0006F) jal zero, 12


mem[X,0x800173FC] -> 0x1063
mem[X,0x800173FE] -> 0x02B5
[2266] [M]: 0x800173FC (0x02B51063) bne a0, a1, 32


mem[X,0x8001741C] -> 0x0213
mem[X,0x8001741E] -> 0x0032
[2267] [M]: 0x8001741C (0x00320213) addi tp, tp, 3
x4 <- 0x00000003


mem[X,0x80017420] -> 0x006F
mem[X,0x80017422] -> 0x0040
[2268] [M]: 0x80017420 (0x0040006F) jal zero, 4


mem[X,0x80017424] -> 0xA623
mem[X,0x80017426] -> 0x3640
[2269] [M]: 0x80017424 (0x3640A623) sw tp, 876(ra)
mem[0x800395D4] <- 0x00000003


mem[X,0x80017428] -> 0x5537
mem[X,0x8001742A] -> 0xFFFF
[2270] [M]: 0x80017428 (0xFFFF5537) lui a0, 1048565
x10 <- 0xFFFF5000


mem[X,0x8001742C] -> 0x0513
mem[X,0x8001742E] -> 0xAFC5
[2271] [M]: 0x8001742C (0xAFC50513) addi a0, a0, 2812
x10 <- 0xFFFF4AFC


mem[X,0x80017430] -> 0x0593
mem[X,0x80017432] -> 0x0000
[2272] [M]: 0x80017430 (0x00000593) addi a1, zero, 0
x11 <- 0x00000000


mem[X,0x80017434] -> 0x0213
mem[X,0x80017436] -> 0x0000
[2273] [M]: 0x80017434 (0x00000213) addi tp, zero, 0
x4 <- 0x00000000


mem[X,0x80017438] -> 0x006F
mem[X,0x8001743A] -> 0x00C0
[2274] [M]: 0x80017438 (0x00C0006F) jal zero, 12


mem[X,0x80017444] -> 0x1063
mem[X,0x80017446] -> 0x08B5
[2275] [M]: 0x80017444 (0x08B51063) bne a0, a1, 128


mem[X,0x800174C4] -> 0x0213
mem[X,0x800174C6] -> 0x0032
[2276] [M]: 0x800174C4 (0x00320213) addi tp, tp, 3
x4 <- 0x00000003


mem[X,0x800174C8] -> 0x006F
mem[X,0x800174CA] -> 0x0040
[2277] [M]: 0x800174C8 (0x0040006F) jal zero, 4


mem[X,0x800174CC] -> 0xA823
mem[X,0x800174CE] -> 0x3640
[2278] [M]: 0x800174CC (0x3640A823) sw tp, 880(ra)
mem[0x800395D8] <- 0x00000003


mem[X,0x800174D0] -> 0x5537
mem[X,0x800174D2] -> 0xFFFF
[2279] [M]: 0x800174D0 (0xFFFF5537) lui a0, 1048565
x10 <- 0xFFFF5000


mem[X,0x800174D4] -> 0x0513
mem[X,0x800174D6] -> 0xAFC5
[2280] [M]: 0x800174D4 (0xAFC50513) addi a0, a0, 2812
x10 <- 0xFFFF4AFC


mem[X,0x800174D8] -> 0x0593
mem[X,0x800174DA] -> 0x0040
[2281] [M]: 0x800174D8 (0x00400593) addi a1, zero, 4
x11 <- 0x00000004


mem[X,0x800174DC] -> 0x0213
mem[X,0x800174DE] -> 0x0000
[2282] [M]: 0x800174DC (0x00000213) addi tp, zero, 0
x4 <- 0x00000000


mem[X,0x800174E0] -> 0x006F
mem[X,0x800174E2] -> 0x00C0
[2283] [M]: 0x800174E0 (0x00C0006F) jal zero, 12


mem[X,0x800174EC] -> 0x1663
mem[X,0x800174EE] -> 0x00B5
[2284] [M]: 0x800174EC (0x00B51663) bne a0, a1, 12


mem[X,0x800174F8] -> 0x0213
mem[X,0x800174FA] -> 0x0032
[2285] [M]: 0x800174F8 (0x00320213) addi tp, tp, 3
x4 <- 0x00000003


mem[X,0x800174FC] -> 0x006F
mem[X,0x800174FE] -> 0x0040
[2286] [M]: 0x800174FC (0x0040006F) jal zero, 4


mem[X,0x80017500] -> 0xAA23
mem[X,0x80017502] -> 0x3640
[2287] [M]: 0x80017500 (0x3640AA23) sw tp, 884(ra)
mem[0x800395DC] <- 0x00000003


mem[X,0x80017504] -> 0x5537
mem[X,0x80017506] -> 0xFFFF
[2288] [M]: 0x80017504 (0xFFFF5537) lui a0, 1048565
x10 <- 0xFFFF5000


mem[X,0x80017508] -> 0x0513
mem[X,0x8001750A] -> 0xAFC5
[2289] [M]: 0x80017508 (0xAFC50513) addi a0, a0, 2812
x10 <- 0xFFFF4AFC


mem[X,0x8001750C] -> 0x35B7
mem[X,0x8001750E] -> 0x3333
[2290] [M]: 0x8001750C (0x333335B7) lui a1, 209715
x11 <- 0x33333000


mem[X,0x80017510] -> 0x8593
mem[X,0x80017512] -> 0x3325
[2291] [M]: 0x80017510 (0x33258593) addi a1, a1, 818
x11 <- 0x33333332


mem[X,0x80017514] -> 0x0213
mem[X,0x80017516] -> 0x0000
[2292] [M]: 0x80017514 (0x00000213) addi tp, zero, 0
x4 <- 0x00000000


mem[X,0x80017518] -> 0x006F
mem[X,0x8001751A] -> 0x00C0
[2293] [M]: 0x80017518 (0x00C0006F) jal zero, 12


mem[X,0x80017524] -> 0x1663
mem[X,0x80017526] -> 0x00B5
[2294] [M]: 0x80017524 (0x00B51663) bne a0, a1, 12


mem[X,0x80017530] -> 0x0213
mem[X,0x80017532] -> 0x0032
[2295] [M]: 0x80017530 (0x00320213) addi tp, tp, 3
x4 <- 0x00000003


mem[X,0x80017534] -> 0x006F
mem[X,0x80017536] -> 0x0040
[2296] [M]: 0x80017534 (0x0040006F) jal zero, 4


mem[X,0x80017538] -> 0xAC23
mem[X,0x8001753A] -> 0x3640
[2297] [M]: 0x80017538 (0x3640AC23) sw tp, 888(ra)
mem[0x800395E0] <- 0x00000003


mem[X,0x8001753C] -> 0x5537
mem[X,0x8001753E] -> 0xFFFF
[2298] [M]: 0x8001753C (0xFFFF5537) lui a0, 1048565
x10 <- 0xFFFF5000


mem[X,0x80017540] -> 0x0513
mem[X,0x80017542] -> 0xAFC5
[2299] [M]: 0x80017540 (0xAFC50513) addi a0, a0, 2812
x10 <- 0xFFFF4AFC


clint::tick mtime <- 0x0000000000000017
 clint timer pending at mtime 0x0000000000000017
htif::tick 0x0000000000000000
mem[X,0x80017544] -> 0x65B7
mem[X,0x80017546] -> 0x6666
[2300] [M]: 0x80017544 (0x666665B7) lui a1, 419430
x11 <- 0x66666000


mem[X,0x80017548] -> 0x8593
mem[X,0x8001754A] -> 0x6655
[2301] [M]: 0x80017548 (0x66558593) addi a1, a1, 1637
x11 <- 0x66666665


mem[X,0x8001754C] -> 0x0213
mem[X,0x8001754E] -> 0x0000
[2302] [M]: 0x8001754C (0x00000213) addi tp, zero, 0
x4 <- 0x00000000


mem[X,0x80017550] -> 0x006F
mem[X,0x80017552] -> 0x00C0
[2303] [M]: 0x80017550 (0x00C0006F) jal zero, 12


mem[X,0x8001755C] -> 0x1CE3
mem[X,0x8001755E] -> 0xFEB5
[2304] [M]: 0x8001755C (0xFEB51CE3) bne a0, a1, 8184


mem[X,0x80017554] -> 0x0213
mem[X,0x80017556] -> 0x0012
[2305] [M]: 0x80017554 (0x00120213) addi tp, tp, 1
x4 <- 0x00000001


mem[X,0x80017558] -> 0x006F
mem[X,0x8001755A] -> 0x0180
[2306] [M]: 0x80017558 (0x0180006F) jal zero, 24


mem[X,0x80017570] -> 0xAE23
mem[X,0x80017572] -> 0x3640
[2307] [M]: 0x80017570 (0x3640AE23) sw tp, 892(ra)
mem[0x800395E4] <- 0x00000001


mem[X,0x80017574] -> 0x5537
mem[X,0x80017576] -> 0xFFFF
[2308] [M]: 0x80017574 (0xFFFF5537) lui a0, 1048565
x10 <- 0xFFFF5000


mem[X,0x80017578] -> 0x0513
mem[X,0x8001757A] -> 0xAFC5
[2309] [M]: 0x80017578 (0xAFC50513) addi a0, a0, 2812
x10 <- 0xFFFF4AFC


mem[X,0x8001757C] -> 0xB5B7
mem[X,0x8001757E] -> 0x0000
[2310] [M]: 0x8001757C (0x0000B5B7) lui a1, 11
x11 <- 0x0000B000


mem[X,0x80017580] -> 0x8593
mem[X,0x80017582] -> 0x5035
[2311] [M]: 0x80017580 (0x50358593) addi a1, a1, 1283
x11 <- 0x0000B503


mem[X,0x80017584] -> 0x0213
mem[X,0x80017586] -> 0x0000
[2312] [M]: 0x80017584 (0x00000213) addi tp, zero, 0
x4 <- 0x00000000


mem[X,0x80017588] -> 0x006F
mem[X,0x8001758A] -> 0x00C0
[2313] [M]: 0x80017588 (0x00C0006F) jal zero, 12


mem[X,0x80017594] -> 0x1063
mem[X,0x80017596] -> 0x40B5
[2314] [M]: 0x80017594 (0x40B51063) bne a0, a1, 1024


mem[X,0x80017994] -> 0x0213
mem[X,0x80017996] -> 0x0032
[2315] [M]: 0x80017994 (0x00320213) addi tp, tp, 3
x4 <- 0x00000003


mem[X,0x80017998] -> 0x006F
mem[X,0x8001799A] -> 0x0040
[2316] [M]: 0x80017998 (0x0040006F) jal zero, 4


mem[X,0x8001799C] -> 0xA023
mem[X,0x8001799E] -> 0x3840
[2317] [M]: 0x8001799C (0x3840A023) sw tp, 896(ra)
mem[0x800395E8] <- 0x00000003


mem[X,0x800179A0] -> 0x5537
mem[X,0x800179A2] -> 0xFFFF
[2318] [M]: 0x800179A0 (0xFFFF5537) lui a0, 1048565
x10 <- 0xFFFF5000


mem[X,0x800179A4] -> 0x0513
mem[X,0x800179A6] -> 0xAFC5
[2319] [M]: 0x800179A4 (0xAFC50513) addi a0, a0, 2812
x10 <- 0xFFFF4AFC


mem[X,0x800179A8] -> 0x55B7
mem[X,0x800179AA] -> 0x5555
[2320] [M]: 0x800179A8 (0x555555B7) lui a1, 349525
x11 <- 0x55555000


mem[X,0x800179AC] -> 0x8593
mem[X,0x800179AE] -> 0x5565
[2321] [M]: 0x800179AC (0x55658593) addi a1, a1, 1366
x11 <- 0x55555556


mem[X,0x800179B0] -> 0x0213
mem[X,0x800179B2] -> 0x0000
[2322] [M]: 0x800179B0 (0x00000213) addi tp, zero, 0
x4 <- 0x00000000


mem[X,0x800179B4] -> 0x006F
mem[X,0x800179B6] -> 0x00C0
[2323] [M]: 0x800179B4 (0x00C0006F) jal zero, 12


mem[X,0x800179C0] -> 0x1663
mem[X,0x800179C2] -> 0x00B5
[2324] [M]: 0x800179C0 (0x00B51663) bne a0, a1, 12


mem[X,0x800179CC] -> 0x0213
mem[X,0x800179CE] -> 0x0032
[2325] [M]: 0x800179CC (0x00320213) addi tp, tp, 3
x4 <- 0x00000003


mem[X,0x800179D0] -> 0x006F
mem[X,0x800179D2] -> 0x0040
[2326] [M]: 0x800179D0 (0x0040006F) jal zero, 4


mem[X,0x800179D4] -> 0xA223
mem[X,0x800179D6] -> 0x3840
[2327] [M]: 0x800179D4 (0x3840A223) sw tp, 900(ra)
mem[0x800395EC] <- 0x00000003


mem[X,0x800179D8] -> 0x5537
mem[X,0x800179DA] -> 0xFFFF
[2328] [M]: 0x800179D8 (0xFFFF5537) lui a0, 1048565
x10 <- 0xFFFF5000


mem[X,0x800179DC] -> 0x0513
mem[X,0x800179DE] -> 0xAFC5
[2329] [M]: 0x800179DC (0xAFC50513) addi a0, a0, 2812
x10 <- 0xFFFF4AFC


mem[X,0x800179E0] -> 0xB5B7
mem[X,0x800179E2] -> 0xAAAA
[2330] [M]: 0x800179E0 (0xAAAAB5B7) lui a1, 699051
x11 <- 0xAAAAB000


mem[X,0x800179E4] -> 0x8593
mem[X,0x800179E6] -> 0xAAB5
[2331] [M]: 0x800179E4 (0xAAB58593) addi a1, a1, 2731
x11 <- 0xAAAAAAAB


mem[X,0x800179E8] -> 0x0213
mem[X,0x800179EA] -> 0x0000
[2332] [M]: 0x800179E8 (0x00000213) addi tp, zero, 0
x4 <- 0x00000000


mem[X,0x800179EC] -> 0x006F
mem[X,0x800179EE] -> 0x00C0
[2333] [M]: 0x800179EC (0x00C0006F) jal zero, 12


mem[X,0x800179F8] -> 0x1063
mem[X,0x800179FA] -> 0x40B5
[2334] [M]: 0x800179F8 (0x40B51063) bne a0, a1, 1024


mem[X,0x80017DF8] -> 0x0213
mem[X,0x80017DFA] -> 0x0032
[2335] [M]: 0x80017DF8 (0x00320213) addi tp, tp, 3
x4 <- 0x00000003


mem[X,0x80017DFC] -> 0x006F
mem[X,0x80017DFE] -> 0x0040
[2336] [M]: 0x80017DFC (0x0040006F) jal zero, 4


mem[X,0x80017E00] -> 0xA423
mem[X,0x80017E02] -> 0x3840
[2337] [M]: 0x80017E00 (0x3840A423) sw tp, 904(ra)
mem[0x800395F0] <- 0x00000003


mem[X,0x80017E04] -> 0x5537
mem[X,0x80017E06] -> 0xFFFF
[2338] [M]: 0x80017E04 (0xFFFF5537) lui a0, 1048565
x10 <- 0xFFFF5000


mem[X,0x80017E08] -> 0x0513
mem[X,0x80017E0A] -> 0xAFC5
[2339] [M]: 0x80017E08 (0xAFC50513) addi a0, a0, 2812
x10 <- 0xFFFF4AFC


mem[X,0x80017E0C] -> 0x0593
mem[X,0x80017E0E] -> 0x0060
[2340] [M]: 0x80017E0C (0x00600593) addi a1, zero, 6
x11 <- 0x00000006


mem[X,0x80017E10] -> 0x0213
mem[X,0x80017E12] -> 0x0000
[2341] [M]: 0x80017E10 (0x00000213) addi tp, zero, 0
x4 <- 0x00000000


mem[X,0x80017E14] -> 0x006F
mem[X,0x80017E16] -> 0x00C0
[2342] [M]: 0x80017E14 (0x00C0006F) jal zero, 12


mem[X,0x80017E20] -> 0x1063
mem[X,0x80017E22] -> 0x08B5
[2343] [M]: 0x80017E20 (0x08B51063) bne a0, a1, 128


mem[X,0x80017EA0] -> 0x0213
mem[X,0x80017EA2] -> 0x0032
[2344] [M]: 0x80017EA0 (0x00320213) addi tp, tp, 3
x4 <- 0x00000003


mem[X,0x80017EA4] -> 0x006F
mem[X,0x80017EA6] -> 0x0040
[2345] [M]: 0x80017EA4 (0x0040006F) jal zero, 4


mem[X,0x80017EA8] -> 0xA623
mem[X,0x80017EAA] -> 0x3840
[2346] [M]: 0x80017EA8 (0x3840A623) sw tp, 908(ra)
mem[0x800395F4] <- 0x00000003


mem[X,0x80017EAC] -> 0x5537
mem[X,0x80017EAE] -> 0xFFFF
[2347] [M]: 0x80017EAC (0xFFFF5537) lui a0, 1048565
x10 <- 0xFFFF5000


mem[X,0x80017EB0] -> 0x0513
mem[X,0x80017EB2] -> 0xAFC5
[2348] [M]: 0x80017EB0 (0xAFC50513) addi a0, a0, 2812
x10 <- 0xFFFF4AFC


mem[X,0x80017EB4] -> 0x35B7
mem[X,0x80017EB6] -> 0x3333
[2349] [M]: 0x80017EB4 (0x333335B7) lui a1, 209715
x11 <- 0x33333000


mem[X,0x80017EB8] -> 0x8593
mem[X,0x80017EBA] -> 0x3345
[2350] [M]: 0x80017EB8 (0x33458593) addi a1, a1, 820
x11 <- 0x33333334


mem[X,0x80017EBC] -> 0x0213
mem[X,0x80017EBE] -> 0x0000
[2351] [M]: 0x80017EBC (0x00000213) addi tp, zero, 0
x4 <- 0x00000000


mem[X,0x80017EC0] -> 0x006F
mem[X,0x80017EC2] -> 0x00C0
[2352] [M]: 0x80017EC0 (0x00C0006F) jal zero, 12


mem[X,0x80017ECC] -> 0x1663
mem[X,0x80017ECE] -> 0x00B5
[2353] [M]: 0x80017ECC (0x00B51663) bne a0, a1, 12


mem[X,0x80017ED8] -> 0x0213
mem[X,0x80017EDA] -> 0x0032
[2354] [M]: 0x80017ED8 (0x00320213) addi tp, tp, 3
x4 <- 0x00000003


mem[X,0x80017EDC] -> 0x006F
mem[X,0x80017EDE] -> 0x0040
[2355] [M]: 0x80017EDC (0x0040006F) jal zero, 4


mem[X,0x80017EE0] -> 0xA823
mem[X,0x80017EE2] -> 0x3840
[2356] [M]: 0x80017EE0 (0x3840A823) sw tp, 912(ra)
mem[0x800395F8] <- 0x00000003


mem[X,0x80017EE4] -> 0x5537
mem[X,0x80017EE6] -> 0xFFFF
[2357] [M]: 0x80017EE4 (0xFFFF5537) lui a0, 1048565
x10 <- 0xFFFF5000


mem[X,0x80017EE8] -> 0x0513
mem[X,0x80017EEA] -> 0xAFC5
[2358] [M]: 0x80017EE8 (0xAFC50513) addi a0, a0, 2812
x10 <- 0xFFFF4AFC


mem[X,0x80017EEC] -> 0x65B7
mem[X,0x80017EEE] -> 0x6666
[2359] [M]: 0x80017EEC (0x666665B7) lui a1, 419430
x11 <- 0x66666000


mem[X,0x80017EF0] -> 0x8593
mem[X,0x80017EF2] -> 0x6675
[2360] [M]: 0x80017EF0 (0x66758593) addi a1, a1, 1639
x11 <- 0x66666667


mem[X,0x80017EF4] -> 0x0213
mem[X,0x80017EF6] -> 0x0000
[2361] [M]: 0x80017EF4 (0x00000213) addi tp, zero, 0
x4 <- 0x00000000


mem[X,0x80017EF8] -> 0x006F
mem[X,0x80017EFA] -> 0x00C0
[2362] [M]: 0x80017EF8 (0x00C0006F) jal zero, 12


mem[X,0x80017F04] -> 0x1063
mem[X,0x80017F06] -> 0x02B5
[2363] [M]: 0x80017F04 (0x02B51063) bne a0, a1, 32


mem[X,0x80017F24] -> 0x0213
mem[X,0x80017F26] -> 0x0032
[2364] [M]: 0x80017F24 (0x00320213) addi tp, tp, 3
x4 <- 0x00000003


mem[X,0x80017F28] -> 0x006F
mem[X,0x80017F2A] -> 0x0040
[2365] [M]: 0x80017F28 (0x0040006F) jal zero, 4


mem[X,0x80017F2C] -> 0xAA23
mem[X,0x80017F2E] -> 0x3840
[2366] [M]: 0x80017F2C (0x3840AA23) sw tp, 916(ra)
mem[0x800395FC] <- 0x00000003


mem[X,0x80017F30] -> 0x5537
mem[X,0x80017F32] -> 0xFFFF
[2367] [M]: 0x80017F30 (0xFFFF5537) lui a0, 1048565
x10 <- 0xFFFF5000


mem[X,0x80017F34] -> 0x0513
mem[X,0x80017F36] -> 0xAFC5
[2368] [M]: 0x80017F34 (0xAFC50513) addi a0, a0, 2812
x10 <- 0xFFFF4AFC


mem[X,0x80017F38] -> 0x55B7
mem[X,0x80017F3A] -> 0xFFFF
[2369] [M]: 0x80017F38 (0xFFFF55B7) lui a1, 1048565
x11 <- 0xFFFF5000


mem[X,0x80017F3C] -> 0x8593
mem[X,0x80017F3E] -> 0xAFD5
[2370] [M]: 0x80017F3C (0xAFD58593) addi a1, a1, 2813
x11 <- 0xFFFF4AFD


mem[X,0x80017F40] -> 0x0213
mem[X,0x80017F42] -> 0x0000
[2371] [M]: 0x80017F40 (0x00000213) addi tp, zero, 0
x4 <- 0x00000000


mem[X,0x80017F44] -> 0x006F
mem[X,0x80017F46] -> 0x0100
[2372] [M]: 0x80017F44 (0x0100006F) jal zero, 16


mem[X,0x80017F54] -> 0x1AE3
mem[X,0x80017F56] -> 0xFEB5
[2373] [M]: 0x80017F54 (0xFEB51AE3) bne a0, a1, 8180


mem[X,0x80017F48] -> 0x0213
mem[X,0x80017F4A] -> 0x0012
[2374] [M]: 0x80017F48 (0x00120213) addi tp, tp, 1
x4 <- 0x00000001


mem[X,0x80017F4C] -> 0x006F
mem[X,0x80017F4E] -> 0x01C0
[2375] [M]: 0x80017F4C (0x01C0006F) jal zero, 28


mem[X,0x80017F68] -> 0xAC23
mem[X,0x80017F6A] -> 0x3840
[2376] [M]: 0x80017F68 (0x3840AC23) sw tp, 920(ra)
mem[0x80039600] <- 0x00000001


mem[X,0x80017F6C] -> 0x5537
mem[X,0x80017F6E] -> 0xFFFF
[2377] [M]: 0x80017F6C (0xFFFF5537) lui a0, 1048565
x10 <- 0xFFFF5000


mem[X,0x80017F70] -> 0x0513
mem[X,0x80017F72] -> 0xAFC5
[2378] [M]: 0x80017F70 (0xAFC50513) addi a0, a0, 2812
x10 <- 0xFFFF4AFC


mem[X,0x80017F74] -> 0xB5B7
mem[X,0x80017F76] -> 0x0000
[2379] [M]: 0x80017F74 (0x0000B5B7) lui a1, 11
x11 <- 0x0000B000


mem[X,0x80017F78] -> 0x8593
mem[X,0x80017F7A] -> 0x5055
[2380] [M]: 0x80017F78 (0x50558593) addi a1, a1, 1285
x11 <- 0x0000B505


mem[X,0x80017F7C] -> 0x0213
mem[X,0x80017F7E] -> 0x0000
[2381] [M]: 0x80017F7C (0x00000213) addi tp, zero, 0
x4 <- 0x00000000


mem[X,0x80017F80] -> 0x006F
mem[X,0x80017F82] -> 0x00C0
[2382] [M]: 0x80017F80 (0x00C0006F) jal zero, 12


mem[X,0x80017F8C] -> 0x1063
mem[X,0x80017F8E] -> 0x02B5
[2383] [M]: 0x80017F8C (0x02B51063) bne a0, a1, 32


mem[X,0x80017FAC] -> 0x0213
mem[X,0x80017FAE] -> 0x0032
[2384] [M]: 0x80017FAC (0x00320213) addi tp, tp, 3
x4 <- 0x00000003


mem[X,0x80017FB0] -> 0x006F
mem[X,0x80017FB2] -> 0x0040
[2385] [M]: 0x80017FB0 (0x0040006F) jal zero, 4


mem[X,0x80017FB4] -> 0xAE23
mem[X,0x80017FB6] -> 0x3840
[2386] [M]: 0x80017FB4 (0x3840AE23) sw tp, 924(ra)
mem[0x80039604] <- 0x00000003


mem[X,0x80017FB8] -> 0xB537
mem[X,0x80017FBA] -> 0x0000
[2387] [M]: 0x80017FB8 (0x0000B537) lui a0, 11
x10 <- 0x0000B000


mem[X,0x80017FBC] -> 0x0513
mem[X,0x80017FBE] -> 0x5045
[2388] [M]: 0x80017FBC (0x50450513) addi a0, a0, 1284
x10 <- 0x0000B504


mem[X,0x80017FC0] -> 0x0593
mem[X,0x80017FC2] -> 0x0030
[2389] [M]: 0x80017FC0 (0x00300593) addi a1, zero, 3
x11 <- 0x00000003


mem[X,0x80017FC4] -> 0x0213
mem[X,0x80017FC6] -> 0x0000
[2390] [M]: 0x80017FC4 (0x00000213) addi tp, zero, 0
x4 <- 0x00000000


mem[X,0x80017FC8] -> 0x006F
mem[X,0x80017FCA] -> 0x00C0
[2391] [M]: 0x80017FC8 (0x00C0006F) jal zero, 12


mem[X,0x80017FD4] -> 0x1063
mem[X,0x80017FD6] -> 0x40B5
[2392] [M]: 0x80017FD4 (0x40B51063) bne a0, a1, 1024


mem[X,0x800183D4] -> 0x0213
mem[X,0x800183D6] -> 0x0032
[2393] [M]: 0x800183D4 (0x00320213) addi tp, tp, 3
x4 <- 0x00000003


mem[X,0x800183D8] -> 0x006F
mem[X,0x800183DA] -> 0x0040
[2394] [M]: 0x800183D8 (0x0040006F) jal zero, 4


mem[X,0x800183DC] -> 0xA023
mem[X,0x800183DE] -> 0x3A40
[2395] [M]: 0x800183DC (0x3A40A023) sw tp, 928(ra)
mem[0x80039608] <- 0x00000003


mem[X,0x800183E0] -> 0xB537
mem[X,0x800183E2] -> 0x0000
[2396] [M]: 0x800183E0 (0x0000B537) lui a0, 11
x10 <- 0x0000B000


mem[X,0x800183E4] -> 0x0513
mem[X,0x800183E6] -> 0x5045
[2397] [M]: 0x800183E4 (0x50450513) addi a0, a0, 1284
x10 <- 0x0000B504


mem[X,0x800183E8] -> 0x55B7
mem[X,0x800183EA] -> 0x5555
[2398] [M]: 0x800183E8 (0x555555B7) lui a1, 349525
x11 <- 0x55555000


mem[X,0x800183EC] -> 0x8593
mem[X,0x800183EE] -> 0x5555
[2399] [M]: 0x800183EC (0x55558593) addi a1, a1, 1365
x11 <- 0x55555555


clint::tick mtime <- 0x0000000000000018
 clint timer pending at mtime 0x0000000000000018
htif::tick 0x0000000000000000
mem[X,0x800183F0] -> 0x0213
mem[X,0x800183F2] -> 0x0000
[2400] [M]: 0x800183F0 (0x00000213) addi tp, zero, 0
x4 <- 0x00000000


mem[X,0x800183F4] -> 0x006F
mem[X,0x800183F6] -> 0x00C0
[2401] [M]: 0x800183F4 (0x00C0006F) jal zero, 12


mem[X,0x80018400] -> 0x1063
mem[X,0x80018402] -> 0x04B5
[2402] [M]: 0x80018400 (0x04B51063) bne a0, a1, 64


mem[X,0x80018440] -> 0x0213
mem[X,0x80018442] -> 0x0032
[2403] [M]: 0x80018440 (0x00320213) addi tp, tp, 3
x4 <- 0x00000003


mem[X,0x80018444] -> 0x006F
mem[X,0x80018446] -> 0x0040
[2404] [M]: 0x80018444 (0x0040006F) jal zero, 4


mem[X,0x80018448] -> 0xA223
mem[X,0x8001844A] -> 0x3A40
[2405] [M]: 0x80018448 (0x3A40A223) sw tp, 932(ra)
mem[0x8003960C] <- 0x00000003


mem[X,0x8001844C] -> 0xB537
mem[X,0x8001844E] -> 0x0000
[2406] [M]: 0x8001844C (0x0000B537) lui a0, 11
x10 <- 0x0000B000


mem[X,0x80018450] -> 0x0513
mem[X,0x80018452] -> 0x5045
[2407] [M]: 0x80018450 (0x50450513) addi a0, a0, 1284
x10 <- 0x0000B504


mem[X,0x80018454] -> 0xB5B7
mem[X,0x80018456] -> 0xAAAA
[2408] [M]: 0x80018454 (0xAAAAB5B7) lui a1, 699051
x11 <- 0xAAAAB000


mem[X,0x80018458] -> 0x8593
mem[X,0x8001845A] -> 0xAAA5
[2409] [M]: 0x80018458 (0xAAA58593) addi a1, a1, 2730
x11 <- 0xAAAAAAAA


mem[X,0x8001845C] -> 0x0213
mem[X,0x8001845E] -> 0x0000
[2410] [M]: 0x8001845C (0x00000213) addi tp, zero, 0
x4 <- 0x00000000


mem[X,0x80018460] -> 0x006F
mem[X,0x80018462] -> 0x00C0
[2411] [M]: 0x80018460 (0x00C0006F) jal zero, 12


mem[X,0x8001846C] -> 0x1CE3
mem[X,0x8001846E] -> 0xFEB5
[2412] [M]: 0x8001846C (0xFEB51CE3) bne a0, a1, 8184


mem[X,0x80018464] -> 0x0213
mem[X,0x80018466] -> 0x0012
[2413] [M]: 0x80018464 (0x00120213) addi tp, tp, 1
x4 <- 0x00000001


mem[X,0x80018468] -> 0x006F
mem[X,0x8001846A] -> 0x0180
[2414] [M]: 0x80018468 (0x0180006F) jal zero, 24


mem[X,0x80018480] -> 0xA423
mem[X,0x80018482] -> 0x3A40
[2415] [M]: 0x80018480 (0x3A40A423) sw tp, 936(ra)
mem[0x80039610] <- 0x00000001


mem[X,0x80018484] -> 0xB537
mem[X,0x80018486] -> 0x0000
[2416] [M]: 0x80018484 (0x0000B537) lui a0, 11
x10 <- 0x0000B000


mem[X,0x80018488] -> 0x0513
mem[X,0x8001848A] -> 0x5045
[2417] [M]: 0x80018488 (0x50450513) addi a0, a0, 1284
x10 <- 0x0000B504


mem[X,0x8001848C] -> 0x0593
mem[X,0x8001848E] -> 0x0050
[2418] [M]: 0x8001848C (0x00500593) addi a1, zero, 5
x11 <- 0x00000005


mem[X,0x80018490] -> 0x0213
mem[X,0x80018492] -> 0x0000
[2419] [M]: 0x80018490 (0x00000213) addi tp, zero, 0
x4 <- 0x00000000


mem[X,0x80018494] -> 0x006F
mem[X,0x80018496] -> 0x0050
[2420] [M]: 0x80018494 (0x0050006F) jal zero, 2052


mem[X,0x80018C98] -> 0x10E3
mem[X,0x80018C9A] -> 0x80B5
[2421] [M]: 0x80018C98 (0x80B510E3) bne a0, a1, 6144


mem[X,0x80018498] -> 0x0213
mem[X,0x8001849A] -> 0x0012
[2422] [M]: 0x80018498 (0x00120213) addi tp, tp, 1
x4 <- 0x00000001


mem[X,0x8001849C] -> 0x006F
mem[X,0x8001849E] -> 0x0110
[2423] [M]: 0x8001849C (0x0110006F) jal zero, 2064


mem[X,0x80018CAC] -> 0xA623
mem[X,0x80018CAE] -> 0x3A40
[2424] [M]: 0x80018CAC (0x3A40A623) sw tp, 940(ra)
mem[0x80039614] <- 0x00000001


mem[X,0x80018CB0] -> 0xB537
mem[X,0x80018CB2] -> 0x0000
[2425] [M]: 0x80018CB0 (0x0000B537) lui a0, 11
x10 <- 0x0000B000


mem[X,0x80018CB4] -> 0x0513
mem[X,0x80018CB6] -> 0x5045
[2426] [M]: 0x80018CB4 (0x50450513) addi a0, a0, 1284
x10 <- 0x0000B504


mem[X,0x80018CB8] -> 0x35B7
mem[X,0x80018CBA] -> 0x3333
[2427] [M]: 0x80018CB8 (0x333335B7) lui a1, 209715
x11 <- 0x33333000


mem[X,0x80018CBC] -> 0x8593
mem[X,0x80018CBE] -> 0x3335
[2428] [M]: 0x80018CBC (0x33358593) addi a1, a1, 819
x11 <- 0x33333333


mem[X,0x80018CC0] -> 0x0213
mem[X,0x80018CC2] -> 0x0000
[2429] [M]: 0x80018CC0 (0x00000213) addi tp, zero, 0
x4 <- 0x00000000


mem[X,0x80018CC4] -> 0x006F
mem[X,0x80018CC6] -> 0x0050
[2430] [M]: 0x80018CC4 (0x0050006F) jal zero, 2052


mem[X,0x800194C8] -> 0x10E3
mem[X,0x800194CA] -> 0x80B5
[2431] [M]: 0x800194C8 (0x80B510E3) bne a0, a1, 6144


mem[X,0x80018CC8] -> 0x0213
mem[X,0x80018CCA] -> 0x0012
[2432] [M]: 0x80018CC8 (0x00120213) addi tp, tp, 1
x4 <- 0x00000001


mem[X,0x80018CCC] -> 0x006F
mem[X,0x80018CCE] -> 0x0110
[2433] [M]: 0x80018CCC (0x0110006F) jal zero, 2064


mem[X,0x800194DC] -> 0xA823
mem[X,0x800194DE] -> 0x3A40
[2434] [M]: 0x800194DC (0x3A40A823) sw tp, 944(ra)
mem[0x80039618] <- 0x00000001


mem[X,0x800194E0] -> 0xB537
mem[X,0x800194E2] -> 0x0000
[2435] [M]: 0x800194E0 (0x0000B537) lui a0, 11
x10 <- 0x0000B000


mem[X,0x800194E4] -> 0x0513
mem[X,0x800194E6] -> 0x5045
[2436] [M]: 0x800194E4 (0x50450513) addi a0, a0, 1284
x10 <- 0x0000B504


mem[X,0x800194E8] -> 0x65B7
mem[X,0x800194EA] -> 0x6666
[2437] [M]: 0x800194E8 (0x666665B7) lui a1, 419430
x11 <- 0x66666000


mem[X,0x800194EC] -> 0x8593
mem[X,0x800194EE] -> 0x6665
[2438] [M]: 0x800194EC (0x66658593) addi a1, a1, 1638
x11 <- 0x66666666


mem[X,0x800194F0] -> 0x0213
mem[X,0x800194F2] -> 0x0000
[2439] [M]: 0x800194F0 (0x00000213) addi tp, zero, 0
x4 <- 0x00000000


mem[X,0x800194F4] -> 0x006F
mem[X,0x800194F6] -> 0x00C0
[2440] [M]: 0x800194F4 (0x00C0006F) jal zero, 12


mem[X,0x80019500] -> 0x1863
mem[X,0x80019502] -> 0x00B5
[2441] [M]: 0x80019500 (0x00B51863) bne a0, a1, 16


mem[X,0x80019510] -> 0x0213
mem[X,0x80019512] -> 0x0032
[2442] [M]: 0x80019510 (0x00320213) addi tp, tp, 3
x4 <- 0x00000003


mem[X,0x80019514] -> 0x006F
mem[X,0x80019516] -> 0x0040
[2443] [M]: 0x80019514 (0x0040006F) jal zero, 4


mem[X,0x80019518] -> 0xAA23
mem[X,0x8001951A] -> 0x3A40
[2444] [M]: 0x80019518 (0x3A40AA23) sw tp, 948(ra)
mem[0x8003961C] <- 0x00000003


mem[X,0x8001951C] -> 0xB537
mem[X,0x8001951E] -> 0x0000
[2445] [M]: 0x8001951C (0x0000B537) lui a0, 11
x10 <- 0x0000B000


mem[X,0x80019520] -> 0x0513
mem[X,0x80019522] -> 0x5045
[2446] [M]: 0x80019520 (0x50450513) addi a0, a0, 1284
x10 <- 0x0000B504


mem[X,0x80019524] -> 0x55B7
mem[X,0x80019526] -> 0xFFFF
[2447] [M]: 0x80019524 (0xFFFF55B7) lui a1, 1048565
x11 <- 0xFFFF5000


mem[X,0x80019528] -> 0x8593
mem[X,0x8001952A] -> 0xAFC5
[2448] [M]: 0x80019528 (0xAFC58593) addi a1, a1, 2812
x11 <- 0xFFFF4AFC


mem[X,0x8001952C] -> 0x0213
mem[X,0x8001952E] -> 0x0000
[2449] [M]: 0x8001952C (0x00000213) addi tp, zero, 0
x4 <- 0x00000000


mem[X,0x80019530] -> 0x006F
mem[X,0x80019532] -> 0x0050
[2450] [M]: 0x80019530 (0x0050006F) jal zero, 2052


mem[X,0x80019D34] -> 0x10E3
mem[X,0x80019D36] -> 0x80B5
[2451] [M]: 0x80019D34 (0x80B510E3) bne a0, a1, 6144


mem[X,0x80019534] -> 0x0213
mem[X,0x80019536] -> 0x0012
[2452] [M]: 0x80019534 (0x00120213) addi tp, tp, 1
x4 <- 0x00000001


mem[X,0x80019538] -> 0x006F
mem[X,0x8001953A] -> 0x0110
[2453] [M]: 0x80019538 (0x0110006F) jal zero, 2064


mem[X,0x80019D48] -> 0xAC23
mem[X,0x80019D4A] -> 0x3A40
[2454] [M]: 0x80019D48 (0x3A40AC23) sw tp, 952(ra)
mem[0x80039620] <- 0x00000001


mem[X,0x80019D4C] -> 0xB537
mem[X,0x80019D4E] -> 0x0000
[2455] [M]: 0x80019D4C (0x0000B537) lui a0, 11
x10 <- 0x0000B000


mem[X,0x80019D50] -> 0x0513
mem[X,0x80019D52] -> 0x5045
[2456] [M]: 0x80019D50 (0x50450513) addi a0, a0, 1284
x10 <- 0x0000B504


mem[X,0x80019D54] -> 0xB5B7
mem[X,0x80019D56] -> 0x0000
[2457] [M]: 0x80019D54 (0x0000B5B7) lui a1, 11
x11 <- 0x0000B000


mem[X,0x80019D58] -> 0x8593
mem[X,0x80019D5A] -> 0x5045
[2458] [M]: 0x80019D58 (0x50458593) addi a1, a1, 1284
x11 <- 0x0000B504


mem[X,0x80019D5C] -> 0x0213
mem[X,0x80019D5E] -> 0x0000
[2459] [M]: 0x80019D5C (0x00000213) addi tp, zero, 0
x4 <- 0x00000000


mem[X,0x80019D60] -> 0x006F
mem[X,0x80019D62] -> 0x0180
[2460] [M]: 0x80019D60 (0x0180006F) jal zero, 24


mem[X,0x80019D78] -> 0x16E3
mem[X,0x80019D7A] -> 0xFEB5
[2461] [M]: 0x80019D78 (0xFEB516E3) bne a0, a1, 8172


mem[X,0x80019D7C] -> 0x0213
mem[X,0x80019D7E] -> 0x0022
[2462] [M]: 0x80019D7C (0x00220213) addi tp, tp, 2
x4 <- 0x00000002


mem[X,0x80019D80] -> 0x006F
mem[X,0x80019D82] -> 0x00C0
[2463] [M]: 0x80019D80 (0x00C0006F) jal zero, 12


mem[X,0x80019D8C] -> 0xAE23
mem[X,0x80019D8E] -> 0x3A40
[2464] [M]: 0x80019D8C (0x3A40AE23) sw tp, 956(ra)
mem[0x80039624] <- 0x00000002


mem[X,0x80019D90] -> 0xB537
mem[X,0x80019D92] -> 0x0000
[2465] [M]: 0x80019D90 (0x0000B537) lui a0, 11
x10 <- 0x0000B000


mem[X,0x80019D94] -> 0x0513
mem[X,0x80019D96] -> 0x5045
[2466] [M]: 0x80019D94 (0x50450513) addi a0, a0, 1284
x10 <- 0x0000B504


mem[X,0x80019D98] -> 0x0593
mem[X,0x80019D9A] -> 0x0020
[2467] [M]: 0x80019D98 (0x00200593) addi a1, zero, 2
x11 <- 0x00000002


mem[X,0x80019D9C] -> 0x0213
mem[X,0x80019D9E] -> 0x0000
[2468] [M]: 0x80019D9C (0x00000213) addi tp, zero, 0
x4 <- 0x00000000


mem[X,0x80019DA0] -> 0x006F
mem[X,0x80019DA2] -> 0x00C0
[2469] [M]: 0x80019DA0 (0x00C0006F) jal zero, 12


mem[X,0x80019DAC] -> 0x1063
mem[X,0x80019DAE] -> 0x40B5
[2470] [M]: 0x80019DAC (0x40B51063) bne a0, a1, 1024


mem[X,0x8001A1AC] -> 0x0213
mem[X,0x8001A1AE] -> 0x0032
[2471] [M]: 0x8001A1AC (0x00320213) addi tp, tp, 3
x4 <- 0x00000003


mem[X,0x8001A1B0] -> 0x006F
mem[X,0x8001A1B2] -> 0x0040
[2472] [M]: 0x8001A1B0 (0x0040006F) jal zero, 4


mem[X,0x8001A1B4] -> 0xA023
mem[X,0x8001A1B6] -> 0x3C40
[2473] [M]: 0x8001A1B4 (0x3C40A023) sw tp, 960(ra)
mem[0x80039628] <- 0x00000003


mem[X,0x8001A1B8] -> 0xB537
mem[X,0x8001A1BA] -> 0x0000
[2474] [M]: 0x8001A1B8 (0x0000B537) lui a0, 11
x10 <- 0x0000B000


mem[X,0x8001A1BC] -> 0x0513
mem[X,0x8001A1BE] -> 0x5045
[2475] [M]: 0x8001A1BC (0x50450513) addi a0, a0, 1284
x10 <- 0x0000B504


mem[X,0x8001A1C0] -> 0x55B7
mem[X,0x8001A1C2] -> 0x5555
[2476] [M]: 0x8001A1C0 (0x555555B7) lui a1, 349525
x11 <- 0x55555000


mem[X,0x8001A1C4] -> 0x8593
mem[X,0x8001A1C6] -> 0x5545
[2477] [M]: 0x8001A1C4 (0x55458593) addi a1, a1, 1364
x11 <- 0x55555554


mem[X,0x8001A1C8] -> 0x0213
mem[X,0x8001A1CA] -> 0x0000
[2478] [M]: 0x8001A1C8 (0x00000213) addi tp, zero, 0
x4 <- 0x00000000


mem[X,0x8001A1CC] -> 0x006F
mem[X,0x8001A1CE] -> 0x00C0
[2479] [M]: 0x8001A1CC (0x00C0006F) jal zero, 12


mem[X,0x8001A1D8] -> 0x1063
mem[X,0x8001A1DA] -> 0x04B5
[2480] [M]: 0x8001A1D8 (0x04B51063) bne a0, a1, 64


mem[X,0x8001A218] -> 0x0213
mem[X,0x8001A21A] -> 0x0032
[2481] [M]: 0x8001A218 (0x00320213) addi tp, tp, 3
x4 <- 0x00000003


mem[X,0x8001A21C] -> 0x006F
mem[X,0x8001A21E] -> 0x0040
[2482] [M]: 0x8001A21C (0x0040006F) jal zero, 4


mem[X,0x8001A220] -> 0xA223
mem[X,0x8001A222] -> 0x3C40
[2483] [M]: 0x8001A220 (0x3C40A223) sw tp, 964(ra)
mem[0x8003962C] <- 0x00000003


mem[X,0x8001A224] -> 0xB537
mem[X,0x8001A226] -> 0x0000
[2484] [M]: 0x8001A224 (0x0000B537) lui a0, 11
x10 <- 0x0000B000


mem[X,0x8001A228] -> 0x0513
mem[X,0x8001A22A] -> 0x5045
[2485] [M]: 0x8001A228 (0x50450513) addi a0, a0, 1284
x10 <- 0x0000B504


mem[X,0x8001A22C] -> 0x0593
mem[X,0x8001A22E] -> 0x0000
[2486] [M]: 0x8001A22C (0x00000593) addi a1, zero, 0
x11 <- 0x00000000


mem[X,0x8001A230] -> 0x0213
mem[X,0x8001A232] -> 0x0000
[2487] [M]: 0x8001A230 (0x00000213) addi tp, zero, 0
x4 <- 0x00000000


mem[X,0x8001A234] -> 0x006F
mem[X,0x8001A236] -> 0x00C0
[2488] [M]: 0x8001A234 (0x00C0006F) jal zero, 12


mem[X,0x8001A240] -> 0x1063
mem[X,0x8001A242] -> 0x40B5
[2489] [M]: 0x8001A240 (0x40B51063) bne a0, a1, 1024


mem[X,0x8001A640] -> 0x0213
mem[X,0x8001A642] -> 0x0032
[2490] [M]: 0x8001A640 (0x00320213) addi tp, tp, 3
x4 <- 0x00000003


mem[X,0x8001A644] -> 0x006F
mem[X,0x8001A646] -> 0x0040
[2491] [M]: 0x8001A644 (0x0040006F) jal zero, 4


mem[X,0x8001A648] -> 0xA423
mem[X,0x8001A64A] -> 0x3C40
[2492] [M]: 0x8001A648 (0x3C40A423) sw tp, 968(ra)
mem[0x80039630] <- 0x00000003


mem[X,0x8001A64C] -> 0xB537
mem[X,0x8001A64E] -> 0x0000
[2493] [M]: 0x8001A64C (0x0000B537) lui a0, 11
x10 <- 0x0000B000


mem[X,0x8001A650] -> 0x0513
mem[X,0x8001A652] -> 0x5045
[2494] [M]: 0x8001A650 (0x50450513) addi a0, a0, 1284
x10 <- 0x0000B504


mem[X,0x8001A654] -> 0x0593
mem[X,0x8001A656] -> 0x0040
[2495] [M]: 0x8001A654 (0x00400593) addi a1, zero, 4
x11 <- 0x00000004


mem[X,0x8001A658] -> 0x0213
mem[X,0x8001A65A] -> 0x0000
[2496] [M]: 0x8001A658 (0x00000213) addi tp, zero, 0
x4 <- 0x00000000


mem[X,0x8001A65C] -> 0x006F
mem[X,0x8001A65E] -> 0x00C0
[2497] [M]: 0x8001A65C (0x00C0006F) jal zero, 12


mem[X,0x8001A668] -> 0x1063
mem[X,0x8001A66A] -> 0x08B5
[2498] [M]: 0x8001A668 (0x08B51063) bne a0, a1, 128


mem[X,0x8001A6E8] -> 0x0213
mem[X,0x8001A6EA] -> 0x0032
[2499] [M]: 0x8001A6E8 (0x00320213) addi tp, tp, 3
x4 <- 0x00000003


clint::tick mtime <- 0x0000000000000019
 clint timer pending at mtime 0x0000000000000019
htif::tick 0x0000000000000000
mem[X,0x8001A6EC] -> 0x006F
mem[X,0x8001A6EE] -> 0x0040
[2500] [M]: 0x8001A6EC (0x0040006F) jal zero, 4


mem[X,0x8001A6F0] -> 0xA623
mem[X,0x8001A6F2] -> 0x3C40
[2501] [M]: 0x8001A6F0 (0x3C40A623) sw tp, 972(ra)
mem[0x80039634] <- 0x00000003


mem[X,0x8001A6F4] -> 0xB537
mem[X,0x8001A6F6] -> 0x0000
[2502] [M]: 0x8001A6F4 (0x0000B537) lui a0, 11
x10 <- 0x0000B000


mem[X,0x8001A6F8] -> 0x0513
mem[X,0x8001A6FA] -> 0x5045
[2503] [M]: 0x8001A6F8 (0x50450513) addi a0, a0, 1284
x10 <- 0x0000B504


mem[X,0x8001A6FC] -> 0x35B7
mem[X,0x8001A6FE] -> 0x3333
[2504] [M]: 0x8001A6FC (0x333335B7) lui a1, 209715
x11 <- 0x33333000


mem[X,0x8001A700] -> 0x8593
mem[X,0x8001A702] -> 0x3325
[2505] [M]: 0x8001A700 (0x33258593) addi a1, a1, 818
x11 <- 0x33333332


mem[X,0x8001A704] -> 0x0213
mem[X,0x8001A706] -> 0x0000
[2506] [M]: 0x8001A704 (0x00000213) addi tp, zero, 0
x4 <- 0x00000000


mem[X,0x8001A708] -> 0x006F
mem[X,0x8001A70A] -> 0x00C0
[2507] [M]: 0x8001A708 (0x00C0006F) jal zero, 12


mem[X,0x8001A714] -> 0x1663
mem[X,0x8001A716] -> 0x00B5
[2508] [M]: 0x8001A714 (0x00B51663) bne a0, a1, 12


mem[X,0x8001A720] -> 0x0213
mem[X,0x8001A722] -> 0x0032
[2509] [M]: 0x8001A720 (0x00320213) addi tp, tp, 3
x4 <- 0x00000003


mem[X,0x8001A724] -> 0x006F
mem[X,0x8001A726] -> 0x0040
[2510] [M]: 0x8001A724 (0x0040006F) jal zero, 4


mem[X,0x8001A728] -> 0xA823
mem[X,0x8001A72A] -> 0x3C40
[2511] [M]: 0x8001A728 (0x3C40A823) sw tp, 976(ra)
mem[0x80039638] <- 0x00000003


mem[X,0x8001A72C] -> 0xB537
mem[X,0x8001A72E] -> 0x0000
[2512] [M]: 0x8001A72C (0x0000B537) lui a0, 11
x10 <- 0x0000B000


mem[X,0x8001A730] -> 0x0513
mem[X,0x8001A732] -> 0x5045
[2513] [M]: 0x8001A730 (0x50450513) addi a0, a0, 1284
x10 <- 0x0000B504


mem[X,0x8001A734] -> 0x65B7
mem[X,0x8001A736] -> 0x6666
[2514] [M]: 0x8001A734 (0x666665B7) lui a1, 419430
x11 <- 0x66666000


mem[X,0x8001A738] -> 0x8593
mem[X,0x8001A73A] -> 0x6655
[2515] [M]: 0x8001A738 (0x66558593) addi a1, a1, 1637
x11 <- 0x66666665


mem[X,0x8001A73C] -> 0x0213
mem[X,0x8001A73E] -> 0x0000
[2516] [M]: 0x8001A73C (0x00000213) addi tp, zero, 0
x4 <- 0x00000000


mem[X,0x8001A740] -> 0x006F
mem[X,0x8001A742] -> 0x00C0
[2517] [M]: 0x8001A740 (0x00C0006F) jal zero, 12


mem[X,0x8001A74C] -> 0x1663
mem[X,0x8001A74E] -> 0x00B5
[2518] [M]: 0x8001A74C (0x00B51663) bne a0, a1, 12


mem[X,0x8001A758] -> 0x0213
mem[X,0x8001A75A] -> 0x0032
[2519] [M]: 0x8001A758 (0x00320213) addi tp, tp, 3
x4 <- 0x00000003


mem[X,0x8001A75C] -> 0x006F
mem[X,0x8001A75E] -> 0x0040
[2520] [M]: 0x8001A75C (0x0040006F) jal zero, 4


mem[X,0x8001A760] -> 0xAA23
mem[X,0x8001A762] -> 0x3C40
[2521] [M]: 0x8001A760 (0x3C40AA23) sw tp, 980(ra)
mem[0x8003963C] <- 0x00000003


mem[X,0x8001A764] -> 0xB537
mem[X,0x8001A766] -> 0x0000
[2522] [M]: 0x8001A764 (0x0000B537) lui a0, 11
x10 <- 0x0000B000


mem[X,0x8001A768] -> 0x0513
mem[X,0x8001A76A] -> 0x5045
[2523] [M]: 0x8001A768 (0x50450513) addi a0, a0, 1284
x10 <- 0x0000B504


mem[X,0x8001A76C] -> 0xB5B7
mem[X,0x8001A76E] -> 0x0000
[2524] [M]: 0x8001A76C (0x0000B5B7) lui a1, 11
x11 <- 0x0000B000


mem[X,0x8001A770] -> 0x8593
mem[X,0x8001A772] -> 0x5035
[2525] [M]: 0x8001A770 (0x50358593) addi a1, a1, 1283
x11 <- 0x0000B503


mem[X,0x8001A774] -> 0x0213
mem[X,0x8001A776] -> 0x0000
[2526] [M]: 0x8001A774 (0x00000213) addi tp, zero, 0
x4 <- 0x00000000


mem[X,0x8001A778] -> 0x006F
mem[X,0x8001A77A] -> 0x00C0
[2527] [M]: 0x8001A778 (0x00C0006F) jal zero, 12


mem[X,0x8001A784] -> 0x1663
mem[X,0x8001A786] -> 0x00B5
[2528] [M]: 0x8001A784 (0x00B51663) bne a0, a1, 12


mem[X,0x8001A790] -> 0x0213
mem[X,0x8001A792] -> 0x0032
[2529] [M]: 0x8001A790 (0x00320213) addi tp, tp, 3
x4 <- 0x00000003


mem[X,0x8001A794] -> 0x006F
mem[X,0x8001A796] -> 0x0040
[2530] [M]: 0x8001A794 (0x0040006F) jal zero, 4


mem[X,0x8001A798] -> 0xAC23
mem[X,0x8001A79A] -> 0x3C40
[2531] [M]: 0x8001A798 (0x3C40AC23) sw tp, 984(ra)
mem[0x80039640] <- 0x00000003


mem[X,0x8001A79C] -> 0xB537
mem[X,0x8001A79E] -> 0x0000
[2532] [M]: 0x8001A79C (0x0000B537) lui a0, 11
x10 <- 0x0000B000


mem[X,0x8001A7A0] -> 0x0513
mem[X,0x8001A7A2] -> 0x5045
[2533] [M]: 0x8001A7A0 (0x50450513) addi a0, a0, 1284
x10 <- 0x0000B504


mem[X,0x8001A7A4] -> 0x55B7
mem[X,0x8001A7A6] -> 0x5555
[2534] [M]: 0x8001A7A4 (0x555555B7) lui a1, 349525
x11 <- 0x55555000


mem[X,0x8001A7A8] -> 0x8593
mem[X,0x8001A7AA] -> 0x5565
[2535] [M]: 0x8001A7A8 (0x55658593) addi a1, a1, 1366
x11 <- 0x55555556


mem[X,0x8001A7AC] -> 0x0213
mem[X,0x8001A7AE] -> 0x0000
[2536] [M]: 0x8001A7AC (0x00000213) addi tp, zero, 0
x4 <- 0x00000000


mem[X,0x8001A7B0] -> 0x006F
mem[X,0x8001A7B2] -> 0x00C0
[2537] [M]: 0x8001A7B0 (0x00C0006F) jal zero, 12


mem[X,0x8001A7BC] -> 0x1663
mem[X,0x8001A7BE] -> 0x00B5
[2538] [M]: 0x8001A7BC (0x00B51663) bne a0, a1, 12


mem[X,0x8001A7C8] -> 0x0213
mem[X,0x8001A7CA] -> 0x0032
[2539] [M]: 0x8001A7C8 (0x00320213) addi tp, tp, 3
x4 <- 0x00000003


mem[X,0x8001A7CC] -> 0x006F
mem[X,0x8001A7CE] -> 0x0040
[2540] [M]: 0x8001A7CC (0x0040006F) jal zero, 4


mem[X,0x8001A7D0] -> 0xAE23
mem[X,0x8001A7D2] -> 0x3C40
[2541] [M]: 0x8001A7D0 (0x3C40AE23) sw tp, 988(ra)
mem[0x80039644] <- 0x00000003


mem[X,0x8001A7D4] -> 0xB537
mem[X,0x8001A7D6] -> 0x0000
[2542] [M]: 0x8001A7D4 (0x0000B537) lui a0, 11
x10 <- 0x0000B000


mem[X,0x8001A7D8] -> 0x0513
mem[X,0x8001A7DA] -> 0x5045
[2543] [M]: 0x8001A7D8 (0x50450513) addi a0, a0, 1284
x10 <- 0x0000B504


mem[X,0x8001A7DC] -> 0xB5B7
mem[X,0x8001A7DE] -> 0xAAAA
[2544] [M]: 0x8001A7DC (0xAAAAB5B7) lui a1, 699051
x11 <- 0xAAAAB000


mem[X,0x8001A7E0] -> 0x8593
mem[X,0x8001A7E2] -> 0xAAB5
[2545] [M]: 0x8001A7E0 (0xAAB58593) addi a1, a1, 2731
x11 <- 0xAAAAAAAB


mem[X,0x8001A7E4] -> 0x0213
mem[X,0x8001A7E6] -> 0x0000
[2546] [M]: 0x8001A7E4 (0x00000213) addi tp, zero, 0
x4 <- 0x00000000


mem[X,0x8001A7E8] -> 0x006F
mem[X,0x8001A7EA] -> 0x00C0
[2547] [M]: 0x8001A7E8 (0x00C0006F) jal zero, 12


mem[X,0x8001A7F4] -> 0x1CE3
mem[X,0x8001A7F6] -> 0xFEB5
[2548] [M]: 0x8001A7F4 (0xFEB51CE3) bne a0, a1, 8184


mem[X,0x8001A7EC] -> 0x0213
mem[X,0x8001A7EE] -> 0x0012
[2549] [M]: 0x8001A7EC (0x00120213) addi tp, tp, 1
x4 <- 0x00000001


mem[X,0x8001A7F0] -> 0x006F
mem[X,0x8001A7F2] -> 0x0180
[2550] [M]: 0x8001A7F0 (0x0180006F) jal zero, 24


mem[X,0x8001A808] -> 0xA023
mem[X,0x8001A80A] -> 0x3E40
[2551] [M]: 0x8001A808 (0x3E40A023) sw tp, 992(ra)
mem[0x80039648] <- 0x00000001


mem[X,0x8001A80C] -> 0xB537
mem[X,0x8001A80E] -> 0x0000
[2552] [M]: 0x8001A80C (0x0000B537) lui a0, 11
x10 <- 0x0000B000


mem[X,0x8001A810] -> 0x0513
mem[X,0x8001A812] -> 0x5045
[2553] [M]: 0x8001A810 (0x50450513) addi a0, a0, 1284
x10 <- 0x0000B504


mem[X,0x8001A814] -> 0x0593
mem[X,0x8001A816] -> 0x0060
[2554] [M]: 0x8001A814 (0x00600593) addi a1, zero, 6
x11 <- 0x00000006


mem[X,0x8001A818] -> 0x0213
mem[X,0x8001A81A] -> 0x0000
[2555] [M]: 0x8001A818 (0x00000213) addi tp, zero, 0
x4 <- 0x00000000


mem[X,0x8001A81C] -> 0x006F
mem[X,0x8001A81E] -> 0x0180
[2556] [M]: 0x8001A81C (0x0180006F) jal zero, 24


mem[X,0x8001A834] -> 0x16E3
mem[X,0x8001A836] -> 0xFEB5
[2557] [M]: 0x8001A834 (0xFEB516E3) bne a0, a1, 8172


mem[X,0x8001A820] -> 0x0213
mem[X,0x8001A822] -> 0x0012
[2558] [M]: 0x8001A820 (0x00120213) addi tp, tp, 1
x4 <- 0x00000001


mem[X,0x8001A824] -> 0x006F
mem[X,0x8001A826] -> 0x0240
[2559] [M]: 0x8001A824 (0x0240006F) jal zero, 36


mem[X,0x8001A848] -> 0xA223
mem[X,0x8001A84A] -> 0x3E40
[2560] [M]: 0x8001A848 (0x3E40A223) sw tp, 996(ra)
mem[0x8003964C] <- 0x00000001


mem[X,0x8001A84C] -> 0xB537
mem[X,0x8001A84E] -> 0x0000
[2561] [M]: 0x8001A84C (0x0000B537) lui a0, 11
x10 <- 0x0000B000


mem[X,0x8001A850] -> 0x0513
mem[X,0x8001A852] -> 0x5045
[2562] [M]: 0x8001A850 (0x50450513) addi a0, a0, 1284
x10 <- 0x0000B504


mem[X,0x8001A854] -> 0x35B7
mem[X,0x8001A856] -> 0x3333
[2563] [M]: 0x8001A854 (0x333335B7) lui a1, 209715
x11 <- 0x33333000


mem[X,0x8001A858] -> 0x8593
mem[X,0x8001A85A] -> 0x3345
[2564] [M]: 0x8001A858 (0x33458593) addi a1, a1, 820
x11 <- 0x33333334


mem[X,0x8001A85C] -> 0x0213
mem[X,0x8001A85E] -> 0x0000
[2565] [M]: 0x8001A85C (0x00000213) addi tp, zero, 0
x4 <- 0x00000000


mem[X,0x8001A860] -> 0x006F
mem[X,0x8001A862] -> 0x00C0
[2566] [M]: 0x8001A860 (0x00C0006F) jal zero, 12


mem[X,0x8001A86C] -> 0x1663
mem[X,0x8001A86E] -> 0x00B5
[2567] [M]: 0x8001A86C (0x00B51663) bne a0, a1, 12


mem[X,0x8001A878] -> 0x0213
mem[X,0x8001A87A] -> 0x0032
[2568] [M]: 0x8001A878 (0x00320213) addi tp, tp, 3
x4 <- 0x00000003


mem[X,0x8001A87C] -> 0x006F
mem[X,0x8001A87E] -> 0x0040
[2569] [M]: 0x8001A87C (0x0040006F) jal zero, 4


mem[X,0x8001A880] -> 0xA423
mem[X,0x8001A882] -> 0x3E40
[2570] [M]: 0x8001A880 (0x3E40A423) sw tp, 1000(ra)
mem[0x80039650] <- 0x00000003


mem[X,0x8001A884] -> 0xB537
mem[X,0x8001A886] -> 0x0000
[2571] [M]: 0x8001A884 (0x0000B537) lui a0, 11
x10 <- 0x0000B000


mem[X,0x8001A888] -> 0x0513
mem[X,0x8001A88A] -> 0x5045
[2572] [M]: 0x8001A888 (0x50450513) addi a0, a0, 1284
x10 <- 0x0000B504


mem[X,0x8001A88C] -> 0x65B7
mem[X,0x8001A88E] -> 0x6666
[2573] [M]: 0x8001A88C (0x666665B7) lui a1, 419430
x11 <- 0x66666000


mem[X,0x8001A890] -> 0x8593
mem[X,0x8001A892] -> 0x6675
[2574] [M]: 0x8001A890 (0x66758593) addi a1, a1, 1639
x11 <- 0x66666667


mem[X,0x8001A894] -> 0x0213
mem[X,0x8001A896] -> 0x0000
[2575] [M]: 0x8001A894 (0x00000213) addi tp, zero, 0
x4 <- 0x00000000


mem[X,0x8001A898] -> 0x006F
mem[X,0x8001A89A] -> 0x2B10
[2576] [M]: 0x8001A898 (0x2B10006F) jal zero, 2736


mem[X,0x8001B348] -> 0x1A63
mem[X,0x8001B34A] -> 0xD4B5
[2577] [M]: 0x8001B348 (0xD4B51A63) bne a0, a1, 5460


mem[X,0x8001A89C] -> 0x0213
mem[X,0x8001A89E] -> 0x0012
[2578] [M]: 0x8001A89C (0x00120213) addi tp, tp, 1
x4 <- 0x00000001


mem[X,0x8001A8A0] -> 0x006F
mem[X,0x8001A8A2] -> 0x2BD0
[2579] [M]: 0x8001A8A0 (0x2BD0006F) jal zero, 2748


mem[X,0x8001B35C] -> 0xA623
mem[X,0x8001B35E] -> 0x3E40
[2580] [M]: 0x8001B35C (0x3E40A623) sw tp, 1004(ra)
mem[0x80039654] <- 0x00000001


mem[X,0x8001B360] -> 0xB537
mem[X,0x8001B362] -> 0x0000
[2581] [M]: 0x8001B360 (0x0000B537) lui a0, 11
x10 <- 0x0000B000


mem[X,0x8001B364] -> 0x0513
mem[X,0x8001B366] -> 0x5045
[2582] [M]: 0x8001B364 (0x50450513) addi a0, a0, 1284
x10 <- 0x0000B504


mem[X,0x8001B368] -> 0x55B7
mem[X,0x8001B36A] -> 0xFFFF
[2583] [M]: 0x8001B368 (0xFFFF55B7) lui a1, 1048565
x11 <- 0xFFFF5000


mem[X,0x8001B36C] -> 0x8593
mem[X,0x8001B36E] -> 0xAFD5
[2584] [M]: 0x8001B36C (0xAFD58593) addi a1, a1, 2813
x11 <- 0xFFFF4AFD


mem[X,0x8001B370] -> 0x0213
mem[X,0x8001B372] -> 0x0000
[2585] [M]: 0x8001B370 (0x00000213) addi tp, zero, 0
x4 <- 0x00000000


mem[X,0x8001B374] -> 0x006F
mem[X,0x8001B376] -> 0x00C0
[2586] [M]: 0x8001B374 (0x00C0006F) jal zero, 12


mem[X,0x8001B380] -> 0x1663
mem[X,0x8001B382] -> 0x00B5
[2587] [M]: 0x8001B380 (0x00B51663) bne a0, a1, 12


mem[X,0x8001B38C] -> 0x0213
mem[X,0x8001B38E] -> 0x0032
[2588] [M]: 0x8001B38C (0x00320213) addi tp, tp, 3
x4 <- 0x00000003


mem[X,0x8001B390] -> 0x006F
mem[X,0x8001B392] -> 0x0040
[2589] [M]: 0x8001B390 (0x0040006F) jal zero, 4


mem[X,0x8001B394] -> 0xA823
mem[X,0x8001B396] -> 0x3E40
[2590] [M]: 0x8001B394 (0x3E40A823) sw tp, 1008(ra)
mem[0x80039658] <- 0x00000003


mem[X,0x8001B398] -> 0xB537
mem[X,0x8001B39A] -> 0x0000
[2591] [M]: 0x8001B398 (0x0000B537) lui a0, 11
x10 <- 0x0000B000


mem[X,0x8001B39C] -> 0x0513
mem[X,0x8001B39E] -> 0x5045
[2592] [M]: 0x8001B39C (0x50450513) addi a0, a0, 1284
x10 <- 0x0000B504


mem[X,0x8001B3A0] -> 0xB5B7
mem[X,0x8001B3A2] -> 0x0000
[2593] [M]: 0x8001B3A0 (0x0000B5B7) lui a1, 11
x11 <- 0x0000B000


mem[X,0x8001B3A4] -> 0x8593
mem[X,0x8001B3A6] -> 0x5055
[2594] [M]: 0x8001B3A4 (0x50558593) addi a1, a1, 1285
x11 <- 0x0000B505


mem[X,0x8001B3A8] -> 0x0213
mem[X,0x8001B3AA] -> 0x0000
[2595] [M]: 0x8001B3A8 (0x00000213) addi tp, zero, 0
x4 <- 0x00000000


mem[X,0x8001B3AC] -> 0x006F
mem[X,0x8001B3AE] -> 0x00C0
[2596] [M]: 0x8001B3AC (0x00C0006F) jal zero, 12


mem[X,0x8001B3B8] -> 0x1663
mem[X,0x8001B3BA] -> 0x00B5
[2597] [M]: 0x8001B3B8 (0x00B51663) bne a0, a1, 12


mem[X,0x8001B3C4] -> 0x0213
mem[X,0x8001B3C6] -> 0x0032
[2598] [M]: 0x8001B3C4 (0x00320213) addi tp, tp, 3
x4 <- 0x00000003


mem[X,0x8001B3C8] -> 0x006F
mem[X,0x8001B3CA] -> 0x0040
[2599] [M]: 0x8001B3C8 (0x0040006F) jal zero, 4


clint::tick mtime <- 0x000000000000001A
 clint timer pending at mtime 0x000000000000001A
htif::tick 0x0000000000000000
mem[X,0x8001B3CC] -> 0xAA23
mem[X,0x8001B3CE] -> 0x3E40
[2600] [M]: 0x8001B3CC (0x3E40AA23) sw tp, 1012(ra)
mem[0x8003965C] <- 0x00000003


mem[X,0x8001B3D0] -> 0x0513
mem[X,0x8001B3D2] -> 0x0020
[2601] [M]: 0x8001B3D0 (0x00200513) addi a0, zero, 2
x10 <- 0x00000002


mem[X,0x8001B3D4] -> 0x0593
mem[X,0x8001B3D6] -> 0x0030
[2602] [M]: 0x8001B3D4 (0x00300593) addi a1, zero, 3
x11 <- 0x00000003


mem[X,0x8001B3D8] -> 0x0213
mem[X,0x8001B3DA] -> 0x0000
[2603] [M]: 0x8001B3D8 (0x00000213) addi tp, zero, 0
x4 <- 0x00000000


mem[X,0x8001B3DC] -> 0x006F
mem[X,0x8001B3DE] -> 0x00C0
[2604] [M]: 0x8001B3DC (0x00C0006F) jal zero, 12


mem[X,0x8001B3E8] -> 0x1063
mem[X,0x8001B3EA] -> 0x04B5
[2605] [M]: 0x8001B3E8 (0x04B51063) bne a0, a1, 64


mem[X,0x8001B428] -> 0x0213
mem[X,0x8001B42A] -> 0x0032
[2606] [M]: 0x8001B428 (0x00320213) addi tp, tp, 3
x4 <- 0x00000003


mem[X,0x8001B42C] -> 0x006F
mem[X,0x8001B42E] -> 0x0040
[2607] [M]: 0x8001B42C (0x0040006F) jal zero, 4


mem[X,0x8001B430] -> 0xAC23
mem[X,0x8001B432] -> 0x3E40
[2608] [M]: 0x8001B430 (0x3E40AC23) sw tp, 1016(ra)
mem[0x80039660] <- 0x00000003


mem[X,0x8001B434] -> 0x0513
mem[X,0x8001B436] -> 0x0020
[2609] [M]: 0x8001B434 (0x00200513) addi a0, zero, 2
x10 <- 0x00000002


mem[X,0x8001B438] -> 0x55B7
mem[X,0x8001B43A] -> 0x5555
[2610] [M]: 0x8001B438 (0x555555B7) lui a1, 349525
x11 <- 0x55555000


mem[X,0x8001B43C] -> 0x8593
mem[X,0x8001B43E] -> 0x5555
[2611] [M]: 0x8001B43C (0x55558593) addi a1, a1, 1365
x11 <- 0x55555555


mem[X,0x8001B440] -> 0x0213
mem[X,0x8001B442] -> 0x0000
[2612] [M]: 0x8001B440 (0x00000213) addi tp, zero, 0
x4 <- 0x00000000


mem[X,0x8001B444] -> 0x006F
mem[X,0x8001B446] -> 0x00C0
[2613] [M]: 0x8001B444 (0x00C0006F) jal zero, 12


mem[X,0x8001B450] -> 0x1063
mem[X,0x8001B452] -> 0x04B5
[2614] [M]: 0x8001B450 (0x04B51063) bne a0, a1, 64


mem[X,0x8001B490] -> 0x0213
mem[X,0x8001B492] -> 0x0032
[2615] [M]: 0x8001B490 (0x00320213) addi tp, tp, 3
x4 <- 0x00000003


mem[X,0x8001B494] -> 0x006F
mem[X,0x8001B496] -> 0x0040
[2616] [M]: 0x8001B494 (0x0040006F) jal zero, 4


mem[X,0x8001B498] -> 0xAE23
mem[X,0x8001B49A] -> 0x3E40
[2617] [M]: 0x8001B498 (0x3E40AE23) sw tp, 1020(ra)
mem[0x80039664] <- 0x00000003


mem[X,0x8001B49C] -> 0x0513
mem[X,0x8001B49E] -> 0x0020
[2618] [M]: 0x8001B49C (0x00200513) addi a0, zero, 2
x10 <- 0x00000002


mem[X,0x8001B4A0] -> 0xB5B7
mem[X,0x8001B4A2] -> 0xAAAA
[2619] [M]: 0x8001B4A0 (0xAAAAB5B7) lui a1, 699051
x11 <- 0xAAAAB000


mem[X,0x8001B4A4] -> 0x8593
mem[X,0x8001B4A6] -> 0xAAA5
[2620] [M]: 0x8001B4A4 (0xAAA58593) addi a1, a1, 2730
x11 <- 0xAAAAAAAA


mem[X,0x8001B4A8] -> 0x0213
mem[X,0x8001B4AA] -> 0x0000
[2621] [M]: 0x8001B4A8 (0x00000213) addi tp, zero, 0
x4 <- 0x00000000


mem[X,0x8001B4AC] -> 0x006F
mem[X,0x8001B4AE] -> 0x0140
[2622] [M]: 0x8001B4AC (0x0140006F) jal zero, 20


mem[X,0x8001B4C0] -> 0x18E3
mem[X,0x8001B4C2] -> 0xFEB5
[2623] [M]: 0x8001B4C0 (0xFEB518E3) bne a0, a1, 8176


mem[X,0x8001B4B0] -> 0x0213
mem[X,0x8001B4B2] -> 0x0012
[2624] [M]: 0x8001B4B0 (0x00120213) addi tp, tp, 1
x4 <- 0x00000001


mem[X,0x8001B4B4] -> 0x006F
mem[X,0x8001B4B6] -> 0x0200
[2625] [M]: 0x8001B4B4 (0x0200006F) jal zero, 32


mem[X,0x8001B4D4] -> 0xA023
mem[X,0x8001B4D6] -> 0x4040
[2626] [M]: 0x8001B4D4 (0x4040A023) sw tp, 1024(ra)
mem[0x80039668] <- 0x00000001


mem[X,0x8001B4D8] -> 0x0513
mem[X,0x8001B4DA] -> 0x0020
[2627] [M]: 0x8001B4D8 (0x00200513) addi a0, zero, 2
x10 <- 0x00000002


mem[X,0x8001B4DC] -> 0x0593
mem[X,0x8001B4DE] -> 0x0050
[2628] [M]: 0x8001B4DC (0x00500593) addi a1, zero, 5
x11 <- 0x00000005


mem[X,0x8001B4E0] -> 0x0213
mem[X,0x8001B4E2] -> 0x0000
[2629] [M]: 0x8001B4E0 (0x00000213) addi tp, zero, 0
x4 <- 0x00000000


mem[X,0x8001B4E4] -> 0x006F
mem[X,0x8001B4E6] -> 0x00C0
[2630] [M]: 0x8001B4E4 (0x00C0006F) jal zero, 12


mem[X,0x8001B4F0] -> 0x1863
mem[X,0x8001B4F2] -> 0x00B5
[2631] [M]: 0x8001B4F0 (0x00B51863) bne a0, a1, 16


mem[X,0x8001B500] -> 0x0213
mem[X,0x8001B502] -> 0x0032
[2632] [M]: 0x8001B500 (0x00320213) addi tp, tp, 3
x4 <- 0x00000003


mem[X,0x8001B504] -> 0x006F
mem[X,0x8001B506] -> 0x0040
[2633] [M]: 0x8001B504 (0x0040006F) jal zero, 4


mem[X,0x8001B508] -> 0xA223
mem[X,0x8001B50A] -> 0x4040
[2634] [M]: 0x8001B508 (0x4040A223) sw tp, 1028(ra)
mem[0x8003966C] <- 0x00000003


mem[X,0x8001B50C] -> 0x0513
mem[X,0x8001B50E] -> 0x0020
[2635] [M]: 0x8001B50C (0x00200513) addi a0, zero, 2
x10 <- 0x00000002


mem[X,0x8001B510] -> 0x35B7
mem[X,0x8001B512] -> 0x3333
[2636] [M]: 0x8001B510 (0x333335B7) lui a1, 209715
x11 <- 0x33333000


mem[X,0x8001B514] -> 0x8593
mem[X,0x8001B516] -> 0x3335
[2637] [M]: 0x8001B514 (0x33358593) addi a1, a1, 819
x11 <- 0x33333333


mem[X,0x8001B518] -> 0x0213
mem[X,0x8001B51A] -> 0x0000
[2638] [M]: 0x8001B518 (0x00000213) addi tp, zero, 0
x4 <- 0x00000000


mem[X,0x8001B51C] -> 0x006F
mem[X,0x8001B51E] -> 0x00C0
[2639] [M]: 0x8001B51C (0x00C0006F) jal zero, 12


mem[X,0x8001B528] -> 0x1063
mem[X,0x8001B52A] -> 0x40B5
[2640] [M]: 0x8001B528 (0x40B51063) bne a0, a1, 1024


mem[X,0x8001B928] -> 0x0213
mem[X,0x8001B92A] -> 0x0032
[2641] [M]: 0x8001B928 (0x00320213) addi tp, tp, 3
x4 <- 0x00000003


mem[X,0x8001B92C] -> 0x006F
mem[X,0x8001B92E] -> 0x0040
[2642] [M]: 0x8001B92C (0x0040006F) jal zero, 4


mem[X,0x8001B930] -> 0xA423
mem[X,0x8001B932] -> 0x4040
[2643] [M]: 0x8001B930 (0x4040A423) sw tp, 1032(ra)
mem[0x80039670] <- 0x00000003


mem[X,0x8001B934] -> 0x0513
mem[X,0x8001B936] -> 0x0020
[2644] [M]: 0x8001B934 (0x00200513) addi a0, zero, 2
x10 <- 0x00000002


mem[X,0x8001B938] -> 0x65B7
mem[X,0x8001B93A] -> 0x6666
[2645] [M]: 0x8001B938 (0x666665B7) lui a1, 419430
x11 <- 0x66666000


mem[X,0x8001B93C] -> 0x8593
mem[X,0x8001B93E] -> 0x6665
[2646] [M]: 0x8001B93C (0x66658593) addi a1, a1, 1638
x11 <- 0x66666666


mem[X,0x8001B940] -> 0x0213
mem[X,0x8001B942] -> 0x0000
[2647] [M]: 0x8001B940 (0x00000213) addi tp, zero, 0
x4 <- 0x00000000


mem[X,0x8001B944] -> 0x006F
mem[X,0x8001B946] -> 0x00C0
[2648] [M]: 0x8001B944 (0x00C0006F) jal zero, 12


mem[X,0x8001B950] -> 0x1063
mem[X,0x8001B952] -> 0x10B5
[2649] [M]: 0x8001B950 (0x10B51063) bne a0, a1, 256


mem[X,0x8001BA50] -> 0x0213
mem[X,0x8001BA52] -> 0x0032
[2650] [M]: 0x8001BA50 (0x00320213) addi tp, tp, 3
x4 <- 0x00000003


mem[X,0x8001BA54] -> 0x006F
mem[X,0x8001BA56] -> 0x0040
[2651] [M]: 0x8001BA54 (0x0040006F) jal zero, 4


mem[X,0x8001BA58] -> 0xA623
mem[X,0x8001BA5A] -> 0x4040
[2652] [M]: 0x8001BA58 (0x4040A623) sw tp, 1036(ra)
mem[0x80039674] <- 0x00000003


mem[X,0x8001BA5C] -> 0x0513
mem[X,0x8001BA5E] -> 0x0020
[2653] [M]: 0x8001BA5C (0x00200513) addi a0, zero, 2
x10 <- 0x00000002


mem[X,0x8001BA60] -> 0x55B7
mem[X,0x8001BA62] -> 0xFFFF
[2654] [M]: 0x8001BA60 (0xFFFF55B7) lui a1, 1048565
x11 <- 0xFFFF5000


mem[X,0x8001BA64] -> 0x8593
mem[X,0x8001BA66] -> 0xAFC5
[2655] [M]: 0x8001BA64 (0xAFC58593) addi a1, a1, 2812
x11 <- 0xFFFF4AFC


mem[X,0x8001BA68] -> 0x0213
mem[X,0x8001BA6A] -> 0x0000
[2656] [M]: 0x8001BA68 (0x00000213) addi tp, zero, 0
x4 <- 0x00000000


mem[X,0x8001BA6C] -> 0x006F
mem[X,0x8001BA6E] -> 0x0180
[2657] [M]: 0x8001BA6C (0x0180006F) jal zero, 24


mem[X,0x8001BA84] -> 0x16E3
mem[X,0x8001BA86] -> 0xFEB5
[2658] [M]: 0x8001BA84 (0xFEB516E3) bne a0, a1, 8172


mem[X,0x8001BA70] -> 0x0213
mem[X,0x8001BA72] -> 0x0012
[2659] [M]: 0x8001BA70 (0x00120213) addi tp, tp, 1
x4 <- 0x00000001


mem[X,0x8001BA74] -> 0x006F
mem[X,0x8001BA76] -> 0x0240
[2660] [M]: 0x8001BA74 (0x0240006F) jal zero, 36


mem[X,0x8001BA98] -> 0xA823
mem[X,0x8001BA9A] -> 0x4040
[2661] [M]: 0x8001BA98 (0x4040A823) sw tp, 1040(ra)
mem[0x80039678] <- 0x00000001


mem[X,0x8001BA9C] -> 0x0513
mem[X,0x8001BA9E] -> 0x0020
[2662] [M]: 0x8001BA9C (0x00200513) addi a0, zero, 2
x10 <- 0x00000002


mem[X,0x8001BAA0] -> 0xB5B7
mem[X,0x8001BAA2] -> 0x0000
[2663] [M]: 0x8001BAA0 (0x0000B5B7) lui a1, 11
x11 <- 0x0000B000


mem[X,0x8001BAA4] -> 0x8593
mem[X,0x8001BAA6] -> 0x5045
[2664] [M]: 0x8001BAA4 (0x50458593) addi a1, a1, 1284
x11 <- 0x0000B504


mem[X,0x8001BAA8] -> 0x0213
mem[X,0x8001BAAA] -> 0x0000
[2665] [M]: 0x8001BAA8 (0x00000213) addi tp, zero, 0
x4 <- 0x00000000


mem[X,0x8001BAAC] -> 0x006F
mem[X,0x8001BAAE] -> 0x00C0
[2666] [M]: 0x8001BAAC (0x00C0006F) jal zero, 12


mem[X,0x8001BAB8] -> 0x1063
mem[X,0x8001BABA] -> 0x08B5
[2667] [M]: 0x8001BAB8 (0x08B51063) bne a0, a1, 128


mem[X,0x8001BB38] -> 0x0213
mem[X,0x8001BB3A] -> 0x0032
[2668] [M]: 0x8001BB38 (0x00320213) addi tp, tp, 3
x4 <- 0x00000003


mem[X,0x8001BB3C] -> 0x006F
mem[X,0x8001BB3E] -> 0x0040
[2669] [M]: 0x8001BB3C (0x0040006F) jal zero, 4


mem[X,0x8001BB40] -> 0xAA23
mem[X,0x8001BB42] -> 0x4040
[2670] [M]: 0x8001BB40 (0x4040AA23) sw tp, 1044(ra)
mem[0x8003967C] <- 0x00000003


mem[X,0x8001BB44] -> 0x0513
mem[X,0x8001BB46] -> 0x0020
[2671] [M]: 0x8001BB44 (0x00200513) addi a0, zero, 2
x10 <- 0x00000002


mem[X,0x8001BB48] -> 0x0593
mem[X,0x8001BB4A] -> 0x0020
[2672] [M]: 0x8001BB48 (0x00200593) addi a1, zero, 2
x11 <- 0x00000002


mem[X,0x8001BB4C] -> 0x0213
mem[X,0x8001BB4E] -> 0x0000
[2673] [M]: 0x8001BB4C (0x00000213) addi tp, zero, 0
x4 <- 0x00000000


mem[X,0x8001BB50] -> 0x006F
mem[X,0x8001BB52] -> 0x00C0
[2674] [M]: 0x8001BB50 (0x00C0006F) jal zero, 12


mem[X,0x8001BB5C] -> 0x1863
mem[X,0x8001BB5E] -> 0x00B5
[2675] [M]: 0x8001BB5C (0x00B51863) bne a0, a1, 16


mem[X,0x8001BB60] -> 0x0213
mem[X,0x8001BB62] -> 0x0022
[2676] [M]: 0x8001BB60 (0x00220213) addi tp, tp, 2
x4 <- 0x00000002


mem[X,0x8001BB64] -> 0x006F
mem[X,0x8001BB66] -> 0x0100
[2677] [M]: 0x8001BB64 (0x0100006F) jal zero, 16


mem[X,0x8001BB74] -> 0xAC23
mem[X,0x8001BB76] -> 0x4040
[2678] [M]: 0x8001BB74 (0x4040AC23) sw tp, 1048(ra)
mem[0x80039680] <- 0x00000002


mem[X,0x8001BB78] -> 0x0513
mem[X,0x8001BB7A] -> 0x0020
[2679] [M]: 0x8001BB78 (0x00200513) addi a0, zero, 2
x10 <- 0x00000002


mem[X,0x8001BB7C] -> 0x55B7
mem[X,0x8001BB7E] -> 0x5555
[2680] [M]: 0x8001BB7C (0x555555B7) lui a1, 349525
x11 <- 0x55555000


mem[X,0x8001BB80] -> 0x8593
mem[X,0x8001BB82] -> 0x5545
[2681] [M]: 0x8001BB80 (0x55458593) addi a1, a1, 1364
x11 <- 0x55555554


mem[X,0x8001BB84] -> 0x0213
mem[X,0x8001BB86] -> 0x0000
[2682] [M]: 0x8001BB84 (0x00000213) addi tp, zero, 0
x4 <- 0x00000000


mem[X,0x8001BB88] -> 0x006F
mem[X,0x8001BB8A] -> 0x00C0
[2683] [M]: 0x8001BB88 (0x00C0006F) jal zero, 12


mem[X,0x8001BB94] -> 0x1663
mem[X,0x8001BB96] -> 0x00B5
[2684] [M]: 0x8001BB94 (0x00B51663) bne a0, a1, 12


mem[X,0x8001BBA0] -> 0x0213
mem[X,0x8001BBA2] -> 0x0032
[2685] [M]: 0x8001BBA0 (0x00320213) addi tp, tp, 3
x4 <- 0x00000003


mem[X,0x8001BBA4] -> 0x006F
mem[X,0x8001BBA6] -> 0x0040
[2686] [M]: 0x8001BBA4 (0x0040006F) jal zero, 4


mem[X,0x8001BBA8] -> 0xAE23
mem[X,0x8001BBAA] -> 0x4040
[2687] [M]: 0x8001BBA8 (0x4040AE23) sw tp, 1052(ra)
mem[0x80039684] <- 0x00000003


mem[X,0x8001BBAC] -> 0x0513
mem[X,0x8001BBAE] -> 0x0020
[2688] [M]: 0x8001BBAC (0x00200513) addi a0, zero, 2
x10 <- 0x00000002


mem[X,0x8001BBB0] -> 0x0593
mem[X,0x8001BBB2] -> 0x0000
[2689] [M]: 0x8001BBB0 (0x00000593) addi a1, zero, 0
x11 <- 0x00000000


mem[X,0x8001BBB4] -> 0x0213
mem[X,0x8001BBB6] -> 0x0000
[2690] [M]: 0x8001BBB4 (0x00000213) addi tp, zero, 0
x4 <- 0x00000000


mem[X,0x8001BBB8] -> 0x006F
mem[X,0x8001BBBA] -> 0x00C0
[2691] [M]: 0x8001BBB8 (0x00C0006F) jal zero, 12


mem[X,0x8001BBC4] -> 0x1063
mem[X,0x8001BBC6] -> 0x02B5
[2692] [M]: 0x8001BBC4 (0x02B51063) bne a0, a1, 32


mem[X,0x8001BBE4] -> 0x0213
mem[X,0x8001BBE6] -> 0x0032
[2693] [M]: 0x8001BBE4 (0x00320213) addi tp, tp, 3
x4 <- 0x00000003


mem[X,0x8001BBE8] -> 0x006F
mem[X,0x8001BBEA] -> 0x0040
[2694] [M]: 0x8001BBE8 (0x0040006F) jal zero, 4


mem[X,0x8001BBEC] -> 0xA023
mem[X,0x8001BBEE] -> 0x4240
[2695] [M]: 0x8001BBEC (0x4240A023) sw tp, 1056(ra)
mem[0x80039688] <- 0x00000003


mem[X,0x8001BBF0] -> 0x0513
mem[X,0x8001BBF2] -> 0x0020
[2696] [M]: 0x8001BBF0 (0x00200513) addi a0, zero, 2
x10 <- 0x00000002


mem[X,0x8001BBF4] -> 0x0593
mem[X,0x8001BBF6] -> 0x0040
[2697] [M]: 0x8001BBF4 (0x00400593) addi a1, zero, 4
x11 <- 0x00000004


mem[X,0x8001BBF8] -> 0x0213
mem[X,0x8001BBFA] -> 0x0000
[2698] [M]: 0x8001BBF8 (0x00000213) addi tp, zero, 0
x4 <- 0x00000000


mem[X,0x8001BBFC] -> 0x006F
mem[X,0x8001BBFE] -> 0x00C0
[2699] [M]: 0x8001BBFC (0x00C0006F) jal zero, 12


clint::tick mtime <- 0x000000000000001B
 clint timer pending at mtime 0x000000000000001B
htif::tick 0x0000000000000000
mem[X,0x8001BC08] -> 0x1663
mem[X,0x8001BC0A] -> 0x00B5
[2700] [M]: 0x8001BC08 (0x00B51663) bne a0, a1, 12


mem[X,0x8001BC14] -> 0x0213
mem[X,0x8001BC16] -> 0x0032
[2701] [M]: 0x8001BC14 (0x00320213) addi tp, tp, 3
x4 <- 0x00000003


mem[X,0x8001BC18] -> 0x006F
mem[X,0x8001BC1A] -> 0x0040
[2702] [M]: 0x8001BC18 (0x0040006F) jal zero, 4


mem[X,0x8001BC1C] -> 0xA223
mem[X,0x8001BC1E] -> 0x4240
[2703] [M]: 0x8001BC1C (0x4240A223) sw tp, 1060(ra)
mem[0x8003968C] <- 0x00000003


mem[X,0x8001BC20] -> 0x0513
mem[X,0x8001BC22] -> 0x0020
[2704] [M]: 0x8001BC20 (0x00200513) addi a0, zero, 2
x10 <- 0x00000002


mem[X,0x8001BC24] -> 0x35B7
mem[X,0x8001BC26] -> 0x3333
[2705] [M]: 0x8001BC24 (0x333335B7) lui a1, 209715
x11 <- 0x33333000


mem[X,0x8001BC28] -> 0x8593
mem[X,0x8001BC2A] -> 0x3325
[2706] [M]: 0x8001BC28 (0x33258593) addi a1, a1, 818
x11 <- 0x33333332


mem[X,0x8001BC2C] -> 0x0213
mem[X,0x8001BC2E] -> 0x0000
[2707] [M]: 0x8001BC2C (0x00000213) addi tp, zero, 0
x4 <- 0x00000000


mem[X,0x8001BC30] -> 0x006F
mem[X,0x8001BC32] -> 0x00C0
[2708] [M]: 0x8001BC30 (0x00C0006F) jal zero, 12


mem[X,0x8001BC3C] -> 0x1063
mem[X,0x8001BC3E] -> 0x02B5
[2709] [M]: 0x8001BC3C (0x02B51063) bne a0, a1, 32


mem[X,0x8001BC5C] -> 0x0213
mem[X,0x8001BC5E] -> 0x0032
[2710] [M]: 0x8001BC5C (0x00320213) addi tp, tp, 3
x4 <- 0x00000003


mem[X,0x8001BC60] -> 0x006F
mem[X,0x8001BC62] -> 0x0040
[2711] [M]: 0x8001BC60 (0x0040006F) jal zero, 4


mem[X,0x8001BC64] -> 0xA423
mem[X,0x8001BC66] -> 0x4240
[2712] [M]: 0x8001BC64 (0x4240A423) sw tp, 1064(ra)
mem[0x80039690] <- 0x00000003


mem[X,0x8001BC68] -> 0x0513
mem[X,0x8001BC6A] -> 0x0020
[2713] [M]: 0x8001BC68 (0x00200513) addi a0, zero, 2
x10 <- 0x00000002


mem[X,0x8001BC6C] -> 0x65B7
mem[X,0x8001BC6E] -> 0x6666
[2714] [M]: 0x8001BC6C (0x666665B7) lui a1, 419430
x11 <- 0x66666000


mem[X,0x8001BC70] -> 0x8593
mem[X,0x8001BC72] -> 0x6655
[2715] [M]: 0x8001BC70 (0x66558593) addi a1, a1, 1637
x11 <- 0x66666665


mem[X,0x8001BC74] -> 0x0213
mem[X,0x8001BC76] -> 0x0000
[2716] [M]: 0x8001BC74 (0x00000213) addi tp, zero, 0
x4 <- 0x00000000


mem[X,0x8001BC78] -> 0x006F
mem[X,0x8001BC7A] -> 0x0180
[2717] [M]: 0x8001BC78 (0x0180006F) jal zero, 24


mem[X,0x8001BC90] -> 0x16E3
mem[X,0x8001BC92] -> 0xFEB5
[2718] [M]: 0x8001BC90 (0xFEB516E3) bne a0, a1, 8172


mem[X,0x8001BC7C] -> 0x0213
mem[X,0x8001BC7E] -> 0x0012
[2719] [M]: 0x8001BC7C (0x00120213) addi tp, tp, 1
x4 <- 0x00000001


mem[X,0x8001BC80] -> 0x006F
mem[X,0x8001BC82] -> 0x0240
[2720] [M]: 0x8001BC80 (0x0240006F) jal zero, 36


mem[X,0x8001BCA4] -> 0xA623
mem[X,0x8001BCA6] -> 0x4240
[2721] [M]: 0x8001BCA4 (0x4240A623) sw tp, 1068(ra)
mem[0x80039694] <- 0x00000001


mem[X,0x8001BCA8] -> 0x0513
mem[X,0x8001BCAA] -> 0x0020
[2722] [M]: 0x8001BCA8 (0x00200513) addi a0, zero, 2
x10 <- 0x00000002


mem[X,0x8001BCAC] -> 0xB5B7
mem[X,0x8001BCAE] -> 0x0000
[2723] [M]: 0x8001BCAC (0x0000B5B7) lui a1, 11
x11 <- 0x0000B000


mem[X,0x8001BCB0] -> 0x8593
mem[X,0x8001BCB2] -> 0x5035
[2724] [M]: 0x8001BCB0 (0x50358593) addi a1, a1, 1283
x11 <- 0x0000B503


mem[X,0x8001BCB4] -> 0x0213
mem[X,0x8001BCB6] -> 0x0000
[2725] [M]: 0x8001BCB4 (0x00000213) addi tp, zero, 0
x4 <- 0x00000000


mem[X,0x8001BCB8] -> 0x006F
mem[X,0x8001BCBA] -> 0x00C0
[2726] [M]: 0x8001BCB8 (0x00C0006F) jal zero, 12


mem[X,0x8001BCC4] -> 0x1863
mem[X,0x8001BCC6] -> 0x00B5
[2727] [M]: 0x8001BCC4 (0x00B51863) bne a0, a1, 16


mem[X,0x8001BCD4] -> 0x0213
mem[X,0x8001BCD6] -> 0x0032
[2728] [M]: 0x8001BCD4 (0x00320213) addi tp, tp, 3
x4 <- 0x00000003


mem[X,0x8001BCD8] -> 0x006F
mem[X,0x8001BCDA] -> 0x0040
[2729] [M]: 0x8001BCD8 (0x0040006F) jal zero, 4


mem[X,0x8001BCDC] -> 0xA823
mem[X,0x8001BCDE] -> 0x4240
[2730] [M]: 0x8001BCDC (0x4240A823) sw tp, 1072(ra)
mem[0x80039698] <- 0x00000003


mem[X,0x8001BCE0] -> 0x0513
mem[X,0x8001BCE2] -> 0x0020
[2731] [M]: 0x8001BCE0 (0x00200513) addi a0, zero, 2
x10 <- 0x00000002


mem[X,0x8001BCE4] -> 0x55B7
mem[X,0x8001BCE6] -> 0x5555
[2732] [M]: 0x8001BCE4 (0x555555B7) lui a1, 349525
x11 <- 0x55555000


mem[X,0x8001BCE8] -> 0x8593
mem[X,0x8001BCEA] -> 0x5565
[2733] [M]: 0x8001BCE8 (0x55658593) addi a1, a1, 1366
x11 <- 0x55555556


mem[X,0x8001BCEC] -> 0x0213
mem[X,0x8001BCEE] -> 0x0000
[2734] [M]: 0x8001BCEC (0x00000213) addi tp, zero, 0
x4 <- 0x00000000


mem[X,0x8001BCF0] -> 0x006F
mem[X,0x8001BCF2] -> 0x0050
[2735] [M]: 0x8001BCF0 (0x0050006F) jal zero, 2052


mem[X,0x8001C4F4] -> 0x10E3
mem[X,0x8001C4F6] -> 0x80B5
[2736] [M]: 0x8001C4F4 (0x80B510E3) bne a0, a1, 6144


mem[X,0x8001BCF4] -> 0x0213
mem[X,0x8001BCF6] -> 0x0012
[2737] [M]: 0x8001BCF4 (0x00120213) addi tp, tp, 1
x4 <- 0x00000001


mem[X,0x8001BCF8] -> 0x006F
mem[X,0x8001BCFA] -> 0x0110
[2738] [M]: 0x8001BCF8 (0x0110006F) jal zero, 2064


mem[X,0x8001C508] -> 0xAA23
mem[X,0x8001C50A] -> 0x4240
[2739] [M]: 0x8001C508 (0x4240AA23) sw tp, 1076(ra)
mem[0x8003969C] <- 0x00000001


mem[X,0x8001C50C] -> 0x0513
mem[X,0x8001C50E] -> 0x0020
[2740] [M]: 0x8001C50C (0x00200513) addi a0, zero, 2
x10 <- 0x00000002


mem[X,0x8001C510] -> 0xB5B7
mem[X,0x8001C512] -> 0xAAAA
[2741] [M]: 0x8001C510 (0xAAAAB5B7) lui a1, 699051
x11 <- 0xAAAAB000


mem[X,0x8001C514] -> 0x8593
mem[X,0x8001C516] -> 0xAAB5
[2742] [M]: 0x8001C514 (0xAAB58593) addi a1, a1, 2731
x11 <- 0xAAAAAAAB


mem[X,0x8001C518] -> 0x0213
mem[X,0x8001C51A] -> 0x0000
[2743] [M]: 0x8001C518 (0x00000213) addi tp, zero, 0
x4 <- 0x00000000


mem[X,0x8001C51C] -> 0x006F
mem[X,0x8001C51E] -> 0x0050
[2744] [M]: 0x8001C51C (0x0050006F) jal zero, 2052


mem[X,0x8001CD20] -> 0x10E3
mem[X,0x8001CD22] -> 0x80B5
[2745] [M]: 0x8001CD20 (0x80B510E3) bne a0, a1, 6144


mem[X,0x8001C520] -> 0x0213
mem[X,0x8001C522] -> 0x0012
[2746] [M]: 0x8001C520 (0x00120213) addi tp, tp, 1
x4 <- 0x00000001


mem[X,0x8001C524] -> 0x006F
mem[X,0x8001C526] -> 0x0110
[2747] [M]: 0x8001C524 (0x0110006F) jal zero, 2064


mem[X,0x8001CD34] -> 0xAC23
mem[X,0x8001CD36] -> 0x4240
[2748] [M]: 0x8001CD34 (0x4240AC23) sw tp, 1080(ra)
mem[0x800396A0] <- 0x00000001


mem[X,0x8001CD38] -> 0x0513
mem[X,0x8001CD3A] -> 0x0020
[2749] [M]: 0x8001CD38 (0x00200513) addi a0, zero, 2
x10 <- 0x00000002


mem[X,0x8001CD3C] -> 0x0593
mem[X,0x8001CD3E] -> 0x0060
[2750] [M]: 0x8001CD3C (0x00600593) addi a1, zero, 6
x11 <- 0x00000006


mem[X,0x8001CD40] -> 0x0213
mem[X,0x8001CD42] -> 0x0000
[2751] [M]: 0x8001CD40 (0x00000213) addi tp, zero, 0
x4 <- 0x00000000


mem[X,0x8001CD44] -> 0x006F
mem[X,0x8001CD46] -> 0x0180
[2752] [M]: 0x8001CD44 (0x0180006F) jal zero, 24


mem[X,0x8001CD5C] -> 0x16E3
mem[X,0x8001CD5E] -> 0xFEB5
[2753] [M]: 0x8001CD5C (0xFEB516E3) bne a0, a1, 8172


mem[X,0x8001CD48] -> 0x0213
mem[X,0x8001CD4A] -> 0x0012
[2754] [M]: 0x8001CD48 (0x00120213) addi tp, tp, 1
x4 <- 0x00000001


mem[X,0x8001CD4C] -> 0x006F
mem[X,0x8001CD4E] -> 0x0240
[2755] [M]: 0x8001CD4C (0x0240006F) jal zero, 36


mem[X,0x8001CD70] -> 0xAE23
mem[X,0x8001CD72] -> 0x4240
[2756] [M]: 0x8001CD70 (0x4240AE23) sw tp, 1084(ra)
mem[0x800396A4] <- 0x00000001


mem[X,0x8001CD74] -> 0x0513
mem[X,0x8001CD76] -> 0x0020
[2757] [M]: 0x8001CD74 (0x00200513) addi a0, zero, 2
x10 <- 0x00000002


mem[X,0x8001CD78] -> 0x35B7
mem[X,0x8001CD7A] -> 0x3333
[2758] [M]: 0x8001CD78 (0x333335B7) lui a1, 209715
x11 <- 0x33333000


mem[X,0x8001CD7C] -> 0x8593
mem[X,0x8001CD7E] -> 0x3345
[2759] [M]: 0x8001CD7C (0x33458593) addi a1, a1, 820
x11 <- 0x33333334


mem[X,0x8001CD80] -> 0x0213
mem[X,0x8001CD82] -> 0x0000
[2760] [M]: 0x8001CD80 (0x00000213) addi tp, zero, 0
x4 <- 0x00000000


mem[X,0x8001CD84] -> 0x006F
mem[X,0x8001CD86] -> 0x00C0
[2761] [M]: 0x8001CD84 (0x00C0006F) jal zero, 12


mem[X,0x8001CD90] -> 0x1663
mem[X,0x8001CD92] -> 0x00B5
[2762] [M]: 0x8001CD90 (0x00B51663) bne a0, a1, 12


mem[X,0x8001CD9C] -> 0x0213
mem[X,0x8001CD9E] -> 0x0032
[2763] [M]: 0x8001CD9C (0x00320213) addi tp, tp, 3
x4 <- 0x00000003


mem[X,0x8001CDA0] -> 0x006F
mem[X,0x8001CDA2] -> 0x0040
[2764] [M]: 0x8001CDA0 (0x0040006F) jal zero, 4


mem[X,0x8001CDA4] -> 0xA023
mem[X,0x8001CDA6] -> 0x4440
[2765] [M]: 0x8001CDA4 (0x4440A023) sw tp, 1088(ra)
mem[0x800396A8] <- 0x00000003


mem[X,0x8001CDA8] -> 0x0513
mem[X,0x8001CDAA] -> 0x0020
[2766] [M]: 0x8001CDA8 (0x00200513) addi a0, zero, 2
x10 <- 0x00000002


mem[X,0x8001CDAC] -> 0x65B7
mem[X,0x8001CDAE] -> 0x6666
[2767] [M]: 0x8001CDAC (0x666665B7) lui a1, 419430
x11 <- 0x66666000


mem[X,0x8001CDB0] -> 0x8593
mem[X,0x8001CDB2] -> 0x6675
[2768] [M]: 0x8001CDB0 (0x66758593) addi a1, a1, 1639
x11 <- 0x66666667


mem[X,0x8001CDB4] -> 0x0213
mem[X,0x8001CDB6] -> 0x0000
[2769] [M]: 0x8001CDB4 (0x00000213) addi tp, zero, 0
x4 <- 0x00000000


mem[X,0x8001CDB8] -> 0x006F
mem[X,0x8001CDBA] -> 0x0100
[2770] [M]: 0x8001CDB8 (0x0100006F) jal zero, 16


mem[X,0x8001CDC8] -> 0x1AE3
mem[X,0x8001CDCA] -> 0xFEB5
[2771] [M]: 0x8001CDC8 (0xFEB51AE3) bne a0, a1, 8180


mem[X,0x8001CDBC] -> 0x0213
mem[X,0x8001CDBE] -> 0x0012
[2772] [M]: 0x8001CDBC (0x00120213) addi tp, tp, 1
x4 <- 0x00000001


mem[X,0x8001CDC0] -> 0x006F
mem[X,0x8001CDC2] -> 0x01C0
[2773] [M]: 0x8001CDC0 (0x01C0006F) jal zero, 28


mem[X,0x8001CDDC] -> 0xA223
mem[X,0x8001CDDE] -> 0x4440
[2774] [M]: 0x8001CDDC (0x4440A223) sw tp, 1092(ra)
mem[0x800396AC] <- 0x00000001


mem[X,0x8001CDE0] -> 0x0513
mem[X,0x8001CDE2] -> 0x0020
[2775] [M]: 0x8001CDE0 (0x00200513) addi a0, zero, 2
x10 <- 0x00000002


mem[X,0x8001CDE4] -> 0x55B7
mem[X,0x8001CDE6] -> 0xFFFF
[2776] [M]: 0x8001CDE4 (0xFFFF55B7) lui a1, 1048565
x11 <- 0xFFFF5000


mem[X,0x8001CDE8] -> 0x8593
mem[X,0x8001CDEA] -> 0xAFD5
[2777] [M]: 0x8001CDE8 (0xAFD58593) addi a1, a1, 2813
x11 <- 0xFFFF4AFD


mem[X,0x8001CDEC] -> 0x0213
mem[X,0x8001CDEE] -> 0x0000
[2778] [M]: 0x8001CDEC (0x00000213) addi tp, zero, 0
x4 <- 0x00000000


mem[X,0x8001CDF0] -> 0x006F
mem[X,0x8001CDF2] -> 0x0140
[2779] [M]: 0x8001CDF0 (0x0140006F) jal zero, 20


mem[X,0x8001CE04] -> 0x18E3
mem[X,0x8001CE06] -> 0xFEB5
[2780] [M]: 0x8001CE04 (0xFEB518E3) bne a0, a1, 8176


mem[X,0x8001CDF4] -> 0x0213
mem[X,0x8001CDF6] -> 0x0012
[2781] [M]: 0x8001CDF4 (0x00120213) addi tp, tp, 1
x4 <- 0x00000001


mem[X,0x8001CDF8] -> 0x006F
mem[X,0x8001CDFA] -> 0x0200
[2782] [M]: 0x8001CDF8 (0x0200006F) jal zero, 32


mem[X,0x8001CE18] -> 0xA423
mem[X,0x8001CE1A] -> 0x4440
[2783] [M]: 0x8001CE18 (0x4440A423) sw tp, 1096(ra)
mem[0x800396B0] <- 0x00000001


mem[X,0x8001CE1C] -> 0x0513
mem[X,0x8001CE1E] -> 0x0020
[2784] [M]: 0x8001CE1C (0x00200513) addi a0, zero, 2
x10 <- 0x00000002


mem[X,0x8001CE20] -> 0xB5B7
mem[X,0x8001CE22] -> 0x0000
[2785] [M]: 0x8001CE20 (0x0000B5B7) lui a1, 11
x11 <- 0x0000B000


mem[X,0x8001CE24] -> 0x8593
mem[X,0x8001CE26] -> 0x5055
[2786] [M]: 0x8001CE24 (0x50558593) addi a1, a1, 1285
x11 <- 0x0000B505


mem[X,0x8001CE28] -> 0x0213
mem[X,0x8001CE2A] -> 0x0000
[2787] [M]: 0x8001CE28 (0x00000213) addi tp, zero, 0
x4 <- 0x00000000


mem[X,0x8001CE2C] -> 0x006F
mem[X,0x8001CE2E] -> 0x00C0
[2788] [M]: 0x8001CE2C (0x00C0006F) jal zero, 12


mem[X,0x8001CE38] -> 0x1063
mem[X,0x8001CE3A] -> 0x40B5
[2789] [M]: 0x8001CE38 (0x40B51063) bne a0, a1, 1024


mem[X,0x8001D238] -> 0x0213
mem[X,0x8001D23A] -> 0x0032
[2790] [M]: 0x8001D238 (0x00320213) addi tp, tp, 3
x4 <- 0x00000003


mem[X,0x8001D23C] -> 0x006F
mem[X,0x8001D23E] -> 0x0040
[2791] [M]: 0x8001D23C (0x0040006F) jal zero, 4


mem[X,0x8001D240] -> 0xA623
mem[X,0x8001D242] -> 0x4440
[2792] [M]: 0x8001D240 (0x4440A623) sw tp, 1100(ra)
mem[0x800396B4] <- 0x00000003


mem[X,0x8001D244] -> 0x5537
mem[X,0x8001D246] -> 0x5555
[2793] [M]: 0x8001D244 (0x55555537) lui a0, 349525
x10 <- 0x55555000


mem[X,0x8001D248] -> 0x0513
mem[X,0x8001D24A] -> 0x5545
[2794] [M]: 0x8001D248 (0x55450513) addi a0, a0, 1364
x10 <- 0x55555554


mem[X,0x8001D24C] -> 0x0593
mem[X,0x8001D24E] -> 0x0030
[2795] [M]: 0x8001D24C (0x00300593) addi a1, zero, 3
x11 <- 0x00000003


mem[X,0x8001D250] -> 0x0213
mem[X,0x8001D252] -> 0x0000
[2796] [M]: 0x8001D250 (0x00000213) addi tp, zero, 0
x4 <- 0x00000000


mem[X,0x8001D254] -> 0x006F
mem[X,0x8001D256] -> 0x00C0
[2797] [M]: 0x8001D254 (0x00C0006F) jal zero, 12


mem[X,0x8001D260] -> 0x1CE3
mem[X,0x8001D262] -> 0xFEB5
[2798] [M]: 0x8001D260 (0xFEB51CE3) bne a0, a1, 8184


mem[X,0x8001D258] -> 0x0213
mem[X,0x8001D25A] -> 0x0012
[2799] [M]: 0x8001D258 (0x00120213) addi tp, tp, 1
x4 <- 0x00000001


clint::tick mtime <- 0x000000000000001C
 clint timer pending at mtime 0x000000000000001C
htif::tick 0x0000000000000000
mem[X,0x8001D25C] -> 0x006F
mem[X,0x8001D25E] -> 0x0180
[2800] [M]: 0x8001D25C (0x0180006F) jal zero, 24


mem[X,0x8001D274] -> 0xA823
mem[X,0x8001D276] -> 0x4440
[2801] [M]: 0x8001D274 (0x4440A823) sw tp, 1104(ra)
mem[0x800396B8] <- 0x00000001


mem[X,0x8001D278] -> 0x5537
mem[X,0x8001D27A] -> 0x5555
[2802] [M]: 0x8001D278 (0x55555537) lui a0, 349525
x10 <- 0x55555000


mem[X,0x8001D27C] -> 0x0513
mem[X,0x8001D27E] -> 0x5545
[2803] [M]: 0x8001D27C (0x55450513) addi a0, a0, 1364
x10 <- 0x55555554


mem[X,0x8001D280] -> 0x55B7
mem[X,0x8001D282] -> 0x5555
[2804] [M]: 0x8001D280 (0x555555B7) lui a1, 349525
x11 <- 0x55555000


mem[X,0x8001D284] -> 0x8593
mem[X,0x8001D286] -> 0x5555
[2805] [M]: 0x8001D284 (0x55558593) addi a1, a1, 1365
x11 <- 0x55555555


mem[X,0x8001D288] -> 0x0213
mem[X,0x8001D28A] -> 0x0000
[2806] [M]: 0x8001D288 (0x00000213) addi tp, zero, 0
x4 <- 0x00000000


mem[X,0x8001D28C] -> 0x006F
mem[X,0x8001D28E] -> 0x00C0
[2807] [M]: 0x8001D28C (0x00C0006F) jal zero, 12


mem[X,0x8001D298] -> 0x1CE3
mem[X,0x8001D29A] -> 0xFEB5
[2808] [M]: 0x8001D298 (0xFEB51CE3) bne a0, a1, 8184


mem[X,0x8001D290] -> 0x0213
mem[X,0x8001D292] -> 0x0012
[2809] [M]: 0x8001D290 (0x00120213) addi tp, tp, 1
x4 <- 0x00000001


mem[X,0x8001D294] -> 0x006F
mem[X,0x8001D296] -> 0x0180
[2810] [M]: 0x8001D294 (0x0180006F) jal zero, 24


mem[X,0x8001D2AC] -> 0xAA23
mem[X,0x8001D2AE] -> 0x4440
[2811] [M]: 0x8001D2AC (0x4440AA23) sw tp, 1108(ra)
mem[0x800396BC] <- 0x00000001


mem[X,0x8001D2B0] -> 0x5537
mem[X,0x8001D2B2] -> 0x5555
[2812] [M]: 0x8001D2B0 (0x55555537) lui a0, 349525
x10 <- 0x55555000


mem[X,0x8001D2B4] -> 0x0513
mem[X,0x8001D2B6] -> 0x5545
[2813] [M]: 0x8001D2B4 (0x55450513) addi a0, a0, 1364
x10 <- 0x55555554


mem[X,0x8001D2B8] -> 0xB5B7
mem[X,0x8001D2BA] -> 0xAAAA
[2814] [M]: 0x8001D2B8 (0xAAAAB5B7) lui a1, 699051
x11 <- 0xAAAAB000


mem[X,0x8001D2BC] -> 0x8593
mem[X,0x8001D2BE] -> 0xAAA5
[2815] [M]: 0x8001D2BC (0xAAA58593) addi a1, a1, 2730
x11 <- 0xAAAAAAAA


mem[X,0x8001D2C0] -> 0x0213
mem[X,0x8001D2C2] -> 0x0000
[2816] [M]: 0x8001D2C0 (0x00000213) addi tp, zero, 0
x4 <- 0x00000000


mem[X,0x8001D2C4] -> 0x006F
mem[X,0x8001D2C6] -> 0x00C0
[2817] [M]: 0x8001D2C4 (0x00C0006F) jal zero, 12


mem[X,0x8001D2D0] -> 0x1063
mem[X,0x8001D2D2] -> 0x20B5
[2818] [M]: 0x8001D2D0 (0x20B51063) bne a0, a1, 512


mem[X,0x8001D4D0] -> 0x0213
mem[X,0x8001D4D2] -> 0x0032
[2819] [M]: 0x8001D4D0 (0x00320213) addi tp, tp, 3
x4 <- 0x00000003


mem[X,0x8001D4D4] -> 0x006F
mem[X,0x8001D4D6] -> 0x0040
[2820] [M]: 0x8001D4D4 (0x0040006F) jal zero, 4


mem[X,0x8001D4D8] -> 0xAC23
mem[X,0x8001D4DA] -> 0x4440
[2821] [M]: 0x8001D4D8 (0x4440AC23) sw tp, 1112(ra)
mem[0x800396C0] <- 0x00000003


mem[X,0x8001D4DC] -> 0x5537
mem[X,0x8001D4DE] -> 0x5555
[2822] [M]: 0x8001D4DC (0x55555537) lui a0, 349525
x10 <- 0x55555000


mem[X,0x8001D4E0] -> 0x0513
mem[X,0x8001D4E2] -> 0x5545
[2823] [M]: 0x8001D4E0 (0x55450513) addi a0, a0, 1364
x10 <- 0x55555554


mem[X,0x8001D4E4] -> 0x0593
mem[X,0x8001D4E6] -> 0x0050
[2824] [M]: 0x8001D4E4 (0x00500593) addi a1, zero, 5
x11 <- 0x00000005


mem[X,0x8001D4E8] -> 0x0213
mem[X,0x8001D4EA] -> 0x0000
[2825] [M]: 0x8001D4E8 (0x00000213) addi tp, zero, 0
x4 <- 0x00000000


mem[X,0x8001D4EC] -> 0x006F
mem[X,0x8001D4EE] -> 0x00C0
[2826] [M]: 0x8001D4EC (0x00C0006F) jal zero, 12


mem[X,0x8001D4F8] -> 0x1663
mem[X,0x8001D4FA] -> 0x00B5
[2827] [M]: 0x8001D4F8 (0x00B51663) bne a0, a1, 12


mem[X,0x8001D504] -> 0x0213
mem[X,0x8001D506] -> 0x0032
[2828] [M]: 0x8001D504 (0x00320213) addi tp, tp, 3
x4 <- 0x00000003


mem[X,0x8001D508] -> 0x006F
mem[X,0x8001D50A] -> 0x0040
[2829] [M]: 0x8001D508 (0x0040006F) jal zero, 4


mem[X,0x8001D50C] -> 0xAE23
mem[X,0x8001D50E] -> 0x4440
[2830] [M]: 0x8001D50C (0x4440AE23) sw tp, 1116(ra)
mem[0x800396C4] <- 0x00000003


mem[X,0x8001D510] -> 0x5537
mem[X,0x8001D512] -> 0x5555
[2831] [M]: 0x8001D510 (0x55555537) lui a0, 349525
x10 <- 0x55555000


mem[X,0x8001D514] -> 0x0513
mem[X,0x8001D516] -> 0x5545
[2832] [M]: 0x8001D514 (0x55450513) addi a0, a0, 1364
x10 <- 0x55555554


mem[X,0x8001D518] -> 0x35B7
mem[X,0x8001D51A] -> 0x3333
[2833] [M]: 0x8001D518 (0x333335B7) lui a1, 209715
x11 <- 0x33333000


mem[X,0x8001D51C] -> 0x8593
mem[X,0x8001D51E] -> 0x3335
[2834] [M]: 0x8001D51C (0x33358593) addi a1, a1, 819
x11 <- 0x33333333


mem[X,0x8001D520] -> 0x0213
mem[X,0x8001D522] -> 0x0000
[2835] [M]: 0x8001D520 (0x00000213) addi tp, zero, 0
x4 <- 0x00000000


mem[X,0x8001D524] -> 0x006F
mem[X,0x8001D526] -> 0x00C0
[2836] [M]: 0x8001D524 (0x00C0006F) jal zero, 12


mem[X,0x8001D530] -> 0x1063
mem[X,0x8001D532] -> 0x04B5
[2837] [M]: 0x8001D530 (0x04B51063) bne a0, a1, 64


mem[X,0x8001D570] -> 0x0213
mem[X,0x8001D572] -> 0x0032
[2838] [M]: 0x8001D570 (0x00320213) addi tp, tp, 3
x4 <- 0x00000003


mem[X,0x8001D574] -> 0x006F
mem[X,0x8001D576] -> 0x0040
[2839] [M]: 0x8001D574 (0x0040006F) jal zero, 4


mem[X,0x8001D578] -> 0xA023
mem[X,0x8001D57A] -> 0x4640
[2840] [M]: 0x8001D578 (0x4640A023) sw tp, 1120(ra)
mem[0x800396C8] <- 0x00000003


mem[X,0x8001D57C] -> 0x5537
mem[X,0x8001D57E] -> 0x5555
[2841] [M]: 0x8001D57C (0x55555537) lui a0, 349525
x10 <- 0x55555000


mem[X,0x8001D580] -> 0x0513
mem[X,0x8001D582] -> 0x5545
[2842] [M]: 0x8001D580 (0x55450513) addi a0, a0, 1364
x10 <- 0x55555554


mem[X,0x8001D584] -> 0x65B7
mem[X,0x8001D586] -> 0x6666
[2843] [M]: 0x8001D584 (0x666665B7) lui a1, 419430
x11 <- 0x66666000


mem[X,0x8001D588] -> 0x8593
mem[X,0x8001D58A] -> 0x6665
[2844] [M]: 0x8001D588 (0x66658593) addi a1, a1, 1638
x11 <- 0x66666666


mem[X,0x8001D58C] -> 0x0213
mem[X,0x8001D58E] -> 0x0000
[2845] [M]: 0x8001D58C (0x00000213) addi tp, zero, 0
x4 <- 0x00000000


mem[X,0x8001D590] -> 0x006F
mem[X,0x8001D592] -> 0x2B10
[2846] [M]: 0x8001D590 (0x2B10006F) jal zero, 2736


mem[X,0x8001E040] -> 0x1A63
mem[X,0x8001E042] -> 0xD4B5
[2847] [M]: 0x8001E040 (0xD4B51A63) bne a0, a1, 5460


mem[X,0x8001D594] -> 0x0213
mem[X,0x8001D596] -> 0x0012
[2848] [M]: 0x8001D594 (0x00120213) addi tp, tp, 1
x4 <- 0x00000001


mem[X,0x8001D598] -> 0x006F
mem[X,0x8001D59A] -> 0x2BD0
[2849] [M]: 0x8001D598 (0x2BD0006F) jal zero, 2748


mem[X,0x8001E054] -> 0xA223
mem[X,0x8001E056] -> 0x4640
[2850] [M]: 0x8001E054 (0x4640A223) sw tp, 1124(ra)
mem[0x800396CC] <- 0x00000001


mem[X,0x8001E058] -> 0x5537
mem[X,0x8001E05A] -> 0x5555
[2851] [M]: 0x8001E058 (0x55555537) lui a0, 349525
x10 <- 0x55555000


mem[X,0x8001E05C] -> 0x0513
mem[X,0x8001E05E] -> 0x5545
[2852] [M]: 0x8001E05C (0x55450513) addi a0, a0, 1364
x10 <- 0x55555554


mem[X,0x8001E060] -> 0x55B7
mem[X,0x8001E062] -> 0xFFFF
[2853] [M]: 0x8001E060 (0xFFFF55B7) lui a1, 1048565
x11 <- 0xFFFF5000


mem[X,0x8001E064] -> 0x8593
mem[X,0x8001E066] -> 0xAFC5
[2854] [M]: 0x8001E064 (0xAFC58593) addi a1, a1, 2812
x11 <- 0xFFFF4AFC


mem[X,0x8001E068] -> 0x0213
mem[X,0x8001E06A] -> 0x0000
[2855] [M]: 0x8001E068 (0x00000213) addi tp, zero, 0
x4 <- 0x00000000


mem[X,0x8001E06C] -> 0x006F
mem[X,0x8001E06E] -> 0x00C0
[2856] [M]: 0x8001E06C (0x00C0006F) jal zero, 12


mem[X,0x8001E078] -> 0x1063
mem[X,0x8001E07A] -> 0x04B5
[2857] [M]: 0x8001E078 (0x04B51063) bne a0, a1, 64


mem[X,0x8001E0B8] -> 0x0213
mem[X,0x8001E0BA] -> 0x0032
[2858] [M]: 0x8001E0B8 (0x00320213) addi tp, tp, 3
x4 <- 0x00000003


mem[X,0x8001E0BC] -> 0x006F
mem[X,0x8001E0BE] -> 0x0040
[2859] [M]: 0x8001E0BC (0x0040006F) jal zero, 4


mem[X,0x8001E0C0] -> 0xA423
mem[X,0x8001E0C2] -> 0x4640
[2860] [M]: 0x8001E0C0 (0x4640A423) sw tp, 1128(ra)
mem[0x800396D0] <- 0x00000003


mem[X,0x8001E0C4] -> 0x5537
mem[X,0x8001E0C6] -> 0x5555
[2861] [M]: 0x8001E0C4 (0x55555537) lui a0, 349525
x10 <- 0x55555000


mem[X,0x8001E0C8] -> 0x0513
mem[X,0x8001E0CA] -> 0x5545
[2862] [M]: 0x8001E0C8 (0x55450513) addi a0, a0, 1364
x10 <- 0x55555554


mem[X,0x8001E0CC] -> 0xB5B7
mem[X,0x8001E0CE] -> 0x0000
[2863] [M]: 0x8001E0CC (0x0000B5B7) lui a1, 11
x11 <- 0x0000B000


mem[X,0x8001E0D0] -> 0x8593
mem[X,0x8001E0D2] -> 0x5045
[2864] [M]: 0x8001E0D0 (0x50458593) addi a1, a1, 1284
x11 <- 0x0000B504


mem[X,0x8001E0D4] -> 0x0213
mem[X,0x8001E0D6] -> 0x0000
[2865] [M]: 0x8001E0D4 (0x00000213) addi tp, zero, 0
x4 <- 0x00000000


mem[X,0x8001E0D8] -> 0x006F
mem[X,0x8001E0DA] -> 0x00C0
[2866] [M]: 0x8001E0D8 (0x00C0006F) jal zero, 12


mem[X,0x8001E0E4] -> 0x1663
mem[X,0x8001E0E6] -> 0x00B5
[2867] [M]: 0x8001E0E4 (0x00B51663) bne a0, a1, 12


mem[X,0x8001E0F0] -> 0x0213
mem[X,0x8001E0F2] -> 0x0032
[2868] [M]: 0x8001E0F0 (0x00320213) addi tp, tp, 3
x4 <- 0x00000003


mem[X,0x8001E0F4] -> 0x006F
mem[X,0x8001E0F6] -> 0x0040
[2869] [M]: 0x8001E0F4 (0x0040006F) jal zero, 4


mem[X,0x8001E0F8] -> 0xA623
mem[X,0x8001E0FA] -> 0x4640
[2870] [M]: 0x8001E0F8 (0x4640A623) sw tp, 1132(ra)
mem[0x800396D4] <- 0x00000003


mem[X,0x8001E0FC] -> 0x5537
mem[X,0x8001E0FE] -> 0x5555
[2871] [M]: 0x8001E0FC (0x55555537) lui a0, 349525
x10 <- 0x55555000


mem[X,0x8001E100] -> 0x0513
mem[X,0x8001E102] -> 0x5545
[2872] [M]: 0x8001E100 (0x55450513) addi a0, a0, 1364
x10 <- 0x55555554


mem[X,0x8001E104] -> 0x0593
mem[X,0x8001E106] -> 0x0020
[2873] [M]: 0x8001E104 (0x00200593) addi a1, zero, 2
x11 <- 0x00000002


mem[X,0x8001E108] -> 0x0213
mem[X,0x8001E10A] -> 0x0000
[2874] [M]: 0x8001E108 (0x00000213) addi tp, zero, 0
x4 <- 0x00000000


mem[X,0x8001E10C] -> 0x006F
mem[X,0x8001E10E] -> 0x0050
[2875] [M]: 0x8001E10C (0x0050006F) jal zero, 2052


mem[X,0x8001E910] -> 0x10E3
mem[X,0x8001E912] -> 0x80B5
[2876] [M]: 0x8001E910 (0x80B510E3) bne a0, a1, 6144


mem[X,0x8001E110] -> 0x0213
mem[X,0x8001E112] -> 0x0012
[2877] [M]: 0x8001E110 (0x00120213) addi tp, tp, 1
x4 <- 0x00000001


mem[X,0x8001E114] -> 0x006F
mem[X,0x8001E116] -> 0x0110
[2878] [M]: 0x8001E114 (0x0110006F) jal zero, 2064


mem[X,0x8001E924] -> 0xA823
mem[X,0x8001E926] -> 0x4640
[2879] [M]: 0x8001E924 (0x4640A823) sw tp, 1136(ra)
mem[0x800396D8] <- 0x00000001


mem[X,0x8001E928] -> 0x5537
mem[X,0x8001E92A] -> 0x5555
[2880] [M]: 0x8001E928 (0x55555537) lui a0, 349525
x10 <- 0x55555000


mem[X,0x8001E92C] -> 0x0513
mem[X,0x8001E92E] -> 0x5545
[2881] [M]: 0x8001E92C (0x55450513) addi a0, a0, 1364
x10 <- 0x55555554


mem[X,0x8001E930] -> 0x55B7
mem[X,0x8001E932] -> 0x5555
[2882] [M]: 0x8001E930 (0x555555B7) lui a1, 349525
x11 <- 0x55555000


mem[X,0x8001E934] -> 0x8593
mem[X,0x8001E936] -> 0x5545
[2883] [M]: 0x8001E934 (0x55458593) addi a1, a1, 1364
x11 <- 0x55555554


mem[X,0x8001E938] -> 0x0213
mem[X,0x8001E93A] -> 0x0000
[2884] [M]: 0x8001E938 (0x00000213) addi tp, zero, 0
x4 <- 0x00000000


mem[X,0x8001E93C] -> 0x006F
mem[X,0x8001E93E] -> 0x00C0
[2885] [M]: 0x8001E93C (0x00C0006F) jal zero, 12


mem[X,0x8001E948] -> 0x1063
mem[X,0x8001E94A] -> 0x04B5
[2886] [M]: 0x8001E948 (0x04B51063) bne a0, a1, 64


mem[X,0x8001E94C] -> 0x0213
mem[X,0x8001E94E] -> 0x0022
[2887] [M]: 0x8001E94C (0x00220213) addi tp, tp, 2
x4 <- 0x00000002


mem[X,0x8001E950] -> 0x006F
mem[X,0x8001E952] -> 0x0400
[2888] [M]: 0x8001E950 (0x0400006F) jal zero, 64


mem[X,0x8001E990] -> 0xAA23
mem[X,0x8001E992] -> 0x4640
[2889] [M]: 0x8001E990 (0x4640AA23) sw tp, 1140(ra)
mem[0x800396DC] <- 0x00000002


mem[X,0x8001E994] -> 0x5537
mem[X,0x8001E996] -> 0x5555
[2890] [M]: 0x8001E994 (0x55555537) lui a0, 349525
x10 <- 0x55555000


mem[X,0x8001E998] -> 0x0513
mem[X,0x8001E99A] -> 0x5545
[2891] [M]: 0x8001E998 (0x55450513) addi a0, a0, 1364
x10 <- 0x55555554


mem[X,0x8001E99C] -> 0x0593
mem[X,0x8001E99E] -> 0x0000
[2892] [M]: 0x8001E99C (0x00000593) addi a1, zero, 0
x11 <- 0x00000000


mem[X,0x8001E9A0] -> 0x0213
mem[X,0x8001E9A2] -> 0x0000
[2893] [M]: 0x8001E9A0 (0x00000213) addi tp, zero, 0
x4 <- 0x00000000


mem[X,0x8001E9A4] -> 0x006F
mem[X,0x8001E9A6] -> 0x0140
[2894] [M]: 0x8001E9A4 (0x0140006F) jal zero, 20


mem[X,0x8001E9B8] -> 0x18E3
mem[X,0x8001E9BA] -> 0xFEB5
[2895] [M]: 0x8001E9B8 (0xFEB518E3) bne a0, a1, 8176


mem[X,0x8001E9A8] -> 0x0213
mem[X,0x8001E9AA] -> 0x0012
[2896] [M]: 0x8001E9A8 (0x00120213) addi tp, tp, 1
x4 <- 0x00000001


mem[X,0x8001E9AC] -> 0x006F
mem[X,0x8001E9AE] -> 0x0200
[2897] [M]: 0x8001E9AC (0x0200006F) jal zero, 32


mem[X,0x8001E9CC] -> 0xAC23
mem[X,0x8001E9CE] -> 0x4640
[2898] [M]: 0x8001E9CC (0x4640AC23) sw tp, 1144(ra)
mem[0x800396E0] <- 0x00000001


mem[X,0x8001E9D0] -> 0x5537
mem[X,0x8001E9D2] -> 0x5555
[2899] [M]: 0x8001E9D0 (0x55555537) lui a0, 349525
x10 <- 0x55555000


clint::tick mtime <- 0x000000000000001D
 clint timer pending at mtime 0x000000000000001D
htif::tick 0x0000000000000000
mem[X,0x8001E9D4] -> 0x0513
mem[X,0x8001E9D6] -> 0x5545
[2900] [M]: 0x8001E9D4 (0x55450513) addi a0, a0, 1364
x10 <- 0x55555554


mem[X,0x8001E9D8] -> 0x0593
mem[X,0x8001E9DA] -> 0x0040
[2901] [M]: 0x8001E9D8 (0x00400593) addi a1, zero, 4
x11 <- 0x00000004


mem[X,0x8001E9DC] -> 0x0213
mem[X,0x8001E9DE] -> 0x0000
[2902] [M]: 0x8001E9DC (0x00000213) addi tp, zero, 0
x4 <- 0x00000000


mem[X,0x8001E9E0] -> 0x006F
mem[X,0x8001E9E2] -> 0x0100
[2903] [M]: 0x8001E9E0 (0x0100006F) jal zero, 16


mem[X,0x8001E9F0] -> 0x1AE3
mem[X,0x8001E9F2] -> 0xFEB5
[2904] [M]: 0x8001E9F0 (0xFEB51AE3) bne a0, a1, 8180


mem[X,0x8001E9E4] -> 0x0213
mem[X,0x8001E9E6] -> 0x0012
[2905] [M]: 0x8001E9E4 (0x00120213) addi tp, tp, 1
x4 <- 0x00000001


mem[X,0x8001E9E8] -> 0x006F
mem[X,0x8001E9EA] -> 0x01C0
[2906] [M]: 0x8001E9E8 (0x01C0006F) jal zero, 28


mem[X,0x8001EA04] -> 0xAE23
mem[X,0x8001EA06] -> 0x4640
[2907] [M]: 0x8001EA04 (0x4640AE23) sw tp, 1148(ra)
mem[0x800396E4] <- 0x00000001


mem[X,0x8001EA08] -> 0x5537
mem[X,0x8001EA0A] -> 0x5555
[2908] [M]: 0x8001EA08 (0x55555537) lui a0, 349525
x10 <- 0x55555000


mem[X,0x8001EA0C] -> 0x0513
mem[X,0x8001EA0E] -> 0x5545
[2909] [M]: 0x8001EA0C (0x55450513) addi a0, a0, 1364
x10 <- 0x55555554


mem[X,0x8001EA10] -> 0x35B7
mem[X,0x8001EA12] -> 0x3333
[2910] [M]: 0x8001EA10 (0x333335B7) lui a1, 209715
x11 <- 0x33333000


mem[X,0x8001EA14] -> 0x8593
mem[X,0x8001EA16] -> 0x3325
[2911] [M]: 0x8001EA14 (0x33258593) addi a1, a1, 818
x11 <- 0x33333332


mem[X,0x8001EA18] -> 0x0213
mem[X,0x8001EA1A] -> 0x0000
[2912] [M]: 0x8001EA18 (0x00000213) addi tp, zero, 0
x4 <- 0x00000000


mem[X,0x8001EA1C] -> 0x006F
mem[X,0x8001EA1E] -> 0x00C0
[2913] [M]: 0x8001EA1C (0x00C0006F) jal zero, 12


mem[X,0x8001EA28] -> 0x1663
mem[X,0x8001EA2A] -> 0x00B5
[2914] [M]: 0x8001EA28 (0x00B51663) bne a0, a1, 12


mem[X,0x8001EA34] -> 0x0213
mem[X,0x8001EA36] -> 0x0032
[2915] [M]: 0x8001EA34 (0x00320213) addi tp, tp, 3
x4 <- 0x00000003


mem[X,0x8001EA38] -> 0x006F
mem[X,0x8001EA3A] -> 0x0040
[2916] [M]: 0x8001EA38 (0x0040006F) jal zero, 4


mem[X,0x8001EA3C] -> 0xA023
mem[X,0x8001EA3E] -> 0x4840
[2917] [M]: 0x8001EA3C (0x4840A023) sw tp, 1152(ra)
mem[0x800396E8] <- 0x00000003


mem[X,0x8001EA40] -> 0x5537
mem[X,0x8001EA42] -> 0x5555
[2918] [M]: 0x8001EA40 (0x55555537) lui a0, 349525
x10 <- 0x55555000


mem[X,0x8001EA44] -> 0x0513
mem[X,0x8001EA46] -> 0x5545
[2919] [M]: 0x8001EA44 (0x55450513) addi a0, a0, 1364
x10 <- 0x55555554


mem[X,0x8001EA48] -> 0x65B7
mem[X,0x8001EA4A] -> 0x6666
[2920] [M]: 0x8001EA48 (0x666665B7) lui a1, 419430
x11 <- 0x66666000


mem[X,0x8001EA4C] -> 0x8593
mem[X,0x8001EA4E] -> 0x6655
[2921] [M]: 0x8001EA4C (0x66558593) addi a1, a1, 1637
x11 <- 0x66666665


mem[X,0x8001EA50] -> 0x0213
mem[X,0x8001EA52] -> 0x0000
[2922] [M]: 0x8001EA50 (0x00000213) addi tp, zero, 0
x4 <- 0x00000000


mem[X,0x8001EA54] -> 0x006F
mem[X,0x8001EA56] -> 0x00C0
[2923] [M]: 0x8001EA54 (0x00C0006F) jal zero, 12


mem[X,0x8001EA60] -> 0x1063
mem[X,0x8001EA62] -> 0x10B5
[2924] [M]: 0x8001EA60 (0x10B51063) bne a0, a1, 256


mem[X,0x8001EB60] -> 0x0213
mem[X,0x8001EB62] -> 0x0032
[2925] [M]: 0x8001EB60 (0x00320213) addi tp, tp, 3
x4 <- 0x00000003


mem[X,0x8001EB64] -> 0x006F
mem[X,0x8001EB66] -> 0x0040
[2926] [M]: 0x8001EB64 (0x0040006F) jal zero, 4


mem[X,0x8001EB68] -> 0xA223
mem[X,0x8001EB6A] -> 0x4840
[2927] [M]: 0x8001EB68 (0x4840A223) sw tp, 1156(ra)
mem[0x800396EC] <- 0x00000003


mem[X,0x8001EB6C] -> 0x5537
mem[X,0x8001EB6E] -> 0x5555
[2928] [M]: 0x8001EB6C (0x55555537) lui a0, 349525
x10 <- 0x55555000


mem[X,0x8001EB70] -> 0x0513
mem[X,0x8001EB72] -> 0x5545
[2929] [M]: 0x8001EB70 (0x55450513) addi a0, a0, 1364
x10 <- 0x55555554


mem[X,0x8001EB74] -> 0xB5B7
mem[X,0x8001EB76] -> 0x0000
[2930] [M]: 0x8001EB74 (0x0000B5B7) lui a1, 11
x11 <- 0x0000B000


mem[X,0x8001EB78] -> 0x8593
mem[X,0x8001EB7A] -> 0x5035
[2931] [M]: 0x8001EB78 (0x50358593) addi a1, a1, 1283
x11 <- 0x0000B503


mem[X,0x8001EB7C] -> 0x0213
mem[X,0x8001EB7E] -> 0x0000
[2932] [M]: 0x8001EB7C (0x00000213) addi tp, zero, 0
x4 <- 0x00000000


mem[X,0x8001EB80] -> 0x006F
mem[X,0x8001EB82] -> 0x0050
[2933] [M]: 0x8001EB80 (0x0050006F) jal zero, 2052


mem[X,0x8001F384] -> 0x10E3
mem[X,0x8001F386] -> 0x80B5
[2934] [M]: 0x8001F384 (0x80B510E3) bne a0, a1, 6144


mem[X,0x8001EB84] -> 0x0213
mem[X,0x8001EB86] -> 0x0012
[2935] [M]: 0x8001EB84 (0x00120213) addi tp, tp, 1
x4 <- 0x00000001


mem[X,0x8001EB88] -> 0x006F
mem[X,0x8001EB8A] -> 0x0110
[2936] [M]: 0x8001EB88 (0x0110006F) jal zero, 2064


mem[X,0x8001F398] -> 0xA423
mem[X,0x8001F39A] -> 0x4840
[2937] [M]: 0x8001F398 (0x4840A423) sw tp, 1160(ra)
mem[0x800396F0] <- 0x00000001


mem[X,0x8001F39C] -> 0x5537
mem[X,0x8001F39E] -> 0x5555
[2938] [M]: 0x8001F39C (0x55555537) lui a0, 349525
x10 <- 0x55555000


mem[X,0x8001F3A0] -> 0x0513
mem[X,0x8001F3A2] -> 0x5545
[2939] [M]: 0x8001F3A0 (0x55450513) addi a0, a0, 1364
x10 <- 0x55555554


mem[X,0x8001F3A4] -> 0x55B7
mem[X,0x8001F3A6] -> 0x5555
[2940] [M]: 0x8001F3A4 (0x555555B7) lui a1, 349525
x11 <- 0x55555000


mem[X,0x8001F3A8] -> 0x8593
mem[X,0x8001F3AA] -> 0x5565
[2941] [M]: 0x8001F3A8 (0x55658593) addi a1, a1, 1366
x11 <- 0x55555556


mem[X,0x8001F3AC] -> 0x0213
mem[X,0x8001F3AE] -> 0x0000
[2942] [M]: 0x8001F3AC (0x00000213) addi tp, zero, 0
x4 <- 0x00000000


mem[X,0x8001F3B0] -> 0x006F
mem[X,0x8001F3B2] -> 0x0140
[2943] [M]: 0x8001F3B0 (0x0140006F) jal zero, 20


mem[X,0x8001F3C4] -> 0x18E3
mem[X,0x8001F3C6] -> 0xFEB5
[2944] [M]: 0x8001F3C4 (0xFEB518E3) bne a0, a1, 8176


mem[X,0x8001F3B4] -> 0x0213
mem[X,0x8001F3B6] -> 0x0012
[2945] [M]: 0x8001F3B4 (0x00120213) addi tp, tp, 1
x4 <- 0x00000001


mem[X,0x8001F3B8] -> 0x006F
mem[X,0x8001F3BA] -> 0x0200
[2946] [M]: 0x8001F3B8 (0x0200006F) jal zero, 32


mem[X,0x8001F3D8] -> 0xA623
mem[X,0x8001F3DA] -> 0x4840
[2947] [M]: 0x8001F3D8 (0x4840A623) sw tp, 1164(ra)
mem[0x800396F4] <- 0x00000001


mem[X,0x8001F3DC] -> 0x5537
mem[X,0x8001F3DE] -> 0x5555
[2948] [M]: 0x8001F3DC (0x55555537) lui a0, 349525
x10 <- 0x55555000


mem[X,0x8001F3E0] -> 0x0513
mem[X,0x8001F3E2] -> 0x5545
[2949] [M]: 0x8001F3E0 (0x55450513) addi a0, a0, 1364
x10 <- 0x55555554


mem[X,0x8001F3E4] -> 0xB5B7
mem[X,0x8001F3E6] -> 0xAAAA
[2950] [M]: 0x8001F3E4 (0xAAAAB5B7) lui a1, 699051
x11 <- 0xAAAAB000


mem[X,0x8001F3E8] -> 0x8593
mem[X,0x8001F3EA] -> 0xAAB5
[2951] [M]: 0x8001F3E8 (0xAAB58593) addi a1, a1, 2731
x11 <- 0xAAAAAAAB


mem[X,0x8001F3EC] -> 0x0213
mem[X,0x8001F3EE] -> 0x0000
[2952] [M]: 0x8001F3EC (0x00000213) addi tp, zero, 0
x4 <- 0x00000000


mem[X,0x8001F3F0] -> 0x006F
mem[X,0x8001F3F2] -> 0x2B10
[2953] [M]: 0x8001F3F0 (0x2B10006F) jal zero, 2736


mem[X,0x8001FEA0] -> 0x1A63
mem[X,0x8001FEA2] -> 0xD4B5
[2954] [M]: 0x8001FEA0 (0xD4B51A63) bne a0, a1, 5460


mem[X,0x8001F3F4] -> 0x0213
mem[X,0x8001F3F6] -> 0x0012
[2955] [M]: 0x8001F3F4 (0x00120213) addi tp, tp, 1
x4 <- 0x00000001


mem[X,0x8001F3F8] -> 0x006F
mem[X,0x8001F3FA] -> 0x2BD0
[2956] [M]: 0x8001F3F8 (0x2BD0006F) jal zero, 2748


mem[X,0x8001FEB4] -> 0xA823
mem[X,0x8001FEB6] -> 0x4840
[2957] [M]: 0x8001FEB4 (0x4840A823) sw tp, 1168(ra)
mem[0x800396F8] <- 0x00000001


mem[X,0x8001FEB8] -> 0x5537
mem[X,0x8001FEBA] -> 0x5555
[2958] [M]: 0x8001FEB8 (0x55555537) lui a0, 349525
x10 <- 0x55555000


mem[X,0x8001FEBC] -> 0x0513
mem[X,0x8001FEBE] -> 0x5545
[2959] [M]: 0x8001FEBC (0x55450513) addi a0, a0, 1364
x10 <- 0x55555554


mem[X,0x8001FEC0] -> 0x0593
mem[X,0x8001FEC2] -> 0x0060
[2960] [M]: 0x8001FEC0 (0x00600593) addi a1, zero, 6
x11 <- 0x00000006


mem[X,0x8001FEC4] -> 0x0213
mem[X,0x8001FEC6] -> 0x0000
[2961] [M]: 0x8001FEC4 (0x00000213) addi tp, zero, 0
x4 <- 0x00000000


mem[X,0x8001FEC8] -> 0x006F
mem[X,0x8001FECA] -> 0x00C0
[2962] [M]: 0x8001FEC8 (0x00C0006F) jal zero, 12


mem[X,0x8001FED4] -> 0x1063
mem[X,0x8001FED6] -> 0x04B5
[2963] [M]: 0x8001FED4 (0x04B51063) bne a0, a1, 64


mem[X,0x8001FF14] -> 0x0213
mem[X,0x8001FF16] -> 0x0032
[2964] [M]: 0x8001FF14 (0x00320213) addi tp, tp, 3
x4 <- 0x00000003


mem[X,0x8001FF18] -> 0x006F
mem[X,0x8001FF1A] -> 0x0040
[2965] [M]: 0x8001FF18 (0x0040006F) jal zero, 4


mem[X,0x8001FF1C] -> 0xAA23
mem[X,0x8001FF1E] -> 0x4840
[2966] [M]: 0x8001FF1C (0x4840AA23) sw tp, 1172(ra)
mem[0x800396FC] <- 0x00000003


mem[X,0x8001FF20] -> 0x5537
mem[X,0x8001FF22] -> 0x5555
[2967] [M]: 0x8001FF20 (0x55555537) lui a0, 349525
x10 <- 0x55555000


mem[X,0x8001FF24] -> 0x0513
mem[X,0x8001FF26] -> 0x5545
[2968] [M]: 0x8001FF24 (0x55450513) addi a0, a0, 1364
x10 <- 0x55555554


mem[X,0x8001FF28] -> 0x35B7
mem[X,0x8001FF2A] -> 0x3333
[2969] [M]: 0x8001FF28 (0x333335B7) lui a1, 209715
x11 <- 0x33333000


mem[X,0x8001FF2C] -> 0x8593
mem[X,0x8001FF2E] -> 0x3345
[2970] [M]: 0x8001FF2C (0x33458593) addi a1, a1, 820
x11 <- 0x33333334


mem[X,0x8001FF30] -> 0x0213
mem[X,0x8001FF32] -> 0x0000
[2971] [M]: 0x8001FF30 (0x00000213) addi tp, zero, 0
x4 <- 0x00000000


mem[X,0x8001FF34] -> 0x006F
mem[X,0x8001FF36] -> 0x00C0
[2972] [M]: 0x8001FF34 (0x00C0006F) jal zero, 12


mem[X,0x8001FF40] -> 0x1063
mem[X,0x8001FF42] -> 0x20B5
[2973] [M]: 0x8001FF40 (0x20B51063) bne a0, a1, 512


mem[X,0x80020140] -> 0x0213
mem[X,0x80020142] -> 0x0032
[2974] [M]: 0x80020140 (0x00320213) addi tp, tp, 3
x4 <- 0x00000003


mem[X,0x80020144] -> 0x006F
mem[X,0x80020146] -> 0x0040
[2975] [M]: 0x80020144 (0x0040006F) jal zero, 4


mem[X,0x80020148] -> 0xAC23
mem[X,0x8002014A] -> 0x4840
[2976] [M]: 0x80020148 (0x4840AC23) sw tp, 1176(ra)
mem[0x80039700] <- 0x00000003


mem[X,0x8002014C] -> 0x5537
mem[X,0x8002014E] -> 0x5555
[2977] [M]: 0x8002014C (0x55555537) lui a0, 349525
x10 <- 0x55555000


mem[X,0x80020150] -> 0x0513
mem[X,0x80020152] -> 0x5545
[2978] [M]: 0x80020150 (0x55450513) addi a0, a0, 1364
x10 <- 0x55555554


mem[X,0x80020154] -> 0x65B7
mem[X,0x80020156] -> 0x6666
[2979] [M]: 0x80020154 (0x666665B7) lui a1, 419430
x11 <- 0x66666000


mem[X,0x80020158] -> 0x8593
mem[X,0x8002015A] -> 0x6675
[2980] [M]: 0x80020158 (0x66758593) addi a1, a1, 1639
x11 <- 0x66666667


mem[X,0x8002015C] -> 0x0213
mem[X,0x8002015E] -> 0x0000
[2981] [M]: 0x8002015C (0x00000213) addi tp, zero, 0
x4 <- 0x00000000


mem[X,0x80020160] -> 0x006F
mem[X,0x80020162] -> 0x00C0
[2982] [M]: 0x80020160 (0x00C0006F) jal zero, 12


mem[X,0x8002016C] -> 0x1063
mem[X,0x8002016E] -> 0x10B5
[2983] [M]: 0x8002016C (0x10B51063) bne a0, a1, 256


mem[X,0x8002026C] -> 0x0213
mem[X,0x8002026E] -> 0x0032
[2984] [M]: 0x8002026C (0x00320213) addi tp, tp, 3
x4 <- 0x00000003


mem[X,0x80020270] -> 0x006F
mem[X,0x80020272] -> 0x0040
[2985] [M]: 0x80020270 (0x0040006F) jal zero, 4


mem[X,0x80020274] -> 0xAE23
mem[X,0x80020276] -> 0x4840
[2986] [M]: 0x80020274 (0x4840AE23) sw tp, 1180(ra)
mem[0x80039704] <- 0x00000003


mem[X,0x80020278] -> 0x5537
mem[X,0x8002027A] -> 0x5555
[2987] [M]: 0x80020278 (0x55555537) lui a0, 349525
x10 <- 0x55555000


mem[X,0x8002027C] -> 0x0513
mem[X,0x8002027E] -> 0x5545
[2988] [M]: 0x8002027C (0x55450513) addi a0, a0, 1364
x10 <- 0x55555554


mem[X,0x80020280] -> 0x55B7
mem[X,0x80020282] -> 0xFFFF
[2989] [M]: 0x80020280 (0xFFFF55B7) lui a1, 1048565
x11 <- 0xFFFF5000


mem[X,0x80020284] -> 0x8593
mem[X,0x80020286] -> 0xAFD5
[2990] [M]: 0x80020284 (0xAFD58593) addi a1, a1, 2813
x11 <- 0xFFFF4AFD


mem[X,0x80020288] -> 0x0213
mem[X,0x8002028A] -> 0x0000
[2991] [M]: 0x80020288 (0x00000213) addi tp, zero, 0
x4 <- 0x00000000


mem[X,0x8002028C] -> 0x006F
mem[X,0x8002028E] -> 0x00C0
[2992] [M]: 0x8002028C (0x00C0006F) jal zero, 12


mem[X,0x80020298] -> 0x1663
mem[X,0x8002029A] -> 0x00B5
[2993] [M]: 0x80020298 (0x00B51663) bne a0, a1, 12


mem[X,0x800202A4] -> 0x0213
mem[X,0x800202A6] -> 0x0032
[2994] [M]: 0x800202A4 (0x00320213) addi tp, tp, 3
x4 <- 0x00000003


mem[X,0x800202A8] -> 0x006F
mem[X,0x800202AA] -> 0x0040
[2995] [M]: 0x800202A8 (0x0040006F) jal zero, 4


mem[X,0x800202AC] -> 0xA023
mem[X,0x800202AE] -> 0x4A40
[2996] [M]: 0x800202AC (0x4A40A023) sw tp, 1184(ra)
mem[0x80039708] <- 0x00000003


mem[X,0x800202B0] -> 0x5537
mem[X,0x800202B2] -> 0x5555
[2997] [M]: 0x800202B0 (0x55555537) lui a0, 349525
x10 <- 0x55555000


mem[X,0x800202B4] -> 0x0513
mem[X,0x800202B6] -> 0x5545
[2998] [M]: 0x800202B4 (0x55450513) addi a0, a0, 1364
x10 <- 0x55555554


mem[X,0x800202B8] -> 0xB5B7
mem[X,0x800202BA] -> 0x0000
[2999] [M]: 0x800202B8 (0x0000B5B7) lui a1, 11
x11 <- 0x0000B000


clint::tick mtime <- 0x000000000000001E
 clint timer pending at mtime 0x000000000000001E
htif::tick 0x0000000000000000
mem[X,0x800202BC] -> 0x8593
mem[X,0x800202BE] -> 0x5055
[3000] [M]: 0x800202BC (0x50558593) addi a1, a1, 1285
x11 <- 0x0000B505


mem[X,0x800202C0] -> 0x0213
mem[X,0x800202C2] -> 0x0000
[3001] [M]: 0x800202C0 (0x00000213) addi tp, zero, 0
x4 <- 0x00000000


mem[X,0x800202C4] -> 0x006F
mem[X,0x800202C6] -> 0x00C0
[3002] [M]: 0x800202C4 (0x00C0006F) jal zero, 12


mem[X,0x800202D0] -> 0x1CE3
mem[X,0x800202D2] -> 0xFEB5
[3003] [M]: 0x800202D0 (0xFEB51CE3) bne a0, a1, 8184


mem[X,0x800202C8] -> 0x0213
mem[X,0x800202CA] -> 0x0012
[3004] [M]: 0x800202C8 (0x00120213) addi tp, tp, 1
x4 <- 0x00000001


mem[X,0x800202CC] -> 0x006F
mem[X,0x800202CE] -> 0x0180
[3005] [M]: 0x800202CC (0x0180006F) jal zero, 24


mem[X,0x800202E4] -> 0xA223
mem[X,0x800202E6] -> 0x4A40
[3006] [M]: 0x800202E4 (0x4A40A223) sw tp, 1188(ra)
mem[0x8003970C] <- 0x00000001


mem[X,0x800202E8] -> 0x0513
mem[X,0x800202EA] -> 0x0000
[3007] [M]: 0x800202E8 (0x00000513) addi a0, zero, 0
x10 <- 0x00000000


mem[X,0x800202EC] -> 0x0593
mem[X,0x800202EE] -> 0x0030
[3008] [M]: 0x800202EC (0x00300593) addi a1, zero, 3
x11 <- 0x00000003


mem[X,0x800202F0] -> 0x0213
mem[X,0x800202F2] -> 0x0000
[3009] [M]: 0x800202F0 (0x00000213) addi tp, zero, 0
x4 <- 0x00000000


mem[X,0x800202F4] -> 0x006F
mem[X,0x800202F6] -> 0x00C0
[3010] [M]: 0x800202F4 (0x00C0006F) jal zero, 12


mem[X,0x80020300] -> 0x1663
mem[X,0x80020302] -> 0x00B5
[3011] [M]: 0x80020300 (0x00B51663) bne a0, a1, 12


mem[X,0x8002030C] -> 0x0213
mem[X,0x8002030E] -> 0x0032
[3012] [M]: 0x8002030C (0x00320213) addi tp, tp, 3
x4 <- 0x00000003


mem[X,0x80020310] -> 0x006F
mem[X,0x80020312] -> 0x0040
[3013] [M]: 0x80020310 (0x0040006F) jal zero, 4


mem[X,0x80020314] -> 0xA423
mem[X,0x80020316] -> 0x4A40
[3014] [M]: 0x80020314 (0x4A40A423) sw tp, 1192(ra)
mem[0x80039710] <- 0x00000003


mem[X,0x80020318] -> 0x0513
mem[X,0x8002031A] -> 0x0000
[3015] [M]: 0x80020318 (0x00000513) addi a0, zero, 0
x10 <- 0x00000000


mem[X,0x8002031C] -> 0x55B7
mem[X,0x8002031E] -> 0x5555
[3016] [M]: 0x8002031C (0x555555B7) lui a1, 349525
x11 <- 0x55555000


mem[X,0x80020320] -> 0x8593
mem[X,0x80020322] -> 0x5555
[3017] [M]: 0x80020320 (0x55558593) addi a1, a1, 1365
x11 <- 0x55555555


mem[X,0x80020324] -> 0x0213
mem[X,0x80020326] -> 0x0000
[3018] [M]: 0x80020324 (0x00000213) addi tp, zero, 0
x4 <- 0x00000000


mem[X,0x80020328] -> 0x006F
mem[X,0x8002032A] -> 0x00C0
[3019] [M]: 0x80020328 (0x00C0006F) jal zero, 12


mem[X,0x80020334] -> 0x1663
mem[X,0x80020336] -> 0x00B5
[3020] [M]: 0x80020334 (0x00B51663) bne a0, a1, 12


mem[X,0x80020340] -> 0x0213
mem[X,0x80020342] -> 0x0032
[3021] [M]: 0x80020340 (0x00320213) addi tp, tp, 3
x4 <- 0x00000003


mem[X,0x80020344] -> 0x006F
mem[X,0x80020346] -> 0x0040
[3022] [M]: 0x80020344 (0x0040006F) jal zero, 4


mem[X,0x80020348] -> 0xA623
mem[X,0x8002034A] -> 0x4A40
[3023] [M]: 0x80020348 (0x4A40A623) sw tp, 1196(ra)
mem[0x80039714] <- 0x00000003


mem[X,0x8002034C] -> 0x0513
mem[X,0x8002034E] -> 0x0000
[3024] [M]: 0x8002034C (0x00000513) addi a0, zero, 0
x10 <- 0x00000000


mem[X,0x80020350] -> 0xB5B7
mem[X,0x80020352] -> 0xAAAA
[3025] [M]: 0x80020350 (0xAAAAB5B7) lui a1, 699051
x11 <- 0xAAAAB000


mem[X,0x80020354] -> 0x8593
mem[X,0x80020356] -> 0xAAA5
[3026] [M]: 0x80020354 (0xAAA58593) addi a1, a1, 2730
x11 <- 0xAAAAAAAA


mem[X,0x80020358] -> 0x0213
mem[X,0x8002035A] -> 0x0000
[3027] [M]: 0x80020358 (0x00000213) addi tp, zero, 0
x4 <- 0x00000000


mem[X,0x8002035C] -> 0x006F
mem[X,0x8002035E] -> 0x00C0
[3028] [M]: 0x8002035C (0x00C0006F) jal zero, 12


mem[X,0x80020368] -> 0x1063
mem[X,0x8002036A] -> 0x40B5
[3029] [M]: 0x80020368 (0x40B51063) bne a0, a1, 1024


mem[X,0x80020768] -> 0x0213
mem[X,0x8002076A] -> 0x0032
[3030] [M]: 0x80020768 (0x00320213) addi tp, tp, 3
x4 <- 0x00000003


mem[X,0x8002076C] -> 0x006F
mem[X,0x8002076E] -> 0x0040
[3031] [M]: 0x8002076C (0x0040006F) jal zero, 4


mem[X,0x80020770] -> 0xA823
mem[X,0x80020772] -> 0x4A40
[3032] [M]: 0x80020770 (0x4A40A823) sw tp, 1200(ra)
mem[0x80039718] <- 0x00000003


mem[X,0x80020774] -> 0x0513
mem[X,0x80020776] -> 0x0000
[3033] [M]: 0x80020774 (0x00000513) addi a0, zero, 0
x10 <- 0x00000000


mem[X,0x80020778] -> 0x0593
mem[X,0x8002077A] -> 0x0050
[3034] [M]: 0x80020778 (0x00500593) addi a1, zero, 5
x11 <- 0x00000005


mem[X,0x8002077C] -> 0x0213
mem[X,0x8002077E] -> 0x0000
[3035] [M]: 0x8002077C (0x00000213) addi tp, zero, 0
x4 <- 0x00000000


mem[X,0x80020780] -> 0x006F
mem[X,0x80020782] -> 0x00C0
[3036] [M]: 0x80020780 (0x00C0006F) jal zero, 12


mem[X,0x8002078C] -> 0x1663
mem[X,0x8002078E] -> 0x00B5
[3037] [M]: 0x8002078C (0x00B51663) bne a0, a1, 12


mem[X,0x80020798] -> 0x0213
mem[X,0x8002079A] -> 0x0032
[3038] [M]: 0x80020798 (0x00320213) addi tp, tp, 3
x4 <- 0x00000003


mem[X,0x8002079C] -> 0x006F
mem[X,0x8002079E] -> 0x0040
[3039] [M]: 0x8002079C (0x0040006F) jal zero, 4


mem[X,0x800207A0] -> 0xAA23
mem[X,0x800207A2] -> 0x4A40
[3040] [M]: 0x800207A0 (0x4A40AA23) sw tp, 1204(ra)
mem[0x8003971C] <- 0x00000003


mem[X,0x800207A4] -> 0x0513
mem[X,0x800207A6] -> 0x0000
[3041] [M]: 0x800207A4 (0x00000513) addi a0, zero, 0
x10 <- 0x00000000


mem[X,0x800207A8] -> 0x35B7
mem[X,0x800207AA] -> 0x3333
[3042] [M]: 0x800207A8 (0x333335B7) lui a1, 209715
x11 <- 0x33333000


mem[X,0x800207AC] -> 0x8593
mem[X,0x800207AE] -> 0x3335
[3043] [M]: 0x800207AC (0x33358593) addi a1, a1, 819
x11 <- 0x33333333


mem[X,0x800207B0] -> 0x0213
mem[X,0x800207B2] -> 0x0000
[3044] [M]: 0x800207B0 (0x00000213) addi tp, zero, 0
x4 <- 0x00000000


mem[X,0x800207B4] -> 0x006F
mem[X,0x800207B6] -> 0x00C0
[3045] [M]: 0x800207B4 (0x00C0006F) jal zero, 12


mem[X,0x800207C0] -> 0x1063
mem[X,0x800207C2] -> 0x20B5
[3046] [M]: 0x800207C0 (0x20B51063) bne a0, a1, 512


mem[X,0x800209C0] -> 0x0213
mem[X,0x800209C2] -> 0x0032
[3047] [M]: 0x800209C0 (0x00320213) addi tp, tp, 3
x4 <- 0x00000003


mem[X,0x800209C4] -> 0x006F
mem[X,0x800209C6] -> 0x0040
[3048] [M]: 0x800209C4 (0x0040006F) jal zero, 4


mem[X,0x800209C8] -> 0xAC23
mem[X,0x800209CA] -> 0x4A40
[3049] [M]: 0x800209C8 (0x4A40AC23) sw tp, 1208(ra)
mem[0x80039720] <- 0x00000003


mem[X,0x800209CC] -> 0x0513
mem[X,0x800209CE] -> 0x0000
[3050] [M]: 0x800209CC (0x00000513) addi a0, zero, 0
x10 <- 0x00000000


mem[X,0x800209D0] -> 0x65B7
mem[X,0x800209D2] -> 0x6666
[3051] [M]: 0x800209D0 (0x666665B7) lui a1, 419430
x11 <- 0x66666000


mem[X,0x800209D4] -> 0x8593
mem[X,0x800209D6] -> 0x6665
[3052] [M]: 0x800209D4 (0x66658593) addi a1, a1, 1638
x11 <- 0x66666666


mem[X,0x800209D8] -> 0x0213
mem[X,0x800209DA] -> 0x0000
[3053] [M]: 0x800209D8 (0x00000213) addi tp, zero, 0
x4 <- 0x00000000


mem[X,0x800209DC] -> 0x006F
mem[X,0x800209DE] -> 0x0100
[3054] [M]: 0x800209DC (0x0100006F) jal zero, 16


mem[X,0x800209EC] -> 0x1AE3
mem[X,0x800209EE] -> 0xFEB5
[3055] [M]: 0x800209EC (0xFEB51AE3) bne a0, a1, 8180


mem[X,0x800209E0] -> 0x0213
mem[X,0x800209E2] -> 0x0012
[3056] [M]: 0x800209E0 (0x00120213) addi tp, tp, 1
x4 <- 0x00000001


mem[X,0x800209E4] -> 0x006F
mem[X,0x800209E6] -> 0x01C0
[3057] [M]: 0x800209E4 (0x01C0006F) jal zero, 28


mem[X,0x80020A00] -> 0xAE23
mem[X,0x80020A02] -> 0x4A40
[3058] [M]: 0x80020A00 (0x4A40AE23) sw tp, 1212(ra)
mem[0x80039724] <- 0x00000001


mem[X,0x80020A04] -> 0x0513
mem[X,0x80020A06] -> 0x0000
[3059] [M]: 0x80020A04 (0x00000513) addi a0, zero, 0
x10 <- 0x00000000


mem[X,0x80020A08] -> 0x55B7
mem[X,0x80020A0A] -> 0xFFFF
[3060] [M]: 0x80020A08 (0xFFFF55B7) lui a1, 1048565
x11 <- 0xFFFF5000


mem[X,0x80020A0C] -> 0x8593
mem[X,0x80020A0E] -> 0xAFC5
[3061] [M]: 0x80020A0C (0xAFC58593) addi a1, a1, 2812
x11 <- 0xFFFF4AFC


mem[X,0x80020A10] -> 0x0213
mem[X,0x80020A12] -> 0x0000
[3062] [M]: 0x80020A10 (0x00000213) addi tp, zero, 0
x4 <- 0x00000000


mem[X,0x80020A14] -> 0x006F
mem[X,0x80020A16] -> 0x00C0
[3063] [M]: 0x80020A14 (0x00C0006F) jal zero, 12


mem[X,0x80020A20] -> 0x1063
mem[X,0x80020A22] -> 0x10B5
[3064] [M]: 0x80020A20 (0x10B51063) bne a0, a1, 256


mem[X,0x80020B20] -> 0x0213
mem[X,0x80020B22] -> 0x0032
[3065] [M]: 0x80020B20 (0x00320213) addi tp, tp, 3
x4 <- 0x00000003


mem[X,0x80020B24] -> 0x006F
mem[X,0x80020B26] -> 0x0040
[3066] [M]: 0x80020B24 (0x0040006F) jal zero, 4


mem[X,0x80020B28] -> 0xA023
mem[X,0x80020B2A] -> 0x4C40
[3067] [M]: 0x80020B28 (0x4C40A023) sw tp, 1216(ra)
mem[0x80039728] <- 0x00000003


mem[X,0x80020B2C] -> 0x0513
mem[X,0x80020B2E] -> 0x0000
[3068] [M]: 0x80020B2C (0x00000513) addi a0, zero, 0
x10 <- 0x00000000


mem[X,0x80020B30] -> 0xB5B7
mem[X,0x80020B32] -> 0x0000
[3069] [M]: 0x80020B30 (0x0000B5B7) lui a1, 11
x11 <- 0x0000B000


mem[X,0x80020B34] -> 0x8593
mem[X,0x80020B36] -> 0x5045
[3070] [M]: 0x80020B34 (0x50458593) addi a1, a1, 1284
x11 <- 0x0000B504


mem[X,0x80020B38] -> 0x0213
mem[X,0x80020B3A] -> 0x0000
[3071] [M]: 0x80020B38 (0x00000213) addi tp, zero, 0
x4 <- 0x00000000


mem[X,0x80020B3C] -> 0x006F
mem[X,0x80020B3E] -> 0x00C0
[3072] [M]: 0x80020B3C (0x00C0006F) jal zero, 12


mem[X,0x80020B48] -> 0x1CE3
mem[X,0x80020B4A] -> 0xFEB5
[3073] [M]: 0x80020B48 (0xFEB51CE3) bne a0, a1, 8184


mem[X,0x80020B40] -> 0x0213
mem[X,0x80020B42] -> 0x0012
[3074] [M]: 0x80020B40 (0x00120213) addi tp, tp, 1
x4 <- 0x00000001


mem[X,0x80020B44] -> 0x006F
mem[X,0x80020B46] -> 0x0180
[3075] [M]: 0x80020B44 (0x0180006F) jal zero, 24


mem[X,0x80020B5C] -> 0xA223
mem[X,0x80020B5E] -> 0x4C40
[3076] [M]: 0x80020B5C (0x4C40A223) sw tp, 1220(ra)
mem[0x8003972C] <- 0x00000001


mem[X,0x80020B60] -> 0xB537
mem[X,0x80020B62] -> 0xAAAA
[3077] [M]: 0x80020B60 (0xAAAAB537) lui a0, 699051
x10 <- 0xAAAAB000


mem[X,0x80020B64] -> 0x0513
mem[X,0x80020B66] -> 0xAAB5
[3078] [M]: 0x80020B64 (0xAAB50513) addi a0, a0, 2731
x10 <- 0xAAAAAAAB


mem[X,0x80020B68] -> 0x35B7
mem[X,0x80020B6A] -> 0x3333
[3079] [M]: 0x80020B68 (0x333335B7) lui a1, 209715
x11 <- 0x33333000


mem[X,0x80020B6C] -> 0x8593
mem[X,0x80020B6E] -> 0x3345
[3080] [M]: 0x80020B6C (0x33458593) addi a1, a1, 820
x11 <- 0x33333334


mem[X,0x80020B70] -> 0x0213
mem[X,0x80020B72] -> 0x0000
[3081] [M]: 0x80020B70 (0x00000213) addi tp, zero, 0
x4 <- 0x00000000


mem[X,0x80020B74] -> 0x006F
mem[X,0x80020B76] -> 0x00C0
[3082] [M]: 0x80020B74 (0x00C0006F) jal zero, 12


mem[X,0x80020B80] -> 0x1CE3
mem[X,0x80020B82] -> 0xFEB5
[3083] [M]: 0x80020B80 (0xFEB51CE3) bne a0, a1, 8184


mem[X,0x80020B78] -> 0x0213
mem[X,0x80020B7A] -> 0x0012
[3084] [M]: 0x80020B78 (0x00120213) addi tp, tp, 1
x4 <- 0x00000001


mem[X,0x80020B7C] -> 0x006F
mem[X,0x80020B7E] -> 0x0180
[3085] [M]: 0x80020B7C (0x0180006F) jal zero, 24


mem[X,0x80020B94] -> 0xA423
mem[X,0x80020B96] -> 0x4C40
[3086] [M]: 0x80020B94 (0x4C40A423) sw tp, 1224(ra)
mem[0x80039730] <- 0x00000001


mem[X,0x80020B98] -> 0xB537
mem[X,0x80020B9A] -> 0xAAAA
[3087] [M]: 0x80020B98 (0xAAAAB537) lui a0, 699051
x10 <- 0xAAAAB000


mem[X,0x80020B9C] -> 0x0513
mem[X,0x80020B9E] -> 0xAAB5
[3088] [M]: 0x80020B9C (0xAAB50513) addi a0, a0, 2731
x10 <- 0xAAAAAAAB


mem[X,0x80020BA0] -> 0x65B7
mem[X,0x80020BA2] -> 0x6666
[3089] [M]: 0x80020BA0 (0x666665B7) lui a1, 419430
x11 <- 0x66666000


mem[X,0x80020BA4] -> 0x8593
mem[X,0x80020BA6] -> 0x6675
[3090] [M]: 0x80020BA4 (0x66758593) addi a1, a1, 1639
x11 <- 0x66666667


mem[X,0x80020BA8] -> 0x0213
mem[X,0x80020BAA] -> 0x0000
[3091] [M]: 0x80020BA8 (0x00000213) addi tp, zero, 0
x4 <- 0x00000000


mem[X,0x80020BAC] -> 0x006F
mem[X,0x80020BAE] -> 0x00C0
[3092] [M]: 0x80020BAC (0x00C0006F) jal zero, 12


mem[X,0x80020BB8] -> 0x1063
mem[X,0x80020BBA] -> 0x20B5
[3093] [M]: 0x80020BB8 (0x20B51063) bne a0, a1, 512


mem[X,0x80020DB8] -> 0x0213
mem[X,0x80020DBA] -> 0x0032
[3094] [M]: 0x80020DB8 (0x00320213) addi tp, tp, 3
x4 <- 0x00000003


mem[X,0x80020DBC] -> 0x006F
mem[X,0x80020DBE] -> 0x0040
[3095] [M]: 0x80020DBC (0x0040006F) jal zero, 4


mem[X,0x80020DC0] -> 0xA623
mem[X,0x80020DC2] -> 0x4C40
[3096] [M]: 0x80020DC0 (0x4C40A623) sw tp, 1228(ra)
mem[0x80039734] <- 0x00000003


mem[X,0x80020DC4] -> 0xB537
mem[X,0x80020DC6] -> 0xAAAA
[3097] [M]: 0x80020DC4 (0xAAAAB537) lui a0, 699051
x10 <- 0xAAAAB000


mem[X,0x80020DC8] -> 0x0513
mem[X,0x80020DCA] -> 0xAAB5
[3098] [M]: 0x80020DC8 (0xAAB50513) addi a0, a0, 2731
x10 <- 0xAAAAAAAB


mem[X,0x80020DCC] -> 0x55B7
mem[X,0x80020DCE] -> 0xFFFF
[3099] [M]: 0x80020DCC (0xFFFF55B7) lui a1, 1048565
x11 <- 0xFFFF5000


clint::tick mtime <- 0x000000000000001F
 clint timer pending at mtime 0x000000000000001F
htif::tick 0x0000000000000000
mem[X,0x80020DD0] -> 0x8593
mem[X,0x80020DD2] -> 0xAFD5
[3100] [M]: 0x80020DD0 (0xAFD58593) addi a1, a1, 2813
x11 <- 0xFFFF4AFD


mem[X,0x80020DD4] -> 0x0213
mem[X,0x80020DD6] -> 0x0000
[3101] [M]: 0x80020DD4 (0x00000213) addi tp, zero, 0
x4 <- 0x00000000


mem[X,0x80020DD8] -> 0x006F
mem[X,0x80020DDA] -> 0x00C0
[3102] [M]: 0x80020DD8 (0x00C0006F) jal zero, 12


mem[X,0x80020DE4] -> 0x1063
mem[X,0x80020DE6] -> 0x02B5
[3103] [M]: 0x80020DE4 (0x02B51063) bne a0, a1, 32


mem[X,0x80020E04] -> 0x0213
mem[X,0x80020E06] -> 0x0032
[3104] [M]: 0x80020E04 (0x00320213) addi tp, tp, 3
x4 <- 0x00000003


mem[X,0x80020E08] -> 0x006F
mem[X,0x80020E0A] -> 0x0040
[3105] [M]: 0x80020E08 (0x0040006F) jal zero, 4


mem[X,0x80020E0C] -> 0xA823
mem[X,0x80020E0E] -> 0x4C40
[3106] [M]: 0x80020E0C (0x4C40A823) sw tp, 1232(ra)
mem[0x80039738] <- 0x00000003


mem[X,0x80020E10] -> 0xB537
mem[X,0x80020E12] -> 0xAAAA
[3107] [M]: 0x80020E10 (0xAAAAB537) lui a0, 699051
x10 <- 0xAAAAB000


mem[X,0x80020E14] -> 0x0513
mem[X,0x80020E16] -> 0xAAB5
[3108] [M]: 0x80020E14 (0xAAB50513) addi a0, a0, 2731
x10 <- 0xAAAAAAAB


mem[X,0x80020E18] -> 0xB5B7
mem[X,0x80020E1A] -> 0x0000
[3109] [M]: 0x80020E18 (0x0000B5B7) lui a1, 11
x11 <- 0x0000B000


mem[X,0x80020E1C] -> 0x8593
mem[X,0x80020E1E] -> 0x5055
[3110] [M]: 0x80020E1C (0x50558593) addi a1, a1, 1285
x11 <- 0x0000B505


mem[X,0x80020E20] -> 0x0213
mem[X,0x80020E22] -> 0x0000
[3111] [M]: 0x80020E20 (0x00000213) addi tp, zero, 0
x4 <- 0x00000000


mem[X,0x80020E24] -> 0x006F
mem[X,0x80020E26] -> 0x00C0
[3112] [M]: 0x80020E24 (0x00C0006F) jal zero, 12


mem[X,0x80020E30] -> 0x1063
mem[X,0x80020E32] -> 0x20B5
[3113] [M]: 0x80020E30 (0x20B51063) bne a0, a1, 512


mem[X,0x80021030] -> 0x0213
mem[X,0x80021032] -> 0x0032
[3114] [M]: 0x80021030 (0x00320213) addi tp, tp, 3
x4 <- 0x00000003


mem[X,0x80021034] -> 0x006F
mem[X,0x80021036] -> 0x0040
[3115] [M]: 0x80021034 (0x0040006F) jal zero, 4


mem[X,0x80021038] -> 0xAA23
mem[X,0x8002103A] -> 0x4C40
[3116] [M]: 0x80021038 (0x4C40AA23) sw tp, 1236(ra)
mem[0x8003973C] <- 0x00000003


mem[X,0x8002103C] -> 0x0513
mem[X,0x8002103E] -> 0x0060
[3117] [M]: 0x8002103C (0x00600513) addi a0, zero, 6
x10 <- 0x00000006


mem[X,0x80021040] -> 0x0593
mem[X,0x80021042] -> 0x0030
[3118] [M]: 0x80021040 (0x00300593) addi a1, zero, 3
x11 <- 0x00000003


mem[X,0x80021044] -> 0x0213
mem[X,0x80021046] -> 0x0000
[3119] [M]: 0x80021044 (0x00000213) addi tp, zero, 0
x4 <- 0x00000000


mem[X,0x80021048] -> 0x006F
mem[X,0x8002104A] -> 0x0140
[3120] [M]: 0x80021048 (0x0140006F) jal zero, 20


mem[X,0x8002105C] -> 0x18E3
mem[X,0x8002105E] -> 0xFEB5
[3121] [M]: 0x8002105C (0xFEB518E3) bne a0, a1, 8176


mem[X,0x8002104C] -> 0x0213
mem[X,0x8002104E] -> 0x0012
[3122] [M]: 0x8002104C (0x00120213) addi tp, tp, 1
x4 <- 0x00000001


mem[X,0x80021050] -> 0x006F
mem[X,0x80021052] -> 0x0200
[3123] [M]: 0x80021050 (0x0200006F) jal zero, 32


mem[X,0x80021070] -> 0xAC23
mem[X,0x80021072] -> 0x4C40
[3124] [M]: 0x80021070 (0x4C40AC23) sw tp, 1240(ra)
mem[0x80039740] <- 0x00000001


mem[X,0x80021074] -> 0x0513
mem[X,0x80021076] -> 0x0060
[3125] [M]: 0x80021074 (0x00600513) addi a0, zero, 6
x10 <- 0x00000006


mem[X,0x80021078] -> 0xB5B7
mem[X,0x8002107A] -> 0xAAAA
[3126] [M]: 0x80021078 (0xAAAAB5B7) lui a1, 699051
x11 <- 0xAAAAB000


mem[X,0x8002107C] -> 0x8593
mem[X,0x8002107E] -> 0xAAA5
[3127] [M]: 0x8002107C (0xAAA58593) addi a1, a1, 2730
x11 <- 0xAAAAAAAA


mem[X,0x80021080] -> 0x0213
mem[X,0x80021082] -> 0x0000
[3128] [M]: 0x80021080 (0x00000213) addi tp, zero, 0
x4 <- 0x00000000


mem[X,0x80021084] -> 0x006F
mem[X,0x80021086] -> 0x00C0
[3129] [M]: 0x80021084 (0x00C0006F) jal zero, 12


mem[X,0x80021090] -> 0x1063
mem[X,0x80021092] -> 0x04B5
[3130] [M]: 0x80021090 (0x04B51063) bne a0, a1, 64


mem[X,0x800210D0] -> 0x0213
mem[X,0x800210D2] -> 0x0032
[3131] [M]: 0x800210D0 (0x00320213) addi tp, tp, 3
x4 <- 0x00000003


mem[X,0x800210D4] -> 0x006F
mem[X,0x800210D6] -> 0x0040
[3132] [M]: 0x800210D4 (0x0040006F) jal zero, 4


mem[X,0x800210D8] -> 0xAE23
mem[X,0x800210DA] -> 0x4C40
[3133] [M]: 0x800210D8 (0x4C40AE23) sw tp, 1244(ra)
mem[0x80039744] <- 0x00000003


mem[X,0x800210DC] -> 0x0513
mem[X,0x800210DE] -> 0x0060
[3134] [M]: 0x800210DC (0x00600513) addi a0, zero, 6
x10 <- 0x00000006


mem[X,0x800210E0] -> 0x0593
mem[X,0x800210E2] -> 0x0050
[3135] [M]: 0x800210E0 (0x00500593) addi a1, zero, 5
x11 <- 0x00000005


mem[X,0x800210E4] -> 0x0213
mem[X,0x800210E6] -> 0x0000
[3136] [M]: 0x800210E4 (0x00000213) addi tp, zero, 0
x4 <- 0x00000000


mem[X,0x800210E8] -> 0x006F
mem[X,0x800210EA] -> 0x00C0
[3137] [M]: 0x800210E8 (0x00C0006F) jal zero, 12


mem[X,0x800210F4] -> 0x1063
mem[X,0x800210F6] -> 0x10B5
[3138] [M]: 0x800210F4 (0x10B51063) bne a0, a1, 256


mem[X,0x800211F4] -> 0x0213
mem[X,0x800211F6] -> 0x0032
[3139] [M]: 0x800211F4 (0x00320213) addi tp, tp, 3
x4 <- 0x00000003


mem[X,0x800211F8] -> 0x006F
mem[X,0x800211FA] -> 0x0040
[3140] [M]: 0x800211F8 (0x0040006F) jal zero, 4


mem[X,0x800211FC] -> 0xA023
mem[X,0x800211FE] -> 0x4E40
[3141] [M]: 0x800211FC (0x4E40A023) sw tp, 1248(ra)
mem[0x80039748] <- 0x00000003


mem[X,0x80021200] -> 0x0513
mem[X,0x80021202] -> 0x0060
[3142] [M]: 0x80021200 (0x00600513) addi a0, zero, 6
x10 <- 0x00000006


mem[X,0x80021204] -> 0x35B7
mem[X,0x80021206] -> 0x3333
[3143] [M]: 0x80021204 (0x333335B7) lui a1, 209715
x11 <- 0x33333000


mem[X,0x80021208] -> 0x8593
mem[X,0x8002120A] -> 0x3335
[3144] [M]: 0x80021208 (0x33358593) addi a1, a1, 819
x11 <- 0x33333333


mem[X,0x8002120C] -> 0x0213
mem[X,0x8002120E] -> 0x0000
[3145] [M]: 0x8002120C (0x00000213) addi tp, zero, 0
x4 <- 0x00000000


mem[X,0x80021210] -> 0x006F
mem[X,0x80021212] -> 0x0140
[3146] [M]: 0x80021210 (0x0140006F) jal zero, 20


mem[X,0x80021224] -> 0x18E3
mem[X,0x80021226] -> 0xFEB5
[3147] [M]: 0x80021224 (0xFEB518E3) bne a0, a1, 8176


mem[X,0x80021214] -> 0x0213
mem[X,0x80021216] -> 0x0012
[3148] [M]: 0x80021214 (0x00120213) addi tp, tp, 1
x4 <- 0x00000001


mem[X,0x80021218] -> 0x006F
mem[X,0x8002121A] -> 0x0200
[3149] [M]: 0x80021218 (0x0200006F) jal zero, 32


mem[X,0x80021238] -> 0xA223
mem[X,0x8002123A] -> 0x4E40
[3150] [M]: 0x80021238 (0x4E40A223) sw tp, 1252(ra)
mem[0x8003974C] <- 0x00000001


mem[X,0x8002123C] -> 0x0513
mem[X,0x8002123E] -> 0x0060
[3151] [M]: 0x8002123C (0x00600513) addi a0, zero, 6
x10 <- 0x00000006


mem[X,0x80021240] -> 0x65B7
mem[X,0x80021242] -> 0x6666
[3152] [M]: 0x80021240 (0x666665B7) lui a1, 419430
x11 <- 0x66666000


mem[X,0x80021244] -> 0x8593
mem[X,0x80021246] -> 0x6665
[3153] [M]: 0x80021244 (0x66658593) addi a1, a1, 1638
x11 <- 0x66666666


mem[X,0x80021248] -> 0x0213
mem[X,0x8002124A] -> 0x0000
[3154] [M]: 0x80021248 (0x00000213) addi tp, zero, 0
x4 <- 0x00000000


mem[X,0x8002124C] -> 0x006F
mem[X,0x8002124E] -> 0x00C0
[3155] [M]: 0x8002124C (0x00C0006F) jal zero, 12


mem[X,0x80021258] -> 0x1063
mem[X,0x8002125A] -> 0x04B5
[3156] [M]: 0x80021258 (0x04B51063) bne a0, a1, 64


mem[X,0x80021298] -> 0x0213
mem[X,0x8002129A] -> 0x0032
[3157] [M]: 0x80021298 (0x00320213) addi tp, tp, 3
x4 <- 0x00000003


mem[X,0x8002129C] -> 0x006F
mem[X,0x8002129E] -> 0x0040
[3158] [M]: 0x8002129C (0x0040006F) jal zero, 4


mem[X,0x800212A0] -> 0xA423
mem[X,0x800212A2] -> 0x4E40
[3159] [M]: 0x800212A0 (0x4E40A423) sw tp, 1256(ra)
mem[0x80039750] <- 0x00000003


mem[X,0x800212A4] -> 0x0513
mem[X,0x800212A6] -> 0x0060
[3160] [M]: 0x800212A4 (0x00600513) addi a0, zero, 6
x10 <- 0x00000006


mem[X,0x800212A8] -> 0x55B7
mem[X,0x800212AA] -> 0xFFFF
[3161] [M]: 0x800212A8 (0xFFFF55B7) lui a1, 1048565
x11 <- 0xFFFF5000


mem[X,0x800212AC] -> 0x8593
mem[X,0x800212AE] -> 0xAFC5
[3162] [M]: 0x800212AC (0xAFC58593) addi a1, a1, 2812
x11 <- 0xFFFF4AFC


mem[X,0x800212B0] -> 0x0213
mem[X,0x800212B2] -> 0x0000
[3163] [M]: 0x800212B0 (0x00000213) addi tp, zero, 0
x4 <- 0x00000000


mem[X,0x800212B4] -> 0x006F
mem[X,0x800212B6] -> 0x00C0
[3164] [M]: 0x800212B4 (0x00C0006F) jal zero, 12


mem[X,0x800212C0] -> 0x1063
mem[X,0x800212C2] -> 0x40B5
[3165] [M]: 0x800212C0 (0x40B51063) bne a0, a1, 1024


mem[X,0x800216C0] -> 0x0213
mem[X,0x800216C2] -> 0x0032
[3166] [M]: 0x800216C0 (0x00320213) addi tp, tp, 3
x4 <- 0x00000003


mem[X,0x800216C4] -> 0x006F
mem[X,0x800216C6] -> 0x0040
[3167] [M]: 0x800216C4 (0x0040006F) jal zero, 4


mem[X,0x800216C8] -> 0xA623
mem[X,0x800216CA] -> 0x4E40
[3168] [M]: 0x800216C8 (0x4E40A623) sw tp, 1260(ra)
mem[0x80039754] <- 0x00000003


mem[X,0x800216CC] -> 0x0513
mem[X,0x800216CE] -> 0x0060
[3169] [M]: 0x800216CC (0x00600513) addi a0, zero, 6
x10 <- 0x00000006


mem[X,0x800216D0] -> 0xB5B7
mem[X,0x800216D2] -> 0x0000
[3170] [M]: 0x800216D0 (0x0000B5B7) lui a1, 11
x11 <- 0x0000B000


mem[X,0x800216D4] -> 0x8593
mem[X,0x800216D6] -> 0x5045
[3171] [M]: 0x800216D4 (0x50458593) addi a1, a1, 1284
x11 <- 0x0000B504


mem[X,0x800216D8] -> 0x0213
mem[X,0x800216DA] -> 0x0000
[3172] [M]: 0x800216D8 (0x00000213) addi tp, zero, 0
x4 <- 0x00000000


mem[X,0x800216DC] -> 0x006F
mem[X,0x800216DE] -> 0x00C0
[3173] [M]: 0x800216DC (0x00C0006F) jal zero, 12


mem[X,0x800216E8] -> 0x1CE3
mem[X,0x800216EA] -> 0xFEB5
[3174] [M]: 0x800216E8 (0xFEB51CE3) bne a0, a1, 8184


mem[X,0x800216E0] -> 0x0213
mem[X,0x800216E2] -> 0x0012
[3175] [M]: 0x800216E0 (0x00120213) addi tp, tp, 1
x4 <- 0x00000001


mem[X,0x800216E4] -> 0x006F
mem[X,0x800216E6] -> 0x0180
[3176] [M]: 0x800216E4 (0x0180006F) jal zero, 24


mem[X,0x800216FC] -> 0xA823
mem[X,0x800216FE] -> 0x4E40
[3177] [M]: 0x800216FC (0x4E40A823) sw tp, 1264(ra)
mem[0x80039758] <- 0x00000001


mem[X,0x80021700] -> 0x0513
mem[X,0x80021702] -> 0x0060
[3178] [M]: 0x80021700 (0x00600513) addi a0, zero, 6
x10 <- 0x00000006


mem[X,0x80021704] -> 0x0593
mem[X,0x80021706] -> 0x0020
[3179] [M]: 0x80021704 (0x00200593) addi a1, zero, 2
x11 <- 0x00000002


mem[X,0x80021708] -> 0x0213
mem[X,0x8002170A] -> 0x0000
[3180] [M]: 0x80021708 (0x00000213) addi tp, zero, 0
x4 <- 0x00000000


mem[X,0x8002170C] -> 0x006F
mem[X,0x8002170E] -> 0x00C0
[3181] [M]: 0x8002170C (0x00C0006F) jal zero, 12


mem[X,0x80021718] -> 0x1663
mem[X,0x8002171A] -> 0x00B5
[3182] [M]: 0x80021718 (0x00B51663) bne a0, a1, 12


mem[X,0x80021724] -> 0x0213
mem[X,0x80021726] -> 0x0032
[3183] [M]: 0x80021724 (0x00320213) addi tp, tp, 3
x4 <- 0x00000003


mem[X,0x80021728] -> 0x006F
mem[X,0x8002172A] -> 0x0040
[3184] [M]: 0x80021728 (0x0040006F) jal zero, 4


mem[X,0x8002172C] -> 0xAA23
mem[X,0x8002172E] -> 0x4E40
[3185] [M]: 0x8002172C (0x4E40AA23) sw tp, 1268(ra)
mem[0x8003975C] <- 0x00000003


mem[X,0x80021730] -> 0x0513
mem[X,0x80021732] -> 0x0060
[3186] [M]: 0x80021730 (0x00600513) addi a0, zero, 6
x10 <- 0x00000006


mem[X,0x80021734] -> 0x55B7
mem[X,0x80021736] -> 0x5555
[3187] [M]: 0x80021734 (0x555555B7) lui a1, 349525
x11 <- 0x55555000


mem[X,0x80021738] -> 0x8593
mem[X,0x8002173A] -> 0x5545
[3188] [M]: 0x80021738 (0x55458593) addi a1, a1, 1364
x11 <- 0x55555554


mem[X,0x8002173C] -> 0x0213
mem[X,0x8002173E] -> 0x0000
[3189] [M]: 0x8002173C (0x00000213) addi tp, zero, 0
x4 <- 0x00000000


mem[X,0x80021740] -> 0x006F
mem[X,0x80021742] -> 0x0140
[3190] [M]: 0x80021740 (0x0140006F) jal zero, 20


mem[X,0x80021754] -> 0x18E3
mem[X,0x80021756] -> 0xFEB5
[3191] [M]: 0x80021754 (0xFEB518E3) bne a0, a1, 8176


mem[X,0x80021744] -> 0x0213
mem[X,0x80021746] -> 0x0012
[3192] [M]: 0x80021744 (0x00120213) addi tp, tp, 1
x4 <- 0x00000001


mem[X,0x80021748] -> 0x006F
mem[X,0x8002174A] -> 0x0200
[3193] [M]: 0x80021748 (0x0200006F) jal zero, 32


mem[X,0x80021768] -> 0xAC23
mem[X,0x8002176A] -> 0x4E40
[3194] [M]: 0x80021768 (0x4E40AC23) sw tp, 1272(ra)
mem[0x80039760] <- 0x00000001


mem[X,0x8002176C] -> 0x0513
mem[X,0x8002176E] -> 0x0060
[3195] [M]: 0x8002176C (0x00600513) addi a0, zero, 6
x10 <- 0x00000006


mem[X,0x80021770] -> 0x0593
mem[X,0x80021772] -> 0x0000
[3196] [M]: 0x80021770 (0x00000593) addi a1, zero, 0
x11 <- 0x00000000


mem[X,0x80021774] -> 0x0213
mem[X,0x80021776] -> 0x0000
[3197] [M]: 0x80021774 (0x00000213) addi tp, zero, 0
x4 <- 0x00000000


mem[X,0x80021778] -> 0x006F
mem[X,0x8002177A] -> 0x00C0
[3198] [M]: 0x80021778 (0x00C0006F) jal zero, 12


mem[X,0x80021784] -> 0x1063
mem[X,0x80021786] -> 0x08B5
[3199] [M]: 0x80021784 (0x08B51063) bne a0, a1, 128


clint::tick mtime <- 0x0000000000000020
 clint timer pending at mtime 0x0000000000000020
htif::tick 0x0000000000000000
mem[X,0x80021804] -> 0x0213
mem[X,0x80021806] -> 0x0032
[3200] [M]: 0x80021804 (0x00320213) addi tp, tp, 3
x4 <- 0x00000003


mem[X,0x80021808] -> 0x006F
mem[X,0x8002180A] -> 0x0040
[3201] [M]: 0x80021808 (0x0040006F) jal zero, 4


mem[X,0x8002180C] -> 0xAE23
mem[X,0x8002180E] -> 0x4E40
[3202] [M]: 0x8002180C (0x4E40AE23) sw tp, 1276(ra)
mem[0x80039764] <- 0x00000003


mem[X,0x80021810] -> 0x0513
mem[X,0x80021812] -> 0x0060
[3203] [M]: 0x80021810 (0x00600513) addi a0, zero, 6
x10 <- 0x00000006


mem[X,0x80021814] -> 0x0593
mem[X,0x80021816] -> 0x0040
[3204] [M]: 0x80021814 (0x00400593) addi a1, zero, 4
x11 <- 0x00000004


mem[X,0x80021818] -> 0x0213
mem[X,0x8002181A] -> 0x0000
[3205] [M]: 0x80021818 (0x00000213) addi tp, zero, 0
x4 <- 0x00000000


mem[X,0x8002181C] -> 0x006F
mem[X,0x8002181E] -> 0x00C0
[3206] [M]: 0x8002181C (0x00C0006F) jal zero, 12


mem[X,0x80021828] -> 0x1063
mem[X,0x8002182A] -> 0x08B5
[3207] [M]: 0x80021828 (0x08B51063) bne a0, a1, 128


mem[X,0x800218A8] -> 0x0213
mem[X,0x800218AA] -> 0x0032
[3208] [M]: 0x800218A8 (0x00320213) addi tp, tp, 3
x4 <- 0x00000003


mem[X,0x800218AC] -> 0x006F
mem[X,0x800218AE] -> 0x0040
[3209] [M]: 0x800218AC (0x0040006F) jal zero, 4


mem[X,0x800218B0] -> 0xA023
mem[X,0x800218B2] -> 0x5040
[3210] [M]: 0x800218B0 (0x5040A023) sw tp, 1280(ra)
mem[0x80039768] <- 0x00000003


mem[X,0x800218B4] -> 0x0513
mem[X,0x800218B6] -> 0x0060
[3211] [M]: 0x800218B4 (0x00600513) addi a0, zero, 6
x10 <- 0x00000006


mem[X,0x800218B8] -> 0x35B7
mem[X,0x800218BA] -> 0x3333
[3212] [M]: 0x800218B8 (0x333335B7) lui a1, 209715
x11 <- 0x33333000


mem[X,0x800218BC] -> 0x8593
mem[X,0x800218BE] -> 0x3325
[3213] [M]: 0x800218BC (0x33258593) addi a1, a1, 818
x11 <- 0x33333332


mem[X,0x800218C0] -> 0x0213
mem[X,0x800218C2] -> 0x0000
[3214] [M]: 0x800218C0 (0x00000213) addi tp, zero, 0
x4 <- 0x00000000


mem[X,0x800218C4] -> 0x006F
mem[X,0x800218C6] -> 0x0050
[3215] [M]: 0x800218C4 (0x0050006F) jal zero, 2052


mem[X,0x800220C8] -> 0x10E3
mem[X,0x800220CA] -> 0x80B5
[3216] [M]: 0x800220C8 (0x80B510E3) bne a0, a1, 6144


mem[X,0x800218C8] -> 0x0213
mem[X,0x800218CA] -> 0x0012
[3217] [M]: 0x800218C8 (0x00120213) addi tp, tp, 1
x4 <- 0x00000001


mem[X,0x800218CC] -> 0x006F
mem[X,0x800218CE] -> 0x0110
[3218] [M]: 0x800218CC (0x0110006F) jal zero, 2064


mem[X,0x800220DC] -> 0xA223
mem[X,0x800220DE] -> 0x5040
[3219] [M]: 0x800220DC (0x5040A223) sw tp, 1284(ra)
mem[0x8003976C] <- 0x00000001


mem[X,0x800220E0] -> 0x0513
mem[X,0x800220E2] -> 0x0060
[3220] [M]: 0x800220E0 (0x00600513) addi a0, zero, 6
x10 <- 0x00000006


mem[X,0x800220E4] -> 0x65B7
mem[X,0x800220E6] -> 0x6666
[3221] [M]: 0x800220E4 (0x666665B7) lui a1, 419430
x11 <- 0x66666000


mem[X,0x800220E8] -> 0x8593
mem[X,0x800220EA] -> 0x6655
[3222] [M]: 0x800220E8 (0x66558593) addi a1, a1, 1637
x11 <- 0x66666665


mem[X,0x800220EC] -> 0x0213
mem[X,0x800220EE] -> 0x0000
[3223] [M]: 0x800220EC (0x00000213) addi tp, zero, 0
x4 <- 0x00000000


mem[X,0x800220F0] -> 0x006F
mem[X,0x800220F2] -> 0x00C0
[3224] [M]: 0x800220F0 (0x00C0006F) jal zero, 12


mem[X,0x800220FC] -> 0x1863
mem[X,0x800220FE] -> 0x00B5
[3225] [M]: 0x800220FC (0x00B51863) bne a0, a1, 16


mem[X,0x8002210C] -> 0x0213
mem[X,0x8002210E] -> 0x0032
[3226] [M]: 0x8002210C (0x00320213) addi tp, tp, 3
x4 <- 0x00000003


mem[X,0x80022110] -> 0x006F
mem[X,0x80022112] -> 0x0040
[3227] [M]: 0x80022110 (0x0040006F) jal zero, 4


mem[X,0x80022114] -> 0xA423
mem[X,0x80022116] -> 0x5040
[3228] [M]: 0x80022114 (0x5040A423) sw tp, 1288(ra)
mem[0x80039770] <- 0x00000003


mem[X,0x80022118] -> 0x0513
mem[X,0x8002211A] -> 0x0060
[3229] [M]: 0x80022118 (0x00600513) addi a0, zero, 6
x10 <- 0x00000006


mem[X,0x8002211C] -> 0xB5B7
mem[X,0x8002211E] -> 0x0000
[3230] [M]: 0x8002211C (0x0000B5B7) lui a1, 11
x11 <- 0x0000B000


mem[X,0x80022120] -> 0x8593
mem[X,0x80022122] -> 0x5035
[3231] [M]: 0x80022120 (0x50358593) addi a1, a1, 1283
x11 <- 0x0000B503


mem[X,0x80022124] -> 0x0213
mem[X,0x80022126] -> 0x0000
[3232] [M]: 0x80022124 (0x00000213) addi tp, zero, 0
x4 <- 0x00000000


mem[X,0x80022128] -> 0x006F
mem[X,0x8002212A] -> 0x00C0
[3233] [M]: 0x80022128 (0x00C0006F) jal zero, 12


mem[X,0x80022134] -> 0x1063
mem[X,0x80022136] -> 0x20B5
[3234] [M]: 0x80022134 (0x20B51063) bne a0, a1, 512


mem[X,0x80022334] -> 0x0213
mem[X,0x80022336] -> 0x0032
[3235] [M]: 0x80022334 (0x00320213) addi tp, tp, 3
x4 <- 0x00000003


mem[X,0x80022338] -> 0x006F
mem[X,0x8002233A] -> 0x0040
[3236] [M]: 0x80022338 (0x0040006F) jal zero, 4


mem[X,0x8002233C] -> 0xA623
mem[X,0x8002233E] -> 0x5040
[3237] [M]: 0x8002233C (0x5040A623) sw tp, 1292(ra)
mem[0x80039774] <- 0x00000003


mem[X,0x80022340] -> 0x0513
mem[X,0x80022342] -> 0x0060
[3238] [M]: 0x80022340 (0x00600513) addi a0, zero, 6
x10 <- 0x00000006


mem[X,0x80022344] -> 0x55B7
mem[X,0x80022346] -> 0x5555
[3239] [M]: 0x80022344 (0x555555B7) lui a1, 349525
x11 <- 0x55555000


mem[X,0x80022348] -> 0x8593
mem[X,0x8002234A] -> 0x5565
[3240] [M]: 0x80022348 (0x55658593) addi a1, a1, 1366
x11 <- 0x55555556


mem[X,0x8002234C] -> 0x0213
mem[X,0x8002234E] -> 0x0000
[3241] [M]: 0x8002234C (0x00000213) addi tp, zero, 0
x4 <- 0x00000000


mem[X,0x80022350] -> 0x006F
mem[X,0x80022352] -> 0x0140
[3242] [M]: 0x80022350 (0x0140006F) jal zero, 20


mem[X,0x80022364] -> 0x18E3
mem[X,0x80022366] -> 0xFEB5
[3243] [M]: 0x80022364 (0xFEB518E3) bne a0, a1, 8176


mem[X,0x80022354] -> 0x0213
mem[X,0x80022356] -> 0x0012
[3244] [M]: 0x80022354 (0x00120213) addi tp, tp, 1
x4 <- 0x00000001


mem[X,0x80022358] -> 0x006F
mem[X,0x8002235A] -> 0x0200
[3245] [M]: 0x80022358 (0x0200006F) jal zero, 32


mem[X,0x80022378] -> 0xA823
mem[X,0x8002237A] -> 0x5040
[3246] [M]: 0x80022378 (0x5040A823) sw tp, 1296(ra)
mem[0x80039778] <- 0x00000001


mem[X,0x8002237C] -> 0x0513
mem[X,0x8002237E] -> 0x0060
[3247] [M]: 0x8002237C (0x00600513) addi a0, zero, 6
x10 <- 0x00000006


mem[X,0x80022380] -> 0xB5B7
mem[X,0x80022382] -> 0xAAAA
[3248] [M]: 0x80022380 (0xAAAAB5B7) lui a1, 699051
x11 <- 0xAAAAB000


mem[X,0x80022384] -> 0x8593
mem[X,0x80022386] -> 0xAAB5
[3249] [M]: 0x80022384 (0xAAB58593) addi a1, a1, 2731
x11 <- 0xAAAAAAAB


mem[X,0x80022388] -> 0x0213
mem[X,0x8002238A] -> 0x0000
[3250] [M]: 0x80022388 (0x00000213) addi tp, zero, 0
x4 <- 0x00000000


mem[X,0x8002238C] -> 0x006F
mem[X,0x8002238E] -> 0x00C0
[3251] [M]: 0x8002238C (0x00C0006F) jal zero, 12


mem[X,0x80022398] -> 0x1CE3
mem[X,0x8002239A] -> 0xFEB5
[3252] [M]: 0x80022398 (0xFEB51CE3) bne a0, a1, 8184


mem[X,0x80022390] -> 0x0213
mem[X,0x80022392] -> 0x0012
[3253] [M]: 0x80022390 (0x00120213) addi tp, tp, 1
x4 <- 0x00000001


mem[X,0x80022394] -> 0x006F
mem[X,0x80022396] -> 0x0180
[3254] [M]: 0x80022394 (0x0180006F) jal zero, 24


mem[X,0x800223AC] -> 0xAA23
mem[X,0x800223AE] -> 0x5040
[3255] [M]: 0x800223AC (0x5040AA23) sw tp, 1300(ra)
mem[0x8003977C] <- 0x00000001


mem[X,0x800223B0] -> 0x0513
mem[X,0x800223B2] -> 0x0060
[3256] [M]: 0x800223B0 (0x00600513) addi a0, zero, 6
x10 <- 0x00000006


mem[X,0x800223B4] -> 0x0593
mem[X,0x800223B6] -> 0x0060
[3257] [M]: 0x800223B4 (0x00600593) addi a1, zero, 6
x11 <- 0x00000006


mem[X,0x800223B8] -> 0x0213
mem[X,0x800223BA] -> 0x0000
[3258] [M]: 0x800223B8 (0x00000213) addi tp, zero, 0
x4 <- 0x00000000


mem[X,0x800223BC] -> 0x006F
mem[X,0x800223BE] -> 0x00C0
[3259] [M]: 0x800223BC (0x00C0006F) jal zero, 12


mem[X,0x800223C8] -> 0x1063
mem[X,0x800223CA] -> 0x10B5
[3260] [M]: 0x800223C8 (0x10B51063) bne a0, a1, 256


mem[X,0x800223CC] -> 0x0213
mem[X,0x800223CE] -> 0x0022
[3261] [M]: 0x800223CC (0x00220213) addi tp, tp, 2
x4 <- 0x00000002


mem[X,0x800223D0] -> 0x006F
mem[X,0x800223D2] -> 0x1000
[3262] [M]: 0x800223D0 (0x1000006F) jal zero, 256


mem[X,0x800224D0] -> 0xAC23
mem[X,0x800224D2] -> 0x5040
[3263] [M]: 0x800224D0 (0x5040AC23) sw tp, 1304(ra)
mem[0x80039780] <- 0x00000002


mem[X,0x800224D4] -> 0x0513
mem[X,0x800224D6] -> 0x0060
[3264] [M]: 0x800224D4 (0x00600513) addi a0, zero, 6
x10 <- 0x00000006


mem[X,0x800224D8] -> 0x35B7
mem[X,0x800224DA] -> 0x3333
[3265] [M]: 0x800224D8 (0x333335B7) lui a1, 209715
x11 <- 0x33333000


mem[X,0x800224DC] -> 0x8593
mem[X,0x800224DE] -> 0x3345
[3266] [M]: 0x800224DC (0x33458593) addi a1, a1, 820
x11 <- 0x33333334


mem[X,0x800224E0] -> 0x0213
mem[X,0x800224E2] -> 0x0000
[3267] [M]: 0x800224E0 (0x00000213) addi tp, zero, 0
x4 <- 0x00000000


mem[X,0x800224E4] -> 0x006F
mem[X,0x800224E6] -> 0x00C0
[3268] [M]: 0x800224E4 (0x00C0006F) jal zero, 12


mem[X,0x800224F0] -> 0x1663
mem[X,0x800224F2] -> 0x00B5
[3269] [M]: 0x800224F0 (0x00B51663) bne a0, a1, 12


mem[X,0x800224FC] -> 0x0213
mem[X,0x800224FE] -> 0x0032
[3270] [M]: 0x800224FC (0x00320213) addi tp, tp, 3
x4 <- 0x00000003


mem[X,0x80022500] -> 0x006F
mem[X,0x80022502] -> 0x0040
[3271] [M]: 0x80022500 (0x0040006F) jal zero, 4


mem[X,0x80022504] -> 0xAE23
mem[X,0x80022506] -> 0x5040
[3272] [M]: 0x80022504 (0x5040AE23) sw tp, 1308(ra)
mem[0x80039784] <- 0x00000003


mem[X,0x80022508] -> 0x0513
mem[X,0x8002250A] -> 0x0060
[3273] [M]: 0x80022508 (0x00600513) addi a0, zero, 6
x10 <- 0x00000006


mem[X,0x8002250C] -> 0x65B7
mem[X,0x8002250E] -> 0x6666
[3274] [M]: 0x8002250C (0x666665B7) lui a1, 419430
x11 <- 0x66666000


mem[X,0x80022510] -> 0x8593
mem[X,0x80022512] -> 0x6675
[3275] [M]: 0x80022510 (0x66758593) addi a1, a1, 1639
x11 <- 0x66666667


mem[X,0x80022514] -> 0x0213
mem[X,0x80022516] -> 0x0000
[3276] [M]: 0x80022514 (0x00000213) addi tp, zero, 0
x4 <- 0x00000000


mem[X,0x80022518] -> 0x006F
mem[X,0x8002251A] -> 0x00C0
[3277] [M]: 0x80022518 (0x00C0006F) jal zero, 12


mem[X,0x80022524] -> 0x1CE3
mem[X,0x80022526] -> 0xFEB5
[3278] [M]: 0x80022524 (0xFEB51CE3) bne a0, a1, 8184


mem[X,0x8002251C] -> 0x0213
mem[X,0x8002251E] -> 0x0012
[3279] [M]: 0x8002251C (0x00120213) addi tp, tp, 1
x4 <- 0x00000001


mem[X,0x80022520] -> 0x006F
mem[X,0x80022522] -> 0x0180
[3280] [M]: 0x80022520 (0x0180006F) jal zero, 24


mem[X,0x80022538] -> 0xA023
mem[X,0x8002253A] -> 0x5240
[3281] [M]: 0x80022538 (0x5240A023) sw tp, 1312(ra)
mem[0x80039788] <- 0x00000001


mem[X,0x8002253C] -> 0x0513
mem[X,0x8002253E] -> 0x0060
[3282] [M]: 0x8002253C (0x00600513) addi a0, zero, 6
x10 <- 0x00000006


mem[X,0x80022540] -> 0x55B7
mem[X,0x80022542] -> 0xFFFF
[3283] [M]: 0x80022540 (0xFFFF55B7) lui a1, 1048565
x11 <- 0xFFFF5000


mem[X,0x80022544] -> 0x8593
mem[X,0x80022546] -> 0xAFD5
[3284] [M]: 0x80022544 (0xAFD58593) addi a1, a1, 2813
x11 <- 0xFFFF4AFD


mem[X,0x80022548] -> 0x0213
mem[X,0x8002254A] -> 0x0000
[3285] [M]: 0x80022548 (0x00000213) addi tp, zero, 0
x4 <- 0x00000000


mem[X,0x8002254C] -> 0x006F
mem[X,0x8002254E] -> 0x00C0
[3286] [M]: 0x8002254C (0x00C0006F) jal zero, 12


mem[X,0x80022558] -> 0x1663
mem[X,0x8002255A] -> 0x00B5
[3287] [M]: 0x80022558 (0x00B51663) bne a0, a1, 12


mem[X,0x80022564] -> 0x0213
mem[X,0x80022566] -> 0x0032
[3288] [M]: 0x80022564 (0x00320213) addi tp, tp, 3
x4 <- 0x00000003


mem[X,0x80022568] -> 0x006F
mem[X,0x8002256A] -> 0x0040
[3289] [M]: 0x80022568 (0x0040006F) jal zero, 4


mem[X,0x8002256C] -> 0xA223
mem[X,0x8002256E] -> 0x5240
[3290] [M]: 0x8002256C (0x5240A223) sw tp, 1316(ra)
mem[0x8003978C] <- 0x00000003


mem[X,0x80022570] -> 0x0513
mem[X,0x80022572] -> 0x0060
[3291] [M]: 0x80022570 (0x00600513) addi a0, zero, 6
x10 <- 0x00000006


mem[X,0x80022574] -> 0xB5B7
mem[X,0x80022576] -> 0x0000
[3292] [M]: 0x80022574 (0x0000B5B7) lui a1, 11
x11 <- 0x0000B000


mem[X,0x80022578] -> 0x8593
mem[X,0x8002257A] -> 0x5055
[3293] [M]: 0x80022578 (0x50558593) addi a1, a1, 1285
x11 <- 0x0000B505


mem[X,0x8002257C] -> 0x0213
mem[X,0x8002257E] -> 0x0000
[3294] [M]: 0x8002257C (0x00000213) addi tp, zero, 0
x4 <- 0x00000000


mem[X,0x80022580] -> 0x006F
mem[X,0x80022582] -> 0x0140
[3295] [M]: 0x80022580 (0x0140006F) jal zero, 20


mem[X,0x80022594] -> 0x18E3
mem[X,0x80022596] -> 0xFEB5
[3296] [M]: 0x80022594 (0xFEB518E3) bne a0, a1, 8176


mem[X,0x80022584] -> 0x0213
mem[X,0x80022586] -> 0x0012
[3297] [M]: 0x80022584 (0x00120213) addi tp, tp, 1
x4 <- 0x00000001


mem[X,0x80022588] -> 0x006F
mem[X,0x8002258A] -> 0x0200
[3298] [M]: 0x80022588 (0x0200006F) jal zero, 32


mem[X,0x800225A8] -> 0xA423
mem[X,0x800225AA] -> 0x5240
[3299] [M]: 0x800225A8 (0x5240A423) sw tp, 1320(ra)
mem[0x80039790] <- 0x00000001


clint::tick mtime <- 0x0000000000000021
 clint timer pending at mtime 0x0000000000000021
htif::tick 0x0000000000000000
mem[X,0x800225AC] -> 0x3537
mem[X,0x800225AE] -> 0x3333
[3300] [M]: 0x800225AC (0x33333537) lui a0, 209715
x10 <- 0x33333000


mem[X,0x800225B0] -> 0x0513
mem[X,0x800225B2] -> 0x3345
[3301] [M]: 0x800225B0 (0x33450513) addi a0, a0, 820
x10 <- 0x33333334


mem[X,0x800225B4] -> 0x0593
mem[X,0x800225B6] -> 0x0030
[3302] [M]: 0x800225B4 (0x00300593) addi a1, zero, 3
x11 <- 0x00000003


mem[X,0x800225B8] -> 0x0213
mem[X,0x800225BA] -> 0x0000
[3303] [M]: 0x800225B8 (0x00000213) addi tp, zero, 0
x4 <- 0x00000000


mem[X,0x800225BC] -> 0x006F
mem[X,0x800225BE] -> 0x00C0
[3304] [M]: 0x800225BC (0x00C0006F) jal zero, 12


mem[X,0x800225C8] -> 0x1663
mem[X,0x800225CA] -> 0x00B5
[3305] [M]: 0x800225C8 (0x00B51663) bne a0, a1, 12


mem[X,0x800225D4] -> 0x0213
mem[X,0x800225D6] -> 0x0032
[3306] [M]: 0x800225D4 (0x00320213) addi tp, tp, 3
x4 <- 0x00000003


mem[X,0x800225D8] -> 0x006F
mem[X,0x800225DA] -> 0x0040
[3307] [M]: 0x800225D8 (0x0040006F) jal zero, 4


mem[X,0x800225DC] -> 0xA623
mem[X,0x800225DE] -> 0x5240
[3308] [M]: 0x800225DC (0x5240A623) sw tp, 1324(ra)
mem[0x80039794] <- 0x00000003


mem[X,0x800225E0] -> 0x3537
mem[X,0x800225E2] -> 0x3333
[3309] [M]: 0x800225E0 (0x33333537) lui a0, 209715
x10 <- 0x33333000


mem[X,0x800225E4] -> 0x0513
mem[X,0x800225E6] -> 0x3345
[3310] [M]: 0x800225E4 (0x33450513) addi a0, a0, 820
x10 <- 0x33333334


mem[X,0x800225E8] -> 0x55B7
mem[X,0x800225EA] -> 0x5555
[3311] [M]: 0x800225E8 (0x555555B7) lui a1, 349525
x11 <- 0x55555000


mem[X,0x800225EC] -> 0x8593
mem[X,0x800225EE] -> 0x5555
[3312] [M]: 0x800225EC (0x55558593) addi a1, a1, 1365
x11 <- 0x55555555


mem[X,0x800225F0] -> 0x0213
mem[X,0x800225F2] -> 0x0000
[3313] [M]: 0x800225F0 (0x00000213) addi tp, zero, 0
x4 <- 0x00000000


mem[X,0x800225F4] -> 0x006F
mem[X,0x800225F6] -> 0x00C0
[3314] [M]: 0x800225F4 (0x00C0006F) jal zero, 12


mem[X,0x80022600] -> 0x1CE3
mem[X,0x80022602] -> 0xFEB5
[3315] [M]: 0x80022600 (0xFEB51CE3) bne a0, a1, 8184


mem[X,0x800225F8] -> 0x0213
mem[X,0x800225FA] -> 0x0012
[3316] [M]: 0x800225F8 (0x00120213) addi tp, tp, 1
x4 <- 0x00000001


mem[X,0x800225FC] -> 0x006F
mem[X,0x800225FE] -> 0x0180
[3317] [M]: 0x800225FC (0x0180006F) jal zero, 24


mem[X,0x80022614] -> 0xA823
mem[X,0x80022616] -> 0x5240
[3318] [M]: 0x80022614 (0x5240A823) sw tp, 1328(ra)
mem[0x80039798] <- 0x00000001


mem[X,0x80022618] -> 0x3537
mem[X,0x8002261A] -> 0x3333
[3319] [M]: 0x80022618 (0x33333537) lui a0, 209715
x10 <- 0x33333000


mem[X,0x8002261C] -> 0x0513
mem[X,0x8002261E] -> 0x3345
[3320] [M]: 0x8002261C (0x33450513) addi a0, a0, 820
x10 <- 0x33333334


mem[X,0x80022620] -> 0xB5B7
mem[X,0x80022622] -> 0xAAAA
[3321] [M]: 0x80022620 (0xAAAAB5B7) lui a1, 699051
x11 <- 0xAAAAB000


mem[X,0x80022624] -> 0x8593
mem[X,0x80022626] -> 0xAAA5
[3322] [M]: 0x80022624 (0xAAA58593) addi a1, a1, 2730
x11 <- 0xAAAAAAAA


mem[X,0x80022628] -> 0x0213
mem[X,0x8002262A] -> 0x0000
[3323] [M]: 0x80022628 (0x00000213) addi tp, zero, 0
x4 <- 0x00000000


mem[X,0x8002262C] -> 0x006F
mem[X,0x8002262E] -> 0x0050
[3324] [M]: 0x8002262C (0x0050006F) jal zero, 2052


mem[X,0x80022E30] -> 0x10E3
mem[X,0x80022E32] -> 0x80B5
[3325] [M]: 0x80022E30 (0x80B510E3) bne a0, a1, 6144


mem[X,0x80022630] -> 0x0213
mem[X,0x80022632] -> 0x0012
[3326] [M]: 0x80022630 (0x00120213) addi tp, tp, 1
x4 <- 0x00000001


mem[X,0x80022634] -> 0x006F
mem[X,0x80022636] -> 0x0110
[3327] [M]: 0x80022634 (0x0110006F) jal zero, 2064


mem[X,0x80022E44] -> 0xAA23
mem[X,0x80022E46] -> 0x5240
[3328] [M]: 0x80022E44 (0x5240AA23) sw tp, 1332(ra)
mem[0x8003979C] <- 0x00000001


mem[X,0x80022E48] -> 0x3537
mem[X,0x80022E4A] -> 0x3333
[3329] [M]: 0x80022E48 (0x33333537) lui a0, 209715
x10 <- 0x33333000


mem[X,0x80022E4C] -> 0x0513
mem[X,0x80022E4E] -> 0x3345
[3330] [M]: 0x80022E4C (0x33450513) addi a0, a0, 820
x10 <- 0x33333334


mem[X,0x80022E50] -> 0x0593
mem[X,0x80022E52] -> 0x0050
[3331] [M]: 0x80022E50 (0x00500593) addi a1, zero, 5
x11 <- 0x00000005


mem[X,0x80022E54] -> 0x0213
mem[X,0x80022E56] -> 0x0000
[3332] [M]: 0x80022E54 (0x00000213) addi tp, zero, 0
x4 <- 0x00000000


mem[X,0x80022E58] -> 0x006F
mem[X,0x80022E5A] -> 0x00C0
[3333] [M]: 0x80022E58 (0x00C0006F) jal zero, 12


mem[X,0x80022E64] -> 0x1663
mem[X,0x80022E66] -> 0x00B5
[3334] [M]: 0x80022E64 (0x00B51663) bne a0, a1, 12


mem[X,0x80022E70] -> 0x0213
mem[X,0x80022E72] -> 0x0032
[3335] [M]: 0x80022E70 (0x00320213) addi tp, tp, 3
x4 <- 0x00000003


mem[X,0x80022E74] -> 0x006F
mem[X,0x80022E76] -> 0x0040
[3336] [M]: 0x80022E74 (0x0040006F) jal zero, 4


mem[X,0x80022E78] -> 0xAC23
mem[X,0x80022E7A] -> 0x5240
[3337] [M]: 0x80022E78 (0x5240AC23) sw tp, 1336(ra)
mem[0x800397A0] <- 0x00000003


mem[X,0x80022E7C] -> 0x3537
mem[X,0x80022E7E] -> 0x3333
[3338] [M]: 0x80022E7C (0x33333537) lui a0, 209715
x10 <- 0x33333000


mem[X,0x80022E80] -> 0x0513
mem[X,0x80022E82] -> 0x3345
[3339] [M]: 0x80022E80 (0x33450513) addi a0, a0, 820
x10 <- 0x33333334


mem[X,0x80022E84] -> 0x35B7
mem[X,0x80022E86] -> 0x3333
[3340] [M]: 0x80022E84 (0x333335B7) lui a1, 209715
x11 <- 0x33333000


mem[X,0x80022E88] -> 0x8593
mem[X,0x80022E8A] -> 0x3335
[3341] [M]: 0x80022E88 (0x33358593) addi a1, a1, 819
x11 <- 0x33333333


mem[X,0x80022E8C] -> 0x0213
mem[X,0x80022E8E] -> 0x0000
[3342] [M]: 0x80022E8C (0x00000213) addi tp, zero, 0
x4 <- 0x00000000


mem[X,0x80022E90] -> 0x006F
mem[X,0x80022E92] -> 0x00C0
[3343] [M]: 0x80022E90 (0x00C0006F) jal zero, 12


mem[X,0x80022E9C] -> 0x1663
mem[X,0x80022E9E] -> 0x00B5
[3344] [M]: 0x80022E9C (0x00B51663) bne a0, a1, 12


mem[X,0x80022EA8] -> 0x0213
mem[X,0x80022EAA] -> 0x0032
[3345] [M]: 0x80022EA8 (0x00320213) addi tp, tp, 3
x4 <- 0x00000003


mem[X,0x80022EAC] -> 0x006F
mem[X,0x80022EAE] -> 0x0040
[3346] [M]: 0x80022EAC (0x0040006F) jal zero, 4


mem[X,0x80022EB0] -> 0xAE23
mem[X,0x80022EB2] -> 0x5240
[3347] [M]: 0x80022EB0 (0x5240AE23) sw tp, 1340(ra)
mem[0x800397A4] <- 0x00000003


mem[X,0x80022EB4] -> 0x3537
mem[X,0x80022EB6] -> 0x3333
[3348] [M]: 0x80022EB4 (0x33333537) lui a0, 209715
x10 <- 0x33333000


mem[X,0x80022EB8] -> 0x0513
mem[X,0x80022EBA] -> 0x3345
[3349] [M]: 0x80022EB8 (0x33450513) addi a0, a0, 820
x10 <- 0x33333334


mem[X,0x80022EBC] -> 0x65B7
mem[X,0x80022EBE] -> 0x6666
[3350] [M]: 0x80022EBC (0x666665B7) lui a1, 419430
x11 <- 0x66666000


mem[X,0x80022EC0] -> 0x8593
mem[X,0x80022EC2] -> 0x6665
[3351] [M]: 0x80022EC0 (0x66658593) addi a1, a1, 1638
x11 <- 0x66666666


mem[X,0x80022EC4] -> 0x0213
mem[X,0x80022EC6] -> 0x0000
[3352] [M]: 0x80022EC4 (0x00000213) addi tp, zero, 0
x4 <- 0x00000000


mem[X,0x80022EC8] -> 0x006F
mem[X,0x80022ECA] -> 0x0180
[3353] [M]: 0x80022EC8 (0x0180006F) jal zero, 24


mem[X,0x80022EE0] -> 0x16E3
mem[X,0x80022EE2] -> 0xFEB5
[3354] [M]: 0x80022EE0 (0xFEB516E3) bne a0, a1, 8172


mem[X,0x80022ECC] -> 0x0213
mem[X,0x80022ECE] -> 0x0012
[3355] [M]: 0x80022ECC (0x00120213) addi tp, tp, 1
x4 <- 0x00000001


mem[X,0x80022ED0] -> 0x006F
mem[X,0x80022ED2] -> 0x0240
[3356] [M]: 0x80022ED0 (0x0240006F) jal zero, 36


mem[X,0x80022EF4] -> 0xA023
mem[X,0x80022EF6] -> 0x5440
[3357] [M]: 0x80022EF4 (0x5440A023) sw tp, 1344(ra)
mem[0x800397A8] <- 0x00000001


mem[X,0x80022EF8] -> 0x3537
mem[X,0x80022EFA] -> 0x3333
[3358] [M]: 0x80022EF8 (0x33333537) lui a0, 209715
x10 <- 0x33333000


mem[X,0x80022EFC] -> 0x0513
mem[X,0x80022EFE] -> 0x3345
[3359] [M]: 0x80022EFC (0x33450513) addi a0, a0, 820
x10 <- 0x33333334


mem[X,0x80022F00] -> 0x55B7
mem[X,0x80022F02] -> 0xFFFF
[3360] [M]: 0x80022F00 (0xFFFF55B7) lui a1, 1048565
x11 <- 0xFFFF5000


mem[X,0x80022F04] -> 0x8593
mem[X,0x80022F06] -> 0xAFC5
[3361] [M]: 0x80022F04 (0xAFC58593) addi a1, a1, 2812
x11 <- 0xFFFF4AFC


mem[X,0x80022F08] -> 0x0213
mem[X,0x80022F0A] -> 0x0000
[3362] [M]: 0x80022F08 (0x00000213) addi tp, zero, 0
x4 <- 0x00000000


mem[X,0x80022F0C] -> 0x006F
mem[X,0x80022F0E] -> 0x0100
[3363] [M]: 0x80022F0C (0x0100006F) jal zero, 16


mem[X,0x80022F1C] -> 0x1AE3
mem[X,0x80022F1E] -> 0xFEB5
[3364] [M]: 0x80022F1C (0xFEB51AE3) bne a0, a1, 8180


mem[X,0x80022F10] -> 0x0213
mem[X,0x80022F12] -> 0x0012
[3365] [M]: 0x80022F10 (0x00120213) addi tp, tp, 1
x4 <- 0x00000001


mem[X,0x80022F14] -> 0x006F
mem[X,0x80022F16] -> 0x01C0
[3366] [M]: 0x80022F14 (0x01C0006F) jal zero, 28


mem[X,0x80022F30] -> 0xA223
mem[X,0x80022F32] -> 0x5440
[3367] [M]: 0x80022F30 (0x5440A223) sw tp, 1348(ra)
mem[0x800397AC] <- 0x00000001


mem[X,0x80022F34] -> 0x3537
mem[X,0x80022F36] -> 0x3333
[3368] [M]: 0x80022F34 (0x33333537) lui a0, 209715
x10 <- 0x33333000


mem[X,0x80022F38] -> 0x0513
mem[X,0x80022F3A] -> 0x3345
[3369] [M]: 0x80022F38 (0x33450513) addi a0, a0, 820
x10 <- 0x33333334


mem[X,0x80022F3C] -> 0xB5B7
mem[X,0x80022F3E] -> 0x0000
[3370] [M]: 0x80022F3C (0x0000B5B7) lui a1, 11
x11 <- 0x0000B000


mem[X,0x80022F40] -> 0x8593
mem[X,0x80022F42] -> 0x5045
[3371] [M]: 0x80022F40 (0x50458593) addi a1, a1, 1284
x11 <- 0x0000B504


mem[X,0x80022F44] -> 0x0213
mem[X,0x80022F46] -> 0x0000
[3372] [M]: 0x80022F44 (0x00000213) addi tp, zero, 0
x4 <- 0x00000000


mem[X,0x80022F48] -> 0x006F
mem[X,0x80022F4A] -> 0x2B10
[3373] [M]: 0x80022F48 (0x2B10006F) jal zero, 2736


mem[X,0x800239F8] -> 0x1A63
mem[X,0x800239FA] -> 0xD4B5
[3374] [M]: 0x800239F8 (0xD4B51A63) bne a0, a1, 5460


mem[X,0x80022F4C] -> 0x0213
mem[X,0x80022F4E] -> 0x0012
[3375] [M]: 0x80022F4C (0x00120213) addi tp, tp, 1
x4 <- 0x00000001


mem[X,0x80022F50] -> 0x006F
mem[X,0x80022F52] -> 0x2BD0
[3376] [M]: 0x80022F50 (0x2BD0006F) jal zero, 2748


mem[X,0x80023A0C] -> 0xA423
mem[X,0x80023A0E] -> 0x5440
[3377] [M]: 0x80023A0C (0x5440A423) sw tp, 1352(ra)
mem[0x800397B0] <- 0x00000001


mem[X,0x80023A10] -> 0x3537
mem[X,0x80023A12] -> 0x3333
[3378] [M]: 0x80023A10 (0x33333537) lui a0, 209715
x10 <- 0x33333000


mem[X,0x80023A14] -> 0x0513
mem[X,0x80023A16] -> 0x3345
[3379] [M]: 0x80023A14 (0x33450513) addi a0, a0, 820
x10 <- 0x33333334


mem[X,0x80023A18] -> 0x0593
mem[X,0x80023A1A] -> 0x0020
[3380] [M]: 0x80023A18 (0x00200593) addi a1, zero, 2
x11 <- 0x00000002


mem[X,0x80023A1C] -> 0x0213
mem[X,0x80023A1E] -> 0x0000
[3381] [M]: 0x80023A1C (0x00000213) addi tp, zero, 0
x4 <- 0x00000000


mem[X,0x80023A20] -> 0x006F
mem[X,0x80023A22] -> 0x0050
[3382] [M]: 0x80023A20 (0x0050006F) jal zero, 2052


mem[X,0x80024224] -> 0x10E3
mem[X,0x80024226] -> 0x80B5
[3383] [M]: 0x80024224 (0x80B510E3) bne a0, a1, 6144


mem[X,0x80023A24] -> 0x0213
mem[X,0x80023A26] -> 0x0012
[3384] [M]: 0x80023A24 (0x00120213) addi tp, tp, 1
x4 <- 0x00000001


mem[X,0x80023A28] -> 0x006F
mem[X,0x80023A2A] -> 0x0110
[3385] [M]: 0x80023A28 (0x0110006F) jal zero, 2064


mem[X,0x80024238] -> 0xA623
mem[X,0x8002423A] -> 0x5440
[3386] [M]: 0x80024238 (0x5440A623) sw tp, 1356(ra)
mem[0x800397B4] <- 0x00000001


mem[X,0x8002423C] -> 0x3537
mem[X,0x8002423E] -> 0x3333
[3387] [M]: 0x8002423C (0x33333537) lui a0, 209715
x10 <- 0x33333000


mem[X,0x80024240] -> 0x0513
mem[X,0x80024242] -> 0x3345
[3388] [M]: 0x80024240 (0x33450513) addi a0, a0, 820
x10 <- 0x33333334


mem[X,0x80024244] -> 0x55B7
mem[X,0x80024246] -> 0x5555
[3389] [M]: 0x80024244 (0x555555B7) lui a1, 349525
x11 <- 0x55555000


mem[X,0x80024248] -> 0x8593
mem[X,0x8002424A] -> 0x5545
[3390] [M]: 0x80024248 (0x55458593) addi a1, a1, 1364
x11 <- 0x55555554


mem[X,0x8002424C] -> 0x0213
mem[X,0x8002424E] -> 0x0000
[3391] [M]: 0x8002424C (0x00000213) addi tp, zero, 0
x4 <- 0x00000000


mem[X,0x80024250] -> 0x006F
mem[X,0x80024252] -> 0x00C0
[3392] [M]: 0x80024250 (0x00C0006F) jal zero, 12


mem[X,0x8002425C] -> 0x1063
mem[X,0x8002425E] -> 0x02B5
[3393] [M]: 0x8002425C (0x02B51063) bne a0, a1, 32


mem[X,0x8002427C] -> 0x0213
mem[X,0x8002427E] -> 0x0032
[3394] [M]: 0x8002427C (0x00320213) addi tp, tp, 3
x4 <- 0x00000003


mem[X,0x80024280] -> 0x006F
mem[X,0x80024282] -> 0x0040
[3395] [M]: 0x80024280 (0x0040006F) jal zero, 4


mem[X,0x80024284] -> 0xA823
mem[X,0x80024286] -> 0x5440
[3396] [M]: 0x80024284 (0x5440A823) sw tp, 1360(ra)
mem[0x800397B8] <- 0x00000003


mem[X,0x80024288] -> 0x3537
mem[X,0x8002428A] -> 0x3333
[3397] [M]: 0x80024288 (0x33333537) lui a0, 209715
x10 <- 0x33333000


mem[X,0x8002428C] -> 0x0513
mem[X,0x8002428E] -> 0x3345
[3398] [M]: 0x8002428C (0x33450513) addi a0, a0, 820
x10 <- 0x33333334


mem[X,0x80024290] -> 0x0593
mem[X,0x80024292] -> 0x0000
[3399] [M]: 0x80024290 (0x00000593) addi a1, zero, 0
x11 <- 0x00000000


clint::tick mtime <- 0x0000000000000022
 clint timer pending at mtime 0x0000000000000022
htif::tick 0x0000000000000000
mem[X,0x80024294] -> 0x0213
mem[X,0x80024296] -> 0x0000
[3400] [M]: 0x80024294 (0x00000213) addi tp, zero, 0
x4 <- 0x00000000


mem[X,0x80024298] -> 0x006F
mem[X,0x8002429A] -> 0x00C0
[3401] [M]: 0x80024298 (0x00C0006F) jal zero, 12


mem[X,0x800242A4] -> 0x1663
mem[X,0x800242A6] -> 0x00B5
[3402] [M]: 0x800242A4 (0x00B51663) bne a0, a1, 12


mem[X,0x800242B0] -> 0x0213
mem[X,0x800242B2] -> 0x0032
[3403] [M]: 0x800242B0 (0x00320213) addi tp, tp, 3
x4 <- 0x00000003


mem[X,0x800242B4] -> 0x006F
mem[X,0x800242B6] -> 0x0040
[3404] [M]: 0x800242B4 (0x0040006F) jal zero, 4


mem[X,0x800242B8] -> 0xAA23
mem[X,0x800242BA] -> 0x5440
[3405] [M]: 0x800242B8 (0x5440AA23) sw tp, 1364(ra)
mem[0x800397BC] <- 0x00000003


mem[X,0x800242BC] -> 0x3537
mem[X,0x800242BE] -> 0x3333
[3406] [M]: 0x800242BC (0x33333537) lui a0, 209715
x10 <- 0x33333000


mem[X,0x800242C0] -> 0x0513
mem[X,0x800242C2] -> 0x3345
[3407] [M]: 0x800242C0 (0x33450513) addi a0, a0, 820
x10 <- 0x33333334


mem[X,0x800242C4] -> 0x0593
mem[X,0x800242C6] -> 0x0040
[3408] [M]: 0x800242C4 (0x00400593) addi a1, zero, 4
x11 <- 0x00000004


mem[X,0x800242C8] -> 0x0213
mem[X,0x800242CA] -> 0x0000
[3409] [M]: 0x800242C8 (0x00000213) addi tp, zero, 0
x4 <- 0x00000000


mem[X,0x800242CC] -> 0x006F
mem[X,0x800242CE] -> 0x0180
[3410] [M]: 0x800242CC (0x0180006F) jal zero, 24


mem[X,0x800242E4] -> 0x16E3
mem[X,0x800242E6] -> 0xFEB5
[3411] [M]: 0x800242E4 (0xFEB516E3) bne a0, a1, 8172


mem[X,0x800242D0] -> 0x0213
mem[X,0x800242D2] -> 0x0012
[3412] [M]: 0x800242D0 (0x00120213) addi tp, tp, 1
x4 <- 0x00000001


mem[X,0x800242D4] -> 0x006F
mem[X,0x800242D6] -> 0x0240
[3413] [M]: 0x800242D4 (0x0240006F) jal zero, 36


mem[X,0x800242F8] -> 0xAC23
mem[X,0x800242FA] -> 0x5440
[3414] [M]: 0x800242F8 (0x5440AC23) sw tp, 1368(ra)
mem[0x800397C0] <- 0x00000001


mem[X,0x800242FC] -> 0x3537
mem[X,0x800242FE] -> 0x3333
[3415] [M]: 0x800242FC (0x33333537) lui a0, 209715
x10 <- 0x33333000


mem[X,0x80024300] -> 0x0513
mem[X,0x80024302] -> 0x3345
[3416] [M]: 0x80024300 (0x33450513) addi a0, a0, 820
x10 <- 0x33333334


mem[X,0x80024304] -> 0x35B7
mem[X,0x80024306] -> 0x3333
[3417] [M]: 0x80024304 (0x333335B7) lui a1, 209715
x11 <- 0x33333000


mem[X,0x80024308] -> 0x8593
mem[X,0x8002430A] -> 0x3325
[3418] [M]: 0x80024308 (0x33258593) addi a1, a1, 818
x11 <- 0x33333332


mem[X,0x8002430C] -> 0x0213
mem[X,0x8002430E] -> 0x0000
[3419] [M]: 0x8002430C (0x00000213) addi tp, zero, 0
x4 <- 0x00000000


mem[X,0x80024310] -> 0x006F
mem[X,0x80024312] -> 0x0180
[3420] [M]: 0x80024310 (0x0180006F) jal zero, 24


mem[X,0x80024328] -> 0x16E3
mem[X,0x8002432A] -> 0xFEB5
[3421] [M]: 0x80024328 (0xFEB516E3) bne a0, a1, 8172


mem[X,0x80024314] -> 0x0213
mem[X,0x80024316] -> 0x0012
[3422] [M]: 0x80024314 (0x00120213) addi tp, tp, 1
x4 <- 0x00000001


mem[X,0x80024318] -> 0x006F
mem[X,0x8002431A] -> 0x0240
[3423] [M]: 0x80024318 (0x0240006F) jal zero, 36


mem[X,0x8002433C] -> 0xAE23
mem[X,0x8002433E] -> 0x5440
[3424] [M]: 0x8002433C (0x5440AE23) sw tp, 1372(ra)
mem[0x800397C4] <- 0x00000001


mem[X,0x80024340] -> 0x3537
mem[X,0x80024342] -> 0x3333
[3425] [M]: 0x80024340 (0x33333537) lui a0, 209715
x10 <- 0x33333000


mem[X,0x80024344] -> 0x0513
mem[X,0x80024346] -> 0x3345
[3426] [M]: 0x80024344 (0x33450513) addi a0, a0, 820
x10 <- 0x33333334


mem[X,0x80024348] -> 0x65B7
mem[X,0x8002434A] -> 0x6666
[3427] [M]: 0x80024348 (0x666665B7) lui a1, 419430
x11 <- 0x66666000


mem[X,0x8002434C] -> 0x8593
mem[X,0x8002434E] -> 0x6655
[3428] [M]: 0x8002434C (0x66558593) addi a1, a1, 1637
x11 <- 0x66666665


mem[X,0x80024350] -> 0x0213
mem[X,0x80024352] -> 0x0000
[3429] [M]: 0x80024350 (0x00000213) addi tp, zero, 0
x4 <- 0x00000000


mem[X,0x80024354] -> 0x006F
mem[X,0x80024356] -> 0x00C0
[3430] [M]: 0x80024354 (0x00C0006F) jal zero, 12


mem[X,0x80024360] -> 0x1663
mem[X,0x80024362] -> 0x00B5
[3431] [M]: 0x80024360 (0x00B51663) bne a0, a1, 12


mem[X,0x8002436C] -> 0x0213
mem[X,0x8002436E] -> 0x0032
[3432] [M]: 0x8002436C (0x00320213) addi tp, tp, 3
x4 <- 0x00000003


mem[X,0x80024370] -> 0x006F
mem[X,0x80024372] -> 0x0040
[3433] [M]: 0x80024370 (0x0040006F) jal zero, 4


mem[X,0x80024374] -> 0xA023
mem[X,0x80024376] -> 0x5640
[3434] [M]: 0x80024374 (0x5640A023) sw tp, 1376(ra)
mem[0x800397C8] <- 0x00000003


mem[X,0x80024378] -> 0x3537
mem[X,0x8002437A] -> 0x3333
[3435] [M]: 0x80024378 (0x33333537) lui a0, 209715
x10 <- 0x33333000


mem[X,0x8002437C] -> 0x0513
mem[X,0x8002437E] -> 0x3345
[3436] [M]: 0x8002437C (0x33450513) addi a0, a0, 820
x10 <- 0x33333334


mem[X,0x80024380] -> 0xB5B7
mem[X,0x80024382] -> 0x0000
[3437] [M]: 0x80024380 (0x0000B5B7) lui a1, 11
x11 <- 0x0000B000


mem[X,0x80024384] -> 0x8593
mem[X,0x80024386] -> 0x5035
[3438] [M]: 0x80024384 (0x50358593) addi a1, a1, 1283
x11 <- 0x0000B503


mem[X,0x80024388] -> 0x0213
mem[X,0x8002438A] -> 0x0000
[3439] [M]: 0x80024388 (0x00000213) addi tp, zero, 0
x4 <- 0x00000000


mem[X,0x8002438C] -> 0x006F
mem[X,0x8002438E] -> 0x00C0
[3440] [M]: 0x8002438C (0x00C0006F) jal zero, 12


mem[X,0x80024398] -> 0x1CE3
mem[X,0x8002439A] -> 0xFEB5
[3441] [M]: 0x80024398 (0xFEB51CE3) bne a0, a1, 8184


mem[X,0x80024390] -> 0x0213
mem[X,0x80024392] -> 0x0012
[3442] [M]: 0x80024390 (0x00120213) addi tp, tp, 1
x4 <- 0x00000001


mem[X,0x80024394] -> 0x006F
mem[X,0x80024396] -> 0x0180
[3443] [M]: 0x80024394 (0x0180006F) jal zero, 24


mem[X,0x800243AC] -> 0xA223
mem[X,0x800243AE] -> 0x5640
[3444] [M]: 0x800243AC (0x5640A223) sw tp, 1380(ra)
mem[0x800397CC] <- 0x00000001


mem[X,0x800243B0] -> 0x3537
mem[X,0x800243B2] -> 0x3333
[3445] [M]: 0x800243B0 (0x33333537) lui a0, 209715
x10 <- 0x33333000


mem[X,0x800243B4] -> 0x0513
mem[X,0x800243B6] -> 0x3345
[3446] [M]: 0x800243B4 (0x33450513) addi a0, a0, 820
x10 <- 0x33333334


mem[X,0x800243B8] -> 0x55B7
mem[X,0x800243BA] -> 0x5555
[3447] [M]: 0x800243B8 (0x555555B7) lui a1, 349525
x11 <- 0x55555000


mem[X,0x800243BC] -> 0x8593
mem[X,0x800243BE] -> 0x5565
[3448] [M]: 0x800243BC (0x55658593) addi a1, a1, 1366
x11 <- 0x55555556


mem[X,0x800243C0] -> 0x0213
mem[X,0x800243C2] -> 0x0000
[3449] [M]: 0x800243C0 (0x00000213) addi tp, zero, 0
x4 <- 0x00000000


mem[X,0x800243C4] -> 0x006F
mem[X,0x800243C6] -> 0x00C0
[3450] [M]: 0x800243C4 (0x00C0006F) jal zero, 12


mem[X,0x800243D0] -> 0x1663
mem[X,0x800243D2] -> 0x00B5
[3451] [M]: 0x800243D0 (0x00B51663) bne a0, a1, 12


mem[X,0x800243DC] -> 0x0213
mem[X,0x800243DE] -> 0x0032
[3452] [M]: 0x800243DC (0x00320213) addi tp, tp, 3
x4 <- 0x00000003


mem[X,0x800243E0] -> 0x006F
mem[X,0x800243E2] -> 0x0040
[3453] [M]: 0x800243E0 (0x0040006F) jal zero, 4


mem[X,0x800243E4] -> 0xA423
mem[X,0x800243E6] -> 0x5640
[3454] [M]: 0x800243E4 (0x5640A423) sw tp, 1384(ra)
mem[0x800397D0] <- 0x00000003


mem[X,0x800243E8] -> 0x3537
mem[X,0x800243EA] -> 0x3333
[3455] [M]: 0x800243E8 (0x33333537) lui a0, 209715
x10 <- 0x33333000


mem[X,0x800243EC] -> 0x0513
mem[X,0x800243EE] -> 0x3345
[3456] [M]: 0x800243EC (0x33450513) addi a0, a0, 820
x10 <- 0x33333334


mem[X,0x800243F0] -> 0xB5B7
mem[X,0x800243F2] -> 0xAAAA
[3457] [M]: 0x800243F0 (0xAAAAB5B7) lui a1, 699051
x11 <- 0xAAAAB000


mem[X,0x800243F4] -> 0x8593
mem[X,0x800243F6] -> 0xAAB5
[3458] [M]: 0x800243F4 (0xAAB58593) addi a1, a1, 2731
x11 <- 0xAAAAAAAB


mem[X,0x800243F8] -> 0x0213
mem[X,0x800243FA] -> 0x0000
[3459] [M]: 0x800243F8 (0x00000213) addi tp, zero, 0
x4 <- 0x00000000


mem[X,0x800243FC] -> 0x006F
mem[X,0x800243FE] -> 0x0100
[3460] [M]: 0x800243FC (0x0100006F) jal zero, 16


mem[X,0x8002440C] -> 0x1AE3
mem[X,0x8002440E] -> 0xFEB5
[3461] [M]: 0x8002440C (0xFEB51AE3) bne a0, a1, 8180


mem[X,0x80024400] -> 0x0213
mem[X,0x80024402] -> 0x0012
[3462] [M]: 0x80024400 (0x00120213) addi tp, tp, 1
x4 <- 0x00000001


mem[X,0x80024404] -> 0x006F
mem[X,0x80024406] -> 0x01C0
[3463] [M]: 0x80024404 (0x01C0006F) jal zero, 28


mem[X,0x80024420] -> 0xA623
mem[X,0x80024422] -> 0x5640
[3464] [M]: 0x80024420 (0x5640A623) sw tp, 1388(ra)
mem[0x800397D4] <- 0x00000001


mem[X,0x80024424] -> 0x3537
mem[X,0x80024426] -> 0x3333
[3465] [M]: 0x80024424 (0x33333537) lui a0, 209715
x10 <- 0x33333000


mem[X,0x80024428] -> 0x0513
mem[X,0x8002442A] -> 0x3345
[3466] [M]: 0x80024428 (0x33450513) addi a0, a0, 820
x10 <- 0x33333334


mem[X,0x8002442C] -> 0x0593
mem[X,0x8002442E] -> 0x0060
[3467] [M]: 0x8002442C (0x00600593) addi a1, zero, 6
x11 <- 0x00000006


mem[X,0x80024430] -> 0x0213
mem[X,0x80024432] -> 0x0000
[3468] [M]: 0x80024430 (0x00000213) addi tp, zero, 0
x4 <- 0x00000000


mem[X,0x80024434] -> 0x006F
mem[X,0x80024436] -> 0x00C0
[3469] [M]: 0x80024434 (0x00C0006F) jal zero, 12


mem[X,0x80024440] -> 0x1063
mem[X,0x80024442] -> 0x02B5
[3470] [M]: 0x80024440 (0x02B51063) bne a0, a1, 32


mem[X,0x80024460] -> 0x0213
mem[X,0x80024462] -> 0x0032
[3471] [M]: 0x80024460 (0x00320213) addi tp, tp, 3
x4 <- 0x00000003


mem[X,0x80024464] -> 0x006F
mem[X,0x80024466] -> 0x0040
[3472] [M]: 0x80024464 (0x0040006F) jal zero, 4


mem[X,0x80024468] -> 0xA823
mem[X,0x8002446A] -> 0x5640
[3473] [M]: 0x80024468 (0x5640A823) sw tp, 1392(ra)
mem[0x800397D8] <- 0x00000003


mem[X,0x8002446C] -> 0x3537
mem[X,0x8002446E] -> 0x3333
[3474] [M]: 0x8002446C (0x33333537) lui a0, 209715
x10 <- 0x33333000


mem[X,0x80024470] -> 0x0513
mem[X,0x80024472] -> 0x3345
[3475] [M]: 0x80024470 (0x33450513) addi a0, a0, 820
x10 <- 0x33333334


mem[X,0x80024474] -> 0x35B7
mem[X,0x80024476] -> 0x3333
[3476] [M]: 0x80024474 (0x333335B7) lui a1, 209715
x11 <- 0x33333000


mem[X,0x80024478] -> 0x8593
mem[X,0x8002447A] -> 0x3345
[3477] [M]: 0x80024478 (0x33458593) addi a1, a1, 820
x11 <- 0x33333334


mem[X,0x8002447C] -> 0x0213
mem[X,0x8002447E] -> 0x0000
[3478] [M]: 0x8002447C (0x00000213) addi tp, zero, 0
x4 <- 0x00000000


mem[X,0x80024480] -> 0x006F
mem[X,0x80024482] -> 0x00C0
[3479] [M]: 0x80024480 (0x00C0006F) jal zero, 12


mem[X,0x8002448C] -> 0x1663
mem[X,0x8002448E] -> 0x00B5
[3480] [M]: 0x8002448C (0x00B51663) bne a0, a1, 12


mem[X,0x80024490] -> 0x0213
mem[X,0x80024492] -> 0x0022
[3481] [M]: 0x80024490 (0x00220213) addi tp, tp, 2
x4 <- 0x00000002


mem[X,0x80024494] -> 0x006F
mem[X,0x80024496] -> 0x00C0
[3482] [M]: 0x80024494 (0x00C0006F) jal zero, 12


mem[X,0x800244A0] -> 0xAA23
mem[X,0x800244A2] -> 0x5640
[3483] [M]: 0x800244A0 (0x5640AA23) sw tp, 1396(ra)
mem[0x800397DC] <- 0x00000002


mem[X,0x800244A4] -> 0x3537
mem[X,0x800244A6] -> 0x3333
[3484] [M]: 0x800244A4 (0x33333537) lui a0, 209715
x10 <- 0x33333000


mem[X,0x800244A8] -> 0x0513
mem[X,0x800244AA] -> 0x3345
[3485] [M]: 0x800244A8 (0x33450513) addi a0, a0, 820
x10 <- 0x33333334


mem[X,0x800244AC] -> 0x65B7
mem[X,0x800244AE] -> 0x6666
[3486] [M]: 0x800244AC (0x666665B7) lui a1, 419430
x11 <- 0x66666000


mem[X,0x800244B0] -> 0x8593
mem[X,0x800244B2] -> 0x6675
[3487] [M]: 0x800244B0 (0x66758593) addi a1, a1, 1639
x11 <- 0x66666667


mem[X,0x800244B4] -> 0x0213
mem[X,0x800244B6] -> 0x0000
[3488] [M]: 0x800244B4 (0x00000213) addi tp, zero, 0
x4 <- 0x00000000


mem[X,0x800244B8] -> 0x006F
mem[X,0x800244BA] -> 0x00C0
[3489] [M]: 0x800244B8 (0x00C0006F) jal zero, 12


mem[X,0x800244C4] -> 0x1663
mem[X,0x800244C6] -> 0x00B5
[3490] [M]: 0x800244C4 (0x00B51663) bne a0, a1, 12


mem[X,0x800244D0] -> 0x0213
mem[X,0x800244D2] -> 0x0032
[3491] [M]: 0x800244D0 (0x00320213) addi tp, tp, 3
x4 <- 0x00000003


mem[X,0x800244D4] -> 0x006F
mem[X,0x800244D6] -> 0x0040
[3492] [M]: 0x800244D4 (0x0040006F) jal zero, 4


mem[X,0x800244D8] -> 0xAC23
mem[X,0x800244DA] -> 0x5640
[3493] [M]: 0x800244D8 (0x5640AC23) sw tp, 1400(ra)
mem[0x800397E0] <- 0x00000003


mem[X,0x800244DC] -> 0x3537
mem[X,0x800244DE] -> 0x3333
[3494] [M]: 0x800244DC (0x33333537) lui a0, 209715
x10 <- 0x33333000


mem[X,0x800244E0] -> 0x0513
mem[X,0x800244E2] -> 0x3345
[3495] [M]: 0x800244E0 (0x33450513) addi a0, a0, 820
x10 <- 0x33333334


mem[X,0x800244E4] -> 0x55B7
mem[X,0x800244E6] -> 0xFFFF
[3496] [M]: 0x800244E4 (0xFFFF55B7) lui a1, 1048565
x11 <- 0xFFFF5000


mem[X,0x800244E8] -> 0x8593
mem[X,0x800244EA] -> 0xAFD5
[3497] [M]: 0x800244E8 (0xAFD58593) addi a1, a1, 2813
x11 <- 0xFFFF4AFD


mem[X,0x800244EC] -> 0x0213
mem[X,0x800244EE] -> 0x0000
[3498] [M]: 0x800244EC (0x00000213) addi tp, zero, 0
x4 <- 0x00000000


mem[X,0x800244F0] -> 0x006F
mem[X,0x800244F2] -> 0x00C0
[3499] [M]: 0x800244F0 (0x00C0006F) jal zero, 12


clint::tick mtime <- 0x0000000000000023
 clint timer pending at mtime 0x0000000000000023
htif::tick 0x0000000000000000
mem[X,0x800244FC] -> 0x1663
mem[X,0x800244FE] -> 0x00B5
[3500] [M]: 0x800244FC (0x00B51663) bne a0, a1, 12


mem[X,0x80024508] -> 0x0213
mem[X,0x8002450A] -> 0x0032
[3501] [M]: 0x80024508 (0x00320213) addi tp, tp, 3
x4 <- 0x00000003


mem[X,0x8002450C] -> 0x006F
mem[X,0x8002450E] -> 0x0040
[3502] [M]: 0x8002450C (0x0040006F) jal zero, 4


mem[X,0x80024510] -> 0xAE23
mem[X,0x80024512] -> 0x5640
[3503] [M]: 0x80024510 (0x5640AE23) sw tp, 1404(ra)
mem[0x800397E4] <- 0x00000003


mem[X,0x80024514] -> 0x3537
mem[X,0x80024516] -> 0x3333
[3504] [M]: 0x80024514 (0x33333537) lui a0, 209715
x10 <- 0x33333000


mem[X,0x80024518] -> 0x0513
mem[X,0x8002451A] -> 0x3345
[3505] [M]: 0x80024518 (0x33450513) addi a0, a0, 820
x10 <- 0x33333334


mem[X,0x8002451C] -> 0xB5B7
mem[X,0x8002451E] -> 0x0000
[3506] [M]: 0x8002451C (0x0000B5B7) lui a1, 11
x11 <- 0x0000B000


mem[X,0x80024520] -> 0x8593
mem[X,0x80024522] -> 0x5055
[3507] [M]: 0x80024520 (0x50558593) addi a1, a1, 1285
x11 <- 0x0000B505


mem[X,0x80024524] -> 0x0213
mem[X,0x80024526] -> 0x0000
[3508] [M]: 0x80024524 (0x00000213) addi tp, zero, 0
x4 <- 0x00000000


mem[X,0x80024528] -> 0x006F
mem[X,0x8002452A] -> 0x00C0
[3509] [M]: 0x80024528 (0x00C0006F) jal zero, 12


mem[X,0x80024534] -> 0x1063
mem[X,0x80024536] -> 0x02B5
[3510] [M]: 0x80024534 (0x02B51063) bne a0, a1, 32


mem[X,0x80024554] -> 0x0213
mem[X,0x80024556] -> 0x0032
[3511] [M]: 0x80024554 (0x00320213) addi tp, tp, 3
x4 <- 0x00000003


mem[X,0x80024558] -> 0x006F
mem[X,0x8002455A] -> 0x0040
[3512] [M]: 0x80024558 (0x0040006F) jal zero, 4


mem[X,0x8002455C] -> 0xA023
mem[X,0x8002455E] -> 0x5840
[3513] [M]: 0x8002455C (0x5840A023) sw tp, 1408(ra)
mem[0x800397E8] <- 0x00000003


mem[X,0x80024560] -> 0x6537
mem[X,0x80024562] -> 0x6666
[3514] [M]: 0x80024560 (0x66666537) lui a0, 419430
x10 <- 0x66666000


mem[X,0x80024564] -> 0x0513
mem[X,0x80024566] -> 0x6675
[3515] [M]: 0x80024564 (0x66750513) addi a0, a0, 1639
x10 <- 0x66666667


mem[X,0x80024568] -> 0x0593
mem[X,0x8002456A] -> 0x0030
[3516] [M]: 0x80024568 (0x00300593) addi a1, zero, 3
x11 <- 0x00000003


mem[X,0x8002456C] -> 0x0213
mem[X,0x8002456E] -> 0x0000
[3517] [M]: 0x8002456C (0x00000213) addi tp, zero, 0
x4 <- 0x00000000


mem[X,0x80024570] -> 0x006F
mem[X,0x80024572] -> 0x00C0
[3518] [M]: 0x80024570 (0x00C0006F) jal zero, 12


mem[X,0x8002457C] -> 0x1663
mem[X,0x8002457E] -> 0x00B5
[3519] [M]: 0x8002457C (0x00B51663) bne a0, a1, 12


mem[X,0x80024588] -> 0x0213
mem[X,0x8002458A] -> 0x0032
[3520] [M]: 0x80024588 (0x00320213) addi tp, tp, 3
x4 <- 0x00000003


mem[X,0x8002458C] -> 0x006F
mem[X,0x8002458E] -> 0x0040
[3521] [M]: 0x8002458C (0x0040006F) jal zero, 4


mem[X,0x80024590] -> 0xA223
mem[X,0x80024592] -> 0x5840
[3522] [M]: 0x80024590 (0x5840A223) sw tp, 1412(ra)
mem[0x800397EC] <- 0x00000003


mem[X,0x80024594] -> 0x6537
mem[X,0x80024596] -> 0x6666
[3523] [M]: 0x80024594 (0x66666537) lui a0, 419430
x10 <- 0x66666000


mem[X,0x80024598] -> 0x0513
mem[X,0x8002459A] -> 0x6675
[3524] [M]: 0x80024598 (0x66750513) addi a0, a0, 1639
x10 <- 0x66666667


mem[X,0x8002459C] -> 0x55B7
mem[X,0x8002459E] -> 0x5555
[3525] [M]: 0x8002459C (0x555555B7) lui a1, 349525
x11 <- 0x55555000


mem[X,0x800245A0] -> 0x8593
mem[X,0x800245A2] -> 0x5555
[3526] [M]: 0x800245A0 (0x55558593) addi a1, a1, 1365
x11 <- 0x55555555


mem[X,0x800245A4] -> 0x0213
mem[X,0x800245A6] -> 0x0000
[3527] [M]: 0x800245A4 (0x00000213) addi tp, zero, 0
x4 <- 0x00000000


mem[X,0x800245A8] -> 0x006F
mem[X,0x800245AA] -> 0x00C0
[3528] [M]: 0x800245A8 (0x00C0006F) jal zero, 12


mem[X,0x800245B4] -> 0x1CE3
mem[X,0x800245B6] -> 0xFEB5
[3529] [M]: 0x800245B4 (0xFEB51CE3) bne a0, a1, 8184


mem[X,0x800245AC] -> 0x0213
mem[X,0x800245AE] -> 0x0012
[3530] [M]: 0x800245AC (0x00120213) addi tp, tp, 1
x4 <- 0x00000001


mem[X,0x800245B0] -> 0x006F
mem[X,0x800245B2] -> 0x0180
[3531] [M]: 0x800245B0 (0x0180006F) jal zero, 24


mem[X,0x800245C8] -> 0xA423
mem[X,0x800245CA] -> 0x5840
[3532] [M]: 0x800245C8 (0x5840A423) sw tp, 1416(ra)
mem[0x800397F0] <- 0x00000001


mem[X,0x800245CC] -> 0x6537
mem[X,0x800245CE] -> 0x6666
[3533] [M]: 0x800245CC (0x66666537) lui a0, 419430
x10 <- 0x66666000


mem[X,0x800245D0] -> 0x0513
mem[X,0x800245D2] -> 0x6675
[3534] [M]: 0x800245D0 (0x66750513) addi a0, a0, 1639
x10 <- 0x66666667


mem[X,0x800245D4] -> 0xB5B7
mem[X,0x800245D6] -> 0xAAAA
[3535] [M]: 0x800245D4 (0xAAAAB5B7) lui a1, 699051
x11 <- 0xAAAAB000


mem[X,0x800245D8] -> 0x8593
mem[X,0x800245DA] -> 0xAAA5
[3536] [M]: 0x800245D8 (0xAAA58593) addi a1, a1, 2730
x11 <- 0xAAAAAAAA


mem[X,0x800245DC] -> 0x0213
mem[X,0x800245DE] -> 0x0000
[3537] [M]: 0x800245DC (0x00000213) addi tp, zero, 0
x4 <- 0x00000000


mem[X,0x800245E0] -> 0x006F
mem[X,0x800245E2] -> 0x00C0
[3538] [M]: 0x800245E0 (0x00C0006F) jal zero, 12


mem[X,0x800245EC] -> 0x1063
mem[X,0x800245EE] -> 0x20B5
[3539] [M]: 0x800245EC (0x20B51063) bne a0, a1, 512


mem[X,0x800247EC] -> 0x0213
mem[X,0x800247EE] -> 0x0032
[3540] [M]: 0x800247EC (0x00320213) addi tp, tp, 3
x4 <- 0x00000003


mem[X,0x800247F0] -> 0x006F
mem[X,0x800247F2] -> 0x0040
[3541] [M]: 0x800247F0 (0x0040006F) jal zero, 4


mem[X,0x800247F4] -> 0xA623
mem[X,0x800247F6] -> 0x5840
[3542] [M]: 0x800247F4 (0x5840A623) sw tp, 1420(ra)
mem[0x800397F4] <- 0x00000003


mem[X,0x800247F8] -> 0x6537
mem[X,0x800247FA] -> 0x6666
[3543] [M]: 0x800247F8 (0x66666537) lui a0, 419430
x10 <- 0x66666000


mem[X,0x800247FC] -> 0x0513
mem[X,0x800247FE] -> 0x6675
[3544] [M]: 0x800247FC (0x66750513) addi a0, a0, 1639
x10 <- 0x66666667


mem[X,0x80024800] -> 0x0593
mem[X,0x80024802] -> 0x0050
[3545] [M]: 0x80024800 (0x00500593) addi a1, zero, 5
x11 <- 0x00000005


mem[X,0x80024804] -> 0x0213
mem[X,0x80024806] -> 0x0000
[3546] [M]: 0x80024804 (0x00000213) addi tp, zero, 0
x4 <- 0x00000000


mem[X,0x80024808] -> 0x006F
mem[X,0x8002480A] -> 0x0140
[3547] [M]: 0x80024808 (0x0140006F) jal zero, 20


mem[X,0x8002481C] -> 0x18E3
mem[X,0x8002481E] -> 0xFEB5
[3548] [M]: 0x8002481C (0xFEB518E3) bne a0, a1, 8176


mem[X,0x8002480C] -> 0x0213
mem[X,0x8002480E] -> 0x0012
[3549] [M]: 0x8002480C (0x00120213) addi tp, tp, 1
x4 <- 0x00000001


mem[X,0x80024810] -> 0x006F
mem[X,0x80024812] -> 0x0200
[3550] [M]: 0x80024810 (0x0200006F) jal zero, 32


mem[X,0x80024830] -> 0xA823
mem[X,0x80024832] -> 0x5840
[3551] [M]: 0x80024830 (0x5840A823) sw tp, 1424(ra)
mem[0x800397F8] <- 0x00000001


mem[X,0x80024834] -> 0x6537
mem[X,0x80024836] -> 0x6666
[3552] [M]: 0x80024834 (0x66666537) lui a0, 419430
x10 <- 0x66666000


mem[X,0x80024838] -> 0x0513
mem[X,0x8002483A] -> 0x6675
[3553] [M]: 0x80024838 (0x66750513) addi a0, a0, 1639
x10 <- 0x66666667


mem[X,0x8002483C] -> 0x35B7
mem[X,0x8002483E] -> 0x3333
[3554] [M]: 0x8002483C (0x333335B7) lui a1, 209715
x11 <- 0x33333000


mem[X,0x80024840] -> 0x8593
mem[X,0x80024842] -> 0x3335
[3555] [M]: 0x80024840 (0x33358593) addi a1, a1, 819
x11 <- 0x33333333


mem[X,0x80024844] -> 0x0213
mem[X,0x80024846] -> 0x0000
[3556] [M]: 0x80024844 (0x00000213) addi tp, zero, 0
x4 <- 0x00000000


mem[X,0x80024848] -> 0x006F
mem[X,0x8002484A] -> 0x00C0
[3557] [M]: 0x80024848 (0x00C0006F) jal zero, 12


mem[X,0x80024854] -> 0x1663
mem[X,0x80024856] -> 0x00B5
[3558] [M]: 0x80024854 (0x00B51663) bne a0, a1, 12


mem[X,0x80024860] -> 0x0213
mem[X,0x80024862] -> 0x0032
[3559] [M]: 0x80024860 (0x00320213) addi tp, tp, 3
x4 <- 0x00000003


mem[X,0x80024864] -> 0x006F
mem[X,0x80024866] -> 0x0040
[3560] [M]: 0x80024864 (0x0040006F) jal zero, 4


mem[X,0x80024868] -> 0xAA23
mem[X,0x8002486A] -> 0x5840
[3561] [M]: 0x80024868 (0x5840AA23) sw tp, 1428(ra)
mem[0x800397FC] <- 0x00000003


mem[X,0x8002486C] -> 0x6537
mem[X,0x8002486E] -> 0x6666
[3562] [M]: 0x8002486C (0x66666537) lui a0, 419430
x10 <- 0x66666000


mem[X,0x80024870] -> 0x0513
mem[X,0x80024872] -> 0x6675
[3563] [M]: 0x80024870 (0x66750513) addi a0, a0, 1639
x10 <- 0x66666667


mem[X,0x80024874] -> 0x65B7
mem[X,0x80024876] -> 0x6666
[3564] [M]: 0x80024874 (0x666665B7) lui a1, 419430
x11 <- 0x66666000


mem[X,0x80024878] -> 0x8593
mem[X,0x8002487A] -> 0x6665
[3565] [M]: 0x80024878 (0x66658593) addi a1, a1, 1638
x11 <- 0x66666666


mem[X,0x8002487C] -> 0x0213
mem[X,0x8002487E] -> 0x0000
[3566] [M]: 0x8002487C (0x00000213) addi tp, zero, 0
x4 <- 0x00000000


mem[X,0x80024880] -> 0x006F
mem[X,0x80024882] -> 0x0100
[3567] [M]: 0x80024880 (0x0100006F) jal zero, 16


mem[X,0x80024890] -> 0x1AE3
mem[X,0x80024892] -> 0xFEB5
[3568] [M]: 0x80024890 (0xFEB51AE3) bne a0, a1, 8180


mem[X,0x80024884] -> 0x0213
mem[X,0x80024886] -> 0x0012
[3569] [M]: 0x80024884 (0x00120213) addi tp, tp, 1
x4 <- 0x00000001


mem[X,0x80024888] -> 0x006F
mem[X,0x8002488A] -> 0x01C0
[3570] [M]: 0x80024888 (0x01C0006F) jal zero, 28


mem[X,0x800248A4] -> 0xAC23
mem[X,0x800248A6] -> 0x5840
[3571] [M]: 0x800248A4 (0x5840AC23) sw tp, 1432(ra)
mem[0x80039800] <- 0x00000001


mem[X,0x800248A8] -> 0x6537
mem[X,0x800248AA] -> 0x6666
[3572] [M]: 0x800248A8 (0x66666537) lui a0, 419430
x10 <- 0x66666000


mem[X,0x800248AC] -> 0x0513
mem[X,0x800248AE] -> 0x6675
[3573] [M]: 0x800248AC (0x66750513) addi a0, a0, 1639
x10 <- 0x66666667


mem[X,0x800248B0] -> 0x55B7
mem[X,0x800248B2] -> 0xFFFF
[3574] [M]: 0x800248B0 (0xFFFF55B7) lui a1, 1048565
x11 <- 0xFFFF5000


mem[X,0x800248B4] -> 0x8593
mem[X,0x800248B6] -> 0xAFC5
[3575] [M]: 0x800248B4 (0xAFC58593) addi a1, a1, 2812
x11 <- 0xFFFF4AFC


mem[X,0x800248B8] -> 0x0213
mem[X,0x800248BA] -> 0x0000
[3576] [M]: 0x800248B8 (0x00000213) addi tp, zero, 0
x4 <- 0x00000000


mem[X,0x800248BC] -> 0x006F
mem[X,0x800248BE] -> 0x0140
[3577] [M]: 0x800248BC (0x0140006F) jal zero, 20


mem[X,0x800248D0] -> 0x18E3
mem[X,0x800248D2] -> 0xFEB5
[3578] [M]: 0x800248D0 (0xFEB518E3) bne a0, a1, 8176


mem[X,0x800248C0] -> 0x0213
mem[X,0x800248C2] -> 0x0012
[3579] [M]: 0x800248C0 (0x00120213) addi tp, tp, 1
x4 <- 0x00000001


mem[X,0x800248C4] -> 0x006F
mem[X,0x800248C6] -> 0x0200
[3580] [M]: 0x800248C4 (0x0200006F) jal zero, 32


mem[X,0x800248E4] -> 0xAE23
mem[X,0x800248E6] -> 0x5840
[3581] [M]: 0x800248E4 (0x5840AE23) sw tp, 1436(ra)
mem[0x80039804] <- 0x00000001


mem[X,0x800248E8] -> 0x6537
mem[X,0x800248EA] -> 0x6666
[3582] [M]: 0x800248E8 (0x66666537) lui a0, 419430
x10 <- 0x66666000


mem[X,0x800248EC] -> 0x0513
mem[X,0x800248EE] -> 0x6675
[3583] [M]: 0x800248EC (0x66750513) addi a0, a0, 1639
x10 <- 0x66666667


mem[X,0x800248F0] -> 0xB5B7
mem[X,0x800248F2] -> 0x0000
[3584] [M]: 0x800248F0 (0x0000B5B7) lui a1, 11
x11 <- 0x0000B000


mem[X,0x800248F4] -> 0x8593
mem[X,0x800248F6] -> 0x5045
[3585] [M]: 0x800248F4 (0x50458593) addi a1, a1, 1284
x11 <- 0x0000B504


mem[X,0x800248F8] -> 0x0213
mem[X,0x800248FA] -> 0x0000
[3586] [M]: 0x800248F8 (0x00000213) addi tp, zero, 0
x4 <- 0x00000000


mem[X,0x800248FC] -> 0x006F
mem[X,0x800248FE] -> 0x00C0
[3587] [M]: 0x800248FC (0x00C0006F) jal zero, 12


mem[X,0x80024908] -> 0x1663
mem[X,0x8002490A] -> 0x00B5
[3588] [M]: 0x80024908 (0x00B51663) bne a0, a1, 12


mem[X,0x80024914] -> 0x0213
mem[X,0x80024916] -> 0x0032
[3589] [M]: 0x80024914 (0x00320213) addi tp, tp, 3
x4 <- 0x00000003


mem[X,0x80024918] -> 0x006F
mem[X,0x8002491A] -> 0x0040
[3590] [M]: 0x80024918 (0x0040006F) jal zero, 4


mem[X,0x8002491C] -> 0xA023
mem[X,0x8002491E] -> 0x5A40
[3591] [M]: 0x8002491C (0x5A40A023) sw tp, 1440(ra)
mem[0x80039808] <- 0x00000003


mem[X,0x80024920] -> 0x6537
mem[X,0x80024922] -> 0x6666
[3592] [M]: 0x80024920 (0x66666537) lui a0, 419430
x10 <- 0x66666000


mem[X,0x80024924] -> 0x0513
mem[X,0x80024926] -> 0x6675
[3593] [M]: 0x80024924 (0x66750513) addi a0, a0, 1639
x10 <- 0x66666667


mem[X,0x80024928] -> 0x0593
mem[X,0x8002492A] -> 0x0020
[3594] [M]: 0x80024928 (0x00200593) addi a1, zero, 2
x11 <- 0x00000002


mem[X,0x8002492C] -> 0x0213
mem[X,0x8002492E] -> 0x0000
[3595] [M]: 0x8002492C (0x00000213) addi tp, zero, 0
x4 <- 0x00000000


mem[X,0x80024930] -> 0x006F
mem[X,0x80024932] -> 0x00C0
[3596] [M]: 0x80024930 (0x00C0006F) jal zero, 12


mem[X,0x8002493C] -> 0x1863
mem[X,0x8002493E] -> 0x00B5
[3597] [M]: 0x8002493C (0x00B51863) bne a0, a1, 16


mem[X,0x8002494C] -> 0x0213
mem[X,0x8002494E] -> 0x0032
[3598] [M]: 0x8002494C (0x00320213) addi tp, tp, 3
x4 <- 0x00000003


mem[X,0x80024950] -> 0x006F
mem[X,0x80024952] -> 0x0040
[3599] [M]: 0x80024950 (0x0040006F) jal zero, 4


clint::tick mtime <- 0x0000000000000024
 clint timer pending at mtime 0x0000000000000024
htif::tick 0x0000000000000000
mem[X,0x80024954] -> 0xA223
mem[X,0x80024956] -> 0x5A40
[3600] [M]: 0x80024954 (0x5A40A223) sw tp, 1444(ra)
mem[0x8003980C] <- 0x00000003


mem[X,0x80024958] -> 0x6537
mem[X,0x8002495A] -> 0x6666
[3601] [M]: 0x80024958 (0x66666537) lui a0, 419430
x10 <- 0x66666000


mem[X,0x8002495C] -> 0x0513
mem[X,0x8002495E] -> 0x6675
[3602] [M]: 0x8002495C (0x66750513) addi a0, a0, 1639
x10 <- 0x66666667


mem[X,0x80024960] -> 0x55B7
mem[X,0x80024962] -> 0x5555
[3603] [M]: 0x80024960 (0x555555B7) lui a1, 349525
x11 <- 0x55555000


mem[X,0x80024964] -> 0x8593
mem[X,0x80024966] -> 0x5545
[3604] [M]: 0x80024964 (0x55458593) addi a1, a1, 1364
x11 <- 0x55555554


mem[X,0x80024968] -> 0x0213
mem[X,0x8002496A] -> 0x0000
[3605] [M]: 0x80024968 (0x00000213) addi tp, zero, 0
x4 <- 0x00000000


mem[X,0x8002496C] -> 0x006F
mem[X,0x8002496E] -> 0x00C0
[3606] [M]: 0x8002496C (0x00C0006F) jal zero, 12


mem[X,0x80024978] -> 0x1CE3
mem[X,0x8002497A] -> 0xFEB5
[3607] [M]: 0x80024978 (0xFEB51CE3) bne a0, a1, 8184


mem[X,0x80024970] -> 0x0213
mem[X,0x80024972] -> 0x0012
[3608] [M]: 0x80024970 (0x00120213) addi tp, tp, 1
x4 <- 0x00000001


mem[X,0x80024974] -> 0x006F
mem[X,0x80024976] -> 0x0180
[3609] [M]: 0x80024974 (0x0180006F) jal zero, 24


mem[X,0x8002498C] -> 0xA423
mem[X,0x8002498E] -> 0x5A40
[3610] [M]: 0x8002498C (0x5A40A423) sw tp, 1448(ra)
mem[0x80039810] <- 0x00000001


mem[X,0x80024990] -> 0x6537
mem[X,0x80024992] -> 0x6666
[3611] [M]: 0x80024990 (0x66666537) lui a0, 419430
x10 <- 0x66666000


mem[X,0x80024994] -> 0x0513
mem[X,0x80024996] -> 0x6675
[3612] [M]: 0x80024994 (0x66750513) addi a0, a0, 1639
x10 <- 0x66666667


mem[X,0x80024998] -> 0x0593
mem[X,0x8002499A] -> 0x0000
[3613] [M]: 0x80024998 (0x00000593) addi a1, zero, 0
x11 <- 0x00000000


mem[X,0x8002499C] -> 0x0213
mem[X,0x8002499E] -> 0x0000
[3614] [M]: 0x8002499C (0x00000213) addi tp, zero, 0
x4 <- 0x00000000


mem[X,0x800249A0] -> 0x006F
mem[X,0x800249A2] -> 0x00C0
[3615] [M]: 0x800249A0 (0x00C0006F) jal zero, 12


mem[X,0x800249AC] -> 0x1663
mem[X,0x800249AE] -> 0x00B5
[3616] [M]: 0x800249AC (0x00B51663) bne a0, a1, 12


mem[X,0x800249B8] -> 0x0213
mem[X,0x800249BA] -> 0x0032
[3617] [M]: 0x800249B8 (0x00320213) addi tp, tp, 3
x4 <- 0x00000003


mem[X,0x800249BC] -> 0x006F
mem[X,0x800249BE] -> 0x0040
[3618] [M]: 0x800249BC (0x0040006F) jal zero, 4


mem[X,0x800249C0] -> 0xA623
mem[X,0x800249C2] -> 0x5A40
[3619] [M]: 0x800249C0 (0x5A40A623) sw tp, 1452(ra)
mem[0x80039814] <- 0x00000003


mem[X,0x800249C4] -> 0x6537
mem[X,0x800249C6] -> 0x6666
[3620] [M]: 0x800249C4 (0x66666537) lui a0, 419430
x10 <- 0x66666000


mem[X,0x800249C8] -> 0x0513
mem[X,0x800249CA] -> 0x6675
[3621] [M]: 0x800249C8 (0x66750513) addi a0, a0, 1639
x10 <- 0x66666667


mem[X,0x800249CC] -> 0x0593
mem[X,0x800249CE] -> 0x0040
[3622] [M]: 0x800249CC (0x00400593) addi a1, zero, 4
x11 <- 0x00000004


mem[X,0x800249D0] -> 0x0213
mem[X,0x800249D2] -> 0x0000
[3623] [M]: 0x800249D0 (0x00000213) addi tp, zero, 0
x4 <- 0x00000000


mem[X,0x800249D4] -> 0x006F
mem[X,0x800249D6] -> 0x00C0
[3624] [M]: 0x800249D4 (0x00C0006F) jal zero, 12


mem[X,0x800249E0] -> 0x1063
mem[X,0x800249E2] -> 0x08B5
[3625] [M]: 0x800249E0 (0x08B51063) bne a0, a1, 128


mem[X,0x80024A60] -> 0x0213
mem[X,0x80024A62] -> 0x0032
[3626] [M]: 0x80024A60 (0x00320213) addi tp, tp, 3
x4 <- 0x00000003


mem[X,0x80024A64] -> 0x006F
mem[X,0x80024A66] -> 0x0040
[3627] [M]: 0x80024A64 (0x0040006F) jal zero, 4


mem[X,0x80024A68] -> 0xA823
mem[X,0x80024A6A] -> 0x5A40
[3628] [M]: 0x80024A68 (0x5A40A823) sw tp, 1456(ra)
mem[0x80039818] <- 0x00000003


mem[X,0x80024A6C] -> 0x6537
mem[X,0x80024A6E] -> 0x6666
[3629] [M]: 0x80024A6C (0x66666537) lui a0, 419430
x10 <- 0x66666000


mem[X,0x80024A70] -> 0x0513
mem[X,0x80024A72] -> 0x6675
[3630] [M]: 0x80024A70 (0x66750513) addi a0, a0, 1639
x10 <- 0x66666667


mem[X,0x80024A74] -> 0x35B7
mem[X,0x80024A76] -> 0x3333
[3631] [M]: 0x80024A74 (0x333335B7) lui a1, 209715
x11 <- 0x33333000


mem[X,0x80024A78] -> 0x8593
mem[X,0x80024A7A] -> 0x3325
[3632] [M]: 0x80024A78 (0x33258593) addi a1, a1, 818
x11 <- 0x33333332


mem[X,0x80024A7C] -> 0x0213
mem[X,0x80024A7E] -> 0x0000
[3633] [M]: 0x80024A7C (0x00000213) addi tp, zero, 0
x4 <- 0x00000000


mem[X,0x80024A80] -> 0x006F
mem[X,0x80024A82] -> 0x00C0
[3634] [M]: 0x80024A80 (0x00C0006F) jal zero, 12


mem[X,0x80024A8C] -> 0x1063
mem[X,0x80024A8E] -> 0x02B5
[3635] [M]: 0x80024A8C (0x02B51063) bne a0, a1, 32


mem[X,0x80024AAC] -> 0x0213
mem[X,0x80024AAE] -> 0x0032
[3636] [M]: 0x80024AAC (0x00320213) addi tp, tp, 3
x4 <- 0x00000003


mem[X,0x80024AB0] -> 0x006F
mem[X,0x80024AB2] -> 0x0040
[3637] [M]: 0x80024AB0 (0x0040006F) jal zero, 4


mem[X,0x80024AB4] -> 0xAA23
mem[X,0x80024AB6] -> 0x5A40
[3638] [M]: 0x80024AB4 (0x5A40AA23) sw tp, 1460(ra)
mem[0x8003981C] <- 0x00000003


mem[X,0x80024AB8] -> 0x6537
mem[X,0x80024ABA] -> 0x6666
[3639] [M]: 0x80024AB8 (0x66666537) lui a0, 419430
x10 <- 0x66666000


mem[X,0x80024ABC] -> 0x0513
mem[X,0x80024ABE] -> 0x6675
[3640] [M]: 0x80024ABC (0x66750513) addi a0, a0, 1639
x10 <- 0x66666667


mem[X,0x80024AC0] -> 0x65B7
mem[X,0x80024AC2] -> 0x6666
[3641] [M]: 0x80024AC0 (0x666665B7) lui a1, 419430
x11 <- 0x66666000


mem[X,0x80024AC4] -> 0x8593
mem[X,0x80024AC6] -> 0x6655
[3642] [M]: 0x80024AC4 (0x66558593) addi a1, a1, 1637
x11 <- 0x66666665


mem[X,0x80024AC8] -> 0x0213
mem[X,0x80024ACA] -> 0x0000
[3643] [M]: 0x80024AC8 (0x00000213) addi tp, zero, 0
x4 <- 0x00000000


mem[X,0x80024ACC] -> 0x006F
mem[X,0x80024ACE] -> 0x0100
[3644] [M]: 0x80024ACC (0x0100006F) jal zero, 16


mem[X,0x80024ADC] -> 0x1AE3
mem[X,0x80024ADE] -> 0xFEB5
[3645] [M]: 0x80024ADC (0xFEB51AE3) bne a0, a1, 8180


mem[X,0x80024AD0] -> 0x0213
mem[X,0x80024AD2] -> 0x0012
[3646] [M]: 0x80024AD0 (0x00120213) addi tp, tp, 1
x4 <- 0x00000001


mem[X,0x80024AD4] -> 0x006F
mem[X,0x80024AD6] -> 0x01C0
[3647] [M]: 0x80024AD4 (0x01C0006F) jal zero, 28


mem[X,0x80024AF0] -> 0xAC23
mem[X,0x80024AF2] -> 0x5A40
[3648] [M]: 0x80024AF0 (0x5A40AC23) sw tp, 1464(ra)
mem[0x80039820] <- 0x00000001


mem[X,0x80024AF4] -> 0x6537
mem[X,0x80024AF6] -> 0x6666
[3649] [M]: 0x80024AF4 (0x66666537) lui a0, 419430
x10 <- 0x66666000


mem[X,0x80024AF8] -> 0x0513
mem[X,0x80024AFA] -> 0x6675
[3650] [M]: 0x80024AF8 (0x66750513) addi a0, a0, 1639
x10 <- 0x66666667


mem[X,0x80024AFC] -> 0xB5B7
mem[X,0x80024AFE] -> 0x0000
[3651] [M]: 0x80024AFC (0x0000B5B7) lui a1, 11
x11 <- 0x0000B000


mem[X,0x80024B00] -> 0x8593
mem[X,0x80024B02] -> 0x5035
[3652] [M]: 0x80024B00 (0x50358593) addi a1, a1, 1283
x11 <- 0x0000B503


mem[X,0x80024B04] -> 0x0213
mem[X,0x80024B06] -> 0x0000
[3653] [M]: 0x80024B04 (0x00000213) addi tp, zero, 0
x4 <- 0x00000000


mem[X,0x80024B08] -> 0x006F
mem[X,0x80024B0A] -> 0x00C0
[3654] [M]: 0x80024B08 (0x00C0006F) jal zero, 12


mem[X,0x80024B14] -> 0x1663
mem[X,0x80024B16] -> 0x00B5
[3655] [M]: 0x80024B14 (0x00B51663) bne a0, a1, 12


mem[X,0x80024B20] -> 0x0213
mem[X,0x80024B22] -> 0x0032
[3656] [M]: 0x80024B20 (0x00320213) addi tp, tp, 3
x4 <- 0x00000003


mem[X,0x80024B24] -> 0x006F
mem[X,0x80024B26] -> 0x0040
[3657] [M]: 0x80024B24 (0x0040006F) jal zero, 4


mem[X,0x80024B28] -> 0xAE23
mem[X,0x80024B2A] -> 0x5A40
[3658] [M]: 0x80024B28 (0x5A40AE23) sw tp, 1468(ra)
mem[0x80039824] <- 0x00000003


mem[X,0x80024B2C] -> 0x6537
mem[X,0x80024B2E] -> 0x6666
[3659] [M]: 0x80024B2C (0x66666537) lui a0, 419430
x10 <- 0x66666000


mem[X,0x80024B30] -> 0x0513
mem[X,0x80024B32] -> 0x6675
[3660] [M]: 0x80024B30 (0x66750513) addi a0, a0, 1639
x10 <- 0x66666667


mem[X,0x80024B34] -> 0x55B7
mem[X,0x80024B36] -> 0x5555
[3661] [M]: 0x80024B34 (0x555555B7) lui a1, 349525
x11 <- 0x55555000


mem[X,0x80024B38] -> 0x8593
mem[X,0x80024B3A] -> 0x5565
[3662] [M]: 0x80024B38 (0x55658593) addi a1, a1, 1366
x11 <- 0x55555556


mem[X,0x80024B3C] -> 0x0213
mem[X,0x80024B3E] -> 0x0000
[3663] [M]: 0x80024B3C (0x00000213) addi tp, zero, 0
x4 <- 0x00000000


mem[X,0x80024B40] -> 0x006F
mem[X,0x80024B42] -> 0x00C0
[3664] [M]: 0x80024B40 (0x00C0006F) jal zero, 12


mem[X,0x80024B4C] -> 0x1663
mem[X,0x80024B4E] -> 0x00B5
[3665] [M]: 0x80024B4C (0x00B51663) bne a0, a1, 12


mem[X,0x80024B58] -> 0x0213
mem[X,0x80024B5A] -> 0x0032
[3666] [M]: 0x80024B58 (0x00320213) addi tp, tp, 3
x4 <- 0x00000003


mem[X,0x80024B5C] -> 0x006F
mem[X,0x80024B5E] -> 0x0040
[3667] [M]: 0x80024B5C (0x0040006F) jal zero, 4


mem[X,0x80024B60] -> 0xA023
mem[X,0x80024B62] -> 0x5C40
[3668] [M]: 0x80024B60 (0x5C40A023) sw tp, 1472(ra)
mem[0x80039828] <- 0x00000003


mem[X,0x80024B64] -> 0x6537
mem[X,0x80024B66] -> 0x6666
[3669] [M]: 0x80024B64 (0x66666537) lui a0, 419430
x10 <- 0x66666000


mem[X,0x80024B68] -> 0x0513
mem[X,0x80024B6A] -> 0x6675
[3670] [M]: 0x80024B68 (0x66750513) addi a0, a0, 1639
x10 <- 0x66666667


mem[X,0x80024B6C] -> 0xB5B7
mem[X,0x80024B6E] -> 0xAAAA
[3671] [M]: 0x80024B6C (0xAAAAB5B7) lui a1, 699051
x11 <- 0xAAAAB000


mem[X,0x80024B70] -> 0x8593
mem[X,0x80024B72] -> 0xAAB5
[3672] [M]: 0x80024B70 (0xAAB58593) addi a1, a1, 2731
x11 <- 0xAAAAAAAB


mem[X,0x80024B74] -> 0x0213
mem[X,0x80024B76] -> 0x0000
[3673] [M]: 0x80024B74 (0x00000213) addi tp, zero, 0
x4 <- 0x00000000


mem[X,0x80024B78] -> 0x006F
mem[X,0x80024B7A] -> 0x00C0
[3674] [M]: 0x80024B78 (0x00C0006F) jal zero, 12


mem[X,0x80024B84] -> 0x1663
mem[X,0x80024B86] -> 0x00B5
[3675] [M]: 0x80024B84 (0x00B51663) bne a0, a1, 12


mem[X,0x80024B90] -> 0x0213
mem[X,0x80024B92] -> 0x0032
[3676] [M]: 0x80024B90 (0x00320213) addi tp, tp, 3
x4 <- 0x00000003


mem[X,0x80024B94] -> 0x006F
mem[X,0x80024B96] -> 0x0040
[3677] [M]: 0x80024B94 (0x0040006F) jal zero, 4


mem[X,0x80024B98] -> 0xA223
mem[X,0x80024B9A] -> 0x5C40
[3678] [M]: 0x80024B98 (0x5C40A223) sw tp, 1476(ra)
mem[0x8003982C] <- 0x00000003


mem[X,0x80024B9C] -> 0x6537
mem[X,0x80024B9E] -> 0x6666
[3679] [M]: 0x80024B9C (0x66666537) lui a0, 419430
x10 <- 0x66666000


mem[X,0x80024BA0] -> 0x0513
mem[X,0x80024BA2] -> 0x6675
[3680] [M]: 0x80024BA0 (0x66750513) addi a0, a0, 1639
x10 <- 0x66666667


mem[X,0x80024BA4] -> 0x0593
mem[X,0x80024BA6] -> 0x0060
[3681] [M]: 0x80024BA4 (0x00600593) addi a1, zero, 6
x11 <- 0x00000006


mem[X,0x80024BA8] -> 0x0213
mem[X,0x80024BAA] -> 0x0000
[3682] [M]: 0x80024BA8 (0x00000213) addi tp, zero, 0
x4 <- 0x00000000


mem[X,0x80024BAC] -> 0x006F
mem[X,0x80024BAE] -> 0x0100
[3683] [M]: 0x80024BAC (0x0100006F) jal zero, 16


mem[X,0x80024BBC] -> 0x1AE3
mem[X,0x80024BBE] -> 0xFEB5
[3684] [M]: 0x80024BBC (0xFEB51AE3) bne a0, a1, 8180


mem[X,0x80024BB0] -> 0x0213
mem[X,0x80024BB2] -> 0x0012
[3685] [M]: 0x80024BB0 (0x00120213) addi tp, tp, 1
x4 <- 0x00000001


mem[X,0x80024BB4] -> 0x006F
mem[X,0x80024BB6] -> 0x01C0
[3686] [M]: 0x80024BB4 (0x01C0006F) jal zero, 28


mem[X,0x80024BD0] -> 0xA423
mem[X,0x80024BD2] -> 0x5C40
[3687] [M]: 0x80024BD0 (0x5C40A423) sw tp, 1480(ra)
mem[0x80039830] <- 0x00000001


mem[X,0x80024BD4] -> 0x6537
mem[X,0x80024BD6] -> 0x6666
[3688] [M]: 0x80024BD4 (0x66666537) lui a0, 419430
x10 <- 0x66666000


mem[X,0x80024BD8] -> 0x0513
mem[X,0x80024BDA] -> 0x6675
[3689] [M]: 0x80024BD8 (0x66750513) addi a0, a0, 1639
x10 <- 0x66666667


mem[X,0x80024BDC] -> 0x35B7
mem[X,0x80024BDE] -> 0x3333
[3690] [M]: 0x80024BDC (0x333335B7) lui a1, 209715
x11 <- 0x33333000


mem[X,0x80024BE0] -> 0x8593
mem[X,0x80024BE2] -> 0x3345
[3691] [M]: 0x80024BE0 (0x33458593) addi a1, a1, 820
x11 <- 0x33333334


mem[X,0x80024BE4] -> 0x0213
mem[X,0x80024BE6] -> 0x0000
[3692] [M]: 0x80024BE4 (0x00000213) addi tp, zero, 0
x4 <- 0x00000000


mem[X,0x80024BE8] -> 0x006F
mem[X,0x80024BEA] -> 0x00C0
[3693] [M]: 0x80024BE8 (0x00C0006F) jal zero, 12


mem[X,0x80024BF4] -> 0x1063
mem[X,0x80024BF6] -> 0x04B5
[3694] [M]: 0x80024BF4 (0x04B51063) bne a0, a1, 64


mem[X,0x80024C34] -> 0x0213
mem[X,0x80024C36] -> 0x0032
[3695] [M]: 0x80024C34 (0x00320213) addi tp, tp, 3
x4 <- 0x00000003


mem[X,0x80024C38] -> 0x006F
mem[X,0x80024C3A] -> 0x0040
[3696] [M]: 0x80024C38 (0x0040006F) jal zero, 4


mem[X,0x80024C3C] -> 0xA623
mem[X,0x80024C3E] -> 0x5C40
[3697] [M]: 0x80024C3C (0x5C40A623) sw tp, 1484(ra)
mem[0x80039834] <- 0x00000003


mem[X,0x80024C40] -> 0x6537
mem[X,0x80024C42] -> 0x6666
[3698] [M]: 0x80024C40 (0x66666537) lui a0, 419430
x10 <- 0x66666000


mem[X,0x80024C44] -> 0x0513
mem[X,0x80024C46] -> 0x6675
[3699] [M]: 0x80024C44 (0x66750513) addi a0, a0, 1639
x10 <- 0x66666667


clint::tick mtime <- 0x0000000000000025
 clint timer pending at mtime 0x0000000000000025
htif::tick 0x0000000000000000
mem[X,0x80024C48] -> 0x65B7
mem[X,0x80024C4A] -> 0x6666
[3700] [M]: 0x80024C48 (0x666665B7) lui a1, 419430
x11 <- 0x66666000


mem[X,0x80024C4C] -> 0x8593
mem[X,0x80024C4E] -> 0x6675
[3701] [M]: 0x80024C4C (0x66758593) addi a1, a1, 1639
x11 <- 0x66666667


mem[X,0x80024C50] -> 0x0213
mem[X,0x80024C52] -> 0x0000
[3702] [M]: 0x80024C50 (0x00000213) addi tp, zero, 0
x4 <- 0x00000000


mem[X,0x80024C54] -> 0x006F
mem[X,0x80024C56] -> 0x0050
[3703] [M]: 0x80024C54 (0x0050006F) jal zero, 2052


mem[X,0x80025458] -> 0x10E3
mem[X,0x8002545A] -> 0x80B5
[3704] [M]: 0x80025458 (0x80B510E3) bne a0, a1, 6144


mem[X,0x8002545C] -> 0x0213
mem[X,0x8002545E] -> 0x0022
[3705] [M]: 0x8002545C (0x00220213) addi tp, tp, 2
x4 <- 0x00000002


mem[X,0x80025460] -> 0x006F
mem[X,0x80025462] -> 0x00C0
[3706] [M]: 0x80025460 (0x00C0006F) jal zero, 12


mem[X,0x8002546C] -> 0xA823
mem[X,0x8002546E] -> 0x5C40
[3707] [M]: 0x8002546C (0x5C40A823) sw tp, 1488(ra)
mem[0x80039838] <- 0x00000002


mem[X,0x80025470] -> 0x6537
mem[X,0x80025472] -> 0x6666
[3708] [M]: 0x80025470 (0x66666537) lui a0, 419430
x10 <- 0x66666000


mem[X,0x80025474] -> 0x0513
mem[X,0x80025476] -> 0x6675
[3709] [M]: 0x80025474 (0x66750513) addi a0, a0, 1639
x10 <- 0x66666667


mem[X,0x80025478] -> 0x55B7
mem[X,0x8002547A] -> 0xFFFF
[3710] [M]: 0x80025478 (0xFFFF55B7) lui a1, 1048565
x11 <- 0xFFFF5000


mem[X,0x8002547C] -> 0x8593
mem[X,0x8002547E] -> 0xAFD5
[3711] [M]: 0x8002547C (0xAFD58593) addi a1, a1, 2813
x11 <- 0xFFFF4AFD


mem[X,0x80025480] -> 0x0213
mem[X,0x80025482] -> 0x0000
[3712] [M]: 0x80025480 (0x00000213) addi tp, zero, 0
x4 <- 0x00000000


mem[X,0x80025484] -> 0x006F
mem[X,0x80025486] -> 0x00C0
[3713] [M]: 0x80025484 (0x00C0006F) jal zero, 12


mem[X,0x80025490] -> 0x1CE3
mem[X,0x80025492] -> 0xFEB5
[3714] [M]: 0x80025490 (0xFEB51CE3) bne a0, a1, 8184


mem[X,0x80025488] -> 0x0213
mem[X,0x8002548A] -> 0x0012
[3715] [M]: 0x80025488 (0x00120213) addi tp, tp, 1
x4 <- 0x00000001


mem[X,0x8002548C] -> 0x006F
mem[X,0x8002548E] -> 0x0180
[3716] [M]: 0x8002548C (0x0180006F) jal zero, 24


mem[X,0x800254A4] -> 0xAA23
mem[X,0x800254A6] -> 0x5C40
[3717] [M]: 0x800254A4 (0x5C40AA23) sw tp, 1492(ra)
mem[0x8003983C] <- 0x00000001


mem[X,0x800254A8] -> 0x6537
mem[X,0x800254AA] -> 0x6666
[3718] [M]: 0x800254A8 (0x66666537) lui a0, 419430
x10 <- 0x66666000


mem[X,0x800254AC] -> 0x0513
mem[X,0x800254AE] -> 0x6675
[3719] [M]: 0x800254AC (0x66750513) addi a0, a0, 1639
x10 <- 0x66666667


mem[X,0x800254B0] -> 0xB5B7
mem[X,0x800254B2] -> 0x0000
[3720] [M]: 0x800254B0 (0x0000B5B7) lui a1, 11
x11 <- 0x0000B000


mem[X,0x800254B4] -> 0x8593
mem[X,0x800254B6] -> 0x5055
[3721] [M]: 0x800254B4 (0x50558593) addi a1, a1, 1285
x11 <- 0x0000B505


mem[X,0x800254B8] -> 0x0213
mem[X,0x800254BA] -> 0x0000
[3722] [M]: 0x800254B8 (0x00000213) addi tp, zero, 0
x4 <- 0x00000000


mem[X,0x800254BC] -> 0x006F
mem[X,0x800254BE] -> 0x00C0
[3723] [M]: 0x800254BC (0x00C0006F) jal zero, 12


mem[X,0x800254C8] -> 0x1063
mem[X,0x800254CA] -> 0x08B5
[3724] [M]: 0x800254C8 (0x08B51063) bne a0, a1, 128


mem[X,0x80025548] -> 0x0213
mem[X,0x8002554A] -> 0x0032
[3725] [M]: 0x80025548 (0x00320213) addi tp, tp, 3
x4 <- 0x00000003


mem[X,0x8002554C] -> 0x006F
mem[X,0x8002554E] -> 0x0040
[3726] [M]: 0x8002554C (0x0040006F) jal zero, 4


mem[X,0x80025550] -> 0xAC23
mem[X,0x80025552] -> 0x5C40
[3727] [M]: 0x80025550 (0x5C40AC23) sw tp, 1496(ra)
mem[0x80039840] <- 0x00000003


mem[X,0x80025554] -> 0x5537
mem[X,0x80025556] -> 0xFFFF
[3728] [M]: 0x80025554 (0xFFFF5537) lui a0, 1048565
x10 <- 0xFFFF5000


mem[X,0x80025558] -> 0x0513
mem[X,0x8002555A] -> 0xAFD5
[3729] [M]: 0x80025558 (0xAFD50513) addi a0, a0, 2813
x10 <- 0xFFFF4AFD


mem[X,0x8002555C] -> 0x0593
mem[X,0x8002555E] -> 0x0030
[3730] [M]: 0x8002555C (0x00300593) addi a1, zero, 3
x11 <- 0x00000003


mem[X,0x80025560] -> 0x0213
mem[X,0x80025562] -> 0x0000
[3731] [M]: 0x80025560 (0x00000213) addi tp, zero, 0
x4 <- 0x00000000


mem[X,0x80025564] -> 0x006F
mem[X,0x80025566] -> 0x00C0
[3732] [M]: 0x80025564 (0x00C0006F) jal zero, 12


mem[X,0x80025570] -> 0x1663
mem[X,0x80025572] -> 0x00B5
[3733] [M]: 0x80025570 (0x00B51663) bne a0, a1, 12


mem[X,0x8002557C] -> 0x0213
mem[X,0x8002557E] -> 0x0032
[3734] [M]: 0x8002557C (0x00320213) addi tp, tp, 3
x4 <- 0x00000003


mem[X,0x80025580] -> 0x006F
mem[X,0x80025582] -> 0x0040
[3735] [M]: 0x80025580 (0x0040006F) jal zero, 4


mem[X,0x80025584] -> 0xAE23
mem[X,0x80025586] -> 0x5C40
[3736] [M]: 0x80025584 (0x5C40AE23) sw tp, 1500(ra)
mem[0x80039844] <- 0x00000003


mem[X,0x80025588] -> 0x5537
mem[X,0x8002558A] -> 0xFFFF
[3737] [M]: 0x80025588 (0xFFFF5537) lui a0, 1048565
x10 <- 0xFFFF5000


mem[X,0x8002558C] -> 0x0513
mem[X,0x8002558E] -> 0xAFD5
[3738] [M]: 0x8002558C (0xAFD50513) addi a0, a0, 2813
x10 <- 0xFFFF4AFD


mem[X,0x80025590] -> 0x55B7
mem[X,0x80025592] -> 0x5555
[3739] [M]: 0x80025590 (0x555555B7) lui a1, 349525
x11 <- 0x55555000


mem[X,0x80025594] -> 0x8593
mem[X,0x80025596] -> 0x5555
[3740] [M]: 0x80025594 (0x55558593) addi a1, a1, 1365
x11 <- 0x55555555


mem[X,0x80025598] -> 0x0213
mem[X,0x8002559A] -> 0x0000
[3741] [M]: 0x80025598 (0x00000213) addi tp, zero, 0
x4 <- 0x00000000


mem[X,0x8002559C] -> 0x006F
mem[X,0x8002559E] -> 0x00C0
[3742] [M]: 0x8002559C (0x00C0006F) jal zero, 12


mem[X,0x800255A8] -> 0x1063
mem[X,0x800255AA] -> 0x02B5
[3743] [M]: 0x800255A8 (0x02B51063) bne a0, a1, 32


mem[X,0x800255C8] -> 0x0213
mem[X,0x800255CA] -> 0x0032
[3744] [M]: 0x800255C8 (0x00320213) addi tp, tp, 3
x4 <- 0x00000003


mem[X,0x800255CC] -> 0x006F
mem[X,0x800255CE] -> 0x0040
[3745] [M]: 0x800255CC (0x0040006F) jal zero, 4


mem[X,0x800255D0] -> 0xA023
mem[X,0x800255D2] -> 0x5E40
[3746] [M]: 0x800255D0 (0x5E40A023) sw tp, 1504(ra)
mem[0x80039848] <- 0x00000003


mem[X,0x800255D4] -> 0x5537
mem[X,0x800255D6] -> 0xFFFF
[3747] [M]: 0x800255D4 (0xFFFF5537) lui a0, 1048565
x10 <- 0xFFFF5000


mem[X,0x800255D8] -> 0x0513
mem[X,0x800255DA] -> 0xAFD5
[3748] [M]: 0x800255D8 (0xAFD50513) addi a0, a0, 2813
x10 <- 0xFFFF4AFD


mem[X,0x800255DC] -> 0xB5B7
mem[X,0x800255DE] -> 0xAAAA
[3749] [M]: 0x800255DC (0xAAAAB5B7) lui a1, 699051
x11 <- 0xAAAAB000


mem[X,0x800255E0] -> 0x8593
mem[X,0x800255E2] -> 0xAAA5
[3750] [M]: 0x800255E0 (0xAAA58593) addi a1, a1, 2730
x11 <- 0xAAAAAAAA


mem[X,0x800255E4] -> 0x0213
mem[X,0x800255E6] -> 0x0000
[3751] [M]: 0x800255E4 (0x00000213) addi tp, zero, 0
x4 <- 0x00000000


mem[X,0x800255E8] -> 0x006F
mem[X,0x800255EA] -> 0x0100
[3752] [M]: 0x800255E8 (0x0100006F) jal zero, 16


mem[X,0x800255F8] -> 0x1AE3
mem[X,0x800255FA] -> 0xFEB5
[3753] [M]: 0x800255F8 (0xFEB51AE3) bne a0, a1, 8180


mem[X,0x800255EC] -> 0x0213
mem[X,0x800255EE] -> 0x0012
[3754] [M]: 0x800255EC (0x00120213) addi tp, tp, 1
x4 <- 0x00000001


mem[X,0x800255F0] -> 0x006F
mem[X,0x800255F2] -> 0x01C0
[3755] [M]: 0x800255F0 (0x01C0006F) jal zero, 28


mem[X,0x8002560C] -> 0xA223
mem[X,0x8002560E] -> 0x5E40
[3756] [M]: 0x8002560C (0x5E40A223) sw tp, 1508(ra)
mem[0x8003984C] <- 0x00000001


mem[X,0x80025610] -> 0x5537
mem[X,0x80025612] -> 0xFFFF
[3757] [M]: 0x80025610 (0xFFFF5537) lui a0, 1048565
x10 <- 0xFFFF5000


mem[X,0x80025614] -> 0x0513
mem[X,0x80025616] -> 0xAFD5
[3758] [M]: 0x80025614 (0xAFD50513) addi a0, a0, 2813
x10 <- 0xFFFF4AFD


mem[X,0x80025618] -> 0x0593
mem[X,0x8002561A] -> 0x0050
[3759] [M]: 0x80025618 (0x00500593) addi a1, zero, 5
x11 <- 0x00000005


mem[X,0x8002561C] -> 0x0213
mem[X,0x8002561E] -> 0x0000
[3760] [M]: 0x8002561C (0x00000213) addi tp, zero, 0
x4 <- 0x00000000


mem[X,0x80025620] -> 0x006F
mem[X,0x80025622] -> 0x00C0
[3761] [M]: 0x80025620 (0x00C0006F) jal zero, 12


mem[X,0x8002562C] -> 0x1663
mem[X,0x8002562E] -> 0x00B5
[3762] [M]: 0x8002562C (0x00B51663) bne a0, a1, 12


mem[X,0x80025638] -> 0x0213
mem[X,0x8002563A] -> 0x0032
[3763] [M]: 0x80025638 (0x00320213) addi tp, tp, 3
x4 <- 0x00000003


mem[X,0x8002563C] -> 0x006F
mem[X,0x8002563E] -> 0x0040
[3764] [M]: 0x8002563C (0x0040006F) jal zero, 4


mem[X,0x80025640] -> 0xA423
mem[X,0x80025642] -> 0x5E40
[3765] [M]: 0x80025640 (0x5E40A423) sw tp, 1512(ra)
mem[0x80039850] <- 0x00000003


mem[X,0x80025644] -> 0x5537
mem[X,0x80025646] -> 0xFFFF
[3766] [M]: 0x80025644 (0xFFFF5537) lui a0, 1048565
x10 <- 0xFFFF5000


mem[X,0x80025648] -> 0x0513
mem[X,0x8002564A] -> 0xAFD5
[3767] [M]: 0x80025648 (0xAFD50513) addi a0, a0, 2813
x10 <- 0xFFFF4AFD


mem[X,0x8002564C] -> 0x35B7
mem[X,0x8002564E] -> 0x3333
[3768] [M]: 0x8002564C (0x333335B7) lui a1, 209715
x11 <- 0x33333000


mem[X,0x80025650] -> 0x8593
mem[X,0x80025652] -> 0x3335
[3769] [M]: 0x80025650 (0x33358593) addi a1, a1, 819
x11 <- 0x33333333


mem[X,0x80025654] -> 0x0213
mem[X,0x80025656] -> 0x0000
[3770] [M]: 0x80025654 (0x00000213) addi tp, zero, 0
x4 <- 0x00000000


mem[X,0x80025658] -> 0x006F
mem[X,0x8002565A] -> 0x00C0
[3771] [M]: 0x80025658 (0x00C0006F) jal zero, 12


mem[X,0x80025664] -> 0x1663
mem[X,0x80025666] -> 0x00B5
[3772] [M]: 0x80025664 (0x00B51663) bne a0, a1, 12


mem[X,0x80025670] -> 0x0213
mem[X,0x80025672] -> 0x0032
[3773] [M]: 0x80025670 (0x00320213) addi tp, tp, 3
x4 <- 0x00000003


mem[X,0x80025674] -> 0x006F
mem[X,0x80025676] -> 0x0040
[3774] [M]: 0x80025674 (0x0040006F) jal zero, 4


mem[X,0x80025678] -> 0xA623
mem[X,0x8002567A] -> 0x5E40
[3775] [M]: 0x80025678 (0x5E40A623) sw tp, 1516(ra)
mem[0x80039854] <- 0x00000003


mem[X,0x8002567C] -> 0x5537
mem[X,0x8002567E] -> 0xFFFF
[3776] [M]: 0x8002567C (0xFFFF5537) lui a0, 1048565
x10 <- 0xFFFF5000


mem[X,0x80025680] -> 0x0513
mem[X,0x80025682] -> 0xAFD5
[3777] [M]: 0x80025680 (0xAFD50513) addi a0, a0, 2813
x10 <- 0xFFFF4AFD


mem[X,0x80025684] -> 0x65B7
mem[X,0x80025686] -> 0x6666
[3778] [M]: 0x80025684 (0x666665B7) lui a1, 419430
x11 <- 0x66666000


mem[X,0x80025688] -> 0x8593
mem[X,0x8002568A] -> 0x6665
[3779] [M]: 0x80025688 (0x66658593) addi a1, a1, 1638
x11 <- 0x66666666


mem[X,0x8002568C] -> 0x0213
mem[X,0x8002568E] -> 0x0000
[3780] [M]: 0x8002568C (0x00000213) addi tp, zero, 0
x4 <- 0x00000000


mem[X,0x80025690] -> 0x006F
mem[X,0x80025692] -> 0x00C0
[3781] [M]: 0x80025690 (0x00C0006F) jal zero, 12


mem[X,0x8002569C] -> 0x1663
mem[X,0x8002569E] -> 0x00B5
[3782] [M]: 0x8002569C (0x00B51663) bne a0, a1, 12


mem[X,0x800256A8] -> 0x0213
mem[X,0x800256AA] -> 0x0032
[3783] [M]: 0x800256A8 (0x00320213) addi tp, tp, 3
x4 <- 0x00000003


mem[X,0x800256AC] -> 0x006F
mem[X,0x800256AE] -> 0x0040
[3784] [M]: 0x800256AC (0x0040006F) jal zero, 4


mem[X,0x800256B0] -> 0xA823
mem[X,0x800256B2] -> 0x5E40
[3785] [M]: 0x800256B0 (0x5E40A823) sw tp, 1520(ra)
mem[0x80039858] <- 0x00000003


mem[X,0x800256B4] -> 0x5537
mem[X,0x800256B6] -> 0xFFFF
[3786] [M]: 0x800256B4 (0xFFFF5537) lui a0, 1048565
x10 <- 0xFFFF5000


mem[X,0x800256B8] -> 0x0513
mem[X,0x800256BA] -> 0xAFD5
[3787] [M]: 0x800256B8 (0xAFD50513) addi a0, a0, 2813
x10 <- 0xFFFF4AFD


mem[X,0x800256BC] -> 0x55B7
mem[X,0x800256BE] -> 0xFFFF
[3788] [M]: 0x800256BC (0xFFFF55B7) lui a1, 1048565
x11 <- 0xFFFF5000


mem[X,0x800256C0] -> 0x8593
mem[X,0x800256C2] -> 0xAFC5
[3789] [M]: 0x800256C0 (0xAFC58593) addi a1, a1, 2812
x11 <- 0xFFFF4AFC


mem[X,0x800256C4] -> 0x0213
mem[X,0x800256C6] -> 0x0000
[3790] [M]: 0x800256C4 (0x00000213) addi tp, zero, 0
x4 <- 0x00000000


mem[X,0x800256C8] -> 0x006F
mem[X,0x800256CA] -> 0x0140
[3791] [M]: 0x800256C8 (0x0140006F) jal zero, 20


mem[X,0x800256DC] -> 0x18E3
mem[X,0x800256DE] -> 0xFEB5
[3792] [M]: 0x800256DC (0xFEB518E3) bne a0, a1, 8176


mem[X,0x800256CC] -> 0x0213
mem[X,0x800256CE] -> 0x0012
[3793] [M]: 0x800256CC (0x00120213) addi tp, tp, 1
x4 <- 0x00000001


mem[X,0x800256D0] -> 0x006F
mem[X,0x800256D2] -> 0x0200
[3794] [M]: 0x800256D0 (0x0200006F) jal zero, 32


mem[X,0x800256F0] -> 0xAA23
mem[X,0x800256F2] -> 0x5E40
[3795] [M]: 0x800256F0 (0x5E40AA23) sw tp, 1524(ra)
mem[0x8003985C] <- 0x00000001


mem[X,0x800256F4] -> 0x5537
mem[X,0x800256F6] -> 0xFFFF
[3796] [M]: 0x800256F4 (0xFFFF5537) lui a0, 1048565
x10 <- 0xFFFF5000


mem[X,0x800256F8] -> 0x0513
mem[X,0x800256FA] -> 0xAFD5
[3797] [M]: 0x800256F8 (0xAFD50513) addi a0, a0, 2813
x10 <- 0xFFFF4AFD


mem[X,0x800256FC] -> 0xB5B7
mem[X,0x800256FE] -> 0x0000
[3798] [M]: 0x800256FC (0x0000B5B7) lui a1, 11
x11 <- 0x0000B000


mem[X,0x80025700] -> 0x8593
mem[X,0x80025702] -> 0x5045
[3799] [M]: 0x80025700 (0x50458593) addi a1, a1, 1284
x11 <- 0x0000B504


clint::tick mtime <- 0x0000000000000026
 clint timer pending at mtime 0x0000000000000026
htif::tick 0x0000000000000000
mem[X,0x80025704] -> 0x0213
mem[X,0x80025706] -> 0x0000
[3800] [M]: 0x80025704 (0x00000213) addi tp, zero, 0
x4 <- 0x00000000


mem[X,0x80025708] -> 0x006F
mem[X,0x8002570A] -> 0x00C0
[3801] [M]: 0x80025708 (0x00C0006F) jal zero, 12


mem[X,0x80025714] -> 0x1063
mem[X,0x80025716] -> 0x40B5
[3802] [M]: 0x80025714 (0x40B51063) bne a0, a1, 1024


mem[X,0x80025B14] -> 0x0213
mem[X,0x80025B16] -> 0x0032
[3803] [M]: 0x80025B14 (0x00320213) addi tp, tp, 3
x4 <- 0x00000003


mem[X,0x80025B18] -> 0x006F
mem[X,0x80025B1A] -> 0x0040
[3804] [M]: 0x80025B18 (0x0040006F) jal zero, 4


mem[X,0x80025B1C] -> 0xAC23
mem[X,0x80025B1E] -> 0x5E40
[3805] [M]: 0x80025B1C (0x5E40AC23) sw tp, 1528(ra)
mem[0x80039860] <- 0x00000003


mem[X,0x80025B20] -> 0x5537
mem[X,0x80025B22] -> 0xFFFF
[3806] [M]: 0x80025B20 (0xFFFF5537) lui a0, 1048565
x10 <- 0xFFFF5000


mem[X,0x80025B24] -> 0x0513
mem[X,0x80025B26] -> 0xAFD5
[3807] [M]: 0x80025B24 (0xAFD50513) addi a0, a0, 2813
x10 <- 0xFFFF4AFD


mem[X,0x80025B28] -> 0x0593
mem[X,0x80025B2A] -> 0x0020
[3808] [M]: 0x80025B28 (0x00200593) addi a1, zero, 2
x11 <- 0x00000002


mem[X,0x80025B2C] -> 0x0213
mem[X,0x80025B2E] -> 0x0000
[3809] [M]: 0x80025B2C (0x00000213) addi tp, zero, 0
x4 <- 0x00000000


mem[X,0x80025B30] -> 0x006F
mem[X,0x80025B32] -> 0x00C0
[3810] [M]: 0x80025B30 (0x00C0006F) jal zero, 12


mem[X,0x80025B3C] -> 0x1063
mem[X,0x80025B3E] -> 0x20B5
[3811] [M]: 0x80025B3C (0x20B51063) bne a0, a1, 512


mem[X,0x80025D3C] -> 0x0213
mem[X,0x80025D3E] -> 0x0032
[3812] [M]: 0x80025D3C (0x00320213) addi tp, tp, 3
x4 <- 0x00000003


mem[X,0x80025D40] -> 0x006F
mem[X,0x80025D42] -> 0x0040
[3813] [M]: 0x80025D40 (0x0040006F) jal zero, 4


mem[X,0x80025D44] -> 0xAE23
mem[X,0x80025D46] -> 0x5E40
[3814] [M]: 0x80025D44 (0x5E40AE23) sw tp, 1532(ra)
mem[0x80039864] <- 0x00000003


mem[X,0x80025D48] -> 0x5537
mem[X,0x80025D4A] -> 0xFFFF
[3815] [M]: 0x80025D48 (0xFFFF5537) lui a0, 1048565
x10 <- 0xFFFF5000


mem[X,0x80025D4C] -> 0x0513
mem[X,0x80025D4E] -> 0xAFD5
[3816] [M]: 0x80025D4C (0xAFD50513) addi a0, a0, 2813
x10 <- 0xFFFF4AFD


mem[X,0x80025D50] -> 0x55B7
mem[X,0x80025D52] -> 0x5555
[3817] [M]: 0x80025D50 (0x555555B7) lui a1, 349525
x11 <- 0x55555000


mem[X,0x80025D54] -> 0x8593
mem[X,0x80025D56] -> 0x5545
[3818] [M]: 0x80025D54 (0x55458593) addi a1, a1, 1364
x11 <- 0x55555554


mem[X,0x80025D58] -> 0x0213
mem[X,0x80025D5A] -> 0x0000
[3819] [M]: 0x80025D58 (0x00000213) addi tp, zero, 0
x4 <- 0x00000000


mem[X,0x80025D5C] -> 0x006F
mem[X,0x80025D5E] -> 0x00C0
[3820] [M]: 0x80025D5C (0x00C0006F) jal zero, 12


mem[X,0x80025D68] -> 0x1063
mem[X,0x80025D6A] -> 0x02B5
[3821] [M]: 0x80025D68 (0x02B51063) bne a0, a1, 32


mem[X,0x80025D88] -> 0x0213
mem[X,0x80025D8A] -> 0x0032
[3822] [M]: 0x80025D88 (0x00320213) addi tp, tp, 3
x4 <- 0x00000003


mem[X,0x80025D8C] -> 0x006F
mem[X,0x80025D8E] -> 0x0040
[3823] [M]: 0x80025D8C (0x0040006F) jal zero, 4


mem[X,0x80025D90] -> 0xA023
mem[X,0x80025D92] -> 0x6040
[3824] [M]: 0x80025D90 (0x6040A023) sw tp, 1536(ra)
mem[0x80039868] <- 0x00000003


mem[X,0x80025D94] -> 0x5537
mem[X,0x80025D96] -> 0xFFFF
[3825] [M]: 0x80025D94 (0xFFFF5537) lui a0, 1048565
x10 <- 0xFFFF5000


mem[X,0x80025D98] -> 0x0513
mem[X,0x80025D9A] -> 0xAFD5
[3826] [M]: 0x80025D98 (0xAFD50513) addi a0, a0, 2813
x10 <- 0xFFFF4AFD


mem[X,0x80025D9C] -> 0x0593
mem[X,0x80025D9E] -> 0x0000
[3827] [M]: 0x80025D9C (0x00000593) addi a1, zero, 0
x11 <- 0x00000000


mem[X,0x80025DA0] -> 0x0213
mem[X,0x80025DA2] -> 0x0000
[3828] [M]: 0x80025DA0 (0x00000213) addi tp, zero, 0
x4 <- 0x00000000


mem[X,0x80025DA4] -> 0x006F
mem[X,0x80025DA6] -> 0x00C0
[3829] [M]: 0x80025DA4 (0x00C0006F) jal zero, 12


mem[X,0x80025DB0] -> 0x1863
mem[X,0x80025DB2] -> 0x00B5
[3830] [M]: 0x80025DB0 (0x00B51863) bne a0, a1, 16


mem[X,0x80025DC0] -> 0x0213
mem[X,0x80025DC2] -> 0x0032
[3831] [M]: 0x80025DC0 (0x00320213) addi tp, tp, 3
x4 <- 0x00000003


mem[X,0x80025DC4] -> 0x006F
mem[X,0x80025DC6] -> 0x0040
[3832] [M]: 0x80025DC4 (0x0040006F) jal zero, 4


mem[X,0x80025DC8] -> 0xA223
mem[X,0x80025DCA] -> 0x6040
[3833] [M]: 0x80025DC8 (0x6040A223) sw tp, 1540(ra)
mem[0x8003986C] <- 0x00000003


mem[X,0x80025DCC] -> 0x5537
mem[X,0x80025DCE] -> 0xFFFF
[3834] [M]: 0x80025DCC (0xFFFF5537) lui a0, 1048565
x10 <- 0xFFFF5000


mem[X,0x80025DD0] -> 0x0513
mem[X,0x80025DD2] -> 0xAFD5
[3835] [M]: 0x80025DD0 (0xAFD50513) addi a0, a0, 2813
x10 <- 0xFFFF4AFD


mem[X,0x80025DD4] -> 0x0593
mem[X,0x80025DD6] -> 0x0040
[3836] [M]: 0x80025DD4 (0x00400593) addi a1, zero, 4
x11 <- 0x00000004


mem[X,0x80025DD8] -> 0x0213
mem[X,0x80025DDA] -> 0x0000
[3837] [M]: 0x80025DD8 (0x00000213) addi tp, zero, 0
x4 <- 0x00000000


mem[X,0x80025DDC] -> 0x006F
mem[X,0x80025DDE] -> 0x00C0
[3838] [M]: 0x80025DDC (0x00C0006F) jal zero, 12


mem[X,0x80025DE8] -> 0x1CE3
mem[X,0x80025DEA] -> 0xFEB5
[3839] [M]: 0x80025DE8 (0xFEB51CE3) bne a0, a1, 8184


mem[X,0x80025DE0] -> 0x0213
mem[X,0x80025DE2] -> 0x0012
[3840] [M]: 0x80025DE0 (0x00120213) addi tp, tp, 1
x4 <- 0x00000001


mem[X,0x80025DE4] -> 0x006F
mem[X,0x80025DE6] -> 0x0180
[3841] [M]: 0x80025DE4 (0x0180006F) jal zero, 24


mem[X,0x80025DFC] -> 0xA423
mem[X,0x80025DFE] -> 0x6040
[3842] [M]: 0x80025DFC (0x6040A423) sw tp, 1544(ra)
mem[0x80039870] <- 0x00000001


mem[X,0x80025E00] -> 0x5537
mem[X,0x80025E02] -> 0xFFFF
[3843] [M]: 0x80025E00 (0xFFFF5537) lui a0, 1048565
x10 <- 0xFFFF5000


mem[X,0x80025E04] -> 0x0513
mem[X,0x80025E06] -> 0xAFD5
[3844] [M]: 0x80025E04 (0xAFD50513) addi a0, a0, 2813
x10 <- 0xFFFF4AFD


mem[X,0x80025E08] -> 0x35B7
mem[X,0x80025E0A] -> 0x3333
[3845] [M]: 0x80025E08 (0x333335B7) lui a1, 209715
x11 <- 0x33333000


mem[X,0x80025E0C] -> 0x8593
mem[X,0x80025E0E] -> 0x3325
[3846] [M]: 0x80025E0C (0x33258593) addi a1, a1, 818
x11 <- 0x33333332


mem[X,0x80025E10] -> 0x0213
mem[X,0x80025E12] -> 0x0000
[3847] [M]: 0x80025E10 (0x00000213) addi tp, zero, 0
x4 <- 0x00000000


mem[X,0x80025E14] -> 0x006F
mem[X,0x80025E16] -> 0x00C0
[3848] [M]: 0x80025E14 (0x00C0006F) jal zero, 12


mem[X,0x80025E20] -> 0x1CE3
mem[X,0x80025E22] -> 0xFEB5
[3849] [M]: 0x80025E20 (0xFEB51CE3) bne a0, a1, 8184


mem[X,0x80025E18] -> 0x0213
mem[X,0x80025E1A] -> 0x0012
[3850] [M]: 0x80025E18 (0x00120213) addi tp, tp, 1
x4 <- 0x00000001


mem[X,0x80025E1C] -> 0x006F
mem[X,0x80025E1E] -> 0x0180
[3851] [M]: 0x80025E1C (0x0180006F) jal zero, 24


mem[X,0x80025E34] -> 0xA623
mem[X,0x80025E36] -> 0x6040
[3852] [M]: 0x80025E34 (0x6040A623) sw tp, 1548(ra)
mem[0x80039874] <- 0x00000001


mem[X,0x80025E38] -> 0x5537
mem[X,0x80025E3A] -> 0xFFFF
[3853] [M]: 0x80025E38 (0xFFFF5537) lui a0, 1048565
x10 <- 0xFFFF5000


mem[X,0x80025E3C] -> 0x0513
mem[X,0x80025E3E] -> 0xAFD5
[3854] [M]: 0x80025E3C (0xAFD50513) addi a0, a0, 2813
x10 <- 0xFFFF4AFD


mem[X,0x80025E40] -> 0x65B7
mem[X,0x80025E42] -> 0x6666
[3855] [M]: 0x80025E40 (0x666665B7) lui a1, 419430
x11 <- 0x66666000


mem[X,0x80025E44] -> 0x8593
mem[X,0x80025E46] -> 0x6655
[3856] [M]: 0x80025E44 (0x66558593) addi a1, a1, 1637
x11 <- 0x66666665


mem[X,0x80025E48] -> 0x0213
mem[X,0x80025E4A] -> 0x0000
[3857] [M]: 0x80025E48 (0x00000213) addi tp, zero, 0
x4 <- 0x00000000


mem[X,0x80025E4C] -> 0x006F
mem[X,0x80025E4E] -> 0x00C0
[3858] [M]: 0x80025E4C (0x00C0006F) jal zero, 12


mem[X,0x80025E58] -> 0x1CE3
mem[X,0x80025E5A] -> 0xFEB5
[3859] [M]: 0x80025E58 (0xFEB51CE3) bne a0, a1, 8184


mem[X,0x80025E50] -> 0x0213
mem[X,0x80025E52] -> 0x0012
[3860] [M]: 0x80025E50 (0x00120213) addi tp, tp, 1
x4 <- 0x00000001


mem[X,0x80025E54] -> 0x006F
mem[X,0x80025E56] -> 0x0180
[3861] [M]: 0x80025E54 (0x0180006F) jal zero, 24


mem[X,0x80025E6C] -> 0xA823
mem[X,0x80025E6E] -> 0x6040
[3862] [M]: 0x80025E6C (0x6040A823) sw tp, 1552(ra)
mem[0x80039878] <- 0x00000001


mem[X,0x80025E70] -> 0x5537
mem[X,0x80025E72] -> 0xFFFF
[3863] [M]: 0x80025E70 (0xFFFF5537) lui a0, 1048565
x10 <- 0xFFFF5000


mem[X,0x80025E74] -> 0x0513
mem[X,0x80025E76] -> 0xAFD5
[3864] [M]: 0x80025E74 (0xAFD50513) addi a0, a0, 2813
x10 <- 0xFFFF4AFD


mem[X,0x80025E78] -> 0xB5B7
mem[X,0x80025E7A] -> 0x0000
[3865] [M]: 0x80025E78 (0x0000B5B7) lui a1, 11
x11 <- 0x0000B000


mem[X,0x80025E7C] -> 0x8593
mem[X,0x80025E7E] -> 0x5035
[3866] [M]: 0x80025E7C (0x50358593) addi a1, a1, 1283
x11 <- 0x0000B503


mem[X,0x80025E80] -> 0x0213
mem[X,0x80025E82] -> 0x0000
[3867] [M]: 0x80025E80 (0x00000213) addi tp, zero, 0
x4 <- 0x00000000


mem[X,0x80025E84] -> 0x006F
mem[X,0x80025E86] -> 0x00C0
[3868] [M]: 0x80025E84 (0x00C0006F) jal zero, 12


mem[X,0x80025E90] -> 0x1663
mem[X,0x80025E92] -> 0x00B5
[3869] [M]: 0x80025E90 (0x00B51663) bne a0, a1, 12


mem[X,0x80025E9C] -> 0x0213
mem[X,0x80025E9E] -> 0x0032
[3870] [M]: 0x80025E9C (0x00320213) addi tp, tp, 3
x4 <- 0x00000003


mem[X,0x80025EA0] -> 0x006F
mem[X,0x80025EA2] -> 0x0040
[3871] [M]: 0x80025EA0 (0x0040006F) jal zero, 4


mem[X,0x80025EA4] -> 0xAA23
mem[X,0x80025EA6] -> 0x6040
[3872] [M]: 0x80025EA4 (0x6040AA23) sw tp, 1556(ra)
mem[0x8003987C] <- 0x00000003


mem[X,0x80025EA8] -> 0x5537
mem[X,0x80025EAA] -> 0xFFFF
[3873] [M]: 0x80025EA8 (0xFFFF5537) lui a0, 1048565
x10 <- 0xFFFF5000


mem[X,0x80025EAC] -> 0x0513
mem[X,0x80025EAE] -> 0xAFD5
[3874] [M]: 0x80025EAC (0xAFD50513) addi a0, a0, 2813
x10 <- 0xFFFF4AFD


mem[X,0x80025EB0] -> 0x55B7
mem[X,0x80025EB2] -> 0x5555
[3875] [M]: 0x80025EB0 (0x555555B7) lui a1, 349525
x11 <- 0x55555000


mem[X,0x80025EB4] -> 0x8593
mem[X,0x80025EB6] -> 0x5565
[3876] [M]: 0x80025EB4 (0x55658593) addi a1, a1, 1366
x11 <- 0x55555556


mem[X,0x80025EB8] -> 0x0213
mem[X,0x80025EBA] -> 0x0000
[3877] [M]: 0x80025EB8 (0x00000213) addi tp, zero, 0
x4 <- 0x00000000


mem[X,0x80025EBC] -> 0x006F
mem[X,0x80025EBE] -> 0x00C0
[3878] [M]: 0x80025EBC (0x00C0006F) jal zero, 12


mem[X,0x80025EC8] -> 0x1663
mem[X,0x80025ECA] -> 0x00B5
[3879] [M]: 0x80025EC8 (0x00B51663) bne a0, a1, 12


mem[X,0x80025ED4] -> 0x0213
mem[X,0x80025ED6] -> 0x0032
[3880] [M]: 0x80025ED4 (0x00320213) addi tp, tp, 3
x4 <- 0x00000003


mem[X,0x80025ED8] -> 0x006F
mem[X,0x80025EDA] -> 0x0040
[3881] [M]: 0x80025ED8 (0x0040006F) jal zero, 4


mem[X,0x80025EDC] -> 0xAC23
mem[X,0x80025EDE] -> 0x6040
[3882] [M]: 0x80025EDC (0x6040AC23) sw tp, 1560(ra)
mem[0x80039880] <- 0x00000003


mem[X,0x80025EE0] -> 0x5537
mem[X,0x80025EE2] -> 0xFFFF
[3883] [M]: 0x80025EE0 (0xFFFF5537) lui a0, 1048565
x10 <- 0xFFFF5000


mem[X,0x80025EE4] -> 0x0513
mem[X,0x80025EE6] -> 0xAFD5
[3884] [M]: 0x80025EE4 (0xAFD50513) addi a0, a0, 2813
x10 <- 0xFFFF4AFD


mem[X,0x80025EE8] -> 0xB5B7
mem[X,0x80025EEA] -> 0xAAAA
[3885] [M]: 0x80025EE8 (0xAAAAB5B7) lui a1, 699051
x11 <- 0xAAAAB000


mem[X,0x80025EEC] -> 0x8593
mem[X,0x80025EEE] -> 0xAAB5
[3886] [M]: 0x80025EEC (0xAAB58593) addi a1, a1, 2731
x11 <- 0xAAAAAAAB


mem[X,0x80025EF0] -> 0x0213
mem[X,0x80025EF2] -> 0x0000
[3887] [M]: 0x80025EF0 (0x00000213) addi tp, zero, 0
x4 <- 0x00000000


mem[X,0x80025EF4] -> 0x006F
mem[X,0x80025EF6] -> 0x00C0
[3888] [M]: 0x80025EF4 (0x00C0006F) jal zero, 12


mem[X,0x80025F00] -> 0x1063
mem[X,0x80025F02] -> 0x40B5
[3889] [M]: 0x80025F00 (0x40B51063) bne a0, a1, 1024


mem[X,0x80026300] -> 0x0213
mem[X,0x80026302] -> 0x0032
[3890] [M]: 0x80026300 (0x00320213) addi tp, tp, 3
x4 <- 0x00000003


mem[X,0x80026304] -> 0x006F
mem[X,0x80026306] -> 0x0040
[3891] [M]: 0x80026304 (0x0040006F) jal zero, 4


mem[X,0x80026308] -> 0xAE23
mem[X,0x8002630A] -> 0x6040
[3892] [M]: 0x80026308 (0x6040AE23) sw tp, 1564(ra)
mem[0x80039884] <- 0x00000003


mem[X,0x8002630C] -> 0x5537
mem[X,0x8002630E] -> 0xFFFF
[3893] [M]: 0x8002630C (0xFFFF5537) lui a0, 1048565
x10 <- 0xFFFF5000


mem[X,0x80026310] -> 0x0513
mem[X,0x80026312] -> 0xAFD5
[3894] [M]: 0x80026310 (0xAFD50513) addi a0, a0, 2813
x10 <- 0xFFFF4AFD


mem[X,0x80026314] -> 0x0593
mem[X,0x80026316] -> 0x0060
[3895] [M]: 0x80026314 (0x00600593) addi a1, zero, 6
x11 <- 0x00000006


mem[X,0x80026318] -> 0x0213
mem[X,0x8002631A] -> 0x0000
[3896] [M]: 0x80026318 (0x00000213) addi tp, zero, 0
x4 <- 0x00000000


mem[X,0x8002631C] -> 0x006F
mem[X,0x8002631E] -> 0x00C0
[3897] [M]: 0x8002631C (0x00C0006F) jal zero, 12


mem[X,0x80026328] -> 0x1063
mem[X,0x8002632A] -> 0x04B5
[3898] [M]: 0x80026328 (0x04B51063) bne a0, a1, 64


mem[X,0x80026368] -> 0x0213
mem[X,0x8002636A] -> 0x0032
[3899] [M]: 0x80026368 (0x00320213) addi tp, tp, 3
x4 <- 0x00000003


clint::tick mtime <- 0x0000000000000027
 clint timer pending at mtime 0x0000000000000027
htif::tick 0x0000000000000000
mem[X,0x8002636C] -> 0x006F
mem[X,0x8002636E] -> 0x0040
[3900] [M]: 0x8002636C (0x0040006F) jal zero, 4


mem[X,0x80026370] -> 0xA023
mem[X,0x80026372] -> 0x6240
[3901] [M]: 0x80026370 (0x6240A023) sw tp, 1568(ra)
mem[0x80039888] <- 0x00000003


mem[X,0x80026374] -> 0x5537
mem[X,0x80026376] -> 0xFFFF
[3902] [M]: 0x80026374 (0xFFFF5537) lui a0, 1048565
x10 <- 0xFFFF5000


mem[X,0x80026378] -> 0x0513
mem[X,0x8002637A] -> 0xAFD5
[3903] [M]: 0x80026378 (0xAFD50513) addi a0, a0, 2813
x10 <- 0xFFFF4AFD


mem[X,0x8002637C] -> 0x35B7
mem[X,0x8002637E] -> 0x3333
[3904] [M]: 0x8002637C (0x333335B7) lui a1, 209715
x11 <- 0x33333000


mem[X,0x80026380] -> 0x8593
mem[X,0x80026382] -> 0x3345
[3905] [M]: 0x80026380 (0x33458593) addi a1, a1, 820
x11 <- 0x33333334


mem[X,0x80026384] -> 0x0213
mem[X,0x80026386] -> 0x0000
[3906] [M]: 0x80026384 (0x00000213) addi tp, zero, 0
x4 <- 0x00000000


mem[X,0x80026388] -> 0x006F
mem[X,0x8002638A] -> 0x00C0
[3907] [M]: 0x80026388 (0x00C0006F) jal zero, 12


mem[X,0x80026394] -> 0x1663
mem[X,0x80026396] -> 0x00B5
[3908] [M]: 0x80026394 (0x00B51663) bne a0, a1, 12


mem[X,0x800263A0] -> 0x0213
mem[X,0x800263A2] -> 0x0032
[3909] [M]: 0x800263A0 (0x00320213) addi tp, tp, 3
x4 <- 0x00000003


mem[X,0x800263A4] -> 0x006F
mem[X,0x800263A6] -> 0x0040
[3910] [M]: 0x800263A4 (0x0040006F) jal zero, 4


mem[X,0x800263A8] -> 0xA223
mem[X,0x800263AA] -> 0x6240
[3911] [M]: 0x800263A8 (0x6240A223) sw tp, 1572(ra)
mem[0x8003988C] <- 0x00000003


mem[X,0x800263AC] -> 0x5537
mem[X,0x800263AE] -> 0xFFFF
[3912] [M]: 0x800263AC (0xFFFF5537) lui a0, 1048565
x10 <- 0xFFFF5000


mem[X,0x800263B0] -> 0x0513
mem[X,0x800263B2] -> 0xAFD5
[3913] [M]: 0x800263B0 (0xAFD50513) addi a0, a0, 2813
x10 <- 0xFFFF4AFD


mem[X,0x800263B4] -> 0x65B7
mem[X,0x800263B6] -> 0x6666
[3914] [M]: 0x800263B4 (0x666665B7) lui a1, 419430
x11 <- 0x66666000


mem[X,0x800263B8] -> 0x8593
mem[X,0x800263BA] -> 0x6675
[3915] [M]: 0x800263B8 (0x66758593) addi a1, a1, 1639
x11 <- 0x66666667


mem[X,0x800263BC] -> 0x0213
mem[X,0x800263BE] -> 0x0000
[3916] [M]: 0x800263BC (0x00000213) addi tp, zero, 0
x4 <- 0x00000000


mem[X,0x800263C0] -> 0x006F
mem[X,0x800263C2] -> 0x0140
[3917] [M]: 0x800263C0 (0x0140006F) jal zero, 20


mem[X,0x800263D4] -> 0x18E3
mem[X,0x800263D6] -> 0xFEB5
[3918] [M]: 0x800263D4 (0xFEB518E3) bne a0, a1, 8176


mem[X,0x800263C4] -> 0x0213
mem[X,0x800263C6] -> 0x0012
[3919] [M]: 0x800263C4 (0x00120213) addi tp, tp, 1
x4 <- 0x00000001


mem[X,0x800263C8] -> 0x006F
mem[X,0x800263CA] -> 0x0200
[3920] [M]: 0x800263C8 (0x0200006F) jal zero, 32


mem[X,0x800263E8] -> 0xA423
mem[X,0x800263EA] -> 0x6240
[3921] [M]: 0x800263E8 (0x6240A423) sw tp, 1576(ra)
mem[0x80039890] <- 0x00000001


mem[X,0x800263EC] -> 0x5537
mem[X,0x800263EE] -> 0xFFFF
[3922] [M]: 0x800263EC (0xFFFF5537) lui a0, 1048565
x10 <- 0xFFFF5000


mem[X,0x800263F0] -> 0x0513
mem[X,0x800263F2] -> 0xAFD5
[3923] [M]: 0x800263F0 (0xAFD50513) addi a0, a0, 2813
x10 <- 0xFFFF4AFD


mem[X,0x800263F4] -> 0x55B7
mem[X,0x800263F6] -> 0xFFFF
[3924] [M]: 0x800263F4 (0xFFFF55B7) lui a1, 1048565
x11 <- 0xFFFF5000


mem[X,0x800263F8] -> 0x8593
mem[X,0x800263FA] -> 0xAFD5
[3925] [M]: 0x800263F8 (0xAFD58593) addi a1, a1, 2813
x11 <- 0xFFFF4AFD


mem[X,0x800263FC] -> 0x0213
mem[X,0x800263FE] -> 0x0000
[3926] [M]: 0x800263FC (0x00000213) addi tp, zero, 0
x4 <- 0x00000000


mem[X,0x80026400] -> 0x006F
mem[X,0x80026402] -> 0x00C0
[3927] [M]: 0x80026400 (0x00C0006F) jal zero, 12


mem[X,0x8002640C] -> 0x1063
mem[X,0x8002640E] -> 0x08B5
[3928] [M]: 0x8002640C (0x08B51063) bne a0, a1, 128


mem[X,0x80026410] -> 0x0213
mem[X,0x80026412] -> 0x0022
[3929] [M]: 0x80026410 (0x00220213) addi tp, tp, 2
x4 <- 0x00000002


mem[X,0x80026414] -> 0x006F
mem[X,0x80026416] -> 0x0800
[3930] [M]: 0x80026414 (0x0800006F) jal zero, 128


mem[X,0x80026494] -> 0xA623
mem[X,0x80026496] -> 0x6240
[3931] [M]: 0x80026494 (0x6240A623) sw tp, 1580(ra)
mem[0x80039894] <- 0x00000002


mem[X,0x80026498] -> 0x5537
mem[X,0x8002649A] -> 0xFFFF
[3932] [M]: 0x80026498 (0xFFFF5537) lui a0, 1048565
x10 <- 0xFFFF5000


mem[X,0x8002649C] -> 0x0513
mem[X,0x8002649E] -> 0xAFD5
[3933] [M]: 0x8002649C (0xAFD50513) addi a0, a0, 2813
x10 <- 0xFFFF4AFD


mem[X,0x800264A0] -> 0xB5B7
mem[X,0x800264A2] -> 0x0000
[3934] [M]: 0x800264A0 (0x0000B5B7) lui a1, 11
x11 <- 0x0000B000


mem[X,0x800264A4] -> 0x8593
mem[X,0x800264A6] -> 0x5055
[3935] [M]: 0x800264A4 (0x50558593) addi a1, a1, 1285
x11 <- 0x0000B505


mem[X,0x800264A8] -> 0x0213
mem[X,0x800264AA] -> 0x0000
[3936] [M]: 0x800264A8 (0x00000213) addi tp, zero, 0
x4 <- 0x00000000


mem[X,0x800264AC] -> 0x006F
mem[X,0x800264AE] -> 0x00C0
[3937] [M]: 0x800264AC (0x00C0006F) jal zero, 12


mem[X,0x800264B8] -> 0x1CE3
mem[X,0x800264BA] -> 0xFEB5
[3938] [M]: 0x800264B8 (0xFEB51CE3) bne a0, a1, 8184


mem[X,0x800264B0] -> 0x0213
mem[X,0x800264B2] -> 0x0012
[3939] [M]: 0x800264B0 (0x00120213) addi tp, tp, 1
x4 <- 0x00000001


mem[X,0x800264B4] -> 0x006F
mem[X,0x800264B6] -> 0x0180
[3940] [M]: 0x800264B4 (0x0180006F) jal zero, 24


mem[X,0x800264CC] -> 0xA823
mem[X,0x800264CE] -> 0x6240
[3941] [M]: 0x800264CC (0x6240A823) sw tp, 1584(ra)
mem[0x80039898] <- 0x00000001


mem[X,0x800264D0] -> 0xB537
mem[X,0x800264D2] -> 0x0000
[3942] [M]: 0x800264D0 (0x0000B537) lui a0, 11
x10 <- 0x0000B000


mem[X,0x800264D4] -> 0x0513
mem[X,0x800264D6] -> 0x5055
[3943] [M]: 0x800264D4 (0x50550513) addi a0, a0, 1285
x10 <- 0x0000B505


mem[X,0x800264D8] -> 0x0593
mem[X,0x800264DA] -> 0x0030
[3944] [M]: 0x800264D8 (0x00300593) addi a1, zero, 3
x11 <- 0x00000003


mem[X,0x800264DC] -> 0x0213
mem[X,0x800264DE] -> 0x0000
[3945] [M]: 0x800264DC (0x00000213) addi tp, zero, 0
x4 <- 0x00000000


mem[X,0x800264E0] -> 0x006F
mem[X,0x800264E2] -> 0x0100
[3946] [M]: 0x800264E0 (0x0100006F) jal zero, 16


mem[X,0x800264F0] -> 0x1AE3
mem[X,0x800264F2] -> 0xFEB5
[3947] [M]: 0x800264F0 (0xFEB51AE3) bne a0, a1, 8180


mem[X,0x800264E4] -> 0x0213
mem[X,0x800264E6] -> 0x0012
[3948] [M]: 0x800264E4 (0x00120213) addi tp, tp, 1
x4 <- 0x00000001


mem[X,0x800264E8] -> 0x006F
mem[X,0x800264EA] -> 0x01C0
[3949] [M]: 0x800264E8 (0x01C0006F) jal zero, 28


mem[X,0x80026504] -> 0xAA23
mem[X,0x80026506] -> 0x6240
[3950] [M]: 0x80026504 (0x6240AA23) sw tp, 1588(ra)
mem[0x8003989C] <- 0x00000001


mem[X,0x80026508] -> 0xB537
mem[X,0x8002650A] -> 0x0000
[3951] [M]: 0x80026508 (0x0000B537) lui a0, 11
x10 <- 0x0000B000


mem[X,0x8002650C] -> 0x0513
mem[X,0x8002650E] -> 0x5055
[3952] [M]: 0x8002650C (0x50550513) addi a0, a0, 1285
x10 <- 0x0000B505


mem[X,0x80026510] -> 0x55B7
mem[X,0x80026512] -> 0x5555
[3953] [M]: 0x80026510 (0x555555B7) lui a1, 349525
x11 <- 0x55555000


mem[X,0x80026514] -> 0x8593
mem[X,0x80026516] -> 0x5555
[3954] [M]: 0x80026514 (0x55558593) addi a1, a1, 1365
x11 <- 0x55555555


mem[X,0x80026518] -> 0x0213
mem[X,0x8002651A] -> 0x0000
[3955] [M]: 0x80026518 (0x00000213) addi tp, zero, 0
x4 <- 0x00000000


mem[X,0x8002651C] -> 0x006F
mem[X,0x8002651E] -> 0x00C0
[3956] [M]: 0x8002651C (0x00C0006F) jal zero, 12


mem[X,0x80026528] -> 0x1863
mem[X,0x8002652A] -> 0x00B5
[3957] [M]: 0x80026528 (0x00B51863) bne a0, a1, 16


mem[X,0x80026538] -> 0x0213
mem[X,0x8002653A] -> 0x0032
[3958] [M]: 0x80026538 (0x00320213) addi tp, tp, 3
x4 <- 0x00000003


mem[X,0x8002653C] -> 0x006F
mem[X,0x8002653E] -> 0x0040
[3959] [M]: 0x8002653C (0x0040006F) jal zero, 4


mem[X,0x80026540] -> 0xAC23
mem[X,0x80026542] -> 0x6240
[3960] [M]: 0x80026540 (0x6240AC23) sw tp, 1592(ra)
mem[0x800398A0] <- 0x00000003


mem[X,0x80026544] -> 0xB537
mem[X,0x80026546] -> 0x0000
[3961] [M]: 0x80026544 (0x0000B537) lui a0, 11
x10 <- 0x0000B000


mem[X,0x80026548] -> 0x0513
mem[X,0x8002654A] -> 0x5055
[3962] [M]: 0x80026548 (0x50550513) addi a0, a0, 1285
x10 <- 0x0000B505


mem[X,0x8002654C] -> 0xB5B7
mem[X,0x8002654E] -> 0xAAAA
[3963] [M]: 0x8002654C (0xAAAAB5B7) lui a1, 699051
x11 <- 0xAAAAB000


mem[X,0x80026550] -> 0x8593
mem[X,0x80026552] -> 0xAAA5
[3964] [M]: 0x80026550 (0xAAA58593) addi a1, a1, 2730
x11 <- 0xAAAAAAAA


mem[X,0x80026554] -> 0x0213
mem[X,0x80026556] -> 0x0000
[3965] [M]: 0x80026554 (0x00000213) addi tp, zero, 0
x4 <- 0x00000000


mem[X,0x80026558] -> 0x006F
mem[X,0x8002655A] -> 0x00C0
[3966] [M]: 0x80026558 (0x00C0006F) jal zero, 12


mem[X,0x80026564] -> 0x1063
mem[X,0x80026566] -> 0x40B5
[3967] [M]: 0x80026564 (0x40B51063) bne a0, a1, 1024


mem[X,0x80026964] -> 0x0213
mem[X,0x80026966] -> 0x0032
[3968] [M]: 0x80026964 (0x00320213) addi tp, tp, 3
x4 <- 0x00000003


mem[X,0x80026968] -> 0x006F
mem[X,0x8002696A] -> 0x0040
[3969] [M]: 0x80026968 (0x0040006F) jal zero, 4


mem[X,0x8002696C] -> 0xAE23
mem[X,0x8002696E] -> 0x6240
[3970] [M]: 0x8002696C (0x6240AE23) sw tp, 1596(ra)
mem[0x800398A4] <- 0x00000003


mem[X,0x80026970] -> 0xB537
mem[X,0x80026972] -> 0x0000
[3971] [M]: 0x80026970 (0x0000B537) lui a0, 11
x10 <- 0x0000B000


mem[X,0x80026974] -> 0x0513
mem[X,0x80026976] -> 0x5055
[3972] [M]: 0x80026974 (0x50550513) addi a0, a0, 1285
x10 <- 0x0000B505


mem[X,0x80026978] -> 0x0593
mem[X,0x8002697A] -> 0x0050
[3973] [M]: 0x80026978 (0x00500593) addi a1, zero, 5
x11 <- 0x00000005


mem[X,0x8002697C] -> 0x0213
mem[X,0x8002697E] -> 0x0000
[3974] [M]: 0x8002697C (0x00000213) addi tp, zero, 0
x4 <- 0x00000000


mem[X,0x80026980] -> 0x006F
mem[X,0x80026982] -> 0x0140
[3975] [M]: 0x80026980 (0x0140006F) jal zero, 20


mem[X,0x80026994] -> 0x18E3
mem[X,0x80026996] -> 0xFEB5
[3976] [M]: 0x80026994 (0xFEB518E3) bne a0, a1, 8176


mem[X,0x80026984] -> 0x0213
mem[X,0x80026986] -> 0x0012
[3977] [M]: 0x80026984 (0x00120213) addi tp, tp, 1
x4 <- 0x00000001


mem[X,0x80026988] -> 0x006F
mem[X,0x8002698A] -> 0x0200
[3978] [M]: 0x80026988 (0x0200006F) jal zero, 32


mem[X,0x800269A8] -> 0xA023
mem[X,0x800269AA] -> 0x6440
[3979] [M]: 0x800269A8 (0x6440A023) sw tp, 1600(ra)
mem[0x800398A8] <- 0x00000001


mem[X,0x800269AC] -> 0xB537
mem[X,0x800269AE] -> 0x0000
[3980] [M]: 0x800269AC (0x0000B537) lui a0, 11
x10 <- 0x0000B000


mem[X,0x800269B0] -> 0x0513
mem[X,0x800269B2] -> 0x5055
[3981] [M]: 0x800269B0 (0x50550513) addi a0, a0, 1285
x10 <- 0x0000B505


mem[X,0x800269B4] -> 0x35B7
mem[X,0x800269B6] -> 0x3333
[3982] [M]: 0x800269B4 (0x333335B7) lui a1, 209715
x11 <- 0x33333000


mem[X,0x800269B8] -> 0x8593
mem[X,0x800269BA] -> 0x3335
[3983] [M]: 0x800269B8 (0x33358593) addi a1, a1, 819
x11 <- 0x33333333


mem[X,0x800269BC] -> 0x0213
mem[X,0x800269BE] -> 0x0000
[3984] [M]: 0x800269BC (0x00000213) addi tp, zero, 0
x4 <- 0x00000000


mem[X,0x800269C0] -> 0x006F
mem[X,0x800269C2] -> 0x00C0
[3985] [M]: 0x800269C0 (0x00C0006F) jal zero, 12


mem[X,0x800269CC] -> 0x1063
mem[X,0x800269CE] -> 0x40B5
[3986] [M]: 0x800269CC (0x40B51063) bne a0, a1, 1024


mem[X,0x80026DCC] -> 0x0213
mem[X,0x80026DCE] -> 0x0032
[3987] [M]: 0x80026DCC (0x00320213) addi tp, tp, 3
x4 <- 0x00000003


mem[X,0x80026DD0] -> 0x006F
mem[X,0x80026DD2] -> 0x0040
[3988] [M]: 0x80026DD0 (0x0040006F) jal zero, 4


mem[X,0x80026DD4] -> 0xA223
mem[X,0x80026DD6] -> 0x6440
[3989] [M]: 0x80026DD4 (0x6440A223) sw tp, 1604(ra)
mem[0x800398AC] <- 0x00000003


mem[X,0x80026DD8] -> 0xB537
mem[X,0x80026DDA] -> 0x0000
[3990] [M]: 0x80026DD8 (0x0000B537) lui a0, 11
x10 <- 0x0000B000


mem[X,0x80026DDC] -> 0x0513
mem[X,0x80026DDE] -> 0x5055
[3991] [M]: 0x80026DDC (0x50550513) addi a0, a0, 1285
x10 <- 0x0000B505


mem[X,0x80026DE0] -> 0x65B7
mem[X,0x80026DE2] -> 0x6666
[3992] [M]: 0x80026DE0 (0x666665B7) lui a1, 419430
x11 <- 0x66666000


mem[X,0x80026DE4] -> 0x8593
mem[X,0x80026DE6] -> 0x6665
[3993] [M]: 0x80026DE4 (0x66658593) addi a1, a1, 1638
x11 <- 0x66666666


mem[X,0x80026DE8] -> 0x0213
mem[X,0x80026DEA] -> 0x0000
[3994] [M]: 0x80026DE8 (0x00000213) addi tp, zero, 0
x4 <- 0x00000000


mem[X,0x80026DEC] -> 0x006F
mem[X,0x80026DEE] -> 0x00C0
[3995] [M]: 0x80026DEC (0x00C0006F) jal zero, 12


mem[X,0x80026DF8] -> 0x1663
mem[X,0x80026DFA] -> 0x00B5
[3996] [M]: 0x80026DF8 (0x00B51663) bne a0, a1, 12


mem[X,0x80026E04] -> 0x0213
mem[X,0x80026E06] -> 0x0032
[3997] [M]: 0x80026E04 (0x00320213) addi tp, tp, 3
x4 <- 0x00000003


mem[X,0x80026E08] -> 0x006F
mem[X,0x80026E0A] -> 0x0040
[3998] [M]: 0x80026E08 (0x0040006F) jal zero, 4


mem[X,0x80026E0C] -> 0xA423
mem[X,0x80026E0E] -> 0x6440
[3999] [M]: 0x80026E0C (0x6440A423) sw tp, 1608(ra)
mem[0x800398B0] <- 0x00000003


clint::tick mtime <- 0x0000000000000028
 clint timer pending at mtime 0x0000000000000028
htif::tick 0x0000000000000000
mem[X,0x80026E10] -> 0xB537
mem[X,0x80026E12] -> 0x0000
[4000] [M]: 0x80026E10 (0x0000B537) lui a0, 11
x10 <- 0x0000B000


mem[X,0x80026E14] -> 0x0513
mem[X,0x80026E16] -> 0x5055
[4001] [M]: 0x80026E14 (0x50550513) addi a0, a0, 1285
x10 <- 0x0000B505


mem[X,0x80026E18] -> 0x55B7
mem[X,0x80026E1A] -> 0xFFFF
[4002] [M]: 0x80026E18 (0xFFFF55B7) lui a1, 1048565
x11 <- 0xFFFF5000


mem[X,0x80026E1C] -> 0x8593
mem[X,0x80026E1E] -> 0xAFC5
[4003] [M]: 0x80026E1C (0xAFC58593) addi a1, a1, 2812
x11 <- 0xFFFF4AFC


mem[X,0x80026E20] -> 0x0213
mem[X,0x80026E22] -> 0x0000
[4004] [M]: 0x80026E20 (0x00000213) addi tp, zero, 0
x4 <- 0x00000000


mem[X,0x80026E24] -> 0x006F
mem[X,0x80026E26] -> 0x00C0
[4005] [M]: 0x80026E24 (0x00C0006F) jal zero, 12


mem[X,0x80026E30] -> 0x1063
mem[X,0x80026E32] -> 0x02B5
[4006] [M]: 0x80026E30 (0x02B51063) bne a0, a1, 32


mem[X,0x80026E50] -> 0x0213
mem[X,0x80026E52] -> 0x0032
[4007] [M]: 0x80026E50 (0x00320213) addi tp, tp, 3
x4 <- 0x00000003


mem[X,0x80026E54] -> 0x006F
mem[X,0x80026E56] -> 0x0040
[4008] [M]: 0x80026E54 (0x0040006F) jal zero, 4


mem[X,0x80026E58] -> 0xA623
mem[X,0x80026E5A] -> 0x6440
[4009] [M]: 0x80026E58 (0x6440A623) sw tp, 1612(ra)
mem[0x800398B4] <- 0x00000003


mem[X,0x80026E5C] -> 0xB537
mem[X,0x80026E5E] -> 0x0000
[4010] [M]: 0x80026E5C (0x0000B537) lui a0, 11
x10 <- 0x0000B000


mem[X,0x80026E60] -> 0x0513
mem[X,0x80026E62] -> 0x5055
[4011] [M]: 0x80026E60 (0x50550513) addi a0, a0, 1285
x10 <- 0x0000B505


mem[X,0x80026E64] -> 0xB5B7
mem[X,0x80026E66] -> 0x0000
[4012] [M]: 0x80026E64 (0x0000B5B7) lui a1, 11
x11 <- 0x0000B000


mem[X,0x80026E68] -> 0x8593
mem[X,0x80026E6A] -> 0x5045
[4013] [M]: 0x80026E68 (0x50458593) addi a1, a1, 1284
x11 <- 0x0000B504


mem[X,0x80026E6C] -> 0x0213
mem[X,0x80026E6E] -> 0x0000
[4014] [M]: 0x80026E6C (0x00000213) addi tp, zero, 0
x4 <- 0x00000000


mem[X,0x80026E70] -> 0x006F
mem[X,0x80026E72] -> 0x00C0
[4015] [M]: 0x80026E70 (0x00C0006F) jal zero, 12


mem[X,0x80026E7C] -> 0x1063
mem[X,0x80026E7E] -> 0x20B5
[4016] [M]: 0x80026E7C (0x20B51063) bne a0, a1, 512


mem[X,0x8002707C] -> 0x0213
mem[X,0x8002707E] -> 0x0032
[4017] [M]: 0x8002707C (0x00320213) addi tp, tp, 3
x4 <- 0x00000003


mem[X,0x80027080] -> 0x006F
mem[X,0x80027082] -> 0x0040
[4018] [M]: 0x80027080 (0x0040006F) jal zero, 4


mem[X,0x80027084] -> 0xA823
mem[X,0x80027086] -> 0x6440
[4019] [M]: 0x80027084 (0x6440A823) sw tp, 1616(ra)
mem[0x800398B8] <- 0x00000003


mem[X,0x80027088] -> 0xB537
mem[X,0x8002708A] -> 0x0000
[4020] [M]: 0x80027088 (0x0000B537) lui a0, 11
x10 <- 0x0000B000


mem[X,0x8002708C] -> 0x0513
mem[X,0x8002708E] -> 0x5055
[4021] [M]: 0x8002708C (0x50550513) addi a0, a0, 1285
x10 <- 0x0000B505


mem[X,0x80027090] -> 0x0593
mem[X,0x80027092] -> 0x0020
[4022] [M]: 0x80027090 (0x00200593) addi a1, zero, 2
x11 <- 0x00000002


mem[X,0x80027094] -> 0x0213
mem[X,0x80027096] -> 0x0000
[4023] [M]: 0x80027094 (0x00000213) addi tp, zero, 0
x4 <- 0x00000000


mem[X,0x80027098] -> 0x006F
mem[X,0x8002709A] -> 0x00C0
[4024] [M]: 0x80027098 (0x00C0006F) jal zero, 12


mem[X,0x800270A4] -> 0x1063
mem[X,0x800270A6] -> 0x20B5
[4025] [M]: 0x800270A4 (0x20B51063) bne a0, a1, 512


mem[X,0x800272A4] -> 0x0213
mem[X,0x800272A6] -> 0x0032
[4026] [M]: 0x800272A4 (0x00320213) addi tp, tp, 3
x4 <- 0x00000003


mem[X,0x800272A8] -> 0x006F
mem[X,0x800272AA] -> 0x0040
[4027] [M]: 0x800272A8 (0x0040006F) jal zero, 4


mem[X,0x800272AC] -> 0xAA23
mem[X,0x800272AE] -> 0x6440
[4028] [M]: 0x800272AC (0x6440AA23) sw tp, 1620(ra)
mem[0x800398BC] <- 0x00000003


mem[X,0x800272B0] -> 0xB537
mem[X,0x800272B2] -> 0x0000
[4029] [M]: 0x800272B0 (0x0000B537) lui a0, 11
x10 <- 0x0000B000


mem[X,0x800272B4] -> 0x0513
mem[X,0x800272B6] -> 0x5055
[4030] [M]: 0x800272B4 (0x50550513) addi a0, a0, 1285
x10 <- 0x0000B505


mem[X,0x800272B8] -> 0x55B7
mem[X,0x800272BA] -> 0x5555
[4031] [M]: 0x800272B8 (0x555555B7) lui a1, 349525
x11 <- 0x55555000


mem[X,0x800272BC] -> 0x8593
mem[X,0x800272BE] -> 0x5545
[4032] [M]: 0x800272BC (0x55458593) addi a1, a1, 1364
x11 <- 0x55555554


mem[X,0x800272C0] -> 0x0213
mem[X,0x800272C2] -> 0x0000
[4033] [M]: 0x800272C0 (0x00000213) addi tp, zero, 0
x4 <- 0x00000000


mem[X,0x800272C4] -> 0x006F
mem[X,0x800272C6] -> 0x00C0
[4034] [M]: 0x800272C4 (0x00C0006F) jal zero, 12


mem[X,0x800272D0] -> 0x1863
mem[X,0x800272D2] -> 0x00B5
[4035] [M]: 0x800272D0 (0x00B51863) bne a0, a1, 16


mem[X,0x800272E0] -> 0x0213
mem[X,0x800272E2] -> 0x0032
[4036] [M]: 0x800272E0 (0x00320213) addi tp, tp, 3
x4 <- 0x00000003


mem[X,0x800272E4] -> 0x006F
mem[X,0x800272E6] -> 0x0040
[4037] [M]: 0x800272E4 (0x0040006F) jal zero, 4


mem[X,0x800272E8] -> 0xAC23
mem[X,0x800272EA] -> 0x6440
[4038] [M]: 0x800272E8 (0x6440AC23) sw tp, 1624(ra)
mem[0x800398C0] <- 0x00000003


mem[X,0x800272EC] -> 0xB537
mem[X,0x800272EE] -> 0x0000
[4039] [M]: 0x800272EC (0x0000B537) lui a0, 11
x10 <- 0x0000B000


mem[X,0x800272F0] -> 0x0513
mem[X,0x800272F2] -> 0x5055
[4040] [M]: 0x800272F0 (0x50550513) addi a0, a0, 1285
x10 <- 0x0000B505


mem[X,0x800272F4] -> 0x0593
mem[X,0x800272F6] -> 0x0000
[4041] [M]: 0x800272F4 (0x00000593) addi a1, zero, 0
x11 <- 0x00000000


mem[X,0x800272F8] -> 0x0213
mem[X,0x800272FA] -> 0x0000
[4042] [M]: 0x800272F8 (0x00000213) addi tp, zero, 0
x4 <- 0x00000000


mem[X,0x800272FC] -> 0x006F
mem[X,0x800272FE] -> 0x0180
[4043] [M]: 0x800272FC (0x0180006F) jal zero, 24


mem[X,0x80027314] -> 0x16E3
mem[X,0x80027316] -> 0xFEB5
[4044] [M]: 0x80027314 (0xFEB516E3) bne a0, a1, 8172


mem[X,0x80027300] -> 0x0213
mem[X,0x80027302] -> 0x0012
[4045] [M]: 0x80027300 (0x00120213) addi tp, tp, 1
x4 <- 0x00000001


mem[X,0x80027304] -> 0x006F
mem[X,0x80027306] -> 0x0240
[4046] [M]: 0x80027304 (0x0240006F) jal zero, 36


mem[X,0x80027328] -> 0xAE23
mem[X,0x8002732A] -> 0x6440
[4047] [M]: 0x80027328 (0x6440AE23) sw tp, 1628(ra)
mem[0x800398C4] <- 0x00000001


mem[X,0x8002732C] -> 0xB537
mem[X,0x8002732E] -> 0x0000
[4048] [M]: 0x8002732C (0x0000B537) lui a0, 11
x10 <- 0x0000B000


mem[X,0x80027330] -> 0x0513
mem[X,0x80027332] -> 0x5055
[4049] [M]: 0x80027330 (0x50550513) addi a0, a0, 1285
x10 <- 0x0000B505


mem[X,0x80027334] -> 0x0593
mem[X,0x80027336] -> 0x0040
[4050] [M]: 0x80027334 (0x00400593) addi a1, zero, 4
x11 <- 0x00000004


mem[X,0x80027338] -> 0x0213
mem[X,0x8002733A] -> 0x0000
[4051] [M]: 0x80027338 (0x00000213) addi tp, zero, 0
x4 <- 0x00000000


mem[X,0x8002733C] -> 0x006F
mem[X,0x8002733E] -> 0x00C0
[4052] [M]: 0x8002733C (0x00C0006F) jal zero, 12


mem[X,0x80027348] -> 0x1063
mem[X,0x8002734A] -> 0x08B5
[4053] [M]: 0x80027348 (0x08B51063) bne a0, a1, 128


mem[X,0x800273C8] -> 0x0213
mem[X,0x800273CA] -> 0x0032
[4054] [M]: 0x800273C8 (0x00320213) addi tp, tp, 3
x4 <- 0x00000003


mem[X,0x800273CC] -> 0x006F
mem[X,0x800273CE] -> 0x0040
[4055] [M]: 0x800273CC (0x0040006F) jal zero, 4


mem[X,0x800273D0] -> 0xA023
mem[X,0x800273D2] -> 0x6640
[4056] [M]: 0x800273D0 (0x6640A023) sw tp, 1632(ra)
mem[0x800398C8] <- 0x00000003


mem[X,0x800273D4] -> 0xB537
mem[X,0x800273D6] -> 0x0000
[4057] [M]: 0x800273D4 (0x0000B537) lui a0, 11
x10 <- 0x0000B000


mem[X,0x800273D8] -> 0x0513
mem[X,0x800273DA] -> 0x5055
[4058] [M]: 0x800273D8 (0x50550513) addi a0, a0, 1285
x10 <- 0x0000B505


mem[X,0x800273DC] -> 0x35B7
mem[X,0x800273DE] -> 0x3333
[4059] [M]: 0x800273DC (0x333335B7) lui a1, 209715
x11 <- 0x33333000


mem[X,0x800273E0] -> 0x8593
mem[X,0x800273E2] -> 0x3325
[4060] [M]: 0x800273E0 (0x33258593) addi a1, a1, 818
x11 <- 0x33333332


mem[X,0x800273E4] -> 0x0213
mem[X,0x800273E6] -> 0x0000
[4061] [M]: 0x800273E4 (0x00000213) addi tp, zero, 0
x4 <- 0x00000000


mem[X,0x800273E8] -> 0x006F
mem[X,0x800273EA] -> 0x00C0
[4062] [M]: 0x800273E8 (0x00C0006F) jal zero, 12


mem[X,0x800273F4] -> 0x1CE3
mem[X,0x800273F6] -> 0xFEB5
[4063] [M]: 0x800273F4 (0xFEB51CE3) bne a0, a1, 8184


mem[X,0x800273EC] -> 0x0213
mem[X,0x800273EE] -> 0x0012
[4064] [M]: 0x800273EC (0x00120213) addi tp, tp, 1
x4 <- 0x00000001


mem[X,0x800273F0] -> 0x006F
mem[X,0x800273F2] -> 0x0180
[4065] [M]: 0x800273F0 (0x0180006F) jal zero, 24


mem[X,0x80027408] -> 0xA223
mem[X,0x8002740A] -> 0x6640
[4066] [M]: 0x80027408 (0x6640A223) sw tp, 1636(ra)
mem[0x800398CC] <- 0x00000001


mem[X,0x8002740C] -> 0xB537
mem[X,0x8002740E] -> 0x0000
[4067] [M]: 0x8002740C (0x0000B537) lui a0, 11
x10 <- 0x0000B000


mem[X,0x80027410] -> 0x0513
mem[X,0x80027412] -> 0x5055
[4068] [M]: 0x80027410 (0x50550513) addi a0, a0, 1285
x10 <- 0x0000B505


mem[X,0x80027414] -> 0x65B7
mem[X,0x80027416] -> 0x6666
[4069] [M]: 0x80027414 (0x666665B7) lui a1, 419430
x11 <- 0x66666000


mem[X,0x80027418] -> 0x8593
mem[X,0x8002741A] -> 0x6655
[4070] [M]: 0x80027418 (0x66558593) addi a1, a1, 1637
x11 <- 0x66666665


mem[X,0x8002741C] -> 0x0213
mem[X,0x8002741E] -> 0x0000
[4071] [M]: 0x8002741C (0x00000213) addi tp, zero, 0
x4 <- 0x00000000


mem[X,0x80027420] -> 0x006F
mem[X,0x80027422] -> 0x00C0
[4072] [M]: 0x80027420 (0x00C0006F) jal zero, 12


mem[X,0x8002742C] -> 0x1063
mem[X,0x8002742E] -> 0x40B5
[4073] [M]: 0x8002742C (0x40B51063) bne a0, a1, 1024


mem[X,0x8002782C] -> 0x0213
mem[X,0x8002782E] -> 0x0032
[4074] [M]: 0x8002782C (0x00320213) addi tp, tp, 3
x4 <- 0x00000003


mem[X,0x80027830] -> 0x006F
mem[X,0x80027832] -> 0x0040
[4075] [M]: 0x80027830 (0x0040006F) jal zero, 4


mem[X,0x80027834] -> 0xA423
mem[X,0x80027836] -> 0x6640
[4076] [M]: 0x80027834 (0x6640A423) sw tp, 1640(ra)
mem[0x800398D0] <- 0x00000003


mem[X,0x80027838] -> 0xB537
mem[X,0x8002783A] -> 0x0000
[4077] [M]: 0x80027838 (0x0000B537) lui a0, 11
x10 <- 0x0000B000


mem[X,0x8002783C] -> 0x0513
mem[X,0x8002783E] -> 0x5055
[4078] [M]: 0x8002783C (0x50550513) addi a0, a0, 1285
x10 <- 0x0000B505


mem[X,0x80027840] -> 0xB5B7
mem[X,0x80027842] -> 0x0000
[4079] [M]: 0x80027840 (0x0000B5B7) lui a1, 11
x11 <- 0x0000B000


mem[X,0x80027844] -> 0x8593
mem[X,0x80027846] -> 0x5035
[4080] [M]: 0x80027844 (0x50358593) addi a1, a1, 1283
x11 <- 0x0000B503


mem[X,0x80027848] -> 0x0213
mem[X,0x8002784A] -> 0x0000
[4081] [M]: 0x80027848 (0x00000213) addi tp, zero, 0
x4 <- 0x00000000


mem[X,0x8002784C] -> 0x006F
mem[X,0x8002784E] -> 0x00C0
[4082] [M]: 0x8002784C (0x00C0006F) jal zero, 12


mem[X,0x80027858] -> 0x1063
mem[X,0x8002785A] -> 0x04B5
[4083] [M]: 0x80027858 (0x04B51063) bne a0, a1, 64


mem[X,0x80027898] -> 0x0213
mem[X,0x8002789A] -> 0x0032
[4084] [M]: 0x80027898 (0x00320213) addi tp, tp, 3
x4 <- 0x00000003


mem[X,0x8002789C] -> 0x006F
mem[X,0x8002789E] -> 0x0040
[4085] [M]: 0x8002789C (0x0040006F) jal zero, 4


mem[X,0x800278A0] -> 0xA623
mem[X,0x800278A2] -> 0x6640
[4086] [M]: 0x800278A0 (0x6640A623) sw tp, 1644(ra)
mem[0x800398D4] <- 0x00000003


mem[X,0x800278A4] -> 0xB537
mem[X,0x800278A6] -> 0x0000
[4087] [M]: 0x800278A4 (0x0000B537) lui a0, 11
x10 <- 0x0000B000


mem[X,0x800278A8] -> 0x0513
mem[X,0x800278AA] -> 0x5055
[4088] [M]: 0x800278A8 (0x50550513) addi a0, a0, 1285
x10 <- 0x0000B505


mem[X,0x800278AC] -> 0x55B7
mem[X,0x800278AE] -> 0x5555
[4089] [M]: 0x800278AC (0x555555B7) lui a1, 349525
x11 <- 0x55555000


mem[X,0x800278B0] -> 0x8593
mem[X,0x800278B2] -> 0x5565
[4090] [M]: 0x800278B0 (0x55658593) addi a1, a1, 1366
x11 <- 0x55555556


mem[X,0x800278B4] -> 0x0213
mem[X,0x800278B6] -> 0x0000
[4091] [M]: 0x800278B4 (0x00000213) addi tp, zero, 0
x4 <- 0x00000000


mem[X,0x800278B8] -> 0x006F
mem[X,0x800278BA] -> 0x00C0
[4092] [M]: 0x800278B8 (0x00C0006F) jal zero, 12


mem[X,0x800278C4] -> 0x1063
mem[X,0x800278C6] -> 0x40B5
[4093] [M]: 0x800278C4 (0x40B51063) bne a0, a1, 1024


mem[X,0x80027CC4] -> 0x0213
mem[X,0x80027CC6] -> 0x0032
[4094] [M]: 0x80027CC4 (0x00320213) addi tp, tp, 3
x4 <- 0x00000003


mem[X,0x80027CC8] -> 0x006F
mem[X,0x80027CCA] -> 0x0040
[4095] [M]: 0x80027CC8 (0x0040006F) jal zero, 4


mem[X,0x80027CCC] -> 0xA823
mem[X,0x80027CCE] -> 0x6640
[4096] [M]: 0x80027CCC (0x6640A823) sw tp, 1648(ra)
mem[0x800398D8] <- 0x00000003


mem[X,0x80027CD0] -> 0xB537
mem[X,0x80027CD2] -> 0x0000
[4097] [M]: 0x80027CD0 (0x0000B537) lui a0, 11
x10 <- 0x0000B000


mem[X,0x80027CD4] -> 0x0513
mem[X,0x80027CD6] -> 0x5055
[4098] [M]: 0x80027CD4 (0x50550513) addi a0, a0, 1285
x10 <- 0x0000B505


mem[X,0x80027CD8] -> 0xB5B7
mem[X,0x80027CDA] -> 0xAAAA
[4099] [M]: 0x80027CD8 (0xAAAAB5B7) lui a1, 699051
x11 <- 0xAAAAB000


clint::tick mtime <- 0x0000000000000029
 clint timer pending at mtime 0x0000000000000029
htif::tick 0x0000000000000000
mem[X,0x80027CDC] -> 0x8593
mem[X,0x80027CDE] -> 0xAAB5
[4100] [M]: 0x80027CDC (0xAAB58593) addi a1, a1, 2731
x11 <- 0xAAAAAAAB


mem[X,0x80027CE0] -> 0x0213
mem[X,0x80027CE2] -> 0x0000
[4101] [M]: 0x80027CE0 (0x00000213) addi tp, zero, 0
x4 <- 0x00000000


mem[X,0x80027CE4] -> 0x006F
mem[X,0x80027CE6] -> 0x00C0
[4102] [M]: 0x80027CE4 (0x00C0006F) jal zero, 12


mem[X,0x80027CF0] -> 0x1663
mem[X,0x80027CF2] -> 0x00B5
[4103] [M]: 0x80027CF0 (0x00B51663) bne a0, a1, 12


mem[X,0x80027CFC] -> 0x0213
mem[X,0x80027CFE] -> 0x0032
[4104] [M]: 0x80027CFC (0x00320213) addi tp, tp, 3
x4 <- 0x00000003


mem[X,0x80027D00] -> 0x006F
mem[X,0x80027D02] -> 0x0040
[4105] [M]: 0x80027D00 (0x0040006F) jal zero, 4


mem[X,0x80027D04] -> 0xAA23
mem[X,0x80027D06] -> 0x6640
[4106] [M]: 0x80027D04 (0x6640AA23) sw tp, 1652(ra)
mem[0x800398DC] <- 0x00000003


mem[X,0x80027D08] -> 0xB537
mem[X,0x80027D0A] -> 0x0000
[4107] [M]: 0x80027D08 (0x0000B537) lui a0, 11
x10 <- 0x0000B000


mem[X,0x80027D0C] -> 0x0513
mem[X,0x80027D0E] -> 0x5055
[4108] [M]: 0x80027D0C (0x50550513) addi a0, a0, 1285
x10 <- 0x0000B505


mem[X,0x80027D10] -> 0x0593
mem[X,0x80027D12] -> 0x0060
[4109] [M]: 0x80027D10 (0x00600593) addi a1, zero, 6
x11 <- 0x00000006


mem[X,0x80027D14] -> 0x0213
mem[X,0x80027D16] -> 0x0000
[4110] [M]: 0x80027D14 (0x00000213) addi tp, zero, 0
x4 <- 0x00000000


mem[X,0x80027D18] -> 0x006F
mem[X,0x80027D1A] -> 0x00C0
[4111] [M]: 0x80027D18 (0x00C0006F) jal zero, 12


mem[X,0x80027D24] -> 0x1663
mem[X,0x80027D26] -> 0x00B5
[4112] [M]: 0x80027D24 (0x00B51663) bne a0, a1, 12


mem[X,0x80027D30] -> 0x0213
mem[X,0x80027D32] -> 0x0032
[4113] [M]: 0x80027D30 (0x00320213) addi tp, tp, 3
x4 <- 0x00000003


mem[X,0x80027D34] -> 0x006F
mem[X,0x80027D36] -> 0x0040
[4114] [M]: 0x80027D34 (0x0040006F) jal zero, 4


mem[X,0x80027D38] -> 0xAC23
mem[X,0x80027D3A] -> 0x6640
[4115] [M]: 0x80027D38 (0x6640AC23) sw tp, 1656(ra)
mem[0x800398E0] <- 0x00000003


mem[X,0x80027D3C] -> 0xB537
mem[X,0x80027D3E] -> 0x0000
[4116] [M]: 0x80027D3C (0x0000B537) lui a0, 11
x10 <- 0x0000B000


mem[X,0x80027D40] -> 0x0513
mem[X,0x80027D42] -> 0x5055
[4117] [M]: 0x80027D40 (0x50550513) addi a0, a0, 1285
x10 <- 0x0000B505


mem[X,0x80027D44] -> 0x35B7
mem[X,0x80027D46] -> 0x3333
[4118] [M]: 0x80027D44 (0x333335B7) lui a1, 209715
x11 <- 0x33333000


mem[X,0x80027D48] -> 0x8593
mem[X,0x80027D4A] -> 0x3345
[4119] [M]: 0x80027D48 (0x33458593) addi a1, a1, 820
x11 <- 0x33333334


mem[X,0x80027D4C] -> 0x0213
mem[X,0x80027D4E] -> 0x0000
[4120] [M]: 0x80027D4C (0x00000213) addi tp, zero, 0
x4 <- 0x00000000


mem[X,0x80027D50] -> 0x006F
mem[X,0x80027D52] -> 0x0100
[4121] [M]: 0x80027D50 (0x0100006F) jal zero, 16


mem[X,0x80027D60] -> 0x1AE3
mem[X,0x80027D62] -> 0xFEB5
[4122] [M]: 0x80027D60 (0xFEB51AE3) bne a0, a1, 8180


mem[X,0x80027D54] -> 0x0213
mem[X,0x80027D56] -> 0x0012
[4123] [M]: 0x80027D54 (0x00120213) addi tp, tp, 1
x4 <- 0x00000001


mem[X,0x80027D58] -> 0x006F
mem[X,0x80027D5A] -> 0x01C0
[4124] [M]: 0x80027D58 (0x01C0006F) jal zero, 28


mem[X,0x80027D74] -> 0xAE23
mem[X,0x80027D76] -> 0x6640
[4125] [M]: 0x80027D74 (0x6640AE23) sw tp, 1660(ra)
mem[0x800398E4] <- 0x00000001


mem[X,0x80027D78] -> 0xB537
mem[X,0x80027D7A] -> 0x0000
[4126] [M]: 0x80027D78 (0x0000B537) lui a0, 11
x10 <- 0x0000B000


mem[X,0x80027D7C] -> 0x0513
mem[X,0x80027D7E] -> 0x5055
[4127] [M]: 0x80027D7C (0x50550513) addi a0, a0, 1285
x10 <- 0x0000B505


mem[X,0x80027D80] -> 0x65B7
mem[X,0x80027D82] -> 0x6666
[4128] [M]: 0x80027D80 (0x666665B7) lui a1, 419430
x11 <- 0x66666000


mem[X,0x80027D84] -> 0x8593
mem[X,0x80027D86] -> 0x6675
[4129] [M]: 0x80027D84 (0x66758593) addi a1, a1, 1639
x11 <- 0x66666667


mem[X,0x80027D88] -> 0x0213
mem[X,0x80027D8A] -> 0x0000
[4130] [M]: 0x80027D88 (0x00000213) addi tp, zero, 0
x4 <- 0x00000000


mem[X,0x80027D8C] -> 0x006F
mem[X,0x80027D8E] -> 0x00C0
[4131] [M]: 0x80027D8C (0x00C0006F) jal zero, 12


mem[X,0x80027D98] -> 0x1663
mem[X,0x80027D9A] -> 0x00B5
[4132] [M]: 0x80027D98 (0x00B51663) bne a0, a1, 12


mem[X,0x80027DA4] -> 0x0213
mem[X,0x80027DA6] -> 0x0032
[4133] [M]: 0x80027DA4 (0x00320213) addi tp, tp, 3
x4 <- 0x00000003


mem[X,0x80027DA8] -> 0x006F
mem[X,0x80027DAA] -> 0x0040
[4134] [M]: 0x80027DA8 (0x0040006F) jal zero, 4


mem[X,0x80027DAC] -> 0xA023
mem[X,0x80027DAE] -> 0x6840
[4135] [M]: 0x80027DAC (0x6840A023) sw tp, 1664(ra)
mem[0x800398E8] <- 0x00000003


mem[X,0x80027DB0] -> 0xB537
mem[X,0x80027DB2] -> 0x0000
[4136] [M]: 0x80027DB0 (0x0000B537) lui a0, 11
x10 <- 0x0000B000


mem[X,0x80027DB4] -> 0x0513
mem[X,0x80027DB6] -> 0x5055
[4137] [M]: 0x80027DB4 (0x50550513) addi a0, a0, 1285
x10 <- 0x0000B505


mem[X,0x80027DB8] -> 0x55B7
mem[X,0x80027DBA] -> 0xFFFF
[4138] [M]: 0x80027DB8 (0xFFFF55B7) lui a1, 1048565
x11 <- 0xFFFF5000


mem[X,0x80027DBC] -> 0x8593
mem[X,0x80027DBE] -> 0xAFD5
[4139] [M]: 0x80027DBC (0xAFD58593) addi a1, a1, 2813
x11 <- 0xFFFF4AFD


mem[X,0x80027DC0] -> 0x0213
mem[X,0x80027DC2] -> 0x0000
[4140] [M]: 0x80027DC0 (0x00000213) addi tp, zero, 0
x4 <- 0x00000000


mem[X,0x80027DC4] -> 0x006F
mem[X,0x80027DC6] -> 0x0100
[4141] [M]: 0x80027DC4 (0x0100006F) jal zero, 16


mem[X,0x80027DD4] -> 0x1AE3
mem[X,0x80027DD6] -> 0xFEB5
[4142] [M]: 0x80027DD4 (0xFEB51AE3) bne a0, a1, 8180


mem[X,0x80027DC8] -> 0x0213
mem[X,0x80027DCA] -> 0x0012
[4143] [M]: 0x80027DC8 (0x00120213) addi tp, tp, 1
x4 <- 0x00000001


mem[X,0x80027DCC] -> 0x006F
mem[X,0x80027DCE] -> 0x01C0
[4144] [M]: 0x80027DCC (0x01C0006F) jal zero, 28


mem[X,0x80027DE8] -> 0xA223
mem[X,0x80027DEA] -> 0x6840
[4145] [M]: 0x80027DE8 (0x6840A223) sw tp, 1668(ra)
mem[0x800398EC] <- 0x00000001


mem[X,0x80027DEC] -> 0xB537
mem[X,0x80027DEE] -> 0x0000
[4146] [M]: 0x80027DEC (0x0000B537) lui a0, 11
x10 <- 0x0000B000


mem[X,0x80027DF0] -> 0x0513
mem[X,0x80027DF2] -> 0x5055
[4147] [M]: 0x80027DF0 (0x50550513) addi a0, a0, 1285
x10 <- 0x0000B505


mem[X,0x80027DF4] -> 0xB5B7
mem[X,0x80027DF6] -> 0x0000
[4148] [M]: 0x80027DF4 (0x0000B5B7) lui a1, 11
x11 <- 0x0000B000


mem[X,0x80027DF8] -> 0x8593
mem[X,0x80027DFA] -> 0x5055
[4149] [M]: 0x80027DF8 (0x50558593) addi a1, a1, 1285
x11 <- 0x0000B505


mem[X,0x80027DFC] -> 0x0213
mem[X,0x80027DFE] -> 0x0000
[4150] [M]: 0x80027DFC (0x00000213) addi tp, zero, 0
x4 <- 0x00000000


mem[X,0x80027E00] -> 0x006F
mem[X,0x80027E02] -> 0x00C0
[4151] [M]: 0x80027E00 (0x00C0006F) jal zero, 12


mem[X,0x80027E0C] -> 0x1063
mem[X,0x80027E0E] -> 0x10B5
[4152] [M]: 0x80027E0C (0x10B51063) bne a0, a1, 256


mem[X,0x80027E10] -> 0x0213
mem[X,0x80027E12] -> 0x0022
[4153] [M]: 0x80027E10 (0x00220213) addi tp, tp, 2
x4 <- 0x00000002


mem[X,0x80027E14] -> 0x006F
mem[X,0x80027E16] -> 0x1000
[4154] [M]: 0x80027E14 (0x1000006F) jal zero, 256


mem[X,0x80027F14] -> 0xA423
mem[X,0x80027F16] -> 0x6840
[4155] [M]: 0x80027F14 (0x6840A423) sw tp, 1672(ra)
mem[0x800398F0] <- 0x00000002


mem[X,0x80027F18] -> 0x0513
mem[X,0x80027F1A] -> 0x0000
[4156] [M]: 0x80027F18 (0x00000513) addi a0, zero, 0
x10 <- 0x00000000


mem[X,0x80027F1C] -> 0x0593
mem[X,0x80027F1E] -> 0x0020
[4157] [M]: 0x80027F1C (0x00200593) addi a1, zero, 2
x11 <- 0x00000002


mem[X,0x80027F20] -> 0x0213
mem[X,0x80027F22] -> 0x0000
[4158] [M]: 0x80027F20 (0x00000213) addi tp, zero, 0
x4 <- 0x00000000


mem[X,0x80027F24] -> 0x006F
mem[X,0x80027F26] -> 0x00C0
[4159] [M]: 0x80027F24 (0x00C0006F) jal zero, 12


mem[X,0x80027F30] -> 0x1663
mem[X,0x80027F32] -> 0x00B5
[4160] [M]: 0x80027F30 (0x00B51663) bne a0, a1, 12


mem[X,0x80027F3C] -> 0x0213
mem[X,0x80027F3E] -> 0x0032
[4161] [M]: 0x80027F3C (0x00320213) addi tp, tp, 3
x4 <- 0x00000003


mem[X,0x80027F40] -> 0x006F
mem[X,0x80027F42] -> 0x0040
[4162] [M]: 0x80027F40 (0x0040006F) jal zero, 4


mem[X,0x80027F44] -> 0xA623
mem[X,0x80027F46] -> 0x6840
[4163] [M]: 0x80027F44 (0x6840A623) sw tp, 1676(ra)
mem[0x800398F4] <- 0x00000003


mem[X,0x80027F48] -> 0x0513
mem[X,0x80027F4A] -> 0x0000
[4164] [M]: 0x80027F48 (0x00000513) addi a0, zero, 0
x10 <- 0x00000000


mem[X,0x80027F4C] -> 0x55B7
mem[X,0x80027F4E] -> 0x5555
[4165] [M]: 0x80027F4C (0x555555B7) lui a1, 349525
x11 <- 0x55555000


mem[X,0x80027F50] -> 0x8593
mem[X,0x80027F52] -> 0x5545
[4166] [M]: 0x80027F50 (0x55458593) addi a1, a1, 1364
x11 <- 0x55555554


mem[X,0x80027F54] -> 0x0213
mem[X,0x80027F56] -> 0x0000
[4167] [M]: 0x80027F54 (0x00000213) addi tp, zero, 0
x4 <- 0x00000000


mem[X,0x80027F58] -> 0x006F
mem[X,0x80027F5A] -> 0x00C0
[4168] [M]: 0x80027F58 (0x00C0006F) jal zero, 12


mem[X,0x80027F64] -> 0x1063
mem[X,0x80027F66] -> 0x02B5
[4169] [M]: 0x80027F64 (0x02B51063) bne a0, a1, 32


mem[X,0x80027F84] -> 0x0213
mem[X,0x80027F86] -> 0x0032
[4170] [M]: 0x80027F84 (0x00320213) addi tp, tp, 3
x4 <- 0x00000003


mem[X,0x80027F88] -> 0x006F
mem[X,0x80027F8A] -> 0x0040
[4171] [M]: 0x80027F88 (0x0040006F) jal zero, 4


mem[X,0x80027F8C] -> 0xA823
mem[X,0x80027F8E] -> 0x6840
[4172] [M]: 0x80027F8C (0x6840A823) sw tp, 1680(ra)
mem[0x800398F8] <- 0x00000003


mem[X,0x80027F90] -> 0x0513
mem[X,0x80027F92] -> 0x0000
[4173] [M]: 0x80027F90 (0x00000513) addi a0, zero, 0
x10 <- 0x00000000


mem[X,0x80027F94] -> 0x0593
mem[X,0x80027F96] -> 0x0000
[4174] [M]: 0x80027F94 (0x00000593) addi a1, zero, 0
x11 <- 0x00000000


mem[X,0x80027F98] -> 0x0213
mem[X,0x80027F9A] -> 0x0000
[4175] [M]: 0x80027F98 (0x00000213) addi tp, zero, 0
x4 <- 0x00000000


mem[X,0x80027F9C] -> 0x006F
mem[X,0x80027F9E] -> 0x00C0
[4176] [M]: 0x80027F9C (0x00C0006F) jal zero, 12


mem[X,0x80027FA8] -> 0x1063
mem[X,0x80027FAA] -> 0x10B5
[4177] [M]: 0x80027FA8 (0x10B51063) bne a0, a1, 256


mem[X,0x80027FAC] -> 0x0213
mem[X,0x80027FAE] -> 0x0022
[4178] [M]: 0x80027FAC (0x00220213) addi tp, tp, 2
x4 <- 0x00000002


mem[X,0x80027FB0] -> 0x006F
mem[X,0x80027FB2] -> 0x1000
[4179] [M]: 0x80027FB0 (0x1000006F) jal zero, 256


mem[X,0x800280B0] -> 0xAA23
mem[X,0x800280B2] -> 0x6840
[4180] [M]: 0x800280B0 (0x6840AA23) sw tp, 1684(ra)
mem[0x800398FC] <- 0x00000002


mem[X,0x800280B4] -> 0x0513
mem[X,0x800280B6] -> 0x0000
[4181] [M]: 0x800280B4 (0x00000513) addi a0, zero, 0
x10 <- 0x00000000


mem[X,0x800280B8] -> 0x0593
mem[X,0x800280BA] -> 0x0040
[4182] [M]: 0x800280B8 (0x00400593) addi a1, zero, 4
x11 <- 0x00000004


mem[X,0x800280BC] -> 0x0213
mem[X,0x800280BE] -> 0x0000
[4183] [M]: 0x800280BC (0x00000213) addi tp, zero, 0
x4 <- 0x00000000


mem[X,0x800280C0] -> 0x006F
mem[X,0x800280C2] -> 0x00C0
[4184] [M]: 0x800280C0 (0x00C0006F) jal zero, 12


mem[X,0x800280CC] -> 0x1CE3
mem[X,0x800280CE] -> 0xFEB5
[4185] [M]: 0x800280CC (0xFEB51CE3) bne a0, a1, 8184


mem[X,0x800280C4] -> 0x0213
mem[X,0x800280C6] -> 0x0012
[4186] [M]: 0x800280C4 (0x00120213) addi tp, tp, 1
x4 <- 0x00000001


mem[X,0x800280C8] -> 0x006F
mem[X,0x800280CA] -> 0x0180
[4187] [M]: 0x800280C8 (0x0180006F) jal zero, 24


mem[X,0x800280E0] -> 0xAC23
mem[X,0x800280E2] -> 0x6840
[4188] [M]: 0x800280E0 (0x6840AC23) sw tp, 1688(ra)
mem[0x80039900] <- 0x00000001


mem[X,0x800280E4] -> 0x0513
mem[X,0x800280E6] -> 0x0000
[4189] [M]: 0x800280E4 (0x00000513) addi a0, zero, 0
x10 <- 0x00000000


mem[X,0x800280E8] -> 0x35B7
mem[X,0x800280EA] -> 0x3333
[4190] [M]: 0x800280E8 (0x333335B7) lui a1, 209715
x11 <- 0x33333000


mem[X,0x800280EC] -> 0x8593
mem[X,0x800280EE] -> 0x3325
[4191] [M]: 0x800280EC (0x33258593) addi a1, a1, 818
x11 <- 0x33333332


mem[X,0x800280F0] -> 0x0213
mem[X,0x800280F2] -> 0x0000
[4192] [M]: 0x800280F0 (0x00000213) addi tp, zero, 0
x4 <- 0x00000000


mem[X,0x800280F4] -> 0x006F
mem[X,0x800280F6] -> 0x00C0
[4193] [M]: 0x800280F4 (0x00C0006F) jal zero, 12


mem[X,0x80028100] -> 0x1663
mem[X,0x80028102] -> 0x00B5
[4194] [M]: 0x80028100 (0x00B51663) bne a0, a1, 12


mem[X,0x8002810C] -> 0x0213
mem[X,0x8002810E] -> 0x0032
[4195] [M]: 0x8002810C (0x00320213) addi tp, tp, 3
x4 <- 0x00000003


mem[X,0x80028110] -> 0x006F
mem[X,0x80028112] -> 0x0040
[4196] [M]: 0x80028110 (0x0040006F) jal zero, 4


mem[X,0x80028114] -> 0xAE23
mem[X,0x80028116] -> 0x6840
[4197] [M]: 0x80028114 (0x6840AE23) sw tp, 1692(ra)
mem[0x80039904] <- 0x00000003


mem[X,0x80028118] -> 0x0513
mem[X,0x8002811A] -> 0x0000
[4198] [M]: 0x80028118 (0x00000513) addi a0, zero, 0
x10 <- 0x00000000


mem[X,0x8002811C] -> 0x65B7
mem[X,0x8002811E] -> 0x6666
[4199] [M]: 0x8002811C (0x666665B7) lui a1, 419430
x11 <- 0x66666000


clint::tick mtime <- 0x000000000000002A
 clint timer pending at mtime 0x000000000000002A
htif::tick 0x0000000000000000
mem[X,0x80028120] -> 0x8593
mem[X,0x80028122] -> 0x6655
[4200] [M]: 0x80028120 (0x66558593) addi a1, a1, 1637
x11 <- 0x66666665


mem[X,0x80028124] -> 0x0213
mem[X,0x80028126] -> 0x0000
[4201] [M]: 0x80028124 (0x00000213) addi tp, zero, 0
x4 <- 0x00000000


mem[X,0x80028128] -> 0x006F
mem[X,0x8002812A] -> 0x00C0
[4202] [M]: 0x80028128 (0x00C0006F) jal zero, 12


mem[X,0x80028134] -> 0x1CE3
mem[X,0x80028136] -> 0xFEB5
[4203] [M]: 0x80028134 (0xFEB51CE3) bne a0, a1, 8184


mem[X,0x8002812C] -> 0x0213
mem[X,0x8002812E] -> 0x0012
[4204] [M]: 0x8002812C (0x00120213) addi tp, tp, 1
x4 <- 0x00000001


mem[X,0x80028130] -> 0x006F
mem[X,0x80028132] -> 0x0180
[4205] [M]: 0x80028130 (0x0180006F) jal zero, 24


mem[X,0x80028148] -> 0xA023
mem[X,0x8002814A] -> 0x6A40
[4206] [M]: 0x80028148 (0x6A40A023) sw tp, 1696(ra)
mem[0x80039908] <- 0x00000001


mem[X,0x8002814C] -> 0x0513
mem[X,0x8002814E] -> 0x0000
[4207] [M]: 0x8002814C (0x00000513) addi a0, zero, 0
x10 <- 0x00000000


mem[X,0x80028150] -> 0xB5B7
mem[X,0x80028152] -> 0x0000
[4208] [M]: 0x80028150 (0x0000B5B7) lui a1, 11
x11 <- 0x0000B000


mem[X,0x80028154] -> 0x8593
mem[X,0x80028156] -> 0x5035
[4209] [M]: 0x80028154 (0x50358593) addi a1, a1, 1283
x11 <- 0x0000B503


mem[X,0x80028158] -> 0x0213
mem[X,0x8002815A] -> 0x0000
[4210] [M]: 0x80028158 (0x00000213) addi tp, zero, 0
x4 <- 0x00000000


mem[X,0x8002815C] -> 0x006F
mem[X,0x8002815E] -> 0x00C0
[4211] [M]: 0x8002815C (0x00C0006F) jal zero, 12


mem[X,0x80028168] -> 0x1CE3
mem[X,0x8002816A] -> 0xFEB5
[4212] [M]: 0x80028168 (0xFEB51CE3) bne a0, a1, 8184


mem[X,0x80028160] -> 0x0213
mem[X,0x80028162] -> 0x0012
[4213] [M]: 0x80028160 (0x00120213) addi tp, tp, 1
x4 <- 0x00000001


mem[X,0x80028164] -> 0x006F
mem[X,0x80028166] -> 0x0180
[4214] [M]: 0x80028164 (0x0180006F) jal zero, 24


mem[X,0x8002817C] -> 0xA223
mem[X,0x8002817E] -> 0x6A40
[4215] [M]: 0x8002817C (0x6A40A223) sw tp, 1700(ra)
mem[0x8003990C] <- 0x00000001


mem[X,0x80028180] -> 0x0513
mem[X,0x80028182] -> 0x0000
[4216] [M]: 0x80028180 (0x00000513) addi a0, zero, 0
x10 <- 0x00000000


mem[X,0x80028184] -> 0x55B7
mem[X,0x80028186] -> 0x5555
[4217] [M]: 0x80028184 (0x555555B7) lui a1, 349525
x11 <- 0x55555000


mem[X,0x80028188] -> 0x8593
mem[X,0x8002818A] -> 0x5565
[4218] [M]: 0x80028188 (0x55658593) addi a1, a1, 1366
x11 <- 0x55555556


mem[X,0x8002818C] -> 0x0213
mem[X,0x8002818E] -> 0x0000
[4219] [M]: 0x8002818C (0x00000213) addi tp, zero, 0
x4 <- 0x00000000


mem[X,0x80028190] -> 0x006F
mem[X,0x80028192] -> 0x00C0
[4220] [M]: 0x80028190 (0x00C0006F) jal zero, 12


mem[X,0x8002819C] -> 0x1CE3
mem[X,0x8002819E] -> 0xFEB5
[4221] [M]: 0x8002819C (0xFEB51CE3) bne a0, a1, 8184


mem[X,0x80028194] -> 0x0213
mem[X,0x80028196] -> 0x0012
[4222] [M]: 0x80028194 (0x00120213) addi tp, tp, 1
x4 <- 0x00000001


mem[X,0x80028198] -> 0x006F
mem[X,0x8002819A] -> 0x0180
[4223] [M]: 0x80028198 (0x0180006F) jal zero, 24


mem[X,0x800281B0] -> 0xA423
mem[X,0x800281B2] -> 0x6A40
[4224] [M]: 0x800281B0 (0x6A40A423) sw tp, 1704(ra)
mem[0x80039910] <- 0x00000001


mem[X,0x800281B4] -> 0x0513
mem[X,0x800281B6] -> 0x0000
[4225] [M]: 0x800281B4 (0x00000513) addi a0, zero, 0
x10 <- 0x00000000


mem[X,0x800281B8] -> 0xB5B7
mem[X,0x800281BA] -> 0xAAAA
[4226] [M]: 0x800281B8 (0xAAAAB5B7) lui a1, 699051
x11 <- 0xAAAAB000


mem[X,0x800281BC] -> 0x8593
mem[X,0x800281BE] -> 0xAAB5
[4227] [M]: 0x800281BC (0xAAB58593) addi a1, a1, 2731
x11 <- 0xAAAAAAAB


mem[X,0x800281C0] -> 0x0213
mem[X,0x800281C2] -> 0x0000
[4228] [M]: 0x800281C0 (0x00000213) addi tp, zero, 0
x4 <- 0x00000000


mem[X,0x800281C4] -> 0x006F
mem[X,0x800281C6] -> 0x00C0
[4229] [M]: 0x800281C4 (0x00C0006F) jal zero, 12


mem[X,0x800281D0] -> 0x1CE3
mem[X,0x800281D2] -> 0xFEB5
[4230] [M]: 0x800281D0 (0xFEB51CE3) bne a0, a1, 8184


mem[X,0x800281C8] -> 0x0213
mem[X,0x800281CA] -> 0x0012
[4231] [M]: 0x800281C8 (0x00120213) addi tp, tp, 1
x4 <- 0x00000001


mem[X,0x800281CC] -> 0x006F
mem[X,0x800281CE] -> 0x0180
[4232] [M]: 0x800281CC (0x0180006F) jal zero, 24


mem[X,0x800281E4] -> 0xA623
mem[X,0x800281E6] -> 0x6A40
[4233] [M]: 0x800281E4 (0x6A40A623) sw tp, 1708(ra)
mem[0x80039914] <- 0x00000001


mem[X,0x800281E8] -> 0x0513
mem[X,0x800281EA] -> 0x0000
[4234] [M]: 0x800281E8 (0x00000513) addi a0, zero, 0
x10 <- 0x00000000


mem[X,0x800281EC] -> 0x0593
mem[X,0x800281EE] -> 0x0060
[4235] [M]: 0x800281EC (0x00600593) addi a1, zero, 6
x11 <- 0x00000006


mem[X,0x800281F0] -> 0x0213
mem[X,0x800281F2] -> 0x0000
[4236] [M]: 0x800281F0 (0x00000213) addi tp, zero, 0
x4 <- 0x00000000


mem[X,0x800281F4] -> 0x006F
mem[X,0x800281F6] -> 0x00C0
[4237] [M]: 0x800281F4 (0x00C0006F) jal zero, 12


mem[X,0x80028200] -> 0x1663
mem[X,0x80028202] -> 0x00B5
[4238] [M]: 0x80028200 (0x00B51663) bne a0, a1, 12


mem[X,0x8002820C] -> 0x0213
mem[X,0x8002820E] -> 0x0032
[4239] [M]: 0x8002820C (0x00320213) addi tp, tp, 3
x4 <- 0x00000003


mem[X,0x80028210] -> 0x006F
mem[X,0x80028212] -> 0x0040
[4240] [M]: 0x80028210 (0x0040006F) jal zero, 4


mem[X,0x80028214] -> 0xA823
mem[X,0x80028216] -> 0x6A40
[4241] [M]: 0x80028214 (0x6A40A823) sw tp, 1712(ra)
mem[0x80039918] <- 0x00000003


mem[X,0x80028218] -> 0x0513
mem[X,0x8002821A] -> 0x0000
[4242] [M]: 0x80028218 (0x00000513) addi a0, zero, 0
x10 <- 0x00000000


mem[X,0x8002821C] -> 0x35B7
mem[X,0x8002821E] -> 0x3333
[4243] [M]: 0x8002821C (0x333335B7) lui a1, 209715
x11 <- 0x33333000


mem[X,0x80028220] -> 0x8593
mem[X,0x80028222] -> 0x3345
[4244] [M]: 0x80028220 (0x33458593) addi a1, a1, 820
x11 <- 0x33333334


mem[X,0x80028224] -> 0x0213
mem[X,0x80028226] -> 0x0000
[4245] [M]: 0x80028224 (0x00000213) addi tp, zero, 0
x4 <- 0x00000000


mem[X,0x80028228] -> 0x006F
mem[X,0x8002822A] -> 0x00C0
[4246] [M]: 0x80028228 (0x00C0006F) jal zero, 12


mem[X,0x80028234] -> 0x1CE3
mem[X,0x80028236] -> 0xFEB5
[4247] [M]: 0x80028234 (0xFEB51CE3) bne a0, a1, 8184


mem[X,0x8002822C] -> 0x0213
mem[X,0x8002822E] -> 0x0012
[4248] [M]: 0x8002822C (0x00120213) addi tp, tp, 1
x4 <- 0x00000001


mem[X,0x80028230] -> 0x006F
mem[X,0x80028232] -> 0x0180
[4249] [M]: 0x80028230 (0x0180006F) jal zero, 24


mem[X,0x80028248] -> 0xAA23
mem[X,0x8002824A] -> 0x6A40
[4250] [M]: 0x80028248 (0x6A40AA23) sw tp, 1716(ra)
mem[0x8003991C] <- 0x00000001


mem[X,0x8002824C] -> 0x0513
mem[X,0x8002824E] -> 0x0000
[4251] [M]: 0x8002824C (0x00000513) addi a0, zero, 0
x10 <- 0x00000000


mem[X,0x80028250] -> 0x65B7
mem[X,0x80028252] -> 0x6666
[4252] [M]: 0x80028250 (0x666665B7) lui a1, 419430
x11 <- 0x66666000


mem[X,0x80028254] -> 0x8593
mem[X,0x80028256] -> 0x6675
[4253] [M]: 0x80028254 (0x66758593) addi a1, a1, 1639
x11 <- 0x66666667


mem[X,0x80028258] -> 0x0213
mem[X,0x8002825A] -> 0x0000
[4254] [M]: 0x80028258 (0x00000213) addi tp, zero, 0
x4 <- 0x00000000


mem[X,0x8002825C] -> 0x006F
mem[X,0x8002825E] -> 0x2B10
[4255] [M]: 0x8002825C (0x2B10006F) jal zero, 2736


mem[X,0x80028D0C] -> 0x1A63
mem[X,0x80028D0E] -> 0xD4B5
[4256] [M]: 0x80028D0C (0xD4B51A63) bne a0, a1, 5460


mem[X,0x80028260] -> 0x0213
mem[X,0x80028262] -> 0x0012
[4257] [M]: 0x80028260 (0x00120213) addi tp, tp, 1
x4 <- 0x00000001


mem[X,0x80028264] -> 0x006F
mem[X,0x80028266] -> 0x2BD0
[4258] [M]: 0x80028264 (0x2BD0006F) jal zero, 2748


mem[X,0x80028D20] -> 0xAC23
mem[X,0x80028D22] -> 0x6A40
[4259] [M]: 0x80028D20 (0x6A40AC23) sw tp, 1720(ra)
mem[0x80039920] <- 0x00000001


mem[X,0x80028D24] -> 0x0513
mem[X,0x80028D26] -> 0x0000
[4260] [M]: 0x80028D24 (0x00000513) addi a0, zero, 0
x10 <- 0x00000000


mem[X,0x80028D28] -> 0x55B7
mem[X,0x80028D2A] -> 0xFFFF
[4261] [M]: 0x80028D28 (0xFFFF55B7) lui a1, 1048565
x11 <- 0xFFFF5000


mem[X,0x80028D2C] -> 0x8593
mem[X,0x80028D2E] -> 0xAFD5
[4262] [M]: 0x80028D2C (0xAFD58593) addi a1, a1, 2813
x11 <- 0xFFFF4AFD


mem[X,0x80028D30] -> 0x0213
mem[X,0x80028D32] -> 0x0000
[4263] [M]: 0x80028D30 (0x00000213) addi tp, zero, 0
x4 <- 0x00000000


mem[X,0x80028D34] -> 0x006F
mem[X,0x80028D36] -> 0x00C0
[4264] [M]: 0x80028D34 (0x00C0006F) jal zero, 12


mem[X,0x80028D40] -> 0x1063
mem[X,0x80028D42] -> 0x02B5
[4265] [M]: 0x80028D40 (0x02B51063) bne a0, a1, 32


mem[X,0x80028D60] -> 0x0213
mem[X,0x80028D62] -> 0x0032
[4266] [M]: 0x80028D60 (0x00320213) addi tp, tp, 3
x4 <- 0x00000003


mem[X,0x80028D64] -> 0x006F
mem[X,0x80028D66] -> 0x0040
[4267] [M]: 0x80028D64 (0x0040006F) jal zero, 4


mem[X,0x80028D68] -> 0xAE23
mem[X,0x80028D6A] -> 0x6A40
[4268] [M]: 0x80028D68 (0x6A40AE23) sw tp, 1724(ra)
mem[0x80039924] <- 0x00000003


mem[X,0x80028D6C] -> 0x0513
mem[X,0x80028D6E] -> 0x0000
[4269] [M]: 0x80028D6C (0x00000513) addi a0, zero, 0
x10 <- 0x00000000


mem[X,0x80028D70] -> 0xB5B7
mem[X,0x80028D72] -> 0x0000
[4270] [M]: 0x80028D70 (0x0000B5B7) lui a1, 11
x11 <- 0x0000B000


mem[X,0x80028D74] -> 0x8593
mem[X,0x80028D76] -> 0x5055
[4271] [M]: 0x80028D74 (0x50558593) addi a1, a1, 1285
x11 <- 0x0000B505


mem[X,0x80028D78] -> 0x0213
mem[X,0x80028D7A] -> 0x0000
[4272] [M]: 0x80028D78 (0x00000213) addi tp, zero, 0
x4 <- 0x00000000


mem[X,0x80028D7C] -> 0x006F
mem[X,0x80028D7E] -> 0x0050
[4273] [M]: 0x80028D7C (0x0050006F) jal zero, 2052


mem[X,0x80029580] -> 0x10E3
mem[X,0x80029582] -> 0x80B5
[4274] [M]: 0x80029580 (0x80B510E3) bne a0, a1, 6144


mem[X,0x80028D80] -> 0x0213
mem[X,0x80028D82] -> 0x0012
[4275] [M]: 0x80028D80 (0x00120213) addi tp, tp, 1
x4 <- 0x00000001


mem[X,0x80028D84] -> 0x006F
mem[X,0x80028D86] -> 0x0110
[4276] [M]: 0x80028D84 (0x0110006F) jal zero, 2064


mem[X,0x80029594] -> 0xA023
mem[X,0x80029596] -> 0x6C40
[4277] [M]: 0x80029594 (0x6C40A023) sw tp, 1728(ra)
mem[0x80039928] <- 0x00000001


mem[X,0x80029598] -> 0x0513
mem[X,0x8002959A] -> 0x0040
[4278] [M]: 0x80029598 (0x00400513) addi a0, zero, 4
x10 <- 0x00000004


mem[X,0x8002959C] -> 0x0593
mem[X,0x8002959E] -> 0x0030
[4279] [M]: 0x8002959C (0x00300593) addi a1, zero, 3
x11 <- 0x00000003


mem[X,0x800295A0] -> 0x0213
mem[X,0x800295A2] -> 0x0000
[4280] [M]: 0x800295A0 (0x00000213) addi tp, zero, 0
x4 <- 0x00000000


mem[X,0x800295A4] -> 0x006F
mem[X,0x800295A6] -> 0x00C0
[4281] [M]: 0x800295A4 (0x00C0006F) jal zero, 12


mem[X,0x800295B0] -> 0x1063
mem[X,0x800295B2] -> 0x04B5
[4282] [M]: 0x800295B0 (0x04B51063) bne a0, a1, 64


mem[X,0x800295F0] -> 0x0213
mem[X,0x800295F2] -> 0x0032
[4283] [M]: 0x800295F0 (0x00320213) addi tp, tp, 3
x4 <- 0x00000003


mem[X,0x800295F4] -> 0x006F
mem[X,0x800295F6] -> 0x0040
[4284] [M]: 0x800295F4 (0x0040006F) jal zero, 4


mem[X,0x800295F8] -> 0xA223
mem[X,0x800295FA] -> 0x6C40
[4285] [M]: 0x800295F8 (0x6C40A223) sw tp, 1732(ra)
mem[0x8003992C] <- 0x00000003


mem[X,0x800295FC] -> 0x0513
mem[X,0x800295FE] -> 0x0040
[4286] [M]: 0x800295FC (0x00400513) addi a0, zero, 4
x10 <- 0x00000004


mem[X,0x80029600] -> 0x55B7
mem[X,0x80029602] -> 0x5555
[4287] [M]: 0x80029600 (0x555555B7) lui a1, 349525
x11 <- 0x55555000


mem[X,0x80029604] -> 0x8593
mem[X,0x80029606] -> 0x5555
[4288] [M]: 0x80029604 (0x55558593) addi a1, a1, 1365
x11 <- 0x55555555


mem[X,0x80029608] -> 0x0213
mem[X,0x8002960A] -> 0x0000
[4289] [M]: 0x80029608 (0x00000213) addi tp, zero, 0
x4 <- 0x00000000


mem[X,0x8002960C] -> 0x006F
mem[X,0x8002960E] -> 0x00C0
[4290] [M]: 0x8002960C (0x00C0006F) jal zero, 12


mem[X,0x80029618] -> 0x1063
mem[X,0x8002961A] -> 0x20B5
[4291] [M]: 0x80029618 (0x20B51063) bne a0, a1, 512


mem[X,0x80029818] -> 0x0213
mem[X,0x8002981A] -> 0x0032
[4292] [M]: 0x80029818 (0x00320213) addi tp, tp, 3
x4 <- 0x00000003


mem[X,0x8002981C] -> 0x006F
mem[X,0x8002981E] -> 0x0040
[4293] [M]: 0x8002981C (0x0040006F) jal zero, 4


mem[X,0x80029820] -> 0xA423
mem[X,0x80029822] -> 0x6C40
[4294] [M]: 0x80029820 (0x6C40A423) sw tp, 1736(ra)
mem[0x80039930] <- 0x00000003


mem[X,0x80029824] -> 0x0513
mem[X,0x80029826] -> 0x0040
[4295] [M]: 0x80029824 (0x00400513) addi a0, zero, 4
x10 <- 0x00000004


mem[X,0x80029828] -> 0xB5B7
mem[X,0x8002982A] -> 0xAAAA
[4296] [M]: 0x80029828 (0xAAAAB5B7) lui a1, 699051
x11 <- 0xAAAAB000


mem[X,0x8002982C] -> 0x8593
mem[X,0x8002982E] -> 0xAAA5
[4297] [M]: 0x8002982C (0xAAA58593) addi a1, a1, 2730
x11 <- 0xAAAAAAAA


mem[X,0x80029830] -> 0x0213
mem[X,0x80029832] -> 0x0000
[4298] [M]: 0x80029830 (0x00000213) addi tp, zero, 0
x4 <- 0x00000000


mem[X,0x80029834] -> 0x006F
mem[X,0x80029836] -> 0x00C0
[4299] [M]: 0x80029834 (0x00C0006F) jal zero, 12


clint::tick mtime <- 0x000000000000002B
 clint timer pending at mtime 0x000000000000002B
htif::tick 0x0000000000000000
mem[X,0x80029840] -> 0x1063
mem[X,0x80029842] -> 0x20B5
[4300] [M]: 0x80029840 (0x20B51063) bne a0, a1, 512


mem[X,0x80029A40] -> 0x0213
mem[X,0x80029A42] -> 0x0032
[4301] [M]: 0x80029A40 (0x00320213) addi tp, tp, 3
x4 <- 0x00000003


mem[X,0x80029A44] -> 0x006F
mem[X,0x80029A46] -> 0x0040
[4302] [M]: 0x80029A44 (0x0040006F) jal zero, 4


mem[X,0x80029A48] -> 0xA623
mem[X,0x80029A4A] -> 0x6C40
[4303] [M]: 0x80029A48 (0x6C40A623) sw tp, 1740(ra)
mem[0x80039934] <- 0x00000003


mem[X,0x80029A4C] -> 0x0513
mem[X,0x80029A4E] -> 0x0040
[4304] [M]: 0x80029A4C (0x00400513) addi a0, zero, 4
x10 <- 0x00000004


mem[X,0x80029A50] -> 0x0593
mem[X,0x80029A52] -> 0x0050
[4305] [M]: 0x80029A50 (0x00500593) addi a1, zero, 5
x11 <- 0x00000005


mem[X,0x80029A54] -> 0x0213
mem[X,0x80029A56] -> 0x0000
[4306] [M]: 0x80029A54 (0x00000213) addi tp, zero, 0
x4 <- 0x00000000


mem[X,0x80029A58] -> 0x006F
mem[X,0x80029A5A] -> 0x00C0
[4307] [M]: 0x80029A58 (0x00C0006F) jal zero, 12


mem[X,0x80029A64] -> 0x1063
mem[X,0x80029A66] -> 0x02B5
[4308] [M]: 0x80029A64 (0x02B51063) bne a0, a1, 32


mem[X,0x80029A84] -> 0x0213
mem[X,0x80029A86] -> 0x0032
[4309] [M]: 0x80029A84 (0x00320213) addi tp, tp, 3
x4 <- 0x00000003


mem[X,0x80029A88] -> 0x006F
mem[X,0x80029A8A] -> 0x0040
[4310] [M]: 0x80029A88 (0x0040006F) jal zero, 4


mem[X,0x80029A8C] -> 0xA823
mem[X,0x80029A8E] -> 0x6C40
[4311] [M]: 0x80029A8C (0x6C40A823) sw tp, 1744(ra)
mem[0x80039938] <- 0x00000003


mem[X,0x80029A90] -> 0x0513
mem[X,0x80029A92] -> 0x0040
[4312] [M]: 0x80029A90 (0x00400513) addi a0, zero, 4
x10 <- 0x00000004


mem[X,0x80029A94] -> 0x35B7
mem[X,0x80029A96] -> 0x3333
[4313] [M]: 0x80029A94 (0x333335B7) lui a1, 209715
x11 <- 0x33333000


mem[X,0x80029A98] -> 0x8593
mem[X,0x80029A9A] -> 0x3335
[4314] [M]: 0x80029A98 (0x33358593) addi a1, a1, 819
x11 <- 0x33333333


mem[X,0x80029A9C] -> 0x0213
mem[X,0x80029A9E] -> 0x0000
[4315] [M]: 0x80029A9C (0x00000213) addi tp, zero, 0
x4 <- 0x00000000


mem[X,0x80029AA0] -> 0x006F
mem[X,0x80029AA2] -> 0x00C0
[4316] [M]: 0x80029AA0 (0x00C0006F) jal zero, 12


mem[X,0x80029AAC] -> 0x1CE3
mem[X,0x80029AAE] -> 0xFEB5
[4317] [M]: 0x80029AAC (0xFEB51CE3) bne a0, a1, 8184


mem[X,0x80029AA4] -> 0x0213
mem[X,0x80029AA6] -> 0x0012
[4318] [M]: 0x80029AA4 (0x00120213) addi tp, tp, 1
x4 <- 0x00000001


mem[X,0x80029AA8] -> 0x006F
mem[X,0x80029AAA] -> 0x0180
[4319] [M]: 0x80029AA8 (0x0180006F) jal zero, 24


mem[X,0x80029AC0] -> 0xAA23
mem[X,0x80029AC2] -> 0x6C40
[4320] [M]: 0x80029AC0 (0x6C40AA23) sw tp, 1748(ra)
mem[0x8003993C] <- 0x00000001


mem[X,0x80029AC4] -> 0x0513
mem[X,0x80029AC6] -> 0x0040
[4321] [M]: 0x80029AC4 (0x00400513) addi a0, zero, 4
x10 <- 0x00000004


mem[X,0x80029AC8] -> 0x65B7
mem[X,0x80029ACA] -> 0x6666
[4322] [M]: 0x80029AC8 (0x666665B7) lui a1, 419430
x11 <- 0x66666000


mem[X,0x80029ACC] -> 0x8593
mem[X,0x80029ACE] -> 0x6665
[4323] [M]: 0x80029ACC (0x66658593) addi a1, a1, 1638
x11 <- 0x66666666


mem[X,0x80029AD0] -> 0x0213
mem[X,0x80029AD2] -> 0x0000
[4324] [M]: 0x80029AD0 (0x00000213) addi tp, zero, 0
x4 <- 0x00000000


mem[X,0x80029AD4] -> 0x006F
mem[X,0x80029AD6] -> 0x00C0
[4325] [M]: 0x80029AD4 (0x00C0006F) jal zero, 12


mem[X,0x80029AE0] -> 0x1663
mem[X,0x80029AE2] -> 0x00B5
[4326] [M]: 0x80029AE0 (0x00B51663) bne a0, a1, 12


mem[X,0x80029AEC] -> 0x0213
mem[X,0x80029AEE] -> 0x0032
[4327] [M]: 0x80029AEC (0x00320213) addi tp, tp, 3
x4 <- 0x00000003


mem[X,0x80029AF0] -> 0x006F
mem[X,0x80029AF2] -> 0x0040
[4328] [M]: 0x80029AF0 (0x0040006F) jal zero, 4


mem[X,0x80029AF4] -> 0xAC23
mem[X,0x80029AF6] -> 0x6C40
[4329] [M]: 0x80029AF4 (0x6C40AC23) sw tp, 1752(ra)
mem[0x80039940] <- 0x00000003


mem[X,0x80029AF8] -> 0x0513
mem[X,0x80029AFA] -> 0x0040
[4330] [M]: 0x80029AF8 (0x00400513) addi a0, zero, 4
x10 <- 0x00000004


mem[X,0x80029AFC] -> 0x55B7
mem[X,0x80029AFE] -> 0xFFFF
[4331] [M]: 0x80029AFC (0xFFFF55B7) lui a1, 1048565
x11 <- 0xFFFF5000


mem[X,0x80029B00] -> 0x8593
mem[X,0x80029B02] -> 0xAFC5
[4332] [M]: 0x80029B00 (0xAFC58593) addi a1, a1, 2812
x11 <- 0xFFFF4AFC


mem[X,0x80029B04] -> 0x0213
mem[X,0x80029B06] -> 0x0000
[4333] [M]: 0x80029B04 (0x00000213) addi tp, zero, 0
x4 <- 0x00000000


mem[X,0x80029B08] -> 0x006F
mem[X,0x80029B0A] -> 0x0180
[4334] [M]: 0x80029B08 (0x0180006F) jal zero, 24


mem[X,0x80029B20] -> 0x16E3
mem[X,0x80029B22] -> 0xFEB5
[4335] [M]: 0x80029B20 (0xFEB516E3) bne a0, a1, 8172


mem[X,0x80029B0C] -> 0x0213
mem[X,0x80029B0E] -> 0x0012
[4336] [M]: 0x80029B0C (0x00120213) addi tp, tp, 1
x4 <- 0x00000001


mem[X,0x80029B10] -> 0x006F
mem[X,0x80029B12] -> 0x0240
[4337] [M]: 0x80029B10 (0x0240006F) jal zero, 36


mem[X,0x80029B34] -> 0xAE23
mem[X,0x80029B36] -> 0x6C40
[4338] [M]: 0x80029B34 (0x6C40AE23) sw tp, 1756(ra)
mem[0x80039944] <- 0x00000001


mem[X,0x80029B38] -> 0x0513
mem[X,0x80029B3A] -> 0x0040
[4339] [M]: 0x80029B38 (0x00400513) addi a0, zero, 4
x10 <- 0x00000004


mem[X,0x80029B3C] -> 0xB5B7
mem[X,0x80029B3E] -> 0x0000
[4340] [M]: 0x80029B3C (0x0000B5B7) lui a1, 11
x11 <- 0x0000B000


mem[X,0x80029B40] -> 0x8593
mem[X,0x80029B42] -> 0x5045
[4341] [M]: 0x80029B40 (0x50458593) addi a1, a1, 1284
x11 <- 0x0000B504


mem[X,0x80029B44] -> 0x0213
mem[X,0x80029B46] -> 0x0000
[4342] [M]: 0x80029B44 (0x00000213) addi tp, zero, 0
x4 <- 0x00000000


mem[X,0x80029B48] -> 0x006F
mem[X,0x80029B4A] -> 0x00C0
[4343] [M]: 0x80029B48 (0x00C0006F) jal zero, 12


mem[X,0x80029B54] -> 0x1063
mem[X,0x80029B56] -> 0x02B5
[4344] [M]: 0x80029B54 (0x02B51063) bne a0, a1, 32


mem[X,0x80029B74] -> 0x0213
mem[X,0x80029B76] -> 0x0032
[4345] [M]: 0x80029B74 (0x00320213) addi tp, tp, 3
x4 <- 0x00000003


mem[X,0x80029B78] -> 0x006F
mem[X,0x80029B7A] -> 0x0040
[4346] [M]: 0x80029B78 (0x0040006F) jal zero, 4


mem[X,0x80029B7C] -> 0xA023
mem[X,0x80029B7E] -> 0x6E40
[4347] [M]: 0x80029B7C (0x6E40A023) sw tp, 1760(ra)
mem[0x80039948] <- 0x00000003


mem[X,0x80029B80] -> 0x0513
mem[X,0x80029B82] -> 0x0040
[4348] [M]: 0x80029B80 (0x00400513) addi a0, zero, 4
x10 <- 0x00000004


mem[X,0x80029B84] -> 0x0593
mem[X,0x80029B86] -> 0x0020
[4349] [M]: 0x80029B84 (0x00200593) addi a1, zero, 2
x11 <- 0x00000002


mem[X,0x80029B88] -> 0x0213
mem[X,0x80029B8A] -> 0x0000
[4350] [M]: 0x80029B88 (0x00000213) addi tp, zero, 0
x4 <- 0x00000000


mem[X,0x80029B8C] -> 0x006F
mem[X,0x80029B8E] -> 0x2B10
[4351] [M]: 0x80029B8C (0x2B10006F) jal zero, 2736


mem[X,0x8002A63C] -> 0x1A63
mem[X,0x8002A63E] -> 0xD4B5
[4352] [M]: 0x8002A63C (0xD4B51A63) bne a0, a1, 5460


mem[X,0x80029B90] -> 0x0213
mem[X,0x80029B92] -> 0x0012
[4353] [M]: 0x80029B90 (0x00120213) addi tp, tp, 1
x4 <- 0x00000001


mem[X,0x80029B94] -> 0x006F
mem[X,0x80029B96] -> 0x2BD0
[4354] [M]: 0x80029B94 (0x2BD0006F) jal zero, 2748


mem[X,0x8002A650] -> 0xA223
mem[X,0x8002A652] -> 0x6E40
[4355] [M]: 0x8002A650 (0x6E40A223) sw tp, 1764(ra)
mem[0x8003994C] <- 0x00000001


mem[X,0x8002A654] -> 0x0513
mem[X,0x8002A656] -> 0x0040
[4356] [M]: 0x8002A654 (0x00400513) addi a0, zero, 4
x10 <- 0x00000004


mem[X,0x8002A658] -> 0x55B7
mem[X,0x8002A65A] -> 0x5555
[4357] [M]: 0x8002A658 (0x555555B7) lui a1, 349525
x11 <- 0x55555000


mem[X,0x8002A65C] -> 0x8593
mem[X,0x8002A65E] -> 0x5545
[4358] [M]: 0x8002A65C (0x55458593) addi a1, a1, 1364
x11 <- 0x55555554


mem[X,0x8002A660] -> 0x0213
mem[X,0x8002A662] -> 0x0000
[4359] [M]: 0x8002A660 (0x00000213) addi tp, zero, 0
x4 <- 0x00000000


mem[X,0x8002A664] -> 0x006F
mem[X,0x8002A666] -> 0x00C0
[4360] [M]: 0x8002A664 (0x00C0006F) jal zero, 12


mem[X,0x8002A670] -> 0x1663
mem[X,0x8002A672] -> 0x00B5
[4361] [M]: 0x8002A670 (0x00B51663) bne a0, a1, 12


mem[X,0x8002A67C] -> 0x0213
mem[X,0x8002A67E] -> 0x0032
[4362] [M]: 0x8002A67C (0x00320213) addi tp, tp, 3
x4 <- 0x00000003


mem[X,0x8002A680] -> 0x006F
mem[X,0x8002A682] -> 0x0040
[4363] [M]: 0x8002A680 (0x0040006F) jal zero, 4


mem[X,0x8002A684] -> 0xA423
mem[X,0x8002A686] -> 0x6E40
[4364] [M]: 0x8002A684 (0x6E40A423) sw tp, 1768(ra)
mem[0x80039950] <- 0x00000003


mem[X,0x8002A688] -> 0x0513
mem[X,0x8002A68A] -> 0x0040
[4365] [M]: 0x8002A688 (0x00400513) addi a0, zero, 4
x10 <- 0x00000004


mem[X,0x8002A68C] -> 0x0593
mem[X,0x8002A68E] -> 0x0000
[4366] [M]: 0x8002A68C (0x00000593) addi a1, zero, 0
x11 <- 0x00000000


mem[X,0x8002A690] -> 0x0213
mem[X,0x8002A692] -> 0x0000
[4367] [M]: 0x8002A690 (0x00000213) addi tp, zero, 0
x4 <- 0x00000000


mem[X,0x8002A694] -> 0x006F
mem[X,0x8002A696] -> 0x00C0
[4368] [M]: 0x8002A694 (0x00C0006F) jal zero, 12


mem[X,0x8002A6A0] -> 0x1CE3
mem[X,0x8002A6A2] -> 0xFEB5
[4369] [M]: 0x8002A6A0 (0xFEB51CE3) bne a0, a1, 8184


mem[X,0x8002A698] -> 0x0213
mem[X,0x8002A69A] -> 0x0012
[4370] [M]: 0x8002A698 (0x00120213) addi tp, tp, 1
x4 <- 0x00000001


mem[X,0x8002A69C] -> 0x006F
mem[X,0x8002A69E] -> 0x0180
[4371] [M]: 0x8002A69C (0x0180006F) jal zero, 24


mem[X,0x8002A6B4] -> 0xA623
mem[X,0x8002A6B6] -> 0x6E40
[4372] [M]: 0x8002A6B4 (0x6E40A623) sw tp, 1772(ra)
mem[0x80039954] <- 0x00000001


mem[X,0x8002A6B8] -> 0x0513
mem[X,0x8002A6BA] -> 0x0040
[4373] [M]: 0x8002A6B8 (0x00400513) addi a0, zero, 4
x10 <- 0x00000004


mem[X,0x8002A6BC] -> 0x0593
mem[X,0x8002A6BE] -> 0x0040
[4374] [M]: 0x8002A6BC (0x00400593) addi a1, zero, 4
x11 <- 0x00000004


mem[X,0x8002A6C0] -> 0x0213
mem[X,0x8002A6C2] -> 0x0000
[4375] [M]: 0x8002A6C0 (0x00000213) addi tp, zero, 0
x4 <- 0x00000000


mem[X,0x8002A6C4] -> 0x006F
mem[X,0x8002A6C6] -> 0x0140
[4376] [M]: 0x8002A6C4 (0x0140006F) jal zero, 20


mem[X,0x8002A6D8] -> 0x18E3
mem[X,0x8002A6DA] -> 0xFEB5
[4377] [M]: 0x8002A6D8 (0xFEB518E3) bne a0, a1, 8176


mem[X,0x8002A6DC] -> 0x0213
mem[X,0x8002A6DE] -> 0x0022
[4378] [M]: 0x8002A6DC (0x00220213) addi tp, tp, 2
x4 <- 0x00000002


mem[X,0x8002A6E0] -> 0x006F
mem[X,0x8002A6E2] -> 0x00C0
[4379] [M]: 0x8002A6E0 (0x00C0006F) jal zero, 12


mem[X,0x8002A6EC] -> 0xA823
mem[X,0x8002A6EE] -> 0x6E40
[4380] [M]: 0x8002A6EC (0x6E40A823) sw tp, 1776(ra)
mem[0x80039958] <- 0x00000002


mem[X,0x8002A6F0] -> 0x0513
mem[X,0x8002A6F2] -> 0x0040
[4381] [M]: 0x8002A6F0 (0x00400513) addi a0, zero, 4
x10 <- 0x00000004


mem[X,0x8002A6F4] -> 0x35B7
mem[X,0x8002A6F6] -> 0x3333
[4382] [M]: 0x8002A6F4 (0x333335B7) lui a1, 209715
x11 <- 0x33333000


mem[X,0x8002A6F8] -> 0x8593
mem[X,0x8002A6FA] -> 0x3325
[4383] [M]: 0x8002A6F8 (0x33258593) addi a1, a1, 818
x11 <- 0x33333332


mem[X,0x8002A6FC] -> 0x0213
mem[X,0x8002A6FE] -> 0x0000
[4384] [M]: 0x8002A6FC (0x00000213) addi tp, zero, 0
x4 <- 0x00000000


mem[X,0x8002A700] -> 0x006F
mem[X,0x8002A702] -> 0x0100
[4385] [M]: 0x8002A700 (0x0100006F) jal zero, 16


mem[X,0x8002A710] -> 0x1AE3
mem[X,0x8002A712] -> 0xFEB5
[4386] [M]: 0x8002A710 (0xFEB51AE3) bne a0, a1, 8180


mem[X,0x8002A704] -> 0x0213
mem[X,0x8002A706] -> 0x0012
[4387] [M]: 0x8002A704 (0x00120213) addi tp, tp, 1
x4 <- 0x00000001


mem[X,0x8002A708] -> 0x006F
mem[X,0x8002A70A] -> 0x01C0
[4388] [M]: 0x8002A708 (0x01C0006F) jal zero, 28


mem[X,0x8002A724] -> 0xAA23
mem[X,0x8002A726] -> 0x6E40
[4389] [M]: 0x8002A724 (0x6E40AA23) sw tp, 1780(ra)
mem[0x8003995C] <- 0x00000001


mem[X,0x8002A728] -> 0x0513
mem[X,0x8002A72A] -> 0x0040
[4390] [M]: 0x8002A728 (0x00400513) addi a0, zero, 4
x10 <- 0x00000004


mem[X,0x8002A72C] -> 0x65B7
mem[X,0x8002A72E] -> 0x6666
[4391] [M]: 0x8002A72C (0x666665B7) lui a1, 419430
x11 <- 0x66666000


mem[X,0x8002A730] -> 0x8593
mem[X,0x8002A732] -> 0x6655
[4392] [M]: 0x8002A730 (0x66558593) addi a1, a1, 1637
x11 <- 0x66666665


mem[X,0x8002A734] -> 0x0213
mem[X,0x8002A736] -> 0x0000
[4393] [M]: 0x8002A734 (0x00000213) addi tp, zero, 0
x4 <- 0x00000000


mem[X,0x8002A738] -> 0x006F
mem[X,0x8002A73A] -> 0x00C0
[4394] [M]: 0x8002A738 (0x00C0006F) jal zero, 12


mem[X,0x8002A744] -> 0x1CE3
mem[X,0x8002A746] -> 0xFEB5
[4395] [M]: 0x8002A744 (0xFEB51CE3) bne a0, a1, 8184


mem[X,0x8002A73C] -> 0x0213
mem[X,0x8002A73E] -> 0x0012
[4396] [M]: 0x8002A73C (0x00120213) addi tp, tp, 1
x4 <- 0x00000001


mem[X,0x8002A740] -> 0x006F
mem[X,0x8002A742] -> 0x0180
[4397] [M]: 0x8002A740 (0x0180006F) jal zero, 24


mem[X,0x8002A758] -> 0xAC23
mem[X,0x8002A75A] -> 0x6E40
[4398] [M]: 0x8002A758 (0x6E40AC23) sw tp, 1784(ra)
mem[0x80039960] <- 0x00000001


mem[X,0x8002A75C] -> 0x0513
mem[X,0x8002A75E] -> 0x0040
[4399] [M]: 0x8002A75C (0x00400513) addi a0, zero, 4
x10 <- 0x00000004


clint::tick mtime <- 0x000000000000002C
 clint timer pending at mtime 0x000000000000002C
htif::tick 0x0000000000000000
mem[X,0x8002A760] -> 0xB5B7
mem[X,0x8002A762] -> 0x0000
[4400] [M]: 0x8002A760 (0x0000B5B7) lui a1, 11
x11 <- 0x0000B000


mem[X,0x8002A764] -> 0x8593
mem[X,0x8002A766] -> 0x5035
[4401] [M]: 0x8002A764 (0x50358593) addi a1, a1, 1283
x11 <- 0x0000B503


mem[X,0x8002A768] -> 0x0213
mem[X,0x8002A76A] -> 0x0000
[4402] [M]: 0x8002A768 (0x00000213) addi tp, zero, 0
x4 <- 0x00000000


mem[X,0x8002A76C] -> 0x006F
mem[X,0x8002A76E] -> 0x00C0
[4403] [M]: 0x8002A76C (0x00C0006F) jal zero, 12


mem[X,0x8002A778] -> 0x1063
mem[X,0x8002A77A] -> 0x04B5
[4404] [M]: 0x8002A778 (0x04B51063) bne a0, a1, 64


mem[X,0x8002A7B8] -> 0x0213
mem[X,0x8002A7BA] -> 0x0032
[4405] [M]: 0x8002A7B8 (0x00320213) addi tp, tp, 3
x4 <- 0x00000003


mem[X,0x8002A7BC] -> 0x006F
mem[X,0x8002A7BE] -> 0x0040
[4406] [M]: 0x8002A7BC (0x0040006F) jal zero, 4


mem[X,0x8002A7C0] -> 0xAE23
mem[X,0x8002A7C2] -> 0x6E40
[4407] [M]: 0x8002A7C0 (0x6E40AE23) sw tp, 1788(ra)
mem[0x80039964] <- 0x00000003


mem[X,0x8002A7C4] -> 0x0513
mem[X,0x8002A7C6] -> 0x0040
[4408] [M]: 0x8002A7C4 (0x00400513) addi a0, zero, 4
x10 <- 0x00000004


mem[X,0x8002A7C8] -> 0x55B7
mem[X,0x8002A7CA] -> 0x5555
[4409] [M]: 0x8002A7C8 (0x555555B7) lui a1, 349525
x11 <- 0x55555000


mem[X,0x8002A7CC] -> 0x8593
mem[X,0x8002A7CE] -> 0x5565
[4410] [M]: 0x8002A7CC (0x55658593) addi a1, a1, 1366
x11 <- 0x55555556


mem[X,0x8002A7D0] -> 0x0213
mem[X,0x8002A7D2] -> 0x0000
[4411] [M]: 0x8002A7D0 (0x00000213) addi tp, zero, 0
x4 <- 0x00000000


mem[X,0x8002A7D4] -> 0x006F
mem[X,0x8002A7D6] -> 0x00C0
[4412] [M]: 0x8002A7D4 (0x00C0006F) jal zero, 12


mem[X,0x8002A7E0] -> 0x1CE3
mem[X,0x8002A7E2] -> 0xFEB5
[4413] [M]: 0x8002A7E0 (0xFEB51CE3) bne a0, a1, 8184


mem[X,0x8002A7D8] -> 0x0213
mem[X,0x8002A7DA] -> 0x0012
[4414] [M]: 0x8002A7D8 (0x00120213) addi tp, tp, 1
x4 <- 0x00000001


mem[X,0x8002A7DC] -> 0x006F
mem[X,0x8002A7DE] -> 0x0180
[4415] [M]: 0x8002A7DC (0x0180006F) jal zero, 24


mem[X,0x8002A7F4] -> 0xA023
mem[X,0x8002A7F6] -> 0x7040
[4416] [M]: 0x8002A7F4 (0x7040A023) sw tp, 1792(ra)
mem[0x80039968] <- 0x00000001


mem[X,0x8002A7F8] -> 0x0513
mem[X,0x8002A7FA] -> 0x0040
[4417] [M]: 0x8002A7F8 (0x00400513) addi a0, zero, 4
x10 <- 0x00000004


mem[X,0x8002A7FC] -> 0xB5B7
mem[X,0x8002A7FE] -> 0xAAAA
[4418] [M]: 0x8002A7FC (0xAAAAB5B7) lui a1, 699051
x11 <- 0xAAAAB000


mem[X,0x8002A800] -> 0x8593
mem[X,0x8002A802] -> 0xAAB5
[4419] [M]: 0x8002A800 (0xAAB58593) addi a1, a1, 2731
x11 <- 0xAAAAAAAB


mem[X,0x8002A804] -> 0x0213
mem[X,0x8002A806] -> 0x0000
[4420] [M]: 0x8002A804 (0x00000213) addi tp, zero, 0
x4 <- 0x00000000


mem[X,0x8002A808] -> 0x006F
mem[X,0x8002A80A] -> 0x0100
[4421] [M]: 0x8002A808 (0x0100006F) jal zero, 16


mem[X,0x8002A818] -> 0x1AE3
mem[X,0x8002A81A] -> 0xFEB5
[4422] [M]: 0x8002A818 (0xFEB51AE3) bne a0, a1, 8180


mem[X,0x8002A80C] -> 0x0213
mem[X,0x8002A80E] -> 0x0012
[4423] [M]: 0x8002A80C (0x00120213) addi tp, tp, 1
x4 <- 0x00000001


mem[X,0x8002A810] -> 0x006F
mem[X,0x8002A812] -> 0x01C0
[4424] [M]: 0x8002A810 (0x01C0006F) jal zero, 28


mem[X,0x8002A82C] -> 0xA223
mem[X,0x8002A82E] -> 0x7040
[4425] [M]: 0x8002A82C (0x7040A223) sw tp, 1796(ra)
mem[0x8003996C] <- 0x00000001


mem[X,0x8002A830] -> 0x0513
mem[X,0x8002A832] -> 0x0040
[4426] [M]: 0x8002A830 (0x00400513) addi a0, zero, 4
x10 <- 0x00000004


mem[X,0x8002A834] -> 0x0593
mem[X,0x8002A836] -> 0x0060
[4427] [M]: 0x8002A834 (0x00600593) addi a1, zero, 6
x11 <- 0x00000006


mem[X,0x8002A838] -> 0x0213
mem[X,0x8002A83A] -> 0x0000
[4428] [M]: 0x8002A838 (0x00000213) addi tp, zero, 0
x4 <- 0x00000000


mem[X,0x8002A83C] -> 0x006F
mem[X,0x8002A83E] -> 0x00C0
[4429] [M]: 0x8002A83C (0x00C0006F) jal zero, 12


mem[X,0x8002A848] -> 0x1663
mem[X,0x8002A84A] -> 0x00B5
[4430] [M]: 0x8002A848 (0x00B51663) bne a0, a1, 12


mem[X,0x8002A854] -> 0x0213
mem[X,0x8002A856] -> 0x0032
[4431] [M]: 0x8002A854 (0x00320213) addi tp, tp, 3
x4 <- 0x00000003


mem[X,0x8002A858] -> 0x006F
mem[X,0x8002A85A] -> 0x0040
[4432] [M]: 0x8002A858 (0x0040006F) jal zero, 4


mem[X,0x8002A85C] -> 0xA423
mem[X,0x8002A85E] -> 0x7040
[4433] [M]: 0x8002A85C (0x7040A423) sw tp, 1800(ra)
mem[0x80039970] <- 0x00000003


mem[X,0x8002A860] -> 0x0513
mem[X,0x8002A862] -> 0x0040
[4434] [M]: 0x8002A860 (0x00400513) addi a0, zero, 4
x10 <- 0x00000004


mem[X,0x8002A864] -> 0x35B7
mem[X,0x8002A866] -> 0x3333
[4435] [M]: 0x8002A864 (0x333335B7) lui a1, 209715
x11 <- 0x33333000


mem[X,0x8002A868] -> 0x8593
mem[X,0x8002A86A] -> 0x3345
[4436] [M]: 0x8002A868 (0x33458593) addi a1, a1, 820
x11 <- 0x33333334


mem[X,0x8002A86C] -> 0x0213
mem[X,0x8002A86E] -> 0x0000
[4437] [M]: 0x8002A86C (0x00000213) addi tp, zero, 0
x4 <- 0x00000000


mem[X,0x8002A870] -> 0x006F
mem[X,0x8002A872] -> 0x00C0
[4438] [M]: 0x8002A870 (0x00C0006F) jal zero, 12


mem[X,0x8002A87C] -> 0x1663
mem[X,0x8002A87E] -> 0x00B5
[4439] [M]: 0x8002A87C (0x00B51663) bne a0, a1, 12


mem[X,0x8002A888] -> 0x0213
mem[X,0x8002A88A] -> 0x0032
[4440] [M]: 0x8002A888 (0x00320213) addi tp, tp, 3
x4 <- 0x00000003


mem[X,0x8002A88C] -> 0x006F
mem[X,0x8002A88E] -> 0x0040
[4441] [M]: 0x8002A88C (0x0040006F) jal zero, 4


mem[X,0x8002A890] -> 0xA623
mem[X,0x8002A892] -> 0x7040
[4442] [M]: 0x8002A890 (0x7040A623) sw tp, 1804(ra)
mem[0x80039974] <- 0x00000003


mem[X,0x8002A894] -> 0x0513
mem[X,0x8002A896] -> 0x0040
[4443] [M]: 0x8002A894 (0x00400513) addi a0, zero, 4
x10 <- 0x00000004


mem[X,0x8002A898] -> 0x65B7
mem[X,0x8002A89A] -> 0x6666
[4444] [M]: 0x8002A898 (0x666665B7) lui a1, 419430
x11 <- 0x66666000


mem[X,0x8002A89C] -> 0x8593
mem[X,0x8002A89E] -> 0x6675
[4445] [M]: 0x8002A89C (0x66758593) addi a1, a1, 1639
x11 <- 0x66666667


mem[X,0x8002A8A0] -> 0x0213
mem[X,0x8002A8A2] -> 0x0000
[4446] [M]: 0x8002A8A0 (0x00000213) addi tp, zero, 0
x4 <- 0x00000000


mem[X,0x8002A8A4] -> 0x006F
mem[X,0x8002A8A6] -> 0x00C0
[4447] [M]: 0x8002A8A4 (0x00C0006F) jal zero, 12


mem[X,0x8002A8B0] -> 0x1063
mem[X,0x8002A8B2] -> 0x08B5
[4448] [M]: 0x8002A8B0 (0x08B51063) bne a0, a1, 128


mem[X,0x8002A930] -> 0x0213
mem[X,0x8002A932] -> 0x0032
[4449] [M]: 0x8002A930 (0x00320213) addi tp, tp, 3
x4 <- 0x00000003


mem[X,0x8002A934] -> 0x006F
mem[X,0x8002A936] -> 0x0040
[4450] [M]: 0x8002A934 (0x0040006F) jal zero, 4


mem[X,0x8002A938] -> 0xA823
mem[X,0x8002A93A] -> 0x7040
[4451] [M]: 0x8002A938 (0x7040A823) sw tp, 1808(ra)
mem[0x80039978] <- 0x00000003


mem[X,0x8002A93C] -> 0x0513
mem[X,0x8002A93E] -> 0x0040
[4452] [M]: 0x8002A93C (0x00400513) addi a0, zero, 4
x10 <- 0x00000004


mem[X,0x8002A940] -> 0x55B7
mem[X,0x8002A942] -> 0xFFFF
[4453] [M]: 0x8002A940 (0xFFFF55B7) lui a1, 1048565
x11 <- 0xFFFF5000


mem[X,0x8002A944] -> 0x8593
mem[X,0x8002A946] -> 0xAFD5
[4454] [M]: 0x8002A944 (0xAFD58593) addi a1, a1, 2813
x11 <- 0xFFFF4AFD


mem[X,0x8002A948] -> 0x0213
mem[X,0x8002A94A] -> 0x0000
[4455] [M]: 0x8002A948 (0x00000213) addi tp, zero, 0
x4 <- 0x00000000


mem[X,0x8002A94C] -> 0x006F
mem[X,0x8002A94E] -> 0x0050
[4456] [M]: 0x8002A94C (0x0050006F) jal zero, 2052


mem[X,0x8002B150] -> 0x10E3
mem[X,0x8002B152] -> 0x80B5
[4457] [M]: 0x8002B150 (0x80B510E3) bne a0, a1, 6144


mem[X,0x8002A950] -> 0x0213
mem[X,0x8002A952] -> 0x0012
[4458] [M]: 0x8002A950 (0x00120213) addi tp, tp, 1
x4 <- 0x00000001


mem[X,0x8002A954] -> 0x006F
mem[X,0x8002A956] -> 0x0110
[4459] [M]: 0x8002A954 (0x0110006F) jal zero, 2064


mem[X,0x8002B164] -> 0xAA23
mem[X,0x8002B166] -> 0x7040
[4460] [M]: 0x8002B164 (0x7040AA23) sw tp, 1812(ra)
mem[0x8003997C] <- 0x00000001


mem[X,0x8002B168] -> 0x0513
mem[X,0x8002B16A] -> 0x0040
[4461] [M]: 0x8002B168 (0x00400513) addi a0, zero, 4
x10 <- 0x00000004


mem[X,0x8002B16C] -> 0xB5B7
mem[X,0x8002B16E] -> 0x0000
[4462] [M]: 0x8002B16C (0x0000B5B7) lui a1, 11
x11 <- 0x0000B000


mem[X,0x8002B170] -> 0x8593
mem[X,0x8002B172] -> 0x5055
[4463] [M]: 0x8002B170 (0x50558593) addi a1, a1, 1285
x11 <- 0x0000B505


mem[X,0x8002B174] -> 0x0213
mem[X,0x8002B176] -> 0x0000
[4464] [M]: 0x8002B174 (0x00000213) addi tp, zero, 0
x4 <- 0x00000000


mem[X,0x8002B178] -> 0x006F
mem[X,0x8002B17A] -> 0x0100
[4465] [M]: 0x8002B178 (0x0100006F) jal zero, 16


mem[X,0x8002B188] -> 0x1AE3
mem[X,0x8002B18A] -> 0xFEB5
[4466] [M]: 0x8002B188 (0xFEB51AE3) bne a0, a1, 8180


mem[X,0x8002B17C] -> 0x0213
mem[X,0x8002B17E] -> 0x0012
[4467] [M]: 0x8002B17C (0x00120213) addi tp, tp, 1
x4 <- 0x00000001


mem[X,0x8002B180] -> 0x006F
mem[X,0x8002B182] -> 0x01C0
[4468] [M]: 0x8002B180 (0x01C0006F) jal zero, 28


mem[X,0x8002B19C] -> 0xAC23
mem[X,0x8002B19E] -> 0x7040
[4469] [M]: 0x8002B19C (0x7040AC23) sw tp, 1816(ra)
mem[0x80039980] <- 0x00000001


mem[X,0x8002B1A0] -> 0x3537
mem[X,0x8002B1A2] -> 0x3333
[4470] [M]: 0x8002B1A0 (0x33333537) lui a0, 209715
x10 <- 0x33333000


mem[X,0x8002B1A4] -> 0x0513
mem[X,0x8002B1A6] -> 0x3325
[4471] [M]: 0x8002B1A4 (0x33250513) addi a0, a0, 818
x10 <- 0x33333332


mem[X,0x8002B1A8] -> 0x0593
mem[X,0x8002B1AA] -> 0x0030
[4472] [M]: 0x8002B1A8 (0x00300593) addi a1, zero, 3
x11 <- 0x00000003


mem[X,0x8002B1AC] -> 0x0213
mem[X,0x8002B1AE] -> 0x0000
[4473] [M]: 0x8002B1AC (0x00000213) addi tp, zero, 0
x4 <- 0x00000000


mem[X,0x8002B1B0] -> 0x006F
mem[X,0x8002B1B2] -> 0x00C0
[4474] [M]: 0x8002B1B0 (0x00C0006F) jal zero, 12


mem[X,0x8002B1BC] -> 0x1663
mem[X,0x8002B1BE] -> 0x00B5
[4475] [M]: 0x8002B1BC (0x00B51663) bne a0, a1, 12


mem[X,0x8002B1C8] -> 0x0213
mem[X,0x8002B1CA] -> 0x0032
[4476] [M]: 0x8002B1C8 (0x00320213) addi tp, tp, 3
x4 <- 0x00000003


mem[X,0x8002B1CC] -> 0x006F
mem[X,0x8002B1CE] -> 0x0040
[4477] [M]: 0x8002B1CC (0x0040006F) jal zero, 4


mem[X,0x8002B1D0] -> 0xAE23
mem[X,0x8002B1D2] -> 0x7040
[4478] [M]: 0x8002B1D0 (0x7040AE23) sw tp, 1820(ra)
mem[0x80039984] <- 0x00000003


mem[X,0x8002B1D4] -> 0x3537
mem[X,0x8002B1D6] -> 0x3333
[4479] [M]: 0x8002B1D4 (0x33333537) lui a0, 209715
x10 <- 0x33333000


mem[X,0x8002B1D8] -> 0x0513
mem[X,0x8002B1DA] -> 0x3325
[4480] [M]: 0x8002B1D8 (0x33250513) addi a0, a0, 818
x10 <- 0x33333332


mem[X,0x8002B1DC] -> 0x55B7
mem[X,0x8002B1DE] -> 0x5555
[4481] [M]: 0x8002B1DC (0x555555B7) lui a1, 349525
x11 <- 0x55555000


mem[X,0x8002B1E0] -> 0x8593
mem[X,0x8002B1E2] -> 0x5555
[4482] [M]: 0x8002B1E0 (0x55558593) addi a1, a1, 1365
x11 <- 0x55555555


mem[X,0x8002B1E4] -> 0x0213
mem[X,0x8002B1E6] -> 0x0000
[4483] [M]: 0x8002B1E4 (0x00000213) addi tp, zero, 0
x4 <- 0x00000000


mem[X,0x8002B1E8] -> 0x006F
mem[X,0x8002B1EA] -> 0x0050
[4484] [M]: 0x8002B1E8 (0x0050006F) jal zero, 2052


mem[X,0x8002B9EC] -> 0x10E3
mem[X,0x8002B9EE] -> 0x80B5
[4485] [M]: 0x8002B9EC (0x80B510E3) bne a0, a1, 6144


mem[X,0x8002B1EC] -> 0x0213
mem[X,0x8002B1EE] -> 0x0012
[4486] [M]: 0x8002B1EC (0x00120213) addi tp, tp, 1
x4 <- 0x00000001


mem[X,0x8002B1F0] -> 0x006F
mem[X,0x8002B1F2] -> 0x0110
[4487] [M]: 0x8002B1F0 (0x0110006F) jal zero, 2064


mem[X,0x8002BA00] -> 0xA023
mem[X,0x8002BA02] -> 0x7240
[4488] [M]: 0x8002BA00 (0x7240A023) sw tp, 1824(ra)
mem[0x80039988] <- 0x00000001


mem[X,0x8002BA04] -> 0x3537
mem[X,0x8002BA06] -> 0x3333
[4489] [M]: 0x8002BA04 (0x33333537) lui a0, 209715
x10 <- 0x33333000


mem[X,0x8002BA08] -> 0x0513
mem[X,0x8002BA0A] -> 0x3325
[4490] [M]: 0x8002BA08 (0x33250513) addi a0, a0, 818
x10 <- 0x33333332


mem[X,0x8002BA0C] -> 0xB5B7
mem[X,0x8002BA0E] -> 0xAAAA
[4491] [M]: 0x8002BA0C (0xAAAAB5B7) lui a1, 699051
x11 <- 0xAAAAB000


mem[X,0x8002BA10] -> 0x8593
mem[X,0x8002BA12] -> 0xAAA5
[4492] [M]: 0x8002BA10 (0xAAA58593) addi a1, a1, 2730
x11 <- 0xAAAAAAAA


mem[X,0x8002BA14] -> 0x0213
mem[X,0x8002BA16] -> 0x0000
[4493] [M]: 0x8002BA14 (0x00000213) addi tp, zero, 0
x4 <- 0x00000000


mem[X,0x8002BA18] -> 0x006F
mem[X,0x8002BA1A] -> 0x00C0
[4494] [M]: 0x8002BA18 (0x00C0006F) jal zero, 12


mem[X,0x8002BA24] -> 0x1663
mem[X,0x8002BA26] -> 0x00B5
[4495] [M]: 0x8002BA24 (0x00B51663) bne a0, a1, 12


mem[X,0x8002BA30] -> 0x0213
mem[X,0x8002BA32] -> 0x0032
[4496] [M]: 0x8002BA30 (0x00320213) addi tp, tp, 3
x4 <- 0x00000003


mem[X,0x8002BA34] -> 0x006F
mem[X,0x8002BA36] -> 0x0040
[4497] [M]: 0x8002BA34 (0x0040006F) jal zero, 4


mem[X,0x8002BA38] -> 0xA223
mem[X,0x8002BA3A] -> 0x7240
[4498] [M]: 0x8002BA38 (0x7240A223) sw tp, 1828(ra)
mem[0x8003998C] <- 0x00000003


mem[X,0x8002BA3C] -> 0x3537
mem[X,0x8002BA3E] -> 0x3333
[4499] [M]: 0x8002BA3C (0x33333537) lui a0, 209715
x10 <- 0x33333000


clint::tick mtime <- 0x000000000000002D
 clint timer pending at mtime 0x000000000000002D
htif::tick 0x0000000000000000
mem[X,0x8002BA40] -> 0x0513
mem[X,0x8002BA42] -> 0x3325
[4500] [M]: 0x8002BA40 (0x33250513) addi a0, a0, 818
x10 <- 0x33333332


mem[X,0x8002BA44] -> 0x0593
mem[X,0x8002BA46] -> 0x0050
[4501] [M]: 0x8002BA44 (0x00500593) addi a1, zero, 5
x11 <- 0x00000005


mem[X,0x8002BA48] -> 0x0213
mem[X,0x8002BA4A] -> 0x0000
[4502] [M]: 0x8002BA48 (0x00000213) addi tp, zero, 0
x4 <- 0x00000000


mem[X,0x8002BA4C] -> 0x006F
mem[X,0x8002BA4E] -> 0x0140
[4503] [M]: 0x8002BA4C (0x0140006F) jal zero, 20


mem[X,0x8002BA60] -> 0x18E3
mem[X,0x8002BA62] -> 0xFEB5
[4504] [M]: 0x8002BA60 (0xFEB518E3) bne a0, a1, 8176


mem[X,0x8002BA50] -> 0x0213
mem[X,0x8002BA52] -> 0x0012
[4505] [M]: 0x8002BA50 (0x00120213) addi tp, tp, 1
x4 <- 0x00000001


mem[X,0x8002BA54] -> 0x006F
mem[X,0x8002BA56] -> 0x0200
[4506] [M]: 0x8002BA54 (0x0200006F) jal zero, 32


mem[X,0x8002BA74] -> 0xA423
mem[X,0x8002BA76] -> 0x7240
[4507] [M]: 0x8002BA74 (0x7240A423) sw tp, 1832(ra)
mem[0x80039990] <- 0x00000001


mem[X,0x8002BA78] -> 0x3537
mem[X,0x8002BA7A] -> 0x3333
[4508] [M]: 0x8002BA78 (0x33333537) lui a0, 209715
x10 <- 0x33333000


mem[X,0x8002BA7C] -> 0x0513
mem[X,0x8002BA7E] -> 0x3325
[4509] [M]: 0x8002BA7C (0x33250513) addi a0, a0, 818
x10 <- 0x33333332


mem[X,0x8002BA80] -> 0x35B7
mem[X,0x8002BA82] -> 0x3333
[4510] [M]: 0x8002BA80 (0x333335B7) lui a1, 209715
x11 <- 0x33333000


mem[X,0x8002BA84] -> 0x8593
mem[X,0x8002BA86] -> 0x3335
[4511] [M]: 0x8002BA84 (0x33358593) addi a1, a1, 819
x11 <- 0x33333333


mem[X,0x8002BA88] -> 0x0213
mem[X,0x8002BA8A] -> 0x0000
[4512] [M]: 0x8002BA88 (0x00000213) addi tp, zero, 0
x4 <- 0x00000000


mem[X,0x8002BA8C] -> 0x006F
mem[X,0x8002BA8E] -> 0x00C0
[4513] [M]: 0x8002BA8C (0x00C0006F) jal zero, 12


mem[X,0x8002BA98] -> 0x1063
mem[X,0x8002BA9A] -> 0x40B5
[4514] [M]: 0x8002BA98 (0x40B51063) bne a0, a1, 1024


mem[X,0x8002BE98] -> 0x0213
mem[X,0x8002BE9A] -> 0x0032
[4515] [M]: 0x8002BE98 (0x00320213) addi tp, tp, 3
x4 <- 0x00000003


mem[X,0x8002BE9C] -> 0x006F
mem[X,0x8002BE9E] -> 0x0040
[4516] [M]: 0x8002BE9C (0x0040006F) jal zero, 4


mem[X,0x8002BEA0] -> 0xA623
mem[X,0x8002BEA2] -> 0x7240
[4517] [M]: 0x8002BEA0 (0x7240A623) sw tp, 1836(ra)
mem[0x80039994] <- 0x00000003


mem[X,0x8002BEA4] -> 0x3537
mem[X,0x8002BEA6] -> 0x3333
[4518] [M]: 0x8002BEA4 (0x33333537) lui a0, 209715
x10 <- 0x33333000


mem[X,0x8002BEA8] -> 0x0513
mem[X,0x8002BEAA] -> 0x3325
[4519] [M]: 0x8002BEA8 (0x33250513) addi a0, a0, 818
x10 <- 0x33333332


mem[X,0x8002BEAC] -> 0x65B7
mem[X,0x8002BEAE] -> 0x6666
[4520] [M]: 0x8002BEAC (0x666665B7) lui a1, 419430
x11 <- 0x66666000


mem[X,0x8002BEB0] -> 0x8593
mem[X,0x8002BEB2] -> 0x6665
[4521] [M]: 0x8002BEB0 (0x66658593) addi a1, a1, 1638
x11 <- 0x66666666


mem[X,0x8002BEB4] -> 0x0213
mem[X,0x8002BEB6] -> 0x0000
[4522] [M]: 0x8002BEB4 (0x00000213) addi tp, zero, 0
x4 <- 0x00000000


mem[X,0x8002BEB8] -> 0x006F
mem[X,0x8002BEBA] -> 0x00C0
[4523] [M]: 0x8002BEB8 (0x00C0006F) jal zero, 12


mem[X,0x8002BEC4] -> 0x1663
mem[X,0x8002BEC6] -> 0x00B5
[4524] [M]: 0x8002BEC4 (0x00B51663) bne a0, a1, 12


mem[X,0x8002BED0] -> 0x0213
mem[X,0x8002BED2] -> 0x0032
[4525] [M]: 0x8002BED0 (0x00320213) addi tp, tp, 3
x4 <- 0x00000003


mem[X,0x8002BED4] -> 0x006F
mem[X,0x8002BED6] -> 0x0040
[4526] [M]: 0x8002BED4 (0x0040006F) jal zero, 4


mem[X,0x8002BED8] -> 0xA823
mem[X,0x8002BEDA] -> 0x7240
[4527] [M]: 0x8002BED8 (0x7240A823) sw tp, 1840(ra)
mem[0x80039998] <- 0x00000003


mem[X,0x8002BEDC] -> 0x3537
mem[X,0x8002BEDE] -> 0x3333
[4528] [M]: 0x8002BEDC (0x33333537) lui a0, 209715
x10 <- 0x33333000


mem[X,0x8002BEE0] -> 0x0513
mem[X,0x8002BEE2] -> 0x3325
[4529] [M]: 0x8002BEE0 (0x33250513) addi a0, a0, 818
x10 <- 0x33333332


mem[X,0x8002BEE4] -> 0x55B7
mem[X,0x8002BEE6] -> 0xFFFF
[4530] [M]: 0x8002BEE4 (0xFFFF55B7) lui a1, 1048565
x11 <- 0xFFFF5000


mem[X,0x8002BEE8] -> 0x8593
mem[X,0x8002BEEA] -> 0xAFC5
[4531] [M]: 0x8002BEE8 (0xAFC58593) addi a1, a1, 2812
x11 <- 0xFFFF4AFC


mem[X,0x8002BEEC] -> 0x0213
mem[X,0x8002BEEE] -> 0x0000
[4532] [M]: 0x8002BEEC (0x00000213) addi tp, zero, 0
x4 <- 0x00000000


mem[X,0x8002BEF0] -> 0x006F
mem[X,0x8002BEF2] -> 0x0140
[4533] [M]: 0x8002BEF0 (0x0140006F) jal zero, 20


mem[X,0x8002BF04] -> 0x18E3
mem[X,0x8002BF06] -> 0xFEB5
[4534] [M]: 0x8002BF04 (0xFEB518E3) bne a0, a1, 8176


mem[X,0x8002BEF4] -> 0x0213
mem[X,0x8002BEF6] -> 0x0012
[4535] [M]: 0x8002BEF4 (0x00120213) addi tp, tp, 1
x4 <- 0x00000001


mem[X,0x8002BEF8] -> 0x006F
mem[X,0x8002BEFA] -> 0x0200
[4536] [M]: 0x8002BEF8 (0x0200006F) jal zero, 32


mem[X,0x8002BF18] -> 0xAA23
mem[X,0x8002BF1A] -> 0x7240
[4537] [M]: 0x8002BF18 (0x7240AA23) sw tp, 1844(ra)
mem[0x8003999C] <- 0x00000001


mem[X,0x8002BF1C] -> 0x3537
mem[X,0x8002BF1E] -> 0x3333
[4538] [M]: 0x8002BF1C (0x33333537) lui a0, 209715
x10 <- 0x33333000


mem[X,0x8002BF20] -> 0x0513
mem[X,0x8002BF22] -> 0x3325
[4539] [M]: 0x8002BF20 (0x33250513) addi a0, a0, 818
x10 <- 0x33333332


mem[X,0x8002BF24] -> 0xB5B7
mem[X,0x8002BF26] -> 0x0000
[4540] [M]: 0x8002BF24 (0x0000B5B7) lui a1, 11
x11 <- 0x0000B000


mem[X,0x8002BF28] -> 0x8593
mem[X,0x8002BF2A] -> 0x5045
[4541] [M]: 0x8002BF28 (0x50458593) addi a1, a1, 1284
x11 <- 0x0000B504


mem[X,0x8002BF2C] -> 0x0213
mem[X,0x8002BF2E] -> 0x0000
[4542] [M]: 0x8002BF2C (0x00000213) addi tp, zero, 0
x4 <- 0x00000000


mem[X,0x8002BF30] -> 0x006F
mem[X,0x8002BF32] -> 0x2B10
[4543] [M]: 0x8002BF30 (0x2B10006F) jal zero, 2736


mem[X,0x8002C9E0] -> 0x1A63
mem[X,0x8002C9E2] -> 0xD4B5
[4544] [M]: 0x8002C9E0 (0xD4B51A63) bne a0, a1, 5460


mem[X,0x8002BF34] -> 0x0213
mem[X,0x8002BF36] -> 0x0012
[4545] [M]: 0x8002BF34 (0x00120213) addi tp, tp, 1
x4 <- 0x00000001


mem[X,0x8002BF38] -> 0x006F
mem[X,0x8002BF3A] -> 0x2BD0
[4546] [M]: 0x8002BF38 (0x2BD0006F) jal zero, 2748


mem[X,0x8002C9F4] -> 0xAC23
mem[X,0x8002C9F6] -> 0x7240
[4547] [M]: 0x8002C9F4 (0x7240AC23) sw tp, 1848(ra)
mem[0x800399A0] <- 0x00000001


mem[X,0x8002C9F8] -> 0x3537
mem[X,0x8002C9FA] -> 0x3333
[4548] [M]: 0x8002C9F8 (0x33333537) lui a0, 209715
x10 <- 0x33333000


mem[X,0x8002C9FC] -> 0x0513
mem[X,0x8002C9FE] -> 0x3325
[4549] [M]: 0x8002C9FC (0x33250513) addi a0, a0, 818
x10 <- 0x33333332


mem[X,0x8002CA00] -> 0x0593
mem[X,0x8002CA02] -> 0x0020
[4550] [M]: 0x8002CA00 (0x00200593) addi a1, zero, 2
x11 <- 0x00000002


mem[X,0x8002CA04] -> 0x0213
mem[X,0x8002CA06] -> 0x0000
[4551] [M]: 0x8002CA04 (0x00000213) addi tp, zero, 0
x4 <- 0x00000000


mem[X,0x8002CA08] -> 0x006F
mem[X,0x8002CA0A] -> 0x2B10
[4552] [M]: 0x8002CA08 (0x2B10006F) jal zero, 2736


mem[X,0x8002D4B8] -> 0x1A63
mem[X,0x8002D4BA] -> 0xD4B5
[4553] [M]: 0x8002D4B8 (0xD4B51A63) bne a0, a1, 5460


mem[X,0x8002CA0C] -> 0x0213
mem[X,0x8002CA0E] -> 0x0012
[4554] [M]: 0x8002CA0C (0x00120213) addi tp, tp, 1
x4 <- 0x00000001


mem[X,0x8002CA10] -> 0x006F
mem[X,0x8002CA12] -> 0x2BD0
[4555] [M]: 0x8002CA10 (0x2BD0006F) jal zero, 2748


mem[X,0x8002D4CC] -> 0xAE23
mem[X,0x8002D4CE] -> 0x7240
[4556] [M]: 0x8002D4CC (0x7240AE23) sw tp, 1852(ra)
mem[0x800399A4] <- 0x00000001


mem[X,0x8002D4D0] -> 0x3537
mem[X,0x8002D4D2] -> 0x3333
[4557] [M]: 0x8002D4D0 (0x33333537) lui a0, 209715
x10 <- 0x33333000


mem[X,0x8002D4D4] -> 0x0513
mem[X,0x8002D4D6] -> 0x3325
[4558] [M]: 0x8002D4D4 (0x33250513) addi a0, a0, 818
x10 <- 0x33333332


mem[X,0x8002D4D8] -> 0x55B7
mem[X,0x8002D4DA] -> 0x5555
[4559] [M]: 0x8002D4D8 (0x555555B7) lui a1, 349525
x11 <- 0x55555000


mem[X,0x8002D4DC] -> 0x8593
mem[X,0x8002D4DE] -> 0x5545
[4560] [M]: 0x8002D4DC (0x55458593) addi a1, a1, 1364
x11 <- 0x55555554


mem[X,0x8002D4E0] -> 0x0213
mem[X,0x8002D4E2] -> 0x0000
[4561] [M]: 0x8002D4E0 (0x00000213) addi tp, zero, 0
x4 <- 0x00000000


mem[X,0x8002D4E4] -> 0x006F
mem[X,0x8002D4E6] -> 0x00C0
[4562] [M]: 0x8002D4E4 (0x00C0006F) jal zero, 12


mem[X,0x8002D4F0] -> 0x1663
mem[X,0x8002D4F2] -> 0x00B5
[4563] [M]: 0x8002D4F0 (0x00B51663) bne a0, a1, 12


mem[X,0x8002D4FC] -> 0x0213
mem[X,0x8002D4FE] -> 0x0032
[4564] [M]: 0x8002D4FC (0x00320213) addi tp, tp, 3
x4 <- 0x00000003


mem[X,0x8002D500] -> 0x006F
mem[X,0x8002D502] -> 0x0040
[4565] [M]: 0x8002D500 (0x0040006F) jal zero, 4


mem[X,0x8002D504] -> 0xA023
mem[X,0x8002D506] -> 0x7440
[4566] [M]: 0x8002D504 (0x7440A023) sw tp, 1856(ra)
mem[0x800399A8] <- 0x00000003


mem[X,0x8002D508] -> 0x3537
mem[X,0x8002D50A] -> 0x3333
[4567] [M]: 0x8002D508 (0x33333537) lui a0, 209715
x10 <- 0x33333000


mem[X,0x8002D50C] -> 0x0513
mem[X,0x8002D50E] -> 0x3325
[4568] [M]: 0x8002D50C (0x33250513) addi a0, a0, 818
x10 <- 0x33333332


mem[X,0x8002D510] -> 0x0593
mem[X,0x8002D512] -> 0x0000
[4569] [M]: 0x8002D510 (0x00000593) addi a1, zero, 0
x11 <- 0x00000000


mem[X,0x8002D514] -> 0x0213
mem[X,0x8002D516] -> 0x0000
[4570] [M]: 0x8002D514 (0x00000213) addi tp, zero, 0
x4 <- 0x00000000


mem[X,0x8002D518] -> 0x006F
mem[X,0x8002D51A] -> 0x00C0
[4571] [M]: 0x8002D518 (0x00C0006F) jal zero, 12


mem[X,0x8002D524] -> 0x1063
mem[X,0x8002D526] -> 0x20B5
[4572] [M]: 0x8002D524 (0x20B51063) bne a0, a1, 512


mem[X,0x8002D724] -> 0x0213
mem[X,0x8002D726] -> 0x0032
[4573] [M]: 0x8002D724 (0x00320213) addi tp, tp, 3
x4 <- 0x00000003


mem[X,0x8002D728] -> 0x006F
mem[X,0x8002D72A] -> 0x0040
[4574] [M]: 0x8002D728 (0x0040006F) jal zero, 4


mem[X,0x8002D72C] -> 0xA223
mem[X,0x8002D72E] -> 0x7440
[4575] [M]: 0x8002D72C (0x7440A223) sw tp, 1860(ra)
mem[0x800399AC] <- 0x00000003


mem[X,0x8002D730] -> 0x3537
mem[X,0x8002D732] -> 0x3333
[4576] [M]: 0x8002D730 (0x33333537) lui a0, 209715
x10 <- 0x33333000


mem[X,0x8002D734] -> 0x0513
mem[X,0x8002D736] -> 0x3325
[4577] [M]: 0x8002D734 (0x33250513) addi a0, a0, 818
x10 <- 0x33333332


mem[X,0x8002D738] -> 0x0593
mem[X,0x8002D73A] -> 0x0040
[4578] [M]: 0x8002D738 (0x00400593) addi a1, zero, 4
x11 <- 0x00000004


mem[X,0x8002D73C] -> 0x0213
mem[X,0x8002D73E] -> 0x0000
[4579] [M]: 0x8002D73C (0x00000213) addi tp, zero, 0
x4 <- 0x00000000


mem[X,0x8002D740] -> 0x006F
mem[X,0x8002D742] -> 0x00C0
[4580] [M]: 0x8002D740 (0x00C0006F) jal zero, 12


mem[X,0x8002D74C] -> 0x1063
mem[X,0x8002D74E] -> 0x04B5
[4581] [M]: 0x8002D74C (0x04B51063) bne a0, a1, 64


mem[X,0x8002D78C] -> 0x0213
mem[X,0x8002D78E] -> 0x0032
[4582] [M]: 0x8002D78C (0x00320213) addi tp, tp, 3
x4 <- 0x00000003


mem[X,0x8002D790] -> 0x006F
mem[X,0x8002D792] -> 0x0040
[4583] [M]: 0x8002D790 (0x0040006F) jal zero, 4


mem[X,0x8002D794] -> 0xA423
mem[X,0x8002D796] -> 0x7440
[4584] [M]: 0x8002D794 (0x7440A423) sw tp, 1864(ra)
mem[0x800399B0] <- 0x00000003


mem[X,0x8002D798] -> 0x3537
mem[X,0x8002D79A] -> 0x3333
[4585] [M]: 0x8002D798 (0x33333537) lui a0, 209715
x10 <- 0x33333000


mem[X,0x8002D79C] -> 0x0513
mem[X,0x8002D79E] -> 0x3325
[4586] [M]: 0x8002D79C (0x33250513) addi a0, a0, 818
x10 <- 0x33333332


mem[X,0x8002D7A0] -> 0x35B7
mem[X,0x8002D7A2] -> 0x3333
[4587] [M]: 0x8002D7A0 (0x333335B7) lui a1, 209715
x11 <- 0x33333000


mem[X,0x8002D7A4] -> 0x8593
mem[X,0x8002D7A6] -> 0x3325
[4588] [M]: 0x8002D7A4 (0x33258593) addi a1, a1, 818
x11 <- 0x33333332


mem[X,0x8002D7A8] -> 0x0213
mem[X,0x8002D7AA] -> 0x0000
[4589] [M]: 0x8002D7A8 (0x00000213) addi tp, zero, 0
x4 <- 0x00000000


mem[X,0x8002D7AC] -> 0x006F
mem[X,0x8002D7AE] -> 0x00C0
[4590] [M]: 0x8002D7AC (0x00C0006F) jal zero, 12


mem[X,0x8002D7B8] -> 0x1663
mem[X,0x8002D7BA] -> 0x00B5
[4591] [M]: 0x8002D7B8 (0x00B51663) bne a0, a1, 12


mem[X,0x8002D7BC] -> 0x0213
mem[X,0x8002D7BE] -> 0x0022
[4592] [M]: 0x8002D7BC (0x00220213) addi tp, tp, 2
x4 <- 0x00000002


mem[X,0x8002D7C0] -> 0x006F
mem[X,0x8002D7C2] -> 0x00C0
[4593] [M]: 0x8002D7C0 (0x00C0006F) jal zero, 12


mem[X,0x8002D7CC] -> 0xA623
mem[X,0x8002D7CE] -> 0x7440
[4594] [M]: 0x8002D7CC (0x7440A623) sw tp, 1868(ra)
mem[0x800399B4] <- 0x00000002


mem[X,0x8002D7D0] -> 0x3537
mem[X,0x8002D7D2] -> 0x3333
[4595] [M]: 0x8002D7D0 (0x33333537) lui a0, 209715
x10 <- 0x33333000


mem[X,0x8002D7D4] -> 0x0513
mem[X,0x8002D7D6] -> 0x3325
[4596] [M]: 0x8002D7D4 (0x33250513) addi a0, a0, 818
x10 <- 0x33333332


mem[X,0x8002D7D8] -> 0x65B7
mem[X,0x8002D7DA] -> 0x6666
[4597] [M]: 0x8002D7D8 (0x666665B7) lui a1, 419430
x11 <- 0x66666000


mem[X,0x8002D7DC] -> 0x8593
mem[X,0x8002D7DE] -> 0x6655
[4598] [M]: 0x8002D7DC (0x66558593) addi a1, a1, 1637
x11 <- 0x66666665


mem[X,0x8002D7E0] -> 0x0213
mem[X,0x8002D7E2] -> 0x0000
[4599] [M]: 0x8002D7E0 (0x00000213) addi tp, zero, 0
x4 <- 0x00000000


clint::tick mtime <- 0x000000000000002E
 clint timer pending at mtime 0x000000000000002E
htif::tick 0x0000000000000000
mem[X,0x8002D7E4] -> 0x006F
mem[X,0x8002D7E6] -> 0x2B10
[4600] [M]: 0x8002D7E4 (0x2B10006F) jal zero, 2736


mem[X,0x8002E294] -> 0x1A63
mem[X,0x8002E296] -> 0xD4B5
[4601] [M]: 0x8002E294 (0xD4B51A63) bne a0, a1, 5460


mem[X,0x8002D7E8] -> 0x0213
mem[X,0x8002D7EA] -> 0x0012
[4602] [M]: 0x8002D7E8 (0x00120213) addi tp, tp, 1
x4 <- 0x00000001


mem[X,0x8002D7EC] -> 0x006F
mem[X,0x8002D7EE] -> 0x2BD0
[4603] [M]: 0x8002D7EC (0x2BD0006F) jal zero, 2748


mem[X,0x8002E2A8] -> 0xA823
mem[X,0x8002E2AA] -> 0x7440
[4604] [M]: 0x8002E2A8 (0x7440A823) sw tp, 1872(ra)
mem[0x800399B8] <- 0x00000001


mem[X,0x8002E2AC] -> 0x3537
mem[X,0x8002E2AE] -> 0x3333
[4605] [M]: 0x8002E2AC (0x33333537) lui a0, 209715
x10 <- 0x33333000


mem[X,0x8002E2B0] -> 0x0513
mem[X,0x8002E2B2] -> 0x3325
[4606] [M]: 0x8002E2B0 (0x33250513) addi a0, a0, 818
x10 <- 0x33333332


mem[X,0x8002E2B4] -> 0xB5B7
mem[X,0x8002E2B6] -> 0x0000
[4607] [M]: 0x8002E2B4 (0x0000B5B7) lui a1, 11
x11 <- 0x0000B000


mem[X,0x8002E2B8] -> 0x8593
mem[X,0x8002E2BA] -> 0x5035
[4608] [M]: 0x8002E2B8 (0x50358593) addi a1, a1, 1283
x11 <- 0x0000B503


mem[X,0x8002E2BC] -> 0x0213
mem[X,0x8002E2BE] -> 0x0000
[4609] [M]: 0x8002E2BC (0x00000213) addi tp, zero, 0
x4 <- 0x00000000


mem[X,0x8002E2C0] -> 0x006F
mem[X,0x8002E2C2] -> 0x00C0
[4610] [M]: 0x8002E2C0 (0x00C0006F) jal zero, 12


mem[X,0x8002E2CC] -> 0x1663
mem[X,0x8002E2CE] -> 0x00B5
[4611] [M]: 0x8002E2CC (0x00B51663) bne a0, a1, 12


mem[X,0x8002E2D8] -> 0x0213
mem[X,0x8002E2DA] -> 0x0032
[4612] [M]: 0x8002E2D8 (0x00320213) addi tp, tp, 3
x4 <- 0x00000003


mem[X,0x8002E2DC] -> 0x006F
mem[X,0x8002E2DE] -> 0x0040
[4613] [M]: 0x8002E2DC (0x0040006F) jal zero, 4


mem[X,0x8002E2E0] -> 0xAA23
mem[X,0x8002E2E2] -> 0x7440
[4614] [M]: 0x8002E2E0 (0x7440AA23) sw tp, 1876(ra)
mem[0x800399BC] <- 0x00000003


mem[X,0x8002E2E4] -> 0x3537
mem[X,0x8002E2E6] -> 0x3333
[4615] [M]: 0x8002E2E4 (0x33333537) lui a0, 209715
x10 <- 0x33333000


mem[X,0x8002E2E8] -> 0x0513
mem[X,0x8002E2EA] -> 0x3325
[4616] [M]: 0x8002E2E8 (0x33250513) addi a0, a0, 818
x10 <- 0x33333332


mem[X,0x8002E2EC] -> 0x55B7
mem[X,0x8002E2EE] -> 0x5555
[4617] [M]: 0x8002E2EC (0x555555B7) lui a1, 349525
x11 <- 0x55555000


mem[X,0x8002E2F0] -> 0x8593
mem[X,0x8002E2F2] -> 0x5565
[4618] [M]: 0x8002E2F0 (0x55658593) addi a1, a1, 1366
x11 <- 0x55555556


mem[X,0x8002E2F4] -> 0x0213
mem[X,0x8002E2F6] -> 0x0000
[4619] [M]: 0x8002E2F4 (0x00000213) addi tp, zero, 0
x4 <- 0x00000000


mem[X,0x8002E2F8] -> 0x006F
mem[X,0x8002E2FA] -> 0x00C0
[4620] [M]: 0x8002E2F8 (0x00C0006F) jal zero, 12


mem[X,0x8002E304] -> 0x1063
mem[X,0x8002E306] -> 0x40B5
[4621] [M]: 0x8002E304 (0x40B51063) bne a0, a1, 1024


mem[X,0x8002E704] -> 0x0213
mem[X,0x8002E706] -> 0x0032
[4622] [M]: 0x8002E704 (0x00320213) addi tp, tp, 3
x4 <- 0x00000003


mem[X,0x8002E708] -> 0x006F
mem[X,0x8002E70A] -> 0x0040
[4623] [M]: 0x8002E708 (0x0040006F) jal zero, 4


mem[X,0x8002E70C] -> 0xAC23
mem[X,0x8002E70E] -> 0x7440
[4624] [M]: 0x8002E70C (0x7440AC23) sw tp, 1880(ra)
mem[0x800399C0] <- 0x00000003


mem[X,0x8002E710] -> 0x3537
mem[X,0x8002E712] -> 0x3333
[4625] [M]: 0x8002E710 (0x33333537) lui a0, 209715
x10 <- 0x33333000


mem[X,0x8002E714] -> 0x0513
mem[X,0x8002E716] -> 0x3325
[4626] [M]: 0x8002E714 (0x33250513) addi a0, a0, 818
x10 <- 0x33333332


mem[X,0x8002E718] -> 0xB5B7
mem[X,0x8002E71A] -> 0xAAAA
[4627] [M]: 0x8002E718 (0xAAAAB5B7) lui a1, 699051
x11 <- 0xAAAAB000


mem[X,0x8002E71C] -> 0x8593
mem[X,0x8002E71E] -> 0xAAB5
[4628] [M]: 0x8002E71C (0xAAB58593) addi a1, a1, 2731
x11 <- 0xAAAAAAAB


mem[X,0x8002E720] -> 0x0213
mem[X,0x8002E722] -> 0x0000
[4629] [M]: 0x8002E720 (0x00000213) addi tp, zero, 0
x4 <- 0x00000000


mem[X,0x8002E724] -> 0x006F
mem[X,0x8002E726] -> 0x2B10
[4630] [M]: 0x8002E724 (0x2B10006F) jal zero, 2736


mem[X,0x8002F1D4] -> 0x1A63
mem[X,0x8002F1D6] -> 0xD4B5
[4631] [M]: 0x8002F1D4 (0xD4B51A63) bne a0, a1, 5460


mem[X,0x8002E728] -> 0x0213
mem[X,0x8002E72A] -> 0x0012
[4632] [M]: 0x8002E728 (0x00120213) addi tp, tp, 1
x4 <- 0x00000001


mem[X,0x8002E72C] -> 0x006F
mem[X,0x8002E72E] -> 0x2BD0
[4633] [M]: 0x8002E72C (0x2BD0006F) jal zero, 2748


mem[X,0x8002F1E8] -> 0xAE23
mem[X,0x8002F1EA] -> 0x7440
[4634] [M]: 0x8002F1E8 (0x7440AE23) sw tp, 1884(ra)
mem[0x800399C4] <- 0x00000001


mem[X,0x8002F1EC] -> 0x3537
mem[X,0x8002F1EE] -> 0x3333
[4635] [M]: 0x8002F1EC (0x33333537) lui a0, 209715
x10 <- 0x33333000


mem[X,0x8002F1F0] -> 0x0513
mem[X,0x8002F1F2] -> 0x3325
[4636] [M]: 0x8002F1F0 (0x33250513) addi a0, a0, 818
x10 <- 0x33333332


mem[X,0x8002F1F4] -> 0x0593
mem[X,0x8002F1F6] -> 0x0060
[4637] [M]: 0x8002F1F4 (0x00600593) addi a1, zero, 6
x11 <- 0x00000006


mem[X,0x8002F1F8] -> 0x0213
mem[X,0x8002F1FA] -> 0x0000
[4638] [M]: 0x8002F1F8 (0x00000213) addi tp, zero, 0
x4 <- 0x00000000


mem[X,0x8002F1FC] -> 0x006F
mem[X,0x8002F1FE] -> 0x00C0
[4639] [M]: 0x8002F1FC (0x00C0006F) jal zero, 12


mem[X,0x8002F208] -> 0x1863
mem[X,0x8002F20A] -> 0x00B5
[4640] [M]: 0x8002F208 (0x00B51863) bne a0, a1, 16


mem[X,0x8002F218] -> 0x0213
mem[X,0x8002F21A] -> 0x0032
[4641] [M]: 0x8002F218 (0x00320213) addi tp, tp, 3
x4 <- 0x00000003


mem[X,0x8002F21C] -> 0x006F
mem[X,0x8002F21E] -> 0x0040
[4642] [M]: 0x8002F21C (0x0040006F) jal zero, 4


mem[X,0x8002F220] -> 0xA023
mem[X,0x8002F222] -> 0x7640
[4643] [M]: 0x8002F220 (0x7640A023) sw tp, 1888(ra)
mem[0x800399C8] <- 0x00000003


mem[X,0x8002F224] -> 0x3537
mem[X,0x8002F226] -> 0x3333
[4644] [M]: 0x8002F224 (0x33333537) lui a0, 209715
x10 <- 0x33333000


mem[X,0x8002F228] -> 0x0513
mem[X,0x8002F22A] -> 0x3325
[4645] [M]: 0x8002F228 (0x33250513) addi a0, a0, 818
x10 <- 0x33333332


mem[X,0x8002F22C] -> 0x35B7
mem[X,0x8002F22E] -> 0x3333
[4646] [M]: 0x8002F22C (0x333335B7) lui a1, 209715
x11 <- 0x33333000


mem[X,0x8002F230] -> 0x8593
mem[X,0x8002F232] -> 0x3345
[4647] [M]: 0x8002F230 (0x33458593) addi a1, a1, 820
x11 <- 0x33333334


mem[X,0x8002F234] -> 0x0213
mem[X,0x8002F236] -> 0x0000
[4648] [M]: 0x8002F234 (0x00000213) addi tp, zero, 0
x4 <- 0x00000000


mem[X,0x8002F238] -> 0x006F
mem[X,0x8002F23A] -> 0x00C0
[4649] [M]: 0x8002F238 (0x00C0006F) jal zero, 12


mem[X,0x8002F244] -> 0x1663
mem[X,0x8002F246] -> 0x00B5
[4650] [M]: 0x8002F244 (0x00B51663) bne a0, a1, 12


mem[X,0x8002F250] -> 0x0213
mem[X,0x8002F252] -> 0x0032
[4651] [M]: 0x8002F250 (0x00320213) addi tp, tp, 3
x4 <- 0x00000003


mem[X,0x8002F254] -> 0x006F
mem[X,0x8002F256] -> 0x0040
[4652] [M]: 0x8002F254 (0x0040006F) jal zero, 4


mem[X,0x8002F258] -> 0xA223
mem[X,0x8002F25A] -> 0x7640
[4653] [M]: 0x8002F258 (0x7640A223) sw tp, 1892(ra)
mem[0x800399CC] <- 0x00000003


mem[X,0x8002F25C] -> 0x3537
mem[X,0x8002F25E] -> 0x3333
[4654] [M]: 0x8002F25C (0x33333537) lui a0, 209715
x10 <- 0x33333000


mem[X,0x8002F260] -> 0x0513
mem[X,0x8002F262] -> 0x3325
[4655] [M]: 0x8002F260 (0x33250513) addi a0, a0, 818
x10 <- 0x33333332


mem[X,0x8002F264] -> 0x65B7
mem[X,0x8002F266] -> 0x6666
[4656] [M]: 0x8002F264 (0x666665B7) lui a1, 419430
x11 <- 0x66666000


mem[X,0x8002F268] -> 0x8593
mem[X,0x8002F26A] -> 0x6675
[4657] [M]: 0x8002F268 (0x66758593) addi a1, a1, 1639
x11 <- 0x66666667


mem[X,0x8002F26C] -> 0x0213
mem[X,0x8002F26E] -> 0x0000
[4658] [M]: 0x8002F26C (0x00000213) addi tp, zero, 0
x4 <- 0x00000000


mem[X,0x8002F270] -> 0x006F
mem[X,0x8002F272] -> 0x00C0
[4659] [M]: 0x8002F270 (0x00C0006F) jal zero, 12


mem[X,0x8002F27C] -> 0x1063
mem[X,0x8002F27E] -> 0x20B5
[4660] [M]: 0x8002F27C (0x20B51063) bne a0, a1, 512


mem[X,0x8002F47C] -> 0x0213
mem[X,0x8002F47E] -> 0x0032
[4661] [M]: 0x8002F47C (0x00320213) addi tp, tp, 3
x4 <- 0x00000003


mem[X,0x8002F480] -> 0x006F
mem[X,0x8002F482] -> 0x0040
[4662] [M]: 0x8002F480 (0x0040006F) jal zero, 4


mem[X,0x8002F484] -> 0xA423
mem[X,0x8002F486] -> 0x7640
[4663] [M]: 0x8002F484 (0x7640A423) sw tp, 1896(ra)
mem[0x800399D0] <- 0x00000003


mem[X,0x8002F488] -> 0x3537
mem[X,0x8002F48A] -> 0x3333
[4664] [M]: 0x8002F488 (0x33333537) lui a0, 209715
x10 <- 0x33333000


mem[X,0x8002F48C] -> 0x0513
mem[X,0x8002F48E] -> 0x3325
[4665] [M]: 0x8002F48C (0x33250513) addi a0, a0, 818
x10 <- 0x33333332


mem[X,0x8002F490] -> 0x55B7
mem[X,0x8002F492] -> 0xFFFF
[4666] [M]: 0x8002F490 (0xFFFF55B7) lui a1, 1048565
x11 <- 0xFFFF5000


mem[X,0x8002F494] -> 0x8593
mem[X,0x8002F496] -> 0xAFD5
[4667] [M]: 0x8002F494 (0xAFD58593) addi a1, a1, 2813
x11 <- 0xFFFF4AFD


mem[X,0x8002F498] -> 0x0213
mem[X,0x8002F49A] -> 0x0000
[4668] [M]: 0x8002F498 (0x00000213) addi tp, zero, 0
x4 <- 0x00000000


mem[X,0x8002F49C] -> 0x006F
mem[X,0x8002F49E] -> 0x00C0
[4669] [M]: 0x8002F49C (0x00C0006F) jal zero, 12


mem[X,0x8002F4A8] -> 0x1663
mem[X,0x8002F4AA] -> 0x00B5
[4670] [M]: 0x8002F4A8 (0x00B51663) bne a0, a1, 12


mem[X,0x8002F4B4] -> 0x0213
mem[X,0x8002F4B6] -> 0x0032
[4671] [M]: 0x8002F4B4 (0x00320213) addi tp, tp, 3
x4 <- 0x00000003


mem[X,0x8002F4B8] -> 0x006F
mem[X,0x8002F4BA] -> 0x0040
[4672] [M]: 0x8002F4B8 (0x0040006F) jal zero, 4


mem[X,0x8002F4BC] -> 0xA623
mem[X,0x8002F4BE] -> 0x7640
[4673] [M]: 0x8002F4BC (0x7640A623) sw tp, 1900(ra)
mem[0x800399D4] <- 0x00000003


mem[X,0x8002F4C0] -> 0x3537
mem[X,0x8002F4C2] -> 0x3333
[4674] [M]: 0x8002F4C0 (0x33333537) lui a0, 209715
x10 <- 0x33333000


mem[X,0x8002F4C4] -> 0x0513
mem[X,0x8002F4C6] -> 0x3325
[4675] [M]: 0x8002F4C4 (0x33250513) addi a0, a0, 818
x10 <- 0x33333332


mem[X,0x8002F4C8] -> 0xB5B7
mem[X,0x8002F4CA] -> 0x0000
[4676] [M]: 0x8002F4C8 (0x0000B5B7) lui a1, 11
x11 <- 0x0000B000


mem[X,0x8002F4CC] -> 0x8593
mem[X,0x8002F4CE] -> 0x5055
[4677] [M]: 0x8002F4CC (0x50558593) addi a1, a1, 1285
x11 <- 0x0000B505


mem[X,0x8002F4D0] -> 0x0213
mem[X,0x8002F4D2] -> 0x0000
[4678] [M]: 0x8002F4D0 (0x00000213) addi tp, zero, 0
x4 <- 0x00000000


mem[X,0x8002F4D4] -> 0x006F
mem[X,0x8002F4D6] -> 0x00C0
[4679] [M]: 0x8002F4D4 (0x00C0006F) jal zero, 12


mem[X,0x8002F4E0] -> 0x1063
mem[X,0x8002F4E2] -> 0x40B5
[4680] [M]: 0x8002F4E0 (0x40B51063) bne a0, a1, 1024


mem[X,0x8002F8E0] -> 0x0213
mem[X,0x8002F8E2] -> 0x0032
[4681] [M]: 0x8002F8E0 (0x00320213) addi tp, tp, 3
x4 <- 0x00000003


mem[X,0x8002F8E4] -> 0x006F
mem[X,0x8002F8E6] -> 0x0040
[4682] [M]: 0x8002F8E4 (0x0040006F) jal zero, 4


mem[X,0x8002F8E8] -> 0xA823
mem[X,0x8002F8EA] -> 0x7640
[4683] [M]: 0x8002F8E8 (0x7640A823) sw tp, 1904(ra)
mem[0x800399D8] <- 0x00000003


mem[X,0x8002F8EC] -> 0x6537
mem[X,0x8002F8EE] -> 0x6666
[4684] [M]: 0x8002F8EC (0x66666537) lui a0, 419430
x10 <- 0x66666000


mem[X,0x8002F8F0] -> 0x0513
mem[X,0x8002F8F2] -> 0x6655
[4685] [M]: 0x8002F8F0 (0x66550513) addi a0, a0, 1637
x10 <- 0x66666665


mem[X,0x8002F8F4] -> 0x0593
mem[X,0x8002F8F6] -> 0x0030
[4686] [M]: 0x8002F8F4 (0x00300593) addi a1, zero, 3
x11 <- 0x00000003


mem[X,0x8002F8F8] -> 0x0213
mem[X,0x8002F8FA] -> 0x0000
[4687] [M]: 0x8002F8F8 (0x00000213) addi tp, zero, 0
x4 <- 0x00000000


mem[X,0x8002F8FC] -> 0x006F
mem[X,0x8002F8FE] -> 0x00C0
[4688] [M]: 0x8002F8FC (0x00C0006F) jal zero, 12


mem[X,0x8002F908] -> 0x1063
mem[X,0x8002F90A] -> 0x40B5
[4689] [M]: 0x8002F908 (0x40B51063) bne a0, a1, 1024


mem[X,0x8002FD08] -> 0x0213
mem[X,0x8002FD0A] -> 0x0032
[4690] [M]: 0x8002FD08 (0x00320213) addi tp, tp, 3
x4 <- 0x00000003


mem[X,0x8002FD0C] -> 0x006F
mem[X,0x8002FD0E] -> 0x0040
[4691] [M]: 0x8002FD0C (0x0040006F) jal zero, 4


mem[X,0x8002FD10] -> 0xAA23
mem[X,0x8002FD12] -> 0x7640
[4692] [M]: 0x8002FD10 (0x7640AA23) sw tp, 1908(ra)
mem[0x800399DC] <- 0x00000003


mem[X,0x8002FD14] -> 0x6537
mem[X,0x8002FD16] -> 0x6666
[4693] [M]: 0x8002FD14 (0x66666537) lui a0, 419430
x10 <- 0x66666000


mem[X,0x8002FD18] -> 0x0513
mem[X,0x8002FD1A] -> 0x6655
[4694] [M]: 0x8002FD18 (0x66550513) addi a0, a0, 1637
x10 <- 0x66666665


mem[X,0x8002FD1C] -> 0x55B7
mem[X,0x8002FD1E] -> 0x5555
[4695] [M]: 0x8002FD1C (0x555555B7) lui a1, 349525
x11 <- 0x55555000


mem[X,0x8002FD20] -> 0x8593
mem[X,0x8002FD22] -> 0x5555
[4696] [M]: 0x8002FD20 (0x55558593) addi a1, a1, 1365
x11 <- 0x55555555


mem[X,0x8002FD24] -> 0x0213
mem[X,0x8002FD26] -> 0x0000
[4697] [M]: 0x8002FD24 (0x00000213) addi tp, zero, 0
x4 <- 0x00000000


mem[X,0x8002FD28] -> 0x006F
mem[X,0x8002FD2A] -> 0x00C0
[4698] [M]: 0x8002FD28 (0x00C0006F) jal zero, 12


mem[X,0x8002FD34] -> 0x1863
mem[X,0x8002FD36] -> 0x00B5
[4699] [M]: 0x8002FD34 (0x00B51863) bne a0, a1, 16


clint::tick mtime <- 0x000000000000002F
 clint timer pending at mtime 0x000000000000002F
htif::tick 0x0000000000000000
mem[X,0x8002FD44] -> 0x0213
mem[X,0x8002FD46] -> 0x0032
[4700] [M]: 0x8002FD44 (0x00320213) addi tp, tp, 3
x4 <- 0x00000003


mem[X,0x8002FD48] -> 0x006F
mem[X,0x8002FD4A] -> 0x0040
[4701] [M]: 0x8002FD48 (0x0040006F) jal zero, 4


mem[X,0x8002FD4C] -> 0xAC23
mem[X,0x8002FD4E] -> 0x7640
[4702] [M]: 0x8002FD4C (0x7640AC23) sw tp, 1912(ra)
mem[0x800399E0] <- 0x00000003


mem[X,0x8002FD50] -> 0x6537
mem[X,0x8002FD52] -> 0x6666
[4703] [M]: 0x8002FD50 (0x66666537) lui a0, 419430
x10 <- 0x66666000


mem[X,0x8002FD54] -> 0x0513
mem[X,0x8002FD56] -> 0x6655
[4704] [M]: 0x8002FD54 (0x66550513) addi a0, a0, 1637
x10 <- 0x66666665


mem[X,0x8002FD58] -> 0xB5B7
mem[X,0x8002FD5A] -> 0xAAAA
[4705] [M]: 0x8002FD58 (0xAAAAB5B7) lui a1, 699051
x11 <- 0xAAAAB000


mem[X,0x8002FD5C] -> 0x8593
mem[X,0x8002FD5E] -> 0xAAA5
[4706] [M]: 0x8002FD5C (0xAAA58593) addi a1, a1, 2730
x11 <- 0xAAAAAAAA


mem[X,0x8002FD60] -> 0x0213
mem[X,0x8002FD62] -> 0x0000
[4707] [M]: 0x8002FD60 (0x00000213) addi tp, zero, 0
x4 <- 0x00000000


mem[X,0x8002FD64] -> 0x006F
mem[X,0x8002FD66] -> 0x00C0
[4708] [M]: 0x8002FD64 (0x00C0006F) jal zero, 12


mem[X,0x8002FD70] -> 0x1663
mem[X,0x8002FD72] -> 0x00B5
[4709] [M]: 0x8002FD70 (0x00B51663) bne a0, a1, 12


mem[X,0x8002FD7C] -> 0x0213
mem[X,0x8002FD7E] -> 0x0032
[4710] [M]: 0x8002FD7C (0x00320213) addi tp, tp, 3
x4 <- 0x00000003


mem[X,0x8002FD80] -> 0x006F
mem[X,0x8002FD82] -> 0x0040
[4711] [M]: 0x8002FD80 (0x0040006F) jal zero, 4


mem[X,0x8002FD84] -> 0xAE23
mem[X,0x8002FD86] -> 0x7640
[4712] [M]: 0x8002FD84 (0x7640AE23) sw tp, 1916(ra)
mem[0x800399E4] <- 0x00000003


mem[X,0x8002FD88] -> 0x6537
mem[X,0x8002FD8A] -> 0x6666
[4713] [M]: 0x8002FD88 (0x66666537) lui a0, 419430
x10 <- 0x66666000


mem[X,0x8002FD8C] -> 0x0513
mem[X,0x8002FD8E] -> 0x6655
[4714] [M]: 0x8002FD8C (0x66550513) addi a0, a0, 1637
x10 <- 0x66666665


mem[X,0x8002FD90] -> 0x0593
mem[X,0x8002FD92] -> 0x0050
[4715] [M]: 0x8002FD90 (0x00500593) addi a1, zero, 5
x11 <- 0x00000005


mem[X,0x8002FD94] -> 0x0213
mem[X,0x8002FD96] -> 0x0000
[4716] [M]: 0x8002FD94 (0x00000213) addi tp, zero, 0
x4 <- 0x00000000


mem[X,0x8002FD98] -> 0x006F
mem[X,0x8002FD9A] -> 0x00C0
[4717] [M]: 0x8002FD98 (0x00C0006F) jal zero, 12


mem[X,0x8002FDA4] -> 0x1663
mem[X,0x8002FDA6] -> 0x00B5
[4718] [M]: 0x8002FDA4 (0x00B51663) bne a0, a1, 12


mem[X,0x8002FDB0] -> 0x0213
mem[X,0x8002FDB2] -> 0x0032
[4719] [M]: 0x8002FDB0 (0x00320213) addi tp, tp, 3
x4 <- 0x00000003


mem[X,0x8002FDB4] -> 0x006F
mem[X,0x8002FDB6] -> 0x0040
[4720] [M]: 0x8002FDB4 (0x0040006F) jal zero, 4


mem[X,0x8002FDB8] -> 0xA023
mem[X,0x8002FDBA] -> 0x7840
[4721] [M]: 0x8002FDB8 (0x7840A023) sw tp, 1920(ra)
mem[0x800399E8] <- 0x00000003


mem[X,0x8002FDBC] -> 0x6537
mem[X,0x8002FDBE] -> 0x6666
[4722] [M]: 0x8002FDBC (0x66666537) lui a0, 419430
x10 <- 0x66666000


mem[X,0x8002FDC0] -> 0x0513
mem[X,0x8002FDC2] -> 0x6655
[4723] [M]: 0x8002FDC0 (0x66550513) addi a0, a0, 1637
x10 <- 0x66666665


mem[X,0x8002FDC4] -> 0x35B7
mem[X,0x8002FDC6] -> 0x3333
[4724] [M]: 0x8002FDC4 (0x333335B7) lui a1, 209715
x11 <- 0x33333000


mem[X,0x8002FDC8] -> 0x8593
mem[X,0x8002FDCA] -> 0x3335
[4725] [M]: 0x8002FDC8 (0x33358593) addi a1, a1, 819
x11 <- 0x33333333


mem[X,0x8002FDCC] -> 0x0213
mem[X,0x8002FDCE] -> 0x0000
[4726] [M]: 0x8002FDCC (0x00000213) addi tp, zero, 0
x4 <- 0x00000000


mem[X,0x8002FDD0] -> 0x006F
mem[X,0x8002FDD2] -> 0x00C0
[4727] [M]: 0x8002FDD0 (0x00C0006F) jal zero, 12


mem[X,0x8002FDDC] -> 0x1663
mem[X,0x8002FDDE] -> 0x00B5
[4728] [M]: 0x8002FDDC (0x00B51663) bne a0, a1, 12


mem[X,0x8002FDE8] -> 0x0213
mem[X,0x8002FDEA] -> 0x0032
[4729] [M]: 0x8002FDE8 (0x00320213) addi tp, tp, 3
x4 <- 0x00000003


mem[X,0x8002FDEC] -> 0x006F
mem[X,0x8002FDEE] -> 0x0040
[4730] [M]: 0x8002FDEC (0x0040006F) jal zero, 4


mem[X,0x8002FDF0] -> 0xA223
mem[X,0x8002FDF2] -> 0x7840
[4731] [M]: 0x8002FDF0 (0x7840A223) sw tp, 1924(ra)
mem[0x800399EC] <- 0x00000003


mem[X,0x8002FDF4] -> 0x6537
mem[X,0x8002FDF6] -> 0x6666
[4732] [M]: 0x8002FDF4 (0x66666537) lui a0, 419430
x10 <- 0x66666000


mem[X,0x8002FDF8] -> 0x0513
mem[X,0x8002FDFA] -> 0x6655
[4733] [M]: 0x8002FDF8 (0x66550513) addi a0, a0, 1637
x10 <- 0x66666665


mem[X,0x8002FDFC] -> 0x65B7
mem[X,0x8002FDFE] -> 0x6666
[4734] [M]: 0x8002FDFC (0x666665B7) lui a1, 419430
x11 <- 0x66666000


mem[X,0x8002FE00] -> 0x8593
mem[X,0x8002FE02] -> 0x6665
[4735] [M]: 0x8002FE00 (0x66658593) addi a1, a1, 1638
x11 <- 0x66666666


mem[X,0x8002FE04] -> 0x0213
mem[X,0x8002FE06] -> 0x0000
[4736] [M]: 0x8002FE04 (0x00000213) addi tp, zero, 0
x4 <- 0x00000000


mem[X,0x8002FE08] -> 0x006F
mem[X,0x8002FE0A] -> 0x00C0
[4737] [M]: 0x8002FE08 (0x00C0006F) jal zero, 12


mem[X,0x8002FE14] -> 0x1063
mem[X,0x8002FE16] -> 0x10B5
[4738] [M]: 0x8002FE14 (0x10B51063) bne a0, a1, 256


mem[X,0x8002FF14] -> 0x0213
mem[X,0x8002FF16] -> 0x0032
[4739] [M]: 0x8002FF14 (0x00320213) addi tp, tp, 3
x4 <- 0x00000003


mem[X,0x8002FF18] -> 0x006F
mem[X,0x8002FF1A] -> 0x0040
[4740] [M]: 0x8002FF18 (0x0040006F) jal zero, 4


mem[X,0x8002FF1C] -> 0xA423
mem[X,0x8002FF1E] -> 0x7840
[4741] [M]: 0x8002FF1C (0x7840A423) sw tp, 1928(ra)
mem[0x800399F0] <- 0x00000003


mem[X,0x8002FF20] -> 0x6537
mem[X,0x8002FF22] -> 0x6666
[4742] [M]: 0x8002FF20 (0x66666537) lui a0, 419430
x10 <- 0x66666000


mem[X,0x8002FF24] -> 0x0513
mem[X,0x8002FF26] -> 0x6655
[4743] [M]: 0x8002FF24 (0x66550513) addi a0, a0, 1637
x10 <- 0x66666665


mem[X,0x8002FF28] -> 0x55B7
mem[X,0x8002FF2A] -> 0xFFFF
[4744] [M]: 0x8002FF28 (0xFFFF55B7) lui a1, 1048565
x11 <- 0xFFFF5000


mem[X,0x8002FF2C] -> 0x8593
mem[X,0x8002FF2E] -> 0xAFC5
[4745] [M]: 0x8002FF2C (0xAFC58593) addi a1, a1, 2812
x11 <- 0xFFFF4AFC


mem[X,0x8002FF30] -> 0x0213
mem[X,0x8002FF32] -> 0x0000
[4746] [M]: 0x8002FF30 (0x00000213) addi tp, zero, 0
x4 <- 0x00000000


mem[X,0x8002FF34] -> 0x006F
mem[X,0x8002FF36] -> 0x00C0
[4747] [M]: 0x8002FF34 (0x00C0006F) jal zero, 12


mem[X,0x8002FF40] -> 0x1063
mem[X,0x8002FF42] -> 0x40B5
[4748] [M]: 0x8002FF40 (0x40B51063) bne a0, a1, 1024


mem[X,0x80030340] -> 0x0213
mem[X,0x80030342] -> 0x0032
[4749] [M]: 0x80030340 (0x00320213) addi tp, tp, 3
x4 <- 0x00000003


mem[X,0x80030344] -> 0x006F
mem[X,0x80030346] -> 0x0040
[4750] [M]: 0x80030344 (0x0040006F) jal zero, 4


mem[X,0x80030348] -> 0xA623
mem[X,0x8003034A] -> 0x7840
[4751] [M]: 0x80030348 (0x7840A623) sw tp, 1932(ra)
mem[0x800399F4] <- 0x00000003


mem[X,0x8003034C] -> 0x6537
mem[X,0x8003034E] -> 0x6666
[4752] [M]: 0x8003034C (0x66666537) lui a0, 419430
x10 <- 0x66666000


mem[X,0x80030350] -> 0x0513
mem[X,0x80030352] -> 0x6655
[4753] [M]: 0x80030350 (0x66550513) addi a0, a0, 1637
x10 <- 0x66666665


mem[X,0x80030354] -> 0xB5B7
mem[X,0x80030356] -> 0x0000
[4754] [M]: 0x80030354 (0x0000B5B7) lui a1, 11
x11 <- 0x0000B000


mem[X,0x80030358] -> 0x8593
mem[X,0x8003035A] -> 0x5045
[4755] [M]: 0x80030358 (0x50458593) addi a1, a1, 1284
x11 <- 0x0000B504


mem[X,0x8003035C] -> 0x0213
mem[X,0x8003035E] -> 0x0000
[4756] [M]: 0x8003035C (0x00000213) addi tp, zero, 0
x4 <- 0x00000000


mem[X,0x80030360] -> 0x006F
mem[X,0x80030362] -> 0x00C0
[4757] [M]: 0x80030360 (0x00C0006F) jal zero, 12


mem[X,0x8003036C] -> 0x1663
mem[X,0x8003036E] -> 0x00B5
[4758] [M]: 0x8003036C (0x00B51663) bne a0, a1, 12


mem[X,0x80030378] -> 0x0213
mem[X,0x8003037A] -> 0x0032
[4759] [M]: 0x80030378 (0x00320213) addi tp, tp, 3
x4 <- 0x00000003


mem[X,0x8003037C] -> 0x006F
mem[X,0x8003037E] -> 0x0040
[4760] [M]: 0x8003037C (0x0040006F) jal zero, 4


mem[X,0x80030380] -> 0xA823
mem[X,0x80030382] -> 0x7840
[4761] [M]: 0x80030380 (0x7840A823) sw tp, 1936(ra)
mem[0x800399F8] <- 0x00000003


mem[X,0x80030384] -> 0x6537
mem[X,0x80030386] -> 0x6666
[4762] [M]: 0x80030384 (0x66666537) lui a0, 419430
x10 <- 0x66666000


mem[X,0x80030388] -> 0x0513
mem[X,0x8003038A] -> 0x6655
[4763] [M]: 0x80030388 (0x66550513) addi a0, a0, 1637
x10 <- 0x66666665


mem[X,0x8003038C] -> 0x0593
mem[X,0x8003038E] -> 0x0020
[4764] [M]: 0x8003038C (0x00200593) addi a1, zero, 2
x11 <- 0x00000002


mem[X,0x80030390] -> 0x0213
mem[X,0x80030392] -> 0x0000
[4765] [M]: 0x80030390 (0x00000213) addi tp, zero, 0
x4 <- 0x00000000


mem[X,0x80030394] -> 0x006F
mem[X,0x80030396] -> 0x0050
[4766] [M]: 0x80030394 (0x0050006F) jal zero, 2052


mem[X,0x80030B98] -> 0x10E3
mem[X,0x80030B9A] -> 0x80B5
[4767] [M]: 0x80030B98 (0x80B510E3) bne a0, a1, 6144


mem[X,0x80030398] -> 0x0213
mem[X,0x8003039A] -> 0x0012
[4768] [M]: 0x80030398 (0x00120213) addi tp, tp, 1
x4 <- 0x00000001


mem[X,0x8003039C] -> 0x006F
mem[X,0x8003039E] -> 0x0110
[4769] [M]: 0x8003039C (0x0110006F) jal zero, 2064


mem[X,0x80030BAC] -> 0xAA23
mem[X,0x80030BAE] -> 0x7840
[4770] [M]: 0x80030BAC (0x7840AA23) sw tp, 1940(ra)
mem[0x800399FC] <- 0x00000001


mem[X,0x80030BB0] -> 0x6537
mem[X,0x80030BB2] -> 0x6666
[4771] [M]: 0x80030BB0 (0x66666537) lui a0, 419430
x10 <- 0x66666000


mem[X,0x80030BB4] -> 0x0513
mem[X,0x80030BB6] -> 0x6655
[4772] [M]: 0x80030BB4 (0x66550513) addi a0, a0, 1637
x10 <- 0x66666665


mem[X,0x80030BB8] -> 0x55B7
mem[X,0x80030BBA] -> 0x5555
[4773] [M]: 0x80030BB8 (0x555555B7) lui a1, 349525
x11 <- 0x55555000


mem[X,0x80030BBC] -> 0x8593
mem[X,0x80030BBE] -> 0x5545
[4774] [M]: 0x80030BBC (0x55458593) addi a1, a1, 1364
x11 <- 0x55555554


mem[X,0x80030BC0] -> 0x0213
mem[X,0x80030BC2] -> 0x0000
[4775] [M]: 0x80030BC0 (0x00000213) addi tp, zero, 0
x4 <- 0x00000000


mem[X,0x80030BC4] -> 0x006F
mem[X,0x80030BC6] -> 0x2B10
[4776] [M]: 0x80030BC4 (0x2B10006F) jal zero, 2736


mem[X,0x80031674] -> 0x1A63
mem[X,0x80031676] -> 0xD4B5
[4777] [M]: 0x80031674 (0xD4B51A63) bne a0, a1, 5460


mem[X,0x80030BC8] -> 0x0213
mem[X,0x80030BCA] -> 0x0012
[4778] [M]: 0x80030BC8 (0x00120213) addi tp, tp, 1
x4 <- 0x00000001


mem[X,0x80030BCC] -> 0x006F
mem[X,0x80030BCE] -> 0x2BD0
[4779] [M]: 0x80030BCC (0x2BD0006F) jal zero, 2748


mem[X,0x80031688] -> 0xAC23
mem[X,0x8003168A] -> 0x7840
[4780] [M]: 0x80031688 (0x7840AC23) sw tp, 1944(ra)
mem[0x80039A00] <- 0x00000001


mem[X,0x8003168C] -> 0x6537
mem[X,0x8003168E] -> 0x6666
[4781] [M]: 0x8003168C (0x66666537) lui a0, 419430
x10 <- 0x66666000


mem[X,0x80031690] -> 0x0513
mem[X,0x80031692] -> 0x6655
[4782] [M]: 0x80031690 (0x66550513) addi a0, a0, 1637
x10 <- 0x66666665


mem[X,0x80031694] -> 0x0593
mem[X,0x80031696] -> 0x0000
[4783] [M]: 0x80031694 (0x00000593) addi a1, zero, 0
x11 <- 0x00000000


mem[X,0x80031698] -> 0x0213
mem[X,0x8003169A] -> 0x0000
[4784] [M]: 0x80031698 (0x00000213) addi tp, zero, 0
x4 <- 0x00000000


mem[X,0x8003169C] -> 0x006F
mem[X,0x8003169E] -> 0x00C0
[4785] [M]: 0x8003169C (0x00C0006F) jal zero, 12


mem[X,0x800316A8] -> 0x1663
mem[X,0x800316AA] -> 0x00B5
[4786] [M]: 0x800316A8 (0x00B51663) bne a0, a1, 12


mem[X,0x800316B4] -> 0x0213
mem[X,0x800316B6] -> 0x0032
[4787] [M]: 0x800316B4 (0x00320213) addi tp, tp, 3
x4 <- 0x00000003


mem[X,0x800316B8] -> 0x006F
mem[X,0x800316BA] -> 0x0040
[4788] [M]: 0x800316B8 (0x0040006F) jal zero, 4


mem[X,0x800316BC] -> 0xAE23
mem[X,0x800316BE] -> 0x7840
[4789] [M]: 0x800316BC (0x7840AE23) sw tp, 1948(ra)
mem[0x80039A04] <- 0x00000003


mem[X,0x800316C0] -> 0x6537
mem[X,0x800316C2] -> 0x6666
[4790] [M]: 0x800316C0 (0x66666537) lui a0, 419430
x10 <- 0x66666000


mem[X,0x800316C4] -> 0x0513
mem[X,0x800316C6] -> 0x6655
[4791] [M]: 0x800316C4 (0x66550513) addi a0, a0, 1637
x10 <- 0x66666665


mem[X,0x800316C8] -> 0x0593
mem[X,0x800316CA] -> 0x0040
[4792] [M]: 0x800316C8 (0x00400593) addi a1, zero, 4
x11 <- 0x00000004


mem[X,0x800316CC] -> 0x0213
mem[X,0x800316CE] -> 0x0000
[4793] [M]: 0x800316CC (0x00000213) addi tp, zero, 0
x4 <- 0x00000000


mem[X,0x800316D0] -> 0x006F
mem[X,0x800316D2] -> 0x00C0
[4794] [M]: 0x800316D0 (0x00C0006F) jal zero, 12


mem[X,0x800316DC] -> 0x1CE3
mem[X,0x800316DE] -> 0xFEB5
[4795] [M]: 0x800316DC (0xFEB51CE3) bne a0, a1, 8184


mem[X,0x800316D4] -> 0x0213
mem[X,0x800316D6] -> 0x0012
[4796] [M]: 0x800316D4 (0x00120213) addi tp, tp, 1
x4 <- 0x00000001


mem[X,0x800316D8] -> 0x006F
mem[X,0x800316DA] -> 0x0180
[4797] [M]: 0x800316D8 (0x0180006F) jal zero, 24


mem[X,0x800316F0] -> 0xA023
mem[X,0x800316F2] -> 0x7A40
[4798] [M]: 0x800316F0 (0x7A40A023) sw tp, 1952(ra)
mem[0x80039A08] <- 0x00000001


mem[X,0x800316F4] -> 0x6537
mem[X,0x800316F6] -> 0x6666
[4799] [M]: 0x800316F4 (0x66666537) lui a0, 419430
x10 <- 0x66666000


clint::tick mtime <- 0x0000000000000030
 clint timer pending at mtime 0x0000000000000030
htif::tick 0x0000000000000000
mem[X,0x800316F8] -> 0x0513
mem[X,0x800316FA] -> 0x6655
[4800] [M]: 0x800316F8 (0x66550513) addi a0, a0, 1637
x10 <- 0x66666665


mem[X,0x800316FC] -> 0x35B7
mem[X,0x800316FE] -> 0x3333
[4801] [M]: 0x800316FC (0x333335B7) lui a1, 209715
x11 <- 0x33333000


mem[X,0x80031700] -> 0x8593
mem[X,0x80031702] -> 0x3325
[4802] [M]: 0x80031700 (0x33258593) addi a1, a1, 818
x11 <- 0x33333332


mem[X,0x80031704] -> 0x0213
mem[X,0x80031706] -> 0x0000
[4803] [M]: 0x80031704 (0x00000213) addi tp, zero, 0
x4 <- 0x00000000


mem[X,0x80031708] -> 0x006F
mem[X,0x8003170A] -> 0x2B10
[4804] [M]: 0x80031708 (0x2B10006F) jal zero, 2736


mem[X,0x800321B8] -> 0x1A63
mem[X,0x800321BA] -> 0xD4B5
[4805] [M]: 0x800321B8 (0xD4B51A63) bne a0, a1, 5460


mem[X,0x8003170C] -> 0x0213
mem[X,0x8003170E] -> 0x0012
[4806] [M]: 0x8003170C (0x00120213) addi tp, tp, 1
x4 <- 0x00000001


mem[X,0x80031710] -> 0x006F
mem[X,0x80031712] -> 0x2BD0
[4807] [M]: 0x80031710 (0x2BD0006F) jal zero, 2748


mem[X,0x800321CC] -> 0xA223
mem[X,0x800321CE] -> 0x7A40
[4808] [M]: 0x800321CC (0x7A40A223) sw tp, 1956(ra)
mem[0x80039A0C] <- 0x00000001


mem[X,0x800321D0] -> 0x6537
mem[X,0x800321D2] -> 0x6666
[4809] [M]: 0x800321D0 (0x66666537) lui a0, 419430
x10 <- 0x66666000


mem[X,0x800321D4] -> 0x0513
mem[X,0x800321D6] -> 0x6655
[4810] [M]: 0x800321D4 (0x66550513) addi a0, a0, 1637
x10 <- 0x66666665


mem[X,0x800321D8] -> 0x65B7
mem[X,0x800321DA] -> 0x6666
[4811] [M]: 0x800321D8 (0x666665B7) lui a1, 419430
x11 <- 0x66666000


mem[X,0x800321DC] -> 0x8593
mem[X,0x800321DE] -> 0x6655
[4812] [M]: 0x800321DC (0x66558593) addi a1, a1, 1637
x11 <- 0x66666665


mem[X,0x800321E0] -> 0x0213
mem[X,0x800321E2] -> 0x0000
[4813] [M]: 0x800321E0 (0x00000213) addi tp, zero, 0
x4 <- 0x00000000


mem[X,0x800321E4] -> 0x006F
mem[X,0x800321E6] -> 0x00C0
[4814] [M]: 0x800321E4 (0x00C0006F) jal zero, 12


mem[X,0x800321F0] -> 0x1063
mem[X,0x800321F2] -> 0x40B5
[4815] [M]: 0x800321F0 (0x40B51063) bne a0, a1, 1024


mem[X,0x800321F4] -> 0x0213
mem[X,0x800321F6] -> 0x0022
[4816] [M]: 0x800321F4 (0x00220213) addi tp, tp, 2
x4 <- 0x00000002


mem[X,0x800321F8] -> 0x006F
mem[X,0x800321FA] -> 0x4000
[4817] [M]: 0x800321F8 (0x4000006F) jal zero, 1024


mem[X,0x800325F8] -> 0xA423
mem[X,0x800325FA] -> 0x7A40
[4818] [M]: 0x800325F8 (0x7A40A423) sw tp, 1960(ra)
mem[0x80039A10] <- 0x00000002


mem[X,0x800325FC] -> 0x6537
mem[X,0x800325FE] -> 0x6666
[4819] [M]: 0x800325FC (0x66666537) lui a0, 419430
x10 <- 0x66666000


mem[X,0x80032600] -> 0x0513
mem[X,0x80032602] -> 0x6655
[4820] [M]: 0x80032600 (0x66550513) addi a0, a0, 1637
x10 <- 0x66666665


mem[X,0x80032604] -> 0xB5B7
mem[X,0x80032606] -> 0x0000
[4821] [M]: 0x80032604 (0x0000B5B7) lui a1, 11
x11 <- 0x0000B000


mem[X,0x80032608] -> 0x8593
mem[X,0x8003260A] -> 0x5035
[4822] [M]: 0x80032608 (0x50358593) addi a1, a1, 1283
x11 <- 0x0000B503


mem[X,0x8003260C] -> 0x0213
mem[X,0x8003260E] -> 0x0000
[4823] [M]: 0x8003260C (0x00000213) addi tp, zero, 0
x4 <- 0x00000000


mem[X,0x80032610] -> 0x006F
mem[X,0x80032612] -> 0x0100
[4824] [M]: 0x80032610 (0x0100006F) jal zero, 16


mem[X,0x80032620] -> 0x1AE3
mem[X,0x80032622] -> 0xFEB5
[4825] [M]: 0x80032620 (0xFEB51AE3) bne a0, a1, 8180


mem[X,0x80032614] -> 0x0213
mem[X,0x80032616] -> 0x0012
[4826] [M]: 0x80032614 (0x00120213) addi tp, tp, 1
x4 <- 0x00000001


mem[X,0x80032618] -> 0x006F
mem[X,0x8003261A] -> 0x01C0
[4827] [M]: 0x80032618 (0x01C0006F) jal zero, 28


mem[X,0x80032634] -> 0xA623
mem[X,0x80032636] -> 0x7A40
[4828] [M]: 0x80032634 (0x7A40A623) sw tp, 1964(ra)
mem[0x80039A14] <- 0x00000001


mem[X,0x80032638] -> 0x6537
mem[X,0x8003263A] -> 0x6666
[4829] [M]: 0x80032638 (0x66666537) lui a0, 419430
x10 <- 0x66666000


mem[X,0x8003263C] -> 0x0513
mem[X,0x8003263E] -> 0x6655
[4830] [M]: 0x8003263C (0x66550513) addi a0, a0, 1637
x10 <- 0x66666665


mem[X,0x80032640] -> 0x55B7
mem[X,0x80032642] -> 0x5555
[4831] [M]: 0x80032640 (0x555555B7) lui a1, 349525
x11 <- 0x55555000


mem[X,0x80032644] -> 0x8593
mem[X,0x80032646] -> 0x5565
[4832] [M]: 0x80032644 (0x55658593) addi a1, a1, 1366
x11 <- 0x55555556


mem[X,0x80032648] -> 0x0213
mem[X,0x8003264A] -> 0x0000
[4833] [M]: 0x80032648 (0x00000213) addi tp, zero, 0
x4 <- 0x00000000


mem[X,0x8003264C] -> 0x006F
mem[X,0x8003264E] -> 0x2B10
[4834] [M]: 0x8003264C (0x2B10006F) jal zero, 2736


mem[X,0x800330FC] -> 0x1A63
mem[X,0x800330FE] -> 0xD4B5
[4835] [M]: 0x800330FC (0xD4B51A63) bne a0, a1, 5460


mem[X,0x80032650] -> 0x0213
mem[X,0x80032652] -> 0x0012
[4836] [M]: 0x80032650 (0x00120213) addi tp, tp, 1
x4 <- 0x00000001


mem[X,0x80032654] -> 0x006F
mem[X,0x80032656] -> 0x2BD0
[4837] [M]: 0x80032654 (0x2BD0006F) jal zero, 2748


mem[X,0x80033110] -> 0xA823
mem[X,0x80033112] -> 0x7A40
[4838] [M]: 0x80033110 (0x7A40A823) sw tp, 1968(ra)
mem[0x80039A18] <- 0x00000001


mem[X,0x80033114] -> 0x6537
mem[X,0x80033116] -> 0x6666
[4839] [M]: 0x80033114 (0x66666537) lui a0, 419430
x10 <- 0x66666000


mem[X,0x80033118] -> 0x0513
mem[X,0x8003311A] -> 0x6655
[4840] [M]: 0x80033118 (0x66550513) addi a0, a0, 1637
x10 <- 0x66666665


mem[X,0x8003311C] -> 0xB5B7
mem[X,0x8003311E] -> 0xAAAA
[4841] [M]: 0x8003311C (0xAAAAB5B7) lui a1, 699051
x11 <- 0xAAAAB000


mem[X,0x80033120] -> 0x8593
mem[X,0x80033122] -> 0xAAB5
[4842] [M]: 0x80033120 (0xAAB58593) addi a1, a1, 2731
x11 <- 0xAAAAAAAB


mem[X,0x80033124] -> 0x0213
mem[X,0x80033126] -> 0x0000
[4843] [M]: 0x80033124 (0x00000213) addi tp, zero, 0
x4 <- 0x00000000


mem[X,0x80033128] -> 0x006F
mem[X,0x8003312A] -> 0x00C0
[4844] [M]: 0x80033128 (0x00C0006F) jal zero, 12


mem[X,0x80033134] -> 0x1063
mem[X,0x80033136] -> 0x02B5
[4845] [M]: 0x80033134 (0x02B51063) bne a0, a1, 32


mem[X,0x80033154] -> 0x0213
mem[X,0x80033156] -> 0x0032
[4846] [M]: 0x80033154 (0x00320213) addi tp, tp, 3
x4 <- 0x00000003


mem[X,0x80033158] -> 0x006F
mem[X,0x8003315A] -> 0x0040
[4847] [M]: 0x80033158 (0x0040006F) jal zero, 4


mem[X,0x8003315C] -> 0xAA23
mem[X,0x8003315E] -> 0x7A40
[4848] [M]: 0x8003315C (0x7A40AA23) sw tp, 1972(ra)
mem[0x80039A1C] <- 0x00000003


mem[X,0x80033160] -> 0x6537
mem[X,0x80033162] -> 0x6666
[4849] [M]: 0x80033160 (0x66666537) lui a0, 419430
x10 <- 0x66666000


mem[X,0x80033164] -> 0x0513
mem[X,0x80033166] -> 0x6655
[4850] [M]: 0x80033164 (0x66550513) addi a0, a0, 1637
x10 <- 0x66666665


mem[X,0x80033168] -> 0x0593
mem[X,0x8003316A] -> 0x0060
[4851] [M]: 0x80033168 (0x00600593) addi a1, zero, 6
x11 <- 0x00000006


mem[X,0x8003316C] -> 0x0213
mem[X,0x8003316E] -> 0x0000
[4852] [M]: 0x8003316C (0x00000213) addi tp, zero, 0
x4 <- 0x00000000


mem[X,0x80033170] -> 0x006F
mem[X,0x80033172] -> 0x00C0
[4853] [M]: 0x80033170 (0x00C0006F) jal zero, 12


mem[X,0x8003317C] -> 0x1063
mem[X,0x8003317E] -> 0x10B5
[4854] [M]: 0x8003317C (0x10B51063) bne a0, a1, 256


mem[X,0x8003327C] -> 0x0213
mem[X,0x8003327E] -> 0x0032
[4855] [M]: 0x8003327C (0x00320213) addi tp, tp, 3
x4 <- 0x00000003


mem[X,0x80033280] -> 0x006F
mem[X,0x80033282] -> 0x0040
[4856] [M]: 0x80033280 (0x0040006F) jal zero, 4


mem[X,0x80033284] -> 0xAC23
mem[X,0x80033286] -> 0x7A40
[4857] [M]: 0x80033284 (0x7A40AC23) sw tp, 1976(ra)
mem[0x80039A20] <- 0x00000003


mem[X,0x80033288] -> 0x6537
mem[X,0x8003328A] -> 0x6666
[4858] [M]: 0x80033288 (0x66666537) lui a0, 419430
x10 <- 0x66666000


mem[X,0x8003328C] -> 0x0513
mem[X,0x8003328E] -> 0x6655
[4859] [M]: 0x8003328C (0x66550513) addi a0, a0, 1637
x10 <- 0x66666665


mem[X,0x80033290] -> 0x35B7
mem[X,0x80033292] -> 0x3333
[4860] [M]: 0x80033290 (0x333335B7) lui a1, 209715
x11 <- 0x33333000


mem[X,0x80033294] -> 0x8593
mem[X,0x80033296] -> 0x3345
[4861] [M]: 0x80033294 (0x33458593) addi a1, a1, 820
x11 <- 0x33333334


mem[X,0x80033298] -> 0x0213
mem[X,0x8003329A] -> 0x0000
[4862] [M]: 0x80033298 (0x00000213) addi tp, zero, 0
x4 <- 0x00000000


mem[X,0x8003329C] -> 0x006F
mem[X,0x8003329E] -> 0x00C0
[4863] [M]: 0x8003329C (0x00C0006F) jal zero, 12


mem[X,0x800332A8] -> 0x1063
mem[X,0x800332AA] -> 0x20B5
[4864] [M]: 0x800332A8 (0x20B51063) bne a0, a1, 512


mem[X,0x800334A8] -> 0x0213
mem[X,0x800334AA] -> 0x0032
[4865] [M]: 0x800334A8 (0x00320213) addi tp, tp, 3
x4 <- 0x00000003


mem[X,0x800334AC] -> 0x006F
mem[X,0x800334AE] -> 0x0040
[4866] [M]: 0x800334AC (0x0040006F) jal zero, 4


mem[X,0x800334B0] -> 0xAE23
mem[X,0x800334B2] -> 0x7A40
[4867] [M]: 0x800334B0 (0x7A40AE23) sw tp, 1980(ra)
mem[0x80039A24] <- 0x00000003


mem[X,0x800334B4] -> 0x6537
mem[X,0x800334B6] -> 0x6666
[4868] [M]: 0x800334B4 (0x66666537) lui a0, 419430
x10 <- 0x66666000


mem[X,0x800334B8] -> 0x0513
mem[X,0x800334BA] -> 0x6655
[4869] [M]: 0x800334B8 (0x66550513) addi a0, a0, 1637
x10 <- 0x66666665


mem[X,0x800334BC] -> 0x65B7
mem[X,0x800334BE] -> 0x6666
[4870] [M]: 0x800334BC (0x666665B7) lui a1, 419430
x11 <- 0x66666000


mem[X,0x800334C0] -> 0x8593
mem[X,0x800334C2] -> 0x6675
[4871] [M]: 0x800334C0 (0x66758593) addi a1, a1, 1639
x11 <- 0x66666667


mem[X,0x800334C4] -> 0x0213
mem[X,0x800334C6] -> 0x0000
[4872] [M]: 0x800334C4 (0x00000213) addi tp, zero, 0
x4 <- 0x00000000


mem[X,0x800334C8] -> 0x006F
mem[X,0x800334CA] -> 0x00C0
[4873] [M]: 0x800334C8 (0x00C0006F) jal zero, 12


mem[X,0x800334D4] -> 0x1063
mem[X,0x800334D6] -> 0x04B5
[4874] [M]: 0x800334D4 (0x04B51063) bne a0, a1, 64


mem[X,0x80033514] -> 0x0213
mem[X,0x80033516] -> 0x0032
[4875] [M]: 0x80033514 (0x00320213) addi tp, tp, 3
x4 <- 0x00000003


mem[X,0x80033518] -> 0x006F
mem[X,0x8003351A] -> 0x0040
[4876] [M]: 0x80033518 (0x0040006F) jal zero, 4


mem[X,0x8003351C] -> 0xA023
mem[X,0x8003351E] -> 0x7C40
[4877] [M]: 0x8003351C (0x7C40A023) sw tp, 1984(ra)
mem[0x80039A28] <- 0x00000003


mem[X,0x80033520] -> 0x6537
mem[X,0x80033522] -> 0x6666
[4878] [M]: 0x80033520 (0x66666537) lui a0, 419430
x10 <- 0x66666000


mem[X,0x80033524] -> 0x0513
mem[X,0x80033526] -> 0x6655
[4879] [M]: 0x80033524 (0x66550513) addi a0, a0, 1637
x10 <- 0x66666665


mem[X,0x80033528] -> 0x55B7
mem[X,0x8003352A] -> 0xFFFF
[4880] [M]: 0x80033528 (0xFFFF55B7) lui a1, 1048565
x11 <- 0xFFFF5000


mem[X,0x8003352C] -> 0x8593
mem[X,0x8003352E] -> 0xAFD5
[4881] [M]: 0x8003352C (0xAFD58593) addi a1, a1, 2813
x11 <- 0xFFFF4AFD


mem[X,0x80033530] -> 0x0213
mem[X,0x80033532] -> 0x0000
[4882] [M]: 0x80033530 (0x00000213) addi tp, zero, 0
x4 <- 0x00000000


mem[X,0x80033534] -> 0x006F
mem[X,0x80033536] -> 0x0180
[4883] [M]: 0x80033534 (0x0180006F) jal zero, 24


mem[X,0x8003354C] -> 0x16E3
mem[X,0x8003354E] -> 0xFEB5
[4884] [M]: 0x8003354C (0xFEB516E3) bne a0, a1, 8172


mem[X,0x80033538] -> 0x0213
mem[X,0x8003353A] -> 0x0012
[4885] [M]: 0x80033538 (0x00120213) addi tp, tp, 1
x4 <- 0x00000001


mem[X,0x8003353C] -> 0x006F
mem[X,0x8003353E] -> 0x0240
[4886] [M]: 0x8003353C (0x0240006F) jal zero, 36


mem[X,0x80033560] -> 0xA223
mem[X,0x80033562] -> 0x7C40
[4887] [M]: 0x80033560 (0x7C40A223) sw tp, 1988(ra)
mem[0x80039A2C] <- 0x00000001


mem[X,0x80033564] -> 0x6537
mem[X,0x80033566] -> 0x6666
[4888] [M]: 0x80033564 (0x66666537) lui a0, 419430
x10 <- 0x66666000


mem[X,0x80033568] -> 0x0513
mem[X,0x8003356A] -> 0x6655
[4889] [M]: 0x80033568 (0x66550513) addi a0, a0, 1637
x10 <- 0x66666665


mem[X,0x8003356C] -> 0xB5B7
mem[X,0x8003356E] -> 0x0000
[4890] [M]: 0x8003356C (0x0000B5B7) lui a1, 11
x11 <- 0x0000B000


mem[X,0x80033570] -> 0x8593
mem[X,0x80033572] -> 0x5055
[4891] [M]: 0x80033570 (0x50558593) addi a1, a1, 1285
x11 <- 0x0000B505


mem[X,0x80033574] -> 0x0213
mem[X,0x80033576] -> 0x0000
[4892] [M]: 0x80033574 (0x00000213) addi tp, zero, 0
x4 <- 0x00000000


mem[X,0x80033578] -> 0x006F
mem[X,0x8003357A] -> 0x00C0
[4893] [M]: 0x80033578 (0x00C0006F) jal zero, 12


mem[X,0x80033584] -> 0x1063
mem[X,0x80033586] -> 0x40B5
[4894] [M]: 0x80033584 (0x40B51063) bne a0, a1, 1024


mem[X,0x80033984] -> 0x0213
mem[X,0x80033986] -> 0x0032
[4895] [M]: 0x80033984 (0x00320213) addi tp, tp, 3
x4 <- 0x00000003


mem[X,0x80033988] -> 0x006F
mem[X,0x8003398A] -> 0x0040
[4896] [M]: 0x80033988 (0x0040006F) jal zero, 4


mem[X,0x8003398C] -> 0xA423
mem[X,0x8003398E] -> 0x7C40
[4897] [M]: 0x8003398C (0x7C40A423) sw tp, 1992(ra)
mem[0x80039A30] <- 0x00000003


mem[X,0x80033990] -> 0xB537
mem[X,0x80033992] -> 0x0000
[4898] [M]: 0x80033990 (0x0000B537) lui a0, 11
x10 <- 0x0000B000


mem[X,0x80033994] -> 0x0513
mem[X,0x80033996] -> 0x5035
[4899] [M]: 0x80033994 (0x50350513) addi a0, a0, 1283
x10 <- 0x0000B503


clint::tick mtime <- 0x0000000000000031
 clint timer pending at mtime 0x0000000000000031
htif::tick 0x0000000000000000
mem[X,0x80033998] -> 0x0593
mem[X,0x8003399A] -> 0x0030
[4900] [M]: 0x80033998 (0x00300593) addi a1, zero, 3
x11 <- 0x00000003


mem[X,0x8003399C] -> 0x0213
mem[X,0x8003399E] -> 0x0000
[4901] [M]: 0x8003399C (0x00000213) addi tp, zero, 0
x4 <- 0x00000000


mem[X,0x800339A0] -> 0x006F
mem[X,0x800339A2] -> 0x0140
[4902] [M]: 0x800339A0 (0x0140006F) jal zero, 20


mem[X,0x800339B4] -> 0x18E3
mem[X,0x800339B6] -> 0xFEB5
[4903] [M]: 0x800339B4 (0xFEB518E3) bne a0, a1, 8176


mem[X,0x800339A4] -> 0x0213
mem[X,0x800339A6] -> 0x0012
[4904] [M]: 0x800339A4 (0x00120213) addi tp, tp, 1
x4 <- 0x00000001


mem[X,0x800339A8] -> 0x006F
mem[X,0x800339AA] -> 0x0200
[4905] [M]: 0x800339A8 (0x0200006F) jal zero, 32


mem[X,0x800339C8] -> 0xA623
mem[X,0x800339CA] -> 0x7C40
[4906] [M]: 0x800339C8 (0x7C40A623) sw tp, 1996(ra)
mem[0x80039A34] <- 0x00000001


mem[X,0x800339CC] -> 0xB537
mem[X,0x800339CE] -> 0x0000
[4907] [M]: 0x800339CC (0x0000B537) lui a0, 11
x10 <- 0x0000B000


mem[X,0x800339D0] -> 0x0513
mem[X,0x800339D2] -> 0x5035
[4908] [M]: 0x800339D0 (0x50350513) addi a0, a0, 1283
x10 <- 0x0000B503


mem[X,0x800339D4] -> 0x55B7
mem[X,0x800339D6] -> 0x5555
[4909] [M]: 0x800339D4 (0x555555B7) lui a1, 349525
x11 <- 0x55555000


mem[X,0x800339D8] -> 0x8593
mem[X,0x800339DA] -> 0x5555
[4910] [M]: 0x800339D8 (0x55558593) addi a1, a1, 1365
x11 <- 0x55555555


mem[X,0x800339DC] -> 0x0213
mem[X,0x800339DE] -> 0x0000
[4911] [M]: 0x800339DC (0x00000213) addi tp, zero, 0
x4 <- 0x00000000


mem[X,0x800339E0] -> 0x006F
mem[X,0x800339E2] -> 0x00C0
[4912] [M]: 0x800339E0 (0x00C0006F) jal zero, 12


mem[X,0x800339EC] -> 0x1063
mem[X,0x800339EE] -> 0x02B5
[4913] [M]: 0x800339EC (0x02B51063) bne a0, a1, 32


mem[X,0x80033A0C] -> 0x0213
mem[X,0x80033A0E] -> 0x0032
[4914] [M]: 0x80033A0C (0x00320213) addi tp, tp, 3
x4 <- 0x00000003


mem[X,0x80033A10] -> 0x006F
mem[X,0x80033A12] -> 0x0040
[4915] [M]: 0x80033A10 (0x0040006F) jal zero, 4


mem[X,0x80033A14] -> 0xA823
mem[X,0x80033A16] -> 0x7C40
[4916] [M]: 0x80033A14 (0x7C40A823) sw tp, 2000(ra)
mem[0x80039A38] <- 0x00000003


mem[X,0x80033A18] -> 0xB537
mem[X,0x80033A1A] -> 0x0000
[4917] [M]: 0x80033A18 (0x0000B537) lui a0, 11
x10 <- 0x0000B000


mem[X,0x80033A1C] -> 0x0513
mem[X,0x80033A1E] -> 0x5035
[4918] [M]: 0x80033A1C (0x50350513) addi a0, a0, 1283
x10 <- 0x0000B503


mem[X,0x80033A20] -> 0xB5B7
mem[X,0x80033A22] -> 0xAAAA
[4919] [M]: 0x80033A20 (0xAAAAB5B7) lui a1, 699051
x11 <- 0xAAAAB000


mem[X,0x80033A24] -> 0x8593
mem[X,0x80033A26] -> 0xAAA5
[4920] [M]: 0x80033A24 (0xAAA58593) addi a1, a1, 2730
x11 <- 0xAAAAAAAA


mem[X,0x80033A28] -> 0x0213
mem[X,0x80033A2A] -> 0x0000
[4921] [M]: 0x80033A28 (0x00000213) addi tp, zero, 0
x4 <- 0x00000000


mem[X,0x80033A2C] -> 0x006F
mem[X,0x80033A2E] -> 0x00C0
[4922] [M]: 0x80033A2C (0x00C0006F) jal zero, 12


mem[X,0x80033A38] -> 0x1CE3
mem[X,0x80033A3A] -> 0xFEB5
[4923] [M]: 0x80033A38 (0xFEB51CE3) bne a0, a1, 8184


mem[X,0x80033A30] -> 0x0213
mem[X,0x80033A32] -> 0x0012
[4924] [M]: 0x80033A30 (0x00120213) addi tp, tp, 1
x4 <- 0x00000001


mem[X,0x80033A34] -> 0x006F
mem[X,0x80033A36] -> 0x0180
[4925] [M]: 0x80033A34 (0x0180006F) jal zero, 24


mem[X,0x80033A4C] -> 0xAA23
mem[X,0x80033A4E] -> 0x7C40
[4926] [M]: 0x80033A4C (0x7C40AA23) sw tp, 2004(ra)
mem[0x80039A3C] <- 0x00000001


mem[X,0x80033A50] -> 0xB537
mem[X,0x80033A52] -> 0x0000
[4927] [M]: 0x80033A50 (0x0000B537) lui a0, 11
x10 <- 0x0000B000


mem[X,0x80033A54] -> 0x0513
mem[X,0x80033A56] -> 0x5035
[4928] [M]: 0x80033A54 (0x50350513) addi a0, a0, 1283
x10 <- 0x0000B503


mem[X,0x80033A58] -> 0x0593
mem[X,0x80033A5A] -> 0x0050
[4929] [M]: 0x80033A58 (0x00500593) addi a1, zero, 5
x11 <- 0x00000005


mem[X,0x80033A5C] -> 0x0213
mem[X,0x80033A5E] -> 0x0000
[4930] [M]: 0x80033A5C (0x00000213) addi tp, zero, 0
x4 <- 0x00000000


mem[X,0x80033A60] -> 0x006F
mem[X,0x80033A62] -> 0x00C0
[4931] [M]: 0x80033A60 (0x00C0006F) jal zero, 12


mem[X,0x80033A6C] -> 0x1CE3
mem[X,0x80033A6E] -> 0xFEB5
[4932] [M]: 0x80033A6C (0xFEB51CE3) bne a0, a1, 8184


mem[X,0x80033A64] -> 0x0213
mem[X,0x80033A66] -> 0x0012
[4933] [M]: 0x80033A64 (0x00120213) addi tp, tp, 1
x4 <- 0x00000001


mem[X,0x80033A68] -> 0x006F
mem[X,0x80033A6A] -> 0x0180
[4934] [M]: 0x80033A68 (0x0180006F) jal zero, 24


mem[X,0x80033A80] -> 0xAC23
mem[X,0x80033A82] -> 0x7C40
[4935] [M]: 0x80033A80 (0x7C40AC23) sw tp, 2008(ra)
mem[0x80039A40] <- 0x00000001


mem[X,0x80033A84] -> 0xB537
mem[X,0x80033A86] -> 0x0000
[4936] [M]: 0x80033A84 (0x0000B537) lui a0, 11
x10 <- 0x0000B000


mem[X,0x80033A88] -> 0x0513
mem[X,0x80033A8A] -> 0x5035
[4937] [M]: 0x80033A88 (0x50350513) addi a0, a0, 1283
x10 <- 0x0000B503


mem[X,0x80033A8C] -> 0x35B7
mem[X,0x80033A8E] -> 0x3333
[4938] [M]: 0x80033A8C (0x333335B7) lui a1, 209715
x11 <- 0x33333000


mem[X,0x80033A90] -> 0x8593
mem[X,0x80033A92] -> 0x3335
[4939] [M]: 0x80033A90 (0x33358593) addi a1, a1, 819
x11 <- 0x33333333


mem[X,0x80033A94] -> 0x0213
mem[X,0x80033A96] -> 0x0000
[4940] [M]: 0x80033A94 (0x00000213) addi tp, zero, 0
x4 <- 0x00000000


mem[X,0x80033A98] -> 0x006F
mem[X,0x80033A9A] -> 0x00C0
[4941] [M]: 0x80033A98 (0x00C0006F) jal zero, 12


mem[X,0x80033AA4] -> 0x1CE3
mem[X,0x80033AA6] -> 0xFEB5
[4942] [M]: 0x80033AA4 (0xFEB51CE3) bne a0, a1, 8184


mem[X,0x80033A9C] -> 0x0213
mem[X,0x80033A9E] -> 0x0012
[4943] [M]: 0x80033A9C (0x00120213) addi tp, tp, 1
x4 <- 0x00000001


mem[X,0x80033AA0] -> 0x006F
mem[X,0x80033AA2] -> 0x0180
[4944] [M]: 0x80033AA0 (0x0180006F) jal zero, 24


mem[X,0x80033AB8] -> 0xAE23
mem[X,0x80033ABA] -> 0x7C40
[4945] [M]: 0x80033AB8 (0x7C40AE23) sw tp, 2012(ra)
mem[0x80039A44] <- 0x00000001


mem[X,0x80033ABC] -> 0xB537
mem[X,0x80033ABE] -> 0x0000
[4946] [M]: 0x80033ABC (0x0000B537) lui a0, 11
x10 <- 0x0000B000


mem[X,0x80033AC0] -> 0x0513
mem[X,0x80033AC2] -> 0x5035
[4947] [M]: 0x80033AC0 (0x50350513) addi a0, a0, 1283
x10 <- 0x0000B503


mem[X,0x80033AC4] -> 0x65B7
mem[X,0x80033AC6] -> 0x6666
[4948] [M]: 0x80033AC4 (0x666665B7) lui a1, 419430
x11 <- 0x66666000


mem[X,0x80033AC8] -> 0x8593
mem[X,0x80033ACA] -> 0x6665
[4949] [M]: 0x80033AC8 (0x66658593) addi a1, a1, 1638
x11 <- 0x66666666


mem[X,0x80033ACC] -> 0x0213
mem[X,0x80033ACE] -> 0x0000
[4950] [M]: 0x80033ACC (0x00000213) addi tp, zero, 0
x4 <- 0x00000000


mem[X,0x80033AD0] -> 0x006F
mem[X,0x80033AD2] -> 0x00C0
[4951] [M]: 0x80033AD0 (0x00C0006F) jal zero, 12


mem[X,0x80033ADC] -> 0x1063
mem[X,0x80033ADE] -> 0x08B5
[4952] [M]: 0x80033ADC (0x08B51063) bne a0, a1, 128


mem[X,0x80033B5C] -> 0x0213
mem[X,0x80033B5E] -> 0x0032
[4953] [M]: 0x80033B5C (0x00320213) addi tp, tp, 3
x4 <- 0x00000003


mem[X,0x80033B60] -> 0x006F
mem[X,0x80033B62] -> 0x0040
[4954] [M]: 0x80033B60 (0x0040006F) jal zero, 4


mem[X,0x80033B64] -> 0xA023
mem[X,0x80033B66] -> 0x7E40
[4955] [M]: 0x80033B64 (0x7E40A023) sw tp, 2016(ra)
mem[0x80039A48] <- 0x00000003


mem[X,0x80033B68] -> 0xB537
mem[X,0x80033B6A] -> 0x0000
[4956] [M]: 0x80033B68 (0x0000B537) lui a0, 11
x10 <- 0x0000B000


mem[X,0x80033B6C] -> 0x0513
mem[X,0x80033B6E] -> 0x5035
[4957] [M]: 0x80033B6C (0x50350513) addi a0, a0, 1283
x10 <- 0x0000B503


mem[X,0x80033B70] -> 0x55B7
mem[X,0x80033B72] -> 0xFFFF
[4958] [M]: 0x80033B70 (0xFFFF55B7) lui a1, 1048565
x11 <- 0xFFFF5000


mem[X,0x80033B74] -> 0x8593
mem[X,0x80033B76] -> 0xAFC5
[4959] [M]: 0x80033B74 (0xAFC58593) addi a1, a1, 2812
x11 <- 0xFFFF4AFC


mem[X,0x80033B78] -> 0x0213
mem[X,0x80033B7A] -> 0x0000
[4960] [M]: 0x80033B78 (0x00000213) addi tp, zero, 0
x4 <- 0x00000000


mem[X,0x80033B7C] -> 0x006F
mem[X,0x80033B7E] -> 0x00C0
[4961] [M]: 0x80033B7C (0x00C0006F) jal zero, 12


mem[X,0x80033B88] -> 0x1CE3
mem[X,0x80033B8A] -> 0xFEB5
[4962] [M]: 0x80033B88 (0xFEB51CE3) bne a0, a1, 8184


mem[X,0x80033B80] -> 0x0213
mem[X,0x80033B82] -> 0x0012
[4963] [M]: 0x80033B80 (0x00120213) addi tp, tp, 1
x4 <- 0x00000001


mem[X,0x80033B84] -> 0x006F
mem[X,0x80033B86] -> 0x0180
[4964] [M]: 0x80033B84 (0x0180006F) jal zero, 24


mem[X,0x80033B9C] -> 0xA223
mem[X,0x80033B9E] -> 0x7E40
[4965] [M]: 0x80033B9C (0x7E40A223) sw tp, 2020(ra)
mem[0x80039A4C] <- 0x00000001


mem[X,0x80033BA0] -> 0xB537
mem[X,0x80033BA2] -> 0x0000
[4966] [M]: 0x80033BA0 (0x0000B537) lui a0, 11
x10 <- 0x0000B000


mem[X,0x80033BA4] -> 0x0513
mem[X,0x80033BA6] -> 0x5035
[4967] [M]: 0x80033BA4 (0x50350513) addi a0, a0, 1283
x10 <- 0x0000B503


mem[X,0x80033BA8] -> 0xB5B7
mem[X,0x80033BAA] -> 0x0000
[4968] [M]: 0x80033BA8 (0x0000B5B7) lui a1, 11
x11 <- 0x0000B000


mem[X,0x80033BAC] -> 0x8593
mem[X,0x80033BAE] -> 0x5045
[4969] [M]: 0x80033BAC (0x50458593) addi a1, a1, 1284
x11 <- 0x0000B504


mem[X,0x80033BB0] -> 0x0213
mem[X,0x80033BB2] -> 0x0000
[4970] [M]: 0x80033BB0 (0x00000213) addi tp, zero, 0
x4 <- 0x00000000


mem[X,0x80033BB4] -> 0x006F
mem[X,0x80033BB6] -> 0x0100
[4971] [M]: 0x80033BB4 (0x0100006F) jal zero, 16


mem[X,0x80033BC4] -> 0x1AE3
mem[X,0x80033BC6] -> 0xFEB5
[4972] [M]: 0x80033BC4 (0xFEB51AE3) bne a0, a1, 8180


mem[X,0x80033BB8] -> 0x0213
mem[X,0x80033BBA] -> 0x0012
[4973] [M]: 0x80033BB8 (0x00120213) addi tp, tp, 1
x4 <- 0x00000001


mem[X,0x80033BBC] -> 0x006F
mem[X,0x80033BBE] -> 0x01C0
[4974] [M]: 0x80033BBC (0x01C0006F) jal zero, 28


mem[X,0x80033BD8] -> 0xA423
mem[X,0x80033BDA] -> 0x7E40
[4975] [M]: 0x80033BD8 (0x7E40A423) sw tp, 2024(ra)
mem[0x80039A50] <- 0x00000001


mem[X,0x80033BDC] -> 0xB537
mem[X,0x80033BDE] -> 0x0000
[4976] [M]: 0x80033BDC (0x0000B537) lui a0, 11
x10 <- 0x0000B000


mem[X,0x80033BE0] -> 0x0513
mem[X,0x80033BE2] -> 0x5035
[4977] [M]: 0x80033BE0 (0x50350513) addi a0, a0, 1283
x10 <- 0x0000B503


mem[X,0x80033BE4] -> 0x0593
mem[X,0x80033BE6] -> 0x0020
[4978] [M]: 0x80033BE4 (0x00200593) addi a1, zero, 2
x11 <- 0x00000002


mem[X,0x80033BE8] -> 0x0213
mem[X,0x80033BEA] -> 0x0000
[4979] [M]: 0x80033BE8 (0x00000213) addi tp, zero, 0
x4 <- 0x00000000


mem[X,0x80033BEC] -> 0x006F
mem[X,0x80033BEE] -> 0x00C0
[4980] [M]: 0x80033BEC (0x00C0006F) jal zero, 12


mem[X,0x80033BF8] -> 0x1CE3
mem[X,0x80033BFA] -> 0xFEB5
[4981] [M]: 0x80033BF8 (0xFEB51CE3) bne a0, a1, 8184


mem[X,0x80033BF0] -> 0x0213
mem[X,0x80033BF2] -> 0x0012
[4982] [M]: 0x80033BF0 (0x00120213) addi tp, tp, 1
x4 <- 0x00000001


mem[X,0x80033BF4] -> 0x006F
mem[X,0x80033BF6] -> 0x0180
[4983] [M]: 0x80033BF4 (0x0180006F) jal zero, 24


mem[X,0x80033C0C] -> 0xA623
mem[X,0x80033C0E] -> 0x7E40
[4984] [M]: 0x80033C0C (0x7E40A623) sw tp, 2028(ra)
mem[0x80039A54] <- 0x00000001


mem[X,0x80033C10] -> 0xB537
mem[X,0x80033C12] -> 0x0000
[4985] [M]: 0x80033C10 (0x0000B537) lui a0, 11
x10 <- 0x0000B000


mem[X,0x80033C14] -> 0x0513
mem[X,0x80033C16] -> 0x5035
[4986] [M]: 0x80033C14 (0x50350513) addi a0, a0, 1283
x10 <- 0x0000B503


mem[X,0x80033C18] -> 0x55B7
mem[X,0x80033C1A] -> 0x5555
[4987] [M]: 0x80033C18 (0x555555B7) lui a1, 349525
x11 <- 0x55555000


mem[X,0x80033C1C] -> 0x8593
mem[X,0x80033C1E] -> 0x5545
[4988] [M]: 0x80033C1C (0x55458593) addi a1, a1, 1364
x11 <- 0x55555554


mem[X,0x80033C20] -> 0x0213
mem[X,0x80033C22] -> 0x0000
[4989] [M]: 0x80033C20 (0x00000213) addi tp, zero, 0
x4 <- 0x00000000


mem[X,0x80033C24] -> 0x006F
mem[X,0x80033C26] -> 0x00C0
[4990] [M]: 0x80033C24 (0x00C0006F) jal zero, 12


mem[X,0x80033C30] -> 0x1CE3
mem[X,0x80033C32] -> 0xFEB5
[4991] [M]: 0x80033C30 (0xFEB51CE3) bne a0, a1, 8184


mem[X,0x80033C28] -> 0x0213
mem[X,0x80033C2A] -> 0x0012
[4992] [M]: 0x80033C28 (0x00120213) addi tp, tp, 1
x4 <- 0x00000001


mem[X,0x80033C2C] -> 0x006F
mem[X,0x80033C2E] -> 0x0180
[4993] [M]: 0x80033C2C (0x0180006F) jal zero, 24


mem[X,0x80033C44] -> 0xA823
mem[X,0x80033C46] -> 0x7E40
[4994] [M]: 0x80033C44 (0x7E40A823) sw tp, 2032(ra)
mem[0x80039A58] <- 0x00000001


mem[X,0x80033C48] -> 0xB537
mem[X,0x80033C4A] -> 0x0000
[4995] [M]: 0x80033C48 (0x0000B537) lui a0, 11
x10 <- 0x0000B000


mem[X,0x80033C4C] -> 0x0513
mem[X,0x80033C4E] -> 0x5035
[4996] [M]: 0x80033C4C (0x50350513) addi a0, a0, 1283
x10 <- 0x0000B503


mem[X,0x80033C50] -> 0x0593
mem[X,0x80033C52] -> 0x0000
[4997] [M]: 0x80033C50 (0x00000593) addi a1, zero, 0
x11 <- 0x00000000


mem[X,0x80033C54] -> 0x0213
mem[X,0x80033C56] -> 0x0000
[4998] [M]: 0x80033C54 (0x00000213) addi tp, zero, 0
x4 <- 0x00000000


mem[X,0x80033C58] -> 0x006F
mem[X,0x80033C5A] -> 0x2B10
[4999] [M]: 0x80033C58 (0x2B10006F) jal zero, 2736


clint::tick mtime <- 0x0000000000000032
 clint timer pending at mtime 0x0000000000000032
htif::tick 0x0000000000000000
mem[X,0x80034708] -> 0x1A63
mem[X,0x8003470A] -> 0xD4B5
[5000] [M]: 0x80034708 (0xD4B51A63) bne a0, a1, 5460


mem[X,0x80033C5C] -> 0x0213
mem[X,0x80033C5E] -> 0x0012
[5001] [M]: 0x80033C5C (0x00120213) addi tp, tp, 1
x4 <- 0x00000001


mem[X,0x80033C60] -> 0x006F
mem[X,0x80033C62] -> 0x2BD0
[5002] [M]: 0x80033C60 (0x2BD0006F) jal zero, 2748


mem[X,0x8003471C] -> 0xAA23
mem[X,0x8003471E] -> 0x7E40
[5003] [M]: 0x8003471C (0x7E40AA23) sw tp, 2036(ra)
mem[0x80039A5C] <- 0x00000001


mem[X,0x80034720] -> 0xB537
mem[X,0x80034722] -> 0x0000
[5004] [M]: 0x80034720 (0x0000B537) lui a0, 11
x10 <- 0x0000B000


mem[X,0x80034724] -> 0x0513
mem[X,0x80034726] -> 0x5035
[5005] [M]: 0x80034724 (0x50350513) addi a0, a0, 1283
x10 <- 0x0000B503


mem[X,0x80034728] -> 0x0593
mem[X,0x8003472A] -> 0x0040
[5006] [M]: 0x80034728 (0x00400593) addi a1, zero, 4
x11 <- 0x00000004


mem[X,0x8003472C] -> 0x0213
mem[X,0x8003472E] -> 0x0000
[5007] [M]: 0x8003472C (0x00000213) addi tp, zero, 0
x4 <- 0x00000000


mem[X,0x80034730] -> 0x006F
mem[X,0x80034732] -> 0x0180
[5008] [M]: 0x80034730 (0x0180006F) jal zero, 24


mem[X,0x80034748] -> 0x16E3
mem[X,0x8003474A] -> 0xFEB5
[5009] [M]: 0x80034748 (0xFEB516E3) bne a0, a1, 8172


mem[X,0x80034734] -> 0x0213
mem[X,0x80034736] -> 0x0012
[5010] [M]: 0x80034734 (0x00120213) addi tp, tp, 1
x4 <- 0x00000001


mem[X,0x80034738] -> 0x006F
mem[X,0x8003473A] -> 0x0240
[5011] [M]: 0x80034738 (0x0240006F) jal zero, 36


mem[X,0x8003475C] -> 0xAC23
mem[X,0x8003475E] -> 0x7E40
[5012] [M]: 0x8003475C (0x7E40AC23) sw tp, 2040(ra)
mem[0x80039A60] <- 0x00000001


mem[X,0x80034760] -> 0xB537
mem[X,0x80034762] -> 0x0000
[5013] [M]: 0x80034760 (0x0000B537) lui a0, 11
x10 <- 0x0000B000


mem[X,0x80034764] -> 0x0513
mem[X,0x80034766] -> 0x5035
[5014] [M]: 0x80034764 (0x50350513) addi a0, a0, 1283
x10 <- 0x0000B503


mem[X,0x80034768] -> 0x35B7
mem[X,0x8003476A] -> 0x3333
[5015] [M]: 0x80034768 (0x333335B7) lui a1, 209715
x11 <- 0x33333000


mem[X,0x8003476C] -> 0x8593
mem[X,0x8003476E] -> 0x3325
[5016] [M]: 0x8003476C (0x33258593) addi a1, a1, 818
x11 <- 0x33333332


mem[X,0x80034770] -> 0x0213
mem[X,0x80034772] -> 0x0000
[5017] [M]: 0x80034770 (0x00000213) addi tp, zero, 0
x4 <- 0x00000000


mem[X,0x80034774] -> 0x006F
mem[X,0x80034776] -> 0x00C0
[5018] [M]: 0x80034774 (0x00C0006F) jal zero, 12


mem[X,0x80034780] -> 0x1063
mem[X,0x80034782] -> 0x02B5
[5019] [M]: 0x80034780 (0x02B51063) bne a0, a1, 32


mem[X,0x800347A0] -> 0x0213
mem[X,0x800347A2] -> 0x0032
[5020] [M]: 0x800347A0 (0x00320213) addi tp, tp, 3
x4 <- 0x00000003


mem[X,0x800347A4] -> 0x006F
mem[X,0x800347A6] -> 0x0040
[5021] [M]: 0x800347A4 (0x0040006F) jal zero, 4


mem[X,0x800347A8] -> 0xAE23
mem[X,0x800347AA] -> 0x7E40
[5022] [M]: 0x800347A8 (0x7E40AE23) sw tp, 2044(ra)
mem[0x80039A64] <- 0x00000003


mem[X,0x800347AC] -> 0x5097
mem[X,0x800347AE] -> 0x0000
[5023] [M]: 0x800347AC (0x00005097) auipc ra, 5
x1 <- 0x800397AC


mem[X,0x800347B0] -> 0x8093
mem[X,0x800347B2] -> 0x2BC0
[5024] [M]: 0x800347B0 (0x2BC08093) addi ra, ra, 700
x1 <- 0x80039A68


mem[X,0x800347B4] -> 0xB537
mem[X,0x800347B6] -> 0x0000
[5025] [M]: 0x800347B4 (0x0000B537) lui a0, 11
x10 <- 0x0000B000


mem[X,0x800347B8] -> 0x0513
mem[X,0x800347BA] -> 0x5035
[5026] [M]: 0x800347B8 (0x50350513) addi a0, a0, 1283
x10 <- 0x0000B503


mem[X,0x800347BC] -> 0x65B7
mem[X,0x800347BE] -> 0x6666
[5027] [M]: 0x800347BC (0x666665B7) lui a1, 419430
x11 <- 0x66666000


mem[X,0x800347C0] -> 0x8593
mem[X,0x800347C2] -> 0x6655
[5028] [M]: 0x800347C0 (0x66558593) addi a1, a1, 1637
x11 <- 0x66666665


mem[X,0x800347C4] -> 0x0213
mem[X,0x800347C6] -> 0x0000
[5029] [M]: 0x800347C4 (0x00000213) addi tp, zero, 0
x4 <- 0x00000000


mem[X,0x800347C8] -> 0x006F
mem[X,0x800347CA] -> 0x00C0
[5030] [M]: 0x800347C8 (0x00C0006F) jal zero, 12


mem[X,0x800347D4] -> 0x1663
mem[X,0x800347D6] -> 0x00B5
[5031] [M]: 0x800347D4 (0x00B51663) bne a0, a1, 12


mem[X,0x800347E0] -> 0x0213
mem[X,0x800347E2] -> 0x0032
[5032] [M]: 0x800347E0 (0x00320213) addi tp, tp, 3
x4 <- 0x00000003


mem[X,0x800347E4] -> 0x006F
mem[X,0x800347E6] -> 0x0040
[5033] [M]: 0x800347E4 (0x0040006F) jal zero, 4


mem[X,0x800347E8] -> 0xA023
mem[X,0x800347EA] -> 0x0040
[5034] [M]: 0x800347E8 (0x0040A023) sw tp, 0(ra)
mem[0x80039A68] <- 0x00000003


mem[X,0x800347EC] -> 0xB537
mem[X,0x800347EE] -> 0x0000
[5035] [M]: 0x800347EC (0x0000B537) lui a0, 11
x10 <- 0x0000B000


mem[X,0x800347F0] -> 0x0513
mem[X,0x800347F2] -> 0x5035
[5036] [M]: 0x800347F0 (0x50350513) addi a0, a0, 1283
x10 <- 0x0000B503


mem[X,0x800347F4] -> 0xB5B7
mem[X,0x800347F6] -> 0x0000
[5037] [M]: 0x800347F4 (0x0000B5B7) lui a1, 11
x11 <- 0x0000B000


mem[X,0x800347F8] -> 0x8593
mem[X,0x800347FA] -> 0x5035
[5038] [M]: 0x800347F8 (0x50358593) addi a1, a1, 1283
x11 <- 0x0000B503


mem[X,0x800347FC] -> 0x0213
mem[X,0x800347FE] -> 0x0000
[5039] [M]: 0x800347FC (0x00000213) addi tp, zero, 0
x4 <- 0x00000000


mem[X,0x80034800] -> 0x006F
mem[X,0x80034802] -> 0x0100
[5040] [M]: 0x80034800 (0x0100006F) jal zero, 16


mem[X,0x80034810] -> 0x1AE3
mem[X,0x80034812] -> 0xFEB5
[5041] [M]: 0x80034810 (0xFEB51AE3) bne a0, a1, 8180


mem[X,0x80034814] -> 0x0213
mem[X,0x80034816] -> 0x0022
[5042] [M]: 0x80034814 (0x00220213) addi tp, tp, 2
x4 <- 0x00000002


mem[X,0x80034818] -> 0x006F
mem[X,0x8003481A] -> 0x00C0
[5043] [M]: 0x80034818 (0x00C0006F) jal zero, 12


mem[X,0x80034824] -> 0xA223
mem[X,0x80034826] -> 0x0040
[5044] [M]: 0x80034824 (0x0040A223) sw tp, 4(ra)
mem[0x80039A6C] <- 0x00000002


mem[X,0x80034828] -> 0xB537
mem[X,0x8003482A] -> 0x0000
[5045] [M]: 0x80034828 (0x0000B537) lui a0, 11
x10 <- 0x0000B000


mem[X,0x8003482C] -> 0x0513
mem[X,0x8003482E] -> 0x5035
[5046] [M]: 0x8003482C (0x50350513) addi a0, a0, 1283
x10 <- 0x0000B503


mem[X,0x80034830] -> 0x55B7
mem[X,0x80034832] -> 0x5555
[5047] [M]: 0x80034830 (0x555555B7) lui a1, 349525
x11 <- 0x55555000


mem[X,0x80034834] -> 0x8593
mem[X,0x80034836] -> 0x5565
[5048] [M]: 0x80034834 (0x55658593) addi a1, a1, 1366
x11 <- 0x55555556


mem[X,0x80034838] -> 0x0213
mem[X,0x8003483A] -> 0x0000
[5049] [M]: 0x80034838 (0x00000213) addi tp, zero, 0
x4 <- 0x00000000


mem[X,0x8003483C] -> 0x006F
mem[X,0x8003483E] -> 0x00C0
[5050] [M]: 0x8003483C (0x00C0006F) jal zero, 12


mem[X,0x80034848] -> 0x1063
mem[X,0x8003484A] -> 0x40B5
[5051] [M]: 0x80034848 (0x40B51063) bne a0, a1, 1024


mem[X,0x80034C48] -> 0x0213
mem[X,0x80034C4A] -> 0x0032
[5052] [M]: 0x80034C48 (0x00320213) addi tp, tp, 3
x4 <- 0x00000003


mem[X,0x80034C4C] -> 0x006F
mem[X,0x80034C4E] -> 0x0040
[5053] [M]: 0x80034C4C (0x0040006F) jal zero, 4


mem[X,0x80034C50] -> 0xA423
mem[X,0x80034C52] -> 0x0040
[5054] [M]: 0x80034C50 (0x0040A423) sw tp, 8(ra)
mem[0x80039A70] <- 0x00000003


mem[X,0x80034C54] -> 0xB537
mem[X,0x80034C56] -> 0x0000
[5055] [M]: 0x80034C54 (0x0000B537) lui a0, 11
x10 <- 0x0000B000


mem[X,0x80034C58] -> 0x0513
mem[X,0x80034C5A] -> 0x5035
[5056] [M]: 0x80034C58 (0x50350513) addi a0, a0, 1283
x10 <- 0x0000B503


mem[X,0x80034C5C] -> 0xB5B7
mem[X,0x80034C5E] -> 0xAAAA
[5057] [M]: 0x80034C5C (0xAAAAB5B7) lui a1, 699051
x11 <- 0xAAAAB000


mem[X,0x80034C60] -> 0x8593
mem[X,0x80034C62] -> 0xAAB5
[5058] [M]: 0x80034C60 (0xAAB58593) addi a1, a1, 2731
x11 <- 0xAAAAAAAB


mem[X,0x80034C64] -> 0x0213
mem[X,0x80034C66] -> 0x0000
[5059] [M]: 0x80034C64 (0x00000213) addi tp, zero, 0
x4 <- 0x00000000


mem[X,0x80034C68] -> 0x006F
mem[X,0x80034C6A] -> 0x00C0
[5060] [M]: 0x80034C68 (0x00C0006F) jal zero, 12


mem[X,0x80034C74] -> 0x1063
mem[X,0x80034C76] -> 0x20B5
[5061] [M]: 0x80034C74 (0x20B51063) bne a0, a1, 512


mem[X,0x80034E74] -> 0x0213
mem[X,0x80034E76] -> 0x0032
[5062] [M]: 0x80034E74 (0x00320213) addi tp, tp, 3
x4 <- 0x00000003


mem[X,0x80034E78] -> 0x006F
mem[X,0x80034E7A] -> 0x0040
[5063] [M]: 0x80034E78 (0x0040006F) jal zero, 4


mem[X,0x80034E7C] -> 0xA623
mem[X,0x80034E7E] -> 0x0040
[5064] [M]: 0x80034E7C (0x0040A623) sw tp, 12(ra)
mem[0x80039A74] <- 0x00000003


mem[X,0x80034E80] -> 0xB537
mem[X,0x80034E82] -> 0x0000
[5065] [M]: 0x80034E80 (0x0000B537) lui a0, 11
x10 <- 0x0000B000


mem[X,0x80034E84] -> 0x0513
mem[X,0x80034E86] -> 0x5035
[5066] [M]: 0x80034E84 (0x50350513) addi a0, a0, 1283
x10 <- 0x0000B503


mem[X,0x80034E88] -> 0x0593
mem[X,0x80034E8A] -> 0x0060
[5067] [M]: 0x80034E88 (0x00600593) addi a1, zero, 6
x11 <- 0x00000006


mem[X,0x80034E8C] -> 0x0213
mem[X,0x80034E8E] -> 0x0000
[5068] [M]: 0x80034E8C (0x00000213) addi tp, zero, 0
x4 <- 0x00000000


mem[X,0x80034E90] -> 0x006F
mem[X,0x80034E92] -> 0x00C0
[5069] [M]: 0x80034E90 (0x00C0006F) jal zero, 12


mem[X,0x80034E9C] -> 0x1063
mem[X,0x80034E9E] -> 0x10B5
[5070] [M]: 0x80034E9C (0x10B51063) bne a0, a1, 256


mem[X,0x80034F9C] -> 0x0213
mem[X,0x80034F9E] -> 0x0032
[5071] [M]: 0x80034F9C (0x00320213) addi tp, tp, 3
x4 <- 0x00000003


mem[X,0x80034FA0] -> 0x006F
mem[X,0x80034FA2] -> 0x0040
[5072] [M]: 0x80034FA0 (0x0040006F) jal zero, 4


mem[X,0x80034FA4] -> 0xA823
mem[X,0x80034FA6] -> 0x0040
[5073] [M]: 0x80034FA4 (0x0040A823) sw tp, 16(ra)
mem[0x80039A78] <- 0x00000003


mem[X,0x80034FA8] -> 0xB537
mem[X,0x80034FAA] -> 0x0000
[5074] [M]: 0x80034FA8 (0x0000B537) lui a0, 11
x10 <- 0x0000B000


mem[X,0x80034FAC] -> 0x0513
mem[X,0x80034FAE] -> 0x5035
[5075] [M]: 0x80034FAC (0x50350513) addi a0, a0, 1283
x10 <- 0x0000B503


mem[X,0x80034FB0] -> 0x35B7
mem[X,0x80034FB2] -> 0x3333
[5076] [M]: 0x80034FB0 (0x333335B7) lui a1, 209715
x11 <- 0x33333000


mem[X,0x80034FB4] -> 0x8593
mem[X,0x80034FB6] -> 0x3345
[5077] [M]: 0x80034FB4 (0x33458593) addi a1, a1, 820
x11 <- 0x33333334


mem[X,0x80034FB8] -> 0x0213
mem[X,0x80034FBA] -> 0x0000
[5078] [M]: 0x80034FB8 (0x00000213) addi tp, zero, 0
x4 <- 0x00000000


mem[X,0x80034FBC] -> 0x006F
mem[X,0x80034FBE] -> 0x00C0
[5079] [M]: 0x80034FBC (0x00C0006F) jal zero, 12


mem[X,0x80034FC8] -> 0x1063
mem[X,0x80034FCA] -> 0x10B5
[5080] [M]: 0x80034FC8 (0x10B51063) bne a0, a1, 256


mem[X,0x800350C8] -> 0x0213
mem[X,0x800350CA] -> 0x0032
[5081] [M]: 0x800350C8 (0x00320213) addi tp, tp, 3
x4 <- 0x00000003


mem[X,0x800350CC] -> 0x006F
mem[X,0x800350CE] -> 0x0040
[5082] [M]: 0x800350CC (0x0040006F) jal zero, 4


mem[X,0x800350D0] -> 0xAA23
mem[X,0x800350D2] -> 0x0040
[5083] [M]: 0x800350D0 (0x0040AA23) sw tp, 20(ra)
mem[0x80039A7C] <- 0x00000003


mem[X,0x800350D4] -> 0xB537
mem[X,0x800350D6] -> 0x0000
[5084] [M]: 0x800350D4 (0x0000B537) lui a0, 11
x10 <- 0x0000B000


mem[X,0x800350D8] -> 0x0513
mem[X,0x800350DA] -> 0x5035
[5085] [M]: 0x800350D8 (0x50350513) addi a0, a0, 1283
x10 <- 0x0000B503


mem[X,0x800350DC] -> 0x65B7
mem[X,0x800350DE] -> 0x6666
[5086] [M]: 0x800350DC (0x666665B7) lui a1, 419430
x11 <- 0x66666000


mem[X,0x800350E0] -> 0x8593
mem[X,0x800350E2] -> 0x6675
[5087] [M]: 0x800350E0 (0x66758593) addi a1, a1, 1639
x11 <- 0x66666667


mem[X,0x800350E4] -> 0x0213
mem[X,0x800350E6] -> 0x0000
[5088] [M]: 0x800350E4 (0x00000213) addi tp, zero, 0
x4 <- 0x00000000


mem[X,0x800350E8] -> 0x006F
mem[X,0x800350EA] -> 0x00C0
[5089] [M]: 0x800350E8 (0x00C0006F) jal zero, 12


mem[X,0x800350F4] -> 0x1063
mem[X,0x800350F6] -> 0x02B5
[5090] [M]: 0x800350F4 (0x02B51063) bne a0, a1, 32


mem[X,0x80035114] -> 0x0213
mem[X,0x80035116] -> 0x0032
[5091] [M]: 0x80035114 (0x00320213) addi tp, tp, 3
x4 <- 0x00000003


mem[X,0x80035118] -> 0x006F
mem[X,0x8003511A] -> 0x0040
[5092] [M]: 0x80035118 (0x0040006F) jal zero, 4


mem[X,0x8003511C] -> 0xAC23
mem[X,0x8003511E] -> 0x0040
[5093] [M]: 0x8003511C (0x0040AC23) sw tp, 24(ra)
mem[0x80039A80] <- 0x00000003


mem[X,0x80035120] -> 0xB537
mem[X,0x80035122] -> 0x0000
[5094] [M]: 0x80035120 (0x0000B537) lui a0, 11
x10 <- 0x0000B000


mem[X,0x80035124] -> 0x0513
mem[X,0x80035126] -> 0x5035
[5095] [M]: 0x80035124 (0x50350513) addi a0, a0, 1283
x10 <- 0x0000B503


mem[X,0x80035128] -> 0x55B7
mem[X,0x8003512A] -> 0xFFFF
[5096] [M]: 0x80035128 (0xFFFF55B7) lui a1, 1048565
x11 <- 0xFFFF5000


mem[X,0x8003512C] -> 0x8593
mem[X,0x8003512E] -> 0xAFD5
[5097] [M]: 0x8003512C (0xAFD58593) addi a1, a1, 2813
x11 <- 0xFFFF4AFD


mem[X,0x80035130] -> 0x0213
mem[X,0x80035132] -> 0x0000
[5098] [M]: 0x80035130 (0x00000213) addi tp, zero, 0
x4 <- 0x00000000


mem[X,0x80035134] -> 0x006F
mem[X,0x80035136] -> 0x00C0
[5099] [M]: 0x80035134 (0x00C0006F) jal zero, 12


clint::tick mtime <- 0x0000000000000033
 clint timer pending at mtime 0x0000000000000033
htif::tick 0x0000000000000000
mem[X,0x80035140] -> 0x1663
mem[X,0x80035142] -> 0x00B5
[5100] [M]: 0x80035140 (0x00B51663) bne a0, a1, 12


mem[X,0x8003514C] -> 0x0213
mem[X,0x8003514E] -> 0x0032
[5101] [M]: 0x8003514C (0x00320213) addi tp, tp, 3
x4 <- 0x00000003


mem[X,0x80035150] -> 0x006F
mem[X,0x80035152] -> 0x0040
[5102] [M]: 0x80035150 (0x0040006F) jal zero, 4


mem[X,0x80035154] -> 0xAE23
mem[X,0x80035156] -> 0x0040
[5103] [M]: 0x80035154 (0x0040AE23) sw tp, 28(ra)
mem[0x80039A84] <- 0x00000003


mem[X,0x80035158] -> 0xB537
mem[X,0x8003515A] -> 0x0000
[5104] [M]: 0x80035158 (0x0000B537) lui a0, 11
x10 <- 0x0000B000


mem[X,0x8003515C] -> 0x0513
mem[X,0x8003515E] -> 0x5035
[5105] [M]: 0x8003515C (0x50350513) addi a0, a0, 1283
x10 <- 0x0000B503


mem[X,0x80035160] -> 0xB5B7
mem[X,0x80035162] -> 0x0000
[5106] [M]: 0x80035160 (0x0000B5B7) lui a1, 11
x11 <- 0x0000B000


mem[X,0x80035164] -> 0x8593
mem[X,0x80035166] -> 0x5055
[5107] [M]: 0x80035164 (0x50558593) addi a1, a1, 1285
x11 <- 0x0000B505


mem[X,0x80035168] -> 0x0213
mem[X,0x8003516A] -> 0x0000
[5108] [M]: 0x80035168 (0x00000213) addi tp, zero, 0
x4 <- 0x00000000


mem[X,0x8003516C] -> 0x006F
mem[X,0x8003516E] -> 0x00C0
[5109] [M]: 0x8003516C (0x00C0006F) jal zero, 12


mem[X,0x80035178] -> 0x1663
mem[X,0x8003517A] -> 0x00B5
[5110] [M]: 0x80035178 (0x00B51663) bne a0, a1, 12


mem[X,0x80035184] -> 0x0213
mem[X,0x80035186] -> 0x0032
[5111] [M]: 0x80035184 (0x00320213) addi tp, tp, 3
x4 <- 0x00000003


mem[X,0x80035188] -> 0x006F
mem[X,0x8003518A] -> 0x0040
[5112] [M]: 0x80035188 (0x0040006F) jal zero, 4


mem[X,0x8003518C] -> 0xA023
mem[X,0x8003518E] -> 0x0240
[5113] [M]: 0x8003518C (0x0240A023) sw tp, 32(ra)
mem[0x80039A88] <- 0x00000003


mem[X,0x80035190] -> 0x5537
mem[X,0x80035192] -> 0x5555
[5114] [M]: 0x80035190 (0x55555537) lui a0, 349525
x10 <- 0x55555000


mem[X,0x80035194] -> 0x0513
mem[X,0x80035196] -> 0x5565
[5115] [M]: 0x80035194 (0x55650513) addi a0, a0, 1366
x10 <- 0x55555556


mem[X,0x80035198] -> 0x0593
mem[X,0x8003519A] -> 0x0030
[5116] [M]: 0x80035198 (0x00300593) addi a1, zero, 3
x11 <- 0x00000003


mem[X,0x8003519C] -> 0x0213
mem[X,0x8003519E] -> 0x0000
[5117] [M]: 0x8003519C (0x00000213) addi tp, zero, 0
x4 <- 0x00000000


mem[X,0x800351A0] -> 0x006F
mem[X,0x800351A2] -> 0x00C0
[5118] [M]: 0x800351A0 (0x00C0006F) jal zero, 12


mem[X,0x800351AC] -> 0x1663
mem[X,0x800351AE] -> 0x00B5
[5119] [M]: 0x800351AC (0x00B51663) bne a0, a1, 12


mem[X,0x800351B8] -> 0x0213
mem[X,0x800351BA] -> 0x0032
[5120] [M]: 0x800351B8 (0x00320213) addi tp, tp, 3
x4 <- 0x00000003


mem[X,0x800351BC] -> 0x006F
mem[X,0x800351BE] -> 0x0040
[5121] [M]: 0x800351BC (0x0040006F) jal zero, 4


mem[X,0x800351C0] -> 0xA223
mem[X,0x800351C2] -> 0x0240
[5122] [M]: 0x800351C0 (0x0240A223) sw tp, 36(ra)
mem[0x80039A8C] <- 0x00000003


mem[X,0x800351C4] -> 0x5537
mem[X,0x800351C6] -> 0x5555
[5123] [M]: 0x800351C4 (0x55555537) lui a0, 349525
x10 <- 0x55555000


mem[X,0x800351C8] -> 0x0513
mem[X,0x800351CA] -> 0x5565
[5124] [M]: 0x800351C8 (0x55650513) addi a0, a0, 1366
x10 <- 0x55555556


mem[X,0x800351CC] -> 0x55B7
mem[X,0x800351CE] -> 0x5555
[5125] [M]: 0x800351CC (0x555555B7) lui a1, 349525
x11 <- 0x55555000


mem[X,0x800351D0] -> 0x8593
mem[X,0x800351D2] -> 0x5555
[5126] [M]: 0x800351D0 (0x55558593) addi a1, a1, 1365
x11 <- 0x55555555


mem[X,0x800351D4] -> 0x0213
mem[X,0x800351D6] -> 0x0000
[5127] [M]: 0x800351D4 (0x00000213) addi tp, zero, 0
x4 <- 0x00000000


mem[X,0x800351D8] -> 0x006F
mem[X,0x800351DA] -> 0x00C0
[5128] [M]: 0x800351D8 (0x00C0006F) jal zero, 12


mem[X,0x800351E4] -> 0x1063
mem[X,0x800351E6] -> 0x20B5
[5129] [M]: 0x800351E4 (0x20B51063) bne a0, a1, 512


mem[X,0x800353E4] -> 0x0213
mem[X,0x800353E6] -> 0x0032
[5130] [M]: 0x800353E4 (0x00320213) addi tp, tp, 3
x4 <- 0x00000003


mem[X,0x800353E8] -> 0x006F
mem[X,0x800353EA] -> 0x0040
[5131] [M]: 0x800353E8 (0x0040006F) jal zero, 4


mem[X,0x800353EC] -> 0xA423
mem[X,0x800353EE] -> 0x0240
[5132] [M]: 0x800353EC (0x0240A423) sw tp, 40(ra)
mem[0x80039A90] <- 0x00000003


mem[X,0x800353F0] -> 0x5537
mem[X,0x800353F2] -> 0x5555
[5133] [M]: 0x800353F0 (0x55555537) lui a0, 349525
x10 <- 0x55555000


mem[X,0x800353F4] -> 0x0513
mem[X,0x800353F6] -> 0x5565
[5134] [M]: 0x800353F4 (0x55650513) addi a0, a0, 1366
x10 <- 0x55555556


mem[X,0x800353F8] -> 0xB5B7
mem[X,0x800353FA] -> 0xAAAA
[5135] [M]: 0x800353F8 (0xAAAAB5B7) lui a1, 699051
x11 <- 0xAAAAB000


mem[X,0x800353FC] -> 0x8593
mem[X,0x800353FE] -> 0xAAA5
[5136] [M]: 0x800353FC (0xAAA58593) addi a1, a1, 2730
x11 <- 0xAAAAAAAA


mem[X,0x80035400] -> 0x0213
mem[X,0x80035402] -> 0x0000
[5137] [M]: 0x80035400 (0x00000213) addi tp, zero, 0
x4 <- 0x00000000


mem[X,0x80035404] -> 0x006F
mem[X,0x80035406] -> 0x00C0
[5138] [M]: 0x80035404 (0x00C0006F) jal zero, 12


mem[X,0x80035410] -> 0x1663
mem[X,0x80035412] -> 0x00B5
[5139] [M]: 0x80035410 (0x00B51663) bne a0, a1, 12


mem[X,0x8003541C] -> 0x0213
mem[X,0x8003541E] -> 0x0032
[5140] [M]: 0x8003541C (0x00320213) addi tp, tp, 3
x4 <- 0x00000003


mem[X,0x80035420] -> 0x006F
mem[X,0x80035422] -> 0x0040
[5141] [M]: 0x80035420 (0x0040006F) jal zero, 4


mem[X,0x80035424] -> 0xA623
mem[X,0x80035426] -> 0x0240
[5142] [M]: 0x80035424 (0x0240A623) sw tp, 44(ra)
mem[0x80039A94] <- 0x00000003


mem[X,0x80035428] -> 0x5537
mem[X,0x8003542A] -> 0x5555
[5143] [M]: 0x80035428 (0x55555537) lui a0, 349525
x10 <- 0x55555000


mem[X,0x8003542C] -> 0x0513
mem[X,0x8003542E] -> 0x5565
[5144] [M]: 0x8003542C (0x55650513) addi a0, a0, 1366
x10 <- 0x55555556


mem[X,0x80035430] -> 0x0593
mem[X,0x80035432] -> 0x0050
[5145] [M]: 0x80035430 (0x00500593) addi a1, zero, 5
x11 <- 0x00000005


mem[X,0x80035434] -> 0x0213
mem[X,0x80035436] -> 0x0000
[5146] [M]: 0x80035434 (0x00000213) addi tp, zero, 0
x4 <- 0x00000000


mem[X,0x80035438] -> 0x006F
mem[X,0x8003543A] -> 0x00C0
[5147] [M]: 0x80035438 (0x00C0006F) jal zero, 12


mem[X,0x80035444] -> 0x1063
mem[X,0x80035446] -> 0x10B5
[5148] [M]: 0x80035444 (0x10B51063) bne a0, a1, 256


mem[X,0x80035544] -> 0x0213
mem[X,0x80035546] -> 0x0032
[5149] [M]: 0x80035544 (0x00320213) addi tp, tp, 3
x4 <- 0x00000003


mem[X,0x80035548] -> 0x006F
mem[X,0x8003554A] -> 0x0040
[5150] [M]: 0x80035548 (0x0040006F) jal zero, 4


mem[X,0x8003554C] -> 0xA823
mem[X,0x8003554E] -> 0x0240
[5151] [M]: 0x8003554C (0x0240A823) sw tp, 48(ra)
mem[0x80039A98] <- 0x00000003


mem[X,0x80035550] -> 0x5537
mem[X,0x80035552] -> 0x5555
[5152] [M]: 0x80035550 (0x55555537) lui a0, 349525
x10 <- 0x55555000


mem[X,0x80035554] -> 0x0513
mem[X,0x80035556] -> 0x5565
[5153] [M]: 0x80035554 (0x55650513) addi a0, a0, 1366
x10 <- 0x55555556


mem[X,0x80035558] -> 0x35B7
mem[X,0x8003555A] -> 0x3333
[5154] [M]: 0x80035558 (0x333335B7) lui a1, 209715
x11 <- 0x33333000


mem[X,0x8003555C] -> 0x8593
mem[X,0x8003555E] -> 0x3335
[5155] [M]: 0x8003555C (0x33358593) addi a1, a1, 819
x11 <- 0x33333333


mem[X,0x80035560] -> 0x0213
mem[X,0x80035562] -> 0x0000
[5156] [M]: 0x80035560 (0x00000213) addi tp, zero, 0
x4 <- 0x00000000


mem[X,0x80035564] -> 0x006F
mem[X,0x80035566] -> 0x00C0
[5157] [M]: 0x80035564 (0x00C0006F) jal zero, 12


mem[X,0x80035570] -> 0x1063
mem[X,0x80035572] -> 0x02B5
[5158] [M]: 0x80035570 (0x02B51063) bne a0, a1, 32


mem[X,0x80035590] -> 0x0213
mem[X,0x80035592] -> 0x0032
[5159] [M]: 0x80035590 (0x00320213) addi tp, tp, 3
x4 <- 0x00000003


mem[X,0x80035594] -> 0x006F
mem[X,0x80035596] -> 0x0040
[5160] [M]: 0x80035594 (0x0040006F) jal zero, 4


mem[X,0x80035598] -> 0xAA23
mem[X,0x8003559A] -> 0x0240
[5161] [M]: 0x80035598 (0x0240AA23) sw tp, 52(ra)
mem[0x80039A9C] <- 0x00000003


mem[X,0x8003559C] -> 0x5537
mem[X,0x8003559E] -> 0x5555
[5162] [M]: 0x8003559C (0x55555537) lui a0, 349525
x10 <- 0x55555000


mem[X,0x800355A0] -> 0x0513
mem[X,0x800355A2] -> 0x5565
[5163] [M]: 0x800355A0 (0x55650513) addi a0, a0, 1366
x10 <- 0x55555556


mem[X,0x800355A4] -> 0x65B7
mem[X,0x800355A6] -> 0x6666
[5164] [M]: 0x800355A4 (0x666665B7) lui a1, 419430
x11 <- 0x66666000


mem[X,0x800355A8] -> 0x8593
mem[X,0x800355AA] -> 0x6665
[5165] [M]: 0x800355A8 (0x66658593) addi a1, a1, 1638
x11 <- 0x66666666


mem[X,0x800355AC] -> 0x0213
mem[X,0x800355AE] -> 0x0000
[5166] [M]: 0x800355AC (0x00000213) addi tp, zero, 0
x4 <- 0x00000000


mem[X,0x800355B0] -> 0x006F
mem[X,0x800355B2] -> 0x00C0
[5167] [M]: 0x800355B0 (0x00C0006F) jal zero, 12


mem[X,0x800355BC] -> 0x1063
mem[X,0x800355BE] -> 0x02B5
[5168] [M]: 0x800355BC (0x02B51063) bne a0, a1, 32


mem[X,0x800355DC] -> 0x0213
mem[X,0x800355DE] -> 0x0032
[5169] [M]: 0x800355DC (0x00320213) addi tp, tp, 3
x4 <- 0x00000003


mem[X,0x800355E0] -> 0x006F
mem[X,0x800355E2] -> 0x0040
[5170] [M]: 0x800355E0 (0x0040006F) jal zero, 4


mem[X,0x800355E4] -> 0xAC23
mem[X,0x800355E6] -> 0x0240
[5171] [M]: 0x800355E4 (0x0240AC23) sw tp, 56(ra)
mem[0x80039AA0] <- 0x00000003


mem[X,0x800355E8] -> 0x5537
mem[X,0x800355EA] -> 0x5555
[5172] [M]: 0x800355E8 (0x55555537) lui a0, 349525
x10 <- 0x55555000


mem[X,0x800355EC] -> 0x0513
mem[X,0x800355EE] -> 0x5565
[5173] [M]: 0x800355EC (0x55650513) addi a0, a0, 1366
x10 <- 0x55555556


mem[X,0x800355F0] -> 0x55B7
mem[X,0x800355F2] -> 0xFFFF
[5174] [M]: 0x800355F0 (0xFFFF55B7) lui a1, 1048565
x11 <- 0xFFFF5000


mem[X,0x800355F4] -> 0x8593
mem[X,0x800355F6] -> 0xAFC5
[5175] [M]: 0x800355F4 (0xAFC58593) addi a1, a1, 2812
x11 <- 0xFFFF4AFC


mem[X,0x800355F8] -> 0x0213
mem[X,0x800355FA] -> 0x0000
[5176] [M]: 0x800355F8 (0x00000213) addi tp, zero, 0
x4 <- 0x00000000


mem[X,0x800355FC] -> 0x006F
mem[X,0x800355FE] -> 0x00C0
[5177] [M]: 0x800355FC (0x00C0006F) jal zero, 12


mem[X,0x80035608] -> 0x1663
mem[X,0x8003560A] -> 0x00B5
[5178] [M]: 0x80035608 (0x00B51663) bne a0, a1, 12


mem[X,0x80035614] -> 0x0213
mem[X,0x80035616] -> 0x0032
[5179] [M]: 0x80035614 (0x00320213) addi tp, tp, 3
x4 <- 0x00000003


mem[X,0x80035618] -> 0x006F
mem[X,0x8003561A] -> 0x0040
[5180] [M]: 0x80035618 (0x0040006F) jal zero, 4


mem[X,0x8003561C] -> 0xAE23
mem[X,0x8003561E] -> 0x0240
[5181] [M]: 0x8003561C (0x0240AE23) sw tp, 60(ra)
mem[0x80039AA4] <- 0x00000003


mem[X,0x80035620] -> 0x5537
mem[X,0x80035622] -> 0x5555
[5182] [M]: 0x80035620 (0x55555537) lui a0, 349525
x10 <- 0x55555000


mem[X,0x80035624] -> 0x0513
mem[X,0x80035626] -> 0x5565
[5183] [M]: 0x80035624 (0x55650513) addi a0, a0, 1366
x10 <- 0x55555556


mem[X,0x80035628] -> 0xB5B7
mem[X,0x8003562A] -> 0x0000
[5184] [M]: 0x80035628 (0x0000B5B7) lui a1, 11
x11 <- 0x0000B000


mem[X,0x8003562C] -> 0x8593
mem[X,0x8003562E] -> 0x5045
[5185] [M]: 0x8003562C (0x50458593) addi a1, a1, 1284
x11 <- 0x0000B504


mem[X,0x80035630] -> 0x0213
mem[X,0x80035632] -> 0x0000
[5186] [M]: 0x80035630 (0x00000213) addi tp, zero, 0
x4 <- 0x00000000


mem[X,0x80035634] -> 0x006F
mem[X,0x80035636] -> 0x00C0
[5187] [M]: 0x80035634 (0x00C0006F) jal zero, 12


mem[X,0x80035640] -> 0x1063
mem[X,0x80035642] -> 0x04B5
[5188] [M]: 0x80035640 (0x04B51063) bne a0, a1, 64


mem[X,0x80035680] -> 0x0213
mem[X,0x80035682] -> 0x0032
[5189] [M]: 0x80035680 (0x00320213) addi tp, tp, 3
x4 <- 0x00000003


mem[X,0x80035684] -> 0x006F
mem[X,0x80035686] -> 0x0040
[5190] [M]: 0x80035684 (0x0040006F) jal zero, 4


mem[X,0x80035688] -> 0xA023
mem[X,0x8003568A] -> 0x0440
[5191] [M]: 0x80035688 (0x0440A023) sw tp, 64(ra)
mem[0x80039AA8] <- 0x00000003


mem[X,0x8003568C] -> 0x5537
mem[X,0x8003568E] -> 0x5555
[5192] [M]: 0x8003568C (0x55555537) lui a0, 349525
x10 <- 0x55555000


mem[X,0x80035690] -> 0x0513
mem[X,0x80035692] -> 0x5565
[5193] [M]: 0x80035690 (0x55650513) addi a0, a0, 1366
x10 <- 0x55555556


mem[X,0x80035694] -> 0x0593
mem[X,0x80035696] -> 0x0020
[5194] [M]: 0x80035694 (0x00200593) addi a1, zero, 2
x11 <- 0x00000002


mem[X,0x80035698] -> 0x0213
mem[X,0x8003569A] -> 0x0000
[5195] [M]: 0x80035698 (0x00000213) addi tp, zero, 0
x4 <- 0x00000000


mem[X,0x8003569C] -> 0x006F
mem[X,0x8003569E] -> 0x00C0
[5196] [M]: 0x8003569C (0x00C0006F) jal zero, 12


mem[X,0x800356A8] -> 0x1CE3
mem[X,0x800356AA] -> 0xFEB5
[5197] [M]: 0x800356A8 (0xFEB51CE3) bne a0, a1, 8184


mem[X,0x800356A0] -> 0x0213
mem[X,0x800356A2] -> 0x0012
[5198] [M]: 0x800356A0 (0x00120213) addi tp, tp, 1
x4 <- 0x00000001


mem[X,0x800356A4] -> 0x006F
mem[X,0x800356A6] -> 0x0180
[5199] [M]: 0x800356A4 (0x0180006F) jal zero, 24


clint::tick mtime <- 0x0000000000000034
 clint timer pending at mtime 0x0000000000000034
htif::tick 0x0000000000000000
mem[X,0x800356BC] -> 0xA223
mem[X,0x800356BE] -> 0x0440
[5200] [M]: 0x800356BC (0x0440A223) sw tp, 68(ra)
mem[0x80039AAC] <- 0x00000001


mem[X,0x800356C0] -> 0x5537
mem[X,0x800356C2] -> 0x5555
[5201] [M]: 0x800356C0 (0x55555537) lui a0, 349525
x10 <- 0x55555000


mem[X,0x800356C4] -> 0x0513
mem[X,0x800356C6] -> 0x5565
[5202] [M]: 0x800356C4 (0x55650513) addi a0, a0, 1366
x10 <- 0x55555556


mem[X,0x800356C8] -> 0x55B7
mem[X,0x800356CA] -> 0x5555
[5203] [M]: 0x800356C8 (0x555555B7) lui a1, 349525
x11 <- 0x55555000


mem[X,0x800356CC] -> 0x8593
mem[X,0x800356CE] -> 0x5545
[5204] [M]: 0x800356CC (0x55458593) addi a1, a1, 1364
x11 <- 0x55555554


mem[X,0x800356D0] -> 0x0213
mem[X,0x800356D2] -> 0x0000
[5205] [M]: 0x800356D0 (0x00000213) addi tp, zero, 0
x4 <- 0x00000000


mem[X,0x800356D4] -> 0x006F
mem[X,0x800356D6] -> 0x00C0
[5206] [M]: 0x800356D4 (0x00C0006F) jal zero, 12


mem[X,0x800356E0] -> 0x1663
mem[X,0x800356E2] -> 0x00B5
[5207] [M]: 0x800356E0 (0x00B51663) bne a0, a1, 12


mem[X,0x800356EC] -> 0x0213
mem[X,0x800356EE] -> 0x0032
[5208] [M]: 0x800356EC (0x00320213) addi tp, tp, 3
x4 <- 0x00000003


mem[X,0x800356F0] -> 0x006F
mem[X,0x800356F2] -> 0x0040
[5209] [M]: 0x800356F0 (0x0040006F) jal zero, 4


mem[X,0x800356F4] -> 0xA423
mem[X,0x800356F6] -> 0x0440
[5210] [M]: 0x800356F4 (0x0440A423) sw tp, 72(ra)
mem[0x80039AB0] <- 0x00000003


mem[X,0x800356F8] -> 0x5537
mem[X,0x800356FA] -> 0x5555
[5211] [M]: 0x800356F8 (0x55555537) lui a0, 349525
x10 <- 0x55555000


mem[X,0x800356FC] -> 0x0513
mem[X,0x800356FE] -> 0x5565
[5212] [M]: 0x800356FC (0x55650513) addi a0, a0, 1366
x10 <- 0x55555556


mem[X,0x80035700] -> 0x0593
mem[X,0x80035702] -> 0x0000
[5213] [M]: 0x80035700 (0x00000593) addi a1, zero, 0
x11 <- 0x00000000


mem[X,0x80035704] -> 0x0213
mem[X,0x80035706] -> 0x0000
[5214] [M]: 0x80035704 (0x00000213) addi tp, zero, 0
x4 <- 0x00000000


mem[X,0x80035708] -> 0x006F
mem[X,0x8003570A] -> 0x00C0
[5215] [M]: 0x80035708 (0x00C0006F) jal zero, 12


mem[X,0x80035714] -> 0x1663
mem[X,0x80035716] -> 0x00B5
[5216] [M]: 0x80035714 (0x00B51663) bne a0, a1, 12


mem[X,0x80035720] -> 0x0213
mem[X,0x80035722] -> 0x0032
[5217] [M]: 0x80035720 (0x00320213) addi tp, tp, 3
x4 <- 0x00000003


mem[X,0x80035724] -> 0x006F
mem[X,0x80035726] -> 0x0040
[5218] [M]: 0x80035724 (0x0040006F) jal zero, 4


mem[X,0x80035728] -> 0xA623
mem[X,0x8003572A] -> 0x0440
[5219] [M]: 0x80035728 (0x0440A623) sw tp, 76(ra)
mem[0x80039AB4] <- 0x00000003


mem[X,0x8003572C] -> 0x5537
mem[X,0x8003572E] -> 0x5555
[5220] [M]: 0x8003572C (0x55555537) lui a0, 349525
x10 <- 0x55555000


mem[X,0x80035730] -> 0x0513
mem[X,0x80035732] -> 0x5565
[5221] [M]: 0x80035730 (0x55650513) addi a0, a0, 1366
x10 <- 0x55555556


mem[X,0x80035734] -> 0x0593
mem[X,0x80035736] -> 0x0040
[5222] [M]: 0x80035734 (0x00400593) addi a1, zero, 4
x11 <- 0x00000004


mem[X,0x80035738] -> 0x0213
mem[X,0x8003573A] -> 0x0000
[5223] [M]: 0x80035738 (0x00000213) addi tp, zero, 0
x4 <- 0x00000000


mem[X,0x8003573C] -> 0x006F
mem[X,0x8003573E] -> 0x00C0
[5224] [M]: 0x8003573C (0x00C0006F) jal zero, 12


mem[X,0x80035748] -> 0x1063
mem[X,0x8003574A] -> 0x10B5
[5225] [M]: 0x80035748 (0x10B51063) bne a0, a1, 256


mem[X,0x80035848] -> 0x0213
mem[X,0x8003584A] -> 0x0032
[5226] [M]: 0x80035848 (0x00320213) addi tp, tp, 3
x4 <- 0x00000003


mem[X,0x8003584C] -> 0x006F
mem[X,0x8003584E] -> 0x0040
[5227] [M]: 0x8003584C (0x0040006F) jal zero, 4


mem[X,0x80035850] -> 0xA823
mem[X,0x80035852] -> 0x0440
[5228] [M]: 0x80035850 (0x0440A823) sw tp, 80(ra)
mem[0x80039AB8] <- 0x00000003


mem[X,0x80035854] -> 0x5537
mem[X,0x80035856] -> 0x5555
[5229] [M]: 0x80035854 (0x55555537) lui a0, 349525
x10 <- 0x55555000


mem[X,0x80035858] -> 0x0513
mem[X,0x8003585A] -> 0x5565
[5230] [M]: 0x80035858 (0x55650513) addi a0, a0, 1366
x10 <- 0x55555556


mem[X,0x8003585C] -> 0x35B7
mem[X,0x8003585E] -> 0x3333
[5231] [M]: 0x8003585C (0x333335B7) lui a1, 209715
x11 <- 0x33333000


mem[X,0x80035860] -> 0x8593
mem[X,0x80035862] -> 0x3325
[5232] [M]: 0x80035860 (0x33258593) addi a1, a1, 818
x11 <- 0x33333332


mem[X,0x80035864] -> 0x0213
mem[X,0x80035866] -> 0x0000
[5233] [M]: 0x80035864 (0x00000213) addi tp, zero, 0
x4 <- 0x00000000


mem[X,0x80035868] -> 0x006F
mem[X,0x8003586A] -> 0x00C0
[5234] [M]: 0x80035868 (0x00C0006F) jal zero, 12


mem[X,0x80035874] -> 0x1CE3
mem[X,0x80035876] -> 0xFEB5
[5235] [M]: 0x80035874 (0xFEB51CE3) bne a0, a1, 8184


mem[X,0x8003586C] -> 0x0213
mem[X,0x8003586E] -> 0x0012
[5236] [M]: 0x8003586C (0x00120213) addi tp, tp, 1
x4 <- 0x00000001


mem[X,0x80035870] -> 0x006F
mem[X,0x80035872] -> 0x0180
[5237] [M]: 0x80035870 (0x0180006F) jal zero, 24


mem[X,0x80035888] -> 0xAA23
mem[X,0x8003588A] -> 0x0440
[5238] [M]: 0x80035888 (0x0440AA23) sw tp, 84(ra)
mem[0x80039ABC] <- 0x00000001


mem[X,0x8003588C] -> 0x5537
mem[X,0x8003588E] -> 0x5555
[5239] [M]: 0x8003588C (0x55555537) lui a0, 349525
x10 <- 0x55555000


mem[X,0x80035890] -> 0x0513
mem[X,0x80035892] -> 0x5565
[5240] [M]: 0x80035890 (0x55650513) addi a0, a0, 1366
x10 <- 0x55555556


mem[X,0x80035894] -> 0x65B7
mem[X,0x80035896] -> 0x6666
[5241] [M]: 0x80035894 (0x666665B7) lui a1, 419430
x11 <- 0x66666000


mem[X,0x80035898] -> 0x8593
mem[X,0x8003589A] -> 0x6655
[5242] [M]: 0x80035898 (0x66558593) addi a1, a1, 1637
x11 <- 0x66666665


mem[X,0x8003589C] -> 0x0213
mem[X,0x8003589E] -> 0x0000
[5243] [M]: 0x8003589C (0x00000213) addi tp, zero, 0
x4 <- 0x00000000


mem[X,0x800358A0] -> 0x006F
mem[X,0x800358A2] -> 0x00C0
[5244] [M]: 0x800358A0 (0x00C0006F) jal zero, 12


mem[X,0x800358AC] -> 0x1063
mem[X,0x800358AE] -> 0x02B5
[5245] [M]: 0x800358AC (0x02B51063) bne a0, a1, 32


mem[X,0x800358CC] -> 0x0213
mem[X,0x800358CE] -> 0x0032
[5246] [M]: 0x800358CC (0x00320213) addi tp, tp, 3
x4 <- 0x00000003


mem[X,0x800358D0] -> 0x006F
mem[X,0x800358D2] -> 0x0040
[5247] [M]: 0x800358D0 (0x0040006F) jal zero, 4


mem[X,0x800358D4] -> 0xAC23
mem[X,0x800358D6] -> 0x0440
[5248] [M]: 0x800358D4 (0x0440AC23) sw tp, 88(ra)
mem[0x80039AC0] <- 0x00000003


mem[X,0x800358D8] -> 0x5537
mem[X,0x800358DA] -> 0x5555
[5249] [M]: 0x800358D8 (0x55555537) lui a0, 349525
x10 <- 0x55555000


mem[X,0x800358DC] -> 0x0513
mem[X,0x800358DE] -> 0x5565
[5250] [M]: 0x800358DC (0x55650513) addi a0, a0, 1366
x10 <- 0x55555556


mem[X,0x800358E0] -> 0xB5B7
mem[X,0x800358E2] -> 0x0000
[5251] [M]: 0x800358E0 (0x0000B5B7) lui a1, 11
x11 <- 0x0000B000


mem[X,0x800358E4] -> 0x8593
mem[X,0x800358E6] -> 0x5035
[5252] [M]: 0x800358E4 (0x50358593) addi a1, a1, 1283
x11 <- 0x0000B503


mem[X,0x800358E8] -> 0x0213
mem[X,0x800358EA] -> 0x0000
[5253] [M]: 0x800358E8 (0x00000213) addi tp, zero, 0
x4 <- 0x00000000


mem[X,0x800358EC] -> 0x006F
mem[X,0x800358EE] -> 0x00C0
[5254] [M]: 0x800358EC (0x00C0006F) jal zero, 12


mem[X,0x800358F8] -> 0x1063
mem[X,0x800358FA] -> 0x02B5
[5255] [M]: 0x800358F8 (0x02B51063) bne a0, a1, 32


mem[X,0x80035918] -> 0x0213
mem[X,0x8003591A] -> 0x0032
[5256] [M]: 0x80035918 (0x00320213) addi tp, tp, 3
x4 <- 0x00000003


mem[X,0x8003591C] -> 0x006F
mem[X,0x8003591E] -> 0x0040
[5257] [M]: 0x8003591C (0x0040006F) jal zero, 4


mem[X,0x80035920] -> 0xAE23
mem[X,0x80035922] -> 0x0440
[5258] [M]: 0x80035920 (0x0440AE23) sw tp, 92(ra)
mem[0x80039AC4] <- 0x00000003


mem[X,0x80035924] -> 0x5537
mem[X,0x80035926] -> 0x5555
[5259] [M]: 0x80035924 (0x55555537) lui a0, 349525
x10 <- 0x55555000


mem[X,0x80035928] -> 0x0513
mem[X,0x8003592A] -> 0x5565
[5260] [M]: 0x80035928 (0x55650513) addi a0, a0, 1366
x10 <- 0x55555556


mem[X,0x8003592C] -> 0x55B7
mem[X,0x8003592E] -> 0x5555
[5261] [M]: 0x8003592C (0x555555B7) lui a1, 349525
x11 <- 0x55555000


mem[X,0x80035930] -> 0x8593
mem[X,0x80035932] -> 0x5565
[5262] [M]: 0x80035930 (0x55658593) addi a1, a1, 1366
x11 <- 0x55555556


mem[X,0x80035934] -> 0x0213
mem[X,0x80035936] -> 0x0000
[5263] [M]: 0x80035934 (0x00000213) addi tp, zero, 0
x4 <- 0x00000000


mem[X,0x80035938] -> 0x006F
mem[X,0x8003593A] -> 0x00C0
[5264] [M]: 0x80035938 (0x00C0006F) jal zero, 12


mem[X,0x80035944] -> 0x1663
mem[X,0x80035946] -> 0x00B5
[5265] [M]: 0x80035944 (0x00B51663) bne a0, a1, 12


mem[X,0x80035948] -> 0x0213
mem[X,0x8003594A] -> 0x0022
[5266] [M]: 0x80035948 (0x00220213) addi tp, tp, 2
x4 <- 0x00000002


mem[X,0x8003594C] -> 0x006F
mem[X,0x8003594E] -> 0x00C0
[5267] [M]: 0x8003594C (0x00C0006F) jal zero, 12


mem[X,0x80035958] -> 0xA023
mem[X,0x8003595A] -> 0x0640
[5268] [M]: 0x80035958 (0x0640A023) sw tp, 96(ra)
mem[0x80039AC8] <- 0x00000002


mem[X,0x8003595C] -> 0x5537
mem[X,0x8003595E] -> 0x5555
[5269] [M]: 0x8003595C (0x55555537) lui a0, 349525
x10 <- 0x55555000


mem[X,0x80035960] -> 0x0513
mem[X,0x80035962] -> 0x5565
[5270] [M]: 0x80035960 (0x55650513) addi a0, a0, 1366
x10 <- 0x55555556


mem[X,0x80035964] -> 0xB5B7
mem[X,0x80035966] -> 0xAAAA
[5271] [M]: 0x80035964 (0xAAAAB5B7) lui a1, 699051
x11 <- 0xAAAAB000


mem[X,0x80035968] -> 0x8593
mem[X,0x8003596A] -> 0xAAB5
[5272] [M]: 0x80035968 (0xAAB58593) addi a1, a1, 2731
x11 <- 0xAAAAAAAB


mem[X,0x8003596C] -> 0x0213
mem[X,0x8003596E] -> 0x0000
[5273] [M]: 0x8003596C (0x00000213) addi tp, zero, 0
x4 <- 0x00000000


mem[X,0x80035970] -> 0x006F
mem[X,0x80035972] -> 0x00C0
[5274] [M]: 0x80035970 (0x00C0006F) jal zero, 12


mem[X,0x8003597C] -> 0x1663
mem[X,0x8003597E] -> 0x00B5
[5275] [M]: 0x8003597C (0x00B51663) bne a0, a1, 12


mem[X,0x80035988] -> 0x0213
mem[X,0x8003598A] -> 0x0032
[5276] [M]: 0x80035988 (0x00320213) addi tp, tp, 3
x4 <- 0x00000003


mem[X,0x8003598C] -> 0x006F
mem[X,0x8003598E] -> 0x0040
[5277] [M]: 0x8003598C (0x0040006F) jal zero, 4


mem[X,0x80035990] -> 0xA223
mem[X,0x80035992] -> 0x0640
[5278] [M]: 0x80035990 (0x0640A223) sw tp, 100(ra)
mem[0x80039ACC] <- 0x00000003


mem[X,0x80035994] -> 0x5537
mem[X,0x80035996] -> 0x5555
[5279] [M]: 0x80035994 (0x55555537) lui a0, 349525
x10 <- 0x55555000


mem[X,0x80035998] -> 0x0513
mem[X,0x8003599A] -> 0x5565
[5280] [M]: 0x80035998 (0x55650513) addi a0, a0, 1366
x10 <- 0x55555556


mem[X,0x8003599C] -> 0x0593
mem[X,0x8003599E] -> 0x0060
[5281] [M]: 0x8003599C (0x00600593) addi a1, zero, 6
x11 <- 0x00000006


mem[X,0x800359A0] -> 0x0213
mem[X,0x800359A2] -> 0x0000
[5282] [M]: 0x800359A0 (0x00000213) addi tp, zero, 0
x4 <- 0x00000000


mem[X,0x800359A4] -> 0x006F
mem[X,0x800359A6] -> 0x00C0
[5283] [M]: 0x800359A4 (0x00C0006F) jal zero, 12


mem[X,0x800359B0] -> 0x1063
mem[X,0x800359B2] -> 0x20B5
[5284] [M]: 0x800359B0 (0x20B51063) bne a0, a1, 512


mem[X,0x80035BB0] -> 0x0213
mem[X,0x80035BB2] -> 0x0032
[5285] [M]: 0x80035BB0 (0x00320213) addi tp, tp, 3
x4 <- 0x00000003


mem[X,0x80035BB4] -> 0x006F
mem[X,0x80035BB6] -> 0x0040
[5286] [M]: 0x80035BB4 (0x0040006F) jal zero, 4


mem[X,0x80035BB8] -> 0xA423
mem[X,0x80035BBA] -> 0x0640
[5287] [M]: 0x80035BB8 (0x0640A423) sw tp, 104(ra)
mem[0x80039AD0] <- 0x00000003


mem[X,0x80035BBC] -> 0x5537
mem[X,0x80035BBE] -> 0x5555
[5288] [M]: 0x80035BBC (0x55555537) lui a0, 349525
x10 <- 0x55555000


mem[X,0x80035BC0] -> 0x0513
mem[X,0x80035BC2] -> 0x5565
[5289] [M]: 0x80035BC0 (0x55650513) addi a0, a0, 1366
x10 <- 0x55555556


mem[X,0x80035BC4] -> 0x35B7
mem[X,0x80035BC6] -> 0x3333
[5290] [M]: 0x80035BC4 (0x333335B7) lui a1, 209715
x11 <- 0x33333000


mem[X,0x80035BC8] -> 0x8593
mem[X,0x80035BCA] -> 0x3345
[5291] [M]: 0x80035BC8 (0x33458593) addi a1, a1, 820
x11 <- 0x33333334


mem[X,0x80035BCC] -> 0x0213
mem[X,0x80035BCE] -> 0x0000
[5292] [M]: 0x80035BCC (0x00000213) addi tp, zero, 0
x4 <- 0x00000000


mem[X,0x80035BD0] -> 0x006F
mem[X,0x80035BD2] -> 0x0100
[5293] [M]: 0x80035BD0 (0x0100006F) jal zero, 16


mem[X,0x80035BE0] -> 0x1AE3
mem[X,0x80035BE2] -> 0xFEB5
[5294] [M]: 0x80035BE0 (0xFEB51AE3) bne a0, a1, 8180


mem[X,0x80035BD4] -> 0x0213
mem[X,0x80035BD6] -> 0x0012
[5295] [M]: 0x80035BD4 (0x00120213) addi tp, tp, 1
x4 <- 0x00000001


mem[X,0x80035BD8] -> 0x006F
mem[X,0x80035BDA] -> 0x01C0
[5296] [M]: 0x80035BD8 (0x01C0006F) jal zero, 28


mem[X,0x80035BF4] -> 0xA623
mem[X,0x80035BF6] -> 0x0640
[5297] [M]: 0x80035BF4 (0x0640A623) sw tp, 108(ra)
mem[0x80039AD4] <- 0x00000001


mem[X,0x80035BF8] -> 0x5537
mem[X,0x80035BFA] -> 0x5555
[5298] [M]: 0x80035BF8 (0x55555537) lui a0, 349525
x10 <- 0x55555000


mem[X,0x80035BFC] -> 0x0513
mem[X,0x80035BFE] -> 0x5565
[5299] [M]: 0x80035BFC (0x55650513) addi a0, a0, 1366
x10 <- 0x55555556


clint::tick mtime <- 0x0000000000000035
 clint timer pending at mtime 0x0000000000000035
htif::tick 0x0000000000000000
mem[X,0x80035C00] -> 0x65B7
mem[X,0x80035C02] -> 0x6666
[5300] [M]: 0x80035C00 (0x666665B7) lui a1, 419430
x11 <- 0x66666000


mem[X,0x80035C04] -> 0x8593
mem[X,0x80035C06] -> 0x6675
[5301] [M]: 0x80035C04 (0x66758593) addi a1, a1, 1639
x11 <- 0x66666667


mem[X,0x80035C08] -> 0x0213
mem[X,0x80035C0A] -> 0x0000
[5302] [M]: 0x80035C08 (0x00000213) addi tp, zero, 0
x4 <- 0x00000000


mem[X,0x80035C0C] -> 0x006F
mem[X,0x80035C0E] -> 0x00C0
[5303] [M]: 0x80035C0C (0x00C0006F) jal zero, 12


mem[X,0x80035C18] -> 0x1063
mem[X,0x80035C1A] -> 0x20B5
[5304] [M]: 0x80035C18 (0x20B51063) bne a0, a1, 512


mem[X,0x80035E18] -> 0x0213
mem[X,0x80035E1A] -> 0x0032
[5305] [M]: 0x80035E18 (0x00320213) addi tp, tp, 3
x4 <- 0x00000003


mem[X,0x80035E1C] -> 0x006F
mem[X,0x80035E1E] -> 0x0040
[5306] [M]: 0x80035E1C (0x0040006F) jal zero, 4


mem[X,0x80035E20] -> 0xA823
mem[X,0x80035E22] -> 0x0640
[5307] [M]: 0x80035E20 (0x0640A823) sw tp, 112(ra)
mem[0x80039AD8] <- 0x00000003


mem[X,0x80035E24] -> 0x5537
mem[X,0x80035E26] -> 0x5555
[5308] [M]: 0x80035E24 (0x55555537) lui a0, 349525
x10 <- 0x55555000


mem[X,0x80035E28] -> 0x0513
mem[X,0x80035E2A] -> 0x5565
[5309] [M]: 0x80035E28 (0x55650513) addi a0, a0, 1366
x10 <- 0x55555556


mem[X,0x80035E2C] -> 0x55B7
mem[X,0x80035E2E] -> 0xFFFF
[5310] [M]: 0x80035E2C (0xFFFF55B7) lui a1, 1048565
x11 <- 0xFFFF5000


mem[X,0x80035E30] -> 0x8593
mem[X,0x80035E32] -> 0xAFD5
[5311] [M]: 0x80035E30 (0xAFD58593) addi a1, a1, 2813
x11 <- 0xFFFF4AFD


mem[X,0x80035E34] -> 0x0213
mem[X,0x80035E36] -> 0x0000
[5312] [M]: 0x80035E34 (0x00000213) addi tp, zero, 0
x4 <- 0x00000000


mem[X,0x80035E38] -> 0x006F
mem[X,0x80035E3A] -> 0x0100
[5313] [M]: 0x80035E38 (0x0100006F) jal zero, 16


mem[X,0x80035E48] -> 0x1AE3
mem[X,0x80035E4A] -> 0xFEB5
[5314] [M]: 0x80035E48 (0xFEB51AE3) bne a0, a1, 8180


mem[X,0x80035E3C] -> 0x0213
mem[X,0x80035E3E] -> 0x0012
[5315] [M]: 0x80035E3C (0x00120213) addi tp, tp, 1
x4 <- 0x00000001


mem[X,0x80035E40] -> 0x006F
mem[X,0x80035E42] -> 0x01C0
[5316] [M]: 0x80035E40 (0x01C0006F) jal zero, 28


mem[X,0x80035E5C] -> 0xAA23
mem[X,0x80035E5E] -> 0x0640
[5317] [M]: 0x80035E5C (0x0640AA23) sw tp, 116(ra)
mem[0x80039ADC] <- 0x00000001


mem[X,0x80035E60] -> 0x5537
mem[X,0x80035E62] -> 0x5555
[5318] [M]: 0x80035E60 (0x55555537) lui a0, 349525
x10 <- 0x55555000


mem[X,0x80035E64] -> 0x0513
mem[X,0x80035E66] -> 0x5565
[5319] [M]: 0x80035E64 (0x55650513) addi a0, a0, 1366
x10 <- 0x55555556


mem[X,0x80035E68] -> 0xB5B7
mem[X,0x80035E6A] -> 0x0000
[5320] [M]: 0x80035E68 (0x0000B5B7) lui a1, 11
x11 <- 0x0000B000


mem[X,0x80035E6C] -> 0x8593
mem[X,0x80035E6E] -> 0x5055
[5321] [M]: 0x80035E6C (0x50558593) addi a1, a1, 1285
x11 <- 0x0000B505


mem[X,0x80035E70] -> 0x0213
mem[X,0x80035E72] -> 0x0000
[5322] [M]: 0x80035E70 (0x00000213) addi tp, zero, 0
x4 <- 0x00000000


mem[X,0x80035E74] -> 0x006F
mem[X,0x80035E76] -> 0x00C0
[5323] [M]: 0x80035E74 (0x00C0006F) jal zero, 12


mem[X,0x80035E80] -> 0x1863
mem[X,0x80035E82] -> 0x00B5
[5324] [M]: 0x80035E80 (0x00B51863) bne a0, a1, 16


mem[X,0x80035E90] -> 0x0213
mem[X,0x80035E92] -> 0x0032
[5325] [M]: 0x80035E90 (0x00320213) addi tp, tp, 3
x4 <- 0x00000003


mem[X,0x80035E94] -> 0x006F
mem[X,0x80035E96] -> 0x0040
[5326] [M]: 0x80035E94 (0x0040006F) jal zero, 4


mem[X,0x80035E98] -> 0xAC23
mem[X,0x80035E9A] -> 0x0640
[5327] [M]: 0x80035E98 (0x0640AC23) sw tp, 120(ra)
mem[0x80039AE0] <- 0x00000003


mem[X,0x80035E9C] -> 0xB537
mem[X,0x80035E9E] -> 0xAAAA
[5328] [M]: 0x80035E9C (0xAAAAB537) lui a0, 699051
x10 <- 0xAAAAB000


mem[X,0x80035EA0] -> 0x0513
mem[X,0x80035EA2] -> 0xAAB5
[5329] [M]: 0x80035EA0 (0xAAB50513) addi a0, a0, 2731
x10 <- 0xAAAAAAAB


mem[X,0x80035EA4] -> 0x0593
mem[X,0x80035EA6] -> 0x0030
[5330] [M]: 0x80035EA4 (0x00300593) addi a1, zero, 3
x11 <- 0x00000003


mem[X,0x80035EA8] -> 0x0213
mem[X,0x80035EAA] -> 0x0000
[5331] [M]: 0x80035EA8 (0x00000213) addi tp, zero, 0
x4 <- 0x00000000


mem[X,0x80035EAC] -> 0x006F
mem[X,0x80035EAE] -> 0x00C0
[5332] [M]: 0x80035EAC (0x00C0006F) jal zero, 12


mem[X,0x80035EB8] -> 0x1063
mem[X,0x80035EBA] -> 0x04B5
[5333] [M]: 0x80035EB8 (0x04B51063) bne a0, a1, 64


mem[X,0x80035EF8] -> 0x0213
mem[X,0x80035EFA] -> 0x0032
[5334] [M]: 0x80035EF8 (0x00320213) addi tp, tp, 3
x4 <- 0x00000003


mem[X,0x80035EFC] -> 0x006F
mem[X,0x80035EFE] -> 0x0040
[5335] [M]: 0x80035EFC (0x0040006F) jal zero, 4


mem[X,0x80035F00] -> 0xAE23
mem[X,0x80035F02] -> 0x0640
[5336] [M]: 0x80035F00 (0x0640AE23) sw tp, 124(ra)
mem[0x80039AE4] <- 0x00000003


mem[X,0x80035F04] -> 0xB537
mem[X,0x80035F06] -> 0xAAAA
[5337] [M]: 0x80035F04 (0xAAAAB537) lui a0, 699051
x10 <- 0xAAAAB000


mem[X,0x80035F08] -> 0x0513
mem[X,0x80035F0A] -> 0xAAB5
[5338] [M]: 0x80035F08 (0xAAB50513) addi a0, a0, 2731
x10 <- 0xAAAAAAAB


mem[X,0x80035F0C] -> 0x55B7
mem[X,0x80035F0E] -> 0x5555
[5339] [M]: 0x80035F0C (0x555555B7) lui a1, 349525
x11 <- 0x55555000


mem[X,0x80035F10] -> 0x8593
mem[X,0x80035F12] -> 0x5555
[5340] [M]: 0x80035F10 (0x55558593) addi a1, a1, 1365
x11 <- 0x55555555


mem[X,0x80035F14] -> 0x0213
mem[X,0x80035F16] -> 0x0000
[5341] [M]: 0x80035F14 (0x00000213) addi tp, zero, 0
x4 <- 0x00000000


mem[X,0x80035F18] -> 0x006F
mem[X,0x80035F1A] -> 0x00C0
[5342] [M]: 0x80035F18 (0x00C0006F) jal zero, 12


mem[X,0x80035F24] -> 0x1CE3
mem[X,0x80035F26] -> 0xFEB5
[5343] [M]: 0x80035F24 (0xFEB51CE3) bne a0, a1, 8184


mem[X,0x80035F1C] -> 0x0213
mem[X,0x80035F1E] -> 0x0012
[5344] [M]: 0x80035F1C (0x00120213) addi tp, tp, 1
x4 <- 0x00000001


mem[X,0x80035F20] -> 0x006F
mem[X,0x80035F22] -> 0x0180
[5345] [M]: 0x80035F20 (0x0180006F) jal zero, 24


mem[X,0x80035F38] -> 0xA023
mem[X,0x80035F3A] -> 0x0840
[5346] [M]: 0x80035F38 (0x0840A023) sw tp, 128(ra)
mem[0x80039AE8] <- 0x00000001


mem[X,0x80035F3C] -> 0xB537
mem[X,0x80035F3E] -> 0xAAAA
[5347] [M]: 0x80035F3C (0xAAAAB537) lui a0, 699051
x10 <- 0xAAAAB000


mem[X,0x80035F40] -> 0x0513
mem[X,0x80035F42] -> 0xAAB5
[5348] [M]: 0x80035F40 (0xAAB50513) addi a0, a0, 2731
x10 <- 0xAAAAAAAB


mem[X,0x80035F44] -> 0xB5B7
mem[X,0x80035F46] -> 0xAAAA
[5349] [M]: 0x80035F44 (0xAAAAB5B7) lui a1, 699051
x11 <- 0xAAAAB000


mem[X,0x80035F48] -> 0x8593
mem[X,0x80035F4A] -> 0xAAA5
[5350] [M]: 0x80035F48 (0xAAA58593) addi a1, a1, 2730
x11 <- 0xAAAAAAAA


mem[X,0x80035F4C] -> 0x0213
mem[X,0x80035F4E] -> 0x0000
[5351] [M]: 0x80035F4C (0x00000213) addi tp, zero, 0
x4 <- 0x00000000


mem[X,0x80035F50] -> 0x006F
mem[X,0x80035F52] -> 0x00C0
[5352] [M]: 0x80035F50 (0x00C0006F) jal zero, 12


mem[X,0x80035F5C] -> 0x1663
mem[X,0x80035F5E] -> 0x00B5
[5353] [M]: 0x80035F5C (0x00B51663) bne a0, a1, 12


mem[X,0x80035F68] -> 0x0213
mem[X,0x80035F6A] -> 0x0032
[5354] [M]: 0x80035F68 (0x00320213) addi tp, tp, 3
x4 <- 0x00000003


mem[X,0x80035F6C] -> 0x006F
mem[X,0x80035F6E] -> 0x0040
[5355] [M]: 0x80035F6C (0x0040006F) jal zero, 4


mem[X,0x80035F70] -> 0xA223
mem[X,0x80035F72] -> 0x0840
[5356] [M]: 0x80035F70 (0x0840A223) sw tp, 132(ra)
mem[0x80039AEC] <- 0x00000003


mem[X,0x80035F74] -> 0xB537
mem[X,0x80035F76] -> 0xAAAA
[5357] [M]: 0x80035F74 (0xAAAAB537) lui a0, 699051
x10 <- 0xAAAAB000


mem[X,0x80035F78] -> 0x0513
mem[X,0x80035F7A] -> 0xAAB5
[5358] [M]: 0x80035F78 (0xAAB50513) addi a0, a0, 2731
x10 <- 0xAAAAAAAB


mem[X,0x80035F7C] -> 0x0593
mem[X,0x80035F7E] -> 0x0050
[5359] [M]: 0x80035F7C (0x00500593) addi a1, zero, 5
x11 <- 0x00000005


mem[X,0x80035F80] -> 0x0213
mem[X,0x80035F82] -> 0x0000
[5360] [M]: 0x80035F80 (0x00000213) addi tp, zero, 0
x4 <- 0x00000000


mem[X,0x80035F84] -> 0x006F
mem[X,0x80035F86] -> 0x00C0
[5361] [M]: 0x80035F84 (0x00C0006F) jal zero, 12


mem[X,0x80035F90] -> 0x1063
mem[X,0x80035F92] -> 0x08B5
[5362] [M]: 0x80035F90 (0x08B51063) bne a0, a1, 128


mem[X,0x80036010] -> 0x0213
mem[X,0x80036012] -> 0x0032
[5363] [M]: 0x80036010 (0x00320213) addi tp, tp, 3
x4 <- 0x00000003


mem[X,0x80036014] -> 0x006F
mem[X,0x80036016] -> 0x0040
[5364] [M]: 0x80036014 (0x0040006F) jal zero, 4


mem[X,0x80036018] -> 0xA423
mem[X,0x8003601A] -> 0x0840
[5365] [M]: 0x80036018 (0x0840A423) sw tp, 136(ra)
mem[0x80039AF0] <- 0x00000003


mem[X,0x8003601C] -> 0xB537
mem[X,0x8003601E] -> 0xAAAA
[5366] [M]: 0x8003601C (0xAAAAB537) lui a0, 699051
x10 <- 0xAAAAB000


mem[X,0x80036020] -> 0x0513
mem[X,0x80036022] -> 0xAAB5
[5367] [M]: 0x80036020 (0xAAB50513) addi a0, a0, 2731
x10 <- 0xAAAAAAAB


mem[X,0x80036024] -> 0x35B7
mem[X,0x80036026] -> 0x3333
[5368] [M]: 0x80036024 (0x333335B7) lui a1, 209715
x11 <- 0x33333000


mem[X,0x80036028] -> 0x8593
mem[X,0x8003602A] -> 0x3335
[5369] [M]: 0x80036028 (0x33358593) addi a1, a1, 819
x11 <- 0x33333333


mem[X,0x8003602C] -> 0x0213
mem[X,0x8003602E] -> 0x0000
[5370] [M]: 0x8003602C (0x00000213) addi tp, zero, 0
x4 <- 0x00000000


mem[X,0x80036030] -> 0x006F
mem[X,0x80036032] -> 0x00C0
[5371] [M]: 0x80036030 (0x00C0006F) jal zero, 12


mem[X,0x8003603C] -> 0x1063
mem[X,0x8003603E] -> 0x20B5
[5372] [M]: 0x8003603C (0x20B51063) bne a0, a1, 512


mem[X,0x8003623C] -> 0x0213
mem[X,0x8003623E] -> 0x0032
[5373] [M]: 0x8003623C (0x00320213) addi tp, tp, 3
x4 <- 0x00000003


mem[X,0x80036240] -> 0x006F
mem[X,0x80036242] -> 0x0040
[5374] [M]: 0x80036240 (0x0040006F) jal zero, 4


mem[X,0x80036244] -> 0xA623
mem[X,0x80036246] -> 0x0840
[5375] [M]: 0x80036244 (0x0840A623) sw tp, 140(ra)
mem[0x80039AF4] <- 0x00000003


mem[X,0x80036248] -> 0xB537
mem[X,0x8003624A] -> 0xAAAA
[5376] [M]: 0x80036248 (0xAAAAB537) lui a0, 699051
x10 <- 0xAAAAB000


mem[X,0x8003624C] -> 0x0513
mem[X,0x8003624E] -> 0xAAB5
[5377] [M]: 0x8003624C (0xAAB50513) addi a0, a0, 2731
x10 <- 0xAAAAAAAB


mem[X,0x80036250] -> 0x65B7
mem[X,0x80036252] -> 0x6666
[5378] [M]: 0x80036250 (0x666665B7) lui a1, 419430
x11 <- 0x66666000


mem[X,0x80036254] -> 0x8593
mem[X,0x80036256] -> 0x6665
[5379] [M]: 0x80036254 (0x66658593) addi a1, a1, 1638
x11 <- 0x66666666


mem[X,0x80036258] -> 0x0213
mem[X,0x8003625A] -> 0x0000
[5380] [M]: 0x80036258 (0x00000213) addi tp, zero, 0
x4 <- 0x00000000


mem[X,0x8003625C] -> 0x006F
mem[X,0x8003625E] -> 0x2B10
[5381] [M]: 0x8003625C (0x2B10006F) jal zero, 2736


mem[X,0x80036D0C] -> 0x1A63
mem[X,0x80036D0E] -> 0xD4B5
[5382] [M]: 0x80036D0C (0xD4B51A63) bne a0, a1, 5460


mem[X,0x80036260] -> 0x0213
mem[X,0x80036262] -> 0x0012
[5383] [M]: 0x80036260 (0x00120213) addi tp, tp, 1
x4 <- 0x00000001


mem[X,0x80036264] -> 0x006F
mem[X,0x80036266] -> 0x2BD0
[5384] [M]: 0x80036264 (0x2BD0006F) jal zero, 2748


mem[X,0x80036D20] -> 0xA823
mem[X,0x80036D22] -> 0x0840
[5385] [M]: 0x80036D20 (0x0840A823) sw tp, 144(ra)
mem[0x80039AF8] <- 0x00000001


mem[X,0x80036D24] -> 0xB537
mem[X,0x80036D26] -> 0xAAAA
[5386] [M]: 0x80036D24 (0xAAAAB537) lui a0, 699051
x10 <- 0xAAAAB000


mem[X,0x80036D28] -> 0x0513
mem[X,0x80036D2A] -> 0xAAB5
[5387] [M]: 0x80036D28 (0xAAB50513) addi a0, a0, 2731
x10 <- 0xAAAAAAAB


mem[X,0x80036D2C] -> 0x55B7
mem[X,0x80036D2E] -> 0xFFFF
[5388] [M]: 0x80036D2C (0xFFFF55B7) lui a1, 1048565
x11 <- 0xFFFF5000


mem[X,0x80036D30] -> 0x8593
mem[X,0x80036D32] -> 0xAFC5
[5389] [M]: 0x80036D30 (0xAFC58593) addi a1, a1, 2812
x11 <- 0xFFFF4AFC


mem[X,0x80036D34] -> 0x0213
mem[X,0x80036D36] -> 0x0000
[5390] [M]: 0x80036D34 (0x00000213) addi tp, zero, 0
x4 <- 0x00000000


mem[X,0x80036D38] -> 0x006F
mem[X,0x80036D3A] -> 0x00C0
[5391] [M]: 0x80036D38 (0x00C0006F) jal zero, 12


mem[X,0x80036D44] -> 0x1063
mem[X,0x80036D46] -> 0x40B5
[5392] [M]: 0x80036D44 (0x40B51063) bne a0, a1, 1024


mem[X,0x80037144] -> 0x0213
mem[X,0x80037146] -> 0x0032
[5393] [M]: 0x80037144 (0x00320213) addi tp, tp, 3
x4 <- 0x00000003


mem[X,0x80037148] -> 0x006F
mem[X,0x8003714A] -> 0x0040
[5394] [M]: 0x80037148 (0x0040006F) jal zero, 4


mem[X,0x8003714C] -> 0xAA23
mem[X,0x8003714E] -> 0x0840
[5395] [M]: 0x8003714C (0x0840AA23) sw tp, 148(ra)
mem[0x80039AFC] <- 0x00000003


mem[X,0x80037150] -> 0xB537
mem[X,0x80037152] -> 0xAAAA
[5396] [M]: 0x80037150 (0xAAAAB537) lui a0, 699051
x10 <- 0xAAAAB000


mem[X,0x80037154] -> 0x0513
mem[X,0x80037156] -> 0xAAB5
[5397] [M]: 0x80037154 (0xAAB50513) addi a0, a0, 2731
x10 <- 0xAAAAAAAB


mem[X,0x80037158] -> 0xB5B7
mem[X,0x8003715A] -> 0x0000
[5398] [M]: 0x80037158 (0x0000B5B7) lui a1, 11
x11 <- 0x0000B000


mem[X,0x8003715C] -> 0x8593
mem[X,0x8003715E] -> 0x5045
[5399] [M]: 0x8003715C (0x50458593) addi a1, a1, 1284
x11 <- 0x0000B504


clint::tick mtime <- 0x0000000000000036
 clint timer pending at mtime 0x0000000000000036
htif::tick 0x0000000000000000
mem[X,0x80037160] -> 0x0213
mem[X,0x80037162] -> 0x0000
[5400] [M]: 0x80037160 (0x00000213) addi tp, zero, 0
x4 <- 0x00000000


mem[X,0x80037164] -> 0x006F
mem[X,0x80037166] -> 0x00C0
[5401] [M]: 0x80037164 (0x00C0006F) jal zero, 12


mem[X,0x80037170] -> 0x1063
mem[X,0x80037172] -> 0x20B5
[5402] [M]: 0x80037170 (0x20B51063) bne a0, a1, 512


mem[X,0x80037370] -> 0x0213
mem[X,0x80037372] -> 0x0032
[5403] [M]: 0x80037370 (0x00320213) addi tp, tp, 3
x4 <- 0x00000003


mem[X,0x80037374] -> 0x006F
mem[X,0x80037376] -> 0x0040
[5404] [M]: 0x80037374 (0x0040006F) jal zero, 4


mem[X,0x80037378] -> 0xAC23
mem[X,0x8003737A] -> 0x0840
[5405] [M]: 0x80037378 (0x0840AC23) sw tp, 152(ra)
mem[0x80039B00] <- 0x00000003


mem[X,0x8003737C] -> 0xB537
mem[X,0x8003737E] -> 0xAAAA
[5406] [M]: 0x8003737C (0xAAAAB537) lui a0, 699051
x10 <- 0xAAAAB000


mem[X,0x80037380] -> 0x0513
mem[X,0x80037382] -> 0xAAB5
[5407] [M]: 0x80037380 (0xAAB50513) addi a0, a0, 2731
x10 <- 0xAAAAAAAB


mem[X,0x80037384] -> 0x0593
mem[X,0x80037386] -> 0x0020
[5408] [M]: 0x80037384 (0x00200593) addi a1, zero, 2
x11 <- 0x00000002


mem[X,0x80037388] -> 0x0213
mem[X,0x8003738A] -> 0x0000
[5409] [M]: 0x80037388 (0x00000213) addi tp, zero, 0
x4 <- 0x00000000


mem[X,0x8003738C] -> 0x006F
mem[X,0x8003738E] -> 0x0180
[5410] [M]: 0x8003738C (0x0180006F) jal zero, 24


mem[X,0x800373A4] -> 0x16E3
mem[X,0x800373A6] -> 0xFEB5
[5411] [M]: 0x800373A4 (0xFEB516E3) bne a0, a1, 8172


mem[X,0x80037390] -> 0x0213
mem[X,0x80037392] -> 0x0012
[5412] [M]: 0x80037390 (0x00120213) addi tp, tp, 1
x4 <- 0x00000001


mem[X,0x80037394] -> 0x006F
mem[X,0x80037396] -> 0x0240
[5413] [M]: 0x80037394 (0x0240006F) jal zero, 36


mem[X,0x800373B8] -> 0xAE23
mem[X,0x800373BA] -> 0x0840
[5414] [M]: 0x800373B8 (0x0840AE23) sw tp, 156(ra)
mem[0x80039B04] <- 0x00000001


mem[X,0x800373BC] -> 0xB537
mem[X,0x800373BE] -> 0xAAAA
[5415] [M]: 0x800373BC (0xAAAAB537) lui a0, 699051
x10 <- 0xAAAAB000


mem[X,0x800373C0] -> 0x0513
mem[X,0x800373C2] -> 0xAAB5
[5416] [M]: 0x800373C0 (0xAAB50513) addi a0, a0, 2731
x10 <- 0xAAAAAAAB


mem[X,0x800373C4] -> 0x55B7
mem[X,0x800373C6] -> 0x5555
[5417] [M]: 0x800373C4 (0x555555B7) lui a1, 349525
x11 <- 0x55555000


mem[X,0x800373C8] -> 0x8593
mem[X,0x800373CA] -> 0x5545
[5418] [M]: 0x800373C8 (0x55458593) addi a1, a1, 1364
x11 <- 0x55555554


mem[X,0x800373CC] -> 0x0213
mem[X,0x800373CE] -> 0x0000
[5419] [M]: 0x800373CC (0x00000213) addi tp, zero, 0
x4 <- 0x00000000


mem[X,0x800373D0] -> 0x006F
mem[X,0x800373D2] -> 0x00C0
[5420] [M]: 0x800373D0 (0x00C0006F) jal zero, 12


mem[X,0x800373DC] -> 0x1CE3
mem[X,0x800373DE] -> 0xFEB5
[5421] [M]: 0x800373DC (0xFEB51CE3) bne a0, a1, 8184


mem[X,0x800373D4] -> 0x0213
mem[X,0x800373D6] -> 0x0012
[5422] [M]: 0x800373D4 (0x00120213) addi tp, tp, 1
x4 <- 0x00000001


mem[X,0x800373D8] -> 0x006F
mem[X,0x800373DA] -> 0x0180
[5423] [M]: 0x800373D8 (0x0180006F) jal zero, 24


mem[X,0x800373F0] -> 0xA023
mem[X,0x800373F2] -> 0x0A40
[5424] [M]: 0x800373F0 (0x0A40A023) sw tp, 160(ra)
mem[0x80039B08] <- 0x00000001


mem[X,0x800373F4] -> 0xB537
mem[X,0x800373F6] -> 0xAAAA
[5425] [M]: 0x800373F4 (0xAAAAB537) lui a0, 699051
x10 <- 0xAAAAB000


mem[X,0x800373F8] -> 0x0513
mem[X,0x800373FA] -> 0xAAB5
[5426] [M]: 0x800373F8 (0xAAB50513) addi a0, a0, 2731
x10 <- 0xAAAAAAAB


mem[X,0x800373FC] -> 0x0593
mem[X,0x800373FE] -> 0x0000
[5427] [M]: 0x800373FC (0x00000593) addi a1, zero, 0
x11 <- 0x00000000


mem[X,0x80037400] -> 0x0213
mem[X,0x80037402] -> 0x0000
[5428] [M]: 0x80037400 (0x00000213) addi tp, zero, 0
x4 <- 0x00000000


mem[X,0x80037404] -> 0x006F
mem[X,0x80037406] -> 0x00C0
[5429] [M]: 0x80037404 (0x00C0006F) jal zero, 12


mem[X,0x80037410] -> 0x1663
mem[X,0x80037412] -> 0x00B5
[5430] [M]: 0x80037410 (0x00B51663) bne a0, a1, 12


mem[X,0x8003741C] -> 0x0213
mem[X,0x8003741E] -> 0x0032
[5431] [M]: 0x8003741C (0x00320213) addi tp, tp, 3
x4 <- 0x00000003


mem[X,0x80037420] -> 0x006F
mem[X,0x80037422] -> 0x0040
[5432] [M]: 0x80037420 (0x0040006F) jal zero, 4


mem[X,0x80037424] -> 0xA223
mem[X,0x80037426] -> 0x0A40
[5433] [M]: 0x80037424 (0x0A40A223) sw tp, 164(ra)
mem[0x80039B0C] <- 0x00000003


mem[X,0x80037428] -> 0xB537
mem[X,0x8003742A] -> 0xAAAA
[5434] [M]: 0x80037428 (0xAAAAB537) lui a0, 699051
x10 <- 0xAAAAB000


mem[X,0x8003742C] -> 0x0513
mem[X,0x8003742E] -> 0xAAB5
[5435] [M]: 0x8003742C (0xAAB50513) addi a0, a0, 2731
x10 <- 0xAAAAAAAB


mem[X,0x80037430] -> 0x0593
mem[X,0x80037432] -> 0x0040
[5436] [M]: 0x80037430 (0x00400593) addi a1, zero, 4
x11 <- 0x00000004


mem[X,0x80037434] -> 0x0213
mem[X,0x80037436] -> 0x0000
[5437] [M]: 0x80037434 (0x00000213) addi tp, zero, 0
x4 <- 0x00000000


mem[X,0x80037438] -> 0x006F
mem[X,0x8003743A] -> 0x00C0
[5438] [M]: 0x80037438 (0x00C0006F) jal zero, 12


mem[X,0x80037444] -> 0x1063
mem[X,0x80037446] -> 0x02B5
[5439] [M]: 0x80037444 (0x02B51063) bne a0, a1, 32


mem[X,0x80037464] -> 0x0213
mem[X,0x80037466] -> 0x0032
[5440] [M]: 0x80037464 (0x00320213) addi tp, tp, 3
x4 <- 0x00000003


mem[X,0x80037468] -> 0x006F
mem[X,0x8003746A] -> 0x0040
[5441] [M]: 0x80037468 (0x0040006F) jal zero, 4


mem[X,0x8003746C] -> 0xA423
mem[X,0x8003746E] -> 0x0A40
[5442] [M]: 0x8003746C (0x0A40A423) sw tp, 168(ra)
mem[0x80039B10] <- 0x00000003


mem[X,0x80037470] -> 0xB537
mem[X,0x80037472] -> 0xAAAA
[5443] [M]: 0x80037470 (0xAAAAB537) lui a0, 699051
x10 <- 0xAAAAB000


mem[X,0x80037474] -> 0x0513
mem[X,0x80037476] -> 0xAAB5
[5444] [M]: 0x80037474 (0xAAB50513) addi a0, a0, 2731
x10 <- 0xAAAAAAAB


mem[X,0x80037478] -> 0x35B7
mem[X,0x8003747A] -> 0x3333
[5445] [M]: 0x80037478 (0x333335B7) lui a1, 209715
x11 <- 0x33333000


mem[X,0x8003747C] -> 0x8593
mem[X,0x8003747E] -> 0x3325
[5446] [M]: 0x8003747C (0x33258593) addi a1, a1, 818
x11 <- 0x33333332


mem[X,0x80037480] -> 0x0213
mem[X,0x80037482] -> 0x0000
[5447] [M]: 0x80037480 (0x00000213) addi tp, zero, 0
x4 <- 0x00000000


mem[X,0x80037484] -> 0x006F
mem[X,0x80037486] -> 0x00C0
[5448] [M]: 0x80037484 (0x00C0006F) jal zero, 12


mem[X,0x80037490] -> 0x1CE3
mem[X,0x80037492] -> 0xFEB5
[5449] [M]: 0x80037490 (0xFEB51CE3) bne a0, a1, 8184


mem[X,0x80037488] -> 0x0213
mem[X,0x8003748A] -> 0x0012
[5450] [M]: 0x80037488 (0x00120213) addi tp, tp, 1
x4 <- 0x00000001


mem[X,0x8003748C] -> 0x006F
mem[X,0x8003748E] -> 0x0180
[5451] [M]: 0x8003748C (0x0180006F) jal zero, 24


mem[X,0x800374A4] -> 0xA623
mem[X,0x800374A6] -> 0x0A40
[5452] [M]: 0x800374A4 (0x0A40A623) sw tp, 172(ra)
mem[0x80039B14] <- 0x00000001


mem[X,0x800374A8] -> 0xB537
mem[X,0x800374AA] -> 0xAAAA
[5453] [M]: 0x800374A8 (0xAAAAB537) lui a0, 699051
x10 <- 0xAAAAB000


mem[X,0x800374AC] -> 0x0513
mem[X,0x800374AE] -> 0xAAB5
[5454] [M]: 0x800374AC (0xAAB50513) addi a0, a0, 2731
x10 <- 0xAAAAAAAB


mem[X,0x800374B0] -> 0x65B7
mem[X,0x800374B2] -> 0x6666
[5455] [M]: 0x800374B0 (0x666665B7) lui a1, 419430
x11 <- 0x66666000


mem[X,0x800374B4] -> 0x8593
mem[X,0x800374B6] -> 0x6655
[5456] [M]: 0x800374B4 (0x66558593) addi a1, a1, 1637
x11 <- 0x66666665


mem[X,0x800374B8] -> 0x0213
mem[X,0x800374BA] -> 0x0000
[5457] [M]: 0x800374B8 (0x00000213) addi tp, zero, 0
x4 <- 0x00000000


mem[X,0x800374BC] -> 0x006F
mem[X,0x800374BE] -> 0x00C0
[5458] [M]: 0x800374BC (0x00C0006F) jal zero, 12


mem[X,0x800374C8] -> 0x1863
mem[X,0x800374CA] -> 0x00B5
[5459] [M]: 0x800374C8 (0x00B51863) bne a0, a1, 16


mem[X,0x800374D8] -> 0x0213
mem[X,0x800374DA] -> 0x0032
[5460] [M]: 0x800374D8 (0x00320213) addi tp, tp, 3
x4 <- 0x00000003


mem[X,0x800374DC] -> 0x006F
mem[X,0x800374DE] -> 0x0040
[5461] [M]: 0x800374DC (0x0040006F) jal zero, 4


mem[X,0x800374E0] -> 0xA823
mem[X,0x800374E2] -> 0x0A40
[5462] [M]: 0x800374E0 (0x0A40A823) sw tp, 176(ra)
mem[0x80039B18] <- 0x00000003


mem[X,0x800374E4] -> 0xB537
mem[X,0x800374E6] -> 0xAAAA
[5463] [M]: 0x800374E4 (0xAAAAB537) lui a0, 699051
x10 <- 0xAAAAB000


mem[X,0x800374E8] -> 0x0513
mem[X,0x800374EA] -> 0xAAB5
[5464] [M]: 0x800374E8 (0xAAB50513) addi a0, a0, 2731
x10 <- 0xAAAAAAAB


mem[X,0x800374EC] -> 0xB5B7
mem[X,0x800374EE] -> 0x0000
[5465] [M]: 0x800374EC (0x0000B5B7) lui a1, 11
x11 <- 0x0000B000


mem[X,0x800374F0] -> 0x8593
mem[X,0x800374F2] -> 0x5035
[5466] [M]: 0x800374F0 (0x50358593) addi a1, a1, 1283
x11 <- 0x0000B503


mem[X,0x800374F4] -> 0x0213
mem[X,0x800374F6] -> 0x0000
[5467] [M]: 0x800374F4 (0x00000213) addi tp, zero, 0
x4 <- 0x00000000


mem[X,0x800374F8] -> 0x006F
mem[X,0x800374FA] -> 0x00C0
[5468] [M]: 0x800374F8 (0x00C0006F) jal zero, 12


mem[X,0x80037504] -> 0x1CE3
mem[X,0x80037506] -> 0xFEB5
[5469] [M]: 0x80037504 (0xFEB51CE3) bne a0, a1, 8184


mem[X,0x800374FC] -> 0x0213
mem[X,0x800374FE] -> 0x0012
[5470] [M]: 0x800374FC (0x00120213) addi tp, tp, 1
x4 <- 0x00000001


mem[X,0x80037500] -> 0x006F
mem[X,0x80037502] -> 0x0180
[5471] [M]: 0x80037500 (0x0180006F) jal zero, 24


mem[X,0x80037518] -> 0xAA23
mem[X,0x8003751A] -> 0x0A40
[5472] [M]: 0x80037518 (0x0A40AA23) sw tp, 180(ra)
mem[0x80039B1C] <- 0x00000001


mem[X,0x8003751C] -> 0xB537
mem[X,0x8003751E] -> 0xAAAA
[5473] [M]: 0x8003751C (0xAAAAB537) lui a0, 699051
x10 <- 0xAAAAB000


mem[X,0x80037520] -> 0x0513
mem[X,0x80037522] -> 0xAAB5
[5474] [M]: 0x80037520 (0xAAB50513) addi a0, a0, 2731
x10 <- 0xAAAAAAAB


mem[X,0x80037524] -> 0x55B7
mem[X,0x80037526] -> 0x5555
[5475] [M]: 0x80037524 (0x555555B7) lui a1, 349525
x11 <- 0x55555000


mem[X,0x80037528] -> 0x8593
mem[X,0x8003752A] -> 0x5565
[5476] [M]: 0x80037528 (0x55658593) addi a1, a1, 1366
x11 <- 0x55555556


mem[X,0x8003752C] -> 0x0213
mem[X,0x8003752E] -> 0x0000
[5477] [M]: 0x8003752C (0x00000213) addi tp, zero, 0
x4 <- 0x00000000


mem[X,0x80037530] -> 0x006F
mem[X,0x80037532] -> 0x00C0
[5478] [M]: 0x80037530 (0x00C0006F) jal zero, 12


mem[X,0x8003753C] -> 0x1663
mem[X,0x8003753E] -> 0x00B5
[5479] [M]: 0x8003753C (0x00B51663) bne a0, a1, 12


mem[X,0x80037548] -> 0x0213
mem[X,0x8003754A] -> 0x0032
[5480] [M]: 0x80037548 (0x00320213) addi tp, tp, 3
x4 <- 0x00000003


mem[X,0x8003754C] -> 0x006F
mem[X,0x8003754E] -> 0x0040
[5481] [M]: 0x8003754C (0x0040006F) jal zero, 4


mem[X,0x80037550] -> 0xAC23
mem[X,0x80037552] -> 0x0A40
[5482] [M]: 0x80037550 (0x0A40AC23) sw tp, 184(ra)
mem[0x80039B20] <- 0x00000003


mem[X,0x80037554] -> 0xB537
mem[X,0x80037556] -> 0xAAAA
[5483] [M]: 0x80037554 (0xAAAAB537) lui a0, 699051
x10 <- 0xAAAAB000


mem[X,0x80037558] -> 0x0513
mem[X,0x8003755A] -> 0xAAB5
[5484] [M]: 0x80037558 (0xAAB50513) addi a0, a0, 2731
x10 <- 0xAAAAAAAB


mem[X,0x8003755C] -> 0xB5B7
mem[X,0x8003755E] -> 0xAAAA
[5485] [M]: 0x8003755C (0xAAAAB5B7) lui a1, 699051
x11 <- 0xAAAAB000


mem[X,0x80037560] -> 0x8593
mem[X,0x80037562] -> 0xAAB5
[5486] [M]: 0x80037560 (0xAAB58593) addi a1, a1, 2731
x11 <- 0xAAAAAAAB


mem[X,0x80037564] -> 0x0213
mem[X,0x80037566] -> 0x0000
[5487] [M]: 0x80037564 (0x00000213) addi tp, zero, 0
x4 <- 0x00000000


mem[X,0x80037568] -> 0x006F
mem[X,0x8003756A] -> 0x00C0
[5488] [M]: 0x80037568 (0x00C0006F) jal zero, 12


mem[X,0x80037574] -> 0x1CE3
mem[X,0x80037576] -> 0xFEB5
[5489] [M]: 0x80037574 (0xFEB51CE3) bne a0, a1, 8184


mem[X,0x80037578] -> 0x0213
mem[X,0x8003757A] -> 0x0022
[5490] [M]: 0x80037578 (0x00220213) addi tp, tp, 2
x4 <- 0x00000002


mem[X,0x8003757C] -> 0x006F
mem[X,0x8003757E] -> 0x00C0
[5491] [M]: 0x8003757C (0x00C0006F) jal zero, 12


mem[X,0x80037588] -> 0xAE23
mem[X,0x8003758A] -> 0x0A40
[5492] [M]: 0x80037588 (0x0A40AE23) sw tp, 188(ra)
mem[0x80039B24] <- 0x00000002


mem[X,0x8003758C] -> 0xB537
mem[X,0x8003758E] -> 0xAAAA
[5493] [M]: 0x8003758C (0xAAAAB537) lui a0, 699051
x10 <- 0xAAAAB000


mem[X,0x80037590] -> 0x0513
mem[X,0x80037592] -> 0xAAB5
[5494] [M]: 0x80037590 (0xAAB50513) addi a0, a0, 2731
x10 <- 0xAAAAAAAB


mem[X,0x80037594] -> 0x0593
mem[X,0x80037596] -> 0x0060
[5495] [M]: 0x80037594 (0x00600593) addi a1, zero, 6
x11 <- 0x00000006


mem[X,0x80037598] -> 0x0213
mem[X,0x8003759A] -> 0x0000
[5496] [M]: 0x80037598 (0x00000213) addi tp, zero, 0
x4 <- 0x00000000


mem[X,0x8003759C] -> 0x006F
mem[X,0x8003759E] -> 0x00C0
[5497] [M]: 0x8003759C (0x00C0006F) jal zero, 12


mem[X,0x800375A8] -> 0x1663
mem[X,0x800375AA] -> 0x00B5
[5498] [M]: 0x800375A8 (0x00B51663) bne a0, a1, 12


mem[X,0x800375B4] -> 0x0213
mem[X,0x800375B6] -> 0x0032
[5499] [M]: 0x800375B4 (0x00320213) addi tp, tp, 3
x4 <- 0x00000003


clint::tick mtime <- 0x0000000000000037
 clint timer pending at mtime 0x0000000000000037
htif::tick 0x0000000000000000
mem[X,0x800375B8] -> 0x006F
mem[X,0x800375BA] -> 0x0040
[5500] [M]: 0x800375B8 (0x0040006F) jal zero, 4


mem[X,0x800375BC] -> 0xA023
mem[X,0x800375BE] -> 0x0C40
[5501] [M]: 0x800375BC (0x0C40A023) sw tp, 192(ra)
mem[0x80039B28] <- 0x00000003


mem[X,0x800375C0] -> 0x5537
mem[X,0x800375C2] -> 0x5555
[5502] [M]: 0x800375C0 (0x55555537) lui a0, 349525
x10 <- 0x55555000


mem[X,0x800375C4] -> 0x0513
mem[X,0x800375C6] -> 0x5545
[5503] [M]: 0x800375C4 (0x55450513) addi a0, a0, 1364
x10 <- 0x55555554


mem[X,0x800375C8] -> 0x05B7
mem[X,0x800375CA] -> 0x0010
[5504] [M]: 0x800375C8 (0x001005B7) lui a1, 256
x11 <- 0x00100000


mem[X,0x800375CC] -> 0x0213
mem[X,0x800375CE] -> 0x0000
[5505] [M]: 0x800375CC (0x00000213) addi tp, zero, 0
x4 <- 0x00000000


mem[X,0x800375D0] -> 0x006F
mem[X,0x800375D2] -> 0x00C0
[5506] [M]: 0x800375D0 (0x00C0006F) jal zero, 12


mem[X,0x800375DC] -> 0x1063
mem[X,0x800375DE] -> 0x20B5
[5507] [M]: 0x800375DC (0x20B51063) bne a0, a1, 512


mem[X,0x800377DC] -> 0x0213
mem[X,0x800377DE] -> 0x0032
[5508] [M]: 0x800377DC (0x00320213) addi tp, tp, 3
x4 <- 0x00000003


mem[X,0x800377E0] -> 0x006F
mem[X,0x800377E2] -> 0x0040
[5509] [M]: 0x800377E0 (0x0040006F) jal zero, 4


mem[X,0x800377E4] -> 0xA223
mem[X,0x800377E6] -> 0x0C40
[5510] [M]: 0x800377E4 (0x0C40A223) sw tp, 196(ra)
mem[0x80039B2C] <- 0x00000003


mem[X,0x800377E8] -> 0x0537
mem[X,0x800377EA] -> 0x0400
[5511] [M]: 0x800377E8 (0x04000537) lui a0, 16384
x10 <- 0x04000000


mem[X,0x800377EC] -> 0x05B7
mem[X,0x800377EE] -> 0xC000
[5512] [M]: 0x800377EC (0xC00005B7) lui a1, 786432
x11 <- 0xC0000000


mem[X,0x800377F0] -> 0x8593
mem[X,0x800377F2] -> 0xFFF5
[5513] [M]: 0x800377F0 (0xFFF58593) addi a1, a1, 4095
x11 <- 0xBFFFFFFF


mem[X,0x800377F4] -> 0x0213
mem[X,0x800377F6] -> 0x0000
[5514] [M]: 0x800377F4 (0x00000213) addi tp, zero, 0
x4 <- 0x00000000


mem[X,0x800377F8] -> 0x006F
mem[X,0x800377FA] -> 0x00C0
[5515] [M]: 0x800377F8 (0x00C0006F) jal zero, 12


mem[X,0x80037804] -> 0x1063
mem[X,0x80037806] -> 0x20B5
[5516] [M]: 0x80037804 (0x20B51063) bne a0, a1, 512


mem[X,0x80037A04] -> 0x0213
mem[X,0x80037A06] -> 0x0032
[5517] [M]: 0x80037A04 (0x00320213) addi tp, tp, 3
x4 <- 0x00000003


mem[X,0x80037A08] -> 0x006F
mem[X,0x80037A0A] -> 0x0040
[5518] [M]: 0x80037A08 (0x0040006F) jal zero, 4


mem[X,0x80037A0C] -> 0xA423
mem[X,0x80037A0E] -> 0x0C40
[5519] [M]: 0x80037A0C (0x0C40A423) sw tp, 200(ra)
mem[0x80039B30] <- 0x00000003


mem[X,0x80037A10] -> 0x0093
mem[X,0x80037A12] -> 0x0010
[5520] [M]: 0x80037A10 (0x00100093) addi ra, zero, 1
x1 <- 0x00000001


mem[X,0x80037A14] -> 0x0F17
mem[X,0x80037A16] -> 0x0000
[5521] [M]: 0x80037A14 (0x00000F17) auipc t5, 0
x30 <- 0x80037A14


mem[X,0x80037A18] -> 0x2623
mem[X,0x80037A1A] -> 0x5E1F
[5522] [M]: 0x80037A18 (0x5E1F2623) sw ra, 1516(t5)
htif[0x80038000] <- 0x00000001


mem[X,0x80037A1C] -> 0xF06F
mem[X,0x80037A1E] -> 0xFF9F
[5523] [M]: 0x80037A1C (0xFF9FF06F) jal zero, 2097144


mem[X,0x80037A14] -> 0x0F17
mem[X,0x80037A16] -> 0x0000
[5524] [M]: 0x80037A14 (0x00000F17) auipc t5, 0
x30 <- 0x80037A14


mem[X,0x80037A18] -> 0x2623
mem[X,0x80037A1A] -> 0x5E1F
[5525] [M]: 0x80037A18 (0x5E1F2623) sw ra, 1516(t5)
htif[0x80038000] <- 0x00000001


mem[X,0x80037A1C] -> 0xF06F
mem[X,0x80037A1E] -> 0xFF9F
[5526] [M]: 0x80037A1C (0xFF9FF06F) jal zero, 2097144


mem[X,0x80037A14] -> 0x0F17
mem[X,0x80037A16] -> 0x0000
[5527] [M]: 0x80037A14 (0x00000F17) auipc t5, 0
x30 <- 0x80037A14


mem[X,0x80037A18] -> 0x2623
mem[X,0x80037A1A] -> 0x5E1F
[5528] [M]: 0x80037A18 (0x5E1F2623) sw ra, 1516(t5)
htif[0x80038000] <- 0x00000001
htif-syscall-proxy cmd: 0x000000000001

SUCCESS
