using /home/moon/moon_verif/riscof_work/src/blt-01.S/ref/Reference-sail_c_simulator.signature for test-signature output.
[Sail] Allocating new block 0x80000000
tohost located at 0x80037000
[Sail] Allocating new block 0x0

Running file sail-blt-01.elf.
ELF Entry @ 0x80000000
begin_signature: 0x80038210
end_signature: 0x80038b30
CSR mstatus <- 0x00000000 (input: 0x00000000)
mem[X,0x00001000] -> 0x0297
mem[X,0x00001002] -> 0x0000
[0] [M]: 0x00001000 (0x00000297) auipc t0, 0
x5 <- 0x00001000


mem[X,0x00001004] -> 0x8593
mem[X,0x00001006] -> 0x0202
[1] [M]: 0x00001004 (0x02028593) addi a1, t0, 32
x11 <- 0x00001020


mem[X,0x00001008] -> 0x2573
mem[X,0x0000100A] -> 0xF140
[2] [M]: 0x00001008 (0xF1402573) csrrs a0, mhartid, zero
CSR mhartid -> 0x00000000
x10 <- 0x00000000


mem[X,0x0000100C] -> 0xA283
mem[X,0x0000100E] -> 0x0182
[3] [M]: 0x0000100C (0x0182A283) lw t0, 24(t0)
mem[R,0x00001018] -> 0x80000000
x5 <- 0x80000000


mem[X,0x00001010] -> 0x8067
mem[X,0x00001012] -> 0x0002
[4] [M]: 0x00001010 (0x00028067) jalr zero, t0, 0


mem[X,0x80000000] -> 0xC0B7
mem[X,0x80000002] -> 0xFEED
[5] [M]: 0x80000000 (0xFEEDC0B7) lui ra, 1044188
x1 <- 0xFEEDC000


mem[X,0x80000004] -> 0x8093
mem[X,0x80000006] -> 0xEAD0
[6] [M]: 0x80000004 (0xEAD08093) addi ra, ra, 3757
x1 <- 0xFEEDBEAD


mem[X,0x80000008] -> 0xE137
mem[X,0x8000000A] -> 0xFF76
[7] [M]: 0x80000008 (0xFF76E137) lui sp, 1046382
x2 <- 0xFF76E000


mem[X,0x8000000C] -> 0x0113
mem[X,0x8000000E] -> 0xF561
[8] [M]: 0x8000000C (0xF5610113) addi sp, sp, 3926
x2 <- 0xFF76DF56


mem[X,0x80000010] -> 0x71B7
mem[X,0x80000012] -> 0x7FBB
[9] [M]: 0x80000010 (0x7FBB71B7) lui gp, 523191
x3 <- 0x7FBB7000


mem[X,0x80000014] -> 0x8193
mem[X,0x80000016] -> 0xFAB1
[10] [M]: 0x80000014 (0xFAB18193) addi gp, gp, 4011
x3 <- 0x7FBB6FAB


mem[X,0x80000018] -> 0xB237
mem[X,0x8000001A] -> 0xBFDD
[11] [M]: 0x80000018 (0xBFDDB237) lui tp, 785883
x4 <- 0xBFDDB000


mem[X,0x8000001C] -> 0x0213
mem[X,0x8000001E] -> 0x7D52
[12] [M]: 0x8000001C (0x7D520213) addi tp, tp, 2005
x4 <- 0xBFDDB7D5


mem[X,0x80000020] -> 0x0297
mem[X,0x80000022] -> 0x0000
[13] [M]: 0x80000020 (0x00000297) auipc t0, 0
x5 <- 0x80000020


mem[X,0x80000024] -> 0x8293
mem[X,0x80000026] -> 0x0D82
[14] [M]: 0x80000024 (0x0D828293) addi t0, t0, 216
x5 <- 0x800000F8


mem[X,0x80000028] -> 0x8317
mem[X,0x8000002A] -> 0x0003
[15] [M]: 0x80000028 (0x00038317) auipc t1, 56
x6 <- 0x80038028


mem[X,0x8000002C] -> 0x0313
mem[X,0x8000002E] -> 0xFD83
[16] [M]: 0x8000002C (0xFD830313) addi t1, t1, 4056
x6 <- 0x80038000


mem[X,0x80000030] -> 0xB3B7
mem[X,0x80000032] -> 0xB7FB
[17] [M]: 0x80000030 (0xB7FBB3B7) lui t2, 753595
x7 <- 0xB7FBB000


mem[X,0x80000034] -> 0x8393
mem[X,0x80000036] -> 0x6FA3
[18] [M]: 0x80000034 (0x6FA38393) addi t2, t2, 1786
x7 <- 0xB7FBB6FA


mem[X,0x80000038] -> 0xE437
mem[X,0x8000003A] -> 0x5BFD
[19] [M]: 0x80000038 (0x5BFDE437) lui fp, 376798
x8 <- 0x5BFDE000


mem[X,0x8000003C] -> 0x0413
mem[X,0x8000003E] -> 0xB7D4
[20] [M]: 0x8000003C (0xB7D40413) addi fp, fp, 2941
x8 <- 0x5BFDDB7D


mem[X,0x80000040] -> 0xF4B7
mem[X,0x80000042] -> 0xADFE
[21] [M]: 0x80000040 (0xADFEF4B7) lui s1, 712687
x9 <- 0xADFEF000


mem[X,0x80000044] -> 0x8493
mem[X,0x80000046] -> 0xDBE4
[22] [M]: 0x80000044 (0xDBE48493) addi s1, s1, 3518
x9 <- 0xADFEEDBE


mem[X,0x80000048] -> 0x7537
mem[X,0x8000004A] -> 0x56FF
[23] [M]: 0x80000048 (0x56FF7537) lui a0, 356343
x10 <- 0x56FF7000


mem[X,0x8000004C] -> 0x0513
mem[X,0x8000004E] -> 0x6DF5
[24] [M]: 0x8000004C (0x6DF50513) addi a0, a0, 1759
x10 <- 0x56FF76DF


mem[X,0x80000050] -> 0xC5B7
mem[X,0x80000052] -> 0xAB7F
[25] [M]: 0x80000050 (0xAB7FC5B7) lui a1, 702460
x11 <- 0xAB7FC000


mem[X,0x80000054] -> 0x8593
mem[X,0x80000056] -> 0xB6F5
[26] [M]: 0x80000054 (0xB6F58593) addi a1, a1, 2927
x11 <- 0xAB7FBB6F


mem[X,0x80000058] -> 0xE637
mem[X,0x8000005A] -> 0xD5BF
[27] [M]: 0x80000058 (0xD5BFE637) lui a2, 875518
x12 <- 0xD5BFE000


mem[X,0x8000005C] -> 0x0613
mem[X,0x8000005E] -> 0xDB76
[28] [M]: 0x8000005C (0xDB760613) addi a2, a2, 3511
x12 <- 0xD5BFDDB7


mem[X,0x80000060] -> 0xF6B7
mem[X,0x80000062] -> 0xEADF
[29] [M]: 0x80000060 (0xEADFF6B7) lui a3, 962047
x13 <- 0xEADFF000


mem[X,0x80000064] -> 0x8693
mem[X,0x80000066] -> 0xEDB6
[30] [M]: 0x80000064 (0xEDB68693) addi a3, a3, 3803
x13 <- 0xEADFEEDB


mem[X,0x80000068] -> 0xF737
mem[X,0x8000006A] -> 0xF56F
[31] [M]: 0x80000068 (0xF56FF737) lui a4, 1005311
x14 <- 0xF56FF000


mem[X,0x8000006C] -> 0x0713
mem[X,0x8000006E] -> 0x76D7
[32] [M]: 0x8000006C (0x76D70713) addi a4, a4, 1901
x14 <- 0xF56FF76D


mem[X,0x80000070] -> 0x07B7
mem[X,0x80000072] -> 0xFAB8
[33] [M]: 0x80000070 (0xFAB807B7) lui a5, 1026944
x15 <- 0xFAB80000


mem[X,0x80000074] -> 0x8793
mem[X,0x80000076] -> 0xBB67
[34] [M]: 0x80000074 (0xBB678793) addi a5, a5, 2998
x15 <- 0xFAB7FBB6


mem[X,0x80000078] -> 0x0837
mem[X,0x8000007A] -> 0x7D5C
[35] [M]: 0x80000078 (0x7D5C0837) lui a6, 513472
x16 <- 0x7D5C0000


mem[X,0x8000007C] -> 0x0813
mem[X,0x8000007E] -> 0xDDB8
[36] [M]: 0x8000007C (0xDDB80813) addi a6, a6, 3547
x16 <- 0x7D5BFDDB


mem[X,0x80000080] -> 0x08B7
mem[X,0x80000082] -> 0xBEAE
[37] [M]: 0x80000080 (0xBEAE08B7) lui a7, 781024
x17 <- 0xBEAE0000


mem[X,0x80000084] -> 0x8893
mem[X,0x80000086] -> 0xEED8
[38] [M]: 0x80000084 (0xEED88893) addi a7, a7, 3821
x17 <- 0xBEADFEED


mem[X,0x80000088] -> 0x0937
mem[X,0x8000008A] -> 0xDF57
[39] [M]: 0x80000088 (0xDF570937) lui s2, 914800
x18 <- 0xDF570000


mem[X,0x8000008C] -> 0x0913
mem[X,0x8000008E] -> 0xF769
[40] [M]: 0x8000008C (0xF7690913) addi s2, s2, 3958
x18 <- 0xDF56FF76


mem[X,0x80000090] -> 0x89B7
mem[X,0x80000092] -> 0x6FAB
[41] [M]: 0x80000090 (0x6FAB89B7) lui s3, 457400
x19 <- 0x6FAB8000


mem[X,0x80000094] -> 0x8993
mem[X,0x80000096] -> 0xFBB9
[42] [M]: 0x80000094 (0xFBB98993) addi s3, s3, 4027
x19 <- 0x6FAB7FBB


mem[X,0x80000098] -> 0xCA37
mem[X,0x8000009A] -> 0xB7D5
[43] [M]: 0x80000098 (0xB7D5CA37) lui s4, 752988
x20 <- 0xB7D5C000


mem[X,0x8000009C] -> 0x0A13
mem[X,0x8000009E] -> 0xFDDA
[44] [M]: 0x8000009C (0xFDDA0A13) addi s4, s4, 4061
x20 <- 0xB7D5BFDD


mem[X,0x800000A0] -> 0xEAB7
mem[X,0x800000A2] -> 0xDBEA
[45] [M]: 0x800000A0 (0xDBEAEAB7) lui s5, 900782
x21 <- 0xDBEAE000


mem[X,0x800000A4] -> 0x8A93
mem[X,0x800000A6] -> 0xFEEA
[46] [M]: 0x800000A4 (0xFEEA8A93) addi s5, s5, 4078
x21 <- 0xDBEADFEE


mem[X,0x800000A8] -> 0x7B37
mem[X,0x800000AA] -> 0x6DF5
[47] [M]: 0x800000A8 (0x6DF57B37) lui s6, 450391
x22 <- 0x6DF57000


mem[X,0x800000AC] -> 0x0B13
mem[X,0x800000AE] -> 0xFF7B
[48] [M]: 0x800000AC (0xFF7B0B13) addi s6, s6, 4087
x22 <- 0x6DF56FF7


mem[X,0x800000B0] -> 0xBBB7
mem[X,0x800000B2] -> 0xB6FA
[49] [M]: 0x800000B0 (0xB6FABBB7) lui s7, 749483
x23 <- 0xB6FAB000


mem[X,0x800000B4] -> 0x8B93
mem[X,0x800000B6] -> 0x7FBB
[50] [M]: 0x800000B4 (0x7FBB8B93) addi s7, s7, 2043
x23 <- 0xB6FAB7FB


mem[X,0x800000B8] -> 0x6C37
mem[X,0x800000BA] -> 0xDB7D
[51] [M]: 0x800000B8 (0xDB7D6C37) lui s8, 899030
x24 <- 0xDB7D6000


mem[X,0x800000BC] -> 0x0C13
mem[X,0x800000BE] -> 0xBFDC
[52] [M]: 0x800000BC (0xBFDC0C13) addi s8, s8, 3069
x24 <- 0xDB7D5BFD


mem[X,0x800000C0] -> 0xBCB7
mem[X,0x800000C2] -> 0xEDBE
[53] [M]: 0x800000C0 (0xEDBEBCB7) lui s9, 973803
x25 <- 0xEDBEB000


mem[X,0x800000C4] -> 0x8C93
mem[X,0x800000C6] -> 0xDFEC
[54] [M]: 0x800000C4 (0xDFEC8C93) addi s9, s9, 3582
x25 <- 0xEDBEADFE


mem[X,0x800000C8] -> 0x5D37
mem[X,0x800000CA] -> 0x76DF
[55] [M]: 0x800000C8 (0x76DF5D37) lui s10, 486901
x26 <- 0x76DF5000


mem[X,0x800000CC] -> 0x0D13
mem[X,0x800000CE] -> 0x6FFD
[56] [M]: 0x800000CC (0x6FFD0D13) addi s10, s10, 1791
x26 <- 0x76DF56FF


mem[X,0x800000D0] -> 0xBDB7
mem[X,0x800000D2] -> 0xBB6F
[57] [M]: 0x800000D0 (0xBB6FBDB7) lui s11, 767739
x27 <- 0xBB6FB000


mem[X,0x800000D4] -> 0x8D93
mem[X,0x800000D6] -> 0xB7FD
[58] [M]: 0x800000D4 (0xB7FD8D93) addi s11, s11, 2943
x27 <- 0xBB6FAB7F


mem[X,0x800000D8] -> 0xDE37
mem[X,0x800000DA] -> 0xDDB7
[59] [M]: 0x800000D8 (0xDDB7DE37) lui t3, 908157
x28 <- 0xDDB7D000


mem[X,0x800000DC] -> 0x0E13
mem[X,0x800000DE] -> 0x5BFE
[60] [M]: 0x800000DC (0x5BFE0E13) addi t3, t3, 1471
x28 <- 0xDDB7D5BF


mem[X,0x800000E0] -> 0xFEB7
mem[X,0x800000E2] -> 0xEEDB
[61] [M]: 0x800000E0 (0xEEDBFEB7) lui t4, 978367
x29 <- 0xEEDBF000


mem[X,0x800000E4] -> 0x8E93
mem[X,0x800000E6] -> 0xADFE
[62] [M]: 0x800000E4 (0xADFE8E93) addi t4, t4, 2783
x29 <- 0xEEDBEADF


mem[X,0x800000E8] -> 0xFF37
mem[X,0x800000EA] -> 0xF76D
[63] [M]: 0x800000E8 (0xF76DFF37) lui t5, 1013471
x30 <- 0xF76DF000


mem[X,0x800000EC] -> 0x0F13
mem[X,0x800000EE] -> 0x56FF
[64] [M]: 0x800000EC (0x56FF0F13) addi t5, t5, 1391
x30 <- 0xF76DF56F


mem[X,0x800000F0] -> 0x0FB7
mem[X,0x800000F2] -> 0xFBB7
[65] [M]: 0x800000F0 (0xFBB70FB7) lui t6, 1031024
x31 <- 0xFBB70000


mem[X,0x800000F4] -> 0x8F93
mem[X,0x800000F6] -> 0xAB7F
[66] [M]: 0x800000F4 (0xAB7F8F93) addi t6, t6, 2743
x31 <- 0xFBB6FAB7


mem[X,0x800000F8] -> 0x8297
mem[X,0x800000FA] -> 0x0003
[67] [M]: 0x800000F8 (0x00038297) auipc t0, 56
x5 <- 0x800380F8


mem[X,0x800000FC] -> 0x8293
mem[X,0x800000FE] -> 0x11C2
[68] [M]: 0x800000FC (0x11C28293) addi t0, t0, 284
x5 <- 0x80038214


mem[X,0x80000100] -> 0x0093
mem[X,0x80000102] -> 0x0040
[69] [M]: 0x80000100 (0x00400093) addi ra, zero, 4
x1 <- 0x00000004


mem[X,0x80000104] -> 0x0093
mem[X,0x80000106] -> 0x0040
[70] [M]: 0x80000104 (0x00400093) addi ra, zero, 4
x1 <- 0x00000004


mem[X,0x80000108] -> 0x0613
mem[X,0x8000010A] -> 0x0000
[71] [M]: 0x80000108 (0x00000613) addi a2, zero, 0
x12 <- 0x00000000


mem[X,0x8000010C] -> 0x006F
mem[X,0x8000010E] -> 0x00C0
[72] [M]: 0x8000010C (0x00C0006F) jal zero, 12


mem[X,0x80000118] -> 0xC063
mem[X,0x8000011A] -> 0x0810
[73] [M]: 0x80000118 (0x0810C063) blt ra, ra, 128


mem[X,0x8000011C] -> 0x0613
mem[X,0x8000011E] -> 0x0026
[74] [M]: 0x8000011C (0x00260613) addi a2, a2, 2
x12 <- 0x00000002


mem[X,0x80000120] -> 0x006F
mem[X,0x80000122] -> 0x0800
[75] [M]: 0x80000120 (0x0800006F) jal zero, 128


mem[X,0x800001A0] -> 0xA023
mem[X,0x800001A2] -> 0x00C2
[76] [M]: 0x800001A0 (0x00C2A023) sw a2, 0(t0)
mem[0x80038214] <- 0x00000002


mem[X,0x800001A4] -> 0x0713
mem[X,0x800001A6] -> 0x0040
[77] [M]: 0x800001A4 (0x00400713) addi a4, zero, 4
x14 <- 0x00000004


mem[X,0x800001A8] -> 0x05B7
mem[X,0x800001AA] -> 0xE000
[78] [M]: 0x800001A8 (0xE00005B7) lui a1, 917504
x11 <- 0xE0000000


mem[X,0x800001AC] -> 0x8593
mem[X,0x800001AE] -> 0xFFF5
[79] [M]: 0x800001AC (0xFFF58593) addi a1, a1, 4095
x11 <- 0xDFFFFFFF


mem[X,0x800001B0] -> 0x0613
mem[X,0x800001B2] -> 0x0000
[80] [M]: 0x800001B0 (0x00000613) addi a2, zero, 0
x12 <- 0x00000000


mem[X,0x800001B4] -> 0x006F
mem[X,0x800001B6] -> 0x00C0
[81] [M]: 0x800001B4 (0x00C0006F) jal zero, 12


mem[X,0x800001C0] -> 0x4663
mem[X,0x800001C2] -> 0x00B7
[82] [M]: 0x800001C0 (0x00B74663) blt a4, a1, 12


mem[X,0x800001C4] -> 0x0613
mem[X,0x800001C6] -> 0x0026
[83] [M]: 0x800001C4 (0x00260613) addi a2, a2, 2
x12 <- 0x00000002


mem[X,0x800001C8] -> 0x006F
mem[X,0x800001CA] -> 0x00C0
[84] [M]: 0x800001C8 (0x00C0006F) jal zero, 12


mem[X,0x800001D4] -> 0xA223
mem[X,0x800001D6] -> 0x00C2
[85] [M]: 0x800001D4 (0x00C2A223) sw a2, 4(t0)
mem[0x80038218] <- 0x00000002


mem[X,0x800001D8] -> 0x0237
mem[X,0x800001DA] -> 0xE000
[86] [M]: 0x800001D8 (0xE0000237) lui tp, 917504
x4 <- 0xE0000000


mem[X,0x800001DC] -> 0x0213
mem[X,0x800001DE] -> 0xFFF2
[87] [M]: 0x800001DC (0xFFF20213) addi tp, tp, 4095
x4 <- 0xDFFFFFFF


mem[X,0x800001E0] -> 0x0B37
mem[X,0x800001E2] -> 0xC000
[88] [M]: 0x800001E0 (0xC0000B37) lui s6, 786432
x22 <- 0xC0000000


mem[X,0x800001E4] -> 0x0613
mem[X,0x800001E6] -> 0x0000
[89] [M]: 0x800001E4 (0x00000613) addi a2, zero, 0
x12 <- 0x00000000


mem[X,0x800001E8] -> 0x006F
mem[X,0x800001EA] -> 0x0140
[90] [M]: 0x800001E8 (0x0140006F) jal zero, 20


mem[X,0x800001FC] -> 0x48E3
mem[X,0x800001FE] -> 0xFF62
[91] [M]: 0x800001FC (0xFF6248E3) blt tp, s6, 8176


mem[X,0x80000200] -> 0x0613
mem[X,0x80000202] -> 0x0026
[92] [M]: 0x80000200 (0x00260613) addi a2, a2, 2
x12 <- 0x00000002


mem[X,0x80000204] -> 0x006F
mem[X,0x80000206] -> 0x00C0
[93] [M]: 0x80000204 (0x00C0006F) jal zero, 12


mem[X,0x80000210] -> 0xA423
mem[X,0x80000212] -> 0x00C2
[94] [M]: 0x80000210 (0x00C2A423) sw a2, 8(t0)
mem[0x8003821C] <- 0x00000002


mem[X,0x80000214] -> 0x0A37
mem[X,0x80000216] -> 0xFFF0
[95] [M]: 0x80000214 (0xFFF00A37) lui s4, 1048320
x20 <- 0xFFF00000


mem[X,0x80000218] -> 0x0A13
mem[X,0x8000021A] -> 0xFFFA
[96] [M]: 0x80000218 (0xFFFA0A13) addi s4, s4, 4095
x20 <- 0xFFEFFFFF


mem[X,0x8000021C] -> 0x0C93
mem[X,0x8000021E] -> 0x0010
[97] [M]: 0x8000021C (0x00100C93) addi s9, zero, 1
x25 <- 0x00000001


mem[X,0x80000220] -> 0x0613
mem[X,0x80000222] -> 0x0000
[98] [M]: 0x80000220 (0x00000613) addi a2, zero, 0
x12 <- 0x00000000


mem[X,0x80000224] -> 0x006F
mem[X,0x80000226] -> 0x00C0
[99] [M]: 0x80000224 (0x00C0006F) jal zero, 12


clint::tick mtime <- 0x0000000000000001
 clint timer pending at mtime 0x0000000000000001
htif::tick 0x0000000000000000
mem[X,0x80000230] -> 0x4063
mem[X,0x80000232] -> 0x039A
[100] [M]: 0x80000230 (0x039A4063) blt s4, s9, 32


mem[X,0x80000250] -> 0x0613
mem[X,0x80000252] -> 0x0036
[101] [M]: 0x80000250 (0x00360613) addi a2, a2, 3
x12 <- 0x00000003


mem[X,0x80000254] -> 0x006F
mem[X,0x80000256] -> 0x0040
[102] [M]: 0x80000254 (0x0040006F) jal zero, 4


mem[X,0x80000258] -> 0xA623
mem[X,0x8000025A] -> 0x00C2
[103] [M]: 0x80000258 (0x00C2A623) sw a2, 12(t0)
mem[0x80038220] <- 0x00000003


mem[X,0x8000025C] -> 0x06B7
mem[X,0x8000025E] -> 0x8000
[104] [M]: 0x8000025C (0x800006B7) lui a3, 524288
x13 <- 0x80000000


mem[X,0x80000260] -> 0x0EB7
mem[X,0x80000262] -> 0x8000
[105] [M]: 0x80000260 (0x80000EB7) lui t4, 524288
x29 <- 0x80000000


mem[X,0x80000264] -> 0x0613
mem[X,0x80000266] -> 0x0000
[106] [M]: 0x80000264 (0x00000613) addi a2, zero, 0
x12 <- 0x00000000


mem[X,0x80000268] -> 0x006F
mem[X,0x8000026A] -> 0x00C0
[107] [M]: 0x80000268 (0x00C0006F) jal zero, 12


mem[X,0x80000274] -> 0xC663
mem[X,0x80000276] -> 0x01D6
[108] [M]: 0x80000274 (0x01D6C663) blt a3, t4, 12


mem[X,0x80000278] -> 0x0613
mem[X,0x8000027A] -> 0x0026
[109] [M]: 0x80000278 (0x00260613) addi a2, a2, 2
x12 <- 0x00000002


mem[X,0x8000027C] -> 0x006F
mem[X,0x8000027E] -> 0x00C0
[110] [M]: 0x8000027C (0x00C0006F) jal zero, 12


mem[X,0x80000288] -> 0xA823
mem[X,0x8000028A] -> 0x00C2
[111] [M]: 0x80000288 (0x00C2A823) sw a2, 16(t0)
mem[0x80038224] <- 0x00000002


mem[X,0x8000028C] -> 0x0C37
mem[X,0x8000028E] -> 0x0100
[112] [M]: 0x8000028C (0x01000C37) lui s8, 4096
x24 <- 0x01000000


mem[X,0x80000290] -> 0x01B7
mem[X,0x80000292] -> 0x0100
[113] [M]: 0x80000290 (0x010001B7) lui gp, 4096
x3 <- 0x01000000


mem[X,0x80000294] -> 0x0613
mem[X,0x80000296] -> 0x0000
[114] [M]: 0x80000294 (0x00000613) addi a2, zero, 0
x12 <- 0x00000000


mem[X,0x80000298] -> 0x006F
mem[X,0x8000029A] -> 0x0050
[115] [M]: 0x80000298 (0x0050006F) jal zero, 2052


mem[X,0x80000A9C] -> 0x40E3
mem[X,0x80000A9E] -> 0x803C
[116] [M]: 0x80000A9C (0x803C40E3) blt s8, gp, 6144


mem[X,0x80000AA0] -> 0x0613
mem[X,0x80000AA2] -> 0x0026
[117] [M]: 0x80000AA0 (0x00260613) addi a2, a2, 2
x12 <- 0x00000002


mem[X,0x80000AA4] -> 0x006F
mem[X,0x80000AA6] -> 0x00C0
[118] [M]: 0x80000AA4 (0x00C0006F) jal zero, 12


mem[X,0x80000AB0] -> 0xAA23
mem[X,0x80000AB2] -> 0x00C2
[119] [M]: 0x80000AB0 (0x00C2AA23) sw a2, 20(t0)
mem[0x80038228] <- 0x00000002


mem[X,0x80000AB4] -> 0x0893
mem[X,0x80000AB6] -> 0xFEF0
[120] [M]: 0x80000AB4 (0xFEF00893) addi a7, zero, 4079
x17 <- 0xFFFFFFEF


mem[X,0x80000AB8] -> 0x2437
mem[X,0x80000ABA] -> 0x0000
[121] [M]: 0x80000AB8 (0x00002437) lui fp, 2
x8 <- 0x00002000


mem[X,0x80000ABC] -> 0x0613
mem[X,0x80000ABE] -> 0x0000
[122] [M]: 0x80000ABC (0x00000613) addi a2, zero, 0
x12 <- 0x00000000


mem[X,0x80000AC0] -> 0x006F
mem[X,0x80000AC2] -> 0x00C0
[123] [M]: 0x80000AC0 (0x00C0006F) jal zero, 12


mem[X,0x80000ACC] -> 0xCCE3
mem[X,0x80000ACE] -> 0xFE88
[124] [M]: 0x80000ACC (0xFE88CCE3) blt a7, fp, 8184


mem[X,0x80000AC4] -> 0x0613
mem[X,0x80000AC6] -> 0x0016
[125] [M]: 0x80000AC4 (0x00160613) addi a2, a2, 1
x12 <- 0x00000001


mem[X,0x80000AC8] -> 0x006F
mem[X,0x80000ACA] -> 0x0180
[126] [M]: 0x80000AC8 (0x0180006F) jal zero, 24


mem[X,0x80000AE0] -> 0xAC23
mem[X,0x80000AE2] -> 0x00C2
[127] [M]: 0x80000AE0 (0x00C2AC23) sw a2, 24(t0)
mem[0x8003822C] <- 0x00000001


mem[X,0x80000AE4] -> 0x0137
mem[X,0x80000AE6] -> 0x0020
[128] [M]: 0x80000AE4 (0x00200137) lui sp, 512
x2 <- 0x00200000


mem[X,0x80000AE8] -> 0x0013
mem[X,0x80000AEA] -> 0x0000
[129] [M]: 0x80000AE8 (0x00000013) addi zero, zero, 0


mem[X,0x80000AEC] -> 0x0613
mem[X,0x80000AEE] -> 0x0000
[130] [M]: 0x80000AEC (0x00000613) addi a2, zero, 0
x12 <- 0x00000000


mem[X,0x80000AF0] -> 0x006F
mem[X,0x80000AF2] -> 0x0140
[131] [M]: 0x80000AF0 (0x0140006F) jal zero, 20


mem[X,0x80000B04] -> 0x48E3
mem[X,0x80000B06] -> 0xFE01
[132] [M]: 0x80000B04 (0xFE0148E3) blt sp, zero, 8176


mem[X,0x80000B08] -> 0x0613
mem[X,0x80000B0A] -> 0x0026
[133] [M]: 0x80000B08 (0x00260613) addi a2, a2, 2
x12 <- 0x00000002


mem[X,0x80000B0C] -> 0x006F
mem[X,0x80000B0E] -> 0x00C0
[134] [M]: 0x80000B0C (0x00C0006F) jal zero, 12


mem[X,0x80000B18] -> 0xAE23
mem[X,0x80000B1A] -> 0x00C2
[135] [M]: 0x80000B18 (0x00C2AE23) sw a2, 28(t0)
mem[0x80038230] <- 0x00000002


mem[X,0x80000B1C] -> 0x0F93
mem[X,0x80000B1E] -> 0x0050
[136] [M]: 0x80000B1C (0x00500F93) addi t6, zero, 5
x31 <- 0x00000005


mem[X,0x80000B20] -> 0x0A93
mem[X,0x80000B22] -> 0x0080
[137] [M]: 0x80000B20 (0x00800A93) addi s5, zero, 8
x21 <- 0x00000008


mem[X,0x80000B24] -> 0x0613
mem[X,0x80000B26] -> 0x0000
[138] [M]: 0x80000B24 (0x00000613) addi a2, zero, 0
x12 <- 0x00000000


mem[X,0x80000B28] -> 0x006F
mem[X,0x80000B2A] -> 0x00C0
[139] [M]: 0x80000B28 (0x00C0006F) jal zero, 12


mem[X,0x80000B34] -> 0xCCE3
mem[X,0x80000B36] -> 0xFF5F
[140] [M]: 0x80000B34 (0xFF5FCCE3) blt t6, s5, 8184


mem[X,0x80000B2C] -> 0x0613
mem[X,0x80000B2E] -> 0x0016
[141] [M]: 0x80000B2C (0x00160613) addi a2, a2, 1
x12 <- 0x00000001


mem[X,0x80000B30] -> 0x006F
mem[X,0x80000B32] -> 0x0180
[142] [M]: 0x80000B30 (0x0180006F) jal zero, 24


mem[X,0x80000B48] -> 0xA023
mem[X,0x80000B4A] -> 0x02C2
[143] [M]: 0x80000B48 (0x02C2A023) sw a2, 32(t0)
mem[0x80038234] <- 0x00000001


mem[X,0x80000B4C] -> 0x8E37
mem[X,0x80000B4E] -> 0xFFFF
[144] [M]: 0x80000B4C (0xFFFF8E37) lui t3, 1048568
x28 <- 0xFFFF8000


mem[X,0x80000B50] -> 0x0E13
mem[X,0x80000B52] -> 0xFFFE
[145] [M]: 0x80000B50 (0xFFFE0E13) addi t3, t3, 4095
x28 <- 0xFFFF7FFF


mem[X,0x80000B54] -> 0x0313
mem[X,0x80000B56] -> 0x0100
[146] [M]: 0x80000B54 (0x01000313) addi t1, zero, 16
x6 <- 0x00000010


mem[X,0x80000B58] -> 0x0613
mem[X,0x80000B5A] -> 0x0000
[147] [M]: 0x80000B58 (0x00000613) addi a2, zero, 0
x12 <- 0x00000000


mem[X,0x80000B5C] -> 0x006F
mem[X,0x80000B5E] -> 0x0050
[148] [M]: 0x80000B5C (0x0050006F) jal zero, 2052


mem[X,0x80001360] -> 0x40E3
mem[X,0x80001362] -> 0x806E
[149] [M]: 0x80001360 (0x806E40E3) blt t3, t1, 6144


mem[X,0x80000B60] -> 0x0613
mem[X,0x80000B62] -> 0x0016
[150] [M]: 0x80000B60 (0x00160613) addi a2, a2, 1
x12 <- 0x00000001


mem[X,0x80000B64] -> 0x006F
mem[X,0x80000B66] -> 0x0110
[151] [M]: 0x80000B64 (0x0110006F) jal zero, 2064


mem[X,0x80001374] -> 0xA223
mem[X,0x80001376] -> 0x02C2
[152] [M]: 0x80001374 (0x02C2A223) sw a2, 36(t0)
mem[0x80038238] <- 0x00000001


mem[X,0x80001378] -> 0x1F37
mem[X,0x8000137A] -> 0x0000
[153] [M]: 0x80001378 (0x00001F37) lui t5, 1
x30 <- 0x00001000


mem[X,0x8000137C] -> 0x0113
mem[X,0x8000137E] -> 0x0200
[154] [M]: 0x8000137C (0x02000113) addi sp, zero, 32
x2 <- 0x00000020


mem[X,0x80001380] -> 0x0613
mem[X,0x80001382] -> 0x0000
[155] [M]: 0x80001380 (0x00000613) addi a2, zero, 0
x12 <- 0x00000000


mem[X,0x80001384] -> 0x006F
mem[X,0x80001386] -> 0x00C0
[156] [M]: 0x80001384 (0x00C0006F) jal zero, 12


mem[X,0x80001390] -> 0x4663
mem[X,0x80001392] -> 0x002F
[157] [M]: 0x80001390 (0x002F4663) blt t5, sp, 12


mem[X,0x80001394] -> 0x0613
mem[X,0x80001396] -> 0x0026
[158] [M]: 0x80001394 (0x00260613) addi a2, a2, 2
x12 <- 0x00000002


mem[X,0x80001398] -> 0x006F
mem[X,0x8000139A] -> 0x00C0
[159] [M]: 0x80001398 (0x00C0006F) jal zero, 12


mem[X,0x800013A4] -> 0xA423
mem[X,0x800013A6] -> 0x02C2
[160] [M]: 0x800013A4 (0x02C2A423) sw a2, 40(t0)
mem[0x8003823C] <- 0x00000002


mem[X,0x800013A8] -> 0xB9B7
mem[X,0x800013AA] -> 0x0000
[161] [M]: 0x800013A8 (0x0000B9B7) lui s3, 11
x19 <- 0x0000B000


mem[X,0x800013AC] -> 0x8993
mem[X,0x800013AE] -> 0x5059
[162] [M]: 0x800013AC (0x50598993) addi s3, s3, 1285
x19 <- 0x0000B505


mem[X,0x800013B0] -> 0x0913
mem[X,0x800013B2] -> 0x0400
[163] [M]: 0x800013B0 (0x04000913) addi s2, zero, 64
x18 <- 0x00000040


mem[X,0x800013B4] -> 0x0613
mem[X,0x800013B6] -> 0x0000
[164] [M]: 0x800013B4 (0x00000613) addi a2, zero, 0
x12 <- 0x00000000


mem[X,0x800013B8] -> 0x006F
mem[X,0x800013BA] -> 0x2B10
[165] [M]: 0x800013B8 (0x2B10006F) jal zero, 2736


mem[X,0x80001E68] -> 0xCA63
mem[X,0x80001E6A] -> 0xD529
[166] [M]: 0x80001E68 (0xD529CA63) blt s3, s2, 5460


mem[X,0x80001E6C] -> 0x0613
mem[X,0x80001E6E] -> 0x0026
[167] [M]: 0x80001E6C (0x00260613) addi a2, a2, 2
x12 <- 0x00000002


mem[X,0x80001E70] -> 0x006F
mem[X,0x80001E72] -> 0x00C0
[168] [M]: 0x80001E70 (0x00C0006F) jal zero, 12


mem[X,0x80001E7C] -> 0xA623
mem[X,0x80001E7E] -> 0x02C2
[169] [M]: 0x80001E7C (0x02C2A623) sw a2, 44(t0)
mem[0x80038240] <- 0x00000002


mem[X,0x80001E80] -> 0x0C93
mem[X,0x80001E82] -> 0x0040
[170] [M]: 0x80001E80 (0x00400C93) addi s9, zero, 4
x25 <- 0x00000004


mem[X,0x80001E84] -> 0x0C13
mem[X,0x80001E86] -> 0x0800
[171] [M]: 0x80001E84 (0x08000C13) addi s8, zero, 128
x24 <- 0x00000080


mem[X,0x80001E88] -> 0x0613
mem[X,0x80001E8A] -> 0x0000
[172] [M]: 0x80001E88 (0x00000613) addi a2, zero, 0
x12 <- 0x00000000


mem[X,0x80001E8C] -> 0x006F
mem[X,0x80001E8E] -> 0x00C0
[173] [M]: 0x80001E8C (0x00C0006F) jal zero, 12


mem[X,0x80001E98] -> 0xC663
mem[X,0x80001E9A] -> 0x018C
[174] [M]: 0x80001E98 (0x018CC663) blt s9, s8, 12


mem[X,0x80001EA4] -> 0x0613
mem[X,0x80001EA6] -> 0x0036
[175] [M]: 0x80001EA4 (0x00360613) addi a2, a2, 3
x12 <- 0x00000003


mem[X,0x80001EA8] -> 0x006F
mem[X,0x80001EAA] -> 0x0040
[176] [M]: 0x80001EA8 (0x0040006F) jal zero, 4


mem[X,0x80001EAC] -> 0xA823
mem[X,0x80001EAE] -> 0x02C2
[177] [M]: 0x80001EAC (0x02C2A823) sw a2, 48(t0)
mem[0x80038244] <- 0x00000003


mem[X,0x80001EB0] -> 0x63B7
mem[X,0x80001EB2] -> 0x6666
[178] [M]: 0x80001EB0 (0x666663B7) lui t2, 419430
x7 <- 0x66666000


mem[X,0x80001EB4] -> 0x8393
mem[X,0x80001EB6] -> 0x6673
[179] [M]: 0x80001EB4 (0x66738393) addi t2, t2, 1639
x7 <- 0x66666667


mem[X,0x80001EB8] -> 0x0793
mem[X,0x80001EBA] -> 0x1000
[180] [M]: 0x80001EB8 (0x10000793) addi a5, zero, 256
x15 <- 0x00000100


mem[X,0x80001EBC] -> 0x0613
mem[X,0x80001EBE] -> 0x0000
[181] [M]: 0x80001EBC (0x00000613) addi a2, zero, 0
x12 <- 0x00000000


mem[X,0x80001EC0] -> 0x006F
mem[X,0x80001EC2] -> 0x00C0
[182] [M]: 0x80001EC0 (0x00C0006F) jal zero, 12


mem[X,0x80001ECC] -> 0xC063
mem[X,0x80001ECE] -> 0x40F3
[183] [M]: 0x80001ECC (0x40F3C063) blt t2, a5, 1024


mem[X,0x80001ED0] -> 0x0613
mem[X,0x80001ED2] -> 0x0026
[184] [M]: 0x80001ED0 (0x00260613) addi a2, a2, 2
x12 <- 0x00000002


mem[X,0x80001ED4] -> 0x006F
mem[X,0x80001ED6] -> 0x4000
[185] [M]: 0x80001ED4 (0x4000006F) jal zero, 1024


mem[X,0x800022D4] -> 0xAA23
mem[X,0x800022D6] -> 0x02C2
[186] [M]: 0x800022D4 (0x02C2AA23) sw a2, 52(t0)
mem[0x80038248] <- 0x00000002


mem[X,0x800022D8] -> 0x0013
mem[X,0x800022DA] -> 0x0000
[187] [M]: 0x800022D8 (0x00000013) addi zero, zero, 0


mem[X,0x800022DC] -> 0x0493
mem[X,0x800022DE] -> 0x2000
[188] [M]: 0x800022DC (0x20000493) addi s1, zero, 512
x9 <- 0x00000200


mem[X,0x800022E0] -> 0x0613
mem[X,0x800022E2] -> 0x0000
[189] [M]: 0x800022E0 (0x00000613) addi a2, zero, 0
x12 <- 0x00000000


mem[X,0x800022E4] -> 0x006F
mem[X,0x800022E6] -> 0x00C0
[190] [M]: 0x800022E4 (0x00C0006F) jal zero, 12


mem[X,0x800022F0] -> 0x4063
mem[X,0x800022F2] -> 0x2090
[191] [M]: 0x800022F0 (0x20904063) blt zero, s1, 512


mem[X,0x800024F0] -> 0x0613
mem[X,0x800024F2] -> 0x0036
[192] [M]: 0x800024F0 (0x00360613) addi a2, a2, 3
x12 <- 0x00000003


mem[X,0x800024F4] -> 0x006F
mem[X,0x800024F6] -> 0x0040
[193] [M]: 0x800024F4 (0x0040006F) jal zero, 4


mem[X,0x800024F8] -> 0xAC23
mem[X,0x800024FA] -> 0x02C2
[194] [M]: 0x800024F8 (0x02C2AC23) sw a2, 56(t0)
mem[0x8003824C] <- 0x00000003


mem[X,0x800024FC] -> 0x0537
mem[X,0x800024FE] -> 0x0040
[195] [M]: 0x800024FC (0x00400537) lui a0, 1024
x10 <- 0x00400000


mem[X,0x80002500] -> 0x0893
mem[X,0x80002502] -> 0x4000
[196] [M]: 0x80002500 (0x40000893) addi a7, zero, 1024
x17 <- 0x00000400


mem[X,0x80002504] -> 0x0613
mem[X,0x80002506] -> 0x0000
[197] [M]: 0x80002504 (0x00000613) addi a2, zero, 0
x12 <- 0x00000000


mem[X,0x80002508] -> 0x006F
mem[X,0x8000250A] -> 0x00C0
[198] [M]: 0x80002508 (0x00C0006F) jal zero, 12


mem[X,0x80002514] -> 0x4663
mem[X,0x80002516] -> 0x0115
[199] [M]: 0x80002514 (0x01154663) blt a0, a7, 12


clint::tick mtime <- 0x0000000000000002
 clint timer pending at mtime 0x0000000000000002
htif::tick 0x0000000000000000
mem[X,0x80002518] -> 0x0613
mem[X,0x8000251A] -> 0x0026
[200] [M]: 0x80002518 (0x00260613) addi a2, a2, 2
x12 <- 0x00000002


mem[X,0x8000251C] -> 0x006F
mem[X,0x8000251E] -> 0x00C0
[201] [M]: 0x8000251C (0x00C0006F) jal zero, 12


mem[X,0x80002528] -> 0xAE23
mem[X,0x8000252A] -> 0x02C2
[202] [M]: 0x80002528 (0x02C2AE23) sw a2, 60(t0)
mem[0x80038250] <- 0x00000002


mem[X,0x8000252C] -> 0x0837
mem[X,0x8000252E] -> 0xFC00
[203] [M]: 0x8000252C (0xFC000837) lui a6, 1032192
x16 <- 0xFC000000


mem[X,0x80002530] -> 0x0813
mem[X,0x80002532] -> 0xFFF8
[204] [M]: 0x80002530 (0xFFF80813) addi a6, a6, 4095
x16 <- 0xFBFFFFFF


mem[X,0x80002534] -> 0x1E37
mem[X,0x80002536] -> 0x0000
[205] [M]: 0x80002534 (0x00001E37) lui t3, 1
x28 <- 0x00001000


mem[X,0x80002538] -> 0x0E13
mem[X,0x8000253A] -> 0x800E
[206] [M]: 0x80002538 (0x800E0E13) addi t3, t3, 2048
x28 <- 0x00000800


mem[X,0x8000253C] -> 0x0613
mem[X,0x8000253E] -> 0x0000
[207] [M]: 0x8000253C (0x00000613) addi a2, zero, 0
x12 <- 0x00000000


mem[X,0x80002540] -> 0x006F
mem[X,0x80002542] -> 0x00C0
[208] [M]: 0x80002540 (0x00C0006F) jal zero, 12


mem[X,0x8000254C] -> 0x4663
mem[X,0x8000254E] -> 0x01C8
[209] [M]: 0x8000254C (0x01C84663) blt a6, t3, 12


mem[X,0x80002558] -> 0x0613
mem[X,0x8000255A] -> 0x0036
[210] [M]: 0x80002558 (0x00360613) addi a2, a2, 3
x12 <- 0x00000003


mem[X,0x8000255C] -> 0x006F
mem[X,0x8000255E] -> 0x0040
[211] [M]: 0x8000255C (0x0040006F) jal zero, 4


mem[X,0x80002560] -> 0xA023
mem[X,0x80002562] -> 0x04C2
[212] [M]: 0x80002560 (0x04C2A023) sw a2, 64(t0)
mem[0x80038254] <- 0x00000003


mem[X,0x80002564] -> 0x0413
mem[X,0x80002566] -> 0x0080
[213] [M]: 0x80002564 (0x00800413) addi fp, zero, 8
x8 <- 0x00000008


mem[X,0x80002568] -> 0x1DB7
mem[X,0x8000256A] -> 0x0000
[214] [M]: 0x80002568 (0x00001DB7) lui s11, 1
x27 <- 0x00001000


mem[X,0x8000256C] -> 0x0613
mem[X,0x8000256E] -> 0x0000
[215] [M]: 0x8000256C (0x00000613) addi a2, zero, 0
x12 <- 0x00000000


mem[X,0x80002570] -> 0x006F
mem[X,0x80002572] -> 0x0180
[216] [M]: 0x80002570 (0x0180006F) jal zero, 24


mem[X,0x80002588] -> 0x46E3
mem[X,0x8000258A] -> 0xFFB4
[217] [M]: 0x80002588 (0xFFB446E3) blt fp, s11, 8172


mem[X,0x80002574] -> 0x0613
mem[X,0x80002576] -> 0x0016
[218] [M]: 0x80002574 (0x00160613) addi a2, a2, 1
x12 <- 0x00000001


mem[X,0x80002578] -> 0x006F
mem[X,0x8000257A] -> 0x0240
[219] [M]: 0x80002578 (0x0240006F) jal zero, 36


mem[X,0x8000259C] -> 0xA223
mem[X,0x8000259E] -> 0x04C2
[220] [M]: 0x8000259C (0x04C2A223) sw a2, 68(t0)
mem[0x80038258] <- 0x00000001


mem[X,0x800025A0] -> 0x0313
mem[X,0x800025A2] -> 0x0030
[221] [M]: 0x800025A0 (0x00300313) addi t1, zero, 3
x6 <- 0x00000003


mem[X,0x800025A4] -> 0x4A37
mem[X,0x800025A6] -> 0x0000
[222] [M]: 0x800025A4 (0x00004A37) lui s4, 4
x20 <- 0x00004000


mem[X,0x800025A8] -> 0x0113
mem[X,0x800025AA] -> 0x0000
[223] [M]: 0x800025A8 (0x00000113) addi sp, zero, 0
x2 <- 0x00000000


mem[X,0x800025AC] -> 0x006F
mem[X,0x800025AE] -> 0x0140
[224] [M]: 0x800025AC (0x0140006F) jal zero, 20


mem[X,0x800025C0] -> 0x48E3
mem[X,0x800025C2] -> 0xFF43
[225] [M]: 0x800025C0 (0xFF4348E3) blt t1, s4, 8176


mem[X,0x800025B0] -> 0x0113
mem[X,0x800025B2] -> 0x0011
[226] [M]: 0x800025B0 (0x00110113) addi sp, sp, 1
x2 <- 0x00000001


mem[X,0x800025B4] -> 0x006F
mem[X,0x800025B6] -> 0x0200
[227] [M]: 0x800025B4 (0x0200006F) jal zero, 32


mem[X,0x800025D4] -> 0xA423
mem[X,0x800025D6] -> 0x0422
[228] [M]: 0x800025D4 (0x0422A423) sw sp, 72(t0)
mem[0x8003825C] <- 0x00000001


mem[X,0x800025D8] -> 0xF5B7
mem[X,0x800025DA] -> 0xFFFF
[229] [M]: 0x800025D8 (0xFFFFF5B7) lui a1, 1048575
x11 <- 0xFFFFF000


mem[X,0x800025DC] -> 0x8593
mem[X,0x800025DE] -> 0xFFF5
[230] [M]: 0x800025DC (0xFFF58593) addi a1, a1, 4095
x11 <- 0xFFFFEFFF


mem[X,0x800025E0] -> 0x8737
mem[X,0x800025E2] -> 0x0000
[231] [M]: 0x800025E0 (0x00008737) lui a4, 8
x14 <- 0x00008000


mem[X,0x800025E4] -> 0x0113
mem[X,0x800025E6] -> 0x0000
[232] [M]: 0x800025E4 (0x00000113) addi sp, zero, 0
x2 <- 0x00000000


mem[X,0x800025E8] -> 0x006F
mem[X,0x800025EA] -> 0x0100
[233] [M]: 0x800025E8 (0x0100006F) jal zero, 16


mem[X,0x800025F8] -> 0xCAE3
mem[X,0x800025FA] -> 0xFEE5
[234] [M]: 0x800025F8 (0xFEE5CAE3) blt a1, a4, 8180


mem[X,0x800025EC] -> 0x0113
mem[X,0x800025EE] -> 0x0011
[235] [M]: 0x800025EC (0x00110113) addi sp, sp, 1
x2 <- 0x00000001


mem[X,0x800025F0] -> 0x006F
mem[X,0x800025F2] -> 0x01C0
[236] [M]: 0x800025F0 (0x01C0006F) jal zero, 28


mem[X,0x8000260C] -> 0xA623
mem[X,0x8000260E] -> 0x0422
[237] [M]: 0x8000260C (0x0422A623) sw sp, 76(t0)
mem[0x80038260] <- 0x00000001


mem[X,0x80002610] -> 0x07B7
mem[X,0x80002612] -> 0xF800
[238] [M]: 0x80002610 (0xF80007B7) lui a5, 1015808
x15 <- 0xF8000000


mem[X,0x80002614] -> 0x8793
mem[X,0x80002616] -> 0xFFF7
[239] [M]: 0x80002614 (0xFFF78793) addi a5, a5, 4095
x15 <- 0xF7FFFFFF


mem[X,0x80002618] -> 0x0BB7
mem[X,0x8000261A] -> 0x0001
[240] [M]: 0x80002618 (0x00010BB7) lui s7, 16
x23 <- 0x00010000


mem[X,0x8000261C] -> 0x0113
mem[X,0x8000261E] -> 0x0000
[241] [M]: 0x8000261C (0x00000113) addi sp, zero, 0
x2 <- 0x00000000


mem[X,0x80002620] -> 0x006F
mem[X,0x80002622] -> 0x0050
[242] [M]: 0x80002620 (0x0050006F) jal zero, 2052


mem[X,0x80002E24] -> 0xC0E3
mem[X,0x80002E26] -> 0x8177
[243] [M]: 0x80002E24 (0x8177C0E3) blt a5, s7, 6144


mem[X,0x80002624] -> 0x0113
mem[X,0x80002626] -> 0x0011
[244] [M]: 0x80002624 (0x00110113) addi sp, sp, 1
x2 <- 0x00000001


mem[X,0x80002628] -> 0x006F
mem[X,0x8000262A] -> 0x0110
[245] [M]: 0x80002628 (0x0110006F) jal zero, 2064


mem[X,0x80002E38] -> 0xA823
mem[X,0x80002E3A] -> 0x0422
[246] [M]: 0x80002E38 (0x0422A823) sw sp, 80(t0)
mem[0x80038264] <- 0x00000001


mem[X,0x80002E3C] -> 0x5097
mem[X,0x80002E3E] -> 0x0003
[247] [M]: 0x80002E3C (0x00035097) auipc ra, 53
x1 <- 0x80037E3C


mem[X,0x80002E40] -> 0x8093
mem[X,0x80002E42] -> 0x42C0
[248] [M]: 0x80002E40 (0x42C08093) addi ra, ra, 1068
x1 <- 0x80038268


mem[X,0x80002E44] -> 0x4937
mem[X,0x80002E46] -> 0x0000
[249] [M]: 0x80002E44 (0x00004937) lui s2, 4
x18 <- 0x00004000


mem[X,0x80002E48] -> 0x0FB7
mem[X,0x80002E4A] -> 0x0002
[250] [M]: 0x80002E48 (0x00020FB7) lui t6, 32
x31 <- 0x00020000


mem[X,0x80002E4C] -> 0x0113
mem[X,0x80002E4E] -> 0x0000
[251] [M]: 0x80002E4C (0x00000113) addi sp, zero, 0
x2 <- 0x00000000


mem[X,0x80002E50] -> 0x006F
mem[X,0x80002E52] -> 0x00C0
[252] [M]: 0x80002E50 (0x00C0006F) jal zero, 12


mem[X,0x80002E5C] -> 0x4063
mem[X,0x80002E5E] -> 0x05F9
[253] [M]: 0x80002E5C (0x05F94063) blt s2, t6, 64


mem[X,0x80002E9C] -> 0x0113
mem[X,0x80002E9E] -> 0x0031
[254] [M]: 0x80002E9C (0x00310113) addi sp, sp, 3
x2 <- 0x00000003


mem[X,0x80002EA0] -> 0x006F
mem[X,0x80002EA2] -> 0x0040
[255] [M]: 0x80002EA0 (0x0040006F) jal zero, 4


mem[X,0x80002EA4] -> 0xA023
mem[X,0x80002EA6] -> 0x0020
[256] [M]: 0x80002EA4 (0x0020A023) sw sp, 0(ra)
mem[0x80038268] <- 0x00000003


mem[X,0x80002EA8] -> 0x1AB7
mem[X,0x80002EAA] -> 0x0000
[257] [M]: 0x80002EA8 (0x00001AB7) lui s5, 1
x21 <- 0x00001000


mem[X,0x80002EAC] -> 0x0D37
mem[X,0x80002EAE] -> 0x0004
[258] [M]: 0x80002EAC (0x00040D37) lui s10, 64
x26 <- 0x00040000


mem[X,0x80002EB0] -> 0x0113
mem[X,0x80002EB2] -> 0x0000
[259] [M]: 0x80002EB0 (0x00000113) addi sp, zero, 0
x2 <- 0x00000000


mem[X,0x80002EB4] -> 0x006F
mem[X,0x80002EB6] -> 0x00C0
[260] [M]: 0x80002EB4 (0x00C0006F) jal zero, 12


mem[X,0x80002EC0] -> 0xCCE3
mem[X,0x80002EC2] -> 0xFFAA
[261] [M]: 0x80002EC0 (0xFFAACCE3) blt s5, s10, 8184


mem[X,0x80002EB8] -> 0x0113
mem[X,0x80002EBA] -> 0x0011
[262] [M]: 0x80002EB8 (0x00110113) addi sp, sp, 1
x2 <- 0x00000001


mem[X,0x80002EBC] -> 0x006F
mem[X,0x80002EBE] -> 0x0180
[263] [M]: 0x80002EBC (0x0180006F) jal zero, 24


mem[X,0x80002ED4] -> 0xA223
mem[X,0x80002ED6] -> 0x0020
[264] [M]: 0x80002ED4 (0x0020A223) sw sp, 4(ra)
mem[0x8003826C] <- 0x00000001


mem[X,0x80002ED8] -> 0x0D37
mem[X,0x80002EDA] -> 0x1000
[265] [M]: 0x80002ED8 (0x10000D37) lui s10, 65536
x26 <- 0x10000000


mem[X,0x80002EDC] -> 0x0237
mem[X,0x80002EDE] -> 0x0008
[266] [M]: 0x80002EDC (0x00080237) lui tp, 128
x4 <- 0x00080000


mem[X,0x80002EE0] -> 0x0113
mem[X,0x80002EE2] -> 0x0000
[267] [M]: 0x80002EE0 (0x00000113) addi sp, zero, 0
x2 <- 0x00000000


mem[X,0x80002EE4] -> 0x006F
mem[X,0x80002EE6] -> 0x00C0
[268] [M]: 0x80002EE4 (0x00C0006F) jal zero, 12


mem[X,0x80002EF0] -> 0x4CE3
mem[X,0x80002EF2] -> 0xFE4D
[269] [M]: 0x80002EF0 (0xFE4D4CE3) blt s10, tp, 8184


mem[X,0x80002EF4] -> 0x0113
mem[X,0x80002EF6] -> 0x0021
[270] [M]: 0x80002EF4 (0x00210113) addi sp, sp, 2
x2 <- 0x00000002


mem[X,0x80002EF8] -> 0x006F
mem[X,0x80002EFA] -> 0x00C0
[271] [M]: 0x80002EF8 (0x00C0006F) jal zero, 12


mem[X,0x80002F04] -> 0xA423
mem[X,0x80002F06] -> 0x0020
[272] [M]: 0x80002F04 (0x0020A423) sw sp, 8(ra)
mem[0x80038270] <- 0x00000002


mem[X,0x80002F08] -> 0x3EB7
mem[X,0x80002F0A] -> 0x3333
[273] [M]: 0x80002F08 (0x33333EB7) lui t4, 209715
x29 <- 0x33333000


mem[X,0x80002F0C] -> 0x8E93
mem[X,0x80002F0E] -> 0x334E
[274] [M]: 0x80002F0C (0x334E8E93) addi t4, t4, 820
x29 <- 0x33333334


mem[X,0x80002F10] -> 0x09B7
mem[X,0x80002F12] -> 0x0010
[275] [M]: 0x80002F10 (0x001009B7) lui s3, 256
x19 <- 0x00100000


mem[X,0x80002F14] -> 0x0113
mem[X,0x80002F16] -> 0x0000
[276] [M]: 0x80002F14 (0x00000113) addi sp, zero, 0
x2 <- 0x00000000


mem[X,0x80002F18] -> 0x006F
mem[X,0x80002F1A] -> 0x00C0
[277] [M]: 0x80002F18 (0x00C0006F) jal zero, 12


mem[X,0x80002F24] -> 0xC063
mem[X,0x80002F26] -> 0x113E
[278] [M]: 0x80002F24 (0x113EC063) blt t4, s3, 256


mem[X,0x80002F28] -> 0x0113
mem[X,0x80002F2A] -> 0x0021
[279] [M]: 0x80002F28 (0x00210113) addi sp, sp, 2
x2 <- 0x00000002


mem[X,0x80002F2C] -> 0x006F
mem[X,0x80002F2E] -> 0x1000
[280] [M]: 0x80002F2C (0x1000006F) jal zero, 256


mem[X,0x8000302C] -> 0xA623
mem[X,0x8000302E] -> 0x0020
[281] [M]: 0x8000302C (0x0020A623) sw sp, 12(ra)
mem[0x80038274] <- 0x00000002


mem[X,0x80003030] -> 0x0293
mem[X,0x80003032] -> 0xFF70
[282] [M]: 0x80003030 (0xFF700293) addi t0, zero, 4087
x5 <- 0xFFFFFFF7


mem[X,0x80003034] -> 0x0637
mem[X,0x80003036] -> 0x0020
[283] [M]: 0x80003034 (0x00200637) lui a2, 512
x12 <- 0x00200000


mem[X,0x80003038] -> 0x0113
mem[X,0x8000303A] -> 0x0000
[284] [M]: 0x80003038 (0x00000113) addi sp, zero, 0
x2 <- 0x00000000


mem[X,0x8000303C] -> 0x006F
mem[X,0x8000303E] -> 0x00C0
[285] [M]: 0x8000303C (0x00C0006F) jal zero, 12


mem[X,0x80003048] -> 0xC063
mem[X,0x8000304A] -> 0x08C2
[286] [M]: 0x80003048 (0x08C2C063) blt t0, a2, 128


mem[X,0x800030C8] -> 0x0113
mem[X,0x800030CA] -> 0x0031
[287] [M]: 0x800030C8 (0x00310113) addi sp, sp, 3
x2 <- 0x00000003


mem[X,0x800030CC] -> 0x006F
mem[X,0x800030CE] -> 0x0040
[288] [M]: 0x800030CC (0x0040006F) jal zero, 4


mem[X,0x800030D0] -> 0xA823
mem[X,0x800030D2] -> 0x0020
[289] [M]: 0x800030D0 (0x0020A823) sw sp, 16(ra)
mem[0x80038278] <- 0x00000003


mem[X,0x800030D4] -> 0x0193
mem[X,0x800030D6] -> 0x0020
[290] [M]: 0x800030D4 (0x00200193) addi gp, zero, 2
x3 <- 0x00000002


mem[X,0x800030D8] -> 0x02B7
mem[X,0x800030DA] -> 0x0040
[291] [M]: 0x800030D8 (0x004002B7) lui t0, 1024
x5 <- 0x00400000


mem[X,0x800030DC] -> 0x0113
mem[X,0x800030DE] -> 0x0000
[292] [M]: 0x800030DC (0x00000113) addi sp, zero, 0
x2 <- 0x00000000


mem[X,0x800030E0] -> 0x006F
mem[X,0x800030E2] -> 0x00C0
[293] [M]: 0x800030E0 (0x00C0006F) jal zero, 12


mem[X,0x800030EC] -> 0xC863
mem[X,0x800030EE] -> 0x0051
[294] [M]: 0x800030EC (0x0051C863) blt gp, t0, 16


mem[X,0x800030FC] -> 0x0113
mem[X,0x800030FE] -> 0x0031
[295] [M]: 0x800030FC (0x00310113) addi sp, sp, 3
x2 <- 0x00000003


mem[X,0x80003100] -> 0x006F
mem[X,0x80003102] -> 0x0040
[296] [M]: 0x80003100 (0x0040006F) jal zero, 4


mem[X,0x80003104] -> 0xAA23
mem[X,0x80003106] -> 0x0020
[297] [M]: 0x80003104 (0x0020AA23) sw sp, 20(ra)
mem[0x8003827C] <- 0x00000003


mem[X,0x80003108] -> 0x0DB7
mem[X,0x8000310A] -> 0x0080
[298] [M]: 0x80003108 (0x00800DB7) lui s11, 2048
x27 <- 0x00800000


mem[X,0x8000310C] -> 0x0537
mem[X,0x8000310E] -> 0x0080
[299] [M]: 0x8000310C (0x00800537) lui a0, 2048
x10 <- 0x00800000


clint::tick mtime <- 0x0000000000000003
 clint timer pending at mtime 0x0000000000000003
htif::tick 0x0000000000000000
mem[X,0x80003110] -> 0x0113
mem[X,0x80003112] -> 0x0000
[300] [M]: 0x80003110 (0x00000113) addi sp, zero, 0
x2 <- 0x00000000


mem[X,0x80003114] -> 0x006F
mem[X,0x80003116] -> 0x00C0
[301] [M]: 0x80003114 (0x00C0006F) jal zero, 12


mem[X,0x80003120] -> 0xC863
mem[X,0x80003122] -> 0x00AD
[302] [M]: 0x80003120 (0x00ADC863) blt s11, a0, 16


mem[X,0x80003124] -> 0x0113
mem[X,0x80003126] -> 0x0021
[303] [M]: 0x80003124 (0x00210113) addi sp, sp, 2
x2 <- 0x00000002


mem[X,0x80003128] -> 0x006F
mem[X,0x8000312A] -> 0x0100
[304] [M]: 0x80003128 (0x0100006F) jal zero, 16


mem[X,0x80003138] -> 0xAC23
mem[X,0x8000313A] -> 0x0020
[305] [M]: 0x80003138 (0x0020AC23) sw sp, 24(ra)
mem[0x80038280] <- 0x00000002


mem[X,0x8000313C] -> 0x0BB7
mem[X,0x8000313E] -> 0xFF80
[306] [M]: 0x8000313C (0xFF800BB7) lui s7, 1046528
x23 <- 0xFF800000


mem[X,0x80003140] -> 0x8B93
mem[X,0x80003142] -> 0xFFFB
[307] [M]: 0x80003140 (0xFFFB8B93) addi s7, s7, 4095
x23 <- 0xFF7FFFFF


mem[X,0x80003144] -> 0x0F37
mem[X,0x80003146] -> 0x0200
[308] [M]: 0x80003144 (0x02000F37) lui t5, 8192
x30 <- 0x02000000


mem[X,0x80003148] -> 0x0113
mem[X,0x8000314A] -> 0x0000
[309] [M]: 0x80003148 (0x00000113) addi sp, zero, 0
x2 <- 0x00000000


mem[X,0x8000314C] -> 0x006F
mem[X,0x8000314E] -> 0x00C0
[310] [M]: 0x8000314C (0x00C0006F) jal zero, 12


mem[X,0x80003158] -> 0xC863
mem[X,0x8000315A] -> 0x01EB
[311] [M]: 0x80003158 (0x01EBC863) blt s7, t5, 16


mem[X,0x80003168] -> 0x0113
mem[X,0x8000316A] -> 0x0031
[312] [M]: 0x80003168 (0x00310113) addi sp, sp, 3
x2 <- 0x00000003


mem[X,0x8000316C] -> 0x006F
mem[X,0x8000316E] -> 0x0040
[313] [M]: 0x8000316C (0x0040006F) jal zero, 4


mem[X,0x80003170] -> 0xAE23
mem[X,0x80003172] -> 0x0020
[314] [M]: 0x80003170 (0x0020AE23) sw sp, 28(ra)
mem[0x80038284] <- 0x00000003


mem[X,0x80003174] -> 0x0613
mem[X,0x80003176] -> 0x0020
[315] [M]: 0x80003174 (0x00200613) addi a2, zero, 2
x12 <- 0x00000002


mem[X,0x80003178] -> 0x0837
mem[X,0x8000317A] -> 0x0400
[316] [M]: 0x80003178 (0x04000837) lui a6, 16384
x16 <- 0x04000000


mem[X,0x8000317C] -> 0x0113
mem[X,0x8000317E] -> 0x0000
[317] [M]: 0x8000317C (0x00000113) addi sp, zero, 0
x2 <- 0x00000000


mem[X,0x80003180] -> 0x006F
mem[X,0x80003182] -> 0x00C0
[318] [M]: 0x80003180 (0x00C0006F) jal zero, 12


mem[X,0x8000318C] -> 0x4CE3
mem[X,0x8000318E] -> 0xFF06
[319] [M]: 0x8000318C (0xFF064CE3) blt a2, a6, 8184


mem[X,0x80003184] -> 0x0113
mem[X,0x80003186] -> 0x0011
[320] [M]: 0x80003184 (0x00110113) addi sp, sp, 1
x2 <- 0x00000001


mem[X,0x80003188] -> 0x006F
mem[X,0x8000318A] -> 0x0180
[321] [M]: 0x80003188 (0x0180006F) jal zero, 24


mem[X,0x800031A0] -> 0xA023
mem[X,0x800031A2] -> 0x0220
[322] [M]: 0x800031A0 (0x0220A023) sw sp, 32(ra)
mem[0x80038288] <- 0x00000001


mem[X,0x800031A4] -> 0x0B13
mem[X,0x800031A6] -> 0x2000
[323] [M]: 0x800031A4 (0x20000B13) addi s6, zero, 512
x22 <- 0x00000200


mem[X,0x800031A8] -> 0x03B7
mem[X,0x800031AA] -> 0x0800
[324] [M]: 0x800031A8 (0x080003B7) lui t2, 32768
x7 <- 0x08000000


mem[X,0x800031AC] -> 0x0113
mem[X,0x800031AE] -> 0x0000
[325] [M]: 0x800031AC (0x00000113) addi sp, zero, 0
x2 <- 0x00000000


mem[X,0x800031B0] -> 0x006F
mem[X,0x800031B2] -> 0x00C0
[326] [M]: 0x800031B0 (0x00C0006F) jal zero, 12


mem[X,0x800031BC] -> 0x4063
mem[X,0x800031BE] -> 0x087B
[327] [M]: 0x800031BC (0x087B4063) blt s6, t2, 128


mem[X,0x8000323C] -> 0x0113
mem[X,0x8000323E] -> 0x0031
[328] [M]: 0x8000323C (0x00310113) addi sp, sp, 3
x2 <- 0x00000003


mem[X,0x80003240] -> 0x006F
mem[X,0x80003242] -> 0x0040
[329] [M]: 0x80003240 (0x0040006F) jal zero, 4


mem[X,0x80003244] -> 0xA223
mem[X,0x80003246] -> 0x0220
[330] [M]: 0x80003244 (0x0220A223) sw sp, 36(ra)
mem[0x8003828C] <- 0x00000003


mem[X,0x80003248] -> 0x04B7
mem[X,0x8000324A] -> 0xFFC0
[331] [M]: 0x80003248 (0xFFC004B7) lui s1, 1047552
x9 <- 0xFFC00000


mem[X,0x8000324C] -> 0x8493
mem[X,0x8000324E] -> 0xFFF4
[332] [M]: 0x8000324C (0xFFF48493) addi s1, s1, 4095
x9 <- 0xFFBFFFFF


mem[X,0x80003250] -> 0x06B7
mem[X,0x80003252] -> 0x1000
[333] [M]: 0x80003250 (0x100006B7) lui a3, 65536
x13 <- 0x10000000


mem[X,0x80003254] -> 0x0113
mem[X,0x80003256] -> 0x0000
[334] [M]: 0x80003254 (0x00000113) addi sp, zero, 0
x2 <- 0x00000000


mem[X,0x80003258] -> 0x006F
mem[X,0x8000325A] -> 0x00C0
[335] [M]: 0x80003258 (0x00C0006F) jal zero, 12


mem[X,0x80003264] -> 0xC063
mem[X,0x80003266] -> 0x10D4
[336] [M]: 0x80003264 (0x10D4C063) blt s1, a3, 256


mem[X,0x80003364] -> 0x0113
mem[X,0x80003366] -> 0x0031
[337] [M]: 0x80003364 (0x00310113) addi sp, sp, 3
x2 <- 0x00000003


mem[X,0x80003368] -> 0x006F
mem[X,0x8000336A] -> 0x0040
[338] [M]: 0x80003368 (0x0040006F) jal zero, 4


mem[X,0x8000336C] -> 0xA423
mem[X,0x8000336E] -> 0x0220
[339] [M]: 0x8000336C (0x0220A423) sw sp, 40(ra)
mem[0x80038290] <- 0x00000003


mem[X,0x80003370] -> 0x0513
mem[X,0x80003372] -> 0x0030
[340] [M]: 0x80003370 (0x00300513) addi a0, zero, 3
x10 <- 0x00000003


mem[X,0x80003374] -> 0x05B7
mem[X,0x80003376] -> 0x2000
[341] [M]: 0x80003374 (0x200005B7) lui a1, 131072
x11 <- 0x20000000


mem[X,0x80003378] -> 0x0113
mem[X,0x8000337A] -> 0x0000
[342] [M]: 0x80003378 (0x00000113) addi sp, zero, 0
x2 <- 0x00000000


mem[X,0x8000337C] -> 0x006F
mem[X,0x8000337E] -> 0x00C0
[343] [M]: 0x8000337C (0x00C0006F) jal zero, 12


mem[X,0x80003388] -> 0x4663
mem[X,0x8000338A] -> 0x00B5
[344] [M]: 0x80003388 (0x00B54663) blt a0, a1, 12


mem[X,0x80003394] -> 0x0113
mem[X,0x80003396] -> 0x0031
[345] [M]: 0x80003394 (0x00310113) addi sp, sp, 3
x2 <- 0x00000003


mem[X,0x80003398] -> 0x006F
mem[X,0x8000339A] -> 0x0040
[346] [M]: 0x80003398 (0x0040006F) jal zero, 4


mem[X,0x8000339C] -> 0xA623
mem[X,0x8000339E] -> 0x0220
[347] [M]: 0x8000339C (0x0220A623) sw sp, 44(ra)
mem[0x80038294] <- 0x00000003


mem[X,0x800033A0] -> 0x2537
mem[X,0x800033A2] -> 0x0000
[348] [M]: 0x800033A0 (0x00002537) lui a0, 2
x10 <- 0x00002000


mem[X,0x800033A4] -> 0x05B7
mem[X,0x800033A6] -> 0x4000
[349] [M]: 0x800033A4 (0x400005B7) lui a1, 262144
x11 <- 0x40000000


mem[X,0x800033A8] -> 0x0113
mem[X,0x800033AA] -> 0x0000
[350] [M]: 0x800033A8 (0x00000113) addi sp, zero, 0
x2 <- 0x00000000


mem[X,0x800033AC] -> 0x006F
mem[X,0x800033AE] -> 0x0100
[351] [M]: 0x800033AC (0x0100006F) jal zero, 16


mem[X,0x800033BC] -> 0x4AE3
mem[X,0x800033BE] -> 0xFEB5
[352] [M]: 0x800033BC (0xFEB54AE3) blt a0, a1, 8180


mem[X,0x800033B0] -> 0x0113
mem[X,0x800033B2] -> 0x0011
[353] [M]: 0x800033B0 (0x00110113) addi sp, sp, 1
x2 <- 0x00000001


mem[X,0x800033B4] -> 0x006F
mem[X,0x800033B6] -> 0x01C0
[354] [M]: 0x800033B4 (0x01C0006F) jal zero, 28


mem[X,0x800033D0] -> 0xA823
mem[X,0x800033D2] -> 0x0220
[355] [M]: 0x800033D0 (0x0220A823) sw sp, 48(ra)
mem[0x80038298] <- 0x00000001


mem[X,0x800033D4] -> 0x0513
mem[X,0x800033D6] -> 0x0040
[356] [M]: 0x800033D4 (0x00400513) addi a0, zero, 4
x10 <- 0x00000004


mem[X,0x800033D8] -> 0x0593
mem[X,0x800033DA] -> 0xFFE0
[357] [M]: 0x800033D8 (0xFFE00593) addi a1, zero, 4094
x11 <- 0xFFFFFFFE


mem[X,0x800033DC] -> 0x0113
mem[X,0x800033DE] -> 0x0000
[358] [M]: 0x800033DC (0x00000113) addi sp, zero, 0
x2 <- 0x00000000


mem[X,0x800033E0] -> 0x006F
mem[X,0x800033E2] -> 0x2B10
[359] [M]: 0x800033E0 (0x2B10006F) jal zero, 2736


mem[X,0x80003E90] -> 0x4A63
mem[X,0x80003E92] -> 0xD4B5
[360] [M]: 0x80003E90 (0xD4B54A63) blt a0, a1, 5460


mem[X,0x80003E94] -> 0x0113
mem[X,0x80003E96] -> 0x0021
[361] [M]: 0x80003E94 (0x00210113) addi sp, sp, 2
x2 <- 0x00000002


mem[X,0x80003E98] -> 0x006F
mem[X,0x80003E9A] -> 0x00C0
[362] [M]: 0x80003E98 (0x00C0006F) jal zero, 12


mem[X,0x80003EA4] -> 0xAA23
mem[X,0x80003EA6] -> 0x0220
[363] [M]: 0x80003EA4 (0x0220AA23) sw sp, 52(ra)
mem[0x8003829C] <- 0x00000002


mem[X,0x80003EA8] -> 0x0513
mem[X,0x80003EAA] -> 0x0060
[364] [M]: 0x80003EA8 (0x00600513) addi a0, zero, 6
x10 <- 0x00000006


mem[X,0x80003EAC] -> 0x0593
mem[X,0x80003EAE] -> 0xFFD0
[365] [M]: 0x80003EAC (0xFFD00593) addi a1, zero, 4093
x11 <- 0xFFFFFFFD


mem[X,0x80003EB0] -> 0x0113
mem[X,0x80003EB2] -> 0x0000
[366] [M]: 0x80003EB0 (0x00000113) addi sp, zero, 0
x2 <- 0x00000000


mem[X,0x80003EB4] -> 0x006F
mem[X,0x80003EB6] -> 0x00C0
[367] [M]: 0x80003EB4 (0x00C0006F) jal zero, 12


mem[X,0x80003EC0] -> 0x4CE3
mem[X,0x80003EC2] -> 0xFEB5
[368] [M]: 0x80003EC0 (0xFEB54CE3) blt a0, a1, 8184


mem[X,0x80003EC4] -> 0x0113
mem[X,0x80003EC6] -> 0x0021
[369] [M]: 0x80003EC4 (0x00210113) addi sp, sp, 2
x2 <- 0x00000002


mem[X,0x80003EC8] -> 0x006F
mem[X,0x80003ECA] -> 0x00C0
[370] [M]: 0x80003EC8 (0x00C0006F) jal zero, 12


mem[X,0x80003ED4] -> 0xAC23
mem[X,0x80003ED6] -> 0x0220
[371] [M]: 0x80003ED4 (0x0220AC23) sw sp, 56(ra)
mem[0x800382A0] <- 0x00000002


mem[X,0x80003ED8] -> 0x0513
mem[X,0x80003EDA] -> 0xDFF0
[372] [M]: 0x80003ED8 (0xDFF00513) addi a0, zero, 3583
x10 <- 0xFFFFFDFF


mem[X,0x80003EDC] -> 0x0593
mem[X,0x80003EDE] -> 0xFFB0
[373] [M]: 0x80003EDC (0xFFB00593) addi a1, zero, 4091
x11 <- 0xFFFFFFFB


mem[X,0x80003EE0] -> 0x0113
mem[X,0x80003EE2] -> 0x0000
[374] [M]: 0x80003EE0 (0x00000113) addi sp, zero, 0
x2 <- 0x00000000


mem[X,0x80003EE4] -> 0x006F
mem[X,0x80003EE6] -> 0x00C0
[375] [M]: 0x80003EE4 (0x00C0006F) jal zero, 12


mem[X,0x80003EF0] -> 0x4063
mem[X,0x80003EF2] -> 0x40B5
[376] [M]: 0x80003EF0 (0x40B54063) blt a0, a1, 1024


mem[X,0x800042F0] -> 0x0113
mem[X,0x800042F2] -> 0x0031
[377] [M]: 0x800042F0 (0x00310113) addi sp, sp, 3
x2 <- 0x00000003


mem[X,0x800042F4] -> 0x006F
mem[X,0x800042F6] -> 0x0040
[378] [M]: 0x800042F4 (0x0040006F) jal zero, 4


mem[X,0x800042F8] -> 0xAE23
mem[X,0x800042FA] -> 0x0220
[379] [M]: 0x800042F8 (0x0220AE23) sw sp, 60(ra)
mem[0x800382A4] <- 0x00000003


mem[X,0x800042FC] -> 0x0537
mem[X,0x800042FE] -> 0xFFF8
[380] [M]: 0x800042FC (0xFFF80537) lui a0, 1048448
x10 <- 0xFFF80000


mem[X,0x80004300] -> 0x0513
mem[X,0x80004302] -> 0xFFF5
[381] [M]: 0x80004300 (0xFFF50513) addi a0, a0, 4095
x10 <- 0xFFF7FFFF


mem[X,0x80004304] -> 0x0593
mem[X,0x80004306] -> 0xFF70
[382] [M]: 0x80004304 (0xFF700593) addi a1, zero, 4087
x11 <- 0xFFFFFFF7


mem[X,0x80004308] -> 0x0113
mem[X,0x8000430A] -> 0x0000
[383] [M]: 0x80004308 (0x00000113) addi sp, zero, 0
x2 <- 0x00000000


mem[X,0x8000430C] -> 0x006F
mem[X,0x8000430E] -> 0x00C0
[384] [M]: 0x8000430C (0x00C0006F) jal zero, 12


mem[X,0x80004318] -> 0x4663
mem[X,0x8000431A] -> 0x00B5
[385] [M]: 0x80004318 (0x00B54663) blt a0, a1, 12


mem[X,0x80004324] -> 0x0113
mem[X,0x80004326] -> 0x0031
[386] [M]: 0x80004324 (0x00310113) addi sp, sp, 3
x2 <- 0x00000003


mem[X,0x80004328] -> 0x006F
mem[X,0x8000432A] -> 0x0040
[387] [M]: 0x80004328 (0x0040006F) jal zero, 4


mem[X,0x8000432C] -> 0xA023
mem[X,0x8000432E] -> 0x0420
[388] [M]: 0x8000432C (0x0420A023) sw sp, 64(ra)
mem[0x800382A8] <- 0x00000003


mem[X,0x80004330] -> 0x0513
mem[X,0x80004332] -> 0x0090
[389] [M]: 0x80004330 (0x00900513) addi a0, zero, 9
x10 <- 0x00000009


mem[X,0x80004334] -> 0x0593
mem[X,0x80004336] -> 0xFEF0
[390] [M]: 0x80004334 (0xFEF00593) addi a1, zero, 4079
x11 <- 0xFFFFFFEF


mem[X,0x80004338] -> 0x0113
mem[X,0x8000433A] -> 0x0000
[391] [M]: 0x80004338 (0x00000113) addi sp, zero, 0
x2 <- 0x00000000


mem[X,0x8000433C] -> 0x006F
mem[X,0x8000433E] -> 0x00C0
[392] [M]: 0x8000433C (0x00C0006F) jal zero, 12


mem[X,0x80004348] -> 0x4663
mem[X,0x8000434A] -> 0x00B5
[393] [M]: 0x80004348 (0x00B54663) blt a0, a1, 12


mem[X,0x8000434C] -> 0x0113
mem[X,0x8000434E] -> 0x0021
[394] [M]: 0x8000434C (0x00210113) addi sp, sp, 2
x2 <- 0x00000002


mem[X,0x80004350] -> 0x006F
mem[X,0x80004352] -> 0x00C0
[395] [M]: 0x80004350 (0x00C0006F) jal zero, 12


mem[X,0x8000435C] -> 0xA223
mem[X,0x8000435E] -> 0x0420
[396] [M]: 0x8000435C (0x0420A223) sw sp, 68(ra)
mem[0x800382AC] <- 0x00000002


mem[X,0x80004360] -> 0x0513
mem[X,0x80004362] -> 0xFF80
[397] [M]: 0x80004360 (0xFF800513) addi a0, zero, 4088
x10 <- 0xFFFFFFF8


mem[X,0x80004364] -> 0x0593
mem[X,0x80004366] -> 0xFDF0
[398] [M]: 0x80004364 (0xFDF00593) addi a1, zero, 4063
x11 <- 0xFFFFFFDF


mem[X,0x80004368] -> 0x0113
mem[X,0x8000436A] -> 0x0000
[399] [M]: 0x80004368 (0x00000113) addi sp, zero, 0
x2 <- 0x00000000


clint::tick mtime <- 0x0000000000000004
 clint timer pending at mtime 0x0000000000000004
htif::tick 0x0000000000000000
mem[X,0x8000436C] -> 0x006F
mem[X,0x8000436E] -> 0x00C0
[400] [M]: 0x8000436C (0x00C0006F) jal zero, 12


mem[X,0x80004378] -> 0x4063
mem[X,0x8000437A] -> 0x04B5
[401] [M]: 0x80004378 (0x04B54063) blt a0, a1, 64


mem[X,0x8000437C] -> 0x0113
mem[X,0x8000437E] -> 0x0021
[402] [M]: 0x8000437C (0x00210113) addi sp, sp, 2
x2 <- 0x00000002


mem[X,0x80004380] -> 0x006F
mem[X,0x80004382] -> 0x0400
[403] [M]: 0x80004380 (0x0400006F) jal zero, 64


mem[X,0x800043C0] -> 0xA423
mem[X,0x800043C2] -> 0x0420
[404] [M]: 0x800043C0 (0x0420A423) sw sp, 72(ra)
mem[0x800382B0] <- 0x00000002


mem[X,0x800043C4] -> 0x0513
mem[X,0x800043C6] -> 0x0070
[405] [M]: 0x800043C4 (0x00700513) addi a0, zero, 7
x10 <- 0x00000007


mem[X,0x800043C8] -> 0x0593
mem[X,0x800043CA] -> 0xFBF0
[406] [M]: 0x800043C8 (0xFBF00593) addi a1, zero, 4031
x11 <- 0xFFFFFFBF


mem[X,0x800043CC] -> 0x0113
mem[X,0x800043CE] -> 0x0000
[407] [M]: 0x800043CC (0x00000113) addi sp, zero, 0
x2 <- 0x00000000


mem[X,0x800043D0] -> 0x006F
mem[X,0x800043D2] -> 0x00C0
[408] [M]: 0x800043D0 (0x00C0006F) jal zero, 12


mem[X,0x800043DC] -> 0x4663
mem[X,0x800043DE] -> 0x00B5
[409] [M]: 0x800043DC (0x00B54663) blt a0, a1, 12


mem[X,0x800043E0] -> 0x0113
mem[X,0x800043E2] -> 0x0021
[410] [M]: 0x800043E0 (0x00210113) addi sp, sp, 2
x2 <- 0x00000002


mem[X,0x800043E4] -> 0x006F
mem[X,0x800043E6] -> 0x00C0
[411] [M]: 0x800043E4 (0x00C0006F) jal zero, 12


mem[X,0x800043F0] -> 0xA623
mem[X,0x800043F2] -> 0x0420
[412] [M]: 0x800043F0 (0x0420A623) sw sp, 76(ra)
mem[0x800382B4] <- 0x00000002


mem[X,0x800043F4] -> 0x0513
mem[X,0x800043F6] -> 0x0010
[413] [M]: 0x800043F4 (0x00100513) addi a0, zero, 1
x10 <- 0x00000001


mem[X,0x800043F8] -> 0x0593
mem[X,0x800043FA] -> 0xF7F0
[414] [M]: 0x800043F8 (0xF7F00593) addi a1, zero, 3967
x11 <- 0xFFFFFF7F


mem[X,0x800043FC] -> 0x0113
mem[X,0x800043FE] -> 0x0000
[415] [M]: 0x800043FC (0x00000113) addi sp, zero, 0
x2 <- 0x00000000


mem[X,0x80004400] -> 0x006F
mem[X,0x80004402] -> 0x00C0
[416] [M]: 0x80004400 (0x00C0006F) jal zero, 12


mem[X,0x8000440C] -> 0x4863
mem[X,0x8000440E] -> 0x00B5
[417] [M]: 0x8000440C (0x00B54863) blt a0, a1, 16


mem[X,0x80004410] -> 0x0113
mem[X,0x80004412] -> 0x0021
[418] [M]: 0x80004410 (0x00210113) addi sp, sp, 2
x2 <- 0x00000002


mem[X,0x80004414] -> 0x006F
mem[X,0x80004416] -> 0x0100
[419] [M]: 0x80004414 (0x0100006F) jal zero, 16


mem[X,0x80004424] -> 0xA823
mem[X,0x80004426] -> 0x0420
[420] [M]: 0x80004424 (0x0420A823) sw sp, 80(ra)
mem[0x800382B8] <- 0x00000002


mem[X,0x80004428] -> 0x0513
mem[X,0x8000442A] -> 0xEFF0
[421] [M]: 0x80004428 (0xEFF00513) addi a0, zero, 3839
x10 <- 0xFFFFFEFF


mem[X,0x8000442C] -> 0x0593
mem[X,0x8000442E] -> 0xEFF0
[422] [M]: 0x8000442C (0xEFF00593) addi a1, zero, 3839
x11 <- 0xFFFFFEFF


mem[X,0x80004430] -> 0x0113
mem[X,0x80004432] -> 0x0000
[423] [M]: 0x80004430 (0x00000113) addi sp, zero, 0
x2 <- 0x00000000


mem[X,0x80004434] -> 0x006F
mem[X,0x80004436] -> 0x00C0
[424] [M]: 0x80004434 (0x00C0006F) jal zero, 12


mem[X,0x80004440] -> 0x4663
mem[X,0x80004442] -> 0x00B5
[425] [M]: 0x80004440 (0x00B54663) blt a0, a1, 12


mem[X,0x80004444] -> 0x0113
mem[X,0x80004446] -> 0x0021
[426] [M]: 0x80004444 (0x00210113) addi sp, sp, 2
x2 <- 0x00000002


mem[X,0x80004448] -> 0x006F
mem[X,0x8000444A] -> 0x00C0
[427] [M]: 0x80004448 (0x00C0006F) jal zero, 12


mem[X,0x80004454] -> 0xAA23
mem[X,0x80004456] -> 0x0420
[428] [M]: 0x80004454 (0x0420AA23) sw sp, 84(ra)
mem[0x800382BC] <- 0x00000002


mem[X,0x80004458] -> 0x8537
mem[X,0x8000445A] -> 0xFFFF
[429] [M]: 0x80004458 (0xFFFF8537) lui a0, 1048568
x10 <- 0xFFFF8000


mem[X,0x8000445C] -> 0x0513
mem[X,0x8000445E] -> 0xFFF5
[430] [M]: 0x8000445C (0xFFF50513) addi a0, a0, 4095
x10 <- 0xFFFF7FFF


mem[X,0x80004460] -> 0x0593
mem[X,0x80004462] -> 0xDFF0
[431] [M]: 0x80004460 (0xDFF00593) addi a1, zero, 3583
x11 <- 0xFFFFFDFF


mem[X,0x80004464] -> 0x0113
mem[X,0x80004466] -> 0x0000
[432] [M]: 0x80004464 (0x00000113) addi sp, zero, 0
x2 <- 0x00000000


mem[X,0x80004468] -> 0x006F
mem[X,0x8000446A] -> 0x00C0
[433] [M]: 0x80004468 (0x00C0006F) jal zero, 12


mem[X,0x80004474] -> 0x4663
mem[X,0x80004476] -> 0x00B5
[434] [M]: 0x80004474 (0x00B54663) blt a0, a1, 12


mem[X,0x80004480] -> 0x0113
mem[X,0x80004482] -> 0x0031
[435] [M]: 0x80004480 (0x00310113) addi sp, sp, 3
x2 <- 0x00000003


mem[X,0x80004484] -> 0x006F
mem[X,0x80004486] -> 0x0040
[436] [M]: 0x80004484 (0x0040006F) jal zero, 4


mem[X,0x80004488] -> 0xAC23
mem[X,0x8000448A] -> 0x0420
[437] [M]: 0x80004488 (0x0420AC23) sw sp, 88(ra)
mem[0x800382C0] <- 0x00000003


mem[X,0x8000448C] -> 0x0513
mem[X,0x8000448E] -> 0x0200
[438] [M]: 0x8000448C (0x02000513) addi a0, zero, 32
x10 <- 0x00000020


mem[X,0x80004490] -> 0x0593
mem[X,0x80004492] -> 0xBFF0
[439] [M]: 0x80004490 (0xBFF00593) addi a1, zero, 3071
x11 <- 0xFFFFFBFF


mem[X,0x80004494] -> 0x0113
mem[X,0x80004496] -> 0x0000
[440] [M]: 0x80004494 (0x00000113) addi sp, zero, 0
x2 <- 0x00000000


mem[X,0x80004498] -> 0x006F
mem[X,0x8000449A] -> 0x00C0
[441] [M]: 0x80004498 (0x00C0006F) jal zero, 12


mem[X,0x800044A4] -> 0x4063
mem[X,0x800044A6] -> 0x40B5
[442] [M]: 0x800044A4 (0x40B54063) blt a0, a1, 1024


mem[X,0x800044A8] -> 0x0113
mem[X,0x800044AA] -> 0x0021
[443] [M]: 0x800044A8 (0x00210113) addi sp, sp, 2
x2 <- 0x00000002


mem[X,0x800044AC] -> 0x006F
mem[X,0x800044AE] -> 0x4000
[444] [M]: 0x800044AC (0x4000006F) jal zero, 1024


mem[X,0x800048AC] -> 0xAE23
mem[X,0x800048AE] -> 0x0420
[445] [M]: 0x800048AC (0x0420AE23) sw sp, 92(ra)
mem[0x800382C4] <- 0x00000002


mem[X,0x800048B0] -> 0x0513
mem[X,0x800048B2] -> 0x0800
[446] [M]: 0x800048B0 (0x08000513) addi a0, zero, 128
x10 <- 0x00000080


mem[X,0x800048B4] -> 0xF5B7
mem[X,0x800048B6] -> 0xFFFF
[447] [M]: 0x800048B4 (0xFFFFF5B7) lui a1, 1048575
x11 <- 0xFFFFF000


mem[X,0x800048B8] -> 0x8593
mem[X,0x800048BA] -> 0x7FF5
[448] [M]: 0x800048B8 (0x7FF58593) addi a1, a1, 2047
x11 <- 0xFFFFF7FF


mem[X,0x800048BC] -> 0x0113
mem[X,0x800048BE] -> 0x0000
[449] [M]: 0x800048BC (0x00000113) addi sp, zero, 0
x2 <- 0x00000000


mem[X,0x800048C0] -> 0x006F
mem[X,0x800048C2] -> 0x00C0
[450] [M]: 0x800048C0 (0x00C0006F) jal zero, 12


mem[X,0x800048CC] -> 0x4063
mem[X,0x800048CE] -> 0x02B5
[451] [M]: 0x800048CC (0x02B54063) blt a0, a1, 32


mem[X,0x800048D0] -> 0x0113
mem[X,0x800048D2] -> 0x0021
[452] [M]: 0x800048D0 (0x00210113) addi sp, sp, 2
x2 <- 0x00000002


mem[X,0x800048D4] -> 0x006F
mem[X,0x800048D6] -> 0x0200
[453] [M]: 0x800048D4 (0x0200006F) jal zero, 32


mem[X,0x800048F4] -> 0xA023
mem[X,0x800048F6] -> 0x0620
[454] [M]: 0x800048F4 (0x0620A023) sw sp, 96(ra)
mem[0x800382C8] <- 0x00000002


mem[X,0x800048F8] -> 0xB537
mem[X,0x800048FA] -> 0xAAAA
[455] [M]: 0x800048F8 (0xAAAAB537) lui a0, 699051
x10 <- 0xAAAAB000


mem[X,0x800048FC] -> 0x0513
mem[X,0x800048FE] -> 0xAAA5
[456] [M]: 0x800048FC (0xAAA50513) addi a0, a0, 2730
x10 <- 0xAAAAAAAA


mem[X,0x80004900] -> 0xF5B7
mem[X,0x80004902] -> 0xFFFF
[457] [M]: 0x80004900 (0xFFFFF5B7) lui a1, 1048575
x11 <- 0xFFFFF000


mem[X,0x80004904] -> 0x8593
mem[X,0x80004906] -> 0xFFF5
[458] [M]: 0x80004904 (0xFFF58593) addi a1, a1, 4095
x11 <- 0xFFFFEFFF


mem[X,0x80004908] -> 0x0113
mem[X,0x8000490A] -> 0x0000
[459] [M]: 0x80004908 (0x00000113) addi sp, zero, 0
x2 <- 0x00000000


mem[X,0x8000490C] -> 0x006F
mem[X,0x8000490E] -> 0x00C0
[460] [M]: 0x8000490C (0x00C0006F) jal zero, 12


mem[X,0x80004918] -> 0x4063
mem[X,0x8000491A] -> 0x40B5
[461] [M]: 0x80004918 (0x40B54063) blt a0, a1, 1024


mem[X,0x80004D18] -> 0x0113
mem[X,0x80004D1A] -> 0x0031
[462] [M]: 0x80004D18 (0x00310113) addi sp, sp, 3
x2 <- 0x00000003


mem[X,0x80004D1C] -> 0x006F
mem[X,0x80004D1E] -> 0x0040
[463] [M]: 0x80004D1C (0x0040006F) jal zero, 4


mem[X,0x80004D20] -> 0xA223
mem[X,0x80004D22] -> 0x0620
[464] [M]: 0x80004D20 (0x0620A223) sw sp, 100(ra)
mem[0x800382CC] <- 0x00000003


mem[X,0x80004D24] -> 0x0537
mem[X,0x80004D26] -> 0x0004
[465] [M]: 0x80004D24 (0x00040537) lui a0, 64
x10 <- 0x00040000


mem[X,0x80004D28] -> 0xE5B7
mem[X,0x80004D2A] -> 0xFFFF
[466] [M]: 0x80004D28 (0xFFFFE5B7) lui a1, 1048574
x11 <- 0xFFFFE000


mem[X,0x80004D2C] -> 0x8593
mem[X,0x80004D2E] -> 0xFFF5
[467] [M]: 0x80004D2C (0xFFF58593) addi a1, a1, 4095
x11 <- 0xFFFFDFFF


mem[X,0x80004D30] -> 0x0113
mem[X,0x80004D32] -> 0x0000
[468] [M]: 0x80004D30 (0x00000113) addi sp, zero, 0
x2 <- 0x00000000


mem[X,0x80004D34] -> 0x006F
mem[X,0x80004D36] -> 0x0140
[469] [M]: 0x80004D34 (0x0140006F) jal zero, 20


mem[X,0x80004D48] -> 0x48E3
mem[X,0x80004D4A] -> 0xFEB5
[470] [M]: 0x80004D48 (0xFEB548E3) blt a0, a1, 8176


mem[X,0x80004D4C] -> 0x0113
mem[X,0x80004D4E] -> 0x0021
[471] [M]: 0x80004D4C (0x00210113) addi sp, sp, 2
x2 <- 0x00000002


mem[X,0x80004D50] -> 0x006F
mem[X,0x80004D52] -> 0x00C0
[472] [M]: 0x80004D50 (0x00C0006F) jal zero, 12


mem[X,0x80004D5C] -> 0xA423
mem[X,0x80004D5E] -> 0x0620
[473] [M]: 0x80004D5C (0x0620A423) sw sp, 104(ra)
mem[0x800382D0] <- 0x00000002


mem[X,0x80004D60] -> 0x0537
mem[X,0x80004D62] -> 0x0010
[474] [M]: 0x80004D60 (0x00100537) lui a0, 256
x10 <- 0x00100000


mem[X,0x80004D64] -> 0xC5B7
mem[X,0x80004D66] -> 0xFFFF
[475] [M]: 0x80004D64 (0xFFFFC5B7) lui a1, 1048572
x11 <- 0xFFFFC000


mem[X,0x80004D68] -> 0x8593
mem[X,0x80004D6A] -> 0xFFF5
[476] [M]: 0x80004D68 (0xFFF58593) addi a1, a1, 4095
x11 <- 0xFFFFBFFF


mem[X,0x80004D6C] -> 0x0113
mem[X,0x80004D6E] -> 0x0000
[477] [M]: 0x80004D6C (0x00000113) addi sp, zero, 0
x2 <- 0x00000000


mem[X,0x80004D70] -> 0x006F
mem[X,0x80004D72] -> 0x0140
[478] [M]: 0x80004D70 (0x0140006F) jal zero, 20


mem[X,0x80004D84] -> 0x48E3
mem[X,0x80004D86] -> 0xFEB5
[479] [M]: 0x80004D84 (0xFEB548E3) blt a0, a1, 8176


mem[X,0x80004D88] -> 0x0113
mem[X,0x80004D8A] -> 0x0021
[480] [M]: 0x80004D88 (0x00210113) addi sp, sp, 2
x2 <- 0x00000002


mem[X,0x80004D8C] -> 0x006F
mem[X,0x80004D8E] -> 0x00C0
[481] [M]: 0x80004D8C (0x00C0006F) jal zero, 12


mem[X,0x80004D98] -> 0xA623
mem[X,0x80004D9A] -> 0x0620
[482] [M]: 0x80004D98 (0x0620A623) sw sp, 108(ra)
mem[0x800382D4] <- 0x00000002


mem[X,0x80004D9C] -> 0x0537
mem[X,0x80004D9E] -> 0xFFE0
[483] [M]: 0x80004D9C (0xFFE00537) lui a0, 1048064
x10 <- 0xFFE00000


mem[X,0x80004DA0] -> 0x0513
mem[X,0x80004DA2] -> 0xFFF5
[484] [M]: 0x80004DA0 (0xFFF50513) addi a0, a0, 4095
x10 <- 0xFFDFFFFF


mem[X,0x80004DA4] -> 0x85B7
mem[X,0x80004DA6] -> 0xFFFF
[485] [M]: 0x80004DA4 (0xFFFF85B7) lui a1, 1048568
x11 <- 0xFFFF8000


mem[X,0x80004DA8] -> 0x8593
mem[X,0x80004DAA] -> 0xFFF5
[486] [M]: 0x80004DA8 (0xFFF58593) addi a1, a1, 4095
x11 <- 0xFFFF7FFF


mem[X,0x80004DAC] -> 0x0113
mem[X,0x80004DAE] -> 0x0000
[487] [M]: 0x80004DAC (0x00000113) addi sp, zero, 0
x2 <- 0x00000000


mem[X,0x80004DB0] -> 0x006F
mem[X,0x80004DB2] -> 0x00C0
[488] [M]: 0x80004DB0 (0x00C0006F) jal zero, 12


mem[X,0x80004DBC] -> 0x4CE3
mem[X,0x80004DBE] -> 0xFEB5
[489] [M]: 0x80004DBC (0xFEB54CE3) blt a0, a1, 8184


mem[X,0x80004DB4] -> 0x0113
mem[X,0x80004DB6] -> 0x0011
[490] [M]: 0x80004DB4 (0x00110113) addi sp, sp, 1
x2 <- 0x00000001


mem[X,0x80004DB8] -> 0x006F
mem[X,0x80004DBA] -> 0x0180
[491] [M]: 0x80004DB8 (0x0180006F) jal zero, 24


mem[X,0x80004DD0] -> 0xA823
mem[X,0x80004DD2] -> 0x0620
[492] [M]: 0x80004DD0 (0x0620A823) sw sp, 112(ra)
mem[0x800382D8] <- 0x00000001


mem[X,0x80004DD4] -> 0x0513
mem[X,0x80004DD6] -> 0x1000
[493] [M]: 0x80004DD4 (0x10000513) addi a0, zero, 256
x10 <- 0x00000100


mem[X,0x80004DD8] -> 0x05B7
mem[X,0x80004DDA] -> 0xFFFF
[494] [M]: 0x80004DD8 (0xFFFF05B7) lui a1, 1048560
x11 <- 0xFFFF0000


mem[X,0x80004DDC] -> 0x8593
mem[X,0x80004DDE] -> 0xFFF5
[495] [M]: 0x80004DDC (0xFFF58593) addi a1, a1, 4095
x11 <- 0xFFFEFFFF


mem[X,0x80004DE0] -> 0x0113
mem[X,0x80004DE2] -> 0x0000
[496] [M]: 0x80004DE0 (0x00000113) addi sp, zero, 0
x2 <- 0x00000000


mem[X,0x80004DE4] -> 0x006F
mem[X,0x80004DE6] -> 0x00C0
[497] [M]: 0x80004DE4 (0x00C0006F) jal zero, 12


mem[X,0x80004DF0] -> 0x4063
mem[X,0x80004DF2] -> 0x10B5
[498] [M]: 0x80004DF0 (0x10B54063) blt a0, a1, 256


mem[X,0x80004DF4] -> 0x0113
mem[X,0x80004DF6] -> 0x0021
[499] [M]: 0x80004DF4 (0x00210113) addi sp, sp, 2
x2 <- 0x00000002


clint::tick mtime <- 0x0000000000000005
 clint timer pending at mtime 0x0000000000000005
htif::tick 0x0000000000000000
mem[X,0x80004DF8] -> 0x006F
mem[X,0x80004DFA] -> 0x1000
[500] [M]: 0x80004DF8 (0x1000006F) jal zero, 256


mem[X,0x80004EF8] -> 0xAA23
mem[X,0x80004EFA] -> 0x0620
[501] [M]: 0x80004EF8 (0x0620AA23) sw sp, 116(ra)
mem[0x800382DC] <- 0x00000002


mem[X,0x80004EFC] -> 0x0513
mem[X,0x80004EFE] -> 0x0030
[502] [M]: 0x80004EFC (0x00300513) addi a0, zero, 3
x10 <- 0x00000003


mem[X,0x80004F00] -> 0x05B7
mem[X,0x80004F02] -> 0xFFFE
[503] [M]: 0x80004F00 (0xFFFE05B7) lui a1, 1048544
x11 <- 0xFFFE0000


mem[X,0x80004F04] -> 0x8593
mem[X,0x80004F06] -> 0xFFF5
[504] [M]: 0x80004F04 (0xFFF58593) addi a1, a1, 4095
x11 <- 0xFFFDFFFF


mem[X,0x80004F08] -> 0x0113
mem[X,0x80004F0A] -> 0x0000
[505] [M]: 0x80004F08 (0x00000113) addi sp, zero, 0
x2 <- 0x00000000


mem[X,0x80004F0C] -> 0x006F
mem[X,0x80004F0E] -> 0x00C0
[506] [M]: 0x80004F0C (0x00C0006F) jal zero, 12


mem[X,0x80004F18] -> 0x4063
mem[X,0x80004F1A] -> 0x08B5
[507] [M]: 0x80004F18 (0x08B54063) blt a0, a1, 128


mem[X,0x80004F1C] -> 0x0113
mem[X,0x80004F1E] -> 0x0021
[508] [M]: 0x80004F1C (0x00210113) addi sp, sp, 2
x2 <- 0x00000002


mem[X,0x80004F20] -> 0x006F
mem[X,0x80004F22] -> 0x0800
[509] [M]: 0x80004F20 (0x0800006F) jal zero, 128


mem[X,0x80004FA0] -> 0xAC23
mem[X,0x80004FA2] -> 0x0620
[510] [M]: 0x80004FA0 (0x0620AC23) sw sp, 120(ra)
mem[0x800382E0] <- 0x00000002


mem[X,0x80004FA4] -> 0x0537
mem[X,0x80004FA6] -> 0x0008
[511] [M]: 0x80004FA4 (0x00080537) lui a0, 128
x10 <- 0x00080000


mem[X,0x80004FA8] -> 0x05B7
mem[X,0x80004FAA] -> 0xFFFC
[512] [M]: 0x80004FA8 (0xFFFC05B7) lui a1, 1048512
x11 <- 0xFFFC0000


mem[X,0x80004FAC] -> 0x8593
mem[X,0x80004FAE] -> 0xFFF5
[513] [M]: 0x80004FAC (0xFFF58593) addi a1, a1, 4095
x11 <- 0xFFFBFFFF


mem[X,0x80004FB0] -> 0x0113
mem[X,0x80004FB2] -> 0x0000
[514] [M]: 0x80004FB0 (0x00000113) addi sp, zero, 0
x2 <- 0x00000000


mem[X,0x80004FB4] -> 0x006F
mem[X,0x80004FB6] -> 0x0180
[515] [M]: 0x80004FB4 (0x0180006F) jal zero, 24


mem[X,0x80004FCC] -> 0x46E3
mem[X,0x80004FCE] -> 0xFEB5
[516] [M]: 0x80004FCC (0xFEB546E3) blt a0, a1, 8172


mem[X,0x80004FD0] -> 0x0113
mem[X,0x80004FD2] -> 0x0021
[517] [M]: 0x80004FD0 (0x00210113) addi sp, sp, 2
x2 <- 0x00000002


mem[X,0x80004FD4] -> 0x006F
mem[X,0x80004FD6] -> 0x00C0
[518] [M]: 0x80004FD4 (0x00C0006F) jal zero, 12


mem[X,0x80004FE0] -> 0xAE23
mem[X,0x80004FE2] -> 0x0620
[519] [M]: 0x80004FE0 (0x0620AE23) sw sp, 124(ra)
mem[0x800382E4] <- 0x00000002


mem[X,0x80004FE4] -> 0x1537
mem[X,0x80004FE6] -> 0x0000
[520] [M]: 0x80004FE4 (0x00001537) lui a0, 1
x10 <- 0x00001000


mem[X,0x80004FE8] -> 0x05B7
mem[X,0x80004FEA] -> 0xFFF8
[521] [M]: 0x80004FE8 (0xFFF805B7) lui a1, 1048448
x11 <- 0xFFF80000


mem[X,0x80004FEC] -> 0x8593
mem[X,0x80004FEE] -> 0xFFF5
[522] [M]: 0x80004FEC (0xFFF58593) addi a1, a1, 4095
x11 <- 0xFFF7FFFF


mem[X,0x80004FF0] -> 0x0113
mem[X,0x80004FF2] -> 0x0000
[523] [M]: 0x80004FF0 (0x00000113) addi sp, zero, 0
x2 <- 0x00000000


mem[X,0x80004FF4] -> 0x006F
mem[X,0x80004FF6] -> 0x00C0
[524] [M]: 0x80004FF4 (0x00C0006F) jal zero, 12


mem[X,0x80005000] -> 0x4663
mem[X,0x80005002] -> 0x00B5
[525] [M]: 0x80005000 (0x00B54663) blt a0, a1, 12


mem[X,0x80005004] -> 0x0113
mem[X,0x80005006] -> 0x0021
[526] [M]: 0x80005004 (0x00210113) addi sp, sp, 2
x2 <- 0x00000002


mem[X,0x80005008] -> 0x006F
mem[X,0x8000500A] -> 0x00C0
[527] [M]: 0x80005008 (0x00C0006F) jal zero, 12


mem[X,0x80005014] -> 0xA023
mem[X,0x80005016] -> 0x0820
[528] [M]: 0x80005014 (0x0820A023) sw sp, 128(ra)
mem[0x800382E8] <- 0x00000002


mem[X,0x80005018] -> 0x6537
mem[X,0x8000501A] -> 0x6666
[529] [M]: 0x80005018 (0x66666537) lui a0, 419430
x10 <- 0x66666000


mem[X,0x8000501C] -> 0x0513
mem[X,0x8000501E] -> 0x6675
[530] [M]: 0x8000501C (0x66750513) addi a0, a0, 1639
x10 <- 0x66666667


mem[X,0x80005020] -> 0x05B7
mem[X,0x80005022] -> 0xFFF0
[531] [M]: 0x80005020 (0xFFF005B7) lui a1, 1048320
x11 <- 0xFFF00000


mem[X,0x80005024] -> 0x8593
mem[X,0x80005026] -> 0xFFF5
[532] [M]: 0x80005024 (0xFFF58593) addi a1, a1, 4095
x11 <- 0xFFEFFFFF


mem[X,0x80005028] -> 0x0113
mem[X,0x8000502A] -> 0x0000
[533] [M]: 0x80005028 (0x00000113) addi sp, zero, 0
x2 <- 0x00000000


mem[X,0x8000502C] -> 0x006F
mem[X,0x8000502E] -> 0x00C0
[534] [M]: 0x8000502C (0x00C0006F) jal zero, 12


mem[X,0x80005038] -> 0x4663
mem[X,0x8000503A] -> 0x00B5
[535] [M]: 0x80005038 (0x00B54663) blt a0, a1, 12


mem[X,0x8000503C] -> 0x0113
mem[X,0x8000503E] -> 0x0021
[536] [M]: 0x8000503C (0x00210113) addi sp, sp, 2
x2 <- 0x00000002


mem[X,0x80005040] -> 0x006F
mem[X,0x80005042] -> 0x00C0
[537] [M]: 0x80005040 (0x00C0006F) jal zero, 12


mem[X,0x8000504C] -> 0xA223
mem[X,0x8000504E] -> 0x0820
[538] [M]: 0x8000504C (0x0820A223) sw sp, 132(ra)
mem[0x800382EC] <- 0x00000002


mem[X,0x80005050] -> 0x0513
mem[X,0x80005052] -> 0x0090
[539] [M]: 0x80005050 (0x00900513) addi a0, zero, 9
x10 <- 0x00000009


mem[X,0x80005054] -> 0x05B7
mem[X,0x80005056] -> 0xFFE0
[540] [M]: 0x80005054 (0xFFE005B7) lui a1, 1048064
x11 <- 0xFFE00000


mem[X,0x80005058] -> 0x8593
mem[X,0x8000505A] -> 0xFFF5
[541] [M]: 0x80005058 (0xFFF58593) addi a1, a1, 4095
x11 <- 0xFFDFFFFF


mem[X,0x8000505C] -> 0x0113
mem[X,0x8000505E] -> 0x0000
[542] [M]: 0x8000505C (0x00000113) addi sp, zero, 0
x2 <- 0x00000000


mem[X,0x80005060] -> 0x006F
mem[X,0x80005062] -> 0x00C0
[543] [M]: 0x80005060 (0x00C0006F) jal zero, 12


mem[X,0x8000506C] -> 0x4663
mem[X,0x8000506E] -> 0x00B5
[544] [M]: 0x8000506C (0x00B54663) blt a0, a1, 12


mem[X,0x80005070] -> 0x0113
mem[X,0x80005072] -> 0x0021
[545] [M]: 0x80005070 (0x00210113) addi sp, sp, 2
x2 <- 0x00000002


mem[X,0x80005074] -> 0x006F
mem[X,0x80005076] -> 0x00C0
[546] [M]: 0x80005074 (0x00C0006F) jal zero, 12


mem[X,0x80005080] -> 0xA423
mem[X,0x80005082] -> 0x0820
[547] [M]: 0x80005080 (0x0820A423) sw sp, 136(ra)
mem[0x800382F0] <- 0x00000002


mem[X,0x80005084] -> 0x0513
mem[X,0x80005086] -> 0x0050
[548] [M]: 0x80005084 (0x00500513) addi a0, zero, 5
x10 <- 0x00000005


mem[X,0x80005088] -> 0x05B7
mem[X,0x8000508A] -> 0xFFC0
[549] [M]: 0x80005088 (0xFFC005B7) lui a1, 1047552
x11 <- 0xFFC00000


mem[X,0x8000508C] -> 0x8593
mem[X,0x8000508E] -> 0xFFF5
[550] [M]: 0x8000508C (0xFFF58593) addi a1, a1, 4095
x11 <- 0xFFBFFFFF


mem[X,0x80005090] -> 0x0113
mem[X,0x80005092] -> 0x0000
[551] [M]: 0x80005090 (0x00000113) addi sp, zero, 0
x2 <- 0x00000000


mem[X,0x80005094] -> 0x006F
mem[X,0x80005096] -> 0x0100
[552] [M]: 0x80005094 (0x0100006F) jal zero, 16


mem[X,0x800050A4] -> 0x4AE3
mem[X,0x800050A6] -> 0xFEB5
[553] [M]: 0x800050A4 (0xFEB54AE3) blt a0, a1, 8180


mem[X,0x800050A8] -> 0x0113
mem[X,0x800050AA] -> 0x0021
[554] [M]: 0x800050A8 (0x00210113) addi sp, sp, 2
x2 <- 0x00000002


mem[X,0x800050AC] -> 0x006F
mem[X,0x800050AE] -> 0x00C0
[555] [M]: 0x800050AC (0x00C0006F) jal zero, 12


mem[X,0x800050B8] -> 0xA623
mem[X,0x800050BA] -> 0x0820
[556] [M]: 0x800050B8 (0x0820A623) sw sp, 140(ra)
mem[0x800382F4] <- 0x00000002


mem[X,0x800050BC] -> 0x0537
mem[X,0x800050BE] -> 0xFFFF
[557] [M]: 0x800050BC (0xFFFF0537) lui a0, 1048560
x10 <- 0xFFFF0000


mem[X,0x800050C0] -> 0x0513
mem[X,0x800050C2] -> 0xFFF5
[558] [M]: 0x800050C0 (0xFFF50513) addi a0, a0, 4095
x10 <- 0xFFFEFFFF


mem[X,0x800050C4] -> 0x05B7
mem[X,0x800050C6] -> 0xFF80
[559] [M]: 0x800050C4 (0xFF8005B7) lui a1, 1046528
x11 <- 0xFF800000


mem[X,0x800050C8] -> 0x8593
mem[X,0x800050CA] -> 0xFFF5
[560] [M]: 0x800050C8 (0xFFF58593) addi a1, a1, 4095
x11 <- 0xFF7FFFFF


mem[X,0x800050CC] -> 0x0113
mem[X,0x800050CE] -> 0x0000
[561] [M]: 0x800050CC (0x00000113) addi sp, zero, 0
x2 <- 0x00000000


mem[X,0x800050D0] -> 0x006F
mem[X,0x800050D2] -> 0x00C0
[562] [M]: 0x800050D0 (0x00C0006F) jal zero, 12


mem[X,0x800050DC] -> 0x4663
mem[X,0x800050DE] -> 0x00B5
[563] [M]: 0x800050DC (0x00B54663) blt a0, a1, 12


mem[X,0x800050E0] -> 0x0113
mem[X,0x800050E2] -> 0x0021
[564] [M]: 0x800050E0 (0x00210113) addi sp, sp, 2
x2 <- 0x00000002


mem[X,0x800050E4] -> 0x006F
mem[X,0x800050E6] -> 0x00C0
[565] [M]: 0x800050E4 (0x00C0006F) jal zero, 12


mem[X,0x800050F0] -> 0xA823
mem[X,0x800050F2] -> 0x0820
[566] [M]: 0x800050F0 (0x0820A823) sw sp, 144(ra)
mem[0x800382F8] <- 0x00000002


mem[X,0x800050F4] -> 0x0513
mem[X,0x800050F6] -> 0x0050
[567] [M]: 0x800050F4 (0x00500513) addi a0, zero, 5
x10 <- 0x00000005


mem[X,0x800050F8] -> 0x05B7
mem[X,0x800050FA] -> 0xFF00
[568] [M]: 0x800050F8 (0xFF0005B7) lui a1, 1044480
x11 <- 0xFF000000


mem[X,0x800050FC] -> 0x8593
mem[X,0x800050FE] -> 0xFFF5
[569] [M]: 0x800050FC (0xFFF58593) addi a1, a1, 4095
x11 <- 0xFEFFFFFF


mem[X,0x80005100] -> 0x0113
mem[X,0x80005102] -> 0x0000
[570] [M]: 0x80005100 (0x00000113) addi sp, zero, 0
x2 <- 0x00000000


mem[X,0x80005104] -> 0x006F
mem[X,0x80005106] -> 0x00C0
[571] [M]: 0x80005104 (0x00C0006F) jal zero, 12


mem[X,0x80005110] -> 0x4063
mem[X,0x80005112] -> 0x20B5
[572] [M]: 0x80005110 (0x20B54063) blt a0, a1, 512


mem[X,0x80005114] -> 0x0113
mem[X,0x80005116] -> 0x0021
[573] [M]: 0x80005114 (0x00210113) addi sp, sp, 2
x2 <- 0x00000002


mem[X,0x80005118] -> 0x006F
mem[X,0x8000511A] -> 0x2000
[574] [M]: 0x80005118 (0x2000006F) jal zero, 512


mem[X,0x80005318] -> 0xAA23
mem[X,0x8000531A] -> 0x0820
[575] [M]: 0x80005318 (0x0820AA23) sw sp, 148(ra)
mem[0x800382FC] <- 0x00000002


mem[X,0x8000531C] -> 0x0513
mem[X,0x8000531E] -> 0x0040
[576] [M]: 0x8000531C (0x00400513) addi a0, zero, 4
x10 <- 0x00000004


mem[X,0x80005320] -> 0x05B7
mem[X,0x80005322] -> 0xFE00
[577] [M]: 0x80005320 (0xFE0005B7) lui a1, 1040384
x11 <- 0xFE000000


mem[X,0x80005324] -> 0x8593
mem[X,0x80005326] -> 0xFFF5
[578] [M]: 0x80005324 (0xFFF58593) addi a1, a1, 4095
x11 <- 0xFDFFFFFF


mem[X,0x80005328] -> 0x0113
mem[X,0x8000532A] -> 0x0000
[579] [M]: 0x80005328 (0x00000113) addi sp, zero, 0
x2 <- 0x00000000


mem[X,0x8000532C] -> 0x006F
mem[X,0x8000532E] -> 0x0100
[580] [M]: 0x8000532C (0x0100006F) jal zero, 16


mem[X,0x8000533C] -> 0x4AE3
mem[X,0x8000533E] -> 0xFEB5
[581] [M]: 0x8000533C (0xFEB54AE3) blt a0, a1, 8180


mem[X,0x80005340] -> 0x0113
mem[X,0x80005342] -> 0x0021
[582] [M]: 0x80005340 (0x00210113) addi sp, sp, 2
x2 <- 0x00000002


mem[X,0x80005344] -> 0x006F
mem[X,0x80005346] -> 0x00C0
[583] [M]: 0x80005344 (0x00C0006F) jal zero, 12


mem[X,0x80005350] -> 0xAC23
mem[X,0x80005352] -> 0x0820
[584] [M]: 0x80005350 (0x0820AC23) sw sp, 152(ra)
mem[0x80038300] <- 0x00000002


mem[X,0x80005354] -> 0x0537
mem[X,0x80005356] -> 0x0010
[585] [M]: 0x80005354 (0x00100537) lui a0, 256
x10 <- 0x00100000


mem[X,0x80005358] -> 0x05B7
mem[X,0x8000535A] -> 0xFC00
[586] [M]: 0x80005358 (0xFC0005B7) lui a1, 1032192
x11 <- 0xFC000000


mem[X,0x8000535C] -> 0x8593
mem[X,0x8000535E] -> 0xFFF5
[587] [M]: 0x8000535C (0xFFF58593) addi a1, a1, 4095
x11 <- 0xFBFFFFFF


mem[X,0x80005360] -> 0x0113
mem[X,0x80005362] -> 0x0000
[588] [M]: 0x80005360 (0x00000113) addi sp, zero, 0
x2 <- 0x00000000


mem[X,0x80005364] -> 0x006F
mem[X,0x80005366] -> 0x00C0
[589] [M]: 0x80005364 (0x00C0006F) jal zero, 12


mem[X,0x80005370] -> 0x4663
mem[X,0x80005372] -> 0x00B5
[590] [M]: 0x80005370 (0x00B54663) blt a0, a1, 12


mem[X,0x80005374] -> 0x0113
mem[X,0x80005376] -> 0x0021
[591] [M]: 0x80005374 (0x00210113) addi sp, sp, 2
x2 <- 0x00000002


mem[X,0x80005378] -> 0x006F
mem[X,0x8000537A] -> 0x00C0
[592] [M]: 0x80005378 (0x00C0006F) jal zero, 12


mem[X,0x80005384] -> 0xAE23
mem[X,0x80005386] -> 0x0820
[593] [M]: 0x80005384 (0x0820AE23) sw sp, 156(ra)
mem[0x80038304] <- 0x00000002


mem[X,0x80005388] -> 0x0537
mem[X,0x8000538A] -> 0xFFFF
[594] [M]: 0x80005388 (0xFFFF0537) lui a0, 1048560
x10 <- 0xFFFF0000


mem[X,0x8000538C] -> 0x0513
mem[X,0x8000538E] -> 0xFFF5
[595] [M]: 0x8000538C (0xFFF50513) addi a0, a0, 4095
x10 <- 0xFFFEFFFF


mem[X,0x80005390] -> 0x05B7
mem[X,0x80005392] -> 0xF800
[596] [M]: 0x80005390 (0xF80005B7) lui a1, 1015808
x11 <- 0xF8000000


mem[X,0x80005394] -> 0x8593
mem[X,0x80005396] -> 0xFFF5
[597] [M]: 0x80005394 (0xFFF58593) addi a1, a1, 4095
x11 <- 0xF7FFFFFF


mem[X,0x80005398] -> 0x0113
mem[X,0x8000539A] -> 0x0000
[598] [M]: 0x80005398 (0x00000113) addi sp, zero, 0
x2 <- 0x00000000


mem[X,0x8000539C] -> 0x006F
mem[X,0x8000539E] -> 0x0180
[599] [M]: 0x8000539C (0x0180006F) jal zero, 24


clint::tick mtime <- 0x0000000000000006
 clint timer pending at mtime 0x0000000000000006
htif::tick 0x0000000000000000
mem[X,0x800053B4] -> 0x46E3
mem[X,0x800053B6] -> 0xFEB5
[600] [M]: 0x800053B4 (0xFEB546E3) blt a0, a1, 8172


mem[X,0x800053B8] -> 0x0113
mem[X,0x800053BA] -> 0x0021
[601] [M]: 0x800053B8 (0x00210113) addi sp, sp, 2
x2 <- 0x00000002


mem[X,0x800053BC] -> 0x006F
mem[X,0x800053BE] -> 0x00C0
[602] [M]: 0x800053BC (0x00C0006F) jal zero, 12


mem[X,0x800053C8] -> 0xA023
mem[X,0x800053CA] -> 0x0A20
[603] [M]: 0x800053C8 (0x0A20A023) sw sp, 160(ra)
mem[0x80038308] <- 0x00000002


mem[X,0x800053CC] -> 0x0537
mem[X,0x800053CE] -> 0xFFFE
[604] [M]: 0x800053CC (0xFFFE0537) lui a0, 1048544
x10 <- 0xFFFE0000


mem[X,0x800053D0] -> 0x0513
mem[X,0x800053D2] -> 0xFFF5
[605] [M]: 0x800053D0 (0xFFF50513) addi a0, a0, 4095
x10 <- 0xFFFDFFFF


mem[X,0x800053D4] -> 0x05B7
mem[X,0x800053D6] -> 0xF000
[606] [M]: 0x800053D4 (0xF00005B7) lui a1, 983040
x11 <- 0xF0000000


mem[X,0x800053D8] -> 0x8593
mem[X,0x800053DA] -> 0xFFF5
[607] [M]: 0x800053D8 (0xFFF58593) addi a1, a1, 4095
x11 <- 0xEFFFFFFF


mem[X,0x800053DC] -> 0x0113
mem[X,0x800053DE] -> 0x0000
[608] [M]: 0x800053DC (0x00000113) addi sp, zero, 0
x2 <- 0x00000000


mem[X,0x800053E0] -> 0x006F
mem[X,0x800053E2] -> 0x00C0
[609] [M]: 0x800053E0 (0x00C0006F) jal zero, 12


mem[X,0x800053EC] -> 0x4663
mem[X,0x800053EE] -> 0x00B5
[610] [M]: 0x800053EC (0x00B54663) blt a0, a1, 12


mem[X,0x800053F0] -> 0x0113
mem[X,0x800053F2] -> 0x0021
[611] [M]: 0x800053F0 (0x00210113) addi sp, sp, 2
x2 <- 0x00000002


mem[X,0x800053F4] -> 0x006F
mem[X,0x800053F6] -> 0x00C0
[612] [M]: 0x800053F4 (0x00C0006F) jal zero, 12


mem[X,0x80005400] -> 0xA223
mem[X,0x80005402] -> 0x0A20
[613] [M]: 0x80005400 (0x0A20A223) sw sp, 164(ra)
mem[0x8003830C] <- 0x00000002


mem[X,0x80005404] -> 0x0513
mem[X,0x80005406] -> 0x0060
[614] [M]: 0x80005404 (0x00600513) addi a0, zero, 6
x10 <- 0x00000006


mem[X,0x80005408] -> 0x05B7
mem[X,0x8000540A] -> 0xC000
[615] [M]: 0x80005408 (0xC00005B7) lui a1, 786432
x11 <- 0xC0000000


mem[X,0x8000540C] -> 0x8593
mem[X,0x8000540E] -> 0xFFF5
[616] [M]: 0x8000540C (0xFFF58593) addi a1, a1, 4095
x11 <- 0xBFFFFFFF


mem[X,0x80005410] -> 0x0113
mem[X,0x80005412] -> 0x0000
[617] [M]: 0x80005410 (0x00000113) addi sp, zero, 0
x2 <- 0x00000000


mem[X,0x80005414] -> 0x006F
mem[X,0x80005416] -> 0x0180
[618] [M]: 0x80005414 (0x0180006F) jal zero, 24


mem[X,0x8000542C] -> 0x46E3
mem[X,0x8000542E] -> 0xFEB5
[619] [M]: 0x8000542C (0xFEB546E3) blt a0, a1, 8172


mem[X,0x80005430] -> 0x0113
mem[X,0x80005432] -> 0x0021
[620] [M]: 0x80005430 (0x00210113) addi sp, sp, 2
x2 <- 0x00000002


mem[X,0x80005434] -> 0x006F
mem[X,0x80005436] -> 0x00C0
[621] [M]: 0x80005434 (0x00C0006F) jal zero, 12


mem[X,0x80005440] -> 0xA423
mem[X,0x80005442] -> 0x0A20
[622] [M]: 0x80005440 (0x0A20A423) sw sp, 168(ra)
mem[0x80038310] <- 0x00000002


mem[X,0x80005444] -> 0xB537
mem[X,0x80005446] -> 0x0000
[623] [M]: 0x80005444 (0x0000B537) lui a0, 11
x10 <- 0x0000B000


mem[X,0x80005448] -> 0x0513
mem[X,0x8000544A] -> 0x5055
[624] [M]: 0x80005448 (0x50550513) addi a0, a0, 1285
x10 <- 0x0000B505


mem[X,0x8000544C] -> 0x05B7
mem[X,0x8000544E] -> 0x8000
[625] [M]: 0x8000544C (0x800005B7) lui a1, 524288
x11 <- 0x80000000


mem[X,0x80005450] -> 0x8593
mem[X,0x80005452] -> 0xFFF5
[626] [M]: 0x80005450 (0xFFF58593) addi a1, a1, 4095
x11 <- 0x7FFFFFFF


mem[X,0x80005454] -> 0x0113
mem[X,0x80005456] -> 0x0000
[627] [M]: 0x80005454 (0x00000113) addi sp, zero, 0
x2 <- 0x00000000


mem[X,0x80005458] -> 0x006F
mem[X,0x8000545A] -> 0x2B10
[628] [M]: 0x80005458 (0x2B10006F) jal zero, 2736


mem[X,0x80005F08] -> 0x4A63
mem[X,0x80005F0A] -> 0xD4B5
[629] [M]: 0x80005F08 (0xD4B54A63) blt a0, a1, 5460


mem[X,0x8000545C] -> 0x0113
mem[X,0x8000545E] -> 0x0011
[630] [M]: 0x8000545C (0x00110113) addi sp, sp, 1
x2 <- 0x00000001


mem[X,0x80005460] -> 0x006F
mem[X,0x80005462] -> 0x2BD0
[631] [M]: 0x80005460 (0x2BD0006F) jal zero, 2748


mem[X,0x80005F1C] -> 0xA623
mem[X,0x80005F1E] -> 0x0A20
[632] [M]: 0x80005F1C (0x0A20A623) sw sp, 172(ra)
mem[0x80038314] <- 0x00000001


mem[X,0x80005F20] -> 0x0513
mem[X,0x80005F22] -> 0xFFD0
[633] [M]: 0x80005F20 (0xFFD00513) addi a0, zero, 4093
x10 <- 0xFFFFFFFD


mem[X,0x80005F24] -> 0x55B7
mem[X,0x80005F26] -> 0x5555
[634] [M]: 0x80005F24 (0x555555B7) lui a1, 349525
x11 <- 0x55555000


mem[X,0x80005F28] -> 0x8593
mem[X,0x80005F2A] -> 0x5555
[635] [M]: 0x80005F28 (0x55558593) addi a1, a1, 1365
x11 <- 0x55555555


mem[X,0x80005F2C] -> 0x0113
mem[X,0x80005F2E] -> 0x0000
[636] [M]: 0x80005F2C (0x00000113) addi sp, zero, 0
x2 <- 0x00000000


mem[X,0x80005F30] -> 0x006F
mem[X,0x80005F32] -> 0x0050
[637] [M]: 0x80005F30 (0x0050006F) jal zero, 2052


mem[X,0x80006734] -> 0x40E3
mem[X,0x80006736] -> 0x80B5
[638] [M]: 0x80006734 (0x80B540E3) blt a0, a1, 6144


mem[X,0x80005F34] -> 0x0113
mem[X,0x80005F36] -> 0x0011
[639] [M]: 0x80005F34 (0x00110113) addi sp, sp, 1
x2 <- 0x00000001


mem[X,0x80005F38] -> 0x006F
mem[X,0x80005F3A] -> 0x0110
[640] [M]: 0x80005F38 (0x0110006F) jal zero, 2064


mem[X,0x80006748] -> 0xA823
mem[X,0x8000674A] -> 0x0A20
[641] [M]: 0x80006748 (0x0A20A823) sw sp, 176(ra)
mem[0x80038318] <- 0x00000001


mem[X,0x8000674C] -> 0x0537
mem[X,0x8000674E] -> 0x0080
[642] [M]: 0x8000674C (0x00800537) lui a0, 2048
x10 <- 0x00800000


mem[X,0x80006750] -> 0xB5B7
mem[X,0x80006752] -> 0xAAAA
[643] [M]: 0x80006750 (0xAAAAB5B7) lui a1, 699051
x11 <- 0xAAAAB000


mem[X,0x80006754] -> 0x8593
mem[X,0x80006756] -> 0xAAA5
[644] [M]: 0x80006754 (0xAAA58593) addi a1, a1, 2730
x11 <- 0xAAAAAAAA


mem[X,0x80006758] -> 0x0113
mem[X,0x8000675A] -> 0x0000
[645] [M]: 0x80006758 (0x00000113) addi sp, zero, 0
x2 <- 0x00000000


mem[X,0x8000675C] -> 0x006F
mem[X,0x8000675E] -> 0x00C0
[646] [M]: 0x8000675C (0x00C0006F) jal zero, 12


mem[X,0x80006768] -> 0x4063
mem[X,0x8000676A] -> 0x10B5
[647] [M]: 0x80006768 (0x10B54063) blt a0, a1, 256


mem[X,0x8000676C] -> 0x0113
mem[X,0x8000676E] -> 0x0021
[648] [M]: 0x8000676C (0x00210113) addi sp, sp, 2
x2 <- 0x00000002


mem[X,0x80006770] -> 0x006F
mem[X,0x80006772] -> 0x1000
[649] [M]: 0x80006770 (0x1000006F) jal zero, 256


mem[X,0x80006870] -> 0xAA23
mem[X,0x80006872] -> 0x0A20
[650] [M]: 0x80006870 (0x0A20AA23) sw sp, 180(ra)
mem[0x8003831C] <- 0x00000002


mem[X,0x80006874] -> 0x0513
mem[X,0x80006876] -> 0x0100
[651] [M]: 0x80006874 (0x01000513) addi a0, zero, 16
x10 <- 0x00000010


mem[X,0x80006878] -> 0x05B7
mem[X,0x8000687A] -> 0x0100
[652] [M]: 0x80006878 (0x010005B7) lui a1, 4096
x11 <- 0x01000000


mem[X,0x8000687C] -> 0x0113
mem[X,0x8000687E] -> 0x0000
[653] [M]: 0x8000687C (0x00000113) addi sp, zero, 0
x2 <- 0x00000000


mem[X,0x80006880] -> 0x006F
mem[X,0x80006882] -> 0x0180
[654] [M]: 0x80006880 (0x0180006F) jal zero, 24


mem[X,0x80006898] -> 0x46E3
mem[X,0x8000689A] -> 0xFEB5
[655] [M]: 0x80006898 (0xFEB546E3) blt a0, a1, 8172


mem[X,0x80006884] -> 0x0113
mem[X,0x80006886] -> 0x0011
[656] [M]: 0x80006884 (0x00110113) addi sp, sp, 1
x2 <- 0x00000001


mem[X,0x80006888] -> 0x006F
mem[X,0x8000688A] -> 0x0240
[657] [M]: 0x80006888 (0x0240006F) jal zero, 36


mem[X,0x800068AC] -> 0xAC23
mem[X,0x800068AE] -> 0x0A20
[658] [M]: 0x800068AC (0x0A20AC23) sw sp, 184(ra)
mem[0x80038320] <- 0x00000001


mem[X,0x800068B0] -> 0x0513
mem[X,0x800068B2] -> 0x0400
[659] [M]: 0x800068B0 (0x04000513) addi a0, zero, 64
x10 <- 0x00000040


mem[X,0x800068B4] -> 0x05B7
mem[X,0x800068B6] -> 0x0002
[660] [M]: 0x800068B4 (0x000205B7) lui a1, 32
x11 <- 0x00020000


mem[X,0x800068B8] -> 0x0113
mem[X,0x800068BA] -> 0x0000
[661] [M]: 0x800068B8 (0x00000113) addi sp, zero, 0
x2 <- 0x00000000


mem[X,0x800068BC] -> 0x006F
mem[X,0x800068BE] -> 0x0180
[662] [M]: 0x800068BC (0x0180006F) jal zero, 24


mem[X,0x800068D4] -> 0x46E3
mem[X,0x800068D6] -> 0xFEB5
[663] [M]: 0x800068D4 (0xFEB546E3) blt a0, a1, 8172


mem[X,0x800068C0] -> 0x0113
mem[X,0x800068C2] -> 0x0011
[664] [M]: 0x800068C0 (0x00110113) addi sp, sp, 1
x2 <- 0x00000001


mem[X,0x800068C4] -> 0x006F
mem[X,0x800068C6] -> 0x0240
[665] [M]: 0x800068C4 (0x0240006F) jal zero, 36


mem[X,0x800068E8] -> 0xAE23
mem[X,0x800068EA] -> 0x0A20
[666] [M]: 0x800068E8 (0x0A20AE23) sw sp, 188(ra)
mem[0x80038324] <- 0x00000001


mem[X,0x800068EC] -> 0x0513
mem[X,0x800068EE] -> 0x4000
[667] [M]: 0x800068EC (0x40000513) addi a0, zero, 1024
x10 <- 0x00000400


mem[X,0x800068F0] -> 0x05B7
mem[X,0x800068F2] -> 0xF800
[668] [M]: 0x800068F0 (0xF80005B7) lui a1, 1015808
x11 <- 0xF8000000


mem[X,0x800068F4] -> 0x8593
mem[X,0x800068F6] -> 0xFFF5
[669] [M]: 0x800068F4 (0xFFF58593) addi a1, a1, 4095
x11 <- 0xF7FFFFFF


mem[X,0x800068F8] -> 0x0113
mem[X,0x800068FA] -> 0x0000
[670] [M]: 0x800068F8 (0x00000113) addi sp, zero, 0
x2 <- 0x00000000


mem[X,0x800068FC] -> 0x006F
mem[X,0x800068FE] -> 0x00C0
[671] [M]: 0x800068FC (0x00C0006F) jal zero, 12


mem[X,0x80006908] -> 0x4063
mem[X,0x8000690A] -> 0x20B5
[672] [M]: 0x80006908 (0x20B54063) blt a0, a1, 512


mem[X,0x8000690C] -> 0x0113
mem[X,0x8000690E] -> 0x0021
[673] [M]: 0x8000690C (0x00210113) addi sp, sp, 2
x2 <- 0x00000002


mem[X,0x80006910] -> 0x006F
mem[X,0x80006912] -> 0x2000
[674] [M]: 0x80006910 (0x2000006F) jal zero, 512


mem[X,0x80006B10] -> 0xA023
mem[X,0x80006B12] -> 0x0C20
[675] [M]: 0x80006B10 (0x0C20A023) sw sp, 192(ra)
mem[0x80038328] <- 0x00000002


mem[X,0x80006B14] -> 0x1537
mem[X,0x80006B16] -> 0x0000
[676] [M]: 0x80006B14 (0x00001537) lui a0, 1
x10 <- 0x00001000


mem[X,0x80006B18] -> 0x0513
mem[X,0x80006B1A] -> 0x8005
[677] [M]: 0x80006B18 (0x80050513) addi a0, a0, 2048
x10 <- 0x00000800


mem[X,0x80006B1C] -> 0x0593
mem[X,0x80006B1E] -> 0x4000
[678] [M]: 0x80006B1C (0x40000593) addi a1, zero, 1024
x11 <- 0x00000400


mem[X,0x80006B20] -> 0x0113
mem[X,0x80006B22] -> 0x0000
[679] [M]: 0x80006B20 (0x00000113) addi sp, zero, 0
x2 <- 0x00000000


mem[X,0x80006B24] -> 0x006F
mem[X,0x80006B26] -> 0x00C0
[680] [M]: 0x80006B24 (0x00C0006F) jal zero, 12


mem[X,0x80006B30] -> 0x4CE3
mem[X,0x80006B32] -> 0xFEB5
[681] [M]: 0x80006B30 (0xFEB54CE3) blt a0, a1, 8184


mem[X,0x80006B34] -> 0x0113
mem[X,0x80006B36] -> 0x0021
[682] [M]: 0x80006B34 (0x00210113) addi sp, sp, 2
x2 <- 0x00000002


mem[X,0x80006B38] -> 0x006F
mem[X,0x80006B3A] -> 0x00C0
[683] [M]: 0x80006B38 (0x00C0006F) jal zero, 12


mem[X,0x80006B44] -> 0xA223
mem[X,0x80006B46] -> 0x0C20
[684] [M]: 0x80006B44 (0x0C20A223) sw sp, 196(ra)
mem[0x8003832C] <- 0x00000002


mem[X,0x80006B48] -> 0x8537
mem[X,0x80006B4A] -> 0x0000
[685] [M]: 0x80006B48 (0x00008537) lui a0, 8
x10 <- 0x00008000


mem[X,0x80006B4C] -> 0x05B7
mem[X,0x80006B4E] -> 0x0010
[686] [M]: 0x80006B4C (0x001005B7) lui a1, 256
x11 <- 0x00100000


mem[X,0x80006B50] -> 0x0113
mem[X,0x80006B52] -> 0x0000
[687] [M]: 0x80006B50 (0x00000113) addi sp, zero, 0
x2 <- 0x00000000


mem[X,0x80006B54] -> 0x006F
mem[X,0x80006B56] -> 0x00C0
[688] [M]: 0x80006B54 (0x00C0006F) jal zero, 12


mem[X,0x80006B60] -> 0x4CE3
mem[X,0x80006B62] -> 0xFEB5
[689] [M]: 0x80006B60 (0xFEB54CE3) blt a0, a1, 8184


mem[X,0x80006B58] -> 0x0113
mem[X,0x80006B5A] -> 0x0011
[690] [M]: 0x80006B58 (0x00110113) addi sp, sp, 1
x2 <- 0x00000001


mem[X,0x80006B5C] -> 0x006F
mem[X,0x80006B5E] -> 0x0180
[691] [M]: 0x80006B5C (0x0180006F) jal zero, 24


mem[X,0x80006B74] -> 0xA423
mem[X,0x80006B76] -> 0x0C20
[692] [M]: 0x80006B74 (0x0C20A423) sw sp, 200(ra)
mem[0x80038330] <- 0x00000001


mem[X,0x80006B78] -> 0x0537
mem[X,0x80006B7A] -> 0x0001
[693] [M]: 0x80006B78 (0x00010537) lui a0, 16
x10 <- 0x00010000


mem[X,0x80006B7C] -> 0x0593
mem[X,0x80006B7E] -> 0xBFF0
[694] [M]: 0x80006B7C (0xBFF00593) addi a1, zero, 3071
x11 <- 0xFFFFFBFF


mem[X,0x80006B80] -> 0x0113
mem[X,0x80006B82] -> 0x0000
[695] [M]: 0x80006B80 (0x00000113) addi sp, zero, 0
x2 <- 0x00000000


mem[X,0x80006B84] -> 0x006F
mem[X,0x80006B86] -> 0x00C0
[696] [M]: 0x80006B84 (0x00C0006F) jal zero, 12


mem[X,0x80006B90] -> 0x4063
mem[X,0x80006B92] -> 0x40B5
[697] [M]: 0x80006B90 (0x40B54063) blt a0, a1, 1024


mem[X,0x80006B94] -> 0x0113
mem[X,0x80006B96] -> 0x0021
[698] [M]: 0x80006B94 (0x00210113) addi sp, sp, 2
x2 <- 0x00000002


mem[X,0x80006B98] -> 0x006F
mem[X,0x80006B9A] -> 0x4000
[699] [M]: 0x80006B98 (0x4000006F) jal zero, 1024


clint::tick mtime <- 0x0000000000000007
 clint timer pending at mtime 0x0000000000000007
htif::tick 0x0000000000000000
mem[X,0x80006F98] -> 0xA623
mem[X,0x80006F9A] -> 0x0C20
[700] [M]: 0x80006F98 (0x0C20A623) sw sp, 204(ra)
mem[0x80038334] <- 0x00000002


mem[X,0x80006F9C] -> 0x0537
mem[X,0x80006F9E] -> 0x0002
[701] [M]: 0x80006F9C (0x00020537) lui a0, 32
x10 <- 0x00020000


mem[X,0x80006FA0] -> 0xC5B7
mem[X,0x80006FA2] -> 0xFFFF
[702] [M]: 0x80006FA0 (0xFFFFC5B7) lui a1, 1048572
x11 <- 0xFFFFC000


mem[X,0x80006FA4] -> 0x8593
mem[X,0x80006FA6] -> 0xFFF5
[703] [M]: 0x80006FA4 (0xFFF58593) addi a1, a1, 4095
x11 <- 0xFFFFBFFF


mem[X,0x80006FA8] -> 0x0113
mem[X,0x80006FAA] -> 0x0000
[704] [M]: 0x80006FA8 (0x00000113) addi sp, zero, 0
x2 <- 0x00000000


mem[X,0x80006FAC] -> 0x006F
mem[X,0x80006FAE] -> 0x00C0
[705] [M]: 0x80006FAC (0x00C0006F) jal zero, 12


mem[X,0x80006FB8] -> 0x4063
mem[X,0x80006FBA] -> 0x10B5
[706] [M]: 0x80006FB8 (0x10B54063) blt a0, a1, 256


mem[X,0x80006FBC] -> 0x0113
mem[X,0x80006FBE] -> 0x0021
[707] [M]: 0x80006FBC (0x00210113) addi sp, sp, 2
x2 <- 0x00000002


mem[X,0x80006FC0] -> 0x006F
mem[X,0x80006FC2] -> 0x1000
[708] [M]: 0x80006FC0 (0x1000006F) jal zero, 256


mem[X,0x800070C0] -> 0xA823
mem[X,0x800070C2] -> 0x0C20
[709] [M]: 0x800070C0 (0x0C20A823) sw sp, 208(ra)
mem[0x80038338] <- 0x00000002


mem[X,0x800070C4] -> 0x0537
mem[X,0x800070C6] -> 0x0200
[710] [M]: 0x800070C4 (0x02000537) lui a0, 8192
x10 <- 0x02000000


mem[X,0x800070C8] -> 0x05B7
mem[X,0x800070CA] -> 0x0080
[711] [M]: 0x800070C8 (0x008005B7) lui a1, 2048
x11 <- 0x00800000


mem[X,0x800070CC] -> 0x0113
mem[X,0x800070CE] -> 0x0000
[712] [M]: 0x800070CC (0x00000113) addi sp, zero, 0
x2 <- 0x00000000


mem[X,0x800070D0] -> 0x006F
mem[X,0x800070D2] -> 0x00C0
[713] [M]: 0x800070D0 (0x00C0006F) jal zero, 12


mem[X,0x800070DC] -> 0x4CE3
mem[X,0x800070DE] -> 0xFEB5
[714] [M]: 0x800070DC (0xFEB54CE3) blt a0, a1, 8184


mem[X,0x800070E0] -> 0x0113
mem[X,0x800070E2] -> 0x0021
[715] [M]: 0x800070E0 (0x00210113) addi sp, sp, 2
x2 <- 0x00000002


mem[X,0x800070E4] -> 0x006F
mem[X,0x800070E6] -> 0x00C0
[716] [M]: 0x800070E4 (0x00C0006F) jal zero, 12


mem[X,0x800070F0] -> 0xAA23
mem[X,0x800070F2] -> 0x0C20
[717] [M]: 0x800070F0 (0x0C20AA23) sw sp, 212(ra)
mem[0x8003833C] <- 0x00000002


mem[X,0x800070F4] -> 0x0537
mem[X,0x800070F6] -> 0x0400
[718] [M]: 0x800070F4 (0x04000537) lui a0, 16384
x10 <- 0x04000000


mem[X,0x800070F8] -> 0x0593
mem[X,0x800070FA] -> 0x0050
[719] [M]: 0x800070F8 (0x00500593) addi a1, zero, 5
x11 <- 0x00000005


mem[X,0x800070FC] -> 0x0113
mem[X,0x800070FE] -> 0x0000
[720] [M]: 0x800070FC (0x00000113) addi sp, zero, 0
x2 <- 0x00000000


mem[X,0x80007100] -> 0x006F
mem[X,0x80007102] -> 0x00C0
[721] [M]: 0x80007100 (0x00C0006F) jal zero, 12


mem[X,0x8000710C] -> 0x4863
mem[X,0x8000710E] -> 0x00B5
[722] [M]: 0x8000710C (0x00B54863) blt a0, a1, 16


mem[X,0x80007110] -> 0x0113
mem[X,0x80007112] -> 0x0021
[723] [M]: 0x80007110 (0x00210113) addi sp, sp, 2
x2 <- 0x00000002


mem[X,0x80007114] -> 0x006F
mem[X,0x80007116] -> 0x0100
[724] [M]: 0x80007114 (0x0100006F) jal zero, 16


mem[X,0x80007124] -> 0xAC23
mem[X,0x80007126] -> 0x0C20
[725] [M]: 0x80007124 (0x0C20AC23) sw sp, 216(ra)
mem[0x80038340] <- 0x00000002


mem[X,0x80007128] -> 0x0537
mem[X,0x8000712A] -> 0x0800
[726] [M]: 0x80007128 (0x08000537) lui a0, 32768
x10 <- 0x08000000


mem[X,0x8000712C] -> 0x0593
mem[X,0x8000712E] -> 0x0080
[727] [M]: 0x8000712C (0x00800593) addi a1, zero, 8
x11 <- 0x00000008


mem[X,0x80007130] -> 0x0113
mem[X,0x80007132] -> 0x0000
[728] [M]: 0x80007130 (0x00000113) addi sp, zero, 0
x2 <- 0x00000000


mem[X,0x80007134] -> 0x006F
mem[X,0x80007136] -> 0x00C0
[729] [M]: 0x80007134 (0x00C0006F) jal zero, 12


mem[X,0x80007140] -> 0x4063
mem[X,0x80007142] -> 0x04B5
[730] [M]: 0x80007140 (0x04B54063) blt a0, a1, 64


mem[X,0x80007144] -> 0x0113
mem[X,0x80007146] -> 0x0021
[731] [M]: 0x80007144 (0x00210113) addi sp, sp, 2
x2 <- 0x00000002


mem[X,0x80007148] -> 0x006F
mem[X,0x8000714A] -> 0x0400
[732] [M]: 0x80007148 (0x0400006F) jal zero, 64


mem[X,0x80007188] -> 0xAE23
mem[X,0x8000718A] -> 0x0C20
[733] [M]: 0x80007188 (0x0C20AE23) sw sp, 220(ra)
mem[0x80038344] <- 0x00000002


mem[X,0x8000718C] -> 0x0537
mem[X,0x8000718E] -> 0x2000
[734] [M]: 0x8000718C (0x20000537) lui a0, 131072
x10 <- 0x20000000


mem[X,0x80007190] -> 0x05B7
mem[X,0x80007192] -> 0xFFE0
[735] [M]: 0x80007190 (0xFFE005B7) lui a1, 1048064
x11 <- 0xFFE00000


mem[X,0x80007194] -> 0x8593
mem[X,0x80007196] -> 0xFFF5
[736] [M]: 0x80007194 (0xFFF58593) addi a1, a1, 4095
x11 <- 0xFFDFFFFF


mem[X,0x80007198] -> 0x0113
mem[X,0x8000719A] -> 0x0000
[737] [M]: 0x80007198 (0x00000113) addi sp, zero, 0
x2 <- 0x00000000


mem[X,0x8000719C] -> 0x006F
mem[X,0x8000719E] -> 0x00C0
[738] [M]: 0x8000719C (0x00C0006F) jal zero, 12


mem[X,0x800071A8] -> 0x4663
mem[X,0x800071AA] -> 0x00B5
[739] [M]: 0x800071A8 (0x00B54663) blt a0, a1, 12


mem[X,0x800071AC] -> 0x0113
mem[X,0x800071AE] -> 0x0021
[740] [M]: 0x800071AC (0x00210113) addi sp, sp, 2
x2 <- 0x00000002


mem[X,0x800071B0] -> 0x006F
mem[X,0x800071B2] -> 0x00C0
[741] [M]: 0x800071B0 (0x00C0006F) jal zero, 12


mem[X,0x800071BC] -> 0xA023
mem[X,0x800071BE] -> 0x0E20
[742] [M]: 0x800071BC (0x0E20A023) sw sp, 224(ra)
mem[0x80038348] <- 0x00000002


mem[X,0x800071C0] -> 0x0537
mem[X,0x800071C2] -> 0x4000
[743] [M]: 0x800071C0 (0x40000537) lui a0, 262144
x10 <- 0x40000000


mem[X,0x800071C4] -> 0xF5B7
mem[X,0x800071C6] -> 0xFFFF
[744] [M]: 0x800071C4 (0xFFFFF5B7) lui a1, 1048575
x11 <- 0xFFFFF000


mem[X,0x800071C8] -> 0x8593
mem[X,0x800071CA] -> 0x7FF5
[745] [M]: 0x800071C8 (0x7FF58593) addi a1, a1, 2047
x11 <- 0xFFFFF7FF


mem[X,0x800071CC] -> 0x0113
mem[X,0x800071CE] -> 0x0000
[746] [M]: 0x800071CC (0x00000113) addi sp, zero, 0
x2 <- 0x00000000


mem[X,0x800071D0] -> 0x006F
mem[X,0x800071D2] -> 0x00C0
[747] [M]: 0x800071D0 (0x00C0006F) jal zero, 12


mem[X,0x800071DC] -> 0x4063
mem[X,0x800071DE] -> 0x40B5
[748] [M]: 0x800071DC (0x40B54063) blt a0, a1, 1024


mem[X,0x800071E0] -> 0x0113
mem[X,0x800071E2] -> 0x0021
[749] [M]: 0x800071E0 (0x00210113) addi sp, sp, 2
x2 <- 0x00000002


mem[X,0x800071E4] -> 0x006F
mem[X,0x800071E6] -> 0x4000
[750] [M]: 0x800071E4 (0x4000006F) jal zero, 1024


mem[X,0x800075E4] -> 0xA223
mem[X,0x800075E6] -> 0x0E20
[751] [M]: 0x800075E4 (0x0E20A223) sw sp, 228(ra)
mem[0x8003834C] <- 0x00000002


mem[X,0x800075E8] -> 0x0513
mem[X,0x800075EA] -> 0xFFE0
[752] [M]: 0x800075E8 (0xFFE00513) addi a0, zero, 4094
x10 <- 0xFFFFFFFE


mem[X,0x800075EC] -> 0x05B7
mem[X,0x800075EE] -> 0x0004
[753] [M]: 0x800075EC (0x000405B7) lui a1, 64
x11 <- 0x00040000


mem[X,0x800075F0] -> 0x0113
mem[X,0x800075F2] -> 0x0000
[754] [M]: 0x800075F0 (0x00000113) addi sp, zero, 0
x2 <- 0x00000000


mem[X,0x800075F4] -> 0x006F
mem[X,0x800075F6] -> 0x00C0
[755] [M]: 0x800075F4 (0x00C0006F) jal zero, 12


mem[X,0x80007600] -> 0x4063
mem[X,0x80007602] -> 0x08B5
[756] [M]: 0x80007600 (0x08B54063) blt a0, a1, 128


mem[X,0x80007680] -> 0x0113
mem[X,0x80007682] -> 0x0031
[757] [M]: 0x80007680 (0x00310113) addi sp, sp, 3
x2 <- 0x00000003


mem[X,0x80007684] -> 0x006F
mem[X,0x80007686] -> 0x0040
[758] [M]: 0x80007684 (0x0040006F) jal zero, 4


mem[X,0x80007688] -> 0xA423
mem[X,0x8000768A] -> 0x0E20
[759] [M]: 0x80007688 (0x0E20A423) sw sp, 232(ra)
mem[0x80038350] <- 0x00000003


mem[X,0x8000768C] -> 0x0513
mem[X,0x8000768E] -> 0xFFB0
[760] [M]: 0x8000768C (0xFFB00513) addi a0, zero, 4091
x10 <- 0xFFFFFFFB


mem[X,0x80007690] -> 0xB5B7
mem[X,0x80007692] -> 0xAAAA
[761] [M]: 0x80007690 (0xAAAAB5B7) lui a1, 699051
x11 <- 0xAAAAB000


mem[X,0x80007694] -> 0x8593
mem[X,0x80007696] -> 0xAAB5
[762] [M]: 0x80007694 (0xAAB58593) addi a1, a1, 2731
x11 <- 0xAAAAAAAB


mem[X,0x80007698] -> 0x0113
mem[X,0x8000769A] -> 0x0000
[763] [M]: 0x80007698 (0x00000113) addi sp, zero, 0
x2 <- 0x00000000


mem[X,0x8000769C] -> 0x006F
mem[X,0x8000769E] -> 0x00C0
[764] [M]: 0x8000769C (0x00C0006F) jal zero, 12


mem[X,0x800076A8] -> 0x4663
mem[X,0x800076AA] -> 0x00B5
[765] [M]: 0x800076A8 (0x00B54663) blt a0, a1, 12


mem[X,0x800076AC] -> 0x0113
mem[X,0x800076AE] -> 0x0021
[766] [M]: 0x800076AC (0x00210113) addi sp, sp, 2
x2 <- 0x00000002


mem[X,0x800076B0] -> 0x006F
mem[X,0x800076B2] -> 0x00C0
[767] [M]: 0x800076B0 (0x00C0006F) jal zero, 12


mem[X,0x800076BC] -> 0xA623
mem[X,0x800076BE] -> 0x0E20
[768] [M]: 0x800076BC (0x0E20A623) sw sp, 236(ra)
mem[0x80038354] <- 0x00000002


mem[X,0x800076C0] -> 0x0513
mem[X,0x800076C2] -> 0xFDF0
[769] [M]: 0x800076C0 (0xFDF00513) addi a0, zero, 4063
x10 <- 0xFFFFFFDF


mem[X,0x800076C4] -> 0x05B7
mem[X,0x800076C6] -> 0x0001
[770] [M]: 0x800076C4 (0x000105B7) lui a1, 16
x11 <- 0x00010000


mem[X,0x800076C8] -> 0x0113
mem[X,0x800076CA] -> 0x0000
[771] [M]: 0x800076C8 (0x00000113) addi sp, zero, 0
x2 <- 0x00000000


mem[X,0x800076CC] -> 0x006F
mem[X,0x800076CE] -> 0x00C0
[772] [M]: 0x800076CC (0x00C0006F) jal zero, 12


mem[X,0x800076D8] -> 0x4CE3
mem[X,0x800076DA] -> 0xFEB5
[773] [M]: 0x800076D8 (0xFEB54CE3) blt a0, a1, 8184


mem[X,0x800076D0] -> 0x0113
mem[X,0x800076D2] -> 0x0011
[774] [M]: 0x800076D0 (0x00110113) addi sp, sp, 1
x2 <- 0x00000001


mem[X,0x800076D4] -> 0x006F
mem[X,0x800076D6] -> 0x0180
[775] [M]: 0x800076D4 (0x0180006F) jal zero, 24


mem[X,0x800076EC] -> 0xA823
mem[X,0x800076EE] -> 0x0E20
[776] [M]: 0x800076EC (0x0E20A823) sw sp, 240(ra)
mem[0x80038358] <- 0x00000001


mem[X,0x800076F0] -> 0x0513
mem[X,0x800076F2] -> 0xFBF0
[777] [M]: 0x800076F0 (0xFBF00513) addi a0, zero, 4031
x10 <- 0xFFFFFFBF


mem[X,0x800076F4] -> 0xB5B7
mem[X,0x800076F6] -> 0x0000
[778] [M]: 0x800076F4 (0x0000B5B7) lui a1, 11
x11 <- 0x0000B000


mem[X,0x800076F8] -> 0x8593
mem[X,0x800076FA] -> 0x5045
[779] [M]: 0x800076F8 (0x50458593) addi a1, a1, 1284
x11 <- 0x0000B504


mem[X,0x800076FC] -> 0x0113
mem[X,0x800076FE] -> 0x0000
[780] [M]: 0x800076FC (0x00000113) addi sp, zero, 0
x2 <- 0x00000000


mem[X,0x80007700] -> 0x006F
mem[X,0x80007702] -> 0x00C0
[781] [M]: 0x80007700 (0x00C0006F) jal zero, 12


mem[X,0x8000770C] -> 0x4663
mem[X,0x8000770E] -> 0x00B5
[782] [M]: 0x8000770C (0x00B54663) blt a0, a1, 12


mem[X,0x80007718] -> 0x0113
mem[X,0x8000771A] -> 0x0031
[783] [M]: 0x80007718 (0x00310113) addi sp, sp, 3
x2 <- 0x00000003


mem[X,0x8000771C] -> 0x006F
mem[X,0x8000771E] -> 0x0040
[784] [M]: 0x8000771C (0x0040006F) jal zero, 4


mem[X,0x80007720] -> 0xAA23
mem[X,0x80007722] -> 0x0E20
[785] [M]: 0x80007720 (0x0E20AA23) sw sp, 244(ra)
mem[0x8003835C] <- 0x00000003


mem[X,0x80007724] -> 0x0513
mem[X,0x80007726] -> 0xF7F0
[786] [M]: 0x80007724 (0xF7F00513) addi a0, zero, 3967
x10 <- 0xFFFFFF7F


mem[X,0x80007728] -> 0x05B7
mem[X,0x8000772A] -> 0xFFFF
[787] [M]: 0x80007728 (0xFFFF05B7) lui a1, 1048560
x11 <- 0xFFFF0000


mem[X,0x8000772C] -> 0x8593
mem[X,0x8000772E] -> 0xFFF5
[788] [M]: 0x8000772C (0xFFF58593) addi a1, a1, 4095
x11 <- 0xFFFEFFFF


mem[X,0x80007730] -> 0x0113
mem[X,0x80007732] -> 0x0000
[789] [M]: 0x80007730 (0x00000113) addi sp, zero, 0
x2 <- 0x00000000


mem[X,0x80007734] -> 0x006F
mem[X,0x80007736] -> 0x00C0
[790] [M]: 0x80007734 (0x00C0006F) jal zero, 12


mem[X,0x80007740] -> 0x4063
mem[X,0x80007742] -> 0x40B5
[791] [M]: 0x80007740 (0x40B54063) blt a0, a1, 1024


mem[X,0x80007744] -> 0x0113
mem[X,0x80007746] -> 0x0021
[792] [M]: 0x80007744 (0x00210113) addi sp, sp, 2
x2 <- 0x00000002


mem[X,0x80007748] -> 0x006F
mem[X,0x8000774A] -> 0x4000
[793] [M]: 0x80007748 (0x4000006F) jal zero, 1024


mem[X,0x80007B48] -> 0xAC23
mem[X,0x80007B4A] -> 0x0E20
[794] [M]: 0x80007B48 (0x0E20AC23) sw sp, 248(ra)
mem[0x80038360] <- 0x00000002


mem[X,0x80007B4C] -> 0x0513
mem[X,0x80007B4E] -> 0xBFF0
[795] [M]: 0x80007B4C (0xBFF00513) addi a0, zero, 3071
x10 <- 0xFFFFFBFF


mem[X,0x80007B50] -> 0x0593
mem[X,0x80007B52] -> 0x0400
[796] [M]: 0x80007B50 (0x04000593) addi a1, zero, 64
x11 <- 0x00000040


mem[X,0x80007B54] -> 0x0113
mem[X,0x80007B56] -> 0x0000
[797] [M]: 0x80007B54 (0x00000113) addi sp, zero, 0
x2 <- 0x00000000


mem[X,0x80007B58] -> 0x006F
mem[X,0x80007B5A] -> 0x00C0
[798] [M]: 0x80007B58 (0x00C0006F) jal zero, 12


mem[X,0x80007B64] -> 0x4663
mem[X,0x80007B66] -> 0x00B5
[799] [M]: 0x80007B64 (0x00B54663) blt a0, a1, 12


clint::tick mtime <- 0x0000000000000008
 clint timer pending at mtime 0x0000000000000008
htif::tick 0x0000000000000000
mem[X,0x80007B70] -> 0x0113
mem[X,0x80007B72] -> 0x0031
[800] [M]: 0x80007B70 (0x00310113) addi sp, sp, 3
x2 <- 0x00000003


mem[X,0x80007B74] -> 0x006F
mem[X,0x80007B76] -> 0x0040
[801] [M]: 0x80007B74 (0x0040006F) jal zero, 4


mem[X,0x80007B78] -> 0xAE23
mem[X,0x80007B7A] -> 0x0E20
[802] [M]: 0x80007B78 (0x0E20AE23) sw sp, 252(ra)
mem[0x80038364] <- 0x00000003


mem[X,0x80007B7C] -> 0xF537
mem[X,0x80007B7E] -> 0xFFFF
[803] [M]: 0x80007B7C (0xFFFFF537) lui a0, 1048575
x10 <- 0xFFFFF000


mem[X,0x80007B80] -> 0x0513
mem[X,0x80007B82] -> 0x7FF5
[804] [M]: 0x80007B80 (0x7FF50513) addi a0, a0, 2047
x10 <- 0xFFFFF7FF


mem[X,0x80007B84] -> 0x0593
mem[X,0x80007B86] -> 0x0090
[805] [M]: 0x80007B84 (0x00900593) addi a1, zero, 9
x11 <- 0x00000009


mem[X,0x80007B88] -> 0x0113
mem[X,0x80007B8A] -> 0x0000
[806] [M]: 0x80007B88 (0x00000113) addi sp, zero, 0
x2 <- 0x00000000


mem[X,0x80007B8C] -> 0x006F
mem[X,0x80007B8E] -> 0x00C0
[807] [M]: 0x80007B8C (0x00C0006F) jal zero, 12


mem[X,0x80007B98] -> 0x4CE3
mem[X,0x80007B9A] -> 0xFEB5
[808] [M]: 0x80007B98 (0xFEB54CE3) blt a0, a1, 8184


mem[X,0x80007B90] -> 0x0113
mem[X,0x80007B92] -> 0x0011
[809] [M]: 0x80007B90 (0x00110113) addi sp, sp, 1
x2 <- 0x00000001


mem[X,0x80007B94] -> 0x006F
mem[X,0x80007B96] -> 0x0180
[810] [M]: 0x80007B94 (0x0180006F) jal zero, 24


mem[X,0x80007BAC] -> 0xA023
mem[X,0x80007BAE] -> 0x1020
[811] [M]: 0x80007BAC (0x1020A023) sw sp, 256(ra)
mem[0x80038368] <- 0x00000001


mem[X,0x80007BB0] -> 0xE537
mem[X,0x80007BB2] -> 0xFFFF
[812] [M]: 0x80007BB0 (0xFFFFE537) lui a0, 1048574
x10 <- 0xFFFFE000


mem[X,0x80007BB4] -> 0x0513
mem[X,0x80007BB6] -> 0xFFF5
[813] [M]: 0x80007BB4 (0xFFF50513) addi a0, a0, 4095
x10 <- 0xFFFFDFFF


mem[X,0x80007BB8] -> 0x0593
mem[X,0x80007BBA] -> 0x0080
[814] [M]: 0x80007BB8 (0x00800593) addi a1, zero, 8
x11 <- 0x00000008


mem[X,0x80007BBC] -> 0x0113
mem[X,0x80007BBE] -> 0x0000
[815] [M]: 0x80007BBC (0x00000113) addi sp, zero, 0
x2 <- 0x00000000


mem[X,0x80007BC0] -> 0x006F
mem[X,0x80007BC2] -> 0x00C0
[816] [M]: 0x80007BC0 (0x00C0006F) jal zero, 12


mem[X,0x80007BCC] -> 0x4CE3
mem[X,0x80007BCE] -> 0xFEB5
[817] [M]: 0x80007BCC (0xFEB54CE3) blt a0, a1, 8184


mem[X,0x80007BC4] -> 0x0113
mem[X,0x80007BC6] -> 0x0011
[818] [M]: 0x80007BC4 (0x00110113) addi sp, sp, 1
x2 <- 0x00000001


mem[X,0x80007BC8] -> 0x006F
mem[X,0x80007BCA] -> 0x0180
[819] [M]: 0x80007BC8 (0x0180006F) jal zero, 24


mem[X,0x80007BE0] -> 0xA223
mem[X,0x80007BE2] -> 0x1020
[820] [M]: 0x80007BE0 (0x1020A223) sw sp, 260(ra)
mem[0x8003836C] <- 0x00000001


mem[X,0x80007BE4] -> 0xC537
mem[X,0x80007BE6] -> 0xFFFF
[821] [M]: 0x80007BE4 (0xFFFFC537) lui a0, 1048572
x10 <- 0xFFFFC000


mem[X,0x80007BE8] -> 0x0513
mem[X,0x80007BEA] -> 0xFFF5
[822] [M]: 0x80007BE8 (0xFFF50513) addi a0, a0, 4095
x10 <- 0xFFFFBFFF


mem[X,0x80007BEC] -> 0x85B7
mem[X,0x80007BEE] -> 0x0000
[823] [M]: 0x80007BEC (0x000085B7) lui a1, 8
x11 <- 0x00008000


mem[X,0x80007BF0] -> 0x0113
mem[X,0x80007BF2] -> 0x0000
[824] [M]: 0x80007BF0 (0x00000113) addi sp, zero, 0
x2 <- 0x00000000


mem[X,0x80007BF4] -> 0x006F
mem[X,0x80007BF6] -> 0x00C0
[825] [M]: 0x80007BF4 (0x00C0006F) jal zero, 12


mem[X,0x80007C00] -> 0x4663
mem[X,0x80007C02] -> 0x00B5
[826] [M]: 0x80007C00 (0x00B54663) blt a0, a1, 12


mem[X,0x80007C0C] -> 0x0113
mem[X,0x80007C0E] -> 0x0031
[827] [M]: 0x80007C0C (0x00310113) addi sp, sp, 3
x2 <- 0x00000003


mem[X,0x80007C10] -> 0x006F
mem[X,0x80007C12] -> 0x0040
[828] [M]: 0x80007C10 (0x0040006F) jal zero, 4


mem[X,0x80007C14] -> 0xA423
mem[X,0x80007C16] -> 0x1020
[829] [M]: 0x80007C14 (0x1020A423) sw sp, 264(ra)
mem[0x80038370] <- 0x00000003


mem[X,0x80007C18] -> 0x0537
mem[X,0x80007C1A] -> 0xFFFC
[830] [M]: 0x80007C18 (0xFFFC0537) lui a0, 1048512
x10 <- 0xFFFC0000


mem[X,0x80007C1C] -> 0x0513
mem[X,0x80007C1E] -> 0xFFF5
[831] [M]: 0x80007C1C (0xFFF50513) addi a0, a0, 4095
x10 <- 0xFFFBFFFF


mem[X,0x80007C20] -> 0x05B7
mem[X,0x80007C22] -> 0x0040
[832] [M]: 0x80007C20 (0x004005B7) lui a1, 1024
x11 <- 0x00400000


mem[X,0x80007C24] -> 0x0113
mem[X,0x80007C26] -> 0x0000
[833] [M]: 0x80007C24 (0x00000113) addi sp, zero, 0
x2 <- 0x00000000


mem[X,0x80007C28] -> 0x006F
mem[X,0x80007C2A] -> 0x00C0
[834] [M]: 0x80007C28 (0x00C0006F) jal zero, 12


mem[X,0x80007C34] -> 0x4663
mem[X,0x80007C36] -> 0x00B5
[835] [M]: 0x80007C34 (0x00B54663) blt a0, a1, 12


mem[X,0x80007C40] -> 0x0113
mem[X,0x80007C42] -> 0x0031
[836] [M]: 0x80007C40 (0x00310113) addi sp, sp, 3
x2 <- 0x00000003


mem[X,0x80007C44] -> 0x006F
mem[X,0x80007C46] -> 0x0040
[837] [M]: 0x80007C44 (0x0040006F) jal zero, 4


mem[X,0x80007C48] -> 0xA623
mem[X,0x80007C4A] -> 0x1020
[838] [M]: 0x80007C48 (0x1020A623) sw sp, 268(ra)
mem[0x80038374] <- 0x00000003


mem[X,0x80007C4C] -> 0x0537
mem[X,0x80007C4E] -> 0xFF00
[839] [M]: 0x80007C4C (0xFF000537) lui a0, 1044480
x10 <- 0xFF000000


mem[X,0x80007C50] -> 0x0513
mem[X,0x80007C52] -> 0xFFF5
[840] [M]: 0x80007C50 (0xFFF50513) addi a0, a0, 4095
x10 <- 0xFEFFFFFF


mem[X,0x80007C54] -> 0x05B7
mem[X,0x80007C56] -> 0x0040
[841] [M]: 0x80007C54 (0x004005B7) lui a1, 1024
x11 <- 0x00400000


mem[X,0x80007C58] -> 0x0113
mem[X,0x80007C5A] -> 0x0000
[842] [M]: 0x80007C58 (0x00000113) addi sp, zero, 0
x2 <- 0x00000000


mem[X,0x80007C5C] -> 0x006F
mem[X,0x80007C5E] -> 0x00C0
[843] [M]: 0x80007C5C (0x00C0006F) jal zero, 12


mem[X,0x80007C68] -> 0x4063
mem[X,0x80007C6A] -> 0x10B5
[844] [M]: 0x80007C68 (0x10B54063) blt a0, a1, 256


mem[X,0x80007D68] -> 0x0113
mem[X,0x80007D6A] -> 0x0031
[845] [M]: 0x80007D68 (0x00310113) addi sp, sp, 3
x2 <- 0x00000003


mem[X,0x80007D6C] -> 0x006F
mem[X,0x80007D6E] -> 0x0040
[846] [M]: 0x80007D6C (0x0040006F) jal zero, 4


mem[X,0x80007D70] -> 0xA823
mem[X,0x80007D72] -> 0x1020
[847] [M]: 0x80007D70 (0x1020A823) sw sp, 272(ra)
mem[0x80038378] <- 0x00000003


mem[X,0x80007D74] -> 0x0537
mem[X,0x80007D76] -> 0xFE00
[848] [M]: 0x80007D74 (0xFE000537) lui a0, 1040384
x10 <- 0xFE000000


mem[X,0x80007D78] -> 0x0513
mem[X,0x80007D7A] -> 0xFFF5
[849] [M]: 0x80007D78 (0xFFF50513) addi a0, a0, 4095
x10 <- 0xFDFFFFFF


mem[X,0x80007D7C] -> 0xF5B7
mem[X,0x80007D7E] -> 0xFFFF
[850] [M]: 0x80007D7C (0xFFFFF5B7) lui a1, 1048575
x11 <- 0xFFFFF000


mem[X,0x80007D80] -> 0x8593
mem[X,0x80007D82] -> 0xFFF5
[851] [M]: 0x80007D80 (0xFFF58593) addi a1, a1, 4095
x11 <- 0xFFFFEFFF


mem[X,0x80007D84] -> 0x0113
mem[X,0x80007D86] -> 0x0000
[852] [M]: 0x80007D84 (0x00000113) addi sp, zero, 0
x2 <- 0x00000000


mem[X,0x80007D88] -> 0x006F
mem[X,0x80007D8A] -> 0x2B10
[853] [M]: 0x80007D88 (0x2B10006F) jal zero, 2736


mem[X,0x80008838] -> 0x4A63
mem[X,0x8000883A] -> 0xD4B5
[854] [M]: 0x80008838 (0xD4B54A63) blt a0, a1, 5460


mem[X,0x80007D8C] -> 0x0113
mem[X,0x80007D8E] -> 0x0011
[855] [M]: 0x80007D8C (0x00110113) addi sp, sp, 1
x2 <- 0x00000001


mem[X,0x80007D90] -> 0x006F
mem[X,0x80007D92] -> 0x2BD0
[856] [M]: 0x80007D90 (0x2BD0006F) jal zero, 2748


mem[X,0x8000884C] -> 0xAA23
mem[X,0x8000884E] -> 0x1020
[857] [M]: 0x8000884C (0x1020AA23) sw sp, 276(ra)
mem[0x8003837C] <- 0x00000001


mem[X,0x80008850] -> 0x0537
mem[X,0x80008852] -> 0xF000
[858] [M]: 0x80008850 (0xF0000537) lui a0, 983040
x10 <- 0xF0000000


mem[X,0x80008854] -> 0x0513
mem[X,0x80008856] -> 0xFFF5
[859] [M]: 0x80008854 (0xFFF50513) addi a0, a0, 4095
x10 <- 0xEFFFFFFF


mem[X,0x80008858] -> 0x55B7
mem[X,0x8000885A] -> 0xFFFF
[860] [M]: 0x80008858 (0xFFFF55B7) lui a1, 1048565
x11 <- 0xFFFF5000


mem[X,0x8000885C] -> 0x8593
mem[X,0x8000885E] -> 0xAFC5
[861] [M]: 0x8000885C (0xAFC58593) addi a1, a1, 2812
x11 <- 0xFFFF4AFC


mem[X,0x80008860] -> 0x0113
mem[X,0x80008862] -> 0x0000
[862] [M]: 0x80008860 (0x00000113) addi sp, zero, 0
x2 <- 0x00000000


mem[X,0x80008864] -> 0x006F
mem[X,0x80008866] -> 0x00C0
[863] [M]: 0x80008864 (0x00C0006F) jal zero, 12


mem[X,0x80008870] -> 0x4CE3
mem[X,0x80008872] -> 0xFEB5
[864] [M]: 0x80008870 (0xFEB54CE3) blt a0, a1, 8184


mem[X,0x80008868] -> 0x0113
mem[X,0x8000886A] -> 0x0011
[865] [M]: 0x80008868 (0x00110113) addi sp, sp, 1
x2 <- 0x00000001


mem[X,0x8000886C] -> 0x006F
mem[X,0x8000886E] -> 0x0180
[866] [M]: 0x8000886C (0x0180006F) jal zero, 24


mem[X,0x80008884] -> 0xAC23
mem[X,0x80008886] -> 0x1020
[867] [M]: 0x80008884 (0x1020AC23) sw sp, 280(ra)
mem[0x80038380] <- 0x00000001


mem[X,0x80008888] -> 0x0537
mem[X,0x8000888A] -> 0xC000
[868] [M]: 0x80008888 (0xC0000537) lui a0, 786432
x10 <- 0xC0000000


mem[X,0x8000888C] -> 0x0513
mem[X,0x8000888E] -> 0xFFF5
[869] [M]: 0x8000888C (0xFFF50513) addi a0, a0, 4095
x10 <- 0xBFFFFFFF


mem[X,0x80008890] -> 0x0593
mem[X,0x80008892] -> 0xFF80
[870] [M]: 0x80008890 (0xFF800593) addi a1, zero, 4088
x11 <- 0xFFFFFFF8


mem[X,0x80008894] -> 0x0113
mem[X,0x80008896] -> 0x0000
[871] [M]: 0x80008894 (0x00000113) addi sp, zero, 0
x2 <- 0x00000000


mem[X,0x80008898] -> 0x006F
mem[X,0x8000889A] -> 0x00C0
[872] [M]: 0x80008898 (0x00C0006F) jal zero, 12


mem[X,0x800088A4] -> 0x4CE3
mem[X,0x800088A6] -> 0xFEB5
[873] [M]: 0x800088A4 (0xFEB54CE3) blt a0, a1, 8184


mem[X,0x8000889C] -> 0x0113
mem[X,0x8000889E] -> 0x0011
[874] [M]: 0x8000889C (0x00110113) addi sp, sp, 1
x2 <- 0x00000001


mem[X,0x800088A0] -> 0x006F
mem[X,0x800088A2] -> 0x0180
[875] [M]: 0x800088A0 (0x0180006F) jal zero, 24


mem[X,0x800088B8] -> 0xAE23
mem[X,0x800088BA] -> 0x1020
[876] [M]: 0x800088B8 (0x1020AE23) sw sp, 284(ra)
mem[0x80038384] <- 0x00000001


mem[X,0x800088BC] -> 0x5537
mem[X,0x800088BE] -> 0x5555
[877] [M]: 0x800088BC (0x55555537) lui a0, 349525
x10 <- 0x55555000


mem[X,0x800088C0] -> 0x0513
mem[X,0x800088C2] -> 0x5555
[878] [M]: 0x800088C0 (0x55550513) addi a0, a0, 1365
x10 <- 0x55555555


mem[X,0x800088C4] -> 0x25B7
mem[X,0x800088C6] -> 0x0000
[879] [M]: 0x800088C4 (0x000025B7) lui a1, 2
x11 <- 0x00002000


mem[X,0x800088C8] -> 0x0113
mem[X,0x800088CA] -> 0x0000
[880] [M]: 0x800088C8 (0x00000113) addi sp, zero, 0
x2 <- 0x00000000


mem[X,0x800088CC] -> 0x006F
mem[X,0x800088CE] -> 0x0100
[881] [M]: 0x800088CC (0x0100006F) jal zero, 16


mem[X,0x800088DC] -> 0x4AE3
mem[X,0x800088DE] -> 0xFEB5
[882] [M]: 0x800088DC (0xFEB54AE3) blt a0, a1, 8180


mem[X,0x800088E0] -> 0x0113
mem[X,0x800088E2] -> 0x0021
[883] [M]: 0x800088E0 (0x00210113) addi sp, sp, 2
x2 <- 0x00000002


mem[X,0x800088E4] -> 0x006F
mem[X,0x800088E6] -> 0x00C0
[884] [M]: 0x800088E4 (0x00C0006F) jal zero, 12


mem[X,0x800088F0] -> 0xA023
mem[X,0x800088F2] -> 0x1220
[885] [M]: 0x800088F0 (0x1220A023) sw sp, 288(ra)
mem[0x80038388] <- 0x00000002


mem[X,0x800088F4] -> 0x0513
mem[X,0x800088F6] -> 0x0030
[886] [M]: 0x800088F4 (0x00300513) addi a0, zero, 3
x10 <- 0x00000003


mem[X,0x800088F8] -> 0x0593
mem[X,0x800088FA] -> 0x0030
[887] [M]: 0x800088F8 (0x00300593) addi a1, zero, 3
x11 <- 0x00000003


mem[X,0x800088FC] -> 0x0113
mem[X,0x800088FE] -> 0x0000
[888] [M]: 0x800088FC (0x00000113) addi sp, zero, 0
x2 <- 0x00000000


mem[X,0x80008900] -> 0x006F
mem[X,0x80008902] -> 0x00C0
[889] [M]: 0x80008900 (0x00C0006F) jal zero, 12


mem[X,0x8000890C] -> 0x4663
mem[X,0x8000890E] -> 0x00B5
[890] [M]: 0x8000890C (0x00B54663) blt a0, a1, 12


mem[X,0x80008910] -> 0x0113
mem[X,0x80008912] -> 0x0021
[891] [M]: 0x80008910 (0x00210113) addi sp, sp, 2
x2 <- 0x00000002


mem[X,0x80008914] -> 0x006F
mem[X,0x80008916] -> 0x00C0
[892] [M]: 0x80008914 (0x00C0006F) jal zero, 12


mem[X,0x80008920] -> 0xA223
mem[X,0x80008922] -> 0x1220
[893] [M]: 0x80008920 (0x1220A223) sw sp, 292(ra)
mem[0x8003838C] <- 0x00000002


mem[X,0x80008924] -> 0x0513
mem[X,0x80008926] -> 0x0030
[894] [M]: 0x80008924 (0x00300513) addi a0, zero, 3
x10 <- 0x00000003


mem[X,0x80008928] -> 0x55B7
mem[X,0x8000892A] -> 0x5555
[895] [M]: 0x80008928 (0x555555B7) lui a1, 349525
x11 <- 0x55555000


mem[X,0x8000892C] -> 0x8593
mem[X,0x8000892E] -> 0x5555
[896] [M]: 0x8000892C (0x55558593) addi a1, a1, 1365
x11 <- 0x55555555


mem[X,0x80008930] -> 0x0113
mem[X,0x80008932] -> 0x0000
[897] [M]: 0x80008930 (0x00000113) addi sp, zero, 0
x2 <- 0x00000000


mem[X,0x80008934] -> 0x006F
mem[X,0x80008936] -> 0x00C0
[898] [M]: 0x80008934 (0x00C0006F) jal zero, 12


mem[X,0x80008940] -> 0x4063
mem[X,0x80008942] -> 0x10B5
[899] [M]: 0x80008940 (0x10B54063) blt a0, a1, 256


clint::tick mtime <- 0x0000000000000009
 clint timer pending at mtime 0x0000000000000009
htif::tick 0x0000000000000000
mem[X,0x80008A40] -> 0x0113
mem[X,0x80008A42] -> 0x0031
[900] [M]: 0x80008A40 (0x00310113) addi sp, sp, 3
x2 <- 0x00000003


mem[X,0x80008A44] -> 0x006F
mem[X,0x80008A46] -> 0x0040
[901] [M]: 0x80008A44 (0x0040006F) jal zero, 4


mem[X,0x80008A48] -> 0xA423
mem[X,0x80008A4A] -> 0x1220
[902] [M]: 0x80008A48 (0x1220A423) sw sp, 296(ra)
mem[0x80038390] <- 0x00000003


mem[X,0x80008A4C] -> 0x0513
mem[X,0x80008A4E] -> 0x0030
[903] [M]: 0x80008A4C (0x00300513) addi a0, zero, 3
x10 <- 0x00000003


mem[X,0x80008A50] -> 0xB5B7
mem[X,0x80008A52] -> 0xAAAA
[904] [M]: 0x80008A50 (0xAAAAB5B7) lui a1, 699051
x11 <- 0xAAAAB000


mem[X,0x80008A54] -> 0x8593
mem[X,0x80008A56] -> 0xAAA5
[905] [M]: 0x80008A54 (0xAAA58593) addi a1, a1, 2730
x11 <- 0xAAAAAAAA


mem[X,0x80008A58] -> 0x0113
mem[X,0x80008A5A] -> 0x0000
[906] [M]: 0x80008A58 (0x00000113) addi sp, zero, 0
x2 <- 0x00000000


mem[X,0x80008A5C] -> 0x006F
mem[X,0x80008A5E] -> 0x00C0
[907] [M]: 0x80008A5C (0x00C0006F) jal zero, 12


mem[X,0x80008A68] -> 0x4063
mem[X,0x80008A6A] -> 0x08B5
[908] [M]: 0x80008A68 (0x08B54063) blt a0, a1, 128


mem[X,0x80008A6C] -> 0x0113
mem[X,0x80008A6E] -> 0x0021
[909] [M]: 0x80008A6C (0x00210113) addi sp, sp, 2
x2 <- 0x00000002


mem[X,0x80008A70] -> 0x006F
mem[X,0x80008A72] -> 0x0800
[910] [M]: 0x80008A70 (0x0800006F) jal zero, 128


mem[X,0x80008AF0] -> 0xA623
mem[X,0x80008AF2] -> 0x1220
[911] [M]: 0x80008AF0 (0x1220A623) sw sp, 300(ra)
mem[0x80038394] <- 0x00000002


mem[X,0x80008AF4] -> 0x0513
mem[X,0x80008AF6] -> 0x0030
[912] [M]: 0x80008AF4 (0x00300513) addi a0, zero, 3
x10 <- 0x00000003


mem[X,0x80008AF8] -> 0x0593
mem[X,0x80008AFA] -> 0x0050
[913] [M]: 0x80008AF8 (0x00500593) addi a1, zero, 5
x11 <- 0x00000005


mem[X,0x80008AFC] -> 0x0113
mem[X,0x80008AFE] -> 0x0000
[914] [M]: 0x80008AFC (0x00000113) addi sp, zero, 0
x2 <- 0x00000000


mem[X,0x80008B00] -> 0x006F
mem[X,0x80008B02] -> 0x00C0
[915] [M]: 0x80008B00 (0x00C0006F) jal zero, 12


mem[X,0x80008B0C] -> 0x4063
mem[X,0x80008B0E] -> 0x40B5
[916] [M]: 0x80008B0C (0x40B54063) blt a0, a1, 1024


mem[X,0x80008F0C] -> 0x0113
mem[X,0x80008F0E] -> 0x0031
[917] [M]: 0x80008F0C (0x00310113) addi sp, sp, 3
x2 <- 0x00000003


mem[X,0x80008F10] -> 0x006F
mem[X,0x80008F12] -> 0x0040
[918] [M]: 0x80008F10 (0x0040006F) jal zero, 4


mem[X,0x80008F14] -> 0xA823
mem[X,0x80008F16] -> 0x1220
[919] [M]: 0x80008F14 (0x1220A823) sw sp, 304(ra)
mem[0x80038398] <- 0x00000003


mem[X,0x80008F18] -> 0x0513
mem[X,0x80008F1A] -> 0x0030
[920] [M]: 0x80008F18 (0x00300513) addi a0, zero, 3
x10 <- 0x00000003


mem[X,0x80008F1C] -> 0x35B7
mem[X,0x80008F1E] -> 0x3333
[921] [M]: 0x80008F1C (0x333335B7) lui a1, 209715
x11 <- 0x33333000


mem[X,0x80008F20] -> 0x8593
mem[X,0x80008F22] -> 0x3335
[922] [M]: 0x80008F20 (0x33358593) addi a1, a1, 819
x11 <- 0x33333333


mem[X,0x80008F24] -> 0x0113
mem[X,0x80008F26] -> 0x0000
[923] [M]: 0x80008F24 (0x00000113) addi sp, zero, 0
x2 <- 0x00000000


mem[X,0x80008F28] -> 0x006F
mem[X,0x80008F2A] -> 0x00C0
[924] [M]: 0x80008F28 (0x00C0006F) jal zero, 12


mem[X,0x80008F34] -> 0x4663
mem[X,0x80008F36] -> 0x00B5
[925] [M]: 0x80008F34 (0x00B54663) blt a0, a1, 12


mem[X,0x80008F40] -> 0x0113
mem[X,0x80008F42] -> 0x0031
[926] [M]: 0x80008F40 (0x00310113) addi sp, sp, 3
x2 <- 0x00000003


mem[X,0x80008F44] -> 0x006F
mem[X,0x80008F46] -> 0x0040
[927] [M]: 0x80008F44 (0x0040006F) jal zero, 4


mem[X,0x80008F48] -> 0xAA23
mem[X,0x80008F4A] -> 0x1220
[928] [M]: 0x80008F48 (0x1220AA23) sw sp, 308(ra)
mem[0x8003839C] <- 0x00000003


mem[X,0x80008F4C] -> 0x0513
mem[X,0x80008F4E] -> 0x0030
[929] [M]: 0x80008F4C (0x00300513) addi a0, zero, 3
x10 <- 0x00000003


mem[X,0x80008F50] -> 0x65B7
mem[X,0x80008F52] -> 0x6666
[930] [M]: 0x80008F50 (0x666665B7) lui a1, 419430
x11 <- 0x66666000


mem[X,0x80008F54] -> 0x8593
mem[X,0x80008F56] -> 0x6665
[931] [M]: 0x80008F54 (0x66658593) addi a1, a1, 1638
x11 <- 0x66666666


mem[X,0x80008F58] -> 0x0113
mem[X,0x80008F5A] -> 0x0000
[932] [M]: 0x80008F58 (0x00000113) addi sp, zero, 0
x2 <- 0x00000000


mem[X,0x80008F5C] -> 0x006F
mem[X,0x80008F5E] -> 0x00C0
[933] [M]: 0x80008F5C (0x00C0006F) jal zero, 12


mem[X,0x80008F68] -> 0x4063
mem[X,0x80008F6A] -> 0x02B5
[934] [M]: 0x80008F68 (0x02B54063) blt a0, a1, 32


mem[X,0x80008F88] -> 0x0113
mem[X,0x80008F8A] -> 0x0031
[935] [M]: 0x80008F88 (0x00310113) addi sp, sp, 3
x2 <- 0x00000003


mem[X,0x80008F8C] -> 0x006F
mem[X,0x80008F8E] -> 0x0040
[936] [M]: 0x80008F8C (0x0040006F) jal zero, 4


mem[X,0x80008F90] -> 0xAC23
mem[X,0x80008F92] -> 0x1220
[937] [M]: 0x80008F90 (0x1220AC23) sw sp, 312(ra)
mem[0x800383A0] <- 0x00000003


mem[X,0x80008F94] -> 0x0513
mem[X,0x80008F96] -> 0x0030
[938] [M]: 0x80008F94 (0x00300513) addi a0, zero, 3
x10 <- 0x00000003


mem[X,0x80008F98] -> 0x55B7
mem[X,0x80008F9A] -> 0xFFFF
[939] [M]: 0x80008F98 (0xFFFF55B7) lui a1, 1048565
x11 <- 0xFFFF5000


mem[X,0x80008F9C] -> 0x8593
mem[X,0x80008F9E] -> 0xAFC5
[940] [M]: 0x80008F9C (0xAFC58593) addi a1, a1, 2812
x11 <- 0xFFFF4AFC


mem[X,0x80008FA0] -> 0x0113
mem[X,0x80008FA2] -> 0x0000
[941] [M]: 0x80008FA0 (0x00000113) addi sp, zero, 0
x2 <- 0x00000000


mem[X,0x80008FA4] -> 0x006F
mem[X,0x80008FA6] -> 0x00C0
[942] [M]: 0x80008FA4 (0x00C0006F) jal zero, 12


mem[X,0x80008FB0] -> 0x4063
mem[X,0x80008FB2] -> 0x40B5
[943] [M]: 0x80008FB0 (0x40B54063) blt a0, a1, 1024


mem[X,0x80008FB4] -> 0x0113
mem[X,0x80008FB6] -> 0x0021
[944] [M]: 0x80008FB4 (0x00210113) addi sp, sp, 2
x2 <- 0x00000002


mem[X,0x80008FB8] -> 0x006F
mem[X,0x80008FBA] -> 0x4000
[945] [M]: 0x80008FB8 (0x4000006F) jal zero, 1024


mem[X,0x800093B8] -> 0xAE23
mem[X,0x800093BA] -> 0x1220
[946] [M]: 0x800093B8 (0x1220AE23) sw sp, 316(ra)
mem[0x800383A4] <- 0x00000002


mem[X,0x800093BC] -> 0x0513
mem[X,0x800093BE] -> 0x0030
[947] [M]: 0x800093BC (0x00300513) addi a0, zero, 3
x10 <- 0x00000003


mem[X,0x800093C0] -> 0xB5B7
mem[X,0x800093C2] -> 0x0000
[948] [M]: 0x800093C0 (0x0000B5B7) lui a1, 11
x11 <- 0x0000B000


mem[X,0x800093C4] -> 0x8593
mem[X,0x800093C6] -> 0x5045
[949] [M]: 0x800093C4 (0x50458593) addi a1, a1, 1284
x11 <- 0x0000B504


mem[X,0x800093C8] -> 0x0113
mem[X,0x800093CA] -> 0x0000
[950] [M]: 0x800093C8 (0x00000113) addi sp, zero, 0
x2 <- 0x00000000


mem[X,0x800093CC] -> 0x006F
mem[X,0x800093CE] -> 0x00C0
[951] [M]: 0x800093CC (0x00C0006F) jal zero, 12


mem[X,0x800093D8] -> 0x4063
mem[X,0x800093DA] -> 0x20B5
[952] [M]: 0x800093D8 (0x20B54063) blt a0, a1, 512


mem[X,0x800095D8] -> 0x0113
mem[X,0x800095DA] -> 0x0031
[953] [M]: 0x800095D8 (0x00310113) addi sp, sp, 3
x2 <- 0x00000003


mem[X,0x800095DC] -> 0x006F
mem[X,0x800095DE] -> 0x0040
[954] [M]: 0x800095DC (0x0040006F) jal zero, 4


mem[X,0x800095E0] -> 0xA023
mem[X,0x800095E2] -> 0x1420
[955] [M]: 0x800095E0 (0x1420A023) sw sp, 320(ra)
mem[0x800383A8] <- 0x00000003


mem[X,0x800095E4] -> 0x0513
mem[X,0x800095E6] -> 0x0030
[956] [M]: 0x800095E4 (0x00300513) addi a0, zero, 3
x10 <- 0x00000003


mem[X,0x800095E8] -> 0x0593
mem[X,0x800095EA] -> 0x0020
[957] [M]: 0x800095E8 (0x00200593) addi a1, zero, 2
x11 <- 0x00000002


mem[X,0x800095EC] -> 0x0113
mem[X,0x800095EE] -> 0x0000
[958] [M]: 0x800095EC (0x00000113) addi sp, zero, 0
x2 <- 0x00000000


mem[X,0x800095F0] -> 0x006F
mem[X,0x800095F2] -> 0x2B10
[959] [M]: 0x800095F0 (0x2B10006F) jal zero, 2736


mem[X,0x8000A0A0] -> 0x4A63
mem[X,0x8000A0A2] -> 0xD4B5
[960] [M]: 0x8000A0A0 (0xD4B54A63) blt a0, a1, 5460


mem[X,0x8000A0A4] -> 0x0113
mem[X,0x8000A0A6] -> 0x0021
[961] [M]: 0x8000A0A4 (0x00210113) addi sp, sp, 2
x2 <- 0x00000002


mem[X,0x8000A0A8] -> 0x006F
mem[X,0x8000A0AA] -> 0x00C0
[962] [M]: 0x8000A0A8 (0x00C0006F) jal zero, 12


mem[X,0x8000A0B4] -> 0xA223
mem[X,0x8000A0B6] -> 0x1420
[963] [M]: 0x8000A0B4 (0x1420A223) sw sp, 324(ra)
mem[0x800383AC] <- 0x00000002


mem[X,0x8000A0B8] -> 0x0513
mem[X,0x8000A0BA] -> 0x0030
[964] [M]: 0x8000A0B8 (0x00300513) addi a0, zero, 3
x10 <- 0x00000003


mem[X,0x8000A0BC] -> 0x55B7
mem[X,0x8000A0BE] -> 0x5555
[965] [M]: 0x8000A0BC (0x555555B7) lui a1, 349525
x11 <- 0x55555000


mem[X,0x8000A0C0] -> 0x8593
mem[X,0x8000A0C2] -> 0x5545
[966] [M]: 0x8000A0C0 (0x55458593) addi a1, a1, 1364
x11 <- 0x55555554


mem[X,0x8000A0C4] -> 0x0113
mem[X,0x8000A0C6] -> 0x0000
[967] [M]: 0x8000A0C4 (0x00000113) addi sp, zero, 0
x2 <- 0x00000000


mem[X,0x8000A0C8] -> 0x006F
mem[X,0x8000A0CA] -> 0x2B10
[968] [M]: 0x8000A0C8 (0x2B10006F) jal zero, 2736


mem[X,0x8000AB78] -> 0x4A63
mem[X,0x8000AB7A] -> 0xD4B5
[969] [M]: 0x8000AB78 (0xD4B54A63) blt a0, a1, 5460


mem[X,0x8000A0CC] -> 0x0113
mem[X,0x8000A0CE] -> 0x0011
[970] [M]: 0x8000A0CC (0x00110113) addi sp, sp, 1
x2 <- 0x00000001


mem[X,0x8000A0D0] -> 0x006F
mem[X,0x8000A0D2] -> 0x2BD0
[971] [M]: 0x8000A0D0 (0x2BD0006F) jal zero, 2748


mem[X,0x8000AB8C] -> 0xA423
mem[X,0x8000AB8E] -> 0x1420
[972] [M]: 0x8000AB8C (0x1420A423) sw sp, 328(ra)
mem[0x800383B0] <- 0x00000001


mem[X,0x8000AB90] -> 0x0513
mem[X,0x8000AB92] -> 0x0030
[973] [M]: 0x8000AB90 (0x00300513) addi a0, zero, 3
x10 <- 0x00000003


mem[X,0x8000AB94] -> 0x0593
mem[X,0x8000AB96] -> 0x0000
[974] [M]: 0x8000AB94 (0x00000593) addi a1, zero, 0
x11 <- 0x00000000


mem[X,0x8000AB98] -> 0x0113
mem[X,0x8000AB9A] -> 0x0000
[975] [M]: 0x8000AB98 (0x00000113) addi sp, zero, 0
x2 <- 0x00000000


mem[X,0x8000AB9C] -> 0x006F
mem[X,0x8000AB9E] -> 0x00C0
[976] [M]: 0x8000AB9C (0x00C0006F) jal zero, 12


mem[X,0x8000ABA8] -> 0x4663
mem[X,0x8000ABAA] -> 0x00B5
[977] [M]: 0x8000ABA8 (0x00B54663) blt a0, a1, 12


mem[X,0x8000ABAC] -> 0x0113
mem[X,0x8000ABAE] -> 0x0021
[978] [M]: 0x8000ABAC (0x00210113) addi sp, sp, 2
x2 <- 0x00000002


mem[X,0x8000ABB0] -> 0x006F
mem[X,0x8000ABB2] -> 0x00C0
[979] [M]: 0x8000ABB0 (0x00C0006F) jal zero, 12


mem[X,0x8000ABBC] -> 0xA623
mem[X,0x8000ABBE] -> 0x1420
[980] [M]: 0x8000ABBC (0x1420A623) sw sp, 332(ra)
mem[0x800383B4] <- 0x00000002


mem[X,0x8000ABC0] -> 0x0513
mem[X,0x8000ABC2] -> 0x0030
[981] [M]: 0x8000ABC0 (0x00300513) addi a0, zero, 3
x10 <- 0x00000003


mem[X,0x8000ABC4] -> 0x0593
mem[X,0x8000ABC6] -> 0x0040
[982] [M]: 0x8000ABC4 (0x00400593) addi a1, zero, 4
x11 <- 0x00000004


mem[X,0x8000ABC8] -> 0x0113
mem[X,0x8000ABCA] -> 0x0000
[983] [M]: 0x8000ABC8 (0x00000113) addi sp, zero, 0
x2 <- 0x00000000


mem[X,0x8000ABCC] -> 0x006F
mem[X,0x8000ABCE] -> 0x2B10
[984] [M]: 0x8000ABCC (0x2B10006F) jal zero, 2736


mem[X,0x8000B67C] -> 0x4A63
mem[X,0x8000B67E] -> 0xD4B5
[985] [M]: 0x8000B67C (0xD4B54A63) blt a0, a1, 5460


mem[X,0x8000ABD0] -> 0x0113
mem[X,0x8000ABD2] -> 0x0011
[986] [M]: 0x8000ABD0 (0x00110113) addi sp, sp, 1
x2 <- 0x00000001


mem[X,0x8000ABD4] -> 0x006F
mem[X,0x8000ABD6] -> 0x2BD0
[987] [M]: 0x8000ABD4 (0x2BD0006F) jal zero, 2748


mem[X,0x8000B690] -> 0xA823
mem[X,0x8000B692] -> 0x1420
[988] [M]: 0x8000B690 (0x1420A823) sw sp, 336(ra)
mem[0x800383B8] <- 0x00000001


mem[X,0x8000B694] -> 0x0513
mem[X,0x8000B696] -> 0x0030
[989] [M]: 0x8000B694 (0x00300513) addi a0, zero, 3
x10 <- 0x00000003


mem[X,0x8000B698] -> 0x35B7
mem[X,0x8000B69A] -> 0x3333
[990] [M]: 0x8000B698 (0x333335B7) lui a1, 209715
x11 <- 0x33333000


mem[X,0x8000B69C] -> 0x8593
mem[X,0x8000B69E] -> 0x3325
[991] [M]: 0x8000B69C (0x33258593) addi a1, a1, 818
x11 <- 0x33333332


mem[X,0x8000B6A0] -> 0x0113
mem[X,0x8000B6A2] -> 0x0000
[992] [M]: 0x8000B6A0 (0x00000113) addi sp, zero, 0
x2 <- 0x00000000


mem[X,0x8000B6A4] -> 0x006F
mem[X,0x8000B6A6] -> 0x00C0
[993] [M]: 0x8000B6A4 (0x00C0006F) jal zero, 12


mem[X,0x8000B6B0] -> 0x4063
mem[X,0x8000B6B2] -> 0x20B5
[994] [M]: 0x8000B6B0 (0x20B54063) blt a0, a1, 512


mem[X,0x8000B8B0] -> 0x0113
mem[X,0x8000B8B2] -> 0x0031
[995] [M]: 0x8000B8B0 (0x00310113) addi sp, sp, 3
x2 <- 0x00000003


mem[X,0x8000B8B4] -> 0x006F
mem[X,0x8000B8B6] -> 0x0040
[996] [M]: 0x8000B8B4 (0x0040006F) jal zero, 4


mem[X,0x8000B8B8] -> 0xAA23
mem[X,0x8000B8BA] -> 0x1420
[997] [M]: 0x8000B8B8 (0x1420AA23) sw sp, 340(ra)
mem[0x800383BC] <- 0x00000003


mem[X,0x8000B8BC] -> 0x0513
mem[X,0x8000B8BE] -> 0x0030
[998] [M]: 0x8000B8BC (0x00300513) addi a0, zero, 3
x10 <- 0x00000003


mem[X,0x8000B8C0] -> 0x65B7
mem[X,0x8000B8C2] -> 0x6666
[999] [M]: 0x8000B8C0 (0x666665B7) lui a1, 419430
x11 <- 0x66666000


clint::tick mtime <- 0x000000000000000A
 clint timer pending at mtime 0x000000000000000A
htif::tick 0x0000000000000000
mem[X,0x8000B8C4] -> 0x8593
mem[X,0x8000B8C6] -> 0x6655
[1000] [M]: 0x8000B8C4 (0x66558593) addi a1, a1, 1637
x11 <- 0x66666665


mem[X,0x8000B8C8] -> 0x0113
mem[X,0x8000B8CA] -> 0x0000
[1001] [M]: 0x8000B8C8 (0x00000113) addi sp, zero, 0
x2 <- 0x00000000


mem[X,0x8000B8CC] -> 0x006F
mem[X,0x8000B8CE] -> 0x0140
[1002] [M]: 0x8000B8CC (0x0140006F) jal zero, 20


mem[X,0x8000B8E0] -> 0x48E3
mem[X,0x8000B8E2] -> 0xFEB5
[1003] [M]: 0x8000B8E0 (0xFEB548E3) blt a0, a1, 8176


mem[X,0x8000B8D0] -> 0x0113
mem[X,0x8000B8D2] -> 0x0011
[1004] [M]: 0x8000B8D0 (0x00110113) addi sp, sp, 1
x2 <- 0x00000001


mem[X,0x8000B8D4] -> 0x006F
mem[X,0x8000B8D6] -> 0x0200
[1005] [M]: 0x8000B8D4 (0x0200006F) jal zero, 32


mem[X,0x8000B8F4] -> 0xAC23
mem[X,0x8000B8F6] -> 0x1420
[1006] [M]: 0x8000B8F4 (0x1420AC23) sw sp, 344(ra)
mem[0x800383C0] <- 0x00000001


mem[X,0x8000B8F8] -> 0x0513
mem[X,0x8000B8FA] -> 0x0030
[1007] [M]: 0x8000B8F8 (0x00300513) addi a0, zero, 3
x10 <- 0x00000003


mem[X,0x8000B8FC] -> 0xB5B7
mem[X,0x8000B8FE] -> 0x0000
[1008] [M]: 0x8000B8FC (0x0000B5B7) lui a1, 11
x11 <- 0x0000B000


mem[X,0x8000B900] -> 0x8593
mem[X,0x8000B902] -> 0x5035
[1009] [M]: 0x8000B900 (0x50358593) addi a1, a1, 1283
x11 <- 0x0000B503


mem[X,0x8000B904] -> 0x0113
mem[X,0x8000B906] -> 0x0000
[1010] [M]: 0x8000B904 (0x00000113) addi sp, zero, 0
x2 <- 0x00000000


mem[X,0x8000B908] -> 0x006F
mem[X,0x8000B90A] -> 0x00C0
[1011] [M]: 0x8000B908 (0x00C0006F) jal zero, 12


mem[X,0x8000B914] -> 0x4063
mem[X,0x8000B916] -> 0x20B5
[1012] [M]: 0x8000B914 (0x20B54063) blt a0, a1, 512


mem[X,0x8000BB14] -> 0x0113
mem[X,0x8000BB16] -> 0x0031
[1013] [M]: 0x8000BB14 (0x00310113) addi sp, sp, 3
x2 <- 0x00000003


mem[X,0x8000BB18] -> 0x006F
mem[X,0x8000BB1A] -> 0x0040
[1014] [M]: 0x8000BB18 (0x0040006F) jal zero, 4


mem[X,0x8000BB1C] -> 0xAE23
mem[X,0x8000BB1E] -> 0x1420
[1015] [M]: 0x8000BB1C (0x1420AE23) sw sp, 348(ra)
mem[0x800383C4] <- 0x00000003


mem[X,0x8000BB20] -> 0x0513
mem[X,0x8000BB22] -> 0x0030
[1016] [M]: 0x8000BB20 (0x00300513) addi a0, zero, 3
x10 <- 0x00000003


mem[X,0x8000BB24] -> 0x55B7
mem[X,0x8000BB26] -> 0x5555
[1017] [M]: 0x8000BB24 (0x555555B7) lui a1, 349525
x11 <- 0x55555000


mem[X,0x8000BB28] -> 0x8593
mem[X,0x8000BB2A] -> 0x5565
[1018] [M]: 0x8000BB28 (0x55658593) addi a1, a1, 1366
x11 <- 0x55555556


mem[X,0x8000BB2C] -> 0x0113
mem[X,0x8000BB2E] -> 0x0000
[1019] [M]: 0x8000BB2C (0x00000113) addi sp, zero, 0
x2 <- 0x00000000


mem[X,0x8000BB30] -> 0x006F
mem[X,0x8000BB32] -> 0x00C0
[1020] [M]: 0x8000BB30 (0x00C0006F) jal zero, 12


mem[X,0x8000BB3C] -> 0x4063
mem[X,0x8000BB3E] -> 0x40B5
[1021] [M]: 0x8000BB3C (0x40B54063) blt a0, a1, 1024


mem[X,0x8000BF3C] -> 0x0113
mem[X,0x8000BF3E] -> 0x0031
[1022] [M]: 0x8000BF3C (0x00310113) addi sp, sp, 3
x2 <- 0x00000003


mem[X,0x8000BF40] -> 0x006F
mem[X,0x8000BF42] -> 0x0040
[1023] [M]: 0x8000BF40 (0x0040006F) jal zero, 4


mem[X,0x8000BF44] -> 0xA023
mem[X,0x8000BF46] -> 0x1620
[1024] [M]: 0x8000BF44 (0x1620A023) sw sp, 352(ra)
mem[0x800383C8] <- 0x00000003


mem[X,0x8000BF48] -> 0x0513
mem[X,0x8000BF4A] -> 0x0030
[1025] [M]: 0x8000BF48 (0x00300513) addi a0, zero, 3
x10 <- 0x00000003


mem[X,0x8000BF4C] -> 0xB5B7
mem[X,0x8000BF4E] -> 0xAAAA
[1026] [M]: 0x8000BF4C (0xAAAAB5B7) lui a1, 699051
x11 <- 0xAAAAB000


mem[X,0x8000BF50] -> 0x8593
mem[X,0x8000BF52] -> 0xAAB5
[1027] [M]: 0x8000BF50 (0xAAB58593) addi a1, a1, 2731
x11 <- 0xAAAAAAAB


mem[X,0x8000BF54] -> 0x0113
mem[X,0x8000BF56] -> 0x0000
[1028] [M]: 0x8000BF54 (0x00000113) addi sp, zero, 0
x2 <- 0x00000000


mem[X,0x8000BF58] -> 0x006F
mem[X,0x8000BF5A] -> 0x00C0
[1029] [M]: 0x8000BF58 (0x00C0006F) jal zero, 12


mem[X,0x8000BF64] -> 0x4863
mem[X,0x8000BF66] -> 0x00B5
[1030] [M]: 0x8000BF64 (0x00B54863) blt a0, a1, 16


mem[X,0x8000BF68] -> 0x0113
mem[X,0x8000BF6A] -> 0x0021
[1031] [M]: 0x8000BF68 (0x00210113) addi sp, sp, 2
x2 <- 0x00000002


mem[X,0x8000BF6C] -> 0x006F
mem[X,0x8000BF6E] -> 0x0100
[1032] [M]: 0x8000BF6C (0x0100006F) jal zero, 16


mem[X,0x8000BF7C] -> 0xA223
mem[X,0x8000BF7E] -> 0x1620
[1033] [M]: 0x8000BF7C (0x1620A223) sw sp, 356(ra)
mem[0x800383CC] <- 0x00000002


mem[X,0x8000BF80] -> 0x0513
mem[X,0x8000BF82] -> 0x0030
[1034] [M]: 0x8000BF80 (0x00300513) addi a0, zero, 3
x10 <- 0x00000003


mem[X,0x8000BF84] -> 0x0593
mem[X,0x8000BF86] -> 0x0060
[1035] [M]: 0x8000BF84 (0x00600593) addi a1, zero, 6
x11 <- 0x00000006


mem[X,0x8000BF88] -> 0x0113
mem[X,0x8000BF8A] -> 0x0000
[1036] [M]: 0x8000BF88 (0x00000113) addi sp, zero, 0
x2 <- 0x00000000


mem[X,0x8000BF8C] -> 0x006F
mem[X,0x8000BF8E] -> 0x0140
[1037] [M]: 0x8000BF8C (0x0140006F) jal zero, 20


mem[X,0x8000BFA0] -> 0x48E3
mem[X,0x8000BFA2] -> 0xFEB5
[1038] [M]: 0x8000BFA0 (0xFEB548E3) blt a0, a1, 8176


mem[X,0x8000BF90] -> 0x0113
mem[X,0x8000BF92] -> 0x0011
[1039] [M]: 0x8000BF90 (0x00110113) addi sp, sp, 1
x2 <- 0x00000001


mem[X,0x8000BF94] -> 0x006F
mem[X,0x8000BF96] -> 0x0200
[1040] [M]: 0x8000BF94 (0x0200006F) jal zero, 32


mem[X,0x8000BFB4] -> 0xA423
mem[X,0x8000BFB6] -> 0x1620
[1041] [M]: 0x8000BFB4 (0x1620A423) sw sp, 360(ra)
mem[0x800383D0] <- 0x00000001


mem[X,0x8000BFB8] -> 0x0513
mem[X,0x8000BFBA] -> 0x0030
[1042] [M]: 0x8000BFB8 (0x00300513) addi a0, zero, 3
x10 <- 0x00000003


mem[X,0x8000BFBC] -> 0x35B7
mem[X,0x8000BFBE] -> 0x3333
[1043] [M]: 0x8000BFBC (0x333335B7) lui a1, 209715
x11 <- 0x33333000


mem[X,0x8000BFC0] -> 0x8593
mem[X,0x8000BFC2] -> 0x3345
[1044] [M]: 0x8000BFC0 (0x33458593) addi a1, a1, 820
x11 <- 0x33333334


mem[X,0x8000BFC4] -> 0x0113
mem[X,0x8000BFC6] -> 0x0000
[1045] [M]: 0x8000BFC4 (0x00000113) addi sp, zero, 0
x2 <- 0x00000000


mem[X,0x8000BFC8] -> 0x006F
mem[X,0x8000BFCA] -> 0x00C0
[1046] [M]: 0x8000BFC8 (0x00C0006F) jal zero, 12


mem[X,0x8000BFD4] -> 0x4CE3
mem[X,0x8000BFD6] -> 0xFEB5
[1047] [M]: 0x8000BFD4 (0xFEB54CE3) blt a0, a1, 8184


mem[X,0x8000BFCC] -> 0x0113
mem[X,0x8000BFCE] -> 0x0011
[1048] [M]: 0x8000BFCC (0x00110113) addi sp, sp, 1
x2 <- 0x00000001


mem[X,0x8000BFD0] -> 0x006F
mem[X,0x8000BFD2] -> 0x0180
[1049] [M]: 0x8000BFD0 (0x0180006F) jal zero, 24


mem[X,0x8000BFE8] -> 0xA623
mem[X,0x8000BFEA] -> 0x1620
[1050] [M]: 0x8000BFE8 (0x1620A623) sw sp, 364(ra)
mem[0x800383D4] <- 0x00000001


mem[X,0x8000BFEC] -> 0x0513
mem[X,0x8000BFEE] -> 0x0030
[1051] [M]: 0x8000BFEC (0x00300513) addi a0, zero, 3
x10 <- 0x00000003


mem[X,0x8000BFF0] -> 0x65B7
mem[X,0x8000BFF2] -> 0x6666
[1052] [M]: 0x8000BFF0 (0x666665B7) lui a1, 419430
x11 <- 0x66666000


mem[X,0x8000BFF4] -> 0x8593
mem[X,0x8000BFF6] -> 0x6675
[1053] [M]: 0x8000BFF4 (0x66758593) addi a1, a1, 1639
x11 <- 0x66666667


mem[X,0x8000BFF8] -> 0x0113
mem[X,0x8000BFFA] -> 0x0000
[1054] [M]: 0x8000BFF8 (0x00000113) addi sp, zero, 0
x2 <- 0x00000000


mem[X,0x8000BFFC] -> 0x006F
mem[X,0x8000BFFE] -> 0x00C0
[1055] [M]: 0x8000BFFC (0x00C0006F) jal zero, 12


mem[X,0x8000C008] -> 0x4663
mem[X,0x8000C00A] -> 0x00B5
[1056] [M]: 0x8000C008 (0x00B54663) blt a0, a1, 12


mem[X,0x8000C014] -> 0x0113
mem[X,0x8000C016] -> 0x0031
[1057] [M]: 0x8000C014 (0x00310113) addi sp, sp, 3
x2 <- 0x00000003


mem[X,0x8000C018] -> 0x006F
mem[X,0x8000C01A] -> 0x0040
[1058] [M]: 0x8000C018 (0x0040006F) jal zero, 4


mem[X,0x8000C01C] -> 0xA823
mem[X,0x8000C01E] -> 0x1620
[1059] [M]: 0x8000C01C (0x1620A823) sw sp, 368(ra)
mem[0x800383D8] <- 0x00000003


mem[X,0x8000C020] -> 0x0513
mem[X,0x8000C022] -> 0x0030
[1060] [M]: 0x8000C020 (0x00300513) addi a0, zero, 3
x10 <- 0x00000003


mem[X,0x8000C024] -> 0x55B7
mem[X,0x8000C026] -> 0xFFFF
[1061] [M]: 0x8000C024 (0xFFFF55B7) lui a1, 1048565
x11 <- 0xFFFF5000


mem[X,0x8000C028] -> 0x8593
mem[X,0x8000C02A] -> 0xAFD5
[1062] [M]: 0x8000C028 (0xAFD58593) addi a1, a1, 2813
x11 <- 0xFFFF4AFD


mem[X,0x8000C02C] -> 0x0113
mem[X,0x8000C02E] -> 0x0000
[1063] [M]: 0x8000C02C (0x00000113) addi sp, zero, 0
x2 <- 0x00000000


mem[X,0x8000C030] -> 0x006F
mem[X,0x8000C032] -> 0x0100
[1064] [M]: 0x8000C030 (0x0100006F) jal zero, 16


mem[X,0x8000C040] -> 0x4AE3
mem[X,0x8000C042] -> 0xFEB5
[1065] [M]: 0x8000C040 (0xFEB54AE3) blt a0, a1, 8180


mem[X,0x8000C044] -> 0x0113
mem[X,0x8000C046] -> 0x0021
[1066] [M]: 0x8000C044 (0x00210113) addi sp, sp, 2
x2 <- 0x00000002


mem[X,0x8000C048] -> 0x006F
mem[X,0x8000C04A] -> 0x00C0
[1067] [M]: 0x8000C048 (0x00C0006F) jal zero, 12


mem[X,0x8000C054] -> 0xAA23
mem[X,0x8000C056] -> 0x1620
[1068] [M]: 0x8000C054 (0x1620AA23) sw sp, 372(ra)
mem[0x800383DC] <- 0x00000002


mem[X,0x8000C058] -> 0x0513
mem[X,0x8000C05A] -> 0x0030
[1069] [M]: 0x8000C058 (0x00300513) addi a0, zero, 3
x10 <- 0x00000003


mem[X,0x8000C05C] -> 0xB5B7
mem[X,0x8000C05E] -> 0x0000
[1070] [M]: 0x8000C05C (0x0000B5B7) lui a1, 11
x11 <- 0x0000B000


mem[X,0x8000C060] -> 0x8593
mem[X,0x8000C062] -> 0x5055
[1071] [M]: 0x8000C060 (0x50558593) addi a1, a1, 1285
x11 <- 0x0000B505


mem[X,0x8000C064] -> 0x0113
mem[X,0x8000C066] -> 0x0000
[1072] [M]: 0x8000C064 (0x00000113) addi sp, zero, 0
x2 <- 0x00000000


mem[X,0x8000C068] -> 0x006F
mem[X,0x8000C06A] -> 0x00C0
[1073] [M]: 0x8000C068 (0x00C0006F) jal zero, 12


mem[X,0x8000C074] -> 0x4063
mem[X,0x8000C076] -> 0x10B5
[1074] [M]: 0x8000C074 (0x10B54063) blt a0, a1, 256


mem[X,0x8000C174] -> 0x0113
mem[X,0x8000C176] -> 0x0031
[1075] [M]: 0x8000C174 (0x00310113) addi sp, sp, 3
x2 <- 0x00000003


mem[X,0x8000C178] -> 0x006F
mem[X,0x8000C17A] -> 0x0040
[1076] [M]: 0x8000C178 (0x0040006F) jal zero, 4


mem[X,0x8000C17C] -> 0xAC23
mem[X,0x8000C17E] -> 0x1620
[1077] [M]: 0x8000C17C (0x1620AC23) sw sp, 376(ra)
mem[0x800383E0] <- 0x00000003


mem[X,0x8000C180] -> 0x5537
mem[X,0x8000C182] -> 0x5555
[1078] [M]: 0x8000C180 (0x55555537) lui a0, 349525
x10 <- 0x55555000


mem[X,0x8000C184] -> 0x0513
mem[X,0x8000C186] -> 0x5555
[1079] [M]: 0x8000C184 (0x55550513) addi a0, a0, 1365
x10 <- 0x55555555


mem[X,0x8000C188] -> 0x0593
mem[X,0x8000C18A] -> 0x0030
[1080] [M]: 0x8000C188 (0x00300593) addi a1, zero, 3
x11 <- 0x00000003


mem[X,0x8000C18C] -> 0x0113
mem[X,0x8000C18E] -> 0x0000
[1081] [M]: 0x8000C18C (0x00000113) addi sp, zero, 0
x2 <- 0x00000000


mem[X,0x8000C190] -> 0x006F
mem[X,0x8000C192] -> 0x00C0
[1082] [M]: 0x8000C190 (0x00C0006F) jal zero, 12


mem[X,0x8000C19C] -> 0x4CE3
mem[X,0x8000C19E] -> 0xFEB5
[1083] [M]: 0x8000C19C (0xFEB54CE3) blt a0, a1, 8184


mem[X,0x8000C1A0] -> 0x0113
mem[X,0x8000C1A2] -> 0x0021
[1084] [M]: 0x8000C1A0 (0x00210113) addi sp, sp, 2
x2 <- 0x00000002


mem[X,0x8000C1A4] -> 0x006F
mem[X,0x8000C1A6] -> 0x00C0
[1085] [M]: 0x8000C1A4 (0x00C0006F) jal zero, 12


mem[X,0x8000C1B0] -> 0xAE23
mem[X,0x8000C1B2] -> 0x1620
[1086] [M]: 0x8000C1B0 (0x1620AE23) sw sp, 380(ra)
mem[0x800383E4] <- 0x00000002


mem[X,0x8000C1B4] -> 0x5537
mem[X,0x8000C1B6] -> 0x5555
[1087] [M]: 0x8000C1B4 (0x55555537) lui a0, 349525
x10 <- 0x55555000


mem[X,0x8000C1B8] -> 0x0513
mem[X,0x8000C1BA] -> 0x5555
[1088] [M]: 0x8000C1B8 (0x55550513) addi a0, a0, 1365
x10 <- 0x55555555


mem[X,0x8000C1BC] -> 0x55B7
mem[X,0x8000C1BE] -> 0x5555
[1089] [M]: 0x8000C1BC (0x555555B7) lui a1, 349525
x11 <- 0x55555000


mem[X,0x8000C1C0] -> 0x8593
mem[X,0x8000C1C2] -> 0x5555
[1090] [M]: 0x8000C1C0 (0x55558593) addi a1, a1, 1365
x11 <- 0x55555555


mem[X,0x8000C1C4] -> 0x0113
mem[X,0x8000C1C6] -> 0x0000
[1091] [M]: 0x8000C1C4 (0x00000113) addi sp, zero, 0
x2 <- 0x00000000


mem[X,0x8000C1C8] -> 0x006F
mem[X,0x8000C1CA] -> 0x00C0
[1092] [M]: 0x8000C1C8 (0x00C0006F) jal zero, 12


mem[X,0x8000C1D4] -> 0x4863
mem[X,0x8000C1D6] -> 0x00B5
[1093] [M]: 0x8000C1D4 (0x00B54863) blt a0, a1, 16


mem[X,0x8000C1D8] -> 0x0113
mem[X,0x8000C1DA] -> 0x0021
[1094] [M]: 0x8000C1D8 (0x00210113) addi sp, sp, 2
x2 <- 0x00000002


mem[X,0x8000C1DC] -> 0x006F
mem[X,0x8000C1DE] -> 0x0100
[1095] [M]: 0x8000C1DC (0x0100006F) jal zero, 16


mem[X,0x8000C1EC] -> 0xA023
mem[X,0x8000C1EE] -> 0x1820
[1096] [M]: 0x8000C1EC (0x1820A023) sw sp, 384(ra)
mem[0x800383E8] <- 0x00000002


mem[X,0x8000C1F0] -> 0x5537
mem[X,0x8000C1F2] -> 0x5555
[1097] [M]: 0x8000C1F0 (0x55555537) lui a0, 349525
x10 <- 0x55555000


mem[X,0x8000C1F4] -> 0x0513
mem[X,0x8000C1F6] -> 0x5555
[1098] [M]: 0x8000C1F4 (0x55550513) addi a0, a0, 1365
x10 <- 0x55555555


mem[X,0x8000C1F8] -> 0xB5B7
mem[X,0x8000C1FA] -> 0xAAAA
[1099] [M]: 0x8000C1F8 (0xAAAAB5B7) lui a1, 699051
x11 <- 0xAAAAB000


clint::tick mtime <- 0x000000000000000B
 clint timer pending at mtime 0x000000000000000B
htif::tick 0x0000000000000000
mem[X,0x8000C1FC] -> 0x8593
mem[X,0x8000C1FE] -> 0xAAA5
[1100] [M]: 0x8000C1FC (0xAAA58593) addi a1, a1, 2730
x11 <- 0xAAAAAAAA


mem[X,0x8000C200] -> 0x0113
mem[X,0x8000C202] -> 0x0000
[1101] [M]: 0x8000C200 (0x00000113) addi sp, zero, 0
x2 <- 0x00000000


mem[X,0x8000C204] -> 0x006F
mem[X,0x8000C206] -> 0x00C0
[1102] [M]: 0x8000C204 (0x00C0006F) jal zero, 12


mem[X,0x8000C210] -> 0x4063
mem[X,0x8000C212] -> 0x20B5
[1103] [M]: 0x8000C210 (0x20B54063) blt a0, a1, 512


mem[X,0x8000C214] -> 0x0113
mem[X,0x8000C216] -> 0x0021
[1104] [M]: 0x8000C214 (0x00210113) addi sp, sp, 2
x2 <- 0x00000002


mem[X,0x8000C218] -> 0x006F
mem[X,0x8000C21A] -> 0x2000
[1105] [M]: 0x8000C218 (0x2000006F) jal zero, 512


mem[X,0x8000C418] -> 0xA223
mem[X,0x8000C41A] -> 0x1820
[1106] [M]: 0x8000C418 (0x1820A223) sw sp, 388(ra)
mem[0x800383EC] <- 0x00000002


mem[X,0x8000C41C] -> 0x5537
mem[X,0x8000C41E] -> 0x5555
[1107] [M]: 0x8000C41C (0x55555537) lui a0, 349525
x10 <- 0x55555000


mem[X,0x8000C420] -> 0x0513
mem[X,0x8000C422] -> 0x5555
[1108] [M]: 0x8000C420 (0x55550513) addi a0, a0, 1365
x10 <- 0x55555555


mem[X,0x8000C424] -> 0x0593
mem[X,0x8000C426] -> 0x0050
[1109] [M]: 0x8000C424 (0x00500593) addi a1, zero, 5
x11 <- 0x00000005


mem[X,0x8000C428] -> 0x0113
mem[X,0x8000C42A] -> 0x0000
[1110] [M]: 0x8000C428 (0x00000113) addi sp, zero, 0
x2 <- 0x00000000


mem[X,0x8000C42C] -> 0x006F
mem[X,0x8000C42E] -> 0x00C0
[1111] [M]: 0x8000C42C (0x00C0006F) jal zero, 12


mem[X,0x8000C438] -> 0x4063
mem[X,0x8000C43A] -> 0x10B5
[1112] [M]: 0x8000C438 (0x10B54063) blt a0, a1, 256


mem[X,0x8000C43C] -> 0x0113
mem[X,0x8000C43E] -> 0x0021
[1113] [M]: 0x8000C43C (0x00210113) addi sp, sp, 2
x2 <- 0x00000002


mem[X,0x8000C440] -> 0x006F
mem[X,0x8000C442] -> 0x1000
[1114] [M]: 0x8000C440 (0x1000006F) jal zero, 256


mem[X,0x8000C540] -> 0xA423
mem[X,0x8000C542] -> 0x1820
[1115] [M]: 0x8000C540 (0x1820A423) sw sp, 392(ra)
mem[0x800383F0] <- 0x00000002


mem[X,0x8000C544] -> 0x5537
mem[X,0x8000C546] -> 0x5555
[1116] [M]: 0x8000C544 (0x55555537) lui a0, 349525
x10 <- 0x55555000


mem[X,0x8000C548] -> 0x0513
mem[X,0x8000C54A] -> 0x5555
[1117] [M]: 0x8000C548 (0x55550513) addi a0, a0, 1365
x10 <- 0x55555555


mem[X,0x8000C54C] -> 0x35B7
mem[X,0x8000C54E] -> 0x3333
[1118] [M]: 0x8000C54C (0x333335B7) lui a1, 209715
x11 <- 0x33333000


mem[X,0x8000C550] -> 0x8593
mem[X,0x8000C552] -> 0x3335
[1119] [M]: 0x8000C550 (0x33358593) addi a1, a1, 819
x11 <- 0x33333333


mem[X,0x8000C554] -> 0x0113
mem[X,0x8000C556] -> 0x0000
[1120] [M]: 0x8000C554 (0x00000113) addi sp, zero, 0
x2 <- 0x00000000


mem[X,0x8000C558] -> 0x006F
mem[X,0x8000C55A] -> 0x00C0
[1121] [M]: 0x8000C558 (0x00C0006F) jal zero, 12


mem[X,0x8000C564] -> 0x4663
mem[X,0x8000C566] -> 0x00B5
[1122] [M]: 0x8000C564 (0x00B54663) blt a0, a1, 12


mem[X,0x8000C568] -> 0x0113
mem[X,0x8000C56A] -> 0x0021
[1123] [M]: 0x8000C568 (0x00210113) addi sp, sp, 2
x2 <- 0x00000002


mem[X,0x8000C56C] -> 0x006F
mem[X,0x8000C56E] -> 0x00C0
[1124] [M]: 0x8000C56C (0x00C0006F) jal zero, 12


mem[X,0x8000C578] -> 0xA623
mem[X,0x8000C57A] -> 0x1820
[1125] [M]: 0x8000C578 (0x1820A623) sw sp, 396(ra)
mem[0x800383F4] <- 0x00000002


mem[X,0x8000C57C] -> 0x5537
mem[X,0x8000C57E] -> 0x5555
[1126] [M]: 0x8000C57C (0x55555537) lui a0, 349525
x10 <- 0x55555000


mem[X,0x8000C580] -> 0x0513
mem[X,0x8000C582] -> 0x5555
[1127] [M]: 0x8000C580 (0x55550513) addi a0, a0, 1365
x10 <- 0x55555555


mem[X,0x8000C584] -> 0x65B7
mem[X,0x8000C586] -> 0x6666
[1128] [M]: 0x8000C584 (0x666665B7) lui a1, 419430
x11 <- 0x66666000


mem[X,0x8000C588] -> 0x8593
mem[X,0x8000C58A] -> 0x6665
[1129] [M]: 0x8000C588 (0x66658593) addi a1, a1, 1638
x11 <- 0x66666666


mem[X,0x8000C58C] -> 0x0113
mem[X,0x8000C58E] -> 0x0000
[1130] [M]: 0x8000C58C (0x00000113) addi sp, zero, 0
x2 <- 0x00000000


mem[X,0x8000C590] -> 0x006F
mem[X,0x8000C592] -> 0x00C0
[1131] [M]: 0x8000C590 (0x00C0006F) jal zero, 12


mem[X,0x8000C59C] -> 0x4663
mem[X,0x8000C59E] -> 0x00B5
[1132] [M]: 0x8000C59C (0x00B54663) blt a0, a1, 12


mem[X,0x8000C5A8] -> 0x0113
mem[X,0x8000C5AA] -> 0x0031
[1133] [M]: 0x8000C5A8 (0x00310113) addi sp, sp, 3
x2 <- 0x00000003


mem[X,0x8000C5AC] -> 0x006F
mem[X,0x8000C5AE] -> 0x0040
[1134] [M]: 0x8000C5AC (0x0040006F) jal zero, 4


mem[X,0x8000C5B0] -> 0xA823
mem[X,0x8000C5B2] -> 0x1820
[1135] [M]: 0x8000C5B0 (0x1820A823) sw sp, 400(ra)
mem[0x800383F8] <- 0x00000003


mem[X,0x8000C5B4] -> 0x5537
mem[X,0x8000C5B6] -> 0x5555
[1136] [M]: 0x8000C5B4 (0x55555537) lui a0, 349525
x10 <- 0x55555000


mem[X,0x8000C5B8] -> 0x0513
mem[X,0x8000C5BA] -> 0x5555
[1137] [M]: 0x8000C5B8 (0x55550513) addi a0, a0, 1365
x10 <- 0x55555555


mem[X,0x8000C5BC] -> 0x55B7
mem[X,0x8000C5BE] -> 0xFFFF
[1138] [M]: 0x8000C5BC (0xFFFF55B7) lui a1, 1048565
x11 <- 0xFFFF5000


mem[X,0x8000C5C0] -> 0x8593
mem[X,0x8000C5C2] -> 0xAFC5
[1139] [M]: 0x8000C5C0 (0xAFC58593) addi a1, a1, 2812
x11 <- 0xFFFF4AFC


mem[X,0x8000C5C4] -> 0x0113
mem[X,0x8000C5C6] -> 0x0000
[1140] [M]: 0x8000C5C4 (0x00000113) addi sp, zero, 0
x2 <- 0x00000000


mem[X,0x8000C5C8] -> 0x006F
mem[X,0x8000C5CA] -> 0x0140
[1141] [M]: 0x8000C5C8 (0x0140006F) jal zero, 20


mem[X,0x8000C5DC] -> 0x48E3
mem[X,0x8000C5DE] -> 0xFEB5
[1142] [M]: 0x8000C5DC (0xFEB548E3) blt a0, a1, 8176


mem[X,0x8000C5E0] -> 0x0113
mem[X,0x8000C5E2] -> 0x0021
[1143] [M]: 0x8000C5E0 (0x00210113) addi sp, sp, 2
x2 <- 0x00000002


mem[X,0x8000C5E4] -> 0x006F
mem[X,0x8000C5E6] -> 0x00C0
[1144] [M]: 0x8000C5E4 (0x00C0006F) jal zero, 12


mem[X,0x8000C5F0] -> 0xAA23
mem[X,0x8000C5F2] -> 0x1820
[1145] [M]: 0x8000C5F0 (0x1820AA23) sw sp, 404(ra)
mem[0x800383FC] <- 0x00000002


mem[X,0x8000C5F4] -> 0x5537
mem[X,0x8000C5F6] -> 0x5555
[1146] [M]: 0x8000C5F4 (0x55555537) lui a0, 349525
x10 <- 0x55555000


mem[X,0x8000C5F8] -> 0x0513
mem[X,0x8000C5FA] -> 0x5555
[1147] [M]: 0x8000C5F8 (0x55550513) addi a0, a0, 1365
x10 <- 0x55555555


mem[X,0x8000C5FC] -> 0xB5B7
mem[X,0x8000C5FE] -> 0x0000
[1148] [M]: 0x8000C5FC (0x0000B5B7) lui a1, 11
x11 <- 0x0000B000


mem[X,0x8000C600] -> 0x8593
mem[X,0x8000C602] -> 0x5045
[1149] [M]: 0x8000C600 (0x50458593) addi a1, a1, 1284
x11 <- 0x0000B504


mem[X,0x8000C604] -> 0x0113
mem[X,0x8000C606] -> 0x0000
[1150] [M]: 0x8000C604 (0x00000113) addi sp, zero, 0
x2 <- 0x00000000


mem[X,0x8000C608] -> 0x006F
mem[X,0x8000C60A] -> 0x0050
[1151] [M]: 0x8000C608 (0x0050006F) jal zero, 2052


mem[X,0x8000CE0C] -> 0x40E3
mem[X,0x8000CE0E] -> 0x80B5
[1152] [M]: 0x8000CE0C (0x80B540E3) blt a0, a1, 6144


mem[X,0x8000CE10] -> 0x0113
mem[X,0x8000CE12] -> 0x0021
[1153] [M]: 0x8000CE10 (0x00210113) addi sp, sp, 2
x2 <- 0x00000002


mem[X,0x8000CE14] -> 0x006F
mem[X,0x8000CE16] -> 0x00C0
[1154] [M]: 0x8000CE14 (0x00C0006F) jal zero, 12


mem[X,0x8000CE20] -> 0xAC23
mem[X,0x8000CE22] -> 0x1820
[1155] [M]: 0x8000CE20 (0x1820AC23) sw sp, 408(ra)
mem[0x80038400] <- 0x00000002


mem[X,0x8000CE24] -> 0x5537
mem[X,0x8000CE26] -> 0x5555
[1156] [M]: 0x8000CE24 (0x55555537) lui a0, 349525
x10 <- 0x55555000


mem[X,0x8000CE28] -> 0x0513
mem[X,0x8000CE2A] -> 0x5555
[1157] [M]: 0x8000CE28 (0x55550513) addi a0, a0, 1365
x10 <- 0x55555555


mem[X,0x8000CE2C] -> 0x0593
mem[X,0x8000CE2E] -> 0x0020
[1158] [M]: 0x8000CE2C (0x00200593) addi a1, zero, 2
x11 <- 0x00000002


mem[X,0x8000CE30] -> 0x0113
mem[X,0x8000CE32] -> 0x0000
[1159] [M]: 0x8000CE30 (0x00000113) addi sp, zero, 0
x2 <- 0x00000000


mem[X,0x8000CE34] -> 0x006F
mem[X,0x8000CE36] -> 0x00C0
[1160] [M]: 0x8000CE34 (0x00C0006F) jal zero, 12


mem[X,0x8000CE40] -> 0x4CE3
mem[X,0x8000CE42] -> 0xFEB5
[1161] [M]: 0x8000CE40 (0xFEB54CE3) blt a0, a1, 8184


mem[X,0x8000CE44] -> 0x0113
mem[X,0x8000CE46] -> 0x0021
[1162] [M]: 0x8000CE44 (0x00210113) addi sp, sp, 2
x2 <- 0x00000002


mem[X,0x8000CE48] -> 0x006F
mem[X,0x8000CE4A] -> 0x00C0
[1163] [M]: 0x8000CE48 (0x00C0006F) jal zero, 12


mem[X,0x8000CE54] -> 0xAE23
mem[X,0x8000CE56] -> 0x1820
[1164] [M]: 0x8000CE54 (0x1820AE23) sw sp, 412(ra)
mem[0x80038404] <- 0x00000002


mem[X,0x8000CE58] -> 0x5537
mem[X,0x8000CE5A] -> 0x5555
[1165] [M]: 0x8000CE58 (0x55555537) lui a0, 349525
x10 <- 0x55555000


mem[X,0x8000CE5C] -> 0x0513
mem[X,0x8000CE5E] -> 0x5555
[1166] [M]: 0x8000CE5C (0x55550513) addi a0, a0, 1365
x10 <- 0x55555555


mem[X,0x8000CE60] -> 0x55B7
mem[X,0x8000CE62] -> 0x5555
[1167] [M]: 0x8000CE60 (0x555555B7) lui a1, 349525
x11 <- 0x55555000


mem[X,0x8000CE64] -> 0x8593
mem[X,0x8000CE66] -> 0x5545
[1168] [M]: 0x8000CE64 (0x55458593) addi a1, a1, 1364
x11 <- 0x55555554


mem[X,0x8000CE68] -> 0x0113
mem[X,0x8000CE6A] -> 0x0000
[1169] [M]: 0x8000CE68 (0x00000113) addi sp, zero, 0
x2 <- 0x00000000


mem[X,0x8000CE6C] -> 0x006F
mem[X,0x8000CE6E] -> 0x00C0
[1170] [M]: 0x8000CE6C (0x00C0006F) jal zero, 12


mem[X,0x8000CE78] -> 0x4663
mem[X,0x8000CE7A] -> 0x00B5
[1171] [M]: 0x8000CE78 (0x00B54663) blt a0, a1, 12


mem[X,0x8000CE7C] -> 0x0113
mem[X,0x8000CE7E] -> 0x0021
[1172] [M]: 0x8000CE7C (0x00210113) addi sp, sp, 2
x2 <- 0x00000002


mem[X,0x8000CE80] -> 0x006F
mem[X,0x8000CE82] -> 0x00C0
[1173] [M]: 0x8000CE80 (0x00C0006F) jal zero, 12


mem[X,0x8000CE8C] -> 0xA023
mem[X,0x8000CE8E] -> 0x1A20
[1174] [M]: 0x8000CE8C (0x1A20A023) sw sp, 416(ra)
mem[0x80038408] <- 0x00000002


mem[X,0x8000CE90] -> 0x5537
mem[X,0x8000CE92] -> 0x5555
[1175] [M]: 0x8000CE90 (0x55555537) lui a0, 349525
x10 <- 0x55555000


mem[X,0x8000CE94] -> 0x0513
mem[X,0x8000CE96] -> 0x5555
[1176] [M]: 0x8000CE94 (0x55550513) addi a0, a0, 1365
x10 <- 0x55555555


mem[X,0x8000CE98] -> 0x0593
mem[X,0x8000CE9A] -> 0x0000
[1177] [M]: 0x8000CE98 (0x00000593) addi a1, zero, 0
x11 <- 0x00000000


mem[X,0x8000CE9C] -> 0x0113
mem[X,0x8000CE9E] -> 0x0000
[1178] [M]: 0x8000CE9C (0x00000113) addi sp, zero, 0
x2 <- 0x00000000


mem[X,0x8000CEA0] -> 0x006F
mem[X,0x8000CEA2] -> 0x0050
[1179] [M]: 0x8000CEA0 (0x0050006F) jal zero, 2052


mem[X,0x8000D6A4] -> 0x40E3
mem[X,0x8000D6A6] -> 0x80B5
[1180] [M]: 0x8000D6A4 (0x80B540E3) blt a0, a1, 6144


mem[X,0x8000D6A8] -> 0x0113
mem[X,0x8000D6AA] -> 0x0021
[1181] [M]: 0x8000D6A8 (0x00210113) addi sp, sp, 2
x2 <- 0x00000002


mem[X,0x8000D6AC] -> 0x006F
mem[X,0x8000D6AE] -> 0x00C0
[1182] [M]: 0x8000D6AC (0x00C0006F) jal zero, 12


mem[X,0x8000D6B8] -> 0xA223
mem[X,0x8000D6BA] -> 0x1A20
[1183] [M]: 0x8000D6B8 (0x1A20A223) sw sp, 420(ra)
mem[0x8003840C] <- 0x00000002


mem[X,0x8000D6BC] -> 0x5537
mem[X,0x8000D6BE] -> 0x5555
[1184] [M]: 0x8000D6BC (0x55555537) lui a0, 349525
x10 <- 0x55555000


mem[X,0x8000D6C0] -> 0x0513
mem[X,0x8000D6C2] -> 0x5555
[1185] [M]: 0x8000D6C0 (0x55550513) addi a0, a0, 1365
x10 <- 0x55555555


mem[X,0x8000D6C4] -> 0x0593
mem[X,0x8000D6C6] -> 0x0040
[1186] [M]: 0x8000D6C4 (0x00400593) addi a1, zero, 4
x11 <- 0x00000004


mem[X,0x8000D6C8] -> 0x0113
mem[X,0x8000D6CA] -> 0x0000
[1187] [M]: 0x8000D6C8 (0x00000113) addi sp, zero, 0
x2 <- 0x00000000


mem[X,0x8000D6CC] -> 0x006F
mem[X,0x8000D6CE] -> 0x0100
[1188] [M]: 0x8000D6CC (0x0100006F) jal zero, 16


mem[X,0x8000D6DC] -> 0x4AE3
mem[X,0x8000D6DE] -> 0xFEB5
[1189] [M]: 0x8000D6DC (0xFEB54AE3) blt a0, a1, 8180


mem[X,0x8000D6E0] -> 0x0113
mem[X,0x8000D6E2] -> 0x0021
[1190] [M]: 0x8000D6E0 (0x00210113) addi sp, sp, 2
x2 <- 0x00000002


mem[X,0x8000D6E4] -> 0x006F
mem[X,0x8000D6E6] -> 0x00C0
[1191] [M]: 0x8000D6E4 (0x00C0006F) jal zero, 12


mem[X,0x8000D6F0] -> 0xA423
mem[X,0x8000D6F2] -> 0x1A20
[1192] [M]: 0x8000D6F0 (0x1A20A423) sw sp, 424(ra)
mem[0x80038410] <- 0x00000002


mem[X,0x8000D6F4] -> 0x5537
mem[X,0x8000D6F6] -> 0x5555
[1193] [M]: 0x8000D6F4 (0x55555537) lui a0, 349525
x10 <- 0x55555000


mem[X,0x8000D6F8] -> 0x0513
mem[X,0x8000D6FA] -> 0x5555
[1194] [M]: 0x8000D6F8 (0x55550513) addi a0, a0, 1365
x10 <- 0x55555555


mem[X,0x8000D6FC] -> 0x35B7
mem[X,0x8000D6FE] -> 0x3333
[1195] [M]: 0x8000D6FC (0x333335B7) lui a1, 209715
x11 <- 0x33333000


mem[X,0x8000D700] -> 0x8593
mem[X,0x8000D702] -> 0x3325
[1196] [M]: 0x8000D700 (0x33258593) addi a1, a1, 818
x11 <- 0x33333332


mem[X,0x8000D704] -> 0x0113
mem[X,0x8000D706] -> 0x0000
[1197] [M]: 0x8000D704 (0x00000113) addi sp, zero, 0
x2 <- 0x00000000


mem[X,0x8000D708] -> 0x006F
mem[X,0x8000D70A] -> 0x0180
[1198] [M]: 0x8000D708 (0x0180006F) jal zero, 24


mem[X,0x8000D720] -> 0x46E3
mem[X,0x8000D722] -> 0xFEB5
[1199] [M]: 0x8000D720 (0xFEB546E3) blt a0, a1, 8172


clint::tick mtime <- 0x000000000000000C
 clint timer pending at mtime 0x000000000000000C
htif::tick 0x0000000000000000
mem[X,0x8000D724] -> 0x0113
mem[X,0x8000D726] -> 0x0021
[1200] [M]: 0x8000D724 (0x00210113) addi sp, sp, 2
x2 <- 0x00000002


mem[X,0x8000D728] -> 0x006F
mem[X,0x8000D72A] -> 0x00C0
[1201] [M]: 0x8000D728 (0x00C0006F) jal zero, 12


mem[X,0x8000D734] -> 0xA623
mem[X,0x8000D736] -> 0x1A20
[1202] [M]: 0x8000D734 (0x1A20A623) sw sp, 428(ra)
mem[0x80038414] <- 0x00000002


mem[X,0x8000D738] -> 0x5537
mem[X,0x8000D73A] -> 0x5555
[1203] [M]: 0x8000D738 (0x55555537) lui a0, 349525
x10 <- 0x55555000


mem[X,0x8000D73C] -> 0x0513
mem[X,0x8000D73E] -> 0x5555
[1204] [M]: 0x8000D73C (0x55550513) addi a0, a0, 1365
x10 <- 0x55555555


mem[X,0x8000D740] -> 0x65B7
mem[X,0x8000D742] -> 0x6666
[1205] [M]: 0x8000D740 (0x666665B7) lui a1, 419430
x11 <- 0x66666000


mem[X,0x8000D744] -> 0x8593
mem[X,0x8000D746] -> 0x6655
[1206] [M]: 0x8000D744 (0x66558593) addi a1, a1, 1637
x11 <- 0x66666665


mem[X,0x8000D748] -> 0x0113
mem[X,0x8000D74A] -> 0x0000
[1207] [M]: 0x8000D748 (0x00000113) addi sp, zero, 0
x2 <- 0x00000000


mem[X,0x8000D74C] -> 0x006F
mem[X,0x8000D74E] -> 0x00C0
[1208] [M]: 0x8000D74C (0x00C0006F) jal zero, 12


mem[X,0x8000D758] -> 0x4663
mem[X,0x8000D75A] -> 0x00B5
[1209] [M]: 0x8000D758 (0x00B54663) blt a0, a1, 12


mem[X,0x8000D764] -> 0x0113
mem[X,0x8000D766] -> 0x0031
[1210] [M]: 0x8000D764 (0x00310113) addi sp, sp, 3
x2 <- 0x00000003


mem[X,0x8000D768] -> 0x006F
mem[X,0x8000D76A] -> 0x0040
[1211] [M]: 0x8000D768 (0x0040006F) jal zero, 4


mem[X,0x8000D76C] -> 0xA823
mem[X,0x8000D76E] -> 0x1A20
[1212] [M]: 0x8000D76C (0x1A20A823) sw sp, 432(ra)
mem[0x80038418] <- 0x00000003


mem[X,0x8000D770] -> 0x5537
mem[X,0x8000D772] -> 0x5555
[1213] [M]: 0x8000D770 (0x55555537) lui a0, 349525
x10 <- 0x55555000


mem[X,0x8000D774] -> 0x0513
mem[X,0x8000D776] -> 0x5555
[1214] [M]: 0x8000D774 (0x55550513) addi a0, a0, 1365
x10 <- 0x55555555


mem[X,0x8000D778] -> 0xB5B7
mem[X,0x8000D77A] -> 0x0000
[1215] [M]: 0x8000D778 (0x0000B5B7) lui a1, 11
x11 <- 0x0000B000


mem[X,0x8000D77C] -> 0x8593
mem[X,0x8000D77E] -> 0x5035
[1216] [M]: 0x8000D77C (0x50358593) addi a1, a1, 1283
x11 <- 0x0000B503


mem[X,0x8000D780] -> 0x0113
mem[X,0x8000D782] -> 0x0000
[1217] [M]: 0x8000D780 (0x00000113) addi sp, zero, 0
x2 <- 0x00000000


mem[X,0x8000D784] -> 0x006F
mem[X,0x8000D786] -> 0x00C0
[1218] [M]: 0x8000D784 (0x00C0006F) jal zero, 12


mem[X,0x8000D790] -> 0x4063
mem[X,0x8000D792] -> 0x04B5
[1219] [M]: 0x8000D790 (0x04B54063) blt a0, a1, 64


mem[X,0x8000D794] -> 0x0113
mem[X,0x8000D796] -> 0x0021
[1220] [M]: 0x8000D794 (0x00210113) addi sp, sp, 2
x2 <- 0x00000002


mem[X,0x8000D798] -> 0x006F
mem[X,0x8000D79A] -> 0x0400
[1221] [M]: 0x8000D798 (0x0400006F) jal zero, 64


mem[X,0x8000D7D8] -> 0xAA23
mem[X,0x8000D7DA] -> 0x1A20
[1222] [M]: 0x8000D7D8 (0x1A20AA23) sw sp, 436(ra)
mem[0x8003841C] <- 0x00000002


mem[X,0x8000D7DC] -> 0x5537
mem[X,0x8000D7DE] -> 0x5555
[1223] [M]: 0x8000D7DC (0x55555537) lui a0, 349525
x10 <- 0x55555000


mem[X,0x8000D7E0] -> 0x0513
mem[X,0x8000D7E2] -> 0x5555
[1224] [M]: 0x8000D7E0 (0x55550513) addi a0, a0, 1365
x10 <- 0x55555555


mem[X,0x8000D7E4] -> 0x55B7
mem[X,0x8000D7E6] -> 0x5555
[1225] [M]: 0x8000D7E4 (0x555555B7) lui a1, 349525
x11 <- 0x55555000


mem[X,0x8000D7E8] -> 0x8593
mem[X,0x8000D7EA] -> 0x5565
[1226] [M]: 0x8000D7E8 (0x55658593) addi a1, a1, 1366
x11 <- 0x55555556


mem[X,0x8000D7EC] -> 0x0113
mem[X,0x8000D7EE] -> 0x0000
[1227] [M]: 0x8000D7EC (0x00000113) addi sp, zero, 0
x2 <- 0x00000000


mem[X,0x8000D7F0] -> 0x006F
mem[X,0x8000D7F2] -> 0x0140
[1228] [M]: 0x8000D7F0 (0x0140006F) jal zero, 20


mem[X,0x8000D804] -> 0x48E3
mem[X,0x8000D806] -> 0xFEB5
[1229] [M]: 0x8000D804 (0xFEB548E3) blt a0, a1, 8176


mem[X,0x8000D7F4] -> 0x0113
mem[X,0x8000D7F6] -> 0x0011
[1230] [M]: 0x8000D7F4 (0x00110113) addi sp, sp, 1
x2 <- 0x00000001


mem[X,0x8000D7F8] -> 0x006F
mem[X,0x8000D7FA] -> 0x0200
[1231] [M]: 0x8000D7F8 (0x0200006F) jal zero, 32


mem[X,0x8000D818] -> 0xAC23
mem[X,0x8000D81A] -> 0x1A20
[1232] [M]: 0x8000D818 (0x1A20AC23) sw sp, 440(ra)
mem[0x80038420] <- 0x00000001


mem[X,0x8000D81C] -> 0x5537
mem[X,0x8000D81E] -> 0x5555
[1233] [M]: 0x8000D81C (0x55555537) lui a0, 349525
x10 <- 0x55555000


mem[X,0x8000D820] -> 0x0513
mem[X,0x8000D822] -> 0x5555
[1234] [M]: 0x8000D820 (0x55550513) addi a0, a0, 1365
x10 <- 0x55555555


mem[X,0x8000D824] -> 0xB5B7
mem[X,0x8000D826] -> 0xAAAA
[1235] [M]: 0x8000D824 (0xAAAAB5B7) lui a1, 699051
x11 <- 0xAAAAB000


mem[X,0x8000D828] -> 0x8593
mem[X,0x8000D82A] -> 0xAAB5
[1236] [M]: 0x8000D828 (0xAAB58593) addi a1, a1, 2731
x11 <- 0xAAAAAAAB


mem[X,0x8000D82C] -> 0x0113
mem[X,0x8000D82E] -> 0x0000
[1237] [M]: 0x8000D82C (0x00000113) addi sp, zero, 0
x2 <- 0x00000000


mem[X,0x8000D830] -> 0x006F
mem[X,0x8000D832] -> 0x00C0
[1238] [M]: 0x8000D830 (0x00C0006F) jal zero, 12


mem[X,0x8000D83C] -> 0x4063
mem[X,0x8000D83E] -> 0x40B5
[1239] [M]: 0x8000D83C (0x40B54063) blt a0, a1, 1024


mem[X,0x8000D840] -> 0x0113
mem[X,0x8000D842] -> 0x0021
[1240] [M]: 0x8000D840 (0x00210113) addi sp, sp, 2
x2 <- 0x00000002


mem[X,0x8000D844] -> 0x006F
mem[X,0x8000D846] -> 0x4000
[1241] [M]: 0x8000D844 (0x4000006F) jal zero, 1024


mem[X,0x8000DC44] -> 0xAE23
mem[X,0x8000DC46] -> 0x1A20
[1242] [M]: 0x8000DC44 (0x1A20AE23) sw sp, 444(ra)
mem[0x80038424] <- 0x00000002


mem[X,0x8000DC48] -> 0x5537
mem[X,0x8000DC4A] -> 0x5555
[1243] [M]: 0x8000DC48 (0x55555537) lui a0, 349525
x10 <- 0x55555000


mem[X,0x8000DC4C] -> 0x0513
mem[X,0x8000DC4E] -> 0x5555
[1244] [M]: 0x8000DC4C (0x55550513) addi a0, a0, 1365
x10 <- 0x55555555


mem[X,0x8000DC50] -> 0x0593
mem[X,0x8000DC52] -> 0x0060
[1245] [M]: 0x8000DC50 (0x00600593) addi a1, zero, 6
x11 <- 0x00000006


mem[X,0x8000DC54] -> 0x0113
mem[X,0x8000DC56] -> 0x0000
[1246] [M]: 0x8000DC54 (0x00000113) addi sp, zero, 0
x2 <- 0x00000000


mem[X,0x8000DC58] -> 0x006F
mem[X,0x8000DC5A] -> 0x00C0
[1247] [M]: 0x8000DC58 (0x00C0006F) jal zero, 12


mem[X,0x8000DC64] -> 0x4063
mem[X,0x8000DC66] -> 0x02B5
[1248] [M]: 0x8000DC64 (0x02B54063) blt a0, a1, 32


mem[X,0x8000DC68] -> 0x0113
mem[X,0x8000DC6A] -> 0x0021
[1249] [M]: 0x8000DC68 (0x00210113) addi sp, sp, 2
x2 <- 0x00000002


mem[X,0x8000DC6C] -> 0x006F
mem[X,0x8000DC6E] -> 0x0200
[1250] [M]: 0x8000DC6C (0x0200006F) jal zero, 32


mem[X,0x8000DC8C] -> 0xA023
mem[X,0x8000DC8E] -> 0x1C20
[1251] [M]: 0x8000DC8C (0x1C20A023) sw sp, 448(ra)
mem[0x80038428] <- 0x00000002


mem[X,0x8000DC90] -> 0x5537
mem[X,0x8000DC92] -> 0x5555
[1252] [M]: 0x8000DC90 (0x55555537) lui a0, 349525
x10 <- 0x55555000


mem[X,0x8000DC94] -> 0x0513
mem[X,0x8000DC96] -> 0x5555
[1253] [M]: 0x8000DC94 (0x55550513) addi a0, a0, 1365
x10 <- 0x55555555


mem[X,0x8000DC98] -> 0x35B7
mem[X,0x8000DC9A] -> 0x3333
[1254] [M]: 0x8000DC98 (0x333335B7) lui a1, 209715
x11 <- 0x33333000


mem[X,0x8000DC9C] -> 0x8593
mem[X,0x8000DC9E] -> 0x3345
[1255] [M]: 0x8000DC9C (0x33458593) addi a1, a1, 820
x11 <- 0x33333334


mem[X,0x8000DCA0] -> 0x0113
mem[X,0x8000DCA2] -> 0x0000
[1256] [M]: 0x8000DCA0 (0x00000113) addi sp, zero, 0
x2 <- 0x00000000


mem[X,0x8000DCA4] -> 0x006F
mem[X,0x8000DCA6] -> 0x00C0
[1257] [M]: 0x8000DCA4 (0x00C0006F) jal zero, 12


mem[X,0x8000DCB0] -> 0x4CE3
mem[X,0x8000DCB2] -> 0xFEB5
[1258] [M]: 0x8000DCB0 (0xFEB54CE3) blt a0, a1, 8184


mem[X,0x8000DCB4] -> 0x0113
mem[X,0x8000DCB6] -> 0x0021
[1259] [M]: 0x8000DCB4 (0x00210113) addi sp, sp, 2
x2 <- 0x00000002


mem[X,0x8000DCB8] -> 0x006F
mem[X,0x8000DCBA] -> 0x00C0
[1260] [M]: 0x8000DCB8 (0x00C0006F) jal zero, 12


mem[X,0x8000DCC4] -> 0xA223
mem[X,0x8000DCC6] -> 0x1C20
[1261] [M]: 0x8000DCC4 (0x1C20A223) sw sp, 452(ra)
mem[0x8003842C] <- 0x00000002


mem[X,0x8000DCC8] -> 0x5537
mem[X,0x8000DCCA] -> 0x5555
[1262] [M]: 0x8000DCC8 (0x55555537) lui a0, 349525
x10 <- 0x55555000


mem[X,0x8000DCCC] -> 0x0513
mem[X,0x8000DCCE] -> 0x5555
[1263] [M]: 0x8000DCCC (0x55550513) addi a0, a0, 1365
x10 <- 0x55555555


mem[X,0x8000DCD0] -> 0x65B7
mem[X,0x8000DCD2] -> 0x6666
[1264] [M]: 0x8000DCD0 (0x666665B7) lui a1, 419430
x11 <- 0x66666000


mem[X,0x8000DCD4] -> 0x8593
mem[X,0x8000DCD6] -> 0x6675
[1265] [M]: 0x8000DCD4 (0x66758593) addi a1, a1, 1639
x11 <- 0x66666667


mem[X,0x8000DCD8] -> 0x0113
mem[X,0x8000DCDA] -> 0x0000
[1266] [M]: 0x8000DCD8 (0x00000113) addi sp, zero, 0
x2 <- 0x00000000


mem[X,0x8000DCDC] -> 0x006F
mem[X,0x8000DCDE] -> 0x00C0
[1267] [M]: 0x8000DCDC (0x00C0006F) jal zero, 12


mem[X,0x8000DCE8] -> 0x4CE3
mem[X,0x8000DCEA] -> 0xFEB5
[1268] [M]: 0x8000DCE8 (0xFEB54CE3) blt a0, a1, 8184


mem[X,0x8000DCE0] -> 0x0113
mem[X,0x8000DCE2] -> 0x0011
[1269] [M]: 0x8000DCE0 (0x00110113) addi sp, sp, 1
x2 <- 0x00000001


mem[X,0x8000DCE4] -> 0x006F
mem[X,0x8000DCE6] -> 0x0180
[1270] [M]: 0x8000DCE4 (0x0180006F) jal zero, 24


mem[X,0x8000DCFC] -> 0xA423
mem[X,0x8000DCFE] -> 0x1C20
[1271] [M]: 0x8000DCFC (0x1C20A423) sw sp, 456(ra)
mem[0x80038430] <- 0x00000001


mem[X,0x8000DD00] -> 0x5537
mem[X,0x8000DD02] -> 0x5555
[1272] [M]: 0x8000DD00 (0x55555537) lui a0, 349525
x10 <- 0x55555000


mem[X,0x8000DD04] -> 0x0513
mem[X,0x8000DD06] -> 0x5555
[1273] [M]: 0x8000DD04 (0x55550513) addi a0, a0, 1365
x10 <- 0x55555555


mem[X,0x8000DD08] -> 0x55B7
mem[X,0x8000DD0A] -> 0xFFFF
[1274] [M]: 0x8000DD08 (0xFFFF55B7) lui a1, 1048565
x11 <- 0xFFFF5000


mem[X,0x8000DD0C] -> 0x8593
mem[X,0x8000DD0E] -> 0xAFD5
[1275] [M]: 0x8000DD0C (0xAFD58593) addi a1, a1, 2813
x11 <- 0xFFFF4AFD


mem[X,0x8000DD10] -> 0x0113
mem[X,0x8000DD12] -> 0x0000
[1276] [M]: 0x8000DD10 (0x00000113) addi sp, zero, 0
x2 <- 0x00000000


mem[X,0x8000DD14] -> 0x006F
mem[X,0x8000DD16] -> 0x0100
[1277] [M]: 0x8000DD14 (0x0100006F) jal zero, 16


mem[X,0x8000DD24] -> 0x4AE3
mem[X,0x8000DD26] -> 0xFEB5
[1278] [M]: 0x8000DD24 (0xFEB54AE3) blt a0, a1, 8180


mem[X,0x8000DD28] -> 0x0113
mem[X,0x8000DD2A] -> 0x0021
[1279] [M]: 0x8000DD28 (0x00210113) addi sp, sp, 2
x2 <- 0x00000002


mem[X,0x8000DD2C] -> 0x006F
mem[X,0x8000DD2E] -> 0x00C0
[1280] [M]: 0x8000DD2C (0x00C0006F) jal zero, 12


mem[X,0x8000DD38] -> 0xA623
mem[X,0x8000DD3A] -> 0x1C20
[1281] [M]: 0x8000DD38 (0x1C20A623) sw sp, 460(ra)
mem[0x80038434] <- 0x00000002


mem[X,0x8000DD3C] -> 0x5537
mem[X,0x8000DD3E] -> 0x5555
[1282] [M]: 0x8000DD3C (0x55555537) lui a0, 349525
x10 <- 0x55555000


mem[X,0x8000DD40] -> 0x0513
mem[X,0x8000DD42] -> 0x5555
[1283] [M]: 0x8000DD40 (0x55550513) addi a0, a0, 1365
x10 <- 0x55555555


mem[X,0x8000DD44] -> 0xB5B7
mem[X,0x8000DD46] -> 0x0000
[1284] [M]: 0x8000DD44 (0x0000B5B7) lui a1, 11
x11 <- 0x0000B000


mem[X,0x8000DD48] -> 0x8593
mem[X,0x8000DD4A] -> 0x5055
[1285] [M]: 0x8000DD48 (0x50558593) addi a1, a1, 1285
x11 <- 0x0000B505


mem[X,0x8000DD4C] -> 0x0113
mem[X,0x8000DD4E] -> 0x0000
[1286] [M]: 0x8000DD4C (0x00000113) addi sp, zero, 0
x2 <- 0x00000000


mem[X,0x8000DD50] -> 0x006F
mem[X,0x8000DD52] -> 0x00C0
[1287] [M]: 0x8000DD50 (0x00C0006F) jal zero, 12


mem[X,0x8000DD5C] -> 0x4063
mem[X,0x8000DD5E] -> 0x20B5
[1288] [M]: 0x8000DD5C (0x20B54063) blt a0, a1, 512


mem[X,0x8000DD60] -> 0x0113
mem[X,0x8000DD62] -> 0x0021
[1289] [M]: 0x8000DD60 (0x00210113) addi sp, sp, 2
x2 <- 0x00000002


mem[X,0x8000DD64] -> 0x006F
mem[X,0x8000DD66] -> 0x2000
[1290] [M]: 0x8000DD64 (0x2000006F) jal zero, 512


mem[X,0x8000DF64] -> 0xA823
mem[X,0x8000DF66] -> 0x1C20
[1291] [M]: 0x8000DF64 (0x1C20A823) sw sp, 464(ra)
mem[0x80038438] <- 0x00000002


mem[X,0x8000DF68] -> 0xB537
mem[X,0x8000DF6A] -> 0xAAAA
[1292] [M]: 0x8000DF68 (0xAAAAB537) lui a0, 699051
x10 <- 0xAAAAB000


mem[X,0x8000DF6C] -> 0x0513
mem[X,0x8000DF6E] -> 0xAAA5
[1293] [M]: 0x8000DF6C (0xAAA50513) addi a0, a0, 2730
x10 <- 0xAAAAAAAA


mem[X,0x8000DF70] -> 0x0593
mem[X,0x8000DF72] -> 0x0030
[1294] [M]: 0x8000DF70 (0x00300593) addi a1, zero, 3
x11 <- 0x00000003


mem[X,0x8000DF74] -> 0x0113
mem[X,0x8000DF76] -> 0x0000
[1295] [M]: 0x8000DF74 (0x00000113) addi sp, zero, 0
x2 <- 0x00000000


mem[X,0x8000DF78] -> 0x006F
mem[X,0x8000DF7A] -> 0x00C0
[1296] [M]: 0x8000DF78 (0x00C0006F) jal zero, 12


mem[X,0x8000DF84] -> 0x4CE3
mem[X,0x8000DF86] -> 0xFEB5
[1297] [M]: 0x8000DF84 (0xFEB54CE3) blt a0, a1, 8184


mem[X,0x8000DF7C] -> 0x0113
mem[X,0x8000DF7E] -> 0x0011
[1298] [M]: 0x8000DF7C (0x00110113) addi sp, sp, 1
x2 <- 0x00000001


mem[X,0x8000DF80] -> 0x006F
mem[X,0x8000DF82] -> 0x0180
[1299] [M]: 0x8000DF80 (0x0180006F) jal zero, 24


clint::tick mtime <- 0x000000000000000D
 clint timer pending at mtime 0x000000000000000D
htif::tick 0x0000000000000000
mem[X,0x8000DF98] -> 0xAA23
mem[X,0x8000DF9A] -> 0x1C20
[1300] [M]: 0x8000DF98 (0x1C20AA23) sw sp, 468(ra)
mem[0x8003843C] <- 0x00000001


mem[X,0x8000DF9C] -> 0xB537
mem[X,0x8000DF9E] -> 0xAAAA
[1301] [M]: 0x8000DF9C (0xAAAAB537) lui a0, 699051
x10 <- 0xAAAAB000


mem[X,0x8000DFA0] -> 0x0513
mem[X,0x8000DFA2] -> 0xAAA5
[1302] [M]: 0x8000DFA0 (0xAAA50513) addi a0, a0, 2730
x10 <- 0xAAAAAAAA


mem[X,0x8000DFA4] -> 0x55B7
mem[X,0x8000DFA6] -> 0x5555
[1303] [M]: 0x8000DFA4 (0x555555B7) lui a1, 349525
x11 <- 0x55555000


mem[X,0x8000DFA8] -> 0x8593
mem[X,0x8000DFAA] -> 0x5555
[1304] [M]: 0x8000DFA8 (0x55558593) addi a1, a1, 1365
x11 <- 0x55555555


mem[X,0x8000DFAC] -> 0x0113
mem[X,0x8000DFAE] -> 0x0000
[1305] [M]: 0x8000DFAC (0x00000113) addi sp, zero, 0
x2 <- 0x00000000


mem[X,0x8000DFB0] -> 0x006F
mem[X,0x8000DFB2] -> 0x0050
[1306] [M]: 0x8000DFB0 (0x0050006F) jal zero, 2052


mem[X,0x8000E7B4] -> 0x40E3
mem[X,0x8000E7B6] -> 0x80B5
[1307] [M]: 0x8000E7B4 (0x80B540E3) blt a0, a1, 6144


mem[X,0x8000DFB4] -> 0x0113
mem[X,0x8000DFB6] -> 0x0011
[1308] [M]: 0x8000DFB4 (0x00110113) addi sp, sp, 1
x2 <- 0x00000001


mem[X,0x8000DFB8] -> 0x006F
mem[X,0x8000DFBA] -> 0x0110
[1309] [M]: 0x8000DFB8 (0x0110006F) jal zero, 2064


mem[X,0x8000E7C8] -> 0xAC23
mem[X,0x8000E7CA] -> 0x1C20
[1310] [M]: 0x8000E7C8 (0x1C20AC23) sw sp, 472(ra)
mem[0x80038440] <- 0x00000001


mem[X,0x8000E7CC] -> 0xB537
mem[X,0x8000E7CE] -> 0xAAAA
[1311] [M]: 0x8000E7CC (0xAAAAB537) lui a0, 699051
x10 <- 0xAAAAB000


mem[X,0x8000E7D0] -> 0x0513
mem[X,0x8000E7D2] -> 0xAAA5
[1312] [M]: 0x8000E7D0 (0xAAA50513) addi a0, a0, 2730
x10 <- 0xAAAAAAAA


mem[X,0x8000E7D4] -> 0xB5B7
mem[X,0x8000E7D6] -> 0xAAAA
[1313] [M]: 0x8000E7D4 (0xAAAAB5B7) lui a1, 699051
x11 <- 0xAAAAB000


mem[X,0x8000E7D8] -> 0x8593
mem[X,0x8000E7DA] -> 0xAAA5
[1314] [M]: 0x8000E7D8 (0xAAA58593) addi a1, a1, 2730
x11 <- 0xAAAAAAAA


mem[X,0x8000E7DC] -> 0x0113
mem[X,0x8000E7DE] -> 0x0000
[1315] [M]: 0x8000E7DC (0x00000113) addi sp, zero, 0
x2 <- 0x00000000


mem[X,0x8000E7E0] -> 0x006F
mem[X,0x8000E7E2] -> 0x0140
[1316] [M]: 0x8000E7E0 (0x0140006F) jal zero, 20


mem[X,0x8000E7F4] -> 0x48E3
mem[X,0x8000E7F6] -> 0xFEB5
[1317] [M]: 0x8000E7F4 (0xFEB548E3) blt a0, a1, 8176


mem[X,0x8000E7F8] -> 0x0113
mem[X,0x8000E7FA] -> 0x0021
[1318] [M]: 0x8000E7F8 (0x00210113) addi sp, sp, 2
x2 <- 0x00000002


mem[X,0x8000E7FC] -> 0x006F
mem[X,0x8000E7FE] -> 0x00C0
[1319] [M]: 0x8000E7FC (0x00C0006F) jal zero, 12


mem[X,0x8000E808] -> 0xAE23
mem[X,0x8000E80A] -> 0x1C20
[1320] [M]: 0x8000E808 (0x1C20AE23) sw sp, 476(ra)
mem[0x80038444] <- 0x00000002


mem[X,0x8000E80C] -> 0xB537
mem[X,0x8000E80E] -> 0xAAAA
[1321] [M]: 0x8000E80C (0xAAAAB537) lui a0, 699051
x10 <- 0xAAAAB000


mem[X,0x8000E810] -> 0x0513
mem[X,0x8000E812] -> 0xAAA5
[1322] [M]: 0x8000E810 (0xAAA50513) addi a0, a0, 2730
x10 <- 0xAAAAAAAA


mem[X,0x8000E814] -> 0x0593
mem[X,0x8000E816] -> 0x0050
[1323] [M]: 0x8000E814 (0x00500593) addi a1, zero, 5
x11 <- 0x00000005


mem[X,0x8000E818] -> 0x0113
mem[X,0x8000E81A] -> 0x0000
[1324] [M]: 0x8000E818 (0x00000113) addi sp, zero, 0
x2 <- 0x00000000


mem[X,0x8000E81C] -> 0x006F
mem[X,0x8000E81E] -> 0x00C0
[1325] [M]: 0x8000E81C (0x00C0006F) jal zero, 12


mem[X,0x8000E828] -> 0x4863
mem[X,0x8000E82A] -> 0x00B5
[1326] [M]: 0x8000E828 (0x00B54863) blt a0, a1, 16


mem[X,0x8000E838] -> 0x0113
mem[X,0x8000E83A] -> 0x0031
[1327] [M]: 0x8000E838 (0x00310113) addi sp, sp, 3
x2 <- 0x00000003


mem[X,0x8000E83C] -> 0x006F
mem[X,0x8000E83E] -> 0x0040
[1328] [M]: 0x8000E83C (0x0040006F) jal zero, 4


mem[X,0x8000E840] -> 0xA023
mem[X,0x8000E842] -> 0x1E20
[1329] [M]: 0x8000E840 (0x1E20A023) sw sp, 480(ra)
mem[0x80038448] <- 0x00000003


mem[X,0x8000E844] -> 0xB537
mem[X,0x8000E846] -> 0xAAAA
[1330] [M]: 0x8000E844 (0xAAAAB537) lui a0, 699051
x10 <- 0xAAAAB000


mem[X,0x8000E848] -> 0x0513
mem[X,0x8000E84A] -> 0xAAA5
[1331] [M]: 0x8000E848 (0xAAA50513) addi a0, a0, 2730
x10 <- 0xAAAAAAAA


mem[X,0x8000E84C] -> 0x35B7
mem[X,0x8000E84E] -> 0x3333
[1332] [M]: 0x8000E84C (0x333335B7) lui a1, 209715
x11 <- 0x33333000


mem[X,0x8000E850] -> 0x8593
mem[X,0x8000E852] -> 0x3335
[1333] [M]: 0x8000E850 (0x33358593) addi a1, a1, 819
x11 <- 0x33333333


mem[X,0x8000E854] -> 0x0113
mem[X,0x8000E856] -> 0x0000
[1334] [M]: 0x8000E854 (0x00000113) addi sp, zero, 0
x2 <- 0x00000000


mem[X,0x8000E858] -> 0x006F
mem[X,0x8000E85A] -> 0x00C0
[1335] [M]: 0x8000E858 (0x00C0006F) jal zero, 12


mem[X,0x8000E864] -> 0x4CE3
mem[X,0x8000E866] -> 0xFEB5
[1336] [M]: 0x8000E864 (0xFEB54CE3) blt a0, a1, 8184


mem[X,0x8000E85C] -> 0x0113
mem[X,0x8000E85E] -> 0x0011
[1337] [M]: 0x8000E85C (0x00110113) addi sp, sp, 1
x2 <- 0x00000001


mem[X,0x8000E860] -> 0x006F
mem[X,0x8000E862] -> 0x0180
[1338] [M]: 0x8000E860 (0x0180006F) jal zero, 24


mem[X,0x8000E878] -> 0xA223
mem[X,0x8000E87A] -> 0x1E20
[1339] [M]: 0x8000E878 (0x1E20A223) sw sp, 484(ra)
mem[0x8003844C] <- 0x00000001


mem[X,0x8000E87C] -> 0xB537
mem[X,0x8000E87E] -> 0xAAAA
[1340] [M]: 0x8000E87C (0xAAAAB537) lui a0, 699051
x10 <- 0xAAAAB000


mem[X,0x8000E880] -> 0x0513
mem[X,0x8000E882] -> 0xAAA5
[1341] [M]: 0x8000E880 (0xAAA50513) addi a0, a0, 2730
x10 <- 0xAAAAAAAA


mem[X,0x8000E884] -> 0x65B7
mem[X,0x8000E886] -> 0x6666
[1342] [M]: 0x8000E884 (0x666665B7) lui a1, 419430
x11 <- 0x66666000


mem[X,0x8000E888] -> 0x8593
mem[X,0x8000E88A] -> 0x6665
[1343] [M]: 0x8000E888 (0x66658593) addi a1, a1, 1638
x11 <- 0x66666666


mem[X,0x8000E88C] -> 0x0113
mem[X,0x8000E88E] -> 0x0000
[1344] [M]: 0x8000E88C (0x00000113) addi sp, zero, 0
x2 <- 0x00000000


mem[X,0x8000E890] -> 0x006F
mem[X,0x8000E892] -> 0x0100
[1345] [M]: 0x8000E890 (0x0100006F) jal zero, 16


mem[X,0x8000E8A0] -> 0x4AE3
mem[X,0x8000E8A2] -> 0xFEB5
[1346] [M]: 0x8000E8A0 (0xFEB54AE3) blt a0, a1, 8180


mem[X,0x8000E894] -> 0x0113
mem[X,0x8000E896] -> 0x0011
[1347] [M]: 0x8000E894 (0x00110113) addi sp, sp, 1
x2 <- 0x00000001


mem[X,0x8000E898] -> 0x006F
mem[X,0x8000E89A] -> 0x01C0
[1348] [M]: 0x8000E898 (0x01C0006F) jal zero, 28


mem[X,0x8000E8B4] -> 0xA423
mem[X,0x8000E8B6] -> 0x1E20
[1349] [M]: 0x8000E8B4 (0x1E20A423) sw sp, 488(ra)
mem[0x80038450] <- 0x00000001


mem[X,0x8000E8B8] -> 0xB537
mem[X,0x8000E8BA] -> 0xAAAA
[1350] [M]: 0x8000E8B8 (0xAAAAB537) lui a0, 699051
x10 <- 0xAAAAB000


mem[X,0x8000E8BC] -> 0x0513
mem[X,0x8000E8BE] -> 0xAAA5
[1351] [M]: 0x8000E8BC (0xAAA50513) addi a0, a0, 2730
x10 <- 0xAAAAAAAA


mem[X,0x8000E8C0] -> 0x55B7
mem[X,0x8000E8C2] -> 0xFFFF
[1352] [M]: 0x8000E8C0 (0xFFFF55B7) lui a1, 1048565
x11 <- 0xFFFF5000


mem[X,0x8000E8C4] -> 0x8593
mem[X,0x8000E8C6] -> 0xAFC5
[1353] [M]: 0x8000E8C4 (0xAFC58593) addi a1, a1, 2812
x11 <- 0xFFFF4AFC


mem[X,0x8000E8C8] -> 0x0113
mem[X,0x8000E8CA] -> 0x0000
[1354] [M]: 0x8000E8C8 (0x00000113) addi sp, zero, 0
x2 <- 0x00000000


mem[X,0x8000E8CC] -> 0x006F
mem[X,0x8000E8CE] -> 0x00C0
[1355] [M]: 0x8000E8CC (0x00C0006F) jal zero, 12


mem[X,0x8000E8D8] -> 0x4063
mem[X,0x8000E8DA] -> 0x08B5
[1356] [M]: 0x8000E8D8 (0x08B54063) blt a0, a1, 128


mem[X,0x8000E958] -> 0x0113
mem[X,0x8000E95A] -> 0x0031
[1357] [M]: 0x8000E958 (0x00310113) addi sp, sp, 3
x2 <- 0x00000003


mem[X,0x8000E95C] -> 0x006F
mem[X,0x8000E95E] -> 0x0040
[1358] [M]: 0x8000E95C (0x0040006F) jal zero, 4


mem[X,0x8000E960] -> 0xA623
mem[X,0x8000E962] -> 0x1E20
[1359] [M]: 0x8000E960 (0x1E20A623) sw sp, 492(ra)
mem[0x80038454] <- 0x00000003


mem[X,0x8000E964] -> 0xB537
mem[X,0x8000E966] -> 0xAAAA
[1360] [M]: 0x8000E964 (0xAAAAB537) lui a0, 699051
x10 <- 0xAAAAB000


mem[X,0x8000E968] -> 0x0513
mem[X,0x8000E96A] -> 0xAAA5
[1361] [M]: 0x8000E968 (0xAAA50513) addi a0, a0, 2730
x10 <- 0xAAAAAAAA


mem[X,0x8000E96C] -> 0xB5B7
mem[X,0x8000E96E] -> 0x0000
[1362] [M]: 0x8000E96C (0x0000B5B7) lui a1, 11
x11 <- 0x0000B000


mem[X,0x8000E970] -> 0x8593
mem[X,0x8000E972] -> 0x5045
[1363] [M]: 0x8000E970 (0x50458593) addi a1, a1, 1284
x11 <- 0x0000B504


mem[X,0x8000E974] -> 0x0113
mem[X,0x8000E976] -> 0x0000
[1364] [M]: 0x8000E974 (0x00000113) addi sp, zero, 0
x2 <- 0x00000000


mem[X,0x8000E978] -> 0x006F
mem[X,0x8000E97A] -> 0x00C0
[1365] [M]: 0x8000E978 (0x00C0006F) jal zero, 12


mem[X,0x8000E984] -> 0x4063
mem[X,0x8000E986] -> 0x02B5
[1366] [M]: 0x8000E984 (0x02B54063) blt a0, a1, 32


mem[X,0x8000E9A4] -> 0x0113
mem[X,0x8000E9A6] -> 0x0031
[1367] [M]: 0x8000E9A4 (0x00310113) addi sp, sp, 3
x2 <- 0x00000003


mem[X,0x8000E9A8] -> 0x006F
mem[X,0x8000E9AA] -> 0x0040
[1368] [M]: 0x8000E9A8 (0x0040006F) jal zero, 4


mem[X,0x8000E9AC] -> 0xA823
mem[X,0x8000E9AE] -> 0x1E20
[1369] [M]: 0x8000E9AC (0x1E20A823) sw sp, 496(ra)
mem[0x80038458] <- 0x00000003


mem[X,0x8000E9B0] -> 0xB537
mem[X,0x8000E9B2] -> 0xAAAA
[1370] [M]: 0x8000E9B0 (0xAAAAB537) lui a0, 699051
x10 <- 0xAAAAB000


mem[X,0x8000E9B4] -> 0x0513
mem[X,0x8000E9B6] -> 0xAAA5
[1371] [M]: 0x8000E9B4 (0xAAA50513) addi a0, a0, 2730
x10 <- 0xAAAAAAAA


mem[X,0x8000E9B8] -> 0x0593
mem[X,0x8000E9BA] -> 0x0020
[1372] [M]: 0x8000E9B8 (0x00200593) addi a1, zero, 2
x11 <- 0x00000002


mem[X,0x8000E9BC] -> 0x0113
mem[X,0x8000E9BE] -> 0x0000
[1373] [M]: 0x8000E9BC (0x00000113) addi sp, zero, 0
x2 <- 0x00000000


mem[X,0x8000E9C0] -> 0x006F
mem[X,0x8000E9C2] -> 0x0100
[1374] [M]: 0x8000E9C0 (0x0100006F) jal zero, 16


mem[X,0x8000E9D0] -> 0x4AE3
mem[X,0x8000E9D2] -> 0xFEB5
[1375] [M]: 0x8000E9D0 (0xFEB54AE3) blt a0, a1, 8180


mem[X,0x8000E9C4] -> 0x0113
mem[X,0x8000E9C6] -> 0x0011
[1376] [M]: 0x8000E9C4 (0x00110113) addi sp, sp, 1
x2 <- 0x00000001


mem[X,0x8000E9C8] -> 0x006F
mem[X,0x8000E9CA] -> 0x01C0
[1377] [M]: 0x8000E9C8 (0x01C0006F) jal zero, 28


mem[X,0x8000E9E4] -> 0xAA23
mem[X,0x8000E9E6] -> 0x1E20
[1378] [M]: 0x8000E9E4 (0x1E20AA23) sw sp, 500(ra)
mem[0x8003845C] <- 0x00000001


mem[X,0x8000E9E8] -> 0xB537
mem[X,0x8000E9EA] -> 0xAAAA
[1379] [M]: 0x8000E9E8 (0xAAAAB537) lui a0, 699051
x10 <- 0xAAAAB000


mem[X,0x8000E9EC] -> 0x0513
mem[X,0x8000E9EE] -> 0xAAA5
[1380] [M]: 0x8000E9EC (0xAAA50513) addi a0, a0, 2730
x10 <- 0xAAAAAAAA


mem[X,0x8000E9F0] -> 0x55B7
mem[X,0x8000E9F2] -> 0x5555
[1381] [M]: 0x8000E9F0 (0x555555B7) lui a1, 349525
x11 <- 0x55555000


mem[X,0x8000E9F4] -> 0x8593
mem[X,0x8000E9F6] -> 0x5545
[1382] [M]: 0x8000E9F4 (0x55458593) addi a1, a1, 1364
x11 <- 0x55555554


mem[X,0x8000E9F8] -> 0x0113
mem[X,0x8000E9FA] -> 0x0000
[1383] [M]: 0x8000E9F8 (0x00000113) addi sp, zero, 0
x2 <- 0x00000000


mem[X,0x8000E9FC] -> 0x006F
mem[X,0x8000E9FE] -> 0x00C0
[1384] [M]: 0x8000E9FC (0x00C0006F) jal zero, 12


mem[X,0x8000EA08] -> 0x4063
mem[X,0x8000EA0A] -> 0x02B5
[1385] [M]: 0x8000EA08 (0x02B54063) blt a0, a1, 32


mem[X,0x8000EA28] -> 0x0113
mem[X,0x8000EA2A] -> 0x0031
[1386] [M]: 0x8000EA28 (0x00310113) addi sp, sp, 3
x2 <- 0x00000003


mem[X,0x8000EA2C] -> 0x006F
mem[X,0x8000EA2E] -> 0x0040
[1387] [M]: 0x8000EA2C (0x0040006F) jal zero, 4


mem[X,0x8000EA30] -> 0xAC23
mem[X,0x8000EA32] -> 0x1E20
[1388] [M]: 0x8000EA30 (0x1E20AC23) sw sp, 504(ra)
mem[0x80038460] <- 0x00000003


mem[X,0x8000EA34] -> 0xB537
mem[X,0x8000EA36] -> 0xAAAA
[1389] [M]: 0x8000EA34 (0xAAAAB537) lui a0, 699051
x10 <- 0xAAAAB000


mem[X,0x8000EA38] -> 0x0513
mem[X,0x8000EA3A] -> 0xAAA5
[1390] [M]: 0x8000EA38 (0xAAA50513) addi a0, a0, 2730
x10 <- 0xAAAAAAAA


mem[X,0x8000EA3C] -> 0x0593
mem[X,0x8000EA3E] -> 0x0000
[1391] [M]: 0x8000EA3C (0x00000593) addi a1, zero, 0
x11 <- 0x00000000


mem[X,0x8000EA40] -> 0x0113
mem[X,0x8000EA42] -> 0x0000
[1392] [M]: 0x8000EA40 (0x00000113) addi sp, zero, 0
x2 <- 0x00000000


mem[X,0x8000EA44] -> 0x006F
mem[X,0x8000EA46] -> 0x00C0
[1393] [M]: 0x8000EA44 (0x00C0006F) jal zero, 12


mem[X,0x8000EA50] -> 0x4663
mem[X,0x8000EA52] -> 0x00B5
[1394] [M]: 0x8000EA50 (0x00B54663) blt a0, a1, 12


mem[X,0x8000EA5C] -> 0x0113
mem[X,0x8000EA5E] -> 0x0031
[1395] [M]: 0x8000EA5C (0x00310113) addi sp, sp, 3
x2 <- 0x00000003


mem[X,0x8000EA60] -> 0x006F
mem[X,0x8000EA62] -> 0x0040
[1396] [M]: 0x8000EA60 (0x0040006F) jal zero, 4


mem[X,0x8000EA64] -> 0xAE23
mem[X,0x8000EA66] -> 0x1E20
[1397] [M]: 0x8000EA64 (0x1E20AE23) sw sp, 508(ra)
mem[0x80038464] <- 0x00000003


mem[X,0x8000EA68] -> 0xB537
mem[X,0x8000EA6A] -> 0xAAAA
[1398] [M]: 0x8000EA68 (0xAAAAB537) lui a0, 699051
x10 <- 0xAAAAB000


mem[X,0x8000EA6C] -> 0x0513
mem[X,0x8000EA6E] -> 0xAAA5
[1399] [M]: 0x8000EA6C (0xAAA50513) addi a0, a0, 2730
x10 <- 0xAAAAAAAA


clint::tick mtime <- 0x000000000000000E
 clint timer pending at mtime 0x000000000000000E
htif::tick 0x0000000000000000
mem[X,0x8000EA70] -> 0x0593
mem[X,0x8000EA72] -> 0x0040
[1400] [M]: 0x8000EA70 (0x00400593) addi a1, zero, 4
x11 <- 0x00000004


mem[X,0x8000EA74] -> 0x0113
mem[X,0x8000EA76] -> 0x0000
[1401] [M]: 0x8000EA74 (0x00000113) addi sp, zero, 0
x2 <- 0x00000000


mem[X,0x8000EA78] -> 0x006F
mem[X,0x8000EA7A] -> 0x00C0
[1402] [M]: 0x8000EA78 (0x00C0006F) jal zero, 12


mem[X,0x8000EA84] -> 0x4CE3
mem[X,0x8000EA86] -> 0xFEB5
[1403] [M]: 0x8000EA84 (0xFEB54CE3) blt a0, a1, 8184


mem[X,0x8000EA7C] -> 0x0113
mem[X,0x8000EA7E] -> 0x0011
[1404] [M]: 0x8000EA7C (0x00110113) addi sp, sp, 1
x2 <- 0x00000001


mem[X,0x8000EA80] -> 0x006F
mem[X,0x8000EA82] -> 0x0180
[1405] [M]: 0x8000EA80 (0x0180006F) jal zero, 24


mem[X,0x8000EA98] -> 0xA023
mem[X,0x8000EA9A] -> 0x2020
[1406] [M]: 0x8000EA98 (0x2020A023) sw sp, 512(ra)
mem[0x80038468] <- 0x00000001


mem[X,0x8000EA9C] -> 0xB537
mem[X,0x8000EA9E] -> 0xAAAA
[1407] [M]: 0x8000EA9C (0xAAAAB537) lui a0, 699051
x10 <- 0xAAAAB000


mem[X,0x8000EAA0] -> 0x0513
mem[X,0x8000EAA2] -> 0xAAA5
[1408] [M]: 0x8000EAA0 (0xAAA50513) addi a0, a0, 2730
x10 <- 0xAAAAAAAA


mem[X,0x8000EAA4] -> 0x35B7
mem[X,0x8000EAA6] -> 0x3333
[1409] [M]: 0x8000EAA4 (0x333335B7) lui a1, 209715
x11 <- 0x33333000


mem[X,0x8000EAA8] -> 0x8593
mem[X,0x8000EAAA] -> 0x3325
[1410] [M]: 0x8000EAA8 (0x33258593) addi a1, a1, 818
x11 <- 0x33333332


mem[X,0x8000EAAC] -> 0x0113
mem[X,0x8000EAAE] -> 0x0000
[1411] [M]: 0x8000EAAC (0x00000113) addi sp, zero, 0
x2 <- 0x00000000


mem[X,0x8000EAB0] -> 0x006F
mem[X,0x8000EAB2] -> 0x00C0
[1412] [M]: 0x8000EAB0 (0x00C0006F) jal zero, 12


mem[X,0x8000EABC] -> 0x4663
mem[X,0x8000EABE] -> 0x00B5
[1413] [M]: 0x8000EABC (0x00B54663) blt a0, a1, 12


mem[X,0x8000EAC8] -> 0x0113
mem[X,0x8000EACA] -> 0x0031
[1414] [M]: 0x8000EAC8 (0x00310113) addi sp, sp, 3
x2 <- 0x00000003


mem[X,0x8000EACC] -> 0x006F
mem[X,0x8000EACE] -> 0x0040
[1415] [M]: 0x8000EACC (0x0040006F) jal zero, 4


mem[X,0x8000EAD0] -> 0xA223
mem[X,0x8000EAD2] -> 0x2020
[1416] [M]: 0x8000EAD0 (0x2020A223) sw sp, 516(ra)
mem[0x8003846C] <- 0x00000003


mem[X,0x8000EAD4] -> 0xB537
mem[X,0x8000EAD6] -> 0xAAAA
[1417] [M]: 0x8000EAD4 (0xAAAAB537) lui a0, 699051
x10 <- 0xAAAAB000


mem[X,0x8000EAD8] -> 0x0513
mem[X,0x8000EADA] -> 0xAAA5
[1418] [M]: 0x8000EAD8 (0xAAA50513) addi a0, a0, 2730
x10 <- 0xAAAAAAAA


mem[X,0x8000EADC] -> 0x65B7
mem[X,0x8000EADE] -> 0x6666
[1419] [M]: 0x8000EADC (0x666665B7) lui a1, 419430
x11 <- 0x66666000


mem[X,0x8000EAE0] -> 0x8593
mem[X,0x8000EAE2] -> 0x6655
[1420] [M]: 0x8000EAE0 (0x66558593) addi a1, a1, 1637
x11 <- 0x66666665


mem[X,0x8000EAE4] -> 0x0113
mem[X,0x8000EAE6] -> 0x0000
[1421] [M]: 0x8000EAE4 (0x00000113) addi sp, zero, 0
x2 <- 0x00000000


mem[X,0x8000EAE8] -> 0x006F
mem[X,0x8000EAEA] -> 0x00C0
[1422] [M]: 0x8000EAE8 (0x00C0006F) jal zero, 12


mem[X,0x8000EAF4] -> 0x4063
mem[X,0x8000EAF6] -> 0x04B5
[1423] [M]: 0x8000EAF4 (0x04B54063) blt a0, a1, 64


mem[X,0x8000EB34] -> 0x0113
mem[X,0x8000EB36] -> 0x0031
[1424] [M]: 0x8000EB34 (0x00310113) addi sp, sp, 3
x2 <- 0x00000003


mem[X,0x8000EB38] -> 0x006F
mem[X,0x8000EB3A] -> 0x0040
[1425] [M]: 0x8000EB38 (0x0040006F) jal zero, 4


mem[X,0x8000EB3C] -> 0xA423
mem[X,0x8000EB3E] -> 0x2020
[1426] [M]: 0x8000EB3C (0x2020A423) sw sp, 520(ra)
mem[0x80038470] <- 0x00000003


mem[X,0x8000EB40] -> 0xB537
mem[X,0x8000EB42] -> 0xAAAA
[1427] [M]: 0x8000EB40 (0xAAAAB537) lui a0, 699051
x10 <- 0xAAAAB000


mem[X,0x8000EB44] -> 0x0513
mem[X,0x8000EB46] -> 0xAAA5
[1428] [M]: 0x8000EB44 (0xAAA50513) addi a0, a0, 2730
x10 <- 0xAAAAAAAA


mem[X,0x8000EB48] -> 0xB5B7
mem[X,0x8000EB4A] -> 0x0000
[1429] [M]: 0x8000EB48 (0x0000B5B7) lui a1, 11
x11 <- 0x0000B000


mem[X,0x8000EB4C] -> 0x8593
mem[X,0x8000EB4E] -> 0x5035
[1430] [M]: 0x8000EB4C (0x50358593) addi a1, a1, 1283
x11 <- 0x0000B503


mem[X,0x8000EB50] -> 0x0113
mem[X,0x8000EB52] -> 0x0000
[1431] [M]: 0x8000EB50 (0x00000113) addi sp, zero, 0
x2 <- 0x00000000


mem[X,0x8000EB54] -> 0x006F
mem[X,0x8000EB56] -> 0x2B10
[1432] [M]: 0x8000EB54 (0x2B10006F) jal zero, 2736


mem[X,0x8000F604] -> 0x4A63
mem[X,0x8000F606] -> 0xD4B5
[1433] [M]: 0x8000F604 (0xD4B54A63) blt a0, a1, 5460


mem[X,0x8000EB58] -> 0x0113
mem[X,0x8000EB5A] -> 0x0011
[1434] [M]: 0x8000EB58 (0x00110113) addi sp, sp, 1
x2 <- 0x00000001


mem[X,0x8000EB5C] -> 0x006F
mem[X,0x8000EB5E] -> 0x2BD0
[1435] [M]: 0x8000EB5C (0x2BD0006F) jal zero, 2748


mem[X,0x8000F618] -> 0xA623
mem[X,0x8000F61A] -> 0x2020
[1436] [M]: 0x8000F618 (0x2020A623) sw sp, 524(ra)
mem[0x80038474] <- 0x00000001


mem[X,0x8000F61C] -> 0xB537
mem[X,0x8000F61E] -> 0xAAAA
[1437] [M]: 0x8000F61C (0xAAAAB537) lui a0, 699051
x10 <- 0xAAAAB000


mem[X,0x8000F620] -> 0x0513
mem[X,0x8000F622] -> 0xAAA5
[1438] [M]: 0x8000F620 (0xAAA50513) addi a0, a0, 2730
x10 <- 0xAAAAAAAA


mem[X,0x8000F624] -> 0x55B7
mem[X,0x8000F626] -> 0x5555
[1439] [M]: 0x8000F624 (0x555555B7) lui a1, 349525
x11 <- 0x55555000


mem[X,0x8000F628] -> 0x8593
mem[X,0x8000F62A] -> 0x5565
[1440] [M]: 0x8000F628 (0x55658593) addi a1, a1, 1366
x11 <- 0x55555556


mem[X,0x8000F62C] -> 0x0113
mem[X,0x8000F62E] -> 0x0000
[1441] [M]: 0x8000F62C (0x00000113) addi sp, zero, 0
x2 <- 0x00000000


mem[X,0x8000F630] -> 0x006F
mem[X,0x8000F632] -> 0x00C0
[1442] [M]: 0x8000F630 (0x00C0006F) jal zero, 12


mem[X,0x8000F63C] -> 0x4CE3
mem[X,0x8000F63E] -> 0xFEB5
[1443] [M]: 0x8000F63C (0xFEB54CE3) blt a0, a1, 8184


mem[X,0x8000F634] -> 0x0113
mem[X,0x8000F636] -> 0x0011
[1444] [M]: 0x8000F634 (0x00110113) addi sp, sp, 1
x2 <- 0x00000001


mem[X,0x8000F638] -> 0x006F
mem[X,0x8000F63A] -> 0x0180
[1445] [M]: 0x8000F638 (0x0180006F) jal zero, 24


mem[X,0x8000F650] -> 0xA823
mem[X,0x8000F652] -> 0x2020
[1446] [M]: 0x8000F650 (0x2020A823) sw sp, 528(ra)
mem[0x80038478] <- 0x00000001


mem[X,0x8000F654] -> 0xB537
mem[X,0x8000F656] -> 0xAAAA
[1447] [M]: 0x8000F654 (0xAAAAB537) lui a0, 699051
x10 <- 0xAAAAB000


mem[X,0x8000F658] -> 0x0513
mem[X,0x8000F65A] -> 0xAAA5
[1448] [M]: 0x8000F658 (0xAAA50513) addi a0, a0, 2730
x10 <- 0xAAAAAAAA


mem[X,0x8000F65C] -> 0xB5B7
mem[X,0x8000F65E] -> 0xAAAA
[1449] [M]: 0x8000F65C (0xAAAAB5B7) lui a1, 699051
x11 <- 0xAAAAB000


mem[X,0x8000F660] -> 0x8593
mem[X,0x8000F662] -> 0xAAB5
[1450] [M]: 0x8000F660 (0xAAB58593) addi a1, a1, 2731
x11 <- 0xAAAAAAAB


mem[X,0x8000F664] -> 0x0113
mem[X,0x8000F666] -> 0x0000
[1451] [M]: 0x8000F664 (0x00000113) addi sp, zero, 0
x2 <- 0x00000000


mem[X,0x8000F668] -> 0x006F
mem[X,0x8000F66A] -> 0x00C0
[1452] [M]: 0x8000F668 (0x00C0006F) jal zero, 12


mem[X,0x8000F674] -> 0x4663
mem[X,0x8000F676] -> 0x00B5
[1453] [M]: 0x8000F674 (0x00B54663) blt a0, a1, 12


mem[X,0x8000F680] -> 0x0113
mem[X,0x8000F682] -> 0x0031
[1454] [M]: 0x8000F680 (0x00310113) addi sp, sp, 3
x2 <- 0x00000003


mem[X,0x8000F684] -> 0x006F
mem[X,0x8000F686] -> 0x0040
[1455] [M]: 0x8000F684 (0x0040006F) jal zero, 4


mem[X,0x8000F688] -> 0xAA23
mem[X,0x8000F68A] -> 0x2020
[1456] [M]: 0x8000F688 (0x2020AA23) sw sp, 532(ra)
mem[0x8003847C] <- 0x00000003


mem[X,0x8000F68C] -> 0xB537
mem[X,0x8000F68E] -> 0xAAAA
[1457] [M]: 0x8000F68C (0xAAAAB537) lui a0, 699051
x10 <- 0xAAAAB000


mem[X,0x8000F690] -> 0x0513
mem[X,0x8000F692] -> 0xAAA5
[1458] [M]: 0x8000F690 (0xAAA50513) addi a0, a0, 2730
x10 <- 0xAAAAAAAA


mem[X,0x8000F694] -> 0x0593
mem[X,0x8000F696] -> 0x0060
[1459] [M]: 0x8000F694 (0x00600593) addi a1, zero, 6
x11 <- 0x00000006


mem[X,0x8000F698] -> 0x0113
mem[X,0x8000F69A] -> 0x0000
[1460] [M]: 0x8000F698 (0x00000113) addi sp, zero, 0
x2 <- 0x00000000


mem[X,0x8000F69C] -> 0x006F
mem[X,0x8000F69E] -> 0x00C0
[1461] [M]: 0x8000F69C (0x00C0006F) jal zero, 12


mem[X,0x8000F6A8] -> 0x4CE3
mem[X,0x8000F6AA] -> 0xFEB5
[1462] [M]: 0x8000F6A8 (0xFEB54CE3) blt a0, a1, 8184


mem[X,0x8000F6A0] -> 0x0113
mem[X,0x8000F6A2] -> 0x0011
[1463] [M]: 0x8000F6A0 (0x00110113) addi sp, sp, 1
x2 <- 0x00000001


mem[X,0x8000F6A4] -> 0x006F
mem[X,0x8000F6A6] -> 0x0180
[1464] [M]: 0x8000F6A4 (0x0180006F) jal zero, 24


mem[X,0x8000F6BC] -> 0xAC23
mem[X,0x8000F6BE] -> 0x2020
[1465] [M]: 0x8000F6BC (0x2020AC23) sw sp, 536(ra)
mem[0x80038480] <- 0x00000001


mem[X,0x8000F6C0] -> 0xB537
mem[X,0x8000F6C2] -> 0xAAAA
[1466] [M]: 0x8000F6C0 (0xAAAAB537) lui a0, 699051
x10 <- 0xAAAAB000


mem[X,0x8000F6C4] -> 0x0513
mem[X,0x8000F6C6] -> 0xAAA5
[1467] [M]: 0x8000F6C4 (0xAAA50513) addi a0, a0, 2730
x10 <- 0xAAAAAAAA


mem[X,0x8000F6C8] -> 0x35B7
mem[X,0x8000F6CA] -> 0x3333
[1468] [M]: 0x8000F6C8 (0x333335B7) lui a1, 209715
x11 <- 0x33333000


mem[X,0x8000F6CC] -> 0x8593
mem[X,0x8000F6CE] -> 0x3345
[1469] [M]: 0x8000F6CC (0x33458593) addi a1, a1, 820
x11 <- 0x33333334


mem[X,0x8000F6D0] -> 0x0113
mem[X,0x8000F6D2] -> 0x0000
[1470] [M]: 0x8000F6D0 (0x00000113) addi sp, zero, 0
x2 <- 0x00000000


mem[X,0x8000F6D4] -> 0x006F
mem[X,0x8000F6D6] -> 0x00C0
[1471] [M]: 0x8000F6D4 (0x00C0006F) jal zero, 12


mem[X,0x8000F6E0] -> 0x4663
mem[X,0x8000F6E2] -> 0x00B5
[1472] [M]: 0x8000F6E0 (0x00B54663) blt a0, a1, 12


mem[X,0x8000F6EC] -> 0x0113
mem[X,0x8000F6EE] -> 0x0031
[1473] [M]: 0x8000F6EC (0x00310113) addi sp, sp, 3
x2 <- 0x00000003


mem[X,0x8000F6F0] -> 0x006F
mem[X,0x8000F6F2] -> 0x0040
[1474] [M]: 0x8000F6F0 (0x0040006F) jal zero, 4


mem[X,0x8000F6F4] -> 0xAE23
mem[X,0x8000F6F6] -> 0x2020
[1475] [M]: 0x8000F6F4 (0x2020AE23) sw sp, 540(ra)
mem[0x80038484] <- 0x00000003


mem[X,0x8000F6F8] -> 0xB537
mem[X,0x8000F6FA] -> 0xAAAA
[1476] [M]: 0x8000F6F8 (0xAAAAB537) lui a0, 699051
x10 <- 0xAAAAB000


mem[X,0x8000F6FC] -> 0x0513
mem[X,0x8000F6FE] -> 0xAAA5
[1477] [M]: 0x8000F6FC (0xAAA50513) addi a0, a0, 2730
x10 <- 0xAAAAAAAA


mem[X,0x8000F700] -> 0x65B7
mem[X,0x8000F702] -> 0x6666
[1478] [M]: 0x8000F700 (0x666665B7) lui a1, 419430
x11 <- 0x66666000


mem[X,0x8000F704] -> 0x8593
mem[X,0x8000F706] -> 0x6675
[1479] [M]: 0x8000F704 (0x66758593) addi a1, a1, 1639
x11 <- 0x66666667


mem[X,0x8000F708] -> 0x0113
mem[X,0x8000F70A] -> 0x0000
[1480] [M]: 0x8000F708 (0x00000113) addi sp, zero, 0
x2 <- 0x00000000


mem[X,0x8000F70C] -> 0x006F
mem[X,0x8000F70E] -> 0x0180
[1481] [M]: 0x8000F70C (0x0180006F) jal zero, 24


mem[X,0x8000F724] -> 0x46E3
mem[X,0x8000F726] -> 0xFEB5
[1482] [M]: 0x8000F724 (0xFEB546E3) blt a0, a1, 8172


mem[X,0x8000F710] -> 0x0113
mem[X,0x8000F712] -> 0x0011
[1483] [M]: 0x8000F710 (0x00110113) addi sp, sp, 1
x2 <- 0x00000001


mem[X,0x8000F714] -> 0x006F
mem[X,0x8000F716] -> 0x0240
[1484] [M]: 0x8000F714 (0x0240006F) jal zero, 36


mem[X,0x8000F738] -> 0xA023
mem[X,0x8000F73A] -> 0x2220
[1485] [M]: 0x8000F738 (0x2220A023) sw sp, 544(ra)
mem[0x80038488] <- 0x00000001


mem[X,0x8000F73C] -> 0xB537
mem[X,0x8000F73E] -> 0xAAAA
[1486] [M]: 0x8000F73C (0xAAAAB537) lui a0, 699051
x10 <- 0xAAAAB000


mem[X,0x8000F740] -> 0x0513
mem[X,0x8000F742] -> 0xAAA5
[1487] [M]: 0x8000F740 (0xAAA50513) addi a0, a0, 2730
x10 <- 0xAAAAAAAA


mem[X,0x8000F744] -> 0x55B7
mem[X,0x8000F746] -> 0xFFFF
[1488] [M]: 0x8000F744 (0xFFFF55B7) lui a1, 1048565
x11 <- 0xFFFF5000


mem[X,0x8000F748] -> 0x8593
mem[X,0x8000F74A] -> 0xAFD5
[1489] [M]: 0x8000F748 (0xAFD58593) addi a1, a1, 2813
x11 <- 0xFFFF4AFD


mem[X,0x8000F74C] -> 0x0113
mem[X,0x8000F74E] -> 0x0000
[1490] [M]: 0x8000F74C (0x00000113) addi sp, zero, 0
x2 <- 0x00000000


mem[X,0x8000F750] -> 0x006F
mem[X,0x8000F752] -> 0x0140
[1491] [M]: 0x8000F750 (0x0140006F) jal zero, 20


mem[X,0x8000F764] -> 0x48E3
mem[X,0x8000F766] -> 0xFEB5
[1492] [M]: 0x8000F764 (0xFEB548E3) blt a0, a1, 8176


mem[X,0x8000F754] -> 0x0113
mem[X,0x8000F756] -> 0x0011
[1493] [M]: 0x8000F754 (0x00110113) addi sp, sp, 1
x2 <- 0x00000001


mem[X,0x8000F758] -> 0x006F
mem[X,0x8000F75A] -> 0x0200
[1494] [M]: 0x8000F758 (0x0200006F) jal zero, 32


mem[X,0x8000F778] -> 0xA223
mem[X,0x8000F77A] -> 0x2220
[1495] [M]: 0x8000F778 (0x2220A223) sw sp, 548(ra)
mem[0x8003848C] <- 0x00000001


mem[X,0x8000F77C] -> 0xB537
mem[X,0x8000F77E] -> 0xAAAA
[1496] [M]: 0x8000F77C (0xAAAAB537) lui a0, 699051
x10 <- 0xAAAAB000


mem[X,0x8000F780] -> 0x0513
mem[X,0x8000F782] -> 0xAAA5
[1497] [M]: 0x8000F780 (0xAAA50513) addi a0, a0, 2730
x10 <- 0xAAAAAAAA


mem[X,0x8000F784] -> 0xB5B7
mem[X,0x8000F786] -> 0x0000
[1498] [M]: 0x8000F784 (0x0000B5B7) lui a1, 11
x11 <- 0x0000B000


mem[X,0x8000F788] -> 0x8593
mem[X,0x8000F78A] -> 0x5055
[1499] [M]: 0x8000F788 (0x50558593) addi a1, a1, 1285
x11 <- 0x0000B505


clint::tick mtime <- 0x000000000000000F
 clint timer pending at mtime 0x000000000000000F
htif::tick 0x0000000000000000
mem[X,0x8000F78C] -> 0x0113
mem[X,0x8000F78E] -> 0x0000
[1500] [M]: 0x8000F78C (0x00000113) addi sp, zero, 0
x2 <- 0x00000000


mem[X,0x8000F790] -> 0x006F
mem[X,0x8000F792] -> 0x00C0
[1501] [M]: 0x8000F790 (0x00C0006F) jal zero, 12


mem[X,0x8000F79C] -> 0x4663
mem[X,0x8000F79E] -> 0x00B5
[1502] [M]: 0x8000F79C (0x00B54663) blt a0, a1, 12


mem[X,0x8000F7A8] -> 0x0113
mem[X,0x8000F7AA] -> 0x0031
[1503] [M]: 0x8000F7A8 (0x00310113) addi sp, sp, 3
x2 <- 0x00000003


mem[X,0x8000F7AC] -> 0x006F
mem[X,0x8000F7AE] -> 0x0040
[1504] [M]: 0x8000F7AC (0x0040006F) jal zero, 4


mem[X,0x8000F7B0] -> 0xA423
mem[X,0x8000F7B2] -> 0x2220
[1505] [M]: 0x8000F7B0 (0x2220A423) sw sp, 552(ra)
mem[0x80038490] <- 0x00000003


mem[X,0x8000F7B4] -> 0x0513
mem[X,0x8000F7B6] -> 0x0050
[1506] [M]: 0x8000F7B4 (0x00500513) addi a0, zero, 5
x10 <- 0x00000005


mem[X,0x8000F7B8] -> 0x0593
mem[X,0x8000F7BA] -> 0x0030
[1507] [M]: 0x8000F7B8 (0x00300593) addi a1, zero, 3
x11 <- 0x00000003


mem[X,0x8000F7BC] -> 0x0113
mem[X,0x8000F7BE] -> 0x0000
[1508] [M]: 0x8000F7BC (0x00000113) addi sp, zero, 0
x2 <- 0x00000000


mem[X,0x8000F7C0] -> 0x006F
mem[X,0x8000F7C2] -> 0x0140
[1509] [M]: 0x8000F7C0 (0x0140006F) jal zero, 20


mem[X,0x8000F7D4] -> 0x48E3
mem[X,0x8000F7D6] -> 0xFEB5
[1510] [M]: 0x8000F7D4 (0xFEB548E3) blt a0, a1, 8176


mem[X,0x8000F7D8] -> 0x0113
mem[X,0x8000F7DA] -> 0x0021
[1511] [M]: 0x8000F7D8 (0x00210113) addi sp, sp, 2
x2 <- 0x00000002


mem[X,0x8000F7DC] -> 0x006F
mem[X,0x8000F7DE] -> 0x00C0
[1512] [M]: 0x8000F7DC (0x00C0006F) jal zero, 12


mem[X,0x8000F7E8] -> 0xA623
mem[X,0x8000F7EA] -> 0x2220
[1513] [M]: 0x8000F7E8 (0x2220A623) sw sp, 556(ra)
mem[0x80038494] <- 0x00000002


mem[X,0x8000F7EC] -> 0x0513
mem[X,0x8000F7EE] -> 0x0050
[1514] [M]: 0x8000F7EC (0x00500513) addi a0, zero, 5
x10 <- 0x00000005


mem[X,0x8000F7F0] -> 0x55B7
mem[X,0x8000F7F2] -> 0x5555
[1515] [M]: 0x8000F7F0 (0x555555B7) lui a1, 349525
x11 <- 0x55555000


mem[X,0x8000F7F4] -> 0x8593
mem[X,0x8000F7F6] -> 0x5555
[1516] [M]: 0x8000F7F4 (0x55558593) addi a1, a1, 1365
x11 <- 0x55555555


mem[X,0x8000F7F8] -> 0x0113
mem[X,0x8000F7FA] -> 0x0000
[1517] [M]: 0x8000F7F8 (0x00000113) addi sp, zero, 0
x2 <- 0x00000000


mem[X,0x8000F7FC] -> 0x006F
mem[X,0x8000F7FE] -> 0x00C0
[1518] [M]: 0x8000F7FC (0x00C0006F) jal zero, 12


mem[X,0x8000F808] -> 0x4063
mem[X,0x8000F80A] -> 0x02B5
[1519] [M]: 0x8000F808 (0x02B54063) blt a0, a1, 32


mem[X,0x8000F828] -> 0x0113
mem[X,0x8000F82A] -> 0x0031
[1520] [M]: 0x8000F828 (0x00310113) addi sp, sp, 3
x2 <- 0x00000003


mem[X,0x8000F82C] -> 0x006F
mem[X,0x8000F82E] -> 0x0040
[1521] [M]: 0x8000F82C (0x0040006F) jal zero, 4


mem[X,0x8000F830] -> 0xA823
mem[X,0x8000F832] -> 0x2220
[1522] [M]: 0x8000F830 (0x2220A823) sw sp, 560(ra)
mem[0x80038498] <- 0x00000003


mem[X,0x8000F834] -> 0x0513
mem[X,0x8000F836] -> 0x0050
[1523] [M]: 0x8000F834 (0x00500513) addi a0, zero, 5
x10 <- 0x00000005


mem[X,0x8000F838] -> 0xB5B7
mem[X,0x8000F83A] -> 0xAAAA
[1524] [M]: 0x8000F838 (0xAAAAB5B7) lui a1, 699051
x11 <- 0xAAAAB000


mem[X,0x8000F83C] -> 0x8593
mem[X,0x8000F83E] -> 0xAAA5
[1525] [M]: 0x8000F83C (0xAAA58593) addi a1, a1, 2730
x11 <- 0xAAAAAAAA


mem[X,0x8000F840] -> 0x0113
mem[X,0x8000F842] -> 0x0000
[1526] [M]: 0x8000F840 (0x00000113) addi sp, zero, 0
x2 <- 0x00000000


mem[X,0x8000F844] -> 0x006F
mem[X,0x8000F846] -> 0x00C0
[1527] [M]: 0x8000F844 (0x00C0006F) jal zero, 12


mem[X,0x8000F850] -> 0x4CE3
mem[X,0x8000F852] -> 0xFEB5
[1528] [M]: 0x8000F850 (0xFEB54CE3) blt a0, a1, 8184


mem[X,0x8000F854] -> 0x0113
mem[X,0x8000F856] -> 0x0021
[1529] [M]: 0x8000F854 (0x00210113) addi sp, sp, 2
x2 <- 0x00000002


mem[X,0x8000F858] -> 0x006F
mem[X,0x8000F85A] -> 0x00C0
[1530] [M]: 0x8000F858 (0x00C0006F) jal zero, 12


mem[X,0x8000F864] -> 0xAA23
mem[X,0x8000F866] -> 0x2220
[1531] [M]: 0x8000F864 (0x2220AA23) sw sp, 564(ra)
mem[0x8003849C] <- 0x00000002


mem[X,0x8000F868] -> 0x0513
mem[X,0x8000F86A] -> 0x0050
[1532] [M]: 0x8000F868 (0x00500513) addi a0, zero, 5
x10 <- 0x00000005


mem[X,0x8000F86C] -> 0x0593
mem[X,0x8000F86E] -> 0x0050
[1533] [M]: 0x8000F86C (0x00500593) addi a1, zero, 5
x11 <- 0x00000005


mem[X,0x8000F870] -> 0x0113
mem[X,0x8000F872] -> 0x0000
[1534] [M]: 0x8000F870 (0x00000113) addi sp, zero, 0
x2 <- 0x00000000


mem[X,0x8000F874] -> 0x006F
mem[X,0x8000F876] -> 0x00C0
[1535] [M]: 0x8000F874 (0x00C0006F) jal zero, 12


mem[X,0x8000F880] -> 0x4663
mem[X,0x8000F882] -> 0x00B5
[1536] [M]: 0x8000F880 (0x00B54663) blt a0, a1, 12


mem[X,0x8000F884] -> 0x0113
mem[X,0x8000F886] -> 0x0021
[1537] [M]: 0x8000F884 (0x00210113) addi sp, sp, 2
x2 <- 0x00000002


mem[X,0x8000F888] -> 0x006F
mem[X,0x8000F88A] -> 0x00C0
[1538] [M]: 0x8000F888 (0x00C0006F) jal zero, 12


mem[X,0x8000F894] -> 0xAC23
mem[X,0x8000F896] -> 0x2220
[1539] [M]: 0x8000F894 (0x2220AC23) sw sp, 568(ra)
mem[0x800384A0] <- 0x00000002


mem[X,0x8000F898] -> 0x0513
mem[X,0x8000F89A] -> 0x0050
[1540] [M]: 0x8000F898 (0x00500513) addi a0, zero, 5
x10 <- 0x00000005


mem[X,0x8000F89C] -> 0x35B7
mem[X,0x8000F89E] -> 0x3333
[1541] [M]: 0x8000F89C (0x333335B7) lui a1, 209715
x11 <- 0x33333000


mem[X,0x8000F8A0] -> 0x8593
mem[X,0x8000F8A2] -> 0x3335
[1542] [M]: 0x8000F8A0 (0x33358593) addi a1, a1, 819
x11 <- 0x33333333


mem[X,0x8000F8A4] -> 0x0113
mem[X,0x8000F8A6] -> 0x0000
[1543] [M]: 0x8000F8A4 (0x00000113) addi sp, zero, 0
x2 <- 0x00000000


mem[X,0x8000F8A8] -> 0x006F
mem[X,0x8000F8AA] -> 0x00C0
[1544] [M]: 0x8000F8A8 (0x00C0006F) jal zero, 12


mem[X,0x8000F8B4] -> 0x4CE3
mem[X,0x8000F8B6] -> 0xFEB5
[1545] [M]: 0x8000F8B4 (0xFEB54CE3) blt a0, a1, 8184


mem[X,0x8000F8AC] -> 0x0113
mem[X,0x8000F8AE] -> 0x0011
[1546] [M]: 0x8000F8AC (0x00110113) addi sp, sp, 1
x2 <- 0x00000001


mem[X,0x8000F8B0] -> 0x006F
mem[X,0x8000F8B2] -> 0x0180
[1547] [M]: 0x8000F8B0 (0x0180006F) jal zero, 24


mem[X,0x8000F8C8] -> 0xAE23
mem[X,0x8000F8CA] -> 0x2220
[1548] [M]: 0x8000F8C8 (0x2220AE23) sw sp, 572(ra)
mem[0x800384A4] <- 0x00000001


mem[X,0x8000F8CC] -> 0x0513
mem[X,0x8000F8CE] -> 0x0050
[1549] [M]: 0x8000F8CC (0x00500513) addi a0, zero, 5
x10 <- 0x00000005


mem[X,0x8000F8D0] -> 0x65B7
mem[X,0x8000F8D2] -> 0x6666
[1550] [M]: 0x8000F8D0 (0x666665B7) lui a1, 419430
x11 <- 0x66666000


mem[X,0x8000F8D4] -> 0x8593
mem[X,0x8000F8D6] -> 0x6665
[1551] [M]: 0x8000F8D4 (0x66658593) addi a1, a1, 1638
x11 <- 0x66666666


mem[X,0x8000F8D8] -> 0x0113
mem[X,0x8000F8DA] -> 0x0000
[1552] [M]: 0x8000F8D8 (0x00000113) addi sp, zero, 0
x2 <- 0x00000000


mem[X,0x8000F8DC] -> 0x006F
mem[X,0x8000F8DE] -> 0x00C0
[1553] [M]: 0x8000F8DC (0x00C0006F) jal zero, 12


mem[X,0x8000F8E8] -> 0x4663
mem[X,0x8000F8EA] -> 0x00B5
[1554] [M]: 0x8000F8E8 (0x00B54663) blt a0, a1, 12


mem[X,0x8000F8F4] -> 0x0113
mem[X,0x8000F8F6] -> 0x0031
[1555] [M]: 0x8000F8F4 (0x00310113) addi sp, sp, 3
x2 <- 0x00000003


mem[X,0x8000F8F8] -> 0x006F
mem[X,0x8000F8FA] -> 0x0040
[1556] [M]: 0x8000F8F8 (0x0040006F) jal zero, 4


mem[X,0x8000F8FC] -> 0xA023
mem[X,0x8000F8FE] -> 0x2420
[1557] [M]: 0x8000F8FC (0x2420A023) sw sp, 576(ra)
mem[0x800384A8] <- 0x00000003


mem[X,0x8000F900] -> 0x0513
mem[X,0x8000F902] -> 0x0050
[1558] [M]: 0x8000F900 (0x00500513) addi a0, zero, 5
x10 <- 0x00000005


mem[X,0x8000F904] -> 0x55B7
mem[X,0x8000F906] -> 0xFFFF
[1559] [M]: 0x8000F904 (0xFFFF55B7) lui a1, 1048565
x11 <- 0xFFFF5000


mem[X,0x8000F908] -> 0x8593
mem[X,0x8000F90A] -> 0xAFC5
[1560] [M]: 0x8000F908 (0xAFC58593) addi a1, a1, 2812
x11 <- 0xFFFF4AFC


mem[X,0x8000F90C] -> 0x0113
mem[X,0x8000F90E] -> 0x0000
[1561] [M]: 0x8000F90C (0x00000113) addi sp, zero, 0
x2 <- 0x00000000


mem[X,0x8000F910] -> 0x006F
mem[X,0x8000F912] -> 0x00C0
[1562] [M]: 0x8000F910 (0x00C0006F) jal zero, 12


mem[X,0x8000F91C] -> 0x4CE3
mem[X,0x8000F91E] -> 0xFEB5
[1563] [M]: 0x8000F91C (0xFEB54CE3) blt a0, a1, 8184


mem[X,0x8000F920] -> 0x0113
mem[X,0x8000F922] -> 0x0021
[1564] [M]: 0x8000F920 (0x00210113) addi sp, sp, 2
x2 <- 0x00000002


mem[X,0x8000F924] -> 0x006F
mem[X,0x8000F926] -> 0x00C0
[1565] [M]: 0x8000F924 (0x00C0006F) jal zero, 12


mem[X,0x8000F930] -> 0xA223
mem[X,0x8000F932] -> 0x2420
[1566] [M]: 0x8000F930 (0x2420A223) sw sp, 580(ra)
mem[0x800384AC] <- 0x00000002


mem[X,0x8000F934] -> 0x0513
mem[X,0x8000F936] -> 0x0050
[1567] [M]: 0x8000F934 (0x00500513) addi a0, zero, 5
x10 <- 0x00000005


mem[X,0x8000F938] -> 0xB5B7
mem[X,0x8000F93A] -> 0x0000
[1568] [M]: 0x8000F938 (0x0000B5B7) lui a1, 11
x11 <- 0x0000B000


mem[X,0x8000F93C] -> 0x8593
mem[X,0x8000F93E] -> 0x5045
[1569] [M]: 0x8000F93C (0x50458593) addi a1, a1, 1284
x11 <- 0x0000B504


mem[X,0x8000F940] -> 0x0113
mem[X,0x8000F942] -> 0x0000
[1570] [M]: 0x8000F940 (0x00000113) addi sp, zero, 0
x2 <- 0x00000000


mem[X,0x8000F944] -> 0x006F
mem[X,0x8000F946] -> 0x00C0
[1571] [M]: 0x8000F944 (0x00C0006F) jal zero, 12


mem[X,0x8000F950] -> 0x4663
mem[X,0x8000F952] -> 0x00B5
[1572] [M]: 0x8000F950 (0x00B54663) blt a0, a1, 12


mem[X,0x8000F95C] -> 0x0113
mem[X,0x8000F95E] -> 0x0031
[1573] [M]: 0x8000F95C (0x00310113) addi sp, sp, 3
x2 <- 0x00000003


mem[X,0x8000F960] -> 0x006F
mem[X,0x8000F962] -> 0x0040
[1574] [M]: 0x8000F960 (0x0040006F) jal zero, 4


mem[X,0x8000F964] -> 0xA423
mem[X,0x8000F966] -> 0x2420
[1575] [M]: 0x8000F964 (0x2420A423) sw sp, 584(ra)
mem[0x800384B0] <- 0x00000003


mem[X,0x8000F968] -> 0x0513
mem[X,0x8000F96A] -> 0x0050
[1576] [M]: 0x8000F968 (0x00500513) addi a0, zero, 5
x10 <- 0x00000005


mem[X,0x8000F96C] -> 0x0593
mem[X,0x8000F96E] -> 0x0020
[1577] [M]: 0x8000F96C (0x00200593) addi a1, zero, 2
x11 <- 0x00000002


mem[X,0x8000F970] -> 0x0113
mem[X,0x8000F972] -> 0x0000
[1578] [M]: 0x8000F970 (0x00000113) addi sp, zero, 0
x2 <- 0x00000000


mem[X,0x8000F974] -> 0x006F
mem[X,0x8000F976] -> 0x0100
[1579] [M]: 0x8000F974 (0x0100006F) jal zero, 16


mem[X,0x8000F984] -> 0x4AE3
mem[X,0x8000F986] -> 0xFEB5
[1580] [M]: 0x8000F984 (0xFEB54AE3) blt a0, a1, 8180


mem[X,0x8000F988] -> 0x0113
mem[X,0x8000F98A] -> 0x0021
[1581] [M]: 0x8000F988 (0x00210113) addi sp, sp, 2
x2 <- 0x00000002


mem[X,0x8000F98C] -> 0x006F
mem[X,0x8000F98E] -> 0x00C0
[1582] [M]: 0x8000F98C (0x00C0006F) jal zero, 12


mem[X,0x8000F998] -> 0xA623
mem[X,0x8000F99A] -> 0x2420
[1583] [M]: 0x8000F998 (0x2420A623) sw sp, 588(ra)
mem[0x800384B4] <- 0x00000002


mem[X,0x8000F99C] -> 0x0513
mem[X,0x8000F99E] -> 0x0050
[1584] [M]: 0x8000F99C (0x00500513) addi a0, zero, 5
x10 <- 0x00000005


mem[X,0x8000F9A0] -> 0x55B7
mem[X,0x8000F9A2] -> 0x5555
[1585] [M]: 0x8000F9A0 (0x555555B7) lui a1, 349525
x11 <- 0x55555000


mem[X,0x8000F9A4] -> 0x8593
mem[X,0x8000F9A6] -> 0x5545
[1586] [M]: 0x8000F9A4 (0x55458593) addi a1, a1, 1364
x11 <- 0x55555554


mem[X,0x8000F9A8] -> 0x0113
mem[X,0x8000F9AA] -> 0x0000
[1587] [M]: 0x8000F9A8 (0x00000113) addi sp, zero, 0
x2 <- 0x00000000


mem[X,0x8000F9AC] -> 0x006F
mem[X,0x8000F9AE] -> 0x0140
[1588] [M]: 0x8000F9AC (0x0140006F) jal zero, 20


mem[X,0x8000F9C0] -> 0x48E3
mem[X,0x8000F9C2] -> 0xFEB5
[1589] [M]: 0x8000F9C0 (0xFEB548E3) blt a0, a1, 8176


mem[X,0x8000F9B0] -> 0x0113
mem[X,0x8000F9B2] -> 0x0011
[1590] [M]: 0x8000F9B0 (0x00110113) addi sp, sp, 1
x2 <- 0x00000001


mem[X,0x8000F9B4] -> 0x006F
mem[X,0x8000F9B6] -> 0x0200
[1591] [M]: 0x8000F9B4 (0x0200006F) jal zero, 32


mem[X,0x8000F9D4] -> 0xA823
mem[X,0x8000F9D6] -> 0x2420
[1592] [M]: 0x8000F9D4 (0x2420A823) sw sp, 592(ra)
mem[0x800384B8] <- 0x00000001


mem[X,0x8000F9D8] -> 0x0513
mem[X,0x8000F9DA] -> 0x0050
[1593] [M]: 0x8000F9D8 (0x00500513) addi a0, zero, 5
x10 <- 0x00000005


mem[X,0x8000F9DC] -> 0x0593
mem[X,0x8000F9DE] -> 0x0000
[1594] [M]: 0x8000F9DC (0x00000593) addi a1, zero, 0
x11 <- 0x00000000


mem[X,0x8000F9E0] -> 0x0113
mem[X,0x8000F9E2] -> 0x0000
[1595] [M]: 0x8000F9E0 (0x00000113) addi sp, zero, 0
x2 <- 0x00000000


mem[X,0x8000F9E4] -> 0x006F
mem[X,0x8000F9E6] -> 0x0140
[1596] [M]: 0x8000F9E4 (0x0140006F) jal zero, 20


mem[X,0x8000F9F8] -> 0x48E3
mem[X,0x8000F9FA] -> 0xFEB5
[1597] [M]: 0x8000F9F8 (0xFEB548E3) blt a0, a1, 8176


mem[X,0x8000F9FC] -> 0x0113
mem[X,0x8000F9FE] -> 0x0021
[1598] [M]: 0x8000F9FC (0x00210113) addi sp, sp, 2
x2 <- 0x00000002


mem[X,0x8000FA00] -> 0x006F
mem[X,0x8000FA02] -> 0x00C0
[1599] [M]: 0x8000FA00 (0x00C0006F) jal zero, 12


clint::tick mtime <- 0x0000000000000010
 clint timer pending at mtime 0x0000000000000010
htif::tick 0x0000000000000000
mem[X,0x8000FA0C] -> 0xAA23
mem[X,0x8000FA0E] -> 0x2420
[1600] [M]: 0x8000FA0C (0x2420AA23) sw sp, 596(ra)
mem[0x800384BC] <- 0x00000002


mem[X,0x8000FA10] -> 0x0513
mem[X,0x8000FA12] -> 0x0050
[1601] [M]: 0x8000FA10 (0x00500513) addi a0, zero, 5
x10 <- 0x00000005


mem[X,0x8000FA14] -> 0x0593
mem[X,0x8000FA16] -> 0x0040
[1602] [M]: 0x8000FA14 (0x00400593) addi a1, zero, 4
x11 <- 0x00000004


mem[X,0x8000FA18] -> 0x0113
mem[X,0x8000FA1A] -> 0x0000
[1603] [M]: 0x8000FA18 (0x00000113) addi sp, zero, 0
x2 <- 0x00000000


mem[X,0x8000FA1C] -> 0x006F
mem[X,0x8000FA1E] -> 0x00C0
[1604] [M]: 0x8000FA1C (0x00C0006F) jal zero, 12


mem[X,0x8000FA28] -> 0x4663
mem[X,0x8000FA2A] -> 0x00B5
[1605] [M]: 0x8000FA28 (0x00B54663) blt a0, a1, 12


mem[X,0x8000FA2C] -> 0x0113
mem[X,0x8000FA2E] -> 0x0021
[1606] [M]: 0x8000FA2C (0x00210113) addi sp, sp, 2
x2 <- 0x00000002


mem[X,0x8000FA30] -> 0x006F
mem[X,0x8000FA32] -> 0x00C0
[1607] [M]: 0x8000FA30 (0x00C0006F) jal zero, 12


mem[X,0x8000FA3C] -> 0xAC23
mem[X,0x8000FA3E] -> 0x2420
[1608] [M]: 0x8000FA3C (0x2420AC23) sw sp, 600(ra)
mem[0x800384C0] <- 0x00000002


mem[X,0x8000FA40] -> 0x0513
mem[X,0x8000FA42] -> 0x0050
[1609] [M]: 0x8000FA40 (0x00500513) addi a0, zero, 5
x10 <- 0x00000005


mem[X,0x8000FA44] -> 0x35B7
mem[X,0x8000FA46] -> 0x3333
[1610] [M]: 0x8000FA44 (0x333335B7) lui a1, 209715
x11 <- 0x33333000


mem[X,0x8000FA48] -> 0x8593
mem[X,0x8000FA4A] -> 0x3325
[1611] [M]: 0x8000FA48 (0x33258593) addi a1, a1, 818
x11 <- 0x33333332


mem[X,0x8000FA4C] -> 0x0113
mem[X,0x8000FA4E] -> 0x0000
[1612] [M]: 0x8000FA4C (0x00000113) addi sp, zero, 0
x2 <- 0x00000000


mem[X,0x8000FA50] -> 0x006F
mem[X,0x8000FA52] -> 0x00C0
[1613] [M]: 0x8000FA50 (0x00C0006F) jal zero, 12


mem[X,0x8000FA5C] -> 0x4063
mem[X,0x8000FA5E] -> 0x02B5
[1614] [M]: 0x8000FA5C (0x02B54063) blt a0, a1, 32


mem[X,0x8000FA7C] -> 0x0113
mem[X,0x8000FA7E] -> 0x0031
[1615] [M]: 0x8000FA7C (0x00310113) addi sp, sp, 3
x2 <- 0x00000003


mem[X,0x8000FA80] -> 0x006F
mem[X,0x8000FA82] -> 0x0040
[1616] [M]: 0x8000FA80 (0x0040006F) jal zero, 4


mem[X,0x8000FA84] -> 0xAE23
mem[X,0x8000FA86] -> 0x2420
[1617] [M]: 0x8000FA84 (0x2420AE23) sw sp, 604(ra)
mem[0x800384C4] <- 0x00000003


mem[X,0x8000FA88] -> 0x0513
mem[X,0x8000FA8A] -> 0x0050
[1618] [M]: 0x8000FA88 (0x00500513) addi a0, zero, 5
x10 <- 0x00000005


mem[X,0x8000FA8C] -> 0x65B7
mem[X,0x8000FA8E] -> 0x6666
[1619] [M]: 0x8000FA8C (0x666665B7) lui a1, 419430
x11 <- 0x66666000


mem[X,0x8000FA90] -> 0x8593
mem[X,0x8000FA92] -> 0x6655
[1620] [M]: 0x8000FA90 (0x66558593) addi a1, a1, 1637
x11 <- 0x66666665


mem[X,0x8000FA94] -> 0x0113
mem[X,0x8000FA96] -> 0x0000
[1621] [M]: 0x8000FA94 (0x00000113) addi sp, zero, 0
x2 <- 0x00000000


mem[X,0x8000FA98] -> 0x006F
mem[X,0x8000FA9A] -> 0x00C0
[1622] [M]: 0x8000FA98 (0x00C0006F) jal zero, 12


mem[X,0x8000FAA4] -> 0x4663
mem[X,0x8000FAA6] -> 0x00B5
[1623] [M]: 0x8000FAA4 (0x00B54663) blt a0, a1, 12


mem[X,0x8000FAB0] -> 0x0113
mem[X,0x8000FAB2] -> 0x0031
[1624] [M]: 0x8000FAB0 (0x00310113) addi sp, sp, 3
x2 <- 0x00000003


mem[X,0x8000FAB4] -> 0x006F
mem[X,0x8000FAB6] -> 0x0040
[1625] [M]: 0x8000FAB4 (0x0040006F) jal zero, 4


mem[X,0x8000FAB8] -> 0xA023
mem[X,0x8000FABA] -> 0x2620
[1626] [M]: 0x8000FAB8 (0x2620A023) sw sp, 608(ra)
mem[0x800384C8] <- 0x00000003


mem[X,0x8000FABC] -> 0x0513
mem[X,0x8000FABE] -> 0x0050
[1627] [M]: 0x8000FABC (0x00500513) addi a0, zero, 5
x10 <- 0x00000005


mem[X,0x8000FAC0] -> 0xB5B7
mem[X,0x8000FAC2] -> 0x0000
[1628] [M]: 0x8000FAC0 (0x0000B5B7) lui a1, 11
x11 <- 0x0000B000


mem[X,0x8000FAC4] -> 0x8593
mem[X,0x8000FAC6] -> 0x5035
[1629] [M]: 0x8000FAC4 (0x50358593) addi a1, a1, 1283
x11 <- 0x0000B503


mem[X,0x8000FAC8] -> 0x0113
mem[X,0x8000FACA] -> 0x0000
[1630] [M]: 0x8000FAC8 (0x00000113) addi sp, zero, 0
x2 <- 0x00000000


mem[X,0x8000FACC] -> 0x006F
mem[X,0x8000FACE] -> 0x00C0
[1631] [M]: 0x8000FACC (0x00C0006F) jal zero, 12


mem[X,0x8000FAD8] -> 0x4063
mem[X,0x8000FADA] -> 0x04B5
[1632] [M]: 0x8000FAD8 (0x04B54063) blt a0, a1, 64


mem[X,0x8000FB18] -> 0x0113
mem[X,0x8000FB1A] -> 0x0031
[1633] [M]: 0x8000FB18 (0x00310113) addi sp, sp, 3
x2 <- 0x00000003


mem[X,0x8000FB1C] -> 0x006F
mem[X,0x8000FB1E] -> 0x0040
[1634] [M]: 0x8000FB1C (0x0040006F) jal zero, 4


mem[X,0x8000FB20] -> 0xA223
mem[X,0x8000FB22] -> 0x2620
[1635] [M]: 0x8000FB20 (0x2620A223) sw sp, 612(ra)
mem[0x800384CC] <- 0x00000003


mem[X,0x8000FB24] -> 0x0513
mem[X,0x8000FB26] -> 0x0050
[1636] [M]: 0x8000FB24 (0x00500513) addi a0, zero, 5
x10 <- 0x00000005


mem[X,0x8000FB28] -> 0x55B7
mem[X,0x8000FB2A] -> 0x5555
[1637] [M]: 0x8000FB28 (0x555555B7) lui a1, 349525
x11 <- 0x55555000


mem[X,0x8000FB2C] -> 0x8593
mem[X,0x8000FB2E] -> 0x5565
[1638] [M]: 0x8000FB2C (0x55658593) addi a1, a1, 1366
x11 <- 0x55555556


mem[X,0x8000FB30] -> 0x0113
mem[X,0x8000FB32] -> 0x0000
[1639] [M]: 0x8000FB30 (0x00000113) addi sp, zero, 0
x2 <- 0x00000000


mem[X,0x8000FB34] -> 0x006F
mem[X,0x8000FB36] -> 0x0050
[1640] [M]: 0x8000FB34 (0x0050006F) jal zero, 2052


mem[X,0x80010338] -> 0x40E3
mem[X,0x8001033A] -> 0x80B5
[1641] [M]: 0x80010338 (0x80B540E3) blt a0, a1, 6144


mem[X,0x8000FB38] -> 0x0113
mem[X,0x8000FB3A] -> 0x0011
[1642] [M]: 0x8000FB38 (0x00110113) addi sp, sp, 1
x2 <- 0x00000001


mem[X,0x8000FB3C] -> 0x006F
mem[X,0x8000FB3E] -> 0x0110
[1643] [M]: 0x8000FB3C (0x0110006F) jal zero, 2064


mem[X,0x8001034C] -> 0xA423
mem[X,0x8001034E] -> 0x2620
[1644] [M]: 0x8001034C (0x2620A423) sw sp, 616(ra)
mem[0x800384D0] <- 0x00000001


mem[X,0x80010350] -> 0x0513
mem[X,0x80010352] -> 0x0050
[1645] [M]: 0x80010350 (0x00500513) addi a0, zero, 5
x10 <- 0x00000005


mem[X,0x80010354] -> 0xB5B7
mem[X,0x80010356] -> 0xAAAA
[1646] [M]: 0x80010354 (0xAAAAB5B7) lui a1, 699051
x11 <- 0xAAAAB000


mem[X,0x80010358] -> 0x8593
mem[X,0x8001035A] -> 0xAAB5
[1647] [M]: 0x80010358 (0xAAB58593) addi a1, a1, 2731
x11 <- 0xAAAAAAAB


mem[X,0x8001035C] -> 0x0113
mem[X,0x8001035E] -> 0x0000
[1648] [M]: 0x8001035C (0x00000113) addi sp, zero, 0
x2 <- 0x00000000


mem[X,0x80010360] -> 0x006F
mem[X,0x80010362] -> 0x00C0
[1649] [M]: 0x80010360 (0x00C0006F) jal zero, 12


mem[X,0x8001036C] -> 0x4CE3
mem[X,0x8001036E] -> 0xFEB5
[1650] [M]: 0x8001036C (0xFEB54CE3) blt a0, a1, 8184


mem[X,0x80010370] -> 0x0113
mem[X,0x80010372] -> 0x0021
[1651] [M]: 0x80010370 (0x00210113) addi sp, sp, 2
x2 <- 0x00000002


mem[X,0x80010374] -> 0x006F
mem[X,0x80010376] -> 0x00C0
[1652] [M]: 0x80010374 (0x00C0006F) jal zero, 12


mem[X,0x80010380] -> 0xA623
mem[X,0x80010382] -> 0x2620
[1653] [M]: 0x80010380 (0x2620A623) sw sp, 620(ra)
mem[0x800384D4] <- 0x00000002


mem[X,0x80010384] -> 0x0513
mem[X,0x80010386] -> 0x0050
[1654] [M]: 0x80010384 (0x00500513) addi a0, zero, 5
x10 <- 0x00000005


mem[X,0x80010388] -> 0x0593
mem[X,0x8001038A] -> 0x0060
[1655] [M]: 0x80010388 (0x00600593) addi a1, zero, 6
x11 <- 0x00000006


mem[X,0x8001038C] -> 0x0113
mem[X,0x8001038E] -> 0x0000
[1656] [M]: 0x8001038C (0x00000113) addi sp, zero, 0
x2 <- 0x00000000


mem[X,0x80010390] -> 0x006F
mem[X,0x80010392] -> 0x00C0
[1657] [M]: 0x80010390 (0x00C0006F) jal zero, 12


mem[X,0x8001039C] -> 0x4863
mem[X,0x8001039E] -> 0x00B5
[1658] [M]: 0x8001039C (0x00B54863) blt a0, a1, 16


mem[X,0x800103AC] -> 0x0113
mem[X,0x800103AE] -> 0x0031
[1659] [M]: 0x800103AC (0x00310113) addi sp, sp, 3
x2 <- 0x00000003


mem[X,0x800103B0] -> 0x006F
mem[X,0x800103B2] -> 0x0040
[1660] [M]: 0x800103B0 (0x0040006F) jal zero, 4


mem[X,0x800103B4] -> 0xA823
mem[X,0x800103B6] -> 0x2620
[1661] [M]: 0x800103B4 (0x2620A823) sw sp, 624(ra)
mem[0x800384D8] <- 0x00000003


mem[X,0x800103B8] -> 0x0513
mem[X,0x800103BA] -> 0x0050
[1662] [M]: 0x800103B8 (0x00500513) addi a0, zero, 5
x10 <- 0x00000005


mem[X,0x800103BC] -> 0x35B7
mem[X,0x800103BE] -> 0x3333
[1663] [M]: 0x800103BC (0x333335B7) lui a1, 209715
x11 <- 0x33333000


mem[X,0x800103C0] -> 0x8593
mem[X,0x800103C2] -> 0x3345
[1664] [M]: 0x800103C0 (0x33458593) addi a1, a1, 820
x11 <- 0x33333334


mem[X,0x800103C4] -> 0x0113
mem[X,0x800103C6] -> 0x0000
[1665] [M]: 0x800103C4 (0x00000113) addi sp, zero, 0
x2 <- 0x00000000


mem[X,0x800103C8] -> 0x006F
mem[X,0x800103CA] -> 0x00C0
[1666] [M]: 0x800103C8 (0x00C0006F) jal zero, 12


mem[X,0x800103D4] -> 0x4CE3
mem[X,0x800103D6] -> 0xFEB5
[1667] [M]: 0x800103D4 (0xFEB54CE3) blt a0, a1, 8184


mem[X,0x800103CC] -> 0x0113
mem[X,0x800103CE] -> 0x0011
[1668] [M]: 0x800103CC (0x00110113) addi sp, sp, 1
x2 <- 0x00000001


mem[X,0x800103D0] -> 0x006F
mem[X,0x800103D2] -> 0x0180
[1669] [M]: 0x800103D0 (0x0180006F) jal zero, 24


mem[X,0x800103E8] -> 0xAA23
mem[X,0x800103EA] -> 0x2620
[1670] [M]: 0x800103E8 (0x2620AA23) sw sp, 628(ra)
mem[0x800384DC] <- 0x00000001


mem[X,0x800103EC] -> 0x0513
mem[X,0x800103EE] -> 0x0050
[1671] [M]: 0x800103EC (0x00500513) addi a0, zero, 5
x10 <- 0x00000005


mem[X,0x800103F0] -> 0x65B7
mem[X,0x800103F2] -> 0x6666
[1672] [M]: 0x800103F0 (0x666665B7) lui a1, 419430
x11 <- 0x66666000


mem[X,0x800103F4] -> 0x8593
mem[X,0x800103F6] -> 0x6675
[1673] [M]: 0x800103F4 (0x66758593) addi a1, a1, 1639
x11 <- 0x66666667


mem[X,0x800103F8] -> 0x0113
mem[X,0x800103FA] -> 0x0000
[1674] [M]: 0x800103F8 (0x00000113) addi sp, zero, 0
x2 <- 0x00000000


mem[X,0x800103FC] -> 0x006F
mem[X,0x800103FE] -> 0x00C0
[1675] [M]: 0x800103FC (0x00C0006F) jal zero, 12


mem[X,0x80010408] -> 0x4063
mem[X,0x8001040A] -> 0x02B5
[1676] [M]: 0x80010408 (0x02B54063) blt a0, a1, 32


mem[X,0x80010428] -> 0x0113
mem[X,0x8001042A] -> 0x0031
[1677] [M]: 0x80010428 (0x00310113) addi sp, sp, 3
x2 <- 0x00000003


mem[X,0x8001042C] -> 0x006F
mem[X,0x8001042E] -> 0x0040
[1678] [M]: 0x8001042C (0x0040006F) jal zero, 4


mem[X,0x80010430] -> 0xAC23
mem[X,0x80010432] -> 0x2620
[1679] [M]: 0x80010430 (0x2620AC23) sw sp, 632(ra)
mem[0x800384E0] <- 0x00000003


mem[X,0x80010434] -> 0x0513
mem[X,0x80010436] -> 0x0050
[1680] [M]: 0x80010434 (0x00500513) addi a0, zero, 5
x10 <- 0x00000005


mem[X,0x80010438] -> 0x55B7
mem[X,0x8001043A] -> 0xFFFF
[1681] [M]: 0x80010438 (0xFFFF55B7) lui a1, 1048565
x11 <- 0xFFFF5000


mem[X,0x8001043C] -> 0x8593
mem[X,0x8001043E] -> 0xAFD5
[1682] [M]: 0x8001043C (0xAFD58593) addi a1, a1, 2813
x11 <- 0xFFFF4AFD


mem[X,0x80010440] -> 0x0113
mem[X,0x80010442] -> 0x0000
[1683] [M]: 0x80010440 (0x00000113) addi sp, zero, 0
x2 <- 0x00000000


mem[X,0x80010444] -> 0x006F
mem[X,0x80010446] -> 0x00C0
[1684] [M]: 0x80010444 (0x00C0006F) jal zero, 12


mem[X,0x80010450] -> 0x4063
mem[X,0x80010452] -> 0x10B5
[1685] [M]: 0x80010450 (0x10B54063) blt a0, a1, 256


mem[X,0x80010454] -> 0x0113
mem[X,0x80010456] -> 0x0021
[1686] [M]: 0x80010454 (0x00210113) addi sp, sp, 2
x2 <- 0x00000002


mem[X,0x80010458] -> 0x006F
mem[X,0x8001045A] -> 0x1000
[1687] [M]: 0x80010458 (0x1000006F) jal zero, 256


mem[X,0x80010558] -> 0xAE23
mem[X,0x8001055A] -> 0x2620
[1688] [M]: 0x80010558 (0x2620AE23) sw sp, 636(ra)
mem[0x800384E4] <- 0x00000002


mem[X,0x8001055C] -> 0x0513
mem[X,0x8001055E] -> 0x0050
[1689] [M]: 0x8001055C (0x00500513) addi a0, zero, 5
x10 <- 0x00000005


mem[X,0x80010560] -> 0xB5B7
mem[X,0x80010562] -> 0x0000
[1690] [M]: 0x80010560 (0x0000B5B7) lui a1, 11
x11 <- 0x0000B000


mem[X,0x80010564] -> 0x8593
mem[X,0x80010566] -> 0x5055
[1691] [M]: 0x80010564 (0x50558593) addi a1, a1, 1285
x11 <- 0x0000B505


mem[X,0x80010568] -> 0x0113
mem[X,0x8001056A] -> 0x0000
[1692] [M]: 0x80010568 (0x00000113) addi sp, zero, 0
x2 <- 0x00000000


mem[X,0x8001056C] -> 0x006F
mem[X,0x8001056E] -> 0x00C0
[1693] [M]: 0x8001056C (0x00C0006F) jal zero, 12


mem[X,0x80010578] -> 0x4663
mem[X,0x8001057A] -> 0x00B5
[1694] [M]: 0x80010578 (0x00B54663) blt a0, a1, 12


mem[X,0x80010584] -> 0x0113
mem[X,0x80010586] -> 0x0031
[1695] [M]: 0x80010584 (0x00310113) addi sp, sp, 3
x2 <- 0x00000003


mem[X,0x80010588] -> 0x006F
mem[X,0x8001058A] -> 0x0040
[1696] [M]: 0x80010588 (0x0040006F) jal zero, 4


mem[X,0x8001058C] -> 0xA023
mem[X,0x8001058E] -> 0x2820
[1697] [M]: 0x8001058C (0x2820A023) sw sp, 640(ra)
mem[0x800384E8] <- 0x00000003


mem[X,0x80010590] -> 0x3537
mem[X,0x80010592] -> 0x3333
[1698] [M]: 0x80010590 (0x33333537) lui a0, 209715
x10 <- 0x33333000


mem[X,0x80010594] -> 0x0513
mem[X,0x80010596] -> 0x3335
[1699] [M]: 0x80010594 (0x33350513) addi a0, a0, 819
x10 <- 0x33333333


clint::tick mtime <- 0x0000000000000011
 clint timer pending at mtime 0x0000000000000011
htif::tick 0x0000000000000000
mem[X,0x80010598] -> 0x0593
mem[X,0x8001059A] -> 0x0030
[1700] [M]: 0x80010598 (0x00300593) addi a1, zero, 3
x11 <- 0x00000003


mem[X,0x8001059C] -> 0x0113
mem[X,0x8001059E] -> 0x0000
[1701] [M]: 0x8001059C (0x00000113) addi sp, zero, 0
x2 <- 0x00000000


mem[X,0x800105A0] -> 0x006F
mem[X,0x800105A2] -> 0x00C0
[1702] [M]: 0x800105A0 (0x00C0006F) jal zero, 12


mem[X,0x800105AC] -> 0x4063
mem[X,0x800105AE] -> 0x40B5
[1703] [M]: 0x800105AC (0x40B54063) blt a0, a1, 1024


mem[X,0x800105B0] -> 0x0113
mem[X,0x800105B2] -> 0x0021
[1704] [M]: 0x800105B0 (0x00210113) addi sp, sp, 2
x2 <- 0x00000002


mem[X,0x800105B4] -> 0x006F
mem[X,0x800105B6] -> 0x4000
[1705] [M]: 0x800105B4 (0x4000006F) jal zero, 1024


mem[X,0x800109B4] -> 0xA223
mem[X,0x800109B6] -> 0x2820
[1706] [M]: 0x800109B4 (0x2820A223) sw sp, 644(ra)
mem[0x800384EC] <- 0x00000002


mem[X,0x800109B8] -> 0x3537
mem[X,0x800109BA] -> 0x3333
[1707] [M]: 0x800109B8 (0x33333537) lui a0, 209715
x10 <- 0x33333000


mem[X,0x800109BC] -> 0x0513
mem[X,0x800109BE] -> 0x3335
[1708] [M]: 0x800109BC (0x33350513) addi a0, a0, 819
x10 <- 0x33333333


mem[X,0x800109C0] -> 0x55B7
mem[X,0x800109C2] -> 0x5555
[1709] [M]: 0x800109C0 (0x555555B7) lui a1, 349525
x11 <- 0x55555000


mem[X,0x800109C4] -> 0x8593
mem[X,0x800109C6] -> 0x5555
[1710] [M]: 0x800109C4 (0x55558593) addi a1, a1, 1365
x11 <- 0x55555555


mem[X,0x800109C8] -> 0x0113
mem[X,0x800109CA] -> 0x0000
[1711] [M]: 0x800109C8 (0x00000113) addi sp, zero, 0
x2 <- 0x00000000


mem[X,0x800109CC] -> 0x006F
mem[X,0x800109CE] -> 0x00C0
[1712] [M]: 0x800109CC (0x00C0006F) jal zero, 12


mem[X,0x800109D8] -> 0x4063
mem[X,0x800109DA] -> 0x10B5
[1713] [M]: 0x800109D8 (0x10B54063) blt a0, a1, 256


mem[X,0x80010AD8] -> 0x0113
mem[X,0x80010ADA] -> 0x0031
[1714] [M]: 0x80010AD8 (0x00310113) addi sp, sp, 3
x2 <- 0x00000003


mem[X,0x80010ADC] -> 0x006F
mem[X,0x80010ADE] -> 0x0040
[1715] [M]: 0x80010ADC (0x0040006F) jal zero, 4


mem[X,0x80010AE0] -> 0xA423
mem[X,0x80010AE2] -> 0x2820
[1716] [M]: 0x80010AE0 (0x2820A423) sw sp, 648(ra)
mem[0x800384F0] <- 0x00000003


mem[X,0x80010AE4] -> 0x3537
mem[X,0x80010AE6] -> 0x3333
[1717] [M]: 0x80010AE4 (0x33333537) lui a0, 209715
x10 <- 0x33333000


mem[X,0x80010AE8] -> 0x0513
mem[X,0x80010AEA] -> 0x3335
[1718] [M]: 0x80010AE8 (0x33350513) addi a0, a0, 819
x10 <- 0x33333333


mem[X,0x80010AEC] -> 0xB5B7
mem[X,0x80010AEE] -> 0xAAAA
[1719] [M]: 0x80010AEC (0xAAAAB5B7) lui a1, 699051
x11 <- 0xAAAAB000


mem[X,0x80010AF0] -> 0x8593
mem[X,0x80010AF2] -> 0xAAA5
[1720] [M]: 0x80010AF0 (0xAAA58593) addi a1, a1, 2730
x11 <- 0xAAAAAAAA


mem[X,0x80010AF4] -> 0x0113
mem[X,0x80010AF6] -> 0x0000
[1721] [M]: 0x80010AF4 (0x00000113) addi sp, zero, 0
x2 <- 0x00000000


mem[X,0x80010AF8] -> 0x006F
mem[X,0x80010AFA] -> 0x00C0
[1722] [M]: 0x80010AF8 (0x00C0006F) jal zero, 12


mem[X,0x80010B04] -> 0x4063
mem[X,0x80010B06] -> 0x08B5
[1723] [M]: 0x80010B04 (0x08B54063) blt a0, a1, 128


mem[X,0x80010B08] -> 0x0113
mem[X,0x80010B0A] -> 0x0021
[1724] [M]: 0x80010B08 (0x00210113) addi sp, sp, 2
x2 <- 0x00000002


mem[X,0x80010B0C] -> 0x006F
mem[X,0x80010B0E] -> 0x0800
[1725] [M]: 0x80010B0C (0x0800006F) jal zero, 128


mem[X,0x80010B8C] -> 0xA623
mem[X,0x80010B8E] -> 0x2820
[1726] [M]: 0x80010B8C (0x2820A623) sw sp, 652(ra)
mem[0x800384F4] <- 0x00000002


mem[X,0x80010B90] -> 0x3537
mem[X,0x80010B92] -> 0x3333
[1727] [M]: 0x80010B90 (0x33333537) lui a0, 209715
x10 <- 0x33333000


mem[X,0x80010B94] -> 0x0513
mem[X,0x80010B96] -> 0x3335
[1728] [M]: 0x80010B94 (0x33350513) addi a0, a0, 819
x10 <- 0x33333333


mem[X,0x80010B98] -> 0x0593
mem[X,0x80010B9A] -> 0x0050
[1729] [M]: 0x80010B98 (0x00500593) addi a1, zero, 5
x11 <- 0x00000005


mem[X,0x80010B9C] -> 0x0113
mem[X,0x80010B9E] -> 0x0000
[1730] [M]: 0x80010B9C (0x00000113) addi sp, zero, 0
x2 <- 0x00000000


mem[X,0x80010BA0] -> 0x006F
mem[X,0x80010BA2] -> 0x00C0
[1731] [M]: 0x80010BA0 (0x00C0006F) jal zero, 12


mem[X,0x80010BAC] -> 0x4CE3
mem[X,0x80010BAE] -> 0xFEB5
[1732] [M]: 0x80010BAC (0xFEB54CE3) blt a0, a1, 8184


mem[X,0x80010BB0] -> 0x0113
mem[X,0x80010BB2] -> 0x0021
[1733] [M]: 0x80010BB0 (0x00210113) addi sp, sp, 2
x2 <- 0x00000002


mem[X,0x80010BB4] -> 0x006F
mem[X,0x80010BB6] -> 0x00C0
[1734] [M]: 0x80010BB4 (0x00C0006F) jal zero, 12


mem[X,0x80010BC0] -> 0xA823
mem[X,0x80010BC2] -> 0x2820
[1735] [M]: 0x80010BC0 (0x2820A823) sw sp, 656(ra)
mem[0x800384F8] <- 0x00000002


mem[X,0x80010BC4] -> 0x3537
mem[X,0x80010BC6] -> 0x3333
[1736] [M]: 0x80010BC4 (0x33333537) lui a0, 209715
x10 <- 0x33333000


mem[X,0x80010BC8] -> 0x0513
mem[X,0x80010BCA] -> 0x3335
[1737] [M]: 0x80010BC8 (0x33350513) addi a0, a0, 819
x10 <- 0x33333333


mem[X,0x80010BCC] -> 0x35B7
mem[X,0x80010BCE] -> 0x3333
[1738] [M]: 0x80010BCC (0x333335B7) lui a1, 209715
x11 <- 0x33333000


mem[X,0x80010BD0] -> 0x8593
mem[X,0x80010BD2] -> 0x3335
[1739] [M]: 0x80010BD0 (0x33358593) addi a1, a1, 819
x11 <- 0x33333333


mem[X,0x80010BD4] -> 0x0113
mem[X,0x80010BD6] -> 0x0000
[1740] [M]: 0x80010BD4 (0x00000113) addi sp, zero, 0
x2 <- 0x00000000


mem[X,0x80010BD8] -> 0x006F
mem[X,0x80010BDA] -> 0x00C0
[1741] [M]: 0x80010BD8 (0x00C0006F) jal zero, 12


mem[X,0x80010BE4] -> 0x4063
mem[X,0x80010BE6] -> 0x20B5
[1742] [M]: 0x80010BE4 (0x20B54063) blt a0, a1, 512


mem[X,0x80010BE8] -> 0x0113
mem[X,0x80010BEA] -> 0x0021
[1743] [M]: 0x80010BE8 (0x00210113) addi sp, sp, 2
x2 <- 0x00000002


mem[X,0x80010BEC] -> 0x006F
mem[X,0x80010BEE] -> 0x2000
[1744] [M]: 0x80010BEC (0x2000006F) jal zero, 512


mem[X,0x80010DEC] -> 0xAA23
mem[X,0x80010DEE] -> 0x2820
[1745] [M]: 0x80010DEC (0x2820AA23) sw sp, 660(ra)
mem[0x800384FC] <- 0x00000002


mem[X,0x80010DF0] -> 0x3537
mem[X,0x80010DF2] -> 0x3333
[1746] [M]: 0x80010DF0 (0x33333537) lui a0, 209715
x10 <- 0x33333000


mem[X,0x80010DF4] -> 0x0513
mem[X,0x80010DF6] -> 0x3335
[1747] [M]: 0x80010DF4 (0x33350513) addi a0, a0, 819
x10 <- 0x33333333


mem[X,0x80010DF8] -> 0x65B7
mem[X,0x80010DFA] -> 0x6666
[1748] [M]: 0x80010DF8 (0x666665B7) lui a1, 419430
x11 <- 0x66666000


mem[X,0x80010DFC] -> 0x8593
mem[X,0x80010DFE] -> 0x6665
[1749] [M]: 0x80010DFC (0x66658593) addi a1, a1, 1638
x11 <- 0x66666666


mem[X,0x80010E00] -> 0x0113
mem[X,0x80010E02] -> 0x0000
[1750] [M]: 0x80010E00 (0x00000113) addi sp, zero, 0
x2 <- 0x00000000


mem[X,0x80010E04] -> 0x006F
mem[X,0x80010E06] -> 0x00C0
[1751] [M]: 0x80010E04 (0x00C0006F) jal zero, 12


mem[X,0x80010E10] -> 0x4663
mem[X,0x80010E12] -> 0x00B5
[1752] [M]: 0x80010E10 (0x00B54663) blt a0, a1, 12


mem[X,0x80010E1C] -> 0x0113
mem[X,0x80010E1E] -> 0x0031
[1753] [M]: 0x80010E1C (0x00310113) addi sp, sp, 3
x2 <- 0x00000003


mem[X,0x80010E20] -> 0x006F
mem[X,0x80010E22] -> 0x0040
[1754] [M]: 0x80010E20 (0x0040006F) jal zero, 4


mem[X,0x80010E24] -> 0xAC23
mem[X,0x80010E26] -> 0x2820
[1755] [M]: 0x80010E24 (0x2820AC23) sw sp, 664(ra)
mem[0x80038500] <- 0x00000003


mem[X,0x80010E28] -> 0x3537
mem[X,0x80010E2A] -> 0x3333
[1756] [M]: 0x80010E28 (0x33333537) lui a0, 209715
x10 <- 0x33333000


mem[X,0x80010E2C] -> 0x0513
mem[X,0x80010E2E] -> 0x3335
[1757] [M]: 0x80010E2C (0x33350513) addi a0, a0, 819
x10 <- 0x33333333


mem[X,0x80010E30] -> 0x55B7
mem[X,0x80010E32] -> 0xFFFF
[1758] [M]: 0x80010E30 (0xFFFF55B7) lui a1, 1048565
x11 <- 0xFFFF5000


mem[X,0x80010E34] -> 0x8593
mem[X,0x80010E36] -> 0xAFC5
[1759] [M]: 0x80010E34 (0xAFC58593) addi a1, a1, 2812
x11 <- 0xFFFF4AFC


mem[X,0x80010E38] -> 0x0113
mem[X,0x80010E3A] -> 0x0000
[1760] [M]: 0x80010E38 (0x00000113) addi sp, zero, 0
x2 <- 0x00000000


mem[X,0x80010E3C] -> 0x006F
mem[X,0x80010E3E] -> 0x0100
[1761] [M]: 0x80010E3C (0x0100006F) jal zero, 16


mem[X,0x80010E4C] -> 0x4AE3
mem[X,0x80010E4E] -> 0xFEB5
[1762] [M]: 0x80010E4C (0xFEB54AE3) blt a0, a1, 8180


mem[X,0x80010E50] -> 0x0113
mem[X,0x80010E52] -> 0x0021
[1763] [M]: 0x80010E50 (0x00210113) addi sp, sp, 2
x2 <- 0x00000002


mem[X,0x80010E54] -> 0x006F
mem[X,0x80010E56] -> 0x00C0
[1764] [M]: 0x80010E54 (0x00C0006F) jal zero, 12


mem[X,0x80010E60] -> 0xAE23
mem[X,0x80010E62] -> 0x2820
[1765] [M]: 0x80010E60 (0x2820AE23) sw sp, 668(ra)
mem[0x80038504] <- 0x00000002


mem[X,0x80010E64] -> 0x3537
mem[X,0x80010E66] -> 0x3333
[1766] [M]: 0x80010E64 (0x33333537) lui a0, 209715
x10 <- 0x33333000


mem[X,0x80010E68] -> 0x0513
mem[X,0x80010E6A] -> 0x3335
[1767] [M]: 0x80010E68 (0x33350513) addi a0, a0, 819
x10 <- 0x33333333


mem[X,0x80010E6C] -> 0xB5B7
mem[X,0x80010E6E] -> 0x0000
[1768] [M]: 0x80010E6C (0x0000B5B7) lui a1, 11
x11 <- 0x0000B000


mem[X,0x80010E70] -> 0x8593
mem[X,0x80010E72] -> 0x5045
[1769] [M]: 0x80010E70 (0x50458593) addi a1, a1, 1284
x11 <- 0x0000B504


mem[X,0x80010E74] -> 0x0113
mem[X,0x80010E76] -> 0x0000
[1770] [M]: 0x80010E74 (0x00000113) addi sp, zero, 0
x2 <- 0x00000000


mem[X,0x80010E78] -> 0x006F
mem[X,0x80010E7A] -> 0x00C0
[1771] [M]: 0x80010E78 (0x00C0006F) jal zero, 12


mem[X,0x80010E84] -> 0x4CE3
mem[X,0x80010E86] -> 0xFEB5
[1772] [M]: 0x80010E84 (0xFEB54CE3) blt a0, a1, 8184


mem[X,0x80010E88] -> 0x0113
mem[X,0x80010E8A] -> 0x0021
[1773] [M]: 0x80010E88 (0x00210113) addi sp, sp, 2
x2 <- 0x00000002


mem[X,0x80010E8C] -> 0x006F
mem[X,0x80010E8E] -> 0x00C0
[1774] [M]: 0x80010E8C (0x00C0006F) jal zero, 12


mem[X,0x80010E98] -> 0xA023
mem[X,0x80010E9A] -> 0x2A20
[1775] [M]: 0x80010E98 (0x2A20A023) sw sp, 672(ra)
mem[0x80038508] <- 0x00000002


mem[X,0x80010E9C] -> 0x3537
mem[X,0x80010E9E] -> 0x3333
[1776] [M]: 0x80010E9C (0x33333537) lui a0, 209715
x10 <- 0x33333000


mem[X,0x80010EA0] -> 0x0513
mem[X,0x80010EA2] -> 0x3335
[1777] [M]: 0x80010EA0 (0x33350513) addi a0, a0, 819
x10 <- 0x33333333


mem[X,0x80010EA4] -> 0x0593
mem[X,0x80010EA6] -> 0x0020
[1778] [M]: 0x80010EA4 (0x00200593) addi a1, zero, 2
x11 <- 0x00000002


mem[X,0x80010EA8] -> 0x0113
mem[X,0x80010EAA] -> 0x0000
[1779] [M]: 0x80010EA8 (0x00000113) addi sp, zero, 0
x2 <- 0x00000000


mem[X,0x80010EAC] -> 0x006F
mem[X,0x80010EAE] -> 0x00C0
[1780] [M]: 0x80010EAC (0x00C0006F) jal zero, 12


mem[X,0x80010EB8] -> 0x4863
mem[X,0x80010EBA] -> 0x00B5
[1781] [M]: 0x80010EB8 (0x00B54863) blt a0, a1, 16


mem[X,0x80010EBC] -> 0x0113
mem[X,0x80010EBE] -> 0x0021
[1782] [M]: 0x80010EBC (0x00210113) addi sp, sp, 2
x2 <- 0x00000002


mem[X,0x80010EC0] -> 0x006F
mem[X,0x80010EC2] -> 0x0100
[1783] [M]: 0x80010EC0 (0x0100006F) jal zero, 16


mem[X,0x80010ED0] -> 0xA223
mem[X,0x80010ED2] -> 0x2A20
[1784] [M]: 0x80010ED0 (0x2A20A223) sw sp, 676(ra)
mem[0x8003850C] <- 0x00000002


mem[X,0x80010ED4] -> 0x3537
mem[X,0x80010ED6] -> 0x3333
[1785] [M]: 0x80010ED4 (0x33333537) lui a0, 209715
x10 <- 0x33333000


mem[X,0x80010ED8] -> 0x0513
mem[X,0x80010EDA] -> 0x3335
[1786] [M]: 0x80010ED8 (0x33350513) addi a0, a0, 819
x10 <- 0x33333333


mem[X,0x80010EDC] -> 0x55B7
mem[X,0x80010EDE] -> 0x5555
[1787] [M]: 0x80010EDC (0x555555B7) lui a1, 349525
x11 <- 0x55555000


mem[X,0x80010EE0] -> 0x8593
mem[X,0x80010EE2] -> 0x5545
[1788] [M]: 0x80010EE0 (0x55458593) addi a1, a1, 1364
x11 <- 0x55555554


mem[X,0x80010EE4] -> 0x0113
mem[X,0x80010EE6] -> 0x0000
[1789] [M]: 0x80010EE4 (0x00000113) addi sp, zero, 0
x2 <- 0x00000000


mem[X,0x80010EE8] -> 0x006F
mem[X,0x80010EEA] -> 0x00C0
[1790] [M]: 0x80010EE8 (0x00C0006F) jal zero, 12


mem[X,0x80010EF4] -> 0x4063
mem[X,0x80010EF6] -> 0x08B5
[1791] [M]: 0x80010EF4 (0x08B54063) blt a0, a1, 128


mem[X,0x80010F74] -> 0x0113
mem[X,0x80010F76] -> 0x0031
[1792] [M]: 0x80010F74 (0x00310113) addi sp, sp, 3
x2 <- 0x00000003


mem[X,0x80010F78] -> 0x006F
mem[X,0x80010F7A] -> 0x0040
[1793] [M]: 0x80010F78 (0x0040006F) jal zero, 4


mem[X,0x80010F7C] -> 0xA423
mem[X,0x80010F7E] -> 0x2A20
[1794] [M]: 0x80010F7C (0x2A20A423) sw sp, 680(ra)
mem[0x80038510] <- 0x00000003


mem[X,0x80010F80] -> 0x3537
mem[X,0x80010F82] -> 0x3333
[1795] [M]: 0x80010F80 (0x33333537) lui a0, 209715
x10 <- 0x33333000


mem[X,0x80010F84] -> 0x0513
mem[X,0x80010F86] -> 0x3335
[1796] [M]: 0x80010F84 (0x33350513) addi a0, a0, 819
x10 <- 0x33333333


mem[X,0x80010F88] -> 0x0593
mem[X,0x80010F8A] -> 0x0000
[1797] [M]: 0x80010F88 (0x00000593) addi a1, zero, 0
x11 <- 0x00000000


mem[X,0x80010F8C] -> 0x0113
mem[X,0x80010F8E] -> 0x0000
[1798] [M]: 0x80010F8C (0x00000113) addi sp, zero, 0
x2 <- 0x00000000


mem[X,0x80010F90] -> 0x006F
mem[X,0x80010F92] -> 0x00C0
[1799] [M]: 0x80010F90 (0x00C0006F) jal zero, 12


clint::tick mtime <- 0x0000000000000012
 clint timer pending at mtime 0x0000000000000012
htif::tick 0x0000000000000000
mem[X,0x80010F9C] -> 0x4063
mem[X,0x80010F9E] -> 0x10B5
[1800] [M]: 0x80010F9C (0x10B54063) blt a0, a1, 256


mem[X,0x80010FA0] -> 0x0113
mem[X,0x80010FA2] -> 0x0021
[1801] [M]: 0x80010FA0 (0x00210113) addi sp, sp, 2
x2 <- 0x00000002


mem[X,0x80010FA4] -> 0x006F
mem[X,0x80010FA6] -> 0x1000
[1802] [M]: 0x80010FA4 (0x1000006F) jal zero, 256


mem[X,0x800110A4] -> 0xA623
mem[X,0x800110A6] -> 0x2A20
[1803] [M]: 0x800110A4 (0x2A20A623) sw sp, 684(ra)
mem[0x80038514] <- 0x00000002


mem[X,0x800110A8] -> 0x3537
mem[X,0x800110AA] -> 0x3333
[1804] [M]: 0x800110A8 (0x33333537) lui a0, 209715
x10 <- 0x33333000


mem[X,0x800110AC] -> 0x0513
mem[X,0x800110AE] -> 0x3335
[1805] [M]: 0x800110AC (0x33350513) addi a0, a0, 819
x10 <- 0x33333333


mem[X,0x800110B0] -> 0x0593
mem[X,0x800110B2] -> 0x0040
[1806] [M]: 0x800110B0 (0x00400593) addi a1, zero, 4
x11 <- 0x00000004


mem[X,0x800110B4] -> 0x0113
mem[X,0x800110B6] -> 0x0000
[1807] [M]: 0x800110B4 (0x00000113) addi sp, zero, 0
x2 <- 0x00000000


mem[X,0x800110B8] -> 0x006F
mem[X,0x800110BA] -> 0x00C0
[1808] [M]: 0x800110B8 (0x00C0006F) jal zero, 12


mem[X,0x800110C4] -> 0x4CE3
mem[X,0x800110C6] -> 0xFEB5
[1809] [M]: 0x800110C4 (0xFEB54CE3) blt a0, a1, 8184


mem[X,0x800110C8] -> 0x0113
mem[X,0x800110CA] -> 0x0021
[1810] [M]: 0x800110C8 (0x00210113) addi sp, sp, 2
x2 <- 0x00000002


mem[X,0x800110CC] -> 0x006F
mem[X,0x800110CE] -> 0x00C0
[1811] [M]: 0x800110CC (0x00C0006F) jal zero, 12


mem[X,0x800110D8] -> 0xA823
mem[X,0x800110DA] -> 0x2A20
[1812] [M]: 0x800110D8 (0x2A20A823) sw sp, 688(ra)
mem[0x80038518] <- 0x00000002


mem[X,0x800110DC] -> 0x3537
mem[X,0x800110DE] -> 0x3333
[1813] [M]: 0x800110DC (0x33333537) lui a0, 209715
x10 <- 0x33333000


mem[X,0x800110E0] -> 0x0513
mem[X,0x800110E2] -> 0x3335
[1814] [M]: 0x800110E0 (0x33350513) addi a0, a0, 819
x10 <- 0x33333333


mem[X,0x800110E4] -> 0x35B7
mem[X,0x800110E6] -> 0x3333
[1815] [M]: 0x800110E4 (0x333335B7) lui a1, 209715
x11 <- 0x33333000


mem[X,0x800110E8] -> 0x8593
mem[X,0x800110EA] -> 0x3325
[1816] [M]: 0x800110E8 (0x33258593) addi a1, a1, 818
x11 <- 0x33333332


mem[X,0x800110EC] -> 0x0113
mem[X,0x800110EE] -> 0x0000
[1817] [M]: 0x800110EC (0x00000113) addi sp, zero, 0
x2 <- 0x00000000


mem[X,0x800110F0] -> 0x006F
mem[X,0x800110F2] -> 0x0100
[1818] [M]: 0x800110F0 (0x0100006F) jal zero, 16


mem[X,0x80011100] -> 0x4AE3
mem[X,0x80011102] -> 0xFEB5
[1819] [M]: 0x80011100 (0xFEB54AE3) blt a0, a1, 8180


mem[X,0x80011104] -> 0x0113
mem[X,0x80011106] -> 0x0021
[1820] [M]: 0x80011104 (0x00210113) addi sp, sp, 2
x2 <- 0x00000002


mem[X,0x80011108] -> 0x006F
mem[X,0x8001110A] -> 0x00C0
[1821] [M]: 0x80011108 (0x00C0006F) jal zero, 12


mem[X,0x80011114] -> 0xAA23
mem[X,0x80011116] -> 0x2A20
[1822] [M]: 0x80011114 (0x2A20AA23) sw sp, 692(ra)
mem[0x8003851C] <- 0x00000002


mem[X,0x80011118] -> 0x3537
mem[X,0x8001111A] -> 0x3333
[1823] [M]: 0x80011118 (0x33333537) lui a0, 209715
x10 <- 0x33333000


mem[X,0x8001111C] -> 0x0513
mem[X,0x8001111E] -> 0x3335
[1824] [M]: 0x8001111C (0x33350513) addi a0, a0, 819
x10 <- 0x33333333


mem[X,0x80011120] -> 0x65B7
mem[X,0x80011122] -> 0x6666
[1825] [M]: 0x80011120 (0x666665B7) lui a1, 419430
x11 <- 0x66666000


mem[X,0x80011124] -> 0x8593
mem[X,0x80011126] -> 0x6655
[1826] [M]: 0x80011124 (0x66558593) addi a1, a1, 1637
x11 <- 0x66666665


mem[X,0x80011128] -> 0x0113
mem[X,0x8001112A] -> 0x0000
[1827] [M]: 0x80011128 (0x00000113) addi sp, zero, 0
x2 <- 0x00000000


mem[X,0x8001112C] -> 0x006F
mem[X,0x8001112E] -> 0x00C0
[1828] [M]: 0x8001112C (0x00C0006F) jal zero, 12


mem[X,0x80011138] -> 0x4CE3
mem[X,0x8001113A] -> 0xFEB5
[1829] [M]: 0x80011138 (0xFEB54CE3) blt a0, a1, 8184


mem[X,0x80011130] -> 0x0113
mem[X,0x80011132] -> 0x0011
[1830] [M]: 0x80011130 (0x00110113) addi sp, sp, 1
x2 <- 0x00000001


mem[X,0x80011134] -> 0x006F
mem[X,0x80011136] -> 0x0180
[1831] [M]: 0x80011134 (0x0180006F) jal zero, 24


mem[X,0x8001114C] -> 0xAC23
mem[X,0x8001114E] -> 0x2A20
[1832] [M]: 0x8001114C (0x2A20AC23) sw sp, 696(ra)
mem[0x80038520] <- 0x00000001


mem[X,0x80011150] -> 0x3537
mem[X,0x80011152] -> 0x3333
[1833] [M]: 0x80011150 (0x33333537) lui a0, 209715
x10 <- 0x33333000


mem[X,0x80011154] -> 0x0513
mem[X,0x80011156] -> 0x3335
[1834] [M]: 0x80011154 (0x33350513) addi a0, a0, 819
x10 <- 0x33333333


mem[X,0x80011158] -> 0xB5B7
mem[X,0x8001115A] -> 0x0000
[1835] [M]: 0x80011158 (0x0000B5B7) lui a1, 11
x11 <- 0x0000B000


mem[X,0x8001115C] -> 0x8593
mem[X,0x8001115E] -> 0x5035
[1836] [M]: 0x8001115C (0x50358593) addi a1, a1, 1283
x11 <- 0x0000B503


mem[X,0x80011160] -> 0x0113
mem[X,0x80011162] -> 0x0000
[1837] [M]: 0x80011160 (0x00000113) addi sp, zero, 0
x2 <- 0x00000000


mem[X,0x80011164] -> 0x006F
mem[X,0x80011166] -> 0x00C0
[1838] [M]: 0x80011164 (0x00C0006F) jal zero, 12


mem[X,0x80011170] -> 0x4063
mem[X,0x80011172] -> 0x04B5
[1839] [M]: 0x80011170 (0x04B54063) blt a0, a1, 64


mem[X,0x80011174] -> 0x0113
mem[X,0x80011176] -> 0x0021
[1840] [M]: 0x80011174 (0x00210113) addi sp, sp, 2
x2 <- 0x00000002


mem[X,0x80011178] -> 0x006F
mem[X,0x8001117A] -> 0x0400
[1841] [M]: 0x80011178 (0x0400006F) jal zero, 64


mem[X,0x800111B8] -> 0xAE23
mem[X,0x800111BA] -> 0x2A20
[1842] [M]: 0x800111B8 (0x2A20AE23) sw sp, 700(ra)
mem[0x80038524] <- 0x00000002


mem[X,0x800111BC] -> 0x3537
mem[X,0x800111BE] -> 0x3333
[1843] [M]: 0x800111BC (0x33333537) lui a0, 209715
x10 <- 0x33333000


mem[X,0x800111C0] -> 0x0513
mem[X,0x800111C2] -> 0x3335
[1844] [M]: 0x800111C0 (0x33350513) addi a0, a0, 819
x10 <- 0x33333333


mem[X,0x800111C4] -> 0x55B7
mem[X,0x800111C6] -> 0x5555
[1845] [M]: 0x800111C4 (0x555555B7) lui a1, 349525
x11 <- 0x55555000


mem[X,0x800111C8] -> 0x8593
mem[X,0x800111CA] -> 0x5565
[1846] [M]: 0x800111C8 (0x55658593) addi a1, a1, 1366
x11 <- 0x55555556


mem[X,0x800111CC] -> 0x0113
mem[X,0x800111CE] -> 0x0000
[1847] [M]: 0x800111CC (0x00000113) addi sp, zero, 0
x2 <- 0x00000000


mem[X,0x800111D0] -> 0x006F
mem[X,0x800111D2] -> 0x00C0
[1848] [M]: 0x800111D0 (0x00C0006F) jal zero, 12


mem[X,0x800111DC] -> 0x4863
mem[X,0x800111DE] -> 0x00B5
[1849] [M]: 0x800111DC (0x00B54863) blt a0, a1, 16


mem[X,0x800111EC] -> 0x0113
mem[X,0x800111EE] -> 0x0031
[1850] [M]: 0x800111EC (0x00310113) addi sp, sp, 3
x2 <- 0x00000003


mem[X,0x800111F0] -> 0x006F
mem[X,0x800111F2] -> 0x0040
[1851] [M]: 0x800111F0 (0x0040006F) jal zero, 4


mem[X,0x800111F4] -> 0xA023
mem[X,0x800111F6] -> 0x2C20
[1852] [M]: 0x800111F4 (0x2C20A023) sw sp, 704(ra)
mem[0x80038528] <- 0x00000003


mem[X,0x800111F8] -> 0x3537
mem[X,0x800111FA] -> 0x3333
[1853] [M]: 0x800111F8 (0x33333537) lui a0, 209715
x10 <- 0x33333000


mem[X,0x800111FC] -> 0x0513
mem[X,0x800111FE] -> 0x3335
[1854] [M]: 0x800111FC (0x33350513) addi a0, a0, 819
x10 <- 0x33333333


mem[X,0x80011200] -> 0xB5B7
mem[X,0x80011202] -> 0xAAAA
[1855] [M]: 0x80011200 (0xAAAAB5B7) lui a1, 699051
x11 <- 0xAAAAB000


mem[X,0x80011204] -> 0x8593
mem[X,0x80011206] -> 0xAAB5
[1856] [M]: 0x80011204 (0xAAB58593) addi a1, a1, 2731
x11 <- 0xAAAAAAAB


mem[X,0x80011208] -> 0x0113
mem[X,0x8001120A] -> 0x0000
[1857] [M]: 0x80011208 (0x00000113) addi sp, zero, 0
x2 <- 0x00000000


mem[X,0x8001120C] -> 0x006F
mem[X,0x8001120E] -> 0x00C0
[1858] [M]: 0x8001120C (0x00C0006F) jal zero, 12


mem[X,0x80011218] -> 0x4663
mem[X,0x8001121A] -> 0x00B5
[1859] [M]: 0x80011218 (0x00B54663) blt a0, a1, 12


mem[X,0x8001121C] -> 0x0113
mem[X,0x8001121E] -> 0x0021
[1860] [M]: 0x8001121C (0x00210113) addi sp, sp, 2
x2 <- 0x00000002


mem[X,0x80011220] -> 0x006F
mem[X,0x80011222] -> 0x00C0
[1861] [M]: 0x80011220 (0x00C0006F) jal zero, 12


mem[X,0x8001122C] -> 0xA223
mem[X,0x8001122E] -> 0x2C20
[1862] [M]: 0x8001122C (0x2C20A223) sw sp, 708(ra)
mem[0x8003852C] <- 0x00000002


mem[X,0x80011230] -> 0x3537
mem[X,0x80011232] -> 0x3333
[1863] [M]: 0x80011230 (0x33333537) lui a0, 209715
x10 <- 0x33333000


mem[X,0x80011234] -> 0x0513
mem[X,0x80011236] -> 0x3335
[1864] [M]: 0x80011234 (0x33350513) addi a0, a0, 819
x10 <- 0x33333333


mem[X,0x80011238] -> 0x0593
mem[X,0x8001123A] -> 0x0060
[1865] [M]: 0x80011238 (0x00600593) addi a1, zero, 6
x11 <- 0x00000006


mem[X,0x8001123C] -> 0x0113
mem[X,0x8001123E] -> 0x0000
[1866] [M]: 0x8001123C (0x00000113) addi sp, zero, 0
x2 <- 0x00000000


mem[X,0x80011240] -> 0x006F
mem[X,0x80011242] -> 0x0180
[1867] [M]: 0x80011240 (0x0180006F) jal zero, 24


mem[X,0x80011258] -> 0x46E3
mem[X,0x8001125A] -> 0xFEB5
[1868] [M]: 0x80011258 (0xFEB546E3) blt a0, a1, 8172


mem[X,0x8001125C] -> 0x0113
mem[X,0x8001125E] -> 0x0021
[1869] [M]: 0x8001125C (0x00210113) addi sp, sp, 2
x2 <- 0x00000002


mem[X,0x80011260] -> 0x006F
mem[X,0x80011262] -> 0x00C0
[1870] [M]: 0x80011260 (0x00C0006F) jal zero, 12


mem[X,0x8001126C] -> 0xA423
mem[X,0x8001126E] -> 0x2C20
[1871] [M]: 0x8001126C (0x2C20A423) sw sp, 712(ra)
mem[0x80038530] <- 0x00000002


mem[X,0x80011270] -> 0x3537
mem[X,0x80011272] -> 0x3333
[1872] [M]: 0x80011270 (0x33333537) lui a0, 209715
x10 <- 0x33333000


mem[X,0x80011274] -> 0x0513
mem[X,0x80011276] -> 0x3335
[1873] [M]: 0x80011274 (0x33350513) addi a0, a0, 819
x10 <- 0x33333333


mem[X,0x80011278] -> 0x35B7
mem[X,0x8001127A] -> 0x3333
[1874] [M]: 0x80011278 (0x333335B7) lui a1, 209715
x11 <- 0x33333000


mem[X,0x8001127C] -> 0x8593
mem[X,0x8001127E] -> 0x3345
[1875] [M]: 0x8001127C (0x33458593) addi a1, a1, 820
x11 <- 0x33333334


mem[X,0x80011280] -> 0x0113
mem[X,0x80011282] -> 0x0000
[1876] [M]: 0x80011280 (0x00000113) addi sp, zero, 0
x2 <- 0x00000000


mem[X,0x80011284] -> 0x006F
mem[X,0x80011286] -> 0x00C0
[1877] [M]: 0x80011284 (0x00C0006F) jal zero, 12


mem[X,0x80011290] -> 0x4CE3
mem[X,0x80011292] -> 0xFEB5
[1878] [M]: 0x80011290 (0xFEB54CE3) blt a0, a1, 8184


mem[X,0x80011288] -> 0x0113
mem[X,0x8001128A] -> 0x0011
[1879] [M]: 0x80011288 (0x00110113) addi sp, sp, 1
x2 <- 0x00000001


mem[X,0x8001128C] -> 0x006F
mem[X,0x8001128E] -> 0x0180
[1880] [M]: 0x8001128C (0x0180006F) jal zero, 24


mem[X,0x800112A4] -> 0xA623
mem[X,0x800112A6] -> 0x2C20
[1881] [M]: 0x800112A4 (0x2C20A623) sw sp, 716(ra)
mem[0x80038534] <- 0x00000001


mem[X,0x800112A8] -> 0x3537
mem[X,0x800112AA] -> 0x3333
[1882] [M]: 0x800112A8 (0x33333537) lui a0, 209715
x10 <- 0x33333000


mem[X,0x800112AC] -> 0x0513
mem[X,0x800112AE] -> 0x3335
[1883] [M]: 0x800112AC (0x33350513) addi a0, a0, 819
x10 <- 0x33333333


mem[X,0x800112B0] -> 0x65B7
mem[X,0x800112B2] -> 0x6666
[1884] [M]: 0x800112B0 (0x666665B7) lui a1, 419430
x11 <- 0x66666000


mem[X,0x800112B4] -> 0x8593
mem[X,0x800112B6] -> 0x6675
[1885] [M]: 0x800112B4 (0x66758593) addi a1, a1, 1639
x11 <- 0x66666667


mem[X,0x800112B8] -> 0x0113
mem[X,0x800112BA] -> 0x0000
[1886] [M]: 0x800112B8 (0x00000113) addi sp, zero, 0
x2 <- 0x00000000


mem[X,0x800112BC] -> 0x006F
mem[X,0x800112BE] -> 0x00C0
[1887] [M]: 0x800112BC (0x00C0006F) jal zero, 12


mem[X,0x800112C8] -> 0x4CE3
mem[X,0x800112CA] -> 0xFEB5
[1888] [M]: 0x800112C8 (0xFEB54CE3) blt a0, a1, 8184


mem[X,0x800112C0] -> 0x0113
mem[X,0x800112C2] -> 0x0011
[1889] [M]: 0x800112C0 (0x00110113) addi sp, sp, 1
x2 <- 0x00000001


mem[X,0x800112C4] -> 0x006F
mem[X,0x800112C6] -> 0x0180
[1890] [M]: 0x800112C4 (0x0180006F) jal zero, 24


mem[X,0x800112DC] -> 0xA823
mem[X,0x800112DE] -> 0x2C20
[1891] [M]: 0x800112DC (0x2C20A823) sw sp, 720(ra)
mem[0x80038538] <- 0x00000001


mem[X,0x800112E0] -> 0x3537
mem[X,0x800112E2] -> 0x3333
[1892] [M]: 0x800112E0 (0x33333537) lui a0, 209715
x10 <- 0x33333000


mem[X,0x800112E4] -> 0x0513
mem[X,0x800112E6] -> 0x3335
[1893] [M]: 0x800112E4 (0x33350513) addi a0, a0, 819
x10 <- 0x33333333


mem[X,0x800112E8] -> 0x55B7
mem[X,0x800112EA] -> 0xFFFF
[1894] [M]: 0x800112E8 (0xFFFF55B7) lui a1, 1048565
x11 <- 0xFFFF5000


mem[X,0x800112EC] -> 0x8593
mem[X,0x800112EE] -> 0xAFD5
[1895] [M]: 0x800112EC (0xAFD58593) addi a1, a1, 2813
x11 <- 0xFFFF4AFD


mem[X,0x800112F0] -> 0x0113
mem[X,0x800112F2] -> 0x0000
[1896] [M]: 0x800112F0 (0x00000113) addi sp, zero, 0
x2 <- 0x00000000


mem[X,0x800112F4] -> 0x006F
mem[X,0x800112F6] -> 0x00C0
[1897] [M]: 0x800112F4 (0x00C0006F) jal zero, 12


mem[X,0x80011300] -> 0x4CE3
mem[X,0x80011302] -> 0xFEB5
[1898] [M]: 0x80011300 (0xFEB54CE3) blt a0, a1, 8184


mem[X,0x80011304] -> 0x0113
mem[X,0x80011306] -> 0x0021
[1899] [M]: 0x80011304 (0x00210113) addi sp, sp, 2
x2 <- 0x00000002


clint::tick mtime <- 0x0000000000000013
 clint timer pending at mtime 0x0000000000000013
htif::tick 0x0000000000000000
mem[X,0x80011308] -> 0x006F
mem[X,0x8001130A] -> 0x00C0
[1900] [M]: 0x80011308 (0x00C0006F) jal zero, 12


mem[X,0x80011314] -> 0xAA23
mem[X,0x80011316] -> 0x2C20
[1901] [M]: 0x80011314 (0x2C20AA23) sw sp, 724(ra)
mem[0x8003853C] <- 0x00000002


mem[X,0x80011318] -> 0x3537
mem[X,0x8001131A] -> 0x3333
[1902] [M]: 0x80011318 (0x33333537) lui a0, 209715
x10 <- 0x33333000


mem[X,0x8001131C] -> 0x0513
mem[X,0x8001131E] -> 0x3335
[1903] [M]: 0x8001131C (0x33350513) addi a0, a0, 819
x10 <- 0x33333333


mem[X,0x80011320] -> 0xB5B7
mem[X,0x80011322] -> 0x0000
[1904] [M]: 0x80011320 (0x0000B5B7) lui a1, 11
x11 <- 0x0000B000


mem[X,0x80011324] -> 0x8593
mem[X,0x80011326] -> 0x5055
[1905] [M]: 0x80011324 (0x50558593) addi a1, a1, 1285
x11 <- 0x0000B505


mem[X,0x80011328] -> 0x0113
mem[X,0x8001132A] -> 0x0000
[1906] [M]: 0x80011328 (0x00000113) addi sp, zero, 0
x2 <- 0x00000000


mem[X,0x8001132C] -> 0x006F
mem[X,0x8001132E] -> 0x00C0
[1907] [M]: 0x8001132C (0x00C0006F) jal zero, 12


mem[X,0x80011338] -> 0x4CE3
mem[X,0x8001133A] -> 0xFEB5
[1908] [M]: 0x80011338 (0xFEB54CE3) blt a0, a1, 8184


mem[X,0x8001133C] -> 0x0113
mem[X,0x8001133E] -> 0x0021
[1909] [M]: 0x8001133C (0x00210113) addi sp, sp, 2
x2 <- 0x00000002


mem[X,0x80011340] -> 0x006F
mem[X,0x80011342] -> 0x00C0
[1910] [M]: 0x80011340 (0x00C0006F) jal zero, 12


mem[X,0x8001134C] -> 0xAC23
mem[X,0x8001134E] -> 0x2C20
[1911] [M]: 0x8001134C (0x2C20AC23) sw sp, 728(ra)
mem[0x80038540] <- 0x00000002


mem[X,0x80011350] -> 0x6537
mem[X,0x80011352] -> 0x6666
[1912] [M]: 0x80011350 (0x66666537) lui a0, 419430
x10 <- 0x66666000


mem[X,0x80011354] -> 0x0513
mem[X,0x80011356] -> 0x6665
[1913] [M]: 0x80011354 (0x66650513) addi a0, a0, 1638
x10 <- 0x66666666


mem[X,0x80011358] -> 0x0593
mem[X,0x8001135A] -> 0x0030
[1914] [M]: 0x80011358 (0x00300593) addi a1, zero, 3
x11 <- 0x00000003


mem[X,0x8001135C] -> 0x0113
mem[X,0x8001135E] -> 0x0000
[1915] [M]: 0x8001135C (0x00000113) addi sp, zero, 0
x2 <- 0x00000000


mem[X,0x80011360] -> 0x006F
mem[X,0x80011362] -> 0x00C0
[1916] [M]: 0x80011360 (0x00C0006F) jal zero, 12


mem[X,0x8001136C] -> 0x4663
mem[X,0x8001136E] -> 0x00B5
[1917] [M]: 0x8001136C (0x00B54663) blt a0, a1, 12


mem[X,0x80011370] -> 0x0113
mem[X,0x80011372] -> 0x0021
[1918] [M]: 0x80011370 (0x00210113) addi sp, sp, 2
x2 <- 0x00000002


mem[X,0x80011374] -> 0x006F
mem[X,0x80011376] -> 0x00C0
[1919] [M]: 0x80011374 (0x00C0006F) jal zero, 12


mem[X,0x80011380] -> 0xAE23
mem[X,0x80011382] -> 0x2C20
[1920] [M]: 0x80011380 (0x2C20AE23) sw sp, 732(ra)
mem[0x80038544] <- 0x00000002


mem[X,0x80011384] -> 0x6537
mem[X,0x80011386] -> 0x6666
[1921] [M]: 0x80011384 (0x66666537) lui a0, 419430
x10 <- 0x66666000


mem[X,0x80011388] -> 0x0513
mem[X,0x8001138A] -> 0x6665
[1922] [M]: 0x80011388 (0x66650513) addi a0, a0, 1638
x10 <- 0x66666666


mem[X,0x8001138C] -> 0x55B7
mem[X,0x8001138E] -> 0x5555
[1923] [M]: 0x8001138C (0x555555B7) lui a1, 349525
x11 <- 0x55555000


mem[X,0x80011390] -> 0x8593
mem[X,0x80011392] -> 0x5555
[1924] [M]: 0x80011390 (0x55558593) addi a1, a1, 1365
x11 <- 0x55555555


mem[X,0x80011394] -> 0x0113
mem[X,0x80011396] -> 0x0000
[1925] [M]: 0x80011394 (0x00000113) addi sp, zero, 0
x2 <- 0x00000000


mem[X,0x80011398] -> 0x006F
mem[X,0x8001139A] -> 0x00C0
[1926] [M]: 0x80011398 (0x00C0006F) jal zero, 12


mem[X,0x800113A4] -> 0x4CE3
mem[X,0x800113A6] -> 0xFEB5
[1927] [M]: 0x800113A4 (0xFEB54CE3) blt a0, a1, 8184


mem[X,0x800113A8] -> 0x0113
mem[X,0x800113AA] -> 0x0021
[1928] [M]: 0x800113A8 (0x00210113) addi sp, sp, 2
x2 <- 0x00000002


mem[X,0x800113AC] -> 0x006F
mem[X,0x800113AE] -> 0x00C0
[1929] [M]: 0x800113AC (0x00C0006F) jal zero, 12


mem[X,0x800113B8] -> 0xA023
mem[X,0x800113BA] -> 0x2E20
[1930] [M]: 0x800113B8 (0x2E20A023) sw sp, 736(ra)
mem[0x80038548] <- 0x00000002


mem[X,0x800113BC] -> 0x6537
mem[X,0x800113BE] -> 0x6666
[1931] [M]: 0x800113BC (0x66666537) lui a0, 419430
x10 <- 0x66666000


mem[X,0x800113C0] -> 0x0513
mem[X,0x800113C2] -> 0x6665
[1932] [M]: 0x800113C0 (0x66650513) addi a0, a0, 1638
x10 <- 0x66666666


mem[X,0x800113C4] -> 0xB5B7
mem[X,0x800113C6] -> 0xAAAA
[1933] [M]: 0x800113C4 (0xAAAAB5B7) lui a1, 699051
x11 <- 0xAAAAB000


mem[X,0x800113C8] -> 0x8593
mem[X,0x800113CA] -> 0xAAA5
[1934] [M]: 0x800113C8 (0xAAA58593) addi a1, a1, 2730
x11 <- 0xAAAAAAAA


mem[X,0x800113CC] -> 0x0113
mem[X,0x800113CE] -> 0x0000
[1935] [M]: 0x800113CC (0x00000113) addi sp, zero, 0
x2 <- 0x00000000


mem[X,0x800113D0] -> 0x006F
mem[X,0x800113D2] -> 0x2B10
[1936] [M]: 0x800113D0 (0x2B10006F) jal zero, 2736


mem[X,0x80011E80] -> 0x4A63
mem[X,0x80011E82] -> 0xD4B5
[1937] [M]: 0x80011E80 (0xD4B54A63) blt a0, a1, 5460


mem[X,0x80011E84] -> 0x0113
mem[X,0x80011E86] -> 0x0021
[1938] [M]: 0x80011E84 (0x00210113) addi sp, sp, 2
x2 <- 0x00000002


mem[X,0x80011E88] -> 0x006F
mem[X,0x80011E8A] -> 0x00C0
[1939] [M]: 0x80011E88 (0x00C0006F) jal zero, 12


mem[X,0x80011E94] -> 0xA223
mem[X,0x80011E96] -> 0x2E20
[1940] [M]: 0x80011E94 (0x2E20A223) sw sp, 740(ra)
mem[0x8003854C] <- 0x00000002


mem[X,0x80011E98] -> 0x6537
mem[X,0x80011E9A] -> 0x6666
[1941] [M]: 0x80011E98 (0x66666537) lui a0, 419430
x10 <- 0x66666000


mem[X,0x80011E9C] -> 0x0513
mem[X,0x80011E9E] -> 0x6665
[1942] [M]: 0x80011E9C (0x66650513) addi a0, a0, 1638
x10 <- 0x66666666


mem[X,0x80011EA0] -> 0x0593
mem[X,0x80011EA2] -> 0x0050
[1943] [M]: 0x80011EA0 (0x00500593) addi a1, zero, 5
x11 <- 0x00000005


mem[X,0x80011EA4] -> 0x0113
mem[X,0x80011EA6] -> 0x0000
[1944] [M]: 0x80011EA4 (0x00000113) addi sp, zero, 0
x2 <- 0x00000000


mem[X,0x80011EA8] -> 0x006F
mem[X,0x80011EAA] -> 0x00C0
[1945] [M]: 0x80011EA8 (0x00C0006F) jal zero, 12


mem[X,0x80011EB4] -> 0x4063
mem[X,0x80011EB6] -> 0x04B5
[1946] [M]: 0x80011EB4 (0x04B54063) blt a0, a1, 64


mem[X,0x80011EB8] -> 0x0113
mem[X,0x80011EBA] -> 0x0021
[1947] [M]: 0x80011EB8 (0x00210113) addi sp, sp, 2
x2 <- 0x00000002


mem[X,0x80011EBC] -> 0x006F
mem[X,0x80011EBE] -> 0x0400
[1948] [M]: 0x80011EBC (0x0400006F) jal zero, 64


mem[X,0x80011EFC] -> 0xA423
mem[X,0x80011EFE] -> 0x2E20
[1949] [M]: 0x80011EFC (0x2E20A423) sw sp, 744(ra)
mem[0x80038550] <- 0x00000002


mem[X,0x80011F00] -> 0x6537
mem[X,0x80011F02] -> 0x6666
[1950] [M]: 0x80011F00 (0x66666537) lui a0, 419430
x10 <- 0x66666000


mem[X,0x80011F04] -> 0x0513
mem[X,0x80011F06] -> 0x6665
[1951] [M]: 0x80011F04 (0x66650513) addi a0, a0, 1638
x10 <- 0x66666666


mem[X,0x80011F08] -> 0x35B7
mem[X,0x80011F0A] -> 0x3333
[1952] [M]: 0x80011F08 (0x333335B7) lui a1, 209715
x11 <- 0x33333000


mem[X,0x80011F0C] -> 0x8593
mem[X,0x80011F0E] -> 0x3335
[1953] [M]: 0x80011F0C (0x33358593) addi a1, a1, 819
x11 <- 0x33333333


mem[X,0x80011F10] -> 0x0113
mem[X,0x80011F12] -> 0x0000
[1954] [M]: 0x80011F10 (0x00000113) addi sp, zero, 0
x2 <- 0x00000000


mem[X,0x80011F14] -> 0x006F
mem[X,0x80011F16] -> 0x2B10
[1955] [M]: 0x80011F14 (0x2B10006F) jal zero, 2736


mem[X,0x800129C4] -> 0x4A63
mem[X,0x800129C6] -> 0xD4B5
[1956] [M]: 0x800129C4 (0xD4B54A63) blt a0, a1, 5460


mem[X,0x800129C8] -> 0x0113
mem[X,0x800129CA] -> 0x0021
[1957] [M]: 0x800129C8 (0x00210113) addi sp, sp, 2
x2 <- 0x00000002


mem[X,0x800129CC] -> 0x006F
mem[X,0x800129CE] -> 0x00C0
[1958] [M]: 0x800129CC (0x00C0006F) jal zero, 12


mem[X,0x800129D8] -> 0xA623
mem[X,0x800129DA] -> 0x2E20
[1959] [M]: 0x800129D8 (0x2E20A623) sw sp, 748(ra)
mem[0x80038554] <- 0x00000002


mem[X,0x800129DC] -> 0x6537
mem[X,0x800129DE] -> 0x6666
[1960] [M]: 0x800129DC (0x66666537) lui a0, 419430
x10 <- 0x66666000


mem[X,0x800129E0] -> 0x0513
mem[X,0x800129E2] -> 0x6665
[1961] [M]: 0x800129E0 (0x66650513) addi a0, a0, 1638
x10 <- 0x66666666


mem[X,0x800129E4] -> 0x65B7
mem[X,0x800129E6] -> 0x6666
[1962] [M]: 0x800129E4 (0x666665B7) lui a1, 419430
x11 <- 0x66666000


mem[X,0x800129E8] -> 0x8593
mem[X,0x800129EA] -> 0x6665
[1963] [M]: 0x800129E8 (0x66658593) addi a1, a1, 1638
x11 <- 0x66666666


mem[X,0x800129EC] -> 0x0113
mem[X,0x800129EE] -> 0x0000
[1964] [M]: 0x800129EC (0x00000113) addi sp, zero, 0
x2 <- 0x00000000


mem[X,0x800129F0] -> 0x006F
mem[X,0x800129F2] -> 0x00C0
[1965] [M]: 0x800129F0 (0x00C0006F) jal zero, 12


mem[X,0x800129FC] -> 0x4663
mem[X,0x800129FE] -> 0x00B5
[1966] [M]: 0x800129FC (0x00B54663) blt a0, a1, 12


mem[X,0x80012A00] -> 0x0113
mem[X,0x80012A02] -> 0x0021
[1967] [M]: 0x80012A00 (0x00210113) addi sp, sp, 2
x2 <- 0x00000002


mem[X,0x80012A04] -> 0x006F
mem[X,0x80012A06] -> 0x00C0
[1968] [M]: 0x80012A04 (0x00C0006F) jal zero, 12


mem[X,0x80012A10] -> 0xA823
mem[X,0x80012A12] -> 0x2E20
[1969] [M]: 0x80012A10 (0x2E20A823) sw sp, 752(ra)
mem[0x80038558] <- 0x00000002


mem[X,0x80012A14] -> 0x6537
mem[X,0x80012A16] -> 0x6666
[1970] [M]: 0x80012A14 (0x66666537) lui a0, 419430
x10 <- 0x66666000


mem[X,0x80012A18] -> 0x0513
mem[X,0x80012A1A] -> 0x6665
[1971] [M]: 0x80012A18 (0x66650513) addi a0, a0, 1638
x10 <- 0x66666666


mem[X,0x80012A1C] -> 0x55B7
mem[X,0x80012A1E] -> 0xFFFF
[1972] [M]: 0x80012A1C (0xFFFF55B7) lui a1, 1048565
x11 <- 0xFFFF5000


mem[X,0x80012A20] -> 0x8593
mem[X,0x80012A22] -> 0xAFC5
[1973] [M]: 0x80012A20 (0xAFC58593) addi a1, a1, 2812
x11 <- 0xFFFF4AFC


mem[X,0x80012A24] -> 0x0113
mem[X,0x80012A26] -> 0x0000
[1974] [M]: 0x80012A24 (0x00000113) addi sp, zero, 0
x2 <- 0x00000000


mem[X,0x80012A28] -> 0x006F
mem[X,0x80012A2A] -> 0x00C0
[1975] [M]: 0x80012A28 (0x00C0006F) jal zero, 12


mem[X,0x80012A34] -> 0x4663
mem[X,0x80012A36] -> 0x00B5
[1976] [M]: 0x80012A34 (0x00B54663) blt a0, a1, 12


mem[X,0x80012A38] -> 0x0113
mem[X,0x80012A3A] -> 0x0021
[1977] [M]: 0x80012A38 (0x00210113) addi sp, sp, 2
x2 <- 0x00000002


mem[X,0x80012A3C] -> 0x006F
mem[X,0x80012A3E] -> 0x00C0
[1978] [M]: 0x80012A3C (0x00C0006F) jal zero, 12


mem[X,0x80012A48] -> 0xAA23
mem[X,0x80012A4A] -> 0x2E20
[1979] [M]: 0x80012A48 (0x2E20AA23) sw sp, 756(ra)
mem[0x8003855C] <- 0x00000002


mem[X,0x80012A4C] -> 0x6537
mem[X,0x80012A4E] -> 0x6666
[1980] [M]: 0x80012A4C (0x66666537) lui a0, 419430
x10 <- 0x66666000


mem[X,0x80012A50] -> 0x0513
mem[X,0x80012A52] -> 0x6665
[1981] [M]: 0x80012A50 (0x66650513) addi a0, a0, 1638
x10 <- 0x66666666


mem[X,0x80012A54] -> 0xB5B7
mem[X,0x80012A56] -> 0x0000
[1982] [M]: 0x80012A54 (0x0000B5B7) lui a1, 11
x11 <- 0x0000B000


mem[X,0x80012A58] -> 0x8593
mem[X,0x80012A5A] -> 0x5045
[1983] [M]: 0x80012A58 (0x50458593) addi a1, a1, 1284
x11 <- 0x0000B504


mem[X,0x80012A5C] -> 0x0113
mem[X,0x80012A5E] -> 0x0000
[1984] [M]: 0x80012A5C (0x00000113) addi sp, zero, 0
x2 <- 0x00000000


mem[X,0x80012A60] -> 0x006F
mem[X,0x80012A62] -> 0x00C0
[1985] [M]: 0x80012A60 (0x00C0006F) jal zero, 12


mem[X,0x80012A6C] -> 0x4663
mem[X,0x80012A6E] -> 0x00B5
[1986] [M]: 0x80012A6C (0x00B54663) blt a0, a1, 12


mem[X,0x80012A70] -> 0x0113
mem[X,0x80012A72] -> 0x0021
[1987] [M]: 0x80012A70 (0x00210113) addi sp, sp, 2
x2 <- 0x00000002


mem[X,0x80012A74] -> 0x006F
mem[X,0x80012A76] -> 0x00C0
[1988] [M]: 0x80012A74 (0x00C0006F) jal zero, 12


mem[X,0x80012A80] -> 0xAC23
mem[X,0x80012A82] -> 0x2E20
[1989] [M]: 0x80012A80 (0x2E20AC23) sw sp, 760(ra)
mem[0x80038560] <- 0x00000002


mem[X,0x80012A84] -> 0x6537
mem[X,0x80012A86] -> 0x6666
[1990] [M]: 0x80012A84 (0x66666537) lui a0, 419430
x10 <- 0x66666000


mem[X,0x80012A88] -> 0x0513
mem[X,0x80012A8A] -> 0x6665
[1991] [M]: 0x80012A88 (0x66650513) addi a0, a0, 1638
x10 <- 0x66666666


mem[X,0x80012A8C] -> 0x0593
mem[X,0x80012A8E] -> 0x0020
[1992] [M]: 0x80012A8C (0x00200593) addi a1, zero, 2
x11 <- 0x00000002


mem[X,0x80012A90] -> 0x0113
mem[X,0x80012A92] -> 0x0000
[1993] [M]: 0x80012A90 (0x00000113) addi sp, zero, 0
x2 <- 0x00000000


mem[X,0x80012A94] -> 0x006F
mem[X,0x80012A96] -> 0x0140
[1994] [M]: 0x80012A94 (0x0140006F) jal zero, 20


mem[X,0x80012AA8] -> 0x48E3
mem[X,0x80012AAA] -> 0xFEB5
[1995] [M]: 0x80012AA8 (0xFEB548E3) blt a0, a1, 8176


mem[X,0x80012AAC] -> 0x0113
mem[X,0x80012AAE] -> 0x0021
[1996] [M]: 0x80012AAC (0x00210113) addi sp, sp, 2
x2 <- 0x00000002


mem[X,0x80012AB0] -> 0x006F
mem[X,0x80012AB2] -> 0x00C0
[1997] [M]: 0x80012AB0 (0x00C0006F) jal zero, 12


mem[X,0x80012ABC] -> 0xAE23
mem[X,0x80012ABE] -> 0x2E20
[1998] [M]: 0x80012ABC (0x2E20AE23) sw sp, 764(ra)
mem[0x80038564] <- 0x00000002


mem[X,0x80012AC0] -> 0x6537
mem[X,0x80012AC2] -> 0x6666
[1999] [M]: 0x80012AC0 (0x66666537) lui a0, 419430
x10 <- 0x66666000


clint::tick mtime <- 0x0000000000000014
 clint timer pending at mtime 0x0000000000000014
htif::tick 0x0000000000000000
mem[X,0x80012AC4] -> 0x0513
mem[X,0x80012AC6] -> 0x6665
[2000] [M]: 0x80012AC4 (0x66650513) addi a0, a0, 1638
x10 <- 0x66666666


mem[X,0x80012AC8] -> 0x55B7
mem[X,0x80012ACA] -> 0x5555
[2001] [M]: 0x80012AC8 (0x555555B7) lui a1, 349525
x11 <- 0x55555000


mem[X,0x80012ACC] -> 0x8593
mem[X,0x80012ACE] -> 0x5545
[2002] [M]: 0x80012ACC (0x55458593) addi a1, a1, 1364
x11 <- 0x55555554


mem[X,0x80012AD0] -> 0x0113
mem[X,0x80012AD2] -> 0x0000
[2003] [M]: 0x80012AD0 (0x00000113) addi sp, zero, 0
x2 <- 0x00000000


mem[X,0x80012AD4] -> 0x006F
mem[X,0x80012AD6] -> 0x00C0
[2004] [M]: 0x80012AD4 (0x00C0006F) jal zero, 12


mem[X,0x80012AE0] -> 0x4663
mem[X,0x80012AE2] -> 0x00B5
[2005] [M]: 0x80012AE0 (0x00B54663) blt a0, a1, 12


mem[X,0x80012AE4] -> 0x0113
mem[X,0x80012AE6] -> 0x0021
[2006] [M]: 0x80012AE4 (0x00210113) addi sp, sp, 2
x2 <- 0x00000002


mem[X,0x80012AE8] -> 0x006F
mem[X,0x80012AEA] -> 0x00C0
[2007] [M]: 0x80012AE8 (0x00C0006F) jal zero, 12


mem[X,0x80012AF4] -> 0xA023
mem[X,0x80012AF6] -> 0x3020
[2008] [M]: 0x80012AF4 (0x3020A023) sw sp, 768(ra)
mem[0x80038568] <- 0x00000002


mem[X,0x80012AF8] -> 0x6537
mem[X,0x80012AFA] -> 0x6666
[2009] [M]: 0x80012AF8 (0x66666537) lui a0, 419430
x10 <- 0x66666000


mem[X,0x80012AFC] -> 0x0513
mem[X,0x80012AFE] -> 0x6665
[2010] [M]: 0x80012AFC (0x66650513) addi a0, a0, 1638
x10 <- 0x66666666


mem[X,0x80012B00] -> 0x0593
mem[X,0x80012B02] -> 0x0000
[2011] [M]: 0x80012B00 (0x00000593) addi a1, zero, 0
x11 <- 0x00000000


mem[X,0x80012B04] -> 0x0113
mem[X,0x80012B06] -> 0x0000
[2012] [M]: 0x80012B04 (0x00000113) addi sp, zero, 0
x2 <- 0x00000000


mem[X,0x80012B08] -> 0x006F
mem[X,0x80012B0A] -> 0x0100
[2013] [M]: 0x80012B08 (0x0100006F) jal zero, 16


mem[X,0x80012B18] -> 0x4AE3
mem[X,0x80012B1A] -> 0xFEB5
[2014] [M]: 0x80012B18 (0xFEB54AE3) blt a0, a1, 8180


mem[X,0x80012B1C] -> 0x0113
mem[X,0x80012B1E] -> 0x0021
[2015] [M]: 0x80012B1C (0x00210113) addi sp, sp, 2
x2 <- 0x00000002


mem[X,0x80012B20] -> 0x006F
mem[X,0x80012B22] -> 0x00C0
[2016] [M]: 0x80012B20 (0x00C0006F) jal zero, 12


mem[X,0x80012B2C] -> 0xA223
mem[X,0x80012B2E] -> 0x3020
[2017] [M]: 0x80012B2C (0x3020A223) sw sp, 772(ra)
mem[0x8003856C] <- 0x00000002


mem[X,0x80012B30] -> 0x6537
mem[X,0x80012B32] -> 0x6666
[2018] [M]: 0x80012B30 (0x66666537) lui a0, 419430
x10 <- 0x66666000


mem[X,0x80012B34] -> 0x0513
mem[X,0x80012B36] -> 0x6665
[2019] [M]: 0x80012B34 (0x66650513) addi a0, a0, 1638
x10 <- 0x66666666


mem[X,0x80012B38] -> 0x0593
mem[X,0x80012B3A] -> 0x0040
[2020] [M]: 0x80012B38 (0x00400593) addi a1, zero, 4
x11 <- 0x00000004


mem[X,0x80012B3C] -> 0x0113
mem[X,0x80012B3E] -> 0x0000
[2021] [M]: 0x80012B3C (0x00000113) addi sp, zero, 0
x2 <- 0x00000000


mem[X,0x80012B40] -> 0x006F
mem[X,0x80012B42] -> 0x00C0
[2022] [M]: 0x80012B40 (0x00C0006F) jal zero, 12


mem[X,0x80012B4C] -> 0x4063
mem[X,0x80012B4E] -> 0x04B5
[2023] [M]: 0x80012B4C (0x04B54063) blt a0, a1, 64


mem[X,0x80012B50] -> 0x0113
mem[X,0x80012B52] -> 0x0021
[2024] [M]: 0x80012B50 (0x00210113) addi sp, sp, 2
x2 <- 0x00000002


mem[X,0x80012B54] -> 0x006F
mem[X,0x80012B56] -> 0x0400
[2025] [M]: 0x80012B54 (0x0400006F) jal zero, 64


mem[X,0x80012B94] -> 0xA423
mem[X,0x80012B96] -> 0x3020
[2026] [M]: 0x80012B94 (0x3020A423) sw sp, 776(ra)
mem[0x80038570] <- 0x00000002


mem[X,0x80012B98] -> 0x6537
mem[X,0x80012B9A] -> 0x6666
[2027] [M]: 0x80012B98 (0x66666537) lui a0, 419430
x10 <- 0x66666000


mem[X,0x80012B9C] -> 0x0513
mem[X,0x80012B9E] -> 0x6665
[2028] [M]: 0x80012B9C (0x66650513) addi a0, a0, 1638
x10 <- 0x66666666


mem[X,0x80012BA0] -> 0x35B7
mem[X,0x80012BA2] -> 0x3333
[2029] [M]: 0x80012BA0 (0x333335B7) lui a1, 209715
x11 <- 0x33333000


mem[X,0x80012BA4] -> 0x8593
mem[X,0x80012BA6] -> 0x3325
[2030] [M]: 0x80012BA4 (0x33258593) addi a1, a1, 818
x11 <- 0x33333332


mem[X,0x80012BA8] -> 0x0113
mem[X,0x80012BAA] -> 0x0000
[2031] [M]: 0x80012BA8 (0x00000113) addi sp, zero, 0
x2 <- 0x00000000


mem[X,0x80012BAC] -> 0x006F
mem[X,0x80012BAE] -> 0x0180
[2032] [M]: 0x80012BAC (0x0180006F) jal zero, 24


mem[X,0x80012BC4] -> 0x46E3
mem[X,0x80012BC6] -> 0xFEB5
[2033] [M]: 0x80012BC4 (0xFEB546E3) blt a0, a1, 8172


mem[X,0x80012BC8] -> 0x0113
mem[X,0x80012BCA] -> 0x0021
[2034] [M]: 0x80012BC8 (0x00210113) addi sp, sp, 2
x2 <- 0x00000002


mem[X,0x80012BCC] -> 0x006F
mem[X,0x80012BCE] -> 0x00C0
[2035] [M]: 0x80012BCC (0x00C0006F) jal zero, 12


mem[X,0x80012BD8] -> 0xA623
mem[X,0x80012BDA] -> 0x3020
[2036] [M]: 0x80012BD8 (0x3020A623) sw sp, 780(ra)
mem[0x80038574] <- 0x00000002


mem[X,0x80012BDC] -> 0x6537
mem[X,0x80012BDE] -> 0x6666
[2037] [M]: 0x80012BDC (0x66666537) lui a0, 419430
x10 <- 0x66666000


mem[X,0x80012BE0] -> 0x0513
mem[X,0x80012BE2] -> 0x6665
[2038] [M]: 0x80012BE0 (0x66650513) addi a0, a0, 1638
x10 <- 0x66666666


mem[X,0x80012BE4] -> 0x65B7
mem[X,0x80012BE6] -> 0x6666
[2039] [M]: 0x80012BE4 (0x666665B7) lui a1, 419430
x11 <- 0x66666000


mem[X,0x80012BE8] -> 0x8593
mem[X,0x80012BEA] -> 0x6655
[2040] [M]: 0x80012BE8 (0x66558593) addi a1, a1, 1637
x11 <- 0x66666665


mem[X,0x80012BEC] -> 0x0113
mem[X,0x80012BEE] -> 0x0000
[2041] [M]: 0x80012BEC (0x00000113) addi sp, zero, 0
x2 <- 0x00000000


mem[X,0x80012BF0] -> 0x006F
mem[X,0x80012BF2] -> 0x00C0
[2042] [M]: 0x80012BF0 (0x00C0006F) jal zero, 12


mem[X,0x80012BFC] -> 0x4063
mem[X,0x80012BFE] -> 0x02B5
[2043] [M]: 0x80012BFC (0x02B54063) blt a0, a1, 32


mem[X,0x80012C00] -> 0x0113
mem[X,0x80012C02] -> 0x0021
[2044] [M]: 0x80012C00 (0x00210113) addi sp, sp, 2
x2 <- 0x00000002


mem[X,0x80012C04] -> 0x006F
mem[X,0x80012C06] -> 0x0200
[2045] [M]: 0x80012C04 (0x0200006F) jal zero, 32


mem[X,0x80012C24] -> 0xA823
mem[X,0x80012C26] -> 0x3020
[2046] [M]: 0x80012C24 (0x3020A823) sw sp, 784(ra)
mem[0x80038578] <- 0x00000002


mem[X,0x80012C28] -> 0x6537
mem[X,0x80012C2A] -> 0x6666
[2047] [M]: 0x80012C28 (0x66666537) lui a0, 419430
x10 <- 0x66666000


mem[X,0x80012C2C] -> 0x0513
mem[X,0x80012C2E] -> 0x6665
[2048] [M]: 0x80012C2C (0x66650513) addi a0, a0, 1638
x10 <- 0x66666666


mem[X,0x80012C30] -> 0xB5B7
mem[X,0x80012C32] -> 0x0000
[2049] [M]: 0x80012C30 (0x0000B5B7) lui a1, 11
x11 <- 0x0000B000


mem[X,0x80012C34] -> 0x8593
mem[X,0x80012C36] -> 0x5035
[2050] [M]: 0x80012C34 (0x50358593) addi a1, a1, 1283
x11 <- 0x0000B503


mem[X,0x80012C38] -> 0x0113
mem[X,0x80012C3A] -> 0x0000
[2051] [M]: 0x80012C38 (0x00000113) addi sp, zero, 0
x2 <- 0x00000000


mem[X,0x80012C3C] -> 0x006F
mem[X,0x80012C3E] -> 0x00C0
[2052] [M]: 0x80012C3C (0x00C0006F) jal zero, 12


mem[X,0x80012C48] -> 0x4CE3
mem[X,0x80012C4A] -> 0xFEB5
[2053] [M]: 0x80012C48 (0xFEB54CE3) blt a0, a1, 8184


mem[X,0x80012C4C] -> 0x0113
mem[X,0x80012C4E] -> 0x0021
[2054] [M]: 0x80012C4C (0x00210113) addi sp, sp, 2
x2 <- 0x00000002


mem[X,0x80012C50] -> 0x006F
mem[X,0x80012C52] -> 0x00C0
[2055] [M]: 0x80012C50 (0x00C0006F) jal zero, 12


mem[X,0x80012C5C] -> 0xAA23
mem[X,0x80012C5E] -> 0x3020
[2056] [M]: 0x80012C5C (0x3020AA23) sw sp, 788(ra)
mem[0x8003857C] <- 0x00000002


mem[X,0x80012C60] -> 0x6537
mem[X,0x80012C62] -> 0x6666
[2057] [M]: 0x80012C60 (0x66666537) lui a0, 419430
x10 <- 0x66666000


mem[X,0x80012C64] -> 0x0513
mem[X,0x80012C66] -> 0x6665
[2058] [M]: 0x80012C64 (0x66650513) addi a0, a0, 1638
x10 <- 0x66666666


mem[X,0x80012C68] -> 0x55B7
mem[X,0x80012C6A] -> 0x5555
[2059] [M]: 0x80012C68 (0x555555B7) lui a1, 349525
x11 <- 0x55555000


mem[X,0x80012C6C] -> 0x8593
mem[X,0x80012C6E] -> 0x5565
[2060] [M]: 0x80012C6C (0x55658593) addi a1, a1, 1366
x11 <- 0x55555556


mem[X,0x80012C70] -> 0x0113
mem[X,0x80012C72] -> 0x0000
[2061] [M]: 0x80012C70 (0x00000113) addi sp, zero, 0
x2 <- 0x00000000


mem[X,0x80012C74] -> 0x006F
mem[X,0x80012C76] -> 0x00C0
[2062] [M]: 0x80012C74 (0x00C0006F) jal zero, 12


mem[X,0x80012C80] -> 0x4063
mem[X,0x80012C82] -> 0x20B5
[2063] [M]: 0x80012C80 (0x20B54063) blt a0, a1, 512


mem[X,0x80012C84] -> 0x0113
mem[X,0x80012C86] -> 0x0021
[2064] [M]: 0x80012C84 (0x00210113) addi sp, sp, 2
x2 <- 0x00000002


mem[X,0x80012C88] -> 0x006F
mem[X,0x80012C8A] -> 0x2000
[2065] [M]: 0x80012C88 (0x2000006F) jal zero, 512


mem[X,0x80012E88] -> 0xAC23
mem[X,0x80012E8A] -> 0x3020
[2066] [M]: 0x80012E88 (0x3020AC23) sw sp, 792(ra)
mem[0x80038580] <- 0x00000002


mem[X,0x80012E8C] -> 0x6537
mem[X,0x80012E8E] -> 0x6666
[2067] [M]: 0x80012E8C (0x66666537) lui a0, 419430
x10 <- 0x66666000


mem[X,0x80012E90] -> 0x0513
mem[X,0x80012E92] -> 0x6665
[2068] [M]: 0x80012E90 (0x66650513) addi a0, a0, 1638
x10 <- 0x66666666


mem[X,0x80012E94] -> 0xB5B7
mem[X,0x80012E96] -> 0xAAAA
[2069] [M]: 0x80012E94 (0xAAAAB5B7) lui a1, 699051
x11 <- 0xAAAAB000


mem[X,0x80012E98] -> 0x8593
mem[X,0x80012E9A] -> 0xAAB5
[2070] [M]: 0x80012E98 (0xAAB58593) addi a1, a1, 2731
x11 <- 0xAAAAAAAB


mem[X,0x80012E9C] -> 0x0113
mem[X,0x80012E9E] -> 0x0000
[2071] [M]: 0x80012E9C (0x00000113) addi sp, zero, 0
x2 <- 0x00000000


mem[X,0x80012EA0] -> 0x006F
mem[X,0x80012EA2] -> 0x0050
[2072] [M]: 0x80012EA0 (0x0050006F) jal zero, 2052


mem[X,0x800136A4] -> 0x40E3
mem[X,0x800136A6] -> 0x80B5
[2073] [M]: 0x800136A4 (0x80B540E3) blt a0, a1, 6144


mem[X,0x800136A8] -> 0x0113
mem[X,0x800136AA] -> 0x0021
[2074] [M]: 0x800136A8 (0x00210113) addi sp, sp, 2
x2 <- 0x00000002


mem[X,0x800136AC] -> 0x006F
mem[X,0x800136AE] -> 0x00C0
[2075] [M]: 0x800136AC (0x00C0006F) jal zero, 12


mem[X,0x800136B8] -> 0xAE23
mem[X,0x800136BA] -> 0x3020
[2076] [M]: 0x800136B8 (0x3020AE23) sw sp, 796(ra)
mem[0x80038584] <- 0x00000002


mem[X,0x800136BC] -> 0x6537
mem[X,0x800136BE] -> 0x6666
[2077] [M]: 0x800136BC (0x66666537) lui a0, 419430
x10 <- 0x66666000


mem[X,0x800136C0] -> 0x0513
mem[X,0x800136C2] -> 0x6665
[2078] [M]: 0x800136C0 (0x66650513) addi a0, a0, 1638
x10 <- 0x66666666


mem[X,0x800136C4] -> 0x0593
mem[X,0x800136C6] -> 0x0060
[2079] [M]: 0x800136C4 (0x00600593) addi a1, zero, 6
x11 <- 0x00000006


mem[X,0x800136C8] -> 0x0113
mem[X,0x800136CA] -> 0x0000
[2080] [M]: 0x800136C8 (0x00000113) addi sp, zero, 0
x2 <- 0x00000000


mem[X,0x800136CC] -> 0x006F
mem[X,0x800136CE] -> 0x00C0
[2081] [M]: 0x800136CC (0x00C0006F) jal zero, 12


mem[X,0x800136D8] -> 0x4663
mem[X,0x800136DA] -> 0x00B5
[2082] [M]: 0x800136D8 (0x00B54663) blt a0, a1, 12


mem[X,0x800136DC] -> 0x0113
mem[X,0x800136DE] -> 0x0021
[2083] [M]: 0x800136DC (0x00210113) addi sp, sp, 2
x2 <- 0x00000002


mem[X,0x800136E0] -> 0x006F
mem[X,0x800136E2] -> 0x00C0
[2084] [M]: 0x800136E0 (0x00C0006F) jal zero, 12


mem[X,0x800136EC] -> 0xA023
mem[X,0x800136EE] -> 0x3220
[2085] [M]: 0x800136EC (0x3220A023) sw sp, 800(ra)
mem[0x80038588] <- 0x00000002


mem[X,0x800136F0] -> 0x6537
mem[X,0x800136F2] -> 0x6666
[2086] [M]: 0x800136F0 (0x66666537) lui a0, 419430
x10 <- 0x66666000


mem[X,0x800136F4] -> 0x0513
mem[X,0x800136F6] -> 0x6665
[2087] [M]: 0x800136F4 (0x66650513) addi a0, a0, 1638
x10 <- 0x66666666


mem[X,0x800136F8] -> 0x35B7
mem[X,0x800136FA] -> 0x3333
[2088] [M]: 0x800136F8 (0x333335B7) lui a1, 209715
x11 <- 0x33333000


mem[X,0x800136FC] -> 0x8593
mem[X,0x800136FE] -> 0x3345
[2089] [M]: 0x800136FC (0x33458593) addi a1, a1, 820
x11 <- 0x33333334


mem[X,0x80013700] -> 0x0113
mem[X,0x80013702] -> 0x0000
[2090] [M]: 0x80013700 (0x00000113) addi sp, zero, 0
x2 <- 0x00000000


mem[X,0x80013704] -> 0x006F
mem[X,0x80013706] -> 0x00C0
[2091] [M]: 0x80013704 (0x00C0006F) jal zero, 12


mem[X,0x80013710] -> 0x4663
mem[X,0x80013712] -> 0x00B5
[2092] [M]: 0x80013710 (0x00B54663) blt a0, a1, 12


mem[X,0x80013714] -> 0x0113
mem[X,0x80013716] -> 0x0021
[2093] [M]: 0x80013714 (0x00210113) addi sp, sp, 2
x2 <- 0x00000002


mem[X,0x80013718] -> 0x006F
mem[X,0x8001371A] -> 0x00C0
[2094] [M]: 0x80013718 (0x00C0006F) jal zero, 12


mem[X,0x80013724] -> 0xA223
mem[X,0x80013726] -> 0x3220
[2095] [M]: 0x80013724 (0x3220A223) sw sp, 804(ra)
mem[0x8003858C] <- 0x00000002


mem[X,0x80013728] -> 0x6537
mem[X,0x8001372A] -> 0x6666
[2096] [M]: 0x80013728 (0x66666537) lui a0, 419430
x10 <- 0x66666000


mem[X,0x8001372C] -> 0x0513
mem[X,0x8001372E] -> 0x6665
[2097] [M]: 0x8001372C (0x66650513) addi a0, a0, 1638
x10 <- 0x66666666


mem[X,0x80013730] -> 0x65B7
mem[X,0x80013732] -> 0x6666
[2098] [M]: 0x80013730 (0x666665B7) lui a1, 419430
x11 <- 0x66666000


mem[X,0x80013734] -> 0x8593
mem[X,0x80013736] -> 0x6675
[2099] [M]: 0x80013734 (0x66758593) addi a1, a1, 1639
x11 <- 0x66666667


clint::tick mtime <- 0x0000000000000015
 clint timer pending at mtime 0x0000000000000015
htif::tick 0x0000000000000000
mem[X,0x80013738] -> 0x0113
mem[X,0x8001373A] -> 0x0000
[2100] [M]: 0x80013738 (0x00000113) addi sp, zero, 0
x2 <- 0x00000000


mem[X,0x8001373C] -> 0x006F
mem[X,0x8001373E] -> 0x00C0
[2101] [M]: 0x8001373C (0x00C0006F) jal zero, 12


mem[X,0x80013748] -> 0x4863
mem[X,0x8001374A] -> 0x00B5
[2102] [M]: 0x80013748 (0x00B54863) blt a0, a1, 16


mem[X,0x80013758] -> 0x0113
mem[X,0x8001375A] -> 0x0031
[2103] [M]: 0x80013758 (0x00310113) addi sp, sp, 3
x2 <- 0x00000003


mem[X,0x8001375C] -> 0x006F
mem[X,0x8001375E] -> 0x0040
[2104] [M]: 0x8001375C (0x0040006F) jal zero, 4


mem[X,0x80013760] -> 0xA423
mem[X,0x80013762] -> 0x3220
[2105] [M]: 0x80013760 (0x3220A423) sw sp, 808(ra)
mem[0x80038590] <- 0x00000003


mem[X,0x80013764] -> 0x6537
mem[X,0x80013766] -> 0x6666
[2106] [M]: 0x80013764 (0x66666537) lui a0, 419430
x10 <- 0x66666000


mem[X,0x80013768] -> 0x0513
mem[X,0x8001376A] -> 0x6665
[2107] [M]: 0x80013768 (0x66650513) addi a0, a0, 1638
x10 <- 0x66666666


mem[X,0x8001376C] -> 0x55B7
mem[X,0x8001376E] -> 0xFFFF
[2108] [M]: 0x8001376C (0xFFFF55B7) lui a1, 1048565
x11 <- 0xFFFF5000


mem[X,0x80013770] -> 0x8593
mem[X,0x80013772] -> 0xAFD5
[2109] [M]: 0x80013770 (0xAFD58593) addi a1, a1, 2813
x11 <- 0xFFFF4AFD


mem[X,0x80013774] -> 0x0113
mem[X,0x80013776] -> 0x0000
[2110] [M]: 0x80013774 (0x00000113) addi sp, zero, 0
x2 <- 0x00000000


mem[X,0x80013778] -> 0x006F
mem[X,0x8001377A] -> 0x00C0
[2111] [M]: 0x80013778 (0x00C0006F) jal zero, 12


mem[X,0x80013784] -> 0x4CE3
mem[X,0x80013786] -> 0xFEB5
[2112] [M]: 0x80013784 (0xFEB54CE3) blt a0, a1, 8184


mem[X,0x80013788] -> 0x0113
mem[X,0x8001378A] -> 0x0021
[2113] [M]: 0x80013788 (0x00210113) addi sp, sp, 2
x2 <- 0x00000002


mem[X,0x8001378C] -> 0x006F
mem[X,0x8001378E] -> 0x00C0
[2114] [M]: 0x8001378C (0x00C0006F) jal zero, 12


mem[X,0x80013798] -> 0xA623
mem[X,0x8001379A] -> 0x3220
[2115] [M]: 0x80013798 (0x3220A623) sw sp, 812(ra)
mem[0x80038594] <- 0x00000002


mem[X,0x8001379C] -> 0x6537
mem[X,0x8001379E] -> 0x6666
[2116] [M]: 0x8001379C (0x66666537) lui a0, 419430
x10 <- 0x66666000


mem[X,0x800137A0] -> 0x0513
mem[X,0x800137A2] -> 0x6665
[2117] [M]: 0x800137A0 (0x66650513) addi a0, a0, 1638
x10 <- 0x66666666


mem[X,0x800137A4] -> 0xB5B7
mem[X,0x800137A6] -> 0x0000
[2118] [M]: 0x800137A4 (0x0000B5B7) lui a1, 11
x11 <- 0x0000B000


mem[X,0x800137A8] -> 0x8593
mem[X,0x800137AA] -> 0x5055
[2119] [M]: 0x800137A8 (0x50558593) addi a1, a1, 1285
x11 <- 0x0000B505


mem[X,0x800137AC] -> 0x0113
mem[X,0x800137AE] -> 0x0000
[2120] [M]: 0x800137AC (0x00000113) addi sp, zero, 0
x2 <- 0x00000000


mem[X,0x800137B0] -> 0x006F
mem[X,0x800137B2] -> 0x00C0
[2121] [M]: 0x800137B0 (0x00C0006F) jal zero, 12


mem[X,0x800137BC] -> 0x4063
mem[X,0x800137BE] -> 0x40B5
[2122] [M]: 0x800137BC (0x40B54063) blt a0, a1, 1024


mem[X,0x800137C0] -> 0x0113
mem[X,0x800137C2] -> 0x0021
[2123] [M]: 0x800137C0 (0x00210113) addi sp, sp, 2
x2 <- 0x00000002


mem[X,0x800137C4] -> 0x006F
mem[X,0x800137C6] -> 0x4000
[2124] [M]: 0x800137C4 (0x4000006F) jal zero, 1024


mem[X,0x80013BC4] -> 0xA823
mem[X,0x80013BC6] -> 0x3220
[2125] [M]: 0x80013BC4 (0x3220A823) sw sp, 816(ra)
mem[0x80038598] <- 0x00000002


mem[X,0x80013BC8] -> 0x5537
mem[X,0x80013BCA] -> 0xFFFF
[2126] [M]: 0x80013BC8 (0xFFFF5537) lui a0, 1048565
x10 <- 0xFFFF5000


mem[X,0x80013BCC] -> 0x0513
mem[X,0x80013BCE] -> 0xAFC5
[2127] [M]: 0x80013BCC (0xAFC50513) addi a0, a0, 2812
x10 <- 0xFFFF4AFC


mem[X,0x80013BD0] -> 0x0593
mem[X,0x80013BD2] -> 0x0030
[2128] [M]: 0x80013BD0 (0x00300593) addi a1, zero, 3
x11 <- 0x00000003


mem[X,0x80013BD4] -> 0x0113
mem[X,0x80013BD6] -> 0x0000
[2129] [M]: 0x80013BD4 (0x00000113) addi sp, zero, 0
x2 <- 0x00000000


mem[X,0x80013BD8] -> 0x006F
mem[X,0x80013BDA] -> 0x0140
[2130] [M]: 0x80013BD8 (0x0140006F) jal zero, 20


mem[X,0x80013BEC] -> 0x48E3
mem[X,0x80013BEE] -> 0xFEB5
[2131] [M]: 0x80013BEC (0xFEB548E3) blt a0, a1, 8176


mem[X,0x80013BDC] -> 0x0113
mem[X,0x80013BDE] -> 0x0011
[2132] [M]: 0x80013BDC (0x00110113) addi sp, sp, 1
x2 <- 0x00000001


mem[X,0x80013BE0] -> 0x006F
mem[X,0x80013BE2] -> 0x0200
[2133] [M]: 0x80013BE0 (0x0200006F) jal zero, 32


mem[X,0x80013C00] -> 0xAA23
mem[X,0x80013C02] -> 0x3220
[2134] [M]: 0x80013C00 (0x3220AA23) sw sp, 820(ra)
mem[0x8003859C] <- 0x00000001


mem[X,0x80013C04] -> 0x5537
mem[X,0x80013C06] -> 0xFFFF
[2135] [M]: 0x80013C04 (0xFFFF5537) lui a0, 1048565
x10 <- 0xFFFF5000


mem[X,0x80013C08] -> 0x0513
mem[X,0x80013C0A] -> 0xAFC5
[2136] [M]: 0x80013C08 (0xAFC50513) addi a0, a0, 2812
x10 <- 0xFFFF4AFC


mem[X,0x80013C0C] -> 0x55B7
mem[X,0x80013C0E] -> 0x5555
[2137] [M]: 0x80013C0C (0x555555B7) lui a1, 349525
x11 <- 0x55555000


mem[X,0x80013C10] -> 0x8593
mem[X,0x80013C12] -> 0x5555
[2138] [M]: 0x80013C10 (0x55558593) addi a1, a1, 1365
x11 <- 0x55555555


mem[X,0x80013C14] -> 0x0113
mem[X,0x80013C16] -> 0x0000
[2139] [M]: 0x80013C14 (0x00000113) addi sp, zero, 0
x2 <- 0x00000000


mem[X,0x80013C18] -> 0x006F
mem[X,0x80013C1A] -> 0x00C0
[2140] [M]: 0x80013C18 (0x00C0006F) jal zero, 12


mem[X,0x80013C24] -> 0x4663
mem[X,0x80013C26] -> 0x00B5
[2141] [M]: 0x80013C24 (0x00B54663) blt a0, a1, 12


mem[X,0x80013C30] -> 0x0113
mem[X,0x80013C32] -> 0x0031
[2142] [M]: 0x80013C30 (0x00310113) addi sp, sp, 3
x2 <- 0x00000003


mem[X,0x80013C34] -> 0x006F
mem[X,0x80013C36] -> 0x0040
[2143] [M]: 0x80013C34 (0x0040006F) jal zero, 4


mem[X,0x80013C38] -> 0xAC23
mem[X,0x80013C3A] -> 0x3220
[2144] [M]: 0x80013C38 (0x3220AC23) sw sp, 824(ra)
mem[0x800385A0] <- 0x00000003


mem[X,0x80013C3C] -> 0x5537
mem[X,0x80013C3E] -> 0xFFFF
[2145] [M]: 0x80013C3C (0xFFFF5537) lui a0, 1048565
x10 <- 0xFFFF5000


mem[X,0x80013C40] -> 0x0513
mem[X,0x80013C42] -> 0xAFC5
[2146] [M]: 0x80013C40 (0xAFC50513) addi a0, a0, 2812
x10 <- 0xFFFF4AFC


mem[X,0x80013C44] -> 0xB5B7
mem[X,0x80013C46] -> 0xAAAA
[2147] [M]: 0x80013C44 (0xAAAAB5B7) lui a1, 699051
x11 <- 0xAAAAB000


mem[X,0x80013C48] -> 0x8593
mem[X,0x80013C4A] -> 0xAAA5
[2148] [M]: 0x80013C48 (0xAAA58593) addi a1, a1, 2730
x11 <- 0xAAAAAAAA


mem[X,0x80013C4C] -> 0x0113
mem[X,0x80013C4E] -> 0x0000
[2149] [M]: 0x80013C4C (0x00000113) addi sp, zero, 0
x2 <- 0x00000000


mem[X,0x80013C50] -> 0x006F
mem[X,0x80013C52] -> 0x0140
[2150] [M]: 0x80013C50 (0x0140006F) jal zero, 20


mem[X,0x80013C64] -> 0x48E3
mem[X,0x80013C66] -> 0xFEB5
[2151] [M]: 0x80013C64 (0xFEB548E3) blt a0, a1, 8176


mem[X,0x80013C68] -> 0x0113
mem[X,0x80013C6A] -> 0x0021
[2152] [M]: 0x80013C68 (0x00210113) addi sp, sp, 2
x2 <- 0x00000002


mem[X,0x80013C6C] -> 0x006F
mem[X,0x80013C6E] -> 0x00C0
[2153] [M]: 0x80013C6C (0x00C0006F) jal zero, 12


mem[X,0x80013C78] -> 0xAE23
mem[X,0x80013C7A] -> 0x3220
[2154] [M]: 0x80013C78 (0x3220AE23) sw sp, 828(ra)
mem[0x800385A4] <- 0x00000002


mem[X,0x80013C7C] -> 0x5537
mem[X,0x80013C7E] -> 0xFFFF
[2155] [M]: 0x80013C7C (0xFFFF5537) lui a0, 1048565
x10 <- 0xFFFF5000


mem[X,0x80013C80] -> 0x0513
mem[X,0x80013C82] -> 0xAFC5
[2156] [M]: 0x80013C80 (0xAFC50513) addi a0, a0, 2812
x10 <- 0xFFFF4AFC


mem[X,0x80013C84] -> 0x0593
mem[X,0x80013C86] -> 0x0050
[2157] [M]: 0x80013C84 (0x00500593) addi a1, zero, 5
x11 <- 0x00000005


mem[X,0x80013C88] -> 0x0113
mem[X,0x80013C8A] -> 0x0000
[2158] [M]: 0x80013C88 (0x00000113) addi sp, zero, 0
x2 <- 0x00000000


mem[X,0x80013C8C] -> 0x006F
mem[X,0x80013C8E] -> 0x00C0
[2159] [M]: 0x80013C8C (0x00C0006F) jal zero, 12


mem[X,0x80013C98] -> 0x4663
mem[X,0x80013C9A] -> 0x00B5
[2160] [M]: 0x80013C98 (0x00B54663) blt a0, a1, 12


mem[X,0x80013CA4] -> 0x0113
mem[X,0x80013CA6] -> 0x0031
[2161] [M]: 0x80013CA4 (0x00310113) addi sp, sp, 3
x2 <- 0x00000003


mem[X,0x80013CA8] -> 0x006F
mem[X,0x80013CAA] -> 0x0040
[2162] [M]: 0x80013CA8 (0x0040006F) jal zero, 4


mem[X,0x80013CAC] -> 0xA023
mem[X,0x80013CAE] -> 0x3420
[2163] [M]: 0x80013CAC (0x3420A023) sw sp, 832(ra)
mem[0x800385A8] <- 0x00000003


mem[X,0x80013CB0] -> 0x5537
mem[X,0x80013CB2] -> 0xFFFF
[2164] [M]: 0x80013CB0 (0xFFFF5537) lui a0, 1048565
x10 <- 0xFFFF5000


mem[X,0x80013CB4] -> 0x0513
mem[X,0x80013CB6] -> 0xAFC5
[2165] [M]: 0x80013CB4 (0xAFC50513) addi a0, a0, 2812
x10 <- 0xFFFF4AFC


mem[X,0x80013CB8] -> 0x35B7
mem[X,0x80013CBA] -> 0x3333
[2166] [M]: 0x80013CB8 (0x333335B7) lui a1, 209715
x11 <- 0x33333000


mem[X,0x80013CBC] -> 0x8593
mem[X,0x80013CBE] -> 0x3335
[2167] [M]: 0x80013CBC (0x33358593) addi a1, a1, 819
x11 <- 0x33333333


mem[X,0x80013CC0] -> 0x0113
mem[X,0x80013CC2] -> 0x0000
[2168] [M]: 0x80013CC0 (0x00000113) addi sp, zero, 0
x2 <- 0x00000000


mem[X,0x80013CC4] -> 0x006F
mem[X,0x80013CC6] -> 0x00C0
[2169] [M]: 0x80013CC4 (0x00C0006F) jal zero, 12


mem[X,0x80013CD0] -> 0x4063
mem[X,0x80013CD2] -> 0x40B5
[2170] [M]: 0x80013CD0 (0x40B54063) blt a0, a1, 1024


mem[X,0x800140D0] -> 0x0113
mem[X,0x800140D2] -> 0x0031
[2171] [M]: 0x800140D0 (0x00310113) addi sp, sp, 3
x2 <- 0x00000003


mem[X,0x800140D4] -> 0x006F
mem[X,0x800140D6] -> 0x0040
[2172] [M]: 0x800140D4 (0x0040006F) jal zero, 4


mem[X,0x800140D8] -> 0xA223
mem[X,0x800140DA] -> 0x3420
[2173] [M]: 0x800140D8 (0x3420A223) sw sp, 836(ra)
mem[0x800385AC] <- 0x00000003


mem[X,0x800140DC] -> 0x5537
mem[X,0x800140DE] -> 0xFFFF
[2174] [M]: 0x800140DC (0xFFFF5537) lui a0, 1048565
x10 <- 0xFFFF5000


mem[X,0x800140E0] -> 0x0513
mem[X,0x800140E2] -> 0xAFC5
[2175] [M]: 0x800140E0 (0xAFC50513) addi a0, a0, 2812
x10 <- 0xFFFF4AFC


mem[X,0x800140E4] -> 0x65B7
mem[X,0x800140E6] -> 0x6666
[2176] [M]: 0x800140E4 (0x666665B7) lui a1, 419430
x11 <- 0x66666000


mem[X,0x800140E8] -> 0x8593
mem[X,0x800140EA] -> 0x6665
[2177] [M]: 0x800140E8 (0x66658593) addi a1, a1, 1638
x11 <- 0x66666666


mem[X,0x800140EC] -> 0x0113
mem[X,0x800140EE] -> 0x0000
[2178] [M]: 0x800140EC (0x00000113) addi sp, zero, 0
x2 <- 0x00000000


mem[X,0x800140F0] -> 0x006F
mem[X,0x800140F2] -> 0x00C0
[2179] [M]: 0x800140F0 (0x00C0006F) jal zero, 12


mem[X,0x800140FC] -> 0x4063
mem[X,0x800140FE] -> 0x08B5
[2180] [M]: 0x800140FC (0x08B54063) blt a0, a1, 128


mem[X,0x8001417C] -> 0x0113
mem[X,0x8001417E] -> 0x0031
[2181] [M]: 0x8001417C (0x00310113) addi sp, sp, 3
x2 <- 0x00000003


mem[X,0x80014180] -> 0x006F
mem[X,0x80014182] -> 0x0040
[2182] [M]: 0x80014180 (0x0040006F) jal zero, 4


mem[X,0x80014184] -> 0xA423
mem[X,0x80014186] -> 0x3420
[2183] [M]: 0x80014184 (0x3420A423) sw sp, 840(ra)
mem[0x800385B0] <- 0x00000003


mem[X,0x80014188] -> 0x5537
mem[X,0x8001418A] -> 0xFFFF
[2184] [M]: 0x80014188 (0xFFFF5537) lui a0, 1048565
x10 <- 0xFFFF5000


mem[X,0x8001418C] -> 0x0513
mem[X,0x8001418E] -> 0xAFC5
[2185] [M]: 0x8001418C (0xAFC50513) addi a0, a0, 2812
x10 <- 0xFFFF4AFC


mem[X,0x80014190] -> 0x55B7
mem[X,0x80014192] -> 0xFFFF
[2186] [M]: 0x80014190 (0xFFFF55B7) lui a1, 1048565
x11 <- 0xFFFF5000


mem[X,0x80014194] -> 0x8593
mem[X,0x80014196] -> 0xAFC5
[2187] [M]: 0x80014194 (0xAFC58593) addi a1, a1, 2812
x11 <- 0xFFFF4AFC


mem[X,0x80014198] -> 0x0113
mem[X,0x8001419A] -> 0x0000
[2188] [M]: 0x80014198 (0x00000113) addi sp, zero, 0
x2 <- 0x00000000


mem[X,0x8001419C] -> 0x006F
mem[X,0x8001419E] -> 0x00C0
[2189] [M]: 0x8001419C (0x00C0006F) jal zero, 12


mem[X,0x800141A8] -> 0x4063
mem[X,0x800141AA] -> 0x02B5
[2190] [M]: 0x800141A8 (0x02B54063) blt a0, a1, 32


mem[X,0x800141AC] -> 0x0113
mem[X,0x800141AE] -> 0x0021
[2191] [M]: 0x800141AC (0x00210113) addi sp, sp, 2
x2 <- 0x00000002


mem[X,0x800141B0] -> 0x006F
mem[X,0x800141B2] -> 0x0200
[2192] [M]: 0x800141B0 (0x0200006F) jal zero, 32


mem[X,0x800141D0] -> 0xA623
mem[X,0x800141D2] -> 0x3420
[2193] [M]: 0x800141D0 (0x3420A623) sw sp, 844(ra)
mem[0x800385B4] <- 0x00000002


mem[X,0x800141D4] -> 0x5537
mem[X,0x800141D6] -> 0xFFFF
[2194] [M]: 0x800141D4 (0xFFFF5537) lui a0, 1048565
x10 <- 0xFFFF5000


mem[X,0x800141D8] -> 0x0513
mem[X,0x800141DA] -> 0xAFC5
[2195] [M]: 0x800141D8 (0xAFC50513) addi a0, a0, 2812
x10 <- 0xFFFF4AFC


mem[X,0x800141DC] -> 0xB5B7
mem[X,0x800141DE] -> 0x0000
[2196] [M]: 0x800141DC (0x0000B5B7) lui a1, 11
x11 <- 0x0000B000


mem[X,0x800141E0] -> 0x8593
mem[X,0x800141E2] -> 0x5045
[2197] [M]: 0x800141E0 (0x50458593) addi a1, a1, 1284
x11 <- 0x0000B504


mem[X,0x800141E4] -> 0x0113
mem[X,0x800141E6] -> 0x0000
[2198] [M]: 0x800141E4 (0x00000113) addi sp, zero, 0
x2 <- 0x00000000


mem[X,0x800141E8] -> 0x006F
mem[X,0x800141EA] -> 0x00C0
[2199] [M]: 0x800141E8 (0x00C0006F) jal zero, 12


clint::tick mtime <- 0x0000000000000016
 clint timer pending at mtime 0x0000000000000016
htif::tick 0x0000000000000000
mem[X,0x800141F4] -> 0x4CE3
mem[X,0x800141F6] -> 0xFEB5
[2200] [M]: 0x800141F4 (0xFEB54CE3) blt a0, a1, 8184


mem[X,0x800141EC] -> 0x0113
mem[X,0x800141EE] -> 0x0011
[2201] [M]: 0x800141EC (0x00110113) addi sp, sp, 1
x2 <- 0x00000001


mem[X,0x800141F0] -> 0x006F
mem[X,0x800141F2] -> 0x0180
[2202] [M]: 0x800141F0 (0x0180006F) jal zero, 24


mem[X,0x80014208] -> 0xA823
mem[X,0x8001420A] -> 0x3420
[2203] [M]: 0x80014208 (0x3420A823) sw sp, 848(ra)
mem[0x800385B8] <- 0x00000001


mem[X,0x8001420C] -> 0x5537
mem[X,0x8001420E] -> 0xFFFF
[2204] [M]: 0x8001420C (0xFFFF5537) lui a0, 1048565
x10 <- 0xFFFF5000


mem[X,0x80014210] -> 0x0513
mem[X,0x80014212] -> 0xAFC5
[2205] [M]: 0x80014210 (0xAFC50513) addi a0, a0, 2812
x10 <- 0xFFFF4AFC


mem[X,0x80014214] -> 0x0593
mem[X,0x80014216] -> 0x0020
[2206] [M]: 0x80014214 (0x00200593) addi a1, zero, 2
x11 <- 0x00000002


mem[X,0x80014218] -> 0x0113
mem[X,0x8001421A] -> 0x0000
[2207] [M]: 0x80014218 (0x00000113) addi sp, zero, 0
x2 <- 0x00000000


mem[X,0x8001421C] -> 0x006F
mem[X,0x8001421E] -> 0x00C0
[2208] [M]: 0x8001421C (0x00C0006F) jal zero, 12


mem[X,0x80014228] -> 0x4663
mem[X,0x8001422A] -> 0x00B5
[2209] [M]: 0x80014228 (0x00B54663) blt a0, a1, 12


mem[X,0x80014234] -> 0x0113
mem[X,0x80014236] -> 0x0031
[2210] [M]: 0x80014234 (0x00310113) addi sp, sp, 3
x2 <- 0x00000003


mem[X,0x80014238] -> 0x006F
mem[X,0x8001423A] -> 0x0040
[2211] [M]: 0x80014238 (0x0040006F) jal zero, 4


mem[X,0x8001423C] -> 0xAA23
mem[X,0x8001423E] -> 0x3420
[2212] [M]: 0x8001423C (0x3420AA23) sw sp, 852(ra)
mem[0x800385BC] <- 0x00000003


mem[X,0x80014240] -> 0x5537
mem[X,0x80014242] -> 0xFFFF
[2213] [M]: 0x80014240 (0xFFFF5537) lui a0, 1048565
x10 <- 0xFFFF5000


mem[X,0x80014244] -> 0x0513
mem[X,0x80014246] -> 0xAFC5
[2214] [M]: 0x80014244 (0xAFC50513) addi a0, a0, 2812
x10 <- 0xFFFF4AFC


mem[X,0x80014248] -> 0x55B7
mem[X,0x8001424A] -> 0x5555
[2215] [M]: 0x80014248 (0x555555B7) lui a1, 349525
x11 <- 0x55555000


mem[X,0x8001424C] -> 0x8593
mem[X,0x8001424E] -> 0x5545
[2216] [M]: 0x8001424C (0x55458593) addi a1, a1, 1364
x11 <- 0x55555554


mem[X,0x80014250] -> 0x0113
mem[X,0x80014252] -> 0x0000
[2217] [M]: 0x80014250 (0x00000113) addi sp, zero, 0
x2 <- 0x00000000


mem[X,0x80014254] -> 0x006F
mem[X,0x80014256] -> 0x00C0
[2218] [M]: 0x80014254 (0x00C0006F) jal zero, 12


mem[X,0x80014260] -> 0x4063
mem[X,0x80014262] -> 0x08B5
[2219] [M]: 0x80014260 (0x08B54063) blt a0, a1, 128


mem[X,0x800142E0] -> 0x0113
mem[X,0x800142E2] -> 0x0031
[2220] [M]: 0x800142E0 (0x00310113) addi sp, sp, 3
x2 <- 0x00000003


mem[X,0x800142E4] -> 0x006F
mem[X,0x800142E6] -> 0x0040
[2221] [M]: 0x800142E4 (0x0040006F) jal zero, 4


mem[X,0x800142E8] -> 0xAC23
mem[X,0x800142EA] -> 0x3420
[2222] [M]: 0x800142E8 (0x3420AC23) sw sp, 856(ra)
mem[0x800385C0] <- 0x00000003


mem[X,0x800142EC] -> 0x5537
mem[X,0x800142EE] -> 0xFFFF
[2223] [M]: 0x800142EC (0xFFFF5537) lui a0, 1048565
x10 <- 0xFFFF5000


mem[X,0x800142F0] -> 0x0513
mem[X,0x800142F2] -> 0xAFC5
[2224] [M]: 0x800142F0 (0xAFC50513) addi a0, a0, 2812
x10 <- 0xFFFF4AFC


mem[X,0x800142F4] -> 0x0593
mem[X,0x800142F6] -> 0x0000
[2225] [M]: 0x800142F4 (0x00000593) addi a1, zero, 0
x11 <- 0x00000000


mem[X,0x800142F8] -> 0x0113
mem[X,0x800142FA] -> 0x0000
[2226] [M]: 0x800142F8 (0x00000113) addi sp, zero, 0
x2 <- 0x00000000


mem[X,0x800142FC] -> 0x006F
mem[X,0x800142FE] -> 0x00C0
[2227] [M]: 0x800142FC (0x00C0006F) jal zero, 12


mem[X,0x80014308] -> 0x4063
mem[X,0x8001430A] -> 0x10B5
[2228] [M]: 0x80014308 (0x10B54063) blt a0, a1, 256


mem[X,0x80014408] -> 0x0113
mem[X,0x8001440A] -> 0x0031
[2229] [M]: 0x80014408 (0x00310113) addi sp, sp, 3
x2 <- 0x00000003


mem[X,0x8001440C] -> 0x006F
mem[X,0x8001440E] -> 0x0040
[2230] [M]: 0x8001440C (0x0040006F) jal zero, 4


mem[X,0x80014410] -> 0xAE23
mem[X,0x80014412] -> 0x3420
[2231] [M]: 0x80014410 (0x3420AE23) sw sp, 860(ra)
mem[0x800385C4] <- 0x00000003


mem[X,0x80014414] -> 0x5537
mem[X,0x80014416] -> 0xFFFF
[2232] [M]: 0x80014414 (0xFFFF5537) lui a0, 1048565
x10 <- 0xFFFF5000


mem[X,0x80014418] -> 0x0513
mem[X,0x8001441A] -> 0xAFC5
[2233] [M]: 0x80014418 (0xAFC50513) addi a0, a0, 2812
x10 <- 0xFFFF4AFC


mem[X,0x8001441C] -> 0x0593
mem[X,0x8001441E] -> 0x0040
[2234] [M]: 0x8001441C (0x00400593) addi a1, zero, 4
x11 <- 0x00000004


mem[X,0x80014420] -> 0x0113
mem[X,0x80014422] -> 0x0000
[2235] [M]: 0x80014420 (0x00000113) addi sp, zero, 0
x2 <- 0x00000000


mem[X,0x80014424] -> 0x006F
mem[X,0x80014426] -> 0x0050
[2236] [M]: 0x80014424 (0x0050006F) jal zero, 2052


mem[X,0x80014C28] -> 0x40E3
mem[X,0x80014C2A] -> 0x80B5
[2237] [M]: 0x80014C28 (0x80B540E3) blt a0, a1, 6144


mem[X,0x80014428] -> 0x0113
mem[X,0x8001442A] -> 0x0011
[2238] [M]: 0x80014428 (0x00110113) addi sp, sp, 1
x2 <- 0x00000001


mem[X,0x8001442C] -> 0x006F
mem[X,0x8001442E] -> 0x0110
[2239] [M]: 0x8001442C (0x0110006F) jal zero, 2064


mem[X,0x80014C3C] -> 0xA023
mem[X,0x80014C3E] -> 0x3620
[2240] [M]: 0x80014C3C (0x3620A023) sw sp, 864(ra)
mem[0x800385C8] <- 0x00000001


mem[X,0x80014C40] -> 0x5537
mem[X,0x80014C42] -> 0xFFFF
[2241] [M]: 0x80014C40 (0xFFFF5537) lui a0, 1048565
x10 <- 0xFFFF5000


mem[X,0x80014C44] -> 0x0513
mem[X,0x80014C46] -> 0xAFC5
[2242] [M]: 0x80014C44 (0xAFC50513) addi a0, a0, 2812
x10 <- 0xFFFF4AFC


mem[X,0x80014C48] -> 0x35B7
mem[X,0x80014C4A] -> 0x3333
[2243] [M]: 0x80014C48 (0x333335B7) lui a1, 209715
x11 <- 0x33333000


mem[X,0x80014C4C] -> 0x8593
mem[X,0x80014C4E] -> 0x3325
[2244] [M]: 0x80014C4C (0x33258593) addi a1, a1, 818
x11 <- 0x33333332


mem[X,0x80014C50] -> 0x0113
mem[X,0x80014C52] -> 0x0000
[2245] [M]: 0x80014C50 (0x00000113) addi sp, zero, 0
x2 <- 0x00000000


mem[X,0x80014C54] -> 0x006F
mem[X,0x80014C56] -> 0x00C0
[2246] [M]: 0x80014C54 (0x00C0006F) jal zero, 12


mem[X,0x80014C60] -> 0x4063
mem[X,0x80014C62] -> 0x08B5
[2247] [M]: 0x80014C60 (0x08B54063) blt a0, a1, 128


mem[X,0x80014CE0] -> 0x0113
mem[X,0x80014CE2] -> 0x0031
[2248] [M]: 0x80014CE0 (0x00310113) addi sp, sp, 3
x2 <- 0x00000003


mem[X,0x80014CE4] -> 0x006F
mem[X,0x80014CE6] -> 0x0040
[2249] [M]: 0x80014CE4 (0x0040006F) jal zero, 4


mem[X,0x80014CE8] -> 0xA223
mem[X,0x80014CEA] -> 0x3620
[2250] [M]: 0x80014CE8 (0x3620A223) sw sp, 868(ra)
mem[0x800385CC] <- 0x00000003


mem[X,0x80014CEC] -> 0x5537
mem[X,0x80014CEE] -> 0xFFFF
[2251] [M]: 0x80014CEC (0xFFFF5537) lui a0, 1048565
x10 <- 0xFFFF5000


mem[X,0x80014CF0] -> 0x0513
mem[X,0x80014CF2] -> 0xAFC5
[2252] [M]: 0x80014CF0 (0xAFC50513) addi a0, a0, 2812
x10 <- 0xFFFF4AFC


mem[X,0x80014CF4] -> 0x65B7
mem[X,0x80014CF6] -> 0x6666
[2253] [M]: 0x80014CF4 (0x666665B7) lui a1, 419430
x11 <- 0x66666000


mem[X,0x80014CF8] -> 0x8593
mem[X,0x80014CFA] -> 0x6655
[2254] [M]: 0x80014CF8 (0x66558593) addi a1, a1, 1637
x11 <- 0x66666665


mem[X,0x80014CFC] -> 0x0113
mem[X,0x80014CFE] -> 0x0000
[2255] [M]: 0x80014CFC (0x00000113) addi sp, zero, 0
x2 <- 0x00000000


mem[X,0x80014D00] -> 0x006F
mem[X,0x80014D02] -> 0x00C0
[2256] [M]: 0x80014D00 (0x00C0006F) jal zero, 12


mem[X,0x80014D0C] -> 0x4CE3
mem[X,0x80014D0E] -> 0xFEB5
[2257] [M]: 0x80014D0C (0xFEB54CE3) blt a0, a1, 8184


mem[X,0x80014D04] -> 0x0113
mem[X,0x80014D06] -> 0x0011
[2258] [M]: 0x80014D04 (0x00110113) addi sp, sp, 1
x2 <- 0x00000001


mem[X,0x80014D08] -> 0x006F
mem[X,0x80014D0A] -> 0x0180
[2259] [M]: 0x80014D08 (0x0180006F) jal zero, 24


mem[X,0x80014D20] -> 0xA423
mem[X,0x80014D22] -> 0x3620
[2260] [M]: 0x80014D20 (0x3620A423) sw sp, 872(ra)
mem[0x800385D0] <- 0x00000001


mem[X,0x80014D24] -> 0x5537
mem[X,0x80014D26] -> 0xFFFF
[2261] [M]: 0x80014D24 (0xFFFF5537) lui a0, 1048565
x10 <- 0xFFFF5000


mem[X,0x80014D28] -> 0x0513
mem[X,0x80014D2A] -> 0xAFC5
[2262] [M]: 0x80014D28 (0xAFC50513) addi a0, a0, 2812
x10 <- 0xFFFF4AFC


mem[X,0x80014D2C] -> 0xB5B7
mem[X,0x80014D2E] -> 0x0000
[2263] [M]: 0x80014D2C (0x0000B5B7) lui a1, 11
x11 <- 0x0000B000


mem[X,0x80014D30] -> 0x8593
mem[X,0x80014D32] -> 0x5035
[2264] [M]: 0x80014D30 (0x50358593) addi a1, a1, 1283
x11 <- 0x0000B503


mem[X,0x80014D34] -> 0x0113
mem[X,0x80014D36] -> 0x0000
[2265] [M]: 0x80014D34 (0x00000113) addi sp, zero, 0
x2 <- 0x00000000


mem[X,0x80014D38] -> 0x006F
mem[X,0x80014D3A] -> 0x0180
[2266] [M]: 0x80014D38 (0x0180006F) jal zero, 24


mem[X,0x80014D50] -> 0x46E3
mem[X,0x80014D52] -> 0xFEB5
[2267] [M]: 0x80014D50 (0xFEB546E3) blt a0, a1, 8172


mem[X,0x80014D3C] -> 0x0113
mem[X,0x80014D3E] -> 0x0011
[2268] [M]: 0x80014D3C (0x00110113) addi sp, sp, 1
x2 <- 0x00000001


mem[X,0x80014D40] -> 0x006F
mem[X,0x80014D42] -> 0x0240
[2269] [M]: 0x80014D40 (0x0240006F) jal zero, 36


mem[X,0x80014D64] -> 0xA623
mem[X,0x80014D66] -> 0x3620
[2270] [M]: 0x80014D64 (0x3620A623) sw sp, 876(ra)
mem[0x800385D4] <- 0x00000001


mem[X,0x80014D68] -> 0x5537
mem[X,0x80014D6A] -> 0xFFFF
[2271] [M]: 0x80014D68 (0xFFFF5537) lui a0, 1048565
x10 <- 0xFFFF5000


mem[X,0x80014D6C] -> 0x0513
mem[X,0x80014D6E] -> 0xAFC5
[2272] [M]: 0x80014D6C (0xAFC50513) addi a0, a0, 2812
x10 <- 0xFFFF4AFC


mem[X,0x80014D70] -> 0x55B7
mem[X,0x80014D72] -> 0x5555
[2273] [M]: 0x80014D70 (0x555555B7) lui a1, 349525
x11 <- 0x55555000


mem[X,0x80014D74] -> 0x8593
mem[X,0x80014D76] -> 0x5565
[2274] [M]: 0x80014D74 (0x55658593) addi a1, a1, 1366
x11 <- 0x55555556


mem[X,0x80014D78] -> 0x0113
mem[X,0x80014D7A] -> 0x0000
[2275] [M]: 0x80014D78 (0x00000113) addi sp, zero, 0
x2 <- 0x00000000


mem[X,0x80014D7C] -> 0x006F
mem[X,0x80014D7E] -> 0x00C0
[2276] [M]: 0x80014D7C (0x00C0006F) jal zero, 12


mem[X,0x80014D88] -> 0x4CE3
mem[X,0x80014D8A] -> 0xFEB5
[2277] [M]: 0x80014D88 (0xFEB54CE3) blt a0, a1, 8184


mem[X,0x80014D80] -> 0x0113
mem[X,0x80014D82] -> 0x0011
[2278] [M]: 0x80014D80 (0x00110113) addi sp, sp, 1
x2 <- 0x00000001


mem[X,0x80014D84] -> 0x006F
mem[X,0x80014D86] -> 0x0180
[2279] [M]: 0x80014D84 (0x0180006F) jal zero, 24


mem[X,0x80014D9C] -> 0xA823
mem[X,0x80014D9E] -> 0x3620
[2280] [M]: 0x80014D9C (0x3620A823) sw sp, 880(ra)
mem[0x800385D8] <- 0x00000001


mem[X,0x80014DA0] -> 0x5537
mem[X,0x80014DA2] -> 0xFFFF
[2281] [M]: 0x80014DA0 (0xFFFF5537) lui a0, 1048565
x10 <- 0xFFFF5000


mem[X,0x80014DA4] -> 0x0513
mem[X,0x80014DA6] -> 0xAFC5
[2282] [M]: 0x80014DA4 (0xAFC50513) addi a0, a0, 2812
x10 <- 0xFFFF4AFC


mem[X,0x80014DA8] -> 0xB5B7
mem[X,0x80014DAA] -> 0xAAAA
[2283] [M]: 0x80014DA8 (0xAAAAB5B7) lui a1, 699051
x11 <- 0xAAAAB000


mem[X,0x80014DAC] -> 0x8593
mem[X,0x80014DAE] -> 0xAAB5
[2284] [M]: 0x80014DAC (0xAAB58593) addi a1, a1, 2731
x11 <- 0xAAAAAAAB


mem[X,0x80014DB0] -> 0x0113
mem[X,0x80014DB2] -> 0x0000
[2285] [M]: 0x80014DB0 (0x00000113) addi sp, zero, 0
x2 <- 0x00000000


mem[X,0x80014DB4] -> 0x006F
mem[X,0x80014DB6] -> 0x0050
[2286] [M]: 0x80014DB4 (0x0050006F) jal zero, 2052


mem[X,0x800155B8] -> 0x40E3
mem[X,0x800155BA] -> 0x80B5
[2287] [M]: 0x800155B8 (0x80B540E3) blt a0, a1, 6144


mem[X,0x800155BC] -> 0x0113
mem[X,0x800155BE] -> 0x0021
[2288] [M]: 0x800155BC (0x00210113) addi sp, sp, 2
x2 <- 0x00000002


mem[X,0x800155C0] -> 0x006F
mem[X,0x800155C2] -> 0x00C0
[2289] [M]: 0x800155C0 (0x00C0006F) jal zero, 12


mem[X,0x800155CC] -> 0xAA23
mem[X,0x800155CE] -> 0x3620
[2290] [M]: 0x800155CC (0x3620AA23) sw sp, 884(ra)
mem[0x800385DC] <- 0x00000002


mem[X,0x800155D0] -> 0x5537
mem[X,0x800155D2] -> 0xFFFF
[2291] [M]: 0x800155D0 (0xFFFF5537) lui a0, 1048565
x10 <- 0xFFFF5000


mem[X,0x800155D4] -> 0x0513
mem[X,0x800155D6] -> 0xAFC5
[2292] [M]: 0x800155D4 (0xAFC50513) addi a0, a0, 2812
x10 <- 0xFFFF4AFC


mem[X,0x800155D8] -> 0x0593
mem[X,0x800155DA] -> 0x0060
[2293] [M]: 0x800155D8 (0x00600593) addi a1, zero, 6
x11 <- 0x00000006


mem[X,0x800155DC] -> 0x0113
mem[X,0x800155DE] -> 0x0000
[2294] [M]: 0x800155DC (0x00000113) addi sp, zero, 0
x2 <- 0x00000000


mem[X,0x800155E0] -> 0x006F
mem[X,0x800155E2] -> 0x00C0
[2295] [M]: 0x800155E0 (0x00C0006F) jal zero, 12


mem[X,0x800155EC] -> 0x4063
mem[X,0x800155EE] -> 0x08B5
[2296] [M]: 0x800155EC (0x08B54063) blt a0, a1, 128


mem[X,0x8001566C] -> 0x0113
mem[X,0x8001566E] -> 0x0031
[2297] [M]: 0x8001566C (0x00310113) addi sp, sp, 3
x2 <- 0x00000003


mem[X,0x80015670] -> 0x006F
mem[X,0x80015672] -> 0x0040
[2298] [M]: 0x80015670 (0x0040006F) jal zero, 4


mem[X,0x80015674] -> 0xAC23
mem[X,0x80015676] -> 0x3620
[2299] [M]: 0x80015674 (0x3620AC23) sw sp, 888(ra)
mem[0x800385E0] <- 0x00000003


clint::tick mtime <- 0x0000000000000017
 clint timer pending at mtime 0x0000000000000017
htif::tick 0x0000000000000000
mem[X,0x80015678] -> 0x5537
mem[X,0x8001567A] -> 0xFFFF
[2300] [M]: 0x80015678 (0xFFFF5537) lui a0, 1048565
x10 <- 0xFFFF5000


mem[X,0x8001567C] -> 0x0513
mem[X,0x8001567E] -> 0xAFC5
[2301] [M]: 0x8001567C (0xAFC50513) addi a0, a0, 2812
x10 <- 0xFFFF4AFC


mem[X,0x80015680] -> 0x35B7
mem[X,0x80015682] -> 0x3333
[2302] [M]: 0x80015680 (0x333335B7) lui a1, 209715
x11 <- 0x33333000


mem[X,0x80015684] -> 0x8593
mem[X,0x80015686] -> 0x3345
[2303] [M]: 0x80015684 (0x33458593) addi a1, a1, 820
x11 <- 0x33333334


mem[X,0x80015688] -> 0x0113
mem[X,0x8001568A] -> 0x0000
[2304] [M]: 0x80015688 (0x00000113) addi sp, zero, 0
x2 <- 0x00000000


mem[X,0x8001568C] -> 0x006F
mem[X,0x8001568E] -> 0x0180
[2305] [M]: 0x8001568C (0x0180006F) jal zero, 24


mem[X,0x800156A4] -> 0x46E3
mem[X,0x800156A6] -> 0xFEB5
[2306] [M]: 0x800156A4 (0xFEB546E3) blt a0, a1, 8172


mem[X,0x80015690] -> 0x0113
mem[X,0x80015692] -> 0x0011
[2307] [M]: 0x80015690 (0x00110113) addi sp, sp, 1
x2 <- 0x00000001


mem[X,0x80015694] -> 0x006F
mem[X,0x80015696] -> 0x0240
[2308] [M]: 0x80015694 (0x0240006F) jal zero, 36


mem[X,0x800156B8] -> 0xAE23
mem[X,0x800156BA] -> 0x3620
[2309] [M]: 0x800156B8 (0x3620AE23) sw sp, 892(ra)
mem[0x800385E4] <- 0x00000001


mem[X,0x800156BC] -> 0x5537
mem[X,0x800156BE] -> 0xFFFF
[2310] [M]: 0x800156BC (0xFFFF5537) lui a0, 1048565
x10 <- 0xFFFF5000


mem[X,0x800156C0] -> 0x0513
mem[X,0x800156C2] -> 0xAFC5
[2311] [M]: 0x800156C0 (0xAFC50513) addi a0, a0, 2812
x10 <- 0xFFFF4AFC


mem[X,0x800156C4] -> 0x65B7
mem[X,0x800156C6] -> 0x6666
[2312] [M]: 0x800156C4 (0x666665B7) lui a1, 419430
x11 <- 0x66666000


mem[X,0x800156C8] -> 0x8593
mem[X,0x800156CA] -> 0x6675
[2313] [M]: 0x800156C8 (0x66758593) addi a1, a1, 1639
x11 <- 0x66666667


mem[X,0x800156CC] -> 0x0113
mem[X,0x800156CE] -> 0x0000
[2314] [M]: 0x800156CC (0x00000113) addi sp, zero, 0
x2 <- 0x00000000


mem[X,0x800156D0] -> 0x006F
mem[X,0x800156D2] -> 0x00C0
[2315] [M]: 0x800156D0 (0x00C0006F) jal zero, 12


mem[X,0x800156DC] -> 0x4CE3
mem[X,0x800156DE] -> 0xFEB5
[2316] [M]: 0x800156DC (0xFEB54CE3) blt a0, a1, 8184


mem[X,0x800156D4] -> 0x0113
mem[X,0x800156D6] -> 0x0011
[2317] [M]: 0x800156D4 (0x00110113) addi sp, sp, 1
x2 <- 0x00000001


mem[X,0x800156D8] -> 0x006F
mem[X,0x800156DA] -> 0x0180
[2318] [M]: 0x800156D8 (0x0180006F) jal zero, 24


mem[X,0x800156F0] -> 0xA023
mem[X,0x800156F2] -> 0x3820
[2319] [M]: 0x800156F0 (0x3820A023) sw sp, 896(ra)
mem[0x800385E8] <- 0x00000001


mem[X,0x800156F4] -> 0x5537
mem[X,0x800156F6] -> 0xFFFF
[2320] [M]: 0x800156F4 (0xFFFF5537) lui a0, 1048565
x10 <- 0xFFFF5000


mem[X,0x800156F8] -> 0x0513
mem[X,0x800156FA] -> 0xAFC5
[2321] [M]: 0x800156F8 (0xAFC50513) addi a0, a0, 2812
x10 <- 0xFFFF4AFC


mem[X,0x800156FC] -> 0x55B7
mem[X,0x800156FE] -> 0xFFFF
[2322] [M]: 0x800156FC (0xFFFF55B7) lui a1, 1048565
x11 <- 0xFFFF5000


mem[X,0x80015700] -> 0x8593
mem[X,0x80015702] -> 0xAFD5
[2323] [M]: 0x80015700 (0xAFD58593) addi a1, a1, 2813
x11 <- 0xFFFF4AFD


mem[X,0x80015704] -> 0x0113
mem[X,0x80015706] -> 0x0000
[2324] [M]: 0x80015704 (0x00000113) addi sp, zero, 0
x2 <- 0x00000000


mem[X,0x80015708] -> 0x006F
mem[X,0x8001570A] -> 0x00C0
[2325] [M]: 0x80015708 (0x00C0006F) jal zero, 12


mem[X,0x80015714] -> 0x4063
mem[X,0x80015716] -> 0x04B5
[2326] [M]: 0x80015714 (0x04B54063) blt a0, a1, 64


mem[X,0x80015754] -> 0x0113
mem[X,0x80015756] -> 0x0031
[2327] [M]: 0x80015754 (0x00310113) addi sp, sp, 3
x2 <- 0x00000003


mem[X,0x80015758] -> 0x006F
mem[X,0x8001575A] -> 0x0040
[2328] [M]: 0x80015758 (0x0040006F) jal zero, 4


mem[X,0x8001575C] -> 0xA223
mem[X,0x8001575E] -> 0x3820
[2329] [M]: 0x8001575C (0x3820A223) sw sp, 900(ra)
mem[0x800385EC] <- 0x00000003


mem[X,0x80015760] -> 0x5537
mem[X,0x80015762] -> 0xFFFF
[2330] [M]: 0x80015760 (0xFFFF5537) lui a0, 1048565
x10 <- 0xFFFF5000


mem[X,0x80015764] -> 0x0513
mem[X,0x80015766] -> 0xAFC5
[2331] [M]: 0x80015764 (0xAFC50513) addi a0, a0, 2812
x10 <- 0xFFFF4AFC


mem[X,0x80015768] -> 0xB5B7
mem[X,0x8001576A] -> 0x0000
[2332] [M]: 0x80015768 (0x0000B5B7) lui a1, 11
x11 <- 0x0000B000


mem[X,0x8001576C] -> 0x8593
mem[X,0x8001576E] -> 0x5055
[2333] [M]: 0x8001576C (0x50558593) addi a1, a1, 1285
x11 <- 0x0000B505


mem[X,0x80015770] -> 0x0113
mem[X,0x80015772] -> 0x0000
[2334] [M]: 0x80015770 (0x00000113) addi sp, zero, 0
x2 <- 0x00000000


mem[X,0x80015774] -> 0x006F
mem[X,0x80015776] -> 0x00C0
[2335] [M]: 0x80015774 (0x00C0006F) jal zero, 12


mem[X,0x80015780] -> 0x4063
mem[X,0x80015782] -> 0x40B5
[2336] [M]: 0x80015780 (0x40B54063) blt a0, a1, 1024


mem[X,0x80015B80] -> 0x0113
mem[X,0x80015B82] -> 0x0031
[2337] [M]: 0x80015B80 (0x00310113) addi sp, sp, 3
x2 <- 0x00000003


mem[X,0x80015B84] -> 0x006F
mem[X,0x80015B86] -> 0x0040
[2338] [M]: 0x80015B84 (0x0040006F) jal zero, 4


mem[X,0x80015B88] -> 0xA423
mem[X,0x80015B8A] -> 0x3820
[2339] [M]: 0x80015B88 (0x3820A423) sw sp, 904(ra)
mem[0x800385F0] <- 0x00000003


mem[X,0x80015B8C] -> 0xB537
mem[X,0x80015B8E] -> 0x0000
[2340] [M]: 0x80015B8C (0x0000B537) lui a0, 11
x10 <- 0x0000B000


mem[X,0x80015B90] -> 0x0513
mem[X,0x80015B92] -> 0x5045
[2341] [M]: 0x80015B90 (0x50450513) addi a0, a0, 1284
x10 <- 0x0000B504


mem[X,0x80015B94] -> 0x0593
mem[X,0x80015B96] -> 0x0030
[2342] [M]: 0x80015B94 (0x00300593) addi a1, zero, 3
x11 <- 0x00000003


mem[X,0x80015B98] -> 0x0113
mem[X,0x80015B9A] -> 0x0000
[2343] [M]: 0x80015B98 (0x00000113) addi sp, zero, 0
x2 <- 0x00000000


mem[X,0x80015B9C] -> 0x006F
mem[X,0x80015B9E] -> 0x00C0
[2344] [M]: 0x80015B9C (0x00C0006F) jal zero, 12


mem[X,0x80015BA8] -> 0x4CE3
mem[X,0x80015BAA] -> 0xFEB5
[2345] [M]: 0x80015BA8 (0xFEB54CE3) blt a0, a1, 8184


mem[X,0x80015BAC] -> 0x0113
mem[X,0x80015BAE] -> 0x0021
[2346] [M]: 0x80015BAC (0x00210113) addi sp, sp, 2
x2 <- 0x00000002


mem[X,0x80015BB0] -> 0x006F
mem[X,0x80015BB2] -> 0x00C0
[2347] [M]: 0x80015BB0 (0x00C0006F) jal zero, 12


mem[X,0x80015BBC] -> 0xA623
mem[X,0x80015BBE] -> 0x3820
[2348] [M]: 0x80015BBC (0x3820A623) sw sp, 908(ra)
mem[0x800385F4] <- 0x00000002


mem[X,0x80015BC0] -> 0xB537
mem[X,0x80015BC2] -> 0x0000
[2349] [M]: 0x80015BC0 (0x0000B537) lui a0, 11
x10 <- 0x0000B000


mem[X,0x80015BC4] -> 0x0513
mem[X,0x80015BC6] -> 0x5045
[2350] [M]: 0x80015BC4 (0x50450513) addi a0, a0, 1284
x10 <- 0x0000B504


mem[X,0x80015BC8] -> 0x55B7
mem[X,0x80015BCA] -> 0x5555
[2351] [M]: 0x80015BC8 (0x555555B7) lui a1, 349525
x11 <- 0x55555000


mem[X,0x80015BCC] -> 0x8593
mem[X,0x80015BCE] -> 0x5555
[2352] [M]: 0x80015BCC (0x55558593) addi a1, a1, 1365
x11 <- 0x55555555


mem[X,0x80015BD0] -> 0x0113
mem[X,0x80015BD2] -> 0x0000
[2353] [M]: 0x80015BD0 (0x00000113) addi sp, zero, 0
x2 <- 0x00000000


mem[X,0x80015BD4] -> 0x006F
mem[X,0x80015BD6] -> 0x00C0
[2354] [M]: 0x80015BD4 (0x00C0006F) jal zero, 12


mem[X,0x80015BE0] -> 0x4663
mem[X,0x80015BE2] -> 0x00B5
[2355] [M]: 0x80015BE0 (0x00B54663) blt a0, a1, 12


mem[X,0x80015BEC] -> 0x0113
mem[X,0x80015BEE] -> 0x0031
[2356] [M]: 0x80015BEC (0x00310113) addi sp, sp, 3
x2 <- 0x00000003


mem[X,0x80015BF0] -> 0x006F
mem[X,0x80015BF2] -> 0x0040
[2357] [M]: 0x80015BF0 (0x0040006F) jal zero, 4


mem[X,0x80015BF4] -> 0xA823
mem[X,0x80015BF6] -> 0x3820
[2358] [M]: 0x80015BF4 (0x3820A823) sw sp, 912(ra)
mem[0x800385F8] <- 0x00000003


mem[X,0x80015BF8] -> 0xB537
mem[X,0x80015BFA] -> 0x0000
[2359] [M]: 0x80015BF8 (0x0000B537) lui a0, 11
x10 <- 0x0000B000


mem[X,0x80015BFC] -> 0x0513
mem[X,0x80015BFE] -> 0x5045
[2360] [M]: 0x80015BFC (0x50450513) addi a0, a0, 1284
x10 <- 0x0000B504


mem[X,0x80015C00] -> 0xB5B7
mem[X,0x80015C02] -> 0xAAAA
[2361] [M]: 0x80015C00 (0xAAAAB5B7) lui a1, 699051
x11 <- 0xAAAAB000


mem[X,0x80015C04] -> 0x8593
mem[X,0x80015C06] -> 0xAAA5
[2362] [M]: 0x80015C04 (0xAAA58593) addi a1, a1, 2730
x11 <- 0xAAAAAAAA


mem[X,0x80015C08] -> 0x0113
mem[X,0x80015C0A] -> 0x0000
[2363] [M]: 0x80015C08 (0x00000113) addi sp, zero, 0
x2 <- 0x00000000


mem[X,0x80015C0C] -> 0x006F
mem[X,0x80015C0E] -> 0x00C0
[2364] [M]: 0x80015C0C (0x00C0006F) jal zero, 12


mem[X,0x80015C18] -> 0x4663
mem[X,0x80015C1A] -> 0x00B5
[2365] [M]: 0x80015C18 (0x00B54663) blt a0, a1, 12


mem[X,0x80015C1C] -> 0x0113
mem[X,0x80015C1E] -> 0x0021
[2366] [M]: 0x80015C1C (0x00210113) addi sp, sp, 2
x2 <- 0x00000002


mem[X,0x80015C20] -> 0x006F
mem[X,0x80015C22] -> 0x00C0
[2367] [M]: 0x80015C20 (0x00C0006F) jal zero, 12


mem[X,0x80015C2C] -> 0xAA23
mem[X,0x80015C2E] -> 0x3820
[2368] [M]: 0x80015C2C (0x3820AA23) sw sp, 916(ra)
mem[0x800385FC] <- 0x00000002


mem[X,0x80015C30] -> 0xB537
mem[X,0x80015C32] -> 0x0000
[2369] [M]: 0x80015C30 (0x0000B537) lui a0, 11
x10 <- 0x0000B000


mem[X,0x80015C34] -> 0x0513
mem[X,0x80015C36] -> 0x5045
[2370] [M]: 0x80015C34 (0x50450513) addi a0, a0, 1284
x10 <- 0x0000B504


mem[X,0x80015C38] -> 0x0593
mem[X,0x80015C3A] -> 0x0050
[2371] [M]: 0x80015C38 (0x00500593) addi a1, zero, 5
x11 <- 0x00000005


mem[X,0x80015C3C] -> 0x0113
mem[X,0x80015C3E] -> 0x0000
[2372] [M]: 0x80015C3C (0x00000113) addi sp, zero, 0
x2 <- 0x00000000


mem[X,0x80015C40] -> 0x006F
mem[X,0x80015C42] -> 0x00C0
[2373] [M]: 0x80015C40 (0x00C0006F) jal zero, 12


mem[X,0x80015C4C] -> 0x4063
mem[X,0x80015C4E] -> 0x08B5
[2374] [M]: 0x80015C4C (0x08B54063) blt a0, a1, 128


mem[X,0x80015C50] -> 0x0113
mem[X,0x80015C52] -> 0x0021
[2375] [M]: 0x80015C50 (0x00210113) addi sp, sp, 2
x2 <- 0x00000002


mem[X,0x80015C54] -> 0x006F
mem[X,0x80015C56] -> 0x0800
[2376] [M]: 0x80015C54 (0x0800006F) jal zero, 128


mem[X,0x80015CD4] -> 0xAC23
mem[X,0x80015CD6] -> 0x3820
[2377] [M]: 0x80015CD4 (0x3820AC23) sw sp, 920(ra)
mem[0x80038600] <- 0x00000002


mem[X,0x80015CD8] -> 0xB537
mem[X,0x80015CDA] -> 0x0000
[2378] [M]: 0x80015CD8 (0x0000B537) lui a0, 11
x10 <- 0x0000B000


mem[X,0x80015CDC] -> 0x0513
mem[X,0x80015CDE] -> 0x5045
[2379] [M]: 0x80015CDC (0x50450513) addi a0, a0, 1284
x10 <- 0x0000B504


mem[X,0x80015CE0] -> 0x35B7
mem[X,0x80015CE2] -> 0x3333
[2380] [M]: 0x80015CE0 (0x333335B7) lui a1, 209715
x11 <- 0x33333000


mem[X,0x80015CE4] -> 0x8593
mem[X,0x80015CE6] -> 0x3335
[2381] [M]: 0x80015CE4 (0x33358593) addi a1, a1, 819
x11 <- 0x33333333


mem[X,0x80015CE8] -> 0x0113
mem[X,0x80015CEA] -> 0x0000
[2382] [M]: 0x80015CE8 (0x00000113) addi sp, zero, 0
x2 <- 0x00000000


mem[X,0x80015CEC] -> 0x006F
mem[X,0x80015CEE] -> 0x00C0
[2383] [M]: 0x80015CEC (0x00C0006F) jal zero, 12


mem[X,0x80015CF8] -> 0x4CE3
mem[X,0x80015CFA] -> 0xFEB5
[2384] [M]: 0x80015CF8 (0xFEB54CE3) blt a0, a1, 8184


mem[X,0x80015CF0] -> 0x0113
mem[X,0x80015CF2] -> 0x0011
[2385] [M]: 0x80015CF0 (0x00110113) addi sp, sp, 1
x2 <- 0x00000001


mem[X,0x80015CF4] -> 0x006F
mem[X,0x80015CF6] -> 0x0180
[2386] [M]: 0x80015CF4 (0x0180006F) jal zero, 24


mem[X,0x80015D0C] -> 0xAE23
mem[X,0x80015D0E] -> 0x3820
[2387] [M]: 0x80015D0C (0x3820AE23) sw sp, 924(ra)
mem[0x80038604] <- 0x00000001


mem[X,0x80015D10] -> 0xB537
mem[X,0x80015D12] -> 0x0000
[2388] [M]: 0x80015D10 (0x0000B537) lui a0, 11
x10 <- 0x0000B000


mem[X,0x80015D14] -> 0x0513
mem[X,0x80015D16] -> 0x5045
[2389] [M]: 0x80015D14 (0x50450513) addi a0, a0, 1284
x10 <- 0x0000B504


mem[X,0x80015D18] -> 0x65B7
mem[X,0x80015D1A] -> 0x6666
[2390] [M]: 0x80015D18 (0x666665B7) lui a1, 419430
x11 <- 0x66666000


mem[X,0x80015D1C] -> 0x8593
mem[X,0x80015D1E] -> 0x6665
[2391] [M]: 0x80015D1C (0x66658593) addi a1, a1, 1638
x11 <- 0x66666666


mem[X,0x80015D20] -> 0x0113
mem[X,0x80015D22] -> 0x0000
[2392] [M]: 0x80015D20 (0x00000113) addi sp, zero, 0
x2 <- 0x00000000


mem[X,0x80015D24] -> 0x006F
mem[X,0x80015D26] -> 0x00C0
[2393] [M]: 0x80015D24 (0x00C0006F) jal zero, 12


mem[X,0x80015D30] -> 0x4663
mem[X,0x80015D32] -> 0x00B5
[2394] [M]: 0x80015D30 (0x00B54663) blt a0, a1, 12


mem[X,0x80015D3C] -> 0x0113
mem[X,0x80015D3E] -> 0x0031
[2395] [M]: 0x80015D3C (0x00310113) addi sp, sp, 3
x2 <- 0x00000003


mem[X,0x80015D40] -> 0x006F
mem[X,0x80015D42] -> 0x0040
[2396] [M]: 0x80015D40 (0x0040006F) jal zero, 4


mem[X,0x80015D44] -> 0xA023
mem[X,0x80015D46] -> 0x3A20
[2397] [M]: 0x80015D44 (0x3A20A023) sw sp, 928(ra)
mem[0x80038608] <- 0x00000003


mem[X,0x80015D48] -> 0xB537
mem[X,0x80015D4A] -> 0x0000
[2398] [M]: 0x80015D48 (0x0000B537) lui a0, 11
x10 <- 0x0000B000


mem[X,0x80015D4C] -> 0x0513
mem[X,0x80015D4E] -> 0x5045
[2399] [M]: 0x80015D4C (0x50450513) addi a0, a0, 1284
x10 <- 0x0000B504


clint::tick mtime <- 0x0000000000000018
 clint timer pending at mtime 0x0000000000000018
htif::tick 0x0000000000000000
mem[X,0x80015D50] -> 0x55B7
mem[X,0x80015D52] -> 0xFFFF
[2400] [M]: 0x80015D50 (0xFFFF55B7) lui a1, 1048565
x11 <- 0xFFFF5000


mem[X,0x80015D54] -> 0x8593
mem[X,0x80015D56] -> 0xAFC5
[2401] [M]: 0x80015D54 (0xAFC58593) addi a1, a1, 2812
x11 <- 0xFFFF4AFC


mem[X,0x80015D58] -> 0x0113
mem[X,0x80015D5A] -> 0x0000
[2402] [M]: 0x80015D58 (0x00000113) addi sp, zero, 0
x2 <- 0x00000000


mem[X,0x80015D5C] -> 0x006F
mem[X,0x80015D5E] -> 0x00C0
[2403] [M]: 0x80015D5C (0x00C0006F) jal zero, 12


mem[X,0x80015D68] -> 0x4063
mem[X,0x80015D6A] -> 0x20B5
[2404] [M]: 0x80015D68 (0x20B54063) blt a0, a1, 512


mem[X,0x80015D6C] -> 0x0113
mem[X,0x80015D6E] -> 0x0021
[2405] [M]: 0x80015D6C (0x00210113) addi sp, sp, 2
x2 <- 0x00000002


mem[X,0x80015D70] -> 0x006F
mem[X,0x80015D72] -> 0x2000
[2406] [M]: 0x80015D70 (0x2000006F) jal zero, 512


mem[X,0x80015F70] -> 0xA223
mem[X,0x80015F72] -> 0x3A20
[2407] [M]: 0x80015F70 (0x3A20A223) sw sp, 932(ra)
mem[0x8003860C] <- 0x00000002


mem[X,0x80015F74] -> 0xB537
mem[X,0x80015F76] -> 0x0000
[2408] [M]: 0x80015F74 (0x0000B537) lui a0, 11
x10 <- 0x0000B000


mem[X,0x80015F78] -> 0x0513
mem[X,0x80015F7A] -> 0x5045
[2409] [M]: 0x80015F78 (0x50450513) addi a0, a0, 1284
x10 <- 0x0000B504


mem[X,0x80015F7C] -> 0xB5B7
mem[X,0x80015F7E] -> 0x0000
[2410] [M]: 0x80015F7C (0x0000B5B7) lui a1, 11
x11 <- 0x0000B000


mem[X,0x80015F80] -> 0x8593
mem[X,0x80015F82] -> 0x5045
[2411] [M]: 0x80015F80 (0x50458593) addi a1, a1, 1284
x11 <- 0x0000B504


mem[X,0x80015F84] -> 0x0113
mem[X,0x80015F86] -> 0x0000
[2412] [M]: 0x80015F84 (0x00000113) addi sp, zero, 0
x2 <- 0x00000000


mem[X,0x80015F88] -> 0x006F
mem[X,0x80015F8A] -> 0x00C0
[2413] [M]: 0x80015F88 (0x00C0006F) jal zero, 12


mem[X,0x80015F94] -> 0x4063
mem[X,0x80015F96] -> 0x20B5
[2414] [M]: 0x80015F94 (0x20B54063) blt a0, a1, 512


mem[X,0x80015F98] -> 0x0113
mem[X,0x80015F9A] -> 0x0021
[2415] [M]: 0x80015F98 (0x00210113) addi sp, sp, 2
x2 <- 0x00000002


mem[X,0x80015F9C] -> 0x006F
mem[X,0x80015F9E] -> 0x2000
[2416] [M]: 0x80015F9C (0x2000006F) jal zero, 512


mem[X,0x8001619C] -> 0xA423
mem[X,0x8001619E] -> 0x3A20
[2417] [M]: 0x8001619C (0x3A20A423) sw sp, 936(ra)
mem[0x80038610] <- 0x00000002


mem[X,0x800161A0] -> 0xB537
mem[X,0x800161A2] -> 0x0000
[2418] [M]: 0x800161A0 (0x0000B537) lui a0, 11
x10 <- 0x0000B000


mem[X,0x800161A4] -> 0x0513
mem[X,0x800161A6] -> 0x5045
[2419] [M]: 0x800161A4 (0x50450513) addi a0, a0, 1284
x10 <- 0x0000B504


mem[X,0x800161A8] -> 0x0593
mem[X,0x800161AA] -> 0x0020
[2420] [M]: 0x800161A8 (0x00200593) addi a1, zero, 2
x11 <- 0x00000002


mem[X,0x800161AC] -> 0x0113
mem[X,0x800161AE] -> 0x0000
[2421] [M]: 0x800161AC (0x00000113) addi sp, zero, 0
x2 <- 0x00000000


mem[X,0x800161B0] -> 0x006F
mem[X,0x800161B2] -> 0x00C0
[2422] [M]: 0x800161B0 (0x00C0006F) jal zero, 12


mem[X,0x800161BC] -> 0x4063
mem[X,0x800161BE] -> 0x20B5
[2423] [M]: 0x800161BC (0x20B54063) blt a0, a1, 512


mem[X,0x800161C0] -> 0x0113
mem[X,0x800161C2] -> 0x0021
[2424] [M]: 0x800161C0 (0x00210113) addi sp, sp, 2
x2 <- 0x00000002


mem[X,0x800161C4] -> 0x006F
mem[X,0x800161C6] -> 0x2000
[2425] [M]: 0x800161C4 (0x2000006F) jal zero, 512


mem[X,0x800163C4] -> 0xA623
mem[X,0x800163C6] -> 0x3A20
[2426] [M]: 0x800163C4 (0x3A20A623) sw sp, 940(ra)
mem[0x80038614] <- 0x00000002


mem[X,0x800163C8] -> 0xB537
mem[X,0x800163CA] -> 0x0000
[2427] [M]: 0x800163C8 (0x0000B537) lui a0, 11
x10 <- 0x0000B000


mem[X,0x800163CC] -> 0x0513
mem[X,0x800163CE] -> 0x5045
[2428] [M]: 0x800163CC (0x50450513) addi a0, a0, 1284
x10 <- 0x0000B504


mem[X,0x800163D0] -> 0x55B7
mem[X,0x800163D2] -> 0x5555
[2429] [M]: 0x800163D0 (0x555555B7) lui a1, 349525
x11 <- 0x55555000


mem[X,0x800163D4] -> 0x8593
mem[X,0x800163D6] -> 0x5545
[2430] [M]: 0x800163D4 (0x55458593) addi a1, a1, 1364
x11 <- 0x55555554


mem[X,0x800163D8] -> 0x0113
mem[X,0x800163DA] -> 0x0000
[2431] [M]: 0x800163D8 (0x00000113) addi sp, zero, 0
x2 <- 0x00000000


mem[X,0x800163DC] -> 0x006F
mem[X,0x800163DE] -> 0x00C0
[2432] [M]: 0x800163DC (0x00C0006F) jal zero, 12


mem[X,0x800163E8] -> 0x4063
mem[X,0x800163EA] -> 0x02B5
[2433] [M]: 0x800163E8 (0x02B54063) blt a0, a1, 32


mem[X,0x80016408] -> 0x0113
mem[X,0x8001640A] -> 0x0031
[2434] [M]: 0x80016408 (0x00310113) addi sp, sp, 3
x2 <- 0x00000003


mem[X,0x8001640C] -> 0x006F
mem[X,0x8001640E] -> 0x0040
[2435] [M]: 0x8001640C (0x0040006F) jal zero, 4


mem[X,0x80016410] -> 0xA823
mem[X,0x80016412] -> 0x3A20
[2436] [M]: 0x80016410 (0x3A20A823) sw sp, 944(ra)
mem[0x80038618] <- 0x00000003


mem[X,0x80016414] -> 0xB537
mem[X,0x80016416] -> 0x0000
[2437] [M]: 0x80016414 (0x0000B537) lui a0, 11
x10 <- 0x0000B000


mem[X,0x80016418] -> 0x0513
mem[X,0x8001641A] -> 0x5045
[2438] [M]: 0x80016418 (0x50450513) addi a0, a0, 1284
x10 <- 0x0000B504


mem[X,0x8001641C] -> 0x0593
mem[X,0x8001641E] -> 0x0000
[2439] [M]: 0x8001641C (0x00000593) addi a1, zero, 0
x11 <- 0x00000000


mem[X,0x80016420] -> 0x0113
mem[X,0x80016422] -> 0x0000
[2440] [M]: 0x80016420 (0x00000113) addi sp, zero, 0
x2 <- 0x00000000


mem[X,0x80016424] -> 0x006F
mem[X,0x80016426] -> 0x2B10
[2441] [M]: 0x80016424 (0x2B10006F) jal zero, 2736


mem[X,0x80016ED4] -> 0x4A63
mem[X,0x80016ED6] -> 0xD4B5
[2442] [M]: 0x80016ED4 (0xD4B54A63) blt a0, a1, 5460


mem[X,0x80016ED8] -> 0x0113
mem[X,0x80016EDA] -> 0x0021
[2443] [M]: 0x80016ED8 (0x00210113) addi sp, sp, 2
x2 <- 0x00000002


mem[X,0x80016EDC] -> 0x006F
mem[X,0x80016EDE] -> 0x00C0
[2444] [M]: 0x80016EDC (0x00C0006F) jal zero, 12


mem[X,0x80016EE8] -> 0xAA23
mem[X,0x80016EEA] -> 0x3A20
[2445] [M]: 0x80016EE8 (0x3A20AA23) sw sp, 948(ra)
mem[0x8003861C] <- 0x00000002


mem[X,0x80016EEC] -> 0xB537
mem[X,0x80016EEE] -> 0x0000
[2446] [M]: 0x80016EEC (0x0000B537) lui a0, 11
x10 <- 0x0000B000


mem[X,0x80016EF0] -> 0x0513
mem[X,0x80016EF2] -> 0x5045
[2447] [M]: 0x80016EF0 (0x50450513) addi a0, a0, 1284
x10 <- 0x0000B504


mem[X,0x80016EF4] -> 0x0593
mem[X,0x80016EF6] -> 0x0040
[2448] [M]: 0x80016EF4 (0x00400593) addi a1, zero, 4
x11 <- 0x00000004


mem[X,0x80016EF8] -> 0x0113
mem[X,0x80016EFA] -> 0x0000
[2449] [M]: 0x80016EF8 (0x00000113) addi sp, zero, 0
x2 <- 0x00000000


mem[X,0x80016EFC] -> 0x006F
mem[X,0x80016EFE] -> 0x00C0
[2450] [M]: 0x80016EFC (0x00C0006F) jal zero, 12


mem[X,0x80016F08] -> 0x4663
mem[X,0x80016F0A] -> 0x00B5
[2451] [M]: 0x80016F08 (0x00B54663) blt a0, a1, 12


mem[X,0x80016F0C] -> 0x0113
mem[X,0x80016F0E] -> 0x0021
[2452] [M]: 0x80016F0C (0x00210113) addi sp, sp, 2
x2 <- 0x00000002


mem[X,0x80016F10] -> 0x006F
mem[X,0x80016F12] -> 0x00C0
[2453] [M]: 0x80016F10 (0x00C0006F) jal zero, 12


mem[X,0x80016F1C] -> 0xAC23
mem[X,0x80016F1E] -> 0x3A20
[2454] [M]: 0x80016F1C (0x3A20AC23) sw sp, 952(ra)
mem[0x80038620] <- 0x00000002


mem[X,0x80016F20] -> 0xB537
mem[X,0x80016F22] -> 0x0000
[2455] [M]: 0x80016F20 (0x0000B537) lui a0, 11
x10 <- 0x0000B000


mem[X,0x80016F24] -> 0x0513
mem[X,0x80016F26] -> 0x5045
[2456] [M]: 0x80016F24 (0x50450513) addi a0, a0, 1284
x10 <- 0x0000B504


mem[X,0x80016F28] -> 0x35B7
mem[X,0x80016F2A] -> 0x3333
[2457] [M]: 0x80016F28 (0x333335B7) lui a1, 209715
x11 <- 0x33333000


mem[X,0x80016F2C] -> 0x8593
mem[X,0x80016F2E] -> 0x3325
[2458] [M]: 0x80016F2C (0x33258593) addi a1, a1, 818
x11 <- 0x33333332


mem[X,0x80016F30] -> 0x0113
mem[X,0x80016F32] -> 0x0000
[2459] [M]: 0x80016F30 (0x00000113) addi sp, zero, 0
x2 <- 0x00000000


mem[X,0x80016F34] -> 0x006F
mem[X,0x80016F36] -> 0x0180
[2460] [M]: 0x80016F34 (0x0180006F) jal zero, 24


mem[X,0x80016F4C] -> 0x46E3
mem[X,0x80016F4E] -> 0xFEB5
[2461] [M]: 0x80016F4C (0xFEB546E3) blt a0, a1, 8172


mem[X,0x80016F38] -> 0x0113
mem[X,0x80016F3A] -> 0x0011
[2462] [M]: 0x80016F38 (0x00110113) addi sp, sp, 1
x2 <- 0x00000001


mem[X,0x80016F3C] -> 0x006F
mem[X,0x80016F3E] -> 0x0240
[2463] [M]: 0x80016F3C (0x0240006F) jal zero, 36


mem[X,0x80016F60] -> 0xAE23
mem[X,0x80016F62] -> 0x3A20
[2464] [M]: 0x80016F60 (0x3A20AE23) sw sp, 956(ra)
mem[0x80038624] <- 0x00000001


mem[X,0x80016F64] -> 0xB537
mem[X,0x80016F66] -> 0x0000
[2465] [M]: 0x80016F64 (0x0000B537) lui a0, 11
x10 <- 0x0000B000


mem[X,0x80016F68] -> 0x0513
mem[X,0x80016F6A] -> 0x5045
[2466] [M]: 0x80016F68 (0x50450513) addi a0, a0, 1284
x10 <- 0x0000B504


mem[X,0x80016F6C] -> 0x65B7
mem[X,0x80016F6E] -> 0x6666
[2467] [M]: 0x80016F6C (0x666665B7) lui a1, 419430
x11 <- 0x66666000


mem[X,0x80016F70] -> 0x8593
mem[X,0x80016F72] -> 0x6655
[2468] [M]: 0x80016F70 (0x66558593) addi a1, a1, 1637
x11 <- 0x66666665


mem[X,0x80016F74] -> 0x0113
mem[X,0x80016F76] -> 0x0000
[2469] [M]: 0x80016F74 (0x00000113) addi sp, zero, 0
x2 <- 0x00000000


mem[X,0x80016F78] -> 0x006F
mem[X,0x80016F7A] -> 0x00C0
[2470] [M]: 0x80016F78 (0x00C0006F) jal zero, 12


mem[X,0x80016F84] -> 0x4CE3
mem[X,0x80016F86] -> 0xFEB5
[2471] [M]: 0x80016F84 (0xFEB54CE3) blt a0, a1, 8184


mem[X,0x80016F7C] -> 0x0113
mem[X,0x80016F7E] -> 0x0011
[2472] [M]: 0x80016F7C (0x00110113) addi sp, sp, 1
x2 <- 0x00000001


mem[X,0x80016F80] -> 0x006F
mem[X,0x80016F82] -> 0x0180
[2473] [M]: 0x80016F80 (0x0180006F) jal zero, 24


mem[X,0x80016F98] -> 0xA023
mem[X,0x80016F9A] -> 0x3C20
[2474] [M]: 0x80016F98 (0x3C20A023) sw sp, 960(ra)
mem[0x80038628] <- 0x00000001


mem[X,0x80016F9C] -> 0xB537
mem[X,0x80016F9E] -> 0x0000
[2475] [M]: 0x80016F9C (0x0000B537) lui a0, 11
x10 <- 0x0000B000


mem[X,0x80016FA0] -> 0x0513
mem[X,0x80016FA2] -> 0x5045
[2476] [M]: 0x80016FA0 (0x50450513) addi a0, a0, 1284
x10 <- 0x0000B504


mem[X,0x80016FA4] -> 0xB5B7
mem[X,0x80016FA6] -> 0x0000
[2477] [M]: 0x80016FA4 (0x0000B5B7) lui a1, 11
x11 <- 0x0000B000


mem[X,0x80016FA8] -> 0x8593
mem[X,0x80016FAA] -> 0x5035
[2478] [M]: 0x80016FA8 (0x50358593) addi a1, a1, 1283
x11 <- 0x0000B503


mem[X,0x80016FAC] -> 0x0113
mem[X,0x80016FAE] -> 0x0000
[2479] [M]: 0x80016FAC (0x00000113) addi sp, zero, 0
x2 <- 0x00000000


mem[X,0x80016FB0] -> 0x006F
mem[X,0x80016FB2] -> 0x00C0
[2480] [M]: 0x80016FB0 (0x00C0006F) jal zero, 12


mem[X,0x80016FBC] -> 0x4063
mem[X,0x80016FBE] -> 0x02B5
[2481] [M]: 0x80016FBC (0x02B54063) blt a0, a1, 32


mem[X,0x80016FC0] -> 0x0113
mem[X,0x80016FC2] -> 0x0021
[2482] [M]: 0x80016FC0 (0x00210113) addi sp, sp, 2
x2 <- 0x00000002


mem[X,0x80016FC4] -> 0x006F
mem[X,0x80016FC6] -> 0x0200
[2483] [M]: 0x80016FC4 (0x0200006F) jal zero, 32


mem[X,0x80016FE4] -> 0xA223
mem[X,0x80016FE6] -> 0x3C20
[2484] [M]: 0x80016FE4 (0x3C20A223) sw sp, 964(ra)
mem[0x8003862C] <- 0x00000002


mem[X,0x80016FE8] -> 0xB537
mem[X,0x80016FEA] -> 0x0000
[2485] [M]: 0x80016FE8 (0x0000B537) lui a0, 11
x10 <- 0x0000B000


mem[X,0x80016FEC] -> 0x0513
mem[X,0x80016FEE] -> 0x5045
[2486] [M]: 0x80016FEC (0x50450513) addi a0, a0, 1284
x10 <- 0x0000B504


mem[X,0x80016FF0] -> 0x55B7
mem[X,0x80016FF2] -> 0x5555
[2487] [M]: 0x80016FF0 (0x555555B7) lui a1, 349525
x11 <- 0x55555000


mem[X,0x80016FF4] -> 0x8593
mem[X,0x80016FF6] -> 0x5565
[2488] [M]: 0x80016FF4 (0x55658593) addi a1, a1, 1366
x11 <- 0x55555556


mem[X,0x80016FF8] -> 0x0113
mem[X,0x80016FFA] -> 0x0000
[2489] [M]: 0x80016FF8 (0x00000113) addi sp, zero, 0
x2 <- 0x00000000


mem[X,0x80016FFC] -> 0x006F
mem[X,0x80016FFE] -> 0x0050
[2490] [M]: 0x80016FFC (0x0050006F) jal zero, 2052


mem[X,0x80017800] -> 0x40E3
mem[X,0x80017802] -> 0x80B5
[2491] [M]: 0x80017800 (0x80B540E3) blt a0, a1, 6144


mem[X,0x80017000] -> 0x0113
mem[X,0x80017002] -> 0x0011
[2492] [M]: 0x80017000 (0x00110113) addi sp, sp, 1
x2 <- 0x00000001


mem[X,0x80017004] -> 0x006F
mem[X,0x80017006] -> 0x0110
[2493] [M]: 0x80017004 (0x0110006F) jal zero, 2064


mem[X,0x80017814] -> 0xA423
mem[X,0x80017816] -> 0x3C20
[2494] [M]: 0x80017814 (0x3C20A423) sw sp, 968(ra)
mem[0x80038630] <- 0x00000001


mem[X,0x80017818] -> 0xB537
mem[X,0x8001781A] -> 0x0000
[2495] [M]: 0x80017818 (0x0000B537) lui a0, 11
x10 <- 0x0000B000


mem[X,0x8001781C] -> 0x0513
mem[X,0x8001781E] -> 0x5045
[2496] [M]: 0x8001781C (0x50450513) addi a0, a0, 1284
x10 <- 0x0000B504


mem[X,0x80017820] -> 0xB5B7
mem[X,0x80017822] -> 0xAAAA
[2497] [M]: 0x80017820 (0xAAAAB5B7) lui a1, 699051
x11 <- 0xAAAAB000


mem[X,0x80017824] -> 0x8593
mem[X,0x80017826] -> 0xAAB5
[2498] [M]: 0x80017824 (0xAAB58593) addi a1, a1, 2731
x11 <- 0xAAAAAAAB


mem[X,0x80017828] -> 0x0113
mem[X,0x8001782A] -> 0x0000
[2499] [M]: 0x80017828 (0x00000113) addi sp, zero, 0
x2 <- 0x00000000


clint::tick mtime <- 0x0000000000000019
 clint timer pending at mtime 0x0000000000000019
htif::tick 0x0000000000000000
mem[X,0x8001782C] -> 0x006F
mem[X,0x8001782E] -> 0x00C0
[2500] [M]: 0x8001782C (0x00C0006F) jal zero, 12


mem[X,0x80017838] -> 0x4063
mem[X,0x8001783A] -> 0x20B5
[2501] [M]: 0x80017838 (0x20B54063) blt a0, a1, 512


mem[X,0x8001783C] -> 0x0113
mem[X,0x8001783E] -> 0x0021
[2502] [M]: 0x8001783C (0x00210113) addi sp, sp, 2
x2 <- 0x00000002


mem[X,0x80017840] -> 0x006F
mem[X,0x80017842] -> 0x2000
[2503] [M]: 0x80017840 (0x2000006F) jal zero, 512


mem[X,0x80017A40] -> 0xA623
mem[X,0x80017A42] -> 0x3C20
[2504] [M]: 0x80017A40 (0x3C20A623) sw sp, 972(ra)
mem[0x80038634] <- 0x00000002


mem[X,0x80017A44] -> 0xB537
mem[X,0x80017A46] -> 0x0000
[2505] [M]: 0x80017A44 (0x0000B537) lui a0, 11
x10 <- 0x0000B000


mem[X,0x80017A48] -> 0x0513
mem[X,0x80017A4A] -> 0x5045
[2506] [M]: 0x80017A48 (0x50450513) addi a0, a0, 1284
x10 <- 0x0000B504


mem[X,0x80017A4C] -> 0x0593
mem[X,0x80017A4E] -> 0x0060
[2507] [M]: 0x80017A4C (0x00600593) addi a1, zero, 6
x11 <- 0x00000006


mem[X,0x80017A50] -> 0x0113
mem[X,0x80017A52] -> 0x0000
[2508] [M]: 0x80017A50 (0x00000113) addi sp, zero, 0
x2 <- 0x00000000


mem[X,0x80017A54] -> 0x006F
mem[X,0x80017A56] -> 0x00C0
[2509] [M]: 0x80017A54 (0x00C0006F) jal zero, 12


mem[X,0x80017A60] -> 0x4063
mem[X,0x80017A62] -> 0x04B5
[2510] [M]: 0x80017A60 (0x04B54063) blt a0, a1, 64


mem[X,0x80017A64] -> 0x0113
mem[X,0x80017A66] -> 0x0021
[2511] [M]: 0x80017A64 (0x00210113) addi sp, sp, 2
x2 <- 0x00000002


mem[X,0x80017A68] -> 0x006F
mem[X,0x80017A6A] -> 0x0400
[2512] [M]: 0x80017A68 (0x0400006F) jal zero, 64


mem[X,0x80017AA8] -> 0xA823
mem[X,0x80017AAA] -> 0x3C20
[2513] [M]: 0x80017AA8 (0x3C20A823) sw sp, 976(ra)
mem[0x80038638] <- 0x00000002


mem[X,0x80017AAC] -> 0xB537
mem[X,0x80017AAE] -> 0x0000
[2514] [M]: 0x80017AAC (0x0000B537) lui a0, 11
x10 <- 0x0000B000


mem[X,0x80017AB0] -> 0x0513
mem[X,0x80017AB2] -> 0x5045
[2515] [M]: 0x80017AB0 (0x50450513) addi a0, a0, 1284
x10 <- 0x0000B504


mem[X,0x80017AB4] -> 0x35B7
mem[X,0x80017AB6] -> 0x3333
[2516] [M]: 0x80017AB4 (0x333335B7) lui a1, 209715
x11 <- 0x33333000


mem[X,0x80017AB8] -> 0x8593
mem[X,0x80017ABA] -> 0x3345
[2517] [M]: 0x80017AB8 (0x33458593) addi a1, a1, 820
x11 <- 0x33333334


mem[X,0x80017ABC] -> 0x0113
mem[X,0x80017ABE] -> 0x0000
[2518] [M]: 0x80017ABC (0x00000113) addi sp, zero, 0
x2 <- 0x00000000


mem[X,0x80017AC0] -> 0x006F
mem[X,0x80017AC2] -> 0x00C0
[2519] [M]: 0x80017AC0 (0x00C0006F) jal zero, 12


mem[X,0x80017ACC] -> 0x4863
mem[X,0x80017ACE] -> 0x00B5
[2520] [M]: 0x80017ACC (0x00B54863) blt a0, a1, 16


mem[X,0x80017ADC] -> 0x0113
mem[X,0x80017ADE] -> 0x0031
[2521] [M]: 0x80017ADC (0x00310113) addi sp, sp, 3
x2 <- 0x00000003


mem[X,0x80017AE0] -> 0x006F
mem[X,0x80017AE2] -> 0x0040
[2522] [M]: 0x80017AE0 (0x0040006F) jal zero, 4


mem[X,0x80017AE4] -> 0xAA23
mem[X,0x80017AE6] -> 0x3C20
[2523] [M]: 0x80017AE4 (0x3C20AA23) sw sp, 980(ra)
mem[0x8003863C] <- 0x00000003


mem[X,0x80017AE8] -> 0xB537
mem[X,0x80017AEA] -> 0x0000
[2524] [M]: 0x80017AE8 (0x0000B537) lui a0, 11
x10 <- 0x0000B000


mem[X,0x80017AEC] -> 0x0513
mem[X,0x80017AEE] -> 0x5045
[2525] [M]: 0x80017AEC (0x50450513) addi a0, a0, 1284
x10 <- 0x0000B504


mem[X,0x80017AF0] -> 0x65B7
mem[X,0x80017AF2] -> 0x6666
[2526] [M]: 0x80017AF0 (0x666665B7) lui a1, 419430
x11 <- 0x66666000


mem[X,0x80017AF4] -> 0x8593
mem[X,0x80017AF6] -> 0x6675
[2527] [M]: 0x80017AF4 (0x66758593) addi a1, a1, 1639
x11 <- 0x66666667


mem[X,0x80017AF8] -> 0x0113
mem[X,0x80017AFA] -> 0x0000
[2528] [M]: 0x80017AF8 (0x00000113) addi sp, zero, 0
x2 <- 0x00000000


mem[X,0x80017AFC] -> 0x006F
mem[X,0x80017AFE] -> 0x00C0
[2529] [M]: 0x80017AFC (0x00C0006F) jal zero, 12


mem[X,0x80017B08] -> 0x4863
mem[X,0x80017B0A] -> 0x00B5
[2530] [M]: 0x80017B08 (0x00B54863) blt a0, a1, 16


mem[X,0x80017B18] -> 0x0113
mem[X,0x80017B1A] -> 0x0031
[2531] [M]: 0x80017B18 (0x00310113) addi sp, sp, 3
x2 <- 0x00000003


mem[X,0x80017B1C] -> 0x006F
mem[X,0x80017B1E] -> 0x0040
[2532] [M]: 0x80017B1C (0x0040006F) jal zero, 4


mem[X,0x80017B20] -> 0xAC23
mem[X,0x80017B22] -> 0x3C20
[2533] [M]: 0x80017B20 (0x3C20AC23) sw sp, 984(ra)
mem[0x80038640] <- 0x00000003


mem[X,0x80017B24] -> 0xB537
mem[X,0x80017B26] -> 0x0000
[2534] [M]: 0x80017B24 (0x0000B537) lui a0, 11
x10 <- 0x0000B000


mem[X,0x80017B28] -> 0x0513
mem[X,0x80017B2A] -> 0x5045
[2535] [M]: 0x80017B28 (0x50450513) addi a0, a0, 1284
x10 <- 0x0000B504


mem[X,0x80017B2C] -> 0x55B7
mem[X,0x80017B2E] -> 0xFFFF
[2536] [M]: 0x80017B2C (0xFFFF55B7) lui a1, 1048565
x11 <- 0xFFFF5000


mem[X,0x80017B30] -> 0x8593
mem[X,0x80017B32] -> 0xAFD5
[2537] [M]: 0x80017B30 (0xAFD58593) addi a1, a1, 2813
x11 <- 0xFFFF4AFD


mem[X,0x80017B34] -> 0x0113
mem[X,0x80017B36] -> 0x0000
[2538] [M]: 0x80017B34 (0x00000113) addi sp, zero, 0
x2 <- 0x00000000


mem[X,0x80017B38] -> 0x006F
mem[X,0x80017B3A] -> 0x0100
[2539] [M]: 0x80017B38 (0x0100006F) jal zero, 16


mem[X,0x80017B48] -> 0x4AE3
mem[X,0x80017B4A] -> 0xFEB5
[2540] [M]: 0x80017B48 (0xFEB54AE3) blt a0, a1, 8180


mem[X,0x80017B4C] -> 0x0113
mem[X,0x80017B4E] -> 0x0021
[2541] [M]: 0x80017B4C (0x00210113) addi sp, sp, 2
x2 <- 0x00000002


mem[X,0x80017B50] -> 0x006F
mem[X,0x80017B52] -> 0x00C0
[2542] [M]: 0x80017B50 (0x00C0006F) jal zero, 12


mem[X,0x80017B5C] -> 0xAE23
mem[X,0x80017B5E] -> 0x3C20
[2543] [M]: 0x80017B5C (0x3C20AE23) sw sp, 988(ra)
mem[0x80038644] <- 0x00000002


mem[X,0x80017B60] -> 0xB537
mem[X,0x80017B62] -> 0x0000
[2544] [M]: 0x80017B60 (0x0000B537) lui a0, 11
x10 <- 0x0000B000


mem[X,0x80017B64] -> 0x0513
mem[X,0x80017B66] -> 0x5045
[2545] [M]: 0x80017B64 (0x50450513) addi a0, a0, 1284
x10 <- 0x0000B504


mem[X,0x80017B68] -> 0xB5B7
mem[X,0x80017B6A] -> 0x0000
[2546] [M]: 0x80017B68 (0x0000B5B7) lui a1, 11
x11 <- 0x0000B000


mem[X,0x80017B6C] -> 0x8593
mem[X,0x80017B6E] -> 0x5055
[2547] [M]: 0x80017B6C (0x50558593) addi a1, a1, 1285
x11 <- 0x0000B505


mem[X,0x80017B70] -> 0x0113
mem[X,0x80017B72] -> 0x0000
[2548] [M]: 0x80017B70 (0x00000113) addi sp, zero, 0
x2 <- 0x00000000


mem[X,0x80017B74] -> 0x006F
mem[X,0x80017B76] -> 0x0180
[2549] [M]: 0x80017B74 (0x0180006F) jal zero, 24


mem[X,0x80017B8C] -> 0x46E3
mem[X,0x80017B8E] -> 0xFEB5
[2550] [M]: 0x80017B8C (0xFEB546E3) blt a0, a1, 8172


mem[X,0x80017B78] -> 0x0113
mem[X,0x80017B7A] -> 0x0011
[2551] [M]: 0x80017B78 (0x00110113) addi sp, sp, 1
x2 <- 0x00000001


mem[X,0x80017B7C] -> 0x006F
mem[X,0x80017B7E] -> 0x0240
[2552] [M]: 0x80017B7C (0x0240006F) jal zero, 36


mem[X,0x80017BA0] -> 0xA023
mem[X,0x80017BA2] -> 0x3E20
[2553] [M]: 0x80017BA0 (0x3E20A023) sw sp, 992(ra)
mem[0x80038648] <- 0x00000001


mem[X,0x80017BA4] -> 0x0513
mem[X,0x80017BA6] -> 0x0020
[2554] [M]: 0x80017BA4 (0x00200513) addi a0, zero, 2
x10 <- 0x00000002


mem[X,0x80017BA8] -> 0x0593
mem[X,0x80017BAA] -> 0x0030
[2555] [M]: 0x80017BA8 (0x00300593) addi a1, zero, 3
x11 <- 0x00000003


mem[X,0x80017BAC] -> 0x0113
mem[X,0x80017BAE] -> 0x0000
[2556] [M]: 0x80017BAC (0x00000113) addi sp, zero, 0
x2 <- 0x00000000


mem[X,0x80017BB0] -> 0x006F
mem[X,0x80017BB2] -> 0x0140
[2557] [M]: 0x80017BB0 (0x0140006F) jal zero, 20


mem[X,0x80017BC4] -> 0x48E3
mem[X,0x80017BC6] -> 0xFEB5
[2558] [M]: 0x80017BC4 (0xFEB548E3) blt a0, a1, 8176


mem[X,0x80017BB4] -> 0x0113
mem[X,0x80017BB6] -> 0x0011
[2559] [M]: 0x80017BB4 (0x00110113) addi sp, sp, 1
x2 <- 0x00000001


mem[X,0x80017BB8] -> 0x006F
mem[X,0x80017BBA] -> 0x0200
[2560] [M]: 0x80017BB8 (0x0200006F) jal zero, 32


mem[X,0x80017BD8] -> 0xA223
mem[X,0x80017BDA] -> 0x3E20
[2561] [M]: 0x80017BD8 (0x3E20A223) sw sp, 996(ra)
mem[0x8003864C] <- 0x00000001


mem[X,0x80017BDC] -> 0x0513
mem[X,0x80017BDE] -> 0x0020
[2562] [M]: 0x80017BDC (0x00200513) addi a0, zero, 2
x10 <- 0x00000002


mem[X,0x80017BE0] -> 0x55B7
mem[X,0x80017BE2] -> 0x5555
[2563] [M]: 0x80017BE0 (0x555555B7) lui a1, 349525
x11 <- 0x55555000


mem[X,0x80017BE4] -> 0x8593
mem[X,0x80017BE6] -> 0x5555
[2564] [M]: 0x80017BE4 (0x55558593) addi a1, a1, 1365
x11 <- 0x55555555


mem[X,0x80017BE8] -> 0x0113
mem[X,0x80017BEA] -> 0x0000
[2565] [M]: 0x80017BE8 (0x00000113) addi sp, zero, 0
x2 <- 0x00000000


mem[X,0x80017BEC] -> 0x006F
mem[X,0x80017BEE] -> 0x00C0
[2566] [M]: 0x80017BEC (0x00C0006F) jal zero, 12


mem[X,0x80017BF8] -> 0x4063
mem[X,0x80017BFA] -> 0x10B5
[2567] [M]: 0x80017BF8 (0x10B54063) blt a0, a1, 256


mem[X,0x80017CF8] -> 0x0113
mem[X,0x80017CFA] -> 0x0031
[2568] [M]: 0x80017CF8 (0x00310113) addi sp, sp, 3
x2 <- 0x00000003


mem[X,0x80017CFC] -> 0x006F
mem[X,0x80017CFE] -> 0x0040
[2569] [M]: 0x80017CFC (0x0040006F) jal zero, 4


mem[X,0x80017D00] -> 0xA423
mem[X,0x80017D02] -> 0x3E20
[2570] [M]: 0x80017D00 (0x3E20A423) sw sp, 1000(ra)
mem[0x80038650] <- 0x00000003


mem[X,0x80017D04] -> 0x0513
mem[X,0x80017D06] -> 0x0020
[2571] [M]: 0x80017D04 (0x00200513) addi a0, zero, 2
x10 <- 0x00000002


mem[X,0x80017D08] -> 0xB5B7
mem[X,0x80017D0A] -> 0xAAAA
[2572] [M]: 0x80017D08 (0xAAAAB5B7) lui a1, 699051
x11 <- 0xAAAAB000


mem[X,0x80017D0C] -> 0x8593
mem[X,0x80017D0E] -> 0xAAA5
[2573] [M]: 0x80017D0C (0xAAA58593) addi a1, a1, 2730
x11 <- 0xAAAAAAAA


mem[X,0x80017D10] -> 0x0113
mem[X,0x80017D12] -> 0x0000
[2574] [M]: 0x80017D10 (0x00000113) addi sp, zero, 0
x2 <- 0x00000000


mem[X,0x80017D14] -> 0x006F
mem[X,0x80017D16] -> 0x00C0
[2575] [M]: 0x80017D14 (0x00C0006F) jal zero, 12


mem[X,0x80017D20] -> 0x4863
mem[X,0x80017D22] -> 0x00B5
[2576] [M]: 0x80017D20 (0x00B54863) blt a0, a1, 16


mem[X,0x80017D24] -> 0x0113
mem[X,0x80017D26] -> 0x0021
[2577] [M]: 0x80017D24 (0x00210113) addi sp, sp, 2
x2 <- 0x00000002


mem[X,0x80017D28] -> 0x006F
mem[X,0x80017D2A] -> 0x0100
[2578] [M]: 0x80017D28 (0x0100006F) jal zero, 16


mem[X,0x80017D38] -> 0xA623
mem[X,0x80017D3A] -> 0x3E20
[2579] [M]: 0x80017D38 (0x3E20A623) sw sp, 1004(ra)
mem[0x80038654] <- 0x00000002


mem[X,0x80017D3C] -> 0x0513
mem[X,0x80017D3E] -> 0x0020
[2580] [M]: 0x80017D3C (0x00200513) addi a0, zero, 2
x10 <- 0x00000002


mem[X,0x80017D40] -> 0x0593
mem[X,0x80017D42] -> 0x0050
[2581] [M]: 0x80017D40 (0x00500593) addi a1, zero, 5
x11 <- 0x00000005


mem[X,0x80017D44] -> 0x0113
mem[X,0x80017D46] -> 0x0000
[2582] [M]: 0x80017D44 (0x00000113) addi sp, zero, 0
x2 <- 0x00000000


mem[X,0x80017D48] -> 0x006F
mem[X,0x80017D4A] -> 0x00C0
[2583] [M]: 0x80017D48 (0x00C0006F) jal zero, 12


mem[X,0x80017D54] -> 0x4063
mem[X,0x80017D56] -> 0x04B5
[2584] [M]: 0x80017D54 (0x04B54063) blt a0, a1, 64


mem[X,0x80017D94] -> 0x0113
mem[X,0x80017D96] -> 0x0031
[2585] [M]: 0x80017D94 (0x00310113) addi sp, sp, 3
x2 <- 0x00000003


mem[X,0x80017D98] -> 0x006F
mem[X,0x80017D9A] -> 0x0040
[2586] [M]: 0x80017D98 (0x0040006F) jal zero, 4


mem[X,0x80017D9C] -> 0xA823
mem[X,0x80017D9E] -> 0x3E20
[2587] [M]: 0x80017D9C (0x3E20A823) sw sp, 1008(ra)
mem[0x80038658] <- 0x00000003


mem[X,0x80017DA0] -> 0x0513
mem[X,0x80017DA2] -> 0x0020
[2588] [M]: 0x80017DA0 (0x00200513) addi a0, zero, 2
x10 <- 0x00000002


mem[X,0x80017DA4] -> 0x35B7
mem[X,0x80017DA6] -> 0x3333
[2589] [M]: 0x80017DA4 (0x333335B7) lui a1, 209715
x11 <- 0x33333000


mem[X,0x80017DA8] -> 0x8593
mem[X,0x80017DAA] -> 0x3335
[2590] [M]: 0x80017DA8 (0x33358593) addi a1, a1, 819
x11 <- 0x33333333


mem[X,0x80017DAC] -> 0x0113
mem[X,0x80017DAE] -> 0x0000
[2591] [M]: 0x80017DAC (0x00000113) addi sp, zero, 0
x2 <- 0x00000000


mem[X,0x80017DB0] -> 0x006F
mem[X,0x80017DB2] -> 0x00C0
[2592] [M]: 0x80017DB0 (0x00C0006F) jal zero, 12


mem[X,0x80017DBC] -> 0x4CE3
mem[X,0x80017DBE] -> 0xFEB5
[2593] [M]: 0x80017DBC (0xFEB54CE3) blt a0, a1, 8184


mem[X,0x80017DB4] -> 0x0113
mem[X,0x80017DB6] -> 0x0011
[2594] [M]: 0x80017DB4 (0x00110113) addi sp, sp, 1
x2 <- 0x00000001


mem[X,0x80017DB8] -> 0x006F
mem[X,0x80017DBA] -> 0x0180
[2595] [M]: 0x80017DB8 (0x0180006F) jal zero, 24


mem[X,0x80017DD0] -> 0xAA23
mem[X,0x80017DD2] -> 0x3E20
[2596] [M]: 0x80017DD0 (0x3E20AA23) sw sp, 1012(ra)
mem[0x8003865C] <- 0x00000001


mem[X,0x80017DD4] -> 0x0513
mem[X,0x80017DD6] -> 0x0020
[2597] [M]: 0x80017DD4 (0x00200513) addi a0, zero, 2
x10 <- 0x00000002


mem[X,0x80017DD8] -> 0x65B7
mem[X,0x80017DDA] -> 0x6666
[2598] [M]: 0x80017DD8 (0x666665B7) lui a1, 419430
x11 <- 0x66666000


mem[X,0x80017DDC] -> 0x8593
mem[X,0x80017DDE] -> 0x6665
[2599] [M]: 0x80017DDC (0x66658593) addi a1, a1, 1638
x11 <- 0x66666666


clint::tick mtime <- 0x000000000000001A
 clint timer pending at mtime 0x000000000000001A
htif::tick 0x0000000000000000
mem[X,0x80017DE0] -> 0x0113
mem[X,0x80017DE2] -> 0x0000
[2600] [M]: 0x80017DE0 (0x00000113) addi sp, zero, 0
x2 <- 0x00000000


mem[X,0x80017DE4] -> 0x006F
mem[X,0x80017DE6] -> 0x00C0
[2601] [M]: 0x80017DE4 (0x00C0006F) jal zero, 12


mem[X,0x80017DF0] -> 0x4CE3
mem[X,0x80017DF2] -> 0xFEB5
[2602] [M]: 0x80017DF0 (0xFEB54CE3) blt a0, a1, 8184


mem[X,0x80017DE8] -> 0x0113
mem[X,0x80017DEA] -> 0x0011
[2603] [M]: 0x80017DE8 (0x00110113) addi sp, sp, 1
x2 <- 0x00000001


mem[X,0x80017DEC] -> 0x006F
mem[X,0x80017DEE] -> 0x0180
[2604] [M]: 0x80017DEC (0x0180006F) jal zero, 24


mem[X,0x80017E04] -> 0xAC23
mem[X,0x80017E06] -> 0x3E20
[2605] [M]: 0x80017E04 (0x3E20AC23) sw sp, 1016(ra)
mem[0x80038660] <- 0x00000001


mem[X,0x80017E08] -> 0x0513
mem[X,0x80017E0A] -> 0x0020
[2606] [M]: 0x80017E08 (0x00200513) addi a0, zero, 2
x10 <- 0x00000002


mem[X,0x80017E0C] -> 0x55B7
mem[X,0x80017E0E] -> 0xFFFF
[2607] [M]: 0x80017E0C (0xFFFF55B7) lui a1, 1048565
x11 <- 0xFFFF5000


mem[X,0x80017E10] -> 0x8593
mem[X,0x80017E12] -> 0xAFC5
[2608] [M]: 0x80017E10 (0xAFC58593) addi a1, a1, 2812
x11 <- 0xFFFF4AFC


mem[X,0x80017E14] -> 0x0113
mem[X,0x80017E16] -> 0x0000
[2609] [M]: 0x80017E14 (0x00000113) addi sp, zero, 0
x2 <- 0x00000000


mem[X,0x80017E18] -> 0x006F
mem[X,0x80017E1A] -> 0x00C0
[2610] [M]: 0x80017E18 (0x00C0006F) jal zero, 12


mem[X,0x80017E24] -> 0x4663
mem[X,0x80017E26] -> 0x00B5
[2611] [M]: 0x80017E24 (0x00B54663) blt a0, a1, 12


mem[X,0x80017E28] -> 0x0113
mem[X,0x80017E2A] -> 0x0021
[2612] [M]: 0x80017E28 (0x00210113) addi sp, sp, 2
x2 <- 0x00000002


mem[X,0x80017E2C] -> 0x006F
mem[X,0x80017E2E] -> 0x00C0
[2613] [M]: 0x80017E2C (0x00C0006F) jal zero, 12


mem[X,0x80017E38] -> 0xAE23
mem[X,0x80017E3A] -> 0x3E20
[2614] [M]: 0x80017E38 (0x3E20AE23) sw sp, 1020(ra)
mem[0x80038664] <- 0x00000002


mem[X,0x80017E3C] -> 0x0513
mem[X,0x80017E3E] -> 0x0020
[2615] [M]: 0x80017E3C (0x00200513) addi a0, zero, 2
x10 <- 0x00000002


mem[X,0x80017E40] -> 0xB5B7
mem[X,0x80017E42] -> 0x0000
[2616] [M]: 0x80017E40 (0x0000B5B7) lui a1, 11
x11 <- 0x0000B000


mem[X,0x80017E44] -> 0x8593
mem[X,0x80017E46] -> 0x5045
[2617] [M]: 0x80017E44 (0x50458593) addi a1, a1, 1284
x11 <- 0x0000B504


mem[X,0x80017E48] -> 0x0113
mem[X,0x80017E4A] -> 0x0000
[2618] [M]: 0x80017E48 (0x00000113) addi sp, zero, 0
x2 <- 0x00000000


mem[X,0x80017E4C] -> 0x006F
mem[X,0x80017E4E] -> 0x00C0
[2619] [M]: 0x80017E4C (0x00C0006F) jal zero, 12


mem[X,0x80017E58] -> 0x4CE3
mem[X,0x80017E5A] -> 0xFEB5
[2620] [M]: 0x80017E58 (0xFEB54CE3) blt a0, a1, 8184


mem[X,0x80017E50] -> 0x0113
mem[X,0x80017E52] -> 0x0011
[2621] [M]: 0x80017E50 (0x00110113) addi sp, sp, 1
x2 <- 0x00000001


mem[X,0x80017E54] -> 0x006F
mem[X,0x80017E56] -> 0x0180
[2622] [M]: 0x80017E54 (0x0180006F) jal zero, 24


mem[X,0x80017E6C] -> 0xA023
mem[X,0x80017E6E] -> 0x4020
[2623] [M]: 0x80017E6C (0x4020A023) sw sp, 1024(ra)
mem[0x80038668] <- 0x00000001


mem[X,0x80017E70] -> 0x0513
mem[X,0x80017E72] -> 0x0020
[2624] [M]: 0x80017E70 (0x00200513) addi a0, zero, 2
x10 <- 0x00000002


mem[X,0x80017E74] -> 0x0593
mem[X,0x80017E76] -> 0x0020
[2625] [M]: 0x80017E74 (0x00200593) addi a1, zero, 2
x11 <- 0x00000002


mem[X,0x80017E78] -> 0x0113
mem[X,0x80017E7A] -> 0x0000
[2626] [M]: 0x80017E78 (0x00000113) addi sp, zero, 0
x2 <- 0x00000000


mem[X,0x80017E7C] -> 0x006F
mem[X,0x80017E7E] -> 0x0180
[2627] [M]: 0x80017E7C (0x0180006F) jal zero, 24


mem[X,0x80017E94] -> 0x46E3
mem[X,0x80017E96] -> 0xFEB5
[2628] [M]: 0x80017E94 (0xFEB546E3) blt a0, a1, 8172


mem[X,0x80017E98] -> 0x0113
mem[X,0x80017E9A] -> 0x0021
[2629] [M]: 0x80017E98 (0x00210113) addi sp, sp, 2
x2 <- 0x00000002


mem[X,0x80017E9C] -> 0x006F
mem[X,0x80017E9E] -> 0x00C0
[2630] [M]: 0x80017E9C (0x00C0006F) jal zero, 12


mem[X,0x80017EA8] -> 0xA223
mem[X,0x80017EAA] -> 0x4020
[2631] [M]: 0x80017EA8 (0x4020A223) sw sp, 1028(ra)
mem[0x8003866C] <- 0x00000002


mem[X,0x80017EAC] -> 0x0513
mem[X,0x80017EAE] -> 0x0020
[2632] [M]: 0x80017EAC (0x00200513) addi a0, zero, 2
x10 <- 0x00000002


mem[X,0x80017EB0] -> 0x55B7
mem[X,0x80017EB2] -> 0x5555
[2633] [M]: 0x80017EB0 (0x555555B7) lui a1, 349525
x11 <- 0x55555000


mem[X,0x80017EB4] -> 0x8593
mem[X,0x80017EB6] -> 0x5545
[2634] [M]: 0x80017EB4 (0x55458593) addi a1, a1, 1364
x11 <- 0x55555554


mem[X,0x80017EB8] -> 0x0113
mem[X,0x80017EBA] -> 0x0000
[2635] [M]: 0x80017EB8 (0x00000113) addi sp, zero, 0
x2 <- 0x00000000


mem[X,0x80017EBC] -> 0x006F
mem[X,0x80017EBE] -> 0x00C0
[2636] [M]: 0x80017EBC (0x00C0006F) jal zero, 12


mem[X,0x80017EC8] -> 0x4663
mem[X,0x80017ECA] -> 0x00B5
[2637] [M]: 0x80017EC8 (0x00B54663) blt a0, a1, 12


mem[X,0x80017ED4] -> 0x0113
mem[X,0x80017ED6] -> 0x0031
[2638] [M]: 0x80017ED4 (0x00310113) addi sp, sp, 3
x2 <- 0x00000003


mem[X,0x80017ED8] -> 0x006F
mem[X,0x80017EDA] -> 0x0040
[2639] [M]: 0x80017ED8 (0x0040006F) jal zero, 4


mem[X,0x80017EDC] -> 0xA423
mem[X,0x80017EDE] -> 0x4020
[2640] [M]: 0x80017EDC (0x4020A423) sw sp, 1032(ra)
mem[0x80038670] <- 0x00000003


mem[X,0x80017EE0] -> 0x0513
mem[X,0x80017EE2] -> 0x0020
[2641] [M]: 0x80017EE0 (0x00200513) addi a0, zero, 2
x10 <- 0x00000002


mem[X,0x80017EE4] -> 0x0593
mem[X,0x80017EE6] -> 0x0000
[2642] [M]: 0x80017EE4 (0x00000593) addi a1, zero, 0
x11 <- 0x00000000


mem[X,0x80017EE8] -> 0x0113
mem[X,0x80017EEA] -> 0x0000
[2643] [M]: 0x80017EE8 (0x00000113) addi sp, zero, 0
x2 <- 0x00000000


mem[X,0x80017EEC] -> 0x006F
mem[X,0x80017EEE] -> 0x00C0
[2644] [M]: 0x80017EEC (0x00C0006F) jal zero, 12


mem[X,0x80017EF8] -> 0x4663
mem[X,0x80017EFA] -> 0x00B5
[2645] [M]: 0x80017EF8 (0x00B54663) blt a0, a1, 12


mem[X,0x80017EFC] -> 0x0113
mem[X,0x80017EFE] -> 0x0021
[2646] [M]: 0x80017EFC (0x00210113) addi sp, sp, 2
x2 <- 0x00000002


mem[X,0x80017F00] -> 0x006F
mem[X,0x80017F02] -> 0x00C0
[2647] [M]: 0x80017F00 (0x00C0006F) jal zero, 12


mem[X,0x80017F0C] -> 0xA623
mem[X,0x80017F0E] -> 0x4020
[2648] [M]: 0x80017F0C (0x4020A623) sw sp, 1036(ra)
mem[0x80038674] <- 0x00000002


mem[X,0x80017F10] -> 0x0513
mem[X,0x80017F12] -> 0x0020
[2649] [M]: 0x80017F10 (0x00200513) addi a0, zero, 2
x10 <- 0x00000002


mem[X,0x80017F14] -> 0x0593
mem[X,0x80017F16] -> 0x0040
[2650] [M]: 0x80017F14 (0x00400593) addi a1, zero, 4
x11 <- 0x00000004


mem[X,0x80017F18] -> 0x0113
mem[X,0x80017F1A] -> 0x0000
[2651] [M]: 0x80017F18 (0x00000113) addi sp, zero, 0
x2 <- 0x00000000


mem[X,0x80017F1C] -> 0x006F
mem[X,0x80017F1E] -> 0x00C0
[2652] [M]: 0x80017F1C (0x00C0006F) jal zero, 12


mem[X,0x80017F28] -> 0x4CE3
mem[X,0x80017F2A] -> 0xFEB5
[2653] [M]: 0x80017F28 (0xFEB54CE3) blt a0, a1, 8184


mem[X,0x80017F20] -> 0x0113
mem[X,0x80017F22] -> 0x0011
[2654] [M]: 0x80017F20 (0x00110113) addi sp, sp, 1
x2 <- 0x00000001


mem[X,0x80017F24] -> 0x006F
mem[X,0x80017F26] -> 0x0180
[2655] [M]: 0x80017F24 (0x0180006F) jal zero, 24


mem[X,0x80017F3C] -> 0xA823
mem[X,0x80017F3E] -> 0x4020
[2656] [M]: 0x80017F3C (0x4020A823) sw sp, 1040(ra)
mem[0x80038678] <- 0x00000001


mem[X,0x80017F40] -> 0x0513
mem[X,0x80017F42] -> 0x0020
[2657] [M]: 0x80017F40 (0x00200513) addi a0, zero, 2
x10 <- 0x00000002


mem[X,0x80017F44] -> 0x35B7
mem[X,0x80017F46] -> 0x3333
[2658] [M]: 0x80017F44 (0x333335B7) lui a1, 209715
x11 <- 0x33333000


mem[X,0x80017F48] -> 0x8593
mem[X,0x80017F4A] -> 0x3325
[2659] [M]: 0x80017F48 (0x33258593) addi a1, a1, 818
x11 <- 0x33333332


mem[X,0x80017F4C] -> 0x0113
mem[X,0x80017F4E] -> 0x0000
[2660] [M]: 0x80017F4C (0x00000113) addi sp, zero, 0
x2 <- 0x00000000


mem[X,0x80017F50] -> 0x006F
mem[X,0x80017F52] -> 0x00C0
[2661] [M]: 0x80017F50 (0x00C0006F) jal zero, 12


mem[X,0x80017F5C] -> 0x4663
mem[X,0x80017F5E] -> 0x00B5
[2662] [M]: 0x80017F5C (0x00B54663) blt a0, a1, 12


mem[X,0x80017F68] -> 0x0113
mem[X,0x80017F6A] -> 0x0031
[2663] [M]: 0x80017F68 (0x00310113) addi sp, sp, 3
x2 <- 0x00000003


mem[X,0x80017F6C] -> 0x006F
mem[X,0x80017F6E] -> 0x0040
[2664] [M]: 0x80017F6C (0x0040006F) jal zero, 4


mem[X,0x80017F70] -> 0xAA23
mem[X,0x80017F72] -> 0x4020
[2665] [M]: 0x80017F70 (0x4020AA23) sw sp, 1044(ra)
mem[0x8003867C] <- 0x00000003


mem[X,0x80017F74] -> 0x0513
mem[X,0x80017F76] -> 0x0020
[2666] [M]: 0x80017F74 (0x00200513) addi a0, zero, 2
x10 <- 0x00000002


mem[X,0x80017F78] -> 0x65B7
mem[X,0x80017F7A] -> 0x6666
[2667] [M]: 0x80017F78 (0x666665B7) lui a1, 419430
x11 <- 0x66666000


mem[X,0x80017F7C] -> 0x8593
mem[X,0x80017F7E] -> 0x6655
[2668] [M]: 0x80017F7C (0x66558593) addi a1, a1, 1637
x11 <- 0x66666665


mem[X,0x80017F80] -> 0x0113
mem[X,0x80017F82] -> 0x0000
[2669] [M]: 0x80017F80 (0x00000113) addi sp, zero, 0
x2 <- 0x00000000


mem[X,0x80017F84] -> 0x006F
mem[X,0x80017F86] -> 0x2B10
[2670] [M]: 0x80017F84 (0x2B10006F) jal zero, 2736


mem[X,0x80018A34] -> 0x4A63
mem[X,0x80018A36] -> 0xD4B5
[2671] [M]: 0x80018A34 (0xD4B54A63) blt a0, a1, 5460


mem[X,0x80017F88] -> 0x0113
mem[X,0x80017F8A] -> 0x0011
[2672] [M]: 0x80017F88 (0x00110113) addi sp, sp, 1
x2 <- 0x00000001


mem[X,0x80017F8C] -> 0x006F
mem[X,0x80017F8E] -> 0x2BD0
[2673] [M]: 0x80017F8C (0x2BD0006F) jal zero, 2748


mem[X,0x80018A48] -> 0xAC23
mem[X,0x80018A4A] -> 0x4020
[2674] [M]: 0x80018A48 (0x4020AC23) sw sp, 1048(ra)
mem[0x80038680] <- 0x00000001


mem[X,0x80018A4C] -> 0x0513
mem[X,0x80018A4E] -> 0x0020
[2675] [M]: 0x80018A4C (0x00200513) addi a0, zero, 2
x10 <- 0x00000002


mem[X,0x80018A50] -> 0xB5B7
mem[X,0x80018A52] -> 0x0000
[2676] [M]: 0x80018A50 (0x0000B5B7) lui a1, 11
x11 <- 0x0000B000


mem[X,0x80018A54] -> 0x8593
mem[X,0x80018A56] -> 0x5035
[2677] [M]: 0x80018A54 (0x50358593) addi a1, a1, 1283
x11 <- 0x0000B503


mem[X,0x80018A58] -> 0x0113
mem[X,0x80018A5A] -> 0x0000
[2678] [M]: 0x80018A58 (0x00000113) addi sp, zero, 0
x2 <- 0x00000000


mem[X,0x80018A5C] -> 0x006F
mem[X,0x80018A5E] -> 0x00C0
[2679] [M]: 0x80018A5C (0x00C0006F) jal zero, 12


mem[X,0x80018A68] -> 0x4663
mem[X,0x80018A6A] -> 0x00B5
[2680] [M]: 0x80018A68 (0x00B54663) blt a0, a1, 12


mem[X,0x80018A74] -> 0x0113
mem[X,0x80018A76] -> 0x0031
[2681] [M]: 0x80018A74 (0x00310113) addi sp, sp, 3
x2 <- 0x00000003


mem[X,0x80018A78] -> 0x006F
mem[X,0x80018A7A] -> 0x0040
[2682] [M]: 0x80018A78 (0x0040006F) jal zero, 4


mem[X,0x80018A7C] -> 0xAE23
mem[X,0x80018A7E] -> 0x4020
[2683] [M]: 0x80018A7C (0x4020AE23) sw sp, 1052(ra)
mem[0x80038684] <- 0x00000003


mem[X,0x80018A80] -> 0x0513
mem[X,0x80018A82] -> 0x0020
[2684] [M]: 0x80018A80 (0x00200513) addi a0, zero, 2
x10 <- 0x00000002


mem[X,0x80018A84] -> 0x55B7
mem[X,0x80018A86] -> 0x5555
[2685] [M]: 0x80018A84 (0x555555B7) lui a1, 349525
x11 <- 0x55555000


mem[X,0x80018A88] -> 0x8593
mem[X,0x80018A8A] -> 0x5565
[2686] [M]: 0x80018A88 (0x55658593) addi a1, a1, 1366
x11 <- 0x55555556


mem[X,0x80018A8C] -> 0x0113
mem[X,0x80018A8E] -> 0x0000
[2687] [M]: 0x80018A8C (0x00000113) addi sp, zero, 0
x2 <- 0x00000000


mem[X,0x80018A90] -> 0x006F
mem[X,0x80018A92] -> 0x00C0
[2688] [M]: 0x80018A90 (0x00C0006F) jal zero, 12


mem[X,0x80018A9C] -> 0x4863
mem[X,0x80018A9E] -> 0x00B5
[2689] [M]: 0x80018A9C (0x00B54863) blt a0, a1, 16


mem[X,0x80018AAC] -> 0x0113
mem[X,0x80018AAE] -> 0x0031
[2690] [M]: 0x80018AAC (0x00310113) addi sp, sp, 3
x2 <- 0x00000003


mem[X,0x80018AB0] -> 0x006F
mem[X,0x80018AB2] -> 0x0040
[2691] [M]: 0x80018AB0 (0x0040006F) jal zero, 4


mem[X,0x80018AB4] -> 0xA023
mem[X,0x80018AB6] -> 0x4220
[2692] [M]: 0x80018AB4 (0x4220A023) sw sp, 1056(ra)
mem[0x80038688] <- 0x00000003


mem[X,0x80018AB8] -> 0x0513
mem[X,0x80018ABA] -> 0x0020
[2693] [M]: 0x80018AB8 (0x00200513) addi a0, zero, 2
x10 <- 0x00000002


mem[X,0x80018ABC] -> 0xB5B7
mem[X,0x80018ABE] -> 0xAAAA
[2694] [M]: 0x80018ABC (0xAAAAB5B7) lui a1, 699051
x11 <- 0xAAAAB000


mem[X,0x80018AC0] -> 0x8593
mem[X,0x80018AC2] -> 0xAAB5
[2695] [M]: 0x80018AC0 (0xAAB58593) addi a1, a1, 2731
x11 <- 0xAAAAAAAB


mem[X,0x80018AC4] -> 0x0113
mem[X,0x80018AC6] -> 0x0000
[2696] [M]: 0x80018AC4 (0x00000113) addi sp, zero, 0
x2 <- 0x00000000


mem[X,0x80018AC8] -> 0x006F
mem[X,0x80018ACA] -> 0x00C0
[2697] [M]: 0x80018AC8 (0x00C0006F) jal zero, 12


mem[X,0x80018AD4] -> 0x4063
mem[X,0x80018AD6] -> 0x04B5
[2698] [M]: 0x80018AD4 (0x04B54063) blt a0, a1, 64


mem[X,0x80018AD8] -> 0x0113
mem[X,0x80018ADA] -> 0x0021
[2699] [M]: 0x80018AD8 (0x00210113) addi sp, sp, 2
x2 <- 0x00000002


clint::tick mtime <- 0x000000000000001B
 clint timer pending at mtime 0x000000000000001B
htif::tick 0x0000000000000000
mem[X,0x80018ADC] -> 0x006F
mem[X,0x80018ADE] -> 0x0400
[2700] [M]: 0x80018ADC (0x0400006F) jal zero, 64


mem[X,0x80018B1C] -> 0xA223
mem[X,0x80018B1E] -> 0x4220
[2701] [M]: 0x80018B1C (0x4220A223) sw sp, 1060(ra)
mem[0x8003868C] <- 0x00000002


mem[X,0x80018B20] -> 0x0513
mem[X,0x80018B22] -> 0x0020
[2702] [M]: 0x80018B20 (0x00200513) addi a0, zero, 2
x10 <- 0x00000002


mem[X,0x80018B24] -> 0x0593
mem[X,0x80018B26] -> 0x0060
[2703] [M]: 0x80018B24 (0x00600593) addi a1, zero, 6
x11 <- 0x00000006


mem[X,0x80018B28] -> 0x0113
mem[X,0x80018B2A] -> 0x0000
[2704] [M]: 0x80018B28 (0x00000113) addi sp, zero, 0
x2 <- 0x00000000


mem[X,0x80018B2C] -> 0x006F
mem[X,0x80018B2E] -> 0x00C0
[2705] [M]: 0x80018B2C (0x00C0006F) jal zero, 12


mem[X,0x80018B38] -> 0x4063
mem[X,0x80018B3A] -> 0x08B5
[2706] [M]: 0x80018B38 (0x08B54063) blt a0, a1, 128


mem[X,0x80018BB8] -> 0x0113
mem[X,0x80018BBA] -> 0x0031
[2707] [M]: 0x80018BB8 (0x00310113) addi sp, sp, 3
x2 <- 0x00000003


mem[X,0x80018BBC] -> 0x006F
mem[X,0x80018BBE] -> 0x0040
[2708] [M]: 0x80018BBC (0x0040006F) jal zero, 4


mem[X,0x80018BC0] -> 0xA423
mem[X,0x80018BC2] -> 0x4220
[2709] [M]: 0x80018BC0 (0x4220A423) sw sp, 1064(ra)
mem[0x80038690] <- 0x00000003


mem[X,0x80018BC4] -> 0x0513
mem[X,0x80018BC6] -> 0x0020
[2710] [M]: 0x80018BC4 (0x00200513) addi a0, zero, 2
x10 <- 0x00000002


mem[X,0x80018BC8] -> 0x35B7
mem[X,0x80018BCA] -> 0x3333
[2711] [M]: 0x80018BC8 (0x333335B7) lui a1, 209715
x11 <- 0x33333000


mem[X,0x80018BCC] -> 0x8593
mem[X,0x80018BCE] -> 0x3345
[2712] [M]: 0x80018BCC (0x33458593) addi a1, a1, 820
x11 <- 0x33333334


mem[X,0x80018BD0] -> 0x0113
mem[X,0x80018BD2] -> 0x0000
[2713] [M]: 0x80018BD0 (0x00000113) addi sp, zero, 0
x2 <- 0x00000000


mem[X,0x80018BD4] -> 0x006F
mem[X,0x80018BD6] -> 0x00C0
[2714] [M]: 0x80018BD4 (0x00C0006F) jal zero, 12


mem[X,0x80018BE0] -> 0x4663
mem[X,0x80018BE2] -> 0x00B5
[2715] [M]: 0x80018BE0 (0x00B54663) blt a0, a1, 12


mem[X,0x80018BEC] -> 0x0113
mem[X,0x80018BEE] -> 0x0031
[2716] [M]: 0x80018BEC (0x00310113) addi sp, sp, 3
x2 <- 0x00000003


mem[X,0x80018BF0] -> 0x006F
mem[X,0x80018BF2] -> 0x0040
[2717] [M]: 0x80018BF0 (0x0040006F) jal zero, 4


mem[X,0x80018BF4] -> 0xA623
mem[X,0x80018BF6] -> 0x4220
[2718] [M]: 0x80018BF4 (0x4220A623) sw sp, 1068(ra)
mem[0x80038694] <- 0x00000003


mem[X,0x80018BF8] -> 0x0513
mem[X,0x80018BFA] -> 0x0020
[2719] [M]: 0x80018BF8 (0x00200513) addi a0, zero, 2
x10 <- 0x00000002


mem[X,0x80018BFC] -> 0x65B7
mem[X,0x80018BFE] -> 0x6666
[2720] [M]: 0x80018BFC (0x666665B7) lui a1, 419430
x11 <- 0x66666000


mem[X,0x80018C00] -> 0x8593
mem[X,0x80018C02] -> 0x6675
[2721] [M]: 0x80018C00 (0x66758593) addi a1, a1, 1639
x11 <- 0x66666667


mem[X,0x80018C04] -> 0x0113
mem[X,0x80018C06] -> 0x0000
[2722] [M]: 0x80018C04 (0x00000113) addi sp, zero, 0
x2 <- 0x00000000


mem[X,0x80018C08] -> 0x006F
mem[X,0x80018C0A] -> 0x0180
[2723] [M]: 0x80018C08 (0x0180006F) jal zero, 24


mem[X,0x80018C20] -> 0x46E3
mem[X,0x80018C22] -> 0xFEB5
[2724] [M]: 0x80018C20 (0xFEB546E3) blt a0, a1, 8172


mem[X,0x80018C0C] -> 0x0113
mem[X,0x80018C0E] -> 0x0011
[2725] [M]: 0x80018C0C (0x00110113) addi sp, sp, 1
x2 <- 0x00000001


mem[X,0x80018C10] -> 0x006F
mem[X,0x80018C12] -> 0x0240
[2726] [M]: 0x80018C10 (0x0240006F) jal zero, 36


mem[X,0x80018C34] -> 0xA823
mem[X,0x80018C36] -> 0x4220
[2727] [M]: 0x80018C34 (0x4220A823) sw sp, 1072(ra)
mem[0x80038698] <- 0x00000001


mem[X,0x80018C38] -> 0x0513
mem[X,0x80018C3A] -> 0x0020
[2728] [M]: 0x80018C38 (0x00200513) addi a0, zero, 2
x10 <- 0x00000002


mem[X,0x80018C3C] -> 0x55B7
mem[X,0x80018C3E] -> 0xFFFF
[2729] [M]: 0x80018C3C (0xFFFF55B7) lui a1, 1048565
x11 <- 0xFFFF5000


mem[X,0x80018C40] -> 0x8593
mem[X,0x80018C42] -> 0xAFD5
[2730] [M]: 0x80018C40 (0xAFD58593) addi a1, a1, 2813
x11 <- 0xFFFF4AFD


mem[X,0x80018C44] -> 0x0113
mem[X,0x80018C46] -> 0x0000
[2731] [M]: 0x80018C44 (0x00000113) addi sp, zero, 0
x2 <- 0x00000000


mem[X,0x80018C48] -> 0x006F
mem[X,0x80018C4A] -> 0x00C0
[2732] [M]: 0x80018C48 (0x00C0006F) jal zero, 12


mem[X,0x80018C54] -> 0x4063
mem[X,0x80018C56] -> 0x02B5
[2733] [M]: 0x80018C54 (0x02B54063) blt a0, a1, 32


mem[X,0x80018C58] -> 0x0113
mem[X,0x80018C5A] -> 0x0021
[2734] [M]: 0x80018C58 (0x00210113) addi sp, sp, 2
x2 <- 0x00000002


mem[X,0x80018C5C] -> 0x006F
mem[X,0x80018C5E] -> 0x0200
[2735] [M]: 0x80018C5C (0x0200006F) jal zero, 32


mem[X,0x80018C7C] -> 0xAA23
mem[X,0x80018C7E] -> 0x4220
[2736] [M]: 0x80018C7C (0x4220AA23) sw sp, 1076(ra)
mem[0x8003869C] <- 0x00000002


mem[X,0x80018C80] -> 0x0513
mem[X,0x80018C82] -> 0x0020
[2737] [M]: 0x80018C80 (0x00200513) addi a0, zero, 2
x10 <- 0x00000002


mem[X,0x80018C84] -> 0xB5B7
mem[X,0x80018C86] -> 0x0000
[2738] [M]: 0x80018C84 (0x0000B5B7) lui a1, 11
x11 <- 0x0000B000


mem[X,0x80018C88] -> 0x8593
mem[X,0x80018C8A] -> 0x5055
[2739] [M]: 0x80018C88 (0x50558593) addi a1, a1, 1285
x11 <- 0x0000B505


mem[X,0x80018C8C] -> 0x0113
mem[X,0x80018C8E] -> 0x0000
[2740] [M]: 0x80018C8C (0x00000113) addi sp, zero, 0
x2 <- 0x00000000


mem[X,0x80018C90] -> 0x006F
mem[X,0x80018C92] -> 0x00C0
[2741] [M]: 0x80018C90 (0x00C0006F) jal zero, 12


mem[X,0x80018C9C] -> 0x4063
mem[X,0x80018C9E] -> 0x20B5
[2742] [M]: 0x80018C9C (0x20B54063) blt a0, a1, 512


mem[X,0x80018E9C] -> 0x0113
mem[X,0x80018E9E] -> 0x0031
[2743] [M]: 0x80018E9C (0x00310113) addi sp, sp, 3
x2 <- 0x00000003


mem[X,0x80018EA0] -> 0x006F
mem[X,0x80018EA2] -> 0x0040
[2744] [M]: 0x80018EA0 (0x0040006F) jal zero, 4


mem[X,0x80018EA4] -> 0xAC23
mem[X,0x80018EA6] -> 0x4220
[2745] [M]: 0x80018EA4 (0x4220AC23) sw sp, 1080(ra)
mem[0x800386A0] <- 0x00000003


mem[X,0x80018EA8] -> 0x5537
mem[X,0x80018EAA] -> 0x5555
[2746] [M]: 0x80018EA8 (0x55555537) lui a0, 349525
x10 <- 0x55555000


mem[X,0x80018EAC] -> 0x0513
mem[X,0x80018EAE] -> 0x5545
[2747] [M]: 0x80018EAC (0x55450513) addi a0, a0, 1364
x10 <- 0x55555554


mem[X,0x80018EB0] -> 0x0593
mem[X,0x80018EB2] -> 0x0030
[2748] [M]: 0x80018EB0 (0x00300593) addi a1, zero, 3
x11 <- 0x00000003


mem[X,0x80018EB4] -> 0x0113
mem[X,0x80018EB6] -> 0x0000
[2749] [M]: 0x80018EB4 (0x00000113) addi sp, zero, 0
x2 <- 0x00000000


mem[X,0x80018EB8] -> 0x006F
mem[X,0x80018EBA] -> 0x00C0
[2750] [M]: 0x80018EB8 (0x00C0006F) jal zero, 12


mem[X,0x80018EC4] -> 0x4063
mem[X,0x80018EC6] -> 0x20B5
[2751] [M]: 0x80018EC4 (0x20B54063) blt a0, a1, 512


mem[X,0x80018EC8] -> 0x0113
mem[X,0x80018ECA] -> 0x0021
[2752] [M]: 0x80018EC8 (0x00210113) addi sp, sp, 2
x2 <- 0x00000002


mem[X,0x80018ECC] -> 0x006F
mem[X,0x80018ECE] -> 0x2000
[2753] [M]: 0x80018ECC (0x2000006F) jal zero, 512


mem[X,0x800190CC] -> 0xAE23
mem[X,0x800190CE] -> 0x4220
[2754] [M]: 0x800190CC (0x4220AE23) sw sp, 1084(ra)
mem[0x800386A4] <- 0x00000002


mem[X,0x800190D0] -> 0x5537
mem[X,0x800190D2] -> 0x5555
[2755] [M]: 0x800190D0 (0x55555537) lui a0, 349525
x10 <- 0x55555000


mem[X,0x800190D4] -> 0x0513
mem[X,0x800190D6] -> 0x5545
[2756] [M]: 0x800190D4 (0x55450513) addi a0, a0, 1364
x10 <- 0x55555554


mem[X,0x800190D8] -> 0x55B7
mem[X,0x800190DA] -> 0x5555
[2757] [M]: 0x800190D8 (0x555555B7) lui a1, 349525
x11 <- 0x55555000


mem[X,0x800190DC] -> 0x8593
mem[X,0x800190DE] -> 0x5555
[2758] [M]: 0x800190DC (0x55558593) addi a1, a1, 1365
x11 <- 0x55555555


mem[X,0x800190E0] -> 0x0113
mem[X,0x800190E2] -> 0x0000
[2759] [M]: 0x800190E0 (0x00000113) addi sp, zero, 0
x2 <- 0x00000000


mem[X,0x800190E4] -> 0x006F
mem[X,0x800190E6] -> 0x0140
[2760] [M]: 0x800190E4 (0x0140006F) jal zero, 20


mem[X,0x800190F8] -> 0x48E3
mem[X,0x800190FA] -> 0xFEB5
[2761] [M]: 0x800190F8 (0xFEB548E3) blt a0, a1, 8176


mem[X,0x800190E8] -> 0x0113
mem[X,0x800190EA] -> 0x0011
[2762] [M]: 0x800190E8 (0x00110113) addi sp, sp, 1
x2 <- 0x00000001


mem[X,0x800190EC] -> 0x006F
mem[X,0x800190EE] -> 0x0200
[2763] [M]: 0x800190EC (0x0200006F) jal zero, 32


mem[X,0x8001910C] -> 0xA023
mem[X,0x8001910E] -> 0x4420
[2764] [M]: 0x8001910C (0x4420A023) sw sp, 1088(ra)
mem[0x800386A8] <- 0x00000001


mem[X,0x80019110] -> 0x5537
mem[X,0x80019112] -> 0x5555
[2765] [M]: 0x80019110 (0x55555537) lui a0, 349525
x10 <- 0x55555000


mem[X,0x80019114] -> 0x0513
mem[X,0x80019116] -> 0x5545
[2766] [M]: 0x80019114 (0x55450513) addi a0, a0, 1364
x10 <- 0x55555554


mem[X,0x80019118] -> 0xB5B7
mem[X,0x8001911A] -> 0xAAAA
[2767] [M]: 0x80019118 (0xAAAAB5B7) lui a1, 699051
x11 <- 0xAAAAB000


mem[X,0x8001911C] -> 0x8593
mem[X,0x8001911E] -> 0xAAA5
[2768] [M]: 0x8001911C (0xAAA58593) addi a1, a1, 2730
x11 <- 0xAAAAAAAA


mem[X,0x80019120] -> 0x0113
mem[X,0x80019122] -> 0x0000
[2769] [M]: 0x80019120 (0x00000113) addi sp, zero, 0
x2 <- 0x00000000


mem[X,0x80019124] -> 0x006F
mem[X,0x80019126] -> 0x00C0
[2770] [M]: 0x80019124 (0x00C0006F) jal zero, 12


mem[X,0x80019130] -> 0x4063
mem[X,0x80019132] -> 0x04B5
[2771] [M]: 0x80019130 (0x04B54063) blt a0, a1, 64


mem[X,0x80019134] -> 0x0113
mem[X,0x80019136] -> 0x0021
[2772] [M]: 0x80019134 (0x00210113) addi sp, sp, 2
x2 <- 0x00000002


mem[X,0x80019138] -> 0x006F
mem[X,0x8001913A] -> 0x0400
[2773] [M]: 0x80019138 (0x0400006F) jal zero, 64


mem[X,0x80019178] -> 0xA223
mem[X,0x8001917A] -> 0x4420
[2774] [M]: 0x80019178 (0x4420A223) sw sp, 1092(ra)
mem[0x800386AC] <- 0x00000002


mem[X,0x8001917C] -> 0x5537
mem[X,0x8001917E] -> 0x5555
[2775] [M]: 0x8001917C (0x55555537) lui a0, 349525
x10 <- 0x55555000


mem[X,0x80019180] -> 0x0513
mem[X,0x80019182] -> 0x5545
[2776] [M]: 0x80019180 (0x55450513) addi a0, a0, 1364
x10 <- 0x55555554


mem[X,0x80019184] -> 0x0593
mem[X,0x80019186] -> 0x0050
[2777] [M]: 0x80019184 (0x00500593) addi a1, zero, 5
x11 <- 0x00000005


mem[X,0x80019188] -> 0x0113
mem[X,0x8001918A] -> 0x0000
[2778] [M]: 0x80019188 (0x00000113) addi sp, zero, 0
x2 <- 0x00000000


mem[X,0x8001918C] -> 0x006F
mem[X,0x8001918E] -> 0x00C0
[2779] [M]: 0x8001918C (0x00C0006F) jal zero, 12


mem[X,0x80019198] -> 0x4063
mem[X,0x8001919A] -> 0x08B5
[2780] [M]: 0x80019198 (0x08B54063) blt a0, a1, 128


mem[X,0x8001919C] -> 0x0113
mem[X,0x8001919E] -> 0x0021
[2781] [M]: 0x8001919C (0x00210113) addi sp, sp, 2
x2 <- 0x00000002


mem[X,0x800191A0] -> 0x006F
mem[X,0x800191A2] -> 0x0800
[2782] [M]: 0x800191A0 (0x0800006F) jal zero, 128


mem[X,0x80019220] -> 0xA423
mem[X,0x80019222] -> 0x4420
[2783] [M]: 0x80019220 (0x4420A423) sw sp, 1096(ra)
mem[0x800386B0] <- 0x00000002


mem[X,0x80019224] -> 0x5537
mem[X,0x80019226] -> 0x5555
[2784] [M]: 0x80019224 (0x55555537) lui a0, 349525
x10 <- 0x55555000


mem[X,0x80019228] -> 0x0513
mem[X,0x8001922A] -> 0x5545
[2785] [M]: 0x80019228 (0x55450513) addi a0, a0, 1364
x10 <- 0x55555554


mem[X,0x8001922C] -> 0x35B7
mem[X,0x8001922E] -> 0x3333
[2786] [M]: 0x8001922C (0x333335B7) lui a1, 209715
x11 <- 0x33333000


mem[X,0x80019230] -> 0x8593
mem[X,0x80019232] -> 0x3335
[2787] [M]: 0x80019230 (0x33358593) addi a1, a1, 819
x11 <- 0x33333333


mem[X,0x80019234] -> 0x0113
mem[X,0x80019236] -> 0x0000
[2788] [M]: 0x80019234 (0x00000113) addi sp, zero, 0
x2 <- 0x00000000


mem[X,0x80019238] -> 0x006F
mem[X,0x8001923A] -> 0x2B10
[2789] [M]: 0x80019238 (0x2B10006F) jal zero, 2736


mem[X,0x80019CE8] -> 0x4A63
mem[X,0x80019CEA] -> 0xD4B5
[2790] [M]: 0x80019CE8 (0xD4B54A63) blt a0, a1, 5460


mem[X,0x80019CEC] -> 0x0113
mem[X,0x80019CEE] -> 0x0021
[2791] [M]: 0x80019CEC (0x00210113) addi sp, sp, 2
x2 <- 0x00000002


mem[X,0x80019CF0] -> 0x006F
mem[X,0x80019CF2] -> 0x00C0
[2792] [M]: 0x80019CF0 (0x00C0006F) jal zero, 12


mem[X,0x80019CFC] -> 0xA623
mem[X,0x80019CFE] -> 0x4420
[2793] [M]: 0x80019CFC (0x4420A623) sw sp, 1100(ra)
mem[0x800386B4] <- 0x00000002


mem[X,0x80019D00] -> 0x5537
mem[X,0x80019D02] -> 0x5555
[2794] [M]: 0x80019D00 (0x55555537) lui a0, 349525
x10 <- 0x55555000


mem[X,0x80019D04] -> 0x0513
mem[X,0x80019D06] -> 0x5545
[2795] [M]: 0x80019D04 (0x55450513) addi a0, a0, 1364
x10 <- 0x55555554


mem[X,0x80019D08] -> 0x65B7
mem[X,0x80019D0A] -> 0x6666
[2796] [M]: 0x80019D08 (0x666665B7) lui a1, 419430
x11 <- 0x66666000


mem[X,0x80019D0C] -> 0x8593
mem[X,0x80019D0E] -> 0x6665
[2797] [M]: 0x80019D0C (0x66658593) addi a1, a1, 1638
x11 <- 0x66666666


mem[X,0x80019D10] -> 0x0113
mem[X,0x80019D12] -> 0x0000
[2798] [M]: 0x80019D10 (0x00000113) addi sp, zero, 0
x2 <- 0x00000000


mem[X,0x80019D14] -> 0x006F
mem[X,0x80019D16] -> 0x00C0
[2799] [M]: 0x80019D14 (0x00C0006F) jal zero, 12


clint::tick mtime <- 0x000000000000001C
 clint timer pending at mtime 0x000000000000001C
htif::tick 0x0000000000000000
mem[X,0x80019D20] -> 0x4863
mem[X,0x80019D22] -> 0x00B5
[2800] [M]: 0x80019D20 (0x00B54863) blt a0, a1, 16


mem[X,0x80019D30] -> 0x0113
mem[X,0x80019D32] -> 0x0031
[2801] [M]: 0x80019D30 (0x00310113) addi sp, sp, 3
x2 <- 0x00000003


mem[X,0x80019D34] -> 0x006F
mem[X,0x80019D36] -> 0x0040
[2802] [M]: 0x80019D34 (0x0040006F) jal zero, 4


mem[X,0x80019D38] -> 0xA823
mem[X,0x80019D3A] -> 0x4420
[2803] [M]: 0x80019D38 (0x4420A823) sw sp, 1104(ra)
mem[0x800386B8] <- 0x00000003


mem[X,0x80019D3C] -> 0x5537
mem[X,0x80019D3E] -> 0x5555
[2804] [M]: 0x80019D3C (0x55555537) lui a0, 349525
x10 <- 0x55555000


mem[X,0x80019D40] -> 0x0513
mem[X,0x80019D42] -> 0x5545
[2805] [M]: 0x80019D40 (0x55450513) addi a0, a0, 1364
x10 <- 0x55555554


mem[X,0x80019D44] -> 0x55B7
mem[X,0x80019D46] -> 0xFFFF
[2806] [M]: 0x80019D44 (0xFFFF55B7) lui a1, 1048565
x11 <- 0xFFFF5000


mem[X,0x80019D48] -> 0x8593
mem[X,0x80019D4A] -> 0xAFC5
[2807] [M]: 0x80019D48 (0xAFC58593) addi a1, a1, 2812
x11 <- 0xFFFF4AFC


mem[X,0x80019D4C] -> 0x0113
mem[X,0x80019D4E] -> 0x0000
[2808] [M]: 0x80019D4C (0x00000113) addi sp, zero, 0
x2 <- 0x00000000


mem[X,0x80019D50] -> 0x006F
mem[X,0x80019D52] -> 0x00C0
[2809] [M]: 0x80019D50 (0x00C0006F) jal zero, 12


mem[X,0x80019D5C] -> 0x4063
mem[X,0x80019D5E] -> 0x02B5
[2810] [M]: 0x80019D5C (0x02B54063) blt a0, a1, 32


mem[X,0x80019D60] -> 0x0113
mem[X,0x80019D62] -> 0x0021
[2811] [M]: 0x80019D60 (0x00210113) addi sp, sp, 2
x2 <- 0x00000002


mem[X,0x80019D64] -> 0x006F
mem[X,0x80019D66] -> 0x0200
[2812] [M]: 0x80019D64 (0x0200006F) jal zero, 32


mem[X,0x80019D84] -> 0xAA23
mem[X,0x80019D86] -> 0x4420
[2813] [M]: 0x80019D84 (0x4420AA23) sw sp, 1108(ra)
mem[0x800386BC] <- 0x00000002


mem[X,0x80019D88] -> 0x5537
mem[X,0x80019D8A] -> 0x5555
[2814] [M]: 0x80019D88 (0x55555537) lui a0, 349525
x10 <- 0x55555000


mem[X,0x80019D8C] -> 0x0513
mem[X,0x80019D8E] -> 0x5545
[2815] [M]: 0x80019D8C (0x55450513) addi a0, a0, 1364
x10 <- 0x55555554


mem[X,0x80019D90] -> 0xB5B7
mem[X,0x80019D92] -> 0x0000
[2816] [M]: 0x80019D90 (0x0000B5B7) lui a1, 11
x11 <- 0x0000B000


mem[X,0x80019D94] -> 0x8593
mem[X,0x80019D96] -> 0x5045
[2817] [M]: 0x80019D94 (0x50458593) addi a1, a1, 1284
x11 <- 0x0000B504


mem[X,0x80019D98] -> 0x0113
mem[X,0x80019D9A] -> 0x0000
[2818] [M]: 0x80019D98 (0x00000113) addi sp, zero, 0
x2 <- 0x00000000


mem[X,0x80019D9C] -> 0x006F
mem[X,0x80019D9E] -> 0x00C0
[2819] [M]: 0x80019D9C (0x00C0006F) jal zero, 12


mem[X,0x80019DA8] -> 0x4CE3
mem[X,0x80019DAA] -> 0xFEB5
[2820] [M]: 0x80019DA8 (0xFEB54CE3) blt a0, a1, 8184


mem[X,0x80019DAC] -> 0x0113
mem[X,0x80019DAE] -> 0x0021
[2821] [M]: 0x80019DAC (0x00210113) addi sp, sp, 2
x2 <- 0x00000002


mem[X,0x80019DB0] -> 0x006F
mem[X,0x80019DB2] -> 0x00C0
[2822] [M]: 0x80019DB0 (0x00C0006F) jal zero, 12


mem[X,0x80019DBC] -> 0xAC23
mem[X,0x80019DBE] -> 0x4420
[2823] [M]: 0x80019DBC (0x4420AC23) sw sp, 1112(ra)
mem[0x800386C0] <- 0x00000002


mem[X,0x80019DC0] -> 0x5537
mem[X,0x80019DC2] -> 0x5555
[2824] [M]: 0x80019DC0 (0x55555537) lui a0, 349525
x10 <- 0x55555000


mem[X,0x80019DC4] -> 0x0513
mem[X,0x80019DC6] -> 0x5545
[2825] [M]: 0x80019DC4 (0x55450513) addi a0, a0, 1364
x10 <- 0x55555554


mem[X,0x80019DC8] -> 0x0593
mem[X,0x80019DCA] -> 0x0020
[2826] [M]: 0x80019DC8 (0x00200593) addi a1, zero, 2
x11 <- 0x00000002


mem[X,0x80019DCC] -> 0x0113
mem[X,0x80019DCE] -> 0x0000
[2827] [M]: 0x80019DCC (0x00000113) addi sp, zero, 0
x2 <- 0x00000000


mem[X,0x80019DD0] -> 0x006F
mem[X,0x80019DD2] -> 0x00C0
[2828] [M]: 0x80019DD0 (0x00C0006F) jal zero, 12


mem[X,0x80019DDC] -> 0x4063
mem[X,0x80019DDE] -> 0x10B5
[2829] [M]: 0x80019DDC (0x10B54063) blt a0, a1, 256


mem[X,0x80019DE0] -> 0x0113
mem[X,0x80019DE2] -> 0x0021
[2830] [M]: 0x80019DE0 (0x00210113) addi sp, sp, 2
x2 <- 0x00000002


mem[X,0x80019DE4] -> 0x006F
mem[X,0x80019DE6] -> 0x1000
[2831] [M]: 0x80019DE4 (0x1000006F) jal zero, 256


mem[X,0x80019EE4] -> 0xAE23
mem[X,0x80019EE6] -> 0x4420
[2832] [M]: 0x80019EE4 (0x4420AE23) sw sp, 1116(ra)
mem[0x800386C4] <- 0x00000002


mem[X,0x80019EE8] -> 0x5537
mem[X,0x80019EEA] -> 0x5555
[2833] [M]: 0x80019EE8 (0x55555537) lui a0, 349525
x10 <- 0x55555000


mem[X,0x80019EEC] -> 0x0513
mem[X,0x80019EEE] -> 0x5545
[2834] [M]: 0x80019EEC (0x55450513) addi a0, a0, 1364
x10 <- 0x55555554


mem[X,0x80019EF0] -> 0x55B7
mem[X,0x80019EF2] -> 0x5555
[2835] [M]: 0x80019EF0 (0x555555B7) lui a1, 349525
x11 <- 0x55555000


mem[X,0x80019EF4] -> 0x8593
mem[X,0x80019EF6] -> 0x5545
[2836] [M]: 0x80019EF4 (0x55458593) addi a1, a1, 1364
x11 <- 0x55555554


mem[X,0x80019EF8] -> 0x0113
mem[X,0x80019EFA] -> 0x0000
[2837] [M]: 0x80019EF8 (0x00000113) addi sp, zero, 0
x2 <- 0x00000000


mem[X,0x80019EFC] -> 0x006F
mem[X,0x80019EFE] -> 0x00C0
[2838] [M]: 0x80019EFC (0x00C0006F) jal zero, 12


mem[X,0x80019F08] -> 0x4663
mem[X,0x80019F0A] -> 0x00B5
[2839] [M]: 0x80019F08 (0x00B54663) blt a0, a1, 12


mem[X,0x80019F0C] -> 0x0113
mem[X,0x80019F0E] -> 0x0021
[2840] [M]: 0x80019F0C (0x00210113) addi sp, sp, 2
x2 <- 0x00000002


mem[X,0x80019F10] -> 0x006F
mem[X,0x80019F12] -> 0x00C0
[2841] [M]: 0x80019F10 (0x00C0006F) jal zero, 12


mem[X,0x80019F1C] -> 0xA023
mem[X,0x80019F1E] -> 0x4620
[2842] [M]: 0x80019F1C (0x4620A023) sw sp, 1120(ra)
mem[0x800386C8] <- 0x00000002


mem[X,0x80019F20] -> 0x5537
mem[X,0x80019F22] -> 0x5555
[2843] [M]: 0x80019F20 (0x55555537) lui a0, 349525
x10 <- 0x55555000


mem[X,0x80019F24] -> 0x0513
mem[X,0x80019F26] -> 0x5545
[2844] [M]: 0x80019F24 (0x55450513) addi a0, a0, 1364
x10 <- 0x55555554


mem[X,0x80019F28] -> 0x0593
mem[X,0x80019F2A] -> 0x0000
[2845] [M]: 0x80019F28 (0x00000593) addi a1, zero, 0
x11 <- 0x00000000


mem[X,0x80019F2C] -> 0x0113
mem[X,0x80019F2E] -> 0x0000
[2846] [M]: 0x80019F2C (0x00000113) addi sp, zero, 0
x2 <- 0x00000000


mem[X,0x80019F30] -> 0x006F
mem[X,0x80019F32] -> 0x0050
[2847] [M]: 0x80019F30 (0x0050006F) jal zero, 2052


mem[X,0x8001A734] -> 0x40E3
mem[X,0x8001A736] -> 0x80B5
[2848] [M]: 0x8001A734 (0x80B540E3) blt a0, a1, 6144


mem[X,0x8001A738] -> 0x0113
mem[X,0x8001A73A] -> 0x0021
[2849] [M]: 0x8001A738 (0x00210113) addi sp, sp, 2
x2 <- 0x00000002


mem[X,0x8001A73C] -> 0x006F
mem[X,0x8001A73E] -> 0x00C0
[2850] [M]: 0x8001A73C (0x00C0006F) jal zero, 12


mem[X,0x8001A748] -> 0xA223
mem[X,0x8001A74A] -> 0x4620
[2851] [M]: 0x8001A748 (0x4620A223) sw sp, 1124(ra)
mem[0x800386CC] <- 0x00000002


mem[X,0x8001A74C] -> 0x5537
mem[X,0x8001A74E] -> 0x5555
[2852] [M]: 0x8001A74C (0x55555537) lui a0, 349525
x10 <- 0x55555000


mem[X,0x8001A750] -> 0x0513
mem[X,0x8001A752] -> 0x5545
[2853] [M]: 0x8001A750 (0x55450513) addi a0, a0, 1364
x10 <- 0x55555554


mem[X,0x8001A754] -> 0x0593
mem[X,0x8001A756] -> 0x0040
[2854] [M]: 0x8001A754 (0x00400593) addi a1, zero, 4
x11 <- 0x00000004


mem[X,0x8001A758] -> 0x0113
mem[X,0x8001A75A] -> 0x0000
[2855] [M]: 0x8001A758 (0x00000113) addi sp, zero, 0
x2 <- 0x00000000


mem[X,0x8001A75C] -> 0x006F
mem[X,0x8001A75E] -> 0x00C0
[2856] [M]: 0x8001A75C (0x00C0006F) jal zero, 12


mem[X,0x8001A768] -> 0x4063
mem[X,0x8001A76A] -> 0x10B5
[2857] [M]: 0x8001A768 (0x10B54063) blt a0, a1, 256


mem[X,0x8001A76C] -> 0x0113
mem[X,0x8001A76E] -> 0x0021
[2858] [M]: 0x8001A76C (0x00210113) addi sp, sp, 2
x2 <- 0x00000002


mem[X,0x8001A770] -> 0x006F
mem[X,0x8001A772] -> 0x1000
[2859] [M]: 0x8001A770 (0x1000006F) jal zero, 256


mem[X,0x8001A870] -> 0xA423
mem[X,0x8001A872] -> 0x4620
[2860] [M]: 0x8001A870 (0x4620A423) sw sp, 1128(ra)
mem[0x800386D0] <- 0x00000002


mem[X,0x8001A874] -> 0x5537
mem[X,0x8001A876] -> 0x5555
[2861] [M]: 0x8001A874 (0x55555537) lui a0, 349525
x10 <- 0x55555000


mem[X,0x8001A878] -> 0x0513
mem[X,0x8001A87A] -> 0x5545
[2862] [M]: 0x8001A878 (0x55450513) addi a0, a0, 1364
x10 <- 0x55555554


mem[X,0x8001A87C] -> 0x35B7
mem[X,0x8001A87E] -> 0x3333
[2863] [M]: 0x8001A87C (0x333335B7) lui a1, 209715
x11 <- 0x33333000


mem[X,0x8001A880] -> 0x8593
mem[X,0x8001A882] -> 0x3325
[2864] [M]: 0x8001A880 (0x33258593) addi a1, a1, 818
x11 <- 0x33333332


mem[X,0x8001A884] -> 0x0113
mem[X,0x8001A886] -> 0x0000
[2865] [M]: 0x8001A884 (0x00000113) addi sp, zero, 0
x2 <- 0x00000000


mem[X,0x8001A888] -> 0x006F
mem[X,0x8001A88A] -> 0x0180
[2866] [M]: 0x8001A888 (0x0180006F) jal zero, 24


mem[X,0x8001A8A0] -> 0x46E3
mem[X,0x8001A8A2] -> 0xFEB5
[2867] [M]: 0x8001A8A0 (0xFEB546E3) blt a0, a1, 8172


mem[X,0x8001A8A4] -> 0x0113
mem[X,0x8001A8A6] -> 0x0021
[2868] [M]: 0x8001A8A4 (0x00210113) addi sp, sp, 2
x2 <- 0x00000002


mem[X,0x8001A8A8] -> 0x006F
mem[X,0x8001A8AA] -> 0x00C0
[2869] [M]: 0x8001A8A8 (0x00C0006F) jal zero, 12


mem[X,0x8001A8B4] -> 0xA623
mem[X,0x8001A8B6] -> 0x4620
[2870] [M]: 0x8001A8B4 (0x4620A623) sw sp, 1132(ra)
mem[0x800386D4] <- 0x00000002


mem[X,0x8001A8B8] -> 0x5537
mem[X,0x8001A8BA] -> 0x5555
[2871] [M]: 0x8001A8B8 (0x55555537) lui a0, 349525
x10 <- 0x55555000


mem[X,0x8001A8BC] -> 0x0513
mem[X,0x8001A8BE] -> 0x5545
[2872] [M]: 0x8001A8BC (0x55450513) addi a0, a0, 1364
x10 <- 0x55555554


mem[X,0x8001A8C0] -> 0x65B7
mem[X,0x8001A8C2] -> 0x6666
[2873] [M]: 0x8001A8C0 (0x666665B7) lui a1, 419430
x11 <- 0x66666000


mem[X,0x8001A8C4] -> 0x8593
mem[X,0x8001A8C6] -> 0x6655
[2874] [M]: 0x8001A8C4 (0x66558593) addi a1, a1, 1637
x11 <- 0x66666665


mem[X,0x8001A8C8] -> 0x0113
mem[X,0x8001A8CA] -> 0x0000
[2875] [M]: 0x8001A8C8 (0x00000113) addi sp, zero, 0
x2 <- 0x00000000


mem[X,0x8001A8CC] -> 0x006F
mem[X,0x8001A8CE] -> 0x00C0
[2876] [M]: 0x8001A8CC (0x00C0006F) jal zero, 12


mem[X,0x8001A8D8] -> 0x4663
mem[X,0x8001A8DA] -> 0x00B5
[2877] [M]: 0x8001A8D8 (0x00B54663) blt a0, a1, 12


mem[X,0x8001A8E4] -> 0x0113
mem[X,0x8001A8E6] -> 0x0031
[2878] [M]: 0x8001A8E4 (0x00310113) addi sp, sp, 3
x2 <- 0x00000003


mem[X,0x8001A8E8] -> 0x006F
mem[X,0x8001A8EA] -> 0x0040
[2879] [M]: 0x8001A8E8 (0x0040006F) jal zero, 4


mem[X,0x8001A8EC] -> 0xA823
mem[X,0x8001A8EE] -> 0x4620
[2880] [M]: 0x8001A8EC (0x4620A823) sw sp, 1136(ra)
mem[0x800386D8] <- 0x00000003


mem[X,0x8001A8F0] -> 0x5537
mem[X,0x8001A8F2] -> 0x5555
[2881] [M]: 0x8001A8F0 (0x55555537) lui a0, 349525
x10 <- 0x55555000


mem[X,0x8001A8F4] -> 0x0513
mem[X,0x8001A8F6] -> 0x5545
[2882] [M]: 0x8001A8F4 (0x55450513) addi a0, a0, 1364
x10 <- 0x55555554


mem[X,0x8001A8F8] -> 0xB5B7
mem[X,0x8001A8FA] -> 0x0000
[2883] [M]: 0x8001A8F8 (0x0000B5B7) lui a1, 11
x11 <- 0x0000B000


mem[X,0x8001A8FC] -> 0x8593
mem[X,0x8001A8FE] -> 0x5035
[2884] [M]: 0x8001A8FC (0x50358593) addi a1, a1, 1283
x11 <- 0x0000B503


mem[X,0x8001A900] -> 0x0113
mem[X,0x8001A902] -> 0x0000
[2885] [M]: 0x8001A900 (0x00000113) addi sp, zero, 0
x2 <- 0x00000000


mem[X,0x8001A904] -> 0x006F
mem[X,0x8001A906] -> 0x0140
[2886] [M]: 0x8001A904 (0x0140006F) jal zero, 20


mem[X,0x8001A918] -> 0x48E3
mem[X,0x8001A91A] -> 0xFEB5
[2887] [M]: 0x8001A918 (0xFEB548E3) blt a0, a1, 8176


mem[X,0x8001A91C] -> 0x0113
mem[X,0x8001A91E] -> 0x0021
[2888] [M]: 0x8001A91C (0x00210113) addi sp, sp, 2
x2 <- 0x00000002


mem[X,0x8001A920] -> 0x006F
mem[X,0x8001A922] -> 0x00C0
[2889] [M]: 0x8001A920 (0x00C0006F) jal zero, 12


mem[X,0x8001A92C] -> 0xAA23
mem[X,0x8001A92E] -> 0x4620
[2890] [M]: 0x8001A92C (0x4620AA23) sw sp, 1140(ra)
mem[0x800386DC] <- 0x00000002


mem[X,0x8001A930] -> 0x5537
mem[X,0x8001A932] -> 0x5555
[2891] [M]: 0x8001A930 (0x55555537) lui a0, 349525
x10 <- 0x55555000


mem[X,0x8001A934] -> 0x0513
mem[X,0x8001A936] -> 0x5545
[2892] [M]: 0x8001A934 (0x55450513) addi a0, a0, 1364
x10 <- 0x55555554


mem[X,0x8001A938] -> 0x55B7
mem[X,0x8001A93A] -> 0x5555
[2893] [M]: 0x8001A938 (0x555555B7) lui a1, 349525
x11 <- 0x55555000


mem[X,0x8001A93C] -> 0x8593
mem[X,0x8001A93E] -> 0x5565
[2894] [M]: 0x8001A93C (0x55658593) addi a1, a1, 1366
x11 <- 0x55555556


mem[X,0x8001A940] -> 0x0113
mem[X,0x8001A942] -> 0x0000
[2895] [M]: 0x8001A940 (0x00000113) addi sp, zero, 0
x2 <- 0x00000000


mem[X,0x8001A944] -> 0x006F
mem[X,0x8001A946] -> 0x2B10
[2896] [M]: 0x8001A944 (0x2B10006F) jal zero, 2736


mem[X,0x8001B3F4] -> 0x4A63
mem[X,0x8001B3F6] -> 0xD4B5
[2897] [M]: 0x8001B3F4 (0xD4B54A63) blt a0, a1, 5460


mem[X,0x8001A948] -> 0x0113
mem[X,0x8001A94A] -> 0x0011
[2898] [M]: 0x8001A948 (0x00110113) addi sp, sp, 1
x2 <- 0x00000001


mem[X,0x8001A94C] -> 0x006F
mem[X,0x8001A94E] -> 0x2BD0
[2899] [M]: 0x8001A94C (0x2BD0006F) jal zero, 2748


clint::tick mtime <- 0x000000000000001D
 clint timer pending at mtime 0x000000000000001D
htif::tick 0x0000000000000000
mem[X,0x8001B408] -> 0xAC23
mem[X,0x8001B40A] -> 0x4620
[2900] [M]: 0x8001B408 (0x4620AC23) sw sp, 1144(ra)
mem[0x800386E0] <- 0x00000001


mem[X,0x8001B40C] -> 0x5537
mem[X,0x8001B40E] -> 0x5555
[2901] [M]: 0x8001B40C (0x55555537) lui a0, 349525
x10 <- 0x55555000


mem[X,0x8001B410] -> 0x0513
mem[X,0x8001B412] -> 0x5545
[2902] [M]: 0x8001B410 (0x55450513) addi a0, a0, 1364
x10 <- 0x55555554


mem[X,0x8001B414] -> 0xB5B7
mem[X,0x8001B416] -> 0xAAAA
[2903] [M]: 0x8001B414 (0xAAAAB5B7) lui a1, 699051
x11 <- 0xAAAAB000


mem[X,0x8001B418] -> 0x8593
mem[X,0x8001B41A] -> 0xAAB5
[2904] [M]: 0x8001B418 (0xAAB58593) addi a1, a1, 2731
x11 <- 0xAAAAAAAB


mem[X,0x8001B41C] -> 0x0113
mem[X,0x8001B41E] -> 0x0000
[2905] [M]: 0x8001B41C (0x00000113) addi sp, zero, 0
x2 <- 0x00000000


mem[X,0x8001B420] -> 0x006F
mem[X,0x8001B422] -> 0x00C0
[2906] [M]: 0x8001B420 (0x00C0006F) jal zero, 12


mem[X,0x8001B42C] -> 0x4663
mem[X,0x8001B42E] -> 0x00B5
[2907] [M]: 0x8001B42C (0x00B54663) blt a0, a1, 12


mem[X,0x8001B430] -> 0x0113
mem[X,0x8001B432] -> 0x0021
[2908] [M]: 0x8001B430 (0x00210113) addi sp, sp, 2
x2 <- 0x00000002


mem[X,0x8001B434] -> 0x006F
mem[X,0x8001B436] -> 0x00C0
[2909] [M]: 0x8001B434 (0x00C0006F) jal zero, 12


mem[X,0x8001B440] -> 0xAE23
mem[X,0x8001B442] -> 0x4620
[2910] [M]: 0x8001B440 (0x4620AE23) sw sp, 1148(ra)
mem[0x800386E4] <- 0x00000002


mem[X,0x8001B444] -> 0x5537
mem[X,0x8001B446] -> 0x5555
[2911] [M]: 0x8001B444 (0x55555537) lui a0, 349525
x10 <- 0x55555000


mem[X,0x8001B448] -> 0x0513
mem[X,0x8001B44A] -> 0x5545
[2912] [M]: 0x8001B448 (0x55450513) addi a0, a0, 1364
x10 <- 0x55555554


mem[X,0x8001B44C] -> 0x0593
mem[X,0x8001B44E] -> 0x0060
[2913] [M]: 0x8001B44C (0x00600593) addi a1, zero, 6
x11 <- 0x00000006


mem[X,0x8001B450] -> 0x0113
mem[X,0x8001B452] -> 0x0000
[2914] [M]: 0x8001B450 (0x00000113) addi sp, zero, 0
x2 <- 0x00000000


mem[X,0x8001B454] -> 0x006F
mem[X,0x8001B456] -> 0x00C0
[2915] [M]: 0x8001B454 (0x00C0006F) jal zero, 12


mem[X,0x8001B460] -> 0x4CE3
mem[X,0x8001B462] -> 0xFEB5
[2916] [M]: 0x8001B460 (0xFEB54CE3) blt a0, a1, 8184


mem[X,0x8001B464] -> 0x0113
mem[X,0x8001B466] -> 0x0021
[2917] [M]: 0x8001B464 (0x00210113) addi sp, sp, 2
x2 <- 0x00000002


mem[X,0x8001B468] -> 0x006F
mem[X,0x8001B46A] -> 0x00C0
[2918] [M]: 0x8001B468 (0x00C0006F) jal zero, 12


mem[X,0x8001B474] -> 0xA023
mem[X,0x8001B476] -> 0x4820
[2919] [M]: 0x8001B474 (0x4820A023) sw sp, 1152(ra)
mem[0x800386E8] <- 0x00000002


mem[X,0x8001B478] -> 0x5537
mem[X,0x8001B47A] -> 0x5555
[2920] [M]: 0x8001B478 (0x55555537) lui a0, 349525
x10 <- 0x55555000


mem[X,0x8001B47C] -> 0x0513
mem[X,0x8001B47E] -> 0x5545
[2921] [M]: 0x8001B47C (0x55450513) addi a0, a0, 1364
x10 <- 0x55555554


mem[X,0x8001B480] -> 0x35B7
mem[X,0x8001B482] -> 0x3333
[2922] [M]: 0x8001B480 (0x333335B7) lui a1, 209715
x11 <- 0x33333000


mem[X,0x8001B484] -> 0x8593
mem[X,0x8001B486] -> 0x3345
[2923] [M]: 0x8001B484 (0x33458593) addi a1, a1, 820
x11 <- 0x33333334


mem[X,0x8001B488] -> 0x0113
mem[X,0x8001B48A] -> 0x0000
[2924] [M]: 0x8001B488 (0x00000113) addi sp, zero, 0
x2 <- 0x00000000


mem[X,0x8001B48C] -> 0x006F
mem[X,0x8001B48E] -> 0x00C0
[2925] [M]: 0x8001B48C (0x00C0006F) jal zero, 12


mem[X,0x8001B498] -> 0x4863
mem[X,0x8001B49A] -> 0x00B5
[2926] [M]: 0x8001B498 (0x00B54863) blt a0, a1, 16


mem[X,0x8001B49C] -> 0x0113
mem[X,0x8001B49E] -> 0x0021
[2927] [M]: 0x8001B49C (0x00210113) addi sp, sp, 2
x2 <- 0x00000002


mem[X,0x8001B4A0] -> 0x006F
mem[X,0x8001B4A2] -> 0x0100
[2928] [M]: 0x8001B4A0 (0x0100006F) jal zero, 16


mem[X,0x8001B4B0] -> 0xA223
mem[X,0x8001B4B2] -> 0x4820
[2929] [M]: 0x8001B4B0 (0x4820A223) sw sp, 1156(ra)
mem[0x800386EC] <- 0x00000002


mem[X,0x8001B4B4] -> 0x5537
mem[X,0x8001B4B6] -> 0x5555
[2930] [M]: 0x8001B4B4 (0x55555537) lui a0, 349525
x10 <- 0x55555000


mem[X,0x8001B4B8] -> 0x0513
mem[X,0x8001B4BA] -> 0x5545
[2931] [M]: 0x8001B4B8 (0x55450513) addi a0, a0, 1364
x10 <- 0x55555554


mem[X,0x8001B4BC] -> 0x65B7
mem[X,0x8001B4BE] -> 0x6666
[2932] [M]: 0x8001B4BC (0x666665B7) lui a1, 419430
x11 <- 0x66666000


mem[X,0x8001B4C0] -> 0x8593
mem[X,0x8001B4C2] -> 0x6675
[2933] [M]: 0x8001B4C0 (0x66758593) addi a1, a1, 1639
x11 <- 0x66666667


mem[X,0x8001B4C4] -> 0x0113
mem[X,0x8001B4C6] -> 0x0000
[2934] [M]: 0x8001B4C4 (0x00000113) addi sp, zero, 0
x2 <- 0x00000000


mem[X,0x8001B4C8] -> 0x006F
mem[X,0x8001B4CA] -> 0x0100
[2935] [M]: 0x8001B4C8 (0x0100006F) jal zero, 16


mem[X,0x8001B4D8] -> 0x4AE3
mem[X,0x8001B4DA] -> 0xFEB5
[2936] [M]: 0x8001B4D8 (0xFEB54AE3) blt a0, a1, 8180


mem[X,0x8001B4CC] -> 0x0113
mem[X,0x8001B4CE] -> 0x0011
[2937] [M]: 0x8001B4CC (0x00110113) addi sp, sp, 1
x2 <- 0x00000001


mem[X,0x8001B4D0] -> 0x006F
mem[X,0x8001B4D2] -> 0x01C0
[2938] [M]: 0x8001B4D0 (0x01C0006F) jal zero, 28


mem[X,0x8001B4EC] -> 0xA423
mem[X,0x8001B4EE] -> 0x4820
[2939] [M]: 0x8001B4EC (0x4820A423) sw sp, 1160(ra)
mem[0x800386F0] <- 0x00000001


mem[X,0x8001B4F0] -> 0x5537
mem[X,0x8001B4F2] -> 0x5555
[2940] [M]: 0x8001B4F0 (0x55555537) lui a0, 349525
x10 <- 0x55555000


mem[X,0x8001B4F4] -> 0x0513
mem[X,0x8001B4F6] -> 0x5545
[2941] [M]: 0x8001B4F4 (0x55450513) addi a0, a0, 1364
x10 <- 0x55555554


mem[X,0x8001B4F8] -> 0x55B7
mem[X,0x8001B4FA] -> 0xFFFF
[2942] [M]: 0x8001B4F8 (0xFFFF55B7) lui a1, 1048565
x11 <- 0xFFFF5000


mem[X,0x8001B4FC] -> 0x8593
mem[X,0x8001B4FE] -> 0xAFD5
[2943] [M]: 0x8001B4FC (0xAFD58593) addi a1, a1, 2813
x11 <- 0xFFFF4AFD


mem[X,0x8001B500] -> 0x0113
mem[X,0x8001B502] -> 0x0000
[2944] [M]: 0x8001B500 (0x00000113) addi sp, zero, 0
x2 <- 0x00000000


mem[X,0x8001B504] -> 0x006F
mem[X,0x8001B506] -> 0x00C0
[2945] [M]: 0x8001B504 (0x00C0006F) jal zero, 12


mem[X,0x8001B510] -> 0x4063
mem[X,0x8001B512] -> 0x04B5
[2946] [M]: 0x8001B510 (0x04B54063) blt a0, a1, 64


mem[X,0x8001B514] -> 0x0113
mem[X,0x8001B516] -> 0x0021
[2947] [M]: 0x8001B514 (0x00210113) addi sp, sp, 2
x2 <- 0x00000002


mem[X,0x8001B518] -> 0x006F
mem[X,0x8001B51A] -> 0x0400
[2948] [M]: 0x8001B518 (0x0400006F) jal zero, 64


mem[X,0x8001B558] -> 0xA623
mem[X,0x8001B55A] -> 0x4820
[2949] [M]: 0x8001B558 (0x4820A623) sw sp, 1164(ra)
mem[0x800386F4] <- 0x00000002


mem[X,0x8001B55C] -> 0x5537
mem[X,0x8001B55E] -> 0x5555
[2950] [M]: 0x8001B55C (0x55555537) lui a0, 349525
x10 <- 0x55555000


mem[X,0x8001B560] -> 0x0513
mem[X,0x8001B562] -> 0x5545
[2951] [M]: 0x8001B560 (0x55450513) addi a0, a0, 1364
x10 <- 0x55555554


mem[X,0x8001B564] -> 0xB5B7
mem[X,0x8001B566] -> 0x0000
[2952] [M]: 0x8001B564 (0x0000B5B7) lui a1, 11
x11 <- 0x0000B000


mem[X,0x8001B568] -> 0x8593
mem[X,0x8001B56A] -> 0x5055
[2953] [M]: 0x8001B568 (0x50558593) addi a1, a1, 1285
x11 <- 0x0000B505


mem[X,0x8001B56C] -> 0x0113
mem[X,0x8001B56E] -> 0x0000
[2954] [M]: 0x8001B56C (0x00000113) addi sp, zero, 0
x2 <- 0x00000000


mem[X,0x8001B570] -> 0x006F
mem[X,0x8001B572] -> 0x00C0
[2955] [M]: 0x8001B570 (0x00C0006F) jal zero, 12


mem[X,0x8001B57C] -> 0x4663
mem[X,0x8001B57E] -> 0x00B5
[2956] [M]: 0x8001B57C (0x00B54663) blt a0, a1, 12


mem[X,0x8001B580] -> 0x0113
mem[X,0x8001B582] -> 0x0021
[2957] [M]: 0x8001B580 (0x00210113) addi sp, sp, 2
x2 <- 0x00000002


mem[X,0x8001B584] -> 0x006F
mem[X,0x8001B586] -> 0x00C0
[2958] [M]: 0x8001B584 (0x00C0006F) jal zero, 12


mem[X,0x8001B590] -> 0xA823
mem[X,0x8001B592] -> 0x4820
[2959] [M]: 0x8001B590 (0x4820A823) sw sp, 1168(ra)
mem[0x800386F8] <- 0x00000002


mem[X,0x8001B594] -> 0x0513
mem[X,0x8001B596] -> 0x0000
[2960] [M]: 0x8001B594 (0x00000513) addi a0, zero, 0
x10 <- 0x00000000


mem[X,0x8001B598] -> 0x0593
mem[X,0x8001B59A] -> 0x0030
[2961] [M]: 0x8001B598 (0x00300593) addi a1, zero, 3
x11 <- 0x00000003


mem[X,0x8001B59C] -> 0x0113
mem[X,0x8001B59E] -> 0x0000
[2962] [M]: 0x8001B59C (0x00000113) addi sp, zero, 0
x2 <- 0x00000000


mem[X,0x8001B5A0] -> 0x006F
mem[X,0x8001B5A2] -> 0x2B10
[2963] [M]: 0x8001B5A0 (0x2B10006F) jal zero, 2736


mem[X,0x8001C050] -> 0x4A63
mem[X,0x8001C052] -> 0xD4B5
[2964] [M]: 0x8001C050 (0xD4B54A63) blt a0, a1, 5460


mem[X,0x8001B5A4] -> 0x0113
mem[X,0x8001B5A6] -> 0x0011
[2965] [M]: 0x8001B5A4 (0x00110113) addi sp, sp, 1
x2 <- 0x00000001


mem[X,0x8001B5A8] -> 0x006F
mem[X,0x8001B5AA] -> 0x2BD0
[2966] [M]: 0x8001B5A8 (0x2BD0006F) jal zero, 2748


mem[X,0x8001C064] -> 0xAA23
mem[X,0x8001C066] -> 0x4820
[2967] [M]: 0x8001C064 (0x4820AA23) sw sp, 1172(ra)
mem[0x800386FC] <- 0x00000001


mem[X,0x8001C068] -> 0x0513
mem[X,0x8001C06A] -> 0x0000
[2968] [M]: 0x8001C068 (0x00000513) addi a0, zero, 0
x10 <- 0x00000000


mem[X,0x8001C06C] -> 0x55B7
mem[X,0x8001C06E] -> 0x5555
[2969] [M]: 0x8001C06C (0x555555B7) lui a1, 349525
x11 <- 0x55555000


mem[X,0x8001C070] -> 0x8593
mem[X,0x8001C072] -> 0x5555
[2970] [M]: 0x8001C070 (0x55558593) addi a1, a1, 1365
x11 <- 0x55555555


mem[X,0x8001C074] -> 0x0113
mem[X,0x8001C076] -> 0x0000
[2971] [M]: 0x8001C074 (0x00000113) addi sp, zero, 0
x2 <- 0x00000000


mem[X,0x8001C078] -> 0x006F
mem[X,0x8001C07A] -> 0x00C0
[2972] [M]: 0x8001C078 (0x00C0006F) jal zero, 12


mem[X,0x8001C084] -> 0x4CE3
mem[X,0x8001C086] -> 0xFEB5
[2973] [M]: 0x8001C084 (0xFEB54CE3) blt a0, a1, 8184


mem[X,0x8001C07C] -> 0x0113
mem[X,0x8001C07E] -> 0x0011
[2974] [M]: 0x8001C07C (0x00110113) addi sp, sp, 1
x2 <- 0x00000001


mem[X,0x8001C080] -> 0x006F
mem[X,0x8001C082] -> 0x0180
[2975] [M]: 0x8001C080 (0x0180006F) jal zero, 24


mem[X,0x8001C098] -> 0xAC23
mem[X,0x8001C09A] -> 0x4820
[2976] [M]: 0x8001C098 (0x4820AC23) sw sp, 1176(ra)
mem[0x80038700] <- 0x00000001


mem[X,0x8001C09C] -> 0x0513
mem[X,0x8001C09E] -> 0x0000
[2977] [M]: 0x8001C09C (0x00000513) addi a0, zero, 0
x10 <- 0x00000000


mem[X,0x8001C0A0] -> 0xB5B7
mem[X,0x8001C0A2] -> 0xAAAA
[2978] [M]: 0x8001C0A0 (0xAAAAB5B7) lui a1, 699051
x11 <- 0xAAAAB000


mem[X,0x8001C0A4] -> 0x8593
mem[X,0x8001C0A6] -> 0xAAA5
[2979] [M]: 0x8001C0A4 (0xAAA58593) addi a1, a1, 2730
x11 <- 0xAAAAAAAA


mem[X,0x8001C0A8] -> 0x0113
mem[X,0x8001C0AA] -> 0x0000
[2980] [M]: 0x8001C0A8 (0x00000113) addi sp, zero, 0
x2 <- 0x00000000


mem[X,0x8001C0AC] -> 0x006F
mem[X,0x8001C0AE] -> 0x00C0
[2981] [M]: 0x8001C0AC (0x00C0006F) jal zero, 12


mem[X,0x8001C0B8] -> 0x4663
mem[X,0x8001C0BA] -> 0x00B5
[2982] [M]: 0x8001C0B8 (0x00B54663) blt a0, a1, 12


mem[X,0x8001C0BC] -> 0x0113
mem[X,0x8001C0BE] -> 0x0021
[2983] [M]: 0x8001C0BC (0x00210113) addi sp, sp, 2
x2 <- 0x00000002


mem[X,0x8001C0C0] -> 0x006F
mem[X,0x8001C0C2] -> 0x00C0
[2984] [M]: 0x8001C0C0 (0x00C0006F) jal zero, 12


mem[X,0x8001C0CC] -> 0xAE23
mem[X,0x8001C0CE] -> 0x4820
[2985] [M]: 0x8001C0CC (0x4820AE23) sw sp, 1180(ra)
mem[0x80038704] <- 0x00000002


mem[X,0x8001C0D0] -> 0x0513
mem[X,0x8001C0D2] -> 0x0000
[2986] [M]: 0x8001C0D0 (0x00000513) addi a0, zero, 0
x10 <- 0x00000000


mem[X,0x8001C0D4] -> 0x0593
mem[X,0x8001C0D6] -> 0x0050
[2987] [M]: 0x8001C0D4 (0x00500593) addi a1, zero, 5
x11 <- 0x00000005


mem[X,0x8001C0D8] -> 0x0113
mem[X,0x8001C0DA] -> 0x0000
[2988] [M]: 0x8001C0D8 (0x00000113) addi sp, zero, 0
x2 <- 0x00000000


mem[X,0x8001C0DC] -> 0x006F
mem[X,0x8001C0DE] -> 0x00C0
[2989] [M]: 0x8001C0DC (0x00C0006F) jal zero, 12


mem[X,0x8001C0E8] -> 0x4663
mem[X,0x8001C0EA] -> 0x00B5
[2990] [M]: 0x8001C0E8 (0x00B54663) blt a0, a1, 12


mem[X,0x8001C0F4] -> 0x0113
mem[X,0x8001C0F6] -> 0x0031
[2991] [M]: 0x8001C0F4 (0x00310113) addi sp, sp, 3
x2 <- 0x00000003


mem[X,0x8001C0F8] -> 0x006F
mem[X,0x8001C0FA] -> 0x0040
[2992] [M]: 0x8001C0F8 (0x0040006F) jal zero, 4


mem[X,0x8001C0FC] -> 0xA023
mem[X,0x8001C0FE] -> 0x4A20
[2993] [M]: 0x8001C0FC (0x4A20A023) sw sp, 1184(ra)
mem[0x80038708] <- 0x00000003


mem[X,0x8001C100] -> 0x0513
mem[X,0x8001C102] -> 0x0000
[2994] [M]: 0x8001C100 (0x00000513) addi a0, zero, 0
x10 <- 0x00000000


mem[X,0x8001C104] -> 0x35B7
mem[X,0x8001C106] -> 0x3333
[2995] [M]: 0x8001C104 (0x333335B7) lui a1, 209715
x11 <- 0x33333000


mem[X,0x8001C108] -> 0x8593
mem[X,0x8001C10A] -> 0x3335
[2996] [M]: 0x8001C108 (0x33358593) addi a1, a1, 819
x11 <- 0x33333333


mem[X,0x8001C10C] -> 0x0113
mem[X,0x8001C10E] -> 0x0000
[2997] [M]: 0x8001C10C (0x00000113) addi sp, zero, 0
x2 <- 0x00000000


mem[X,0x8001C110] -> 0x006F
mem[X,0x8001C112] -> 0x0180
[2998] [M]: 0x8001C110 (0x0180006F) jal zero, 24


mem[X,0x8001C128] -> 0x46E3
mem[X,0x8001C12A] -> 0xFEB5
[2999] [M]: 0x8001C128 (0xFEB546E3) blt a0, a1, 8172


clint::tick mtime <- 0x000000000000001E
 clint timer pending at mtime 0x000000000000001E
htif::tick 0x0000000000000000
mem[X,0x8001C114] -> 0x0113
mem[X,0x8001C116] -> 0x0011
[3000] [M]: 0x8001C114 (0x00110113) addi sp, sp, 1
x2 <- 0x00000001


mem[X,0x8001C118] -> 0x006F
mem[X,0x8001C11A] -> 0x0240
[3001] [M]: 0x8001C118 (0x0240006F) jal zero, 36


mem[X,0x8001C13C] -> 0xA223
mem[X,0x8001C13E] -> 0x4A20
[3002] [M]: 0x8001C13C (0x4A20A223) sw sp, 1188(ra)
mem[0x8003870C] <- 0x00000001


mem[X,0x8001C140] -> 0x0513
mem[X,0x8001C142] -> 0x0000
[3003] [M]: 0x8001C140 (0x00000513) addi a0, zero, 0
x10 <- 0x00000000


mem[X,0x8001C144] -> 0x65B7
mem[X,0x8001C146] -> 0x6666
[3004] [M]: 0x8001C144 (0x666665B7) lui a1, 419430
x11 <- 0x66666000


mem[X,0x8001C148] -> 0x8593
mem[X,0x8001C14A] -> 0x6665
[3005] [M]: 0x8001C148 (0x66658593) addi a1, a1, 1638
x11 <- 0x66666666


mem[X,0x8001C14C] -> 0x0113
mem[X,0x8001C14E] -> 0x0000
[3006] [M]: 0x8001C14C (0x00000113) addi sp, zero, 0
x2 <- 0x00000000


mem[X,0x8001C150] -> 0x006F
mem[X,0x8001C152] -> 0x0100
[3007] [M]: 0x8001C150 (0x0100006F) jal zero, 16


mem[X,0x8001C160] -> 0x4AE3
mem[X,0x8001C162] -> 0xFEB5
[3008] [M]: 0x8001C160 (0xFEB54AE3) blt a0, a1, 8180


mem[X,0x8001C154] -> 0x0113
mem[X,0x8001C156] -> 0x0011
[3009] [M]: 0x8001C154 (0x00110113) addi sp, sp, 1
x2 <- 0x00000001


mem[X,0x8001C158] -> 0x006F
mem[X,0x8001C15A] -> 0x01C0
[3010] [M]: 0x8001C158 (0x01C0006F) jal zero, 28


mem[X,0x8001C174] -> 0xA423
mem[X,0x8001C176] -> 0x4A20
[3011] [M]: 0x8001C174 (0x4A20A423) sw sp, 1192(ra)
mem[0x80038710] <- 0x00000001


mem[X,0x8001C178] -> 0x0513
mem[X,0x8001C17A] -> 0x0000
[3012] [M]: 0x8001C178 (0x00000513) addi a0, zero, 0
x10 <- 0x00000000


mem[X,0x8001C17C] -> 0x55B7
mem[X,0x8001C17E] -> 0xFFFF
[3013] [M]: 0x8001C17C (0xFFFF55B7) lui a1, 1048565
x11 <- 0xFFFF5000


mem[X,0x8001C180] -> 0x8593
mem[X,0x8001C182] -> 0xAFC5
[3014] [M]: 0x8001C180 (0xAFC58593) addi a1, a1, 2812
x11 <- 0xFFFF4AFC


mem[X,0x8001C184] -> 0x0113
mem[X,0x8001C186] -> 0x0000
[3015] [M]: 0x8001C184 (0x00000113) addi sp, zero, 0
x2 <- 0x00000000


mem[X,0x8001C188] -> 0x006F
mem[X,0x8001C18A] -> 0x0180
[3016] [M]: 0x8001C188 (0x0180006F) jal zero, 24


mem[X,0x8001C1A0] -> 0x46E3
mem[X,0x8001C1A2] -> 0xFEB5
[3017] [M]: 0x8001C1A0 (0xFEB546E3) blt a0, a1, 8172


mem[X,0x8001C1A4] -> 0x0113
mem[X,0x8001C1A6] -> 0x0021
[3018] [M]: 0x8001C1A4 (0x00210113) addi sp, sp, 2
x2 <- 0x00000002


mem[X,0x8001C1A8] -> 0x006F
mem[X,0x8001C1AA] -> 0x00C0
[3019] [M]: 0x8001C1A8 (0x00C0006F) jal zero, 12


mem[X,0x8001C1B4] -> 0xA623
mem[X,0x8001C1B6] -> 0x4A20
[3020] [M]: 0x8001C1B4 (0x4A20A623) sw sp, 1196(ra)
mem[0x80038714] <- 0x00000002


mem[X,0x8001C1B8] -> 0x0513
mem[X,0x8001C1BA] -> 0x0000
[3021] [M]: 0x8001C1B8 (0x00000513) addi a0, zero, 0
x10 <- 0x00000000


mem[X,0x8001C1BC] -> 0xB5B7
mem[X,0x8001C1BE] -> 0x0000
[3022] [M]: 0x8001C1BC (0x0000B5B7) lui a1, 11
x11 <- 0x0000B000


mem[X,0x8001C1C0] -> 0x8593
mem[X,0x8001C1C2] -> 0x5045
[3023] [M]: 0x8001C1C0 (0x50458593) addi a1, a1, 1284
x11 <- 0x0000B504


mem[X,0x8001C1C4] -> 0x0113
mem[X,0x8001C1C6] -> 0x0000
[3024] [M]: 0x8001C1C4 (0x00000113) addi sp, zero, 0
x2 <- 0x00000000


mem[X,0x8001C1C8] -> 0x006F
mem[X,0x8001C1CA] -> 0x0050
[3025] [M]: 0x8001C1C8 (0x0050006F) jal zero, 2052


mem[X,0x8001C9CC] -> 0x40E3
mem[X,0x8001C9CE] -> 0x80B5
[3026] [M]: 0x8001C9CC (0x80B540E3) blt a0, a1, 6144


mem[X,0x8001C1CC] -> 0x0113
mem[X,0x8001C1CE] -> 0x0011
[3027] [M]: 0x8001C1CC (0x00110113) addi sp, sp, 1
x2 <- 0x00000001


mem[X,0x8001C1D0] -> 0x006F
mem[X,0x8001C1D2] -> 0x0110
[3028] [M]: 0x8001C1D0 (0x0110006F) jal zero, 2064


mem[X,0x8001C9E0] -> 0xA823
mem[X,0x8001C9E2] -> 0x4A20
[3029] [M]: 0x8001C9E0 (0x4A20A823) sw sp, 1200(ra)
mem[0x80038718] <- 0x00000001


mem[X,0x8001C9E4] -> 0xB537
mem[X,0x8001C9E6] -> 0xAAAA
[3030] [M]: 0x8001C9E4 (0xAAAAB537) lui a0, 699051
x10 <- 0xAAAAB000


mem[X,0x8001C9E8] -> 0x0513
mem[X,0x8001C9EA] -> 0xAAB5
[3031] [M]: 0x8001C9E8 (0xAAB50513) addi a0, a0, 2731
x10 <- 0xAAAAAAAB


mem[X,0x8001C9EC] -> 0x35B7
mem[X,0x8001C9EE] -> 0x3333
[3032] [M]: 0x8001C9EC (0x333335B7) lui a1, 209715
x11 <- 0x33333000


mem[X,0x8001C9F0] -> 0x8593
mem[X,0x8001C9F2] -> 0x3345
[3033] [M]: 0x8001C9F0 (0x33458593) addi a1, a1, 820
x11 <- 0x33333334


mem[X,0x8001C9F4] -> 0x0113
mem[X,0x8001C9F6] -> 0x0000
[3034] [M]: 0x8001C9F4 (0x00000113) addi sp, zero, 0
x2 <- 0x00000000


mem[X,0x8001C9F8] -> 0x006F
mem[X,0x8001C9FA] -> 0x00C0
[3035] [M]: 0x8001C9F8 (0x00C0006F) jal zero, 12


mem[X,0x8001CA04] -> 0x4CE3
mem[X,0x8001CA06] -> 0xFEB5
[3036] [M]: 0x8001CA04 (0xFEB54CE3) blt a0, a1, 8184


mem[X,0x8001C9FC] -> 0x0113
mem[X,0x8001C9FE] -> 0x0011
[3037] [M]: 0x8001C9FC (0x00110113) addi sp, sp, 1
x2 <- 0x00000001


mem[X,0x8001CA00] -> 0x006F
mem[X,0x8001CA02] -> 0x0180
[3038] [M]: 0x8001CA00 (0x0180006F) jal zero, 24


mem[X,0x8001CA18] -> 0xAA23
mem[X,0x8001CA1A] -> 0x4A20
[3039] [M]: 0x8001CA18 (0x4A20AA23) sw sp, 1204(ra)
mem[0x8003871C] <- 0x00000001


mem[X,0x8001CA1C] -> 0xB537
mem[X,0x8001CA1E] -> 0xAAAA
[3040] [M]: 0x8001CA1C (0xAAAAB537) lui a0, 699051
x10 <- 0xAAAAB000


mem[X,0x8001CA20] -> 0x0513
mem[X,0x8001CA22] -> 0xAAB5
[3041] [M]: 0x8001CA20 (0xAAB50513) addi a0, a0, 2731
x10 <- 0xAAAAAAAB


mem[X,0x8001CA24] -> 0x65B7
mem[X,0x8001CA26] -> 0x6666
[3042] [M]: 0x8001CA24 (0x666665B7) lui a1, 419430
x11 <- 0x66666000


mem[X,0x8001CA28] -> 0x8593
mem[X,0x8001CA2A] -> 0x6675
[3043] [M]: 0x8001CA28 (0x66758593) addi a1, a1, 1639
x11 <- 0x66666667


mem[X,0x8001CA2C] -> 0x0113
mem[X,0x8001CA2E] -> 0x0000
[3044] [M]: 0x8001CA2C (0x00000113) addi sp, zero, 0
x2 <- 0x00000000


mem[X,0x8001CA30] -> 0x006F
mem[X,0x8001CA32] -> 0x00C0
[3045] [M]: 0x8001CA30 (0x00C0006F) jal zero, 12


mem[X,0x8001CA3C] -> 0x4863
mem[X,0x8001CA3E] -> 0x00B5
[3046] [M]: 0x8001CA3C (0x00B54863) blt a0, a1, 16


mem[X,0x8001CA4C] -> 0x0113
mem[X,0x8001CA4E] -> 0x0031
[3047] [M]: 0x8001CA4C (0x00310113) addi sp, sp, 3
x2 <- 0x00000003


mem[X,0x8001CA50] -> 0x006F
mem[X,0x8001CA52] -> 0x0040
[3048] [M]: 0x8001CA50 (0x0040006F) jal zero, 4


mem[X,0x8001CA54] -> 0xAC23
mem[X,0x8001CA56] -> 0x4A20
[3049] [M]: 0x8001CA54 (0x4A20AC23) sw sp, 1208(ra)
mem[0x80038720] <- 0x00000003


mem[X,0x8001CA58] -> 0xB537
mem[X,0x8001CA5A] -> 0xAAAA
[3050] [M]: 0x8001CA58 (0xAAAAB537) lui a0, 699051
x10 <- 0xAAAAB000


mem[X,0x8001CA5C] -> 0x0513
mem[X,0x8001CA5E] -> 0xAAB5
[3051] [M]: 0x8001CA5C (0xAAB50513) addi a0, a0, 2731
x10 <- 0xAAAAAAAB


mem[X,0x8001CA60] -> 0x55B7
mem[X,0x8001CA62] -> 0xFFFF
[3052] [M]: 0x8001CA60 (0xFFFF55B7) lui a1, 1048565
x11 <- 0xFFFF5000


mem[X,0x8001CA64] -> 0x8593
mem[X,0x8001CA66] -> 0xAFD5
[3053] [M]: 0x8001CA64 (0xAFD58593) addi a1, a1, 2813
x11 <- 0xFFFF4AFD


mem[X,0x8001CA68] -> 0x0113
mem[X,0x8001CA6A] -> 0x0000
[3054] [M]: 0x8001CA68 (0x00000113) addi sp, zero, 0
x2 <- 0x00000000


mem[X,0x8001CA6C] -> 0x006F
mem[X,0x8001CA6E] -> 0x0100
[3055] [M]: 0x8001CA6C (0x0100006F) jal zero, 16


mem[X,0x8001CA7C] -> 0x4AE3
mem[X,0x8001CA7E] -> 0xFEB5
[3056] [M]: 0x8001CA7C (0xFEB54AE3) blt a0, a1, 8180


mem[X,0x8001CA70] -> 0x0113
mem[X,0x8001CA72] -> 0x0011
[3057] [M]: 0x8001CA70 (0x00110113) addi sp, sp, 1
x2 <- 0x00000001


mem[X,0x8001CA74] -> 0x006F
mem[X,0x8001CA76] -> 0x01C0
[3058] [M]: 0x8001CA74 (0x01C0006F) jal zero, 28


mem[X,0x8001CA90] -> 0xAE23
mem[X,0x8001CA92] -> 0x4A20
[3059] [M]: 0x8001CA90 (0x4A20AE23) sw sp, 1212(ra)
mem[0x80038724] <- 0x00000001


mem[X,0x8001CA94] -> 0xB537
mem[X,0x8001CA96] -> 0xAAAA
[3060] [M]: 0x8001CA94 (0xAAAAB537) lui a0, 699051
x10 <- 0xAAAAB000


mem[X,0x8001CA98] -> 0x0513
mem[X,0x8001CA9A] -> 0xAAB5
[3061] [M]: 0x8001CA98 (0xAAB50513) addi a0, a0, 2731
x10 <- 0xAAAAAAAB


mem[X,0x8001CA9C] -> 0xB5B7
mem[X,0x8001CA9E] -> 0x0000
[3062] [M]: 0x8001CA9C (0x0000B5B7) lui a1, 11
x11 <- 0x0000B000


mem[X,0x8001CAA0] -> 0x8593
mem[X,0x8001CAA2] -> 0x5055
[3063] [M]: 0x8001CAA0 (0x50558593) addi a1, a1, 1285
x11 <- 0x0000B505


mem[X,0x8001CAA4] -> 0x0113
mem[X,0x8001CAA6] -> 0x0000
[3064] [M]: 0x8001CAA4 (0x00000113) addi sp, zero, 0
x2 <- 0x00000000


mem[X,0x8001CAA8] -> 0x006F
mem[X,0x8001CAAA] -> 0x00C0
[3065] [M]: 0x8001CAA8 (0x00C0006F) jal zero, 12


mem[X,0x8001CAB4] -> 0x4663
mem[X,0x8001CAB6] -> 0x00B5
[3066] [M]: 0x8001CAB4 (0x00B54663) blt a0, a1, 12


mem[X,0x8001CAC0] -> 0x0113
mem[X,0x8001CAC2] -> 0x0031
[3067] [M]: 0x8001CAC0 (0x00310113) addi sp, sp, 3
x2 <- 0x00000003


mem[X,0x8001CAC4] -> 0x006F
mem[X,0x8001CAC6] -> 0x0040
[3068] [M]: 0x8001CAC4 (0x0040006F) jal zero, 4


mem[X,0x8001CAC8] -> 0xA023
mem[X,0x8001CACA] -> 0x4C20
[3069] [M]: 0x8001CAC8 (0x4C20A023) sw sp, 1216(ra)
mem[0x80038728] <- 0x00000003


mem[X,0x8001CACC] -> 0x0513
mem[X,0x8001CACE] -> 0x0060
[3070] [M]: 0x8001CACC (0x00600513) addi a0, zero, 6
x10 <- 0x00000006


mem[X,0x8001CAD0] -> 0x0593
mem[X,0x8001CAD2] -> 0x0030
[3071] [M]: 0x8001CAD0 (0x00300593) addi a1, zero, 3
x11 <- 0x00000003


mem[X,0x8001CAD4] -> 0x0113
mem[X,0x8001CAD6] -> 0x0000
[3072] [M]: 0x8001CAD4 (0x00000113) addi sp, zero, 0
x2 <- 0x00000000


mem[X,0x8001CAD8] -> 0x006F
mem[X,0x8001CADA] -> 0x00C0
[3073] [M]: 0x8001CAD8 (0x00C0006F) jal zero, 12


mem[X,0x8001CAE4] -> 0x4063
mem[X,0x8001CAE6] -> 0x08B5
[3074] [M]: 0x8001CAE4 (0x08B54063) blt a0, a1, 128


mem[X,0x8001CAE8] -> 0x0113
mem[X,0x8001CAEA] -> 0x0021
[3075] [M]: 0x8001CAE8 (0x00210113) addi sp, sp, 2
x2 <- 0x00000002


mem[X,0x8001CAEC] -> 0x006F
mem[X,0x8001CAEE] -> 0x0800
[3076] [M]: 0x8001CAEC (0x0800006F) jal zero, 128


mem[X,0x8001CB6C] -> 0xA223
mem[X,0x8001CB6E] -> 0x4C20
[3077] [M]: 0x8001CB6C (0x4C20A223) sw sp, 1220(ra)
mem[0x8003872C] <- 0x00000002


mem[X,0x8001CB70] -> 0x0513
mem[X,0x8001CB72] -> 0x0060
[3078] [M]: 0x8001CB70 (0x00600513) addi a0, zero, 6
x10 <- 0x00000006


mem[X,0x8001CB74] -> 0x55B7
mem[X,0x8001CB76] -> 0x5555
[3079] [M]: 0x8001CB74 (0x555555B7) lui a1, 349525
x11 <- 0x55555000


mem[X,0x8001CB78] -> 0x8593
mem[X,0x8001CB7A] -> 0x5555
[3080] [M]: 0x8001CB78 (0x55558593) addi a1, a1, 1365
x11 <- 0x55555555


mem[X,0x8001CB7C] -> 0x0113
mem[X,0x8001CB7E] -> 0x0000
[3081] [M]: 0x8001CB7C (0x00000113) addi sp, zero, 0
x2 <- 0x00000000


mem[X,0x8001CB80] -> 0x006F
mem[X,0x8001CB82] -> 0x00C0
[3082] [M]: 0x8001CB80 (0x00C0006F) jal zero, 12


mem[X,0x8001CB8C] -> 0x4663
mem[X,0x8001CB8E] -> 0x00B5
[3083] [M]: 0x8001CB8C (0x00B54663) blt a0, a1, 12


mem[X,0x8001CB98] -> 0x0113
mem[X,0x8001CB9A] -> 0x0031
[3084] [M]: 0x8001CB98 (0x00310113) addi sp, sp, 3
x2 <- 0x00000003


mem[X,0x8001CB9C] -> 0x006F
mem[X,0x8001CB9E] -> 0x0040
[3085] [M]: 0x8001CB9C (0x0040006F) jal zero, 4


mem[X,0x8001CBA0] -> 0xA423
mem[X,0x8001CBA2] -> 0x4C20
[3086] [M]: 0x8001CBA0 (0x4C20A423) sw sp, 1224(ra)
mem[0x80038730] <- 0x00000003


mem[X,0x8001CBA4] -> 0x0513
mem[X,0x8001CBA6] -> 0x0060
[3087] [M]: 0x8001CBA4 (0x00600513) addi a0, zero, 6
x10 <- 0x00000006


mem[X,0x8001CBA8] -> 0xB5B7
mem[X,0x8001CBAA] -> 0xAAAA
[3088] [M]: 0x8001CBA8 (0xAAAAB5B7) lui a1, 699051
x11 <- 0xAAAAB000


mem[X,0x8001CBAC] -> 0x8593
mem[X,0x8001CBAE] -> 0xAAA5
[3089] [M]: 0x8001CBAC (0xAAA58593) addi a1, a1, 2730
x11 <- 0xAAAAAAAA


mem[X,0x8001CBB0] -> 0x0113
mem[X,0x8001CBB2] -> 0x0000
[3090] [M]: 0x8001CBB0 (0x00000113) addi sp, zero, 0
x2 <- 0x00000000


mem[X,0x8001CBB4] -> 0x006F
mem[X,0x8001CBB6] -> 0x00C0
[3091] [M]: 0x8001CBB4 (0x00C0006F) jal zero, 12


mem[X,0x8001CBC0] -> 0x4663
mem[X,0x8001CBC2] -> 0x00B5
[3092] [M]: 0x8001CBC0 (0x00B54663) blt a0, a1, 12


mem[X,0x8001CBC4] -> 0x0113
mem[X,0x8001CBC6] -> 0x0021
[3093] [M]: 0x8001CBC4 (0x00210113) addi sp, sp, 2
x2 <- 0x00000002


mem[X,0x8001CBC8] -> 0x006F
mem[X,0x8001CBCA] -> 0x00C0
[3094] [M]: 0x8001CBC8 (0x00C0006F) jal zero, 12


mem[X,0x8001CBD4] -> 0xA623
mem[X,0x8001CBD6] -> 0x4C20
[3095] [M]: 0x8001CBD4 (0x4C20A623) sw sp, 1228(ra)
mem[0x80038734] <- 0x00000002


mem[X,0x8001CBD8] -> 0x0513
mem[X,0x8001CBDA] -> 0x0060
[3096] [M]: 0x8001CBD8 (0x00600513) addi a0, zero, 6
x10 <- 0x00000006


mem[X,0x8001CBDC] -> 0x0593
mem[X,0x8001CBDE] -> 0x0050
[3097] [M]: 0x8001CBDC (0x00500593) addi a1, zero, 5
x11 <- 0x00000005


mem[X,0x8001CBE0] -> 0x0113
mem[X,0x8001CBE2] -> 0x0000
[3098] [M]: 0x8001CBE0 (0x00000113) addi sp, zero, 0
x2 <- 0x00000000


mem[X,0x8001CBE4] -> 0x006F
mem[X,0x8001CBE6] -> 0x00C0
[3099] [M]: 0x8001CBE4 (0x00C0006F) jal zero, 12


clint::tick mtime <- 0x000000000000001F
 clint timer pending at mtime 0x000000000000001F
htif::tick 0x0000000000000000
mem[X,0x8001CBF0] -> 0x4063
mem[X,0x8001CBF2] -> 0x10B5
[3100] [M]: 0x8001CBF0 (0x10B54063) blt a0, a1, 256


mem[X,0x8001CBF4] -> 0x0113
mem[X,0x8001CBF6] -> 0x0021
[3101] [M]: 0x8001CBF4 (0x00210113) addi sp, sp, 2
x2 <- 0x00000002


mem[X,0x8001CBF8] -> 0x006F
mem[X,0x8001CBFA] -> 0x1000
[3102] [M]: 0x8001CBF8 (0x1000006F) jal zero, 256


mem[X,0x8001CCF8] -> 0xA823
mem[X,0x8001CCFA] -> 0x4C20
[3103] [M]: 0x8001CCF8 (0x4C20A823) sw sp, 1232(ra)
mem[0x80038738] <- 0x00000002


mem[X,0x8001CCFC] -> 0x0513
mem[X,0x8001CCFE] -> 0x0060
[3104] [M]: 0x8001CCFC (0x00600513) addi a0, zero, 6
x10 <- 0x00000006


mem[X,0x8001CD00] -> 0x35B7
mem[X,0x8001CD02] -> 0x3333
[3105] [M]: 0x8001CD00 (0x333335B7) lui a1, 209715
x11 <- 0x33333000


mem[X,0x8001CD04] -> 0x8593
mem[X,0x8001CD06] -> 0x3335
[3106] [M]: 0x8001CD04 (0x33358593) addi a1, a1, 819
x11 <- 0x33333333


mem[X,0x8001CD08] -> 0x0113
mem[X,0x8001CD0A] -> 0x0000
[3107] [M]: 0x8001CD08 (0x00000113) addi sp, zero, 0
x2 <- 0x00000000


mem[X,0x8001CD0C] -> 0x006F
mem[X,0x8001CD0E] -> 0x0100
[3108] [M]: 0x8001CD0C (0x0100006F) jal zero, 16


mem[X,0x8001CD1C] -> 0x4AE3
mem[X,0x8001CD1E] -> 0xFEB5
[3109] [M]: 0x8001CD1C (0xFEB54AE3) blt a0, a1, 8180


mem[X,0x8001CD10] -> 0x0113
mem[X,0x8001CD12] -> 0x0011
[3110] [M]: 0x8001CD10 (0x00110113) addi sp, sp, 1
x2 <- 0x00000001


mem[X,0x8001CD14] -> 0x006F
mem[X,0x8001CD16] -> 0x01C0
[3111] [M]: 0x8001CD14 (0x01C0006F) jal zero, 28


mem[X,0x8001CD30] -> 0xAA23
mem[X,0x8001CD32] -> 0x4C20
[3112] [M]: 0x8001CD30 (0x4C20AA23) sw sp, 1236(ra)
mem[0x8003873C] <- 0x00000001


mem[X,0x8001CD34] -> 0x0513
mem[X,0x8001CD36] -> 0x0060
[3113] [M]: 0x8001CD34 (0x00600513) addi a0, zero, 6
x10 <- 0x00000006


mem[X,0x8001CD38] -> 0x65B7
mem[X,0x8001CD3A] -> 0x6666
[3114] [M]: 0x8001CD38 (0x666665B7) lui a1, 419430
x11 <- 0x66666000


mem[X,0x8001CD3C] -> 0x8593
mem[X,0x8001CD3E] -> 0x6665
[3115] [M]: 0x8001CD3C (0x66658593) addi a1, a1, 1638
x11 <- 0x66666666


mem[X,0x8001CD40] -> 0x0113
mem[X,0x8001CD42] -> 0x0000
[3116] [M]: 0x8001CD40 (0x00000113) addi sp, zero, 0
x2 <- 0x00000000


mem[X,0x8001CD44] -> 0x006F
mem[X,0x8001CD46] -> 0x2B10
[3117] [M]: 0x8001CD44 (0x2B10006F) jal zero, 2736


mem[X,0x8001D7F4] -> 0x4A63
mem[X,0x8001D7F6] -> 0xD4B5
[3118] [M]: 0x8001D7F4 (0xD4B54A63) blt a0, a1, 5460


mem[X,0x8001CD48] -> 0x0113
mem[X,0x8001CD4A] -> 0x0011
[3119] [M]: 0x8001CD48 (0x00110113) addi sp, sp, 1
x2 <- 0x00000001


mem[X,0x8001CD4C] -> 0x006F
mem[X,0x8001CD4E] -> 0x2BD0
[3120] [M]: 0x8001CD4C (0x2BD0006F) jal zero, 2748


mem[X,0x8001D808] -> 0xAC23
mem[X,0x8001D80A] -> 0x4C20
[3121] [M]: 0x8001D808 (0x4C20AC23) sw sp, 1240(ra)
mem[0x80038740] <- 0x00000001


mem[X,0x8001D80C] -> 0x0513
mem[X,0x8001D80E] -> 0x0060
[3122] [M]: 0x8001D80C (0x00600513) addi a0, zero, 6
x10 <- 0x00000006


mem[X,0x8001D810] -> 0x55B7
mem[X,0x8001D812] -> 0xFFFF
[3123] [M]: 0x8001D810 (0xFFFF55B7) lui a1, 1048565
x11 <- 0xFFFF5000


mem[X,0x8001D814] -> 0x8593
mem[X,0x8001D816] -> 0xAFC5
[3124] [M]: 0x8001D814 (0xAFC58593) addi a1, a1, 2812
x11 <- 0xFFFF4AFC


mem[X,0x8001D818] -> 0x0113
mem[X,0x8001D81A] -> 0x0000
[3125] [M]: 0x8001D818 (0x00000113) addi sp, zero, 0
x2 <- 0x00000000


mem[X,0x8001D81C] -> 0x006F
mem[X,0x8001D81E] -> 0x00C0
[3126] [M]: 0x8001D81C (0x00C0006F) jal zero, 12


mem[X,0x8001D828] -> 0x4663
mem[X,0x8001D82A] -> 0x00B5
[3127] [M]: 0x8001D828 (0x00B54663) blt a0, a1, 12


mem[X,0x8001D82C] -> 0x0113
mem[X,0x8001D82E] -> 0x0021
[3128] [M]: 0x8001D82C (0x00210113) addi sp, sp, 2
x2 <- 0x00000002


mem[X,0x8001D830] -> 0x006F
mem[X,0x8001D832] -> 0x00C0
[3129] [M]: 0x8001D830 (0x00C0006F) jal zero, 12


mem[X,0x8001D83C] -> 0xAE23
mem[X,0x8001D83E] -> 0x4C20
[3130] [M]: 0x8001D83C (0x4C20AE23) sw sp, 1244(ra)
mem[0x80038744] <- 0x00000002


mem[X,0x8001D840] -> 0x0513
mem[X,0x8001D842] -> 0x0060
[3131] [M]: 0x8001D840 (0x00600513) addi a0, zero, 6
x10 <- 0x00000006


mem[X,0x8001D844] -> 0xB5B7
mem[X,0x8001D846] -> 0x0000
[3132] [M]: 0x8001D844 (0x0000B5B7) lui a1, 11
x11 <- 0x0000B000


mem[X,0x8001D848] -> 0x8593
mem[X,0x8001D84A] -> 0x5045
[3133] [M]: 0x8001D848 (0x50458593) addi a1, a1, 1284
x11 <- 0x0000B504


mem[X,0x8001D84C] -> 0x0113
mem[X,0x8001D84E] -> 0x0000
[3134] [M]: 0x8001D84C (0x00000113) addi sp, zero, 0
x2 <- 0x00000000


mem[X,0x8001D850] -> 0x006F
mem[X,0x8001D852] -> 0x0140
[3135] [M]: 0x8001D850 (0x0140006F) jal zero, 20


mem[X,0x8001D864] -> 0x48E3
mem[X,0x8001D866] -> 0xFEB5
[3136] [M]: 0x8001D864 (0xFEB548E3) blt a0, a1, 8176


mem[X,0x8001D854] -> 0x0113
mem[X,0x8001D856] -> 0x0011
[3137] [M]: 0x8001D854 (0x00110113) addi sp, sp, 1
x2 <- 0x00000001


mem[X,0x8001D858] -> 0x006F
mem[X,0x8001D85A] -> 0x0200
[3138] [M]: 0x8001D858 (0x0200006F) jal zero, 32


mem[X,0x8001D878] -> 0xA023
mem[X,0x8001D87A] -> 0x4E20
[3139] [M]: 0x8001D878 (0x4E20A023) sw sp, 1248(ra)
mem[0x80038748] <- 0x00000001


mem[X,0x8001D87C] -> 0x0513
mem[X,0x8001D87E] -> 0x0060
[3140] [M]: 0x8001D87C (0x00600513) addi a0, zero, 6
x10 <- 0x00000006


mem[X,0x8001D880] -> 0x0593
mem[X,0x8001D882] -> 0x0020
[3141] [M]: 0x8001D880 (0x00200593) addi a1, zero, 2
x11 <- 0x00000002


mem[X,0x8001D884] -> 0x0113
mem[X,0x8001D886] -> 0x0000
[3142] [M]: 0x8001D884 (0x00000113) addi sp, zero, 0
x2 <- 0x00000000


mem[X,0x8001D888] -> 0x006F
mem[X,0x8001D88A] -> 0x0100
[3143] [M]: 0x8001D888 (0x0100006F) jal zero, 16


mem[X,0x8001D898] -> 0x4AE3
mem[X,0x8001D89A] -> 0xFEB5
[3144] [M]: 0x8001D898 (0xFEB54AE3) blt a0, a1, 8180


mem[X,0x8001D89C] -> 0x0113
mem[X,0x8001D89E] -> 0x0021
[3145] [M]: 0x8001D89C (0x00210113) addi sp, sp, 2
x2 <- 0x00000002


mem[X,0x8001D8A0] -> 0x006F
mem[X,0x8001D8A2] -> 0x00C0
[3146] [M]: 0x8001D8A0 (0x00C0006F) jal zero, 12


mem[X,0x8001D8AC] -> 0xA223
mem[X,0x8001D8AE] -> 0x4E20
[3147] [M]: 0x8001D8AC (0x4E20A223) sw sp, 1252(ra)
mem[0x8003874C] <- 0x00000002


mem[X,0x8001D8B0] -> 0x0513
mem[X,0x8001D8B2] -> 0x0060
[3148] [M]: 0x8001D8B0 (0x00600513) addi a0, zero, 6
x10 <- 0x00000006


mem[X,0x8001D8B4] -> 0x55B7
mem[X,0x8001D8B6] -> 0x5555
[3149] [M]: 0x8001D8B4 (0x555555B7) lui a1, 349525
x11 <- 0x55555000


mem[X,0x8001D8B8] -> 0x8593
mem[X,0x8001D8BA] -> 0x5545
[3150] [M]: 0x8001D8B8 (0x55458593) addi a1, a1, 1364
x11 <- 0x55555554


mem[X,0x8001D8BC] -> 0x0113
mem[X,0x8001D8BE] -> 0x0000
[3151] [M]: 0x8001D8BC (0x00000113) addi sp, zero, 0
x2 <- 0x00000000


mem[X,0x8001D8C0] -> 0x006F
mem[X,0x8001D8C2] -> 0x00C0
[3152] [M]: 0x8001D8C0 (0x00C0006F) jal zero, 12


mem[X,0x8001D8CC] -> 0x4063
mem[X,0x8001D8CE] -> 0x04B5
[3153] [M]: 0x8001D8CC (0x04B54063) blt a0, a1, 64


mem[X,0x8001D90C] -> 0x0113
mem[X,0x8001D90E] -> 0x0031
[3154] [M]: 0x8001D90C (0x00310113) addi sp, sp, 3
x2 <- 0x00000003


mem[X,0x8001D910] -> 0x006F
mem[X,0x8001D912] -> 0x0040
[3155] [M]: 0x8001D910 (0x0040006F) jal zero, 4


mem[X,0x8001D914] -> 0xA423
mem[X,0x8001D916] -> 0x4E20
[3156] [M]: 0x8001D914 (0x4E20A423) sw sp, 1256(ra)
mem[0x80038750] <- 0x00000003


mem[X,0x8001D918] -> 0x0513
mem[X,0x8001D91A] -> 0x0060
[3157] [M]: 0x8001D918 (0x00600513) addi a0, zero, 6
x10 <- 0x00000006


mem[X,0x8001D91C] -> 0x0593
mem[X,0x8001D91E] -> 0x0000
[3158] [M]: 0x8001D91C (0x00000593) addi a1, zero, 0
x11 <- 0x00000000


mem[X,0x8001D920] -> 0x0113
mem[X,0x8001D922] -> 0x0000
[3159] [M]: 0x8001D920 (0x00000113) addi sp, zero, 0
x2 <- 0x00000000


mem[X,0x8001D924] -> 0x006F
mem[X,0x8001D926] -> 0x0140
[3160] [M]: 0x8001D924 (0x0140006F) jal zero, 20


mem[X,0x8001D938] -> 0x48E3
mem[X,0x8001D93A] -> 0xFEB5
[3161] [M]: 0x8001D938 (0xFEB548E3) blt a0, a1, 8176


mem[X,0x8001D93C] -> 0x0113
mem[X,0x8001D93E] -> 0x0021
[3162] [M]: 0x8001D93C (0x00210113) addi sp, sp, 2
x2 <- 0x00000002


mem[X,0x8001D940] -> 0x006F
mem[X,0x8001D942] -> 0x00C0
[3163] [M]: 0x8001D940 (0x00C0006F) jal zero, 12


mem[X,0x8001D94C] -> 0xA623
mem[X,0x8001D94E] -> 0x4E20
[3164] [M]: 0x8001D94C (0x4E20A623) sw sp, 1260(ra)
mem[0x80038754] <- 0x00000002


mem[X,0x8001D950] -> 0x0513
mem[X,0x8001D952] -> 0x0060
[3165] [M]: 0x8001D950 (0x00600513) addi a0, zero, 6
x10 <- 0x00000006


mem[X,0x8001D954] -> 0x0593
mem[X,0x8001D956] -> 0x0040
[3166] [M]: 0x8001D954 (0x00400593) addi a1, zero, 4
x11 <- 0x00000004


mem[X,0x8001D958] -> 0x0113
mem[X,0x8001D95A] -> 0x0000
[3167] [M]: 0x8001D958 (0x00000113) addi sp, zero, 0
x2 <- 0x00000000


mem[X,0x8001D95C] -> 0x006F
mem[X,0x8001D95E] -> 0x2B10
[3168] [M]: 0x8001D95C (0x2B10006F) jal zero, 2736


mem[X,0x8001E40C] -> 0x4A63
mem[X,0x8001E40E] -> 0xD4B5
[3169] [M]: 0x8001E40C (0xD4B54A63) blt a0, a1, 5460


mem[X,0x8001E410] -> 0x0113
mem[X,0x8001E412] -> 0x0021
[3170] [M]: 0x8001E410 (0x00210113) addi sp, sp, 2
x2 <- 0x00000002


mem[X,0x8001E414] -> 0x006F
mem[X,0x8001E416] -> 0x00C0
[3171] [M]: 0x8001E414 (0x00C0006F) jal zero, 12


mem[X,0x8001E420] -> 0xA823
mem[X,0x8001E422] -> 0x4E20
[3172] [M]: 0x8001E420 (0x4E20A823) sw sp, 1264(ra)
mem[0x80038758] <- 0x00000002


mem[X,0x8001E424] -> 0x0513
mem[X,0x8001E426] -> 0x0060
[3173] [M]: 0x8001E424 (0x00600513) addi a0, zero, 6
x10 <- 0x00000006


mem[X,0x8001E428] -> 0x35B7
mem[X,0x8001E42A] -> 0x3333
[3174] [M]: 0x8001E428 (0x333335B7) lui a1, 209715
x11 <- 0x33333000


mem[X,0x8001E42C] -> 0x8593
mem[X,0x8001E42E] -> 0x3325
[3175] [M]: 0x8001E42C (0x33258593) addi a1, a1, 818
x11 <- 0x33333332


mem[X,0x8001E430] -> 0x0113
mem[X,0x8001E432] -> 0x0000
[3176] [M]: 0x8001E430 (0x00000113) addi sp, zero, 0
x2 <- 0x00000000


mem[X,0x8001E434] -> 0x006F
mem[X,0x8001E436] -> 0x00C0
[3177] [M]: 0x8001E434 (0x00C0006F) jal zero, 12


mem[X,0x8001E440] -> 0x4CE3
mem[X,0x8001E442] -> 0xFEB5
[3178] [M]: 0x8001E440 (0xFEB54CE3) blt a0, a1, 8184


mem[X,0x8001E438] -> 0x0113
mem[X,0x8001E43A] -> 0x0011
[3179] [M]: 0x8001E438 (0x00110113) addi sp, sp, 1
x2 <- 0x00000001


mem[X,0x8001E43C] -> 0x006F
mem[X,0x8001E43E] -> 0x0180
[3180] [M]: 0x8001E43C (0x0180006F) jal zero, 24


mem[X,0x8001E454] -> 0xAA23
mem[X,0x8001E456] -> 0x4E20
[3181] [M]: 0x8001E454 (0x4E20AA23) sw sp, 1268(ra)
mem[0x8003875C] <- 0x00000001


mem[X,0x8001E458] -> 0x0513
mem[X,0x8001E45A] -> 0x0060
[3182] [M]: 0x8001E458 (0x00600513) addi a0, zero, 6
x10 <- 0x00000006


mem[X,0x8001E45C] -> 0x65B7
mem[X,0x8001E45E] -> 0x6666
[3183] [M]: 0x8001E45C (0x666665B7) lui a1, 419430
x11 <- 0x66666000


mem[X,0x8001E460] -> 0x8593
mem[X,0x8001E462] -> 0x6655
[3184] [M]: 0x8001E460 (0x66558593) addi a1, a1, 1637
x11 <- 0x66666665


mem[X,0x8001E464] -> 0x0113
mem[X,0x8001E466] -> 0x0000
[3185] [M]: 0x8001E464 (0x00000113) addi sp, zero, 0
x2 <- 0x00000000


mem[X,0x8001E468] -> 0x006F
mem[X,0x8001E46A] -> 0x00C0
[3186] [M]: 0x8001E468 (0x00C0006F) jal zero, 12


mem[X,0x8001E474] -> 0x4063
mem[X,0x8001E476] -> 0x40B5
[3187] [M]: 0x8001E474 (0x40B54063) blt a0, a1, 1024


mem[X,0x8001E874] -> 0x0113
mem[X,0x8001E876] -> 0x0031
[3188] [M]: 0x8001E874 (0x00310113) addi sp, sp, 3
x2 <- 0x00000003


mem[X,0x8001E878] -> 0x006F
mem[X,0x8001E87A] -> 0x0040
[3189] [M]: 0x8001E878 (0x0040006F) jal zero, 4


mem[X,0x8001E87C] -> 0xAC23
mem[X,0x8001E87E] -> 0x4E20
[3190] [M]: 0x8001E87C (0x4E20AC23) sw sp, 1272(ra)
mem[0x80038760] <- 0x00000003


mem[X,0x8001E880] -> 0x0513
mem[X,0x8001E882] -> 0x0060
[3191] [M]: 0x8001E880 (0x00600513) addi a0, zero, 6
x10 <- 0x00000006


mem[X,0x8001E884] -> 0xB5B7
mem[X,0x8001E886] -> 0x0000
[3192] [M]: 0x8001E884 (0x0000B5B7) lui a1, 11
x11 <- 0x0000B000


mem[X,0x8001E888] -> 0x8593
mem[X,0x8001E88A] -> 0x5035
[3193] [M]: 0x8001E888 (0x50358593) addi a1, a1, 1283
x11 <- 0x0000B503


mem[X,0x8001E88C] -> 0x0113
mem[X,0x8001E88E] -> 0x0000
[3194] [M]: 0x8001E88C (0x00000113) addi sp, zero, 0
x2 <- 0x00000000


mem[X,0x8001E890] -> 0x006F
mem[X,0x8001E892] -> 0x00C0
[3195] [M]: 0x8001E890 (0x00C0006F) jal zero, 12


mem[X,0x8001E89C] -> 0x4063
mem[X,0x8001E89E] -> 0x40B5
[3196] [M]: 0x8001E89C (0x40B54063) blt a0, a1, 1024


mem[X,0x8001EC9C] -> 0x0113
mem[X,0x8001EC9E] -> 0x0031
[3197] [M]: 0x8001EC9C (0x00310113) addi sp, sp, 3
x2 <- 0x00000003


mem[X,0x8001ECA0] -> 0x006F
mem[X,0x8001ECA2] -> 0x0040
[3198] [M]: 0x8001ECA0 (0x0040006F) jal zero, 4


mem[X,0x8001ECA4] -> 0xAE23
mem[X,0x8001ECA6] -> 0x4E20
[3199] [M]: 0x8001ECA4 (0x4E20AE23) sw sp, 1276(ra)
mem[0x80038764] <- 0x00000003


clint::tick mtime <- 0x0000000000000020
 clint timer pending at mtime 0x0000000000000020
htif::tick 0x0000000000000000
mem[X,0x8001ECA8] -> 0x0513
mem[X,0x8001ECAA] -> 0x0060
[3200] [M]: 0x8001ECA8 (0x00600513) addi a0, zero, 6
x10 <- 0x00000006


mem[X,0x8001ECAC] -> 0x55B7
mem[X,0x8001ECAE] -> 0x5555
[3201] [M]: 0x8001ECAC (0x555555B7) lui a1, 349525
x11 <- 0x55555000


mem[X,0x8001ECB0] -> 0x8593
mem[X,0x8001ECB2] -> 0x5565
[3202] [M]: 0x8001ECB0 (0x55658593) addi a1, a1, 1366
x11 <- 0x55555556


mem[X,0x8001ECB4] -> 0x0113
mem[X,0x8001ECB6] -> 0x0000
[3203] [M]: 0x8001ECB4 (0x00000113) addi sp, zero, 0
x2 <- 0x00000000


mem[X,0x8001ECB8] -> 0x006F
mem[X,0x8001ECBA] -> 0x0140
[3204] [M]: 0x8001ECB8 (0x0140006F) jal zero, 20


mem[X,0x8001ECCC] -> 0x48E3
mem[X,0x8001ECCE] -> 0xFEB5
[3205] [M]: 0x8001ECCC (0xFEB548E3) blt a0, a1, 8176


mem[X,0x8001ECBC] -> 0x0113
mem[X,0x8001ECBE] -> 0x0011
[3206] [M]: 0x8001ECBC (0x00110113) addi sp, sp, 1
x2 <- 0x00000001


mem[X,0x8001ECC0] -> 0x006F
mem[X,0x8001ECC2] -> 0x0200
[3207] [M]: 0x8001ECC0 (0x0200006F) jal zero, 32


mem[X,0x8001ECE0] -> 0xA023
mem[X,0x8001ECE2] -> 0x5020
[3208] [M]: 0x8001ECE0 (0x5020A023) sw sp, 1280(ra)
mem[0x80038768] <- 0x00000001


mem[X,0x8001ECE4] -> 0x0513
mem[X,0x8001ECE6] -> 0x0060
[3209] [M]: 0x8001ECE4 (0x00600513) addi a0, zero, 6
x10 <- 0x00000006


mem[X,0x8001ECE8] -> 0xB5B7
mem[X,0x8001ECEA] -> 0xAAAA
[3210] [M]: 0x8001ECE8 (0xAAAAB5B7) lui a1, 699051
x11 <- 0xAAAAB000


mem[X,0x8001ECEC] -> 0x8593
mem[X,0x8001ECEE] -> 0xAAB5
[3211] [M]: 0x8001ECEC (0xAAB58593) addi a1, a1, 2731
x11 <- 0xAAAAAAAB


mem[X,0x8001ECF0] -> 0x0113
mem[X,0x8001ECF2] -> 0x0000
[3212] [M]: 0x8001ECF0 (0x00000113) addi sp, zero, 0
x2 <- 0x00000000


mem[X,0x8001ECF4] -> 0x006F
mem[X,0x8001ECF6] -> 0x0050
[3213] [M]: 0x8001ECF4 (0x0050006F) jal zero, 2052


mem[X,0x8001F4F8] -> 0x40E3
mem[X,0x8001F4FA] -> 0x80B5
[3214] [M]: 0x8001F4F8 (0x80B540E3) blt a0, a1, 6144


mem[X,0x8001F4FC] -> 0x0113
mem[X,0x8001F4FE] -> 0x0021
[3215] [M]: 0x8001F4FC (0x00210113) addi sp, sp, 2
x2 <- 0x00000002


mem[X,0x8001F500] -> 0x006F
mem[X,0x8001F502] -> 0x00C0
[3216] [M]: 0x8001F500 (0x00C0006F) jal zero, 12


mem[X,0x8001F50C] -> 0xA223
mem[X,0x8001F50E] -> 0x5020
[3217] [M]: 0x8001F50C (0x5020A223) sw sp, 1284(ra)
mem[0x8003876C] <- 0x00000002


mem[X,0x8001F510] -> 0x0513
mem[X,0x8001F512] -> 0x0060
[3218] [M]: 0x8001F510 (0x00600513) addi a0, zero, 6
x10 <- 0x00000006


mem[X,0x8001F514] -> 0x0593
mem[X,0x8001F516] -> 0x0060
[3219] [M]: 0x8001F514 (0x00600593) addi a1, zero, 6
x11 <- 0x00000006


mem[X,0x8001F518] -> 0x0113
mem[X,0x8001F51A] -> 0x0000
[3220] [M]: 0x8001F518 (0x00000113) addi sp, zero, 0
x2 <- 0x00000000


mem[X,0x8001F51C] -> 0x006F
mem[X,0x8001F51E] -> 0x00C0
[3221] [M]: 0x8001F51C (0x00C0006F) jal zero, 12


mem[X,0x8001F528] -> 0x4663
mem[X,0x8001F52A] -> 0x00B5
[3222] [M]: 0x8001F528 (0x00B54663) blt a0, a1, 12


mem[X,0x8001F52C] -> 0x0113
mem[X,0x8001F52E] -> 0x0021
[3223] [M]: 0x8001F52C (0x00210113) addi sp, sp, 2
x2 <- 0x00000002


mem[X,0x8001F530] -> 0x006F
mem[X,0x8001F532] -> 0x00C0
[3224] [M]: 0x8001F530 (0x00C0006F) jal zero, 12


mem[X,0x8001F53C] -> 0xA423
mem[X,0x8001F53E] -> 0x5020
[3225] [M]: 0x8001F53C (0x5020A423) sw sp, 1288(ra)
mem[0x80038770] <- 0x00000002


mem[X,0x8001F540] -> 0x0513
mem[X,0x8001F542] -> 0x0060
[3226] [M]: 0x8001F540 (0x00600513) addi a0, zero, 6
x10 <- 0x00000006


mem[X,0x8001F544] -> 0x35B7
mem[X,0x8001F546] -> 0x3333
[3227] [M]: 0x8001F544 (0x333335B7) lui a1, 209715
x11 <- 0x33333000


mem[X,0x8001F548] -> 0x8593
mem[X,0x8001F54A] -> 0x3345
[3228] [M]: 0x8001F548 (0x33458593) addi a1, a1, 820
x11 <- 0x33333334


mem[X,0x8001F54C] -> 0x0113
mem[X,0x8001F54E] -> 0x0000
[3229] [M]: 0x8001F54C (0x00000113) addi sp, zero, 0
x2 <- 0x00000000


mem[X,0x8001F550] -> 0x006F
mem[X,0x8001F552] -> 0x0100
[3230] [M]: 0x8001F550 (0x0100006F) jal zero, 16


mem[X,0x8001F560] -> 0x4AE3
mem[X,0x8001F562] -> 0xFEB5
[3231] [M]: 0x8001F560 (0xFEB54AE3) blt a0, a1, 8180


mem[X,0x8001F554] -> 0x0113
mem[X,0x8001F556] -> 0x0011
[3232] [M]: 0x8001F554 (0x00110113) addi sp, sp, 1
x2 <- 0x00000001


mem[X,0x8001F558] -> 0x006F
mem[X,0x8001F55A] -> 0x01C0
[3233] [M]: 0x8001F558 (0x01C0006F) jal zero, 28


mem[X,0x8001F574] -> 0xA623
mem[X,0x8001F576] -> 0x5020
[3234] [M]: 0x8001F574 (0x5020A623) sw sp, 1292(ra)
mem[0x80038774] <- 0x00000001


mem[X,0x8001F578] -> 0x0513
mem[X,0x8001F57A] -> 0x0060
[3235] [M]: 0x8001F578 (0x00600513) addi a0, zero, 6
x10 <- 0x00000006


mem[X,0x8001F57C] -> 0x65B7
mem[X,0x8001F57E] -> 0x6666
[3236] [M]: 0x8001F57C (0x666665B7) lui a1, 419430
x11 <- 0x66666000


mem[X,0x8001F580] -> 0x8593
mem[X,0x8001F582] -> 0x6675
[3237] [M]: 0x8001F580 (0x66758593) addi a1, a1, 1639
x11 <- 0x66666667


mem[X,0x8001F584] -> 0x0113
mem[X,0x8001F586] -> 0x0000
[3238] [M]: 0x8001F584 (0x00000113) addi sp, zero, 0
x2 <- 0x00000000


mem[X,0x8001F588] -> 0x006F
mem[X,0x8001F58A] -> 0x00C0
[3239] [M]: 0x8001F588 (0x00C0006F) jal zero, 12


mem[X,0x8001F594] -> 0x4063
mem[X,0x8001F596] -> 0x20B5
[3240] [M]: 0x8001F594 (0x20B54063) blt a0, a1, 512


mem[X,0x8001F794] -> 0x0113
mem[X,0x8001F796] -> 0x0031
[3241] [M]: 0x8001F794 (0x00310113) addi sp, sp, 3
x2 <- 0x00000003


mem[X,0x8001F798] -> 0x006F
mem[X,0x8001F79A] -> 0x0040
[3242] [M]: 0x8001F798 (0x0040006F) jal zero, 4


mem[X,0x8001F79C] -> 0xA823
mem[X,0x8001F79E] -> 0x5020
[3243] [M]: 0x8001F79C (0x5020A823) sw sp, 1296(ra)
mem[0x80038778] <- 0x00000003


mem[X,0x8001F7A0] -> 0x0513
mem[X,0x8001F7A2] -> 0x0060
[3244] [M]: 0x8001F7A0 (0x00600513) addi a0, zero, 6
x10 <- 0x00000006


mem[X,0x8001F7A4] -> 0x55B7
mem[X,0x8001F7A6] -> 0xFFFF
[3245] [M]: 0x8001F7A4 (0xFFFF55B7) lui a1, 1048565
x11 <- 0xFFFF5000


mem[X,0x8001F7A8] -> 0x8593
mem[X,0x8001F7AA] -> 0xAFD5
[3246] [M]: 0x8001F7A8 (0xAFD58593) addi a1, a1, 2813
x11 <- 0xFFFF4AFD


mem[X,0x8001F7AC] -> 0x0113
mem[X,0x8001F7AE] -> 0x0000
[3247] [M]: 0x8001F7AC (0x00000113) addi sp, zero, 0
x2 <- 0x00000000


mem[X,0x8001F7B0] -> 0x006F
mem[X,0x8001F7B2] -> 0x00C0
[3248] [M]: 0x8001F7B0 (0x00C0006F) jal zero, 12


mem[X,0x8001F7BC] -> 0x4663
mem[X,0x8001F7BE] -> 0x00B5
[3249] [M]: 0x8001F7BC (0x00B54663) blt a0, a1, 12


mem[X,0x8001F7C0] -> 0x0113
mem[X,0x8001F7C2] -> 0x0021
[3250] [M]: 0x8001F7C0 (0x00210113) addi sp, sp, 2
x2 <- 0x00000002


mem[X,0x8001F7C4] -> 0x006F
mem[X,0x8001F7C6] -> 0x00C0
[3251] [M]: 0x8001F7C4 (0x00C0006F) jal zero, 12


mem[X,0x8001F7D0] -> 0xAA23
mem[X,0x8001F7D2] -> 0x5020
[3252] [M]: 0x8001F7D0 (0x5020AA23) sw sp, 1300(ra)
mem[0x8003877C] <- 0x00000002


mem[X,0x8001F7D4] -> 0x0513
mem[X,0x8001F7D6] -> 0x0060
[3253] [M]: 0x8001F7D4 (0x00600513) addi a0, zero, 6
x10 <- 0x00000006


mem[X,0x8001F7D8] -> 0xB5B7
mem[X,0x8001F7DA] -> 0x0000
[3254] [M]: 0x8001F7D8 (0x0000B5B7) lui a1, 11
x11 <- 0x0000B000


mem[X,0x8001F7DC] -> 0x8593
mem[X,0x8001F7DE] -> 0x5055
[3255] [M]: 0x8001F7DC (0x50558593) addi a1, a1, 1285
x11 <- 0x0000B505


mem[X,0x8001F7E0] -> 0x0113
mem[X,0x8001F7E2] -> 0x0000
[3256] [M]: 0x8001F7E0 (0x00000113) addi sp, zero, 0
x2 <- 0x00000000


mem[X,0x8001F7E4] -> 0x006F
mem[X,0x8001F7E6] -> 0x0180
[3257] [M]: 0x8001F7E4 (0x0180006F) jal zero, 24


mem[X,0x8001F7FC] -> 0x46E3
mem[X,0x8001F7FE] -> 0xFEB5
[3258] [M]: 0x8001F7FC (0xFEB546E3) blt a0, a1, 8172


mem[X,0x8001F7E8] -> 0x0113
mem[X,0x8001F7EA] -> 0x0011
[3259] [M]: 0x8001F7E8 (0x00110113) addi sp, sp, 1
x2 <- 0x00000001


mem[X,0x8001F7EC] -> 0x006F
mem[X,0x8001F7EE] -> 0x0240
[3260] [M]: 0x8001F7EC (0x0240006F) jal zero, 36


mem[X,0x8001F810] -> 0xAC23
mem[X,0x8001F812] -> 0x5020
[3261] [M]: 0x8001F810 (0x5020AC23) sw sp, 1304(ra)
mem[0x80038780] <- 0x00000001


mem[X,0x8001F814] -> 0x3537
mem[X,0x8001F816] -> 0x3333
[3262] [M]: 0x8001F814 (0x33333537) lui a0, 209715
x10 <- 0x33333000


mem[X,0x8001F818] -> 0x0513
mem[X,0x8001F81A] -> 0x3345
[3263] [M]: 0x8001F818 (0x33450513) addi a0, a0, 820
x10 <- 0x33333334


mem[X,0x8001F81C] -> 0x0593
mem[X,0x8001F81E] -> 0x0030
[3264] [M]: 0x8001F81C (0x00300593) addi a1, zero, 3
x11 <- 0x00000003


mem[X,0x8001F820] -> 0x0113
mem[X,0x8001F822] -> 0x0000
[3265] [M]: 0x8001F820 (0x00000113) addi sp, zero, 0
x2 <- 0x00000000


mem[X,0x8001F824] -> 0x006F
mem[X,0x8001F826] -> 0x0100
[3266] [M]: 0x8001F824 (0x0100006F) jal zero, 16


mem[X,0x8001F834] -> 0x4AE3
mem[X,0x8001F836] -> 0xFEB5
[3267] [M]: 0x8001F834 (0xFEB54AE3) blt a0, a1, 8180


mem[X,0x8001F838] -> 0x0113
mem[X,0x8001F83A] -> 0x0021
[3268] [M]: 0x8001F838 (0x00210113) addi sp, sp, 2
x2 <- 0x00000002


mem[X,0x8001F83C] -> 0x006F
mem[X,0x8001F83E] -> 0x00C0
[3269] [M]: 0x8001F83C (0x00C0006F) jal zero, 12


mem[X,0x8001F848] -> 0xAE23
mem[X,0x8001F84A] -> 0x5020
[3270] [M]: 0x8001F848 (0x5020AE23) sw sp, 1308(ra)
mem[0x80038784] <- 0x00000002


mem[X,0x8001F84C] -> 0x3537
mem[X,0x8001F84E] -> 0x3333
[3271] [M]: 0x8001F84C (0x33333537) lui a0, 209715
x10 <- 0x33333000


mem[X,0x8001F850] -> 0x0513
mem[X,0x8001F852] -> 0x3345
[3272] [M]: 0x8001F850 (0x33450513) addi a0, a0, 820
x10 <- 0x33333334


mem[X,0x8001F854] -> 0x55B7
mem[X,0x8001F856] -> 0x5555
[3273] [M]: 0x8001F854 (0x555555B7) lui a1, 349525
x11 <- 0x55555000


mem[X,0x8001F858] -> 0x8593
mem[X,0x8001F85A] -> 0x5555
[3274] [M]: 0x8001F858 (0x55558593) addi a1, a1, 1365
x11 <- 0x55555555


mem[X,0x8001F85C] -> 0x0113
mem[X,0x8001F85E] -> 0x0000
[3275] [M]: 0x8001F85C (0x00000113) addi sp, zero, 0
x2 <- 0x00000000


mem[X,0x8001F860] -> 0x006F
mem[X,0x8001F862] -> 0x0140
[3276] [M]: 0x8001F860 (0x0140006F) jal zero, 20


mem[X,0x8001F874] -> 0x48E3
mem[X,0x8001F876] -> 0xFEB5
[3277] [M]: 0x8001F874 (0xFEB548E3) blt a0, a1, 8176


mem[X,0x8001F864] -> 0x0113
mem[X,0x8001F866] -> 0x0011
[3278] [M]: 0x8001F864 (0x00110113) addi sp, sp, 1
x2 <- 0x00000001


mem[X,0x8001F868] -> 0x006F
mem[X,0x8001F86A] -> 0x0200
[3279] [M]: 0x8001F868 (0x0200006F) jal zero, 32


mem[X,0x8001F888] -> 0xA023
mem[X,0x8001F88A] -> 0x5220
[3280] [M]: 0x8001F888 (0x5220A023) sw sp, 1312(ra)
mem[0x80038788] <- 0x00000001


mem[X,0x8001F88C] -> 0x3537
mem[X,0x8001F88E] -> 0x3333
[3281] [M]: 0x8001F88C (0x33333537) lui a0, 209715
x10 <- 0x33333000


mem[X,0x8001F890] -> 0x0513
mem[X,0x8001F892] -> 0x3345
[3282] [M]: 0x8001F890 (0x33450513) addi a0, a0, 820
x10 <- 0x33333334


mem[X,0x8001F894] -> 0xB5B7
mem[X,0x8001F896] -> 0xAAAA
[3283] [M]: 0x8001F894 (0xAAAAB5B7) lui a1, 699051
x11 <- 0xAAAAB000


mem[X,0x8001F898] -> 0x8593
mem[X,0x8001F89A] -> 0xAAA5
[3284] [M]: 0x8001F898 (0xAAA58593) addi a1, a1, 2730
x11 <- 0xAAAAAAAA


mem[X,0x8001F89C] -> 0x0113
mem[X,0x8001F89E] -> 0x0000
[3285] [M]: 0x8001F89C (0x00000113) addi sp, zero, 0
x2 <- 0x00000000


mem[X,0x8001F8A0] -> 0x006F
mem[X,0x8001F8A2] -> 0x00C0
[3286] [M]: 0x8001F8A0 (0x00C0006F) jal zero, 12


mem[X,0x8001F8AC] -> 0x4663
mem[X,0x8001F8AE] -> 0x00B5
[3287] [M]: 0x8001F8AC (0x00B54663) blt a0, a1, 12


mem[X,0x8001F8B0] -> 0x0113
mem[X,0x8001F8B2] -> 0x0021
[3288] [M]: 0x8001F8B0 (0x00210113) addi sp, sp, 2
x2 <- 0x00000002


mem[X,0x8001F8B4] -> 0x006F
mem[X,0x8001F8B6] -> 0x00C0
[3289] [M]: 0x8001F8B4 (0x00C0006F) jal zero, 12


mem[X,0x8001F8C0] -> 0xA223
mem[X,0x8001F8C2] -> 0x5220
[3290] [M]: 0x8001F8C0 (0x5220A223) sw sp, 1316(ra)
mem[0x8003878C] <- 0x00000002


mem[X,0x8001F8C4] -> 0x3537
mem[X,0x8001F8C6] -> 0x3333
[3291] [M]: 0x8001F8C4 (0x33333537) lui a0, 209715
x10 <- 0x33333000


mem[X,0x8001F8C8] -> 0x0513
mem[X,0x8001F8CA] -> 0x3345
[3292] [M]: 0x8001F8C8 (0x33450513) addi a0, a0, 820
x10 <- 0x33333334


mem[X,0x8001F8CC] -> 0x0593
mem[X,0x8001F8CE] -> 0x0050
[3293] [M]: 0x8001F8CC (0x00500593) addi a1, zero, 5
x11 <- 0x00000005


mem[X,0x8001F8D0] -> 0x0113
mem[X,0x8001F8D2] -> 0x0000
[3294] [M]: 0x8001F8D0 (0x00000113) addi sp, zero, 0
x2 <- 0x00000000


mem[X,0x8001F8D4] -> 0x006F
mem[X,0x8001F8D6] -> 0x00C0
[3295] [M]: 0x8001F8D4 (0x00C0006F) jal zero, 12


mem[X,0x8001F8E0] -> 0x4063
mem[X,0x8001F8E2] -> 0x40B5
[3296] [M]: 0x8001F8E0 (0x40B54063) blt a0, a1, 1024


mem[X,0x8001F8E4] -> 0x0113
mem[X,0x8001F8E6] -> 0x0021
[3297] [M]: 0x8001F8E4 (0x00210113) addi sp, sp, 2
x2 <- 0x00000002


mem[X,0x8001F8E8] -> 0x006F
mem[X,0x8001F8EA] -> 0x4000
[3298] [M]: 0x8001F8E8 (0x4000006F) jal zero, 1024


mem[X,0x8001FCE8] -> 0xA423
mem[X,0x8001FCEA] -> 0x5220
[3299] [M]: 0x8001FCE8 (0x5220A423) sw sp, 1320(ra)
mem[0x80038790] <- 0x00000002


clint::tick mtime <- 0x0000000000000021
 clint timer pending at mtime 0x0000000000000021
htif::tick 0x0000000000000000
mem[X,0x8001FCEC] -> 0x3537
mem[X,0x8001FCEE] -> 0x3333
[3300] [M]: 0x8001FCEC (0x33333537) lui a0, 209715
x10 <- 0x33333000


mem[X,0x8001FCF0] -> 0x0513
mem[X,0x8001FCF2] -> 0x3345
[3301] [M]: 0x8001FCF0 (0x33450513) addi a0, a0, 820
x10 <- 0x33333334


mem[X,0x8001FCF4] -> 0x35B7
mem[X,0x8001FCF6] -> 0x3333
[3302] [M]: 0x8001FCF4 (0x333335B7) lui a1, 209715
x11 <- 0x33333000


mem[X,0x8001FCF8] -> 0x8593
mem[X,0x8001FCFA] -> 0x3335
[3303] [M]: 0x8001FCF8 (0x33358593) addi a1, a1, 819
x11 <- 0x33333333


mem[X,0x8001FCFC] -> 0x0113
mem[X,0x8001FCFE] -> 0x0000
[3304] [M]: 0x8001FCFC (0x00000113) addi sp, zero, 0
x2 <- 0x00000000


mem[X,0x8001FD00] -> 0x006F
mem[X,0x8001FD02] -> 0x00C0
[3305] [M]: 0x8001FD00 (0x00C0006F) jal zero, 12


mem[X,0x8001FD0C] -> 0x4663
mem[X,0x8001FD0E] -> 0x00B5
[3306] [M]: 0x8001FD0C (0x00B54663) blt a0, a1, 12


mem[X,0x8001FD10] -> 0x0113
mem[X,0x8001FD12] -> 0x0021
[3307] [M]: 0x8001FD10 (0x00210113) addi sp, sp, 2
x2 <- 0x00000002


mem[X,0x8001FD14] -> 0x006F
mem[X,0x8001FD16] -> 0x00C0
[3308] [M]: 0x8001FD14 (0x00C0006F) jal zero, 12


mem[X,0x8001FD20] -> 0xA623
mem[X,0x8001FD22] -> 0x5220
[3309] [M]: 0x8001FD20 (0x5220A623) sw sp, 1324(ra)
mem[0x80038794] <- 0x00000002


mem[X,0x8001FD24] -> 0x3537
mem[X,0x8001FD26] -> 0x3333
[3310] [M]: 0x8001FD24 (0x33333537) lui a0, 209715
x10 <- 0x33333000


mem[X,0x8001FD28] -> 0x0513
mem[X,0x8001FD2A] -> 0x3345
[3311] [M]: 0x8001FD28 (0x33450513) addi a0, a0, 820
x10 <- 0x33333334


mem[X,0x8001FD2C] -> 0x65B7
mem[X,0x8001FD2E] -> 0x6666
[3312] [M]: 0x8001FD2C (0x666665B7) lui a1, 419430
x11 <- 0x66666000


mem[X,0x8001FD30] -> 0x8593
mem[X,0x8001FD32] -> 0x6665
[3313] [M]: 0x8001FD30 (0x66658593) addi a1, a1, 1638
x11 <- 0x66666666


mem[X,0x8001FD34] -> 0x0113
mem[X,0x8001FD36] -> 0x0000
[3314] [M]: 0x8001FD34 (0x00000113) addi sp, zero, 0
x2 <- 0x00000000


mem[X,0x8001FD38] -> 0x006F
mem[X,0x8001FD3A] -> 0x00C0
[3315] [M]: 0x8001FD38 (0x00C0006F) jal zero, 12


mem[X,0x8001FD44] -> 0x4863
mem[X,0x8001FD46] -> 0x00B5
[3316] [M]: 0x8001FD44 (0x00B54863) blt a0, a1, 16


mem[X,0x8001FD54] -> 0x0113
mem[X,0x8001FD56] -> 0x0031
[3317] [M]: 0x8001FD54 (0x00310113) addi sp, sp, 3
x2 <- 0x00000003


mem[X,0x8001FD58] -> 0x006F
mem[X,0x8001FD5A] -> 0x0040
[3318] [M]: 0x8001FD58 (0x0040006F) jal zero, 4


mem[X,0x8001FD5C] -> 0xA823
mem[X,0x8001FD5E] -> 0x5220
[3319] [M]: 0x8001FD5C (0x5220A823) sw sp, 1328(ra)
mem[0x80038798] <- 0x00000003


mem[X,0x8001FD60] -> 0x3537
mem[X,0x8001FD62] -> 0x3333
[3320] [M]: 0x8001FD60 (0x33333537) lui a0, 209715
x10 <- 0x33333000


mem[X,0x8001FD64] -> 0x0513
mem[X,0x8001FD66] -> 0x3345
[3321] [M]: 0x8001FD64 (0x33450513) addi a0, a0, 820
x10 <- 0x33333334


mem[X,0x8001FD68] -> 0x55B7
mem[X,0x8001FD6A] -> 0xFFFF
[3322] [M]: 0x8001FD68 (0xFFFF55B7) lui a1, 1048565
x11 <- 0xFFFF5000


mem[X,0x8001FD6C] -> 0x8593
mem[X,0x8001FD6E] -> 0xAFC5
[3323] [M]: 0x8001FD6C (0xAFC58593) addi a1, a1, 2812
x11 <- 0xFFFF4AFC


mem[X,0x8001FD70] -> 0x0113
mem[X,0x8001FD72] -> 0x0000
[3324] [M]: 0x8001FD70 (0x00000113) addi sp, zero, 0
x2 <- 0x00000000


mem[X,0x8001FD74] -> 0x006F
mem[X,0x8001FD76] -> 0x00C0
[3325] [M]: 0x8001FD74 (0x00C0006F) jal zero, 12


mem[X,0x8001FD80] -> 0x4063
mem[X,0x8001FD82] -> 0x08B5
[3326] [M]: 0x8001FD80 (0x08B54063) blt a0, a1, 128


mem[X,0x8001FD84] -> 0x0113
mem[X,0x8001FD86] -> 0x0021
[3327] [M]: 0x8001FD84 (0x00210113) addi sp, sp, 2
x2 <- 0x00000002


mem[X,0x8001FD88] -> 0x006F
mem[X,0x8001FD8A] -> 0x0800
[3328] [M]: 0x8001FD88 (0x0800006F) jal zero, 128


mem[X,0x8001FE08] -> 0xAA23
mem[X,0x8001FE0A] -> 0x5220
[3329] [M]: 0x8001FE08 (0x5220AA23) sw sp, 1332(ra)
mem[0x8003879C] <- 0x00000002


mem[X,0x8001FE0C] -> 0x3537
mem[X,0x8001FE0E] -> 0x3333
[3330] [M]: 0x8001FE0C (0x33333537) lui a0, 209715
x10 <- 0x33333000


mem[X,0x8001FE10] -> 0x0513
mem[X,0x8001FE12] -> 0x3345
[3331] [M]: 0x8001FE10 (0x33450513) addi a0, a0, 820
x10 <- 0x33333334


mem[X,0x8001FE14] -> 0xB5B7
mem[X,0x8001FE16] -> 0x0000
[3332] [M]: 0x8001FE14 (0x0000B5B7) lui a1, 11
x11 <- 0x0000B000


mem[X,0x8001FE18] -> 0x8593
mem[X,0x8001FE1A] -> 0x5045
[3333] [M]: 0x8001FE18 (0x50458593) addi a1, a1, 1284
x11 <- 0x0000B504


mem[X,0x8001FE1C] -> 0x0113
mem[X,0x8001FE1E] -> 0x0000
[3334] [M]: 0x8001FE1C (0x00000113) addi sp, zero, 0
x2 <- 0x00000000


mem[X,0x8001FE20] -> 0x006F
mem[X,0x8001FE22] -> 0x2B10
[3335] [M]: 0x8001FE20 (0x2B10006F) jal zero, 2736


mem[X,0x800208D0] -> 0x4A63
mem[X,0x800208D2] -> 0xD4B5
[3336] [M]: 0x800208D0 (0xD4B54A63) blt a0, a1, 5460


mem[X,0x800208D4] -> 0x0113
mem[X,0x800208D6] -> 0x0021
[3337] [M]: 0x800208D4 (0x00210113) addi sp, sp, 2
x2 <- 0x00000002


mem[X,0x800208D8] -> 0x006F
mem[X,0x800208DA] -> 0x00C0
[3338] [M]: 0x800208D8 (0x00C0006F) jal zero, 12


mem[X,0x800208E4] -> 0xAC23
mem[X,0x800208E6] -> 0x5220
[3339] [M]: 0x800208E4 (0x5220AC23) sw sp, 1336(ra)
mem[0x800387A0] <- 0x00000002


mem[X,0x800208E8] -> 0x3537
mem[X,0x800208EA] -> 0x3333
[3340] [M]: 0x800208E8 (0x33333537) lui a0, 209715
x10 <- 0x33333000


mem[X,0x800208EC] -> 0x0513
mem[X,0x800208EE] -> 0x3345
[3341] [M]: 0x800208EC (0x33450513) addi a0, a0, 820
x10 <- 0x33333334


mem[X,0x800208F0] -> 0x0593
mem[X,0x800208F2] -> 0x0020
[3342] [M]: 0x800208F0 (0x00200593) addi a1, zero, 2
x11 <- 0x00000002


mem[X,0x800208F4] -> 0x0113
mem[X,0x800208F6] -> 0x0000
[3343] [M]: 0x800208F4 (0x00000113) addi sp, zero, 0
x2 <- 0x00000000


mem[X,0x800208F8] -> 0x006F
mem[X,0x800208FA] -> 0x00C0
[3344] [M]: 0x800208F8 (0x00C0006F) jal zero, 12


mem[X,0x80020904] -> 0x4063
mem[X,0x80020906] -> 0x02B5
[3345] [M]: 0x80020904 (0x02B54063) blt a0, a1, 32


mem[X,0x80020908] -> 0x0113
mem[X,0x8002090A] -> 0x0021
[3346] [M]: 0x80020908 (0x00210113) addi sp, sp, 2
x2 <- 0x00000002


mem[X,0x8002090C] -> 0x006F
mem[X,0x8002090E] -> 0x0200
[3347] [M]: 0x8002090C (0x0200006F) jal zero, 32


mem[X,0x8002092C] -> 0xAE23
mem[X,0x8002092E] -> 0x5220
[3348] [M]: 0x8002092C (0x5220AE23) sw sp, 1340(ra)
mem[0x800387A4] <- 0x00000002


mem[X,0x80020930] -> 0x3537
mem[X,0x80020932] -> 0x3333
[3349] [M]: 0x80020930 (0x33333537) lui a0, 209715
x10 <- 0x33333000


mem[X,0x80020934] -> 0x0513
mem[X,0x80020936] -> 0x3345
[3350] [M]: 0x80020934 (0x33450513) addi a0, a0, 820
x10 <- 0x33333334


mem[X,0x80020938] -> 0x55B7
mem[X,0x8002093A] -> 0x5555
[3351] [M]: 0x80020938 (0x555555B7) lui a1, 349525
x11 <- 0x55555000


mem[X,0x8002093C] -> 0x8593
mem[X,0x8002093E] -> 0x5545
[3352] [M]: 0x8002093C (0x55458593) addi a1, a1, 1364
x11 <- 0x55555554


mem[X,0x80020940] -> 0x0113
mem[X,0x80020942] -> 0x0000
[3353] [M]: 0x80020940 (0x00000113) addi sp, zero, 0
x2 <- 0x00000000


mem[X,0x80020944] -> 0x006F
mem[X,0x80020946] -> 0x00C0
[3354] [M]: 0x80020944 (0x00C0006F) jal zero, 12


mem[X,0x80020950] -> 0x4CE3
mem[X,0x80020952] -> 0xFEB5
[3355] [M]: 0x80020950 (0xFEB54CE3) blt a0, a1, 8184


mem[X,0x80020948] -> 0x0113
mem[X,0x8002094A] -> 0x0011
[3356] [M]: 0x80020948 (0x00110113) addi sp, sp, 1
x2 <- 0x00000001


mem[X,0x8002094C] -> 0x006F
mem[X,0x8002094E] -> 0x0180
[3357] [M]: 0x8002094C (0x0180006F) jal zero, 24


mem[X,0x80020964] -> 0xA023
mem[X,0x80020966] -> 0x5420
[3358] [M]: 0x80020964 (0x5420A023) sw sp, 1344(ra)
mem[0x800387A8] <- 0x00000001


mem[X,0x80020968] -> 0x3537
mem[X,0x8002096A] -> 0x3333
[3359] [M]: 0x80020968 (0x33333537) lui a0, 209715
x10 <- 0x33333000


mem[X,0x8002096C] -> 0x0513
mem[X,0x8002096E] -> 0x3345
[3360] [M]: 0x8002096C (0x33450513) addi a0, a0, 820
x10 <- 0x33333334


mem[X,0x80020970] -> 0x0593
mem[X,0x80020972] -> 0x0000
[3361] [M]: 0x80020970 (0x00000593) addi a1, zero, 0
x11 <- 0x00000000


mem[X,0x80020974] -> 0x0113
mem[X,0x80020976] -> 0x0000
[3362] [M]: 0x80020974 (0x00000113) addi sp, zero, 0
x2 <- 0x00000000


mem[X,0x80020978] -> 0x006F
mem[X,0x8002097A] -> 0x00C0
[3363] [M]: 0x80020978 (0x00C0006F) jal zero, 12


mem[X,0x80020984] -> 0x4063
mem[X,0x80020986] -> 0x10B5
[3364] [M]: 0x80020984 (0x10B54063) blt a0, a1, 256


mem[X,0x80020988] -> 0x0113
mem[X,0x8002098A] -> 0x0021
[3365] [M]: 0x80020988 (0x00210113) addi sp, sp, 2
x2 <- 0x00000002


mem[X,0x8002098C] -> 0x006F
mem[X,0x8002098E] -> 0x1000
[3366] [M]: 0x8002098C (0x1000006F) jal zero, 256


mem[X,0x80020A8C] -> 0xA223
mem[X,0x80020A8E] -> 0x5420
[3367] [M]: 0x80020A8C (0x5420A223) sw sp, 1348(ra)
mem[0x800387AC] <- 0x00000002


mem[X,0x80020A90] -> 0x3537
mem[X,0x80020A92] -> 0x3333
[3368] [M]: 0x80020A90 (0x33333537) lui a0, 209715
x10 <- 0x33333000


mem[X,0x80020A94] -> 0x0513
mem[X,0x80020A96] -> 0x3345
[3369] [M]: 0x80020A94 (0x33450513) addi a0, a0, 820
x10 <- 0x33333334


mem[X,0x80020A98] -> 0x0593
mem[X,0x80020A9A] -> 0x0040
[3370] [M]: 0x80020A98 (0x00400593) addi a1, zero, 4
x11 <- 0x00000004


mem[X,0x80020A9C] -> 0x0113
mem[X,0x80020A9E] -> 0x0000
[3371] [M]: 0x80020A9C (0x00000113) addi sp, zero, 0
x2 <- 0x00000000


mem[X,0x80020AA0] -> 0x006F
mem[X,0x80020AA2] -> 0x0050
[3372] [M]: 0x80020AA0 (0x0050006F) jal zero, 2052


mem[X,0x800212A4] -> 0x40E3
mem[X,0x800212A6] -> 0x80B5
[3373] [M]: 0x800212A4 (0x80B540E3) blt a0, a1, 6144


mem[X,0x800212A8] -> 0x0113
mem[X,0x800212AA] -> 0x0021
[3374] [M]: 0x800212A8 (0x00210113) addi sp, sp, 2
x2 <- 0x00000002


mem[X,0x800212AC] -> 0x006F
mem[X,0x800212AE] -> 0x00C0
[3375] [M]: 0x800212AC (0x00C0006F) jal zero, 12


mem[X,0x800212B8] -> 0xA423
mem[X,0x800212BA] -> 0x5420
[3376] [M]: 0x800212B8 (0x5420A423) sw sp, 1352(ra)
mem[0x800387B0] <- 0x00000002


mem[X,0x800212BC] -> 0x3537
mem[X,0x800212BE] -> 0x3333
[3377] [M]: 0x800212BC (0x33333537) lui a0, 209715
x10 <- 0x33333000


mem[X,0x800212C0] -> 0x0513
mem[X,0x800212C2] -> 0x3345
[3378] [M]: 0x800212C0 (0x33450513) addi a0, a0, 820
x10 <- 0x33333334


mem[X,0x800212C4] -> 0x35B7
mem[X,0x800212C6] -> 0x3333
[3379] [M]: 0x800212C4 (0x333335B7) lui a1, 209715
x11 <- 0x33333000


mem[X,0x800212C8] -> 0x8593
mem[X,0x800212CA] -> 0x3325
[3380] [M]: 0x800212C8 (0x33258593) addi a1, a1, 818
x11 <- 0x33333332


mem[X,0x800212CC] -> 0x0113
mem[X,0x800212CE] -> 0x0000
[3381] [M]: 0x800212CC (0x00000113) addi sp, zero, 0
x2 <- 0x00000000


mem[X,0x800212D0] -> 0x006F
mem[X,0x800212D2] -> 0x00C0
[3382] [M]: 0x800212D0 (0x00C0006F) jal zero, 12


mem[X,0x800212DC] -> 0x4CE3
mem[X,0x800212DE] -> 0xFEB5
[3383] [M]: 0x800212DC (0xFEB54CE3) blt a0, a1, 8184


mem[X,0x800212E0] -> 0x0113
mem[X,0x800212E2] -> 0x0021
[3384] [M]: 0x800212E0 (0x00210113) addi sp, sp, 2
x2 <- 0x00000002


mem[X,0x800212E4] -> 0x006F
mem[X,0x800212E6] -> 0x00C0
[3385] [M]: 0x800212E4 (0x00C0006F) jal zero, 12


mem[X,0x800212F0] -> 0xA623
mem[X,0x800212F2] -> 0x5420
[3386] [M]: 0x800212F0 (0x5420A623) sw sp, 1356(ra)
mem[0x800387B4] <- 0x00000002


mem[X,0x800212F4] -> 0x3537
mem[X,0x800212F6] -> 0x3333
[3387] [M]: 0x800212F4 (0x33333537) lui a0, 209715
x10 <- 0x33333000


mem[X,0x800212F8] -> 0x0513
mem[X,0x800212FA] -> 0x3345
[3388] [M]: 0x800212F8 (0x33450513) addi a0, a0, 820
x10 <- 0x33333334


mem[X,0x800212FC] -> 0x65B7
mem[X,0x800212FE] -> 0x6666
[3389] [M]: 0x800212FC (0x666665B7) lui a1, 419430
x11 <- 0x66666000


mem[X,0x80021300] -> 0x8593
mem[X,0x80021302] -> 0x6655
[3390] [M]: 0x80021300 (0x66558593) addi a1, a1, 1637
x11 <- 0x66666665


mem[X,0x80021304] -> 0x0113
mem[X,0x80021306] -> 0x0000
[3391] [M]: 0x80021304 (0x00000113) addi sp, zero, 0
x2 <- 0x00000000


mem[X,0x80021308] -> 0x006F
mem[X,0x8002130A] -> 0x00C0
[3392] [M]: 0x80021308 (0x00C0006F) jal zero, 12


mem[X,0x80021314] -> 0x4063
mem[X,0x80021316] -> 0x08B5
[3393] [M]: 0x80021314 (0x08B54063) blt a0, a1, 128


mem[X,0x80021394] -> 0x0113
mem[X,0x80021396] -> 0x0031
[3394] [M]: 0x80021394 (0x00310113) addi sp, sp, 3
x2 <- 0x00000003


mem[X,0x80021398] -> 0x006F
mem[X,0x8002139A] -> 0x0040
[3395] [M]: 0x80021398 (0x0040006F) jal zero, 4


mem[X,0x8002139C] -> 0xA823
mem[X,0x8002139E] -> 0x5420
[3396] [M]: 0x8002139C (0x5420A823) sw sp, 1360(ra)
mem[0x800387B8] <- 0x00000003


mem[X,0x800213A0] -> 0x3537
mem[X,0x800213A2] -> 0x3333
[3397] [M]: 0x800213A0 (0x33333537) lui a0, 209715
x10 <- 0x33333000


mem[X,0x800213A4] -> 0x0513
mem[X,0x800213A6] -> 0x3345
[3398] [M]: 0x800213A4 (0x33450513) addi a0, a0, 820
x10 <- 0x33333334


mem[X,0x800213A8] -> 0xB5B7
mem[X,0x800213AA] -> 0x0000
[3399] [M]: 0x800213A8 (0x0000B5B7) lui a1, 11
x11 <- 0x0000B000


clint::tick mtime <- 0x0000000000000022
 clint timer pending at mtime 0x0000000000000022
htif::tick 0x0000000000000000
mem[X,0x800213AC] -> 0x8593
mem[X,0x800213AE] -> 0x5035
[3400] [M]: 0x800213AC (0x50358593) addi a1, a1, 1283
x11 <- 0x0000B503


mem[X,0x800213B0] -> 0x0113
mem[X,0x800213B2] -> 0x0000
[3401] [M]: 0x800213B0 (0x00000113) addi sp, zero, 0
x2 <- 0x00000000


mem[X,0x800213B4] -> 0x006F
mem[X,0x800213B6] -> 0x00C0
[3402] [M]: 0x800213B4 (0x00C0006F) jal zero, 12


mem[X,0x800213C0] -> 0x4063
mem[X,0x800213C2] -> 0x04B5
[3403] [M]: 0x800213C0 (0x04B54063) blt a0, a1, 64


mem[X,0x800213C4] -> 0x0113
mem[X,0x800213C6] -> 0x0021
[3404] [M]: 0x800213C4 (0x00210113) addi sp, sp, 2
x2 <- 0x00000002


mem[X,0x800213C8] -> 0x006F
mem[X,0x800213CA] -> 0x0400
[3405] [M]: 0x800213C8 (0x0400006F) jal zero, 64


mem[X,0x80021408] -> 0xAA23
mem[X,0x8002140A] -> 0x5420
[3406] [M]: 0x80021408 (0x5420AA23) sw sp, 1364(ra)
mem[0x800387BC] <- 0x00000002


mem[X,0x8002140C] -> 0x3537
mem[X,0x8002140E] -> 0x3333
[3407] [M]: 0x8002140C (0x33333537) lui a0, 209715
x10 <- 0x33333000


mem[X,0x80021410] -> 0x0513
mem[X,0x80021412] -> 0x3345
[3408] [M]: 0x80021410 (0x33450513) addi a0, a0, 820
x10 <- 0x33333334


mem[X,0x80021414] -> 0x55B7
mem[X,0x80021416] -> 0x5555
[3409] [M]: 0x80021414 (0x555555B7) lui a1, 349525
x11 <- 0x55555000


mem[X,0x80021418] -> 0x8593
mem[X,0x8002141A] -> 0x5565
[3410] [M]: 0x80021418 (0x55658593) addi a1, a1, 1366
x11 <- 0x55555556


mem[X,0x8002141C] -> 0x0113
mem[X,0x8002141E] -> 0x0000
[3411] [M]: 0x8002141C (0x00000113) addi sp, zero, 0
x2 <- 0x00000000


mem[X,0x80021420] -> 0x006F
mem[X,0x80021422] -> 0x0100
[3412] [M]: 0x80021420 (0x0100006F) jal zero, 16


mem[X,0x80021430] -> 0x4AE3
mem[X,0x80021432] -> 0xFEB5
[3413] [M]: 0x80021430 (0xFEB54AE3) blt a0, a1, 8180


mem[X,0x80021424] -> 0x0113
mem[X,0x80021426] -> 0x0011
[3414] [M]: 0x80021424 (0x00110113) addi sp, sp, 1
x2 <- 0x00000001


mem[X,0x80021428] -> 0x006F
mem[X,0x8002142A] -> 0x01C0
[3415] [M]: 0x80021428 (0x01C0006F) jal zero, 28


mem[X,0x80021444] -> 0xAC23
mem[X,0x80021446] -> 0x5420
[3416] [M]: 0x80021444 (0x5420AC23) sw sp, 1368(ra)
mem[0x800387C0] <- 0x00000001


mem[X,0x80021448] -> 0x3537
mem[X,0x8002144A] -> 0x3333
[3417] [M]: 0x80021448 (0x33333537) lui a0, 209715
x10 <- 0x33333000


mem[X,0x8002144C] -> 0x0513
mem[X,0x8002144E] -> 0x3345
[3418] [M]: 0x8002144C (0x33450513) addi a0, a0, 820
x10 <- 0x33333334


mem[X,0x80021450] -> 0xB5B7
mem[X,0x80021452] -> 0xAAAA
[3419] [M]: 0x80021450 (0xAAAAB5B7) lui a1, 699051
x11 <- 0xAAAAB000


mem[X,0x80021454] -> 0x8593
mem[X,0x80021456] -> 0xAAB5
[3420] [M]: 0x80021454 (0xAAB58593) addi a1, a1, 2731
x11 <- 0xAAAAAAAB


mem[X,0x80021458] -> 0x0113
mem[X,0x8002145A] -> 0x0000
[3421] [M]: 0x80021458 (0x00000113) addi sp, zero, 0
x2 <- 0x00000000


mem[X,0x8002145C] -> 0x006F
mem[X,0x8002145E] -> 0x00C0
[3422] [M]: 0x8002145C (0x00C0006F) jal zero, 12


mem[X,0x80021468] -> 0x4663
mem[X,0x8002146A] -> 0x00B5
[3423] [M]: 0x80021468 (0x00B54663) blt a0, a1, 12


mem[X,0x8002146C] -> 0x0113
mem[X,0x8002146E] -> 0x0021
[3424] [M]: 0x8002146C (0x00210113) addi sp, sp, 2
x2 <- 0x00000002


mem[X,0x80021470] -> 0x006F
mem[X,0x80021472] -> 0x00C0
[3425] [M]: 0x80021470 (0x00C0006F) jal zero, 12


mem[X,0x8002147C] -> 0xAE23
mem[X,0x8002147E] -> 0x5420
[3426] [M]: 0x8002147C (0x5420AE23) sw sp, 1372(ra)
mem[0x800387C4] <- 0x00000002


mem[X,0x80021480] -> 0x3537
mem[X,0x80021482] -> 0x3333
[3427] [M]: 0x80021480 (0x33333537) lui a0, 209715
x10 <- 0x33333000


mem[X,0x80021484] -> 0x0513
mem[X,0x80021486] -> 0x3345
[3428] [M]: 0x80021484 (0x33450513) addi a0, a0, 820
x10 <- 0x33333334


mem[X,0x80021488] -> 0x0593
mem[X,0x8002148A] -> 0x0060
[3429] [M]: 0x80021488 (0x00600593) addi a1, zero, 6
x11 <- 0x00000006


mem[X,0x8002148C] -> 0x0113
mem[X,0x8002148E] -> 0x0000
[3430] [M]: 0x8002148C (0x00000113) addi sp, zero, 0
x2 <- 0x00000000


mem[X,0x80021490] -> 0x006F
mem[X,0x80021492] -> 0x00C0
[3431] [M]: 0x80021490 (0x00C0006F) jal zero, 12


mem[X,0x8002149C] -> 0x4863
mem[X,0x8002149E] -> 0x00B5
[3432] [M]: 0x8002149C (0x00B54863) blt a0, a1, 16


mem[X,0x800214A0] -> 0x0113
mem[X,0x800214A2] -> 0x0021
[3433] [M]: 0x800214A0 (0x00210113) addi sp, sp, 2
x2 <- 0x00000002


mem[X,0x800214A4] -> 0x006F
mem[X,0x800214A6] -> 0x0100
[3434] [M]: 0x800214A4 (0x0100006F) jal zero, 16


mem[X,0x800214B4] -> 0xA023
mem[X,0x800214B6] -> 0x5620
[3435] [M]: 0x800214B4 (0x5620A023) sw sp, 1376(ra)
mem[0x800387C8] <- 0x00000002


mem[X,0x800214B8] -> 0x3537
mem[X,0x800214BA] -> 0x3333
[3436] [M]: 0x800214B8 (0x33333537) lui a0, 209715
x10 <- 0x33333000


mem[X,0x800214BC] -> 0x0513
mem[X,0x800214BE] -> 0x3345
[3437] [M]: 0x800214BC (0x33450513) addi a0, a0, 820
x10 <- 0x33333334


mem[X,0x800214C0] -> 0x35B7
mem[X,0x800214C2] -> 0x3333
[3438] [M]: 0x800214C0 (0x333335B7) lui a1, 209715
x11 <- 0x33333000


mem[X,0x800214C4] -> 0x8593
mem[X,0x800214C6] -> 0x3345
[3439] [M]: 0x800214C4 (0x33458593) addi a1, a1, 820
x11 <- 0x33333334


mem[X,0x800214C8] -> 0x0113
mem[X,0x800214CA] -> 0x0000
[3440] [M]: 0x800214C8 (0x00000113) addi sp, zero, 0
x2 <- 0x00000000


mem[X,0x800214CC] -> 0x006F
mem[X,0x800214CE] -> 0x00C0
[3441] [M]: 0x800214CC (0x00C0006F) jal zero, 12


mem[X,0x800214D8] -> 0x4CE3
mem[X,0x800214DA] -> 0xFEB5
[3442] [M]: 0x800214D8 (0xFEB54CE3) blt a0, a1, 8184


mem[X,0x800214DC] -> 0x0113
mem[X,0x800214DE] -> 0x0021
[3443] [M]: 0x800214DC (0x00210113) addi sp, sp, 2
x2 <- 0x00000002


mem[X,0x800214E0] -> 0x006F
mem[X,0x800214E2] -> 0x00C0
[3444] [M]: 0x800214E0 (0x00C0006F) jal zero, 12


mem[X,0x800214EC] -> 0xA223
mem[X,0x800214EE] -> 0x5620
[3445] [M]: 0x800214EC (0x5620A223) sw sp, 1380(ra)
mem[0x800387CC] <- 0x00000002


mem[X,0x800214F0] -> 0x3537
mem[X,0x800214F2] -> 0x3333
[3446] [M]: 0x800214F0 (0x33333537) lui a0, 209715
x10 <- 0x33333000


mem[X,0x800214F4] -> 0x0513
mem[X,0x800214F6] -> 0x3345
[3447] [M]: 0x800214F4 (0x33450513) addi a0, a0, 820
x10 <- 0x33333334


mem[X,0x800214F8] -> 0x65B7
mem[X,0x800214FA] -> 0x6666
[3448] [M]: 0x800214F8 (0x666665B7) lui a1, 419430
x11 <- 0x66666000


mem[X,0x800214FC] -> 0x8593
mem[X,0x800214FE] -> 0x6675
[3449] [M]: 0x800214FC (0x66758593) addi a1, a1, 1639
x11 <- 0x66666667


mem[X,0x80021500] -> 0x0113
mem[X,0x80021502] -> 0x0000
[3450] [M]: 0x80021500 (0x00000113) addi sp, zero, 0
x2 <- 0x00000000


mem[X,0x80021504] -> 0x006F
mem[X,0x80021506] -> 0x0100
[3451] [M]: 0x80021504 (0x0100006F) jal zero, 16


mem[X,0x80021514] -> 0x4AE3
mem[X,0x80021516] -> 0xFEB5
[3452] [M]: 0x80021514 (0xFEB54AE3) blt a0, a1, 8180


mem[X,0x80021508] -> 0x0113
mem[X,0x8002150A] -> 0x0011
[3453] [M]: 0x80021508 (0x00110113) addi sp, sp, 1
x2 <- 0x00000001


mem[X,0x8002150C] -> 0x006F
mem[X,0x8002150E] -> 0x01C0
[3454] [M]: 0x8002150C (0x01C0006F) jal zero, 28


mem[X,0x80021528] -> 0xA423
mem[X,0x8002152A] -> 0x5620
[3455] [M]: 0x80021528 (0x5620A423) sw sp, 1384(ra)
mem[0x800387D0] <- 0x00000001


mem[X,0x8002152C] -> 0x3537
mem[X,0x8002152E] -> 0x3333
[3456] [M]: 0x8002152C (0x33333537) lui a0, 209715
x10 <- 0x33333000


mem[X,0x80021530] -> 0x0513
mem[X,0x80021532] -> 0x3345
[3457] [M]: 0x80021530 (0x33450513) addi a0, a0, 820
x10 <- 0x33333334


mem[X,0x80021534] -> 0x55B7
mem[X,0x80021536] -> 0xFFFF
[3458] [M]: 0x80021534 (0xFFFF55B7) lui a1, 1048565
x11 <- 0xFFFF5000


mem[X,0x80021538] -> 0x8593
mem[X,0x8002153A] -> 0xAFD5
[3459] [M]: 0x80021538 (0xAFD58593) addi a1, a1, 2813
x11 <- 0xFFFF4AFD


mem[X,0x8002153C] -> 0x0113
mem[X,0x8002153E] -> 0x0000
[3460] [M]: 0x8002153C (0x00000113) addi sp, zero, 0
x2 <- 0x00000000


mem[X,0x80021540] -> 0x006F
mem[X,0x80021542] -> 0x00C0
[3461] [M]: 0x80021540 (0x00C0006F) jal zero, 12


mem[X,0x8002154C] -> 0x4663
mem[X,0x8002154E] -> 0x00B5
[3462] [M]: 0x8002154C (0x00B54663) blt a0, a1, 12


mem[X,0x80021550] -> 0x0113
mem[X,0x80021552] -> 0x0021
[3463] [M]: 0x80021550 (0x00210113) addi sp, sp, 2
x2 <- 0x00000002


mem[X,0x80021554] -> 0x006F
mem[X,0x80021556] -> 0x00C0
[3464] [M]: 0x80021554 (0x00C0006F) jal zero, 12


mem[X,0x80021560] -> 0xA623
mem[X,0x80021562] -> 0x5620
[3465] [M]: 0x80021560 (0x5620A623) sw sp, 1388(ra)
mem[0x800387D4] <- 0x00000002


mem[X,0x80021564] -> 0x3537
mem[X,0x80021566] -> 0x3333
[3466] [M]: 0x80021564 (0x33333537) lui a0, 209715
x10 <- 0x33333000


mem[X,0x80021568] -> 0x0513
mem[X,0x8002156A] -> 0x3345
[3467] [M]: 0x80021568 (0x33450513) addi a0, a0, 820
x10 <- 0x33333334


mem[X,0x8002156C] -> 0xB5B7
mem[X,0x8002156E] -> 0x0000
[3468] [M]: 0x8002156C (0x0000B5B7) lui a1, 11
x11 <- 0x0000B000


mem[X,0x80021570] -> 0x8593
mem[X,0x80021572] -> 0x5055
[3469] [M]: 0x80021570 (0x50558593) addi a1, a1, 1285
x11 <- 0x0000B505


mem[X,0x80021574] -> 0x0113
mem[X,0x80021576] -> 0x0000
[3470] [M]: 0x80021574 (0x00000113) addi sp, zero, 0
x2 <- 0x00000000


mem[X,0x80021578] -> 0x006F
mem[X,0x8002157A] -> 0x00C0
[3471] [M]: 0x80021578 (0x00C0006F) jal zero, 12


mem[X,0x80021584] -> 0x4063
mem[X,0x80021586] -> 0x20B5
[3472] [M]: 0x80021584 (0x20B54063) blt a0, a1, 512


mem[X,0x80021588] -> 0x0113
mem[X,0x8002158A] -> 0x0021
[3473] [M]: 0x80021588 (0x00210113) addi sp, sp, 2
x2 <- 0x00000002


mem[X,0x8002158C] -> 0x006F
mem[X,0x8002158E] -> 0x2000
[3474] [M]: 0x8002158C (0x2000006F) jal zero, 512


mem[X,0x8002178C] -> 0xA823
mem[X,0x8002178E] -> 0x5620
[3475] [M]: 0x8002178C (0x5620A823) sw sp, 1392(ra)
mem[0x800387D8] <- 0x00000002


mem[X,0x80021790] -> 0x6537
mem[X,0x80021792] -> 0x6666
[3476] [M]: 0x80021790 (0x66666537) lui a0, 419430
x10 <- 0x66666000


mem[X,0x80021794] -> 0x0513
mem[X,0x80021796] -> 0x6675
[3477] [M]: 0x80021794 (0x66750513) addi a0, a0, 1639
x10 <- 0x66666667


mem[X,0x80021798] -> 0x0593
mem[X,0x8002179A] -> 0x0030
[3478] [M]: 0x80021798 (0x00300593) addi a1, zero, 3
x11 <- 0x00000003


mem[X,0x8002179C] -> 0x0113
mem[X,0x8002179E] -> 0x0000
[3479] [M]: 0x8002179C (0x00000113) addi sp, zero, 0
x2 <- 0x00000000


mem[X,0x800217A0] -> 0x006F
mem[X,0x800217A2] -> 0x00C0
[3480] [M]: 0x800217A0 (0x00C0006F) jal zero, 12


mem[X,0x800217AC] -> 0x4663
mem[X,0x800217AE] -> 0x00B5
[3481] [M]: 0x800217AC (0x00B54663) blt a0, a1, 12


mem[X,0x800217B0] -> 0x0113
mem[X,0x800217B2] -> 0x0021
[3482] [M]: 0x800217B0 (0x00210113) addi sp, sp, 2
x2 <- 0x00000002


mem[X,0x800217B4] -> 0x006F
mem[X,0x800217B6] -> 0x00C0
[3483] [M]: 0x800217B4 (0x00C0006F) jal zero, 12


mem[X,0x800217C0] -> 0xAA23
mem[X,0x800217C2] -> 0x5620
[3484] [M]: 0x800217C0 (0x5620AA23) sw sp, 1396(ra)
mem[0x800387DC] <- 0x00000002


mem[X,0x800217C4] -> 0x6537
mem[X,0x800217C6] -> 0x6666
[3485] [M]: 0x800217C4 (0x66666537) lui a0, 419430
x10 <- 0x66666000


mem[X,0x800217C8] -> 0x0513
mem[X,0x800217CA] -> 0x6675
[3486] [M]: 0x800217C8 (0x66750513) addi a0, a0, 1639
x10 <- 0x66666667


mem[X,0x800217CC] -> 0x55B7
mem[X,0x800217CE] -> 0x5555
[3487] [M]: 0x800217CC (0x555555B7) lui a1, 349525
x11 <- 0x55555000


mem[X,0x800217D0] -> 0x8593
mem[X,0x800217D2] -> 0x5555
[3488] [M]: 0x800217D0 (0x55558593) addi a1, a1, 1365
x11 <- 0x55555555


mem[X,0x800217D4] -> 0x0113
mem[X,0x800217D6] -> 0x0000
[3489] [M]: 0x800217D4 (0x00000113) addi sp, zero, 0
x2 <- 0x00000000


mem[X,0x800217D8] -> 0x006F
mem[X,0x800217DA] -> 0x00C0
[3490] [M]: 0x800217D8 (0x00C0006F) jal zero, 12


mem[X,0x800217E4] -> 0x4063
mem[X,0x800217E6] -> 0x40B5
[3491] [M]: 0x800217E4 (0x40B54063) blt a0, a1, 1024


mem[X,0x800217E8] -> 0x0113
mem[X,0x800217EA] -> 0x0021
[3492] [M]: 0x800217E8 (0x00210113) addi sp, sp, 2
x2 <- 0x00000002


mem[X,0x800217EC] -> 0x006F
mem[X,0x800217EE] -> 0x4000
[3493] [M]: 0x800217EC (0x4000006F) jal zero, 1024


mem[X,0x80021BEC] -> 0xAC23
mem[X,0x80021BEE] -> 0x5620
[3494] [M]: 0x80021BEC (0x5620AC23) sw sp, 1400(ra)
mem[0x800387E0] <- 0x00000002


mem[X,0x80021BF0] -> 0x6537
mem[X,0x80021BF2] -> 0x6666
[3495] [M]: 0x80021BF0 (0x66666537) lui a0, 419430
x10 <- 0x66666000


mem[X,0x80021BF4] -> 0x0513
mem[X,0x80021BF6] -> 0x6675
[3496] [M]: 0x80021BF4 (0x66750513) addi a0, a0, 1639
x10 <- 0x66666667


mem[X,0x80021BF8] -> 0xB5B7
mem[X,0x80021BFA] -> 0xAAAA
[3497] [M]: 0x80021BF8 (0xAAAAB5B7) lui a1, 699051
x11 <- 0xAAAAB000


mem[X,0x80021BFC] -> 0x8593
mem[X,0x80021BFE] -> 0xAAA5
[3498] [M]: 0x80021BFC (0xAAA58593) addi a1, a1, 2730
x11 <- 0xAAAAAAAA


mem[X,0x80021C00] -> 0x0113
mem[X,0x80021C02] -> 0x0000
[3499] [M]: 0x80021C00 (0x00000113) addi sp, zero, 0
x2 <- 0x00000000


clint::tick mtime <- 0x0000000000000023
 clint timer pending at mtime 0x0000000000000023
htif::tick 0x0000000000000000
mem[X,0x80021C04] -> 0x006F
mem[X,0x80021C06] -> 0x00C0
[3500] [M]: 0x80021C04 (0x00C0006F) jal zero, 12


mem[X,0x80021C10] -> 0x4CE3
mem[X,0x80021C12] -> 0xFEB5
[3501] [M]: 0x80021C10 (0xFEB54CE3) blt a0, a1, 8184


mem[X,0x80021C14] -> 0x0113
mem[X,0x80021C16] -> 0x0021
[3502] [M]: 0x80021C14 (0x00210113) addi sp, sp, 2
x2 <- 0x00000002


mem[X,0x80021C18] -> 0x006F
mem[X,0x80021C1A] -> 0x00C0
[3503] [M]: 0x80021C18 (0x00C0006F) jal zero, 12


mem[X,0x80021C24] -> 0xAE23
mem[X,0x80021C26] -> 0x5620
[3504] [M]: 0x80021C24 (0x5620AE23) sw sp, 1404(ra)
mem[0x800387E4] <- 0x00000002


mem[X,0x80021C28] -> 0x6537
mem[X,0x80021C2A] -> 0x6666
[3505] [M]: 0x80021C28 (0x66666537) lui a0, 419430
x10 <- 0x66666000


mem[X,0x80021C2C] -> 0x0513
mem[X,0x80021C2E] -> 0x6675
[3506] [M]: 0x80021C2C (0x66750513) addi a0, a0, 1639
x10 <- 0x66666667


mem[X,0x80021C30] -> 0x0593
mem[X,0x80021C32] -> 0x0050
[3507] [M]: 0x80021C30 (0x00500593) addi a1, zero, 5
x11 <- 0x00000005


mem[X,0x80021C34] -> 0x0113
mem[X,0x80021C36] -> 0x0000
[3508] [M]: 0x80021C34 (0x00000113) addi sp, zero, 0
x2 <- 0x00000000


mem[X,0x80021C38] -> 0x006F
mem[X,0x80021C3A] -> 0x00C0
[3509] [M]: 0x80021C38 (0x00C0006F) jal zero, 12


mem[X,0x80021C44] -> 0x4863
mem[X,0x80021C46] -> 0x00B5
[3510] [M]: 0x80021C44 (0x00B54863) blt a0, a1, 16


mem[X,0x80021C48] -> 0x0113
mem[X,0x80021C4A] -> 0x0021
[3511] [M]: 0x80021C48 (0x00210113) addi sp, sp, 2
x2 <- 0x00000002


mem[X,0x80021C4C] -> 0x006F
mem[X,0x80021C4E] -> 0x0100
[3512] [M]: 0x80021C4C (0x0100006F) jal zero, 16


mem[X,0x80021C5C] -> 0xA023
mem[X,0x80021C5E] -> 0x5820
[3513] [M]: 0x80021C5C (0x5820A023) sw sp, 1408(ra)
mem[0x800387E8] <- 0x00000002


mem[X,0x80021C60] -> 0x6537
mem[X,0x80021C62] -> 0x6666
[3514] [M]: 0x80021C60 (0x66666537) lui a0, 419430
x10 <- 0x66666000


mem[X,0x80021C64] -> 0x0513
mem[X,0x80021C66] -> 0x6675
[3515] [M]: 0x80021C64 (0x66750513) addi a0, a0, 1639
x10 <- 0x66666667


mem[X,0x80021C68] -> 0x35B7
mem[X,0x80021C6A] -> 0x3333
[3516] [M]: 0x80021C68 (0x333335B7) lui a1, 209715
x11 <- 0x33333000


mem[X,0x80021C6C] -> 0x8593
mem[X,0x80021C6E] -> 0x3335
[3517] [M]: 0x80021C6C (0x33358593) addi a1, a1, 819
x11 <- 0x33333333


mem[X,0x80021C70] -> 0x0113
mem[X,0x80021C72] -> 0x0000
[3518] [M]: 0x80021C70 (0x00000113) addi sp, zero, 0
x2 <- 0x00000000


mem[X,0x80021C74] -> 0x006F
mem[X,0x80021C76] -> 0x00C0
[3519] [M]: 0x80021C74 (0x00C0006F) jal zero, 12


mem[X,0x80021C80] -> 0x4063
mem[X,0x80021C82] -> 0x02B5
[3520] [M]: 0x80021C80 (0x02B54063) blt a0, a1, 32


mem[X,0x80021C84] -> 0x0113
mem[X,0x80021C86] -> 0x0021
[3521] [M]: 0x80021C84 (0x00210113) addi sp, sp, 2
x2 <- 0x00000002


mem[X,0x80021C88] -> 0x006F
mem[X,0x80021C8A] -> 0x0200
[3522] [M]: 0x80021C88 (0x0200006F) jal zero, 32


mem[X,0x80021CA8] -> 0xA223
mem[X,0x80021CAA] -> 0x5820
[3523] [M]: 0x80021CA8 (0x5820A223) sw sp, 1412(ra)
mem[0x800387EC] <- 0x00000002


mem[X,0x80021CAC] -> 0x6537
mem[X,0x80021CAE] -> 0x6666
[3524] [M]: 0x80021CAC (0x66666537) lui a0, 419430
x10 <- 0x66666000


mem[X,0x80021CB0] -> 0x0513
mem[X,0x80021CB2] -> 0x6675
[3525] [M]: 0x80021CB0 (0x66750513) addi a0, a0, 1639
x10 <- 0x66666667


mem[X,0x80021CB4] -> 0x65B7
mem[X,0x80021CB6] -> 0x6666
[3526] [M]: 0x80021CB4 (0x666665B7) lui a1, 419430
x11 <- 0x66666000


mem[X,0x80021CB8] -> 0x8593
mem[X,0x80021CBA] -> 0x6665
[3527] [M]: 0x80021CB8 (0x66658593) addi a1, a1, 1638
x11 <- 0x66666666


mem[X,0x80021CBC] -> 0x0113
mem[X,0x80021CBE] -> 0x0000
[3528] [M]: 0x80021CBC (0x00000113) addi sp, zero, 0
x2 <- 0x00000000


mem[X,0x80021CC0] -> 0x006F
mem[X,0x80021CC2] -> 0x00C0
[3529] [M]: 0x80021CC0 (0x00C0006F) jal zero, 12


mem[X,0x80021CCC] -> 0x4063
mem[X,0x80021CCE] -> 0x08B5
[3530] [M]: 0x80021CCC (0x08B54063) blt a0, a1, 128


mem[X,0x80021CD0] -> 0x0113
mem[X,0x80021CD2] -> 0x0021
[3531] [M]: 0x80021CD0 (0x00210113) addi sp, sp, 2
x2 <- 0x00000002


mem[X,0x80021CD4] -> 0x006F
mem[X,0x80021CD6] -> 0x0800
[3532] [M]: 0x80021CD4 (0x0800006F) jal zero, 128


mem[X,0x80021D54] -> 0xA423
mem[X,0x80021D56] -> 0x5820
[3533] [M]: 0x80021D54 (0x5820A423) sw sp, 1416(ra)
mem[0x800387F0] <- 0x00000002


mem[X,0x80021D58] -> 0x6537
mem[X,0x80021D5A] -> 0x6666
[3534] [M]: 0x80021D58 (0x66666537) lui a0, 419430
x10 <- 0x66666000


mem[X,0x80021D5C] -> 0x0513
mem[X,0x80021D5E] -> 0x6675
[3535] [M]: 0x80021D5C (0x66750513) addi a0, a0, 1639
x10 <- 0x66666667


mem[X,0x80021D60] -> 0x55B7
mem[X,0x80021D62] -> 0xFFFF
[3536] [M]: 0x80021D60 (0xFFFF55B7) lui a1, 1048565
x11 <- 0xFFFF5000


mem[X,0x80021D64] -> 0x8593
mem[X,0x80021D66] -> 0xAFC5
[3537] [M]: 0x80021D64 (0xAFC58593) addi a1, a1, 2812
x11 <- 0xFFFF4AFC


mem[X,0x80021D68] -> 0x0113
mem[X,0x80021D6A] -> 0x0000
[3538] [M]: 0x80021D68 (0x00000113) addi sp, zero, 0
x2 <- 0x00000000


mem[X,0x80021D6C] -> 0x006F
mem[X,0x80021D6E] -> 0x00C0
[3539] [M]: 0x80021D6C (0x00C0006F) jal zero, 12


mem[X,0x80021D78] -> 0x4663
mem[X,0x80021D7A] -> 0x00B5
[3540] [M]: 0x80021D78 (0x00B54663) blt a0, a1, 12


mem[X,0x80021D7C] -> 0x0113
mem[X,0x80021D7E] -> 0x0021
[3541] [M]: 0x80021D7C (0x00210113) addi sp, sp, 2
x2 <- 0x00000002


mem[X,0x80021D80] -> 0x006F
mem[X,0x80021D82] -> 0x00C0
[3542] [M]: 0x80021D80 (0x00C0006F) jal zero, 12


mem[X,0x80021D8C] -> 0xA623
mem[X,0x80021D8E] -> 0x5820
[3543] [M]: 0x80021D8C (0x5820A623) sw sp, 1420(ra)
mem[0x800387F4] <- 0x00000002


mem[X,0x80021D90] -> 0x6537
mem[X,0x80021D92] -> 0x6666
[3544] [M]: 0x80021D90 (0x66666537) lui a0, 419430
x10 <- 0x66666000


mem[X,0x80021D94] -> 0x0513
mem[X,0x80021D96] -> 0x6675
[3545] [M]: 0x80021D94 (0x66750513) addi a0, a0, 1639
x10 <- 0x66666667


mem[X,0x80021D98] -> 0xB5B7
mem[X,0x80021D9A] -> 0x0000
[3546] [M]: 0x80021D98 (0x0000B5B7) lui a1, 11
x11 <- 0x0000B000


mem[X,0x80021D9C] -> 0x8593
mem[X,0x80021D9E] -> 0x5045
[3547] [M]: 0x80021D9C (0x50458593) addi a1, a1, 1284
x11 <- 0x0000B504


mem[X,0x80021DA0] -> 0x0113
mem[X,0x80021DA2] -> 0x0000
[3548] [M]: 0x80021DA0 (0x00000113) addi sp, zero, 0
x2 <- 0x00000000


mem[X,0x80021DA4] -> 0x006F
mem[X,0x80021DA6] -> 0x0100
[3549] [M]: 0x80021DA4 (0x0100006F) jal zero, 16


mem[X,0x80021DB4] -> 0x4AE3
mem[X,0x80021DB6] -> 0xFEB5
[3550] [M]: 0x80021DB4 (0xFEB54AE3) blt a0, a1, 8180


mem[X,0x80021DB8] -> 0x0113
mem[X,0x80021DBA] -> 0x0021
[3551] [M]: 0x80021DB8 (0x00210113) addi sp, sp, 2
x2 <- 0x00000002


mem[X,0x80021DBC] -> 0x006F
mem[X,0x80021DBE] -> 0x00C0
[3552] [M]: 0x80021DBC (0x00C0006F) jal zero, 12


mem[X,0x80021DC8] -> 0xA823
mem[X,0x80021DCA] -> 0x5820
[3553] [M]: 0x80021DC8 (0x5820A823) sw sp, 1424(ra)
mem[0x800387F8] <- 0x00000002


mem[X,0x80021DCC] -> 0x6537
mem[X,0x80021DCE] -> 0x6666
[3554] [M]: 0x80021DCC (0x66666537) lui a0, 419430
x10 <- 0x66666000


mem[X,0x80021DD0] -> 0x0513
mem[X,0x80021DD2] -> 0x6675
[3555] [M]: 0x80021DD0 (0x66750513) addi a0, a0, 1639
x10 <- 0x66666667


mem[X,0x80021DD4] -> 0x0593
mem[X,0x80021DD6] -> 0x0020
[3556] [M]: 0x80021DD4 (0x00200593) addi a1, zero, 2
x11 <- 0x00000002


mem[X,0x80021DD8] -> 0x0113
mem[X,0x80021DDA] -> 0x0000
[3557] [M]: 0x80021DD8 (0x00000113) addi sp, zero, 0
x2 <- 0x00000000


mem[X,0x80021DDC] -> 0x006F
mem[X,0x80021DDE] -> 0x2B10
[3558] [M]: 0x80021DDC (0x2B10006F) jal zero, 2736


mem[X,0x8002288C] -> 0x4A63
mem[X,0x8002288E] -> 0xD4B5
[3559] [M]: 0x8002288C (0xD4B54A63) blt a0, a1, 5460


mem[X,0x80022890] -> 0x0113
mem[X,0x80022892] -> 0x0021
[3560] [M]: 0x80022890 (0x00210113) addi sp, sp, 2
x2 <- 0x00000002


mem[X,0x80022894] -> 0x006F
mem[X,0x80022896] -> 0x00C0
[3561] [M]: 0x80022894 (0x00C0006F) jal zero, 12


mem[X,0x800228A0] -> 0xAA23
mem[X,0x800228A2] -> 0x5820
[3562] [M]: 0x800228A0 (0x5820AA23) sw sp, 1428(ra)
mem[0x800387FC] <- 0x00000002


mem[X,0x800228A4] -> 0x6537
mem[X,0x800228A6] -> 0x6666
[3563] [M]: 0x800228A4 (0x66666537) lui a0, 419430
x10 <- 0x66666000


mem[X,0x800228A8] -> 0x0513
mem[X,0x800228AA] -> 0x6675
[3564] [M]: 0x800228A8 (0x66750513) addi a0, a0, 1639
x10 <- 0x66666667


mem[X,0x800228AC] -> 0x55B7
mem[X,0x800228AE] -> 0x5555
[3565] [M]: 0x800228AC (0x555555B7) lui a1, 349525
x11 <- 0x55555000


mem[X,0x800228B0] -> 0x8593
mem[X,0x800228B2] -> 0x5545
[3566] [M]: 0x800228B0 (0x55458593) addi a1, a1, 1364
x11 <- 0x55555554


mem[X,0x800228B4] -> 0x0113
mem[X,0x800228B6] -> 0x0000
[3567] [M]: 0x800228B4 (0x00000113) addi sp, zero, 0
x2 <- 0x00000000


mem[X,0x800228B8] -> 0x006F
mem[X,0x800228BA] -> 0x00C0
[3568] [M]: 0x800228B8 (0x00C0006F) jal zero, 12


mem[X,0x800228C4] -> 0x4063
mem[X,0x800228C6] -> 0x04B5
[3569] [M]: 0x800228C4 (0x04B54063) blt a0, a1, 64


mem[X,0x800228C8] -> 0x0113
mem[X,0x800228CA] -> 0x0021
[3570] [M]: 0x800228C8 (0x00210113) addi sp, sp, 2
x2 <- 0x00000002


mem[X,0x800228CC] -> 0x006F
mem[X,0x800228CE] -> 0x0400
[3571] [M]: 0x800228CC (0x0400006F) jal zero, 64


mem[X,0x8002290C] -> 0xAC23
mem[X,0x8002290E] -> 0x5820
[3572] [M]: 0x8002290C (0x5820AC23) sw sp, 1432(ra)
mem[0x80038800] <- 0x00000002


mem[X,0x80022910] -> 0x6537
mem[X,0x80022912] -> 0x6666
[3573] [M]: 0x80022910 (0x66666537) lui a0, 419430
x10 <- 0x66666000


mem[X,0x80022914] -> 0x0513
mem[X,0x80022916] -> 0x6675
[3574] [M]: 0x80022914 (0x66750513) addi a0, a0, 1639
x10 <- 0x66666667


mem[X,0x80022918] -> 0x0593
mem[X,0x8002291A] -> 0x0000
[3575] [M]: 0x80022918 (0x00000593) addi a1, zero, 0
x11 <- 0x00000000


mem[X,0x8002291C] -> 0x0113
mem[X,0x8002291E] -> 0x0000
[3576] [M]: 0x8002291C (0x00000113) addi sp, zero, 0
x2 <- 0x00000000


mem[X,0x80022920] -> 0x006F
mem[X,0x80022922] -> 0x00C0
[3577] [M]: 0x80022920 (0x00C0006F) jal zero, 12


mem[X,0x8002292C] -> 0x4CE3
mem[X,0x8002292E] -> 0xFEB5
[3578] [M]: 0x8002292C (0xFEB54CE3) blt a0, a1, 8184


mem[X,0x80022930] -> 0x0113
mem[X,0x80022932] -> 0x0021
[3579] [M]: 0x80022930 (0x00210113) addi sp, sp, 2
x2 <- 0x00000002


mem[X,0x80022934] -> 0x006F
mem[X,0x80022936] -> 0x00C0
[3580] [M]: 0x80022934 (0x00C0006F) jal zero, 12


mem[X,0x80022940] -> 0xAE23
mem[X,0x80022942] -> 0x5820
[3581] [M]: 0x80022940 (0x5820AE23) sw sp, 1436(ra)
mem[0x80038804] <- 0x00000002


mem[X,0x80022944] -> 0x6537
mem[X,0x80022946] -> 0x6666
[3582] [M]: 0x80022944 (0x66666537) lui a0, 419430
x10 <- 0x66666000


mem[X,0x80022948] -> 0x0513
mem[X,0x8002294A] -> 0x6675
[3583] [M]: 0x80022948 (0x66750513) addi a0, a0, 1639
x10 <- 0x66666667


mem[X,0x8002294C] -> 0x0593
mem[X,0x8002294E] -> 0x0040
[3584] [M]: 0x8002294C (0x00400593) addi a1, zero, 4
x11 <- 0x00000004


mem[X,0x80022950] -> 0x0113
mem[X,0x80022952] -> 0x0000
[3585] [M]: 0x80022950 (0x00000113) addi sp, zero, 0
x2 <- 0x00000000


mem[X,0x80022954] -> 0x006F
mem[X,0x80022956] -> 0x00C0
[3586] [M]: 0x80022954 (0x00C0006F) jal zero, 12


mem[X,0x80022960] -> 0x4663
mem[X,0x80022962] -> 0x00B5
[3587] [M]: 0x80022960 (0x00B54663) blt a0, a1, 12


mem[X,0x80022964] -> 0x0113
mem[X,0x80022966] -> 0x0021
[3588] [M]: 0x80022964 (0x00210113) addi sp, sp, 2
x2 <- 0x00000002


mem[X,0x80022968] -> 0x006F
mem[X,0x8002296A] -> 0x00C0
[3589] [M]: 0x80022968 (0x00C0006F) jal zero, 12


mem[X,0x80022974] -> 0xA023
mem[X,0x80022976] -> 0x5A20
[3590] [M]: 0x80022974 (0x5A20A023) sw sp, 1440(ra)
mem[0x80038808] <- 0x00000002


mem[X,0x80022978] -> 0x6537
mem[X,0x8002297A] -> 0x6666
[3591] [M]: 0x80022978 (0x66666537) lui a0, 419430
x10 <- 0x66666000


mem[X,0x8002297C] -> 0x0513
mem[X,0x8002297E] -> 0x6675
[3592] [M]: 0x8002297C (0x66750513) addi a0, a0, 1639
x10 <- 0x66666667


mem[X,0x80022980] -> 0x35B7
mem[X,0x80022982] -> 0x3333
[3593] [M]: 0x80022980 (0x333335B7) lui a1, 209715
x11 <- 0x33333000


mem[X,0x80022984] -> 0x8593
mem[X,0x80022986] -> 0x3325
[3594] [M]: 0x80022984 (0x33258593) addi a1, a1, 818
x11 <- 0x33333332


mem[X,0x80022988] -> 0x0113
mem[X,0x8002298A] -> 0x0000
[3595] [M]: 0x80022988 (0x00000113) addi sp, zero, 0
x2 <- 0x00000000


mem[X,0x8002298C] -> 0x006F
mem[X,0x8002298E] -> 0x00C0
[3596] [M]: 0x8002298C (0x00C0006F) jal zero, 12


mem[X,0x80022998] -> 0x4663
mem[X,0x8002299A] -> 0x00B5
[3597] [M]: 0x80022998 (0x00B54663) blt a0, a1, 12


mem[X,0x8002299C] -> 0x0113
mem[X,0x8002299E] -> 0x0021
[3598] [M]: 0x8002299C (0x00210113) addi sp, sp, 2
x2 <- 0x00000002


mem[X,0x800229A0] -> 0x006F
mem[X,0x800229A2] -> 0x00C0
[3599] [M]: 0x800229A0 (0x00C0006F) jal zero, 12


clint::tick mtime <- 0x0000000000000024
 clint timer pending at mtime 0x0000000000000024
htif::tick 0x0000000000000000
mem[X,0x800229AC] -> 0xA223
mem[X,0x800229AE] -> 0x5A20
[3600] [M]: 0x800229AC (0x5A20A223) sw sp, 1444(ra)
mem[0x8003880C] <- 0x00000002


mem[X,0x800229B0] -> 0x6537
mem[X,0x800229B2] -> 0x6666
[3601] [M]: 0x800229B0 (0x66666537) lui a0, 419430
x10 <- 0x66666000


mem[X,0x800229B4] -> 0x0513
mem[X,0x800229B6] -> 0x6675
[3602] [M]: 0x800229B4 (0x66750513) addi a0, a0, 1639
x10 <- 0x66666667


mem[X,0x800229B8] -> 0x65B7
mem[X,0x800229BA] -> 0x6666
[3603] [M]: 0x800229B8 (0x666665B7) lui a1, 419430
x11 <- 0x66666000


mem[X,0x800229BC] -> 0x8593
mem[X,0x800229BE] -> 0x6655
[3604] [M]: 0x800229BC (0x66558593) addi a1, a1, 1637
x11 <- 0x66666665


mem[X,0x800229C0] -> 0x0113
mem[X,0x800229C2] -> 0x0000
[3605] [M]: 0x800229C0 (0x00000113) addi sp, zero, 0
x2 <- 0x00000000


mem[X,0x800229C4] -> 0x006F
mem[X,0x800229C6] -> 0x00C0
[3606] [M]: 0x800229C4 (0x00C0006F) jal zero, 12


mem[X,0x800229D0] -> 0x4663
mem[X,0x800229D2] -> 0x00B5
[3607] [M]: 0x800229D0 (0x00B54663) blt a0, a1, 12


mem[X,0x800229D4] -> 0x0113
mem[X,0x800229D6] -> 0x0021
[3608] [M]: 0x800229D4 (0x00210113) addi sp, sp, 2
x2 <- 0x00000002


mem[X,0x800229D8] -> 0x006F
mem[X,0x800229DA] -> 0x00C0
[3609] [M]: 0x800229D8 (0x00C0006F) jal zero, 12


mem[X,0x800229E4] -> 0xA423
mem[X,0x800229E6] -> 0x5A20
[3610] [M]: 0x800229E4 (0x5A20A423) sw sp, 1448(ra)
mem[0x80038810] <- 0x00000002


mem[X,0x800229E8] -> 0x6537
mem[X,0x800229EA] -> 0x6666
[3611] [M]: 0x800229E8 (0x66666537) lui a0, 419430
x10 <- 0x66666000


mem[X,0x800229EC] -> 0x0513
mem[X,0x800229EE] -> 0x6675
[3612] [M]: 0x800229EC (0x66750513) addi a0, a0, 1639
x10 <- 0x66666667


mem[X,0x800229F0] -> 0xB5B7
mem[X,0x800229F2] -> 0x0000
[3613] [M]: 0x800229F0 (0x0000B5B7) lui a1, 11
x11 <- 0x0000B000


mem[X,0x800229F4] -> 0x8593
mem[X,0x800229F6] -> 0x5035
[3614] [M]: 0x800229F4 (0x50358593) addi a1, a1, 1283
x11 <- 0x0000B503


mem[X,0x800229F8] -> 0x0113
mem[X,0x800229FA] -> 0x0000
[3615] [M]: 0x800229F8 (0x00000113) addi sp, zero, 0
x2 <- 0x00000000


mem[X,0x800229FC] -> 0x006F
mem[X,0x800229FE] -> 0x00C0
[3616] [M]: 0x800229FC (0x00C0006F) jal zero, 12


mem[X,0x80022A08] -> 0x4063
mem[X,0x80022A0A] -> 0x10B5
[3617] [M]: 0x80022A08 (0x10B54063) blt a0, a1, 256


mem[X,0x80022A0C] -> 0x0113
mem[X,0x80022A0E] -> 0x0021
[3618] [M]: 0x80022A0C (0x00210113) addi sp, sp, 2
x2 <- 0x00000002


mem[X,0x80022A10] -> 0x006F
mem[X,0x80022A12] -> 0x1000
[3619] [M]: 0x80022A10 (0x1000006F) jal zero, 256


mem[X,0x80022B10] -> 0xA623
mem[X,0x80022B12] -> 0x5A20
[3620] [M]: 0x80022B10 (0x5A20A623) sw sp, 1452(ra)
mem[0x80038814] <- 0x00000002


mem[X,0x80022B14] -> 0x6537
mem[X,0x80022B16] -> 0x6666
[3621] [M]: 0x80022B14 (0x66666537) lui a0, 419430
x10 <- 0x66666000


mem[X,0x80022B18] -> 0x0513
mem[X,0x80022B1A] -> 0x6675
[3622] [M]: 0x80022B18 (0x66750513) addi a0, a0, 1639
x10 <- 0x66666667


mem[X,0x80022B1C] -> 0x55B7
mem[X,0x80022B1E] -> 0x5555
[3623] [M]: 0x80022B1C (0x555555B7) lui a1, 349525
x11 <- 0x55555000


mem[X,0x80022B20] -> 0x8593
mem[X,0x80022B22] -> 0x5565
[3624] [M]: 0x80022B20 (0x55658593) addi a1, a1, 1366
x11 <- 0x55555556


mem[X,0x80022B24] -> 0x0113
mem[X,0x80022B26] -> 0x0000
[3625] [M]: 0x80022B24 (0x00000113) addi sp, zero, 0
x2 <- 0x00000000


mem[X,0x80022B28] -> 0x006F
mem[X,0x80022B2A] -> 0x00C0
[3626] [M]: 0x80022B28 (0x00C0006F) jal zero, 12


mem[X,0x80022B34] -> 0x4063
mem[X,0x80022B36] -> 0x20B5
[3627] [M]: 0x80022B34 (0x20B54063) blt a0, a1, 512


mem[X,0x80022B38] -> 0x0113
mem[X,0x80022B3A] -> 0x0021
[3628] [M]: 0x80022B38 (0x00210113) addi sp, sp, 2
x2 <- 0x00000002


mem[X,0x80022B3C] -> 0x006F
mem[X,0x80022B3E] -> 0x2000
[3629] [M]: 0x80022B3C (0x2000006F) jal zero, 512


mem[X,0x80022D3C] -> 0xA823
mem[X,0x80022D3E] -> 0x5A20
[3630] [M]: 0x80022D3C (0x5A20A823) sw sp, 1456(ra)
mem[0x80038818] <- 0x00000002


mem[X,0x80022D40] -> 0x6537
mem[X,0x80022D42] -> 0x6666
[3631] [M]: 0x80022D40 (0x66666537) lui a0, 419430
x10 <- 0x66666000


mem[X,0x80022D44] -> 0x0513
mem[X,0x80022D46] -> 0x6675
[3632] [M]: 0x80022D44 (0x66750513) addi a0, a0, 1639
x10 <- 0x66666667


mem[X,0x80022D48] -> 0xB5B7
mem[X,0x80022D4A] -> 0xAAAA
[3633] [M]: 0x80022D48 (0xAAAAB5B7) lui a1, 699051
x11 <- 0xAAAAB000


mem[X,0x80022D4C] -> 0x8593
mem[X,0x80022D4E] -> 0xAAB5
[3634] [M]: 0x80022D4C (0xAAB58593) addi a1, a1, 2731
x11 <- 0xAAAAAAAB


mem[X,0x80022D50] -> 0x0113
mem[X,0x80022D52] -> 0x0000
[3635] [M]: 0x80022D50 (0x00000113) addi sp, zero, 0
x2 <- 0x00000000


mem[X,0x80022D54] -> 0x006F
mem[X,0x80022D56] -> 0x00C0
[3636] [M]: 0x80022D54 (0x00C0006F) jal zero, 12


mem[X,0x80022D60] -> 0x4CE3
mem[X,0x80022D62] -> 0xFEB5
[3637] [M]: 0x80022D60 (0xFEB54CE3) blt a0, a1, 8184


mem[X,0x80022D64] -> 0x0113
mem[X,0x80022D66] -> 0x0021
[3638] [M]: 0x80022D64 (0x00210113) addi sp, sp, 2
x2 <- 0x00000002


mem[X,0x80022D68] -> 0x006F
mem[X,0x80022D6A] -> 0x00C0
[3639] [M]: 0x80022D68 (0x00C0006F) jal zero, 12


mem[X,0x80022D74] -> 0xAA23
mem[X,0x80022D76] -> 0x5A20
[3640] [M]: 0x80022D74 (0x5A20AA23) sw sp, 1460(ra)
mem[0x8003881C] <- 0x00000002


mem[X,0x80022D78] -> 0x6537
mem[X,0x80022D7A] -> 0x6666
[3641] [M]: 0x80022D78 (0x66666537) lui a0, 419430
x10 <- 0x66666000


mem[X,0x80022D7C] -> 0x0513
mem[X,0x80022D7E] -> 0x6675
[3642] [M]: 0x80022D7C (0x66750513) addi a0, a0, 1639
x10 <- 0x66666667


mem[X,0x80022D80] -> 0x0593
mem[X,0x80022D82] -> 0x0060
[3643] [M]: 0x80022D80 (0x00600593) addi a1, zero, 6
x11 <- 0x00000006


mem[X,0x80022D84] -> 0x0113
mem[X,0x80022D86] -> 0x0000
[3644] [M]: 0x80022D84 (0x00000113) addi sp, zero, 0
x2 <- 0x00000000


mem[X,0x80022D88] -> 0x006F
mem[X,0x80022D8A] -> 0x00C0
[3645] [M]: 0x80022D88 (0x00C0006F) jal zero, 12


mem[X,0x80022D94] -> 0x4663
mem[X,0x80022D96] -> 0x00B5
[3646] [M]: 0x80022D94 (0x00B54663) blt a0, a1, 12


mem[X,0x80022D98] -> 0x0113
mem[X,0x80022D9A] -> 0x0021
[3647] [M]: 0x80022D98 (0x00210113) addi sp, sp, 2
x2 <- 0x00000002


mem[X,0x80022D9C] -> 0x006F
mem[X,0x80022D9E] -> 0x00C0
[3648] [M]: 0x80022D9C (0x00C0006F) jal zero, 12


mem[X,0x80022DA8] -> 0xAC23
mem[X,0x80022DAA] -> 0x5A20
[3649] [M]: 0x80022DA8 (0x5A20AC23) sw sp, 1464(ra)
mem[0x80038820] <- 0x00000002


mem[X,0x80022DAC] -> 0x6537
mem[X,0x80022DAE] -> 0x6666
[3650] [M]: 0x80022DAC (0x66666537) lui a0, 419430
x10 <- 0x66666000


mem[X,0x80022DB0] -> 0x0513
mem[X,0x80022DB2] -> 0x6675
[3651] [M]: 0x80022DB0 (0x66750513) addi a0, a0, 1639
x10 <- 0x66666667


mem[X,0x80022DB4] -> 0x35B7
mem[X,0x80022DB6] -> 0x3333
[3652] [M]: 0x80022DB4 (0x333335B7) lui a1, 209715
x11 <- 0x33333000


mem[X,0x80022DB8] -> 0x8593
mem[X,0x80022DBA] -> 0x3345
[3653] [M]: 0x80022DB8 (0x33458593) addi a1, a1, 820
x11 <- 0x33333334


mem[X,0x80022DBC] -> 0x0113
mem[X,0x80022DBE] -> 0x0000
[3654] [M]: 0x80022DBC (0x00000113) addi sp, zero, 0
x2 <- 0x00000000


mem[X,0x80022DC0] -> 0x006F
mem[X,0x80022DC2] -> 0x0100
[3655] [M]: 0x80022DC0 (0x0100006F) jal zero, 16


mem[X,0x80022DD0] -> 0x4AE3
mem[X,0x80022DD2] -> 0xFEB5
[3656] [M]: 0x80022DD0 (0xFEB54AE3) blt a0, a1, 8180


mem[X,0x80022DD4] -> 0x0113
mem[X,0x80022DD6] -> 0x0021
[3657] [M]: 0x80022DD4 (0x00210113) addi sp, sp, 2
x2 <- 0x00000002


mem[X,0x80022DD8] -> 0x006F
mem[X,0x80022DDA] -> 0x00C0
[3658] [M]: 0x80022DD8 (0x00C0006F) jal zero, 12


mem[X,0x80022DE4] -> 0xAE23
mem[X,0x80022DE6] -> 0x5A20
[3659] [M]: 0x80022DE4 (0x5A20AE23) sw sp, 1468(ra)
mem[0x80038824] <- 0x00000002


mem[X,0x80022DE8] -> 0x6537
mem[X,0x80022DEA] -> 0x6666
[3660] [M]: 0x80022DE8 (0x66666537) lui a0, 419430
x10 <- 0x66666000


mem[X,0x80022DEC] -> 0x0513
mem[X,0x80022DEE] -> 0x6675
[3661] [M]: 0x80022DEC (0x66750513) addi a0, a0, 1639
x10 <- 0x66666667


mem[X,0x80022DF0] -> 0x65B7
mem[X,0x80022DF2] -> 0x6666
[3662] [M]: 0x80022DF0 (0x666665B7) lui a1, 419430
x11 <- 0x66666000


mem[X,0x80022DF4] -> 0x8593
mem[X,0x80022DF6] -> 0x6675
[3663] [M]: 0x80022DF4 (0x66758593) addi a1, a1, 1639
x11 <- 0x66666667


mem[X,0x80022DF8] -> 0x0113
mem[X,0x80022DFA] -> 0x0000
[3664] [M]: 0x80022DF8 (0x00000113) addi sp, zero, 0
x2 <- 0x00000000


mem[X,0x80022DFC] -> 0x006F
mem[X,0x80022DFE] -> 0x2B10
[3665] [M]: 0x80022DFC (0x2B10006F) jal zero, 2736


mem[X,0x800238AC] -> 0x4A63
mem[X,0x800238AE] -> 0xD4B5
[3666] [M]: 0x800238AC (0xD4B54A63) blt a0, a1, 5460


mem[X,0x800238B0] -> 0x0113
mem[X,0x800238B2] -> 0x0021
[3667] [M]: 0x800238B0 (0x00210113) addi sp, sp, 2
x2 <- 0x00000002


mem[X,0x800238B4] -> 0x006F
mem[X,0x800238B6] -> 0x00C0
[3668] [M]: 0x800238B4 (0x00C0006F) jal zero, 12


mem[X,0x800238C0] -> 0xA023
mem[X,0x800238C2] -> 0x5C20
[3669] [M]: 0x800238C0 (0x5C20A023) sw sp, 1472(ra)
mem[0x80038828] <- 0x00000002


mem[X,0x800238C4] -> 0x6537
mem[X,0x800238C6] -> 0x6666
[3670] [M]: 0x800238C4 (0x66666537) lui a0, 419430
x10 <- 0x66666000


mem[X,0x800238C8] -> 0x0513
mem[X,0x800238CA] -> 0x6675
[3671] [M]: 0x800238C8 (0x66750513) addi a0, a0, 1639
x10 <- 0x66666667


mem[X,0x800238CC] -> 0x55B7
mem[X,0x800238CE] -> 0xFFFF
[3672] [M]: 0x800238CC (0xFFFF55B7) lui a1, 1048565
x11 <- 0xFFFF5000


mem[X,0x800238D0] -> 0x8593
mem[X,0x800238D2] -> 0xAFD5
[3673] [M]: 0x800238D0 (0xAFD58593) addi a1, a1, 2813
x11 <- 0xFFFF4AFD


mem[X,0x800238D4] -> 0x0113
mem[X,0x800238D6] -> 0x0000
[3674] [M]: 0x800238D4 (0x00000113) addi sp, zero, 0
x2 <- 0x00000000


mem[X,0x800238D8] -> 0x006F
mem[X,0x800238DA] -> 0x00C0
[3675] [M]: 0x800238D8 (0x00C0006F) jal zero, 12


mem[X,0x800238E4] -> 0x4063
mem[X,0x800238E6] -> 0x08B5
[3676] [M]: 0x800238E4 (0x08B54063) blt a0, a1, 128


mem[X,0x800238E8] -> 0x0113
mem[X,0x800238EA] -> 0x0021
[3677] [M]: 0x800238E8 (0x00210113) addi sp, sp, 2
x2 <- 0x00000002


mem[X,0x800238EC] -> 0x006F
mem[X,0x800238EE] -> 0x0800
[3678] [M]: 0x800238EC (0x0800006F) jal zero, 128


mem[X,0x8002396C] -> 0xA223
mem[X,0x8002396E] -> 0x5C20
[3679] [M]: 0x8002396C (0x5C20A223) sw sp, 1476(ra)
mem[0x8003882C] <- 0x00000002


mem[X,0x80023970] -> 0x6537
mem[X,0x80023972] -> 0x6666
[3680] [M]: 0x80023970 (0x66666537) lui a0, 419430
x10 <- 0x66666000


mem[X,0x80023974] -> 0x0513
mem[X,0x80023976] -> 0x6675
[3681] [M]: 0x80023974 (0x66750513) addi a0, a0, 1639
x10 <- 0x66666667


mem[X,0x80023978] -> 0xB5B7
mem[X,0x8002397A] -> 0x0000
[3682] [M]: 0x80023978 (0x0000B5B7) lui a1, 11
x11 <- 0x0000B000


mem[X,0x8002397C] -> 0x8593
mem[X,0x8002397E] -> 0x5055
[3683] [M]: 0x8002397C (0x50558593) addi a1, a1, 1285
x11 <- 0x0000B505


mem[X,0x80023980] -> 0x0113
mem[X,0x80023982] -> 0x0000
[3684] [M]: 0x80023980 (0x00000113) addi sp, zero, 0
x2 <- 0x00000000


mem[X,0x80023984] -> 0x006F
mem[X,0x80023986] -> 0x00C0
[3685] [M]: 0x80023984 (0x00C0006F) jal zero, 12


mem[X,0x80023990] -> 0x4663
mem[X,0x80023992] -> 0x00B5
[3686] [M]: 0x80023990 (0x00B54663) blt a0, a1, 12


mem[X,0x80023994] -> 0x0113
mem[X,0x80023996] -> 0x0021
[3687] [M]: 0x80023994 (0x00210113) addi sp, sp, 2
x2 <- 0x00000002


mem[X,0x80023998] -> 0x006F
mem[X,0x8002399A] -> 0x00C0
[3688] [M]: 0x80023998 (0x00C0006F) jal zero, 12


mem[X,0x800239A4] -> 0xA423
mem[X,0x800239A6] -> 0x5C20
[3689] [M]: 0x800239A4 (0x5C20A423) sw sp, 1480(ra)
mem[0x80038830] <- 0x00000002


mem[X,0x800239A8] -> 0x5537
mem[X,0x800239AA] -> 0xFFFF
[3690] [M]: 0x800239A8 (0xFFFF5537) lui a0, 1048565
x10 <- 0xFFFF5000


mem[X,0x800239AC] -> 0x0513
mem[X,0x800239AE] -> 0xAFD5
[3691] [M]: 0x800239AC (0xAFD50513) addi a0, a0, 2813
x10 <- 0xFFFF4AFD


mem[X,0x800239B0] -> 0x0593
mem[X,0x800239B2] -> 0x0030
[3692] [M]: 0x800239B0 (0x00300593) addi a1, zero, 3
x11 <- 0x00000003


mem[X,0x800239B4] -> 0x0113
mem[X,0x800239B6] -> 0x0000
[3693] [M]: 0x800239B4 (0x00000113) addi sp, zero, 0
x2 <- 0x00000000


mem[X,0x800239B8] -> 0x006F
mem[X,0x800239BA] -> 0x00C0
[3694] [M]: 0x800239B8 (0x00C0006F) jal zero, 12


mem[X,0x800239C4] -> 0x4063
mem[X,0x800239C6] -> 0x02B5
[3695] [M]: 0x800239C4 (0x02B54063) blt a0, a1, 32


mem[X,0x800239E4] -> 0x0113
mem[X,0x800239E6] -> 0x0031
[3696] [M]: 0x800239E4 (0x00310113) addi sp, sp, 3
x2 <- 0x00000003


mem[X,0x800239E8] -> 0x006F
mem[X,0x800239EA] -> 0x0040
[3697] [M]: 0x800239E8 (0x0040006F) jal zero, 4


mem[X,0x800239EC] -> 0xA623
mem[X,0x800239EE] -> 0x5C20
[3698] [M]: 0x800239EC (0x5C20A623) sw sp, 1484(ra)
mem[0x80038834] <- 0x00000003


mem[X,0x800239F0] -> 0x5537
mem[X,0x800239F2] -> 0xFFFF
[3699] [M]: 0x800239F0 (0xFFFF5537) lui a0, 1048565
x10 <- 0xFFFF5000


clint::tick mtime <- 0x0000000000000025
 clint timer pending at mtime 0x0000000000000025
htif::tick 0x0000000000000000
mem[X,0x800239F4] -> 0x0513
mem[X,0x800239F6] -> 0xAFD5
[3700] [M]: 0x800239F4 (0xAFD50513) addi a0, a0, 2813
x10 <- 0xFFFF4AFD


mem[X,0x800239F8] -> 0x55B7
mem[X,0x800239FA] -> 0x5555
[3701] [M]: 0x800239F8 (0x555555B7) lui a1, 349525
x11 <- 0x55555000


mem[X,0x800239FC] -> 0x8593
mem[X,0x800239FE] -> 0x5555
[3702] [M]: 0x800239FC (0x55558593) addi a1, a1, 1365
x11 <- 0x55555555


mem[X,0x80023A00] -> 0x0113
mem[X,0x80023A02] -> 0x0000
[3703] [M]: 0x80023A00 (0x00000113) addi sp, zero, 0
x2 <- 0x00000000


mem[X,0x80023A04] -> 0x006F
mem[X,0x80023A06] -> 0x00C0
[3704] [M]: 0x80023A04 (0x00C0006F) jal zero, 12


mem[X,0x80023A10] -> 0x4063
mem[X,0x80023A12] -> 0x08B5
[3705] [M]: 0x80023A10 (0x08B54063) blt a0, a1, 128


mem[X,0x80023A90] -> 0x0113
mem[X,0x80023A92] -> 0x0031
[3706] [M]: 0x80023A90 (0x00310113) addi sp, sp, 3
x2 <- 0x00000003


mem[X,0x80023A94] -> 0x006F
mem[X,0x80023A96] -> 0x0040
[3707] [M]: 0x80023A94 (0x0040006F) jal zero, 4


mem[X,0x80023A98] -> 0xA823
mem[X,0x80023A9A] -> 0x5C20
[3708] [M]: 0x80023A98 (0x5C20A823) sw sp, 1488(ra)
mem[0x80038838] <- 0x00000003


mem[X,0x80023A9C] -> 0x5537
mem[X,0x80023A9E] -> 0xFFFF
[3709] [M]: 0x80023A9C (0xFFFF5537) lui a0, 1048565
x10 <- 0xFFFF5000


mem[X,0x80023AA0] -> 0x0513
mem[X,0x80023AA2] -> 0xAFD5
[3710] [M]: 0x80023AA0 (0xAFD50513) addi a0, a0, 2813
x10 <- 0xFFFF4AFD


mem[X,0x80023AA4] -> 0xB5B7
mem[X,0x80023AA6] -> 0xAAAA
[3711] [M]: 0x80023AA4 (0xAAAAB5B7) lui a1, 699051
x11 <- 0xAAAAB000


mem[X,0x80023AA8] -> 0x8593
mem[X,0x80023AAA] -> 0xAAA5
[3712] [M]: 0x80023AA8 (0xAAA58593) addi a1, a1, 2730
x11 <- 0xAAAAAAAA


mem[X,0x80023AAC] -> 0x0113
mem[X,0x80023AAE] -> 0x0000
[3713] [M]: 0x80023AAC (0x00000113) addi sp, zero, 0
x2 <- 0x00000000


mem[X,0x80023AB0] -> 0x006F
mem[X,0x80023AB2] -> 0x2B10
[3714] [M]: 0x80023AB0 (0x2B10006F) jal zero, 2736


mem[X,0x80024560] -> 0x4A63
mem[X,0x80024562] -> 0xD4B5
[3715] [M]: 0x80024560 (0xD4B54A63) blt a0, a1, 5460


mem[X,0x80024564] -> 0x0113
mem[X,0x80024566] -> 0x0021
[3716] [M]: 0x80024564 (0x00210113) addi sp, sp, 2
x2 <- 0x00000002


mem[X,0x80024568] -> 0x006F
mem[X,0x8002456A] -> 0x00C0
[3717] [M]: 0x80024568 (0x00C0006F) jal zero, 12


mem[X,0x80024574] -> 0xAA23
mem[X,0x80024576] -> 0x5C20
[3718] [M]: 0x80024574 (0x5C20AA23) sw sp, 1492(ra)
mem[0x8003883C] <- 0x00000002


mem[X,0x80024578] -> 0x5537
mem[X,0x8002457A] -> 0xFFFF
[3719] [M]: 0x80024578 (0xFFFF5537) lui a0, 1048565
x10 <- 0xFFFF5000


mem[X,0x8002457C] -> 0x0513
mem[X,0x8002457E] -> 0xAFD5
[3720] [M]: 0x8002457C (0xAFD50513) addi a0, a0, 2813
x10 <- 0xFFFF4AFD


mem[X,0x80024580] -> 0x0593
mem[X,0x80024582] -> 0x0050
[3721] [M]: 0x80024580 (0x00500593) addi a1, zero, 5
x11 <- 0x00000005


mem[X,0x80024584] -> 0x0113
mem[X,0x80024586] -> 0x0000
[3722] [M]: 0x80024584 (0x00000113) addi sp, zero, 0
x2 <- 0x00000000


mem[X,0x80024588] -> 0x006F
mem[X,0x8002458A] -> 0x0100
[3723] [M]: 0x80024588 (0x0100006F) jal zero, 16


mem[X,0x80024598] -> 0x4AE3
mem[X,0x8002459A] -> 0xFEB5
[3724] [M]: 0x80024598 (0xFEB54AE3) blt a0, a1, 8180


mem[X,0x8002458C] -> 0x0113
mem[X,0x8002458E] -> 0x0011
[3725] [M]: 0x8002458C (0x00110113) addi sp, sp, 1
x2 <- 0x00000001


mem[X,0x80024590] -> 0x006F
mem[X,0x80024592] -> 0x01C0
[3726] [M]: 0x80024590 (0x01C0006F) jal zero, 28


mem[X,0x800245AC] -> 0xAC23
mem[X,0x800245AE] -> 0x5C20
[3727] [M]: 0x800245AC (0x5C20AC23) sw sp, 1496(ra)
mem[0x80038840] <- 0x00000001


mem[X,0x800245B0] -> 0x5537
mem[X,0x800245B2] -> 0xFFFF
[3728] [M]: 0x800245B0 (0xFFFF5537) lui a0, 1048565
x10 <- 0xFFFF5000


mem[X,0x800245B4] -> 0x0513
mem[X,0x800245B6] -> 0xAFD5
[3729] [M]: 0x800245B4 (0xAFD50513) addi a0, a0, 2813
x10 <- 0xFFFF4AFD


mem[X,0x800245B8] -> 0x35B7
mem[X,0x800245BA] -> 0x3333
[3730] [M]: 0x800245B8 (0x333335B7) lui a1, 209715
x11 <- 0x33333000


mem[X,0x800245BC] -> 0x8593
mem[X,0x800245BE] -> 0x3335
[3731] [M]: 0x800245BC (0x33358593) addi a1, a1, 819
x11 <- 0x33333333


mem[X,0x800245C0] -> 0x0113
mem[X,0x800245C2] -> 0x0000
[3732] [M]: 0x800245C0 (0x00000113) addi sp, zero, 0
x2 <- 0x00000000


mem[X,0x800245C4] -> 0x006F
mem[X,0x800245C6] -> 0x00C0
[3733] [M]: 0x800245C4 (0x00C0006F) jal zero, 12


mem[X,0x800245D0] -> 0x4063
mem[X,0x800245D2] -> 0x10B5
[3734] [M]: 0x800245D0 (0x10B54063) blt a0, a1, 256


mem[X,0x800246D0] -> 0x0113
mem[X,0x800246D2] -> 0x0031
[3735] [M]: 0x800246D0 (0x00310113) addi sp, sp, 3
x2 <- 0x00000003


mem[X,0x800246D4] -> 0x006F
mem[X,0x800246D6] -> 0x0040
[3736] [M]: 0x800246D4 (0x0040006F) jal zero, 4


mem[X,0x800246D8] -> 0xAE23
mem[X,0x800246DA] -> 0x5C20
[3737] [M]: 0x800246D8 (0x5C20AE23) sw sp, 1500(ra)
mem[0x80038844] <- 0x00000003


mem[X,0x800246DC] -> 0x5537
mem[X,0x800246DE] -> 0xFFFF
[3738] [M]: 0x800246DC (0xFFFF5537) lui a0, 1048565
x10 <- 0xFFFF5000


mem[X,0x800246E0] -> 0x0513
mem[X,0x800246E2] -> 0xAFD5
[3739] [M]: 0x800246E0 (0xAFD50513) addi a0, a0, 2813
x10 <- 0xFFFF4AFD


mem[X,0x800246E4] -> 0x65B7
mem[X,0x800246E6] -> 0x6666
[3740] [M]: 0x800246E4 (0x666665B7) lui a1, 419430
x11 <- 0x66666000


mem[X,0x800246E8] -> 0x8593
mem[X,0x800246EA] -> 0x6665
[3741] [M]: 0x800246E8 (0x66658593) addi a1, a1, 1638
x11 <- 0x66666666


mem[X,0x800246EC] -> 0x0113
mem[X,0x800246EE] -> 0x0000
[3742] [M]: 0x800246EC (0x00000113) addi sp, zero, 0
x2 <- 0x00000000


mem[X,0x800246F0] -> 0x006F
mem[X,0x800246F2] -> 0x0100
[3743] [M]: 0x800246F0 (0x0100006F) jal zero, 16


mem[X,0x80024700] -> 0x4AE3
mem[X,0x80024702] -> 0xFEB5
[3744] [M]: 0x80024700 (0xFEB54AE3) blt a0, a1, 8180


mem[X,0x800246F4] -> 0x0113
mem[X,0x800246F6] -> 0x0011
[3745] [M]: 0x800246F4 (0x00110113) addi sp, sp, 1
x2 <- 0x00000001


mem[X,0x800246F8] -> 0x006F
mem[X,0x800246FA] -> 0x01C0
[3746] [M]: 0x800246F8 (0x01C0006F) jal zero, 28


mem[X,0x80024714] -> 0xA023
mem[X,0x80024716] -> 0x5E20
[3747] [M]: 0x80024714 (0x5E20A023) sw sp, 1504(ra)
mem[0x80038848] <- 0x00000001


mem[X,0x80024718] -> 0x5537
mem[X,0x8002471A] -> 0xFFFF
[3748] [M]: 0x80024718 (0xFFFF5537) lui a0, 1048565
x10 <- 0xFFFF5000


mem[X,0x8002471C] -> 0x0513
mem[X,0x8002471E] -> 0xAFD5
[3749] [M]: 0x8002471C (0xAFD50513) addi a0, a0, 2813
x10 <- 0xFFFF4AFD


mem[X,0x80024720] -> 0x55B7
mem[X,0x80024722] -> 0xFFFF
[3750] [M]: 0x80024720 (0xFFFF55B7) lui a1, 1048565
x11 <- 0xFFFF5000


mem[X,0x80024724] -> 0x8593
mem[X,0x80024726] -> 0xAFC5
[3751] [M]: 0x80024724 (0xAFC58593) addi a1, a1, 2812
x11 <- 0xFFFF4AFC


mem[X,0x80024728] -> 0x0113
mem[X,0x8002472A] -> 0x0000
[3752] [M]: 0x80024728 (0x00000113) addi sp, zero, 0
x2 <- 0x00000000


mem[X,0x8002472C] -> 0x006F
mem[X,0x8002472E] -> 0x2B10
[3753] [M]: 0x8002472C (0x2B10006F) jal zero, 2736


mem[X,0x800251DC] -> 0x4A63
mem[X,0x800251DE] -> 0xD4B5
[3754] [M]: 0x800251DC (0xD4B54A63) blt a0, a1, 5460


mem[X,0x800251E0] -> 0x0113
mem[X,0x800251E2] -> 0x0021
[3755] [M]: 0x800251E0 (0x00210113) addi sp, sp, 2
x2 <- 0x00000002


mem[X,0x800251E4] -> 0x006F
mem[X,0x800251E6] -> 0x00C0
[3756] [M]: 0x800251E4 (0x00C0006F) jal zero, 12


mem[X,0x800251F0] -> 0xA223
mem[X,0x800251F2] -> 0x5E20
[3757] [M]: 0x800251F0 (0x5E20A223) sw sp, 1508(ra)
mem[0x8003884C] <- 0x00000002


mem[X,0x800251F4] -> 0x5537
mem[X,0x800251F6] -> 0xFFFF
[3758] [M]: 0x800251F4 (0xFFFF5537) lui a0, 1048565
x10 <- 0xFFFF5000


mem[X,0x800251F8] -> 0x0513
mem[X,0x800251FA] -> 0xAFD5
[3759] [M]: 0x800251F8 (0xAFD50513) addi a0, a0, 2813
x10 <- 0xFFFF4AFD


mem[X,0x800251FC] -> 0xB5B7
mem[X,0x800251FE] -> 0x0000
[3760] [M]: 0x800251FC (0x0000B5B7) lui a1, 11
x11 <- 0x0000B000


mem[X,0x80025200] -> 0x8593
mem[X,0x80025202] -> 0x5045
[3761] [M]: 0x80025200 (0x50458593) addi a1, a1, 1284
x11 <- 0x0000B504


mem[X,0x80025204] -> 0x0113
mem[X,0x80025206] -> 0x0000
[3762] [M]: 0x80025204 (0x00000113) addi sp, zero, 0
x2 <- 0x00000000


mem[X,0x80025208] -> 0x006F
mem[X,0x8002520A] -> 0x00C0
[3763] [M]: 0x80025208 (0x00C0006F) jal zero, 12


mem[X,0x80025214] -> 0x4663
mem[X,0x80025216] -> 0x00B5
[3764] [M]: 0x80025214 (0x00B54663) blt a0, a1, 12


mem[X,0x80025220] -> 0x0113
mem[X,0x80025222] -> 0x0031
[3765] [M]: 0x80025220 (0x00310113) addi sp, sp, 3
x2 <- 0x00000003


mem[X,0x80025224] -> 0x006F
mem[X,0x80025226] -> 0x0040
[3766] [M]: 0x80025224 (0x0040006F) jal zero, 4


mem[X,0x80025228] -> 0xA423
mem[X,0x8002522A] -> 0x5E20
[3767] [M]: 0x80025228 (0x5E20A423) sw sp, 1512(ra)
mem[0x80038850] <- 0x00000003


mem[X,0x8002522C] -> 0x5537
mem[X,0x8002522E] -> 0xFFFF
[3768] [M]: 0x8002522C (0xFFFF5537) lui a0, 1048565
x10 <- 0xFFFF5000


mem[X,0x80025230] -> 0x0513
mem[X,0x80025232] -> 0xAFD5
[3769] [M]: 0x80025230 (0xAFD50513) addi a0, a0, 2813
x10 <- 0xFFFF4AFD


mem[X,0x80025234] -> 0x0593
mem[X,0x80025236] -> 0x0020
[3770] [M]: 0x80025234 (0x00200593) addi a1, zero, 2
x11 <- 0x00000002


mem[X,0x80025238] -> 0x0113
mem[X,0x8002523A] -> 0x0000
[3771] [M]: 0x80025238 (0x00000113) addi sp, zero, 0
x2 <- 0x00000000


mem[X,0x8002523C] -> 0x006F
mem[X,0x8002523E] -> 0x00C0
[3772] [M]: 0x8002523C (0x00C0006F) jal zero, 12


mem[X,0x80025248] -> 0x4063
mem[X,0x8002524A] -> 0x04B5
[3773] [M]: 0x80025248 (0x04B54063) blt a0, a1, 64


mem[X,0x80025288] -> 0x0113
mem[X,0x8002528A] -> 0x0031
[3774] [M]: 0x80025288 (0x00310113) addi sp, sp, 3
x2 <- 0x00000003


mem[X,0x8002528C] -> 0x006F
mem[X,0x8002528E] -> 0x0040
[3775] [M]: 0x8002528C (0x0040006F) jal zero, 4


mem[X,0x80025290] -> 0xA623
mem[X,0x80025292] -> 0x5E20
[3776] [M]: 0x80025290 (0x5E20A623) sw sp, 1516(ra)
mem[0x80038854] <- 0x00000003


mem[X,0x80025294] -> 0x5537
mem[X,0x80025296] -> 0xFFFF
[3777] [M]: 0x80025294 (0xFFFF5537) lui a0, 1048565
x10 <- 0xFFFF5000


mem[X,0x80025298] -> 0x0513
mem[X,0x8002529A] -> 0xAFD5
[3778] [M]: 0x80025298 (0xAFD50513) addi a0, a0, 2813
x10 <- 0xFFFF4AFD


mem[X,0x8002529C] -> 0x55B7
mem[X,0x8002529E] -> 0x5555
[3779] [M]: 0x8002529C (0x555555B7) lui a1, 349525
x11 <- 0x55555000


mem[X,0x800252A0] -> 0x8593
mem[X,0x800252A2] -> 0x5545
[3780] [M]: 0x800252A0 (0x55458593) addi a1, a1, 1364
x11 <- 0x55555554


mem[X,0x800252A4] -> 0x0113
mem[X,0x800252A6] -> 0x0000
[3781] [M]: 0x800252A4 (0x00000113) addi sp, zero, 0
x2 <- 0x00000000


mem[X,0x800252A8] -> 0x006F
mem[X,0x800252AA] -> 0x00C0
[3782] [M]: 0x800252A8 (0x00C0006F) jal zero, 12


mem[X,0x800252B4] -> 0x4CE3
mem[X,0x800252B6] -> 0xFEB5
[3783] [M]: 0x800252B4 (0xFEB54CE3) blt a0, a1, 8184


mem[X,0x800252AC] -> 0x0113
mem[X,0x800252AE] -> 0x0011
[3784] [M]: 0x800252AC (0x00110113) addi sp, sp, 1
x2 <- 0x00000001


mem[X,0x800252B0] -> 0x006F
mem[X,0x800252B2] -> 0x0180
[3785] [M]: 0x800252B0 (0x0180006F) jal zero, 24


mem[X,0x800252C8] -> 0xA823
mem[X,0x800252CA] -> 0x5E20
[3786] [M]: 0x800252C8 (0x5E20A823) sw sp, 1520(ra)
mem[0x80038858] <- 0x00000001


mem[X,0x800252CC] -> 0x5537
mem[X,0x800252CE] -> 0xFFFF
[3787] [M]: 0x800252CC (0xFFFF5537) lui a0, 1048565
x10 <- 0xFFFF5000


mem[X,0x800252D0] -> 0x0513
mem[X,0x800252D2] -> 0xAFD5
[3788] [M]: 0x800252D0 (0xAFD50513) addi a0, a0, 2813
x10 <- 0xFFFF4AFD


mem[X,0x800252D4] -> 0x0593
mem[X,0x800252D6] -> 0x0000
[3789] [M]: 0x800252D4 (0x00000593) addi a1, zero, 0
x11 <- 0x00000000


mem[X,0x800252D8] -> 0x0113
mem[X,0x800252DA] -> 0x0000
[3790] [M]: 0x800252D8 (0x00000113) addi sp, zero, 0
x2 <- 0x00000000


mem[X,0x800252DC] -> 0x006F
mem[X,0x800252DE] -> 0x00C0
[3791] [M]: 0x800252DC (0x00C0006F) jal zero, 12


mem[X,0x800252E8] -> 0x4CE3
mem[X,0x800252EA] -> 0xFEB5
[3792] [M]: 0x800252E8 (0xFEB54CE3) blt a0, a1, 8184


mem[X,0x800252E0] -> 0x0113
mem[X,0x800252E2] -> 0x0011
[3793] [M]: 0x800252E0 (0x00110113) addi sp, sp, 1
x2 <- 0x00000001


mem[X,0x800252E4] -> 0x006F
mem[X,0x800252E6] -> 0x0180
[3794] [M]: 0x800252E4 (0x0180006F) jal zero, 24


mem[X,0x800252FC] -> 0xAA23
mem[X,0x800252FE] -> 0x5E20
[3795] [M]: 0x800252FC (0x5E20AA23) sw sp, 1524(ra)
mem[0x8003885C] <- 0x00000001


mem[X,0x80025300] -> 0x5537
mem[X,0x80025302] -> 0xFFFF
[3796] [M]: 0x80025300 (0xFFFF5537) lui a0, 1048565
x10 <- 0xFFFF5000


mem[X,0x80025304] -> 0x0513
mem[X,0x80025306] -> 0xAFD5
[3797] [M]: 0x80025304 (0xAFD50513) addi a0, a0, 2813
x10 <- 0xFFFF4AFD


mem[X,0x80025308] -> 0x0593
mem[X,0x8002530A] -> 0x0040
[3798] [M]: 0x80025308 (0x00400593) addi a1, zero, 4
x11 <- 0x00000004


mem[X,0x8002530C] -> 0x0113
mem[X,0x8002530E] -> 0x0000
[3799] [M]: 0x8002530C (0x00000113) addi sp, zero, 0
x2 <- 0x00000000


clint::tick mtime <- 0x0000000000000026
 clint timer pending at mtime 0x0000000000000026
htif::tick 0x0000000000000000
mem[X,0x80025310] -> 0x006F
mem[X,0x80025312] -> 0x2B10
[3800] [M]: 0x80025310 (0x2B10006F) jal zero, 2736


mem[X,0x80025DC0] -> 0x4A63
mem[X,0x80025DC2] -> 0xD4B5
[3801] [M]: 0x80025DC0 (0xD4B54A63) blt a0, a1, 5460


mem[X,0x80025314] -> 0x0113
mem[X,0x80025316] -> 0x0011
[3802] [M]: 0x80025314 (0x00110113) addi sp, sp, 1
x2 <- 0x00000001


mem[X,0x80025318] -> 0x006F
mem[X,0x8002531A] -> 0x2BD0
[3803] [M]: 0x80025318 (0x2BD0006F) jal zero, 2748


mem[X,0x80025DD4] -> 0xAC23
mem[X,0x80025DD6] -> 0x5E20
[3804] [M]: 0x80025DD4 (0x5E20AC23) sw sp, 1528(ra)
mem[0x80038860] <- 0x00000001


mem[X,0x80025DD8] -> 0x5537
mem[X,0x80025DDA] -> 0xFFFF
[3805] [M]: 0x80025DD8 (0xFFFF5537) lui a0, 1048565
x10 <- 0xFFFF5000


mem[X,0x80025DDC] -> 0x0513
mem[X,0x80025DDE] -> 0xAFD5
[3806] [M]: 0x80025DDC (0xAFD50513) addi a0, a0, 2813
x10 <- 0xFFFF4AFD


mem[X,0x80025DE0] -> 0x35B7
mem[X,0x80025DE2] -> 0x3333
[3807] [M]: 0x80025DE0 (0x333335B7) lui a1, 209715
x11 <- 0x33333000


mem[X,0x80025DE4] -> 0x8593
mem[X,0x80025DE6] -> 0x3325
[3808] [M]: 0x80025DE4 (0x33258593) addi a1, a1, 818
x11 <- 0x33333332


mem[X,0x80025DE8] -> 0x0113
mem[X,0x80025DEA] -> 0x0000
[3809] [M]: 0x80025DE8 (0x00000113) addi sp, zero, 0
x2 <- 0x00000000


mem[X,0x80025DEC] -> 0x006F
mem[X,0x80025DEE] -> 0x00C0
[3810] [M]: 0x80025DEC (0x00C0006F) jal zero, 12


mem[X,0x80025DF8] -> 0x4663
mem[X,0x80025DFA] -> 0x00B5
[3811] [M]: 0x80025DF8 (0x00B54663) blt a0, a1, 12


mem[X,0x80025E04] -> 0x0113
mem[X,0x80025E06] -> 0x0031
[3812] [M]: 0x80025E04 (0x00310113) addi sp, sp, 3
x2 <- 0x00000003


mem[X,0x80025E08] -> 0x006F
mem[X,0x80025E0A] -> 0x0040
[3813] [M]: 0x80025E08 (0x0040006F) jal zero, 4


mem[X,0x80025E0C] -> 0xAE23
mem[X,0x80025E0E] -> 0x5E20
[3814] [M]: 0x80025E0C (0x5E20AE23) sw sp, 1532(ra)
mem[0x80038864] <- 0x00000003


mem[X,0x80025E10] -> 0x5537
mem[X,0x80025E12] -> 0xFFFF
[3815] [M]: 0x80025E10 (0xFFFF5537) lui a0, 1048565
x10 <- 0xFFFF5000


mem[X,0x80025E14] -> 0x0513
mem[X,0x80025E16] -> 0xAFD5
[3816] [M]: 0x80025E14 (0xAFD50513) addi a0, a0, 2813
x10 <- 0xFFFF4AFD


mem[X,0x80025E18] -> 0x65B7
mem[X,0x80025E1A] -> 0x6666
[3817] [M]: 0x80025E18 (0x666665B7) lui a1, 419430
x11 <- 0x66666000


mem[X,0x80025E1C] -> 0x8593
mem[X,0x80025E1E] -> 0x6655
[3818] [M]: 0x80025E1C (0x66558593) addi a1, a1, 1637
x11 <- 0x66666665


mem[X,0x80025E20] -> 0x0113
mem[X,0x80025E22] -> 0x0000
[3819] [M]: 0x80025E20 (0x00000113) addi sp, zero, 0
x2 <- 0x00000000


mem[X,0x80025E24] -> 0x006F
mem[X,0x80025E26] -> 0x00C0
[3820] [M]: 0x80025E24 (0x00C0006F) jal zero, 12


mem[X,0x80025E30] -> 0x4663
mem[X,0x80025E32] -> 0x00B5
[3821] [M]: 0x80025E30 (0x00B54663) blt a0, a1, 12


mem[X,0x80025E3C] -> 0x0113
mem[X,0x80025E3E] -> 0x0031
[3822] [M]: 0x80025E3C (0x00310113) addi sp, sp, 3
x2 <- 0x00000003


mem[X,0x80025E40] -> 0x006F
mem[X,0x80025E42] -> 0x0040
[3823] [M]: 0x80025E40 (0x0040006F) jal zero, 4


mem[X,0x80025E44] -> 0xA023
mem[X,0x80025E46] -> 0x6020
[3824] [M]: 0x80025E44 (0x6020A023) sw sp, 1536(ra)
mem[0x80038868] <- 0x00000003


mem[X,0x80025E48] -> 0x5537
mem[X,0x80025E4A] -> 0xFFFF
[3825] [M]: 0x80025E48 (0xFFFF5537) lui a0, 1048565
x10 <- 0xFFFF5000


mem[X,0x80025E4C] -> 0x0513
mem[X,0x80025E4E] -> 0xAFD5
[3826] [M]: 0x80025E4C (0xAFD50513) addi a0, a0, 2813
x10 <- 0xFFFF4AFD


mem[X,0x80025E50] -> 0xB5B7
mem[X,0x80025E52] -> 0x0000
[3827] [M]: 0x80025E50 (0x0000B5B7) lui a1, 11
x11 <- 0x0000B000


mem[X,0x80025E54] -> 0x8593
mem[X,0x80025E56] -> 0x5035
[3828] [M]: 0x80025E54 (0x50358593) addi a1, a1, 1283
x11 <- 0x0000B503


mem[X,0x80025E58] -> 0x0113
mem[X,0x80025E5A] -> 0x0000
[3829] [M]: 0x80025E58 (0x00000113) addi sp, zero, 0
x2 <- 0x00000000


mem[X,0x80025E5C] -> 0x006F
mem[X,0x80025E5E] -> 0x00C0
[3830] [M]: 0x80025E5C (0x00C0006F) jal zero, 12


mem[X,0x80025E68] -> 0x4CE3
mem[X,0x80025E6A] -> 0xFEB5
[3831] [M]: 0x80025E68 (0xFEB54CE3) blt a0, a1, 8184


mem[X,0x80025E60] -> 0x0113
mem[X,0x80025E62] -> 0x0011
[3832] [M]: 0x80025E60 (0x00110113) addi sp, sp, 1
x2 <- 0x00000001


mem[X,0x80025E64] -> 0x006F
mem[X,0x80025E66] -> 0x0180
[3833] [M]: 0x80025E64 (0x0180006F) jal zero, 24


mem[X,0x80025E7C] -> 0xA223
mem[X,0x80025E7E] -> 0x6020
[3834] [M]: 0x80025E7C (0x6020A223) sw sp, 1540(ra)
mem[0x8003886C] <- 0x00000001


mem[X,0x80025E80] -> 0x5537
mem[X,0x80025E82] -> 0xFFFF
[3835] [M]: 0x80025E80 (0xFFFF5537) lui a0, 1048565
x10 <- 0xFFFF5000


mem[X,0x80025E84] -> 0x0513
mem[X,0x80025E86] -> 0xAFD5
[3836] [M]: 0x80025E84 (0xAFD50513) addi a0, a0, 2813
x10 <- 0xFFFF4AFD


mem[X,0x80025E88] -> 0x55B7
mem[X,0x80025E8A] -> 0x5555
[3837] [M]: 0x80025E88 (0x555555B7) lui a1, 349525
x11 <- 0x55555000


mem[X,0x80025E8C] -> 0x8593
mem[X,0x80025E8E] -> 0x5565
[3838] [M]: 0x80025E8C (0x55658593) addi a1, a1, 1366
x11 <- 0x55555556


mem[X,0x80025E90] -> 0x0113
mem[X,0x80025E92] -> 0x0000
[3839] [M]: 0x80025E90 (0x00000113) addi sp, zero, 0
x2 <- 0x00000000


mem[X,0x80025E94] -> 0x006F
mem[X,0x80025E96] -> 0x00C0
[3840] [M]: 0x80025E94 (0x00C0006F) jal zero, 12


mem[X,0x80025EA0] -> 0x4663
mem[X,0x80025EA2] -> 0x00B5
[3841] [M]: 0x80025EA0 (0x00B54663) blt a0, a1, 12


mem[X,0x80025EAC] -> 0x0113
mem[X,0x80025EAE] -> 0x0031
[3842] [M]: 0x80025EAC (0x00310113) addi sp, sp, 3
x2 <- 0x00000003


mem[X,0x80025EB0] -> 0x006F
mem[X,0x80025EB2] -> 0x0040
[3843] [M]: 0x80025EB0 (0x0040006F) jal zero, 4


mem[X,0x80025EB4] -> 0xA423
mem[X,0x80025EB6] -> 0x6020
[3844] [M]: 0x80025EB4 (0x6020A423) sw sp, 1544(ra)
mem[0x80038870] <- 0x00000003


mem[X,0x80025EB8] -> 0x5537
mem[X,0x80025EBA] -> 0xFFFF
[3845] [M]: 0x80025EB8 (0xFFFF5537) lui a0, 1048565
x10 <- 0xFFFF5000


mem[X,0x80025EBC] -> 0x0513
mem[X,0x80025EBE] -> 0xAFD5
[3846] [M]: 0x80025EBC (0xAFD50513) addi a0, a0, 2813
x10 <- 0xFFFF4AFD


mem[X,0x80025EC0] -> 0xB5B7
mem[X,0x80025EC2] -> 0xAAAA
[3847] [M]: 0x80025EC0 (0xAAAAB5B7) lui a1, 699051
x11 <- 0xAAAAB000


mem[X,0x80025EC4] -> 0x8593
mem[X,0x80025EC6] -> 0xAAB5
[3848] [M]: 0x80025EC4 (0xAAB58593) addi a1, a1, 2731
x11 <- 0xAAAAAAAB


mem[X,0x80025EC8] -> 0x0113
mem[X,0x80025ECA] -> 0x0000
[3849] [M]: 0x80025EC8 (0x00000113) addi sp, zero, 0
x2 <- 0x00000000


mem[X,0x80025ECC] -> 0x006F
mem[X,0x80025ECE] -> 0x2B10
[3850] [M]: 0x80025ECC (0x2B10006F) jal zero, 2736


mem[X,0x8002697C] -> 0x4A63
mem[X,0x8002697E] -> 0xD4B5
[3851] [M]: 0x8002697C (0xD4B54A63) blt a0, a1, 5460


mem[X,0x80026980] -> 0x0113
mem[X,0x80026982] -> 0x0021
[3852] [M]: 0x80026980 (0x00210113) addi sp, sp, 2
x2 <- 0x00000002


mem[X,0x80026984] -> 0x006F
mem[X,0x80026986] -> 0x00C0
[3853] [M]: 0x80026984 (0x00C0006F) jal zero, 12


mem[X,0x80026990] -> 0xA623
mem[X,0x80026992] -> 0x6020
[3854] [M]: 0x80026990 (0x6020A623) sw sp, 1548(ra)
mem[0x80038874] <- 0x00000002


mem[X,0x80026994] -> 0x5537
mem[X,0x80026996] -> 0xFFFF
[3855] [M]: 0x80026994 (0xFFFF5537) lui a0, 1048565
x10 <- 0xFFFF5000


mem[X,0x80026998] -> 0x0513
mem[X,0x8002699A] -> 0xAFD5
[3856] [M]: 0x80026998 (0xAFD50513) addi a0, a0, 2813
x10 <- 0xFFFF4AFD


mem[X,0x8002699C] -> 0x0593
mem[X,0x8002699E] -> 0x0060
[3857] [M]: 0x8002699C (0x00600593) addi a1, zero, 6
x11 <- 0x00000006


mem[X,0x800269A0] -> 0x0113
mem[X,0x800269A2] -> 0x0000
[3858] [M]: 0x800269A0 (0x00000113) addi sp, zero, 0
x2 <- 0x00000000


mem[X,0x800269A4] -> 0x006F
mem[X,0x800269A6] -> 0x00C0
[3859] [M]: 0x800269A4 (0x00C0006F) jal zero, 12


mem[X,0x800269B0] -> 0x4063
mem[X,0x800269B2] -> 0x20B5
[3860] [M]: 0x800269B0 (0x20B54063) blt a0, a1, 512


mem[X,0x80026BB0] -> 0x0113
mem[X,0x80026BB2] -> 0x0031
[3861] [M]: 0x80026BB0 (0x00310113) addi sp, sp, 3
x2 <- 0x00000003


mem[X,0x80026BB4] -> 0x006F
mem[X,0x80026BB6] -> 0x0040
[3862] [M]: 0x80026BB4 (0x0040006F) jal zero, 4


mem[X,0x80026BB8] -> 0xA823
mem[X,0x80026BBA] -> 0x6020
[3863] [M]: 0x80026BB8 (0x6020A823) sw sp, 1552(ra)
mem[0x80038878] <- 0x00000003


mem[X,0x80026BBC] -> 0x5537
mem[X,0x80026BBE] -> 0xFFFF
[3864] [M]: 0x80026BBC (0xFFFF5537) lui a0, 1048565
x10 <- 0xFFFF5000


mem[X,0x80026BC0] -> 0x0513
mem[X,0x80026BC2] -> 0xAFD5
[3865] [M]: 0x80026BC0 (0xAFD50513) addi a0, a0, 2813
x10 <- 0xFFFF4AFD


mem[X,0x80026BC4] -> 0x35B7
mem[X,0x80026BC6] -> 0x3333
[3866] [M]: 0x80026BC4 (0x333335B7) lui a1, 209715
x11 <- 0x33333000


mem[X,0x80026BC8] -> 0x8593
mem[X,0x80026BCA] -> 0x3345
[3867] [M]: 0x80026BC8 (0x33458593) addi a1, a1, 820
x11 <- 0x33333334


mem[X,0x80026BCC] -> 0x0113
mem[X,0x80026BCE] -> 0x0000
[3868] [M]: 0x80026BCC (0x00000113) addi sp, zero, 0
x2 <- 0x00000000


mem[X,0x80026BD0] -> 0x006F
mem[X,0x80026BD2] -> 0x00C0
[3869] [M]: 0x80026BD0 (0x00C0006F) jal zero, 12


mem[X,0x80026BDC] -> 0x4663
mem[X,0x80026BDE] -> 0x00B5
[3870] [M]: 0x80026BDC (0x00B54663) blt a0, a1, 12


mem[X,0x80026BE8] -> 0x0113
mem[X,0x80026BEA] -> 0x0031
[3871] [M]: 0x80026BE8 (0x00310113) addi sp, sp, 3
x2 <- 0x00000003


mem[X,0x80026BEC] -> 0x006F
mem[X,0x80026BEE] -> 0x0040
[3872] [M]: 0x80026BEC (0x0040006F) jal zero, 4


mem[X,0x80026BF0] -> 0xAA23
mem[X,0x80026BF2] -> 0x6020
[3873] [M]: 0x80026BF0 (0x6020AA23) sw sp, 1556(ra)
mem[0x8003887C] <- 0x00000003


mem[X,0x80026BF4] -> 0x5537
mem[X,0x80026BF6] -> 0xFFFF
[3874] [M]: 0x80026BF4 (0xFFFF5537) lui a0, 1048565
x10 <- 0xFFFF5000


mem[X,0x80026BF8] -> 0x0513
mem[X,0x80026BFA] -> 0xAFD5
[3875] [M]: 0x80026BF8 (0xAFD50513) addi a0, a0, 2813
x10 <- 0xFFFF4AFD


mem[X,0x80026BFC] -> 0x65B7
mem[X,0x80026BFE] -> 0x6666
[3876] [M]: 0x80026BFC (0x666665B7) lui a1, 419430
x11 <- 0x66666000


mem[X,0x80026C00] -> 0x8593
mem[X,0x80026C02] -> 0x6675
[3877] [M]: 0x80026C00 (0x66758593) addi a1, a1, 1639
x11 <- 0x66666667


mem[X,0x80026C04] -> 0x0113
mem[X,0x80026C06] -> 0x0000
[3878] [M]: 0x80026C04 (0x00000113) addi sp, zero, 0
x2 <- 0x00000000


mem[X,0x80026C08] -> 0x006F
mem[X,0x80026C0A] -> 0x00C0
[3879] [M]: 0x80026C08 (0x00C0006F) jal zero, 12


mem[X,0x80026C14] -> 0x4863
mem[X,0x80026C16] -> 0x00B5
[3880] [M]: 0x80026C14 (0x00B54863) blt a0, a1, 16


mem[X,0x80026C24] -> 0x0113
mem[X,0x80026C26] -> 0x0031
[3881] [M]: 0x80026C24 (0x00310113) addi sp, sp, 3
x2 <- 0x00000003


mem[X,0x80026C28] -> 0x006F
mem[X,0x80026C2A] -> 0x0040
[3882] [M]: 0x80026C28 (0x0040006F) jal zero, 4


mem[X,0x80026C2C] -> 0xAC23
mem[X,0x80026C2E] -> 0x6020
[3883] [M]: 0x80026C2C (0x6020AC23) sw sp, 1560(ra)
mem[0x80038880] <- 0x00000003


mem[X,0x80026C30] -> 0x5537
mem[X,0x80026C32] -> 0xFFFF
[3884] [M]: 0x80026C30 (0xFFFF5537) lui a0, 1048565
x10 <- 0xFFFF5000


mem[X,0x80026C34] -> 0x0513
mem[X,0x80026C36] -> 0xAFD5
[3885] [M]: 0x80026C34 (0xAFD50513) addi a0, a0, 2813
x10 <- 0xFFFF4AFD


mem[X,0x80026C38] -> 0x55B7
mem[X,0x80026C3A] -> 0xFFFF
[3886] [M]: 0x80026C38 (0xFFFF55B7) lui a1, 1048565
x11 <- 0xFFFF5000


mem[X,0x80026C3C] -> 0x8593
mem[X,0x80026C3E] -> 0xAFD5
[3887] [M]: 0x80026C3C (0xAFD58593) addi a1, a1, 2813
x11 <- 0xFFFF4AFD


mem[X,0x80026C40] -> 0x0113
mem[X,0x80026C42] -> 0x0000
[3888] [M]: 0x80026C40 (0x00000113) addi sp, zero, 0
x2 <- 0x00000000


mem[X,0x80026C44] -> 0x006F
mem[X,0x80026C46] -> 0x00C0
[3889] [M]: 0x80026C44 (0x00C0006F) jal zero, 12


mem[X,0x80026C50] -> 0x4663
mem[X,0x80026C52] -> 0x00B5
[3890] [M]: 0x80026C50 (0x00B54663) blt a0, a1, 12


mem[X,0x80026C54] -> 0x0113
mem[X,0x80026C56] -> 0x0021
[3891] [M]: 0x80026C54 (0x00210113) addi sp, sp, 2
x2 <- 0x00000002


mem[X,0x80026C58] -> 0x006F
mem[X,0x80026C5A] -> 0x00C0
[3892] [M]: 0x80026C58 (0x00C0006F) jal zero, 12


mem[X,0x80026C64] -> 0xAE23
mem[X,0x80026C66] -> 0x6020
[3893] [M]: 0x80026C64 (0x6020AE23) sw sp, 1564(ra)
mem[0x80038884] <- 0x00000002


mem[X,0x80026C68] -> 0x5537
mem[X,0x80026C6A] -> 0xFFFF
[3894] [M]: 0x80026C68 (0xFFFF5537) lui a0, 1048565
x10 <- 0xFFFF5000


mem[X,0x80026C6C] -> 0x0513
mem[X,0x80026C6E] -> 0xAFD5
[3895] [M]: 0x80026C6C (0xAFD50513) addi a0, a0, 2813
x10 <- 0xFFFF4AFD


mem[X,0x80026C70] -> 0xB5B7
mem[X,0x80026C72] -> 0x0000
[3896] [M]: 0x80026C70 (0x0000B5B7) lui a1, 11
x11 <- 0x0000B000


mem[X,0x80026C74] -> 0x8593
mem[X,0x80026C76] -> 0x5055
[3897] [M]: 0x80026C74 (0x50558593) addi a1, a1, 1285
x11 <- 0x0000B505


mem[X,0x80026C78] -> 0x0113
mem[X,0x80026C7A] -> 0x0000
[3898] [M]: 0x80026C78 (0x00000113) addi sp, zero, 0
x2 <- 0x00000000


mem[X,0x80026C7C] -> 0x006F
mem[X,0x80026C7E] -> 0x0050
[3899] [M]: 0x80026C7C (0x0050006F) jal zero, 2052


clint::tick mtime <- 0x0000000000000027
 clint timer pending at mtime 0x0000000000000027
htif::tick 0x0000000000000000
mem[X,0x80027480] -> 0x40E3
mem[X,0x80027482] -> 0x80B5
[3900] [M]: 0x80027480 (0x80B540E3) blt a0, a1, 6144


mem[X,0x80026C80] -> 0x0113
mem[X,0x80026C82] -> 0x0011
[3901] [M]: 0x80026C80 (0x00110113) addi sp, sp, 1
x2 <- 0x00000001


mem[X,0x80026C84] -> 0x006F
mem[X,0x80026C86] -> 0x0110
[3902] [M]: 0x80026C84 (0x0110006F) jal zero, 2064


mem[X,0x80027494] -> 0xA023
mem[X,0x80027496] -> 0x6220
[3903] [M]: 0x80027494 (0x6220A023) sw sp, 1568(ra)
mem[0x80038888] <- 0x00000001


mem[X,0x80027498] -> 0xB537
mem[X,0x8002749A] -> 0x0000
[3904] [M]: 0x80027498 (0x0000B537) lui a0, 11
x10 <- 0x0000B000


mem[X,0x8002749C] -> 0x0513
mem[X,0x8002749E] -> 0x5055
[3905] [M]: 0x8002749C (0x50550513) addi a0, a0, 1285
x10 <- 0x0000B505


mem[X,0x800274A0] -> 0x0593
mem[X,0x800274A2] -> 0x0030
[3906] [M]: 0x800274A0 (0x00300593) addi a1, zero, 3
x11 <- 0x00000003


mem[X,0x800274A4] -> 0x0113
mem[X,0x800274A6] -> 0x0000
[3907] [M]: 0x800274A4 (0x00000113) addi sp, zero, 0
x2 <- 0x00000000


mem[X,0x800274A8] -> 0x006F
mem[X,0x800274AA] -> 0x00C0
[3908] [M]: 0x800274A8 (0x00C0006F) jal zero, 12


mem[X,0x800274B4] -> 0x4663
mem[X,0x800274B6] -> 0x00B5
[3909] [M]: 0x800274B4 (0x00B54663) blt a0, a1, 12


mem[X,0x800274B8] -> 0x0113
mem[X,0x800274BA] -> 0x0021
[3910] [M]: 0x800274B8 (0x00210113) addi sp, sp, 2
x2 <- 0x00000002


mem[X,0x800274BC] -> 0x006F
mem[X,0x800274BE] -> 0x00C0
[3911] [M]: 0x800274BC (0x00C0006F) jal zero, 12


mem[X,0x800274C8] -> 0xA223
mem[X,0x800274CA] -> 0x6220
[3912] [M]: 0x800274C8 (0x6220A223) sw sp, 1572(ra)
mem[0x8003888C] <- 0x00000002


mem[X,0x800274CC] -> 0xB537
mem[X,0x800274CE] -> 0x0000
[3913] [M]: 0x800274CC (0x0000B537) lui a0, 11
x10 <- 0x0000B000


mem[X,0x800274D0] -> 0x0513
mem[X,0x800274D2] -> 0x5055
[3914] [M]: 0x800274D0 (0x50550513) addi a0, a0, 1285
x10 <- 0x0000B505


mem[X,0x800274D4] -> 0x55B7
mem[X,0x800274D6] -> 0x5555
[3915] [M]: 0x800274D4 (0x555555B7) lui a1, 349525
x11 <- 0x55555000


mem[X,0x800274D8] -> 0x8593
mem[X,0x800274DA] -> 0x5555
[3916] [M]: 0x800274D8 (0x55558593) addi a1, a1, 1365
x11 <- 0x55555555


mem[X,0x800274DC] -> 0x0113
mem[X,0x800274DE] -> 0x0000
[3917] [M]: 0x800274DC (0x00000113) addi sp, zero, 0
x2 <- 0x00000000


mem[X,0x800274E0] -> 0x006F
mem[X,0x800274E2] -> 0x00C0
[3918] [M]: 0x800274E0 (0x00C0006F) jal zero, 12


mem[X,0x800274EC] -> 0x4863
mem[X,0x800274EE] -> 0x00B5
[3919] [M]: 0x800274EC (0x00B54863) blt a0, a1, 16


mem[X,0x800274FC] -> 0x0113
mem[X,0x800274FE] -> 0x0031
[3920] [M]: 0x800274FC (0x00310113) addi sp, sp, 3
x2 <- 0x00000003


mem[X,0x80027500] -> 0x006F
mem[X,0x80027502] -> 0x0040
[3921] [M]: 0x80027500 (0x0040006F) jal zero, 4


mem[X,0x80027504] -> 0xA423
mem[X,0x80027506] -> 0x6220
[3922] [M]: 0x80027504 (0x6220A423) sw sp, 1576(ra)
mem[0x80038890] <- 0x00000003


mem[X,0x80027508] -> 0xB537
mem[X,0x8002750A] -> 0x0000
[3923] [M]: 0x80027508 (0x0000B537) lui a0, 11
x10 <- 0x0000B000


mem[X,0x8002750C] -> 0x0513
mem[X,0x8002750E] -> 0x5055
[3924] [M]: 0x8002750C (0x50550513) addi a0, a0, 1285
x10 <- 0x0000B505


mem[X,0x80027510] -> 0xB5B7
mem[X,0x80027512] -> 0xAAAA
[3925] [M]: 0x80027510 (0xAAAAB5B7) lui a1, 699051
x11 <- 0xAAAAB000


mem[X,0x80027514] -> 0x8593
mem[X,0x80027516] -> 0xAAA5
[3926] [M]: 0x80027514 (0xAAA58593) addi a1, a1, 2730
x11 <- 0xAAAAAAAA


mem[X,0x80027518] -> 0x0113
mem[X,0x8002751A] -> 0x0000
[3927] [M]: 0x80027518 (0x00000113) addi sp, zero, 0
x2 <- 0x00000000


mem[X,0x8002751C] -> 0x006F
mem[X,0x8002751E] -> 0x0100
[3928] [M]: 0x8002751C (0x0100006F) jal zero, 16


mem[X,0x8002752C] -> 0x4AE3
mem[X,0x8002752E] -> 0xFEB5
[3929] [M]: 0x8002752C (0xFEB54AE3) blt a0, a1, 8180


mem[X,0x80027530] -> 0x0113
mem[X,0x80027532] -> 0x0021
[3930] [M]: 0x80027530 (0x00210113) addi sp, sp, 2
x2 <- 0x00000002


mem[X,0x80027534] -> 0x006F
mem[X,0x80027536] -> 0x00C0
[3931] [M]: 0x80027534 (0x00C0006F) jal zero, 12


mem[X,0x80027540] -> 0xA623
mem[X,0x80027542] -> 0x6220
[3932] [M]: 0x80027540 (0x6220A623) sw sp, 1580(ra)
mem[0x80038894] <- 0x00000002


mem[X,0x80027544] -> 0xB537
mem[X,0x80027546] -> 0x0000
[3933] [M]: 0x80027544 (0x0000B537) lui a0, 11
x10 <- 0x0000B000


mem[X,0x80027548] -> 0x0513
mem[X,0x8002754A] -> 0x5055
[3934] [M]: 0x80027548 (0x50550513) addi a0, a0, 1285
x10 <- 0x0000B505


mem[X,0x8002754C] -> 0x0593
mem[X,0x8002754E] -> 0x0050
[3935] [M]: 0x8002754C (0x00500593) addi a1, zero, 5
x11 <- 0x00000005


mem[X,0x80027550] -> 0x0113
mem[X,0x80027552] -> 0x0000
[3936] [M]: 0x80027550 (0x00000113) addi sp, zero, 0
x2 <- 0x00000000


mem[X,0x80027554] -> 0x006F
mem[X,0x80027556] -> 0x00C0
[3937] [M]: 0x80027554 (0x00C0006F) jal zero, 12


mem[X,0x80027560] -> 0x4063
mem[X,0x80027562] -> 0x08B5
[3938] [M]: 0x80027560 (0x08B54063) blt a0, a1, 128


mem[X,0x80027564] -> 0x0113
mem[X,0x80027566] -> 0x0021
[3939] [M]: 0x80027564 (0x00210113) addi sp, sp, 2
x2 <- 0x00000002


mem[X,0x80027568] -> 0x006F
mem[X,0x8002756A] -> 0x0800
[3940] [M]: 0x80027568 (0x0800006F) jal zero, 128


mem[X,0x800275E8] -> 0xA823
mem[X,0x800275EA] -> 0x6220
[3941] [M]: 0x800275E8 (0x6220A823) sw sp, 1584(ra)
mem[0x80038898] <- 0x00000002


mem[X,0x800275EC] -> 0xB537
mem[X,0x800275EE] -> 0x0000
[3942] [M]: 0x800275EC (0x0000B537) lui a0, 11
x10 <- 0x0000B000


mem[X,0x800275F0] -> 0x0513
mem[X,0x800275F2] -> 0x5055
[3943] [M]: 0x800275F0 (0x50550513) addi a0, a0, 1285
x10 <- 0x0000B505


mem[X,0x800275F4] -> 0x35B7
mem[X,0x800275F6] -> 0x3333
[3944] [M]: 0x800275F4 (0x333335B7) lui a1, 209715
x11 <- 0x33333000


mem[X,0x800275F8] -> 0x8593
mem[X,0x800275FA] -> 0x3335
[3945] [M]: 0x800275F8 (0x33358593) addi a1, a1, 819
x11 <- 0x33333333


mem[X,0x800275FC] -> 0x0113
mem[X,0x800275FE] -> 0x0000
[3946] [M]: 0x800275FC (0x00000113) addi sp, zero, 0
x2 <- 0x00000000


mem[X,0x80027600] -> 0x006F
mem[X,0x80027602] -> 0x0140
[3947] [M]: 0x80027600 (0x0140006F) jal zero, 20


mem[X,0x80027614] -> 0x48E3
mem[X,0x80027616] -> 0xFEB5
[3948] [M]: 0x80027614 (0xFEB548E3) blt a0, a1, 8176


mem[X,0x80027604] -> 0x0113
mem[X,0x80027606] -> 0x0011
[3949] [M]: 0x80027604 (0x00110113) addi sp, sp, 1
x2 <- 0x00000001


mem[X,0x80027608] -> 0x006F
mem[X,0x8002760A] -> 0x0200
[3950] [M]: 0x80027608 (0x0200006F) jal zero, 32


mem[X,0x80027628] -> 0xAA23
mem[X,0x8002762A] -> 0x6220
[3951] [M]: 0x80027628 (0x6220AA23) sw sp, 1588(ra)
mem[0x8003889C] <- 0x00000001


mem[X,0x8002762C] -> 0xB537
mem[X,0x8002762E] -> 0x0000
[3952] [M]: 0x8002762C (0x0000B537) lui a0, 11
x10 <- 0x0000B000


mem[X,0x80027630] -> 0x0513
mem[X,0x80027632] -> 0x5055
[3953] [M]: 0x80027630 (0x50550513) addi a0, a0, 1285
x10 <- 0x0000B505


mem[X,0x80027634] -> 0x65B7
mem[X,0x80027636] -> 0x6666
[3954] [M]: 0x80027634 (0x666665B7) lui a1, 419430
x11 <- 0x66666000


mem[X,0x80027638] -> 0x8593
mem[X,0x8002763A] -> 0x6665
[3955] [M]: 0x80027638 (0x66658593) addi a1, a1, 1638
x11 <- 0x66666666


mem[X,0x8002763C] -> 0x0113
mem[X,0x8002763E] -> 0x0000
[3956] [M]: 0x8002763C (0x00000113) addi sp, zero, 0
x2 <- 0x00000000


mem[X,0x80027640] -> 0x006F
mem[X,0x80027642] -> 0x00C0
[3957] [M]: 0x80027640 (0x00C0006F) jal zero, 12


mem[X,0x8002764C] -> 0x4063
mem[X,0x8002764E] -> 0x20B5
[3958] [M]: 0x8002764C (0x20B54063) blt a0, a1, 512


mem[X,0x8002784C] -> 0x0113
mem[X,0x8002784E] -> 0x0031
[3959] [M]: 0x8002784C (0x00310113) addi sp, sp, 3
x2 <- 0x00000003


mem[X,0x80027850] -> 0x006F
mem[X,0x80027852] -> 0x0040
[3960] [M]: 0x80027850 (0x0040006F) jal zero, 4


mem[X,0x80027854] -> 0xAC23
mem[X,0x80027856] -> 0x6220
[3961] [M]: 0x80027854 (0x6220AC23) sw sp, 1592(ra)
mem[0x800388A0] <- 0x00000003


mem[X,0x80027858] -> 0xB537
mem[X,0x8002785A] -> 0x0000
[3962] [M]: 0x80027858 (0x0000B537) lui a0, 11
x10 <- 0x0000B000


mem[X,0x8002785C] -> 0x0513
mem[X,0x8002785E] -> 0x5055
[3963] [M]: 0x8002785C (0x50550513) addi a0, a0, 1285
x10 <- 0x0000B505


mem[X,0x80027860] -> 0x55B7
mem[X,0x80027862] -> 0xFFFF
[3964] [M]: 0x80027860 (0xFFFF55B7) lui a1, 1048565
x11 <- 0xFFFF5000


mem[X,0x80027864] -> 0x8593
mem[X,0x80027866] -> 0xAFC5
[3965] [M]: 0x80027864 (0xAFC58593) addi a1, a1, 2812
x11 <- 0xFFFF4AFC


mem[X,0x80027868] -> 0x0113
mem[X,0x8002786A] -> 0x0000
[3966] [M]: 0x80027868 (0x00000113) addi sp, zero, 0
x2 <- 0x00000000


mem[X,0x8002786C] -> 0x006F
mem[X,0x8002786E] -> 0x00C0
[3967] [M]: 0x8002786C (0x00C0006F) jal zero, 12


mem[X,0x80027878] -> 0x4063
mem[X,0x8002787A] -> 0x04B5
[3968] [M]: 0x80027878 (0x04B54063) blt a0, a1, 64


mem[X,0x8002787C] -> 0x0113
mem[X,0x8002787E] -> 0x0021
[3969] [M]: 0x8002787C (0x00210113) addi sp, sp, 2
x2 <- 0x00000002


mem[X,0x80027880] -> 0x006F
mem[X,0x80027882] -> 0x0400
[3970] [M]: 0x80027880 (0x0400006F) jal zero, 64


mem[X,0x800278C0] -> 0xAE23
mem[X,0x800278C2] -> 0x6220
[3971] [M]: 0x800278C0 (0x6220AE23) sw sp, 1596(ra)
mem[0x800388A4] <- 0x00000002


mem[X,0x800278C4] -> 0xB537
mem[X,0x800278C6] -> 0x0000
[3972] [M]: 0x800278C4 (0x0000B537) lui a0, 11
x10 <- 0x0000B000


mem[X,0x800278C8] -> 0x0513
mem[X,0x800278CA] -> 0x5055
[3973] [M]: 0x800278C8 (0x50550513) addi a0, a0, 1285
x10 <- 0x0000B505


mem[X,0x800278CC] -> 0xB5B7
mem[X,0x800278CE] -> 0x0000
[3974] [M]: 0x800278CC (0x0000B5B7) lui a1, 11
x11 <- 0x0000B000


mem[X,0x800278D0] -> 0x8593
mem[X,0x800278D2] -> 0x5045
[3975] [M]: 0x800278D0 (0x50458593) addi a1, a1, 1284
x11 <- 0x0000B504


mem[X,0x800278D4] -> 0x0113
mem[X,0x800278D6] -> 0x0000
[3976] [M]: 0x800278D4 (0x00000113) addi sp, zero, 0
x2 <- 0x00000000


mem[X,0x800278D8] -> 0x006F
mem[X,0x800278DA] -> 0x00C0
[3977] [M]: 0x800278D8 (0x00C0006F) jal zero, 12


mem[X,0x800278E4] -> 0x4663
mem[X,0x800278E6] -> 0x00B5
[3978] [M]: 0x800278E4 (0x00B54663) blt a0, a1, 12


mem[X,0x800278E8] -> 0x0113
mem[X,0x800278EA] -> 0x0021
[3979] [M]: 0x800278E8 (0x00210113) addi sp, sp, 2
x2 <- 0x00000002


mem[X,0x800278EC] -> 0x006F
mem[X,0x800278EE] -> 0x00C0
[3980] [M]: 0x800278EC (0x00C0006F) jal zero, 12


mem[X,0x800278F8] -> 0xA023
mem[X,0x800278FA] -> 0x6420
[3981] [M]: 0x800278F8 (0x6420A023) sw sp, 1600(ra)
mem[0x800388A8] <- 0x00000002


mem[X,0x800278FC] -> 0xB537
mem[X,0x800278FE] -> 0x0000
[3982] [M]: 0x800278FC (0x0000B537) lui a0, 11
x10 <- 0x0000B000


mem[X,0x80027900] -> 0x0513
mem[X,0x80027902] -> 0x5055
[3983] [M]: 0x80027900 (0x50550513) addi a0, a0, 1285
x10 <- 0x0000B505


mem[X,0x80027904] -> 0x0593
mem[X,0x80027906] -> 0x0020
[3984] [M]: 0x80027904 (0x00200593) addi a1, zero, 2
x11 <- 0x00000002


mem[X,0x80027908] -> 0x0113
mem[X,0x8002790A] -> 0x0000
[3985] [M]: 0x80027908 (0x00000113) addi sp, zero, 0
x2 <- 0x00000000


mem[X,0x8002790C] -> 0x006F
mem[X,0x8002790E] -> 0x00C0
[3986] [M]: 0x8002790C (0x00C0006F) jal zero, 12


mem[X,0x80027918] -> 0x4663
mem[X,0x8002791A] -> 0x00B5
[3987] [M]: 0x80027918 (0x00B54663) blt a0, a1, 12


mem[X,0x8002791C] -> 0x0113
mem[X,0x8002791E] -> 0x0021
[3988] [M]: 0x8002791C (0x00210113) addi sp, sp, 2
x2 <- 0x00000002


mem[X,0x80027920] -> 0x006F
mem[X,0x80027922] -> 0x00C0
[3989] [M]: 0x80027920 (0x00C0006F) jal zero, 12


mem[X,0x8002792C] -> 0xA223
mem[X,0x8002792E] -> 0x6420
[3990] [M]: 0x8002792C (0x6420A223) sw sp, 1604(ra)
mem[0x800388AC] <- 0x00000002


mem[X,0x80027930] -> 0xB537
mem[X,0x80027932] -> 0x0000
[3991] [M]: 0x80027930 (0x0000B537) lui a0, 11
x10 <- 0x0000B000


mem[X,0x80027934] -> 0x0513
mem[X,0x80027936] -> 0x5055
[3992] [M]: 0x80027934 (0x50550513) addi a0, a0, 1285
x10 <- 0x0000B505


mem[X,0x80027938] -> 0x55B7
mem[X,0x8002793A] -> 0x5555
[3993] [M]: 0x80027938 (0x555555B7) lui a1, 349525
x11 <- 0x55555000


mem[X,0x8002793C] -> 0x8593
mem[X,0x8002793E] -> 0x5545
[3994] [M]: 0x8002793C (0x55458593) addi a1, a1, 1364
x11 <- 0x55555554


mem[X,0x80027940] -> 0x0113
mem[X,0x80027942] -> 0x0000
[3995] [M]: 0x80027940 (0x00000113) addi sp, zero, 0
x2 <- 0x00000000


mem[X,0x80027944] -> 0x006F
mem[X,0x80027946] -> 0x00C0
[3996] [M]: 0x80027944 (0x00C0006F) jal zero, 12


mem[X,0x80027950] -> 0x4063
mem[X,0x80027952] -> 0x04B5
[3997] [M]: 0x80027950 (0x04B54063) blt a0, a1, 64


mem[X,0x80027990] -> 0x0113
mem[X,0x80027992] -> 0x0031
[3998] [M]: 0x80027990 (0x00310113) addi sp, sp, 3
x2 <- 0x00000003


mem[X,0x80027994] -> 0x006F
mem[X,0x80027996] -> 0x0040
[3999] [M]: 0x80027994 (0x0040006F) jal zero, 4


clint::tick mtime <- 0x0000000000000028
 clint timer pending at mtime 0x0000000000000028
htif::tick 0x0000000000000000
mem[X,0x80027998] -> 0xA423
mem[X,0x8002799A] -> 0x6420
[4000] [M]: 0x80027998 (0x6420A423) sw sp, 1608(ra)
mem[0x800388B0] <- 0x00000003


mem[X,0x8002799C] -> 0xB537
mem[X,0x8002799E] -> 0x0000
[4001] [M]: 0x8002799C (0x0000B537) lui a0, 11
x10 <- 0x0000B000


mem[X,0x800279A0] -> 0x0513
mem[X,0x800279A2] -> 0x5055
[4002] [M]: 0x800279A0 (0x50550513) addi a0, a0, 1285
x10 <- 0x0000B505


mem[X,0x800279A4] -> 0x0593
mem[X,0x800279A6] -> 0x0000
[4003] [M]: 0x800279A4 (0x00000593) addi a1, zero, 0
x11 <- 0x00000000


mem[X,0x800279A8] -> 0x0113
mem[X,0x800279AA] -> 0x0000
[4004] [M]: 0x800279A8 (0x00000113) addi sp, zero, 0
x2 <- 0x00000000


mem[X,0x800279AC] -> 0x006F
mem[X,0x800279AE] -> 0x00C0
[4005] [M]: 0x800279AC (0x00C0006F) jal zero, 12


mem[X,0x800279B8] -> 0x4663
mem[X,0x800279BA] -> 0x00B5
[4006] [M]: 0x800279B8 (0x00B54663) blt a0, a1, 12


mem[X,0x800279BC] -> 0x0113
mem[X,0x800279BE] -> 0x0021
[4007] [M]: 0x800279BC (0x00210113) addi sp, sp, 2
x2 <- 0x00000002


mem[X,0x800279C0] -> 0x006F
mem[X,0x800279C2] -> 0x00C0
[4008] [M]: 0x800279C0 (0x00C0006F) jal zero, 12


mem[X,0x800279CC] -> 0xA623
mem[X,0x800279CE] -> 0x6420
[4009] [M]: 0x800279CC (0x6420A623) sw sp, 1612(ra)
mem[0x800388B4] <- 0x00000002


mem[X,0x800279D0] -> 0xB537
mem[X,0x800279D2] -> 0x0000
[4010] [M]: 0x800279D0 (0x0000B537) lui a0, 11
x10 <- 0x0000B000


mem[X,0x800279D4] -> 0x0513
mem[X,0x800279D6] -> 0x5055
[4011] [M]: 0x800279D4 (0x50550513) addi a0, a0, 1285
x10 <- 0x0000B505


mem[X,0x800279D8] -> 0x0593
mem[X,0x800279DA] -> 0x0040
[4012] [M]: 0x800279D8 (0x00400593) addi a1, zero, 4
x11 <- 0x00000004


mem[X,0x800279DC] -> 0x0113
mem[X,0x800279DE] -> 0x0000
[4013] [M]: 0x800279DC (0x00000113) addi sp, zero, 0
x2 <- 0x00000000


mem[X,0x800279E0] -> 0x006F
mem[X,0x800279E2] -> 0x0100
[4014] [M]: 0x800279E0 (0x0100006F) jal zero, 16


mem[X,0x800279F0] -> 0x4AE3
mem[X,0x800279F2] -> 0xFEB5
[4015] [M]: 0x800279F0 (0xFEB54AE3) blt a0, a1, 8180


mem[X,0x800279F4] -> 0x0113
mem[X,0x800279F6] -> 0x0021
[4016] [M]: 0x800279F4 (0x00210113) addi sp, sp, 2
x2 <- 0x00000002


mem[X,0x800279F8] -> 0x006F
mem[X,0x800279FA] -> 0x00C0
[4017] [M]: 0x800279F8 (0x00C0006F) jal zero, 12


mem[X,0x80027A04] -> 0xA823
mem[X,0x80027A06] -> 0x6420
[4018] [M]: 0x80027A04 (0x6420A823) sw sp, 1616(ra)
mem[0x800388B8] <- 0x00000002


mem[X,0x80027A08] -> 0xB537
mem[X,0x80027A0A] -> 0x0000
[4019] [M]: 0x80027A08 (0x0000B537) lui a0, 11
x10 <- 0x0000B000


mem[X,0x80027A0C] -> 0x0513
mem[X,0x80027A0E] -> 0x5055
[4020] [M]: 0x80027A0C (0x50550513) addi a0, a0, 1285
x10 <- 0x0000B505


mem[X,0x80027A10] -> 0x35B7
mem[X,0x80027A12] -> 0x3333
[4021] [M]: 0x80027A10 (0x333335B7) lui a1, 209715
x11 <- 0x33333000


mem[X,0x80027A14] -> 0x8593
mem[X,0x80027A16] -> 0x3325
[4022] [M]: 0x80027A14 (0x33258593) addi a1, a1, 818
x11 <- 0x33333332


mem[X,0x80027A18] -> 0x0113
mem[X,0x80027A1A] -> 0x0000
[4023] [M]: 0x80027A18 (0x00000113) addi sp, zero, 0
x2 <- 0x00000000


mem[X,0x80027A1C] -> 0x006F
mem[X,0x80027A1E] -> 0x0100
[4024] [M]: 0x80027A1C (0x0100006F) jal zero, 16


mem[X,0x80027A2C] -> 0x4AE3
mem[X,0x80027A2E] -> 0xFEB5
[4025] [M]: 0x80027A2C (0xFEB54AE3) blt a0, a1, 8180


mem[X,0x80027A20] -> 0x0113
mem[X,0x80027A22] -> 0x0011
[4026] [M]: 0x80027A20 (0x00110113) addi sp, sp, 1
x2 <- 0x00000001


mem[X,0x80027A24] -> 0x006F
mem[X,0x80027A26] -> 0x01C0
[4027] [M]: 0x80027A24 (0x01C0006F) jal zero, 28


mem[X,0x80027A40] -> 0xAA23
mem[X,0x80027A42] -> 0x6420
[4028] [M]: 0x80027A40 (0x6420AA23) sw sp, 1620(ra)
mem[0x800388BC] <- 0x00000001


mem[X,0x80027A44] -> 0xB537
mem[X,0x80027A46] -> 0x0000
[4029] [M]: 0x80027A44 (0x0000B537) lui a0, 11
x10 <- 0x0000B000


mem[X,0x80027A48] -> 0x0513
mem[X,0x80027A4A] -> 0x5055
[4030] [M]: 0x80027A48 (0x50550513) addi a0, a0, 1285
x10 <- 0x0000B505


mem[X,0x80027A4C] -> 0x65B7
mem[X,0x80027A4E] -> 0x6666
[4031] [M]: 0x80027A4C (0x666665B7) lui a1, 419430
x11 <- 0x66666000


mem[X,0x80027A50] -> 0x8593
mem[X,0x80027A52] -> 0x6655
[4032] [M]: 0x80027A50 (0x66558593) addi a1, a1, 1637
x11 <- 0x66666665


mem[X,0x80027A54] -> 0x0113
mem[X,0x80027A56] -> 0x0000
[4033] [M]: 0x80027A54 (0x00000113) addi sp, zero, 0
x2 <- 0x00000000


mem[X,0x80027A58] -> 0x006F
mem[X,0x80027A5A] -> 0x2B10
[4034] [M]: 0x80027A58 (0x2B10006F) jal zero, 2736


mem[X,0x80028508] -> 0x4A63
mem[X,0x8002850A] -> 0xD4B5
[4035] [M]: 0x80028508 (0xD4B54A63) blt a0, a1, 5460


mem[X,0x80027A5C] -> 0x0113
mem[X,0x80027A5E] -> 0x0011
[4036] [M]: 0x80027A5C (0x00110113) addi sp, sp, 1
x2 <- 0x00000001


mem[X,0x80027A60] -> 0x006F
mem[X,0x80027A62] -> 0x2BD0
[4037] [M]: 0x80027A60 (0x2BD0006F) jal zero, 2748


mem[X,0x8002851C] -> 0xAC23
mem[X,0x8002851E] -> 0x6420
[4038] [M]: 0x8002851C (0x6420AC23) sw sp, 1624(ra)
mem[0x800388C0] <- 0x00000001


mem[X,0x80028520] -> 0xB537
mem[X,0x80028522] -> 0x0000
[4039] [M]: 0x80028520 (0x0000B537) lui a0, 11
x10 <- 0x0000B000


mem[X,0x80028524] -> 0x0513
mem[X,0x80028526] -> 0x5055
[4040] [M]: 0x80028524 (0x50550513) addi a0, a0, 1285
x10 <- 0x0000B505


mem[X,0x80028528] -> 0xB5B7
mem[X,0x8002852A] -> 0x0000
[4041] [M]: 0x80028528 (0x0000B5B7) lui a1, 11
x11 <- 0x0000B000


mem[X,0x8002852C] -> 0x8593
mem[X,0x8002852E] -> 0x5035
[4042] [M]: 0x8002852C (0x50358593) addi a1, a1, 1283
x11 <- 0x0000B503


mem[X,0x80028530] -> 0x0113
mem[X,0x80028532] -> 0x0000
[4043] [M]: 0x80028530 (0x00000113) addi sp, zero, 0
x2 <- 0x00000000


mem[X,0x80028534] -> 0x006F
mem[X,0x80028536] -> 0x0050
[4044] [M]: 0x80028534 (0x0050006F) jal zero, 2052


mem[X,0x80028D38] -> 0x40E3
mem[X,0x80028D3A] -> 0x80B5
[4045] [M]: 0x80028D38 (0x80B540E3) blt a0, a1, 6144


mem[X,0x80028D3C] -> 0x0113
mem[X,0x80028D3E] -> 0x0021
[4046] [M]: 0x80028D3C (0x00210113) addi sp, sp, 2
x2 <- 0x00000002


mem[X,0x80028D40] -> 0x006F
mem[X,0x80028D42] -> 0x00C0
[4047] [M]: 0x80028D40 (0x00C0006F) jal zero, 12


mem[X,0x80028D4C] -> 0xAE23
mem[X,0x80028D4E] -> 0x6420
[4048] [M]: 0x80028D4C (0x6420AE23) sw sp, 1628(ra)
mem[0x800388C4] <- 0x00000002


mem[X,0x80028D50] -> 0xB537
mem[X,0x80028D52] -> 0x0000
[4049] [M]: 0x80028D50 (0x0000B537) lui a0, 11
x10 <- 0x0000B000


mem[X,0x80028D54] -> 0x0513
mem[X,0x80028D56] -> 0x5055
[4050] [M]: 0x80028D54 (0x50550513) addi a0, a0, 1285
x10 <- 0x0000B505


mem[X,0x80028D58] -> 0x55B7
mem[X,0x80028D5A] -> 0x5555
[4051] [M]: 0x80028D58 (0x555555B7) lui a1, 349525
x11 <- 0x55555000


mem[X,0x80028D5C] -> 0x8593
mem[X,0x80028D5E] -> 0x5565
[4052] [M]: 0x80028D5C (0x55658593) addi a1, a1, 1366
x11 <- 0x55555556


mem[X,0x80028D60] -> 0x0113
mem[X,0x80028D62] -> 0x0000
[4053] [M]: 0x80028D60 (0x00000113) addi sp, zero, 0
x2 <- 0x00000000


mem[X,0x80028D64] -> 0x006F
mem[X,0x80028D66] -> 0x00C0
[4054] [M]: 0x80028D64 (0x00C0006F) jal zero, 12


mem[X,0x80028D70] -> 0x4663
mem[X,0x80028D72] -> 0x00B5
[4055] [M]: 0x80028D70 (0x00B54663) blt a0, a1, 12


mem[X,0x80028D7C] -> 0x0113
mem[X,0x80028D7E] -> 0x0031
[4056] [M]: 0x80028D7C (0x00310113) addi sp, sp, 3
x2 <- 0x00000003


mem[X,0x80028D80] -> 0x006F
mem[X,0x80028D82] -> 0x0040
[4057] [M]: 0x80028D80 (0x0040006F) jal zero, 4


mem[X,0x80028D84] -> 0xA023
mem[X,0x80028D86] -> 0x6620
[4058] [M]: 0x80028D84 (0x6620A023) sw sp, 1632(ra)
mem[0x800388C8] <- 0x00000003


mem[X,0x80028D88] -> 0xB537
mem[X,0x80028D8A] -> 0x0000
[4059] [M]: 0x80028D88 (0x0000B537) lui a0, 11
x10 <- 0x0000B000


mem[X,0x80028D8C] -> 0x0513
mem[X,0x80028D8E] -> 0x5055
[4060] [M]: 0x80028D8C (0x50550513) addi a0, a0, 1285
x10 <- 0x0000B505


mem[X,0x80028D90] -> 0xB5B7
mem[X,0x80028D92] -> 0xAAAA
[4061] [M]: 0x80028D90 (0xAAAAB5B7) lui a1, 699051
x11 <- 0xAAAAB000


mem[X,0x80028D94] -> 0x8593
mem[X,0x80028D96] -> 0xAAB5
[4062] [M]: 0x80028D94 (0xAAB58593) addi a1, a1, 2731
x11 <- 0xAAAAAAAB


mem[X,0x80028D98] -> 0x0113
mem[X,0x80028D9A] -> 0x0000
[4063] [M]: 0x80028D98 (0x00000113) addi sp, zero, 0
x2 <- 0x00000000


mem[X,0x80028D9C] -> 0x006F
mem[X,0x80028D9E] -> 0x00C0
[4064] [M]: 0x80028D9C (0x00C0006F) jal zero, 12


mem[X,0x80028DA8] -> 0x4063
mem[X,0x80028DAA] -> 0x02B5
[4065] [M]: 0x80028DA8 (0x02B54063) blt a0, a1, 32


mem[X,0x80028DAC] -> 0x0113
mem[X,0x80028DAE] -> 0x0021
[4066] [M]: 0x80028DAC (0x00210113) addi sp, sp, 2
x2 <- 0x00000002


mem[X,0x80028DB0] -> 0x006F
mem[X,0x80028DB2] -> 0x0200
[4067] [M]: 0x80028DB0 (0x0200006F) jal zero, 32


mem[X,0x80028DD0] -> 0xA223
mem[X,0x80028DD2] -> 0x6620
[4068] [M]: 0x80028DD0 (0x6620A223) sw sp, 1636(ra)
mem[0x800388CC] <- 0x00000002


mem[X,0x80028DD4] -> 0xB537
mem[X,0x80028DD6] -> 0x0000
[4069] [M]: 0x80028DD4 (0x0000B537) lui a0, 11
x10 <- 0x0000B000


mem[X,0x80028DD8] -> 0x0513
mem[X,0x80028DDA] -> 0x5055
[4070] [M]: 0x80028DD8 (0x50550513) addi a0, a0, 1285
x10 <- 0x0000B505


mem[X,0x80028DDC] -> 0x0593
mem[X,0x80028DDE] -> 0x0060
[4071] [M]: 0x80028DDC (0x00600593) addi a1, zero, 6
x11 <- 0x00000006


mem[X,0x80028DE0] -> 0x0113
mem[X,0x80028DE2] -> 0x0000
[4072] [M]: 0x80028DE0 (0x00000113) addi sp, zero, 0
x2 <- 0x00000000


mem[X,0x80028DE4] -> 0x006F
mem[X,0x80028DE6] -> 0x00C0
[4073] [M]: 0x80028DE4 (0x00C0006F) jal zero, 12


mem[X,0x80028DF0] -> 0x4CE3
mem[X,0x80028DF2] -> 0xFEB5
[4074] [M]: 0x80028DF0 (0xFEB54CE3) blt a0, a1, 8184


mem[X,0x80028DF4] -> 0x0113
mem[X,0x80028DF6] -> 0x0021
[4075] [M]: 0x80028DF4 (0x00210113) addi sp, sp, 2
x2 <- 0x00000002


mem[X,0x80028DF8] -> 0x006F
mem[X,0x80028DFA] -> 0x00C0
[4076] [M]: 0x80028DF8 (0x00C0006F) jal zero, 12


mem[X,0x80028E04] -> 0xA423
mem[X,0x80028E06] -> 0x6620
[4077] [M]: 0x80028E04 (0x6620A423) sw sp, 1640(ra)
mem[0x800388D0] <- 0x00000002


mem[X,0x80028E08] -> 0xB537
mem[X,0x80028E0A] -> 0x0000
[4078] [M]: 0x80028E08 (0x0000B537) lui a0, 11
x10 <- 0x0000B000


mem[X,0x80028E0C] -> 0x0513
mem[X,0x80028E0E] -> 0x5055
[4079] [M]: 0x80028E0C (0x50550513) addi a0, a0, 1285
x10 <- 0x0000B505


mem[X,0x80028E10] -> 0x35B7
mem[X,0x80028E12] -> 0x3333
[4080] [M]: 0x80028E10 (0x333335B7) lui a1, 209715
x11 <- 0x33333000


mem[X,0x80028E14] -> 0x8593
mem[X,0x80028E16] -> 0x3345
[4081] [M]: 0x80028E14 (0x33458593) addi a1, a1, 820
x11 <- 0x33333334


mem[X,0x80028E18] -> 0x0113
mem[X,0x80028E1A] -> 0x0000
[4082] [M]: 0x80028E18 (0x00000113) addi sp, zero, 0
x2 <- 0x00000000


mem[X,0x80028E1C] -> 0x006F
mem[X,0x80028E1E] -> 0x00C0
[4083] [M]: 0x80028E1C (0x00C0006F) jal zero, 12


mem[X,0x80028E28] -> 0x4CE3
mem[X,0x80028E2A] -> 0xFEB5
[4084] [M]: 0x80028E28 (0xFEB54CE3) blt a0, a1, 8184


mem[X,0x80028E20] -> 0x0113
mem[X,0x80028E22] -> 0x0011
[4085] [M]: 0x80028E20 (0x00110113) addi sp, sp, 1
x2 <- 0x00000001


mem[X,0x80028E24] -> 0x006F
mem[X,0x80028E26] -> 0x0180
[4086] [M]: 0x80028E24 (0x0180006F) jal zero, 24


mem[X,0x80028E3C] -> 0xA623
mem[X,0x80028E3E] -> 0x6620
[4087] [M]: 0x80028E3C (0x6620A623) sw sp, 1644(ra)
mem[0x800388D4] <- 0x00000001


mem[X,0x80028E40] -> 0xB537
mem[X,0x80028E42] -> 0x0000
[4088] [M]: 0x80028E40 (0x0000B537) lui a0, 11
x10 <- 0x0000B000


mem[X,0x80028E44] -> 0x0513
mem[X,0x80028E46] -> 0x5055
[4089] [M]: 0x80028E44 (0x50550513) addi a0, a0, 1285
x10 <- 0x0000B505


mem[X,0x80028E48] -> 0x65B7
mem[X,0x80028E4A] -> 0x6666
[4090] [M]: 0x80028E48 (0x666665B7) lui a1, 419430
x11 <- 0x66666000


mem[X,0x80028E4C] -> 0x8593
mem[X,0x80028E4E] -> 0x6675
[4091] [M]: 0x80028E4C (0x66758593) addi a1, a1, 1639
x11 <- 0x66666667


mem[X,0x80028E50] -> 0x0113
mem[X,0x80028E52] -> 0x0000
[4092] [M]: 0x80028E50 (0x00000113) addi sp, zero, 0
x2 <- 0x00000000


mem[X,0x80028E54] -> 0x006F
mem[X,0x80028E56] -> 0x00C0
[4093] [M]: 0x80028E54 (0x00C0006F) jal zero, 12


mem[X,0x80028E60] -> 0x4663
mem[X,0x80028E62] -> 0x00B5
[4094] [M]: 0x80028E60 (0x00B54663) blt a0, a1, 12


mem[X,0x80028E6C] -> 0x0113
mem[X,0x80028E6E] -> 0x0031
[4095] [M]: 0x80028E6C (0x00310113) addi sp, sp, 3
x2 <- 0x00000003


mem[X,0x80028E70] -> 0x006F
mem[X,0x80028E72] -> 0x0040
[4096] [M]: 0x80028E70 (0x0040006F) jal zero, 4


mem[X,0x80028E74] -> 0xA823
mem[X,0x80028E76] -> 0x6620
[4097] [M]: 0x80028E74 (0x6620A823) sw sp, 1648(ra)
mem[0x800388D8] <- 0x00000003


mem[X,0x80028E78] -> 0xB537
mem[X,0x80028E7A] -> 0x0000
[4098] [M]: 0x80028E78 (0x0000B537) lui a0, 11
x10 <- 0x0000B000


mem[X,0x80028E7C] -> 0x0513
mem[X,0x80028E7E] -> 0x5055
[4099] [M]: 0x80028E7C (0x50550513) addi a0, a0, 1285
x10 <- 0x0000B505


clint::tick mtime <- 0x0000000000000029
 clint timer pending at mtime 0x0000000000000029
htif::tick 0x0000000000000000
mem[X,0x80028E80] -> 0x55B7
mem[X,0x80028E82] -> 0xFFFF
[4100] [M]: 0x80028E80 (0xFFFF55B7) lui a1, 1048565
x11 <- 0xFFFF5000


mem[X,0x80028E84] -> 0x8593
mem[X,0x80028E86] -> 0xAFD5
[4101] [M]: 0x80028E84 (0xAFD58593) addi a1, a1, 2813
x11 <- 0xFFFF4AFD


mem[X,0x80028E88] -> 0x0113
mem[X,0x80028E8A] -> 0x0000
[4102] [M]: 0x80028E88 (0x00000113) addi sp, zero, 0
x2 <- 0x00000000


mem[X,0x80028E8C] -> 0x006F
mem[X,0x80028E8E] -> 0x0140
[4103] [M]: 0x80028E8C (0x0140006F) jal zero, 20


mem[X,0x80028EA0] -> 0x48E3
mem[X,0x80028EA2] -> 0xFEB5
[4104] [M]: 0x80028EA0 (0xFEB548E3) blt a0, a1, 8176


mem[X,0x80028EA4] -> 0x0113
mem[X,0x80028EA6] -> 0x0021
[4105] [M]: 0x80028EA4 (0x00210113) addi sp, sp, 2
x2 <- 0x00000002


mem[X,0x80028EA8] -> 0x006F
mem[X,0x80028EAA] -> 0x00C0
[4106] [M]: 0x80028EA8 (0x00C0006F) jal zero, 12


mem[X,0x80028EB4] -> 0xAA23
mem[X,0x80028EB6] -> 0x6620
[4107] [M]: 0x80028EB4 (0x6620AA23) sw sp, 1652(ra)
mem[0x800388DC] <- 0x00000002


mem[X,0x80028EB8] -> 0xB537
mem[X,0x80028EBA] -> 0x0000
[4108] [M]: 0x80028EB8 (0x0000B537) lui a0, 11
x10 <- 0x0000B000


mem[X,0x80028EBC] -> 0x0513
mem[X,0x80028EBE] -> 0x5055
[4109] [M]: 0x80028EBC (0x50550513) addi a0, a0, 1285
x10 <- 0x0000B505


mem[X,0x80028EC0] -> 0xB5B7
mem[X,0x80028EC2] -> 0x0000
[4110] [M]: 0x80028EC0 (0x0000B5B7) lui a1, 11
x11 <- 0x0000B000


mem[X,0x80028EC4] -> 0x8593
mem[X,0x80028EC6] -> 0x5055
[4111] [M]: 0x80028EC4 (0x50558593) addi a1, a1, 1285
x11 <- 0x0000B505


mem[X,0x80028EC8] -> 0x0113
mem[X,0x80028ECA] -> 0x0000
[4112] [M]: 0x80028EC8 (0x00000113) addi sp, zero, 0
x2 <- 0x00000000


mem[X,0x80028ECC] -> 0x006F
mem[X,0x80028ECE] -> 0x00C0
[4113] [M]: 0x80028ECC (0x00C0006F) jal zero, 12


mem[X,0x80028ED8] -> 0x4CE3
mem[X,0x80028EDA] -> 0xFEB5
[4114] [M]: 0x80028ED8 (0xFEB54CE3) blt a0, a1, 8184


mem[X,0x80028EDC] -> 0x0113
mem[X,0x80028EDE] -> 0x0021
[4115] [M]: 0x80028EDC (0x00210113) addi sp, sp, 2
x2 <- 0x00000002


mem[X,0x80028EE0] -> 0x006F
mem[X,0x80028EE2] -> 0x00C0
[4116] [M]: 0x80028EE0 (0x00C0006F) jal zero, 12


mem[X,0x80028EEC] -> 0xAC23
mem[X,0x80028EEE] -> 0x6620
[4117] [M]: 0x80028EEC (0x6620AC23) sw sp, 1656(ra)
mem[0x800388E0] <- 0x00000002


mem[X,0x80028EF0] -> 0x0513
mem[X,0x80028EF2] -> 0x0000
[4118] [M]: 0x80028EF0 (0x00000513) addi a0, zero, 0
x10 <- 0x00000000


mem[X,0x80028EF4] -> 0x0593
mem[X,0x80028EF6] -> 0x0020
[4119] [M]: 0x80028EF4 (0x00200593) addi a1, zero, 2
x11 <- 0x00000002


mem[X,0x80028EF8] -> 0x0113
mem[X,0x80028EFA] -> 0x0000
[4120] [M]: 0x80028EF8 (0x00000113) addi sp, zero, 0
x2 <- 0x00000000


mem[X,0x80028EFC] -> 0x006F
mem[X,0x80028EFE] -> 0x00C0
[4121] [M]: 0x80028EFC (0x00C0006F) jal zero, 12


mem[X,0x80028F08] -> 0x4663
mem[X,0x80028F0A] -> 0x00B5
[4122] [M]: 0x80028F08 (0x00B54663) blt a0, a1, 12


mem[X,0x80028F14] -> 0x0113
mem[X,0x80028F16] -> 0x0031
[4123] [M]: 0x80028F14 (0x00310113) addi sp, sp, 3
x2 <- 0x00000003


mem[X,0x80028F18] -> 0x006F
mem[X,0x80028F1A] -> 0x0040
[4124] [M]: 0x80028F18 (0x0040006F) jal zero, 4


mem[X,0x80028F1C] -> 0xAE23
mem[X,0x80028F1E] -> 0x6620
[4125] [M]: 0x80028F1C (0x6620AE23) sw sp, 1660(ra)
mem[0x800388E4] <- 0x00000003


mem[X,0x80028F20] -> 0x0513
mem[X,0x80028F22] -> 0x0000
[4126] [M]: 0x80028F20 (0x00000513) addi a0, zero, 0
x10 <- 0x00000000


mem[X,0x80028F24] -> 0x55B7
mem[X,0x80028F26] -> 0x5555
[4127] [M]: 0x80028F24 (0x555555B7) lui a1, 349525
x11 <- 0x55555000


mem[X,0x80028F28] -> 0x8593
mem[X,0x80028F2A] -> 0x5545
[4128] [M]: 0x80028F28 (0x55458593) addi a1, a1, 1364
x11 <- 0x55555554


mem[X,0x80028F2C] -> 0x0113
mem[X,0x80028F2E] -> 0x0000
[4129] [M]: 0x80028F2C (0x00000113) addi sp, zero, 0
x2 <- 0x00000000


mem[X,0x80028F30] -> 0x006F
mem[X,0x80028F32] -> 0x00C0
[4130] [M]: 0x80028F30 (0x00C0006F) jal zero, 12


mem[X,0x80028F3C] -> 0x4CE3
mem[X,0x80028F3E] -> 0xFEB5
[4131] [M]: 0x80028F3C (0xFEB54CE3) blt a0, a1, 8184


mem[X,0x80028F34] -> 0x0113
mem[X,0x80028F36] -> 0x0011
[4132] [M]: 0x80028F34 (0x00110113) addi sp, sp, 1
x2 <- 0x00000001


mem[X,0x80028F38] -> 0x006F
mem[X,0x80028F3A] -> 0x0180
[4133] [M]: 0x80028F38 (0x0180006F) jal zero, 24


mem[X,0x80028F50] -> 0xA023
mem[X,0x80028F52] -> 0x6820
[4134] [M]: 0x80028F50 (0x6820A023) sw sp, 1664(ra)
mem[0x800388E8] <- 0x00000001


mem[X,0x80028F54] -> 0x0513
mem[X,0x80028F56] -> 0x0000
[4135] [M]: 0x80028F54 (0x00000513) addi a0, zero, 0
x10 <- 0x00000000


mem[X,0x80028F58] -> 0x0593
mem[X,0x80028F5A] -> 0x0000
[4136] [M]: 0x80028F58 (0x00000593) addi a1, zero, 0
x11 <- 0x00000000


mem[X,0x80028F5C] -> 0x0113
mem[X,0x80028F5E] -> 0x0000
[4137] [M]: 0x80028F5C (0x00000113) addi sp, zero, 0
x2 <- 0x00000000


mem[X,0x80028F60] -> 0x006F
mem[X,0x80028F62] -> 0x2B10
[4138] [M]: 0x80028F60 (0x2B10006F) jal zero, 2736


mem[X,0x80029A10] -> 0x4A63
mem[X,0x80029A12] -> 0xD4B5
[4139] [M]: 0x80029A10 (0xD4B54A63) blt a0, a1, 5460


mem[X,0x80029A14] -> 0x0113
mem[X,0x80029A16] -> 0x0021
[4140] [M]: 0x80029A14 (0x00210113) addi sp, sp, 2
x2 <- 0x00000002


mem[X,0x80029A18] -> 0x006F
mem[X,0x80029A1A] -> 0x00C0
[4141] [M]: 0x80029A18 (0x00C0006F) jal zero, 12


mem[X,0x80029A24] -> 0xA223
mem[X,0x80029A26] -> 0x6820
[4142] [M]: 0x80029A24 (0x6820A223) sw sp, 1668(ra)
mem[0x800388EC] <- 0x00000002


mem[X,0x80029A28] -> 0x0513
mem[X,0x80029A2A] -> 0x0000
[4143] [M]: 0x80029A28 (0x00000513) addi a0, zero, 0
x10 <- 0x00000000


mem[X,0x80029A2C] -> 0x0593
mem[X,0x80029A2E] -> 0x0040
[4144] [M]: 0x80029A2C (0x00400593) addi a1, zero, 4
x11 <- 0x00000004


mem[X,0x80029A30] -> 0x0113
mem[X,0x80029A32] -> 0x0000
[4145] [M]: 0x80029A30 (0x00000113) addi sp, zero, 0
x2 <- 0x00000000


mem[X,0x80029A34] -> 0x006F
mem[X,0x80029A36] -> 0x00C0
[4146] [M]: 0x80029A34 (0x00C0006F) jal zero, 12


mem[X,0x80029A40] -> 0x4063
mem[X,0x80029A42] -> 0x10B5
[4147] [M]: 0x80029A40 (0x10B54063) blt a0, a1, 256


mem[X,0x80029B40] -> 0x0113
mem[X,0x80029B42] -> 0x0031
[4148] [M]: 0x80029B40 (0x00310113) addi sp, sp, 3
x2 <- 0x00000003


mem[X,0x80029B44] -> 0x006F
mem[X,0x80029B46] -> 0x0040
[4149] [M]: 0x80029B44 (0x0040006F) jal zero, 4


mem[X,0x80029B48] -> 0xA423
mem[X,0x80029B4A] -> 0x6820
[4150] [M]: 0x80029B48 (0x6820A423) sw sp, 1672(ra)
mem[0x800388F0] <- 0x00000003


mem[X,0x80029B4C] -> 0x0513
mem[X,0x80029B4E] -> 0x0000
[4151] [M]: 0x80029B4C (0x00000513) addi a0, zero, 0
x10 <- 0x00000000


mem[X,0x80029B50] -> 0x35B7
mem[X,0x80029B52] -> 0x3333
[4152] [M]: 0x80029B50 (0x333335B7) lui a1, 209715
x11 <- 0x33333000


mem[X,0x80029B54] -> 0x8593
mem[X,0x80029B56] -> 0x3325
[4153] [M]: 0x80029B54 (0x33258593) addi a1, a1, 818
x11 <- 0x33333332


mem[X,0x80029B58] -> 0x0113
mem[X,0x80029B5A] -> 0x0000
[4154] [M]: 0x80029B58 (0x00000113) addi sp, zero, 0
x2 <- 0x00000000


mem[X,0x80029B5C] -> 0x006F
mem[X,0x80029B5E] -> 0x00C0
[4155] [M]: 0x80029B5C (0x00C0006F) jal zero, 12


mem[X,0x80029B68] -> 0x4CE3
mem[X,0x80029B6A] -> 0xFEB5
[4156] [M]: 0x80029B68 (0xFEB54CE3) blt a0, a1, 8184


mem[X,0x80029B60] -> 0x0113
mem[X,0x80029B62] -> 0x0011
[4157] [M]: 0x80029B60 (0x00110113) addi sp, sp, 1
x2 <- 0x00000001


mem[X,0x80029B64] -> 0x006F
mem[X,0x80029B66] -> 0x0180
[4158] [M]: 0x80029B64 (0x0180006F) jal zero, 24


mem[X,0x80029B7C] -> 0xA623
mem[X,0x80029B7E] -> 0x6820
[4159] [M]: 0x80029B7C (0x6820A623) sw sp, 1676(ra)
mem[0x800388F4] <- 0x00000001


mem[X,0x80029B80] -> 0x0513
mem[X,0x80029B82] -> 0x0000
[4160] [M]: 0x80029B80 (0x00000513) addi a0, zero, 0
x10 <- 0x00000000


mem[X,0x80029B84] -> 0x65B7
mem[X,0x80029B86] -> 0x6666
[4161] [M]: 0x80029B84 (0x666665B7) lui a1, 419430
x11 <- 0x66666000


mem[X,0x80029B88] -> 0x8593
mem[X,0x80029B8A] -> 0x6655
[4162] [M]: 0x80029B88 (0x66558593) addi a1, a1, 1637
x11 <- 0x66666665


mem[X,0x80029B8C] -> 0x0113
mem[X,0x80029B8E] -> 0x0000
[4163] [M]: 0x80029B8C (0x00000113) addi sp, zero, 0
x2 <- 0x00000000


mem[X,0x80029B90] -> 0x006F
mem[X,0x80029B92] -> 0x00C0
[4164] [M]: 0x80029B90 (0x00C0006F) jal zero, 12


mem[X,0x80029B9C] -> 0x4CE3
mem[X,0x80029B9E] -> 0xFEB5
[4165] [M]: 0x80029B9C (0xFEB54CE3) blt a0, a1, 8184


mem[X,0x80029B94] -> 0x0113
mem[X,0x80029B96] -> 0x0011
[4166] [M]: 0x80029B94 (0x00110113) addi sp, sp, 1
x2 <- 0x00000001


mem[X,0x80029B98] -> 0x006F
mem[X,0x80029B9A] -> 0x0180
[4167] [M]: 0x80029B98 (0x0180006F) jal zero, 24


mem[X,0x80029BB0] -> 0xA823
mem[X,0x80029BB2] -> 0x6820
[4168] [M]: 0x80029BB0 (0x6820A823) sw sp, 1680(ra)
mem[0x800388F8] <- 0x00000001


mem[X,0x80029BB4] -> 0x0513
mem[X,0x80029BB6] -> 0x0000
[4169] [M]: 0x80029BB4 (0x00000513) addi a0, zero, 0
x10 <- 0x00000000


mem[X,0x80029BB8] -> 0xB5B7
mem[X,0x80029BBA] -> 0x0000
[4170] [M]: 0x80029BB8 (0x0000B5B7) lui a1, 11
x11 <- 0x0000B000


mem[X,0x80029BBC] -> 0x8593
mem[X,0x80029BBE] -> 0x5035
[4171] [M]: 0x80029BBC (0x50358593) addi a1, a1, 1283
x11 <- 0x0000B503


mem[X,0x80029BC0] -> 0x0113
mem[X,0x80029BC2] -> 0x0000
[4172] [M]: 0x80029BC0 (0x00000113) addi sp, zero, 0
x2 <- 0x00000000


mem[X,0x80029BC4] -> 0x006F
mem[X,0x80029BC6] -> 0x00C0
[4173] [M]: 0x80029BC4 (0x00C0006F) jal zero, 12


mem[X,0x80029BD0] -> 0x4663
mem[X,0x80029BD2] -> 0x00B5
[4174] [M]: 0x80029BD0 (0x00B54663) blt a0, a1, 12


mem[X,0x80029BDC] -> 0x0113
mem[X,0x80029BDE] -> 0x0031
[4175] [M]: 0x80029BDC (0x00310113) addi sp, sp, 3
x2 <- 0x00000003


mem[X,0x80029BE0] -> 0x006F
mem[X,0x80029BE2] -> 0x0040
[4176] [M]: 0x80029BE0 (0x0040006F) jal zero, 4


mem[X,0x80029BE4] -> 0xAA23
mem[X,0x80029BE6] -> 0x6820
[4177] [M]: 0x80029BE4 (0x6820AA23) sw sp, 1684(ra)
mem[0x800388FC] <- 0x00000003


mem[X,0x80029BE8] -> 0x0513
mem[X,0x80029BEA] -> 0x0000
[4178] [M]: 0x80029BE8 (0x00000513) addi a0, zero, 0
x10 <- 0x00000000


mem[X,0x80029BEC] -> 0x55B7
mem[X,0x80029BEE] -> 0x5555
[4179] [M]: 0x80029BEC (0x555555B7) lui a1, 349525
x11 <- 0x55555000


mem[X,0x80029BF0] -> 0x8593
mem[X,0x80029BF2] -> 0x5565
[4180] [M]: 0x80029BF0 (0x55658593) addi a1, a1, 1366
x11 <- 0x55555556


mem[X,0x80029BF4] -> 0x0113
mem[X,0x80029BF6] -> 0x0000
[4181] [M]: 0x80029BF4 (0x00000113) addi sp, zero, 0
x2 <- 0x00000000


mem[X,0x80029BF8] -> 0x006F
mem[X,0x80029BFA] -> 0x00C0
[4182] [M]: 0x80029BF8 (0x00C0006F) jal zero, 12


mem[X,0x80029C04] -> 0x4063
mem[X,0x80029C06] -> 0x40B5
[4183] [M]: 0x80029C04 (0x40B54063) blt a0, a1, 1024


mem[X,0x8002A004] -> 0x0113
mem[X,0x8002A006] -> 0x0031
[4184] [M]: 0x8002A004 (0x00310113) addi sp, sp, 3
x2 <- 0x00000003


mem[X,0x8002A008] -> 0x006F
mem[X,0x8002A00A] -> 0x0040
[4185] [M]: 0x8002A008 (0x0040006F) jal zero, 4


mem[X,0x8002A00C] -> 0xAC23
mem[X,0x8002A00E] -> 0x6820
[4186] [M]: 0x8002A00C (0x6820AC23) sw sp, 1688(ra)
mem[0x80038900] <- 0x00000003


mem[X,0x8002A010] -> 0x0513
mem[X,0x8002A012] -> 0x0000
[4187] [M]: 0x8002A010 (0x00000513) addi a0, zero, 0
x10 <- 0x00000000


mem[X,0x8002A014] -> 0xB5B7
mem[X,0x8002A016] -> 0xAAAA
[4188] [M]: 0x8002A014 (0xAAAAB5B7) lui a1, 699051
x11 <- 0xAAAAB000


mem[X,0x8002A018] -> 0x8593
mem[X,0x8002A01A] -> 0xAAB5
[4189] [M]: 0x8002A018 (0xAAB58593) addi a1, a1, 2731
x11 <- 0xAAAAAAAB


mem[X,0x8002A01C] -> 0x0113
mem[X,0x8002A01E] -> 0x0000
[4190] [M]: 0x8002A01C (0x00000113) addi sp, zero, 0
x2 <- 0x00000000


mem[X,0x8002A020] -> 0x006F
mem[X,0x8002A022] -> 0x00C0
[4191] [M]: 0x8002A020 (0x00C0006F) jal zero, 12


mem[X,0x8002A02C] -> 0x4663
mem[X,0x8002A02E] -> 0x00B5
[4192] [M]: 0x8002A02C (0x00B54663) blt a0, a1, 12


mem[X,0x8002A030] -> 0x0113
mem[X,0x8002A032] -> 0x0021
[4193] [M]: 0x8002A030 (0x00210113) addi sp, sp, 2
x2 <- 0x00000002


mem[X,0x8002A034] -> 0x006F
mem[X,0x8002A036] -> 0x00C0
[4194] [M]: 0x8002A034 (0x00C0006F) jal zero, 12


mem[X,0x8002A040] -> 0xAE23
mem[X,0x8002A042] -> 0x6820
[4195] [M]: 0x8002A040 (0x6820AE23) sw sp, 1692(ra)
mem[0x80038904] <- 0x00000002


mem[X,0x8002A044] -> 0x0513
mem[X,0x8002A046] -> 0x0000
[4196] [M]: 0x8002A044 (0x00000513) addi a0, zero, 0
x10 <- 0x00000000


mem[X,0x8002A048] -> 0x0593
mem[X,0x8002A04A] -> 0x0060
[4197] [M]: 0x8002A048 (0x00600593) addi a1, zero, 6
x11 <- 0x00000006


mem[X,0x8002A04C] -> 0x0113
mem[X,0x8002A04E] -> 0x0000
[4198] [M]: 0x8002A04C (0x00000113) addi sp, zero, 0
x2 <- 0x00000000


mem[X,0x8002A050] -> 0x006F
mem[X,0x8002A052] -> 0x00C0
[4199] [M]: 0x8002A050 (0x00C0006F) jal zero, 12


clint::tick mtime <- 0x000000000000002A
 clint timer pending at mtime 0x000000000000002A
htif::tick 0x0000000000000000
mem[X,0x8002A05C] -> 0x4063
mem[X,0x8002A05E] -> 0x10B5
[4200] [M]: 0x8002A05C (0x10B54063) blt a0, a1, 256


mem[X,0x8002A15C] -> 0x0113
mem[X,0x8002A15E] -> 0x0031
[4201] [M]: 0x8002A15C (0x00310113) addi sp, sp, 3
x2 <- 0x00000003


mem[X,0x8002A160] -> 0x006F
mem[X,0x8002A162] -> 0x0040
[4202] [M]: 0x8002A160 (0x0040006F) jal zero, 4


mem[X,0x8002A164] -> 0xA023
mem[X,0x8002A166] -> 0x6A20
[4203] [M]: 0x8002A164 (0x6A20A023) sw sp, 1696(ra)
mem[0x80038908] <- 0x00000003


mem[X,0x8002A168] -> 0x0513
mem[X,0x8002A16A] -> 0x0000
[4204] [M]: 0x8002A168 (0x00000513) addi a0, zero, 0
x10 <- 0x00000000


mem[X,0x8002A16C] -> 0x35B7
mem[X,0x8002A16E] -> 0x3333
[4205] [M]: 0x8002A16C (0x333335B7) lui a1, 209715
x11 <- 0x33333000


mem[X,0x8002A170] -> 0x8593
mem[X,0x8002A172] -> 0x3345
[4206] [M]: 0x8002A170 (0x33458593) addi a1, a1, 820
x11 <- 0x33333334


mem[X,0x8002A174] -> 0x0113
mem[X,0x8002A176] -> 0x0000
[4207] [M]: 0x8002A174 (0x00000113) addi sp, zero, 0
x2 <- 0x00000000


mem[X,0x8002A178] -> 0x006F
mem[X,0x8002A17A] -> 0x00C0
[4208] [M]: 0x8002A178 (0x00C0006F) jal zero, 12


mem[X,0x8002A184] -> 0x4663
mem[X,0x8002A186] -> 0x00B5
[4209] [M]: 0x8002A184 (0x00B54663) blt a0, a1, 12


mem[X,0x8002A190] -> 0x0113
mem[X,0x8002A192] -> 0x0031
[4210] [M]: 0x8002A190 (0x00310113) addi sp, sp, 3
x2 <- 0x00000003


mem[X,0x8002A194] -> 0x006F
mem[X,0x8002A196] -> 0x0040
[4211] [M]: 0x8002A194 (0x0040006F) jal zero, 4


mem[X,0x8002A198] -> 0xA223
mem[X,0x8002A19A] -> 0x6A20
[4212] [M]: 0x8002A198 (0x6A20A223) sw sp, 1700(ra)
mem[0x8003890C] <- 0x00000003


mem[X,0x8002A19C] -> 0x0513
mem[X,0x8002A19E] -> 0x0000
[4213] [M]: 0x8002A19C (0x00000513) addi a0, zero, 0
x10 <- 0x00000000


mem[X,0x8002A1A0] -> 0x65B7
mem[X,0x8002A1A2] -> 0x6666
[4214] [M]: 0x8002A1A0 (0x666665B7) lui a1, 419430
x11 <- 0x66666000


mem[X,0x8002A1A4] -> 0x8593
mem[X,0x8002A1A6] -> 0x6675
[4215] [M]: 0x8002A1A4 (0x66758593) addi a1, a1, 1639
x11 <- 0x66666667


mem[X,0x8002A1A8] -> 0x0113
mem[X,0x8002A1AA] -> 0x0000
[4216] [M]: 0x8002A1A8 (0x00000113) addi sp, zero, 0
x2 <- 0x00000000


mem[X,0x8002A1AC] -> 0x006F
mem[X,0x8002A1AE] -> 0x00C0
[4217] [M]: 0x8002A1AC (0x00C0006F) jal zero, 12


mem[X,0x8002A1B8] -> 0x4063
mem[X,0x8002A1BA] -> 0x02B5
[4218] [M]: 0x8002A1B8 (0x02B54063) blt a0, a1, 32


mem[X,0x8002A1D8] -> 0x0113
mem[X,0x8002A1DA] -> 0x0031
[4219] [M]: 0x8002A1D8 (0x00310113) addi sp, sp, 3
x2 <- 0x00000003


mem[X,0x8002A1DC] -> 0x006F
mem[X,0x8002A1DE] -> 0x0040
[4220] [M]: 0x8002A1DC (0x0040006F) jal zero, 4


mem[X,0x8002A1E0] -> 0xA423
mem[X,0x8002A1E2] -> 0x6A20
[4221] [M]: 0x8002A1E0 (0x6A20A423) sw sp, 1704(ra)
mem[0x80038910] <- 0x00000003


mem[X,0x8002A1E4] -> 0x0513
mem[X,0x8002A1E6] -> 0x0000
[4222] [M]: 0x8002A1E4 (0x00000513) addi a0, zero, 0
x10 <- 0x00000000


mem[X,0x8002A1E8] -> 0x55B7
mem[X,0x8002A1EA] -> 0xFFFF
[4223] [M]: 0x8002A1E8 (0xFFFF55B7) lui a1, 1048565
x11 <- 0xFFFF5000


mem[X,0x8002A1EC] -> 0x8593
mem[X,0x8002A1EE] -> 0xAFD5
[4224] [M]: 0x8002A1EC (0xAFD58593) addi a1, a1, 2813
x11 <- 0xFFFF4AFD


mem[X,0x8002A1F0] -> 0x0113
mem[X,0x8002A1F2] -> 0x0000
[4225] [M]: 0x8002A1F0 (0x00000113) addi sp, zero, 0
x2 <- 0x00000000


mem[X,0x8002A1F4] -> 0x006F
mem[X,0x8002A1F6] -> 0x0100
[4226] [M]: 0x8002A1F4 (0x0100006F) jal zero, 16


mem[X,0x8002A204] -> 0x4AE3
mem[X,0x8002A206] -> 0xFEB5
[4227] [M]: 0x8002A204 (0xFEB54AE3) blt a0, a1, 8180


mem[X,0x8002A208] -> 0x0113
mem[X,0x8002A20A] -> 0x0021
[4228] [M]: 0x8002A208 (0x00210113) addi sp, sp, 2
x2 <- 0x00000002


mem[X,0x8002A20C] -> 0x006F
mem[X,0x8002A20E] -> 0x00C0
[4229] [M]: 0x8002A20C (0x00C0006F) jal zero, 12


mem[X,0x8002A218] -> 0xA623
mem[X,0x8002A21A] -> 0x6A20
[4230] [M]: 0x8002A218 (0x6A20A623) sw sp, 1708(ra)
mem[0x80038914] <- 0x00000002


mem[X,0x8002A21C] -> 0x0513
mem[X,0x8002A21E] -> 0x0000
[4231] [M]: 0x8002A21C (0x00000513) addi a0, zero, 0
x10 <- 0x00000000


mem[X,0x8002A220] -> 0xB5B7
mem[X,0x8002A222] -> 0x0000
[4232] [M]: 0x8002A220 (0x0000B5B7) lui a1, 11
x11 <- 0x0000B000


mem[X,0x8002A224] -> 0x8593
mem[X,0x8002A226] -> 0x5055
[4233] [M]: 0x8002A224 (0x50558593) addi a1, a1, 1285
x11 <- 0x0000B505


mem[X,0x8002A228] -> 0x0113
mem[X,0x8002A22A] -> 0x0000
[4234] [M]: 0x8002A228 (0x00000113) addi sp, zero, 0
x2 <- 0x00000000


mem[X,0x8002A22C] -> 0x006F
mem[X,0x8002A22E] -> 0x00C0
[4235] [M]: 0x8002A22C (0x00C0006F) jal zero, 12


mem[X,0x8002A238] -> 0x4663
mem[X,0x8002A23A] -> 0x00B5
[4236] [M]: 0x8002A238 (0x00B54663) blt a0, a1, 12


mem[X,0x8002A244] -> 0x0113
mem[X,0x8002A246] -> 0x0031
[4237] [M]: 0x8002A244 (0x00310113) addi sp, sp, 3
x2 <- 0x00000003


mem[X,0x8002A248] -> 0x006F
mem[X,0x8002A24A] -> 0x0040
[4238] [M]: 0x8002A248 (0x0040006F) jal zero, 4


mem[X,0x8002A24C] -> 0xA823
mem[X,0x8002A24E] -> 0x6A20
[4239] [M]: 0x8002A24C (0x6A20A823) sw sp, 1712(ra)
mem[0x80038918] <- 0x00000003


mem[X,0x8002A250] -> 0x0513
mem[X,0x8002A252] -> 0x0040
[4240] [M]: 0x8002A250 (0x00400513) addi a0, zero, 4
x10 <- 0x00000004


mem[X,0x8002A254] -> 0x0593
mem[X,0x8002A256] -> 0x0030
[4241] [M]: 0x8002A254 (0x00300593) addi a1, zero, 3
x11 <- 0x00000003


mem[X,0x8002A258] -> 0x0113
mem[X,0x8002A25A] -> 0x0000
[4242] [M]: 0x8002A258 (0x00000113) addi sp, zero, 0
x2 <- 0x00000000


mem[X,0x8002A25C] -> 0x006F
mem[X,0x8002A25E] -> 0x00C0
[4243] [M]: 0x8002A25C (0x00C0006F) jal zero, 12


mem[X,0x8002A268] -> 0x4863
mem[X,0x8002A26A] -> 0x00B5
[4244] [M]: 0x8002A268 (0x00B54863) blt a0, a1, 16


mem[X,0x8002A26C] -> 0x0113
mem[X,0x8002A26E] -> 0x0021
[4245] [M]: 0x8002A26C (0x00210113) addi sp, sp, 2
x2 <- 0x00000002


mem[X,0x8002A270] -> 0x006F
mem[X,0x8002A272] -> 0x0100
[4246] [M]: 0x8002A270 (0x0100006F) jal zero, 16


mem[X,0x8002A280] -> 0xAA23
mem[X,0x8002A282] -> 0x6A20
[4247] [M]: 0x8002A280 (0x6A20AA23) sw sp, 1716(ra)
mem[0x8003891C] <- 0x00000002


mem[X,0x8002A284] -> 0x0513
mem[X,0x8002A286] -> 0x0040
[4248] [M]: 0x8002A284 (0x00400513) addi a0, zero, 4
x10 <- 0x00000004


mem[X,0x8002A288] -> 0x55B7
mem[X,0x8002A28A] -> 0x5555
[4249] [M]: 0x8002A288 (0x555555B7) lui a1, 349525
x11 <- 0x55555000


mem[X,0x8002A28C] -> 0x8593
mem[X,0x8002A28E] -> 0x5555
[4250] [M]: 0x8002A28C (0x55558593) addi a1, a1, 1365
x11 <- 0x55555555


mem[X,0x8002A290] -> 0x0113
mem[X,0x8002A292] -> 0x0000
[4251] [M]: 0x8002A290 (0x00000113) addi sp, zero, 0
x2 <- 0x00000000


mem[X,0x8002A294] -> 0x006F
mem[X,0x8002A296] -> 0x0050
[4252] [M]: 0x8002A294 (0x0050006F) jal zero, 2052


mem[X,0x8002AA98] -> 0x40E3
mem[X,0x8002AA9A] -> 0x80B5
[4253] [M]: 0x8002AA98 (0x80B540E3) blt a0, a1, 6144


mem[X,0x8002A298] -> 0x0113
mem[X,0x8002A29A] -> 0x0011
[4254] [M]: 0x8002A298 (0x00110113) addi sp, sp, 1
x2 <- 0x00000001


mem[X,0x8002A29C] -> 0x006F
mem[X,0x8002A29E] -> 0x0110
[4255] [M]: 0x8002A29C (0x0110006F) jal zero, 2064


mem[X,0x8002AAAC] -> 0xAC23
mem[X,0x8002AAAE] -> 0x6A20
[4256] [M]: 0x8002AAAC (0x6A20AC23) sw sp, 1720(ra)
mem[0x80038920] <- 0x00000001


mem[X,0x8002AAB0] -> 0x0513
mem[X,0x8002AAB2] -> 0x0040
[4257] [M]: 0x8002AAB0 (0x00400513) addi a0, zero, 4
x10 <- 0x00000004


mem[X,0x8002AAB4] -> 0xB5B7
mem[X,0x8002AAB6] -> 0xAAAA
[4258] [M]: 0x8002AAB4 (0xAAAAB5B7) lui a1, 699051
x11 <- 0xAAAAB000


mem[X,0x8002AAB8] -> 0x8593
mem[X,0x8002AABA] -> 0xAAA5
[4259] [M]: 0x8002AAB8 (0xAAA58593) addi a1, a1, 2730
x11 <- 0xAAAAAAAA


mem[X,0x8002AABC] -> 0x0113
mem[X,0x8002AABE] -> 0x0000
[4260] [M]: 0x8002AABC (0x00000113) addi sp, zero, 0
x2 <- 0x00000000


mem[X,0x8002AAC0] -> 0x006F
mem[X,0x8002AAC2] -> 0x00C0
[4261] [M]: 0x8002AAC0 (0x00C0006F) jal zero, 12


mem[X,0x8002AACC] -> 0x4CE3
mem[X,0x8002AACE] -> 0xFEB5
[4262] [M]: 0x8002AACC (0xFEB54CE3) blt a0, a1, 8184


mem[X,0x8002AAD0] -> 0x0113
mem[X,0x8002AAD2] -> 0x0021
[4263] [M]: 0x8002AAD0 (0x00210113) addi sp, sp, 2
x2 <- 0x00000002


mem[X,0x8002AAD4] -> 0x006F
mem[X,0x8002AAD6] -> 0x00C0
[4264] [M]: 0x8002AAD4 (0x00C0006F) jal zero, 12


mem[X,0x8002AAE0] -> 0xAE23
mem[X,0x8002AAE2] -> 0x6A20
[4265] [M]: 0x8002AAE0 (0x6A20AE23) sw sp, 1724(ra)
mem[0x80038924] <- 0x00000002


mem[X,0x8002AAE4] -> 0x0513
mem[X,0x8002AAE6] -> 0x0040
[4266] [M]: 0x8002AAE4 (0x00400513) addi a0, zero, 4
x10 <- 0x00000004


mem[X,0x8002AAE8] -> 0x0593
mem[X,0x8002AAEA] -> 0x0050
[4267] [M]: 0x8002AAE8 (0x00500593) addi a1, zero, 5
x11 <- 0x00000005


mem[X,0x8002AAEC] -> 0x0113
mem[X,0x8002AAEE] -> 0x0000
[4268] [M]: 0x8002AAEC (0x00000113) addi sp, zero, 0
x2 <- 0x00000000


mem[X,0x8002AAF0] -> 0x006F
mem[X,0x8002AAF2] -> 0x00C0
[4269] [M]: 0x8002AAF0 (0x00C0006F) jal zero, 12


mem[X,0x8002AAFC] -> 0x4063
mem[X,0x8002AAFE] -> 0x04B5
[4270] [M]: 0x8002AAFC (0x04B54063) blt a0, a1, 64


mem[X,0x8002AB3C] -> 0x0113
mem[X,0x8002AB3E] -> 0x0031
[4271] [M]: 0x8002AB3C (0x00310113) addi sp, sp, 3
x2 <- 0x00000003


mem[X,0x8002AB40] -> 0x006F
mem[X,0x8002AB42] -> 0x0040
[4272] [M]: 0x8002AB40 (0x0040006F) jal zero, 4


mem[X,0x8002AB44] -> 0xA023
mem[X,0x8002AB46] -> 0x6C20
[4273] [M]: 0x8002AB44 (0x6C20A023) sw sp, 1728(ra)
mem[0x80038928] <- 0x00000003


mem[X,0x8002AB48] -> 0x0513
mem[X,0x8002AB4A] -> 0x0040
[4274] [M]: 0x8002AB48 (0x00400513) addi a0, zero, 4
x10 <- 0x00000004


mem[X,0x8002AB4C] -> 0x35B7
mem[X,0x8002AB4E] -> 0x3333
[4275] [M]: 0x8002AB4C (0x333335B7) lui a1, 209715
x11 <- 0x33333000


mem[X,0x8002AB50] -> 0x8593
mem[X,0x8002AB52] -> 0x3335
[4276] [M]: 0x8002AB50 (0x33358593) addi a1, a1, 819
x11 <- 0x33333333


mem[X,0x8002AB54] -> 0x0113
mem[X,0x8002AB56] -> 0x0000
[4277] [M]: 0x8002AB54 (0x00000113) addi sp, zero, 0
x2 <- 0x00000000


mem[X,0x8002AB58] -> 0x006F
mem[X,0x8002AB5A] -> 0x00C0
[4278] [M]: 0x8002AB58 (0x00C0006F) jal zero, 12


mem[X,0x8002AB64] -> 0x4663
mem[X,0x8002AB66] -> 0x00B5
[4279] [M]: 0x8002AB64 (0x00B54663) blt a0, a1, 12


mem[X,0x8002AB70] -> 0x0113
mem[X,0x8002AB72] -> 0x0031
[4280] [M]: 0x8002AB70 (0x00310113) addi sp, sp, 3
x2 <- 0x00000003


mem[X,0x8002AB74] -> 0x006F
mem[X,0x8002AB76] -> 0x0040
[4281] [M]: 0x8002AB74 (0x0040006F) jal zero, 4


mem[X,0x8002AB78] -> 0xA223
mem[X,0x8002AB7A] -> 0x6C20
[4282] [M]: 0x8002AB78 (0x6C20A223) sw sp, 1732(ra)
mem[0x8003892C] <- 0x00000003


mem[X,0x8002AB7C] -> 0x0513
mem[X,0x8002AB7E] -> 0x0040
[4283] [M]: 0x8002AB7C (0x00400513) addi a0, zero, 4
x10 <- 0x00000004


mem[X,0x8002AB80] -> 0x65B7
mem[X,0x8002AB82] -> 0x6666
[4284] [M]: 0x8002AB80 (0x666665B7) lui a1, 419430
x11 <- 0x66666000


mem[X,0x8002AB84] -> 0x8593
mem[X,0x8002AB86] -> 0x6665
[4285] [M]: 0x8002AB84 (0x66658593) addi a1, a1, 1638
x11 <- 0x66666666


mem[X,0x8002AB88] -> 0x0113
mem[X,0x8002AB8A] -> 0x0000
[4286] [M]: 0x8002AB88 (0x00000113) addi sp, zero, 0
x2 <- 0x00000000


mem[X,0x8002AB8C] -> 0x006F
mem[X,0x8002AB8E] -> 0x00C0
[4287] [M]: 0x8002AB8C (0x00C0006F) jal zero, 12


mem[X,0x8002AB98] -> 0x4063
mem[X,0x8002AB9A] -> 0x10B5
[4288] [M]: 0x8002AB98 (0x10B54063) blt a0, a1, 256


mem[X,0x8002AC98] -> 0x0113
mem[X,0x8002AC9A] -> 0x0031
[4289] [M]: 0x8002AC98 (0x00310113) addi sp, sp, 3
x2 <- 0x00000003


mem[X,0x8002AC9C] -> 0x006F
mem[X,0x8002AC9E] -> 0x0040
[4290] [M]: 0x8002AC9C (0x0040006F) jal zero, 4


mem[X,0x8002ACA0] -> 0xA423
mem[X,0x8002ACA2] -> 0x6C20
[4291] [M]: 0x8002ACA0 (0x6C20A423) sw sp, 1736(ra)
mem[0x80038930] <- 0x00000003


mem[X,0x8002ACA4] -> 0x0513
mem[X,0x8002ACA6] -> 0x0040
[4292] [M]: 0x8002ACA4 (0x00400513) addi a0, zero, 4
x10 <- 0x00000004


mem[X,0x8002ACA8] -> 0x55B7
mem[X,0x8002ACAA] -> 0xFFFF
[4293] [M]: 0x8002ACA8 (0xFFFF55B7) lui a1, 1048565
x11 <- 0xFFFF5000


mem[X,0x8002ACAC] -> 0x8593
mem[X,0x8002ACAE] -> 0xAFC5
[4294] [M]: 0x8002ACAC (0xAFC58593) addi a1, a1, 2812
x11 <- 0xFFFF4AFC


mem[X,0x8002ACB0] -> 0x0113
mem[X,0x8002ACB2] -> 0x0000
[4295] [M]: 0x8002ACB0 (0x00000113) addi sp, zero, 0
x2 <- 0x00000000


mem[X,0x8002ACB4] -> 0x006F
mem[X,0x8002ACB6] -> 0x00C0
[4296] [M]: 0x8002ACB4 (0x00C0006F) jal zero, 12


mem[X,0x8002ACC0] -> 0x4663
mem[X,0x8002ACC2] -> 0x00B5
[4297] [M]: 0x8002ACC0 (0x00B54663) blt a0, a1, 12


mem[X,0x8002ACC4] -> 0x0113
mem[X,0x8002ACC6] -> 0x0021
[4298] [M]: 0x8002ACC4 (0x00210113) addi sp, sp, 2
x2 <- 0x00000002


mem[X,0x8002ACC8] -> 0x006F
mem[X,0x8002ACCA] -> 0x00C0
[4299] [M]: 0x8002ACC8 (0x00C0006F) jal zero, 12


clint::tick mtime <- 0x000000000000002B
 clint timer pending at mtime 0x000000000000002B
htif::tick 0x0000000000000000
mem[X,0x8002ACD4] -> 0xA623
mem[X,0x8002ACD6] -> 0x6C20
[4300] [M]: 0x8002ACD4 (0x6C20A623) sw sp, 1740(ra)
mem[0x80038934] <- 0x00000002


mem[X,0x8002ACD8] -> 0x0513
mem[X,0x8002ACDA] -> 0x0040
[4301] [M]: 0x8002ACD8 (0x00400513) addi a0, zero, 4
x10 <- 0x00000004


mem[X,0x8002ACDC] -> 0xB5B7
mem[X,0x8002ACDE] -> 0x0000
[4302] [M]: 0x8002ACDC (0x0000B5B7) lui a1, 11
x11 <- 0x0000B000


mem[X,0x8002ACE0] -> 0x8593
mem[X,0x8002ACE2] -> 0x5045
[4303] [M]: 0x8002ACE0 (0x50458593) addi a1, a1, 1284
x11 <- 0x0000B504


mem[X,0x8002ACE4] -> 0x0113
mem[X,0x8002ACE6] -> 0x0000
[4304] [M]: 0x8002ACE4 (0x00000113) addi sp, zero, 0
x2 <- 0x00000000


mem[X,0x8002ACE8] -> 0x006F
mem[X,0x8002ACEA] -> 0x00C0
[4305] [M]: 0x8002ACE8 (0x00C0006F) jal zero, 12


mem[X,0x8002ACF4] -> 0x4063
mem[X,0x8002ACF6] -> 0x02B5
[4306] [M]: 0x8002ACF4 (0x02B54063) blt a0, a1, 32


mem[X,0x8002AD14] -> 0x0113
mem[X,0x8002AD16] -> 0x0031
[4307] [M]: 0x8002AD14 (0x00310113) addi sp, sp, 3
x2 <- 0x00000003


mem[X,0x8002AD18] -> 0x006F
mem[X,0x8002AD1A] -> 0x0040
[4308] [M]: 0x8002AD18 (0x0040006F) jal zero, 4


mem[X,0x8002AD1C] -> 0xA823
mem[X,0x8002AD1E] -> 0x6C20
[4309] [M]: 0x8002AD1C (0x6C20A823) sw sp, 1744(ra)
mem[0x80038938] <- 0x00000003


mem[X,0x8002AD20] -> 0x0513
mem[X,0x8002AD22] -> 0x0040
[4310] [M]: 0x8002AD20 (0x00400513) addi a0, zero, 4
x10 <- 0x00000004


mem[X,0x8002AD24] -> 0x55B7
mem[X,0x8002AD26] -> 0x5555
[4311] [M]: 0x8002AD24 (0x555555B7) lui a1, 349525
x11 <- 0x55555000


mem[X,0x8002AD28] -> 0x8593
mem[X,0x8002AD2A] -> 0x5545
[4312] [M]: 0x8002AD28 (0x55458593) addi a1, a1, 1364
x11 <- 0x55555554


mem[X,0x8002AD2C] -> 0x0113
mem[X,0x8002AD2E] -> 0x0000
[4313] [M]: 0x8002AD2C (0x00000113) addi sp, zero, 0
x2 <- 0x00000000


mem[X,0x8002AD30] -> 0x006F
mem[X,0x8002AD32] -> 0x00C0
[4314] [M]: 0x8002AD30 (0x00C0006F) jal zero, 12


mem[X,0x8002AD3C] -> 0x4CE3
mem[X,0x8002AD3E] -> 0xFEB5
[4315] [M]: 0x8002AD3C (0xFEB54CE3) blt a0, a1, 8184


mem[X,0x8002AD34] -> 0x0113
mem[X,0x8002AD36] -> 0x0011
[4316] [M]: 0x8002AD34 (0x00110113) addi sp, sp, 1
x2 <- 0x00000001


mem[X,0x8002AD38] -> 0x006F
mem[X,0x8002AD3A] -> 0x0180
[4317] [M]: 0x8002AD38 (0x0180006F) jal zero, 24


mem[X,0x8002AD50] -> 0xAA23
mem[X,0x8002AD52] -> 0x6C20
[4318] [M]: 0x8002AD50 (0x6C20AA23) sw sp, 1748(ra)
mem[0x8003893C] <- 0x00000001


mem[X,0x8002AD54] -> 0x0513
mem[X,0x8002AD56] -> 0x0040
[4319] [M]: 0x8002AD54 (0x00400513) addi a0, zero, 4
x10 <- 0x00000004


mem[X,0x8002AD58] -> 0x0593
mem[X,0x8002AD5A] -> 0x0000
[4320] [M]: 0x8002AD58 (0x00000593) addi a1, zero, 0
x11 <- 0x00000000


mem[X,0x8002AD5C] -> 0x0113
mem[X,0x8002AD5E] -> 0x0000
[4321] [M]: 0x8002AD5C (0x00000113) addi sp, zero, 0
x2 <- 0x00000000


mem[X,0x8002AD60] -> 0x006F
mem[X,0x8002AD62] -> 0x00C0
[4322] [M]: 0x8002AD60 (0x00C0006F) jal zero, 12


mem[X,0x8002AD6C] -> 0x4CE3
mem[X,0x8002AD6E] -> 0xFEB5
[4323] [M]: 0x8002AD6C (0xFEB54CE3) blt a0, a1, 8184


mem[X,0x8002AD70] -> 0x0113
mem[X,0x8002AD72] -> 0x0021
[4324] [M]: 0x8002AD70 (0x00210113) addi sp, sp, 2
x2 <- 0x00000002


mem[X,0x8002AD74] -> 0x006F
mem[X,0x8002AD76] -> 0x00C0
[4325] [M]: 0x8002AD74 (0x00C0006F) jal zero, 12


mem[X,0x8002AD80] -> 0xAC23
mem[X,0x8002AD82] -> 0x6C20
[4326] [M]: 0x8002AD80 (0x6C20AC23) sw sp, 1752(ra)
mem[0x80038940] <- 0x00000002


mem[X,0x8002AD84] -> 0x0513
mem[X,0x8002AD86] -> 0x0040
[4327] [M]: 0x8002AD84 (0x00400513) addi a0, zero, 4
x10 <- 0x00000004


mem[X,0x8002AD88] -> 0x0593
mem[X,0x8002AD8A] -> 0x0040
[4328] [M]: 0x8002AD88 (0x00400593) addi a1, zero, 4
x11 <- 0x00000004


mem[X,0x8002AD8C] -> 0x0113
mem[X,0x8002AD8E] -> 0x0000
[4329] [M]: 0x8002AD8C (0x00000113) addi sp, zero, 0
x2 <- 0x00000000


mem[X,0x8002AD90] -> 0x006F
mem[X,0x8002AD92] -> 0x00C0
[4330] [M]: 0x8002AD90 (0x00C0006F) jal zero, 12


mem[X,0x8002AD9C] -> 0x4CE3
mem[X,0x8002AD9E] -> 0xFEB5
[4331] [M]: 0x8002AD9C (0xFEB54CE3) blt a0, a1, 8184


mem[X,0x8002ADA0] -> 0x0113
mem[X,0x8002ADA2] -> 0x0021
[4332] [M]: 0x8002ADA0 (0x00210113) addi sp, sp, 2
x2 <- 0x00000002


mem[X,0x8002ADA4] -> 0x006F
mem[X,0x8002ADA6] -> 0x00C0
[4333] [M]: 0x8002ADA4 (0x00C0006F) jal zero, 12


mem[X,0x8002ADB0] -> 0xAE23
mem[X,0x8002ADB2] -> 0x6C20
[4334] [M]: 0x8002ADB0 (0x6C20AE23) sw sp, 1756(ra)
mem[0x80038944] <- 0x00000002


mem[X,0x8002ADB4] -> 0x0513
mem[X,0x8002ADB6] -> 0x0040
[4335] [M]: 0x8002ADB4 (0x00400513) addi a0, zero, 4
x10 <- 0x00000004


mem[X,0x8002ADB8] -> 0x35B7
mem[X,0x8002ADBA] -> 0x3333
[4336] [M]: 0x8002ADB8 (0x333335B7) lui a1, 209715
x11 <- 0x33333000


mem[X,0x8002ADBC] -> 0x8593
mem[X,0x8002ADBE] -> 0x3325
[4337] [M]: 0x8002ADBC (0x33258593) addi a1, a1, 818
x11 <- 0x33333332


mem[X,0x8002ADC0] -> 0x0113
mem[X,0x8002ADC2] -> 0x0000
[4338] [M]: 0x8002ADC0 (0x00000113) addi sp, zero, 0
x2 <- 0x00000000


mem[X,0x8002ADC4] -> 0x006F
mem[X,0x8002ADC6] -> 0x2B10
[4339] [M]: 0x8002ADC4 (0x2B10006F) jal zero, 2736


mem[X,0x8002B874] -> 0x4A63
mem[X,0x8002B876] -> 0xD4B5
[4340] [M]: 0x8002B874 (0xD4B54A63) blt a0, a1, 5460


mem[X,0x8002ADC8] -> 0x0113
mem[X,0x8002ADCA] -> 0x0011
[4341] [M]: 0x8002ADC8 (0x00110113) addi sp, sp, 1
x2 <- 0x00000001


mem[X,0x8002ADCC] -> 0x006F
mem[X,0x8002ADCE] -> 0x2BD0
[4342] [M]: 0x8002ADCC (0x2BD0006F) jal zero, 2748


mem[X,0x8002B888] -> 0xA023
mem[X,0x8002B88A] -> 0x6E20
[4343] [M]: 0x8002B888 (0x6E20A023) sw sp, 1760(ra)
mem[0x80038948] <- 0x00000001


mem[X,0x8002B88C] -> 0x0513
mem[X,0x8002B88E] -> 0x0040
[4344] [M]: 0x8002B88C (0x00400513) addi a0, zero, 4
x10 <- 0x00000004


mem[X,0x8002B890] -> 0x65B7
mem[X,0x8002B892] -> 0x6666
[4345] [M]: 0x8002B890 (0x666665B7) lui a1, 419430
x11 <- 0x66666000


mem[X,0x8002B894] -> 0x8593
mem[X,0x8002B896] -> 0x6655
[4346] [M]: 0x8002B894 (0x66558593) addi a1, a1, 1637
x11 <- 0x66666665


mem[X,0x8002B898] -> 0x0113
mem[X,0x8002B89A] -> 0x0000
[4347] [M]: 0x8002B898 (0x00000113) addi sp, zero, 0
x2 <- 0x00000000


mem[X,0x8002B89C] -> 0x006F
mem[X,0x8002B89E] -> 0x00C0
[4348] [M]: 0x8002B89C (0x00C0006F) jal zero, 12


mem[X,0x8002B8A8] -> 0x4663
mem[X,0x8002B8AA] -> 0x00B5
[4349] [M]: 0x8002B8A8 (0x00B54663) blt a0, a1, 12


mem[X,0x8002B8B4] -> 0x0113
mem[X,0x8002B8B6] -> 0x0031
[4350] [M]: 0x8002B8B4 (0x00310113) addi sp, sp, 3
x2 <- 0x00000003


mem[X,0x8002B8B8] -> 0x006F
mem[X,0x8002B8BA] -> 0x0040
[4351] [M]: 0x8002B8B8 (0x0040006F) jal zero, 4


mem[X,0x8002B8BC] -> 0xA223
mem[X,0x8002B8BE] -> 0x6E20
[4352] [M]: 0x8002B8BC (0x6E20A223) sw sp, 1764(ra)
mem[0x8003894C] <- 0x00000003


mem[X,0x8002B8C0] -> 0x0513
mem[X,0x8002B8C2] -> 0x0040
[4353] [M]: 0x8002B8C0 (0x00400513) addi a0, zero, 4
x10 <- 0x00000004


mem[X,0x8002B8C4] -> 0xB5B7
mem[X,0x8002B8C6] -> 0x0000
[4354] [M]: 0x8002B8C4 (0x0000B5B7) lui a1, 11
x11 <- 0x0000B000


mem[X,0x8002B8C8] -> 0x8593
mem[X,0x8002B8CA] -> 0x5035
[4355] [M]: 0x8002B8C8 (0x50358593) addi a1, a1, 1283
x11 <- 0x0000B503


mem[X,0x8002B8CC] -> 0x0113
mem[X,0x8002B8CE] -> 0x0000
[4356] [M]: 0x8002B8CC (0x00000113) addi sp, zero, 0
x2 <- 0x00000000


mem[X,0x8002B8D0] -> 0x006F
mem[X,0x8002B8D2] -> 0x00C0
[4357] [M]: 0x8002B8D0 (0x00C0006F) jal zero, 12


mem[X,0x8002B8DC] -> 0x4063
mem[X,0x8002B8DE] -> 0x04B5
[4358] [M]: 0x8002B8DC (0x04B54063) blt a0, a1, 64


mem[X,0x8002B91C] -> 0x0113
mem[X,0x8002B91E] -> 0x0031
[4359] [M]: 0x8002B91C (0x00310113) addi sp, sp, 3
x2 <- 0x00000003


mem[X,0x8002B920] -> 0x006F
mem[X,0x8002B922] -> 0x0040
[4360] [M]: 0x8002B920 (0x0040006F) jal zero, 4


mem[X,0x8002B924] -> 0xA423
mem[X,0x8002B926] -> 0x6E20
[4361] [M]: 0x8002B924 (0x6E20A423) sw sp, 1768(ra)
mem[0x80038950] <- 0x00000003


mem[X,0x8002B928] -> 0x0513
mem[X,0x8002B92A] -> 0x0040
[4362] [M]: 0x8002B928 (0x00400513) addi a0, zero, 4
x10 <- 0x00000004


mem[X,0x8002B92C] -> 0x55B7
mem[X,0x8002B92E] -> 0x5555
[4363] [M]: 0x8002B92C (0x555555B7) lui a1, 349525
x11 <- 0x55555000


mem[X,0x8002B930] -> 0x8593
mem[X,0x8002B932] -> 0x5565
[4364] [M]: 0x8002B930 (0x55658593) addi a1, a1, 1366
x11 <- 0x55555556


mem[X,0x8002B934] -> 0x0113
mem[X,0x8002B936] -> 0x0000
[4365] [M]: 0x8002B934 (0x00000113) addi sp, zero, 0
x2 <- 0x00000000


mem[X,0x8002B938] -> 0x006F
mem[X,0x8002B93A] -> 0x00C0
[4366] [M]: 0x8002B938 (0x00C0006F) jal zero, 12


mem[X,0x8002B944] -> 0x4063
mem[X,0x8002B946] -> 0x08B5
[4367] [M]: 0x8002B944 (0x08B54063) blt a0, a1, 128


mem[X,0x8002B9C4] -> 0x0113
mem[X,0x8002B9C6] -> 0x0031
[4368] [M]: 0x8002B9C4 (0x00310113) addi sp, sp, 3
x2 <- 0x00000003


mem[X,0x8002B9C8] -> 0x006F
mem[X,0x8002B9CA] -> 0x0040
[4369] [M]: 0x8002B9C8 (0x0040006F) jal zero, 4


mem[X,0x8002B9CC] -> 0xA623
mem[X,0x8002B9CE] -> 0x6E20
[4370] [M]: 0x8002B9CC (0x6E20A623) sw sp, 1772(ra)
mem[0x80038954] <- 0x00000003


mem[X,0x8002B9D0] -> 0x0513
mem[X,0x8002B9D2] -> 0x0040
[4371] [M]: 0x8002B9D0 (0x00400513) addi a0, zero, 4
x10 <- 0x00000004


mem[X,0x8002B9D4] -> 0xB5B7
mem[X,0x8002B9D6] -> 0xAAAA
[4372] [M]: 0x8002B9D4 (0xAAAAB5B7) lui a1, 699051
x11 <- 0xAAAAB000


mem[X,0x8002B9D8] -> 0x8593
mem[X,0x8002B9DA] -> 0xAAB5
[4373] [M]: 0x8002B9D8 (0xAAB58593) addi a1, a1, 2731
x11 <- 0xAAAAAAAB


mem[X,0x8002B9DC] -> 0x0113
mem[X,0x8002B9DE] -> 0x0000
[4374] [M]: 0x8002B9DC (0x00000113) addi sp, zero, 0
x2 <- 0x00000000


mem[X,0x8002B9E0] -> 0x006F
mem[X,0x8002B9E2] -> 0x00C0
[4375] [M]: 0x8002B9E0 (0x00C0006F) jal zero, 12


mem[X,0x8002B9EC] -> 0x4863
mem[X,0x8002B9EE] -> 0x00B5
[4376] [M]: 0x8002B9EC (0x00B54863) blt a0, a1, 16


mem[X,0x8002B9F0] -> 0x0113
mem[X,0x8002B9F2] -> 0x0021
[4377] [M]: 0x8002B9F0 (0x00210113) addi sp, sp, 2
x2 <- 0x00000002


mem[X,0x8002B9F4] -> 0x006F
mem[X,0x8002B9F6] -> 0x0100
[4378] [M]: 0x8002B9F4 (0x0100006F) jal zero, 16


mem[X,0x8002BA04] -> 0xA823
mem[X,0x8002BA06] -> 0x6E20
[4379] [M]: 0x8002BA04 (0x6E20A823) sw sp, 1776(ra)
mem[0x80038958] <- 0x00000002


mem[X,0x8002BA08] -> 0x0513
mem[X,0x8002BA0A] -> 0x0040
[4380] [M]: 0x8002BA08 (0x00400513) addi a0, zero, 4
x10 <- 0x00000004


mem[X,0x8002BA0C] -> 0x0593
mem[X,0x8002BA0E] -> 0x0060
[4381] [M]: 0x8002BA0C (0x00600593) addi a1, zero, 6
x11 <- 0x00000006


mem[X,0x8002BA10] -> 0x0113
mem[X,0x8002BA12] -> 0x0000
[4382] [M]: 0x8002BA10 (0x00000113) addi sp, zero, 0
x2 <- 0x00000000


mem[X,0x8002BA14] -> 0x006F
mem[X,0x8002BA16] -> 0x00C0
[4383] [M]: 0x8002BA14 (0x00C0006F) jal zero, 12


mem[X,0x8002BA20] -> 0x4063
mem[X,0x8002BA22] -> 0x04B5
[4384] [M]: 0x8002BA20 (0x04B54063) blt a0, a1, 64


mem[X,0x8002BA60] -> 0x0113
mem[X,0x8002BA62] -> 0x0031
[4385] [M]: 0x8002BA60 (0x00310113) addi sp, sp, 3
x2 <- 0x00000003


mem[X,0x8002BA64] -> 0x006F
mem[X,0x8002BA66] -> 0x0040
[4386] [M]: 0x8002BA64 (0x0040006F) jal zero, 4


mem[X,0x8002BA68] -> 0xAA23
mem[X,0x8002BA6A] -> 0x6E20
[4387] [M]: 0x8002BA68 (0x6E20AA23) sw sp, 1780(ra)
mem[0x8003895C] <- 0x00000003


mem[X,0x8002BA6C] -> 0x0513
mem[X,0x8002BA6E] -> 0x0040
[4388] [M]: 0x8002BA6C (0x00400513) addi a0, zero, 4
x10 <- 0x00000004


mem[X,0x8002BA70] -> 0x35B7
mem[X,0x8002BA72] -> 0x3333
[4389] [M]: 0x8002BA70 (0x333335B7) lui a1, 209715
x11 <- 0x33333000


mem[X,0x8002BA74] -> 0x8593
mem[X,0x8002BA76] -> 0x3345
[4390] [M]: 0x8002BA74 (0x33458593) addi a1, a1, 820
x11 <- 0x33333334


mem[X,0x8002BA78] -> 0x0113
mem[X,0x8002BA7A] -> 0x0000
[4391] [M]: 0x8002BA78 (0x00000113) addi sp, zero, 0
x2 <- 0x00000000


mem[X,0x8002BA7C] -> 0x006F
mem[X,0x8002BA7E] -> 0x00C0
[4392] [M]: 0x8002BA7C (0x00C0006F) jal zero, 12


mem[X,0x8002BA88] -> 0x4063
mem[X,0x8002BA8A] -> 0x20B5
[4393] [M]: 0x8002BA88 (0x20B54063) blt a0, a1, 512


mem[X,0x8002BC88] -> 0x0113
mem[X,0x8002BC8A] -> 0x0031
[4394] [M]: 0x8002BC88 (0x00310113) addi sp, sp, 3
x2 <- 0x00000003


mem[X,0x8002BC8C] -> 0x006F
mem[X,0x8002BC8E] -> 0x0040
[4395] [M]: 0x8002BC8C (0x0040006F) jal zero, 4


mem[X,0x8002BC90] -> 0xAC23
mem[X,0x8002BC92] -> 0x6E20
[4396] [M]: 0x8002BC90 (0x6E20AC23) sw sp, 1784(ra)
mem[0x80038960] <- 0x00000003


mem[X,0x8002BC94] -> 0x0513
mem[X,0x8002BC96] -> 0x0040
[4397] [M]: 0x8002BC94 (0x00400513) addi a0, zero, 4
x10 <- 0x00000004


mem[X,0x8002BC98] -> 0x65B7
mem[X,0x8002BC9A] -> 0x6666
[4398] [M]: 0x8002BC98 (0x666665B7) lui a1, 419430
x11 <- 0x66666000


mem[X,0x8002BC9C] -> 0x8593
mem[X,0x8002BC9E] -> 0x6675
[4399] [M]: 0x8002BC9C (0x66758593) addi a1, a1, 1639
x11 <- 0x66666667


clint::tick mtime <- 0x000000000000002C
 clint timer pending at mtime 0x000000000000002C
htif::tick 0x0000000000000000
mem[X,0x8002BCA0] -> 0x0113
mem[X,0x8002BCA2] -> 0x0000
[4400] [M]: 0x8002BCA0 (0x00000113) addi sp, zero, 0
x2 <- 0x00000000


mem[X,0x8002BCA4] -> 0x006F
mem[X,0x8002BCA6] -> 0x0140
[4401] [M]: 0x8002BCA4 (0x0140006F) jal zero, 20


mem[X,0x8002BCB8] -> 0x48E3
mem[X,0x8002BCBA] -> 0xFEB5
[4402] [M]: 0x8002BCB8 (0xFEB548E3) blt a0, a1, 8176


mem[X,0x8002BCA8] -> 0x0113
mem[X,0x8002BCAA] -> 0x0011
[4403] [M]: 0x8002BCA8 (0x00110113) addi sp, sp, 1
x2 <- 0x00000001


mem[X,0x8002BCAC] -> 0x006F
mem[X,0x8002BCAE] -> 0x0200
[4404] [M]: 0x8002BCAC (0x0200006F) jal zero, 32


mem[X,0x8002BCCC] -> 0xAE23
mem[X,0x8002BCCE] -> 0x6E20
[4405] [M]: 0x8002BCCC (0x6E20AE23) sw sp, 1788(ra)
mem[0x80038964] <- 0x00000001


mem[X,0x8002BCD0] -> 0x0513
mem[X,0x8002BCD2] -> 0x0040
[4406] [M]: 0x8002BCD0 (0x00400513) addi a0, zero, 4
x10 <- 0x00000004


mem[X,0x8002BCD4] -> 0x55B7
mem[X,0x8002BCD6] -> 0xFFFF
[4407] [M]: 0x8002BCD4 (0xFFFF55B7) lui a1, 1048565
x11 <- 0xFFFF5000


mem[X,0x8002BCD8] -> 0x8593
mem[X,0x8002BCDA] -> 0xAFD5
[4408] [M]: 0x8002BCD8 (0xAFD58593) addi a1, a1, 2813
x11 <- 0xFFFF4AFD


mem[X,0x8002BCDC] -> 0x0113
mem[X,0x8002BCDE] -> 0x0000
[4409] [M]: 0x8002BCDC (0x00000113) addi sp, zero, 0
x2 <- 0x00000000


mem[X,0x8002BCE0] -> 0x006F
mem[X,0x8002BCE2] -> 0x00C0
[4410] [M]: 0x8002BCE0 (0x00C0006F) jal zero, 12


mem[X,0x8002BCEC] -> 0x4CE3
mem[X,0x8002BCEE] -> 0xFEB5
[4411] [M]: 0x8002BCEC (0xFEB54CE3) blt a0, a1, 8184


mem[X,0x8002BCF0] -> 0x0113
mem[X,0x8002BCF2] -> 0x0021
[4412] [M]: 0x8002BCF0 (0x00210113) addi sp, sp, 2
x2 <- 0x00000002


mem[X,0x8002BCF4] -> 0x006F
mem[X,0x8002BCF6] -> 0x00C0
[4413] [M]: 0x8002BCF4 (0x00C0006F) jal zero, 12


mem[X,0x8002BD00] -> 0xA023
mem[X,0x8002BD02] -> 0x7020
[4414] [M]: 0x8002BD00 (0x7020A023) sw sp, 1792(ra)
mem[0x80038968] <- 0x00000002


mem[X,0x8002BD04] -> 0x0513
mem[X,0x8002BD06] -> 0x0040
[4415] [M]: 0x8002BD04 (0x00400513) addi a0, zero, 4
x10 <- 0x00000004


mem[X,0x8002BD08] -> 0xB5B7
mem[X,0x8002BD0A] -> 0x0000
[4416] [M]: 0x8002BD08 (0x0000B5B7) lui a1, 11
x11 <- 0x0000B000


mem[X,0x8002BD0C] -> 0x8593
mem[X,0x8002BD0E] -> 0x5055
[4417] [M]: 0x8002BD0C (0x50558593) addi a1, a1, 1285
x11 <- 0x0000B505


mem[X,0x8002BD10] -> 0x0113
mem[X,0x8002BD12] -> 0x0000
[4418] [M]: 0x8002BD10 (0x00000113) addi sp, zero, 0
x2 <- 0x00000000


mem[X,0x8002BD14] -> 0x006F
mem[X,0x8002BD16] -> 0x00C0
[4419] [M]: 0x8002BD14 (0x00C0006F) jal zero, 12


mem[X,0x8002BD20] -> 0x4663
mem[X,0x8002BD22] -> 0x00B5
[4420] [M]: 0x8002BD20 (0x00B54663) blt a0, a1, 12


mem[X,0x8002BD2C] -> 0x0113
mem[X,0x8002BD2E] -> 0x0031
[4421] [M]: 0x8002BD2C (0x00310113) addi sp, sp, 3
x2 <- 0x00000003


mem[X,0x8002BD30] -> 0x006F
mem[X,0x8002BD32] -> 0x0040
[4422] [M]: 0x8002BD30 (0x0040006F) jal zero, 4


mem[X,0x8002BD34] -> 0xA223
mem[X,0x8002BD36] -> 0x7020
[4423] [M]: 0x8002BD34 (0x7020A223) sw sp, 1796(ra)
mem[0x8003896C] <- 0x00000003


mem[X,0x8002BD38] -> 0x3537
mem[X,0x8002BD3A] -> 0x3333
[4424] [M]: 0x8002BD38 (0x33333537) lui a0, 209715
x10 <- 0x33333000


mem[X,0x8002BD3C] -> 0x0513
mem[X,0x8002BD3E] -> 0x3325
[4425] [M]: 0x8002BD3C (0x33250513) addi a0, a0, 818
x10 <- 0x33333332


mem[X,0x8002BD40] -> 0x0593
mem[X,0x8002BD42] -> 0x0030
[4426] [M]: 0x8002BD40 (0x00300593) addi a1, zero, 3
x11 <- 0x00000003


mem[X,0x8002BD44] -> 0x0113
mem[X,0x8002BD46] -> 0x0000
[4427] [M]: 0x8002BD44 (0x00000113) addi sp, zero, 0
x2 <- 0x00000000


mem[X,0x8002BD48] -> 0x006F
mem[X,0x8002BD4A] -> 0x00C0
[4428] [M]: 0x8002BD48 (0x00C0006F) jal zero, 12


mem[X,0x8002BD54] -> 0x4663
mem[X,0x8002BD56] -> 0x00B5
[4429] [M]: 0x8002BD54 (0x00B54663) blt a0, a1, 12


mem[X,0x8002BD58] -> 0x0113
mem[X,0x8002BD5A] -> 0x0021
[4430] [M]: 0x8002BD58 (0x00210113) addi sp, sp, 2
x2 <- 0x00000002


mem[X,0x8002BD5C] -> 0x006F
mem[X,0x8002BD5E] -> 0x00C0
[4431] [M]: 0x8002BD5C (0x00C0006F) jal zero, 12


mem[X,0x8002BD68] -> 0xA423
mem[X,0x8002BD6A] -> 0x7020
[4432] [M]: 0x8002BD68 (0x7020A423) sw sp, 1800(ra)
mem[0x80038970] <- 0x00000002


mem[X,0x8002BD6C] -> 0x3537
mem[X,0x8002BD6E] -> 0x3333
[4433] [M]: 0x8002BD6C (0x33333537) lui a0, 209715
x10 <- 0x33333000


mem[X,0x8002BD70] -> 0x0513
mem[X,0x8002BD72] -> 0x3325
[4434] [M]: 0x8002BD70 (0x33250513) addi a0, a0, 818
x10 <- 0x33333332


mem[X,0x8002BD74] -> 0x55B7
mem[X,0x8002BD76] -> 0x5555
[4435] [M]: 0x8002BD74 (0x555555B7) lui a1, 349525
x11 <- 0x55555000


mem[X,0x8002BD78] -> 0x8593
mem[X,0x8002BD7A] -> 0x5555
[4436] [M]: 0x8002BD78 (0x55558593) addi a1, a1, 1365
x11 <- 0x55555555


mem[X,0x8002BD7C] -> 0x0113
mem[X,0x8002BD7E] -> 0x0000
[4437] [M]: 0x8002BD7C (0x00000113) addi sp, zero, 0
x2 <- 0x00000000


mem[X,0x8002BD80] -> 0x006F
mem[X,0x8002BD82] -> 0x00C0
[4438] [M]: 0x8002BD80 (0x00C0006F) jal zero, 12


mem[X,0x8002BD8C] -> 0x4863
mem[X,0x8002BD8E] -> 0x00B5
[4439] [M]: 0x8002BD8C (0x00B54863) blt a0, a1, 16


mem[X,0x8002BD9C] -> 0x0113
mem[X,0x8002BD9E] -> 0x0031
[4440] [M]: 0x8002BD9C (0x00310113) addi sp, sp, 3
x2 <- 0x00000003


mem[X,0x8002BDA0] -> 0x006F
mem[X,0x8002BDA2] -> 0x0040
[4441] [M]: 0x8002BDA0 (0x0040006F) jal zero, 4


mem[X,0x8002BDA4] -> 0xA623
mem[X,0x8002BDA6] -> 0x7020
[4442] [M]: 0x8002BDA4 (0x7020A623) sw sp, 1804(ra)
mem[0x80038974] <- 0x00000003


mem[X,0x8002BDA8] -> 0x3537
mem[X,0x8002BDAA] -> 0x3333
[4443] [M]: 0x8002BDA8 (0x33333537) lui a0, 209715
x10 <- 0x33333000


mem[X,0x8002BDAC] -> 0x0513
mem[X,0x8002BDAE] -> 0x3325
[4444] [M]: 0x8002BDAC (0x33250513) addi a0, a0, 818
x10 <- 0x33333332


mem[X,0x8002BDB0] -> 0xB5B7
mem[X,0x8002BDB2] -> 0xAAAA
[4445] [M]: 0x8002BDB0 (0xAAAAB5B7) lui a1, 699051
x11 <- 0xAAAAB000


mem[X,0x8002BDB4] -> 0x8593
mem[X,0x8002BDB6] -> 0xAAA5
[4446] [M]: 0x8002BDB4 (0xAAA58593) addi a1, a1, 2730
x11 <- 0xAAAAAAAA


mem[X,0x8002BDB8] -> 0x0113
mem[X,0x8002BDBA] -> 0x0000
[4447] [M]: 0x8002BDB8 (0x00000113) addi sp, zero, 0
x2 <- 0x00000000


mem[X,0x8002BDBC] -> 0x006F
mem[X,0x8002BDBE] -> 0x00C0
[4448] [M]: 0x8002BDBC (0x00C0006F) jal zero, 12


mem[X,0x8002BDC8] -> 0x4063
mem[X,0x8002BDCA] -> 0x02B5
[4449] [M]: 0x8002BDC8 (0x02B54063) blt a0, a1, 32


mem[X,0x8002BDCC] -> 0x0113
mem[X,0x8002BDCE] -> 0x0021
[4450] [M]: 0x8002BDCC (0x00210113) addi sp, sp, 2
x2 <- 0x00000002


mem[X,0x8002BDD0] -> 0x006F
mem[X,0x8002BDD2] -> 0x0200
[4451] [M]: 0x8002BDD0 (0x0200006F) jal zero, 32


mem[X,0x8002BDF0] -> 0xA823
mem[X,0x8002BDF2] -> 0x7020
[4452] [M]: 0x8002BDF0 (0x7020A823) sw sp, 1808(ra)
mem[0x80038978] <- 0x00000002


mem[X,0x8002BDF4] -> 0x3537
mem[X,0x8002BDF6] -> 0x3333
[4453] [M]: 0x8002BDF4 (0x33333537) lui a0, 209715
x10 <- 0x33333000


mem[X,0x8002BDF8] -> 0x0513
mem[X,0x8002BDFA] -> 0x3325
[4454] [M]: 0x8002BDF8 (0x33250513) addi a0, a0, 818
x10 <- 0x33333332


mem[X,0x8002BDFC] -> 0x0593
mem[X,0x8002BDFE] -> 0x0050
[4455] [M]: 0x8002BDFC (0x00500593) addi a1, zero, 5
x11 <- 0x00000005


mem[X,0x8002BE00] -> 0x0113
mem[X,0x8002BE02] -> 0x0000
[4456] [M]: 0x8002BE00 (0x00000113) addi sp, zero, 0
x2 <- 0x00000000


mem[X,0x8002BE04] -> 0x006F
mem[X,0x8002BE06] -> 0x0100
[4457] [M]: 0x8002BE04 (0x0100006F) jal zero, 16


mem[X,0x8002BE14] -> 0x4AE3
mem[X,0x8002BE16] -> 0xFEB5
[4458] [M]: 0x8002BE14 (0xFEB54AE3) blt a0, a1, 8180


mem[X,0x8002BE18] -> 0x0113
mem[X,0x8002BE1A] -> 0x0021
[4459] [M]: 0x8002BE18 (0x00210113) addi sp, sp, 2
x2 <- 0x00000002


mem[X,0x8002BE1C] -> 0x006F
mem[X,0x8002BE1E] -> 0x00C0
[4460] [M]: 0x8002BE1C (0x00C0006F) jal zero, 12


mem[X,0x8002BE28] -> 0xAA23
mem[X,0x8002BE2A] -> 0x7020
[4461] [M]: 0x8002BE28 (0x7020AA23) sw sp, 1812(ra)
mem[0x8003897C] <- 0x00000002


mem[X,0x8002BE2C] -> 0x3537
mem[X,0x8002BE2E] -> 0x3333
[4462] [M]: 0x8002BE2C (0x33333537) lui a0, 209715
x10 <- 0x33333000


mem[X,0x8002BE30] -> 0x0513
mem[X,0x8002BE32] -> 0x3325
[4463] [M]: 0x8002BE30 (0x33250513) addi a0, a0, 818
x10 <- 0x33333332


mem[X,0x8002BE34] -> 0x35B7
mem[X,0x8002BE36] -> 0x3333
[4464] [M]: 0x8002BE34 (0x333335B7) lui a1, 209715
x11 <- 0x33333000


mem[X,0x8002BE38] -> 0x8593
mem[X,0x8002BE3A] -> 0x3335
[4465] [M]: 0x8002BE38 (0x33358593) addi a1, a1, 819
x11 <- 0x33333333


mem[X,0x8002BE3C] -> 0x0113
mem[X,0x8002BE3E] -> 0x0000
[4466] [M]: 0x8002BE3C (0x00000113) addi sp, zero, 0
x2 <- 0x00000000


mem[X,0x8002BE40] -> 0x006F
mem[X,0x8002BE42] -> 0x00C0
[4467] [M]: 0x8002BE40 (0x00C0006F) jal zero, 12


mem[X,0x8002BE4C] -> 0x4CE3
mem[X,0x8002BE4E] -> 0xFEB5
[4468] [M]: 0x8002BE4C (0xFEB54CE3) blt a0, a1, 8184


mem[X,0x8002BE44] -> 0x0113
mem[X,0x8002BE46] -> 0x0011
[4469] [M]: 0x8002BE44 (0x00110113) addi sp, sp, 1
x2 <- 0x00000001


mem[X,0x8002BE48] -> 0x006F
mem[X,0x8002BE4A] -> 0x0180
[4470] [M]: 0x8002BE48 (0x0180006F) jal zero, 24


mem[X,0x8002BE60] -> 0xAC23
mem[X,0x8002BE62] -> 0x7020
[4471] [M]: 0x8002BE60 (0x7020AC23) sw sp, 1816(ra)
mem[0x80038980] <- 0x00000001


mem[X,0x8002BE64] -> 0x3537
mem[X,0x8002BE66] -> 0x3333
[4472] [M]: 0x8002BE64 (0x33333537) lui a0, 209715
x10 <- 0x33333000


mem[X,0x8002BE68] -> 0x0513
mem[X,0x8002BE6A] -> 0x3325
[4473] [M]: 0x8002BE68 (0x33250513) addi a0, a0, 818
x10 <- 0x33333332


mem[X,0x8002BE6C] -> 0x65B7
mem[X,0x8002BE6E] -> 0x6666
[4474] [M]: 0x8002BE6C (0x666665B7) lui a1, 419430
x11 <- 0x66666000


mem[X,0x8002BE70] -> 0x8593
mem[X,0x8002BE72] -> 0x6665
[4475] [M]: 0x8002BE70 (0x66658593) addi a1, a1, 1638
x11 <- 0x66666666


mem[X,0x8002BE74] -> 0x0113
mem[X,0x8002BE76] -> 0x0000
[4476] [M]: 0x8002BE74 (0x00000113) addi sp, zero, 0
x2 <- 0x00000000


mem[X,0x8002BE78] -> 0x006F
mem[X,0x8002BE7A] -> 0x00C0
[4477] [M]: 0x8002BE78 (0x00C0006F) jal zero, 12


mem[X,0x8002BE84] -> 0x4663
mem[X,0x8002BE86] -> 0x00B5
[4478] [M]: 0x8002BE84 (0x00B54663) blt a0, a1, 12


mem[X,0x8002BE90] -> 0x0113
mem[X,0x8002BE92] -> 0x0031
[4479] [M]: 0x8002BE90 (0x00310113) addi sp, sp, 3
x2 <- 0x00000003


mem[X,0x8002BE94] -> 0x006F
mem[X,0x8002BE96] -> 0x0040
[4480] [M]: 0x8002BE94 (0x0040006F) jal zero, 4


mem[X,0x8002BE98] -> 0xAE23
mem[X,0x8002BE9A] -> 0x7020
[4481] [M]: 0x8002BE98 (0x7020AE23) sw sp, 1820(ra)
mem[0x80038984] <- 0x00000003


mem[X,0x8002BE9C] -> 0x3537
mem[X,0x8002BE9E] -> 0x3333
[4482] [M]: 0x8002BE9C (0x33333537) lui a0, 209715
x10 <- 0x33333000


mem[X,0x8002BEA0] -> 0x0513
mem[X,0x8002BEA2] -> 0x3325
[4483] [M]: 0x8002BEA0 (0x33250513) addi a0, a0, 818
x10 <- 0x33333332


mem[X,0x8002BEA4] -> 0x55B7
mem[X,0x8002BEA6] -> 0xFFFF
[4484] [M]: 0x8002BEA4 (0xFFFF55B7) lui a1, 1048565
x11 <- 0xFFFF5000


mem[X,0x8002BEA8] -> 0x8593
mem[X,0x8002BEAA] -> 0xAFC5
[4485] [M]: 0x8002BEA8 (0xAFC58593) addi a1, a1, 2812
x11 <- 0xFFFF4AFC


mem[X,0x8002BEAC] -> 0x0113
mem[X,0x8002BEAE] -> 0x0000
[4486] [M]: 0x8002BEAC (0x00000113) addi sp, zero, 0
x2 <- 0x00000000


mem[X,0x8002BEB0] -> 0x006F
mem[X,0x8002BEB2] -> 0x00C0
[4487] [M]: 0x8002BEB0 (0x00C0006F) jal zero, 12


mem[X,0x8002BEBC] -> 0x4CE3
mem[X,0x8002BEBE] -> 0xFEB5
[4488] [M]: 0x8002BEBC (0xFEB54CE3) blt a0, a1, 8184


mem[X,0x8002BEC0] -> 0x0113
mem[X,0x8002BEC2] -> 0x0021
[4489] [M]: 0x8002BEC0 (0x00210113) addi sp, sp, 2
x2 <- 0x00000002


mem[X,0x8002BEC4] -> 0x006F
mem[X,0x8002BEC6] -> 0x00C0
[4490] [M]: 0x8002BEC4 (0x00C0006F) jal zero, 12


mem[X,0x8002BED0] -> 0xA023
mem[X,0x8002BED2] -> 0x7220
[4491] [M]: 0x8002BED0 (0x7220A023) sw sp, 1824(ra)
mem[0x80038988] <- 0x00000002


mem[X,0x8002BED4] -> 0x3537
mem[X,0x8002BED6] -> 0x3333
[4492] [M]: 0x8002BED4 (0x33333537) lui a0, 209715
x10 <- 0x33333000


mem[X,0x8002BED8] -> 0x0513
mem[X,0x8002BEDA] -> 0x3325
[4493] [M]: 0x8002BED8 (0x33250513) addi a0, a0, 818
x10 <- 0x33333332


mem[X,0x8002BEDC] -> 0xB5B7
mem[X,0x8002BEDE] -> 0x0000
[4494] [M]: 0x8002BEDC (0x0000B5B7) lui a1, 11
x11 <- 0x0000B000


mem[X,0x8002BEE0] -> 0x8593
mem[X,0x8002BEE2] -> 0x5045
[4495] [M]: 0x8002BEE0 (0x50458593) addi a1, a1, 1284
x11 <- 0x0000B504


mem[X,0x8002BEE4] -> 0x0113
mem[X,0x8002BEE6] -> 0x0000
[4496] [M]: 0x8002BEE4 (0x00000113) addi sp, zero, 0
x2 <- 0x00000000


mem[X,0x8002BEE8] -> 0x006F
mem[X,0x8002BEEA] -> 0x00C0
[4497] [M]: 0x8002BEE8 (0x00C0006F) jal zero, 12


mem[X,0x8002BEF4] -> 0x4CE3
mem[X,0x8002BEF6] -> 0xFEB5
[4498] [M]: 0x8002BEF4 (0xFEB54CE3) blt a0, a1, 8184


mem[X,0x8002BEF8] -> 0x0113
mem[X,0x8002BEFA] -> 0x0021
[4499] [M]: 0x8002BEF8 (0x00210113) addi sp, sp, 2
x2 <- 0x00000002


clint::tick mtime <- 0x000000000000002D
 clint timer pending at mtime 0x000000000000002D
htif::tick 0x0000000000000000
mem[X,0x8002BEFC] -> 0x006F
mem[X,0x8002BEFE] -> 0x00C0
[4500] [M]: 0x8002BEFC (0x00C0006F) jal zero, 12


mem[X,0x8002BF08] -> 0xA223
mem[X,0x8002BF0A] -> 0x7220
[4501] [M]: 0x8002BF08 (0x7220A223) sw sp, 1828(ra)
mem[0x8003898C] <- 0x00000002


mem[X,0x8002BF0C] -> 0x3537
mem[X,0x8002BF0E] -> 0x3333
[4502] [M]: 0x8002BF0C (0x33333537) lui a0, 209715
x10 <- 0x33333000


mem[X,0x8002BF10] -> 0x0513
mem[X,0x8002BF12] -> 0x3325
[4503] [M]: 0x8002BF10 (0x33250513) addi a0, a0, 818
x10 <- 0x33333332


mem[X,0x8002BF14] -> 0x0593
mem[X,0x8002BF16] -> 0x0020
[4504] [M]: 0x8002BF14 (0x00200593) addi a1, zero, 2
x11 <- 0x00000002


mem[X,0x8002BF18] -> 0x0113
mem[X,0x8002BF1A] -> 0x0000
[4505] [M]: 0x8002BF18 (0x00000113) addi sp, zero, 0
x2 <- 0x00000000


mem[X,0x8002BF1C] -> 0x006F
mem[X,0x8002BF1E] -> 0x00C0
[4506] [M]: 0x8002BF1C (0x00C0006F) jal zero, 12


mem[X,0x8002BF28] -> 0x4063
mem[X,0x8002BF2A] -> 0x20B5
[4507] [M]: 0x8002BF28 (0x20B54063) blt a0, a1, 512


mem[X,0x8002BF2C] -> 0x0113
mem[X,0x8002BF2E] -> 0x0021
[4508] [M]: 0x8002BF2C (0x00210113) addi sp, sp, 2
x2 <- 0x00000002


mem[X,0x8002BF30] -> 0x006F
mem[X,0x8002BF32] -> 0x2000
[4509] [M]: 0x8002BF30 (0x2000006F) jal zero, 512


mem[X,0x8002C130] -> 0xA423
mem[X,0x8002C132] -> 0x7220
[4510] [M]: 0x8002C130 (0x7220A423) sw sp, 1832(ra)
mem[0x80038990] <- 0x00000002


mem[X,0x8002C134] -> 0x3537
mem[X,0x8002C136] -> 0x3333
[4511] [M]: 0x8002C134 (0x33333537) lui a0, 209715
x10 <- 0x33333000


mem[X,0x8002C138] -> 0x0513
mem[X,0x8002C13A] -> 0x3325
[4512] [M]: 0x8002C138 (0x33250513) addi a0, a0, 818
x10 <- 0x33333332


mem[X,0x8002C13C] -> 0x55B7
mem[X,0x8002C13E] -> 0x5555
[4513] [M]: 0x8002C13C (0x555555B7) lui a1, 349525
x11 <- 0x55555000


mem[X,0x8002C140] -> 0x8593
mem[X,0x8002C142] -> 0x5545
[4514] [M]: 0x8002C140 (0x55458593) addi a1, a1, 1364
x11 <- 0x55555554


mem[X,0x8002C144] -> 0x0113
mem[X,0x8002C146] -> 0x0000
[4515] [M]: 0x8002C144 (0x00000113) addi sp, zero, 0
x2 <- 0x00000000


mem[X,0x8002C148] -> 0x006F
mem[X,0x8002C14A] -> 0x00C0
[4516] [M]: 0x8002C148 (0x00C0006F) jal zero, 12


mem[X,0x8002C154] -> 0x4063
mem[X,0x8002C156] -> 0x10B5
[4517] [M]: 0x8002C154 (0x10B54063) blt a0, a1, 256


mem[X,0x8002C254] -> 0x0113
mem[X,0x8002C256] -> 0x0031
[4518] [M]: 0x8002C254 (0x00310113) addi sp, sp, 3
x2 <- 0x00000003


mem[X,0x8002C258] -> 0x006F
mem[X,0x8002C25A] -> 0x0040
[4519] [M]: 0x8002C258 (0x0040006F) jal zero, 4


mem[X,0x8002C25C] -> 0xA623
mem[X,0x8002C25E] -> 0x7220
[4520] [M]: 0x8002C25C (0x7220A623) sw sp, 1836(ra)
mem[0x80038994] <- 0x00000003


mem[X,0x8002C260] -> 0x3537
mem[X,0x8002C262] -> 0x3333
[4521] [M]: 0x8002C260 (0x33333537) lui a0, 209715
x10 <- 0x33333000


mem[X,0x8002C264] -> 0x0513
mem[X,0x8002C266] -> 0x3325
[4522] [M]: 0x8002C264 (0x33250513) addi a0, a0, 818
x10 <- 0x33333332


mem[X,0x8002C268] -> 0x0593
mem[X,0x8002C26A] -> 0x0000
[4523] [M]: 0x8002C268 (0x00000593) addi a1, zero, 0
x11 <- 0x00000000


mem[X,0x8002C26C] -> 0x0113
mem[X,0x8002C26E] -> 0x0000
[4524] [M]: 0x8002C26C (0x00000113) addi sp, zero, 0
x2 <- 0x00000000


mem[X,0x8002C270] -> 0x006F
mem[X,0x8002C272] -> 0x00C0
[4525] [M]: 0x8002C270 (0x00C0006F) jal zero, 12


mem[X,0x8002C27C] -> 0x4663
mem[X,0x8002C27E] -> 0x00B5
[4526] [M]: 0x8002C27C (0x00B54663) blt a0, a1, 12


mem[X,0x8002C280] -> 0x0113
mem[X,0x8002C282] -> 0x0021
[4527] [M]: 0x8002C280 (0x00210113) addi sp, sp, 2
x2 <- 0x00000002


mem[X,0x8002C284] -> 0x006F
mem[X,0x8002C286] -> 0x00C0
[4528] [M]: 0x8002C284 (0x00C0006F) jal zero, 12


mem[X,0x8002C290] -> 0xA823
mem[X,0x8002C292] -> 0x7220
[4529] [M]: 0x8002C290 (0x7220A823) sw sp, 1840(ra)
mem[0x80038998] <- 0x00000002


mem[X,0x8002C294] -> 0x3537
mem[X,0x8002C296] -> 0x3333
[4530] [M]: 0x8002C294 (0x33333537) lui a0, 209715
x10 <- 0x33333000


mem[X,0x8002C298] -> 0x0513
mem[X,0x8002C29A] -> 0x3325
[4531] [M]: 0x8002C298 (0x33250513) addi a0, a0, 818
x10 <- 0x33333332


mem[X,0x8002C29C] -> 0x0593
mem[X,0x8002C29E] -> 0x0040
[4532] [M]: 0x8002C29C (0x00400593) addi a1, zero, 4
x11 <- 0x00000004


mem[X,0x8002C2A0] -> 0x0113
mem[X,0x8002C2A2] -> 0x0000
[4533] [M]: 0x8002C2A0 (0x00000113) addi sp, zero, 0
x2 <- 0x00000000


mem[X,0x8002C2A4] -> 0x006F
mem[X,0x8002C2A6] -> 0x00C0
[4534] [M]: 0x8002C2A4 (0x00C0006F) jal zero, 12


mem[X,0x8002C2B0] -> 0x4663
mem[X,0x8002C2B2] -> 0x00B5
[4535] [M]: 0x8002C2B0 (0x00B54663) blt a0, a1, 12


mem[X,0x8002C2B4] -> 0x0113
mem[X,0x8002C2B6] -> 0x0021
[4536] [M]: 0x8002C2B4 (0x00210113) addi sp, sp, 2
x2 <- 0x00000002


mem[X,0x8002C2B8] -> 0x006F
mem[X,0x8002C2BA] -> 0x00C0
[4537] [M]: 0x8002C2B8 (0x00C0006F) jal zero, 12


mem[X,0x8002C2C4] -> 0xAA23
mem[X,0x8002C2C6] -> 0x7220
[4538] [M]: 0x8002C2C4 (0x7220AA23) sw sp, 1844(ra)
mem[0x8003899C] <- 0x00000002


mem[X,0x8002C2C8] -> 0x3537
mem[X,0x8002C2CA] -> 0x3333
[4539] [M]: 0x8002C2C8 (0x33333537) lui a0, 209715
x10 <- 0x33333000


mem[X,0x8002C2CC] -> 0x0513
mem[X,0x8002C2CE] -> 0x3325
[4540] [M]: 0x8002C2CC (0x33250513) addi a0, a0, 818
x10 <- 0x33333332


mem[X,0x8002C2D0] -> 0x35B7
mem[X,0x8002C2D2] -> 0x3333
[4541] [M]: 0x8002C2D0 (0x333335B7) lui a1, 209715
x11 <- 0x33333000


mem[X,0x8002C2D4] -> 0x8593
mem[X,0x8002C2D6] -> 0x3325
[4542] [M]: 0x8002C2D4 (0x33258593) addi a1, a1, 818
x11 <- 0x33333332


mem[X,0x8002C2D8] -> 0x0113
mem[X,0x8002C2DA] -> 0x0000
[4543] [M]: 0x8002C2D8 (0x00000113) addi sp, zero, 0
x2 <- 0x00000000


mem[X,0x8002C2DC] -> 0x006F
mem[X,0x8002C2DE] -> 0x0050
[4544] [M]: 0x8002C2DC (0x0050006F) jal zero, 2052


mem[X,0x8002CAE0] -> 0x40E3
mem[X,0x8002CAE2] -> 0x80B5
[4545] [M]: 0x8002CAE0 (0x80B540E3) blt a0, a1, 6144


mem[X,0x8002CAE4] -> 0x0113
mem[X,0x8002CAE6] -> 0x0021
[4546] [M]: 0x8002CAE4 (0x00210113) addi sp, sp, 2
x2 <- 0x00000002


mem[X,0x8002CAE8] -> 0x006F
mem[X,0x8002CAEA] -> 0x00C0
[4547] [M]: 0x8002CAE8 (0x00C0006F) jal zero, 12


mem[X,0x8002CAF4] -> 0xAC23
mem[X,0x8002CAF6] -> 0x7220
[4548] [M]: 0x8002CAF4 (0x7220AC23) sw sp, 1848(ra)
mem[0x800389A0] <- 0x00000002


mem[X,0x8002CAF8] -> 0x3537
mem[X,0x8002CAFA] -> 0x3333
[4549] [M]: 0x8002CAF8 (0x33333537) lui a0, 209715
x10 <- 0x33333000


mem[X,0x8002CAFC] -> 0x0513
mem[X,0x8002CAFE] -> 0x3325
[4550] [M]: 0x8002CAFC (0x33250513) addi a0, a0, 818
x10 <- 0x33333332


mem[X,0x8002CB00] -> 0x65B7
mem[X,0x8002CB02] -> 0x6666
[4551] [M]: 0x8002CB00 (0x666665B7) lui a1, 419430
x11 <- 0x66666000


mem[X,0x8002CB04] -> 0x8593
mem[X,0x8002CB06] -> 0x6655
[4552] [M]: 0x8002CB04 (0x66558593) addi a1, a1, 1637
x11 <- 0x66666665


mem[X,0x8002CB08] -> 0x0113
mem[X,0x8002CB0A] -> 0x0000
[4553] [M]: 0x8002CB08 (0x00000113) addi sp, zero, 0
x2 <- 0x00000000


mem[X,0x8002CB0C] -> 0x006F
mem[X,0x8002CB0E] -> 0x00C0
[4554] [M]: 0x8002CB0C (0x00C0006F) jal zero, 12


mem[X,0x8002CB18] -> 0x4063
mem[X,0x8002CB1A] -> 0x40B5
[4555] [M]: 0x8002CB18 (0x40B54063) blt a0, a1, 1024


mem[X,0x8002CF18] -> 0x0113
mem[X,0x8002CF1A] -> 0x0031
[4556] [M]: 0x8002CF18 (0x00310113) addi sp, sp, 3
x2 <- 0x00000003


mem[X,0x8002CF1C] -> 0x006F
mem[X,0x8002CF1E] -> 0x0040
[4557] [M]: 0x8002CF1C (0x0040006F) jal zero, 4


mem[X,0x8002CF20] -> 0xAE23
mem[X,0x8002CF22] -> 0x7220
[4558] [M]: 0x8002CF20 (0x7220AE23) sw sp, 1852(ra)
mem[0x800389A4] <- 0x00000003


mem[X,0x8002CF24] -> 0x3537
mem[X,0x8002CF26] -> 0x3333
[4559] [M]: 0x8002CF24 (0x33333537) lui a0, 209715
x10 <- 0x33333000


mem[X,0x8002CF28] -> 0x0513
mem[X,0x8002CF2A] -> 0x3325
[4560] [M]: 0x8002CF28 (0x33250513) addi a0, a0, 818
x10 <- 0x33333332


mem[X,0x8002CF2C] -> 0xB5B7
mem[X,0x8002CF2E] -> 0x0000
[4561] [M]: 0x8002CF2C (0x0000B5B7) lui a1, 11
x11 <- 0x0000B000


mem[X,0x8002CF30] -> 0x8593
mem[X,0x8002CF32] -> 0x5035
[4562] [M]: 0x8002CF30 (0x50358593) addi a1, a1, 1283
x11 <- 0x0000B503


mem[X,0x8002CF34] -> 0x0113
mem[X,0x8002CF36] -> 0x0000
[4563] [M]: 0x8002CF34 (0x00000113) addi sp, zero, 0
x2 <- 0x00000000


mem[X,0x8002CF38] -> 0x006F
mem[X,0x8002CF3A] -> 0x00C0
[4564] [M]: 0x8002CF38 (0x00C0006F) jal zero, 12


mem[X,0x8002CF44] -> 0x4663
mem[X,0x8002CF46] -> 0x00B5
[4565] [M]: 0x8002CF44 (0x00B54663) blt a0, a1, 12


mem[X,0x8002CF48] -> 0x0113
mem[X,0x8002CF4A] -> 0x0021
[4566] [M]: 0x8002CF48 (0x00210113) addi sp, sp, 2
x2 <- 0x00000002


mem[X,0x8002CF4C] -> 0x006F
mem[X,0x8002CF4E] -> 0x00C0
[4567] [M]: 0x8002CF4C (0x00C0006F) jal zero, 12


mem[X,0x8002CF58] -> 0xA023
mem[X,0x8002CF5A] -> 0x7420
[4568] [M]: 0x8002CF58 (0x7420A023) sw sp, 1856(ra)
mem[0x800389A8] <- 0x00000002


mem[X,0x8002CF5C] -> 0x3537
mem[X,0x8002CF5E] -> 0x3333
[4569] [M]: 0x8002CF5C (0x33333537) lui a0, 209715
x10 <- 0x33333000


mem[X,0x8002CF60] -> 0x0513
mem[X,0x8002CF62] -> 0x3325
[4570] [M]: 0x8002CF60 (0x33250513) addi a0, a0, 818
x10 <- 0x33333332


mem[X,0x8002CF64] -> 0x55B7
mem[X,0x8002CF66] -> 0x5555
[4571] [M]: 0x8002CF64 (0x555555B7) lui a1, 349525
x11 <- 0x55555000


mem[X,0x8002CF68] -> 0x8593
mem[X,0x8002CF6A] -> 0x5565
[4572] [M]: 0x8002CF68 (0x55658593) addi a1, a1, 1366
x11 <- 0x55555556


mem[X,0x8002CF6C] -> 0x0113
mem[X,0x8002CF6E] -> 0x0000
[4573] [M]: 0x8002CF6C (0x00000113) addi sp, zero, 0
x2 <- 0x00000000


mem[X,0x8002CF70] -> 0x006F
mem[X,0x8002CF72] -> 0x00C0
[4574] [M]: 0x8002CF70 (0x00C0006F) jal zero, 12


mem[X,0x8002CF7C] -> 0x4063
mem[X,0x8002CF7E] -> 0x10B5
[4575] [M]: 0x8002CF7C (0x10B54063) blt a0, a1, 256


mem[X,0x8002D07C] -> 0x0113
mem[X,0x8002D07E] -> 0x0031
[4576] [M]: 0x8002D07C (0x00310113) addi sp, sp, 3
x2 <- 0x00000003


mem[X,0x8002D080] -> 0x006F
mem[X,0x8002D082] -> 0x0040
[4577] [M]: 0x8002D080 (0x0040006F) jal zero, 4


mem[X,0x8002D084] -> 0xA223
mem[X,0x8002D086] -> 0x7420
[4578] [M]: 0x8002D084 (0x7420A223) sw sp, 1860(ra)
mem[0x800389AC] <- 0x00000003


mem[X,0x8002D088] -> 0x3537
mem[X,0x8002D08A] -> 0x3333
[4579] [M]: 0x8002D088 (0x33333537) lui a0, 209715
x10 <- 0x33333000


mem[X,0x8002D08C] -> 0x0513
mem[X,0x8002D08E] -> 0x3325
[4580] [M]: 0x8002D08C (0x33250513) addi a0, a0, 818
x10 <- 0x33333332


mem[X,0x8002D090] -> 0xB5B7
mem[X,0x8002D092] -> 0xAAAA
[4581] [M]: 0x8002D090 (0xAAAAB5B7) lui a1, 699051
x11 <- 0xAAAAB000


mem[X,0x8002D094] -> 0x8593
mem[X,0x8002D096] -> 0xAAB5
[4582] [M]: 0x8002D094 (0xAAB58593) addi a1, a1, 2731
x11 <- 0xAAAAAAAB


mem[X,0x8002D098] -> 0x0113
mem[X,0x8002D09A] -> 0x0000
[4583] [M]: 0x8002D098 (0x00000113) addi sp, zero, 0
x2 <- 0x00000000


mem[X,0x8002D09C] -> 0x006F
mem[X,0x8002D09E] -> 0x00C0
[4584] [M]: 0x8002D09C (0x00C0006F) jal zero, 12


mem[X,0x8002D0A8] -> 0x4063
mem[X,0x8002D0AA] -> 0x10B5
[4585] [M]: 0x8002D0A8 (0x10B54063) blt a0, a1, 256


mem[X,0x8002D0AC] -> 0x0113
mem[X,0x8002D0AE] -> 0x0021
[4586] [M]: 0x8002D0AC (0x00210113) addi sp, sp, 2
x2 <- 0x00000002


mem[X,0x8002D0B0] -> 0x006F
mem[X,0x8002D0B2] -> 0x1000
[4587] [M]: 0x8002D0B0 (0x1000006F) jal zero, 256


mem[X,0x8002D1B0] -> 0xA423
mem[X,0x8002D1B2] -> 0x7420
[4588] [M]: 0x8002D1B0 (0x7420A423) sw sp, 1864(ra)
mem[0x800389B0] <- 0x00000002


mem[X,0x8002D1B4] -> 0x3537
mem[X,0x8002D1B6] -> 0x3333
[4589] [M]: 0x8002D1B4 (0x33333537) lui a0, 209715
x10 <- 0x33333000


mem[X,0x8002D1B8] -> 0x0513
mem[X,0x8002D1BA] -> 0x3325
[4590] [M]: 0x8002D1B8 (0x33250513) addi a0, a0, 818
x10 <- 0x33333332


mem[X,0x8002D1BC] -> 0x0593
mem[X,0x8002D1BE] -> 0x0060
[4591] [M]: 0x8002D1BC (0x00600593) addi a1, zero, 6
x11 <- 0x00000006


mem[X,0x8002D1C0] -> 0x0113
mem[X,0x8002D1C2] -> 0x0000
[4592] [M]: 0x8002D1C0 (0x00000113) addi sp, zero, 0
x2 <- 0x00000000


mem[X,0x8002D1C4] -> 0x006F
mem[X,0x8002D1C6] -> 0x00C0
[4593] [M]: 0x8002D1C4 (0x00C0006F) jal zero, 12


mem[X,0x8002D1D0] -> 0x4CE3
mem[X,0x8002D1D2] -> 0xFEB5
[4594] [M]: 0x8002D1D0 (0xFEB54CE3) blt a0, a1, 8184


mem[X,0x8002D1D4] -> 0x0113
mem[X,0x8002D1D6] -> 0x0021
[4595] [M]: 0x8002D1D4 (0x00210113) addi sp, sp, 2
x2 <- 0x00000002


mem[X,0x8002D1D8] -> 0x006F
mem[X,0x8002D1DA] -> 0x00C0
[4596] [M]: 0x8002D1D8 (0x00C0006F) jal zero, 12


mem[X,0x8002D1E4] -> 0xA623
mem[X,0x8002D1E6] -> 0x7420
[4597] [M]: 0x8002D1E4 (0x7420A623) sw sp, 1868(ra)
mem[0x800389B4] <- 0x00000002


mem[X,0x8002D1E8] -> 0x3537
mem[X,0x8002D1EA] -> 0x3333
[4598] [M]: 0x8002D1E8 (0x33333537) lui a0, 209715
x10 <- 0x33333000


mem[X,0x8002D1EC] -> 0x0513
mem[X,0x8002D1EE] -> 0x3325
[4599] [M]: 0x8002D1EC (0x33250513) addi a0, a0, 818
x10 <- 0x33333332


clint::tick mtime <- 0x000000000000002E
 clint timer pending at mtime 0x000000000000002E
htif::tick 0x0000000000000000
mem[X,0x8002D1F0] -> 0x35B7
mem[X,0x8002D1F2] -> 0x3333
[4600] [M]: 0x8002D1F0 (0x333335B7) lui a1, 209715
x11 <- 0x33333000


mem[X,0x8002D1F4] -> 0x8593
mem[X,0x8002D1F6] -> 0x3345
[4601] [M]: 0x8002D1F4 (0x33458593) addi a1, a1, 820
x11 <- 0x33333334


mem[X,0x8002D1F8] -> 0x0113
mem[X,0x8002D1FA] -> 0x0000
[4602] [M]: 0x8002D1F8 (0x00000113) addi sp, zero, 0
x2 <- 0x00000000


mem[X,0x8002D1FC] -> 0x006F
mem[X,0x8002D1FE] -> 0x00C0
[4603] [M]: 0x8002D1FC (0x00C0006F) jal zero, 12


mem[X,0x8002D208] -> 0x4663
mem[X,0x8002D20A] -> 0x00B5
[4604] [M]: 0x8002D208 (0x00B54663) blt a0, a1, 12


mem[X,0x8002D214] -> 0x0113
mem[X,0x8002D216] -> 0x0031
[4605] [M]: 0x8002D214 (0x00310113) addi sp, sp, 3
x2 <- 0x00000003


mem[X,0x8002D218] -> 0x006F
mem[X,0x8002D21A] -> 0x0040
[4606] [M]: 0x8002D218 (0x0040006F) jal zero, 4


mem[X,0x8002D21C] -> 0xA823
mem[X,0x8002D21E] -> 0x7420
[4607] [M]: 0x8002D21C (0x7420A823) sw sp, 1872(ra)
mem[0x800389B8] <- 0x00000003


mem[X,0x8002D220] -> 0x3537
mem[X,0x8002D222] -> 0x3333
[4608] [M]: 0x8002D220 (0x33333537) lui a0, 209715
x10 <- 0x33333000


mem[X,0x8002D224] -> 0x0513
mem[X,0x8002D226] -> 0x3325
[4609] [M]: 0x8002D224 (0x33250513) addi a0, a0, 818
x10 <- 0x33333332


mem[X,0x8002D228] -> 0x65B7
mem[X,0x8002D22A] -> 0x6666
[4610] [M]: 0x8002D228 (0x666665B7) lui a1, 419430
x11 <- 0x66666000


mem[X,0x8002D22C] -> 0x8593
mem[X,0x8002D22E] -> 0x6675
[4611] [M]: 0x8002D22C (0x66758593) addi a1, a1, 1639
x11 <- 0x66666667


mem[X,0x8002D230] -> 0x0113
mem[X,0x8002D232] -> 0x0000
[4612] [M]: 0x8002D230 (0x00000113) addi sp, zero, 0
x2 <- 0x00000000


mem[X,0x8002D234] -> 0x006F
mem[X,0x8002D236] -> 0x00C0
[4613] [M]: 0x8002D234 (0x00C0006F) jal zero, 12


mem[X,0x8002D240] -> 0x4663
mem[X,0x8002D242] -> 0x00B5
[4614] [M]: 0x8002D240 (0x00B54663) blt a0, a1, 12


mem[X,0x8002D24C] -> 0x0113
mem[X,0x8002D24E] -> 0x0031
[4615] [M]: 0x8002D24C (0x00310113) addi sp, sp, 3
x2 <- 0x00000003


mem[X,0x8002D250] -> 0x006F
mem[X,0x8002D252] -> 0x0040
[4616] [M]: 0x8002D250 (0x0040006F) jal zero, 4


mem[X,0x8002D254] -> 0xAA23
mem[X,0x8002D256] -> 0x7420
[4617] [M]: 0x8002D254 (0x7420AA23) sw sp, 1876(ra)
mem[0x800389BC] <- 0x00000003


mem[X,0x8002D258] -> 0x3537
mem[X,0x8002D25A] -> 0x3333
[4618] [M]: 0x8002D258 (0x33333537) lui a0, 209715
x10 <- 0x33333000


mem[X,0x8002D25C] -> 0x0513
mem[X,0x8002D25E] -> 0x3325
[4619] [M]: 0x8002D25C (0x33250513) addi a0, a0, 818
x10 <- 0x33333332


mem[X,0x8002D260] -> 0x55B7
mem[X,0x8002D262] -> 0xFFFF
[4620] [M]: 0x8002D260 (0xFFFF55B7) lui a1, 1048565
x11 <- 0xFFFF5000


mem[X,0x8002D264] -> 0x8593
mem[X,0x8002D266] -> 0xAFD5
[4621] [M]: 0x8002D264 (0xAFD58593) addi a1, a1, 2813
x11 <- 0xFFFF4AFD


mem[X,0x8002D268] -> 0x0113
mem[X,0x8002D26A] -> 0x0000
[4622] [M]: 0x8002D268 (0x00000113) addi sp, zero, 0
x2 <- 0x00000000


mem[X,0x8002D26C] -> 0x006F
mem[X,0x8002D26E] -> 0x00C0
[4623] [M]: 0x8002D26C (0x00C0006F) jal zero, 12


mem[X,0x8002D278] -> 0x4063
mem[X,0x8002D27A] -> 0x40B5
[4624] [M]: 0x8002D278 (0x40B54063) blt a0, a1, 1024


mem[X,0x8002D27C] -> 0x0113
mem[X,0x8002D27E] -> 0x0021
[4625] [M]: 0x8002D27C (0x00210113) addi sp, sp, 2
x2 <- 0x00000002


mem[X,0x8002D280] -> 0x006F
mem[X,0x8002D282] -> 0x4000
[4626] [M]: 0x8002D280 (0x4000006F) jal zero, 1024


mem[X,0x8002D680] -> 0xAC23
mem[X,0x8002D682] -> 0x7420
[4627] [M]: 0x8002D680 (0x7420AC23) sw sp, 1880(ra)
mem[0x800389C0] <- 0x00000002


mem[X,0x8002D684] -> 0x3537
mem[X,0x8002D686] -> 0x3333
[4628] [M]: 0x8002D684 (0x33333537) lui a0, 209715
x10 <- 0x33333000


mem[X,0x8002D688] -> 0x0513
mem[X,0x8002D68A] -> 0x3325
[4629] [M]: 0x8002D688 (0x33250513) addi a0, a0, 818
x10 <- 0x33333332


mem[X,0x8002D68C] -> 0xB5B7
mem[X,0x8002D68E] -> 0x0000
[4630] [M]: 0x8002D68C (0x0000B5B7) lui a1, 11
x11 <- 0x0000B000


mem[X,0x8002D690] -> 0x8593
mem[X,0x8002D692] -> 0x5055
[4631] [M]: 0x8002D690 (0x50558593) addi a1, a1, 1285
x11 <- 0x0000B505


mem[X,0x8002D694] -> 0x0113
mem[X,0x8002D696] -> 0x0000
[4632] [M]: 0x8002D694 (0x00000113) addi sp, zero, 0
x2 <- 0x00000000


mem[X,0x8002D698] -> 0x006F
mem[X,0x8002D69A] -> 0x0050
[4633] [M]: 0x8002D698 (0x0050006F) jal zero, 2052


mem[X,0x8002DE9C] -> 0x40E3
mem[X,0x8002DE9E] -> 0x80B5
[4634] [M]: 0x8002DE9C (0x80B540E3) blt a0, a1, 6144


mem[X,0x8002DEA0] -> 0x0113
mem[X,0x8002DEA2] -> 0x0021
[4635] [M]: 0x8002DEA0 (0x00210113) addi sp, sp, 2
x2 <- 0x00000002


mem[X,0x8002DEA4] -> 0x006F
mem[X,0x8002DEA6] -> 0x00C0
[4636] [M]: 0x8002DEA4 (0x00C0006F) jal zero, 12


mem[X,0x8002DEB0] -> 0xAE23
mem[X,0x8002DEB2] -> 0x7420
[4637] [M]: 0x8002DEB0 (0x7420AE23) sw sp, 1884(ra)
mem[0x800389C4] <- 0x00000002


mem[X,0x8002DEB4] -> 0x6537
mem[X,0x8002DEB6] -> 0x6666
[4638] [M]: 0x8002DEB4 (0x66666537) lui a0, 419430
x10 <- 0x66666000


mem[X,0x8002DEB8] -> 0x0513
mem[X,0x8002DEBA] -> 0x6655
[4639] [M]: 0x8002DEB8 (0x66550513) addi a0, a0, 1637
x10 <- 0x66666665


mem[X,0x8002DEBC] -> 0x0593
mem[X,0x8002DEBE] -> 0x0030
[4640] [M]: 0x8002DEBC (0x00300593) addi a1, zero, 3
x11 <- 0x00000003


mem[X,0x8002DEC0] -> 0x0113
mem[X,0x8002DEC2] -> 0x0000
[4641] [M]: 0x8002DEC0 (0x00000113) addi sp, zero, 0
x2 <- 0x00000000


mem[X,0x8002DEC4] -> 0x006F
mem[X,0x8002DEC6] -> 0x00C0
[4642] [M]: 0x8002DEC4 (0x00C0006F) jal zero, 12


mem[X,0x8002DED0] -> 0x4663
mem[X,0x8002DED2] -> 0x00B5
[4643] [M]: 0x8002DED0 (0x00B54663) blt a0, a1, 12


mem[X,0x8002DED4] -> 0x0113
mem[X,0x8002DED6] -> 0x0021
[4644] [M]: 0x8002DED4 (0x00210113) addi sp, sp, 2
x2 <- 0x00000002


mem[X,0x8002DED8] -> 0x006F
mem[X,0x8002DEDA] -> 0x00C0
[4645] [M]: 0x8002DED8 (0x00C0006F) jal zero, 12


mem[X,0x8002DEE4] -> 0xA023
mem[X,0x8002DEE6] -> 0x7620
[4646] [M]: 0x8002DEE4 (0x7620A023) sw sp, 1888(ra)
mem[0x800389C8] <- 0x00000002


mem[X,0x8002DEE8] -> 0x6537
mem[X,0x8002DEEA] -> 0x6666
[4647] [M]: 0x8002DEE8 (0x66666537) lui a0, 419430
x10 <- 0x66666000


mem[X,0x8002DEEC] -> 0x0513
mem[X,0x8002DEEE] -> 0x6655
[4648] [M]: 0x8002DEEC (0x66550513) addi a0, a0, 1637
x10 <- 0x66666665


mem[X,0x8002DEF0] -> 0x55B7
mem[X,0x8002DEF2] -> 0x5555
[4649] [M]: 0x8002DEF0 (0x555555B7) lui a1, 349525
x11 <- 0x55555000


mem[X,0x8002DEF4] -> 0x8593
mem[X,0x8002DEF6] -> 0x5555
[4650] [M]: 0x8002DEF4 (0x55558593) addi a1, a1, 1365
x11 <- 0x55555555


mem[X,0x8002DEF8] -> 0x0113
mem[X,0x8002DEFA] -> 0x0000
[4651] [M]: 0x8002DEF8 (0x00000113) addi sp, zero, 0
x2 <- 0x00000000


mem[X,0x8002DEFC] -> 0x006F
mem[X,0x8002DEFE] -> 0x00C0
[4652] [M]: 0x8002DEFC (0x00C0006F) jal zero, 12


mem[X,0x8002DF08] -> 0x4063
mem[X,0x8002DF0A] -> 0x04B5
[4653] [M]: 0x8002DF08 (0x04B54063) blt a0, a1, 64


mem[X,0x8002DF0C] -> 0x0113
mem[X,0x8002DF0E] -> 0x0021
[4654] [M]: 0x8002DF0C (0x00210113) addi sp, sp, 2
x2 <- 0x00000002


mem[X,0x8002DF10] -> 0x006F
mem[X,0x8002DF12] -> 0x0400
[4655] [M]: 0x8002DF10 (0x0400006F) jal zero, 64


mem[X,0x8002DF50] -> 0xA223
mem[X,0x8002DF52] -> 0x7620
[4656] [M]: 0x8002DF50 (0x7620A223) sw sp, 1892(ra)
mem[0x800389CC] <- 0x00000002


mem[X,0x8002DF54] -> 0x6537
mem[X,0x8002DF56] -> 0x6666
[4657] [M]: 0x8002DF54 (0x66666537) lui a0, 419430
x10 <- 0x66666000


mem[X,0x8002DF58] -> 0x0513
mem[X,0x8002DF5A] -> 0x6655
[4658] [M]: 0x8002DF58 (0x66550513) addi a0, a0, 1637
x10 <- 0x66666665


mem[X,0x8002DF5C] -> 0xB5B7
mem[X,0x8002DF5E] -> 0xAAAA
[4659] [M]: 0x8002DF5C (0xAAAAB5B7) lui a1, 699051
x11 <- 0xAAAAB000


mem[X,0x8002DF60] -> 0x8593
mem[X,0x8002DF62] -> 0xAAA5
[4660] [M]: 0x8002DF60 (0xAAA58593) addi a1, a1, 2730
x11 <- 0xAAAAAAAA


mem[X,0x8002DF64] -> 0x0113
mem[X,0x8002DF66] -> 0x0000
[4661] [M]: 0x8002DF64 (0x00000113) addi sp, zero, 0
x2 <- 0x00000000


mem[X,0x8002DF68] -> 0x006F
mem[X,0x8002DF6A] -> 0x0180
[4662] [M]: 0x8002DF68 (0x0180006F) jal zero, 24


mem[X,0x8002DF80] -> 0x46E3
mem[X,0x8002DF82] -> 0xFEB5
[4663] [M]: 0x8002DF80 (0xFEB546E3) blt a0, a1, 8172


mem[X,0x8002DF84] -> 0x0113
mem[X,0x8002DF86] -> 0x0021
[4664] [M]: 0x8002DF84 (0x00210113) addi sp, sp, 2
x2 <- 0x00000002


mem[X,0x8002DF88] -> 0x006F
mem[X,0x8002DF8A] -> 0x00C0
[4665] [M]: 0x8002DF88 (0x00C0006F) jal zero, 12


mem[X,0x8002DF94] -> 0xA423
mem[X,0x8002DF96] -> 0x7620
[4666] [M]: 0x8002DF94 (0x7620A423) sw sp, 1896(ra)
mem[0x800389D0] <- 0x00000002


mem[X,0x8002DF98] -> 0x6537
mem[X,0x8002DF9A] -> 0x6666
[4667] [M]: 0x8002DF98 (0x66666537) lui a0, 419430
x10 <- 0x66666000


mem[X,0x8002DF9C] -> 0x0513
mem[X,0x8002DF9E] -> 0x6655
[4668] [M]: 0x8002DF9C (0x66550513) addi a0, a0, 1637
x10 <- 0x66666665


mem[X,0x8002DFA0] -> 0x0593
mem[X,0x8002DFA2] -> 0x0050
[4669] [M]: 0x8002DFA0 (0x00500593) addi a1, zero, 5
x11 <- 0x00000005


mem[X,0x8002DFA4] -> 0x0113
mem[X,0x8002DFA6] -> 0x0000
[4670] [M]: 0x8002DFA4 (0x00000113) addi sp, zero, 0
x2 <- 0x00000000


mem[X,0x8002DFA8] -> 0x006F
mem[X,0x8002DFAA] -> 0x00C0
[4671] [M]: 0x8002DFA8 (0x00C0006F) jal zero, 12


mem[X,0x8002DFB4] -> 0x4CE3
mem[X,0x8002DFB6] -> 0xFEB5
[4672] [M]: 0x8002DFB4 (0xFEB54CE3) blt a0, a1, 8184


mem[X,0x8002DFB8] -> 0x0113
mem[X,0x8002DFBA] -> 0x0021
[4673] [M]: 0x8002DFB8 (0x00210113) addi sp, sp, 2
x2 <- 0x00000002


mem[X,0x8002DFBC] -> 0x006F
mem[X,0x8002DFBE] -> 0x00C0
[4674] [M]: 0x8002DFBC (0x00C0006F) jal zero, 12


mem[X,0x8002DFC8] -> 0xA623
mem[X,0x8002DFCA] -> 0x7620
[4675] [M]: 0x8002DFC8 (0x7620A623) sw sp, 1900(ra)
mem[0x800389D4] <- 0x00000002


mem[X,0x8002DFCC] -> 0x6537
mem[X,0x8002DFCE] -> 0x6666
[4676] [M]: 0x8002DFCC (0x66666537) lui a0, 419430
x10 <- 0x66666000


mem[X,0x8002DFD0] -> 0x0513
mem[X,0x8002DFD2] -> 0x6655
[4677] [M]: 0x8002DFD0 (0x66550513) addi a0, a0, 1637
x10 <- 0x66666665


mem[X,0x8002DFD4] -> 0x35B7
mem[X,0x8002DFD6] -> 0x3333
[4678] [M]: 0x8002DFD4 (0x333335B7) lui a1, 209715
x11 <- 0x33333000


mem[X,0x8002DFD8] -> 0x8593
mem[X,0x8002DFDA] -> 0x3335
[4679] [M]: 0x8002DFD8 (0x33358593) addi a1, a1, 819
x11 <- 0x33333333


mem[X,0x8002DFDC] -> 0x0113
mem[X,0x8002DFDE] -> 0x0000
[4680] [M]: 0x8002DFDC (0x00000113) addi sp, zero, 0
x2 <- 0x00000000


mem[X,0x8002DFE0] -> 0x006F
mem[X,0x8002DFE2] -> 0x00C0
[4681] [M]: 0x8002DFE0 (0x00C0006F) jal zero, 12


mem[X,0x8002DFEC] -> 0x4063
mem[X,0x8002DFEE] -> 0x20B5
[4682] [M]: 0x8002DFEC (0x20B54063) blt a0, a1, 512


mem[X,0x8002DFF0] -> 0x0113
mem[X,0x8002DFF2] -> 0x0021
[4683] [M]: 0x8002DFF0 (0x00210113) addi sp, sp, 2
x2 <- 0x00000002


mem[X,0x8002DFF4] -> 0x006F
mem[X,0x8002DFF6] -> 0x2000
[4684] [M]: 0x8002DFF4 (0x2000006F) jal zero, 512


mem[X,0x8002E1F4] -> 0xA823
mem[X,0x8002E1F6] -> 0x7620
[4685] [M]: 0x8002E1F4 (0x7620A823) sw sp, 1904(ra)
mem[0x800389D8] <- 0x00000002


mem[X,0x8002E1F8] -> 0x6537
mem[X,0x8002E1FA] -> 0x6666
[4686] [M]: 0x8002E1F8 (0x66666537) lui a0, 419430
x10 <- 0x66666000


mem[X,0x8002E1FC] -> 0x0513
mem[X,0x8002E1FE] -> 0x6655
[4687] [M]: 0x8002E1FC (0x66550513) addi a0, a0, 1637
x10 <- 0x66666665


mem[X,0x8002E200] -> 0x65B7
mem[X,0x8002E202] -> 0x6666
[4688] [M]: 0x8002E200 (0x666665B7) lui a1, 419430
x11 <- 0x66666000


mem[X,0x8002E204] -> 0x8593
mem[X,0x8002E206] -> 0x6665
[4689] [M]: 0x8002E204 (0x66658593) addi a1, a1, 1638
x11 <- 0x66666666


mem[X,0x8002E208] -> 0x0113
mem[X,0x8002E20A] -> 0x0000
[4690] [M]: 0x8002E208 (0x00000113) addi sp, zero, 0
x2 <- 0x00000000


mem[X,0x8002E20C] -> 0x006F
mem[X,0x8002E20E] -> 0x00C0
[4691] [M]: 0x8002E20C (0x00C0006F) jal zero, 12


mem[X,0x8002E218] -> 0x4063
mem[X,0x8002E21A] -> 0x40B5
[4692] [M]: 0x8002E218 (0x40B54063) blt a0, a1, 1024


mem[X,0x8002E618] -> 0x0113
mem[X,0x8002E61A] -> 0x0031
[4693] [M]: 0x8002E618 (0x00310113) addi sp, sp, 3
x2 <- 0x00000003


mem[X,0x8002E61C] -> 0x006F
mem[X,0x8002E61E] -> 0x0040
[4694] [M]: 0x8002E61C (0x0040006F) jal zero, 4


mem[X,0x8002E620] -> 0xAA23
mem[X,0x8002E622] -> 0x7620
[4695] [M]: 0x8002E620 (0x7620AA23) sw sp, 1908(ra)
mem[0x800389DC] <- 0x00000003


mem[X,0x8002E624] -> 0x6537
mem[X,0x8002E626] -> 0x6666
[4696] [M]: 0x8002E624 (0x66666537) lui a0, 419430
x10 <- 0x66666000


mem[X,0x8002E628] -> 0x0513
mem[X,0x8002E62A] -> 0x6655
[4697] [M]: 0x8002E628 (0x66550513) addi a0, a0, 1637
x10 <- 0x66666665


mem[X,0x8002E62C] -> 0x55B7
mem[X,0x8002E62E] -> 0xFFFF
[4698] [M]: 0x8002E62C (0xFFFF55B7) lui a1, 1048565
x11 <- 0xFFFF5000


mem[X,0x8002E630] -> 0x8593
mem[X,0x8002E632] -> 0xAFC5
[4699] [M]: 0x8002E630 (0xAFC58593) addi a1, a1, 2812
x11 <- 0xFFFF4AFC


clint::tick mtime <- 0x000000000000002F
 clint timer pending at mtime 0x000000000000002F
htif::tick 0x0000000000000000
mem[X,0x8002E634] -> 0x0113
mem[X,0x8002E636] -> 0x0000
[4700] [M]: 0x8002E634 (0x00000113) addi sp, zero, 0
x2 <- 0x00000000


mem[X,0x8002E638] -> 0x006F
mem[X,0x8002E63A] -> 0x00C0
[4701] [M]: 0x8002E638 (0x00C0006F) jal zero, 12


mem[X,0x8002E644] -> 0x4CE3
mem[X,0x8002E646] -> 0xFEB5
[4702] [M]: 0x8002E644 (0xFEB54CE3) blt a0, a1, 8184


mem[X,0x8002E648] -> 0x0113
mem[X,0x8002E64A] -> 0x0021
[4703] [M]: 0x8002E648 (0x00210113) addi sp, sp, 2
x2 <- 0x00000002


mem[X,0x8002E64C] -> 0x006F
mem[X,0x8002E64E] -> 0x00C0
[4704] [M]: 0x8002E64C (0x00C0006F) jal zero, 12


mem[X,0x8002E658] -> 0xAC23
mem[X,0x8002E65A] -> 0x7620
[4705] [M]: 0x8002E658 (0x7620AC23) sw sp, 1912(ra)
mem[0x800389E0] <- 0x00000002


mem[X,0x8002E65C] -> 0x6537
mem[X,0x8002E65E] -> 0x6666
[4706] [M]: 0x8002E65C (0x66666537) lui a0, 419430
x10 <- 0x66666000


mem[X,0x8002E660] -> 0x0513
mem[X,0x8002E662] -> 0x6655
[4707] [M]: 0x8002E660 (0x66550513) addi a0, a0, 1637
x10 <- 0x66666665


mem[X,0x8002E664] -> 0xB5B7
mem[X,0x8002E666] -> 0x0000
[4708] [M]: 0x8002E664 (0x0000B5B7) lui a1, 11
x11 <- 0x0000B000


mem[X,0x8002E668] -> 0x8593
mem[X,0x8002E66A] -> 0x5045
[4709] [M]: 0x8002E668 (0x50458593) addi a1, a1, 1284
x11 <- 0x0000B504


mem[X,0x8002E66C] -> 0x0113
mem[X,0x8002E66E] -> 0x0000
[4710] [M]: 0x8002E66C (0x00000113) addi sp, zero, 0
x2 <- 0x00000000


mem[X,0x8002E670] -> 0x006F
mem[X,0x8002E672] -> 0x0100
[4711] [M]: 0x8002E670 (0x0100006F) jal zero, 16


mem[X,0x8002E680] -> 0x4AE3
mem[X,0x8002E682] -> 0xFEB5
[4712] [M]: 0x8002E680 (0xFEB54AE3) blt a0, a1, 8180


mem[X,0x8002E684] -> 0x0113
mem[X,0x8002E686] -> 0x0021
[4713] [M]: 0x8002E684 (0x00210113) addi sp, sp, 2
x2 <- 0x00000002


mem[X,0x8002E688] -> 0x006F
mem[X,0x8002E68A] -> 0x00C0
[4714] [M]: 0x8002E688 (0x00C0006F) jal zero, 12


mem[X,0x8002E694] -> 0xAE23
mem[X,0x8002E696] -> 0x7620
[4715] [M]: 0x8002E694 (0x7620AE23) sw sp, 1916(ra)
mem[0x800389E4] <- 0x00000002


mem[X,0x8002E698] -> 0x6537
mem[X,0x8002E69A] -> 0x6666
[4716] [M]: 0x8002E698 (0x66666537) lui a0, 419430
x10 <- 0x66666000


mem[X,0x8002E69C] -> 0x0513
mem[X,0x8002E69E] -> 0x6655
[4717] [M]: 0x8002E69C (0x66550513) addi a0, a0, 1637
x10 <- 0x66666665


mem[X,0x8002E6A0] -> 0x0593
mem[X,0x8002E6A2] -> 0x0020
[4718] [M]: 0x8002E6A0 (0x00200593) addi a1, zero, 2
x11 <- 0x00000002


mem[X,0x8002E6A4] -> 0x0113
mem[X,0x8002E6A6] -> 0x0000
[4719] [M]: 0x8002E6A4 (0x00000113) addi sp, zero, 0
x2 <- 0x00000000


mem[X,0x8002E6A8] -> 0x006F
mem[X,0x8002E6AA] -> 0x0100
[4720] [M]: 0x8002E6A8 (0x0100006F) jal zero, 16


mem[X,0x8002E6B8] -> 0x4AE3
mem[X,0x8002E6BA] -> 0xFEB5
[4721] [M]: 0x8002E6B8 (0xFEB54AE3) blt a0, a1, 8180


mem[X,0x8002E6BC] -> 0x0113
mem[X,0x8002E6BE] -> 0x0021
[4722] [M]: 0x8002E6BC (0x00210113) addi sp, sp, 2
x2 <- 0x00000002


mem[X,0x8002E6C0] -> 0x006F
mem[X,0x8002E6C2] -> 0x00C0
[4723] [M]: 0x8002E6C0 (0x00C0006F) jal zero, 12


mem[X,0x8002E6CC] -> 0xA023
mem[X,0x8002E6CE] -> 0x7820
[4724] [M]: 0x8002E6CC (0x7820A023) sw sp, 1920(ra)
mem[0x800389E8] <- 0x00000002


mem[X,0x8002E6D0] -> 0x6537
mem[X,0x8002E6D2] -> 0x6666
[4725] [M]: 0x8002E6D0 (0x66666537) lui a0, 419430
x10 <- 0x66666000


mem[X,0x8002E6D4] -> 0x0513
mem[X,0x8002E6D6] -> 0x6655
[4726] [M]: 0x8002E6D4 (0x66550513) addi a0, a0, 1637
x10 <- 0x66666665


mem[X,0x8002E6D8] -> 0x55B7
mem[X,0x8002E6DA] -> 0x5555
[4727] [M]: 0x8002E6D8 (0x555555B7) lui a1, 349525
x11 <- 0x55555000


mem[X,0x8002E6DC] -> 0x8593
mem[X,0x8002E6DE] -> 0x5545
[4728] [M]: 0x8002E6DC (0x55458593) addi a1, a1, 1364
x11 <- 0x55555554


mem[X,0x8002E6E0] -> 0x0113
mem[X,0x8002E6E2] -> 0x0000
[4729] [M]: 0x8002E6E0 (0x00000113) addi sp, zero, 0
x2 <- 0x00000000


mem[X,0x8002E6E4] -> 0x006F
mem[X,0x8002E6E6] -> 0x00C0
[4730] [M]: 0x8002E6E4 (0x00C0006F) jal zero, 12


mem[X,0x8002E6F0] -> 0x4663
mem[X,0x8002E6F2] -> 0x00B5
[4731] [M]: 0x8002E6F0 (0x00B54663) blt a0, a1, 12


mem[X,0x8002E6F4] -> 0x0113
mem[X,0x8002E6F6] -> 0x0021
[4732] [M]: 0x8002E6F4 (0x00210113) addi sp, sp, 2
x2 <- 0x00000002


mem[X,0x8002E6F8] -> 0x006F
mem[X,0x8002E6FA] -> 0x00C0
[4733] [M]: 0x8002E6F8 (0x00C0006F) jal zero, 12


mem[X,0x8002E704] -> 0xA223
mem[X,0x8002E706] -> 0x7820
[4734] [M]: 0x8002E704 (0x7820A223) sw sp, 1924(ra)
mem[0x800389EC] <- 0x00000002


mem[X,0x8002E708] -> 0x6537
mem[X,0x8002E70A] -> 0x6666
[4735] [M]: 0x8002E708 (0x66666537) lui a0, 419430
x10 <- 0x66666000


mem[X,0x8002E70C] -> 0x0513
mem[X,0x8002E70E] -> 0x6655
[4736] [M]: 0x8002E70C (0x66550513) addi a0, a0, 1637
x10 <- 0x66666665


mem[X,0x8002E710] -> 0x0593
mem[X,0x8002E712] -> 0x0000
[4737] [M]: 0x8002E710 (0x00000593) addi a1, zero, 0
x11 <- 0x00000000


mem[X,0x8002E714] -> 0x0113
mem[X,0x8002E716] -> 0x0000
[4738] [M]: 0x8002E714 (0x00000113) addi sp, zero, 0
x2 <- 0x00000000


mem[X,0x8002E718] -> 0x006F
mem[X,0x8002E71A] -> 0x00C0
[4739] [M]: 0x8002E718 (0x00C0006F) jal zero, 12


mem[X,0x8002E724] -> 0x4663
mem[X,0x8002E726] -> 0x00B5
[4740] [M]: 0x8002E724 (0x00B54663) blt a0, a1, 12


mem[X,0x8002E728] -> 0x0113
mem[X,0x8002E72A] -> 0x0021
[4741] [M]: 0x8002E728 (0x00210113) addi sp, sp, 2
x2 <- 0x00000002


mem[X,0x8002E72C] -> 0x006F
mem[X,0x8002E72E] -> 0x00C0
[4742] [M]: 0x8002E72C (0x00C0006F) jal zero, 12


mem[X,0x8002E738] -> 0xA423
mem[X,0x8002E73A] -> 0x7820
[4743] [M]: 0x8002E738 (0x7820A423) sw sp, 1928(ra)
mem[0x800389F0] <- 0x00000002


mem[X,0x8002E73C] -> 0x6537
mem[X,0x8002E73E] -> 0x6666
[4744] [M]: 0x8002E73C (0x66666537) lui a0, 419430
x10 <- 0x66666000


mem[X,0x8002E740] -> 0x0513
mem[X,0x8002E742] -> 0x6655
[4745] [M]: 0x8002E740 (0x66550513) addi a0, a0, 1637
x10 <- 0x66666665


mem[X,0x8002E744] -> 0x0593
mem[X,0x8002E746] -> 0x0040
[4746] [M]: 0x8002E744 (0x00400593) addi a1, zero, 4
x11 <- 0x00000004


mem[X,0x8002E748] -> 0x0113
mem[X,0x8002E74A] -> 0x0000
[4747] [M]: 0x8002E748 (0x00000113) addi sp, zero, 0
x2 <- 0x00000000


mem[X,0x8002E74C] -> 0x006F
mem[X,0x8002E74E] -> 0x00C0
[4748] [M]: 0x8002E74C (0x00C0006F) jal zero, 12


mem[X,0x8002E758] -> 0x4063
mem[X,0x8002E75A] -> 0x20B5
[4749] [M]: 0x8002E758 (0x20B54063) blt a0, a1, 512


mem[X,0x8002E75C] -> 0x0113
mem[X,0x8002E75E] -> 0x0021
[4750] [M]: 0x8002E75C (0x00210113) addi sp, sp, 2
x2 <- 0x00000002


mem[X,0x8002E760] -> 0x006F
mem[X,0x8002E762] -> 0x2000
[4751] [M]: 0x8002E760 (0x2000006F) jal zero, 512


mem[X,0x8002E960] -> 0xA623
mem[X,0x8002E962] -> 0x7820
[4752] [M]: 0x8002E960 (0x7820A623) sw sp, 1932(ra)
mem[0x800389F4] <- 0x00000002


mem[X,0x8002E964] -> 0x6537
mem[X,0x8002E966] -> 0x6666
[4753] [M]: 0x8002E964 (0x66666537) lui a0, 419430
x10 <- 0x66666000


mem[X,0x8002E968] -> 0x0513
mem[X,0x8002E96A] -> 0x6655
[4754] [M]: 0x8002E968 (0x66550513) addi a0, a0, 1637
x10 <- 0x66666665


mem[X,0x8002E96C] -> 0x35B7
mem[X,0x8002E96E] -> 0x3333
[4755] [M]: 0x8002E96C (0x333335B7) lui a1, 209715
x11 <- 0x33333000


mem[X,0x8002E970] -> 0x8593
mem[X,0x8002E972] -> 0x3325
[4756] [M]: 0x8002E970 (0x33258593) addi a1, a1, 818
x11 <- 0x33333332


mem[X,0x8002E974] -> 0x0113
mem[X,0x8002E976] -> 0x0000
[4757] [M]: 0x8002E974 (0x00000113) addi sp, zero, 0
x2 <- 0x00000000


mem[X,0x8002E978] -> 0x006F
mem[X,0x8002E97A] -> 0x00C0
[4758] [M]: 0x8002E978 (0x00C0006F) jal zero, 12


mem[X,0x8002E984] -> 0x4063
mem[X,0x8002E986] -> 0x10B5
[4759] [M]: 0x8002E984 (0x10B54063) blt a0, a1, 256


mem[X,0x8002E988] -> 0x0113
mem[X,0x8002E98A] -> 0x0021
[4760] [M]: 0x8002E988 (0x00210113) addi sp, sp, 2
x2 <- 0x00000002


mem[X,0x8002E98C] -> 0x006F
mem[X,0x8002E98E] -> 0x1000
[4761] [M]: 0x8002E98C (0x1000006F) jal zero, 256


mem[X,0x8002EA8C] -> 0xA823
mem[X,0x8002EA8E] -> 0x7820
[4762] [M]: 0x8002EA8C (0x7820A823) sw sp, 1936(ra)
mem[0x800389F8] <- 0x00000002


mem[X,0x8002EA90] -> 0x6537
mem[X,0x8002EA92] -> 0x6666
[4763] [M]: 0x8002EA90 (0x66666537) lui a0, 419430
x10 <- 0x66666000


mem[X,0x8002EA94] -> 0x0513
mem[X,0x8002EA96] -> 0x6655
[4764] [M]: 0x8002EA94 (0x66550513) addi a0, a0, 1637
x10 <- 0x66666665


mem[X,0x8002EA98] -> 0x65B7
mem[X,0x8002EA9A] -> 0x6666
[4765] [M]: 0x8002EA98 (0x666665B7) lui a1, 419430
x11 <- 0x66666000


mem[X,0x8002EA9C] -> 0x8593
mem[X,0x8002EA9E] -> 0x6655
[4766] [M]: 0x8002EA9C (0x66558593) addi a1, a1, 1637
x11 <- 0x66666665


mem[X,0x8002EAA0] -> 0x0113
mem[X,0x8002EAA2] -> 0x0000
[4767] [M]: 0x8002EAA0 (0x00000113) addi sp, zero, 0
x2 <- 0x00000000


mem[X,0x8002EAA4] -> 0x006F
mem[X,0x8002EAA6] -> 0x00C0
[4768] [M]: 0x8002EAA4 (0x00C0006F) jal zero, 12


mem[X,0x8002EAB0] -> 0x4063
mem[X,0x8002EAB2] -> 0x40B5
[4769] [M]: 0x8002EAB0 (0x40B54063) blt a0, a1, 1024


mem[X,0x8002EAB4] -> 0x0113
mem[X,0x8002EAB6] -> 0x0021
[4770] [M]: 0x8002EAB4 (0x00210113) addi sp, sp, 2
x2 <- 0x00000002


mem[X,0x8002EAB8] -> 0x006F
mem[X,0x8002EABA] -> 0x4000
[4771] [M]: 0x8002EAB8 (0x4000006F) jal zero, 1024


mem[X,0x8002EEB8] -> 0xAA23
mem[X,0x8002EEBA] -> 0x7820
[4772] [M]: 0x8002EEB8 (0x7820AA23) sw sp, 1940(ra)
mem[0x800389FC] <- 0x00000002


mem[X,0x8002EEBC] -> 0x6537
mem[X,0x8002EEBE] -> 0x6666
[4773] [M]: 0x8002EEBC (0x66666537) lui a0, 419430
x10 <- 0x66666000


mem[X,0x8002EEC0] -> 0x0513
mem[X,0x8002EEC2] -> 0x6655
[4774] [M]: 0x8002EEC0 (0x66550513) addi a0, a0, 1637
x10 <- 0x66666665


mem[X,0x8002EEC4] -> 0xB5B7
mem[X,0x8002EEC6] -> 0x0000
[4775] [M]: 0x8002EEC4 (0x0000B5B7) lui a1, 11
x11 <- 0x0000B000


mem[X,0x8002EEC8] -> 0x8593
mem[X,0x8002EECA] -> 0x5035
[4776] [M]: 0x8002EEC8 (0x50358593) addi a1, a1, 1283
x11 <- 0x0000B503


mem[X,0x8002EECC] -> 0x0113
mem[X,0x8002EECE] -> 0x0000
[4777] [M]: 0x8002EECC (0x00000113) addi sp, zero, 0
x2 <- 0x00000000


mem[X,0x8002EED0] -> 0x006F
mem[X,0x8002EED2] -> 0x00C0
[4778] [M]: 0x8002EED0 (0x00C0006F) jal zero, 12


mem[X,0x8002EEDC] -> 0x4CE3
mem[X,0x8002EEDE] -> 0xFEB5
[4779] [M]: 0x8002EEDC (0xFEB54CE3) blt a0, a1, 8184


mem[X,0x8002EEE0] -> 0x0113
mem[X,0x8002EEE2] -> 0x0021
[4780] [M]: 0x8002EEE0 (0x00210113) addi sp, sp, 2
x2 <- 0x00000002


mem[X,0x8002EEE4] -> 0x006F
mem[X,0x8002EEE6] -> 0x00C0
[4781] [M]: 0x8002EEE4 (0x00C0006F) jal zero, 12


mem[X,0x8002EEF0] -> 0xAC23
mem[X,0x8002EEF2] -> 0x7820
[4782] [M]: 0x8002EEF0 (0x7820AC23) sw sp, 1944(ra)
mem[0x80038A00] <- 0x00000002


mem[X,0x8002EEF4] -> 0x6537
mem[X,0x8002EEF6] -> 0x6666
[4783] [M]: 0x8002EEF4 (0x66666537) lui a0, 419430
x10 <- 0x66666000


mem[X,0x8002EEF8] -> 0x0513
mem[X,0x8002EEFA] -> 0x6655
[4784] [M]: 0x8002EEF8 (0x66550513) addi a0, a0, 1637
x10 <- 0x66666665


mem[X,0x8002EEFC] -> 0x55B7
mem[X,0x8002EEFE] -> 0x5555
[4785] [M]: 0x8002EEFC (0x555555B7) lui a1, 349525
x11 <- 0x55555000


mem[X,0x8002EF00] -> 0x8593
mem[X,0x8002EF02] -> 0x5565
[4786] [M]: 0x8002EF00 (0x55658593) addi a1, a1, 1366
x11 <- 0x55555556


mem[X,0x8002EF04] -> 0x0113
mem[X,0x8002EF06] -> 0x0000
[4787] [M]: 0x8002EF04 (0x00000113) addi sp, zero, 0
x2 <- 0x00000000


mem[X,0x8002EF08] -> 0x006F
mem[X,0x8002EF0A] -> 0x2B10
[4788] [M]: 0x8002EF08 (0x2B10006F) jal zero, 2736


mem[X,0x8002F9B8] -> 0x4A63
mem[X,0x8002F9BA] -> 0xD4B5
[4789] [M]: 0x8002F9B8 (0xD4B54A63) blt a0, a1, 5460


mem[X,0x8002F9BC] -> 0x0113
mem[X,0x8002F9BE] -> 0x0021
[4790] [M]: 0x8002F9BC (0x00210113) addi sp, sp, 2
x2 <- 0x00000002


mem[X,0x8002F9C0] -> 0x006F
mem[X,0x8002F9C2] -> 0x00C0
[4791] [M]: 0x8002F9C0 (0x00C0006F) jal zero, 12


mem[X,0x8002F9CC] -> 0xAE23
mem[X,0x8002F9CE] -> 0x7820
[4792] [M]: 0x8002F9CC (0x7820AE23) sw sp, 1948(ra)
mem[0x80038A04] <- 0x00000002


mem[X,0x8002F9D0] -> 0x6537
mem[X,0x8002F9D2] -> 0x6666
[4793] [M]: 0x8002F9D0 (0x66666537) lui a0, 419430
x10 <- 0x66666000


mem[X,0x8002F9D4] -> 0x0513
mem[X,0x8002F9D6] -> 0x6655
[4794] [M]: 0x8002F9D4 (0x66550513) addi a0, a0, 1637
x10 <- 0x66666665


mem[X,0x8002F9D8] -> 0xB5B7
mem[X,0x8002F9DA] -> 0xAAAA
[4795] [M]: 0x8002F9D8 (0xAAAAB5B7) lui a1, 699051
x11 <- 0xAAAAB000


mem[X,0x8002F9DC] -> 0x8593
mem[X,0x8002F9DE] -> 0xAAB5
[4796] [M]: 0x8002F9DC (0xAAB58593) addi a1, a1, 2731
x11 <- 0xAAAAAAAB


mem[X,0x8002F9E0] -> 0x0113
mem[X,0x8002F9E2] -> 0x0000
[4797] [M]: 0x8002F9E0 (0x00000113) addi sp, zero, 0
x2 <- 0x00000000


mem[X,0x8002F9E4] -> 0x006F
mem[X,0x8002F9E6] -> 0x0180
[4798] [M]: 0x8002F9E4 (0x0180006F) jal zero, 24


mem[X,0x8002F9FC] -> 0x46E3
mem[X,0x8002F9FE] -> 0xFEB5
[4799] [M]: 0x8002F9FC (0xFEB546E3) blt a0, a1, 8172


clint::tick mtime <- 0x0000000000000030
 clint timer pending at mtime 0x0000000000000030
htif::tick 0x0000000000000000
mem[X,0x8002FA00] -> 0x0113
mem[X,0x8002FA02] -> 0x0021
[4800] [M]: 0x8002FA00 (0x00210113) addi sp, sp, 2
x2 <- 0x00000002


mem[X,0x8002FA04] -> 0x006F
mem[X,0x8002FA06] -> 0x00C0
[4801] [M]: 0x8002FA04 (0x00C0006F) jal zero, 12


mem[X,0x8002FA10] -> 0xA023
mem[X,0x8002FA12] -> 0x7A20
[4802] [M]: 0x8002FA10 (0x7A20A023) sw sp, 1952(ra)
mem[0x80038A08] <- 0x00000002


mem[X,0x8002FA14] -> 0x6537
mem[X,0x8002FA16] -> 0x6666
[4803] [M]: 0x8002FA14 (0x66666537) lui a0, 419430
x10 <- 0x66666000


mem[X,0x8002FA18] -> 0x0513
mem[X,0x8002FA1A] -> 0x6655
[4804] [M]: 0x8002FA18 (0x66550513) addi a0, a0, 1637
x10 <- 0x66666665


mem[X,0x8002FA1C] -> 0x0593
mem[X,0x8002FA1E] -> 0x0060
[4805] [M]: 0x8002FA1C (0x00600593) addi a1, zero, 6
x11 <- 0x00000006


mem[X,0x8002FA20] -> 0x0113
mem[X,0x8002FA22] -> 0x0000
[4806] [M]: 0x8002FA20 (0x00000113) addi sp, zero, 0
x2 <- 0x00000000


mem[X,0x8002FA24] -> 0x006F
mem[X,0x8002FA26] -> 0x00C0
[4807] [M]: 0x8002FA24 (0x00C0006F) jal zero, 12


mem[X,0x8002FA30] -> 0x4063
mem[X,0x8002FA32] -> 0x40B5
[4808] [M]: 0x8002FA30 (0x40B54063) blt a0, a1, 1024


mem[X,0x8002FA34] -> 0x0113
mem[X,0x8002FA36] -> 0x0021
[4809] [M]: 0x8002FA34 (0x00210113) addi sp, sp, 2
x2 <- 0x00000002


mem[X,0x8002FA38] -> 0x006F
mem[X,0x8002FA3A] -> 0x4000
[4810] [M]: 0x8002FA38 (0x4000006F) jal zero, 1024


mem[X,0x8002FE38] -> 0xA223
mem[X,0x8002FE3A] -> 0x7A20
[4811] [M]: 0x8002FE38 (0x7A20A223) sw sp, 1956(ra)
mem[0x80038A0C] <- 0x00000002


mem[X,0x8002FE3C] -> 0x6537
mem[X,0x8002FE3E] -> 0x6666
[4812] [M]: 0x8002FE3C (0x66666537) lui a0, 419430
x10 <- 0x66666000


mem[X,0x8002FE40] -> 0x0513
mem[X,0x8002FE42] -> 0x6655
[4813] [M]: 0x8002FE40 (0x66550513) addi a0, a0, 1637
x10 <- 0x66666665


mem[X,0x8002FE44] -> 0x35B7
mem[X,0x8002FE46] -> 0x3333
[4814] [M]: 0x8002FE44 (0x333335B7) lui a1, 209715
x11 <- 0x33333000


mem[X,0x8002FE48] -> 0x8593
mem[X,0x8002FE4A] -> 0x3345
[4815] [M]: 0x8002FE48 (0x33458593) addi a1, a1, 820
x11 <- 0x33333334


mem[X,0x8002FE4C] -> 0x0113
mem[X,0x8002FE4E] -> 0x0000
[4816] [M]: 0x8002FE4C (0x00000113) addi sp, zero, 0
x2 <- 0x00000000


mem[X,0x8002FE50] -> 0x006F
mem[X,0x8002FE52] -> 0x0100
[4817] [M]: 0x8002FE50 (0x0100006F) jal zero, 16


mem[X,0x8002FE60] -> 0x4AE3
mem[X,0x8002FE62] -> 0xFEB5
[4818] [M]: 0x8002FE60 (0xFEB54AE3) blt a0, a1, 8180


mem[X,0x8002FE64] -> 0x0113
mem[X,0x8002FE66] -> 0x0021
[4819] [M]: 0x8002FE64 (0x00210113) addi sp, sp, 2
x2 <- 0x00000002


mem[X,0x8002FE68] -> 0x006F
mem[X,0x8002FE6A] -> 0x00C0
[4820] [M]: 0x8002FE68 (0x00C0006F) jal zero, 12


mem[X,0x8002FE74] -> 0xA423
mem[X,0x8002FE76] -> 0x7A20
[4821] [M]: 0x8002FE74 (0x7A20A423) sw sp, 1960(ra)
mem[0x80038A10] <- 0x00000002


mem[X,0x8002FE78] -> 0x6537
mem[X,0x8002FE7A] -> 0x6666
[4822] [M]: 0x8002FE78 (0x66666537) lui a0, 419430
x10 <- 0x66666000


mem[X,0x8002FE7C] -> 0x0513
mem[X,0x8002FE7E] -> 0x6655
[4823] [M]: 0x8002FE7C (0x66550513) addi a0, a0, 1637
x10 <- 0x66666665


mem[X,0x8002FE80] -> 0x65B7
mem[X,0x8002FE82] -> 0x6666
[4824] [M]: 0x8002FE80 (0x666665B7) lui a1, 419430
x11 <- 0x66666000


mem[X,0x8002FE84] -> 0x8593
mem[X,0x8002FE86] -> 0x6675
[4825] [M]: 0x8002FE84 (0x66758593) addi a1, a1, 1639
x11 <- 0x66666667


mem[X,0x8002FE88] -> 0x0113
mem[X,0x8002FE8A] -> 0x0000
[4826] [M]: 0x8002FE88 (0x00000113) addi sp, zero, 0
x2 <- 0x00000000


mem[X,0x8002FE8C] -> 0x006F
mem[X,0x8002FE8E] -> 0x00C0
[4827] [M]: 0x8002FE8C (0x00C0006F) jal zero, 12


mem[X,0x8002FE98] -> 0x4CE3
mem[X,0x8002FE9A] -> 0xFEB5
[4828] [M]: 0x8002FE98 (0xFEB54CE3) blt a0, a1, 8184


mem[X,0x8002FE90] -> 0x0113
mem[X,0x8002FE92] -> 0x0011
[4829] [M]: 0x8002FE90 (0x00110113) addi sp, sp, 1
x2 <- 0x00000001


mem[X,0x8002FE94] -> 0x006F
mem[X,0x8002FE96] -> 0x0180
[4830] [M]: 0x8002FE94 (0x0180006F) jal zero, 24


mem[X,0x8002FEAC] -> 0xA623
mem[X,0x8002FEAE] -> 0x7A20
[4831] [M]: 0x8002FEAC (0x7A20A623) sw sp, 1964(ra)
mem[0x80038A14] <- 0x00000001


mem[X,0x8002FEB0] -> 0x6537
mem[X,0x8002FEB2] -> 0x6666
[4832] [M]: 0x8002FEB0 (0x66666537) lui a0, 419430
x10 <- 0x66666000


mem[X,0x8002FEB4] -> 0x0513
mem[X,0x8002FEB6] -> 0x6655
[4833] [M]: 0x8002FEB4 (0x66550513) addi a0, a0, 1637
x10 <- 0x66666665


mem[X,0x8002FEB8] -> 0x55B7
mem[X,0x8002FEBA] -> 0xFFFF
[4834] [M]: 0x8002FEB8 (0xFFFF55B7) lui a1, 1048565
x11 <- 0xFFFF5000


mem[X,0x8002FEBC] -> 0x8593
mem[X,0x8002FEBE] -> 0xAFD5
[4835] [M]: 0x8002FEBC (0xAFD58593) addi a1, a1, 2813
x11 <- 0xFFFF4AFD


mem[X,0x8002FEC0] -> 0x0113
mem[X,0x8002FEC2] -> 0x0000
[4836] [M]: 0x8002FEC0 (0x00000113) addi sp, zero, 0
x2 <- 0x00000000


mem[X,0x8002FEC4] -> 0x006F
mem[X,0x8002FEC6] -> 0x00C0
[4837] [M]: 0x8002FEC4 (0x00C0006F) jal zero, 12


mem[X,0x8002FED0] -> 0x4063
mem[X,0x8002FED2] -> 0x02B5
[4838] [M]: 0x8002FED0 (0x02B54063) blt a0, a1, 32


mem[X,0x8002FED4] -> 0x0113
mem[X,0x8002FED6] -> 0x0021
[4839] [M]: 0x8002FED4 (0x00210113) addi sp, sp, 2
x2 <- 0x00000002


mem[X,0x8002FED8] -> 0x006F
mem[X,0x8002FEDA] -> 0x0200
[4840] [M]: 0x8002FED8 (0x0200006F) jal zero, 32


mem[X,0x8002FEF8] -> 0xA823
mem[X,0x8002FEFA] -> 0x7A20
[4841] [M]: 0x8002FEF8 (0x7A20A823) sw sp, 1968(ra)
mem[0x80038A18] <- 0x00000002


mem[X,0x8002FEFC] -> 0x6537
mem[X,0x8002FEFE] -> 0x6666
[4842] [M]: 0x8002FEFC (0x66666537) lui a0, 419430
x10 <- 0x66666000


mem[X,0x8002FF00] -> 0x0513
mem[X,0x8002FF02] -> 0x6655
[4843] [M]: 0x8002FF00 (0x66550513) addi a0, a0, 1637
x10 <- 0x66666665


mem[X,0x8002FF04] -> 0xB5B7
mem[X,0x8002FF06] -> 0x0000
[4844] [M]: 0x8002FF04 (0x0000B5B7) lui a1, 11
x11 <- 0x0000B000


mem[X,0x8002FF08] -> 0x8593
mem[X,0x8002FF0A] -> 0x5055
[4845] [M]: 0x8002FF08 (0x50558593) addi a1, a1, 1285
x11 <- 0x0000B505


mem[X,0x8002FF0C] -> 0x0113
mem[X,0x8002FF0E] -> 0x0000
[4846] [M]: 0x8002FF0C (0x00000113) addi sp, zero, 0
x2 <- 0x00000000


mem[X,0x8002FF10] -> 0x006F
mem[X,0x8002FF12] -> 0x00C0
[4847] [M]: 0x8002FF10 (0x00C0006F) jal zero, 12


mem[X,0x8002FF1C] -> 0x4063
mem[X,0x8002FF1E] -> 0x04B5
[4848] [M]: 0x8002FF1C (0x04B54063) blt a0, a1, 64


mem[X,0x8002FF20] -> 0x0113
mem[X,0x8002FF22] -> 0x0021
[4849] [M]: 0x8002FF20 (0x00210113) addi sp, sp, 2
x2 <- 0x00000002


mem[X,0x8002FF24] -> 0x006F
mem[X,0x8002FF26] -> 0x0400
[4850] [M]: 0x8002FF24 (0x0400006F) jal zero, 64


mem[X,0x8002FF64] -> 0xAA23
mem[X,0x8002FF66] -> 0x7A20
[4851] [M]: 0x8002FF64 (0x7A20AA23) sw sp, 1972(ra)
mem[0x80038A1C] <- 0x00000002


mem[X,0x8002FF68] -> 0xB537
mem[X,0x8002FF6A] -> 0x0000
[4852] [M]: 0x8002FF68 (0x0000B537) lui a0, 11
x10 <- 0x0000B000


mem[X,0x8002FF6C] -> 0x0513
mem[X,0x8002FF6E] -> 0x5035
[4853] [M]: 0x8002FF6C (0x50350513) addi a0, a0, 1283
x10 <- 0x0000B503


mem[X,0x8002FF70] -> 0x0593
mem[X,0x8002FF72] -> 0x0030
[4854] [M]: 0x8002FF70 (0x00300593) addi a1, zero, 3
x11 <- 0x00000003


mem[X,0x8002FF74] -> 0x0113
mem[X,0x8002FF76] -> 0x0000
[4855] [M]: 0x8002FF74 (0x00000113) addi sp, zero, 0
x2 <- 0x00000000


mem[X,0x8002FF78] -> 0x006F
mem[X,0x8002FF7A] -> 0x0180
[4856] [M]: 0x8002FF78 (0x0180006F) jal zero, 24


mem[X,0x8002FF90] -> 0x46E3
mem[X,0x8002FF92] -> 0xFEB5
[4857] [M]: 0x8002FF90 (0xFEB546E3) blt a0, a1, 8172


mem[X,0x8002FF94] -> 0x0113
mem[X,0x8002FF96] -> 0x0021
[4858] [M]: 0x8002FF94 (0x00210113) addi sp, sp, 2
x2 <- 0x00000002


mem[X,0x8002FF98] -> 0x006F
mem[X,0x8002FF9A] -> 0x00C0
[4859] [M]: 0x8002FF98 (0x00C0006F) jal zero, 12


mem[X,0x8002FFA4] -> 0xAC23
mem[X,0x8002FFA6] -> 0x7A20
[4860] [M]: 0x8002FFA4 (0x7A20AC23) sw sp, 1976(ra)
mem[0x80038A20] <- 0x00000002


mem[X,0x8002FFA8] -> 0xB537
mem[X,0x8002FFAA] -> 0x0000
[4861] [M]: 0x8002FFA8 (0x0000B537) lui a0, 11
x10 <- 0x0000B000


mem[X,0x8002FFAC] -> 0x0513
mem[X,0x8002FFAE] -> 0x5035
[4862] [M]: 0x8002FFAC (0x50350513) addi a0, a0, 1283
x10 <- 0x0000B503


mem[X,0x8002FFB0] -> 0x55B7
mem[X,0x8002FFB2] -> 0x5555
[4863] [M]: 0x8002FFB0 (0x555555B7) lui a1, 349525
x11 <- 0x55555000


mem[X,0x8002FFB4] -> 0x8593
mem[X,0x8002FFB6] -> 0x5555
[4864] [M]: 0x8002FFB4 (0x55558593) addi a1, a1, 1365
x11 <- 0x55555555


mem[X,0x8002FFB8] -> 0x0113
mem[X,0x8002FFBA] -> 0x0000
[4865] [M]: 0x8002FFB8 (0x00000113) addi sp, zero, 0
x2 <- 0x00000000


mem[X,0x8002FFBC] -> 0x006F
mem[X,0x8002FFBE] -> 0x00C0
[4866] [M]: 0x8002FFBC (0x00C0006F) jal zero, 12


mem[X,0x8002FFC8] -> 0x4CE3
mem[X,0x8002FFCA] -> 0xFEB5
[4867] [M]: 0x8002FFC8 (0xFEB54CE3) blt a0, a1, 8184


mem[X,0x8002FFC0] -> 0x0113
mem[X,0x8002FFC2] -> 0x0011
[4868] [M]: 0x8002FFC0 (0x00110113) addi sp, sp, 1
x2 <- 0x00000001


mem[X,0x8002FFC4] -> 0x006F
mem[X,0x8002FFC6] -> 0x0180
[4869] [M]: 0x8002FFC4 (0x0180006F) jal zero, 24


mem[X,0x8002FFDC] -> 0xAE23
mem[X,0x8002FFDE] -> 0x7A20
[4870] [M]: 0x8002FFDC (0x7A20AE23) sw sp, 1980(ra)
mem[0x80038A24] <- 0x00000001


mem[X,0x8002FFE0] -> 0xB537
mem[X,0x8002FFE2] -> 0x0000
[4871] [M]: 0x8002FFE0 (0x0000B537) lui a0, 11
x10 <- 0x0000B000


mem[X,0x8002FFE4] -> 0x0513
mem[X,0x8002FFE6] -> 0x5035
[4872] [M]: 0x8002FFE4 (0x50350513) addi a0, a0, 1283
x10 <- 0x0000B503


mem[X,0x8002FFE8] -> 0xB5B7
mem[X,0x8002FFEA] -> 0xAAAA
[4873] [M]: 0x8002FFE8 (0xAAAAB5B7) lui a1, 699051
x11 <- 0xAAAAB000


mem[X,0x8002FFEC] -> 0x8593
mem[X,0x8002FFEE] -> 0xAAA5
[4874] [M]: 0x8002FFEC (0xAAA58593) addi a1, a1, 2730
x11 <- 0xAAAAAAAA


mem[X,0x8002FFF0] -> 0x0113
mem[X,0x8002FFF2] -> 0x0000
[4875] [M]: 0x8002FFF0 (0x00000113) addi sp, zero, 0
x2 <- 0x00000000


mem[X,0x8002FFF4] -> 0x006F
mem[X,0x8002FFF6] -> 0x2B10
[4876] [M]: 0x8002FFF4 (0x2B10006F) jal zero, 2736


mem[X,0x80030AA4] -> 0x4A63
mem[X,0x80030AA6] -> 0xD4B5
[4877] [M]: 0x80030AA4 (0xD4B54A63) blt a0, a1, 5460


mem[X,0x80030AA8] -> 0x0113
mem[X,0x80030AAA] -> 0x0021
[4878] [M]: 0x80030AA8 (0x00210113) addi sp, sp, 2
x2 <- 0x00000002


mem[X,0x80030AAC] -> 0x006F
mem[X,0x80030AAE] -> 0x00C0
[4879] [M]: 0x80030AAC (0x00C0006F) jal zero, 12


mem[X,0x80030AB8] -> 0xA023
mem[X,0x80030ABA] -> 0x7C20
[4880] [M]: 0x80030AB8 (0x7C20A023) sw sp, 1984(ra)
mem[0x80038A28] <- 0x00000002


mem[X,0x80030ABC] -> 0xB537
mem[X,0x80030ABE] -> 0x0000
[4881] [M]: 0x80030ABC (0x0000B537) lui a0, 11
x10 <- 0x0000B000


mem[X,0x80030AC0] -> 0x0513
mem[X,0x80030AC2] -> 0x5035
[4882] [M]: 0x80030AC0 (0x50350513) addi a0, a0, 1283
x10 <- 0x0000B503


mem[X,0x80030AC4] -> 0x0593
mem[X,0x80030AC6] -> 0x0050
[4883] [M]: 0x80030AC4 (0x00500593) addi a1, zero, 5
x11 <- 0x00000005


mem[X,0x80030AC8] -> 0x0113
mem[X,0x80030ACA] -> 0x0000
[4884] [M]: 0x80030AC8 (0x00000113) addi sp, zero, 0
x2 <- 0x00000000


mem[X,0x80030ACC] -> 0x006F
mem[X,0x80030ACE] -> 0x00C0
[4885] [M]: 0x80030ACC (0x00C0006F) jal zero, 12


mem[X,0x80030AD8] -> 0x4663
mem[X,0x80030ADA] -> 0x00B5
[4886] [M]: 0x80030AD8 (0x00B54663) blt a0, a1, 12


mem[X,0x80030ADC] -> 0x0113
mem[X,0x80030ADE] -> 0x0021
[4887] [M]: 0x80030ADC (0x00210113) addi sp, sp, 2
x2 <- 0x00000002


mem[X,0x80030AE0] -> 0x006F
mem[X,0x80030AE2] -> 0x00C0
[4888] [M]: 0x80030AE0 (0x00C0006F) jal zero, 12


mem[X,0x80030AEC] -> 0xA223
mem[X,0x80030AEE] -> 0x7C20
[4889] [M]: 0x80030AEC (0x7C20A223) sw sp, 1988(ra)
mem[0x80038A2C] <- 0x00000002


mem[X,0x80030AF0] -> 0xB537
mem[X,0x80030AF2] -> 0x0000
[4890] [M]: 0x80030AF0 (0x0000B537) lui a0, 11
x10 <- 0x0000B000


mem[X,0x80030AF4] -> 0x0513
mem[X,0x80030AF6] -> 0x5035
[4891] [M]: 0x80030AF4 (0x50350513) addi a0, a0, 1283
x10 <- 0x0000B503


mem[X,0x80030AF8] -> 0x35B7
mem[X,0x80030AFA] -> 0x3333
[4892] [M]: 0x80030AF8 (0x333335B7) lui a1, 209715
x11 <- 0x33333000


mem[X,0x80030AFC] -> 0x8593
mem[X,0x80030AFE] -> 0x3335
[4893] [M]: 0x80030AFC (0x33358593) addi a1, a1, 819
x11 <- 0x33333333


mem[X,0x80030B00] -> 0x0113
mem[X,0x80030B02] -> 0x0000
[4894] [M]: 0x80030B00 (0x00000113) addi sp, zero, 0
x2 <- 0x00000000


mem[X,0x80030B04] -> 0x006F
mem[X,0x80030B06] -> 0x00C0
[4895] [M]: 0x80030B04 (0x00C0006F) jal zero, 12


mem[X,0x80030B10] -> 0x4663
mem[X,0x80030B12] -> 0x00B5
[4896] [M]: 0x80030B10 (0x00B54663) blt a0, a1, 12


mem[X,0x80030B1C] -> 0x0113
mem[X,0x80030B1E] -> 0x0031
[4897] [M]: 0x80030B1C (0x00310113) addi sp, sp, 3
x2 <- 0x00000003


mem[X,0x80030B20] -> 0x006F
mem[X,0x80030B22] -> 0x0040
[4898] [M]: 0x80030B20 (0x0040006F) jal zero, 4


mem[X,0x80030B24] -> 0xA423
mem[X,0x80030B26] -> 0x7C20
[4899] [M]: 0x80030B24 (0x7C20A423) sw sp, 1992(ra)
mem[0x80038A30] <- 0x00000003


clint::tick mtime <- 0x0000000000000031
 clint timer pending at mtime 0x0000000000000031
htif::tick 0x0000000000000000
mem[X,0x80030B28] -> 0xB537
mem[X,0x80030B2A] -> 0x0000
[4900] [M]: 0x80030B28 (0x0000B537) lui a0, 11
x10 <- 0x0000B000


mem[X,0x80030B2C] -> 0x0513
mem[X,0x80030B2E] -> 0x5035
[4901] [M]: 0x80030B2C (0x50350513) addi a0, a0, 1283
x10 <- 0x0000B503


mem[X,0x80030B30] -> 0x65B7
mem[X,0x80030B32] -> 0x6666
[4902] [M]: 0x80030B30 (0x666665B7) lui a1, 419430
x11 <- 0x66666000


mem[X,0x80030B34] -> 0x8593
mem[X,0x80030B36] -> 0x6665
[4903] [M]: 0x80030B34 (0x66658593) addi a1, a1, 1638
x11 <- 0x66666666


mem[X,0x80030B38] -> 0x0113
mem[X,0x80030B3A] -> 0x0000
[4904] [M]: 0x80030B38 (0x00000113) addi sp, zero, 0
x2 <- 0x00000000


mem[X,0x80030B3C] -> 0x006F
mem[X,0x80030B3E] -> 0x00C0
[4905] [M]: 0x80030B3C (0x00C0006F) jal zero, 12


mem[X,0x80030B48] -> 0x4663
mem[X,0x80030B4A] -> 0x00B5
[4906] [M]: 0x80030B48 (0x00B54663) blt a0, a1, 12


mem[X,0x80030B54] -> 0x0113
mem[X,0x80030B56] -> 0x0031
[4907] [M]: 0x80030B54 (0x00310113) addi sp, sp, 3
x2 <- 0x00000003


mem[X,0x80030B58] -> 0x006F
mem[X,0x80030B5A] -> 0x0040
[4908] [M]: 0x80030B58 (0x0040006F) jal zero, 4


mem[X,0x80030B5C] -> 0xA623
mem[X,0x80030B5E] -> 0x7C20
[4909] [M]: 0x80030B5C (0x7C20A623) sw sp, 1996(ra)
mem[0x80038A34] <- 0x00000003


mem[X,0x80030B60] -> 0xB537
mem[X,0x80030B62] -> 0x0000
[4910] [M]: 0x80030B60 (0x0000B537) lui a0, 11
x10 <- 0x0000B000


mem[X,0x80030B64] -> 0x0513
mem[X,0x80030B66] -> 0x5035
[4911] [M]: 0x80030B64 (0x50350513) addi a0, a0, 1283
x10 <- 0x0000B503


mem[X,0x80030B68] -> 0x55B7
mem[X,0x80030B6A] -> 0xFFFF
[4912] [M]: 0x80030B68 (0xFFFF55B7) lui a1, 1048565
x11 <- 0xFFFF5000


mem[X,0x80030B6C] -> 0x8593
mem[X,0x80030B6E] -> 0xAFC5
[4913] [M]: 0x80030B6C (0xAFC58593) addi a1, a1, 2812
x11 <- 0xFFFF4AFC


mem[X,0x80030B70] -> 0x0113
mem[X,0x80030B72] -> 0x0000
[4914] [M]: 0x80030B70 (0x00000113) addi sp, zero, 0
x2 <- 0x00000000


mem[X,0x80030B74] -> 0x006F
mem[X,0x80030B76] -> 0x0140
[4915] [M]: 0x80030B74 (0x0140006F) jal zero, 20


mem[X,0x80030B88] -> 0x48E3
mem[X,0x80030B8A] -> 0xFEB5
[4916] [M]: 0x80030B88 (0xFEB548E3) blt a0, a1, 8176


mem[X,0x80030B8C] -> 0x0113
mem[X,0x80030B8E] -> 0x0021
[4917] [M]: 0x80030B8C (0x00210113) addi sp, sp, 2
x2 <- 0x00000002


mem[X,0x80030B90] -> 0x006F
mem[X,0x80030B92] -> 0x00C0
[4918] [M]: 0x80030B90 (0x00C0006F) jal zero, 12


mem[X,0x80030B9C] -> 0xA823
mem[X,0x80030B9E] -> 0x7C20
[4919] [M]: 0x80030B9C (0x7C20A823) sw sp, 2000(ra)
mem[0x80038A38] <- 0x00000002


mem[X,0x80030BA0] -> 0xB537
mem[X,0x80030BA2] -> 0x0000
[4920] [M]: 0x80030BA0 (0x0000B537) lui a0, 11
x10 <- 0x0000B000


mem[X,0x80030BA4] -> 0x0513
mem[X,0x80030BA6] -> 0x5035
[4921] [M]: 0x80030BA4 (0x50350513) addi a0, a0, 1283
x10 <- 0x0000B503


mem[X,0x80030BA8] -> 0xB5B7
mem[X,0x80030BAA] -> 0x0000
[4922] [M]: 0x80030BA8 (0x0000B5B7) lui a1, 11
x11 <- 0x0000B000


mem[X,0x80030BAC] -> 0x8593
mem[X,0x80030BAE] -> 0x5045
[4923] [M]: 0x80030BAC (0x50458593) addi a1, a1, 1284
x11 <- 0x0000B504


mem[X,0x80030BB0] -> 0x0113
mem[X,0x80030BB2] -> 0x0000
[4924] [M]: 0x80030BB0 (0x00000113) addi sp, zero, 0
x2 <- 0x00000000


mem[X,0x80030BB4] -> 0x006F
mem[X,0x80030BB6] -> 0x2B10
[4925] [M]: 0x80030BB4 (0x2B10006F) jal zero, 2736


mem[X,0x80031664] -> 0x4A63
mem[X,0x80031666] -> 0xD4B5
[4926] [M]: 0x80031664 (0xD4B54A63) blt a0, a1, 5460


mem[X,0x80030BB8] -> 0x0113
mem[X,0x80030BBA] -> 0x0011
[4927] [M]: 0x80030BB8 (0x00110113) addi sp, sp, 1
x2 <- 0x00000001


mem[X,0x80030BBC] -> 0x006F
mem[X,0x80030BBE] -> 0x2BD0
[4928] [M]: 0x80030BBC (0x2BD0006F) jal zero, 2748


mem[X,0x80031678] -> 0xAA23
mem[X,0x8003167A] -> 0x7C20
[4929] [M]: 0x80031678 (0x7C20AA23) sw sp, 2004(ra)
mem[0x80038A3C] <- 0x00000001


mem[X,0x8003167C] -> 0xB537
mem[X,0x8003167E] -> 0x0000
[4930] [M]: 0x8003167C (0x0000B537) lui a0, 11
x10 <- 0x0000B000


mem[X,0x80031680] -> 0x0513
mem[X,0x80031682] -> 0x5035
[4931] [M]: 0x80031680 (0x50350513) addi a0, a0, 1283
x10 <- 0x0000B503


mem[X,0x80031684] -> 0x0593
mem[X,0x80031686] -> 0x0020
[4932] [M]: 0x80031684 (0x00200593) addi a1, zero, 2
x11 <- 0x00000002


mem[X,0x80031688] -> 0x0113
mem[X,0x8003168A] -> 0x0000
[4933] [M]: 0x80031688 (0x00000113) addi sp, zero, 0
x2 <- 0x00000000


mem[X,0x8003168C] -> 0x006F
mem[X,0x8003168E] -> 0x0100
[4934] [M]: 0x8003168C (0x0100006F) jal zero, 16


mem[X,0x8003169C] -> 0x4AE3
mem[X,0x8003169E] -> 0xFEB5
[4935] [M]: 0x8003169C (0xFEB54AE3) blt a0, a1, 8180


mem[X,0x800316A0] -> 0x0113
mem[X,0x800316A2] -> 0x0021
[4936] [M]: 0x800316A0 (0x00210113) addi sp, sp, 2
x2 <- 0x00000002


mem[X,0x800316A4] -> 0x006F
mem[X,0x800316A6] -> 0x00C0
[4937] [M]: 0x800316A4 (0x00C0006F) jal zero, 12


mem[X,0x800316B0] -> 0xAC23
mem[X,0x800316B2] -> 0x7C20
[4938] [M]: 0x800316B0 (0x7C20AC23) sw sp, 2008(ra)
mem[0x80038A40] <- 0x00000002


mem[X,0x800316B4] -> 0xB537
mem[X,0x800316B6] -> 0x0000
[4939] [M]: 0x800316B4 (0x0000B537) lui a0, 11
x10 <- 0x0000B000


mem[X,0x800316B8] -> 0x0513
mem[X,0x800316BA] -> 0x5035
[4940] [M]: 0x800316B8 (0x50350513) addi a0, a0, 1283
x10 <- 0x0000B503


mem[X,0x800316BC] -> 0x55B7
mem[X,0x800316BE] -> 0x5555
[4941] [M]: 0x800316BC (0x555555B7) lui a1, 349525
x11 <- 0x55555000


mem[X,0x800316C0] -> 0x8593
mem[X,0x800316C2] -> 0x5545
[4942] [M]: 0x800316C0 (0x55458593) addi a1, a1, 1364
x11 <- 0x55555554


mem[X,0x800316C4] -> 0x0113
mem[X,0x800316C6] -> 0x0000
[4943] [M]: 0x800316C4 (0x00000113) addi sp, zero, 0
x2 <- 0x00000000


mem[X,0x800316C8] -> 0x006F
mem[X,0x800316CA] -> 0x00C0
[4944] [M]: 0x800316C8 (0x00C0006F) jal zero, 12


mem[X,0x800316D4] -> 0x4663
mem[X,0x800316D6] -> 0x00B5
[4945] [M]: 0x800316D4 (0x00B54663) blt a0, a1, 12


mem[X,0x800316E0] -> 0x0113
mem[X,0x800316E2] -> 0x0031
[4946] [M]: 0x800316E0 (0x00310113) addi sp, sp, 3
x2 <- 0x00000003


mem[X,0x800316E4] -> 0x006F
mem[X,0x800316E6] -> 0x0040
[4947] [M]: 0x800316E4 (0x0040006F) jal zero, 4


mem[X,0x800316E8] -> 0xAE23
mem[X,0x800316EA] -> 0x7C20
[4948] [M]: 0x800316E8 (0x7C20AE23) sw sp, 2012(ra)
mem[0x80038A44] <- 0x00000003


mem[X,0x800316EC] -> 0xB537
mem[X,0x800316EE] -> 0x0000
[4949] [M]: 0x800316EC (0x0000B537) lui a0, 11
x10 <- 0x0000B000


mem[X,0x800316F0] -> 0x0513
mem[X,0x800316F2] -> 0x5035
[4950] [M]: 0x800316F0 (0x50350513) addi a0, a0, 1283
x10 <- 0x0000B503


mem[X,0x800316F4] -> 0x0593
mem[X,0x800316F6] -> 0x0000
[4951] [M]: 0x800316F4 (0x00000593) addi a1, zero, 0
x11 <- 0x00000000


mem[X,0x800316F8] -> 0x0113
mem[X,0x800316FA] -> 0x0000
[4952] [M]: 0x800316F8 (0x00000113) addi sp, zero, 0
x2 <- 0x00000000


mem[X,0x800316FC] -> 0x006F
mem[X,0x800316FE] -> 0x00C0
[4953] [M]: 0x800316FC (0x00C0006F) jal zero, 12


mem[X,0x80031708] -> 0x4663
mem[X,0x8003170A] -> 0x00B5
[4954] [M]: 0x80031708 (0x00B54663) blt a0, a1, 12


mem[X,0x8003170C] -> 0x0113
mem[X,0x8003170E] -> 0x0021
[4955] [M]: 0x8003170C (0x00210113) addi sp, sp, 2
x2 <- 0x00000002


mem[X,0x80031710] -> 0x006F
mem[X,0x80031712] -> 0x00C0
[4956] [M]: 0x80031710 (0x00C0006F) jal zero, 12


mem[X,0x8003171C] -> 0xA023
mem[X,0x8003171E] -> 0x7E20
[4957] [M]: 0x8003171C (0x7E20A023) sw sp, 2016(ra)
mem[0x80038A48] <- 0x00000002


mem[X,0x80031720] -> 0xB537
mem[X,0x80031722] -> 0x0000
[4958] [M]: 0x80031720 (0x0000B537) lui a0, 11
x10 <- 0x0000B000


mem[X,0x80031724] -> 0x0513
mem[X,0x80031726] -> 0x5035
[4959] [M]: 0x80031724 (0x50350513) addi a0, a0, 1283
x10 <- 0x0000B503


mem[X,0x80031728] -> 0x0593
mem[X,0x8003172A] -> 0x0040
[4960] [M]: 0x80031728 (0x00400593) addi a1, zero, 4
x11 <- 0x00000004


mem[X,0x8003172C] -> 0x0113
mem[X,0x8003172E] -> 0x0000
[4961] [M]: 0x8003172C (0x00000113) addi sp, zero, 0
x2 <- 0x00000000


mem[X,0x80031730] -> 0x006F
mem[X,0x80031732] -> 0x00C0
[4962] [M]: 0x80031730 (0x00C0006F) jal zero, 12


mem[X,0x8003173C] -> 0x4663
mem[X,0x8003173E] -> 0x00B5
[4963] [M]: 0x8003173C (0x00B54663) blt a0, a1, 12


mem[X,0x80031740] -> 0x0113
mem[X,0x80031742] -> 0x0021
[4964] [M]: 0x80031740 (0x00210113) addi sp, sp, 2
x2 <- 0x00000002


mem[X,0x80031744] -> 0x006F
mem[X,0x80031746] -> 0x00C0
[4965] [M]: 0x80031744 (0x00C0006F) jal zero, 12


mem[X,0x80031750] -> 0xA223
mem[X,0x80031752] -> 0x7E20
[4966] [M]: 0x80031750 (0x7E20A223) sw sp, 2020(ra)
mem[0x80038A4C] <- 0x00000002


mem[X,0x80031754] -> 0xB537
mem[X,0x80031756] -> 0x0000
[4967] [M]: 0x80031754 (0x0000B537) lui a0, 11
x10 <- 0x0000B000


mem[X,0x80031758] -> 0x0513
mem[X,0x8003175A] -> 0x5035
[4968] [M]: 0x80031758 (0x50350513) addi a0, a0, 1283
x10 <- 0x0000B503


mem[X,0x8003175C] -> 0x35B7
mem[X,0x8003175E] -> 0x3333
[4969] [M]: 0x8003175C (0x333335B7) lui a1, 209715
x11 <- 0x33333000


mem[X,0x80031760] -> 0x8593
mem[X,0x80031762] -> 0x3325
[4970] [M]: 0x80031760 (0x33258593) addi a1, a1, 818
x11 <- 0x33333332


mem[X,0x80031764] -> 0x0113
mem[X,0x80031766] -> 0x0000
[4971] [M]: 0x80031764 (0x00000113) addi sp, zero, 0
x2 <- 0x00000000


mem[X,0x80031768] -> 0x006F
mem[X,0x8003176A] -> 0x00C0
[4972] [M]: 0x80031768 (0x00C0006F) jal zero, 12


mem[X,0x80031774] -> 0x4063
mem[X,0x80031776] -> 0x08B5
[4973] [M]: 0x80031774 (0x08B54063) blt a0, a1, 128


mem[X,0x800317F4] -> 0x0113
mem[X,0x800317F6] -> 0x0031
[4974] [M]: 0x800317F4 (0x00310113) addi sp, sp, 3
x2 <- 0x00000003


mem[X,0x800317F8] -> 0x006F
mem[X,0x800317FA] -> 0x0040
[4975] [M]: 0x800317F8 (0x0040006F) jal zero, 4


mem[X,0x800317FC] -> 0xA423
mem[X,0x800317FE] -> 0x7E20
[4976] [M]: 0x800317FC (0x7E20A423) sw sp, 2024(ra)
mem[0x80038A50] <- 0x00000003


mem[X,0x80031800] -> 0xB537
mem[X,0x80031802] -> 0x0000
[4977] [M]: 0x80031800 (0x0000B537) lui a0, 11
x10 <- 0x0000B000


mem[X,0x80031804] -> 0x0513
mem[X,0x80031806] -> 0x5035
[4978] [M]: 0x80031804 (0x50350513) addi a0, a0, 1283
x10 <- 0x0000B503


mem[X,0x80031808] -> 0x65B7
mem[X,0x8003180A] -> 0x6666
[4979] [M]: 0x80031808 (0x666665B7) lui a1, 419430
x11 <- 0x66666000


mem[X,0x8003180C] -> 0x8593
mem[X,0x8003180E] -> 0x6655
[4980] [M]: 0x8003180C (0x66558593) addi a1, a1, 1637
x11 <- 0x66666665


mem[X,0x80031810] -> 0x0113
mem[X,0x80031812] -> 0x0000
[4981] [M]: 0x80031810 (0x00000113) addi sp, zero, 0
x2 <- 0x00000000


mem[X,0x80031814] -> 0x006F
mem[X,0x80031816] -> 0x00C0
[4982] [M]: 0x80031814 (0x00C0006F) jal zero, 12


mem[X,0x80031820] -> 0x4063
mem[X,0x80031822] -> 0x40B5
[4983] [M]: 0x80031820 (0x40B54063) blt a0, a1, 1024


mem[X,0x80031C20] -> 0x0113
mem[X,0x80031C22] -> 0x0031
[4984] [M]: 0x80031C20 (0x00310113) addi sp, sp, 3
x2 <- 0x00000003


mem[X,0x80031C24] -> 0x006F
mem[X,0x80031C26] -> 0x0040
[4985] [M]: 0x80031C24 (0x0040006F) jal zero, 4


mem[X,0x80031C28] -> 0xA623
mem[X,0x80031C2A] -> 0x7E20
[4986] [M]: 0x80031C28 (0x7E20A623) sw sp, 2028(ra)
mem[0x80038A54] <- 0x00000003


mem[X,0x80031C2C] -> 0xB537
mem[X,0x80031C2E] -> 0x0000
[4987] [M]: 0x80031C2C (0x0000B537) lui a0, 11
x10 <- 0x0000B000


mem[X,0x80031C30] -> 0x0513
mem[X,0x80031C32] -> 0x5035
[4988] [M]: 0x80031C30 (0x50350513) addi a0, a0, 1283
x10 <- 0x0000B503


mem[X,0x80031C34] -> 0xB5B7
mem[X,0x80031C36] -> 0x0000
[4989] [M]: 0x80031C34 (0x0000B5B7) lui a1, 11
x11 <- 0x0000B000


mem[X,0x80031C38] -> 0x8593
mem[X,0x80031C3A] -> 0x5035
[4990] [M]: 0x80031C38 (0x50358593) addi a1, a1, 1283
x11 <- 0x0000B503


mem[X,0x80031C3C] -> 0x0113
mem[X,0x80031C3E] -> 0x0000
[4991] [M]: 0x80031C3C (0x00000113) addi sp, zero, 0
x2 <- 0x00000000


mem[X,0x80031C40] -> 0x006F
mem[X,0x80031C42] -> 0x00C0
[4992] [M]: 0x80031C40 (0x00C0006F) jal zero, 12


mem[X,0x80031C4C] -> 0x4CE3
mem[X,0x80031C4E] -> 0xFEB5
[4993] [M]: 0x80031C4C (0xFEB54CE3) blt a0, a1, 8184


mem[X,0x80031C50] -> 0x0113
mem[X,0x80031C52] -> 0x0021
[4994] [M]: 0x80031C50 (0x00210113) addi sp, sp, 2
x2 <- 0x00000002


mem[X,0x80031C54] -> 0x006F
mem[X,0x80031C56] -> 0x00C0
[4995] [M]: 0x80031C54 (0x00C0006F) jal zero, 12


mem[X,0x80031C60] -> 0xA823
mem[X,0x80031C62] -> 0x7E20
[4996] [M]: 0x80031C60 (0x7E20A823) sw sp, 2032(ra)
mem[0x80038A58] <- 0x00000002


mem[X,0x80031C64] -> 0xB537
mem[X,0x80031C66] -> 0x0000
[4997] [M]: 0x80031C64 (0x0000B537) lui a0, 11
x10 <- 0x0000B000


mem[X,0x80031C68] -> 0x0513
mem[X,0x80031C6A] -> 0x5035
[4998] [M]: 0x80031C68 (0x50350513) addi a0, a0, 1283
x10 <- 0x0000B503


mem[X,0x80031C6C] -> 0x55B7
mem[X,0x80031C6E] -> 0x5555
[4999] [M]: 0x80031C6C (0x555555B7) lui a1, 349525
x11 <- 0x55555000


clint::tick mtime <- 0x0000000000000032
 clint timer pending at mtime 0x0000000000000032
htif::tick 0x0000000000000000
mem[X,0x80031C70] -> 0x8593
mem[X,0x80031C72] -> 0x5565
[5000] [M]: 0x80031C70 (0x55658593) addi a1, a1, 1366
x11 <- 0x55555556


mem[X,0x80031C74] -> 0x0113
mem[X,0x80031C76] -> 0x0000
[5001] [M]: 0x80031C74 (0x00000113) addi sp, zero, 0
x2 <- 0x00000000


mem[X,0x80031C78] -> 0x006F
mem[X,0x80031C7A] -> 0x00C0
[5002] [M]: 0x80031C78 (0x00C0006F) jal zero, 12


mem[X,0x80031C84] -> 0x4CE3
mem[X,0x80031C86] -> 0xFEB5
[5003] [M]: 0x80031C84 (0xFEB54CE3) blt a0, a1, 8184


mem[X,0x80031C7C] -> 0x0113
mem[X,0x80031C7E] -> 0x0011
[5004] [M]: 0x80031C7C (0x00110113) addi sp, sp, 1
x2 <- 0x00000001


mem[X,0x80031C80] -> 0x006F
mem[X,0x80031C82] -> 0x0180
[5005] [M]: 0x80031C80 (0x0180006F) jal zero, 24


mem[X,0x80031C98] -> 0xAA23
mem[X,0x80031C9A] -> 0x7E20
[5006] [M]: 0x80031C98 (0x7E20AA23) sw sp, 2036(ra)
mem[0x80038A5C] <- 0x00000001


mem[X,0x80031C9C] -> 0xB537
mem[X,0x80031C9E] -> 0x0000
[5007] [M]: 0x80031C9C (0x0000B537) lui a0, 11
x10 <- 0x0000B000


mem[X,0x80031CA0] -> 0x0513
mem[X,0x80031CA2] -> 0x5035
[5008] [M]: 0x80031CA0 (0x50350513) addi a0, a0, 1283
x10 <- 0x0000B503


mem[X,0x80031CA4] -> 0xB5B7
mem[X,0x80031CA6] -> 0xAAAA
[5009] [M]: 0x80031CA4 (0xAAAAB5B7) lui a1, 699051
x11 <- 0xAAAAB000


mem[X,0x80031CA8] -> 0x8593
mem[X,0x80031CAA] -> 0xAAB5
[5010] [M]: 0x80031CA8 (0xAAB58593) addi a1, a1, 2731
x11 <- 0xAAAAAAAB


mem[X,0x80031CAC] -> 0x0113
mem[X,0x80031CAE] -> 0x0000
[5011] [M]: 0x80031CAC (0x00000113) addi sp, zero, 0
x2 <- 0x00000000


mem[X,0x80031CB0] -> 0x006F
mem[X,0x80031CB2] -> 0x00C0
[5012] [M]: 0x80031CB0 (0x00C0006F) jal zero, 12


mem[X,0x80031CBC] -> 0x4663
mem[X,0x80031CBE] -> 0x00B5
[5013] [M]: 0x80031CBC (0x00B54663) blt a0, a1, 12


mem[X,0x80031CC0] -> 0x0113
mem[X,0x80031CC2] -> 0x0021
[5014] [M]: 0x80031CC0 (0x00210113) addi sp, sp, 2
x2 <- 0x00000002


mem[X,0x80031CC4] -> 0x006F
mem[X,0x80031CC6] -> 0x00C0
[5015] [M]: 0x80031CC4 (0x00C0006F) jal zero, 12


mem[X,0x80031CD0] -> 0xAC23
mem[X,0x80031CD2] -> 0x7E20
[5016] [M]: 0x80031CD0 (0x7E20AC23) sw sp, 2040(ra)
mem[0x80038A60] <- 0x00000002


mem[X,0x80031CD4] -> 0xB537
mem[X,0x80031CD6] -> 0x0000
[5017] [M]: 0x80031CD4 (0x0000B537) lui a0, 11
x10 <- 0x0000B000


mem[X,0x80031CD8] -> 0x0513
mem[X,0x80031CDA] -> 0x5035
[5018] [M]: 0x80031CD8 (0x50350513) addi a0, a0, 1283
x10 <- 0x0000B503


mem[X,0x80031CDC] -> 0x0593
mem[X,0x80031CDE] -> 0x0060
[5019] [M]: 0x80031CDC (0x00600593) addi a1, zero, 6
x11 <- 0x00000006


mem[X,0x80031CE0] -> 0x0113
mem[X,0x80031CE2] -> 0x0000
[5020] [M]: 0x80031CE0 (0x00000113) addi sp, zero, 0
x2 <- 0x00000000


mem[X,0x80031CE4] -> 0x006F
mem[X,0x80031CE6] -> 0x00C0
[5021] [M]: 0x80031CE4 (0x00C0006F) jal zero, 12


mem[X,0x80031CF0] -> 0x4663
mem[X,0x80031CF2] -> 0x00B5
[5022] [M]: 0x80031CF0 (0x00B54663) blt a0, a1, 12


mem[X,0x80031CF4] -> 0x0113
mem[X,0x80031CF6] -> 0x0021
[5023] [M]: 0x80031CF4 (0x00210113) addi sp, sp, 2
x2 <- 0x00000002


mem[X,0x80031CF8] -> 0x006F
mem[X,0x80031CFA] -> 0x00C0
[5024] [M]: 0x80031CF8 (0x00C0006F) jal zero, 12


mem[X,0x80031D04] -> 0xAE23
mem[X,0x80031D06] -> 0x7E20
[5025] [M]: 0x80031D04 (0x7E20AE23) sw sp, 2044(ra)
mem[0x80038A64] <- 0x00000002


mem[X,0x80031D08] -> 0x7097
mem[X,0x80031D0A] -> 0x0000
[5026] [M]: 0x80031D08 (0x00007097) auipc ra, 7
x1 <- 0x80038D08


mem[X,0x80031D0C] -> 0x8093
mem[X,0x80031D0E] -> 0xD600
[5027] [M]: 0x80031D0C (0xD6008093) addi ra, ra, 3424
x1 <- 0x80038A68


mem[X,0x80031D10] -> 0xB537
mem[X,0x80031D12] -> 0x0000
[5028] [M]: 0x80031D10 (0x0000B537) lui a0, 11
x10 <- 0x0000B000


mem[X,0x80031D14] -> 0x0513
mem[X,0x80031D16] -> 0x5035
[5029] [M]: 0x80031D14 (0x50350513) addi a0, a0, 1283
x10 <- 0x0000B503


mem[X,0x80031D18] -> 0x35B7
mem[X,0x80031D1A] -> 0x3333
[5030] [M]: 0x80031D18 (0x333335B7) lui a1, 209715
x11 <- 0x33333000


mem[X,0x80031D1C] -> 0x8593
mem[X,0x80031D1E] -> 0x3345
[5031] [M]: 0x80031D1C (0x33458593) addi a1, a1, 820
x11 <- 0x33333334


mem[X,0x80031D20] -> 0x0113
mem[X,0x80031D22] -> 0x0000
[5032] [M]: 0x80031D20 (0x00000113) addi sp, zero, 0
x2 <- 0x00000000


mem[X,0x80031D24] -> 0x006F
mem[X,0x80031D26] -> 0x00C0
[5033] [M]: 0x80031D24 (0x00C0006F) jal zero, 12


mem[X,0x80031D30] -> 0x4663
mem[X,0x80031D32] -> 0x00B5
[5034] [M]: 0x80031D30 (0x00B54663) blt a0, a1, 12


mem[X,0x80031D3C] -> 0x0113
mem[X,0x80031D3E] -> 0x0031
[5035] [M]: 0x80031D3C (0x00310113) addi sp, sp, 3
x2 <- 0x00000003


mem[X,0x80031D40] -> 0x006F
mem[X,0x80031D42] -> 0x0040
[5036] [M]: 0x80031D40 (0x0040006F) jal zero, 4


mem[X,0x80031D44] -> 0xA023
mem[X,0x80031D46] -> 0x0020
[5037] [M]: 0x80031D44 (0x0020A023) sw sp, 0(ra)
mem[0x80038A68] <- 0x00000003


mem[X,0x80031D48] -> 0xB537
mem[X,0x80031D4A] -> 0x0000
[5038] [M]: 0x80031D48 (0x0000B537) lui a0, 11
x10 <- 0x0000B000


mem[X,0x80031D4C] -> 0x0513
mem[X,0x80031D4E] -> 0x5035
[5039] [M]: 0x80031D4C (0x50350513) addi a0, a0, 1283
x10 <- 0x0000B503


mem[X,0x80031D50] -> 0x65B7
mem[X,0x80031D52] -> 0x6666
[5040] [M]: 0x80031D50 (0x666665B7) lui a1, 419430
x11 <- 0x66666000


mem[X,0x80031D54] -> 0x8593
mem[X,0x80031D56] -> 0x6675
[5041] [M]: 0x80031D54 (0x66758593) addi a1, a1, 1639
x11 <- 0x66666667


mem[X,0x80031D58] -> 0x0113
mem[X,0x80031D5A] -> 0x0000
[5042] [M]: 0x80031D58 (0x00000113) addi sp, zero, 0
x2 <- 0x00000000


mem[X,0x80031D5C] -> 0x006F
mem[X,0x80031D5E] -> 0x00C0
[5043] [M]: 0x80031D5C (0x00C0006F) jal zero, 12


mem[X,0x80031D68] -> 0x4063
mem[X,0x80031D6A] -> 0x20B5
[5044] [M]: 0x80031D68 (0x20B54063) blt a0, a1, 512


mem[X,0x80031F68] -> 0x0113
mem[X,0x80031F6A] -> 0x0031
[5045] [M]: 0x80031F68 (0x00310113) addi sp, sp, 3
x2 <- 0x00000003


mem[X,0x80031F6C] -> 0x006F
mem[X,0x80031F6E] -> 0x0040
[5046] [M]: 0x80031F6C (0x0040006F) jal zero, 4


mem[X,0x80031F70] -> 0xA223
mem[X,0x80031F72] -> 0x0020
[5047] [M]: 0x80031F70 (0x0020A223) sw sp, 4(ra)
mem[0x80038A6C] <- 0x00000003


mem[X,0x80031F74] -> 0xB537
mem[X,0x80031F76] -> 0x0000
[5048] [M]: 0x80031F74 (0x0000B537) lui a0, 11
x10 <- 0x0000B000


mem[X,0x80031F78] -> 0x0513
mem[X,0x80031F7A] -> 0x5035
[5049] [M]: 0x80031F78 (0x50350513) addi a0, a0, 1283
x10 <- 0x0000B503


mem[X,0x80031F7C] -> 0x55B7
mem[X,0x80031F7E] -> 0xFFFF
[5050] [M]: 0x80031F7C (0xFFFF55B7) lui a1, 1048565
x11 <- 0xFFFF5000


mem[X,0x80031F80] -> 0x8593
mem[X,0x80031F82] -> 0xAFD5
[5051] [M]: 0x80031F80 (0xAFD58593) addi a1, a1, 2813
x11 <- 0xFFFF4AFD


mem[X,0x80031F84] -> 0x0113
mem[X,0x80031F86] -> 0x0000
[5052] [M]: 0x80031F84 (0x00000113) addi sp, zero, 0
x2 <- 0x00000000


mem[X,0x80031F88] -> 0x006F
mem[X,0x80031F8A] -> 0x00C0
[5053] [M]: 0x80031F88 (0x00C0006F) jal zero, 12


mem[X,0x80031F94] -> 0x4663
mem[X,0x80031F96] -> 0x00B5
[5054] [M]: 0x80031F94 (0x00B54663) blt a0, a1, 12


mem[X,0x80031F98] -> 0x0113
mem[X,0x80031F9A] -> 0x0021
[5055] [M]: 0x80031F98 (0x00210113) addi sp, sp, 2
x2 <- 0x00000002


mem[X,0x80031F9C] -> 0x006F
mem[X,0x80031F9E] -> 0x00C0
[5056] [M]: 0x80031F9C (0x00C0006F) jal zero, 12


mem[X,0x80031FA8] -> 0xA423
mem[X,0x80031FAA] -> 0x0020
[5057] [M]: 0x80031FA8 (0x0020A423) sw sp, 8(ra)
mem[0x80038A70] <- 0x00000002


mem[X,0x80031FAC] -> 0xB537
mem[X,0x80031FAE] -> 0x0000
[5058] [M]: 0x80031FAC (0x0000B537) lui a0, 11
x10 <- 0x0000B000


mem[X,0x80031FB0] -> 0x0513
mem[X,0x80031FB2] -> 0x5035
[5059] [M]: 0x80031FB0 (0x50350513) addi a0, a0, 1283
x10 <- 0x0000B503


mem[X,0x80031FB4] -> 0xB5B7
mem[X,0x80031FB6] -> 0x0000
[5060] [M]: 0x80031FB4 (0x0000B5B7) lui a1, 11
x11 <- 0x0000B000


mem[X,0x80031FB8] -> 0x8593
mem[X,0x80031FBA] -> 0x5055
[5061] [M]: 0x80031FB8 (0x50558593) addi a1, a1, 1285
x11 <- 0x0000B505


mem[X,0x80031FBC] -> 0x0113
mem[X,0x80031FBE] -> 0x0000
[5062] [M]: 0x80031FBC (0x00000113) addi sp, zero, 0
x2 <- 0x00000000


mem[X,0x80031FC0] -> 0x006F
mem[X,0x80031FC2] -> 0x00C0
[5063] [M]: 0x80031FC0 (0x00C0006F) jal zero, 12


mem[X,0x80031FCC] -> 0x4CE3
mem[X,0x80031FCE] -> 0xFEB5
[5064] [M]: 0x80031FCC (0xFEB54CE3) blt a0, a1, 8184


mem[X,0x80031FC4] -> 0x0113
mem[X,0x80031FC6] -> 0x0011
[5065] [M]: 0x80031FC4 (0x00110113) addi sp, sp, 1
x2 <- 0x00000001


mem[X,0x80031FC8] -> 0x006F
mem[X,0x80031FCA] -> 0x0180
[5066] [M]: 0x80031FC8 (0x0180006F) jal zero, 24


mem[X,0x80031FE0] -> 0xA623
mem[X,0x80031FE2] -> 0x0020
[5067] [M]: 0x80031FE0 (0x0020A623) sw sp, 12(ra)
mem[0x80038A74] <- 0x00000001


mem[X,0x80031FE4] -> 0x5537
mem[X,0x80031FE6] -> 0x5555
[5068] [M]: 0x80031FE4 (0x55555537) lui a0, 349525
x10 <- 0x55555000


mem[X,0x80031FE8] -> 0x0513
mem[X,0x80031FEA] -> 0x5565
[5069] [M]: 0x80031FE8 (0x55650513) addi a0, a0, 1366
x10 <- 0x55555556


mem[X,0x80031FEC] -> 0x0593
mem[X,0x80031FEE] -> 0x0030
[5070] [M]: 0x80031FEC (0x00300593) addi a1, zero, 3
x11 <- 0x00000003


mem[X,0x80031FF0] -> 0x0113
mem[X,0x80031FF2] -> 0x0000
[5071] [M]: 0x80031FF0 (0x00000113) addi sp, zero, 0
x2 <- 0x00000000


mem[X,0x80031FF4] -> 0x006F
mem[X,0x80031FF6] -> 0x00C0
[5072] [M]: 0x80031FF4 (0x00C0006F) jal zero, 12


mem[X,0x80032000] -> 0x4863
mem[X,0x80032002] -> 0x00B5
[5073] [M]: 0x80032000 (0x00B54863) blt a0, a1, 16


mem[X,0x80032004] -> 0x0113
mem[X,0x80032006] -> 0x0021
[5074] [M]: 0x80032004 (0x00210113) addi sp, sp, 2
x2 <- 0x00000002


mem[X,0x80032008] -> 0x006F
mem[X,0x8003200A] -> 0x0100
[5075] [M]: 0x80032008 (0x0100006F) jal zero, 16


mem[X,0x80032018] -> 0xA823
mem[X,0x8003201A] -> 0x0020
[5076] [M]: 0x80032018 (0x0020A823) sw sp, 16(ra)
mem[0x80038A78] <- 0x00000002


mem[X,0x8003201C] -> 0x5537
mem[X,0x8003201E] -> 0x5555
[5077] [M]: 0x8003201C (0x55555537) lui a0, 349525
x10 <- 0x55555000


mem[X,0x80032020] -> 0x0513
mem[X,0x80032022] -> 0x5565
[5078] [M]: 0x80032020 (0x55650513) addi a0, a0, 1366
x10 <- 0x55555556


mem[X,0x80032024] -> 0x55B7
mem[X,0x80032026] -> 0x5555
[5079] [M]: 0x80032024 (0x555555B7) lui a1, 349525
x11 <- 0x55555000


mem[X,0x80032028] -> 0x8593
mem[X,0x8003202A] -> 0x5555
[5080] [M]: 0x80032028 (0x55558593) addi a1, a1, 1365
x11 <- 0x55555555


mem[X,0x8003202C] -> 0x0113
mem[X,0x8003202E] -> 0x0000
[5081] [M]: 0x8003202C (0x00000113) addi sp, zero, 0
x2 <- 0x00000000


mem[X,0x80032030] -> 0x006F
mem[X,0x80032032] -> 0x0100
[5082] [M]: 0x80032030 (0x0100006F) jal zero, 16


mem[X,0x80032040] -> 0x4AE3
mem[X,0x80032042] -> 0xFEB5
[5083] [M]: 0x80032040 (0xFEB54AE3) blt a0, a1, 8180


mem[X,0x80032044] -> 0x0113
mem[X,0x80032046] -> 0x0021
[5084] [M]: 0x80032044 (0x00210113) addi sp, sp, 2
x2 <- 0x00000002


mem[X,0x80032048] -> 0x006F
mem[X,0x8003204A] -> 0x00C0
[5085] [M]: 0x80032048 (0x00C0006F) jal zero, 12


mem[X,0x80032054] -> 0xAA23
mem[X,0x80032056] -> 0x0020
[5086] [M]: 0x80032054 (0x0020AA23) sw sp, 20(ra)
mem[0x80038A7C] <- 0x00000002


mem[X,0x80032058] -> 0x5537
mem[X,0x8003205A] -> 0x5555
[5087] [M]: 0x80032058 (0x55555537) lui a0, 349525
x10 <- 0x55555000


mem[X,0x8003205C] -> 0x0513
mem[X,0x8003205E] -> 0x5565
[5088] [M]: 0x8003205C (0x55650513) addi a0, a0, 1366
x10 <- 0x55555556


mem[X,0x80032060] -> 0xB5B7
mem[X,0x80032062] -> 0xAAAA
[5089] [M]: 0x80032060 (0xAAAAB5B7) lui a1, 699051
x11 <- 0xAAAAB000


mem[X,0x80032064] -> 0x8593
mem[X,0x80032066] -> 0xAAA5
[5090] [M]: 0x80032064 (0xAAA58593) addi a1, a1, 2730
x11 <- 0xAAAAAAAA


mem[X,0x80032068] -> 0x0113
mem[X,0x8003206A] -> 0x0000
[5091] [M]: 0x80032068 (0x00000113) addi sp, zero, 0
x2 <- 0x00000000


mem[X,0x8003206C] -> 0x006F
mem[X,0x8003206E] -> 0x00C0
[5092] [M]: 0x8003206C (0x00C0006F) jal zero, 12


mem[X,0x80032078] -> 0x4CE3
mem[X,0x8003207A] -> 0xFEB5
[5093] [M]: 0x80032078 (0xFEB54CE3) blt a0, a1, 8184


mem[X,0x8003207C] -> 0x0113
mem[X,0x8003207E] -> 0x0021
[5094] [M]: 0x8003207C (0x00210113) addi sp, sp, 2
x2 <- 0x00000002


mem[X,0x80032080] -> 0x006F
mem[X,0x80032082] -> 0x00C0
[5095] [M]: 0x80032080 (0x00C0006F) jal zero, 12


mem[X,0x8003208C] -> 0xAC23
mem[X,0x8003208E] -> 0x0020
[5096] [M]: 0x8003208C (0x0020AC23) sw sp, 24(ra)
mem[0x80038A80] <- 0x00000002


mem[X,0x80032090] -> 0x5537
mem[X,0x80032092] -> 0x5555
[5097] [M]: 0x80032090 (0x55555537) lui a0, 349525
x10 <- 0x55555000


mem[X,0x80032094] -> 0x0513
mem[X,0x80032096] -> 0x5565
[5098] [M]: 0x80032094 (0x55650513) addi a0, a0, 1366
x10 <- 0x55555556


mem[X,0x80032098] -> 0x0593
mem[X,0x8003209A] -> 0x0050
[5099] [M]: 0x80032098 (0x00500593) addi a1, zero, 5
x11 <- 0x00000005


clint::tick mtime <- 0x0000000000000033
 clint timer pending at mtime 0x0000000000000033
htif::tick 0x0000000000000000
mem[X,0x8003209C] -> 0x0113
mem[X,0x8003209E] -> 0x0000
[5100] [M]: 0x8003209C (0x00000113) addi sp, zero, 0
x2 <- 0x00000000


mem[X,0x800320A0] -> 0x006F
mem[X,0x800320A2] -> 0x00C0
[5101] [M]: 0x800320A0 (0x00C0006F) jal zero, 12


mem[X,0x800320AC] -> 0x4063
mem[X,0x800320AE] -> 0x10B5
[5102] [M]: 0x800320AC (0x10B54063) blt a0, a1, 256


mem[X,0x800320B0] -> 0x0113
mem[X,0x800320B2] -> 0x0021
[5103] [M]: 0x800320B0 (0x00210113) addi sp, sp, 2
x2 <- 0x00000002


mem[X,0x800320B4] -> 0x006F
mem[X,0x800320B6] -> 0x1000
[5104] [M]: 0x800320B4 (0x1000006F) jal zero, 256


mem[X,0x800321B4] -> 0xAE23
mem[X,0x800321B6] -> 0x0020
[5105] [M]: 0x800321B4 (0x0020AE23) sw sp, 28(ra)
mem[0x80038A84] <- 0x00000002


mem[X,0x800321B8] -> 0x5537
mem[X,0x800321BA] -> 0x5555
[5106] [M]: 0x800321B8 (0x55555537) lui a0, 349525
x10 <- 0x55555000


mem[X,0x800321BC] -> 0x0513
mem[X,0x800321BE] -> 0x5565
[5107] [M]: 0x800321BC (0x55650513) addi a0, a0, 1366
x10 <- 0x55555556


mem[X,0x800321C0] -> 0x35B7
mem[X,0x800321C2] -> 0x3333
[5108] [M]: 0x800321C0 (0x333335B7) lui a1, 209715
x11 <- 0x33333000


mem[X,0x800321C4] -> 0x8593
mem[X,0x800321C6] -> 0x3335
[5109] [M]: 0x800321C4 (0x33358593) addi a1, a1, 819
x11 <- 0x33333333


mem[X,0x800321C8] -> 0x0113
mem[X,0x800321CA] -> 0x0000
[5110] [M]: 0x800321C8 (0x00000113) addi sp, zero, 0
x2 <- 0x00000000


mem[X,0x800321CC] -> 0x006F
mem[X,0x800321CE] -> 0x00C0
[5111] [M]: 0x800321CC (0x00C0006F) jal zero, 12


mem[X,0x800321D8] -> 0x4063
mem[X,0x800321DA] -> 0x40B5
[5112] [M]: 0x800321D8 (0x40B54063) blt a0, a1, 1024


mem[X,0x800321DC] -> 0x0113
mem[X,0x800321DE] -> 0x0021
[5113] [M]: 0x800321DC (0x00210113) addi sp, sp, 2
x2 <- 0x00000002


mem[X,0x800321E0] -> 0x006F
mem[X,0x800321E2] -> 0x4000
[5114] [M]: 0x800321E0 (0x4000006F) jal zero, 1024


mem[X,0x800325E0] -> 0xA023
mem[X,0x800325E2] -> 0x0220
[5115] [M]: 0x800325E0 (0x0220A023) sw sp, 32(ra)
mem[0x80038A88] <- 0x00000002


mem[X,0x800325E4] -> 0x5537
mem[X,0x800325E6] -> 0x5555
[5116] [M]: 0x800325E4 (0x55555537) lui a0, 349525
x10 <- 0x55555000


mem[X,0x800325E8] -> 0x0513
mem[X,0x800325EA] -> 0x5565
[5117] [M]: 0x800325E8 (0x55650513) addi a0, a0, 1366
x10 <- 0x55555556


mem[X,0x800325EC] -> 0x65B7
mem[X,0x800325EE] -> 0x6666
[5118] [M]: 0x800325EC (0x666665B7) lui a1, 419430
x11 <- 0x66666000


mem[X,0x800325F0] -> 0x8593
mem[X,0x800325F2] -> 0x6665
[5119] [M]: 0x800325F0 (0x66658593) addi a1, a1, 1638
x11 <- 0x66666666


mem[X,0x800325F4] -> 0x0113
mem[X,0x800325F6] -> 0x0000
[5120] [M]: 0x800325F4 (0x00000113) addi sp, zero, 0
x2 <- 0x00000000


mem[X,0x800325F8] -> 0x006F
mem[X,0x800325FA] -> 0x00C0
[5121] [M]: 0x800325F8 (0x00C0006F) jal zero, 12


mem[X,0x80032604] -> 0x4063
mem[X,0x80032606] -> 0x04B5
[5122] [M]: 0x80032604 (0x04B54063) blt a0, a1, 64


mem[X,0x80032644] -> 0x0113
mem[X,0x80032646] -> 0x0031
[5123] [M]: 0x80032644 (0x00310113) addi sp, sp, 3
x2 <- 0x00000003


mem[X,0x80032648] -> 0x006F
mem[X,0x8003264A] -> 0x0040
[5124] [M]: 0x80032648 (0x0040006F) jal zero, 4


mem[X,0x8003264C] -> 0xA223
mem[X,0x8003264E] -> 0x0220
[5125] [M]: 0x8003264C (0x0220A223) sw sp, 36(ra)
mem[0x80038A8C] <- 0x00000003


mem[X,0x80032650] -> 0x5537
mem[X,0x80032652] -> 0x5555
[5126] [M]: 0x80032650 (0x55555537) lui a0, 349525
x10 <- 0x55555000


mem[X,0x80032654] -> 0x0513
mem[X,0x80032656] -> 0x5565
[5127] [M]: 0x80032654 (0x55650513) addi a0, a0, 1366
x10 <- 0x55555556


mem[X,0x80032658] -> 0x55B7
mem[X,0x8003265A] -> 0xFFFF
[5128] [M]: 0x80032658 (0xFFFF55B7) lui a1, 1048565
x11 <- 0xFFFF5000


mem[X,0x8003265C] -> 0x8593
mem[X,0x8003265E] -> 0xAFC5
[5129] [M]: 0x8003265C (0xAFC58593) addi a1, a1, 2812
x11 <- 0xFFFF4AFC


mem[X,0x80032660] -> 0x0113
mem[X,0x80032662] -> 0x0000
[5130] [M]: 0x80032660 (0x00000113) addi sp, zero, 0
x2 <- 0x00000000


mem[X,0x80032664] -> 0x006F
mem[X,0x80032666] -> 0x00C0
[5131] [M]: 0x80032664 (0x00C0006F) jal zero, 12


mem[X,0x80032670] -> 0x4063
mem[X,0x80032672] -> 0x40B5
[5132] [M]: 0x80032670 (0x40B54063) blt a0, a1, 1024


mem[X,0x80032674] -> 0x0113
mem[X,0x80032676] -> 0x0021
[5133] [M]: 0x80032674 (0x00210113) addi sp, sp, 2
x2 <- 0x00000002


mem[X,0x80032678] -> 0x006F
mem[X,0x8003267A] -> 0x4000
[5134] [M]: 0x80032678 (0x4000006F) jal zero, 1024


mem[X,0x80032A78] -> 0xA423
mem[X,0x80032A7A] -> 0x0220
[5135] [M]: 0x80032A78 (0x0220A423) sw sp, 40(ra)
mem[0x80038A90] <- 0x00000002


mem[X,0x80032A7C] -> 0x5537
mem[X,0x80032A7E] -> 0x5555
[5136] [M]: 0x80032A7C (0x55555537) lui a0, 349525
x10 <- 0x55555000


mem[X,0x80032A80] -> 0x0513
mem[X,0x80032A82] -> 0x5565
[5137] [M]: 0x80032A80 (0x55650513) addi a0, a0, 1366
x10 <- 0x55555556


mem[X,0x80032A84] -> 0xB5B7
mem[X,0x80032A86] -> 0x0000
[5138] [M]: 0x80032A84 (0x0000B5B7) lui a1, 11
x11 <- 0x0000B000


mem[X,0x80032A88] -> 0x8593
mem[X,0x80032A8A] -> 0x5045
[5139] [M]: 0x80032A88 (0x50458593) addi a1, a1, 1284
x11 <- 0x0000B504


mem[X,0x80032A8C] -> 0x0113
mem[X,0x80032A8E] -> 0x0000
[5140] [M]: 0x80032A8C (0x00000113) addi sp, zero, 0
x2 <- 0x00000000


mem[X,0x80032A90] -> 0x006F
mem[X,0x80032A92] -> 0x0050
[5141] [M]: 0x80032A90 (0x0050006F) jal zero, 2052


mem[X,0x80033294] -> 0x40E3
mem[X,0x80033296] -> 0x80B5
[5142] [M]: 0x80033294 (0x80B540E3) blt a0, a1, 6144


mem[X,0x80033298] -> 0x0113
mem[X,0x8003329A] -> 0x0021
[5143] [M]: 0x80033298 (0x00210113) addi sp, sp, 2
x2 <- 0x00000002


mem[X,0x8003329C] -> 0x006F
mem[X,0x8003329E] -> 0x00C0
[5144] [M]: 0x8003329C (0x00C0006F) jal zero, 12


mem[X,0x800332A8] -> 0xA623
mem[X,0x800332AA] -> 0x0220
[5145] [M]: 0x800332A8 (0x0220A623) sw sp, 44(ra)
mem[0x80038A94] <- 0x00000002


mem[X,0x800332AC] -> 0x5537
mem[X,0x800332AE] -> 0x5555
[5146] [M]: 0x800332AC (0x55555537) lui a0, 349525
x10 <- 0x55555000


mem[X,0x800332B0] -> 0x0513
mem[X,0x800332B2] -> 0x5565
[5147] [M]: 0x800332B0 (0x55650513) addi a0, a0, 1366
x10 <- 0x55555556


mem[X,0x800332B4] -> 0x0593
mem[X,0x800332B6] -> 0x0020
[5148] [M]: 0x800332B4 (0x00200593) addi a1, zero, 2
x11 <- 0x00000002


mem[X,0x800332B8] -> 0x0113
mem[X,0x800332BA] -> 0x0000
[5149] [M]: 0x800332B8 (0x00000113) addi sp, zero, 0
x2 <- 0x00000000


mem[X,0x800332BC] -> 0x006F
mem[X,0x800332BE] -> 0x00C0
[5150] [M]: 0x800332BC (0x00C0006F) jal zero, 12


mem[X,0x800332C8] -> 0x4063
mem[X,0x800332CA] -> 0x40B5
[5151] [M]: 0x800332C8 (0x40B54063) blt a0, a1, 1024


mem[X,0x800332CC] -> 0x0113
mem[X,0x800332CE] -> 0x0021
[5152] [M]: 0x800332CC (0x00210113) addi sp, sp, 2
x2 <- 0x00000002


mem[X,0x800332D0] -> 0x006F
mem[X,0x800332D2] -> 0x4000
[5153] [M]: 0x800332D0 (0x4000006F) jal zero, 1024


mem[X,0x800336D0] -> 0xA823
mem[X,0x800336D2] -> 0x0220
[5154] [M]: 0x800336D0 (0x0220A823) sw sp, 48(ra)
mem[0x80038A98] <- 0x00000002


mem[X,0x800336D4] -> 0x5537
mem[X,0x800336D6] -> 0x5555
[5155] [M]: 0x800336D4 (0x55555537) lui a0, 349525
x10 <- 0x55555000


mem[X,0x800336D8] -> 0x0513
mem[X,0x800336DA] -> 0x5565
[5156] [M]: 0x800336D8 (0x55650513) addi a0, a0, 1366
x10 <- 0x55555556


mem[X,0x800336DC] -> 0x55B7
mem[X,0x800336DE] -> 0x5555
[5157] [M]: 0x800336DC (0x555555B7) lui a1, 349525
x11 <- 0x55555000


mem[X,0x800336E0] -> 0x8593
mem[X,0x800336E2] -> 0x5545
[5158] [M]: 0x800336E0 (0x55458593) addi a1, a1, 1364
x11 <- 0x55555554


mem[X,0x800336E4] -> 0x0113
mem[X,0x800336E6] -> 0x0000
[5159] [M]: 0x800336E4 (0x00000113) addi sp, zero, 0
x2 <- 0x00000000


mem[X,0x800336E8] -> 0x006F
mem[X,0x800336EA] -> 0x00C0
[5160] [M]: 0x800336E8 (0x00C0006F) jal zero, 12


mem[X,0x800336F4] -> 0x4CE3
mem[X,0x800336F6] -> 0xFEB5
[5161] [M]: 0x800336F4 (0xFEB54CE3) blt a0, a1, 8184


mem[X,0x800336F8] -> 0x0113
mem[X,0x800336FA] -> 0x0021
[5162] [M]: 0x800336F8 (0x00210113) addi sp, sp, 2
x2 <- 0x00000002


mem[X,0x800336FC] -> 0x006F
mem[X,0x800336FE] -> 0x00C0
[5163] [M]: 0x800336FC (0x00C0006F) jal zero, 12


mem[X,0x80033708] -> 0xAA23
mem[X,0x8003370A] -> 0x0220
[5164] [M]: 0x80033708 (0x0220AA23) sw sp, 52(ra)
mem[0x80038A9C] <- 0x00000002


mem[X,0x8003370C] -> 0x5537
mem[X,0x8003370E] -> 0x5555
[5165] [M]: 0x8003370C (0x55555537) lui a0, 349525
x10 <- 0x55555000


mem[X,0x80033710] -> 0x0513
mem[X,0x80033712] -> 0x5565
[5166] [M]: 0x80033710 (0x55650513) addi a0, a0, 1366
x10 <- 0x55555556


mem[X,0x80033714] -> 0x0593
mem[X,0x80033716] -> 0x0000
[5167] [M]: 0x80033714 (0x00000593) addi a1, zero, 0
x11 <- 0x00000000


mem[X,0x80033718] -> 0x0113
mem[X,0x8003371A] -> 0x0000
[5168] [M]: 0x80033718 (0x00000113) addi sp, zero, 0
x2 <- 0x00000000


mem[X,0x8003371C] -> 0x006F
mem[X,0x8003371E] -> 0x00C0
[5169] [M]: 0x8003371C (0x00C0006F) jal zero, 12


mem[X,0x80033728] -> 0x4CE3
mem[X,0x8003372A] -> 0xFEB5
[5170] [M]: 0x80033728 (0xFEB54CE3) blt a0, a1, 8184


mem[X,0x8003372C] -> 0x0113
mem[X,0x8003372E] -> 0x0021
[5171] [M]: 0x8003372C (0x00210113) addi sp, sp, 2
x2 <- 0x00000002


mem[X,0x80033730] -> 0x006F
mem[X,0x80033732] -> 0x00C0
[5172] [M]: 0x80033730 (0x00C0006F) jal zero, 12


mem[X,0x8003373C] -> 0xAC23
mem[X,0x8003373E] -> 0x0220
[5173] [M]: 0x8003373C (0x0220AC23) sw sp, 56(ra)
mem[0x80038AA0] <- 0x00000002


mem[X,0x80033740] -> 0x5537
mem[X,0x80033742] -> 0x5555
[5174] [M]: 0x80033740 (0x55555537) lui a0, 349525
x10 <- 0x55555000


mem[X,0x80033744] -> 0x0513
mem[X,0x80033746] -> 0x5565
[5175] [M]: 0x80033744 (0x55650513) addi a0, a0, 1366
x10 <- 0x55555556


mem[X,0x80033748] -> 0x0593
mem[X,0x8003374A] -> 0x0040
[5176] [M]: 0x80033748 (0x00400593) addi a1, zero, 4
x11 <- 0x00000004


mem[X,0x8003374C] -> 0x0113
mem[X,0x8003374E] -> 0x0000
[5177] [M]: 0x8003374C (0x00000113) addi sp, zero, 0
x2 <- 0x00000000


mem[X,0x80033750] -> 0x006F
mem[X,0x80033752] -> 0x00C0
[5178] [M]: 0x80033750 (0x00C0006F) jal zero, 12


mem[X,0x8003375C] -> 0x4863
mem[X,0x8003375E] -> 0x00B5
[5179] [M]: 0x8003375C (0x00B54863) blt a0, a1, 16


mem[X,0x80033760] -> 0x0113
mem[X,0x80033762] -> 0x0021
[5180] [M]: 0x80033760 (0x00210113) addi sp, sp, 2
x2 <- 0x00000002


mem[X,0x80033764] -> 0x006F
mem[X,0x80033766] -> 0x0100
[5181] [M]: 0x80033764 (0x0100006F) jal zero, 16


mem[X,0x80033774] -> 0xAE23
mem[X,0x80033776] -> 0x0220
[5182] [M]: 0x80033774 (0x0220AE23) sw sp, 60(ra)
mem[0x80038AA4] <- 0x00000002


mem[X,0x80033778] -> 0x5537
mem[X,0x8003377A] -> 0x5555
[5183] [M]: 0x80033778 (0x55555537) lui a0, 349525
x10 <- 0x55555000


mem[X,0x8003377C] -> 0x0513
mem[X,0x8003377E] -> 0x5565
[5184] [M]: 0x8003377C (0x55650513) addi a0, a0, 1366
x10 <- 0x55555556


mem[X,0x80033780] -> 0x35B7
mem[X,0x80033782] -> 0x3333
[5185] [M]: 0x80033780 (0x333335B7) lui a1, 209715
x11 <- 0x33333000


mem[X,0x80033784] -> 0x8593
mem[X,0x80033786] -> 0x3325
[5186] [M]: 0x80033784 (0x33258593) addi a1, a1, 818
x11 <- 0x33333332


mem[X,0x80033788] -> 0x0113
mem[X,0x8003378A] -> 0x0000
[5187] [M]: 0x80033788 (0x00000113) addi sp, zero, 0
x2 <- 0x00000000


mem[X,0x8003378C] -> 0x006F
mem[X,0x8003378E] -> 0x0100
[5188] [M]: 0x8003378C (0x0100006F) jal zero, 16


mem[X,0x8003379C] -> 0x4AE3
mem[X,0x8003379E] -> 0xFEB5
[5189] [M]: 0x8003379C (0xFEB54AE3) blt a0, a1, 8180


mem[X,0x800337A0] -> 0x0113
mem[X,0x800337A2] -> 0x0021
[5190] [M]: 0x800337A0 (0x00210113) addi sp, sp, 2
x2 <- 0x00000002


mem[X,0x800337A4] -> 0x006F
mem[X,0x800337A6] -> 0x00C0
[5191] [M]: 0x800337A4 (0x00C0006F) jal zero, 12


mem[X,0x800337B0] -> 0xA023
mem[X,0x800337B2] -> 0x0420
[5192] [M]: 0x800337B0 (0x0420A023) sw sp, 64(ra)
mem[0x80038AA8] <- 0x00000002


mem[X,0x800337B4] -> 0x5537
mem[X,0x800337B6] -> 0x5555
[5193] [M]: 0x800337B4 (0x55555537) lui a0, 349525
x10 <- 0x55555000


mem[X,0x800337B8] -> 0x0513
mem[X,0x800337BA] -> 0x5565
[5194] [M]: 0x800337B8 (0x55650513) addi a0, a0, 1366
x10 <- 0x55555556


mem[X,0x800337BC] -> 0x65B7
mem[X,0x800337BE] -> 0x6666
[5195] [M]: 0x800337BC (0x666665B7) lui a1, 419430
x11 <- 0x66666000


mem[X,0x800337C0] -> 0x8593
mem[X,0x800337C2] -> 0x6655
[5196] [M]: 0x800337C0 (0x66558593) addi a1, a1, 1637
x11 <- 0x66666665


mem[X,0x800337C4] -> 0x0113
mem[X,0x800337C6] -> 0x0000
[5197] [M]: 0x800337C4 (0x00000113) addi sp, zero, 0
x2 <- 0x00000000


mem[X,0x800337C8] -> 0x006F
mem[X,0x800337CA] -> 0x00C0
[5198] [M]: 0x800337C8 (0x00C0006F) jal zero, 12


mem[X,0x800337D4] -> 0x4063
mem[X,0x800337D6] -> 0x20B5
[5199] [M]: 0x800337D4 (0x20B54063) blt a0, a1, 512


clint::tick mtime <- 0x0000000000000034
 clint timer pending at mtime 0x0000000000000034
htif::tick 0x0000000000000000
mem[X,0x800339D4] -> 0x0113
mem[X,0x800339D6] -> 0x0031
[5200] [M]: 0x800339D4 (0x00310113) addi sp, sp, 3
x2 <- 0x00000003


mem[X,0x800339D8] -> 0x006F
mem[X,0x800339DA] -> 0x0040
[5201] [M]: 0x800339D8 (0x0040006F) jal zero, 4


mem[X,0x800339DC] -> 0xA223
mem[X,0x800339DE] -> 0x0420
[5202] [M]: 0x800339DC (0x0420A223) sw sp, 68(ra)
mem[0x80038AAC] <- 0x00000003


mem[X,0x800339E0] -> 0x5537
mem[X,0x800339E2] -> 0x5555
[5203] [M]: 0x800339E0 (0x55555537) lui a0, 349525
x10 <- 0x55555000


mem[X,0x800339E4] -> 0x0513
mem[X,0x800339E6] -> 0x5565
[5204] [M]: 0x800339E4 (0x55650513) addi a0, a0, 1366
x10 <- 0x55555556


mem[X,0x800339E8] -> 0xB5B7
mem[X,0x800339EA] -> 0x0000
[5205] [M]: 0x800339E8 (0x0000B5B7) lui a1, 11
x11 <- 0x0000B000


mem[X,0x800339EC] -> 0x8593
mem[X,0x800339EE] -> 0x5035
[5206] [M]: 0x800339EC (0x50358593) addi a1, a1, 1283
x11 <- 0x0000B503


mem[X,0x800339F0] -> 0x0113
mem[X,0x800339F2] -> 0x0000
[5207] [M]: 0x800339F0 (0x00000113) addi sp, zero, 0
x2 <- 0x00000000


mem[X,0x800339F4] -> 0x006F
mem[X,0x800339F6] -> 0x0180
[5208] [M]: 0x800339F4 (0x0180006F) jal zero, 24


mem[X,0x80033A0C] -> 0x46E3
mem[X,0x80033A0E] -> 0xFEB5
[5209] [M]: 0x80033A0C (0xFEB546E3) blt a0, a1, 8172


mem[X,0x80033A10] -> 0x0113
mem[X,0x80033A12] -> 0x0021
[5210] [M]: 0x80033A10 (0x00210113) addi sp, sp, 2
x2 <- 0x00000002


mem[X,0x80033A14] -> 0x006F
mem[X,0x80033A16] -> 0x00C0
[5211] [M]: 0x80033A14 (0x00C0006F) jal zero, 12


mem[X,0x80033A20] -> 0xA423
mem[X,0x80033A22] -> 0x0420
[5212] [M]: 0x80033A20 (0x0420A423) sw sp, 72(ra)
mem[0x80038AB0] <- 0x00000002


mem[X,0x80033A24] -> 0x5537
mem[X,0x80033A26] -> 0x5555
[5213] [M]: 0x80033A24 (0x55555537) lui a0, 349525
x10 <- 0x55555000


mem[X,0x80033A28] -> 0x0513
mem[X,0x80033A2A] -> 0x5565
[5214] [M]: 0x80033A28 (0x55650513) addi a0, a0, 1366
x10 <- 0x55555556


mem[X,0x80033A2C] -> 0x55B7
mem[X,0x80033A2E] -> 0x5555
[5215] [M]: 0x80033A2C (0x555555B7) lui a1, 349525
x11 <- 0x55555000


mem[X,0x80033A30] -> 0x8593
mem[X,0x80033A32] -> 0x5565
[5216] [M]: 0x80033A30 (0x55658593) addi a1, a1, 1366
x11 <- 0x55555556


mem[X,0x80033A34] -> 0x0113
mem[X,0x80033A36] -> 0x0000
[5217] [M]: 0x80033A34 (0x00000113) addi sp, zero, 0
x2 <- 0x00000000


mem[X,0x80033A38] -> 0x006F
mem[X,0x80033A3A] -> 0x00C0
[5218] [M]: 0x80033A38 (0x00C0006F) jal zero, 12


mem[X,0x80033A44] -> 0x4063
mem[X,0x80033A46] -> 0x10B5
[5219] [M]: 0x80033A44 (0x10B54063) blt a0, a1, 256


mem[X,0x80033A48] -> 0x0113
mem[X,0x80033A4A] -> 0x0021
[5220] [M]: 0x80033A48 (0x00210113) addi sp, sp, 2
x2 <- 0x00000002


mem[X,0x80033A4C] -> 0x006F
mem[X,0x80033A4E] -> 0x1000
[5221] [M]: 0x80033A4C (0x1000006F) jal zero, 256


mem[X,0x80033B4C] -> 0xA623
mem[X,0x80033B4E] -> 0x0420
[5222] [M]: 0x80033B4C (0x0420A623) sw sp, 76(ra)
mem[0x80038AB4] <- 0x00000002


mem[X,0x80033B50] -> 0x5537
mem[X,0x80033B52] -> 0x5555
[5223] [M]: 0x80033B50 (0x55555537) lui a0, 349525
x10 <- 0x55555000


mem[X,0x80033B54] -> 0x0513
mem[X,0x80033B56] -> 0x5565
[5224] [M]: 0x80033B54 (0x55650513) addi a0, a0, 1366
x10 <- 0x55555556


mem[X,0x80033B58] -> 0xB5B7
mem[X,0x80033B5A] -> 0xAAAA
[5225] [M]: 0x80033B58 (0xAAAAB5B7) lui a1, 699051
x11 <- 0xAAAAB000


mem[X,0x80033B5C] -> 0x8593
mem[X,0x80033B5E] -> 0xAAB5
[5226] [M]: 0x80033B5C (0xAAB58593) addi a1, a1, 2731
x11 <- 0xAAAAAAAB


mem[X,0x80033B60] -> 0x0113
mem[X,0x80033B62] -> 0x0000
[5227] [M]: 0x80033B60 (0x00000113) addi sp, zero, 0
x2 <- 0x00000000


mem[X,0x80033B64] -> 0x006F
mem[X,0x80033B66] -> 0x0180
[5228] [M]: 0x80033B64 (0x0180006F) jal zero, 24


mem[X,0x80033B7C] -> 0x46E3
mem[X,0x80033B7E] -> 0xFEB5
[5229] [M]: 0x80033B7C (0xFEB546E3) blt a0, a1, 8172


mem[X,0x80033B80] -> 0x0113
mem[X,0x80033B82] -> 0x0021
[5230] [M]: 0x80033B80 (0x00210113) addi sp, sp, 2
x2 <- 0x00000002


mem[X,0x80033B84] -> 0x006F
mem[X,0x80033B86] -> 0x00C0
[5231] [M]: 0x80033B84 (0x00C0006F) jal zero, 12


mem[X,0x80033B90] -> 0xA823
mem[X,0x80033B92] -> 0x0420
[5232] [M]: 0x80033B90 (0x0420A823) sw sp, 80(ra)
mem[0x80038AB8] <- 0x00000002


mem[X,0x80033B94] -> 0x5537
mem[X,0x80033B96] -> 0x5555
[5233] [M]: 0x80033B94 (0x55555537) lui a0, 349525
x10 <- 0x55555000


mem[X,0x80033B98] -> 0x0513
mem[X,0x80033B9A] -> 0x5565
[5234] [M]: 0x80033B98 (0x55650513) addi a0, a0, 1366
x10 <- 0x55555556


mem[X,0x80033B9C] -> 0x0593
mem[X,0x80033B9E] -> 0x0060
[5235] [M]: 0x80033B9C (0x00600593) addi a1, zero, 6
x11 <- 0x00000006


mem[X,0x80033BA0] -> 0x0113
mem[X,0x80033BA2] -> 0x0000
[5236] [M]: 0x80033BA0 (0x00000113) addi sp, zero, 0
x2 <- 0x00000000


mem[X,0x80033BA4] -> 0x006F
mem[X,0x80033BA6] -> 0x0140
[5237] [M]: 0x80033BA4 (0x0140006F) jal zero, 20


mem[X,0x80033BB8] -> 0x48E3
mem[X,0x80033BBA] -> 0xFEB5
[5238] [M]: 0x80033BB8 (0xFEB548E3) blt a0, a1, 8176


mem[X,0x80033BBC] -> 0x0113
mem[X,0x80033BBE] -> 0x0021
[5239] [M]: 0x80033BBC (0x00210113) addi sp, sp, 2
x2 <- 0x00000002


mem[X,0x80033BC0] -> 0x006F
mem[X,0x80033BC2] -> 0x00C0
[5240] [M]: 0x80033BC0 (0x00C0006F) jal zero, 12


mem[X,0x80033BCC] -> 0xAA23
mem[X,0x80033BCE] -> 0x0420
[5241] [M]: 0x80033BCC (0x0420AA23) sw sp, 84(ra)
mem[0x80038ABC] <- 0x00000002


mem[X,0x80033BD0] -> 0x5537
mem[X,0x80033BD2] -> 0x5555
[5242] [M]: 0x80033BD0 (0x55555537) lui a0, 349525
x10 <- 0x55555000


mem[X,0x80033BD4] -> 0x0513
mem[X,0x80033BD6] -> 0x5565
[5243] [M]: 0x80033BD4 (0x55650513) addi a0, a0, 1366
x10 <- 0x55555556


mem[X,0x80033BD8] -> 0x35B7
mem[X,0x80033BDA] -> 0x3333
[5244] [M]: 0x80033BD8 (0x333335B7) lui a1, 209715
x11 <- 0x33333000


mem[X,0x80033BDC] -> 0x8593
mem[X,0x80033BDE] -> 0x3345
[5245] [M]: 0x80033BDC (0x33458593) addi a1, a1, 820
x11 <- 0x33333334


mem[X,0x80033BE0] -> 0x0113
mem[X,0x80033BE2] -> 0x0000
[5246] [M]: 0x80033BE0 (0x00000113) addi sp, zero, 0
x2 <- 0x00000000


mem[X,0x80033BE4] -> 0x006F
mem[X,0x80033BE6] -> 0x00C0
[5247] [M]: 0x80033BE4 (0x00C0006F) jal zero, 12


mem[X,0x80033BF0] -> 0x4063
mem[X,0x80033BF2] -> 0x20B5
[5248] [M]: 0x80033BF0 (0x20B54063) blt a0, a1, 512


mem[X,0x80033BF4] -> 0x0113
mem[X,0x80033BF6] -> 0x0021
[5249] [M]: 0x80033BF4 (0x00210113) addi sp, sp, 2
x2 <- 0x00000002


mem[X,0x80033BF8] -> 0x006F
mem[X,0x80033BFA] -> 0x2000
[5250] [M]: 0x80033BF8 (0x2000006F) jal zero, 512


mem[X,0x80033DF8] -> 0xAC23
mem[X,0x80033DFA] -> 0x0420
[5251] [M]: 0x80033DF8 (0x0420AC23) sw sp, 88(ra)
mem[0x80038AC0] <- 0x00000002


mem[X,0x80033DFC] -> 0x5537
mem[X,0x80033DFE] -> 0x5555
[5252] [M]: 0x80033DFC (0x55555537) lui a0, 349525
x10 <- 0x55555000


mem[X,0x80033E00] -> 0x0513
mem[X,0x80033E02] -> 0x5565
[5253] [M]: 0x80033E00 (0x55650513) addi a0, a0, 1366
x10 <- 0x55555556


mem[X,0x80033E04] -> 0x65B7
mem[X,0x80033E06] -> 0x6666
[5254] [M]: 0x80033E04 (0x666665B7) lui a1, 419430
x11 <- 0x66666000


mem[X,0x80033E08] -> 0x8593
mem[X,0x80033E0A] -> 0x6675
[5255] [M]: 0x80033E08 (0x66758593) addi a1, a1, 1639
x11 <- 0x66666667


mem[X,0x80033E0C] -> 0x0113
mem[X,0x80033E0E] -> 0x0000
[5256] [M]: 0x80033E0C (0x00000113) addi sp, zero, 0
x2 <- 0x00000000


mem[X,0x80033E10] -> 0x006F
mem[X,0x80033E12] -> 0x00C0
[5257] [M]: 0x80033E10 (0x00C0006F) jal zero, 12


mem[X,0x80033E1C] -> 0x4063
mem[X,0x80033E1E] -> 0x40B5
[5258] [M]: 0x80033E1C (0x40B54063) blt a0, a1, 1024


mem[X,0x8003421C] -> 0x0113
mem[X,0x8003421E] -> 0x0031
[5259] [M]: 0x8003421C (0x00310113) addi sp, sp, 3
x2 <- 0x00000003


mem[X,0x80034220] -> 0x006F
mem[X,0x80034222] -> 0x0040
[5260] [M]: 0x80034220 (0x0040006F) jal zero, 4


mem[X,0x80034224] -> 0xAE23
mem[X,0x80034226] -> 0x0420
[5261] [M]: 0x80034224 (0x0420AE23) sw sp, 92(ra)
mem[0x80038AC4] <- 0x00000003


mem[X,0x80034228] -> 0x5537
mem[X,0x8003422A] -> 0x5555
[5262] [M]: 0x80034228 (0x55555537) lui a0, 349525
x10 <- 0x55555000


mem[X,0x8003422C] -> 0x0513
mem[X,0x8003422E] -> 0x5565
[5263] [M]: 0x8003422C (0x55650513) addi a0, a0, 1366
x10 <- 0x55555556


mem[X,0x80034230] -> 0x55B7
mem[X,0x80034232] -> 0xFFFF
[5264] [M]: 0x80034230 (0xFFFF55B7) lui a1, 1048565
x11 <- 0xFFFF5000


mem[X,0x80034234] -> 0x8593
mem[X,0x80034236] -> 0xAFD5
[5265] [M]: 0x80034234 (0xAFD58593) addi a1, a1, 2813
x11 <- 0xFFFF4AFD


mem[X,0x80034238] -> 0x0113
mem[X,0x8003423A] -> 0x0000
[5266] [M]: 0x80034238 (0x00000113) addi sp, zero, 0
x2 <- 0x00000000


mem[X,0x8003423C] -> 0x006F
mem[X,0x8003423E] -> 0x00C0
[5267] [M]: 0x8003423C (0x00C0006F) jal zero, 12


mem[X,0x80034248] -> 0x4863
mem[X,0x8003424A] -> 0x00B5
[5268] [M]: 0x80034248 (0x00B54863) blt a0, a1, 16


mem[X,0x8003424C] -> 0x0113
mem[X,0x8003424E] -> 0x0021
[5269] [M]: 0x8003424C (0x00210113) addi sp, sp, 2
x2 <- 0x00000002


mem[X,0x80034250] -> 0x006F
mem[X,0x80034252] -> 0x0100
[5270] [M]: 0x80034250 (0x0100006F) jal zero, 16


mem[X,0x80034260] -> 0xA023
mem[X,0x80034262] -> 0x0620
[5271] [M]: 0x80034260 (0x0620A023) sw sp, 96(ra)
mem[0x80038AC8] <- 0x00000002


mem[X,0x80034264] -> 0x5537
mem[X,0x80034266] -> 0x5555
[5272] [M]: 0x80034264 (0x55555537) lui a0, 349525
x10 <- 0x55555000


mem[X,0x80034268] -> 0x0513
mem[X,0x8003426A] -> 0x5565
[5273] [M]: 0x80034268 (0x55650513) addi a0, a0, 1366
x10 <- 0x55555556


mem[X,0x8003426C] -> 0xB5B7
mem[X,0x8003426E] -> 0x0000
[5274] [M]: 0x8003426C (0x0000B5B7) lui a1, 11
x11 <- 0x0000B000


mem[X,0x80034270] -> 0x8593
mem[X,0x80034272] -> 0x5055
[5275] [M]: 0x80034270 (0x50558593) addi a1, a1, 1285
x11 <- 0x0000B505


mem[X,0x80034274] -> 0x0113
mem[X,0x80034276] -> 0x0000
[5276] [M]: 0x80034274 (0x00000113) addi sp, zero, 0
x2 <- 0x00000000


mem[X,0x80034278] -> 0x006F
mem[X,0x8003427A] -> 0x0180
[5277] [M]: 0x80034278 (0x0180006F) jal zero, 24


mem[X,0x80034290] -> 0x46E3
mem[X,0x80034292] -> 0xFEB5
[5278] [M]: 0x80034290 (0xFEB546E3) blt a0, a1, 8172


mem[X,0x80034294] -> 0x0113
mem[X,0x80034296] -> 0x0021
[5279] [M]: 0x80034294 (0x00210113) addi sp, sp, 2
x2 <- 0x00000002


mem[X,0x80034298] -> 0x006F
mem[X,0x8003429A] -> 0x00C0
[5280] [M]: 0x80034298 (0x00C0006F) jal zero, 12


mem[X,0x800342A4] -> 0xA223
mem[X,0x800342A6] -> 0x0620
[5281] [M]: 0x800342A4 (0x0620A223) sw sp, 100(ra)
mem[0x80038ACC] <- 0x00000002


mem[X,0x800342A8] -> 0xB537
mem[X,0x800342AA] -> 0xAAAA
[5282] [M]: 0x800342A8 (0xAAAAB537) lui a0, 699051
x10 <- 0xAAAAB000


mem[X,0x800342AC] -> 0x0513
mem[X,0x800342AE] -> 0xAAB5
[5283] [M]: 0x800342AC (0xAAB50513) addi a0, a0, 2731
x10 <- 0xAAAAAAAB


mem[X,0x800342B0] -> 0x0593
mem[X,0x800342B2] -> 0x0030
[5284] [M]: 0x800342B0 (0x00300593) addi a1, zero, 3
x11 <- 0x00000003


mem[X,0x800342B4] -> 0x0113
mem[X,0x800342B6] -> 0x0000
[5285] [M]: 0x800342B4 (0x00000113) addi sp, zero, 0
x2 <- 0x00000000


mem[X,0x800342B8] -> 0x006F
mem[X,0x800342BA] -> 0x0180
[5286] [M]: 0x800342B8 (0x0180006F) jal zero, 24


mem[X,0x800342D0] -> 0x46E3
mem[X,0x800342D2] -> 0xFEB5
[5287] [M]: 0x800342D0 (0xFEB546E3) blt a0, a1, 8172


mem[X,0x800342BC] -> 0x0113
mem[X,0x800342BE] -> 0x0011
[5288] [M]: 0x800342BC (0x00110113) addi sp, sp, 1
x2 <- 0x00000001


mem[X,0x800342C0] -> 0x006F
mem[X,0x800342C2] -> 0x0240
[5289] [M]: 0x800342C0 (0x0240006F) jal zero, 36


mem[X,0x800342E4] -> 0xA423
mem[X,0x800342E6] -> 0x0620
[5290] [M]: 0x800342E4 (0x0620A423) sw sp, 104(ra)
mem[0x80038AD0] <- 0x00000001


mem[X,0x800342E8] -> 0xB537
mem[X,0x800342EA] -> 0xAAAA
[5291] [M]: 0x800342E8 (0xAAAAB537) lui a0, 699051
x10 <- 0xAAAAB000


mem[X,0x800342EC] -> 0x0513
mem[X,0x800342EE] -> 0xAAB5
[5292] [M]: 0x800342EC (0xAAB50513) addi a0, a0, 2731
x10 <- 0xAAAAAAAB


mem[X,0x800342F0] -> 0x55B7
mem[X,0x800342F2] -> 0x5555
[5293] [M]: 0x800342F0 (0x555555B7) lui a1, 349525
x11 <- 0x55555000


mem[X,0x800342F4] -> 0x8593
mem[X,0x800342F6] -> 0x5555
[5294] [M]: 0x800342F4 (0x55558593) addi a1, a1, 1365
x11 <- 0x55555555


mem[X,0x800342F8] -> 0x0113
mem[X,0x800342FA] -> 0x0000
[5295] [M]: 0x800342F8 (0x00000113) addi sp, zero, 0
x2 <- 0x00000000


mem[X,0x800342FC] -> 0x006F
mem[X,0x800342FE] -> 0x00C0
[5296] [M]: 0x800342FC (0x00C0006F) jal zero, 12


mem[X,0x80034308] -> 0x4063
mem[X,0x8003430A] -> 0x20B5
[5297] [M]: 0x80034308 (0x20B54063) blt a0, a1, 512


mem[X,0x80034508] -> 0x0113
mem[X,0x8003450A] -> 0x0031
[5298] [M]: 0x80034508 (0x00310113) addi sp, sp, 3
x2 <- 0x00000003


mem[X,0x8003450C] -> 0x006F
mem[X,0x8003450E] -> 0x0040
[5299] [M]: 0x8003450C (0x0040006F) jal zero, 4


clint::tick mtime <- 0x0000000000000035
 clint timer pending at mtime 0x0000000000000035
htif::tick 0x0000000000000000
mem[X,0x80034510] -> 0xA623
mem[X,0x80034512] -> 0x0620
[5300] [M]: 0x80034510 (0x0620A623) sw sp, 108(ra)
mem[0x80038AD4] <- 0x00000003


mem[X,0x80034514] -> 0xB537
mem[X,0x80034516] -> 0xAAAA
[5301] [M]: 0x80034514 (0xAAAAB537) lui a0, 699051
x10 <- 0xAAAAB000


mem[X,0x80034518] -> 0x0513
mem[X,0x8003451A] -> 0xAAB5
[5302] [M]: 0x80034518 (0xAAB50513) addi a0, a0, 2731
x10 <- 0xAAAAAAAB


mem[X,0x8003451C] -> 0xB5B7
mem[X,0x8003451E] -> 0xAAAA
[5303] [M]: 0x8003451C (0xAAAAB5B7) lui a1, 699051
x11 <- 0xAAAAB000


mem[X,0x80034520] -> 0x8593
mem[X,0x80034522] -> 0xAAA5
[5304] [M]: 0x80034520 (0xAAA58593) addi a1, a1, 2730
x11 <- 0xAAAAAAAA


mem[X,0x80034524] -> 0x0113
mem[X,0x80034526] -> 0x0000
[5305] [M]: 0x80034524 (0x00000113) addi sp, zero, 0
x2 <- 0x00000000


mem[X,0x80034528] -> 0x006F
mem[X,0x8003452A] -> 0x00C0
[5306] [M]: 0x80034528 (0x00C0006F) jal zero, 12


mem[X,0x80034534] -> 0x4CE3
mem[X,0x80034536] -> 0xFEB5
[5307] [M]: 0x80034534 (0xFEB54CE3) blt a0, a1, 8184


mem[X,0x80034538] -> 0x0113
mem[X,0x8003453A] -> 0x0021
[5308] [M]: 0x80034538 (0x00210113) addi sp, sp, 2
x2 <- 0x00000002


mem[X,0x8003453C] -> 0x006F
mem[X,0x8003453E] -> 0x00C0
[5309] [M]: 0x8003453C (0x00C0006F) jal zero, 12


mem[X,0x80034548] -> 0xA823
mem[X,0x8003454A] -> 0x0620
[5310] [M]: 0x80034548 (0x0620A823) sw sp, 112(ra)
mem[0x80038AD8] <- 0x00000002


mem[X,0x8003454C] -> 0xB537
mem[X,0x8003454E] -> 0xAAAA
[5311] [M]: 0x8003454C (0xAAAAB537) lui a0, 699051
x10 <- 0xAAAAB000


mem[X,0x80034550] -> 0x0513
mem[X,0x80034552] -> 0xAAB5
[5312] [M]: 0x80034550 (0xAAB50513) addi a0, a0, 2731
x10 <- 0xAAAAAAAB


mem[X,0x80034554] -> 0x0593
mem[X,0x80034556] -> 0x0050
[5313] [M]: 0x80034554 (0x00500593) addi a1, zero, 5
x11 <- 0x00000005


mem[X,0x80034558] -> 0x0113
mem[X,0x8003455A] -> 0x0000
[5314] [M]: 0x80034558 (0x00000113) addi sp, zero, 0
x2 <- 0x00000000


mem[X,0x8003455C] -> 0x006F
mem[X,0x8003455E] -> 0x2B10
[5315] [M]: 0x8003455C (0x2B10006F) jal zero, 2736


mem[X,0x8003500C] -> 0x4A63
mem[X,0x8003500E] -> 0xD4B5
[5316] [M]: 0x8003500C (0xD4B54A63) blt a0, a1, 5460


mem[X,0x80034560] -> 0x0113
mem[X,0x80034562] -> 0x0011
[5317] [M]: 0x80034560 (0x00110113) addi sp, sp, 1
x2 <- 0x00000001


mem[X,0x80034564] -> 0x006F
mem[X,0x80034566] -> 0x2BD0
[5318] [M]: 0x80034564 (0x2BD0006F) jal zero, 2748


mem[X,0x80035020] -> 0xAA23
mem[X,0x80035022] -> 0x0620
[5319] [M]: 0x80035020 (0x0620AA23) sw sp, 116(ra)
mem[0x80038ADC] <- 0x00000001


mem[X,0x80035024] -> 0xB537
mem[X,0x80035026] -> 0xAAAA
[5320] [M]: 0x80035024 (0xAAAAB537) lui a0, 699051
x10 <- 0xAAAAB000


mem[X,0x80035028] -> 0x0513
mem[X,0x8003502A] -> 0xAAB5
[5321] [M]: 0x80035028 (0xAAB50513) addi a0, a0, 2731
x10 <- 0xAAAAAAAB


mem[X,0x8003502C] -> 0x35B7
mem[X,0x8003502E] -> 0x3333
[5322] [M]: 0x8003502C (0x333335B7) lui a1, 209715
x11 <- 0x33333000


mem[X,0x80035030] -> 0x8593
mem[X,0x80035032] -> 0x3335
[5323] [M]: 0x80035030 (0x33358593) addi a1, a1, 819
x11 <- 0x33333333


mem[X,0x80035034] -> 0x0113
mem[X,0x80035036] -> 0x0000
[5324] [M]: 0x80035034 (0x00000113) addi sp, zero, 0
x2 <- 0x00000000


mem[X,0x80035038] -> 0x006F
mem[X,0x8003503A] -> 0x00C0
[5325] [M]: 0x80035038 (0x00C0006F) jal zero, 12


mem[X,0x80035044] -> 0x4CE3
mem[X,0x80035046] -> 0xFEB5
[5326] [M]: 0x80035044 (0xFEB54CE3) blt a0, a1, 8184


mem[X,0x8003503C] -> 0x0113
mem[X,0x8003503E] -> 0x0011
[5327] [M]: 0x8003503C (0x00110113) addi sp, sp, 1
x2 <- 0x00000001


mem[X,0x80035040] -> 0x006F
mem[X,0x80035042] -> 0x0180
[5328] [M]: 0x80035040 (0x0180006F) jal zero, 24


mem[X,0x80035058] -> 0xAC23
mem[X,0x8003505A] -> 0x0620
[5329] [M]: 0x80035058 (0x0620AC23) sw sp, 120(ra)
mem[0x80038AE0] <- 0x00000001


mem[X,0x8003505C] -> 0xB537
mem[X,0x8003505E] -> 0xAAAA
[5330] [M]: 0x8003505C (0xAAAAB537) lui a0, 699051
x10 <- 0xAAAAB000


mem[X,0x80035060] -> 0x0513
mem[X,0x80035062] -> 0xAAB5
[5331] [M]: 0x80035060 (0xAAB50513) addi a0, a0, 2731
x10 <- 0xAAAAAAAB


mem[X,0x80035064] -> 0x65B7
mem[X,0x80035066] -> 0x6666
[5332] [M]: 0x80035064 (0x666665B7) lui a1, 419430
x11 <- 0x66666000


mem[X,0x80035068] -> 0x8593
mem[X,0x8003506A] -> 0x6665
[5333] [M]: 0x80035068 (0x66658593) addi a1, a1, 1638
x11 <- 0x66666666


mem[X,0x8003506C] -> 0x0113
mem[X,0x8003506E] -> 0x0000
[5334] [M]: 0x8003506C (0x00000113) addi sp, zero, 0
x2 <- 0x00000000


mem[X,0x80035070] -> 0x006F
mem[X,0x80035072] -> 0x00C0
[5335] [M]: 0x80035070 (0x00C0006F) jal zero, 12


mem[X,0x8003507C] -> 0x4663
mem[X,0x8003507E] -> 0x00B5
[5336] [M]: 0x8003507C (0x00B54663) blt a0, a1, 12


mem[X,0x80035088] -> 0x0113
mem[X,0x8003508A] -> 0x0031
[5337] [M]: 0x80035088 (0x00310113) addi sp, sp, 3
x2 <- 0x00000003


mem[X,0x8003508C] -> 0x006F
mem[X,0x8003508E] -> 0x0040
[5338] [M]: 0x8003508C (0x0040006F) jal zero, 4


mem[X,0x80035090] -> 0xAE23
mem[X,0x80035092] -> 0x0620
[5339] [M]: 0x80035090 (0x0620AE23) sw sp, 124(ra)
mem[0x80038AE4] <- 0x00000003


mem[X,0x80035094] -> 0xB537
mem[X,0x80035096] -> 0xAAAA
[5340] [M]: 0x80035094 (0xAAAAB537) lui a0, 699051
x10 <- 0xAAAAB000


mem[X,0x80035098] -> 0x0513
mem[X,0x8003509A] -> 0xAAB5
[5341] [M]: 0x80035098 (0xAAB50513) addi a0, a0, 2731
x10 <- 0xAAAAAAAB


mem[X,0x8003509C] -> 0x55B7
mem[X,0x8003509E] -> 0xFFFF
[5342] [M]: 0x8003509C (0xFFFF55B7) lui a1, 1048565
x11 <- 0xFFFF5000


mem[X,0x800350A0] -> 0x8593
mem[X,0x800350A2] -> 0xAFC5
[5343] [M]: 0x800350A0 (0xAFC58593) addi a1, a1, 2812
x11 <- 0xFFFF4AFC


mem[X,0x800350A4] -> 0x0113
mem[X,0x800350A6] -> 0x0000
[5344] [M]: 0x800350A4 (0x00000113) addi sp, zero, 0
x2 <- 0x00000000


mem[X,0x800350A8] -> 0x006F
mem[X,0x800350AA] -> 0x00C0
[5345] [M]: 0x800350A8 (0x00C0006F) jal zero, 12


mem[X,0x800350B4] -> 0x4063
mem[X,0x800350B6] -> 0x20B5
[5346] [M]: 0x800350B4 (0x20B54063) blt a0, a1, 512


mem[X,0x800352B4] -> 0x0113
mem[X,0x800352B6] -> 0x0031
[5347] [M]: 0x800352B4 (0x00310113) addi sp, sp, 3
x2 <- 0x00000003


mem[X,0x800352B8] -> 0x006F
mem[X,0x800352BA] -> 0x0040
[5348] [M]: 0x800352B8 (0x0040006F) jal zero, 4


mem[X,0x800352BC] -> 0xA023
mem[X,0x800352BE] -> 0x0820
[5349] [M]: 0x800352BC (0x0820A023) sw sp, 128(ra)
mem[0x80038AE8] <- 0x00000003


mem[X,0x800352C0] -> 0xB537
mem[X,0x800352C2] -> 0xAAAA
[5350] [M]: 0x800352C0 (0xAAAAB537) lui a0, 699051
x10 <- 0xAAAAB000


mem[X,0x800352C4] -> 0x0513
mem[X,0x800352C6] -> 0xAAB5
[5351] [M]: 0x800352C4 (0xAAB50513) addi a0, a0, 2731
x10 <- 0xAAAAAAAB


mem[X,0x800352C8] -> 0xB5B7
mem[X,0x800352CA] -> 0x0000
[5352] [M]: 0x800352C8 (0x0000B5B7) lui a1, 11
x11 <- 0x0000B000


mem[X,0x800352CC] -> 0x8593
mem[X,0x800352CE] -> 0x5045
[5353] [M]: 0x800352CC (0x50458593) addi a1, a1, 1284
x11 <- 0x0000B504


mem[X,0x800352D0] -> 0x0113
mem[X,0x800352D2] -> 0x0000
[5354] [M]: 0x800352D0 (0x00000113) addi sp, zero, 0
x2 <- 0x00000000


mem[X,0x800352D4] -> 0x006F
mem[X,0x800352D6] -> 0x00C0
[5355] [M]: 0x800352D4 (0x00C0006F) jal zero, 12


mem[X,0x800352E0] -> 0x4063
mem[X,0x800352E2] -> 0x10B5
[5356] [M]: 0x800352E0 (0x10B54063) blt a0, a1, 256


mem[X,0x800353E0] -> 0x0113
mem[X,0x800353E2] -> 0x0031
[5357] [M]: 0x800353E0 (0x00310113) addi sp, sp, 3
x2 <- 0x00000003


mem[X,0x800353E4] -> 0x006F
mem[X,0x800353E6] -> 0x0040
[5358] [M]: 0x800353E4 (0x0040006F) jal zero, 4


mem[X,0x800353E8] -> 0xA223
mem[X,0x800353EA] -> 0x0820
[5359] [M]: 0x800353E8 (0x0820A223) sw sp, 132(ra)
mem[0x80038AEC] <- 0x00000003


mem[X,0x800353EC] -> 0xB537
mem[X,0x800353EE] -> 0xAAAA
[5360] [M]: 0x800353EC (0xAAAAB537) lui a0, 699051
x10 <- 0xAAAAB000


mem[X,0x800353F0] -> 0x0513
mem[X,0x800353F2] -> 0xAAB5
[5361] [M]: 0x800353F0 (0xAAB50513) addi a0, a0, 2731
x10 <- 0xAAAAAAAB


mem[X,0x800353F4] -> 0x0593
mem[X,0x800353F6] -> 0x0020
[5362] [M]: 0x800353F4 (0x00200593) addi a1, zero, 2
x11 <- 0x00000002


mem[X,0x800353F8] -> 0x0113
mem[X,0x800353FA] -> 0x0000
[5363] [M]: 0x800353F8 (0x00000113) addi sp, zero, 0
x2 <- 0x00000000


mem[X,0x800353FC] -> 0x006F
mem[X,0x800353FE] -> 0x2B10
[5364] [M]: 0x800353FC (0x2B10006F) jal zero, 2736


mem[X,0x80035EAC] -> 0x4A63
mem[X,0x80035EAE] -> 0xD4B5
[5365] [M]: 0x80035EAC (0xD4B54A63) blt a0, a1, 5460


mem[X,0x80035400] -> 0x0113
mem[X,0x80035402] -> 0x0011
[5366] [M]: 0x80035400 (0x00110113) addi sp, sp, 1
x2 <- 0x00000001


mem[X,0x80035404] -> 0x006F
mem[X,0x80035406] -> 0x2BD0
[5367] [M]: 0x80035404 (0x2BD0006F) jal zero, 2748


mem[X,0x80035EC0] -> 0xA423
mem[X,0x80035EC2] -> 0x0820
[5368] [M]: 0x80035EC0 (0x0820A423) sw sp, 136(ra)
mem[0x80038AF0] <- 0x00000001


mem[X,0x80035EC4] -> 0xB537
mem[X,0x80035EC6] -> 0xAAAA
[5369] [M]: 0x80035EC4 (0xAAAAB537) lui a0, 699051
x10 <- 0xAAAAB000


mem[X,0x80035EC8] -> 0x0513
mem[X,0x80035ECA] -> 0xAAB5
[5370] [M]: 0x80035EC8 (0xAAB50513) addi a0, a0, 2731
x10 <- 0xAAAAAAAB


mem[X,0x80035ECC] -> 0x55B7
mem[X,0x80035ECE] -> 0x5555
[5371] [M]: 0x80035ECC (0x555555B7) lui a1, 349525
x11 <- 0x55555000


mem[X,0x80035ED0] -> 0x8593
mem[X,0x80035ED2] -> 0x5545
[5372] [M]: 0x80035ED0 (0x55458593) addi a1, a1, 1364
x11 <- 0x55555554


mem[X,0x80035ED4] -> 0x0113
mem[X,0x80035ED6] -> 0x0000
[5373] [M]: 0x80035ED4 (0x00000113) addi sp, zero, 0
x2 <- 0x00000000


mem[X,0x80035ED8] -> 0x006F
mem[X,0x80035EDA] -> 0x0180
[5374] [M]: 0x80035ED8 (0x0180006F) jal zero, 24


mem[X,0x80035EF0] -> 0x46E3
mem[X,0x80035EF2] -> 0xFEB5
[5375] [M]: 0x80035EF0 (0xFEB546E3) blt a0, a1, 8172


mem[X,0x80035EDC] -> 0x0113
mem[X,0x80035EDE] -> 0x0011
[5376] [M]: 0x80035EDC (0x00110113) addi sp, sp, 1
x2 <- 0x00000001


mem[X,0x80035EE0] -> 0x006F
mem[X,0x80035EE2] -> 0x0240
[5377] [M]: 0x80035EE0 (0x0240006F) jal zero, 36


mem[X,0x80035F04] -> 0xA623
mem[X,0x80035F06] -> 0x0820
[5378] [M]: 0x80035F04 (0x0820A623) sw sp, 140(ra)
mem[0x80038AF4] <- 0x00000001


mem[X,0x80035F08] -> 0xB537
mem[X,0x80035F0A] -> 0xAAAA
[5379] [M]: 0x80035F08 (0xAAAAB537) lui a0, 699051
x10 <- 0xAAAAB000


mem[X,0x80035F0C] -> 0x0513
mem[X,0x80035F0E] -> 0xAAB5
[5380] [M]: 0x80035F0C (0xAAB50513) addi a0, a0, 2731
x10 <- 0xAAAAAAAB


mem[X,0x80035F10] -> 0x0593
mem[X,0x80035F12] -> 0x0000
[5381] [M]: 0x80035F10 (0x00000593) addi a1, zero, 0
x11 <- 0x00000000


mem[X,0x80035F14] -> 0x0113
mem[X,0x80035F16] -> 0x0000
[5382] [M]: 0x80035F14 (0x00000113) addi sp, zero, 0
x2 <- 0x00000000


mem[X,0x80035F18] -> 0x006F
mem[X,0x80035F1A] -> 0x00C0
[5383] [M]: 0x80035F18 (0x00C0006F) jal zero, 12


mem[X,0x80035F24] -> 0x4663
mem[X,0x80035F26] -> 0x00B5
[5384] [M]: 0x80035F24 (0x00B54663) blt a0, a1, 12


mem[X,0x80035F30] -> 0x0113
mem[X,0x80035F32] -> 0x0031
[5385] [M]: 0x80035F30 (0x00310113) addi sp, sp, 3
x2 <- 0x00000003


mem[X,0x80035F34] -> 0x006F
mem[X,0x80035F36] -> 0x0040
[5386] [M]: 0x80035F34 (0x0040006F) jal zero, 4


mem[X,0x80035F38] -> 0xA823
mem[X,0x80035F3A] -> 0x0820
[5387] [M]: 0x80035F38 (0x0820A823) sw sp, 144(ra)
mem[0x80038AF8] <- 0x00000003


mem[X,0x80035F3C] -> 0xB537
mem[X,0x80035F3E] -> 0xAAAA
[5388] [M]: 0x80035F3C (0xAAAAB537) lui a0, 699051
x10 <- 0xAAAAB000


mem[X,0x80035F40] -> 0x0513
mem[X,0x80035F42] -> 0xAAB5
[5389] [M]: 0x80035F40 (0xAAB50513) addi a0, a0, 2731
x10 <- 0xAAAAAAAB


mem[X,0x80035F44] -> 0x0593
mem[X,0x80035F46] -> 0x0040
[5390] [M]: 0x80035F44 (0x00400593) addi a1, zero, 4
x11 <- 0x00000004


mem[X,0x80035F48] -> 0x0113
mem[X,0x80035F4A] -> 0x0000
[5391] [M]: 0x80035F48 (0x00000113) addi sp, zero, 0
x2 <- 0x00000000


mem[X,0x80035F4C] -> 0x006F
mem[X,0x80035F4E] -> 0x0050
[5392] [M]: 0x80035F4C (0x0050006F) jal zero, 2052


mem[X,0x80036750] -> 0x40E3
mem[X,0x80036752] -> 0x80B5
[5393] [M]: 0x80036750 (0x80B540E3) blt a0, a1, 6144


mem[X,0x80035F50] -> 0x0113
mem[X,0x80035F52] -> 0x0011
[5394] [M]: 0x80035F50 (0x00110113) addi sp, sp, 1
x2 <- 0x00000001


mem[X,0x80035F54] -> 0x006F
mem[X,0x80035F56] -> 0x0110
[5395] [M]: 0x80035F54 (0x0110006F) jal zero, 2064


mem[X,0x80036764] -> 0xAA23
mem[X,0x80036766] -> 0x0820
[5396] [M]: 0x80036764 (0x0820AA23) sw sp, 148(ra)
mem[0x80038AFC] <- 0x00000001


mem[X,0x80036768] -> 0xB537
mem[X,0x8003676A] -> 0xAAAA
[5397] [M]: 0x80036768 (0xAAAAB537) lui a0, 699051
x10 <- 0xAAAAB000


mem[X,0x8003676C] -> 0x0513
mem[X,0x8003676E] -> 0xAAB5
[5398] [M]: 0x8003676C (0xAAB50513) addi a0, a0, 2731
x10 <- 0xAAAAAAAB


mem[X,0x80036770] -> 0x35B7
mem[X,0x80036772] -> 0x3333
[5399] [M]: 0x80036770 (0x333335B7) lui a1, 209715
x11 <- 0x33333000


clint::tick mtime <- 0x0000000000000036
 clint timer pending at mtime 0x0000000000000036
htif::tick 0x0000000000000000
mem[X,0x80036774] -> 0x8593
mem[X,0x80036776] -> 0x3325
[5400] [M]: 0x80036774 (0x33258593) addi a1, a1, 818
x11 <- 0x33333332


mem[X,0x80036778] -> 0x0113
mem[X,0x8003677A] -> 0x0000
[5401] [M]: 0x80036778 (0x00000113) addi sp, zero, 0
x2 <- 0x00000000


mem[X,0x8003677C] -> 0x006F
mem[X,0x8003677E] -> 0x0100
[5402] [M]: 0x8003677C (0x0100006F) jal zero, 16


mem[X,0x8003678C] -> 0x4AE3
mem[X,0x8003678E] -> 0xFEB5
[5403] [M]: 0x8003678C (0xFEB54AE3) blt a0, a1, 8180


mem[X,0x80036780] -> 0x0113
mem[X,0x80036782] -> 0x0011
[5404] [M]: 0x80036780 (0x00110113) addi sp, sp, 1
x2 <- 0x00000001


mem[X,0x80036784] -> 0x006F
mem[X,0x80036786] -> 0x01C0
[5405] [M]: 0x80036784 (0x01C0006F) jal zero, 28


mem[X,0x800367A0] -> 0xAC23
mem[X,0x800367A2] -> 0x0820
[5406] [M]: 0x800367A0 (0x0820AC23) sw sp, 152(ra)
mem[0x80038B00] <- 0x00000001


mem[X,0x800367A4] -> 0xB537
mem[X,0x800367A6] -> 0xAAAA
[5407] [M]: 0x800367A4 (0xAAAAB537) lui a0, 699051
x10 <- 0xAAAAB000


mem[X,0x800367A8] -> 0x0513
mem[X,0x800367AA] -> 0xAAB5
[5408] [M]: 0x800367A8 (0xAAB50513) addi a0, a0, 2731
x10 <- 0xAAAAAAAB


mem[X,0x800367AC] -> 0x65B7
mem[X,0x800367AE] -> 0x6666
[5409] [M]: 0x800367AC (0x666665B7) lui a1, 419430
x11 <- 0x66666000


mem[X,0x800367B0] -> 0x8593
mem[X,0x800367B2] -> 0x6655
[5410] [M]: 0x800367B0 (0x66558593) addi a1, a1, 1637
x11 <- 0x66666665


mem[X,0x800367B4] -> 0x0113
mem[X,0x800367B6] -> 0x0000
[5411] [M]: 0x800367B4 (0x00000113) addi sp, zero, 0
x2 <- 0x00000000


mem[X,0x800367B8] -> 0x006F
mem[X,0x800367BA] -> 0x00C0
[5412] [M]: 0x800367B8 (0x00C0006F) jal zero, 12


mem[X,0x800367C4] -> 0x4063
mem[X,0x800367C6] -> 0x08B5
[5413] [M]: 0x800367C4 (0x08B54063) blt a0, a1, 128


mem[X,0x80036844] -> 0x0113
mem[X,0x80036846] -> 0x0031
[5414] [M]: 0x80036844 (0x00310113) addi sp, sp, 3
x2 <- 0x00000003


mem[X,0x80036848] -> 0x006F
mem[X,0x8003684A] -> 0x0040
[5415] [M]: 0x80036848 (0x0040006F) jal zero, 4


mem[X,0x8003684C] -> 0xAE23
mem[X,0x8003684E] -> 0x0820
[5416] [M]: 0x8003684C (0x0820AE23) sw sp, 156(ra)
mem[0x80038B04] <- 0x00000003


mem[X,0x80036850] -> 0xB537
mem[X,0x80036852] -> 0xAAAA
[5417] [M]: 0x80036850 (0xAAAAB537) lui a0, 699051
x10 <- 0xAAAAB000


mem[X,0x80036854] -> 0x0513
mem[X,0x80036856] -> 0xAAB5
[5418] [M]: 0x80036854 (0xAAB50513) addi a0, a0, 2731
x10 <- 0xAAAAAAAB


mem[X,0x80036858] -> 0xB5B7
mem[X,0x8003685A] -> 0x0000
[5419] [M]: 0x80036858 (0x0000B5B7) lui a1, 11
x11 <- 0x0000B000


mem[X,0x8003685C] -> 0x8593
mem[X,0x8003685E] -> 0x5035
[5420] [M]: 0x8003685C (0x50358593) addi a1, a1, 1283
x11 <- 0x0000B503


mem[X,0x80036860] -> 0x0113
mem[X,0x80036862] -> 0x0000
[5421] [M]: 0x80036860 (0x00000113) addi sp, zero, 0
x2 <- 0x00000000


mem[X,0x80036864] -> 0x006F
mem[X,0x80036866] -> 0x00C0
[5422] [M]: 0x80036864 (0x00C0006F) jal zero, 12


mem[X,0x80036870] -> 0x4063
mem[X,0x80036872] -> 0x02B5
[5423] [M]: 0x80036870 (0x02B54063) blt a0, a1, 32


mem[X,0x80036890] -> 0x0113
mem[X,0x80036892] -> 0x0031
[5424] [M]: 0x80036890 (0x00310113) addi sp, sp, 3
x2 <- 0x00000003


mem[X,0x80036894] -> 0x006F
mem[X,0x80036896] -> 0x0040
[5425] [M]: 0x80036894 (0x0040006F) jal zero, 4


mem[X,0x80036898] -> 0xA023
mem[X,0x8003689A] -> 0x0A20
[5426] [M]: 0x80036898 (0x0A20A023) sw sp, 160(ra)
mem[0x80038B08] <- 0x00000003


mem[X,0x8003689C] -> 0xB537
mem[X,0x8003689E] -> 0xAAAA
[5427] [M]: 0x8003689C (0xAAAAB537) lui a0, 699051
x10 <- 0xAAAAB000


mem[X,0x800368A0] -> 0x0513
mem[X,0x800368A2] -> 0xAAB5
[5428] [M]: 0x800368A0 (0xAAB50513) addi a0, a0, 2731
x10 <- 0xAAAAAAAB


mem[X,0x800368A4] -> 0x55B7
mem[X,0x800368A6] -> 0x5555
[5429] [M]: 0x800368A4 (0x555555B7) lui a1, 349525
x11 <- 0x55555000


mem[X,0x800368A8] -> 0x8593
mem[X,0x800368AA] -> 0x5565
[5430] [M]: 0x800368A8 (0x55658593) addi a1, a1, 1366
x11 <- 0x55555556


mem[X,0x800368AC] -> 0x0113
mem[X,0x800368AE] -> 0x0000
[5431] [M]: 0x800368AC (0x00000113) addi sp, zero, 0
x2 <- 0x00000000


mem[X,0x800368B0] -> 0x006F
mem[X,0x800368B2] -> 0x00C0
[5432] [M]: 0x800368B0 (0x00C0006F) jal zero, 12


mem[X,0x800368BC] -> 0x4663
mem[X,0x800368BE] -> 0x00B5
[5433] [M]: 0x800368BC (0x00B54663) blt a0, a1, 12


mem[X,0x800368C8] -> 0x0113
mem[X,0x800368CA] -> 0x0031
[5434] [M]: 0x800368C8 (0x00310113) addi sp, sp, 3
x2 <- 0x00000003


mem[X,0x800368CC] -> 0x006F
mem[X,0x800368CE] -> 0x0040
[5435] [M]: 0x800368CC (0x0040006F) jal zero, 4


mem[X,0x800368D0] -> 0xA223
mem[X,0x800368D2] -> 0x0A20
[5436] [M]: 0x800368D0 (0x0A20A223) sw sp, 164(ra)
mem[0x80038B0C] <- 0x00000003


mem[X,0x800368D4] -> 0xB537
mem[X,0x800368D6] -> 0xAAAA
[5437] [M]: 0x800368D4 (0xAAAAB537) lui a0, 699051
x10 <- 0xAAAAB000


mem[X,0x800368D8] -> 0x0513
mem[X,0x800368DA] -> 0xAAB5
[5438] [M]: 0x800368D8 (0xAAB50513) addi a0, a0, 2731
x10 <- 0xAAAAAAAB


mem[X,0x800368DC] -> 0xB5B7
mem[X,0x800368DE] -> 0xAAAA
[5439] [M]: 0x800368DC (0xAAAAB5B7) lui a1, 699051
x11 <- 0xAAAAB000


mem[X,0x800368E0] -> 0x8593
mem[X,0x800368E2] -> 0xAAB5
[5440] [M]: 0x800368E0 (0xAAB58593) addi a1, a1, 2731
x11 <- 0xAAAAAAAB


mem[X,0x800368E4] -> 0x0113
mem[X,0x800368E6] -> 0x0000
[5441] [M]: 0x800368E4 (0x00000113) addi sp, zero, 0
x2 <- 0x00000000


mem[X,0x800368E8] -> 0x006F
mem[X,0x800368EA] -> 0x00C0
[5442] [M]: 0x800368E8 (0x00C0006F) jal zero, 12


mem[X,0x800368F4] -> 0x4063
mem[X,0x800368F6] -> 0x04B5
[5443] [M]: 0x800368F4 (0x04B54063) blt a0, a1, 64


mem[X,0x800368F8] -> 0x0113
mem[X,0x800368FA] -> 0x0021
[5444] [M]: 0x800368F8 (0x00210113) addi sp, sp, 2
x2 <- 0x00000002


mem[X,0x800368FC] -> 0x006F
mem[X,0x800368FE] -> 0x0400
[5445] [M]: 0x800368FC (0x0400006F) jal zero, 64


mem[X,0x8003693C] -> 0xA423
mem[X,0x8003693E] -> 0x0A20
[5446] [M]: 0x8003693C (0x0A20A423) sw sp, 168(ra)
mem[0x80038B10] <- 0x00000002


mem[X,0x80036940] -> 0xB537
mem[X,0x80036942] -> 0xAAAA
[5447] [M]: 0x80036940 (0xAAAAB537) lui a0, 699051
x10 <- 0xAAAAB000


mem[X,0x80036944] -> 0x0513
mem[X,0x80036946] -> 0xAAB5
[5448] [M]: 0x80036944 (0xAAB50513) addi a0, a0, 2731
x10 <- 0xAAAAAAAB


mem[X,0x80036948] -> 0x0593
mem[X,0x8003694A] -> 0x0060
[5449] [M]: 0x80036948 (0x00600593) addi a1, zero, 6
x11 <- 0x00000006


mem[X,0x8003694C] -> 0x0113
mem[X,0x8003694E] -> 0x0000
[5450] [M]: 0x8003694C (0x00000113) addi sp, zero, 0
x2 <- 0x00000000


mem[X,0x80036950] -> 0x006F
mem[X,0x80036952] -> 0x00C0
[5451] [M]: 0x80036950 (0x00C0006F) jal zero, 12


mem[X,0x8003695C] -> 0x4063
mem[X,0x8003695E] -> 0x20B5
[5452] [M]: 0x8003695C (0x20B54063) blt a0, a1, 512


mem[X,0x80036B5C] -> 0x0113
mem[X,0x80036B5E] -> 0x0031
[5453] [M]: 0x80036B5C (0x00310113) addi sp, sp, 3
x2 <- 0x00000003


mem[X,0x80036B60] -> 0x006F
mem[X,0x80036B62] -> 0x0040
[5454] [M]: 0x80036B60 (0x0040006F) jal zero, 4


mem[X,0x80036B64] -> 0xA623
mem[X,0x80036B66] -> 0x0A20
[5455] [M]: 0x80036B64 (0x0A20A623) sw sp, 172(ra)
mem[0x80038B14] <- 0x00000003


mem[X,0x80036B68] -> 0x0513
mem[X,0x80036B6A] -> 0x0040
[5456] [M]: 0x80036B68 (0x00400513) addi a0, zero, 4
x10 <- 0x00000004


mem[X,0x80036B6C] -> 0x0593
mem[X,0x80036B6E] -> 0x0020
[5457] [M]: 0x80036B6C (0x00200593) addi a1, zero, 2
x11 <- 0x00000002


mem[X,0x80036B70] -> 0x0113
mem[X,0x80036B72] -> 0x0000
[5458] [M]: 0x80036B70 (0x00000113) addi sp, zero, 0
x2 <- 0x00000000


mem[X,0x80036B74] -> 0x006F
mem[X,0x80036B76] -> 0x00C0
[5459] [M]: 0x80036B74 (0x00C0006F) jal zero, 12


mem[X,0x80036B80] -> 0x4063
mem[X,0x80036B82] -> 0x08B5
[5460] [M]: 0x80036B80 (0x08B54063) blt a0, a1, 128


mem[X,0x80036B84] -> 0x0113
mem[X,0x80036B86] -> 0x0021
[5461] [M]: 0x80036B84 (0x00210113) addi sp, sp, 2
x2 <- 0x00000002


mem[X,0x80036B88] -> 0x006F
mem[X,0x80036B8A] -> 0x0800
[5462] [M]: 0x80036B88 (0x0800006F) jal zero, 128


mem[X,0x80036C08] -> 0xA823
mem[X,0x80036C0A] -> 0x0A20
[5463] [M]: 0x80036C08 (0x0A20A823) sw sp, 176(ra)
mem[0x80038B18] <- 0x00000002


mem[X,0x80036C0C] -> 0x0537
mem[X,0x80036C0E] -> 0x0020
[5464] [M]: 0x80036C0C (0x00200537) lui a0, 512
x10 <- 0x00200000


mem[X,0x80036C10] -> 0x0593
mem[X,0x80036C12] -> 0x0040
[5465] [M]: 0x80036C10 (0x00400593) addi a1, zero, 4
x11 <- 0x00000004


mem[X,0x80036C14] -> 0x0113
mem[X,0x80036C16] -> 0x0000
[5466] [M]: 0x80036C14 (0x00000113) addi sp, zero, 0
x2 <- 0x00000000


mem[X,0x80036C18] -> 0x006F
mem[X,0x80036C1A] -> 0x0140
[5467] [M]: 0x80036C18 (0x0140006F) jal zero, 20


mem[X,0x80036C2C] -> 0x48E3
mem[X,0x80036C2E] -> 0xFEB5
[5468] [M]: 0x80036C2C (0xFEB548E3) blt a0, a1, 8176


mem[X,0x80036C30] -> 0x0113
mem[X,0x80036C32] -> 0x0021
[5469] [M]: 0x80036C30 (0x00210113) addi sp, sp, 2
x2 <- 0x00000002


mem[X,0x80036C34] -> 0x006F
mem[X,0x80036C36] -> 0x00C0
[5470] [M]: 0x80036C34 (0x00C0006F) jal zero, 12


mem[X,0x80036C40] -> 0xAA23
mem[X,0x80036C42] -> 0x0A20
[5471] [M]: 0x80036C40 (0x0A20AA23) sw sp, 180(ra)
mem[0x80038B1C] <- 0x00000002


mem[X,0x80036C44] -> 0x0537
mem[X,0x80036C46] -> 0x8000
[5472] [M]: 0x80036C44 (0x80000537) lui a0, 524288
x10 <- 0x80000000


mem[X,0x80036C48] -> 0x0513
mem[X,0x80036C4A] -> 0xFFF5
[5473] [M]: 0x80036C48 (0xFFF50513) addi a0, a0, 4095
x10 <- 0x7FFFFFFF


mem[X,0x80036C4C] -> 0x0593
mem[X,0x80036C4E] -> 0x2000
[5474] [M]: 0x80036C4C (0x20000593) addi a1, zero, 512
x11 <- 0x00000200


mem[X,0x80036C50] -> 0x0113
mem[X,0x80036C52] -> 0x0000
[5475] [M]: 0x80036C50 (0x00000113) addi sp, zero, 0
x2 <- 0x00000000


mem[X,0x80036C54] -> 0x006F
mem[X,0x80036C56] -> 0x00C0
[5476] [M]: 0x80036C54 (0x00C0006F) jal zero, 12


mem[X,0x80036C60] -> 0x4063
mem[X,0x80036C62] -> 0x20B5
[5477] [M]: 0x80036C60 (0x20B54063) blt a0, a1, 512


mem[X,0x80036C64] -> 0x0113
mem[X,0x80036C66] -> 0x0021
[5478] [M]: 0x80036C64 (0x00210113) addi sp, sp, 2
x2 <- 0x00000002


mem[X,0x80036C68] -> 0x006F
mem[X,0x80036C6A] -> 0x2000
[5479] [M]: 0x80036C68 (0x2000006F) jal zero, 512


mem[X,0x80036E68] -> 0xAC23
mem[X,0x80036E6A] -> 0x0A20
[5480] [M]: 0x80036E68 (0x0A20AC23) sw sp, 184(ra)
mem[0x80038B20] <- 0x00000002


mem[X,0x80036E6C] -> 0x0013
mem[X,0x80036E6E] -> 0x0000
[5481] [M]: 0x80036E6C (0x00000013) addi zero, zero, 0


mem[X,0x80036E70] -> 0x0093
mem[X,0x80036E72] -> 0x0010
[5482] [M]: 0x80036E70 (0x00100093) addi ra, zero, 1
x1 <- 0x00000001


mem[X,0x80036E74] -> 0x0F17
mem[X,0x80036E76] -> 0x0000
[5483] [M]: 0x80036E74 (0x00000F17) auipc t5, 0
x30 <- 0x80036E74


mem[X,0x80036E78] -> 0x2623
mem[X,0x80036E7A] -> 0x181F
[5484] [M]: 0x80036E78 (0x181F2623) sw ra, 396(t5)
htif[0x80037000] <- 0x00000001


mem[X,0x80036E7C] -> 0xF06F
mem[X,0x80036E7E] -> 0xFF9F
[5485] [M]: 0x80036E7C (0xFF9FF06F) jal zero, 2097144


mem[X,0x80036E74] -> 0x0F17
mem[X,0x80036E76] -> 0x0000
[5486] [M]: 0x80036E74 (0x00000F17) auipc t5, 0
x30 <- 0x80036E74


mem[X,0x80036E78] -> 0x2623
mem[X,0x80036E7A] -> 0x181F
[5487] [M]: 0x80036E78 (0x181F2623) sw ra, 396(t5)
htif[0x80037000] <- 0x00000001


mem[X,0x80036E7C] -> 0xF06F
mem[X,0x80036E7E] -> 0xFF9F
[5488] [M]: 0x80036E7C (0xFF9FF06F) jal zero, 2097144


mem[X,0x80036E74] -> 0x0F17
mem[X,0x80036E76] -> 0x0000
[5489] [M]: 0x80036E74 (0x00000F17) auipc t5, 0
x30 <- 0x80036E74


mem[X,0x80036E78] -> 0x2623
mem[X,0x80036E7A] -> 0x181F
[5490] [M]: 0x80036E78 (0x181F2623) sw ra, 396(t5)
htif[0x80037000] <- 0x00000001
htif-syscall-proxy cmd: 0x000000000001

SUCCESS
