using /home/moon/moon_verif/riscof_work/src/bgeu-01.S/ref/Reference-sail_c_simulator.signature for test-signature output.
[Sail] Allocating new block 0x80000000
tohost located at 0x80049000
[Sail] Allocating new block 0x0

Running file sail-bgeu-01.elf.
ELF Entry @ 0x80000000
begin_signature: 0x8004a210
end_signature: 0x8004ad70
CSR mstatus <- 0x00000000 (input: 0x00000000)
mem[X,0x00001000] -> 0x0297
mem[X,0x00001002] -> 0x0000
[0] [M]: 0x00001000 (0x00000297) auipc t0, 0
x5 <- 0x00001000


mem[X,0x00001004] -> 0x8593
mem[X,0x00001006] -> 0x0202
[1] [M]: 0x00001004 (0x02028593) addi a1, t0, 32
x11 <- 0x00001020


mem[X,0x00001008] -> 0x2573
mem[X,0x0000100A] -> 0xF140
[2] [M]: 0x00001008 (0xF1402573) csrrs a0, mhartid, zero
CSR mhartid -> 0x00000000
x10 <- 0x00000000


mem[X,0x0000100C] -> 0xA283
mem[X,0x0000100E] -> 0x0182
[3] [M]: 0x0000100C (0x0182A283) lw t0, 24(t0)
mem[R,0x00001018] -> 0x80000000
x5 <- 0x80000000


mem[X,0x00001010] -> 0x8067
mem[X,0x00001012] -> 0x0002
[4] [M]: 0x00001010 (0x00028067) jalr zero, t0, 0


mem[X,0x80000000] -> 0xC0B7
mem[X,0x80000002] -> 0xFEED
[5] [M]: 0x80000000 (0xFEEDC0B7) lui ra, 1044188
x1 <- 0xFEEDC000


mem[X,0x80000004] -> 0x8093
mem[X,0x80000006] -> 0xEAD0
[6] [M]: 0x80000004 (0xEAD08093) addi ra, ra, 3757
x1 <- 0xFEEDBEAD


mem[X,0x80000008] -> 0xE137
mem[X,0x8000000A] -> 0xFF76
[7] [M]: 0x80000008 (0xFF76E137) lui sp, 1046382
x2 <- 0xFF76E000


mem[X,0x8000000C] -> 0x0113
mem[X,0x8000000E] -> 0xF561
[8] [M]: 0x8000000C (0xF5610113) addi sp, sp, 3926
x2 <- 0xFF76DF56


mem[X,0x80000010] -> 0x71B7
mem[X,0x80000012] -> 0x7FBB
[9] [M]: 0x80000010 (0x7FBB71B7) lui gp, 523191
x3 <- 0x7FBB7000


mem[X,0x80000014] -> 0x8193
mem[X,0x80000016] -> 0xFAB1
[10] [M]: 0x80000014 (0xFAB18193) addi gp, gp, 4011
x3 <- 0x7FBB6FAB


mem[X,0x80000018] -> 0xB237
mem[X,0x8000001A] -> 0xBFDD
[11] [M]: 0x80000018 (0xBFDDB237) lui tp, 785883
x4 <- 0xBFDDB000


mem[X,0x8000001C] -> 0x0213
mem[X,0x8000001E] -> 0x7D52
[12] [M]: 0x8000001C (0x7D520213) addi tp, tp, 2005
x4 <- 0xBFDDB7D5


mem[X,0x80000020] -> 0x0297
mem[X,0x80000022] -> 0x0000
[13] [M]: 0x80000020 (0x00000297) auipc t0, 0
x5 <- 0x80000020


mem[X,0x80000024] -> 0x8293
mem[X,0x80000026] -> 0x0D82
[14] [M]: 0x80000024 (0x0D828293) addi t0, t0, 216
x5 <- 0x800000F8


mem[X,0x80000028] -> 0xA317
mem[X,0x8000002A] -> 0x0004
[15] [M]: 0x80000028 (0x0004A317) auipc t1, 74
x6 <- 0x8004A028


mem[X,0x8000002C] -> 0x0313
mem[X,0x8000002E] -> 0xFD83
[16] [M]: 0x8000002C (0xFD830313) addi t1, t1, 4056
x6 <- 0x8004A000


mem[X,0x80000030] -> 0xB3B7
mem[X,0x80000032] -> 0xB7FB
[17] [M]: 0x80000030 (0xB7FBB3B7) lui t2, 753595
x7 <- 0xB7FBB000


mem[X,0x80000034] -> 0x8393
mem[X,0x80000036] -> 0x6FA3
[18] [M]: 0x80000034 (0x6FA38393) addi t2, t2, 1786
x7 <- 0xB7FBB6FA


mem[X,0x80000038] -> 0xE437
mem[X,0x8000003A] -> 0x5BFD
[19] [M]: 0x80000038 (0x5BFDE437) lui fp, 376798
x8 <- 0x5BFDE000


mem[X,0x8000003C] -> 0x0413
mem[X,0x8000003E] -> 0xB7D4
[20] [M]: 0x8000003C (0xB7D40413) addi fp, fp, 2941
x8 <- 0x5BFDDB7D


mem[X,0x80000040] -> 0xF4B7
mem[X,0x80000042] -> 0xADFE
[21] [M]: 0x80000040 (0xADFEF4B7) lui s1, 712687
x9 <- 0xADFEF000


mem[X,0x80000044] -> 0x8493
mem[X,0x80000046] -> 0xDBE4
[22] [M]: 0x80000044 (0xDBE48493) addi s1, s1, 3518
x9 <- 0xADFEEDBE


mem[X,0x80000048] -> 0x7537
mem[X,0x8000004A] -> 0x56FF
[23] [M]: 0x80000048 (0x56FF7537) lui a0, 356343
x10 <- 0x56FF7000


mem[X,0x8000004C] -> 0x0513
mem[X,0x8000004E] -> 0x6DF5
[24] [M]: 0x8000004C (0x6DF50513) addi a0, a0, 1759
x10 <- 0x56FF76DF


mem[X,0x80000050] -> 0xC5B7
mem[X,0x80000052] -> 0xAB7F
[25] [M]: 0x80000050 (0xAB7FC5B7) lui a1, 702460
x11 <- 0xAB7FC000


mem[X,0x80000054] -> 0x8593
mem[X,0x80000056] -> 0xB6F5
[26] [M]: 0x80000054 (0xB6F58593) addi a1, a1, 2927
x11 <- 0xAB7FBB6F


mem[X,0x80000058] -> 0xE637
mem[X,0x8000005A] -> 0xD5BF
[27] [M]: 0x80000058 (0xD5BFE637) lui a2, 875518
x12 <- 0xD5BFE000


mem[X,0x8000005C] -> 0x0613
mem[X,0x8000005E] -> 0xDB76
[28] [M]: 0x8000005C (0xDB760613) addi a2, a2, 3511
x12 <- 0xD5BFDDB7


mem[X,0x80000060] -> 0xF6B7
mem[X,0x80000062] -> 0xEADF
[29] [M]: 0x80000060 (0xEADFF6B7) lui a3, 962047
x13 <- 0xEADFF000


mem[X,0x80000064] -> 0x8693
mem[X,0x80000066] -> 0xEDB6
[30] [M]: 0x80000064 (0xEDB68693) addi a3, a3, 3803
x13 <- 0xEADFEEDB


mem[X,0x80000068] -> 0xF737
mem[X,0x8000006A] -> 0xF56F
[31] [M]: 0x80000068 (0xF56FF737) lui a4, 1005311
x14 <- 0xF56FF000


mem[X,0x8000006C] -> 0x0713
mem[X,0x8000006E] -> 0x76D7
[32] [M]: 0x8000006C (0x76D70713) addi a4, a4, 1901
x14 <- 0xF56FF76D


mem[X,0x80000070] -> 0x07B7
mem[X,0x80000072] -> 0xFAB8
[33] [M]: 0x80000070 (0xFAB807B7) lui a5, 1026944
x15 <- 0xFAB80000


mem[X,0x80000074] -> 0x8793
mem[X,0x80000076] -> 0xBB67
[34] [M]: 0x80000074 (0xBB678793) addi a5, a5, 2998
x15 <- 0xFAB7FBB6


mem[X,0x80000078] -> 0x0837
mem[X,0x8000007A] -> 0x7D5C
[35] [M]: 0x80000078 (0x7D5C0837) lui a6, 513472
x16 <- 0x7D5C0000


mem[X,0x8000007C] -> 0x0813
mem[X,0x8000007E] -> 0xDDB8
[36] [M]: 0x8000007C (0xDDB80813) addi a6, a6, 3547
x16 <- 0x7D5BFDDB


mem[X,0x80000080] -> 0x08B7
mem[X,0x80000082] -> 0xBEAE
[37] [M]: 0x80000080 (0xBEAE08B7) lui a7, 781024
x17 <- 0xBEAE0000


mem[X,0x80000084] -> 0x8893
mem[X,0x80000086] -> 0xEED8
[38] [M]: 0x80000084 (0xEED88893) addi a7, a7, 3821
x17 <- 0xBEADFEED


mem[X,0x80000088] -> 0x0937
mem[X,0x8000008A] -> 0xDF57
[39] [M]: 0x80000088 (0xDF570937) lui s2, 914800
x18 <- 0xDF570000


mem[X,0x8000008C] -> 0x0913
mem[X,0x8000008E] -> 0xF769
[40] [M]: 0x8000008C (0xF7690913) addi s2, s2, 3958
x18 <- 0xDF56FF76


mem[X,0x80000090] -> 0x89B7
mem[X,0x80000092] -> 0x6FAB
[41] [M]: 0x80000090 (0x6FAB89B7) lui s3, 457400
x19 <- 0x6FAB8000


mem[X,0x80000094] -> 0x8993
mem[X,0x80000096] -> 0xFBB9
[42] [M]: 0x80000094 (0xFBB98993) addi s3, s3, 4027
x19 <- 0x6FAB7FBB


mem[X,0x80000098] -> 0xCA37
mem[X,0x8000009A] -> 0xB7D5
[43] [M]: 0x80000098 (0xB7D5CA37) lui s4, 752988
x20 <- 0xB7D5C000


mem[X,0x8000009C] -> 0x0A13
mem[X,0x8000009E] -> 0xFDDA
[44] [M]: 0x8000009C (0xFDDA0A13) addi s4, s4, 4061
x20 <- 0xB7D5BFDD


mem[X,0x800000A0] -> 0xEAB7
mem[X,0x800000A2] -> 0xDBEA
[45] [M]: 0x800000A0 (0xDBEAEAB7) lui s5, 900782
x21 <- 0xDBEAE000


mem[X,0x800000A4] -> 0x8A93
mem[X,0x800000A6] -> 0xFEEA
[46] [M]: 0x800000A4 (0xFEEA8A93) addi s5, s5, 4078
x21 <- 0xDBEADFEE


mem[X,0x800000A8] -> 0x7B37
mem[X,0x800000AA] -> 0x6DF5
[47] [M]: 0x800000A8 (0x6DF57B37) lui s6, 450391
x22 <- 0x6DF57000


mem[X,0x800000AC] -> 0x0B13
mem[X,0x800000AE] -> 0xFF7B
[48] [M]: 0x800000AC (0xFF7B0B13) addi s6, s6, 4087
x22 <- 0x6DF56FF7


mem[X,0x800000B0] -> 0xBBB7
mem[X,0x800000B2] -> 0xB6FA
[49] [M]: 0x800000B0 (0xB6FABBB7) lui s7, 749483
x23 <- 0xB6FAB000


mem[X,0x800000B4] -> 0x8B93
mem[X,0x800000B6] -> 0x7FBB
[50] [M]: 0x800000B4 (0x7FBB8B93) addi s7, s7, 2043
x23 <- 0xB6FAB7FB


mem[X,0x800000B8] -> 0x6C37
mem[X,0x800000BA] -> 0xDB7D
[51] [M]: 0x800000B8 (0xDB7D6C37) lui s8, 899030
x24 <- 0xDB7D6000


mem[X,0x800000BC] -> 0x0C13
mem[X,0x800000BE] -> 0xBFDC
[52] [M]: 0x800000BC (0xBFDC0C13) addi s8, s8, 3069
x24 <- 0xDB7D5BFD


mem[X,0x800000C0] -> 0xBCB7
mem[X,0x800000C2] -> 0xEDBE
[53] [M]: 0x800000C0 (0xEDBEBCB7) lui s9, 973803
x25 <- 0xEDBEB000


mem[X,0x800000C4] -> 0x8C93
mem[X,0x800000C6] -> 0xDFEC
[54] [M]: 0x800000C4 (0xDFEC8C93) addi s9, s9, 3582
x25 <- 0xEDBEADFE


mem[X,0x800000C8] -> 0x5D37
mem[X,0x800000CA] -> 0x76DF
[55] [M]: 0x800000C8 (0x76DF5D37) lui s10, 486901
x26 <- 0x76DF5000


mem[X,0x800000CC] -> 0x0D13
mem[X,0x800000CE] -> 0x6FFD
[56] [M]: 0x800000CC (0x6FFD0D13) addi s10, s10, 1791
x26 <- 0x76DF56FF


mem[X,0x800000D0] -> 0xBDB7
mem[X,0x800000D2] -> 0xBB6F
[57] [M]: 0x800000D0 (0xBB6FBDB7) lui s11, 767739
x27 <- 0xBB6FB000


mem[X,0x800000D4] -> 0x8D93
mem[X,0x800000D6] -> 0xB7FD
[58] [M]: 0x800000D4 (0xB7FD8D93) addi s11, s11, 2943
x27 <- 0xBB6FAB7F


mem[X,0x800000D8] -> 0xDE37
mem[X,0x800000DA] -> 0xDDB7
[59] [M]: 0x800000D8 (0xDDB7DE37) lui t3, 908157
x28 <- 0xDDB7D000


mem[X,0x800000DC] -> 0x0E13
mem[X,0x800000DE] -> 0x5BFE
[60] [M]: 0x800000DC (0x5BFE0E13) addi t3, t3, 1471
x28 <- 0xDDB7D5BF


mem[X,0x800000E0] -> 0xFEB7
mem[X,0x800000E2] -> 0xEEDB
[61] [M]: 0x800000E0 (0xEEDBFEB7) lui t4, 978367
x29 <- 0xEEDBF000


mem[X,0x800000E4] -> 0x8E93
mem[X,0x800000E6] -> 0xADFE
[62] [M]: 0x800000E4 (0xADFE8E93) addi t4, t4, 2783
x29 <- 0xEEDBEADF


mem[X,0x800000E8] -> 0xFF37
mem[X,0x800000EA] -> 0xF76D
[63] [M]: 0x800000E8 (0xF76DFF37) lui t5, 1013471
x30 <- 0xF76DF000


mem[X,0x800000EC] -> 0x0F13
mem[X,0x800000EE] -> 0x56FF
[64] [M]: 0x800000EC (0x56FF0F13) addi t5, t5, 1391
x30 <- 0xF76DF56F


mem[X,0x800000F0] -> 0x0FB7
mem[X,0x800000F2] -> 0xFBB7
[65] [M]: 0x800000F0 (0xFBB70FB7) lui t6, 1031024
x31 <- 0xFBB70000


mem[X,0x800000F4] -> 0x8F93
mem[X,0x800000F6] -> 0xAB7F
[66] [M]: 0x800000F4 (0xAB7F8F93) addi t6, t6, 2743
x31 <- 0xFBB6FAB7


mem[X,0x800000F8] -> 0xA497
mem[X,0x800000FA] -> 0x0004
[67] [M]: 0x800000F8 (0x0004A497) auipc s1, 74
x9 <- 0x8004A0F8


mem[X,0x800000FC] -> 0x8493
mem[X,0x800000FE] -> 0x11C4
[68] [M]: 0x800000FC (0x11C48493) addi s1, s1, 284
x9 <- 0x8004A214


mem[X,0x80000100] -> 0x0113
mem[X,0x80000102] -> 0x0080
[69] [M]: 0x80000100 (0x00800113) addi sp, zero, 8
x2 <- 0x00000008


mem[X,0x80000104] -> 0x0113
mem[X,0x80000106] -> 0x0080
[70] [M]: 0x80000104 (0x00800113) addi sp, zero, 8
x2 <- 0x00000008


mem[X,0x80000108] -> 0x0293
mem[X,0x8000010A] -> 0x0000
[71] [M]: 0x80000108 (0x00000293) addi t0, zero, 0
x5 <- 0x00000000


mem[X,0x8000010C] -> 0x006F
mem[X,0x8000010E] -> 0x00C0
[72] [M]: 0x8000010C (0x00C0006F) jal zero, 12


mem[X,0x80000118] -> 0x7CE3
mem[X,0x8000011A] -> 0xFE21
[73] [M]: 0x80000118 (0xFE217CE3) bgeu sp, sp, 8184


mem[X,0x80000110] -> 0x8293
mem[X,0x80000112] -> 0x0012
[74] [M]: 0x80000110 (0x00128293) addi t0, t0, 1
x5 <- 0x00000001


mem[X,0x80000114] -> 0x006F
mem[X,0x80000116] -> 0x0180
[75] [M]: 0x80000114 (0x0180006F) jal zero, 24


mem[X,0x8000012C] -> 0xA023
mem[X,0x8000012E] -> 0x0054
[76] [M]: 0x8000012C (0x0054A023) sw t0, 0(s1)
mem[0x8004A214] <- 0x00000001


mem[X,0x80000130] -> 0x0F93
mem[X,0x80000132] -> 0xFBF0
[77] [M]: 0x80000130 (0xFBF00F93) addi t6, zero, 4031
x31 <- 0xFFFFFFBF


mem[X,0x80000134] -> 0x0193
mem[X,0x80000136] -> 0xFBF0
[78] [M]: 0x80000134 (0xFBF00193) addi gp, zero, 4031
x3 <- 0xFFFFFFBF


mem[X,0x80000138] -> 0x0293
mem[X,0x8000013A] -> 0x0000
[79] [M]: 0x80000138 (0x00000293) addi t0, zero, 0
x5 <- 0x00000000


mem[X,0x8000013C] -> 0x006F
mem[X,0x8000013E] -> 0x00C0
[80] [M]: 0x8000013C (0x00C0006F) jal zero, 12


mem[X,0x80000148] -> 0xF063
mem[X,0x8000014A] -> 0x203F
[81] [M]: 0x80000148 (0x203FF063) bgeu t6, gp, 512


mem[X,0x80000348] -> 0x8293
mem[X,0x8000034A] -> 0x0032
[82] [M]: 0x80000348 (0x00328293) addi t0, t0, 3
x5 <- 0x00000003


mem[X,0x8000034C] -> 0x006F
mem[X,0x8000034E] -> 0x0040
[83] [M]: 0x8000034C (0x0040006F) jal zero, 4


mem[X,0x80000350] -> 0xA223
mem[X,0x80000352] -> 0x0054
[84] [M]: 0x80000350 (0x0054A223) sw t0, 4(s1)
mem[0x8004A218] <- 0x00000003


mem[X,0x80000354] -> 0x0AB7
mem[X,0x80000356] -> 0x0001
[85] [M]: 0x80000354 (0x00010AB7) lui s5, 16
x21 <- 0x00010000


mem[X,0x80000358] -> 0x8A93
mem[X,0x8000035A] -> 0xFFFA
[86] [M]: 0x80000358 (0xFFFA8A93) addi s5, s5, 4095
x21 <- 0x0000FFFF


mem[X,0x8000035C] -> 0x0CB7
mem[X,0x8000035E] -> 0x0001
[87] [M]: 0x8000035C (0x00010CB7) lui s9, 16
x25 <- 0x00010000


mem[X,0x80000360] -> 0x8C93
mem[X,0x80000362] -> 0xFFFC
[88] [M]: 0x80000360 (0xFFFC8C93) addi s9, s9, 4095
x25 <- 0x0000FFFF


mem[X,0x80000364] -> 0x0293
mem[X,0x80000366] -> 0x0000
[89] [M]: 0x80000364 (0x00000293) addi t0, zero, 0
x5 <- 0x00000000


mem[X,0x80000368] -> 0x006F
mem[X,0x8000036A] -> 0x00C0
[90] [M]: 0x80000368 (0x00C0006F) jal zero, 12


mem[X,0x80000374] -> 0xFCE3
mem[X,0x80000376] -> 0xFF9A
[91] [M]: 0x80000374 (0xFF9AFCE3) bgeu s5, s9, 8184


mem[X,0x8000036C] -> 0x8293
mem[X,0x8000036E] -> 0x0012
[92] [M]: 0x8000036C (0x00128293) addi t0, t0, 1
x5 <- 0x00000001


mem[X,0x80000370] -> 0x006F
mem[X,0x80000372] -> 0x0180
[93] [M]: 0x80000370 (0x0180006F) jal zero, 24


mem[X,0x80000388] -> 0xA423
mem[X,0x8000038A] -> 0x0054
[94] [M]: 0x80000388 (0x0054A423) sw t0, 8(s1)
mem[0x8004A21C] <- 0x00000001


mem[X,0x8000038C] -> 0x0DB7
mem[X,0x8000038E] -> 0xFFFC
[95] [M]: 0x8000038C (0xFFFC0DB7) lui s11, 1048512
x27 <- 0xFFFC0000


mem[X,0x80000390] -> 0x8D93
mem[X,0x80000392] -> 0xFFFD
[96] [M]: 0x80000390 (0xFFFD8D93) addi s11, s11, 4095
x27 <- 0xFFFBFFFF


mem[X,0x80000394] -> 0x06B7
mem[X,0x80000396] -> 0xFFF0
[97] [M]: 0x80000394 (0xFFF006B7) lui a3, 1048320
x13 <- 0xFFF00000


mem[X,0x80000398] -> 0x8693
mem[X,0x8000039A] -> 0xFFF6
[98] [M]: 0x80000398 (0xFFF68693) addi a3, a3, 4095
x13 <- 0xFFEFFFFF


mem[X,0x8000039C] -> 0x0293
mem[X,0x8000039E] -> 0x0000
[99] [M]: 0x8000039C (0x00000293) addi t0, zero, 0
x5 <- 0x00000000


clint::tick mtime <- 0x0000000000000001
 clint timer pending at mtime 0x0000000000000001
htif::tick 0x0000000000000000
mem[X,0x800003A0] -> 0x006F
mem[X,0x800003A2] -> 0x00C0
[100] [M]: 0x800003A0 (0x00C0006F) jal zero, 12


mem[X,0x800003AC] -> 0xF663
mem[X,0x800003AE] -> 0x00DD
[101] [M]: 0x800003AC (0x00DDF663) bgeu s11, a3, 12


mem[X,0x800003B8] -> 0x8293
mem[X,0x800003BA] -> 0x0032
[102] [M]: 0x800003B8 (0x00328293) addi t0, t0, 3
x5 <- 0x00000003


mem[X,0x800003BC] -> 0x006F
mem[X,0x800003BE] -> 0x0040
[103] [M]: 0x800003BC (0x0040006F) jal zero, 4


mem[X,0x800003C0] -> 0xA623
mem[X,0x800003C2] -> 0x0054
[104] [M]: 0x800003C0 (0x0054A623) sw t0, 12(s1)
mem[0x8004A220] <- 0x00000003


mem[X,0x800003C4] -> 0xB737
mem[X,0x800003C6] -> 0xAAAA
[105] [M]: 0x800003C4 (0xAAAAB737) lui a4, 699051
x14 <- 0xAAAAB000


mem[X,0x800003C8] -> 0x0713
mem[X,0x800003CA] -> 0xAAB7
[106] [M]: 0x800003C8 (0xAAB70713) addi a4, a4, 2731
x14 <- 0xAAAAAAAB


mem[X,0x800003CC] -> 0x0E93
mem[X,0x800003CE] -> 0x0040
[107] [M]: 0x800003CC (0x00400E93) addi t4, zero, 4
x29 <- 0x00000004


mem[X,0x800003D0] -> 0x0293
mem[X,0x800003D2] -> 0x0000
[108] [M]: 0x800003D0 (0x00000293) addi t0, zero, 0
x5 <- 0x00000000


mem[X,0x800003D4] -> 0x006F
mem[X,0x800003D6] -> 0x0100
[109] [M]: 0x800003D4 (0x0100006F) jal zero, 16


mem[X,0x800003E4] -> 0x7AE3
mem[X,0x800003E6] -> 0xFFD7
[110] [M]: 0x800003E4 (0xFFD77AE3) bgeu a4, t4, 8180


mem[X,0x800003D8] -> 0x8293
mem[X,0x800003DA] -> 0x0012
[111] [M]: 0x800003D8 (0x00128293) addi t0, t0, 1
x5 <- 0x00000001


mem[X,0x800003DC] -> 0x006F
mem[X,0x800003DE] -> 0x01C0
[112] [M]: 0x800003DC (0x01C0006F) jal zero, 28


mem[X,0x800003F8] -> 0xA823
mem[X,0x800003FA] -> 0x0054
[113] [M]: 0x800003F8 (0x0054A823) sw t0, 16(s1)
mem[0x8004A224] <- 0x00000001


mem[X,0x800003FC] -> 0x0393
mem[X,0x800003FE] -> 0x0070
[114] [M]: 0x800003FC (0x00700393) addi t2, zero, 7
x7 <- 0x00000007


mem[X,0x80000400] -> 0xB837
mem[X,0x80000402] -> 0x0000
[115] [M]: 0x80000400 (0x0000B837) lui a6, 11
x16 <- 0x0000B000


mem[X,0x80000404] -> 0x0813
mem[X,0x80000406] -> 0x5048
[116] [M]: 0x80000404 (0x50480813) addi a6, a6, 1284
x16 <- 0x0000B504


mem[X,0x80000408] -> 0x0293
mem[X,0x8000040A] -> 0x0000
[117] [M]: 0x80000408 (0x00000293) addi t0, zero, 0
x5 <- 0x00000000


mem[X,0x8000040C] -> 0x006F
mem[X,0x8000040E] -> 0x00C0
[118] [M]: 0x8000040C (0x00C0006F) jal zero, 12


mem[X,0x80000418] -> 0xF063
mem[X,0x8000041A] -> 0x4103
[119] [M]: 0x80000418 (0x4103F063) bgeu t2, a6, 1024


mem[X,0x8000041C] -> 0x8293
mem[X,0x8000041E] -> 0x0022
[120] [M]: 0x8000041C (0x00228293) addi t0, t0, 2
x5 <- 0x00000002


mem[X,0x80000420] -> 0x006F
mem[X,0x80000422] -> 0x4000
[121] [M]: 0x80000420 (0x4000006F) jal zero, 1024


mem[X,0x80000820] -> 0xAA23
mem[X,0x80000822] -> 0x0054
[122] [M]: 0x80000820 (0x0054AA23) sw t0, 20(s1)
mem[0x8004A228] <- 0x00000002


mem[X,0x80000824] -> 0xB5B7
mem[X,0x80000826] -> 0xAAAA
[123] [M]: 0x80000824 (0xAAAAB5B7) lui a1, 699051
x11 <- 0xAAAAB000


mem[X,0x80000828] -> 0x8593
mem[X,0x8000082A] -> 0xAA95
[124] [M]: 0x80000828 (0xAA958593) addi a1, a1, 2729
x11 <- 0xAAAAAAA9


mem[X,0x8000082C] -> 0x0993
mem[X,0x8000082E] -> 0x0010
[125] [M]: 0x8000082C (0x00100993) addi s3, zero, 1
x19 <- 0x00000001


mem[X,0x80000830] -> 0x0293
mem[X,0x80000832] -> 0x0000
[126] [M]: 0x80000830 (0x00000293) addi t0, zero, 0
x5 <- 0x00000000


mem[X,0x80000834] -> 0x006F
mem[X,0x80000836] -> 0x00C0
[127] [M]: 0x80000834 (0x00C0006F) jal zero, 12


mem[X,0x80000840] -> 0xF063
mem[X,0x80000842] -> 0x0535
[128] [M]: 0x80000840 (0x0535F063) bgeu a1, s3, 64


mem[X,0x80000880] -> 0x8293
mem[X,0x80000882] -> 0x0032
[129] [M]: 0x80000880 (0x00328293) addi t0, t0, 3
x5 <- 0x00000003


mem[X,0x80000884] -> 0x006F
mem[X,0x80000886] -> 0x0040
[130] [M]: 0x80000884 (0x0040006F) jal zero, 4


mem[X,0x80000888] -> 0xAC23
mem[X,0x8000088A] -> 0x0054
[131] [M]: 0x80000888 (0x0054AC23) sw t0, 24(s1)
mem[0x8004A22C] <- 0x00000003


mem[X,0x8000088C] -> 0xB537
mem[X,0x8000088E] -> 0xAAAA
[132] [M]: 0x8000088C (0xAAAAB537) lui a0, 699051
x10 <- 0xAAAAB000


mem[X,0x80000890] -> 0x0513
mem[X,0x80000892] -> 0xAAA5
[133] [M]: 0x80000890 (0xAAA50513) addi a0, a0, 2730
x10 <- 0xAAAAAAAA


mem[X,0x80000894] -> 0x0A93
mem[X,0x80000896] -> 0x0020
[134] [M]: 0x80000894 (0x00200A93) addi s5, zero, 2
x21 <- 0x00000002


mem[X,0x80000898] -> 0x0293
mem[X,0x8000089A] -> 0x0000
[135] [M]: 0x80000898 (0x00000293) addi t0, zero, 0
x5 <- 0x00000000


mem[X,0x8000089C] -> 0x006F
mem[X,0x8000089E] -> 0x00C0
[136] [M]: 0x8000089C (0x00C0006F) jal zero, 12


mem[X,0x800008A8] -> 0x7063
mem[X,0x800008AA] -> 0x0555
[137] [M]: 0x800008A8 (0x05557063) bgeu a0, s5, 64


mem[X,0x800008E8] -> 0x8293
mem[X,0x800008EA] -> 0x0032
[138] [M]: 0x800008E8 (0x00328293) addi t0, t0, 3
x5 <- 0x00000003


mem[X,0x800008EC] -> 0x006F
mem[X,0x800008EE] -> 0x0040
[139] [M]: 0x800008EC (0x0040006F) jal zero, 4


mem[X,0x800008F0] -> 0xAE23
mem[X,0x800008F2] -> 0x0054
[140] [M]: 0x800008F0 (0x0054AE23) sw t0, 28(s1)
mem[0x8004A230] <- 0x00000003


mem[X,0x800008F4] -> 0x0013
mem[X,0x800008F6] -> 0x0000
[141] [M]: 0x800008F4 (0x00000013) addi zero, zero, 0


mem[X,0x800008F8] -> 0x0A13
mem[X,0x800008FA] -> 0x0080
[142] [M]: 0x800008F8 (0x00800A13) addi s4, zero, 8
x20 <- 0x00000008


mem[X,0x800008FC] -> 0x0293
mem[X,0x800008FE] -> 0x0000
[143] [M]: 0x800008FC (0x00000293) addi t0, zero, 0
x5 <- 0x00000000


mem[X,0x80000900] -> 0x006F
mem[X,0x80000902] -> 0x0050
[144] [M]: 0x80000900 (0x0050006F) jal zero, 2052


mem[X,0x80001104] -> 0x70E3
mem[X,0x80001106] -> 0x8140
[145] [M]: 0x80001104 (0x814070E3) bgeu zero, s4, 6144


mem[X,0x80001108] -> 0x8293
mem[X,0x8000110A] -> 0x0022
[146] [M]: 0x80001108 (0x00228293) addi t0, t0, 2
x5 <- 0x00000002


mem[X,0x8000110C] -> 0x006F
mem[X,0x8000110E] -> 0x00C0
[147] [M]: 0x8000110C (0x00C0006F) jal zero, 12


mem[X,0x80001118] -> 0xA023
mem[X,0x8000111A] -> 0x0254
[148] [M]: 0x80001118 (0x0254A023) sw t0, 32(s1)
mem[0x8004A234] <- 0x00000002


mem[X,0x8000111C] -> 0x01B7
mem[X,0x8000111E] -> 0x0001
[149] [M]: 0x8000111C (0x000101B7) lui gp, 16
x3 <- 0x00010000


mem[X,0x80001120] -> 0x8193
mem[X,0x80001122] -> 0xFFF1
[150] [M]: 0x80001120 (0xFFF18193) addi gp, gp, 4095
x3 <- 0x0000FFFF


mem[X,0x80001124] -> 0x0D93
mem[X,0x80001126] -> 0x0100
[151] [M]: 0x80001124 (0x01000D93) addi s11, zero, 16
x27 <- 0x00000010


mem[X,0x80001128] -> 0x0293
mem[X,0x8000112A] -> 0x0000
[152] [M]: 0x80001128 (0x00000293) addi t0, zero, 0
x5 <- 0x00000000


mem[X,0x8000112C] -> 0x006F
mem[X,0x8000112E] -> 0x00C0
[153] [M]: 0x8000112C (0x00C0006F) jal zero, 12


mem[X,0x80001138] -> 0xFCE3
mem[X,0x8000113A] -> 0xFFB1
[154] [M]: 0x80001138 (0xFFB1FCE3) bgeu gp, s11, 8184


mem[X,0x80001130] -> 0x8293
mem[X,0x80001132] -> 0x0012
[155] [M]: 0x80001130 (0x00128293) addi t0, t0, 1
x5 <- 0x00000001


mem[X,0x80001134] -> 0x006F
mem[X,0x80001136] -> 0x0180
[156] [M]: 0x80001134 (0x0180006F) jal zero, 24


mem[X,0x8000114C] -> 0xA223
mem[X,0x8000114E] -> 0x0254
[157] [M]: 0x8000114C (0x0254A223) sw t0, 36(s1)
mem[0x8004A238] <- 0x00000001


mem[X,0x80001150] -> 0x0C93
mem[X,0x80001152] -> 0x0060
[158] [M]: 0x80001150 (0x00600C93) addi s9, zero, 6
x25 <- 0x00000006


mem[X,0x80001154] -> 0x0E13
mem[X,0x80001156] -> 0x0200
[159] [M]: 0x80001154 (0x02000E13) addi t3, zero, 32
x28 <- 0x00000020


mem[X,0x80001158] -> 0x0293
mem[X,0x8000115A] -> 0x0000
[160] [M]: 0x80001158 (0x00000293) addi t0, zero, 0
x5 <- 0x00000000


mem[X,0x8000115C] -> 0x006F
mem[X,0x8000115E] -> 0x0140
[161] [M]: 0x8000115C (0x0140006F) jal zero, 20


mem[X,0x80001170] -> 0xF8E3
mem[X,0x80001172] -> 0xFFCC
[162] [M]: 0x80001170 (0xFFCCF8E3) bgeu s9, t3, 8176


mem[X,0x80001174] -> 0x8293
mem[X,0x80001176] -> 0x0022
[163] [M]: 0x80001174 (0x00228293) addi t0, t0, 2
x5 <- 0x00000002


mem[X,0x80001178] -> 0x006F
mem[X,0x8000117A] -> 0x00C0
[164] [M]: 0x80001178 (0x00C0006F) jal zero, 12


mem[X,0x80001184] -> 0xA423
mem[X,0x80001186] -> 0x0254
[165] [M]: 0x80001184 (0x0254A423) sw t0, 40(s1)
mem[0x8004A23C] <- 0x00000002


mem[X,0x80001188] -> 0xFF37
mem[X,0x8000118A] -> 0xFFFF
[166] [M]: 0x80001188 (0xFFFFFF37) lui t5, 1048575
x30 <- 0xFFFFF000


mem[X,0x8000118C] -> 0x0F13
mem[X,0x8000118E] -> 0x7FFF
[167] [M]: 0x8000118C (0x7FFF0F13) addi t5, t5, 2047
x30 <- 0xFFFFF7FF


mem[X,0x80001190] -> 0x0013
mem[X,0x80001192] -> 0x0000
[168] [M]: 0x80001190 (0x00000013) addi zero, zero, 0


mem[X,0x80001194] -> 0x0293
mem[X,0x80001196] -> 0x0000
[169] [M]: 0x80001194 (0x00000293) addi t0, zero, 0
x5 <- 0x00000000


mem[X,0x80001198] -> 0x006F
mem[X,0x8000119A] -> 0x0140
[170] [M]: 0x80001198 (0x0140006F) jal zero, 20


mem[X,0x800011AC] -> 0x78E3
mem[X,0x800011AE] -> 0xFE0F
[171] [M]: 0x800011AC (0xFE0F78E3) bgeu t5, zero, 8176


mem[X,0x8000119C] -> 0x8293
mem[X,0x8000119E] -> 0x0012
[172] [M]: 0x8000119C (0x00128293) addi t0, t0, 1
x5 <- 0x00000001


mem[X,0x800011A0] -> 0x006F
mem[X,0x800011A2] -> 0x0200
[173] [M]: 0x800011A0 (0x0200006F) jal zero, 32


mem[X,0x800011C0] -> 0xA623
mem[X,0x800011C2] -> 0x0254
[174] [M]: 0x800011C0 (0x0254A623) sw t0, 44(s1)
mem[0x8004A240] <- 0x00000001


mem[X,0x800011C4] -> 0x0E93
mem[X,0x800011C6] -> 0x00D0
[175] [M]: 0x800011C4 (0x00D00E93) addi t4, zero, 13
x29 <- 0x0000000D


mem[X,0x800011C8] -> 0x0B93
mem[X,0x800011CA] -> 0x0800
[176] [M]: 0x800011C8 (0x08000B93) addi s7, zero, 128
x23 <- 0x00000080


mem[X,0x800011CC] -> 0x0293
mem[X,0x800011CE] -> 0x0000
[177] [M]: 0x800011CC (0x00000293) addi t0, zero, 0
x5 <- 0x00000000


mem[X,0x800011D0] -> 0x006F
mem[X,0x800011D2] -> 0x00C0
[178] [M]: 0x800011D0 (0x00C0006F) jal zero, 12


mem[X,0x800011DC] -> 0xF063
mem[X,0x800011DE] -> 0x217E
[179] [M]: 0x800011DC (0x217EF063) bgeu t4, s7, 512


mem[X,0x800011E0] -> 0x8293
mem[X,0x800011E2] -> 0x0022
[180] [M]: 0x800011E0 (0x00228293) addi t0, t0, 2
x5 <- 0x00000002


mem[X,0x800011E4] -> 0x006F
mem[X,0x800011E6] -> 0x2000
[181] [M]: 0x800011E4 (0x2000006F) jal zero, 512


mem[X,0x800013E4] -> 0xA823
mem[X,0x800013E6] -> 0x0254
[182] [M]: 0x800013E4 (0x0254A823) sw t0, 48(s1)
mem[0x8004A244] <- 0x00000002


mem[X,0x800013E8] -> 0x0613
mem[X,0x800013EA] -> 0xF7F0
[183] [M]: 0x800013E8 (0xF7F00613) addi a2, zero, 3967
x12 <- 0xFFFFFF7F


mem[X,0x800013EC] -> 0x0413
mem[X,0x800013EE] -> 0x1000
[184] [M]: 0x800013EC (0x10000413) addi fp, zero, 256
x8 <- 0x00000100


mem[X,0x800013F0] -> 0x0293
mem[X,0x800013F2] -> 0x0000
[185] [M]: 0x800013F0 (0x00000293) addi t0, zero, 0
x5 <- 0x00000000


mem[X,0x800013F4] -> 0x006F
mem[X,0x800013F6] -> 0x00C0
[186] [M]: 0x800013F4 (0x00C0006F) jal zero, 12


mem[X,0x80001400] -> 0x7063
mem[X,0x80001402] -> 0x2086
[187] [M]: 0x80001400 (0x20867063) bgeu a2, fp, 512


mem[X,0x80001600] -> 0x8293
mem[X,0x80001602] -> 0x0032
[188] [M]: 0x80001600 (0x00328293) addi t0, t0, 3
x5 <- 0x00000003


mem[X,0x80001604] -> 0x006F
mem[X,0x80001606] -> 0x0040
[189] [M]: 0x80001604 (0x0040006F) jal zero, 4


mem[X,0x80001608] -> 0xAA23
mem[X,0x8000160A] -> 0x0254
[190] [M]: 0x80001608 (0x0254AA23) sw t0, 52(s1)
mem[0x8004A248] <- 0x00000003


mem[X,0x8000160C] -> 0xBB37
mem[X,0x8000160E] -> 0x0000
[191] [M]: 0x8000160C (0x0000BB37) lui s6, 11
x22 <- 0x0000B000


mem[X,0x80001610] -> 0x0B13
mem[X,0x80001612] -> 0x504B
[192] [M]: 0x80001610 (0x504B0B13) addi s6, s6, 1284
x22 <- 0x0000B504


mem[X,0x80001614] -> 0x0393
mem[X,0x80001616] -> 0x2000
[193] [M]: 0x80001614 (0x20000393) addi t2, zero, 512
x7 <- 0x00000200


mem[X,0x80001618] -> 0x0293
mem[X,0x8000161A] -> 0x0000
[194] [M]: 0x80001618 (0x00000293) addi t0, zero, 0
x5 <- 0x00000000


mem[X,0x8000161C] -> 0x006F
mem[X,0x8000161E] -> 0x00C0
[195] [M]: 0x8000161C (0x00C0006F) jal zero, 12


mem[X,0x80001628] -> 0x7663
mem[X,0x8000162A] -> 0x007B
[196] [M]: 0x80001628 (0x007B7663) bgeu s6, t2, 12


mem[X,0x80001634] -> 0x8293
mem[X,0x80001636] -> 0x0032
[197] [M]: 0x80001634 (0x00328293) addi t0, t0, 3
x5 <- 0x00000003


mem[X,0x80001638] -> 0x006F
mem[X,0x8000163A] -> 0x0040
[198] [M]: 0x80001638 (0x0040006F) jal zero, 4


mem[X,0x8000163C] -> 0xAC23
mem[X,0x8000163E] -> 0x0254
[199] [M]: 0x8000163C (0x0254AC23) sw t0, 56(s1)
mem[0x8004A24C] <- 0x00000003


clint::tick mtime <- 0x0000000000000002
 clint timer pending at mtime 0x0000000000000002
htif::tick 0x0000000000000000
mem[X,0x80001640] -> 0x4C37
mem[X,0x80001642] -> 0x0000
[200] [M]: 0x80001640 (0x00004C37) lui s8, 4
x24 <- 0x00004000


mem[X,0x80001644] -> 0x0D13
mem[X,0x80001646] -> 0x4000
[201] [M]: 0x80001644 (0x40000D13) addi s10, zero, 1024
x26 <- 0x00000400


mem[X,0x80001648] -> 0x0293
mem[X,0x8000164A] -> 0x0000
[202] [M]: 0x80001648 (0x00000293) addi t0, zero, 0
x5 <- 0x00000000


mem[X,0x8000164C] -> 0x006F
mem[X,0x8000164E] -> 0x00C0
[203] [M]: 0x8000164C (0x00C0006F) jal zero, 12


mem[X,0x80001658] -> 0x7063
mem[X,0x8000165A] -> 0x05AC
[204] [M]: 0x80001658 (0x05AC7063) bgeu s8, s10, 64


mem[X,0x80001698] -> 0x8293
mem[X,0x8000169A] -> 0x0032
[205] [M]: 0x80001698 (0x00328293) addi t0, t0, 3
x5 <- 0x00000003


mem[X,0x8000169C] -> 0x006F
mem[X,0x8000169E] -> 0x0040
[206] [M]: 0x8000169C (0x0040006F) jal zero, 4


mem[X,0x800016A0] -> 0xAE23
mem[X,0x800016A2] -> 0x0254
[207] [M]: 0x800016A0 (0x0254AE23) sw t0, 60(s1)
mem[0x8004A250] <- 0x00000003


mem[X,0x800016A4] -> 0x0337
mem[X,0x800016A6] -> 0x0008
[208] [M]: 0x800016A4 (0x00080337) lui t1, 128
x6 <- 0x00080000


mem[X,0x800016A8] -> 0x1B37
mem[X,0x800016AA] -> 0x0000
[209] [M]: 0x800016A8 (0x00001B37) lui s6, 1
x22 <- 0x00001000


mem[X,0x800016AC] -> 0x0B13
mem[X,0x800016AE] -> 0x800B
[210] [M]: 0x800016AC (0x800B0B13) addi s6, s6, 2048
x22 <- 0x00000800


mem[X,0x800016B0] -> 0x0293
mem[X,0x800016B2] -> 0x0000
[211] [M]: 0x800016B0 (0x00000293) addi t0, zero, 0
x5 <- 0x00000000


mem[X,0x800016B4] -> 0x006F
mem[X,0x800016B6] -> 0x00C0
[212] [M]: 0x800016B4 (0x00C0006F) jal zero, 12


mem[X,0x800016C0] -> 0x7063
mem[X,0x800016C2] -> 0x0563
[213] [M]: 0x800016C0 (0x05637063) bgeu t1, s6, 64


mem[X,0x80001700] -> 0x8293
mem[X,0x80001702] -> 0x0032
[214] [M]: 0x80001700 (0x00328293) addi t0, t0, 3
x5 <- 0x00000003


mem[X,0x80001704] -> 0x006F
mem[X,0x80001706] -> 0x0040
[215] [M]: 0x80001704 (0x0040006F) jal zero, 4


mem[X,0x80001708] -> 0xA023
mem[X,0x8000170A] -> 0x0454
[216] [M]: 0x80001708 (0x0454A023) sw t0, 64(s1)
mem[0x8004A254] <- 0x00000003


mem[X,0x8000170C] -> 0x0213
mem[X,0x8000170E] -> 0x0080
[217] [M]: 0x8000170C (0x00800213) addi tp, zero, 8
x4 <- 0x00000008


mem[X,0x80001710] -> 0x1937
mem[X,0x80001712] -> 0x0000
[218] [M]: 0x80001710 (0x00001937) lui s2, 1
x18 <- 0x00001000


mem[X,0x80001714] -> 0x0293
mem[X,0x80001716] -> 0x0000
[219] [M]: 0x80001714 (0x00000293) addi t0, zero, 0
x5 <- 0x00000000


mem[X,0x80001718] -> 0x006F
mem[X,0x8000171A] -> 0x00C0
[220] [M]: 0x80001718 (0x00C0006F) jal zero, 12


mem[X,0x80001724] -> 0x7CE3
mem[X,0x80001726] -> 0xFF22
[221] [M]: 0x80001724 (0xFF227CE3) bgeu tp, s2, 8184


mem[X,0x80001728] -> 0x8293
mem[X,0x8000172A] -> 0x0022
[222] [M]: 0x80001728 (0x00228293) addi t0, t0, 2
x5 <- 0x00000002


mem[X,0x8000172C] -> 0x006F
mem[X,0x8000172E] -> 0x00C0
[223] [M]: 0x8000172C (0x00C0006F) jal zero, 12


mem[X,0x80001738] -> 0xA223
mem[X,0x8000173A] -> 0x0454
[224] [M]: 0x80001738 (0x0454A223) sw t0, 68(s1)
mem[0x8004A258] <- 0x00000002


mem[X,0x8000173C] -> 0xB0B7
mem[X,0x8000173E] -> 0x0000
[225] [M]: 0x8000173C (0x0000B0B7) lui ra, 11
x1 <- 0x0000B000


mem[X,0x80001740] -> 0x8093
mem[X,0x80001742] -> 0x5050
[226] [M]: 0x80001740 (0x50508093) addi ra, ra, 1285
x1 <- 0x0000B505


mem[X,0x80001744] -> 0x2F37
mem[X,0x80001746] -> 0x0000
[227] [M]: 0x80001744 (0x00002F37) lui t5, 2
x30 <- 0x00002000


mem[X,0x80001748] -> 0x0293
mem[X,0x8000174A] -> 0x0000
[228] [M]: 0x80001748 (0x00000293) addi t0, zero, 0
x5 <- 0x00000000


mem[X,0x8000174C] -> 0x006F
mem[X,0x8000174E] -> 0x00C0
[229] [M]: 0x8000174C (0x00C0006F) jal zero, 12


mem[X,0x80001758] -> 0xFCE3
mem[X,0x8000175A] -> 0xFFE0
[230] [M]: 0x80001758 (0xFFE0FCE3) bgeu ra, t5, 8184


mem[X,0x80001750] -> 0x8293
mem[X,0x80001752] -> 0x0012
[231] [M]: 0x80001750 (0x00128293) addi t0, t0, 1
x5 <- 0x00000001


mem[X,0x80001754] -> 0x006F
mem[X,0x80001756] -> 0x0180
[232] [M]: 0x80001754 (0x0180006F) jal zero, 24


mem[X,0x8000176C] -> 0xA423
mem[X,0x8000176E] -> 0x0454
[233] [M]: 0x8000176C (0x0454A423) sw t0, 72(s1)
mem[0x8004A25C] <- 0x00000001


mem[X,0x80001770] -> 0xB2B7
mem[X,0x80001772] -> 0xAAAA
[234] [M]: 0x80001770 (0xAAAAB2B7) lui t0, 699051
x5 <- 0xAAAAB000


mem[X,0x80001774] -> 0x8293
mem[X,0x80001776] -> 0xAAA2
[235] [M]: 0x80001774 (0xAAA28293) addi t0, t0, 2730
x5 <- 0xAAAAAAAA


mem[X,0x80001778] -> 0x4637
mem[X,0x8000177A] -> 0x0000
[236] [M]: 0x80001778 (0x00004637) lui a2, 4
x12 <- 0x00004000


mem[X,0x8000177C] -> 0x0193
mem[X,0x8000177E] -> 0x0000
[237] [M]: 0x8000177C (0x00000193) addi gp, zero, 0
x3 <- 0x00000000


mem[X,0x80001780] -> 0x006F
mem[X,0x80001782] -> 0x0100
[238] [M]: 0x80001780 (0x0100006F) jal zero, 16


mem[X,0x80001790] -> 0xFAE3
mem[X,0x80001792] -> 0xFEC2
[239] [M]: 0x80001790 (0xFEC2FAE3) bgeu t0, a2, 8180


mem[X,0x80001784] -> 0x8193
mem[X,0x80001786] -> 0x0011
[240] [M]: 0x80001784 (0x00118193) addi gp, gp, 1
x3 <- 0x00000001


mem[X,0x80001788] -> 0x006F
mem[X,0x8000178A] -> 0x01C0
[241] [M]: 0x80001788 (0x01C0006F) jal zero, 28


mem[X,0x800017A4] -> 0xA623
mem[X,0x800017A6] -> 0x0434
[242] [M]: 0x800017A4 (0x0434A623) sw gp, 76(s1)
mem[0x8004A260] <- 0x00000001


mem[X,0x800017A8] -> 0x9117
mem[X,0x800017AA] -> 0x0004
[243] [M]: 0x800017A8 (0x00049117) auipc sp, 73
x2 <- 0x8004A7A8


mem[X,0x800017AC] -> 0x0113
mem[X,0x800017AE] -> 0xABC1
[244] [M]: 0x800017AC (0xABC10113) addi sp, sp, 2748
x2 <- 0x8004A264


mem[X,0x800017B0] -> 0x0837
mem[X,0x800017B2] -> 0x0200
[245] [M]: 0x800017B0 (0x02000837) lui a6, 8192
x16 <- 0x02000000


mem[X,0x800017B4] -> 0x80B7
mem[X,0x800017B6] -> 0x0000
[246] [M]: 0x800017B4 (0x000080B7) lui ra, 8
x1 <- 0x00008000


mem[X,0x800017B8] -> 0x0193
mem[X,0x800017BA] -> 0x0000
[247] [M]: 0x800017B8 (0x00000193) addi gp, zero, 0
x3 <- 0x00000000


mem[X,0x800017BC] -> 0x006F
mem[X,0x800017BE] -> 0x00C0
[248] [M]: 0x800017BC (0x00C0006F) jal zero, 12


mem[X,0x800017C8] -> 0x7CE3
mem[X,0x800017CA] -> 0xFE18
[249] [M]: 0x800017C8 (0xFE187CE3) bgeu a6, ra, 8184


mem[X,0x800017C0] -> 0x8193
mem[X,0x800017C2] -> 0x0011
[250] [M]: 0x800017C0 (0x00118193) addi gp, gp, 1
x3 <- 0x00000001


mem[X,0x800017C4] -> 0x006F
mem[X,0x800017C6] -> 0x0180
[251] [M]: 0x800017C4 (0x0180006F) jal zero, 24


mem[X,0x800017DC] -> 0x2023
mem[X,0x800017DE] -> 0x0031
[252] [M]: 0x800017DC (0x00312023) sw gp, 0(sp)
mem[0x8004A264] <- 0x00000001


mem[X,0x800017E0] -> 0xFD37
mem[X,0x800017E2] -> 0xFFFF
[253] [M]: 0x800017E0 (0xFFFFFD37) lui s10, 1048575
x26 <- 0xFFFFF000


mem[X,0x800017E4] -> 0x0D13
mem[X,0x800017E6] -> 0x7FFD
[254] [M]: 0x800017E4 (0x7FFD0D13) addi s10, s10, 2047
x26 <- 0xFFFFF7FF


mem[X,0x800017E8] -> 0x0FB7
mem[X,0x800017EA] -> 0x0001
[255] [M]: 0x800017E8 (0x00010FB7) lui t6, 16
x31 <- 0x00010000


mem[X,0x800017EC] -> 0x0193
mem[X,0x800017EE] -> 0x0000
[256] [M]: 0x800017EC (0x00000193) addi gp, zero, 0
x3 <- 0x00000000


mem[X,0x800017F0] -> 0x006F
mem[X,0x800017F2] -> 0x00C0
[257] [M]: 0x800017F0 (0x00C0006F) jal zero, 12


mem[X,0x800017FC] -> 0x7663
mem[X,0x800017FE] -> 0x01FD
[258] [M]: 0x800017FC (0x01FD7663) bgeu s10, t6, 12


mem[X,0x80001808] -> 0x8193
mem[X,0x8000180A] -> 0x0031
[259] [M]: 0x80001808 (0x00318193) addi gp, gp, 3
x3 <- 0x00000003


mem[X,0x8000180C] -> 0x006F
mem[X,0x8000180E] -> 0x0040
[260] [M]: 0x8000180C (0x0040006F) jal zero, 4


mem[X,0x80001810] -> 0x2223
mem[X,0x80001812] -> 0x0031
[261] [M]: 0x80001810 (0x00312223) sw gp, 4(sp)
mem[0x8004A268] <- 0x00000003


mem[X,0x80001814] -> 0x0E37
mem[X,0x80001816] -> 0xC000
[262] [M]: 0x80001814 (0xC0000E37) lui t3, 786432
x28 <- 0xC0000000


mem[X,0x80001818] -> 0x0E13
mem[X,0x8000181A] -> 0xFFFE
[263] [M]: 0x80001818 (0xFFFE0E13) addi t3, t3, 4095
x28 <- 0xBFFFFFFF


mem[X,0x8000181C] -> 0x0537
mem[X,0x8000181E] -> 0x0002
[264] [M]: 0x8000181C (0x00020537) lui a0, 32
x10 <- 0x00020000


mem[X,0x80001820] -> 0x0193
mem[X,0x80001822] -> 0x0000
[265] [M]: 0x80001820 (0x00000193) addi gp, zero, 0
x3 <- 0x00000000


mem[X,0x80001824] -> 0x006F
mem[X,0x80001826] -> 0x0100
[266] [M]: 0x80001824 (0x0100006F) jal zero, 16


mem[X,0x80001834] -> 0x7AE3
mem[X,0x80001836] -> 0xFEAE
[267] [M]: 0x80001834 (0xFEAE7AE3) bgeu t3, a0, 8180


mem[X,0x80001828] -> 0x8193
mem[X,0x8000182A] -> 0x0011
[268] [M]: 0x80001828 (0x00118193) addi gp, gp, 1
x3 <- 0x00000001


mem[X,0x8000182C] -> 0x006F
mem[X,0x8000182E] -> 0x01C0
[269] [M]: 0x8000182C (0x01C0006F) jal zero, 28


mem[X,0x80001848] -> 0x2423
mem[X,0x8000184A] -> 0x0031
[270] [M]: 0x80001848 (0x00312423) sw gp, 8(sp)
mem[0x8004A26C] <- 0x00000001


mem[X,0x8000184C] -> 0x04B7
mem[X,0x8000184E] -> 0xFE00
[271] [M]: 0x8000184C (0xFE0004B7) lui s1, 1040384
x9 <- 0xFE000000


mem[X,0x80001850] -> 0x8493
mem[X,0x80001852] -> 0xFFF4
[272] [M]: 0x80001850 (0xFFF48493) addi s1, s1, 4095
x9 <- 0xFDFFFFFF


mem[X,0x80001854] -> 0x0C37
mem[X,0x80001856] -> 0x0004
[273] [M]: 0x80001854 (0x00040C37) lui s8, 64
x24 <- 0x00040000


mem[X,0x80001858] -> 0x0193
mem[X,0x8000185A] -> 0x0000
[274] [M]: 0x80001858 (0x00000193) addi gp, zero, 0
x3 <- 0x00000000


mem[X,0x8000185C] -> 0x006F
mem[X,0x8000185E] -> 0x00C0
[275] [M]: 0x8000185C (0x00C0006F) jal zero, 12


mem[X,0x80001868] -> 0xF063
mem[X,0x8000186A] -> 0x2184
[276] [M]: 0x80001868 (0x2184F063) bgeu s1, s8, 512


mem[X,0x80001A68] -> 0x8193
mem[X,0x80001A6A] -> 0x0031
[277] [M]: 0x80001A68 (0x00318193) addi gp, gp, 3
x3 <- 0x00000003


mem[X,0x80001A6C] -> 0x006F
mem[X,0x80001A6E] -> 0x0040
[278] [M]: 0x80001A6C (0x0040006F) jal zero, 4


mem[X,0x80001A70] -> 0x2623
mem[X,0x80001A72] -> 0x0031
[279] [M]: 0x80001A70 (0x00312623) sw gp, 12(sp)
mem[0x8004A270] <- 0x00000003


mem[X,0x80001A74] -> 0x0793
mem[X,0x80001A76] -> 0x0000
[280] [M]: 0x80001A74 (0x00000793) addi a5, zero, 0
x15 <- 0x00000000


mem[X,0x80001A78] -> 0x02B7
mem[X,0x80001A7A] -> 0x0008
[281] [M]: 0x80001A78 (0x000802B7) lui t0, 128
x5 <- 0x00080000


mem[X,0x80001A7C] -> 0x0193
mem[X,0x80001A7E] -> 0x0000
[282] [M]: 0x80001A7C (0x00000193) addi gp, zero, 0
x3 <- 0x00000000


mem[X,0x80001A80] -> 0x006F
mem[X,0x80001A82] -> 0x0050
[283] [M]: 0x80001A80 (0x0050006F) jal zero, 2052


mem[X,0x80002284] -> 0xF0E3
mem[X,0x80002286] -> 0x8057
[284] [M]: 0x80002284 (0x8057F0E3) bgeu a5, t0, 6144


mem[X,0x80002288] -> 0x8193
mem[X,0x8000228A] -> 0x0021
[285] [M]: 0x80002288 (0x00218193) addi gp, gp, 2
x3 <- 0x00000002


mem[X,0x8000228C] -> 0x006F
mem[X,0x8000228E] -> 0x00C0
[286] [M]: 0x8000228C (0x00C0006F) jal zero, 12


mem[X,0x80002298] -> 0x2823
mem[X,0x8000229A] -> 0x0031
[287] [M]: 0x80002298 (0x00312823) sw gp, 16(sp)
mem[0x8004A274] <- 0x00000002


mem[X,0x8000229C] -> 0x5937
mem[X,0x8000229E] -> 0x5555
[288] [M]: 0x8000229C (0x55555937) lui s2, 349525
x18 <- 0x55555000


mem[X,0x800022A0] -> 0x0913
mem[X,0x800022A2] -> 0x5569
[289] [M]: 0x800022A0 (0x55690913) addi s2, s2, 1366
x18 <- 0x55555556


mem[X,0x800022A4] -> 0x0737
mem[X,0x800022A6] -> 0x0010
[290] [M]: 0x800022A4 (0x00100737) lui a4, 256
x14 <- 0x00100000


mem[X,0x800022A8] -> 0x0193
mem[X,0x800022AA] -> 0x0000
[291] [M]: 0x800022A8 (0x00000193) addi gp, zero, 0
x3 <- 0x00000000


mem[X,0x800022AC] -> 0x006F
mem[X,0x800022AE] -> 0x00C0
[292] [M]: 0x800022AC (0x00C0006F) jal zero, 12


mem[X,0x800022B8] -> 0x7063
mem[X,0x800022BA] -> 0x02E9
[293] [M]: 0x800022B8 (0x02E97063) bgeu s2, a4, 32


mem[X,0x800022D8] -> 0x8193
mem[X,0x800022DA] -> 0x0031
[294] [M]: 0x800022D8 (0x00318193) addi gp, gp, 3
x3 <- 0x00000003


mem[X,0x800022DC] -> 0x006F
mem[X,0x800022DE] -> 0x0040
[295] [M]: 0x800022DC (0x0040006F) jal zero, 4


mem[X,0x800022E0] -> 0x2A23
mem[X,0x800022E2] -> 0x0031
[296] [M]: 0x800022E0 (0x00312A23) sw gp, 20(sp)
mem[0x8004A278] <- 0x00000003


mem[X,0x800022E4] -> 0x0893
mem[X,0x800022E6] -> 0x0010
[297] [M]: 0x800022E4 (0x00100893) addi a7, zero, 1
x17 <- 0x00000001


mem[X,0x800022E8] -> 0x07B7
mem[X,0x800022EA] -> 0x0020
[298] [M]: 0x800022E8 (0x002007B7) lui a5, 512
x15 <- 0x00200000


mem[X,0x800022EC] -> 0x0193
mem[X,0x800022EE] -> 0x0000
[299] [M]: 0x800022EC (0x00000193) addi gp, zero, 0
x3 <- 0x00000000


clint::tick mtime <- 0x0000000000000003
 clint timer pending at mtime 0x0000000000000003
htif::tick 0x0000000000000000
mem[X,0x800022F0] -> 0x006F
mem[X,0x800022F2] -> 0x00C0
[300] [M]: 0x800022F0 (0x00C0006F) jal zero, 12


mem[X,0x800022FC] -> 0xF063
mem[X,0x800022FE] -> 0x04F8
[301] [M]: 0x800022FC (0x04F8F063) bgeu a7, a5, 64


mem[X,0x80002300] -> 0x8193
mem[X,0x80002302] -> 0x0021
[302] [M]: 0x80002300 (0x00218193) addi gp, gp, 2
x3 <- 0x00000002


mem[X,0x80002304] -> 0x006F
mem[X,0x80002306] -> 0x0400
[303] [M]: 0x80002304 (0x0400006F) jal zero, 64


mem[X,0x80002344] -> 0x2C23
mem[X,0x80002346] -> 0x0031
[304] [M]: 0x80002344 (0x00312C23) sw gp, 24(sp)
mem[0x8004A27C] <- 0x00000002


mem[X,0x80002348] -> 0xFA37
mem[X,0x8000234A] -> 0xFFFF
[305] [M]: 0x80002348 (0xFFFFFA37) lui s4, 1048575
x20 <- 0xFFFFF000


mem[X,0x8000234C] -> 0x0A13
mem[X,0x8000234E] -> 0x7FFA
[306] [M]: 0x8000234C (0x7FFA0A13) addi s4, s4, 2047
x20 <- 0xFFFFF7FF


mem[X,0x80002350] -> 0x08B7
mem[X,0x80002352] -> 0x0040
[307] [M]: 0x80002350 (0x004008B7) lui a7, 1024
x17 <- 0x00400000


mem[X,0x80002354] -> 0x0193
mem[X,0x80002356] -> 0x0000
[308] [M]: 0x80002354 (0x00000193) addi gp, zero, 0
x3 <- 0x00000000


mem[X,0x80002358] -> 0x006F
mem[X,0x8000235A] -> 0x0050
[309] [M]: 0x80002358 (0x0050006F) jal zero, 2052


mem[X,0x80002B5C] -> 0x70E3
mem[X,0x80002B5E] -> 0x811A
[310] [M]: 0x80002B5C (0x811A70E3) bgeu s4, a7, 6144


mem[X,0x8000235C] -> 0x8193
mem[X,0x8000235E] -> 0x0011
[311] [M]: 0x8000235C (0x00118193) addi gp, gp, 1
x3 <- 0x00000001


mem[X,0x80002360] -> 0x006F
mem[X,0x80002362] -> 0x0110
[312] [M]: 0x80002360 (0x0110006F) jal zero, 2064


mem[X,0x80002B70] -> 0x2E23
mem[X,0x80002B72] -> 0x0031
[313] [M]: 0x80002B70 (0x00312E23) sw gp, 28(sp)
mem[0x8004A280] <- 0x00000001


mem[X,0x80002B74] -> 0x4BB7
mem[X,0x80002B76] -> 0x0000
[314] [M]: 0x80002B74 (0x00004BB7) lui s7, 4
x23 <- 0x00004000


mem[X,0x80002B78] -> 0x05B7
mem[X,0x80002B7A] -> 0x0080
[315] [M]: 0x80002B78 (0x008005B7) lui a1, 2048
x11 <- 0x00800000


mem[X,0x80002B7C] -> 0x0193
mem[X,0x80002B7E] -> 0x0000
[316] [M]: 0x80002B7C (0x00000193) addi gp, zero, 0
x3 <- 0x00000000


mem[X,0x80002B80] -> 0x006F
mem[X,0x80002B82] -> 0x00C0
[317] [M]: 0x80002B80 (0x00C0006F) jal zero, 12


mem[X,0x80002B8C] -> 0xF063
mem[X,0x80002B8E] -> 0x20BB
[318] [M]: 0x80002B8C (0x20BBF063) bgeu s7, a1, 512


mem[X,0x80002B90] -> 0x8193
mem[X,0x80002B92] -> 0x0021
[319] [M]: 0x80002B90 (0x00218193) addi gp, gp, 2
x3 <- 0x00000002


mem[X,0x80002B94] -> 0x006F
mem[X,0x80002B96] -> 0x2000
[320] [M]: 0x80002B94 (0x2000006F) jal zero, 512


mem[X,0x80002D94] -> 0x2023
mem[X,0x80002D96] -> 0x0231
[321] [M]: 0x80002D94 (0x02312023) sw gp, 32(sp)
mem[0x8004A284] <- 0x00000002


mem[X,0x80002D98] -> 0x0693
mem[X,0x80002D9A] -> 0xBFF0
[322] [M]: 0x80002D98 (0xBFF00693) addi a3, zero, 3071
x13 <- 0xFFFFFBFF


mem[X,0x80002D9C] -> 0x0237
mem[X,0x80002D9E] -> 0x0100
[323] [M]: 0x80002D9C (0x01000237) lui tp, 4096
x4 <- 0x01000000


mem[X,0x80002DA0] -> 0x0193
mem[X,0x80002DA2] -> 0x0000
[324] [M]: 0x80002DA0 (0x00000193) addi gp, zero, 0
x3 <- 0x00000000


mem[X,0x80002DA4] -> 0x006F
mem[X,0x80002DA6] -> 0x00C0
[325] [M]: 0x80002DA4 (0x00C0006F) jal zero, 12


mem[X,0x80002DB0] -> 0xF663
mem[X,0x80002DB2] -> 0x0046
[326] [M]: 0x80002DB0 (0x0046F663) bgeu a3, tp, 12


mem[X,0x80002DBC] -> 0x8193
mem[X,0x80002DBE] -> 0x0031
[327] [M]: 0x80002DBC (0x00318193) addi gp, gp, 3
x3 <- 0x00000003


mem[X,0x80002DC0] -> 0x006F
mem[X,0x80002DC2] -> 0x0040
[328] [M]: 0x80002DC0 (0x0040006F) jal zero, 4


mem[X,0x80002DC4] -> 0x2223
mem[X,0x80002DC6] -> 0x0231
[329] [M]: 0x80002DC4 (0x02312223) sw gp, 36(sp)
mem[0x8004A288] <- 0x00000003


mem[X,0x80002DC8] -> 0x0993
mem[X,0x80002DCA] -> 0x0800
[330] [M]: 0x80002DC8 (0x08000993) addi s3, zero, 128
x19 <- 0x00000080


mem[X,0x80002DCC] -> 0x0337
mem[X,0x80002DCE] -> 0x0200
[331] [M]: 0x80002DCC (0x02000337) lui t1, 8192
x6 <- 0x02000000


mem[X,0x80002DD0] -> 0x0193
mem[X,0x80002DD2] -> 0x0000
[332] [M]: 0x80002DD0 (0x00000193) addi gp, zero, 0
x3 <- 0x00000000


mem[X,0x80002DD4] -> 0x006F
mem[X,0x80002DD6] -> 0x0050
[333] [M]: 0x80002DD4 (0x0050006F) jal zero, 2052


mem[X,0x800035D8] -> 0xF0E3
mem[X,0x800035DA] -> 0x8069
[334] [M]: 0x800035D8 (0x8069F0E3) bgeu s3, t1, 6144


mem[X,0x800035DC] -> 0x8193
mem[X,0x800035DE] -> 0x0021
[335] [M]: 0x800035DC (0x00218193) addi gp, gp, 2
x3 <- 0x00000002


mem[X,0x800035E0] -> 0x006F
mem[X,0x800035E2] -> 0x00C0
[336] [M]: 0x800035E0 (0x00C0006F) jal zero, 12


mem[X,0x800035EC] -> 0x2423
mem[X,0x800035EE] -> 0x0231
[337] [M]: 0x800035EC (0x02312423) sw gp, 40(sp)
mem[0x8004A28C] <- 0x00000002


mem[X,0x800035F0] -> 0x0413
mem[X,0x800035F2] -> 0x0030
[338] [M]: 0x800035F0 (0x00300413) addi fp, zero, 3
x8 <- 0x00000003


mem[X,0x800035F4] -> 0x04B7
mem[X,0x800035F6] -> 0x0400
[339] [M]: 0x800035F4 (0x040004B7) lui s1, 16384
x9 <- 0x04000000


mem[X,0x800035F8] -> 0x0193
mem[X,0x800035FA] -> 0x0000
[340] [M]: 0x800035F8 (0x00000193) addi gp, zero, 0
x3 <- 0x00000000


mem[X,0x800035FC] -> 0x006F
mem[X,0x800035FE] -> 0x00C0
[341] [M]: 0x800035FC (0x00C0006F) jal zero, 12


mem[X,0x80003608] -> 0x7CE3
mem[X,0x8000360A] -> 0xFE94
[342] [M]: 0x80003608 (0xFE947CE3) bgeu fp, s1, 8184


mem[X,0x8000360C] -> 0x8193
mem[X,0x8000360E] -> 0x0021
[343] [M]: 0x8000360C (0x00218193) addi gp, gp, 2
x3 <- 0x00000002


mem[X,0x80003610] -> 0x006F
mem[X,0x80003612] -> 0x00C0
[344] [M]: 0x80003610 (0x00C0006F) jal zero, 12


mem[X,0x8000361C] -> 0x2623
mem[X,0x8000361E] -> 0x0231
[345] [M]: 0x8000361C (0x02312623) sw gp, 44(sp)
mem[0x8004A290] <- 0x00000002


mem[X,0x80003620] -> 0x8537
mem[X,0x80003622] -> 0xFFFF
[346] [M]: 0x80003620 (0xFFFF8537) lui a0, 1048568
x10 <- 0xFFFF8000


mem[X,0x80003624] -> 0x0513
mem[X,0x80003626] -> 0xFFF5
[347] [M]: 0x80003624 (0xFFF50513) addi a0, a0, 4095
x10 <- 0xFFFF7FFF


mem[X,0x80003628] -> 0x05B7
mem[X,0x8000362A] -> 0x0800
[348] [M]: 0x80003628 (0x080005B7) lui a1, 32768
x11 <- 0x08000000


mem[X,0x8000362C] -> 0x0193
mem[X,0x8000362E] -> 0x0000
[349] [M]: 0x8000362C (0x00000193) addi gp, zero, 0
x3 <- 0x00000000


mem[X,0x80003630] -> 0x006F
mem[X,0x80003632] -> 0x00C0
[350] [M]: 0x80003630 (0x00C0006F) jal zero, 12


mem[X,0x8000363C] -> 0x7CE3
mem[X,0x8000363E] -> 0xFEB5
[351] [M]: 0x8000363C (0xFEB57CE3) bgeu a0, a1, 8184


mem[X,0x80003634] -> 0x8193
mem[X,0x80003636] -> 0x0011
[352] [M]: 0x80003634 (0x00118193) addi gp, gp, 1
x3 <- 0x00000001


mem[X,0x80003638] -> 0x006F
mem[X,0x8000363A] -> 0x0180
[353] [M]: 0x80003638 (0x0180006F) jal zero, 24


mem[X,0x80003650] -> 0x2823
mem[X,0x80003652] -> 0x0231
[354] [M]: 0x80003650 (0x02312823) sw gp, 48(sp)
mem[0x8004A294] <- 0x00000001


mem[X,0x80003654] -> 0x5537
mem[X,0x80003656] -> 0x5555
[355] [M]: 0x80003654 (0x55555537) lui a0, 349525
x10 <- 0x55555000


mem[X,0x80003658] -> 0x0513
mem[X,0x8000365A] -> 0x5565
[356] [M]: 0x80003658 (0x55650513) addi a0, a0, 1366
x10 <- 0x55555556


mem[X,0x8000365C] -> 0x05B7
mem[X,0x8000365E] -> 0x1000
[357] [M]: 0x8000365C (0x100005B7) lui a1, 65536
x11 <- 0x10000000


mem[X,0x80003660] -> 0x0193
mem[X,0x80003662] -> 0x0000
[358] [M]: 0x80003660 (0x00000193) addi gp, zero, 0
x3 <- 0x00000000


mem[X,0x80003664] -> 0x006F
mem[X,0x80003666] -> 0x00C0
[359] [M]: 0x80003664 (0x00C0006F) jal zero, 12


mem[X,0x80003670] -> 0x7063
mem[X,0x80003672] -> 0x04B5
[360] [M]: 0x80003670 (0x04B57063) bgeu a0, a1, 64


mem[X,0x800036B0] -> 0x8193
mem[X,0x800036B2] -> 0x0031
[361] [M]: 0x800036B0 (0x00318193) addi gp, gp, 3
x3 <- 0x00000003


mem[X,0x800036B4] -> 0x006F
mem[X,0x800036B6] -> 0x0040
[362] [M]: 0x800036B4 (0x0040006F) jal zero, 4


mem[X,0x800036B8] -> 0x2A23
mem[X,0x800036BA] -> 0x0231
[363] [M]: 0x800036B8 (0x02312A23) sw gp, 52(sp)
mem[0x8004A298] <- 0x00000003


mem[X,0x800036BC] -> 0x0537
mem[X,0x800036BE] -> 0xE000
[364] [M]: 0x800036BC (0xE0000537) lui a0, 917504
x10 <- 0xE0000000


mem[X,0x800036C0] -> 0x0513
mem[X,0x800036C2] -> 0xFFF5
[365] [M]: 0x800036C0 (0xFFF50513) addi a0, a0, 4095
x10 <- 0xDFFFFFFF


mem[X,0x800036C4] -> 0x05B7
mem[X,0x800036C6] -> 0x2000
[366] [M]: 0x800036C4 (0x200005B7) lui a1, 131072
x11 <- 0x20000000


mem[X,0x800036C8] -> 0x0193
mem[X,0x800036CA] -> 0x0000
[367] [M]: 0x800036C8 (0x00000193) addi gp, zero, 0
x3 <- 0x00000000


mem[X,0x800036CC] -> 0x006F
mem[X,0x800036CE] -> 0x00C0
[368] [M]: 0x800036CC (0x00C0006F) jal zero, 12


mem[X,0x800036D8] -> 0x7CE3
mem[X,0x800036DA] -> 0xFEB5
[369] [M]: 0x800036D8 (0xFEB57CE3) bgeu a0, a1, 8184


mem[X,0x800036D0] -> 0x8193
mem[X,0x800036D2] -> 0x0011
[370] [M]: 0x800036D0 (0x00118193) addi gp, gp, 1
x3 <- 0x00000001


mem[X,0x800036D4] -> 0x006F
mem[X,0x800036D6] -> 0x0180
[371] [M]: 0x800036D4 (0x0180006F) jal zero, 24


mem[X,0x800036EC] -> 0x2C23
mem[X,0x800036EE] -> 0x0231
[372] [M]: 0x800036EC (0x02312C23) sw gp, 56(sp)
mem[0x8004A29C] <- 0x00000001


mem[X,0x800036F0] -> 0x5537
mem[X,0x800036F2] -> 0x5555
[373] [M]: 0x800036F0 (0x55555537) lui a0, 349525
x10 <- 0x55555000


mem[X,0x800036F4] -> 0x0513
mem[X,0x800036F6] -> 0x5545
[374] [M]: 0x800036F4 (0x55450513) addi a0, a0, 1364
x10 <- 0x55555554


mem[X,0x800036F8] -> 0x05B7
mem[X,0x800036FA] -> 0x4000
[375] [M]: 0x800036F8 (0x400005B7) lui a1, 262144
x11 <- 0x40000000


mem[X,0x800036FC] -> 0x0193
mem[X,0x800036FE] -> 0x0000
[376] [M]: 0x800036FC (0x00000193) addi gp, zero, 0
x3 <- 0x00000000


mem[X,0x80003700] -> 0x006F
mem[X,0x80003702] -> 0x00C0
[377] [M]: 0x80003700 (0x00C0006F) jal zero, 12


mem[X,0x8000370C] -> 0x7CE3
mem[X,0x8000370E] -> 0xFEB5
[378] [M]: 0x8000370C (0xFEB57CE3) bgeu a0, a1, 8184


mem[X,0x80003704] -> 0x8193
mem[X,0x80003706] -> 0x0011
[379] [M]: 0x80003704 (0x00118193) addi gp, gp, 1
x3 <- 0x00000001


mem[X,0x80003708] -> 0x006F
mem[X,0x8000370A] -> 0x0180
[380] [M]: 0x80003708 (0x0180006F) jal zero, 24


mem[X,0x80003720] -> 0x2E23
mem[X,0x80003722] -> 0x0231
[381] [M]: 0x80003720 (0x02312E23) sw gp, 60(sp)
mem[0x8004A2A0] <- 0x00000001


mem[X,0x80003724] -> 0xB537
mem[X,0x80003726] -> 0x0000
[382] [M]: 0x80003724 (0x0000B537) lui a0, 11
x10 <- 0x0000B000


mem[X,0x80003728] -> 0x0513
mem[X,0x8000372A] -> 0x5035
[383] [M]: 0x80003728 (0x50350513) addi a0, a0, 1283
x10 <- 0x0000B503


mem[X,0x8000372C] -> 0x05B7
mem[X,0x8000372E] -> 0x8000
[384] [M]: 0x8000372C (0x800005B7) lui a1, 524288
x11 <- 0x80000000


mem[X,0x80003730] -> 0x0193
mem[X,0x80003732] -> 0x0000
[385] [M]: 0x80003730 (0x00000193) addi gp, zero, 0
x3 <- 0x00000000


mem[X,0x80003734] -> 0x006F
mem[X,0x80003736] -> 0x00C0
[386] [M]: 0x80003734 (0x00C0006F) jal zero, 12


mem[X,0x80003740] -> 0x7063
mem[X,0x80003742] -> 0x20B5
[387] [M]: 0x80003740 (0x20B57063) bgeu a0, a1, 512


mem[X,0x80003744] -> 0x8193
mem[X,0x80003746] -> 0x0021
[388] [M]: 0x80003744 (0x00218193) addi gp, gp, 2
x3 <- 0x00000002


mem[X,0x80003748] -> 0x006F
mem[X,0x8000374A] -> 0x2000
[389] [M]: 0x80003748 (0x2000006F) jal zero, 512


mem[X,0x80003948] -> 0x2023
mem[X,0x8000394A] -> 0x0431
[390] [M]: 0x80003948 (0x04312023) sw gp, 64(sp)
mem[0x8004A2A4] <- 0x00000002


mem[X,0x8000394C] -> 0x0537
mem[X,0x8000394E] -> 0x0080
[391] [M]: 0x8000394C (0x00800537) lui a0, 2048
x10 <- 0x00800000


mem[X,0x80003950] -> 0x0593
mem[X,0x80003952] -> 0xFFE0
[392] [M]: 0x80003950 (0xFFE00593) addi a1, zero, 4094
x11 <- 0xFFFFFFFE


mem[X,0x80003954] -> 0x0193
mem[X,0x80003956] -> 0x0000
[393] [M]: 0x80003954 (0x00000193) addi gp, zero, 0
x3 <- 0x00000000


mem[X,0x80003958] -> 0x006F
mem[X,0x8000395A] -> 0x00C0
[394] [M]: 0x80003958 (0x00C0006F) jal zero, 12


mem[X,0x80003964] -> 0x7663
mem[X,0x80003966] -> 0x00B5
[395] [M]: 0x80003964 (0x00B57663) bgeu a0, a1, 12


mem[X,0x80003968] -> 0x8193
mem[X,0x8000396A] -> 0x0021
[396] [M]: 0x80003968 (0x00218193) addi gp, gp, 2
x3 <- 0x00000002


mem[X,0x8000396C] -> 0x006F
mem[X,0x8000396E] -> 0x00C0
[397] [M]: 0x8000396C (0x00C0006F) jal zero, 12


mem[X,0x80003978] -> 0x2223
mem[X,0x8000397A] -> 0x0431
[398] [M]: 0x80003978 (0x04312223) sw gp, 68(sp)
mem[0x8004A2A8] <- 0x00000002


mem[X,0x8000397C] -> 0xF537
mem[X,0x8000397E] -> 0xFFFF
[399] [M]: 0x8000397C (0xFFFFF537) lui a0, 1048575
x10 <- 0xFFFFF000


clint::tick mtime <- 0x0000000000000004
 clint timer pending at mtime 0x0000000000000004
htif::tick 0x0000000000000000
mem[X,0x80003980] -> 0x0513
mem[X,0x80003982] -> 0x7FF5
[400] [M]: 0x80003980 (0x7FF50513) addi a0, a0, 2047
x10 <- 0xFFFFF7FF


mem[X,0x80003984] -> 0x0593
mem[X,0x80003986] -> 0xFFD0
[401] [M]: 0x80003984 (0xFFD00593) addi a1, zero, 4093
x11 <- 0xFFFFFFFD


mem[X,0x80003988] -> 0x0193
mem[X,0x8000398A] -> 0x0000
[402] [M]: 0x80003988 (0x00000193) addi gp, zero, 0
x3 <- 0x00000000


mem[X,0x8000398C] -> 0x006F
mem[X,0x8000398E] -> 0x00C0
[403] [M]: 0x8000398C (0x00C0006F) jal zero, 12


mem[X,0x80003998] -> 0x7663
mem[X,0x8000399A] -> 0x00B5
[404] [M]: 0x80003998 (0x00B57663) bgeu a0, a1, 12


mem[X,0x8000399C] -> 0x8193
mem[X,0x8000399E] -> 0x0021
[405] [M]: 0x8000399C (0x00218193) addi gp, gp, 2
x3 <- 0x00000002


mem[X,0x800039A0] -> 0x006F
mem[X,0x800039A2] -> 0x00C0
[406] [M]: 0x800039A0 (0x00C0006F) jal zero, 12


mem[X,0x800039AC] -> 0x2423
mem[X,0x800039AE] -> 0x0431
[407] [M]: 0x800039AC (0x04312423) sw gp, 72(sp)
mem[0x8004A2AC] <- 0x00000002


mem[X,0x800039B0] -> 0x0513
mem[X,0x800039B2] -> 0x0060
[408] [M]: 0x800039B0 (0x00600513) addi a0, zero, 6
x10 <- 0x00000006


mem[X,0x800039B4] -> 0x0593
mem[X,0x800039B6] -> 0xFFB0
[409] [M]: 0x800039B4 (0xFFB00593) addi a1, zero, 4091
x11 <- 0xFFFFFFFB


mem[X,0x800039B8] -> 0x0193
mem[X,0x800039BA] -> 0x0000
[410] [M]: 0x800039B8 (0x00000193) addi gp, zero, 0
x3 <- 0x00000000


mem[X,0x800039BC] -> 0x006F
mem[X,0x800039BE] -> 0x00C0
[411] [M]: 0x800039BC (0x00C0006F) jal zero, 12


mem[X,0x800039C8] -> 0x7CE3
mem[X,0x800039CA] -> 0xFEB5
[412] [M]: 0x800039C8 (0xFEB57CE3) bgeu a0, a1, 8184


mem[X,0x800039CC] -> 0x8193
mem[X,0x800039CE] -> 0x0021
[413] [M]: 0x800039CC (0x00218193) addi gp, gp, 2
x3 <- 0x00000002


mem[X,0x800039D0] -> 0x006F
mem[X,0x800039D2] -> 0x00C0
[414] [M]: 0x800039D0 (0x00C0006F) jal zero, 12


mem[X,0x800039DC] -> 0x2623
mem[X,0x800039DE] -> 0x0431
[415] [M]: 0x800039DC (0x04312623) sw gp, 76(sp)
mem[0x8004A2B0] <- 0x00000002


mem[X,0x800039E0] -> 0x0537
mem[X,0x800039E2] -> 0x0800
[416] [M]: 0x800039E0 (0x08000537) lui a0, 32768
x10 <- 0x08000000


mem[X,0x800039E4] -> 0x0593
mem[X,0x800039E6] -> 0xFF70
[417] [M]: 0x800039E4 (0xFF700593) addi a1, zero, 4087
x11 <- 0xFFFFFFF7


mem[X,0x800039E8] -> 0x0193
mem[X,0x800039EA] -> 0x0000
[418] [M]: 0x800039E8 (0x00000193) addi gp, zero, 0
x3 <- 0x00000000


mem[X,0x800039EC] -> 0x006F
mem[X,0x800039EE] -> 0x00C0
[419] [M]: 0x800039EC (0x00C0006F) jal zero, 12


mem[X,0x800039F8] -> 0x7663
mem[X,0x800039FA] -> 0x00B5
[420] [M]: 0x800039F8 (0x00B57663) bgeu a0, a1, 12


mem[X,0x800039FC] -> 0x8193
mem[X,0x800039FE] -> 0x0021
[421] [M]: 0x800039FC (0x00218193) addi gp, gp, 2
x3 <- 0x00000002


mem[X,0x80003A00] -> 0x006F
mem[X,0x80003A02] -> 0x00C0
[422] [M]: 0x80003A00 (0x00C0006F) jal zero, 12


mem[X,0x80003A0C] -> 0x2823
mem[X,0x80003A0E] -> 0x0431
[423] [M]: 0x80003A0C (0x04312823) sw gp, 80(sp)
mem[0x8004A2B4] <- 0x00000002


mem[X,0x80003A10] -> 0xB537
mem[X,0x80003A12] -> 0xAAAA
[424] [M]: 0x80003A10 (0xAAAAB537) lui a0, 699051
x10 <- 0xAAAAB000


mem[X,0x80003A14] -> 0x0513
mem[X,0x80003A16] -> 0xAA95
[425] [M]: 0x80003A14 (0xAA950513) addi a0, a0, 2729
x10 <- 0xAAAAAAA9


mem[X,0x80003A18] -> 0x0593
mem[X,0x80003A1A] -> 0xFEF0
[426] [M]: 0x80003A18 (0xFEF00593) addi a1, zero, 4079
x11 <- 0xFFFFFFEF


mem[X,0x80003A1C] -> 0x0193
mem[X,0x80003A1E] -> 0x0000
[427] [M]: 0x80003A1C (0x00000193) addi gp, zero, 0
x3 <- 0x00000000


mem[X,0x80003A20] -> 0x006F
mem[X,0x80003A22] -> 0x00C0
[428] [M]: 0x80003A20 (0x00C0006F) jal zero, 12


mem[X,0x80003A2C] -> 0x7063
mem[X,0x80003A2E] -> 0x04B5
[429] [M]: 0x80003A2C (0x04B57063) bgeu a0, a1, 64


mem[X,0x80003A30] -> 0x8193
mem[X,0x80003A32] -> 0x0021
[430] [M]: 0x80003A30 (0x00218193) addi gp, gp, 2
x3 <- 0x00000002


mem[X,0x80003A34] -> 0x006F
mem[X,0x80003A36] -> 0x0400
[431] [M]: 0x80003A34 (0x0400006F) jal zero, 64


mem[X,0x80003A74] -> 0x2A23
mem[X,0x80003A76] -> 0x0431
[432] [M]: 0x80003A74 (0x04312A23) sw gp, 84(sp)
mem[0x8004A2B8] <- 0x00000002


mem[X,0x80003A78] -> 0x0513
mem[X,0x80003A7A] -> 0x0030
[433] [M]: 0x80003A78 (0x00300513) addi a0, zero, 3
x10 <- 0x00000003


mem[X,0x80003A7C] -> 0x0593
mem[X,0x80003A7E] -> 0xFDF0
[434] [M]: 0x80003A7C (0xFDF00593) addi a1, zero, 4063
x11 <- 0xFFFFFFDF


mem[X,0x80003A80] -> 0x0193
mem[X,0x80003A82] -> 0x0000
[435] [M]: 0x80003A80 (0x00000193) addi gp, zero, 0
x3 <- 0x00000000


mem[X,0x80003A84] -> 0x006F
mem[X,0x80003A86] -> 0x00C0
[436] [M]: 0x80003A84 (0x00C0006F) jal zero, 12


mem[X,0x80003A90] -> 0x7663
mem[X,0x80003A92] -> 0x00B5
[437] [M]: 0x80003A90 (0x00B57663) bgeu a0, a1, 12


mem[X,0x80003A94] -> 0x8193
mem[X,0x80003A96] -> 0x0021
[438] [M]: 0x80003A94 (0x00218193) addi gp, gp, 2
x3 <- 0x00000002


mem[X,0x80003A98] -> 0x006F
mem[X,0x80003A9A] -> 0x00C0
[439] [M]: 0x80003A98 (0x00C0006F) jal zero, 12


mem[X,0x80003AA4] -> 0x2C23
mem[X,0x80003AA6] -> 0x0431
[440] [M]: 0x80003AA4 (0x04312C23) sw gp, 88(sp)
mem[0x8004A2BC] <- 0x00000002


mem[X,0x80003AA8] -> 0x0513
mem[X,0x80003AAA] -> 0x0120
[441] [M]: 0x80003AA8 (0x01200513) addi a0, zero, 18
x10 <- 0x00000012


mem[X,0x80003AAC] -> 0x0593
mem[X,0x80003AAE] -> 0xF7F0
[442] [M]: 0x80003AAC (0xF7F00593) addi a1, zero, 3967
x11 <- 0xFFFFFF7F


mem[X,0x80003AB0] -> 0x0193
mem[X,0x80003AB2] -> 0x0000
[443] [M]: 0x80003AB0 (0x00000193) addi gp, zero, 0
x3 <- 0x00000000


mem[X,0x80003AB4] -> 0x006F
mem[X,0x80003AB6] -> 0x00C0
[444] [M]: 0x80003AB4 (0x00C0006F) jal zero, 12


mem[X,0x80003AC0] -> 0x7063
mem[X,0x80003AC2] -> 0x10B5
[445] [M]: 0x80003AC0 (0x10B57063) bgeu a0, a1, 256


mem[X,0x80003AC4] -> 0x8193
mem[X,0x80003AC6] -> 0x0021
[446] [M]: 0x80003AC4 (0x00218193) addi gp, gp, 2
x3 <- 0x00000002


mem[X,0x80003AC8] -> 0x006F
mem[X,0x80003ACA] -> 0x1000
[447] [M]: 0x80003AC8 (0x1000006F) jal zero, 256


mem[X,0x80003BC8] -> 0x2E23
mem[X,0x80003BCA] -> 0x0431
[448] [M]: 0x80003BC8 (0x04312E23) sw gp, 92(sp)
mem[0x8004A2C0] <- 0x00000002


mem[X,0x80003BCC] -> 0x0513
mem[X,0x80003BCE] -> 0x0060
[449] [M]: 0x80003BCC (0x00600513) addi a0, zero, 6
x10 <- 0x00000006


mem[X,0x80003BD0] -> 0x0593
mem[X,0x80003BD2] -> 0xEFF0
[450] [M]: 0x80003BD0 (0xEFF00593) addi a1, zero, 3839
x11 <- 0xFFFFFEFF


mem[X,0x80003BD4] -> 0x0193
mem[X,0x80003BD6] -> 0x0000
[451] [M]: 0x80003BD4 (0x00000193) addi gp, zero, 0
x3 <- 0x00000000


mem[X,0x80003BD8] -> 0x006F
mem[X,0x80003BDA] -> 0x0100
[452] [M]: 0x80003BD8 (0x0100006F) jal zero, 16


mem[X,0x80003BE8] -> 0x7AE3
mem[X,0x80003BEA] -> 0xFEB5
[453] [M]: 0x80003BE8 (0xFEB57AE3) bgeu a0, a1, 8180


mem[X,0x80003BEC] -> 0x8193
mem[X,0x80003BEE] -> 0x0021
[454] [M]: 0x80003BEC (0x00218193) addi gp, gp, 2
x3 <- 0x00000002


mem[X,0x80003BF0] -> 0x006F
mem[X,0x80003BF2] -> 0x00C0
[455] [M]: 0x80003BF0 (0x00C0006F) jal zero, 12


mem[X,0x80003BFC] -> 0x2023
mem[X,0x80003BFE] -> 0x0631
[456] [M]: 0x80003BFC (0x06312023) sw gp, 96(sp)
mem[0x8004A2C4] <- 0x00000002


mem[X,0x80003C00] -> 0x0537
mem[X,0x80003C02] -> 0x0400
[457] [M]: 0x80003C00 (0x04000537) lui a0, 16384
x10 <- 0x04000000


mem[X,0x80003C04] -> 0x0593
mem[X,0x80003C06] -> 0xDFF0
[458] [M]: 0x80003C04 (0xDFF00593) addi a1, zero, 3583
x11 <- 0xFFFFFDFF


mem[X,0x80003C08] -> 0x0193
mem[X,0x80003C0A] -> 0x0000
[459] [M]: 0x80003C08 (0x00000193) addi gp, zero, 0
x3 <- 0x00000000


mem[X,0x80003C0C] -> 0x006F
mem[X,0x80003C0E] -> 0x00C0
[460] [M]: 0x80003C0C (0x00C0006F) jal zero, 12


mem[X,0x80003C18] -> 0x7CE3
mem[X,0x80003C1A] -> 0xFEB5
[461] [M]: 0x80003C18 (0xFEB57CE3) bgeu a0, a1, 8184


mem[X,0x80003C1C] -> 0x8193
mem[X,0x80003C1E] -> 0x0021
[462] [M]: 0x80003C1C (0x00218193) addi gp, gp, 2
x3 <- 0x00000002


mem[X,0x80003C20] -> 0x006F
mem[X,0x80003C22] -> 0x00C0
[463] [M]: 0x80003C20 (0x00C0006F) jal zero, 12


mem[X,0x80003C2C] -> 0x2223
mem[X,0x80003C2E] -> 0x0631
[464] [M]: 0x80003C2C (0x06312223) sw gp, 100(sp)
mem[0x8004A2C8] <- 0x00000002


mem[X,0x80003C30] -> 0x0513
mem[X,0x80003C32] -> 0x0060
[465] [M]: 0x80003C30 (0x00600513) addi a0, zero, 6
x10 <- 0x00000006


mem[X,0x80003C34] -> 0xF5B7
mem[X,0x80003C36] -> 0xFFFF
[466] [M]: 0x80003C34 (0xFFFFF5B7) lui a1, 1048575
x11 <- 0xFFFFF000


mem[X,0x80003C38] -> 0x8593
mem[X,0x80003C3A] -> 0x7FF5
[467] [M]: 0x80003C38 (0x7FF58593) addi a1, a1, 2047
x11 <- 0xFFFFF7FF


mem[X,0x80003C3C] -> 0x0193
mem[X,0x80003C3E] -> 0x0000
[468] [M]: 0x80003C3C (0x00000193) addi gp, zero, 0
x3 <- 0x00000000


mem[X,0x80003C40] -> 0x006F
mem[X,0x80003C42] -> 0x00C0
[469] [M]: 0x80003C40 (0x00C0006F) jal zero, 12


mem[X,0x80003C4C] -> 0x7663
mem[X,0x80003C4E] -> 0x00B5
[470] [M]: 0x80003C4C (0x00B57663) bgeu a0, a1, 12


mem[X,0x80003C50] -> 0x8193
mem[X,0x80003C52] -> 0x0021
[471] [M]: 0x80003C50 (0x00218193) addi gp, gp, 2
x3 <- 0x00000002


mem[X,0x80003C54] -> 0x006F
mem[X,0x80003C56] -> 0x00C0
[472] [M]: 0x80003C54 (0x00C0006F) jal zero, 12


mem[X,0x80003C60] -> 0x2423
mem[X,0x80003C62] -> 0x0631
[473] [M]: 0x80003C60 (0x06312423) sw gp, 104(sp)
mem[0x8004A2CC] <- 0x00000002


mem[X,0x80003C64] -> 0x0537
mem[X,0x80003C66] -> 0xC000
[474] [M]: 0x80003C64 (0xC0000537) lui a0, 786432
x10 <- 0xC0000000


mem[X,0x80003C68] -> 0x0513
mem[X,0x80003C6A] -> 0xFFF5
[475] [M]: 0x80003C68 (0xFFF50513) addi a0, a0, 4095
x10 <- 0xBFFFFFFF


mem[X,0x80003C6C] -> 0xF5B7
mem[X,0x80003C6E] -> 0xFFFF
[476] [M]: 0x80003C6C (0xFFFFF5B7) lui a1, 1048575
x11 <- 0xFFFFF000


mem[X,0x80003C70] -> 0x8593
mem[X,0x80003C72] -> 0xFFF5
[477] [M]: 0x80003C70 (0xFFF58593) addi a1, a1, 4095
x11 <- 0xFFFFEFFF


mem[X,0x80003C74] -> 0x0193
mem[X,0x80003C76] -> 0x0000
[478] [M]: 0x80003C74 (0x00000193) addi gp, zero, 0
x3 <- 0x00000000


mem[X,0x80003C78] -> 0x006F
mem[X,0x80003C7A] -> 0x00C0
[479] [M]: 0x80003C78 (0x00C0006F) jal zero, 12


mem[X,0x80003C84] -> 0x7663
mem[X,0x80003C86] -> 0x00B5
[480] [M]: 0x80003C84 (0x00B57663) bgeu a0, a1, 12


mem[X,0x80003C88] -> 0x8193
mem[X,0x80003C8A] -> 0x0021
[481] [M]: 0x80003C88 (0x00218193) addi gp, gp, 2
x3 <- 0x00000002


mem[X,0x80003C8C] -> 0x006F
mem[X,0x80003C8E] -> 0x00C0
[482] [M]: 0x80003C8C (0x00C0006F) jal zero, 12


mem[X,0x80003C98] -> 0x2623
mem[X,0x80003C9A] -> 0x0631
[483] [M]: 0x80003C98 (0x06312623) sw gp, 108(sp)
mem[0x8004A2D0] <- 0x00000002


mem[X,0x80003C9C] -> 0x0513
mem[X,0x80003C9E] -> 0xDFF0
[484] [M]: 0x80003C9C (0xDFF00513) addi a0, zero, 3583
x10 <- 0xFFFFFDFF


mem[X,0x80003CA0] -> 0xE5B7
mem[X,0x80003CA2] -> 0xFFFF
[485] [M]: 0x80003CA0 (0xFFFFE5B7) lui a1, 1048574
x11 <- 0xFFFFE000


mem[X,0x80003CA4] -> 0x8593
mem[X,0x80003CA6] -> 0xFFF5
[486] [M]: 0x80003CA4 (0xFFF58593) addi a1, a1, 4095
x11 <- 0xFFFFDFFF


mem[X,0x80003CA8] -> 0x0193
mem[X,0x80003CAA] -> 0x0000
[487] [M]: 0x80003CA8 (0x00000193) addi gp, zero, 0
x3 <- 0x00000000


mem[X,0x80003CAC] -> 0x006F
mem[X,0x80003CAE] -> 0x00C0
[488] [M]: 0x80003CAC (0x00C0006F) jal zero, 12


mem[X,0x80003CB8] -> 0x7063
mem[X,0x80003CBA] -> 0x20B5
[489] [M]: 0x80003CB8 (0x20B57063) bgeu a0, a1, 512


mem[X,0x80003EB8] -> 0x8193
mem[X,0x80003EBA] -> 0x0031
[490] [M]: 0x80003EB8 (0x00318193) addi gp, gp, 3
x3 <- 0x00000003


mem[X,0x80003EBC] -> 0x006F
mem[X,0x80003EBE] -> 0x0040
[491] [M]: 0x80003EBC (0x0040006F) jal zero, 4


mem[X,0x80003EC0] -> 0x2823
mem[X,0x80003EC2] -> 0x0631
[492] [M]: 0x80003EC0 (0x06312823) sw gp, 112(sp)
mem[0x8004A2D4] <- 0x00000003


mem[X,0x80003EC4] -> 0x0513
mem[X,0x80003EC6] -> 0x0080
[493] [M]: 0x80003EC4 (0x00800513) addi a0, zero, 8
x10 <- 0x00000008


mem[X,0x80003EC8] -> 0xC5B7
mem[X,0x80003ECA] -> 0xFFFF
[494] [M]: 0x80003EC8 (0xFFFFC5B7) lui a1, 1048572
x11 <- 0xFFFFC000


mem[X,0x80003ECC] -> 0x8593
mem[X,0x80003ECE] -> 0xFFF5
[495] [M]: 0x80003ECC (0xFFF58593) addi a1, a1, 4095
x11 <- 0xFFFFBFFF


mem[X,0x80003ED0] -> 0x0193
mem[X,0x80003ED2] -> 0x0000
[496] [M]: 0x80003ED0 (0x00000193) addi gp, zero, 0
x3 <- 0x00000000


mem[X,0x80003ED4] -> 0x006F
mem[X,0x80003ED6] -> 0x00C0
[497] [M]: 0x80003ED4 (0x00C0006F) jal zero, 12


mem[X,0x80003EE0] -> 0x7863
mem[X,0x80003EE2] -> 0x00B5
[498] [M]: 0x80003EE0 (0x00B57863) bgeu a0, a1, 16


mem[X,0x80003EE4] -> 0x8193
mem[X,0x80003EE6] -> 0x0021
[499] [M]: 0x80003EE4 (0x00218193) addi gp, gp, 2
x3 <- 0x00000002


clint::tick mtime <- 0x0000000000000005
 clint timer pending at mtime 0x0000000000000005
htif::tick 0x0000000000000000
mem[X,0x80003EE8] -> 0x006F
mem[X,0x80003EEA] -> 0x0100
[500] [M]: 0x80003EE8 (0x0100006F) jal zero, 16


mem[X,0x80003EF8] -> 0x2A23
mem[X,0x80003EFA] -> 0x0631
[501] [M]: 0x80003EF8 (0x06312A23) sw gp, 116(sp)
mem[0x8004A2D8] <- 0x00000002


mem[X,0x80003EFC] -> 0x0513
mem[X,0x80003EFE] -> 0xEFF0
[502] [M]: 0x80003EFC (0xEFF00513) addi a0, zero, 3839
x10 <- 0xFFFFFEFF


mem[X,0x80003F00] -> 0x85B7
mem[X,0x80003F02] -> 0xFFFF
[503] [M]: 0x80003F00 (0xFFFF85B7) lui a1, 1048568
x11 <- 0xFFFF8000


mem[X,0x80003F04] -> 0x8593
mem[X,0x80003F06] -> 0xFFF5
[504] [M]: 0x80003F04 (0xFFF58593) addi a1, a1, 4095
x11 <- 0xFFFF7FFF


mem[X,0x80003F08] -> 0x0193
mem[X,0x80003F0A] -> 0x0000
[505] [M]: 0x80003F08 (0x00000193) addi gp, zero, 0
x3 <- 0x00000000


mem[X,0x80003F0C] -> 0x006F
mem[X,0x80003F0E] -> 0x00C0
[506] [M]: 0x80003F0C (0x00C0006F) jal zero, 12


mem[X,0x80003F18] -> 0x7063
mem[X,0x80003F1A] -> 0x02B5
[507] [M]: 0x80003F18 (0x02B57063) bgeu a0, a1, 32


mem[X,0x80003F38] -> 0x8193
mem[X,0x80003F3A] -> 0x0031
[508] [M]: 0x80003F38 (0x00318193) addi gp, gp, 3
x3 <- 0x00000003


mem[X,0x80003F3C] -> 0x006F
mem[X,0x80003F3E] -> 0x0040
[509] [M]: 0x80003F3C (0x0040006F) jal zero, 4


mem[X,0x80003F40] -> 0x2C23
mem[X,0x80003F42] -> 0x0631
[510] [M]: 0x80003F40 (0x06312C23) sw gp, 120(sp)
mem[0x8004A2DC] <- 0x00000003


mem[X,0x80003F44] -> 0x0513
mem[X,0x80003F46] -> 0x0020
[511] [M]: 0x80003F44 (0x00200513) addi a0, zero, 2
x10 <- 0x00000002


mem[X,0x80003F48] -> 0x05B7
mem[X,0x80003F4A] -> 0xFFFF
[512] [M]: 0x80003F48 (0xFFFF05B7) lui a1, 1048560
x11 <- 0xFFFF0000


mem[X,0x80003F4C] -> 0x8593
mem[X,0x80003F4E] -> 0xFFF5
[513] [M]: 0x80003F4C (0xFFF58593) addi a1, a1, 4095
x11 <- 0xFFFEFFFF


mem[X,0x80003F50] -> 0x0193
mem[X,0x80003F52] -> 0x0000
[514] [M]: 0x80003F50 (0x00000193) addi gp, zero, 0
x3 <- 0x00000000


mem[X,0x80003F54] -> 0x006F
mem[X,0x80003F56] -> 0x00C0
[515] [M]: 0x80003F54 (0x00C0006F) jal zero, 12


mem[X,0x80003F60] -> 0x7063
mem[X,0x80003F62] -> 0x40B5
[516] [M]: 0x80003F60 (0x40B57063) bgeu a0, a1, 1024


mem[X,0x80003F64] -> 0x8193
mem[X,0x80003F66] -> 0x0021
[517] [M]: 0x80003F64 (0x00218193) addi gp, gp, 2
x3 <- 0x00000002


mem[X,0x80003F68] -> 0x006F
mem[X,0x80003F6A] -> 0x4000
[518] [M]: 0x80003F68 (0x4000006F) jal zero, 1024


mem[X,0x80004368] -> 0x2E23
mem[X,0x8000436A] -> 0x0631
[519] [M]: 0x80004368 (0x06312E23) sw gp, 124(sp)
mem[0x8004A2E0] <- 0x00000002


mem[X,0x8000436C] -> 0xE537
mem[X,0x8000436E] -> 0xFFFF
[520] [M]: 0x8000436C (0xFFFFE537) lui a0, 1048574
x10 <- 0xFFFFE000


mem[X,0x80004370] -> 0x0513
mem[X,0x80004372] -> 0xFFF5
[521] [M]: 0x80004370 (0xFFF50513) addi a0, a0, 4095
x10 <- 0xFFFFDFFF


mem[X,0x80004374] -> 0x05B7
mem[X,0x80004376] -> 0xFFFE
[522] [M]: 0x80004374 (0xFFFE05B7) lui a1, 1048544
x11 <- 0xFFFE0000


mem[X,0x80004378] -> 0x8593
mem[X,0x8000437A] -> 0xFFF5
[523] [M]: 0x80004378 (0xFFF58593) addi a1, a1, 4095
x11 <- 0xFFFDFFFF


mem[X,0x8000437C] -> 0x0193
mem[X,0x8000437E] -> 0x0000
[524] [M]: 0x8000437C (0x00000193) addi gp, zero, 0
x3 <- 0x00000000


mem[X,0x80004380] -> 0x006F
mem[X,0x80004382] -> 0x2B10
[525] [M]: 0x80004380 (0x2B10006F) jal zero, 2736


mem[X,0x80004E30] -> 0x7A63
mem[X,0x80004E32] -> 0xD4B5
[526] [M]: 0x80004E30 (0xD4B57A63) bgeu a0, a1, 5460


mem[X,0x80004384] -> 0x8193
mem[X,0x80004386] -> 0x0011
[527] [M]: 0x80004384 (0x00118193) addi gp, gp, 1
x3 <- 0x00000001


mem[X,0x80004388] -> 0x006F
mem[X,0x8000438A] -> 0x2BD0
[528] [M]: 0x80004388 (0x2BD0006F) jal zero, 2748


mem[X,0x80004E44] -> 0x2023
mem[X,0x80004E46] -> 0x0831
[529] [M]: 0x80004E44 (0x08312023) sw gp, 128(sp)
mem[0x8004A2E4] <- 0x00000001


mem[X,0x80004E48] -> 0x0537
mem[X,0x80004E4A] -> 0x0200
[530] [M]: 0x80004E48 (0x02000537) lui a0, 8192
x10 <- 0x02000000


mem[X,0x80004E4C] -> 0x05B7
mem[X,0x80004E4E] -> 0xFFFC
[531] [M]: 0x80004E4C (0xFFFC05B7) lui a1, 1048512
x11 <- 0xFFFC0000


mem[X,0x80004E50] -> 0x8593
mem[X,0x80004E52] -> 0xFFF5
[532] [M]: 0x80004E50 (0xFFF58593) addi a1, a1, 4095
x11 <- 0xFFFBFFFF


mem[X,0x80004E54] -> 0x0193
mem[X,0x80004E56] -> 0x0000
[533] [M]: 0x80004E54 (0x00000193) addi gp, zero, 0
x3 <- 0x00000000


mem[X,0x80004E58] -> 0x006F
mem[X,0x80004E5A] -> 0x2B10
[534] [M]: 0x80004E58 (0x2B10006F) jal zero, 2736


mem[X,0x80005908] -> 0x7A63
mem[X,0x8000590A] -> 0xD4B5
[535] [M]: 0x80005908 (0xD4B57A63) bgeu a0, a1, 5460


mem[X,0x8000590C] -> 0x8193
mem[X,0x8000590E] -> 0x0021
[536] [M]: 0x8000590C (0x00218193) addi gp, gp, 2
x3 <- 0x00000002


mem[X,0x80005910] -> 0x006F
mem[X,0x80005912] -> 0x00C0
[537] [M]: 0x80005910 (0x00C0006F) jal zero, 12


mem[X,0x8000591C] -> 0x2223
mem[X,0x8000591E] -> 0x0831
[538] [M]: 0x8000591C (0x08312223) sw gp, 132(sp)
mem[0x8004A2E8] <- 0x00000002


mem[X,0x80005920] -> 0x0537
mem[X,0x80005922] -> 0xFFFC
[539] [M]: 0x80005920 (0xFFFC0537) lui a0, 1048512
x10 <- 0xFFFC0000


mem[X,0x80005924] -> 0x0513
mem[X,0x80005926] -> 0xFFF5
[540] [M]: 0x80005924 (0xFFF50513) addi a0, a0, 4095
x10 <- 0xFFFBFFFF


mem[X,0x80005928] -> 0x05B7
mem[X,0x8000592A] -> 0xFFF8
[541] [M]: 0x80005928 (0xFFF805B7) lui a1, 1048448
x11 <- 0xFFF80000


mem[X,0x8000592C] -> 0x8593
mem[X,0x8000592E] -> 0xFFF5
[542] [M]: 0x8000592C (0xFFF58593) addi a1, a1, 4095
x11 <- 0xFFF7FFFF


mem[X,0x80005930] -> 0x0193
mem[X,0x80005932] -> 0x0000
[543] [M]: 0x80005930 (0x00000193) addi gp, zero, 0
x3 <- 0x00000000


mem[X,0x80005934] -> 0x006F
mem[X,0x80005936] -> 0x2B10
[544] [M]: 0x80005934 (0x2B10006F) jal zero, 2736


mem[X,0x800063E4] -> 0x7A63
mem[X,0x800063E6] -> 0xD4B5
[545] [M]: 0x800063E4 (0xD4B57A63) bgeu a0, a1, 5460


mem[X,0x80005938] -> 0x8193
mem[X,0x8000593A] -> 0x0011
[546] [M]: 0x80005938 (0x00118193) addi gp, gp, 1
x3 <- 0x00000001


mem[X,0x8000593C] -> 0x006F
mem[X,0x8000593E] -> 0x2BD0
[547] [M]: 0x8000593C (0x2BD0006F) jal zero, 2748


mem[X,0x800063F8] -> 0x2423
mem[X,0x800063FA] -> 0x0831
[548] [M]: 0x800063F8 (0x08312423) sw gp, 136(sp)
mem[0x8004A2EC] <- 0x00000001


mem[X,0x800063FC] -> 0x0537
mem[X,0x800063FE] -> 0x0400
[549] [M]: 0x800063FC (0x04000537) lui a0, 16384
x10 <- 0x04000000


mem[X,0x80006400] -> 0x05B7
mem[X,0x80006402] -> 0xFFE0
[550] [M]: 0x80006400 (0xFFE005B7) lui a1, 1048064
x11 <- 0xFFE00000


mem[X,0x80006404] -> 0x8593
mem[X,0x80006406] -> 0xFFF5
[551] [M]: 0x80006404 (0xFFF58593) addi a1, a1, 4095
x11 <- 0xFFDFFFFF


mem[X,0x80006408] -> 0x0193
mem[X,0x8000640A] -> 0x0000
[552] [M]: 0x80006408 (0x00000193) addi gp, zero, 0
x3 <- 0x00000000


mem[X,0x8000640C] -> 0x006F
mem[X,0x8000640E] -> 0x00C0
[553] [M]: 0x8000640C (0x00C0006F) jal zero, 12


mem[X,0x80006418] -> 0x7063
mem[X,0x8000641A] -> 0x08B5
[554] [M]: 0x80006418 (0x08B57063) bgeu a0, a1, 128


mem[X,0x8000641C] -> 0x8193
mem[X,0x8000641E] -> 0x0021
[555] [M]: 0x8000641C (0x00218193) addi gp, gp, 2
x3 <- 0x00000002


mem[X,0x80006420] -> 0x006F
mem[X,0x80006422] -> 0x0800
[556] [M]: 0x80006420 (0x0800006F) jal zero, 128


mem[X,0x800064A0] -> 0x2623
mem[X,0x800064A2] -> 0x0831
[557] [M]: 0x800064A0 (0x08312623) sw gp, 140(sp)
mem[0x8004A2F0] <- 0x00000002


mem[X,0x800064A4] -> 0xE537
mem[X,0x800064A6] -> 0xFFFF
[558] [M]: 0x800064A4 (0xFFFFE537) lui a0, 1048574
x10 <- 0xFFFFE000


mem[X,0x800064A8] -> 0x0513
mem[X,0x800064AA] -> 0xFFF5
[559] [M]: 0x800064A8 (0xFFF50513) addi a0, a0, 4095
x10 <- 0xFFFFDFFF


mem[X,0x800064AC] -> 0x05B7
mem[X,0x800064AE] -> 0xFFC0
[560] [M]: 0x800064AC (0xFFC005B7) lui a1, 1047552
x11 <- 0xFFC00000


mem[X,0x800064B0] -> 0x8593
mem[X,0x800064B2] -> 0xFFF5
[561] [M]: 0x800064B0 (0xFFF58593) addi a1, a1, 4095
x11 <- 0xFFBFFFFF


mem[X,0x800064B4] -> 0x0193
mem[X,0x800064B6] -> 0x0000
[562] [M]: 0x800064B4 (0x00000193) addi gp, zero, 0
x3 <- 0x00000000


mem[X,0x800064B8] -> 0x006F
mem[X,0x800064BA] -> 0x0180
[563] [M]: 0x800064B8 (0x0180006F) jal zero, 24


mem[X,0x800064D0] -> 0x76E3
mem[X,0x800064D2] -> 0xFEB5
[564] [M]: 0x800064D0 (0xFEB576E3) bgeu a0, a1, 8172


mem[X,0x800064BC] -> 0x8193
mem[X,0x800064BE] -> 0x0011
[565] [M]: 0x800064BC (0x00118193) addi gp, gp, 1
x3 <- 0x00000001


mem[X,0x800064C0] -> 0x006F
mem[X,0x800064C2] -> 0x0240
[566] [M]: 0x800064C0 (0x0240006F) jal zero, 36


mem[X,0x800064E4] -> 0x2823
mem[X,0x800064E6] -> 0x0831
[567] [M]: 0x800064E4 (0x08312823) sw gp, 144(sp)
mem[0x8004A2F4] <- 0x00000001


mem[X,0x800064E8] -> 0x0537
mem[X,0x800064EA] -> 0x0100
[568] [M]: 0x800064E8 (0x01000537) lui a0, 4096
x10 <- 0x01000000


mem[X,0x800064EC] -> 0x05B7
mem[X,0x800064EE] -> 0xFF80
[569] [M]: 0x800064EC (0xFF8005B7) lui a1, 1046528
x11 <- 0xFF800000


mem[X,0x800064F0] -> 0x8593
mem[X,0x800064F2] -> 0xFFF5
[570] [M]: 0x800064F0 (0xFFF58593) addi a1, a1, 4095
x11 <- 0xFF7FFFFF


mem[X,0x800064F4] -> 0x0193
mem[X,0x800064F6] -> 0x0000
[571] [M]: 0x800064F4 (0x00000193) addi gp, zero, 0
x3 <- 0x00000000


mem[X,0x800064F8] -> 0x006F
mem[X,0x800064FA] -> 0x00C0
[572] [M]: 0x800064F8 (0x00C0006F) jal zero, 12


mem[X,0x80006504] -> 0x7CE3
mem[X,0x80006506] -> 0xFEB5
[573] [M]: 0x80006504 (0xFEB57CE3) bgeu a0, a1, 8184


mem[X,0x80006508] -> 0x8193
mem[X,0x8000650A] -> 0x0021
[574] [M]: 0x80006508 (0x00218193) addi gp, gp, 2
x3 <- 0x00000002


mem[X,0x8000650C] -> 0x006F
mem[X,0x8000650E] -> 0x00C0
[575] [M]: 0x8000650C (0x00C0006F) jal zero, 12


mem[X,0x80006518] -> 0x2A23
mem[X,0x8000651A] -> 0x0831
[576] [M]: 0x80006518 (0x08312A23) sw gp, 148(sp)
mem[0x8004A2F8] <- 0x00000002


mem[X,0x8000651C] -> 0xF537
mem[X,0x8000651E] -> 0xFFFF
[577] [M]: 0x8000651C (0xFFFFF537) lui a0, 1048575
x10 <- 0xFFFFF000


mem[X,0x80006520] -> 0x0513
mem[X,0x80006522] -> 0xFFF5
[578] [M]: 0x80006520 (0xFFF50513) addi a0, a0, 4095
x10 <- 0xFFFFEFFF


mem[X,0x80006524] -> 0x05B7
mem[X,0x80006526] -> 0xFF00
[579] [M]: 0x80006524 (0xFF0005B7) lui a1, 1044480
x11 <- 0xFF000000


mem[X,0x80006528] -> 0x8593
mem[X,0x8000652A] -> 0xFFF5
[580] [M]: 0x80006528 (0xFFF58593) addi a1, a1, 4095
x11 <- 0xFEFFFFFF


mem[X,0x8000652C] -> 0x0193
mem[X,0x8000652E] -> 0x0000
[581] [M]: 0x8000652C (0x00000193) addi gp, zero, 0
x3 <- 0x00000000


mem[X,0x80006530] -> 0x006F
mem[X,0x80006532] -> 0x0140
[582] [M]: 0x80006530 (0x0140006F) jal zero, 20


mem[X,0x80006544] -> 0x78E3
mem[X,0x80006546] -> 0xFEB5
[583] [M]: 0x80006544 (0xFEB578E3) bgeu a0, a1, 8176


mem[X,0x80006534] -> 0x8193
mem[X,0x80006536] -> 0x0011
[584] [M]: 0x80006534 (0x00118193) addi gp, gp, 1
x3 <- 0x00000001


mem[X,0x80006538] -> 0x006F
mem[X,0x8000653A] -> 0x0200
[585] [M]: 0x80006538 (0x0200006F) jal zero, 32


mem[X,0x80006558] -> 0x2C23
mem[X,0x8000655A] -> 0x0831
[586] [M]: 0x80006558 (0x08312C23) sw gp, 152(sp)
mem[0x8004A2FC] <- 0x00000001


mem[X,0x8000655C] -> 0xB537
mem[X,0x8000655E] -> 0x0000
[587] [M]: 0x8000655C (0x0000B537) lui a0, 11
x10 <- 0x0000B000


mem[X,0x80006560] -> 0x0513
mem[X,0x80006562] -> 0x5035
[588] [M]: 0x80006560 (0x50350513) addi a0, a0, 1283
x10 <- 0x0000B503


mem[X,0x80006564] -> 0x05B7
mem[X,0x80006566] -> 0xFE00
[589] [M]: 0x80006564 (0xFE0005B7) lui a1, 1040384
x11 <- 0xFE000000


mem[X,0x80006568] -> 0x8593
mem[X,0x8000656A] -> 0xFFF5
[590] [M]: 0x80006568 (0xFFF58593) addi a1, a1, 4095
x11 <- 0xFDFFFFFF


mem[X,0x8000656C] -> 0x0193
mem[X,0x8000656E] -> 0x0000
[591] [M]: 0x8000656C (0x00000193) addi gp, zero, 0
x3 <- 0x00000000


mem[X,0x80006570] -> 0x006F
mem[X,0x80006572] -> 0x00C0
[592] [M]: 0x80006570 (0x00C0006F) jal zero, 12


mem[X,0x8000657C] -> 0x7663
mem[X,0x8000657E] -> 0x00B5
[593] [M]: 0x8000657C (0x00B57663) bgeu a0, a1, 12


mem[X,0x80006580] -> 0x8193
mem[X,0x80006582] -> 0x0021
[594] [M]: 0x80006580 (0x00218193) addi gp, gp, 2
x3 <- 0x00000002


mem[X,0x80006584] -> 0x006F
mem[X,0x80006586] -> 0x00C0
[595] [M]: 0x80006584 (0x00C0006F) jal zero, 12


mem[X,0x80006590] -> 0x2E23
mem[X,0x80006592] -> 0x0831
[596] [M]: 0x80006590 (0x08312E23) sw gp, 156(sp)
mem[0x8004A300] <- 0x00000002


mem[X,0x80006594] -> 0x5537
mem[X,0x80006596] -> 0x5555
[597] [M]: 0x80006594 (0x55555537) lui a0, 349525
x10 <- 0x55555000


mem[X,0x80006598] -> 0x0513
mem[X,0x8000659A] -> 0x5555
[598] [M]: 0x80006598 (0x55550513) addi a0, a0, 1365
x10 <- 0x55555555


mem[X,0x8000659C] -> 0x05B7
mem[X,0x8000659E] -> 0xFC00
[599] [M]: 0x8000659C (0xFC0005B7) lui a1, 1032192
x11 <- 0xFC000000


clint::tick mtime <- 0x0000000000000006
 clint timer pending at mtime 0x0000000000000006
htif::tick 0x0000000000000000
mem[X,0x800065A0] -> 0x8593
mem[X,0x800065A2] -> 0xFFF5
[600] [M]: 0x800065A0 (0xFFF58593) addi a1, a1, 4095
x11 <- 0xFBFFFFFF


mem[X,0x800065A4] -> 0x0193
mem[X,0x800065A6] -> 0x0000
[601] [M]: 0x800065A4 (0x00000193) addi gp, zero, 0
x3 <- 0x00000000


mem[X,0x800065A8] -> 0x006F
mem[X,0x800065AA] -> 0x00C0
[602] [M]: 0x800065A8 (0x00C0006F) jal zero, 12


mem[X,0x800065B4] -> 0x7063
mem[X,0x800065B6] -> 0x20B5
[603] [M]: 0x800065B4 (0x20B57063) bgeu a0, a1, 512


mem[X,0x800065B8] -> 0x8193
mem[X,0x800065BA] -> 0x0021
[604] [M]: 0x800065B8 (0x00218193) addi gp, gp, 2
x3 <- 0x00000002


mem[X,0x800065BC] -> 0x006F
mem[X,0x800065BE] -> 0x2000
[605] [M]: 0x800065BC (0x2000006F) jal zero, 512


mem[X,0x800067BC] -> 0x2023
mem[X,0x800067BE] -> 0x0A31
[606] [M]: 0x800067BC (0x0A312023) sw gp, 160(sp)
mem[0x8004A304] <- 0x00000002


mem[X,0x800067C0] -> 0xC537
mem[X,0x800067C2] -> 0xFFFF
[607] [M]: 0x800067C0 (0xFFFFC537) lui a0, 1048572
x10 <- 0xFFFFC000


mem[X,0x800067C4] -> 0x0513
mem[X,0x800067C6] -> 0xFFF5
[608] [M]: 0x800067C4 (0xFFF50513) addi a0, a0, 4095
x10 <- 0xFFFFBFFF


mem[X,0x800067C8] -> 0x05B7
mem[X,0x800067CA] -> 0xF800
[609] [M]: 0x800067C8 (0xF80005B7) lui a1, 1015808
x11 <- 0xF8000000


mem[X,0x800067CC] -> 0x8593
mem[X,0x800067CE] -> 0xFFF5
[610] [M]: 0x800067CC (0xFFF58593) addi a1, a1, 4095
x11 <- 0xF7FFFFFF


mem[X,0x800067D0] -> 0x0193
mem[X,0x800067D2] -> 0x0000
[611] [M]: 0x800067D0 (0x00000193) addi gp, zero, 0
x3 <- 0x00000000


mem[X,0x800067D4] -> 0x006F
mem[X,0x800067D6] -> 0x00C0
[612] [M]: 0x800067D4 (0x00C0006F) jal zero, 12


mem[X,0x800067E0] -> 0x7063
mem[X,0x800067E2] -> 0x10B5
[613] [M]: 0x800067E0 (0x10B57063) bgeu a0, a1, 256


mem[X,0x800068E0] -> 0x8193
mem[X,0x800068E2] -> 0x0031
[614] [M]: 0x800068E0 (0x00318193) addi gp, gp, 3
x3 <- 0x00000003


mem[X,0x800068E4] -> 0x006F
mem[X,0x800068E6] -> 0x0040
[615] [M]: 0x800068E4 (0x0040006F) jal zero, 4


mem[X,0x800068E8] -> 0x2223
mem[X,0x800068EA] -> 0x0A31
[616] [M]: 0x800068E8 (0x0A312223) sw gp, 164(sp)
mem[0x8004A308] <- 0x00000003


mem[X,0x800068EC] -> 0x4537
mem[X,0x800068EE] -> 0x0000
[617] [M]: 0x800068EC (0x00004537) lui a0, 4
x10 <- 0x00004000


mem[X,0x800068F0] -> 0x05B7
mem[X,0x800068F2] -> 0xF000
[618] [M]: 0x800068F0 (0xF00005B7) lui a1, 983040
x11 <- 0xF0000000


mem[X,0x800068F4] -> 0x8593
mem[X,0x800068F6] -> 0xFFF5
[619] [M]: 0x800068F4 (0xFFF58593) addi a1, a1, 4095
x11 <- 0xEFFFFFFF


mem[X,0x800068F8] -> 0x0193
mem[X,0x800068FA] -> 0x0000
[620] [M]: 0x800068F8 (0x00000193) addi gp, zero, 0
x3 <- 0x00000000


mem[X,0x800068FC] -> 0x006F
mem[X,0x800068FE] -> 0x00C0
[621] [M]: 0x800068FC (0x00C0006F) jal zero, 12


mem[X,0x80006908] -> 0x7663
mem[X,0x8000690A] -> 0x00B5
[622] [M]: 0x80006908 (0x00B57663) bgeu a0, a1, 12


mem[X,0x8000690C] -> 0x8193
mem[X,0x8000690E] -> 0x0021
[623] [M]: 0x8000690C (0x00218193) addi gp, gp, 2
x3 <- 0x00000002


mem[X,0x80006910] -> 0x006F
mem[X,0x80006912] -> 0x00C0
[624] [M]: 0x80006910 (0x00C0006F) jal zero, 12


mem[X,0x8000691C] -> 0x2423
mem[X,0x8000691E] -> 0x0A31
[625] [M]: 0x8000691C (0x0A312423) sw gp, 168(sp)
mem[0x8004A30C] <- 0x00000002


mem[X,0x80006920] -> 0x0513
mem[X,0x80006922] -> 0x0040
[626] [M]: 0x80006920 (0x00400513) addi a0, zero, 4
x10 <- 0x00000004


mem[X,0x80006924] -> 0x05B7
mem[X,0x80006926] -> 0xE000
[627] [M]: 0x80006924 (0xE00005B7) lui a1, 917504
x11 <- 0xE0000000


mem[X,0x80006928] -> 0x8593
mem[X,0x8000692A] -> 0xFFF5
[628] [M]: 0x80006928 (0xFFF58593) addi a1, a1, 4095
x11 <- 0xDFFFFFFF


mem[X,0x8000692C] -> 0x0193
mem[X,0x8000692E] -> 0x0000
[629] [M]: 0x8000692C (0x00000193) addi gp, zero, 0
x3 <- 0x00000000


mem[X,0x80006930] -> 0x006F
mem[X,0x80006932] -> 0x00C0
[630] [M]: 0x80006930 (0x00C0006F) jal zero, 12


mem[X,0x8000693C] -> 0x7CE3
mem[X,0x8000693E] -> 0xFEB5
[631] [M]: 0x8000693C (0xFEB57CE3) bgeu a0, a1, 8184


mem[X,0x80006940] -> 0x8193
mem[X,0x80006942] -> 0x0021
[632] [M]: 0x80006940 (0x00218193) addi gp, gp, 2
x3 <- 0x00000002


mem[X,0x80006944] -> 0x006F
mem[X,0x80006946] -> 0x00C0
[633] [M]: 0x80006944 (0x00C0006F) jal zero, 12


mem[X,0x80006950] -> 0x2623
mem[X,0x80006952] -> 0x0A31
[634] [M]: 0x80006950 (0x0A312623) sw gp, 172(sp)
mem[0x8004A310] <- 0x00000002


mem[X,0x80006954] -> 0x0513
mem[X,0x80006956] -> 0x0050
[635] [M]: 0x80006954 (0x00500513) addi a0, zero, 5
x10 <- 0x00000005


mem[X,0x80006958] -> 0x05B7
mem[X,0x8000695A] -> 0xC000
[636] [M]: 0x80006958 (0xC00005B7) lui a1, 786432
x11 <- 0xC0000000


mem[X,0x8000695C] -> 0x8593
mem[X,0x8000695E] -> 0xFFF5
[637] [M]: 0x8000695C (0xFFF58593) addi a1, a1, 4095
x11 <- 0xBFFFFFFF


mem[X,0x80006960] -> 0x0193
mem[X,0x80006962] -> 0x0000
[638] [M]: 0x80006960 (0x00000193) addi gp, zero, 0
x3 <- 0x00000000


mem[X,0x80006964] -> 0x006F
mem[X,0x80006966] -> 0x00C0
[639] [M]: 0x80006964 (0x00C0006F) jal zero, 12


mem[X,0x80006970] -> 0x7063
mem[X,0x80006972] -> 0x04B5
[640] [M]: 0x80006970 (0x04B57063) bgeu a0, a1, 64


mem[X,0x80006974] -> 0x8193
mem[X,0x80006976] -> 0x0021
[641] [M]: 0x80006974 (0x00218193) addi gp, gp, 2
x3 <- 0x00000002


mem[X,0x80006978] -> 0x006F
mem[X,0x8000697A] -> 0x0400
[642] [M]: 0x80006978 (0x0400006F) jal zero, 64


mem[X,0x800069B8] -> 0x2823
mem[X,0x800069BA] -> 0x0A31
[643] [M]: 0x800069B8 (0x0A312823) sw gp, 176(sp)
mem[0x8004A314] <- 0x00000002


mem[X,0x800069BC] -> 0x0537
mem[X,0x800069BE] -> 0x0800
[644] [M]: 0x800069BC (0x08000537) lui a0, 32768
x10 <- 0x08000000


mem[X,0x800069C0] -> 0x05B7
mem[X,0x800069C2] -> 0x8000
[645] [M]: 0x800069C0 (0x800005B7) lui a1, 524288
x11 <- 0x80000000


mem[X,0x800069C4] -> 0x8593
mem[X,0x800069C6] -> 0xFFF5
[646] [M]: 0x800069C4 (0xFFF58593) addi a1, a1, 4095
x11 <- 0x7FFFFFFF


mem[X,0x800069C8] -> 0x0193
mem[X,0x800069CA] -> 0x0000
[647] [M]: 0x800069C8 (0x00000193) addi gp, zero, 0
x3 <- 0x00000000


mem[X,0x800069CC] -> 0x006F
mem[X,0x800069CE] -> 0x00C0
[648] [M]: 0x800069CC (0x00C0006F) jal zero, 12


mem[X,0x800069D8] -> 0x7CE3
mem[X,0x800069DA] -> 0xFEB5
[649] [M]: 0x800069D8 (0xFEB57CE3) bgeu a0, a1, 8184


mem[X,0x800069DC] -> 0x8193
mem[X,0x800069DE] -> 0x0021
[650] [M]: 0x800069DC (0x00218193) addi gp, gp, 2
x3 <- 0x00000002


mem[X,0x800069E0] -> 0x006F
mem[X,0x800069E2] -> 0x00C0
[651] [M]: 0x800069E0 (0x00C0006F) jal zero, 12


mem[X,0x800069EC] -> 0x2A23
mem[X,0x800069EE] -> 0x0A31
[652] [M]: 0x800069EC (0x0A312A23) sw gp, 180(sp)
mem[0x8004A318] <- 0x00000002


mem[X,0x800069F0] -> 0x0537
mem[X,0x800069F2] -> 0x0020
[653] [M]: 0x800069F0 (0x00200537) lui a0, 512
x10 <- 0x00200000


mem[X,0x800069F4] -> 0x55B7
mem[X,0x800069F6] -> 0x5555
[654] [M]: 0x800069F4 (0x555555B7) lui a1, 349525
x11 <- 0x55555000


mem[X,0x800069F8] -> 0x8593
mem[X,0x800069FA] -> 0x5555
[655] [M]: 0x800069F8 (0x55558593) addi a1, a1, 1365
x11 <- 0x55555555


mem[X,0x800069FC] -> 0x0193
mem[X,0x800069FE] -> 0x0000
[656] [M]: 0x800069FC (0x00000193) addi gp, zero, 0
x3 <- 0x00000000


mem[X,0x80006A00] -> 0x006F
mem[X,0x80006A02] -> 0x00C0
[657] [M]: 0x80006A00 (0x00C0006F) jal zero, 12


mem[X,0x80006A0C] -> 0x7663
mem[X,0x80006A0E] -> 0x00B5
[658] [M]: 0x80006A0C (0x00B57663) bgeu a0, a1, 12


mem[X,0x80006A10] -> 0x8193
mem[X,0x80006A12] -> 0x0021
[659] [M]: 0x80006A10 (0x00218193) addi gp, gp, 2
x3 <- 0x00000002


mem[X,0x80006A14] -> 0x006F
mem[X,0x80006A16] -> 0x00C0
[660] [M]: 0x80006A14 (0x00C0006F) jal zero, 12


mem[X,0x80006A20] -> 0x2C23
mem[X,0x80006A22] -> 0x0A31
[661] [M]: 0x80006A20 (0x0A312C23) sw gp, 184(sp)
mem[0x8004A31C] <- 0x00000002


mem[X,0x80006A24] -> 0x0513
mem[X,0x80006A26] -> 0xBFF0
[662] [M]: 0x80006A24 (0xBFF00513) addi a0, zero, 3071
x10 <- 0xFFFFFBFF


mem[X,0x80006A28] -> 0xB5B7
mem[X,0x80006A2A] -> 0xAAAA
[663] [M]: 0x80006A28 (0xAAAAB5B7) lui a1, 699051
x11 <- 0xAAAAB000


mem[X,0x80006A2C] -> 0x8593
mem[X,0x80006A2E] -> 0xAAA5
[664] [M]: 0x80006A2C (0xAAA58593) addi a1, a1, 2730
x11 <- 0xAAAAAAAA


mem[X,0x80006A30] -> 0x0193
mem[X,0x80006A32] -> 0x0000
[665] [M]: 0x80006A30 (0x00000193) addi gp, zero, 0
x3 <- 0x00000000


mem[X,0x80006A34] -> 0x006F
mem[X,0x80006A36] -> 0x00C0
[666] [M]: 0x80006A34 (0x00C0006F) jal zero, 12


mem[X,0x80006A40] -> 0x7663
mem[X,0x80006A42] -> 0x00B5
[667] [M]: 0x80006A40 (0x00B57663) bgeu a0, a1, 12


mem[X,0x80006A4C] -> 0x8193
mem[X,0x80006A4E] -> 0x0031
[668] [M]: 0x80006A4C (0x00318193) addi gp, gp, 3
x3 <- 0x00000003


mem[X,0x80006A50] -> 0x006F
mem[X,0x80006A52] -> 0x0040
[669] [M]: 0x80006A50 (0x0040006F) jal zero, 4


mem[X,0x80006A54] -> 0x2E23
mem[X,0x80006A56] -> 0x0A31
[670] [M]: 0x80006A54 (0x0A312E23) sw gp, 188(sp)
mem[0x8004A320] <- 0x00000003


mem[X,0x80006A58] -> 0x0513
mem[X,0x80006A5A] -> 0x0100
[671] [M]: 0x80006A58 (0x01000513) addi a0, zero, 16
x10 <- 0x00000010


mem[X,0x80006A5C] -> 0x0593
mem[X,0x80006A5E] -> 0x0200
[672] [M]: 0x80006A5C (0x02000593) addi a1, zero, 32
x11 <- 0x00000020


mem[X,0x80006A60] -> 0x0193
mem[X,0x80006A62] -> 0x0000
[673] [M]: 0x80006A60 (0x00000193) addi gp, zero, 0
x3 <- 0x00000000


mem[X,0x80006A64] -> 0x006F
mem[X,0x80006A66] -> 0x00C0
[674] [M]: 0x80006A64 (0x00C0006F) jal zero, 12


mem[X,0x80006A70] -> 0x7063
mem[X,0x80006A72] -> 0x04B5
[675] [M]: 0x80006A70 (0x04B57063) bgeu a0, a1, 64


mem[X,0x80006A74] -> 0x8193
mem[X,0x80006A76] -> 0x0021
[676] [M]: 0x80006A74 (0x00218193) addi gp, gp, 2
x3 <- 0x00000002


mem[X,0x80006A78] -> 0x006F
mem[X,0x80006A7A] -> 0x0400
[677] [M]: 0x80006A78 (0x0400006F) jal zero, 64


mem[X,0x80006AB8] -> 0x2023
mem[X,0x80006ABA] -> 0x0C31
[678] [M]: 0x80006AB8 (0x0C312023) sw gp, 192(sp)
mem[0x8004A324] <- 0x00000002


mem[X,0x80006ABC] -> 0x0513
mem[X,0x80006ABE] -> 0x0200
[679] [M]: 0x80006ABC (0x02000513) addi a0, zero, 32
x10 <- 0x00000020


mem[X,0x80006AC0] -> 0x0593
mem[X,0x80006AC2] -> 0xEFF0
[680] [M]: 0x80006AC0 (0xEFF00593) addi a1, zero, 3839
x11 <- 0xFFFFFEFF


mem[X,0x80006AC4] -> 0x0193
mem[X,0x80006AC6] -> 0x0000
[681] [M]: 0x80006AC4 (0x00000193) addi gp, zero, 0
x3 <- 0x00000000


mem[X,0x80006AC8] -> 0x006F
mem[X,0x80006ACA] -> 0x2B10
[682] [M]: 0x80006AC8 (0x2B10006F) jal zero, 2736


mem[X,0x80007578] -> 0x7A63
mem[X,0x8000757A] -> 0xD4B5
[683] [M]: 0x80007578 (0xD4B57A63) bgeu a0, a1, 5460


mem[X,0x8000757C] -> 0x8193
mem[X,0x8000757E] -> 0x0021
[684] [M]: 0x8000757C (0x00218193) addi gp, gp, 2
x3 <- 0x00000002


mem[X,0x80007580] -> 0x006F
mem[X,0x80007582] -> 0x00C0
[685] [M]: 0x80007580 (0x00C0006F) jal zero, 12


mem[X,0x8000758C] -> 0x2223
mem[X,0x8000758E] -> 0x0C31
[686] [M]: 0x8000758C (0x0C312223) sw gp, 196(sp)
mem[0x8004A328] <- 0x00000002


mem[X,0x80007590] -> 0x0513
mem[X,0x80007592] -> 0x0400
[687] [M]: 0x80007590 (0x04000513) addi a0, zero, 64
x10 <- 0x00000040


mem[X,0x80007594] -> 0x05B7
mem[X,0x80007596] -> 0xF800
[688] [M]: 0x80007594 (0xF80005B7) lui a1, 1015808
x11 <- 0xF8000000


mem[X,0x80007598] -> 0x8593
mem[X,0x8000759A] -> 0xFFF5
[689] [M]: 0x80007598 (0xFFF58593) addi a1, a1, 4095
x11 <- 0xF7FFFFFF


mem[X,0x8000759C] -> 0x0193
mem[X,0x8000759E] -> 0x0000
[690] [M]: 0x8000759C (0x00000193) addi gp, zero, 0
x3 <- 0x00000000


mem[X,0x800075A0] -> 0x006F
mem[X,0x800075A2] -> 0x00C0
[691] [M]: 0x800075A0 (0x00C0006F) jal zero, 12


mem[X,0x800075AC] -> 0x7663
mem[X,0x800075AE] -> 0x00B5
[692] [M]: 0x800075AC (0x00B57663) bgeu a0, a1, 12


mem[X,0x800075B0] -> 0x8193
mem[X,0x800075B2] -> 0x0021
[693] [M]: 0x800075B0 (0x00218193) addi gp, gp, 2
x3 <- 0x00000002


mem[X,0x800075B4] -> 0x006F
mem[X,0x800075B6] -> 0x00C0
[694] [M]: 0x800075B4 (0x00C0006F) jal zero, 12


mem[X,0x800075C0] -> 0x2423
mem[X,0x800075C2] -> 0x0C31
[695] [M]: 0x800075C0 (0x0C312423) sw gp, 200(sp)
mem[0x8004A32C] <- 0x00000002


mem[X,0x800075C4] -> 0x0513
mem[X,0x800075C6] -> 0x1000
[696] [M]: 0x800075C4 (0x10000513) addi a0, zero, 256
x10 <- 0x00000100


mem[X,0x800075C8] -> 0x0593
mem[X,0x800075CA] -> 0xFF70
[697] [M]: 0x800075C8 (0xFF700593) addi a1, zero, 4087
x11 <- 0xFFFFFFF7


mem[X,0x800075CC] -> 0x0193
mem[X,0x800075CE] -> 0x0000
[698] [M]: 0x800075CC (0x00000193) addi gp, zero, 0
x3 <- 0x00000000


mem[X,0x800075D0] -> 0x006F
mem[X,0x800075D2] -> 0x00C0
[699] [M]: 0x800075D0 (0x00C0006F) jal zero, 12


clint::tick mtime <- 0x0000000000000007
 clint timer pending at mtime 0x0000000000000007
htif::tick 0x0000000000000000
mem[X,0x800075DC] -> 0x7063
mem[X,0x800075DE] -> 0x40B5
[700] [M]: 0x800075DC (0x40B57063) bgeu a0, a1, 1024


mem[X,0x800075E0] -> 0x8193
mem[X,0x800075E2] -> 0x0021
[701] [M]: 0x800075E0 (0x00218193) addi gp, gp, 2
x3 <- 0x00000002


mem[X,0x800075E4] -> 0x006F
mem[X,0x800075E6] -> 0x4000
[702] [M]: 0x800075E4 (0x4000006F) jal zero, 1024


mem[X,0x800079E4] -> 0x2623
mem[X,0x800079E6] -> 0x0C31
[703] [M]: 0x800079E4 (0x0C312623) sw gp, 204(sp)
mem[0x8004A330] <- 0x00000002


mem[X,0x800079E8] -> 0x0513
mem[X,0x800079EA] -> 0x2000
[704] [M]: 0x800079E8 (0x20000513) addi a0, zero, 512
x10 <- 0x00000200


mem[X,0x800079EC] -> 0x05B7
mem[X,0x800079EE] -> 0x0040
[705] [M]: 0x800079EC (0x004005B7) lui a1, 1024
x11 <- 0x00400000


mem[X,0x800079F0] -> 0x0193
mem[X,0x800079F2] -> 0x0000
[706] [M]: 0x800079F0 (0x00000193) addi gp, zero, 0
x3 <- 0x00000000


mem[X,0x800079F4] -> 0x006F
mem[X,0x800079F6] -> 0x00C0
[707] [M]: 0x800079F4 (0x00C0006F) jal zero, 12


mem[X,0x80007A00] -> 0x7063
mem[X,0x80007A02] -> 0x10B5
[708] [M]: 0x80007A00 (0x10B57063) bgeu a0, a1, 256


mem[X,0x80007A04] -> 0x8193
mem[X,0x80007A06] -> 0x0021
[709] [M]: 0x80007A04 (0x00218193) addi gp, gp, 2
x3 <- 0x00000002


mem[X,0x80007A08] -> 0x006F
mem[X,0x80007A0A] -> 0x1000
[710] [M]: 0x80007A08 (0x1000006F) jal zero, 256


mem[X,0x80007B08] -> 0x2823
mem[X,0x80007B0A] -> 0x0C31
[711] [M]: 0x80007B08 (0x0C312823) sw gp, 208(sp)
mem[0x8004A334] <- 0x00000002


mem[X,0x80007B0C] -> 0x0513
mem[X,0x80007B0E] -> 0x4000
[712] [M]: 0x80007B0C (0x40000513) addi a0, zero, 1024
x10 <- 0x00000400


mem[X,0x80007B10] -> 0xC5B7
mem[X,0x80007B12] -> 0xFFFF
[713] [M]: 0x80007B10 (0xFFFFC5B7) lui a1, 1048572
x11 <- 0xFFFFC000


mem[X,0x80007B14] -> 0x8593
mem[X,0x80007B16] -> 0xFFF5
[714] [M]: 0x80007B14 (0xFFF58593) addi a1, a1, 4095
x11 <- 0xFFFFBFFF


mem[X,0x80007B18] -> 0x0193
mem[X,0x80007B1A] -> 0x0000
[715] [M]: 0x80007B18 (0x00000193) addi gp, zero, 0
x3 <- 0x00000000


mem[X,0x80007B1C] -> 0x006F
mem[X,0x80007B1E] -> 0x00C0
[716] [M]: 0x80007B1C (0x00C0006F) jal zero, 12


mem[X,0x80007B28] -> 0x7CE3
mem[X,0x80007B2A] -> 0xFEB5
[717] [M]: 0x80007B28 (0xFEB57CE3) bgeu a0, a1, 8184


mem[X,0x80007B2C] -> 0x8193
mem[X,0x80007B2E] -> 0x0021
[718] [M]: 0x80007B2C (0x00218193) addi gp, gp, 2
x3 <- 0x00000002


mem[X,0x80007B30] -> 0x006F
mem[X,0x80007B32] -> 0x00C0
[719] [M]: 0x80007B30 (0x00C0006F) jal zero, 12


mem[X,0x80007B3C] -> 0x2A23
mem[X,0x80007B3E] -> 0x0C31
[720] [M]: 0x80007B3C (0x0C312A23) sw gp, 212(sp)
mem[0x8004A338] <- 0x00000002


mem[X,0x80007B40] -> 0x1537
mem[X,0x80007B42] -> 0x0000
[721] [M]: 0x80007B40 (0x00001537) lui a0, 1
x10 <- 0x00001000


mem[X,0x80007B44] -> 0x0513
mem[X,0x80007B46] -> 0x8005
[722] [M]: 0x80007B44 (0x80050513) addi a0, a0, 2048
x10 <- 0x00000800


mem[X,0x80007B48] -> 0xB5B7
mem[X,0x80007B4A] -> 0xAAAA
[723] [M]: 0x80007B48 (0xAAAAB5B7) lui a1, 699051
x11 <- 0xAAAAB000


mem[X,0x80007B4C] -> 0x8593
mem[X,0x80007B4E] -> 0xAAA5
[724] [M]: 0x80007B4C (0xAAA58593) addi a1, a1, 2730
x11 <- 0xAAAAAAAA


mem[X,0x80007B50] -> 0x0193
mem[X,0x80007B52] -> 0x0000
[725] [M]: 0x80007B50 (0x00000193) addi gp, zero, 0
x3 <- 0x00000000


mem[X,0x80007B54] -> 0x006F
mem[X,0x80007B56] -> 0x00C0
[726] [M]: 0x80007B54 (0x00C0006F) jal zero, 12


mem[X,0x80007B60] -> 0x7063
mem[X,0x80007B62] -> 0x40B5
[727] [M]: 0x80007B60 (0x40B57063) bgeu a0, a1, 1024


mem[X,0x80007B64] -> 0x8193
mem[X,0x80007B66] -> 0x0021
[728] [M]: 0x80007B64 (0x00218193) addi gp, gp, 2
x3 <- 0x00000002


mem[X,0x80007B68] -> 0x006F
mem[X,0x80007B6A] -> 0x4000
[729] [M]: 0x80007B68 (0x4000006F) jal zero, 1024


mem[X,0x80007F68] -> 0x2C23
mem[X,0x80007F6A] -> 0x0C31
[730] [M]: 0x80007F68 (0x0C312C23) sw gp, 216(sp)
mem[0x8004A33C] <- 0x00000002


mem[X,0x80007F6C] -> 0x1537
mem[X,0x80007F6E] -> 0x0000
[731] [M]: 0x80007F6C (0x00001537) lui a0, 1
x10 <- 0x00001000


mem[X,0x80007F70] -> 0x15B7
mem[X,0x80007F72] -> 0x0000
[732] [M]: 0x80007F70 (0x000015B7) lui a1, 1
x11 <- 0x00001000


mem[X,0x80007F74] -> 0x0193
mem[X,0x80007F76] -> 0x0000
[733] [M]: 0x80007F74 (0x00000193) addi gp, zero, 0
x3 <- 0x00000000


mem[X,0x80007F78] -> 0x006F
mem[X,0x80007F7A] -> 0x00C0
[734] [M]: 0x80007F78 (0x00C0006F) jal zero, 12


mem[X,0x80007F84] -> 0x7663
mem[X,0x80007F86] -> 0x00B5
[735] [M]: 0x80007F84 (0x00B57663) bgeu a0, a1, 12


mem[X,0x80007F90] -> 0x8193
mem[X,0x80007F92] -> 0x0031
[736] [M]: 0x80007F90 (0x00318193) addi gp, gp, 3
x3 <- 0x00000003


mem[X,0x80007F94] -> 0x006F
mem[X,0x80007F96] -> 0x0040
[737] [M]: 0x80007F94 (0x0040006F) jal zero, 4


mem[X,0x80007F98] -> 0x2E23
mem[X,0x80007F9A] -> 0x0C31
[738] [M]: 0x80007F98 (0x0C312E23) sw gp, 220(sp)
mem[0x8004A340] <- 0x00000003


mem[X,0x80007F9C] -> 0x2537
mem[X,0x80007F9E] -> 0x0000
[739] [M]: 0x80007F9C (0x00002537) lui a0, 2
x10 <- 0x00002000


mem[X,0x80007FA0] -> 0x0593
mem[X,0x80007FA2] -> 0x0010
[740] [M]: 0x80007FA0 (0x00100593) addi a1, zero, 1
x11 <- 0x00000001


mem[X,0x80007FA4] -> 0x0193
mem[X,0x80007FA6] -> 0x0000
[741] [M]: 0x80007FA4 (0x00000193) addi gp, zero, 0
x3 <- 0x00000000


mem[X,0x80007FA8] -> 0x006F
mem[X,0x80007FAA] -> 0x2B10
[742] [M]: 0x80007FA8 (0x2B10006F) jal zero, 2736


mem[X,0x80008A58] -> 0x7A63
mem[X,0x80008A5A] -> 0xD4B5
[743] [M]: 0x80008A58 (0xD4B57A63) bgeu a0, a1, 5460


mem[X,0x80007FAC] -> 0x8193
mem[X,0x80007FAE] -> 0x0011
[744] [M]: 0x80007FAC (0x00118193) addi gp, gp, 1
x3 <- 0x00000001


mem[X,0x80007FB0] -> 0x006F
mem[X,0x80007FB2] -> 0x2BD0
[745] [M]: 0x80007FB0 (0x2BD0006F) jal zero, 2748


mem[X,0x80008A6C] -> 0x2023
mem[X,0x80008A6E] -> 0x0E31
[746] [M]: 0x80008A6C (0x0E312023) sw gp, 224(sp)
mem[0x8004A344] <- 0x00000001


mem[X,0x80008A70] -> 0x8537
mem[X,0x80008A72] -> 0x0000
[747] [M]: 0x80008A70 (0x00008537) lui a0, 8
x10 <- 0x00008000


mem[X,0x80008A74] -> 0xF5B7
mem[X,0x80008A76] -> 0xFFFF
[748] [M]: 0x80008A74 (0xFFFFF5B7) lui a1, 1048575
x11 <- 0xFFFFF000


mem[X,0x80008A78] -> 0x8593
mem[X,0x80008A7A] -> 0x7FF5
[749] [M]: 0x80008A78 (0x7FF58593) addi a1, a1, 2047
x11 <- 0xFFFFF7FF


mem[X,0x80008A7C] -> 0x0193
mem[X,0x80008A7E] -> 0x0000
[750] [M]: 0x80008A7C (0x00000193) addi gp, zero, 0
x3 <- 0x00000000


mem[X,0x80008A80] -> 0x006F
mem[X,0x80008A82] -> 0x0100
[751] [M]: 0x80008A80 (0x0100006F) jal zero, 16


mem[X,0x80008A90] -> 0x7AE3
mem[X,0x80008A92] -> 0xFEB5
[752] [M]: 0x80008A90 (0xFEB57AE3) bgeu a0, a1, 8180


mem[X,0x80008A94] -> 0x8193
mem[X,0x80008A96] -> 0x0021
[753] [M]: 0x80008A94 (0x00218193) addi gp, gp, 2
x3 <- 0x00000002


mem[X,0x80008A98] -> 0x006F
mem[X,0x80008A9A] -> 0x00C0
[754] [M]: 0x80008A98 (0x00C0006F) jal zero, 12


mem[X,0x80008AA4] -> 0x2223
mem[X,0x80008AA6] -> 0x0E31
[755] [M]: 0x80008AA4 (0x0E312223) sw gp, 228(sp)
mem[0x8004A348] <- 0x00000002


mem[X,0x80008AA8] -> 0x0537
mem[X,0x80008AAA] -> 0x0001
[756] [M]: 0x80008AA8 (0x00010537) lui a0, 16
x10 <- 0x00010000


mem[X,0x80008AAC] -> 0x55B7
mem[X,0x80008AAE] -> 0x5555
[757] [M]: 0x80008AAC (0x555555B7) lui a1, 349525
x11 <- 0x55555000


mem[X,0x80008AB0] -> 0x8593
mem[X,0x80008AB2] -> 0x5555
[758] [M]: 0x80008AB0 (0x55558593) addi a1, a1, 1365
x11 <- 0x55555555


mem[X,0x80008AB4] -> 0x0193
mem[X,0x80008AB6] -> 0x0000
[759] [M]: 0x80008AB4 (0x00000193) addi gp, zero, 0
x3 <- 0x00000000


mem[X,0x80008AB8] -> 0x006F
mem[X,0x80008ABA] -> 0x00C0
[760] [M]: 0x80008AB8 (0x00C0006F) jal zero, 12


mem[X,0x80008AC4] -> 0x7663
mem[X,0x80008AC6] -> 0x00B5
[761] [M]: 0x80008AC4 (0x00B57663) bgeu a0, a1, 12


mem[X,0x80008AC8] -> 0x8193
mem[X,0x80008ACA] -> 0x0021
[762] [M]: 0x80008AC8 (0x00218193) addi gp, gp, 2
x3 <- 0x00000002


mem[X,0x80008ACC] -> 0x006F
mem[X,0x80008ACE] -> 0x00C0
[763] [M]: 0x80008ACC (0x00C0006F) jal zero, 12


mem[X,0x80008AD8] -> 0x2423
mem[X,0x80008ADA] -> 0x0E31
[764] [M]: 0x80008AD8 (0x0E312423) sw gp, 232(sp)
mem[0x8004A34C] <- 0x00000002


mem[X,0x80008ADC] -> 0x0537
mem[X,0x80008ADE] -> 0x0002
[765] [M]: 0x80008ADC (0x00020537) lui a0, 32
x10 <- 0x00020000


mem[X,0x80008AE0] -> 0x05B7
mem[X,0x80008AE2] -> 0x0002
[766] [M]: 0x80008AE0 (0x000205B7) lui a1, 32
x11 <- 0x00020000


mem[X,0x80008AE4] -> 0x0193
mem[X,0x80008AE6] -> 0x0000
[767] [M]: 0x80008AE4 (0x00000193) addi gp, zero, 0
x3 <- 0x00000000


mem[X,0x80008AE8] -> 0x006F
mem[X,0x80008AEA] -> 0x00C0
[768] [M]: 0x80008AE8 (0x00C0006F) jal zero, 12


mem[X,0x80008AF4] -> 0x7663
mem[X,0x80008AF6] -> 0x00B5
[769] [M]: 0x80008AF4 (0x00B57663) bgeu a0, a1, 12


mem[X,0x80008B00] -> 0x8193
mem[X,0x80008B02] -> 0x0031
[770] [M]: 0x80008B00 (0x00318193) addi gp, gp, 3
x3 <- 0x00000003


mem[X,0x80008B04] -> 0x006F
mem[X,0x80008B06] -> 0x0040
[771] [M]: 0x80008B04 (0x0040006F) jal zero, 4


mem[X,0x80008B08] -> 0x2623
mem[X,0x80008B0A] -> 0x0E31
[772] [M]: 0x80008B08 (0x0E312623) sw gp, 236(sp)
mem[0x8004A350] <- 0x00000003


mem[X,0x80008B0C] -> 0x0537
mem[X,0x80008B0E] -> 0x0004
[773] [M]: 0x80008B0C (0x00040537) lui a0, 64
x10 <- 0x00040000


mem[X,0x80008B10] -> 0x05B7
mem[X,0x80008B12] -> 0x0800
[774] [M]: 0x80008B10 (0x080005B7) lui a1, 32768
x11 <- 0x08000000


mem[X,0x80008B14] -> 0x0193
mem[X,0x80008B16] -> 0x0000
[775] [M]: 0x80008B14 (0x00000193) addi gp, zero, 0
x3 <- 0x00000000


mem[X,0x80008B18] -> 0x006F
mem[X,0x80008B1A] -> 0x00C0
[776] [M]: 0x80008B18 (0x00C0006F) jal zero, 12


mem[X,0x80008B24] -> 0x7863
mem[X,0x80008B26] -> 0x00B5
[777] [M]: 0x80008B24 (0x00B57863) bgeu a0, a1, 16


mem[X,0x80008B28] -> 0x8193
mem[X,0x80008B2A] -> 0x0021
[778] [M]: 0x80008B28 (0x00218193) addi gp, gp, 2
x3 <- 0x00000002


mem[X,0x80008B2C] -> 0x006F
mem[X,0x80008B2E] -> 0x0100
[779] [M]: 0x80008B2C (0x0100006F) jal zero, 16


mem[X,0x80008B3C] -> 0x2823
mem[X,0x80008B3E] -> 0x0E31
[780] [M]: 0x80008B3C (0x0E312823) sw gp, 240(sp)
mem[0x8004A354] <- 0x00000002


mem[X,0x80008B40] -> 0x0537
mem[X,0x80008B42] -> 0x0010
[781] [M]: 0x80008B40 (0x00100537) lui a0, 256
x10 <- 0x00100000


mem[X,0x80008B44] -> 0x0593
mem[X,0x80008B46] -> 0x0090
[782] [M]: 0x80008B44 (0x00900593) addi a1, zero, 9
x11 <- 0x00000009


mem[X,0x80008B48] -> 0x0193
mem[X,0x80008B4A] -> 0x0000
[783] [M]: 0x80008B48 (0x00000193) addi gp, zero, 0
x3 <- 0x00000000


mem[X,0x80008B4C] -> 0x006F
mem[X,0x80008B4E] -> 0x00C0
[784] [M]: 0x80008B4C (0x00C0006F) jal zero, 12


mem[X,0x80008B58] -> 0x7863
mem[X,0x80008B5A] -> 0x00B5
[785] [M]: 0x80008B58 (0x00B57863) bgeu a0, a1, 16


mem[X,0x80008B68] -> 0x8193
mem[X,0x80008B6A] -> 0x0031
[786] [M]: 0x80008B68 (0x00318193) addi gp, gp, 3
x3 <- 0x00000003


mem[X,0x80008B6C] -> 0x006F
mem[X,0x80008B6E] -> 0x0040
[787] [M]: 0x80008B6C (0x0040006F) jal zero, 4


mem[X,0x80008B70] -> 0x2A23
mem[X,0x80008B72] -> 0x0E31
[788] [M]: 0x80008B70 (0x0E312A23) sw gp, 244(sp)
mem[0x8004A358] <- 0x00000003


mem[X,0x80008B74] -> 0x0537
mem[X,0x80008B76] -> 0x0040
[789] [M]: 0x80008B74 (0x00400537) lui a0, 1024
x10 <- 0x00400000


mem[X,0x80008B78] -> 0x85B7
mem[X,0x80008B7A] -> 0x0000
[790] [M]: 0x80008B78 (0x000085B7) lui a1, 8
x11 <- 0x00008000


mem[X,0x80008B7C] -> 0x0193
mem[X,0x80008B7E] -> 0x0000
[791] [M]: 0x80008B7C (0x00000193) addi gp, zero, 0
x3 <- 0x00000000


mem[X,0x80008B80] -> 0x006F
mem[X,0x80008B82] -> 0x00C0
[792] [M]: 0x80008B80 (0x00C0006F) jal zero, 12


mem[X,0x80008B8C] -> 0x7063
mem[X,0x80008B8E] -> 0x10B5
[793] [M]: 0x80008B8C (0x10B57063) bgeu a0, a1, 256


mem[X,0x80008C8C] -> 0x8193
mem[X,0x80008C8E] -> 0x0031
[794] [M]: 0x80008C8C (0x00318193) addi gp, gp, 3
x3 <- 0x00000003


mem[X,0x80008C90] -> 0x006F
mem[X,0x80008C92] -> 0x0040
[795] [M]: 0x80008C90 (0x0040006F) jal zero, 4


mem[X,0x80008C94] -> 0x2C23
mem[X,0x80008C96] -> 0x0E31
[796] [M]: 0x80008C94 (0x0E312C23) sw gp, 248(sp)
mem[0x8004A35C] <- 0x00000003


mem[X,0x80008C98] -> 0x0537
mem[X,0x80008C9A] -> 0x1000
[797] [M]: 0x80008C98 (0x10000537) lui a0, 65536
x10 <- 0x10000000


mem[X,0x80008C9C] -> 0x55B7
mem[X,0x80008C9E] -> 0x5555
[798] [M]: 0x80008C9C (0x555555B7) lui a1, 349525
x11 <- 0x55555000


mem[X,0x80008CA0] -> 0x8593
mem[X,0x80008CA2] -> 0x5555
[799] [M]: 0x80008CA0 (0x55558593) addi a1, a1, 1365
x11 <- 0x55555555


clint::tick mtime <- 0x0000000000000008
 clint timer pending at mtime 0x0000000000000008
htif::tick 0x0000000000000000
mem[X,0x80008CA4] -> 0x0193
mem[X,0x80008CA6] -> 0x0000
[800] [M]: 0x80008CA4 (0x00000193) addi gp, zero, 0
x3 <- 0x00000000


mem[X,0x80008CA8] -> 0x006F
mem[X,0x80008CAA] -> 0x00C0
[801] [M]: 0x80008CA8 (0x00C0006F) jal zero, 12


mem[X,0x80008CB4] -> 0x7CE3
mem[X,0x80008CB6] -> 0xFEB5
[802] [M]: 0x80008CB4 (0xFEB57CE3) bgeu a0, a1, 8184


mem[X,0x80008CB8] -> 0x8193
mem[X,0x80008CBA] -> 0x0021
[803] [M]: 0x80008CB8 (0x00218193) addi gp, gp, 2
x3 <- 0x00000002


mem[X,0x80008CBC] -> 0x006F
mem[X,0x80008CBE] -> 0x00C0
[804] [M]: 0x80008CBC (0x00C0006F) jal zero, 12


mem[X,0x80008CC8] -> 0x2E23
mem[X,0x80008CCA] -> 0x0E31
[805] [M]: 0x80008CC8 (0x0E312E23) sw gp, 252(sp)
mem[0x8004A360] <- 0x00000002


mem[X,0x80008CCC] -> 0x0537
mem[X,0x80008CCE] -> 0x2000
[806] [M]: 0x80008CCC (0x20000537) lui a0, 131072
x10 <- 0x20000000


mem[X,0x80008CD0] -> 0x0593
mem[X,0x80008CD2] -> 0x0800
[807] [M]: 0x80008CD0 (0x08000593) addi a1, zero, 128
x11 <- 0x00000080


mem[X,0x80008CD4] -> 0x0193
mem[X,0x80008CD6] -> 0x0000
[808] [M]: 0x80008CD4 (0x00000193) addi gp, zero, 0
x3 <- 0x00000000


mem[X,0x80008CD8] -> 0x006F
mem[X,0x80008CDA] -> 0x2B10
[809] [M]: 0x80008CD8 (0x2B10006F) jal zero, 2736


mem[X,0x80009788] -> 0x7A63
mem[X,0x8000978A] -> 0xD4B5
[810] [M]: 0x80009788 (0xD4B57A63) bgeu a0, a1, 5460


mem[X,0x80008CDC] -> 0x8193
mem[X,0x80008CDE] -> 0x0011
[811] [M]: 0x80008CDC (0x00118193) addi gp, gp, 1
x3 <- 0x00000001


mem[X,0x80008CE0] -> 0x006F
mem[X,0x80008CE2] -> 0x2BD0
[812] [M]: 0x80008CE0 (0x2BD0006F) jal zero, 2748


mem[X,0x8000979C] -> 0x2023
mem[X,0x8000979E] -> 0x1031
[813] [M]: 0x8000979C (0x10312023) sw gp, 256(sp)
mem[0x8004A364] <- 0x00000001


mem[X,0x800097A0] -> 0x0537
mem[X,0x800097A2] -> 0x4000
[814] [M]: 0x800097A0 (0x40000537) lui a0, 262144
x10 <- 0x40000000


mem[X,0x800097A4] -> 0x0593
mem[X,0x800097A6] -> 0xFBF0
[815] [M]: 0x800097A4 (0xFBF00593) addi a1, zero, 4031
x11 <- 0xFFFFFFBF


mem[X,0x800097A8] -> 0x0193
mem[X,0x800097AA] -> 0x0000
[816] [M]: 0x800097A8 (0x00000193) addi gp, zero, 0
x3 <- 0x00000000


mem[X,0x800097AC] -> 0x006F
mem[X,0x800097AE] -> 0x0180
[817] [M]: 0x800097AC (0x0180006F) jal zero, 24


mem[X,0x800097C4] -> 0x76E3
mem[X,0x800097C6] -> 0xFEB5
[818] [M]: 0x800097C4 (0xFEB576E3) bgeu a0, a1, 8172


mem[X,0x800097C8] -> 0x8193
mem[X,0x800097CA] -> 0x0021
[819] [M]: 0x800097C8 (0x00218193) addi gp, gp, 2
x3 <- 0x00000002


mem[X,0x800097CC] -> 0x006F
mem[X,0x800097CE] -> 0x00C0
[820] [M]: 0x800097CC (0x00C0006F) jal zero, 12


mem[X,0x800097D8] -> 0x2223
mem[X,0x800097DA] -> 0x1031
[821] [M]: 0x800097D8 (0x10312223) sw gp, 260(sp)
mem[0x8004A368] <- 0x00000002


mem[X,0x800097DC] -> 0x0537
mem[X,0x800097DE] -> 0x8000
[822] [M]: 0x800097DC (0x80000537) lui a0, 524288
x10 <- 0x80000000


mem[X,0x800097E0] -> 0x05B7
mem[X,0x800097E2] -> 0x0400
[823] [M]: 0x800097E0 (0x040005B7) lui a1, 16384
x11 <- 0x04000000


mem[X,0x800097E4] -> 0x0193
mem[X,0x800097E6] -> 0x0000
[824] [M]: 0x800097E4 (0x00000193) addi gp, zero, 0
x3 <- 0x00000000


mem[X,0x800097E8] -> 0x006F
mem[X,0x800097EA] -> 0x00C0
[825] [M]: 0x800097E8 (0x00C0006F) jal zero, 12


mem[X,0x800097F4] -> 0x7063
mem[X,0x800097F6] -> 0x10B5
[826] [M]: 0x800097F4 (0x10B57063) bgeu a0, a1, 256


mem[X,0x800098F4] -> 0x8193
mem[X,0x800098F6] -> 0x0031
[827] [M]: 0x800098F4 (0x00318193) addi gp, gp, 3
x3 <- 0x00000003


mem[X,0x800098F8] -> 0x006F
mem[X,0x800098FA] -> 0x0040
[828] [M]: 0x800098F8 (0x0040006F) jal zero, 4


mem[X,0x800098FC] -> 0x2423
mem[X,0x800098FE] -> 0x1031
[829] [M]: 0x800098FC (0x10312423) sw gp, 264(sp)
mem[0x8004A36C] <- 0x00000003


mem[X,0x80009900] -> 0x0513
mem[X,0x80009902] -> 0xFFD0
[830] [M]: 0x80009900 (0xFFD00513) addi a0, zero, 4093
x10 <- 0xFFFFFFFD


mem[X,0x80009904] -> 0x0593
mem[X,0x80009906] -> 0xFFD0
[831] [M]: 0x80009904 (0xFFD00593) addi a1, zero, 4093
x11 <- 0xFFFFFFFD


mem[X,0x80009908] -> 0x0193
mem[X,0x8000990A] -> 0x0000
[832] [M]: 0x80009908 (0x00000193) addi gp, zero, 0
x3 <- 0x00000000


mem[X,0x8000990C] -> 0x006F
mem[X,0x8000990E] -> 0x00C0
[833] [M]: 0x8000990C (0x00C0006F) jal zero, 12


mem[X,0x80009918] -> 0x7063
mem[X,0x8000991A] -> 0x04B5
[834] [M]: 0x80009918 (0x04B57063) bgeu a0, a1, 64


mem[X,0x80009958] -> 0x8193
mem[X,0x8000995A] -> 0x0031
[835] [M]: 0x80009958 (0x00318193) addi gp, gp, 3
x3 <- 0x00000003


mem[X,0x8000995C] -> 0x006F
mem[X,0x8000995E] -> 0x0040
[836] [M]: 0x8000995C (0x0040006F) jal zero, 4


mem[X,0x80009960] -> 0x2623
mem[X,0x80009962] -> 0x1031
[837] [M]: 0x80009960 (0x10312623) sw gp, 268(sp)
mem[0x8004A370] <- 0x00000003


mem[X,0x80009964] -> 0x0513
mem[X,0x80009966] -> 0xFFB0
[838] [M]: 0x80009964 (0xFFB00513) addi a0, zero, 4091
x10 <- 0xFFFFFFFB


mem[X,0x80009968] -> 0x0593
mem[X,0x8000996A] -> 0x0400
[839] [M]: 0x80009968 (0x04000593) addi a1, zero, 64
x11 <- 0x00000040


mem[X,0x8000996C] -> 0x0193
mem[X,0x8000996E] -> 0x0000
[840] [M]: 0x8000996C (0x00000193) addi gp, zero, 0
x3 <- 0x00000000


mem[X,0x80009970] -> 0x006F
mem[X,0x80009972] -> 0x00C0
[841] [M]: 0x80009970 (0x00C0006F) jal zero, 12


mem[X,0x8000997C] -> 0x7063
mem[X,0x8000997E] -> 0x04B5
[842] [M]: 0x8000997C (0x04B57063) bgeu a0, a1, 64


mem[X,0x800099BC] -> 0x8193
mem[X,0x800099BE] -> 0x0031
[843] [M]: 0x800099BC (0x00318193) addi gp, gp, 3
x3 <- 0x00000003


mem[X,0x800099C0] -> 0x006F
mem[X,0x800099C2] -> 0x0040
[844] [M]: 0x800099C0 (0x0040006F) jal zero, 4


mem[X,0x800099C4] -> 0x2823
mem[X,0x800099C6] -> 0x1031
[845] [M]: 0x800099C4 (0x10312823) sw gp, 272(sp)
mem[0x8004A374] <- 0x00000003


mem[X,0x800099C8] -> 0x0513
mem[X,0x800099CA] -> 0xFF70
[846] [M]: 0x800099C8 (0xFF700513) addi a0, zero, 4087
x10 <- 0xFFFFFFF7


mem[X,0x800099CC] -> 0xB5B7
mem[X,0x800099CE] -> 0xAAAA
[847] [M]: 0x800099CC (0xAAAAB5B7) lui a1, 699051
x11 <- 0xAAAAB000


mem[X,0x800099D0] -> 0x8593
mem[X,0x800099D2] -> 0xAAA5
[848] [M]: 0x800099D0 (0xAAA58593) addi a1, a1, 2730
x11 <- 0xAAAAAAAA


mem[X,0x800099D4] -> 0x0193
mem[X,0x800099D6] -> 0x0000
[849] [M]: 0x800099D4 (0x00000193) addi gp, zero, 0
x3 <- 0x00000000


mem[X,0x800099D8] -> 0x006F
mem[X,0x800099DA] -> 0x0100
[850] [M]: 0x800099D8 (0x0100006F) jal zero, 16


mem[X,0x800099E8] -> 0x7AE3
mem[X,0x800099EA] -> 0xFEB5
[851] [M]: 0x800099E8 (0xFEB57AE3) bgeu a0, a1, 8180


mem[X,0x800099DC] -> 0x8193
mem[X,0x800099DE] -> 0x0011
[852] [M]: 0x800099DC (0x00118193) addi gp, gp, 1
x3 <- 0x00000001


mem[X,0x800099E0] -> 0x006F
mem[X,0x800099E2] -> 0x01C0
[853] [M]: 0x800099E0 (0x01C0006F) jal zero, 28


mem[X,0x800099FC] -> 0x2A23
mem[X,0x800099FE] -> 0x1031
[854] [M]: 0x800099FC (0x10312A23) sw gp, 276(sp)
mem[0x8004A378] <- 0x00000001


mem[X,0x80009A00] -> 0x0513
mem[X,0x80009A02] -> 0xFEF0
[855] [M]: 0x80009A00 (0xFEF00513) addi a0, zero, 4079
x10 <- 0xFFFFFFEF


mem[X,0x80009A04] -> 0x0593
mem[X,0x80009A06] -> 0x0000
[856] [M]: 0x80009A04 (0x00000593) addi a1, zero, 0
x11 <- 0x00000000


mem[X,0x80009A08] -> 0x0193
mem[X,0x80009A0A] -> 0x0000
[857] [M]: 0x80009A08 (0x00000193) addi gp, zero, 0
x3 <- 0x00000000


mem[X,0x80009A0C] -> 0x006F
mem[X,0x80009A0E] -> 0x00C0
[858] [M]: 0x80009A0C (0x00C0006F) jal zero, 12


mem[X,0x80009A18] -> 0x7063
mem[X,0x80009A1A] -> 0x20B5
[859] [M]: 0x80009A18 (0x20B57063) bgeu a0, a1, 512


mem[X,0x80009C18] -> 0x8193
mem[X,0x80009C1A] -> 0x0031
[860] [M]: 0x80009C18 (0x00318193) addi gp, gp, 3
x3 <- 0x00000003


mem[X,0x80009C1C] -> 0x006F
mem[X,0x80009C1E] -> 0x0040
[861] [M]: 0x80009C1C (0x0040006F) jal zero, 4


mem[X,0x80009C20] -> 0x2C23
mem[X,0x80009C22] -> 0x1031
[862] [M]: 0x80009C20 (0x10312C23) sw gp, 280(sp)
mem[0x8004A37C] <- 0x00000003


mem[X,0x80009C24] -> 0x0513
mem[X,0x80009C26] -> 0xFDF0
[863] [M]: 0x80009C24 (0xFDF00513) addi a0, zero, 4063
x10 <- 0xFFFFFFDF


mem[X,0x80009C28] -> 0x0593
mem[X,0x80009C2A] -> 0x0010
[864] [M]: 0x80009C28 (0x00100593) addi a1, zero, 1
x11 <- 0x00000001


mem[X,0x80009C2C] -> 0x0193
mem[X,0x80009C2E] -> 0x0000
[865] [M]: 0x80009C2C (0x00000193) addi gp, zero, 0
x3 <- 0x00000000


mem[X,0x80009C30] -> 0x006F
mem[X,0x80009C32] -> 0x0100
[866] [M]: 0x80009C30 (0x0100006F) jal zero, 16


mem[X,0x80009C40] -> 0x7AE3
mem[X,0x80009C42] -> 0xFEB5
[867] [M]: 0x80009C40 (0xFEB57AE3) bgeu a0, a1, 8180


mem[X,0x80009C34] -> 0x8193
mem[X,0x80009C36] -> 0x0011
[868] [M]: 0x80009C34 (0x00118193) addi gp, gp, 1
x3 <- 0x00000001


mem[X,0x80009C38] -> 0x006F
mem[X,0x80009C3A] -> 0x01C0
[869] [M]: 0x80009C38 (0x01C0006F) jal zero, 28


mem[X,0x80009C54] -> 0x2E23
mem[X,0x80009C56] -> 0x1031
[870] [M]: 0x80009C54 (0x10312E23) sw gp, 284(sp)
mem[0x8004A380] <- 0x00000001


mem[X,0x80009C58] -> 0x0537
mem[X,0x80009C5A] -> 0xFFFF
[871] [M]: 0x80009C58 (0xFFFF0537) lui a0, 1048560
x10 <- 0xFFFF0000


mem[X,0x80009C5C] -> 0x0513
mem[X,0x80009C5E] -> 0xFFF5
[872] [M]: 0x80009C5C (0xFFF50513) addi a0, a0, 4095
x10 <- 0xFFFEFFFF


mem[X,0x80009C60] -> 0xC5B7
mem[X,0x80009C62] -> 0xFFFF
[873] [M]: 0x80009C60 (0xFFFFC5B7) lui a1, 1048572
x11 <- 0xFFFFC000


mem[X,0x80009C64] -> 0x8593
mem[X,0x80009C66] -> 0xFFF5
[874] [M]: 0x80009C64 (0xFFF58593) addi a1, a1, 4095
x11 <- 0xFFFFBFFF


mem[X,0x80009C68] -> 0x0193
mem[X,0x80009C6A] -> 0x0000
[875] [M]: 0x80009C68 (0x00000193) addi gp, zero, 0
x3 <- 0x00000000


mem[X,0x80009C6C] -> 0x006F
mem[X,0x80009C6E] -> 0x00C0
[876] [M]: 0x80009C6C (0x00C0006F) jal zero, 12


mem[X,0x80009C78] -> 0x7863
mem[X,0x80009C7A] -> 0x00B5
[877] [M]: 0x80009C78 (0x00B57863) bgeu a0, a1, 16


mem[X,0x80009C7C] -> 0x8193
mem[X,0x80009C7E] -> 0x0021
[878] [M]: 0x80009C7C (0x00218193) addi gp, gp, 2
x3 <- 0x00000002


mem[X,0x80009C80] -> 0x006F
mem[X,0x80009C82] -> 0x0100
[879] [M]: 0x80009C80 (0x0100006F) jal zero, 16


mem[X,0x80009C90] -> 0x2023
mem[X,0x80009C92] -> 0x1231
[880] [M]: 0x80009C90 (0x12312023) sw gp, 288(sp)
mem[0x8004A384] <- 0x00000002


mem[X,0x80009C94] -> 0x0537
mem[X,0x80009C96] -> 0xFFFE
[881] [M]: 0x80009C94 (0xFFFE0537) lui a0, 1048544
x10 <- 0xFFFE0000


mem[X,0x80009C98] -> 0x0513
mem[X,0x80009C9A] -> 0xFFF5
[882] [M]: 0x80009C98 (0xFFF50513) addi a0, a0, 4095
x10 <- 0xFFFDFFFF


mem[X,0x80009C9C] -> 0x05B7
mem[X,0x80009C9E] -> 0x0001
[883] [M]: 0x80009C9C (0x000105B7) lui a1, 16
x11 <- 0x00010000


mem[X,0x80009CA0] -> 0x8593
mem[X,0x80009CA2] -> 0xFFE5
[884] [M]: 0x80009CA0 (0xFFE58593) addi a1, a1, 4094
x11 <- 0x0000FFFE


mem[X,0x80009CA4] -> 0x0193
mem[X,0x80009CA6] -> 0x0000
[885] [M]: 0x80009CA4 (0x00000193) addi gp, zero, 0
x3 <- 0x00000000


mem[X,0x80009CA8] -> 0x006F
mem[X,0x80009CAA] -> 0x00C0
[886] [M]: 0x80009CA8 (0x00C0006F) jal zero, 12


mem[X,0x80009CB4] -> 0x7063
mem[X,0x80009CB6] -> 0x10B5
[887] [M]: 0x80009CB4 (0x10B57063) bgeu a0, a1, 256


mem[X,0x80009DB4] -> 0x8193
mem[X,0x80009DB6] -> 0x0031
[888] [M]: 0x80009DB4 (0x00318193) addi gp, gp, 3
x3 <- 0x00000003


mem[X,0x80009DB8] -> 0x006F
mem[X,0x80009DBA] -> 0x0040
[889] [M]: 0x80009DB8 (0x0040006F) jal zero, 4


mem[X,0x80009DBC] -> 0x2223
mem[X,0x80009DBE] -> 0x1231
[890] [M]: 0x80009DBC (0x12312223) sw gp, 292(sp)
mem[0x8004A388] <- 0x00000003


mem[X,0x80009DC0] -> 0x0537
mem[X,0x80009DC2] -> 0xFFF8
[891] [M]: 0x80009DC0 (0xFFF80537) lui a0, 1048448
x10 <- 0xFFF80000


mem[X,0x80009DC4] -> 0x0513
mem[X,0x80009DC6] -> 0xFFF5
[892] [M]: 0x80009DC4 (0xFFF50513) addi a0, a0, 4095
x10 <- 0xFFF7FFFF


mem[X,0x80009DC8] -> 0x05B7
mem[X,0x80009DCA] -> 0xFFFC
[893] [M]: 0x80009DC8 (0xFFFC05B7) lui a1, 1048512
x11 <- 0xFFFC0000


mem[X,0x80009DCC] -> 0x8593
mem[X,0x80009DCE] -> 0xFFF5
[894] [M]: 0x80009DCC (0xFFF58593) addi a1, a1, 4095
x11 <- 0xFFFBFFFF


mem[X,0x80009DD0] -> 0x0193
mem[X,0x80009DD2] -> 0x0000
[895] [M]: 0x80009DD0 (0x00000193) addi gp, zero, 0
x3 <- 0x00000000


mem[X,0x80009DD4] -> 0x006F
mem[X,0x80009DD6] -> 0x2B10
[896] [M]: 0x80009DD4 (0x2B10006F) jal zero, 2736


mem[X,0x8000A884] -> 0x7A63
mem[X,0x8000A886] -> 0xD4B5
[897] [M]: 0x8000A884 (0xD4B57A63) bgeu a0, a1, 5460


mem[X,0x8000A888] -> 0x8193
mem[X,0x8000A88A] -> 0x0021
[898] [M]: 0x8000A888 (0x00218193) addi gp, gp, 2
x3 <- 0x00000002


mem[X,0x8000A88C] -> 0x006F
mem[X,0x8000A88E] -> 0x00C0
[899] [M]: 0x8000A88C (0x00C0006F) jal zero, 12


clint::tick mtime <- 0x0000000000000009
 clint timer pending at mtime 0x0000000000000009
htif::tick 0x0000000000000000
mem[X,0x8000A898] -> 0x2423
mem[X,0x8000A89A] -> 0x1231
[900] [M]: 0x8000A898 (0x12312423) sw gp, 296(sp)
mem[0x8004A38C] <- 0x00000002


mem[X,0x8000A89C] -> 0x0537
mem[X,0x8000A89E] -> 0xFFF0
[901] [M]: 0x8000A89C (0xFFF00537) lui a0, 1048320
x10 <- 0xFFF00000


mem[X,0x8000A8A0] -> 0x0513
mem[X,0x8000A8A2] -> 0xFFF5
[902] [M]: 0x8000A8A0 (0xFFF50513) addi a0, a0, 4095
x10 <- 0xFFEFFFFF


mem[X,0x8000A8A4] -> 0x0593
mem[X,0x8000A8A6] -> 0x0020
[903] [M]: 0x8000A8A4 (0x00200593) addi a1, zero, 2
x11 <- 0x00000002


mem[X,0x8000A8A8] -> 0x0193
mem[X,0x8000A8AA] -> 0x0000
[904] [M]: 0x8000A8A8 (0x00000193) addi gp, zero, 0
x3 <- 0x00000000


mem[X,0x8000A8AC] -> 0x006F
mem[X,0x8000A8AE] -> 0x00C0
[905] [M]: 0x8000A8AC (0x00C0006F) jal zero, 12


mem[X,0x8000A8B8] -> 0x7663
mem[X,0x8000A8BA] -> 0x00B5
[906] [M]: 0x8000A8B8 (0x00B57663) bgeu a0, a1, 12


mem[X,0x8000A8C4] -> 0x8193
mem[X,0x8000A8C6] -> 0x0031
[907] [M]: 0x8000A8C4 (0x00318193) addi gp, gp, 3
x3 <- 0x00000003


mem[X,0x8000A8C8] -> 0x006F
mem[X,0x8000A8CA] -> 0x0040
[908] [M]: 0x8000A8C8 (0x0040006F) jal zero, 4


mem[X,0x8000A8CC] -> 0x2623
mem[X,0x8000A8CE] -> 0x1231
[909] [M]: 0x8000A8CC (0x12312623) sw gp, 300(sp)
mem[0x8004A390] <- 0x00000003


mem[X,0x8000A8D0] -> 0x0537
mem[X,0x8000A8D2] -> 0xFFE0
[910] [M]: 0x8000A8D0 (0xFFE00537) lui a0, 1048064
x10 <- 0xFFE00000


mem[X,0x8000A8D4] -> 0x0513
mem[X,0x8000A8D6] -> 0xFFF5
[911] [M]: 0x8000A8D4 (0xFFF50513) addi a0, a0, 4095
x10 <- 0xFFDFFFFF


mem[X,0x8000A8D8] -> 0x05B7
mem[X,0x8000A8DA] -> 0xFFFE
[912] [M]: 0x8000A8D8 (0xFFFE05B7) lui a1, 1048544
x11 <- 0xFFFE0000


mem[X,0x8000A8DC] -> 0x8593
mem[X,0x8000A8DE] -> 0xFFF5
[913] [M]: 0x8000A8DC (0xFFF58593) addi a1, a1, 4095
x11 <- 0xFFFDFFFF


mem[X,0x8000A8E0] -> 0x0193
mem[X,0x8000A8E2] -> 0x0000
[914] [M]: 0x8000A8E0 (0x00000193) addi gp, zero, 0
x3 <- 0x00000000


mem[X,0x8000A8E4] -> 0x006F
mem[X,0x8000A8E6] -> 0x00C0
[915] [M]: 0x8000A8E4 (0x00C0006F) jal zero, 12


mem[X,0x8000A8F0] -> 0x7663
mem[X,0x8000A8F2] -> 0x00B5
[916] [M]: 0x8000A8F0 (0x00B57663) bgeu a0, a1, 12


mem[X,0x8000A8F4] -> 0x8193
mem[X,0x8000A8F6] -> 0x0021
[917] [M]: 0x8000A8F4 (0x00218193) addi gp, gp, 2
x3 <- 0x00000002


mem[X,0x8000A8F8] -> 0x006F
mem[X,0x8000A8FA] -> 0x00C0
[918] [M]: 0x8000A8F8 (0x00C0006F) jal zero, 12


mem[X,0x8000A904] -> 0x2823
mem[X,0x8000A906] -> 0x1231
[919] [M]: 0x8000A904 (0x12312823) sw gp, 304(sp)
mem[0x8004A394] <- 0x00000002


mem[X,0x8000A908] -> 0x0537
mem[X,0x8000A90A] -> 0xFFC0
[920] [M]: 0x8000A908 (0xFFC00537) lui a0, 1047552
x10 <- 0xFFC00000


mem[X,0x8000A90C] -> 0x0513
mem[X,0x8000A90E] -> 0xFFF5
[921] [M]: 0x8000A90C (0xFFF50513) addi a0, a0, 4095
x10 <- 0xFFBFFFFF


mem[X,0x8000A910] -> 0x0593
mem[X,0x8000A912] -> 0x00A0
[922] [M]: 0x8000A910 (0x00A00593) addi a1, zero, 10
x11 <- 0x0000000A


mem[X,0x8000A914] -> 0x0193
mem[X,0x8000A916] -> 0x0000
[923] [M]: 0x8000A914 (0x00000193) addi gp, zero, 0
x3 <- 0x00000000


mem[X,0x8000A918] -> 0x006F
mem[X,0x8000A91A] -> 0x00C0
[924] [M]: 0x8000A918 (0x00C0006F) jal zero, 12


mem[X,0x8000A924] -> 0x7063
mem[X,0x8000A926] -> 0x20B5
[925] [M]: 0x8000A924 (0x20B57063) bgeu a0, a1, 512


mem[X,0x8000AB24] -> 0x8193
mem[X,0x8000AB26] -> 0x0031
[926] [M]: 0x8000AB24 (0x00318193) addi gp, gp, 3
x3 <- 0x00000003


mem[X,0x8000AB28] -> 0x006F
mem[X,0x8000AB2A] -> 0x0040
[927] [M]: 0x8000AB28 (0x0040006F) jal zero, 4


mem[X,0x8000AB2C] -> 0x2A23
mem[X,0x8000AB2E] -> 0x1231
[928] [M]: 0x8000AB2C (0x12312A23) sw gp, 308(sp)
mem[0x8004A398] <- 0x00000003


mem[X,0x8000AB30] -> 0x0537
mem[X,0x8000AB32] -> 0xFF80
[929] [M]: 0x8000AB30 (0xFF800537) lui a0, 1046528
x10 <- 0xFF800000


mem[X,0x8000AB34] -> 0x0513
mem[X,0x8000AB36] -> 0xFFF5
[930] [M]: 0x8000AB34 (0xFFF50513) addi a0, a0, 4095
x10 <- 0xFF7FFFFF


mem[X,0x8000AB38] -> 0x0593
mem[X,0x8000AB3A] -> 0xFEF0
[931] [M]: 0x8000AB38 (0xFEF00593) addi a1, zero, 4079
x11 <- 0xFFFFFFEF


mem[X,0x8000AB3C] -> 0x0193
mem[X,0x8000AB3E] -> 0x0000
[932] [M]: 0x8000AB3C (0x00000193) addi gp, zero, 0
x3 <- 0x00000000


mem[X,0x8000AB40] -> 0x006F
mem[X,0x8000AB42] -> 0x0180
[933] [M]: 0x8000AB40 (0x0180006F) jal zero, 24


mem[X,0x8000AB58] -> 0x76E3
mem[X,0x8000AB5A] -> 0xFEB5
[934] [M]: 0x8000AB58 (0xFEB576E3) bgeu a0, a1, 8172


mem[X,0x8000AB5C] -> 0x8193
mem[X,0x8000AB5E] -> 0x0021
[935] [M]: 0x8000AB5C (0x00218193) addi gp, gp, 2
x3 <- 0x00000002


mem[X,0x8000AB60] -> 0x006F
mem[X,0x8000AB62] -> 0x00C0
[936] [M]: 0x8000AB60 (0x00C0006F) jal zero, 12


mem[X,0x8000AB6C] -> 0x2C23
mem[X,0x8000AB6E] -> 0x1231
[937] [M]: 0x8000AB6C (0x12312C23) sw gp, 312(sp)
mem[0x8004A39C] <- 0x00000002


mem[X,0x8000AB70] -> 0x0537
mem[X,0x8000AB72] -> 0xFF00
[938] [M]: 0x8000AB70 (0xFF000537) lui a0, 1044480
x10 <- 0xFF000000


mem[X,0x8000AB74] -> 0x0513
mem[X,0x8000AB76] -> 0xFFF5
[939] [M]: 0x8000AB74 (0xFFF50513) addi a0, a0, 4095
x10 <- 0xFEFFFFFF


mem[X,0x8000AB78] -> 0x0593
mem[X,0x8000AB7A] -> 0x1000
[940] [M]: 0x8000AB78 (0x10000593) addi a1, zero, 256
x11 <- 0x00000100


mem[X,0x8000AB7C] -> 0x0193
mem[X,0x8000AB7E] -> 0x0000
[941] [M]: 0x8000AB7C (0x00000193) addi gp, zero, 0
x3 <- 0x00000000


mem[X,0x8000AB80] -> 0x006F
mem[X,0x8000AB82] -> 0x00C0
[942] [M]: 0x8000AB80 (0x00C0006F) jal zero, 12


mem[X,0x8000AB8C] -> 0x7663
mem[X,0x8000AB8E] -> 0x00B5
[943] [M]: 0x8000AB8C (0x00B57663) bgeu a0, a1, 12


mem[X,0x8000AB98] -> 0x8193
mem[X,0x8000AB9A] -> 0x0031
[944] [M]: 0x8000AB98 (0x00318193) addi gp, gp, 3
x3 <- 0x00000003


mem[X,0x8000AB9C] -> 0x006F
mem[X,0x8000AB9E] -> 0x0040
[945] [M]: 0x8000AB9C (0x0040006F) jal zero, 4


mem[X,0x8000ABA0] -> 0x2E23
mem[X,0x8000ABA2] -> 0x1231
[946] [M]: 0x8000ABA0 (0x12312E23) sw gp, 316(sp)
mem[0x8004A3A0] <- 0x00000003


mem[X,0x8000ABA4] -> 0x0537
mem[X,0x8000ABA6] -> 0xFC00
[947] [M]: 0x8000ABA4 (0xFC000537) lui a0, 1032192
x10 <- 0xFC000000


mem[X,0x8000ABA8] -> 0x0513
mem[X,0x8000ABAA] -> 0xFFF5
[948] [M]: 0x8000ABA8 (0xFFF50513) addi a0, a0, 4095
x10 <- 0xFBFFFFFF


mem[X,0x8000ABAC] -> 0x05B7
mem[X,0x8000ABAE] -> 0x0001
[949] [M]: 0x8000ABAC (0x000105B7) lui a1, 16
x11 <- 0x00010000


mem[X,0x8000ABB0] -> 0x8593
mem[X,0x8000ABB2] -> 0xFFF5
[950] [M]: 0x8000ABB0 (0xFFF58593) addi a1, a1, 4095
x11 <- 0x0000FFFF


mem[X,0x8000ABB4] -> 0x0193
mem[X,0x8000ABB6] -> 0x0000
[951] [M]: 0x8000ABB4 (0x00000193) addi gp, zero, 0
x3 <- 0x00000000


mem[X,0x8000ABB8] -> 0x006F
mem[X,0x8000ABBA] -> 0x00C0
[952] [M]: 0x8000ABB8 (0x00C0006F) jal zero, 12


mem[X,0x8000ABC4] -> 0x7663
mem[X,0x8000ABC6] -> 0x00B5
[953] [M]: 0x8000ABC4 (0x00B57663) bgeu a0, a1, 12


mem[X,0x8000ABD0] -> 0x8193
mem[X,0x8000ABD2] -> 0x0031
[954] [M]: 0x8000ABD0 (0x00318193) addi gp, gp, 3
x3 <- 0x00000003


mem[X,0x8000ABD4] -> 0x006F
mem[X,0x8000ABD6] -> 0x0040
[955] [M]: 0x8000ABD4 (0x0040006F) jal zero, 4


mem[X,0x8000ABD8] -> 0x2023
mem[X,0x8000ABDA] -> 0x1431
[956] [M]: 0x8000ABD8 (0x14312023) sw gp, 320(sp)
mem[0x8004A3A4] <- 0x00000003


mem[X,0x8000ABDC] -> 0x0537
mem[X,0x8000ABDE] -> 0xF800
[957] [M]: 0x8000ABDC (0xF8000537) lui a0, 1015808
x10 <- 0xF8000000


mem[X,0x8000ABE0] -> 0x0513
mem[X,0x8000ABE2] -> 0xFFF5
[958] [M]: 0x8000ABE0 (0xFFF50513) addi a0, a0, 4095
x10 <- 0xF7FFFFFF


mem[X,0x8000ABE4] -> 0xB5B7
mem[X,0x8000ABE6] -> 0xAAAA
[959] [M]: 0x8000ABE4 (0xAAAAB5B7) lui a1, 699051
x11 <- 0xAAAAB000


mem[X,0x8000ABE8] -> 0x8593
mem[X,0x8000ABEA] -> 0xAAA5
[960] [M]: 0x8000ABE8 (0xAAA58593) addi a1, a1, 2730
x11 <- 0xAAAAAAAA


mem[X,0x8000ABEC] -> 0x0193
mem[X,0x8000ABEE] -> 0x0000
[961] [M]: 0x8000ABEC (0x00000193) addi gp, zero, 0
x3 <- 0x00000000


mem[X,0x8000ABF0] -> 0x006F
mem[X,0x8000ABF2] -> 0x00C0
[962] [M]: 0x8000ABF0 (0x00C0006F) jal zero, 12


mem[X,0x8000ABFC] -> 0x7CE3
mem[X,0x8000ABFE] -> 0xFEB5
[963] [M]: 0x8000ABFC (0xFEB57CE3) bgeu a0, a1, 8184


mem[X,0x8000ABF4] -> 0x8193
mem[X,0x8000ABF6] -> 0x0011
[964] [M]: 0x8000ABF4 (0x00118193) addi gp, gp, 1
x3 <- 0x00000001


mem[X,0x8000ABF8] -> 0x006F
mem[X,0x8000ABFA] -> 0x0180
[965] [M]: 0x8000ABF8 (0x0180006F) jal zero, 24


mem[X,0x8000AC10] -> 0x2223
mem[X,0x8000AC12] -> 0x1431
[966] [M]: 0x8000AC10 (0x14312223) sw gp, 324(sp)
mem[0x8004A3A8] <- 0x00000001


mem[X,0x8000AC14] -> 0x0537
mem[X,0x8000AC16] -> 0xF000
[967] [M]: 0x8000AC14 (0xF0000537) lui a0, 983040
x10 <- 0xF0000000


mem[X,0x8000AC18] -> 0x0513
mem[X,0x8000AC1A] -> 0xFFF5
[968] [M]: 0x8000AC18 (0xFFF50513) addi a0, a0, 4095
x10 <- 0xEFFFFFFF


mem[X,0x8000AC1C] -> 0x0593
mem[X,0x8000AC1E] -> 0x0120
[969] [M]: 0x8000AC1C (0x01200593) addi a1, zero, 18
x11 <- 0x00000012


mem[X,0x8000AC20] -> 0x0193
mem[X,0x8000AC22] -> 0x0000
[970] [M]: 0x8000AC20 (0x00000193) addi gp, zero, 0
x3 <- 0x00000000


mem[X,0x8000AC24] -> 0x006F
mem[X,0x8000AC26] -> 0x0180
[971] [M]: 0x8000AC24 (0x0180006F) jal zero, 24


mem[X,0x8000AC3C] -> 0x76E3
mem[X,0x8000AC3E] -> 0xFEB5
[972] [M]: 0x8000AC3C (0xFEB576E3) bgeu a0, a1, 8172


mem[X,0x8000AC28] -> 0x8193
mem[X,0x8000AC2A] -> 0x0011
[973] [M]: 0x8000AC28 (0x00118193) addi gp, gp, 1
x3 <- 0x00000001


mem[X,0x8000AC2C] -> 0x006F
mem[X,0x8000AC2E] -> 0x0240
[974] [M]: 0x8000AC2C (0x0240006F) jal zero, 36


mem[X,0x8000AC50] -> 0x2423
mem[X,0x8000AC52] -> 0x1431
[975] [M]: 0x8000AC50 (0x14312423) sw gp, 328(sp)
mem[0x8004A3AC] <- 0x00000001


mem[X,0x8000AC54] -> 0x0537
mem[X,0x8000AC56] -> 0x8000
[976] [M]: 0x8000AC54 (0x80000537) lui a0, 524288
x10 <- 0x80000000


mem[X,0x8000AC58] -> 0x0513
mem[X,0x8000AC5A] -> 0xFFF5
[977] [M]: 0x8000AC58 (0xFFF50513) addi a0, a0, 4095
x10 <- 0x7FFFFFFF


mem[X,0x8000AC5C] -> 0x0593
mem[X,0x8000AC5E] -> 0x0060
[978] [M]: 0x8000AC5C (0x00600593) addi a1, zero, 6
x11 <- 0x00000006


mem[X,0x8000AC60] -> 0x0193
mem[X,0x8000AC62] -> 0x0000
[979] [M]: 0x8000AC60 (0x00000193) addi gp, zero, 0
x3 <- 0x00000000


mem[X,0x8000AC64] -> 0x006F
mem[X,0x8000AC66] -> 0x00C0
[980] [M]: 0x8000AC64 (0x00C0006F) jal zero, 12


mem[X,0x8000AC70] -> 0x7063
mem[X,0x8000AC72] -> 0x10B5
[981] [M]: 0x8000AC70 (0x10B57063) bgeu a0, a1, 256


mem[X,0x8000AD70] -> 0x8193
mem[X,0x8000AD72] -> 0x0031
[982] [M]: 0x8000AD70 (0x00318193) addi gp, gp, 3
x3 <- 0x00000003


mem[X,0x8000AD74] -> 0x006F
mem[X,0x8000AD76] -> 0x0040
[983] [M]: 0x8000AD74 (0x0040006F) jal zero, 4


mem[X,0x8000AD78] -> 0x2623
mem[X,0x8000AD7A] -> 0x1431
[984] [M]: 0x8000AD78 (0x14312623) sw gp, 332(sp)
mem[0x8004A3B0] <- 0x00000003


mem[X,0x8000AD7C] -> 0x0513
mem[X,0x8000AD7E] -> 0x0030
[985] [M]: 0x8000AD7C (0x00300513) addi a0, zero, 3
x10 <- 0x00000003


mem[X,0x8000AD80] -> 0x0593
mem[X,0x8000AD82] -> 0x0030
[986] [M]: 0x8000AD80 (0x00300593) addi a1, zero, 3
x11 <- 0x00000003


mem[X,0x8000AD84] -> 0x0193
mem[X,0x8000AD86] -> 0x0000
[987] [M]: 0x8000AD84 (0x00000193) addi gp, zero, 0
x3 <- 0x00000000


mem[X,0x8000AD88] -> 0x006F
mem[X,0x8000AD8A] -> 0x00C0
[988] [M]: 0x8000AD88 (0x00C0006F) jal zero, 12


mem[X,0x8000AD94] -> 0x7CE3
mem[X,0x8000AD96] -> 0xFEB5
[989] [M]: 0x8000AD94 (0xFEB57CE3) bgeu a0, a1, 8184


mem[X,0x8000AD8C] -> 0x8193
mem[X,0x8000AD8E] -> 0x0011
[990] [M]: 0x8000AD8C (0x00118193) addi gp, gp, 1
x3 <- 0x00000001


mem[X,0x8000AD90] -> 0x006F
mem[X,0x8000AD92] -> 0x0180
[991] [M]: 0x8000AD90 (0x0180006F) jal zero, 24


mem[X,0x8000ADA8] -> 0x2823
mem[X,0x8000ADAA] -> 0x1431
[992] [M]: 0x8000ADA8 (0x14312823) sw gp, 336(sp)
mem[0x8004A3B4] <- 0x00000001


mem[X,0x8000ADAC] -> 0x0513
mem[X,0x8000ADAE] -> 0x0030
[993] [M]: 0x8000ADAC (0x00300513) addi a0, zero, 3
x10 <- 0x00000003


mem[X,0x8000ADB0] -> 0x55B7
mem[X,0x8000ADB2] -> 0x5555
[994] [M]: 0x8000ADB0 (0x555555B7) lui a1, 349525
x11 <- 0x55555000


mem[X,0x8000ADB4] -> 0x8593
mem[X,0x8000ADB6] -> 0x5555
[995] [M]: 0x8000ADB4 (0x55558593) addi a1, a1, 1365
x11 <- 0x55555555


mem[X,0x8000ADB8] -> 0x0193
mem[X,0x8000ADBA] -> 0x0000
[996] [M]: 0x8000ADB8 (0x00000193) addi gp, zero, 0
x3 <- 0x00000000


mem[X,0x8000ADBC] -> 0x006F
mem[X,0x8000ADBE] -> 0x0180
[997] [M]: 0x8000ADBC (0x0180006F) jal zero, 24


mem[X,0x8000ADD4] -> 0x76E3
mem[X,0x8000ADD6] -> 0xFEB5
[998] [M]: 0x8000ADD4 (0xFEB576E3) bgeu a0, a1, 8172


mem[X,0x8000ADD8] -> 0x8193
mem[X,0x8000ADDA] -> 0x0021
[999] [M]: 0x8000ADD8 (0x00218193) addi gp, gp, 2
x3 <- 0x00000002


clint::tick mtime <- 0x000000000000000A
 clint timer pending at mtime 0x000000000000000A
htif::tick 0x0000000000000000
mem[X,0x8000ADDC] -> 0x006F
mem[X,0x8000ADDE] -> 0x00C0
[1000] [M]: 0x8000ADDC (0x00C0006F) jal zero, 12


mem[X,0x8000ADE8] -> 0x2A23
mem[X,0x8000ADEA] -> 0x1431
[1001] [M]: 0x8000ADE8 (0x14312A23) sw gp, 340(sp)
mem[0x8004A3B8] <- 0x00000002


mem[X,0x8000ADEC] -> 0x0513
mem[X,0x8000ADEE] -> 0x0030
[1002] [M]: 0x8000ADEC (0x00300513) addi a0, zero, 3
x10 <- 0x00000003


mem[X,0x8000ADF0] -> 0xB5B7
mem[X,0x8000ADF2] -> 0xAAAA
[1003] [M]: 0x8000ADF0 (0xAAAAB5B7) lui a1, 699051
x11 <- 0xAAAAB000


mem[X,0x8000ADF4] -> 0x8593
mem[X,0x8000ADF6] -> 0xAAA5
[1004] [M]: 0x8000ADF4 (0xAAA58593) addi a1, a1, 2730
x11 <- 0xAAAAAAAA


mem[X,0x8000ADF8] -> 0x0193
mem[X,0x8000ADFA] -> 0x0000
[1005] [M]: 0x8000ADF8 (0x00000193) addi gp, zero, 0
x3 <- 0x00000000


mem[X,0x8000ADFC] -> 0x006F
mem[X,0x8000ADFE] -> 0x2B10
[1006] [M]: 0x8000ADFC (0x2B10006F) jal zero, 2736


mem[X,0x8000B8AC] -> 0x7A63
mem[X,0x8000B8AE] -> 0xD4B5
[1007] [M]: 0x8000B8AC (0xD4B57A63) bgeu a0, a1, 5460


mem[X,0x8000B8B0] -> 0x8193
mem[X,0x8000B8B2] -> 0x0021
[1008] [M]: 0x8000B8B0 (0x00218193) addi gp, gp, 2
x3 <- 0x00000002


mem[X,0x8000B8B4] -> 0x006F
mem[X,0x8000B8B6] -> 0x00C0
[1009] [M]: 0x8000B8B4 (0x00C0006F) jal zero, 12


mem[X,0x8000B8C0] -> 0x2C23
mem[X,0x8000B8C2] -> 0x1431
[1010] [M]: 0x8000B8C0 (0x14312C23) sw gp, 344(sp)
mem[0x8004A3BC] <- 0x00000002


mem[X,0x8000B8C4] -> 0x0513
mem[X,0x8000B8C6] -> 0x0030
[1011] [M]: 0x8000B8C4 (0x00300513) addi a0, zero, 3
x10 <- 0x00000003


mem[X,0x8000B8C8] -> 0x0593
mem[X,0x8000B8CA] -> 0x0050
[1012] [M]: 0x8000B8C8 (0x00500593) addi a1, zero, 5
x11 <- 0x00000005


mem[X,0x8000B8CC] -> 0x0193
mem[X,0x8000B8CE] -> 0x0000
[1013] [M]: 0x8000B8CC (0x00000193) addi gp, zero, 0
x3 <- 0x00000000


mem[X,0x8000B8D0] -> 0x006F
mem[X,0x8000B8D2] -> 0x00C0
[1014] [M]: 0x8000B8D0 (0x00C0006F) jal zero, 12


mem[X,0x8000B8DC] -> 0x7CE3
mem[X,0x8000B8DE] -> 0xFEB5
[1015] [M]: 0x8000B8DC (0xFEB57CE3) bgeu a0, a1, 8184


mem[X,0x8000B8E0] -> 0x8193
mem[X,0x8000B8E2] -> 0x0021
[1016] [M]: 0x8000B8E0 (0x00218193) addi gp, gp, 2
x3 <- 0x00000002


mem[X,0x8000B8E4] -> 0x006F
mem[X,0x8000B8E6] -> 0x00C0
[1017] [M]: 0x8000B8E4 (0x00C0006F) jal zero, 12


mem[X,0x8000B8F0] -> 0x2E23
mem[X,0x8000B8F2] -> 0x1431
[1018] [M]: 0x8000B8F0 (0x14312E23) sw gp, 348(sp)
mem[0x8004A3C0] <- 0x00000002


mem[X,0x8000B8F4] -> 0x0513
mem[X,0x8000B8F6] -> 0x0030
[1019] [M]: 0x8000B8F4 (0x00300513) addi a0, zero, 3
x10 <- 0x00000003


mem[X,0x8000B8F8] -> 0x35B7
mem[X,0x8000B8FA] -> 0x3333
[1020] [M]: 0x8000B8F8 (0x333335B7) lui a1, 209715
x11 <- 0x33333000


mem[X,0x8000B8FC] -> 0x8593
mem[X,0x8000B8FE] -> 0x3335
[1021] [M]: 0x8000B8FC (0x33358593) addi a1, a1, 819
x11 <- 0x33333333


mem[X,0x8000B900] -> 0x0193
mem[X,0x8000B902] -> 0x0000
[1022] [M]: 0x8000B900 (0x00000193) addi gp, zero, 0
x3 <- 0x00000000


mem[X,0x8000B904] -> 0x006F
mem[X,0x8000B906] -> 0x00C0
[1023] [M]: 0x8000B904 (0x00C0006F) jal zero, 12


mem[X,0x8000B910] -> 0x7CE3
mem[X,0x8000B912] -> 0xFEB5
[1024] [M]: 0x8000B910 (0xFEB57CE3) bgeu a0, a1, 8184


mem[X,0x8000B914] -> 0x8193
mem[X,0x8000B916] -> 0x0021
[1025] [M]: 0x8000B914 (0x00218193) addi gp, gp, 2
x3 <- 0x00000002


mem[X,0x8000B918] -> 0x006F
mem[X,0x8000B91A] -> 0x00C0
[1026] [M]: 0x8000B918 (0x00C0006F) jal zero, 12


mem[X,0x8000B924] -> 0x2023
mem[X,0x8000B926] -> 0x1631
[1027] [M]: 0x8000B924 (0x16312023) sw gp, 352(sp)
mem[0x8004A3C4] <- 0x00000002


mem[X,0x8000B928] -> 0x0513
mem[X,0x8000B92A] -> 0x0030
[1028] [M]: 0x8000B928 (0x00300513) addi a0, zero, 3
x10 <- 0x00000003


mem[X,0x8000B92C] -> 0x65B7
mem[X,0x8000B92E] -> 0x6666
[1029] [M]: 0x8000B92C (0x666665B7) lui a1, 419430
x11 <- 0x66666000


mem[X,0x8000B930] -> 0x8593
mem[X,0x8000B932] -> 0x6665
[1030] [M]: 0x8000B930 (0x66658593) addi a1, a1, 1638
x11 <- 0x66666666


mem[X,0x8000B934] -> 0x0193
mem[X,0x8000B936] -> 0x0000
[1031] [M]: 0x8000B934 (0x00000193) addi gp, zero, 0
x3 <- 0x00000000


mem[X,0x8000B938] -> 0x006F
mem[X,0x8000B93A] -> 0x00C0
[1032] [M]: 0x8000B938 (0x00C0006F) jal zero, 12


mem[X,0x8000B944] -> 0x7663
mem[X,0x8000B946] -> 0x00B5
[1033] [M]: 0x8000B944 (0x00B57663) bgeu a0, a1, 12


mem[X,0x8000B948] -> 0x8193
mem[X,0x8000B94A] -> 0x0021
[1034] [M]: 0x8000B948 (0x00218193) addi gp, gp, 2
x3 <- 0x00000002


mem[X,0x8000B94C] -> 0x006F
mem[X,0x8000B94E] -> 0x00C0
[1035] [M]: 0x8000B94C (0x00C0006F) jal zero, 12


mem[X,0x8000B958] -> 0x2223
mem[X,0x8000B95A] -> 0x1631
[1036] [M]: 0x8000B958 (0x16312223) sw gp, 356(sp)
mem[0x8004A3C8] <- 0x00000002


mem[X,0x8000B95C] -> 0x0513
mem[X,0x8000B95E] -> 0x0030
[1037] [M]: 0x8000B95C (0x00300513) addi a0, zero, 3
x10 <- 0x00000003


mem[X,0x8000B960] -> 0xB5B7
mem[X,0x8000B962] -> 0x0000
[1038] [M]: 0x8000B960 (0x0000B5B7) lui a1, 11
x11 <- 0x0000B000


mem[X,0x8000B964] -> 0x8593
mem[X,0x8000B966] -> 0x5045
[1039] [M]: 0x8000B964 (0x50458593) addi a1, a1, 1284
x11 <- 0x0000B504


mem[X,0x8000B968] -> 0x0193
mem[X,0x8000B96A] -> 0x0000
[1040] [M]: 0x8000B968 (0x00000193) addi gp, zero, 0
x3 <- 0x00000000


mem[X,0x8000B96C] -> 0x006F
mem[X,0x8000B96E] -> 0x00C0
[1041] [M]: 0x8000B96C (0x00C0006F) jal zero, 12


mem[X,0x8000B978] -> 0x7063
mem[X,0x8000B97A] -> 0x20B5
[1042] [M]: 0x8000B978 (0x20B57063) bgeu a0, a1, 512


mem[X,0x8000B97C] -> 0x8193
mem[X,0x8000B97E] -> 0x0021
[1043] [M]: 0x8000B97C (0x00218193) addi gp, gp, 2
x3 <- 0x00000002


mem[X,0x8000B980] -> 0x006F
mem[X,0x8000B982] -> 0x2000
[1044] [M]: 0x8000B980 (0x2000006F) jal zero, 512


mem[X,0x8000BB80] -> 0x2423
mem[X,0x8000BB82] -> 0x1631
[1045] [M]: 0x8000BB80 (0x16312423) sw gp, 360(sp)
mem[0x8004A3CC] <- 0x00000002


mem[X,0x8000BB84] -> 0x0513
mem[X,0x8000BB86] -> 0x0030
[1046] [M]: 0x8000BB84 (0x00300513) addi a0, zero, 3
x10 <- 0x00000003


mem[X,0x8000BB88] -> 0x0593
mem[X,0x8000BB8A] -> 0x0000
[1047] [M]: 0x8000BB88 (0x00000593) addi a1, zero, 0
x11 <- 0x00000000


mem[X,0x8000BB8C] -> 0x0193
mem[X,0x8000BB8E] -> 0x0000
[1048] [M]: 0x8000BB8C (0x00000193) addi gp, zero, 0
x3 <- 0x00000000


mem[X,0x8000BB90] -> 0x006F
mem[X,0x8000BB92] -> 0x00C0
[1049] [M]: 0x8000BB90 (0x00C0006F) jal zero, 12


mem[X,0x8000BB9C] -> 0x7663
mem[X,0x8000BB9E] -> 0x00B5
[1050] [M]: 0x8000BB9C (0x00B57663) bgeu a0, a1, 12


mem[X,0x8000BBA8] -> 0x8193
mem[X,0x8000BBAA] -> 0x0031
[1051] [M]: 0x8000BBA8 (0x00318193) addi gp, gp, 3
x3 <- 0x00000003


mem[X,0x8000BBAC] -> 0x006F
mem[X,0x8000BBAE] -> 0x0040
[1052] [M]: 0x8000BBAC (0x0040006F) jal zero, 4


mem[X,0x8000BBB0] -> 0x2623
mem[X,0x8000BBB2] -> 0x1631
[1053] [M]: 0x8000BBB0 (0x16312623) sw gp, 364(sp)
mem[0x8004A3D0] <- 0x00000003


mem[X,0x8000BBB4] -> 0x0513
mem[X,0x8000BBB6] -> 0x0030
[1054] [M]: 0x8000BBB4 (0x00300513) addi a0, zero, 3
x10 <- 0x00000003


mem[X,0x8000BBB8] -> 0x05B7
mem[X,0x8000BBBA] -> 0x0001
[1055] [M]: 0x8000BBB8 (0x000105B7) lui a1, 16
x11 <- 0x00010000


mem[X,0x8000BBBC] -> 0x8593
mem[X,0x8000BBBE] -> 0xFFF5
[1056] [M]: 0x8000BBBC (0xFFF58593) addi a1, a1, 4095
x11 <- 0x0000FFFF


mem[X,0x8000BBC0] -> 0x0193
mem[X,0x8000BBC2] -> 0x0000
[1057] [M]: 0x8000BBC0 (0x00000193) addi gp, zero, 0
x3 <- 0x00000000


mem[X,0x8000BBC4] -> 0x006F
mem[X,0x8000BBC6] -> 0x00C0
[1058] [M]: 0x8000BBC4 (0x00C0006F) jal zero, 12


mem[X,0x8000BBD0] -> 0x7663
mem[X,0x8000BBD2] -> 0x00B5
[1059] [M]: 0x8000BBD0 (0x00B57663) bgeu a0, a1, 12


mem[X,0x8000BBD4] -> 0x8193
mem[X,0x8000BBD6] -> 0x0021
[1060] [M]: 0x8000BBD4 (0x00218193) addi gp, gp, 2
x3 <- 0x00000002


mem[X,0x8000BBD8] -> 0x006F
mem[X,0x8000BBDA] -> 0x00C0
[1061] [M]: 0x8000BBD8 (0x00C0006F) jal zero, 12


mem[X,0x8000BBE4] -> 0x2823
mem[X,0x8000BBE6] -> 0x1631
[1062] [M]: 0x8000BBE4 (0x16312823) sw gp, 368(sp)
mem[0x8004A3D4] <- 0x00000002


mem[X,0x8000BBE8] -> 0x0513
mem[X,0x8000BBEA] -> 0x0030
[1063] [M]: 0x8000BBE8 (0x00300513) addi a0, zero, 3
x10 <- 0x00000003


mem[X,0x8000BBEC] -> 0x0593
mem[X,0x8000BBEE] -> 0x0020
[1064] [M]: 0x8000BBEC (0x00200593) addi a1, zero, 2
x11 <- 0x00000002


mem[X,0x8000BBF0] -> 0x0193
mem[X,0x8000BBF2] -> 0x0000
[1065] [M]: 0x8000BBF0 (0x00000193) addi gp, zero, 0
x3 <- 0x00000000


mem[X,0x8000BBF4] -> 0x006F
mem[X,0x8000BBF6] -> 0x00C0
[1066] [M]: 0x8000BBF4 (0x00C0006F) jal zero, 12


mem[X,0x8000BC00] -> 0x7063
mem[X,0x8000BC02] -> 0x04B5
[1067] [M]: 0x8000BC00 (0x04B57063) bgeu a0, a1, 64


mem[X,0x8000BC40] -> 0x8193
mem[X,0x8000BC42] -> 0x0031
[1068] [M]: 0x8000BC40 (0x00318193) addi gp, gp, 3
x3 <- 0x00000003


mem[X,0x8000BC44] -> 0x006F
mem[X,0x8000BC46] -> 0x0040
[1069] [M]: 0x8000BC44 (0x0040006F) jal zero, 4


mem[X,0x8000BC48] -> 0x2A23
mem[X,0x8000BC4A] -> 0x1631
[1070] [M]: 0x8000BC48 (0x16312A23) sw gp, 372(sp)
mem[0x8004A3D8] <- 0x00000003


mem[X,0x8000BC4C] -> 0x0513
mem[X,0x8000BC4E] -> 0x0030
[1071] [M]: 0x8000BC4C (0x00300513) addi a0, zero, 3
x10 <- 0x00000003


mem[X,0x8000BC50] -> 0x55B7
mem[X,0x8000BC52] -> 0x5555
[1072] [M]: 0x8000BC50 (0x555555B7) lui a1, 349525
x11 <- 0x55555000


mem[X,0x8000BC54] -> 0x8593
mem[X,0x8000BC56] -> 0x5545
[1073] [M]: 0x8000BC54 (0x55458593) addi a1, a1, 1364
x11 <- 0x55555554


mem[X,0x8000BC58] -> 0x0193
mem[X,0x8000BC5A] -> 0x0000
[1074] [M]: 0x8000BC58 (0x00000193) addi gp, zero, 0
x3 <- 0x00000000


mem[X,0x8000BC5C] -> 0x006F
mem[X,0x8000BC5E] -> 0x00C0
[1075] [M]: 0x8000BC5C (0x00C0006F) jal zero, 12


mem[X,0x8000BC68] -> 0x7063
mem[X,0x8000BC6A] -> 0x10B5
[1076] [M]: 0x8000BC68 (0x10B57063) bgeu a0, a1, 256


mem[X,0x8000BC6C] -> 0x8193
mem[X,0x8000BC6E] -> 0x0021
[1077] [M]: 0x8000BC6C (0x00218193) addi gp, gp, 2
x3 <- 0x00000002


mem[X,0x8000BC70] -> 0x006F
mem[X,0x8000BC72] -> 0x1000
[1078] [M]: 0x8000BC70 (0x1000006F) jal zero, 256


mem[X,0x8000BD70] -> 0x2C23
mem[X,0x8000BD72] -> 0x1631
[1079] [M]: 0x8000BD70 (0x16312C23) sw gp, 376(sp)
mem[0x8004A3DC] <- 0x00000002


mem[X,0x8000BD74] -> 0x0513
mem[X,0x8000BD76] -> 0x0030
[1080] [M]: 0x8000BD74 (0x00300513) addi a0, zero, 3
x10 <- 0x00000003


mem[X,0x8000BD78] -> 0xB5B7
mem[X,0x8000BD7A] -> 0xAAAA
[1081] [M]: 0x8000BD78 (0xAAAAB5B7) lui a1, 699051
x11 <- 0xAAAAB000


mem[X,0x8000BD7C] -> 0x8593
mem[X,0x8000BD7E] -> 0xAA95
[1082] [M]: 0x8000BD7C (0xAA958593) addi a1, a1, 2729
x11 <- 0xAAAAAAA9


mem[X,0x8000BD80] -> 0x0193
mem[X,0x8000BD82] -> 0x0000
[1083] [M]: 0x8000BD80 (0x00000193) addi gp, zero, 0
x3 <- 0x00000000


mem[X,0x8000BD84] -> 0x006F
mem[X,0x8000BD86] -> 0x00C0
[1084] [M]: 0x8000BD84 (0x00C0006F) jal zero, 12


mem[X,0x8000BD90] -> 0x7863
mem[X,0x8000BD92] -> 0x00B5
[1085] [M]: 0x8000BD90 (0x00B57863) bgeu a0, a1, 16


mem[X,0x8000BD94] -> 0x8193
mem[X,0x8000BD96] -> 0x0021
[1086] [M]: 0x8000BD94 (0x00218193) addi gp, gp, 2
x3 <- 0x00000002


mem[X,0x8000BD98] -> 0x006F
mem[X,0x8000BD9A] -> 0x0100
[1087] [M]: 0x8000BD98 (0x0100006F) jal zero, 16


mem[X,0x8000BDA8] -> 0x2E23
mem[X,0x8000BDAA] -> 0x1631
[1088] [M]: 0x8000BDA8 (0x16312E23) sw gp, 380(sp)
mem[0x8004A3E0] <- 0x00000002


mem[X,0x8000BDAC] -> 0x0513
mem[X,0x8000BDAE] -> 0x0030
[1089] [M]: 0x8000BDAC (0x00300513) addi a0, zero, 3
x10 <- 0x00000003


mem[X,0x8000BDB0] -> 0x0593
mem[X,0x8000BDB2] -> 0x0040
[1090] [M]: 0x8000BDB0 (0x00400593) addi a1, zero, 4
x11 <- 0x00000004


mem[X,0x8000BDB4] -> 0x0193
mem[X,0x8000BDB6] -> 0x0000
[1091] [M]: 0x8000BDB4 (0x00000193) addi gp, zero, 0
x3 <- 0x00000000


mem[X,0x8000BDB8] -> 0x006F
mem[X,0x8000BDBA] -> 0x00C0
[1092] [M]: 0x8000BDB8 (0x00C0006F) jal zero, 12


mem[X,0x8000BDC4] -> 0x7863
mem[X,0x8000BDC6] -> 0x00B5
[1093] [M]: 0x8000BDC4 (0x00B57863) bgeu a0, a1, 16


mem[X,0x8000BDC8] -> 0x8193
mem[X,0x8000BDCA] -> 0x0021
[1094] [M]: 0x8000BDC8 (0x00218193) addi gp, gp, 2
x3 <- 0x00000002


mem[X,0x8000BDCC] -> 0x006F
mem[X,0x8000BDCE] -> 0x0100
[1095] [M]: 0x8000BDCC (0x0100006F) jal zero, 16


mem[X,0x8000BDDC] -> 0x2023
mem[X,0x8000BDDE] -> 0x1831
[1096] [M]: 0x8000BDDC (0x18312023) sw gp, 384(sp)
mem[0x8004A3E4] <- 0x00000002


mem[X,0x8000BDE0] -> 0x0513
mem[X,0x8000BDE2] -> 0x0030
[1097] [M]: 0x8000BDE0 (0x00300513) addi a0, zero, 3
x10 <- 0x00000003


mem[X,0x8000BDE4] -> 0x35B7
mem[X,0x8000BDE6] -> 0x3333
[1098] [M]: 0x8000BDE4 (0x333335B7) lui a1, 209715
x11 <- 0x33333000


mem[X,0x8000BDE8] -> 0x8593
mem[X,0x8000BDEA] -> 0x3325
[1099] [M]: 0x8000BDE8 (0x33258593) addi a1, a1, 818
x11 <- 0x33333332


clint::tick mtime <- 0x000000000000000B
 clint timer pending at mtime 0x000000000000000B
htif::tick 0x0000000000000000
mem[X,0x8000BDEC] -> 0x0193
mem[X,0x8000BDEE] -> 0x0000
[1100] [M]: 0x8000BDEC (0x00000193) addi gp, zero, 0
x3 <- 0x00000000


mem[X,0x8000BDF0] -> 0x006F
mem[X,0x8000BDF2] -> 0x00C0
[1101] [M]: 0x8000BDF0 (0x00C0006F) jal zero, 12


mem[X,0x8000BDFC] -> 0x7663
mem[X,0x8000BDFE] -> 0x00B5
[1102] [M]: 0x8000BDFC (0x00B57663) bgeu a0, a1, 12


mem[X,0x8000BE00] -> 0x8193
mem[X,0x8000BE02] -> 0x0021
[1103] [M]: 0x8000BE00 (0x00218193) addi gp, gp, 2
x3 <- 0x00000002


mem[X,0x8000BE04] -> 0x006F
mem[X,0x8000BE06] -> 0x00C0
[1104] [M]: 0x8000BE04 (0x00C0006F) jal zero, 12


mem[X,0x8000BE10] -> 0x2223
mem[X,0x8000BE12] -> 0x1831
[1105] [M]: 0x8000BE10 (0x18312223) sw gp, 388(sp)
mem[0x8004A3E8] <- 0x00000002


mem[X,0x8000BE14] -> 0x0513
mem[X,0x8000BE16] -> 0x0030
[1106] [M]: 0x8000BE14 (0x00300513) addi a0, zero, 3
x10 <- 0x00000003


mem[X,0x8000BE18] -> 0x65B7
mem[X,0x8000BE1A] -> 0x6666
[1107] [M]: 0x8000BE18 (0x666665B7) lui a1, 419430
x11 <- 0x66666000


mem[X,0x8000BE1C] -> 0x8593
mem[X,0x8000BE1E] -> 0x6655
[1108] [M]: 0x8000BE1C (0x66558593) addi a1, a1, 1637
x11 <- 0x66666665


mem[X,0x8000BE20] -> 0x0193
mem[X,0x8000BE22] -> 0x0000
[1109] [M]: 0x8000BE20 (0x00000193) addi gp, zero, 0
x3 <- 0x00000000


mem[X,0x8000BE24] -> 0x006F
mem[X,0x8000BE26] -> 0x00C0
[1110] [M]: 0x8000BE24 (0x00C0006F) jal zero, 12


mem[X,0x8000BE30] -> 0x7063
mem[X,0x8000BE32] -> 0x10B5
[1111] [M]: 0x8000BE30 (0x10B57063) bgeu a0, a1, 256


mem[X,0x8000BE34] -> 0x8193
mem[X,0x8000BE36] -> 0x0021
[1112] [M]: 0x8000BE34 (0x00218193) addi gp, gp, 2
x3 <- 0x00000002


mem[X,0x8000BE38] -> 0x006F
mem[X,0x8000BE3A] -> 0x1000
[1113] [M]: 0x8000BE38 (0x1000006F) jal zero, 256


mem[X,0x8000BF38] -> 0x2423
mem[X,0x8000BF3A] -> 0x1831
[1114] [M]: 0x8000BF38 (0x18312423) sw gp, 392(sp)
mem[0x8004A3EC] <- 0x00000002


mem[X,0x8000BF3C] -> 0x0513
mem[X,0x8000BF3E] -> 0x0030
[1115] [M]: 0x8000BF3C (0x00300513) addi a0, zero, 3
x10 <- 0x00000003


mem[X,0x8000BF40] -> 0xB5B7
mem[X,0x8000BF42] -> 0x0000
[1116] [M]: 0x8000BF40 (0x0000B5B7) lui a1, 11
x11 <- 0x0000B000


mem[X,0x8000BF44] -> 0x8593
mem[X,0x8000BF46] -> 0x5035
[1117] [M]: 0x8000BF44 (0x50358593) addi a1, a1, 1283
x11 <- 0x0000B503


mem[X,0x8000BF48] -> 0x0193
mem[X,0x8000BF4A] -> 0x0000
[1118] [M]: 0x8000BF48 (0x00000193) addi gp, zero, 0
x3 <- 0x00000000


mem[X,0x8000BF4C] -> 0x006F
mem[X,0x8000BF4E] -> 0x0180
[1119] [M]: 0x8000BF4C (0x0180006F) jal zero, 24


mem[X,0x8000BF64] -> 0x76E3
mem[X,0x8000BF66] -> 0xFEB5
[1120] [M]: 0x8000BF64 (0xFEB576E3) bgeu a0, a1, 8172


mem[X,0x8000BF68] -> 0x8193
mem[X,0x8000BF6A] -> 0x0021
[1121] [M]: 0x8000BF68 (0x00218193) addi gp, gp, 2
x3 <- 0x00000002


mem[X,0x8000BF6C] -> 0x006F
mem[X,0x8000BF6E] -> 0x00C0
[1122] [M]: 0x8000BF6C (0x00C0006F) jal zero, 12


mem[X,0x8000BF78] -> 0x2623
mem[X,0x8000BF7A] -> 0x1831
[1123] [M]: 0x8000BF78 (0x18312623) sw gp, 396(sp)
mem[0x8004A3F0] <- 0x00000002


mem[X,0x8000BF7C] -> 0x0513
mem[X,0x8000BF7E] -> 0x0030
[1124] [M]: 0x8000BF7C (0x00300513) addi a0, zero, 3
x10 <- 0x00000003


mem[X,0x8000BF80] -> 0x05B7
mem[X,0x8000BF82] -> 0x0001
[1125] [M]: 0x8000BF80 (0x000105B7) lui a1, 16
x11 <- 0x00010000


mem[X,0x8000BF84] -> 0x8593
mem[X,0x8000BF86] -> 0xFFE5
[1126] [M]: 0x8000BF84 (0xFFE58593) addi a1, a1, 4094
x11 <- 0x0000FFFE


mem[X,0x8000BF88] -> 0x0193
mem[X,0x8000BF8A] -> 0x0000
[1127] [M]: 0x8000BF88 (0x00000193) addi gp, zero, 0
x3 <- 0x00000000


mem[X,0x8000BF8C] -> 0x006F
mem[X,0x8000BF8E] -> 0x00C0
[1128] [M]: 0x8000BF8C (0x00C0006F) jal zero, 12


mem[X,0x8000BF98] -> 0x7CE3
mem[X,0x8000BF9A] -> 0xFEB5
[1129] [M]: 0x8000BF98 (0xFEB57CE3) bgeu a0, a1, 8184


mem[X,0x8000BF9C] -> 0x8193
mem[X,0x8000BF9E] -> 0x0021
[1130] [M]: 0x8000BF9C (0x00218193) addi gp, gp, 2
x3 <- 0x00000002


mem[X,0x8000BFA0] -> 0x006F
mem[X,0x8000BFA2] -> 0x00C0
[1131] [M]: 0x8000BFA0 (0x00C0006F) jal zero, 12


mem[X,0x8000BFAC] -> 0x2823
mem[X,0x8000BFAE] -> 0x1831
[1132] [M]: 0x8000BFAC (0x18312823) sw gp, 400(sp)
mem[0x8004A3F4] <- 0x00000002


mem[X,0x8000BFB0] -> 0x0513
mem[X,0x8000BFB2] -> 0x0030
[1133] [M]: 0x8000BFB0 (0x00300513) addi a0, zero, 3
x10 <- 0x00000003


mem[X,0x8000BFB4] -> 0x55B7
mem[X,0x8000BFB6] -> 0x5555
[1134] [M]: 0x8000BFB4 (0x555555B7) lui a1, 349525
x11 <- 0x55555000


mem[X,0x8000BFB8] -> 0x8593
mem[X,0x8000BFBA] -> 0x5565
[1135] [M]: 0x8000BFB8 (0x55658593) addi a1, a1, 1366
x11 <- 0x55555556


mem[X,0x8000BFBC] -> 0x0193
mem[X,0x8000BFBE] -> 0x0000
[1136] [M]: 0x8000BFBC (0x00000193) addi gp, zero, 0
x3 <- 0x00000000


mem[X,0x8000BFC0] -> 0x006F
mem[X,0x8000BFC2] -> 0x0100
[1137] [M]: 0x8000BFC0 (0x0100006F) jal zero, 16


mem[X,0x8000BFD0] -> 0x7AE3
mem[X,0x8000BFD2] -> 0xFEB5
[1138] [M]: 0x8000BFD0 (0xFEB57AE3) bgeu a0, a1, 8180


mem[X,0x8000BFD4] -> 0x8193
mem[X,0x8000BFD6] -> 0x0021
[1139] [M]: 0x8000BFD4 (0x00218193) addi gp, gp, 2
x3 <- 0x00000002


mem[X,0x8000BFD8] -> 0x006F
mem[X,0x8000BFDA] -> 0x00C0
[1140] [M]: 0x8000BFD8 (0x00C0006F) jal zero, 12


mem[X,0x8000BFE4] -> 0x2A23
mem[X,0x8000BFE6] -> 0x1831
[1141] [M]: 0x8000BFE4 (0x18312A23) sw gp, 404(sp)
mem[0x8004A3F8] <- 0x00000002


mem[X,0x8000BFE8] -> 0x0513
mem[X,0x8000BFEA] -> 0x0030
[1142] [M]: 0x8000BFE8 (0x00300513) addi a0, zero, 3
x10 <- 0x00000003


mem[X,0x8000BFEC] -> 0xB5B7
mem[X,0x8000BFEE] -> 0xAAAA
[1143] [M]: 0x8000BFEC (0xAAAAB5B7) lui a1, 699051
x11 <- 0xAAAAB000


mem[X,0x8000BFF0] -> 0x8593
mem[X,0x8000BFF2] -> 0xAAB5
[1144] [M]: 0x8000BFF0 (0xAAB58593) addi a1, a1, 2731
x11 <- 0xAAAAAAAB


mem[X,0x8000BFF4] -> 0x0193
mem[X,0x8000BFF6] -> 0x0000
[1145] [M]: 0x8000BFF4 (0x00000193) addi gp, zero, 0
x3 <- 0x00000000


mem[X,0x8000BFF8] -> 0x006F
mem[X,0x8000BFFA] -> 0x00C0
[1146] [M]: 0x8000BFF8 (0x00C0006F) jal zero, 12


mem[X,0x8000C004] -> 0x7663
mem[X,0x8000C006] -> 0x00B5
[1147] [M]: 0x8000C004 (0x00B57663) bgeu a0, a1, 12


mem[X,0x8000C008] -> 0x8193
mem[X,0x8000C00A] -> 0x0021
[1148] [M]: 0x8000C008 (0x00218193) addi gp, gp, 2
x3 <- 0x00000002


mem[X,0x8000C00C] -> 0x006F
mem[X,0x8000C00E] -> 0x00C0
[1149] [M]: 0x8000C00C (0x00C0006F) jal zero, 12


mem[X,0x8000C018] -> 0x2C23
mem[X,0x8000C01A] -> 0x1831
[1150] [M]: 0x8000C018 (0x18312C23) sw gp, 408(sp)
mem[0x8004A3FC] <- 0x00000002


mem[X,0x8000C01C] -> 0x0513
mem[X,0x8000C01E] -> 0x0030
[1151] [M]: 0x8000C01C (0x00300513) addi a0, zero, 3
x10 <- 0x00000003


mem[X,0x8000C020] -> 0x0593
mem[X,0x8000C022] -> 0x0060
[1152] [M]: 0x8000C020 (0x00600593) addi a1, zero, 6
x11 <- 0x00000006


mem[X,0x8000C024] -> 0x0193
mem[X,0x8000C026] -> 0x0000
[1153] [M]: 0x8000C024 (0x00000193) addi gp, zero, 0
x3 <- 0x00000000


mem[X,0x8000C028] -> 0x006F
mem[X,0x8000C02A] -> 0x0050
[1154] [M]: 0x8000C028 (0x0050006F) jal zero, 2052


mem[X,0x8000C82C] -> 0x70E3
mem[X,0x8000C82E] -> 0x80B5
[1155] [M]: 0x8000C82C (0x80B570E3) bgeu a0, a1, 6144


mem[X,0x8000C830] -> 0x8193
mem[X,0x8000C832] -> 0x0021
[1156] [M]: 0x8000C830 (0x00218193) addi gp, gp, 2
x3 <- 0x00000002


mem[X,0x8000C834] -> 0x006F
mem[X,0x8000C836] -> 0x00C0
[1157] [M]: 0x8000C834 (0x00C0006F) jal zero, 12


mem[X,0x8000C840] -> 0x2E23
mem[X,0x8000C842] -> 0x1831
[1158] [M]: 0x8000C840 (0x18312E23) sw gp, 412(sp)
mem[0x8004A400] <- 0x00000002


mem[X,0x8000C844] -> 0x0513
mem[X,0x8000C846] -> 0x0030
[1159] [M]: 0x8000C844 (0x00300513) addi a0, zero, 3
x10 <- 0x00000003


mem[X,0x8000C848] -> 0x35B7
mem[X,0x8000C84A] -> 0x3333
[1160] [M]: 0x8000C848 (0x333335B7) lui a1, 209715
x11 <- 0x33333000


mem[X,0x8000C84C] -> 0x8593
mem[X,0x8000C84E] -> 0x3345
[1161] [M]: 0x8000C84C (0x33458593) addi a1, a1, 820
x11 <- 0x33333334


mem[X,0x8000C850] -> 0x0193
mem[X,0x8000C852] -> 0x0000
[1162] [M]: 0x8000C850 (0x00000193) addi gp, zero, 0
x3 <- 0x00000000


mem[X,0x8000C854] -> 0x006F
mem[X,0x8000C856] -> 0x0180
[1163] [M]: 0x8000C854 (0x0180006F) jal zero, 24


mem[X,0x8000C86C] -> 0x76E3
mem[X,0x8000C86E] -> 0xFEB5
[1164] [M]: 0x8000C86C (0xFEB576E3) bgeu a0, a1, 8172


mem[X,0x8000C870] -> 0x8193
mem[X,0x8000C872] -> 0x0021
[1165] [M]: 0x8000C870 (0x00218193) addi gp, gp, 2
x3 <- 0x00000002


mem[X,0x8000C874] -> 0x006F
mem[X,0x8000C876] -> 0x00C0
[1166] [M]: 0x8000C874 (0x00C0006F) jal zero, 12


mem[X,0x8000C880] -> 0x2023
mem[X,0x8000C882] -> 0x1A31
[1167] [M]: 0x8000C880 (0x1A312023) sw gp, 416(sp)
mem[0x8004A404] <- 0x00000002


mem[X,0x8000C884] -> 0x0513
mem[X,0x8000C886] -> 0x0030
[1168] [M]: 0x8000C884 (0x00300513) addi a0, zero, 3
x10 <- 0x00000003


mem[X,0x8000C888] -> 0x65B7
mem[X,0x8000C88A] -> 0x6666
[1169] [M]: 0x8000C888 (0x666665B7) lui a1, 419430
x11 <- 0x66666000


mem[X,0x8000C88C] -> 0x8593
mem[X,0x8000C88E] -> 0x6675
[1170] [M]: 0x8000C88C (0x66758593) addi a1, a1, 1639
x11 <- 0x66666667


mem[X,0x8000C890] -> 0x0193
mem[X,0x8000C892] -> 0x0000
[1171] [M]: 0x8000C890 (0x00000193) addi gp, zero, 0
x3 <- 0x00000000


mem[X,0x8000C894] -> 0x006F
mem[X,0x8000C896] -> 0x00C0
[1172] [M]: 0x8000C894 (0x00C0006F) jal zero, 12


mem[X,0x8000C8A0] -> 0x7063
mem[X,0x8000C8A2] -> 0x04B5
[1173] [M]: 0x8000C8A0 (0x04B57063) bgeu a0, a1, 64


mem[X,0x8000C8A4] -> 0x8193
mem[X,0x8000C8A6] -> 0x0021
[1174] [M]: 0x8000C8A4 (0x00218193) addi gp, gp, 2
x3 <- 0x00000002


mem[X,0x8000C8A8] -> 0x006F
mem[X,0x8000C8AA] -> 0x0400
[1175] [M]: 0x8000C8A8 (0x0400006F) jal zero, 64


mem[X,0x8000C8E8] -> 0x2223
mem[X,0x8000C8EA] -> 0x1A31
[1176] [M]: 0x8000C8E8 (0x1A312223) sw gp, 420(sp)
mem[0x8004A408] <- 0x00000002


mem[X,0x8000C8EC] -> 0x0513
mem[X,0x8000C8EE] -> 0x0030
[1177] [M]: 0x8000C8EC (0x00300513) addi a0, zero, 3
x10 <- 0x00000003


mem[X,0x8000C8F0] -> 0xB5B7
mem[X,0x8000C8F2] -> 0x0000
[1178] [M]: 0x8000C8F0 (0x0000B5B7) lui a1, 11
x11 <- 0x0000B000


mem[X,0x8000C8F4] -> 0x8593
mem[X,0x8000C8F6] -> 0x5055
[1179] [M]: 0x8000C8F4 (0x50558593) addi a1, a1, 1285
x11 <- 0x0000B505


mem[X,0x8000C8F8] -> 0x0193
mem[X,0x8000C8FA] -> 0x0000
[1180] [M]: 0x8000C8F8 (0x00000193) addi gp, zero, 0
x3 <- 0x00000000


mem[X,0x8000C8FC] -> 0x006F
mem[X,0x8000C8FE] -> 0x00C0
[1181] [M]: 0x8000C8FC (0x00C0006F) jal zero, 12


mem[X,0x8000C908] -> 0x7063
mem[X,0x8000C90A] -> 0x40B5
[1182] [M]: 0x8000C908 (0x40B57063) bgeu a0, a1, 1024


mem[X,0x8000C90C] -> 0x8193
mem[X,0x8000C90E] -> 0x0021
[1183] [M]: 0x8000C90C (0x00218193) addi gp, gp, 2
x3 <- 0x00000002


mem[X,0x8000C910] -> 0x006F
mem[X,0x8000C912] -> 0x4000
[1184] [M]: 0x8000C910 (0x4000006F) jal zero, 1024


mem[X,0x8000CD10] -> 0x2423
mem[X,0x8000CD12] -> 0x1A31
[1185] [M]: 0x8000CD10 (0x1A312423) sw gp, 424(sp)
mem[0x8004A40C] <- 0x00000002


mem[X,0x8000CD14] -> 0x0513
mem[X,0x8000CD16] -> 0x0030
[1186] [M]: 0x8000CD14 (0x00300513) addi a0, zero, 3
x10 <- 0x00000003


mem[X,0x8000CD18] -> 0x0593
mem[X,0x8000CD1A] -> 0x0010
[1187] [M]: 0x8000CD18 (0x00100593) addi a1, zero, 1
x11 <- 0x00000001


mem[X,0x8000CD1C] -> 0x0193
mem[X,0x8000CD1E] -> 0x0000
[1188] [M]: 0x8000CD1C (0x00000193) addi gp, zero, 0
x3 <- 0x00000000


mem[X,0x8000CD20] -> 0x006F
mem[X,0x8000CD22] -> 0x0100
[1189] [M]: 0x8000CD20 (0x0100006F) jal zero, 16


mem[X,0x8000CD30] -> 0x7AE3
mem[X,0x8000CD32] -> 0xFEB5
[1190] [M]: 0x8000CD30 (0xFEB57AE3) bgeu a0, a1, 8180


mem[X,0x8000CD24] -> 0x8193
mem[X,0x8000CD26] -> 0x0011
[1191] [M]: 0x8000CD24 (0x00118193) addi gp, gp, 1
x3 <- 0x00000001


mem[X,0x8000CD28] -> 0x006F
mem[X,0x8000CD2A] -> 0x01C0
[1192] [M]: 0x8000CD28 (0x01C0006F) jal zero, 28


mem[X,0x8000CD44] -> 0x2623
mem[X,0x8000CD46] -> 0x1A31
[1193] [M]: 0x8000CD44 (0x1A312623) sw gp, 428(sp)
mem[0x8004A410] <- 0x00000001


mem[X,0x8000CD48] -> 0x0513
mem[X,0x8000CD4A] -> 0x0030
[1194] [M]: 0x8000CD48 (0x00300513) addi a0, zero, 3
x10 <- 0x00000003


mem[X,0x8000CD4C] -> 0x05B7
mem[X,0x8000CD4E] -> 0x0001
[1195] [M]: 0x8000CD4C (0x000105B7) lui a1, 16
x11 <- 0x00010000


mem[X,0x8000CD50] -> 0x0193
mem[X,0x8000CD52] -> 0x0000
[1196] [M]: 0x8000CD50 (0x00000193) addi gp, zero, 0
x3 <- 0x00000000


mem[X,0x8000CD54] -> 0x006F
mem[X,0x8000CD56] -> 0x0140
[1197] [M]: 0x8000CD54 (0x0140006F) jal zero, 20


mem[X,0x8000CD68] -> 0x78E3
mem[X,0x8000CD6A] -> 0xFEB5
[1198] [M]: 0x8000CD68 (0xFEB578E3) bgeu a0, a1, 8176


mem[X,0x8000CD6C] -> 0x8193
mem[X,0x8000CD6E] -> 0x0021
[1199] [M]: 0x8000CD6C (0x00218193) addi gp, gp, 2
x3 <- 0x00000002


clint::tick mtime <- 0x000000000000000C
 clint timer pending at mtime 0x000000000000000C
htif::tick 0x0000000000000000
mem[X,0x8000CD70] -> 0x006F
mem[X,0x8000CD72] -> 0x00C0
[1200] [M]: 0x8000CD70 (0x00C0006F) jal zero, 12


mem[X,0x8000CD7C] -> 0x2823
mem[X,0x8000CD7E] -> 0x1A31
[1201] [M]: 0x8000CD7C (0x1A312823) sw gp, 432(sp)
mem[0x8004A414] <- 0x00000002


mem[X,0x8000CD80] -> 0x5537
mem[X,0x8000CD82] -> 0x5555
[1202] [M]: 0x8000CD80 (0x55555537) lui a0, 349525
x10 <- 0x55555000


mem[X,0x8000CD84] -> 0x0513
mem[X,0x8000CD86] -> 0x5555
[1203] [M]: 0x8000CD84 (0x55550513) addi a0, a0, 1365
x10 <- 0x55555555


mem[X,0x8000CD88] -> 0x0593
mem[X,0x8000CD8A] -> 0x0030
[1204] [M]: 0x8000CD88 (0x00300593) addi a1, zero, 3
x11 <- 0x00000003


mem[X,0x8000CD8C] -> 0x0193
mem[X,0x8000CD8E] -> 0x0000
[1205] [M]: 0x8000CD8C (0x00000193) addi gp, zero, 0
x3 <- 0x00000000


mem[X,0x8000CD90] -> 0x006F
mem[X,0x8000CD92] -> 0x00C0
[1206] [M]: 0x8000CD90 (0x00C0006F) jal zero, 12


mem[X,0x8000CD9C] -> 0x7863
mem[X,0x8000CD9E] -> 0x00B5
[1207] [M]: 0x8000CD9C (0x00B57863) bgeu a0, a1, 16


mem[X,0x8000CDAC] -> 0x8193
mem[X,0x8000CDAE] -> 0x0031
[1208] [M]: 0x8000CDAC (0x00318193) addi gp, gp, 3
x3 <- 0x00000003


mem[X,0x8000CDB0] -> 0x006F
mem[X,0x8000CDB2] -> 0x0040
[1209] [M]: 0x8000CDB0 (0x0040006F) jal zero, 4


mem[X,0x8000CDB4] -> 0x2A23
mem[X,0x8000CDB6] -> 0x1A31
[1210] [M]: 0x8000CDB4 (0x1A312A23) sw gp, 436(sp)
mem[0x8004A418] <- 0x00000003


mem[X,0x8000CDB8] -> 0x5537
mem[X,0x8000CDBA] -> 0x5555
[1211] [M]: 0x8000CDB8 (0x55555537) lui a0, 349525
x10 <- 0x55555000


mem[X,0x8000CDBC] -> 0x0513
mem[X,0x8000CDBE] -> 0x5555
[1212] [M]: 0x8000CDBC (0x55550513) addi a0, a0, 1365
x10 <- 0x55555555


mem[X,0x8000CDC0] -> 0x55B7
mem[X,0x8000CDC2] -> 0x5555
[1213] [M]: 0x8000CDC0 (0x555555B7) lui a1, 349525
x11 <- 0x55555000


mem[X,0x8000CDC4] -> 0x8593
mem[X,0x8000CDC6] -> 0x5555
[1214] [M]: 0x8000CDC4 (0x55558593) addi a1, a1, 1365
x11 <- 0x55555555


mem[X,0x8000CDC8] -> 0x0193
mem[X,0x8000CDCA] -> 0x0000
[1215] [M]: 0x8000CDC8 (0x00000193) addi gp, zero, 0
x3 <- 0x00000000


mem[X,0x8000CDCC] -> 0x006F
mem[X,0x8000CDCE] -> 0x00C0
[1216] [M]: 0x8000CDCC (0x00C0006F) jal zero, 12


mem[X,0x8000CDD8] -> 0x7663
mem[X,0x8000CDDA] -> 0x00B5
[1217] [M]: 0x8000CDD8 (0x00B57663) bgeu a0, a1, 12


mem[X,0x8000CDE4] -> 0x8193
mem[X,0x8000CDE6] -> 0x0031
[1218] [M]: 0x8000CDE4 (0x00318193) addi gp, gp, 3
x3 <- 0x00000003


mem[X,0x8000CDE8] -> 0x006F
mem[X,0x8000CDEA] -> 0x0040
[1219] [M]: 0x8000CDE8 (0x0040006F) jal zero, 4


mem[X,0x8000CDEC] -> 0x2C23
mem[X,0x8000CDEE] -> 0x1A31
[1220] [M]: 0x8000CDEC (0x1A312C23) sw gp, 440(sp)
mem[0x8004A41C] <- 0x00000003


mem[X,0x8000CDF0] -> 0x5537
mem[X,0x8000CDF2] -> 0x5555
[1221] [M]: 0x8000CDF0 (0x55555537) lui a0, 349525
x10 <- 0x55555000


mem[X,0x8000CDF4] -> 0x0513
mem[X,0x8000CDF6] -> 0x5555
[1222] [M]: 0x8000CDF4 (0x55550513) addi a0, a0, 1365
x10 <- 0x55555555


mem[X,0x8000CDF8] -> 0xB5B7
mem[X,0x8000CDFA] -> 0xAAAA
[1223] [M]: 0x8000CDF8 (0xAAAAB5B7) lui a1, 699051
x11 <- 0xAAAAB000


mem[X,0x8000CDFC] -> 0x8593
mem[X,0x8000CDFE] -> 0xAAA5
[1224] [M]: 0x8000CDFC (0xAAA58593) addi a1, a1, 2730
x11 <- 0xAAAAAAAA


mem[X,0x8000CE00] -> 0x0193
mem[X,0x8000CE02] -> 0x0000
[1225] [M]: 0x8000CE00 (0x00000193) addi gp, zero, 0
x3 <- 0x00000000


mem[X,0x8000CE04] -> 0x006F
mem[X,0x8000CE06] -> 0x0050
[1226] [M]: 0x8000CE04 (0x0050006F) jal zero, 2052


mem[X,0x8000D608] -> 0x70E3
mem[X,0x8000D60A] -> 0x80B5
[1227] [M]: 0x8000D608 (0x80B570E3) bgeu a0, a1, 6144


mem[X,0x8000D60C] -> 0x8193
mem[X,0x8000D60E] -> 0x0021
[1228] [M]: 0x8000D60C (0x00218193) addi gp, gp, 2
x3 <- 0x00000002


mem[X,0x8000D610] -> 0x006F
mem[X,0x8000D612] -> 0x00C0
[1229] [M]: 0x8000D610 (0x00C0006F) jal zero, 12


mem[X,0x8000D61C] -> 0x2E23
mem[X,0x8000D61E] -> 0x1A31
[1230] [M]: 0x8000D61C (0x1A312E23) sw gp, 444(sp)
mem[0x8004A420] <- 0x00000002


mem[X,0x8000D620] -> 0x5537
mem[X,0x8000D622] -> 0x5555
[1231] [M]: 0x8000D620 (0x55555537) lui a0, 349525
x10 <- 0x55555000


mem[X,0x8000D624] -> 0x0513
mem[X,0x8000D626] -> 0x5555
[1232] [M]: 0x8000D624 (0x55550513) addi a0, a0, 1365
x10 <- 0x55555555


mem[X,0x8000D628] -> 0x0593
mem[X,0x8000D62A] -> 0x0050
[1233] [M]: 0x8000D628 (0x00500593) addi a1, zero, 5
x11 <- 0x00000005


mem[X,0x8000D62C] -> 0x0193
mem[X,0x8000D62E] -> 0x0000
[1234] [M]: 0x8000D62C (0x00000193) addi gp, zero, 0
x3 <- 0x00000000


mem[X,0x8000D630] -> 0x006F
mem[X,0x8000D632] -> 0x0140
[1235] [M]: 0x8000D630 (0x0140006F) jal zero, 20


mem[X,0x8000D644] -> 0x78E3
mem[X,0x8000D646] -> 0xFEB5
[1236] [M]: 0x8000D644 (0xFEB578E3) bgeu a0, a1, 8176


mem[X,0x8000D634] -> 0x8193
mem[X,0x8000D636] -> 0x0011
[1237] [M]: 0x8000D634 (0x00118193) addi gp, gp, 1
x3 <- 0x00000001


mem[X,0x8000D638] -> 0x006F
mem[X,0x8000D63A] -> 0x0200
[1238] [M]: 0x8000D638 (0x0200006F) jal zero, 32


mem[X,0x8000D658] -> 0x2023
mem[X,0x8000D65A] -> 0x1C31
[1239] [M]: 0x8000D658 (0x1C312023) sw gp, 448(sp)
mem[0x8004A424] <- 0x00000001


mem[X,0x8000D65C] -> 0x5537
mem[X,0x8000D65E] -> 0x5555
[1240] [M]: 0x8000D65C (0x55555537) lui a0, 349525
x10 <- 0x55555000


mem[X,0x8000D660] -> 0x0513
mem[X,0x8000D662] -> 0x5555
[1241] [M]: 0x8000D660 (0x55550513) addi a0, a0, 1365
x10 <- 0x55555555


mem[X,0x8000D664] -> 0x35B7
mem[X,0x8000D666] -> 0x3333
[1242] [M]: 0x8000D664 (0x333335B7) lui a1, 209715
x11 <- 0x33333000


mem[X,0x8000D668] -> 0x8593
mem[X,0x8000D66A] -> 0x3335
[1243] [M]: 0x8000D668 (0x33358593) addi a1, a1, 819
x11 <- 0x33333333


mem[X,0x8000D66C] -> 0x0193
mem[X,0x8000D66E] -> 0x0000
[1244] [M]: 0x8000D66C (0x00000193) addi gp, zero, 0
x3 <- 0x00000000


mem[X,0x8000D670] -> 0x006F
mem[X,0x8000D672] -> 0x00C0
[1245] [M]: 0x8000D670 (0x00C0006F) jal zero, 12


mem[X,0x8000D67C] -> 0x7CE3
mem[X,0x8000D67E] -> 0xFEB5
[1246] [M]: 0x8000D67C (0xFEB57CE3) bgeu a0, a1, 8184


mem[X,0x8000D674] -> 0x8193
mem[X,0x8000D676] -> 0x0011
[1247] [M]: 0x8000D674 (0x00118193) addi gp, gp, 1
x3 <- 0x00000001


mem[X,0x8000D678] -> 0x006F
mem[X,0x8000D67A] -> 0x0180
[1248] [M]: 0x8000D678 (0x0180006F) jal zero, 24


mem[X,0x8000D690] -> 0x2223
mem[X,0x8000D692] -> 0x1C31
[1249] [M]: 0x8000D690 (0x1C312223) sw gp, 452(sp)
mem[0x8004A428] <- 0x00000001


mem[X,0x8000D694] -> 0x5537
mem[X,0x8000D696] -> 0x5555
[1250] [M]: 0x8000D694 (0x55555537) lui a0, 349525
x10 <- 0x55555000


mem[X,0x8000D698] -> 0x0513
mem[X,0x8000D69A] -> 0x5555
[1251] [M]: 0x8000D698 (0x55550513) addi a0, a0, 1365
x10 <- 0x55555555


mem[X,0x8000D69C] -> 0x65B7
mem[X,0x8000D69E] -> 0x6666
[1252] [M]: 0x8000D69C (0x666665B7) lui a1, 419430
x11 <- 0x66666000


mem[X,0x8000D6A0] -> 0x8593
mem[X,0x8000D6A2] -> 0x6665
[1253] [M]: 0x8000D6A0 (0x66658593) addi a1, a1, 1638
x11 <- 0x66666666


mem[X,0x8000D6A4] -> 0x0193
mem[X,0x8000D6A6] -> 0x0000
[1254] [M]: 0x8000D6A4 (0x00000193) addi gp, zero, 0
x3 <- 0x00000000


mem[X,0x8000D6A8] -> 0x006F
mem[X,0x8000D6AA] -> 0x00C0
[1255] [M]: 0x8000D6A8 (0x00C0006F) jal zero, 12


mem[X,0x8000D6B4] -> 0x7063
mem[X,0x8000D6B6] -> 0x02B5
[1256] [M]: 0x8000D6B4 (0x02B57063) bgeu a0, a1, 32


mem[X,0x8000D6B8] -> 0x8193
mem[X,0x8000D6BA] -> 0x0021
[1257] [M]: 0x8000D6B8 (0x00218193) addi gp, gp, 2
x3 <- 0x00000002


mem[X,0x8000D6BC] -> 0x006F
mem[X,0x8000D6BE] -> 0x0200
[1258] [M]: 0x8000D6BC (0x0200006F) jal zero, 32


mem[X,0x8000D6DC] -> 0x2423
mem[X,0x8000D6DE] -> 0x1C31
[1259] [M]: 0x8000D6DC (0x1C312423) sw gp, 456(sp)
mem[0x8004A42C] <- 0x00000002


mem[X,0x8000D6E0] -> 0x5537
mem[X,0x8000D6E2] -> 0x5555
[1260] [M]: 0x8000D6E0 (0x55555537) lui a0, 349525
x10 <- 0x55555000


mem[X,0x8000D6E4] -> 0x0513
mem[X,0x8000D6E6] -> 0x5555
[1261] [M]: 0x8000D6E4 (0x55550513) addi a0, a0, 1365
x10 <- 0x55555555


mem[X,0x8000D6E8] -> 0xB5B7
mem[X,0x8000D6EA] -> 0x0000
[1262] [M]: 0x8000D6E8 (0x0000B5B7) lui a1, 11
x11 <- 0x0000B000


mem[X,0x8000D6EC] -> 0x8593
mem[X,0x8000D6EE] -> 0x5045
[1263] [M]: 0x8000D6EC (0x50458593) addi a1, a1, 1284
x11 <- 0x0000B504


mem[X,0x8000D6F0] -> 0x0193
mem[X,0x8000D6F2] -> 0x0000
[1264] [M]: 0x8000D6F0 (0x00000193) addi gp, zero, 0
x3 <- 0x00000000


mem[X,0x8000D6F4] -> 0x006F
mem[X,0x8000D6F6] -> 0x00C0
[1265] [M]: 0x8000D6F4 (0x00C0006F) jal zero, 12


mem[X,0x8000D700] -> 0x7CE3
mem[X,0x8000D702] -> 0xFEB5
[1266] [M]: 0x8000D700 (0xFEB57CE3) bgeu a0, a1, 8184


mem[X,0x8000D6F8] -> 0x8193
mem[X,0x8000D6FA] -> 0x0011
[1267] [M]: 0x8000D6F8 (0x00118193) addi gp, gp, 1
x3 <- 0x00000001


mem[X,0x8000D6FC] -> 0x006F
mem[X,0x8000D6FE] -> 0x0180
[1268] [M]: 0x8000D6FC (0x0180006F) jal zero, 24


mem[X,0x8000D714] -> 0x2623
mem[X,0x8000D716] -> 0x1C31
[1269] [M]: 0x8000D714 (0x1C312623) sw gp, 460(sp)
mem[0x8004A430] <- 0x00000001


mem[X,0x8000D718] -> 0x5537
mem[X,0x8000D71A] -> 0x5555
[1270] [M]: 0x8000D718 (0x55555537) lui a0, 349525
x10 <- 0x55555000


mem[X,0x8000D71C] -> 0x0513
mem[X,0x8000D71E] -> 0x5555
[1271] [M]: 0x8000D71C (0x55550513) addi a0, a0, 1365
x10 <- 0x55555555


mem[X,0x8000D720] -> 0x0593
mem[X,0x8000D722] -> 0x0000
[1272] [M]: 0x8000D720 (0x00000593) addi a1, zero, 0
x11 <- 0x00000000


mem[X,0x8000D724] -> 0x0193
mem[X,0x8000D726] -> 0x0000
[1273] [M]: 0x8000D724 (0x00000193) addi gp, zero, 0
x3 <- 0x00000000


mem[X,0x8000D728] -> 0x006F
mem[X,0x8000D72A] -> 0x00C0
[1274] [M]: 0x8000D728 (0x00C0006F) jal zero, 12


mem[X,0x8000D734] -> 0x7CE3
mem[X,0x8000D736] -> 0xFEB5
[1275] [M]: 0x8000D734 (0xFEB57CE3) bgeu a0, a1, 8184


mem[X,0x8000D72C] -> 0x8193
mem[X,0x8000D72E] -> 0x0011
[1276] [M]: 0x8000D72C (0x00118193) addi gp, gp, 1
x3 <- 0x00000001


mem[X,0x8000D730] -> 0x006F
mem[X,0x8000D732] -> 0x0180
[1277] [M]: 0x8000D730 (0x0180006F) jal zero, 24


mem[X,0x8000D748] -> 0x2823
mem[X,0x8000D74A] -> 0x1C31
[1278] [M]: 0x8000D748 (0x1C312823) sw gp, 464(sp)
mem[0x8004A434] <- 0x00000001


mem[X,0x8000D74C] -> 0x5537
mem[X,0x8000D74E] -> 0x5555
[1279] [M]: 0x8000D74C (0x55555537) lui a0, 349525
x10 <- 0x55555000


mem[X,0x8000D750] -> 0x0513
mem[X,0x8000D752] -> 0x5555
[1280] [M]: 0x8000D750 (0x55550513) addi a0, a0, 1365
x10 <- 0x55555555


mem[X,0x8000D754] -> 0x05B7
mem[X,0x8000D756] -> 0x0001
[1281] [M]: 0x8000D754 (0x000105B7) lui a1, 16
x11 <- 0x00010000


mem[X,0x8000D758] -> 0x8593
mem[X,0x8000D75A] -> 0xFFF5
[1282] [M]: 0x8000D758 (0xFFF58593) addi a1, a1, 4095
x11 <- 0x0000FFFF


mem[X,0x8000D75C] -> 0x0193
mem[X,0x8000D75E] -> 0x0000
[1283] [M]: 0x8000D75C (0x00000193) addi gp, zero, 0
x3 <- 0x00000000


mem[X,0x8000D760] -> 0x006F
mem[X,0x8000D762] -> 0x00C0
[1284] [M]: 0x8000D760 (0x00C0006F) jal zero, 12


mem[X,0x8000D76C] -> 0x7063
mem[X,0x8000D76E] -> 0x04B5
[1285] [M]: 0x8000D76C (0x04B57063) bgeu a0, a1, 64


mem[X,0x8000D7AC] -> 0x8193
mem[X,0x8000D7AE] -> 0x0031
[1286] [M]: 0x8000D7AC (0x00318193) addi gp, gp, 3
x3 <- 0x00000003


mem[X,0x8000D7B0] -> 0x006F
mem[X,0x8000D7B2] -> 0x0040
[1287] [M]: 0x8000D7B0 (0x0040006F) jal zero, 4


mem[X,0x8000D7B4] -> 0x2A23
mem[X,0x8000D7B6] -> 0x1C31
[1288] [M]: 0x8000D7B4 (0x1C312A23) sw gp, 468(sp)
mem[0x8004A438] <- 0x00000003


mem[X,0x8000D7B8] -> 0x5537
mem[X,0x8000D7BA] -> 0x5555
[1289] [M]: 0x8000D7B8 (0x55555537) lui a0, 349525
x10 <- 0x55555000


mem[X,0x8000D7BC] -> 0x0513
mem[X,0x8000D7BE] -> 0x5555
[1290] [M]: 0x8000D7BC (0x55550513) addi a0, a0, 1365
x10 <- 0x55555555


mem[X,0x8000D7C0] -> 0x0593
mem[X,0x8000D7C2] -> 0x0020
[1291] [M]: 0x8000D7C0 (0x00200593) addi a1, zero, 2
x11 <- 0x00000002


mem[X,0x8000D7C4] -> 0x0193
mem[X,0x8000D7C6] -> 0x0000
[1292] [M]: 0x8000D7C4 (0x00000193) addi gp, zero, 0
x3 <- 0x00000000


mem[X,0x8000D7C8] -> 0x006F
mem[X,0x8000D7CA] -> 0x00C0
[1293] [M]: 0x8000D7C8 (0x00C0006F) jal zero, 12


mem[X,0x8000D7D4] -> 0x7663
mem[X,0x8000D7D6] -> 0x00B5
[1294] [M]: 0x8000D7D4 (0x00B57663) bgeu a0, a1, 12


mem[X,0x8000D7E0] -> 0x8193
mem[X,0x8000D7E2] -> 0x0031
[1295] [M]: 0x8000D7E0 (0x00318193) addi gp, gp, 3
x3 <- 0x00000003


mem[X,0x8000D7E4] -> 0x006F
mem[X,0x8000D7E6] -> 0x0040
[1296] [M]: 0x8000D7E4 (0x0040006F) jal zero, 4


mem[X,0x8000D7E8] -> 0x2C23
mem[X,0x8000D7EA] -> 0x1C31
[1297] [M]: 0x8000D7E8 (0x1C312C23) sw gp, 472(sp)
mem[0x8004A43C] <- 0x00000003


mem[X,0x8000D7EC] -> 0x5537
mem[X,0x8000D7EE] -> 0x5555
[1298] [M]: 0x8000D7EC (0x55555537) lui a0, 349525
x10 <- 0x55555000


mem[X,0x8000D7F0] -> 0x0513
mem[X,0x8000D7F2] -> 0x5555
[1299] [M]: 0x8000D7F0 (0x55550513) addi a0, a0, 1365
x10 <- 0x55555555


clint::tick mtime <- 0x000000000000000D
 clint timer pending at mtime 0x000000000000000D
htif::tick 0x0000000000000000
mem[X,0x8000D7F4] -> 0x55B7
mem[X,0x8000D7F6] -> 0x5555
[1300] [M]: 0x8000D7F4 (0x555555B7) lui a1, 349525
x11 <- 0x55555000


mem[X,0x8000D7F8] -> 0x8593
mem[X,0x8000D7FA] -> 0x5545
[1301] [M]: 0x8000D7F8 (0x55458593) addi a1, a1, 1364
x11 <- 0x55555554


mem[X,0x8000D7FC] -> 0x0193
mem[X,0x8000D7FE] -> 0x0000
[1302] [M]: 0x8000D7FC (0x00000193) addi gp, zero, 0
x3 <- 0x00000000


mem[X,0x8000D800] -> 0x006F
mem[X,0x8000D802] -> 0x00C0
[1303] [M]: 0x8000D800 (0x00C0006F) jal zero, 12


mem[X,0x8000D80C] -> 0x7CE3
mem[X,0x8000D80E] -> 0xFEB5
[1304] [M]: 0x8000D80C (0xFEB57CE3) bgeu a0, a1, 8184


mem[X,0x8000D804] -> 0x8193
mem[X,0x8000D806] -> 0x0011
[1305] [M]: 0x8000D804 (0x00118193) addi gp, gp, 1
x3 <- 0x00000001


mem[X,0x8000D808] -> 0x006F
mem[X,0x8000D80A] -> 0x0180
[1306] [M]: 0x8000D808 (0x0180006F) jal zero, 24


mem[X,0x8000D820] -> 0x2E23
mem[X,0x8000D822] -> 0x1C31
[1307] [M]: 0x8000D820 (0x1C312E23) sw gp, 476(sp)
mem[0x8004A440] <- 0x00000001


mem[X,0x8000D824] -> 0x5537
mem[X,0x8000D826] -> 0x5555
[1308] [M]: 0x8000D824 (0x55555537) lui a0, 349525
x10 <- 0x55555000


mem[X,0x8000D828] -> 0x0513
mem[X,0x8000D82A] -> 0x5555
[1309] [M]: 0x8000D828 (0x55550513) addi a0, a0, 1365
x10 <- 0x55555555


mem[X,0x8000D82C] -> 0xB5B7
mem[X,0x8000D82E] -> 0xAAAA
[1310] [M]: 0x8000D82C (0xAAAAB5B7) lui a1, 699051
x11 <- 0xAAAAB000


mem[X,0x8000D830] -> 0x8593
mem[X,0x8000D832] -> 0xAA95
[1311] [M]: 0x8000D830 (0xAA958593) addi a1, a1, 2729
x11 <- 0xAAAAAAA9


mem[X,0x8000D834] -> 0x0193
mem[X,0x8000D836] -> 0x0000
[1312] [M]: 0x8000D834 (0x00000193) addi gp, zero, 0
x3 <- 0x00000000


mem[X,0x8000D838] -> 0x006F
mem[X,0x8000D83A] -> 0x00C0
[1313] [M]: 0x8000D838 (0x00C0006F) jal zero, 12


mem[X,0x8000D844] -> 0x7663
mem[X,0x8000D846] -> 0x00B5
[1314] [M]: 0x8000D844 (0x00B57663) bgeu a0, a1, 12


mem[X,0x8000D848] -> 0x8193
mem[X,0x8000D84A] -> 0x0021
[1315] [M]: 0x8000D848 (0x00218193) addi gp, gp, 2
x3 <- 0x00000002


mem[X,0x8000D84C] -> 0x006F
mem[X,0x8000D84E] -> 0x00C0
[1316] [M]: 0x8000D84C (0x00C0006F) jal zero, 12


mem[X,0x8000D858] -> 0x2023
mem[X,0x8000D85A] -> 0x1E31
[1317] [M]: 0x8000D858 (0x1E312023) sw gp, 480(sp)
mem[0x8004A444] <- 0x00000002


mem[X,0x8000D85C] -> 0x5537
mem[X,0x8000D85E] -> 0x5555
[1318] [M]: 0x8000D85C (0x55555537) lui a0, 349525
x10 <- 0x55555000


mem[X,0x8000D860] -> 0x0513
mem[X,0x8000D862] -> 0x5555
[1319] [M]: 0x8000D860 (0x55550513) addi a0, a0, 1365
x10 <- 0x55555555


mem[X,0x8000D864] -> 0x0593
mem[X,0x8000D866] -> 0x0040
[1320] [M]: 0x8000D864 (0x00400593) addi a1, zero, 4
x11 <- 0x00000004


mem[X,0x8000D868] -> 0x0193
mem[X,0x8000D86A] -> 0x0000
[1321] [M]: 0x8000D868 (0x00000193) addi gp, zero, 0
x3 <- 0x00000000


mem[X,0x8000D86C] -> 0x006F
mem[X,0x8000D86E] -> 0x00C0
[1322] [M]: 0x8000D86C (0x00C0006F) jal zero, 12


mem[X,0x8000D878] -> 0x7063
mem[X,0x8000D87A] -> 0x02B5
[1323] [M]: 0x8000D878 (0x02B57063) bgeu a0, a1, 32


mem[X,0x8000D898] -> 0x8193
mem[X,0x8000D89A] -> 0x0031
[1324] [M]: 0x8000D898 (0x00318193) addi gp, gp, 3
x3 <- 0x00000003


mem[X,0x8000D89C] -> 0x006F
mem[X,0x8000D89E] -> 0x0040
[1325] [M]: 0x8000D89C (0x0040006F) jal zero, 4


mem[X,0x8000D8A0] -> 0x2223
mem[X,0x8000D8A2] -> 0x1E31
[1326] [M]: 0x8000D8A0 (0x1E312223) sw gp, 484(sp)
mem[0x8004A448] <- 0x00000003


mem[X,0x8000D8A4] -> 0x5537
mem[X,0x8000D8A6] -> 0x5555
[1327] [M]: 0x8000D8A4 (0x55555537) lui a0, 349525
x10 <- 0x55555000


mem[X,0x8000D8A8] -> 0x0513
mem[X,0x8000D8AA] -> 0x5555
[1328] [M]: 0x8000D8A8 (0x55550513) addi a0, a0, 1365
x10 <- 0x55555555


mem[X,0x8000D8AC] -> 0x35B7
mem[X,0x8000D8AE] -> 0x3333
[1329] [M]: 0x8000D8AC (0x333335B7) lui a1, 209715
x11 <- 0x33333000


mem[X,0x8000D8B0] -> 0x8593
mem[X,0x8000D8B2] -> 0x3325
[1330] [M]: 0x8000D8B0 (0x33258593) addi a1, a1, 818
x11 <- 0x33333332


mem[X,0x8000D8B4] -> 0x0193
mem[X,0x8000D8B6] -> 0x0000
[1331] [M]: 0x8000D8B4 (0x00000193) addi gp, zero, 0
x3 <- 0x00000000


mem[X,0x8000D8B8] -> 0x006F
mem[X,0x8000D8BA] -> 0x00C0
[1332] [M]: 0x8000D8B8 (0x00C0006F) jal zero, 12


mem[X,0x8000D8C4] -> 0x7863
mem[X,0x8000D8C6] -> 0x00B5
[1333] [M]: 0x8000D8C4 (0x00B57863) bgeu a0, a1, 16


mem[X,0x8000D8D4] -> 0x8193
mem[X,0x8000D8D6] -> 0x0031
[1334] [M]: 0x8000D8D4 (0x00318193) addi gp, gp, 3
x3 <- 0x00000003


mem[X,0x8000D8D8] -> 0x006F
mem[X,0x8000D8DA] -> 0x0040
[1335] [M]: 0x8000D8D8 (0x0040006F) jal zero, 4


mem[X,0x8000D8DC] -> 0x2423
mem[X,0x8000D8DE] -> 0x1E31
[1336] [M]: 0x8000D8DC (0x1E312423) sw gp, 488(sp)
mem[0x8004A44C] <- 0x00000003


mem[X,0x8000D8E0] -> 0x5537
mem[X,0x8000D8E2] -> 0x5555
[1337] [M]: 0x8000D8E0 (0x55555537) lui a0, 349525
x10 <- 0x55555000


mem[X,0x8000D8E4] -> 0x0513
mem[X,0x8000D8E6] -> 0x5555
[1338] [M]: 0x8000D8E4 (0x55550513) addi a0, a0, 1365
x10 <- 0x55555555


mem[X,0x8000D8E8] -> 0x65B7
mem[X,0x8000D8EA] -> 0x6666
[1339] [M]: 0x8000D8E8 (0x666665B7) lui a1, 419430
x11 <- 0x66666000


mem[X,0x8000D8EC] -> 0x8593
mem[X,0x8000D8EE] -> 0x6655
[1340] [M]: 0x8000D8EC (0x66558593) addi a1, a1, 1637
x11 <- 0x66666665


mem[X,0x8000D8F0] -> 0x0193
mem[X,0x8000D8F2] -> 0x0000
[1341] [M]: 0x8000D8F0 (0x00000193) addi gp, zero, 0
x3 <- 0x00000000


mem[X,0x8000D8F4] -> 0x006F
mem[X,0x8000D8F6] -> 0x00C0
[1342] [M]: 0x8000D8F4 (0x00C0006F) jal zero, 12


mem[X,0x8000D900] -> 0x7863
mem[X,0x8000D902] -> 0x00B5
[1343] [M]: 0x8000D900 (0x00B57863) bgeu a0, a1, 16


mem[X,0x8000D904] -> 0x8193
mem[X,0x8000D906] -> 0x0021
[1344] [M]: 0x8000D904 (0x00218193) addi gp, gp, 2
x3 <- 0x00000002


mem[X,0x8000D908] -> 0x006F
mem[X,0x8000D90A] -> 0x0100
[1345] [M]: 0x8000D908 (0x0100006F) jal zero, 16


mem[X,0x8000D918] -> 0x2623
mem[X,0x8000D91A] -> 0x1E31
[1346] [M]: 0x8000D918 (0x1E312623) sw gp, 492(sp)
mem[0x8004A450] <- 0x00000002


mem[X,0x8000D91C] -> 0x5537
mem[X,0x8000D91E] -> 0x5555
[1347] [M]: 0x8000D91C (0x55555537) lui a0, 349525
x10 <- 0x55555000


mem[X,0x8000D920] -> 0x0513
mem[X,0x8000D922] -> 0x5555
[1348] [M]: 0x8000D920 (0x55550513) addi a0, a0, 1365
x10 <- 0x55555555


mem[X,0x8000D924] -> 0xB5B7
mem[X,0x8000D926] -> 0x0000
[1349] [M]: 0x8000D924 (0x0000B5B7) lui a1, 11
x11 <- 0x0000B000


mem[X,0x8000D928] -> 0x8593
mem[X,0x8000D92A] -> 0x5035
[1350] [M]: 0x8000D928 (0x50358593) addi a1, a1, 1283
x11 <- 0x0000B503


mem[X,0x8000D92C] -> 0x0193
mem[X,0x8000D92E] -> 0x0000
[1351] [M]: 0x8000D92C (0x00000193) addi gp, zero, 0
x3 <- 0x00000000


mem[X,0x8000D930] -> 0x006F
mem[X,0x8000D932] -> 0x00C0
[1352] [M]: 0x8000D930 (0x00C0006F) jal zero, 12


mem[X,0x8000D93C] -> 0x7663
mem[X,0x8000D93E] -> 0x00B5
[1353] [M]: 0x8000D93C (0x00B57663) bgeu a0, a1, 12


mem[X,0x8000D948] -> 0x8193
mem[X,0x8000D94A] -> 0x0031
[1354] [M]: 0x8000D948 (0x00318193) addi gp, gp, 3
x3 <- 0x00000003


mem[X,0x8000D94C] -> 0x006F
mem[X,0x8000D94E] -> 0x0040
[1355] [M]: 0x8000D94C (0x0040006F) jal zero, 4


mem[X,0x8000D950] -> 0x2823
mem[X,0x8000D952] -> 0x1E31
[1356] [M]: 0x8000D950 (0x1E312823) sw gp, 496(sp)
mem[0x8004A454] <- 0x00000003


mem[X,0x8000D954] -> 0x5537
mem[X,0x8000D956] -> 0x5555
[1357] [M]: 0x8000D954 (0x55555537) lui a0, 349525
x10 <- 0x55555000


mem[X,0x8000D958] -> 0x0513
mem[X,0x8000D95A] -> 0x5555
[1358] [M]: 0x8000D958 (0x55550513) addi a0, a0, 1365
x10 <- 0x55555555


mem[X,0x8000D95C] -> 0x05B7
mem[X,0x8000D95E] -> 0x0001
[1359] [M]: 0x8000D95C (0x000105B7) lui a1, 16
x11 <- 0x00010000


mem[X,0x8000D960] -> 0x8593
mem[X,0x8000D962] -> 0xFFE5
[1360] [M]: 0x8000D960 (0xFFE58593) addi a1, a1, 4094
x11 <- 0x0000FFFE


mem[X,0x8000D964] -> 0x0193
mem[X,0x8000D966] -> 0x0000
[1361] [M]: 0x8000D964 (0x00000193) addi gp, zero, 0
x3 <- 0x00000000


mem[X,0x8000D968] -> 0x006F
mem[X,0x8000D96A] -> 0x00C0
[1362] [M]: 0x8000D968 (0x00C0006F) jal zero, 12


mem[X,0x8000D974] -> 0x7663
mem[X,0x8000D976] -> 0x00B5
[1363] [M]: 0x8000D974 (0x00B57663) bgeu a0, a1, 12


mem[X,0x8000D980] -> 0x8193
mem[X,0x8000D982] -> 0x0031
[1364] [M]: 0x8000D980 (0x00318193) addi gp, gp, 3
x3 <- 0x00000003


mem[X,0x8000D984] -> 0x006F
mem[X,0x8000D986] -> 0x0040
[1365] [M]: 0x8000D984 (0x0040006F) jal zero, 4


mem[X,0x8000D988] -> 0x2A23
mem[X,0x8000D98A] -> 0x1E31
[1366] [M]: 0x8000D988 (0x1E312A23) sw gp, 500(sp)
mem[0x8004A458] <- 0x00000003


mem[X,0x8000D98C] -> 0x5537
mem[X,0x8000D98E] -> 0x5555
[1367] [M]: 0x8000D98C (0x55555537) lui a0, 349525
x10 <- 0x55555000


mem[X,0x8000D990] -> 0x0513
mem[X,0x8000D992] -> 0x5555
[1368] [M]: 0x8000D990 (0x55550513) addi a0, a0, 1365
x10 <- 0x55555555


mem[X,0x8000D994] -> 0x55B7
mem[X,0x8000D996] -> 0x5555
[1369] [M]: 0x8000D994 (0x555555B7) lui a1, 349525
x11 <- 0x55555000


mem[X,0x8000D998] -> 0x8593
mem[X,0x8000D99A] -> 0x5565
[1370] [M]: 0x8000D998 (0x55658593) addi a1, a1, 1366
x11 <- 0x55555556


mem[X,0x8000D99C] -> 0x0193
mem[X,0x8000D99E] -> 0x0000
[1371] [M]: 0x8000D99C (0x00000193) addi gp, zero, 0
x3 <- 0x00000000


mem[X,0x8000D9A0] -> 0x006F
mem[X,0x8000D9A2] -> 0x00C0
[1372] [M]: 0x8000D9A0 (0x00C0006F) jal zero, 12


mem[X,0x8000D9AC] -> 0x7663
mem[X,0x8000D9AE] -> 0x00B5
[1373] [M]: 0x8000D9AC (0x00B57663) bgeu a0, a1, 12


mem[X,0x8000D9B0] -> 0x8193
mem[X,0x8000D9B2] -> 0x0021
[1374] [M]: 0x8000D9B0 (0x00218193) addi gp, gp, 2
x3 <- 0x00000002


mem[X,0x8000D9B4] -> 0x006F
mem[X,0x8000D9B6] -> 0x00C0
[1375] [M]: 0x8000D9B4 (0x00C0006F) jal zero, 12


mem[X,0x8000D9C0] -> 0x2C23
mem[X,0x8000D9C2] -> 0x1E31
[1376] [M]: 0x8000D9C0 (0x1E312C23) sw gp, 504(sp)
mem[0x8004A45C] <- 0x00000002


mem[X,0x8000D9C4] -> 0x5537
mem[X,0x8000D9C6] -> 0x5555
[1377] [M]: 0x8000D9C4 (0x55555537) lui a0, 349525
x10 <- 0x55555000


mem[X,0x8000D9C8] -> 0x0513
mem[X,0x8000D9CA] -> 0x5555
[1378] [M]: 0x8000D9C8 (0x55550513) addi a0, a0, 1365
x10 <- 0x55555555


mem[X,0x8000D9CC] -> 0xB5B7
mem[X,0x8000D9CE] -> 0xAAAA
[1379] [M]: 0x8000D9CC (0xAAAAB5B7) lui a1, 699051
x11 <- 0xAAAAB000


mem[X,0x8000D9D0] -> 0x8593
mem[X,0x8000D9D2] -> 0xAAB5
[1380] [M]: 0x8000D9D0 (0xAAB58593) addi a1, a1, 2731
x11 <- 0xAAAAAAAB


mem[X,0x8000D9D4] -> 0x0193
mem[X,0x8000D9D6] -> 0x0000
[1381] [M]: 0x8000D9D4 (0x00000193) addi gp, zero, 0
x3 <- 0x00000000


mem[X,0x8000D9D8] -> 0x006F
mem[X,0x8000D9DA] -> 0x0050
[1382] [M]: 0x8000D9D8 (0x0050006F) jal zero, 2052


mem[X,0x8000E1DC] -> 0x70E3
mem[X,0x8000E1DE] -> 0x80B5
[1383] [M]: 0x8000E1DC (0x80B570E3) bgeu a0, a1, 6144


mem[X,0x8000E1E0] -> 0x8193
mem[X,0x8000E1E2] -> 0x0021
[1384] [M]: 0x8000E1E0 (0x00218193) addi gp, gp, 2
x3 <- 0x00000002


mem[X,0x8000E1E4] -> 0x006F
mem[X,0x8000E1E6] -> 0x00C0
[1385] [M]: 0x8000E1E4 (0x00C0006F) jal zero, 12


mem[X,0x8000E1F0] -> 0x2E23
mem[X,0x8000E1F2] -> 0x1E31
[1386] [M]: 0x8000E1F0 (0x1E312E23) sw gp, 508(sp)
mem[0x8004A460] <- 0x00000002


mem[X,0x8000E1F4] -> 0x5537
mem[X,0x8000E1F6] -> 0x5555
[1387] [M]: 0x8000E1F4 (0x55555537) lui a0, 349525
x10 <- 0x55555000


mem[X,0x8000E1F8] -> 0x0513
mem[X,0x8000E1FA] -> 0x5555
[1388] [M]: 0x8000E1F8 (0x55550513) addi a0, a0, 1365
x10 <- 0x55555555


mem[X,0x8000E1FC] -> 0x0593
mem[X,0x8000E1FE] -> 0x0060
[1389] [M]: 0x8000E1FC (0x00600593) addi a1, zero, 6
x11 <- 0x00000006


mem[X,0x8000E200] -> 0x0193
mem[X,0x8000E202] -> 0x0000
[1390] [M]: 0x8000E200 (0x00000193) addi gp, zero, 0
x3 <- 0x00000000


mem[X,0x8000E204] -> 0x006F
mem[X,0x8000E206] -> 0x00C0
[1391] [M]: 0x8000E204 (0x00C0006F) jal zero, 12


mem[X,0x8000E210] -> 0x7063
mem[X,0x8000E212] -> 0x40B5
[1392] [M]: 0x8000E210 (0x40B57063) bgeu a0, a1, 1024


mem[X,0x8000E610] -> 0x8193
mem[X,0x8000E612] -> 0x0031
[1393] [M]: 0x8000E610 (0x00318193) addi gp, gp, 3
x3 <- 0x00000003


mem[X,0x8000E614] -> 0x006F
mem[X,0x8000E616] -> 0x0040
[1394] [M]: 0x8000E614 (0x0040006F) jal zero, 4


mem[X,0x8000E618] -> 0x2023
mem[X,0x8000E61A] -> 0x2031
[1395] [M]: 0x8000E618 (0x20312023) sw gp, 512(sp)
mem[0x8004A464] <- 0x00000003


mem[X,0x8000E61C] -> 0x5537
mem[X,0x8000E61E] -> 0x5555
[1396] [M]: 0x8000E61C (0x55555537) lui a0, 349525
x10 <- 0x55555000


mem[X,0x8000E620] -> 0x0513
mem[X,0x8000E622] -> 0x5555
[1397] [M]: 0x8000E620 (0x55550513) addi a0, a0, 1365
x10 <- 0x55555555


mem[X,0x8000E624] -> 0x35B7
mem[X,0x8000E626] -> 0x3333
[1398] [M]: 0x8000E624 (0x333335B7) lui a1, 209715
x11 <- 0x33333000


mem[X,0x8000E628] -> 0x8593
mem[X,0x8000E62A] -> 0x3345
[1399] [M]: 0x8000E628 (0x33458593) addi a1, a1, 820
x11 <- 0x33333334


clint::tick mtime <- 0x000000000000000E
 clint timer pending at mtime 0x000000000000000E
htif::tick 0x0000000000000000
mem[X,0x8000E62C] -> 0x0193
mem[X,0x8000E62E] -> 0x0000
[1400] [M]: 0x8000E62C (0x00000193) addi gp, zero, 0
x3 <- 0x00000000


mem[X,0x8000E630] -> 0x006F
mem[X,0x8000E632] -> 0x00C0
[1401] [M]: 0x8000E630 (0x00C0006F) jal zero, 12


mem[X,0x8000E63C] -> 0x7063
mem[X,0x8000E63E] -> 0x04B5
[1402] [M]: 0x8000E63C (0x04B57063) bgeu a0, a1, 64


mem[X,0x8000E67C] -> 0x8193
mem[X,0x8000E67E] -> 0x0031
[1403] [M]: 0x8000E67C (0x00318193) addi gp, gp, 3
x3 <- 0x00000003


mem[X,0x8000E680] -> 0x006F
mem[X,0x8000E682] -> 0x0040
[1404] [M]: 0x8000E680 (0x0040006F) jal zero, 4


mem[X,0x8000E684] -> 0x2223
mem[X,0x8000E686] -> 0x2031
[1405] [M]: 0x8000E684 (0x20312223) sw gp, 516(sp)
mem[0x8004A468] <- 0x00000003


mem[X,0x8000E688] -> 0x5537
mem[X,0x8000E68A] -> 0x5555
[1406] [M]: 0x8000E688 (0x55555537) lui a0, 349525
x10 <- 0x55555000


mem[X,0x8000E68C] -> 0x0513
mem[X,0x8000E68E] -> 0x5555
[1407] [M]: 0x8000E68C (0x55550513) addi a0, a0, 1365
x10 <- 0x55555555


mem[X,0x8000E690] -> 0x65B7
mem[X,0x8000E692] -> 0x6666
[1408] [M]: 0x8000E690 (0x666665B7) lui a1, 419430
x11 <- 0x66666000


mem[X,0x8000E694] -> 0x8593
mem[X,0x8000E696] -> 0x6675
[1409] [M]: 0x8000E694 (0x66758593) addi a1, a1, 1639
x11 <- 0x66666667


mem[X,0x8000E698] -> 0x0193
mem[X,0x8000E69A] -> 0x0000
[1410] [M]: 0x8000E698 (0x00000193) addi gp, zero, 0
x3 <- 0x00000000


mem[X,0x8000E69C] -> 0x006F
mem[X,0x8000E69E] -> 0x00C0
[1411] [M]: 0x8000E69C (0x00C0006F) jal zero, 12


mem[X,0x8000E6A8] -> 0x7063
mem[X,0x8000E6AA] -> 0x02B5
[1412] [M]: 0x8000E6A8 (0x02B57063) bgeu a0, a1, 32


mem[X,0x8000E6AC] -> 0x8193
mem[X,0x8000E6AE] -> 0x0021
[1413] [M]: 0x8000E6AC (0x00218193) addi gp, gp, 2
x3 <- 0x00000002


mem[X,0x8000E6B0] -> 0x006F
mem[X,0x8000E6B2] -> 0x0200
[1414] [M]: 0x8000E6B0 (0x0200006F) jal zero, 32


mem[X,0x8000E6D0] -> 0x2423
mem[X,0x8000E6D2] -> 0x2031
[1415] [M]: 0x8000E6D0 (0x20312423) sw gp, 520(sp)
mem[0x8004A46C] <- 0x00000002


mem[X,0x8000E6D4] -> 0x5537
mem[X,0x8000E6D6] -> 0x5555
[1416] [M]: 0x8000E6D4 (0x55555537) lui a0, 349525
x10 <- 0x55555000


mem[X,0x8000E6D8] -> 0x0513
mem[X,0x8000E6DA] -> 0x5555
[1417] [M]: 0x8000E6D8 (0x55550513) addi a0, a0, 1365
x10 <- 0x55555555


mem[X,0x8000E6DC] -> 0xB5B7
mem[X,0x8000E6DE] -> 0x0000
[1418] [M]: 0x8000E6DC (0x0000B5B7) lui a1, 11
x11 <- 0x0000B000


mem[X,0x8000E6E0] -> 0x8593
mem[X,0x8000E6E2] -> 0x5055
[1419] [M]: 0x8000E6E0 (0x50558593) addi a1, a1, 1285
x11 <- 0x0000B505


mem[X,0x8000E6E4] -> 0x0193
mem[X,0x8000E6E6] -> 0x0000
[1420] [M]: 0x8000E6E4 (0x00000193) addi gp, zero, 0
x3 <- 0x00000000


mem[X,0x8000E6E8] -> 0x006F
mem[X,0x8000E6EA] -> 0x2B10
[1421] [M]: 0x8000E6E8 (0x2B10006F) jal zero, 2736


mem[X,0x8000F198] -> 0x7A63
mem[X,0x8000F19A] -> 0xD4B5
[1422] [M]: 0x8000F198 (0xD4B57A63) bgeu a0, a1, 5460


mem[X,0x8000E6EC] -> 0x8193
mem[X,0x8000E6EE] -> 0x0011
[1423] [M]: 0x8000E6EC (0x00118193) addi gp, gp, 1
x3 <- 0x00000001


mem[X,0x8000E6F0] -> 0x006F
mem[X,0x8000E6F2] -> 0x2BD0
[1424] [M]: 0x8000E6F0 (0x2BD0006F) jal zero, 2748


mem[X,0x8000F1AC] -> 0x2623
mem[X,0x8000F1AE] -> 0x2031
[1425] [M]: 0x8000F1AC (0x20312623) sw gp, 524(sp)
mem[0x8004A470] <- 0x00000001


mem[X,0x8000F1B0] -> 0x5537
mem[X,0x8000F1B2] -> 0x5555
[1426] [M]: 0x8000F1B0 (0x55555537) lui a0, 349525
x10 <- 0x55555000


mem[X,0x8000F1B4] -> 0x0513
mem[X,0x8000F1B6] -> 0x5555
[1427] [M]: 0x8000F1B4 (0x55550513) addi a0, a0, 1365
x10 <- 0x55555555


mem[X,0x8000F1B8] -> 0x0593
mem[X,0x8000F1BA] -> 0x0010
[1428] [M]: 0x8000F1B8 (0x00100593) addi a1, zero, 1
x11 <- 0x00000001


mem[X,0x8000F1BC] -> 0x0193
mem[X,0x8000F1BE] -> 0x0000
[1429] [M]: 0x8000F1BC (0x00000193) addi gp, zero, 0
x3 <- 0x00000000


mem[X,0x8000F1C0] -> 0x006F
mem[X,0x8000F1C2] -> 0x00C0
[1430] [M]: 0x8000F1C0 (0x00C0006F) jal zero, 12


mem[X,0x8000F1CC] -> 0x7063
mem[X,0x8000F1CE] -> 0x20B5
[1431] [M]: 0x8000F1CC (0x20B57063) bgeu a0, a1, 512


mem[X,0x8000F3CC] -> 0x8193
mem[X,0x8000F3CE] -> 0x0031
[1432] [M]: 0x8000F3CC (0x00318193) addi gp, gp, 3
x3 <- 0x00000003


mem[X,0x8000F3D0] -> 0x006F
mem[X,0x8000F3D2] -> 0x0040
[1433] [M]: 0x8000F3D0 (0x0040006F) jal zero, 4


mem[X,0x8000F3D4] -> 0x2823
mem[X,0x8000F3D6] -> 0x2031
[1434] [M]: 0x8000F3D4 (0x20312823) sw gp, 528(sp)
mem[0x8004A474] <- 0x00000003


mem[X,0x8000F3D8] -> 0x5537
mem[X,0x8000F3DA] -> 0x5555
[1435] [M]: 0x8000F3D8 (0x55555537) lui a0, 349525
x10 <- 0x55555000


mem[X,0x8000F3DC] -> 0x0513
mem[X,0x8000F3DE] -> 0x5555
[1436] [M]: 0x8000F3DC (0x55550513) addi a0, a0, 1365
x10 <- 0x55555555


mem[X,0x8000F3E0] -> 0x05B7
mem[X,0x8000F3E2] -> 0x0001
[1437] [M]: 0x8000F3E0 (0x000105B7) lui a1, 16
x11 <- 0x00010000


mem[X,0x8000F3E4] -> 0x0193
mem[X,0x8000F3E6] -> 0x0000
[1438] [M]: 0x8000F3E4 (0x00000193) addi gp, zero, 0
x3 <- 0x00000000


mem[X,0x8000F3E8] -> 0x006F
mem[X,0x8000F3EA] -> 0x0100
[1439] [M]: 0x8000F3E8 (0x0100006F) jal zero, 16


mem[X,0x8000F3F8] -> 0x7AE3
mem[X,0x8000F3FA] -> 0xFEB5
[1440] [M]: 0x8000F3F8 (0xFEB57AE3) bgeu a0, a1, 8180


mem[X,0x8000F3EC] -> 0x8193
mem[X,0x8000F3EE] -> 0x0011
[1441] [M]: 0x8000F3EC (0x00118193) addi gp, gp, 1
x3 <- 0x00000001


mem[X,0x8000F3F0] -> 0x006F
mem[X,0x8000F3F2] -> 0x01C0
[1442] [M]: 0x8000F3F0 (0x01C0006F) jal zero, 28


mem[X,0x8000F40C] -> 0x2A23
mem[X,0x8000F40E] -> 0x2031
[1443] [M]: 0x8000F40C (0x20312A23) sw gp, 532(sp)
mem[0x8004A478] <- 0x00000001


mem[X,0x8000F410] -> 0xB537
mem[X,0x8000F412] -> 0xAAAA
[1444] [M]: 0x8000F410 (0xAAAAB537) lui a0, 699051
x10 <- 0xAAAAB000


mem[X,0x8000F414] -> 0x0513
mem[X,0x8000F416] -> 0xAAA5
[1445] [M]: 0x8000F414 (0xAAA50513) addi a0, a0, 2730
x10 <- 0xAAAAAAAA


mem[X,0x8000F418] -> 0x0593
mem[X,0x8000F41A] -> 0x0030
[1446] [M]: 0x8000F418 (0x00300593) addi a1, zero, 3
x11 <- 0x00000003


mem[X,0x8000F41C] -> 0x0193
mem[X,0x8000F41E] -> 0x0000
[1447] [M]: 0x8000F41C (0x00000193) addi gp, zero, 0
x3 <- 0x00000000


mem[X,0x8000F420] -> 0x006F
mem[X,0x8000F422] -> 0x0140
[1448] [M]: 0x8000F420 (0x0140006F) jal zero, 20


mem[X,0x8000F434] -> 0x78E3
mem[X,0x8000F436] -> 0xFEB5
[1449] [M]: 0x8000F434 (0xFEB578E3) bgeu a0, a1, 8176


mem[X,0x8000F424] -> 0x8193
mem[X,0x8000F426] -> 0x0011
[1450] [M]: 0x8000F424 (0x00118193) addi gp, gp, 1
x3 <- 0x00000001


mem[X,0x8000F428] -> 0x006F
mem[X,0x8000F42A] -> 0x0200
[1451] [M]: 0x8000F428 (0x0200006F) jal zero, 32


mem[X,0x8000F448] -> 0x2C23
mem[X,0x8000F44A] -> 0x2031
[1452] [M]: 0x8000F448 (0x20312C23) sw gp, 536(sp)
mem[0x8004A47C] <- 0x00000001


mem[X,0x8000F44C] -> 0xB537
mem[X,0x8000F44E] -> 0xAAAA
[1453] [M]: 0x8000F44C (0xAAAAB537) lui a0, 699051
x10 <- 0xAAAAB000


mem[X,0x8000F450] -> 0x0513
mem[X,0x8000F452] -> 0xAAA5
[1454] [M]: 0x8000F450 (0xAAA50513) addi a0, a0, 2730
x10 <- 0xAAAAAAAA


mem[X,0x8000F454] -> 0x55B7
mem[X,0x8000F456] -> 0x5555
[1455] [M]: 0x8000F454 (0x555555B7) lui a1, 349525
x11 <- 0x55555000


mem[X,0x8000F458] -> 0x8593
mem[X,0x8000F45A] -> 0x5555
[1456] [M]: 0x8000F458 (0x55558593) addi a1, a1, 1365
x11 <- 0x55555555


mem[X,0x8000F45C] -> 0x0193
mem[X,0x8000F45E] -> 0x0000
[1457] [M]: 0x8000F45C (0x00000193) addi gp, zero, 0
x3 <- 0x00000000


mem[X,0x8000F460] -> 0x006F
mem[X,0x8000F462] -> 0x00C0
[1458] [M]: 0x8000F460 (0x00C0006F) jal zero, 12


mem[X,0x8000F46C] -> 0x7CE3
mem[X,0x8000F46E] -> 0xFEB5
[1459] [M]: 0x8000F46C (0xFEB57CE3) bgeu a0, a1, 8184


mem[X,0x8000F464] -> 0x8193
mem[X,0x8000F466] -> 0x0011
[1460] [M]: 0x8000F464 (0x00118193) addi gp, gp, 1
x3 <- 0x00000001


mem[X,0x8000F468] -> 0x006F
mem[X,0x8000F46A] -> 0x0180
[1461] [M]: 0x8000F468 (0x0180006F) jal zero, 24


mem[X,0x8000F480] -> 0x2E23
mem[X,0x8000F482] -> 0x2031
[1462] [M]: 0x8000F480 (0x20312E23) sw gp, 540(sp)
mem[0x8004A480] <- 0x00000001


mem[X,0x8000F484] -> 0xB537
mem[X,0x8000F486] -> 0xAAAA
[1463] [M]: 0x8000F484 (0xAAAAB537) lui a0, 699051
x10 <- 0xAAAAB000


mem[X,0x8000F488] -> 0x0513
mem[X,0x8000F48A] -> 0xAAA5
[1464] [M]: 0x8000F488 (0xAAA50513) addi a0, a0, 2730
x10 <- 0xAAAAAAAA


mem[X,0x8000F48C] -> 0xB5B7
mem[X,0x8000F48E] -> 0xAAAA
[1465] [M]: 0x8000F48C (0xAAAAB5B7) lui a1, 699051
x11 <- 0xAAAAB000


mem[X,0x8000F490] -> 0x8593
mem[X,0x8000F492] -> 0xAAA5
[1466] [M]: 0x8000F490 (0xAAA58593) addi a1, a1, 2730
x11 <- 0xAAAAAAAA


mem[X,0x8000F494] -> 0x0193
mem[X,0x8000F496] -> 0x0000
[1467] [M]: 0x8000F494 (0x00000193) addi gp, zero, 0
x3 <- 0x00000000


mem[X,0x8000F498] -> 0x006F
mem[X,0x8000F49A] -> 0x00C0
[1468] [M]: 0x8000F498 (0x00C0006F) jal zero, 12


mem[X,0x8000F4A4] -> 0x7663
mem[X,0x8000F4A6] -> 0x00B5
[1469] [M]: 0x8000F4A4 (0x00B57663) bgeu a0, a1, 12


mem[X,0x8000F4B0] -> 0x8193
mem[X,0x8000F4B2] -> 0x0031
[1470] [M]: 0x8000F4B0 (0x00318193) addi gp, gp, 3
x3 <- 0x00000003


mem[X,0x8000F4B4] -> 0x006F
mem[X,0x8000F4B6] -> 0x0040
[1471] [M]: 0x8000F4B4 (0x0040006F) jal zero, 4


mem[X,0x8000F4B8] -> 0x2023
mem[X,0x8000F4BA] -> 0x2231
[1472] [M]: 0x8000F4B8 (0x22312023) sw gp, 544(sp)
mem[0x8004A484] <- 0x00000003


mem[X,0x8000F4BC] -> 0xB537
mem[X,0x8000F4BE] -> 0xAAAA
[1473] [M]: 0x8000F4BC (0xAAAAB537) lui a0, 699051
x10 <- 0xAAAAB000


mem[X,0x8000F4C0] -> 0x0513
mem[X,0x8000F4C2] -> 0xAAA5
[1474] [M]: 0x8000F4C0 (0xAAA50513) addi a0, a0, 2730
x10 <- 0xAAAAAAAA


mem[X,0x8000F4C4] -> 0x0593
mem[X,0x8000F4C6] -> 0x0050
[1475] [M]: 0x8000F4C4 (0x00500593) addi a1, zero, 5
x11 <- 0x00000005


mem[X,0x8000F4C8] -> 0x0193
mem[X,0x8000F4CA] -> 0x0000
[1476] [M]: 0x8000F4C8 (0x00000193) addi gp, zero, 0
x3 <- 0x00000000


mem[X,0x8000F4CC] -> 0x006F
mem[X,0x8000F4CE] -> 0x2B10
[1477] [M]: 0x8000F4CC (0x2B10006F) jal zero, 2736


mem[X,0x8000FF7C] -> 0x7A63
mem[X,0x8000FF7E] -> 0xD4B5
[1478] [M]: 0x8000FF7C (0xD4B57A63) bgeu a0, a1, 5460


mem[X,0x8000F4D0] -> 0x8193
mem[X,0x8000F4D2] -> 0x0011
[1479] [M]: 0x8000F4D0 (0x00118193) addi gp, gp, 1
x3 <- 0x00000001


mem[X,0x8000F4D4] -> 0x006F
mem[X,0x8000F4D6] -> 0x2BD0
[1480] [M]: 0x8000F4D4 (0x2BD0006F) jal zero, 2748


mem[X,0x8000FF90] -> 0x2223
mem[X,0x8000FF92] -> 0x2231
[1481] [M]: 0x8000FF90 (0x22312223) sw gp, 548(sp)
mem[0x8004A488] <- 0x00000001


mem[X,0x8000FF94] -> 0xB537
mem[X,0x8000FF96] -> 0xAAAA
[1482] [M]: 0x8000FF94 (0xAAAAB537) lui a0, 699051
x10 <- 0xAAAAB000


mem[X,0x8000FF98] -> 0x0513
mem[X,0x8000FF9A] -> 0xAAA5
[1483] [M]: 0x8000FF98 (0xAAA50513) addi a0, a0, 2730
x10 <- 0xAAAAAAAA


mem[X,0x8000FF9C] -> 0x35B7
mem[X,0x8000FF9E] -> 0x3333
[1484] [M]: 0x8000FF9C (0x333335B7) lui a1, 209715
x11 <- 0x33333000


mem[X,0x8000FFA0] -> 0x8593
mem[X,0x8000FFA2] -> 0x3335
[1485] [M]: 0x8000FFA0 (0x33358593) addi a1, a1, 819
x11 <- 0x33333333


mem[X,0x8000FFA4] -> 0x0193
mem[X,0x8000FFA6] -> 0x0000
[1486] [M]: 0x8000FFA4 (0x00000193) addi gp, zero, 0
x3 <- 0x00000000


mem[X,0x8000FFA8] -> 0x006F
mem[X,0x8000FFAA] -> 0x00C0
[1487] [M]: 0x8000FFA8 (0x00C0006F) jal zero, 12


mem[X,0x8000FFB4] -> 0x7063
mem[X,0x8000FFB6] -> 0x20B5
[1488] [M]: 0x8000FFB4 (0x20B57063) bgeu a0, a1, 512


mem[X,0x800101B4] -> 0x8193
mem[X,0x800101B6] -> 0x0031
[1489] [M]: 0x800101B4 (0x00318193) addi gp, gp, 3
x3 <- 0x00000003


mem[X,0x800101B8] -> 0x006F
mem[X,0x800101BA] -> 0x0040
[1490] [M]: 0x800101B8 (0x0040006F) jal zero, 4


mem[X,0x800101BC] -> 0x2423
mem[X,0x800101BE] -> 0x2231
[1491] [M]: 0x800101BC (0x22312423) sw gp, 552(sp)
mem[0x8004A48C] <- 0x00000003


mem[X,0x800101C0] -> 0xB537
mem[X,0x800101C2] -> 0xAAAA
[1492] [M]: 0x800101C0 (0xAAAAB537) lui a0, 699051
x10 <- 0xAAAAB000


mem[X,0x800101C4] -> 0x0513
mem[X,0x800101C6] -> 0xAAA5
[1493] [M]: 0x800101C4 (0xAAA50513) addi a0, a0, 2730
x10 <- 0xAAAAAAAA


mem[X,0x800101C8] -> 0x65B7
mem[X,0x800101CA] -> 0x6666
[1494] [M]: 0x800101C8 (0x666665B7) lui a1, 419430
x11 <- 0x66666000


mem[X,0x800101CC] -> 0x8593
mem[X,0x800101CE] -> 0x6665
[1495] [M]: 0x800101CC (0x66658593) addi a1, a1, 1638
x11 <- 0x66666666


mem[X,0x800101D0] -> 0x0193
mem[X,0x800101D2] -> 0x0000
[1496] [M]: 0x800101D0 (0x00000193) addi gp, zero, 0
x3 <- 0x00000000


mem[X,0x800101D4] -> 0x006F
mem[X,0x800101D6] -> 0x00C0
[1497] [M]: 0x800101D4 (0x00C0006F) jal zero, 12


mem[X,0x800101E0] -> 0x7063
mem[X,0x800101E2] -> 0x40B5
[1498] [M]: 0x800101E0 (0x40B57063) bgeu a0, a1, 1024


mem[X,0x800105E0] -> 0x8193
mem[X,0x800105E2] -> 0x0031
[1499] [M]: 0x800105E0 (0x00318193) addi gp, gp, 3
x3 <- 0x00000003


clint::tick mtime <- 0x000000000000000F
 clint timer pending at mtime 0x000000000000000F
htif::tick 0x0000000000000000
mem[X,0x800105E4] -> 0x006F
mem[X,0x800105E6] -> 0x0040
[1500] [M]: 0x800105E4 (0x0040006F) jal zero, 4


mem[X,0x800105E8] -> 0x2623
mem[X,0x800105EA] -> 0x2231
[1501] [M]: 0x800105E8 (0x22312623) sw gp, 556(sp)
mem[0x8004A490] <- 0x00000003


mem[X,0x800105EC] -> 0xB537
mem[X,0x800105EE] -> 0xAAAA
[1502] [M]: 0x800105EC (0xAAAAB537) lui a0, 699051
x10 <- 0xAAAAB000


mem[X,0x800105F0] -> 0x0513
mem[X,0x800105F2] -> 0xAAA5
[1503] [M]: 0x800105F0 (0xAAA50513) addi a0, a0, 2730
x10 <- 0xAAAAAAAA


mem[X,0x800105F4] -> 0xB5B7
mem[X,0x800105F6] -> 0x0000
[1504] [M]: 0x800105F4 (0x0000B5B7) lui a1, 11
x11 <- 0x0000B000


mem[X,0x800105F8] -> 0x8593
mem[X,0x800105FA] -> 0x5045
[1505] [M]: 0x800105F8 (0x50458593) addi a1, a1, 1284
x11 <- 0x0000B504


mem[X,0x800105FC] -> 0x0193
mem[X,0x800105FE] -> 0x0000
[1506] [M]: 0x800105FC (0x00000193) addi gp, zero, 0
x3 <- 0x00000000


mem[X,0x80010600] -> 0x006F
mem[X,0x80010602] -> 0x00C0
[1507] [M]: 0x80010600 (0x00C0006F) jal zero, 12


mem[X,0x8001060C] -> 0x7063
mem[X,0x8001060E] -> 0x20B5
[1508] [M]: 0x8001060C (0x20B57063) bgeu a0, a1, 512


mem[X,0x8001080C] -> 0x8193
mem[X,0x8001080E] -> 0x0031
[1509] [M]: 0x8001080C (0x00318193) addi gp, gp, 3
x3 <- 0x00000003


mem[X,0x80010810] -> 0x006F
mem[X,0x80010812] -> 0x0040
[1510] [M]: 0x80010810 (0x0040006F) jal zero, 4


mem[X,0x80010814] -> 0x2823
mem[X,0x80010816] -> 0x2231
[1511] [M]: 0x80010814 (0x22312823) sw gp, 560(sp)
mem[0x8004A494] <- 0x00000003


mem[X,0x80010818] -> 0xB537
mem[X,0x8001081A] -> 0xAAAA
[1512] [M]: 0x80010818 (0xAAAAB537) lui a0, 699051
x10 <- 0xAAAAB000


mem[X,0x8001081C] -> 0x0513
mem[X,0x8001081E] -> 0xAAA5
[1513] [M]: 0x8001081C (0xAAA50513) addi a0, a0, 2730
x10 <- 0xAAAAAAAA


mem[X,0x80010820] -> 0x0593
mem[X,0x80010822] -> 0x0000
[1514] [M]: 0x80010820 (0x00000593) addi a1, zero, 0
x11 <- 0x00000000


mem[X,0x80010824] -> 0x0193
mem[X,0x80010826] -> 0x0000
[1515] [M]: 0x80010824 (0x00000193) addi gp, zero, 0
x3 <- 0x00000000


mem[X,0x80010828] -> 0x006F
mem[X,0x8001082A] -> 0x00C0
[1516] [M]: 0x80010828 (0x00C0006F) jal zero, 12


mem[X,0x80010834] -> 0x7063
mem[X,0x80010836] -> 0x10B5
[1517] [M]: 0x80010834 (0x10B57063) bgeu a0, a1, 256


mem[X,0x80010934] -> 0x8193
mem[X,0x80010936] -> 0x0031
[1518] [M]: 0x80010934 (0x00318193) addi gp, gp, 3
x3 <- 0x00000003


mem[X,0x80010938] -> 0x006F
mem[X,0x8001093A] -> 0x0040
[1519] [M]: 0x80010938 (0x0040006F) jal zero, 4


mem[X,0x8001093C] -> 0x2A23
mem[X,0x8001093E] -> 0x2231
[1520] [M]: 0x8001093C (0x22312A23) sw gp, 564(sp)
mem[0x8004A498] <- 0x00000003


mem[X,0x80010940] -> 0xB537
mem[X,0x80010942] -> 0xAAAA
[1521] [M]: 0x80010940 (0xAAAAB537) lui a0, 699051
x10 <- 0xAAAAB000


mem[X,0x80010944] -> 0x0513
mem[X,0x80010946] -> 0xAAA5
[1522] [M]: 0x80010944 (0xAAA50513) addi a0, a0, 2730
x10 <- 0xAAAAAAAA


mem[X,0x80010948] -> 0x05B7
mem[X,0x8001094A] -> 0x0001
[1523] [M]: 0x80010948 (0x000105B7) lui a1, 16
x11 <- 0x00010000


mem[X,0x8001094C] -> 0x8593
mem[X,0x8001094E] -> 0xFFF5
[1524] [M]: 0x8001094C (0xFFF58593) addi a1, a1, 4095
x11 <- 0x0000FFFF


mem[X,0x80010950] -> 0x0193
mem[X,0x80010952] -> 0x0000
[1525] [M]: 0x80010950 (0x00000193) addi gp, zero, 0
x3 <- 0x00000000


mem[X,0x80010954] -> 0x006F
mem[X,0x80010956] -> 0x00C0
[1526] [M]: 0x80010954 (0x00C0006F) jal zero, 12


mem[X,0x80010960] -> 0x7863
mem[X,0x80010962] -> 0x00B5
[1527] [M]: 0x80010960 (0x00B57863) bgeu a0, a1, 16


mem[X,0x80010970] -> 0x8193
mem[X,0x80010972] -> 0x0031
[1528] [M]: 0x80010970 (0x00318193) addi gp, gp, 3
x3 <- 0x00000003


mem[X,0x80010974] -> 0x006F
mem[X,0x80010976] -> 0x0040
[1529] [M]: 0x80010974 (0x0040006F) jal zero, 4


mem[X,0x80010978] -> 0x2C23
mem[X,0x8001097A] -> 0x2231
[1530] [M]: 0x80010978 (0x22312C23) sw gp, 568(sp)
mem[0x8004A49C] <- 0x00000003


mem[X,0x8001097C] -> 0xB537
mem[X,0x8001097E] -> 0xAAAA
[1531] [M]: 0x8001097C (0xAAAAB537) lui a0, 699051
x10 <- 0xAAAAB000


mem[X,0x80010980] -> 0x0513
mem[X,0x80010982] -> 0xAAA5
[1532] [M]: 0x80010980 (0xAAA50513) addi a0, a0, 2730
x10 <- 0xAAAAAAAA


mem[X,0x80010984] -> 0x55B7
mem[X,0x80010986] -> 0x5555
[1533] [M]: 0x80010984 (0x555555B7) lui a1, 349525
x11 <- 0x55555000


mem[X,0x80010988] -> 0x8593
mem[X,0x8001098A] -> 0x5545
[1534] [M]: 0x80010988 (0x55458593) addi a1, a1, 1364
x11 <- 0x55555554


mem[X,0x8001098C] -> 0x0193
mem[X,0x8001098E] -> 0x0000
[1535] [M]: 0x8001098C (0x00000193) addi gp, zero, 0
x3 <- 0x00000000


mem[X,0x80010990] -> 0x006F
mem[X,0x80010992] -> 0x00C0
[1536] [M]: 0x80010990 (0x00C0006F) jal zero, 12


mem[X,0x8001099C] -> 0x7CE3
mem[X,0x8001099E] -> 0xFEB5
[1537] [M]: 0x8001099C (0xFEB57CE3) bgeu a0, a1, 8184


mem[X,0x80010994] -> 0x8193
mem[X,0x80010996] -> 0x0011
[1538] [M]: 0x80010994 (0x00118193) addi gp, gp, 1
x3 <- 0x00000001


mem[X,0x80010998] -> 0x006F
mem[X,0x8001099A] -> 0x0180
[1539] [M]: 0x80010998 (0x0180006F) jal zero, 24


mem[X,0x800109B0] -> 0x2E23
mem[X,0x800109B2] -> 0x2231
[1540] [M]: 0x800109B0 (0x22312E23) sw gp, 572(sp)
mem[0x8004A4A0] <- 0x00000001


mem[X,0x800109B4] -> 0xB537
mem[X,0x800109B6] -> 0xAAAA
[1541] [M]: 0x800109B4 (0xAAAAB537) lui a0, 699051
x10 <- 0xAAAAB000


mem[X,0x800109B8] -> 0x0513
mem[X,0x800109BA] -> 0xAAA5
[1542] [M]: 0x800109B8 (0xAAA50513) addi a0, a0, 2730
x10 <- 0xAAAAAAAA


mem[X,0x800109BC] -> 0xB5B7
mem[X,0x800109BE] -> 0xAAAA
[1543] [M]: 0x800109BC (0xAAAAB5B7) lui a1, 699051
x11 <- 0xAAAAB000


mem[X,0x800109C0] -> 0x8593
mem[X,0x800109C2] -> 0xAA95
[1544] [M]: 0x800109C0 (0xAA958593) addi a1, a1, 2729
x11 <- 0xAAAAAAA9


mem[X,0x800109C4] -> 0x0193
mem[X,0x800109C6] -> 0x0000
[1545] [M]: 0x800109C4 (0x00000193) addi gp, zero, 0
x3 <- 0x00000000


mem[X,0x800109C8] -> 0x006F
mem[X,0x800109CA] -> 0x0050
[1546] [M]: 0x800109C8 (0x0050006F) jal zero, 2052


mem[X,0x800111CC] -> 0x70E3
mem[X,0x800111CE] -> 0x80B5
[1547] [M]: 0x800111CC (0x80B570E3) bgeu a0, a1, 6144


mem[X,0x800109CC] -> 0x8193
mem[X,0x800109CE] -> 0x0011
[1548] [M]: 0x800109CC (0x00118193) addi gp, gp, 1
x3 <- 0x00000001


mem[X,0x800109D0] -> 0x006F
mem[X,0x800109D2] -> 0x0110
[1549] [M]: 0x800109D0 (0x0110006F) jal zero, 2064


mem[X,0x800111E0] -> 0x2023
mem[X,0x800111E2] -> 0x2431
[1550] [M]: 0x800111E0 (0x24312023) sw gp, 576(sp)
mem[0x8004A4A4] <- 0x00000001


mem[X,0x800111E4] -> 0xB537
mem[X,0x800111E6] -> 0xAAAA
[1551] [M]: 0x800111E4 (0xAAAAB537) lui a0, 699051
x10 <- 0xAAAAB000


mem[X,0x800111E8] -> 0x0513
mem[X,0x800111EA] -> 0xAAA5
[1552] [M]: 0x800111E8 (0xAAA50513) addi a0, a0, 2730
x10 <- 0xAAAAAAAA


mem[X,0x800111EC] -> 0x0593
mem[X,0x800111EE] -> 0x0040
[1553] [M]: 0x800111EC (0x00400593) addi a1, zero, 4
x11 <- 0x00000004


mem[X,0x800111F0] -> 0x0193
mem[X,0x800111F2] -> 0x0000
[1554] [M]: 0x800111F0 (0x00000193) addi gp, zero, 0
x3 <- 0x00000000


mem[X,0x800111F4] -> 0x006F
mem[X,0x800111F6] -> 0x00C0
[1555] [M]: 0x800111F4 (0x00C0006F) jal zero, 12


mem[X,0x80011200] -> 0x7663
mem[X,0x80011202] -> 0x00B5
[1556] [M]: 0x80011200 (0x00B57663) bgeu a0, a1, 12


mem[X,0x8001120C] -> 0x8193
mem[X,0x8001120E] -> 0x0031
[1557] [M]: 0x8001120C (0x00318193) addi gp, gp, 3
x3 <- 0x00000003


mem[X,0x80011210] -> 0x006F
mem[X,0x80011212] -> 0x0040
[1558] [M]: 0x80011210 (0x0040006F) jal zero, 4


mem[X,0x80011214] -> 0x2223
mem[X,0x80011216] -> 0x2431
[1559] [M]: 0x80011214 (0x24312223) sw gp, 580(sp)
mem[0x8004A4A8] <- 0x00000003


mem[X,0x80011218] -> 0xB537
mem[X,0x8001121A] -> 0xAAAA
[1560] [M]: 0x80011218 (0xAAAAB537) lui a0, 699051
x10 <- 0xAAAAB000


mem[X,0x8001121C] -> 0x0513
mem[X,0x8001121E] -> 0xAAA5
[1561] [M]: 0x8001121C (0xAAA50513) addi a0, a0, 2730
x10 <- 0xAAAAAAAA


mem[X,0x80011220] -> 0x35B7
mem[X,0x80011222] -> 0x3333
[1562] [M]: 0x80011220 (0x333335B7) lui a1, 209715
x11 <- 0x33333000


mem[X,0x80011224] -> 0x8593
mem[X,0x80011226] -> 0x3325
[1563] [M]: 0x80011224 (0x33258593) addi a1, a1, 818
x11 <- 0x33333332


mem[X,0x80011228] -> 0x0193
mem[X,0x8001122A] -> 0x0000
[1564] [M]: 0x80011228 (0x00000193) addi gp, zero, 0
x3 <- 0x00000000


mem[X,0x8001122C] -> 0x006F
mem[X,0x8001122E] -> 0x2B10
[1565] [M]: 0x8001122C (0x2B10006F) jal zero, 2736


mem[X,0x80011CDC] -> 0x7A63
mem[X,0x80011CDE] -> 0xD4B5
[1566] [M]: 0x80011CDC (0xD4B57A63) bgeu a0, a1, 5460


mem[X,0x80011230] -> 0x8193
mem[X,0x80011232] -> 0x0011
[1567] [M]: 0x80011230 (0x00118193) addi gp, gp, 1
x3 <- 0x00000001


mem[X,0x80011234] -> 0x006F
mem[X,0x80011236] -> 0x2BD0
[1568] [M]: 0x80011234 (0x2BD0006F) jal zero, 2748


mem[X,0x80011CF0] -> 0x2423
mem[X,0x80011CF2] -> 0x2431
[1569] [M]: 0x80011CF0 (0x24312423) sw gp, 584(sp)
mem[0x8004A4AC] <- 0x00000001


mem[X,0x80011CF4] -> 0xB537
mem[X,0x80011CF6] -> 0xAAAA
[1570] [M]: 0x80011CF4 (0xAAAAB537) lui a0, 699051
x10 <- 0xAAAAB000


mem[X,0x80011CF8] -> 0x0513
mem[X,0x80011CFA] -> 0xAAA5
[1571] [M]: 0x80011CF8 (0xAAA50513) addi a0, a0, 2730
x10 <- 0xAAAAAAAA


mem[X,0x80011CFC] -> 0x65B7
mem[X,0x80011CFE] -> 0x6666
[1572] [M]: 0x80011CFC (0x666665B7) lui a1, 419430
x11 <- 0x66666000


mem[X,0x80011D00] -> 0x8593
mem[X,0x80011D02] -> 0x6655
[1573] [M]: 0x80011D00 (0x66558593) addi a1, a1, 1637
x11 <- 0x66666665


mem[X,0x80011D04] -> 0x0193
mem[X,0x80011D06] -> 0x0000
[1574] [M]: 0x80011D04 (0x00000193) addi gp, zero, 0
x3 <- 0x00000000


mem[X,0x80011D08] -> 0x006F
mem[X,0x80011D0A] -> 0x00C0
[1575] [M]: 0x80011D08 (0x00C0006F) jal zero, 12


mem[X,0x80011D14] -> 0x7063
mem[X,0x80011D16] -> 0x02B5
[1576] [M]: 0x80011D14 (0x02B57063) bgeu a0, a1, 32


mem[X,0x80011D34] -> 0x8193
mem[X,0x80011D36] -> 0x0031
[1577] [M]: 0x80011D34 (0x00318193) addi gp, gp, 3
x3 <- 0x00000003


mem[X,0x80011D38] -> 0x006F
mem[X,0x80011D3A] -> 0x0040
[1578] [M]: 0x80011D38 (0x0040006F) jal zero, 4


mem[X,0x80011D3C] -> 0x2623
mem[X,0x80011D3E] -> 0x2431
[1579] [M]: 0x80011D3C (0x24312623) sw gp, 588(sp)
mem[0x8004A4B0] <- 0x00000003


mem[X,0x80011D40] -> 0xB537
mem[X,0x80011D42] -> 0xAAAA
[1580] [M]: 0x80011D40 (0xAAAAB537) lui a0, 699051
x10 <- 0xAAAAB000


mem[X,0x80011D44] -> 0x0513
mem[X,0x80011D46] -> 0xAAA5
[1581] [M]: 0x80011D44 (0xAAA50513) addi a0, a0, 2730
x10 <- 0xAAAAAAAA


mem[X,0x80011D48] -> 0xB5B7
mem[X,0x80011D4A] -> 0x0000
[1582] [M]: 0x80011D48 (0x0000B5B7) lui a1, 11
x11 <- 0x0000B000


mem[X,0x80011D4C] -> 0x8593
mem[X,0x80011D4E] -> 0x5035
[1583] [M]: 0x80011D4C (0x50358593) addi a1, a1, 1283
x11 <- 0x0000B503


mem[X,0x80011D50] -> 0x0193
mem[X,0x80011D52] -> 0x0000
[1584] [M]: 0x80011D50 (0x00000193) addi gp, zero, 0
x3 <- 0x00000000


mem[X,0x80011D54] -> 0x006F
mem[X,0x80011D56] -> 0x2B10
[1585] [M]: 0x80011D54 (0x2B10006F) jal zero, 2736


mem[X,0x80012804] -> 0x7A63
mem[X,0x80012806] -> 0xD4B5
[1586] [M]: 0x80012804 (0xD4B57A63) bgeu a0, a1, 5460


mem[X,0x80011D58] -> 0x8193
mem[X,0x80011D5A] -> 0x0011
[1587] [M]: 0x80011D58 (0x00118193) addi gp, gp, 1
x3 <- 0x00000001


mem[X,0x80011D5C] -> 0x006F
mem[X,0x80011D5E] -> 0x2BD0
[1588] [M]: 0x80011D5C (0x2BD0006F) jal zero, 2748


mem[X,0x80012818] -> 0x2823
mem[X,0x8001281A] -> 0x2431
[1589] [M]: 0x80012818 (0x24312823) sw gp, 592(sp)
mem[0x8004A4B4] <- 0x00000001


mem[X,0x8001281C] -> 0xB537
mem[X,0x8001281E] -> 0xAAAA
[1590] [M]: 0x8001281C (0xAAAAB537) lui a0, 699051
x10 <- 0xAAAAB000


mem[X,0x80012820] -> 0x0513
mem[X,0x80012822] -> 0xAAA5
[1591] [M]: 0x80012820 (0xAAA50513) addi a0, a0, 2730
x10 <- 0xAAAAAAAA


mem[X,0x80012824] -> 0x05B7
mem[X,0x80012826] -> 0x0001
[1592] [M]: 0x80012824 (0x000105B7) lui a1, 16
x11 <- 0x00010000


mem[X,0x80012828] -> 0x8593
mem[X,0x8001282A] -> 0xFFE5
[1593] [M]: 0x80012828 (0xFFE58593) addi a1, a1, 4094
x11 <- 0x0000FFFE


mem[X,0x8001282C] -> 0x0193
mem[X,0x8001282E] -> 0x0000
[1594] [M]: 0x8001282C (0x00000193) addi gp, zero, 0
x3 <- 0x00000000


mem[X,0x80012830] -> 0x006F
mem[X,0x80012832] -> 0x00C0
[1595] [M]: 0x80012830 (0x00C0006F) jal zero, 12


mem[X,0x8001283C] -> 0x7063
mem[X,0x8001283E] -> 0x04B5
[1596] [M]: 0x8001283C (0x04B57063) bgeu a0, a1, 64


mem[X,0x8001287C] -> 0x8193
mem[X,0x8001287E] -> 0x0031
[1597] [M]: 0x8001287C (0x00318193) addi gp, gp, 3
x3 <- 0x00000003


mem[X,0x80012880] -> 0x006F
mem[X,0x80012882] -> 0x0040
[1598] [M]: 0x80012880 (0x0040006F) jal zero, 4


mem[X,0x80012884] -> 0x2A23
mem[X,0x80012886] -> 0x2431
[1599] [M]: 0x80012884 (0x24312A23) sw gp, 596(sp)
mem[0x8004A4B8] <- 0x00000003


clint::tick mtime <- 0x0000000000000010
 clint timer pending at mtime 0x0000000000000010
htif::tick 0x0000000000000000
mem[X,0x80012888] -> 0xB537
mem[X,0x8001288A] -> 0xAAAA
[1600] [M]: 0x80012888 (0xAAAAB537) lui a0, 699051
x10 <- 0xAAAAB000


mem[X,0x8001288C] -> 0x0513
mem[X,0x8001288E] -> 0xAAA5
[1601] [M]: 0x8001288C (0xAAA50513) addi a0, a0, 2730
x10 <- 0xAAAAAAAA


mem[X,0x80012890] -> 0x55B7
mem[X,0x80012892] -> 0x5555
[1602] [M]: 0x80012890 (0x555555B7) lui a1, 349525
x11 <- 0x55555000


mem[X,0x80012894] -> 0x8593
mem[X,0x80012896] -> 0x5565
[1603] [M]: 0x80012894 (0x55658593) addi a1, a1, 1366
x11 <- 0x55555556


mem[X,0x80012898] -> 0x0193
mem[X,0x8001289A] -> 0x0000
[1604] [M]: 0x80012898 (0x00000193) addi gp, zero, 0
x3 <- 0x00000000


mem[X,0x8001289C] -> 0x006F
mem[X,0x8001289E] -> 0x2B10
[1605] [M]: 0x8001289C (0x2B10006F) jal zero, 2736


mem[X,0x8001334C] -> 0x7A63
mem[X,0x8001334E] -> 0xD4B5
[1606] [M]: 0x8001334C (0xD4B57A63) bgeu a0, a1, 5460


mem[X,0x800128A0] -> 0x8193
mem[X,0x800128A2] -> 0x0011
[1607] [M]: 0x800128A0 (0x00118193) addi gp, gp, 1
x3 <- 0x00000001


mem[X,0x800128A4] -> 0x006F
mem[X,0x800128A6] -> 0x2BD0
[1608] [M]: 0x800128A4 (0x2BD0006F) jal zero, 2748


mem[X,0x80013360] -> 0x2C23
mem[X,0x80013362] -> 0x2431
[1609] [M]: 0x80013360 (0x24312C23) sw gp, 600(sp)
mem[0x8004A4BC] <- 0x00000001


mem[X,0x80013364] -> 0xB537
mem[X,0x80013366] -> 0xAAAA
[1610] [M]: 0x80013364 (0xAAAAB537) lui a0, 699051
x10 <- 0xAAAAB000


mem[X,0x80013368] -> 0x0513
mem[X,0x8001336A] -> 0xAAA5
[1611] [M]: 0x80013368 (0xAAA50513) addi a0, a0, 2730
x10 <- 0xAAAAAAAA


mem[X,0x8001336C] -> 0xB5B7
mem[X,0x8001336E] -> 0xAAAA
[1612] [M]: 0x8001336C (0xAAAAB5B7) lui a1, 699051
x11 <- 0xAAAAB000


mem[X,0x80013370] -> 0x8593
mem[X,0x80013372] -> 0xAAB5
[1613] [M]: 0x80013370 (0xAAB58593) addi a1, a1, 2731
x11 <- 0xAAAAAAAB


mem[X,0x80013374] -> 0x0193
mem[X,0x80013376] -> 0x0000
[1614] [M]: 0x80013374 (0x00000193) addi gp, zero, 0
x3 <- 0x00000000


mem[X,0x80013378] -> 0x006F
mem[X,0x8001337A] -> 0x00C0
[1615] [M]: 0x80013378 (0x00C0006F) jal zero, 12


mem[X,0x80013384] -> 0x7063
mem[X,0x80013386] -> 0x20B5
[1616] [M]: 0x80013384 (0x20B57063) bgeu a0, a1, 512


mem[X,0x80013388] -> 0x8193
mem[X,0x8001338A] -> 0x0021
[1617] [M]: 0x80013388 (0x00218193) addi gp, gp, 2
x3 <- 0x00000002


mem[X,0x8001338C] -> 0x006F
mem[X,0x8001338E] -> 0x2000
[1618] [M]: 0x8001338C (0x2000006F) jal zero, 512


mem[X,0x8001358C] -> 0x2E23
mem[X,0x8001358E] -> 0x2431
[1619] [M]: 0x8001358C (0x24312E23) sw gp, 604(sp)
mem[0x8004A4C0] <- 0x00000002


mem[X,0x80013590] -> 0xB537
mem[X,0x80013592] -> 0xAAAA
[1620] [M]: 0x80013590 (0xAAAAB537) lui a0, 699051
x10 <- 0xAAAAB000


mem[X,0x80013594] -> 0x0513
mem[X,0x80013596] -> 0xAAA5
[1621] [M]: 0x80013594 (0xAAA50513) addi a0, a0, 2730
x10 <- 0xAAAAAAAA


mem[X,0x80013598] -> 0x0593
mem[X,0x8001359A] -> 0x0060
[1622] [M]: 0x80013598 (0x00600593) addi a1, zero, 6
x11 <- 0x00000006


mem[X,0x8001359C] -> 0x0193
mem[X,0x8001359E] -> 0x0000
[1623] [M]: 0x8001359C (0x00000193) addi gp, zero, 0
x3 <- 0x00000000


mem[X,0x800135A0] -> 0x006F
mem[X,0x800135A2] -> 0x00C0
[1624] [M]: 0x800135A0 (0x00C0006F) jal zero, 12


mem[X,0x800135AC] -> 0x7063
mem[X,0x800135AE] -> 0x08B5
[1625] [M]: 0x800135AC (0x08B57063) bgeu a0, a1, 128


mem[X,0x8001362C] -> 0x8193
mem[X,0x8001362E] -> 0x0031
[1626] [M]: 0x8001362C (0x00318193) addi gp, gp, 3
x3 <- 0x00000003


mem[X,0x80013630] -> 0x006F
mem[X,0x80013632] -> 0x0040
[1627] [M]: 0x80013630 (0x0040006F) jal zero, 4


mem[X,0x80013634] -> 0x2023
mem[X,0x80013636] -> 0x2631
[1628] [M]: 0x80013634 (0x26312023) sw gp, 608(sp)
mem[0x8004A4C4] <- 0x00000003


mem[X,0x80013638] -> 0xB537
mem[X,0x8001363A] -> 0xAAAA
[1629] [M]: 0x80013638 (0xAAAAB537) lui a0, 699051
x10 <- 0xAAAAB000


mem[X,0x8001363C] -> 0x0513
mem[X,0x8001363E] -> 0xAAA5
[1630] [M]: 0x8001363C (0xAAA50513) addi a0, a0, 2730
x10 <- 0xAAAAAAAA


mem[X,0x80013640] -> 0x35B7
mem[X,0x80013642] -> 0x3333
[1631] [M]: 0x80013640 (0x333335B7) lui a1, 209715
x11 <- 0x33333000


mem[X,0x80013644] -> 0x8593
mem[X,0x80013646] -> 0x3345
[1632] [M]: 0x80013644 (0x33458593) addi a1, a1, 820
x11 <- 0x33333334


mem[X,0x80013648] -> 0x0193
mem[X,0x8001364A] -> 0x0000
[1633] [M]: 0x80013648 (0x00000193) addi gp, zero, 0
x3 <- 0x00000000


mem[X,0x8001364C] -> 0x006F
mem[X,0x8001364E] -> 0x0180
[1634] [M]: 0x8001364C (0x0180006F) jal zero, 24


mem[X,0x80013664] -> 0x76E3
mem[X,0x80013666] -> 0xFEB5
[1635] [M]: 0x80013664 (0xFEB576E3) bgeu a0, a1, 8172


mem[X,0x80013650] -> 0x8193
mem[X,0x80013652] -> 0x0011
[1636] [M]: 0x80013650 (0x00118193) addi gp, gp, 1
x3 <- 0x00000001


mem[X,0x80013654] -> 0x006F
mem[X,0x80013656] -> 0x0240
[1637] [M]: 0x80013654 (0x0240006F) jal zero, 36


mem[X,0x80013678] -> 0x2223
mem[X,0x8001367A] -> 0x2631
[1638] [M]: 0x80013678 (0x26312223) sw gp, 612(sp)
mem[0x8004A4C8] <- 0x00000001


mem[X,0x8001367C] -> 0xB537
mem[X,0x8001367E] -> 0xAAAA
[1639] [M]: 0x8001367C (0xAAAAB537) lui a0, 699051
x10 <- 0xAAAAB000


mem[X,0x80013680] -> 0x0513
mem[X,0x80013682] -> 0xAAA5
[1640] [M]: 0x80013680 (0xAAA50513) addi a0, a0, 2730
x10 <- 0xAAAAAAAA


mem[X,0x80013684] -> 0x65B7
mem[X,0x80013686] -> 0x6666
[1641] [M]: 0x80013684 (0x666665B7) lui a1, 419430
x11 <- 0x66666000


mem[X,0x80013688] -> 0x8593
mem[X,0x8001368A] -> 0x6675
[1642] [M]: 0x80013688 (0x66758593) addi a1, a1, 1639
x11 <- 0x66666667


mem[X,0x8001368C] -> 0x0193
mem[X,0x8001368E] -> 0x0000
[1643] [M]: 0x8001368C (0x00000193) addi gp, zero, 0
x3 <- 0x00000000


mem[X,0x80013690] -> 0x006F
mem[X,0x80013692] -> 0x00C0
[1644] [M]: 0x80013690 (0x00C0006F) jal zero, 12


mem[X,0x8001369C] -> 0x7663
mem[X,0x8001369E] -> 0x00B5
[1645] [M]: 0x8001369C (0x00B57663) bgeu a0, a1, 12


mem[X,0x800136A8] -> 0x8193
mem[X,0x800136AA] -> 0x0031
[1646] [M]: 0x800136A8 (0x00318193) addi gp, gp, 3
x3 <- 0x00000003


mem[X,0x800136AC] -> 0x006F
mem[X,0x800136AE] -> 0x0040
[1647] [M]: 0x800136AC (0x0040006F) jal zero, 4


mem[X,0x800136B0] -> 0x2423
mem[X,0x800136B2] -> 0x2631
[1648] [M]: 0x800136B0 (0x26312423) sw gp, 616(sp)
mem[0x8004A4CC] <- 0x00000003


mem[X,0x800136B4] -> 0xB537
mem[X,0x800136B6] -> 0xAAAA
[1649] [M]: 0x800136B4 (0xAAAAB537) lui a0, 699051
x10 <- 0xAAAAB000


mem[X,0x800136B8] -> 0x0513
mem[X,0x800136BA] -> 0xAAA5
[1650] [M]: 0x800136B8 (0xAAA50513) addi a0, a0, 2730
x10 <- 0xAAAAAAAA


mem[X,0x800136BC] -> 0xB5B7
mem[X,0x800136BE] -> 0x0000
[1651] [M]: 0x800136BC (0x0000B5B7) lui a1, 11
x11 <- 0x0000B000


mem[X,0x800136C0] -> 0x8593
mem[X,0x800136C2] -> 0x5055
[1652] [M]: 0x800136C0 (0x50558593) addi a1, a1, 1285
x11 <- 0x0000B505


mem[X,0x800136C4] -> 0x0193
mem[X,0x800136C6] -> 0x0000
[1653] [M]: 0x800136C4 (0x00000193) addi gp, zero, 0
x3 <- 0x00000000


mem[X,0x800136C8] -> 0x006F
mem[X,0x800136CA] -> 0x00C0
[1654] [M]: 0x800136C8 (0x00C0006F) jal zero, 12


mem[X,0x800136D4] -> 0x7063
mem[X,0x800136D6] -> 0x20B5
[1655] [M]: 0x800136D4 (0x20B57063) bgeu a0, a1, 512


mem[X,0x800138D4] -> 0x8193
mem[X,0x800138D6] -> 0x0031
[1656] [M]: 0x800138D4 (0x00318193) addi gp, gp, 3
x3 <- 0x00000003


mem[X,0x800138D8] -> 0x006F
mem[X,0x800138DA] -> 0x0040
[1657] [M]: 0x800138D8 (0x0040006F) jal zero, 4


mem[X,0x800138DC] -> 0x2623
mem[X,0x800138DE] -> 0x2631
[1658] [M]: 0x800138DC (0x26312623) sw gp, 620(sp)
mem[0x8004A4D0] <- 0x00000003


mem[X,0x800138E0] -> 0xB537
mem[X,0x800138E2] -> 0xAAAA
[1659] [M]: 0x800138E0 (0xAAAAB537) lui a0, 699051
x10 <- 0xAAAAB000


mem[X,0x800138E4] -> 0x0513
mem[X,0x800138E6] -> 0xAAA5
[1660] [M]: 0x800138E4 (0xAAA50513) addi a0, a0, 2730
x10 <- 0xAAAAAAAA


mem[X,0x800138E8] -> 0x0593
mem[X,0x800138EA] -> 0x0010
[1661] [M]: 0x800138E8 (0x00100593) addi a1, zero, 1
x11 <- 0x00000001


mem[X,0x800138EC] -> 0x0193
mem[X,0x800138EE] -> 0x0000
[1662] [M]: 0x800138EC (0x00000193) addi gp, zero, 0
x3 <- 0x00000000


mem[X,0x800138F0] -> 0x006F
mem[X,0x800138F2] -> 0x00C0
[1663] [M]: 0x800138F0 (0x00C0006F) jal zero, 12


mem[X,0x800138FC] -> 0x7663
mem[X,0x800138FE] -> 0x00B5
[1664] [M]: 0x800138FC (0x00B57663) bgeu a0, a1, 12


mem[X,0x80013908] -> 0x8193
mem[X,0x8001390A] -> 0x0031
[1665] [M]: 0x80013908 (0x00318193) addi gp, gp, 3
x3 <- 0x00000003


mem[X,0x8001390C] -> 0x006F
mem[X,0x8001390E] -> 0x0040
[1666] [M]: 0x8001390C (0x0040006F) jal zero, 4


mem[X,0x80013910] -> 0x2823
mem[X,0x80013912] -> 0x2631
[1667] [M]: 0x80013910 (0x26312823) sw gp, 624(sp)
mem[0x8004A4D4] <- 0x00000003


mem[X,0x80013914] -> 0xB537
mem[X,0x80013916] -> 0xAAAA
[1668] [M]: 0x80013914 (0xAAAAB537) lui a0, 699051
x10 <- 0xAAAAB000


mem[X,0x80013918] -> 0x0513
mem[X,0x8001391A] -> 0xAAA5
[1669] [M]: 0x80013918 (0xAAA50513) addi a0, a0, 2730
x10 <- 0xAAAAAAAA


mem[X,0x8001391C] -> 0x05B7
mem[X,0x8001391E] -> 0x0001
[1670] [M]: 0x8001391C (0x000105B7) lui a1, 16
x11 <- 0x00010000


mem[X,0x80013920] -> 0x0193
mem[X,0x80013922] -> 0x0000
[1671] [M]: 0x80013920 (0x00000193) addi gp, zero, 0
x3 <- 0x00000000


mem[X,0x80013924] -> 0x006F
mem[X,0x80013926] -> 0x00C0
[1672] [M]: 0x80013924 (0x00C0006F) jal zero, 12


mem[X,0x80013930] -> 0x7063
mem[X,0x80013932] -> 0x02B5
[1673] [M]: 0x80013930 (0x02B57063) bgeu a0, a1, 32


mem[X,0x80013950] -> 0x8193
mem[X,0x80013952] -> 0x0031
[1674] [M]: 0x80013950 (0x00318193) addi gp, gp, 3
x3 <- 0x00000003


mem[X,0x80013954] -> 0x006F
mem[X,0x80013956] -> 0x0040
[1675] [M]: 0x80013954 (0x0040006F) jal zero, 4


mem[X,0x80013958] -> 0x2A23
mem[X,0x8001395A] -> 0x2631
[1676] [M]: 0x80013958 (0x26312A23) sw gp, 628(sp)
mem[0x8004A4D8] <- 0x00000003


mem[X,0x8001395C] -> 0x0513
mem[X,0x8001395E] -> 0x0050
[1677] [M]: 0x8001395C (0x00500513) addi a0, zero, 5
x10 <- 0x00000005


mem[X,0x80013960] -> 0x0593
mem[X,0x80013962] -> 0x0030
[1678] [M]: 0x80013960 (0x00300593) addi a1, zero, 3
x11 <- 0x00000003


mem[X,0x80013964] -> 0x0193
mem[X,0x80013966] -> 0x0000
[1679] [M]: 0x80013964 (0x00000193) addi gp, zero, 0
x3 <- 0x00000000


mem[X,0x80013968] -> 0x006F
mem[X,0x8001396A] -> 0x00C0
[1680] [M]: 0x80013968 (0x00C0006F) jal zero, 12


mem[X,0x80013974] -> 0x7663
mem[X,0x80013976] -> 0x00B5
[1681] [M]: 0x80013974 (0x00B57663) bgeu a0, a1, 12


mem[X,0x80013980] -> 0x8193
mem[X,0x80013982] -> 0x0031
[1682] [M]: 0x80013980 (0x00318193) addi gp, gp, 3
x3 <- 0x00000003


mem[X,0x80013984] -> 0x006F
mem[X,0x80013986] -> 0x0040
[1683] [M]: 0x80013984 (0x0040006F) jal zero, 4


mem[X,0x80013988] -> 0x2C23
mem[X,0x8001398A] -> 0x2631
[1684] [M]: 0x80013988 (0x26312C23) sw gp, 632(sp)
mem[0x8004A4DC] <- 0x00000003


mem[X,0x8001398C] -> 0x0513
mem[X,0x8001398E] -> 0x0050
[1685] [M]: 0x8001398C (0x00500513) addi a0, zero, 5
x10 <- 0x00000005


mem[X,0x80013990] -> 0x55B7
mem[X,0x80013992] -> 0x5555
[1686] [M]: 0x80013990 (0x555555B7) lui a1, 349525
x11 <- 0x55555000


mem[X,0x80013994] -> 0x8593
mem[X,0x80013996] -> 0x5555
[1687] [M]: 0x80013994 (0x55558593) addi a1, a1, 1365
x11 <- 0x55555555


mem[X,0x80013998] -> 0x0193
mem[X,0x8001399A] -> 0x0000
[1688] [M]: 0x80013998 (0x00000193) addi gp, zero, 0
x3 <- 0x00000000


mem[X,0x8001399C] -> 0x006F
mem[X,0x8001399E] -> 0x00C0
[1689] [M]: 0x8001399C (0x00C0006F) jal zero, 12


mem[X,0x800139A8] -> 0x7063
mem[X,0x800139AA] -> 0x10B5
[1690] [M]: 0x800139A8 (0x10B57063) bgeu a0, a1, 256


mem[X,0x800139AC] -> 0x8193
mem[X,0x800139AE] -> 0x0021
[1691] [M]: 0x800139AC (0x00218193) addi gp, gp, 2
x3 <- 0x00000002


mem[X,0x800139B0] -> 0x006F
mem[X,0x800139B2] -> 0x1000
[1692] [M]: 0x800139B0 (0x1000006F) jal zero, 256


mem[X,0x80013AB0] -> 0x2E23
mem[X,0x80013AB2] -> 0x2631
[1693] [M]: 0x80013AB0 (0x26312E23) sw gp, 636(sp)
mem[0x8004A4E0] <- 0x00000002


mem[X,0x80013AB4] -> 0x0513
mem[X,0x80013AB6] -> 0x0050
[1694] [M]: 0x80013AB4 (0x00500513) addi a0, zero, 5
x10 <- 0x00000005


mem[X,0x80013AB8] -> 0xB5B7
mem[X,0x80013ABA] -> 0xAAAA
[1695] [M]: 0x80013AB8 (0xAAAAB5B7) lui a1, 699051
x11 <- 0xAAAAB000


mem[X,0x80013ABC] -> 0x8593
mem[X,0x80013ABE] -> 0xAAA5
[1696] [M]: 0x80013ABC (0xAAA58593) addi a1, a1, 2730
x11 <- 0xAAAAAAAA


mem[X,0x80013AC0] -> 0x0193
mem[X,0x80013AC2] -> 0x0000
[1697] [M]: 0x80013AC0 (0x00000193) addi gp, zero, 0
x3 <- 0x00000000


mem[X,0x80013AC4] -> 0x006F
mem[X,0x80013AC6] -> 0x00C0
[1698] [M]: 0x80013AC4 (0x00C0006F) jal zero, 12


mem[X,0x80013AD0] -> 0x7663
mem[X,0x80013AD2] -> 0x00B5
[1699] [M]: 0x80013AD0 (0x00B57663) bgeu a0, a1, 12


clint::tick mtime <- 0x0000000000000011
 clint timer pending at mtime 0x0000000000000011
htif::tick 0x0000000000000000
mem[X,0x80013AD4] -> 0x8193
mem[X,0x80013AD6] -> 0x0021
[1700] [M]: 0x80013AD4 (0x00218193) addi gp, gp, 2
x3 <- 0x00000002


mem[X,0x80013AD8] -> 0x006F
mem[X,0x80013ADA] -> 0x00C0
[1701] [M]: 0x80013AD8 (0x00C0006F) jal zero, 12


mem[X,0x80013AE4] -> 0x2023
mem[X,0x80013AE6] -> 0x2831
[1702] [M]: 0x80013AE4 (0x28312023) sw gp, 640(sp)
mem[0x8004A4E4] <- 0x00000002


mem[X,0x80013AE8] -> 0x0513
mem[X,0x80013AEA] -> 0x0050
[1703] [M]: 0x80013AE8 (0x00500513) addi a0, zero, 5
x10 <- 0x00000005


mem[X,0x80013AEC] -> 0x0593
mem[X,0x80013AEE] -> 0x0050
[1704] [M]: 0x80013AEC (0x00500593) addi a1, zero, 5
x11 <- 0x00000005


mem[X,0x80013AF0] -> 0x0193
mem[X,0x80013AF2] -> 0x0000
[1705] [M]: 0x80013AF0 (0x00000193) addi gp, zero, 0
x3 <- 0x00000000


mem[X,0x80013AF4] -> 0x006F
mem[X,0x80013AF6] -> 0x00C0
[1706] [M]: 0x80013AF4 (0x00C0006F) jal zero, 12


mem[X,0x80013B00] -> 0x7663
mem[X,0x80013B02] -> 0x00B5
[1707] [M]: 0x80013B00 (0x00B57663) bgeu a0, a1, 12


mem[X,0x80013B0C] -> 0x8193
mem[X,0x80013B0E] -> 0x0031
[1708] [M]: 0x80013B0C (0x00318193) addi gp, gp, 3
x3 <- 0x00000003


mem[X,0x80013B10] -> 0x006F
mem[X,0x80013B12] -> 0x0040
[1709] [M]: 0x80013B10 (0x0040006F) jal zero, 4


mem[X,0x80013B14] -> 0x2223
mem[X,0x80013B16] -> 0x2831
[1710] [M]: 0x80013B14 (0x28312223) sw gp, 644(sp)
mem[0x8004A4E8] <- 0x00000003


mem[X,0x80013B18] -> 0x0513
mem[X,0x80013B1A] -> 0x0050
[1711] [M]: 0x80013B18 (0x00500513) addi a0, zero, 5
x10 <- 0x00000005


mem[X,0x80013B1C] -> 0x35B7
mem[X,0x80013B1E] -> 0x3333
[1712] [M]: 0x80013B1C (0x333335B7) lui a1, 209715
x11 <- 0x33333000


mem[X,0x80013B20] -> 0x8593
mem[X,0x80013B22] -> 0x3335
[1713] [M]: 0x80013B20 (0x33358593) addi a1, a1, 819
x11 <- 0x33333333


mem[X,0x80013B24] -> 0x0193
mem[X,0x80013B26] -> 0x0000
[1714] [M]: 0x80013B24 (0x00000193) addi gp, zero, 0
x3 <- 0x00000000


mem[X,0x80013B28] -> 0x006F
mem[X,0x80013B2A] -> 0x00C0
[1715] [M]: 0x80013B28 (0x00C0006F) jal zero, 12


mem[X,0x80013B34] -> 0x7063
mem[X,0x80013B36] -> 0x10B5
[1716] [M]: 0x80013B34 (0x10B57063) bgeu a0, a1, 256


mem[X,0x80013B38] -> 0x8193
mem[X,0x80013B3A] -> 0x0021
[1717] [M]: 0x80013B38 (0x00218193) addi gp, gp, 2
x3 <- 0x00000002


mem[X,0x80013B3C] -> 0x006F
mem[X,0x80013B3E] -> 0x1000
[1718] [M]: 0x80013B3C (0x1000006F) jal zero, 256


mem[X,0x80013C3C] -> 0x2423
mem[X,0x80013C3E] -> 0x2831
[1719] [M]: 0x80013C3C (0x28312423) sw gp, 648(sp)
mem[0x8004A4EC] <- 0x00000002


mem[X,0x80013C40] -> 0x0513
mem[X,0x80013C42] -> 0x0050
[1720] [M]: 0x80013C40 (0x00500513) addi a0, zero, 5
x10 <- 0x00000005


mem[X,0x80013C44] -> 0x65B7
mem[X,0x80013C46] -> 0x6666
[1721] [M]: 0x80013C44 (0x666665B7) lui a1, 419430
x11 <- 0x66666000


mem[X,0x80013C48] -> 0x8593
mem[X,0x80013C4A] -> 0x6665
[1722] [M]: 0x80013C48 (0x66658593) addi a1, a1, 1638
x11 <- 0x66666666


mem[X,0x80013C4C] -> 0x0193
mem[X,0x80013C4E] -> 0x0000
[1723] [M]: 0x80013C4C (0x00000193) addi gp, zero, 0
x3 <- 0x00000000


mem[X,0x80013C50] -> 0x006F
mem[X,0x80013C52] -> 0x0140
[1724] [M]: 0x80013C50 (0x0140006F) jal zero, 20


mem[X,0x80013C64] -> 0x78E3
mem[X,0x80013C66] -> 0xFEB5
[1725] [M]: 0x80013C64 (0xFEB578E3) bgeu a0, a1, 8176


mem[X,0x80013C68] -> 0x8193
mem[X,0x80013C6A] -> 0x0021
[1726] [M]: 0x80013C68 (0x00218193) addi gp, gp, 2
x3 <- 0x00000002


mem[X,0x80013C6C] -> 0x006F
mem[X,0x80013C6E] -> 0x00C0
[1727] [M]: 0x80013C6C (0x00C0006F) jal zero, 12


mem[X,0x80013C78] -> 0x2623
mem[X,0x80013C7A] -> 0x2831
[1728] [M]: 0x80013C78 (0x28312623) sw gp, 652(sp)
mem[0x8004A4F0] <- 0x00000002


mem[X,0x80013C7C] -> 0x0513
mem[X,0x80013C7E] -> 0x0050
[1729] [M]: 0x80013C7C (0x00500513) addi a0, zero, 5
x10 <- 0x00000005


mem[X,0x80013C80] -> 0xB5B7
mem[X,0x80013C82] -> 0x0000
[1730] [M]: 0x80013C80 (0x0000B5B7) lui a1, 11
x11 <- 0x0000B000


mem[X,0x80013C84] -> 0x8593
mem[X,0x80013C86] -> 0x5045
[1731] [M]: 0x80013C84 (0x50458593) addi a1, a1, 1284
x11 <- 0x0000B504


mem[X,0x80013C88] -> 0x0193
mem[X,0x80013C8A] -> 0x0000
[1732] [M]: 0x80013C88 (0x00000193) addi gp, zero, 0
x3 <- 0x00000000


mem[X,0x80013C8C] -> 0x006F
mem[X,0x80013C8E] -> 0x00C0
[1733] [M]: 0x80013C8C (0x00C0006F) jal zero, 12


mem[X,0x80013C98] -> 0x7863
mem[X,0x80013C9A] -> 0x00B5
[1734] [M]: 0x80013C98 (0x00B57863) bgeu a0, a1, 16


mem[X,0x80013C9C] -> 0x8193
mem[X,0x80013C9E] -> 0x0021
[1735] [M]: 0x80013C9C (0x00218193) addi gp, gp, 2
x3 <- 0x00000002


mem[X,0x80013CA0] -> 0x006F
mem[X,0x80013CA2] -> 0x0100
[1736] [M]: 0x80013CA0 (0x0100006F) jal zero, 16


mem[X,0x80013CB0] -> 0x2823
mem[X,0x80013CB2] -> 0x2831
[1737] [M]: 0x80013CB0 (0x28312823) sw gp, 656(sp)
mem[0x8004A4F4] <- 0x00000002


mem[X,0x80013CB4] -> 0x0513
mem[X,0x80013CB6] -> 0x0050
[1738] [M]: 0x80013CB4 (0x00500513) addi a0, zero, 5
x10 <- 0x00000005


mem[X,0x80013CB8] -> 0x0593
mem[X,0x80013CBA] -> 0x0000
[1739] [M]: 0x80013CB8 (0x00000593) addi a1, zero, 0
x11 <- 0x00000000


mem[X,0x80013CBC] -> 0x0193
mem[X,0x80013CBE] -> 0x0000
[1740] [M]: 0x80013CBC (0x00000193) addi gp, zero, 0
x3 <- 0x00000000


mem[X,0x80013CC0] -> 0x006F
mem[X,0x80013CC2] -> 0x00C0
[1741] [M]: 0x80013CC0 (0x00C0006F) jal zero, 12


mem[X,0x80013CCC] -> 0x7CE3
mem[X,0x80013CCE] -> 0xFEB5
[1742] [M]: 0x80013CCC (0xFEB57CE3) bgeu a0, a1, 8184


mem[X,0x80013CC4] -> 0x8193
mem[X,0x80013CC6] -> 0x0011
[1743] [M]: 0x80013CC4 (0x00118193) addi gp, gp, 1
x3 <- 0x00000001


mem[X,0x80013CC8] -> 0x006F
mem[X,0x80013CCA] -> 0x0180
[1744] [M]: 0x80013CC8 (0x0180006F) jal zero, 24


mem[X,0x80013CE0] -> 0x2A23
mem[X,0x80013CE2] -> 0x2831
[1745] [M]: 0x80013CE0 (0x28312A23) sw gp, 660(sp)
mem[0x8004A4F8] <- 0x00000001


mem[X,0x80013CE4] -> 0x0513
mem[X,0x80013CE6] -> 0x0050
[1746] [M]: 0x80013CE4 (0x00500513) addi a0, zero, 5
x10 <- 0x00000005


mem[X,0x80013CE8] -> 0x05B7
mem[X,0x80013CEA] -> 0x0001
[1747] [M]: 0x80013CE8 (0x000105B7) lui a1, 16
x11 <- 0x00010000


mem[X,0x80013CEC] -> 0x8593
mem[X,0x80013CEE] -> 0xFFF5
[1748] [M]: 0x80013CEC (0xFFF58593) addi a1, a1, 4095
x11 <- 0x0000FFFF


mem[X,0x80013CF0] -> 0x0193
mem[X,0x80013CF2] -> 0x0000
[1749] [M]: 0x80013CF0 (0x00000193) addi gp, zero, 0
x3 <- 0x00000000


mem[X,0x80013CF4] -> 0x006F
mem[X,0x80013CF6] -> 0x2B10
[1750] [M]: 0x80013CF4 (0x2B10006F) jal zero, 2736


mem[X,0x800147A4] -> 0x7A63
mem[X,0x800147A6] -> 0xD4B5
[1751] [M]: 0x800147A4 (0xD4B57A63) bgeu a0, a1, 5460


mem[X,0x800147A8] -> 0x8193
mem[X,0x800147AA] -> 0x0021
[1752] [M]: 0x800147A8 (0x00218193) addi gp, gp, 2
x3 <- 0x00000002


mem[X,0x800147AC] -> 0x006F
mem[X,0x800147AE] -> 0x00C0
[1753] [M]: 0x800147AC (0x00C0006F) jal zero, 12


mem[X,0x800147B8] -> 0x2C23
mem[X,0x800147BA] -> 0x2831
[1754] [M]: 0x800147B8 (0x28312C23) sw gp, 664(sp)
mem[0x8004A4FC] <- 0x00000002


mem[X,0x800147BC] -> 0x0513
mem[X,0x800147BE] -> 0x0050
[1755] [M]: 0x800147BC (0x00500513) addi a0, zero, 5
x10 <- 0x00000005


mem[X,0x800147C0] -> 0x0593
mem[X,0x800147C2] -> 0x0020
[1756] [M]: 0x800147C0 (0x00200593) addi a1, zero, 2
x11 <- 0x00000002


mem[X,0x800147C4] -> 0x0193
mem[X,0x800147C6] -> 0x0000
[1757] [M]: 0x800147C4 (0x00000193) addi gp, zero, 0
x3 <- 0x00000000


mem[X,0x800147C8] -> 0x006F
mem[X,0x800147CA] -> 0x00C0
[1758] [M]: 0x800147C8 (0x00C0006F) jal zero, 12


mem[X,0x800147D4] -> 0x7063
mem[X,0x800147D6] -> 0x08B5
[1759] [M]: 0x800147D4 (0x08B57063) bgeu a0, a1, 128


mem[X,0x80014854] -> 0x8193
mem[X,0x80014856] -> 0x0031
[1760] [M]: 0x80014854 (0x00318193) addi gp, gp, 3
x3 <- 0x00000003


mem[X,0x80014858] -> 0x006F
mem[X,0x8001485A] -> 0x0040
[1761] [M]: 0x80014858 (0x0040006F) jal zero, 4


mem[X,0x8001485C] -> 0x2E23
mem[X,0x8001485E] -> 0x2831
[1762] [M]: 0x8001485C (0x28312E23) sw gp, 668(sp)
mem[0x8004A500] <- 0x00000003


mem[X,0x80014860] -> 0x0513
mem[X,0x80014862] -> 0x0050
[1763] [M]: 0x80014860 (0x00500513) addi a0, zero, 5
x10 <- 0x00000005


mem[X,0x80014864] -> 0x55B7
mem[X,0x80014866] -> 0x5555
[1764] [M]: 0x80014864 (0x555555B7) lui a1, 349525
x11 <- 0x55555000


mem[X,0x80014868] -> 0x8593
mem[X,0x8001486A] -> 0x5545
[1765] [M]: 0x80014868 (0x55458593) addi a1, a1, 1364
x11 <- 0x55555554


mem[X,0x8001486C] -> 0x0193
mem[X,0x8001486E] -> 0x0000
[1766] [M]: 0x8001486C (0x00000193) addi gp, zero, 0
x3 <- 0x00000000


mem[X,0x80014870] -> 0x006F
mem[X,0x80014872] -> 0x2B10
[1767] [M]: 0x80014870 (0x2B10006F) jal zero, 2736


mem[X,0x80015320] -> 0x7A63
mem[X,0x80015322] -> 0xD4B5
[1768] [M]: 0x80015320 (0xD4B57A63) bgeu a0, a1, 5460


mem[X,0x80015324] -> 0x8193
mem[X,0x80015326] -> 0x0021
[1769] [M]: 0x80015324 (0x00218193) addi gp, gp, 2
x3 <- 0x00000002


mem[X,0x80015328] -> 0x006F
mem[X,0x8001532A] -> 0x00C0
[1770] [M]: 0x80015328 (0x00C0006F) jal zero, 12


mem[X,0x80015334] -> 0x2023
mem[X,0x80015336] -> 0x2A31
[1771] [M]: 0x80015334 (0x2A312023) sw gp, 672(sp)
mem[0x8004A504] <- 0x00000002


mem[X,0x80015338] -> 0x0513
mem[X,0x8001533A] -> 0x0050
[1772] [M]: 0x80015338 (0x00500513) addi a0, zero, 5
x10 <- 0x00000005


mem[X,0x8001533C] -> 0xB5B7
mem[X,0x8001533E] -> 0xAAAA
[1773] [M]: 0x8001533C (0xAAAAB5B7) lui a1, 699051
x11 <- 0xAAAAB000


mem[X,0x80015340] -> 0x8593
mem[X,0x80015342] -> 0xAA95
[1774] [M]: 0x80015340 (0xAA958593) addi a1, a1, 2729
x11 <- 0xAAAAAAA9


mem[X,0x80015344] -> 0x0193
mem[X,0x80015346] -> 0x0000
[1775] [M]: 0x80015344 (0x00000193) addi gp, zero, 0
x3 <- 0x00000000


mem[X,0x80015348] -> 0x006F
mem[X,0x8001534A] -> 0x0100
[1776] [M]: 0x80015348 (0x0100006F) jal zero, 16


mem[X,0x80015358] -> 0x7AE3
mem[X,0x8001535A] -> 0xFEB5
[1777] [M]: 0x80015358 (0xFEB57AE3) bgeu a0, a1, 8180


mem[X,0x8001535C] -> 0x8193
mem[X,0x8001535E] -> 0x0021
[1778] [M]: 0x8001535C (0x00218193) addi gp, gp, 2
x3 <- 0x00000002


mem[X,0x80015360] -> 0x006F
mem[X,0x80015362] -> 0x00C0
[1779] [M]: 0x80015360 (0x00C0006F) jal zero, 12


mem[X,0x8001536C] -> 0x2223
mem[X,0x8001536E] -> 0x2A31
[1780] [M]: 0x8001536C (0x2A312223) sw gp, 676(sp)
mem[0x8004A508] <- 0x00000002


mem[X,0x80015370] -> 0x0513
mem[X,0x80015372] -> 0x0050
[1781] [M]: 0x80015370 (0x00500513) addi a0, zero, 5
x10 <- 0x00000005


mem[X,0x80015374] -> 0x0593
mem[X,0x80015376] -> 0x0040
[1782] [M]: 0x80015374 (0x00400593) addi a1, zero, 4
x11 <- 0x00000004


mem[X,0x80015378] -> 0x0193
mem[X,0x8001537A] -> 0x0000
[1783] [M]: 0x80015378 (0x00000193) addi gp, zero, 0
x3 <- 0x00000000


mem[X,0x8001537C] -> 0x006F
mem[X,0x8001537E] -> 0x00C0
[1784] [M]: 0x8001537C (0x00C0006F) jal zero, 12


mem[X,0x80015388] -> 0x7CE3
mem[X,0x8001538A] -> 0xFEB5
[1785] [M]: 0x80015388 (0xFEB57CE3) bgeu a0, a1, 8184


mem[X,0x80015380] -> 0x8193
mem[X,0x80015382] -> 0x0011
[1786] [M]: 0x80015380 (0x00118193) addi gp, gp, 1
x3 <- 0x00000001


mem[X,0x80015384] -> 0x006F
mem[X,0x80015386] -> 0x0180
[1787] [M]: 0x80015384 (0x0180006F) jal zero, 24


mem[X,0x8001539C] -> 0x2423
mem[X,0x8001539E] -> 0x2A31
[1788] [M]: 0x8001539C (0x2A312423) sw gp, 680(sp)
mem[0x8004A50C] <- 0x00000001


mem[X,0x800153A0] -> 0x0513
mem[X,0x800153A2] -> 0x0050
[1789] [M]: 0x800153A0 (0x00500513) addi a0, zero, 5
x10 <- 0x00000005


mem[X,0x800153A4] -> 0x35B7
mem[X,0x800153A6] -> 0x3333
[1790] [M]: 0x800153A4 (0x333335B7) lui a1, 209715
x11 <- 0x33333000


mem[X,0x800153A8] -> 0x8593
mem[X,0x800153AA] -> 0x3325
[1791] [M]: 0x800153A8 (0x33258593) addi a1, a1, 818
x11 <- 0x33333332


mem[X,0x800153AC] -> 0x0193
mem[X,0x800153AE] -> 0x0000
[1792] [M]: 0x800153AC (0x00000193) addi gp, zero, 0
x3 <- 0x00000000


mem[X,0x800153B0] -> 0x006F
mem[X,0x800153B2] -> 0x00C0
[1793] [M]: 0x800153B0 (0x00C0006F) jal zero, 12


mem[X,0x800153BC] -> 0x7663
mem[X,0x800153BE] -> 0x00B5
[1794] [M]: 0x800153BC (0x00B57663) bgeu a0, a1, 12


mem[X,0x800153C0] -> 0x8193
mem[X,0x800153C2] -> 0x0021
[1795] [M]: 0x800153C0 (0x00218193) addi gp, gp, 2
x3 <- 0x00000002


mem[X,0x800153C4] -> 0x006F
mem[X,0x800153C6] -> 0x00C0
[1796] [M]: 0x800153C4 (0x00C0006F) jal zero, 12


mem[X,0x800153D0] -> 0x2623
mem[X,0x800153D2] -> 0x2A31
[1797] [M]: 0x800153D0 (0x2A312623) sw gp, 684(sp)
mem[0x8004A510] <- 0x00000002


mem[X,0x800153D4] -> 0x0513
mem[X,0x800153D6] -> 0x0050
[1798] [M]: 0x800153D4 (0x00500513) addi a0, zero, 5
x10 <- 0x00000005


mem[X,0x800153D8] -> 0x65B7
mem[X,0x800153DA] -> 0x6666
[1799] [M]: 0x800153D8 (0x666665B7) lui a1, 419430
x11 <- 0x66666000


clint::tick mtime <- 0x0000000000000012
 clint timer pending at mtime 0x0000000000000012
htif::tick 0x0000000000000000
mem[X,0x800153DC] -> 0x8593
mem[X,0x800153DE] -> 0x6655
[1800] [M]: 0x800153DC (0x66558593) addi a1, a1, 1637
x11 <- 0x66666665


mem[X,0x800153E0] -> 0x0193
mem[X,0x800153E2] -> 0x0000
[1801] [M]: 0x800153E0 (0x00000193) addi gp, zero, 0
x3 <- 0x00000000


mem[X,0x800153E4] -> 0x006F
mem[X,0x800153E6] -> 0x00C0
[1802] [M]: 0x800153E4 (0x00C0006F) jal zero, 12


mem[X,0x800153F0] -> 0x7063
mem[X,0x800153F2] -> 0x40B5
[1803] [M]: 0x800153F0 (0x40B57063) bgeu a0, a1, 1024


mem[X,0x800153F4] -> 0x8193
mem[X,0x800153F6] -> 0x0021
[1804] [M]: 0x800153F4 (0x00218193) addi gp, gp, 2
x3 <- 0x00000002


mem[X,0x800153F8] -> 0x006F
mem[X,0x800153FA] -> 0x4000
[1805] [M]: 0x800153F8 (0x4000006F) jal zero, 1024


mem[X,0x800157F8] -> 0x2823
mem[X,0x800157FA] -> 0x2A31
[1806] [M]: 0x800157F8 (0x2A312823) sw gp, 688(sp)
mem[0x8004A514] <- 0x00000002


mem[X,0x800157FC] -> 0x0513
mem[X,0x800157FE] -> 0x0050
[1807] [M]: 0x800157FC (0x00500513) addi a0, zero, 5
x10 <- 0x00000005


mem[X,0x80015800] -> 0xB5B7
mem[X,0x80015802] -> 0x0000
[1808] [M]: 0x80015800 (0x0000B5B7) lui a1, 11
x11 <- 0x0000B000


mem[X,0x80015804] -> 0x8593
mem[X,0x80015806] -> 0x5035
[1809] [M]: 0x80015804 (0x50358593) addi a1, a1, 1283
x11 <- 0x0000B503


mem[X,0x80015808] -> 0x0193
mem[X,0x8001580A] -> 0x0000
[1810] [M]: 0x80015808 (0x00000193) addi gp, zero, 0
x3 <- 0x00000000


mem[X,0x8001580C] -> 0x006F
mem[X,0x8001580E] -> 0x00C0
[1811] [M]: 0x8001580C (0x00C0006F) jal zero, 12


mem[X,0x80015818] -> 0x7063
mem[X,0x8001581A] -> 0x08B5
[1812] [M]: 0x80015818 (0x08B57063) bgeu a0, a1, 128


mem[X,0x8001581C] -> 0x8193
mem[X,0x8001581E] -> 0x0021
[1813] [M]: 0x8001581C (0x00218193) addi gp, gp, 2
x3 <- 0x00000002


mem[X,0x80015820] -> 0x006F
mem[X,0x80015822] -> 0x0800
[1814] [M]: 0x80015820 (0x0800006F) jal zero, 128


mem[X,0x800158A0] -> 0x2A23
mem[X,0x800158A2] -> 0x2A31
[1815] [M]: 0x800158A0 (0x2A312A23) sw gp, 692(sp)
mem[0x8004A518] <- 0x00000002


mem[X,0x800158A4] -> 0x0513
mem[X,0x800158A6] -> 0x0050
[1816] [M]: 0x800158A4 (0x00500513) addi a0, zero, 5
x10 <- 0x00000005


mem[X,0x800158A8] -> 0x05B7
mem[X,0x800158AA] -> 0x0001
[1817] [M]: 0x800158A8 (0x000105B7) lui a1, 16
x11 <- 0x00010000


mem[X,0x800158AC] -> 0x8593
mem[X,0x800158AE] -> 0xFFE5
[1818] [M]: 0x800158AC (0xFFE58593) addi a1, a1, 4094
x11 <- 0x0000FFFE


mem[X,0x800158B0] -> 0x0193
mem[X,0x800158B2] -> 0x0000
[1819] [M]: 0x800158B0 (0x00000193) addi gp, zero, 0
x3 <- 0x00000000


mem[X,0x800158B4] -> 0x006F
mem[X,0x800158B6] -> 0x00C0
[1820] [M]: 0x800158B4 (0x00C0006F) jal zero, 12


mem[X,0x800158C0] -> 0x7CE3
mem[X,0x800158C2] -> 0xFEB5
[1821] [M]: 0x800158C0 (0xFEB57CE3) bgeu a0, a1, 8184


mem[X,0x800158C4] -> 0x8193
mem[X,0x800158C6] -> 0x0021
[1822] [M]: 0x800158C4 (0x00218193) addi gp, gp, 2
x3 <- 0x00000002


mem[X,0x800158C8] -> 0x006F
mem[X,0x800158CA] -> 0x00C0
[1823] [M]: 0x800158C8 (0x00C0006F) jal zero, 12


mem[X,0x800158D4] -> 0x2C23
mem[X,0x800158D6] -> 0x2A31
[1824] [M]: 0x800158D4 (0x2A312C23) sw gp, 696(sp)
mem[0x8004A51C] <- 0x00000002


mem[X,0x800158D8] -> 0x0513
mem[X,0x800158DA] -> 0x0050
[1825] [M]: 0x800158D8 (0x00500513) addi a0, zero, 5
x10 <- 0x00000005


mem[X,0x800158DC] -> 0x55B7
mem[X,0x800158DE] -> 0x5555
[1826] [M]: 0x800158DC (0x555555B7) lui a1, 349525
x11 <- 0x55555000


mem[X,0x800158E0] -> 0x8593
mem[X,0x800158E2] -> 0x5565
[1827] [M]: 0x800158E0 (0x55658593) addi a1, a1, 1366
x11 <- 0x55555556


mem[X,0x800158E4] -> 0x0193
mem[X,0x800158E6] -> 0x0000
[1828] [M]: 0x800158E4 (0x00000193) addi gp, zero, 0
x3 <- 0x00000000


mem[X,0x800158E8] -> 0x006F
mem[X,0x800158EA] -> 0x00C0
[1829] [M]: 0x800158E8 (0x00C0006F) jal zero, 12


mem[X,0x800158F4] -> 0x7063
mem[X,0x800158F6] -> 0x40B5
[1830] [M]: 0x800158F4 (0x40B57063) bgeu a0, a1, 1024


mem[X,0x800158F8] -> 0x8193
mem[X,0x800158FA] -> 0x0021
[1831] [M]: 0x800158F8 (0x00218193) addi gp, gp, 2
x3 <- 0x00000002


mem[X,0x800158FC] -> 0x006F
mem[X,0x800158FE] -> 0x4000
[1832] [M]: 0x800158FC (0x4000006F) jal zero, 1024


mem[X,0x80015CFC] -> 0x2E23
mem[X,0x80015CFE] -> 0x2A31
[1833] [M]: 0x80015CFC (0x2A312E23) sw gp, 700(sp)
mem[0x8004A520] <- 0x00000002


mem[X,0x80015D00] -> 0x0513
mem[X,0x80015D02] -> 0x0050
[1834] [M]: 0x80015D00 (0x00500513) addi a0, zero, 5
x10 <- 0x00000005


mem[X,0x80015D04] -> 0xB5B7
mem[X,0x80015D06] -> 0xAAAA
[1835] [M]: 0x80015D04 (0xAAAAB5B7) lui a1, 699051
x11 <- 0xAAAAB000


mem[X,0x80015D08] -> 0x8593
mem[X,0x80015D0A] -> 0xAAB5
[1836] [M]: 0x80015D08 (0xAAB58593) addi a1, a1, 2731
x11 <- 0xAAAAAAAB


mem[X,0x80015D0C] -> 0x0193
mem[X,0x80015D0E] -> 0x0000
[1837] [M]: 0x80015D0C (0x00000193) addi gp, zero, 0
x3 <- 0x00000000


mem[X,0x80015D10] -> 0x006F
mem[X,0x80015D12] -> 0x00C0
[1838] [M]: 0x80015D10 (0x00C0006F) jal zero, 12


mem[X,0x80015D1C] -> 0x7663
mem[X,0x80015D1E] -> 0x00B5
[1839] [M]: 0x80015D1C (0x00B57663) bgeu a0, a1, 12


mem[X,0x80015D20] -> 0x8193
mem[X,0x80015D22] -> 0x0021
[1840] [M]: 0x80015D20 (0x00218193) addi gp, gp, 2
x3 <- 0x00000002


mem[X,0x80015D24] -> 0x006F
mem[X,0x80015D26] -> 0x00C0
[1841] [M]: 0x80015D24 (0x00C0006F) jal zero, 12


mem[X,0x80015D30] -> 0x2023
mem[X,0x80015D32] -> 0x2C31
[1842] [M]: 0x80015D30 (0x2C312023) sw gp, 704(sp)
mem[0x8004A524] <- 0x00000002


mem[X,0x80015D34] -> 0x0513
mem[X,0x80015D36] -> 0x0050
[1843] [M]: 0x80015D34 (0x00500513) addi a0, zero, 5
x10 <- 0x00000005


mem[X,0x80015D38] -> 0x0593
mem[X,0x80015D3A] -> 0x0060
[1844] [M]: 0x80015D38 (0x00600593) addi a1, zero, 6
x11 <- 0x00000006


mem[X,0x80015D3C] -> 0x0193
mem[X,0x80015D3E] -> 0x0000
[1845] [M]: 0x80015D3C (0x00000193) addi gp, zero, 0
x3 <- 0x00000000


mem[X,0x80015D40] -> 0x006F
mem[X,0x80015D42] -> 0x00C0
[1846] [M]: 0x80015D40 (0x00C0006F) jal zero, 12


mem[X,0x80015D4C] -> 0x7663
mem[X,0x80015D4E] -> 0x00B5
[1847] [M]: 0x80015D4C (0x00B57663) bgeu a0, a1, 12


mem[X,0x80015D50] -> 0x8193
mem[X,0x80015D52] -> 0x0021
[1848] [M]: 0x80015D50 (0x00218193) addi gp, gp, 2
x3 <- 0x00000002


mem[X,0x80015D54] -> 0x006F
mem[X,0x80015D56] -> 0x00C0
[1849] [M]: 0x80015D54 (0x00C0006F) jal zero, 12


mem[X,0x80015D60] -> 0x2223
mem[X,0x80015D62] -> 0x2C31
[1850] [M]: 0x80015D60 (0x2C312223) sw gp, 708(sp)
mem[0x8004A528] <- 0x00000002


mem[X,0x80015D64] -> 0x0513
mem[X,0x80015D66] -> 0x0050
[1851] [M]: 0x80015D64 (0x00500513) addi a0, zero, 5
x10 <- 0x00000005


mem[X,0x80015D68] -> 0x35B7
mem[X,0x80015D6A] -> 0x3333
[1852] [M]: 0x80015D68 (0x333335B7) lui a1, 209715
x11 <- 0x33333000


mem[X,0x80015D6C] -> 0x8593
mem[X,0x80015D6E] -> 0x3345
[1853] [M]: 0x80015D6C (0x33458593) addi a1, a1, 820
x11 <- 0x33333334


mem[X,0x80015D70] -> 0x0193
mem[X,0x80015D72] -> 0x0000
[1854] [M]: 0x80015D70 (0x00000193) addi gp, zero, 0
x3 <- 0x00000000


mem[X,0x80015D74] -> 0x006F
mem[X,0x80015D76] -> 0x00C0
[1855] [M]: 0x80015D74 (0x00C0006F) jal zero, 12


mem[X,0x80015D80] -> 0x7663
mem[X,0x80015D82] -> 0x00B5
[1856] [M]: 0x80015D80 (0x00B57663) bgeu a0, a1, 12


mem[X,0x80015D84] -> 0x8193
mem[X,0x80015D86] -> 0x0021
[1857] [M]: 0x80015D84 (0x00218193) addi gp, gp, 2
x3 <- 0x00000002


mem[X,0x80015D88] -> 0x006F
mem[X,0x80015D8A] -> 0x00C0
[1858] [M]: 0x80015D88 (0x00C0006F) jal zero, 12


mem[X,0x80015D94] -> 0x2423
mem[X,0x80015D96] -> 0x2C31
[1859] [M]: 0x80015D94 (0x2C312423) sw gp, 712(sp)
mem[0x8004A52C] <- 0x00000002


mem[X,0x80015D98] -> 0x0513
mem[X,0x80015D9A] -> 0x0050
[1860] [M]: 0x80015D98 (0x00500513) addi a0, zero, 5
x10 <- 0x00000005


mem[X,0x80015D9C] -> 0x65B7
mem[X,0x80015D9E] -> 0x6666
[1861] [M]: 0x80015D9C (0x666665B7) lui a1, 419430
x11 <- 0x66666000


mem[X,0x80015DA0] -> 0x8593
mem[X,0x80015DA2] -> 0x6675
[1862] [M]: 0x80015DA0 (0x66758593) addi a1, a1, 1639
x11 <- 0x66666667


mem[X,0x80015DA4] -> 0x0193
mem[X,0x80015DA6] -> 0x0000
[1863] [M]: 0x80015DA4 (0x00000193) addi gp, zero, 0
x3 <- 0x00000000


mem[X,0x80015DA8] -> 0x006F
mem[X,0x80015DAA] -> 0x00C0
[1864] [M]: 0x80015DA8 (0x00C0006F) jal zero, 12


mem[X,0x80015DB4] -> 0x7063
mem[X,0x80015DB6] -> 0x04B5
[1865] [M]: 0x80015DB4 (0x04B57063) bgeu a0, a1, 64


mem[X,0x80015DB8] -> 0x8193
mem[X,0x80015DBA] -> 0x0021
[1866] [M]: 0x80015DB8 (0x00218193) addi gp, gp, 2
x3 <- 0x00000002


mem[X,0x80015DBC] -> 0x006F
mem[X,0x80015DBE] -> 0x0400
[1867] [M]: 0x80015DBC (0x0400006F) jal zero, 64


mem[X,0x80015DFC] -> 0x2623
mem[X,0x80015DFE] -> 0x2C31
[1868] [M]: 0x80015DFC (0x2C312623) sw gp, 716(sp)
mem[0x8004A530] <- 0x00000002


mem[X,0x80015E00] -> 0x0513
mem[X,0x80015E02] -> 0x0050
[1869] [M]: 0x80015E00 (0x00500513) addi a0, zero, 5
x10 <- 0x00000005


mem[X,0x80015E04] -> 0xB5B7
mem[X,0x80015E06] -> 0x0000
[1870] [M]: 0x80015E04 (0x0000B5B7) lui a1, 11
x11 <- 0x0000B000


mem[X,0x80015E08] -> 0x8593
mem[X,0x80015E0A] -> 0x5055
[1871] [M]: 0x80015E08 (0x50558593) addi a1, a1, 1285
x11 <- 0x0000B505


mem[X,0x80015E0C] -> 0x0193
mem[X,0x80015E0E] -> 0x0000
[1872] [M]: 0x80015E0C (0x00000193) addi gp, zero, 0
x3 <- 0x00000000


mem[X,0x80015E10] -> 0x006F
mem[X,0x80015E12] -> 0x00C0
[1873] [M]: 0x80015E10 (0x00C0006F) jal zero, 12


mem[X,0x80015E1C] -> 0x7063
mem[X,0x80015E1E] -> 0x02B5
[1874] [M]: 0x80015E1C (0x02B57063) bgeu a0, a1, 32


mem[X,0x80015E20] -> 0x8193
mem[X,0x80015E22] -> 0x0021
[1875] [M]: 0x80015E20 (0x00218193) addi gp, gp, 2
x3 <- 0x00000002


mem[X,0x80015E24] -> 0x006F
mem[X,0x80015E26] -> 0x0200
[1876] [M]: 0x80015E24 (0x0200006F) jal zero, 32


mem[X,0x80015E44] -> 0x2823
mem[X,0x80015E46] -> 0x2C31
[1877] [M]: 0x80015E44 (0x2C312823) sw gp, 720(sp)
mem[0x8004A534] <- 0x00000002


mem[X,0x80015E48] -> 0x0513
mem[X,0x80015E4A] -> 0x0050
[1878] [M]: 0x80015E48 (0x00500513) addi a0, zero, 5
x10 <- 0x00000005


mem[X,0x80015E4C] -> 0x0593
mem[X,0x80015E4E] -> 0x0010
[1879] [M]: 0x80015E4C (0x00100593) addi a1, zero, 1
x11 <- 0x00000001


mem[X,0x80015E50] -> 0x0193
mem[X,0x80015E52] -> 0x0000
[1880] [M]: 0x80015E50 (0x00000193) addi gp, zero, 0
x3 <- 0x00000000


mem[X,0x80015E54] -> 0x006F
mem[X,0x80015E56] -> 0x00C0
[1881] [M]: 0x80015E54 (0x00C0006F) jal zero, 12


mem[X,0x80015E60] -> 0x7063
mem[X,0x80015E62] -> 0x10B5
[1882] [M]: 0x80015E60 (0x10B57063) bgeu a0, a1, 256


mem[X,0x80015F60] -> 0x8193
mem[X,0x80015F62] -> 0x0031
[1883] [M]: 0x80015F60 (0x00318193) addi gp, gp, 3
x3 <- 0x00000003


mem[X,0x80015F64] -> 0x006F
mem[X,0x80015F66] -> 0x0040
[1884] [M]: 0x80015F64 (0x0040006F) jal zero, 4


mem[X,0x80015F68] -> 0x2A23
mem[X,0x80015F6A] -> 0x2C31
[1885] [M]: 0x80015F68 (0x2C312A23) sw gp, 724(sp)
mem[0x8004A538] <- 0x00000003


mem[X,0x80015F6C] -> 0x0513
mem[X,0x80015F6E] -> 0x0050
[1886] [M]: 0x80015F6C (0x00500513) addi a0, zero, 5
x10 <- 0x00000005


mem[X,0x80015F70] -> 0x05B7
mem[X,0x80015F72] -> 0x0001
[1887] [M]: 0x80015F70 (0x000105B7) lui a1, 16
x11 <- 0x00010000


mem[X,0x80015F74] -> 0x0193
mem[X,0x80015F76] -> 0x0000
[1888] [M]: 0x80015F74 (0x00000193) addi gp, zero, 0
x3 <- 0x00000000


mem[X,0x80015F78] -> 0x006F
mem[X,0x80015F7A] -> 0x00C0
[1889] [M]: 0x80015F78 (0x00C0006F) jal zero, 12


mem[X,0x80015F84] -> 0x7063
mem[X,0x80015F86] -> 0x08B5
[1890] [M]: 0x80015F84 (0x08B57063) bgeu a0, a1, 128


mem[X,0x80015F88] -> 0x8193
mem[X,0x80015F8A] -> 0x0021
[1891] [M]: 0x80015F88 (0x00218193) addi gp, gp, 2
x3 <- 0x00000002


mem[X,0x80015F8C] -> 0x006F
mem[X,0x80015F8E] -> 0x0800
[1892] [M]: 0x80015F8C (0x0800006F) jal zero, 128


mem[X,0x8001600C] -> 0x2C23
mem[X,0x8001600E] -> 0x2C31
[1893] [M]: 0x8001600C (0x2C312C23) sw gp, 728(sp)
mem[0x8004A53C] <- 0x00000002


mem[X,0x80016010] -> 0x3537
mem[X,0x80016012] -> 0x3333
[1894] [M]: 0x80016010 (0x33333537) lui a0, 209715
x10 <- 0x33333000


mem[X,0x80016014] -> 0x0513
mem[X,0x80016016] -> 0x3335
[1895] [M]: 0x80016014 (0x33350513) addi a0, a0, 819
x10 <- 0x33333333


mem[X,0x80016018] -> 0x0593
mem[X,0x8001601A] -> 0x0030
[1896] [M]: 0x80016018 (0x00300593) addi a1, zero, 3
x11 <- 0x00000003


mem[X,0x8001601C] -> 0x0193
mem[X,0x8001601E] -> 0x0000
[1897] [M]: 0x8001601C (0x00000193) addi gp, zero, 0
x3 <- 0x00000000


mem[X,0x80016020] -> 0x006F
mem[X,0x80016022] -> 0x0050
[1898] [M]: 0x80016020 (0x0050006F) jal zero, 2052


mem[X,0x80016824] -> 0x70E3
mem[X,0x80016826] -> 0x80B5
[1899] [M]: 0x80016824 (0x80B570E3) bgeu a0, a1, 6144


clint::tick mtime <- 0x0000000000000013
 clint timer pending at mtime 0x0000000000000013
htif::tick 0x0000000000000000
mem[X,0x80016024] -> 0x8193
mem[X,0x80016026] -> 0x0011
[1900] [M]: 0x80016024 (0x00118193) addi gp, gp, 1
x3 <- 0x00000001


mem[X,0x80016028] -> 0x006F
mem[X,0x8001602A] -> 0x0110
[1901] [M]: 0x80016028 (0x0110006F) jal zero, 2064


mem[X,0x80016838] -> 0x2E23
mem[X,0x8001683A] -> 0x2C31
[1902] [M]: 0x80016838 (0x2C312E23) sw gp, 732(sp)
mem[0x8004A540] <- 0x00000001


mem[X,0x8001683C] -> 0x3537
mem[X,0x8001683E] -> 0x3333
[1903] [M]: 0x8001683C (0x33333537) lui a0, 209715
x10 <- 0x33333000


mem[X,0x80016840] -> 0x0513
mem[X,0x80016842] -> 0x3335
[1904] [M]: 0x80016840 (0x33350513) addi a0, a0, 819
x10 <- 0x33333333


mem[X,0x80016844] -> 0x55B7
mem[X,0x80016846] -> 0x5555
[1905] [M]: 0x80016844 (0x555555B7) lui a1, 349525
x11 <- 0x55555000


mem[X,0x80016848] -> 0x8593
mem[X,0x8001684A] -> 0x5555
[1906] [M]: 0x80016848 (0x55558593) addi a1, a1, 1365
x11 <- 0x55555555


mem[X,0x8001684C] -> 0x0193
mem[X,0x8001684E] -> 0x0000
[1907] [M]: 0x8001684C (0x00000193) addi gp, zero, 0
x3 <- 0x00000000


mem[X,0x80016850] -> 0x006F
mem[X,0x80016852] -> 0x00C0
[1908] [M]: 0x80016850 (0x00C0006F) jal zero, 12


mem[X,0x8001685C] -> 0x7063
mem[X,0x8001685E] -> 0x10B5
[1909] [M]: 0x8001685C (0x10B57063) bgeu a0, a1, 256


mem[X,0x80016860] -> 0x8193
mem[X,0x80016862] -> 0x0021
[1910] [M]: 0x80016860 (0x00218193) addi gp, gp, 2
x3 <- 0x00000002


mem[X,0x80016864] -> 0x006F
mem[X,0x80016866] -> 0x1000
[1911] [M]: 0x80016864 (0x1000006F) jal zero, 256


mem[X,0x80016964] -> 0x2023
mem[X,0x80016966] -> 0x2E31
[1912] [M]: 0x80016964 (0x2E312023) sw gp, 736(sp)
mem[0x8004A544] <- 0x00000002


mem[X,0x80016968] -> 0x3537
mem[X,0x8001696A] -> 0x3333
[1913] [M]: 0x80016968 (0x33333537) lui a0, 209715
x10 <- 0x33333000


mem[X,0x8001696C] -> 0x0513
mem[X,0x8001696E] -> 0x3335
[1914] [M]: 0x8001696C (0x33350513) addi a0, a0, 819
x10 <- 0x33333333


mem[X,0x80016970] -> 0xB5B7
mem[X,0x80016972] -> 0xAAAA
[1915] [M]: 0x80016970 (0xAAAAB5B7) lui a1, 699051
x11 <- 0xAAAAB000


mem[X,0x80016974] -> 0x8593
mem[X,0x80016976] -> 0xAAA5
[1916] [M]: 0x80016974 (0xAAA58593) addi a1, a1, 2730
x11 <- 0xAAAAAAAA


mem[X,0x80016978] -> 0x0193
mem[X,0x8001697A] -> 0x0000
[1917] [M]: 0x80016978 (0x00000193) addi gp, zero, 0
x3 <- 0x00000000


mem[X,0x8001697C] -> 0x006F
mem[X,0x8001697E] -> 0x00C0
[1918] [M]: 0x8001697C (0x00C0006F) jal zero, 12


mem[X,0x80016988] -> 0x7663
mem[X,0x8001698A] -> 0x00B5
[1919] [M]: 0x80016988 (0x00B57663) bgeu a0, a1, 12


mem[X,0x8001698C] -> 0x8193
mem[X,0x8001698E] -> 0x0021
[1920] [M]: 0x8001698C (0x00218193) addi gp, gp, 2
x3 <- 0x00000002


mem[X,0x80016990] -> 0x006F
mem[X,0x80016992] -> 0x00C0
[1921] [M]: 0x80016990 (0x00C0006F) jal zero, 12


mem[X,0x8001699C] -> 0x2223
mem[X,0x8001699E] -> 0x2E31
[1922] [M]: 0x8001699C (0x2E312223) sw gp, 740(sp)
mem[0x8004A548] <- 0x00000002


mem[X,0x800169A0] -> 0x3537
mem[X,0x800169A2] -> 0x3333
[1923] [M]: 0x800169A0 (0x33333537) lui a0, 209715
x10 <- 0x33333000


mem[X,0x800169A4] -> 0x0513
mem[X,0x800169A6] -> 0x3335
[1924] [M]: 0x800169A4 (0x33350513) addi a0, a0, 819
x10 <- 0x33333333


mem[X,0x800169A8] -> 0x0593
mem[X,0x800169AA] -> 0x0050
[1925] [M]: 0x800169A8 (0x00500593) addi a1, zero, 5
x11 <- 0x00000005


mem[X,0x800169AC] -> 0x0193
mem[X,0x800169AE] -> 0x0000
[1926] [M]: 0x800169AC (0x00000193) addi gp, zero, 0
x3 <- 0x00000000


mem[X,0x800169B0] -> 0x006F
mem[X,0x800169B2] -> 0x00C0
[1927] [M]: 0x800169B0 (0x00C0006F) jal zero, 12


mem[X,0x800169BC] -> 0x7063
mem[X,0x800169BE] -> 0x10B5
[1928] [M]: 0x800169BC (0x10B57063) bgeu a0, a1, 256


mem[X,0x80016ABC] -> 0x8193
mem[X,0x80016ABE] -> 0x0031
[1929] [M]: 0x80016ABC (0x00318193) addi gp, gp, 3
x3 <- 0x00000003


mem[X,0x80016AC0] -> 0x006F
mem[X,0x80016AC2] -> 0x0040
[1930] [M]: 0x80016AC0 (0x0040006F) jal zero, 4


mem[X,0x80016AC4] -> 0x2423
mem[X,0x80016AC6] -> 0x2E31
[1931] [M]: 0x80016AC4 (0x2E312423) sw gp, 744(sp)
mem[0x8004A54C] <- 0x00000003


mem[X,0x80016AC8] -> 0x3537
mem[X,0x80016ACA] -> 0x3333
[1932] [M]: 0x80016AC8 (0x33333537) lui a0, 209715
x10 <- 0x33333000


mem[X,0x80016ACC] -> 0x0513
mem[X,0x80016ACE] -> 0x3335
[1933] [M]: 0x80016ACC (0x33350513) addi a0, a0, 819
x10 <- 0x33333333


mem[X,0x80016AD0] -> 0x35B7
mem[X,0x80016AD2] -> 0x3333
[1934] [M]: 0x80016AD0 (0x333335B7) lui a1, 209715
x11 <- 0x33333000


mem[X,0x80016AD4] -> 0x8593
mem[X,0x80016AD6] -> 0x3335
[1935] [M]: 0x80016AD4 (0x33358593) addi a1, a1, 819
x11 <- 0x33333333


mem[X,0x80016AD8] -> 0x0193
mem[X,0x80016ADA] -> 0x0000
[1936] [M]: 0x80016AD8 (0x00000193) addi gp, zero, 0
x3 <- 0x00000000


mem[X,0x80016ADC] -> 0x006F
mem[X,0x80016ADE] -> 0x00C0
[1937] [M]: 0x80016ADC (0x00C0006F) jal zero, 12


mem[X,0x80016AE8] -> 0x7663
mem[X,0x80016AEA] -> 0x00B5
[1938] [M]: 0x80016AE8 (0x00B57663) bgeu a0, a1, 12


mem[X,0x80016AF4] -> 0x8193
mem[X,0x80016AF6] -> 0x0031
[1939] [M]: 0x80016AF4 (0x00318193) addi gp, gp, 3
x3 <- 0x00000003


mem[X,0x80016AF8] -> 0x006F
mem[X,0x80016AFA] -> 0x0040
[1940] [M]: 0x80016AF8 (0x0040006F) jal zero, 4


mem[X,0x80016AFC] -> 0x2623
mem[X,0x80016AFE] -> 0x2E31
[1941] [M]: 0x80016AFC (0x2E312623) sw gp, 748(sp)
mem[0x8004A550] <- 0x00000003


mem[X,0x80016B00] -> 0x3537
mem[X,0x80016B02] -> 0x3333
[1942] [M]: 0x80016B00 (0x33333537) lui a0, 209715
x10 <- 0x33333000


mem[X,0x80016B04] -> 0x0513
mem[X,0x80016B06] -> 0x3335
[1943] [M]: 0x80016B04 (0x33350513) addi a0, a0, 819
x10 <- 0x33333333


mem[X,0x80016B08] -> 0x65B7
mem[X,0x80016B0A] -> 0x6666
[1944] [M]: 0x80016B08 (0x666665B7) lui a1, 419430
x11 <- 0x66666000


mem[X,0x80016B0C] -> 0x8593
mem[X,0x80016B0E] -> 0x6665
[1945] [M]: 0x80016B0C (0x66658593) addi a1, a1, 1638
x11 <- 0x66666666


mem[X,0x80016B10] -> 0x0193
mem[X,0x80016B12] -> 0x0000
[1946] [M]: 0x80016B10 (0x00000193) addi gp, zero, 0
x3 <- 0x00000000


mem[X,0x80016B14] -> 0x006F
mem[X,0x80016B16] -> 0x00C0
[1947] [M]: 0x80016B14 (0x00C0006F) jal zero, 12


mem[X,0x80016B20] -> 0x7063
mem[X,0x80016B22] -> 0x02B5
[1948] [M]: 0x80016B20 (0x02B57063) bgeu a0, a1, 32


mem[X,0x80016B24] -> 0x8193
mem[X,0x80016B26] -> 0x0021
[1949] [M]: 0x80016B24 (0x00218193) addi gp, gp, 2
x3 <- 0x00000002


mem[X,0x80016B28] -> 0x006F
mem[X,0x80016B2A] -> 0x0200
[1950] [M]: 0x80016B28 (0x0200006F) jal zero, 32


mem[X,0x80016B48] -> 0x2823
mem[X,0x80016B4A] -> 0x2E31
[1951] [M]: 0x80016B48 (0x2E312823) sw gp, 752(sp)
mem[0x8004A554] <- 0x00000002


mem[X,0x80016B4C] -> 0x3537
mem[X,0x80016B4E] -> 0x3333
[1952] [M]: 0x80016B4C (0x33333537) lui a0, 209715
x10 <- 0x33333000


mem[X,0x80016B50] -> 0x0513
mem[X,0x80016B52] -> 0x3335
[1953] [M]: 0x80016B50 (0x33350513) addi a0, a0, 819
x10 <- 0x33333333


mem[X,0x80016B54] -> 0xB5B7
mem[X,0x80016B56] -> 0x0000
[1954] [M]: 0x80016B54 (0x0000B5B7) lui a1, 11
x11 <- 0x0000B000


mem[X,0x80016B58] -> 0x8593
mem[X,0x80016B5A] -> 0x5045
[1955] [M]: 0x80016B58 (0x50458593) addi a1, a1, 1284
x11 <- 0x0000B504


mem[X,0x80016B5C] -> 0x0193
mem[X,0x80016B5E] -> 0x0000
[1956] [M]: 0x80016B5C (0x00000193) addi gp, zero, 0
x3 <- 0x00000000


mem[X,0x80016B60] -> 0x006F
mem[X,0x80016B62] -> 0x00C0
[1957] [M]: 0x80016B60 (0x00C0006F) jal zero, 12


mem[X,0x80016B6C] -> 0x7063
mem[X,0x80016B6E] -> 0x10B5
[1958] [M]: 0x80016B6C (0x10B57063) bgeu a0, a1, 256


mem[X,0x80016C6C] -> 0x8193
mem[X,0x80016C6E] -> 0x0031
[1959] [M]: 0x80016C6C (0x00318193) addi gp, gp, 3
x3 <- 0x00000003


mem[X,0x80016C70] -> 0x006F
mem[X,0x80016C72] -> 0x0040
[1960] [M]: 0x80016C70 (0x0040006F) jal zero, 4


mem[X,0x80016C74] -> 0x2A23
mem[X,0x80016C76] -> 0x2E31
[1961] [M]: 0x80016C74 (0x2E312A23) sw gp, 756(sp)
mem[0x8004A558] <- 0x00000003


mem[X,0x80016C78] -> 0x3537
mem[X,0x80016C7A] -> 0x3333
[1962] [M]: 0x80016C78 (0x33333537) lui a0, 209715
x10 <- 0x33333000


mem[X,0x80016C7C] -> 0x0513
mem[X,0x80016C7E] -> 0x3335
[1963] [M]: 0x80016C7C (0x33350513) addi a0, a0, 819
x10 <- 0x33333333


mem[X,0x80016C80] -> 0x0593
mem[X,0x80016C82] -> 0x0000
[1964] [M]: 0x80016C80 (0x00000593) addi a1, zero, 0
x11 <- 0x00000000


mem[X,0x80016C84] -> 0x0193
mem[X,0x80016C86] -> 0x0000
[1965] [M]: 0x80016C84 (0x00000193) addi gp, zero, 0
x3 <- 0x00000000


mem[X,0x80016C88] -> 0x006F
mem[X,0x80016C8A] -> 0x00C0
[1966] [M]: 0x80016C88 (0x00C0006F) jal zero, 12


mem[X,0x80016C94] -> 0x7063
mem[X,0x80016C96] -> 0x40B5
[1967] [M]: 0x80016C94 (0x40B57063) bgeu a0, a1, 1024


mem[X,0x80017094] -> 0x8193
mem[X,0x80017096] -> 0x0031
[1968] [M]: 0x80017094 (0x00318193) addi gp, gp, 3
x3 <- 0x00000003


mem[X,0x80017098] -> 0x006F
mem[X,0x8001709A] -> 0x0040
[1969] [M]: 0x80017098 (0x0040006F) jal zero, 4


mem[X,0x8001709C] -> 0x2C23
mem[X,0x8001709E] -> 0x2E31
[1970] [M]: 0x8001709C (0x2E312C23) sw gp, 760(sp)
mem[0x8004A55C] <- 0x00000003


mem[X,0x800170A0] -> 0x3537
mem[X,0x800170A2] -> 0x3333
[1971] [M]: 0x800170A0 (0x33333537) lui a0, 209715
x10 <- 0x33333000


mem[X,0x800170A4] -> 0x0513
mem[X,0x800170A6] -> 0x3335
[1972] [M]: 0x800170A4 (0x33350513) addi a0, a0, 819
x10 <- 0x33333333


mem[X,0x800170A8] -> 0x05B7
mem[X,0x800170AA] -> 0x0001
[1973] [M]: 0x800170A8 (0x000105B7) lui a1, 16
x11 <- 0x00010000


mem[X,0x800170AC] -> 0x8593
mem[X,0x800170AE] -> 0xFFF5
[1974] [M]: 0x800170AC (0xFFF58593) addi a1, a1, 4095
x11 <- 0x0000FFFF


mem[X,0x800170B0] -> 0x0193
mem[X,0x800170B2] -> 0x0000
[1975] [M]: 0x800170B0 (0x00000193) addi gp, zero, 0
x3 <- 0x00000000


mem[X,0x800170B4] -> 0x006F
mem[X,0x800170B6] -> 0x0050
[1976] [M]: 0x800170B4 (0x0050006F) jal zero, 2052


mem[X,0x800178B8] -> 0x70E3
mem[X,0x800178BA] -> 0x80B5
[1977] [M]: 0x800178B8 (0x80B570E3) bgeu a0, a1, 6144


mem[X,0x800170B8] -> 0x8193
mem[X,0x800170BA] -> 0x0011
[1978] [M]: 0x800170B8 (0x00118193) addi gp, gp, 1
x3 <- 0x00000001


mem[X,0x800170BC] -> 0x006F
mem[X,0x800170BE] -> 0x0110
[1979] [M]: 0x800170BC (0x0110006F) jal zero, 2064


mem[X,0x800178CC] -> 0x2E23
mem[X,0x800178CE] -> 0x2E31
[1980] [M]: 0x800178CC (0x2E312E23) sw gp, 764(sp)
mem[0x8004A560] <- 0x00000001


mem[X,0x800178D0] -> 0x3537
mem[X,0x800178D2] -> 0x3333
[1981] [M]: 0x800178D0 (0x33333537) lui a0, 209715
x10 <- 0x33333000


mem[X,0x800178D4] -> 0x0513
mem[X,0x800178D6] -> 0x3335
[1982] [M]: 0x800178D4 (0x33350513) addi a0, a0, 819
x10 <- 0x33333333


mem[X,0x800178D8] -> 0x0593
mem[X,0x800178DA] -> 0x0020
[1983] [M]: 0x800178D8 (0x00200593) addi a1, zero, 2
x11 <- 0x00000002


mem[X,0x800178DC] -> 0x0193
mem[X,0x800178DE] -> 0x0000
[1984] [M]: 0x800178DC (0x00000193) addi gp, zero, 0
x3 <- 0x00000000


mem[X,0x800178E0] -> 0x006F
mem[X,0x800178E2] -> 0x00C0
[1985] [M]: 0x800178E0 (0x00C0006F) jal zero, 12


mem[X,0x800178EC] -> 0x7863
mem[X,0x800178EE] -> 0x00B5
[1986] [M]: 0x800178EC (0x00B57863) bgeu a0, a1, 16


mem[X,0x800178FC] -> 0x8193
mem[X,0x800178FE] -> 0x0031
[1987] [M]: 0x800178FC (0x00318193) addi gp, gp, 3
x3 <- 0x00000003


mem[X,0x80017900] -> 0x006F
mem[X,0x80017902] -> 0x0040
[1988] [M]: 0x80017900 (0x0040006F) jal zero, 4


mem[X,0x80017904] -> 0x2023
mem[X,0x80017906] -> 0x3031
[1989] [M]: 0x80017904 (0x30312023) sw gp, 768(sp)
mem[0x8004A564] <- 0x00000003


mem[X,0x80017908] -> 0x3537
mem[X,0x8001790A] -> 0x3333
[1990] [M]: 0x80017908 (0x33333537) lui a0, 209715
x10 <- 0x33333000


mem[X,0x8001790C] -> 0x0513
mem[X,0x8001790E] -> 0x3335
[1991] [M]: 0x8001790C (0x33350513) addi a0, a0, 819
x10 <- 0x33333333


mem[X,0x80017910] -> 0x55B7
mem[X,0x80017912] -> 0x5555
[1992] [M]: 0x80017910 (0x555555B7) lui a1, 349525
x11 <- 0x55555000


mem[X,0x80017914] -> 0x8593
mem[X,0x80017916] -> 0x5545
[1993] [M]: 0x80017914 (0x55458593) addi a1, a1, 1364
x11 <- 0x55555554


mem[X,0x80017918] -> 0x0193
mem[X,0x8001791A] -> 0x0000
[1994] [M]: 0x80017918 (0x00000193) addi gp, zero, 0
x3 <- 0x00000000


mem[X,0x8001791C] -> 0x006F
mem[X,0x8001791E] -> 0x00C0
[1995] [M]: 0x8001791C (0x00C0006F) jal zero, 12


mem[X,0x80017928] -> 0x7663
mem[X,0x8001792A] -> 0x00B5
[1996] [M]: 0x80017928 (0x00B57663) bgeu a0, a1, 12


mem[X,0x8001792C] -> 0x8193
mem[X,0x8001792E] -> 0x0021
[1997] [M]: 0x8001792C (0x00218193) addi gp, gp, 2
x3 <- 0x00000002


mem[X,0x80017930] -> 0x006F
mem[X,0x80017932] -> 0x00C0
[1998] [M]: 0x80017930 (0x00C0006F) jal zero, 12


mem[X,0x8001793C] -> 0x2223
mem[X,0x8001793E] -> 0x3031
[1999] [M]: 0x8001793C (0x30312223) sw gp, 772(sp)
mem[0x8004A568] <- 0x00000002


clint::tick mtime <- 0x0000000000000014
 clint timer pending at mtime 0x0000000000000014
htif::tick 0x0000000000000000
mem[X,0x80017940] -> 0x3537
mem[X,0x80017942] -> 0x3333
[2000] [M]: 0x80017940 (0x33333537) lui a0, 209715
x10 <- 0x33333000


mem[X,0x80017944] -> 0x0513
mem[X,0x80017946] -> 0x3335
[2001] [M]: 0x80017944 (0x33350513) addi a0, a0, 819
x10 <- 0x33333333


mem[X,0x80017948] -> 0xB5B7
mem[X,0x8001794A] -> 0xAAAA
[2002] [M]: 0x80017948 (0xAAAAB5B7) lui a1, 699051
x11 <- 0xAAAAB000


mem[X,0x8001794C] -> 0x8593
mem[X,0x8001794E] -> 0xAA95
[2003] [M]: 0x8001794C (0xAA958593) addi a1, a1, 2729
x11 <- 0xAAAAAAA9


mem[X,0x80017950] -> 0x0193
mem[X,0x80017952] -> 0x0000
[2004] [M]: 0x80017950 (0x00000193) addi gp, zero, 0
x3 <- 0x00000000


mem[X,0x80017954] -> 0x006F
mem[X,0x80017956] -> 0x00C0
[2005] [M]: 0x80017954 (0x00C0006F) jal zero, 12


mem[X,0x80017960] -> 0x7063
mem[X,0x80017962] -> 0x40B5
[2006] [M]: 0x80017960 (0x40B57063) bgeu a0, a1, 1024


mem[X,0x80017964] -> 0x8193
mem[X,0x80017966] -> 0x0021
[2007] [M]: 0x80017964 (0x00218193) addi gp, gp, 2
x3 <- 0x00000002


mem[X,0x80017968] -> 0x006F
mem[X,0x8001796A] -> 0x4000
[2008] [M]: 0x80017968 (0x4000006F) jal zero, 1024


mem[X,0x80017D68] -> 0x2423
mem[X,0x80017D6A] -> 0x3031
[2009] [M]: 0x80017D68 (0x30312423) sw gp, 776(sp)
mem[0x8004A56C] <- 0x00000002


mem[X,0x80017D6C] -> 0x3537
mem[X,0x80017D6E] -> 0x3333
[2010] [M]: 0x80017D6C (0x33333537) lui a0, 209715
x10 <- 0x33333000


mem[X,0x80017D70] -> 0x0513
mem[X,0x80017D72] -> 0x3335
[2011] [M]: 0x80017D70 (0x33350513) addi a0, a0, 819
x10 <- 0x33333333


mem[X,0x80017D74] -> 0x0593
mem[X,0x80017D76] -> 0x0040
[2012] [M]: 0x80017D74 (0x00400593) addi a1, zero, 4
x11 <- 0x00000004


mem[X,0x80017D78] -> 0x0193
mem[X,0x80017D7A] -> 0x0000
[2013] [M]: 0x80017D78 (0x00000193) addi gp, zero, 0
x3 <- 0x00000000


mem[X,0x80017D7C] -> 0x006F
mem[X,0x80017D7E] -> 0x00C0
[2014] [M]: 0x80017D7C (0x00C0006F) jal zero, 12


mem[X,0x80017D88] -> 0x7CE3
mem[X,0x80017D8A] -> 0xFEB5
[2015] [M]: 0x80017D88 (0xFEB57CE3) bgeu a0, a1, 8184


mem[X,0x80017D80] -> 0x8193
mem[X,0x80017D82] -> 0x0011
[2016] [M]: 0x80017D80 (0x00118193) addi gp, gp, 1
x3 <- 0x00000001


mem[X,0x80017D84] -> 0x006F
mem[X,0x80017D86] -> 0x0180
[2017] [M]: 0x80017D84 (0x0180006F) jal zero, 24


mem[X,0x80017D9C] -> 0x2623
mem[X,0x80017D9E] -> 0x3031
[2018] [M]: 0x80017D9C (0x30312623) sw gp, 780(sp)
mem[0x8004A570] <- 0x00000001


mem[X,0x80017DA0] -> 0x3537
mem[X,0x80017DA2] -> 0x3333
[2019] [M]: 0x80017DA0 (0x33333537) lui a0, 209715
x10 <- 0x33333000


mem[X,0x80017DA4] -> 0x0513
mem[X,0x80017DA6] -> 0x3335
[2020] [M]: 0x80017DA4 (0x33350513) addi a0, a0, 819
x10 <- 0x33333333


mem[X,0x80017DA8] -> 0x35B7
mem[X,0x80017DAA] -> 0x3333
[2021] [M]: 0x80017DA8 (0x333335B7) lui a1, 209715
x11 <- 0x33333000


mem[X,0x80017DAC] -> 0x8593
mem[X,0x80017DAE] -> 0x3325
[2022] [M]: 0x80017DAC (0x33258593) addi a1, a1, 818
x11 <- 0x33333332


mem[X,0x80017DB0] -> 0x0193
mem[X,0x80017DB2] -> 0x0000
[2023] [M]: 0x80017DB0 (0x00000193) addi gp, zero, 0
x3 <- 0x00000000


mem[X,0x80017DB4] -> 0x006F
mem[X,0x80017DB6] -> 0x00C0
[2024] [M]: 0x80017DB4 (0x00C0006F) jal zero, 12


mem[X,0x80017DC0] -> 0x7663
mem[X,0x80017DC2] -> 0x00B5
[2025] [M]: 0x80017DC0 (0x00B57663) bgeu a0, a1, 12


mem[X,0x80017DCC] -> 0x8193
mem[X,0x80017DCE] -> 0x0031
[2026] [M]: 0x80017DCC (0x00318193) addi gp, gp, 3
x3 <- 0x00000003


mem[X,0x80017DD0] -> 0x006F
mem[X,0x80017DD2] -> 0x0040
[2027] [M]: 0x80017DD0 (0x0040006F) jal zero, 4


mem[X,0x80017DD4] -> 0x2823
mem[X,0x80017DD6] -> 0x3031
[2028] [M]: 0x80017DD4 (0x30312823) sw gp, 784(sp)
mem[0x8004A574] <- 0x00000003


mem[X,0x80017DD8] -> 0x3537
mem[X,0x80017DDA] -> 0x3333
[2029] [M]: 0x80017DD8 (0x33333537) lui a0, 209715
x10 <- 0x33333000


mem[X,0x80017DDC] -> 0x0513
mem[X,0x80017DDE] -> 0x3335
[2030] [M]: 0x80017DDC (0x33350513) addi a0, a0, 819
x10 <- 0x33333333


mem[X,0x80017DE0] -> 0x65B7
mem[X,0x80017DE2] -> 0x6666
[2031] [M]: 0x80017DE0 (0x666665B7) lui a1, 419430
x11 <- 0x66666000


mem[X,0x80017DE4] -> 0x8593
mem[X,0x80017DE6] -> 0x6655
[2032] [M]: 0x80017DE4 (0x66558593) addi a1, a1, 1637
x11 <- 0x66666665


mem[X,0x80017DE8] -> 0x0193
mem[X,0x80017DEA] -> 0x0000
[2033] [M]: 0x80017DE8 (0x00000193) addi gp, zero, 0
x3 <- 0x00000000


mem[X,0x80017DEC] -> 0x006F
mem[X,0x80017DEE] -> 0x2B10
[2034] [M]: 0x80017DEC (0x2B10006F) jal zero, 2736


mem[X,0x8001889C] -> 0x7A63
mem[X,0x8001889E] -> 0xD4B5
[2035] [M]: 0x8001889C (0xD4B57A63) bgeu a0, a1, 5460


mem[X,0x800188A0] -> 0x8193
mem[X,0x800188A2] -> 0x0021
[2036] [M]: 0x800188A0 (0x00218193) addi gp, gp, 2
x3 <- 0x00000002


mem[X,0x800188A4] -> 0x006F
mem[X,0x800188A6] -> 0x00C0
[2037] [M]: 0x800188A4 (0x00C0006F) jal zero, 12


mem[X,0x800188B0] -> 0x2A23
mem[X,0x800188B2] -> 0x3031
[2038] [M]: 0x800188B0 (0x30312A23) sw gp, 788(sp)
mem[0x8004A578] <- 0x00000002


mem[X,0x800188B4] -> 0x3537
mem[X,0x800188B6] -> 0x3333
[2039] [M]: 0x800188B4 (0x33333537) lui a0, 209715
x10 <- 0x33333000


mem[X,0x800188B8] -> 0x0513
mem[X,0x800188BA] -> 0x3335
[2040] [M]: 0x800188B8 (0x33350513) addi a0, a0, 819
x10 <- 0x33333333


mem[X,0x800188BC] -> 0xB5B7
mem[X,0x800188BE] -> 0x0000
[2041] [M]: 0x800188BC (0x0000B5B7) lui a1, 11
x11 <- 0x0000B000


mem[X,0x800188C0] -> 0x8593
mem[X,0x800188C2] -> 0x5035
[2042] [M]: 0x800188C0 (0x50358593) addi a1, a1, 1283
x11 <- 0x0000B503


mem[X,0x800188C4] -> 0x0193
mem[X,0x800188C6] -> 0x0000
[2043] [M]: 0x800188C4 (0x00000193) addi gp, zero, 0
x3 <- 0x00000000


mem[X,0x800188C8] -> 0x006F
mem[X,0x800188CA] -> 0x00C0
[2044] [M]: 0x800188C8 (0x00C0006F) jal zero, 12


mem[X,0x800188D4] -> 0x7663
mem[X,0x800188D6] -> 0x00B5
[2045] [M]: 0x800188D4 (0x00B57663) bgeu a0, a1, 12


mem[X,0x800188E0] -> 0x8193
mem[X,0x800188E2] -> 0x0031
[2046] [M]: 0x800188E0 (0x00318193) addi gp, gp, 3
x3 <- 0x00000003


mem[X,0x800188E4] -> 0x006F
mem[X,0x800188E6] -> 0x0040
[2047] [M]: 0x800188E4 (0x0040006F) jal zero, 4


mem[X,0x800188E8] -> 0x2C23
mem[X,0x800188EA] -> 0x3031
[2048] [M]: 0x800188E8 (0x30312C23) sw gp, 792(sp)
mem[0x8004A57C] <- 0x00000003


mem[X,0x800188EC] -> 0x3537
mem[X,0x800188EE] -> 0x3333
[2049] [M]: 0x800188EC (0x33333537) lui a0, 209715
x10 <- 0x33333000


mem[X,0x800188F0] -> 0x0513
mem[X,0x800188F2] -> 0x3335
[2050] [M]: 0x800188F0 (0x33350513) addi a0, a0, 819
x10 <- 0x33333333


mem[X,0x800188F4] -> 0x05B7
mem[X,0x800188F6] -> 0x0001
[2051] [M]: 0x800188F4 (0x000105B7) lui a1, 16
x11 <- 0x00010000


mem[X,0x800188F8] -> 0x8593
mem[X,0x800188FA] -> 0xFFE5
[2052] [M]: 0x800188F8 (0xFFE58593) addi a1, a1, 4094
x11 <- 0x0000FFFE


mem[X,0x800188FC] -> 0x0193
mem[X,0x800188FE] -> 0x0000
[2053] [M]: 0x800188FC (0x00000193) addi gp, zero, 0
x3 <- 0x00000000


mem[X,0x80018900] -> 0x006F
mem[X,0x80018902] -> 0x00C0
[2054] [M]: 0x80018900 (0x00C0006F) jal zero, 12


mem[X,0x8001890C] -> 0x7663
mem[X,0x8001890E] -> 0x00B5
[2055] [M]: 0x8001890C (0x00B57663) bgeu a0, a1, 12


mem[X,0x80018918] -> 0x8193
mem[X,0x8001891A] -> 0x0031
[2056] [M]: 0x80018918 (0x00318193) addi gp, gp, 3
x3 <- 0x00000003


mem[X,0x8001891C] -> 0x006F
mem[X,0x8001891E] -> 0x0040
[2057] [M]: 0x8001891C (0x0040006F) jal zero, 4


mem[X,0x80018920] -> 0x2E23
mem[X,0x80018922] -> 0x3031
[2058] [M]: 0x80018920 (0x30312E23) sw gp, 796(sp)
mem[0x8004A580] <- 0x00000003


mem[X,0x80018924] -> 0x3537
mem[X,0x80018926] -> 0x3333
[2059] [M]: 0x80018924 (0x33333537) lui a0, 209715
x10 <- 0x33333000


mem[X,0x80018928] -> 0x0513
mem[X,0x8001892A] -> 0x3335
[2060] [M]: 0x80018928 (0x33350513) addi a0, a0, 819
x10 <- 0x33333333


mem[X,0x8001892C] -> 0x55B7
mem[X,0x8001892E] -> 0x5555
[2061] [M]: 0x8001892C (0x555555B7) lui a1, 349525
x11 <- 0x55555000


mem[X,0x80018930] -> 0x8593
mem[X,0x80018932] -> 0x5565
[2062] [M]: 0x80018930 (0x55658593) addi a1, a1, 1366
x11 <- 0x55555556


mem[X,0x80018934] -> 0x0193
mem[X,0x80018936] -> 0x0000
[2063] [M]: 0x80018934 (0x00000193) addi gp, zero, 0
x3 <- 0x00000000


mem[X,0x80018938] -> 0x006F
mem[X,0x8001893A] -> 0x00C0
[2064] [M]: 0x80018938 (0x00C0006F) jal zero, 12


mem[X,0x80018944] -> 0x7063
mem[X,0x80018946] -> 0x02B5
[2065] [M]: 0x80018944 (0x02B57063) bgeu a0, a1, 32


mem[X,0x80018948] -> 0x8193
mem[X,0x8001894A] -> 0x0021
[2066] [M]: 0x80018948 (0x00218193) addi gp, gp, 2
x3 <- 0x00000002


mem[X,0x8001894C] -> 0x006F
mem[X,0x8001894E] -> 0x0200
[2067] [M]: 0x8001894C (0x0200006F) jal zero, 32


mem[X,0x8001896C] -> 0x2023
mem[X,0x8001896E] -> 0x3231
[2068] [M]: 0x8001896C (0x32312023) sw gp, 800(sp)
mem[0x8004A584] <- 0x00000002


mem[X,0x80018970] -> 0x3537
mem[X,0x80018972] -> 0x3333
[2069] [M]: 0x80018970 (0x33333537) lui a0, 209715
x10 <- 0x33333000


mem[X,0x80018974] -> 0x0513
mem[X,0x80018976] -> 0x3335
[2070] [M]: 0x80018974 (0x33350513) addi a0, a0, 819
x10 <- 0x33333333


mem[X,0x80018978] -> 0xB5B7
mem[X,0x8001897A] -> 0xAAAA
[2071] [M]: 0x80018978 (0xAAAAB5B7) lui a1, 699051
x11 <- 0xAAAAB000


mem[X,0x8001897C] -> 0x8593
mem[X,0x8001897E] -> 0xAAB5
[2072] [M]: 0x8001897C (0xAAB58593) addi a1, a1, 2731
x11 <- 0xAAAAAAAB


mem[X,0x80018980] -> 0x0193
mem[X,0x80018982] -> 0x0000
[2073] [M]: 0x80018980 (0x00000193) addi gp, zero, 0
x3 <- 0x00000000


mem[X,0x80018984] -> 0x006F
mem[X,0x80018986] -> 0x0050
[2074] [M]: 0x80018984 (0x0050006F) jal zero, 2052


mem[X,0x80019188] -> 0x70E3
mem[X,0x8001918A] -> 0x80B5
[2075] [M]: 0x80019188 (0x80B570E3) bgeu a0, a1, 6144


mem[X,0x8001918C] -> 0x8193
mem[X,0x8001918E] -> 0x0021
[2076] [M]: 0x8001918C (0x00218193) addi gp, gp, 2
x3 <- 0x00000002


mem[X,0x80019190] -> 0x006F
mem[X,0x80019192] -> 0x00C0
[2077] [M]: 0x80019190 (0x00C0006F) jal zero, 12


mem[X,0x8001919C] -> 0x2223
mem[X,0x8001919E] -> 0x3231
[2078] [M]: 0x8001919C (0x32312223) sw gp, 804(sp)
mem[0x8004A588] <- 0x00000002


mem[X,0x800191A0] -> 0x3537
mem[X,0x800191A2] -> 0x3333
[2079] [M]: 0x800191A0 (0x33333537) lui a0, 209715
x10 <- 0x33333000


mem[X,0x800191A4] -> 0x0513
mem[X,0x800191A6] -> 0x3335
[2080] [M]: 0x800191A4 (0x33350513) addi a0, a0, 819
x10 <- 0x33333333


mem[X,0x800191A8] -> 0x0593
mem[X,0x800191AA] -> 0x0060
[2081] [M]: 0x800191A8 (0x00600593) addi a1, zero, 6
x11 <- 0x00000006


mem[X,0x800191AC] -> 0x0193
mem[X,0x800191AE] -> 0x0000
[2082] [M]: 0x800191AC (0x00000193) addi gp, zero, 0
x3 <- 0x00000000


mem[X,0x800191B0] -> 0x006F
mem[X,0x800191B2] -> 0x00C0
[2083] [M]: 0x800191B0 (0x00C0006F) jal zero, 12


mem[X,0x800191BC] -> 0x7663
mem[X,0x800191BE] -> 0x00B5
[2084] [M]: 0x800191BC (0x00B57663) bgeu a0, a1, 12


mem[X,0x800191C8] -> 0x8193
mem[X,0x800191CA] -> 0x0031
[2085] [M]: 0x800191C8 (0x00318193) addi gp, gp, 3
x3 <- 0x00000003


mem[X,0x800191CC] -> 0x006F
mem[X,0x800191CE] -> 0x0040
[2086] [M]: 0x800191CC (0x0040006F) jal zero, 4


mem[X,0x800191D0] -> 0x2423
mem[X,0x800191D2] -> 0x3231
[2087] [M]: 0x800191D0 (0x32312423) sw gp, 808(sp)
mem[0x8004A58C] <- 0x00000003


mem[X,0x800191D4] -> 0x3537
mem[X,0x800191D6] -> 0x3333
[2088] [M]: 0x800191D4 (0x33333537) lui a0, 209715
x10 <- 0x33333000


mem[X,0x800191D8] -> 0x0513
mem[X,0x800191DA] -> 0x3335
[2089] [M]: 0x800191D8 (0x33350513) addi a0, a0, 819
x10 <- 0x33333333


mem[X,0x800191DC] -> 0x35B7
mem[X,0x800191DE] -> 0x3333
[2090] [M]: 0x800191DC (0x333335B7) lui a1, 209715
x11 <- 0x33333000


mem[X,0x800191E0] -> 0x8593
mem[X,0x800191E2] -> 0x3345
[2091] [M]: 0x800191E0 (0x33458593) addi a1, a1, 820
x11 <- 0x33333334


mem[X,0x800191E4] -> 0x0193
mem[X,0x800191E6] -> 0x0000
[2092] [M]: 0x800191E4 (0x00000193) addi gp, zero, 0
x3 <- 0x00000000


mem[X,0x800191E8] -> 0x006F
mem[X,0x800191EA] -> 0x00C0
[2093] [M]: 0x800191E8 (0x00C0006F) jal zero, 12


mem[X,0x800191F4] -> 0x7863
mem[X,0x800191F6] -> 0x00B5
[2094] [M]: 0x800191F4 (0x00B57863) bgeu a0, a1, 16


mem[X,0x800191F8] -> 0x8193
mem[X,0x800191FA] -> 0x0021
[2095] [M]: 0x800191F8 (0x00218193) addi gp, gp, 2
x3 <- 0x00000002


mem[X,0x800191FC] -> 0x006F
mem[X,0x800191FE] -> 0x0100
[2096] [M]: 0x800191FC (0x0100006F) jal zero, 16


mem[X,0x8001920C] -> 0x2623
mem[X,0x8001920E] -> 0x3231
[2097] [M]: 0x8001920C (0x32312623) sw gp, 812(sp)
mem[0x8004A590] <- 0x00000002


mem[X,0x80019210] -> 0x3537
mem[X,0x80019212] -> 0x3333
[2098] [M]: 0x80019210 (0x33333537) lui a0, 209715
x10 <- 0x33333000


mem[X,0x80019214] -> 0x0513
mem[X,0x80019216] -> 0x3335
[2099] [M]: 0x80019214 (0x33350513) addi a0, a0, 819
x10 <- 0x33333333


clint::tick mtime <- 0x0000000000000015
 clint timer pending at mtime 0x0000000000000015
htif::tick 0x0000000000000000
mem[X,0x80019218] -> 0x65B7
mem[X,0x8001921A] -> 0x6666
[2100] [M]: 0x80019218 (0x666665B7) lui a1, 419430
x11 <- 0x66666000


mem[X,0x8001921C] -> 0x8593
mem[X,0x8001921E] -> 0x6675
[2101] [M]: 0x8001921C (0x66758593) addi a1, a1, 1639
x11 <- 0x66666667


mem[X,0x80019220] -> 0x0193
mem[X,0x80019222] -> 0x0000
[2102] [M]: 0x80019220 (0x00000193) addi gp, zero, 0
x3 <- 0x00000000


mem[X,0x80019224] -> 0x006F
mem[X,0x80019226] -> 0x00C0
[2103] [M]: 0x80019224 (0x00C0006F) jal zero, 12


mem[X,0x80019230] -> 0x7063
mem[X,0x80019232] -> 0x04B5
[2104] [M]: 0x80019230 (0x04B57063) bgeu a0, a1, 64


mem[X,0x80019234] -> 0x8193
mem[X,0x80019236] -> 0x0021
[2105] [M]: 0x80019234 (0x00218193) addi gp, gp, 2
x3 <- 0x00000002


mem[X,0x80019238] -> 0x006F
mem[X,0x8001923A] -> 0x0400
[2106] [M]: 0x80019238 (0x0400006F) jal zero, 64


mem[X,0x80019278] -> 0x2823
mem[X,0x8001927A] -> 0x3231
[2107] [M]: 0x80019278 (0x32312823) sw gp, 816(sp)
mem[0x8004A594] <- 0x00000002


mem[X,0x8001927C] -> 0x3537
mem[X,0x8001927E] -> 0x3333
[2108] [M]: 0x8001927C (0x33333537) lui a0, 209715
x10 <- 0x33333000


mem[X,0x80019280] -> 0x0513
mem[X,0x80019282] -> 0x3335
[2109] [M]: 0x80019280 (0x33350513) addi a0, a0, 819
x10 <- 0x33333333


mem[X,0x80019284] -> 0xB5B7
mem[X,0x80019286] -> 0x0000
[2110] [M]: 0x80019284 (0x0000B5B7) lui a1, 11
x11 <- 0x0000B000


mem[X,0x80019288] -> 0x8593
mem[X,0x8001928A] -> 0x5055
[2111] [M]: 0x80019288 (0x50558593) addi a1, a1, 1285
x11 <- 0x0000B505


mem[X,0x8001928C] -> 0x0193
mem[X,0x8001928E] -> 0x0000
[2112] [M]: 0x8001928C (0x00000193) addi gp, zero, 0
x3 <- 0x00000000


mem[X,0x80019290] -> 0x006F
mem[X,0x80019292] -> 0x00C0
[2113] [M]: 0x80019290 (0x00C0006F) jal zero, 12


mem[X,0x8001929C] -> 0x7063
mem[X,0x8001929E] -> 0x04B5
[2114] [M]: 0x8001929C (0x04B57063) bgeu a0, a1, 64


mem[X,0x800192DC] -> 0x8193
mem[X,0x800192DE] -> 0x0031
[2115] [M]: 0x800192DC (0x00318193) addi gp, gp, 3
x3 <- 0x00000003


mem[X,0x800192E0] -> 0x006F
mem[X,0x800192E2] -> 0x0040
[2116] [M]: 0x800192E0 (0x0040006F) jal zero, 4


mem[X,0x800192E4] -> 0x2A23
mem[X,0x800192E6] -> 0x3231
[2117] [M]: 0x800192E4 (0x32312A23) sw gp, 820(sp)
mem[0x8004A598] <- 0x00000003


mem[X,0x800192E8] -> 0x3537
mem[X,0x800192EA] -> 0x3333
[2118] [M]: 0x800192E8 (0x33333537) lui a0, 209715
x10 <- 0x33333000


mem[X,0x800192EC] -> 0x0513
mem[X,0x800192EE] -> 0x3335
[2119] [M]: 0x800192EC (0x33350513) addi a0, a0, 819
x10 <- 0x33333333


mem[X,0x800192F0] -> 0x0593
mem[X,0x800192F2] -> 0x0010
[2120] [M]: 0x800192F0 (0x00100593) addi a1, zero, 1
x11 <- 0x00000001


mem[X,0x800192F4] -> 0x0193
mem[X,0x800192F6] -> 0x0000
[2121] [M]: 0x800192F4 (0x00000193) addi gp, zero, 0
x3 <- 0x00000000


mem[X,0x800192F8] -> 0x006F
mem[X,0x800192FA] -> 0x00C0
[2122] [M]: 0x800192F8 (0x00C0006F) jal zero, 12


mem[X,0x80019304] -> 0x7863
mem[X,0x80019306] -> 0x00B5
[2123] [M]: 0x80019304 (0x00B57863) bgeu a0, a1, 16


mem[X,0x80019314] -> 0x8193
mem[X,0x80019316] -> 0x0031
[2124] [M]: 0x80019314 (0x00318193) addi gp, gp, 3
x3 <- 0x00000003


mem[X,0x80019318] -> 0x006F
mem[X,0x8001931A] -> 0x0040
[2125] [M]: 0x80019318 (0x0040006F) jal zero, 4


mem[X,0x8001931C] -> 0x2C23
mem[X,0x8001931E] -> 0x3231
[2126] [M]: 0x8001931C (0x32312C23) sw gp, 824(sp)
mem[0x8004A59C] <- 0x00000003


mem[X,0x80019320] -> 0x3537
mem[X,0x80019322] -> 0x3333
[2127] [M]: 0x80019320 (0x33333537) lui a0, 209715
x10 <- 0x33333000


mem[X,0x80019324] -> 0x0513
mem[X,0x80019326] -> 0x3335
[2128] [M]: 0x80019324 (0x33350513) addi a0, a0, 819
x10 <- 0x33333333


mem[X,0x80019328] -> 0x05B7
mem[X,0x8001932A] -> 0x0001
[2129] [M]: 0x80019328 (0x000105B7) lui a1, 16
x11 <- 0x00010000


mem[X,0x8001932C] -> 0x0193
mem[X,0x8001932E] -> 0x0000
[2130] [M]: 0x8001932C (0x00000193) addi gp, zero, 0
x3 <- 0x00000000


mem[X,0x80019330] -> 0x006F
mem[X,0x80019332] -> 0x0100
[2131] [M]: 0x80019330 (0x0100006F) jal zero, 16


mem[X,0x80019340] -> 0x7AE3
mem[X,0x80019342] -> 0xFEB5
[2132] [M]: 0x80019340 (0xFEB57AE3) bgeu a0, a1, 8180


mem[X,0x80019334] -> 0x8193
mem[X,0x80019336] -> 0x0011
[2133] [M]: 0x80019334 (0x00118193) addi gp, gp, 1
x3 <- 0x00000001


mem[X,0x80019338] -> 0x006F
mem[X,0x8001933A] -> 0x01C0
[2134] [M]: 0x80019338 (0x01C0006F) jal zero, 28


mem[X,0x80019354] -> 0x2E23
mem[X,0x80019356] -> 0x3231
[2135] [M]: 0x80019354 (0x32312E23) sw gp, 828(sp)
mem[0x8004A5A0] <- 0x00000001


mem[X,0x80019358] -> 0x6537
mem[X,0x8001935A] -> 0x6666
[2136] [M]: 0x80019358 (0x66666537) lui a0, 419430
x10 <- 0x66666000


mem[X,0x8001935C] -> 0x0513
mem[X,0x8001935E] -> 0x6665
[2137] [M]: 0x8001935C (0x66650513) addi a0, a0, 1638
x10 <- 0x66666666


mem[X,0x80019360] -> 0x0593
mem[X,0x80019362] -> 0x0030
[2138] [M]: 0x80019360 (0x00300593) addi a1, zero, 3
x11 <- 0x00000003


mem[X,0x80019364] -> 0x0193
mem[X,0x80019366] -> 0x0000
[2139] [M]: 0x80019364 (0x00000193) addi gp, zero, 0
x3 <- 0x00000000


mem[X,0x80019368] -> 0x006F
mem[X,0x8001936A] -> 0x0100
[2140] [M]: 0x80019368 (0x0100006F) jal zero, 16


mem[X,0x80019378] -> 0x7AE3
mem[X,0x8001937A] -> 0xFEB5
[2141] [M]: 0x80019378 (0xFEB57AE3) bgeu a0, a1, 8180


mem[X,0x8001936C] -> 0x8193
mem[X,0x8001936E] -> 0x0011
[2142] [M]: 0x8001936C (0x00118193) addi gp, gp, 1
x3 <- 0x00000001


mem[X,0x80019370] -> 0x006F
mem[X,0x80019372] -> 0x01C0
[2143] [M]: 0x80019370 (0x01C0006F) jal zero, 28


mem[X,0x8001938C] -> 0x2023
mem[X,0x8001938E] -> 0x3431
[2144] [M]: 0x8001938C (0x34312023) sw gp, 832(sp)
mem[0x8004A5A4] <- 0x00000001


mem[X,0x80019390] -> 0x6537
mem[X,0x80019392] -> 0x6666
[2145] [M]: 0x80019390 (0x66666537) lui a0, 419430
x10 <- 0x66666000


mem[X,0x80019394] -> 0x0513
mem[X,0x80019396] -> 0x6665
[2146] [M]: 0x80019394 (0x66650513) addi a0, a0, 1638
x10 <- 0x66666666


mem[X,0x80019398] -> 0x55B7
mem[X,0x8001939A] -> 0x5555
[2147] [M]: 0x80019398 (0x555555B7) lui a1, 349525
x11 <- 0x55555000


mem[X,0x8001939C] -> 0x8593
mem[X,0x8001939E] -> 0x5555
[2148] [M]: 0x8001939C (0x55558593) addi a1, a1, 1365
x11 <- 0x55555555


mem[X,0x800193A0] -> 0x0193
mem[X,0x800193A2] -> 0x0000
[2149] [M]: 0x800193A0 (0x00000193) addi gp, zero, 0
x3 <- 0x00000000


mem[X,0x800193A4] -> 0x006F
mem[X,0x800193A6] -> 0x00C0
[2150] [M]: 0x800193A4 (0x00C0006F) jal zero, 12


mem[X,0x800193B0] -> 0x7663
mem[X,0x800193B2] -> 0x00B5
[2151] [M]: 0x800193B0 (0x00B57663) bgeu a0, a1, 12


mem[X,0x800193BC] -> 0x8193
mem[X,0x800193BE] -> 0x0031
[2152] [M]: 0x800193BC (0x00318193) addi gp, gp, 3
x3 <- 0x00000003


mem[X,0x800193C0] -> 0x006F
mem[X,0x800193C2] -> 0x0040
[2153] [M]: 0x800193C0 (0x0040006F) jal zero, 4


mem[X,0x800193C4] -> 0x2223
mem[X,0x800193C6] -> 0x3431
[2154] [M]: 0x800193C4 (0x34312223) sw gp, 836(sp)
mem[0x8004A5A8] <- 0x00000003


mem[X,0x800193C8] -> 0x6537
mem[X,0x800193CA] -> 0x6666
[2155] [M]: 0x800193C8 (0x66666537) lui a0, 419430
x10 <- 0x66666000


mem[X,0x800193CC] -> 0x0513
mem[X,0x800193CE] -> 0x6665
[2156] [M]: 0x800193CC (0x66650513) addi a0, a0, 1638
x10 <- 0x66666666


mem[X,0x800193D0] -> 0xB5B7
mem[X,0x800193D2] -> 0xAAAA
[2157] [M]: 0x800193D0 (0xAAAAB5B7) lui a1, 699051
x11 <- 0xAAAAB000


mem[X,0x800193D4] -> 0x8593
mem[X,0x800193D6] -> 0xAAA5
[2158] [M]: 0x800193D4 (0xAAA58593) addi a1, a1, 2730
x11 <- 0xAAAAAAAA


mem[X,0x800193D8] -> 0x0193
mem[X,0x800193DA] -> 0x0000
[2159] [M]: 0x800193D8 (0x00000193) addi gp, zero, 0
x3 <- 0x00000000


mem[X,0x800193DC] -> 0x006F
mem[X,0x800193DE] -> 0x00C0
[2160] [M]: 0x800193DC (0x00C0006F) jal zero, 12


mem[X,0x800193E8] -> 0x7663
mem[X,0x800193EA] -> 0x00B5
[2161] [M]: 0x800193E8 (0x00B57663) bgeu a0, a1, 12


mem[X,0x800193EC] -> 0x8193
mem[X,0x800193EE] -> 0x0021
[2162] [M]: 0x800193EC (0x00218193) addi gp, gp, 2
x3 <- 0x00000002


mem[X,0x800193F0] -> 0x006F
mem[X,0x800193F2] -> 0x00C0
[2163] [M]: 0x800193F0 (0x00C0006F) jal zero, 12


mem[X,0x800193FC] -> 0x2423
mem[X,0x800193FE] -> 0x3431
[2164] [M]: 0x800193FC (0x34312423) sw gp, 840(sp)
mem[0x8004A5AC] <- 0x00000002


mem[X,0x80019400] -> 0x6537
mem[X,0x80019402] -> 0x6666
[2165] [M]: 0x80019400 (0x66666537) lui a0, 419430
x10 <- 0x66666000


mem[X,0x80019404] -> 0x0513
mem[X,0x80019406] -> 0x6665
[2166] [M]: 0x80019404 (0x66650513) addi a0, a0, 1638
x10 <- 0x66666666


mem[X,0x80019408] -> 0x0593
mem[X,0x8001940A] -> 0x0050
[2167] [M]: 0x80019408 (0x00500593) addi a1, zero, 5
x11 <- 0x00000005


mem[X,0x8001940C] -> 0x0193
mem[X,0x8001940E] -> 0x0000
[2168] [M]: 0x8001940C (0x00000193) addi gp, zero, 0
x3 <- 0x00000000


mem[X,0x80019410] -> 0x006F
mem[X,0x80019412] -> 0x00C0
[2169] [M]: 0x80019410 (0x00C0006F) jal zero, 12


mem[X,0x8001941C] -> 0x7863
mem[X,0x8001941E] -> 0x00B5
[2170] [M]: 0x8001941C (0x00B57863) bgeu a0, a1, 16


mem[X,0x8001942C] -> 0x8193
mem[X,0x8001942E] -> 0x0031
[2171] [M]: 0x8001942C (0x00318193) addi gp, gp, 3
x3 <- 0x00000003


mem[X,0x80019430] -> 0x006F
mem[X,0x80019432] -> 0x0040
[2172] [M]: 0x80019430 (0x0040006F) jal zero, 4


mem[X,0x80019434] -> 0x2623
mem[X,0x80019436] -> 0x3431
[2173] [M]: 0x80019434 (0x34312623) sw gp, 844(sp)
mem[0x8004A5B0] <- 0x00000003


mem[X,0x80019438] -> 0x6537
mem[X,0x8001943A] -> 0x6666
[2174] [M]: 0x80019438 (0x66666537) lui a0, 419430
x10 <- 0x66666000


mem[X,0x8001943C] -> 0x0513
mem[X,0x8001943E] -> 0x6665
[2175] [M]: 0x8001943C (0x66650513) addi a0, a0, 1638
x10 <- 0x66666666


mem[X,0x80019440] -> 0x35B7
mem[X,0x80019442] -> 0x3333
[2176] [M]: 0x80019440 (0x333335B7) lui a1, 209715
x11 <- 0x33333000


mem[X,0x80019444] -> 0x8593
mem[X,0x80019446] -> 0x3335
[2177] [M]: 0x80019444 (0x33358593) addi a1, a1, 819
x11 <- 0x33333333


mem[X,0x80019448] -> 0x0193
mem[X,0x8001944A] -> 0x0000
[2178] [M]: 0x80019448 (0x00000193) addi gp, zero, 0
x3 <- 0x00000000


mem[X,0x8001944C] -> 0x006F
mem[X,0x8001944E] -> 0x00C0
[2179] [M]: 0x8001944C (0x00C0006F) jal zero, 12


mem[X,0x80019458] -> 0x7063
mem[X,0x8001945A] -> 0x04B5
[2180] [M]: 0x80019458 (0x04B57063) bgeu a0, a1, 64


mem[X,0x80019498] -> 0x8193
mem[X,0x8001949A] -> 0x0031
[2181] [M]: 0x80019498 (0x00318193) addi gp, gp, 3
x3 <- 0x00000003


mem[X,0x8001949C] -> 0x006F
mem[X,0x8001949E] -> 0x0040
[2182] [M]: 0x8001949C (0x0040006F) jal zero, 4


mem[X,0x800194A0] -> 0x2823
mem[X,0x800194A2] -> 0x3431
[2183] [M]: 0x800194A0 (0x34312823) sw gp, 848(sp)
mem[0x8004A5B4] <- 0x00000003


mem[X,0x800194A4] -> 0x6537
mem[X,0x800194A6] -> 0x6666
[2184] [M]: 0x800194A4 (0x66666537) lui a0, 419430
x10 <- 0x66666000


mem[X,0x800194A8] -> 0x0513
mem[X,0x800194AA] -> 0x6665
[2185] [M]: 0x800194A8 (0x66650513) addi a0, a0, 1638
x10 <- 0x66666666


mem[X,0x800194AC] -> 0x65B7
mem[X,0x800194AE] -> 0x6666
[2186] [M]: 0x800194AC (0x666665B7) lui a1, 419430
x11 <- 0x66666000


mem[X,0x800194B0] -> 0x8593
mem[X,0x800194B2] -> 0x6665
[2187] [M]: 0x800194B0 (0x66658593) addi a1, a1, 1638
x11 <- 0x66666666


mem[X,0x800194B4] -> 0x0193
mem[X,0x800194B6] -> 0x0000
[2188] [M]: 0x800194B4 (0x00000193) addi gp, zero, 0
x3 <- 0x00000000


mem[X,0x800194B8] -> 0x006F
mem[X,0x800194BA] -> 0x0140
[2189] [M]: 0x800194B8 (0x0140006F) jal zero, 20


mem[X,0x800194CC] -> 0x78E3
mem[X,0x800194CE] -> 0xFEB5
[2190] [M]: 0x800194CC (0xFEB578E3) bgeu a0, a1, 8176


mem[X,0x800194BC] -> 0x8193
mem[X,0x800194BE] -> 0x0011
[2191] [M]: 0x800194BC (0x00118193) addi gp, gp, 1
x3 <- 0x00000001


mem[X,0x800194C0] -> 0x006F
mem[X,0x800194C2] -> 0x0200
[2192] [M]: 0x800194C0 (0x0200006F) jal zero, 32


mem[X,0x800194E0] -> 0x2A23
mem[X,0x800194E2] -> 0x3431
[2193] [M]: 0x800194E0 (0x34312A23) sw gp, 852(sp)
mem[0x8004A5B8] <- 0x00000001


mem[X,0x800194E4] -> 0x6537
mem[X,0x800194E6] -> 0x6666
[2194] [M]: 0x800194E4 (0x66666537) lui a0, 419430
x10 <- 0x66666000


mem[X,0x800194E8] -> 0x0513
mem[X,0x800194EA] -> 0x6665
[2195] [M]: 0x800194E8 (0x66650513) addi a0, a0, 1638
x10 <- 0x66666666


mem[X,0x800194EC] -> 0xB5B7
mem[X,0x800194EE] -> 0x0000
[2196] [M]: 0x800194EC (0x0000B5B7) lui a1, 11
x11 <- 0x0000B000


mem[X,0x800194F0] -> 0x8593
mem[X,0x800194F2] -> 0x5045
[2197] [M]: 0x800194F0 (0x50458593) addi a1, a1, 1284
x11 <- 0x0000B504


mem[X,0x800194F4] -> 0x0193
mem[X,0x800194F6] -> 0x0000
[2198] [M]: 0x800194F4 (0x00000193) addi gp, zero, 0
x3 <- 0x00000000


mem[X,0x800194F8] -> 0x006F
mem[X,0x800194FA] -> 0x2B10
[2199] [M]: 0x800194F8 (0x2B10006F) jal zero, 2736


clint::tick mtime <- 0x0000000000000016
 clint timer pending at mtime 0x0000000000000016
htif::tick 0x0000000000000000
mem[X,0x80019FA8] -> 0x7A63
mem[X,0x80019FAA] -> 0xD4B5
[2200] [M]: 0x80019FA8 (0xD4B57A63) bgeu a0, a1, 5460


mem[X,0x800194FC] -> 0x8193
mem[X,0x800194FE] -> 0x0011
[2201] [M]: 0x800194FC (0x00118193) addi gp, gp, 1
x3 <- 0x00000001


mem[X,0x80019500] -> 0x006F
mem[X,0x80019502] -> 0x2BD0
[2202] [M]: 0x80019500 (0x2BD0006F) jal zero, 2748


mem[X,0x80019FBC] -> 0x2C23
mem[X,0x80019FBE] -> 0x3431
[2203] [M]: 0x80019FBC (0x34312C23) sw gp, 856(sp)
mem[0x8004A5BC] <- 0x00000001


mem[X,0x80019FC0] -> 0x6537
mem[X,0x80019FC2] -> 0x6666
[2204] [M]: 0x80019FC0 (0x66666537) lui a0, 419430
x10 <- 0x66666000


mem[X,0x80019FC4] -> 0x0513
mem[X,0x80019FC6] -> 0x6665
[2205] [M]: 0x80019FC4 (0x66650513) addi a0, a0, 1638
x10 <- 0x66666666


mem[X,0x80019FC8] -> 0x0593
mem[X,0x80019FCA] -> 0x0000
[2206] [M]: 0x80019FC8 (0x00000593) addi a1, zero, 0
x11 <- 0x00000000


mem[X,0x80019FCC] -> 0x0193
mem[X,0x80019FCE] -> 0x0000
[2207] [M]: 0x80019FCC (0x00000193) addi gp, zero, 0
x3 <- 0x00000000


mem[X,0x80019FD0] -> 0x006F
mem[X,0x80019FD2] -> 0x00C0
[2208] [M]: 0x80019FD0 (0x00C0006F) jal zero, 12


mem[X,0x80019FDC] -> 0x7663
mem[X,0x80019FDE] -> 0x00B5
[2209] [M]: 0x80019FDC (0x00B57663) bgeu a0, a1, 12


mem[X,0x80019FE8] -> 0x8193
mem[X,0x80019FEA] -> 0x0031
[2210] [M]: 0x80019FE8 (0x00318193) addi gp, gp, 3
x3 <- 0x00000003


mem[X,0x80019FEC] -> 0x006F
mem[X,0x80019FEE] -> 0x0040
[2211] [M]: 0x80019FEC (0x0040006F) jal zero, 4


mem[X,0x80019FF0] -> 0x2E23
mem[X,0x80019FF2] -> 0x3431
[2212] [M]: 0x80019FF0 (0x34312E23) sw gp, 860(sp)
mem[0x8004A5C0] <- 0x00000003


mem[X,0x80019FF4] -> 0x6537
mem[X,0x80019FF6] -> 0x6666
[2213] [M]: 0x80019FF4 (0x66666537) lui a0, 419430
x10 <- 0x66666000


mem[X,0x80019FF8] -> 0x0513
mem[X,0x80019FFA] -> 0x6665
[2214] [M]: 0x80019FF8 (0x66650513) addi a0, a0, 1638
x10 <- 0x66666666


mem[X,0x80019FFC] -> 0x05B7
mem[X,0x80019FFE] -> 0x0001
[2215] [M]: 0x80019FFC (0x000105B7) lui a1, 16
x11 <- 0x00010000


mem[X,0x8001A000] -> 0x8593
mem[X,0x8001A002] -> 0xFFF5
[2216] [M]: 0x8001A000 (0xFFF58593) addi a1, a1, 4095
x11 <- 0x0000FFFF


mem[X,0x8001A004] -> 0x0193
mem[X,0x8001A006] -> 0x0000
[2217] [M]: 0x8001A004 (0x00000193) addi gp, zero, 0
x3 <- 0x00000000


mem[X,0x8001A008] -> 0x006F
mem[X,0x8001A00A] -> 0x00C0
[2218] [M]: 0x8001A008 (0x00C0006F) jal zero, 12


mem[X,0x8001A014] -> 0x7663
mem[X,0x8001A016] -> 0x00B5
[2219] [M]: 0x8001A014 (0x00B57663) bgeu a0, a1, 12


mem[X,0x8001A020] -> 0x8193
mem[X,0x8001A022] -> 0x0031
[2220] [M]: 0x8001A020 (0x00318193) addi gp, gp, 3
x3 <- 0x00000003


mem[X,0x8001A024] -> 0x006F
mem[X,0x8001A026] -> 0x0040
[2221] [M]: 0x8001A024 (0x0040006F) jal zero, 4


mem[X,0x8001A028] -> 0x2023
mem[X,0x8001A02A] -> 0x3631
[2222] [M]: 0x8001A028 (0x36312023) sw gp, 864(sp)
mem[0x8004A5C4] <- 0x00000003


mem[X,0x8001A02C] -> 0x6537
mem[X,0x8001A02E] -> 0x6666
[2223] [M]: 0x8001A02C (0x66666537) lui a0, 419430
x10 <- 0x66666000


mem[X,0x8001A030] -> 0x0513
mem[X,0x8001A032] -> 0x6665
[2224] [M]: 0x8001A030 (0x66650513) addi a0, a0, 1638
x10 <- 0x66666666


mem[X,0x8001A034] -> 0x0593
mem[X,0x8001A036] -> 0x0020
[2225] [M]: 0x8001A034 (0x00200593) addi a1, zero, 2
x11 <- 0x00000002


mem[X,0x8001A038] -> 0x0193
mem[X,0x8001A03A] -> 0x0000
[2226] [M]: 0x8001A038 (0x00000193) addi gp, zero, 0
x3 <- 0x00000000


mem[X,0x8001A03C] -> 0x006F
mem[X,0x8001A03E] -> 0x0140
[2227] [M]: 0x8001A03C (0x0140006F) jal zero, 20


mem[X,0x8001A050] -> 0x78E3
mem[X,0x8001A052] -> 0xFEB5
[2228] [M]: 0x8001A050 (0xFEB578E3) bgeu a0, a1, 8176


mem[X,0x8001A040] -> 0x8193
mem[X,0x8001A042] -> 0x0011
[2229] [M]: 0x8001A040 (0x00118193) addi gp, gp, 1
x3 <- 0x00000001


mem[X,0x8001A044] -> 0x006F
mem[X,0x8001A046] -> 0x0200
[2230] [M]: 0x8001A044 (0x0200006F) jal zero, 32


mem[X,0x8001A064] -> 0x2223
mem[X,0x8001A066] -> 0x3631
[2231] [M]: 0x8001A064 (0x36312223) sw gp, 868(sp)
mem[0x8004A5C8] <- 0x00000001


mem[X,0x8001A068] -> 0x6537
mem[X,0x8001A06A] -> 0x6666
[2232] [M]: 0x8001A068 (0x66666537) lui a0, 419430
x10 <- 0x66666000


mem[X,0x8001A06C] -> 0x0513
mem[X,0x8001A06E] -> 0x6665
[2233] [M]: 0x8001A06C (0x66650513) addi a0, a0, 1638
x10 <- 0x66666666


mem[X,0x8001A070] -> 0x55B7
mem[X,0x8001A072] -> 0x5555
[2234] [M]: 0x8001A070 (0x555555B7) lui a1, 349525
x11 <- 0x55555000


mem[X,0x8001A074] -> 0x8593
mem[X,0x8001A076] -> 0x5545
[2235] [M]: 0x8001A074 (0x55458593) addi a1, a1, 1364
x11 <- 0x55555554


mem[X,0x8001A078] -> 0x0193
mem[X,0x8001A07A] -> 0x0000
[2236] [M]: 0x8001A078 (0x00000193) addi gp, zero, 0
x3 <- 0x00000000


mem[X,0x8001A07C] -> 0x006F
mem[X,0x8001A07E] -> 0x00C0
[2237] [M]: 0x8001A07C (0x00C0006F) jal zero, 12


mem[X,0x8001A088] -> 0x7CE3
mem[X,0x8001A08A] -> 0xFEB5
[2238] [M]: 0x8001A088 (0xFEB57CE3) bgeu a0, a1, 8184


mem[X,0x8001A080] -> 0x8193
mem[X,0x8001A082] -> 0x0011
[2239] [M]: 0x8001A080 (0x00118193) addi gp, gp, 1
x3 <- 0x00000001


mem[X,0x8001A084] -> 0x006F
mem[X,0x8001A086] -> 0x0180
[2240] [M]: 0x8001A084 (0x0180006F) jal zero, 24


mem[X,0x8001A09C] -> 0x2423
mem[X,0x8001A09E] -> 0x3631
[2241] [M]: 0x8001A09C (0x36312423) sw gp, 872(sp)
mem[0x8004A5CC] <- 0x00000001


mem[X,0x8001A0A0] -> 0x6537
mem[X,0x8001A0A2] -> 0x6666
[2242] [M]: 0x8001A0A0 (0x66666537) lui a0, 419430
x10 <- 0x66666000


mem[X,0x8001A0A4] -> 0x0513
mem[X,0x8001A0A6] -> 0x6665
[2243] [M]: 0x8001A0A4 (0x66650513) addi a0, a0, 1638
x10 <- 0x66666666


mem[X,0x8001A0A8] -> 0xB5B7
mem[X,0x8001A0AA] -> 0xAAAA
[2244] [M]: 0x8001A0A8 (0xAAAAB5B7) lui a1, 699051
x11 <- 0xAAAAB000


mem[X,0x8001A0AC] -> 0x8593
mem[X,0x8001A0AE] -> 0xAA95
[2245] [M]: 0x8001A0AC (0xAA958593) addi a1, a1, 2729
x11 <- 0xAAAAAAA9


mem[X,0x8001A0B0] -> 0x0193
mem[X,0x8001A0B2] -> 0x0000
[2246] [M]: 0x8001A0B0 (0x00000193) addi gp, zero, 0
x3 <- 0x00000000


mem[X,0x8001A0B4] -> 0x006F
mem[X,0x8001A0B6] -> 0x00C0
[2247] [M]: 0x8001A0B4 (0x00C0006F) jal zero, 12


mem[X,0x8001A0C0] -> 0x7063
mem[X,0x8001A0C2] -> 0x40B5
[2248] [M]: 0x8001A0C0 (0x40B57063) bgeu a0, a1, 1024


mem[X,0x8001A0C4] -> 0x8193
mem[X,0x8001A0C6] -> 0x0021
[2249] [M]: 0x8001A0C4 (0x00218193) addi gp, gp, 2
x3 <- 0x00000002


mem[X,0x8001A0C8] -> 0x006F
mem[X,0x8001A0CA] -> 0x4000
[2250] [M]: 0x8001A0C8 (0x4000006F) jal zero, 1024


mem[X,0x8001A4C8] -> 0x2623
mem[X,0x8001A4CA] -> 0x3631
[2251] [M]: 0x8001A4C8 (0x36312623) sw gp, 876(sp)
mem[0x8004A5D0] <- 0x00000002


mem[X,0x8001A4CC] -> 0x6537
mem[X,0x8001A4CE] -> 0x6666
[2252] [M]: 0x8001A4CC (0x66666537) lui a0, 419430
x10 <- 0x66666000


mem[X,0x8001A4D0] -> 0x0513
mem[X,0x8001A4D2] -> 0x6665
[2253] [M]: 0x8001A4D0 (0x66650513) addi a0, a0, 1638
x10 <- 0x66666666


mem[X,0x8001A4D4] -> 0x0593
mem[X,0x8001A4D6] -> 0x0040
[2254] [M]: 0x8001A4D4 (0x00400593) addi a1, zero, 4
x11 <- 0x00000004


mem[X,0x8001A4D8] -> 0x0193
mem[X,0x8001A4DA] -> 0x0000
[2255] [M]: 0x8001A4D8 (0x00000193) addi gp, zero, 0
x3 <- 0x00000000


mem[X,0x8001A4DC] -> 0x006F
mem[X,0x8001A4DE] -> 0x0140
[2256] [M]: 0x8001A4DC (0x0140006F) jal zero, 20


mem[X,0x8001A4F0] -> 0x78E3
mem[X,0x8001A4F2] -> 0xFEB5
[2257] [M]: 0x8001A4F0 (0xFEB578E3) bgeu a0, a1, 8176


mem[X,0x8001A4E0] -> 0x8193
mem[X,0x8001A4E2] -> 0x0011
[2258] [M]: 0x8001A4E0 (0x00118193) addi gp, gp, 1
x3 <- 0x00000001


mem[X,0x8001A4E4] -> 0x006F
mem[X,0x8001A4E6] -> 0x0200
[2259] [M]: 0x8001A4E4 (0x0200006F) jal zero, 32


mem[X,0x8001A504] -> 0x2823
mem[X,0x8001A506] -> 0x3631
[2260] [M]: 0x8001A504 (0x36312823) sw gp, 880(sp)
mem[0x8004A5D4] <- 0x00000001


mem[X,0x8001A508] -> 0x6537
mem[X,0x8001A50A] -> 0x6666
[2261] [M]: 0x8001A508 (0x66666537) lui a0, 419430
x10 <- 0x66666000


mem[X,0x8001A50C] -> 0x0513
mem[X,0x8001A50E] -> 0x6665
[2262] [M]: 0x8001A50C (0x66650513) addi a0, a0, 1638
x10 <- 0x66666666


mem[X,0x8001A510] -> 0x35B7
mem[X,0x8001A512] -> 0x3333
[2263] [M]: 0x8001A510 (0x333335B7) lui a1, 209715
x11 <- 0x33333000


mem[X,0x8001A514] -> 0x8593
mem[X,0x8001A516] -> 0x3325
[2264] [M]: 0x8001A514 (0x33258593) addi a1, a1, 818
x11 <- 0x33333332


mem[X,0x8001A518] -> 0x0193
mem[X,0x8001A51A] -> 0x0000
[2265] [M]: 0x8001A518 (0x00000193) addi gp, zero, 0
x3 <- 0x00000000


mem[X,0x8001A51C] -> 0x006F
mem[X,0x8001A51E] -> 0x00C0
[2266] [M]: 0x8001A51C (0x00C0006F) jal zero, 12


mem[X,0x8001A528] -> 0x7663
mem[X,0x8001A52A] -> 0x00B5
[2267] [M]: 0x8001A528 (0x00B57663) bgeu a0, a1, 12


mem[X,0x8001A534] -> 0x8193
mem[X,0x8001A536] -> 0x0031
[2268] [M]: 0x8001A534 (0x00318193) addi gp, gp, 3
x3 <- 0x00000003


mem[X,0x8001A538] -> 0x006F
mem[X,0x8001A53A] -> 0x0040
[2269] [M]: 0x8001A538 (0x0040006F) jal zero, 4


mem[X,0x8001A53C] -> 0x2A23
mem[X,0x8001A53E] -> 0x3631
[2270] [M]: 0x8001A53C (0x36312A23) sw gp, 884(sp)
mem[0x8004A5D8] <- 0x00000003


mem[X,0x8001A540] -> 0x6537
mem[X,0x8001A542] -> 0x6666
[2271] [M]: 0x8001A540 (0x66666537) lui a0, 419430
x10 <- 0x66666000


mem[X,0x8001A544] -> 0x0513
mem[X,0x8001A546] -> 0x6665
[2272] [M]: 0x8001A544 (0x66650513) addi a0, a0, 1638
x10 <- 0x66666666


mem[X,0x8001A548] -> 0x65B7
mem[X,0x8001A54A] -> 0x6666
[2273] [M]: 0x8001A548 (0x666665B7) lui a1, 419430
x11 <- 0x66666000


mem[X,0x8001A54C] -> 0x8593
mem[X,0x8001A54E] -> 0x6655
[2274] [M]: 0x8001A54C (0x66558593) addi a1, a1, 1637
x11 <- 0x66666665


mem[X,0x8001A550] -> 0x0193
mem[X,0x8001A552] -> 0x0000
[2275] [M]: 0x8001A550 (0x00000193) addi gp, zero, 0
x3 <- 0x00000000


mem[X,0x8001A554] -> 0x006F
mem[X,0x8001A556] -> 0x00C0
[2276] [M]: 0x8001A554 (0x00C0006F) jal zero, 12


mem[X,0x8001A560] -> 0x7663
mem[X,0x8001A562] -> 0x00B5
[2277] [M]: 0x8001A560 (0x00B57663) bgeu a0, a1, 12


mem[X,0x8001A56C] -> 0x8193
mem[X,0x8001A56E] -> 0x0031
[2278] [M]: 0x8001A56C (0x00318193) addi gp, gp, 3
x3 <- 0x00000003


mem[X,0x8001A570] -> 0x006F
mem[X,0x8001A572] -> 0x0040
[2279] [M]: 0x8001A570 (0x0040006F) jal zero, 4


mem[X,0x8001A574] -> 0x2C23
mem[X,0x8001A576] -> 0x3631
[2280] [M]: 0x8001A574 (0x36312C23) sw gp, 888(sp)
mem[0x8004A5DC] <- 0x00000003


mem[X,0x8001A578] -> 0x6537
mem[X,0x8001A57A] -> 0x6666
[2281] [M]: 0x8001A578 (0x66666537) lui a0, 419430
x10 <- 0x66666000


mem[X,0x8001A57C] -> 0x0513
mem[X,0x8001A57E] -> 0x6665
[2282] [M]: 0x8001A57C (0x66650513) addi a0, a0, 1638
x10 <- 0x66666666


mem[X,0x8001A580] -> 0xB5B7
mem[X,0x8001A582] -> 0x0000
[2283] [M]: 0x8001A580 (0x0000B5B7) lui a1, 11
x11 <- 0x0000B000


mem[X,0x8001A584] -> 0x8593
mem[X,0x8001A586] -> 0x5035
[2284] [M]: 0x8001A584 (0x50358593) addi a1, a1, 1283
x11 <- 0x0000B503


mem[X,0x8001A588] -> 0x0193
mem[X,0x8001A58A] -> 0x0000
[2285] [M]: 0x8001A588 (0x00000193) addi gp, zero, 0
x3 <- 0x00000000


mem[X,0x8001A58C] -> 0x006F
mem[X,0x8001A58E] -> 0x00C0
[2286] [M]: 0x8001A58C (0x00C0006F) jal zero, 12


mem[X,0x8001A598] -> 0x7063
mem[X,0x8001A59A] -> 0x20B5
[2287] [M]: 0x8001A598 (0x20B57063) bgeu a0, a1, 512


mem[X,0x8001A798] -> 0x8193
mem[X,0x8001A79A] -> 0x0031
[2288] [M]: 0x8001A798 (0x00318193) addi gp, gp, 3
x3 <- 0x00000003


mem[X,0x8001A79C] -> 0x006F
mem[X,0x8001A79E] -> 0x0040
[2289] [M]: 0x8001A79C (0x0040006F) jal zero, 4


mem[X,0x8001A7A0] -> 0x2E23
mem[X,0x8001A7A2] -> 0x3631
[2290] [M]: 0x8001A7A0 (0x36312E23) sw gp, 892(sp)
mem[0x8004A5E0] <- 0x00000003


mem[X,0x8001A7A4] -> 0x6537
mem[X,0x8001A7A6] -> 0x6666
[2291] [M]: 0x8001A7A4 (0x66666537) lui a0, 419430
x10 <- 0x66666000


mem[X,0x8001A7A8] -> 0x0513
mem[X,0x8001A7AA] -> 0x6665
[2292] [M]: 0x8001A7A8 (0x66650513) addi a0, a0, 1638
x10 <- 0x66666666


mem[X,0x8001A7AC] -> 0x05B7
mem[X,0x8001A7AE] -> 0x0001
[2293] [M]: 0x8001A7AC (0x000105B7) lui a1, 16
x11 <- 0x00010000


mem[X,0x8001A7B0] -> 0x8593
mem[X,0x8001A7B2] -> 0xFFE5
[2294] [M]: 0x8001A7B0 (0xFFE58593) addi a1, a1, 4094
x11 <- 0x0000FFFE


mem[X,0x8001A7B4] -> 0x0193
mem[X,0x8001A7B6] -> 0x0000
[2295] [M]: 0x8001A7B4 (0x00000193) addi gp, zero, 0
x3 <- 0x00000000


mem[X,0x8001A7B8] -> 0x006F
mem[X,0x8001A7BA] -> 0x00C0
[2296] [M]: 0x8001A7B8 (0x00C0006F) jal zero, 12


mem[X,0x8001A7C4] -> 0x7663
mem[X,0x8001A7C6] -> 0x00B5
[2297] [M]: 0x8001A7C4 (0x00B57663) bgeu a0, a1, 12


mem[X,0x8001A7D0] -> 0x8193
mem[X,0x8001A7D2] -> 0x0031
[2298] [M]: 0x8001A7D0 (0x00318193) addi gp, gp, 3
x3 <- 0x00000003


mem[X,0x8001A7D4] -> 0x006F
mem[X,0x8001A7D6] -> 0x0040
[2299] [M]: 0x8001A7D4 (0x0040006F) jal zero, 4


clint::tick mtime <- 0x0000000000000017
 clint timer pending at mtime 0x0000000000000017
htif::tick 0x0000000000000000
mem[X,0x8001A7D8] -> 0x2023
mem[X,0x8001A7DA] -> 0x3831
[2300] [M]: 0x8001A7D8 (0x38312023) sw gp, 896(sp)
mem[0x8004A5E4] <- 0x00000003


mem[X,0x8001A7DC] -> 0x6537
mem[X,0x8001A7DE] -> 0x6666
[2301] [M]: 0x8001A7DC (0x66666537) lui a0, 419430
x10 <- 0x66666000


mem[X,0x8001A7E0] -> 0x0513
mem[X,0x8001A7E2] -> 0x6665
[2302] [M]: 0x8001A7E0 (0x66650513) addi a0, a0, 1638
x10 <- 0x66666666


mem[X,0x8001A7E4] -> 0x55B7
mem[X,0x8001A7E6] -> 0x5555
[2303] [M]: 0x8001A7E4 (0x555555B7) lui a1, 349525
x11 <- 0x55555000


mem[X,0x8001A7E8] -> 0x8593
mem[X,0x8001A7EA] -> 0x5565
[2304] [M]: 0x8001A7E8 (0x55658593) addi a1, a1, 1366
x11 <- 0x55555556


mem[X,0x8001A7EC] -> 0x0193
mem[X,0x8001A7EE] -> 0x0000
[2305] [M]: 0x8001A7EC (0x00000193) addi gp, zero, 0
x3 <- 0x00000000


mem[X,0x8001A7F0] -> 0x006F
mem[X,0x8001A7F2] -> 0x0050
[2306] [M]: 0x8001A7F0 (0x0050006F) jal zero, 2052


mem[X,0x8001AFF4] -> 0x70E3
mem[X,0x8001AFF6] -> 0x80B5
[2307] [M]: 0x8001AFF4 (0x80B570E3) bgeu a0, a1, 6144


mem[X,0x8001A7F4] -> 0x8193
mem[X,0x8001A7F6] -> 0x0011
[2308] [M]: 0x8001A7F4 (0x00118193) addi gp, gp, 1
x3 <- 0x00000001


mem[X,0x8001A7F8] -> 0x006F
mem[X,0x8001A7FA] -> 0x0110
[2309] [M]: 0x8001A7F8 (0x0110006F) jal zero, 2064


mem[X,0x8001B008] -> 0x2223
mem[X,0x8001B00A] -> 0x3831
[2310] [M]: 0x8001B008 (0x38312223) sw gp, 900(sp)
mem[0x8004A5E8] <- 0x00000001


mem[X,0x8001B00C] -> 0x6537
mem[X,0x8001B00E] -> 0x6666
[2311] [M]: 0x8001B00C (0x66666537) lui a0, 419430
x10 <- 0x66666000


mem[X,0x8001B010] -> 0x0513
mem[X,0x8001B012] -> 0x6665
[2312] [M]: 0x8001B010 (0x66650513) addi a0, a0, 1638
x10 <- 0x66666666


mem[X,0x8001B014] -> 0xB5B7
mem[X,0x8001B016] -> 0xAAAA
[2313] [M]: 0x8001B014 (0xAAAAB5B7) lui a1, 699051
x11 <- 0xAAAAB000


mem[X,0x8001B018] -> 0x8593
mem[X,0x8001B01A] -> 0xAAB5
[2314] [M]: 0x8001B018 (0xAAB58593) addi a1, a1, 2731
x11 <- 0xAAAAAAAB


mem[X,0x8001B01C] -> 0x0193
mem[X,0x8001B01E] -> 0x0000
[2315] [M]: 0x8001B01C (0x00000193) addi gp, zero, 0
x3 <- 0x00000000


mem[X,0x8001B020] -> 0x006F
mem[X,0x8001B022] -> 0x00C0
[2316] [M]: 0x8001B020 (0x00C0006F) jal zero, 12


mem[X,0x8001B02C] -> 0x7663
mem[X,0x8001B02E] -> 0x00B5
[2317] [M]: 0x8001B02C (0x00B57663) bgeu a0, a1, 12


mem[X,0x8001B030] -> 0x8193
mem[X,0x8001B032] -> 0x0021
[2318] [M]: 0x8001B030 (0x00218193) addi gp, gp, 2
x3 <- 0x00000002


mem[X,0x8001B034] -> 0x006F
mem[X,0x8001B036] -> 0x00C0
[2319] [M]: 0x8001B034 (0x00C0006F) jal zero, 12


mem[X,0x8001B040] -> 0x2423
mem[X,0x8001B042] -> 0x3831
[2320] [M]: 0x8001B040 (0x38312423) sw gp, 904(sp)
mem[0x8004A5EC] <- 0x00000002


mem[X,0x8001B044] -> 0x6537
mem[X,0x8001B046] -> 0x6666
[2321] [M]: 0x8001B044 (0x66666537) lui a0, 419430
x10 <- 0x66666000


mem[X,0x8001B048] -> 0x0513
mem[X,0x8001B04A] -> 0x6665
[2322] [M]: 0x8001B048 (0x66650513) addi a0, a0, 1638
x10 <- 0x66666666


mem[X,0x8001B04C] -> 0x0593
mem[X,0x8001B04E] -> 0x0060
[2323] [M]: 0x8001B04C (0x00600593) addi a1, zero, 6
x11 <- 0x00000006


mem[X,0x8001B050] -> 0x0193
mem[X,0x8001B052] -> 0x0000
[2324] [M]: 0x8001B050 (0x00000193) addi gp, zero, 0
x3 <- 0x00000000


mem[X,0x8001B054] -> 0x006F
mem[X,0x8001B056] -> 0x00C0
[2325] [M]: 0x8001B054 (0x00C0006F) jal zero, 12


mem[X,0x8001B060] -> 0x7063
mem[X,0x8001B062] -> 0x20B5
[2326] [M]: 0x8001B060 (0x20B57063) bgeu a0, a1, 512


mem[X,0x8001B260] -> 0x8193
mem[X,0x8001B262] -> 0x0031
[2327] [M]: 0x8001B260 (0x00318193) addi gp, gp, 3
x3 <- 0x00000003


mem[X,0x8001B264] -> 0x006F
mem[X,0x8001B266] -> 0x0040
[2328] [M]: 0x8001B264 (0x0040006F) jal zero, 4


mem[X,0x8001B268] -> 0x2623
mem[X,0x8001B26A] -> 0x3831
[2329] [M]: 0x8001B268 (0x38312623) sw gp, 908(sp)
mem[0x8004A5F0] <- 0x00000003


mem[X,0x8001B26C] -> 0x6537
mem[X,0x8001B26E] -> 0x6666
[2330] [M]: 0x8001B26C (0x66666537) lui a0, 419430
x10 <- 0x66666000


mem[X,0x8001B270] -> 0x0513
mem[X,0x8001B272] -> 0x6665
[2331] [M]: 0x8001B270 (0x66650513) addi a0, a0, 1638
x10 <- 0x66666666


mem[X,0x8001B274] -> 0x35B7
mem[X,0x8001B276] -> 0x3333
[2332] [M]: 0x8001B274 (0x333335B7) lui a1, 209715
x11 <- 0x33333000


mem[X,0x8001B278] -> 0x8593
mem[X,0x8001B27A] -> 0x3345
[2333] [M]: 0x8001B278 (0x33458593) addi a1, a1, 820
x11 <- 0x33333334


mem[X,0x8001B27C] -> 0x0193
mem[X,0x8001B27E] -> 0x0000
[2334] [M]: 0x8001B27C (0x00000193) addi gp, zero, 0
x3 <- 0x00000000


mem[X,0x8001B280] -> 0x006F
mem[X,0x8001B282] -> 0x00C0
[2335] [M]: 0x8001B280 (0x00C0006F) jal zero, 12


mem[X,0x8001B28C] -> 0x7CE3
mem[X,0x8001B28E] -> 0xFEB5
[2336] [M]: 0x8001B28C (0xFEB57CE3) bgeu a0, a1, 8184


mem[X,0x8001B284] -> 0x8193
mem[X,0x8001B286] -> 0x0011
[2337] [M]: 0x8001B284 (0x00118193) addi gp, gp, 1
x3 <- 0x00000001


mem[X,0x8001B288] -> 0x006F
mem[X,0x8001B28A] -> 0x0180
[2338] [M]: 0x8001B288 (0x0180006F) jal zero, 24


mem[X,0x8001B2A0] -> 0x2823
mem[X,0x8001B2A2] -> 0x3831
[2339] [M]: 0x8001B2A0 (0x38312823) sw gp, 912(sp)
mem[0x8004A5F4] <- 0x00000001


mem[X,0x8001B2A4] -> 0x6537
mem[X,0x8001B2A6] -> 0x6666
[2340] [M]: 0x8001B2A4 (0x66666537) lui a0, 419430
x10 <- 0x66666000


mem[X,0x8001B2A8] -> 0x0513
mem[X,0x8001B2AA] -> 0x6665
[2341] [M]: 0x8001B2A8 (0x66650513) addi a0, a0, 1638
x10 <- 0x66666666


mem[X,0x8001B2AC] -> 0x65B7
mem[X,0x8001B2AE] -> 0x6666
[2342] [M]: 0x8001B2AC (0x666665B7) lui a1, 419430
x11 <- 0x66666000


mem[X,0x8001B2B0] -> 0x8593
mem[X,0x8001B2B2] -> 0x6675
[2343] [M]: 0x8001B2B0 (0x66758593) addi a1, a1, 1639
x11 <- 0x66666667


mem[X,0x8001B2B4] -> 0x0193
mem[X,0x8001B2B6] -> 0x0000
[2344] [M]: 0x8001B2B4 (0x00000193) addi gp, zero, 0
x3 <- 0x00000000


mem[X,0x8001B2B8] -> 0x006F
mem[X,0x8001B2BA] -> 0x00C0
[2345] [M]: 0x8001B2B8 (0x00C0006F) jal zero, 12


mem[X,0x8001B2C4] -> 0x7863
mem[X,0x8001B2C6] -> 0x00B5
[2346] [M]: 0x8001B2C4 (0x00B57863) bgeu a0, a1, 16


mem[X,0x8001B2C8] -> 0x8193
mem[X,0x8001B2CA] -> 0x0021
[2347] [M]: 0x8001B2C8 (0x00218193) addi gp, gp, 2
x3 <- 0x00000002


mem[X,0x8001B2CC] -> 0x006F
mem[X,0x8001B2CE] -> 0x0100
[2348] [M]: 0x8001B2CC (0x0100006F) jal zero, 16


mem[X,0x8001B2DC] -> 0x2A23
mem[X,0x8001B2DE] -> 0x3831
[2349] [M]: 0x8001B2DC (0x38312A23) sw gp, 916(sp)
mem[0x8004A5F8] <- 0x00000002


mem[X,0x8001B2E0] -> 0x6537
mem[X,0x8001B2E2] -> 0x6666
[2350] [M]: 0x8001B2E0 (0x66666537) lui a0, 419430
x10 <- 0x66666000


mem[X,0x8001B2E4] -> 0x0513
mem[X,0x8001B2E6] -> 0x6665
[2351] [M]: 0x8001B2E4 (0x66650513) addi a0, a0, 1638
x10 <- 0x66666666


mem[X,0x8001B2E8] -> 0xB5B7
mem[X,0x8001B2EA] -> 0x0000
[2352] [M]: 0x8001B2E8 (0x0000B5B7) lui a1, 11
x11 <- 0x0000B000


mem[X,0x8001B2EC] -> 0x8593
mem[X,0x8001B2EE] -> 0x5055
[2353] [M]: 0x8001B2EC (0x50558593) addi a1, a1, 1285
x11 <- 0x0000B505


mem[X,0x8001B2F0] -> 0x0193
mem[X,0x8001B2F2] -> 0x0000
[2354] [M]: 0x8001B2F0 (0x00000193) addi gp, zero, 0
x3 <- 0x00000000


mem[X,0x8001B2F4] -> 0x006F
mem[X,0x8001B2F6] -> 0x0180
[2355] [M]: 0x8001B2F4 (0x0180006F) jal zero, 24


mem[X,0x8001B30C] -> 0x76E3
mem[X,0x8001B30E] -> 0xFEB5
[2356] [M]: 0x8001B30C (0xFEB576E3) bgeu a0, a1, 8172


mem[X,0x8001B2F8] -> 0x8193
mem[X,0x8001B2FA] -> 0x0011
[2357] [M]: 0x8001B2F8 (0x00118193) addi gp, gp, 1
x3 <- 0x00000001


mem[X,0x8001B2FC] -> 0x006F
mem[X,0x8001B2FE] -> 0x0240
[2358] [M]: 0x8001B2FC (0x0240006F) jal zero, 36


mem[X,0x8001B320] -> 0x2C23
mem[X,0x8001B322] -> 0x3831
[2359] [M]: 0x8001B320 (0x38312C23) sw gp, 920(sp)
mem[0x8004A5FC] <- 0x00000001


mem[X,0x8001B324] -> 0x6537
mem[X,0x8001B326] -> 0x6666
[2360] [M]: 0x8001B324 (0x66666537) lui a0, 419430
x10 <- 0x66666000


mem[X,0x8001B328] -> 0x0513
mem[X,0x8001B32A] -> 0x6665
[2361] [M]: 0x8001B328 (0x66650513) addi a0, a0, 1638
x10 <- 0x66666666


mem[X,0x8001B32C] -> 0x0593
mem[X,0x8001B32E] -> 0x0010
[2362] [M]: 0x8001B32C (0x00100593) addi a1, zero, 1
x11 <- 0x00000001


mem[X,0x8001B330] -> 0x0193
mem[X,0x8001B332] -> 0x0000
[2363] [M]: 0x8001B330 (0x00000193) addi gp, zero, 0
x3 <- 0x00000000


mem[X,0x8001B334] -> 0x006F
mem[X,0x8001B336] -> 0x0140
[2364] [M]: 0x8001B334 (0x0140006F) jal zero, 20


mem[X,0x8001B348] -> 0x78E3
mem[X,0x8001B34A] -> 0xFEB5
[2365] [M]: 0x8001B348 (0xFEB578E3) bgeu a0, a1, 8176


mem[X,0x8001B338] -> 0x8193
mem[X,0x8001B33A] -> 0x0011
[2366] [M]: 0x8001B338 (0x00118193) addi gp, gp, 1
x3 <- 0x00000001


mem[X,0x8001B33C] -> 0x006F
mem[X,0x8001B33E] -> 0x0200
[2367] [M]: 0x8001B33C (0x0200006F) jal zero, 32


mem[X,0x8001B35C] -> 0x2E23
mem[X,0x8001B35E] -> 0x3831
[2368] [M]: 0x8001B35C (0x38312E23) sw gp, 924(sp)
mem[0x8004A600] <- 0x00000001


mem[X,0x8001B360] -> 0x6537
mem[X,0x8001B362] -> 0x6666
[2369] [M]: 0x8001B360 (0x66666537) lui a0, 419430
x10 <- 0x66666000


mem[X,0x8001B364] -> 0x0513
mem[X,0x8001B366] -> 0x6665
[2370] [M]: 0x8001B364 (0x66650513) addi a0, a0, 1638
x10 <- 0x66666666


mem[X,0x8001B368] -> 0x05B7
mem[X,0x8001B36A] -> 0x0001
[2371] [M]: 0x8001B368 (0x000105B7) lui a1, 16
x11 <- 0x00010000


mem[X,0x8001B36C] -> 0x0193
mem[X,0x8001B36E] -> 0x0000
[2372] [M]: 0x8001B36C (0x00000193) addi gp, zero, 0
x3 <- 0x00000000


mem[X,0x8001B370] -> 0x006F
mem[X,0x8001B372] -> 0x00C0
[2373] [M]: 0x8001B370 (0x00C0006F) jal zero, 12


mem[X,0x8001B37C] -> 0x7063
mem[X,0x8001B37E] -> 0x10B5
[2374] [M]: 0x8001B37C (0x10B57063) bgeu a0, a1, 256


mem[X,0x8001B47C] -> 0x8193
mem[X,0x8001B47E] -> 0x0031
[2375] [M]: 0x8001B47C (0x00318193) addi gp, gp, 3
x3 <- 0x00000003


mem[X,0x8001B480] -> 0x006F
mem[X,0x8001B482] -> 0x0040
[2376] [M]: 0x8001B480 (0x0040006F) jal zero, 4


mem[X,0x8001B484] -> 0x2023
mem[X,0x8001B486] -> 0x3A31
[2377] [M]: 0x8001B484 (0x3A312023) sw gp, 928(sp)
mem[0x8004A604] <- 0x00000003


mem[X,0x8001B488] -> 0xB537
mem[X,0x8001B48A] -> 0x0000
[2378] [M]: 0x8001B488 (0x0000B537) lui a0, 11
x10 <- 0x0000B000


mem[X,0x8001B48C] -> 0x0513
mem[X,0x8001B48E] -> 0x5045
[2379] [M]: 0x8001B48C (0x50450513) addi a0, a0, 1284
x10 <- 0x0000B504


mem[X,0x8001B490] -> 0x0593
mem[X,0x8001B492] -> 0x0030
[2380] [M]: 0x8001B490 (0x00300593) addi a1, zero, 3
x11 <- 0x00000003


mem[X,0x8001B494] -> 0x0193
mem[X,0x8001B496] -> 0x0000
[2381] [M]: 0x8001B494 (0x00000193) addi gp, zero, 0
x3 <- 0x00000000


mem[X,0x8001B498] -> 0x006F
mem[X,0x8001B49A] -> 0x00C0
[2382] [M]: 0x8001B498 (0x00C0006F) jal zero, 12


mem[X,0x8001B4A4] -> 0x7663
mem[X,0x8001B4A6] -> 0x00B5
[2383] [M]: 0x8001B4A4 (0x00B57663) bgeu a0, a1, 12


mem[X,0x8001B4B0] -> 0x8193
mem[X,0x8001B4B2] -> 0x0031
[2384] [M]: 0x8001B4B0 (0x00318193) addi gp, gp, 3
x3 <- 0x00000003


mem[X,0x8001B4B4] -> 0x006F
mem[X,0x8001B4B6] -> 0x0040
[2385] [M]: 0x8001B4B4 (0x0040006F) jal zero, 4


mem[X,0x8001B4B8] -> 0x2223
mem[X,0x8001B4BA] -> 0x3A31
[2386] [M]: 0x8001B4B8 (0x3A312223) sw gp, 932(sp)
mem[0x8004A608] <- 0x00000003


mem[X,0x8001B4BC] -> 0xB537
mem[X,0x8001B4BE] -> 0x0000
[2387] [M]: 0x8001B4BC (0x0000B537) lui a0, 11
x10 <- 0x0000B000


mem[X,0x8001B4C0] -> 0x0513
mem[X,0x8001B4C2] -> 0x5045
[2388] [M]: 0x8001B4C0 (0x50450513) addi a0, a0, 1284
x10 <- 0x0000B504


mem[X,0x8001B4C4] -> 0x55B7
mem[X,0x8001B4C6] -> 0x5555
[2389] [M]: 0x8001B4C4 (0x555555B7) lui a1, 349525
x11 <- 0x55555000


mem[X,0x8001B4C8] -> 0x8593
mem[X,0x8001B4CA] -> 0x5555
[2390] [M]: 0x8001B4C8 (0x55558593) addi a1, a1, 1365
x11 <- 0x55555555


mem[X,0x8001B4CC] -> 0x0193
mem[X,0x8001B4CE] -> 0x0000
[2391] [M]: 0x8001B4CC (0x00000193) addi gp, zero, 0
x3 <- 0x00000000


mem[X,0x8001B4D0] -> 0x006F
mem[X,0x8001B4D2] -> 0x00C0
[2392] [M]: 0x8001B4D0 (0x00C0006F) jal zero, 12


mem[X,0x8001B4DC] -> 0x7063
mem[X,0x8001B4DE] -> 0x04B5
[2393] [M]: 0x8001B4DC (0x04B57063) bgeu a0, a1, 64


mem[X,0x8001B4E0] -> 0x8193
mem[X,0x8001B4E2] -> 0x0021
[2394] [M]: 0x8001B4E0 (0x00218193) addi gp, gp, 2
x3 <- 0x00000002


mem[X,0x8001B4E4] -> 0x006F
mem[X,0x8001B4E6] -> 0x0400
[2395] [M]: 0x8001B4E4 (0x0400006F) jal zero, 64


mem[X,0x8001B524] -> 0x2423
mem[X,0x8001B526] -> 0x3A31
[2396] [M]: 0x8001B524 (0x3A312423) sw gp, 936(sp)
mem[0x8004A60C] <- 0x00000002


mem[X,0x8001B528] -> 0xB537
mem[X,0x8001B52A] -> 0x0000
[2397] [M]: 0x8001B528 (0x0000B537) lui a0, 11
x10 <- 0x0000B000


mem[X,0x8001B52C] -> 0x0513
mem[X,0x8001B52E] -> 0x5045
[2398] [M]: 0x8001B52C (0x50450513) addi a0, a0, 1284
x10 <- 0x0000B504


mem[X,0x8001B530] -> 0xB5B7
mem[X,0x8001B532] -> 0xAAAA
[2399] [M]: 0x8001B530 (0xAAAAB5B7) lui a1, 699051
x11 <- 0xAAAAB000


clint::tick mtime <- 0x0000000000000018
 clint timer pending at mtime 0x0000000000000018
htif::tick 0x0000000000000000
mem[X,0x8001B534] -> 0x8593
mem[X,0x8001B536] -> 0xAAA5
[2400] [M]: 0x8001B534 (0xAAA58593) addi a1, a1, 2730
x11 <- 0xAAAAAAAA


mem[X,0x8001B538] -> 0x0193
mem[X,0x8001B53A] -> 0x0000
[2401] [M]: 0x8001B538 (0x00000193) addi gp, zero, 0
x3 <- 0x00000000


mem[X,0x8001B53C] -> 0x006F
mem[X,0x8001B53E] -> 0x00C0
[2402] [M]: 0x8001B53C (0x00C0006F) jal zero, 12


mem[X,0x8001B548] -> 0x7663
mem[X,0x8001B54A] -> 0x00B5
[2403] [M]: 0x8001B548 (0x00B57663) bgeu a0, a1, 12


mem[X,0x8001B54C] -> 0x8193
mem[X,0x8001B54E] -> 0x0021
[2404] [M]: 0x8001B54C (0x00218193) addi gp, gp, 2
x3 <- 0x00000002


mem[X,0x8001B550] -> 0x006F
mem[X,0x8001B552] -> 0x00C0
[2405] [M]: 0x8001B550 (0x00C0006F) jal zero, 12


mem[X,0x8001B55C] -> 0x2623
mem[X,0x8001B55E] -> 0x3A31
[2406] [M]: 0x8001B55C (0x3A312623) sw gp, 940(sp)
mem[0x8004A610] <- 0x00000002


mem[X,0x8001B560] -> 0xB537
mem[X,0x8001B562] -> 0x0000
[2407] [M]: 0x8001B560 (0x0000B537) lui a0, 11
x10 <- 0x0000B000


mem[X,0x8001B564] -> 0x0513
mem[X,0x8001B566] -> 0x5045
[2408] [M]: 0x8001B564 (0x50450513) addi a0, a0, 1284
x10 <- 0x0000B504


mem[X,0x8001B568] -> 0x0593
mem[X,0x8001B56A] -> 0x0050
[2409] [M]: 0x8001B568 (0x00500593) addi a1, zero, 5
x11 <- 0x00000005


mem[X,0x8001B56C] -> 0x0193
mem[X,0x8001B56E] -> 0x0000
[2410] [M]: 0x8001B56C (0x00000193) addi gp, zero, 0
x3 <- 0x00000000


mem[X,0x8001B570] -> 0x006F
mem[X,0x8001B572] -> 0x00C0
[2411] [M]: 0x8001B570 (0x00C0006F) jal zero, 12


mem[X,0x8001B57C] -> 0x7063
mem[X,0x8001B57E] -> 0x02B5
[2412] [M]: 0x8001B57C (0x02B57063) bgeu a0, a1, 32


mem[X,0x8001B59C] -> 0x8193
mem[X,0x8001B59E] -> 0x0031
[2413] [M]: 0x8001B59C (0x00318193) addi gp, gp, 3
x3 <- 0x00000003


mem[X,0x8001B5A0] -> 0x006F
mem[X,0x8001B5A2] -> 0x0040
[2414] [M]: 0x8001B5A0 (0x0040006F) jal zero, 4


mem[X,0x8001B5A4] -> 0x2823
mem[X,0x8001B5A6] -> 0x3A31
[2415] [M]: 0x8001B5A4 (0x3A312823) sw gp, 944(sp)
mem[0x8004A614] <- 0x00000003


mem[X,0x8001B5A8] -> 0xB537
mem[X,0x8001B5AA] -> 0x0000
[2416] [M]: 0x8001B5A8 (0x0000B537) lui a0, 11
x10 <- 0x0000B000


mem[X,0x8001B5AC] -> 0x0513
mem[X,0x8001B5AE] -> 0x5045
[2417] [M]: 0x8001B5AC (0x50450513) addi a0, a0, 1284
x10 <- 0x0000B504


mem[X,0x8001B5B0] -> 0x35B7
mem[X,0x8001B5B2] -> 0x3333
[2418] [M]: 0x8001B5B0 (0x333335B7) lui a1, 209715
x11 <- 0x33333000


mem[X,0x8001B5B4] -> 0x8593
mem[X,0x8001B5B6] -> 0x3335
[2419] [M]: 0x8001B5B4 (0x33358593) addi a1, a1, 819
x11 <- 0x33333333


mem[X,0x8001B5B8] -> 0x0193
mem[X,0x8001B5BA] -> 0x0000
[2420] [M]: 0x8001B5B8 (0x00000193) addi gp, zero, 0
x3 <- 0x00000000


mem[X,0x8001B5BC] -> 0x006F
mem[X,0x8001B5BE] -> 0x00C0
[2421] [M]: 0x8001B5BC (0x00C0006F) jal zero, 12


mem[X,0x8001B5C8] -> 0x7063
mem[X,0x8001B5CA] -> 0x20B5
[2422] [M]: 0x8001B5C8 (0x20B57063) bgeu a0, a1, 512


mem[X,0x8001B5CC] -> 0x8193
mem[X,0x8001B5CE] -> 0x0021
[2423] [M]: 0x8001B5CC (0x00218193) addi gp, gp, 2
x3 <- 0x00000002


mem[X,0x8001B5D0] -> 0x006F
mem[X,0x8001B5D2] -> 0x2000
[2424] [M]: 0x8001B5D0 (0x2000006F) jal zero, 512


mem[X,0x8001B7D0] -> 0x2A23
mem[X,0x8001B7D2] -> 0x3A31
[2425] [M]: 0x8001B7D0 (0x3A312A23) sw gp, 948(sp)
mem[0x8004A618] <- 0x00000002


mem[X,0x8001B7D4] -> 0xB537
mem[X,0x8001B7D6] -> 0x0000
[2426] [M]: 0x8001B7D4 (0x0000B537) lui a0, 11
x10 <- 0x0000B000


mem[X,0x8001B7D8] -> 0x0513
mem[X,0x8001B7DA] -> 0x5045
[2427] [M]: 0x8001B7D8 (0x50450513) addi a0, a0, 1284
x10 <- 0x0000B504


mem[X,0x8001B7DC] -> 0x65B7
mem[X,0x8001B7DE] -> 0x6666
[2428] [M]: 0x8001B7DC (0x666665B7) lui a1, 419430
x11 <- 0x66666000


mem[X,0x8001B7E0] -> 0x8593
mem[X,0x8001B7E2] -> 0x6665
[2429] [M]: 0x8001B7E0 (0x66658593) addi a1, a1, 1638
x11 <- 0x66666666


mem[X,0x8001B7E4] -> 0x0193
mem[X,0x8001B7E6] -> 0x0000
[2430] [M]: 0x8001B7E4 (0x00000193) addi gp, zero, 0
x3 <- 0x00000000


mem[X,0x8001B7E8] -> 0x006F
mem[X,0x8001B7EA] -> 0x00C0
[2431] [M]: 0x8001B7E8 (0x00C0006F) jal zero, 12


mem[X,0x8001B7F4] -> 0x7663
mem[X,0x8001B7F6] -> 0x00B5
[2432] [M]: 0x8001B7F4 (0x00B57663) bgeu a0, a1, 12


mem[X,0x8001B7F8] -> 0x8193
mem[X,0x8001B7FA] -> 0x0021
[2433] [M]: 0x8001B7F8 (0x00218193) addi gp, gp, 2
x3 <- 0x00000002


mem[X,0x8001B7FC] -> 0x006F
mem[X,0x8001B7FE] -> 0x00C0
[2434] [M]: 0x8001B7FC (0x00C0006F) jal zero, 12


mem[X,0x8001B808] -> 0x2C23
mem[X,0x8001B80A] -> 0x3A31
[2435] [M]: 0x8001B808 (0x3A312C23) sw gp, 952(sp)
mem[0x8004A61C] <- 0x00000002


mem[X,0x8001B80C] -> 0xB537
mem[X,0x8001B80E] -> 0x0000
[2436] [M]: 0x8001B80C (0x0000B537) lui a0, 11
x10 <- 0x0000B000


mem[X,0x8001B810] -> 0x0513
mem[X,0x8001B812] -> 0x5045
[2437] [M]: 0x8001B810 (0x50450513) addi a0, a0, 1284
x10 <- 0x0000B504


mem[X,0x8001B814] -> 0xB5B7
mem[X,0x8001B816] -> 0x0000
[2438] [M]: 0x8001B814 (0x0000B5B7) lui a1, 11
x11 <- 0x0000B000


mem[X,0x8001B818] -> 0x8593
mem[X,0x8001B81A] -> 0x5045
[2439] [M]: 0x8001B818 (0x50458593) addi a1, a1, 1284
x11 <- 0x0000B504


mem[X,0x8001B81C] -> 0x0193
mem[X,0x8001B81E] -> 0x0000
[2440] [M]: 0x8001B81C (0x00000193) addi gp, zero, 0
x3 <- 0x00000000


mem[X,0x8001B820] -> 0x006F
mem[X,0x8001B822] -> 0x00C0
[2441] [M]: 0x8001B820 (0x00C0006F) jal zero, 12


mem[X,0x8001B82C] -> 0x7663
mem[X,0x8001B82E] -> 0x00B5
[2442] [M]: 0x8001B82C (0x00B57663) bgeu a0, a1, 12


mem[X,0x8001B838] -> 0x8193
mem[X,0x8001B83A] -> 0x0031
[2443] [M]: 0x8001B838 (0x00318193) addi gp, gp, 3
x3 <- 0x00000003


mem[X,0x8001B83C] -> 0x006F
mem[X,0x8001B83E] -> 0x0040
[2444] [M]: 0x8001B83C (0x0040006F) jal zero, 4


mem[X,0x8001B840] -> 0x2E23
mem[X,0x8001B842] -> 0x3A31
[2445] [M]: 0x8001B840 (0x3A312E23) sw gp, 956(sp)
mem[0x8004A620] <- 0x00000003


mem[X,0x8001B844] -> 0xB537
mem[X,0x8001B846] -> 0x0000
[2446] [M]: 0x8001B844 (0x0000B537) lui a0, 11
x10 <- 0x0000B000


mem[X,0x8001B848] -> 0x0513
mem[X,0x8001B84A] -> 0x5045
[2447] [M]: 0x8001B848 (0x50450513) addi a0, a0, 1284
x10 <- 0x0000B504


mem[X,0x8001B84C] -> 0x0593
mem[X,0x8001B84E] -> 0x0000
[2448] [M]: 0x8001B84C (0x00000593) addi a1, zero, 0
x11 <- 0x00000000


mem[X,0x8001B850] -> 0x0193
mem[X,0x8001B852] -> 0x0000
[2449] [M]: 0x8001B850 (0x00000193) addi gp, zero, 0
x3 <- 0x00000000


mem[X,0x8001B854] -> 0x006F
mem[X,0x8001B856] -> 0x00C0
[2450] [M]: 0x8001B854 (0x00C0006F) jal zero, 12


mem[X,0x8001B860] -> 0x7CE3
mem[X,0x8001B862] -> 0xFEB5
[2451] [M]: 0x8001B860 (0xFEB57CE3) bgeu a0, a1, 8184


mem[X,0x8001B858] -> 0x8193
mem[X,0x8001B85A] -> 0x0011
[2452] [M]: 0x8001B858 (0x00118193) addi gp, gp, 1
x3 <- 0x00000001


mem[X,0x8001B85C] -> 0x006F
mem[X,0x8001B85E] -> 0x0180
[2453] [M]: 0x8001B85C (0x0180006F) jal zero, 24


mem[X,0x8001B874] -> 0x2023
mem[X,0x8001B876] -> 0x3C31
[2454] [M]: 0x8001B874 (0x3C312023) sw gp, 960(sp)
mem[0x8004A624] <- 0x00000001


mem[X,0x8001B878] -> 0xB537
mem[X,0x8001B87A] -> 0x0000
[2455] [M]: 0x8001B878 (0x0000B537) lui a0, 11
x10 <- 0x0000B000


mem[X,0x8001B87C] -> 0x0513
mem[X,0x8001B87E] -> 0x5045
[2456] [M]: 0x8001B87C (0x50450513) addi a0, a0, 1284
x10 <- 0x0000B504


mem[X,0x8001B880] -> 0x05B7
mem[X,0x8001B882] -> 0x0001
[2457] [M]: 0x8001B880 (0x000105B7) lui a1, 16
x11 <- 0x00010000


mem[X,0x8001B884] -> 0x8593
mem[X,0x8001B886] -> 0xFFF5
[2458] [M]: 0x8001B884 (0xFFF58593) addi a1, a1, 4095
x11 <- 0x0000FFFF


mem[X,0x8001B888] -> 0x0193
mem[X,0x8001B88A] -> 0x0000
[2459] [M]: 0x8001B888 (0x00000193) addi gp, zero, 0
x3 <- 0x00000000


mem[X,0x8001B88C] -> 0x006F
mem[X,0x8001B88E] -> 0x00C0
[2460] [M]: 0x8001B88C (0x00C0006F) jal zero, 12


mem[X,0x8001B898] -> 0x7063
mem[X,0x8001B89A] -> 0x02B5
[2461] [M]: 0x8001B898 (0x02B57063) bgeu a0, a1, 32


mem[X,0x8001B89C] -> 0x8193
mem[X,0x8001B89E] -> 0x0021
[2462] [M]: 0x8001B89C (0x00218193) addi gp, gp, 2
x3 <- 0x00000002


mem[X,0x8001B8A0] -> 0x006F
mem[X,0x8001B8A2] -> 0x0200
[2463] [M]: 0x8001B8A0 (0x0200006F) jal zero, 32


mem[X,0x8001B8C0] -> 0x2223
mem[X,0x8001B8C2] -> 0x3C31
[2464] [M]: 0x8001B8C0 (0x3C312223) sw gp, 964(sp)
mem[0x8004A628] <- 0x00000002


mem[X,0x8001B8C4] -> 0xB537
mem[X,0x8001B8C6] -> 0x0000
[2465] [M]: 0x8001B8C4 (0x0000B537) lui a0, 11
x10 <- 0x0000B000


mem[X,0x8001B8C8] -> 0x0513
mem[X,0x8001B8CA] -> 0x5045
[2466] [M]: 0x8001B8C8 (0x50450513) addi a0, a0, 1284
x10 <- 0x0000B504


mem[X,0x8001B8CC] -> 0x0593
mem[X,0x8001B8CE] -> 0x0020
[2467] [M]: 0x8001B8CC (0x00200593) addi a1, zero, 2
x11 <- 0x00000002


mem[X,0x8001B8D0] -> 0x0193
mem[X,0x8001B8D2] -> 0x0000
[2468] [M]: 0x8001B8D0 (0x00000193) addi gp, zero, 0
x3 <- 0x00000000


mem[X,0x8001B8D4] -> 0x006F
mem[X,0x8001B8D6] -> 0x00C0
[2469] [M]: 0x8001B8D4 (0x00C0006F) jal zero, 12


mem[X,0x8001B8E0] -> 0x7663
mem[X,0x8001B8E2] -> 0x00B5
[2470] [M]: 0x8001B8E0 (0x00B57663) bgeu a0, a1, 12


mem[X,0x8001B8EC] -> 0x8193
mem[X,0x8001B8EE] -> 0x0031
[2471] [M]: 0x8001B8EC (0x00318193) addi gp, gp, 3
x3 <- 0x00000003


mem[X,0x8001B8F0] -> 0x006F
mem[X,0x8001B8F2] -> 0x0040
[2472] [M]: 0x8001B8F0 (0x0040006F) jal zero, 4


mem[X,0x8001B8F4] -> 0x2423
mem[X,0x8001B8F6] -> 0x3C31
[2473] [M]: 0x8001B8F4 (0x3C312423) sw gp, 968(sp)
mem[0x8004A62C] <- 0x00000003


mem[X,0x8001B8F8] -> 0xB537
mem[X,0x8001B8FA] -> 0x0000
[2474] [M]: 0x8001B8F8 (0x0000B537) lui a0, 11
x10 <- 0x0000B000


mem[X,0x8001B8FC] -> 0x0513
mem[X,0x8001B8FE] -> 0x5045
[2475] [M]: 0x8001B8FC (0x50450513) addi a0, a0, 1284
x10 <- 0x0000B504


mem[X,0x8001B900] -> 0x55B7
mem[X,0x8001B902] -> 0x5555
[2476] [M]: 0x8001B900 (0x555555B7) lui a1, 349525
x11 <- 0x55555000


mem[X,0x8001B904] -> 0x8593
mem[X,0x8001B906] -> 0x5545
[2477] [M]: 0x8001B904 (0x55458593) addi a1, a1, 1364
x11 <- 0x55555554


mem[X,0x8001B908] -> 0x0193
mem[X,0x8001B90A] -> 0x0000
[2478] [M]: 0x8001B908 (0x00000193) addi gp, zero, 0
x3 <- 0x00000000


mem[X,0x8001B90C] -> 0x006F
mem[X,0x8001B90E] -> 0x00C0
[2479] [M]: 0x8001B90C (0x00C0006F) jal zero, 12


mem[X,0x8001B918] -> 0x7063
mem[X,0x8001B91A] -> 0x40B5
[2480] [M]: 0x8001B918 (0x40B57063) bgeu a0, a1, 1024


mem[X,0x8001B91C] -> 0x8193
mem[X,0x8001B91E] -> 0x0021
[2481] [M]: 0x8001B91C (0x00218193) addi gp, gp, 2
x3 <- 0x00000002


mem[X,0x8001B920] -> 0x006F
mem[X,0x8001B922] -> 0x4000
[2482] [M]: 0x8001B920 (0x4000006F) jal zero, 1024


mem[X,0x8001BD20] -> 0x2623
mem[X,0x8001BD22] -> 0x3C31
[2483] [M]: 0x8001BD20 (0x3C312623) sw gp, 972(sp)
mem[0x8004A630] <- 0x00000002


mem[X,0x8001BD24] -> 0xB537
mem[X,0x8001BD26] -> 0x0000
[2484] [M]: 0x8001BD24 (0x0000B537) lui a0, 11
x10 <- 0x0000B000


mem[X,0x8001BD28] -> 0x0513
mem[X,0x8001BD2A] -> 0x5045
[2485] [M]: 0x8001BD28 (0x50450513) addi a0, a0, 1284
x10 <- 0x0000B504


mem[X,0x8001BD2C] -> 0xB5B7
mem[X,0x8001BD2E] -> 0xAAAA
[2486] [M]: 0x8001BD2C (0xAAAAB5B7) lui a1, 699051
x11 <- 0xAAAAB000


mem[X,0x8001BD30] -> 0x8593
mem[X,0x8001BD32] -> 0xAA95
[2487] [M]: 0x8001BD30 (0xAA958593) addi a1, a1, 2729
x11 <- 0xAAAAAAA9


mem[X,0x8001BD34] -> 0x0193
mem[X,0x8001BD36] -> 0x0000
[2488] [M]: 0x8001BD34 (0x00000193) addi gp, zero, 0
x3 <- 0x00000000


mem[X,0x8001BD38] -> 0x006F
mem[X,0x8001BD3A] -> 0x00C0
[2489] [M]: 0x8001BD38 (0x00C0006F) jal zero, 12


mem[X,0x8001BD44] -> 0x7063
mem[X,0x8001BD46] -> 0x40B5
[2490] [M]: 0x8001BD44 (0x40B57063) bgeu a0, a1, 1024


mem[X,0x8001BD48] -> 0x8193
mem[X,0x8001BD4A] -> 0x0021
[2491] [M]: 0x8001BD48 (0x00218193) addi gp, gp, 2
x3 <- 0x00000002


mem[X,0x8001BD4C] -> 0x006F
mem[X,0x8001BD4E] -> 0x4000
[2492] [M]: 0x8001BD4C (0x4000006F) jal zero, 1024


mem[X,0x8001C14C] -> 0x2823
mem[X,0x8001C14E] -> 0x3C31
[2493] [M]: 0x8001C14C (0x3C312823) sw gp, 976(sp)
mem[0x8004A634] <- 0x00000002


mem[X,0x8001C150] -> 0xB537
mem[X,0x8001C152] -> 0x0000
[2494] [M]: 0x8001C150 (0x0000B537) lui a0, 11
x10 <- 0x0000B000


mem[X,0x8001C154] -> 0x0513
mem[X,0x8001C156] -> 0x5045
[2495] [M]: 0x8001C154 (0x50450513) addi a0, a0, 1284
x10 <- 0x0000B504


mem[X,0x8001C158] -> 0x0593
mem[X,0x8001C15A] -> 0x0040
[2496] [M]: 0x8001C158 (0x00400593) addi a1, zero, 4
x11 <- 0x00000004


mem[X,0x8001C15C] -> 0x0193
mem[X,0x8001C15E] -> 0x0000
[2497] [M]: 0x8001C15C (0x00000193) addi gp, zero, 0
x3 <- 0x00000000


mem[X,0x8001C160] -> 0x006F
mem[X,0x8001C162] -> 0x00C0
[2498] [M]: 0x8001C160 (0x00C0006F) jal zero, 12


mem[X,0x8001C16C] -> 0x7CE3
mem[X,0x8001C16E] -> 0xFEB5
[2499] [M]: 0x8001C16C (0xFEB57CE3) bgeu a0, a1, 8184


clint::tick mtime <- 0x0000000000000019
 clint timer pending at mtime 0x0000000000000019
htif::tick 0x0000000000000000
mem[X,0x8001C164] -> 0x8193
mem[X,0x8001C166] -> 0x0011
[2500] [M]: 0x8001C164 (0x00118193) addi gp, gp, 1
x3 <- 0x00000001


mem[X,0x8001C168] -> 0x006F
mem[X,0x8001C16A] -> 0x0180
[2501] [M]: 0x8001C168 (0x0180006F) jal zero, 24


mem[X,0x8001C180] -> 0x2A23
mem[X,0x8001C182] -> 0x3C31
[2502] [M]: 0x8001C180 (0x3C312A23) sw gp, 980(sp)
mem[0x8004A638] <- 0x00000001


mem[X,0x8001C184] -> 0xB537
mem[X,0x8001C186] -> 0x0000
[2503] [M]: 0x8001C184 (0x0000B537) lui a0, 11
x10 <- 0x0000B000


mem[X,0x8001C188] -> 0x0513
mem[X,0x8001C18A] -> 0x5045
[2504] [M]: 0x8001C188 (0x50450513) addi a0, a0, 1284
x10 <- 0x0000B504


mem[X,0x8001C18C] -> 0x35B7
mem[X,0x8001C18E] -> 0x3333
[2505] [M]: 0x8001C18C (0x333335B7) lui a1, 209715
x11 <- 0x33333000


mem[X,0x8001C190] -> 0x8593
mem[X,0x8001C192] -> 0x3325
[2506] [M]: 0x8001C190 (0x33258593) addi a1, a1, 818
x11 <- 0x33333332


mem[X,0x8001C194] -> 0x0193
mem[X,0x8001C196] -> 0x0000
[2507] [M]: 0x8001C194 (0x00000193) addi gp, zero, 0
x3 <- 0x00000000


mem[X,0x8001C198] -> 0x006F
mem[X,0x8001C19A] -> 0x2B10
[2508] [M]: 0x8001C198 (0x2B10006F) jal zero, 2736


mem[X,0x8001CC48] -> 0x7A63
mem[X,0x8001CC4A] -> 0xD4B5
[2509] [M]: 0x8001CC48 (0xD4B57A63) bgeu a0, a1, 5460


mem[X,0x8001CC4C] -> 0x8193
mem[X,0x8001CC4E] -> 0x0021
[2510] [M]: 0x8001CC4C (0x00218193) addi gp, gp, 2
x3 <- 0x00000002


mem[X,0x8001CC50] -> 0x006F
mem[X,0x8001CC52] -> 0x00C0
[2511] [M]: 0x8001CC50 (0x00C0006F) jal zero, 12


mem[X,0x8001CC5C] -> 0x2C23
mem[X,0x8001CC5E] -> 0x3C31
[2512] [M]: 0x8001CC5C (0x3C312C23) sw gp, 984(sp)
mem[0x8004A63C] <- 0x00000002


mem[X,0x8001CC60] -> 0xB537
mem[X,0x8001CC62] -> 0x0000
[2513] [M]: 0x8001CC60 (0x0000B537) lui a0, 11
x10 <- 0x0000B000


mem[X,0x8001CC64] -> 0x0513
mem[X,0x8001CC66] -> 0x5045
[2514] [M]: 0x8001CC64 (0x50450513) addi a0, a0, 1284
x10 <- 0x0000B504


mem[X,0x8001CC68] -> 0x65B7
mem[X,0x8001CC6A] -> 0x6666
[2515] [M]: 0x8001CC68 (0x666665B7) lui a1, 419430
x11 <- 0x66666000


mem[X,0x8001CC6C] -> 0x8593
mem[X,0x8001CC6E] -> 0x6655
[2516] [M]: 0x8001CC6C (0x66558593) addi a1, a1, 1637
x11 <- 0x66666665


mem[X,0x8001CC70] -> 0x0193
mem[X,0x8001CC72] -> 0x0000
[2517] [M]: 0x8001CC70 (0x00000193) addi gp, zero, 0
x3 <- 0x00000000


mem[X,0x8001CC74] -> 0x006F
mem[X,0x8001CC76] -> 0x0100
[2518] [M]: 0x8001CC74 (0x0100006F) jal zero, 16


mem[X,0x8001CC84] -> 0x7AE3
mem[X,0x8001CC86] -> 0xFEB5
[2519] [M]: 0x8001CC84 (0xFEB57AE3) bgeu a0, a1, 8180


mem[X,0x8001CC88] -> 0x8193
mem[X,0x8001CC8A] -> 0x0021
[2520] [M]: 0x8001CC88 (0x00218193) addi gp, gp, 2
x3 <- 0x00000002


mem[X,0x8001CC8C] -> 0x006F
mem[X,0x8001CC8E] -> 0x00C0
[2521] [M]: 0x8001CC8C (0x00C0006F) jal zero, 12


mem[X,0x8001CC98] -> 0x2E23
mem[X,0x8001CC9A] -> 0x3C31
[2522] [M]: 0x8001CC98 (0x3C312E23) sw gp, 988(sp)
mem[0x8004A640] <- 0x00000002


mem[X,0x8001CC9C] -> 0xB537
mem[X,0x8001CC9E] -> 0x0000
[2523] [M]: 0x8001CC9C (0x0000B537) lui a0, 11
x10 <- 0x0000B000


mem[X,0x8001CCA0] -> 0x0513
mem[X,0x8001CCA2] -> 0x5045
[2524] [M]: 0x8001CCA0 (0x50450513) addi a0, a0, 1284
x10 <- 0x0000B504


mem[X,0x8001CCA4] -> 0xB5B7
mem[X,0x8001CCA6] -> 0x0000
[2525] [M]: 0x8001CCA4 (0x0000B5B7) lui a1, 11
x11 <- 0x0000B000


mem[X,0x8001CCA8] -> 0x8593
mem[X,0x8001CCAA] -> 0x5035
[2526] [M]: 0x8001CCA8 (0x50358593) addi a1, a1, 1283
x11 <- 0x0000B503


mem[X,0x8001CCAC] -> 0x0193
mem[X,0x8001CCAE] -> 0x0000
[2527] [M]: 0x8001CCAC (0x00000193) addi gp, zero, 0
x3 <- 0x00000000


mem[X,0x8001CCB0] -> 0x006F
mem[X,0x8001CCB2] -> 0x00C0
[2528] [M]: 0x8001CCB0 (0x00C0006F) jal zero, 12


mem[X,0x8001CCBC] -> 0x7CE3
mem[X,0x8001CCBE] -> 0xFEB5
[2529] [M]: 0x8001CCBC (0xFEB57CE3) bgeu a0, a1, 8184


mem[X,0x8001CCB4] -> 0x8193
mem[X,0x8001CCB6] -> 0x0011
[2530] [M]: 0x8001CCB4 (0x00118193) addi gp, gp, 1
x3 <- 0x00000001


mem[X,0x8001CCB8] -> 0x006F
mem[X,0x8001CCBA] -> 0x0180
[2531] [M]: 0x8001CCB8 (0x0180006F) jal zero, 24


mem[X,0x8001CCD0] -> 0x2023
mem[X,0x8001CCD2] -> 0x3E31
[2532] [M]: 0x8001CCD0 (0x3E312023) sw gp, 992(sp)
mem[0x8004A644] <- 0x00000001


mem[X,0x8001CCD4] -> 0xB537
mem[X,0x8001CCD6] -> 0x0000
[2533] [M]: 0x8001CCD4 (0x0000B537) lui a0, 11
x10 <- 0x0000B000


mem[X,0x8001CCD8] -> 0x0513
mem[X,0x8001CCDA] -> 0x5045
[2534] [M]: 0x8001CCD8 (0x50450513) addi a0, a0, 1284
x10 <- 0x0000B504


mem[X,0x8001CCDC] -> 0x05B7
mem[X,0x8001CCDE] -> 0x0001
[2535] [M]: 0x8001CCDC (0x000105B7) lui a1, 16
x11 <- 0x00010000


mem[X,0x8001CCE0] -> 0x8593
mem[X,0x8001CCE2] -> 0xFFE5
[2536] [M]: 0x8001CCE0 (0xFFE58593) addi a1, a1, 4094
x11 <- 0x0000FFFE


mem[X,0x8001CCE4] -> 0x0193
mem[X,0x8001CCE6] -> 0x0000
[2537] [M]: 0x8001CCE4 (0x00000193) addi gp, zero, 0
x3 <- 0x00000000


mem[X,0x8001CCE8] -> 0x006F
mem[X,0x8001CCEA] -> 0x00C0
[2538] [M]: 0x8001CCE8 (0x00C0006F) jal zero, 12


mem[X,0x8001CCF4] -> 0x7663
mem[X,0x8001CCF6] -> 0x00B5
[2539] [M]: 0x8001CCF4 (0x00B57663) bgeu a0, a1, 12


mem[X,0x8001CCF8] -> 0x8193
mem[X,0x8001CCFA] -> 0x0021
[2540] [M]: 0x8001CCF8 (0x00218193) addi gp, gp, 2
x3 <- 0x00000002


mem[X,0x8001CCFC] -> 0x006F
mem[X,0x8001CCFE] -> 0x00C0
[2541] [M]: 0x8001CCFC (0x00C0006F) jal zero, 12


mem[X,0x8001CD08] -> 0x2223
mem[X,0x8001CD0A] -> 0x3E31
[2542] [M]: 0x8001CD08 (0x3E312223) sw gp, 996(sp)
mem[0x8004A648] <- 0x00000002


mem[X,0x8001CD0C] -> 0xB537
mem[X,0x8001CD0E] -> 0x0000
[2543] [M]: 0x8001CD0C (0x0000B537) lui a0, 11
x10 <- 0x0000B000


mem[X,0x8001CD10] -> 0x0513
mem[X,0x8001CD12] -> 0x5045
[2544] [M]: 0x8001CD10 (0x50450513) addi a0, a0, 1284
x10 <- 0x0000B504


mem[X,0x8001CD14] -> 0x55B7
mem[X,0x8001CD16] -> 0x5555
[2545] [M]: 0x8001CD14 (0x555555B7) lui a1, 349525
x11 <- 0x55555000


mem[X,0x8001CD18] -> 0x8593
mem[X,0x8001CD1A] -> 0x5565
[2546] [M]: 0x8001CD18 (0x55658593) addi a1, a1, 1366
x11 <- 0x55555556


mem[X,0x8001CD1C] -> 0x0193
mem[X,0x8001CD1E] -> 0x0000
[2547] [M]: 0x8001CD1C (0x00000193) addi gp, zero, 0
x3 <- 0x00000000


mem[X,0x8001CD20] -> 0x006F
mem[X,0x8001CD22] -> 0x00C0
[2548] [M]: 0x8001CD20 (0x00C0006F) jal zero, 12


mem[X,0x8001CD2C] -> 0x7063
mem[X,0x8001CD2E] -> 0x08B5
[2549] [M]: 0x8001CD2C (0x08B57063) bgeu a0, a1, 128


mem[X,0x8001CD30] -> 0x8193
mem[X,0x8001CD32] -> 0x0021
[2550] [M]: 0x8001CD30 (0x00218193) addi gp, gp, 2
x3 <- 0x00000002


mem[X,0x8001CD34] -> 0x006F
mem[X,0x8001CD36] -> 0x0800
[2551] [M]: 0x8001CD34 (0x0800006F) jal zero, 128


mem[X,0x8001CDB4] -> 0x2423
mem[X,0x8001CDB6] -> 0x3E31
[2552] [M]: 0x8001CDB4 (0x3E312423) sw gp, 1000(sp)
mem[0x8004A64C] <- 0x00000002


mem[X,0x8001CDB8] -> 0xB537
mem[X,0x8001CDBA] -> 0x0000
[2553] [M]: 0x8001CDB8 (0x0000B537) lui a0, 11
x10 <- 0x0000B000


mem[X,0x8001CDBC] -> 0x0513
mem[X,0x8001CDBE] -> 0x5045
[2554] [M]: 0x8001CDBC (0x50450513) addi a0, a0, 1284
x10 <- 0x0000B504


mem[X,0x8001CDC0] -> 0xB5B7
mem[X,0x8001CDC2] -> 0xAAAA
[2555] [M]: 0x8001CDC0 (0xAAAAB5B7) lui a1, 699051
x11 <- 0xAAAAB000


mem[X,0x8001CDC4] -> 0x8593
mem[X,0x8001CDC6] -> 0xAAB5
[2556] [M]: 0x8001CDC4 (0xAAB58593) addi a1, a1, 2731
x11 <- 0xAAAAAAAB


mem[X,0x8001CDC8] -> 0x0193
mem[X,0x8001CDCA] -> 0x0000
[2557] [M]: 0x8001CDC8 (0x00000193) addi gp, zero, 0
x3 <- 0x00000000


mem[X,0x8001CDCC] -> 0x006F
mem[X,0x8001CDCE] -> 0x0100
[2558] [M]: 0x8001CDCC (0x0100006F) jal zero, 16


mem[X,0x8001CDDC] -> 0x7AE3
mem[X,0x8001CDDE] -> 0xFEB5
[2559] [M]: 0x8001CDDC (0xFEB57AE3) bgeu a0, a1, 8180


mem[X,0x8001CDE0] -> 0x8193
mem[X,0x8001CDE2] -> 0x0021
[2560] [M]: 0x8001CDE0 (0x00218193) addi gp, gp, 2
x3 <- 0x00000002


mem[X,0x8001CDE4] -> 0x006F
mem[X,0x8001CDE6] -> 0x00C0
[2561] [M]: 0x8001CDE4 (0x00C0006F) jal zero, 12


mem[X,0x8001CDF0] -> 0x2623
mem[X,0x8001CDF2] -> 0x3E31
[2562] [M]: 0x8001CDF0 (0x3E312623) sw gp, 1004(sp)
mem[0x8004A650] <- 0x00000002


mem[X,0x8001CDF4] -> 0xB537
mem[X,0x8001CDF6] -> 0x0000
[2563] [M]: 0x8001CDF4 (0x0000B537) lui a0, 11
x10 <- 0x0000B000


mem[X,0x8001CDF8] -> 0x0513
mem[X,0x8001CDFA] -> 0x5045
[2564] [M]: 0x8001CDF8 (0x50450513) addi a0, a0, 1284
x10 <- 0x0000B504


mem[X,0x8001CDFC] -> 0x0593
mem[X,0x8001CDFE] -> 0x0060
[2565] [M]: 0x8001CDFC (0x00600593) addi a1, zero, 6
x11 <- 0x00000006


mem[X,0x8001CE00] -> 0x0193
mem[X,0x8001CE02] -> 0x0000
[2566] [M]: 0x8001CE00 (0x00000193) addi gp, zero, 0
x3 <- 0x00000000


mem[X,0x8001CE04] -> 0x006F
mem[X,0x8001CE06] -> 0x0140
[2567] [M]: 0x8001CE04 (0x0140006F) jal zero, 20


mem[X,0x8001CE18] -> 0x78E3
mem[X,0x8001CE1A] -> 0xFEB5
[2568] [M]: 0x8001CE18 (0xFEB578E3) bgeu a0, a1, 8176


mem[X,0x8001CE08] -> 0x8193
mem[X,0x8001CE0A] -> 0x0011
[2569] [M]: 0x8001CE08 (0x00118193) addi gp, gp, 1
x3 <- 0x00000001


mem[X,0x8001CE0C] -> 0x006F
mem[X,0x8001CE0E] -> 0x0200
[2570] [M]: 0x8001CE0C (0x0200006F) jal zero, 32


mem[X,0x8001CE2C] -> 0x2823
mem[X,0x8001CE2E] -> 0x3E31
[2571] [M]: 0x8001CE2C (0x3E312823) sw gp, 1008(sp)
mem[0x8004A654] <- 0x00000001


mem[X,0x8001CE30] -> 0xB537
mem[X,0x8001CE32] -> 0x0000
[2572] [M]: 0x8001CE30 (0x0000B537) lui a0, 11
x10 <- 0x0000B000


mem[X,0x8001CE34] -> 0x0513
mem[X,0x8001CE36] -> 0x5045
[2573] [M]: 0x8001CE34 (0x50450513) addi a0, a0, 1284
x10 <- 0x0000B504


mem[X,0x8001CE38] -> 0x35B7
mem[X,0x8001CE3A] -> 0x3333
[2574] [M]: 0x8001CE38 (0x333335B7) lui a1, 209715
x11 <- 0x33333000


mem[X,0x8001CE3C] -> 0x8593
mem[X,0x8001CE3E] -> 0x3345
[2575] [M]: 0x8001CE3C (0x33458593) addi a1, a1, 820
x11 <- 0x33333334


mem[X,0x8001CE40] -> 0x0193
mem[X,0x8001CE42] -> 0x0000
[2576] [M]: 0x8001CE40 (0x00000193) addi gp, zero, 0
x3 <- 0x00000000


mem[X,0x8001CE44] -> 0x006F
mem[X,0x8001CE46] -> 0x00C0
[2577] [M]: 0x8001CE44 (0x00C0006F) jal zero, 12


mem[X,0x8001CE50] -> 0x7CE3
mem[X,0x8001CE52] -> 0xFEB5
[2578] [M]: 0x8001CE50 (0xFEB57CE3) bgeu a0, a1, 8184


mem[X,0x8001CE54] -> 0x8193
mem[X,0x8001CE56] -> 0x0021
[2579] [M]: 0x8001CE54 (0x00218193) addi gp, gp, 2
x3 <- 0x00000002


mem[X,0x8001CE58] -> 0x006F
mem[X,0x8001CE5A] -> 0x00C0
[2580] [M]: 0x8001CE58 (0x00C0006F) jal zero, 12


mem[X,0x8001CE64] -> 0x2A23
mem[X,0x8001CE66] -> 0x3E31
[2581] [M]: 0x8001CE64 (0x3E312A23) sw gp, 1012(sp)
mem[0x8004A658] <- 0x00000002


mem[X,0x8001CE68] -> 0xB537
mem[X,0x8001CE6A] -> 0x0000
[2582] [M]: 0x8001CE68 (0x0000B537) lui a0, 11
x10 <- 0x0000B000


mem[X,0x8001CE6C] -> 0x0513
mem[X,0x8001CE6E] -> 0x5045
[2583] [M]: 0x8001CE6C (0x50450513) addi a0, a0, 1284
x10 <- 0x0000B504


mem[X,0x8001CE70] -> 0x65B7
mem[X,0x8001CE72] -> 0x6666
[2584] [M]: 0x8001CE70 (0x666665B7) lui a1, 419430
x11 <- 0x66666000


mem[X,0x8001CE74] -> 0x8593
mem[X,0x8001CE76] -> 0x6675
[2585] [M]: 0x8001CE74 (0x66758593) addi a1, a1, 1639
x11 <- 0x66666667


mem[X,0x8001CE78] -> 0x0193
mem[X,0x8001CE7A] -> 0x0000
[2586] [M]: 0x8001CE78 (0x00000193) addi gp, zero, 0
x3 <- 0x00000000


mem[X,0x8001CE7C] -> 0x006F
mem[X,0x8001CE7E] -> 0x00C0
[2587] [M]: 0x8001CE7C (0x00C0006F) jal zero, 12


mem[X,0x8001CE88] -> 0x7CE3
mem[X,0x8001CE8A] -> 0xFEB5
[2588] [M]: 0x8001CE88 (0xFEB57CE3) bgeu a0, a1, 8184


mem[X,0x8001CE8C] -> 0x8193
mem[X,0x8001CE8E] -> 0x0021
[2589] [M]: 0x8001CE8C (0x00218193) addi gp, gp, 2
x3 <- 0x00000002


mem[X,0x8001CE90] -> 0x006F
mem[X,0x8001CE92] -> 0x00C0
[2590] [M]: 0x8001CE90 (0x00C0006F) jal zero, 12


mem[X,0x8001CE9C] -> 0x2C23
mem[X,0x8001CE9E] -> 0x3E31
[2591] [M]: 0x8001CE9C (0x3E312C23) sw gp, 1016(sp)
mem[0x8004A65C] <- 0x00000002


mem[X,0x8001CEA0] -> 0xB537
mem[X,0x8001CEA2] -> 0x0000
[2592] [M]: 0x8001CEA0 (0x0000B537) lui a0, 11
x10 <- 0x0000B000


mem[X,0x8001CEA4] -> 0x0513
mem[X,0x8001CEA6] -> 0x5045
[2593] [M]: 0x8001CEA4 (0x50450513) addi a0, a0, 1284
x10 <- 0x0000B504


mem[X,0x8001CEA8] -> 0xB5B7
mem[X,0x8001CEAA] -> 0x0000
[2594] [M]: 0x8001CEA8 (0x0000B5B7) lui a1, 11
x11 <- 0x0000B000


mem[X,0x8001CEAC] -> 0x8593
mem[X,0x8001CEAE] -> 0x5055
[2595] [M]: 0x8001CEAC (0x50558593) addi a1, a1, 1285
x11 <- 0x0000B505


mem[X,0x8001CEB0] -> 0x0193
mem[X,0x8001CEB2] -> 0x0000
[2596] [M]: 0x8001CEB0 (0x00000193) addi gp, zero, 0
x3 <- 0x00000000


mem[X,0x8001CEB4] -> 0x006F
mem[X,0x8001CEB6] -> 0x00C0
[2597] [M]: 0x8001CEB4 (0x00C0006F) jal zero, 12


mem[X,0x8001CEC0] -> 0x7663
mem[X,0x8001CEC2] -> 0x00B5
[2598] [M]: 0x8001CEC0 (0x00B57663) bgeu a0, a1, 12


mem[X,0x8001CEC4] -> 0x8193
mem[X,0x8001CEC6] -> 0x0021
[2599] [M]: 0x8001CEC4 (0x00218193) addi gp, gp, 2
x3 <- 0x00000002


clint::tick mtime <- 0x000000000000001A
 clint timer pending at mtime 0x000000000000001A
htif::tick 0x0000000000000000
mem[X,0x8001CEC8] -> 0x006F
mem[X,0x8001CECA] -> 0x00C0
[2600] [M]: 0x8001CEC8 (0x00C0006F) jal zero, 12


mem[X,0x8001CED4] -> 0x2E23
mem[X,0x8001CED6] -> 0x3E31
[2601] [M]: 0x8001CED4 (0x3E312E23) sw gp, 1020(sp)
mem[0x8004A660] <- 0x00000002


mem[X,0x8001CED8] -> 0xB537
mem[X,0x8001CEDA] -> 0x0000
[2602] [M]: 0x8001CED8 (0x0000B537) lui a0, 11
x10 <- 0x0000B000


mem[X,0x8001CEDC] -> 0x0513
mem[X,0x8001CEDE] -> 0x5045
[2603] [M]: 0x8001CEDC (0x50450513) addi a0, a0, 1284
x10 <- 0x0000B504


mem[X,0x8001CEE0] -> 0x0593
mem[X,0x8001CEE2] -> 0x0010
[2604] [M]: 0x8001CEE0 (0x00100593) addi a1, zero, 1
x11 <- 0x00000001


mem[X,0x8001CEE4] -> 0x0193
mem[X,0x8001CEE6] -> 0x0000
[2605] [M]: 0x8001CEE4 (0x00000193) addi gp, zero, 0
x3 <- 0x00000000


mem[X,0x8001CEE8] -> 0x006F
mem[X,0x8001CEEA] -> 0x00C0
[2606] [M]: 0x8001CEE8 (0x00C0006F) jal zero, 12


mem[X,0x8001CEF4] -> 0x7863
mem[X,0x8001CEF6] -> 0x00B5
[2607] [M]: 0x8001CEF4 (0x00B57863) bgeu a0, a1, 16


mem[X,0x8001CF04] -> 0x8193
mem[X,0x8001CF06] -> 0x0031
[2608] [M]: 0x8001CF04 (0x00318193) addi gp, gp, 3
x3 <- 0x00000003


mem[X,0x8001CF08] -> 0x006F
mem[X,0x8001CF0A] -> 0x0040
[2609] [M]: 0x8001CF08 (0x0040006F) jal zero, 4


mem[X,0x8001CF0C] -> 0x2023
mem[X,0x8001CF0E] -> 0x4031
[2610] [M]: 0x8001CF0C (0x40312023) sw gp, 1024(sp)
mem[0x8004A664] <- 0x00000003


mem[X,0x8001CF10] -> 0xB537
mem[X,0x8001CF12] -> 0x0000
[2611] [M]: 0x8001CF10 (0x0000B537) lui a0, 11
x10 <- 0x0000B000


mem[X,0x8001CF14] -> 0x0513
mem[X,0x8001CF16] -> 0x5045
[2612] [M]: 0x8001CF14 (0x50450513) addi a0, a0, 1284
x10 <- 0x0000B504


mem[X,0x8001CF18] -> 0x05B7
mem[X,0x8001CF1A] -> 0x0001
[2613] [M]: 0x8001CF18 (0x000105B7) lui a1, 16
x11 <- 0x00010000


mem[X,0x8001CF1C] -> 0x0193
mem[X,0x8001CF1E] -> 0x0000
[2614] [M]: 0x8001CF1C (0x00000193) addi gp, zero, 0
x3 <- 0x00000000


mem[X,0x8001CF20] -> 0x006F
mem[X,0x8001CF22] -> 0x00C0
[2615] [M]: 0x8001CF20 (0x00C0006F) jal zero, 12


mem[X,0x8001CF2C] -> 0x7CE3
mem[X,0x8001CF2E] -> 0xFEB5
[2616] [M]: 0x8001CF2C (0xFEB57CE3) bgeu a0, a1, 8184


mem[X,0x8001CF30] -> 0x8193
mem[X,0x8001CF32] -> 0x0021
[2617] [M]: 0x8001CF30 (0x00218193) addi gp, gp, 2
x3 <- 0x00000002


mem[X,0x8001CF34] -> 0x006F
mem[X,0x8001CF36] -> 0x00C0
[2618] [M]: 0x8001CF34 (0x00C0006F) jal zero, 12


mem[X,0x8001CF40] -> 0x2223
mem[X,0x8001CF42] -> 0x4031
[2619] [M]: 0x8001CF40 (0x40312223) sw gp, 1028(sp)
mem[0x8004A668] <- 0x00000002


mem[X,0x8001CF44] -> 0x0513
mem[X,0x8001CF46] -> 0x0000
[2620] [M]: 0x8001CF44 (0x00000513) addi a0, zero, 0
x10 <- 0x00000000


mem[X,0x8001CF48] -> 0x0593
mem[X,0x8001CF4A] -> 0x0030
[2621] [M]: 0x8001CF48 (0x00300593) addi a1, zero, 3
x11 <- 0x00000003


mem[X,0x8001CF4C] -> 0x0193
mem[X,0x8001CF4E] -> 0x0000
[2622] [M]: 0x8001CF4C (0x00000193) addi gp, zero, 0
x3 <- 0x00000000


mem[X,0x8001CF50] -> 0x006F
mem[X,0x8001CF52] -> 0x00C0
[2623] [M]: 0x8001CF50 (0x00C0006F) jal zero, 12


mem[X,0x8001CF5C] -> 0x7CE3
mem[X,0x8001CF5E] -> 0xFEB5
[2624] [M]: 0x8001CF5C (0xFEB57CE3) bgeu a0, a1, 8184


mem[X,0x8001CF60] -> 0x8193
mem[X,0x8001CF62] -> 0x0021
[2625] [M]: 0x8001CF60 (0x00218193) addi gp, gp, 2
x3 <- 0x00000002


mem[X,0x8001CF64] -> 0x006F
mem[X,0x8001CF66] -> 0x00C0
[2626] [M]: 0x8001CF64 (0x00C0006F) jal zero, 12


mem[X,0x8001CF70] -> 0x2423
mem[X,0x8001CF72] -> 0x4031
[2627] [M]: 0x8001CF70 (0x40312423) sw gp, 1032(sp)
mem[0x8004A66C] <- 0x00000002


mem[X,0x8001CF74] -> 0x0513
mem[X,0x8001CF76] -> 0x0000
[2628] [M]: 0x8001CF74 (0x00000513) addi a0, zero, 0
x10 <- 0x00000000


mem[X,0x8001CF78] -> 0x55B7
mem[X,0x8001CF7A] -> 0x5555
[2629] [M]: 0x8001CF78 (0x555555B7) lui a1, 349525
x11 <- 0x55555000


mem[X,0x8001CF7C] -> 0x8593
mem[X,0x8001CF7E] -> 0x5555
[2630] [M]: 0x8001CF7C (0x55558593) addi a1, a1, 1365
x11 <- 0x55555555


mem[X,0x8001CF80] -> 0x0193
mem[X,0x8001CF82] -> 0x0000
[2631] [M]: 0x8001CF80 (0x00000193) addi gp, zero, 0
x3 <- 0x00000000


mem[X,0x8001CF84] -> 0x006F
mem[X,0x8001CF86] -> 0x0180
[2632] [M]: 0x8001CF84 (0x0180006F) jal zero, 24


mem[X,0x8001CF9C] -> 0x76E3
mem[X,0x8001CF9E] -> 0xFEB5
[2633] [M]: 0x8001CF9C (0xFEB576E3) bgeu a0, a1, 8172


mem[X,0x8001CFA0] -> 0x8193
mem[X,0x8001CFA2] -> 0x0021
[2634] [M]: 0x8001CFA0 (0x00218193) addi gp, gp, 2
x3 <- 0x00000002


mem[X,0x8001CFA4] -> 0x006F
mem[X,0x8001CFA6] -> 0x00C0
[2635] [M]: 0x8001CFA4 (0x00C0006F) jal zero, 12


mem[X,0x8001CFB0] -> 0x2623
mem[X,0x8001CFB2] -> 0x4031
[2636] [M]: 0x8001CFB0 (0x40312623) sw gp, 1036(sp)
mem[0x8004A670] <- 0x00000002


mem[X,0x8001CFB4] -> 0x0513
mem[X,0x8001CFB6] -> 0x0000
[2637] [M]: 0x8001CFB4 (0x00000513) addi a0, zero, 0
x10 <- 0x00000000


mem[X,0x8001CFB8] -> 0xB5B7
mem[X,0x8001CFBA] -> 0xAAAA
[2638] [M]: 0x8001CFB8 (0xAAAAB5B7) lui a1, 699051
x11 <- 0xAAAAB000


mem[X,0x8001CFBC] -> 0x8593
mem[X,0x8001CFBE] -> 0xAAA5
[2639] [M]: 0x8001CFBC (0xAAA58593) addi a1, a1, 2730
x11 <- 0xAAAAAAAA


mem[X,0x8001CFC0] -> 0x0193
mem[X,0x8001CFC2] -> 0x0000
[2640] [M]: 0x8001CFC0 (0x00000193) addi gp, zero, 0
x3 <- 0x00000000


mem[X,0x8001CFC4] -> 0x006F
mem[X,0x8001CFC6] -> 0x00C0
[2641] [M]: 0x8001CFC4 (0x00C0006F) jal zero, 12


mem[X,0x8001CFD0] -> 0x7663
mem[X,0x8001CFD2] -> 0x00B5
[2642] [M]: 0x8001CFD0 (0x00B57663) bgeu a0, a1, 12


mem[X,0x8001CFD4] -> 0x8193
mem[X,0x8001CFD6] -> 0x0021
[2643] [M]: 0x8001CFD4 (0x00218193) addi gp, gp, 2
x3 <- 0x00000002


mem[X,0x8001CFD8] -> 0x006F
mem[X,0x8001CFDA] -> 0x00C0
[2644] [M]: 0x8001CFD8 (0x00C0006F) jal zero, 12


mem[X,0x8001CFE4] -> 0x2823
mem[X,0x8001CFE6] -> 0x4031
[2645] [M]: 0x8001CFE4 (0x40312823) sw gp, 1040(sp)
mem[0x8004A674] <- 0x00000002


mem[X,0x8001CFE8] -> 0x0513
mem[X,0x8001CFEA] -> 0x0000
[2646] [M]: 0x8001CFE8 (0x00000513) addi a0, zero, 0
x10 <- 0x00000000


mem[X,0x8001CFEC] -> 0x0593
mem[X,0x8001CFEE] -> 0x0050
[2647] [M]: 0x8001CFEC (0x00500593) addi a1, zero, 5
x11 <- 0x00000005


mem[X,0x8001CFF0] -> 0x0193
mem[X,0x8001CFF2] -> 0x0000
[2648] [M]: 0x8001CFF0 (0x00000193) addi gp, zero, 0
x3 <- 0x00000000


mem[X,0x8001CFF4] -> 0x006F
mem[X,0x8001CFF6] -> 0x00C0
[2649] [M]: 0x8001CFF4 (0x00C0006F) jal zero, 12


mem[X,0x8001D000] -> 0x7663
mem[X,0x8001D002] -> 0x00B5
[2650] [M]: 0x8001D000 (0x00B57663) bgeu a0, a1, 12


mem[X,0x8001D004] -> 0x8193
mem[X,0x8001D006] -> 0x0021
[2651] [M]: 0x8001D004 (0x00218193) addi gp, gp, 2
x3 <- 0x00000002


mem[X,0x8001D008] -> 0x006F
mem[X,0x8001D00A] -> 0x00C0
[2652] [M]: 0x8001D008 (0x00C0006F) jal zero, 12


mem[X,0x8001D014] -> 0x2A23
mem[X,0x8001D016] -> 0x4031
[2653] [M]: 0x8001D014 (0x40312A23) sw gp, 1044(sp)
mem[0x8004A678] <- 0x00000002


mem[X,0x8001D018] -> 0x0513
mem[X,0x8001D01A] -> 0x0000
[2654] [M]: 0x8001D018 (0x00000513) addi a0, zero, 0
x10 <- 0x00000000


mem[X,0x8001D01C] -> 0x35B7
mem[X,0x8001D01E] -> 0x3333
[2655] [M]: 0x8001D01C (0x333335B7) lui a1, 209715
x11 <- 0x33333000


mem[X,0x8001D020] -> 0x8593
mem[X,0x8001D022] -> 0x3335
[2656] [M]: 0x8001D020 (0x33358593) addi a1, a1, 819
x11 <- 0x33333333


mem[X,0x8001D024] -> 0x0193
mem[X,0x8001D026] -> 0x0000
[2657] [M]: 0x8001D024 (0x00000193) addi gp, zero, 0
x3 <- 0x00000000


mem[X,0x8001D028] -> 0x006F
mem[X,0x8001D02A] -> 0x0180
[2658] [M]: 0x8001D028 (0x0180006F) jal zero, 24


mem[X,0x8001D040] -> 0x76E3
mem[X,0x8001D042] -> 0xFEB5
[2659] [M]: 0x8001D040 (0xFEB576E3) bgeu a0, a1, 8172


mem[X,0x8001D044] -> 0x8193
mem[X,0x8001D046] -> 0x0021
[2660] [M]: 0x8001D044 (0x00218193) addi gp, gp, 2
x3 <- 0x00000002


mem[X,0x8001D048] -> 0x006F
mem[X,0x8001D04A] -> 0x00C0
[2661] [M]: 0x8001D048 (0x00C0006F) jal zero, 12


mem[X,0x8001D054] -> 0x2C23
mem[X,0x8001D056] -> 0x4031
[2662] [M]: 0x8001D054 (0x40312C23) sw gp, 1048(sp)
mem[0x8004A67C] <- 0x00000002


mem[X,0x8001D058] -> 0x0513
mem[X,0x8001D05A] -> 0x0000
[2663] [M]: 0x8001D058 (0x00000513) addi a0, zero, 0
x10 <- 0x00000000


mem[X,0x8001D05C] -> 0x65B7
mem[X,0x8001D05E] -> 0x6666
[2664] [M]: 0x8001D05C (0x666665B7) lui a1, 419430
x11 <- 0x66666000


mem[X,0x8001D060] -> 0x8593
mem[X,0x8001D062] -> 0x6665
[2665] [M]: 0x8001D060 (0x66658593) addi a1, a1, 1638
x11 <- 0x66666666


mem[X,0x8001D064] -> 0x0193
mem[X,0x8001D066] -> 0x0000
[2666] [M]: 0x8001D064 (0x00000193) addi gp, zero, 0
x3 <- 0x00000000


mem[X,0x8001D068] -> 0x006F
mem[X,0x8001D06A] -> 0x2B10
[2667] [M]: 0x8001D068 (0x2B10006F) jal zero, 2736


mem[X,0x8001DB18] -> 0x7A63
mem[X,0x8001DB1A] -> 0xD4B5
[2668] [M]: 0x8001DB18 (0xD4B57A63) bgeu a0, a1, 5460


mem[X,0x8001DB1C] -> 0x8193
mem[X,0x8001DB1E] -> 0x0021
[2669] [M]: 0x8001DB1C (0x00218193) addi gp, gp, 2
x3 <- 0x00000002


mem[X,0x8001DB20] -> 0x006F
mem[X,0x8001DB22] -> 0x00C0
[2670] [M]: 0x8001DB20 (0x00C0006F) jal zero, 12


mem[X,0x8001DB2C] -> 0x2E23
mem[X,0x8001DB2E] -> 0x4031
[2671] [M]: 0x8001DB2C (0x40312E23) sw gp, 1052(sp)
mem[0x8004A680] <- 0x00000002


mem[X,0x8001DB30] -> 0x0513
mem[X,0x8001DB32] -> 0x0000
[2672] [M]: 0x8001DB30 (0x00000513) addi a0, zero, 0
x10 <- 0x00000000


mem[X,0x8001DB34] -> 0xB5B7
mem[X,0x8001DB36] -> 0x0000
[2673] [M]: 0x8001DB34 (0x0000B5B7) lui a1, 11
x11 <- 0x0000B000


mem[X,0x8001DB38] -> 0x8593
mem[X,0x8001DB3A] -> 0x5045
[2674] [M]: 0x8001DB38 (0x50458593) addi a1, a1, 1284
x11 <- 0x0000B504


mem[X,0x8001DB3C] -> 0x0193
mem[X,0x8001DB3E] -> 0x0000
[2675] [M]: 0x8001DB3C (0x00000193) addi gp, zero, 0
x3 <- 0x00000000


mem[X,0x8001DB40] -> 0x006F
mem[X,0x8001DB42] -> 0x00C0
[2676] [M]: 0x8001DB40 (0x00C0006F) jal zero, 12


mem[X,0x8001DB4C] -> 0x7663
mem[X,0x8001DB4E] -> 0x00B5
[2677] [M]: 0x8001DB4C (0x00B57663) bgeu a0, a1, 12


mem[X,0x8001DB50] -> 0x8193
mem[X,0x8001DB52] -> 0x0021
[2678] [M]: 0x8001DB50 (0x00218193) addi gp, gp, 2
x3 <- 0x00000002


mem[X,0x8001DB54] -> 0x006F
mem[X,0x8001DB56] -> 0x00C0
[2679] [M]: 0x8001DB54 (0x00C0006F) jal zero, 12


mem[X,0x8001DB60] -> 0x2023
mem[X,0x8001DB62] -> 0x4231
[2680] [M]: 0x8001DB60 (0x42312023) sw gp, 1056(sp)
mem[0x8004A684] <- 0x00000002


mem[X,0x8001DB64] -> 0x0513
mem[X,0x8001DB66] -> 0x0000
[2681] [M]: 0x8001DB64 (0x00000513) addi a0, zero, 0
x10 <- 0x00000000


mem[X,0x8001DB68] -> 0x0593
mem[X,0x8001DB6A] -> 0x0000
[2682] [M]: 0x8001DB68 (0x00000593) addi a1, zero, 0
x11 <- 0x00000000


mem[X,0x8001DB6C] -> 0x0193
mem[X,0x8001DB6E] -> 0x0000
[2683] [M]: 0x8001DB6C (0x00000193) addi gp, zero, 0
x3 <- 0x00000000


mem[X,0x8001DB70] -> 0x006F
mem[X,0x8001DB72] -> 0x00C0
[2684] [M]: 0x8001DB70 (0x00C0006F) jal zero, 12


mem[X,0x8001DB7C] -> 0x7063
mem[X,0x8001DB7E] -> 0x08B5
[2685] [M]: 0x8001DB7C (0x08B57063) bgeu a0, a1, 128


mem[X,0x8001DBFC] -> 0x8193
mem[X,0x8001DBFE] -> 0x0031
[2686] [M]: 0x8001DBFC (0x00318193) addi gp, gp, 3
x3 <- 0x00000003


mem[X,0x8001DC00] -> 0x006F
mem[X,0x8001DC02] -> 0x0040
[2687] [M]: 0x8001DC00 (0x0040006F) jal zero, 4


mem[X,0x8001DC04] -> 0x2223
mem[X,0x8001DC06] -> 0x4231
[2688] [M]: 0x8001DC04 (0x42312223) sw gp, 1060(sp)
mem[0x8004A688] <- 0x00000003


mem[X,0x8001DC08] -> 0x0513
mem[X,0x8001DC0A] -> 0x0000
[2689] [M]: 0x8001DC08 (0x00000513) addi a0, zero, 0
x10 <- 0x00000000


mem[X,0x8001DC0C] -> 0x05B7
mem[X,0x8001DC0E] -> 0x0001
[2690] [M]: 0x8001DC0C (0x000105B7) lui a1, 16
x11 <- 0x00010000


mem[X,0x8001DC10] -> 0x8593
mem[X,0x8001DC12] -> 0xFFF5
[2691] [M]: 0x8001DC10 (0xFFF58593) addi a1, a1, 4095
x11 <- 0x0000FFFF


mem[X,0x8001DC14] -> 0x0193
mem[X,0x8001DC16] -> 0x0000
[2692] [M]: 0x8001DC14 (0x00000193) addi gp, zero, 0
x3 <- 0x00000000


mem[X,0x8001DC18] -> 0x006F
mem[X,0x8001DC1A] -> 0x00C0
[2693] [M]: 0x8001DC18 (0x00C0006F) jal zero, 12


mem[X,0x8001DC24] -> 0x7CE3
mem[X,0x8001DC26] -> 0xFEB5
[2694] [M]: 0x8001DC24 (0xFEB57CE3) bgeu a0, a1, 8184


mem[X,0x8001DC28] -> 0x8193
mem[X,0x8001DC2A] -> 0x0021
[2695] [M]: 0x8001DC28 (0x00218193) addi gp, gp, 2
x3 <- 0x00000002


mem[X,0x8001DC2C] -> 0x006F
mem[X,0x8001DC2E] -> 0x00C0
[2696] [M]: 0x8001DC2C (0x00C0006F) jal zero, 12


mem[X,0x8001DC38] -> 0x2423
mem[X,0x8001DC3A] -> 0x4231
[2697] [M]: 0x8001DC38 (0x42312423) sw gp, 1064(sp)
mem[0x8004A68C] <- 0x00000002


mem[X,0x8001DC3C] -> 0x0513
mem[X,0x8001DC3E] -> 0x0000
[2698] [M]: 0x8001DC3C (0x00000513) addi a0, zero, 0
x10 <- 0x00000000


mem[X,0x8001DC40] -> 0x0593
mem[X,0x8001DC42] -> 0x0020
[2699] [M]: 0x8001DC40 (0x00200593) addi a1, zero, 2
x11 <- 0x00000002


clint::tick mtime <- 0x000000000000001B
 clint timer pending at mtime 0x000000000000001B
htif::tick 0x0000000000000000
mem[X,0x8001DC44] -> 0x0193
mem[X,0x8001DC46] -> 0x0000
[2700] [M]: 0x8001DC44 (0x00000193) addi gp, zero, 0
x3 <- 0x00000000


mem[X,0x8001DC48] -> 0x006F
mem[X,0x8001DC4A] -> 0x0140
[2701] [M]: 0x8001DC48 (0x0140006F) jal zero, 20


mem[X,0x8001DC5C] -> 0x78E3
mem[X,0x8001DC5E] -> 0xFEB5
[2702] [M]: 0x8001DC5C (0xFEB578E3) bgeu a0, a1, 8176


mem[X,0x8001DC60] -> 0x8193
mem[X,0x8001DC62] -> 0x0021
[2703] [M]: 0x8001DC60 (0x00218193) addi gp, gp, 2
x3 <- 0x00000002


mem[X,0x8001DC64] -> 0x006F
mem[X,0x8001DC66] -> 0x00C0
[2704] [M]: 0x8001DC64 (0x00C0006F) jal zero, 12


mem[X,0x8001DC70] -> 0x2623
mem[X,0x8001DC72] -> 0x4231
[2705] [M]: 0x8001DC70 (0x42312623) sw gp, 1068(sp)
mem[0x8004A690] <- 0x00000002


mem[X,0x8001DC74] -> 0x0513
mem[X,0x8001DC76] -> 0x0000
[2706] [M]: 0x8001DC74 (0x00000513) addi a0, zero, 0
x10 <- 0x00000000


mem[X,0x8001DC78] -> 0x55B7
mem[X,0x8001DC7A] -> 0x5555
[2707] [M]: 0x8001DC78 (0x555555B7) lui a1, 349525
x11 <- 0x55555000


mem[X,0x8001DC7C] -> 0x8593
mem[X,0x8001DC7E] -> 0x5545
[2708] [M]: 0x8001DC7C (0x55458593) addi a1, a1, 1364
x11 <- 0x55555554


mem[X,0x8001DC80] -> 0x0193
mem[X,0x8001DC82] -> 0x0000
[2709] [M]: 0x8001DC80 (0x00000193) addi gp, zero, 0
x3 <- 0x00000000


mem[X,0x8001DC84] -> 0x006F
mem[X,0x8001DC86] -> 0x00C0
[2710] [M]: 0x8001DC84 (0x00C0006F) jal zero, 12


mem[X,0x8001DC90] -> 0x7063
mem[X,0x8001DC92] -> 0x10B5
[2711] [M]: 0x8001DC90 (0x10B57063) bgeu a0, a1, 256


mem[X,0x8001DC94] -> 0x8193
mem[X,0x8001DC96] -> 0x0021
[2712] [M]: 0x8001DC94 (0x00218193) addi gp, gp, 2
x3 <- 0x00000002


mem[X,0x8001DC98] -> 0x006F
mem[X,0x8001DC9A] -> 0x1000
[2713] [M]: 0x8001DC98 (0x1000006F) jal zero, 256


mem[X,0x8001DD98] -> 0x2823
mem[X,0x8001DD9A] -> 0x4231
[2714] [M]: 0x8001DD98 (0x42312823) sw gp, 1072(sp)
mem[0x8004A694] <- 0x00000002


mem[X,0x8001DD9C] -> 0x0513
mem[X,0x8001DD9E] -> 0x0000
[2715] [M]: 0x8001DD9C (0x00000513) addi a0, zero, 0
x10 <- 0x00000000


mem[X,0x8001DDA0] -> 0xB5B7
mem[X,0x8001DDA2] -> 0xAAAA
[2716] [M]: 0x8001DDA0 (0xAAAAB5B7) lui a1, 699051
x11 <- 0xAAAAB000


mem[X,0x8001DDA4] -> 0x8593
mem[X,0x8001DDA6] -> 0xAA95
[2717] [M]: 0x8001DDA4 (0xAA958593) addi a1, a1, 2729
x11 <- 0xAAAAAAA9


mem[X,0x8001DDA8] -> 0x0193
mem[X,0x8001DDAA] -> 0x0000
[2718] [M]: 0x8001DDA8 (0x00000193) addi gp, zero, 0
x3 <- 0x00000000


mem[X,0x8001DDAC] -> 0x006F
mem[X,0x8001DDAE] -> 0x00C0
[2719] [M]: 0x8001DDAC (0x00C0006F) jal zero, 12


mem[X,0x8001DDB8] -> 0x7663
mem[X,0x8001DDBA] -> 0x00B5
[2720] [M]: 0x8001DDB8 (0x00B57663) bgeu a0, a1, 12


mem[X,0x8001DDBC] -> 0x8193
mem[X,0x8001DDBE] -> 0x0021
[2721] [M]: 0x8001DDBC (0x00218193) addi gp, gp, 2
x3 <- 0x00000002


mem[X,0x8001DDC0] -> 0x006F
mem[X,0x8001DDC2] -> 0x00C0
[2722] [M]: 0x8001DDC0 (0x00C0006F) jal zero, 12


mem[X,0x8001DDCC] -> 0x2A23
mem[X,0x8001DDCE] -> 0x4231
[2723] [M]: 0x8001DDCC (0x42312A23) sw gp, 1076(sp)
mem[0x8004A698] <- 0x00000002


mem[X,0x8001DDD0] -> 0x0513
mem[X,0x8001DDD2] -> 0x0000
[2724] [M]: 0x8001DDD0 (0x00000513) addi a0, zero, 0
x10 <- 0x00000000


mem[X,0x8001DDD4] -> 0x0593
mem[X,0x8001DDD6] -> 0x0040
[2725] [M]: 0x8001DDD4 (0x00400593) addi a1, zero, 4
x11 <- 0x00000004


mem[X,0x8001DDD8] -> 0x0193
mem[X,0x8001DDDA] -> 0x0000
[2726] [M]: 0x8001DDD8 (0x00000193) addi gp, zero, 0
x3 <- 0x00000000


mem[X,0x8001DDDC] -> 0x006F
mem[X,0x8001DDDE] -> 0x00C0
[2727] [M]: 0x8001DDDC (0x00C0006F) jal zero, 12


mem[X,0x8001DDE8] -> 0x7063
mem[X,0x8001DDEA] -> 0x02B5
[2728] [M]: 0x8001DDE8 (0x02B57063) bgeu a0, a1, 32


mem[X,0x8001DDEC] -> 0x8193
mem[X,0x8001DDEE] -> 0x0021
[2729] [M]: 0x8001DDEC (0x00218193) addi gp, gp, 2
x3 <- 0x00000002


mem[X,0x8001DDF0] -> 0x006F
mem[X,0x8001DDF2] -> 0x0200
[2730] [M]: 0x8001DDF0 (0x0200006F) jal zero, 32


mem[X,0x8001DE10] -> 0x2C23
mem[X,0x8001DE12] -> 0x4231
[2731] [M]: 0x8001DE10 (0x42312C23) sw gp, 1080(sp)
mem[0x8004A69C] <- 0x00000002


mem[X,0x8001DE14] -> 0x0513
mem[X,0x8001DE16] -> 0x0000
[2732] [M]: 0x8001DE14 (0x00000513) addi a0, zero, 0
x10 <- 0x00000000


mem[X,0x8001DE18] -> 0x35B7
mem[X,0x8001DE1A] -> 0x3333
[2733] [M]: 0x8001DE18 (0x333335B7) lui a1, 209715
x11 <- 0x33333000


mem[X,0x8001DE1C] -> 0x8593
mem[X,0x8001DE1E] -> 0x3325
[2734] [M]: 0x8001DE1C (0x33258593) addi a1, a1, 818
x11 <- 0x33333332


mem[X,0x8001DE20] -> 0x0193
mem[X,0x8001DE22] -> 0x0000
[2735] [M]: 0x8001DE20 (0x00000193) addi gp, zero, 0
x3 <- 0x00000000


mem[X,0x8001DE24] -> 0x006F
mem[X,0x8001DE26] -> 0x0050
[2736] [M]: 0x8001DE24 (0x0050006F) jal zero, 2052


mem[X,0x8001E628] -> 0x70E3
mem[X,0x8001E62A] -> 0x80B5
[2737] [M]: 0x8001E628 (0x80B570E3) bgeu a0, a1, 6144


mem[X,0x8001E62C] -> 0x8193
mem[X,0x8001E62E] -> 0x0021
[2738] [M]: 0x8001E62C (0x00218193) addi gp, gp, 2
x3 <- 0x00000002


mem[X,0x8001E630] -> 0x006F
mem[X,0x8001E632] -> 0x00C0
[2739] [M]: 0x8001E630 (0x00C0006F) jal zero, 12


mem[X,0x8001E63C] -> 0x2E23
mem[X,0x8001E63E] -> 0x4231
[2740] [M]: 0x8001E63C (0x42312E23) sw gp, 1084(sp)
mem[0x8004A6A0] <- 0x00000002


mem[X,0x8001E640] -> 0x0513
mem[X,0x8001E642] -> 0x0000
[2741] [M]: 0x8001E640 (0x00000513) addi a0, zero, 0
x10 <- 0x00000000


mem[X,0x8001E644] -> 0x65B7
mem[X,0x8001E646] -> 0x6666
[2742] [M]: 0x8001E644 (0x666665B7) lui a1, 419430
x11 <- 0x66666000


mem[X,0x8001E648] -> 0x8593
mem[X,0x8001E64A] -> 0x6655
[2743] [M]: 0x8001E648 (0x66558593) addi a1, a1, 1637
x11 <- 0x66666665


mem[X,0x8001E64C] -> 0x0193
mem[X,0x8001E64E] -> 0x0000
[2744] [M]: 0x8001E64C (0x00000193) addi gp, zero, 0
x3 <- 0x00000000


mem[X,0x8001E650] -> 0x006F
mem[X,0x8001E652] -> 0x00C0
[2745] [M]: 0x8001E650 (0x00C0006F) jal zero, 12


mem[X,0x8001E65C] -> 0x7063
mem[X,0x8001E65E] -> 0x08B5
[2746] [M]: 0x8001E65C (0x08B57063) bgeu a0, a1, 128


mem[X,0x8001E660] -> 0x8193
mem[X,0x8001E662] -> 0x0021
[2747] [M]: 0x8001E660 (0x00218193) addi gp, gp, 2
x3 <- 0x00000002


mem[X,0x8001E664] -> 0x006F
mem[X,0x8001E666] -> 0x0800
[2748] [M]: 0x8001E664 (0x0800006F) jal zero, 128


mem[X,0x8001E6E4] -> 0x2023
mem[X,0x8001E6E6] -> 0x4431
[2749] [M]: 0x8001E6E4 (0x44312023) sw gp, 1088(sp)
mem[0x8004A6A4] <- 0x00000002


mem[X,0x8001E6E8] -> 0x0513
mem[X,0x8001E6EA] -> 0x0000
[2750] [M]: 0x8001E6E8 (0x00000513) addi a0, zero, 0
x10 <- 0x00000000


mem[X,0x8001E6EC] -> 0xB5B7
mem[X,0x8001E6EE] -> 0x0000
[2751] [M]: 0x8001E6EC (0x0000B5B7) lui a1, 11
x11 <- 0x0000B000


mem[X,0x8001E6F0] -> 0x8593
mem[X,0x8001E6F2] -> 0x5035
[2752] [M]: 0x8001E6F0 (0x50358593) addi a1, a1, 1283
x11 <- 0x0000B503


mem[X,0x8001E6F4] -> 0x0193
mem[X,0x8001E6F6] -> 0x0000
[2753] [M]: 0x8001E6F4 (0x00000193) addi gp, zero, 0
x3 <- 0x00000000


mem[X,0x8001E6F8] -> 0x006F
mem[X,0x8001E6FA] -> 0x00C0
[2754] [M]: 0x8001E6F8 (0x00C0006F) jal zero, 12


mem[X,0x8001E704] -> 0x7863
mem[X,0x8001E706] -> 0x00B5
[2755] [M]: 0x8001E704 (0x00B57863) bgeu a0, a1, 16


mem[X,0x8001E708] -> 0x8193
mem[X,0x8001E70A] -> 0x0021
[2756] [M]: 0x8001E708 (0x00218193) addi gp, gp, 2
x3 <- 0x00000002


mem[X,0x8001E70C] -> 0x006F
mem[X,0x8001E70E] -> 0x0100
[2757] [M]: 0x8001E70C (0x0100006F) jal zero, 16


mem[X,0x8001E71C] -> 0x2223
mem[X,0x8001E71E] -> 0x4431
[2758] [M]: 0x8001E71C (0x44312223) sw gp, 1092(sp)
mem[0x8004A6A8] <- 0x00000002


mem[X,0x8001E720] -> 0x0513
mem[X,0x8001E722] -> 0x0000
[2759] [M]: 0x8001E720 (0x00000513) addi a0, zero, 0
x10 <- 0x00000000


mem[X,0x8001E724] -> 0x05B7
mem[X,0x8001E726] -> 0x0001
[2760] [M]: 0x8001E724 (0x000105B7) lui a1, 16
x11 <- 0x00010000


mem[X,0x8001E728] -> 0x8593
mem[X,0x8001E72A] -> 0xFFE5
[2761] [M]: 0x8001E728 (0xFFE58593) addi a1, a1, 4094
x11 <- 0x0000FFFE


mem[X,0x8001E72C] -> 0x0193
mem[X,0x8001E72E] -> 0x0000
[2762] [M]: 0x8001E72C (0x00000193) addi gp, zero, 0
x3 <- 0x00000000


mem[X,0x8001E730] -> 0x006F
mem[X,0x8001E732] -> 0x0180
[2763] [M]: 0x8001E730 (0x0180006F) jal zero, 24


mem[X,0x8001E748] -> 0x76E3
mem[X,0x8001E74A] -> 0xFEB5
[2764] [M]: 0x8001E748 (0xFEB576E3) bgeu a0, a1, 8172


mem[X,0x8001E74C] -> 0x8193
mem[X,0x8001E74E] -> 0x0021
[2765] [M]: 0x8001E74C (0x00218193) addi gp, gp, 2
x3 <- 0x00000002


mem[X,0x8001E750] -> 0x006F
mem[X,0x8001E752] -> 0x00C0
[2766] [M]: 0x8001E750 (0x00C0006F) jal zero, 12


mem[X,0x8001E75C] -> 0x2423
mem[X,0x8001E75E] -> 0x4431
[2767] [M]: 0x8001E75C (0x44312423) sw gp, 1096(sp)
mem[0x8004A6AC] <- 0x00000002


mem[X,0x8001E760] -> 0x0513
mem[X,0x8001E762] -> 0x0000
[2768] [M]: 0x8001E760 (0x00000513) addi a0, zero, 0
x10 <- 0x00000000


mem[X,0x8001E764] -> 0x55B7
mem[X,0x8001E766] -> 0x5555
[2769] [M]: 0x8001E764 (0x555555B7) lui a1, 349525
x11 <- 0x55555000


mem[X,0x8001E768] -> 0x8593
mem[X,0x8001E76A] -> 0x5565
[2770] [M]: 0x8001E768 (0x55658593) addi a1, a1, 1366
x11 <- 0x55555556


mem[X,0x8001E76C] -> 0x0193
mem[X,0x8001E76E] -> 0x0000
[2771] [M]: 0x8001E76C (0x00000193) addi gp, zero, 0
x3 <- 0x00000000


mem[X,0x8001E770] -> 0x006F
mem[X,0x8001E772] -> 0x00C0
[2772] [M]: 0x8001E770 (0x00C0006F) jal zero, 12


mem[X,0x8001E77C] -> 0x7063
mem[X,0x8001E77E] -> 0x08B5
[2773] [M]: 0x8001E77C (0x08B57063) bgeu a0, a1, 128


mem[X,0x8001E780] -> 0x8193
mem[X,0x8001E782] -> 0x0021
[2774] [M]: 0x8001E780 (0x00218193) addi gp, gp, 2
x3 <- 0x00000002


mem[X,0x8001E784] -> 0x006F
mem[X,0x8001E786] -> 0x0800
[2775] [M]: 0x8001E784 (0x0800006F) jal zero, 128


mem[X,0x8001E804] -> 0x2623
mem[X,0x8001E806] -> 0x4431
[2776] [M]: 0x8001E804 (0x44312623) sw gp, 1100(sp)
mem[0x8004A6B0] <- 0x00000002


mem[X,0x8001E808] -> 0x0513
mem[X,0x8001E80A] -> 0x0000
[2777] [M]: 0x8001E808 (0x00000513) addi a0, zero, 0
x10 <- 0x00000000


mem[X,0x8001E80C] -> 0xB5B7
mem[X,0x8001E80E] -> 0xAAAA
[2778] [M]: 0x8001E80C (0xAAAAB5B7) lui a1, 699051
x11 <- 0xAAAAB000


mem[X,0x8001E810] -> 0x8593
mem[X,0x8001E812] -> 0xAAB5
[2779] [M]: 0x8001E810 (0xAAB58593) addi a1, a1, 2731
x11 <- 0xAAAAAAAB


mem[X,0x8001E814] -> 0x0193
mem[X,0x8001E816] -> 0x0000
[2780] [M]: 0x8001E814 (0x00000193) addi gp, zero, 0
x3 <- 0x00000000


mem[X,0x8001E818] -> 0x006F
mem[X,0x8001E81A] -> 0x00C0
[2781] [M]: 0x8001E818 (0x00C0006F) jal zero, 12


mem[X,0x8001E824] -> 0x7CE3
mem[X,0x8001E826] -> 0xFEB5
[2782] [M]: 0x8001E824 (0xFEB57CE3) bgeu a0, a1, 8184


mem[X,0x8001E828] -> 0x8193
mem[X,0x8001E82A] -> 0x0021
[2783] [M]: 0x8001E828 (0x00218193) addi gp, gp, 2
x3 <- 0x00000002


mem[X,0x8001E82C] -> 0x006F
mem[X,0x8001E82E] -> 0x00C0
[2784] [M]: 0x8001E82C (0x00C0006F) jal zero, 12


mem[X,0x8001E838] -> 0x2823
mem[X,0x8001E83A] -> 0x4431
[2785] [M]: 0x8001E838 (0x44312823) sw gp, 1104(sp)
mem[0x8004A6B4] <- 0x00000002


mem[X,0x8001E83C] -> 0x0513
mem[X,0x8001E83E] -> 0x0000
[2786] [M]: 0x8001E83C (0x00000513) addi a0, zero, 0
x10 <- 0x00000000


mem[X,0x8001E840] -> 0x0593
mem[X,0x8001E842] -> 0x0060
[2787] [M]: 0x8001E840 (0x00600593) addi a1, zero, 6
x11 <- 0x00000006


mem[X,0x8001E844] -> 0x0193
mem[X,0x8001E846] -> 0x0000
[2788] [M]: 0x8001E844 (0x00000193) addi gp, zero, 0
x3 <- 0x00000000


mem[X,0x8001E848] -> 0x006F
mem[X,0x8001E84A] -> 0x00C0
[2789] [M]: 0x8001E848 (0x00C0006F) jal zero, 12


mem[X,0x8001E854] -> 0x7663
mem[X,0x8001E856] -> 0x00B5
[2790] [M]: 0x8001E854 (0x00B57663) bgeu a0, a1, 12


mem[X,0x8001E858] -> 0x8193
mem[X,0x8001E85A] -> 0x0021
[2791] [M]: 0x8001E858 (0x00218193) addi gp, gp, 2
x3 <- 0x00000002


mem[X,0x8001E85C] -> 0x006F
mem[X,0x8001E85E] -> 0x00C0
[2792] [M]: 0x8001E85C (0x00C0006F) jal zero, 12


mem[X,0x8001E868] -> 0x2A23
mem[X,0x8001E86A] -> 0x4431
[2793] [M]: 0x8001E868 (0x44312A23) sw gp, 1108(sp)
mem[0x8004A6B8] <- 0x00000002


mem[X,0x8001E86C] -> 0x0513
mem[X,0x8001E86E] -> 0x0000
[2794] [M]: 0x8001E86C (0x00000513) addi a0, zero, 0
x10 <- 0x00000000


mem[X,0x8001E870] -> 0x35B7
mem[X,0x8001E872] -> 0x3333
[2795] [M]: 0x8001E870 (0x333335B7) lui a1, 209715
x11 <- 0x33333000


mem[X,0x8001E874] -> 0x8593
mem[X,0x8001E876] -> 0x3345
[2796] [M]: 0x8001E874 (0x33458593) addi a1, a1, 820
x11 <- 0x33333334


mem[X,0x8001E878] -> 0x0193
mem[X,0x8001E87A] -> 0x0000
[2797] [M]: 0x8001E878 (0x00000193) addi gp, zero, 0
x3 <- 0x00000000


mem[X,0x8001E87C] -> 0x006F
mem[X,0x8001E87E] -> 0x2B10
[2798] [M]: 0x8001E87C (0x2B10006F) jal zero, 2736


mem[X,0x8001F32C] -> 0x7A63
mem[X,0x8001F32E] -> 0xD4B5
[2799] [M]: 0x8001F32C (0xD4B57A63) bgeu a0, a1, 5460


clint::tick mtime <- 0x000000000000001C
 clint timer pending at mtime 0x000000000000001C
htif::tick 0x0000000000000000
mem[X,0x8001F330] -> 0x8193
mem[X,0x8001F332] -> 0x0021
[2800] [M]: 0x8001F330 (0x00218193) addi gp, gp, 2
x3 <- 0x00000002


mem[X,0x8001F334] -> 0x006F
mem[X,0x8001F336] -> 0x00C0
[2801] [M]: 0x8001F334 (0x00C0006F) jal zero, 12


mem[X,0x8001F340] -> 0x2C23
mem[X,0x8001F342] -> 0x4431
[2802] [M]: 0x8001F340 (0x44312C23) sw gp, 1112(sp)
mem[0x8004A6BC] <- 0x00000002


mem[X,0x8001F344] -> 0x0513
mem[X,0x8001F346] -> 0x0000
[2803] [M]: 0x8001F344 (0x00000513) addi a0, zero, 0
x10 <- 0x00000000


mem[X,0x8001F348] -> 0x65B7
mem[X,0x8001F34A] -> 0x6666
[2804] [M]: 0x8001F348 (0x666665B7) lui a1, 419430
x11 <- 0x66666000


mem[X,0x8001F34C] -> 0x8593
mem[X,0x8001F34E] -> 0x6675
[2805] [M]: 0x8001F34C (0x66758593) addi a1, a1, 1639
x11 <- 0x66666667


mem[X,0x8001F350] -> 0x0193
mem[X,0x8001F352] -> 0x0000
[2806] [M]: 0x8001F350 (0x00000193) addi gp, zero, 0
x3 <- 0x00000000


mem[X,0x8001F354] -> 0x006F
mem[X,0x8001F356] -> 0x00C0
[2807] [M]: 0x8001F354 (0x00C0006F) jal zero, 12


mem[X,0x8001F360] -> 0x7CE3
mem[X,0x8001F362] -> 0xFEB5
[2808] [M]: 0x8001F360 (0xFEB57CE3) bgeu a0, a1, 8184


mem[X,0x8001F364] -> 0x8193
mem[X,0x8001F366] -> 0x0021
[2809] [M]: 0x8001F364 (0x00218193) addi gp, gp, 2
x3 <- 0x00000002


mem[X,0x8001F368] -> 0x006F
mem[X,0x8001F36A] -> 0x00C0
[2810] [M]: 0x8001F368 (0x00C0006F) jal zero, 12


mem[X,0x8001F374] -> 0x2E23
mem[X,0x8001F376] -> 0x4431
[2811] [M]: 0x8001F374 (0x44312E23) sw gp, 1116(sp)
mem[0x8004A6C0] <- 0x00000002


mem[X,0x8001F378] -> 0x0513
mem[X,0x8001F37A] -> 0x0000
[2812] [M]: 0x8001F378 (0x00000513) addi a0, zero, 0
x10 <- 0x00000000


mem[X,0x8001F37C] -> 0xB5B7
mem[X,0x8001F37E] -> 0x0000
[2813] [M]: 0x8001F37C (0x0000B5B7) lui a1, 11
x11 <- 0x0000B000


mem[X,0x8001F380] -> 0x8593
mem[X,0x8001F382] -> 0x5055
[2814] [M]: 0x8001F380 (0x50558593) addi a1, a1, 1285
x11 <- 0x0000B505


mem[X,0x8001F384] -> 0x0193
mem[X,0x8001F386] -> 0x0000
[2815] [M]: 0x8001F384 (0x00000193) addi gp, zero, 0
x3 <- 0x00000000


mem[X,0x8001F388] -> 0x006F
mem[X,0x8001F38A] -> 0x0100
[2816] [M]: 0x8001F388 (0x0100006F) jal zero, 16


mem[X,0x8001F398] -> 0x7AE3
mem[X,0x8001F39A] -> 0xFEB5
[2817] [M]: 0x8001F398 (0xFEB57AE3) bgeu a0, a1, 8180


mem[X,0x8001F39C] -> 0x8193
mem[X,0x8001F39E] -> 0x0021
[2818] [M]: 0x8001F39C (0x00218193) addi gp, gp, 2
x3 <- 0x00000002


mem[X,0x8001F3A0] -> 0x006F
mem[X,0x8001F3A2] -> 0x00C0
[2819] [M]: 0x8001F3A0 (0x00C0006F) jal zero, 12


mem[X,0x8001F3AC] -> 0x2023
mem[X,0x8001F3AE] -> 0x4631
[2820] [M]: 0x8001F3AC (0x46312023) sw gp, 1120(sp)
mem[0x8004A6C4] <- 0x00000002


mem[X,0x8001F3B0] -> 0x0513
mem[X,0x8001F3B2] -> 0x0000
[2821] [M]: 0x8001F3B0 (0x00000513) addi a0, zero, 0
x10 <- 0x00000000


mem[X,0x8001F3B4] -> 0x0593
mem[X,0x8001F3B6] -> 0x0010
[2822] [M]: 0x8001F3B4 (0x00100593) addi a1, zero, 1
x11 <- 0x00000001


mem[X,0x8001F3B8] -> 0x0193
mem[X,0x8001F3BA] -> 0x0000
[2823] [M]: 0x8001F3B8 (0x00000193) addi gp, zero, 0
x3 <- 0x00000000


mem[X,0x8001F3BC] -> 0x006F
mem[X,0x8001F3BE] -> 0x0050
[2824] [M]: 0x8001F3BC (0x0050006F) jal zero, 2052


mem[X,0x8001FBC0] -> 0x70E3
mem[X,0x8001FBC2] -> 0x80B5
[2825] [M]: 0x8001FBC0 (0x80B570E3) bgeu a0, a1, 6144


mem[X,0x8001FBC4] -> 0x8193
mem[X,0x8001FBC6] -> 0x0021
[2826] [M]: 0x8001FBC4 (0x00218193) addi gp, gp, 2
x3 <- 0x00000002


mem[X,0x8001FBC8] -> 0x006F
mem[X,0x8001FBCA] -> 0x00C0
[2827] [M]: 0x8001FBC8 (0x00C0006F) jal zero, 12


mem[X,0x8001FBD4] -> 0x2223
mem[X,0x8001FBD6] -> 0x4631
[2828] [M]: 0x8001FBD4 (0x46312223) sw gp, 1124(sp)
mem[0x8004A6C8] <- 0x00000002


mem[X,0x8001FBD8] -> 0x0513
mem[X,0x8001FBDA] -> 0x0000
[2829] [M]: 0x8001FBD8 (0x00000513) addi a0, zero, 0
x10 <- 0x00000000


mem[X,0x8001FBDC] -> 0x05B7
mem[X,0x8001FBDE] -> 0x0001
[2830] [M]: 0x8001FBDC (0x000105B7) lui a1, 16
x11 <- 0x00010000


mem[X,0x8001FBE0] -> 0x0193
mem[X,0x8001FBE2] -> 0x0000
[2831] [M]: 0x8001FBE0 (0x00000193) addi gp, zero, 0
x3 <- 0x00000000


mem[X,0x8001FBE4] -> 0x006F
mem[X,0x8001FBE6] -> 0x00C0
[2832] [M]: 0x8001FBE4 (0x00C0006F) jal zero, 12


mem[X,0x8001FBF0] -> 0x7663
mem[X,0x8001FBF2] -> 0x00B5
[2833] [M]: 0x8001FBF0 (0x00B57663) bgeu a0, a1, 12


mem[X,0x8001FBF4] -> 0x8193
mem[X,0x8001FBF6] -> 0x0021
[2834] [M]: 0x8001FBF4 (0x00218193) addi gp, gp, 2
x3 <- 0x00000002


mem[X,0x8001FBF8] -> 0x006F
mem[X,0x8001FBFA] -> 0x00C0
[2835] [M]: 0x8001FBF8 (0x00C0006F) jal zero, 12


mem[X,0x8001FC04] -> 0x2423
mem[X,0x8001FC06] -> 0x4631
[2836] [M]: 0x8001FC04 (0x46312423) sw gp, 1128(sp)
mem[0x8004A6CC] <- 0x00000002


mem[X,0x8001FC08] -> 0x0537
mem[X,0x8001FC0A] -> 0x0001
[2837] [M]: 0x8001FC08 (0x00010537) lui a0, 16
x10 <- 0x00010000


mem[X,0x8001FC0C] -> 0x0513
mem[X,0x8001FC0E] -> 0xFFF5
[2838] [M]: 0x8001FC0C (0xFFF50513) addi a0, a0, 4095
x10 <- 0x0000FFFF


mem[X,0x8001FC10] -> 0x0593
mem[X,0x8001FC12] -> 0x0030
[2839] [M]: 0x8001FC10 (0x00300593) addi a1, zero, 3
x11 <- 0x00000003


mem[X,0x8001FC14] -> 0x0193
mem[X,0x8001FC16] -> 0x0000
[2840] [M]: 0x8001FC14 (0x00000193) addi gp, zero, 0
x3 <- 0x00000000


mem[X,0x8001FC18] -> 0x006F
mem[X,0x8001FC1A] -> 0x00C0
[2841] [M]: 0x8001FC18 (0x00C0006F) jal zero, 12


mem[X,0x8001FC24] -> 0x7663
mem[X,0x8001FC26] -> 0x00B5
[2842] [M]: 0x8001FC24 (0x00B57663) bgeu a0, a1, 12


mem[X,0x8001FC30] -> 0x8193
mem[X,0x8001FC32] -> 0x0031
[2843] [M]: 0x8001FC30 (0x00318193) addi gp, gp, 3
x3 <- 0x00000003


mem[X,0x8001FC34] -> 0x006F
mem[X,0x8001FC36] -> 0x0040
[2844] [M]: 0x8001FC34 (0x0040006F) jal zero, 4


mem[X,0x8001FC38] -> 0x2623
mem[X,0x8001FC3A] -> 0x4631
[2845] [M]: 0x8001FC38 (0x46312623) sw gp, 1132(sp)
mem[0x8004A6D0] <- 0x00000003


mem[X,0x8001FC3C] -> 0x0537
mem[X,0x8001FC3E] -> 0x0001
[2846] [M]: 0x8001FC3C (0x00010537) lui a0, 16
x10 <- 0x00010000


mem[X,0x8001FC40] -> 0x0513
mem[X,0x8001FC42] -> 0xFFF5
[2847] [M]: 0x8001FC40 (0xFFF50513) addi a0, a0, 4095
x10 <- 0x0000FFFF


mem[X,0x8001FC44] -> 0x55B7
mem[X,0x8001FC46] -> 0x5555
[2848] [M]: 0x8001FC44 (0x555555B7) lui a1, 349525
x11 <- 0x55555000


mem[X,0x8001FC48] -> 0x8593
mem[X,0x8001FC4A] -> 0x5555
[2849] [M]: 0x8001FC48 (0x55558593) addi a1, a1, 1365
x11 <- 0x55555555


mem[X,0x8001FC4C] -> 0x0193
mem[X,0x8001FC4E] -> 0x0000
[2850] [M]: 0x8001FC4C (0x00000193) addi gp, zero, 0
x3 <- 0x00000000


mem[X,0x8001FC50] -> 0x006F
mem[X,0x8001FC52] -> 0x00C0
[2851] [M]: 0x8001FC50 (0x00C0006F) jal zero, 12


mem[X,0x8001FC5C] -> 0x7063
mem[X,0x8001FC5E] -> 0x04B5
[2852] [M]: 0x8001FC5C (0x04B57063) bgeu a0, a1, 64


mem[X,0x8001FC60] -> 0x8193
mem[X,0x8001FC62] -> 0x0021
[2853] [M]: 0x8001FC60 (0x00218193) addi gp, gp, 2
x3 <- 0x00000002


mem[X,0x8001FC64] -> 0x006F
mem[X,0x8001FC66] -> 0x0400
[2854] [M]: 0x8001FC64 (0x0400006F) jal zero, 64


mem[X,0x8001FCA4] -> 0x2823
mem[X,0x8001FCA6] -> 0x4631
[2855] [M]: 0x8001FCA4 (0x46312823) sw gp, 1136(sp)
mem[0x8004A6D4] <- 0x00000002


mem[X,0x8001FCA8] -> 0x0537
mem[X,0x8001FCAA] -> 0x0001
[2856] [M]: 0x8001FCA8 (0x00010537) lui a0, 16
x10 <- 0x00010000


mem[X,0x8001FCAC] -> 0x0513
mem[X,0x8001FCAE] -> 0xFFF5
[2857] [M]: 0x8001FCAC (0xFFF50513) addi a0, a0, 4095
x10 <- 0x0000FFFF


mem[X,0x8001FCB0] -> 0xB5B7
mem[X,0x8001FCB2] -> 0xAAAA
[2858] [M]: 0x8001FCB0 (0xAAAAB5B7) lui a1, 699051
x11 <- 0xAAAAB000


mem[X,0x8001FCB4] -> 0x8593
mem[X,0x8001FCB6] -> 0xAAA5
[2859] [M]: 0x8001FCB4 (0xAAA58593) addi a1, a1, 2730
x11 <- 0xAAAAAAAA


mem[X,0x8001FCB8] -> 0x0193
mem[X,0x8001FCBA] -> 0x0000
[2860] [M]: 0x8001FCB8 (0x00000193) addi gp, zero, 0
x3 <- 0x00000000


mem[X,0x8001FCBC] -> 0x006F
mem[X,0x8001FCBE] -> 0x00C0
[2861] [M]: 0x8001FCBC (0x00C0006F) jal zero, 12


mem[X,0x8001FCC8] -> 0x7CE3
mem[X,0x8001FCCA] -> 0xFEB5
[2862] [M]: 0x8001FCC8 (0xFEB57CE3) bgeu a0, a1, 8184


mem[X,0x8001FCCC] -> 0x8193
mem[X,0x8001FCCE] -> 0x0021
[2863] [M]: 0x8001FCCC (0x00218193) addi gp, gp, 2
x3 <- 0x00000002


mem[X,0x8001FCD0] -> 0x006F
mem[X,0x8001FCD2] -> 0x00C0
[2864] [M]: 0x8001FCD0 (0x00C0006F) jal zero, 12


mem[X,0x8001FCDC] -> 0x2A23
mem[X,0x8001FCDE] -> 0x4631
[2865] [M]: 0x8001FCDC (0x46312A23) sw gp, 1140(sp)
mem[0x8004A6D8] <- 0x00000002


mem[X,0x8001FCE0] -> 0x0537
mem[X,0x8001FCE2] -> 0x0001
[2866] [M]: 0x8001FCE0 (0x00010537) lui a0, 16
x10 <- 0x00010000


mem[X,0x8001FCE4] -> 0x0513
mem[X,0x8001FCE6] -> 0xFFF5
[2867] [M]: 0x8001FCE4 (0xFFF50513) addi a0, a0, 4095
x10 <- 0x0000FFFF


mem[X,0x8001FCE8] -> 0x0593
mem[X,0x8001FCEA] -> 0x0050
[2868] [M]: 0x8001FCE8 (0x00500593) addi a1, zero, 5
x11 <- 0x00000005


mem[X,0x8001FCEC] -> 0x0193
mem[X,0x8001FCEE] -> 0x0000
[2869] [M]: 0x8001FCEC (0x00000193) addi gp, zero, 0
x3 <- 0x00000000


mem[X,0x8001FCF0] -> 0x006F
mem[X,0x8001FCF2] -> 0x0100
[2870] [M]: 0x8001FCF0 (0x0100006F) jal zero, 16


mem[X,0x8001FD00] -> 0x7AE3
mem[X,0x8001FD02] -> 0xFEB5
[2871] [M]: 0x8001FD00 (0xFEB57AE3) bgeu a0, a1, 8180


mem[X,0x8001FCF4] -> 0x8193
mem[X,0x8001FCF6] -> 0x0011
[2872] [M]: 0x8001FCF4 (0x00118193) addi gp, gp, 1
x3 <- 0x00000001


mem[X,0x8001FCF8] -> 0x006F
mem[X,0x8001FCFA] -> 0x01C0
[2873] [M]: 0x8001FCF8 (0x01C0006F) jal zero, 28


mem[X,0x8001FD14] -> 0x2C23
mem[X,0x8001FD16] -> 0x4631
[2874] [M]: 0x8001FD14 (0x46312C23) sw gp, 1144(sp)
mem[0x8004A6DC] <- 0x00000001


mem[X,0x8001FD18] -> 0x0537
mem[X,0x8001FD1A] -> 0x0001
[2875] [M]: 0x8001FD18 (0x00010537) lui a0, 16
x10 <- 0x00010000


mem[X,0x8001FD1C] -> 0x0513
mem[X,0x8001FD1E] -> 0xFFF5
[2876] [M]: 0x8001FD1C (0xFFF50513) addi a0, a0, 4095
x10 <- 0x0000FFFF


mem[X,0x8001FD20] -> 0x35B7
mem[X,0x8001FD22] -> 0x3333
[2877] [M]: 0x8001FD20 (0x333335B7) lui a1, 209715
x11 <- 0x33333000


mem[X,0x8001FD24] -> 0x8593
mem[X,0x8001FD26] -> 0x3335
[2878] [M]: 0x8001FD24 (0x33358593) addi a1, a1, 819
x11 <- 0x33333333


mem[X,0x8001FD28] -> 0x0193
mem[X,0x8001FD2A] -> 0x0000
[2879] [M]: 0x8001FD28 (0x00000193) addi gp, zero, 0
x3 <- 0x00000000


mem[X,0x8001FD2C] -> 0x006F
mem[X,0x8001FD2E] -> 0x0100
[2880] [M]: 0x8001FD2C (0x0100006F) jal zero, 16


mem[X,0x8001FD3C] -> 0x7AE3
mem[X,0x8001FD3E] -> 0xFEB5
[2881] [M]: 0x8001FD3C (0xFEB57AE3) bgeu a0, a1, 8180


mem[X,0x8001FD40] -> 0x8193
mem[X,0x8001FD42] -> 0x0021
[2882] [M]: 0x8001FD40 (0x00218193) addi gp, gp, 2
x3 <- 0x00000002


mem[X,0x8001FD44] -> 0x006F
mem[X,0x8001FD46] -> 0x00C0
[2883] [M]: 0x8001FD44 (0x00C0006F) jal zero, 12


mem[X,0x8001FD50] -> 0x2E23
mem[X,0x8001FD52] -> 0x4631
[2884] [M]: 0x8001FD50 (0x46312E23) sw gp, 1148(sp)
mem[0x8004A6E0] <- 0x00000002


mem[X,0x8001FD54] -> 0x0537
mem[X,0x8001FD56] -> 0x0001
[2885] [M]: 0x8001FD54 (0x00010537) lui a0, 16
x10 <- 0x00010000


mem[X,0x8001FD58] -> 0x0513
mem[X,0x8001FD5A] -> 0xFFF5
[2886] [M]: 0x8001FD58 (0xFFF50513) addi a0, a0, 4095
x10 <- 0x0000FFFF


mem[X,0x8001FD5C] -> 0x65B7
mem[X,0x8001FD5E] -> 0x6666
[2887] [M]: 0x8001FD5C (0x666665B7) lui a1, 419430
x11 <- 0x66666000


mem[X,0x8001FD60] -> 0x8593
mem[X,0x8001FD62] -> 0x6665
[2888] [M]: 0x8001FD60 (0x66658593) addi a1, a1, 1638
x11 <- 0x66666666


mem[X,0x8001FD64] -> 0x0193
mem[X,0x8001FD66] -> 0x0000
[2889] [M]: 0x8001FD64 (0x00000193) addi gp, zero, 0
x3 <- 0x00000000


mem[X,0x8001FD68] -> 0x006F
mem[X,0x8001FD6A] -> 0x00C0
[2890] [M]: 0x8001FD68 (0x00C0006F) jal zero, 12


mem[X,0x8001FD74] -> 0x7063
mem[X,0x8001FD76] -> 0x04B5
[2891] [M]: 0x8001FD74 (0x04B57063) bgeu a0, a1, 64


mem[X,0x8001FD78] -> 0x8193
mem[X,0x8001FD7A] -> 0x0021
[2892] [M]: 0x8001FD78 (0x00218193) addi gp, gp, 2
x3 <- 0x00000002


mem[X,0x8001FD7C] -> 0x006F
mem[X,0x8001FD7E] -> 0x0400
[2893] [M]: 0x8001FD7C (0x0400006F) jal zero, 64


mem[X,0x8001FDBC] -> 0x2023
mem[X,0x8001FDBE] -> 0x4831
[2894] [M]: 0x8001FDBC (0x48312023) sw gp, 1152(sp)
mem[0x8004A6E4] <- 0x00000002


mem[X,0x8001FDC0] -> 0x0537
mem[X,0x8001FDC2] -> 0x0001
[2895] [M]: 0x8001FDC0 (0x00010537) lui a0, 16
x10 <- 0x00010000


mem[X,0x8001FDC4] -> 0x0513
mem[X,0x8001FDC6] -> 0xFFF5
[2896] [M]: 0x8001FDC4 (0xFFF50513) addi a0, a0, 4095
x10 <- 0x0000FFFF


mem[X,0x8001FDC8] -> 0xB5B7
mem[X,0x8001FDCA] -> 0x0000
[2897] [M]: 0x8001FDC8 (0x0000B5B7) lui a1, 11
x11 <- 0x0000B000


mem[X,0x8001FDCC] -> 0x8593
mem[X,0x8001FDCE] -> 0x5045
[2898] [M]: 0x8001FDCC (0x50458593) addi a1, a1, 1284
x11 <- 0x0000B504


mem[X,0x8001FDD0] -> 0x0193
mem[X,0x8001FDD2] -> 0x0000
[2899] [M]: 0x8001FDD0 (0x00000193) addi gp, zero, 0
x3 <- 0x00000000


clint::tick mtime <- 0x000000000000001D
 clint timer pending at mtime 0x000000000000001D
htif::tick 0x0000000000000000
mem[X,0x8001FDD4] -> 0x006F
mem[X,0x8001FDD6] -> 0x00C0
[2900] [M]: 0x8001FDD4 (0x00C0006F) jal zero, 12


mem[X,0x8001FDE0] -> 0x7063
mem[X,0x8001FDE2] -> 0x40B5
[2901] [M]: 0x8001FDE0 (0x40B57063) bgeu a0, a1, 1024


mem[X,0x800201E0] -> 0x8193
mem[X,0x800201E2] -> 0x0031
[2902] [M]: 0x800201E0 (0x00318193) addi gp, gp, 3
x3 <- 0x00000003


mem[X,0x800201E4] -> 0x006F
mem[X,0x800201E6] -> 0x0040
[2903] [M]: 0x800201E4 (0x0040006F) jal zero, 4


mem[X,0x800201E8] -> 0x2223
mem[X,0x800201EA] -> 0x4831
[2904] [M]: 0x800201E8 (0x48312223) sw gp, 1156(sp)
mem[0x8004A6E8] <- 0x00000003


mem[X,0x800201EC] -> 0x0537
mem[X,0x800201EE] -> 0x0001
[2905] [M]: 0x800201EC (0x00010537) lui a0, 16
x10 <- 0x00010000


mem[X,0x800201F0] -> 0x0513
mem[X,0x800201F2] -> 0xFFF5
[2906] [M]: 0x800201F0 (0xFFF50513) addi a0, a0, 4095
x10 <- 0x0000FFFF


mem[X,0x800201F4] -> 0x0593
mem[X,0x800201F6] -> 0x0000
[2907] [M]: 0x800201F4 (0x00000593) addi a1, zero, 0
x11 <- 0x00000000


mem[X,0x800201F8] -> 0x0193
mem[X,0x800201FA] -> 0x0000
[2908] [M]: 0x800201F8 (0x00000193) addi gp, zero, 0
x3 <- 0x00000000


mem[X,0x800201FC] -> 0x006F
mem[X,0x800201FE] -> 0x2B10
[2909] [M]: 0x800201FC (0x2B10006F) jal zero, 2736


mem[X,0x80020CAC] -> 0x7A63
mem[X,0x80020CAE] -> 0xD4B5
[2910] [M]: 0x80020CAC (0xD4B57A63) bgeu a0, a1, 5460


mem[X,0x80020200] -> 0x8193
mem[X,0x80020202] -> 0x0011
[2911] [M]: 0x80020200 (0x00118193) addi gp, gp, 1
x3 <- 0x00000001


mem[X,0x80020204] -> 0x006F
mem[X,0x80020206] -> 0x2BD0
[2912] [M]: 0x80020204 (0x2BD0006F) jal zero, 2748


mem[X,0x80020CC0] -> 0x2423
mem[X,0x80020CC2] -> 0x4831
[2913] [M]: 0x80020CC0 (0x48312423) sw gp, 1160(sp)
mem[0x8004A6EC] <- 0x00000001


mem[X,0x80020CC4] -> 0x0537
mem[X,0x80020CC6] -> 0x0001
[2914] [M]: 0x80020CC4 (0x00010537) lui a0, 16
x10 <- 0x00010000


mem[X,0x80020CC8] -> 0x0513
mem[X,0x80020CCA] -> 0xFFF5
[2915] [M]: 0x80020CC8 (0xFFF50513) addi a0, a0, 4095
x10 <- 0x0000FFFF


mem[X,0x80020CCC] -> 0x0593
mem[X,0x80020CCE] -> 0x0020
[2916] [M]: 0x80020CCC (0x00200593) addi a1, zero, 2
x11 <- 0x00000002


mem[X,0x80020CD0] -> 0x0193
mem[X,0x80020CD2] -> 0x0000
[2917] [M]: 0x80020CD0 (0x00000193) addi gp, zero, 0
x3 <- 0x00000000


mem[X,0x80020CD4] -> 0x006F
mem[X,0x80020CD6] -> 0x00C0
[2918] [M]: 0x80020CD4 (0x00C0006F) jal zero, 12


mem[X,0x80020CE0] -> 0x7063
mem[X,0x80020CE2] -> 0x40B5
[2919] [M]: 0x80020CE0 (0x40B57063) bgeu a0, a1, 1024


mem[X,0x800210E0] -> 0x8193
mem[X,0x800210E2] -> 0x0031
[2920] [M]: 0x800210E0 (0x00318193) addi gp, gp, 3
x3 <- 0x00000003


mem[X,0x800210E4] -> 0x006F
mem[X,0x800210E6] -> 0x0040
[2921] [M]: 0x800210E4 (0x0040006F) jal zero, 4


mem[X,0x800210E8] -> 0x2623
mem[X,0x800210EA] -> 0x4831
[2922] [M]: 0x800210E8 (0x48312623) sw gp, 1164(sp)
mem[0x8004A6F0] <- 0x00000003


mem[X,0x800210EC] -> 0x0537
mem[X,0x800210EE] -> 0x0001
[2923] [M]: 0x800210EC (0x00010537) lui a0, 16
x10 <- 0x00010000


mem[X,0x800210F0] -> 0x0513
mem[X,0x800210F2] -> 0xFFF5
[2924] [M]: 0x800210F0 (0xFFF50513) addi a0, a0, 4095
x10 <- 0x0000FFFF


mem[X,0x800210F4] -> 0x55B7
mem[X,0x800210F6] -> 0x5555
[2925] [M]: 0x800210F4 (0x555555B7) lui a1, 349525
x11 <- 0x55555000


mem[X,0x800210F8] -> 0x8593
mem[X,0x800210FA] -> 0x5545
[2926] [M]: 0x800210F8 (0x55458593) addi a1, a1, 1364
x11 <- 0x55555554


mem[X,0x800210FC] -> 0x0193
mem[X,0x800210FE] -> 0x0000
[2927] [M]: 0x800210FC (0x00000193) addi gp, zero, 0
x3 <- 0x00000000


mem[X,0x80021100] -> 0x006F
mem[X,0x80021102] -> 0x00C0
[2928] [M]: 0x80021100 (0x00C0006F) jal zero, 12


mem[X,0x8002110C] -> 0x7CE3
mem[X,0x8002110E] -> 0xFEB5
[2929] [M]: 0x8002110C (0xFEB57CE3) bgeu a0, a1, 8184


mem[X,0x80021110] -> 0x8193
mem[X,0x80021112] -> 0x0021
[2930] [M]: 0x80021110 (0x00218193) addi gp, gp, 2
x3 <- 0x00000002


mem[X,0x80021114] -> 0x006F
mem[X,0x80021116] -> 0x00C0
[2931] [M]: 0x80021114 (0x00C0006F) jal zero, 12


mem[X,0x80021120] -> 0x2823
mem[X,0x80021122] -> 0x4831
[2932] [M]: 0x80021120 (0x48312823) sw gp, 1168(sp)
mem[0x8004A6F4] <- 0x00000002


mem[X,0x80021124] -> 0x0537
mem[X,0x80021126] -> 0x0001
[2933] [M]: 0x80021124 (0x00010537) lui a0, 16
x10 <- 0x00010000


mem[X,0x80021128] -> 0x0513
mem[X,0x8002112A] -> 0xFFF5
[2934] [M]: 0x80021128 (0xFFF50513) addi a0, a0, 4095
x10 <- 0x0000FFFF


mem[X,0x8002112C] -> 0xB5B7
mem[X,0x8002112E] -> 0xAAAA
[2935] [M]: 0x8002112C (0xAAAAB5B7) lui a1, 699051
x11 <- 0xAAAAB000


mem[X,0x80021130] -> 0x8593
mem[X,0x80021132] -> 0xAA95
[2936] [M]: 0x80021130 (0xAA958593) addi a1, a1, 2729
x11 <- 0xAAAAAAA9


mem[X,0x80021134] -> 0x0193
mem[X,0x80021136] -> 0x0000
[2937] [M]: 0x80021134 (0x00000193) addi gp, zero, 0
x3 <- 0x00000000


mem[X,0x80021138] -> 0x006F
mem[X,0x8002113A] -> 0x00C0
[2938] [M]: 0x80021138 (0x00C0006F) jal zero, 12


mem[X,0x80021144] -> 0x7063
mem[X,0x80021146] -> 0x10B5
[2939] [M]: 0x80021144 (0x10B57063) bgeu a0, a1, 256


mem[X,0x80021148] -> 0x8193
mem[X,0x8002114A] -> 0x0021
[2940] [M]: 0x80021148 (0x00218193) addi gp, gp, 2
x3 <- 0x00000002


mem[X,0x8002114C] -> 0x006F
mem[X,0x8002114E] -> 0x1000
[2941] [M]: 0x8002114C (0x1000006F) jal zero, 256


mem[X,0x8002124C] -> 0x2A23
mem[X,0x8002124E] -> 0x4831
[2942] [M]: 0x8002124C (0x48312A23) sw gp, 1172(sp)
mem[0x8004A6F8] <- 0x00000002


mem[X,0x80021250] -> 0x0537
mem[X,0x80021252] -> 0x0001
[2943] [M]: 0x80021250 (0x00010537) lui a0, 16
x10 <- 0x00010000


mem[X,0x80021254] -> 0x0513
mem[X,0x80021256] -> 0xFFF5
[2944] [M]: 0x80021254 (0xFFF50513) addi a0, a0, 4095
x10 <- 0x0000FFFF


mem[X,0x80021258] -> 0x0593
mem[X,0x8002125A] -> 0x0040
[2945] [M]: 0x80021258 (0x00400593) addi a1, zero, 4
x11 <- 0x00000004


mem[X,0x8002125C] -> 0x0193
mem[X,0x8002125E] -> 0x0000
[2946] [M]: 0x8002125C (0x00000193) addi gp, zero, 0
x3 <- 0x00000000


mem[X,0x80021260] -> 0x006F
mem[X,0x80021262] -> 0x0050
[2947] [M]: 0x80021260 (0x0050006F) jal zero, 2052


mem[X,0x80021A64] -> 0x70E3
mem[X,0x80021A66] -> 0x80B5
[2948] [M]: 0x80021A64 (0x80B570E3) bgeu a0, a1, 6144


mem[X,0x80021264] -> 0x8193
mem[X,0x80021266] -> 0x0011
[2949] [M]: 0x80021264 (0x00118193) addi gp, gp, 1
x3 <- 0x00000001


mem[X,0x80021268] -> 0x006F
mem[X,0x8002126A] -> 0x0110
[2950] [M]: 0x80021268 (0x0110006F) jal zero, 2064


mem[X,0x80021A78] -> 0x2C23
mem[X,0x80021A7A] -> 0x4831
[2951] [M]: 0x80021A78 (0x48312C23) sw gp, 1176(sp)
mem[0x8004A6FC] <- 0x00000001


mem[X,0x80021A7C] -> 0x0537
mem[X,0x80021A7E] -> 0x0001
[2952] [M]: 0x80021A7C (0x00010537) lui a0, 16
x10 <- 0x00010000


mem[X,0x80021A80] -> 0x0513
mem[X,0x80021A82] -> 0xFFF5
[2953] [M]: 0x80021A80 (0xFFF50513) addi a0, a0, 4095
x10 <- 0x0000FFFF


mem[X,0x80021A84] -> 0x35B7
mem[X,0x80021A86] -> 0x3333
[2954] [M]: 0x80021A84 (0x333335B7) lui a1, 209715
x11 <- 0x33333000


mem[X,0x80021A88] -> 0x8593
mem[X,0x80021A8A] -> 0x3325
[2955] [M]: 0x80021A88 (0x33258593) addi a1, a1, 818
x11 <- 0x33333332


mem[X,0x80021A8C] -> 0x0193
mem[X,0x80021A8E] -> 0x0000
[2956] [M]: 0x80021A8C (0x00000193) addi gp, zero, 0
x3 <- 0x00000000


mem[X,0x80021A90] -> 0x006F
mem[X,0x80021A92] -> 0x2B10
[2957] [M]: 0x80021A90 (0x2B10006F) jal zero, 2736


mem[X,0x80022540] -> 0x7A63
mem[X,0x80022542] -> 0xD4B5
[2958] [M]: 0x80022540 (0xD4B57A63) bgeu a0, a1, 5460


mem[X,0x80022544] -> 0x8193
mem[X,0x80022546] -> 0x0021
[2959] [M]: 0x80022544 (0x00218193) addi gp, gp, 2
x3 <- 0x00000002


mem[X,0x80022548] -> 0x006F
mem[X,0x8002254A] -> 0x00C0
[2960] [M]: 0x80022548 (0x00C0006F) jal zero, 12


mem[X,0x80022554] -> 0x2E23
mem[X,0x80022556] -> 0x4831
[2961] [M]: 0x80022554 (0x48312E23) sw gp, 1180(sp)
mem[0x8004A700] <- 0x00000002


mem[X,0x80022558] -> 0x0537
mem[X,0x8002255A] -> 0x0001
[2962] [M]: 0x80022558 (0x00010537) lui a0, 16
x10 <- 0x00010000


mem[X,0x8002255C] -> 0x0513
mem[X,0x8002255E] -> 0xFFF5
[2963] [M]: 0x8002255C (0xFFF50513) addi a0, a0, 4095
x10 <- 0x0000FFFF


mem[X,0x80022560] -> 0x65B7
mem[X,0x80022562] -> 0x6666
[2964] [M]: 0x80022560 (0x666665B7) lui a1, 419430
x11 <- 0x66666000


mem[X,0x80022564] -> 0x8593
mem[X,0x80022566] -> 0x6655
[2965] [M]: 0x80022564 (0x66558593) addi a1, a1, 1637
x11 <- 0x66666665


mem[X,0x80022568] -> 0x0193
mem[X,0x8002256A] -> 0x0000
[2966] [M]: 0x80022568 (0x00000193) addi gp, zero, 0
x3 <- 0x00000000


mem[X,0x8002256C] -> 0x006F
mem[X,0x8002256E] -> 0x00C0
[2967] [M]: 0x8002256C (0x00C0006F) jal zero, 12


mem[X,0x80022578] -> 0x7CE3
mem[X,0x8002257A] -> 0xFEB5
[2968] [M]: 0x80022578 (0xFEB57CE3) bgeu a0, a1, 8184


mem[X,0x8002257C] -> 0x8193
mem[X,0x8002257E] -> 0x0021
[2969] [M]: 0x8002257C (0x00218193) addi gp, gp, 2
x3 <- 0x00000002


mem[X,0x80022580] -> 0x006F
mem[X,0x80022582] -> 0x00C0
[2970] [M]: 0x80022580 (0x00C0006F) jal zero, 12


mem[X,0x8002258C] -> 0x2023
mem[X,0x8002258E] -> 0x4A31
[2971] [M]: 0x8002258C (0x4A312023) sw gp, 1184(sp)
mem[0x8004A704] <- 0x00000002


mem[X,0x80022590] -> 0x0537
mem[X,0x80022592] -> 0x0001
[2972] [M]: 0x80022590 (0x00010537) lui a0, 16
x10 <- 0x00010000


mem[X,0x80022594] -> 0x0513
mem[X,0x80022596] -> 0xFFF5
[2973] [M]: 0x80022594 (0xFFF50513) addi a0, a0, 4095
x10 <- 0x0000FFFF


mem[X,0x80022598] -> 0xB5B7
mem[X,0x8002259A] -> 0x0000
[2974] [M]: 0x80022598 (0x0000B5B7) lui a1, 11
x11 <- 0x0000B000


mem[X,0x8002259C] -> 0x8593
mem[X,0x8002259E] -> 0x5035
[2975] [M]: 0x8002259C (0x50358593) addi a1, a1, 1283
x11 <- 0x0000B503


mem[X,0x800225A0] -> 0x0193
mem[X,0x800225A2] -> 0x0000
[2976] [M]: 0x800225A0 (0x00000193) addi gp, zero, 0
x3 <- 0x00000000


mem[X,0x800225A4] -> 0x006F
mem[X,0x800225A6] -> 0x2B10
[2977] [M]: 0x800225A4 (0x2B10006F) jal zero, 2736


mem[X,0x80023054] -> 0x7A63
mem[X,0x80023056] -> 0xD4B5
[2978] [M]: 0x80023054 (0xD4B57A63) bgeu a0, a1, 5460


mem[X,0x800225A8] -> 0x8193
mem[X,0x800225AA] -> 0x0011
[2979] [M]: 0x800225A8 (0x00118193) addi gp, gp, 1
x3 <- 0x00000001


mem[X,0x800225AC] -> 0x006F
mem[X,0x800225AE] -> 0x2BD0
[2980] [M]: 0x800225AC (0x2BD0006F) jal zero, 2748


mem[X,0x80023068] -> 0x2223
mem[X,0x8002306A] -> 0x4A31
[2981] [M]: 0x80023068 (0x4A312223) sw gp, 1188(sp)
mem[0x8004A708] <- 0x00000001


mem[X,0x8002306C] -> 0x0537
mem[X,0x8002306E] -> 0x0001
[2982] [M]: 0x8002306C (0x00010537) lui a0, 16
x10 <- 0x00010000


mem[X,0x80023070] -> 0x0513
mem[X,0x80023072] -> 0xFFF5
[2983] [M]: 0x80023070 (0xFFF50513) addi a0, a0, 4095
x10 <- 0x0000FFFF


mem[X,0x80023074] -> 0x05B7
mem[X,0x80023076] -> 0x0001
[2984] [M]: 0x80023074 (0x000105B7) lui a1, 16
x11 <- 0x00010000


mem[X,0x80023078] -> 0x8593
mem[X,0x8002307A] -> 0xFFE5
[2985] [M]: 0x80023078 (0xFFE58593) addi a1, a1, 4094
x11 <- 0x0000FFFE


mem[X,0x8002307C] -> 0x0193
mem[X,0x8002307E] -> 0x0000
[2986] [M]: 0x8002307C (0x00000193) addi gp, zero, 0
x3 <- 0x00000000


mem[X,0x80023080] -> 0x006F
mem[X,0x80023082] -> 0x00C0
[2987] [M]: 0x80023080 (0x00C0006F) jal zero, 12


mem[X,0x8002308C] -> 0x7063
mem[X,0x8002308E] -> 0x08B5
[2988] [M]: 0x8002308C (0x08B57063) bgeu a0, a1, 128


mem[X,0x8002310C] -> 0x8193
mem[X,0x8002310E] -> 0x0031
[2989] [M]: 0x8002310C (0x00318193) addi gp, gp, 3
x3 <- 0x00000003


mem[X,0x80023110] -> 0x006F
mem[X,0x80023112] -> 0x0040
[2990] [M]: 0x80023110 (0x0040006F) jal zero, 4


mem[X,0x80023114] -> 0x2423
mem[X,0x80023116] -> 0x4A31
[2991] [M]: 0x80023114 (0x4A312423) sw gp, 1192(sp)
mem[0x8004A70C] <- 0x00000003


mem[X,0x80023118] -> 0x0537
mem[X,0x8002311A] -> 0x0001
[2992] [M]: 0x80023118 (0x00010537) lui a0, 16
x10 <- 0x00010000


mem[X,0x8002311C] -> 0x0513
mem[X,0x8002311E] -> 0xFFF5
[2993] [M]: 0x8002311C (0xFFF50513) addi a0, a0, 4095
x10 <- 0x0000FFFF


mem[X,0x80023120] -> 0x55B7
mem[X,0x80023122] -> 0x5555
[2994] [M]: 0x80023120 (0x555555B7) lui a1, 349525
x11 <- 0x55555000


mem[X,0x80023124] -> 0x8593
mem[X,0x80023126] -> 0x5565
[2995] [M]: 0x80023124 (0x55658593) addi a1, a1, 1366
x11 <- 0x55555556


mem[X,0x80023128] -> 0x0193
mem[X,0x8002312A] -> 0x0000
[2996] [M]: 0x80023128 (0x00000193) addi gp, zero, 0
x3 <- 0x00000000


mem[X,0x8002312C] -> 0x006F
mem[X,0x8002312E] -> 0x00C0
[2997] [M]: 0x8002312C (0x00C0006F) jal zero, 12


mem[X,0x80023138] -> 0x7063
mem[X,0x8002313A] -> 0x20B5
[2998] [M]: 0x80023138 (0x20B57063) bgeu a0, a1, 512


mem[X,0x8002313C] -> 0x8193
mem[X,0x8002313E] -> 0x0021
[2999] [M]: 0x8002313C (0x00218193) addi gp, gp, 2
x3 <- 0x00000002


clint::tick mtime <- 0x000000000000001E
 clint timer pending at mtime 0x000000000000001E
htif::tick 0x0000000000000000
mem[X,0x80023140] -> 0x006F
mem[X,0x80023142] -> 0x2000
[3000] [M]: 0x80023140 (0x2000006F) jal zero, 512


mem[X,0x80023340] -> 0x2623
mem[X,0x80023342] -> 0x4A31
[3001] [M]: 0x80023340 (0x4A312623) sw gp, 1196(sp)
mem[0x8004A710] <- 0x00000002


mem[X,0x80023344] -> 0x0537
mem[X,0x80023346] -> 0x0001
[3002] [M]: 0x80023344 (0x00010537) lui a0, 16
x10 <- 0x00010000


mem[X,0x80023348] -> 0x0513
mem[X,0x8002334A] -> 0xFFF5
[3003] [M]: 0x80023348 (0xFFF50513) addi a0, a0, 4095
x10 <- 0x0000FFFF


mem[X,0x8002334C] -> 0xB5B7
mem[X,0x8002334E] -> 0xAAAA
[3004] [M]: 0x8002334C (0xAAAAB5B7) lui a1, 699051
x11 <- 0xAAAAB000


mem[X,0x80023350] -> 0x8593
mem[X,0x80023352] -> 0xAAB5
[3005] [M]: 0x80023350 (0xAAB58593) addi a1, a1, 2731
x11 <- 0xAAAAAAAB


mem[X,0x80023354] -> 0x0193
mem[X,0x80023356] -> 0x0000
[3006] [M]: 0x80023354 (0x00000193) addi gp, zero, 0
x3 <- 0x00000000


mem[X,0x80023358] -> 0x006F
mem[X,0x8002335A] -> 0x00C0
[3007] [M]: 0x80023358 (0x00C0006F) jal zero, 12


mem[X,0x80023364] -> 0x7CE3
mem[X,0x80023366] -> 0xFEB5
[3008] [M]: 0x80023364 (0xFEB57CE3) bgeu a0, a1, 8184


mem[X,0x80023368] -> 0x8193
mem[X,0x8002336A] -> 0x0021
[3009] [M]: 0x80023368 (0x00218193) addi gp, gp, 2
x3 <- 0x00000002


mem[X,0x8002336C] -> 0x006F
mem[X,0x8002336E] -> 0x00C0
[3010] [M]: 0x8002336C (0x00C0006F) jal zero, 12


mem[X,0x80023378] -> 0x2823
mem[X,0x8002337A] -> 0x4A31
[3011] [M]: 0x80023378 (0x4A312823) sw gp, 1200(sp)
mem[0x8004A714] <- 0x00000002


mem[X,0x8002337C] -> 0x0537
mem[X,0x8002337E] -> 0x0001
[3012] [M]: 0x8002337C (0x00010537) lui a0, 16
x10 <- 0x00010000


mem[X,0x80023380] -> 0x0513
mem[X,0x80023382] -> 0xFFF5
[3013] [M]: 0x80023380 (0xFFF50513) addi a0, a0, 4095
x10 <- 0x0000FFFF


mem[X,0x80023384] -> 0x0593
mem[X,0x80023386] -> 0x0060
[3014] [M]: 0x80023384 (0x00600593) addi a1, zero, 6
x11 <- 0x00000006


mem[X,0x80023388] -> 0x0193
mem[X,0x8002338A] -> 0x0000
[3015] [M]: 0x80023388 (0x00000193) addi gp, zero, 0
x3 <- 0x00000000


mem[X,0x8002338C] -> 0x006F
mem[X,0x8002338E] -> 0x00C0
[3016] [M]: 0x8002338C (0x00C0006F) jal zero, 12


mem[X,0x80023398] -> 0x7063
mem[X,0x8002339A] -> 0x20B5
[3017] [M]: 0x80023398 (0x20B57063) bgeu a0, a1, 512


mem[X,0x80023598] -> 0x8193
mem[X,0x8002359A] -> 0x0031
[3018] [M]: 0x80023598 (0x00318193) addi gp, gp, 3
x3 <- 0x00000003


mem[X,0x8002359C] -> 0x006F
mem[X,0x8002359E] -> 0x0040
[3019] [M]: 0x8002359C (0x0040006F) jal zero, 4


mem[X,0x800235A0] -> 0x2A23
mem[X,0x800235A2] -> 0x4A31
[3020] [M]: 0x800235A0 (0x4A312A23) sw gp, 1204(sp)
mem[0x8004A718] <- 0x00000003


mem[X,0x800235A4] -> 0x0537
mem[X,0x800235A6] -> 0x0001
[3021] [M]: 0x800235A4 (0x00010537) lui a0, 16
x10 <- 0x00010000


mem[X,0x800235A8] -> 0x0513
mem[X,0x800235AA] -> 0xFFF5
[3022] [M]: 0x800235A8 (0xFFF50513) addi a0, a0, 4095
x10 <- 0x0000FFFF


mem[X,0x800235AC] -> 0x35B7
mem[X,0x800235AE] -> 0x3333
[3023] [M]: 0x800235AC (0x333335B7) lui a1, 209715
x11 <- 0x33333000


mem[X,0x800235B0] -> 0x8593
mem[X,0x800235B2] -> 0x3345
[3024] [M]: 0x800235B0 (0x33458593) addi a1, a1, 820
x11 <- 0x33333334


mem[X,0x800235B4] -> 0x0193
mem[X,0x800235B6] -> 0x0000
[3025] [M]: 0x800235B4 (0x00000193) addi gp, zero, 0
x3 <- 0x00000000


mem[X,0x800235B8] -> 0x006F
mem[X,0x800235BA] -> 0x00C0
[3026] [M]: 0x800235B8 (0x00C0006F) jal zero, 12


mem[X,0x800235C4] -> 0x7663
mem[X,0x800235C6] -> 0x00B5
[3027] [M]: 0x800235C4 (0x00B57663) bgeu a0, a1, 12


mem[X,0x800235C8] -> 0x8193
mem[X,0x800235CA] -> 0x0021
[3028] [M]: 0x800235C8 (0x00218193) addi gp, gp, 2
x3 <- 0x00000002


mem[X,0x800235CC] -> 0x006F
mem[X,0x800235CE] -> 0x00C0
[3029] [M]: 0x800235CC (0x00C0006F) jal zero, 12


mem[X,0x800235D8] -> 0x2C23
mem[X,0x800235DA] -> 0x4A31
[3030] [M]: 0x800235D8 (0x4A312C23) sw gp, 1208(sp)
mem[0x8004A71C] <- 0x00000002


mem[X,0x800235DC] -> 0x0537
mem[X,0x800235DE] -> 0x0001
[3031] [M]: 0x800235DC (0x00010537) lui a0, 16
x10 <- 0x00010000


mem[X,0x800235E0] -> 0x0513
mem[X,0x800235E2] -> 0xFFF5
[3032] [M]: 0x800235E0 (0xFFF50513) addi a0, a0, 4095
x10 <- 0x0000FFFF


mem[X,0x800235E4] -> 0x65B7
mem[X,0x800235E6] -> 0x6666
[3033] [M]: 0x800235E4 (0x666665B7) lui a1, 419430
x11 <- 0x66666000


mem[X,0x800235E8] -> 0x8593
mem[X,0x800235EA] -> 0x6675
[3034] [M]: 0x800235E8 (0x66758593) addi a1, a1, 1639
x11 <- 0x66666667


mem[X,0x800235EC] -> 0x0193
mem[X,0x800235EE] -> 0x0000
[3035] [M]: 0x800235EC (0x00000193) addi gp, zero, 0
x3 <- 0x00000000


mem[X,0x800235F0] -> 0x006F
mem[X,0x800235F2] -> 0x00C0
[3036] [M]: 0x800235F0 (0x00C0006F) jal zero, 12


mem[X,0x800235FC] -> 0x7663
mem[X,0x800235FE] -> 0x00B5
[3037] [M]: 0x800235FC (0x00B57663) bgeu a0, a1, 12


mem[X,0x80023600] -> 0x8193
mem[X,0x80023602] -> 0x0021
[3038] [M]: 0x80023600 (0x00218193) addi gp, gp, 2
x3 <- 0x00000002


mem[X,0x80023604] -> 0x006F
mem[X,0x80023606] -> 0x00C0
[3039] [M]: 0x80023604 (0x00C0006F) jal zero, 12


mem[X,0x80023610] -> 0x2E23
mem[X,0x80023612] -> 0x4A31
[3040] [M]: 0x80023610 (0x4A312E23) sw gp, 1212(sp)
mem[0x8004A720] <- 0x00000002


mem[X,0x80023614] -> 0x0537
mem[X,0x80023616] -> 0x0001
[3041] [M]: 0x80023614 (0x00010537) lui a0, 16
x10 <- 0x00010000


mem[X,0x80023618] -> 0x0513
mem[X,0x8002361A] -> 0xFFF5
[3042] [M]: 0x80023618 (0xFFF50513) addi a0, a0, 4095
x10 <- 0x0000FFFF


mem[X,0x8002361C] -> 0xB5B7
mem[X,0x8002361E] -> 0x0000
[3043] [M]: 0x8002361C (0x0000B5B7) lui a1, 11
x11 <- 0x0000B000


mem[X,0x80023620] -> 0x8593
mem[X,0x80023622] -> 0x5055
[3044] [M]: 0x80023620 (0x50558593) addi a1, a1, 1285
x11 <- 0x0000B505


mem[X,0x80023624] -> 0x0193
mem[X,0x80023626] -> 0x0000
[3045] [M]: 0x80023624 (0x00000193) addi gp, zero, 0
x3 <- 0x00000000


mem[X,0x80023628] -> 0x006F
mem[X,0x8002362A] -> 0x0140
[3046] [M]: 0x80023628 (0x0140006F) jal zero, 20


mem[X,0x8002363C] -> 0x78E3
mem[X,0x8002363E] -> 0xFEB5
[3047] [M]: 0x8002363C (0xFEB578E3) bgeu a0, a1, 8176


mem[X,0x8002362C] -> 0x8193
mem[X,0x8002362E] -> 0x0011
[3048] [M]: 0x8002362C (0x00118193) addi gp, gp, 1
x3 <- 0x00000001


mem[X,0x80023630] -> 0x006F
mem[X,0x80023632] -> 0x0200
[3049] [M]: 0x80023630 (0x0200006F) jal zero, 32


mem[X,0x80023650] -> 0x2023
mem[X,0x80023652] -> 0x4C31
[3050] [M]: 0x80023650 (0x4C312023) sw gp, 1216(sp)
mem[0x8004A724] <- 0x00000001


mem[X,0x80023654] -> 0x0537
mem[X,0x80023656] -> 0x0001
[3051] [M]: 0x80023654 (0x00010537) lui a0, 16
x10 <- 0x00010000


mem[X,0x80023658] -> 0x0513
mem[X,0x8002365A] -> 0xFFF5
[3052] [M]: 0x80023658 (0xFFF50513) addi a0, a0, 4095
x10 <- 0x0000FFFF


mem[X,0x8002365C] -> 0x0593
mem[X,0x8002365E] -> 0x0010
[3053] [M]: 0x8002365C (0x00100593) addi a1, zero, 1
x11 <- 0x00000001


mem[X,0x80023660] -> 0x0193
mem[X,0x80023662] -> 0x0000
[3054] [M]: 0x80023660 (0x00000193) addi gp, zero, 0
x3 <- 0x00000000


mem[X,0x80023664] -> 0x006F
mem[X,0x80023666] -> 0x0140
[3055] [M]: 0x80023664 (0x0140006F) jal zero, 20


mem[X,0x80023678] -> 0x78E3
mem[X,0x8002367A] -> 0xFEB5
[3056] [M]: 0x80023678 (0xFEB578E3) bgeu a0, a1, 8176


mem[X,0x80023668] -> 0x8193
mem[X,0x8002366A] -> 0x0011
[3057] [M]: 0x80023668 (0x00118193) addi gp, gp, 1
x3 <- 0x00000001


mem[X,0x8002366C] -> 0x006F
mem[X,0x8002366E] -> 0x0200
[3058] [M]: 0x8002366C (0x0200006F) jal zero, 32


mem[X,0x8002368C] -> 0x2223
mem[X,0x8002368E] -> 0x4C31
[3059] [M]: 0x8002368C (0x4C312223) sw gp, 1220(sp)
mem[0x8004A728] <- 0x00000001


mem[X,0x80023690] -> 0x0537
mem[X,0x80023692] -> 0x0001
[3060] [M]: 0x80023690 (0x00010537) lui a0, 16
x10 <- 0x00010000


mem[X,0x80023694] -> 0x0513
mem[X,0x80023696] -> 0xFFF5
[3061] [M]: 0x80023694 (0xFFF50513) addi a0, a0, 4095
x10 <- 0x0000FFFF


mem[X,0x80023698] -> 0x05B7
mem[X,0x8002369A] -> 0x0001
[3062] [M]: 0x80023698 (0x000105B7) lui a1, 16
x11 <- 0x00010000


mem[X,0x8002369C] -> 0x0193
mem[X,0x8002369E] -> 0x0000
[3063] [M]: 0x8002369C (0x00000193) addi gp, zero, 0
x3 <- 0x00000000


mem[X,0x800236A0] -> 0x006F
mem[X,0x800236A2] -> 0x00C0
[3064] [M]: 0x800236A0 (0x00C0006F) jal zero, 12


mem[X,0x800236AC] -> 0x7663
mem[X,0x800236AE] -> 0x00B5
[3065] [M]: 0x800236AC (0x00B57663) bgeu a0, a1, 12


mem[X,0x800236B0] -> 0x8193
mem[X,0x800236B2] -> 0x0021
[3066] [M]: 0x800236B0 (0x00218193) addi gp, gp, 2
x3 <- 0x00000002


mem[X,0x800236B4] -> 0x006F
mem[X,0x800236B6] -> 0x00C0
[3067] [M]: 0x800236B4 (0x00C0006F) jal zero, 12


mem[X,0x800236C0] -> 0x2423
mem[X,0x800236C2] -> 0x4C31
[3068] [M]: 0x800236C0 (0x4C312423) sw gp, 1224(sp)
mem[0x8004A72C] <- 0x00000002


mem[X,0x800236C4] -> 0x0513
mem[X,0x800236C6] -> 0x0020
[3069] [M]: 0x800236C4 (0x00200513) addi a0, zero, 2
x10 <- 0x00000002


mem[X,0x800236C8] -> 0x0593
mem[X,0x800236CA] -> 0x0030
[3070] [M]: 0x800236C8 (0x00300593) addi a1, zero, 3
x11 <- 0x00000003


mem[X,0x800236CC] -> 0x0193
mem[X,0x800236CE] -> 0x0000
[3071] [M]: 0x800236CC (0x00000193) addi gp, zero, 0
x3 <- 0x00000000


mem[X,0x800236D0] -> 0x006F
mem[X,0x800236D2] -> 0x00C0
[3072] [M]: 0x800236D0 (0x00C0006F) jal zero, 12


mem[X,0x800236DC] -> 0x7663
mem[X,0x800236DE] -> 0x00B5
[3073] [M]: 0x800236DC (0x00B57663) bgeu a0, a1, 12


mem[X,0x800236E0] -> 0x8193
mem[X,0x800236E2] -> 0x0021
[3074] [M]: 0x800236E0 (0x00218193) addi gp, gp, 2
x3 <- 0x00000002


mem[X,0x800236E4] -> 0x006F
mem[X,0x800236E6] -> 0x00C0
[3075] [M]: 0x800236E4 (0x00C0006F) jal zero, 12


mem[X,0x800236F0] -> 0x2623
mem[X,0x800236F2] -> 0x4C31
[3076] [M]: 0x800236F0 (0x4C312623) sw gp, 1228(sp)
mem[0x8004A730] <- 0x00000002


mem[X,0x800236F4] -> 0x0513
mem[X,0x800236F6] -> 0x0020
[3077] [M]: 0x800236F4 (0x00200513) addi a0, zero, 2
x10 <- 0x00000002


mem[X,0x800236F8] -> 0x55B7
mem[X,0x800236FA] -> 0x5555
[3078] [M]: 0x800236F8 (0x555555B7) lui a1, 349525
x11 <- 0x55555000


mem[X,0x800236FC] -> 0x8593
mem[X,0x800236FE] -> 0x5555
[3079] [M]: 0x800236FC (0x55558593) addi a1, a1, 1365
x11 <- 0x55555555


mem[X,0x80023700] -> 0x0193
mem[X,0x80023702] -> 0x0000
[3080] [M]: 0x80023700 (0x00000193) addi gp, zero, 0
x3 <- 0x00000000


mem[X,0x80023704] -> 0x006F
mem[X,0x80023706] -> 0x0140
[3081] [M]: 0x80023704 (0x0140006F) jal zero, 20


mem[X,0x80023718] -> 0x78E3
mem[X,0x8002371A] -> 0xFEB5
[3082] [M]: 0x80023718 (0xFEB578E3) bgeu a0, a1, 8176


mem[X,0x8002371C] -> 0x8193
mem[X,0x8002371E] -> 0x0021
[3083] [M]: 0x8002371C (0x00218193) addi gp, gp, 2
x3 <- 0x00000002


mem[X,0x80023720] -> 0x006F
mem[X,0x80023722] -> 0x00C0
[3084] [M]: 0x80023720 (0x00C0006F) jal zero, 12


mem[X,0x8002372C] -> 0x2823
mem[X,0x8002372E] -> 0x4C31
[3085] [M]: 0x8002372C (0x4C312823) sw gp, 1232(sp)
mem[0x8004A734] <- 0x00000002


mem[X,0x80023730] -> 0x0513
mem[X,0x80023732] -> 0x0020
[3086] [M]: 0x80023730 (0x00200513) addi a0, zero, 2
x10 <- 0x00000002


mem[X,0x80023734] -> 0xB5B7
mem[X,0x80023736] -> 0xAAAA
[3087] [M]: 0x80023734 (0xAAAAB5B7) lui a1, 699051
x11 <- 0xAAAAB000


mem[X,0x80023738] -> 0x8593
mem[X,0x8002373A] -> 0xAAA5
[3088] [M]: 0x80023738 (0xAAA58593) addi a1, a1, 2730
x11 <- 0xAAAAAAAA


mem[X,0x8002373C] -> 0x0193
mem[X,0x8002373E] -> 0x0000
[3089] [M]: 0x8002373C (0x00000193) addi gp, zero, 0
x3 <- 0x00000000


mem[X,0x80023740] -> 0x006F
mem[X,0x80023742] -> 0x0050
[3090] [M]: 0x80023740 (0x0050006F) jal zero, 2052


mem[X,0x80023F44] -> 0x70E3
mem[X,0x80023F46] -> 0x80B5
[3091] [M]: 0x80023F44 (0x80B570E3) bgeu a0, a1, 6144


mem[X,0x80023F48] -> 0x8193
mem[X,0x80023F4A] -> 0x0021
[3092] [M]: 0x80023F48 (0x00218193) addi gp, gp, 2
x3 <- 0x00000002


mem[X,0x80023F4C] -> 0x006F
mem[X,0x80023F4E] -> 0x00C0
[3093] [M]: 0x80023F4C (0x00C0006F) jal zero, 12


mem[X,0x80023F58] -> 0x2A23
mem[X,0x80023F5A] -> 0x4C31
[3094] [M]: 0x80023F58 (0x4C312A23) sw gp, 1236(sp)
mem[0x8004A738] <- 0x00000002


mem[X,0x80023F5C] -> 0x0513
mem[X,0x80023F5E] -> 0x0020
[3095] [M]: 0x80023F5C (0x00200513) addi a0, zero, 2
x10 <- 0x00000002


mem[X,0x80023F60] -> 0x0593
mem[X,0x80023F62] -> 0x0050
[3096] [M]: 0x80023F60 (0x00500593) addi a1, zero, 5
x11 <- 0x00000005


mem[X,0x80023F64] -> 0x0193
mem[X,0x80023F66] -> 0x0000
[3097] [M]: 0x80023F64 (0x00000193) addi gp, zero, 0
x3 <- 0x00000000


mem[X,0x80023F68] -> 0x006F
mem[X,0x80023F6A] -> 0x00C0
[3098] [M]: 0x80023F68 (0x00C0006F) jal zero, 12


mem[X,0x80023F74] -> 0x7863
mem[X,0x80023F76] -> 0x00B5
[3099] [M]: 0x80023F74 (0x00B57863) bgeu a0, a1, 16


clint::tick mtime <- 0x000000000000001F
 clint timer pending at mtime 0x000000000000001F
htif::tick 0x0000000000000000
mem[X,0x80023F78] -> 0x8193
mem[X,0x80023F7A] -> 0x0021
[3100] [M]: 0x80023F78 (0x00218193) addi gp, gp, 2
x3 <- 0x00000002


mem[X,0x80023F7C] -> 0x006F
mem[X,0x80023F7E] -> 0x0100
[3101] [M]: 0x80023F7C (0x0100006F) jal zero, 16


mem[X,0x80023F8C] -> 0x2C23
mem[X,0x80023F8E] -> 0x4C31
[3102] [M]: 0x80023F8C (0x4C312C23) sw gp, 1240(sp)
mem[0x8004A73C] <- 0x00000002


mem[X,0x80023F90] -> 0x0513
mem[X,0x80023F92] -> 0x0020
[3103] [M]: 0x80023F90 (0x00200513) addi a0, zero, 2
x10 <- 0x00000002


mem[X,0x80023F94] -> 0x35B7
mem[X,0x80023F96] -> 0x3333
[3104] [M]: 0x80023F94 (0x333335B7) lui a1, 209715
x11 <- 0x33333000


mem[X,0x80023F98] -> 0x8593
mem[X,0x80023F9A] -> 0x3335
[3105] [M]: 0x80023F98 (0x33358593) addi a1, a1, 819
x11 <- 0x33333333


mem[X,0x80023F9C] -> 0x0193
mem[X,0x80023F9E] -> 0x0000
[3106] [M]: 0x80023F9C (0x00000193) addi gp, zero, 0
x3 <- 0x00000000


mem[X,0x80023FA0] -> 0x006F
mem[X,0x80023FA2] -> 0x2B10
[3107] [M]: 0x80023FA0 (0x2B10006F) jal zero, 2736


mem[X,0x80024A50] -> 0x7A63
mem[X,0x80024A52] -> 0xD4B5
[3108] [M]: 0x80024A50 (0xD4B57A63) bgeu a0, a1, 5460


mem[X,0x80024A54] -> 0x8193
mem[X,0x80024A56] -> 0x0021
[3109] [M]: 0x80024A54 (0x00218193) addi gp, gp, 2
x3 <- 0x00000002


mem[X,0x80024A58] -> 0x006F
mem[X,0x80024A5A] -> 0x00C0
[3110] [M]: 0x80024A58 (0x00C0006F) jal zero, 12


mem[X,0x80024A64] -> 0x2E23
mem[X,0x80024A66] -> 0x4C31
[3111] [M]: 0x80024A64 (0x4C312E23) sw gp, 1244(sp)
mem[0x8004A740] <- 0x00000002


mem[X,0x80024A68] -> 0x0513
mem[X,0x80024A6A] -> 0x0020
[3112] [M]: 0x80024A68 (0x00200513) addi a0, zero, 2
x10 <- 0x00000002


mem[X,0x80024A6C] -> 0x65B7
mem[X,0x80024A6E] -> 0x6666
[3113] [M]: 0x80024A6C (0x666665B7) lui a1, 419430
x11 <- 0x66666000


mem[X,0x80024A70] -> 0x8593
mem[X,0x80024A72] -> 0x6665
[3114] [M]: 0x80024A70 (0x66658593) addi a1, a1, 1638
x11 <- 0x66666666


mem[X,0x80024A74] -> 0x0193
mem[X,0x80024A76] -> 0x0000
[3115] [M]: 0x80024A74 (0x00000193) addi gp, zero, 0
x3 <- 0x00000000


mem[X,0x80024A78] -> 0x006F
mem[X,0x80024A7A] -> 0x0140
[3116] [M]: 0x80024A78 (0x0140006F) jal zero, 20


mem[X,0x80024A8C] -> 0x78E3
mem[X,0x80024A8E] -> 0xFEB5
[3117] [M]: 0x80024A8C (0xFEB578E3) bgeu a0, a1, 8176


mem[X,0x80024A90] -> 0x8193
mem[X,0x80024A92] -> 0x0021
[3118] [M]: 0x80024A90 (0x00218193) addi gp, gp, 2
x3 <- 0x00000002


mem[X,0x80024A94] -> 0x006F
mem[X,0x80024A96] -> 0x00C0
[3119] [M]: 0x80024A94 (0x00C0006F) jal zero, 12


mem[X,0x80024AA0] -> 0x2023
mem[X,0x80024AA2] -> 0x4E31
[3120] [M]: 0x80024AA0 (0x4E312023) sw gp, 1248(sp)
mem[0x8004A744] <- 0x00000002


mem[X,0x80024AA4] -> 0x0513
mem[X,0x80024AA6] -> 0x0020
[3121] [M]: 0x80024AA4 (0x00200513) addi a0, zero, 2
x10 <- 0x00000002


mem[X,0x80024AA8] -> 0xB5B7
mem[X,0x80024AAA] -> 0x0000
[3122] [M]: 0x80024AA8 (0x0000B5B7) lui a1, 11
x11 <- 0x0000B000


mem[X,0x80024AAC] -> 0x8593
mem[X,0x80024AAE] -> 0x5045
[3123] [M]: 0x80024AAC (0x50458593) addi a1, a1, 1284
x11 <- 0x0000B504


mem[X,0x80024AB0] -> 0x0193
mem[X,0x80024AB2] -> 0x0000
[3124] [M]: 0x80024AB0 (0x00000193) addi gp, zero, 0
x3 <- 0x00000000


mem[X,0x80024AB4] -> 0x006F
mem[X,0x80024AB6] -> 0x0050
[3125] [M]: 0x80024AB4 (0x0050006F) jal zero, 2052


mem[X,0x800252B8] -> 0x70E3
mem[X,0x800252BA] -> 0x80B5
[3126] [M]: 0x800252B8 (0x80B570E3) bgeu a0, a1, 6144


mem[X,0x800252BC] -> 0x8193
mem[X,0x800252BE] -> 0x0021
[3127] [M]: 0x800252BC (0x00218193) addi gp, gp, 2
x3 <- 0x00000002


mem[X,0x800252C0] -> 0x006F
mem[X,0x800252C2] -> 0x00C0
[3128] [M]: 0x800252C0 (0x00C0006F) jal zero, 12


mem[X,0x800252CC] -> 0x2223
mem[X,0x800252CE] -> 0x4E31
[3129] [M]: 0x800252CC (0x4E312223) sw gp, 1252(sp)
mem[0x8004A748] <- 0x00000002


mem[X,0x800252D0] -> 0x0513
mem[X,0x800252D2] -> 0x0020
[3130] [M]: 0x800252D0 (0x00200513) addi a0, zero, 2
x10 <- 0x00000002


mem[X,0x800252D4] -> 0x0593
mem[X,0x800252D6] -> 0x0000
[3131] [M]: 0x800252D4 (0x00000593) addi a1, zero, 0
x11 <- 0x00000000


mem[X,0x800252D8] -> 0x0193
mem[X,0x800252DA] -> 0x0000
[3132] [M]: 0x800252D8 (0x00000193) addi gp, zero, 0
x3 <- 0x00000000


mem[X,0x800252DC] -> 0x006F
mem[X,0x800252DE] -> 0x00C0
[3133] [M]: 0x800252DC (0x00C0006F) jal zero, 12


mem[X,0x800252E8] -> 0x7663
mem[X,0x800252EA] -> 0x00B5
[3134] [M]: 0x800252E8 (0x00B57663) bgeu a0, a1, 12


mem[X,0x800252F4] -> 0x8193
mem[X,0x800252F6] -> 0x0031
[3135] [M]: 0x800252F4 (0x00318193) addi gp, gp, 3
x3 <- 0x00000003


mem[X,0x800252F8] -> 0x006F
mem[X,0x800252FA] -> 0x0040
[3136] [M]: 0x800252F8 (0x0040006F) jal zero, 4


mem[X,0x800252FC] -> 0x2423
mem[X,0x800252FE] -> 0x4E31
[3137] [M]: 0x800252FC (0x4E312423) sw gp, 1256(sp)
mem[0x8004A74C] <- 0x00000003


mem[X,0x80025300] -> 0x0513
mem[X,0x80025302] -> 0x0020
[3138] [M]: 0x80025300 (0x00200513) addi a0, zero, 2
x10 <- 0x00000002


mem[X,0x80025304] -> 0x05B7
mem[X,0x80025306] -> 0x0001
[3139] [M]: 0x80025304 (0x000105B7) lui a1, 16
x11 <- 0x00010000


mem[X,0x80025308] -> 0x8593
mem[X,0x8002530A] -> 0xFFF5
[3140] [M]: 0x80025308 (0xFFF58593) addi a1, a1, 4095
x11 <- 0x0000FFFF


mem[X,0x8002530C] -> 0x0193
mem[X,0x8002530E] -> 0x0000
[3141] [M]: 0x8002530C (0x00000193) addi gp, zero, 0
x3 <- 0x00000000


mem[X,0x80025310] -> 0x006F
mem[X,0x80025312] -> 0x00C0
[3142] [M]: 0x80025310 (0x00C0006F) jal zero, 12


mem[X,0x8002531C] -> 0x7663
mem[X,0x8002531E] -> 0x00B5
[3143] [M]: 0x8002531C (0x00B57663) bgeu a0, a1, 12


mem[X,0x80025320] -> 0x8193
mem[X,0x80025322] -> 0x0021
[3144] [M]: 0x80025320 (0x00218193) addi gp, gp, 2
x3 <- 0x00000002


mem[X,0x80025324] -> 0x006F
mem[X,0x80025326] -> 0x00C0
[3145] [M]: 0x80025324 (0x00C0006F) jal zero, 12


mem[X,0x80025330] -> 0x2623
mem[X,0x80025332] -> 0x4E31
[3146] [M]: 0x80025330 (0x4E312623) sw gp, 1260(sp)
mem[0x8004A750] <- 0x00000002


mem[X,0x80025334] -> 0x0513
mem[X,0x80025336] -> 0x0020
[3147] [M]: 0x80025334 (0x00200513) addi a0, zero, 2
x10 <- 0x00000002


mem[X,0x80025338] -> 0x0593
mem[X,0x8002533A] -> 0x0020
[3148] [M]: 0x80025338 (0x00200593) addi a1, zero, 2
x11 <- 0x00000002


mem[X,0x8002533C] -> 0x0193
mem[X,0x8002533E] -> 0x0000
[3149] [M]: 0x8002533C (0x00000193) addi gp, zero, 0
x3 <- 0x00000000


mem[X,0x80025340] -> 0x006F
mem[X,0x80025342] -> 0x0050
[3150] [M]: 0x80025340 (0x0050006F) jal zero, 2052


mem[X,0x80025B44] -> 0x70E3
mem[X,0x80025B46] -> 0x80B5
[3151] [M]: 0x80025B44 (0x80B570E3) bgeu a0, a1, 6144


mem[X,0x80025344] -> 0x8193
mem[X,0x80025346] -> 0x0011
[3152] [M]: 0x80025344 (0x00118193) addi gp, gp, 1
x3 <- 0x00000001


mem[X,0x80025348] -> 0x006F
mem[X,0x8002534A] -> 0x0110
[3153] [M]: 0x80025348 (0x0110006F) jal zero, 2064


mem[X,0x80025B58] -> 0x2823
mem[X,0x80025B5A] -> 0x4E31
[3154] [M]: 0x80025B58 (0x4E312823) sw gp, 1264(sp)
mem[0x8004A754] <- 0x00000001


mem[X,0x80025B5C] -> 0x0513
mem[X,0x80025B5E] -> 0x0020
[3155] [M]: 0x80025B5C (0x00200513) addi a0, zero, 2
x10 <- 0x00000002


mem[X,0x80025B60] -> 0x55B7
mem[X,0x80025B62] -> 0x5555
[3156] [M]: 0x80025B60 (0x555555B7) lui a1, 349525
x11 <- 0x55555000


mem[X,0x80025B64] -> 0x8593
mem[X,0x80025B66] -> 0x5545
[3157] [M]: 0x80025B64 (0x55458593) addi a1, a1, 1364
x11 <- 0x55555554


mem[X,0x80025B68] -> 0x0193
mem[X,0x80025B6A] -> 0x0000
[3158] [M]: 0x80025B68 (0x00000193) addi gp, zero, 0
x3 <- 0x00000000


mem[X,0x80025B6C] -> 0x006F
mem[X,0x80025B6E] -> 0x00C0
[3159] [M]: 0x80025B6C (0x00C0006F) jal zero, 12


mem[X,0x80025B78] -> 0x7063
mem[X,0x80025B7A] -> 0x08B5
[3160] [M]: 0x80025B78 (0x08B57063) bgeu a0, a1, 128


mem[X,0x80025B7C] -> 0x8193
mem[X,0x80025B7E] -> 0x0021
[3161] [M]: 0x80025B7C (0x00218193) addi gp, gp, 2
x3 <- 0x00000002


mem[X,0x80025B80] -> 0x006F
mem[X,0x80025B82] -> 0x0800
[3162] [M]: 0x80025B80 (0x0800006F) jal zero, 128


mem[X,0x80025C00] -> 0x2A23
mem[X,0x80025C02] -> 0x4E31
[3163] [M]: 0x80025C00 (0x4E312A23) sw gp, 1268(sp)
mem[0x8004A758] <- 0x00000002


mem[X,0x80025C04] -> 0x0513
mem[X,0x80025C06] -> 0x0020
[3164] [M]: 0x80025C04 (0x00200513) addi a0, zero, 2
x10 <- 0x00000002


mem[X,0x80025C08] -> 0xB5B7
mem[X,0x80025C0A] -> 0xAAAA
[3165] [M]: 0x80025C08 (0xAAAAB5B7) lui a1, 699051
x11 <- 0xAAAAB000


mem[X,0x80025C0C] -> 0x8593
mem[X,0x80025C0E] -> 0xAA95
[3166] [M]: 0x80025C0C (0xAA958593) addi a1, a1, 2729
x11 <- 0xAAAAAAA9


mem[X,0x80025C10] -> 0x0193
mem[X,0x80025C12] -> 0x0000
[3167] [M]: 0x80025C10 (0x00000193) addi gp, zero, 0
x3 <- 0x00000000


mem[X,0x80025C14] -> 0x006F
mem[X,0x80025C16] -> 0x00C0
[3168] [M]: 0x80025C14 (0x00C0006F) jal zero, 12


mem[X,0x80025C20] -> 0x7063
mem[X,0x80025C22] -> 0x20B5
[3169] [M]: 0x80025C20 (0x20B57063) bgeu a0, a1, 512


mem[X,0x80025C24] -> 0x8193
mem[X,0x80025C26] -> 0x0021
[3170] [M]: 0x80025C24 (0x00218193) addi gp, gp, 2
x3 <- 0x00000002


mem[X,0x80025C28] -> 0x006F
mem[X,0x80025C2A] -> 0x2000
[3171] [M]: 0x80025C28 (0x2000006F) jal zero, 512


mem[X,0x80025E28] -> 0x2C23
mem[X,0x80025E2A] -> 0x4E31
[3172] [M]: 0x80025E28 (0x4E312C23) sw gp, 1272(sp)
mem[0x8004A75C] <- 0x00000002


mem[X,0x80025E2C] -> 0x0513
mem[X,0x80025E2E] -> 0x0020
[3173] [M]: 0x80025E2C (0x00200513) addi a0, zero, 2
x10 <- 0x00000002


mem[X,0x80025E30] -> 0x0593
mem[X,0x80025E32] -> 0x0040
[3174] [M]: 0x80025E30 (0x00400593) addi a1, zero, 4
x11 <- 0x00000004


mem[X,0x80025E34] -> 0x0193
mem[X,0x80025E36] -> 0x0000
[3175] [M]: 0x80025E34 (0x00000193) addi gp, zero, 0
x3 <- 0x00000000


mem[X,0x80025E38] -> 0x006F
mem[X,0x80025E3A] -> 0x00C0
[3176] [M]: 0x80025E38 (0x00C0006F) jal zero, 12


mem[X,0x80025E44] -> 0x7063
mem[X,0x80025E46] -> 0x04B5
[3177] [M]: 0x80025E44 (0x04B57063) bgeu a0, a1, 64


mem[X,0x80025E48] -> 0x8193
mem[X,0x80025E4A] -> 0x0021
[3178] [M]: 0x80025E48 (0x00218193) addi gp, gp, 2
x3 <- 0x00000002


mem[X,0x80025E4C] -> 0x006F
mem[X,0x80025E4E] -> 0x0400
[3179] [M]: 0x80025E4C (0x0400006F) jal zero, 64


mem[X,0x80025E8C] -> 0x2E23
mem[X,0x80025E8E] -> 0x4E31
[3180] [M]: 0x80025E8C (0x4E312E23) sw gp, 1276(sp)
mem[0x8004A760] <- 0x00000002


mem[X,0x80025E90] -> 0x0513
mem[X,0x80025E92] -> 0x0020
[3181] [M]: 0x80025E90 (0x00200513) addi a0, zero, 2
x10 <- 0x00000002


mem[X,0x80025E94] -> 0x35B7
mem[X,0x80025E96] -> 0x3333
[3182] [M]: 0x80025E94 (0x333335B7) lui a1, 209715
x11 <- 0x33333000


mem[X,0x80025E98] -> 0x8593
mem[X,0x80025E9A] -> 0x3325
[3183] [M]: 0x80025E98 (0x33258593) addi a1, a1, 818
x11 <- 0x33333332


mem[X,0x80025E9C] -> 0x0193
mem[X,0x80025E9E] -> 0x0000
[3184] [M]: 0x80025E9C (0x00000193) addi gp, zero, 0
x3 <- 0x00000000


mem[X,0x80025EA0] -> 0x006F
mem[X,0x80025EA2] -> 0x00C0
[3185] [M]: 0x80025EA0 (0x00C0006F) jal zero, 12


mem[X,0x80025EAC] -> 0x7663
mem[X,0x80025EAE] -> 0x00B5
[3186] [M]: 0x80025EAC (0x00B57663) bgeu a0, a1, 12


mem[X,0x80025EB0] -> 0x8193
mem[X,0x80025EB2] -> 0x0021
[3187] [M]: 0x80025EB0 (0x00218193) addi gp, gp, 2
x3 <- 0x00000002


mem[X,0x80025EB4] -> 0x006F
mem[X,0x80025EB6] -> 0x00C0
[3188] [M]: 0x80025EB4 (0x00C0006F) jal zero, 12


mem[X,0x80025EC0] -> 0x2023
mem[X,0x80025EC2] -> 0x5031
[3189] [M]: 0x80025EC0 (0x50312023) sw gp, 1280(sp)
mem[0x8004A764] <- 0x00000002


mem[X,0x80025EC4] -> 0x0513
mem[X,0x80025EC6] -> 0x0020
[3190] [M]: 0x80025EC4 (0x00200513) addi a0, zero, 2
x10 <- 0x00000002


mem[X,0x80025EC8] -> 0x65B7
mem[X,0x80025ECA] -> 0x6666
[3191] [M]: 0x80025EC8 (0x666665B7) lui a1, 419430
x11 <- 0x66666000


mem[X,0x80025ECC] -> 0x8593
mem[X,0x80025ECE] -> 0x6655
[3192] [M]: 0x80025ECC (0x66558593) addi a1, a1, 1637
x11 <- 0x66666665


mem[X,0x80025ED0] -> 0x0193
mem[X,0x80025ED2] -> 0x0000
[3193] [M]: 0x80025ED0 (0x00000193) addi gp, zero, 0
x3 <- 0x00000000


mem[X,0x80025ED4] -> 0x006F
mem[X,0x80025ED6] -> 0x00C0
[3194] [M]: 0x80025ED4 (0x00C0006F) jal zero, 12


mem[X,0x80025EE0] -> 0x7063
mem[X,0x80025EE2] -> 0x04B5
[3195] [M]: 0x80025EE0 (0x04B57063) bgeu a0, a1, 64


mem[X,0x80025EE4] -> 0x8193
mem[X,0x80025EE6] -> 0x0021
[3196] [M]: 0x80025EE4 (0x00218193) addi gp, gp, 2
x3 <- 0x00000002


mem[X,0x80025EE8] -> 0x006F
mem[X,0x80025EEA] -> 0x0400
[3197] [M]: 0x80025EE8 (0x0400006F) jal zero, 64


mem[X,0x80025F28] -> 0x2223
mem[X,0x80025F2A] -> 0x5031
[3198] [M]: 0x80025F28 (0x50312223) sw gp, 1284(sp)
mem[0x8004A768] <- 0x00000002


mem[X,0x80025F2C] -> 0x0513
mem[X,0x80025F2E] -> 0x0020
[3199] [M]: 0x80025F2C (0x00200513) addi a0, zero, 2
x10 <- 0x00000002


clint::tick mtime <- 0x0000000000000020
 clint timer pending at mtime 0x0000000000000020
htif::tick 0x0000000000000000
mem[X,0x80025F30] -> 0xB5B7
mem[X,0x80025F32] -> 0x0000
[3200] [M]: 0x80025F30 (0x0000B5B7) lui a1, 11
x11 <- 0x0000B000


mem[X,0x80025F34] -> 0x8593
mem[X,0x80025F36] -> 0x5035
[3201] [M]: 0x80025F34 (0x50358593) addi a1, a1, 1283
x11 <- 0x0000B503


mem[X,0x80025F38] -> 0x0193
mem[X,0x80025F3A] -> 0x0000
[3202] [M]: 0x80025F38 (0x00000193) addi gp, zero, 0
x3 <- 0x00000000


mem[X,0x80025F3C] -> 0x006F
mem[X,0x80025F3E] -> 0x00C0
[3203] [M]: 0x80025F3C (0x00C0006F) jal zero, 12


mem[X,0x80025F48] -> 0x7663
mem[X,0x80025F4A] -> 0x00B5
[3204] [M]: 0x80025F48 (0x00B57663) bgeu a0, a1, 12


mem[X,0x80025F4C] -> 0x8193
mem[X,0x80025F4E] -> 0x0021
[3205] [M]: 0x80025F4C (0x00218193) addi gp, gp, 2
x3 <- 0x00000002


mem[X,0x80025F50] -> 0x006F
mem[X,0x80025F52] -> 0x00C0
[3206] [M]: 0x80025F50 (0x00C0006F) jal zero, 12


mem[X,0x80025F5C] -> 0x2423
mem[X,0x80025F5E] -> 0x5031
[3207] [M]: 0x80025F5C (0x50312423) sw gp, 1288(sp)
mem[0x8004A76C] <- 0x00000002


mem[X,0x80025F60] -> 0x0513
mem[X,0x80025F62] -> 0x0020
[3208] [M]: 0x80025F60 (0x00200513) addi a0, zero, 2
x10 <- 0x00000002


mem[X,0x80025F64] -> 0x05B7
mem[X,0x80025F66] -> 0x0001
[3209] [M]: 0x80025F64 (0x000105B7) lui a1, 16
x11 <- 0x00010000


mem[X,0x80025F68] -> 0x8593
mem[X,0x80025F6A] -> 0xFFE5
[3210] [M]: 0x80025F68 (0xFFE58593) addi a1, a1, 4094
x11 <- 0x0000FFFE


mem[X,0x80025F6C] -> 0x0193
mem[X,0x80025F6E] -> 0x0000
[3211] [M]: 0x80025F6C (0x00000193) addi gp, zero, 0
x3 <- 0x00000000


mem[X,0x80025F70] -> 0x006F
mem[X,0x80025F72] -> 0x00C0
[3212] [M]: 0x80025F70 (0x00C0006F) jal zero, 12


mem[X,0x80025F7C] -> 0x7063
mem[X,0x80025F7E] -> 0x08B5
[3213] [M]: 0x80025F7C (0x08B57063) bgeu a0, a1, 128


mem[X,0x80025F80] -> 0x8193
mem[X,0x80025F82] -> 0x0021
[3214] [M]: 0x80025F80 (0x00218193) addi gp, gp, 2
x3 <- 0x00000002


mem[X,0x80025F84] -> 0x006F
mem[X,0x80025F86] -> 0x0800
[3215] [M]: 0x80025F84 (0x0800006F) jal zero, 128


mem[X,0x80026004] -> 0x2623
mem[X,0x80026006] -> 0x5031
[3216] [M]: 0x80026004 (0x50312623) sw gp, 1292(sp)
mem[0x8004A770] <- 0x00000002


mem[X,0x80026008] -> 0x0513
mem[X,0x8002600A] -> 0x0020
[3217] [M]: 0x80026008 (0x00200513) addi a0, zero, 2
x10 <- 0x00000002


mem[X,0x8002600C] -> 0x55B7
mem[X,0x8002600E] -> 0x5555
[3218] [M]: 0x8002600C (0x555555B7) lui a1, 349525
x11 <- 0x55555000


mem[X,0x80026010] -> 0x8593
mem[X,0x80026012] -> 0x5565
[3219] [M]: 0x80026010 (0x55658593) addi a1, a1, 1366
x11 <- 0x55555556


mem[X,0x80026014] -> 0x0193
mem[X,0x80026016] -> 0x0000
[3220] [M]: 0x80026014 (0x00000193) addi gp, zero, 0
x3 <- 0x00000000


mem[X,0x80026018] -> 0x006F
mem[X,0x8002601A] -> 0x0050
[3221] [M]: 0x80026018 (0x0050006F) jal zero, 2052


mem[X,0x8002681C] -> 0x70E3
mem[X,0x8002681E] -> 0x80B5
[3222] [M]: 0x8002681C (0x80B570E3) bgeu a0, a1, 6144


mem[X,0x80026820] -> 0x8193
mem[X,0x80026822] -> 0x0021
[3223] [M]: 0x80026820 (0x00218193) addi gp, gp, 2
x3 <- 0x00000002


mem[X,0x80026824] -> 0x006F
mem[X,0x80026826] -> 0x00C0
[3224] [M]: 0x80026824 (0x00C0006F) jal zero, 12


mem[X,0x80026830] -> 0x2823
mem[X,0x80026832] -> 0x5031
[3225] [M]: 0x80026830 (0x50312823) sw gp, 1296(sp)
mem[0x8004A774] <- 0x00000002


mem[X,0x80026834] -> 0x0513
mem[X,0x80026836] -> 0x0020
[3226] [M]: 0x80026834 (0x00200513) addi a0, zero, 2
x10 <- 0x00000002


mem[X,0x80026838] -> 0xB5B7
mem[X,0x8002683A] -> 0xAAAA
[3227] [M]: 0x80026838 (0xAAAAB5B7) lui a1, 699051
x11 <- 0xAAAAB000


mem[X,0x8002683C] -> 0x8593
mem[X,0x8002683E] -> 0xAAB5
[3228] [M]: 0x8002683C (0xAAB58593) addi a1, a1, 2731
x11 <- 0xAAAAAAAB


mem[X,0x80026840] -> 0x0193
mem[X,0x80026842] -> 0x0000
[3229] [M]: 0x80026840 (0x00000193) addi gp, zero, 0
x3 <- 0x00000000


mem[X,0x80026844] -> 0x006F
mem[X,0x80026846] -> 0x00C0
[3230] [M]: 0x80026844 (0x00C0006F) jal zero, 12


mem[X,0x80026850] -> 0x7CE3
mem[X,0x80026852] -> 0xFEB5
[3231] [M]: 0x80026850 (0xFEB57CE3) bgeu a0, a1, 8184


mem[X,0x80026854] -> 0x8193
mem[X,0x80026856] -> 0x0021
[3232] [M]: 0x80026854 (0x00218193) addi gp, gp, 2
x3 <- 0x00000002


mem[X,0x80026858] -> 0x006F
mem[X,0x8002685A] -> 0x00C0
[3233] [M]: 0x80026858 (0x00C0006F) jal zero, 12


mem[X,0x80026864] -> 0x2A23
mem[X,0x80026866] -> 0x5031
[3234] [M]: 0x80026864 (0x50312A23) sw gp, 1300(sp)
mem[0x8004A778] <- 0x00000002


mem[X,0x80026868] -> 0x0513
mem[X,0x8002686A] -> 0x0020
[3235] [M]: 0x80026868 (0x00200513) addi a0, zero, 2
x10 <- 0x00000002


mem[X,0x8002686C] -> 0x0593
mem[X,0x8002686E] -> 0x0060
[3236] [M]: 0x8002686C (0x00600593) addi a1, zero, 6
x11 <- 0x00000006


mem[X,0x80026870] -> 0x0193
mem[X,0x80026872] -> 0x0000
[3237] [M]: 0x80026870 (0x00000193) addi gp, zero, 0
x3 <- 0x00000000


mem[X,0x80026874] -> 0x006F
mem[X,0x80026876] -> 0x00C0
[3238] [M]: 0x80026874 (0x00C0006F) jal zero, 12


mem[X,0x80026880] -> 0x7CE3
mem[X,0x80026882] -> 0xFEB5
[3239] [M]: 0x80026880 (0xFEB57CE3) bgeu a0, a1, 8184


mem[X,0x80026884] -> 0x8193
mem[X,0x80026886] -> 0x0021
[3240] [M]: 0x80026884 (0x00218193) addi gp, gp, 2
x3 <- 0x00000002


mem[X,0x80026888] -> 0x006F
mem[X,0x8002688A] -> 0x00C0
[3241] [M]: 0x80026888 (0x00C0006F) jal zero, 12


mem[X,0x80026894] -> 0x2C23
mem[X,0x80026896] -> 0x5031
[3242] [M]: 0x80026894 (0x50312C23) sw gp, 1304(sp)
mem[0x8004A77C] <- 0x00000002


mem[X,0x80026898] -> 0x0513
mem[X,0x8002689A] -> 0x0020
[3243] [M]: 0x80026898 (0x00200513) addi a0, zero, 2
x10 <- 0x00000002


mem[X,0x8002689C] -> 0x35B7
mem[X,0x8002689E] -> 0x3333
[3244] [M]: 0x8002689C (0x333335B7) lui a1, 209715
x11 <- 0x33333000


mem[X,0x800268A0] -> 0x8593
mem[X,0x800268A2] -> 0x3345
[3245] [M]: 0x800268A0 (0x33458593) addi a1, a1, 820
x11 <- 0x33333334


mem[X,0x800268A4] -> 0x0193
mem[X,0x800268A6] -> 0x0000
[3246] [M]: 0x800268A4 (0x00000193) addi gp, zero, 0
x3 <- 0x00000000


mem[X,0x800268A8] -> 0x006F
mem[X,0x800268AA] -> 0x00C0
[3247] [M]: 0x800268A8 (0x00C0006F) jal zero, 12


mem[X,0x800268B4] -> 0x7663
mem[X,0x800268B6] -> 0x00B5
[3248] [M]: 0x800268B4 (0x00B57663) bgeu a0, a1, 12


mem[X,0x800268B8] -> 0x8193
mem[X,0x800268BA] -> 0x0021
[3249] [M]: 0x800268B8 (0x00218193) addi gp, gp, 2
x3 <- 0x00000002


mem[X,0x800268BC] -> 0x006F
mem[X,0x800268BE] -> 0x00C0
[3250] [M]: 0x800268BC (0x00C0006F) jal zero, 12


mem[X,0x800268C8] -> 0x2E23
mem[X,0x800268CA] -> 0x5031
[3251] [M]: 0x800268C8 (0x50312E23) sw gp, 1308(sp)
mem[0x8004A780] <- 0x00000002


mem[X,0x800268CC] -> 0x0513
mem[X,0x800268CE] -> 0x0020
[3252] [M]: 0x800268CC (0x00200513) addi a0, zero, 2
x10 <- 0x00000002


mem[X,0x800268D0] -> 0x65B7
mem[X,0x800268D2] -> 0x6666
[3253] [M]: 0x800268D0 (0x666665B7) lui a1, 419430
x11 <- 0x66666000


mem[X,0x800268D4] -> 0x8593
mem[X,0x800268D6] -> 0x6675
[3254] [M]: 0x800268D4 (0x66758593) addi a1, a1, 1639
x11 <- 0x66666667


mem[X,0x800268D8] -> 0x0193
mem[X,0x800268DA] -> 0x0000
[3255] [M]: 0x800268D8 (0x00000193) addi gp, zero, 0
x3 <- 0x00000000


mem[X,0x800268DC] -> 0x006F
mem[X,0x800268DE] -> 0x0140
[3256] [M]: 0x800268DC (0x0140006F) jal zero, 20


mem[X,0x800268F0] -> 0x78E3
mem[X,0x800268F2] -> 0xFEB5
[3257] [M]: 0x800268F0 (0xFEB578E3) bgeu a0, a1, 8176


mem[X,0x800268F4] -> 0x8193
mem[X,0x800268F6] -> 0x0021
[3258] [M]: 0x800268F4 (0x00218193) addi gp, gp, 2
x3 <- 0x00000002


mem[X,0x800268F8] -> 0x006F
mem[X,0x800268FA] -> 0x00C0
[3259] [M]: 0x800268F8 (0x00C0006F) jal zero, 12


mem[X,0x80026904] -> 0x2023
mem[X,0x80026906] -> 0x5231
[3260] [M]: 0x80026904 (0x52312023) sw gp, 1312(sp)
mem[0x8004A784] <- 0x00000002


mem[X,0x80026908] -> 0x0513
mem[X,0x8002690A] -> 0x0020
[3261] [M]: 0x80026908 (0x00200513) addi a0, zero, 2
x10 <- 0x00000002


mem[X,0x8002690C] -> 0xB5B7
mem[X,0x8002690E] -> 0x0000
[3262] [M]: 0x8002690C (0x0000B5B7) lui a1, 11
x11 <- 0x0000B000


mem[X,0x80026910] -> 0x8593
mem[X,0x80026912] -> 0x5055
[3263] [M]: 0x80026910 (0x50558593) addi a1, a1, 1285
x11 <- 0x0000B505


mem[X,0x80026914] -> 0x0193
mem[X,0x80026916] -> 0x0000
[3264] [M]: 0x80026914 (0x00000193) addi gp, zero, 0
x3 <- 0x00000000


mem[X,0x80026918] -> 0x006F
mem[X,0x8002691A] -> 0x0140
[3265] [M]: 0x80026918 (0x0140006F) jal zero, 20


mem[X,0x8002692C] -> 0x78E3
mem[X,0x8002692E] -> 0xFEB5
[3266] [M]: 0x8002692C (0xFEB578E3) bgeu a0, a1, 8176


mem[X,0x80026930] -> 0x8193
mem[X,0x80026932] -> 0x0021
[3267] [M]: 0x80026930 (0x00218193) addi gp, gp, 2
x3 <- 0x00000002


mem[X,0x80026934] -> 0x006F
mem[X,0x80026936] -> 0x00C0
[3268] [M]: 0x80026934 (0x00C0006F) jal zero, 12


mem[X,0x80026940] -> 0x2223
mem[X,0x80026942] -> 0x5231
[3269] [M]: 0x80026940 (0x52312223) sw gp, 1316(sp)
mem[0x8004A788] <- 0x00000002


mem[X,0x80026944] -> 0x0513
mem[X,0x80026946] -> 0x0020
[3270] [M]: 0x80026944 (0x00200513) addi a0, zero, 2
x10 <- 0x00000002


mem[X,0x80026948] -> 0x0593
mem[X,0x8002694A] -> 0x0010
[3271] [M]: 0x80026948 (0x00100593) addi a1, zero, 1
x11 <- 0x00000001


mem[X,0x8002694C] -> 0x0193
mem[X,0x8002694E] -> 0x0000
[3272] [M]: 0x8002694C (0x00000193) addi gp, zero, 0
x3 <- 0x00000000


mem[X,0x80026950] -> 0x006F
mem[X,0x80026952] -> 0x00C0
[3273] [M]: 0x80026950 (0x00C0006F) jal zero, 12


mem[X,0x8002695C] -> 0x7863
mem[X,0x8002695E] -> 0x00B5
[3274] [M]: 0x8002695C (0x00B57863) bgeu a0, a1, 16


mem[X,0x8002696C] -> 0x8193
mem[X,0x8002696E] -> 0x0031
[3275] [M]: 0x8002696C (0x00318193) addi gp, gp, 3
x3 <- 0x00000003


mem[X,0x80026970] -> 0x006F
mem[X,0x80026972] -> 0x0040
[3276] [M]: 0x80026970 (0x0040006F) jal zero, 4


mem[X,0x80026974] -> 0x2423
mem[X,0x80026976] -> 0x5231
[3277] [M]: 0x80026974 (0x52312423) sw gp, 1320(sp)
mem[0x8004A78C] <- 0x00000003


mem[X,0x80026978] -> 0x0513
mem[X,0x8002697A] -> 0x0020
[3278] [M]: 0x80026978 (0x00200513) addi a0, zero, 2
x10 <- 0x00000002


mem[X,0x8002697C] -> 0x05B7
mem[X,0x8002697E] -> 0x0001
[3279] [M]: 0x8002697C (0x000105B7) lui a1, 16
x11 <- 0x00010000


mem[X,0x80026980] -> 0x0193
mem[X,0x80026982] -> 0x0000
[3280] [M]: 0x80026980 (0x00000193) addi gp, zero, 0
x3 <- 0x00000000


mem[X,0x80026984] -> 0x006F
mem[X,0x80026986] -> 0x00C0
[3281] [M]: 0x80026984 (0x00C0006F) jal zero, 12


mem[X,0x80026990] -> 0x7063
mem[X,0x80026992] -> 0x10B5
[3282] [M]: 0x80026990 (0x10B57063) bgeu a0, a1, 256


mem[X,0x80026994] -> 0x8193
mem[X,0x80026996] -> 0x0021
[3283] [M]: 0x80026994 (0x00218193) addi gp, gp, 2
x3 <- 0x00000002


mem[X,0x80026998] -> 0x006F
mem[X,0x8002699A] -> 0x1000
[3284] [M]: 0x80026998 (0x1000006F) jal zero, 256


mem[X,0x80026A98] -> 0x2623
mem[X,0x80026A9A] -> 0x5231
[3285] [M]: 0x80026A98 (0x52312623) sw gp, 1324(sp)
mem[0x8004A790] <- 0x00000002


mem[X,0x80026A9C] -> 0x5537
mem[X,0x80026A9E] -> 0x5555
[3286] [M]: 0x80026A9C (0x55555537) lui a0, 349525
x10 <- 0x55555000


mem[X,0x80026AA0] -> 0x0513
mem[X,0x80026AA2] -> 0x5545
[3287] [M]: 0x80026AA0 (0x55450513) addi a0, a0, 1364
x10 <- 0x55555554


mem[X,0x80026AA4] -> 0x0593
mem[X,0x80026AA6] -> 0x0030
[3288] [M]: 0x80026AA4 (0x00300593) addi a1, zero, 3
x11 <- 0x00000003


mem[X,0x80026AA8] -> 0x0193
mem[X,0x80026AAA] -> 0x0000
[3289] [M]: 0x80026AA8 (0x00000193) addi gp, zero, 0
x3 <- 0x00000000


mem[X,0x80026AAC] -> 0x006F
mem[X,0x80026AAE] -> 0x00C0
[3290] [M]: 0x80026AAC (0x00C0006F) jal zero, 12


mem[X,0x80026AB8] -> 0x7863
mem[X,0x80026ABA] -> 0x00B5
[3291] [M]: 0x80026AB8 (0x00B57863) bgeu a0, a1, 16


mem[X,0x80026AC8] -> 0x8193
mem[X,0x80026ACA] -> 0x0031
[3292] [M]: 0x80026AC8 (0x00318193) addi gp, gp, 3
x3 <- 0x00000003


mem[X,0x80026ACC] -> 0x006F
mem[X,0x80026ACE] -> 0x0040
[3293] [M]: 0x80026ACC (0x0040006F) jal zero, 4


mem[X,0x80026AD0] -> 0x2823
mem[X,0x80026AD2] -> 0x5231
[3294] [M]: 0x80026AD0 (0x52312823) sw gp, 1328(sp)
mem[0x8004A794] <- 0x00000003


mem[X,0x80026AD4] -> 0x5537
mem[X,0x80026AD6] -> 0x5555
[3295] [M]: 0x80026AD4 (0x55555537) lui a0, 349525
x10 <- 0x55555000


mem[X,0x80026AD8] -> 0x0513
mem[X,0x80026ADA] -> 0x5545
[3296] [M]: 0x80026AD8 (0x55450513) addi a0, a0, 1364
x10 <- 0x55555554


mem[X,0x80026ADC] -> 0x55B7
mem[X,0x80026ADE] -> 0x5555
[3297] [M]: 0x80026ADC (0x555555B7) lui a1, 349525
x11 <- 0x55555000


mem[X,0x80026AE0] -> 0x8593
mem[X,0x80026AE2] -> 0x5555
[3298] [M]: 0x80026AE0 (0x55558593) addi a1, a1, 1365
x11 <- 0x55555555


mem[X,0x80026AE4] -> 0x0193
mem[X,0x80026AE6] -> 0x0000
[3299] [M]: 0x80026AE4 (0x00000193) addi gp, zero, 0
x3 <- 0x00000000


clint::tick mtime <- 0x0000000000000021
 clint timer pending at mtime 0x0000000000000021
htif::tick 0x0000000000000000
mem[X,0x80026AE8] -> 0x006F
mem[X,0x80026AEA] -> 0x00C0
[3300] [M]: 0x80026AE8 (0x00C0006F) jal zero, 12


mem[X,0x80026AF4] -> 0x7063
mem[X,0x80026AF6] -> 0x02B5
[3301] [M]: 0x80026AF4 (0x02B57063) bgeu a0, a1, 32


mem[X,0x80026AF8] -> 0x8193
mem[X,0x80026AFA] -> 0x0021
[3302] [M]: 0x80026AF8 (0x00218193) addi gp, gp, 2
x3 <- 0x00000002


mem[X,0x80026AFC] -> 0x006F
mem[X,0x80026AFE] -> 0x0200
[3303] [M]: 0x80026AFC (0x0200006F) jal zero, 32


mem[X,0x80026B1C] -> 0x2A23
mem[X,0x80026B1E] -> 0x5231
[3304] [M]: 0x80026B1C (0x52312A23) sw gp, 1332(sp)
mem[0x8004A798] <- 0x00000002


mem[X,0x80026B20] -> 0x5537
mem[X,0x80026B22] -> 0x5555
[3305] [M]: 0x80026B20 (0x55555537) lui a0, 349525
x10 <- 0x55555000


mem[X,0x80026B24] -> 0x0513
mem[X,0x80026B26] -> 0x5545
[3306] [M]: 0x80026B24 (0x55450513) addi a0, a0, 1364
x10 <- 0x55555554


mem[X,0x80026B28] -> 0xB5B7
mem[X,0x80026B2A] -> 0xAAAA
[3307] [M]: 0x80026B28 (0xAAAAB5B7) lui a1, 699051
x11 <- 0xAAAAB000


mem[X,0x80026B2C] -> 0x8593
mem[X,0x80026B2E] -> 0xAAA5
[3308] [M]: 0x80026B2C (0xAAA58593) addi a1, a1, 2730
x11 <- 0xAAAAAAAA


mem[X,0x80026B30] -> 0x0193
mem[X,0x80026B32] -> 0x0000
[3309] [M]: 0x80026B30 (0x00000193) addi gp, zero, 0
x3 <- 0x00000000


mem[X,0x80026B34] -> 0x006F
mem[X,0x80026B36] -> 0x00C0
[3310] [M]: 0x80026B34 (0x00C0006F) jal zero, 12


mem[X,0x80026B40] -> 0x7663
mem[X,0x80026B42] -> 0x00B5
[3311] [M]: 0x80026B40 (0x00B57663) bgeu a0, a1, 12


mem[X,0x80026B44] -> 0x8193
mem[X,0x80026B46] -> 0x0021
[3312] [M]: 0x80026B44 (0x00218193) addi gp, gp, 2
x3 <- 0x00000002


mem[X,0x80026B48] -> 0x006F
mem[X,0x80026B4A] -> 0x00C0
[3313] [M]: 0x80026B48 (0x00C0006F) jal zero, 12


mem[X,0x80026B54] -> 0x2C23
mem[X,0x80026B56] -> 0x5231
[3314] [M]: 0x80026B54 (0x52312C23) sw gp, 1336(sp)
mem[0x8004A79C] <- 0x00000002


mem[X,0x80026B58] -> 0x5537
mem[X,0x80026B5A] -> 0x5555
[3315] [M]: 0x80026B58 (0x55555537) lui a0, 349525
x10 <- 0x55555000


mem[X,0x80026B5C] -> 0x0513
mem[X,0x80026B5E] -> 0x5545
[3316] [M]: 0x80026B5C (0x55450513) addi a0, a0, 1364
x10 <- 0x55555554


mem[X,0x80026B60] -> 0x0593
mem[X,0x80026B62] -> 0x0050
[3317] [M]: 0x80026B60 (0x00500593) addi a1, zero, 5
x11 <- 0x00000005


mem[X,0x80026B64] -> 0x0193
mem[X,0x80026B66] -> 0x0000
[3318] [M]: 0x80026B64 (0x00000193) addi gp, zero, 0
x3 <- 0x00000000


mem[X,0x80026B68] -> 0x006F
mem[X,0x80026B6A] -> 0x0180
[3319] [M]: 0x80026B68 (0x0180006F) jal zero, 24


mem[X,0x80026B80] -> 0x76E3
mem[X,0x80026B82] -> 0xFEB5
[3320] [M]: 0x80026B80 (0xFEB576E3) bgeu a0, a1, 8172


mem[X,0x80026B6C] -> 0x8193
mem[X,0x80026B6E] -> 0x0011
[3321] [M]: 0x80026B6C (0x00118193) addi gp, gp, 1
x3 <- 0x00000001


mem[X,0x80026B70] -> 0x006F
mem[X,0x80026B72] -> 0x0240
[3322] [M]: 0x80026B70 (0x0240006F) jal zero, 36


mem[X,0x80026B94] -> 0x2E23
mem[X,0x80026B96] -> 0x5231
[3323] [M]: 0x80026B94 (0x52312E23) sw gp, 1340(sp)
mem[0x8004A7A0] <- 0x00000001


mem[X,0x80026B98] -> 0x5537
mem[X,0x80026B9A] -> 0x5555
[3324] [M]: 0x80026B98 (0x55555537) lui a0, 349525
x10 <- 0x55555000


mem[X,0x80026B9C] -> 0x0513
mem[X,0x80026B9E] -> 0x5545
[3325] [M]: 0x80026B9C (0x55450513) addi a0, a0, 1364
x10 <- 0x55555554


mem[X,0x80026BA0] -> 0x35B7
mem[X,0x80026BA2] -> 0x3333
[3326] [M]: 0x80026BA0 (0x333335B7) lui a1, 209715
x11 <- 0x33333000


mem[X,0x80026BA4] -> 0x8593
mem[X,0x80026BA6] -> 0x3335
[3327] [M]: 0x80026BA4 (0x33358593) addi a1, a1, 819
x11 <- 0x33333333


mem[X,0x80026BA8] -> 0x0193
mem[X,0x80026BAA] -> 0x0000
[3328] [M]: 0x80026BA8 (0x00000193) addi gp, zero, 0
x3 <- 0x00000000


mem[X,0x80026BAC] -> 0x006F
mem[X,0x80026BAE] -> 0x00C0
[3329] [M]: 0x80026BAC (0x00C0006F) jal zero, 12


mem[X,0x80026BB8] -> 0x7663
mem[X,0x80026BBA] -> 0x00B5
[3330] [M]: 0x80026BB8 (0x00B57663) bgeu a0, a1, 12


mem[X,0x80026BC4] -> 0x8193
mem[X,0x80026BC6] -> 0x0031
[3331] [M]: 0x80026BC4 (0x00318193) addi gp, gp, 3
x3 <- 0x00000003


mem[X,0x80026BC8] -> 0x006F
mem[X,0x80026BCA] -> 0x0040
[3332] [M]: 0x80026BC8 (0x0040006F) jal zero, 4


mem[X,0x80026BCC] -> 0x2023
mem[X,0x80026BCE] -> 0x5431
[3333] [M]: 0x80026BCC (0x54312023) sw gp, 1344(sp)
mem[0x8004A7A4] <- 0x00000003


mem[X,0x80026BD0] -> 0x5537
mem[X,0x80026BD2] -> 0x5555
[3334] [M]: 0x80026BD0 (0x55555537) lui a0, 349525
x10 <- 0x55555000


mem[X,0x80026BD4] -> 0x0513
mem[X,0x80026BD6] -> 0x5545
[3335] [M]: 0x80026BD4 (0x55450513) addi a0, a0, 1364
x10 <- 0x55555554


mem[X,0x80026BD8] -> 0x65B7
mem[X,0x80026BDA] -> 0x6666
[3336] [M]: 0x80026BD8 (0x666665B7) lui a1, 419430
x11 <- 0x66666000


mem[X,0x80026BDC] -> 0x8593
mem[X,0x80026BDE] -> 0x6665
[3337] [M]: 0x80026BDC (0x66658593) addi a1, a1, 1638
x11 <- 0x66666666


mem[X,0x80026BE0] -> 0x0193
mem[X,0x80026BE2] -> 0x0000
[3338] [M]: 0x80026BE0 (0x00000193) addi gp, zero, 0
x3 <- 0x00000000


mem[X,0x80026BE4] -> 0x006F
mem[X,0x80026BE6] -> 0x00C0
[3339] [M]: 0x80026BE4 (0x00C0006F) jal zero, 12


mem[X,0x80026BF0] -> 0x7063
mem[X,0x80026BF2] -> 0x10B5
[3340] [M]: 0x80026BF0 (0x10B57063) bgeu a0, a1, 256


mem[X,0x80026BF4] -> 0x8193
mem[X,0x80026BF6] -> 0x0021
[3341] [M]: 0x80026BF4 (0x00218193) addi gp, gp, 2
x3 <- 0x00000002


mem[X,0x80026BF8] -> 0x006F
mem[X,0x80026BFA] -> 0x1000
[3342] [M]: 0x80026BF8 (0x1000006F) jal zero, 256


mem[X,0x80026CF8] -> 0x2223
mem[X,0x80026CFA] -> 0x5431
[3343] [M]: 0x80026CF8 (0x54312223) sw gp, 1348(sp)
mem[0x8004A7A8] <- 0x00000002


mem[X,0x80026CFC] -> 0x5537
mem[X,0x80026CFE] -> 0x5555
[3344] [M]: 0x80026CFC (0x55555537) lui a0, 349525
x10 <- 0x55555000


mem[X,0x80026D00] -> 0x0513
mem[X,0x80026D02] -> 0x5545
[3345] [M]: 0x80026D00 (0x55450513) addi a0, a0, 1364
x10 <- 0x55555554


mem[X,0x80026D04] -> 0xB5B7
mem[X,0x80026D06] -> 0x0000
[3346] [M]: 0x80026D04 (0x0000B5B7) lui a1, 11
x11 <- 0x0000B000


mem[X,0x80026D08] -> 0x8593
mem[X,0x80026D0A] -> 0x5045
[3347] [M]: 0x80026D08 (0x50458593) addi a1, a1, 1284
x11 <- 0x0000B504


mem[X,0x80026D0C] -> 0x0193
mem[X,0x80026D0E] -> 0x0000
[3348] [M]: 0x80026D0C (0x00000193) addi gp, zero, 0
x3 <- 0x00000000


mem[X,0x80026D10] -> 0x006F
mem[X,0x80026D12] -> 0x00C0
[3349] [M]: 0x80026D10 (0x00C0006F) jal zero, 12


mem[X,0x80026D1C] -> 0x7063
mem[X,0x80026D1E] -> 0x02B5
[3350] [M]: 0x80026D1C (0x02B57063) bgeu a0, a1, 32


mem[X,0x80026D3C] -> 0x8193
mem[X,0x80026D3E] -> 0x0031
[3351] [M]: 0x80026D3C (0x00318193) addi gp, gp, 3
x3 <- 0x00000003


mem[X,0x80026D40] -> 0x006F
mem[X,0x80026D42] -> 0x0040
[3352] [M]: 0x80026D40 (0x0040006F) jal zero, 4


mem[X,0x80026D44] -> 0x2423
mem[X,0x80026D46] -> 0x5431
[3353] [M]: 0x80026D44 (0x54312423) sw gp, 1352(sp)
mem[0x8004A7AC] <- 0x00000003


mem[X,0x80026D48] -> 0x5537
mem[X,0x80026D4A] -> 0x5555
[3354] [M]: 0x80026D48 (0x55555537) lui a0, 349525
x10 <- 0x55555000


mem[X,0x80026D4C] -> 0x0513
mem[X,0x80026D4E] -> 0x5545
[3355] [M]: 0x80026D4C (0x55450513) addi a0, a0, 1364
x10 <- 0x55555554


mem[X,0x80026D50] -> 0x0593
mem[X,0x80026D52] -> 0x0000
[3356] [M]: 0x80026D50 (0x00000593) addi a1, zero, 0
x11 <- 0x00000000


mem[X,0x80026D54] -> 0x0193
mem[X,0x80026D56] -> 0x0000
[3357] [M]: 0x80026D54 (0x00000193) addi gp, zero, 0
x3 <- 0x00000000


mem[X,0x80026D58] -> 0x006F
mem[X,0x80026D5A] -> 0x00C0
[3358] [M]: 0x80026D58 (0x00C0006F) jal zero, 12


mem[X,0x80026D64] -> 0x7063
mem[X,0x80026D66] -> 0x40B5
[3359] [M]: 0x80026D64 (0x40B57063) bgeu a0, a1, 1024


mem[X,0x80027164] -> 0x8193
mem[X,0x80027166] -> 0x0031
[3360] [M]: 0x80027164 (0x00318193) addi gp, gp, 3
x3 <- 0x00000003


mem[X,0x80027168] -> 0x006F
mem[X,0x8002716A] -> 0x0040
[3361] [M]: 0x80027168 (0x0040006F) jal zero, 4


mem[X,0x8002716C] -> 0x2623
mem[X,0x8002716E] -> 0x5431
[3362] [M]: 0x8002716C (0x54312623) sw gp, 1356(sp)
mem[0x8004A7B0] <- 0x00000003


mem[X,0x80027170] -> 0x5537
mem[X,0x80027172] -> 0x5555
[3363] [M]: 0x80027170 (0x55555537) lui a0, 349525
x10 <- 0x55555000


mem[X,0x80027174] -> 0x0513
mem[X,0x80027176] -> 0x5545
[3364] [M]: 0x80027174 (0x55450513) addi a0, a0, 1364
x10 <- 0x55555554


mem[X,0x80027178] -> 0x05B7
mem[X,0x8002717A] -> 0x0001
[3365] [M]: 0x80027178 (0x000105B7) lui a1, 16
x11 <- 0x00010000


mem[X,0x8002717C] -> 0x8593
mem[X,0x8002717E] -> 0xFFF5
[3366] [M]: 0x8002717C (0xFFF58593) addi a1, a1, 4095
x11 <- 0x0000FFFF


mem[X,0x80027180] -> 0x0193
mem[X,0x80027182] -> 0x0000
[3367] [M]: 0x80027180 (0x00000193) addi gp, zero, 0
x3 <- 0x00000000


mem[X,0x80027184] -> 0x006F
mem[X,0x80027186] -> 0x00C0
[3368] [M]: 0x80027184 (0x00C0006F) jal zero, 12


mem[X,0x80027190] -> 0x7663
mem[X,0x80027192] -> 0x00B5
[3369] [M]: 0x80027190 (0x00B57663) bgeu a0, a1, 12


mem[X,0x8002719C] -> 0x8193
mem[X,0x8002719E] -> 0x0031
[3370] [M]: 0x8002719C (0x00318193) addi gp, gp, 3
x3 <- 0x00000003


mem[X,0x800271A0] -> 0x006F
mem[X,0x800271A2] -> 0x0040
[3371] [M]: 0x800271A0 (0x0040006F) jal zero, 4


mem[X,0x800271A4] -> 0x2823
mem[X,0x800271A6] -> 0x5431
[3372] [M]: 0x800271A4 (0x54312823) sw gp, 1360(sp)
mem[0x8004A7B4] <- 0x00000003


mem[X,0x800271A8] -> 0x5537
mem[X,0x800271AA] -> 0x5555
[3373] [M]: 0x800271A8 (0x55555537) lui a0, 349525
x10 <- 0x55555000


mem[X,0x800271AC] -> 0x0513
mem[X,0x800271AE] -> 0x5545
[3374] [M]: 0x800271AC (0x55450513) addi a0, a0, 1364
x10 <- 0x55555554


mem[X,0x800271B0] -> 0x0593
mem[X,0x800271B2] -> 0x0020
[3375] [M]: 0x800271B0 (0x00200593) addi a1, zero, 2
x11 <- 0x00000002


mem[X,0x800271B4] -> 0x0193
mem[X,0x800271B6] -> 0x0000
[3376] [M]: 0x800271B4 (0x00000193) addi gp, zero, 0
x3 <- 0x00000000


mem[X,0x800271B8] -> 0x006F
mem[X,0x800271BA] -> 0x00C0
[3377] [M]: 0x800271B8 (0x00C0006F) jal zero, 12


mem[X,0x800271C4] -> 0x7063
mem[X,0x800271C6] -> 0x02B5
[3378] [M]: 0x800271C4 (0x02B57063) bgeu a0, a1, 32


mem[X,0x800271E4] -> 0x8193
mem[X,0x800271E6] -> 0x0031
[3379] [M]: 0x800271E4 (0x00318193) addi gp, gp, 3
x3 <- 0x00000003


mem[X,0x800271E8] -> 0x006F
mem[X,0x800271EA] -> 0x0040
[3380] [M]: 0x800271E8 (0x0040006F) jal zero, 4


mem[X,0x800271EC] -> 0x2A23
mem[X,0x800271EE] -> 0x5431
[3381] [M]: 0x800271EC (0x54312A23) sw gp, 1364(sp)
mem[0x8004A7B8] <- 0x00000003


mem[X,0x800271F0] -> 0x5537
mem[X,0x800271F2] -> 0x5555
[3382] [M]: 0x800271F0 (0x55555537) lui a0, 349525
x10 <- 0x55555000


mem[X,0x800271F4] -> 0x0513
mem[X,0x800271F6] -> 0x5545
[3383] [M]: 0x800271F4 (0x55450513) addi a0, a0, 1364
x10 <- 0x55555554


mem[X,0x800271F8] -> 0x55B7
mem[X,0x800271FA] -> 0x5555
[3384] [M]: 0x800271F8 (0x555555B7) lui a1, 349525
x11 <- 0x55555000


mem[X,0x800271FC] -> 0x8593
mem[X,0x800271FE] -> 0x5545
[3385] [M]: 0x800271FC (0x55458593) addi a1, a1, 1364
x11 <- 0x55555554


mem[X,0x80027200] -> 0x0193
mem[X,0x80027202] -> 0x0000
[3386] [M]: 0x80027200 (0x00000193) addi gp, zero, 0
x3 <- 0x00000000


mem[X,0x80027204] -> 0x006F
mem[X,0x80027206] -> 0x00C0
[3387] [M]: 0x80027204 (0x00C0006F) jal zero, 12


mem[X,0x80027210] -> 0x7663
mem[X,0x80027212] -> 0x00B5
[3388] [M]: 0x80027210 (0x00B57663) bgeu a0, a1, 12


mem[X,0x8002721C] -> 0x8193
mem[X,0x8002721E] -> 0x0031
[3389] [M]: 0x8002721C (0x00318193) addi gp, gp, 3
x3 <- 0x00000003


mem[X,0x80027220] -> 0x006F
mem[X,0x80027222] -> 0x0040
[3390] [M]: 0x80027220 (0x0040006F) jal zero, 4


mem[X,0x80027224] -> 0x2C23
mem[X,0x80027226] -> 0x5431
[3391] [M]: 0x80027224 (0x54312C23) sw gp, 1368(sp)
mem[0x8004A7BC] <- 0x00000003


mem[X,0x80027228] -> 0x5537
mem[X,0x8002722A] -> 0x5555
[3392] [M]: 0x80027228 (0x55555537) lui a0, 349525
x10 <- 0x55555000


mem[X,0x8002722C] -> 0x0513
mem[X,0x8002722E] -> 0x5545
[3393] [M]: 0x8002722C (0x55450513) addi a0, a0, 1364
x10 <- 0x55555554


mem[X,0x80027230] -> 0xB5B7
mem[X,0x80027232] -> 0xAAAA
[3394] [M]: 0x80027230 (0xAAAAB5B7) lui a1, 699051
x11 <- 0xAAAAB000


mem[X,0x80027234] -> 0x8593
mem[X,0x80027236] -> 0xAA95
[3395] [M]: 0x80027234 (0xAA958593) addi a1, a1, 2729
x11 <- 0xAAAAAAA9


mem[X,0x80027238] -> 0x0193
mem[X,0x8002723A] -> 0x0000
[3396] [M]: 0x80027238 (0x00000193) addi gp, zero, 0
x3 <- 0x00000000


mem[X,0x8002723C] -> 0x006F
mem[X,0x8002723E] -> 0x0140
[3397] [M]: 0x8002723C (0x0140006F) jal zero, 20


mem[X,0x80027250] -> 0x78E3
mem[X,0x80027252] -> 0xFEB5
[3398] [M]: 0x80027250 (0xFEB578E3) bgeu a0, a1, 8176


mem[X,0x80027254] -> 0x8193
mem[X,0x80027256] -> 0x0021
[3399] [M]: 0x80027254 (0x00218193) addi gp, gp, 2
x3 <- 0x00000002


clint::tick mtime <- 0x0000000000000022
 clint timer pending at mtime 0x0000000000000022
htif::tick 0x0000000000000000
mem[X,0x80027258] -> 0x006F
mem[X,0x8002725A] -> 0x00C0
[3400] [M]: 0x80027258 (0x00C0006F) jal zero, 12


mem[X,0x80027264] -> 0x2E23
mem[X,0x80027266] -> 0x5431
[3401] [M]: 0x80027264 (0x54312E23) sw gp, 1372(sp)
mem[0x8004A7C0] <- 0x00000002


mem[X,0x80027268] -> 0x5537
mem[X,0x8002726A] -> 0x5555
[3402] [M]: 0x80027268 (0x55555537) lui a0, 349525
x10 <- 0x55555000


mem[X,0x8002726C] -> 0x0513
mem[X,0x8002726E] -> 0x5545
[3403] [M]: 0x8002726C (0x55450513) addi a0, a0, 1364
x10 <- 0x55555554


mem[X,0x80027270] -> 0x0593
mem[X,0x80027272] -> 0x0040
[3404] [M]: 0x80027270 (0x00400593) addi a1, zero, 4
x11 <- 0x00000004


mem[X,0x80027274] -> 0x0193
mem[X,0x80027276] -> 0x0000
[3405] [M]: 0x80027274 (0x00000193) addi gp, zero, 0
x3 <- 0x00000000


mem[X,0x80027278] -> 0x006F
mem[X,0x8002727A] -> 0x00C0
[3406] [M]: 0x80027278 (0x00C0006F) jal zero, 12


mem[X,0x80027284] -> 0x7063
mem[X,0x80027286] -> 0x40B5
[3407] [M]: 0x80027284 (0x40B57063) bgeu a0, a1, 1024


mem[X,0x80027684] -> 0x8193
mem[X,0x80027686] -> 0x0031
[3408] [M]: 0x80027684 (0x00318193) addi gp, gp, 3
x3 <- 0x00000003


mem[X,0x80027688] -> 0x006F
mem[X,0x8002768A] -> 0x0040
[3409] [M]: 0x80027688 (0x0040006F) jal zero, 4


mem[X,0x8002768C] -> 0x2023
mem[X,0x8002768E] -> 0x5631
[3410] [M]: 0x8002768C (0x56312023) sw gp, 1376(sp)
mem[0x8004A7C4] <- 0x00000003


mem[X,0x80027690] -> 0x5537
mem[X,0x80027692] -> 0x5555
[3411] [M]: 0x80027690 (0x55555537) lui a0, 349525
x10 <- 0x55555000


mem[X,0x80027694] -> 0x0513
mem[X,0x80027696] -> 0x5545
[3412] [M]: 0x80027694 (0x55450513) addi a0, a0, 1364
x10 <- 0x55555554


mem[X,0x80027698] -> 0x35B7
mem[X,0x8002769A] -> 0x3333
[3413] [M]: 0x80027698 (0x333335B7) lui a1, 209715
x11 <- 0x33333000


mem[X,0x8002769C] -> 0x8593
mem[X,0x8002769E] -> 0x3325
[3414] [M]: 0x8002769C (0x33258593) addi a1, a1, 818
x11 <- 0x33333332


mem[X,0x800276A0] -> 0x0193
mem[X,0x800276A2] -> 0x0000
[3415] [M]: 0x800276A0 (0x00000193) addi gp, zero, 0
x3 <- 0x00000000


mem[X,0x800276A4] -> 0x006F
mem[X,0x800276A6] -> 0x0050
[3416] [M]: 0x800276A4 (0x0050006F) jal zero, 2052


mem[X,0x80027EA8] -> 0x70E3
mem[X,0x80027EAA] -> 0x80B5
[3417] [M]: 0x80027EA8 (0x80B570E3) bgeu a0, a1, 6144


mem[X,0x800276A8] -> 0x8193
mem[X,0x800276AA] -> 0x0011
[3418] [M]: 0x800276A8 (0x00118193) addi gp, gp, 1
x3 <- 0x00000001


mem[X,0x800276AC] -> 0x006F
mem[X,0x800276AE] -> 0x0110
[3419] [M]: 0x800276AC (0x0110006F) jal zero, 2064


mem[X,0x80027EBC] -> 0x2223
mem[X,0x80027EBE] -> 0x5631
[3420] [M]: 0x80027EBC (0x56312223) sw gp, 1380(sp)
mem[0x8004A7C8] <- 0x00000001


mem[X,0x80027EC0] -> 0x5537
mem[X,0x80027EC2] -> 0x5555
[3421] [M]: 0x80027EC0 (0x55555537) lui a0, 349525
x10 <- 0x55555000


mem[X,0x80027EC4] -> 0x0513
mem[X,0x80027EC6] -> 0x5545
[3422] [M]: 0x80027EC4 (0x55450513) addi a0, a0, 1364
x10 <- 0x55555554


mem[X,0x80027EC8] -> 0x65B7
mem[X,0x80027ECA] -> 0x6666
[3423] [M]: 0x80027EC8 (0x666665B7) lui a1, 419430
x11 <- 0x66666000


mem[X,0x80027ECC] -> 0x8593
mem[X,0x80027ECE] -> 0x6655
[3424] [M]: 0x80027ECC (0x66558593) addi a1, a1, 1637
x11 <- 0x66666665


mem[X,0x80027ED0] -> 0x0193
mem[X,0x80027ED2] -> 0x0000
[3425] [M]: 0x80027ED0 (0x00000193) addi gp, zero, 0
x3 <- 0x00000000


mem[X,0x80027ED4] -> 0x006F
mem[X,0x80027ED6] -> 0x00C0
[3426] [M]: 0x80027ED4 (0x00C0006F) jal zero, 12


mem[X,0x80027EE0] -> 0x7CE3
mem[X,0x80027EE2] -> 0xFEB5
[3427] [M]: 0x80027EE0 (0xFEB57CE3) bgeu a0, a1, 8184


mem[X,0x80027EE4] -> 0x8193
mem[X,0x80027EE6] -> 0x0021
[3428] [M]: 0x80027EE4 (0x00218193) addi gp, gp, 2
x3 <- 0x00000002


mem[X,0x80027EE8] -> 0x006F
mem[X,0x80027EEA] -> 0x00C0
[3429] [M]: 0x80027EE8 (0x00C0006F) jal zero, 12


mem[X,0x80027EF4] -> 0x2423
mem[X,0x80027EF6] -> 0x5631
[3430] [M]: 0x80027EF4 (0x56312423) sw gp, 1384(sp)
mem[0x8004A7CC] <- 0x00000002


mem[X,0x80027EF8] -> 0x5537
mem[X,0x80027EFA] -> 0x5555
[3431] [M]: 0x80027EF8 (0x55555537) lui a0, 349525
x10 <- 0x55555000


mem[X,0x80027EFC] -> 0x0513
mem[X,0x80027EFE] -> 0x5545
[3432] [M]: 0x80027EFC (0x55450513) addi a0, a0, 1364
x10 <- 0x55555554


mem[X,0x80027F00] -> 0xB5B7
mem[X,0x80027F02] -> 0x0000
[3433] [M]: 0x80027F00 (0x0000B5B7) lui a1, 11
x11 <- 0x0000B000


mem[X,0x80027F04] -> 0x8593
mem[X,0x80027F06] -> 0x5035
[3434] [M]: 0x80027F04 (0x50358593) addi a1, a1, 1283
x11 <- 0x0000B503


mem[X,0x80027F08] -> 0x0193
mem[X,0x80027F0A] -> 0x0000
[3435] [M]: 0x80027F08 (0x00000193) addi gp, zero, 0
x3 <- 0x00000000


mem[X,0x80027F0C] -> 0x006F
mem[X,0x80027F0E] -> 0x00C0
[3436] [M]: 0x80027F0C (0x00C0006F) jal zero, 12


mem[X,0x80027F18] -> 0x7063
mem[X,0x80027F1A] -> 0x02B5
[3437] [M]: 0x80027F18 (0x02B57063) bgeu a0, a1, 32


mem[X,0x80027F38] -> 0x8193
mem[X,0x80027F3A] -> 0x0031
[3438] [M]: 0x80027F38 (0x00318193) addi gp, gp, 3
x3 <- 0x00000003


mem[X,0x80027F3C] -> 0x006F
mem[X,0x80027F3E] -> 0x0040
[3439] [M]: 0x80027F3C (0x0040006F) jal zero, 4


mem[X,0x80027F40] -> 0x2623
mem[X,0x80027F42] -> 0x5631
[3440] [M]: 0x80027F40 (0x56312623) sw gp, 1388(sp)
mem[0x8004A7D0] <- 0x00000003


mem[X,0x80027F44] -> 0x5537
mem[X,0x80027F46] -> 0x5555
[3441] [M]: 0x80027F44 (0x55555537) lui a0, 349525
x10 <- 0x55555000


mem[X,0x80027F48] -> 0x0513
mem[X,0x80027F4A] -> 0x5545
[3442] [M]: 0x80027F48 (0x55450513) addi a0, a0, 1364
x10 <- 0x55555554


mem[X,0x80027F4C] -> 0x05B7
mem[X,0x80027F4E] -> 0x0001
[3443] [M]: 0x80027F4C (0x000105B7) lui a1, 16
x11 <- 0x00010000


mem[X,0x80027F50] -> 0x8593
mem[X,0x80027F52] -> 0xFFE5
[3444] [M]: 0x80027F50 (0xFFE58593) addi a1, a1, 4094
x11 <- 0x0000FFFE


mem[X,0x80027F54] -> 0x0193
mem[X,0x80027F56] -> 0x0000
[3445] [M]: 0x80027F54 (0x00000193) addi gp, zero, 0
x3 <- 0x00000000


mem[X,0x80027F58] -> 0x006F
mem[X,0x80027F5A] -> 0x00C0
[3446] [M]: 0x80027F58 (0x00C0006F) jal zero, 12


mem[X,0x80027F64] -> 0x7063
mem[X,0x80027F66] -> 0x04B5
[3447] [M]: 0x80027F64 (0x04B57063) bgeu a0, a1, 64


mem[X,0x80027FA4] -> 0x8193
mem[X,0x80027FA6] -> 0x0031
[3448] [M]: 0x80027FA4 (0x00318193) addi gp, gp, 3
x3 <- 0x00000003


mem[X,0x80027FA8] -> 0x006F
mem[X,0x80027FAA] -> 0x0040
[3449] [M]: 0x80027FA8 (0x0040006F) jal zero, 4


mem[X,0x80027FAC] -> 0x2823
mem[X,0x80027FAE] -> 0x5631
[3450] [M]: 0x80027FAC (0x56312823) sw gp, 1392(sp)
mem[0x8004A7D4] <- 0x00000003


mem[X,0x80027FB0] -> 0x5537
mem[X,0x80027FB2] -> 0x5555
[3451] [M]: 0x80027FB0 (0x55555537) lui a0, 349525
x10 <- 0x55555000


mem[X,0x80027FB4] -> 0x0513
mem[X,0x80027FB6] -> 0x5545
[3452] [M]: 0x80027FB4 (0x55450513) addi a0, a0, 1364
x10 <- 0x55555554


mem[X,0x80027FB8] -> 0x55B7
mem[X,0x80027FBA] -> 0x5555
[3453] [M]: 0x80027FB8 (0x555555B7) lui a1, 349525
x11 <- 0x55555000


mem[X,0x80027FBC] -> 0x8593
mem[X,0x80027FBE] -> 0x5565
[3454] [M]: 0x80027FBC (0x55658593) addi a1, a1, 1366
x11 <- 0x55555556


mem[X,0x80027FC0] -> 0x0193
mem[X,0x80027FC2] -> 0x0000
[3455] [M]: 0x80027FC0 (0x00000193) addi gp, zero, 0
x3 <- 0x00000000


mem[X,0x80027FC4] -> 0x006F
mem[X,0x80027FC6] -> 0x00C0
[3456] [M]: 0x80027FC4 (0x00C0006F) jal zero, 12


mem[X,0x80027FD0] -> 0x7063
mem[X,0x80027FD2] -> 0x40B5
[3457] [M]: 0x80027FD0 (0x40B57063) bgeu a0, a1, 1024


mem[X,0x80027FD4] -> 0x8193
mem[X,0x80027FD6] -> 0x0021
[3458] [M]: 0x80027FD4 (0x00218193) addi gp, gp, 2
x3 <- 0x00000002


mem[X,0x80027FD8] -> 0x006F
mem[X,0x80027FDA] -> 0x4000
[3459] [M]: 0x80027FD8 (0x4000006F) jal zero, 1024


mem[X,0x800283D8] -> 0x2A23
mem[X,0x800283DA] -> 0x5631
[3460] [M]: 0x800283D8 (0x56312A23) sw gp, 1396(sp)
mem[0x8004A7D8] <- 0x00000002


mem[X,0x800283DC] -> 0x5537
mem[X,0x800283DE] -> 0x5555
[3461] [M]: 0x800283DC (0x55555537) lui a0, 349525
x10 <- 0x55555000


mem[X,0x800283E0] -> 0x0513
mem[X,0x800283E2] -> 0x5545
[3462] [M]: 0x800283E0 (0x55450513) addi a0, a0, 1364
x10 <- 0x55555554


mem[X,0x800283E4] -> 0xB5B7
mem[X,0x800283E6] -> 0xAAAA
[3463] [M]: 0x800283E4 (0xAAAAB5B7) lui a1, 699051
x11 <- 0xAAAAB000


mem[X,0x800283E8] -> 0x8593
mem[X,0x800283EA] -> 0xAAB5
[3464] [M]: 0x800283E8 (0xAAB58593) addi a1, a1, 2731
x11 <- 0xAAAAAAAB


mem[X,0x800283EC] -> 0x0193
mem[X,0x800283EE] -> 0x0000
[3465] [M]: 0x800283EC (0x00000193) addi gp, zero, 0
x3 <- 0x00000000


mem[X,0x800283F0] -> 0x006F
mem[X,0x800283F2] -> 0x00C0
[3466] [M]: 0x800283F0 (0x00C0006F) jal zero, 12


mem[X,0x800283FC] -> 0x7063
mem[X,0x800283FE] -> 0x20B5
[3467] [M]: 0x800283FC (0x20B57063) bgeu a0, a1, 512


mem[X,0x80028400] -> 0x8193
mem[X,0x80028402] -> 0x0021
[3468] [M]: 0x80028400 (0x00218193) addi gp, gp, 2
x3 <- 0x00000002


mem[X,0x80028404] -> 0x006F
mem[X,0x80028406] -> 0x2000
[3469] [M]: 0x80028404 (0x2000006F) jal zero, 512


mem[X,0x80028604] -> 0x2C23
mem[X,0x80028606] -> 0x5631
[3470] [M]: 0x80028604 (0x56312C23) sw gp, 1400(sp)
mem[0x8004A7DC] <- 0x00000002


mem[X,0x80028608] -> 0x5537
mem[X,0x8002860A] -> 0x5555
[3471] [M]: 0x80028608 (0x55555537) lui a0, 349525
x10 <- 0x55555000


mem[X,0x8002860C] -> 0x0513
mem[X,0x8002860E] -> 0x5545
[3472] [M]: 0x8002860C (0x55450513) addi a0, a0, 1364
x10 <- 0x55555554


mem[X,0x80028610] -> 0x0593
mem[X,0x80028612] -> 0x0060
[3473] [M]: 0x80028610 (0x00600593) addi a1, zero, 6
x11 <- 0x00000006


mem[X,0x80028614] -> 0x0193
mem[X,0x80028616] -> 0x0000
[3474] [M]: 0x80028614 (0x00000193) addi gp, zero, 0
x3 <- 0x00000000


mem[X,0x80028618] -> 0x006F
mem[X,0x8002861A] -> 0x0140
[3475] [M]: 0x80028618 (0x0140006F) jal zero, 20


mem[X,0x8002862C] -> 0x78E3
mem[X,0x8002862E] -> 0xFEB5
[3476] [M]: 0x8002862C (0xFEB578E3) bgeu a0, a1, 8176


mem[X,0x8002861C] -> 0x8193
mem[X,0x8002861E] -> 0x0011
[3477] [M]: 0x8002861C (0x00118193) addi gp, gp, 1
x3 <- 0x00000001


mem[X,0x80028620] -> 0x006F
mem[X,0x80028622] -> 0x0200
[3478] [M]: 0x80028620 (0x0200006F) jal zero, 32


mem[X,0x80028640] -> 0x2E23
mem[X,0x80028642] -> 0x5631
[3479] [M]: 0x80028640 (0x56312E23) sw gp, 1404(sp)
mem[0x8004A7E0] <- 0x00000001


mem[X,0x80028644] -> 0x5537
mem[X,0x80028646] -> 0x5555
[3480] [M]: 0x80028644 (0x55555537) lui a0, 349525
x10 <- 0x55555000


mem[X,0x80028648] -> 0x0513
mem[X,0x8002864A] -> 0x5545
[3481] [M]: 0x80028648 (0x55450513) addi a0, a0, 1364
x10 <- 0x55555554


mem[X,0x8002864C] -> 0x35B7
mem[X,0x8002864E] -> 0x3333
[3482] [M]: 0x8002864C (0x333335B7) lui a1, 209715
x11 <- 0x33333000


mem[X,0x80028650] -> 0x8593
mem[X,0x80028652] -> 0x3345
[3483] [M]: 0x80028650 (0x33458593) addi a1, a1, 820
x11 <- 0x33333334


mem[X,0x80028654] -> 0x0193
mem[X,0x80028656] -> 0x0000
[3484] [M]: 0x80028654 (0x00000193) addi gp, zero, 0
x3 <- 0x00000000


mem[X,0x80028658] -> 0x006F
mem[X,0x8002865A] -> 0x00C0
[3485] [M]: 0x80028658 (0x00C0006F) jal zero, 12


mem[X,0x80028664] -> 0x7663
mem[X,0x80028666] -> 0x00B5
[3486] [M]: 0x80028664 (0x00B57663) bgeu a0, a1, 12


mem[X,0x80028670] -> 0x8193
mem[X,0x80028672] -> 0x0031
[3487] [M]: 0x80028670 (0x00318193) addi gp, gp, 3
x3 <- 0x00000003


mem[X,0x80028674] -> 0x006F
mem[X,0x80028676] -> 0x0040
[3488] [M]: 0x80028674 (0x0040006F) jal zero, 4


mem[X,0x80028678] -> 0x2023
mem[X,0x8002867A] -> 0x5831
[3489] [M]: 0x80028678 (0x58312023) sw gp, 1408(sp)
mem[0x8004A7E4] <- 0x00000003


mem[X,0x8002867C] -> 0x5537
mem[X,0x8002867E] -> 0x5555
[3490] [M]: 0x8002867C (0x55555537) lui a0, 349525
x10 <- 0x55555000


mem[X,0x80028680] -> 0x0513
mem[X,0x80028682] -> 0x5545
[3491] [M]: 0x80028680 (0x55450513) addi a0, a0, 1364
x10 <- 0x55555554


mem[X,0x80028684] -> 0x65B7
mem[X,0x80028686] -> 0x6666
[3492] [M]: 0x80028684 (0x666665B7) lui a1, 419430
x11 <- 0x66666000


mem[X,0x80028688] -> 0x8593
mem[X,0x8002868A] -> 0x6675
[3493] [M]: 0x80028688 (0x66758593) addi a1, a1, 1639
x11 <- 0x66666667


mem[X,0x8002868C] -> 0x0193
mem[X,0x8002868E] -> 0x0000
[3494] [M]: 0x8002868C (0x00000193) addi gp, zero, 0
x3 <- 0x00000000


mem[X,0x80028690] -> 0x006F
mem[X,0x80028692] -> 0x00C0
[3495] [M]: 0x80028690 (0x00C0006F) jal zero, 12


mem[X,0x8002869C] -> 0x7663
mem[X,0x8002869E] -> 0x00B5
[3496] [M]: 0x8002869C (0x00B57663) bgeu a0, a1, 12


mem[X,0x800286A0] -> 0x8193
mem[X,0x800286A2] -> 0x0021
[3497] [M]: 0x800286A0 (0x00218193) addi gp, gp, 2
x3 <- 0x00000002


mem[X,0x800286A4] -> 0x006F
mem[X,0x800286A6] -> 0x00C0
[3498] [M]: 0x800286A4 (0x00C0006F) jal zero, 12


mem[X,0x800286B0] -> 0x2223
mem[X,0x800286B2] -> 0x5831
[3499] [M]: 0x800286B0 (0x58312223) sw gp, 1412(sp)
mem[0x8004A7E8] <- 0x00000002


clint::tick mtime <- 0x0000000000000023
 clint timer pending at mtime 0x0000000000000023
htif::tick 0x0000000000000000
mem[X,0x800286B4] -> 0x5537
mem[X,0x800286B6] -> 0x5555
[3500] [M]: 0x800286B4 (0x55555537) lui a0, 349525
x10 <- 0x55555000


mem[X,0x800286B8] -> 0x0513
mem[X,0x800286BA] -> 0x5545
[3501] [M]: 0x800286B8 (0x55450513) addi a0, a0, 1364
x10 <- 0x55555554


mem[X,0x800286BC] -> 0xB5B7
mem[X,0x800286BE] -> 0x0000
[3502] [M]: 0x800286BC (0x0000B5B7) lui a1, 11
x11 <- 0x0000B000


mem[X,0x800286C0] -> 0x8593
mem[X,0x800286C2] -> 0x5055
[3503] [M]: 0x800286C0 (0x50558593) addi a1, a1, 1285
x11 <- 0x0000B505


mem[X,0x800286C4] -> 0x0193
mem[X,0x800286C6] -> 0x0000
[3504] [M]: 0x800286C4 (0x00000193) addi gp, zero, 0
x3 <- 0x00000000


mem[X,0x800286C8] -> 0x006F
mem[X,0x800286CA] -> 0x00C0
[3505] [M]: 0x800286C8 (0x00C0006F) jal zero, 12


mem[X,0x800286D4] -> 0x7063
mem[X,0x800286D6] -> 0x08B5
[3506] [M]: 0x800286D4 (0x08B57063) bgeu a0, a1, 128


mem[X,0x80028754] -> 0x8193
mem[X,0x80028756] -> 0x0031
[3507] [M]: 0x80028754 (0x00318193) addi gp, gp, 3
x3 <- 0x00000003


mem[X,0x80028758] -> 0x006F
mem[X,0x8002875A] -> 0x0040
[3508] [M]: 0x80028758 (0x0040006F) jal zero, 4


mem[X,0x8002875C] -> 0x2423
mem[X,0x8002875E] -> 0x5831
[3509] [M]: 0x8002875C (0x58312423) sw gp, 1416(sp)
mem[0x8004A7EC] <- 0x00000003


mem[X,0x80028760] -> 0x5537
mem[X,0x80028762] -> 0x5555
[3510] [M]: 0x80028760 (0x55555537) lui a0, 349525
x10 <- 0x55555000


mem[X,0x80028764] -> 0x0513
mem[X,0x80028766] -> 0x5545
[3511] [M]: 0x80028764 (0x55450513) addi a0, a0, 1364
x10 <- 0x55555554


mem[X,0x80028768] -> 0x0593
mem[X,0x8002876A] -> 0x0010
[3512] [M]: 0x80028768 (0x00100593) addi a1, zero, 1
x11 <- 0x00000001


mem[X,0x8002876C] -> 0x0193
mem[X,0x8002876E] -> 0x0000
[3513] [M]: 0x8002876C (0x00000193) addi gp, zero, 0
x3 <- 0x00000000


mem[X,0x80028770] -> 0x006F
mem[X,0x80028772] -> 0x00C0
[3514] [M]: 0x80028770 (0x00C0006F) jal zero, 12


mem[X,0x8002877C] -> 0x7663
mem[X,0x8002877E] -> 0x00B5
[3515] [M]: 0x8002877C (0x00B57663) bgeu a0, a1, 12


mem[X,0x80028788] -> 0x8193
mem[X,0x8002878A] -> 0x0031
[3516] [M]: 0x80028788 (0x00318193) addi gp, gp, 3
x3 <- 0x00000003


mem[X,0x8002878C] -> 0x006F
mem[X,0x8002878E] -> 0x0040
[3517] [M]: 0x8002878C (0x0040006F) jal zero, 4


mem[X,0x80028790] -> 0x2623
mem[X,0x80028792] -> 0x5831
[3518] [M]: 0x80028790 (0x58312623) sw gp, 1420(sp)
mem[0x8004A7F0] <- 0x00000003


mem[X,0x80028794] -> 0x5537
mem[X,0x80028796] -> 0x5555
[3519] [M]: 0x80028794 (0x55555537) lui a0, 349525
x10 <- 0x55555000


mem[X,0x80028798] -> 0x0513
mem[X,0x8002879A] -> 0x5545
[3520] [M]: 0x80028798 (0x55450513) addi a0, a0, 1364
x10 <- 0x55555554


mem[X,0x8002879C] -> 0x05B7
mem[X,0x8002879E] -> 0x0001
[3521] [M]: 0x8002879C (0x000105B7) lui a1, 16
x11 <- 0x00010000


mem[X,0x800287A0] -> 0x0193
mem[X,0x800287A2] -> 0x0000
[3522] [M]: 0x800287A0 (0x00000193) addi gp, zero, 0
x3 <- 0x00000000


mem[X,0x800287A4] -> 0x006F
mem[X,0x800287A6] -> 0x0140
[3523] [M]: 0x800287A4 (0x0140006F) jal zero, 20


mem[X,0x800287B8] -> 0x78E3
mem[X,0x800287BA] -> 0xFEB5
[3524] [M]: 0x800287B8 (0xFEB578E3) bgeu a0, a1, 8176


mem[X,0x800287A8] -> 0x8193
mem[X,0x800287AA] -> 0x0011
[3525] [M]: 0x800287A8 (0x00118193) addi gp, gp, 1
x3 <- 0x00000001


mem[X,0x800287AC] -> 0x006F
mem[X,0x800287AE] -> 0x0200
[3526] [M]: 0x800287AC (0x0200006F) jal zero, 32


mem[X,0x800287CC] -> 0x2823
mem[X,0x800287CE] -> 0x5831
[3527] [M]: 0x800287CC (0x58312823) sw gp, 1424(sp)
mem[0x8004A7F4] <- 0x00000001


mem[X,0x800287D0] -> 0xB537
mem[X,0x800287D2] -> 0xAAAA
[3528] [M]: 0x800287D0 (0xAAAAB537) lui a0, 699051
x10 <- 0xAAAAB000


mem[X,0x800287D4] -> 0x0513
mem[X,0x800287D6] -> 0xAA95
[3529] [M]: 0x800287D4 (0xAA950513) addi a0, a0, 2729
x10 <- 0xAAAAAAA9


mem[X,0x800287D8] -> 0x0593
mem[X,0x800287DA] -> 0x0030
[3530] [M]: 0x800287D8 (0x00300593) addi a1, zero, 3
x11 <- 0x00000003


mem[X,0x800287DC] -> 0x0193
mem[X,0x800287DE] -> 0x0000
[3531] [M]: 0x800287DC (0x00000193) addi gp, zero, 0
x3 <- 0x00000000


mem[X,0x800287E0] -> 0x006F
mem[X,0x800287E2] -> 0x0180
[3532] [M]: 0x800287E0 (0x0180006F) jal zero, 24


mem[X,0x800287F8] -> 0x76E3
mem[X,0x800287FA] -> 0xFEB5
[3533] [M]: 0x800287F8 (0xFEB576E3) bgeu a0, a1, 8172


mem[X,0x800287E4] -> 0x8193
mem[X,0x800287E6] -> 0x0011
[3534] [M]: 0x800287E4 (0x00118193) addi gp, gp, 1
x3 <- 0x00000001


mem[X,0x800287E8] -> 0x006F
mem[X,0x800287EA] -> 0x0240
[3535] [M]: 0x800287E8 (0x0240006F) jal zero, 36


mem[X,0x8002880C] -> 0x2A23
mem[X,0x8002880E] -> 0x5831
[3536] [M]: 0x8002880C (0x58312A23) sw gp, 1428(sp)
mem[0x8004A7F8] <- 0x00000001


mem[X,0x80028810] -> 0xB537
mem[X,0x80028812] -> 0xAAAA
[3537] [M]: 0x80028810 (0xAAAAB537) lui a0, 699051
x10 <- 0xAAAAB000


mem[X,0x80028814] -> 0x0513
mem[X,0x80028816] -> 0xAA95
[3538] [M]: 0x80028814 (0xAA950513) addi a0, a0, 2729
x10 <- 0xAAAAAAA9


mem[X,0x80028818] -> 0x55B7
mem[X,0x8002881A] -> 0x5555
[3539] [M]: 0x80028818 (0x555555B7) lui a1, 349525
x11 <- 0x55555000


mem[X,0x8002881C] -> 0x8593
mem[X,0x8002881E] -> 0x5555
[3540] [M]: 0x8002881C (0x55558593) addi a1, a1, 1365
x11 <- 0x55555555


mem[X,0x80028820] -> 0x0193
mem[X,0x80028822] -> 0x0000
[3541] [M]: 0x80028820 (0x00000193) addi gp, zero, 0
x3 <- 0x00000000


mem[X,0x80028824] -> 0x006F
mem[X,0x80028826] -> 0x00C0
[3542] [M]: 0x80028824 (0x00C0006F) jal zero, 12


mem[X,0x80028830] -> 0x7863
mem[X,0x80028832] -> 0x00B5
[3543] [M]: 0x80028830 (0x00B57863) bgeu a0, a1, 16


mem[X,0x80028840] -> 0x8193
mem[X,0x80028842] -> 0x0031
[3544] [M]: 0x80028840 (0x00318193) addi gp, gp, 3
x3 <- 0x00000003


mem[X,0x80028844] -> 0x006F
mem[X,0x80028846] -> 0x0040
[3545] [M]: 0x80028844 (0x0040006F) jal zero, 4


mem[X,0x80028848] -> 0x2C23
mem[X,0x8002884A] -> 0x5831
[3546] [M]: 0x80028848 (0x58312C23) sw gp, 1432(sp)
mem[0x8004A7FC] <- 0x00000003


mem[X,0x8002884C] -> 0xB537
mem[X,0x8002884E] -> 0xAAAA
[3547] [M]: 0x8002884C (0xAAAAB537) lui a0, 699051
x10 <- 0xAAAAB000


mem[X,0x80028850] -> 0x0513
mem[X,0x80028852] -> 0xAA95
[3548] [M]: 0x80028850 (0xAA950513) addi a0, a0, 2729
x10 <- 0xAAAAAAA9


mem[X,0x80028854] -> 0xB5B7
mem[X,0x80028856] -> 0xAAAA
[3549] [M]: 0x80028854 (0xAAAAB5B7) lui a1, 699051
x11 <- 0xAAAAB000


mem[X,0x80028858] -> 0x8593
mem[X,0x8002885A] -> 0xAAA5
[3550] [M]: 0x80028858 (0xAAA58593) addi a1, a1, 2730
x11 <- 0xAAAAAAAA


mem[X,0x8002885C] -> 0x0193
mem[X,0x8002885E] -> 0x0000
[3551] [M]: 0x8002885C (0x00000193) addi gp, zero, 0
x3 <- 0x00000000


mem[X,0x80028860] -> 0x006F
mem[X,0x80028862] -> 0x0140
[3552] [M]: 0x80028860 (0x0140006F) jal zero, 20


mem[X,0x80028874] -> 0x78E3
mem[X,0x80028876] -> 0xFEB5
[3553] [M]: 0x80028874 (0xFEB578E3) bgeu a0, a1, 8176


mem[X,0x80028878] -> 0x8193
mem[X,0x8002887A] -> 0x0021
[3554] [M]: 0x80028878 (0x00218193) addi gp, gp, 2
x3 <- 0x00000002


mem[X,0x8002887C] -> 0x006F
mem[X,0x8002887E] -> 0x00C0
[3555] [M]: 0x8002887C (0x00C0006F) jal zero, 12


mem[X,0x80028888] -> 0x2E23
mem[X,0x8002888A] -> 0x5831
[3556] [M]: 0x80028888 (0x58312E23) sw gp, 1436(sp)
mem[0x8004A800] <- 0x00000002


mem[X,0x8002888C] -> 0xB537
mem[X,0x8002888E] -> 0xAAAA
[3557] [M]: 0x8002888C (0xAAAAB537) lui a0, 699051
x10 <- 0xAAAAB000


mem[X,0x80028890] -> 0x0513
mem[X,0x80028892] -> 0xAA95
[3558] [M]: 0x80028890 (0xAA950513) addi a0, a0, 2729
x10 <- 0xAAAAAAA9


mem[X,0x80028894] -> 0x0593
mem[X,0x80028896] -> 0x0050
[3559] [M]: 0x80028894 (0x00500593) addi a1, zero, 5
x11 <- 0x00000005


mem[X,0x80028898] -> 0x0193
mem[X,0x8002889A] -> 0x0000
[3560] [M]: 0x80028898 (0x00000193) addi gp, zero, 0
x3 <- 0x00000000


mem[X,0x8002889C] -> 0x006F
mem[X,0x8002889E] -> 0x00C0
[3561] [M]: 0x8002889C (0x00C0006F) jal zero, 12


mem[X,0x800288A8] -> 0x7CE3
mem[X,0x800288AA] -> 0xFEB5
[3562] [M]: 0x800288A8 (0xFEB57CE3) bgeu a0, a1, 8184


mem[X,0x800288A0] -> 0x8193
mem[X,0x800288A2] -> 0x0011
[3563] [M]: 0x800288A0 (0x00118193) addi gp, gp, 1
x3 <- 0x00000001


mem[X,0x800288A4] -> 0x006F
mem[X,0x800288A6] -> 0x0180
[3564] [M]: 0x800288A4 (0x0180006F) jal zero, 24


mem[X,0x800288BC] -> 0x2023
mem[X,0x800288BE] -> 0x5A31
[3565] [M]: 0x800288BC (0x5A312023) sw gp, 1440(sp)
mem[0x8004A804] <- 0x00000001


mem[X,0x800288C0] -> 0xB537
mem[X,0x800288C2] -> 0xAAAA
[3566] [M]: 0x800288C0 (0xAAAAB537) lui a0, 699051
x10 <- 0xAAAAB000


mem[X,0x800288C4] -> 0x0513
mem[X,0x800288C6] -> 0xAA95
[3567] [M]: 0x800288C4 (0xAA950513) addi a0, a0, 2729
x10 <- 0xAAAAAAA9


mem[X,0x800288C8] -> 0x35B7
mem[X,0x800288CA] -> 0x3333
[3568] [M]: 0x800288C8 (0x333335B7) lui a1, 209715
x11 <- 0x33333000


mem[X,0x800288CC] -> 0x8593
mem[X,0x800288CE] -> 0x3335
[3569] [M]: 0x800288CC (0x33358593) addi a1, a1, 819
x11 <- 0x33333333


mem[X,0x800288D0] -> 0x0193
mem[X,0x800288D2] -> 0x0000
[3570] [M]: 0x800288D0 (0x00000193) addi gp, zero, 0
x3 <- 0x00000000


mem[X,0x800288D4] -> 0x006F
mem[X,0x800288D6] -> 0x00C0
[3571] [M]: 0x800288D4 (0x00C0006F) jal zero, 12


mem[X,0x800288E0] -> 0x7063
mem[X,0x800288E2] -> 0x20B5
[3572] [M]: 0x800288E0 (0x20B57063) bgeu a0, a1, 512


mem[X,0x80028AE0] -> 0x8193
mem[X,0x80028AE2] -> 0x0031
[3573] [M]: 0x80028AE0 (0x00318193) addi gp, gp, 3
x3 <- 0x00000003


mem[X,0x80028AE4] -> 0x006F
mem[X,0x80028AE6] -> 0x0040
[3574] [M]: 0x80028AE4 (0x0040006F) jal zero, 4


mem[X,0x80028AE8] -> 0x2223
mem[X,0x80028AEA] -> 0x5A31
[3575] [M]: 0x80028AE8 (0x5A312223) sw gp, 1444(sp)
mem[0x8004A808] <- 0x00000003


mem[X,0x80028AEC] -> 0xB537
mem[X,0x80028AEE] -> 0xAAAA
[3576] [M]: 0x80028AEC (0xAAAAB537) lui a0, 699051
x10 <- 0xAAAAB000


mem[X,0x80028AF0] -> 0x0513
mem[X,0x80028AF2] -> 0xAA95
[3577] [M]: 0x80028AF0 (0xAA950513) addi a0, a0, 2729
x10 <- 0xAAAAAAA9


mem[X,0x80028AF4] -> 0x65B7
mem[X,0x80028AF6] -> 0x6666
[3578] [M]: 0x80028AF4 (0x666665B7) lui a1, 419430
x11 <- 0x66666000


mem[X,0x80028AF8] -> 0x8593
mem[X,0x80028AFA] -> 0x6665
[3579] [M]: 0x80028AF8 (0x66658593) addi a1, a1, 1638
x11 <- 0x66666666


mem[X,0x80028AFC] -> 0x0193
mem[X,0x80028AFE] -> 0x0000
[3580] [M]: 0x80028AFC (0x00000193) addi gp, zero, 0
x3 <- 0x00000000


mem[X,0x80028B00] -> 0x006F
mem[X,0x80028B02] -> 0x00C0
[3581] [M]: 0x80028B00 (0x00C0006F) jal zero, 12


mem[X,0x80028B0C] -> 0x7663
mem[X,0x80028B0E] -> 0x00B5
[3582] [M]: 0x80028B0C (0x00B57663) bgeu a0, a1, 12


mem[X,0x80028B18] -> 0x8193
mem[X,0x80028B1A] -> 0x0031
[3583] [M]: 0x80028B18 (0x00318193) addi gp, gp, 3
x3 <- 0x00000003


mem[X,0x80028B1C] -> 0x006F
mem[X,0x80028B1E] -> 0x0040
[3584] [M]: 0x80028B1C (0x0040006F) jal zero, 4


mem[X,0x80028B20] -> 0x2423
mem[X,0x80028B22] -> 0x5A31
[3585] [M]: 0x80028B20 (0x5A312423) sw gp, 1448(sp)
mem[0x8004A80C] <- 0x00000003


mem[X,0x80028B24] -> 0xB537
mem[X,0x80028B26] -> 0xAAAA
[3586] [M]: 0x80028B24 (0xAAAAB537) lui a0, 699051
x10 <- 0xAAAAB000


mem[X,0x80028B28] -> 0x0513
mem[X,0x80028B2A] -> 0xAA95
[3587] [M]: 0x80028B28 (0xAA950513) addi a0, a0, 2729
x10 <- 0xAAAAAAA9


mem[X,0x80028B2C] -> 0xB5B7
mem[X,0x80028B2E] -> 0x0000
[3588] [M]: 0x80028B2C (0x0000B5B7) lui a1, 11
x11 <- 0x0000B000


mem[X,0x80028B30] -> 0x8593
mem[X,0x80028B32] -> 0x5045
[3589] [M]: 0x80028B30 (0x50458593) addi a1, a1, 1284
x11 <- 0x0000B504


mem[X,0x80028B34] -> 0x0193
mem[X,0x80028B36] -> 0x0000
[3590] [M]: 0x80028B34 (0x00000193) addi gp, zero, 0
x3 <- 0x00000000


mem[X,0x80028B38] -> 0x006F
mem[X,0x80028B3A] -> 0x00C0
[3591] [M]: 0x80028B38 (0x00C0006F) jal zero, 12


mem[X,0x80028B44] -> 0x7063
mem[X,0x80028B46] -> 0x40B5
[3592] [M]: 0x80028B44 (0x40B57063) bgeu a0, a1, 1024


mem[X,0x80028F44] -> 0x8193
mem[X,0x80028F46] -> 0x0031
[3593] [M]: 0x80028F44 (0x00318193) addi gp, gp, 3
x3 <- 0x00000003


mem[X,0x80028F48] -> 0x006F
mem[X,0x80028F4A] -> 0x0040
[3594] [M]: 0x80028F48 (0x0040006F) jal zero, 4


mem[X,0x80028F4C] -> 0x2623
mem[X,0x80028F4E] -> 0x5A31
[3595] [M]: 0x80028F4C (0x5A312623) sw gp, 1452(sp)
mem[0x8004A810] <- 0x00000003


mem[X,0x80028F50] -> 0xB537
mem[X,0x80028F52] -> 0xAAAA
[3596] [M]: 0x80028F50 (0xAAAAB537) lui a0, 699051
x10 <- 0xAAAAB000


mem[X,0x80028F54] -> 0x0513
mem[X,0x80028F56] -> 0xAA95
[3597] [M]: 0x80028F54 (0xAA950513) addi a0, a0, 2729
x10 <- 0xAAAAAAA9


mem[X,0x80028F58] -> 0x0593
mem[X,0x80028F5A] -> 0x0000
[3598] [M]: 0x80028F58 (0x00000593) addi a1, zero, 0
x11 <- 0x00000000


mem[X,0x80028F5C] -> 0x0193
mem[X,0x80028F5E] -> 0x0000
[3599] [M]: 0x80028F5C (0x00000193) addi gp, zero, 0
x3 <- 0x00000000


clint::tick mtime <- 0x0000000000000024
 clint timer pending at mtime 0x0000000000000024
htif::tick 0x0000000000000000
mem[X,0x80028F60] -> 0x006F
mem[X,0x80028F62] -> 0x0100
[3600] [M]: 0x80028F60 (0x0100006F) jal zero, 16


mem[X,0x80028F70] -> 0x7AE3
mem[X,0x80028F72] -> 0xFEB5
[3601] [M]: 0x80028F70 (0xFEB57AE3) bgeu a0, a1, 8180


mem[X,0x80028F64] -> 0x8193
mem[X,0x80028F66] -> 0x0011
[3602] [M]: 0x80028F64 (0x00118193) addi gp, gp, 1
x3 <- 0x00000001


mem[X,0x80028F68] -> 0x006F
mem[X,0x80028F6A] -> 0x01C0
[3603] [M]: 0x80028F68 (0x01C0006F) jal zero, 28


mem[X,0x80028F84] -> 0x2823
mem[X,0x80028F86] -> 0x5A31
[3604] [M]: 0x80028F84 (0x5A312823) sw gp, 1456(sp)
mem[0x8004A814] <- 0x00000001


mem[X,0x80028F88] -> 0xB537
mem[X,0x80028F8A] -> 0xAAAA
[3605] [M]: 0x80028F88 (0xAAAAB537) lui a0, 699051
x10 <- 0xAAAAB000


mem[X,0x80028F8C] -> 0x0513
mem[X,0x80028F8E] -> 0xAA95
[3606] [M]: 0x80028F8C (0xAA950513) addi a0, a0, 2729
x10 <- 0xAAAAAAA9


mem[X,0x80028F90] -> 0x05B7
mem[X,0x80028F92] -> 0x0001
[3607] [M]: 0x80028F90 (0x000105B7) lui a1, 16
x11 <- 0x00010000


mem[X,0x80028F94] -> 0x8593
mem[X,0x80028F96] -> 0xFFF5
[3608] [M]: 0x80028F94 (0xFFF58593) addi a1, a1, 4095
x11 <- 0x0000FFFF


mem[X,0x80028F98] -> 0x0193
mem[X,0x80028F9A] -> 0x0000
[3609] [M]: 0x80028F98 (0x00000193) addi gp, zero, 0
x3 <- 0x00000000


mem[X,0x80028F9C] -> 0x006F
mem[X,0x80028F9E] -> 0x00C0
[3610] [M]: 0x80028F9C (0x00C0006F) jal zero, 12


mem[X,0x80028FA8] -> 0x7663
mem[X,0x80028FAA] -> 0x00B5
[3611] [M]: 0x80028FA8 (0x00B57663) bgeu a0, a1, 12


mem[X,0x80028FB4] -> 0x8193
mem[X,0x80028FB6] -> 0x0031
[3612] [M]: 0x80028FB4 (0x00318193) addi gp, gp, 3
x3 <- 0x00000003


mem[X,0x80028FB8] -> 0x006F
mem[X,0x80028FBA] -> 0x0040
[3613] [M]: 0x80028FB8 (0x0040006F) jal zero, 4


mem[X,0x80028FBC] -> 0x2A23
mem[X,0x80028FBE] -> 0x5A31
[3614] [M]: 0x80028FBC (0x5A312A23) sw gp, 1460(sp)
mem[0x8004A818] <- 0x00000003


mem[X,0x80028FC0] -> 0xB537
mem[X,0x80028FC2] -> 0xAAAA
[3615] [M]: 0x80028FC0 (0xAAAAB537) lui a0, 699051
x10 <- 0xAAAAB000


mem[X,0x80028FC4] -> 0x0513
mem[X,0x80028FC6] -> 0xAA95
[3616] [M]: 0x80028FC4 (0xAA950513) addi a0, a0, 2729
x10 <- 0xAAAAAAA9


mem[X,0x80028FC8] -> 0x0593
mem[X,0x80028FCA] -> 0x0020
[3617] [M]: 0x80028FC8 (0x00200593) addi a1, zero, 2
x11 <- 0x00000002


mem[X,0x80028FCC] -> 0x0193
mem[X,0x80028FCE] -> 0x0000
[3618] [M]: 0x80028FCC (0x00000193) addi gp, zero, 0
x3 <- 0x00000000


mem[X,0x80028FD0] -> 0x006F
mem[X,0x80028FD2] -> 0x2B10
[3619] [M]: 0x80028FD0 (0x2B10006F) jal zero, 2736


mem[X,0x80029A80] -> 0x7A63
mem[X,0x80029A82] -> 0xD4B5
[3620] [M]: 0x80029A80 (0xD4B57A63) bgeu a0, a1, 5460


mem[X,0x80028FD4] -> 0x8193
mem[X,0x80028FD6] -> 0x0011
[3621] [M]: 0x80028FD4 (0x00118193) addi gp, gp, 1
x3 <- 0x00000001


mem[X,0x80028FD8] -> 0x006F
mem[X,0x80028FDA] -> 0x2BD0
[3622] [M]: 0x80028FD8 (0x2BD0006F) jal zero, 2748


mem[X,0x80029A94] -> 0x2C23
mem[X,0x80029A96] -> 0x5A31
[3623] [M]: 0x80029A94 (0x5A312C23) sw gp, 1464(sp)
mem[0x8004A81C] <- 0x00000001


mem[X,0x80029A98] -> 0xB537
mem[X,0x80029A9A] -> 0xAAAA
[3624] [M]: 0x80029A98 (0xAAAAB537) lui a0, 699051
x10 <- 0xAAAAB000


mem[X,0x80029A9C] -> 0x0513
mem[X,0x80029A9E] -> 0xAA95
[3625] [M]: 0x80029A9C (0xAA950513) addi a0, a0, 2729
x10 <- 0xAAAAAAA9


mem[X,0x80029AA0] -> 0x55B7
mem[X,0x80029AA2] -> 0x5555
[3626] [M]: 0x80029AA0 (0x555555B7) lui a1, 349525
x11 <- 0x55555000


mem[X,0x80029AA4] -> 0x8593
mem[X,0x80029AA6] -> 0x5545
[3627] [M]: 0x80029AA4 (0x55458593) addi a1, a1, 1364
x11 <- 0x55555554


mem[X,0x80029AA8] -> 0x0193
mem[X,0x80029AAA] -> 0x0000
[3628] [M]: 0x80029AA8 (0x00000193) addi gp, zero, 0
x3 <- 0x00000000


mem[X,0x80029AAC] -> 0x006F
mem[X,0x80029AAE] -> 0x00C0
[3629] [M]: 0x80029AAC (0x00C0006F) jal zero, 12


mem[X,0x80029AB8] -> 0x7663
mem[X,0x80029ABA] -> 0x00B5
[3630] [M]: 0x80029AB8 (0x00B57663) bgeu a0, a1, 12


mem[X,0x80029AC4] -> 0x8193
mem[X,0x80029AC6] -> 0x0031
[3631] [M]: 0x80029AC4 (0x00318193) addi gp, gp, 3
x3 <- 0x00000003


mem[X,0x80029AC8] -> 0x006F
mem[X,0x80029ACA] -> 0x0040
[3632] [M]: 0x80029AC8 (0x0040006F) jal zero, 4


mem[X,0x80029ACC] -> 0x2E23
mem[X,0x80029ACE] -> 0x5A31
[3633] [M]: 0x80029ACC (0x5A312E23) sw gp, 1468(sp)
mem[0x8004A820] <- 0x00000003


mem[X,0x80029AD0] -> 0xB537
mem[X,0x80029AD2] -> 0xAAAA
[3634] [M]: 0x80029AD0 (0xAAAAB537) lui a0, 699051
x10 <- 0xAAAAB000


mem[X,0x80029AD4] -> 0x0513
mem[X,0x80029AD6] -> 0xAA95
[3635] [M]: 0x80029AD4 (0xAA950513) addi a0, a0, 2729
x10 <- 0xAAAAAAA9


mem[X,0x80029AD8] -> 0xB5B7
mem[X,0x80029ADA] -> 0xAAAA
[3636] [M]: 0x80029AD8 (0xAAAAB5B7) lui a1, 699051
x11 <- 0xAAAAB000


mem[X,0x80029ADC] -> 0x8593
mem[X,0x80029ADE] -> 0xAA95
[3637] [M]: 0x80029ADC (0xAA958593) addi a1, a1, 2729
x11 <- 0xAAAAAAA9


mem[X,0x80029AE0] -> 0x0193
mem[X,0x80029AE2] -> 0x0000
[3638] [M]: 0x80029AE0 (0x00000193) addi gp, zero, 0
x3 <- 0x00000000


mem[X,0x80029AE4] -> 0x006F
mem[X,0x80029AE6] -> 0x00C0
[3639] [M]: 0x80029AE4 (0x00C0006F) jal zero, 12


mem[X,0x80029AF0] -> 0x7CE3
mem[X,0x80029AF2] -> 0xFEB5
[3640] [M]: 0x80029AF0 (0xFEB57CE3) bgeu a0, a1, 8184


mem[X,0x80029AE8] -> 0x8193
mem[X,0x80029AEA] -> 0x0011
[3641] [M]: 0x80029AE8 (0x00118193) addi gp, gp, 1
x3 <- 0x00000001


mem[X,0x80029AEC] -> 0x006F
mem[X,0x80029AEE] -> 0x0180
[3642] [M]: 0x80029AEC (0x0180006F) jal zero, 24


mem[X,0x80029B04] -> 0x2023
mem[X,0x80029B06] -> 0x5C31
[3643] [M]: 0x80029B04 (0x5C312023) sw gp, 1472(sp)
mem[0x8004A824] <- 0x00000001


mem[X,0x80029B08] -> 0xB537
mem[X,0x80029B0A] -> 0xAAAA
[3644] [M]: 0x80029B08 (0xAAAAB537) lui a0, 699051
x10 <- 0xAAAAB000


mem[X,0x80029B0C] -> 0x0513
mem[X,0x80029B0E] -> 0xAA95
[3645] [M]: 0x80029B0C (0xAA950513) addi a0, a0, 2729
x10 <- 0xAAAAAAA9


mem[X,0x80029B10] -> 0x0593
mem[X,0x80029B12] -> 0x0040
[3646] [M]: 0x80029B10 (0x00400593) addi a1, zero, 4
x11 <- 0x00000004


mem[X,0x80029B14] -> 0x0193
mem[X,0x80029B16] -> 0x0000
[3647] [M]: 0x80029B14 (0x00000193) addi gp, zero, 0
x3 <- 0x00000000


mem[X,0x80029B18] -> 0x006F
mem[X,0x80029B1A] -> 0x00C0
[3648] [M]: 0x80029B18 (0x00C0006F) jal zero, 12


mem[X,0x80029B24] -> 0x7063
mem[X,0x80029B26] -> 0x20B5
[3649] [M]: 0x80029B24 (0x20B57063) bgeu a0, a1, 512


mem[X,0x80029D24] -> 0x8193
mem[X,0x80029D26] -> 0x0031
[3650] [M]: 0x80029D24 (0x00318193) addi gp, gp, 3
x3 <- 0x00000003


mem[X,0x80029D28] -> 0x006F
mem[X,0x80029D2A] -> 0x0040
[3651] [M]: 0x80029D28 (0x0040006F) jal zero, 4


mem[X,0x80029D2C] -> 0x2223
mem[X,0x80029D2E] -> 0x5C31
[3652] [M]: 0x80029D2C (0x5C312223) sw gp, 1476(sp)
mem[0x8004A828] <- 0x00000003


mem[X,0x80029D30] -> 0xB537
mem[X,0x80029D32] -> 0xAAAA
[3653] [M]: 0x80029D30 (0xAAAAB537) lui a0, 699051
x10 <- 0xAAAAB000


mem[X,0x80029D34] -> 0x0513
mem[X,0x80029D36] -> 0xAA95
[3654] [M]: 0x80029D34 (0xAA950513) addi a0, a0, 2729
x10 <- 0xAAAAAAA9


mem[X,0x80029D38] -> 0x35B7
mem[X,0x80029D3A] -> 0x3333
[3655] [M]: 0x80029D38 (0x333335B7) lui a1, 209715
x11 <- 0x33333000


mem[X,0x80029D3C] -> 0x8593
mem[X,0x80029D3E] -> 0x3325
[3656] [M]: 0x80029D3C (0x33258593) addi a1, a1, 818
x11 <- 0x33333332


mem[X,0x80029D40] -> 0x0193
mem[X,0x80029D42] -> 0x0000
[3657] [M]: 0x80029D40 (0x00000193) addi gp, zero, 0
x3 <- 0x00000000


mem[X,0x80029D44] -> 0x006F
mem[X,0x80029D46] -> 0x00C0
[3658] [M]: 0x80029D44 (0x00C0006F) jal zero, 12


mem[X,0x80029D50] -> 0x7063
mem[X,0x80029D52] -> 0x04B5
[3659] [M]: 0x80029D50 (0x04B57063) bgeu a0, a1, 64


mem[X,0x80029D90] -> 0x8193
mem[X,0x80029D92] -> 0x0031
[3660] [M]: 0x80029D90 (0x00318193) addi gp, gp, 3
x3 <- 0x00000003


mem[X,0x80029D94] -> 0x006F
mem[X,0x80029D96] -> 0x0040
[3661] [M]: 0x80029D94 (0x0040006F) jal zero, 4


mem[X,0x80029D98] -> 0x2423
mem[X,0x80029D9A] -> 0x5C31
[3662] [M]: 0x80029D98 (0x5C312423) sw gp, 1480(sp)
mem[0x8004A82C] <- 0x00000003


mem[X,0x80029D9C] -> 0xB537
mem[X,0x80029D9E] -> 0xAAAA
[3663] [M]: 0x80029D9C (0xAAAAB537) lui a0, 699051
x10 <- 0xAAAAB000


mem[X,0x80029DA0] -> 0x0513
mem[X,0x80029DA2] -> 0xAA95
[3664] [M]: 0x80029DA0 (0xAA950513) addi a0, a0, 2729
x10 <- 0xAAAAAAA9


mem[X,0x80029DA4] -> 0x65B7
mem[X,0x80029DA6] -> 0x6666
[3665] [M]: 0x80029DA4 (0x666665B7) lui a1, 419430
x11 <- 0x66666000


mem[X,0x80029DA8] -> 0x8593
mem[X,0x80029DAA] -> 0x6655
[3666] [M]: 0x80029DA8 (0x66558593) addi a1, a1, 1637
x11 <- 0x66666665


mem[X,0x80029DAC] -> 0x0193
mem[X,0x80029DAE] -> 0x0000
[3667] [M]: 0x80029DAC (0x00000193) addi gp, zero, 0
x3 <- 0x00000000


mem[X,0x80029DB0] -> 0x006F
mem[X,0x80029DB2] -> 0x2B10
[3668] [M]: 0x80029DB0 (0x2B10006F) jal zero, 2736


mem[X,0x8002A860] -> 0x7A63
mem[X,0x8002A862] -> 0xD4B5
[3669] [M]: 0x8002A860 (0xD4B57A63) bgeu a0, a1, 5460


mem[X,0x80029DB4] -> 0x8193
mem[X,0x80029DB6] -> 0x0011
[3670] [M]: 0x80029DB4 (0x00118193) addi gp, gp, 1
x3 <- 0x00000001


mem[X,0x80029DB8] -> 0x006F
mem[X,0x80029DBA] -> 0x2BD0
[3671] [M]: 0x80029DB8 (0x2BD0006F) jal zero, 2748


mem[X,0x8002A874] -> 0x2623
mem[X,0x8002A876] -> 0x5C31
[3672] [M]: 0x8002A874 (0x5C312623) sw gp, 1484(sp)
mem[0x8004A830] <- 0x00000001


mem[X,0x8002A878] -> 0xB537
mem[X,0x8002A87A] -> 0xAAAA
[3673] [M]: 0x8002A878 (0xAAAAB537) lui a0, 699051
x10 <- 0xAAAAB000


mem[X,0x8002A87C] -> 0x0513
mem[X,0x8002A87E] -> 0xAA95
[3674] [M]: 0x8002A87C (0xAA950513) addi a0, a0, 2729
x10 <- 0xAAAAAAA9


mem[X,0x8002A880] -> 0xB5B7
mem[X,0x8002A882] -> 0x0000
[3675] [M]: 0x8002A880 (0x0000B5B7) lui a1, 11
x11 <- 0x0000B000


mem[X,0x8002A884] -> 0x8593
mem[X,0x8002A886] -> 0x5035
[3676] [M]: 0x8002A884 (0x50358593) addi a1, a1, 1283
x11 <- 0x0000B503


mem[X,0x8002A888] -> 0x0193
mem[X,0x8002A88A] -> 0x0000
[3677] [M]: 0x8002A888 (0x00000193) addi gp, zero, 0
x3 <- 0x00000000


mem[X,0x8002A88C] -> 0x006F
mem[X,0x8002A88E] -> 0x00C0
[3678] [M]: 0x8002A88C (0x00C0006F) jal zero, 12


mem[X,0x8002A898] -> 0x7063
mem[X,0x8002A89A] -> 0x08B5
[3679] [M]: 0x8002A898 (0x08B57063) bgeu a0, a1, 128


mem[X,0x8002A918] -> 0x8193
mem[X,0x8002A91A] -> 0x0031
[3680] [M]: 0x8002A918 (0x00318193) addi gp, gp, 3
x3 <- 0x00000003


mem[X,0x8002A91C] -> 0x006F
mem[X,0x8002A91E] -> 0x0040
[3681] [M]: 0x8002A91C (0x0040006F) jal zero, 4


mem[X,0x8002A920] -> 0x2823
mem[X,0x8002A922] -> 0x5C31
[3682] [M]: 0x8002A920 (0x5C312823) sw gp, 1488(sp)
mem[0x8004A834] <- 0x00000003


mem[X,0x8002A924] -> 0xB537
mem[X,0x8002A926] -> 0xAAAA
[3683] [M]: 0x8002A924 (0xAAAAB537) lui a0, 699051
x10 <- 0xAAAAB000


mem[X,0x8002A928] -> 0x0513
mem[X,0x8002A92A] -> 0xAA95
[3684] [M]: 0x8002A928 (0xAA950513) addi a0, a0, 2729
x10 <- 0xAAAAAAA9


mem[X,0x8002A92C] -> 0x05B7
mem[X,0x8002A92E] -> 0x0001
[3685] [M]: 0x8002A92C (0x000105B7) lui a1, 16
x11 <- 0x00010000


mem[X,0x8002A930] -> 0x8593
mem[X,0x8002A932] -> 0xFFE5
[3686] [M]: 0x8002A930 (0xFFE58593) addi a1, a1, 4094
x11 <- 0x0000FFFE


mem[X,0x8002A934] -> 0x0193
mem[X,0x8002A936] -> 0x0000
[3687] [M]: 0x8002A934 (0x00000193) addi gp, zero, 0
x3 <- 0x00000000


mem[X,0x8002A938] -> 0x006F
mem[X,0x8002A93A] -> 0x00C0
[3688] [M]: 0x8002A938 (0x00C0006F) jal zero, 12


mem[X,0x8002A944] -> 0x7063
mem[X,0x8002A946] -> 0x02B5
[3689] [M]: 0x8002A944 (0x02B57063) bgeu a0, a1, 32


mem[X,0x8002A964] -> 0x8193
mem[X,0x8002A966] -> 0x0031
[3690] [M]: 0x8002A964 (0x00318193) addi gp, gp, 3
x3 <- 0x00000003


mem[X,0x8002A968] -> 0x006F
mem[X,0x8002A96A] -> 0x0040
[3691] [M]: 0x8002A968 (0x0040006F) jal zero, 4


mem[X,0x8002A96C] -> 0x2A23
mem[X,0x8002A96E] -> 0x5C31
[3692] [M]: 0x8002A96C (0x5C312A23) sw gp, 1492(sp)
mem[0x8004A838] <- 0x00000003


mem[X,0x8002A970] -> 0xB537
mem[X,0x8002A972] -> 0xAAAA
[3693] [M]: 0x8002A970 (0xAAAAB537) lui a0, 699051
x10 <- 0xAAAAB000


mem[X,0x8002A974] -> 0x0513
mem[X,0x8002A976] -> 0xAA95
[3694] [M]: 0x8002A974 (0xAA950513) addi a0, a0, 2729
x10 <- 0xAAAAAAA9


mem[X,0x8002A978] -> 0x55B7
mem[X,0x8002A97A] -> 0x5555
[3695] [M]: 0x8002A978 (0x555555B7) lui a1, 349525
x11 <- 0x55555000


mem[X,0x8002A97C] -> 0x8593
mem[X,0x8002A97E] -> 0x5565
[3696] [M]: 0x8002A97C (0x55658593) addi a1, a1, 1366
x11 <- 0x55555556


mem[X,0x8002A980] -> 0x0193
mem[X,0x8002A982] -> 0x0000
[3697] [M]: 0x8002A980 (0x00000193) addi gp, zero, 0
x3 <- 0x00000000


mem[X,0x8002A984] -> 0x006F
mem[X,0x8002A986] -> 0x00C0
[3698] [M]: 0x8002A984 (0x00C0006F) jal zero, 12


mem[X,0x8002A990] -> 0x7063
mem[X,0x8002A992] -> 0x02B5
[3699] [M]: 0x8002A990 (0x02B57063) bgeu a0, a1, 32


clint::tick mtime <- 0x0000000000000025
 clint timer pending at mtime 0x0000000000000025
htif::tick 0x0000000000000000
mem[X,0x8002A9B0] -> 0x8193
mem[X,0x8002A9B2] -> 0x0031
[3700] [M]: 0x8002A9B0 (0x00318193) addi gp, gp, 3
x3 <- 0x00000003


mem[X,0x8002A9B4] -> 0x006F
mem[X,0x8002A9B6] -> 0x0040
[3701] [M]: 0x8002A9B4 (0x0040006F) jal zero, 4


mem[X,0x8002A9B8] -> 0x2C23
mem[X,0x8002A9BA] -> 0x5C31
[3702] [M]: 0x8002A9B8 (0x5C312C23) sw gp, 1496(sp)
mem[0x8004A83C] <- 0x00000003


mem[X,0x8002A9BC] -> 0xB537
mem[X,0x8002A9BE] -> 0xAAAA
[3703] [M]: 0x8002A9BC (0xAAAAB537) lui a0, 699051
x10 <- 0xAAAAB000


mem[X,0x8002A9C0] -> 0x0513
mem[X,0x8002A9C2] -> 0xAA95
[3704] [M]: 0x8002A9C0 (0xAA950513) addi a0, a0, 2729
x10 <- 0xAAAAAAA9


mem[X,0x8002A9C4] -> 0xB5B7
mem[X,0x8002A9C6] -> 0xAAAA
[3705] [M]: 0x8002A9C4 (0xAAAAB5B7) lui a1, 699051
x11 <- 0xAAAAB000


mem[X,0x8002A9C8] -> 0x8593
mem[X,0x8002A9CA] -> 0xAAB5
[3706] [M]: 0x8002A9C8 (0xAAB58593) addi a1, a1, 2731
x11 <- 0xAAAAAAAB


mem[X,0x8002A9CC] -> 0x0193
mem[X,0x8002A9CE] -> 0x0000
[3707] [M]: 0x8002A9CC (0x00000193) addi gp, zero, 0
x3 <- 0x00000000


mem[X,0x8002A9D0] -> 0x006F
mem[X,0x8002A9D2] -> 0x00C0
[3708] [M]: 0x8002A9D0 (0x00C0006F) jal zero, 12


mem[X,0x8002A9DC] -> 0x7863
mem[X,0x8002A9DE] -> 0x00B5
[3709] [M]: 0x8002A9DC (0x00B57863) bgeu a0, a1, 16


mem[X,0x8002A9E0] -> 0x8193
mem[X,0x8002A9E2] -> 0x0021
[3710] [M]: 0x8002A9E0 (0x00218193) addi gp, gp, 2
x3 <- 0x00000002


mem[X,0x8002A9E4] -> 0x006F
mem[X,0x8002A9E6] -> 0x0100
[3711] [M]: 0x8002A9E4 (0x0100006F) jal zero, 16


mem[X,0x8002A9F4] -> 0x2E23
mem[X,0x8002A9F6] -> 0x5C31
[3712] [M]: 0x8002A9F4 (0x5C312E23) sw gp, 1500(sp)
mem[0x8004A840] <- 0x00000002


mem[X,0x8002A9F8] -> 0xB537
mem[X,0x8002A9FA] -> 0xAAAA
[3713] [M]: 0x8002A9F8 (0xAAAAB537) lui a0, 699051
x10 <- 0xAAAAB000


mem[X,0x8002A9FC] -> 0x0513
mem[X,0x8002A9FE] -> 0xAA95
[3714] [M]: 0x8002A9FC (0xAA950513) addi a0, a0, 2729
x10 <- 0xAAAAAAA9


mem[X,0x8002AA00] -> 0x0593
mem[X,0x8002AA02] -> 0x0060
[3715] [M]: 0x8002AA00 (0x00600593) addi a1, zero, 6
x11 <- 0x00000006


mem[X,0x8002AA04] -> 0x0193
mem[X,0x8002AA06] -> 0x0000
[3716] [M]: 0x8002AA04 (0x00000193) addi gp, zero, 0
x3 <- 0x00000000


mem[X,0x8002AA08] -> 0x006F
mem[X,0x8002AA0A] -> 0x0100
[3717] [M]: 0x8002AA08 (0x0100006F) jal zero, 16


mem[X,0x8002AA18] -> 0x7AE3
mem[X,0x8002AA1A] -> 0xFEB5
[3718] [M]: 0x8002AA18 (0xFEB57AE3) bgeu a0, a1, 8180


mem[X,0x8002AA0C] -> 0x8193
mem[X,0x8002AA0E] -> 0x0011
[3719] [M]: 0x8002AA0C (0x00118193) addi gp, gp, 1
x3 <- 0x00000001


mem[X,0x8002AA10] -> 0x006F
mem[X,0x8002AA12] -> 0x01C0
[3720] [M]: 0x8002AA10 (0x01C0006F) jal zero, 28


mem[X,0x8002AA2C] -> 0x2023
mem[X,0x8002AA2E] -> 0x5E31
[3721] [M]: 0x8002AA2C (0x5E312023) sw gp, 1504(sp)
mem[0x8004A844] <- 0x00000001


mem[X,0x8002AA30] -> 0xB537
mem[X,0x8002AA32] -> 0xAAAA
[3722] [M]: 0x8002AA30 (0xAAAAB537) lui a0, 699051
x10 <- 0xAAAAB000


mem[X,0x8002AA34] -> 0x0513
mem[X,0x8002AA36] -> 0xAA95
[3723] [M]: 0x8002AA34 (0xAA950513) addi a0, a0, 2729
x10 <- 0xAAAAAAA9


mem[X,0x8002AA38] -> 0x35B7
mem[X,0x8002AA3A] -> 0x3333
[3724] [M]: 0x8002AA38 (0x333335B7) lui a1, 209715
x11 <- 0x33333000


mem[X,0x8002AA3C] -> 0x8593
mem[X,0x8002AA3E] -> 0x3345
[3725] [M]: 0x8002AA3C (0x33458593) addi a1, a1, 820
x11 <- 0x33333334


mem[X,0x8002AA40] -> 0x0193
mem[X,0x8002AA42] -> 0x0000
[3726] [M]: 0x8002AA40 (0x00000193) addi gp, zero, 0
x3 <- 0x00000000


mem[X,0x8002AA44] -> 0x006F
mem[X,0x8002AA46] -> 0x00C0
[3727] [M]: 0x8002AA44 (0x00C0006F) jal zero, 12


mem[X,0x8002AA50] -> 0x7063
mem[X,0x8002AA52] -> 0x02B5
[3728] [M]: 0x8002AA50 (0x02B57063) bgeu a0, a1, 32


mem[X,0x8002AA70] -> 0x8193
mem[X,0x8002AA72] -> 0x0031
[3729] [M]: 0x8002AA70 (0x00318193) addi gp, gp, 3
x3 <- 0x00000003


mem[X,0x8002AA74] -> 0x006F
mem[X,0x8002AA76] -> 0x0040
[3730] [M]: 0x8002AA74 (0x0040006F) jal zero, 4


mem[X,0x8002AA78] -> 0x2223
mem[X,0x8002AA7A] -> 0x5E31
[3731] [M]: 0x8002AA78 (0x5E312223) sw gp, 1508(sp)
mem[0x8004A848] <- 0x00000003


mem[X,0x8002AA7C] -> 0xB537
mem[X,0x8002AA7E] -> 0xAAAA
[3732] [M]: 0x8002AA7C (0xAAAAB537) lui a0, 699051
x10 <- 0xAAAAB000


mem[X,0x8002AA80] -> 0x0513
mem[X,0x8002AA82] -> 0xAA95
[3733] [M]: 0x8002AA80 (0xAA950513) addi a0, a0, 2729
x10 <- 0xAAAAAAA9


mem[X,0x8002AA84] -> 0x65B7
mem[X,0x8002AA86] -> 0x6666
[3734] [M]: 0x8002AA84 (0x666665B7) lui a1, 419430
x11 <- 0x66666000


mem[X,0x8002AA88] -> 0x8593
mem[X,0x8002AA8A] -> 0x6675
[3735] [M]: 0x8002AA88 (0x66758593) addi a1, a1, 1639
x11 <- 0x66666667


mem[X,0x8002AA8C] -> 0x0193
mem[X,0x8002AA8E] -> 0x0000
[3736] [M]: 0x8002AA8C (0x00000193) addi gp, zero, 0
x3 <- 0x00000000


mem[X,0x8002AA90] -> 0x006F
mem[X,0x8002AA92] -> 0x00C0
[3737] [M]: 0x8002AA90 (0x00C0006F) jal zero, 12


mem[X,0x8002AA9C] -> 0x7063
mem[X,0x8002AA9E] -> 0x40B5
[3738] [M]: 0x8002AA9C (0x40B57063) bgeu a0, a1, 1024


mem[X,0x8002AE9C] -> 0x8193
mem[X,0x8002AE9E] -> 0x0031
[3739] [M]: 0x8002AE9C (0x00318193) addi gp, gp, 3
x3 <- 0x00000003


mem[X,0x8002AEA0] -> 0x006F
mem[X,0x8002AEA2] -> 0x0040
[3740] [M]: 0x8002AEA0 (0x0040006F) jal zero, 4


mem[X,0x8002AEA4] -> 0x2423
mem[X,0x8002AEA6] -> 0x5E31
[3741] [M]: 0x8002AEA4 (0x5E312423) sw gp, 1512(sp)
mem[0x8004A84C] <- 0x00000003


mem[X,0x8002AEA8] -> 0xB537
mem[X,0x8002AEAA] -> 0xAAAA
[3742] [M]: 0x8002AEA8 (0xAAAAB537) lui a0, 699051
x10 <- 0xAAAAB000


mem[X,0x8002AEAC] -> 0x0513
mem[X,0x8002AEAE] -> 0xAA95
[3743] [M]: 0x8002AEAC (0xAA950513) addi a0, a0, 2729
x10 <- 0xAAAAAAA9


mem[X,0x8002AEB0] -> 0xB5B7
mem[X,0x8002AEB2] -> 0x0000
[3744] [M]: 0x8002AEB0 (0x0000B5B7) lui a1, 11
x11 <- 0x0000B000


mem[X,0x8002AEB4] -> 0x8593
mem[X,0x8002AEB6] -> 0x5055
[3745] [M]: 0x8002AEB4 (0x50558593) addi a1, a1, 1285
x11 <- 0x0000B505


mem[X,0x8002AEB8] -> 0x0193
mem[X,0x8002AEBA] -> 0x0000
[3746] [M]: 0x8002AEB8 (0x00000193) addi gp, zero, 0
x3 <- 0x00000000


mem[X,0x8002AEBC] -> 0x006F
mem[X,0x8002AEBE] -> 0x00C0
[3747] [M]: 0x8002AEBC (0x00C0006F) jal zero, 12


mem[X,0x8002AEC8] -> 0x7063
mem[X,0x8002AECA] -> 0x40B5
[3748] [M]: 0x8002AEC8 (0x40B57063) bgeu a0, a1, 1024


mem[X,0x8002B2C8] -> 0x8193
mem[X,0x8002B2CA] -> 0x0031
[3749] [M]: 0x8002B2C8 (0x00318193) addi gp, gp, 3
x3 <- 0x00000003


mem[X,0x8002B2CC] -> 0x006F
mem[X,0x8002B2CE] -> 0x0040
[3750] [M]: 0x8002B2CC (0x0040006F) jal zero, 4


mem[X,0x8002B2D0] -> 0x2623
mem[X,0x8002B2D2] -> 0x5E31
[3751] [M]: 0x8002B2D0 (0x5E312623) sw gp, 1516(sp)
mem[0x8004A850] <- 0x00000003


mem[X,0x8002B2D4] -> 0xB537
mem[X,0x8002B2D6] -> 0xAAAA
[3752] [M]: 0x8002B2D4 (0xAAAAB537) lui a0, 699051
x10 <- 0xAAAAB000


mem[X,0x8002B2D8] -> 0x0513
mem[X,0x8002B2DA] -> 0xAA95
[3753] [M]: 0x8002B2D8 (0xAA950513) addi a0, a0, 2729
x10 <- 0xAAAAAAA9


mem[X,0x8002B2DC] -> 0x05B7
mem[X,0x8002B2DE] -> 0x0001
[3754] [M]: 0x8002B2DC (0x000105B7) lui a1, 16
x11 <- 0x00010000


mem[X,0x8002B2E0] -> 0x0193
mem[X,0x8002B2E2] -> 0x0000
[3755] [M]: 0x8002B2E0 (0x00000193) addi gp, zero, 0
x3 <- 0x00000000


mem[X,0x8002B2E4] -> 0x006F
mem[X,0x8002B2E6] -> 0x2B10
[3756] [M]: 0x8002B2E4 (0x2B10006F) jal zero, 2736


mem[X,0x8002BD94] -> 0x7A63
mem[X,0x8002BD96] -> 0xD4B5
[3757] [M]: 0x8002BD94 (0xD4B57A63) bgeu a0, a1, 5460


mem[X,0x8002B2E8] -> 0x8193
mem[X,0x8002B2EA] -> 0x0011
[3758] [M]: 0x8002B2E8 (0x00118193) addi gp, gp, 1
x3 <- 0x00000001


mem[X,0x8002B2EC] -> 0x006F
mem[X,0x8002B2EE] -> 0x2BD0
[3759] [M]: 0x8002B2EC (0x2BD0006F) jal zero, 2748


mem[X,0x8002BDA8] -> 0x2823
mem[X,0x8002BDAA] -> 0x5E31
[3760] [M]: 0x8002BDA8 (0x5E312823) sw gp, 1520(sp)
mem[0x8004A854] <- 0x00000001


mem[X,0x8002BDAC] -> 0x0513
mem[X,0x8002BDAE] -> 0x0040
[3761] [M]: 0x8002BDAC (0x00400513) addi a0, zero, 4
x10 <- 0x00000004


mem[X,0x8002BDB0] -> 0x0593
mem[X,0x8002BDB2] -> 0x0030
[3762] [M]: 0x8002BDB0 (0x00300593) addi a1, zero, 3
x11 <- 0x00000003


mem[X,0x8002BDB4] -> 0x0193
mem[X,0x8002BDB6] -> 0x0000
[3763] [M]: 0x8002BDB4 (0x00000193) addi gp, zero, 0
x3 <- 0x00000000


mem[X,0x8002BDB8] -> 0x006F
mem[X,0x8002BDBA] -> 0x00C0
[3764] [M]: 0x8002BDB8 (0x00C0006F) jal zero, 12


mem[X,0x8002BDC4] -> 0x7CE3
mem[X,0x8002BDC6] -> 0xFEB5
[3765] [M]: 0x8002BDC4 (0xFEB57CE3) bgeu a0, a1, 8184


mem[X,0x8002BDBC] -> 0x8193
mem[X,0x8002BDBE] -> 0x0011
[3766] [M]: 0x8002BDBC (0x00118193) addi gp, gp, 1
x3 <- 0x00000001


mem[X,0x8002BDC0] -> 0x006F
mem[X,0x8002BDC2] -> 0x0180
[3767] [M]: 0x8002BDC0 (0x0180006F) jal zero, 24


mem[X,0x8002BDD8] -> 0x2A23
mem[X,0x8002BDDA] -> 0x5E31
[3768] [M]: 0x8002BDD8 (0x5E312A23) sw gp, 1524(sp)
mem[0x8004A858] <- 0x00000001


mem[X,0x8002BDDC] -> 0x0513
mem[X,0x8002BDDE] -> 0x0040
[3769] [M]: 0x8002BDDC (0x00400513) addi a0, zero, 4
x10 <- 0x00000004


mem[X,0x8002BDE0] -> 0x55B7
mem[X,0x8002BDE2] -> 0x5555
[3770] [M]: 0x8002BDE0 (0x555555B7) lui a1, 349525
x11 <- 0x55555000


mem[X,0x8002BDE4] -> 0x8593
mem[X,0x8002BDE6] -> 0x5555
[3771] [M]: 0x8002BDE4 (0x55558593) addi a1, a1, 1365
x11 <- 0x55555555


mem[X,0x8002BDE8] -> 0x0193
mem[X,0x8002BDEA] -> 0x0000
[3772] [M]: 0x8002BDE8 (0x00000193) addi gp, zero, 0
x3 <- 0x00000000


mem[X,0x8002BDEC] -> 0x006F
mem[X,0x8002BDEE] -> 0x00C0
[3773] [M]: 0x8002BDEC (0x00C0006F) jal zero, 12


mem[X,0x8002BDF8] -> 0x7663
mem[X,0x8002BDFA] -> 0x00B5
[3774] [M]: 0x8002BDF8 (0x00B57663) bgeu a0, a1, 12


mem[X,0x8002BDFC] -> 0x8193
mem[X,0x8002BDFE] -> 0x0021
[3775] [M]: 0x8002BDFC (0x00218193) addi gp, gp, 2
x3 <- 0x00000002


mem[X,0x8002BE00] -> 0x006F
mem[X,0x8002BE02] -> 0x00C0
[3776] [M]: 0x8002BE00 (0x00C0006F) jal zero, 12


mem[X,0x8002BE0C] -> 0x2C23
mem[X,0x8002BE0E] -> 0x5E31
[3777] [M]: 0x8002BE0C (0x5E312C23) sw gp, 1528(sp)
mem[0x8004A85C] <- 0x00000002


mem[X,0x8002BE10] -> 0x0513
mem[X,0x8002BE12] -> 0x0040
[3778] [M]: 0x8002BE10 (0x00400513) addi a0, zero, 4
x10 <- 0x00000004


mem[X,0x8002BE14] -> 0xB5B7
mem[X,0x8002BE16] -> 0xAAAA
[3779] [M]: 0x8002BE14 (0xAAAAB5B7) lui a1, 699051
x11 <- 0xAAAAB000


mem[X,0x8002BE18] -> 0x8593
mem[X,0x8002BE1A] -> 0xAAA5
[3780] [M]: 0x8002BE18 (0xAAA58593) addi a1, a1, 2730
x11 <- 0xAAAAAAAA


mem[X,0x8002BE1C] -> 0x0193
mem[X,0x8002BE1E] -> 0x0000
[3781] [M]: 0x8002BE1C (0x00000193) addi gp, zero, 0
x3 <- 0x00000000


mem[X,0x8002BE20] -> 0x006F
mem[X,0x8002BE22] -> 0x00C0
[3782] [M]: 0x8002BE20 (0x00C0006F) jal zero, 12


mem[X,0x8002BE2C] -> 0x7063
mem[X,0x8002BE2E] -> 0x08B5
[3783] [M]: 0x8002BE2C (0x08B57063) bgeu a0, a1, 128


mem[X,0x8002BE30] -> 0x8193
mem[X,0x8002BE32] -> 0x0021
[3784] [M]: 0x8002BE30 (0x00218193) addi gp, gp, 2
x3 <- 0x00000002


mem[X,0x8002BE34] -> 0x006F
mem[X,0x8002BE36] -> 0x0800
[3785] [M]: 0x8002BE34 (0x0800006F) jal zero, 128


mem[X,0x8002BEB4] -> 0x2E23
mem[X,0x8002BEB6] -> 0x5E31
[3786] [M]: 0x8002BEB4 (0x5E312E23) sw gp, 1532(sp)
mem[0x8004A860] <- 0x00000002


mem[X,0x8002BEB8] -> 0x0513
mem[X,0x8002BEBA] -> 0x0040
[3787] [M]: 0x8002BEB8 (0x00400513) addi a0, zero, 4
x10 <- 0x00000004


mem[X,0x8002BEBC] -> 0x0593
mem[X,0x8002BEBE] -> 0x0050
[3788] [M]: 0x8002BEBC (0x00500593) addi a1, zero, 5
x11 <- 0x00000005


mem[X,0x8002BEC0] -> 0x0193
mem[X,0x8002BEC2] -> 0x0000
[3789] [M]: 0x8002BEC0 (0x00000193) addi gp, zero, 0
x3 <- 0x00000000


mem[X,0x8002BEC4] -> 0x006F
mem[X,0x8002BEC6] -> 0x0050
[3790] [M]: 0x8002BEC4 (0x0050006F) jal zero, 2052


mem[X,0x8002C6C8] -> 0x70E3
mem[X,0x8002C6CA] -> 0x80B5
[3791] [M]: 0x8002C6C8 (0x80B570E3) bgeu a0, a1, 6144


mem[X,0x8002C6CC] -> 0x8193
mem[X,0x8002C6CE] -> 0x0021
[3792] [M]: 0x8002C6CC (0x00218193) addi gp, gp, 2
x3 <- 0x00000002


mem[X,0x8002C6D0] -> 0x006F
mem[X,0x8002C6D2] -> 0x00C0
[3793] [M]: 0x8002C6D0 (0x00C0006F) jal zero, 12


mem[X,0x8002C6DC] -> 0x2023
mem[X,0x8002C6DE] -> 0x6031
[3794] [M]: 0x8002C6DC (0x60312023) sw gp, 1536(sp)
mem[0x8004A864] <- 0x00000002


mem[X,0x8002C6E0] -> 0x0513
mem[X,0x8002C6E2] -> 0x0040
[3795] [M]: 0x8002C6E0 (0x00400513) addi a0, zero, 4
x10 <- 0x00000004


mem[X,0x8002C6E4] -> 0x35B7
mem[X,0x8002C6E6] -> 0x3333
[3796] [M]: 0x8002C6E4 (0x333335B7) lui a1, 209715
x11 <- 0x33333000


mem[X,0x8002C6E8] -> 0x8593
mem[X,0x8002C6EA] -> 0x3335
[3797] [M]: 0x8002C6E8 (0x33358593) addi a1, a1, 819
x11 <- 0x33333333


mem[X,0x8002C6EC] -> 0x0193
mem[X,0x8002C6EE] -> 0x0000
[3798] [M]: 0x8002C6EC (0x00000193) addi gp, zero, 0
x3 <- 0x00000000


mem[X,0x8002C6F0] -> 0x006F
mem[X,0x8002C6F2] -> 0x00C0
[3799] [M]: 0x8002C6F0 (0x00C0006F) jal zero, 12


clint::tick mtime <- 0x0000000000000026
 clint timer pending at mtime 0x0000000000000026
htif::tick 0x0000000000000000
mem[X,0x8002C6FC] -> 0x7063
mem[X,0x8002C6FE] -> 0x10B5
[3800] [M]: 0x8002C6FC (0x10B57063) bgeu a0, a1, 256


mem[X,0x8002C700] -> 0x8193
mem[X,0x8002C702] -> 0x0021
[3801] [M]: 0x8002C700 (0x00218193) addi gp, gp, 2
x3 <- 0x00000002


mem[X,0x8002C704] -> 0x006F
mem[X,0x8002C706] -> 0x1000
[3802] [M]: 0x8002C704 (0x1000006F) jal zero, 256


mem[X,0x8002C804] -> 0x2223
mem[X,0x8002C806] -> 0x6031
[3803] [M]: 0x8002C804 (0x60312223) sw gp, 1540(sp)
mem[0x8004A868] <- 0x00000002


mem[X,0x8002C808] -> 0x0513
mem[X,0x8002C80A] -> 0x0040
[3804] [M]: 0x8002C808 (0x00400513) addi a0, zero, 4
x10 <- 0x00000004


mem[X,0x8002C80C] -> 0x65B7
mem[X,0x8002C80E] -> 0x6666
[3805] [M]: 0x8002C80C (0x666665B7) lui a1, 419430
x11 <- 0x66666000


mem[X,0x8002C810] -> 0x8593
mem[X,0x8002C812] -> 0x6665
[3806] [M]: 0x8002C810 (0x66658593) addi a1, a1, 1638
x11 <- 0x66666666


mem[X,0x8002C814] -> 0x0193
mem[X,0x8002C816] -> 0x0000
[3807] [M]: 0x8002C814 (0x00000193) addi gp, zero, 0
x3 <- 0x00000000


mem[X,0x8002C818] -> 0x006F
mem[X,0x8002C81A] -> 0x00C0
[3808] [M]: 0x8002C818 (0x00C0006F) jal zero, 12


mem[X,0x8002C824] -> 0x7063
mem[X,0x8002C826] -> 0x20B5
[3809] [M]: 0x8002C824 (0x20B57063) bgeu a0, a1, 512


mem[X,0x8002C828] -> 0x8193
mem[X,0x8002C82A] -> 0x0021
[3810] [M]: 0x8002C828 (0x00218193) addi gp, gp, 2
x3 <- 0x00000002


mem[X,0x8002C82C] -> 0x006F
mem[X,0x8002C82E] -> 0x2000
[3811] [M]: 0x8002C82C (0x2000006F) jal zero, 512


mem[X,0x8002CA2C] -> 0x2423
mem[X,0x8002CA2E] -> 0x6031
[3812] [M]: 0x8002CA2C (0x60312423) sw gp, 1544(sp)
mem[0x8004A86C] <- 0x00000002


mem[X,0x8002CA30] -> 0x0513
mem[X,0x8002CA32] -> 0x0040
[3813] [M]: 0x8002CA30 (0x00400513) addi a0, zero, 4
x10 <- 0x00000004


mem[X,0x8002CA34] -> 0xB5B7
mem[X,0x8002CA36] -> 0x0000
[3814] [M]: 0x8002CA34 (0x0000B5B7) lui a1, 11
x11 <- 0x0000B000


mem[X,0x8002CA38] -> 0x8593
mem[X,0x8002CA3A] -> 0x5045
[3815] [M]: 0x8002CA38 (0x50458593) addi a1, a1, 1284
x11 <- 0x0000B504


mem[X,0x8002CA3C] -> 0x0193
mem[X,0x8002CA3E] -> 0x0000
[3816] [M]: 0x8002CA3C (0x00000193) addi gp, zero, 0
x3 <- 0x00000000


mem[X,0x8002CA40] -> 0x006F
mem[X,0x8002CA42] -> 0x00C0
[3817] [M]: 0x8002CA40 (0x00C0006F) jal zero, 12


mem[X,0x8002CA4C] -> 0x7CE3
mem[X,0x8002CA4E] -> 0xFEB5
[3818] [M]: 0x8002CA4C (0xFEB57CE3) bgeu a0, a1, 8184


mem[X,0x8002CA50] -> 0x8193
mem[X,0x8002CA52] -> 0x0021
[3819] [M]: 0x8002CA50 (0x00218193) addi gp, gp, 2
x3 <- 0x00000002


mem[X,0x8002CA54] -> 0x006F
mem[X,0x8002CA56] -> 0x00C0
[3820] [M]: 0x8002CA54 (0x00C0006F) jal zero, 12


mem[X,0x8002CA60] -> 0x2623
mem[X,0x8002CA62] -> 0x6031
[3821] [M]: 0x8002CA60 (0x60312623) sw gp, 1548(sp)
mem[0x8004A870] <- 0x00000002


mem[X,0x8002CA64] -> 0x0513
mem[X,0x8002CA66] -> 0x0040
[3822] [M]: 0x8002CA64 (0x00400513) addi a0, zero, 4
x10 <- 0x00000004


mem[X,0x8002CA68] -> 0x0593
mem[X,0x8002CA6A] -> 0x0000
[3823] [M]: 0x8002CA68 (0x00000593) addi a1, zero, 0
x11 <- 0x00000000


mem[X,0x8002CA6C] -> 0x0193
mem[X,0x8002CA6E] -> 0x0000
[3824] [M]: 0x8002CA6C (0x00000193) addi gp, zero, 0
x3 <- 0x00000000


mem[X,0x8002CA70] -> 0x006F
mem[X,0x8002CA72] -> 0x00C0
[3825] [M]: 0x8002CA70 (0x00C0006F) jal zero, 12


mem[X,0x8002CA7C] -> 0x7063
mem[X,0x8002CA7E] -> 0x20B5
[3826] [M]: 0x8002CA7C (0x20B57063) bgeu a0, a1, 512


mem[X,0x8002CC7C] -> 0x8193
mem[X,0x8002CC7E] -> 0x0031
[3827] [M]: 0x8002CC7C (0x00318193) addi gp, gp, 3
x3 <- 0x00000003


mem[X,0x8002CC80] -> 0x006F
mem[X,0x8002CC82] -> 0x0040
[3828] [M]: 0x8002CC80 (0x0040006F) jal zero, 4


mem[X,0x8002CC84] -> 0x2823
mem[X,0x8002CC86] -> 0x6031
[3829] [M]: 0x8002CC84 (0x60312823) sw gp, 1552(sp)
mem[0x8004A874] <- 0x00000003


mem[X,0x8002CC88] -> 0x0513
mem[X,0x8002CC8A] -> 0x0040
[3830] [M]: 0x8002CC88 (0x00400513) addi a0, zero, 4
x10 <- 0x00000004


mem[X,0x8002CC8C] -> 0x05B7
mem[X,0x8002CC8E] -> 0x0001
[3831] [M]: 0x8002CC8C (0x000105B7) lui a1, 16
x11 <- 0x00010000


mem[X,0x8002CC90] -> 0x8593
mem[X,0x8002CC92] -> 0xFFF5
[3832] [M]: 0x8002CC90 (0xFFF58593) addi a1, a1, 4095
x11 <- 0x0000FFFF


mem[X,0x8002CC94] -> 0x0193
mem[X,0x8002CC96] -> 0x0000
[3833] [M]: 0x8002CC94 (0x00000193) addi gp, zero, 0
x3 <- 0x00000000


mem[X,0x8002CC98] -> 0x006F
mem[X,0x8002CC9A] -> 0x00C0
[3834] [M]: 0x8002CC98 (0x00C0006F) jal zero, 12


mem[X,0x8002CCA4] -> 0x7063
mem[X,0x8002CCA6] -> 0x02B5
[3835] [M]: 0x8002CCA4 (0x02B57063) bgeu a0, a1, 32


mem[X,0x8002CCA8] -> 0x8193
mem[X,0x8002CCAA] -> 0x0021
[3836] [M]: 0x8002CCA8 (0x00218193) addi gp, gp, 2
x3 <- 0x00000002


mem[X,0x8002CCAC] -> 0x006F
mem[X,0x8002CCAE] -> 0x0200
[3837] [M]: 0x8002CCAC (0x0200006F) jal zero, 32


mem[X,0x8002CCCC] -> 0x2A23
mem[X,0x8002CCCE] -> 0x6031
[3838] [M]: 0x8002CCCC (0x60312A23) sw gp, 1556(sp)
mem[0x8004A878] <- 0x00000002


mem[X,0x8002CCD0] -> 0x0513
mem[X,0x8002CCD2] -> 0x0040
[3839] [M]: 0x8002CCD0 (0x00400513) addi a0, zero, 4
x10 <- 0x00000004


mem[X,0x8002CCD4] -> 0x0593
mem[X,0x8002CCD6] -> 0x0020
[3840] [M]: 0x8002CCD4 (0x00200593) addi a1, zero, 2
x11 <- 0x00000002


mem[X,0x8002CCD8] -> 0x0193
mem[X,0x8002CCDA] -> 0x0000
[3841] [M]: 0x8002CCD8 (0x00000193) addi gp, zero, 0
x3 <- 0x00000000


mem[X,0x8002CCDC] -> 0x006F
mem[X,0x8002CCDE] -> 0x00C0
[3842] [M]: 0x8002CCDC (0x00C0006F) jal zero, 12


mem[X,0x8002CCE8] -> 0x7663
mem[X,0x8002CCEA] -> 0x00B5
[3843] [M]: 0x8002CCE8 (0x00B57663) bgeu a0, a1, 12


mem[X,0x8002CCF4] -> 0x8193
mem[X,0x8002CCF6] -> 0x0031
[3844] [M]: 0x8002CCF4 (0x00318193) addi gp, gp, 3
x3 <- 0x00000003


mem[X,0x8002CCF8] -> 0x006F
mem[X,0x8002CCFA] -> 0x0040
[3845] [M]: 0x8002CCF8 (0x0040006F) jal zero, 4


mem[X,0x8002CCFC] -> 0x2C23
mem[X,0x8002CCFE] -> 0x6031
[3846] [M]: 0x8002CCFC (0x60312C23) sw gp, 1560(sp)
mem[0x8004A87C] <- 0x00000003


mem[X,0x8002CD00] -> 0x0513
mem[X,0x8002CD02] -> 0x0040
[3847] [M]: 0x8002CD00 (0x00400513) addi a0, zero, 4
x10 <- 0x00000004


mem[X,0x8002CD04] -> 0x55B7
mem[X,0x8002CD06] -> 0x5555
[3848] [M]: 0x8002CD04 (0x555555B7) lui a1, 349525
x11 <- 0x55555000


mem[X,0x8002CD08] -> 0x8593
mem[X,0x8002CD0A] -> 0x5545
[3849] [M]: 0x8002CD08 (0x55458593) addi a1, a1, 1364
x11 <- 0x55555554


mem[X,0x8002CD0C] -> 0x0193
mem[X,0x8002CD0E] -> 0x0000
[3850] [M]: 0x8002CD0C (0x00000193) addi gp, zero, 0
x3 <- 0x00000000


mem[X,0x8002CD10] -> 0x006F
mem[X,0x8002CD12] -> 0x00C0
[3851] [M]: 0x8002CD10 (0x00C0006F) jal zero, 12


mem[X,0x8002CD1C] -> 0x7663
mem[X,0x8002CD1E] -> 0x00B5
[3852] [M]: 0x8002CD1C (0x00B57663) bgeu a0, a1, 12


mem[X,0x8002CD20] -> 0x8193
mem[X,0x8002CD22] -> 0x0021
[3853] [M]: 0x8002CD20 (0x00218193) addi gp, gp, 2
x3 <- 0x00000002


mem[X,0x8002CD24] -> 0x006F
mem[X,0x8002CD26] -> 0x00C0
[3854] [M]: 0x8002CD24 (0x00C0006F) jal zero, 12


mem[X,0x8002CD30] -> 0x2E23
mem[X,0x8002CD32] -> 0x6031
[3855] [M]: 0x8002CD30 (0x60312E23) sw gp, 1564(sp)
mem[0x8004A880] <- 0x00000002


mem[X,0x8002CD34] -> 0x0513
mem[X,0x8002CD36] -> 0x0040
[3856] [M]: 0x8002CD34 (0x00400513) addi a0, zero, 4
x10 <- 0x00000004


mem[X,0x8002CD38] -> 0xB5B7
mem[X,0x8002CD3A] -> 0xAAAA
[3857] [M]: 0x8002CD38 (0xAAAAB5B7) lui a1, 699051
x11 <- 0xAAAAB000


mem[X,0x8002CD3C] -> 0x8593
mem[X,0x8002CD3E] -> 0xAA95
[3858] [M]: 0x8002CD3C (0xAA958593) addi a1, a1, 2729
x11 <- 0xAAAAAAA9


mem[X,0x8002CD40] -> 0x0193
mem[X,0x8002CD42] -> 0x0000
[3859] [M]: 0x8002CD40 (0x00000193) addi gp, zero, 0
x3 <- 0x00000000


mem[X,0x8002CD44] -> 0x006F
mem[X,0x8002CD46] -> 0x00C0
[3860] [M]: 0x8002CD44 (0x00C0006F) jal zero, 12


mem[X,0x8002CD50] -> 0x7063
mem[X,0x8002CD52] -> 0x08B5
[3861] [M]: 0x8002CD50 (0x08B57063) bgeu a0, a1, 128


mem[X,0x8002CD54] -> 0x8193
mem[X,0x8002CD56] -> 0x0021
[3862] [M]: 0x8002CD54 (0x00218193) addi gp, gp, 2
x3 <- 0x00000002


mem[X,0x8002CD58] -> 0x006F
mem[X,0x8002CD5A] -> 0x0800
[3863] [M]: 0x8002CD58 (0x0800006F) jal zero, 128


mem[X,0x8002CDD8] -> 0x2023
mem[X,0x8002CDDA] -> 0x6231
[3864] [M]: 0x8002CDD8 (0x62312023) sw gp, 1568(sp)
mem[0x8004A884] <- 0x00000002


mem[X,0x8002CDDC] -> 0x0513
mem[X,0x8002CDDE] -> 0x0040
[3865] [M]: 0x8002CDDC (0x00400513) addi a0, zero, 4
x10 <- 0x00000004


mem[X,0x8002CDE0] -> 0x0593
mem[X,0x8002CDE2] -> 0x0040
[3866] [M]: 0x8002CDE0 (0x00400593) addi a1, zero, 4
x11 <- 0x00000004


mem[X,0x8002CDE4] -> 0x0193
mem[X,0x8002CDE6] -> 0x0000
[3867] [M]: 0x8002CDE4 (0x00000193) addi gp, zero, 0
x3 <- 0x00000000


mem[X,0x8002CDE8] -> 0x006F
mem[X,0x8002CDEA] -> 0x2B10
[3868] [M]: 0x8002CDE8 (0x2B10006F) jal zero, 2736


mem[X,0x8002D898] -> 0x7A63
mem[X,0x8002D89A] -> 0xD4B5
[3869] [M]: 0x8002D898 (0xD4B57A63) bgeu a0, a1, 5460


mem[X,0x8002CDEC] -> 0x8193
mem[X,0x8002CDEE] -> 0x0011
[3870] [M]: 0x8002CDEC (0x00118193) addi gp, gp, 1
x3 <- 0x00000001


mem[X,0x8002CDF0] -> 0x006F
mem[X,0x8002CDF2] -> 0x2BD0
[3871] [M]: 0x8002CDF0 (0x2BD0006F) jal zero, 2748


mem[X,0x8002D8AC] -> 0x2223
mem[X,0x8002D8AE] -> 0x6231
[3872] [M]: 0x8002D8AC (0x62312223) sw gp, 1572(sp)
mem[0x8004A888] <- 0x00000001


mem[X,0x8002D8B0] -> 0x0513
mem[X,0x8002D8B2] -> 0x0040
[3873] [M]: 0x8002D8B0 (0x00400513) addi a0, zero, 4
x10 <- 0x00000004


mem[X,0x8002D8B4] -> 0x35B7
mem[X,0x8002D8B6] -> 0x3333
[3874] [M]: 0x8002D8B4 (0x333335B7) lui a1, 209715
x11 <- 0x33333000


mem[X,0x8002D8B8] -> 0x8593
mem[X,0x8002D8BA] -> 0x3325
[3875] [M]: 0x8002D8B8 (0x33258593) addi a1, a1, 818
x11 <- 0x33333332


mem[X,0x8002D8BC] -> 0x0193
mem[X,0x8002D8BE] -> 0x0000
[3876] [M]: 0x8002D8BC (0x00000193) addi gp, zero, 0
x3 <- 0x00000000


mem[X,0x8002D8C0] -> 0x006F
mem[X,0x8002D8C2] -> 0x00C0
[3877] [M]: 0x8002D8C0 (0x00C0006F) jal zero, 12


mem[X,0x8002D8CC] -> 0x7663
mem[X,0x8002D8CE] -> 0x00B5
[3878] [M]: 0x8002D8CC (0x00B57663) bgeu a0, a1, 12


mem[X,0x8002D8D0] -> 0x8193
mem[X,0x8002D8D2] -> 0x0021
[3879] [M]: 0x8002D8D0 (0x00218193) addi gp, gp, 2
x3 <- 0x00000002


mem[X,0x8002D8D4] -> 0x006F
mem[X,0x8002D8D6] -> 0x00C0
[3880] [M]: 0x8002D8D4 (0x00C0006F) jal zero, 12


mem[X,0x8002D8E0] -> 0x2423
mem[X,0x8002D8E2] -> 0x6231
[3881] [M]: 0x8002D8E0 (0x62312423) sw gp, 1576(sp)
mem[0x8004A88C] <- 0x00000002


mem[X,0x8002D8E4] -> 0x0513
mem[X,0x8002D8E6] -> 0x0040
[3882] [M]: 0x8002D8E4 (0x00400513) addi a0, zero, 4
x10 <- 0x00000004


mem[X,0x8002D8E8] -> 0x65B7
mem[X,0x8002D8EA] -> 0x6666
[3883] [M]: 0x8002D8E8 (0x666665B7) lui a1, 419430
x11 <- 0x66666000


mem[X,0x8002D8EC] -> 0x8593
mem[X,0x8002D8EE] -> 0x6655
[3884] [M]: 0x8002D8EC (0x66558593) addi a1, a1, 1637
x11 <- 0x66666665


mem[X,0x8002D8F0] -> 0x0193
mem[X,0x8002D8F2] -> 0x0000
[3885] [M]: 0x8002D8F0 (0x00000193) addi gp, zero, 0
x3 <- 0x00000000


mem[X,0x8002D8F4] -> 0x006F
mem[X,0x8002D8F6] -> 0x00C0
[3886] [M]: 0x8002D8F4 (0x00C0006F) jal zero, 12


mem[X,0x8002D900] -> 0x7663
mem[X,0x8002D902] -> 0x00B5
[3887] [M]: 0x8002D900 (0x00B57663) bgeu a0, a1, 12


mem[X,0x8002D904] -> 0x8193
mem[X,0x8002D906] -> 0x0021
[3888] [M]: 0x8002D904 (0x00218193) addi gp, gp, 2
x3 <- 0x00000002


mem[X,0x8002D908] -> 0x006F
mem[X,0x8002D90A] -> 0x00C0
[3889] [M]: 0x8002D908 (0x00C0006F) jal zero, 12


mem[X,0x8002D914] -> 0x2623
mem[X,0x8002D916] -> 0x6231
[3890] [M]: 0x8002D914 (0x62312623) sw gp, 1580(sp)
mem[0x8004A890] <- 0x00000002


mem[X,0x8002D918] -> 0x0513
mem[X,0x8002D91A] -> 0x0040
[3891] [M]: 0x8002D918 (0x00400513) addi a0, zero, 4
x10 <- 0x00000004


mem[X,0x8002D91C] -> 0xB5B7
mem[X,0x8002D91E] -> 0x0000
[3892] [M]: 0x8002D91C (0x0000B5B7) lui a1, 11
x11 <- 0x0000B000


mem[X,0x8002D920] -> 0x8593
mem[X,0x8002D922] -> 0x5035
[3893] [M]: 0x8002D920 (0x50358593) addi a1, a1, 1283
x11 <- 0x0000B503


mem[X,0x8002D924] -> 0x0193
mem[X,0x8002D926] -> 0x0000
[3894] [M]: 0x8002D924 (0x00000193) addi gp, zero, 0
x3 <- 0x00000000


mem[X,0x8002D928] -> 0x006F
mem[X,0x8002D92A] -> 0x0180
[3895] [M]: 0x8002D928 (0x0180006F) jal zero, 24


mem[X,0x8002D940] -> 0x76E3
mem[X,0x8002D942] -> 0xFEB5
[3896] [M]: 0x8002D940 (0xFEB576E3) bgeu a0, a1, 8172


mem[X,0x8002D944] -> 0x8193
mem[X,0x8002D946] -> 0x0021
[3897] [M]: 0x8002D944 (0x00218193) addi gp, gp, 2
x3 <- 0x00000002


mem[X,0x8002D948] -> 0x006F
mem[X,0x8002D94A] -> 0x00C0
[3898] [M]: 0x8002D948 (0x00C0006F) jal zero, 12


mem[X,0x8002D954] -> 0x2823
mem[X,0x8002D956] -> 0x6231
[3899] [M]: 0x8002D954 (0x62312823) sw gp, 1584(sp)
mem[0x8004A894] <- 0x00000002


clint::tick mtime <- 0x0000000000000027
 clint timer pending at mtime 0x0000000000000027
htif::tick 0x0000000000000000
mem[X,0x8002D958] -> 0x0513
mem[X,0x8002D95A] -> 0x0040
[3900] [M]: 0x8002D958 (0x00400513) addi a0, zero, 4
x10 <- 0x00000004


mem[X,0x8002D95C] -> 0x05B7
mem[X,0x8002D95E] -> 0x0001
[3901] [M]: 0x8002D95C (0x000105B7) lui a1, 16
x11 <- 0x00010000


mem[X,0x8002D960] -> 0x8593
mem[X,0x8002D962] -> 0xFFE5
[3902] [M]: 0x8002D960 (0xFFE58593) addi a1, a1, 4094
x11 <- 0x0000FFFE


mem[X,0x8002D964] -> 0x0193
mem[X,0x8002D966] -> 0x0000
[3903] [M]: 0x8002D964 (0x00000193) addi gp, zero, 0
x3 <- 0x00000000


mem[X,0x8002D968] -> 0x006F
mem[X,0x8002D96A] -> 0x00C0
[3904] [M]: 0x8002D968 (0x00C0006F) jal zero, 12


mem[X,0x8002D974] -> 0x7063
mem[X,0x8002D976] -> 0x20B5
[3905] [M]: 0x8002D974 (0x20B57063) bgeu a0, a1, 512


mem[X,0x8002D978] -> 0x8193
mem[X,0x8002D97A] -> 0x0021
[3906] [M]: 0x8002D978 (0x00218193) addi gp, gp, 2
x3 <- 0x00000002


mem[X,0x8002D97C] -> 0x006F
mem[X,0x8002D97E] -> 0x2000
[3907] [M]: 0x8002D97C (0x2000006F) jal zero, 512


mem[X,0x8002DB7C] -> 0x2A23
mem[X,0x8002DB7E] -> 0x6231
[3908] [M]: 0x8002DB7C (0x62312A23) sw gp, 1588(sp)
mem[0x8004A898] <- 0x00000002


mem[X,0x8002DB80] -> 0x0513
mem[X,0x8002DB82] -> 0x0040
[3909] [M]: 0x8002DB80 (0x00400513) addi a0, zero, 4
x10 <- 0x00000004


mem[X,0x8002DB84] -> 0x55B7
mem[X,0x8002DB86] -> 0x5555
[3910] [M]: 0x8002DB84 (0x555555B7) lui a1, 349525
x11 <- 0x55555000


mem[X,0x8002DB88] -> 0x8593
mem[X,0x8002DB8A] -> 0x5565
[3911] [M]: 0x8002DB88 (0x55658593) addi a1, a1, 1366
x11 <- 0x55555556


mem[X,0x8002DB8C] -> 0x0193
mem[X,0x8002DB8E] -> 0x0000
[3912] [M]: 0x8002DB8C (0x00000193) addi gp, zero, 0
x3 <- 0x00000000


mem[X,0x8002DB90] -> 0x006F
mem[X,0x8002DB92] -> 0x00C0
[3913] [M]: 0x8002DB90 (0x00C0006F) jal zero, 12


mem[X,0x8002DB9C] -> 0x7CE3
mem[X,0x8002DB9E] -> 0xFEB5
[3914] [M]: 0x8002DB9C (0xFEB57CE3) bgeu a0, a1, 8184


mem[X,0x8002DBA0] -> 0x8193
mem[X,0x8002DBA2] -> 0x0021
[3915] [M]: 0x8002DBA0 (0x00218193) addi gp, gp, 2
x3 <- 0x00000002


mem[X,0x8002DBA4] -> 0x006F
mem[X,0x8002DBA6] -> 0x00C0
[3916] [M]: 0x8002DBA4 (0x00C0006F) jal zero, 12


mem[X,0x8002DBB0] -> 0x2C23
mem[X,0x8002DBB2] -> 0x6231
[3917] [M]: 0x8002DBB0 (0x62312C23) sw gp, 1592(sp)
mem[0x8004A89C] <- 0x00000002


mem[X,0x8002DBB4] -> 0x0513
mem[X,0x8002DBB6] -> 0x0040
[3918] [M]: 0x8002DBB4 (0x00400513) addi a0, zero, 4
x10 <- 0x00000004


mem[X,0x8002DBB8] -> 0xB5B7
mem[X,0x8002DBBA] -> 0xAAAA
[3919] [M]: 0x8002DBB8 (0xAAAAB5B7) lui a1, 699051
x11 <- 0xAAAAB000


mem[X,0x8002DBBC] -> 0x8593
mem[X,0x8002DBBE] -> 0xAAB5
[3920] [M]: 0x8002DBBC (0xAAB58593) addi a1, a1, 2731
x11 <- 0xAAAAAAAB


mem[X,0x8002DBC0] -> 0x0193
mem[X,0x8002DBC2] -> 0x0000
[3921] [M]: 0x8002DBC0 (0x00000193) addi gp, zero, 0
x3 <- 0x00000000


mem[X,0x8002DBC4] -> 0x006F
mem[X,0x8002DBC6] -> 0x00C0
[3922] [M]: 0x8002DBC4 (0x00C0006F) jal zero, 12


mem[X,0x8002DBD0] -> 0x7863
mem[X,0x8002DBD2] -> 0x00B5
[3923] [M]: 0x8002DBD0 (0x00B57863) bgeu a0, a1, 16


mem[X,0x8002DBD4] -> 0x8193
mem[X,0x8002DBD6] -> 0x0021
[3924] [M]: 0x8002DBD4 (0x00218193) addi gp, gp, 2
x3 <- 0x00000002


mem[X,0x8002DBD8] -> 0x006F
mem[X,0x8002DBDA] -> 0x0100
[3925] [M]: 0x8002DBD8 (0x0100006F) jal zero, 16


mem[X,0x8002DBE8] -> 0x2E23
mem[X,0x8002DBEA] -> 0x6231
[3926] [M]: 0x8002DBE8 (0x62312E23) sw gp, 1596(sp)
mem[0x8004A8A0] <- 0x00000002


mem[X,0x8002DBEC] -> 0x0513
mem[X,0x8002DBEE] -> 0x0040
[3927] [M]: 0x8002DBEC (0x00400513) addi a0, zero, 4
x10 <- 0x00000004


mem[X,0x8002DBF0] -> 0x0593
mem[X,0x8002DBF2] -> 0x0060
[3928] [M]: 0x8002DBF0 (0x00600593) addi a1, zero, 6
x11 <- 0x00000006


mem[X,0x8002DBF4] -> 0x0193
mem[X,0x8002DBF6] -> 0x0000
[3929] [M]: 0x8002DBF4 (0x00000193) addi gp, zero, 0
x3 <- 0x00000000


mem[X,0x8002DBF8] -> 0x006F
mem[X,0x8002DBFA] -> 0x00C0
[3930] [M]: 0x8002DBF8 (0x00C0006F) jal zero, 12


mem[X,0x8002DC04] -> 0x7663
mem[X,0x8002DC06] -> 0x00B5
[3931] [M]: 0x8002DC04 (0x00B57663) bgeu a0, a1, 12


mem[X,0x8002DC08] -> 0x8193
mem[X,0x8002DC0A] -> 0x0021
[3932] [M]: 0x8002DC08 (0x00218193) addi gp, gp, 2
x3 <- 0x00000002


mem[X,0x8002DC0C] -> 0x006F
mem[X,0x8002DC0E] -> 0x00C0
[3933] [M]: 0x8002DC0C (0x00C0006F) jal zero, 12


mem[X,0x8002DC18] -> 0x2023
mem[X,0x8002DC1A] -> 0x6431
[3934] [M]: 0x8002DC18 (0x64312023) sw gp, 1600(sp)
mem[0x8004A8A4] <- 0x00000002


mem[X,0x8002DC1C] -> 0x0513
mem[X,0x8002DC1E] -> 0x0040
[3935] [M]: 0x8002DC1C (0x00400513) addi a0, zero, 4
x10 <- 0x00000004


mem[X,0x8002DC20] -> 0x35B7
mem[X,0x8002DC22] -> 0x3333
[3936] [M]: 0x8002DC20 (0x333335B7) lui a1, 209715
x11 <- 0x33333000


mem[X,0x8002DC24] -> 0x8593
mem[X,0x8002DC26] -> 0x3345
[3937] [M]: 0x8002DC24 (0x33458593) addi a1, a1, 820
x11 <- 0x33333334


mem[X,0x8002DC28] -> 0x0193
mem[X,0x8002DC2A] -> 0x0000
[3938] [M]: 0x8002DC28 (0x00000193) addi gp, zero, 0
x3 <- 0x00000000


mem[X,0x8002DC2C] -> 0x006F
mem[X,0x8002DC2E] -> 0x0100
[3939] [M]: 0x8002DC2C (0x0100006F) jal zero, 16


mem[X,0x8002DC3C] -> 0x7AE3
mem[X,0x8002DC3E] -> 0xFEB5
[3940] [M]: 0x8002DC3C (0xFEB57AE3) bgeu a0, a1, 8180


mem[X,0x8002DC40] -> 0x8193
mem[X,0x8002DC42] -> 0x0021
[3941] [M]: 0x8002DC40 (0x00218193) addi gp, gp, 2
x3 <- 0x00000002


mem[X,0x8002DC44] -> 0x006F
mem[X,0x8002DC46] -> 0x00C0
[3942] [M]: 0x8002DC44 (0x00C0006F) jal zero, 12


mem[X,0x8002DC50] -> 0x2223
mem[X,0x8002DC52] -> 0x6431
[3943] [M]: 0x8002DC50 (0x64312223) sw gp, 1604(sp)
mem[0x8004A8A8] <- 0x00000002


mem[X,0x8002DC54] -> 0x0513
mem[X,0x8002DC56] -> 0x0040
[3944] [M]: 0x8002DC54 (0x00400513) addi a0, zero, 4
x10 <- 0x00000004


mem[X,0x8002DC58] -> 0x65B7
mem[X,0x8002DC5A] -> 0x6666
[3945] [M]: 0x8002DC58 (0x666665B7) lui a1, 419430
x11 <- 0x66666000


mem[X,0x8002DC5C] -> 0x8593
mem[X,0x8002DC5E] -> 0x6675
[3946] [M]: 0x8002DC5C (0x66758593) addi a1, a1, 1639
x11 <- 0x66666667


mem[X,0x8002DC60] -> 0x0193
mem[X,0x8002DC62] -> 0x0000
[3947] [M]: 0x8002DC60 (0x00000193) addi gp, zero, 0
x3 <- 0x00000000


mem[X,0x8002DC64] -> 0x006F
mem[X,0x8002DC66] -> 0x00C0
[3948] [M]: 0x8002DC64 (0x00C0006F) jal zero, 12


mem[X,0x8002DC70] -> 0x7063
mem[X,0x8002DC72] -> 0x20B5
[3949] [M]: 0x8002DC70 (0x20B57063) bgeu a0, a1, 512


mem[X,0x8002DC74] -> 0x8193
mem[X,0x8002DC76] -> 0x0021
[3950] [M]: 0x8002DC74 (0x00218193) addi gp, gp, 2
x3 <- 0x00000002


mem[X,0x8002DC78] -> 0x006F
mem[X,0x8002DC7A] -> 0x2000
[3951] [M]: 0x8002DC78 (0x2000006F) jal zero, 512


mem[X,0x8002DE78] -> 0x2423
mem[X,0x8002DE7A] -> 0x6431
[3952] [M]: 0x8002DE78 (0x64312423) sw gp, 1608(sp)
mem[0x8004A8AC] <- 0x00000002


mem[X,0x8002DE7C] -> 0x0513
mem[X,0x8002DE7E] -> 0x0040
[3953] [M]: 0x8002DE7C (0x00400513) addi a0, zero, 4
x10 <- 0x00000004


mem[X,0x8002DE80] -> 0xB5B7
mem[X,0x8002DE82] -> 0x0000
[3954] [M]: 0x8002DE80 (0x0000B5B7) lui a1, 11
x11 <- 0x0000B000


mem[X,0x8002DE84] -> 0x8593
mem[X,0x8002DE86] -> 0x5055
[3955] [M]: 0x8002DE84 (0x50558593) addi a1, a1, 1285
x11 <- 0x0000B505


mem[X,0x8002DE88] -> 0x0193
mem[X,0x8002DE8A] -> 0x0000
[3956] [M]: 0x8002DE88 (0x00000193) addi gp, zero, 0
x3 <- 0x00000000


mem[X,0x8002DE8C] -> 0x006F
mem[X,0x8002DE8E] -> 0x00C0
[3957] [M]: 0x8002DE8C (0x00C0006F) jal zero, 12


mem[X,0x8002DE98] -> 0x7663
mem[X,0x8002DE9A] -> 0x00B5
[3958] [M]: 0x8002DE98 (0x00B57663) bgeu a0, a1, 12


mem[X,0x8002DE9C] -> 0x8193
mem[X,0x8002DE9E] -> 0x0021
[3959] [M]: 0x8002DE9C (0x00218193) addi gp, gp, 2
x3 <- 0x00000002


mem[X,0x8002DEA0] -> 0x006F
mem[X,0x8002DEA2] -> 0x00C0
[3960] [M]: 0x8002DEA0 (0x00C0006F) jal zero, 12


mem[X,0x8002DEAC] -> 0x2623
mem[X,0x8002DEAE] -> 0x6431
[3961] [M]: 0x8002DEAC (0x64312623) sw gp, 1612(sp)
mem[0x8004A8B0] <- 0x00000002


mem[X,0x8002DEB0] -> 0x0513
mem[X,0x8002DEB2] -> 0x0040
[3962] [M]: 0x8002DEB0 (0x00400513) addi a0, zero, 4
x10 <- 0x00000004


mem[X,0x8002DEB4] -> 0x0593
mem[X,0x8002DEB6] -> 0x0010
[3963] [M]: 0x8002DEB4 (0x00100593) addi a1, zero, 1
x11 <- 0x00000001


mem[X,0x8002DEB8] -> 0x0193
mem[X,0x8002DEBA] -> 0x0000
[3964] [M]: 0x8002DEB8 (0x00000193) addi gp, zero, 0
x3 <- 0x00000000


mem[X,0x8002DEBC] -> 0x006F
mem[X,0x8002DEBE] -> 0x0100
[3965] [M]: 0x8002DEBC (0x0100006F) jal zero, 16


mem[X,0x8002DECC] -> 0x7AE3
mem[X,0x8002DECE] -> 0xFEB5
[3966] [M]: 0x8002DECC (0xFEB57AE3) bgeu a0, a1, 8180


mem[X,0x8002DEC0] -> 0x8193
mem[X,0x8002DEC2] -> 0x0011
[3967] [M]: 0x8002DEC0 (0x00118193) addi gp, gp, 1
x3 <- 0x00000001


mem[X,0x8002DEC4] -> 0x006F
mem[X,0x8002DEC6] -> 0x01C0
[3968] [M]: 0x8002DEC4 (0x01C0006F) jal zero, 28


mem[X,0x8002DEE0] -> 0x2823
mem[X,0x8002DEE2] -> 0x6431
[3969] [M]: 0x8002DEE0 (0x64312823) sw gp, 1616(sp)
mem[0x8004A8B4] <- 0x00000001


mem[X,0x8002DEE4] -> 0x0513
mem[X,0x8002DEE6] -> 0x0040
[3970] [M]: 0x8002DEE4 (0x00400513) addi a0, zero, 4
x10 <- 0x00000004


mem[X,0x8002DEE8] -> 0x05B7
mem[X,0x8002DEEA] -> 0x0001
[3971] [M]: 0x8002DEE8 (0x000105B7) lui a1, 16
x11 <- 0x00010000


mem[X,0x8002DEEC] -> 0x0193
mem[X,0x8002DEEE] -> 0x0000
[3972] [M]: 0x8002DEEC (0x00000193) addi gp, zero, 0
x3 <- 0x00000000


mem[X,0x8002DEF0] -> 0x006F
mem[X,0x8002DEF2] -> 0x00C0
[3973] [M]: 0x8002DEF0 (0x00C0006F) jal zero, 12


mem[X,0x8002DEFC] -> 0x7063
mem[X,0x8002DEFE] -> 0x20B5
[3974] [M]: 0x8002DEFC (0x20B57063) bgeu a0, a1, 512


mem[X,0x8002DF00] -> 0x8193
mem[X,0x8002DF02] -> 0x0021
[3975] [M]: 0x8002DF00 (0x00218193) addi gp, gp, 2
x3 <- 0x00000002


mem[X,0x8002DF04] -> 0x006F
mem[X,0x8002DF06] -> 0x2000
[3976] [M]: 0x8002DF04 (0x2000006F) jal zero, 512


mem[X,0x8002E104] -> 0x2A23
mem[X,0x8002E106] -> 0x6431
[3977] [M]: 0x8002E104 (0x64312A23) sw gp, 1620(sp)
mem[0x8004A8B8] <- 0x00000002


mem[X,0x8002E108] -> 0x3537
mem[X,0x8002E10A] -> 0x3333
[3978] [M]: 0x8002E108 (0x33333537) lui a0, 209715
x10 <- 0x33333000


mem[X,0x8002E10C] -> 0x0513
mem[X,0x8002E10E] -> 0x3325
[3979] [M]: 0x8002E10C (0x33250513) addi a0, a0, 818
x10 <- 0x33333332


mem[X,0x8002E110] -> 0x0593
mem[X,0x8002E112] -> 0x0030
[3980] [M]: 0x8002E110 (0x00300593) addi a1, zero, 3
x11 <- 0x00000003


mem[X,0x8002E114] -> 0x0193
mem[X,0x8002E116] -> 0x0000
[3981] [M]: 0x8002E114 (0x00000193) addi gp, zero, 0
x3 <- 0x00000000


mem[X,0x8002E118] -> 0x006F
mem[X,0x8002E11A] -> 0x00C0
[3982] [M]: 0x8002E118 (0x00C0006F) jal zero, 12


mem[X,0x8002E124] -> 0x7CE3
mem[X,0x8002E126] -> 0xFEB5
[3983] [M]: 0x8002E124 (0xFEB57CE3) bgeu a0, a1, 8184


mem[X,0x8002E11C] -> 0x8193
mem[X,0x8002E11E] -> 0x0011
[3984] [M]: 0x8002E11C (0x00118193) addi gp, gp, 1
x3 <- 0x00000001


mem[X,0x8002E120] -> 0x006F
mem[X,0x8002E122] -> 0x0180
[3985] [M]: 0x8002E120 (0x0180006F) jal zero, 24


mem[X,0x8002E138] -> 0x2C23
mem[X,0x8002E13A] -> 0x6431
[3986] [M]: 0x8002E138 (0x64312C23) sw gp, 1624(sp)
mem[0x8004A8BC] <- 0x00000001


mem[X,0x8002E13C] -> 0x3537
mem[X,0x8002E13E] -> 0x3333
[3987] [M]: 0x8002E13C (0x33333537) lui a0, 209715
x10 <- 0x33333000


mem[X,0x8002E140] -> 0x0513
mem[X,0x8002E142] -> 0x3325
[3988] [M]: 0x8002E140 (0x33250513) addi a0, a0, 818
x10 <- 0x33333332


mem[X,0x8002E144] -> 0x55B7
mem[X,0x8002E146] -> 0x5555
[3989] [M]: 0x8002E144 (0x555555B7) lui a1, 349525
x11 <- 0x55555000


mem[X,0x8002E148] -> 0x8593
mem[X,0x8002E14A] -> 0x5555
[3990] [M]: 0x8002E148 (0x55558593) addi a1, a1, 1365
x11 <- 0x55555555


mem[X,0x8002E14C] -> 0x0193
mem[X,0x8002E14E] -> 0x0000
[3991] [M]: 0x8002E14C (0x00000193) addi gp, zero, 0
x3 <- 0x00000000


mem[X,0x8002E150] -> 0x006F
mem[X,0x8002E152] -> 0x0100
[3992] [M]: 0x8002E150 (0x0100006F) jal zero, 16


mem[X,0x8002E160] -> 0x7AE3
mem[X,0x8002E162] -> 0xFEB5
[3993] [M]: 0x8002E160 (0xFEB57AE3) bgeu a0, a1, 8180


mem[X,0x8002E164] -> 0x8193
mem[X,0x8002E166] -> 0x0021
[3994] [M]: 0x8002E164 (0x00218193) addi gp, gp, 2
x3 <- 0x00000002


mem[X,0x8002E168] -> 0x006F
mem[X,0x8002E16A] -> 0x00C0
[3995] [M]: 0x8002E168 (0x00C0006F) jal zero, 12


mem[X,0x8002E174] -> 0x2E23
mem[X,0x8002E176] -> 0x6431
[3996] [M]: 0x8002E174 (0x64312E23) sw gp, 1628(sp)
mem[0x8004A8C0] <- 0x00000002


mem[X,0x8002E178] -> 0x3537
mem[X,0x8002E17A] -> 0x3333
[3997] [M]: 0x8002E178 (0x33333537) lui a0, 209715
x10 <- 0x33333000


mem[X,0x8002E17C] -> 0x0513
mem[X,0x8002E17E] -> 0x3325
[3998] [M]: 0x8002E17C (0x33250513) addi a0, a0, 818
x10 <- 0x33333332


mem[X,0x8002E180] -> 0xB5B7
mem[X,0x8002E182] -> 0xAAAA
[3999] [M]: 0x8002E180 (0xAAAAB5B7) lui a1, 699051
x11 <- 0xAAAAB000


clint::tick mtime <- 0x0000000000000028
 clint timer pending at mtime 0x0000000000000028
htif::tick 0x0000000000000000
mem[X,0x8002E184] -> 0x8593
mem[X,0x8002E186] -> 0xAAA5
[4000] [M]: 0x8002E184 (0xAAA58593) addi a1, a1, 2730
x11 <- 0xAAAAAAAA


mem[X,0x8002E188] -> 0x0193
mem[X,0x8002E18A] -> 0x0000
[4001] [M]: 0x8002E188 (0x00000193) addi gp, zero, 0
x3 <- 0x00000000


mem[X,0x8002E18C] -> 0x006F
mem[X,0x8002E18E] -> 0x00C0
[4002] [M]: 0x8002E18C (0x00C0006F) jal zero, 12


mem[X,0x8002E198] -> 0x7663
mem[X,0x8002E19A] -> 0x00B5
[4003] [M]: 0x8002E198 (0x00B57663) bgeu a0, a1, 12


mem[X,0x8002E19C] -> 0x8193
mem[X,0x8002E19E] -> 0x0021
[4004] [M]: 0x8002E19C (0x00218193) addi gp, gp, 2
x3 <- 0x00000002


mem[X,0x8002E1A0] -> 0x006F
mem[X,0x8002E1A2] -> 0x00C0
[4005] [M]: 0x8002E1A0 (0x00C0006F) jal zero, 12


mem[X,0x8002E1AC] -> 0x2023
mem[X,0x8002E1AE] -> 0x6631
[4006] [M]: 0x8002E1AC (0x66312023) sw gp, 1632(sp)
mem[0x8004A8C4] <- 0x00000002


mem[X,0x8002E1B0] -> 0x3537
mem[X,0x8002E1B2] -> 0x3333
[4007] [M]: 0x8002E1B0 (0x33333537) lui a0, 209715
x10 <- 0x33333000


mem[X,0x8002E1B4] -> 0x0513
mem[X,0x8002E1B6] -> 0x3325
[4008] [M]: 0x8002E1B4 (0x33250513) addi a0, a0, 818
x10 <- 0x33333332


mem[X,0x8002E1B8] -> 0x0593
mem[X,0x8002E1BA] -> 0x0050
[4009] [M]: 0x8002E1B8 (0x00500593) addi a1, zero, 5
x11 <- 0x00000005


mem[X,0x8002E1BC] -> 0x0193
mem[X,0x8002E1BE] -> 0x0000
[4010] [M]: 0x8002E1BC (0x00000193) addi gp, zero, 0
x3 <- 0x00000000


mem[X,0x8002E1C0] -> 0x006F
mem[X,0x8002E1C2] -> 0x0140
[4011] [M]: 0x8002E1C0 (0x0140006F) jal zero, 20


mem[X,0x8002E1D4] -> 0x78E3
mem[X,0x8002E1D6] -> 0xFEB5
[4012] [M]: 0x8002E1D4 (0xFEB578E3) bgeu a0, a1, 8176


mem[X,0x8002E1C4] -> 0x8193
mem[X,0x8002E1C6] -> 0x0011
[4013] [M]: 0x8002E1C4 (0x00118193) addi gp, gp, 1
x3 <- 0x00000001


mem[X,0x8002E1C8] -> 0x006F
mem[X,0x8002E1CA] -> 0x0200
[4014] [M]: 0x8002E1C8 (0x0200006F) jal zero, 32


mem[X,0x8002E1E8] -> 0x2223
mem[X,0x8002E1EA] -> 0x6631
[4015] [M]: 0x8002E1E8 (0x66312223) sw gp, 1636(sp)
mem[0x8004A8C8] <- 0x00000001


mem[X,0x8002E1EC] -> 0x3537
mem[X,0x8002E1EE] -> 0x3333
[4016] [M]: 0x8002E1EC (0x33333537) lui a0, 209715
x10 <- 0x33333000


mem[X,0x8002E1F0] -> 0x0513
mem[X,0x8002E1F2] -> 0x3325
[4017] [M]: 0x8002E1F0 (0x33250513) addi a0, a0, 818
x10 <- 0x33333332


mem[X,0x8002E1F4] -> 0x35B7
mem[X,0x8002E1F6] -> 0x3333
[4018] [M]: 0x8002E1F4 (0x333335B7) lui a1, 209715
x11 <- 0x33333000


mem[X,0x8002E1F8] -> 0x8593
mem[X,0x8002E1FA] -> 0x3335
[4019] [M]: 0x8002E1F8 (0x33358593) addi a1, a1, 819
x11 <- 0x33333333


mem[X,0x8002E1FC] -> 0x0193
mem[X,0x8002E1FE] -> 0x0000
[4020] [M]: 0x8002E1FC (0x00000193) addi gp, zero, 0
x3 <- 0x00000000


mem[X,0x8002E200] -> 0x006F
mem[X,0x8002E202] -> 0x0100
[4021] [M]: 0x8002E200 (0x0100006F) jal zero, 16


mem[X,0x8002E210] -> 0x7AE3
mem[X,0x8002E212] -> 0xFEB5
[4022] [M]: 0x8002E210 (0xFEB57AE3) bgeu a0, a1, 8180


mem[X,0x8002E214] -> 0x8193
mem[X,0x8002E216] -> 0x0021
[4023] [M]: 0x8002E214 (0x00218193) addi gp, gp, 2
x3 <- 0x00000002


mem[X,0x8002E218] -> 0x006F
mem[X,0x8002E21A] -> 0x00C0
[4024] [M]: 0x8002E218 (0x00C0006F) jal zero, 12


mem[X,0x8002E224] -> 0x2423
mem[X,0x8002E226] -> 0x6631
[4025] [M]: 0x8002E224 (0x66312423) sw gp, 1640(sp)
mem[0x8004A8CC] <- 0x00000002


mem[X,0x8002E228] -> 0x3537
mem[X,0x8002E22A] -> 0x3333
[4026] [M]: 0x8002E228 (0x33333537) lui a0, 209715
x10 <- 0x33333000


mem[X,0x8002E22C] -> 0x0513
mem[X,0x8002E22E] -> 0x3325
[4027] [M]: 0x8002E22C (0x33250513) addi a0, a0, 818
x10 <- 0x33333332


mem[X,0x8002E230] -> 0x65B7
mem[X,0x8002E232] -> 0x6666
[4028] [M]: 0x8002E230 (0x666665B7) lui a1, 419430
x11 <- 0x66666000


mem[X,0x8002E234] -> 0x8593
mem[X,0x8002E236] -> 0x6665
[4029] [M]: 0x8002E234 (0x66658593) addi a1, a1, 1638
x11 <- 0x66666666


mem[X,0x8002E238] -> 0x0193
mem[X,0x8002E23A] -> 0x0000
[4030] [M]: 0x8002E238 (0x00000193) addi gp, zero, 0
x3 <- 0x00000000


mem[X,0x8002E23C] -> 0x006F
mem[X,0x8002E23E] -> 0x00C0
[4031] [M]: 0x8002E23C (0x00C0006F) jal zero, 12


mem[X,0x8002E248] -> 0x7663
mem[X,0x8002E24A] -> 0x00B5
[4032] [M]: 0x8002E248 (0x00B57663) bgeu a0, a1, 12


mem[X,0x8002E24C] -> 0x8193
mem[X,0x8002E24E] -> 0x0021
[4033] [M]: 0x8002E24C (0x00218193) addi gp, gp, 2
x3 <- 0x00000002


mem[X,0x8002E250] -> 0x006F
mem[X,0x8002E252] -> 0x00C0
[4034] [M]: 0x8002E250 (0x00C0006F) jal zero, 12


mem[X,0x8002E25C] -> 0x2623
mem[X,0x8002E25E] -> 0x6631
[4035] [M]: 0x8002E25C (0x66312623) sw gp, 1644(sp)
mem[0x8004A8D0] <- 0x00000002


mem[X,0x8002E260] -> 0x3537
mem[X,0x8002E262] -> 0x3333
[4036] [M]: 0x8002E260 (0x33333537) lui a0, 209715
x10 <- 0x33333000


mem[X,0x8002E264] -> 0x0513
mem[X,0x8002E266] -> 0x3325
[4037] [M]: 0x8002E264 (0x33250513) addi a0, a0, 818
x10 <- 0x33333332


mem[X,0x8002E268] -> 0xB5B7
mem[X,0x8002E26A] -> 0x0000
[4038] [M]: 0x8002E268 (0x0000B5B7) lui a1, 11
x11 <- 0x0000B000


mem[X,0x8002E26C] -> 0x8593
mem[X,0x8002E26E] -> 0x5045
[4039] [M]: 0x8002E26C (0x50458593) addi a1, a1, 1284
x11 <- 0x0000B504


mem[X,0x8002E270] -> 0x0193
mem[X,0x8002E272] -> 0x0000
[4040] [M]: 0x8002E270 (0x00000193) addi gp, zero, 0
x3 <- 0x00000000


mem[X,0x8002E274] -> 0x006F
mem[X,0x8002E276] -> 0x00C0
[4041] [M]: 0x8002E274 (0x00C0006F) jal zero, 12


mem[X,0x8002E280] -> 0x7063
mem[X,0x8002E282] -> 0x04B5
[4042] [M]: 0x8002E280 (0x04B57063) bgeu a0, a1, 64


mem[X,0x8002E2C0] -> 0x8193
mem[X,0x8002E2C2] -> 0x0031
[4043] [M]: 0x8002E2C0 (0x00318193) addi gp, gp, 3
x3 <- 0x00000003


mem[X,0x8002E2C4] -> 0x006F
mem[X,0x8002E2C6] -> 0x0040
[4044] [M]: 0x8002E2C4 (0x0040006F) jal zero, 4


mem[X,0x8002E2C8] -> 0x2823
mem[X,0x8002E2CA] -> 0x6631
[4045] [M]: 0x8002E2C8 (0x66312823) sw gp, 1648(sp)
mem[0x8004A8D4] <- 0x00000003


mem[X,0x8002E2CC] -> 0x3537
mem[X,0x8002E2CE] -> 0x3333
[4046] [M]: 0x8002E2CC (0x33333537) lui a0, 209715
x10 <- 0x33333000


mem[X,0x8002E2D0] -> 0x0513
mem[X,0x8002E2D2] -> 0x3325
[4047] [M]: 0x8002E2D0 (0x33250513) addi a0, a0, 818
x10 <- 0x33333332


mem[X,0x8002E2D4] -> 0x0593
mem[X,0x8002E2D6] -> 0x0000
[4048] [M]: 0x8002E2D4 (0x00000593) addi a1, zero, 0
x11 <- 0x00000000


mem[X,0x8002E2D8] -> 0x0193
mem[X,0x8002E2DA] -> 0x0000
[4049] [M]: 0x8002E2D8 (0x00000193) addi gp, zero, 0
x3 <- 0x00000000


mem[X,0x8002E2DC] -> 0x006F
mem[X,0x8002E2DE] -> 0x00C0
[4050] [M]: 0x8002E2DC (0x00C0006F) jal zero, 12


mem[X,0x8002E2E8] -> 0x7CE3
mem[X,0x8002E2EA] -> 0xFEB5
[4051] [M]: 0x8002E2E8 (0xFEB57CE3) bgeu a0, a1, 8184


mem[X,0x8002E2E0] -> 0x8193
mem[X,0x8002E2E2] -> 0x0011
[4052] [M]: 0x8002E2E0 (0x00118193) addi gp, gp, 1
x3 <- 0x00000001


mem[X,0x8002E2E4] -> 0x006F
mem[X,0x8002E2E6] -> 0x0180
[4053] [M]: 0x8002E2E4 (0x0180006F) jal zero, 24


mem[X,0x8002E2FC] -> 0x2A23
mem[X,0x8002E2FE] -> 0x6631
[4054] [M]: 0x8002E2FC (0x66312A23) sw gp, 1652(sp)
mem[0x8004A8D8] <- 0x00000001


mem[X,0x8002E300] -> 0x3537
mem[X,0x8002E302] -> 0x3333
[4055] [M]: 0x8002E300 (0x33333537) lui a0, 209715
x10 <- 0x33333000


mem[X,0x8002E304] -> 0x0513
mem[X,0x8002E306] -> 0x3325
[4056] [M]: 0x8002E304 (0x33250513) addi a0, a0, 818
x10 <- 0x33333332


mem[X,0x8002E308] -> 0x05B7
mem[X,0x8002E30A] -> 0x0001
[4057] [M]: 0x8002E308 (0x000105B7) lui a1, 16
x11 <- 0x00010000


mem[X,0x8002E30C] -> 0x8593
mem[X,0x8002E30E] -> 0xFFF5
[4058] [M]: 0x8002E30C (0xFFF58593) addi a1, a1, 4095
x11 <- 0x0000FFFF


mem[X,0x8002E310] -> 0x0193
mem[X,0x8002E312] -> 0x0000
[4059] [M]: 0x8002E310 (0x00000193) addi gp, zero, 0
x3 <- 0x00000000


mem[X,0x8002E314] -> 0x006F
mem[X,0x8002E316] -> 0x00C0
[4060] [M]: 0x8002E314 (0x00C0006F) jal zero, 12


mem[X,0x8002E320] -> 0x7663
mem[X,0x8002E322] -> 0x00B5
[4061] [M]: 0x8002E320 (0x00B57663) bgeu a0, a1, 12


mem[X,0x8002E32C] -> 0x8193
mem[X,0x8002E32E] -> 0x0031
[4062] [M]: 0x8002E32C (0x00318193) addi gp, gp, 3
x3 <- 0x00000003


mem[X,0x8002E330] -> 0x006F
mem[X,0x8002E332] -> 0x0040
[4063] [M]: 0x8002E330 (0x0040006F) jal zero, 4


mem[X,0x8002E334] -> 0x2C23
mem[X,0x8002E336] -> 0x6631
[4064] [M]: 0x8002E334 (0x66312C23) sw gp, 1656(sp)
mem[0x8004A8DC] <- 0x00000003


mem[X,0x8002E338] -> 0x3537
mem[X,0x8002E33A] -> 0x3333
[4065] [M]: 0x8002E338 (0x33333537) lui a0, 209715
x10 <- 0x33333000


mem[X,0x8002E33C] -> 0x0513
mem[X,0x8002E33E] -> 0x3325
[4066] [M]: 0x8002E33C (0x33250513) addi a0, a0, 818
x10 <- 0x33333332


mem[X,0x8002E340] -> 0x0593
mem[X,0x8002E342] -> 0x0020
[4067] [M]: 0x8002E340 (0x00200593) addi a1, zero, 2
x11 <- 0x00000002


mem[X,0x8002E344] -> 0x0193
mem[X,0x8002E346] -> 0x0000
[4068] [M]: 0x8002E344 (0x00000193) addi gp, zero, 0
x3 <- 0x00000000


mem[X,0x8002E348] -> 0x006F
mem[X,0x8002E34A] -> 0x0050
[4069] [M]: 0x8002E348 (0x0050006F) jal zero, 2052


mem[X,0x8002EB4C] -> 0x70E3
mem[X,0x8002EB4E] -> 0x80B5
[4070] [M]: 0x8002EB4C (0x80B570E3) bgeu a0, a1, 6144


mem[X,0x8002E34C] -> 0x8193
mem[X,0x8002E34E] -> 0x0011
[4071] [M]: 0x8002E34C (0x00118193) addi gp, gp, 1
x3 <- 0x00000001


mem[X,0x8002E350] -> 0x006F
mem[X,0x8002E352] -> 0x0110
[4072] [M]: 0x8002E350 (0x0110006F) jal zero, 2064


mem[X,0x8002EB60] -> 0x2E23
mem[X,0x8002EB62] -> 0x6631
[4073] [M]: 0x8002EB60 (0x66312E23) sw gp, 1660(sp)
mem[0x8004A8E0] <- 0x00000001


mem[X,0x8002EB64] -> 0x3537
mem[X,0x8002EB66] -> 0x3333
[4074] [M]: 0x8002EB64 (0x33333537) lui a0, 209715
x10 <- 0x33333000


mem[X,0x8002EB68] -> 0x0513
mem[X,0x8002EB6A] -> 0x3325
[4075] [M]: 0x8002EB68 (0x33250513) addi a0, a0, 818
x10 <- 0x33333332


mem[X,0x8002EB6C] -> 0x55B7
mem[X,0x8002EB6E] -> 0x5555
[4076] [M]: 0x8002EB6C (0x555555B7) lui a1, 349525
x11 <- 0x55555000


mem[X,0x8002EB70] -> 0x8593
mem[X,0x8002EB72] -> 0x5545
[4077] [M]: 0x8002EB70 (0x55458593) addi a1, a1, 1364
x11 <- 0x55555554


mem[X,0x8002EB74] -> 0x0193
mem[X,0x8002EB76] -> 0x0000
[4078] [M]: 0x8002EB74 (0x00000193) addi gp, zero, 0
x3 <- 0x00000000


mem[X,0x8002EB78] -> 0x006F
mem[X,0x8002EB7A] -> 0x00C0
[4079] [M]: 0x8002EB78 (0x00C0006F) jal zero, 12


mem[X,0x8002EB84] -> 0x7CE3
mem[X,0x8002EB86] -> 0xFEB5
[4080] [M]: 0x8002EB84 (0xFEB57CE3) bgeu a0, a1, 8184


mem[X,0x8002EB88] -> 0x8193
mem[X,0x8002EB8A] -> 0x0021
[4081] [M]: 0x8002EB88 (0x00218193) addi gp, gp, 2
x3 <- 0x00000002


mem[X,0x8002EB8C] -> 0x006F
mem[X,0x8002EB8E] -> 0x00C0
[4082] [M]: 0x8002EB8C (0x00C0006F) jal zero, 12


mem[X,0x8002EB98] -> 0x2023
mem[X,0x8002EB9A] -> 0x6831
[4083] [M]: 0x8002EB98 (0x68312023) sw gp, 1664(sp)
mem[0x8004A8E4] <- 0x00000002


mem[X,0x8002EB9C] -> 0x3537
mem[X,0x8002EB9E] -> 0x3333
[4084] [M]: 0x8002EB9C (0x33333537) lui a0, 209715
x10 <- 0x33333000


mem[X,0x8002EBA0] -> 0x0513
mem[X,0x8002EBA2] -> 0x3325
[4085] [M]: 0x8002EBA0 (0x33250513) addi a0, a0, 818
x10 <- 0x33333332


mem[X,0x8002EBA4] -> 0xB5B7
mem[X,0x8002EBA6] -> 0xAAAA
[4086] [M]: 0x8002EBA4 (0xAAAAB5B7) lui a1, 699051
x11 <- 0xAAAAB000


mem[X,0x8002EBA8] -> 0x8593
mem[X,0x8002EBAA] -> 0xAA95
[4087] [M]: 0x8002EBA8 (0xAA958593) addi a1, a1, 2729
x11 <- 0xAAAAAAA9


mem[X,0x8002EBAC] -> 0x0193
mem[X,0x8002EBAE] -> 0x0000
[4088] [M]: 0x8002EBAC (0x00000193) addi gp, zero, 0
x3 <- 0x00000000


mem[X,0x8002EBB0] -> 0x006F
mem[X,0x8002EBB2] -> 0x00C0
[4089] [M]: 0x8002EBB0 (0x00C0006F) jal zero, 12


mem[X,0x8002EBBC] -> 0x7CE3
mem[X,0x8002EBBE] -> 0xFEB5
[4090] [M]: 0x8002EBBC (0xFEB57CE3) bgeu a0, a1, 8184


mem[X,0x8002EBC0] -> 0x8193
mem[X,0x8002EBC2] -> 0x0021
[4091] [M]: 0x8002EBC0 (0x00218193) addi gp, gp, 2
x3 <- 0x00000002


mem[X,0x8002EBC4] -> 0x006F
mem[X,0x8002EBC6] -> 0x00C0
[4092] [M]: 0x8002EBC4 (0x00C0006F) jal zero, 12


mem[X,0x8002EBD0] -> 0x2223
mem[X,0x8002EBD2] -> 0x6831
[4093] [M]: 0x8002EBD0 (0x68312223) sw gp, 1668(sp)
mem[0x8004A8E8] <- 0x00000002


mem[X,0x8002EBD4] -> 0x3537
mem[X,0x8002EBD6] -> 0x3333
[4094] [M]: 0x8002EBD4 (0x33333537) lui a0, 209715
x10 <- 0x33333000


mem[X,0x8002EBD8] -> 0x0513
mem[X,0x8002EBDA] -> 0x3325
[4095] [M]: 0x8002EBD8 (0x33250513) addi a0, a0, 818
x10 <- 0x33333332


mem[X,0x8002EBDC] -> 0x0593
mem[X,0x8002EBDE] -> 0x0040
[4096] [M]: 0x8002EBDC (0x00400593) addi a1, zero, 4
x11 <- 0x00000004


mem[X,0x8002EBE0] -> 0x0193
mem[X,0x8002EBE2] -> 0x0000
[4097] [M]: 0x8002EBE0 (0x00000193) addi gp, zero, 0
x3 <- 0x00000000


mem[X,0x8002EBE4] -> 0x006F
mem[X,0x8002EBE6] -> 0x00C0
[4098] [M]: 0x8002EBE4 (0x00C0006F) jal zero, 12


mem[X,0x8002EBF0] -> 0x7CE3
mem[X,0x8002EBF2] -> 0xFEB5
[4099] [M]: 0x8002EBF0 (0xFEB57CE3) bgeu a0, a1, 8184


clint::tick mtime <- 0x0000000000000029
 clint timer pending at mtime 0x0000000000000029
htif::tick 0x0000000000000000
mem[X,0x8002EBE8] -> 0x8193
mem[X,0x8002EBEA] -> 0x0011
[4100] [M]: 0x8002EBE8 (0x00118193) addi gp, gp, 1
x3 <- 0x00000001


mem[X,0x8002EBEC] -> 0x006F
mem[X,0x8002EBEE] -> 0x0180
[4101] [M]: 0x8002EBEC (0x0180006F) jal zero, 24


mem[X,0x8002EC04] -> 0x2423
mem[X,0x8002EC06] -> 0x6831
[4102] [M]: 0x8002EC04 (0x68312423) sw gp, 1672(sp)
mem[0x8004A8EC] <- 0x00000001


mem[X,0x8002EC08] -> 0x3537
mem[X,0x8002EC0A] -> 0x3333
[4103] [M]: 0x8002EC08 (0x33333537) lui a0, 209715
x10 <- 0x33333000


mem[X,0x8002EC0C] -> 0x0513
mem[X,0x8002EC0E] -> 0x3325
[4104] [M]: 0x8002EC0C (0x33250513) addi a0, a0, 818
x10 <- 0x33333332


mem[X,0x8002EC10] -> 0x35B7
mem[X,0x8002EC12] -> 0x3333
[4105] [M]: 0x8002EC10 (0x333335B7) lui a1, 209715
x11 <- 0x33333000


mem[X,0x8002EC14] -> 0x8593
mem[X,0x8002EC16] -> 0x3325
[4106] [M]: 0x8002EC14 (0x33258593) addi a1, a1, 818
x11 <- 0x33333332


mem[X,0x8002EC18] -> 0x0193
mem[X,0x8002EC1A] -> 0x0000
[4107] [M]: 0x8002EC18 (0x00000193) addi gp, zero, 0
x3 <- 0x00000000


mem[X,0x8002EC1C] -> 0x006F
mem[X,0x8002EC1E] -> 0x00C0
[4108] [M]: 0x8002EC1C (0x00C0006F) jal zero, 12


mem[X,0x8002EC28] -> 0x7663
mem[X,0x8002EC2A] -> 0x00B5
[4109] [M]: 0x8002EC28 (0x00B57663) bgeu a0, a1, 12


mem[X,0x8002EC34] -> 0x8193
mem[X,0x8002EC36] -> 0x0031
[4110] [M]: 0x8002EC34 (0x00318193) addi gp, gp, 3
x3 <- 0x00000003


mem[X,0x8002EC38] -> 0x006F
mem[X,0x8002EC3A] -> 0x0040
[4111] [M]: 0x8002EC38 (0x0040006F) jal zero, 4


mem[X,0x8002EC3C] -> 0x2623
mem[X,0x8002EC3E] -> 0x6831
[4112] [M]: 0x8002EC3C (0x68312623) sw gp, 1676(sp)
mem[0x8004A8F0] <- 0x00000003


mem[X,0x8002EC40] -> 0x3537
mem[X,0x8002EC42] -> 0x3333
[4113] [M]: 0x8002EC40 (0x33333537) lui a0, 209715
x10 <- 0x33333000


mem[X,0x8002EC44] -> 0x0513
mem[X,0x8002EC46] -> 0x3325
[4114] [M]: 0x8002EC44 (0x33250513) addi a0, a0, 818
x10 <- 0x33333332


mem[X,0x8002EC48] -> 0x65B7
mem[X,0x8002EC4A] -> 0x6666
[4115] [M]: 0x8002EC48 (0x666665B7) lui a1, 419430
x11 <- 0x66666000


mem[X,0x8002EC4C] -> 0x8593
mem[X,0x8002EC4E] -> 0x6655
[4116] [M]: 0x8002EC4C (0x66558593) addi a1, a1, 1637
x11 <- 0x66666665


mem[X,0x8002EC50] -> 0x0193
mem[X,0x8002EC52] -> 0x0000
[4117] [M]: 0x8002EC50 (0x00000193) addi gp, zero, 0
x3 <- 0x00000000


mem[X,0x8002EC54] -> 0x006F
mem[X,0x8002EC56] -> 0x00C0
[4118] [M]: 0x8002EC54 (0x00C0006F) jal zero, 12


mem[X,0x8002EC60] -> 0x7CE3
mem[X,0x8002EC62] -> 0xFEB5
[4119] [M]: 0x8002EC60 (0xFEB57CE3) bgeu a0, a1, 8184


mem[X,0x8002EC64] -> 0x8193
mem[X,0x8002EC66] -> 0x0021
[4120] [M]: 0x8002EC64 (0x00218193) addi gp, gp, 2
x3 <- 0x00000002


mem[X,0x8002EC68] -> 0x006F
mem[X,0x8002EC6A] -> 0x00C0
[4121] [M]: 0x8002EC68 (0x00C0006F) jal zero, 12


mem[X,0x8002EC74] -> 0x2823
mem[X,0x8002EC76] -> 0x6831
[4122] [M]: 0x8002EC74 (0x68312823) sw gp, 1680(sp)
mem[0x8004A8F4] <- 0x00000002


mem[X,0x8002EC78] -> 0x3537
mem[X,0x8002EC7A] -> 0x3333
[4123] [M]: 0x8002EC78 (0x33333537) lui a0, 209715
x10 <- 0x33333000


mem[X,0x8002EC7C] -> 0x0513
mem[X,0x8002EC7E] -> 0x3325
[4124] [M]: 0x8002EC7C (0x33250513) addi a0, a0, 818
x10 <- 0x33333332


mem[X,0x8002EC80] -> 0xB5B7
mem[X,0x8002EC82] -> 0x0000
[4125] [M]: 0x8002EC80 (0x0000B5B7) lui a1, 11
x11 <- 0x0000B000


mem[X,0x8002EC84] -> 0x8593
mem[X,0x8002EC86] -> 0x5035
[4126] [M]: 0x8002EC84 (0x50358593) addi a1, a1, 1283
x11 <- 0x0000B503


mem[X,0x8002EC88] -> 0x0193
mem[X,0x8002EC8A] -> 0x0000
[4127] [M]: 0x8002EC88 (0x00000193) addi gp, zero, 0
x3 <- 0x00000000


mem[X,0x8002EC8C] -> 0x006F
mem[X,0x8002EC8E] -> 0x00C0
[4128] [M]: 0x8002EC8C (0x00C0006F) jal zero, 12


mem[X,0x8002EC98] -> 0x7063
mem[X,0x8002EC9A] -> 0x40B5
[4129] [M]: 0x8002EC98 (0x40B57063) bgeu a0, a1, 1024


mem[X,0x8002F098] -> 0x8193
mem[X,0x8002F09A] -> 0x0031
[4130] [M]: 0x8002F098 (0x00318193) addi gp, gp, 3
x3 <- 0x00000003


mem[X,0x8002F09C] -> 0x006F
mem[X,0x8002F09E] -> 0x0040
[4131] [M]: 0x8002F09C (0x0040006F) jal zero, 4


mem[X,0x8002F0A0] -> 0x2A23
mem[X,0x8002F0A2] -> 0x6831
[4132] [M]: 0x8002F0A0 (0x68312A23) sw gp, 1684(sp)
mem[0x8004A8F8] <- 0x00000003


mem[X,0x8002F0A4] -> 0x3537
mem[X,0x8002F0A6] -> 0x3333
[4133] [M]: 0x8002F0A4 (0x33333537) lui a0, 209715
x10 <- 0x33333000


mem[X,0x8002F0A8] -> 0x0513
mem[X,0x8002F0AA] -> 0x3325
[4134] [M]: 0x8002F0A8 (0x33250513) addi a0, a0, 818
x10 <- 0x33333332


mem[X,0x8002F0AC] -> 0x05B7
mem[X,0x8002F0AE] -> 0x0001
[4135] [M]: 0x8002F0AC (0x000105B7) lui a1, 16
x11 <- 0x00010000


mem[X,0x8002F0B0] -> 0x8593
mem[X,0x8002F0B2] -> 0xFFE5
[4136] [M]: 0x8002F0B0 (0xFFE58593) addi a1, a1, 4094
x11 <- 0x0000FFFE


mem[X,0x8002F0B4] -> 0x0193
mem[X,0x8002F0B6] -> 0x0000
[4137] [M]: 0x8002F0B4 (0x00000193) addi gp, zero, 0
x3 <- 0x00000000


mem[X,0x8002F0B8] -> 0x006F
mem[X,0x8002F0BA] -> 0x00C0
[4138] [M]: 0x8002F0B8 (0x00C0006F) jal zero, 12


mem[X,0x8002F0C4] -> 0x7063
mem[X,0x8002F0C6] -> 0x04B5
[4139] [M]: 0x8002F0C4 (0x04B57063) bgeu a0, a1, 64


mem[X,0x8002F104] -> 0x8193
mem[X,0x8002F106] -> 0x0031
[4140] [M]: 0x8002F104 (0x00318193) addi gp, gp, 3
x3 <- 0x00000003


mem[X,0x8002F108] -> 0x006F
mem[X,0x8002F10A] -> 0x0040
[4141] [M]: 0x8002F108 (0x0040006F) jal zero, 4


mem[X,0x8002F10C] -> 0x2C23
mem[X,0x8002F10E] -> 0x6831
[4142] [M]: 0x8002F10C (0x68312C23) sw gp, 1688(sp)
mem[0x8004A8FC] <- 0x00000003


mem[X,0x8002F110] -> 0x3537
mem[X,0x8002F112] -> 0x3333
[4143] [M]: 0x8002F110 (0x33333537) lui a0, 209715
x10 <- 0x33333000


mem[X,0x8002F114] -> 0x0513
mem[X,0x8002F116] -> 0x3325
[4144] [M]: 0x8002F114 (0x33250513) addi a0, a0, 818
x10 <- 0x33333332


mem[X,0x8002F118] -> 0x55B7
mem[X,0x8002F11A] -> 0x5555
[4145] [M]: 0x8002F118 (0x555555B7) lui a1, 349525
x11 <- 0x55555000


mem[X,0x8002F11C] -> 0x8593
mem[X,0x8002F11E] -> 0x5565
[4146] [M]: 0x8002F11C (0x55658593) addi a1, a1, 1366
x11 <- 0x55555556


mem[X,0x8002F120] -> 0x0193
mem[X,0x8002F122] -> 0x0000
[4147] [M]: 0x8002F120 (0x00000193) addi gp, zero, 0
x3 <- 0x00000000


mem[X,0x8002F124] -> 0x006F
mem[X,0x8002F126] -> 0x0050
[4148] [M]: 0x8002F124 (0x0050006F) jal zero, 2052


mem[X,0x8002F928] -> 0x70E3
mem[X,0x8002F92A] -> 0x80B5
[4149] [M]: 0x8002F928 (0x80B570E3) bgeu a0, a1, 6144


mem[X,0x8002F92C] -> 0x8193
mem[X,0x8002F92E] -> 0x0021
[4150] [M]: 0x8002F92C (0x00218193) addi gp, gp, 2
x3 <- 0x00000002


mem[X,0x8002F930] -> 0x006F
mem[X,0x8002F932] -> 0x00C0
[4151] [M]: 0x8002F930 (0x00C0006F) jal zero, 12


mem[X,0x8002F93C] -> 0x2E23
mem[X,0x8002F93E] -> 0x6831
[4152] [M]: 0x8002F93C (0x68312E23) sw gp, 1692(sp)
mem[0x8004A900] <- 0x00000002


mem[X,0x8002F940] -> 0x3537
mem[X,0x8002F942] -> 0x3333
[4153] [M]: 0x8002F940 (0x33333537) lui a0, 209715
x10 <- 0x33333000


mem[X,0x8002F944] -> 0x0513
mem[X,0x8002F946] -> 0x3325
[4154] [M]: 0x8002F944 (0x33250513) addi a0, a0, 818
x10 <- 0x33333332


mem[X,0x8002F948] -> 0xB5B7
mem[X,0x8002F94A] -> 0xAAAA
[4155] [M]: 0x8002F948 (0xAAAAB5B7) lui a1, 699051
x11 <- 0xAAAAB000


mem[X,0x8002F94C] -> 0x8593
mem[X,0x8002F94E] -> 0xAAB5
[4156] [M]: 0x8002F94C (0xAAB58593) addi a1, a1, 2731
x11 <- 0xAAAAAAAB


mem[X,0x8002F950] -> 0x0193
mem[X,0x8002F952] -> 0x0000
[4157] [M]: 0x8002F950 (0x00000193) addi gp, zero, 0
x3 <- 0x00000000


mem[X,0x8002F954] -> 0x006F
mem[X,0x8002F956] -> 0x00C0
[4158] [M]: 0x8002F954 (0x00C0006F) jal zero, 12


mem[X,0x8002F960] -> 0x7663
mem[X,0x8002F962] -> 0x00B5
[4159] [M]: 0x8002F960 (0x00B57663) bgeu a0, a1, 12


mem[X,0x8002F964] -> 0x8193
mem[X,0x8002F966] -> 0x0021
[4160] [M]: 0x8002F964 (0x00218193) addi gp, gp, 2
x3 <- 0x00000002


mem[X,0x8002F968] -> 0x006F
mem[X,0x8002F96A] -> 0x00C0
[4161] [M]: 0x8002F968 (0x00C0006F) jal zero, 12


mem[X,0x8002F974] -> 0x2023
mem[X,0x8002F976] -> 0x6A31
[4162] [M]: 0x8002F974 (0x6A312023) sw gp, 1696(sp)
mem[0x8004A904] <- 0x00000002


mem[X,0x8002F978] -> 0x3537
mem[X,0x8002F97A] -> 0x3333
[4163] [M]: 0x8002F978 (0x33333537) lui a0, 209715
x10 <- 0x33333000


mem[X,0x8002F97C] -> 0x0513
mem[X,0x8002F97E] -> 0x3325
[4164] [M]: 0x8002F97C (0x33250513) addi a0, a0, 818
x10 <- 0x33333332


mem[X,0x8002F980] -> 0x0593
mem[X,0x8002F982] -> 0x0060
[4165] [M]: 0x8002F980 (0x00600593) addi a1, zero, 6
x11 <- 0x00000006


mem[X,0x8002F984] -> 0x0193
mem[X,0x8002F986] -> 0x0000
[4166] [M]: 0x8002F984 (0x00000193) addi gp, zero, 0
x3 <- 0x00000000


mem[X,0x8002F988] -> 0x006F
mem[X,0x8002F98A] -> 0x00C0
[4167] [M]: 0x8002F988 (0x00C0006F) jal zero, 12


mem[X,0x8002F994] -> 0x7CE3
mem[X,0x8002F996] -> 0xFEB5
[4168] [M]: 0x8002F994 (0xFEB57CE3) bgeu a0, a1, 8184


mem[X,0x8002F98C] -> 0x8193
mem[X,0x8002F98E] -> 0x0011
[4169] [M]: 0x8002F98C (0x00118193) addi gp, gp, 1
x3 <- 0x00000001


mem[X,0x8002F990] -> 0x006F
mem[X,0x8002F992] -> 0x0180
[4170] [M]: 0x8002F990 (0x0180006F) jal zero, 24


mem[X,0x8002F9A8] -> 0x2223
mem[X,0x8002F9AA] -> 0x6A31
[4171] [M]: 0x8002F9A8 (0x6A312223) sw gp, 1700(sp)
mem[0x8004A908] <- 0x00000001


mem[X,0x8002F9AC] -> 0x3537
mem[X,0x8002F9AE] -> 0x3333
[4172] [M]: 0x8002F9AC (0x33333537) lui a0, 209715
x10 <- 0x33333000


mem[X,0x8002F9B0] -> 0x0513
mem[X,0x8002F9B2] -> 0x3325
[4173] [M]: 0x8002F9B0 (0x33250513) addi a0, a0, 818
x10 <- 0x33333332


mem[X,0x8002F9B4] -> 0x35B7
mem[X,0x8002F9B6] -> 0x3333
[4174] [M]: 0x8002F9B4 (0x333335B7) lui a1, 209715
x11 <- 0x33333000


mem[X,0x8002F9B8] -> 0x8593
mem[X,0x8002F9BA] -> 0x3345
[4175] [M]: 0x8002F9B8 (0x33458593) addi a1, a1, 820
x11 <- 0x33333334


mem[X,0x8002F9BC] -> 0x0193
mem[X,0x8002F9BE] -> 0x0000
[4176] [M]: 0x8002F9BC (0x00000193) addi gp, zero, 0
x3 <- 0x00000000


mem[X,0x8002F9C0] -> 0x006F
mem[X,0x8002F9C2] -> 0x00C0
[4177] [M]: 0x8002F9C0 (0x00C0006F) jal zero, 12


mem[X,0x8002F9CC] -> 0x7063
mem[X,0x8002F9CE] -> 0x02B5
[4178] [M]: 0x8002F9CC (0x02B57063) bgeu a0, a1, 32


mem[X,0x8002F9D0] -> 0x8193
mem[X,0x8002F9D2] -> 0x0021
[4179] [M]: 0x8002F9D0 (0x00218193) addi gp, gp, 2
x3 <- 0x00000002


mem[X,0x8002F9D4] -> 0x006F
mem[X,0x8002F9D6] -> 0x0200
[4180] [M]: 0x8002F9D4 (0x0200006F) jal zero, 32


mem[X,0x8002F9F4] -> 0x2423
mem[X,0x8002F9F6] -> 0x6A31
[4181] [M]: 0x8002F9F4 (0x6A312423) sw gp, 1704(sp)
mem[0x8004A90C] <- 0x00000002


mem[X,0x8002F9F8] -> 0x3537
mem[X,0x8002F9FA] -> 0x3333
[4182] [M]: 0x8002F9F8 (0x33333537) lui a0, 209715
x10 <- 0x33333000


mem[X,0x8002F9FC] -> 0x0513
mem[X,0x8002F9FE] -> 0x3325
[4183] [M]: 0x8002F9FC (0x33250513) addi a0, a0, 818
x10 <- 0x33333332


mem[X,0x8002FA00] -> 0x65B7
mem[X,0x8002FA02] -> 0x6666
[4184] [M]: 0x8002FA00 (0x666665B7) lui a1, 419430
x11 <- 0x66666000


mem[X,0x8002FA04] -> 0x8593
mem[X,0x8002FA06] -> 0x6675
[4185] [M]: 0x8002FA04 (0x66758593) addi a1, a1, 1639
x11 <- 0x66666667


mem[X,0x8002FA08] -> 0x0193
mem[X,0x8002FA0A] -> 0x0000
[4186] [M]: 0x8002FA08 (0x00000193) addi gp, zero, 0
x3 <- 0x00000000


mem[X,0x8002FA0C] -> 0x006F
mem[X,0x8002FA0E] -> 0x00C0
[4187] [M]: 0x8002FA0C (0x00C0006F) jal zero, 12


mem[X,0x8002FA18] -> 0x7663
mem[X,0x8002FA1A] -> 0x00B5
[4188] [M]: 0x8002FA18 (0x00B57663) bgeu a0, a1, 12


mem[X,0x8002FA1C] -> 0x8193
mem[X,0x8002FA1E] -> 0x0021
[4189] [M]: 0x8002FA1C (0x00218193) addi gp, gp, 2
x3 <- 0x00000002


mem[X,0x8002FA20] -> 0x006F
mem[X,0x8002FA22] -> 0x00C0
[4190] [M]: 0x8002FA20 (0x00C0006F) jal zero, 12


mem[X,0x8002FA2C] -> 0x2623
mem[X,0x8002FA2E] -> 0x6A31
[4191] [M]: 0x8002FA2C (0x6A312623) sw gp, 1708(sp)
mem[0x8004A910] <- 0x00000002


mem[X,0x8002FA30] -> 0x3537
mem[X,0x8002FA32] -> 0x3333
[4192] [M]: 0x8002FA30 (0x33333537) lui a0, 209715
x10 <- 0x33333000


mem[X,0x8002FA34] -> 0x0513
mem[X,0x8002FA36] -> 0x3325
[4193] [M]: 0x8002FA34 (0x33250513) addi a0, a0, 818
x10 <- 0x33333332


mem[X,0x8002FA38] -> 0xB5B7
mem[X,0x8002FA3A] -> 0x0000
[4194] [M]: 0x8002FA38 (0x0000B5B7) lui a1, 11
x11 <- 0x0000B000


mem[X,0x8002FA3C] -> 0x8593
mem[X,0x8002FA3E] -> 0x5055
[4195] [M]: 0x8002FA3C (0x50558593) addi a1, a1, 1285
x11 <- 0x0000B505


mem[X,0x8002FA40] -> 0x0193
mem[X,0x8002FA42] -> 0x0000
[4196] [M]: 0x8002FA40 (0x00000193) addi gp, zero, 0
x3 <- 0x00000000


mem[X,0x8002FA44] -> 0x006F
mem[X,0x8002FA46] -> 0x00C0
[4197] [M]: 0x8002FA44 (0x00C0006F) jal zero, 12


mem[X,0x8002FA50] -> 0x7063
mem[X,0x8002FA52] -> 0x02B5
[4198] [M]: 0x8002FA50 (0x02B57063) bgeu a0, a1, 32


mem[X,0x8002FA70] -> 0x8193
mem[X,0x8002FA72] -> 0x0031
[4199] [M]: 0x8002FA70 (0x00318193) addi gp, gp, 3
x3 <- 0x00000003


clint::tick mtime <- 0x000000000000002A
 clint timer pending at mtime 0x000000000000002A
htif::tick 0x0000000000000000
mem[X,0x8002FA74] -> 0x006F
mem[X,0x8002FA76] -> 0x0040
[4200] [M]: 0x8002FA74 (0x0040006F) jal zero, 4


mem[X,0x8002FA78] -> 0x2823
mem[X,0x8002FA7A] -> 0x6A31
[4201] [M]: 0x8002FA78 (0x6A312823) sw gp, 1712(sp)
mem[0x8004A914] <- 0x00000003


mem[X,0x8002FA7C] -> 0x3537
mem[X,0x8002FA7E] -> 0x3333
[4202] [M]: 0x8002FA7C (0x33333537) lui a0, 209715
x10 <- 0x33333000


mem[X,0x8002FA80] -> 0x0513
mem[X,0x8002FA82] -> 0x3325
[4203] [M]: 0x8002FA80 (0x33250513) addi a0, a0, 818
x10 <- 0x33333332


mem[X,0x8002FA84] -> 0x0593
mem[X,0x8002FA86] -> 0x0010
[4204] [M]: 0x8002FA84 (0x00100593) addi a1, zero, 1
x11 <- 0x00000001


mem[X,0x8002FA88] -> 0x0193
mem[X,0x8002FA8A] -> 0x0000
[4205] [M]: 0x8002FA88 (0x00000193) addi gp, zero, 0
x3 <- 0x00000000


mem[X,0x8002FA8C] -> 0x006F
mem[X,0x8002FA8E] -> 0x00C0
[4206] [M]: 0x8002FA8C (0x00C0006F) jal zero, 12


mem[X,0x8002FA98] -> 0x7063
mem[X,0x8002FA9A] -> 0x10B5
[4207] [M]: 0x8002FA98 (0x10B57063) bgeu a0, a1, 256


mem[X,0x8002FB98] -> 0x8193
mem[X,0x8002FB9A] -> 0x0031
[4208] [M]: 0x8002FB98 (0x00318193) addi gp, gp, 3
x3 <- 0x00000003


mem[X,0x8002FB9C] -> 0x006F
mem[X,0x8002FB9E] -> 0x0040
[4209] [M]: 0x8002FB9C (0x0040006F) jal zero, 4


mem[X,0x8002FBA0] -> 0x2A23
mem[X,0x8002FBA2] -> 0x6A31
[4210] [M]: 0x8002FBA0 (0x6A312A23) sw gp, 1716(sp)
mem[0x8004A918] <- 0x00000003


mem[X,0x8002FBA4] -> 0x3537
mem[X,0x8002FBA6] -> 0x3333
[4211] [M]: 0x8002FBA4 (0x33333537) lui a0, 209715
x10 <- 0x33333000


mem[X,0x8002FBA8] -> 0x0513
mem[X,0x8002FBAA] -> 0x3325
[4212] [M]: 0x8002FBA8 (0x33250513) addi a0, a0, 818
x10 <- 0x33333332


mem[X,0x8002FBAC] -> 0x05B7
mem[X,0x8002FBAE] -> 0x0001
[4213] [M]: 0x8002FBAC (0x000105B7) lui a1, 16
x11 <- 0x00010000


mem[X,0x8002FBB0] -> 0x0193
mem[X,0x8002FBB2] -> 0x0000
[4214] [M]: 0x8002FBB0 (0x00000193) addi gp, zero, 0
x3 <- 0x00000000


mem[X,0x8002FBB4] -> 0x006F
mem[X,0x8002FBB6] -> 0x2B10
[4215] [M]: 0x8002FBB4 (0x2B10006F) jal zero, 2736


mem[X,0x80030664] -> 0x7A63
mem[X,0x80030666] -> 0xD4B5
[4216] [M]: 0x80030664 (0xD4B57A63) bgeu a0, a1, 5460


mem[X,0x8002FBB8] -> 0x8193
mem[X,0x8002FBBA] -> 0x0011
[4217] [M]: 0x8002FBB8 (0x00118193) addi gp, gp, 1
x3 <- 0x00000001


mem[X,0x8002FBBC] -> 0x006F
mem[X,0x8002FBBE] -> 0x2BD0
[4218] [M]: 0x8002FBBC (0x2BD0006F) jal zero, 2748


mem[X,0x80030678] -> 0x2C23
mem[X,0x8003067A] -> 0x6A31
[4219] [M]: 0x80030678 (0x6A312C23) sw gp, 1720(sp)
mem[0x8004A91C] <- 0x00000001


mem[X,0x8003067C] -> 0x6537
mem[X,0x8003067E] -> 0x6666
[4220] [M]: 0x8003067C (0x66666537) lui a0, 419430
x10 <- 0x66666000


mem[X,0x80030680] -> 0x0513
mem[X,0x80030682] -> 0x6655
[4221] [M]: 0x80030680 (0x66550513) addi a0, a0, 1637
x10 <- 0x66666665


mem[X,0x80030684] -> 0x0593
mem[X,0x80030686] -> 0x0030
[4222] [M]: 0x80030684 (0x00300593) addi a1, zero, 3
x11 <- 0x00000003


mem[X,0x80030688] -> 0x0193
mem[X,0x8003068A] -> 0x0000
[4223] [M]: 0x80030688 (0x00000193) addi gp, zero, 0
x3 <- 0x00000000


mem[X,0x8003068C] -> 0x006F
mem[X,0x8003068E] -> 0x00C0
[4224] [M]: 0x8003068C (0x00C0006F) jal zero, 12


mem[X,0x80030698] -> 0x7063
mem[X,0x8003069A] -> 0x40B5
[4225] [M]: 0x80030698 (0x40B57063) bgeu a0, a1, 1024


mem[X,0x80030A98] -> 0x8193
mem[X,0x80030A9A] -> 0x0031
[4226] [M]: 0x80030A98 (0x00318193) addi gp, gp, 3
x3 <- 0x00000003


mem[X,0x80030A9C] -> 0x006F
mem[X,0x80030A9E] -> 0x0040
[4227] [M]: 0x80030A9C (0x0040006F) jal zero, 4


mem[X,0x80030AA0] -> 0x2E23
mem[X,0x80030AA2] -> 0x6A31
[4228] [M]: 0x80030AA0 (0x6A312E23) sw gp, 1724(sp)
mem[0x8004A920] <- 0x00000003


mem[X,0x80030AA4] -> 0x6537
mem[X,0x80030AA6] -> 0x6666
[4229] [M]: 0x80030AA4 (0x66666537) lui a0, 419430
x10 <- 0x66666000


mem[X,0x80030AA8] -> 0x0513
mem[X,0x80030AAA] -> 0x6655
[4230] [M]: 0x80030AA8 (0x66550513) addi a0, a0, 1637
x10 <- 0x66666665


mem[X,0x80030AAC] -> 0x55B7
mem[X,0x80030AAE] -> 0x5555
[4231] [M]: 0x80030AAC (0x555555B7) lui a1, 349525
x11 <- 0x55555000


mem[X,0x80030AB0] -> 0x8593
mem[X,0x80030AB2] -> 0x5555
[4232] [M]: 0x80030AB0 (0x55558593) addi a1, a1, 1365
x11 <- 0x55555555


mem[X,0x80030AB4] -> 0x0193
mem[X,0x80030AB6] -> 0x0000
[4233] [M]: 0x80030AB4 (0x00000193) addi gp, zero, 0
x3 <- 0x00000000


mem[X,0x80030AB8] -> 0x006F
mem[X,0x80030ABA] -> 0x00C0
[4234] [M]: 0x80030AB8 (0x00C0006F) jal zero, 12


mem[X,0x80030AC4] -> 0x7CE3
mem[X,0x80030AC6] -> 0xFEB5
[4235] [M]: 0x80030AC4 (0xFEB57CE3) bgeu a0, a1, 8184


mem[X,0x80030ABC] -> 0x8193
mem[X,0x80030ABE] -> 0x0011
[4236] [M]: 0x80030ABC (0x00118193) addi gp, gp, 1
x3 <- 0x00000001


mem[X,0x80030AC0] -> 0x006F
mem[X,0x80030AC2] -> 0x0180
[4237] [M]: 0x80030AC0 (0x0180006F) jal zero, 24


mem[X,0x80030AD8] -> 0x2023
mem[X,0x80030ADA] -> 0x6C31
[4238] [M]: 0x80030AD8 (0x6C312023) sw gp, 1728(sp)
mem[0x8004A924] <- 0x00000001


mem[X,0x80030ADC] -> 0x6537
mem[X,0x80030ADE] -> 0x6666
[4239] [M]: 0x80030ADC (0x66666537) lui a0, 419430
x10 <- 0x66666000


mem[X,0x80030AE0] -> 0x0513
mem[X,0x80030AE2] -> 0x6655
[4240] [M]: 0x80030AE0 (0x66550513) addi a0, a0, 1637
x10 <- 0x66666665


mem[X,0x80030AE4] -> 0xB5B7
mem[X,0x80030AE6] -> 0xAAAA
[4241] [M]: 0x80030AE4 (0xAAAAB5B7) lui a1, 699051
x11 <- 0xAAAAB000


mem[X,0x80030AE8] -> 0x8593
mem[X,0x80030AEA] -> 0xAAA5
[4242] [M]: 0x80030AE8 (0xAAA58593) addi a1, a1, 2730
x11 <- 0xAAAAAAAA


mem[X,0x80030AEC] -> 0x0193
mem[X,0x80030AEE] -> 0x0000
[4243] [M]: 0x80030AEC (0x00000193) addi gp, zero, 0
x3 <- 0x00000000


mem[X,0x80030AF0] -> 0x006F
mem[X,0x80030AF2] -> 0x2B10
[4244] [M]: 0x80030AF0 (0x2B10006F) jal zero, 2736


mem[X,0x800315A0] -> 0x7A63
mem[X,0x800315A2] -> 0xD4B5
[4245] [M]: 0x800315A0 (0xD4B57A63) bgeu a0, a1, 5460


mem[X,0x800315A4] -> 0x8193
mem[X,0x800315A6] -> 0x0021
[4246] [M]: 0x800315A4 (0x00218193) addi gp, gp, 2
x3 <- 0x00000002


mem[X,0x800315A8] -> 0x006F
mem[X,0x800315AA] -> 0x00C0
[4247] [M]: 0x800315A8 (0x00C0006F) jal zero, 12


mem[X,0x800315B4] -> 0x2223
mem[X,0x800315B6] -> 0x6C31
[4248] [M]: 0x800315B4 (0x6C312223) sw gp, 1732(sp)
mem[0x8004A928] <- 0x00000002


mem[X,0x800315B8] -> 0x6537
mem[X,0x800315BA] -> 0x6666
[4249] [M]: 0x800315B8 (0x66666537) lui a0, 419430
x10 <- 0x66666000


mem[X,0x800315BC] -> 0x0513
mem[X,0x800315BE] -> 0x6655
[4250] [M]: 0x800315BC (0x66550513) addi a0, a0, 1637
x10 <- 0x66666665


mem[X,0x800315C0] -> 0x0593
mem[X,0x800315C2] -> 0x0050
[4251] [M]: 0x800315C0 (0x00500593) addi a1, zero, 5
x11 <- 0x00000005


mem[X,0x800315C4] -> 0x0193
mem[X,0x800315C6] -> 0x0000
[4252] [M]: 0x800315C4 (0x00000193) addi gp, zero, 0
x3 <- 0x00000000


mem[X,0x800315C8] -> 0x006F
mem[X,0x800315CA] -> 0x0100
[4253] [M]: 0x800315C8 (0x0100006F) jal zero, 16


mem[X,0x800315D8] -> 0x7AE3
mem[X,0x800315DA] -> 0xFEB5
[4254] [M]: 0x800315D8 (0xFEB57AE3) bgeu a0, a1, 8180


mem[X,0x800315CC] -> 0x8193
mem[X,0x800315CE] -> 0x0011
[4255] [M]: 0x800315CC (0x00118193) addi gp, gp, 1
x3 <- 0x00000001


mem[X,0x800315D0] -> 0x006F
mem[X,0x800315D2] -> 0x01C0
[4256] [M]: 0x800315D0 (0x01C0006F) jal zero, 28


mem[X,0x800315EC] -> 0x2423
mem[X,0x800315EE] -> 0x6C31
[4257] [M]: 0x800315EC (0x6C312423) sw gp, 1736(sp)
mem[0x8004A92C] <- 0x00000001


mem[X,0x800315F0] -> 0x6537
mem[X,0x800315F2] -> 0x6666
[4258] [M]: 0x800315F0 (0x66666537) lui a0, 419430
x10 <- 0x66666000


mem[X,0x800315F4] -> 0x0513
mem[X,0x800315F6] -> 0x6655
[4259] [M]: 0x800315F4 (0x66550513) addi a0, a0, 1637
x10 <- 0x66666665


mem[X,0x800315F8] -> 0x35B7
mem[X,0x800315FA] -> 0x3333
[4260] [M]: 0x800315F8 (0x333335B7) lui a1, 209715
x11 <- 0x33333000


mem[X,0x800315FC] -> 0x8593
mem[X,0x800315FE] -> 0x3335
[4261] [M]: 0x800315FC (0x33358593) addi a1, a1, 819
x11 <- 0x33333333


mem[X,0x80031600] -> 0x0193
mem[X,0x80031602] -> 0x0000
[4262] [M]: 0x80031600 (0x00000193) addi gp, zero, 0
x3 <- 0x00000000


mem[X,0x80031604] -> 0x006F
mem[X,0x80031606] -> 0x00C0
[4263] [M]: 0x80031604 (0x00C0006F) jal zero, 12


mem[X,0x80031610] -> 0x7063
mem[X,0x80031612] -> 0x20B5
[4264] [M]: 0x80031610 (0x20B57063) bgeu a0, a1, 512


mem[X,0x80031810] -> 0x8193
mem[X,0x80031812] -> 0x0031
[4265] [M]: 0x80031810 (0x00318193) addi gp, gp, 3
x3 <- 0x00000003


mem[X,0x80031814] -> 0x006F
mem[X,0x80031816] -> 0x0040
[4266] [M]: 0x80031814 (0x0040006F) jal zero, 4


mem[X,0x80031818] -> 0x2623
mem[X,0x8003181A] -> 0x6C31
[4267] [M]: 0x80031818 (0x6C312623) sw gp, 1740(sp)
mem[0x8004A930] <- 0x00000003


mem[X,0x8003181C] -> 0x6537
mem[X,0x8003181E] -> 0x6666
[4268] [M]: 0x8003181C (0x66666537) lui a0, 419430
x10 <- 0x66666000


mem[X,0x80031820] -> 0x0513
mem[X,0x80031822] -> 0x6655
[4269] [M]: 0x80031820 (0x66550513) addi a0, a0, 1637
x10 <- 0x66666665


mem[X,0x80031824] -> 0x65B7
mem[X,0x80031826] -> 0x6666
[4270] [M]: 0x80031824 (0x666665B7) lui a1, 419430
x11 <- 0x66666000


mem[X,0x80031828] -> 0x8593
mem[X,0x8003182A] -> 0x6665
[4271] [M]: 0x80031828 (0x66658593) addi a1, a1, 1638
x11 <- 0x66666666


mem[X,0x8003182C] -> 0x0193
mem[X,0x8003182E] -> 0x0000
[4272] [M]: 0x8003182C (0x00000193) addi gp, zero, 0
x3 <- 0x00000000


mem[X,0x80031830] -> 0x006F
mem[X,0x80031832] -> 0x2B10
[4273] [M]: 0x80031830 (0x2B10006F) jal zero, 2736


mem[X,0x800322E0] -> 0x7A63
mem[X,0x800322E2] -> 0xD4B5
[4274] [M]: 0x800322E0 (0xD4B57A63) bgeu a0, a1, 5460


mem[X,0x800322E4] -> 0x8193
mem[X,0x800322E6] -> 0x0021
[4275] [M]: 0x800322E4 (0x00218193) addi gp, gp, 2
x3 <- 0x00000002


mem[X,0x800322E8] -> 0x006F
mem[X,0x800322EA] -> 0x00C0
[4276] [M]: 0x800322E8 (0x00C0006F) jal zero, 12


mem[X,0x800322F4] -> 0x2823
mem[X,0x800322F6] -> 0x6C31
[4277] [M]: 0x800322F4 (0x6C312823) sw gp, 1744(sp)
mem[0x8004A934] <- 0x00000002


mem[X,0x800322F8] -> 0x6537
mem[X,0x800322FA] -> 0x6666
[4278] [M]: 0x800322F8 (0x66666537) lui a0, 419430
x10 <- 0x66666000


mem[X,0x800322FC] -> 0x0513
mem[X,0x800322FE] -> 0x6655
[4279] [M]: 0x800322FC (0x66550513) addi a0, a0, 1637
x10 <- 0x66666665


mem[X,0x80032300] -> 0xB5B7
mem[X,0x80032302] -> 0x0000
[4280] [M]: 0x80032300 (0x0000B5B7) lui a1, 11
x11 <- 0x0000B000


mem[X,0x80032304] -> 0x8593
mem[X,0x80032306] -> 0x5045
[4281] [M]: 0x80032304 (0x50458593) addi a1, a1, 1284
x11 <- 0x0000B504


mem[X,0x80032308] -> 0x0193
mem[X,0x8003230A] -> 0x0000
[4282] [M]: 0x80032308 (0x00000193) addi gp, zero, 0
x3 <- 0x00000000


mem[X,0x8003230C] -> 0x006F
mem[X,0x8003230E] -> 0x00C0
[4283] [M]: 0x8003230C (0x00C0006F) jal zero, 12


mem[X,0x80032318] -> 0x7CE3
mem[X,0x8003231A] -> 0xFEB5
[4284] [M]: 0x80032318 (0xFEB57CE3) bgeu a0, a1, 8184


mem[X,0x80032310] -> 0x8193
mem[X,0x80032312] -> 0x0011
[4285] [M]: 0x80032310 (0x00118193) addi gp, gp, 1
x3 <- 0x00000001


mem[X,0x80032314] -> 0x006F
mem[X,0x80032316] -> 0x0180
[4286] [M]: 0x80032314 (0x0180006F) jal zero, 24


mem[X,0x8003232C] -> 0x2A23
mem[X,0x8003232E] -> 0x6C31
[4287] [M]: 0x8003232C (0x6C312A23) sw gp, 1748(sp)
mem[0x8004A938] <- 0x00000001


mem[X,0x80032330] -> 0x6537
mem[X,0x80032332] -> 0x6666
[4288] [M]: 0x80032330 (0x66666537) lui a0, 419430
x10 <- 0x66666000


mem[X,0x80032334] -> 0x0513
mem[X,0x80032336] -> 0x6655
[4289] [M]: 0x80032334 (0x66550513) addi a0, a0, 1637
x10 <- 0x66666665


mem[X,0x80032338] -> 0x0593
mem[X,0x8003233A] -> 0x0000
[4290] [M]: 0x80032338 (0x00000593) addi a1, zero, 0
x11 <- 0x00000000


mem[X,0x8003233C] -> 0x0193
mem[X,0x8003233E] -> 0x0000
[4291] [M]: 0x8003233C (0x00000193) addi gp, zero, 0
x3 <- 0x00000000


mem[X,0x80032340] -> 0x006F
mem[X,0x80032342] -> 0x0050
[4292] [M]: 0x80032340 (0x0050006F) jal zero, 2052


mem[X,0x80032B44] -> 0x70E3
mem[X,0x80032B46] -> 0x80B5
[4293] [M]: 0x80032B44 (0x80B570E3) bgeu a0, a1, 6144


mem[X,0x80032344] -> 0x8193
mem[X,0x80032346] -> 0x0011
[4294] [M]: 0x80032344 (0x00118193) addi gp, gp, 1
x3 <- 0x00000001


mem[X,0x80032348] -> 0x006F
mem[X,0x8003234A] -> 0x0110
[4295] [M]: 0x80032348 (0x0110006F) jal zero, 2064


mem[X,0x80032B58] -> 0x2C23
mem[X,0x80032B5A] -> 0x6C31
[4296] [M]: 0x80032B58 (0x6C312C23) sw gp, 1752(sp)
mem[0x8004A93C] <- 0x00000001


mem[X,0x80032B5C] -> 0x6537
mem[X,0x80032B5E] -> 0x6666
[4297] [M]: 0x80032B5C (0x66666537) lui a0, 419430
x10 <- 0x66666000


mem[X,0x80032B60] -> 0x0513
mem[X,0x80032B62] -> 0x6655
[4298] [M]: 0x80032B60 (0x66550513) addi a0, a0, 1637
x10 <- 0x66666665


mem[X,0x80032B64] -> 0x05B7
mem[X,0x80032B66] -> 0x0001
[4299] [M]: 0x80032B64 (0x000105B7) lui a1, 16
x11 <- 0x00010000


clint::tick mtime <- 0x000000000000002B
 clint timer pending at mtime 0x000000000000002B
htif::tick 0x0000000000000000
mem[X,0x80032B68] -> 0x8593
mem[X,0x80032B6A] -> 0xFFF5
[4300] [M]: 0x80032B68 (0xFFF58593) addi a1, a1, 4095
x11 <- 0x0000FFFF


mem[X,0x80032B6C] -> 0x0193
mem[X,0x80032B6E] -> 0x0000
[4301] [M]: 0x80032B6C (0x00000193) addi gp, zero, 0
x3 <- 0x00000000


mem[X,0x80032B70] -> 0x006F
mem[X,0x80032B72] -> 0x2B10
[4302] [M]: 0x80032B70 (0x2B10006F) jal zero, 2736


mem[X,0x80033620] -> 0x7A63
mem[X,0x80033622] -> 0xD4B5
[4303] [M]: 0x80033620 (0xD4B57A63) bgeu a0, a1, 5460


mem[X,0x80032B74] -> 0x8193
mem[X,0x80032B76] -> 0x0011
[4304] [M]: 0x80032B74 (0x00118193) addi gp, gp, 1
x3 <- 0x00000001


mem[X,0x80032B78] -> 0x006F
mem[X,0x80032B7A] -> 0x2BD0
[4305] [M]: 0x80032B78 (0x2BD0006F) jal zero, 2748


mem[X,0x80033634] -> 0x2E23
mem[X,0x80033636] -> 0x6C31
[4306] [M]: 0x80033634 (0x6C312E23) sw gp, 1756(sp)
mem[0x8004A940] <- 0x00000001


mem[X,0x80033638] -> 0x6537
mem[X,0x8003363A] -> 0x6666
[4307] [M]: 0x80033638 (0x66666537) lui a0, 419430
x10 <- 0x66666000


mem[X,0x8003363C] -> 0x0513
mem[X,0x8003363E] -> 0x6655
[4308] [M]: 0x8003363C (0x66550513) addi a0, a0, 1637
x10 <- 0x66666665


mem[X,0x80033640] -> 0x0593
mem[X,0x80033642] -> 0x0020
[4309] [M]: 0x80033640 (0x00200593) addi a1, zero, 2
x11 <- 0x00000002


mem[X,0x80033644] -> 0x0193
mem[X,0x80033646] -> 0x0000
[4310] [M]: 0x80033644 (0x00000193) addi gp, zero, 0
x3 <- 0x00000000


mem[X,0x80033648] -> 0x006F
mem[X,0x8003364A] -> 0x2B10
[4311] [M]: 0x80033648 (0x2B10006F) jal zero, 2736


mem[X,0x800340F8] -> 0x7A63
mem[X,0x800340FA] -> 0xD4B5
[4312] [M]: 0x800340F8 (0xD4B57A63) bgeu a0, a1, 5460


mem[X,0x8003364C] -> 0x8193
mem[X,0x8003364E] -> 0x0011
[4313] [M]: 0x8003364C (0x00118193) addi gp, gp, 1
x3 <- 0x00000001


mem[X,0x80033650] -> 0x006F
mem[X,0x80033652] -> 0x2BD0
[4314] [M]: 0x80033650 (0x2BD0006F) jal zero, 2748


mem[X,0x8003410C] -> 0x2023
mem[X,0x8003410E] -> 0x6E31
[4315] [M]: 0x8003410C (0x6E312023) sw gp, 1760(sp)
mem[0x8004A944] <- 0x00000001


mem[X,0x80034110] -> 0x6537
mem[X,0x80034112] -> 0x6666
[4316] [M]: 0x80034110 (0x66666537) lui a0, 419430
x10 <- 0x66666000


mem[X,0x80034114] -> 0x0513
mem[X,0x80034116] -> 0x6655
[4317] [M]: 0x80034114 (0x66550513) addi a0, a0, 1637
x10 <- 0x66666665


mem[X,0x80034118] -> 0x55B7
mem[X,0x8003411A] -> 0x5555
[4318] [M]: 0x80034118 (0x555555B7) lui a1, 349525
x11 <- 0x55555000


mem[X,0x8003411C] -> 0x8593
mem[X,0x8003411E] -> 0x5545
[4319] [M]: 0x8003411C (0x55458593) addi a1, a1, 1364
x11 <- 0x55555554


mem[X,0x80034120] -> 0x0193
mem[X,0x80034122] -> 0x0000
[4320] [M]: 0x80034120 (0x00000193) addi gp, zero, 0
x3 <- 0x00000000


mem[X,0x80034124] -> 0x006F
mem[X,0x80034126] -> 0x00C0
[4321] [M]: 0x80034124 (0x00C0006F) jal zero, 12


mem[X,0x80034130] -> 0x7CE3
mem[X,0x80034132] -> 0xFEB5
[4322] [M]: 0x80034130 (0xFEB57CE3) bgeu a0, a1, 8184


mem[X,0x80034128] -> 0x8193
mem[X,0x8003412A] -> 0x0011
[4323] [M]: 0x80034128 (0x00118193) addi gp, gp, 1
x3 <- 0x00000001


mem[X,0x8003412C] -> 0x006F
mem[X,0x8003412E] -> 0x0180
[4324] [M]: 0x8003412C (0x0180006F) jal zero, 24


mem[X,0x80034144] -> 0x2223
mem[X,0x80034146] -> 0x6E31
[4325] [M]: 0x80034144 (0x6E312223) sw gp, 1764(sp)
mem[0x8004A948] <- 0x00000001


mem[X,0x80034148] -> 0x6537
mem[X,0x8003414A] -> 0x6666
[4326] [M]: 0x80034148 (0x66666537) lui a0, 419430
x10 <- 0x66666000


mem[X,0x8003414C] -> 0x0513
mem[X,0x8003414E] -> 0x6655
[4327] [M]: 0x8003414C (0x66550513) addi a0, a0, 1637
x10 <- 0x66666665


mem[X,0x80034150] -> 0xB5B7
mem[X,0x80034152] -> 0xAAAA
[4328] [M]: 0x80034150 (0xAAAAB5B7) lui a1, 699051
x11 <- 0xAAAAB000


mem[X,0x80034154] -> 0x8593
mem[X,0x80034156] -> 0xAA95
[4329] [M]: 0x80034154 (0xAA958593) addi a1, a1, 2729
x11 <- 0xAAAAAAA9


mem[X,0x80034158] -> 0x0193
mem[X,0x8003415A] -> 0x0000
[4330] [M]: 0x80034158 (0x00000193) addi gp, zero, 0
x3 <- 0x00000000


mem[X,0x8003415C] -> 0x006F
mem[X,0x8003415E] -> 0x00C0
[4331] [M]: 0x8003415C (0x00C0006F) jal zero, 12


mem[X,0x80034168] -> 0x7CE3
mem[X,0x8003416A] -> 0xFEB5
[4332] [M]: 0x80034168 (0xFEB57CE3) bgeu a0, a1, 8184


mem[X,0x8003416C] -> 0x8193
mem[X,0x8003416E] -> 0x0021
[4333] [M]: 0x8003416C (0x00218193) addi gp, gp, 2
x3 <- 0x00000002


mem[X,0x80034170] -> 0x006F
mem[X,0x80034172] -> 0x00C0
[4334] [M]: 0x80034170 (0x00C0006F) jal zero, 12


mem[X,0x8003417C] -> 0x2423
mem[X,0x8003417E] -> 0x6E31
[4335] [M]: 0x8003417C (0x6E312423) sw gp, 1768(sp)
mem[0x8004A94C] <- 0x00000002


mem[X,0x80034180] -> 0x6537
mem[X,0x80034182] -> 0x6666
[4336] [M]: 0x80034180 (0x66666537) lui a0, 419430
x10 <- 0x66666000


mem[X,0x80034184] -> 0x0513
mem[X,0x80034186] -> 0x6655
[4337] [M]: 0x80034184 (0x66550513) addi a0, a0, 1637
x10 <- 0x66666665


mem[X,0x80034188] -> 0x0593
mem[X,0x8003418A] -> 0x0040
[4338] [M]: 0x80034188 (0x00400593) addi a1, zero, 4
x11 <- 0x00000004


mem[X,0x8003418C] -> 0x0193
mem[X,0x8003418E] -> 0x0000
[4339] [M]: 0x8003418C (0x00000193) addi gp, zero, 0
x3 <- 0x00000000


mem[X,0x80034190] -> 0x006F
mem[X,0x80034192] -> 0x00C0
[4340] [M]: 0x80034190 (0x00C0006F) jal zero, 12


mem[X,0x8003419C] -> 0x7663
mem[X,0x8003419E] -> 0x00B5
[4341] [M]: 0x8003419C (0x00B57663) bgeu a0, a1, 12


mem[X,0x800341A8] -> 0x8193
mem[X,0x800341AA] -> 0x0031
[4342] [M]: 0x800341A8 (0x00318193) addi gp, gp, 3
x3 <- 0x00000003


mem[X,0x800341AC] -> 0x006F
mem[X,0x800341AE] -> 0x0040
[4343] [M]: 0x800341AC (0x0040006F) jal zero, 4


mem[X,0x800341B0] -> 0x2623
mem[X,0x800341B2] -> 0x6E31
[4344] [M]: 0x800341B0 (0x6E312623) sw gp, 1772(sp)
mem[0x8004A950] <- 0x00000003


mem[X,0x800341B4] -> 0x6537
mem[X,0x800341B6] -> 0x6666
[4345] [M]: 0x800341B4 (0x66666537) lui a0, 419430
x10 <- 0x66666000


mem[X,0x800341B8] -> 0x0513
mem[X,0x800341BA] -> 0x6655
[4346] [M]: 0x800341B8 (0x66550513) addi a0, a0, 1637
x10 <- 0x66666665


mem[X,0x800341BC] -> 0x35B7
mem[X,0x800341BE] -> 0x3333
[4347] [M]: 0x800341BC (0x333335B7) lui a1, 209715
x11 <- 0x33333000


mem[X,0x800341C0] -> 0x8593
mem[X,0x800341C2] -> 0x3325
[4348] [M]: 0x800341C0 (0x33258593) addi a1, a1, 818
x11 <- 0x33333332


mem[X,0x800341C4] -> 0x0193
mem[X,0x800341C6] -> 0x0000
[4349] [M]: 0x800341C4 (0x00000193) addi gp, zero, 0
x3 <- 0x00000000


mem[X,0x800341C8] -> 0x006F
mem[X,0x800341CA] -> 0x00C0
[4350] [M]: 0x800341C8 (0x00C0006F) jal zero, 12


mem[X,0x800341D4] -> 0x7063
mem[X,0x800341D6] -> 0x20B5
[4351] [M]: 0x800341D4 (0x20B57063) bgeu a0, a1, 512


mem[X,0x800343D4] -> 0x8193
mem[X,0x800343D6] -> 0x0031
[4352] [M]: 0x800343D4 (0x00318193) addi gp, gp, 3
x3 <- 0x00000003


mem[X,0x800343D8] -> 0x006F
mem[X,0x800343DA] -> 0x0040
[4353] [M]: 0x800343D8 (0x0040006F) jal zero, 4


mem[X,0x800343DC] -> 0x2823
mem[X,0x800343DE] -> 0x6E31
[4354] [M]: 0x800343DC (0x6E312823) sw gp, 1776(sp)
mem[0x8004A954] <- 0x00000003


mem[X,0x800343E0] -> 0x6537
mem[X,0x800343E2] -> 0x6666
[4355] [M]: 0x800343E0 (0x66666537) lui a0, 419430
x10 <- 0x66666000


mem[X,0x800343E4] -> 0x0513
mem[X,0x800343E6] -> 0x6655
[4356] [M]: 0x800343E4 (0x66550513) addi a0, a0, 1637
x10 <- 0x66666665


mem[X,0x800343E8] -> 0x65B7
mem[X,0x800343EA] -> 0x6666
[4357] [M]: 0x800343E8 (0x666665B7) lui a1, 419430
x11 <- 0x66666000


mem[X,0x800343EC] -> 0x8593
mem[X,0x800343EE] -> 0x6655
[4358] [M]: 0x800343EC (0x66558593) addi a1, a1, 1637
x11 <- 0x66666665


mem[X,0x800343F0] -> 0x0193
mem[X,0x800343F2] -> 0x0000
[4359] [M]: 0x800343F0 (0x00000193) addi gp, zero, 0
x3 <- 0x00000000


mem[X,0x800343F4] -> 0x006F
mem[X,0x800343F6] -> 0x00C0
[4360] [M]: 0x800343F4 (0x00C0006F) jal zero, 12


mem[X,0x80034400] -> 0x7663
mem[X,0x80034402] -> 0x00B5
[4361] [M]: 0x80034400 (0x00B57663) bgeu a0, a1, 12


mem[X,0x8003440C] -> 0x8193
mem[X,0x8003440E] -> 0x0031
[4362] [M]: 0x8003440C (0x00318193) addi gp, gp, 3
x3 <- 0x00000003


mem[X,0x80034410] -> 0x006F
mem[X,0x80034412] -> 0x0040
[4363] [M]: 0x80034410 (0x0040006F) jal zero, 4


mem[X,0x80034414] -> 0x2A23
mem[X,0x80034416] -> 0x6E31
[4364] [M]: 0x80034414 (0x6E312A23) sw gp, 1780(sp)
mem[0x8004A958] <- 0x00000003


mem[X,0x80034418] -> 0x6537
mem[X,0x8003441A] -> 0x6666
[4365] [M]: 0x80034418 (0x66666537) lui a0, 419430
x10 <- 0x66666000


mem[X,0x8003441C] -> 0x0513
mem[X,0x8003441E] -> 0x6655
[4366] [M]: 0x8003441C (0x66550513) addi a0, a0, 1637
x10 <- 0x66666665


mem[X,0x80034420] -> 0xB5B7
mem[X,0x80034422] -> 0x0000
[4367] [M]: 0x80034420 (0x0000B5B7) lui a1, 11
x11 <- 0x0000B000


mem[X,0x80034424] -> 0x8593
mem[X,0x80034426] -> 0x5035
[4368] [M]: 0x80034424 (0x50358593) addi a1, a1, 1283
x11 <- 0x0000B503


mem[X,0x80034428] -> 0x0193
mem[X,0x8003442A] -> 0x0000
[4369] [M]: 0x80034428 (0x00000193) addi gp, zero, 0
x3 <- 0x00000000


mem[X,0x8003442C] -> 0x006F
mem[X,0x8003442E] -> 0x00C0
[4370] [M]: 0x8003442C (0x00C0006F) jal zero, 12


mem[X,0x80034438] -> 0x7663
mem[X,0x8003443A] -> 0x00B5
[4371] [M]: 0x80034438 (0x00B57663) bgeu a0, a1, 12


mem[X,0x80034444] -> 0x8193
mem[X,0x80034446] -> 0x0031
[4372] [M]: 0x80034444 (0x00318193) addi gp, gp, 3
x3 <- 0x00000003


mem[X,0x80034448] -> 0x006F
mem[X,0x8003444A] -> 0x0040
[4373] [M]: 0x80034448 (0x0040006F) jal zero, 4


mem[X,0x8003444C] -> 0x2C23
mem[X,0x8003444E] -> 0x6E31
[4374] [M]: 0x8003444C (0x6E312C23) sw gp, 1784(sp)
mem[0x8004A95C] <- 0x00000003


mem[X,0x80034450] -> 0x6537
mem[X,0x80034452] -> 0x6666
[4375] [M]: 0x80034450 (0x66666537) lui a0, 419430
x10 <- 0x66666000


mem[X,0x80034454] -> 0x0513
mem[X,0x80034456] -> 0x6655
[4376] [M]: 0x80034454 (0x66550513) addi a0, a0, 1637
x10 <- 0x66666665


mem[X,0x80034458] -> 0x05B7
mem[X,0x8003445A] -> 0x0001
[4377] [M]: 0x80034458 (0x000105B7) lui a1, 16
x11 <- 0x00010000


mem[X,0x8003445C] -> 0x8593
mem[X,0x8003445E] -> 0xFFE5
[4378] [M]: 0x8003445C (0xFFE58593) addi a1, a1, 4094
x11 <- 0x0000FFFE


mem[X,0x80034460] -> 0x0193
mem[X,0x80034462] -> 0x0000
[4379] [M]: 0x80034460 (0x00000193) addi gp, zero, 0
x3 <- 0x00000000


mem[X,0x80034464] -> 0x006F
mem[X,0x80034466] -> 0x00C0
[4380] [M]: 0x80034464 (0x00C0006F) jal zero, 12


mem[X,0x80034470] -> 0x7063
mem[X,0x80034472] -> 0x40B5
[4381] [M]: 0x80034470 (0x40B57063) bgeu a0, a1, 1024


mem[X,0x80034870] -> 0x8193
mem[X,0x80034872] -> 0x0031
[4382] [M]: 0x80034870 (0x00318193) addi gp, gp, 3
x3 <- 0x00000003


mem[X,0x80034874] -> 0x006F
mem[X,0x80034876] -> 0x0040
[4383] [M]: 0x80034874 (0x0040006F) jal zero, 4


mem[X,0x80034878] -> 0x2E23
mem[X,0x8003487A] -> 0x6E31
[4384] [M]: 0x80034878 (0x6E312E23) sw gp, 1788(sp)
mem[0x8004A960] <- 0x00000003


mem[X,0x8003487C] -> 0x6537
mem[X,0x8003487E] -> 0x6666
[4385] [M]: 0x8003487C (0x66666537) lui a0, 419430
x10 <- 0x66666000


mem[X,0x80034880] -> 0x0513
mem[X,0x80034882] -> 0x6655
[4386] [M]: 0x80034880 (0x66550513) addi a0, a0, 1637
x10 <- 0x66666665


mem[X,0x80034884] -> 0x55B7
mem[X,0x80034886] -> 0x5555
[4387] [M]: 0x80034884 (0x555555B7) lui a1, 349525
x11 <- 0x55555000


mem[X,0x80034888] -> 0x8593
mem[X,0x8003488A] -> 0x5565
[4388] [M]: 0x80034888 (0x55658593) addi a1, a1, 1366
x11 <- 0x55555556


mem[X,0x8003488C] -> 0x0193
mem[X,0x8003488E] -> 0x0000
[4389] [M]: 0x8003488C (0x00000193) addi gp, zero, 0
x3 <- 0x00000000


mem[X,0x80034890] -> 0x006F
mem[X,0x80034892] -> 0x0050
[4390] [M]: 0x80034890 (0x0050006F) jal zero, 2052


mem[X,0x80035094] -> 0x70E3
mem[X,0x80035096] -> 0x80B5
[4391] [M]: 0x80035094 (0x80B570E3) bgeu a0, a1, 6144


mem[X,0x80034894] -> 0x8193
mem[X,0x80034896] -> 0x0011
[4392] [M]: 0x80034894 (0x00118193) addi gp, gp, 1
x3 <- 0x00000001


mem[X,0x80034898] -> 0x006F
mem[X,0x8003489A] -> 0x0110
[4393] [M]: 0x80034898 (0x0110006F) jal zero, 2064


mem[X,0x800350A8] -> 0x2023
mem[X,0x800350AA] -> 0x7031
[4394] [M]: 0x800350A8 (0x70312023) sw gp, 1792(sp)
mem[0x8004A964] <- 0x00000001


mem[X,0x800350AC] -> 0x6537
mem[X,0x800350AE] -> 0x6666
[4395] [M]: 0x800350AC (0x66666537) lui a0, 419430
x10 <- 0x66666000


mem[X,0x800350B0] -> 0x0513
mem[X,0x800350B2] -> 0x6655
[4396] [M]: 0x800350B0 (0x66550513) addi a0, a0, 1637
x10 <- 0x66666665


mem[X,0x800350B4] -> 0x0593
mem[X,0x800350B6] -> 0x0010
[4397] [M]: 0x800350B4 (0x00100593) addi a1, zero, 1
x11 <- 0x00000001


mem[X,0x800350B8] -> 0x0193
mem[X,0x800350BA] -> 0x0000
[4398] [M]: 0x800350B8 (0x00000193) addi gp, zero, 0
x3 <- 0x00000000


mem[X,0x800350BC] -> 0x006F
mem[X,0x800350BE] -> 0x00C0
[4399] [M]: 0x800350BC (0x00C0006F) jal zero, 12


clint::tick mtime <- 0x000000000000002C
 clint timer pending at mtime 0x000000000000002C
htif::tick 0x0000000000000000
mem[X,0x800350C8] -> 0x7663
mem[X,0x800350CA] -> 0x00B5
[4400] [M]: 0x800350C8 (0x00B57663) bgeu a0, a1, 12


mem[X,0x800350D4] -> 0x8193
mem[X,0x800350D6] -> 0x0031
[4401] [M]: 0x800350D4 (0x00318193) addi gp, gp, 3
x3 <- 0x00000003


mem[X,0x800350D8] -> 0x006F
mem[X,0x800350DA] -> 0x0040
[4402] [M]: 0x800350D8 (0x0040006F) jal zero, 4


mem[X,0x800350DC] -> 0x2223
mem[X,0x800350DE] -> 0x7031
[4403] [M]: 0x800350DC (0x70312223) sw gp, 1796(sp)
mem[0x8004A968] <- 0x00000003


mem[X,0x800350E0] -> 0x6537
mem[X,0x800350E2] -> 0x6666
[4404] [M]: 0x800350E0 (0x66666537) lui a0, 419430
x10 <- 0x66666000


mem[X,0x800350E4] -> 0x0513
mem[X,0x800350E6] -> 0x6655
[4405] [M]: 0x800350E4 (0x66550513) addi a0, a0, 1637
x10 <- 0x66666665


mem[X,0x800350E8] -> 0x05B7
mem[X,0x800350EA] -> 0x0001
[4406] [M]: 0x800350E8 (0x000105B7) lui a1, 16
x11 <- 0x00010000


mem[X,0x800350EC] -> 0x0193
mem[X,0x800350EE] -> 0x0000
[4407] [M]: 0x800350EC (0x00000193) addi gp, zero, 0
x3 <- 0x00000000


mem[X,0x800350F0] -> 0x006F
mem[X,0x800350F2] -> 0x00C0
[4408] [M]: 0x800350F0 (0x00C0006F) jal zero, 12


mem[X,0x800350FC] -> 0x7663
mem[X,0x800350FE] -> 0x00B5
[4409] [M]: 0x800350FC (0x00B57663) bgeu a0, a1, 12


mem[X,0x80035108] -> 0x8193
mem[X,0x8003510A] -> 0x0031
[4410] [M]: 0x80035108 (0x00318193) addi gp, gp, 3
x3 <- 0x00000003


mem[X,0x8003510C] -> 0x006F
mem[X,0x8003510E] -> 0x0040
[4411] [M]: 0x8003510C (0x0040006F) jal zero, 4


mem[X,0x80035110] -> 0x2423
mem[X,0x80035112] -> 0x7031
[4412] [M]: 0x80035110 (0x70312423) sw gp, 1800(sp)
mem[0x8004A96C] <- 0x00000003


mem[X,0x80035114] -> 0xB537
mem[X,0x80035116] -> 0x0000
[4413] [M]: 0x80035114 (0x0000B537) lui a0, 11
x10 <- 0x0000B000


mem[X,0x80035118] -> 0x0513
mem[X,0x8003511A] -> 0x5035
[4414] [M]: 0x80035118 (0x50350513) addi a0, a0, 1283
x10 <- 0x0000B503


mem[X,0x8003511C] -> 0x0593
mem[X,0x8003511E] -> 0x0030
[4415] [M]: 0x8003511C (0x00300593) addi a1, zero, 3
x11 <- 0x00000003


mem[X,0x80035120] -> 0x0193
mem[X,0x80035122] -> 0x0000
[4416] [M]: 0x80035120 (0x00000193) addi gp, zero, 0
x3 <- 0x00000000


mem[X,0x80035124] -> 0x006F
mem[X,0x80035126] -> 0x00C0
[4417] [M]: 0x80035124 (0x00C0006F) jal zero, 12


mem[X,0x80035130] -> 0x7063
mem[X,0x80035132] -> 0x20B5
[4418] [M]: 0x80035130 (0x20B57063) bgeu a0, a1, 512


mem[X,0x80035330] -> 0x8193
mem[X,0x80035332] -> 0x0031
[4419] [M]: 0x80035330 (0x00318193) addi gp, gp, 3
x3 <- 0x00000003


mem[X,0x80035334] -> 0x006F
mem[X,0x80035336] -> 0x0040
[4420] [M]: 0x80035334 (0x0040006F) jal zero, 4


mem[X,0x80035338] -> 0x2623
mem[X,0x8003533A] -> 0x7031
[4421] [M]: 0x80035338 (0x70312623) sw gp, 1804(sp)
mem[0x8004A970] <- 0x00000003


mem[X,0x8003533C] -> 0xB537
mem[X,0x8003533E] -> 0x0000
[4422] [M]: 0x8003533C (0x0000B537) lui a0, 11
x10 <- 0x0000B000


mem[X,0x80035340] -> 0x0513
mem[X,0x80035342] -> 0x5035
[4423] [M]: 0x80035340 (0x50350513) addi a0, a0, 1283
x10 <- 0x0000B503


mem[X,0x80035344] -> 0x55B7
mem[X,0x80035346] -> 0x5555
[4424] [M]: 0x80035344 (0x555555B7) lui a1, 349525
x11 <- 0x55555000


mem[X,0x80035348] -> 0x8593
mem[X,0x8003534A] -> 0x5555
[4425] [M]: 0x80035348 (0x55558593) addi a1, a1, 1365
x11 <- 0x55555555


mem[X,0x8003534C] -> 0x0193
mem[X,0x8003534E] -> 0x0000
[4426] [M]: 0x8003534C (0x00000193) addi gp, zero, 0
x3 <- 0x00000000


mem[X,0x80035350] -> 0x006F
mem[X,0x80035352] -> 0x00C0
[4427] [M]: 0x80035350 (0x00C0006F) jal zero, 12


mem[X,0x8003535C] -> 0x7063
mem[X,0x8003535E] -> 0x08B5
[4428] [M]: 0x8003535C (0x08B57063) bgeu a0, a1, 128


mem[X,0x80035360] -> 0x8193
mem[X,0x80035362] -> 0x0021
[4429] [M]: 0x80035360 (0x00218193) addi gp, gp, 2
x3 <- 0x00000002


mem[X,0x80035364] -> 0x006F
mem[X,0x80035366] -> 0x0800
[4430] [M]: 0x80035364 (0x0800006F) jal zero, 128


mem[X,0x800353E4] -> 0x2823
mem[X,0x800353E6] -> 0x7031
[4431] [M]: 0x800353E4 (0x70312823) sw gp, 1808(sp)
mem[0x8004A974] <- 0x00000002


mem[X,0x800353E8] -> 0xB537
mem[X,0x800353EA] -> 0x0000
[4432] [M]: 0x800353E8 (0x0000B537) lui a0, 11
x10 <- 0x0000B000


mem[X,0x800353EC] -> 0x0513
mem[X,0x800353EE] -> 0x5035
[4433] [M]: 0x800353EC (0x50350513) addi a0, a0, 1283
x10 <- 0x0000B503


mem[X,0x800353F0] -> 0xB5B7
mem[X,0x800353F2] -> 0xAAAA
[4434] [M]: 0x800353F0 (0xAAAAB5B7) lui a1, 699051
x11 <- 0xAAAAB000


mem[X,0x800353F4] -> 0x8593
mem[X,0x800353F6] -> 0xAAA5
[4435] [M]: 0x800353F4 (0xAAA58593) addi a1, a1, 2730
x11 <- 0xAAAAAAAA


mem[X,0x800353F8] -> 0x0193
mem[X,0x800353FA] -> 0x0000
[4436] [M]: 0x800353F8 (0x00000193) addi gp, zero, 0
x3 <- 0x00000000


mem[X,0x800353FC] -> 0x006F
mem[X,0x800353FE] -> 0x00C0
[4437] [M]: 0x800353FC (0x00C0006F) jal zero, 12


mem[X,0x80035408] -> 0x7863
mem[X,0x8003540A] -> 0x00B5
[4438] [M]: 0x80035408 (0x00B57863) bgeu a0, a1, 16


mem[X,0x8003540C] -> 0x8193
mem[X,0x8003540E] -> 0x0021
[4439] [M]: 0x8003540C (0x00218193) addi gp, gp, 2
x3 <- 0x00000002


mem[X,0x80035410] -> 0x006F
mem[X,0x80035412] -> 0x0100
[4440] [M]: 0x80035410 (0x0100006F) jal zero, 16


mem[X,0x80035420] -> 0x2A23
mem[X,0x80035422] -> 0x7031
[4441] [M]: 0x80035420 (0x70312A23) sw gp, 1812(sp)
mem[0x8004A978] <- 0x00000002


mem[X,0x80035424] -> 0xB537
mem[X,0x80035426] -> 0x0000
[4442] [M]: 0x80035424 (0x0000B537) lui a0, 11
x10 <- 0x0000B000


mem[X,0x80035428] -> 0x0513
mem[X,0x8003542A] -> 0x5035
[4443] [M]: 0x80035428 (0x50350513) addi a0, a0, 1283
x10 <- 0x0000B503


mem[X,0x8003542C] -> 0x0593
mem[X,0x8003542E] -> 0x0050
[4444] [M]: 0x8003542C (0x00500593) addi a1, zero, 5
x11 <- 0x00000005


mem[X,0x80035430] -> 0x0193
mem[X,0x80035432] -> 0x0000
[4445] [M]: 0x80035430 (0x00000193) addi gp, zero, 0
x3 <- 0x00000000


mem[X,0x80035434] -> 0x006F
mem[X,0x80035436] -> 0x00C0
[4446] [M]: 0x80035434 (0x00C0006F) jal zero, 12


mem[X,0x80035440] -> 0x7663
mem[X,0x80035442] -> 0x00B5
[4447] [M]: 0x80035440 (0x00B57663) bgeu a0, a1, 12


mem[X,0x8003544C] -> 0x8193
mem[X,0x8003544E] -> 0x0031
[4448] [M]: 0x8003544C (0x00318193) addi gp, gp, 3
x3 <- 0x00000003


mem[X,0x80035450] -> 0x006F
mem[X,0x80035452] -> 0x0040
[4449] [M]: 0x80035450 (0x0040006F) jal zero, 4


mem[X,0x80035454] -> 0x2C23
mem[X,0x80035456] -> 0x7031
[4450] [M]: 0x80035454 (0x70312C23) sw gp, 1816(sp)
mem[0x8004A97C] <- 0x00000003


mem[X,0x80035458] -> 0xB537
mem[X,0x8003545A] -> 0x0000
[4451] [M]: 0x80035458 (0x0000B537) lui a0, 11
x10 <- 0x0000B000


mem[X,0x8003545C] -> 0x0513
mem[X,0x8003545E] -> 0x5035
[4452] [M]: 0x8003545C (0x50350513) addi a0, a0, 1283
x10 <- 0x0000B503


mem[X,0x80035460] -> 0x35B7
mem[X,0x80035462] -> 0x3333
[4453] [M]: 0x80035460 (0x333335B7) lui a1, 209715
x11 <- 0x33333000


mem[X,0x80035464] -> 0x8593
mem[X,0x80035466] -> 0x3335
[4454] [M]: 0x80035464 (0x33358593) addi a1, a1, 819
x11 <- 0x33333333


mem[X,0x80035468] -> 0x0193
mem[X,0x8003546A] -> 0x0000
[4455] [M]: 0x80035468 (0x00000193) addi gp, zero, 0
x3 <- 0x00000000


mem[X,0x8003546C] -> 0x006F
mem[X,0x8003546E] -> 0x2B10
[4456] [M]: 0x8003546C (0x2B10006F) jal zero, 2736


mem[X,0x80035F1C] -> 0x7A63
mem[X,0x80035F1E] -> 0xD4B5
[4457] [M]: 0x80035F1C (0xD4B57A63) bgeu a0, a1, 5460


mem[X,0x80035F20] -> 0x8193
mem[X,0x80035F22] -> 0x0021
[4458] [M]: 0x80035F20 (0x00218193) addi gp, gp, 2
x3 <- 0x00000002


mem[X,0x80035F24] -> 0x006F
mem[X,0x80035F26] -> 0x00C0
[4459] [M]: 0x80035F24 (0x00C0006F) jal zero, 12


mem[X,0x80035F30] -> 0x2E23
mem[X,0x80035F32] -> 0x7031
[4460] [M]: 0x80035F30 (0x70312E23) sw gp, 1820(sp)
mem[0x8004A980] <- 0x00000002


mem[X,0x80035F34] -> 0xB537
mem[X,0x80035F36] -> 0x0000
[4461] [M]: 0x80035F34 (0x0000B537) lui a0, 11
x10 <- 0x0000B000


mem[X,0x80035F38] -> 0x0513
mem[X,0x80035F3A] -> 0x5035
[4462] [M]: 0x80035F38 (0x50350513) addi a0, a0, 1283
x10 <- 0x0000B503


mem[X,0x80035F3C] -> 0x65B7
mem[X,0x80035F3E] -> 0x6666
[4463] [M]: 0x80035F3C (0x666665B7) lui a1, 419430
x11 <- 0x66666000


mem[X,0x80035F40] -> 0x8593
mem[X,0x80035F42] -> 0x6665
[4464] [M]: 0x80035F40 (0x66658593) addi a1, a1, 1638
x11 <- 0x66666666


mem[X,0x80035F44] -> 0x0193
mem[X,0x80035F46] -> 0x0000
[4465] [M]: 0x80035F44 (0x00000193) addi gp, zero, 0
x3 <- 0x00000000


mem[X,0x80035F48] -> 0x006F
mem[X,0x80035F4A] -> 0x00C0
[4466] [M]: 0x80035F48 (0x00C0006F) jal zero, 12


mem[X,0x80035F54] -> 0x7063
mem[X,0x80035F56] -> 0x20B5
[4467] [M]: 0x80035F54 (0x20B57063) bgeu a0, a1, 512


mem[X,0x80035F58] -> 0x8193
mem[X,0x80035F5A] -> 0x0021
[4468] [M]: 0x80035F58 (0x00218193) addi gp, gp, 2
x3 <- 0x00000002


mem[X,0x80035F5C] -> 0x006F
mem[X,0x80035F5E] -> 0x2000
[4469] [M]: 0x80035F5C (0x2000006F) jal zero, 512


mem[X,0x8003615C] -> 0x2023
mem[X,0x8003615E] -> 0x7231
[4470] [M]: 0x8003615C (0x72312023) sw gp, 1824(sp)
mem[0x8004A984] <- 0x00000002


mem[X,0x80036160] -> 0xB537
mem[X,0x80036162] -> 0x0000
[4471] [M]: 0x80036160 (0x0000B537) lui a0, 11
x10 <- 0x0000B000


mem[X,0x80036164] -> 0x0513
mem[X,0x80036166] -> 0x5035
[4472] [M]: 0x80036164 (0x50350513) addi a0, a0, 1283
x10 <- 0x0000B503


mem[X,0x80036168] -> 0xB5B7
mem[X,0x8003616A] -> 0x0000
[4473] [M]: 0x80036168 (0x0000B5B7) lui a1, 11
x11 <- 0x0000B000


mem[X,0x8003616C] -> 0x8593
mem[X,0x8003616E] -> 0x5045
[4474] [M]: 0x8003616C (0x50458593) addi a1, a1, 1284
x11 <- 0x0000B504


mem[X,0x80036170] -> 0x0193
mem[X,0x80036172] -> 0x0000
[4475] [M]: 0x80036170 (0x00000193) addi gp, zero, 0
x3 <- 0x00000000


mem[X,0x80036174] -> 0x006F
mem[X,0x80036176] -> 0x00C0
[4476] [M]: 0x80036174 (0x00C0006F) jal zero, 12


mem[X,0x80036180] -> 0x7663
mem[X,0x80036182] -> 0x00B5
[4477] [M]: 0x80036180 (0x00B57663) bgeu a0, a1, 12


mem[X,0x80036184] -> 0x8193
mem[X,0x80036186] -> 0x0021
[4478] [M]: 0x80036184 (0x00218193) addi gp, gp, 2
x3 <- 0x00000002


mem[X,0x80036188] -> 0x006F
mem[X,0x8003618A] -> 0x00C0
[4479] [M]: 0x80036188 (0x00C0006F) jal zero, 12


mem[X,0x80036194] -> 0x2223
mem[X,0x80036196] -> 0x7231
[4480] [M]: 0x80036194 (0x72312223) sw gp, 1828(sp)
mem[0x8004A988] <- 0x00000002


mem[X,0x80036198] -> 0xB537
mem[X,0x8003619A] -> 0x0000
[4481] [M]: 0x80036198 (0x0000B537) lui a0, 11
x10 <- 0x0000B000


mem[X,0x8003619C] -> 0x0513
mem[X,0x8003619E] -> 0x5035
[4482] [M]: 0x8003619C (0x50350513) addi a0, a0, 1283
x10 <- 0x0000B503


mem[X,0x800361A0] -> 0x0593
mem[X,0x800361A2] -> 0x0000
[4483] [M]: 0x800361A0 (0x00000593) addi a1, zero, 0
x11 <- 0x00000000


mem[X,0x800361A4] -> 0x0193
mem[X,0x800361A6] -> 0x0000
[4484] [M]: 0x800361A4 (0x00000193) addi gp, zero, 0
x3 <- 0x00000000


mem[X,0x800361A8] -> 0x006F
mem[X,0x800361AA] -> 0x00C0
[4485] [M]: 0x800361A8 (0x00C0006F) jal zero, 12


mem[X,0x800361B4] -> 0x7CE3
mem[X,0x800361B6] -> 0xFEB5
[4486] [M]: 0x800361B4 (0xFEB57CE3) bgeu a0, a1, 8184


mem[X,0x800361AC] -> 0x8193
mem[X,0x800361AE] -> 0x0011
[4487] [M]: 0x800361AC (0x00118193) addi gp, gp, 1
x3 <- 0x00000001


mem[X,0x800361B0] -> 0x006F
mem[X,0x800361B2] -> 0x0180
[4488] [M]: 0x800361B0 (0x0180006F) jal zero, 24


mem[X,0x800361C8] -> 0x2423
mem[X,0x800361CA] -> 0x7231
[4489] [M]: 0x800361C8 (0x72312423) sw gp, 1832(sp)
mem[0x8004A98C] <- 0x00000001


mem[X,0x800361CC] -> 0xB537
mem[X,0x800361CE] -> 0x0000
[4490] [M]: 0x800361CC (0x0000B537) lui a0, 11
x10 <- 0x0000B000


mem[X,0x800361D0] -> 0x0513
mem[X,0x800361D2] -> 0x5035
[4491] [M]: 0x800361D0 (0x50350513) addi a0, a0, 1283
x10 <- 0x0000B503


mem[X,0x800361D4] -> 0x05B7
mem[X,0x800361D6] -> 0x0001
[4492] [M]: 0x800361D4 (0x000105B7) lui a1, 16
x11 <- 0x00010000


mem[X,0x800361D8] -> 0x8593
mem[X,0x800361DA] -> 0xFFF5
[4493] [M]: 0x800361D8 (0xFFF58593) addi a1, a1, 4095
x11 <- 0x0000FFFF


mem[X,0x800361DC] -> 0x0193
mem[X,0x800361DE] -> 0x0000
[4494] [M]: 0x800361DC (0x00000193) addi gp, zero, 0
x3 <- 0x00000000


mem[X,0x800361E0] -> 0x006F
mem[X,0x800361E2] -> 0x00C0
[4495] [M]: 0x800361E0 (0x00C0006F) jal zero, 12


mem[X,0x800361EC] -> 0x7063
mem[X,0x800361EE] -> 0x08B5
[4496] [M]: 0x800361EC (0x08B57063) bgeu a0, a1, 128


mem[X,0x800361F0] -> 0x8193
mem[X,0x800361F2] -> 0x0021
[4497] [M]: 0x800361F0 (0x00218193) addi gp, gp, 2
x3 <- 0x00000002


mem[X,0x800361F4] -> 0x006F
mem[X,0x800361F6] -> 0x0800
[4498] [M]: 0x800361F4 (0x0800006F) jal zero, 128


mem[X,0x80036274] -> 0x2623
mem[X,0x80036276] -> 0x7231
[4499] [M]: 0x80036274 (0x72312623) sw gp, 1836(sp)
mem[0x8004A990] <- 0x00000002


clint::tick mtime <- 0x000000000000002D
 clint timer pending at mtime 0x000000000000002D
htif::tick 0x0000000000000000
mem[X,0x80036278] -> 0xB537
mem[X,0x8003627A] -> 0x0000
[4500] [M]: 0x80036278 (0x0000B537) lui a0, 11
x10 <- 0x0000B000


mem[X,0x8003627C] -> 0x0513
mem[X,0x8003627E] -> 0x5035
[4501] [M]: 0x8003627C (0x50350513) addi a0, a0, 1283
x10 <- 0x0000B503


mem[X,0x80036280] -> 0x0593
mem[X,0x80036282] -> 0x0020
[4502] [M]: 0x80036280 (0x00200593) addi a1, zero, 2
x11 <- 0x00000002


mem[X,0x80036284] -> 0x0193
mem[X,0x80036286] -> 0x0000
[4503] [M]: 0x80036284 (0x00000193) addi gp, zero, 0
x3 <- 0x00000000


mem[X,0x80036288] -> 0x006F
mem[X,0x8003628A] -> 0x00C0
[4504] [M]: 0x80036288 (0x00C0006F) jal zero, 12


mem[X,0x80036294] -> 0x7663
mem[X,0x80036296] -> 0x00B5
[4505] [M]: 0x80036294 (0x00B57663) bgeu a0, a1, 12


mem[X,0x800362A0] -> 0x8193
mem[X,0x800362A2] -> 0x0031
[4506] [M]: 0x800362A0 (0x00318193) addi gp, gp, 3
x3 <- 0x00000003


mem[X,0x800362A4] -> 0x006F
mem[X,0x800362A6] -> 0x0040
[4507] [M]: 0x800362A4 (0x0040006F) jal zero, 4


mem[X,0x800362A8] -> 0x2823
mem[X,0x800362AA] -> 0x7231
[4508] [M]: 0x800362A8 (0x72312823) sw gp, 1840(sp)
mem[0x8004A994] <- 0x00000003


mem[X,0x800362AC] -> 0xB537
mem[X,0x800362AE] -> 0x0000
[4509] [M]: 0x800362AC (0x0000B537) lui a0, 11
x10 <- 0x0000B000


mem[X,0x800362B0] -> 0x0513
mem[X,0x800362B2] -> 0x5035
[4510] [M]: 0x800362B0 (0x50350513) addi a0, a0, 1283
x10 <- 0x0000B503


mem[X,0x800362B4] -> 0x55B7
mem[X,0x800362B6] -> 0x5555
[4511] [M]: 0x800362B4 (0x555555B7) lui a1, 349525
x11 <- 0x55555000


mem[X,0x800362B8] -> 0x8593
mem[X,0x800362BA] -> 0x5545
[4512] [M]: 0x800362B8 (0x55458593) addi a1, a1, 1364
x11 <- 0x55555554


mem[X,0x800362BC] -> 0x0193
mem[X,0x800362BE] -> 0x0000
[4513] [M]: 0x800362BC (0x00000193) addi gp, zero, 0
x3 <- 0x00000000


mem[X,0x800362C0] -> 0x006F
mem[X,0x800362C2] -> 0x00C0
[4514] [M]: 0x800362C0 (0x00C0006F) jal zero, 12


mem[X,0x800362CC] -> 0x7063
mem[X,0x800362CE] -> 0x10B5
[4515] [M]: 0x800362CC (0x10B57063) bgeu a0, a1, 256


mem[X,0x800362D0] -> 0x8193
mem[X,0x800362D2] -> 0x0021
[4516] [M]: 0x800362D0 (0x00218193) addi gp, gp, 2
x3 <- 0x00000002


mem[X,0x800362D4] -> 0x006F
mem[X,0x800362D6] -> 0x1000
[4517] [M]: 0x800362D4 (0x1000006F) jal zero, 256


mem[X,0x800363D4] -> 0x2A23
mem[X,0x800363D6] -> 0x7231
[4518] [M]: 0x800363D4 (0x72312A23) sw gp, 1844(sp)
mem[0x8004A998] <- 0x00000002


mem[X,0x800363D8] -> 0xB537
mem[X,0x800363DA] -> 0x0000
[4519] [M]: 0x800363D8 (0x0000B537) lui a0, 11
x10 <- 0x0000B000


mem[X,0x800363DC] -> 0x0513
mem[X,0x800363DE] -> 0x5035
[4520] [M]: 0x800363DC (0x50350513) addi a0, a0, 1283
x10 <- 0x0000B503


mem[X,0x800363E0] -> 0xB5B7
mem[X,0x800363E2] -> 0xAAAA
[4521] [M]: 0x800363E0 (0xAAAAB5B7) lui a1, 699051
x11 <- 0xAAAAB000


mem[X,0x800363E4] -> 0x8593
mem[X,0x800363E6] -> 0xAA95
[4522] [M]: 0x800363E4 (0xAA958593) addi a1, a1, 2729
x11 <- 0xAAAAAAA9


mem[X,0x800363E8] -> 0x0193
mem[X,0x800363EA] -> 0x0000
[4523] [M]: 0x800363E8 (0x00000193) addi gp, zero, 0
x3 <- 0x00000000


mem[X,0x800363EC] -> 0x006F
mem[X,0x800363EE] -> 0x00C0
[4524] [M]: 0x800363EC (0x00C0006F) jal zero, 12


mem[X,0x800363F8] -> 0x7063
mem[X,0x800363FA] -> 0x40B5
[4525] [M]: 0x800363F8 (0x40B57063) bgeu a0, a1, 1024


mem[X,0x800363FC] -> 0x8193
mem[X,0x800363FE] -> 0x0021
[4526] [M]: 0x800363FC (0x00218193) addi gp, gp, 2
x3 <- 0x00000002


mem[X,0x80036400] -> 0x006F
mem[X,0x80036402] -> 0x4000
[4527] [M]: 0x80036400 (0x4000006F) jal zero, 1024


mem[X,0x80036800] -> 0x2C23
mem[X,0x80036802] -> 0x7231
[4528] [M]: 0x80036800 (0x72312C23) sw gp, 1848(sp)
mem[0x8004A99C] <- 0x00000002


mem[X,0x80036804] -> 0xB537
mem[X,0x80036806] -> 0x0000
[4529] [M]: 0x80036804 (0x0000B537) lui a0, 11
x10 <- 0x0000B000


mem[X,0x80036808] -> 0x0513
mem[X,0x8003680A] -> 0x5035
[4530] [M]: 0x80036808 (0x50350513) addi a0, a0, 1283
x10 <- 0x0000B503


mem[X,0x8003680C] -> 0x0593
mem[X,0x8003680E] -> 0x0040
[4531] [M]: 0x8003680C (0x00400593) addi a1, zero, 4
x11 <- 0x00000004


mem[X,0x80036810] -> 0x0193
mem[X,0x80036812] -> 0x0000
[4532] [M]: 0x80036810 (0x00000193) addi gp, zero, 0
x3 <- 0x00000000


mem[X,0x80036814] -> 0x006F
mem[X,0x80036816] -> 0x00C0
[4533] [M]: 0x80036814 (0x00C0006F) jal zero, 12


mem[X,0x80036820] -> 0x7063
mem[X,0x80036822] -> 0x10B5
[4534] [M]: 0x80036820 (0x10B57063) bgeu a0, a1, 256


mem[X,0x80036920] -> 0x8193
mem[X,0x80036922] -> 0x0031
[4535] [M]: 0x80036920 (0x00318193) addi gp, gp, 3
x3 <- 0x00000003


mem[X,0x80036924] -> 0x006F
mem[X,0x80036926] -> 0x0040
[4536] [M]: 0x80036924 (0x0040006F) jal zero, 4


mem[X,0x80036928] -> 0x2E23
mem[X,0x8003692A] -> 0x7231
[4537] [M]: 0x80036928 (0x72312E23) sw gp, 1852(sp)
mem[0x8004A9A0] <- 0x00000003


mem[X,0x8003692C] -> 0xB537
mem[X,0x8003692E] -> 0x0000
[4538] [M]: 0x8003692C (0x0000B537) lui a0, 11
x10 <- 0x0000B000


mem[X,0x80036930] -> 0x0513
mem[X,0x80036932] -> 0x5035
[4539] [M]: 0x80036930 (0x50350513) addi a0, a0, 1283
x10 <- 0x0000B503


mem[X,0x80036934] -> 0x35B7
mem[X,0x80036936] -> 0x3333
[4540] [M]: 0x80036934 (0x333335B7) lui a1, 209715
x11 <- 0x33333000


mem[X,0x80036938] -> 0x8593
mem[X,0x8003693A] -> 0x3325
[4541] [M]: 0x80036938 (0x33258593) addi a1, a1, 818
x11 <- 0x33333332


mem[X,0x8003693C] -> 0x0193
mem[X,0x8003693E] -> 0x0000
[4542] [M]: 0x8003693C (0x00000193) addi gp, zero, 0
x3 <- 0x00000000


mem[X,0x80036940] -> 0x006F
mem[X,0x80036942] -> 0x00C0
[4543] [M]: 0x80036940 (0x00C0006F) jal zero, 12


mem[X,0x8003694C] -> 0x7063
mem[X,0x8003694E] -> 0x04B5
[4544] [M]: 0x8003694C (0x04B57063) bgeu a0, a1, 64


mem[X,0x80036950] -> 0x8193
mem[X,0x80036952] -> 0x0021
[4545] [M]: 0x80036950 (0x00218193) addi gp, gp, 2
x3 <- 0x00000002


mem[X,0x80036954] -> 0x006F
mem[X,0x80036956] -> 0x0400
[4546] [M]: 0x80036954 (0x0400006F) jal zero, 64


mem[X,0x80036994] -> 0x2023
mem[X,0x80036996] -> 0x7431
[4547] [M]: 0x80036994 (0x74312023) sw gp, 1856(sp)
mem[0x8004A9A4] <- 0x00000002


mem[X,0x80036998] -> 0xB537
mem[X,0x8003699A] -> 0x0000
[4548] [M]: 0x80036998 (0x0000B537) lui a0, 11
x10 <- 0x0000B000


mem[X,0x8003699C] -> 0x0513
mem[X,0x8003699E] -> 0x5035
[4549] [M]: 0x8003699C (0x50350513) addi a0, a0, 1283
x10 <- 0x0000B503


mem[X,0x800369A0] -> 0x65B7
mem[X,0x800369A2] -> 0x6666
[4550] [M]: 0x800369A0 (0x666665B7) lui a1, 419430
x11 <- 0x66666000


mem[X,0x800369A4] -> 0x8593
mem[X,0x800369A6] -> 0x6655
[4551] [M]: 0x800369A4 (0x66558593) addi a1, a1, 1637
x11 <- 0x66666665


mem[X,0x800369A8] -> 0x0193
mem[X,0x800369AA] -> 0x0000
[4552] [M]: 0x800369A8 (0x00000193) addi gp, zero, 0
x3 <- 0x00000000


mem[X,0x800369AC] -> 0x006F
mem[X,0x800369AE] -> 0x00C0
[4553] [M]: 0x800369AC (0x00C0006F) jal zero, 12


mem[X,0x800369B8] -> 0x7CE3
mem[X,0x800369BA] -> 0xFEB5
[4554] [M]: 0x800369B8 (0xFEB57CE3) bgeu a0, a1, 8184


mem[X,0x800369BC] -> 0x8193
mem[X,0x800369BE] -> 0x0021
[4555] [M]: 0x800369BC (0x00218193) addi gp, gp, 2
x3 <- 0x00000002


mem[X,0x800369C0] -> 0x006F
mem[X,0x800369C2] -> 0x00C0
[4556] [M]: 0x800369C0 (0x00C0006F) jal zero, 12


mem[X,0x800369CC] -> 0x2223
mem[X,0x800369CE] -> 0x7431
[4557] [M]: 0x800369CC (0x74312223) sw gp, 1860(sp)
mem[0x8004A9A8] <- 0x00000002


mem[X,0x800369D0] -> 0xB537
mem[X,0x800369D2] -> 0x0000
[4558] [M]: 0x800369D0 (0x0000B537) lui a0, 11
x10 <- 0x0000B000


mem[X,0x800369D4] -> 0x0513
mem[X,0x800369D6] -> 0x5035
[4559] [M]: 0x800369D4 (0x50350513) addi a0, a0, 1283
x10 <- 0x0000B503


mem[X,0x800369D8] -> 0xB5B7
mem[X,0x800369DA] -> 0x0000
[4560] [M]: 0x800369D8 (0x0000B5B7) lui a1, 11
x11 <- 0x0000B000


mem[X,0x800369DC] -> 0x8593
mem[X,0x800369DE] -> 0x5035
[4561] [M]: 0x800369DC (0x50358593) addi a1, a1, 1283
x11 <- 0x0000B503


mem[X,0x800369E0] -> 0x0193
mem[X,0x800369E2] -> 0x0000
[4562] [M]: 0x800369E0 (0x00000193) addi gp, zero, 0
x3 <- 0x00000000


mem[X,0x800369E4] -> 0x006F
mem[X,0x800369E6] -> 0x00C0
[4563] [M]: 0x800369E4 (0x00C0006F) jal zero, 12


mem[X,0x800369F0] -> 0x7663
mem[X,0x800369F2] -> 0x00B5
[4564] [M]: 0x800369F0 (0x00B57663) bgeu a0, a1, 12


mem[X,0x800369FC] -> 0x8193
mem[X,0x800369FE] -> 0x0031
[4565] [M]: 0x800369FC (0x00318193) addi gp, gp, 3
x3 <- 0x00000003


mem[X,0x80036A00] -> 0x006F
mem[X,0x80036A02] -> 0x0040
[4566] [M]: 0x80036A00 (0x0040006F) jal zero, 4


mem[X,0x80036A04] -> 0x2423
mem[X,0x80036A06] -> 0x7431
[4567] [M]: 0x80036A04 (0x74312423) sw gp, 1864(sp)
mem[0x8004A9AC] <- 0x00000003


mem[X,0x80036A08] -> 0xB537
mem[X,0x80036A0A] -> 0x0000
[4568] [M]: 0x80036A08 (0x0000B537) lui a0, 11
x10 <- 0x0000B000


mem[X,0x80036A0C] -> 0x0513
mem[X,0x80036A0E] -> 0x5035
[4569] [M]: 0x80036A0C (0x50350513) addi a0, a0, 1283
x10 <- 0x0000B503


mem[X,0x80036A10] -> 0x05B7
mem[X,0x80036A12] -> 0x0001
[4570] [M]: 0x80036A10 (0x000105B7) lui a1, 16
x11 <- 0x00010000


mem[X,0x80036A14] -> 0x8593
mem[X,0x80036A16] -> 0xFFE5
[4571] [M]: 0x80036A14 (0xFFE58593) addi a1, a1, 4094
x11 <- 0x0000FFFE


mem[X,0x80036A18] -> 0x0193
mem[X,0x80036A1A] -> 0x0000
[4572] [M]: 0x80036A18 (0x00000193) addi gp, zero, 0
x3 <- 0x00000000


mem[X,0x80036A1C] -> 0x006F
mem[X,0x80036A1E] -> 0x00C0
[4573] [M]: 0x80036A1C (0x00C0006F) jal zero, 12


mem[X,0x80036A28] -> 0x7CE3
mem[X,0x80036A2A] -> 0xFEB5
[4574] [M]: 0x80036A28 (0xFEB57CE3) bgeu a0, a1, 8184


mem[X,0x80036A2C] -> 0x8193
mem[X,0x80036A2E] -> 0x0021
[4575] [M]: 0x80036A2C (0x00218193) addi gp, gp, 2
x3 <- 0x00000002


mem[X,0x80036A30] -> 0x006F
mem[X,0x80036A32] -> 0x00C0
[4576] [M]: 0x80036A30 (0x00C0006F) jal zero, 12


mem[X,0x80036A3C] -> 0x2623
mem[X,0x80036A3E] -> 0x7431
[4577] [M]: 0x80036A3C (0x74312623) sw gp, 1868(sp)
mem[0x8004A9B0] <- 0x00000002


mem[X,0x80036A40] -> 0xB537
mem[X,0x80036A42] -> 0x0000
[4578] [M]: 0x80036A40 (0x0000B537) lui a0, 11
x10 <- 0x0000B000


mem[X,0x80036A44] -> 0x0513
mem[X,0x80036A46] -> 0x5035
[4579] [M]: 0x80036A44 (0x50350513) addi a0, a0, 1283
x10 <- 0x0000B503


mem[X,0x80036A48] -> 0x55B7
mem[X,0x80036A4A] -> 0x5555
[4580] [M]: 0x80036A48 (0x555555B7) lui a1, 349525
x11 <- 0x55555000


mem[X,0x80036A4C] -> 0x8593
mem[X,0x80036A4E] -> 0x5565
[4581] [M]: 0x80036A4C (0x55658593) addi a1, a1, 1366
x11 <- 0x55555556


mem[X,0x80036A50] -> 0x0193
mem[X,0x80036A52] -> 0x0000
[4582] [M]: 0x80036A50 (0x00000193) addi gp, zero, 0
x3 <- 0x00000000


mem[X,0x80036A54] -> 0x006F
mem[X,0x80036A56] -> 0x00C0
[4583] [M]: 0x80036A54 (0x00C0006F) jal zero, 12


mem[X,0x80036A60] -> 0x7663
mem[X,0x80036A62] -> 0x00B5
[4584] [M]: 0x80036A60 (0x00B57663) bgeu a0, a1, 12


mem[X,0x80036A64] -> 0x8193
mem[X,0x80036A66] -> 0x0021
[4585] [M]: 0x80036A64 (0x00218193) addi gp, gp, 2
x3 <- 0x00000002


mem[X,0x80036A68] -> 0x006F
mem[X,0x80036A6A] -> 0x00C0
[4586] [M]: 0x80036A68 (0x00C0006F) jal zero, 12


mem[X,0x80036A74] -> 0x2823
mem[X,0x80036A76] -> 0x7431
[4587] [M]: 0x80036A74 (0x74312823) sw gp, 1872(sp)
mem[0x8004A9B4] <- 0x00000002


mem[X,0x80036A78] -> 0xB537
mem[X,0x80036A7A] -> 0x0000
[4588] [M]: 0x80036A78 (0x0000B537) lui a0, 11
x10 <- 0x0000B000


mem[X,0x80036A7C] -> 0x0513
mem[X,0x80036A7E] -> 0x5035
[4589] [M]: 0x80036A7C (0x50350513) addi a0, a0, 1283
x10 <- 0x0000B503


mem[X,0x80036A80] -> 0xB5B7
mem[X,0x80036A82] -> 0xAAAA
[4590] [M]: 0x80036A80 (0xAAAAB5B7) lui a1, 699051
x11 <- 0xAAAAB000


mem[X,0x80036A84] -> 0x8593
mem[X,0x80036A86] -> 0xAAB5
[4591] [M]: 0x80036A84 (0xAAB58593) addi a1, a1, 2731
x11 <- 0xAAAAAAAB


mem[X,0x80036A88] -> 0x0193
mem[X,0x80036A8A] -> 0x0000
[4592] [M]: 0x80036A88 (0x00000193) addi gp, zero, 0
x3 <- 0x00000000


mem[X,0x80036A8C] -> 0x006F
mem[X,0x80036A8E] -> 0x00C0
[4593] [M]: 0x80036A8C (0x00C0006F) jal zero, 12


mem[X,0x80036A98] -> 0x7663
mem[X,0x80036A9A] -> 0x00B5
[4594] [M]: 0x80036A98 (0x00B57663) bgeu a0, a1, 12


mem[X,0x80036A9C] -> 0x8193
mem[X,0x80036A9E] -> 0x0021
[4595] [M]: 0x80036A9C (0x00218193) addi gp, gp, 2
x3 <- 0x00000002


mem[X,0x80036AA0] -> 0x006F
mem[X,0x80036AA2] -> 0x00C0
[4596] [M]: 0x80036AA0 (0x00C0006F) jal zero, 12


mem[X,0x80036AAC] -> 0x2A23
mem[X,0x80036AAE] -> 0x7431
[4597] [M]: 0x80036AAC (0x74312A23) sw gp, 1876(sp)
mem[0x8004A9B8] <- 0x00000002


mem[X,0x80036AB0] -> 0xB537
mem[X,0x80036AB2] -> 0x0000
[4598] [M]: 0x80036AB0 (0x0000B537) lui a0, 11
x10 <- 0x0000B000


mem[X,0x80036AB4] -> 0x0513
mem[X,0x80036AB6] -> 0x5035
[4599] [M]: 0x80036AB4 (0x50350513) addi a0, a0, 1283
x10 <- 0x0000B503


clint::tick mtime <- 0x000000000000002E
 clint timer pending at mtime 0x000000000000002E
htif::tick 0x0000000000000000
mem[X,0x80036AB8] -> 0x0593
mem[X,0x80036ABA] -> 0x0060
[4600] [M]: 0x80036AB8 (0x00600593) addi a1, zero, 6
x11 <- 0x00000006


mem[X,0x80036ABC] -> 0x0193
mem[X,0x80036ABE] -> 0x0000
[4601] [M]: 0x80036ABC (0x00000193) addi gp, zero, 0
x3 <- 0x00000000


mem[X,0x80036AC0] -> 0x006F
mem[X,0x80036AC2] -> 0x00C0
[4602] [M]: 0x80036AC0 (0x00C0006F) jal zero, 12


mem[X,0x80036ACC] -> 0x7CE3
mem[X,0x80036ACE] -> 0xFEB5
[4603] [M]: 0x80036ACC (0xFEB57CE3) bgeu a0, a1, 8184


mem[X,0x80036AC4] -> 0x8193
mem[X,0x80036AC6] -> 0x0011
[4604] [M]: 0x80036AC4 (0x00118193) addi gp, gp, 1
x3 <- 0x00000001


mem[X,0x80036AC8] -> 0x006F
mem[X,0x80036ACA] -> 0x0180
[4605] [M]: 0x80036AC8 (0x0180006F) jal zero, 24


mem[X,0x80036AE0] -> 0x2C23
mem[X,0x80036AE2] -> 0x7431
[4606] [M]: 0x80036AE0 (0x74312C23) sw gp, 1880(sp)
mem[0x8004A9BC] <- 0x00000001


mem[X,0x80036AE4] -> 0xB537
mem[X,0x80036AE6] -> 0x0000
[4607] [M]: 0x80036AE4 (0x0000B537) lui a0, 11
x10 <- 0x0000B000


mem[X,0x80036AE8] -> 0x0513
mem[X,0x80036AEA] -> 0x5035
[4608] [M]: 0x80036AE8 (0x50350513) addi a0, a0, 1283
x10 <- 0x0000B503


mem[X,0x80036AEC] -> 0x35B7
mem[X,0x80036AEE] -> 0x3333
[4609] [M]: 0x80036AEC (0x333335B7) lui a1, 209715
x11 <- 0x33333000


mem[X,0x80036AF0] -> 0x8593
mem[X,0x80036AF2] -> 0x3345
[4610] [M]: 0x80036AF0 (0x33458593) addi a1, a1, 820
x11 <- 0x33333334


mem[X,0x80036AF4] -> 0x0193
mem[X,0x80036AF6] -> 0x0000
[4611] [M]: 0x80036AF4 (0x00000193) addi gp, zero, 0
x3 <- 0x00000000


mem[X,0x80036AF8] -> 0x006F
mem[X,0x80036AFA] -> 0x00C0
[4612] [M]: 0x80036AF8 (0x00C0006F) jal zero, 12


mem[X,0x80036B04] -> 0x7063
mem[X,0x80036B06] -> 0x04B5
[4613] [M]: 0x80036B04 (0x04B57063) bgeu a0, a1, 64


mem[X,0x80036B08] -> 0x8193
mem[X,0x80036B0A] -> 0x0021
[4614] [M]: 0x80036B08 (0x00218193) addi gp, gp, 2
x3 <- 0x00000002


mem[X,0x80036B0C] -> 0x006F
mem[X,0x80036B0E] -> 0x0400
[4615] [M]: 0x80036B0C (0x0400006F) jal zero, 64


mem[X,0x80036B4C] -> 0x2E23
mem[X,0x80036B4E] -> 0x7431
[4616] [M]: 0x80036B4C (0x74312E23) sw gp, 1884(sp)
mem[0x8004A9C0] <- 0x00000002


mem[X,0x80036B50] -> 0xB537
mem[X,0x80036B52] -> 0x0000
[4617] [M]: 0x80036B50 (0x0000B537) lui a0, 11
x10 <- 0x0000B000


mem[X,0x80036B54] -> 0x0513
mem[X,0x80036B56] -> 0x5035
[4618] [M]: 0x80036B54 (0x50350513) addi a0, a0, 1283
x10 <- 0x0000B503


mem[X,0x80036B58] -> 0x65B7
mem[X,0x80036B5A] -> 0x6666
[4619] [M]: 0x80036B58 (0x666665B7) lui a1, 419430
x11 <- 0x66666000


mem[X,0x80036B5C] -> 0x8593
mem[X,0x80036B5E] -> 0x6675
[4620] [M]: 0x80036B5C (0x66758593) addi a1, a1, 1639
x11 <- 0x66666667


mem[X,0x80036B60] -> 0x0193
mem[X,0x80036B62] -> 0x0000
[4621] [M]: 0x80036B60 (0x00000193) addi gp, zero, 0
x3 <- 0x00000000


mem[X,0x80036B64] -> 0x006F
mem[X,0x80036B66] -> 0x00C0
[4622] [M]: 0x80036B64 (0x00C0006F) jal zero, 12


mem[X,0x80036B70] -> 0x7063
mem[X,0x80036B72] -> 0x08B5
[4623] [M]: 0x80036B70 (0x08B57063) bgeu a0, a1, 128


mem[X,0x80036B74] -> 0x8193
mem[X,0x80036B76] -> 0x0021
[4624] [M]: 0x80036B74 (0x00218193) addi gp, gp, 2
x3 <- 0x00000002


mem[X,0x80036B78] -> 0x006F
mem[X,0x80036B7A] -> 0x0800
[4625] [M]: 0x80036B78 (0x0800006F) jal zero, 128


mem[X,0x80036BF8] -> 0x2023
mem[X,0x80036BFA] -> 0x7631
[4626] [M]: 0x80036BF8 (0x76312023) sw gp, 1888(sp)
mem[0x8004A9C4] <- 0x00000002


mem[X,0x80036BFC] -> 0xB537
mem[X,0x80036BFE] -> 0x0000
[4627] [M]: 0x80036BFC (0x0000B537) lui a0, 11
x10 <- 0x0000B000


mem[X,0x80036C00] -> 0x0513
mem[X,0x80036C02] -> 0x5035
[4628] [M]: 0x80036C00 (0x50350513) addi a0, a0, 1283
x10 <- 0x0000B503


mem[X,0x80036C04] -> 0xB5B7
mem[X,0x80036C06] -> 0x0000
[4629] [M]: 0x80036C04 (0x0000B5B7) lui a1, 11
x11 <- 0x0000B000


mem[X,0x80036C08] -> 0x8593
mem[X,0x80036C0A] -> 0x5055
[4630] [M]: 0x80036C08 (0x50558593) addi a1, a1, 1285
x11 <- 0x0000B505


mem[X,0x80036C0C] -> 0x0193
mem[X,0x80036C0E] -> 0x0000
[4631] [M]: 0x80036C0C (0x00000193) addi gp, zero, 0
x3 <- 0x00000000


mem[X,0x80036C10] -> 0x006F
mem[X,0x80036C12] -> 0x00C0
[4632] [M]: 0x80036C10 (0x00C0006F) jal zero, 12


mem[X,0x80036C1C] -> 0x7663
mem[X,0x80036C1E] -> 0x00B5
[4633] [M]: 0x80036C1C (0x00B57663) bgeu a0, a1, 12


mem[X,0x80036C20] -> 0x8193
mem[X,0x80036C22] -> 0x0021
[4634] [M]: 0x80036C20 (0x00218193) addi gp, gp, 2
x3 <- 0x00000002


mem[X,0x80036C24] -> 0x006F
mem[X,0x80036C26] -> 0x00C0
[4635] [M]: 0x80036C24 (0x00C0006F) jal zero, 12


mem[X,0x80036C30] -> 0x2223
mem[X,0x80036C32] -> 0x7631
[4636] [M]: 0x80036C30 (0x76312223) sw gp, 1892(sp)
mem[0x8004A9C8] <- 0x00000002


mem[X,0x80036C34] -> 0xB537
mem[X,0x80036C36] -> 0x0000
[4637] [M]: 0x80036C34 (0x0000B537) lui a0, 11
x10 <- 0x0000B000


mem[X,0x80036C38] -> 0x0513
mem[X,0x80036C3A] -> 0x5035
[4638] [M]: 0x80036C38 (0x50350513) addi a0, a0, 1283
x10 <- 0x0000B503


mem[X,0x80036C3C] -> 0x0593
mem[X,0x80036C3E] -> 0x0010
[4639] [M]: 0x80036C3C (0x00100593) addi a1, zero, 1
x11 <- 0x00000001


mem[X,0x80036C40] -> 0x0193
mem[X,0x80036C42] -> 0x0000
[4640] [M]: 0x80036C40 (0x00000193) addi gp, zero, 0
x3 <- 0x00000000


mem[X,0x80036C44] -> 0x006F
mem[X,0x80036C46] -> 0x0140
[4641] [M]: 0x80036C44 (0x0140006F) jal zero, 20


mem[X,0x80036C58] -> 0x78E3
mem[X,0x80036C5A] -> 0xFEB5
[4642] [M]: 0x80036C58 (0xFEB578E3) bgeu a0, a1, 8176


mem[X,0x80036C48] -> 0x8193
mem[X,0x80036C4A] -> 0x0011
[4643] [M]: 0x80036C48 (0x00118193) addi gp, gp, 1
x3 <- 0x00000001


mem[X,0x80036C4C] -> 0x006F
mem[X,0x80036C4E] -> 0x0200
[4644] [M]: 0x80036C4C (0x0200006F) jal zero, 32


mem[X,0x80036C6C] -> 0x2423
mem[X,0x80036C6E] -> 0x7631
[4645] [M]: 0x80036C6C (0x76312423) sw gp, 1896(sp)
mem[0x8004A9CC] <- 0x00000001


mem[X,0x80036C70] -> 0xB537
mem[X,0x80036C72] -> 0x0000
[4646] [M]: 0x80036C70 (0x0000B537) lui a0, 11
x10 <- 0x0000B000


mem[X,0x80036C74] -> 0x0513
mem[X,0x80036C76] -> 0x5035
[4647] [M]: 0x80036C74 (0x50350513) addi a0, a0, 1283
x10 <- 0x0000B503


mem[X,0x80036C78] -> 0x05B7
mem[X,0x80036C7A] -> 0x0001
[4648] [M]: 0x80036C78 (0x000105B7) lui a1, 16
x11 <- 0x00010000


mem[X,0x80036C7C] -> 0x0193
mem[X,0x80036C7E] -> 0x0000
[4649] [M]: 0x80036C7C (0x00000193) addi gp, zero, 0
x3 <- 0x00000000


mem[X,0x80036C80] -> 0x006F
mem[X,0x80036C82] -> 0x00C0
[4650] [M]: 0x80036C80 (0x00C0006F) jal zero, 12


mem[X,0x80036C8C] -> 0x7CE3
mem[X,0x80036C8E] -> 0xFEB5
[4651] [M]: 0x80036C8C (0xFEB57CE3) bgeu a0, a1, 8184


mem[X,0x80036C90] -> 0x8193
mem[X,0x80036C92] -> 0x0021
[4652] [M]: 0x80036C90 (0x00218193) addi gp, gp, 2
x3 <- 0x00000002


mem[X,0x80036C94] -> 0x006F
mem[X,0x80036C96] -> 0x00C0
[4653] [M]: 0x80036C94 (0x00C0006F) jal zero, 12


mem[X,0x80036CA0] -> 0x2623
mem[X,0x80036CA2] -> 0x7631
[4654] [M]: 0x80036CA0 (0x76312623) sw gp, 1900(sp)
mem[0x8004A9D0] <- 0x00000002


mem[X,0x80036CA4] -> 0x0537
mem[X,0x80036CA6] -> 0x0001
[4655] [M]: 0x80036CA4 (0x00010537) lui a0, 16
x10 <- 0x00010000


mem[X,0x80036CA8] -> 0x0513
mem[X,0x80036CAA] -> 0xFFE5
[4656] [M]: 0x80036CA8 (0xFFE50513) addi a0, a0, 4094
x10 <- 0x0000FFFE


mem[X,0x80036CAC] -> 0x0593
mem[X,0x80036CAE] -> 0x0030
[4657] [M]: 0x80036CAC (0x00300593) addi a1, zero, 3
x11 <- 0x00000003


mem[X,0x80036CB0] -> 0x0193
mem[X,0x80036CB2] -> 0x0000
[4658] [M]: 0x80036CB0 (0x00000193) addi gp, zero, 0
x3 <- 0x00000000


mem[X,0x80036CB4] -> 0x006F
mem[X,0x80036CB6] -> 0x00C0
[4659] [M]: 0x80036CB4 (0x00C0006F) jal zero, 12


mem[X,0x80036CC0] -> 0x7CE3
mem[X,0x80036CC2] -> 0xFEB5
[4660] [M]: 0x80036CC0 (0xFEB57CE3) bgeu a0, a1, 8184


mem[X,0x80036CB8] -> 0x8193
mem[X,0x80036CBA] -> 0x0011
[4661] [M]: 0x80036CB8 (0x00118193) addi gp, gp, 1
x3 <- 0x00000001


mem[X,0x80036CBC] -> 0x006F
mem[X,0x80036CBE] -> 0x0180
[4662] [M]: 0x80036CBC (0x0180006F) jal zero, 24


mem[X,0x80036CD4] -> 0x2823
mem[X,0x80036CD6] -> 0x7631
[4663] [M]: 0x80036CD4 (0x76312823) sw gp, 1904(sp)
mem[0x8004A9D4] <- 0x00000001


mem[X,0x80036CD8] -> 0x0537
mem[X,0x80036CDA] -> 0x0001
[4664] [M]: 0x80036CD8 (0x00010537) lui a0, 16
x10 <- 0x00010000


mem[X,0x80036CDC] -> 0x0513
mem[X,0x80036CDE] -> 0xFFE5
[4665] [M]: 0x80036CDC (0xFFE50513) addi a0, a0, 4094
x10 <- 0x0000FFFE


mem[X,0x80036CE0] -> 0x55B7
mem[X,0x80036CE2] -> 0x5555
[4666] [M]: 0x80036CE0 (0x555555B7) lui a1, 349525
x11 <- 0x55555000


mem[X,0x80036CE4] -> 0x8593
mem[X,0x80036CE6] -> 0x5555
[4667] [M]: 0x80036CE4 (0x55558593) addi a1, a1, 1365
x11 <- 0x55555555


mem[X,0x80036CE8] -> 0x0193
mem[X,0x80036CEA] -> 0x0000
[4668] [M]: 0x80036CE8 (0x00000193) addi gp, zero, 0
x3 <- 0x00000000


mem[X,0x80036CEC] -> 0x006F
mem[X,0x80036CEE] -> 0x00C0
[4669] [M]: 0x80036CEC (0x00C0006F) jal zero, 12


mem[X,0x80036CF8] -> 0x7863
mem[X,0x80036CFA] -> 0x00B5
[4670] [M]: 0x80036CF8 (0x00B57863) bgeu a0, a1, 16


mem[X,0x80036CFC] -> 0x8193
mem[X,0x80036CFE] -> 0x0021
[4671] [M]: 0x80036CFC (0x00218193) addi gp, gp, 2
x3 <- 0x00000002


mem[X,0x80036D00] -> 0x006F
mem[X,0x80036D02] -> 0x0100
[4672] [M]: 0x80036D00 (0x0100006F) jal zero, 16


mem[X,0x80036D10] -> 0x2A23
mem[X,0x80036D12] -> 0x7631
[4673] [M]: 0x80036D10 (0x76312A23) sw gp, 1908(sp)
mem[0x8004A9D8] <- 0x00000002


mem[X,0x80036D14] -> 0x0537
mem[X,0x80036D16] -> 0x0001
[4674] [M]: 0x80036D14 (0x00010537) lui a0, 16
x10 <- 0x00010000


mem[X,0x80036D18] -> 0x0513
mem[X,0x80036D1A] -> 0xFFE5
[4675] [M]: 0x80036D18 (0xFFE50513) addi a0, a0, 4094
x10 <- 0x0000FFFE


mem[X,0x80036D1C] -> 0xB5B7
mem[X,0x80036D1E] -> 0xAAAA
[4676] [M]: 0x80036D1C (0xAAAAB5B7) lui a1, 699051
x11 <- 0xAAAAB000


mem[X,0x80036D20] -> 0x8593
mem[X,0x80036D22] -> 0xAAA5
[4677] [M]: 0x80036D20 (0xAAA58593) addi a1, a1, 2730
x11 <- 0xAAAAAAAA


mem[X,0x80036D24] -> 0x0193
mem[X,0x80036D26] -> 0x0000
[4678] [M]: 0x80036D24 (0x00000193) addi gp, zero, 0
x3 <- 0x00000000


mem[X,0x80036D28] -> 0x006F
mem[X,0x80036D2A] -> 0x00C0
[4679] [M]: 0x80036D28 (0x00C0006F) jal zero, 12


mem[X,0x80036D34] -> 0x7863
mem[X,0x80036D36] -> 0x00B5
[4680] [M]: 0x80036D34 (0x00B57863) bgeu a0, a1, 16


mem[X,0x80036D38] -> 0x8193
mem[X,0x80036D3A] -> 0x0021
[4681] [M]: 0x80036D38 (0x00218193) addi gp, gp, 2
x3 <- 0x00000002


mem[X,0x80036D3C] -> 0x006F
mem[X,0x80036D3E] -> 0x0100
[4682] [M]: 0x80036D3C (0x0100006F) jal zero, 16


mem[X,0x80036D4C] -> 0x2C23
mem[X,0x80036D4E] -> 0x7631
[4683] [M]: 0x80036D4C (0x76312C23) sw gp, 1912(sp)
mem[0x8004A9DC] <- 0x00000002


mem[X,0x80036D50] -> 0x0537
mem[X,0x80036D52] -> 0x0001
[4684] [M]: 0x80036D50 (0x00010537) lui a0, 16
x10 <- 0x00010000


mem[X,0x80036D54] -> 0x0513
mem[X,0x80036D56] -> 0xFFE5
[4685] [M]: 0x80036D54 (0xFFE50513) addi a0, a0, 4094
x10 <- 0x0000FFFE


mem[X,0x80036D58] -> 0x0593
mem[X,0x80036D5A] -> 0x0050
[4686] [M]: 0x80036D58 (0x00500593) addi a1, zero, 5
x11 <- 0x00000005


mem[X,0x80036D5C] -> 0x0193
mem[X,0x80036D5E] -> 0x0000
[4687] [M]: 0x80036D5C (0x00000193) addi gp, zero, 0
x3 <- 0x00000000


mem[X,0x80036D60] -> 0x006F
mem[X,0x80036D62] -> 0x00C0
[4688] [M]: 0x80036D60 (0x00C0006F) jal zero, 12


mem[X,0x80036D6C] -> 0x7663
mem[X,0x80036D6E] -> 0x00B5
[4689] [M]: 0x80036D6C (0x00B57663) bgeu a0, a1, 12


mem[X,0x80036D78] -> 0x8193
mem[X,0x80036D7A] -> 0x0031
[4690] [M]: 0x80036D78 (0x00318193) addi gp, gp, 3
x3 <- 0x00000003


mem[X,0x80036D7C] -> 0x006F
mem[X,0x80036D7E] -> 0x0040
[4691] [M]: 0x80036D7C (0x0040006F) jal zero, 4


mem[X,0x80036D80] -> 0x2E23
mem[X,0x80036D82] -> 0x7631
[4692] [M]: 0x80036D80 (0x76312E23) sw gp, 1916(sp)
mem[0x8004A9E0] <- 0x00000003


mem[X,0x80036D84] -> 0x0537
mem[X,0x80036D86] -> 0x0001
[4693] [M]: 0x80036D84 (0x00010537) lui a0, 16
x10 <- 0x00010000


mem[X,0x80036D88] -> 0x0513
mem[X,0x80036D8A] -> 0xFFE5
[4694] [M]: 0x80036D88 (0xFFE50513) addi a0, a0, 4094
x10 <- 0x0000FFFE


mem[X,0x80036D8C] -> 0x35B7
mem[X,0x80036D8E] -> 0x3333
[4695] [M]: 0x80036D8C (0x333335B7) lui a1, 209715
x11 <- 0x33333000


mem[X,0x80036D90] -> 0x8593
mem[X,0x80036D92] -> 0x3335
[4696] [M]: 0x80036D90 (0x33358593) addi a1, a1, 819
x11 <- 0x33333333


mem[X,0x80036D94] -> 0x0193
mem[X,0x80036D96] -> 0x0000
[4697] [M]: 0x80036D94 (0x00000193) addi gp, zero, 0
x3 <- 0x00000000


mem[X,0x80036D98] -> 0x006F
mem[X,0x80036D9A] -> 0x00C0
[4698] [M]: 0x80036D98 (0x00C0006F) jal zero, 12


mem[X,0x80036DA4] -> 0x7CE3
mem[X,0x80036DA6] -> 0xFEB5
[4699] [M]: 0x80036DA4 (0xFEB57CE3) bgeu a0, a1, 8184


clint::tick mtime <- 0x000000000000002F
 clint timer pending at mtime 0x000000000000002F
htif::tick 0x0000000000000000
mem[X,0x80036DA8] -> 0x8193
mem[X,0x80036DAA] -> 0x0021
[4700] [M]: 0x80036DA8 (0x00218193) addi gp, gp, 2
x3 <- 0x00000002


mem[X,0x80036DAC] -> 0x006F
mem[X,0x80036DAE] -> 0x00C0
[4701] [M]: 0x80036DAC (0x00C0006F) jal zero, 12


mem[X,0x80036DB8] -> 0x2023
mem[X,0x80036DBA] -> 0x7831
[4702] [M]: 0x80036DB8 (0x78312023) sw gp, 1920(sp)
mem[0x8004A9E4] <- 0x00000002


mem[X,0x80036DBC] -> 0x0537
mem[X,0x80036DBE] -> 0x0001
[4703] [M]: 0x80036DBC (0x00010537) lui a0, 16
x10 <- 0x00010000


mem[X,0x80036DC0] -> 0x0513
mem[X,0x80036DC2] -> 0xFFE5
[4704] [M]: 0x80036DC0 (0xFFE50513) addi a0, a0, 4094
x10 <- 0x0000FFFE


mem[X,0x80036DC4] -> 0x65B7
mem[X,0x80036DC6] -> 0x6666
[4705] [M]: 0x80036DC4 (0x666665B7) lui a1, 419430
x11 <- 0x66666000


mem[X,0x80036DC8] -> 0x8593
mem[X,0x80036DCA] -> 0x6665
[4706] [M]: 0x80036DC8 (0x66658593) addi a1, a1, 1638
x11 <- 0x66666666


mem[X,0x80036DCC] -> 0x0193
mem[X,0x80036DCE] -> 0x0000
[4707] [M]: 0x80036DCC (0x00000193) addi gp, zero, 0
x3 <- 0x00000000


mem[X,0x80036DD0] -> 0x006F
mem[X,0x80036DD2] -> 0x00C0
[4708] [M]: 0x80036DD0 (0x00C0006F) jal zero, 12


mem[X,0x80036DDC] -> 0x7CE3
mem[X,0x80036DDE] -> 0xFEB5
[4709] [M]: 0x80036DDC (0xFEB57CE3) bgeu a0, a1, 8184


mem[X,0x80036DE0] -> 0x8193
mem[X,0x80036DE2] -> 0x0021
[4710] [M]: 0x80036DE0 (0x00218193) addi gp, gp, 2
x3 <- 0x00000002


mem[X,0x80036DE4] -> 0x006F
mem[X,0x80036DE6] -> 0x00C0
[4711] [M]: 0x80036DE4 (0x00C0006F) jal zero, 12


mem[X,0x80036DF0] -> 0x2223
mem[X,0x80036DF2] -> 0x7831
[4712] [M]: 0x80036DF0 (0x78312223) sw gp, 1924(sp)
mem[0x8004A9E8] <- 0x00000002


mem[X,0x80036DF4] -> 0x0537
mem[X,0x80036DF6] -> 0x0001
[4713] [M]: 0x80036DF4 (0x00010537) lui a0, 16
x10 <- 0x00010000


mem[X,0x80036DF8] -> 0x0513
mem[X,0x80036DFA] -> 0xFFE5
[4714] [M]: 0x80036DF8 (0xFFE50513) addi a0, a0, 4094
x10 <- 0x0000FFFE


mem[X,0x80036DFC] -> 0xB5B7
mem[X,0x80036DFE] -> 0x0000
[4715] [M]: 0x80036DFC (0x0000B5B7) lui a1, 11
x11 <- 0x0000B000


mem[X,0x80036E00] -> 0x8593
mem[X,0x80036E02] -> 0x5045
[4716] [M]: 0x80036E00 (0x50458593) addi a1, a1, 1284
x11 <- 0x0000B504


mem[X,0x80036E04] -> 0x0193
mem[X,0x80036E06] -> 0x0000
[4717] [M]: 0x80036E04 (0x00000193) addi gp, zero, 0
x3 <- 0x00000000


mem[X,0x80036E08] -> 0x006F
mem[X,0x80036E0A] -> 0x00C0
[4718] [M]: 0x80036E08 (0x00C0006F) jal zero, 12


mem[X,0x80036E14] -> 0x7063
mem[X,0x80036E16] -> 0x10B5
[4719] [M]: 0x80036E14 (0x10B57063) bgeu a0, a1, 256


mem[X,0x80036F14] -> 0x8193
mem[X,0x80036F16] -> 0x0031
[4720] [M]: 0x80036F14 (0x00318193) addi gp, gp, 3
x3 <- 0x00000003


mem[X,0x80036F18] -> 0x006F
mem[X,0x80036F1A] -> 0x0040
[4721] [M]: 0x80036F18 (0x0040006F) jal zero, 4


mem[X,0x80036F1C] -> 0x2423
mem[X,0x80036F1E] -> 0x7831
[4722] [M]: 0x80036F1C (0x78312423) sw gp, 1928(sp)
mem[0x8004A9EC] <- 0x00000003


mem[X,0x80036F20] -> 0x0537
mem[X,0x80036F22] -> 0x0001
[4723] [M]: 0x80036F20 (0x00010537) lui a0, 16
x10 <- 0x00010000


mem[X,0x80036F24] -> 0x0513
mem[X,0x80036F26] -> 0xFFE5
[4724] [M]: 0x80036F24 (0xFFE50513) addi a0, a0, 4094
x10 <- 0x0000FFFE


mem[X,0x80036F28] -> 0x0593
mem[X,0x80036F2A] -> 0x0000
[4725] [M]: 0x80036F28 (0x00000593) addi a1, zero, 0
x11 <- 0x00000000


mem[X,0x80036F2C] -> 0x0193
mem[X,0x80036F2E] -> 0x0000
[4726] [M]: 0x80036F2C (0x00000193) addi gp, zero, 0
x3 <- 0x00000000


mem[X,0x80036F30] -> 0x006F
mem[X,0x80036F32] -> 0x00C0
[4727] [M]: 0x80036F30 (0x00C0006F) jal zero, 12


mem[X,0x80036F3C] -> 0x7063
mem[X,0x80036F3E] -> 0x10B5
[4728] [M]: 0x80036F3C (0x10B57063) bgeu a0, a1, 256


mem[X,0x8003703C] -> 0x8193
mem[X,0x8003703E] -> 0x0031
[4729] [M]: 0x8003703C (0x00318193) addi gp, gp, 3
x3 <- 0x00000003


mem[X,0x80037040] -> 0x006F
mem[X,0x80037042] -> 0x0040
[4730] [M]: 0x80037040 (0x0040006F) jal zero, 4


mem[X,0x80037044] -> 0x2623
mem[X,0x80037046] -> 0x7831
[4731] [M]: 0x80037044 (0x78312623) sw gp, 1932(sp)
mem[0x8004A9F0] <- 0x00000003


mem[X,0x80037048] -> 0x0537
mem[X,0x8003704A] -> 0x0001
[4732] [M]: 0x80037048 (0x00010537) lui a0, 16
x10 <- 0x00010000


mem[X,0x8003704C] -> 0x0513
mem[X,0x8003704E] -> 0xFFE5
[4733] [M]: 0x8003704C (0xFFE50513) addi a0, a0, 4094
x10 <- 0x0000FFFE


mem[X,0x80037050] -> 0x05B7
mem[X,0x80037052] -> 0x0001
[4734] [M]: 0x80037050 (0x000105B7) lui a1, 16
x11 <- 0x00010000


mem[X,0x80037054] -> 0x8593
mem[X,0x80037056] -> 0xFFF5
[4735] [M]: 0x80037054 (0xFFF58593) addi a1, a1, 4095
x11 <- 0x0000FFFF


mem[X,0x80037058] -> 0x0193
mem[X,0x8003705A] -> 0x0000
[4736] [M]: 0x80037058 (0x00000193) addi gp, zero, 0
x3 <- 0x00000000


mem[X,0x8003705C] -> 0x006F
mem[X,0x8003705E] -> 0x00C0
[4737] [M]: 0x8003705C (0x00C0006F) jal zero, 12


mem[X,0x80037068] -> 0x7663
mem[X,0x8003706A] -> 0x00B5
[4738] [M]: 0x80037068 (0x00B57663) bgeu a0, a1, 12


mem[X,0x8003706C] -> 0x8193
mem[X,0x8003706E] -> 0x0021
[4739] [M]: 0x8003706C (0x00218193) addi gp, gp, 2
x3 <- 0x00000002


mem[X,0x80037070] -> 0x006F
mem[X,0x80037072] -> 0x00C0
[4740] [M]: 0x80037070 (0x00C0006F) jal zero, 12


mem[X,0x8003707C] -> 0x2823
mem[X,0x8003707E] -> 0x7831
[4741] [M]: 0x8003707C (0x78312823) sw gp, 1936(sp)
mem[0x8004A9F4] <- 0x00000002


mem[X,0x80037080] -> 0x0537
mem[X,0x80037082] -> 0x0001
[4742] [M]: 0x80037080 (0x00010537) lui a0, 16
x10 <- 0x00010000


mem[X,0x80037084] -> 0x0513
mem[X,0x80037086] -> 0xFFE5
[4743] [M]: 0x80037084 (0xFFE50513) addi a0, a0, 4094
x10 <- 0x0000FFFE


mem[X,0x80037088] -> 0x0593
mem[X,0x8003708A] -> 0x0020
[4744] [M]: 0x80037088 (0x00200593) addi a1, zero, 2
x11 <- 0x00000002


mem[X,0x8003708C] -> 0x0193
mem[X,0x8003708E] -> 0x0000
[4745] [M]: 0x8003708C (0x00000193) addi gp, zero, 0
x3 <- 0x00000000


mem[X,0x80037090] -> 0x006F
mem[X,0x80037092] -> 0x0180
[4746] [M]: 0x80037090 (0x0180006F) jal zero, 24


mem[X,0x800370A8] -> 0x76E3
mem[X,0x800370AA] -> 0xFEB5
[4747] [M]: 0x800370A8 (0xFEB576E3) bgeu a0, a1, 8172


mem[X,0x80037094] -> 0x8193
mem[X,0x80037096] -> 0x0011
[4748] [M]: 0x80037094 (0x00118193) addi gp, gp, 1
x3 <- 0x00000001


mem[X,0x80037098] -> 0x006F
mem[X,0x8003709A] -> 0x0240
[4749] [M]: 0x80037098 (0x0240006F) jal zero, 36


mem[X,0x800370BC] -> 0x2A23
mem[X,0x800370BE] -> 0x7831
[4750] [M]: 0x800370BC (0x78312A23) sw gp, 1940(sp)
mem[0x8004A9F8] <- 0x00000001


mem[X,0x800370C0] -> 0x0537
mem[X,0x800370C2] -> 0x0001
[4751] [M]: 0x800370C0 (0x00010537) lui a0, 16
x10 <- 0x00010000


mem[X,0x800370C4] -> 0x0513
mem[X,0x800370C6] -> 0xFFE5
[4752] [M]: 0x800370C4 (0xFFE50513) addi a0, a0, 4094
x10 <- 0x0000FFFE


mem[X,0x800370C8] -> 0x55B7
mem[X,0x800370CA] -> 0x5555
[4753] [M]: 0x800370C8 (0x555555B7) lui a1, 349525
x11 <- 0x55555000


mem[X,0x800370CC] -> 0x8593
mem[X,0x800370CE] -> 0x5545
[4754] [M]: 0x800370CC (0x55458593) addi a1, a1, 1364
x11 <- 0x55555554


mem[X,0x800370D0] -> 0x0193
mem[X,0x800370D2] -> 0x0000
[4755] [M]: 0x800370D0 (0x00000193) addi gp, zero, 0
x3 <- 0x00000000


mem[X,0x800370D4] -> 0x006F
mem[X,0x800370D6] -> 0x00C0
[4756] [M]: 0x800370D4 (0x00C0006F) jal zero, 12


mem[X,0x800370E0] -> 0x7CE3
mem[X,0x800370E2] -> 0xFEB5
[4757] [M]: 0x800370E0 (0xFEB57CE3) bgeu a0, a1, 8184


mem[X,0x800370E4] -> 0x8193
mem[X,0x800370E6] -> 0x0021
[4758] [M]: 0x800370E4 (0x00218193) addi gp, gp, 2
x3 <- 0x00000002


mem[X,0x800370E8] -> 0x006F
mem[X,0x800370EA] -> 0x00C0
[4759] [M]: 0x800370E8 (0x00C0006F) jal zero, 12


mem[X,0x800370F4] -> 0x2C23
mem[X,0x800370F6] -> 0x7831
[4760] [M]: 0x800370F4 (0x78312C23) sw gp, 1944(sp)
mem[0x8004A9FC] <- 0x00000002


mem[X,0x800370F8] -> 0x0537
mem[X,0x800370FA] -> 0x0001
[4761] [M]: 0x800370F8 (0x00010537) lui a0, 16
x10 <- 0x00010000


mem[X,0x800370FC] -> 0x0513
mem[X,0x800370FE] -> 0xFFE5
[4762] [M]: 0x800370FC (0xFFE50513) addi a0, a0, 4094
x10 <- 0x0000FFFE


mem[X,0x80037100] -> 0xB5B7
mem[X,0x80037102] -> 0xAAAA
[4763] [M]: 0x80037100 (0xAAAAB5B7) lui a1, 699051
x11 <- 0xAAAAB000


mem[X,0x80037104] -> 0x8593
mem[X,0x80037106] -> 0xAA95
[4764] [M]: 0x80037104 (0xAA958593) addi a1, a1, 2729
x11 <- 0xAAAAAAA9


mem[X,0x80037108] -> 0x0193
mem[X,0x8003710A] -> 0x0000
[4765] [M]: 0x80037108 (0x00000193) addi gp, zero, 0
x3 <- 0x00000000


mem[X,0x8003710C] -> 0x006F
mem[X,0x8003710E] -> 0x00C0
[4766] [M]: 0x8003710C (0x00C0006F) jal zero, 12


mem[X,0x80037118] -> 0x7063
mem[X,0x8003711A] -> 0x08B5
[4767] [M]: 0x80037118 (0x08B57063) bgeu a0, a1, 128


mem[X,0x8003711C] -> 0x8193
mem[X,0x8003711E] -> 0x0021
[4768] [M]: 0x8003711C (0x00218193) addi gp, gp, 2
x3 <- 0x00000002


mem[X,0x80037120] -> 0x006F
mem[X,0x80037122] -> 0x0800
[4769] [M]: 0x80037120 (0x0800006F) jal zero, 128


mem[X,0x800371A0] -> 0x2E23
mem[X,0x800371A2] -> 0x7831
[4770] [M]: 0x800371A0 (0x78312E23) sw gp, 1948(sp)
mem[0x8004AA00] <- 0x00000002


mem[X,0x800371A4] -> 0x0537
mem[X,0x800371A6] -> 0x0001
[4771] [M]: 0x800371A4 (0x00010537) lui a0, 16
x10 <- 0x00010000


mem[X,0x800371A8] -> 0x0513
mem[X,0x800371AA] -> 0xFFE5
[4772] [M]: 0x800371A8 (0xFFE50513) addi a0, a0, 4094
x10 <- 0x0000FFFE


mem[X,0x800371AC] -> 0x0593
mem[X,0x800371AE] -> 0x0040
[4773] [M]: 0x800371AC (0x00400593) addi a1, zero, 4
x11 <- 0x00000004


mem[X,0x800371B0] -> 0x0193
mem[X,0x800371B2] -> 0x0000
[4774] [M]: 0x800371B0 (0x00000193) addi gp, zero, 0
x3 <- 0x00000000


mem[X,0x800371B4] -> 0x006F
mem[X,0x800371B6] -> 0x00C0
[4775] [M]: 0x800371B4 (0x00C0006F) jal zero, 12


mem[X,0x800371C0] -> 0x7063
mem[X,0x800371C2] -> 0x08B5
[4776] [M]: 0x800371C0 (0x08B57063) bgeu a0, a1, 128


mem[X,0x80037240] -> 0x8193
mem[X,0x80037242] -> 0x0031
[4777] [M]: 0x80037240 (0x00318193) addi gp, gp, 3
x3 <- 0x00000003


mem[X,0x80037244] -> 0x006F
mem[X,0x80037246] -> 0x0040
[4778] [M]: 0x80037244 (0x0040006F) jal zero, 4


mem[X,0x80037248] -> 0x2023
mem[X,0x8003724A] -> 0x7A31
[4779] [M]: 0x80037248 (0x7A312023) sw gp, 1952(sp)
mem[0x8004AA04] <- 0x00000003


mem[X,0x8003724C] -> 0x0537
mem[X,0x8003724E] -> 0x0001
[4780] [M]: 0x8003724C (0x00010537) lui a0, 16
x10 <- 0x00010000


mem[X,0x80037250] -> 0x0513
mem[X,0x80037252] -> 0xFFE5
[4781] [M]: 0x80037250 (0xFFE50513) addi a0, a0, 4094
x10 <- 0x0000FFFE


mem[X,0x80037254] -> 0x35B7
mem[X,0x80037256] -> 0x3333
[4782] [M]: 0x80037254 (0x333335B7) lui a1, 209715
x11 <- 0x33333000


mem[X,0x80037258] -> 0x8593
mem[X,0x8003725A] -> 0x3325
[4783] [M]: 0x80037258 (0x33258593) addi a1, a1, 818
x11 <- 0x33333332


mem[X,0x8003725C] -> 0x0193
mem[X,0x8003725E] -> 0x0000
[4784] [M]: 0x8003725C (0x00000193) addi gp, zero, 0
x3 <- 0x00000000


mem[X,0x80037260] -> 0x006F
mem[X,0x80037262] -> 0x00C0
[4785] [M]: 0x80037260 (0x00C0006F) jal zero, 12


mem[X,0x8003726C] -> 0x7CE3
mem[X,0x8003726E] -> 0xFEB5
[4786] [M]: 0x8003726C (0xFEB57CE3) bgeu a0, a1, 8184


mem[X,0x80037270] -> 0x8193
mem[X,0x80037272] -> 0x0021
[4787] [M]: 0x80037270 (0x00218193) addi gp, gp, 2
x3 <- 0x00000002


mem[X,0x80037274] -> 0x006F
mem[X,0x80037276] -> 0x00C0
[4788] [M]: 0x80037274 (0x00C0006F) jal zero, 12


mem[X,0x80037280] -> 0x2223
mem[X,0x80037282] -> 0x7A31
[4789] [M]: 0x80037280 (0x7A312223) sw gp, 1956(sp)
mem[0x8004AA08] <- 0x00000002


mem[X,0x80037284] -> 0x0537
mem[X,0x80037286] -> 0x0001
[4790] [M]: 0x80037284 (0x00010537) lui a0, 16
x10 <- 0x00010000


mem[X,0x80037288] -> 0x0513
mem[X,0x8003728A] -> 0xFFE5
[4791] [M]: 0x80037288 (0xFFE50513) addi a0, a0, 4094
x10 <- 0x0000FFFE


mem[X,0x8003728C] -> 0x65B7
mem[X,0x8003728E] -> 0x6666
[4792] [M]: 0x8003728C (0x666665B7) lui a1, 419430
x11 <- 0x66666000


mem[X,0x80037290] -> 0x8593
mem[X,0x80037292] -> 0x6655
[4793] [M]: 0x80037290 (0x66558593) addi a1, a1, 1637
x11 <- 0x66666665


mem[X,0x80037294] -> 0x0193
mem[X,0x80037296] -> 0x0000
[4794] [M]: 0x80037294 (0x00000193) addi gp, zero, 0
x3 <- 0x00000000


mem[X,0x80037298] -> 0x006F
mem[X,0x8003729A] -> 0x0140
[4795] [M]: 0x80037298 (0x0140006F) jal zero, 20


mem[X,0x800372AC] -> 0x78E3
mem[X,0x800372AE] -> 0xFEB5
[4796] [M]: 0x800372AC (0xFEB578E3) bgeu a0, a1, 8176


mem[X,0x800372B0] -> 0x8193
mem[X,0x800372B2] -> 0x0021
[4797] [M]: 0x800372B0 (0x00218193) addi gp, gp, 2
x3 <- 0x00000002


mem[X,0x800372B4] -> 0x006F
mem[X,0x800372B6] -> 0x00C0
[4798] [M]: 0x800372B4 (0x00C0006F) jal zero, 12


mem[X,0x800372C0] -> 0x2423
mem[X,0x800372C2] -> 0x7A31
[4799] [M]: 0x800372C0 (0x7A312423) sw gp, 1960(sp)
mem[0x8004AA0C] <- 0x00000002


clint::tick mtime <- 0x0000000000000030
 clint timer pending at mtime 0x0000000000000030
htif::tick 0x0000000000000000
mem[X,0x800372C4] -> 0x0537
mem[X,0x800372C6] -> 0x0001
[4800] [M]: 0x800372C4 (0x00010537) lui a0, 16
x10 <- 0x00010000


mem[X,0x800372C8] -> 0x0513
mem[X,0x800372CA] -> 0xFFE5
[4801] [M]: 0x800372C8 (0xFFE50513) addi a0, a0, 4094
x10 <- 0x0000FFFE


mem[X,0x800372CC] -> 0xB5B7
mem[X,0x800372CE] -> 0x0000
[4802] [M]: 0x800372CC (0x0000B5B7) lui a1, 11
x11 <- 0x0000B000


mem[X,0x800372D0] -> 0x8593
mem[X,0x800372D2] -> 0x5035
[4803] [M]: 0x800372D0 (0x50358593) addi a1, a1, 1283
x11 <- 0x0000B503


mem[X,0x800372D4] -> 0x0193
mem[X,0x800372D6] -> 0x0000
[4804] [M]: 0x800372D4 (0x00000193) addi gp, zero, 0
x3 <- 0x00000000


mem[X,0x800372D8] -> 0x006F
mem[X,0x800372DA] -> 0x00C0
[4805] [M]: 0x800372D8 (0x00C0006F) jal zero, 12


mem[X,0x800372E4] -> 0x7063
mem[X,0x800372E6] -> 0x02B5
[4806] [M]: 0x800372E4 (0x02B57063) bgeu a0, a1, 32


mem[X,0x80037304] -> 0x8193
mem[X,0x80037306] -> 0x0031
[4807] [M]: 0x80037304 (0x00318193) addi gp, gp, 3
x3 <- 0x00000003


mem[X,0x80037308] -> 0x006F
mem[X,0x8003730A] -> 0x0040
[4808] [M]: 0x80037308 (0x0040006F) jal zero, 4


mem[X,0x8003730C] -> 0x2623
mem[X,0x8003730E] -> 0x7A31
[4809] [M]: 0x8003730C (0x7A312623) sw gp, 1964(sp)
mem[0x8004AA10] <- 0x00000003


mem[X,0x80037310] -> 0x0537
mem[X,0x80037312] -> 0x0001
[4810] [M]: 0x80037310 (0x00010537) lui a0, 16
x10 <- 0x00010000


mem[X,0x80037314] -> 0x0513
mem[X,0x80037316] -> 0xFFE5
[4811] [M]: 0x80037314 (0xFFE50513) addi a0, a0, 4094
x10 <- 0x0000FFFE


mem[X,0x80037318] -> 0x05B7
mem[X,0x8003731A] -> 0x0001
[4812] [M]: 0x80037318 (0x000105B7) lui a1, 16
x11 <- 0x00010000


mem[X,0x8003731C] -> 0x8593
mem[X,0x8003731E] -> 0xFFE5
[4813] [M]: 0x8003731C (0xFFE58593) addi a1, a1, 4094
x11 <- 0x0000FFFE


mem[X,0x80037320] -> 0x0193
mem[X,0x80037322] -> 0x0000
[4814] [M]: 0x80037320 (0x00000193) addi gp, zero, 0
x3 <- 0x00000000


mem[X,0x80037324] -> 0x006F
mem[X,0x80037326] -> 0x00C0
[4815] [M]: 0x80037324 (0x00C0006F) jal zero, 12


mem[X,0x80037330] -> 0x7063
mem[X,0x80037332] -> 0x40B5
[4816] [M]: 0x80037330 (0x40B57063) bgeu a0, a1, 1024


mem[X,0x80037730] -> 0x8193
mem[X,0x80037732] -> 0x0031
[4817] [M]: 0x80037730 (0x00318193) addi gp, gp, 3
x3 <- 0x00000003


mem[X,0x80037734] -> 0x006F
mem[X,0x80037736] -> 0x0040
[4818] [M]: 0x80037734 (0x0040006F) jal zero, 4


mem[X,0x80037738] -> 0x2823
mem[X,0x8003773A] -> 0x7A31
[4819] [M]: 0x80037738 (0x7A312823) sw gp, 1968(sp)
mem[0x8004AA14] <- 0x00000003


mem[X,0x8003773C] -> 0x0537
mem[X,0x8003773E] -> 0x0001
[4820] [M]: 0x8003773C (0x00010537) lui a0, 16
x10 <- 0x00010000


mem[X,0x80037740] -> 0x0513
mem[X,0x80037742] -> 0xFFE5
[4821] [M]: 0x80037740 (0xFFE50513) addi a0, a0, 4094
x10 <- 0x0000FFFE


mem[X,0x80037744] -> 0x55B7
mem[X,0x80037746] -> 0x5555
[4822] [M]: 0x80037744 (0x555555B7) lui a1, 349525
x11 <- 0x55555000


mem[X,0x80037748] -> 0x8593
mem[X,0x8003774A] -> 0x5565
[4823] [M]: 0x80037748 (0x55658593) addi a1, a1, 1366
x11 <- 0x55555556


mem[X,0x8003774C] -> 0x0193
mem[X,0x8003774E] -> 0x0000
[4824] [M]: 0x8003774C (0x00000193) addi gp, zero, 0
x3 <- 0x00000000


mem[X,0x80037750] -> 0x006F
mem[X,0x80037752] -> 0x00C0
[4825] [M]: 0x80037750 (0x00C0006F) jal zero, 12


mem[X,0x8003775C] -> 0x7CE3
mem[X,0x8003775E] -> 0xFEB5
[4826] [M]: 0x8003775C (0xFEB57CE3) bgeu a0, a1, 8184


mem[X,0x80037760] -> 0x8193
mem[X,0x80037762] -> 0x0021
[4827] [M]: 0x80037760 (0x00218193) addi gp, gp, 2
x3 <- 0x00000002


mem[X,0x80037764] -> 0x006F
mem[X,0x80037766] -> 0x00C0
[4828] [M]: 0x80037764 (0x00C0006F) jal zero, 12


mem[X,0x80037770] -> 0x2A23
mem[X,0x80037772] -> 0x7A31
[4829] [M]: 0x80037770 (0x7A312A23) sw gp, 1972(sp)
mem[0x8004AA18] <- 0x00000002


mem[X,0x80037774] -> 0x0537
mem[X,0x80037776] -> 0x0001
[4830] [M]: 0x80037774 (0x00010537) lui a0, 16
x10 <- 0x00010000


mem[X,0x80037778] -> 0x0513
mem[X,0x8003777A] -> 0xFFE5
[4831] [M]: 0x80037778 (0xFFE50513) addi a0, a0, 4094
x10 <- 0x0000FFFE


mem[X,0x8003777C] -> 0xB5B7
mem[X,0x8003777E] -> 0xAAAA
[4832] [M]: 0x8003777C (0xAAAAB5B7) lui a1, 699051
x11 <- 0xAAAAB000


mem[X,0x80037780] -> 0x8593
mem[X,0x80037782] -> 0xAAB5
[4833] [M]: 0x80037780 (0xAAB58593) addi a1, a1, 2731
x11 <- 0xAAAAAAAB


mem[X,0x80037784] -> 0x0193
mem[X,0x80037786] -> 0x0000
[4834] [M]: 0x80037784 (0x00000193) addi gp, zero, 0
x3 <- 0x00000000


mem[X,0x80037788] -> 0x006F
mem[X,0x8003778A] -> 0x00C0
[4835] [M]: 0x80037788 (0x00C0006F) jal zero, 12


mem[X,0x80037794] -> 0x7063
mem[X,0x80037796] -> 0x08B5
[4836] [M]: 0x80037794 (0x08B57063) bgeu a0, a1, 128


mem[X,0x80037798] -> 0x8193
mem[X,0x8003779A] -> 0x0021
[4837] [M]: 0x80037798 (0x00218193) addi gp, gp, 2
x3 <- 0x00000002


mem[X,0x8003779C] -> 0x006F
mem[X,0x8003779E] -> 0x0800
[4838] [M]: 0x8003779C (0x0800006F) jal zero, 128


mem[X,0x8003781C] -> 0x2C23
mem[X,0x8003781E] -> 0x7A31
[4839] [M]: 0x8003781C (0x7A312C23) sw gp, 1976(sp)
mem[0x8004AA1C] <- 0x00000002


mem[X,0x80037820] -> 0x0537
mem[X,0x80037822] -> 0x0001
[4840] [M]: 0x80037820 (0x00010537) lui a0, 16
x10 <- 0x00010000


mem[X,0x80037824] -> 0x0513
mem[X,0x80037826] -> 0xFFE5
[4841] [M]: 0x80037824 (0xFFE50513) addi a0, a0, 4094
x10 <- 0x0000FFFE


mem[X,0x80037828] -> 0x0593
mem[X,0x8003782A] -> 0x0060
[4842] [M]: 0x80037828 (0x00600593) addi a1, zero, 6
x11 <- 0x00000006


mem[X,0x8003782C] -> 0x0193
mem[X,0x8003782E] -> 0x0000
[4843] [M]: 0x8003782C (0x00000193) addi gp, zero, 0
x3 <- 0x00000000


mem[X,0x80037830] -> 0x006F
mem[X,0x80037832] -> 0x00C0
[4844] [M]: 0x80037830 (0x00C0006F) jal zero, 12


mem[X,0x8003783C] -> 0x7CE3
mem[X,0x8003783E] -> 0xFEB5
[4845] [M]: 0x8003783C (0xFEB57CE3) bgeu a0, a1, 8184


mem[X,0x80037834] -> 0x8193
mem[X,0x80037836] -> 0x0011
[4846] [M]: 0x80037834 (0x00118193) addi gp, gp, 1
x3 <- 0x00000001


mem[X,0x80037838] -> 0x006F
mem[X,0x8003783A] -> 0x0180
[4847] [M]: 0x80037838 (0x0180006F) jal zero, 24


mem[X,0x80037850] -> 0x2E23
mem[X,0x80037852] -> 0x7A31
[4848] [M]: 0x80037850 (0x7A312E23) sw gp, 1980(sp)
mem[0x8004AA20] <- 0x00000001


mem[X,0x80037854] -> 0x0537
mem[X,0x80037856] -> 0x0001
[4849] [M]: 0x80037854 (0x00010537) lui a0, 16
x10 <- 0x00010000


mem[X,0x80037858] -> 0x0513
mem[X,0x8003785A] -> 0xFFE5
[4850] [M]: 0x80037858 (0xFFE50513) addi a0, a0, 4094
x10 <- 0x0000FFFE


mem[X,0x8003785C] -> 0x35B7
mem[X,0x8003785E] -> 0x3333
[4851] [M]: 0x8003785C (0x333335B7) lui a1, 209715
x11 <- 0x33333000


mem[X,0x80037860] -> 0x8593
mem[X,0x80037862] -> 0x3345
[4852] [M]: 0x80037860 (0x33458593) addi a1, a1, 820
x11 <- 0x33333334


mem[X,0x80037864] -> 0x0193
mem[X,0x80037866] -> 0x0000
[4853] [M]: 0x80037864 (0x00000193) addi gp, zero, 0
x3 <- 0x00000000


mem[X,0x80037868] -> 0x006F
mem[X,0x8003786A] -> 0x00C0
[4854] [M]: 0x80037868 (0x00C0006F) jal zero, 12


mem[X,0x80037874] -> 0x7063
mem[X,0x80037876] -> 0x10B5
[4855] [M]: 0x80037874 (0x10B57063) bgeu a0, a1, 256


mem[X,0x80037878] -> 0x8193
mem[X,0x8003787A] -> 0x0021
[4856] [M]: 0x80037878 (0x00218193) addi gp, gp, 2
x3 <- 0x00000002


mem[X,0x8003787C] -> 0x006F
mem[X,0x8003787E] -> 0x1000
[4857] [M]: 0x8003787C (0x1000006F) jal zero, 256


mem[X,0x8003797C] -> 0x2023
mem[X,0x8003797E] -> 0x7C31
[4858] [M]: 0x8003797C (0x7C312023) sw gp, 1984(sp)
mem[0x8004AA24] <- 0x00000002


mem[X,0x80037980] -> 0x0537
mem[X,0x80037982] -> 0x0001
[4859] [M]: 0x80037980 (0x00010537) lui a0, 16
x10 <- 0x00010000


mem[X,0x80037984] -> 0x0513
mem[X,0x80037986] -> 0xFFE5
[4860] [M]: 0x80037984 (0xFFE50513) addi a0, a0, 4094
x10 <- 0x0000FFFE


mem[X,0x80037988] -> 0x65B7
mem[X,0x8003798A] -> 0x6666
[4861] [M]: 0x80037988 (0x666665B7) lui a1, 419430
x11 <- 0x66666000


mem[X,0x8003798C] -> 0x8593
mem[X,0x8003798E] -> 0x6675
[4862] [M]: 0x8003798C (0x66758593) addi a1, a1, 1639
x11 <- 0x66666667


mem[X,0x80037990] -> 0x0193
mem[X,0x80037992] -> 0x0000
[4863] [M]: 0x80037990 (0x00000193) addi gp, zero, 0
x3 <- 0x00000000


mem[X,0x80037994] -> 0x006F
mem[X,0x80037996] -> 0x00C0
[4864] [M]: 0x80037994 (0x00C0006F) jal zero, 12


mem[X,0x800379A0] -> 0x7CE3
mem[X,0x800379A2] -> 0xFEB5
[4865] [M]: 0x800379A0 (0xFEB57CE3) bgeu a0, a1, 8184


mem[X,0x800379A4] -> 0x8193
mem[X,0x800379A6] -> 0x0021
[4866] [M]: 0x800379A4 (0x00218193) addi gp, gp, 2
x3 <- 0x00000002


mem[X,0x800379A8] -> 0x006F
mem[X,0x800379AA] -> 0x00C0
[4867] [M]: 0x800379A8 (0x00C0006F) jal zero, 12


mem[X,0x800379B4] -> 0x2223
mem[X,0x800379B6] -> 0x7C31
[4868] [M]: 0x800379B4 (0x7C312223) sw gp, 1988(sp)
mem[0x8004AA28] <- 0x00000002


mem[X,0x800379B8] -> 0x0537
mem[X,0x800379BA] -> 0x0001
[4869] [M]: 0x800379B8 (0x00010537) lui a0, 16
x10 <- 0x00010000


mem[X,0x800379BC] -> 0x0513
mem[X,0x800379BE] -> 0xFFE5
[4870] [M]: 0x800379BC (0xFFE50513) addi a0, a0, 4094
x10 <- 0x0000FFFE


mem[X,0x800379C0] -> 0xB5B7
mem[X,0x800379C2] -> 0x0000
[4871] [M]: 0x800379C0 (0x0000B5B7) lui a1, 11
x11 <- 0x0000B000


mem[X,0x800379C4] -> 0x8593
mem[X,0x800379C6] -> 0x5055
[4872] [M]: 0x800379C4 (0x50558593) addi a1, a1, 1285
x11 <- 0x0000B505


mem[X,0x800379C8] -> 0x0193
mem[X,0x800379CA] -> 0x0000
[4873] [M]: 0x800379C8 (0x00000193) addi gp, zero, 0
x3 <- 0x00000000


mem[X,0x800379CC] -> 0x006F
mem[X,0x800379CE] -> 0x00C0
[4874] [M]: 0x800379CC (0x00C0006F) jal zero, 12


mem[X,0x800379D8] -> 0x7CE3
mem[X,0x800379DA] -> 0xFEB5
[4875] [M]: 0x800379D8 (0xFEB57CE3) bgeu a0, a1, 8184


mem[X,0x800379D0] -> 0x8193
mem[X,0x800379D2] -> 0x0011
[4876] [M]: 0x800379D0 (0x00118193) addi gp, gp, 1
x3 <- 0x00000001


mem[X,0x800379D4] -> 0x006F
mem[X,0x800379D6] -> 0x0180
[4877] [M]: 0x800379D4 (0x0180006F) jal zero, 24


mem[X,0x800379EC] -> 0x2423
mem[X,0x800379EE] -> 0x7C31
[4878] [M]: 0x800379EC (0x7C312423) sw gp, 1992(sp)
mem[0x8004AA2C] <- 0x00000001


mem[X,0x800379F0] -> 0x0537
mem[X,0x800379F2] -> 0x0001
[4879] [M]: 0x800379F0 (0x00010537) lui a0, 16
x10 <- 0x00010000


mem[X,0x800379F4] -> 0x0513
mem[X,0x800379F6] -> 0xFFE5
[4880] [M]: 0x800379F4 (0xFFE50513) addi a0, a0, 4094
x10 <- 0x0000FFFE


mem[X,0x800379F8] -> 0x0593
mem[X,0x800379FA] -> 0x0010
[4881] [M]: 0x800379F8 (0x00100593) addi a1, zero, 1
x11 <- 0x00000001


mem[X,0x800379FC] -> 0x0193
mem[X,0x800379FE] -> 0x0000
[4882] [M]: 0x800379FC (0x00000193) addi gp, zero, 0
x3 <- 0x00000000


mem[X,0x80037A00] -> 0x006F
mem[X,0x80037A02] -> 0x00C0
[4883] [M]: 0x80037A00 (0x00C0006F) jal zero, 12


mem[X,0x80037A0C] -> 0x7063
mem[X,0x80037A0E] -> 0x04B5
[4884] [M]: 0x80037A0C (0x04B57063) bgeu a0, a1, 64


mem[X,0x80037A4C] -> 0x8193
mem[X,0x80037A4E] -> 0x0031
[4885] [M]: 0x80037A4C (0x00318193) addi gp, gp, 3
x3 <- 0x00000003


mem[X,0x80037A50] -> 0x006F
mem[X,0x80037A52] -> 0x0040
[4886] [M]: 0x80037A50 (0x0040006F) jal zero, 4


mem[X,0x80037A54] -> 0x2623
mem[X,0x80037A56] -> 0x7C31
[4887] [M]: 0x80037A54 (0x7C312623) sw gp, 1996(sp)
mem[0x8004AA30] <- 0x00000003


mem[X,0x80037A58] -> 0x0537
mem[X,0x80037A5A] -> 0x0001
[4888] [M]: 0x80037A58 (0x00010537) lui a0, 16
x10 <- 0x00010000


mem[X,0x80037A5C] -> 0x0513
mem[X,0x80037A5E] -> 0xFFE5
[4889] [M]: 0x80037A5C (0xFFE50513) addi a0, a0, 4094
x10 <- 0x0000FFFE


mem[X,0x80037A60] -> 0x05B7
mem[X,0x80037A62] -> 0x0001
[4890] [M]: 0x80037A60 (0x000105B7) lui a1, 16
x11 <- 0x00010000


mem[X,0x80037A64] -> 0x0193
mem[X,0x80037A66] -> 0x0000
[4891] [M]: 0x80037A64 (0x00000193) addi gp, zero, 0
x3 <- 0x00000000


mem[X,0x80037A68] -> 0x006F
mem[X,0x80037A6A] -> 0x00C0
[4892] [M]: 0x80037A68 (0x00C0006F) jal zero, 12


mem[X,0x80037A74] -> 0x7063
mem[X,0x80037A76] -> 0x02B5
[4893] [M]: 0x80037A74 (0x02B57063) bgeu a0, a1, 32


mem[X,0x80037A78] -> 0x8193
mem[X,0x80037A7A] -> 0x0021
[4894] [M]: 0x80037A78 (0x00218193) addi gp, gp, 2
x3 <- 0x00000002


mem[X,0x80037A7C] -> 0x006F
mem[X,0x80037A7E] -> 0x0200
[4895] [M]: 0x80037A7C (0x0200006F) jal zero, 32


mem[X,0x80037A9C] -> 0x2823
mem[X,0x80037A9E] -> 0x7C31
[4896] [M]: 0x80037A9C (0x7C312823) sw gp, 2000(sp)
mem[0x8004AA34] <- 0x00000002


mem[X,0x80037AA0] -> 0x5537
mem[X,0x80037AA2] -> 0x5555
[4897] [M]: 0x80037AA0 (0x55555537) lui a0, 349525
x10 <- 0x55555000


mem[X,0x80037AA4] -> 0x0513
mem[X,0x80037AA6] -> 0x5565
[4898] [M]: 0x80037AA4 (0x55650513) addi a0, a0, 1366
x10 <- 0x55555556


mem[X,0x80037AA8] -> 0x0593
mem[X,0x80037AAA] -> 0x0030
[4899] [M]: 0x80037AA8 (0x00300593) addi a1, zero, 3
x11 <- 0x00000003


clint::tick mtime <- 0x0000000000000031
 clint timer pending at mtime 0x0000000000000031
htif::tick 0x0000000000000000
mem[X,0x80037AAC] -> 0x0193
mem[X,0x80037AAE] -> 0x0000
[4900] [M]: 0x80037AAC (0x00000193) addi gp, zero, 0
x3 <- 0x00000000


mem[X,0x80037AB0] -> 0x006F
mem[X,0x80037AB2] -> 0x00C0
[4901] [M]: 0x80037AB0 (0x00C0006F) jal zero, 12


mem[X,0x80037ABC] -> 0x7663
mem[X,0x80037ABE] -> 0x00B5
[4902] [M]: 0x80037ABC (0x00B57663) bgeu a0, a1, 12


mem[X,0x80037AC8] -> 0x8193
mem[X,0x80037ACA] -> 0x0031
[4903] [M]: 0x80037AC8 (0x00318193) addi gp, gp, 3
x3 <- 0x00000003


mem[X,0x80037ACC] -> 0x006F
mem[X,0x80037ACE] -> 0x0040
[4904] [M]: 0x80037ACC (0x0040006F) jal zero, 4


mem[X,0x80037AD0] -> 0x2A23
mem[X,0x80037AD2] -> 0x7C31
[4905] [M]: 0x80037AD0 (0x7C312A23) sw gp, 2004(sp)
mem[0x8004AA38] <- 0x00000003


mem[X,0x80037AD4] -> 0x5537
mem[X,0x80037AD6] -> 0x5555
[4906] [M]: 0x80037AD4 (0x55555537) lui a0, 349525
x10 <- 0x55555000


mem[X,0x80037AD8] -> 0x0513
mem[X,0x80037ADA] -> 0x5565
[4907] [M]: 0x80037AD8 (0x55650513) addi a0, a0, 1366
x10 <- 0x55555556


mem[X,0x80037ADC] -> 0x55B7
mem[X,0x80037ADE] -> 0x5555
[4908] [M]: 0x80037ADC (0x555555B7) lui a1, 349525
x11 <- 0x55555000


mem[X,0x80037AE0] -> 0x8593
mem[X,0x80037AE2] -> 0x5555
[4909] [M]: 0x80037AE0 (0x55558593) addi a1, a1, 1365
x11 <- 0x55555555


mem[X,0x80037AE4] -> 0x0193
mem[X,0x80037AE6] -> 0x0000
[4910] [M]: 0x80037AE4 (0x00000193) addi gp, zero, 0
x3 <- 0x00000000


mem[X,0x80037AE8] -> 0x006F
mem[X,0x80037AEA] -> 0x00C0
[4911] [M]: 0x80037AE8 (0x00C0006F) jal zero, 12


mem[X,0x80037AF4] -> 0x7063
mem[X,0x80037AF6] -> 0x10B5
[4912] [M]: 0x80037AF4 (0x10B57063) bgeu a0, a1, 256


mem[X,0x80037BF4] -> 0x8193
mem[X,0x80037BF6] -> 0x0031
[4913] [M]: 0x80037BF4 (0x00318193) addi gp, gp, 3
x3 <- 0x00000003


mem[X,0x80037BF8] -> 0x006F
mem[X,0x80037BFA] -> 0x0040
[4914] [M]: 0x80037BF8 (0x0040006F) jal zero, 4


mem[X,0x80037BFC] -> 0x2C23
mem[X,0x80037BFE] -> 0x7C31
[4915] [M]: 0x80037BFC (0x7C312C23) sw gp, 2008(sp)
mem[0x8004AA3C] <- 0x00000003


mem[X,0x80037C00] -> 0x5537
mem[X,0x80037C02] -> 0x5555
[4916] [M]: 0x80037C00 (0x55555537) lui a0, 349525
x10 <- 0x55555000


mem[X,0x80037C04] -> 0x0513
mem[X,0x80037C06] -> 0x5565
[4917] [M]: 0x80037C04 (0x55650513) addi a0, a0, 1366
x10 <- 0x55555556


mem[X,0x80037C08] -> 0xB5B7
mem[X,0x80037C0A] -> 0xAAAA
[4918] [M]: 0x80037C08 (0xAAAAB5B7) lui a1, 699051
x11 <- 0xAAAAB000


mem[X,0x80037C0C] -> 0x8593
mem[X,0x80037C0E] -> 0xAAA5
[4919] [M]: 0x80037C0C (0xAAA58593) addi a1, a1, 2730
x11 <- 0xAAAAAAAA


mem[X,0x80037C10] -> 0x0193
mem[X,0x80037C12] -> 0x0000
[4920] [M]: 0x80037C10 (0x00000193) addi gp, zero, 0
x3 <- 0x00000000


mem[X,0x80037C14] -> 0x006F
mem[X,0x80037C16] -> 0x00C0
[4921] [M]: 0x80037C14 (0x00C0006F) jal zero, 12


mem[X,0x80037C20] -> 0x7663
mem[X,0x80037C22] -> 0x00B5
[4922] [M]: 0x80037C20 (0x00B57663) bgeu a0, a1, 12


mem[X,0x80037C24] -> 0x8193
mem[X,0x80037C26] -> 0x0021
[4923] [M]: 0x80037C24 (0x00218193) addi gp, gp, 2
x3 <- 0x00000002


mem[X,0x80037C28] -> 0x006F
mem[X,0x80037C2A] -> 0x00C0
[4924] [M]: 0x80037C28 (0x00C0006F) jal zero, 12


mem[X,0x80037C34] -> 0x2E23
mem[X,0x80037C36] -> 0x7C31
[4925] [M]: 0x80037C34 (0x7C312E23) sw gp, 2012(sp)
mem[0x8004AA40] <- 0x00000002


mem[X,0x80037C38] -> 0x5537
mem[X,0x80037C3A] -> 0x5555
[4926] [M]: 0x80037C38 (0x55555537) lui a0, 349525
x10 <- 0x55555000


mem[X,0x80037C3C] -> 0x0513
mem[X,0x80037C3E] -> 0x5565
[4927] [M]: 0x80037C3C (0x55650513) addi a0, a0, 1366
x10 <- 0x55555556


mem[X,0x80037C40] -> 0x0593
mem[X,0x80037C42] -> 0x0050
[4928] [M]: 0x80037C40 (0x00500593) addi a1, zero, 5
x11 <- 0x00000005


mem[X,0x80037C44] -> 0x0193
mem[X,0x80037C46] -> 0x0000
[4929] [M]: 0x80037C44 (0x00000193) addi gp, zero, 0
x3 <- 0x00000000


mem[X,0x80037C48] -> 0x006F
mem[X,0x80037C4A] -> 0x00C0
[4930] [M]: 0x80037C48 (0x00C0006F) jal zero, 12


mem[X,0x80037C54] -> 0x7CE3
mem[X,0x80037C56] -> 0xFEB5
[4931] [M]: 0x80037C54 (0xFEB57CE3) bgeu a0, a1, 8184


mem[X,0x80037C4C] -> 0x8193
mem[X,0x80037C4E] -> 0x0011
[4932] [M]: 0x80037C4C (0x00118193) addi gp, gp, 1
x3 <- 0x00000001


mem[X,0x80037C50] -> 0x006F
mem[X,0x80037C52] -> 0x0180
[4933] [M]: 0x80037C50 (0x0180006F) jal zero, 24


mem[X,0x80037C68] -> 0x2023
mem[X,0x80037C6A] -> 0x7E31
[4934] [M]: 0x80037C68 (0x7E312023) sw gp, 2016(sp)
mem[0x8004AA44] <- 0x00000001


mem[X,0x80037C6C] -> 0x5537
mem[X,0x80037C6E] -> 0x5555
[4935] [M]: 0x80037C6C (0x55555537) lui a0, 349525
x10 <- 0x55555000


mem[X,0x80037C70] -> 0x0513
mem[X,0x80037C72] -> 0x5565
[4936] [M]: 0x80037C70 (0x55650513) addi a0, a0, 1366
x10 <- 0x55555556


mem[X,0x80037C74] -> 0x35B7
mem[X,0x80037C76] -> 0x3333
[4937] [M]: 0x80037C74 (0x333335B7) lui a1, 209715
x11 <- 0x33333000


mem[X,0x80037C78] -> 0x8593
mem[X,0x80037C7A] -> 0x3335
[4938] [M]: 0x80037C78 (0x33358593) addi a1, a1, 819
x11 <- 0x33333333


mem[X,0x80037C7C] -> 0x0193
mem[X,0x80037C7E] -> 0x0000
[4939] [M]: 0x80037C7C (0x00000193) addi gp, zero, 0
x3 <- 0x00000000


mem[X,0x80037C80] -> 0x006F
mem[X,0x80037C82] -> 0x00C0
[4940] [M]: 0x80037C80 (0x00C0006F) jal zero, 12


mem[X,0x80037C8C] -> 0x7063
mem[X,0x80037C8E] -> 0x02B5
[4941] [M]: 0x80037C8C (0x02B57063) bgeu a0, a1, 32


mem[X,0x80037CAC] -> 0x8193
mem[X,0x80037CAE] -> 0x0031
[4942] [M]: 0x80037CAC (0x00318193) addi gp, gp, 3
x3 <- 0x00000003


mem[X,0x80037CB0] -> 0x006F
mem[X,0x80037CB2] -> 0x0040
[4943] [M]: 0x80037CB0 (0x0040006F) jal zero, 4


mem[X,0x80037CB4] -> 0x2223
mem[X,0x80037CB6] -> 0x7E31
[4944] [M]: 0x80037CB4 (0x7E312223) sw gp, 2020(sp)
mem[0x8004AA48] <- 0x00000003


mem[X,0x80037CB8] -> 0x5537
mem[X,0x80037CBA] -> 0x5555
[4945] [M]: 0x80037CB8 (0x55555537) lui a0, 349525
x10 <- 0x55555000


mem[X,0x80037CBC] -> 0x0513
mem[X,0x80037CBE] -> 0x5565
[4946] [M]: 0x80037CBC (0x55650513) addi a0, a0, 1366
x10 <- 0x55555556


mem[X,0x80037CC0] -> 0x65B7
mem[X,0x80037CC2] -> 0x6666
[4947] [M]: 0x80037CC0 (0x666665B7) lui a1, 419430
x11 <- 0x66666000


mem[X,0x80037CC4] -> 0x8593
mem[X,0x80037CC6] -> 0x6665
[4948] [M]: 0x80037CC4 (0x66658593) addi a1, a1, 1638
x11 <- 0x66666666


mem[X,0x80037CC8] -> 0x0193
mem[X,0x80037CCA] -> 0x0000
[4949] [M]: 0x80037CC8 (0x00000193) addi gp, zero, 0
x3 <- 0x00000000


mem[X,0x80037CCC] -> 0x006F
mem[X,0x80037CCE] -> 0x00C0
[4950] [M]: 0x80037CCC (0x00C0006F) jal zero, 12


mem[X,0x80037CD8] -> 0x7663
mem[X,0x80037CDA] -> 0x00B5
[4951] [M]: 0x80037CD8 (0x00B57663) bgeu a0, a1, 12


mem[X,0x80037CDC] -> 0x8193
mem[X,0x80037CDE] -> 0x0021
[4952] [M]: 0x80037CDC (0x00218193) addi gp, gp, 2
x3 <- 0x00000002


mem[X,0x80037CE0] -> 0x006F
mem[X,0x80037CE2] -> 0x00C0
[4953] [M]: 0x80037CE0 (0x00C0006F) jal zero, 12


mem[X,0x80037CEC] -> 0x2423
mem[X,0x80037CEE] -> 0x7E31
[4954] [M]: 0x80037CEC (0x7E312423) sw gp, 2024(sp)
mem[0x8004AA4C] <- 0x00000002


mem[X,0x80037CF0] -> 0x5537
mem[X,0x80037CF2] -> 0x5555
[4955] [M]: 0x80037CF0 (0x55555537) lui a0, 349525
x10 <- 0x55555000


mem[X,0x80037CF4] -> 0x0513
mem[X,0x80037CF6] -> 0x5565
[4956] [M]: 0x80037CF4 (0x55650513) addi a0, a0, 1366
x10 <- 0x55555556


mem[X,0x80037CF8] -> 0xB5B7
mem[X,0x80037CFA] -> 0x0000
[4957] [M]: 0x80037CF8 (0x0000B5B7) lui a1, 11
x11 <- 0x0000B000


mem[X,0x80037CFC] -> 0x8593
mem[X,0x80037CFE] -> 0x5045
[4958] [M]: 0x80037CFC (0x50458593) addi a1, a1, 1284
x11 <- 0x0000B504


mem[X,0x80037D00] -> 0x0193
mem[X,0x80037D02] -> 0x0000
[4959] [M]: 0x80037D00 (0x00000193) addi gp, zero, 0
x3 <- 0x00000000


mem[X,0x80037D04] -> 0x006F
mem[X,0x80037D06] -> 0x0100
[4960] [M]: 0x80037D04 (0x0100006F) jal zero, 16


mem[X,0x80037D14] -> 0x7AE3
mem[X,0x80037D16] -> 0xFEB5
[4961] [M]: 0x80037D14 (0xFEB57AE3) bgeu a0, a1, 8180


mem[X,0x80037D08] -> 0x8193
mem[X,0x80037D0A] -> 0x0011
[4962] [M]: 0x80037D08 (0x00118193) addi gp, gp, 1
x3 <- 0x00000001


mem[X,0x80037D0C] -> 0x006F
mem[X,0x80037D0E] -> 0x01C0
[4963] [M]: 0x80037D0C (0x01C0006F) jal zero, 28


mem[X,0x80037D28] -> 0x2623
mem[X,0x80037D2A] -> 0x7E31
[4964] [M]: 0x80037D28 (0x7E312623) sw gp, 2028(sp)
mem[0x8004AA50] <- 0x00000001


mem[X,0x80037D2C] -> 0x5537
mem[X,0x80037D2E] -> 0x5555
[4965] [M]: 0x80037D2C (0x55555537) lui a0, 349525
x10 <- 0x55555000


mem[X,0x80037D30] -> 0x0513
mem[X,0x80037D32] -> 0x5565
[4966] [M]: 0x80037D30 (0x55650513) addi a0, a0, 1366
x10 <- 0x55555556


mem[X,0x80037D34] -> 0x0593
mem[X,0x80037D36] -> 0x0000
[4967] [M]: 0x80037D34 (0x00000593) addi a1, zero, 0
x11 <- 0x00000000


mem[X,0x80037D38] -> 0x0193
mem[X,0x80037D3A] -> 0x0000
[4968] [M]: 0x80037D38 (0x00000193) addi gp, zero, 0
x3 <- 0x00000000


mem[X,0x80037D3C] -> 0x006F
mem[X,0x80037D3E] -> 0x00C0
[4969] [M]: 0x80037D3C (0x00C0006F) jal zero, 12


mem[X,0x80037D48] -> 0x7063
mem[X,0x80037D4A] -> 0x20B5
[4970] [M]: 0x80037D48 (0x20B57063) bgeu a0, a1, 512


mem[X,0x80037F48] -> 0x8193
mem[X,0x80037F4A] -> 0x0031
[4971] [M]: 0x80037F48 (0x00318193) addi gp, gp, 3
x3 <- 0x00000003


mem[X,0x80037F4C] -> 0x006F
mem[X,0x80037F4E] -> 0x0040
[4972] [M]: 0x80037F4C (0x0040006F) jal zero, 4


mem[X,0x80037F50] -> 0x2823
mem[X,0x80037F52] -> 0x7E31
[4973] [M]: 0x80037F50 (0x7E312823) sw gp, 2032(sp)
mem[0x8004AA54] <- 0x00000003


mem[X,0x80037F54] -> 0x5537
mem[X,0x80037F56] -> 0x5555
[4974] [M]: 0x80037F54 (0x55555537) lui a0, 349525
x10 <- 0x55555000


mem[X,0x80037F58] -> 0x0513
mem[X,0x80037F5A] -> 0x5565
[4975] [M]: 0x80037F58 (0x55650513) addi a0, a0, 1366
x10 <- 0x55555556


mem[X,0x80037F5C] -> 0x05B7
mem[X,0x80037F5E] -> 0x0001
[4976] [M]: 0x80037F5C (0x000105B7) lui a1, 16
x11 <- 0x00010000


mem[X,0x80037F60] -> 0x8593
mem[X,0x80037F62] -> 0xFFF5
[4977] [M]: 0x80037F60 (0xFFF58593) addi a1, a1, 4095
x11 <- 0x0000FFFF


mem[X,0x80037F64] -> 0x0193
mem[X,0x80037F66] -> 0x0000
[4978] [M]: 0x80037F64 (0x00000193) addi gp, zero, 0
x3 <- 0x00000000


mem[X,0x80037F68] -> 0x006F
mem[X,0x80037F6A] -> 0x0180
[4979] [M]: 0x80037F68 (0x0180006F) jal zero, 24


mem[X,0x80037F80] -> 0x76E3
mem[X,0x80037F82] -> 0xFEB5
[4980] [M]: 0x80037F80 (0xFEB576E3) bgeu a0, a1, 8172


mem[X,0x80037F6C] -> 0x8193
mem[X,0x80037F6E] -> 0x0011
[4981] [M]: 0x80037F6C (0x00118193) addi gp, gp, 1
x3 <- 0x00000001


mem[X,0x80037F70] -> 0x006F
mem[X,0x80037F72] -> 0x0240
[4982] [M]: 0x80037F70 (0x0240006F) jal zero, 36


mem[X,0x80037F94] -> 0x2A23
mem[X,0x80037F96] -> 0x7E31
[4983] [M]: 0x80037F94 (0x7E312A23) sw gp, 2036(sp)
mem[0x8004AA58] <- 0x00000001


mem[X,0x80037F98] -> 0x5537
mem[X,0x80037F9A] -> 0x5555
[4984] [M]: 0x80037F98 (0x55555537) lui a0, 349525
x10 <- 0x55555000


mem[X,0x80037F9C] -> 0x0513
mem[X,0x80037F9E] -> 0x5565
[4985] [M]: 0x80037F9C (0x55650513) addi a0, a0, 1366
x10 <- 0x55555556


mem[X,0x80037FA0] -> 0x0593
mem[X,0x80037FA2] -> 0x0020
[4986] [M]: 0x80037FA0 (0x00200593) addi a1, zero, 2
x11 <- 0x00000002


mem[X,0x80037FA4] -> 0x0193
mem[X,0x80037FA6] -> 0x0000
[4987] [M]: 0x80037FA4 (0x00000193) addi gp, zero, 0
x3 <- 0x00000000


mem[X,0x80037FA8] -> 0x006F
mem[X,0x80037FAA] -> 0x00C0
[4988] [M]: 0x80037FA8 (0x00C0006F) jal zero, 12


mem[X,0x80037FB4] -> 0x7063
mem[X,0x80037FB6] -> 0x04B5
[4989] [M]: 0x80037FB4 (0x04B57063) bgeu a0, a1, 64


mem[X,0x80037FF4] -> 0x8193
mem[X,0x80037FF6] -> 0x0031
[4990] [M]: 0x80037FF4 (0x00318193) addi gp, gp, 3
x3 <- 0x00000003


mem[X,0x80037FF8] -> 0x006F
mem[X,0x80037FFA] -> 0x0040
[4991] [M]: 0x80037FF8 (0x0040006F) jal zero, 4


mem[X,0x80037FFC] -> 0x2C23
mem[X,0x80037FFE] -> 0x7E31
[4992] [M]: 0x80037FFC (0x7E312C23) sw gp, 2040(sp)
mem[0x8004AA5C] <- 0x00000003


mem[X,0x80038000] -> 0x5537
mem[X,0x80038002] -> 0x5555
[4993] [M]: 0x80038000 (0x55555537) lui a0, 349525
x10 <- 0x55555000


mem[X,0x80038004] -> 0x0513
mem[X,0x80038006] -> 0x5565
[4994] [M]: 0x80038004 (0x55650513) addi a0, a0, 1366
x10 <- 0x55555556


mem[X,0x80038008] -> 0x55B7
mem[X,0x8003800A] -> 0x5555
[4995] [M]: 0x80038008 (0x555555B7) lui a1, 349525
x11 <- 0x55555000


mem[X,0x8003800C] -> 0x8593
mem[X,0x8003800E] -> 0x5545
[4996] [M]: 0x8003800C (0x55458593) addi a1, a1, 1364
x11 <- 0x55555554


mem[X,0x80038010] -> 0x0193
mem[X,0x80038012] -> 0x0000
[4997] [M]: 0x80038010 (0x00000193) addi gp, zero, 0
x3 <- 0x00000000


mem[X,0x80038014] -> 0x006F
mem[X,0x80038016] -> 0x00C0
[4998] [M]: 0x80038014 (0x00C0006F) jal zero, 12


mem[X,0x80038020] -> 0x7063
mem[X,0x80038022] -> 0x02B5
[4999] [M]: 0x80038020 (0x02B57063) bgeu a0, a1, 32


clint::tick mtime <- 0x0000000000000032
 clint timer pending at mtime 0x0000000000000032
htif::tick 0x0000000000000000
mem[X,0x80038040] -> 0x8193
mem[X,0x80038042] -> 0x0031
[5000] [M]: 0x80038040 (0x00318193) addi gp, gp, 3
x3 <- 0x00000003


mem[X,0x80038044] -> 0x006F
mem[X,0x80038046] -> 0x0040
[5001] [M]: 0x80038044 (0x0040006F) jal zero, 4


mem[X,0x80038048] -> 0x2E23
mem[X,0x8003804A] -> 0x7E31
[5002] [M]: 0x80038048 (0x7E312E23) sw gp, 2044(sp)
mem[0x8004AA60] <- 0x00000003


mem[X,0x8003804C] -> 0x3117
mem[X,0x8003804E] -> 0x0001
[5003] [M]: 0x8003804C (0x00013117) auipc sp, 19
x2 <- 0x8004B04C


mem[X,0x80038050] -> 0x0113
mem[X,0x80038052] -> 0xA181
[5004] [M]: 0x80038050 (0xA1810113) addi sp, sp, 2584
x2 <- 0x8004AA64


mem[X,0x80038054] -> 0x5537
mem[X,0x80038056] -> 0x5555
[5005] [M]: 0x80038054 (0x55555537) lui a0, 349525
x10 <- 0x55555000


mem[X,0x80038058] -> 0x0513
mem[X,0x8003805A] -> 0x5565
[5006] [M]: 0x80038058 (0x55650513) addi a0, a0, 1366
x10 <- 0x55555556


mem[X,0x8003805C] -> 0xB5B7
mem[X,0x8003805E] -> 0xAAAA
[5007] [M]: 0x8003805C (0xAAAAB5B7) lui a1, 699051
x11 <- 0xAAAAB000


mem[X,0x80038060] -> 0x8593
mem[X,0x80038062] -> 0xAA95
[5008] [M]: 0x80038060 (0xAA958593) addi a1, a1, 2729
x11 <- 0xAAAAAAA9


mem[X,0x80038064] -> 0x0193
mem[X,0x80038066] -> 0x0000
[5009] [M]: 0x80038064 (0x00000193) addi gp, zero, 0
x3 <- 0x00000000


mem[X,0x80038068] -> 0x006F
mem[X,0x8003806A] -> 0x00C0
[5010] [M]: 0x80038068 (0x00C0006F) jal zero, 12


mem[X,0x80038074] -> 0x7063
mem[X,0x80038076] -> 0x04B5
[5011] [M]: 0x80038074 (0x04B57063) bgeu a0, a1, 64


mem[X,0x80038078] -> 0x8193
mem[X,0x8003807A] -> 0x0021
[5012] [M]: 0x80038078 (0x00218193) addi gp, gp, 2
x3 <- 0x00000002


mem[X,0x8003807C] -> 0x006F
mem[X,0x8003807E] -> 0x0400
[5013] [M]: 0x8003807C (0x0400006F) jal zero, 64


mem[X,0x800380BC] -> 0x2023
mem[X,0x800380BE] -> 0x0031
[5014] [M]: 0x800380BC (0x00312023) sw gp, 0(sp)
mem[0x8004AA64] <- 0x00000002


mem[X,0x800380C0] -> 0x5537
mem[X,0x800380C2] -> 0x5555
[5015] [M]: 0x800380C0 (0x55555537) lui a0, 349525
x10 <- 0x55555000


mem[X,0x800380C4] -> 0x0513
mem[X,0x800380C6] -> 0x5565
[5016] [M]: 0x800380C4 (0x55650513) addi a0, a0, 1366
x10 <- 0x55555556


mem[X,0x800380C8] -> 0x0593
mem[X,0x800380CA] -> 0x0040
[5017] [M]: 0x800380C8 (0x00400593) addi a1, zero, 4
x11 <- 0x00000004


mem[X,0x800380CC] -> 0x0193
mem[X,0x800380CE] -> 0x0000
[5018] [M]: 0x800380CC (0x00000193) addi gp, zero, 0
x3 <- 0x00000000


mem[X,0x800380D0] -> 0x006F
mem[X,0x800380D2] -> 0x0180
[5019] [M]: 0x800380D0 (0x0180006F) jal zero, 24


mem[X,0x800380E8] -> 0x76E3
mem[X,0x800380EA] -> 0xFEB5
[5020] [M]: 0x800380E8 (0xFEB576E3) bgeu a0, a1, 8172


mem[X,0x800380D4] -> 0x8193
mem[X,0x800380D6] -> 0x0011
[5021] [M]: 0x800380D4 (0x00118193) addi gp, gp, 1
x3 <- 0x00000001


mem[X,0x800380D8] -> 0x006F
mem[X,0x800380DA] -> 0x0240
[5022] [M]: 0x800380D8 (0x0240006F) jal zero, 36


mem[X,0x800380FC] -> 0x2223
mem[X,0x800380FE] -> 0x0031
[5023] [M]: 0x800380FC (0x00312223) sw gp, 4(sp)
mem[0x8004AA68] <- 0x00000001


mem[X,0x80038100] -> 0x5537
mem[X,0x80038102] -> 0x5555
[5024] [M]: 0x80038100 (0x55555537) lui a0, 349525
x10 <- 0x55555000


mem[X,0x80038104] -> 0x0513
mem[X,0x80038106] -> 0x5565
[5025] [M]: 0x80038104 (0x55650513) addi a0, a0, 1366
x10 <- 0x55555556


mem[X,0x80038108] -> 0x35B7
mem[X,0x8003810A] -> 0x3333
[5026] [M]: 0x80038108 (0x333335B7) lui a1, 209715
x11 <- 0x33333000


mem[X,0x8003810C] -> 0x8593
mem[X,0x8003810E] -> 0x3325
[5027] [M]: 0x8003810C (0x33258593) addi a1, a1, 818
x11 <- 0x33333332


mem[X,0x80038110] -> 0x0193
mem[X,0x80038112] -> 0x0000
[5028] [M]: 0x80038110 (0x00000193) addi gp, zero, 0
x3 <- 0x00000000


mem[X,0x80038114] -> 0x006F
mem[X,0x80038116] -> 0x00C0
[5029] [M]: 0x80038114 (0x00C0006F) jal zero, 12


mem[X,0x80038120] -> 0x7063
mem[X,0x80038122] -> 0x08B5
[5030] [M]: 0x80038120 (0x08B57063) bgeu a0, a1, 128


mem[X,0x800381A0] -> 0x8193
mem[X,0x800381A2] -> 0x0031
[5031] [M]: 0x800381A0 (0x00318193) addi gp, gp, 3
x3 <- 0x00000003


mem[X,0x800381A4] -> 0x006F
mem[X,0x800381A6] -> 0x0040
[5032] [M]: 0x800381A4 (0x0040006F) jal zero, 4


mem[X,0x800381A8] -> 0x2423
mem[X,0x800381AA] -> 0x0031
[5033] [M]: 0x800381A8 (0x00312423) sw gp, 8(sp)
mem[0x8004AA6C] <- 0x00000003


mem[X,0x800381AC] -> 0x5537
mem[X,0x800381AE] -> 0x5555
[5034] [M]: 0x800381AC (0x55555537) lui a0, 349525
x10 <- 0x55555000


mem[X,0x800381B0] -> 0x0513
mem[X,0x800381B2] -> 0x5565
[5035] [M]: 0x800381B0 (0x55650513) addi a0, a0, 1366
x10 <- 0x55555556


mem[X,0x800381B4] -> 0x65B7
mem[X,0x800381B6] -> 0x6666
[5036] [M]: 0x800381B4 (0x666665B7) lui a1, 419430
x11 <- 0x66666000


mem[X,0x800381B8] -> 0x8593
mem[X,0x800381BA] -> 0x6655
[5037] [M]: 0x800381B8 (0x66558593) addi a1, a1, 1637
x11 <- 0x66666665


mem[X,0x800381BC] -> 0x0193
mem[X,0x800381BE] -> 0x0000
[5038] [M]: 0x800381BC (0x00000193) addi gp, zero, 0
x3 <- 0x00000000


mem[X,0x800381C0] -> 0x006F
mem[X,0x800381C2] -> 0x00C0
[5039] [M]: 0x800381C0 (0x00C0006F) jal zero, 12


mem[X,0x800381CC] -> 0x7063
mem[X,0x800381CE] -> 0x20B5
[5040] [M]: 0x800381CC (0x20B57063) bgeu a0, a1, 512


mem[X,0x800381D0] -> 0x8193
mem[X,0x800381D2] -> 0x0021
[5041] [M]: 0x800381D0 (0x00218193) addi gp, gp, 2
x3 <- 0x00000002


mem[X,0x800381D4] -> 0x006F
mem[X,0x800381D6] -> 0x2000
[5042] [M]: 0x800381D4 (0x2000006F) jal zero, 512


mem[X,0x800383D4] -> 0x2623
mem[X,0x800383D6] -> 0x0031
[5043] [M]: 0x800383D4 (0x00312623) sw gp, 12(sp)
mem[0x8004AA70] <- 0x00000002


mem[X,0x800383D8] -> 0x5537
mem[X,0x800383DA] -> 0x5555
[5044] [M]: 0x800383D8 (0x55555537) lui a0, 349525
x10 <- 0x55555000


mem[X,0x800383DC] -> 0x0513
mem[X,0x800383DE] -> 0x5565
[5045] [M]: 0x800383DC (0x55650513) addi a0, a0, 1366
x10 <- 0x55555556


mem[X,0x800383E0] -> 0xB5B7
mem[X,0x800383E2] -> 0x0000
[5046] [M]: 0x800383E0 (0x0000B5B7) lui a1, 11
x11 <- 0x0000B000


mem[X,0x800383E4] -> 0x8593
mem[X,0x800383E6] -> 0x5035
[5047] [M]: 0x800383E4 (0x50358593) addi a1, a1, 1283
x11 <- 0x0000B503


mem[X,0x800383E8] -> 0x0193
mem[X,0x800383EA] -> 0x0000
[5048] [M]: 0x800383E8 (0x00000193) addi gp, zero, 0
x3 <- 0x00000000


mem[X,0x800383EC] -> 0x006F
mem[X,0x800383EE] -> 0x0140
[5049] [M]: 0x800383EC (0x0140006F) jal zero, 20


mem[X,0x80038400] -> 0x78E3
mem[X,0x80038402] -> 0xFEB5
[5050] [M]: 0x80038400 (0xFEB578E3) bgeu a0, a1, 8176


mem[X,0x800383F0] -> 0x8193
mem[X,0x800383F2] -> 0x0011
[5051] [M]: 0x800383F0 (0x00118193) addi gp, gp, 1
x3 <- 0x00000001


mem[X,0x800383F4] -> 0x006F
mem[X,0x800383F6] -> 0x0200
[5052] [M]: 0x800383F4 (0x0200006F) jal zero, 32


mem[X,0x80038414] -> 0x2823
mem[X,0x80038416] -> 0x0031
[5053] [M]: 0x80038414 (0x00312823) sw gp, 16(sp)
mem[0x8004AA74] <- 0x00000001


mem[X,0x80038418] -> 0x5537
mem[X,0x8003841A] -> 0x5555
[5054] [M]: 0x80038418 (0x55555537) lui a0, 349525
x10 <- 0x55555000


mem[X,0x8003841C] -> 0x0513
mem[X,0x8003841E] -> 0x5565
[5055] [M]: 0x8003841C (0x55650513) addi a0, a0, 1366
x10 <- 0x55555556


mem[X,0x80038420] -> 0x05B7
mem[X,0x80038422] -> 0x0001
[5056] [M]: 0x80038420 (0x000105B7) lui a1, 16
x11 <- 0x00010000


mem[X,0x80038424] -> 0x8593
mem[X,0x80038426] -> 0xFFE5
[5057] [M]: 0x80038424 (0xFFE58593) addi a1, a1, 4094
x11 <- 0x0000FFFE


mem[X,0x80038428] -> 0x0193
mem[X,0x8003842A] -> 0x0000
[5058] [M]: 0x80038428 (0x00000193) addi gp, zero, 0
x3 <- 0x00000000


mem[X,0x8003842C] -> 0x006F
mem[X,0x8003842E] -> 0x00C0
[5059] [M]: 0x8003842C (0x00C0006F) jal zero, 12


mem[X,0x80038438] -> 0x7863
mem[X,0x8003843A] -> 0x00B5
[5060] [M]: 0x80038438 (0x00B57863) bgeu a0, a1, 16


mem[X,0x80038448] -> 0x8193
mem[X,0x8003844A] -> 0x0031
[5061] [M]: 0x80038448 (0x00318193) addi gp, gp, 3
x3 <- 0x00000003


mem[X,0x8003844C] -> 0x006F
mem[X,0x8003844E] -> 0x0040
[5062] [M]: 0x8003844C (0x0040006F) jal zero, 4


mem[X,0x80038450] -> 0x2A23
mem[X,0x80038452] -> 0x0031
[5063] [M]: 0x80038450 (0x00312A23) sw gp, 20(sp)
mem[0x8004AA78] <- 0x00000003


mem[X,0x80038454] -> 0x5537
mem[X,0x80038456] -> 0x5555
[5064] [M]: 0x80038454 (0x55555537) lui a0, 349525
x10 <- 0x55555000


mem[X,0x80038458] -> 0x0513
mem[X,0x8003845A] -> 0x5565
[5065] [M]: 0x80038458 (0x55650513) addi a0, a0, 1366
x10 <- 0x55555556


mem[X,0x8003845C] -> 0x55B7
mem[X,0x8003845E] -> 0x5555
[5066] [M]: 0x8003845C (0x555555B7) lui a1, 349525
x11 <- 0x55555000


mem[X,0x80038460] -> 0x8593
mem[X,0x80038462] -> 0x5565
[5067] [M]: 0x80038460 (0x55658593) addi a1, a1, 1366
x11 <- 0x55555556


mem[X,0x80038464] -> 0x0193
mem[X,0x80038466] -> 0x0000
[5068] [M]: 0x80038464 (0x00000193) addi gp, zero, 0
x3 <- 0x00000000


mem[X,0x80038468] -> 0x006F
mem[X,0x8003846A] -> 0x00C0
[5069] [M]: 0x80038468 (0x00C0006F) jal zero, 12


mem[X,0x80038474] -> 0x7663
mem[X,0x80038476] -> 0x00B5
[5070] [M]: 0x80038474 (0x00B57663) bgeu a0, a1, 12


mem[X,0x80038480] -> 0x8193
mem[X,0x80038482] -> 0x0031
[5071] [M]: 0x80038480 (0x00318193) addi gp, gp, 3
x3 <- 0x00000003


mem[X,0x80038484] -> 0x006F
mem[X,0x80038486] -> 0x0040
[5072] [M]: 0x80038484 (0x0040006F) jal zero, 4


mem[X,0x80038488] -> 0x2C23
mem[X,0x8003848A] -> 0x0031
[5073] [M]: 0x80038488 (0x00312C23) sw gp, 24(sp)
mem[0x8004AA7C] <- 0x00000003


mem[X,0x8003848C] -> 0x5537
mem[X,0x8003848E] -> 0x5555
[5074] [M]: 0x8003848C (0x55555537) lui a0, 349525
x10 <- 0x55555000


mem[X,0x80038490] -> 0x0513
mem[X,0x80038492] -> 0x5565
[5075] [M]: 0x80038490 (0x55650513) addi a0, a0, 1366
x10 <- 0x55555556


mem[X,0x80038494] -> 0xB5B7
mem[X,0x80038496] -> 0xAAAA
[5076] [M]: 0x80038494 (0xAAAAB5B7) lui a1, 699051
x11 <- 0xAAAAB000


mem[X,0x80038498] -> 0x8593
mem[X,0x8003849A] -> 0xAAB5
[5077] [M]: 0x80038498 (0xAAB58593) addi a1, a1, 2731
x11 <- 0xAAAAAAAB


mem[X,0x8003849C] -> 0x0193
mem[X,0x8003849E] -> 0x0000
[5078] [M]: 0x8003849C (0x00000193) addi gp, zero, 0
x3 <- 0x00000000


mem[X,0x800384A0] -> 0x006F
mem[X,0x800384A2] -> 0x2B10
[5079] [M]: 0x800384A0 (0x2B10006F) jal zero, 2736


mem[X,0x80038F50] -> 0x7A63
mem[X,0x80038F52] -> 0xD4B5
[5080] [M]: 0x80038F50 (0xD4B57A63) bgeu a0, a1, 5460


mem[X,0x80038F54] -> 0x8193
mem[X,0x80038F56] -> 0x0021
[5081] [M]: 0x80038F54 (0x00218193) addi gp, gp, 2
x3 <- 0x00000002


mem[X,0x80038F58] -> 0x006F
mem[X,0x80038F5A] -> 0x00C0
[5082] [M]: 0x80038F58 (0x00C0006F) jal zero, 12


mem[X,0x80038F64] -> 0x2E23
mem[X,0x80038F66] -> 0x0031
[5083] [M]: 0x80038F64 (0x00312E23) sw gp, 28(sp)
mem[0x8004AA80] <- 0x00000002


mem[X,0x80038F68] -> 0x5537
mem[X,0x80038F6A] -> 0x5555
[5084] [M]: 0x80038F68 (0x55555537) lui a0, 349525
x10 <- 0x55555000


mem[X,0x80038F6C] -> 0x0513
mem[X,0x80038F6E] -> 0x5565
[5085] [M]: 0x80038F6C (0x55650513) addi a0, a0, 1366
x10 <- 0x55555556


mem[X,0x80038F70] -> 0x0593
mem[X,0x80038F72] -> 0x0060
[5086] [M]: 0x80038F70 (0x00600593) addi a1, zero, 6
x11 <- 0x00000006


mem[X,0x80038F74] -> 0x0193
mem[X,0x80038F76] -> 0x0000
[5087] [M]: 0x80038F74 (0x00000193) addi gp, zero, 0
x3 <- 0x00000000


mem[X,0x80038F78] -> 0x006F
mem[X,0x80038F7A] -> 0x0100
[5088] [M]: 0x80038F78 (0x0100006F) jal zero, 16


mem[X,0x80038F88] -> 0x7AE3
mem[X,0x80038F8A] -> 0xFEB5
[5089] [M]: 0x80038F88 (0xFEB57AE3) bgeu a0, a1, 8180


mem[X,0x80038F7C] -> 0x8193
mem[X,0x80038F7E] -> 0x0011
[5090] [M]: 0x80038F7C (0x00118193) addi gp, gp, 1
x3 <- 0x00000001


mem[X,0x80038F80] -> 0x006F
mem[X,0x80038F82] -> 0x01C0
[5091] [M]: 0x80038F80 (0x01C0006F) jal zero, 28


mem[X,0x80038F9C] -> 0x2023
mem[X,0x80038F9E] -> 0x0231
[5092] [M]: 0x80038F9C (0x02312023) sw gp, 32(sp)
mem[0x8004AA84] <- 0x00000001


mem[X,0x80038FA0] -> 0x5537
mem[X,0x80038FA2] -> 0x5555
[5093] [M]: 0x80038FA0 (0x55555537) lui a0, 349525
x10 <- 0x55555000


mem[X,0x80038FA4] -> 0x0513
mem[X,0x80038FA6] -> 0x5565
[5094] [M]: 0x80038FA4 (0x55650513) addi a0, a0, 1366
x10 <- 0x55555556


mem[X,0x80038FA8] -> 0x35B7
mem[X,0x80038FAA] -> 0x3333
[5095] [M]: 0x80038FA8 (0x333335B7) lui a1, 209715
x11 <- 0x33333000


mem[X,0x80038FAC] -> 0x8593
mem[X,0x80038FAE] -> 0x3345
[5096] [M]: 0x80038FAC (0x33458593) addi a1, a1, 820
x11 <- 0x33333334


mem[X,0x80038FB0] -> 0x0193
mem[X,0x80038FB2] -> 0x0000
[5097] [M]: 0x80038FB0 (0x00000193) addi gp, zero, 0
x3 <- 0x00000000


mem[X,0x80038FB4] -> 0x006F
mem[X,0x80038FB6] -> 0x00C0
[5098] [M]: 0x80038FB4 (0x00C0006F) jal zero, 12


mem[X,0x80038FC0] -> 0x7063
mem[X,0x80038FC2] -> 0x20B5
[5099] [M]: 0x80038FC0 (0x20B57063) bgeu a0, a1, 512


clint::tick mtime <- 0x0000000000000033
 clint timer pending at mtime 0x0000000000000033
htif::tick 0x0000000000000000
mem[X,0x800391C0] -> 0x8193
mem[X,0x800391C2] -> 0x0031
[5100] [M]: 0x800391C0 (0x00318193) addi gp, gp, 3
x3 <- 0x00000003


mem[X,0x800391C4] -> 0x006F
mem[X,0x800391C6] -> 0x0040
[5101] [M]: 0x800391C4 (0x0040006F) jal zero, 4


mem[X,0x800391C8] -> 0x2223
mem[X,0x800391CA] -> 0x0231
[5102] [M]: 0x800391C8 (0x02312223) sw gp, 36(sp)
mem[0x8004AA88] <- 0x00000003


mem[X,0x800391CC] -> 0x5537
mem[X,0x800391CE] -> 0x5555
[5103] [M]: 0x800391CC (0x55555537) lui a0, 349525
x10 <- 0x55555000


mem[X,0x800391D0] -> 0x0513
mem[X,0x800391D2] -> 0x5565
[5104] [M]: 0x800391D0 (0x55650513) addi a0, a0, 1366
x10 <- 0x55555556


mem[X,0x800391D4] -> 0x65B7
mem[X,0x800391D6] -> 0x6666
[5105] [M]: 0x800391D4 (0x666665B7) lui a1, 419430
x11 <- 0x66666000


mem[X,0x800391D8] -> 0x8593
mem[X,0x800391DA] -> 0x6675
[5106] [M]: 0x800391D8 (0x66758593) addi a1, a1, 1639
x11 <- 0x66666667


mem[X,0x800391DC] -> 0x0193
mem[X,0x800391DE] -> 0x0000
[5107] [M]: 0x800391DC (0x00000193) addi gp, zero, 0
x3 <- 0x00000000


mem[X,0x800391E0] -> 0x006F
mem[X,0x800391E2] -> 0x00C0
[5108] [M]: 0x800391E0 (0x00C0006F) jal zero, 12


mem[X,0x800391EC] -> 0x7663
mem[X,0x800391EE] -> 0x00B5
[5109] [M]: 0x800391EC (0x00B57663) bgeu a0, a1, 12


mem[X,0x800391F0] -> 0x8193
mem[X,0x800391F2] -> 0x0021
[5110] [M]: 0x800391F0 (0x00218193) addi gp, gp, 2
x3 <- 0x00000002


mem[X,0x800391F4] -> 0x006F
mem[X,0x800391F6] -> 0x00C0
[5111] [M]: 0x800391F4 (0x00C0006F) jal zero, 12


mem[X,0x80039200] -> 0x2423
mem[X,0x80039202] -> 0x0231
[5112] [M]: 0x80039200 (0x02312423) sw gp, 40(sp)
mem[0x8004AA8C] <- 0x00000002


mem[X,0x80039204] -> 0x5537
mem[X,0x80039206] -> 0x5555
[5113] [M]: 0x80039204 (0x55555537) lui a0, 349525
x10 <- 0x55555000


mem[X,0x80039208] -> 0x0513
mem[X,0x8003920A] -> 0x5565
[5114] [M]: 0x80039208 (0x55650513) addi a0, a0, 1366
x10 <- 0x55555556


mem[X,0x8003920C] -> 0xB5B7
mem[X,0x8003920E] -> 0x0000
[5115] [M]: 0x8003920C (0x0000B5B7) lui a1, 11
x11 <- 0x0000B000


mem[X,0x80039210] -> 0x8593
mem[X,0x80039212] -> 0x5055
[5116] [M]: 0x80039210 (0x50558593) addi a1, a1, 1285
x11 <- 0x0000B505


mem[X,0x80039214] -> 0x0193
mem[X,0x80039216] -> 0x0000
[5117] [M]: 0x80039214 (0x00000193) addi gp, zero, 0
x3 <- 0x00000000


mem[X,0x80039218] -> 0x006F
mem[X,0x8003921A] -> 0x00C0
[5118] [M]: 0x80039218 (0x00C0006F) jal zero, 12


mem[X,0x80039224] -> 0x7CE3
mem[X,0x80039226] -> 0xFEB5
[5119] [M]: 0x80039224 (0xFEB57CE3) bgeu a0, a1, 8184


mem[X,0x8003921C] -> 0x8193
mem[X,0x8003921E] -> 0x0011
[5120] [M]: 0x8003921C (0x00118193) addi gp, gp, 1
x3 <- 0x00000001


mem[X,0x80039220] -> 0x006F
mem[X,0x80039222] -> 0x0180
[5121] [M]: 0x80039220 (0x0180006F) jal zero, 24


mem[X,0x80039238] -> 0x2623
mem[X,0x8003923A] -> 0x0231
[5122] [M]: 0x80039238 (0x02312623) sw gp, 44(sp)
mem[0x8004AA90] <- 0x00000001


mem[X,0x8003923C] -> 0x5537
mem[X,0x8003923E] -> 0x5555
[5123] [M]: 0x8003923C (0x55555537) lui a0, 349525
x10 <- 0x55555000


mem[X,0x80039240] -> 0x0513
mem[X,0x80039242] -> 0x5565
[5124] [M]: 0x80039240 (0x55650513) addi a0, a0, 1366
x10 <- 0x55555556


mem[X,0x80039244] -> 0x0593
mem[X,0x80039246] -> 0x0010
[5125] [M]: 0x80039244 (0x00100593) addi a1, zero, 1
x11 <- 0x00000001


mem[X,0x80039248] -> 0x0193
mem[X,0x8003924A] -> 0x0000
[5126] [M]: 0x80039248 (0x00000193) addi gp, zero, 0
x3 <- 0x00000000


mem[X,0x8003924C] -> 0x006F
mem[X,0x8003924E] -> 0x00C0
[5127] [M]: 0x8003924C (0x00C0006F) jal zero, 12


mem[X,0x80039258] -> 0x7CE3
mem[X,0x8003925A] -> 0xFEB5
[5128] [M]: 0x80039258 (0xFEB57CE3) bgeu a0, a1, 8184


mem[X,0x80039250] -> 0x8193
mem[X,0x80039252] -> 0x0011
[5129] [M]: 0x80039250 (0x00118193) addi gp, gp, 1
x3 <- 0x00000001


mem[X,0x80039254] -> 0x006F
mem[X,0x80039256] -> 0x0180
[5130] [M]: 0x80039254 (0x0180006F) jal zero, 24


mem[X,0x8003926C] -> 0x2823
mem[X,0x8003926E] -> 0x0231
[5131] [M]: 0x8003926C (0x02312823) sw gp, 48(sp)
mem[0x8004AA94] <- 0x00000001


mem[X,0x80039270] -> 0x5537
mem[X,0x80039272] -> 0x5555
[5132] [M]: 0x80039270 (0x55555537) lui a0, 349525
x10 <- 0x55555000


mem[X,0x80039274] -> 0x0513
mem[X,0x80039276] -> 0x5565
[5133] [M]: 0x80039274 (0x55650513) addi a0, a0, 1366
x10 <- 0x55555556


mem[X,0x80039278] -> 0x05B7
mem[X,0x8003927A] -> 0x0001
[5134] [M]: 0x80039278 (0x000105B7) lui a1, 16
x11 <- 0x00010000


mem[X,0x8003927C] -> 0x0193
mem[X,0x8003927E] -> 0x0000
[5135] [M]: 0x8003927C (0x00000193) addi gp, zero, 0
x3 <- 0x00000000


mem[X,0x80039280] -> 0x006F
mem[X,0x80039282] -> 0x00C0
[5136] [M]: 0x80039280 (0x00C0006F) jal zero, 12


mem[X,0x8003928C] -> 0x7063
mem[X,0x8003928E] -> 0x02B5
[5137] [M]: 0x8003928C (0x02B57063) bgeu a0, a1, 32


mem[X,0x800392AC] -> 0x8193
mem[X,0x800392AE] -> 0x0031
[5138] [M]: 0x800392AC (0x00318193) addi gp, gp, 3
x3 <- 0x00000003


mem[X,0x800392B0] -> 0x006F
mem[X,0x800392B2] -> 0x0040
[5139] [M]: 0x800392B0 (0x0040006F) jal zero, 4


mem[X,0x800392B4] -> 0x2A23
mem[X,0x800392B6] -> 0x0231
[5140] [M]: 0x800392B4 (0x02312A23) sw gp, 52(sp)
mem[0x8004AA98] <- 0x00000003


mem[X,0x800392B8] -> 0xB537
mem[X,0x800392BA] -> 0xAAAA
[5141] [M]: 0x800392B8 (0xAAAAB537) lui a0, 699051
x10 <- 0xAAAAB000


mem[X,0x800392BC] -> 0x0513
mem[X,0x800392BE] -> 0xAAB5
[5142] [M]: 0x800392BC (0xAAB50513) addi a0, a0, 2731
x10 <- 0xAAAAAAAB


mem[X,0x800392C0] -> 0x0593
mem[X,0x800392C2] -> 0x0030
[5143] [M]: 0x800392C0 (0x00300593) addi a1, zero, 3
x11 <- 0x00000003


mem[X,0x800392C4] -> 0x0193
mem[X,0x800392C6] -> 0x0000
[5144] [M]: 0x800392C4 (0x00000193) addi gp, zero, 0
x3 <- 0x00000000


mem[X,0x800392C8] -> 0x006F
mem[X,0x800392CA] -> 0x00C0
[5145] [M]: 0x800392C8 (0x00C0006F) jal zero, 12


mem[X,0x800392D4] -> 0x7063
mem[X,0x800392D6] -> 0x08B5
[5146] [M]: 0x800392D4 (0x08B57063) bgeu a0, a1, 128


mem[X,0x80039354] -> 0x8193
mem[X,0x80039356] -> 0x0031
[5147] [M]: 0x80039354 (0x00318193) addi gp, gp, 3
x3 <- 0x00000003


mem[X,0x80039358] -> 0x006F
mem[X,0x8003935A] -> 0x0040
[5148] [M]: 0x80039358 (0x0040006F) jal zero, 4


mem[X,0x8003935C] -> 0x2C23
mem[X,0x8003935E] -> 0x0231
[5149] [M]: 0x8003935C (0x02312C23) sw gp, 56(sp)
mem[0x8004AA9C] <- 0x00000003


mem[X,0x80039360] -> 0xB537
mem[X,0x80039362] -> 0xAAAA
[5150] [M]: 0x80039360 (0xAAAAB537) lui a0, 699051
x10 <- 0xAAAAB000


mem[X,0x80039364] -> 0x0513
mem[X,0x80039366] -> 0xAAB5
[5151] [M]: 0x80039364 (0xAAB50513) addi a0, a0, 2731
x10 <- 0xAAAAAAAB


mem[X,0x80039368] -> 0x55B7
mem[X,0x8003936A] -> 0x5555
[5152] [M]: 0x80039368 (0x555555B7) lui a1, 349525
x11 <- 0x55555000


mem[X,0x8003936C] -> 0x8593
mem[X,0x8003936E] -> 0x5555
[5153] [M]: 0x8003936C (0x55558593) addi a1, a1, 1365
x11 <- 0x55555555


mem[X,0x80039370] -> 0x0193
mem[X,0x80039372] -> 0x0000
[5154] [M]: 0x80039370 (0x00000193) addi gp, zero, 0
x3 <- 0x00000000


mem[X,0x80039374] -> 0x006F
mem[X,0x80039376] -> 0x00C0
[5155] [M]: 0x80039374 (0x00C0006F) jal zero, 12


mem[X,0x80039380] -> 0x7063
mem[X,0x80039382] -> 0x10B5
[5156] [M]: 0x80039380 (0x10B57063) bgeu a0, a1, 256


mem[X,0x80039480] -> 0x8193
mem[X,0x80039482] -> 0x0031
[5157] [M]: 0x80039480 (0x00318193) addi gp, gp, 3
x3 <- 0x00000003


mem[X,0x80039484] -> 0x006F
mem[X,0x80039486] -> 0x0040
[5158] [M]: 0x80039484 (0x0040006F) jal zero, 4


mem[X,0x80039488] -> 0x2E23
mem[X,0x8003948A] -> 0x0231
[5159] [M]: 0x80039488 (0x02312E23) sw gp, 60(sp)
mem[0x8004AAA0] <- 0x00000003


mem[X,0x8003948C] -> 0xB537
mem[X,0x8003948E] -> 0xAAAA
[5160] [M]: 0x8003948C (0xAAAAB537) lui a0, 699051
x10 <- 0xAAAAB000


mem[X,0x80039490] -> 0x0513
mem[X,0x80039492] -> 0xAAB5
[5161] [M]: 0x80039490 (0xAAB50513) addi a0, a0, 2731
x10 <- 0xAAAAAAAB


mem[X,0x80039494] -> 0xB5B7
mem[X,0x80039496] -> 0xAAAA
[5162] [M]: 0x80039494 (0xAAAAB5B7) lui a1, 699051
x11 <- 0xAAAAB000


mem[X,0x80039498] -> 0x8593
mem[X,0x8003949A] -> 0xAAA5
[5163] [M]: 0x80039498 (0xAAA58593) addi a1, a1, 2730
x11 <- 0xAAAAAAAA


mem[X,0x8003949C] -> 0x0193
mem[X,0x8003949E] -> 0x0000
[5164] [M]: 0x8003949C (0x00000193) addi gp, zero, 0
x3 <- 0x00000000


mem[X,0x800394A0] -> 0x006F
mem[X,0x800394A2] -> 0x00C0
[5165] [M]: 0x800394A0 (0x00C0006F) jal zero, 12


mem[X,0x800394AC] -> 0x7663
mem[X,0x800394AE] -> 0x00B5
[5166] [M]: 0x800394AC (0x00B57663) bgeu a0, a1, 12


mem[X,0x800394B8] -> 0x8193
mem[X,0x800394BA] -> 0x0031
[5167] [M]: 0x800394B8 (0x00318193) addi gp, gp, 3
x3 <- 0x00000003


mem[X,0x800394BC] -> 0x006F
mem[X,0x800394BE] -> 0x0040
[5168] [M]: 0x800394BC (0x0040006F) jal zero, 4


mem[X,0x800394C0] -> 0x2023
mem[X,0x800394C2] -> 0x0431
[5169] [M]: 0x800394C0 (0x04312023) sw gp, 64(sp)
mem[0x8004AAA4] <- 0x00000003


mem[X,0x800394C4] -> 0xB537
mem[X,0x800394C6] -> 0xAAAA
[5170] [M]: 0x800394C4 (0xAAAAB537) lui a0, 699051
x10 <- 0xAAAAB000


mem[X,0x800394C8] -> 0x0513
mem[X,0x800394CA] -> 0xAAB5
[5171] [M]: 0x800394C8 (0xAAB50513) addi a0, a0, 2731
x10 <- 0xAAAAAAAB


mem[X,0x800394CC] -> 0x0593
mem[X,0x800394CE] -> 0x0050
[5172] [M]: 0x800394CC (0x00500593) addi a1, zero, 5
x11 <- 0x00000005


mem[X,0x800394D0] -> 0x0193
mem[X,0x800394D2] -> 0x0000
[5173] [M]: 0x800394D0 (0x00000193) addi gp, zero, 0
x3 <- 0x00000000


mem[X,0x800394D4] -> 0x006F
mem[X,0x800394D6] -> 0x00C0
[5174] [M]: 0x800394D4 (0x00C0006F) jal zero, 12


mem[X,0x800394E0] -> 0x7063
mem[X,0x800394E2] -> 0x04B5
[5175] [M]: 0x800394E0 (0x04B57063) bgeu a0, a1, 64


mem[X,0x80039520] -> 0x8193
mem[X,0x80039522] -> 0x0031
[5176] [M]: 0x80039520 (0x00318193) addi gp, gp, 3
x3 <- 0x00000003


mem[X,0x80039524] -> 0x006F
mem[X,0x80039526] -> 0x0040
[5177] [M]: 0x80039524 (0x0040006F) jal zero, 4


mem[X,0x80039528] -> 0x2223
mem[X,0x8003952A] -> 0x0431
[5178] [M]: 0x80039528 (0x04312223) sw gp, 68(sp)
mem[0x8004AAA8] <- 0x00000003


mem[X,0x8003952C] -> 0xB537
mem[X,0x8003952E] -> 0xAAAA
[5179] [M]: 0x8003952C (0xAAAAB537) lui a0, 699051
x10 <- 0xAAAAB000


mem[X,0x80039530] -> 0x0513
mem[X,0x80039532] -> 0xAAB5
[5180] [M]: 0x80039530 (0xAAB50513) addi a0, a0, 2731
x10 <- 0xAAAAAAAB


mem[X,0x80039534] -> 0x35B7
mem[X,0x80039536] -> 0x3333
[5181] [M]: 0x80039534 (0x333335B7) lui a1, 209715
x11 <- 0x33333000


mem[X,0x80039538] -> 0x8593
mem[X,0x8003953A] -> 0x3335
[5182] [M]: 0x80039538 (0x33358593) addi a1, a1, 819
x11 <- 0x33333333


mem[X,0x8003953C] -> 0x0193
mem[X,0x8003953E] -> 0x0000
[5183] [M]: 0x8003953C (0x00000193) addi gp, zero, 0
x3 <- 0x00000000


mem[X,0x80039540] -> 0x006F
mem[X,0x80039542] -> 0x00C0
[5184] [M]: 0x80039540 (0x00C0006F) jal zero, 12


mem[X,0x8003954C] -> 0x7063
mem[X,0x8003954E] -> 0x04B5
[5185] [M]: 0x8003954C (0x04B57063) bgeu a0, a1, 64


mem[X,0x8003958C] -> 0x8193
mem[X,0x8003958E] -> 0x0031
[5186] [M]: 0x8003958C (0x00318193) addi gp, gp, 3
x3 <- 0x00000003


mem[X,0x80039590] -> 0x006F
mem[X,0x80039592] -> 0x0040
[5187] [M]: 0x80039590 (0x0040006F) jal zero, 4


mem[X,0x80039594] -> 0x2423
mem[X,0x80039596] -> 0x0431
[5188] [M]: 0x80039594 (0x04312423) sw gp, 72(sp)
mem[0x8004AAAC] <- 0x00000003


mem[X,0x80039598] -> 0xB537
mem[X,0x8003959A] -> 0xAAAA
[5189] [M]: 0x80039598 (0xAAAAB537) lui a0, 699051
x10 <- 0xAAAAB000


mem[X,0x8003959C] -> 0x0513
mem[X,0x8003959E] -> 0xAAB5
[5190] [M]: 0x8003959C (0xAAB50513) addi a0, a0, 2731
x10 <- 0xAAAAAAAB


mem[X,0x800395A0] -> 0x65B7
mem[X,0x800395A2] -> 0x6666
[5191] [M]: 0x800395A0 (0x666665B7) lui a1, 419430
x11 <- 0x66666000


mem[X,0x800395A4] -> 0x8593
mem[X,0x800395A6] -> 0x6665
[5192] [M]: 0x800395A4 (0x66658593) addi a1, a1, 1638
x11 <- 0x66666666


mem[X,0x800395A8] -> 0x0193
mem[X,0x800395AA] -> 0x0000
[5193] [M]: 0x800395A8 (0x00000193) addi gp, zero, 0
x3 <- 0x00000000


mem[X,0x800395AC] -> 0x006F
mem[X,0x800395AE] -> 0x00C0
[5194] [M]: 0x800395AC (0x00C0006F) jal zero, 12


mem[X,0x800395B8] -> 0x7663
mem[X,0x800395BA] -> 0x00B5
[5195] [M]: 0x800395B8 (0x00B57663) bgeu a0, a1, 12


mem[X,0x800395C4] -> 0x8193
mem[X,0x800395C6] -> 0x0031
[5196] [M]: 0x800395C4 (0x00318193) addi gp, gp, 3
x3 <- 0x00000003


mem[X,0x800395C8] -> 0x006F
mem[X,0x800395CA] -> 0x0040
[5197] [M]: 0x800395C8 (0x0040006F) jal zero, 4


mem[X,0x800395CC] -> 0x2623
mem[X,0x800395CE] -> 0x0431
[5198] [M]: 0x800395CC (0x04312623) sw gp, 76(sp)
mem[0x8004AAB0] <- 0x00000003


mem[X,0x800395D0] -> 0xB537
mem[X,0x800395D2] -> 0xAAAA
[5199] [M]: 0x800395D0 (0xAAAAB537) lui a0, 699051
x10 <- 0xAAAAB000


clint::tick mtime <- 0x0000000000000034
 clint timer pending at mtime 0x0000000000000034
htif::tick 0x0000000000000000
mem[X,0x800395D4] -> 0x0513
mem[X,0x800395D6] -> 0xAAB5
[5200] [M]: 0x800395D4 (0xAAB50513) addi a0, a0, 2731
x10 <- 0xAAAAAAAB


mem[X,0x800395D8] -> 0xB5B7
mem[X,0x800395DA] -> 0x0000
[5201] [M]: 0x800395D8 (0x0000B5B7) lui a1, 11
x11 <- 0x0000B000


mem[X,0x800395DC] -> 0x8593
mem[X,0x800395DE] -> 0x5045
[5202] [M]: 0x800395DC (0x50458593) addi a1, a1, 1284
x11 <- 0x0000B504


mem[X,0x800395E0] -> 0x0193
mem[X,0x800395E2] -> 0x0000
[5203] [M]: 0x800395E0 (0x00000193) addi gp, zero, 0
x3 <- 0x00000000


mem[X,0x800395E4] -> 0x006F
mem[X,0x800395E6] -> 0x00C0
[5204] [M]: 0x800395E4 (0x00C0006F) jal zero, 12


mem[X,0x800395F0] -> 0x7063
mem[X,0x800395F2] -> 0x20B5
[5205] [M]: 0x800395F0 (0x20B57063) bgeu a0, a1, 512


mem[X,0x800397F0] -> 0x8193
mem[X,0x800397F2] -> 0x0031
[5206] [M]: 0x800397F0 (0x00318193) addi gp, gp, 3
x3 <- 0x00000003


mem[X,0x800397F4] -> 0x006F
mem[X,0x800397F6] -> 0x0040
[5207] [M]: 0x800397F4 (0x0040006F) jal zero, 4


mem[X,0x800397F8] -> 0x2823
mem[X,0x800397FA] -> 0x0431
[5208] [M]: 0x800397F8 (0x04312823) sw gp, 80(sp)
mem[0x8004AAB4] <- 0x00000003


mem[X,0x800397FC] -> 0xB537
mem[X,0x800397FE] -> 0xAAAA
[5209] [M]: 0x800397FC (0xAAAAB537) lui a0, 699051
x10 <- 0xAAAAB000


mem[X,0x80039800] -> 0x0513
mem[X,0x80039802] -> 0xAAB5
[5210] [M]: 0x80039800 (0xAAB50513) addi a0, a0, 2731
x10 <- 0xAAAAAAAB


mem[X,0x80039804] -> 0x0593
mem[X,0x80039806] -> 0x0000
[5211] [M]: 0x80039804 (0x00000593) addi a1, zero, 0
x11 <- 0x00000000


mem[X,0x80039808] -> 0x0193
mem[X,0x8003980A] -> 0x0000
[5212] [M]: 0x80039808 (0x00000193) addi gp, zero, 0
x3 <- 0x00000000


mem[X,0x8003980C] -> 0x006F
mem[X,0x8003980E] -> 0x0050
[5213] [M]: 0x8003980C (0x0050006F) jal zero, 2052


mem[X,0x8003A010] -> 0x70E3
mem[X,0x8003A012] -> 0x80B5
[5214] [M]: 0x8003A010 (0x80B570E3) bgeu a0, a1, 6144


mem[X,0x80039810] -> 0x8193
mem[X,0x80039812] -> 0x0011
[5215] [M]: 0x80039810 (0x00118193) addi gp, gp, 1
x3 <- 0x00000001


mem[X,0x80039814] -> 0x006F
mem[X,0x80039816] -> 0x0110
[5216] [M]: 0x80039814 (0x0110006F) jal zero, 2064


mem[X,0x8003A024] -> 0x2A23
mem[X,0x8003A026] -> 0x0431
[5217] [M]: 0x8003A024 (0x04312A23) sw gp, 84(sp)
mem[0x8004AAB8] <- 0x00000001


mem[X,0x8003A028] -> 0xB537
mem[X,0x8003A02A] -> 0xAAAA
[5218] [M]: 0x8003A028 (0xAAAAB537) lui a0, 699051
x10 <- 0xAAAAB000


mem[X,0x8003A02C] -> 0x0513
mem[X,0x8003A02E] -> 0xAAB5
[5219] [M]: 0x8003A02C (0xAAB50513) addi a0, a0, 2731
x10 <- 0xAAAAAAAB


mem[X,0x8003A030] -> 0x05B7
mem[X,0x8003A032] -> 0x0001
[5220] [M]: 0x8003A030 (0x000105B7) lui a1, 16
x11 <- 0x00010000


mem[X,0x8003A034] -> 0x8593
mem[X,0x8003A036] -> 0xFFF5
[5221] [M]: 0x8003A034 (0xFFF58593) addi a1, a1, 4095
x11 <- 0x0000FFFF


mem[X,0x8003A038] -> 0x0193
mem[X,0x8003A03A] -> 0x0000
[5222] [M]: 0x8003A038 (0x00000193) addi gp, zero, 0
x3 <- 0x00000000


mem[X,0x8003A03C] -> 0x006F
mem[X,0x8003A03E] -> 0x00C0
[5223] [M]: 0x8003A03C (0x00C0006F) jal zero, 12


mem[X,0x8003A048] -> 0x7CE3
mem[X,0x8003A04A] -> 0xFEB5
[5224] [M]: 0x8003A048 (0xFEB57CE3) bgeu a0, a1, 8184


mem[X,0x8003A040] -> 0x8193
mem[X,0x8003A042] -> 0x0011
[5225] [M]: 0x8003A040 (0x00118193) addi gp, gp, 1
x3 <- 0x00000001


mem[X,0x8003A044] -> 0x006F
mem[X,0x8003A046] -> 0x0180
[5226] [M]: 0x8003A044 (0x0180006F) jal zero, 24


mem[X,0x8003A05C] -> 0x2C23
mem[X,0x8003A05E] -> 0x0431
[5227] [M]: 0x8003A05C (0x04312C23) sw gp, 88(sp)
mem[0x8004AABC] <- 0x00000001


mem[X,0x8003A060] -> 0xB537
mem[X,0x8003A062] -> 0xAAAA
[5228] [M]: 0x8003A060 (0xAAAAB537) lui a0, 699051
x10 <- 0xAAAAB000


mem[X,0x8003A064] -> 0x0513
mem[X,0x8003A066] -> 0xAAB5
[5229] [M]: 0x8003A064 (0xAAB50513) addi a0, a0, 2731
x10 <- 0xAAAAAAAB


mem[X,0x8003A068] -> 0x0593
mem[X,0x8003A06A] -> 0x0020
[5230] [M]: 0x8003A068 (0x00200593) addi a1, zero, 2
x11 <- 0x00000002


mem[X,0x8003A06C] -> 0x0193
mem[X,0x8003A06E] -> 0x0000
[5231] [M]: 0x8003A06C (0x00000193) addi gp, zero, 0
x3 <- 0x00000000


mem[X,0x8003A070] -> 0x006F
mem[X,0x8003A072] -> 0x00C0
[5232] [M]: 0x8003A070 (0x00C0006F) jal zero, 12


mem[X,0x8003A07C] -> 0x7063
mem[X,0x8003A07E] -> 0x40B5
[5233] [M]: 0x8003A07C (0x40B57063) bgeu a0, a1, 1024


mem[X,0x8003A47C] -> 0x8193
mem[X,0x8003A47E] -> 0x0031
[5234] [M]: 0x8003A47C (0x00318193) addi gp, gp, 3
x3 <- 0x00000003


mem[X,0x8003A480] -> 0x006F
mem[X,0x8003A482] -> 0x0040
[5235] [M]: 0x8003A480 (0x0040006F) jal zero, 4


mem[X,0x8003A484] -> 0x2E23
mem[X,0x8003A486] -> 0x0431
[5236] [M]: 0x8003A484 (0x04312E23) sw gp, 92(sp)
mem[0x8004AAC0] <- 0x00000003


mem[X,0x8003A488] -> 0xB537
mem[X,0x8003A48A] -> 0xAAAA
[5237] [M]: 0x8003A488 (0xAAAAB537) lui a0, 699051
x10 <- 0xAAAAB000


mem[X,0x8003A48C] -> 0x0513
mem[X,0x8003A48E] -> 0xAAB5
[5238] [M]: 0x8003A48C (0xAAB50513) addi a0, a0, 2731
x10 <- 0xAAAAAAAB


mem[X,0x8003A490] -> 0x55B7
mem[X,0x8003A492] -> 0x5555
[5239] [M]: 0x8003A490 (0x555555B7) lui a1, 349525
x11 <- 0x55555000


mem[X,0x8003A494] -> 0x8593
mem[X,0x8003A496] -> 0x5545
[5240] [M]: 0x8003A494 (0x55458593) addi a1, a1, 1364
x11 <- 0x55555554


mem[X,0x8003A498] -> 0x0193
mem[X,0x8003A49A] -> 0x0000
[5241] [M]: 0x8003A498 (0x00000193) addi gp, zero, 0
x3 <- 0x00000000


mem[X,0x8003A49C] -> 0x006F
mem[X,0x8003A49E] -> 0x00C0
[5242] [M]: 0x8003A49C (0x00C0006F) jal zero, 12


mem[X,0x8003A4A8] -> 0x7CE3
mem[X,0x8003A4AA] -> 0xFEB5
[5243] [M]: 0x8003A4A8 (0xFEB57CE3) bgeu a0, a1, 8184


mem[X,0x8003A4A0] -> 0x8193
mem[X,0x8003A4A2] -> 0x0011
[5244] [M]: 0x8003A4A0 (0x00118193) addi gp, gp, 1
x3 <- 0x00000001


mem[X,0x8003A4A4] -> 0x006F
mem[X,0x8003A4A6] -> 0x0180
[5245] [M]: 0x8003A4A4 (0x0180006F) jal zero, 24


mem[X,0x8003A4BC] -> 0x2023
mem[X,0x8003A4BE] -> 0x0631
[5246] [M]: 0x8003A4BC (0x06312023) sw gp, 96(sp)
mem[0x8004AAC4] <- 0x00000001


mem[X,0x8003A4C0] -> 0xB537
mem[X,0x8003A4C2] -> 0xAAAA
[5247] [M]: 0x8003A4C0 (0xAAAAB537) lui a0, 699051
x10 <- 0xAAAAB000


mem[X,0x8003A4C4] -> 0x0513
mem[X,0x8003A4C6] -> 0xAAB5
[5248] [M]: 0x8003A4C4 (0xAAB50513) addi a0, a0, 2731
x10 <- 0xAAAAAAAB


mem[X,0x8003A4C8] -> 0xB5B7
mem[X,0x8003A4CA] -> 0xAAAA
[5249] [M]: 0x8003A4C8 (0xAAAAB5B7) lui a1, 699051
x11 <- 0xAAAAB000


mem[X,0x8003A4CC] -> 0x8593
mem[X,0x8003A4CE] -> 0xAA95
[5250] [M]: 0x8003A4CC (0xAA958593) addi a1, a1, 2729
x11 <- 0xAAAAAAA9


mem[X,0x8003A4D0] -> 0x0193
mem[X,0x8003A4D2] -> 0x0000
[5251] [M]: 0x8003A4D0 (0x00000193) addi gp, zero, 0
x3 <- 0x00000000


mem[X,0x8003A4D4] -> 0x006F
mem[X,0x8003A4D6] -> 0x00C0
[5252] [M]: 0x8003A4D4 (0x00C0006F) jal zero, 12


mem[X,0x8003A4E0] -> 0x7063
mem[X,0x8003A4E2] -> 0x08B5
[5253] [M]: 0x8003A4E0 (0x08B57063) bgeu a0, a1, 128


mem[X,0x8003A560] -> 0x8193
mem[X,0x8003A562] -> 0x0031
[5254] [M]: 0x8003A560 (0x00318193) addi gp, gp, 3
x3 <- 0x00000003


mem[X,0x8003A564] -> 0x006F
mem[X,0x8003A566] -> 0x0040
[5255] [M]: 0x8003A564 (0x0040006F) jal zero, 4


mem[X,0x8003A568] -> 0x2223
mem[X,0x8003A56A] -> 0x0631
[5256] [M]: 0x8003A568 (0x06312223) sw gp, 100(sp)
mem[0x8004AAC8] <- 0x00000003


mem[X,0x8003A56C] -> 0xB537
mem[X,0x8003A56E] -> 0xAAAA
[5257] [M]: 0x8003A56C (0xAAAAB537) lui a0, 699051
x10 <- 0xAAAAB000


mem[X,0x8003A570] -> 0x0513
mem[X,0x8003A572] -> 0xAAB5
[5258] [M]: 0x8003A570 (0xAAB50513) addi a0, a0, 2731
x10 <- 0xAAAAAAAB


mem[X,0x8003A574] -> 0x35B7
mem[X,0x8003A576] -> 0x3333
[5259] [M]: 0x8003A574 (0x333335B7) lui a1, 209715
x11 <- 0x33333000


mem[X,0x8003A578] -> 0x8593
mem[X,0x8003A57A] -> 0x3325
[5260] [M]: 0x8003A578 (0x33258593) addi a1, a1, 818
x11 <- 0x33333332


mem[X,0x8003A57C] -> 0x0193
mem[X,0x8003A57E] -> 0x0000
[5261] [M]: 0x8003A57C (0x00000193) addi gp, zero, 0
x3 <- 0x00000000


mem[X,0x8003A580] -> 0x006F
mem[X,0x8003A582] -> 0x00C0
[5262] [M]: 0x8003A580 (0x00C0006F) jal zero, 12


mem[X,0x8003A58C] -> 0x7663
mem[X,0x8003A58E] -> 0x00B5
[5263] [M]: 0x8003A58C (0x00B57663) bgeu a0, a1, 12


mem[X,0x8003A598] -> 0x8193
mem[X,0x8003A59A] -> 0x0031
[5264] [M]: 0x8003A598 (0x00318193) addi gp, gp, 3
x3 <- 0x00000003


mem[X,0x8003A59C] -> 0x006F
mem[X,0x8003A59E] -> 0x0040
[5265] [M]: 0x8003A59C (0x0040006F) jal zero, 4


mem[X,0x8003A5A0] -> 0x2423
mem[X,0x8003A5A2] -> 0x0631
[5266] [M]: 0x8003A5A0 (0x06312423) sw gp, 104(sp)
mem[0x8004AACC] <- 0x00000003


mem[X,0x8003A5A4] -> 0xB537
mem[X,0x8003A5A6] -> 0xAAAA
[5267] [M]: 0x8003A5A4 (0xAAAAB537) lui a0, 699051
x10 <- 0xAAAAB000


mem[X,0x8003A5A8] -> 0x0513
mem[X,0x8003A5AA] -> 0xAAB5
[5268] [M]: 0x8003A5A8 (0xAAB50513) addi a0, a0, 2731
x10 <- 0xAAAAAAAB


mem[X,0x8003A5AC] -> 0x65B7
mem[X,0x8003A5AE] -> 0x6666
[5269] [M]: 0x8003A5AC (0x666665B7) lui a1, 419430
x11 <- 0x66666000


mem[X,0x8003A5B0] -> 0x8593
mem[X,0x8003A5B2] -> 0x6655
[5270] [M]: 0x8003A5B0 (0x66558593) addi a1, a1, 1637
x11 <- 0x66666665


mem[X,0x8003A5B4] -> 0x0193
mem[X,0x8003A5B6] -> 0x0000
[5271] [M]: 0x8003A5B4 (0x00000193) addi gp, zero, 0
x3 <- 0x00000000


mem[X,0x8003A5B8] -> 0x006F
mem[X,0x8003A5BA] -> 0x00C0
[5272] [M]: 0x8003A5B8 (0x00C0006F) jal zero, 12


mem[X,0x8003A5C4] -> 0x7063
mem[X,0x8003A5C6] -> 0x08B5
[5273] [M]: 0x8003A5C4 (0x08B57063) bgeu a0, a1, 128


mem[X,0x8003A644] -> 0x8193
mem[X,0x8003A646] -> 0x0031
[5274] [M]: 0x8003A644 (0x00318193) addi gp, gp, 3
x3 <- 0x00000003


mem[X,0x8003A648] -> 0x006F
mem[X,0x8003A64A] -> 0x0040
[5275] [M]: 0x8003A648 (0x0040006F) jal zero, 4


mem[X,0x8003A64C] -> 0x2623
mem[X,0x8003A64E] -> 0x0631
[5276] [M]: 0x8003A64C (0x06312623) sw gp, 108(sp)
mem[0x8004AAD0] <- 0x00000003


mem[X,0x8003A650] -> 0xB537
mem[X,0x8003A652] -> 0xAAAA
[5277] [M]: 0x8003A650 (0xAAAAB537) lui a0, 699051
x10 <- 0xAAAAB000


mem[X,0x8003A654] -> 0x0513
mem[X,0x8003A656] -> 0xAAB5
[5278] [M]: 0x8003A654 (0xAAB50513) addi a0, a0, 2731
x10 <- 0xAAAAAAAB


mem[X,0x8003A658] -> 0xB5B7
mem[X,0x8003A65A] -> 0x0000
[5279] [M]: 0x8003A658 (0x0000B5B7) lui a1, 11
x11 <- 0x0000B000


mem[X,0x8003A65C] -> 0x8593
mem[X,0x8003A65E] -> 0x5035
[5280] [M]: 0x8003A65C (0x50358593) addi a1, a1, 1283
x11 <- 0x0000B503


mem[X,0x8003A660] -> 0x0193
mem[X,0x8003A662] -> 0x0000
[5281] [M]: 0x8003A660 (0x00000193) addi gp, zero, 0
x3 <- 0x00000000


mem[X,0x8003A664] -> 0x006F
mem[X,0x8003A666] -> 0x0100
[5282] [M]: 0x8003A664 (0x0100006F) jal zero, 16


mem[X,0x8003A674] -> 0x7AE3
mem[X,0x8003A676] -> 0xFEB5
[5283] [M]: 0x8003A674 (0xFEB57AE3) bgeu a0, a1, 8180


mem[X,0x8003A668] -> 0x8193
mem[X,0x8003A66A] -> 0x0011
[5284] [M]: 0x8003A668 (0x00118193) addi gp, gp, 1
x3 <- 0x00000001


mem[X,0x8003A66C] -> 0x006F
mem[X,0x8003A66E] -> 0x01C0
[5285] [M]: 0x8003A66C (0x01C0006F) jal zero, 28


mem[X,0x8003A688] -> 0x2823
mem[X,0x8003A68A] -> 0x0631
[5286] [M]: 0x8003A688 (0x06312823) sw gp, 112(sp)
mem[0x8004AAD4] <- 0x00000001


mem[X,0x8003A68C] -> 0xB537
mem[X,0x8003A68E] -> 0xAAAA
[5287] [M]: 0x8003A68C (0xAAAAB537) lui a0, 699051
x10 <- 0xAAAAB000


mem[X,0x8003A690] -> 0x0513
mem[X,0x8003A692] -> 0xAAB5
[5288] [M]: 0x8003A690 (0xAAB50513) addi a0, a0, 2731
x10 <- 0xAAAAAAAB


mem[X,0x8003A694] -> 0x05B7
mem[X,0x8003A696] -> 0x0001
[5289] [M]: 0x8003A694 (0x000105B7) lui a1, 16
x11 <- 0x00010000


mem[X,0x8003A698] -> 0x8593
mem[X,0x8003A69A] -> 0xFFE5
[5290] [M]: 0x8003A698 (0xFFE58593) addi a1, a1, 4094
x11 <- 0x0000FFFE


mem[X,0x8003A69C] -> 0x0193
mem[X,0x8003A69E] -> 0x0000
[5291] [M]: 0x8003A69C (0x00000193) addi gp, zero, 0
x3 <- 0x00000000


mem[X,0x8003A6A0] -> 0x006F
mem[X,0x8003A6A2] -> 0x00C0
[5292] [M]: 0x8003A6A0 (0x00C0006F) jal zero, 12


mem[X,0x8003A6AC] -> 0x7CE3
mem[X,0x8003A6AE] -> 0xFEB5
[5293] [M]: 0x8003A6AC (0xFEB57CE3) bgeu a0, a1, 8184


mem[X,0x8003A6A4] -> 0x8193
mem[X,0x8003A6A6] -> 0x0011
[5294] [M]: 0x8003A6A4 (0x00118193) addi gp, gp, 1
x3 <- 0x00000001


mem[X,0x8003A6A8] -> 0x006F
mem[X,0x8003A6AA] -> 0x0180
[5295] [M]: 0x8003A6A8 (0x0180006F) jal zero, 24


mem[X,0x8003A6C0] -> 0x2A23
mem[X,0x8003A6C2] -> 0x0631
[5296] [M]: 0x8003A6C0 (0x06312A23) sw gp, 116(sp)
mem[0x8004AAD8] <- 0x00000001


mem[X,0x8003A6C4] -> 0xB537
mem[X,0x8003A6C6] -> 0xAAAA
[5297] [M]: 0x8003A6C4 (0xAAAAB537) lui a0, 699051
x10 <- 0xAAAAB000


mem[X,0x8003A6C8] -> 0x0513
mem[X,0x8003A6CA] -> 0xAAB5
[5298] [M]: 0x8003A6C8 (0xAAB50513) addi a0, a0, 2731
x10 <- 0xAAAAAAAB


mem[X,0x8003A6CC] -> 0x55B7
mem[X,0x8003A6CE] -> 0x5555
[5299] [M]: 0x8003A6CC (0x555555B7) lui a1, 349525
x11 <- 0x55555000


clint::tick mtime <- 0x0000000000000035
 clint timer pending at mtime 0x0000000000000035
htif::tick 0x0000000000000000
mem[X,0x8003A6D0] -> 0x8593
mem[X,0x8003A6D2] -> 0x5565
[5300] [M]: 0x8003A6D0 (0x55658593) addi a1, a1, 1366
x11 <- 0x55555556


mem[X,0x8003A6D4] -> 0x0193
mem[X,0x8003A6D6] -> 0x0000
[5301] [M]: 0x8003A6D4 (0x00000193) addi gp, zero, 0
x3 <- 0x00000000


mem[X,0x8003A6D8] -> 0x006F
mem[X,0x8003A6DA] -> 0x0180
[5302] [M]: 0x8003A6D8 (0x0180006F) jal zero, 24


mem[X,0x8003A6F0] -> 0x76E3
mem[X,0x8003A6F2] -> 0xFEB5
[5303] [M]: 0x8003A6F0 (0xFEB576E3) bgeu a0, a1, 8172


mem[X,0x8003A6DC] -> 0x8193
mem[X,0x8003A6DE] -> 0x0011
[5304] [M]: 0x8003A6DC (0x00118193) addi gp, gp, 1
x3 <- 0x00000001


mem[X,0x8003A6E0] -> 0x006F
mem[X,0x8003A6E2] -> 0x0240
[5305] [M]: 0x8003A6E0 (0x0240006F) jal zero, 36


mem[X,0x8003A704] -> 0x2C23
mem[X,0x8003A706] -> 0x0631
[5306] [M]: 0x8003A704 (0x06312C23) sw gp, 120(sp)
mem[0x8004AADC] <- 0x00000001


mem[X,0x8003A708] -> 0xB537
mem[X,0x8003A70A] -> 0xAAAA
[5307] [M]: 0x8003A708 (0xAAAAB537) lui a0, 699051
x10 <- 0xAAAAB000


mem[X,0x8003A70C] -> 0x0513
mem[X,0x8003A70E] -> 0xAAB5
[5308] [M]: 0x8003A70C (0xAAB50513) addi a0, a0, 2731
x10 <- 0xAAAAAAAB


mem[X,0x8003A710] -> 0xB5B7
mem[X,0x8003A712] -> 0xAAAA
[5309] [M]: 0x8003A710 (0xAAAAB5B7) lui a1, 699051
x11 <- 0xAAAAB000


mem[X,0x8003A714] -> 0x8593
mem[X,0x8003A716] -> 0xAAB5
[5310] [M]: 0x8003A714 (0xAAB58593) addi a1, a1, 2731
x11 <- 0xAAAAAAAB


mem[X,0x8003A718] -> 0x0193
mem[X,0x8003A71A] -> 0x0000
[5311] [M]: 0x8003A718 (0x00000193) addi gp, zero, 0
x3 <- 0x00000000


mem[X,0x8003A71C] -> 0x006F
mem[X,0x8003A71E] -> 0x00C0
[5312] [M]: 0x8003A71C (0x00C0006F) jal zero, 12


mem[X,0x8003A728] -> 0x7063
mem[X,0x8003A72A] -> 0x10B5
[5313] [M]: 0x8003A728 (0x10B57063) bgeu a0, a1, 256


mem[X,0x8003A828] -> 0x8193
mem[X,0x8003A82A] -> 0x0031
[5314] [M]: 0x8003A828 (0x00318193) addi gp, gp, 3
x3 <- 0x00000003


mem[X,0x8003A82C] -> 0x006F
mem[X,0x8003A82E] -> 0x0040
[5315] [M]: 0x8003A82C (0x0040006F) jal zero, 4


mem[X,0x8003A830] -> 0x2E23
mem[X,0x8003A832] -> 0x0631
[5316] [M]: 0x8003A830 (0x06312E23) sw gp, 124(sp)
mem[0x8004AAE0] <- 0x00000003


mem[X,0x8003A834] -> 0xB537
mem[X,0x8003A836] -> 0xAAAA
[5317] [M]: 0x8003A834 (0xAAAAB537) lui a0, 699051
x10 <- 0xAAAAB000


mem[X,0x8003A838] -> 0x0513
mem[X,0x8003A83A] -> 0xAAB5
[5318] [M]: 0x8003A838 (0xAAB50513) addi a0, a0, 2731
x10 <- 0xAAAAAAAB


mem[X,0x8003A83C] -> 0x0593
mem[X,0x8003A83E] -> 0x0060
[5319] [M]: 0x8003A83C (0x00600593) addi a1, zero, 6
x11 <- 0x00000006


mem[X,0x8003A840] -> 0x0193
mem[X,0x8003A842] -> 0x0000
[5320] [M]: 0x8003A840 (0x00000193) addi gp, zero, 0
x3 <- 0x00000000


mem[X,0x8003A844] -> 0x006F
mem[X,0x8003A846] -> 0x0180
[5321] [M]: 0x8003A844 (0x0180006F) jal zero, 24


mem[X,0x8003A85C] -> 0x76E3
mem[X,0x8003A85E] -> 0xFEB5
[5322] [M]: 0x8003A85C (0xFEB576E3) bgeu a0, a1, 8172


mem[X,0x8003A848] -> 0x8193
mem[X,0x8003A84A] -> 0x0011
[5323] [M]: 0x8003A848 (0x00118193) addi gp, gp, 1
x3 <- 0x00000001


mem[X,0x8003A84C] -> 0x006F
mem[X,0x8003A84E] -> 0x0240
[5324] [M]: 0x8003A84C (0x0240006F) jal zero, 36


mem[X,0x8003A870] -> 0x2023
mem[X,0x8003A872] -> 0x0831
[5325] [M]: 0x8003A870 (0x08312023) sw gp, 128(sp)
mem[0x8004AAE4] <- 0x00000001


mem[X,0x8003A874] -> 0xB537
mem[X,0x8003A876] -> 0xAAAA
[5326] [M]: 0x8003A874 (0xAAAAB537) lui a0, 699051
x10 <- 0xAAAAB000


mem[X,0x8003A878] -> 0x0513
mem[X,0x8003A87A] -> 0xAAB5
[5327] [M]: 0x8003A878 (0xAAB50513) addi a0, a0, 2731
x10 <- 0xAAAAAAAB


mem[X,0x8003A87C] -> 0x35B7
mem[X,0x8003A87E] -> 0x3333
[5328] [M]: 0x8003A87C (0x333335B7) lui a1, 209715
x11 <- 0x33333000


mem[X,0x8003A880] -> 0x8593
mem[X,0x8003A882] -> 0x3345
[5329] [M]: 0x8003A880 (0x33458593) addi a1, a1, 820
x11 <- 0x33333334


mem[X,0x8003A884] -> 0x0193
mem[X,0x8003A886] -> 0x0000
[5330] [M]: 0x8003A884 (0x00000193) addi gp, zero, 0
x3 <- 0x00000000


mem[X,0x8003A888] -> 0x006F
mem[X,0x8003A88A] -> 0x00C0
[5331] [M]: 0x8003A888 (0x00C0006F) jal zero, 12


mem[X,0x8003A894] -> 0x7063
mem[X,0x8003A896] -> 0x40B5
[5332] [M]: 0x8003A894 (0x40B57063) bgeu a0, a1, 1024


mem[X,0x8003AC94] -> 0x8193
mem[X,0x8003AC96] -> 0x0031
[5333] [M]: 0x8003AC94 (0x00318193) addi gp, gp, 3
x3 <- 0x00000003


mem[X,0x8003AC98] -> 0x006F
mem[X,0x8003AC9A] -> 0x0040
[5334] [M]: 0x8003AC98 (0x0040006F) jal zero, 4


mem[X,0x8003AC9C] -> 0x2223
mem[X,0x8003AC9E] -> 0x0831
[5335] [M]: 0x8003AC9C (0x08312223) sw gp, 132(sp)
mem[0x8004AAE8] <- 0x00000003


mem[X,0x8003ACA0] -> 0xB537
mem[X,0x8003ACA2] -> 0xAAAA
[5336] [M]: 0x8003ACA0 (0xAAAAB537) lui a0, 699051
x10 <- 0xAAAAB000


mem[X,0x8003ACA4] -> 0x0513
mem[X,0x8003ACA6] -> 0xAAB5
[5337] [M]: 0x8003ACA4 (0xAAB50513) addi a0, a0, 2731
x10 <- 0xAAAAAAAB


mem[X,0x8003ACA8] -> 0x65B7
mem[X,0x8003ACAA] -> 0x6666
[5338] [M]: 0x8003ACA8 (0x666665B7) lui a1, 419430
x11 <- 0x66666000


mem[X,0x8003ACAC] -> 0x8593
mem[X,0x8003ACAE] -> 0x6675
[5339] [M]: 0x8003ACAC (0x66758593) addi a1, a1, 1639
x11 <- 0x66666667


mem[X,0x8003ACB0] -> 0x0193
mem[X,0x8003ACB2] -> 0x0000
[5340] [M]: 0x8003ACB0 (0x00000193) addi gp, zero, 0
x3 <- 0x00000000


mem[X,0x8003ACB4] -> 0x006F
mem[X,0x8003ACB6] -> 0x00C0
[5341] [M]: 0x8003ACB4 (0x00C0006F) jal zero, 12


mem[X,0x8003ACC0] -> 0x7063
mem[X,0x8003ACC2] -> 0x04B5
[5342] [M]: 0x8003ACC0 (0x04B57063) bgeu a0, a1, 64


mem[X,0x8003AD00] -> 0x8193
mem[X,0x8003AD02] -> 0x0031
[5343] [M]: 0x8003AD00 (0x00318193) addi gp, gp, 3
x3 <- 0x00000003


mem[X,0x8003AD04] -> 0x006F
mem[X,0x8003AD06] -> 0x0040
[5344] [M]: 0x8003AD04 (0x0040006F) jal zero, 4


mem[X,0x8003AD08] -> 0x2423
mem[X,0x8003AD0A] -> 0x0831
[5345] [M]: 0x8003AD08 (0x08312423) sw gp, 136(sp)
mem[0x8004AAEC] <- 0x00000003


mem[X,0x8003AD0C] -> 0xB537
mem[X,0x8003AD0E] -> 0xAAAA
[5346] [M]: 0x8003AD0C (0xAAAAB537) lui a0, 699051
x10 <- 0xAAAAB000


mem[X,0x8003AD10] -> 0x0513
mem[X,0x8003AD12] -> 0xAAB5
[5347] [M]: 0x8003AD10 (0xAAB50513) addi a0, a0, 2731
x10 <- 0xAAAAAAAB


mem[X,0x8003AD14] -> 0xB5B7
mem[X,0x8003AD16] -> 0x0000
[5348] [M]: 0x8003AD14 (0x0000B5B7) lui a1, 11
x11 <- 0x0000B000


mem[X,0x8003AD18] -> 0x8593
mem[X,0x8003AD1A] -> 0x5055
[5349] [M]: 0x8003AD18 (0x50558593) addi a1, a1, 1285
x11 <- 0x0000B505


mem[X,0x8003AD1C] -> 0x0193
mem[X,0x8003AD1E] -> 0x0000
[5350] [M]: 0x8003AD1C (0x00000193) addi gp, zero, 0
x3 <- 0x00000000


mem[X,0x8003AD20] -> 0x006F
mem[X,0x8003AD22] -> 0x0180
[5351] [M]: 0x8003AD20 (0x0180006F) jal zero, 24


mem[X,0x8003AD38] -> 0x76E3
mem[X,0x8003AD3A] -> 0xFEB5
[5352] [M]: 0x8003AD38 (0xFEB576E3) bgeu a0, a1, 8172


mem[X,0x8003AD24] -> 0x8193
mem[X,0x8003AD26] -> 0x0011
[5353] [M]: 0x8003AD24 (0x00118193) addi gp, gp, 1
x3 <- 0x00000001


mem[X,0x8003AD28] -> 0x006F
mem[X,0x8003AD2A] -> 0x0240
[5354] [M]: 0x8003AD28 (0x0240006F) jal zero, 36


mem[X,0x8003AD4C] -> 0x2623
mem[X,0x8003AD4E] -> 0x0831
[5355] [M]: 0x8003AD4C (0x08312623) sw gp, 140(sp)
mem[0x8004AAF0] <- 0x00000001


mem[X,0x8003AD50] -> 0xB537
mem[X,0x8003AD52] -> 0xAAAA
[5356] [M]: 0x8003AD50 (0xAAAAB537) lui a0, 699051
x10 <- 0xAAAAB000


mem[X,0x8003AD54] -> 0x0513
mem[X,0x8003AD56] -> 0xAAB5
[5357] [M]: 0x8003AD54 (0xAAB50513) addi a0, a0, 2731
x10 <- 0xAAAAAAAB


mem[X,0x8003AD58] -> 0x0593
mem[X,0x8003AD5A] -> 0x0010
[5358] [M]: 0x8003AD58 (0x00100593) addi a1, zero, 1
x11 <- 0x00000001


mem[X,0x8003AD5C] -> 0x0193
mem[X,0x8003AD5E] -> 0x0000
[5359] [M]: 0x8003AD5C (0x00000193) addi gp, zero, 0
x3 <- 0x00000000


mem[X,0x8003AD60] -> 0x006F
mem[X,0x8003AD62] -> 0x00C0
[5360] [M]: 0x8003AD60 (0x00C0006F) jal zero, 12


mem[X,0x8003AD6C] -> 0x7063
mem[X,0x8003AD6E] -> 0x10B5
[5361] [M]: 0x8003AD6C (0x10B57063) bgeu a0, a1, 256


mem[X,0x8003AE6C] -> 0x8193
mem[X,0x8003AE6E] -> 0x0031
[5362] [M]: 0x8003AE6C (0x00318193) addi gp, gp, 3
x3 <- 0x00000003


mem[X,0x8003AE70] -> 0x006F
mem[X,0x8003AE72] -> 0x0040
[5363] [M]: 0x8003AE70 (0x0040006F) jal zero, 4


mem[X,0x8003AE74] -> 0x2823
mem[X,0x8003AE76] -> 0x0831
[5364] [M]: 0x8003AE74 (0x08312823) sw gp, 144(sp)
mem[0x8004AAF4] <- 0x00000003


mem[X,0x8003AE78] -> 0xB537
mem[X,0x8003AE7A] -> 0xAAAA
[5365] [M]: 0x8003AE78 (0xAAAAB537) lui a0, 699051
x10 <- 0xAAAAB000


mem[X,0x8003AE7C] -> 0x0513
mem[X,0x8003AE7E] -> 0xAAB5
[5366] [M]: 0x8003AE7C (0xAAB50513) addi a0, a0, 2731
x10 <- 0xAAAAAAAB


mem[X,0x8003AE80] -> 0x05B7
mem[X,0x8003AE82] -> 0x0001
[5367] [M]: 0x8003AE80 (0x000105B7) lui a1, 16
x11 <- 0x00010000


mem[X,0x8003AE84] -> 0x0193
mem[X,0x8003AE86] -> 0x0000
[5368] [M]: 0x8003AE84 (0x00000193) addi gp, zero, 0
x3 <- 0x00000000


mem[X,0x8003AE88] -> 0x006F
mem[X,0x8003AE8A] -> 0x00C0
[5369] [M]: 0x8003AE88 (0x00C0006F) jal zero, 12


mem[X,0x8003AE94] -> 0x7663
mem[X,0x8003AE96] -> 0x00B5
[5370] [M]: 0x8003AE94 (0x00B57663) bgeu a0, a1, 12


mem[X,0x8003AEA0] -> 0x8193
mem[X,0x8003AEA2] -> 0x0031
[5371] [M]: 0x8003AEA0 (0x00318193) addi gp, gp, 3
x3 <- 0x00000003


mem[X,0x8003AEA4] -> 0x006F
mem[X,0x8003AEA6] -> 0x0040
[5372] [M]: 0x8003AEA4 (0x0040006F) jal zero, 4


mem[X,0x8003AEA8] -> 0x2A23
mem[X,0x8003AEAA] -> 0x0831
[5373] [M]: 0x8003AEA8 (0x08312A23) sw gp, 148(sp)
mem[0x8004AAF8] <- 0x00000003


mem[X,0x8003AEAC] -> 0x0513
mem[X,0x8003AEAE] -> 0x0060
[5374] [M]: 0x8003AEAC (0x00600513) addi a0, zero, 6
x10 <- 0x00000006


mem[X,0x8003AEB0] -> 0x0593
mem[X,0x8003AEB2] -> 0x0030
[5375] [M]: 0x8003AEB0 (0x00300593) addi a1, zero, 3
x11 <- 0x00000003


mem[X,0x8003AEB4] -> 0x0193
mem[X,0x8003AEB6] -> 0x0000
[5376] [M]: 0x8003AEB4 (0x00000193) addi gp, zero, 0
x3 <- 0x00000000


mem[X,0x8003AEB8] -> 0x006F
mem[X,0x8003AEBA] -> 0x00C0
[5377] [M]: 0x8003AEB8 (0x00C0006F) jal zero, 12


mem[X,0x8003AEC4] -> 0x7663
mem[X,0x8003AEC6] -> 0x00B5
[5378] [M]: 0x8003AEC4 (0x00B57663) bgeu a0, a1, 12


mem[X,0x8003AED0] -> 0x8193
mem[X,0x8003AED2] -> 0x0031
[5379] [M]: 0x8003AED0 (0x00318193) addi gp, gp, 3
x3 <- 0x00000003


mem[X,0x8003AED4] -> 0x006F
mem[X,0x8003AED6] -> 0x0040
[5380] [M]: 0x8003AED4 (0x0040006F) jal zero, 4


mem[X,0x8003AED8] -> 0x2C23
mem[X,0x8003AEDA] -> 0x0831
[5381] [M]: 0x8003AED8 (0x08312C23) sw gp, 152(sp)
mem[0x8004AAFC] <- 0x00000003


mem[X,0x8003AEDC] -> 0x0513
mem[X,0x8003AEDE] -> 0x0060
[5382] [M]: 0x8003AEDC (0x00600513) addi a0, zero, 6
x10 <- 0x00000006


mem[X,0x8003AEE0] -> 0x55B7
mem[X,0x8003AEE2] -> 0x5555
[5383] [M]: 0x8003AEE0 (0x555555B7) lui a1, 349525
x11 <- 0x55555000


mem[X,0x8003AEE4] -> 0x8593
mem[X,0x8003AEE6] -> 0x5555
[5384] [M]: 0x8003AEE4 (0x55558593) addi a1, a1, 1365
x11 <- 0x55555555


mem[X,0x8003AEE8] -> 0x0193
mem[X,0x8003AEEA] -> 0x0000
[5385] [M]: 0x8003AEE8 (0x00000193) addi gp, zero, 0
x3 <- 0x00000000


mem[X,0x8003AEEC] -> 0x006F
mem[X,0x8003AEEE] -> 0x00C0
[5386] [M]: 0x8003AEEC (0x00C0006F) jal zero, 12


mem[X,0x8003AEF8] -> 0x7063
mem[X,0x8003AEFA] -> 0x20B5
[5387] [M]: 0x8003AEF8 (0x20B57063) bgeu a0, a1, 512


mem[X,0x8003AEFC] -> 0x8193
mem[X,0x8003AEFE] -> 0x0021
[5388] [M]: 0x8003AEFC (0x00218193) addi gp, gp, 2
x3 <- 0x00000002


mem[X,0x8003AF00] -> 0x006F
mem[X,0x8003AF02] -> 0x2000
[5389] [M]: 0x8003AF00 (0x2000006F) jal zero, 512


mem[X,0x8003B100] -> 0x2E23
mem[X,0x8003B102] -> 0x0831
[5390] [M]: 0x8003B100 (0x08312E23) sw gp, 156(sp)
mem[0x8004AB00] <- 0x00000002


mem[X,0x8003B104] -> 0x0513
mem[X,0x8003B106] -> 0x0060
[5391] [M]: 0x8003B104 (0x00600513) addi a0, zero, 6
x10 <- 0x00000006


mem[X,0x8003B108] -> 0xB5B7
mem[X,0x8003B10A] -> 0xAAAA
[5392] [M]: 0x8003B108 (0xAAAAB5B7) lui a1, 699051
x11 <- 0xAAAAB000


mem[X,0x8003B10C] -> 0x8593
mem[X,0x8003B10E] -> 0xAAA5
[5393] [M]: 0x8003B10C (0xAAA58593) addi a1, a1, 2730
x11 <- 0xAAAAAAAA


mem[X,0x8003B110] -> 0x0193
mem[X,0x8003B112] -> 0x0000
[5394] [M]: 0x8003B110 (0x00000193) addi gp, zero, 0
x3 <- 0x00000000


mem[X,0x8003B114] -> 0x006F
mem[X,0x8003B116] -> 0x00C0
[5395] [M]: 0x8003B114 (0x00C0006F) jal zero, 12


mem[X,0x8003B120] -> 0x7CE3
mem[X,0x8003B122] -> 0xFEB5
[5396] [M]: 0x8003B120 (0xFEB57CE3) bgeu a0, a1, 8184


mem[X,0x8003B124] -> 0x8193
mem[X,0x8003B126] -> 0x0021
[5397] [M]: 0x8003B124 (0x00218193) addi gp, gp, 2
x3 <- 0x00000002


mem[X,0x8003B128] -> 0x006F
mem[X,0x8003B12A] -> 0x00C0
[5398] [M]: 0x8003B128 (0x00C0006F) jal zero, 12


mem[X,0x8003B134] -> 0x2023
mem[X,0x8003B136] -> 0x0A31
[5399] [M]: 0x8003B134 (0x0A312023) sw gp, 160(sp)
mem[0x8004AB04] <- 0x00000002


clint::tick mtime <- 0x0000000000000036
 clint timer pending at mtime 0x0000000000000036
htif::tick 0x0000000000000000
mem[X,0x8003B138] -> 0x0513
mem[X,0x8003B13A] -> 0x0060
[5400] [M]: 0x8003B138 (0x00600513) addi a0, zero, 6
x10 <- 0x00000006


mem[X,0x8003B13C] -> 0x0593
mem[X,0x8003B13E] -> 0x0050
[5401] [M]: 0x8003B13C (0x00500593) addi a1, zero, 5
x11 <- 0x00000005


mem[X,0x8003B140] -> 0x0193
mem[X,0x8003B142] -> 0x0000
[5402] [M]: 0x8003B140 (0x00000193) addi gp, zero, 0
x3 <- 0x00000000


mem[X,0x8003B144] -> 0x006F
mem[X,0x8003B146] -> 0x00C0
[5403] [M]: 0x8003B144 (0x00C0006F) jal zero, 12


mem[X,0x8003B150] -> 0x7663
mem[X,0x8003B152] -> 0x00B5
[5404] [M]: 0x8003B150 (0x00B57663) bgeu a0, a1, 12


mem[X,0x8003B15C] -> 0x8193
mem[X,0x8003B15E] -> 0x0031
[5405] [M]: 0x8003B15C (0x00318193) addi gp, gp, 3
x3 <- 0x00000003


mem[X,0x8003B160] -> 0x006F
mem[X,0x8003B162] -> 0x0040
[5406] [M]: 0x8003B160 (0x0040006F) jal zero, 4


mem[X,0x8003B164] -> 0x2223
mem[X,0x8003B166] -> 0x0A31
[5407] [M]: 0x8003B164 (0x0A312223) sw gp, 164(sp)
mem[0x8004AB08] <- 0x00000003


mem[X,0x8003B168] -> 0x0513
mem[X,0x8003B16A] -> 0x0060
[5408] [M]: 0x8003B168 (0x00600513) addi a0, zero, 6
x10 <- 0x00000006


mem[X,0x8003B16C] -> 0x35B7
mem[X,0x8003B16E] -> 0x3333
[5409] [M]: 0x8003B16C (0x333335B7) lui a1, 209715
x11 <- 0x33333000


mem[X,0x8003B170] -> 0x8593
mem[X,0x8003B172] -> 0x3335
[5410] [M]: 0x8003B170 (0x33358593) addi a1, a1, 819
x11 <- 0x33333333


mem[X,0x8003B174] -> 0x0193
mem[X,0x8003B176] -> 0x0000
[5411] [M]: 0x8003B174 (0x00000193) addi gp, zero, 0
x3 <- 0x00000000


mem[X,0x8003B178] -> 0x006F
mem[X,0x8003B17A] -> 0x00C0
[5412] [M]: 0x8003B178 (0x00C0006F) jal zero, 12


mem[X,0x8003B184] -> 0x7663
mem[X,0x8003B186] -> 0x00B5
[5413] [M]: 0x8003B184 (0x00B57663) bgeu a0, a1, 12


mem[X,0x8003B188] -> 0x8193
mem[X,0x8003B18A] -> 0x0021
[5414] [M]: 0x8003B188 (0x00218193) addi gp, gp, 2
x3 <- 0x00000002


mem[X,0x8003B18C] -> 0x006F
mem[X,0x8003B18E] -> 0x00C0
[5415] [M]: 0x8003B18C (0x00C0006F) jal zero, 12


mem[X,0x8003B198] -> 0x2423
mem[X,0x8003B19A] -> 0x0A31
[5416] [M]: 0x8003B198 (0x0A312423) sw gp, 168(sp)
mem[0x8004AB0C] <- 0x00000002


mem[X,0x8003B19C] -> 0x0513
mem[X,0x8003B19E] -> 0x0060
[5417] [M]: 0x8003B19C (0x00600513) addi a0, zero, 6
x10 <- 0x00000006


mem[X,0x8003B1A0] -> 0x65B7
mem[X,0x8003B1A2] -> 0x6666
[5418] [M]: 0x8003B1A0 (0x666665B7) lui a1, 419430
x11 <- 0x66666000


mem[X,0x8003B1A4] -> 0x8593
mem[X,0x8003B1A6] -> 0x6665
[5419] [M]: 0x8003B1A4 (0x66658593) addi a1, a1, 1638
x11 <- 0x66666666


mem[X,0x8003B1A8] -> 0x0193
mem[X,0x8003B1AA] -> 0x0000
[5420] [M]: 0x8003B1A8 (0x00000193) addi gp, zero, 0
x3 <- 0x00000000


mem[X,0x8003B1AC] -> 0x006F
mem[X,0x8003B1AE] -> 0x00C0
[5421] [M]: 0x8003B1AC (0x00C0006F) jal zero, 12


mem[X,0x8003B1B8] -> 0x7063
mem[X,0x8003B1BA] -> 0x10B5
[5422] [M]: 0x8003B1B8 (0x10B57063) bgeu a0, a1, 256


mem[X,0x8003B1BC] -> 0x8193
mem[X,0x8003B1BE] -> 0x0021
[5423] [M]: 0x8003B1BC (0x00218193) addi gp, gp, 2
x3 <- 0x00000002


mem[X,0x8003B1C0] -> 0x006F
mem[X,0x8003B1C2] -> 0x1000
[5424] [M]: 0x8003B1C0 (0x1000006F) jal zero, 256


mem[X,0x8003B2C0] -> 0x2623
mem[X,0x8003B2C2] -> 0x0A31
[5425] [M]: 0x8003B2C0 (0x0A312623) sw gp, 172(sp)
mem[0x8004AB10] <- 0x00000002


mem[X,0x8003B2C4] -> 0x0513
mem[X,0x8003B2C6] -> 0x0060
[5426] [M]: 0x8003B2C4 (0x00600513) addi a0, zero, 6
x10 <- 0x00000006


mem[X,0x8003B2C8] -> 0xB5B7
mem[X,0x8003B2CA] -> 0x0000
[5427] [M]: 0x8003B2C8 (0x0000B5B7) lui a1, 11
x11 <- 0x0000B000


mem[X,0x8003B2CC] -> 0x8593
mem[X,0x8003B2CE] -> 0x5045
[5428] [M]: 0x8003B2CC (0x50458593) addi a1, a1, 1284
x11 <- 0x0000B504


mem[X,0x8003B2D0] -> 0x0193
mem[X,0x8003B2D2] -> 0x0000
[5429] [M]: 0x8003B2D0 (0x00000193) addi gp, zero, 0
x3 <- 0x00000000


mem[X,0x8003B2D4] -> 0x006F
mem[X,0x8003B2D6] -> 0x00C0
[5430] [M]: 0x8003B2D4 (0x00C0006F) jal zero, 12


mem[X,0x8003B2E0] -> 0x7663
mem[X,0x8003B2E2] -> 0x00B5
[5431] [M]: 0x8003B2E0 (0x00B57663) bgeu a0, a1, 12


mem[X,0x8003B2E4] -> 0x8193
mem[X,0x8003B2E6] -> 0x0021
[5432] [M]: 0x8003B2E4 (0x00218193) addi gp, gp, 2
x3 <- 0x00000002


mem[X,0x8003B2E8] -> 0x006F
mem[X,0x8003B2EA] -> 0x00C0
[5433] [M]: 0x8003B2E8 (0x00C0006F) jal zero, 12


mem[X,0x8003B2F4] -> 0x2823
mem[X,0x8003B2F6] -> 0x0A31
[5434] [M]: 0x8003B2F4 (0x0A312823) sw gp, 176(sp)
mem[0x8004AB14] <- 0x00000002


mem[X,0x8003B2F8] -> 0x0513
mem[X,0x8003B2FA] -> 0x0060
[5435] [M]: 0x8003B2F8 (0x00600513) addi a0, zero, 6
x10 <- 0x00000006


mem[X,0x8003B2FC] -> 0x0593
mem[X,0x8003B2FE] -> 0x0000
[5436] [M]: 0x8003B2FC (0x00000593) addi a1, zero, 0
x11 <- 0x00000000


mem[X,0x8003B300] -> 0x0193
mem[X,0x8003B302] -> 0x0000
[5437] [M]: 0x8003B300 (0x00000193) addi gp, zero, 0
x3 <- 0x00000000


mem[X,0x8003B304] -> 0x006F
mem[X,0x8003B306] -> 0x2B10
[5438] [M]: 0x8003B304 (0x2B10006F) jal zero, 2736


mem[X,0x8003BDB4] -> 0x7A63
mem[X,0x8003BDB6] -> 0xD4B5
[5439] [M]: 0x8003BDB4 (0xD4B57A63) bgeu a0, a1, 5460


mem[X,0x8003B308] -> 0x8193
mem[X,0x8003B30A] -> 0x0011
[5440] [M]: 0x8003B308 (0x00118193) addi gp, gp, 1
x3 <- 0x00000001


mem[X,0x8003B30C] -> 0x006F
mem[X,0x8003B30E] -> 0x2BD0
[5441] [M]: 0x8003B30C (0x2BD0006F) jal zero, 2748


mem[X,0x8003BDC8] -> 0x2A23
mem[X,0x8003BDCA] -> 0x0A31
[5442] [M]: 0x8003BDC8 (0x0A312A23) sw gp, 180(sp)
mem[0x8004AB18] <- 0x00000001


mem[X,0x8003BDCC] -> 0x0513
mem[X,0x8003BDCE] -> 0x0060
[5443] [M]: 0x8003BDCC (0x00600513) addi a0, zero, 6
x10 <- 0x00000006


mem[X,0x8003BDD0] -> 0x05B7
mem[X,0x8003BDD2] -> 0x0001
[5444] [M]: 0x8003BDD0 (0x000105B7) lui a1, 16
x11 <- 0x00010000


mem[X,0x8003BDD4] -> 0x8593
mem[X,0x8003BDD6] -> 0xFFF5
[5445] [M]: 0x8003BDD4 (0xFFF58593) addi a1, a1, 4095
x11 <- 0x0000FFFF


mem[X,0x8003BDD8] -> 0x0193
mem[X,0x8003BDDA] -> 0x0000
[5446] [M]: 0x8003BDD8 (0x00000193) addi gp, zero, 0
x3 <- 0x00000000


mem[X,0x8003BDDC] -> 0x006F
mem[X,0x8003BDDE] -> 0x00C0
[5447] [M]: 0x8003BDDC (0x00C0006F) jal zero, 12


mem[X,0x8003BDE8] -> 0x7663
mem[X,0x8003BDEA] -> 0x00B5
[5448] [M]: 0x8003BDE8 (0x00B57663) bgeu a0, a1, 12


mem[X,0x8003BDEC] -> 0x8193
mem[X,0x8003BDEE] -> 0x0021
[5449] [M]: 0x8003BDEC (0x00218193) addi gp, gp, 2
x3 <- 0x00000002


mem[X,0x8003BDF0] -> 0x006F
mem[X,0x8003BDF2] -> 0x00C0
[5450] [M]: 0x8003BDF0 (0x00C0006F) jal zero, 12


mem[X,0x8003BDFC] -> 0x2C23
mem[X,0x8003BDFE] -> 0x0A31
[5451] [M]: 0x8003BDFC (0x0A312C23) sw gp, 184(sp)
mem[0x8004AB1C] <- 0x00000002


mem[X,0x8003BE00] -> 0x0513
mem[X,0x8003BE02] -> 0x0060
[5452] [M]: 0x8003BE00 (0x00600513) addi a0, zero, 6
x10 <- 0x00000006


mem[X,0x8003BE04] -> 0x0593
mem[X,0x8003BE06] -> 0x0020
[5453] [M]: 0x8003BE04 (0x00200593) addi a1, zero, 2
x11 <- 0x00000002


mem[X,0x8003BE08] -> 0x0193
mem[X,0x8003BE0A] -> 0x0000
[5454] [M]: 0x8003BE08 (0x00000193) addi gp, zero, 0
x3 <- 0x00000000


mem[X,0x8003BE0C] -> 0x006F
mem[X,0x8003BE0E] -> 0x00C0
[5455] [M]: 0x8003BE0C (0x00C0006F) jal zero, 12


mem[X,0x8003BE18] -> 0x7663
mem[X,0x8003BE1A] -> 0x00B5
[5456] [M]: 0x8003BE18 (0x00B57663) bgeu a0, a1, 12


mem[X,0x8003BE24] -> 0x8193
mem[X,0x8003BE26] -> 0x0031
[5457] [M]: 0x8003BE24 (0x00318193) addi gp, gp, 3
x3 <- 0x00000003


mem[X,0x8003BE28] -> 0x006F
mem[X,0x8003BE2A] -> 0x0040
[5458] [M]: 0x8003BE28 (0x0040006F) jal zero, 4


mem[X,0x8003BE2C] -> 0x2E23
mem[X,0x8003BE2E] -> 0x0A31
[5459] [M]: 0x8003BE2C (0x0A312E23) sw gp, 188(sp)
mem[0x8004AB20] <- 0x00000003


mem[X,0x8003BE30] -> 0x0513
mem[X,0x8003BE32] -> 0x0060
[5460] [M]: 0x8003BE30 (0x00600513) addi a0, zero, 6
x10 <- 0x00000006


mem[X,0x8003BE34] -> 0x55B7
mem[X,0x8003BE36] -> 0x5555
[5461] [M]: 0x8003BE34 (0x555555B7) lui a1, 349525
x11 <- 0x55555000


mem[X,0x8003BE38] -> 0x8593
mem[X,0x8003BE3A] -> 0x5545
[5462] [M]: 0x8003BE38 (0x55458593) addi a1, a1, 1364
x11 <- 0x55555554


mem[X,0x8003BE3C] -> 0x0193
mem[X,0x8003BE3E] -> 0x0000
[5463] [M]: 0x8003BE3C (0x00000193) addi gp, zero, 0
x3 <- 0x00000000


mem[X,0x8003BE40] -> 0x006F
mem[X,0x8003BE42] -> 0x00C0
[5464] [M]: 0x8003BE40 (0x00C0006F) jal zero, 12


mem[X,0x8003BE4C] -> 0x7063
mem[X,0x8003BE4E] -> 0x20B5
[5465] [M]: 0x8003BE4C (0x20B57063) bgeu a0, a1, 512


mem[X,0x8003BE50] -> 0x8193
mem[X,0x8003BE52] -> 0x0021
[5466] [M]: 0x8003BE50 (0x00218193) addi gp, gp, 2
x3 <- 0x00000002


mem[X,0x8003BE54] -> 0x006F
mem[X,0x8003BE56] -> 0x2000
[5467] [M]: 0x8003BE54 (0x2000006F) jal zero, 512


mem[X,0x8003C054] -> 0x2023
mem[X,0x8003C056] -> 0x0C31
[5468] [M]: 0x8003C054 (0x0C312023) sw gp, 192(sp)
mem[0x8004AB24] <- 0x00000002


mem[X,0x8003C058] -> 0x0513
mem[X,0x8003C05A] -> 0x0060
[5469] [M]: 0x8003C058 (0x00600513) addi a0, zero, 6
x10 <- 0x00000006


mem[X,0x8003C05C] -> 0xB5B7
mem[X,0x8003C05E] -> 0xAAAA
[5470] [M]: 0x8003C05C (0xAAAAB5B7) lui a1, 699051
x11 <- 0xAAAAB000


mem[X,0x8003C060] -> 0x8593
mem[X,0x8003C062] -> 0xAA95
[5471] [M]: 0x8003C060 (0xAA958593) addi a1, a1, 2729
x11 <- 0xAAAAAAA9


mem[X,0x8003C064] -> 0x0193
mem[X,0x8003C066] -> 0x0000
[5472] [M]: 0x8003C064 (0x00000193) addi gp, zero, 0
x3 <- 0x00000000


mem[X,0x8003C068] -> 0x006F
mem[X,0x8003C06A] -> 0x00C0
[5473] [M]: 0x8003C068 (0x00C0006F) jal zero, 12


mem[X,0x8003C074] -> 0x7CE3
mem[X,0x8003C076] -> 0xFEB5
[5474] [M]: 0x8003C074 (0xFEB57CE3) bgeu a0, a1, 8184


mem[X,0x8003C078] -> 0x8193
mem[X,0x8003C07A] -> 0x0021
[5475] [M]: 0x8003C078 (0x00218193) addi gp, gp, 2
x3 <- 0x00000002


mem[X,0x8003C07C] -> 0x006F
mem[X,0x8003C07E] -> 0x00C0
[5476] [M]: 0x8003C07C (0x00C0006F) jal zero, 12


mem[X,0x8003C088] -> 0x2223
mem[X,0x8003C08A] -> 0x0C31
[5477] [M]: 0x8003C088 (0x0C312223) sw gp, 196(sp)
mem[0x8004AB28] <- 0x00000002


mem[X,0x8003C08C] -> 0x0513
mem[X,0x8003C08E] -> 0x0060
[5478] [M]: 0x8003C08C (0x00600513) addi a0, zero, 6
x10 <- 0x00000006


mem[X,0x8003C090] -> 0x0593
mem[X,0x8003C092] -> 0x0040
[5479] [M]: 0x8003C090 (0x00400593) addi a1, zero, 4
x11 <- 0x00000004


mem[X,0x8003C094] -> 0x0193
mem[X,0x8003C096] -> 0x0000
[5480] [M]: 0x8003C094 (0x00000193) addi gp, zero, 0
x3 <- 0x00000000


mem[X,0x8003C098] -> 0x006F
mem[X,0x8003C09A] -> 0x0180
[5481] [M]: 0x8003C098 (0x0180006F) jal zero, 24


mem[X,0x8003C0B0] -> 0x76E3
mem[X,0x8003C0B2] -> 0xFEB5
[5482] [M]: 0x8003C0B0 (0xFEB576E3) bgeu a0, a1, 8172


mem[X,0x8003C09C] -> 0x8193
mem[X,0x8003C09E] -> 0x0011
[5483] [M]: 0x8003C09C (0x00118193) addi gp, gp, 1
x3 <- 0x00000001


mem[X,0x8003C0A0] -> 0x006F
mem[X,0x8003C0A2] -> 0x0240
[5484] [M]: 0x8003C0A0 (0x0240006F) jal zero, 36


mem[X,0x8003C0C4] -> 0x2423
mem[X,0x8003C0C6] -> 0x0C31
[5485] [M]: 0x8003C0C4 (0x0C312423) sw gp, 200(sp)
mem[0x8004AB2C] <- 0x00000001


mem[X,0x8003C0C8] -> 0x0513
mem[X,0x8003C0CA] -> 0x0060
[5486] [M]: 0x8003C0C8 (0x00600513) addi a0, zero, 6
x10 <- 0x00000006


mem[X,0x8003C0CC] -> 0x35B7
mem[X,0x8003C0CE] -> 0x3333
[5487] [M]: 0x8003C0CC (0x333335B7) lui a1, 209715
x11 <- 0x33333000


mem[X,0x8003C0D0] -> 0x8593
mem[X,0x8003C0D2] -> 0x3325
[5488] [M]: 0x8003C0D0 (0x33258593) addi a1, a1, 818
x11 <- 0x33333332


mem[X,0x8003C0D4] -> 0x0193
mem[X,0x8003C0D6] -> 0x0000
[5489] [M]: 0x8003C0D4 (0x00000193) addi gp, zero, 0
x3 <- 0x00000000


mem[X,0x8003C0D8] -> 0x006F
mem[X,0x8003C0DA] -> 0x0180
[5490] [M]: 0x8003C0D8 (0x0180006F) jal zero, 24


mem[X,0x8003C0F0] -> 0x76E3
mem[X,0x8003C0F2] -> 0xFEB5
[5491] [M]: 0x8003C0F0 (0xFEB576E3) bgeu a0, a1, 8172


mem[X,0x8003C0F4] -> 0x8193
mem[X,0x8003C0F6] -> 0x0021
[5492] [M]: 0x8003C0F4 (0x00218193) addi gp, gp, 2
x3 <- 0x00000002


mem[X,0x8003C0F8] -> 0x006F
mem[X,0x8003C0FA] -> 0x00C0
[5493] [M]: 0x8003C0F8 (0x00C0006F) jal zero, 12


mem[X,0x8003C104] -> 0x2623
mem[X,0x8003C106] -> 0x0C31
[5494] [M]: 0x8003C104 (0x0C312623) sw gp, 204(sp)
mem[0x8004AB30] <- 0x00000002


mem[X,0x8003C108] -> 0x0513
mem[X,0x8003C10A] -> 0x0060
[5495] [M]: 0x8003C108 (0x00600513) addi a0, zero, 6
x10 <- 0x00000006


mem[X,0x8003C10C] -> 0x65B7
mem[X,0x8003C10E] -> 0x6666
[5496] [M]: 0x8003C10C (0x666665B7) lui a1, 419430
x11 <- 0x66666000


mem[X,0x8003C110] -> 0x8593
mem[X,0x8003C112] -> 0x6655
[5497] [M]: 0x8003C110 (0x66558593) addi a1, a1, 1637
x11 <- 0x66666665


mem[X,0x8003C114] -> 0x0193
mem[X,0x8003C116] -> 0x0000
[5498] [M]: 0x8003C114 (0x00000193) addi gp, zero, 0
x3 <- 0x00000000


mem[X,0x8003C118] -> 0x006F
mem[X,0x8003C11A] -> 0x00C0
[5499] [M]: 0x8003C118 (0x00C0006F) jal zero, 12


clint::tick mtime <- 0x0000000000000037
 clint timer pending at mtime 0x0000000000000037
htif::tick 0x0000000000000000
mem[X,0x8003C124] -> 0x7CE3
mem[X,0x8003C126] -> 0xFEB5
[5500] [M]: 0x8003C124 (0xFEB57CE3) bgeu a0, a1, 8184


mem[X,0x8003C128] -> 0x8193
mem[X,0x8003C12A] -> 0x0021
[5501] [M]: 0x8003C128 (0x00218193) addi gp, gp, 2
x3 <- 0x00000002


mem[X,0x8003C12C] -> 0x006F
mem[X,0x8003C12E] -> 0x00C0
[5502] [M]: 0x8003C12C (0x00C0006F) jal zero, 12


mem[X,0x8003C138] -> 0x2823
mem[X,0x8003C13A] -> 0x0C31
[5503] [M]: 0x8003C138 (0x0C312823) sw gp, 208(sp)
mem[0x8004AB34] <- 0x00000002


mem[X,0x8003C13C] -> 0x0513
mem[X,0x8003C13E] -> 0x0060
[5504] [M]: 0x8003C13C (0x00600513) addi a0, zero, 6
x10 <- 0x00000006


mem[X,0x8003C140] -> 0xB5B7
mem[X,0x8003C142] -> 0x0000
[5505] [M]: 0x8003C140 (0x0000B5B7) lui a1, 11
x11 <- 0x0000B000


mem[X,0x8003C144] -> 0x8593
mem[X,0x8003C146] -> 0x5035
[5506] [M]: 0x8003C144 (0x50358593) addi a1, a1, 1283
x11 <- 0x0000B503


mem[X,0x8003C148] -> 0x0193
mem[X,0x8003C14A] -> 0x0000
[5507] [M]: 0x8003C148 (0x00000193) addi gp, zero, 0
x3 <- 0x00000000


mem[X,0x8003C14C] -> 0x006F
mem[X,0x8003C14E] -> 0x0180
[5508] [M]: 0x8003C14C (0x0180006F) jal zero, 24


mem[X,0x8003C164] -> 0x76E3
mem[X,0x8003C166] -> 0xFEB5
[5509] [M]: 0x8003C164 (0xFEB576E3) bgeu a0, a1, 8172


mem[X,0x8003C168] -> 0x8193
mem[X,0x8003C16A] -> 0x0021
[5510] [M]: 0x8003C168 (0x00218193) addi gp, gp, 2
x3 <- 0x00000002


mem[X,0x8003C16C] -> 0x006F
mem[X,0x8003C16E] -> 0x00C0
[5511] [M]: 0x8003C16C (0x00C0006F) jal zero, 12


mem[X,0x8003C178] -> 0x2A23
mem[X,0x8003C17A] -> 0x0C31
[5512] [M]: 0x8003C178 (0x0C312A23) sw gp, 212(sp)
mem[0x8004AB38] <- 0x00000002


mem[X,0x8003C17C] -> 0x0513
mem[X,0x8003C17E] -> 0x0060
[5513] [M]: 0x8003C17C (0x00600513) addi a0, zero, 6
x10 <- 0x00000006


mem[X,0x8003C180] -> 0x05B7
mem[X,0x8003C182] -> 0x0001
[5514] [M]: 0x8003C180 (0x000105B7) lui a1, 16
x11 <- 0x00010000


mem[X,0x8003C184] -> 0x8593
mem[X,0x8003C186] -> 0xFFE5
[5515] [M]: 0x8003C184 (0xFFE58593) addi a1, a1, 4094
x11 <- 0x0000FFFE


mem[X,0x8003C188] -> 0x0193
mem[X,0x8003C18A] -> 0x0000
[5516] [M]: 0x8003C188 (0x00000193) addi gp, zero, 0
x3 <- 0x00000000


mem[X,0x8003C18C] -> 0x006F
mem[X,0x8003C18E] -> 0x00C0
[5517] [M]: 0x8003C18C (0x00C0006F) jal zero, 12


mem[X,0x8003C198] -> 0x7CE3
mem[X,0x8003C19A] -> 0xFEB5
[5518] [M]: 0x8003C198 (0xFEB57CE3) bgeu a0, a1, 8184


mem[X,0x8003C19C] -> 0x8193
mem[X,0x8003C19E] -> 0x0021
[5519] [M]: 0x8003C19C (0x00218193) addi gp, gp, 2
x3 <- 0x00000002


mem[X,0x8003C1A0] -> 0x006F
mem[X,0x8003C1A2] -> 0x00C0
[5520] [M]: 0x8003C1A0 (0x00C0006F) jal zero, 12


mem[X,0x8003C1AC] -> 0x2C23
mem[X,0x8003C1AE] -> 0x0C31
[5521] [M]: 0x8003C1AC (0x0C312C23) sw gp, 216(sp)
mem[0x8004AB3C] <- 0x00000002


mem[X,0x8003C1B0] -> 0x0513
mem[X,0x8003C1B2] -> 0x0060
[5522] [M]: 0x8003C1B0 (0x00600513) addi a0, zero, 6
x10 <- 0x00000006


mem[X,0x8003C1B4] -> 0x55B7
mem[X,0x8003C1B6] -> 0x5555
[5523] [M]: 0x8003C1B4 (0x555555B7) lui a1, 349525
x11 <- 0x55555000


mem[X,0x8003C1B8] -> 0x8593
mem[X,0x8003C1BA] -> 0x5565
[5524] [M]: 0x8003C1B8 (0x55658593) addi a1, a1, 1366
x11 <- 0x55555556


mem[X,0x8003C1BC] -> 0x0193
mem[X,0x8003C1BE] -> 0x0000
[5525] [M]: 0x8003C1BC (0x00000193) addi gp, zero, 0
x3 <- 0x00000000


mem[X,0x8003C1C0] -> 0x006F
mem[X,0x8003C1C2] -> 0x00C0
[5526] [M]: 0x8003C1C0 (0x00C0006F) jal zero, 12


mem[X,0x8003C1CC] -> 0x7663
mem[X,0x8003C1CE] -> 0x00B5
[5527] [M]: 0x8003C1CC (0x00B57663) bgeu a0, a1, 12


mem[X,0x8003C1D0] -> 0x8193
mem[X,0x8003C1D2] -> 0x0021
[5528] [M]: 0x8003C1D0 (0x00218193) addi gp, gp, 2
x3 <- 0x00000002


mem[X,0x8003C1D4] -> 0x006F
mem[X,0x8003C1D6] -> 0x00C0
[5529] [M]: 0x8003C1D4 (0x00C0006F) jal zero, 12


mem[X,0x8003C1E0] -> 0x2E23
mem[X,0x8003C1E2] -> 0x0C31
[5530] [M]: 0x8003C1E0 (0x0C312E23) sw gp, 220(sp)
mem[0x8004AB40] <- 0x00000002


mem[X,0x8003C1E4] -> 0x0513
mem[X,0x8003C1E6] -> 0x0060
[5531] [M]: 0x8003C1E4 (0x00600513) addi a0, zero, 6
x10 <- 0x00000006


mem[X,0x8003C1E8] -> 0xB5B7
mem[X,0x8003C1EA] -> 0xAAAA
[5532] [M]: 0x8003C1E8 (0xAAAAB5B7) lui a1, 699051
x11 <- 0xAAAAB000


mem[X,0x8003C1EC] -> 0x8593
mem[X,0x8003C1EE] -> 0xAAB5
[5533] [M]: 0x8003C1EC (0xAAB58593) addi a1, a1, 2731
x11 <- 0xAAAAAAAB


mem[X,0x8003C1F0] -> 0x0193
mem[X,0x8003C1F2] -> 0x0000
[5534] [M]: 0x8003C1F0 (0x00000193) addi gp, zero, 0
x3 <- 0x00000000


mem[X,0x8003C1F4] -> 0x006F
mem[X,0x8003C1F6] -> 0x00C0
[5535] [M]: 0x8003C1F4 (0x00C0006F) jal zero, 12


mem[X,0x8003C200] -> 0x7663
mem[X,0x8003C202] -> 0x00B5
[5536] [M]: 0x8003C200 (0x00B57663) bgeu a0, a1, 12


mem[X,0x8003C204] -> 0x8193
mem[X,0x8003C206] -> 0x0021
[5537] [M]: 0x8003C204 (0x00218193) addi gp, gp, 2
x3 <- 0x00000002


mem[X,0x8003C208] -> 0x006F
mem[X,0x8003C20A] -> 0x00C0
[5538] [M]: 0x8003C208 (0x00C0006F) jal zero, 12


mem[X,0x8003C214] -> 0x2023
mem[X,0x8003C216] -> 0x0E31
[5539] [M]: 0x8003C214 (0x0E312023) sw gp, 224(sp)
mem[0x8004AB44] <- 0x00000002


mem[X,0x8003C218] -> 0x0513
mem[X,0x8003C21A] -> 0x0060
[5540] [M]: 0x8003C218 (0x00600513) addi a0, zero, 6
x10 <- 0x00000006


mem[X,0x8003C21C] -> 0x0593
mem[X,0x8003C21E] -> 0x0060
[5541] [M]: 0x8003C21C (0x00600593) addi a1, zero, 6
x11 <- 0x00000006


mem[X,0x8003C220] -> 0x0193
mem[X,0x8003C222] -> 0x0000
[5542] [M]: 0x8003C220 (0x00000193) addi gp, zero, 0
x3 <- 0x00000000


mem[X,0x8003C224] -> 0x006F
mem[X,0x8003C226] -> 0x00C0
[5543] [M]: 0x8003C224 (0x00C0006F) jal zero, 12


mem[X,0x8003C230] -> 0x7CE3
mem[X,0x8003C232] -> 0xFEB5
[5544] [M]: 0x8003C230 (0xFEB57CE3) bgeu a0, a1, 8184


mem[X,0x8003C228] -> 0x8193
mem[X,0x8003C22A] -> 0x0011
[5545] [M]: 0x8003C228 (0x00118193) addi gp, gp, 1
x3 <- 0x00000001


mem[X,0x8003C22C] -> 0x006F
mem[X,0x8003C22E] -> 0x0180
[5546] [M]: 0x8003C22C (0x0180006F) jal zero, 24


mem[X,0x8003C244] -> 0x2223
mem[X,0x8003C246] -> 0x0E31
[5547] [M]: 0x8003C244 (0x0E312223) sw gp, 228(sp)
mem[0x8004AB48] <- 0x00000001


mem[X,0x8003C248] -> 0x0513
mem[X,0x8003C24A] -> 0x0060
[5548] [M]: 0x8003C248 (0x00600513) addi a0, zero, 6
x10 <- 0x00000006


mem[X,0x8003C24C] -> 0x35B7
mem[X,0x8003C24E] -> 0x3333
[5549] [M]: 0x8003C24C (0x333335B7) lui a1, 209715
x11 <- 0x33333000


mem[X,0x8003C250] -> 0x8593
mem[X,0x8003C252] -> 0x3345
[5550] [M]: 0x8003C250 (0x33458593) addi a1, a1, 820
x11 <- 0x33333334


mem[X,0x8003C254] -> 0x0193
mem[X,0x8003C256] -> 0x0000
[5551] [M]: 0x8003C254 (0x00000193) addi gp, zero, 0
x3 <- 0x00000000


mem[X,0x8003C258] -> 0x006F
mem[X,0x8003C25A] -> 0x00C0
[5552] [M]: 0x8003C258 (0x00C0006F) jal zero, 12


mem[X,0x8003C264] -> 0x7663
mem[X,0x8003C266] -> 0x00B5
[5553] [M]: 0x8003C264 (0x00B57663) bgeu a0, a1, 12


mem[X,0x8003C268] -> 0x8193
mem[X,0x8003C26A] -> 0x0021
[5554] [M]: 0x8003C268 (0x00218193) addi gp, gp, 2
x3 <- 0x00000002


mem[X,0x8003C26C] -> 0x006F
mem[X,0x8003C26E] -> 0x00C0
[5555] [M]: 0x8003C26C (0x00C0006F) jal zero, 12


mem[X,0x8003C278] -> 0x2423
mem[X,0x8003C27A] -> 0x0E31
[5556] [M]: 0x8003C278 (0x0E312423) sw gp, 232(sp)
mem[0x8004AB4C] <- 0x00000002


mem[X,0x8003C27C] -> 0x0513
mem[X,0x8003C27E] -> 0x0060
[5557] [M]: 0x8003C27C (0x00600513) addi a0, zero, 6
x10 <- 0x00000006


mem[X,0x8003C280] -> 0x65B7
mem[X,0x8003C282] -> 0x6666
[5558] [M]: 0x8003C280 (0x666665B7) lui a1, 419430
x11 <- 0x66666000


mem[X,0x8003C284] -> 0x8593
mem[X,0x8003C286] -> 0x6675
[5559] [M]: 0x8003C284 (0x66758593) addi a1, a1, 1639
x11 <- 0x66666667


mem[X,0x8003C288] -> 0x0193
mem[X,0x8003C28A] -> 0x0000
[5560] [M]: 0x8003C288 (0x00000193) addi gp, zero, 0
x3 <- 0x00000000


mem[X,0x8003C28C] -> 0x006F
mem[X,0x8003C28E] -> 0x00C0
[5561] [M]: 0x8003C28C (0x00C0006F) jal zero, 12


mem[X,0x8003C298] -> 0x7CE3
mem[X,0x8003C29A] -> 0xFEB5
[5562] [M]: 0x8003C298 (0xFEB57CE3) bgeu a0, a1, 8184


mem[X,0x8003C29C] -> 0x8193
mem[X,0x8003C29E] -> 0x0021
[5563] [M]: 0x8003C29C (0x00218193) addi gp, gp, 2
x3 <- 0x00000002


mem[X,0x8003C2A0] -> 0x006F
mem[X,0x8003C2A2] -> 0x00C0
[5564] [M]: 0x8003C2A0 (0x00C0006F) jal zero, 12


mem[X,0x8003C2AC] -> 0x2623
mem[X,0x8003C2AE] -> 0x0E31
[5565] [M]: 0x8003C2AC (0x0E312623) sw gp, 236(sp)
mem[0x8004AB50] <- 0x00000002


mem[X,0x8003C2B0] -> 0x0513
mem[X,0x8003C2B2] -> 0x0060
[5566] [M]: 0x8003C2B0 (0x00600513) addi a0, zero, 6
x10 <- 0x00000006


mem[X,0x8003C2B4] -> 0xB5B7
mem[X,0x8003C2B6] -> 0x0000
[5567] [M]: 0x8003C2B4 (0x0000B5B7) lui a1, 11
x11 <- 0x0000B000


mem[X,0x8003C2B8] -> 0x8593
mem[X,0x8003C2BA] -> 0x5055
[5568] [M]: 0x8003C2B8 (0x50558593) addi a1, a1, 1285
x11 <- 0x0000B505


mem[X,0x8003C2BC] -> 0x0193
mem[X,0x8003C2BE] -> 0x0000
[5569] [M]: 0x8003C2BC (0x00000193) addi gp, zero, 0
x3 <- 0x00000000


mem[X,0x8003C2C0] -> 0x006F
mem[X,0x8003C2C2] -> 0x0100
[5570] [M]: 0x8003C2C0 (0x0100006F) jal zero, 16


mem[X,0x8003C2D0] -> 0x7AE3
mem[X,0x8003C2D2] -> 0xFEB5
[5571] [M]: 0x8003C2D0 (0xFEB57AE3) bgeu a0, a1, 8180


mem[X,0x8003C2D4] -> 0x8193
mem[X,0x8003C2D6] -> 0x0021
[5572] [M]: 0x8003C2D4 (0x00218193) addi gp, gp, 2
x3 <- 0x00000002


mem[X,0x8003C2D8] -> 0x006F
mem[X,0x8003C2DA] -> 0x00C0
[5573] [M]: 0x8003C2D8 (0x00C0006F) jal zero, 12


mem[X,0x8003C2E4] -> 0x2823
mem[X,0x8003C2E6] -> 0x0E31
[5574] [M]: 0x8003C2E4 (0x0E312823) sw gp, 240(sp)
mem[0x8004AB54] <- 0x00000002


mem[X,0x8003C2E8] -> 0x0513
mem[X,0x8003C2EA] -> 0x0060
[5575] [M]: 0x8003C2E8 (0x00600513) addi a0, zero, 6
x10 <- 0x00000006


mem[X,0x8003C2EC] -> 0x0593
mem[X,0x8003C2EE] -> 0x0010
[5576] [M]: 0x8003C2EC (0x00100593) addi a1, zero, 1
x11 <- 0x00000001


mem[X,0x8003C2F0] -> 0x0193
mem[X,0x8003C2F2] -> 0x0000
[5577] [M]: 0x8003C2F0 (0x00000193) addi gp, zero, 0
x3 <- 0x00000000


mem[X,0x8003C2F4] -> 0x006F
mem[X,0x8003C2F6] -> 0x00C0
[5578] [M]: 0x8003C2F4 (0x00C0006F) jal zero, 12


mem[X,0x8003C300] -> 0x7063
mem[X,0x8003C302] -> 0x10B5
[5579] [M]: 0x8003C300 (0x10B57063) bgeu a0, a1, 256


mem[X,0x8003C400] -> 0x8193
mem[X,0x8003C402] -> 0x0031
[5580] [M]: 0x8003C400 (0x00318193) addi gp, gp, 3
x3 <- 0x00000003


mem[X,0x8003C404] -> 0x006F
mem[X,0x8003C406] -> 0x0040
[5581] [M]: 0x8003C404 (0x0040006F) jal zero, 4


mem[X,0x8003C408] -> 0x2A23
mem[X,0x8003C40A] -> 0x0E31
[5582] [M]: 0x8003C408 (0x0E312A23) sw gp, 244(sp)
mem[0x8004AB58] <- 0x00000003


mem[X,0x8003C40C] -> 0x0513
mem[X,0x8003C40E] -> 0x0060
[5583] [M]: 0x8003C40C (0x00600513) addi a0, zero, 6
x10 <- 0x00000006


mem[X,0x8003C410] -> 0x05B7
mem[X,0x8003C412] -> 0x0001
[5584] [M]: 0x8003C410 (0x000105B7) lui a1, 16
x11 <- 0x00010000


mem[X,0x8003C414] -> 0x0193
mem[X,0x8003C416] -> 0x0000
[5585] [M]: 0x8003C414 (0x00000193) addi gp, zero, 0
x3 <- 0x00000000


mem[X,0x8003C418] -> 0x006F
mem[X,0x8003C41A] -> 0x0100
[5586] [M]: 0x8003C418 (0x0100006F) jal zero, 16


mem[X,0x8003C428] -> 0x7AE3
mem[X,0x8003C42A] -> 0xFEB5
[5587] [M]: 0x8003C428 (0xFEB57AE3) bgeu a0, a1, 8180


mem[X,0x8003C42C] -> 0x8193
mem[X,0x8003C42E] -> 0x0021
[5588] [M]: 0x8003C42C (0x00218193) addi gp, gp, 2
x3 <- 0x00000002


mem[X,0x8003C430] -> 0x006F
mem[X,0x8003C432] -> 0x00C0
[5589] [M]: 0x8003C430 (0x00C0006F) jal zero, 12


mem[X,0x8003C43C] -> 0x2C23
mem[X,0x8003C43E] -> 0x0E31
[5590] [M]: 0x8003C43C (0x0E312C23) sw gp, 248(sp)
mem[0x8004AB5C] <- 0x00000002


mem[X,0x8003C440] -> 0x3537
mem[X,0x8003C442] -> 0x3333
[5591] [M]: 0x8003C440 (0x33333537) lui a0, 209715
x10 <- 0x33333000


mem[X,0x8003C444] -> 0x0513
mem[X,0x8003C446] -> 0x3345
[5592] [M]: 0x8003C444 (0x33450513) addi a0, a0, 820
x10 <- 0x33333334


mem[X,0x8003C448] -> 0x0593
mem[X,0x8003C44A] -> 0x0030
[5593] [M]: 0x8003C448 (0x00300593) addi a1, zero, 3
x11 <- 0x00000003


mem[X,0x8003C44C] -> 0x0193
mem[X,0x8003C44E] -> 0x0000
[5594] [M]: 0x8003C44C (0x00000193) addi gp, zero, 0
x3 <- 0x00000000


mem[X,0x8003C450] -> 0x006F
mem[X,0x8003C452] -> 0x00C0
[5595] [M]: 0x8003C450 (0x00C0006F) jal zero, 12


mem[X,0x8003C45C] -> 0x7063
mem[X,0x8003C45E] -> 0x02B5
[5596] [M]: 0x8003C45C (0x02B57063) bgeu a0, a1, 32


mem[X,0x8003C47C] -> 0x8193
mem[X,0x8003C47E] -> 0x0031
[5597] [M]: 0x8003C47C (0x00318193) addi gp, gp, 3
x3 <- 0x00000003


mem[X,0x8003C480] -> 0x006F
mem[X,0x8003C482] -> 0x0040
[5598] [M]: 0x8003C480 (0x0040006F) jal zero, 4


mem[X,0x8003C484] -> 0x2E23
mem[X,0x8003C486] -> 0x0E31
[5599] [M]: 0x8003C484 (0x0E312E23) sw gp, 252(sp)
mem[0x8004AB60] <- 0x00000003


clint::tick mtime <- 0x0000000000000038
 clint timer pending at mtime 0x0000000000000038
htif::tick 0x0000000000000000
mem[X,0x8003C488] -> 0x3537
mem[X,0x8003C48A] -> 0x3333
[5600] [M]: 0x8003C488 (0x33333537) lui a0, 209715
x10 <- 0x33333000


mem[X,0x8003C48C] -> 0x0513
mem[X,0x8003C48E] -> 0x3345
[5601] [M]: 0x8003C48C (0x33450513) addi a0, a0, 820
x10 <- 0x33333334


mem[X,0x8003C490] -> 0x55B7
mem[X,0x8003C492] -> 0x5555
[5602] [M]: 0x8003C490 (0x555555B7) lui a1, 349525
x11 <- 0x55555000


mem[X,0x8003C494] -> 0x8593
mem[X,0x8003C496] -> 0x5555
[5603] [M]: 0x8003C494 (0x55558593) addi a1, a1, 1365
x11 <- 0x55555555


mem[X,0x8003C498] -> 0x0193
mem[X,0x8003C49A] -> 0x0000
[5604] [M]: 0x8003C498 (0x00000193) addi gp, zero, 0
x3 <- 0x00000000


mem[X,0x8003C49C] -> 0x006F
mem[X,0x8003C49E] -> 0x00C0
[5605] [M]: 0x8003C49C (0x00C0006F) jal zero, 12


mem[X,0x8003C4A8] -> 0x7663
mem[X,0x8003C4AA] -> 0x00B5
[5606] [M]: 0x8003C4A8 (0x00B57663) bgeu a0, a1, 12


mem[X,0x8003C4AC] -> 0x8193
mem[X,0x8003C4AE] -> 0x0021
[5607] [M]: 0x8003C4AC (0x00218193) addi gp, gp, 2
x3 <- 0x00000002


mem[X,0x8003C4B0] -> 0x006F
mem[X,0x8003C4B2] -> 0x00C0
[5608] [M]: 0x8003C4B0 (0x00C0006F) jal zero, 12


mem[X,0x8003C4BC] -> 0x2023
mem[X,0x8003C4BE] -> 0x1031
[5609] [M]: 0x8003C4BC (0x10312023) sw gp, 256(sp)
mem[0x8004AB64] <- 0x00000002


mem[X,0x8003C4C0] -> 0x6537
mem[X,0x8003C4C2] -> 0x6666
[5610] [M]: 0x8003C4C0 (0x66666537) lui a0, 419430
x10 <- 0x66666000


mem[X,0x8003C4C4] -> 0x0513
mem[X,0x8003C4C6] -> 0x6655
[5611] [M]: 0x8003C4C4 (0x66550513) addi a0, a0, 1637
x10 <- 0x66666665


mem[X,0x8003C4C8] -> 0xB5B7
mem[X,0x8003C4CA] -> 0xAAAA
[5612] [M]: 0x8003C4C8 (0xAAAAB5B7) lui a1, 699051
x11 <- 0xAAAAB000


mem[X,0x8003C4CC] -> 0x8593
mem[X,0x8003C4CE] -> 0xAAB5
[5613] [M]: 0x8003C4CC (0xAAB58593) addi a1, a1, 2731
x11 <- 0xAAAAAAAB


mem[X,0x8003C4D0] -> 0x0193
mem[X,0x8003C4D2] -> 0x0000
[5614] [M]: 0x8003C4D0 (0x00000193) addi gp, zero, 0
x3 <- 0x00000000


mem[X,0x8003C4D4] -> 0x006F
mem[X,0x8003C4D6] -> 0x00C0
[5615] [M]: 0x8003C4D4 (0x00C0006F) jal zero, 12


mem[X,0x8003C4E0] -> 0x7663
mem[X,0x8003C4E2] -> 0x00B5
[5616] [M]: 0x8003C4E0 (0x00B57663) bgeu a0, a1, 12


mem[X,0x8003C4E4] -> 0x8193
mem[X,0x8003C4E6] -> 0x0021
[5617] [M]: 0x8003C4E4 (0x00218193) addi gp, gp, 2
x3 <- 0x00000002


mem[X,0x8003C4E8] -> 0x006F
mem[X,0x8003C4EA] -> 0x00C0
[5618] [M]: 0x8003C4E8 (0x00C0006F) jal zero, 12


mem[X,0x8003C4F4] -> 0x2223
mem[X,0x8003C4F6] -> 0x1031
[5619] [M]: 0x8003C4F4 (0x10312223) sw gp, 260(sp)
mem[0x8004AB68] <- 0x00000002


mem[X,0x8003C4F8] -> 0x3537
mem[X,0x8003C4FA] -> 0x3333
[5620] [M]: 0x8003C4F8 (0x33333537) lui a0, 209715
x10 <- 0x33333000


mem[X,0x8003C4FC] -> 0x0513
mem[X,0x8003C4FE] -> 0x3345
[5621] [M]: 0x8003C4FC (0x33450513) addi a0, a0, 820
x10 <- 0x33333334


mem[X,0x8003C500] -> 0xB5B7
mem[X,0x8003C502] -> 0xAAAA
[5622] [M]: 0x8003C500 (0xAAAAB5B7) lui a1, 699051
x11 <- 0xAAAAB000


mem[X,0x8003C504] -> 0x8593
mem[X,0x8003C506] -> 0xAAA5
[5623] [M]: 0x8003C504 (0xAAA58593) addi a1, a1, 2730
x11 <- 0xAAAAAAAA


mem[X,0x8003C508] -> 0x0193
mem[X,0x8003C50A] -> 0x0000
[5624] [M]: 0x8003C508 (0x00000193) addi gp, zero, 0
x3 <- 0x00000000


mem[X,0x8003C50C] -> 0x006F
mem[X,0x8003C50E] -> 0x00C0
[5625] [M]: 0x8003C50C (0x00C0006F) jal zero, 12


mem[X,0x8003C518] -> 0x7CE3
mem[X,0x8003C51A] -> 0xFEB5
[5626] [M]: 0x8003C518 (0xFEB57CE3) bgeu a0, a1, 8184


mem[X,0x8003C51C] -> 0x8193
mem[X,0x8003C51E] -> 0x0021
[5627] [M]: 0x8003C51C (0x00218193) addi gp, gp, 2
x3 <- 0x00000002


mem[X,0x8003C520] -> 0x006F
mem[X,0x8003C522] -> 0x00C0
[5628] [M]: 0x8003C520 (0x00C0006F) jal zero, 12


mem[X,0x8003C52C] -> 0x2423
mem[X,0x8003C52E] -> 0x1031
[5629] [M]: 0x8003C52C (0x10312423) sw gp, 264(sp)
mem[0x8004AB6C] <- 0x00000002


mem[X,0x8003C530] -> 0x3537
mem[X,0x8003C532] -> 0x3333
[5630] [M]: 0x8003C530 (0x33333537) lui a0, 209715
x10 <- 0x33333000


mem[X,0x8003C534] -> 0x0513
mem[X,0x8003C536] -> 0x3345
[5631] [M]: 0x8003C534 (0x33450513) addi a0, a0, 820
x10 <- 0x33333334


mem[X,0x8003C538] -> 0x0593
mem[X,0x8003C53A] -> 0x0050
[5632] [M]: 0x8003C538 (0x00500593) addi a1, zero, 5
x11 <- 0x00000005


mem[X,0x8003C53C] -> 0x0193
mem[X,0x8003C53E] -> 0x0000
[5633] [M]: 0x8003C53C (0x00000193) addi gp, zero, 0
x3 <- 0x00000000


mem[X,0x8003C540] -> 0x006F
mem[X,0x8003C542] -> 0x0050
[5634] [M]: 0x8003C540 (0x0050006F) jal zero, 2052


mem[X,0x8003CD44] -> 0x70E3
mem[X,0x8003CD46] -> 0x80B5
[5635] [M]: 0x8003CD44 (0x80B570E3) bgeu a0, a1, 6144


mem[X,0x8003C544] -> 0x8193
mem[X,0x8003C546] -> 0x0011
[5636] [M]: 0x8003C544 (0x00118193) addi gp, gp, 1
x3 <- 0x00000001


mem[X,0x8003C548] -> 0x006F
mem[X,0x8003C54A] -> 0x0110
[5637] [M]: 0x8003C548 (0x0110006F) jal zero, 2064


mem[X,0x8003CD58] -> 0x2623
mem[X,0x8003CD5A] -> 0x1031
[5638] [M]: 0x8003CD58 (0x10312623) sw gp, 268(sp)
mem[0x8004AB70] <- 0x00000001


mem[X,0x8003CD5C] -> 0x3537
mem[X,0x8003CD5E] -> 0x3333
[5639] [M]: 0x8003CD5C (0x33333537) lui a0, 209715
x10 <- 0x33333000


mem[X,0x8003CD60] -> 0x0513
mem[X,0x8003CD62] -> 0x3345
[5640] [M]: 0x8003CD60 (0x33450513) addi a0, a0, 820
x10 <- 0x33333334


mem[X,0x8003CD64] -> 0x35B7
mem[X,0x8003CD66] -> 0x3333
[5641] [M]: 0x8003CD64 (0x333335B7) lui a1, 209715
x11 <- 0x33333000


mem[X,0x8003CD68] -> 0x8593
mem[X,0x8003CD6A] -> 0x3335
[5642] [M]: 0x8003CD68 (0x33358593) addi a1, a1, 819
x11 <- 0x33333333


mem[X,0x8003CD6C] -> 0x0193
mem[X,0x8003CD6E] -> 0x0000
[5643] [M]: 0x8003CD6C (0x00000193) addi gp, zero, 0
x3 <- 0x00000000


mem[X,0x8003CD70] -> 0x006F
mem[X,0x8003CD72] -> 0x0100
[5644] [M]: 0x8003CD70 (0x0100006F) jal zero, 16


mem[X,0x8003CD80] -> 0x7AE3
mem[X,0x8003CD82] -> 0xFEB5
[5645] [M]: 0x8003CD80 (0xFEB57AE3) bgeu a0, a1, 8180


mem[X,0x8003CD74] -> 0x8193
mem[X,0x8003CD76] -> 0x0011
[5646] [M]: 0x8003CD74 (0x00118193) addi gp, gp, 1
x3 <- 0x00000001


mem[X,0x8003CD78] -> 0x006F
mem[X,0x8003CD7A] -> 0x01C0
[5647] [M]: 0x8003CD78 (0x01C0006F) jal zero, 28


mem[X,0x8003CD94] -> 0x2823
mem[X,0x8003CD96] -> 0x1031
[5648] [M]: 0x8003CD94 (0x10312823) sw gp, 272(sp)
mem[0x8004AB74] <- 0x00000001


mem[X,0x8003CD98] -> 0x3537
mem[X,0x8003CD9A] -> 0x3333
[5649] [M]: 0x8003CD98 (0x33333537) lui a0, 209715
x10 <- 0x33333000


mem[X,0x8003CD9C] -> 0x0513
mem[X,0x8003CD9E] -> 0x3345
[5650] [M]: 0x8003CD9C (0x33450513) addi a0, a0, 820
x10 <- 0x33333334


mem[X,0x8003CDA0] -> 0x65B7
mem[X,0x8003CDA2] -> 0x6666
[5651] [M]: 0x8003CDA0 (0x666665B7) lui a1, 419430
x11 <- 0x66666000


mem[X,0x8003CDA4] -> 0x8593
mem[X,0x8003CDA6] -> 0x6665
[5652] [M]: 0x8003CDA4 (0x66658593) addi a1, a1, 1638
x11 <- 0x66666666


mem[X,0x8003CDA8] -> 0x0193
mem[X,0x8003CDAA] -> 0x0000
[5653] [M]: 0x8003CDA8 (0x00000193) addi gp, zero, 0
x3 <- 0x00000000


mem[X,0x8003CDAC] -> 0x006F
mem[X,0x8003CDAE] -> 0x00C0
[5654] [M]: 0x8003CDAC (0x00C0006F) jal zero, 12


mem[X,0x8003CDB8] -> 0x7063
mem[X,0x8003CDBA] -> 0x04B5
[5655] [M]: 0x8003CDB8 (0x04B57063) bgeu a0, a1, 64


mem[X,0x8003CDBC] -> 0x8193
mem[X,0x8003CDBE] -> 0x0021
[5656] [M]: 0x8003CDBC (0x00218193) addi gp, gp, 2
x3 <- 0x00000002


mem[X,0x8003CDC0] -> 0x006F
mem[X,0x8003CDC2] -> 0x0400
[5657] [M]: 0x8003CDC0 (0x0400006F) jal zero, 64


mem[X,0x8003CE00] -> 0x2A23
mem[X,0x8003CE02] -> 0x1031
[5658] [M]: 0x8003CE00 (0x10312A23) sw gp, 276(sp)
mem[0x8004AB78] <- 0x00000002


mem[X,0x8003CE04] -> 0x3537
mem[X,0x8003CE06] -> 0x3333
[5659] [M]: 0x8003CE04 (0x33333537) lui a0, 209715
x10 <- 0x33333000


mem[X,0x8003CE08] -> 0x0513
mem[X,0x8003CE0A] -> 0x3345
[5660] [M]: 0x8003CE08 (0x33450513) addi a0, a0, 820
x10 <- 0x33333334


mem[X,0x8003CE0C] -> 0xB5B7
mem[X,0x8003CE0E] -> 0x0000
[5661] [M]: 0x8003CE0C (0x0000B5B7) lui a1, 11
x11 <- 0x0000B000


mem[X,0x8003CE10] -> 0x8593
mem[X,0x8003CE12] -> 0x5045
[5662] [M]: 0x8003CE10 (0x50458593) addi a1, a1, 1284
x11 <- 0x0000B504


mem[X,0x8003CE14] -> 0x0193
mem[X,0x8003CE16] -> 0x0000
[5663] [M]: 0x8003CE14 (0x00000193) addi gp, zero, 0
x3 <- 0x00000000


mem[X,0x8003CE18] -> 0x006F
mem[X,0x8003CE1A] -> 0x0050
[5664] [M]: 0x8003CE18 (0x0050006F) jal zero, 2052


mem[X,0x8003D61C] -> 0x70E3
mem[X,0x8003D61E] -> 0x80B5
[5665] [M]: 0x8003D61C (0x80B570E3) bgeu a0, a1, 6144


mem[X,0x8003CE1C] -> 0x8193
mem[X,0x8003CE1E] -> 0x0011
[5666] [M]: 0x8003CE1C (0x00118193) addi gp, gp, 1
x3 <- 0x00000001


mem[X,0x8003CE20] -> 0x006F
mem[X,0x8003CE22] -> 0x0110
[5667] [M]: 0x8003CE20 (0x0110006F) jal zero, 2064


mem[X,0x8003D630] -> 0x2C23
mem[X,0x8003D632] -> 0x1031
[5668] [M]: 0x8003D630 (0x10312C23) sw gp, 280(sp)
mem[0x8004AB7C] <- 0x00000001


mem[X,0x8003D634] -> 0x3537
mem[X,0x8003D636] -> 0x3333
[5669] [M]: 0x8003D634 (0x33333537) lui a0, 209715
x10 <- 0x33333000


mem[X,0x8003D638] -> 0x0513
mem[X,0x8003D63A] -> 0x3345
[5670] [M]: 0x8003D638 (0x33450513) addi a0, a0, 820
x10 <- 0x33333334


mem[X,0x8003D63C] -> 0x0593
mem[X,0x8003D63E] -> 0x0000
[5671] [M]: 0x8003D63C (0x00000593) addi a1, zero, 0
x11 <- 0x00000000


mem[X,0x8003D640] -> 0x0193
mem[X,0x8003D642] -> 0x0000
[5672] [M]: 0x8003D640 (0x00000193) addi gp, zero, 0
x3 <- 0x00000000


mem[X,0x8003D644] -> 0x006F
mem[X,0x8003D646] -> 0x00C0
[5673] [M]: 0x8003D644 (0x00C0006F) jal zero, 12


mem[X,0x8003D650] -> 0x7063
mem[X,0x8003D652] -> 0x20B5
[5674] [M]: 0x8003D650 (0x20B57063) bgeu a0, a1, 512


mem[X,0x8003D850] -> 0x8193
mem[X,0x8003D852] -> 0x0031
[5675] [M]: 0x8003D850 (0x00318193) addi gp, gp, 3
x3 <- 0x00000003


mem[X,0x8003D854] -> 0x006F
mem[X,0x8003D856] -> 0x0040
[5676] [M]: 0x8003D854 (0x0040006F) jal zero, 4


mem[X,0x8003D858] -> 0x2E23
mem[X,0x8003D85A] -> 0x1031
[5677] [M]: 0x8003D858 (0x10312E23) sw gp, 284(sp)
mem[0x8004AB80] <- 0x00000003


mem[X,0x8003D85C] -> 0x3537
mem[X,0x8003D85E] -> 0x3333
[5678] [M]: 0x8003D85C (0x33333537) lui a0, 209715
x10 <- 0x33333000


mem[X,0x8003D860] -> 0x0513
mem[X,0x8003D862] -> 0x3345
[5679] [M]: 0x8003D860 (0x33450513) addi a0, a0, 820
x10 <- 0x33333334


mem[X,0x8003D864] -> 0x05B7
mem[X,0x8003D866] -> 0x0001
[5680] [M]: 0x8003D864 (0x000105B7) lui a1, 16
x11 <- 0x00010000


mem[X,0x8003D868] -> 0x8593
mem[X,0x8003D86A] -> 0xFFF5
[5681] [M]: 0x8003D868 (0xFFF58593) addi a1, a1, 4095
x11 <- 0x0000FFFF


mem[X,0x8003D86C] -> 0x0193
mem[X,0x8003D86E] -> 0x0000
[5682] [M]: 0x8003D86C (0x00000193) addi gp, zero, 0
x3 <- 0x00000000


mem[X,0x8003D870] -> 0x006F
mem[X,0x8003D872] -> 0x00C0
[5683] [M]: 0x8003D870 (0x00C0006F) jal zero, 12


mem[X,0x8003D87C] -> 0x7663
mem[X,0x8003D87E] -> 0x00B5
[5684] [M]: 0x8003D87C (0x00B57663) bgeu a0, a1, 12


mem[X,0x8003D888] -> 0x8193
mem[X,0x8003D88A] -> 0x0031
[5685] [M]: 0x8003D888 (0x00318193) addi gp, gp, 3
x3 <- 0x00000003


mem[X,0x8003D88C] -> 0x006F
mem[X,0x8003D88E] -> 0x0040
[5686] [M]: 0x8003D88C (0x0040006F) jal zero, 4


mem[X,0x8003D890] -> 0x2023
mem[X,0x8003D892] -> 0x1231
[5687] [M]: 0x8003D890 (0x12312023) sw gp, 288(sp)
mem[0x8004AB84] <- 0x00000003


mem[X,0x8003D894] -> 0x3537
mem[X,0x8003D896] -> 0x3333
[5688] [M]: 0x8003D894 (0x33333537) lui a0, 209715
x10 <- 0x33333000


mem[X,0x8003D898] -> 0x0513
mem[X,0x8003D89A] -> 0x3345
[5689] [M]: 0x8003D898 (0x33450513) addi a0, a0, 820
x10 <- 0x33333334


mem[X,0x8003D89C] -> 0x0593
mem[X,0x8003D89E] -> 0x0020
[5690] [M]: 0x8003D89C (0x00200593) addi a1, zero, 2
x11 <- 0x00000002


mem[X,0x8003D8A0] -> 0x0193
mem[X,0x8003D8A2] -> 0x0000
[5691] [M]: 0x8003D8A0 (0x00000193) addi gp, zero, 0
x3 <- 0x00000000


mem[X,0x8003D8A4] -> 0x006F
mem[X,0x8003D8A6] -> 0x0100
[5692] [M]: 0x8003D8A4 (0x0100006F) jal zero, 16


mem[X,0x8003D8B4] -> 0x7AE3
mem[X,0x8003D8B6] -> 0xFEB5
[5693] [M]: 0x8003D8B4 (0xFEB57AE3) bgeu a0, a1, 8180


mem[X,0x8003D8A8] -> 0x8193
mem[X,0x8003D8AA] -> 0x0011
[5694] [M]: 0x8003D8A8 (0x00118193) addi gp, gp, 1
x3 <- 0x00000001


mem[X,0x8003D8AC] -> 0x006F
mem[X,0x8003D8AE] -> 0x01C0
[5695] [M]: 0x8003D8AC (0x01C0006F) jal zero, 28


mem[X,0x8003D8C8] -> 0x2223
mem[X,0x8003D8CA] -> 0x1231
[5696] [M]: 0x8003D8C8 (0x12312223) sw gp, 292(sp)
mem[0x8004AB88] <- 0x00000001


mem[X,0x8003D8CC] -> 0x3537
mem[X,0x8003D8CE] -> 0x3333
[5697] [M]: 0x8003D8CC (0x33333537) lui a0, 209715
x10 <- 0x33333000


mem[X,0x8003D8D0] -> 0x0513
mem[X,0x8003D8D2] -> 0x3345
[5698] [M]: 0x8003D8D0 (0x33450513) addi a0, a0, 820
x10 <- 0x33333334


mem[X,0x8003D8D4] -> 0x55B7
mem[X,0x8003D8D6] -> 0x5555
[5699] [M]: 0x8003D8D4 (0x555555B7) lui a1, 349525
x11 <- 0x55555000


clint::tick mtime <- 0x0000000000000039
 clint timer pending at mtime 0x0000000000000039
htif::tick 0x0000000000000000
mem[X,0x8003D8D8] -> 0x8593
mem[X,0x8003D8DA] -> 0x5545
[5700] [M]: 0x8003D8D8 (0x55458593) addi a1, a1, 1364
x11 <- 0x55555554


mem[X,0x8003D8DC] -> 0x0193
mem[X,0x8003D8DE] -> 0x0000
[5701] [M]: 0x8003D8DC (0x00000193) addi gp, zero, 0
x3 <- 0x00000000


mem[X,0x8003D8E0] -> 0x006F
mem[X,0x8003D8E2] -> 0x00C0
[5702] [M]: 0x8003D8E0 (0x00C0006F) jal zero, 12


mem[X,0x8003D8EC] -> 0x7063
mem[X,0x8003D8EE] -> 0x40B5
[5703] [M]: 0x8003D8EC (0x40B57063) bgeu a0, a1, 1024


mem[X,0x8003D8F0] -> 0x8193
mem[X,0x8003D8F2] -> 0x0021
[5704] [M]: 0x8003D8F0 (0x00218193) addi gp, gp, 2
x3 <- 0x00000002


mem[X,0x8003D8F4] -> 0x006F
mem[X,0x8003D8F6] -> 0x4000
[5705] [M]: 0x8003D8F4 (0x4000006F) jal zero, 1024


mem[X,0x8003DCF4] -> 0x2423
mem[X,0x8003DCF6] -> 0x1231
[5706] [M]: 0x8003DCF4 (0x12312423) sw gp, 296(sp)
mem[0x8004AB8C] <- 0x00000002


mem[X,0x8003DCF8] -> 0x3537
mem[X,0x8003DCFA] -> 0x3333
[5707] [M]: 0x8003DCF8 (0x33333537) lui a0, 209715
x10 <- 0x33333000


mem[X,0x8003DCFC] -> 0x0513
mem[X,0x8003DCFE] -> 0x3345
[5708] [M]: 0x8003DCFC (0x33450513) addi a0, a0, 820
x10 <- 0x33333334


mem[X,0x8003DD00] -> 0xB5B7
mem[X,0x8003DD02] -> 0xAAAA
[5709] [M]: 0x8003DD00 (0xAAAAB5B7) lui a1, 699051
x11 <- 0xAAAAB000


mem[X,0x8003DD04] -> 0x8593
mem[X,0x8003DD06] -> 0xAA95
[5710] [M]: 0x8003DD04 (0xAA958593) addi a1, a1, 2729
x11 <- 0xAAAAAAA9


mem[X,0x8003DD08] -> 0x0193
mem[X,0x8003DD0A] -> 0x0000
[5711] [M]: 0x8003DD08 (0x00000193) addi gp, zero, 0
x3 <- 0x00000000


mem[X,0x8003DD0C] -> 0x006F
mem[X,0x8003DD0E] -> 0x0050
[5712] [M]: 0x8003DD0C (0x0050006F) jal zero, 2052


mem[X,0x8003E510] -> 0x70E3
mem[X,0x8003E512] -> 0x80B5
[5713] [M]: 0x8003E510 (0x80B570E3) bgeu a0, a1, 6144


mem[X,0x8003E514] -> 0x8193
mem[X,0x8003E516] -> 0x0021
[5714] [M]: 0x8003E514 (0x00218193) addi gp, gp, 2
x3 <- 0x00000002


mem[X,0x8003E518] -> 0x006F
mem[X,0x8003E51A] -> 0x00C0
[5715] [M]: 0x8003E518 (0x00C0006F) jal zero, 12


mem[X,0x8003E524] -> 0x2623
mem[X,0x8003E526] -> 0x1231
[5716] [M]: 0x8003E524 (0x12312623) sw gp, 300(sp)
mem[0x8004AB90] <- 0x00000002


mem[X,0x8003E528] -> 0x3537
mem[X,0x8003E52A] -> 0x3333
[5717] [M]: 0x8003E528 (0x33333537) lui a0, 209715
x10 <- 0x33333000


mem[X,0x8003E52C] -> 0x0513
mem[X,0x8003E52E] -> 0x3345
[5718] [M]: 0x8003E52C (0x33450513) addi a0, a0, 820
x10 <- 0x33333334


mem[X,0x8003E530] -> 0x0593
mem[X,0x8003E532] -> 0x0040
[5719] [M]: 0x8003E530 (0x00400593) addi a1, zero, 4
x11 <- 0x00000004


mem[X,0x8003E534] -> 0x0193
mem[X,0x8003E536] -> 0x0000
[5720] [M]: 0x8003E534 (0x00000193) addi gp, zero, 0
x3 <- 0x00000000


mem[X,0x8003E538] -> 0x006F
mem[X,0x8003E53A] -> 0x00C0
[5721] [M]: 0x8003E538 (0x00C0006F) jal zero, 12


mem[X,0x8003E544] -> 0x7063
mem[X,0x8003E546] -> 0x40B5
[5722] [M]: 0x8003E544 (0x40B57063) bgeu a0, a1, 1024


mem[X,0x8003E944] -> 0x8193
mem[X,0x8003E946] -> 0x0031
[5723] [M]: 0x8003E944 (0x00318193) addi gp, gp, 3
x3 <- 0x00000003


mem[X,0x8003E948] -> 0x006F
mem[X,0x8003E94A] -> 0x0040
[5724] [M]: 0x8003E948 (0x0040006F) jal zero, 4


mem[X,0x8003E94C] -> 0x2823
mem[X,0x8003E94E] -> 0x1231
[5725] [M]: 0x8003E94C (0x12312823) sw gp, 304(sp)
mem[0x8004AB94] <- 0x00000003


mem[X,0x8003E950] -> 0x3537
mem[X,0x8003E952] -> 0x3333
[5726] [M]: 0x8003E950 (0x33333537) lui a0, 209715
x10 <- 0x33333000


mem[X,0x8003E954] -> 0x0513
mem[X,0x8003E956] -> 0x3345
[5727] [M]: 0x8003E954 (0x33450513) addi a0, a0, 820
x10 <- 0x33333334


mem[X,0x8003E958] -> 0x35B7
mem[X,0x8003E95A] -> 0x3333
[5728] [M]: 0x8003E958 (0x333335B7) lui a1, 209715
x11 <- 0x33333000


mem[X,0x8003E95C] -> 0x8593
mem[X,0x8003E95E] -> 0x3325
[5729] [M]: 0x8003E95C (0x33258593) addi a1, a1, 818
x11 <- 0x33333332


mem[X,0x8003E960] -> 0x0193
mem[X,0x8003E962] -> 0x0000
[5730] [M]: 0x8003E960 (0x00000193) addi gp, zero, 0
x3 <- 0x00000000


mem[X,0x8003E964] -> 0x006F
mem[X,0x8003E966] -> 0x00C0
[5731] [M]: 0x8003E964 (0x00C0006F) jal zero, 12


mem[X,0x8003E970] -> 0x7CE3
mem[X,0x8003E972] -> 0xFEB5
[5732] [M]: 0x8003E970 (0xFEB57CE3) bgeu a0, a1, 8184


mem[X,0x8003E968] -> 0x8193
mem[X,0x8003E96A] -> 0x0011
[5733] [M]: 0x8003E968 (0x00118193) addi gp, gp, 1
x3 <- 0x00000001


mem[X,0x8003E96C] -> 0x006F
mem[X,0x8003E96E] -> 0x0180
[5734] [M]: 0x8003E96C (0x0180006F) jal zero, 24


mem[X,0x8003E984] -> 0x2A23
mem[X,0x8003E986] -> 0x1231
[5735] [M]: 0x8003E984 (0x12312A23) sw gp, 308(sp)
mem[0x8004AB98] <- 0x00000001


mem[X,0x8003E988] -> 0x3537
mem[X,0x8003E98A] -> 0x3333
[5736] [M]: 0x8003E988 (0x33333537) lui a0, 209715
x10 <- 0x33333000


mem[X,0x8003E98C] -> 0x0513
mem[X,0x8003E98E] -> 0x3345
[5737] [M]: 0x8003E98C (0x33450513) addi a0, a0, 820
x10 <- 0x33333334


mem[X,0x8003E990] -> 0x65B7
mem[X,0x8003E992] -> 0x6666
[5738] [M]: 0x8003E990 (0x666665B7) lui a1, 419430
x11 <- 0x66666000


mem[X,0x8003E994] -> 0x8593
mem[X,0x8003E996] -> 0x6655
[5739] [M]: 0x8003E994 (0x66558593) addi a1, a1, 1637
x11 <- 0x66666665


mem[X,0x8003E998] -> 0x0193
mem[X,0x8003E99A] -> 0x0000
[5740] [M]: 0x8003E998 (0x00000193) addi gp, zero, 0
x3 <- 0x00000000


mem[X,0x8003E99C] -> 0x006F
mem[X,0x8003E99E] -> 0x00C0
[5741] [M]: 0x8003E99C (0x00C0006F) jal zero, 12


mem[X,0x8003E9A8] -> 0x7063
mem[X,0x8003E9AA] -> 0x02B5
[5742] [M]: 0x8003E9A8 (0x02B57063) bgeu a0, a1, 32


mem[X,0x8003E9AC] -> 0x8193
mem[X,0x8003E9AE] -> 0x0021
[5743] [M]: 0x8003E9AC (0x00218193) addi gp, gp, 2
x3 <- 0x00000002


mem[X,0x8003E9B0] -> 0x006F
mem[X,0x8003E9B2] -> 0x0200
[5744] [M]: 0x8003E9B0 (0x0200006F) jal zero, 32


mem[X,0x8003E9D0] -> 0x2C23
mem[X,0x8003E9D2] -> 0x1231
[5745] [M]: 0x8003E9D0 (0x12312C23) sw gp, 312(sp)
mem[0x8004AB9C] <- 0x00000002


mem[X,0x8003E9D4] -> 0x3537
mem[X,0x8003E9D6] -> 0x3333
[5746] [M]: 0x8003E9D4 (0x33333537) lui a0, 209715
x10 <- 0x33333000


mem[X,0x8003E9D8] -> 0x0513
mem[X,0x8003E9DA] -> 0x3345
[5747] [M]: 0x8003E9D8 (0x33450513) addi a0, a0, 820
x10 <- 0x33333334


mem[X,0x8003E9DC] -> 0xB5B7
mem[X,0x8003E9DE] -> 0x0000
[5748] [M]: 0x8003E9DC (0x0000B5B7) lui a1, 11
x11 <- 0x0000B000


mem[X,0x8003E9E0] -> 0x8593
mem[X,0x8003E9E2] -> 0x5035
[5749] [M]: 0x8003E9E0 (0x50358593) addi a1, a1, 1283
x11 <- 0x0000B503


mem[X,0x8003E9E4] -> 0x0193
mem[X,0x8003E9E6] -> 0x0000
[5750] [M]: 0x8003E9E4 (0x00000193) addi gp, zero, 0
x3 <- 0x00000000


mem[X,0x8003E9E8] -> 0x006F
mem[X,0x8003E9EA] -> 0x00C0
[5751] [M]: 0x8003E9E8 (0x00C0006F) jal zero, 12


mem[X,0x8003E9F4] -> 0x7063
mem[X,0x8003E9F6] -> 0x20B5
[5752] [M]: 0x8003E9F4 (0x20B57063) bgeu a0, a1, 512


mem[X,0x8003EBF4] -> 0x8193
mem[X,0x8003EBF6] -> 0x0031
[5753] [M]: 0x8003EBF4 (0x00318193) addi gp, gp, 3
x3 <- 0x00000003


mem[X,0x8003EBF8] -> 0x006F
mem[X,0x8003EBFA] -> 0x0040
[5754] [M]: 0x8003EBF8 (0x0040006F) jal zero, 4


mem[X,0x8003EBFC] -> 0x2E23
mem[X,0x8003EBFE] -> 0x1231
[5755] [M]: 0x8003EBFC (0x12312E23) sw gp, 316(sp)
mem[0x8004ABA0] <- 0x00000003


mem[X,0x8003EC00] -> 0x3537
mem[X,0x8003EC02] -> 0x3333
[5756] [M]: 0x8003EC00 (0x33333537) lui a0, 209715
x10 <- 0x33333000


mem[X,0x8003EC04] -> 0x0513
mem[X,0x8003EC06] -> 0x3345
[5757] [M]: 0x8003EC04 (0x33450513) addi a0, a0, 820
x10 <- 0x33333334


mem[X,0x8003EC08] -> 0x05B7
mem[X,0x8003EC0A] -> 0x0001
[5758] [M]: 0x8003EC08 (0x000105B7) lui a1, 16
x11 <- 0x00010000


mem[X,0x8003EC0C] -> 0x8593
mem[X,0x8003EC0E] -> 0xFFE5
[5759] [M]: 0x8003EC0C (0xFFE58593) addi a1, a1, 4094
x11 <- 0x0000FFFE


mem[X,0x8003EC10] -> 0x0193
mem[X,0x8003EC12] -> 0x0000
[5760] [M]: 0x8003EC10 (0x00000193) addi gp, zero, 0
x3 <- 0x00000000


mem[X,0x8003EC14] -> 0x006F
mem[X,0x8003EC16] -> 0x0180
[5761] [M]: 0x8003EC14 (0x0180006F) jal zero, 24


mem[X,0x8003EC2C] -> 0x76E3
mem[X,0x8003EC2E] -> 0xFEB5
[5762] [M]: 0x8003EC2C (0xFEB576E3) bgeu a0, a1, 8172


mem[X,0x8003EC18] -> 0x8193
mem[X,0x8003EC1A] -> 0x0011
[5763] [M]: 0x8003EC18 (0x00118193) addi gp, gp, 1
x3 <- 0x00000001


mem[X,0x8003EC1C] -> 0x006F
mem[X,0x8003EC1E] -> 0x0240
[5764] [M]: 0x8003EC1C (0x0240006F) jal zero, 36


mem[X,0x8003EC40] -> 0x2023
mem[X,0x8003EC42] -> 0x1431
[5765] [M]: 0x8003EC40 (0x14312023) sw gp, 320(sp)
mem[0x8004ABA4] <- 0x00000001


mem[X,0x8003EC44] -> 0x3537
mem[X,0x8003EC46] -> 0x3333
[5766] [M]: 0x8003EC44 (0x33333537) lui a0, 209715
x10 <- 0x33333000


mem[X,0x8003EC48] -> 0x0513
mem[X,0x8003EC4A] -> 0x3345
[5767] [M]: 0x8003EC48 (0x33450513) addi a0, a0, 820
x10 <- 0x33333334


mem[X,0x8003EC4C] -> 0x55B7
mem[X,0x8003EC4E] -> 0x5555
[5768] [M]: 0x8003EC4C (0x555555B7) lui a1, 349525
x11 <- 0x55555000


mem[X,0x8003EC50] -> 0x8593
mem[X,0x8003EC52] -> 0x5565
[5769] [M]: 0x8003EC50 (0x55658593) addi a1, a1, 1366
x11 <- 0x55555556


mem[X,0x8003EC54] -> 0x0193
mem[X,0x8003EC56] -> 0x0000
[5770] [M]: 0x8003EC54 (0x00000193) addi gp, zero, 0
x3 <- 0x00000000


mem[X,0x8003EC58] -> 0x006F
mem[X,0x8003EC5A] -> 0x00C0
[5771] [M]: 0x8003EC58 (0x00C0006F) jal zero, 12


mem[X,0x8003EC64] -> 0x7063
mem[X,0x8003EC66] -> 0x40B5
[5772] [M]: 0x8003EC64 (0x40B57063) bgeu a0, a1, 1024


mem[X,0x8003EC68] -> 0x8193
mem[X,0x8003EC6A] -> 0x0021
[5773] [M]: 0x8003EC68 (0x00218193) addi gp, gp, 2
x3 <- 0x00000002


mem[X,0x8003EC6C] -> 0x006F
mem[X,0x8003EC6E] -> 0x4000
[5774] [M]: 0x8003EC6C (0x4000006F) jal zero, 1024


mem[X,0x8003F06C] -> 0x2223
mem[X,0x8003F06E] -> 0x1431
[5775] [M]: 0x8003F06C (0x14312223) sw gp, 324(sp)
mem[0x8004ABA8] <- 0x00000002


mem[X,0x8003F070] -> 0x3537
mem[X,0x8003F072] -> 0x3333
[5776] [M]: 0x8003F070 (0x33333537) lui a0, 209715
x10 <- 0x33333000


mem[X,0x8003F074] -> 0x0513
mem[X,0x8003F076] -> 0x3345
[5777] [M]: 0x8003F074 (0x33450513) addi a0, a0, 820
x10 <- 0x33333334


mem[X,0x8003F078] -> 0xB5B7
mem[X,0x8003F07A] -> 0xAAAA
[5778] [M]: 0x8003F078 (0xAAAAB5B7) lui a1, 699051
x11 <- 0xAAAAB000


mem[X,0x8003F07C] -> 0x8593
mem[X,0x8003F07E] -> 0xAAB5
[5779] [M]: 0x8003F07C (0xAAB58593) addi a1, a1, 2731
x11 <- 0xAAAAAAAB


mem[X,0x8003F080] -> 0x0193
mem[X,0x8003F082] -> 0x0000
[5780] [M]: 0x8003F080 (0x00000193) addi gp, zero, 0
x3 <- 0x00000000


mem[X,0x8003F084] -> 0x006F
mem[X,0x8003F086] -> 0x00C0
[5781] [M]: 0x8003F084 (0x00C0006F) jal zero, 12


mem[X,0x8003F090] -> 0x7063
mem[X,0x8003F092] -> 0x08B5
[5782] [M]: 0x8003F090 (0x08B57063) bgeu a0, a1, 128


mem[X,0x8003F094] -> 0x8193
mem[X,0x8003F096] -> 0x0021
[5783] [M]: 0x8003F094 (0x00218193) addi gp, gp, 2
x3 <- 0x00000002


mem[X,0x8003F098] -> 0x006F
mem[X,0x8003F09A] -> 0x0800
[5784] [M]: 0x8003F098 (0x0800006F) jal zero, 128


mem[X,0x8003F118] -> 0x2423
mem[X,0x8003F11A] -> 0x1431
[5785] [M]: 0x8003F118 (0x14312423) sw gp, 328(sp)
mem[0x8004ABAC] <- 0x00000002


mem[X,0x8003F11C] -> 0x3537
mem[X,0x8003F11E] -> 0x3333
[5786] [M]: 0x8003F11C (0x33333537) lui a0, 209715
x10 <- 0x33333000


mem[X,0x8003F120] -> 0x0513
mem[X,0x8003F122] -> 0x3345
[5787] [M]: 0x8003F120 (0x33450513) addi a0, a0, 820
x10 <- 0x33333334


mem[X,0x8003F124] -> 0x0593
mem[X,0x8003F126] -> 0x0060
[5788] [M]: 0x8003F124 (0x00600593) addi a1, zero, 6
x11 <- 0x00000006


mem[X,0x8003F128] -> 0x0193
mem[X,0x8003F12A] -> 0x0000
[5789] [M]: 0x8003F128 (0x00000193) addi gp, zero, 0
x3 <- 0x00000000


mem[X,0x8003F12C] -> 0x006F
mem[X,0x8003F12E] -> 0x0180
[5790] [M]: 0x8003F12C (0x0180006F) jal zero, 24


mem[X,0x8003F144] -> 0x76E3
mem[X,0x8003F146] -> 0xFEB5
[5791] [M]: 0x8003F144 (0xFEB576E3) bgeu a0, a1, 8172


mem[X,0x8003F130] -> 0x8193
mem[X,0x8003F132] -> 0x0011
[5792] [M]: 0x8003F130 (0x00118193) addi gp, gp, 1
x3 <- 0x00000001


mem[X,0x8003F134] -> 0x006F
mem[X,0x8003F136] -> 0x0240
[5793] [M]: 0x8003F134 (0x0240006F) jal zero, 36


mem[X,0x8003F158] -> 0x2623
mem[X,0x8003F15A] -> 0x1431
[5794] [M]: 0x8003F158 (0x14312623) sw gp, 332(sp)
mem[0x8004ABB0] <- 0x00000001


mem[X,0x8003F15C] -> 0x3537
mem[X,0x8003F15E] -> 0x3333
[5795] [M]: 0x8003F15C (0x33333537) lui a0, 209715
x10 <- 0x33333000


mem[X,0x8003F160] -> 0x0513
mem[X,0x8003F162] -> 0x3345
[5796] [M]: 0x8003F160 (0x33450513) addi a0, a0, 820
x10 <- 0x33333334


mem[X,0x8003F164] -> 0x35B7
mem[X,0x8003F166] -> 0x3333
[5797] [M]: 0x8003F164 (0x333335B7) lui a1, 209715
x11 <- 0x33333000


mem[X,0x8003F168] -> 0x8593
mem[X,0x8003F16A] -> 0x3345
[5798] [M]: 0x8003F168 (0x33458593) addi a1, a1, 820
x11 <- 0x33333334


mem[X,0x8003F16C] -> 0x0193
mem[X,0x8003F16E] -> 0x0000
[5799] [M]: 0x8003F16C (0x00000193) addi gp, zero, 0
x3 <- 0x00000000


clint::tick mtime <- 0x000000000000003A
 clint timer pending at mtime 0x000000000000003A
htif::tick 0x0000000000000000
mem[X,0x8003F170] -> 0x006F
mem[X,0x8003F172] -> 0x00C0
[5800] [M]: 0x8003F170 (0x00C0006F) jal zero, 12


mem[X,0x8003F17C] -> 0x7663
mem[X,0x8003F17E] -> 0x00B5
[5801] [M]: 0x8003F17C (0x00B57663) bgeu a0, a1, 12


mem[X,0x8003F188] -> 0x8193
mem[X,0x8003F18A] -> 0x0031
[5802] [M]: 0x8003F188 (0x00318193) addi gp, gp, 3
x3 <- 0x00000003


mem[X,0x8003F18C] -> 0x006F
mem[X,0x8003F18E] -> 0x0040
[5803] [M]: 0x8003F18C (0x0040006F) jal zero, 4


mem[X,0x8003F190] -> 0x2823
mem[X,0x8003F192] -> 0x1431
[5804] [M]: 0x8003F190 (0x14312823) sw gp, 336(sp)
mem[0x8004ABB4] <- 0x00000003


mem[X,0x8003F194] -> 0x3537
mem[X,0x8003F196] -> 0x3333
[5805] [M]: 0x8003F194 (0x33333537) lui a0, 209715
x10 <- 0x33333000


mem[X,0x8003F198] -> 0x0513
mem[X,0x8003F19A] -> 0x3345
[5806] [M]: 0x8003F198 (0x33450513) addi a0, a0, 820
x10 <- 0x33333334


mem[X,0x8003F19C] -> 0x65B7
mem[X,0x8003F19E] -> 0x6666
[5807] [M]: 0x8003F19C (0x666665B7) lui a1, 419430
x11 <- 0x66666000


mem[X,0x8003F1A0] -> 0x8593
mem[X,0x8003F1A2] -> 0x6675
[5808] [M]: 0x8003F1A0 (0x66758593) addi a1, a1, 1639
x11 <- 0x66666667


mem[X,0x8003F1A4] -> 0x0193
mem[X,0x8003F1A6] -> 0x0000
[5809] [M]: 0x8003F1A4 (0x00000193) addi gp, zero, 0
x3 <- 0x00000000


mem[X,0x8003F1A8] -> 0x006F
mem[X,0x8003F1AA] -> 0x00C0
[5810] [M]: 0x8003F1A8 (0x00C0006F) jal zero, 12


mem[X,0x8003F1B4] -> 0x7CE3
mem[X,0x8003F1B6] -> 0xFEB5
[5811] [M]: 0x8003F1B4 (0xFEB57CE3) bgeu a0, a1, 8184


mem[X,0x8003F1B8] -> 0x8193
mem[X,0x8003F1BA] -> 0x0021
[5812] [M]: 0x8003F1B8 (0x00218193) addi gp, gp, 2
x3 <- 0x00000002


mem[X,0x8003F1BC] -> 0x006F
mem[X,0x8003F1BE] -> 0x00C0
[5813] [M]: 0x8003F1BC (0x00C0006F) jal zero, 12


mem[X,0x8003F1C8] -> 0x2A23
mem[X,0x8003F1CA] -> 0x1431
[5814] [M]: 0x8003F1C8 (0x14312A23) sw gp, 340(sp)
mem[0x8004ABB8] <- 0x00000002


mem[X,0x8003F1CC] -> 0x3537
mem[X,0x8003F1CE] -> 0x3333
[5815] [M]: 0x8003F1CC (0x33333537) lui a0, 209715
x10 <- 0x33333000


mem[X,0x8003F1D0] -> 0x0513
mem[X,0x8003F1D2] -> 0x3345
[5816] [M]: 0x8003F1D0 (0x33450513) addi a0, a0, 820
x10 <- 0x33333334


mem[X,0x8003F1D4] -> 0xB5B7
mem[X,0x8003F1D6] -> 0x0000
[5817] [M]: 0x8003F1D4 (0x0000B5B7) lui a1, 11
x11 <- 0x0000B000


mem[X,0x8003F1D8] -> 0x8593
mem[X,0x8003F1DA] -> 0x5055
[5818] [M]: 0x8003F1D8 (0x50558593) addi a1, a1, 1285
x11 <- 0x0000B505


mem[X,0x8003F1DC] -> 0x0193
mem[X,0x8003F1DE] -> 0x0000
[5819] [M]: 0x8003F1DC (0x00000193) addi gp, zero, 0
x3 <- 0x00000000


mem[X,0x8003F1E0] -> 0x006F
mem[X,0x8003F1E2] -> 0x00C0
[5820] [M]: 0x8003F1E0 (0x00C0006F) jal zero, 12


mem[X,0x8003F1EC] -> 0x7CE3
mem[X,0x8003F1EE] -> 0xFEB5
[5821] [M]: 0x8003F1EC (0xFEB57CE3) bgeu a0, a1, 8184


mem[X,0x8003F1E4] -> 0x8193
mem[X,0x8003F1E6] -> 0x0011
[5822] [M]: 0x8003F1E4 (0x00118193) addi gp, gp, 1
x3 <- 0x00000001


mem[X,0x8003F1E8] -> 0x006F
mem[X,0x8003F1EA] -> 0x0180
[5823] [M]: 0x8003F1E8 (0x0180006F) jal zero, 24


mem[X,0x8003F200] -> 0x2C23
mem[X,0x8003F202] -> 0x1431
[5824] [M]: 0x8003F200 (0x14312C23) sw gp, 344(sp)
mem[0x8004ABBC] <- 0x00000001


mem[X,0x8003F204] -> 0x3537
mem[X,0x8003F206] -> 0x3333
[5825] [M]: 0x8003F204 (0x33333537) lui a0, 209715
x10 <- 0x33333000


mem[X,0x8003F208] -> 0x0513
mem[X,0x8003F20A] -> 0x3345
[5826] [M]: 0x8003F208 (0x33450513) addi a0, a0, 820
x10 <- 0x33333334


mem[X,0x8003F20C] -> 0x0593
mem[X,0x8003F20E] -> 0x0010
[5827] [M]: 0x8003F20C (0x00100593) addi a1, zero, 1
x11 <- 0x00000001


mem[X,0x8003F210] -> 0x0193
mem[X,0x8003F212] -> 0x0000
[5828] [M]: 0x8003F210 (0x00000193) addi gp, zero, 0
x3 <- 0x00000000


mem[X,0x8003F214] -> 0x006F
mem[X,0x8003F216] -> 0x00C0
[5829] [M]: 0x8003F214 (0x00C0006F) jal zero, 12


mem[X,0x8003F220] -> 0x7663
mem[X,0x8003F222] -> 0x00B5
[5830] [M]: 0x8003F220 (0x00B57663) bgeu a0, a1, 12


mem[X,0x8003F22C] -> 0x8193
mem[X,0x8003F22E] -> 0x0031
[5831] [M]: 0x8003F22C (0x00318193) addi gp, gp, 3
x3 <- 0x00000003


mem[X,0x8003F230] -> 0x006F
mem[X,0x8003F232] -> 0x0040
[5832] [M]: 0x8003F230 (0x0040006F) jal zero, 4


mem[X,0x8003F234] -> 0x2E23
mem[X,0x8003F236] -> 0x1431
[5833] [M]: 0x8003F234 (0x14312E23) sw gp, 348(sp)
mem[0x8004ABC0] <- 0x00000003


mem[X,0x8003F238] -> 0x3537
mem[X,0x8003F23A] -> 0x3333
[5834] [M]: 0x8003F238 (0x33333537) lui a0, 209715
x10 <- 0x33333000


mem[X,0x8003F23C] -> 0x0513
mem[X,0x8003F23E] -> 0x3345
[5835] [M]: 0x8003F23C (0x33450513) addi a0, a0, 820
x10 <- 0x33333334


mem[X,0x8003F240] -> 0x05B7
mem[X,0x8003F242] -> 0x0001
[5836] [M]: 0x8003F240 (0x000105B7) lui a1, 16
x11 <- 0x00010000


mem[X,0x8003F244] -> 0x0193
mem[X,0x8003F246] -> 0x0000
[5837] [M]: 0x8003F244 (0x00000193) addi gp, zero, 0
x3 <- 0x00000000


mem[X,0x8003F248] -> 0x006F
mem[X,0x8003F24A] -> 0x0180
[5838] [M]: 0x8003F248 (0x0180006F) jal zero, 24


mem[X,0x8003F260] -> 0x76E3
mem[X,0x8003F262] -> 0xFEB5
[5839] [M]: 0x8003F260 (0xFEB576E3) bgeu a0, a1, 8172


mem[X,0x8003F24C] -> 0x8193
mem[X,0x8003F24E] -> 0x0011
[5840] [M]: 0x8003F24C (0x00118193) addi gp, gp, 1
x3 <- 0x00000001


mem[X,0x8003F250] -> 0x006F
mem[X,0x8003F252] -> 0x0240
[5841] [M]: 0x8003F250 (0x0240006F) jal zero, 36


mem[X,0x8003F274] -> 0x2023
mem[X,0x8003F276] -> 0x1631
[5842] [M]: 0x8003F274 (0x16312023) sw gp, 352(sp)
mem[0x8004ABC4] <- 0x00000001


mem[X,0x8003F278] -> 0x6537
mem[X,0x8003F27A] -> 0x6666
[5843] [M]: 0x8003F278 (0x66666537) lui a0, 419430
x10 <- 0x66666000


mem[X,0x8003F27C] -> 0x0513
mem[X,0x8003F27E] -> 0x6675
[5844] [M]: 0x8003F27C (0x66750513) addi a0, a0, 1639
x10 <- 0x66666667


mem[X,0x8003F280] -> 0x0593
mem[X,0x8003F282] -> 0x0030
[5845] [M]: 0x8003F280 (0x00300593) addi a1, zero, 3
x11 <- 0x00000003


mem[X,0x8003F284] -> 0x0193
mem[X,0x8003F286] -> 0x0000
[5846] [M]: 0x8003F284 (0x00000193) addi gp, zero, 0
x3 <- 0x00000000


mem[X,0x8003F288] -> 0x006F
mem[X,0x8003F28A] -> 0x00C0
[5847] [M]: 0x8003F288 (0x00C0006F) jal zero, 12


mem[X,0x8003F294] -> 0x7663
mem[X,0x8003F296] -> 0x00B5
[5848] [M]: 0x8003F294 (0x00B57663) bgeu a0, a1, 12


mem[X,0x8003F2A0] -> 0x8193
mem[X,0x8003F2A2] -> 0x0031
[5849] [M]: 0x8003F2A0 (0x00318193) addi gp, gp, 3
x3 <- 0x00000003


mem[X,0x8003F2A4] -> 0x006F
mem[X,0x8003F2A6] -> 0x0040
[5850] [M]: 0x8003F2A4 (0x0040006F) jal zero, 4


mem[X,0x8003F2A8] -> 0x2223
mem[X,0x8003F2AA] -> 0x1631
[5851] [M]: 0x8003F2A8 (0x16312223) sw gp, 356(sp)
mem[0x8004ABC8] <- 0x00000003


mem[X,0x8003F2AC] -> 0x6537
mem[X,0x8003F2AE] -> 0x6666
[5852] [M]: 0x8003F2AC (0x66666537) lui a0, 419430
x10 <- 0x66666000


mem[X,0x8003F2B0] -> 0x0513
mem[X,0x8003F2B2] -> 0x6675
[5853] [M]: 0x8003F2B0 (0x66750513) addi a0, a0, 1639
x10 <- 0x66666667


mem[X,0x8003F2B4] -> 0x55B7
mem[X,0x8003F2B6] -> 0x5555
[5854] [M]: 0x8003F2B4 (0x555555B7) lui a1, 349525
x11 <- 0x55555000


mem[X,0x8003F2B8] -> 0x8593
mem[X,0x8003F2BA] -> 0x5555
[5855] [M]: 0x8003F2B8 (0x55558593) addi a1, a1, 1365
x11 <- 0x55555555


mem[X,0x8003F2BC] -> 0x0193
mem[X,0x8003F2BE] -> 0x0000
[5856] [M]: 0x8003F2BC (0x00000193) addi gp, zero, 0
x3 <- 0x00000000


mem[X,0x8003F2C0] -> 0x006F
mem[X,0x8003F2C2] -> 0x00C0
[5857] [M]: 0x8003F2C0 (0x00C0006F) jal zero, 12


mem[X,0x8003F2CC] -> 0x7663
mem[X,0x8003F2CE] -> 0x00B5
[5858] [M]: 0x8003F2CC (0x00B57663) bgeu a0, a1, 12


mem[X,0x8003F2D8] -> 0x8193
mem[X,0x8003F2DA] -> 0x0031
[5859] [M]: 0x8003F2D8 (0x00318193) addi gp, gp, 3
x3 <- 0x00000003


mem[X,0x8003F2DC] -> 0x006F
mem[X,0x8003F2DE] -> 0x0040
[5860] [M]: 0x8003F2DC (0x0040006F) jal zero, 4


mem[X,0x8003F2E0] -> 0x2423
mem[X,0x8003F2E2] -> 0x1631
[5861] [M]: 0x8003F2E0 (0x16312423) sw gp, 360(sp)
mem[0x8004ABCC] <- 0x00000003


mem[X,0x8003F2E4] -> 0x6537
mem[X,0x8003F2E6] -> 0x6666
[5862] [M]: 0x8003F2E4 (0x66666537) lui a0, 419430
x10 <- 0x66666000


mem[X,0x8003F2E8] -> 0x0513
mem[X,0x8003F2EA] -> 0x6675
[5863] [M]: 0x8003F2E8 (0x66750513) addi a0, a0, 1639
x10 <- 0x66666667


mem[X,0x8003F2EC] -> 0xB5B7
mem[X,0x8003F2EE] -> 0xAAAA
[5864] [M]: 0x8003F2EC (0xAAAAB5B7) lui a1, 699051
x11 <- 0xAAAAB000


mem[X,0x8003F2F0] -> 0x8593
mem[X,0x8003F2F2] -> 0xAAA5
[5865] [M]: 0x8003F2F0 (0xAAA58593) addi a1, a1, 2730
x11 <- 0xAAAAAAAA


mem[X,0x8003F2F4] -> 0x0193
mem[X,0x8003F2F6] -> 0x0000
[5866] [M]: 0x8003F2F4 (0x00000193) addi gp, zero, 0
x3 <- 0x00000000


mem[X,0x8003F2F8] -> 0x006F
mem[X,0x8003F2FA] -> 0x0180
[5867] [M]: 0x8003F2F8 (0x0180006F) jal zero, 24


mem[X,0x8003F310] -> 0x76E3
mem[X,0x8003F312] -> 0xFEB5
[5868] [M]: 0x8003F310 (0xFEB576E3) bgeu a0, a1, 8172


mem[X,0x8003F314] -> 0x8193
mem[X,0x8003F316] -> 0x0021
[5869] [M]: 0x8003F314 (0x00218193) addi gp, gp, 2
x3 <- 0x00000002


mem[X,0x8003F318] -> 0x006F
mem[X,0x8003F31A] -> 0x00C0
[5870] [M]: 0x8003F318 (0x00C0006F) jal zero, 12


mem[X,0x8003F324] -> 0x2623
mem[X,0x8003F326] -> 0x1631
[5871] [M]: 0x8003F324 (0x16312623) sw gp, 364(sp)
mem[0x8004ABD0] <- 0x00000002


mem[X,0x8003F328] -> 0x6537
mem[X,0x8003F32A] -> 0x6666
[5872] [M]: 0x8003F328 (0x66666537) lui a0, 419430
x10 <- 0x66666000


mem[X,0x8003F32C] -> 0x0513
mem[X,0x8003F32E] -> 0x6675
[5873] [M]: 0x8003F32C (0x66750513) addi a0, a0, 1639
x10 <- 0x66666667


mem[X,0x8003F330] -> 0x0593
mem[X,0x8003F332] -> 0x0050
[5874] [M]: 0x8003F330 (0x00500593) addi a1, zero, 5
x11 <- 0x00000005


mem[X,0x8003F334] -> 0x0193
mem[X,0x8003F336] -> 0x0000
[5875] [M]: 0x8003F334 (0x00000193) addi gp, zero, 0
x3 <- 0x00000000


mem[X,0x8003F338] -> 0x006F
mem[X,0x8003F33A] -> 0x00C0
[5876] [M]: 0x8003F338 (0x00C0006F) jal zero, 12


mem[X,0x8003F344] -> 0x7663
mem[X,0x8003F346] -> 0x00B5
[5877] [M]: 0x8003F344 (0x00B57663) bgeu a0, a1, 12


mem[X,0x8003F350] -> 0x8193
mem[X,0x8003F352] -> 0x0031
[5878] [M]: 0x8003F350 (0x00318193) addi gp, gp, 3
x3 <- 0x00000003


mem[X,0x8003F354] -> 0x006F
mem[X,0x8003F356] -> 0x0040
[5879] [M]: 0x8003F354 (0x0040006F) jal zero, 4


mem[X,0x8003F358] -> 0x2823
mem[X,0x8003F35A] -> 0x1631
[5880] [M]: 0x8003F358 (0x16312823) sw gp, 368(sp)
mem[0x8004ABD4] <- 0x00000003


mem[X,0x8003F35C] -> 0x6537
mem[X,0x8003F35E] -> 0x6666
[5881] [M]: 0x8003F35C (0x66666537) lui a0, 419430
x10 <- 0x66666000


mem[X,0x8003F360] -> 0x0513
mem[X,0x8003F362] -> 0x6675
[5882] [M]: 0x8003F360 (0x66750513) addi a0, a0, 1639
x10 <- 0x66666667


mem[X,0x8003F364] -> 0x35B7
mem[X,0x8003F366] -> 0x3333
[5883] [M]: 0x8003F364 (0x333335B7) lui a1, 209715
x11 <- 0x33333000


mem[X,0x8003F368] -> 0x8593
mem[X,0x8003F36A] -> 0x3335
[5884] [M]: 0x8003F368 (0x33358593) addi a1, a1, 819
x11 <- 0x33333333


mem[X,0x8003F36C] -> 0x0193
mem[X,0x8003F36E] -> 0x0000
[5885] [M]: 0x8003F36C (0x00000193) addi gp, zero, 0
x3 <- 0x00000000


mem[X,0x8003F370] -> 0x006F
mem[X,0x8003F372] -> 0x0050
[5886] [M]: 0x8003F370 (0x0050006F) jal zero, 2052


mem[X,0x8003FB74] -> 0x70E3
mem[X,0x8003FB76] -> 0x80B5
[5887] [M]: 0x8003FB74 (0x80B570E3) bgeu a0, a1, 6144


mem[X,0x8003F374] -> 0x8193
mem[X,0x8003F376] -> 0x0011
[5888] [M]: 0x8003F374 (0x00118193) addi gp, gp, 1
x3 <- 0x00000001


mem[X,0x8003F378] -> 0x006F
mem[X,0x8003F37A] -> 0x0110
[5889] [M]: 0x8003F378 (0x0110006F) jal zero, 2064


mem[X,0x8003FB88] -> 0x2A23
mem[X,0x8003FB8A] -> 0x1631
[5890] [M]: 0x8003FB88 (0x16312A23) sw gp, 372(sp)
mem[0x8004ABD8] <- 0x00000001


mem[X,0x8003FB8C] -> 0x6537
mem[X,0x8003FB8E] -> 0x6666
[5891] [M]: 0x8003FB8C (0x66666537) lui a0, 419430
x10 <- 0x66666000


mem[X,0x8003FB90] -> 0x0513
mem[X,0x8003FB92] -> 0x6675
[5892] [M]: 0x8003FB90 (0x66750513) addi a0, a0, 1639
x10 <- 0x66666667


mem[X,0x8003FB94] -> 0x65B7
mem[X,0x8003FB96] -> 0x6666
[5893] [M]: 0x8003FB94 (0x666665B7) lui a1, 419430
x11 <- 0x66666000


mem[X,0x8003FB98] -> 0x8593
mem[X,0x8003FB9A] -> 0x6665
[5894] [M]: 0x8003FB98 (0x66658593) addi a1, a1, 1638
x11 <- 0x66666666


mem[X,0x8003FB9C] -> 0x0193
mem[X,0x8003FB9E] -> 0x0000
[5895] [M]: 0x8003FB9C (0x00000193) addi gp, zero, 0
x3 <- 0x00000000


mem[X,0x8003FBA0] -> 0x006F
mem[X,0x8003FBA2] -> 0x00C0
[5896] [M]: 0x8003FBA0 (0x00C0006F) jal zero, 12


mem[X,0x8003FBAC] -> 0x7063
mem[X,0x8003FBAE] -> 0x04B5
[5897] [M]: 0x8003FBAC (0x04B57063) bgeu a0, a1, 64


mem[X,0x8003FBEC] -> 0x8193
mem[X,0x8003FBEE] -> 0x0031
[5898] [M]: 0x8003FBEC (0x00318193) addi gp, gp, 3
x3 <- 0x00000003


mem[X,0x8003FBF0] -> 0x006F
mem[X,0x8003FBF2] -> 0x0040
[5899] [M]: 0x8003FBF0 (0x0040006F) jal zero, 4


clint::tick mtime <- 0x000000000000003B
 clint timer pending at mtime 0x000000000000003B
htif::tick 0x0000000000000000
mem[X,0x8003FBF4] -> 0x2C23
mem[X,0x8003FBF6] -> 0x1631
[5900] [M]: 0x8003FBF4 (0x16312C23) sw gp, 376(sp)
mem[0x8004ABDC] <- 0x00000003


mem[X,0x8003FBF8] -> 0x6537
mem[X,0x8003FBFA] -> 0x6666
[5901] [M]: 0x8003FBF8 (0x66666537) lui a0, 419430
x10 <- 0x66666000


mem[X,0x8003FBFC] -> 0x0513
mem[X,0x8003FBFE] -> 0x6675
[5902] [M]: 0x8003FBFC (0x66750513) addi a0, a0, 1639
x10 <- 0x66666667


mem[X,0x8003FC00] -> 0xB5B7
mem[X,0x8003FC02] -> 0x0000
[5903] [M]: 0x8003FC00 (0x0000B5B7) lui a1, 11
x11 <- 0x0000B000


mem[X,0x8003FC04] -> 0x8593
mem[X,0x8003FC06] -> 0x5045
[5904] [M]: 0x8003FC04 (0x50458593) addi a1, a1, 1284
x11 <- 0x0000B504


mem[X,0x8003FC08] -> 0x0193
mem[X,0x8003FC0A] -> 0x0000
[5905] [M]: 0x8003FC08 (0x00000193) addi gp, zero, 0
x3 <- 0x00000000


mem[X,0x8003FC0C] -> 0x006F
mem[X,0x8003FC0E] -> 0x00C0
[5906] [M]: 0x8003FC0C (0x00C0006F) jal zero, 12


mem[X,0x8003FC18] -> 0x7063
mem[X,0x8003FC1A] -> 0x20B5
[5907] [M]: 0x8003FC18 (0x20B57063) bgeu a0, a1, 512


mem[X,0x8003FE18] -> 0x8193
mem[X,0x8003FE1A] -> 0x0031
[5908] [M]: 0x8003FE18 (0x00318193) addi gp, gp, 3
x3 <- 0x00000003


mem[X,0x8003FE1C] -> 0x006F
mem[X,0x8003FE1E] -> 0x0040
[5909] [M]: 0x8003FE1C (0x0040006F) jal zero, 4


mem[X,0x8003FE20] -> 0x2E23
mem[X,0x8003FE22] -> 0x1631
[5910] [M]: 0x8003FE20 (0x16312E23) sw gp, 380(sp)
mem[0x8004ABE0] <- 0x00000003


mem[X,0x8003FE24] -> 0x6537
mem[X,0x8003FE26] -> 0x6666
[5911] [M]: 0x8003FE24 (0x66666537) lui a0, 419430
x10 <- 0x66666000


mem[X,0x8003FE28] -> 0x0513
mem[X,0x8003FE2A] -> 0x6675
[5912] [M]: 0x8003FE28 (0x66750513) addi a0, a0, 1639
x10 <- 0x66666667


mem[X,0x8003FE2C] -> 0x0593
mem[X,0x8003FE2E] -> 0x0000
[5913] [M]: 0x8003FE2C (0x00000593) addi a1, zero, 0
x11 <- 0x00000000


mem[X,0x8003FE30] -> 0x0193
mem[X,0x8003FE32] -> 0x0000
[5914] [M]: 0x8003FE30 (0x00000193) addi gp, zero, 0
x3 <- 0x00000000


mem[X,0x8003FE34] -> 0x006F
mem[X,0x8003FE36] -> 0x00C0
[5915] [M]: 0x8003FE34 (0x00C0006F) jal zero, 12


mem[X,0x8003FE40] -> 0x7663
mem[X,0x8003FE42] -> 0x00B5
[5916] [M]: 0x8003FE40 (0x00B57663) bgeu a0, a1, 12


mem[X,0x8003FE4C] -> 0x8193
mem[X,0x8003FE4E] -> 0x0031
[5917] [M]: 0x8003FE4C (0x00318193) addi gp, gp, 3
x3 <- 0x00000003


mem[X,0x8003FE50] -> 0x006F
mem[X,0x8003FE52] -> 0x0040
[5918] [M]: 0x8003FE50 (0x0040006F) jal zero, 4


mem[X,0x8003FE54] -> 0x2023
mem[X,0x8003FE56] -> 0x1831
[5919] [M]: 0x8003FE54 (0x18312023) sw gp, 384(sp)
mem[0x8004ABE4] <- 0x00000003


mem[X,0x8003FE58] -> 0x6537
mem[X,0x8003FE5A] -> 0x6666
[5920] [M]: 0x8003FE58 (0x66666537) lui a0, 419430
x10 <- 0x66666000


mem[X,0x8003FE5C] -> 0x0513
mem[X,0x8003FE5E] -> 0x6675
[5921] [M]: 0x8003FE5C (0x66750513) addi a0, a0, 1639
x10 <- 0x66666667


mem[X,0x8003FE60] -> 0x05B7
mem[X,0x8003FE62] -> 0x0001
[5922] [M]: 0x8003FE60 (0x000105B7) lui a1, 16
x11 <- 0x00010000


mem[X,0x8003FE64] -> 0x8593
mem[X,0x8003FE66] -> 0xFFF5
[5923] [M]: 0x8003FE64 (0xFFF58593) addi a1, a1, 4095
x11 <- 0x0000FFFF


mem[X,0x8003FE68] -> 0x0193
mem[X,0x8003FE6A] -> 0x0000
[5924] [M]: 0x8003FE68 (0x00000193) addi gp, zero, 0
x3 <- 0x00000000


mem[X,0x8003FE6C] -> 0x006F
mem[X,0x8003FE6E] -> 0x00C0
[5925] [M]: 0x8003FE6C (0x00C0006F) jal zero, 12


mem[X,0x8003FE78] -> 0x7663
mem[X,0x8003FE7A] -> 0x00B5
[5926] [M]: 0x8003FE78 (0x00B57663) bgeu a0, a1, 12


mem[X,0x8003FE84] -> 0x8193
mem[X,0x8003FE86] -> 0x0031
[5927] [M]: 0x8003FE84 (0x00318193) addi gp, gp, 3
x3 <- 0x00000003


mem[X,0x8003FE88] -> 0x006F
mem[X,0x8003FE8A] -> 0x0040
[5928] [M]: 0x8003FE88 (0x0040006F) jal zero, 4


mem[X,0x8003FE8C] -> 0x2223
mem[X,0x8003FE8E] -> 0x1831
[5929] [M]: 0x8003FE8C (0x18312223) sw gp, 388(sp)
mem[0x8004ABE8] <- 0x00000003


mem[X,0x8003FE90] -> 0x6537
mem[X,0x8003FE92] -> 0x6666
[5930] [M]: 0x8003FE90 (0x66666537) lui a0, 419430
x10 <- 0x66666000


mem[X,0x8003FE94] -> 0x0513
mem[X,0x8003FE96] -> 0x6675
[5931] [M]: 0x8003FE94 (0x66750513) addi a0, a0, 1639
x10 <- 0x66666667


mem[X,0x8003FE98] -> 0x0593
mem[X,0x8003FE9A] -> 0x0020
[5932] [M]: 0x8003FE98 (0x00200593) addi a1, zero, 2
x11 <- 0x00000002


mem[X,0x8003FE9C] -> 0x0193
mem[X,0x8003FE9E] -> 0x0000
[5933] [M]: 0x8003FE9C (0x00000193) addi gp, zero, 0
x3 <- 0x00000000


mem[X,0x8003FEA0] -> 0x006F
mem[X,0x8003FEA2] -> 0x00C0
[5934] [M]: 0x8003FEA0 (0x00C0006F) jal zero, 12


mem[X,0x8003FEAC] -> 0x7063
mem[X,0x8003FEAE] -> 0x04B5
[5935] [M]: 0x8003FEAC (0x04B57063) bgeu a0, a1, 64


mem[X,0x8003FEEC] -> 0x8193
mem[X,0x8003FEEE] -> 0x0031
[5936] [M]: 0x8003FEEC (0x00318193) addi gp, gp, 3
x3 <- 0x00000003


mem[X,0x8003FEF0] -> 0x006F
mem[X,0x8003FEF2] -> 0x0040
[5937] [M]: 0x8003FEF0 (0x0040006F) jal zero, 4


mem[X,0x8003FEF4] -> 0x2423
mem[X,0x8003FEF6] -> 0x1831
[5938] [M]: 0x8003FEF4 (0x18312423) sw gp, 392(sp)
mem[0x8004ABEC] <- 0x00000003


mem[X,0x8003FEF8] -> 0x6537
mem[X,0x8003FEFA] -> 0x6666
[5939] [M]: 0x8003FEF8 (0x66666537) lui a0, 419430
x10 <- 0x66666000


mem[X,0x8003FEFC] -> 0x0513
mem[X,0x8003FEFE] -> 0x6675
[5940] [M]: 0x8003FEFC (0x66750513) addi a0, a0, 1639
x10 <- 0x66666667


mem[X,0x8003FF00] -> 0x55B7
mem[X,0x8003FF02] -> 0x5555
[5941] [M]: 0x8003FF00 (0x555555B7) lui a1, 349525
x11 <- 0x55555000


mem[X,0x8003FF04] -> 0x8593
mem[X,0x8003FF06] -> 0x5545
[5942] [M]: 0x8003FF04 (0x55458593) addi a1, a1, 1364
x11 <- 0x55555554


mem[X,0x8003FF08] -> 0x0193
mem[X,0x8003FF0A] -> 0x0000
[5943] [M]: 0x8003FF08 (0x00000193) addi gp, zero, 0
x3 <- 0x00000000


mem[X,0x8003FF0C] -> 0x006F
mem[X,0x8003FF0E] -> 0x00C0
[5944] [M]: 0x8003FF0C (0x00C0006F) jal zero, 12


mem[X,0x8003FF18] -> 0x7663
mem[X,0x8003FF1A] -> 0x00B5
[5945] [M]: 0x8003FF18 (0x00B57663) bgeu a0, a1, 12


mem[X,0x8003FF24] -> 0x8193
mem[X,0x8003FF26] -> 0x0031
[5946] [M]: 0x8003FF24 (0x00318193) addi gp, gp, 3
x3 <- 0x00000003


mem[X,0x8003FF28] -> 0x006F
mem[X,0x8003FF2A] -> 0x0040
[5947] [M]: 0x8003FF28 (0x0040006F) jal zero, 4


mem[X,0x8003FF2C] -> 0x2623
mem[X,0x8003FF2E] -> 0x1831
[5948] [M]: 0x8003FF2C (0x18312623) sw gp, 396(sp)
mem[0x8004ABF0] <- 0x00000003


mem[X,0x8003FF30] -> 0x6537
mem[X,0x8003FF32] -> 0x6666
[5949] [M]: 0x8003FF30 (0x66666537) lui a0, 419430
x10 <- 0x66666000


mem[X,0x8003FF34] -> 0x0513
mem[X,0x8003FF36] -> 0x6675
[5950] [M]: 0x8003FF34 (0x66750513) addi a0, a0, 1639
x10 <- 0x66666667


mem[X,0x8003FF38] -> 0xB5B7
mem[X,0x8003FF3A] -> 0xAAAA
[5951] [M]: 0x8003FF38 (0xAAAAB5B7) lui a1, 699051
x11 <- 0xAAAAB000


mem[X,0x8003FF3C] -> 0x8593
mem[X,0x8003FF3E] -> 0xAA95
[5952] [M]: 0x8003FF3C (0xAA958593) addi a1, a1, 2729
x11 <- 0xAAAAAAA9


mem[X,0x8003FF40] -> 0x0193
mem[X,0x8003FF42] -> 0x0000
[5953] [M]: 0x8003FF40 (0x00000193) addi gp, zero, 0
x3 <- 0x00000000


mem[X,0x8003FF44] -> 0x006F
mem[X,0x8003FF46] -> 0x00C0
[5954] [M]: 0x8003FF44 (0x00C0006F) jal zero, 12


mem[X,0x8003FF50] -> 0x7063
mem[X,0x8003FF52] -> 0x04B5
[5955] [M]: 0x8003FF50 (0x04B57063) bgeu a0, a1, 64


mem[X,0x8003FF54] -> 0x8193
mem[X,0x8003FF56] -> 0x0021
[5956] [M]: 0x8003FF54 (0x00218193) addi gp, gp, 2
x3 <- 0x00000002


mem[X,0x8003FF58] -> 0x006F
mem[X,0x8003FF5A] -> 0x0400
[5957] [M]: 0x8003FF58 (0x0400006F) jal zero, 64


mem[X,0x8003FF98] -> 0x2823
mem[X,0x8003FF9A] -> 0x1831
[5958] [M]: 0x8003FF98 (0x18312823) sw gp, 400(sp)
mem[0x8004ABF4] <- 0x00000002


mem[X,0x8003FF9C] -> 0x6537
mem[X,0x8003FF9E] -> 0x6666
[5959] [M]: 0x8003FF9C (0x66666537) lui a0, 419430
x10 <- 0x66666000


mem[X,0x8003FFA0] -> 0x0513
mem[X,0x8003FFA2] -> 0x6675
[5960] [M]: 0x8003FFA0 (0x66750513) addi a0, a0, 1639
x10 <- 0x66666667


mem[X,0x8003FFA4] -> 0x0593
mem[X,0x8003FFA6] -> 0x0040
[5961] [M]: 0x8003FFA4 (0x00400593) addi a1, zero, 4
x11 <- 0x00000004


mem[X,0x8003FFA8] -> 0x0193
mem[X,0x8003FFAA] -> 0x0000
[5962] [M]: 0x8003FFA8 (0x00000193) addi gp, zero, 0
x3 <- 0x00000000


mem[X,0x8003FFAC] -> 0x006F
mem[X,0x8003FFAE] -> 0x00C0
[5963] [M]: 0x8003FFAC (0x00C0006F) jal zero, 12


mem[X,0x8003FFB8] -> 0x7063
mem[X,0x8003FFBA] -> 0x20B5
[5964] [M]: 0x8003FFB8 (0x20B57063) bgeu a0, a1, 512


mem[X,0x800401B8] -> 0x8193
mem[X,0x800401BA] -> 0x0031
[5965] [M]: 0x800401B8 (0x00318193) addi gp, gp, 3
x3 <- 0x00000003


mem[X,0x800401BC] -> 0x006F
mem[X,0x800401BE] -> 0x0040
[5966] [M]: 0x800401BC (0x0040006F) jal zero, 4


mem[X,0x800401C0] -> 0x2A23
mem[X,0x800401C2] -> 0x1831
[5967] [M]: 0x800401C0 (0x18312A23) sw gp, 404(sp)
mem[0x8004ABF8] <- 0x00000003


mem[X,0x800401C4] -> 0x6537
mem[X,0x800401C6] -> 0x6666
[5968] [M]: 0x800401C4 (0x66666537) lui a0, 419430
x10 <- 0x66666000


mem[X,0x800401C8] -> 0x0513
mem[X,0x800401CA] -> 0x6675
[5969] [M]: 0x800401C8 (0x66750513) addi a0, a0, 1639
x10 <- 0x66666667


mem[X,0x800401CC] -> 0x35B7
mem[X,0x800401CE] -> 0x3333
[5970] [M]: 0x800401CC (0x333335B7) lui a1, 209715
x11 <- 0x33333000


mem[X,0x800401D0] -> 0x8593
mem[X,0x800401D2] -> 0x3325
[5971] [M]: 0x800401D0 (0x33258593) addi a1, a1, 818
x11 <- 0x33333332


mem[X,0x800401D4] -> 0x0193
mem[X,0x800401D6] -> 0x0000
[5972] [M]: 0x800401D4 (0x00000193) addi gp, zero, 0
x3 <- 0x00000000


mem[X,0x800401D8] -> 0x006F
mem[X,0x800401DA] -> 0x0050
[5973] [M]: 0x800401D8 (0x0050006F) jal zero, 2052


mem[X,0x800409DC] -> 0x70E3
mem[X,0x800409DE] -> 0x80B5
[5974] [M]: 0x800409DC (0x80B570E3) bgeu a0, a1, 6144


mem[X,0x800401DC] -> 0x8193
mem[X,0x800401DE] -> 0x0011
[5975] [M]: 0x800401DC (0x00118193) addi gp, gp, 1
x3 <- 0x00000001


mem[X,0x800401E0] -> 0x006F
mem[X,0x800401E2] -> 0x0110
[5976] [M]: 0x800401E0 (0x0110006F) jal zero, 2064


mem[X,0x800409F0] -> 0x2C23
mem[X,0x800409F2] -> 0x1831
[5977] [M]: 0x800409F0 (0x18312C23) sw gp, 408(sp)
mem[0x8004ABFC] <- 0x00000001


mem[X,0x800409F4] -> 0x6537
mem[X,0x800409F6] -> 0x6666
[5978] [M]: 0x800409F4 (0x66666537) lui a0, 419430
x10 <- 0x66666000


mem[X,0x800409F8] -> 0x0513
mem[X,0x800409FA] -> 0x6675
[5979] [M]: 0x800409F8 (0x66750513) addi a0, a0, 1639
x10 <- 0x66666667


mem[X,0x800409FC] -> 0x65B7
mem[X,0x800409FE] -> 0x6666
[5980] [M]: 0x800409FC (0x666665B7) lui a1, 419430
x11 <- 0x66666000


mem[X,0x80040A00] -> 0x8593
mem[X,0x80040A02] -> 0x6655
[5981] [M]: 0x80040A00 (0x66558593) addi a1, a1, 1637
x11 <- 0x66666665


mem[X,0x80040A04] -> 0x0193
mem[X,0x80040A06] -> 0x0000
[5982] [M]: 0x80040A04 (0x00000193) addi gp, zero, 0
x3 <- 0x00000000


mem[X,0x80040A08] -> 0x006F
mem[X,0x80040A0A] -> 0x00C0
[5983] [M]: 0x80040A08 (0x00C0006F) jal zero, 12


mem[X,0x80040A14] -> 0x7863
mem[X,0x80040A16] -> 0x00B5
[5984] [M]: 0x80040A14 (0x00B57863) bgeu a0, a1, 16


mem[X,0x80040A24] -> 0x8193
mem[X,0x80040A26] -> 0x0031
[5985] [M]: 0x80040A24 (0x00318193) addi gp, gp, 3
x3 <- 0x00000003


mem[X,0x80040A28] -> 0x006F
mem[X,0x80040A2A] -> 0x0040
[5986] [M]: 0x80040A28 (0x0040006F) jal zero, 4


mem[X,0x80040A2C] -> 0x2E23
mem[X,0x80040A2E] -> 0x1831
[5987] [M]: 0x80040A2C (0x18312E23) sw gp, 412(sp)
mem[0x8004AC00] <- 0x00000003


mem[X,0x80040A30] -> 0x6537
mem[X,0x80040A32] -> 0x6666
[5988] [M]: 0x80040A30 (0x66666537) lui a0, 419430
x10 <- 0x66666000


mem[X,0x80040A34] -> 0x0513
mem[X,0x80040A36] -> 0x6675
[5989] [M]: 0x80040A34 (0x66750513) addi a0, a0, 1639
x10 <- 0x66666667


mem[X,0x80040A38] -> 0xB5B7
mem[X,0x80040A3A] -> 0x0000
[5990] [M]: 0x80040A38 (0x0000B5B7) lui a1, 11
x11 <- 0x0000B000


mem[X,0x80040A3C] -> 0x8593
mem[X,0x80040A3E] -> 0x5035
[5991] [M]: 0x80040A3C (0x50358593) addi a1, a1, 1283
x11 <- 0x0000B503


mem[X,0x80040A40] -> 0x0193
mem[X,0x80040A42] -> 0x0000
[5992] [M]: 0x80040A40 (0x00000193) addi gp, zero, 0
x3 <- 0x00000000


mem[X,0x80040A44] -> 0x006F
mem[X,0x80040A46] -> 0x00C0
[5993] [M]: 0x80040A44 (0x00C0006F) jal zero, 12


mem[X,0x80040A50] -> 0x7663
mem[X,0x80040A52] -> 0x00B5
[5994] [M]: 0x80040A50 (0x00B57663) bgeu a0, a1, 12


mem[X,0x80040A5C] -> 0x8193
mem[X,0x80040A5E] -> 0x0031
[5995] [M]: 0x80040A5C (0x00318193) addi gp, gp, 3
x3 <- 0x00000003


mem[X,0x80040A60] -> 0x006F
mem[X,0x80040A62] -> 0x0040
[5996] [M]: 0x80040A60 (0x0040006F) jal zero, 4


mem[X,0x80040A64] -> 0x2023
mem[X,0x80040A66] -> 0x1A31
[5997] [M]: 0x80040A64 (0x1A312023) sw gp, 416(sp)
mem[0x8004AC04] <- 0x00000003


mem[X,0x80040A68] -> 0x6537
mem[X,0x80040A6A] -> 0x6666
[5998] [M]: 0x80040A68 (0x66666537) lui a0, 419430
x10 <- 0x66666000


mem[X,0x80040A6C] -> 0x0513
mem[X,0x80040A6E] -> 0x6675
[5999] [M]: 0x80040A6C (0x66750513) addi a0, a0, 1639
x10 <- 0x66666667


clint::tick mtime <- 0x000000000000003C
 clint timer pending at mtime 0x000000000000003C
htif::tick 0x0000000000000000
mem[X,0x80040A70] -> 0x05B7
mem[X,0x80040A72] -> 0x0001
[6000] [M]: 0x80040A70 (0x000105B7) lui a1, 16
x11 <- 0x00010000


mem[X,0x80040A74] -> 0x8593
mem[X,0x80040A76] -> 0xFFE5
[6001] [M]: 0x80040A74 (0xFFE58593) addi a1, a1, 4094
x11 <- 0x0000FFFE


mem[X,0x80040A78] -> 0x0193
mem[X,0x80040A7A] -> 0x0000
[6002] [M]: 0x80040A78 (0x00000193) addi gp, zero, 0
x3 <- 0x00000000


mem[X,0x80040A7C] -> 0x006F
mem[X,0x80040A7E] -> 0x00C0
[6003] [M]: 0x80040A7C (0x00C0006F) jal zero, 12


mem[X,0x80040A88] -> 0x7063
mem[X,0x80040A8A] -> 0x40B5
[6004] [M]: 0x80040A88 (0x40B57063) bgeu a0, a1, 1024


mem[X,0x80040E88] -> 0x8193
mem[X,0x80040E8A] -> 0x0031
[6005] [M]: 0x80040E88 (0x00318193) addi gp, gp, 3
x3 <- 0x00000003


mem[X,0x80040E8C] -> 0x006F
mem[X,0x80040E8E] -> 0x0040
[6006] [M]: 0x80040E8C (0x0040006F) jal zero, 4


mem[X,0x80040E90] -> 0x2223
mem[X,0x80040E92] -> 0x1A31
[6007] [M]: 0x80040E90 (0x1A312223) sw gp, 420(sp)
mem[0x8004AC08] <- 0x00000003


mem[X,0x80040E94] -> 0x6537
mem[X,0x80040E96] -> 0x6666
[6008] [M]: 0x80040E94 (0x66666537) lui a0, 419430
x10 <- 0x66666000


mem[X,0x80040E98] -> 0x0513
mem[X,0x80040E9A] -> 0x6675
[6009] [M]: 0x80040E98 (0x66750513) addi a0, a0, 1639
x10 <- 0x66666667


mem[X,0x80040E9C] -> 0x55B7
mem[X,0x80040E9E] -> 0x5555
[6010] [M]: 0x80040E9C (0x555555B7) lui a1, 349525
x11 <- 0x55555000


mem[X,0x80040EA0] -> 0x8593
mem[X,0x80040EA2] -> 0x5565
[6011] [M]: 0x80040EA0 (0x55658593) addi a1, a1, 1366
x11 <- 0x55555556


mem[X,0x80040EA4] -> 0x0193
mem[X,0x80040EA6] -> 0x0000
[6012] [M]: 0x80040EA4 (0x00000193) addi gp, zero, 0
x3 <- 0x00000000


mem[X,0x80040EA8] -> 0x006F
mem[X,0x80040EAA] -> 0x2B10
[6013] [M]: 0x80040EA8 (0x2B10006F) jal zero, 2736


mem[X,0x80041958] -> 0x7A63
mem[X,0x8004195A] -> 0xD4B5
[6014] [M]: 0x80041958 (0xD4B57A63) bgeu a0, a1, 5460


mem[X,0x80040EAC] -> 0x8193
mem[X,0x80040EAE] -> 0x0011
[6015] [M]: 0x80040EAC (0x00118193) addi gp, gp, 1
x3 <- 0x00000001


mem[X,0x80040EB0] -> 0x006F
mem[X,0x80040EB2] -> 0x2BD0
[6016] [M]: 0x80040EB0 (0x2BD0006F) jal zero, 2748


mem[X,0x8004196C] -> 0x2423
mem[X,0x8004196E] -> 0x1A31
[6017] [M]: 0x8004196C (0x1A312423) sw gp, 424(sp)
mem[0x8004AC0C] <- 0x00000001


mem[X,0x80041970] -> 0x6537
mem[X,0x80041972] -> 0x6666
[6018] [M]: 0x80041970 (0x66666537) lui a0, 419430
x10 <- 0x66666000


mem[X,0x80041974] -> 0x0513
mem[X,0x80041976] -> 0x6675
[6019] [M]: 0x80041974 (0x66750513) addi a0, a0, 1639
x10 <- 0x66666667


mem[X,0x80041978] -> 0xB5B7
mem[X,0x8004197A] -> 0xAAAA
[6020] [M]: 0x80041978 (0xAAAAB5B7) lui a1, 699051
x11 <- 0xAAAAB000


mem[X,0x8004197C] -> 0x8593
mem[X,0x8004197E] -> 0xAAB5
[6021] [M]: 0x8004197C (0xAAB58593) addi a1, a1, 2731
x11 <- 0xAAAAAAAB


mem[X,0x80041980] -> 0x0193
mem[X,0x80041982] -> 0x0000
[6022] [M]: 0x80041980 (0x00000193) addi gp, zero, 0
x3 <- 0x00000000


mem[X,0x80041984] -> 0x006F
mem[X,0x80041986] -> 0x00C0
[6023] [M]: 0x80041984 (0x00C0006F) jal zero, 12


mem[X,0x80041990] -> 0x7663
mem[X,0x80041992] -> 0x00B5
[6024] [M]: 0x80041990 (0x00B57663) bgeu a0, a1, 12


mem[X,0x80041994] -> 0x8193
mem[X,0x80041996] -> 0x0021
[6025] [M]: 0x80041994 (0x00218193) addi gp, gp, 2
x3 <- 0x00000002


mem[X,0x80041998] -> 0x006F
mem[X,0x8004199A] -> 0x00C0
[6026] [M]: 0x80041998 (0x00C0006F) jal zero, 12


mem[X,0x800419A4] -> 0x2623
mem[X,0x800419A6] -> 0x1A31
[6027] [M]: 0x800419A4 (0x1A312623) sw gp, 428(sp)
mem[0x8004AC10] <- 0x00000002


mem[X,0x800419A8] -> 0x6537
mem[X,0x800419AA] -> 0x6666
[6028] [M]: 0x800419A8 (0x66666537) lui a0, 419430
x10 <- 0x66666000


mem[X,0x800419AC] -> 0x0513
mem[X,0x800419AE] -> 0x6675
[6029] [M]: 0x800419AC (0x66750513) addi a0, a0, 1639
x10 <- 0x66666667


mem[X,0x800419B0] -> 0x0593
mem[X,0x800419B2] -> 0x0060
[6030] [M]: 0x800419B0 (0x00600593) addi a1, zero, 6
x11 <- 0x00000006


mem[X,0x800419B4] -> 0x0193
mem[X,0x800419B6] -> 0x0000
[6031] [M]: 0x800419B4 (0x00000193) addi gp, zero, 0
x3 <- 0x00000000


mem[X,0x800419B8] -> 0x006F
mem[X,0x800419BA] -> 0x00C0
[6032] [M]: 0x800419B8 (0x00C0006F) jal zero, 12


mem[X,0x800419C4] -> 0x7063
mem[X,0x800419C6] -> 0x08B5
[6033] [M]: 0x800419C4 (0x08B57063) bgeu a0, a1, 128


mem[X,0x80041A44] -> 0x8193
mem[X,0x80041A46] -> 0x0031
[6034] [M]: 0x80041A44 (0x00318193) addi gp, gp, 3
x3 <- 0x00000003


mem[X,0x80041A48] -> 0x006F
mem[X,0x80041A4A] -> 0x0040
[6035] [M]: 0x80041A48 (0x0040006F) jal zero, 4


mem[X,0x80041A4C] -> 0x2823
mem[X,0x80041A4E] -> 0x1A31
[6036] [M]: 0x80041A4C (0x1A312823) sw gp, 432(sp)
mem[0x8004AC14] <- 0x00000003


mem[X,0x80041A50] -> 0x6537
mem[X,0x80041A52] -> 0x6666
[6037] [M]: 0x80041A50 (0x66666537) lui a0, 419430
x10 <- 0x66666000


mem[X,0x80041A54] -> 0x0513
mem[X,0x80041A56] -> 0x6675
[6038] [M]: 0x80041A54 (0x66750513) addi a0, a0, 1639
x10 <- 0x66666667


mem[X,0x80041A58] -> 0x35B7
mem[X,0x80041A5A] -> 0x3333
[6039] [M]: 0x80041A58 (0x333335B7) lui a1, 209715
x11 <- 0x33333000


mem[X,0x80041A5C] -> 0x8593
mem[X,0x80041A5E] -> 0x3345
[6040] [M]: 0x80041A5C (0x33458593) addi a1, a1, 820
x11 <- 0x33333334


mem[X,0x80041A60] -> 0x0193
mem[X,0x80041A62] -> 0x0000
[6041] [M]: 0x80041A60 (0x00000193) addi gp, zero, 0
x3 <- 0x00000000


mem[X,0x80041A64] -> 0x006F
mem[X,0x80041A66] -> 0x0140
[6042] [M]: 0x80041A64 (0x0140006F) jal zero, 20


mem[X,0x80041A78] -> 0x78E3
mem[X,0x80041A7A] -> 0xFEB5
[6043] [M]: 0x80041A78 (0xFEB578E3) bgeu a0, a1, 8176


mem[X,0x80041A68] -> 0x8193
mem[X,0x80041A6A] -> 0x0011
[6044] [M]: 0x80041A68 (0x00118193) addi gp, gp, 1
x3 <- 0x00000001


mem[X,0x80041A6C] -> 0x006F
mem[X,0x80041A6E] -> 0x0200
[6045] [M]: 0x80041A6C (0x0200006F) jal zero, 32


mem[X,0x80041A8C] -> 0x2A23
mem[X,0x80041A8E] -> 0x1A31
[6046] [M]: 0x80041A8C (0x1A312A23) sw gp, 436(sp)
mem[0x8004AC18] <- 0x00000001


mem[X,0x80041A90] -> 0x6537
mem[X,0x80041A92] -> 0x6666
[6047] [M]: 0x80041A90 (0x66666537) lui a0, 419430
x10 <- 0x66666000


mem[X,0x80041A94] -> 0x0513
mem[X,0x80041A96] -> 0x6675
[6048] [M]: 0x80041A94 (0x66750513) addi a0, a0, 1639
x10 <- 0x66666667


mem[X,0x80041A98] -> 0x65B7
mem[X,0x80041A9A] -> 0x6666
[6049] [M]: 0x80041A98 (0x666665B7) lui a1, 419430
x11 <- 0x66666000


mem[X,0x80041A9C] -> 0x8593
mem[X,0x80041A9E] -> 0x6675
[6050] [M]: 0x80041A9C (0x66758593) addi a1, a1, 1639
x11 <- 0x66666667


mem[X,0x80041AA0] -> 0x0193
mem[X,0x80041AA2] -> 0x0000
[6051] [M]: 0x80041AA0 (0x00000193) addi gp, zero, 0
x3 <- 0x00000000


mem[X,0x80041AA4] -> 0x006F
mem[X,0x80041AA6] -> 0x00C0
[6052] [M]: 0x80041AA4 (0x00C0006F) jal zero, 12


mem[X,0x80041AB0] -> 0x7CE3
mem[X,0x80041AB2] -> 0xFEB5
[6053] [M]: 0x80041AB0 (0xFEB57CE3) bgeu a0, a1, 8184


mem[X,0x80041AA8] -> 0x8193
mem[X,0x80041AAA] -> 0x0011
[6054] [M]: 0x80041AA8 (0x00118193) addi gp, gp, 1
x3 <- 0x00000001


mem[X,0x80041AAC] -> 0x006F
mem[X,0x80041AAE] -> 0x0180
[6055] [M]: 0x80041AAC (0x0180006F) jal zero, 24


mem[X,0x80041AC4] -> 0x2C23
mem[X,0x80041AC6] -> 0x1A31
[6056] [M]: 0x80041AC4 (0x1A312C23) sw gp, 440(sp)
mem[0x8004AC1C] <- 0x00000001


mem[X,0x80041AC8] -> 0x6537
mem[X,0x80041ACA] -> 0x6666
[6057] [M]: 0x80041AC8 (0x66666537) lui a0, 419430
x10 <- 0x66666000


mem[X,0x80041ACC] -> 0x0513
mem[X,0x80041ACE] -> 0x6675
[6058] [M]: 0x80041ACC (0x66750513) addi a0, a0, 1639
x10 <- 0x66666667


mem[X,0x80041AD0] -> 0xB5B7
mem[X,0x80041AD2] -> 0x0000
[6059] [M]: 0x80041AD0 (0x0000B5B7) lui a1, 11
x11 <- 0x0000B000


mem[X,0x80041AD4] -> 0x8593
mem[X,0x80041AD6] -> 0x5055
[6060] [M]: 0x80041AD4 (0x50558593) addi a1, a1, 1285
x11 <- 0x0000B505


mem[X,0x80041AD8] -> 0x0193
mem[X,0x80041ADA] -> 0x0000
[6061] [M]: 0x80041AD8 (0x00000193) addi gp, zero, 0
x3 <- 0x00000000


mem[X,0x80041ADC] -> 0x006F
mem[X,0x80041ADE] -> 0x00C0
[6062] [M]: 0x80041ADC (0x00C0006F) jal zero, 12


mem[X,0x80041AE8] -> 0x7063
mem[X,0x80041AEA] -> 0x04B5
[6063] [M]: 0x80041AE8 (0x04B57063) bgeu a0, a1, 64


mem[X,0x80041B28] -> 0x8193
mem[X,0x80041B2A] -> 0x0031
[6064] [M]: 0x80041B28 (0x00318193) addi gp, gp, 3
x3 <- 0x00000003


mem[X,0x80041B2C] -> 0x006F
mem[X,0x80041B2E] -> 0x0040
[6065] [M]: 0x80041B2C (0x0040006F) jal zero, 4


mem[X,0x80041B30] -> 0x2E23
mem[X,0x80041B32] -> 0x1A31
[6066] [M]: 0x80041B30 (0x1A312E23) sw gp, 444(sp)
mem[0x8004AC20] <- 0x00000003


mem[X,0x80041B34] -> 0x6537
mem[X,0x80041B36] -> 0x6666
[6067] [M]: 0x80041B34 (0x66666537) lui a0, 419430
x10 <- 0x66666000


mem[X,0x80041B38] -> 0x0513
mem[X,0x80041B3A] -> 0x6675
[6068] [M]: 0x80041B38 (0x66750513) addi a0, a0, 1639
x10 <- 0x66666667


mem[X,0x80041B3C] -> 0x0593
mem[X,0x80041B3E] -> 0x0010
[6069] [M]: 0x80041B3C (0x00100593) addi a1, zero, 1
x11 <- 0x00000001


mem[X,0x80041B40] -> 0x0193
mem[X,0x80041B42] -> 0x0000
[6070] [M]: 0x80041B40 (0x00000193) addi gp, zero, 0
x3 <- 0x00000000


mem[X,0x80041B44] -> 0x006F
mem[X,0x80041B46] -> 0x00C0
[6071] [M]: 0x80041B44 (0x00C0006F) jal zero, 12


mem[X,0x80041B50] -> 0x7663
mem[X,0x80041B52] -> 0x00B5
[6072] [M]: 0x80041B50 (0x00B57663) bgeu a0, a1, 12


mem[X,0x80041B5C] -> 0x8193
mem[X,0x80041B5E] -> 0x0031
[6073] [M]: 0x80041B5C (0x00318193) addi gp, gp, 3
x3 <- 0x00000003


mem[X,0x80041B60] -> 0x006F
mem[X,0x80041B62] -> 0x0040
[6074] [M]: 0x80041B60 (0x0040006F) jal zero, 4


mem[X,0x80041B64] -> 0x2023
mem[X,0x80041B66] -> 0x1C31
[6075] [M]: 0x80041B64 (0x1C312023) sw gp, 448(sp)
mem[0x8004AC24] <- 0x00000003


mem[X,0x80041B68] -> 0x6537
mem[X,0x80041B6A] -> 0x6666
[6076] [M]: 0x80041B68 (0x66666537) lui a0, 419430
x10 <- 0x66666000


mem[X,0x80041B6C] -> 0x0513
mem[X,0x80041B6E] -> 0x6675
[6077] [M]: 0x80041B6C (0x66750513) addi a0, a0, 1639
x10 <- 0x66666667


mem[X,0x80041B70] -> 0x05B7
mem[X,0x80041B72] -> 0x0001
[6078] [M]: 0x80041B70 (0x000105B7) lui a1, 16
x11 <- 0x00010000


mem[X,0x80041B74] -> 0x0193
mem[X,0x80041B76] -> 0x0000
[6079] [M]: 0x80041B74 (0x00000193) addi gp, zero, 0
x3 <- 0x00000000


mem[X,0x80041B78] -> 0x006F
mem[X,0x80041B7A] -> 0x00C0
[6080] [M]: 0x80041B78 (0x00C0006F) jal zero, 12


mem[X,0x80041B84] -> 0x7CE3
mem[X,0x80041B86] -> 0xFEB5
[6081] [M]: 0x80041B84 (0xFEB57CE3) bgeu a0, a1, 8184


mem[X,0x80041B7C] -> 0x8193
mem[X,0x80041B7E] -> 0x0011
[6082] [M]: 0x80041B7C (0x00118193) addi gp, gp, 1
x3 <- 0x00000001


mem[X,0x80041B80] -> 0x006F
mem[X,0x80041B82] -> 0x0180
[6083] [M]: 0x80041B80 (0x0180006F) jal zero, 24


mem[X,0x80041B98] -> 0x2223
mem[X,0x80041B9A] -> 0x1C31
[6084] [M]: 0x80041B98 (0x1C312223) sw gp, 452(sp)
mem[0x8004AC28] <- 0x00000001


mem[X,0x80041B9C] -> 0xB537
mem[X,0x80041B9E] -> 0x0000
[6085] [M]: 0x80041B9C (0x0000B537) lui a0, 11
x10 <- 0x0000B000


mem[X,0x80041BA0] -> 0x0513
mem[X,0x80041BA2] -> 0x5055
[6086] [M]: 0x80041BA0 (0x50550513) addi a0, a0, 1285
x10 <- 0x0000B505


mem[X,0x80041BA4] -> 0x0593
mem[X,0x80041BA6] -> 0x0030
[6087] [M]: 0x80041BA4 (0x00300593) addi a1, zero, 3
x11 <- 0x00000003


mem[X,0x80041BA8] -> 0x0193
mem[X,0x80041BAA] -> 0x0000
[6088] [M]: 0x80041BA8 (0x00000193) addi gp, zero, 0
x3 <- 0x00000000


mem[X,0x80041BAC] -> 0x006F
mem[X,0x80041BAE] -> 0x00C0
[6089] [M]: 0x80041BAC (0x00C0006F) jal zero, 12


mem[X,0x80041BB8] -> 0x7663
mem[X,0x80041BBA] -> 0x00B5
[6090] [M]: 0x80041BB8 (0x00B57663) bgeu a0, a1, 12


mem[X,0x80041BC4] -> 0x8193
mem[X,0x80041BC6] -> 0x0031
[6091] [M]: 0x80041BC4 (0x00318193) addi gp, gp, 3
x3 <- 0x00000003


mem[X,0x80041BC8] -> 0x006F
mem[X,0x80041BCA] -> 0x0040
[6092] [M]: 0x80041BC8 (0x0040006F) jal zero, 4


mem[X,0x80041BCC] -> 0x2423
mem[X,0x80041BCE] -> 0x1C31
[6093] [M]: 0x80041BCC (0x1C312423) sw gp, 456(sp)
mem[0x8004AC2C] <- 0x00000003


mem[X,0x80041BD0] -> 0xB537
mem[X,0x80041BD2] -> 0x0000
[6094] [M]: 0x80041BD0 (0x0000B537) lui a0, 11
x10 <- 0x0000B000


mem[X,0x80041BD4] -> 0x0513
mem[X,0x80041BD6] -> 0x5055
[6095] [M]: 0x80041BD4 (0x50550513) addi a0, a0, 1285
x10 <- 0x0000B505


mem[X,0x80041BD8] -> 0x55B7
mem[X,0x80041BDA] -> 0x5555
[6096] [M]: 0x80041BD8 (0x555555B7) lui a1, 349525
x11 <- 0x55555000


mem[X,0x80041BDC] -> 0x8593
mem[X,0x80041BDE] -> 0x5555
[6097] [M]: 0x80041BDC (0x55558593) addi a1, a1, 1365
x11 <- 0x55555555


mem[X,0x80041BE0] -> 0x0193
mem[X,0x80041BE2] -> 0x0000
[6098] [M]: 0x80041BE0 (0x00000193) addi gp, zero, 0
x3 <- 0x00000000


mem[X,0x80041BE4] -> 0x006F
mem[X,0x80041BE6] -> 0x00C0
[6099] [M]: 0x80041BE4 (0x00C0006F) jal zero, 12


clint::tick mtime <- 0x000000000000003D
 clint timer pending at mtime 0x000000000000003D
htif::tick 0x0000000000000000
mem[X,0x80041BF0] -> 0x7CE3
mem[X,0x80041BF2] -> 0xFEB5
[6100] [M]: 0x80041BF0 (0xFEB57CE3) bgeu a0, a1, 8184


mem[X,0x80041BF4] -> 0x8193
mem[X,0x80041BF6] -> 0x0021
[6101] [M]: 0x80041BF4 (0x00218193) addi gp, gp, 2
x3 <- 0x00000002


mem[X,0x80041BF8] -> 0x006F
mem[X,0x80041BFA] -> 0x00C0
[6102] [M]: 0x80041BF8 (0x00C0006F) jal zero, 12


mem[X,0x80041C04] -> 0x2623
mem[X,0x80041C06] -> 0x1C31
[6103] [M]: 0x80041C04 (0x1C312623) sw gp, 460(sp)
mem[0x8004AC30] <- 0x00000002


mem[X,0x80041C08] -> 0xB537
mem[X,0x80041C0A] -> 0x0000
[6104] [M]: 0x80041C08 (0x0000B537) lui a0, 11
x10 <- 0x0000B000


mem[X,0x80041C0C] -> 0x0513
mem[X,0x80041C0E] -> 0x5055
[6105] [M]: 0x80041C0C (0x50550513) addi a0, a0, 1285
x10 <- 0x0000B505


mem[X,0x80041C10] -> 0xB5B7
mem[X,0x80041C12] -> 0xAAAA
[6106] [M]: 0x80041C10 (0xAAAAB5B7) lui a1, 699051
x11 <- 0xAAAAB000


mem[X,0x80041C14] -> 0x8593
mem[X,0x80041C16] -> 0xAAA5
[6107] [M]: 0x80041C14 (0xAAA58593) addi a1, a1, 2730
x11 <- 0xAAAAAAAA


mem[X,0x80041C18] -> 0x0193
mem[X,0x80041C1A] -> 0x0000
[6108] [M]: 0x80041C18 (0x00000193) addi gp, zero, 0
x3 <- 0x00000000


mem[X,0x80041C1C] -> 0x006F
mem[X,0x80041C1E] -> 0x00C0
[6109] [M]: 0x80041C1C (0x00C0006F) jal zero, 12


mem[X,0x80041C28] -> 0x7CE3
mem[X,0x80041C2A] -> 0xFEB5
[6110] [M]: 0x80041C28 (0xFEB57CE3) bgeu a0, a1, 8184


mem[X,0x80041C2C] -> 0x8193
mem[X,0x80041C2E] -> 0x0021
[6111] [M]: 0x80041C2C (0x00218193) addi gp, gp, 2
x3 <- 0x00000002


mem[X,0x80041C30] -> 0x006F
mem[X,0x80041C32] -> 0x00C0
[6112] [M]: 0x80041C30 (0x00C0006F) jal zero, 12


mem[X,0x80041C3C] -> 0x2823
mem[X,0x80041C3E] -> 0x1C31
[6113] [M]: 0x80041C3C (0x1C312823) sw gp, 464(sp)
mem[0x8004AC34] <- 0x00000002


mem[X,0x80041C40] -> 0xB537
mem[X,0x80041C42] -> 0x0000
[6114] [M]: 0x80041C40 (0x0000B537) lui a0, 11
x10 <- 0x0000B000


mem[X,0x80041C44] -> 0x0513
mem[X,0x80041C46] -> 0x5055
[6115] [M]: 0x80041C44 (0x50550513) addi a0, a0, 1285
x10 <- 0x0000B505


mem[X,0x80041C48] -> 0x0593
mem[X,0x80041C4A] -> 0x0050
[6116] [M]: 0x80041C48 (0x00500593) addi a1, zero, 5
x11 <- 0x00000005


mem[X,0x80041C4C] -> 0x0193
mem[X,0x80041C4E] -> 0x0000
[6117] [M]: 0x80041C4C (0x00000193) addi gp, zero, 0
x3 <- 0x00000000


mem[X,0x80041C50] -> 0x006F
mem[X,0x80041C52] -> 0x00C0
[6118] [M]: 0x80041C50 (0x00C0006F) jal zero, 12


mem[X,0x80041C5C] -> 0x7063
mem[X,0x80041C5E] -> 0x08B5
[6119] [M]: 0x80041C5C (0x08B57063) bgeu a0, a1, 128


mem[X,0x80041CDC] -> 0x8193
mem[X,0x80041CDE] -> 0x0031
[6120] [M]: 0x80041CDC (0x00318193) addi gp, gp, 3
x3 <- 0x00000003


mem[X,0x80041CE0] -> 0x006F
mem[X,0x80041CE2] -> 0x0040
[6121] [M]: 0x80041CE0 (0x0040006F) jal zero, 4


mem[X,0x80041CE4] -> 0x2A23
mem[X,0x80041CE6] -> 0x1C31
[6122] [M]: 0x80041CE4 (0x1C312A23) sw gp, 468(sp)
mem[0x8004AC38] <- 0x00000003


mem[X,0x80041CE8] -> 0xB537
mem[X,0x80041CEA] -> 0x0000
[6123] [M]: 0x80041CE8 (0x0000B537) lui a0, 11
x10 <- 0x0000B000


mem[X,0x80041CEC] -> 0x0513
mem[X,0x80041CEE] -> 0x5055
[6124] [M]: 0x80041CEC (0x50550513) addi a0, a0, 1285
x10 <- 0x0000B505


mem[X,0x80041CF0] -> 0x35B7
mem[X,0x80041CF2] -> 0x3333
[6125] [M]: 0x80041CF0 (0x333335B7) lui a1, 209715
x11 <- 0x33333000


mem[X,0x80041CF4] -> 0x8593
mem[X,0x80041CF6] -> 0x3335
[6126] [M]: 0x80041CF4 (0x33358593) addi a1, a1, 819
x11 <- 0x33333333


mem[X,0x80041CF8] -> 0x0193
mem[X,0x80041CFA] -> 0x0000
[6127] [M]: 0x80041CF8 (0x00000193) addi gp, zero, 0
x3 <- 0x00000000


mem[X,0x80041CFC] -> 0x006F
mem[X,0x80041CFE] -> 0x00C0
[6128] [M]: 0x80041CFC (0x00C0006F) jal zero, 12


mem[X,0x80041D08] -> 0x7663
mem[X,0x80041D0A] -> 0x00B5
[6129] [M]: 0x80041D08 (0x00B57663) bgeu a0, a1, 12


mem[X,0x80041D0C] -> 0x8193
mem[X,0x80041D0E] -> 0x0021
[6130] [M]: 0x80041D0C (0x00218193) addi gp, gp, 2
x3 <- 0x00000002


mem[X,0x80041D10] -> 0x006F
mem[X,0x80041D12] -> 0x00C0
[6131] [M]: 0x80041D10 (0x00C0006F) jal zero, 12


mem[X,0x80041D1C] -> 0x2C23
mem[X,0x80041D1E] -> 0x1C31
[6132] [M]: 0x80041D1C (0x1C312C23) sw gp, 472(sp)
mem[0x8004AC3C] <- 0x00000002


mem[X,0x80041D20] -> 0xB537
mem[X,0x80041D22] -> 0x0000
[6133] [M]: 0x80041D20 (0x0000B537) lui a0, 11
x10 <- 0x0000B000


mem[X,0x80041D24] -> 0x0513
mem[X,0x80041D26] -> 0x5055
[6134] [M]: 0x80041D24 (0x50550513) addi a0, a0, 1285
x10 <- 0x0000B505


mem[X,0x80041D28] -> 0x65B7
mem[X,0x80041D2A] -> 0x6666
[6135] [M]: 0x80041D28 (0x666665B7) lui a1, 419430
x11 <- 0x66666000


mem[X,0x80041D2C] -> 0x8593
mem[X,0x80041D2E] -> 0x6665
[6136] [M]: 0x80041D2C (0x66658593) addi a1, a1, 1638
x11 <- 0x66666666


mem[X,0x80041D30] -> 0x0193
mem[X,0x80041D32] -> 0x0000
[6137] [M]: 0x80041D30 (0x00000193) addi gp, zero, 0
x3 <- 0x00000000


mem[X,0x80041D34] -> 0x006F
mem[X,0x80041D36] -> 0x0140
[6138] [M]: 0x80041D34 (0x0140006F) jal zero, 20


mem[X,0x80041D48] -> 0x78E3
mem[X,0x80041D4A] -> 0xFEB5
[6139] [M]: 0x80041D48 (0xFEB578E3) bgeu a0, a1, 8176


mem[X,0x80041D4C] -> 0x8193
mem[X,0x80041D4E] -> 0x0021
[6140] [M]: 0x80041D4C (0x00218193) addi gp, gp, 2
x3 <- 0x00000002


mem[X,0x80041D50] -> 0x006F
mem[X,0x80041D52] -> 0x00C0
[6141] [M]: 0x80041D50 (0x00C0006F) jal zero, 12


mem[X,0x80041D5C] -> 0x2E23
mem[X,0x80041D5E] -> 0x1C31
[6142] [M]: 0x80041D5C (0x1C312E23) sw gp, 476(sp)
mem[0x8004AC40] <- 0x00000002


mem[X,0x80041D60] -> 0xB537
mem[X,0x80041D62] -> 0x0000
[6143] [M]: 0x80041D60 (0x0000B537) lui a0, 11
x10 <- 0x0000B000


mem[X,0x80041D64] -> 0x0513
mem[X,0x80041D66] -> 0x5055
[6144] [M]: 0x80041D64 (0x50550513) addi a0, a0, 1285
x10 <- 0x0000B505


mem[X,0x80041D68] -> 0xB5B7
mem[X,0x80041D6A] -> 0x0000
[6145] [M]: 0x80041D68 (0x0000B5B7) lui a1, 11
x11 <- 0x0000B000


mem[X,0x80041D6C] -> 0x8593
mem[X,0x80041D6E] -> 0x5045
[6146] [M]: 0x80041D6C (0x50458593) addi a1, a1, 1284
x11 <- 0x0000B504


mem[X,0x80041D70] -> 0x0193
mem[X,0x80041D72] -> 0x0000
[6147] [M]: 0x80041D70 (0x00000193) addi gp, zero, 0
x3 <- 0x00000000


mem[X,0x80041D74] -> 0x006F
mem[X,0x80041D76] -> 0x00C0
[6148] [M]: 0x80041D74 (0x00C0006F) jal zero, 12


mem[X,0x80041D80] -> 0x7663
mem[X,0x80041D82] -> 0x00B5
[6149] [M]: 0x80041D80 (0x00B57663) bgeu a0, a1, 12


mem[X,0x80041D8C] -> 0x8193
mem[X,0x80041D8E] -> 0x0031
[6150] [M]: 0x80041D8C (0x00318193) addi gp, gp, 3
x3 <- 0x00000003


mem[X,0x80041D90] -> 0x006F
mem[X,0x80041D92] -> 0x0040
[6151] [M]: 0x80041D90 (0x0040006F) jal zero, 4


mem[X,0x80041D94] -> 0x2023
mem[X,0x80041D96] -> 0x1E31
[6152] [M]: 0x80041D94 (0x1E312023) sw gp, 480(sp)
mem[0x8004AC44] <- 0x00000003


mem[X,0x80041D98] -> 0xB537
mem[X,0x80041D9A] -> 0x0000
[6153] [M]: 0x80041D98 (0x0000B537) lui a0, 11
x10 <- 0x0000B000


mem[X,0x80041D9C] -> 0x0513
mem[X,0x80041D9E] -> 0x5055
[6154] [M]: 0x80041D9C (0x50550513) addi a0, a0, 1285
x10 <- 0x0000B505


mem[X,0x80041DA0] -> 0x0593
mem[X,0x80041DA2] -> 0x0000
[6155] [M]: 0x80041DA0 (0x00000593) addi a1, zero, 0
x11 <- 0x00000000


mem[X,0x80041DA4] -> 0x0193
mem[X,0x80041DA6] -> 0x0000
[6156] [M]: 0x80041DA4 (0x00000193) addi gp, zero, 0
x3 <- 0x00000000


mem[X,0x80041DA8] -> 0x006F
mem[X,0x80041DAA] -> 0x00C0
[6157] [M]: 0x80041DA8 (0x00C0006F) jal zero, 12


mem[X,0x80041DB4] -> 0x7663
mem[X,0x80041DB6] -> 0x00B5
[6158] [M]: 0x80041DB4 (0x00B57663) bgeu a0, a1, 12


mem[X,0x80041DC0] -> 0x8193
mem[X,0x80041DC2] -> 0x0031
[6159] [M]: 0x80041DC0 (0x00318193) addi gp, gp, 3
x3 <- 0x00000003


mem[X,0x80041DC4] -> 0x006F
mem[X,0x80041DC6] -> 0x0040
[6160] [M]: 0x80041DC4 (0x0040006F) jal zero, 4


mem[X,0x80041DC8] -> 0x2223
mem[X,0x80041DCA] -> 0x1E31
[6161] [M]: 0x80041DC8 (0x1E312223) sw gp, 484(sp)
mem[0x8004AC48] <- 0x00000003


mem[X,0x80041DCC] -> 0xB537
mem[X,0x80041DCE] -> 0x0000
[6162] [M]: 0x80041DCC (0x0000B537) lui a0, 11
x10 <- 0x0000B000


mem[X,0x80041DD0] -> 0x0513
mem[X,0x80041DD2] -> 0x5055
[6163] [M]: 0x80041DD0 (0x50550513) addi a0, a0, 1285
x10 <- 0x0000B505


mem[X,0x80041DD4] -> 0x05B7
mem[X,0x80041DD6] -> 0x0001
[6164] [M]: 0x80041DD4 (0x000105B7) lui a1, 16
x11 <- 0x00010000


mem[X,0x80041DD8] -> 0x8593
mem[X,0x80041DDA] -> 0xFFF5
[6165] [M]: 0x80041DD8 (0xFFF58593) addi a1, a1, 4095
x11 <- 0x0000FFFF


mem[X,0x80041DDC] -> 0x0193
mem[X,0x80041DDE] -> 0x0000
[6166] [M]: 0x80041DDC (0x00000193) addi gp, zero, 0
x3 <- 0x00000000


mem[X,0x80041DE0] -> 0x006F
mem[X,0x80041DE2] -> 0x0140
[6167] [M]: 0x80041DE0 (0x0140006F) jal zero, 20


mem[X,0x80041DF4] -> 0x78E3
mem[X,0x80041DF6] -> 0xFEB5
[6168] [M]: 0x80041DF4 (0xFEB578E3) bgeu a0, a1, 8176


mem[X,0x80041DF8] -> 0x8193
mem[X,0x80041DFA] -> 0x0021
[6169] [M]: 0x80041DF8 (0x00218193) addi gp, gp, 2
x3 <- 0x00000002


mem[X,0x80041DFC] -> 0x006F
mem[X,0x80041DFE] -> 0x00C0
[6170] [M]: 0x80041DFC (0x00C0006F) jal zero, 12


mem[X,0x80041E08] -> 0x2423
mem[X,0x80041E0A] -> 0x1E31
[6171] [M]: 0x80041E08 (0x1E312423) sw gp, 488(sp)
mem[0x8004AC4C] <- 0x00000002


mem[X,0x80041E0C] -> 0xB537
mem[X,0x80041E0E] -> 0x0000
[6172] [M]: 0x80041E0C (0x0000B537) lui a0, 11
x10 <- 0x0000B000


mem[X,0x80041E10] -> 0x0513
mem[X,0x80041E12] -> 0x5055
[6173] [M]: 0x80041E10 (0x50550513) addi a0, a0, 1285
x10 <- 0x0000B505


mem[X,0x80041E14] -> 0x0593
mem[X,0x80041E16] -> 0x0020
[6174] [M]: 0x80041E14 (0x00200593) addi a1, zero, 2
x11 <- 0x00000002


mem[X,0x80041E18] -> 0x0193
mem[X,0x80041E1A] -> 0x0000
[6175] [M]: 0x80041E18 (0x00000193) addi gp, zero, 0
x3 <- 0x00000000


mem[X,0x80041E1C] -> 0x006F
mem[X,0x80041E1E] -> 0x00C0
[6176] [M]: 0x80041E1C (0x00C0006F) jal zero, 12


mem[X,0x80041E28] -> 0x7CE3
mem[X,0x80041E2A] -> 0xFEB5
[6177] [M]: 0x80041E28 (0xFEB57CE3) bgeu a0, a1, 8184


mem[X,0x80041E20] -> 0x8193
mem[X,0x80041E22] -> 0x0011
[6178] [M]: 0x80041E20 (0x00118193) addi gp, gp, 1
x3 <- 0x00000001


mem[X,0x80041E24] -> 0x006F
mem[X,0x80041E26] -> 0x0180
[6179] [M]: 0x80041E24 (0x0180006F) jal zero, 24


mem[X,0x80041E3C] -> 0x2623
mem[X,0x80041E3E] -> 0x1E31
[6180] [M]: 0x80041E3C (0x1E312623) sw gp, 492(sp)
mem[0x8004AC50] <- 0x00000001


mem[X,0x80041E40] -> 0xB537
mem[X,0x80041E42] -> 0x0000
[6181] [M]: 0x80041E40 (0x0000B537) lui a0, 11
x10 <- 0x0000B000


mem[X,0x80041E44] -> 0x0513
mem[X,0x80041E46] -> 0x5055
[6182] [M]: 0x80041E44 (0x50550513) addi a0, a0, 1285
x10 <- 0x0000B505


mem[X,0x80041E48] -> 0x55B7
mem[X,0x80041E4A] -> 0x5555
[6183] [M]: 0x80041E48 (0x555555B7) lui a1, 349525
x11 <- 0x55555000


mem[X,0x80041E4C] -> 0x8593
mem[X,0x80041E4E] -> 0x5545
[6184] [M]: 0x80041E4C (0x55458593) addi a1, a1, 1364
x11 <- 0x55555554


mem[X,0x80041E50] -> 0x0193
mem[X,0x80041E52] -> 0x0000
[6185] [M]: 0x80041E50 (0x00000193) addi gp, zero, 0
x3 <- 0x00000000


mem[X,0x80041E54] -> 0x006F
mem[X,0x80041E56] -> 0x00C0
[6186] [M]: 0x80041E54 (0x00C0006F) jal zero, 12


mem[X,0x80041E60] -> 0x7063
mem[X,0x80041E62] -> 0x04B5
[6187] [M]: 0x80041E60 (0x04B57063) bgeu a0, a1, 64


mem[X,0x80041E64] -> 0x8193
mem[X,0x80041E66] -> 0x0021
[6188] [M]: 0x80041E64 (0x00218193) addi gp, gp, 2
x3 <- 0x00000002


mem[X,0x80041E68] -> 0x006F
mem[X,0x80041E6A] -> 0x0400
[6189] [M]: 0x80041E68 (0x0400006F) jal zero, 64


mem[X,0x80041EA8] -> 0x2823
mem[X,0x80041EAA] -> 0x1E31
[6190] [M]: 0x80041EA8 (0x1E312823) sw gp, 496(sp)
mem[0x8004AC54] <- 0x00000002


mem[X,0x80041EAC] -> 0xB537
mem[X,0x80041EAE] -> 0x0000
[6191] [M]: 0x80041EAC (0x0000B537) lui a0, 11
x10 <- 0x0000B000


mem[X,0x80041EB0] -> 0x0513
mem[X,0x80041EB2] -> 0x5055
[6192] [M]: 0x80041EB0 (0x50550513) addi a0, a0, 1285
x10 <- 0x0000B505


mem[X,0x80041EB4] -> 0xB5B7
mem[X,0x80041EB6] -> 0xAAAA
[6193] [M]: 0x80041EB4 (0xAAAAB5B7) lui a1, 699051
x11 <- 0xAAAAB000


mem[X,0x80041EB8] -> 0x8593
mem[X,0x80041EBA] -> 0xAA95
[6194] [M]: 0x80041EB8 (0xAA958593) addi a1, a1, 2729
x11 <- 0xAAAAAAA9


mem[X,0x80041EBC] -> 0x0193
mem[X,0x80041EBE] -> 0x0000
[6195] [M]: 0x80041EBC (0x00000193) addi gp, zero, 0
x3 <- 0x00000000


mem[X,0x80041EC0] -> 0x006F
mem[X,0x80041EC2] -> 0x00C0
[6196] [M]: 0x80041EC0 (0x00C0006F) jal zero, 12


mem[X,0x80041ECC] -> 0x7663
mem[X,0x80041ECE] -> 0x00B5
[6197] [M]: 0x80041ECC (0x00B57663) bgeu a0, a1, 12


mem[X,0x80041ED0] -> 0x8193
mem[X,0x80041ED2] -> 0x0021
[6198] [M]: 0x80041ED0 (0x00218193) addi gp, gp, 2
x3 <- 0x00000002


mem[X,0x80041ED4] -> 0x006F
mem[X,0x80041ED6] -> 0x00C0
[6199] [M]: 0x80041ED4 (0x00C0006F) jal zero, 12


clint::tick mtime <- 0x000000000000003E
 clint timer pending at mtime 0x000000000000003E
htif::tick 0x0000000000000000
mem[X,0x80041EE0] -> 0x2A23
mem[X,0x80041EE2] -> 0x1E31
[6200] [M]: 0x80041EE0 (0x1E312A23) sw gp, 500(sp)
mem[0x8004AC58] <- 0x00000002


mem[X,0x80041EE4] -> 0xB537
mem[X,0x80041EE6] -> 0x0000
[6201] [M]: 0x80041EE4 (0x0000B537) lui a0, 11
x10 <- 0x0000B000


mem[X,0x80041EE8] -> 0x0513
mem[X,0x80041EEA] -> 0x5055
[6202] [M]: 0x80041EE8 (0x50550513) addi a0, a0, 1285
x10 <- 0x0000B505


mem[X,0x80041EEC] -> 0x0593
mem[X,0x80041EEE] -> 0x0040
[6203] [M]: 0x80041EEC (0x00400593) addi a1, zero, 4
x11 <- 0x00000004


mem[X,0x80041EF0] -> 0x0193
mem[X,0x80041EF2] -> 0x0000
[6204] [M]: 0x80041EF0 (0x00000193) addi gp, zero, 0
x3 <- 0x00000000


mem[X,0x80041EF4] -> 0x006F
mem[X,0x80041EF6] -> 0x00C0
[6205] [M]: 0x80041EF4 (0x00C0006F) jal zero, 12


mem[X,0x80041F00] -> 0x7863
mem[X,0x80041F02] -> 0x00B5
[6206] [M]: 0x80041F00 (0x00B57863) bgeu a0, a1, 16


mem[X,0x80041F10] -> 0x8193
mem[X,0x80041F12] -> 0x0031
[6207] [M]: 0x80041F10 (0x00318193) addi gp, gp, 3
x3 <- 0x00000003


mem[X,0x80041F14] -> 0x006F
mem[X,0x80041F16] -> 0x0040
[6208] [M]: 0x80041F14 (0x0040006F) jal zero, 4


mem[X,0x80041F18] -> 0x2C23
mem[X,0x80041F1A] -> 0x1E31
[6209] [M]: 0x80041F18 (0x1E312C23) sw gp, 504(sp)
mem[0x8004AC5C] <- 0x00000003


mem[X,0x80041F1C] -> 0xB537
mem[X,0x80041F1E] -> 0x0000
[6210] [M]: 0x80041F1C (0x0000B537) lui a0, 11
x10 <- 0x0000B000


mem[X,0x80041F20] -> 0x0513
mem[X,0x80041F22] -> 0x5055
[6211] [M]: 0x80041F20 (0x50550513) addi a0, a0, 1285
x10 <- 0x0000B505


mem[X,0x80041F24] -> 0x35B7
mem[X,0x80041F26] -> 0x3333
[6212] [M]: 0x80041F24 (0x333335B7) lui a1, 209715
x11 <- 0x33333000


mem[X,0x80041F28] -> 0x8593
mem[X,0x80041F2A] -> 0x3325
[6213] [M]: 0x80041F28 (0x33258593) addi a1, a1, 818
x11 <- 0x33333332


mem[X,0x80041F2C] -> 0x0193
mem[X,0x80041F2E] -> 0x0000
[6214] [M]: 0x80041F2C (0x00000193) addi gp, zero, 0
x3 <- 0x00000000


mem[X,0x80041F30] -> 0x006F
mem[X,0x80041F32] -> 0x00C0
[6215] [M]: 0x80041F30 (0x00C0006F) jal zero, 12


mem[X,0x80041F3C] -> 0x7CE3
mem[X,0x80041F3E] -> 0xFEB5
[6216] [M]: 0x80041F3C (0xFEB57CE3) bgeu a0, a1, 8184


mem[X,0x80041F40] -> 0x8193
mem[X,0x80041F42] -> 0x0021
[6217] [M]: 0x80041F40 (0x00218193) addi gp, gp, 2
x3 <- 0x00000002


mem[X,0x80041F44] -> 0x006F
mem[X,0x80041F46] -> 0x00C0
[6218] [M]: 0x80041F44 (0x00C0006F) jal zero, 12


mem[X,0x80041F50] -> 0x2E23
mem[X,0x80041F52] -> 0x1E31
[6219] [M]: 0x80041F50 (0x1E312E23) sw gp, 508(sp)
mem[0x8004AC60] <- 0x00000002


mem[X,0x80041F54] -> 0xB537
mem[X,0x80041F56] -> 0x0000
[6220] [M]: 0x80041F54 (0x0000B537) lui a0, 11
x10 <- 0x0000B000


mem[X,0x80041F58] -> 0x0513
mem[X,0x80041F5A] -> 0x5055
[6221] [M]: 0x80041F58 (0x50550513) addi a0, a0, 1285
x10 <- 0x0000B505


mem[X,0x80041F5C] -> 0x65B7
mem[X,0x80041F5E] -> 0x6666
[6222] [M]: 0x80041F5C (0x666665B7) lui a1, 419430
x11 <- 0x66666000


mem[X,0x80041F60] -> 0x8593
mem[X,0x80041F62] -> 0x6655
[6223] [M]: 0x80041F60 (0x66558593) addi a1, a1, 1637
x11 <- 0x66666665


mem[X,0x80041F64] -> 0x0193
mem[X,0x80041F66] -> 0x0000
[6224] [M]: 0x80041F64 (0x00000193) addi gp, zero, 0
x3 <- 0x00000000


mem[X,0x80041F68] -> 0x006F
mem[X,0x80041F6A] -> 0x0050
[6225] [M]: 0x80041F68 (0x0050006F) jal zero, 2052


mem[X,0x8004276C] -> 0x70E3
mem[X,0x8004276E] -> 0x80B5
[6226] [M]: 0x8004276C (0x80B570E3) bgeu a0, a1, 6144


mem[X,0x80042770] -> 0x8193
mem[X,0x80042772] -> 0x0021
[6227] [M]: 0x80042770 (0x00218193) addi gp, gp, 2
x3 <- 0x00000002


mem[X,0x80042774] -> 0x006F
mem[X,0x80042776] -> 0x00C0
[6228] [M]: 0x80042774 (0x00C0006F) jal zero, 12


mem[X,0x80042780] -> 0x2023
mem[X,0x80042782] -> 0x2031
[6229] [M]: 0x80042780 (0x20312023) sw gp, 512(sp)
mem[0x8004AC64] <- 0x00000002


mem[X,0x80042784] -> 0xB537
mem[X,0x80042786] -> 0x0000
[6230] [M]: 0x80042784 (0x0000B537) lui a0, 11
x10 <- 0x0000B000


mem[X,0x80042788] -> 0x0513
mem[X,0x8004278A] -> 0x5055
[6231] [M]: 0x80042788 (0x50550513) addi a0, a0, 1285
x10 <- 0x0000B505


mem[X,0x8004278C] -> 0xB5B7
mem[X,0x8004278E] -> 0x0000
[6232] [M]: 0x8004278C (0x0000B5B7) lui a1, 11
x11 <- 0x0000B000


mem[X,0x80042790] -> 0x8593
mem[X,0x80042792] -> 0x5035
[6233] [M]: 0x80042790 (0x50358593) addi a1, a1, 1283
x11 <- 0x0000B503


mem[X,0x80042794] -> 0x0193
mem[X,0x80042796] -> 0x0000
[6234] [M]: 0x80042794 (0x00000193) addi gp, zero, 0
x3 <- 0x00000000


mem[X,0x80042798] -> 0x006F
mem[X,0x8004279A] -> 0x0050
[6235] [M]: 0x80042798 (0x0050006F) jal zero, 2052


mem[X,0x80042F9C] -> 0x70E3
mem[X,0x80042F9E] -> 0x80B5
[6236] [M]: 0x80042F9C (0x80B570E3) bgeu a0, a1, 6144


mem[X,0x8004279C] -> 0x8193
mem[X,0x8004279E] -> 0x0011
[6237] [M]: 0x8004279C (0x00118193) addi gp, gp, 1
x3 <- 0x00000001


mem[X,0x800427A0] -> 0x006F
mem[X,0x800427A2] -> 0x0110
[6238] [M]: 0x800427A0 (0x0110006F) jal zero, 2064


mem[X,0x80042FB0] -> 0x2223
mem[X,0x80042FB2] -> 0x2031
[6239] [M]: 0x80042FB0 (0x20312223) sw gp, 516(sp)
mem[0x8004AC68] <- 0x00000001


mem[X,0x80042FB4] -> 0xB537
mem[X,0x80042FB6] -> 0x0000
[6240] [M]: 0x80042FB4 (0x0000B537) lui a0, 11
x10 <- 0x0000B000


mem[X,0x80042FB8] -> 0x0513
mem[X,0x80042FBA] -> 0x5055
[6241] [M]: 0x80042FB8 (0x50550513) addi a0, a0, 1285
x10 <- 0x0000B505


mem[X,0x80042FBC] -> 0x05B7
mem[X,0x80042FBE] -> 0x0001
[6242] [M]: 0x80042FBC (0x000105B7) lui a1, 16
x11 <- 0x00010000


mem[X,0x80042FC0] -> 0x8593
mem[X,0x80042FC2] -> 0xFFE5
[6243] [M]: 0x80042FC0 (0xFFE58593) addi a1, a1, 4094
x11 <- 0x0000FFFE


mem[X,0x80042FC4] -> 0x0193
mem[X,0x80042FC6] -> 0x0000
[6244] [M]: 0x80042FC4 (0x00000193) addi gp, zero, 0
x3 <- 0x00000000


mem[X,0x80042FC8] -> 0x006F
mem[X,0x80042FCA] -> 0x00C0
[6245] [M]: 0x80042FC8 (0x00C0006F) jal zero, 12


mem[X,0x80042FD4] -> 0x7063
mem[X,0x80042FD6] -> 0x02B5
[6246] [M]: 0x80042FD4 (0x02B57063) bgeu a0, a1, 32


mem[X,0x80042FD8] -> 0x8193
mem[X,0x80042FDA] -> 0x0021
[6247] [M]: 0x80042FD8 (0x00218193) addi gp, gp, 2
x3 <- 0x00000002


mem[X,0x80042FDC] -> 0x006F
mem[X,0x80042FDE] -> 0x0200
[6248] [M]: 0x80042FDC (0x0200006F) jal zero, 32


mem[X,0x80042FFC] -> 0x2423
mem[X,0x80042FFE] -> 0x2031
[6249] [M]: 0x80042FFC (0x20312423) sw gp, 520(sp)
mem[0x8004AC6C] <- 0x00000002


mem[X,0x80043000] -> 0xB537
mem[X,0x80043002] -> 0x0000
[6250] [M]: 0x80043000 (0x0000B537) lui a0, 11
x10 <- 0x0000B000


mem[X,0x80043004] -> 0x0513
mem[X,0x80043006] -> 0x5055
[6251] [M]: 0x80043004 (0x50550513) addi a0, a0, 1285
x10 <- 0x0000B505


mem[X,0x80043008] -> 0x55B7
mem[X,0x8004300A] -> 0x5555
[6252] [M]: 0x80043008 (0x555555B7) lui a1, 349525
x11 <- 0x55555000


mem[X,0x8004300C] -> 0x8593
mem[X,0x8004300E] -> 0x5565
[6253] [M]: 0x8004300C (0x55658593) addi a1, a1, 1366
x11 <- 0x55555556


mem[X,0x80043010] -> 0x0193
mem[X,0x80043012] -> 0x0000
[6254] [M]: 0x80043010 (0x00000193) addi gp, zero, 0
x3 <- 0x00000000


mem[X,0x80043014] -> 0x006F
mem[X,0x80043016] -> 0x00C0
[6255] [M]: 0x80043014 (0x00C0006F) jal zero, 12


mem[X,0x80043020] -> 0x7063
mem[X,0x80043022] -> 0x02B5
[6256] [M]: 0x80043020 (0x02B57063) bgeu a0, a1, 32


mem[X,0x80043024] -> 0x8193
mem[X,0x80043026] -> 0x0021
[6257] [M]: 0x80043024 (0x00218193) addi gp, gp, 2
x3 <- 0x00000002


mem[X,0x80043028] -> 0x006F
mem[X,0x8004302A] -> 0x0200
[6258] [M]: 0x80043028 (0x0200006F) jal zero, 32


mem[X,0x80043048] -> 0x2623
mem[X,0x8004304A] -> 0x2031
[6259] [M]: 0x80043048 (0x20312623) sw gp, 524(sp)
mem[0x8004AC70] <- 0x00000002


mem[X,0x8004304C] -> 0xB537
mem[X,0x8004304E] -> 0x0000
[6260] [M]: 0x8004304C (0x0000B537) lui a0, 11
x10 <- 0x0000B000


mem[X,0x80043050] -> 0x0513
mem[X,0x80043052] -> 0x5055
[6261] [M]: 0x80043050 (0x50550513) addi a0, a0, 1285
x10 <- 0x0000B505


mem[X,0x80043054] -> 0xB5B7
mem[X,0x80043056] -> 0xAAAA
[6262] [M]: 0x80043054 (0xAAAAB5B7) lui a1, 699051
x11 <- 0xAAAAB000


mem[X,0x80043058] -> 0x8593
mem[X,0x8004305A] -> 0xAAB5
[6263] [M]: 0x80043058 (0xAAB58593) addi a1, a1, 2731
x11 <- 0xAAAAAAAB


mem[X,0x8004305C] -> 0x0193
mem[X,0x8004305E] -> 0x0000
[6264] [M]: 0x8004305C (0x00000193) addi gp, zero, 0
x3 <- 0x00000000


mem[X,0x80043060] -> 0x006F
mem[X,0x80043062] -> 0x00C0
[6265] [M]: 0x80043060 (0x00C0006F) jal zero, 12


mem[X,0x8004306C] -> 0x7CE3
mem[X,0x8004306E] -> 0xFEB5
[6266] [M]: 0x8004306C (0xFEB57CE3) bgeu a0, a1, 8184


mem[X,0x80043070] -> 0x8193
mem[X,0x80043072] -> 0x0021
[6267] [M]: 0x80043070 (0x00218193) addi gp, gp, 2
x3 <- 0x00000002


mem[X,0x80043074] -> 0x006F
mem[X,0x80043076] -> 0x00C0
[6268] [M]: 0x80043074 (0x00C0006F) jal zero, 12


mem[X,0x80043080] -> 0x2823
mem[X,0x80043082] -> 0x2031
[6269] [M]: 0x80043080 (0x20312823) sw gp, 528(sp)
mem[0x8004AC74] <- 0x00000002


mem[X,0x80043084] -> 0xB537
mem[X,0x80043086] -> 0x0000
[6270] [M]: 0x80043084 (0x0000B537) lui a0, 11
x10 <- 0x0000B000


mem[X,0x80043088] -> 0x0513
mem[X,0x8004308A] -> 0x5055
[6271] [M]: 0x80043088 (0x50550513) addi a0, a0, 1285
x10 <- 0x0000B505


mem[X,0x8004308C] -> 0x0593
mem[X,0x8004308E] -> 0x0060
[6272] [M]: 0x8004308C (0x00600593) addi a1, zero, 6
x11 <- 0x00000006


mem[X,0x80043090] -> 0x0193
mem[X,0x80043092] -> 0x0000
[6273] [M]: 0x80043090 (0x00000193) addi gp, zero, 0
x3 <- 0x00000000


mem[X,0x80043094] -> 0x006F
mem[X,0x80043096] -> 0x00C0
[6274] [M]: 0x80043094 (0x00C0006F) jal zero, 12


mem[X,0x800430A0] -> 0x7CE3
mem[X,0x800430A2] -> 0xFEB5
[6275] [M]: 0x800430A0 (0xFEB57CE3) bgeu a0, a1, 8184


mem[X,0x80043098] -> 0x8193
mem[X,0x8004309A] -> 0x0011
[6276] [M]: 0x80043098 (0x00118193) addi gp, gp, 1
x3 <- 0x00000001


mem[X,0x8004309C] -> 0x006F
mem[X,0x8004309E] -> 0x0180
[6277] [M]: 0x8004309C (0x0180006F) jal zero, 24


mem[X,0x800430B4] -> 0x2A23
mem[X,0x800430B6] -> 0x2031
[6278] [M]: 0x800430B4 (0x20312A23) sw gp, 532(sp)
mem[0x8004AC78] <- 0x00000001


mem[X,0x800430B8] -> 0xB537
mem[X,0x800430BA] -> 0x0000
[6279] [M]: 0x800430B8 (0x0000B537) lui a0, 11
x10 <- 0x0000B000


mem[X,0x800430BC] -> 0x0513
mem[X,0x800430BE] -> 0x5055
[6280] [M]: 0x800430BC (0x50550513) addi a0, a0, 1285
x10 <- 0x0000B505


mem[X,0x800430C0] -> 0x35B7
mem[X,0x800430C2] -> 0x3333
[6281] [M]: 0x800430C0 (0x333335B7) lui a1, 209715
x11 <- 0x33333000


mem[X,0x800430C4] -> 0x8593
mem[X,0x800430C6] -> 0x3345
[6282] [M]: 0x800430C4 (0x33458593) addi a1, a1, 820
x11 <- 0x33333334


mem[X,0x800430C8] -> 0x0193
mem[X,0x800430CA] -> 0x0000
[6283] [M]: 0x800430C8 (0x00000193) addi gp, zero, 0
x3 <- 0x00000000


mem[X,0x800430CC] -> 0x006F
mem[X,0x800430CE] -> 0x00C0
[6284] [M]: 0x800430CC (0x00C0006F) jal zero, 12


mem[X,0x800430D8] -> 0x7663
mem[X,0x800430DA] -> 0x00B5
[6285] [M]: 0x800430D8 (0x00B57663) bgeu a0, a1, 12


mem[X,0x800430DC] -> 0x8193
mem[X,0x800430DE] -> 0x0021
[6286] [M]: 0x800430DC (0x00218193) addi gp, gp, 2
x3 <- 0x00000002


mem[X,0x800430E0] -> 0x006F
mem[X,0x800430E2] -> 0x00C0
[6287] [M]: 0x800430E0 (0x00C0006F) jal zero, 12


mem[X,0x800430EC] -> 0x2C23
mem[X,0x800430EE] -> 0x2031
[6288] [M]: 0x800430EC (0x20312C23) sw gp, 536(sp)
mem[0x8004AC7C] <- 0x00000002


mem[X,0x800430F0] -> 0xB537
mem[X,0x800430F2] -> 0x0000
[6289] [M]: 0x800430F0 (0x0000B537) lui a0, 11
x10 <- 0x0000B000


mem[X,0x800430F4] -> 0x0513
mem[X,0x800430F6] -> 0x5055
[6290] [M]: 0x800430F4 (0x50550513) addi a0, a0, 1285
x10 <- 0x0000B505


mem[X,0x800430F8] -> 0x65B7
mem[X,0x800430FA] -> 0x6666
[6291] [M]: 0x800430F8 (0x666665B7) lui a1, 419430
x11 <- 0x66666000


mem[X,0x800430FC] -> 0x8593
mem[X,0x800430FE] -> 0x6675
[6292] [M]: 0x800430FC (0x66758593) addi a1, a1, 1639
x11 <- 0x66666667


mem[X,0x80043100] -> 0x0193
mem[X,0x80043102] -> 0x0000
[6293] [M]: 0x80043100 (0x00000193) addi gp, zero, 0
x3 <- 0x00000000


mem[X,0x80043104] -> 0x006F
mem[X,0x80043106] -> 0x00C0
[6294] [M]: 0x80043104 (0x00C0006F) jal zero, 12


mem[X,0x80043110] -> 0x7063
mem[X,0x80043112] -> 0x04B5
[6295] [M]: 0x80043110 (0x04B57063) bgeu a0, a1, 64


mem[X,0x80043114] -> 0x8193
mem[X,0x80043116] -> 0x0021
[6296] [M]: 0x80043114 (0x00218193) addi gp, gp, 2
x3 <- 0x00000002


mem[X,0x80043118] -> 0x006F
mem[X,0x8004311A] -> 0x0400
[6297] [M]: 0x80043118 (0x0400006F) jal zero, 64


mem[X,0x80043158] -> 0x2E23
mem[X,0x8004315A] -> 0x2031
[6298] [M]: 0x80043158 (0x20312E23) sw gp, 540(sp)
mem[0x8004AC80] <- 0x00000002


mem[X,0x8004315C] -> 0xB537
mem[X,0x8004315E] -> 0x0000
[6299] [M]: 0x8004315C (0x0000B537) lui a0, 11
x10 <- 0x0000B000


clint::tick mtime <- 0x000000000000003F
 clint timer pending at mtime 0x000000000000003F
htif::tick 0x0000000000000000
mem[X,0x80043160] -> 0x0513
mem[X,0x80043162] -> 0x5055
[6300] [M]: 0x80043160 (0x50550513) addi a0, a0, 1285
x10 <- 0x0000B505


mem[X,0x80043164] -> 0xB5B7
mem[X,0x80043166] -> 0x0000
[6301] [M]: 0x80043164 (0x0000B5B7) lui a1, 11
x11 <- 0x0000B000


mem[X,0x80043168] -> 0x8593
mem[X,0x8004316A] -> 0x5055
[6302] [M]: 0x80043168 (0x50558593) addi a1, a1, 1285
x11 <- 0x0000B505


mem[X,0x8004316C] -> 0x0193
mem[X,0x8004316E] -> 0x0000
[6303] [M]: 0x8004316C (0x00000193) addi gp, zero, 0
x3 <- 0x00000000


mem[X,0x80043170] -> 0x006F
mem[X,0x80043172] -> 0x00C0
[6304] [M]: 0x80043170 (0x00C0006F) jal zero, 12


mem[X,0x8004317C] -> 0x7063
mem[X,0x8004317E] -> 0x08B5
[6305] [M]: 0x8004317C (0x08B57063) bgeu a0, a1, 128


mem[X,0x800431FC] -> 0x8193
mem[X,0x800431FE] -> 0x0031
[6306] [M]: 0x800431FC (0x00318193) addi gp, gp, 3
x3 <- 0x00000003


mem[X,0x80043200] -> 0x006F
mem[X,0x80043202] -> 0x0040
[6307] [M]: 0x80043200 (0x0040006F) jal zero, 4


mem[X,0x80043204] -> 0x2023
mem[X,0x80043206] -> 0x2231
[6308] [M]: 0x80043204 (0x22312023) sw gp, 544(sp)
mem[0x8004AC84] <- 0x00000003


mem[X,0x80043208] -> 0xB537
mem[X,0x8004320A] -> 0x0000
[6309] [M]: 0x80043208 (0x0000B537) lui a0, 11
x10 <- 0x0000B000


mem[X,0x8004320C] -> 0x0513
mem[X,0x8004320E] -> 0x5055
[6310] [M]: 0x8004320C (0x50550513) addi a0, a0, 1285
x10 <- 0x0000B505


mem[X,0x80043210] -> 0x0593
mem[X,0x80043212] -> 0x0010
[6311] [M]: 0x80043210 (0x00100593) addi a1, zero, 1
x11 <- 0x00000001


mem[X,0x80043214] -> 0x0193
mem[X,0x80043216] -> 0x0000
[6312] [M]: 0x80043214 (0x00000193) addi gp, zero, 0
x3 <- 0x00000000


mem[X,0x80043218] -> 0x006F
mem[X,0x8004321A] -> 0x00C0
[6313] [M]: 0x80043218 (0x00C0006F) jal zero, 12


mem[X,0x80043224] -> 0x7663
mem[X,0x80043226] -> 0x00B5
[6314] [M]: 0x80043224 (0x00B57663) bgeu a0, a1, 12


mem[X,0x80043230] -> 0x8193
mem[X,0x80043232] -> 0x0031
[6315] [M]: 0x80043230 (0x00318193) addi gp, gp, 3
x3 <- 0x00000003


mem[X,0x80043234] -> 0x006F
mem[X,0x80043236] -> 0x0040
[6316] [M]: 0x80043234 (0x0040006F) jal zero, 4


mem[X,0x80043238] -> 0x2223
mem[X,0x8004323A] -> 0x2231
[6317] [M]: 0x80043238 (0x22312223) sw gp, 548(sp)
mem[0x8004AC88] <- 0x00000003


mem[X,0x8004323C] -> 0xB537
mem[X,0x8004323E] -> 0x0000
[6318] [M]: 0x8004323C (0x0000B537) lui a0, 11
x10 <- 0x0000B000


mem[X,0x80043240] -> 0x0513
mem[X,0x80043242] -> 0x5055
[6319] [M]: 0x80043240 (0x50550513) addi a0, a0, 1285
x10 <- 0x0000B505


mem[X,0x80043244] -> 0x05B7
mem[X,0x80043246] -> 0x0001
[6320] [M]: 0x80043244 (0x000105B7) lui a1, 16
x11 <- 0x00010000


mem[X,0x80043248] -> 0x0193
mem[X,0x8004324A] -> 0x0000
[6321] [M]: 0x80043248 (0x00000193) addi gp, zero, 0
x3 <- 0x00000000


mem[X,0x8004324C] -> 0x006F
mem[X,0x8004324E] -> 0x0140
[6322] [M]: 0x8004324C (0x0140006F) jal zero, 20


mem[X,0x80043260] -> 0x78E3
mem[X,0x80043262] -> 0xFEB5
[6323] [M]: 0x80043260 (0xFEB578E3) bgeu a0, a1, 8176


mem[X,0x80043264] -> 0x8193
mem[X,0x80043266] -> 0x0021
[6324] [M]: 0x80043264 (0x00218193) addi gp, gp, 2
x3 <- 0x00000002


mem[X,0x80043268] -> 0x006F
mem[X,0x8004326A] -> 0x00C0
[6325] [M]: 0x80043268 (0x00C0006F) jal zero, 12


mem[X,0x80043274] -> 0x2423
mem[X,0x80043276] -> 0x2231
[6326] [M]: 0x80043274 (0x22312423) sw gp, 552(sp)
mem[0x8004AC8C] <- 0x00000002


mem[X,0x80043278] -> 0x0513
mem[X,0x8004327A] -> 0x0010
[6327] [M]: 0x80043278 (0x00100513) addi a0, zero, 1
x10 <- 0x00000001


mem[X,0x8004327C] -> 0x0593
mem[X,0x8004327E] -> 0x0030
[6328] [M]: 0x8004327C (0x00300593) addi a1, zero, 3
x11 <- 0x00000003


mem[X,0x80043280] -> 0x0193
mem[X,0x80043282] -> 0x0000
[6329] [M]: 0x80043280 (0x00000193) addi gp, zero, 0
x3 <- 0x00000000


mem[X,0x80043284] -> 0x006F
mem[X,0x80043286] -> 0x00C0
[6330] [M]: 0x80043284 (0x00C0006F) jal zero, 12


mem[X,0x80043290] -> 0x7CE3
mem[X,0x80043292] -> 0xFEB5
[6331] [M]: 0x80043290 (0xFEB57CE3) bgeu a0, a1, 8184


mem[X,0x80043294] -> 0x8193
mem[X,0x80043296] -> 0x0021
[6332] [M]: 0x80043294 (0x00218193) addi gp, gp, 2
x3 <- 0x00000002


mem[X,0x80043298] -> 0x006F
mem[X,0x8004329A] -> 0x00C0
[6333] [M]: 0x80043298 (0x00C0006F) jal zero, 12


mem[X,0x800432A4] -> 0x2623
mem[X,0x800432A6] -> 0x2231
[6334] [M]: 0x800432A4 (0x22312623) sw gp, 556(sp)
mem[0x8004AC90] <- 0x00000002


mem[X,0x800432A8] -> 0x0513
mem[X,0x800432AA] -> 0x0010
[6335] [M]: 0x800432A8 (0x00100513) addi a0, zero, 1
x10 <- 0x00000001


mem[X,0x800432AC] -> 0x55B7
mem[X,0x800432AE] -> 0x5555
[6336] [M]: 0x800432AC (0x555555B7) lui a1, 349525
x11 <- 0x55555000


mem[X,0x800432B0] -> 0x8593
mem[X,0x800432B2] -> 0x5555
[6337] [M]: 0x800432B0 (0x55558593) addi a1, a1, 1365
x11 <- 0x55555555


mem[X,0x800432B4] -> 0x0193
mem[X,0x800432B6] -> 0x0000
[6338] [M]: 0x800432B4 (0x00000193) addi gp, zero, 0
x3 <- 0x00000000


mem[X,0x800432B8] -> 0x006F
mem[X,0x800432BA] -> 0x0180
[6339] [M]: 0x800432B8 (0x0180006F) jal zero, 24


mem[X,0x800432D0] -> 0x76E3
mem[X,0x800432D2] -> 0xFEB5
[6340] [M]: 0x800432D0 (0xFEB576E3) bgeu a0, a1, 8172


mem[X,0x800432D4] -> 0x8193
mem[X,0x800432D6] -> 0x0021
[6341] [M]: 0x800432D4 (0x00218193) addi gp, gp, 2
x3 <- 0x00000002


mem[X,0x800432D8] -> 0x006F
mem[X,0x800432DA] -> 0x00C0
[6342] [M]: 0x800432D8 (0x00C0006F) jal zero, 12


mem[X,0x800432E4] -> 0x2823
mem[X,0x800432E6] -> 0x2231
[6343] [M]: 0x800432E4 (0x22312823) sw gp, 560(sp)
mem[0x8004AC94] <- 0x00000002


mem[X,0x800432E8] -> 0x0513
mem[X,0x800432EA] -> 0x0010
[6344] [M]: 0x800432E8 (0x00100513) addi a0, zero, 1
x10 <- 0x00000001


mem[X,0x800432EC] -> 0xB5B7
mem[X,0x800432EE] -> 0xAAAA
[6345] [M]: 0x800432EC (0xAAAAB5B7) lui a1, 699051
x11 <- 0xAAAAB000


mem[X,0x800432F0] -> 0x8593
mem[X,0x800432F2] -> 0xAAA5
[6346] [M]: 0x800432F0 (0xAAA58593) addi a1, a1, 2730
x11 <- 0xAAAAAAAA


mem[X,0x800432F4] -> 0x0193
mem[X,0x800432F6] -> 0x0000
[6347] [M]: 0x800432F4 (0x00000193) addi gp, zero, 0
x3 <- 0x00000000


mem[X,0x800432F8] -> 0x006F
mem[X,0x800432FA] -> 0x00C0
[6348] [M]: 0x800432F8 (0x00C0006F) jal zero, 12


mem[X,0x80043304] -> 0x7063
mem[X,0x80043306] -> 0x02B5
[6349] [M]: 0x80043304 (0x02B57063) bgeu a0, a1, 32


mem[X,0x80043308] -> 0x8193
mem[X,0x8004330A] -> 0x0021
[6350] [M]: 0x80043308 (0x00218193) addi gp, gp, 2
x3 <- 0x00000002


mem[X,0x8004330C] -> 0x006F
mem[X,0x8004330E] -> 0x0200
[6351] [M]: 0x8004330C (0x0200006F) jal zero, 32


mem[X,0x8004332C] -> 0x2A23
mem[X,0x8004332E] -> 0x2231
[6352] [M]: 0x8004332C (0x22312A23) sw gp, 564(sp)
mem[0x8004AC98] <- 0x00000002


mem[X,0x80043330] -> 0x0513
mem[X,0x80043332] -> 0x0010
[6353] [M]: 0x80043330 (0x00100513) addi a0, zero, 1
x10 <- 0x00000001


mem[X,0x80043334] -> 0x0593
mem[X,0x80043336] -> 0x0050
[6354] [M]: 0x80043334 (0x00500593) addi a1, zero, 5
x11 <- 0x00000005


mem[X,0x80043338] -> 0x0193
mem[X,0x8004333A] -> 0x0000
[6355] [M]: 0x80043338 (0x00000193) addi gp, zero, 0
x3 <- 0x00000000


mem[X,0x8004333C] -> 0x006F
mem[X,0x8004333E] -> 0x00C0
[6356] [M]: 0x8004333C (0x00C0006F) jal zero, 12


mem[X,0x80043348] -> 0x7063
mem[X,0x8004334A] -> 0x04B5
[6357] [M]: 0x80043348 (0x04B57063) bgeu a0, a1, 64


mem[X,0x8004334C] -> 0x8193
mem[X,0x8004334E] -> 0x0021
[6358] [M]: 0x8004334C (0x00218193) addi gp, gp, 2
x3 <- 0x00000002


mem[X,0x80043350] -> 0x006F
mem[X,0x80043352] -> 0x0400
[6359] [M]: 0x80043350 (0x0400006F) jal zero, 64


mem[X,0x80043390] -> 0x2C23
mem[X,0x80043392] -> 0x2231
[6360] [M]: 0x80043390 (0x22312C23) sw gp, 568(sp)
mem[0x8004AC9C] <- 0x00000002


mem[X,0x80043394] -> 0x0513
mem[X,0x80043396] -> 0x0010
[6361] [M]: 0x80043394 (0x00100513) addi a0, zero, 1
x10 <- 0x00000001


mem[X,0x80043398] -> 0x35B7
mem[X,0x8004339A] -> 0x3333
[6362] [M]: 0x80043398 (0x333335B7) lui a1, 209715
x11 <- 0x33333000


mem[X,0x8004339C] -> 0x8593
mem[X,0x8004339E] -> 0x3335
[6363] [M]: 0x8004339C (0x33358593) addi a1, a1, 819
x11 <- 0x33333333


mem[X,0x800433A0] -> 0x0193
mem[X,0x800433A2] -> 0x0000
[6364] [M]: 0x800433A0 (0x00000193) addi gp, zero, 0
x3 <- 0x00000000


mem[X,0x800433A4] -> 0x006F
mem[X,0x800433A6] -> 0x00C0
[6365] [M]: 0x800433A4 (0x00C0006F) jal zero, 12


mem[X,0x800433B0] -> 0x7663
mem[X,0x800433B2] -> 0x00B5
[6366] [M]: 0x800433B0 (0x00B57663) bgeu a0, a1, 12


mem[X,0x800433B4] -> 0x8193
mem[X,0x800433B6] -> 0x0021
[6367] [M]: 0x800433B4 (0x00218193) addi gp, gp, 2
x3 <- 0x00000002


mem[X,0x800433B8] -> 0x006F
mem[X,0x800433BA] -> 0x00C0
[6368] [M]: 0x800433B8 (0x00C0006F) jal zero, 12


mem[X,0x800433C4] -> 0x2E23
mem[X,0x800433C6] -> 0x2231
[6369] [M]: 0x800433C4 (0x22312E23) sw gp, 572(sp)
mem[0x8004ACA0] <- 0x00000002


mem[X,0x800433C8] -> 0x0513
mem[X,0x800433CA] -> 0x0010
[6370] [M]: 0x800433C8 (0x00100513) addi a0, zero, 1
x10 <- 0x00000001


mem[X,0x800433CC] -> 0x65B7
mem[X,0x800433CE] -> 0x6666
[6371] [M]: 0x800433CC (0x666665B7) lui a1, 419430
x11 <- 0x66666000


mem[X,0x800433D0] -> 0x8593
mem[X,0x800433D2] -> 0x6665
[6372] [M]: 0x800433D0 (0x66658593) addi a1, a1, 1638
x11 <- 0x66666666


mem[X,0x800433D4] -> 0x0193
mem[X,0x800433D6] -> 0x0000
[6373] [M]: 0x800433D4 (0x00000193) addi gp, zero, 0
x3 <- 0x00000000


mem[X,0x800433D8] -> 0x006F
mem[X,0x800433DA] -> 0x00C0
[6374] [M]: 0x800433D8 (0x00C0006F) jal zero, 12


mem[X,0x800433E4] -> 0x7CE3
mem[X,0x800433E6] -> 0xFEB5
[6375] [M]: 0x800433E4 (0xFEB57CE3) bgeu a0, a1, 8184


mem[X,0x800433E8] -> 0x8193
mem[X,0x800433EA] -> 0x0021
[6376] [M]: 0x800433E8 (0x00218193) addi gp, gp, 2
x3 <- 0x00000002


mem[X,0x800433EC] -> 0x006F
mem[X,0x800433EE] -> 0x00C0
[6377] [M]: 0x800433EC (0x00C0006F) jal zero, 12


mem[X,0x800433F8] -> 0x2023
mem[X,0x800433FA] -> 0x2431
[6378] [M]: 0x800433F8 (0x24312023) sw gp, 576(sp)
mem[0x8004ACA4] <- 0x00000002


mem[X,0x800433FC] -> 0x0513
mem[X,0x800433FE] -> 0x0010
[6379] [M]: 0x800433FC (0x00100513) addi a0, zero, 1
x10 <- 0x00000001


mem[X,0x80043400] -> 0xB5B7
mem[X,0x80043402] -> 0x0000
[6380] [M]: 0x80043400 (0x0000B5B7) lui a1, 11
x11 <- 0x0000B000


mem[X,0x80043404] -> 0x8593
mem[X,0x80043406] -> 0x5045
[6381] [M]: 0x80043404 (0x50458593) addi a1, a1, 1284
x11 <- 0x0000B504


mem[X,0x80043408] -> 0x0193
mem[X,0x8004340A] -> 0x0000
[6382] [M]: 0x80043408 (0x00000193) addi gp, zero, 0
x3 <- 0x00000000


mem[X,0x8004340C] -> 0x006F
mem[X,0x8004340E] -> 0x00C0
[6383] [M]: 0x8004340C (0x00C0006F) jal zero, 12


mem[X,0x80043418] -> 0x7063
mem[X,0x8004341A] -> 0x10B5
[6384] [M]: 0x80043418 (0x10B57063) bgeu a0, a1, 256


mem[X,0x8004341C] -> 0x8193
mem[X,0x8004341E] -> 0x0021
[6385] [M]: 0x8004341C (0x00218193) addi gp, gp, 2
x3 <- 0x00000002


mem[X,0x80043420] -> 0x006F
mem[X,0x80043422] -> 0x1000
[6386] [M]: 0x80043420 (0x1000006F) jal zero, 256


mem[X,0x80043520] -> 0x2223
mem[X,0x80043522] -> 0x2431
[6387] [M]: 0x80043520 (0x24312223) sw gp, 580(sp)
mem[0x8004ACA8] <- 0x00000002


mem[X,0x80043524] -> 0x0513
mem[X,0x80043526] -> 0x0010
[6388] [M]: 0x80043524 (0x00100513) addi a0, zero, 1
x10 <- 0x00000001


mem[X,0x80043528] -> 0x0593
mem[X,0x8004352A] -> 0x0000
[6389] [M]: 0x80043528 (0x00000593) addi a1, zero, 0
x11 <- 0x00000000


mem[X,0x8004352C] -> 0x0193
mem[X,0x8004352E] -> 0x0000
[6390] [M]: 0x8004352C (0x00000193) addi gp, zero, 0
x3 <- 0x00000000


mem[X,0x80043530] -> 0x006F
mem[X,0x80043532] -> 0x2B10
[6391] [M]: 0x80043530 (0x2B10006F) jal zero, 2736


mem[X,0x80043FE0] -> 0x7A63
mem[X,0x80043FE2] -> 0xD4B5
[6392] [M]: 0x80043FE0 (0xD4B57A63) bgeu a0, a1, 5460


mem[X,0x80043534] -> 0x8193
mem[X,0x80043536] -> 0x0011
[6393] [M]: 0x80043534 (0x00118193) addi gp, gp, 1
x3 <- 0x00000001


mem[X,0x80043538] -> 0x006F
mem[X,0x8004353A] -> 0x2BD0
[6394] [M]: 0x80043538 (0x2BD0006F) jal zero, 2748


mem[X,0x80043FF4] -> 0x2423
mem[X,0x80043FF6] -> 0x2431
[6395] [M]: 0x80043FF4 (0x24312423) sw gp, 584(sp)
mem[0x8004ACAC] <- 0x00000001


mem[X,0x80043FF8] -> 0x0513
mem[X,0x80043FFA] -> 0x0010
[6396] [M]: 0x80043FF8 (0x00100513) addi a0, zero, 1
x10 <- 0x00000001


mem[X,0x80043FFC] -> 0x05B7
mem[X,0x80043FFE] -> 0x0001
[6397] [M]: 0x80043FFC (0x000105B7) lui a1, 16
x11 <- 0x00010000


mem[X,0x80044000] -> 0x8593
mem[X,0x80044002] -> 0xFFF5
[6398] [M]: 0x80044000 (0xFFF58593) addi a1, a1, 4095
x11 <- 0x0000FFFF


mem[X,0x80044004] -> 0x0193
mem[X,0x80044006] -> 0x0000
[6399] [M]: 0x80044004 (0x00000193) addi gp, zero, 0
x3 <- 0x00000000


clint::tick mtime <- 0x0000000000000040
 clint timer pending at mtime 0x0000000000000040
htif::tick 0x0000000000000000
mem[X,0x80044008] -> 0x006F
mem[X,0x8004400A] -> 0x00C0
[6400] [M]: 0x80044008 (0x00C0006F) jal zero, 12


mem[X,0x80044014] -> 0x7663
mem[X,0x80044016] -> 0x00B5
[6401] [M]: 0x80044014 (0x00B57663) bgeu a0, a1, 12


mem[X,0x80044018] -> 0x8193
mem[X,0x8004401A] -> 0x0021
[6402] [M]: 0x80044018 (0x00218193) addi gp, gp, 2
x3 <- 0x00000002


mem[X,0x8004401C] -> 0x006F
mem[X,0x8004401E] -> 0x00C0
[6403] [M]: 0x8004401C (0x00C0006F) jal zero, 12


mem[X,0x80044028] -> 0x2623
mem[X,0x8004402A] -> 0x2431
[6404] [M]: 0x80044028 (0x24312623) sw gp, 588(sp)
mem[0x8004ACB0] <- 0x00000002


mem[X,0x8004402C] -> 0x0513
mem[X,0x8004402E] -> 0x0010
[6405] [M]: 0x8004402C (0x00100513) addi a0, zero, 1
x10 <- 0x00000001


mem[X,0x80044030] -> 0x0593
mem[X,0x80044032] -> 0x0020
[6406] [M]: 0x80044030 (0x00200593) addi a1, zero, 2
x11 <- 0x00000002


mem[X,0x80044034] -> 0x0193
mem[X,0x80044036] -> 0x0000
[6407] [M]: 0x80044034 (0x00000193) addi gp, zero, 0
x3 <- 0x00000000


mem[X,0x80044038] -> 0x006F
mem[X,0x8004403A] -> 0x00C0
[6408] [M]: 0x80044038 (0x00C0006F) jal zero, 12


mem[X,0x80044044] -> 0x7063
mem[X,0x80044046] -> 0x10B5
[6409] [M]: 0x80044044 (0x10B57063) bgeu a0, a1, 256


mem[X,0x80044048] -> 0x8193
mem[X,0x8004404A] -> 0x0021
[6410] [M]: 0x80044048 (0x00218193) addi gp, gp, 2
x3 <- 0x00000002


mem[X,0x8004404C] -> 0x006F
mem[X,0x8004404E] -> 0x1000
[6411] [M]: 0x8004404C (0x1000006F) jal zero, 256


mem[X,0x8004414C] -> 0x2823
mem[X,0x8004414E] -> 0x2431
[6412] [M]: 0x8004414C (0x24312823) sw gp, 592(sp)
mem[0x8004ACB4] <- 0x00000002


mem[X,0x80044150] -> 0x0513
mem[X,0x80044152] -> 0x0010
[6413] [M]: 0x80044150 (0x00100513) addi a0, zero, 1
x10 <- 0x00000001


mem[X,0x80044154] -> 0x55B7
mem[X,0x80044156] -> 0x5555
[6414] [M]: 0x80044154 (0x555555B7) lui a1, 349525
x11 <- 0x55555000


mem[X,0x80044158] -> 0x8593
mem[X,0x8004415A] -> 0x5545
[6415] [M]: 0x80044158 (0x55458593) addi a1, a1, 1364
x11 <- 0x55555554


mem[X,0x8004415C] -> 0x0193
mem[X,0x8004415E] -> 0x0000
[6416] [M]: 0x8004415C (0x00000193) addi gp, zero, 0
x3 <- 0x00000000


mem[X,0x80044160] -> 0x006F
mem[X,0x80044162] -> 0x00C0
[6417] [M]: 0x80044160 (0x00C0006F) jal zero, 12


mem[X,0x8004416C] -> 0x7663
mem[X,0x8004416E] -> 0x00B5
[6418] [M]: 0x8004416C (0x00B57663) bgeu a0, a1, 12


mem[X,0x80044170] -> 0x8193
mem[X,0x80044172] -> 0x0021
[6419] [M]: 0x80044170 (0x00218193) addi gp, gp, 2
x3 <- 0x00000002


mem[X,0x80044174] -> 0x006F
mem[X,0x80044176] -> 0x00C0
[6420] [M]: 0x80044174 (0x00C0006F) jal zero, 12


mem[X,0x80044180] -> 0x2A23
mem[X,0x80044182] -> 0x2431
[6421] [M]: 0x80044180 (0x24312A23) sw gp, 596(sp)
mem[0x8004ACB8] <- 0x00000002


mem[X,0x80044184] -> 0x0513
mem[X,0x80044186] -> 0x0010
[6422] [M]: 0x80044184 (0x00100513) addi a0, zero, 1
x10 <- 0x00000001


mem[X,0x80044188] -> 0xB5B7
mem[X,0x8004418A] -> 0xAAAA
[6423] [M]: 0x80044188 (0xAAAAB5B7) lui a1, 699051
x11 <- 0xAAAAB000


mem[X,0x8004418C] -> 0x8593
mem[X,0x8004418E] -> 0xAA95
[6424] [M]: 0x8004418C (0xAA958593) addi a1, a1, 2729
x11 <- 0xAAAAAAA9


mem[X,0x80044190] -> 0x0193
mem[X,0x80044192] -> 0x0000
[6425] [M]: 0x80044190 (0x00000193) addi gp, zero, 0
x3 <- 0x00000000


mem[X,0x80044194] -> 0x006F
mem[X,0x80044196] -> 0x0050
[6426] [M]: 0x80044194 (0x0050006F) jal zero, 2052


mem[X,0x80044998] -> 0x70E3
mem[X,0x8004499A] -> 0x80B5
[6427] [M]: 0x80044998 (0x80B570E3) bgeu a0, a1, 6144


mem[X,0x8004499C] -> 0x8193
mem[X,0x8004499E] -> 0x0021
[6428] [M]: 0x8004499C (0x00218193) addi gp, gp, 2
x3 <- 0x00000002


mem[X,0x800449A0] -> 0x006F
mem[X,0x800449A2] -> 0x00C0
[6429] [M]: 0x800449A0 (0x00C0006F) jal zero, 12


mem[X,0x800449AC] -> 0x2C23
mem[X,0x800449AE] -> 0x2431
[6430] [M]: 0x800449AC (0x24312C23) sw gp, 600(sp)
mem[0x8004ACBC] <- 0x00000002


mem[X,0x800449B0] -> 0x0513
mem[X,0x800449B2] -> 0x0010
[6431] [M]: 0x800449B0 (0x00100513) addi a0, zero, 1
x10 <- 0x00000001


mem[X,0x800449B4] -> 0x0593
mem[X,0x800449B6] -> 0x0040
[6432] [M]: 0x800449B4 (0x00400593) addi a1, zero, 4
x11 <- 0x00000004


mem[X,0x800449B8] -> 0x0193
mem[X,0x800449BA] -> 0x0000
[6433] [M]: 0x800449B8 (0x00000193) addi gp, zero, 0
x3 <- 0x00000000


mem[X,0x800449BC] -> 0x006F
mem[X,0x800449BE] -> 0x00C0
[6434] [M]: 0x800449BC (0x00C0006F) jal zero, 12


mem[X,0x800449C8] -> 0x7063
mem[X,0x800449CA] -> 0x08B5
[6435] [M]: 0x800449C8 (0x08B57063) bgeu a0, a1, 128


mem[X,0x800449CC] -> 0x8193
mem[X,0x800449CE] -> 0x0021
[6436] [M]: 0x800449CC (0x00218193) addi gp, gp, 2
x3 <- 0x00000002


mem[X,0x800449D0] -> 0x006F
mem[X,0x800449D2] -> 0x0800
[6437] [M]: 0x800449D0 (0x0800006F) jal zero, 128


mem[X,0x80044A50] -> 0x2E23
mem[X,0x80044A52] -> 0x2431
[6438] [M]: 0x80044A50 (0x24312E23) sw gp, 604(sp)
mem[0x8004ACC0] <- 0x00000002


mem[X,0x80044A54] -> 0x0513
mem[X,0x80044A56] -> 0x0010
[6439] [M]: 0x80044A54 (0x00100513) addi a0, zero, 1
x10 <- 0x00000001


mem[X,0x80044A58] -> 0x35B7
mem[X,0x80044A5A] -> 0x3333
[6440] [M]: 0x80044A58 (0x333335B7) lui a1, 209715
x11 <- 0x33333000


mem[X,0x80044A5C] -> 0x8593
mem[X,0x80044A5E] -> 0x3325
[6441] [M]: 0x80044A5C (0x33258593) addi a1, a1, 818
x11 <- 0x33333332


mem[X,0x80044A60] -> 0x0193
mem[X,0x80044A62] -> 0x0000
[6442] [M]: 0x80044A60 (0x00000193) addi gp, zero, 0
x3 <- 0x00000000


mem[X,0x80044A64] -> 0x006F
mem[X,0x80044A66] -> 0x00C0
[6443] [M]: 0x80044A64 (0x00C0006F) jal zero, 12


mem[X,0x80044A70] -> 0x7063
mem[X,0x80044A72] -> 0x40B5
[6444] [M]: 0x80044A70 (0x40B57063) bgeu a0, a1, 1024


mem[X,0x80044A74] -> 0x8193
mem[X,0x80044A76] -> 0x0021
[6445] [M]: 0x80044A74 (0x00218193) addi gp, gp, 2
x3 <- 0x00000002


mem[X,0x80044A78] -> 0x006F
mem[X,0x80044A7A] -> 0x4000
[6446] [M]: 0x80044A78 (0x4000006F) jal zero, 1024


mem[X,0x80044E78] -> 0x2023
mem[X,0x80044E7A] -> 0x2631
[6447] [M]: 0x80044E78 (0x26312023) sw gp, 608(sp)
mem[0x8004ACC4] <- 0x00000002


mem[X,0x80044E7C] -> 0x0513
mem[X,0x80044E7E] -> 0x0010
[6448] [M]: 0x80044E7C (0x00100513) addi a0, zero, 1
x10 <- 0x00000001


mem[X,0x80044E80] -> 0x65B7
mem[X,0x80044E82] -> 0x6666
[6449] [M]: 0x80044E80 (0x666665B7) lui a1, 419430
x11 <- 0x66666000


mem[X,0x80044E84] -> 0x8593
mem[X,0x80044E86] -> 0x6655
[6450] [M]: 0x80044E84 (0x66558593) addi a1, a1, 1637
x11 <- 0x66666665


mem[X,0x80044E88] -> 0x0193
mem[X,0x80044E8A] -> 0x0000
[6451] [M]: 0x80044E88 (0x00000193) addi gp, zero, 0
x3 <- 0x00000000


mem[X,0x80044E8C] -> 0x006F
mem[X,0x80044E8E] -> 0x00C0
[6452] [M]: 0x80044E8C (0x00C0006F) jal zero, 12


mem[X,0x80044E98] -> 0x7063
mem[X,0x80044E9A] -> 0x10B5
[6453] [M]: 0x80044E98 (0x10B57063) bgeu a0, a1, 256


mem[X,0x80044E9C] -> 0x8193
mem[X,0x80044E9E] -> 0x0021
[6454] [M]: 0x80044E9C (0x00218193) addi gp, gp, 2
x3 <- 0x00000002


mem[X,0x80044EA0] -> 0x006F
mem[X,0x80044EA2] -> 0x1000
[6455] [M]: 0x80044EA0 (0x1000006F) jal zero, 256


mem[X,0x80044FA0] -> 0x2223
mem[X,0x80044FA2] -> 0x2631
[6456] [M]: 0x80044FA0 (0x26312223) sw gp, 612(sp)
mem[0x8004ACC8] <- 0x00000002


mem[X,0x80044FA4] -> 0x0513
mem[X,0x80044FA6] -> 0x0010
[6457] [M]: 0x80044FA4 (0x00100513) addi a0, zero, 1
x10 <- 0x00000001


mem[X,0x80044FA8] -> 0xB5B7
mem[X,0x80044FAA] -> 0x0000
[6458] [M]: 0x80044FA8 (0x0000B5B7) lui a1, 11
x11 <- 0x0000B000


mem[X,0x80044FAC] -> 0x8593
mem[X,0x80044FAE] -> 0x5035
[6459] [M]: 0x80044FAC (0x50358593) addi a1, a1, 1283
x11 <- 0x0000B503


mem[X,0x80044FB0] -> 0x0193
mem[X,0x80044FB2] -> 0x0000
[6460] [M]: 0x80044FB0 (0x00000193) addi gp, zero, 0
x3 <- 0x00000000


mem[X,0x80044FB4] -> 0x006F
mem[X,0x80044FB6] -> 0x00C0
[6461] [M]: 0x80044FB4 (0x00C0006F) jal zero, 12


mem[X,0x80044FC0] -> 0x7063
mem[X,0x80044FC2] -> 0x20B5
[6462] [M]: 0x80044FC0 (0x20B57063) bgeu a0, a1, 512


mem[X,0x80044FC4] -> 0x8193
mem[X,0x80044FC6] -> 0x0021
[6463] [M]: 0x80044FC4 (0x00218193) addi gp, gp, 2
x3 <- 0x00000002


mem[X,0x80044FC8] -> 0x006F
mem[X,0x80044FCA] -> 0x2000
[6464] [M]: 0x80044FC8 (0x2000006F) jal zero, 512


mem[X,0x800451C8] -> 0x2423
mem[X,0x800451CA] -> 0x2631
[6465] [M]: 0x800451C8 (0x26312423) sw gp, 616(sp)
mem[0x8004ACCC] <- 0x00000002


mem[X,0x800451CC] -> 0x0513
mem[X,0x800451CE] -> 0x0010
[6466] [M]: 0x800451CC (0x00100513) addi a0, zero, 1
x10 <- 0x00000001


mem[X,0x800451D0] -> 0x05B7
mem[X,0x800451D2] -> 0x0001
[6467] [M]: 0x800451D0 (0x000105B7) lui a1, 16
x11 <- 0x00010000


mem[X,0x800451D4] -> 0x8593
mem[X,0x800451D6] -> 0xFFE5
[6468] [M]: 0x800451D4 (0xFFE58593) addi a1, a1, 4094
x11 <- 0x0000FFFE


mem[X,0x800451D8] -> 0x0193
mem[X,0x800451DA] -> 0x0000
[6469] [M]: 0x800451D8 (0x00000193) addi gp, zero, 0
x3 <- 0x00000000


mem[X,0x800451DC] -> 0x006F
mem[X,0x800451DE] -> 0x0140
[6470] [M]: 0x800451DC (0x0140006F) jal zero, 20


mem[X,0x800451F0] -> 0x78E3
mem[X,0x800451F2] -> 0xFEB5
[6471] [M]: 0x800451F0 (0xFEB578E3) bgeu a0, a1, 8176


mem[X,0x800451F4] -> 0x8193
mem[X,0x800451F6] -> 0x0021
[6472] [M]: 0x800451F4 (0x00218193) addi gp, gp, 2
x3 <- 0x00000002


mem[X,0x800451F8] -> 0x006F
mem[X,0x800451FA] -> 0x00C0
[6473] [M]: 0x800451F8 (0x00C0006F) jal zero, 12


mem[X,0x80045204] -> 0x2623
mem[X,0x80045206] -> 0x2631
[6474] [M]: 0x80045204 (0x26312623) sw gp, 620(sp)
mem[0x8004ACD0] <- 0x00000002


mem[X,0x80045208] -> 0x0513
mem[X,0x8004520A] -> 0x0010
[6475] [M]: 0x80045208 (0x00100513) addi a0, zero, 1
x10 <- 0x00000001


mem[X,0x8004520C] -> 0x55B7
mem[X,0x8004520E] -> 0x5555
[6476] [M]: 0x8004520C (0x555555B7) lui a1, 349525
x11 <- 0x55555000


mem[X,0x80045210] -> 0x8593
mem[X,0x80045212] -> 0x5565
[6477] [M]: 0x80045210 (0x55658593) addi a1, a1, 1366
x11 <- 0x55555556


mem[X,0x80045214] -> 0x0193
mem[X,0x80045216] -> 0x0000
[6478] [M]: 0x80045214 (0x00000193) addi gp, zero, 0
x3 <- 0x00000000


mem[X,0x80045218] -> 0x006F
mem[X,0x8004521A] -> 0x00C0
[6479] [M]: 0x80045218 (0x00C0006F) jal zero, 12


mem[X,0x80045224] -> 0x7063
mem[X,0x80045226] -> 0x08B5
[6480] [M]: 0x80045224 (0x08B57063) bgeu a0, a1, 128


mem[X,0x80045228] -> 0x8193
mem[X,0x8004522A] -> 0x0021
[6481] [M]: 0x80045228 (0x00218193) addi gp, gp, 2
x3 <- 0x00000002


mem[X,0x8004522C] -> 0x006F
mem[X,0x8004522E] -> 0x0800
[6482] [M]: 0x8004522C (0x0800006F) jal zero, 128


mem[X,0x800452AC] -> 0x2823
mem[X,0x800452AE] -> 0x2631
[6483] [M]: 0x800452AC (0x26312823) sw gp, 624(sp)
mem[0x8004ACD4] <- 0x00000002


mem[X,0x800452B0] -> 0x0513
mem[X,0x800452B2] -> 0x0010
[6484] [M]: 0x800452B0 (0x00100513) addi a0, zero, 1
x10 <- 0x00000001


mem[X,0x800452B4] -> 0xB5B7
mem[X,0x800452B6] -> 0xAAAA
[6485] [M]: 0x800452B4 (0xAAAAB5B7) lui a1, 699051
x11 <- 0xAAAAB000


mem[X,0x800452B8] -> 0x8593
mem[X,0x800452BA] -> 0xAAB5
[6486] [M]: 0x800452B8 (0xAAB58593) addi a1, a1, 2731
x11 <- 0xAAAAAAAB


mem[X,0x800452BC] -> 0x0193
mem[X,0x800452BE] -> 0x0000
[6487] [M]: 0x800452BC (0x00000193) addi gp, zero, 0
x3 <- 0x00000000


mem[X,0x800452C0] -> 0x006F
mem[X,0x800452C2] -> 0x00C0
[6488] [M]: 0x800452C0 (0x00C0006F) jal zero, 12


mem[X,0x800452CC] -> 0x7663
mem[X,0x800452CE] -> 0x00B5
[6489] [M]: 0x800452CC (0x00B57663) bgeu a0, a1, 12


mem[X,0x800452D0] -> 0x8193
mem[X,0x800452D2] -> 0x0021
[6490] [M]: 0x800452D0 (0x00218193) addi gp, gp, 2
x3 <- 0x00000002


mem[X,0x800452D4] -> 0x006F
mem[X,0x800452D6] -> 0x00C0
[6491] [M]: 0x800452D4 (0x00C0006F) jal zero, 12


mem[X,0x800452E0] -> 0x2A23
mem[X,0x800452E2] -> 0x2631
[6492] [M]: 0x800452E0 (0x26312A23) sw gp, 628(sp)
mem[0x8004ACD8] <- 0x00000002


mem[X,0x800452E4] -> 0x0513
mem[X,0x800452E6] -> 0x0010
[6493] [M]: 0x800452E4 (0x00100513) addi a0, zero, 1
x10 <- 0x00000001


mem[X,0x800452E8] -> 0x0593
mem[X,0x800452EA] -> 0x0060
[6494] [M]: 0x800452E8 (0x00600593) addi a1, zero, 6
x11 <- 0x00000006


mem[X,0x800452EC] -> 0x0193
mem[X,0x800452EE] -> 0x0000
[6495] [M]: 0x800452EC (0x00000193) addi gp, zero, 0
x3 <- 0x00000000


mem[X,0x800452F0] -> 0x006F
mem[X,0x800452F2] -> 0x00C0
[6496] [M]: 0x800452F0 (0x00C0006F) jal zero, 12


mem[X,0x800452FC] -> 0x7063
mem[X,0x800452FE] -> 0x02B5
[6497] [M]: 0x800452FC (0x02B57063) bgeu a0, a1, 32


mem[X,0x80045300] -> 0x8193
mem[X,0x80045302] -> 0x0021
[6498] [M]: 0x80045300 (0x00218193) addi gp, gp, 2
x3 <- 0x00000002


mem[X,0x80045304] -> 0x006F
mem[X,0x80045306] -> 0x0200
[6499] [M]: 0x80045304 (0x0200006F) jal zero, 32


clint::tick mtime <- 0x0000000000000041
 clint timer pending at mtime 0x0000000000000041
htif::tick 0x0000000000000000
mem[X,0x80045324] -> 0x2C23
mem[X,0x80045326] -> 0x2631
[6500] [M]: 0x80045324 (0x26312C23) sw gp, 632(sp)
mem[0x8004ACDC] <- 0x00000002


mem[X,0x80045328] -> 0x0513
mem[X,0x8004532A] -> 0x0010
[6501] [M]: 0x80045328 (0x00100513) addi a0, zero, 1
x10 <- 0x00000001


mem[X,0x8004532C] -> 0x35B7
mem[X,0x8004532E] -> 0x3333
[6502] [M]: 0x8004532C (0x333335B7) lui a1, 209715
x11 <- 0x33333000


mem[X,0x80045330] -> 0x8593
mem[X,0x80045332] -> 0x3345
[6503] [M]: 0x80045330 (0x33458593) addi a1, a1, 820
x11 <- 0x33333334


mem[X,0x80045334] -> 0x0193
mem[X,0x80045336] -> 0x0000
[6504] [M]: 0x80045334 (0x00000193) addi gp, zero, 0
x3 <- 0x00000000


mem[X,0x80045338] -> 0x006F
mem[X,0x8004533A] -> 0x00C0
[6505] [M]: 0x80045338 (0x00C0006F) jal zero, 12


mem[X,0x80045344] -> 0x7663
mem[X,0x80045346] -> 0x00B5
[6506] [M]: 0x80045344 (0x00B57663) bgeu a0, a1, 12


mem[X,0x80045348] -> 0x8193
mem[X,0x8004534A] -> 0x0021
[6507] [M]: 0x80045348 (0x00218193) addi gp, gp, 2
x3 <- 0x00000002


mem[X,0x8004534C] -> 0x006F
mem[X,0x8004534E] -> 0x00C0
[6508] [M]: 0x8004534C (0x00C0006F) jal zero, 12


mem[X,0x80045358] -> 0x2E23
mem[X,0x8004535A] -> 0x2631
[6509] [M]: 0x80045358 (0x26312E23) sw gp, 636(sp)
mem[0x8004ACE0] <- 0x00000002


mem[X,0x8004535C] -> 0x0513
mem[X,0x8004535E] -> 0x0010
[6510] [M]: 0x8004535C (0x00100513) addi a0, zero, 1
x10 <- 0x00000001


mem[X,0x80045360] -> 0x65B7
mem[X,0x80045362] -> 0x6666
[6511] [M]: 0x80045360 (0x666665B7) lui a1, 419430
x11 <- 0x66666000


mem[X,0x80045364] -> 0x8593
mem[X,0x80045366] -> 0x6675
[6512] [M]: 0x80045364 (0x66758593) addi a1, a1, 1639
x11 <- 0x66666667


mem[X,0x80045368] -> 0x0193
mem[X,0x8004536A] -> 0x0000
[6513] [M]: 0x80045368 (0x00000193) addi gp, zero, 0
x3 <- 0x00000000


mem[X,0x8004536C] -> 0x006F
mem[X,0x8004536E] -> 0x00C0
[6514] [M]: 0x8004536C (0x00C0006F) jal zero, 12


mem[X,0x80045378] -> 0x7663
mem[X,0x8004537A] -> 0x00B5
[6515] [M]: 0x80045378 (0x00B57663) bgeu a0, a1, 12


mem[X,0x8004537C] -> 0x8193
mem[X,0x8004537E] -> 0x0021
[6516] [M]: 0x8004537C (0x00218193) addi gp, gp, 2
x3 <- 0x00000002


mem[X,0x80045380] -> 0x006F
mem[X,0x80045382] -> 0x00C0
[6517] [M]: 0x80045380 (0x00C0006F) jal zero, 12


mem[X,0x8004538C] -> 0x2023
mem[X,0x8004538E] -> 0x2831
[6518] [M]: 0x8004538C (0x28312023) sw gp, 640(sp)
mem[0x8004ACE4] <- 0x00000002


mem[X,0x80045390] -> 0x0513
mem[X,0x80045392] -> 0x0010
[6519] [M]: 0x80045390 (0x00100513) addi a0, zero, 1
x10 <- 0x00000001


mem[X,0x80045394] -> 0xB5B7
mem[X,0x80045396] -> 0x0000
[6520] [M]: 0x80045394 (0x0000B5B7) lui a1, 11
x11 <- 0x0000B000


mem[X,0x80045398] -> 0x8593
mem[X,0x8004539A] -> 0x5055
[6521] [M]: 0x80045398 (0x50558593) addi a1, a1, 1285
x11 <- 0x0000B505


mem[X,0x8004539C] -> 0x0193
mem[X,0x8004539E] -> 0x0000
[6522] [M]: 0x8004539C (0x00000193) addi gp, zero, 0
x3 <- 0x00000000


mem[X,0x800453A0] -> 0x006F
mem[X,0x800453A2] -> 0x00C0
[6523] [M]: 0x800453A0 (0x00C0006F) jal zero, 12


mem[X,0x800453AC] -> 0x7663
mem[X,0x800453AE] -> 0x00B5
[6524] [M]: 0x800453AC (0x00B57663) bgeu a0, a1, 12


mem[X,0x800453B0] -> 0x8193
mem[X,0x800453B2] -> 0x0021
[6525] [M]: 0x800453B0 (0x00218193) addi gp, gp, 2
x3 <- 0x00000002


mem[X,0x800453B4] -> 0x006F
mem[X,0x800453B6] -> 0x00C0
[6526] [M]: 0x800453B4 (0x00C0006F) jal zero, 12


mem[X,0x800453C0] -> 0x2223
mem[X,0x800453C2] -> 0x2831
[6527] [M]: 0x800453C0 (0x28312223) sw gp, 644(sp)
mem[0x8004ACE8] <- 0x00000002


mem[X,0x800453C4] -> 0x0513
mem[X,0x800453C6] -> 0x0010
[6528] [M]: 0x800453C4 (0x00100513) addi a0, zero, 1
x10 <- 0x00000001


mem[X,0x800453C8] -> 0x0593
mem[X,0x800453CA] -> 0x0010
[6529] [M]: 0x800453C8 (0x00100593) addi a1, zero, 1
x11 <- 0x00000001


mem[X,0x800453CC] -> 0x0193
mem[X,0x800453CE] -> 0x0000
[6530] [M]: 0x800453CC (0x00000193) addi gp, zero, 0
x3 <- 0x00000000


mem[X,0x800453D0] -> 0x006F
mem[X,0x800453D2] -> 0x00C0
[6531] [M]: 0x800453D0 (0x00C0006F) jal zero, 12


mem[X,0x800453DC] -> 0x7663
mem[X,0x800453DE] -> 0x00B5
[6532] [M]: 0x800453DC (0x00B57663) bgeu a0, a1, 12


mem[X,0x800453E8] -> 0x8193
mem[X,0x800453EA] -> 0x0031
[6533] [M]: 0x800453E8 (0x00318193) addi gp, gp, 3
x3 <- 0x00000003


mem[X,0x800453EC] -> 0x006F
mem[X,0x800453EE] -> 0x0040
[6534] [M]: 0x800453EC (0x0040006F) jal zero, 4


mem[X,0x800453F0] -> 0x2423
mem[X,0x800453F2] -> 0x2831
[6535] [M]: 0x800453F0 (0x28312423) sw gp, 648(sp)
mem[0x8004ACEC] <- 0x00000003


mem[X,0x800453F4] -> 0x0513
mem[X,0x800453F6] -> 0x0010
[6536] [M]: 0x800453F4 (0x00100513) addi a0, zero, 1
x10 <- 0x00000001


mem[X,0x800453F8] -> 0x05B7
mem[X,0x800453FA] -> 0x0001
[6537] [M]: 0x800453F8 (0x000105B7) lui a1, 16
x11 <- 0x00010000


mem[X,0x800453FC] -> 0x0193
mem[X,0x800453FE] -> 0x0000
[6538] [M]: 0x800453FC (0x00000193) addi gp, zero, 0
x3 <- 0x00000000


mem[X,0x80045400] -> 0x006F
mem[X,0x80045402] -> 0x00C0
[6539] [M]: 0x80045400 (0x00C0006F) jal zero, 12


mem[X,0x8004540C] -> 0x7CE3
mem[X,0x8004540E] -> 0xFEB5
[6540] [M]: 0x8004540C (0xFEB57CE3) bgeu a0, a1, 8184


mem[X,0x80045410] -> 0x8193
mem[X,0x80045412] -> 0x0021
[6541] [M]: 0x80045410 (0x00218193) addi gp, gp, 2
x3 <- 0x00000002


mem[X,0x80045414] -> 0x006F
mem[X,0x80045416] -> 0x00C0
[6542] [M]: 0x80045414 (0x00C0006F) jal zero, 12


mem[X,0x80045420] -> 0x2623
mem[X,0x80045422] -> 0x2831
[6543] [M]: 0x80045420 (0x28312623) sw gp, 652(sp)
mem[0x8004ACF0] <- 0x00000002


mem[X,0x80045424] -> 0x0537
mem[X,0x80045426] -> 0x0001
[6544] [M]: 0x80045424 (0x00010537) lui a0, 16
x10 <- 0x00010000


mem[X,0x80045428] -> 0x0593
mem[X,0x8004542A] -> 0x0030
[6545] [M]: 0x80045428 (0x00300593) addi a1, zero, 3
x11 <- 0x00000003


mem[X,0x8004542C] -> 0x0193
mem[X,0x8004542E] -> 0x0000
[6546] [M]: 0x8004542C (0x00000193) addi gp, zero, 0
x3 <- 0x00000000


mem[X,0x80045430] -> 0x006F
mem[X,0x80045432] -> 0x00C0
[6547] [M]: 0x80045430 (0x00C0006F) jal zero, 12


mem[X,0x8004543C] -> 0x7063
mem[X,0x8004543E] -> 0x02B5
[6548] [M]: 0x8004543C (0x02B57063) bgeu a0, a1, 32


mem[X,0x8004545C] -> 0x8193
mem[X,0x8004545E] -> 0x0031
[6549] [M]: 0x8004545C (0x00318193) addi gp, gp, 3
x3 <- 0x00000003


mem[X,0x80045460] -> 0x006F
mem[X,0x80045462] -> 0x0040
[6550] [M]: 0x80045460 (0x0040006F) jal zero, 4


mem[X,0x80045464] -> 0x2823
mem[X,0x80045466] -> 0x2831
[6551] [M]: 0x80045464 (0x28312823) sw gp, 656(sp)
mem[0x8004ACF4] <- 0x00000003


mem[X,0x80045468] -> 0x0537
mem[X,0x8004546A] -> 0x0001
[6552] [M]: 0x80045468 (0x00010537) lui a0, 16
x10 <- 0x00010000


mem[X,0x8004546C] -> 0xB5B7
mem[X,0x8004546E] -> 0xAAAA
[6553] [M]: 0x8004546C (0xAAAAB5B7) lui a1, 699051
x11 <- 0xAAAAB000


mem[X,0x80045470] -> 0x8593
mem[X,0x80045472] -> 0xAAA5
[6554] [M]: 0x80045470 (0xAAA58593) addi a1, a1, 2730
x11 <- 0xAAAAAAAA


mem[X,0x80045474] -> 0x0193
mem[X,0x80045476] -> 0x0000
[6555] [M]: 0x80045474 (0x00000193) addi gp, zero, 0
x3 <- 0x00000000


mem[X,0x80045478] -> 0x006F
mem[X,0x8004547A] -> 0x00C0
[6556] [M]: 0x80045478 (0x00C0006F) jal zero, 12


mem[X,0x80045484] -> 0x7063
mem[X,0x80045486] -> 0x10B5
[6557] [M]: 0x80045484 (0x10B57063) bgeu a0, a1, 256


mem[X,0x80045488] -> 0x8193
mem[X,0x8004548A] -> 0x0021
[6558] [M]: 0x80045488 (0x00218193) addi gp, gp, 2
x3 <- 0x00000002


mem[X,0x8004548C] -> 0x006F
mem[X,0x8004548E] -> 0x1000
[6559] [M]: 0x8004548C (0x1000006F) jal zero, 256


mem[X,0x8004558C] -> 0x2A23
mem[X,0x8004558E] -> 0x2831
[6560] [M]: 0x8004558C (0x28312A23) sw gp, 660(sp)
mem[0x8004ACF8] <- 0x00000002


mem[X,0x80045590] -> 0x0537
mem[X,0x80045592] -> 0x0001
[6561] [M]: 0x80045590 (0x00010537) lui a0, 16
x10 <- 0x00010000


mem[X,0x80045594] -> 0x0593
mem[X,0x80045596] -> 0x0050
[6562] [M]: 0x80045594 (0x00500593) addi a1, zero, 5
x11 <- 0x00000005


mem[X,0x80045598] -> 0x0193
mem[X,0x8004559A] -> 0x0000
[6563] [M]: 0x80045598 (0x00000193) addi gp, zero, 0
x3 <- 0x00000000


mem[X,0x8004559C] -> 0x006F
mem[X,0x8004559E] -> 0x00C0
[6564] [M]: 0x8004559C (0x00C0006F) jal zero, 12


mem[X,0x800455A8] -> 0x7063
mem[X,0x800455AA] -> 0x40B5
[6565] [M]: 0x800455A8 (0x40B57063) bgeu a0, a1, 1024


mem[X,0x800459A8] -> 0x8193
mem[X,0x800459AA] -> 0x0031
[6566] [M]: 0x800459A8 (0x00318193) addi gp, gp, 3
x3 <- 0x00000003


mem[X,0x800459AC] -> 0x006F
mem[X,0x800459AE] -> 0x0040
[6567] [M]: 0x800459AC (0x0040006F) jal zero, 4


mem[X,0x800459B0] -> 0x2C23
mem[X,0x800459B2] -> 0x2831
[6568] [M]: 0x800459B0 (0x28312C23) sw gp, 664(sp)
mem[0x8004ACFC] <- 0x00000003


mem[X,0x800459B4] -> 0x0537
mem[X,0x800459B6] -> 0x0001
[6569] [M]: 0x800459B4 (0x00010537) lui a0, 16
x10 <- 0x00010000


mem[X,0x800459B8] -> 0x35B7
mem[X,0x800459BA] -> 0x3333
[6570] [M]: 0x800459B8 (0x333335B7) lui a1, 209715
x11 <- 0x33333000


mem[X,0x800459BC] -> 0x8593
mem[X,0x800459BE] -> 0x3335
[6571] [M]: 0x800459BC (0x33358593) addi a1, a1, 819
x11 <- 0x33333333


mem[X,0x800459C0] -> 0x0193
mem[X,0x800459C2] -> 0x0000
[6572] [M]: 0x800459C0 (0x00000193) addi gp, zero, 0
x3 <- 0x00000000


mem[X,0x800459C4] -> 0x006F
mem[X,0x800459C6] -> 0x00C0
[6573] [M]: 0x800459C4 (0x00C0006F) jal zero, 12


mem[X,0x800459D0] -> 0x7863
mem[X,0x800459D2] -> 0x00B5
[6574] [M]: 0x800459D0 (0x00B57863) bgeu a0, a1, 16


mem[X,0x800459D4] -> 0x8193
mem[X,0x800459D6] -> 0x0021
[6575] [M]: 0x800459D4 (0x00218193) addi gp, gp, 2
x3 <- 0x00000002


mem[X,0x800459D8] -> 0x006F
mem[X,0x800459DA] -> 0x0100
[6576] [M]: 0x800459D8 (0x0100006F) jal zero, 16


mem[X,0x800459E8] -> 0x2E23
mem[X,0x800459EA] -> 0x2831
[6577] [M]: 0x800459E8 (0x28312E23) sw gp, 668(sp)
mem[0x8004AD00] <- 0x00000002


mem[X,0x800459EC] -> 0x0537
mem[X,0x800459EE] -> 0x0001
[6578] [M]: 0x800459EC (0x00010537) lui a0, 16
x10 <- 0x00010000


mem[X,0x800459F0] -> 0x65B7
mem[X,0x800459F2] -> 0x6666
[6579] [M]: 0x800459F0 (0x666665B7) lui a1, 419430
x11 <- 0x66666000


mem[X,0x800459F4] -> 0x8593
mem[X,0x800459F6] -> 0x6665
[6580] [M]: 0x800459F4 (0x66658593) addi a1, a1, 1638
x11 <- 0x66666666


mem[X,0x800459F8] -> 0x0193
mem[X,0x800459FA] -> 0x0000
[6581] [M]: 0x800459F8 (0x00000193) addi gp, zero, 0
x3 <- 0x00000000


mem[X,0x800459FC] -> 0x006F
mem[X,0x800459FE] -> 0x2B10
[6582] [M]: 0x800459FC (0x2B10006F) jal zero, 2736


mem[X,0x800464AC] -> 0x7A63
mem[X,0x800464AE] -> 0xD4B5
[6583] [M]: 0x800464AC (0xD4B57A63) bgeu a0, a1, 5460


mem[X,0x800464B0] -> 0x8193
mem[X,0x800464B2] -> 0x0021
[6584] [M]: 0x800464B0 (0x00218193) addi gp, gp, 2
x3 <- 0x00000002


mem[X,0x800464B4] -> 0x006F
mem[X,0x800464B6] -> 0x00C0
[6585] [M]: 0x800464B4 (0x00C0006F) jal zero, 12


mem[X,0x800464C0] -> 0x2023
mem[X,0x800464C2] -> 0x2A31
[6586] [M]: 0x800464C0 (0x2A312023) sw gp, 672(sp)
mem[0x8004AD04] <- 0x00000002


mem[X,0x800464C4] -> 0x0537
mem[X,0x800464C6] -> 0x0001
[6587] [M]: 0x800464C4 (0x00010537) lui a0, 16
x10 <- 0x00010000


mem[X,0x800464C8] -> 0xB5B7
mem[X,0x800464CA] -> 0x0000
[6588] [M]: 0x800464C8 (0x0000B5B7) lui a1, 11
x11 <- 0x0000B000


mem[X,0x800464CC] -> 0x8593
mem[X,0x800464CE] -> 0x5045
[6589] [M]: 0x800464CC (0x50458593) addi a1, a1, 1284
x11 <- 0x0000B504


mem[X,0x800464D0] -> 0x0193
mem[X,0x800464D2] -> 0x0000
[6590] [M]: 0x800464D0 (0x00000193) addi gp, zero, 0
x3 <- 0x00000000


mem[X,0x800464D4] -> 0x006F
mem[X,0x800464D6] -> 0x00C0
[6591] [M]: 0x800464D4 (0x00C0006F) jal zero, 12


mem[X,0x800464E0] -> 0x7063
mem[X,0x800464E2] -> 0x04B5
[6592] [M]: 0x800464E0 (0x04B57063) bgeu a0, a1, 64


mem[X,0x80046520] -> 0x8193
mem[X,0x80046522] -> 0x0031
[6593] [M]: 0x80046520 (0x00318193) addi gp, gp, 3
x3 <- 0x00000003


mem[X,0x80046524] -> 0x006F
mem[X,0x80046526] -> 0x0040
[6594] [M]: 0x80046524 (0x0040006F) jal zero, 4


mem[X,0x80046528] -> 0x2223
mem[X,0x8004652A] -> 0x2A31
[6595] [M]: 0x80046528 (0x2A312223) sw gp, 676(sp)
mem[0x8004AD08] <- 0x00000003


mem[X,0x8004652C] -> 0x0537
mem[X,0x8004652E] -> 0x0001
[6596] [M]: 0x8004652C (0x00010537) lui a0, 16
x10 <- 0x00010000


mem[X,0x80046530] -> 0x0593
mem[X,0x80046532] -> 0x0000
[6597] [M]: 0x80046530 (0x00000593) addi a1, zero, 0
x11 <- 0x00000000


mem[X,0x80046534] -> 0x0193
mem[X,0x80046536] -> 0x0000
[6598] [M]: 0x80046534 (0x00000193) addi gp, zero, 0
x3 <- 0x00000000


mem[X,0x80046538] -> 0x006F
mem[X,0x8004653A] -> 0x00C0
[6599] [M]: 0x80046538 (0x00C0006F) jal zero, 12


clint::tick mtime <- 0x0000000000000042
 clint timer pending at mtime 0x0000000000000042
htif::tick 0x0000000000000000
mem[X,0x80046544] -> 0x7663
mem[X,0x80046546] -> 0x00B5
[6600] [M]: 0x80046544 (0x00B57663) bgeu a0, a1, 12


mem[X,0x80046550] -> 0x8193
mem[X,0x80046552] -> 0x0031
[6601] [M]: 0x80046550 (0x00318193) addi gp, gp, 3
x3 <- 0x00000003


mem[X,0x80046554] -> 0x006F
mem[X,0x80046556] -> 0x0040
[6602] [M]: 0x80046554 (0x0040006F) jal zero, 4


mem[X,0x80046558] -> 0x2423
mem[X,0x8004655A] -> 0x2A31
[6603] [M]: 0x80046558 (0x2A312423) sw gp, 680(sp)
mem[0x8004AD0C] <- 0x00000003


mem[X,0x8004655C] -> 0x0537
mem[X,0x8004655E] -> 0x0001
[6604] [M]: 0x8004655C (0x00010537) lui a0, 16
x10 <- 0x00010000


mem[X,0x80046560] -> 0x05B7
mem[X,0x80046562] -> 0x0001
[6605] [M]: 0x80046560 (0x000105B7) lui a1, 16
x11 <- 0x00010000


mem[X,0x80046564] -> 0x8593
mem[X,0x80046566] -> 0xFFF5
[6606] [M]: 0x80046564 (0xFFF58593) addi a1, a1, 4095
x11 <- 0x0000FFFF


mem[X,0x80046568] -> 0x0193
mem[X,0x8004656A] -> 0x0000
[6607] [M]: 0x80046568 (0x00000193) addi gp, zero, 0
x3 <- 0x00000000


mem[X,0x8004656C] -> 0x006F
mem[X,0x8004656E] -> 0x00C0
[6608] [M]: 0x8004656C (0x00C0006F) jal zero, 12


mem[X,0x80046578] -> 0x7863
mem[X,0x8004657A] -> 0x00B5
[6609] [M]: 0x80046578 (0x00B57863) bgeu a0, a1, 16


mem[X,0x80046588] -> 0x8193
mem[X,0x8004658A] -> 0x0031
[6610] [M]: 0x80046588 (0x00318193) addi gp, gp, 3
x3 <- 0x00000003


mem[X,0x8004658C] -> 0x006F
mem[X,0x8004658E] -> 0x0040
[6611] [M]: 0x8004658C (0x0040006F) jal zero, 4


mem[X,0x80046590] -> 0x2623
mem[X,0x80046592] -> 0x2A31
[6612] [M]: 0x80046590 (0x2A312623) sw gp, 684(sp)
mem[0x8004AD10] <- 0x00000003


mem[X,0x80046594] -> 0x0537
mem[X,0x80046596] -> 0x0001
[6613] [M]: 0x80046594 (0x00010537) lui a0, 16
x10 <- 0x00010000


mem[X,0x80046598] -> 0x0593
mem[X,0x8004659A] -> 0x0020
[6614] [M]: 0x80046598 (0x00200593) addi a1, zero, 2
x11 <- 0x00000002


mem[X,0x8004659C] -> 0x0193
mem[X,0x8004659E] -> 0x0000
[6615] [M]: 0x8004659C (0x00000193) addi gp, zero, 0
x3 <- 0x00000000


mem[X,0x800465A0] -> 0x006F
mem[X,0x800465A2] -> 0x00C0
[6616] [M]: 0x800465A0 (0x00C0006F) jal zero, 12


mem[X,0x800465AC] -> 0x7063
mem[X,0x800465AE] -> 0x02B5
[6617] [M]: 0x800465AC (0x02B57063) bgeu a0, a1, 32


mem[X,0x800465CC] -> 0x8193
mem[X,0x800465CE] -> 0x0031
[6618] [M]: 0x800465CC (0x00318193) addi gp, gp, 3
x3 <- 0x00000003


mem[X,0x800465D0] -> 0x006F
mem[X,0x800465D2] -> 0x0040
[6619] [M]: 0x800465D0 (0x0040006F) jal zero, 4


mem[X,0x800465D4] -> 0x2823
mem[X,0x800465D6] -> 0x2A31
[6620] [M]: 0x800465D4 (0x2A312823) sw gp, 688(sp)
mem[0x8004AD14] <- 0x00000003


mem[X,0x800465D8] -> 0x0537
mem[X,0x800465DA] -> 0x0001
[6621] [M]: 0x800465D8 (0x00010537) lui a0, 16
x10 <- 0x00010000


mem[X,0x800465DC] -> 0x55B7
mem[X,0x800465DE] -> 0x5555
[6622] [M]: 0x800465DC (0x555555B7) lui a1, 349525
x11 <- 0x55555000


mem[X,0x800465E0] -> 0x8593
mem[X,0x800465E2] -> 0x5545
[6623] [M]: 0x800465E0 (0x55458593) addi a1, a1, 1364
x11 <- 0x55555554


mem[X,0x800465E4] -> 0x0193
mem[X,0x800465E6] -> 0x0000
[6624] [M]: 0x800465E4 (0x00000193) addi gp, zero, 0
x3 <- 0x00000000


mem[X,0x800465E8] -> 0x006F
mem[X,0x800465EA] -> 0x00C0
[6625] [M]: 0x800465E8 (0x00C0006F) jal zero, 12


mem[X,0x800465F4] -> 0x7863
mem[X,0x800465F6] -> 0x00B5
[6626] [M]: 0x800465F4 (0x00B57863) bgeu a0, a1, 16


mem[X,0x800465F8] -> 0x8193
mem[X,0x800465FA] -> 0x0021
[6627] [M]: 0x800465F8 (0x00218193) addi gp, gp, 2
x3 <- 0x00000002


mem[X,0x800465FC] -> 0x006F
mem[X,0x800465FE] -> 0x0100
[6628] [M]: 0x800465FC (0x0100006F) jal zero, 16


mem[X,0x8004660C] -> 0x2A23
mem[X,0x8004660E] -> 0x2A31
[6629] [M]: 0x8004660C (0x2A312A23) sw gp, 692(sp)
mem[0x8004AD18] <- 0x00000002


mem[X,0x80046610] -> 0x0537
mem[X,0x80046612] -> 0x0001
[6630] [M]: 0x80046610 (0x00010537) lui a0, 16
x10 <- 0x00010000


mem[X,0x80046614] -> 0xB5B7
mem[X,0x80046616] -> 0xAAAA
[6631] [M]: 0x80046614 (0xAAAAB5B7) lui a1, 699051
x11 <- 0xAAAAB000


mem[X,0x80046618] -> 0x8593
mem[X,0x8004661A] -> 0xAA95
[6632] [M]: 0x80046618 (0xAA958593) addi a1, a1, 2729
x11 <- 0xAAAAAAA9


mem[X,0x8004661C] -> 0x0193
mem[X,0x8004661E] -> 0x0000
[6633] [M]: 0x8004661C (0x00000193) addi gp, zero, 0
x3 <- 0x00000000


mem[X,0x80046620] -> 0x006F
mem[X,0x80046622] -> 0x00C0
[6634] [M]: 0x80046620 (0x00C0006F) jal zero, 12


mem[X,0x8004662C] -> 0x7663
mem[X,0x8004662E] -> 0x00B5
[6635] [M]: 0x8004662C (0x00B57663) bgeu a0, a1, 12


mem[X,0x80046630] -> 0x8193
mem[X,0x80046632] -> 0x0021
[6636] [M]: 0x80046630 (0x00218193) addi gp, gp, 2
x3 <- 0x00000002


mem[X,0x80046634] -> 0x006F
mem[X,0x80046636] -> 0x00C0
[6637] [M]: 0x80046634 (0x00C0006F) jal zero, 12


mem[X,0x80046640] -> 0x2C23
mem[X,0x80046642] -> 0x2A31
[6638] [M]: 0x80046640 (0x2A312C23) sw gp, 696(sp)
mem[0x8004AD1C] <- 0x00000002


mem[X,0x80046644] -> 0x0537
mem[X,0x80046646] -> 0x0001
[6639] [M]: 0x80046644 (0x00010537) lui a0, 16
x10 <- 0x00010000


mem[X,0x80046648] -> 0x0593
mem[X,0x8004664A] -> 0x0040
[6640] [M]: 0x80046648 (0x00400593) addi a1, zero, 4
x11 <- 0x00000004


mem[X,0x8004664C] -> 0x0193
mem[X,0x8004664E] -> 0x0000
[6641] [M]: 0x8004664C (0x00000193) addi gp, zero, 0
x3 <- 0x00000000


mem[X,0x80046650] -> 0x006F
mem[X,0x80046652] -> 0x00C0
[6642] [M]: 0x80046650 (0x00C0006F) jal zero, 12


mem[X,0x8004665C] -> 0x7CE3
mem[X,0x8004665E] -> 0xFEB5
[6643] [M]: 0x8004665C (0xFEB57CE3) bgeu a0, a1, 8184


mem[X,0x80046654] -> 0x8193
mem[X,0x80046656] -> 0x0011
[6644] [M]: 0x80046654 (0x00118193) addi gp, gp, 1
x3 <- 0x00000001


mem[X,0x80046658] -> 0x006F
mem[X,0x8004665A] -> 0x0180
[6645] [M]: 0x80046658 (0x0180006F) jal zero, 24


mem[X,0x80046670] -> 0x2E23
mem[X,0x80046672] -> 0x2A31
[6646] [M]: 0x80046670 (0x2A312E23) sw gp, 700(sp)
mem[0x8004AD20] <- 0x00000001


mem[X,0x80046674] -> 0x0537
mem[X,0x80046676] -> 0x0001
[6647] [M]: 0x80046674 (0x00010537) lui a0, 16
x10 <- 0x00010000


mem[X,0x80046678] -> 0x35B7
mem[X,0x8004667A] -> 0x3333
[6648] [M]: 0x80046678 (0x333335B7) lui a1, 209715
x11 <- 0x33333000


mem[X,0x8004667C] -> 0x8593
mem[X,0x8004667E] -> 0x3325
[6649] [M]: 0x8004667C (0x33258593) addi a1, a1, 818
x11 <- 0x33333332


mem[X,0x80046680] -> 0x0193
mem[X,0x80046682] -> 0x0000
[6650] [M]: 0x80046680 (0x00000193) addi gp, zero, 0
x3 <- 0x00000000


mem[X,0x80046684] -> 0x006F
mem[X,0x80046686] -> 0x00C0
[6651] [M]: 0x80046684 (0x00C0006F) jal zero, 12


mem[X,0x80046690] -> 0x7CE3
mem[X,0x80046692] -> 0xFEB5
[6652] [M]: 0x80046690 (0xFEB57CE3) bgeu a0, a1, 8184


mem[X,0x80046694] -> 0x8193
mem[X,0x80046696] -> 0x0021
[6653] [M]: 0x80046694 (0x00218193) addi gp, gp, 2
x3 <- 0x00000002


mem[X,0x80046698] -> 0x006F
mem[X,0x8004669A] -> 0x00C0
[6654] [M]: 0x80046698 (0x00C0006F) jal zero, 12


mem[X,0x800466A4] -> 0x2023
mem[X,0x800466A6] -> 0x2C31
[6655] [M]: 0x800466A4 (0x2C312023) sw gp, 704(sp)
mem[0x8004AD24] <- 0x00000002


mem[X,0x800466A8] -> 0x0537
mem[X,0x800466AA] -> 0x0001
[6656] [M]: 0x800466A8 (0x00010537) lui a0, 16
x10 <- 0x00010000


mem[X,0x800466AC] -> 0x65B7
mem[X,0x800466AE] -> 0x6666
[6657] [M]: 0x800466AC (0x666665B7) lui a1, 419430
x11 <- 0x66666000


mem[X,0x800466B0] -> 0x8593
mem[X,0x800466B2] -> 0x6655
[6658] [M]: 0x800466B0 (0x66558593) addi a1, a1, 1637
x11 <- 0x66666665


mem[X,0x800466B4] -> 0x0193
mem[X,0x800466B6] -> 0x0000
[6659] [M]: 0x800466B4 (0x00000193) addi gp, zero, 0
x3 <- 0x00000000


mem[X,0x800466B8] -> 0x006F
mem[X,0x800466BA] -> 0x00C0
[6660] [M]: 0x800466B8 (0x00C0006F) jal zero, 12


mem[X,0x800466C4] -> 0x7063
mem[X,0x800466C6] -> 0x08B5
[6661] [M]: 0x800466C4 (0x08B57063) bgeu a0, a1, 128


mem[X,0x800466C8] -> 0x8193
mem[X,0x800466CA] -> 0x0021
[6662] [M]: 0x800466C8 (0x00218193) addi gp, gp, 2
x3 <- 0x00000002


mem[X,0x800466CC] -> 0x006F
mem[X,0x800466CE] -> 0x0800
[6663] [M]: 0x800466CC (0x0800006F) jal zero, 128


mem[X,0x8004674C] -> 0x2223
mem[X,0x8004674E] -> 0x2C31
[6664] [M]: 0x8004674C (0x2C312223) sw gp, 708(sp)
mem[0x8004AD28] <- 0x00000002


mem[X,0x80046750] -> 0x0537
mem[X,0x80046752] -> 0x0001
[6665] [M]: 0x80046750 (0x00010537) lui a0, 16
x10 <- 0x00010000


mem[X,0x80046754] -> 0xB5B7
mem[X,0x80046756] -> 0x0000
[6666] [M]: 0x80046754 (0x0000B5B7) lui a1, 11
x11 <- 0x0000B000


mem[X,0x80046758] -> 0x8593
mem[X,0x8004675A] -> 0x5035
[6667] [M]: 0x80046758 (0x50358593) addi a1, a1, 1283
x11 <- 0x0000B503


mem[X,0x8004675C] -> 0x0193
mem[X,0x8004675E] -> 0x0000
[6668] [M]: 0x8004675C (0x00000193) addi gp, zero, 0
x3 <- 0x00000000


mem[X,0x80046760] -> 0x006F
mem[X,0x80046762] -> 0x00C0
[6669] [M]: 0x80046760 (0x00C0006F) jal zero, 12


mem[X,0x8004676C] -> 0x7CE3
mem[X,0x8004676E] -> 0xFEB5
[6670] [M]: 0x8004676C (0xFEB57CE3) bgeu a0, a1, 8184


mem[X,0x80046764] -> 0x8193
mem[X,0x80046766] -> 0x0011
[6671] [M]: 0x80046764 (0x00118193) addi gp, gp, 1
x3 <- 0x00000001


mem[X,0x80046768] -> 0x006F
mem[X,0x8004676A] -> 0x0180
[6672] [M]: 0x80046768 (0x0180006F) jal zero, 24


mem[X,0x80046780] -> 0x2423
mem[X,0x80046782] -> 0x2C31
[6673] [M]: 0x80046780 (0x2C312423) sw gp, 712(sp)
mem[0x8004AD2C] <- 0x00000001


mem[X,0x80046784] -> 0x0537
mem[X,0x80046786] -> 0x0001
[6674] [M]: 0x80046784 (0x00010537) lui a0, 16
x10 <- 0x00010000


mem[X,0x80046788] -> 0x05B7
mem[X,0x8004678A] -> 0x0001
[6675] [M]: 0x80046788 (0x000105B7) lui a1, 16
x11 <- 0x00010000


mem[X,0x8004678C] -> 0x8593
mem[X,0x8004678E] -> 0xFFE5
[6676] [M]: 0x8004678C (0xFFE58593) addi a1, a1, 4094
x11 <- 0x0000FFFE


mem[X,0x80046790] -> 0x0193
mem[X,0x80046792] -> 0x0000
[6677] [M]: 0x80046790 (0x00000193) addi gp, zero, 0
x3 <- 0x00000000


mem[X,0x80046794] -> 0x006F
mem[X,0x80046796] -> 0x00C0
[6678] [M]: 0x80046794 (0x00C0006F) jal zero, 12


mem[X,0x800467A0] -> 0x7063
mem[X,0x800467A2] -> 0x10B5
[6679] [M]: 0x800467A0 (0x10B57063) bgeu a0, a1, 256


mem[X,0x800468A0] -> 0x8193
mem[X,0x800468A2] -> 0x0031
[6680] [M]: 0x800468A0 (0x00318193) addi gp, gp, 3
x3 <- 0x00000003


mem[X,0x800468A4] -> 0x006F
mem[X,0x800468A6] -> 0x0040
[6681] [M]: 0x800468A4 (0x0040006F) jal zero, 4


mem[X,0x800468A8] -> 0x2623
mem[X,0x800468AA] -> 0x2C31
[6682] [M]: 0x800468A8 (0x2C312623) sw gp, 716(sp)
mem[0x8004AD30] <- 0x00000003


mem[X,0x800468AC] -> 0x0537
mem[X,0x800468AE] -> 0x0001
[6683] [M]: 0x800468AC (0x00010537) lui a0, 16
x10 <- 0x00010000


mem[X,0x800468B0] -> 0x55B7
mem[X,0x800468B2] -> 0x5555
[6684] [M]: 0x800468B0 (0x555555B7) lui a1, 349525
x11 <- 0x55555000


mem[X,0x800468B4] -> 0x8593
mem[X,0x800468B6] -> 0x5565
[6685] [M]: 0x800468B4 (0x55658593) addi a1, a1, 1366
x11 <- 0x55555556


mem[X,0x800468B8] -> 0x0193
mem[X,0x800468BA] -> 0x0000
[6686] [M]: 0x800468B8 (0x00000193) addi gp, zero, 0
x3 <- 0x00000000


mem[X,0x800468BC] -> 0x006F
mem[X,0x800468BE] -> 0x2B10
[6687] [M]: 0x800468BC (0x2B10006F) jal zero, 2736


mem[X,0x8004736C] -> 0x7A63
mem[X,0x8004736E] -> 0xD4B5
[6688] [M]: 0x8004736C (0xD4B57A63) bgeu a0, a1, 5460


mem[X,0x80047370] -> 0x8193
mem[X,0x80047372] -> 0x0021
[6689] [M]: 0x80047370 (0x00218193) addi gp, gp, 2
x3 <- 0x00000002


mem[X,0x80047374] -> 0x006F
mem[X,0x80047376] -> 0x00C0
[6690] [M]: 0x80047374 (0x00C0006F) jal zero, 12


mem[X,0x80047380] -> 0x2823
mem[X,0x80047382] -> 0x2C31
[6691] [M]: 0x80047380 (0x2C312823) sw gp, 720(sp)
mem[0x8004AD34] <- 0x00000002


mem[X,0x80047384] -> 0x0537
mem[X,0x80047386] -> 0x0001
[6692] [M]: 0x80047384 (0x00010537) lui a0, 16
x10 <- 0x00010000


mem[X,0x80047388] -> 0xB5B7
mem[X,0x8004738A] -> 0xAAAA
[6693] [M]: 0x80047388 (0xAAAAB5B7) lui a1, 699051
x11 <- 0xAAAAB000


mem[X,0x8004738C] -> 0x8593
mem[X,0x8004738E] -> 0xAAB5
[6694] [M]: 0x8004738C (0xAAB58593) addi a1, a1, 2731
x11 <- 0xAAAAAAAB


mem[X,0x80047390] -> 0x0193
mem[X,0x80047392] -> 0x0000
[6695] [M]: 0x80047390 (0x00000193) addi gp, zero, 0
x3 <- 0x00000000


mem[X,0x80047394] -> 0x006F
mem[X,0x80047396] -> 0x00C0
[6696] [M]: 0x80047394 (0x00C0006F) jal zero, 12


mem[X,0x800473A0] -> 0x7CE3
mem[X,0x800473A2] -> 0xFEB5
[6697] [M]: 0x800473A0 (0xFEB57CE3) bgeu a0, a1, 8184


mem[X,0x800473A4] -> 0x8193
mem[X,0x800473A6] -> 0x0021
[6698] [M]: 0x800473A4 (0x00218193) addi gp, gp, 2
x3 <- 0x00000002


mem[X,0x800473A8] -> 0x006F
mem[X,0x800473AA] -> 0x00C0
[6699] [M]: 0x800473A8 (0x00C0006F) jal zero, 12


clint::tick mtime <- 0x0000000000000043
 clint timer pending at mtime 0x0000000000000043
htif::tick 0x0000000000000000
mem[X,0x800473B4] -> 0x2A23
mem[X,0x800473B6] -> 0x2C31
[6700] [M]: 0x800473B4 (0x2C312A23) sw gp, 724(sp)
mem[0x8004AD38] <- 0x00000002


mem[X,0x800473B8] -> 0x0537
mem[X,0x800473BA] -> 0x0001
[6701] [M]: 0x800473B8 (0x00010537) lui a0, 16
x10 <- 0x00010000


mem[X,0x800473BC] -> 0x0593
mem[X,0x800473BE] -> 0x0060
[6702] [M]: 0x800473BC (0x00600593) addi a1, zero, 6
x11 <- 0x00000006


mem[X,0x800473C0] -> 0x0193
mem[X,0x800473C2] -> 0x0000
[6703] [M]: 0x800473C0 (0x00000193) addi gp, zero, 0
x3 <- 0x00000000


mem[X,0x800473C4] -> 0x006F
mem[X,0x800473C6] -> 0x00C0
[6704] [M]: 0x800473C4 (0x00C0006F) jal zero, 12


mem[X,0x800473D0] -> 0x7863
mem[X,0x800473D2] -> 0x00B5
[6705] [M]: 0x800473D0 (0x00B57863) bgeu a0, a1, 16


mem[X,0x800473E0] -> 0x8193
mem[X,0x800473E2] -> 0x0031
[6706] [M]: 0x800473E0 (0x00318193) addi gp, gp, 3
x3 <- 0x00000003


mem[X,0x800473E4] -> 0x006F
mem[X,0x800473E6] -> 0x0040
[6707] [M]: 0x800473E4 (0x0040006F) jal zero, 4


mem[X,0x800473E8] -> 0x2C23
mem[X,0x800473EA] -> 0x2C31
[6708] [M]: 0x800473E8 (0x2C312C23) sw gp, 728(sp)
mem[0x8004AD3C] <- 0x00000003


mem[X,0x800473EC] -> 0x0537
mem[X,0x800473EE] -> 0x0001
[6709] [M]: 0x800473EC (0x00010537) lui a0, 16
x10 <- 0x00010000


mem[X,0x800473F0] -> 0x35B7
mem[X,0x800473F2] -> 0x3333
[6710] [M]: 0x800473F0 (0x333335B7) lui a1, 209715
x11 <- 0x33333000


mem[X,0x800473F4] -> 0x8593
mem[X,0x800473F6] -> 0x3345
[6711] [M]: 0x800473F4 (0x33458593) addi a1, a1, 820
x11 <- 0x33333334


mem[X,0x800473F8] -> 0x0193
mem[X,0x800473FA] -> 0x0000
[6712] [M]: 0x800473F8 (0x00000193) addi gp, zero, 0
x3 <- 0x00000000


mem[X,0x800473FC] -> 0x006F
mem[X,0x800473FE] -> 0x00C0
[6713] [M]: 0x800473FC (0x00C0006F) jal zero, 12


mem[X,0x80047408] -> 0x7CE3
mem[X,0x8004740A] -> 0xFEB5
[6714] [M]: 0x80047408 (0xFEB57CE3) bgeu a0, a1, 8184


mem[X,0x8004740C] -> 0x8193
mem[X,0x8004740E] -> 0x0021
[6715] [M]: 0x8004740C (0x00218193) addi gp, gp, 2
x3 <- 0x00000002


mem[X,0x80047410] -> 0x006F
mem[X,0x80047412] -> 0x00C0
[6716] [M]: 0x80047410 (0x00C0006F) jal zero, 12


mem[X,0x8004741C] -> 0x2E23
mem[X,0x8004741E] -> 0x2C31
[6717] [M]: 0x8004741C (0x2C312E23) sw gp, 732(sp)
mem[0x8004AD40] <- 0x00000002


mem[X,0x80047420] -> 0x0537
mem[X,0x80047422] -> 0x0001
[6718] [M]: 0x80047420 (0x00010537) lui a0, 16
x10 <- 0x00010000


mem[X,0x80047424] -> 0x65B7
mem[X,0x80047426] -> 0x6666
[6719] [M]: 0x80047424 (0x666665B7) lui a1, 419430
x11 <- 0x66666000


mem[X,0x80047428] -> 0x8593
mem[X,0x8004742A] -> 0x6675
[6720] [M]: 0x80047428 (0x66758593) addi a1, a1, 1639
x11 <- 0x66666667


mem[X,0x8004742C] -> 0x0193
mem[X,0x8004742E] -> 0x0000
[6721] [M]: 0x8004742C (0x00000193) addi gp, zero, 0
x3 <- 0x00000000


mem[X,0x80047430] -> 0x006F
mem[X,0x80047432] -> 0x00C0
[6722] [M]: 0x80047430 (0x00C0006F) jal zero, 12


mem[X,0x8004743C] -> 0x7663
mem[X,0x8004743E] -> 0x00B5
[6723] [M]: 0x8004743C (0x00B57663) bgeu a0, a1, 12


mem[X,0x80047440] -> 0x8193
mem[X,0x80047442] -> 0x0021
[6724] [M]: 0x80047440 (0x00218193) addi gp, gp, 2
x3 <- 0x00000002


mem[X,0x80047444] -> 0x006F
mem[X,0x80047446] -> 0x00C0
[6725] [M]: 0x80047444 (0x00C0006F) jal zero, 12


mem[X,0x80047450] -> 0x2023
mem[X,0x80047452] -> 0x2E31
[6726] [M]: 0x80047450 (0x2E312023) sw gp, 736(sp)
mem[0x8004AD44] <- 0x00000002


mem[X,0x80047454] -> 0x0537
mem[X,0x80047456] -> 0x0001
[6727] [M]: 0x80047454 (0x00010537) lui a0, 16
x10 <- 0x00010000


mem[X,0x80047458] -> 0xB5B7
mem[X,0x8004745A] -> 0x0000
[6728] [M]: 0x80047458 (0x0000B5B7) lui a1, 11
x11 <- 0x0000B000


mem[X,0x8004745C] -> 0x8593
mem[X,0x8004745E] -> 0x5055
[6729] [M]: 0x8004745C (0x50558593) addi a1, a1, 1285
x11 <- 0x0000B505


mem[X,0x80047460] -> 0x0193
mem[X,0x80047462] -> 0x0000
[6730] [M]: 0x80047460 (0x00000193) addi gp, zero, 0
x3 <- 0x00000000


mem[X,0x80047464] -> 0x006F
mem[X,0x80047466] -> 0x0100
[6731] [M]: 0x80047464 (0x0100006F) jal zero, 16


mem[X,0x80047474] -> 0x7AE3
mem[X,0x80047476] -> 0xFEB5
[6732] [M]: 0x80047474 (0xFEB57AE3) bgeu a0, a1, 8180


mem[X,0x80047468] -> 0x8193
mem[X,0x8004746A] -> 0x0011
[6733] [M]: 0x80047468 (0x00118193) addi gp, gp, 1
x3 <- 0x00000001


mem[X,0x8004746C] -> 0x006F
mem[X,0x8004746E] -> 0x01C0
[6734] [M]: 0x8004746C (0x01C0006F) jal zero, 28


mem[X,0x80047488] -> 0x2223
mem[X,0x8004748A] -> 0x2E31
[6735] [M]: 0x80047488 (0x2E312223) sw gp, 740(sp)
mem[0x8004AD48] <- 0x00000001


mem[X,0x8004748C] -> 0x0537
mem[X,0x8004748E] -> 0x0001
[6736] [M]: 0x8004748C (0x00010537) lui a0, 16
x10 <- 0x00010000


mem[X,0x80047490] -> 0x0593
mem[X,0x80047492] -> 0x0010
[6737] [M]: 0x80047490 (0x00100593) addi a1, zero, 1
x11 <- 0x00000001


mem[X,0x80047494] -> 0x0193
mem[X,0x80047496] -> 0x0000
[6738] [M]: 0x80047494 (0x00000193) addi gp, zero, 0
x3 <- 0x00000000


mem[X,0x80047498] -> 0x006F
mem[X,0x8004749A] -> 0x0050
[6739] [M]: 0x80047498 (0x0050006F) jal zero, 2052


mem[X,0x80047C9C] -> 0x70E3
mem[X,0x80047C9E] -> 0x80B5
[6740] [M]: 0x80047C9C (0x80B570E3) bgeu a0, a1, 6144


mem[X,0x8004749C] -> 0x8193
mem[X,0x8004749E] -> 0x0011
[6741] [M]: 0x8004749C (0x00118193) addi gp, gp, 1
x3 <- 0x00000001


mem[X,0x800474A0] -> 0x006F
mem[X,0x800474A2] -> 0x0110
[6742] [M]: 0x800474A0 (0x0110006F) jal zero, 2064


mem[X,0x80047CB0] -> 0x2423
mem[X,0x80047CB2] -> 0x2E31
[6743] [M]: 0x80047CB0 (0x2E312423) sw gp, 744(sp)
mem[0x8004AD4C] <- 0x00000001


mem[X,0x80047CB4] -> 0x0537
mem[X,0x80047CB6] -> 0x0001
[6744] [M]: 0x80047CB4 (0x00010537) lui a0, 16
x10 <- 0x00010000


mem[X,0x80047CB8] -> 0x05B7
mem[X,0x80047CBA] -> 0x0001
[6745] [M]: 0x80047CB8 (0x000105B7) lui a1, 16
x11 <- 0x00010000


mem[X,0x80047CBC] -> 0x0193
mem[X,0x80047CBE] -> 0x0000
[6746] [M]: 0x80047CBC (0x00000193) addi gp, zero, 0
x3 <- 0x00000000


mem[X,0x80047CC0] -> 0x006F
mem[X,0x80047CC2] -> 0x00C0
[6747] [M]: 0x80047CC0 (0x00C0006F) jal zero, 12


mem[X,0x80047CCC] -> 0x7663
mem[X,0x80047CCE] -> 0x00B5
[6748] [M]: 0x80047CCC (0x00B57663) bgeu a0, a1, 12


mem[X,0x80047CD8] -> 0x8193
mem[X,0x80047CDA] -> 0x0031
[6749] [M]: 0x80047CD8 (0x00318193) addi gp, gp, 3
x3 <- 0x00000003


mem[X,0x80047CDC] -> 0x006F
mem[X,0x80047CDE] -> 0x0040
[6750] [M]: 0x80047CDC (0x0040006F) jal zero, 4


mem[X,0x80047CE0] -> 0x2623
mem[X,0x80047CE2] -> 0x2E31
[6751] [M]: 0x80047CE0 (0x2E312623) sw gp, 748(sp)
mem[0x8004AD50] <- 0x00000003


mem[X,0x80047CE4] -> 0x6537
mem[X,0x80047CE6] -> 0x6666
[6752] [M]: 0x80047CE4 (0x66666537) lui a0, 419430
x10 <- 0x66666000


mem[X,0x80047CE8] -> 0x0513
mem[X,0x80047CEA] -> 0x6655
[6753] [M]: 0x80047CE8 (0x66550513) addi a0, a0, 1637
x10 <- 0x66666665


mem[X,0x80047CEC] -> 0x0593
mem[X,0x80047CEE] -> 0x0060
[6754] [M]: 0x80047CEC (0x00600593) addi a1, zero, 6
x11 <- 0x00000006


mem[X,0x80047CF0] -> 0x0193
mem[X,0x80047CF2] -> 0x0000
[6755] [M]: 0x80047CF0 (0x00000193) addi gp, zero, 0
x3 <- 0x00000000


mem[X,0x80047CF4] -> 0x006F
mem[X,0x80047CF6] -> 0x00C0
[6756] [M]: 0x80047CF4 (0x00C0006F) jal zero, 12


mem[X,0x80047D00] -> 0x7063
mem[X,0x80047D02] -> 0x40B5
[6757] [M]: 0x80047D00 (0x40B57063) bgeu a0, a1, 1024


mem[X,0x80048100] -> 0x8193
mem[X,0x80048102] -> 0x0031
[6758] [M]: 0x80048100 (0x00318193) addi gp, gp, 3
x3 <- 0x00000003


mem[X,0x80048104] -> 0x006F
mem[X,0x80048106] -> 0x0040
[6759] [M]: 0x80048104 (0x0040006F) jal zero, 4


mem[X,0x80048108] -> 0x2823
mem[X,0x8004810A] -> 0x2E31
[6760] [M]: 0x80048108 (0x2E312823) sw gp, 752(sp)
mem[0x8004AD54] <- 0x00000003


mem[X,0x8004810C] -> 0x6537
mem[X,0x8004810E] -> 0x6666
[6761] [M]: 0x8004810C (0x66666537) lui a0, 419430
x10 <- 0x66666000


mem[X,0x80048110] -> 0x0513
mem[X,0x80048112] -> 0x6655
[6762] [M]: 0x80048110 (0x66550513) addi a0, a0, 1637
x10 <- 0x66666665


mem[X,0x80048114] -> 0x35B7
mem[X,0x80048116] -> 0x3333
[6763] [M]: 0x80048114 (0x333335B7) lui a1, 209715
x11 <- 0x33333000


mem[X,0x80048118] -> 0x8593
mem[X,0x8004811A] -> 0x3345
[6764] [M]: 0x80048118 (0x33458593) addi a1, a1, 820
x11 <- 0x33333334


mem[X,0x8004811C] -> 0x0193
mem[X,0x8004811E] -> 0x0000
[6765] [M]: 0x8004811C (0x00000193) addi gp, zero, 0
x3 <- 0x00000000


mem[X,0x80048120] -> 0x006F
mem[X,0x80048122] -> 0x00C0
[6766] [M]: 0x80048120 (0x00C0006F) jal zero, 12


mem[X,0x8004812C] -> 0x7663
mem[X,0x8004812E] -> 0x00B5
[6767] [M]: 0x8004812C (0x00B57663) bgeu a0, a1, 12


mem[X,0x80048138] -> 0x8193
mem[X,0x8004813A] -> 0x0031
[6768] [M]: 0x80048138 (0x00318193) addi gp, gp, 3
x3 <- 0x00000003


mem[X,0x8004813C] -> 0x006F
mem[X,0x8004813E] -> 0x0040
[6769] [M]: 0x8004813C (0x0040006F) jal zero, 4


mem[X,0x80048140] -> 0x2A23
mem[X,0x80048142] -> 0x2E31
[6770] [M]: 0x80048140 (0x2E312A23) sw gp, 756(sp)
mem[0x8004AD58] <- 0x00000003


mem[X,0x80048144] -> 0x6537
mem[X,0x80048146] -> 0x6666
[6771] [M]: 0x80048144 (0x66666537) lui a0, 419430
x10 <- 0x66666000


mem[X,0x80048148] -> 0x0513
mem[X,0x8004814A] -> 0x6655
[6772] [M]: 0x80048148 (0x66550513) addi a0, a0, 1637
x10 <- 0x66666665


mem[X,0x8004814C] -> 0x65B7
mem[X,0x8004814E] -> 0x6666
[6773] [M]: 0x8004814C (0x666665B7) lui a1, 419430
x11 <- 0x66666000


mem[X,0x80048150] -> 0x8593
mem[X,0x80048152] -> 0x6675
[6774] [M]: 0x80048150 (0x66758593) addi a1, a1, 1639
x11 <- 0x66666667


mem[X,0x80048154] -> 0x0193
mem[X,0x80048156] -> 0x0000
[6775] [M]: 0x80048154 (0x00000193) addi gp, zero, 0
x3 <- 0x00000000


mem[X,0x80048158] -> 0x006F
mem[X,0x8004815A] -> 0x0180
[6776] [M]: 0x80048158 (0x0180006F) jal zero, 24


mem[X,0x80048170] -> 0x76E3
mem[X,0x80048172] -> 0xFEB5
[6777] [M]: 0x80048170 (0xFEB576E3) bgeu a0, a1, 8172


mem[X,0x80048174] -> 0x8193
mem[X,0x80048176] -> 0x0021
[6778] [M]: 0x80048174 (0x00218193) addi gp, gp, 2
x3 <- 0x00000002


mem[X,0x80048178] -> 0x006F
mem[X,0x8004817A] -> 0x00C0
[6779] [M]: 0x80048178 (0x00C0006F) jal zero, 12


mem[X,0x80048184] -> 0x2C23
mem[X,0x80048186] -> 0x2E31
[6780] [M]: 0x80048184 (0x2E312C23) sw gp, 760(sp)
mem[0x8004AD5C] <- 0x00000002


mem[X,0x80048188] -> 0x6537
mem[X,0x8004818A] -> 0x6666
[6781] [M]: 0x80048188 (0x66666537) lui a0, 419430
x10 <- 0x66666000


mem[X,0x8004818C] -> 0x0513
mem[X,0x8004818E] -> 0x6655
[6782] [M]: 0x8004818C (0x66550513) addi a0, a0, 1637
x10 <- 0x66666665


mem[X,0x80048190] -> 0xB5B7
mem[X,0x80048192] -> 0x0000
[6783] [M]: 0x80048190 (0x0000B5B7) lui a1, 11
x11 <- 0x0000B000


mem[X,0x80048194] -> 0x8593
mem[X,0x80048196] -> 0x5055
[6784] [M]: 0x80048194 (0x50558593) addi a1, a1, 1285
x11 <- 0x0000B505


mem[X,0x80048198] -> 0x0193
mem[X,0x8004819A] -> 0x0000
[6785] [M]: 0x80048198 (0x00000193) addi gp, zero, 0
x3 <- 0x00000000


mem[X,0x8004819C] -> 0x006F
mem[X,0x8004819E] -> 0x00C0
[6786] [M]: 0x8004819C (0x00C0006F) jal zero, 12


mem[X,0x800481A8] -> 0x7663
mem[X,0x800481AA] -> 0x00B5
[6787] [M]: 0x800481A8 (0x00B57663) bgeu a0, a1, 12


mem[X,0x800481B4] -> 0x8193
mem[X,0x800481B6] -> 0x0031
[6788] [M]: 0x800481B4 (0x00318193) addi gp, gp, 3
x3 <- 0x00000003


mem[X,0x800481B8] -> 0x006F
mem[X,0x800481BA] -> 0x0040
[6789] [M]: 0x800481B8 (0x0040006F) jal zero, 4


mem[X,0x800481BC] -> 0x2E23
mem[X,0x800481BE] -> 0x2E31
[6790] [M]: 0x800481BC (0x2E312E23) sw gp, 764(sp)
mem[0x8004AD60] <- 0x00000003


mem[X,0x800481C0] -> 0x0513
mem[X,0x800481C2] -> 0x0080
[6791] [M]: 0x800481C0 (0x00800513) addi a0, zero, 8
x10 <- 0x00000008


mem[X,0x800481C4] -> 0x0593
mem[X,0x800481C6] -> 0xBFF0
[6792] [M]: 0x800481C4 (0xBFF00593) addi a1, zero, 3071
x11 <- 0xFFFFFBFF


mem[X,0x800481C8] -> 0x0193
mem[X,0x800481CA] -> 0x0000
[6793] [M]: 0x800481C8 (0x00000193) addi gp, zero, 0
x3 <- 0x00000000


mem[X,0x800481CC] -> 0x006F
mem[X,0x800481CE] -> 0x00C0
[6794] [M]: 0x800481CC (0x00C0006F) jal zero, 12


mem[X,0x800481D8] -> 0x7CE3
mem[X,0x800481DA] -> 0xFEB5
[6795] [M]: 0x800481D8 (0xFEB57CE3) bgeu a0, a1, 8184


mem[X,0x800481DC] -> 0x8193
mem[X,0x800481DE] -> 0x0021
[6796] [M]: 0x800481DC (0x00218193) addi gp, gp, 2
x3 <- 0x00000002


mem[X,0x800481E0] -> 0x006F
mem[X,0x800481E2] -> 0x00C0
[6797] [M]: 0x800481E0 (0x00C0006F) jal zero, 12


mem[X,0x800481EC] -> 0x2023
mem[X,0x800481EE] -> 0x3031
[6798] [M]: 0x800481EC (0x30312023) sw gp, 768(sp)
mem[0x8004AD64] <- 0x00000002


mem[X,0x800481F0] -> 0x0513
mem[X,0x800481F2] -> 0xFFE0
[6799] [M]: 0x800481F0 (0xFFE00513) addi a0, zero, 4094
x10 <- 0xFFFFFFFE


clint::tick mtime <- 0x0000000000000044
 clint timer pending at mtime 0x0000000000000044
htif::tick 0x0000000000000000
mem[X,0x800481F4] -> 0x0593
mem[X,0x800481F6] -> 0x0080
[6800] [M]: 0x800481F4 (0x00800593) addi a1, zero, 8
x11 <- 0x00000008


mem[X,0x800481F8] -> 0x0193
mem[X,0x800481FA] -> 0x0000
[6801] [M]: 0x800481F8 (0x00000193) addi gp, zero, 0
x3 <- 0x00000000


mem[X,0x800481FC] -> 0x006F
mem[X,0x800481FE] -> 0x0050
[6802] [M]: 0x800481FC (0x0050006F) jal zero, 2052


mem[X,0x80048A00] -> 0x70E3
mem[X,0x80048A02] -> 0x80B5
[6803] [M]: 0x80048A00 (0x80B570E3) bgeu a0, a1, 6144


mem[X,0x80048200] -> 0x8193
mem[X,0x80048202] -> 0x0011
[6804] [M]: 0x80048200 (0x00118193) addi gp, gp, 1
x3 <- 0x00000001


mem[X,0x80048204] -> 0x006F
mem[X,0x80048206] -> 0x0110
[6805] [M]: 0x80048204 (0x0110006F) jal zero, 2064


mem[X,0x80048A14] -> 0x2223
mem[X,0x80048A16] -> 0x3031
[6806] [M]: 0x80048A14 (0x30312223) sw gp, 772(sp)
mem[0x8004AD68] <- 0x00000001


mem[X,0x80048A18] -> 0x0013
mem[X,0x80048A1A] -> 0x0000
[6807] [M]: 0x80048A18 (0x00000013) addi zero, zero, 0


mem[X,0x80048A1C] -> 0x0013
mem[X,0x80048A1E] -> 0x0000
[6808] [M]: 0x80048A1C (0x00000013) addi zero, zero, 0


mem[X,0x80048A20] -> 0x0093
mem[X,0x80048A22] -> 0x0010
[6809] [M]: 0x80048A20 (0x00100093) addi ra, zero, 1
x1 <- 0x00000001


mem[X,0x80048A24] -> 0x0F17
mem[X,0x80048A26] -> 0x0000
[6810] [M]: 0x80048A24 (0x00000F17) auipc t5, 0
x30 <- 0x80048A24


mem[X,0x80048A28] -> 0x2E23
mem[X,0x80048A2A] -> 0x5C1F
[6811] [M]: 0x80048A28 (0x5C1F2E23) sw ra, 1500(t5)
htif[0x80049000] <- 0x00000001


mem[X,0x80048A2C] -> 0xF06F
mem[X,0x80048A2E] -> 0xFF9F
[6812] [M]: 0x80048A2C (0xFF9FF06F) jal zero, 2097144


mem[X,0x80048A24] -> 0x0F17
mem[X,0x80048A26] -> 0x0000
[6813] [M]: 0x80048A24 (0x00000F17) auipc t5, 0
x30 <- 0x80048A24


mem[X,0x80048A28] -> 0x2E23
mem[X,0x80048A2A] -> 0x5C1F
[6814] [M]: 0x80048A28 (0x5C1F2E23) sw ra, 1500(t5)
htif[0x80049000] <- 0x00000001


mem[X,0x80048A2C] -> 0xF06F
mem[X,0x80048A2E] -> 0xFF9F
[6815] [M]: 0x80048A2C (0xFF9FF06F) jal zero, 2097144


mem[X,0x80048A24] -> 0x0F17
mem[X,0x80048A26] -> 0x0000
[6816] [M]: 0x80048A24 (0x00000F17) auipc t5, 0
x30 <- 0x80048A24


mem[X,0x80048A28] -> 0x2E23
mem[X,0x80048A2A] -> 0x5C1F
[6817] [M]: 0x80048A28 (0x5C1F2E23) sw ra, 1500(t5)
htif[0x80049000] <- 0x00000001
htif-syscall-proxy cmd: 0x000000000001

SUCCESS
