using /home/moon/moon_verif/riscof_work/src/jalr-01.S/ref/Reference-sail_c_simulator.signature for test-signature output.
[Sail] Allocating new block 0x80000000
tohost located at 0x80001000
[Sail] Allocating new block 0x0

Running file sail-jalr-01.elf.
ELF Entry @ 0x80000000
begin_signature: 0x80002210
end_signature: 0x800022a0
CSR mstatus <- 0x00000000 (input: 0x00000000)
mem[X,0x00001000] -> 0x0297
mem[X,0x00001002] -> 0x0000
[0] [M]: 0x00001000 (0x00000297) auipc t0, 0
x5 <- 0x00001000


mem[X,0x00001004] -> 0x8593
mem[X,0x00001006] -> 0x0202
[1] [M]: 0x00001004 (0x02028593) addi a1, t0, 32
x11 <- 0x00001020


mem[X,0x00001008] -> 0x2573
mem[X,0x0000100A] -> 0xF140
[2] [M]: 0x00001008 (0xF1402573) csrrs a0, mhartid, zero
CSR mhartid -> 0x00000000
x10 <- 0x00000000


mem[X,0x0000100C] -> 0xA283
mem[X,0x0000100E] -> 0x0182
[3] [M]: 0x0000100C (0x0182A283) lw t0, 24(t0)
mem[R,0x00001018] -> 0x80000000
x5 <- 0x80000000


mem[X,0x00001010] -> 0x8067
mem[X,0x00001012] -> 0x0002
[4] [M]: 0x00001010 (0x00028067) jalr zero, t0, 0


mem[X,0x80000000] -> 0xC0B7
mem[X,0x80000002] -> 0xFEED
[5] [M]: 0x80000000 (0xFEEDC0B7) lui ra, 1044188
x1 <- 0xFEEDC000


mem[X,0x80000004] -> 0x8093
mem[X,0x80000006] -> 0xEAD0
[6] [M]: 0x80000004 (0xEAD08093) addi ra, ra, 3757
x1 <- 0xFEEDBEAD


mem[X,0x80000008] -> 0xE137
mem[X,0x8000000A] -> 0xFF76
[7] [M]: 0x80000008 (0xFF76E137) lui sp, 1046382
x2 <- 0xFF76E000


mem[X,0x8000000C] -> 0x0113
mem[X,0x8000000E] -> 0xF561
[8] [M]: 0x8000000C (0xF5610113) addi sp, sp, 3926
x2 <- 0xFF76DF56


mem[X,0x80000010] -> 0x71B7
mem[X,0x80000012] -> 0x7FBB
[9] [M]: 0x80000010 (0x7FBB71B7) lui gp, 523191
x3 <- 0x7FBB7000


mem[X,0x80000014] -> 0x8193
mem[X,0x80000016] -> 0xFAB1
[10] [M]: 0x80000014 (0xFAB18193) addi gp, gp, 4011
x3 <- 0x7FBB6FAB


mem[X,0x80000018] -> 0xB237
mem[X,0x8000001A] -> 0xBFDD
[11] [M]: 0x80000018 (0xBFDDB237) lui tp, 785883
x4 <- 0xBFDDB000


mem[X,0x8000001C] -> 0x0213
mem[X,0x8000001E] -> 0x7D52
[12] [M]: 0x8000001C (0x7D520213) addi tp, tp, 2005
x4 <- 0xBFDDB7D5


mem[X,0x80000020] -> 0x0297
mem[X,0x80000022] -> 0x0000
[13] [M]: 0x80000020 (0x00000297) auipc t0, 0
x5 <- 0x80000020


mem[X,0x80000024] -> 0x8293
mem[X,0x80000026] -> 0x0D82
[14] [M]: 0x80000024 (0x0D828293) addi t0, t0, 216
x5 <- 0x800000F8


mem[X,0x80000028] -> 0x2317
mem[X,0x8000002A] -> 0x0000
[15] [M]: 0x80000028 (0x00002317) auipc t1, 2
x6 <- 0x80002028


mem[X,0x8000002C] -> 0x0313
mem[X,0x8000002E] -> 0xFD83
[16] [M]: 0x8000002C (0xFD830313) addi t1, t1, 4056
x6 <- 0x80002000


mem[X,0x80000030] -> 0xB3B7
mem[X,0x80000032] -> 0xB7FB
[17] [M]: 0x80000030 (0xB7FBB3B7) lui t2, 753595
x7 <- 0xB7FBB000


mem[X,0x80000034] -> 0x8393
mem[X,0x80000036] -> 0x6FA3
[18] [M]: 0x80000034 (0x6FA38393) addi t2, t2, 1786
x7 <- 0xB7FBB6FA


mem[X,0x80000038] -> 0xE437
mem[X,0x8000003A] -> 0x5BFD
[19] [M]: 0x80000038 (0x5BFDE437) lui fp, 376798
x8 <- 0x5BFDE000


mem[X,0x8000003C] -> 0x0413
mem[X,0x8000003E] -> 0xB7D4
[20] [M]: 0x8000003C (0xB7D40413) addi fp, fp, 2941
x8 <- 0x5BFDDB7D


mem[X,0x80000040] -> 0xF4B7
mem[X,0x80000042] -> 0xADFE
[21] [M]: 0x80000040 (0xADFEF4B7) lui s1, 712687
x9 <- 0xADFEF000


mem[X,0x80000044] -> 0x8493
mem[X,0x80000046] -> 0xDBE4
[22] [M]: 0x80000044 (0xDBE48493) addi s1, s1, 3518
x9 <- 0xADFEEDBE


mem[X,0x80000048] -> 0x7537
mem[X,0x8000004A] -> 0x56FF
[23] [M]: 0x80000048 (0x56FF7537) lui a0, 356343
x10 <- 0x56FF7000


mem[X,0x8000004C] -> 0x0513
mem[X,0x8000004E] -> 0x6DF5
[24] [M]: 0x8000004C (0x6DF50513) addi a0, a0, 1759
x10 <- 0x56FF76DF


mem[X,0x80000050] -> 0xC5B7
mem[X,0x80000052] -> 0xAB7F
[25] [M]: 0x80000050 (0xAB7FC5B7) lui a1, 702460
x11 <- 0xAB7FC000


mem[X,0x80000054] -> 0x8593
mem[X,0x80000056] -> 0xB6F5
[26] [M]: 0x80000054 (0xB6F58593) addi a1, a1, 2927
x11 <- 0xAB7FBB6F


mem[X,0x80000058] -> 0xE637
mem[X,0x8000005A] -> 0xD5BF
[27] [M]: 0x80000058 (0xD5BFE637) lui a2, 875518
x12 <- 0xD5BFE000


mem[X,0x8000005C] -> 0x0613
mem[X,0x8000005E] -> 0xDB76
[28] [M]: 0x8000005C (0xDB760613) addi a2, a2, 3511
x12 <- 0xD5BFDDB7


mem[X,0x80000060] -> 0xF6B7
mem[X,0x80000062] -> 0xEADF
[29] [M]: 0x80000060 (0xEADFF6B7) lui a3, 962047
x13 <- 0xEADFF000


mem[X,0x80000064] -> 0x8693
mem[X,0x80000066] -> 0xEDB6
[30] [M]: 0x80000064 (0xEDB68693) addi a3, a3, 3803
x13 <- 0xEADFEEDB


mem[X,0x80000068] -> 0xF737
mem[X,0x8000006A] -> 0xF56F
[31] [M]: 0x80000068 (0xF56FF737) lui a4, 1005311
x14 <- 0xF56FF000


mem[X,0x8000006C] -> 0x0713
mem[X,0x8000006E] -> 0x76D7
[32] [M]: 0x8000006C (0x76D70713) addi a4, a4, 1901
x14 <- 0xF56FF76D


mem[X,0x80000070] -> 0x07B7
mem[X,0x80000072] -> 0xFAB8
[33] [M]: 0x80000070 (0xFAB807B7) lui a5, 1026944
x15 <- 0xFAB80000


mem[X,0x80000074] -> 0x8793
mem[X,0x80000076] -> 0xBB67
[34] [M]: 0x80000074 (0xBB678793) addi a5, a5, 2998
x15 <- 0xFAB7FBB6


mem[X,0x80000078] -> 0x0837
mem[X,0x8000007A] -> 0x7D5C
[35] [M]: 0x80000078 (0x7D5C0837) lui a6, 513472
x16 <- 0x7D5C0000


mem[X,0x8000007C] -> 0x0813
mem[X,0x8000007E] -> 0xDDB8
[36] [M]: 0x8000007C (0xDDB80813) addi a6, a6, 3547
x16 <- 0x7D5BFDDB


mem[X,0x80000080] -> 0x08B7
mem[X,0x80000082] -> 0xBEAE
[37] [M]: 0x80000080 (0xBEAE08B7) lui a7, 781024
x17 <- 0xBEAE0000


mem[X,0x80000084] -> 0x8893
mem[X,0x80000086] -> 0xEED8
[38] [M]: 0x80000084 (0xEED88893) addi a7, a7, 3821
x17 <- 0xBEADFEED


mem[X,0x80000088] -> 0x0937
mem[X,0x8000008A] -> 0xDF57
[39] [M]: 0x80000088 (0xDF570937) lui s2, 914800
x18 <- 0xDF570000


mem[X,0x8000008C] -> 0x0913
mem[X,0x8000008E] -> 0xF769
[40] [M]: 0x8000008C (0xF7690913) addi s2, s2, 3958
x18 <- 0xDF56FF76


mem[X,0x80000090] -> 0x89B7
mem[X,0x80000092] -> 0x6FAB
[41] [M]: 0x80000090 (0x6FAB89B7) lui s3, 457400
x19 <- 0x6FAB8000


mem[X,0x80000094] -> 0x8993
mem[X,0x80000096] -> 0xFBB9
[42] [M]: 0x80000094 (0xFBB98993) addi s3, s3, 4027
x19 <- 0x6FAB7FBB


mem[X,0x80000098] -> 0xCA37
mem[X,0x8000009A] -> 0xB7D5
[43] [M]: 0x80000098 (0xB7D5CA37) lui s4, 752988
x20 <- 0xB7D5C000


mem[X,0x8000009C] -> 0x0A13
mem[X,0x8000009E] -> 0xFDDA
[44] [M]: 0x8000009C (0xFDDA0A13) addi s4, s4, 4061
x20 <- 0xB7D5BFDD


mem[X,0x800000A0] -> 0xEAB7
mem[X,0x800000A2] -> 0xDBEA
[45] [M]: 0x800000A0 (0xDBEAEAB7) lui s5, 900782
x21 <- 0xDBEAE000


mem[X,0x800000A4] -> 0x8A93
mem[X,0x800000A6] -> 0xFEEA
[46] [M]: 0x800000A4 (0xFEEA8A93) addi s5, s5, 4078
x21 <- 0xDBEADFEE


mem[X,0x800000A8] -> 0x7B37
mem[X,0x800000AA] -> 0x6DF5
[47] [M]: 0x800000A8 (0x6DF57B37) lui s6, 450391
x22 <- 0x6DF57000


mem[X,0x800000AC] -> 0x0B13
mem[X,0x800000AE] -> 0xFF7B
[48] [M]: 0x800000AC (0xFF7B0B13) addi s6, s6, 4087
x22 <- 0x6DF56FF7


mem[X,0x800000B0] -> 0xBBB7
mem[X,0x800000B2] -> 0xB6FA
[49] [M]: 0x800000B0 (0xB6FABBB7) lui s7, 749483
x23 <- 0xB6FAB000


mem[X,0x800000B4] -> 0x8B93
mem[X,0x800000B6] -> 0x7FBB
[50] [M]: 0x800000B4 (0x7FBB8B93) addi s7, s7, 2043
x23 <- 0xB6FAB7FB


mem[X,0x800000B8] -> 0x6C37
mem[X,0x800000BA] -> 0xDB7D
[51] [M]: 0x800000B8 (0xDB7D6C37) lui s8, 899030
x24 <- 0xDB7D6000


mem[X,0x800000BC] -> 0x0C13
mem[X,0x800000BE] -> 0xBFDC
[52] [M]: 0x800000BC (0xBFDC0C13) addi s8, s8, 3069
x24 <- 0xDB7D5BFD


mem[X,0x800000C0] -> 0xBCB7
mem[X,0x800000C2] -> 0xEDBE
[53] [M]: 0x800000C0 (0xEDBEBCB7) lui s9, 973803
x25 <- 0xEDBEB000


mem[X,0x800000C4] -> 0x8C93
mem[X,0x800000C6] -> 0xDFEC
[54] [M]: 0x800000C4 (0xDFEC8C93) addi s9, s9, 3582
x25 <- 0xEDBEADFE


mem[X,0x800000C8] -> 0x5D37
mem[X,0x800000CA] -> 0x76DF
[55] [M]: 0x800000C8 (0x76DF5D37) lui s10, 486901
x26 <- 0x76DF5000


mem[X,0x800000CC] -> 0x0D13
mem[X,0x800000CE] -> 0x6FFD
[56] [M]: 0x800000CC (0x6FFD0D13) addi s10, s10, 1791
x26 <- 0x76DF56FF


mem[X,0x800000D0] -> 0xBDB7
mem[X,0x800000D2] -> 0xBB6F
[57] [M]: 0x800000D0 (0xBB6FBDB7) lui s11, 767739
x27 <- 0xBB6FB000


mem[X,0x800000D4] -> 0x8D93
mem[X,0x800000D6] -> 0xB7FD
[58] [M]: 0x800000D4 (0xB7FD8D93) addi s11, s11, 2943
x27 <- 0xBB6FAB7F


mem[X,0x800000D8] -> 0xDE37
mem[X,0x800000DA] -> 0xDDB7
[59] [M]: 0x800000D8 (0xDDB7DE37) lui t3, 908157
x28 <- 0xDDB7D000


mem[X,0x800000DC] -> 0x0E13
mem[X,0x800000DE] -> 0x5BFE
[60] [M]: 0x800000DC (0x5BFE0E13) addi t3, t3, 1471
x28 <- 0xDDB7D5BF


mem[X,0x800000E0] -> 0xFEB7
mem[X,0x800000E2] -> 0xEEDB
[61] [M]: 0x800000E0 (0xEEDBFEB7) lui t4, 978367
x29 <- 0xEEDBF000


mem[X,0x800000E4] -> 0x8E93
mem[X,0x800000E6] -> 0xADFE
[62] [M]: 0x800000E4 (0xADFE8E93) addi t4, t4, 2783
x29 <- 0xEEDBEADF


mem[X,0x800000E8] -> 0xFF37
mem[X,0x800000EA] -> 0xF76D
[63] [M]: 0x800000E8 (0xF76DFF37) lui t5, 1013471
x30 <- 0xF76DF000


mem[X,0x800000EC] -> 0x0F13
mem[X,0x800000EE] -> 0x56FF
[64] [M]: 0x800000EC (0x56FF0F13) addi t5, t5, 1391
x30 <- 0xF76DF56F


mem[X,0x800000F0] -> 0x0FB7
mem[X,0x800000F2] -> 0xFBB7
[65] [M]: 0x800000F0 (0xFBB70FB7) lui t6, 1031024
x31 <- 0xFBB70000


mem[X,0x800000F4] -> 0x8F93
mem[X,0x800000F6] -> 0xAB7F
[66] [M]: 0x800000F4 (0xAB7F8F93) addi t6, t6, 2743
x31 <- 0xFBB6FAB7


mem[X,0x800000F8] -> 0x2517
mem[X,0x800000FA] -> 0x0000
[67] [M]: 0x800000F8 (0x00002517) auipc a0, 2
x10 <- 0x800020F8


mem[X,0x800000FC] -> 0x0513
mem[X,0x800000FE] -> 0x11C5
[68] [M]: 0x800000FC (0x11C50513) addi a0, a0, 284
x10 <- 0x80002214


mem[X,0x80000100] -> 0x0C97
mem[X,0x80000102] -> 0x0000
[69] [M]: 0x80000100 (0x00000C97) auipc s9, 0
x25 <- 0x80000100


mem[X,0x80000104] -> 0x8C93
mem[X,0x80000106] -> 0x000C
[70] [M]: 0x80000104 (0x000C8C93) addi s9, s9, 0
x25 <- 0x80000100


mem[X,0x80000108] -> 0x0217
mem[X,0x8000010A] -> 0x0000
[71] [M]: 0x80000108 (0x00000217) auipc tp, 0
x4 <- 0x80000108


mem[X,0x8000010C] -> 0x0213
mem[X,0x8000010E] -> 0xFDC2
[72] [M]: 0x8000010C (0xFDC20213) addi tp, tp, 4060
x4 <- 0x800000E4


mem[X,0x80000110] -> 0x0CE7
mem[X,0x80000112] -> 0x0402
[73] [M]: 0x80000110 (0x04020CE7) jalr s9, tp, 64
x25 <- 0x80000114


mem[X,0x80000124] -> 0xCC93
mem[X,0x80000126] -> 0x003C
[74] [M]: 0x80000124 (0x003CCC93) xori s9, s9, 3
x25 <- 0x80000117


mem[X,0x80000128] -> 0x006F
mem[X,0x8000012A] -> 0x0040
[75] [M]: 0x80000128 (0x0040006F) jal zero, 4


mem[X,0x8000012C] -> 0x0797
mem[X,0x8000012E] -> 0x0000
[76] [M]: 0x8000012C (0x00000797) auipc a5, 0
x15 <- 0x8000012C


mem[X,0x80000130] -> 0x8793
mem[X,0x80000132] -> 0xFD47
[77] [M]: 0x80000130 (0xFD478793) addi a5, a5, 4052
x15 <- 0x80000100


mem[X,0x80000134] -> 0xF793
mem[X,0x80000136] -> 0xFFC7
[78] [M]: 0x80000134 (0xFFC7F793) andi a5, a5, 4092
x15 <- 0x80000100


mem[X,0x80000138] -> 0x8CB3
mem[X,0x8000013A] -> 0x40FC
[79] [M]: 0x80000138 (0x40FC8CB3) sub s9, s9, a5
x25 <- 0x00000017


mem[X,0x8000013C] -> 0x2023
mem[X,0x8000013E] -> 0x0195
[80] [M]: 0x8000013C (0x01952023) sw s9, 0(a0)
mem[0x80002214] <- 0x00000017


mem[X,0x80000140] -> 0x0817
mem[X,0x80000142] -> 0x0000
[81] [M]: 0x80000140 (0x00000817) auipc a6, 0
x16 <- 0x80000140


mem[X,0x80000144] -> 0x0813
mem[X,0x80000146] -> 0x0008
[82] [M]: 0x80000144 (0x00080813) addi a6, a6, 0
x16 <- 0x80000140


mem[X,0x80000148] -> 0x0197
mem[X,0x8000014A] -> 0x0000
[83] [M]: 0x80000148 (0x00000197) auipc gp, 0
x3 <- 0x80000148


mem[X,0x8000014C] -> 0x8193
mem[X,0x8000014E] -> 0x01B1
[84] [M]: 0x8000014C (0x01B18193) addi gp, gp, 27
x3 <- 0x80000163


mem[X,0x80000150] -> 0x8867
mem[X,0x80000152] -> 0x0011
[85] [M]: 0x80000150 (0x00118867) jalr a6, gp, 1
x16 <- 0x80000154


mem[X,0x80000164] -> 0x4813
mem[X,0x80000166] -> 0x0038
[86] [M]: 0x80000164 (0x00384813) xori a6, a6, 3
x16 <- 0x80000157


mem[X,0x80000168] -> 0x006F
mem[X,0x8000016A] -> 0x0040
[87] [M]: 0x80000168 (0x0040006F) jal zero, 4


mem[X,0x8000016C] -> 0x0797
mem[X,0x8000016E] -> 0x0000
[88] [M]: 0x8000016C (0x00000797) auipc a5, 0
x15 <- 0x8000016C


mem[X,0x80000170] -> 0x8793
mem[X,0x80000172] -> 0xFD47
[89] [M]: 0x80000170 (0xFD478793) addi a5, a5, 4052
x15 <- 0x80000140


mem[X,0x80000174] -> 0xF793
mem[X,0x80000176] -> 0xFFC7
[90] [M]: 0x80000174 (0xFFC7F793) andi a5, a5, 4092
x15 <- 0x80000140


mem[X,0x80000178] -> 0x0833
mem[X,0x8000017A] -> 0x40F8
[91] [M]: 0x80000178 (0x40F80833) sub a6, a6, a5
x16 <- 0x00000017


mem[X,0x8000017C] -> 0x2423
mem[X,0x8000017E] -> 0x0105
[92] [M]: 0x8000017C (0x01052423) sw a6, 8(a0)
mem[0x8000221C] <- 0x00000017


mem[X,0x80000180] -> 0x0617
mem[X,0x80000182] -> 0x0000
[93] [M]: 0x80000180 (0x00000617) auipc a2, 0
x12 <- 0x80000180


mem[X,0x80000184] -> 0x0613
mem[X,0x80000186] -> 0x0006
[94] [M]: 0x80000184 (0x00060613) addi a2, a2, 0
x12 <- 0x80000180


mem[X,0x80000188] -> 0x0B97
mem[X,0x8000018A] -> 0x0000
[95] [M]: 0x80000188 (0x00000B97) auipc s7, 0
x23 <- 0x80000188


mem[X,0x8000018C] -> 0x8B93
mem[X,0x8000018E] -> 0x01AB
[96] [M]: 0x8000018C (0x01AB8B93) addi s7, s7, 26
x23 <- 0x800001A2


mem[X,0x80000190] -> 0x8667
mem[X,0x80000192] -> 0x002B
[97] [M]: 0x80000190 (0x002B8667) jalr a2, s7, 2
x12 <- 0x80000194


mem[X,0x800001A4] -> 0x4613
mem[X,0x800001A6] -> 0x0036
[98] [M]: 0x800001A4 (0x00364613) xori a2, a2, 3
x12 <- 0x80000197


mem[X,0x800001A8] -> 0x006F
mem[X,0x800001AA] -> 0x0040
[99] [M]: 0x800001A8 (0x0040006F) jal zero, 4


clint::tick mtime <- 0x0000000000000001
 clint timer pending at mtime 0x0000000000000001
htif::tick 0x0000000000000000
mem[X,0x800001AC] -> 0x0797
mem[X,0x800001AE] -> 0x0000
[100] [M]: 0x800001AC (0x00000797) auipc a5, 0
x15 <- 0x800001AC


mem[X,0x800001B0] -> 0x8793
mem[X,0x800001B2] -> 0xFD47
[101] [M]: 0x800001B0 (0xFD478793) addi a5, a5, 4052
x15 <- 0x80000180


mem[X,0x800001B4] -> 0xF793
mem[X,0x800001B6] -> 0xFFC7
[102] [M]: 0x800001B4 (0xFFC7F793) andi a5, a5, 4092
x15 <- 0x80000180


mem[X,0x800001B8] -> 0x0633
mem[X,0x800001BA] -> 0x40F6
[103] [M]: 0x800001B8 (0x40F60633) sub a2, a2, a5
x12 <- 0x00000017


mem[X,0x800001BC] -> 0x2623
mem[X,0x800001BE] -> 0x00C5
[104] [M]: 0x800001BC (0x00C52623) sw a2, 12(a0)
mem[0x80002220] <- 0x00000017


mem[X,0x800001C0] -> 0x0697
mem[X,0x800001C2] -> 0x0000
[105] [M]: 0x800001C0 (0x00000697) auipc a3, 0
x13 <- 0x800001C0


mem[X,0x800001C4] -> 0x8693
mem[X,0x800001C6] -> 0x0006
[106] [M]: 0x800001C4 (0x00068693) addi a3, a3, 0
x13 <- 0x800001C0


mem[X,0x800001C8] -> 0x0D97
mem[X,0x800001CA] -> 0x0000
[107] [M]: 0x800001C8 (0x00000D97) auipc s11, 0
x27 <- 0x800001C8


mem[X,0x800001CC] -> 0x8D93
mem[X,0x800001CE] -> 0x018D
[108] [M]: 0x800001CC (0x018D8D93) addi s11, s11, 24
x27 <- 0x800001E0


mem[X,0x800001D0] -> 0x86E7
mem[X,0x800001D2] -> 0x004D
[109] [M]: 0x800001D0 (0x004D86E7) jalr a3, s11, 4
x13 <- 0x800001D4


mem[X,0x800001E4] -> 0xC693
mem[X,0x800001E6] -> 0x0036
[110] [M]: 0x800001E4 (0x0036C693) xori a3, a3, 3
x13 <- 0x800001D7


mem[X,0x800001E8] -> 0x006F
mem[X,0x800001EA] -> 0x0040
[111] [M]: 0x800001E8 (0x0040006F) jal zero, 4


mem[X,0x800001EC] -> 0x0797
mem[X,0x800001EE] -> 0x0000
[112] [M]: 0x800001EC (0x00000797) auipc a5, 0
x15 <- 0x800001EC


mem[X,0x800001F0] -> 0x8793
mem[X,0x800001F2] -> 0xFD47
[113] [M]: 0x800001F0 (0xFD478793) addi a5, a5, 4052
x15 <- 0x800001C0


mem[X,0x800001F4] -> 0xF793
mem[X,0x800001F6] -> 0xFFC7
[114] [M]: 0x800001F4 (0xFFC7F793) andi a5, a5, 4092
x15 <- 0x800001C0


mem[X,0x800001F8] -> 0x86B3
mem[X,0x800001FA] -> 0x40F6
[115] [M]: 0x800001F8 (0x40F686B3) sub a3, a3, a5
x13 <- 0x00000017


mem[X,0x800001FC] -> 0x2823
mem[X,0x800001FE] -> 0x00D5
[116] [M]: 0x800001FC (0x00D52823) sw a3, 16(a0)
mem[0x80002224] <- 0x00000017


mem[X,0x80000200] -> 0x0417
mem[X,0x80000202] -> 0x0000
[117] [M]: 0x80000200 (0x00000417) auipc fp, 0
x8 <- 0x80000200


mem[X,0x80000204] -> 0x0413
mem[X,0x80000206] -> 0x0004
[118] [M]: 0x80000204 (0x00040413) addi fp, fp, 0
x8 <- 0x80000200


mem[X,0x80000208] -> 0x0317
mem[X,0x8000020A] -> 0x0000
[119] [M]: 0x80000208 (0x00000317) auipc t1, 0
x6 <- 0x80000208


mem[X,0x8000020C] -> 0x0313
mem[X,0x8000020E] -> 0x0143
[120] [M]: 0x8000020C (0x01430313) addi t1, t1, 20
x6 <- 0x8000021C


mem[X,0x80000210] -> 0x0467
mem[X,0x80000212] -> 0x0083
[121] [M]: 0x80000210 (0x00830467) jalr fp, t1, 8
x8 <- 0x80000214


mem[X,0x80000224] -> 0x4413
mem[X,0x80000226] -> 0x0034
[122] [M]: 0x80000224 (0x00344413) xori fp, fp, 3
x8 <- 0x80000217


mem[X,0x80000228] -> 0x006F
mem[X,0x8000022A] -> 0x0040
[123] [M]: 0x80000228 (0x0040006F) jal zero, 4


mem[X,0x8000022C] -> 0x0797
mem[X,0x8000022E] -> 0x0000
[124] [M]: 0x8000022C (0x00000797) auipc a5, 0
x15 <- 0x8000022C


mem[X,0x80000230] -> 0x8793
mem[X,0x80000232] -> 0xFD47
[125] [M]: 0x80000230 (0xFD478793) addi a5, a5, 4052
x15 <- 0x80000200


mem[X,0x80000234] -> 0xF793
mem[X,0x80000236] -> 0xFFC7
[126] [M]: 0x80000234 (0xFFC7F793) andi a5, a5, 4092
x15 <- 0x80000200


mem[X,0x80000238] -> 0x0433
mem[X,0x8000023A] -> 0x40F4
[127] [M]: 0x80000238 (0x40F40433) sub fp, fp, a5
x8 <- 0x00000017


mem[X,0x8000023C] -> 0x2A23
mem[X,0x8000023E] -> 0x0085
[128] [M]: 0x8000023C (0x00852A23) sw fp, 20(a0)
mem[0x80002228] <- 0x00000017


mem[X,0x80000240] -> 0x0F17
mem[X,0x80000242] -> 0x0000
[129] [M]: 0x80000240 (0x00000F17) auipc t5, 0
x30 <- 0x80000240


mem[X,0x80000244] -> 0x0F13
mem[X,0x80000246] -> 0x000F
[130] [M]: 0x80000244 (0x000F0F13) addi t5, t5, 0
x30 <- 0x80000240


mem[X,0x80000248] -> 0x0617
mem[X,0x8000024A] -> 0x0000
[131] [M]: 0x80000248 (0x00000617) auipc a2, 0
x12 <- 0x80000248


mem[X,0x8000024C] -> 0x0613
mem[X,0x8000024E] -> 0x00C6
[132] [M]: 0x8000024C (0x00C60613) addi a2, a2, 12
x12 <- 0x80000254


mem[X,0x80000250] -> 0x0F67
mem[X,0x80000252] -> 0x0106
[133] [M]: 0x80000250 (0x01060F67) jalr t5, a2, 16
x30 <- 0x80000254


mem[X,0x80000264] -> 0x4F13
mem[X,0x80000266] -> 0x003F
[134] [M]: 0x80000264 (0x003F4F13) xori t5, t5, 3
x30 <- 0x80000257


mem[X,0x80000268] -> 0x006F
mem[X,0x8000026A] -> 0x0040
[135] [M]: 0x80000268 (0x0040006F) jal zero, 4


mem[X,0x8000026C] -> 0x0797
mem[X,0x8000026E] -> 0x0000
[136] [M]: 0x8000026C (0x00000797) auipc a5, 0
x15 <- 0x8000026C


mem[X,0x80000270] -> 0x8793
mem[X,0x80000272] -> 0xFD47
[137] [M]: 0x80000270 (0xFD478793) addi a5, a5, 4052
x15 <- 0x80000240


mem[X,0x80000274] -> 0xF793
mem[X,0x80000276] -> 0xFFC7
[138] [M]: 0x80000274 (0xFFC7F793) andi a5, a5, 4092
x15 <- 0x80000240


mem[X,0x80000278] -> 0x0F33
mem[X,0x8000027A] -> 0x40FF
[139] [M]: 0x80000278 (0x40FF0F33) sub t5, t5, a5
x30 <- 0x00000017


mem[X,0x8000027C] -> 0x2C23
mem[X,0x8000027E] -> 0x01E5
[140] [M]: 0x8000027C (0x01E52C23) sw t5, 24(a0)
mem[0x8000222C] <- 0x00000017


mem[X,0x80000280] -> 0x0017
mem[X,0x80000282] -> 0x0000
[141] [M]: 0x80000280 (0x00000017) auipc zero, 0


mem[X,0x80000284] -> 0x0013
mem[X,0x80000286] -> 0x0000
[142] [M]: 0x80000284 (0x00000013) addi zero, zero, 0


mem[X,0x80000288] -> 0x0F97
mem[X,0x8000028A] -> 0x0000
[143] [M]: 0x80000288 (0x00000F97) auipc t6, 0
x31 <- 0x80000288


mem[X,0x8000028C] -> 0x8F93
mem[X,0x8000028E] -> 0xFFCF
[144] [M]: 0x8000028C (0xFFCF8F93) addi t6, t6, 4092
x31 <- 0x80000284


mem[X,0x80000290] -> 0x8067
mem[X,0x80000292] -> 0x020F
[145] [M]: 0x80000290 (0x020F8067) jalr zero, t6, 32


mem[X,0x800002A4] -> 0x4013
mem[X,0x800002A6] -> 0x0030
[146] [M]: 0x800002A4 (0x00304013) xori zero, zero, 3


mem[X,0x800002A8] -> 0x006F
mem[X,0x800002AA] -> 0x0040
[147] [M]: 0x800002A8 (0x0040006F) jal zero, 4


mem[X,0x800002AC] -> 0x0797
mem[X,0x800002AE] -> 0x0000
[148] [M]: 0x800002AC (0x00000797) auipc a5, 0
x15 <- 0x800002AC


mem[X,0x800002B0] -> 0x8793
mem[X,0x800002B2] -> 0xFD47
[149] [M]: 0x800002B0 (0xFD478793) addi a5, a5, 4052
x15 <- 0x80000280


mem[X,0x800002B4] -> 0xF793
mem[X,0x800002B6] -> 0xFFC7
[150] [M]: 0x800002B4 (0xFFC7F793) andi a5, a5, 4092
x15 <- 0x80000280


mem[X,0x800002B8] -> 0x0033
mem[X,0x800002BA] -> 0x40F0
[151] [M]: 0x800002B8 (0x40F00033) sub zero, zero, a5


mem[X,0x800002BC] -> 0x2E23
mem[X,0x800002BE] -> 0x0005
[152] [M]: 0x800002BC (0x00052E23) sw zero, 28(a0)
mem[0x80002230] <- 0x00000000


mem[X,0x800002C0] -> 0x0197
mem[X,0x800002C2] -> 0x0000
[153] [M]: 0x800002C0 (0x00000197) auipc gp, 0
x3 <- 0x800002C0


mem[X,0x800002C4] -> 0x8193
mem[X,0x800002C6] -> 0x0001
[154] [M]: 0x800002C4 (0x00018193) addi gp, gp, 0
x3 <- 0x800002C0


mem[X,0x800002C8] -> 0x0A17
mem[X,0x800002CA] -> 0x0000
[155] [M]: 0x800002C8 (0x00000A17) auipc s4, 0
x20 <- 0x800002C8


mem[X,0x800002CC] -> 0x0A13
mem[X,0x800002CE] -> 0xF9CA
[156] [M]: 0x800002CC (0xF9CA0A13) addi s4, s4, 3996
x20 <- 0x80000264


mem[X,0x800002D0] -> 0x01E7
mem[X,0x800002D2] -> 0x080A
[157] [M]: 0x800002D0 (0x080A01E7) jalr gp, s4, 128
x3 <- 0x800002D4


mem[X,0x800002E4] -> 0xC193
mem[X,0x800002E6] -> 0x0031
[158] [M]: 0x800002E4 (0x0031C193) xori gp, gp, 3
x3 <- 0x800002D7


mem[X,0x800002E8] -> 0x006F
mem[X,0x800002EA] -> 0x0040
[159] [M]: 0x800002E8 (0x0040006F) jal zero, 4


mem[X,0x800002EC] -> 0x0797
mem[X,0x800002EE] -> 0x0000
[160] [M]: 0x800002EC (0x00000797) auipc a5, 0
x15 <- 0x800002EC


mem[X,0x800002F0] -> 0x8793
mem[X,0x800002F2] -> 0xFD47
[161] [M]: 0x800002F0 (0xFD478793) addi a5, a5, 4052
x15 <- 0x800002C0


mem[X,0x800002F4] -> 0xF793
mem[X,0x800002F6] -> 0xFFC7
[162] [M]: 0x800002F4 (0xFFC7F793) andi a5, a5, 4092
x15 <- 0x800002C0


mem[X,0x800002F8] -> 0x81B3
mem[X,0x800002FA] -> 0x40F1
[163] [M]: 0x800002F8 (0x40F181B3) sub gp, gp, a5
x3 <- 0x00000017


mem[X,0x800002FC] -> 0x2023
mem[X,0x800002FE] -> 0x0235
[164] [M]: 0x800002FC (0x02352023) sw gp, 32(a0)
mem[0x80002234] <- 0x00000017


mem[X,0x80000300] -> 0x0997
mem[X,0x80000302] -> 0x0000
[165] [M]: 0x80000300 (0x00000997) auipc s3, 0
x19 <- 0x80000300


mem[X,0x80000304] -> 0x8993
mem[X,0x80000306] -> 0x0009
[166] [M]: 0x80000304 (0x00098993) addi s3, s3, 0
x19 <- 0x80000300


mem[X,0x80000308] -> 0x0697
mem[X,0x8000030A] -> 0x0000
[167] [M]: 0x80000308 (0x00000697) auipc a3, 0
x13 <- 0x80000308


mem[X,0x8000030C] -> 0x8693
mem[X,0x8000030E] -> 0xF1C6
[168] [M]: 0x8000030C (0xF1C68693) addi a3, a3, 3868
x13 <- 0x80000224


mem[X,0x80000310] -> 0x89E7
mem[X,0x80000312] -> 0x1006
[169] [M]: 0x80000310 (0x100689E7) jalr s3, a3, 256
x19 <- 0x80000314


mem[X,0x80000324] -> 0xC993
mem[X,0x80000326] -> 0x0039
[170] [M]: 0x80000324 (0x0039C993) xori s3, s3, 3
x19 <- 0x80000317


mem[X,0x80000328] -> 0x006F
mem[X,0x8000032A] -> 0x0040
[171] [M]: 0x80000328 (0x0040006F) jal zero, 4


mem[X,0x8000032C] -> 0x0797
mem[X,0x8000032E] -> 0x0000
[172] [M]: 0x8000032C (0x00000797) auipc a5, 0
x15 <- 0x8000032C


mem[X,0x80000330] -> 0x8793
mem[X,0x80000332] -> 0xFD47
[173] [M]: 0x80000330 (0xFD478793) addi a5, a5, 4052
x15 <- 0x80000300


mem[X,0x80000334] -> 0xF793
mem[X,0x80000336] -> 0xFFC7
[174] [M]: 0x80000334 (0xFFC7F793) andi a5, a5, 4092
x15 <- 0x80000300


mem[X,0x80000338] -> 0x89B3
mem[X,0x8000033A] -> 0x40F9
[175] [M]: 0x80000338 (0x40F989B3) sub s3, s3, a5
x19 <- 0x00000017


mem[X,0x8000033C] -> 0x2223
mem[X,0x8000033E] -> 0x0335
[176] [M]: 0x8000033C (0x03352223) sw s3, 36(a0)
mem[0x80002238] <- 0x00000017


mem[X,0x80000340] -> 0x0E97
mem[X,0x80000342] -> 0x0000
[177] [M]: 0x80000340 (0x00000E97) auipc t4, 0
x29 <- 0x80000340


mem[X,0x80000344] -> 0x8E93
mem[X,0x80000346] -> 0x000E
[178] [M]: 0x80000344 (0x000E8E93) addi t4, t4, 0
x29 <- 0x80000340


mem[X,0x80000348] -> 0x0417
mem[X,0x8000034A] -> 0x0000
[179] [M]: 0x80000348 (0x00000417) auipc fp, 0
x8 <- 0x80000348


mem[X,0x8000034C] -> 0x0413
mem[X,0x8000034E] -> 0xE1C4
[180] [M]: 0x8000034C (0xE1C40413) addi fp, fp, 3612
x8 <- 0x80000164


mem[X,0x80000350] -> 0x0EE7
mem[X,0x80000352] -> 0x2004
[181] [M]: 0x80000350 (0x20040EE7) jalr t4, fp, 512
x29 <- 0x80000354


mem[X,0x80000364] -> 0xCE93
mem[X,0x80000366] -> 0x003E
[182] [M]: 0x80000364 (0x003ECE93) xori t4, t4, 3
x29 <- 0x80000357


mem[X,0x80000368] -> 0x006F
mem[X,0x8000036A] -> 0x0040
[183] [M]: 0x80000368 (0x0040006F) jal zero, 4


mem[X,0x8000036C] -> 0x0797
mem[X,0x8000036E] -> 0x0000
[184] [M]: 0x8000036C (0x00000797) auipc a5, 0
x15 <- 0x8000036C


mem[X,0x80000370] -> 0x8793
mem[X,0x80000372] -> 0xFD47
[185] [M]: 0x80000370 (0xFD478793) addi a5, a5, 4052
x15 <- 0x80000340


mem[X,0x80000374] -> 0xF793
mem[X,0x80000376] -> 0xFFC7
[186] [M]: 0x80000374 (0xFFC7F793) andi a5, a5, 4092
x15 <- 0x80000340


mem[X,0x80000378] -> 0x8EB3
mem[X,0x8000037A] -> 0x40FE
[187] [M]: 0x80000378 (0x40FE8EB3) sub t4, t4, a5
x29 <- 0x00000017


mem[X,0x8000037C] -> 0x2423
mem[X,0x8000037E] -> 0x03D5
[188] [M]: 0x8000037C (0x03D52423) sw t4, 40(a0)
mem[0x8000223C] <- 0x00000017


mem[X,0x80000380] -> 0x0B17
mem[X,0x80000382] -> 0x0000
[189] [M]: 0x80000380 (0x00000B17) auipc s6, 0
x22 <- 0x80000380


mem[X,0x80000384] -> 0x0B13
mem[X,0x80000386] -> 0x000B
[190] [M]: 0x80000384 (0x000B0B13) addi s6, s6, 0
x22 <- 0x80000380


mem[X,0x80000388] -> 0x0F17
mem[X,0x8000038A] -> 0x0000
[191] [M]: 0x80000388 (0x00000F17) auipc t5, 0
x30 <- 0x80000388


mem[X,0x8000038C] -> 0x0F13
mem[X,0x8000038E] -> 0xC1CF
[192] [M]: 0x8000038C (0xC1CF0F13) addi t5, t5, 3100
x30 <- 0x7FFFFFA4


mem[X,0x80000390] -> 0x0B67
mem[X,0x80000392] -> 0x400F
[193] [M]: 0x80000390 (0x400F0B67) jalr s6, t5, 1024
x22 <- 0x80000394


mem[X,0x800003A4] -> 0x4B13
mem[X,0x800003A6] -> 0x003B
[194] [M]: 0x800003A4 (0x003B4B13) xori s6, s6, 3
x22 <- 0x80000397


mem[X,0x800003A8] -> 0x006F
mem[X,0x800003AA] -> 0x0040
[195] [M]: 0x800003A8 (0x0040006F) jal zero, 4


mem[X,0x800003AC] -> 0x0797
mem[X,0x800003AE] -> 0x0000
[196] [M]: 0x800003AC (0x00000797) auipc a5, 0
x15 <- 0x800003AC


mem[X,0x800003B0] -> 0x8793
mem[X,0x800003B2] -> 0xFD47
[197] [M]: 0x800003B0 (0xFD478793) addi a5, a5, 4052
x15 <- 0x80000380


mem[X,0x800003B4] -> 0xF793
mem[X,0x800003B6] -> 0xFFC7
[198] [M]: 0x800003B4 (0xFFC7F793) andi a5, a5, 4092
x15 <- 0x80000380


mem[X,0x800003B8] -> 0x0B33
mem[X,0x800003BA] -> 0x40FB
[199] [M]: 0x800003B8 (0x40FB0B33) sub s6, s6, a5
x22 <- 0x00000017


clint::tick mtime <- 0x0000000000000002
 clint timer pending at mtime 0x0000000000000002
htif::tick 0x0000000000000000
mem[X,0x800003BC] -> 0x2623
mem[X,0x800003BE] -> 0x0365
[200] [M]: 0x800003BC (0x03652623) sw s6, 44(a0)
mem[0x80002240] <- 0x00000017


mem[X,0x800003C0] -> 0x0A97
mem[X,0x800003C2] -> 0x0000
[201] [M]: 0x800003C0 (0x00000A97) auipc s5, 0
x21 <- 0x800003C0


mem[X,0x800003C4] -> 0x8A93
mem[X,0x800003C6] -> 0x000A
[202] [M]: 0x800003C4 (0x000A8A93) addi s5, s5, 0
x21 <- 0x800003C0


mem[X,0x800003C8] -> 0x1E97
mem[X,0x800003CA] -> 0x0000
[203] [M]: 0x800003C8 (0x00001E97) auipc t4, 1
x29 <- 0x800013C8


mem[X,0x800003CC] -> 0x8E93
mem[X,0x800003CE] -> 0x81CE
[204] [M]: 0x800003CC (0x81CE8E93) addi t4, t4, 2076
x29 <- 0x80000BE4


mem[X,0x800003D0] -> 0x8AE7
mem[X,0x800003D2] -> 0x800E
[205] [M]: 0x800003D0 (0x800E8AE7) jalr s5, t4, 2048
x21 <- 0x800003D4


mem[X,0x800003E4] -> 0xCA93
mem[X,0x800003E6] -> 0x003A
[206] [M]: 0x800003E4 (0x003ACA93) xori s5, s5, 3
x21 <- 0x800003D7


mem[X,0x800003E8] -> 0x006F
mem[X,0x800003EA] -> 0x0040
[207] [M]: 0x800003E8 (0x0040006F) jal zero, 4


mem[X,0x800003EC] -> 0x0797
mem[X,0x800003EE] -> 0x0000
[208] [M]: 0x800003EC (0x00000797) auipc a5, 0
x15 <- 0x800003EC


mem[X,0x800003F0] -> 0x8793
mem[X,0x800003F2] -> 0xFD47
[209] [M]: 0x800003F0 (0xFD478793) addi a5, a5, 4052
x15 <- 0x800003C0


mem[X,0x800003F4] -> 0xF793
mem[X,0x800003F6] -> 0xFFC7
[210] [M]: 0x800003F4 (0xFFC7F793) andi a5, a5, 4092
x15 <- 0x800003C0


mem[X,0x800003F8] -> 0x8AB3
mem[X,0x800003FA] -> 0x40FA
[211] [M]: 0x800003F8 (0x40FA8AB3) sub s5, s5, a5
x21 <- 0x00000017


mem[X,0x800003FC] -> 0x2823
mem[X,0x800003FE] -> 0x0355
[212] [M]: 0x800003FC (0x03552823) sw s5, 48(a0)
mem[0x80002244] <- 0x00000017


mem[X,0x80000400] -> 0x0597
mem[X,0x80000402] -> 0x0000
[213] [M]: 0x80000400 (0x00000597) auipc a1, 0
x11 <- 0x80000400


mem[X,0x80000404] -> 0x8593
mem[X,0x80000406] -> 0x0005
[214] [M]: 0x80000404 (0x00058593) addi a1, a1, 0
x11 <- 0x80000400


mem[X,0x80000408] -> 0x0917
mem[X,0x8000040A] -> 0x0000
[215] [M]: 0x80000408 (0x00000917) auipc s2, 0
x18 <- 0x80000408


mem[X,0x8000040C] -> 0x0913
mem[X,0x8000040E] -> 0x01E9
[216] [M]: 0x8000040C (0x01E90913) addi s2, s2, 30
x18 <- 0x80000426


mem[X,0x80000410] -> 0x05E7
mem[X,0x80000412] -> 0xFFE9
[217] [M]: 0x80000410 (0xFFE905E7) jalr a1, s2, 4094
x11 <- 0x80000414


mem[X,0x80000424] -> 0xC593
mem[X,0x80000426] -> 0x0035
[218] [M]: 0x80000424 (0x0035C593) xori a1, a1, 3
x11 <- 0x80000417


mem[X,0x80000428] -> 0x006F
mem[X,0x8000042A] -> 0x0040
[219] [M]: 0x80000428 (0x0040006F) jal zero, 4


mem[X,0x8000042C] -> 0x0797
mem[X,0x8000042E] -> 0x0000
[220] [M]: 0x8000042C (0x00000797) auipc a5, 0
x15 <- 0x8000042C


mem[X,0x80000430] -> 0x8793
mem[X,0x80000432] -> 0xFD47
[221] [M]: 0x80000430 (0xFD478793) addi a5, a5, 4052
x15 <- 0x80000400


mem[X,0x80000434] -> 0xF793
mem[X,0x80000436] -> 0xFFC7
[222] [M]: 0x80000434 (0xFFC7F793) andi a5, a5, 4092
x15 <- 0x80000400


mem[X,0x80000438] -> 0x85B3
mem[X,0x8000043A] -> 0x40F5
[223] [M]: 0x80000438 (0x40F585B3) sub a1, a1, a5
x11 <- 0x00000017


mem[X,0x8000043C] -> 0x2A23
mem[X,0x8000043E] -> 0x02B5
[224] [M]: 0x8000043C (0x02B52A23) sw a1, 52(a0)
mem[0x80002248] <- 0x00000017


mem[X,0x80000440] -> 0x0E17
mem[X,0x80000442] -> 0x0000
[225] [M]: 0x80000440 (0x00000E17) auipc t3, 0
x28 <- 0x80000440


mem[X,0x80000444] -> 0x0E13
mem[X,0x80000446] -> 0x000E
[226] [M]: 0x80000444 (0x000E0E13) addi t3, t3, 0
x28 <- 0x80000440


mem[X,0x80000448] -> 0x0A97
mem[X,0x8000044A] -> 0x0000
[227] [M]: 0x80000448 (0x00000A97) auipc s5, 0
x21 <- 0x80000448


mem[X,0x8000044C] -> 0x8A93
mem[X,0x8000044E] -> 0x01FA
[228] [M]: 0x8000044C (0x01FA8A93) addi s5, s5, 31
x21 <- 0x80000467


mem[X,0x80000450] -> 0x8E67
mem[X,0x80000452] -> 0xFFDA
[229] [M]: 0x80000450 (0xFFDA8E67) jalr t3, s5, 4093
x28 <- 0x80000454


mem[X,0x80000464] -> 0x4E13
mem[X,0x80000466] -> 0x003E
[230] [M]: 0x80000464 (0x003E4E13) xori t3, t3, 3
x28 <- 0x80000457


mem[X,0x80000468] -> 0x006F
mem[X,0x8000046A] -> 0x0040
[231] [M]: 0x80000468 (0x0040006F) jal zero, 4


mem[X,0x8000046C] -> 0x0797
mem[X,0x8000046E] -> 0x0000
[232] [M]: 0x8000046C (0x00000797) auipc a5, 0
x15 <- 0x8000046C


mem[X,0x80000470] -> 0x8793
mem[X,0x80000472] -> 0xFD47
[233] [M]: 0x80000470 (0xFD478793) addi a5, a5, 4052
x15 <- 0x80000440


mem[X,0x80000474] -> 0xF793
mem[X,0x80000476] -> 0xFFC7
[234] [M]: 0x80000474 (0xFFC7F793) andi a5, a5, 4092
x15 <- 0x80000440


mem[X,0x80000478] -> 0x0E33
mem[X,0x8000047A] -> 0x40FE
[235] [M]: 0x80000478 (0x40FE0E33) sub t3, t3, a5
x28 <- 0x00000017


mem[X,0x8000047C] -> 0x2C23
mem[X,0x8000047E] -> 0x03C5
[236] [M]: 0x8000047C (0x03C52C23) sw t3, 56(a0)
mem[0x8000224C] <- 0x00000017


mem[X,0x80000480] -> 0x0717
mem[X,0x80000482] -> 0x0000
[237] [M]: 0x80000480 (0x00000717) auipc a4, 0
x14 <- 0x80000480


mem[X,0x80000484] -> 0x0713
mem[X,0x80000486] -> 0x0007
[238] [M]: 0x80000484 (0x00070713) addi a4, a4, 0
x14 <- 0x80000480


mem[X,0x80000488] -> 0x0C17
mem[X,0x8000048A] -> 0x0000
[239] [M]: 0x80000488 (0x00000C17) auipc s8, 0
x24 <- 0x80000488


mem[X,0x8000048C] -> 0x0C13
mem[X,0x8000048E] -> 0x021C
[240] [M]: 0x8000048C (0x021C0C13) addi s8, s8, 33
x24 <- 0x800004A9


mem[X,0x80000490] -> 0x0767
mem[X,0x80000492] -> 0xFFBC
[241] [M]: 0x80000490 (0xFFBC0767) jalr a4, s8, 4091
x14 <- 0x80000494


mem[X,0x800004A4] -> 0x4713
mem[X,0x800004A6] -> 0x0037
[242] [M]: 0x800004A4 (0x00374713) xori a4, a4, 3
x14 <- 0x80000497


mem[X,0x800004A8] -> 0x006F
mem[X,0x800004AA] -> 0x0040
[243] [M]: 0x800004A8 (0x0040006F) jal zero, 4


mem[X,0x800004AC] -> 0x0797
mem[X,0x800004AE] -> 0x0000
[244] [M]: 0x800004AC (0x00000797) auipc a5, 0
x15 <- 0x800004AC


mem[X,0x800004B0] -> 0x8793
mem[X,0x800004B2] -> 0xFD47
[245] [M]: 0x800004B0 (0xFD478793) addi a5, a5, 4052
x15 <- 0x80000480


mem[X,0x800004B4] -> 0xF793
mem[X,0x800004B6] -> 0xFFC7
[246] [M]: 0x800004B4 (0xFFC7F793) andi a5, a5, 4092
x15 <- 0x80000480


mem[X,0x800004B8] -> 0x0733
mem[X,0x800004BA] -> 0x40F7
[247] [M]: 0x800004B8 (0x40F70733) sub a4, a4, a5
x14 <- 0x00000017


mem[X,0x800004BC] -> 0x2E23
mem[X,0x800004BE] -> 0x02E5
[248] [M]: 0x800004BC (0x02E52E23) sw a4, 60(a0)
mem[0x80002250] <- 0x00000017


mem[X,0x800004C0] -> 0x0317
mem[X,0x800004C2] -> 0x0000
[249] [M]: 0x800004C0 (0x00000317) auipc t1, 0
x6 <- 0x800004C0


mem[X,0x800004C4] -> 0x0313
mem[X,0x800004C6] -> 0x0003
[250] [M]: 0x800004C4 (0x00030313) addi t1, t1, 0
x6 <- 0x800004C0


mem[X,0x800004C8] -> 0x0117
mem[X,0x800004CA] -> 0x0000
[251] [M]: 0x800004C8 (0x00000117) auipc sp, 0
x2 <- 0x800004C8


mem[X,0x800004CC] -> 0x0113
mem[X,0x800004CE] -> 0x0251
[252] [M]: 0x800004CC (0x02510113) addi sp, sp, 37
x2 <- 0x800004ED


mem[X,0x800004D0] -> 0x0367
mem[X,0x800004D2] -> 0xFF71
[253] [M]: 0x800004D0 (0xFF710367) jalr t1, sp, 4087
x6 <- 0x800004D4


mem[X,0x800004E4] -> 0x4313
mem[X,0x800004E6] -> 0x0033
[254] [M]: 0x800004E4 (0x00334313) xori t1, t1, 3
x6 <- 0x800004D7


mem[X,0x800004E8] -> 0x006F
mem[X,0x800004EA] -> 0x0040
[255] [M]: 0x800004E8 (0x0040006F) jal zero, 4


mem[X,0x800004EC] -> 0x0797
mem[X,0x800004EE] -> 0x0000
[256] [M]: 0x800004EC (0x00000797) auipc a5, 0
x15 <- 0x800004EC


mem[X,0x800004F0] -> 0x8793
mem[X,0x800004F2] -> 0xFD47
[257] [M]: 0x800004F0 (0xFD478793) addi a5, a5, 4052
x15 <- 0x800004C0


mem[X,0x800004F4] -> 0xF793
mem[X,0x800004F6] -> 0xFFC7
[258] [M]: 0x800004F4 (0xFFC7F793) andi a5, a5, 4092
x15 <- 0x800004C0


mem[X,0x800004F8] -> 0x0333
mem[X,0x800004FA] -> 0x40F3
[259] [M]: 0x800004F8 (0x40F30333) sub t1, t1, a5
x6 <- 0x00000017


mem[X,0x800004FC] -> 0x2023
mem[X,0x800004FE] -> 0x0465
[260] [M]: 0x800004FC (0x04652023) sw t1, 64(a0)
mem[0x80002254] <- 0x00000017


mem[X,0x80000500] -> 0x0297
mem[X,0x80000502] -> 0x0000
[261] [M]: 0x80000500 (0x00000297) auipc t0, 0
x5 <- 0x80000500


mem[X,0x80000504] -> 0x8293
mem[X,0x80000506] -> 0x0002
[262] [M]: 0x80000504 (0x00028293) addi t0, t0, 0
x5 <- 0x80000500


mem[X,0x80000508] -> 0x0097
mem[X,0x8000050A] -> 0x0000
[263] [M]: 0x80000508 (0x00000097) auipc ra, 0
x1 <- 0x80000508


mem[X,0x8000050C] -> 0x8093
mem[X,0x8000050E] -> 0x02D0
[264] [M]: 0x8000050C (0x02D08093) addi ra, ra, 45
x1 <- 0x80000535


mem[X,0x80000510] -> 0x82E7
mem[X,0x80000512] -> 0xFEF0
[265] [M]: 0x80000510 (0xFEF082E7) jalr t0, ra, 4079
x5 <- 0x80000514


mem[X,0x80000524] -> 0xC293
mem[X,0x80000526] -> 0x0032
[266] [M]: 0x80000524 (0x0032C293) xori t0, t0, 3
x5 <- 0x80000517


mem[X,0x80000528] -> 0x006F
mem[X,0x8000052A] -> 0x0040
[267] [M]: 0x80000528 (0x0040006F) jal zero, 4


mem[X,0x8000052C] -> 0x0797
mem[X,0x8000052E] -> 0x0000
[268] [M]: 0x8000052C (0x00000797) auipc a5, 0
x15 <- 0x8000052C


mem[X,0x80000530] -> 0x8793
mem[X,0x80000532] -> 0xFD47
[269] [M]: 0x80000530 (0xFD478793) addi a5, a5, 4052
x15 <- 0x80000500


mem[X,0x80000534] -> 0xF793
mem[X,0x80000536] -> 0xFFC7
[270] [M]: 0x80000534 (0xFFC7F793) andi a5, a5, 4092
x15 <- 0x80000500


mem[X,0x80000538] -> 0x82B3
mem[X,0x8000053A] -> 0x40F2
[271] [M]: 0x80000538 (0x40F282B3) sub t0, t0, a5
x5 <- 0x00000017


mem[X,0x8000053C] -> 0x2223
mem[X,0x8000053E] -> 0x0455
[272] [M]: 0x8000053C (0x04552223) sw t0, 68(a0)
mem[0x80002258] <- 0x00000017


mem[X,0x80000540] -> 0x0917
mem[X,0x80000542] -> 0x0000
[273] [M]: 0x80000540 (0x00000917) auipc s2, 0
x18 <- 0x80000540


mem[X,0x80000544] -> 0x0913
mem[X,0x80000546] -> 0x0009
[274] [M]: 0x80000544 (0x00090913) addi s2, s2, 0
x18 <- 0x80000540


mem[X,0x80000548] -> 0x0297
mem[X,0x8000054A] -> 0x0000
[275] [M]: 0x80000548 (0x00000297) auipc t0, 0
x5 <- 0x80000548


mem[X,0x8000054C] -> 0x8293
mem[X,0x8000054E] -> 0x03D2
[276] [M]: 0x8000054C (0x03D28293) addi t0, t0, 61
x5 <- 0x80000585


mem[X,0x80000550] -> 0x8967
mem[X,0x80000552] -> 0xFDF2
[277] [M]: 0x80000550 (0xFDF28967) jalr s2, t0, 4063
x18 <- 0x80000554


mem[X,0x80000564] -> 0x4913
mem[X,0x80000566] -> 0x0039
[278] [M]: 0x80000564 (0x00394913) xori s2, s2, 3
x18 <- 0x80000557


mem[X,0x80000568] -> 0x006F
mem[X,0x8000056A] -> 0x0040
[279] [M]: 0x80000568 (0x0040006F) jal zero, 4


mem[X,0x8000056C] -> 0x0797
mem[X,0x8000056E] -> 0x0000
[280] [M]: 0x8000056C (0x00000797) auipc a5, 0
x15 <- 0x8000056C


mem[X,0x80000570] -> 0x8793
mem[X,0x80000572] -> 0xFD47
[281] [M]: 0x80000570 (0xFD478793) addi a5, a5, 4052
x15 <- 0x80000540


mem[X,0x80000574] -> 0xF793
mem[X,0x80000576] -> 0xFFC7
[282] [M]: 0x80000574 (0xFFC7F793) andi a5, a5, 4092
x15 <- 0x80000540


mem[X,0x80000578] -> 0x0933
mem[X,0x8000057A] -> 0x40F9
[283] [M]: 0x80000578 (0x40F90933) sub s2, s2, a5
x18 <- 0x00000017


mem[X,0x8000057C] -> 0x2423
mem[X,0x8000057E] -> 0x0525
[284] [M]: 0x8000057C (0x05252423) sw s2, 72(a0)
mem[0x8000225C] <- 0x00000017


mem[X,0x80000580] -> 0x0397
mem[X,0x80000582] -> 0x0000
[285] [M]: 0x80000580 (0x00000397) auipc t2, 0
x7 <- 0x80000580


mem[X,0x80000584] -> 0x8393
mem[X,0x80000586] -> 0x0003
[286] [M]: 0x80000584 (0x00038393) addi t2, t2, 0
x7 <- 0x80000580


mem[X,0x80000588] -> 0x0497
mem[X,0x8000058A] -> 0x0000
[287] [M]: 0x80000588 (0x00000497) auipc s1, 0
x9 <- 0x80000588


mem[X,0x8000058C] -> 0x8493
mem[X,0x8000058E] -> 0x05D4
[288] [M]: 0x8000058C (0x05D48493) addi s1, s1, 93
x9 <- 0x800005E5


mem[X,0x80000590] -> 0x83E7
mem[X,0x80000592] -> 0xFBF4
[289] [M]: 0x80000590 (0xFBF483E7) jalr t2, s1, 4031
x7 <- 0x80000594


mem[X,0x800005A4] -> 0xC393
mem[X,0x800005A6] -> 0x0033
[290] [M]: 0x800005A4 (0x0033C393) xori t2, t2, 3
x7 <- 0x80000597


mem[X,0x800005A8] -> 0x006F
mem[X,0x800005AA] -> 0x0040
[291] [M]: 0x800005A8 (0x0040006F) jal zero, 4


mem[X,0x800005AC] -> 0x0797
mem[X,0x800005AE] -> 0x0000
[292] [M]: 0x800005AC (0x00000797) auipc a5, 0
x15 <- 0x800005AC


mem[X,0x800005B0] -> 0x8793
mem[X,0x800005B2] -> 0xFD47
[293] [M]: 0x800005B0 (0xFD478793) addi a5, a5, 4052
x15 <- 0x80000580


mem[X,0x800005B4] -> 0xF793
mem[X,0x800005B6] -> 0xFFC7
[294] [M]: 0x800005B4 (0xFFC7F793) andi a5, a5, 4092
x15 <- 0x80000580


mem[X,0x800005B8] -> 0x83B3
mem[X,0x800005BA] -> 0x40F3
[295] [M]: 0x800005B8 (0x40F383B3) sub t2, t2, a5
x7 <- 0x00000017


mem[X,0x800005BC] -> 0x2623
mem[X,0x800005BE] -> 0x0475
[296] [M]: 0x800005BC (0x04752623) sw t2, 76(a0)
mem[0x80002260] <- 0x00000017


mem[X,0x800005C0] -> 0x2197
mem[X,0x800005C2] -> 0x0000
[297] [M]: 0x800005C0 (0x00002197) auipc gp, 2
x3 <- 0x800025C0


mem[X,0x800005C4] -> 0x8193
mem[X,0x800005C6] -> 0xCA41
[298] [M]: 0x800005C4 (0xCA418193) addi gp, gp, 3236
x3 <- 0x80002264


mem[X,0x800005C8] -> 0x0517
mem[X,0x800005CA] -> 0x0000
[299] [M]: 0x800005C8 (0x00000517) auipc a0, 0
x10 <- 0x800005C8


clint::tick mtime <- 0x0000000000000003
 clint timer pending at mtime 0x0000000000000003
htif::tick 0x0000000000000000
mem[X,0x800005CC] -> 0x0513
mem[X,0x800005CE] -> 0x0005
[300] [M]: 0x800005CC (0x00050513) addi a0, a0, 0
x10 <- 0x800005C8


mem[X,0x800005D0] -> 0x0C97
mem[X,0x800005D2] -> 0x0000
[301] [M]: 0x800005D0 (0x00000C97) auipc s9, 0
x25 <- 0x800005D0


mem[X,0x800005D4] -> 0x8C93
mem[X,0x800005D6] -> 0x09DC
[302] [M]: 0x800005D4 (0x09DC8C93) addi s9, s9, 157
x25 <- 0x8000066D


mem[X,0x800005D8] -> 0x8567
mem[X,0x800005DA] -> 0xF7FC
[303] [M]: 0x800005D8 (0xF7FC8567) jalr a0, s9, 3967
x10 <- 0x800005DC


mem[X,0x800005EC] -> 0x4513
mem[X,0x800005EE] -> 0x0035
[304] [M]: 0x800005EC (0x00354513) xori a0, a0, 3
x10 <- 0x800005DF


mem[X,0x800005F0] -> 0x006F
mem[X,0x800005F2] -> 0x0040
[305] [M]: 0x800005F0 (0x0040006F) jal zero, 4


mem[X,0x800005F4] -> 0x0297
mem[X,0x800005F6] -> 0x0000
[306] [M]: 0x800005F4 (0x00000297) auipc t0, 0
x5 <- 0x800005F4


mem[X,0x800005F8] -> 0x8293
mem[X,0x800005FA] -> 0xFD42
[307] [M]: 0x800005F8 (0xFD428293) addi t0, t0, 4052
x5 <- 0x800005C8


mem[X,0x800005FC] -> 0xF293
mem[X,0x800005FE] -> 0xFFC2
[308] [M]: 0x800005FC (0xFFC2F293) andi t0, t0, 4092
x5 <- 0x800005C8


mem[X,0x80000600] -> 0x0533
mem[X,0x80000602] -> 0x4055
[309] [M]: 0x80000600 (0x40550533) sub a0, a0, t0
x10 <- 0x00000017


mem[X,0x80000604] -> 0xA023
mem[X,0x80000606] -> 0x00A1
[310] [M]: 0x80000604 (0x00A1A023) sw a0, 0(gp)
mem[0x80002264] <- 0x00000017


mem[X,0x80000608] -> 0x0797
mem[X,0x8000060A] -> 0x0000
[311] [M]: 0x80000608 (0x00000797) auipc a5, 0
x15 <- 0x80000608


mem[X,0x8000060C] -> 0x8793
mem[X,0x8000060E] -> 0x0007
[312] [M]: 0x8000060C (0x00078793) addi a5, a5, 0
x15 <- 0x80000608


mem[X,0x80000610] -> 0x0597
mem[X,0x80000612] -> 0x0000
[313] [M]: 0x80000610 (0x00000597) auipc a1, 0
x11 <- 0x80000610


mem[X,0x80000614] -> 0x8593
mem[X,0x80000616] -> 0x21D5
[314] [M]: 0x80000614 (0x21D58593) addi a1, a1, 541
x11 <- 0x8000082D


mem[X,0x80000618] -> 0x87E7
mem[X,0x8000061A] -> 0xDFF5
[315] [M]: 0x80000618 (0xDFF587E7) jalr a5, a1, 3583
x15 <- 0x8000061C


mem[X,0x8000062C] -> 0xC793
mem[X,0x8000062E] -> 0x0037
[316] [M]: 0x8000062C (0x0037C793) xori a5, a5, 3
x15 <- 0x8000061F


mem[X,0x80000630] -> 0x006F
mem[X,0x80000632] -> 0x0040
[317] [M]: 0x80000630 (0x0040006F) jal zero, 4


mem[X,0x80000634] -> 0x0297
mem[X,0x80000636] -> 0x0000
[318] [M]: 0x80000634 (0x00000297) auipc t0, 0
x5 <- 0x80000634


mem[X,0x80000638] -> 0x8293
mem[X,0x8000063A] -> 0xFD42
[319] [M]: 0x80000638 (0xFD428293) addi t0, t0, 4052
x5 <- 0x80000608


mem[X,0x8000063C] -> 0xF293
mem[X,0x8000063E] -> 0xFFC2
[320] [M]: 0x8000063C (0xFFC2F293) andi t0, t0, 4092
x5 <- 0x80000608


mem[X,0x80000640] -> 0x87B3
mem[X,0x80000642] -> 0x4057
[321] [M]: 0x80000640 (0x405787B3) sub a5, a5, t0
x15 <- 0x00000017


mem[X,0x80000644] -> 0xA223
mem[X,0x80000646] -> 0x00F1
[322] [M]: 0x80000644 (0x00F1A223) sw a5, 4(gp)
mem[0x80002268] <- 0x00000017


mem[X,0x80000648] -> 0x0497
mem[X,0x8000064A] -> 0x0000
[323] [M]: 0x80000648 (0x00000497) auipc s1, 0
x9 <- 0x80000648


mem[X,0x8000064C] -> 0x8493
mem[X,0x8000064E] -> 0x0004
[324] [M]: 0x8000064C (0x00048493) addi s1, s1, 0
x9 <- 0x80000648


mem[X,0x80000650] -> 0x0997
mem[X,0x80000652] -> 0x0000
[325] [M]: 0x80000650 (0x00000997) auipc s3, 0
x19 <- 0x80000650


mem[X,0x80000654] -> 0x8993
mem[X,0x80000656] -> 0x41D9
[326] [M]: 0x80000654 (0x41D98993) addi s3, s3, 1053
x19 <- 0x80000A6D


mem[X,0x80000658] -> 0x84E7
mem[X,0x8000065A] -> 0xBFF9
[327] [M]: 0x80000658 (0xBFF984E7) jalr s1, s3, 3071
x9 <- 0x8000065C


mem[X,0x8000066C] -> 0xC493
mem[X,0x8000066E] -> 0x0034
[328] [M]: 0x8000066C (0x0034C493) xori s1, s1, 3
x9 <- 0x8000065F


mem[X,0x80000670] -> 0x006F
mem[X,0x80000672] -> 0x0040
[329] [M]: 0x80000670 (0x0040006F) jal zero, 4


mem[X,0x80000674] -> 0x0297
mem[X,0x80000676] -> 0x0000
[330] [M]: 0x80000674 (0x00000297) auipc t0, 0
x5 <- 0x80000674


mem[X,0x80000678] -> 0x8293
mem[X,0x8000067A] -> 0xFD42
[331] [M]: 0x80000678 (0xFD428293) addi t0, t0, 4052
x5 <- 0x80000648


mem[X,0x8000067C] -> 0xF293
mem[X,0x8000067E] -> 0xFFC2
[332] [M]: 0x8000067C (0xFFC2F293) andi t0, t0, 4092
x5 <- 0x80000648


mem[X,0x80000680] -> 0x84B3
mem[X,0x80000682] -> 0x4054
[333] [M]: 0x80000680 (0x405484B3) sub s1, s1, t0
x9 <- 0x00000017


mem[X,0x80000684] -> 0xA423
mem[X,0x80000686] -> 0x0091
[334] [M]: 0x80000684 (0x0091A423) sw s1, 8(gp)
mem[0x8000226C] <- 0x00000017


mem[X,0x80000688] -> 0x0A17
mem[X,0x8000068A] -> 0x0000
[335] [M]: 0x80000688 (0x00000A17) auipc s4, 0
x20 <- 0x80000688


mem[X,0x8000068C] -> 0x0A13
mem[X,0x8000068E] -> 0x000A
[336] [M]: 0x8000068C (0x000A0A13) addi s4, s4, 0
x20 <- 0x80000688


mem[X,0x80000690] -> 0x0397
mem[X,0x80000692] -> 0x0000
[337] [M]: 0x80000690 (0x00000397) auipc t2, 0
x7 <- 0x80000690


mem[X,0x80000694] -> 0x8393
mem[X,0x80000696] -> 0x81D3
[338] [M]: 0x80000694 (0x81D38393) addi t2, t2, 2077
x7 <- 0x7FFFFEAD


mem[X,0x80000698] -> 0x8A67
mem[X,0x8000069A] -> 0x7FF3
[339] [M]: 0x80000698 (0x7FF38A67) jalr s4, t2, 2047
x20 <- 0x8000069C


mem[X,0x800006AC] -> 0x4A13
mem[X,0x800006AE] -> 0x003A
[340] [M]: 0x800006AC (0x003A4A13) xori s4, s4, 3
x20 <- 0x8000069F


mem[X,0x800006B0] -> 0x006F
mem[X,0x800006B2] -> 0x0040
[341] [M]: 0x800006B0 (0x0040006F) jal zero, 4


mem[X,0x800006B4] -> 0x0297
mem[X,0x800006B6] -> 0x0000
[342] [M]: 0x800006B4 (0x00000297) auipc t0, 0
x5 <- 0x800006B4


mem[X,0x800006B8] -> 0x8293
mem[X,0x800006BA] -> 0xFD42
[343] [M]: 0x800006B8 (0xFD428293) addi t0, t0, 4052
x5 <- 0x80000688


mem[X,0x800006BC] -> 0xF293
mem[X,0x800006BE] -> 0xFFC2
[344] [M]: 0x800006BC (0xFFC2F293) andi t0, t0, 4092
x5 <- 0x80000688


mem[X,0x800006C0] -> 0x0A33
mem[X,0x800006C2] -> 0x405A
[345] [M]: 0x800006C0 (0x405A0A33) sub s4, s4, t0
x20 <- 0x00000017


mem[X,0x800006C4] -> 0xA623
mem[X,0x800006C6] -> 0x0141
[346] [M]: 0x800006C4 (0x0141A623) sw s4, 12(gp)
mem[0x80002270] <- 0x00000017


mem[X,0x800006C8] -> 0x0D17
mem[X,0x800006CA] -> 0x0000
[347] [M]: 0x800006C8 (0x00000D17) auipc s10, 0
x26 <- 0x800006C8


mem[X,0x800006CC] -> 0x0D13
mem[X,0x800006CE] -> 0x000D
[348] [M]: 0x800006CC (0x000D0D13) addi s10, s10, 0
x26 <- 0x800006C8


mem[X,0x800006D0] -> 0x0717
mem[X,0x800006D2] -> 0x0000
[349] [M]: 0x800006D0 (0x00000717) auipc a4, 0
x14 <- 0x800006D0


mem[X,0x800006D4] -> 0x0713
mem[X,0x800006D6] -> 0xAC77
[350] [M]: 0x800006D4 (0xAC770713) addi a4, a4, 2759
x14 <- 0x80000197


mem[X,0x800006D8] -> 0x0D67
mem[X,0x800006DA] -> 0x5557
[351] [M]: 0x800006D8 (0x55570D67) jalr s10, a4, 1365
x26 <- 0x800006DC


mem[X,0x800006EC] -> 0x4D13
mem[X,0x800006EE] -> 0x003D
[352] [M]: 0x800006EC (0x003D4D13) xori s10, s10, 3
x26 <- 0x800006DF


mem[X,0x800006F0] -> 0x006F
mem[X,0x800006F2] -> 0x0040
[353] [M]: 0x800006F0 (0x0040006F) jal zero, 4


mem[X,0x800006F4] -> 0x0297
mem[X,0x800006F6] -> 0x0000
[354] [M]: 0x800006F4 (0x00000297) auipc t0, 0
x5 <- 0x800006F4


mem[X,0x800006F8] -> 0x8293
mem[X,0x800006FA] -> 0xFD42
[355] [M]: 0x800006F8 (0xFD428293) addi t0, t0, 4052
x5 <- 0x800006C8


mem[X,0x800006FC] -> 0xF293
mem[X,0x800006FE] -> 0xFFC2
[356] [M]: 0x800006FC (0xFFC2F293) andi t0, t0, 4092
x5 <- 0x800006C8


mem[X,0x80000700] -> 0x0D33
mem[X,0x80000702] -> 0x405D
[357] [M]: 0x80000700 (0x405D0D33) sub s10, s10, t0
x26 <- 0x00000017


mem[X,0x80000704] -> 0xA823
mem[X,0x80000706] -> 0x01A1
[358] [M]: 0x80000704 (0x01A1A823) sw s10, 16(gp)
mem[0x80002274] <- 0x00000017


mem[X,0x80000708] -> 0x0217
mem[X,0x8000070A] -> 0x0000
[359] [M]: 0x80000708 (0x00000217) auipc tp, 0
x4 <- 0x80000708


mem[X,0x8000070C] -> 0x0213
mem[X,0x8000070E] -> 0x0002
[360] [M]: 0x8000070C (0x00020213) addi tp, tp, 0
x4 <- 0x80000708


mem[X,0x80000710] -> 0x0797
mem[X,0x80000712] -> 0x0000
[361] [M]: 0x80000710 (0x00000797) auipc a5, 0
x15 <- 0x80000710


mem[X,0x80000714] -> 0x8793
mem[X,0x80000716] -> 0x5727
[362] [M]: 0x80000714 (0x57278793) addi a5, a5, 1394
x15 <- 0x80000C82


mem[X,0x80000718] -> 0x8267
mem[X,0x8000071A] -> 0xAAA7
[363] [M]: 0x80000718 (0xAAA78267) jalr tp, a5, 2730
x4 <- 0x8000071C


mem[X,0x8000072C] -> 0x4213
mem[X,0x8000072E] -> 0x0032
[364] [M]: 0x8000072C (0x00324213) xori tp, tp, 3
x4 <- 0x8000071F


mem[X,0x80000730] -> 0x006F
mem[X,0x80000732] -> 0x0040
[365] [M]: 0x80000730 (0x0040006F) jal zero, 4


mem[X,0x80000734] -> 0x0297
mem[X,0x80000736] -> 0x0000
[366] [M]: 0x80000734 (0x00000297) auipc t0, 0
x5 <- 0x80000734


mem[X,0x80000738] -> 0x8293
mem[X,0x8000073A] -> 0xFD42
[367] [M]: 0x80000738 (0xFD428293) addi t0, t0, 4052
x5 <- 0x80000708


mem[X,0x8000073C] -> 0xF293
mem[X,0x8000073E] -> 0xFFC2
[368] [M]: 0x8000073C (0xFFC2F293) andi t0, t0, 4092
x5 <- 0x80000708


mem[X,0x80000740] -> 0x0233
mem[X,0x80000742] -> 0x4052
[369] [M]: 0x80000740 (0x40520233) sub tp, tp, t0
x4 <- 0x00000017


mem[X,0x80000744] -> 0xAA23
mem[X,0x80000746] -> 0x0041
[370] [M]: 0x80000744 (0x0041AA23) sw tp, 20(gp)
mem[0x80002278] <- 0x00000017


mem[X,0x80000748] -> 0x0C17
mem[X,0x8000074A] -> 0x0000
[371] [M]: 0x80000748 (0x00000C17) auipc s8, 0
x24 <- 0x80000748


mem[X,0x8000074C] -> 0x0C13
mem[X,0x8000074E] -> 0x000C
[372] [M]: 0x8000074C (0x000C0C13) addi s8, s8, 0
x24 <- 0x80000748


mem[X,0x80000750] -> 0x1B17
mem[X,0x80000752] -> 0x0000
[373] [M]: 0x80000750 (0x00001B17) auipc s6, 1
x22 <- 0x80001750


mem[X,0x80000754] -> 0x0B13
mem[X,0x80000756] -> 0x81CB
[374] [M]: 0x80000754 (0x81CB0B13) addi s6, s6, 2076
x22 <- 0x80000F6C


mem[X,0x80000758] -> 0x0C67
mem[X,0x8000075A] -> 0x800B
[375] [M]: 0x80000758 (0x800B0C67) jalr s8, s6, 2048
x24 <- 0x8000075C


mem[X,0x8000076C] -> 0x4C13
mem[X,0x8000076E] -> 0x003C
[376] [M]: 0x8000076C (0x003C4C13) xori s8, s8, 3
x24 <- 0x8000075F


mem[X,0x80000770] -> 0x006F
mem[X,0x80000772] -> 0x0040
[377] [M]: 0x80000770 (0x0040006F) jal zero, 4


mem[X,0x80000774] -> 0x0297
mem[X,0x80000776] -> 0x0000
[378] [M]: 0x80000774 (0x00000297) auipc t0, 0
x5 <- 0x80000774


mem[X,0x80000778] -> 0x8293
mem[X,0x8000077A] -> 0xFD42
[379] [M]: 0x80000778 (0xFD428293) addi t0, t0, 4052
x5 <- 0x80000748


mem[X,0x8000077C] -> 0xF293
mem[X,0x8000077E] -> 0xFFC2
[380] [M]: 0x8000077C (0xFFC2F293) andi t0, t0, 4092
x5 <- 0x80000748


mem[X,0x80000780] -> 0x0C33
mem[X,0x80000782] -> 0x405C
[381] [M]: 0x80000780 (0x405C0C33) sub s8, s8, t0
x24 <- 0x00000017


mem[X,0x80000784] -> 0xAC23
mem[X,0x80000786] -> 0x0181
[382] [M]: 0x80000784 (0x0181AC23) sw s8, 24(gp)
mem[0x8000227C] <- 0x00000017


mem[X,0x80000788] -> 0x0B97
mem[X,0x8000078A] -> 0x0000
[383] [M]: 0x80000788 (0x00000B97) auipc s7, 0
x23 <- 0x80000788


mem[X,0x8000078C] -> 0x8B93
mem[X,0x8000078E] -> 0x000B
[384] [M]: 0x8000078C (0x000B8B93) addi s7, s7, 0
x23 <- 0x80000788


mem[X,0x80000790] -> 0x1D17
mem[X,0x80000792] -> 0x0000
[385] [M]: 0x80000790 (0x00001D17) auipc s10, 1
x26 <- 0x80001790


mem[X,0x80000794] -> 0x0D13
mem[X,0x80000796] -> 0x81CD
[386] [M]: 0x80000794 (0x81CD0D13) addi s10, s10, 2076
x26 <- 0x80000FAC


mem[X,0x80000798] -> 0x0BE7
mem[X,0x8000079A] -> 0x800D
[387] [M]: 0x80000798 (0x800D0BE7) jalr s7, s10, 2048
x23 <- 0x8000079C


mem[X,0x800007AC] -> 0xCB93
mem[X,0x800007AE] -> 0x003B
[388] [M]: 0x800007AC (0x003BCB93) xori s7, s7, 3
x23 <- 0x8000079F


mem[X,0x800007B0] -> 0x006F
mem[X,0x800007B2] -> 0x0040
[389] [M]: 0x800007B0 (0x0040006F) jal zero, 4


mem[X,0x800007B4] -> 0x0297
mem[X,0x800007B6] -> 0x0000
[390] [M]: 0x800007B4 (0x00000297) auipc t0, 0
x5 <- 0x800007B4


mem[X,0x800007B8] -> 0x8293
mem[X,0x800007BA] -> 0xFD42
[391] [M]: 0x800007B8 (0xFD428293) addi t0, t0, 4052
x5 <- 0x80000788


mem[X,0x800007BC] -> 0xF293
mem[X,0x800007BE] -> 0xFFC2
[392] [M]: 0x800007BC (0xFFC2F293) andi t0, t0, 4092
x5 <- 0x80000788


mem[X,0x800007C0] -> 0x8BB3
mem[X,0x800007C2] -> 0x405B
[393] [M]: 0x800007C0 (0x405B8BB3) sub s7, s7, t0
x23 <- 0x00000017


mem[X,0x800007C4] -> 0xAE23
mem[X,0x800007C6] -> 0x0171
[394] [M]: 0x800007C4 (0x0171AE23) sw s7, 28(gp)
mem[0x80002280] <- 0x00000017


mem[X,0x800007C8] -> 0x0117
mem[X,0x800007CA] -> 0x0000
[395] [M]: 0x800007C8 (0x00000117) auipc sp, 0
x2 <- 0x800007C8


mem[X,0x800007CC] -> 0x0113
mem[X,0x800007CE] -> 0x0001
[396] [M]: 0x800007CC (0x00010113) addi sp, sp, 0
x2 <- 0x800007C8


mem[X,0x800007D0] -> 0x1E17
mem[X,0x800007D2] -> 0x0000
[397] [M]: 0x800007D0 (0x00001E17) auipc t3, 1
x28 <- 0x800017D0


mem[X,0x800007D4] -> 0x0E13
mem[X,0x800007D6] -> 0x81CE
[398] [M]: 0x800007D4 (0x81CE0E13) addi t3, t3, 2076
x28 <- 0x80000FEC


mem[X,0x800007D8] -> 0x0167
mem[X,0x800007DA] -> 0x800E
[399] [M]: 0x800007D8 (0x800E0167) jalr sp, t3, 2048
x2 <- 0x800007DC


clint::tick mtime <- 0x0000000000000004
 clint timer pending at mtime 0x0000000000000004
htif::tick 0x0000000000000000
mem[X,0x800007EC] -> 0x4113
mem[X,0x800007EE] -> 0x0031
[400] [M]: 0x800007EC (0x00314113) xori sp, sp, 3
x2 <- 0x800007DF


mem[X,0x800007F0] -> 0x006F
mem[X,0x800007F2] -> 0x0040
[401] [M]: 0x800007F0 (0x0040006F) jal zero, 4


mem[X,0x800007F4] -> 0x0297
mem[X,0x800007F6] -> 0x0000
[402] [M]: 0x800007F4 (0x00000297) auipc t0, 0
x5 <- 0x800007F4


mem[X,0x800007F8] -> 0x8293
mem[X,0x800007FA] -> 0xFD42
[403] [M]: 0x800007F8 (0xFD428293) addi t0, t0, 4052
x5 <- 0x800007C8


mem[X,0x800007FC] -> 0xF293
mem[X,0x800007FE] -> 0xFFC2
[404] [M]: 0x800007FC (0xFFC2F293) andi t0, t0, 4092
x5 <- 0x800007C8


mem[X,0x80000800] -> 0x0133
mem[X,0x80000802] -> 0x4051
[405] [M]: 0x80000800 (0x40510133) sub sp, sp, t0
x2 <- 0x00000017


mem[X,0x80000804] -> 0xA023
mem[X,0x80000806] -> 0x0221
[406] [M]: 0x80000804 (0x0221A023) sw sp, 32(gp)
mem[0x80002284] <- 0x00000017


mem[X,0x80000808] -> 0x0097
mem[X,0x8000080A] -> 0x0000
[407] [M]: 0x80000808 (0x00000097) auipc ra, 0
x1 <- 0x80000808


mem[X,0x8000080C] -> 0x8093
mem[X,0x8000080E] -> 0x0000
[408] [M]: 0x8000080C (0x00008093) addi ra, ra, 0
x1 <- 0x80000808


mem[X,0x80000810] -> 0x1517
mem[X,0x80000812] -> 0x0000
[409] [M]: 0x80000810 (0x00001517) auipc a0, 1
x10 <- 0x80001810


mem[X,0x80000814] -> 0x0513
mem[X,0x80000816] -> 0x81C5
[410] [M]: 0x80000814 (0x81C50513) addi a0, a0, 2076
x10 <- 0x8000102C


mem[X,0x80000818] -> 0x00E7
mem[X,0x8000081A] -> 0x8005
[411] [M]: 0x80000818 (0x800500E7) jalr ra, a0, 2048
x1 <- 0x8000081C


mem[X,0x8000082C] -> 0xC093
mem[X,0x8000082E] -> 0x0030
[412] [M]: 0x8000082C (0x0030C093) xori ra, ra, 3
x1 <- 0x8000081F


mem[X,0x80000830] -> 0x006F
mem[X,0x80000832] -> 0x0040
[413] [M]: 0x80000830 (0x0040006F) jal zero, 4


mem[X,0x80000834] -> 0x0297
mem[X,0x80000836] -> 0x0000
[414] [M]: 0x80000834 (0x00000297) auipc t0, 0
x5 <- 0x80000834


mem[X,0x80000838] -> 0x8293
mem[X,0x8000083A] -> 0xFD42
[415] [M]: 0x80000838 (0xFD428293) addi t0, t0, 4052
x5 <- 0x80000808


mem[X,0x8000083C] -> 0xF293
mem[X,0x8000083E] -> 0xFFC2
[416] [M]: 0x8000083C (0xFFC2F293) andi t0, t0, 4092
x5 <- 0x80000808


mem[X,0x80000840] -> 0x80B3
mem[X,0x80000842] -> 0x4050
[417] [M]: 0x80000840 (0x405080B3) sub ra, ra, t0
x1 <- 0x00000017


mem[X,0x80000844] -> 0xA223
mem[X,0x80000846] -> 0x0211
[418] [M]: 0x80000844 (0x0211A223) sw ra, 36(gp)
mem[0x80002288] <- 0x00000017


mem[X,0x80000848] -> 0x0F97
mem[X,0x8000084A] -> 0x0000
[419] [M]: 0x80000848 (0x00000F97) auipc t6, 0
x31 <- 0x80000848


mem[X,0x8000084C] -> 0x8F93
mem[X,0x8000084E] -> 0x000F
[420] [M]: 0x8000084C (0x000F8F93) addi t6, t6, 0
x31 <- 0x80000848


mem[X,0x80000850] -> 0x1817
mem[X,0x80000852] -> 0x0000
[421] [M]: 0x80000850 (0x00001817) auipc a6, 1
x16 <- 0x80001850


mem[X,0x80000854] -> 0x0813
mem[X,0x80000856] -> 0x81C8
[422] [M]: 0x80000854 (0x81C80813) addi a6, a6, 2076
x16 <- 0x8000106C


mem[X,0x80000858] -> 0x0FE7
mem[X,0x8000085A] -> 0x8008
[423] [M]: 0x80000858 (0x80080FE7) jalr t6, a6, 2048
x31 <- 0x8000085C


mem[X,0x8000086C] -> 0xCF93
mem[X,0x8000086E] -> 0x003F
[424] [M]: 0x8000086C (0x003FCF93) xori t6, t6, 3
x31 <- 0x8000085F


mem[X,0x80000870] -> 0x006F
mem[X,0x80000872] -> 0x0040
[425] [M]: 0x80000870 (0x0040006F) jal zero, 4


mem[X,0x80000874] -> 0x0297
mem[X,0x80000876] -> 0x0000
[426] [M]: 0x80000874 (0x00000297) auipc t0, 0
x5 <- 0x80000874


mem[X,0x80000878] -> 0x8293
mem[X,0x8000087A] -> 0xFD42
[427] [M]: 0x80000878 (0xFD428293) addi t0, t0, 4052
x5 <- 0x80000848


mem[X,0x8000087C] -> 0xF293
mem[X,0x8000087E] -> 0xFFC2
[428] [M]: 0x8000087C (0xFFC2F293) andi t0, t0, 4092
x5 <- 0x80000848


mem[X,0x80000880] -> 0x8FB3
mem[X,0x80000882] -> 0x405F
[429] [M]: 0x80000880 (0x405F8FB3) sub t6, t6, t0
x31 <- 0x00000017


mem[X,0x80000884] -> 0xA423
mem[X,0x80000886] -> 0x03F1
[430] [M]: 0x80000884 (0x03F1A423) sw t6, 40(gp)
mem[0x8000228C] <- 0x00000017


mem[X,0x80000888] -> 0x0D97
mem[X,0x8000088A] -> 0x0000
[431] [M]: 0x80000888 (0x00000D97) auipc s11, 0
x27 <- 0x80000888


mem[X,0x8000088C] -> 0x8D93
mem[X,0x8000088E] -> 0x000D
[432] [M]: 0x8000088C (0x000D8D93) addi s11, s11, 0
x27 <- 0x80000888


mem[X,0x80000890] -> 0x1817
mem[X,0x80000892] -> 0x0000
[433] [M]: 0x80000890 (0x00001817) auipc a6, 1
x16 <- 0x80001890


mem[X,0x80000894] -> 0x0813
mem[X,0x80000896] -> 0x81C8
[434] [M]: 0x80000894 (0x81C80813) addi a6, a6, 2076
x16 <- 0x800010AC


mem[X,0x80000898] -> 0x0DE7
mem[X,0x8000089A] -> 0x8008
[435] [M]: 0x80000898 (0x80080DE7) jalr s11, a6, 2048
x27 <- 0x8000089C


mem[X,0x800008AC] -> 0xCD93
mem[X,0x800008AE] -> 0x003D
[436] [M]: 0x800008AC (0x003DCD93) xori s11, s11, 3
x27 <- 0x8000089F


mem[X,0x800008B0] -> 0x006F
mem[X,0x800008B2] -> 0x0040
[437] [M]: 0x800008B0 (0x0040006F) jal zero, 4


mem[X,0x800008B4] -> 0x0297
mem[X,0x800008B6] -> 0x0000
[438] [M]: 0x800008B4 (0x00000297) auipc t0, 0
x5 <- 0x800008B4


mem[X,0x800008B8] -> 0x8293
mem[X,0x800008BA] -> 0xFD42
[439] [M]: 0x800008B8 (0xFD428293) addi t0, t0, 4052
x5 <- 0x80000888


mem[X,0x800008BC] -> 0xF293
mem[X,0x800008BE] -> 0xFFC2
[440] [M]: 0x800008BC (0xFFC2F293) andi t0, t0, 4092
x5 <- 0x80000888


mem[X,0x800008C0] -> 0x8DB3
mem[X,0x800008C2] -> 0x405D
[441] [M]: 0x800008C0 (0x405D8DB3) sub s11, s11, t0
x27 <- 0x00000017


mem[X,0x800008C4] -> 0xA623
mem[X,0x800008C6] -> 0x03B1
[442] [M]: 0x800008C4 (0x03B1A623) sw s11, 44(gp)
mem[0x80002290] <- 0x00000017


mem[X,0x800008C8] -> 0x0597
mem[X,0x800008CA] -> 0x0000
[443] [M]: 0x800008C8 (0x00000597) auipc a1, 0
x11 <- 0x800008C8


mem[X,0x800008CC] -> 0x8593
mem[X,0x800008CE] -> 0x0005
[444] [M]: 0x800008CC (0x00058593) addi a1, a1, 0
x11 <- 0x800008C8


mem[X,0x800008D0] -> 0x0517
mem[X,0x800008D2] -> 0x0000
[445] [M]: 0x800008D0 (0x00000517) auipc a0, 0
x10 <- 0x800008D0


mem[X,0x800008D4] -> 0x0513
mem[X,0x800008D6] -> 0xFFC5
[446] [M]: 0x800008D4 (0xFFC50513) addi a0, a0, 4092
x10 <- 0x800008CC


mem[X,0x800008D8] -> 0x05E7
mem[X,0x800008DA] -> 0x0205
[447] [M]: 0x800008D8 (0x020505E7) jalr a1, a0, 32
x11 <- 0x800008DC


mem[X,0x800008EC] -> 0xC593
mem[X,0x800008EE] -> 0x0035
[448] [M]: 0x800008EC (0x0035C593) xori a1, a1, 3
x11 <- 0x800008DF


mem[X,0x800008F0] -> 0x006F
mem[X,0x800008F2] -> 0x0040
[449] [M]: 0x800008F0 (0x0040006F) jal zero, 4


mem[X,0x800008F4] -> 0x0297
mem[X,0x800008F6] -> 0x0000
[450] [M]: 0x800008F4 (0x00000297) auipc t0, 0
x5 <- 0x800008F4


mem[X,0x800008F8] -> 0x8293
mem[X,0x800008FA] -> 0xFD42
[451] [M]: 0x800008F8 (0xFD428293) addi t0, t0, 4052
x5 <- 0x800008C8


mem[X,0x800008FC] -> 0xF293
mem[X,0x800008FE] -> 0xFFC2
[452] [M]: 0x800008FC (0xFFC2F293) andi t0, t0, 4092
x5 <- 0x800008C8


mem[X,0x80000900] -> 0x85B3
mem[X,0x80000902] -> 0x4055
[453] [M]: 0x80000900 (0x405585B3) sub a1, a1, t0
x11 <- 0x00000017


mem[X,0x80000904] -> 0xA823
mem[X,0x80000906] -> 0x02B1
[454] [M]: 0x80000904 (0x02B1A823) sw a1, 48(gp)
mem[0x80002294] <- 0x00000017


mem[X,0x80000908] -> 0x0013
mem[X,0x8000090A] -> 0x0000
[455] [M]: 0x80000908 (0x00000013) addi zero, zero, 0


mem[X,0x8000090C] -> 0x0013
mem[X,0x8000090E] -> 0x0000
[456] [M]: 0x8000090C (0x00000013) addi zero, zero, 0


mem[X,0x80000910] -> 0x0093
mem[X,0x80000912] -> 0x0010
[457] [M]: 0x80000910 (0x00100093) addi ra, zero, 1
x1 <- 0x00000001


mem[X,0x80000914] -> 0x0F17
mem[X,0x80000916] -> 0x0000
[458] [M]: 0x80000914 (0x00000F17) auipc t5, 0
x30 <- 0x80000914


mem[X,0x80000918] -> 0x2623
mem[X,0x8000091A] -> 0x6E1F
[459] [M]: 0x80000918 (0x6E1F2623) sw ra, 1772(t5)
htif[0x80001000] <- 0x00000001


mem[X,0x8000091C] -> 0xF06F
mem[X,0x8000091E] -> 0xFF9F
[460] [M]: 0x8000091C (0xFF9FF06F) jal zero, 2097144


mem[X,0x80000914] -> 0x0F17
mem[X,0x80000916] -> 0x0000
[461] [M]: 0x80000914 (0x00000F17) auipc t5, 0
x30 <- 0x80000914


mem[X,0x80000918] -> 0x2623
mem[X,0x8000091A] -> 0x6E1F
[462] [M]: 0x80000918 (0x6E1F2623) sw ra, 1772(t5)
htif[0x80001000] <- 0x00000001


mem[X,0x8000091C] -> 0xF06F
mem[X,0x8000091E] -> 0xFF9F
[463] [M]: 0x8000091C (0xFF9FF06F) jal zero, 2097144


mem[X,0x80000914] -> 0x0F17
mem[X,0x80000916] -> 0x0000
[464] [M]: 0x80000914 (0x00000F17) auipc t5, 0
x30 <- 0x80000914


mem[X,0x80000918] -> 0x2623
mem[X,0x8000091A] -> 0x6E1F
[465] [M]: 0x80000918 (0x6E1F2623) sw ra, 1772(t5)
htif[0x80001000] <- 0x00000001
htif-syscall-proxy cmd: 0x000000000001

SUCCESS
