using /home/moon/moon_verif/riscof_work/src/jal-01.S/ref/Reference-sail_c_simulator.signature for test-signature output.
[Sail] Allocating new block 0x80000000
tohost located at 0x801ac000
[Sail] Allocating new block 0x0

Running file sail-jal-01.elf.
ELF Entry @ 0x80000000
begin_signature: 0x801ad210
end_signature: 0x801ad2a0
CSR mstatus <- 0x00000000 (input: 0x00000000)
mem[X,0x00001000] -> 0x0297
mem[X,0x00001002] -> 0x0000
[0] [M]: 0x00001000 (0x00000297) auipc t0, 0
x5 <- 0x00001000


mem[X,0x00001004] -> 0x8593
mem[X,0x00001006] -> 0x0202
[1] [M]: 0x00001004 (0x02028593) addi a1, t0, 32
x11 <- 0x00001020


mem[X,0x00001008] -> 0x2573
mem[X,0x0000100A] -> 0xF140
[2] [M]: 0x00001008 (0xF1402573) csrrs a0, mhartid, zero
CSR mhartid -> 0x00000000
x10 <- 0x00000000


mem[X,0x0000100C] -> 0xA283
mem[X,0x0000100E] -> 0x0182
[3] [M]: 0x0000100C (0x0182A283) lw t0, 24(t0)
mem[R,0x00001018] -> 0x80000000
x5 <- 0x80000000


mem[X,0x00001010] -> 0x8067
mem[X,0x00001012] -> 0x0002
[4] [M]: 0x00001010 (0x00028067) jalr zero, t0, 0


mem[X,0x80000000] -> 0xC0B7
mem[X,0x80000002] -> 0xFEED
[5] [M]: 0x80000000 (0xFEEDC0B7) lui ra, 1044188
x1 <- 0xFEEDC000


mem[X,0x80000004] -> 0x8093
mem[X,0x80000006] -> 0xEAD0
[6] [M]: 0x80000004 (0xEAD08093) addi ra, ra, 3757
x1 <- 0xFEEDBEAD


mem[X,0x80000008] -> 0xE137
mem[X,0x8000000A] -> 0xFF76
[7] [M]: 0x80000008 (0xFF76E137) lui sp, 1046382
x2 <- 0xFF76E000


mem[X,0x8000000C] -> 0x0113
mem[X,0x8000000E] -> 0xF561
[8] [M]: 0x8000000C (0xF5610113) addi sp, sp, 3926
x2 <- 0xFF76DF56


mem[X,0x80000010] -> 0x71B7
mem[X,0x80000012] -> 0x7FBB
[9] [M]: 0x80000010 (0x7FBB71B7) lui gp, 523191
x3 <- 0x7FBB7000


mem[X,0x80000014] -> 0x8193
mem[X,0x80000016] -> 0xFAB1
[10] [M]: 0x80000014 (0xFAB18193) addi gp, gp, 4011
x3 <- 0x7FBB6FAB


mem[X,0x80000018] -> 0xB237
mem[X,0x8000001A] -> 0xBFDD
[11] [M]: 0x80000018 (0xBFDDB237) lui tp, 785883
x4 <- 0xBFDDB000


mem[X,0x8000001C] -> 0x0213
mem[X,0x8000001E] -> 0x7D52
[12] [M]: 0x8000001C (0x7D520213) addi tp, tp, 2005
x4 <- 0xBFDDB7D5


mem[X,0x80000020] -> 0x0297
mem[X,0x80000022] -> 0x0000
[13] [M]: 0x80000020 (0x00000297) auipc t0, 0
x5 <- 0x80000020


mem[X,0x80000024] -> 0x8293
mem[X,0x80000026] -> 0x0D82
[14] [M]: 0x80000024 (0x0D828293) addi t0, t0, 216
x5 <- 0x800000F8


mem[X,0x80000028] -> 0xD317
mem[X,0x8000002A] -> 0x001A
[15] [M]: 0x80000028 (0x001AD317) auipc t1, 429
x6 <- 0x801AD028


mem[X,0x8000002C] -> 0x0313
mem[X,0x8000002E] -> 0xFD83
[16] [M]: 0x8000002C (0xFD830313) addi t1, t1, 4056
x6 <- 0x801AD000


mem[X,0x80000030] -> 0xB3B7
mem[X,0x80000032] -> 0xB7FB
[17] [M]: 0x80000030 (0xB7FBB3B7) lui t2, 753595
x7 <- 0xB7FBB000


mem[X,0x80000034] -> 0x8393
mem[X,0x80000036] -> 0x6FA3
[18] [M]: 0x80000034 (0x6FA38393) addi t2, t2, 1786
x7 <- 0xB7FBB6FA


mem[X,0x80000038] -> 0xE437
mem[X,0x8000003A] -> 0x5BFD
[19] [M]: 0x80000038 (0x5BFDE437) lui fp, 376798
x8 <- 0x5BFDE000


mem[X,0x8000003C] -> 0x0413
mem[X,0x8000003E] -> 0xB7D4
[20] [M]: 0x8000003C (0xB7D40413) addi fp, fp, 2941
x8 <- 0x5BFDDB7D


mem[X,0x80000040] -> 0xF4B7
mem[X,0x80000042] -> 0xADFE
[21] [M]: 0x80000040 (0xADFEF4B7) lui s1, 712687
x9 <- 0xADFEF000


mem[X,0x80000044] -> 0x8493
mem[X,0x80000046] -> 0xDBE4
[22] [M]: 0x80000044 (0xDBE48493) addi s1, s1, 3518
x9 <- 0xADFEEDBE


mem[X,0x80000048] -> 0x7537
mem[X,0x8000004A] -> 0x56FF
[23] [M]: 0x80000048 (0x56FF7537) lui a0, 356343
x10 <- 0x56FF7000


mem[X,0x8000004C] -> 0x0513
mem[X,0x8000004E] -> 0x6DF5
[24] [M]: 0x8000004C (0x6DF50513) addi a0, a0, 1759
x10 <- 0x56FF76DF


mem[X,0x80000050] -> 0xC5B7
mem[X,0x80000052] -> 0xAB7F
[25] [M]: 0x80000050 (0xAB7FC5B7) lui a1, 702460
x11 <- 0xAB7FC000


mem[X,0x80000054] -> 0x8593
mem[X,0x80000056] -> 0xB6F5
[26] [M]: 0x80000054 (0xB6F58593) addi a1, a1, 2927
x11 <- 0xAB7FBB6F


mem[X,0x80000058] -> 0xE637
mem[X,0x8000005A] -> 0xD5BF
[27] [M]: 0x80000058 (0xD5BFE637) lui a2, 875518
x12 <- 0xD5BFE000


mem[X,0x8000005C] -> 0x0613
mem[X,0x8000005E] -> 0xDB76
[28] [M]: 0x8000005C (0xDB760613) addi a2, a2, 3511
x12 <- 0xD5BFDDB7


mem[X,0x80000060] -> 0xF6B7
mem[X,0x80000062] -> 0xEADF
[29] [M]: 0x80000060 (0xEADFF6B7) lui a3, 962047
x13 <- 0xEADFF000


mem[X,0x80000064] -> 0x8693
mem[X,0x80000066] -> 0xEDB6
[30] [M]: 0x80000064 (0xEDB68693) addi a3, a3, 3803
x13 <- 0xEADFEEDB


mem[X,0x80000068] -> 0xF737
mem[X,0x8000006A] -> 0xF56F
[31] [M]: 0x80000068 (0xF56FF737) lui a4, 1005311
x14 <- 0xF56FF000


mem[X,0x8000006C] -> 0x0713
mem[X,0x8000006E] -> 0x76D7
[32] [M]: 0x8000006C (0x76D70713) addi a4, a4, 1901
x14 <- 0xF56FF76D


mem[X,0x80000070] -> 0x07B7
mem[X,0x80000072] -> 0xFAB8
[33] [M]: 0x80000070 (0xFAB807B7) lui a5, 1026944
x15 <- 0xFAB80000


mem[X,0x80000074] -> 0x8793
mem[X,0x80000076] -> 0xBB67
[34] [M]: 0x80000074 (0xBB678793) addi a5, a5, 2998
x15 <- 0xFAB7FBB6


mem[X,0x80000078] -> 0x0837
mem[X,0x8000007A] -> 0x7D5C
[35] [M]: 0x80000078 (0x7D5C0837) lui a6, 513472
x16 <- 0x7D5C0000


mem[X,0x8000007C] -> 0x0813
mem[X,0x8000007E] -> 0xDDB8
[36] [M]: 0x8000007C (0xDDB80813) addi a6, a6, 3547
x16 <- 0x7D5BFDDB


mem[X,0x80000080] -> 0x08B7
mem[X,0x80000082] -> 0xBEAE
[37] [M]: 0x80000080 (0xBEAE08B7) lui a7, 781024
x17 <- 0xBEAE0000


mem[X,0x80000084] -> 0x8893
mem[X,0x80000086] -> 0xEED8
[38] [M]: 0x80000084 (0xEED88893) addi a7, a7, 3821
x17 <- 0xBEADFEED


mem[X,0x80000088] -> 0x0937
mem[X,0x8000008A] -> 0xDF57
[39] [M]: 0x80000088 (0xDF570937) lui s2, 914800
x18 <- 0xDF570000


mem[X,0x8000008C] -> 0x0913
mem[X,0x8000008E] -> 0xF769
[40] [M]: 0x8000008C (0xF7690913) addi s2, s2, 3958
x18 <- 0xDF56FF76


mem[X,0x80000090] -> 0x89B7
mem[X,0x80000092] -> 0x6FAB
[41] [M]: 0x80000090 (0x6FAB89B7) lui s3, 457400
x19 <- 0x6FAB8000


mem[X,0x80000094] -> 0x8993
mem[X,0x80000096] -> 0xFBB9
[42] [M]: 0x80000094 (0xFBB98993) addi s3, s3, 4027
x19 <- 0x6FAB7FBB


mem[X,0x80000098] -> 0xCA37
mem[X,0x8000009A] -> 0xB7D5
[43] [M]: 0x80000098 (0xB7D5CA37) lui s4, 752988
x20 <- 0xB7D5C000


mem[X,0x8000009C] -> 0x0A13
mem[X,0x8000009E] -> 0xFDDA
[44] [M]: 0x8000009C (0xFDDA0A13) addi s4, s4, 4061
x20 <- 0xB7D5BFDD


mem[X,0x800000A0] -> 0xEAB7
mem[X,0x800000A2] -> 0xDBEA
[45] [M]: 0x800000A0 (0xDBEAEAB7) lui s5, 900782
x21 <- 0xDBEAE000


mem[X,0x800000A4] -> 0x8A93
mem[X,0x800000A6] -> 0xFEEA
[46] [M]: 0x800000A4 (0xFEEA8A93) addi s5, s5, 4078
x21 <- 0xDBEADFEE


mem[X,0x800000A8] -> 0x7B37
mem[X,0x800000AA] -> 0x6DF5
[47] [M]: 0x800000A8 (0x6DF57B37) lui s6, 450391
x22 <- 0x6DF57000


mem[X,0x800000AC] -> 0x0B13
mem[X,0x800000AE] -> 0xFF7B
[48] [M]: 0x800000AC (0xFF7B0B13) addi s6, s6, 4087
x22 <- 0x6DF56FF7


mem[X,0x800000B0] -> 0xBBB7
mem[X,0x800000B2] -> 0xB6FA
[49] [M]: 0x800000B0 (0xB6FABBB7) lui s7, 749483
x23 <- 0xB6FAB000


mem[X,0x800000B4] -> 0x8B93
mem[X,0x800000B6] -> 0x7FBB
[50] [M]: 0x800000B4 (0x7FBB8B93) addi s7, s7, 2043
x23 <- 0xB6FAB7FB


mem[X,0x800000B8] -> 0x6C37
mem[X,0x800000BA] -> 0xDB7D
[51] [M]: 0x800000B8 (0xDB7D6C37) lui s8, 899030
x24 <- 0xDB7D6000


mem[X,0x800000BC] -> 0x0C13
mem[X,0x800000BE] -> 0xBFDC
[52] [M]: 0x800000BC (0xBFDC0C13) addi s8, s8, 3069
x24 <- 0xDB7D5BFD


mem[X,0x800000C0] -> 0xBCB7
mem[X,0x800000C2] -> 0xEDBE
[53] [M]: 0x800000C0 (0xEDBEBCB7) lui s9, 973803
x25 <- 0xEDBEB000


mem[X,0x800000C4] -> 0x8C93
mem[X,0x800000C6] -> 0xDFEC
[54] [M]: 0x800000C4 (0xDFEC8C93) addi s9, s9, 3582
x25 <- 0xEDBEADFE


mem[X,0x800000C8] -> 0x5D37
mem[X,0x800000CA] -> 0x76DF
[55] [M]: 0x800000C8 (0x76DF5D37) lui s10, 486901
x26 <- 0x76DF5000


mem[X,0x800000CC] -> 0x0D13
mem[X,0x800000CE] -> 0x6FFD
[56] [M]: 0x800000CC (0x6FFD0D13) addi s10, s10, 1791
x26 <- 0x76DF56FF


mem[X,0x800000D0] -> 0xBDB7
mem[X,0x800000D2] -> 0xBB6F
[57] [M]: 0x800000D0 (0xBB6FBDB7) lui s11, 767739
x27 <- 0xBB6FB000


mem[X,0x800000D4] -> 0x8D93
mem[X,0x800000D6] -> 0xB7FD
[58] [M]: 0x800000D4 (0xB7FD8D93) addi s11, s11, 2943
x27 <- 0xBB6FAB7F


mem[X,0x800000D8] -> 0xDE37
mem[X,0x800000DA] -> 0xDDB7
[59] [M]: 0x800000D8 (0xDDB7DE37) lui t3, 908157
x28 <- 0xDDB7D000


mem[X,0x800000DC] -> 0x0E13
mem[X,0x800000DE] -> 0x5BFE
[60] [M]: 0x800000DC (0x5BFE0E13) addi t3, t3, 1471
x28 <- 0xDDB7D5BF


mem[X,0x800000E0] -> 0xFEB7
mem[X,0x800000E2] -> 0xEEDB
[61] [M]: 0x800000E0 (0xEEDBFEB7) lui t4, 978367
x29 <- 0xEEDBF000


mem[X,0x800000E4] -> 0x8E93
mem[X,0x800000E6] -> 0xADFE
[62] [M]: 0x800000E4 (0xADFE8E93) addi t4, t4, 2783
x29 <- 0xEEDBEADF


mem[X,0x800000E8] -> 0xFF37
mem[X,0x800000EA] -> 0xF76D
[63] [M]: 0x800000E8 (0xF76DFF37) lui t5, 1013471
x30 <- 0xF76DF000


mem[X,0x800000EC] -> 0x0F13
mem[X,0x800000EE] -> 0x56FF
[64] [M]: 0x800000EC (0x56FF0F13) addi t5, t5, 1391
x30 <- 0xF76DF56F


mem[X,0x800000F0] -> 0x0FB7
mem[X,0x800000F2] -> 0xFBB7
[65] [M]: 0x800000F0 (0xFBB70FB7) lui t6, 1031024
x31 <- 0xFBB70000


mem[X,0x800000F4] -> 0x8F93
mem[X,0x800000F6] -> 0xAB7F
[66] [M]: 0x800000F4 (0xAB7F8F93) addi t6, t6, 2743
x31 <- 0xFBB6FAB7


mem[X,0x800000F8] -> 0xD117
mem[X,0x800000FA] -> 0x001A
[67] [M]: 0x800000F8 (0x001AD117) auipc sp, 429
x2 <- 0x801AD0F8


mem[X,0x800000FC] -> 0x0113
mem[X,0x800000FE] -> 0x11C1
[68] [M]: 0x800000FC (0x11C10113) addi sp, sp, 284
x2 <- 0x801AD214


mem[X,0x80000100] -> 0xB697
mem[X,0x80000102] -> 0x000A
[69] [M]: 0x80000100 (0x000AB697) auipc a3, 171
x13 <- 0x800AB100


mem[X,0x80000104] -> 0x8693
mem[X,0x80000106] -> 0xAC46
[70] [M]: 0x80000104 (0xAC468693) addi a3, a3, 2756
x13 <- 0x800AABC4


mem[X,0x80000108] -> 0x8067
mem[X,0x8000010A] -> 0x0006
[71] [M]: 0x80000108 (0x00068067) jalr zero, a3, 0


mem[X,0x800AABC4] -> 0x5AEF
mem[X,0x800AABC6] -> 0xD545
[72] [M]: 0x800AABC4 (0xD5455AEF) jal s5, 1398100
x21 <- 0x800AABC8


mem[X,0x80000118] -> 0xCA93
mem[X,0x8000011A] -> 0x001A
[73] [M]: 0x80000118 (0x001ACA93) xori s5, s5, 1
x21 <- 0x800AABC9


mem[X,0x8000011C] -> 0x08E3
mem[X,0x8000011E] -> 0xFE00
[74] [M]: 0x8000011C (0xFE0008E3) beq zero, zero, 8176


mem[X,0x8000010C] -> 0xB697
mem[X,0x8000010E] -> 0x000A
[75] [M]: 0x8000010C (0x000AB697) auipc a3, 171
x13 <- 0x800AB10C


mem[X,0x80000110] -> 0x8693
mem[X,0x80000112] -> 0xAD46
[76] [M]: 0x80000110 (0xAD468693) addi a3, a3, 2772
x13 <- 0x800AABE0


mem[X,0x80000114] -> 0x8067
mem[X,0x80000116] -> 0x0006
[77] [M]: 0x80000114 (0x00068067) jalr zero, a3, 0


mem[X,0x800AABE0] -> 0x5697
mem[X,0x800AABE2] -> 0xFFF5
[78] [M]: 0x800AABE0 (0xFFF55697) auipc a3, 1048405
x13 <- 0x7FFFFBE0


mem[X,0x800AABE4] -> 0x8693
mem[X,0x800AABE6] -> 0x5206
[79] [M]: 0x800AABE4 (0x52068693) addi a3, a3, 1312
x13 <- 0x80000100


mem[X,0x800AABE8] -> 0xF693
mem[X,0x800AABEA] -> 0xFFC6
[80] [M]: 0x800AABE8 (0xFFC6F693) andi a3, a3, 4092
x13 <- 0x80000100


mem[X,0x800AABEC] -> 0x8AB3
mem[X,0x800AABEE] -> 0x40DA
[81] [M]: 0x800AABEC (0x40DA8AB3) sub s5, s5, a3
x21 <- 0x000AAAC9


mem[X,0x800AABF0] -> 0x2023
mem[X,0x800AABF2] -> 0x0151
[82] [M]: 0x800AABF0 (0x01512023) sw s5, 0(sp)
mem[0x801AD214] <- 0x000AAAC9


mem[X,0x800AABF4] -> 0x0697
mem[X,0x800AABF6] -> 0x0000
[83] [M]: 0x800AABF4 (0x00000697) auipc a3, 0
x13 <- 0x800AABF4


mem[X,0x800AABF8] -> 0x8693
mem[X,0x800AABFA] -> 0x0206
[84] [M]: 0x800AABF8 (0x02068693) addi a3, a3, 32
x13 <- 0x800AAC14


mem[X,0x800AABFC] -> 0x8067
mem[X,0x800AABFE] -> 0x0006
[85] [M]: 0x800AABFC (0x00068067) jalr zero, a3, 0


mem[X,0x800AAC14] -> 0x01EF
mem[X,0x800AAC16] -> 0x00C0
[86] [M]: 0x800AAC14 (0x00C001EF) jal gp, 12
x3 <- 0x800AAC18


mem[X,0x800AAC20] -> 0xC193
mem[X,0x800AAC22] -> 0x0031
[87] [M]: 0x800AAC20 (0x0031C193) xori gp, gp, 3
x3 <- 0x800AAC1B


mem[X,0x800AAC24] -> 0x0697
mem[X,0x800AAC26] -> 0x0000
[88] [M]: 0x800AAC24 (0x00000697) auipc a3, 0
x13 <- 0x800AAC24


mem[X,0x800AAC28] -> 0x8693
mem[X,0x800AAC2A] -> 0x00C6
[89] [M]: 0x800AAC28 (0x00C68693) addi a3, a3, 12
x13 <- 0x800AAC30


mem[X,0x800AAC2C] -> 0x8067
mem[X,0x800AAC2E] -> 0x0006
[90] [M]: 0x800AAC2C (0x00068067) jalr zero, a3, 0


mem[X,0x800AAC30] -> 0x0697
mem[X,0x800AAC32] -> 0x0000
[91] [M]: 0x800AAC30 (0x00000697) auipc a3, 0
x13 <- 0x800AAC30


mem[X,0x800AAC34] -> 0x8693
mem[X,0x800AAC36] -> 0xFC46
[92] [M]: 0x800AAC34 (0xFC468693) addi a3, a3, 4036
x13 <- 0x800AABF4


mem[X,0x800AAC38] -> 0xF693
mem[X,0x800AAC3A] -> 0xFFC6
[93] [M]: 0x800AAC38 (0xFFC6F693) andi a3, a3, 4092
x13 <- 0x800AABF4


mem[X,0x800AAC3C] -> 0x81B3
mem[X,0x800AAC3E] -> 0x40D1
[94] [M]: 0x800AAC3C (0x40D181B3) sub gp, gp, a3
x3 <- 0x00000027


mem[X,0x800AAC40] -> 0x2223
mem[X,0x800AAC42] -> 0x0031
[95] [M]: 0x800AAC40 (0x00312223) sw gp, 4(sp)
mem[0x801AD218] <- 0x00000027


mem[X,0x800AAC44] -> 0x0697
mem[X,0x800AAC46] -> 0x0008
[96] [M]: 0x800AAC44 (0x00080697) auipc a3, 128
x13 <- 0x8012AC44


mem[X,0x800AAC48] -> 0x8693
mem[X,0x800AAC4A] -> 0x0186
[97] [M]: 0x800AAC48 (0x01868693) addi a3, a3, 24
x13 <- 0x8012AC5C


mem[X,0x800AAC4C] -> 0x8067
mem[X,0x800AAC4E] -> 0x0006
[98] [M]: 0x800AAC4C (0x00068067) jalr zero, a3, 0


mem[X,0x8012AC5C] -> 0x0EEF
mem[X,0x8012AC5E] -> 0x8008
[99] [M]: 0x8012AC5C (0x80080EEF) jal t4, 1572864
x29 <- 0x8012AC60


clint::tick mtime <- 0x0000000000000001
 clint timer pending at mtime 0x0000000000000001
htif::tick 0x0000000000000000
mem[X,0x800AAC5C] -> 0xCE93
mem[X,0x800AAC5E] -> 0x001E
[100] [M]: 0x800AAC5C (0x001ECE93) xori t4, t4, 1
x29 <- 0x8012AC61


mem[X,0x800AAC60] -> 0x08E3
mem[X,0x800AAC62] -> 0xFE00
[101] [M]: 0x800AAC60 (0xFE0008E3) beq zero, zero, 8176


mem[X,0x800AAC50] -> 0x0697
mem[X,0x800AAC52] -> 0x0008
[102] [M]: 0x800AAC50 (0x00080697) auipc a3, 128
x13 <- 0x8012AC50


mem[X,0x800AAC54] -> 0x8693
mem[X,0x800AAC56] -> 0x0286
[103] [M]: 0x800AAC54 (0x02868693) addi a3, a3, 40
x13 <- 0x8012AC78


mem[X,0x800AAC58] -> 0x8067
mem[X,0x800AAC5A] -> 0x0006
[104] [M]: 0x800AAC58 (0x00068067) jalr zero, a3, 0


mem[X,0x8012AC78] -> 0x0697
mem[X,0x8012AC7A] -> 0xFFF8
[105] [M]: 0x8012AC78 (0xFFF80697) auipc a3, 1048448
x13 <- 0x800AAC78


mem[X,0x8012AC7C] -> 0x8693
mem[X,0x8012AC7E] -> 0xFCC6
[106] [M]: 0x8012AC7C (0xFCC68693) addi a3, a3, 4044
x13 <- 0x800AAC44


mem[X,0x8012AC80] -> 0xF693
mem[X,0x8012AC82] -> 0xFFC6
[107] [M]: 0x8012AC80 (0xFFC6F693) andi a3, a3, 4092
x13 <- 0x800AAC44


mem[X,0x8012AC84] -> 0x8EB3
mem[X,0x8012AC86] -> 0x40DE
[108] [M]: 0x8012AC84 (0x40DE8EB3) sub t4, t4, a3
x29 <- 0x0008001D


mem[X,0x8012AC88] -> 0x2423
mem[X,0x8012AC8A] -> 0x01D1
[109] [M]: 0x8012AC88 (0x01D12423) sw t4, 8(sp)
mem[0x801AD21C] <- 0x0008001D


mem[X,0x8012AC8C] -> 0x0697
mem[X,0x8012AC8E] -> 0x0000
[110] [M]: 0x8012AC8C (0x00000697) auipc a3, 0
x13 <- 0x8012AC8C


mem[X,0x8012AC90] -> 0x8693
mem[X,0x8012AC92] -> 0x0206
[111] [M]: 0x8012AC90 (0x02068693) addi a3, a3, 32
x13 <- 0x8012ACAC


mem[X,0x8012AC94] -> 0x8067
mem[X,0x8012AC96] -> 0x0006
[112] [M]: 0x8012AC94 (0x00068067) jalr zero, a3, 0


mem[X,0x8012ACAC] -> 0x0DEF
mem[X,0x8012ACAE] -> 0x0008
[113] [M]: 0x8012ACAC (0x00080DEF) jal s11, 524288
x27 <- 0x8012ACB0


mem[X,0x801AACAC] -> 0xCD93
mem[X,0x801AACAE] -> 0x003D
[114] [M]: 0x801AACAC (0x003DCD93) xori s11, s11, 3
x27 <- 0x8012ACB3


mem[X,0x801AACB0] -> 0x0697
mem[X,0x801AACB2] -> 0x0000
[115] [M]: 0x801AACB0 (0x00000697) auipc a3, 0
x13 <- 0x801AACB0


mem[X,0x801AACB4] -> 0x8693
mem[X,0x801AACB6] -> 0x00C6
[116] [M]: 0x801AACB4 (0x00C68693) addi a3, a3, 12
x13 <- 0x801AACBC


mem[X,0x801AACB8] -> 0x8067
mem[X,0x801AACBA] -> 0x0006
[117] [M]: 0x801AACB8 (0x00068067) jalr zero, a3, 0


mem[X,0x801AACBC] -> 0x0697
mem[X,0x801AACBE] -> 0xFFF8
[118] [M]: 0x801AACBC (0xFFF80697) auipc a3, 1048448
x13 <- 0x8012ACBC


mem[X,0x801AACC0] -> 0x8693
mem[X,0x801AACC2] -> 0xFD06
[119] [M]: 0x801AACC0 (0xFD068693) addi a3, a3, 4048
x13 <- 0x8012AC8C


mem[X,0x801AACC4] -> 0xF693
mem[X,0x801AACC6] -> 0xFFC6
[120] [M]: 0x801AACC4 (0xFFC6F693) andi a3, a3, 4092
x13 <- 0x8012AC8C


mem[X,0x801AACC8] -> 0x8DB3
mem[X,0x801AACCA] -> 0x40DD
[121] [M]: 0x801AACC8 (0x40DD8DB3) sub s11, s11, a3
x27 <- 0x00000027


mem[X,0x801AACCC] -> 0x2623
mem[X,0x801AACCE] -> 0x01B1
[122] [M]: 0x801AACCC (0x01B12623) sw s11, 12(sp)
mem[0x801AD220] <- 0x00000027


mem[X,0x801AACD0] -> 0x0697
mem[X,0x801AACD2] -> 0x0000
[123] [M]: 0x801AACD0 (0x00000697) auipc a3, 0
x13 <- 0x801AACD0


mem[X,0x801AACD4] -> 0x8693
mem[X,0x801AACD6] -> 0x0206
[124] [M]: 0x801AACD4 (0x02068693) addi a3, a3, 32
x13 <- 0x801AACF0


mem[X,0x801AACD8] -> 0x8067
mem[X,0x801AACDA] -> 0x0006
[125] [M]: 0x801AACD8 (0x00068067) jalr zero, a3, 0


mem[X,0x801AACF0] -> 0x006F
mem[X,0x801AACF2] -> 0x00C0
[126] [M]: 0x801AACF0 (0x00C0006F) jal zero, 12


mem[X,0x801AACFC] -> 0x4013
mem[X,0x801AACFE] -> 0x0030
[127] [M]: 0x801AACFC (0x00304013) xori zero, zero, 3


mem[X,0x801AAD00] -> 0x0697
mem[X,0x801AAD02] -> 0x0000
[128] [M]: 0x801AAD00 (0x00000697) auipc a3, 0
x13 <- 0x801AAD00


mem[X,0x801AAD04] -> 0x8693
mem[X,0x801AAD06] -> 0x00C6
[129] [M]: 0x801AAD04 (0x00C68693) addi a3, a3, 12
x13 <- 0x801AAD0C


mem[X,0x801AAD08] -> 0x8067
mem[X,0x801AAD0A] -> 0x0006
[130] [M]: 0x801AAD08 (0x00068067) jalr zero, a3, 0


mem[X,0x801AAD0C] -> 0x0697
mem[X,0x801AAD0E] -> 0x0000
[131] [M]: 0x801AAD0C (0x00000697) auipc a3, 0
x13 <- 0x801AAD0C


mem[X,0x801AAD10] -> 0x8693
mem[X,0x801AAD12] -> 0xFC46
[132] [M]: 0x801AAD10 (0xFC468693) addi a3, a3, 4036
x13 <- 0x801AACD0


mem[X,0x801AAD14] -> 0xF693
mem[X,0x801AAD16] -> 0xFFC6
[133] [M]: 0x801AAD14 (0xFFC6F693) andi a3, a3, 4092
x13 <- 0x801AACD0


mem[X,0x801AAD18] -> 0x0033
mem[X,0x801AAD1A] -> 0x40D0
[134] [M]: 0x801AAD18 (0x40D00033) sub zero, zero, a3


mem[X,0x801AAD1C] -> 0x2823
mem[X,0x801AAD1E] -> 0x0001
[135] [M]: 0x801AAD1C (0x00012823) sw zero, 16(sp)
mem[0x801AD224] <- 0x00000000


mem[X,0x801AAD20] -> 0x0697
mem[X,0x801AAD22] -> 0x0000
[136] [M]: 0x801AAD20 (0x00000697) auipc a3, 0
x13 <- 0x801AAD20


mem[X,0x801AAD24] -> 0x8693
mem[X,0x801AAD26] -> 0x0206
[137] [M]: 0x801AAD24 (0x02068693) addi a3, a3, 32
x13 <- 0x801AAD40


mem[X,0x801AAD28] -> 0x8067
mem[X,0x801AAD2A] -> 0x0006
[138] [M]: 0x801AAD28 (0x00068067) jalr zero, a3, 0


mem[X,0x801AAD40] -> 0x026F
mem[X,0x801AAD42] -> 0x00C0
[139] [M]: 0x801AAD40 (0x00C0026F) jal tp, 12
x4 <- 0x801AAD44


mem[X,0x801AAD4C] -> 0x4213
mem[X,0x801AAD4E] -> 0x0032
[140] [M]: 0x801AAD4C (0x00324213) xori tp, tp, 3
x4 <- 0x801AAD47


mem[X,0x801AAD50] -> 0x0697
mem[X,0x801AAD52] -> 0x0000
[141] [M]: 0x801AAD50 (0x00000697) auipc a3, 0
x13 <- 0x801AAD50


mem[X,0x801AAD54] -> 0x8693
mem[X,0x801AAD56] -> 0x00C6
[142] [M]: 0x801AAD54 (0x00C68693) addi a3, a3, 12
x13 <- 0x801AAD5C


mem[X,0x801AAD58] -> 0x8067
mem[X,0x801AAD5A] -> 0x0006
[143] [M]: 0x801AAD58 (0x00068067) jalr zero, a3, 0


mem[X,0x801AAD5C] -> 0x0697
mem[X,0x801AAD5E] -> 0x0000
[144] [M]: 0x801AAD5C (0x00000697) auipc a3, 0
x13 <- 0x801AAD5C


mem[X,0x801AAD60] -> 0x8693
mem[X,0x801AAD62] -> 0xFC46
[145] [M]: 0x801AAD60 (0xFC468693) addi a3, a3, 4036
x13 <- 0x801AAD20


mem[X,0x801AAD64] -> 0xF693
mem[X,0x801AAD66] -> 0xFFC6
[146] [M]: 0x801AAD64 (0xFFC6F693) andi a3, a3, 4092
x13 <- 0x801AAD20


mem[X,0x801AAD68] -> 0x0233
mem[X,0x801AAD6A] -> 0x40D2
[147] [M]: 0x801AAD68 (0x40D20233) sub tp, tp, a3
x4 <- 0x00000027


mem[X,0x801AAD6C] -> 0x2A23
mem[X,0x801AAD6E] -> 0x0041
[148] [M]: 0x801AAD6C (0x00412A23) sw tp, 20(sp)
mem[0x801AD228] <- 0x00000027


mem[X,0x801AAD70] -> 0x0697
mem[X,0x801AAD72] -> 0x0000
[149] [M]: 0x801AAD70 (0x00000697) auipc a3, 0
x13 <- 0x801AAD70


mem[X,0x801AAD74] -> 0x8693
mem[X,0x801AAD76] -> 0x0206
[150] [M]: 0x801AAD74 (0x02068693) addi a3, a3, 32
x13 <- 0x801AAD90


mem[X,0x801AAD78] -> 0x8067
mem[X,0x801AAD7A] -> 0x0006
[151] [M]: 0x801AAD78 (0x00068067) jalr zero, a3, 0


mem[X,0x801AAD90] -> 0x0B6F
mem[X,0x801AAD92] -> 0x00C0
[152] [M]: 0x801AAD90 (0x00C00B6F) jal s6, 12
x22 <- 0x801AAD94


mem[X,0x801AAD9C] -> 0x4B13
mem[X,0x801AAD9E] -> 0x003B
[153] [M]: 0x801AAD9C (0x003B4B13) xori s6, s6, 3
x22 <- 0x801AAD97


mem[X,0x801AADA0] -> 0x0697
mem[X,0x801AADA2] -> 0x0000
[154] [M]: 0x801AADA0 (0x00000697) auipc a3, 0
x13 <- 0x801AADA0


mem[X,0x801AADA4] -> 0x8693
mem[X,0x801AADA6] -> 0x00C6
[155] [M]: 0x801AADA4 (0x00C68693) addi a3, a3, 12
x13 <- 0x801AADAC


mem[X,0x801AADA8] -> 0x8067
mem[X,0x801AADAA] -> 0x0006
[156] [M]: 0x801AADA8 (0x00068067) jalr zero, a3, 0


mem[X,0x801AADAC] -> 0x0697
mem[X,0x801AADAE] -> 0x0000
[157] [M]: 0x801AADAC (0x00000697) auipc a3, 0
x13 <- 0x801AADAC


mem[X,0x801AADB0] -> 0x8693
mem[X,0x801AADB2] -> 0xFC46
[158] [M]: 0x801AADB0 (0xFC468693) addi a3, a3, 4036
x13 <- 0x801AAD70


mem[X,0x801AADB4] -> 0xF693
mem[X,0x801AADB6] -> 0xFFC6
[159] [M]: 0x801AADB4 (0xFFC6F693) andi a3, a3, 4092
x13 <- 0x801AAD70


mem[X,0x801AADB8] -> 0x0B33
mem[X,0x801AADBA] -> 0x40DB
[160] [M]: 0x801AADB8 (0x40DB0B33) sub s6, s6, a3
x22 <- 0x00000027


mem[X,0x801AADBC] -> 0x2C23
mem[X,0x801AADBE] -> 0x0161
[161] [M]: 0x801AADBC (0x01612C23) sw s6, 24(sp)
mem[0x801AD22C] <- 0x00000027


mem[X,0x801AADC0] -> 0x0697
mem[X,0x801AADC2] -> 0x0000
[162] [M]: 0x801AADC0 (0x00000697) auipc a3, 0
x13 <- 0x801AADC0


mem[X,0x801AADC4] -> 0x8693
mem[X,0x801AADC6] -> 0x0206
[163] [M]: 0x801AADC4 (0x02068693) addi a3, a3, 32
x13 <- 0x801AADE0


mem[X,0x801AADC8] -> 0x8067
mem[X,0x801AADCA] -> 0x0006
[164] [M]: 0x801AADC8 (0x00068067) jalr zero, a3, 0


mem[X,0x801AADE0] -> 0x086F
mem[X,0x801AADE2] -> 0x00C0
[165] [M]: 0x801AADE0 (0x00C0086F) jal a6, 12
x16 <- 0x801AADE4


mem[X,0x801AADEC] -> 0x4813
mem[X,0x801AADEE] -> 0x0038
[166] [M]: 0x801AADEC (0x00384813) xori a6, a6, 3
x16 <- 0x801AADE7


mem[X,0x801AADF0] -> 0x0697
mem[X,0x801AADF2] -> 0x0000
[167] [M]: 0x801AADF0 (0x00000697) auipc a3, 0
x13 <- 0x801AADF0


mem[X,0x801AADF4] -> 0x8693
mem[X,0x801AADF6] -> 0x00C6
[168] [M]: 0x801AADF4 (0x00C68693) addi a3, a3, 12
x13 <- 0x801AADFC


mem[X,0x801AADF8] -> 0x8067
mem[X,0x801AADFA] -> 0x0006
[169] [M]: 0x801AADF8 (0x00068067) jalr zero, a3, 0


mem[X,0x801AADFC] -> 0x0697
mem[X,0x801AADFE] -> 0x0000
[170] [M]: 0x801AADFC (0x00000697) auipc a3, 0
x13 <- 0x801AADFC


mem[X,0x801AAE00] -> 0x8693
mem[X,0x801AAE02] -> 0xFC46
[171] [M]: 0x801AAE00 (0xFC468693) addi a3, a3, 4036
x13 <- 0x801AADC0


mem[X,0x801AAE04] -> 0xF693
mem[X,0x801AAE06] -> 0xFFC6
[172] [M]: 0x801AAE04 (0xFFC6F693) andi a3, a3, 4092
x13 <- 0x801AADC0


mem[X,0x801AAE08] -> 0x0833
mem[X,0x801AAE0A] -> 0x40D8
[173] [M]: 0x801AAE08 (0x40D80833) sub a6, a6, a3
x16 <- 0x00000027


mem[X,0x801AAE0C] -> 0x2E23
mem[X,0x801AAE0E] -> 0x0101
[174] [M]: 0x801AAE0C (0x01012E23) sw a6, 28(sp)
mem[0x801AD230] <- 0x00000027


mem[X,0x801AAE10] -> 0x0697
mem[X,0x801AAE12] -> 0x0000
[175] [M]: 0x801AAE10 (0x00000697) auipc a3, 0
x13 <- 0x801AAE10


mem[X,0x801AAE14] -> 0x8693
mem[X,0x801AAE16] -> 0x0206
[176] [M]: 0x801AAE14 (0x02068693) addi a3, a3, 32
x13 <- 0x801AAE30


mem[X,0x801AAE18] -> 0x8067
mem[X,0x801AAE1A] -> 0x0006
[177] [M]: 0x801AAE18 (0x00068067) jalr zero, a3, 0


mem[X,0x801AAE30] -> 0x066F
mem[X,0x801AAE32] -> 0x00C0
[178] [M]: 0x801AAE30 (0x00C0066F) jal a2, 12
x12 <- 0x801AAE34


mem[X,0x801AAE3C] -> 0x4613
mem[X,0x801AAE3E] -> 0x0036
[179] [M]: 0x801AAE3C (0x00364613) xori a2, a2, 3
x12 <- 0x801AAE37


mem[X,0x801AAE40] -> 0x0697
mem[X,0x801AAE42] -> 0x0000
[180] [M]: 0x801AAE40 (0x00000697) auipc a3, 0
x13 <- 0x801AAE40


mem[X,0x801AAE44] -> 0x8693
mem[X,0x801AAE46] -> 0x00C6
[181] [M]: 0x801AAE44 (0x00C68693) addi a3, a3, 12
x13 <- 0x801AAE4C


mem[X,0x801AAE48] -> 0x8067
mem[X,0x801AAE4A] -> 0x0006
[182] [M]: 0x801AAE48 (0x00068067) jalr zero, a3, 0


mem[X,0x801AAE4C] -> 0x0697
mem[X,0x801AAE4E] -> 0x0000
[183] [M]: 0x801AAE4C (0x00000697) auipc a3, 0
x13 <- 0x801AAE4C


mem[X,0x801AAE50] -> 0x8693
mem[X,0x801AAE52] -> 0xFC46
[184] [M]: 0x801AAE50 (0xFC468693) addi a3, a3, 4036
x13 <- 0x801AAE10


mem[X,0x801AAE54] -> 0xF693
mem[X,0x801AAE56] -> 0xFFC6
[185] [M]: 0x801AAE54 (0xFFC6F693) andi a3, a3, 4092
x13 <- 0x801AAE10


mem[X,0x801AAE58] -> 0x0633
mem[X,0x801AAE5A] -> 0x40D6
[186] [M]: 0x801AAE58 (0x40D60633) sub a2, a2, a3
x12 <- 0x00000027


mem[X,0x801AAE5C] -> 0x2023
mem[X,0x801AAE5E] -> 0x02C1
[187] [M]: 0x801AAE5C (0x02C12023) sw a2, 32(sp)
mem[0x801AD234] <- 0x00000027


mem[X,0x801AAE60] -> 0x0697
mem[X,0x801AAE62] -> 0x0000
[188] [M]: 0x801AAE60 (0x00000697) auipc a3, 0
x13 <- 0x801AAE60


mem[X,0x801AAE64] -> 0x8693
mem[X,0x801AAE66] -> 0x0206
[189] [M]: 0x801AAE64 (0x02068693) addi a3, a3, 32
x13 <- 0x801AAE80


mem[X,0x801AAE68] -> 0x8067
mem[X,0x801AAE6A] -> 0x0006
[190] [M]: 0x801AAE68 (0x00068067) jalr zero, a3, 0


mem[X,0x801AAE80] -> 0x0E6F
mem[X,0x801AAE82] -> 0x00C0
[191] [M]: 0x801AAE80 (0x00C00E6F) jal t3, 12
x28 <- 0x801AAE84


mem[X,0x801AAE8C] -> 0x4E13
mem[X,0x801AAE8E] -> 0x003E
[192] [M]: 0x801AAE8C (0x003E4E13) xori t3, t3, 3
x28 <- 0x801AAE87


mem[X,0x801AAE90] -> 0x0697
mem[X,0x801AAE92] -> 0x0000
[193] [M]: 0x801AAE90 (0x00000697) auipc a3, 0
x13 <- 0x801AAE90


mem[X,0x801AAE94] -> 0x8693
mem[X,0x801AAE96] -> 0x00C6
[194] [M]: 0x801AAE94 (0x00C68693) addi a3, a3, 12
x13 <- 0x801AAE9C


mem[X,0x801AAE98] -> 0x8067
mem[X,0x801AAE9A] -> 0x0006
[195] [M]: 0x801AAE98 (0x00068067) jalr zero, a3, 0


mem[X,0x801AAE9C] -> 0x0697
mem[X,0x801AAE9E] -> 0x0000
[196] [M]: 0x801AAE9C (0x00000697) auipc a3, 0
x13 <- 0x801AAE9C


mem[X,0x801AAEA0] -> 0x8693
mem[X,0x801AAEA2] -> 0xFC46
[197] [M]: 0x801AAEA0 (0xFC468693) addi a3, a3, 4036
x13 <- 0x801AAE60


mem[X,0x801AAEA4] -> 0xF693
mem[X,0x801AAEA6] -> 0xFFC6
[198] [M]: 0x801AAEA4 (0xFFC6F693) andi a3, a3, 4092
x13 <- 0x801AAE60


mem[X,0x801AAEA8] -> 0x0E33
mem[X,0x801AAEAA] -> 0x40DE
[199] [M]: 0x801AAEA8 (0x40DE0E33) sub t3, t3, a3
x28 <- 0x00000027


clint::tick mtime <- 0x0000000000000002
 clint timer pending at mtime 0x0000000000000002
htif::tick 0x0000000000000000
mem[X,0x801AAEAC] -> 0x2223
mem[X,0x801AAEAE] -> 0x03C1
[200] [M]: 0x801AAEAC (0x03C12223) sw t3, 36(sp)
mem[0x801AD238] <- 0x00000027


mem[X,0x801AAEB0] -> 0x0697
mem[X,0x801AAEB2] -> 0x0000
[201] [M]: 0x801AAEB0 (0x00000697) auipc a3, 0
x13 <- 0x801AAEB0


mem[X,0x801AAEB4] -> 0x8693
mem[X,0x801AAEB6] -> 0x0206
[202] [M]: 0x801AAEB4 (0x02068693) addi a3, a3, 32
x13 <- 0x801AAED0


mem[X,0x801AAEB8] -> 0x8067
mem[X,0x801AAEBA] -> 0x0006
[203] [M]: 0x801AAEB8 (0x00068067) jalr zero, a3, 0


mem[X,0x801AAED0] -> 0x05EF
mem[X,0x801AAED2] -> 0x00C0
[204] [M]: 0x801AAED0 (0x00C005EF) jal a1, 12
x11 <- 0x801AAED4


mem[X,0x801AAEDC] -> 0xC593
mem[X,0x801AAEDE] -> 0x0035
[205] [M]: 0x801AAEDC (0x0035C593) xori a1, a1, 3
x11 <- 0x801AAED7


mem[X,0x801AAEE0] -> 0x0697
mem[X,0x801AAEE2] -> 0x0000
[206] [M]: 0x801AAEE0 (0x00000697) auipc a3, 0
x13 <- 0x801AAEE0


mem[X,0x801AAEE4] -> 0x8693
mem[X,0x801AAEE6] -> 0x00C6
[207] [M]: 0x801AAEE4 (0x00C68693) addi a3, a3, 12
x13 <- 0x801AAEEC


mem[X,0x801AAEE8] -> 0x8067
mem[X,0x801AAEEA] -> 0x0006
[208] [M]: 0x801AAEE8 (0x00068067) jalr zero, a3, 0


mem[X,0x801AAEEC] -> 0x0697
mem[X,0x801AAEEE] -> 0x0000
[209] [M]: 0x801AAEEC (0x00000697) auipc a3, 0
x13 <- 0x801AAEEC


mem[X,0x801AAEF0] -> 0x8693
mem[X,0x801AAEF2] -> 0xFC46
[210] [M]: 0x801AAEF0 (0xFC468693) addi a3, a3, 4036
x13 <- 0x801AAEB0


mem[X,0x801AAEF4] -> 0xF693
mem[X,0x801AAEF6] -> 0xFFC6
[211] [M]: 0x801AAEF4 (0xFFC6F693) andi a3, a3, 4092
x13 <- 0x801AAEB0


mem[X,0x801AAEF8] -> 0x85B3
mem[X,0x801AAEFA] -> 0x40D5
[212] [M]: 0x801AAEF8 (0x40D585B3) sub a1, a1, a3
x11 <- 0x00000027


mem[X,0x801AAEFC] -> 0x2423
mem[X,0x801AAEFE] -> 0x02B1
[213] [M]: 0x801AAEFC (0x02B12423) sw a1, 40(sp)
mem[0x801AD23C] <- 0x00000027


mem[X,0x801AAF00] -> 0x0697
mem[X,0x801AAF02] -> 0x0000
[214] [M]: 0x801AAF00 (0x00000697) auipc a3, 0
x13 <- 0x801AAF00


mem[X,0x801AAF04] -> 0x8693
mem[X,0x801AAF06] -> 0x0206
[215] [M]: 0x801AAF04 (0x02068693) addi a3, a3, 32
x13 <- 0x801AAF20


mem[X,0x801AAF08] -> 0x8067
mem[X,0x801AAF0A] -> 0x0006
[216] [M]: 0x801AAF08 (0x00068067) jalr zero, a3, 0


mem[X,0x801AAF20] -> 0x0F6F
mem[X,0x801AAF22] -> 0x00C0
[217] [M]: 0x801AAF20 (0x00C00F6F) jal t5, 12
x30 <- 0x801AAF24


mem[X,0x801AAF2C] -> 0x4F13
mem[X,0x801AAF2E] -> 0x003F
[218] [M]: 0x801AAF2C (0x003F4F13) xori t5, t5, 3
x30 <- 0x801AAF27


mem[X,0x801AAF30] -> 0x0697
mem[X,0x801AAF32] -> 0x0000
[219] [M]: 0x801AAF30 (0x00000697) auipc a3, 0
x13 <- 0x801AAF30


mem[X,0x801AAF34] -> 0x8693
mem[X,0x801AAF36] -> 0x00C6
[220] [M]: 0x801AAF34 (0x00C68693) addi a3, a3, 12
x13 <- 0x801AAF3C


mem[X,0x801AAF38] -> 0x8067
mem[X,0x801AAF3A] -> 0x0006
[221] [M]: 0x801AAF38 (0x00068067) jalr zero, a3, 0


mem[X,0x801AAF3C] -> 0x0697
mem[X,0x801AAF3E] -> 0x0000
[222] [M]: 0x801AAF3C (0x00000697) auipc a3, 0
x13 <- 0x801AAF3C


mem[X,0x801AAF40] -> 0x8693
mem[X,0x801AAF42] -> 0xFC46
[223] [M]: 0x801AAF40 (0xFC468693) addi a3, a3, 4036
x13 <- 0x801AAF00


mem[X,0x801AAF44] -> 0xF693
mem[X,0x801AAF46] -> 0xFFC6
[224] [M]: 0x801AAF44 (0xFFC6F693) andi a3, a3, 4092
x13 <- 0x801AAF00


mem[X,0x801AAF48] -> 0x0F33
mem[X,0x801AAF4A] -> 0x40DF
[225] [M]: 0x801AAF48 (0x40DF0F33) sub t5, t5, a3
x30 <- 0x00000027


mem[X,0x801AAF4C] -> 0x2623
mem[X,0x801AAF4E] -> 0x03E1
[226] [M]: 0x801AAF4C (0x03E12623) sw t5, 44(sp)
mem[0x801AD240] <- 0x00000027


mem[X,0x801AAF50] -> 0x0697
mem[X,0x801AAF52] -> 0x0000
[227] [M]: 0x801AAF50 (0x00000697) auipc a3, 0
x13 <- 0x801AAF50


mem[X,0x801AAF54] -> 0x8693
mem[X,0x801AAF56] -> 0x0206
[228] [M]: 0x801AAF54 (0x02068693) addi a3, a3, 32
x13 <- 0x801AAF70


mem[X,0x801AAF58] -> 0x8067
mem[X,0x801AAF5A] -> 0x0006
[229] [M]: 0x801AAF58 (0x00068067) jalr zero, a3, 0


mem[X,0x801AAF70] -> 0x056F
mem[X,0x801AAF72] -> 0x00C0
[230] [M]: 0x801AAF70 (0x00C0056F) jal a0, 12
x10 <- 0x801AAF74


mem[X,0x801AAF7C] -> 0x4513
mem[X,0x801AAF7E] -> 0x0035
[231] [M]: 0x801AAF7C (0x00354513) xori a0, a0, 3
x10 <- 0x801AAF77


mem[X,0x801AAF80] -> 0x0697
mem[X,0x801AAF82] -> 0x0000
[232] [M]: 0x801AAF80 (0x00000697) auipc a3, 0
x13 <- 0x801AAF80


mem[X,0x801AAF84] -> 0x8693
mem[X,0x801AAF86] -> 0x00C6
[233] [M]: 0x801AAF84 (0x00C68693) addi a3, a3, 12
x13 <- 0x801AAF8C


mem[X,0x801AAF88] -> 0x8067
mem[X,0x801AAF8A] -> 0x0006
[234] [M]: 0x801AAF88 (0x00068067) jalr zero, a3, 0


mem[X,0x801AAF8C] -> 0x0697
mem[X,0x801AAF8E] -> 0x0000
[235] [M]: 0x801AAF8C (0x00000697) auipc a3, 0
x13 <- 0x801AAF8C


mem[X,0x801AAF90] -> 0x8693
mem[X,0x801AAF92] -> 0xFC46
[236] [M]: 0x801AAF90 (0xFC468693) addi a3, a3, 4036
x13 <- 0x801AAF50


mem[X,0x801AAF94] -> 0xF693
mem[X,0x801AAF96] -> 0xFFC6
[237] [M]: 0x801AAF94 (0xFFC6F693) andi a3, a3, 4092
x13 <- 0x801AAF50


mem[X,0x801AAF98] -> 0x0533
mem[X,0x801AAF9A] -> 0x40D5
[238] [M]: 0x801AAF98 (0x40D50533) sub a0, a0, a3
x10 <- 0x00000027


mem[X,0x801AAF9C] -> 0x2823
mem[X,0x801AAF9E] -> 0x02A1
[239] [M]: 0x801AAF9C (0x02A12823) sw a0, 48(sp)
mem[0x801AD244] <- 0x00000027


mem[X,0x801AAFA0] -> 0x0697
mem[X,0x801AAFA2] -> 0x0000
[240] [M]: 0x801AAFA0 (0x00000697) auipc a3, 0
x13 <- 0x801AAFA0


mem[X,0x801AAFA4] -> 0x8693
mem[X,0x801AAFA6] -> 0x0206
[241] [M]: 0x801AAFA4 (0x02068693) addi a3, a3, 32
x13 <- 0x801AAFC0


mem[X,0x801AAFA8] -> 0x8067
mem[X,0x801AAFAA] -> 0x0006
[242] [M]: 0x801AAFA8 (0x00068067) jalr zero, a3, 0


mem[X,0x801AAFC0] -> 0x00EF
mem[X,0x801AAFC2] -> 0x00C0
[243] [M]: 0x801AAFC0 (0x00C000EF) jal ra, 12
x1 <- 0x801AAFC4


mem[X,0x801AAFCC] -> 0xC093
mem[X,0x801AAFCE] -> 0x0030
[244] [M]: 0x801AAFCC (0x0030C093) xori ra, ra, 3
x1 <- 0x801AAFC7


mem[X,0x801AAFD0] -> 0x0697
mem[X,0x801AAFD2] -> 0x0000
[245] [M]: 0x801AAFD0 (0x00000697) auipc a3, 0
x13 <- 0x801AAFD0


mem[X,0x801AAFD4] -> 0x8693
mem[X,0x801AAFD6] -> 0x00C6
[246] [M]: 0x801AAFD4 (0x00C68693) addi a3, a3, 12
x13 <- 0x801AAFDC


mem[X,0x801AAFD8] -> 0x8067
mem[X,0x801AAFDA] -> 0x0006
[247] [M]: 0x801AAFD8 (0x00068067) jalr zero, a3, 0


mem[X,0x801AAFDC] -> 0x0697
mem[X,0x801AAFDE] -> 0x0000
[248] [M]: 0x801AAFDC (0x00000697) auipc a3, 0
x13 <- 0x801AAFDC


mem[X,0x801AAFE0] -> 0x8693
mem[X,0x801AAFE2] -> 0xFC46
[249] [M]: 0x801AAFE0 (0xFC468693) addi a3, a3, 4036
x13 <- 0x801AAFA0


mem[X,0x801AAFE4] -> 0xF693
mem[X,0x801AAFE6] -> 0xFFC6
[250] [M]: 0x801AAFE4 (0xFFC6F693) andi a3, a3, 4092
x13 <- 0x801AAFA0


mem[X,0x801AAFE8] -> 0x80B3
mem[X,0x801AAFEA] -> 0x40D0
[251] [M]: 0x801AAFE8 (0x40D080B3) sub ra, ra, a3
x1 <- 0x00000027


mem[X,0x801AAFEC] -> 0x2A23
mem[X,0x801AAFEE] -> 0x0211
[252] [M]: 0x801AAFEC (0x02112A23) sw ra, 52(sp)
mem[0x801AD248] <- 0x00000027


mem[X,0x801AAFF0] -> 0x0697
mem[X,0x801AAFF2] -> 0x0000
[253] [M]: 0x801AAFF0 (0x00000697) auipc a3, 0
x13 <- 0x801AAFF0


mem[X,0x801AAFF4] -> 0x8693
mem[X,0x801AAFF6] -> 0x0206
[254] [M]: 0x801AAFF4 (0x02068693) addi a3, a3, 32
x13 <- 0x801AB010


mem[X,0x801AAFF8] -> 0x8067
mem[X,0x801AAFFA] -> 0x0006
[255] [M]: 0x801AAFF8 (0x00068067) jalr zero, a3, 0


mem[X,0x801AB010] -> 0x0A6F
mem[X,0x801AB012] -> 0x00C0
[256] [M]: 0x801AB010 (0x00C00A6F) jal s4, 12
x20 <- 0x801AB014


mem[X,0x801AB01C] -> 0x4A13
mem[X,0x801AB01E] -> 0x003A
[257] [M]: 0x801AB01C (0x003A4A13) xori s4, s4, 3
x20 <- 0x801AB017


mem[X,0x801AB020] -> 0x0697
mem[X,0x801AB022] -> 0x0000
[258] [M]: 0x801AB020 (0x00000697) auipc a3, 0
x13 <- 0x801AB020


mem[X,0x801AB024] -> 0x8693
mem[X,0x801AB026] -> 0x00C6
[259] [M]: 0x801AB024 (0x00C68693) addi a3, a3, 12
x13 <- 0x801AB02C


mem[X,0x801AB028] -> 0x8067
mem[X,0x801AB02A] -> 0x0006
[260] [M]: 0x801AB028 (0x00068067) jalr zero, a3, 0


mem[X,0x801AB02C] -> 0x0697
mem[X,0x801AB02E] -> 0x0000
[261] [M]: 0x801AB02C (0x00000697) auipc a3, 0
x13 <- 0x801AB02C


mem[X,0x801AB030] -> 0x8693
mem[X,0x801AB032] -> 0xFC46
[262] [M]: 0x801AB030 (0xFC468693) addi a3, a3, 4036
x13 <- 0x801AAFF0


mem[X,0x801AB034] -> 0xF693
mem[X,0x801AB036] -> 0xFFC6
[263] [M]: 0x801AB034 (0xFFC6F693) andi a3, a3, 4092
x13 <- 0x801AAFF0


mem[X,0x801AB038] -> 0x0A33
mem[X,0x801AB03A] -> 0x40DA
[264] [M]: 0x801AB038 (0x40DA0A33) sub s4, s4, a3
x20 <- 0x00000027


mem[X,0x801AB03C] -> 0x2C23
mem[X,0x801AB03E] -> 0x0341
[265] [M]: 0x801AB03C (0x03412C23) sw s4, 56(sp)
mem[0x801AD24C] <- 0x00000027


mem[X,0x801AB040] -> 0x0697
mem[X,0x801AB042] -> 0x0000
[266] [M]: 0x801AB040 (0x00000697) auipc a3, 0
x13 <- 0x801AB040


mem[X,0x801AB044] -> 0x8693
mem[X,0x801AB046] -> 0x0206
[267] [M]: 0x801AB044 (0x02068693) addi a3, a3, 32
x13 <- 0x801AB060


mem[X,0x801AB048] -> 0x8067
mem[X,0x801AB04A] -> 0x0006
[268] [M]: 0x801AB048 (0x00068067) jalr zero, a3, 0


mem[X,0x801AB060] -> 0x09EF
mem[X,0x801AB062] -> 0x00C0
[269] [M]: 0x801AB060 (0x00C009EF) jal s3, 12
x19 <- 0x801AB064


mem[X,0x801AB06C] -> 0xC993
mem[X,0x801AB06E] -> 0x0039
[270] [M]: 0x801AB06C (0x0039C993) xori s3, s3, 3
x19 <- 0x801AB067


mem[X,0x801AB070] -> 0x0697
mem[X,0x801AB072] -> 0x0000
[271] [M]: 0x801AB070 (0x00000697) auipc a3, 0
x13 <- 0x801AB070


mem[X,0x801AB074] -> 0x8693
mem[X,0x801AB076] -> 0x00C6
[272] [M]: 0x801AB074 (0x00C68693) addi a3, a3, 12
x13 <- 0x801AB07C


mem[X,0x801AB078] -> 0x8067
mem[X,0x801AB07A] -> 0x0006
[273] [M]: 0x801AB078 (0x00068067) jalr zero, a3, 0


mem[X,0x801AB07C] -> 0x0697
mem[X,0x801AB07E] -> 0x0000
[274] [M]: 0x801AB07C (0x00000697) auipc a3, 0
x13 <- 0x801AB07C


mem[X,0x801AB080] -> 0x8693
mem[X,0x801AB082] -> 0xFC46
[275] [M]: 0x801AB080 (0xFC468693) addi a3, a3, 4036
x13 <- 0x801AB040


mem[X,0x801AB084] -> 0xF693
mem[X,0x801AB086] -> 0xFFC6
[276] [M]: 0x801AB084 (0xFFC6F693) andi a3, a3, 4092
x13 <- 0x801AB040


mem[X,0x801AB088] -> 0x89B3
mem[X,0x801AB08A] -> 0x40D9
[277] [M]: 0x801AB088 (0x40D989B3) sub s3, s3, a3
x19 <- 0x00000027


mem[X,0x801AB08C] -> 0x2E23
mem[X,0x801AB08E] -> 0x0331
[278] [M]: 0x801AB08C (0x03312E23) sw s3, 60(sp)
mem[0x801AD250] <- 0x00000027


mem[X,0x801AB090] -> 0x0697
mem[X,0x801AB092] -> 0x0000
[279] [M]: 0x801AB090 (0x00000697) auipc a3, 0
x13 <- 0x801AB090


mem[X,0x801AB094] -> 0x8693
mem[X,0x801AB096] -> 0x0206
[280] [M]: 0x801AB094 (0x02068693) addi a3, a3, 32
x13 <- 0x801AB0B0


mem[X,0x801AB098] -> 0x8067
mem[X,0x801AB09A] -> 0x0006
[281] [M]: 0x801AB098 (0x00068067) jalr zero, a3, 0


mem[X,0x801AB0B0] -> 0x0C6F
mem[X,0x801AB0B2] -> 0x00C0
[282] [M]: 0x801AB0B0 (0x00C00C6F) jal s8, 12
x24 <- 0x801AB0B4


mem[X,0x801AB0BC] -> 0x4C13
mem[X,0x801AB0BE] -> 0x003C
[283] [M]: 0x801AB0BC (0x003C4C13) xori s8, s8, 3
x24 <- 0x801AB0B7


mem[X,0x801AB0C0] -> 0x0697
mem[X,0x801AB0C2] -> 0x0000
[284] [M]: 0x801AB0C0 (0x00000697) auipc a3, 0
x13 <- 0x801AB0C0


mem[X,0x801AB0C4] -> 0x8693
mem[X,0x801AB0C6] -> 0x00C6
[285] [M]: 0x801AB0C4 (0x00C68693) addi a3, a3, 12
x13 <- 0x801AB0CC


mem[X,0x801AB0C8] -> 0x8067
mem[X,0x801AB0CA] -> 0x0006
[286] [M]: 0x801AB0C8 (0x00068067) jalr zero, a3, 0


mem[X,0x801AB0CC] -> 0x0697
mem[X,0x801AB0CE] -> 0x0000
[287] [M]: 0x801AB0CC (0x00000697) auipc a3, 0
x13 <- 0x801AB0CC


mem[X,0x801AB0D0] -> 0x8693
mem[X,0x801AB0D2] -> 0xFC46
[288] [M]: 0x801AB0D0 (0xFC468693) addi a3, a3, 4036
x13 <- 0x801AB090


mem[X,0x801AB0D4] -> 0xF693
mem[X,0x801AB0D6] -> 0xFFC6
[289] [M]: 0x801AB0D4 (0xFFC6F693) andi a3, a3, 4092
x13 <- 0x801AB090


mem[X,0x801AB0D8] -> 0x0C33
mem[X,0x801AB0DA] -> 0x40DC
[290] [M]: 0x801AB0D8 (0x40DC0C33) sub s8, s8, a3
x24 <- 0x00000027


mem[X,0x801AB0DC] -> 0x2023
mem[X,0x801AB0DE] -> 0x0581
[291] [M]: 0x801AB0DC (0x05812023) sw s8, 64(sp)
mem[0x801AD254] <- 0x00000027


mem[X,0x801AB0E0] -> 0x0697
mem[X,0x801AB0E2] -> 0x0000
[292] [M]: 0x801AB0E0 (0x00000697) auipc a3, 0
x13 <- 0x801AB0E0


mem[X,0x801AB0E4] -> 0x8693
mem[X,0x801AB0E6] -> 0x0206
[293] [M]: 0x801AB0E4 (0x02068693) addi a3, a3, 32
x13 <- 0x801AB100


mem[X,0x801AB0E8] -> 0x8067
mem[X,0x801AB0EA] -> 0x0006
[294] [M]: 0x801AB0E8 (0x00068067) jalr zero, a3, 0


mem[X,0x801AB100] -> 0x03EF
mem[X,0x801AB102] -> 0x00C0
[295] [M]: 0x801AB100 (0x00C003EF) jal t2, 12
x7 <- 0x801AB104


mem[X,0x801AB10C] -> 0xC393
mem[X,0x801AB10E] -> 0x0033
[296] [M]: 0x801AB10C (0x0033C393) xori t2, t2, 3
x7 <- 0x801AB107


mem[X,0x801AB110] -> 0x0697
mem[X,0x801AB112] -> 0x0000
[297] [M]: 0x801AB110 (0x00000697) auipc a3, 0
x13 <- 0x801AB110


mem[X,0x801AB114] -> 0x8693
mem[X,0x801AB116] -> 0x00C6
[298] [M]: 0x801AB114 (0x00C68693) addi a3, a3, 12
x13 <- 0x801AB11C


mem[X,0x801AB118] -> 0x8067
mem[X,0x801AB11A] -> 0x0006
[299] [M]: 0x801AB118 (0x00068067) jalr zero, a3, 0


clint::tick mtime <- 0x0000000000000003
 clint timer pending at mtime 0x0000000000000003
htif::tick 0x0000000000000000
mem[X,0x801AB11C] -> 0x0697
mem[X,0x801AB11E] -> 0x0000
[300] [M]: 0x801AB11C (0x00000697) auipc a3, 0
x13 <- 0x801AB11C


mem[X,0x801AB120] -> 0x8693
mem[X,0x801AB122] -> 0xFC46
[301] [M]: 0x801AB120 (0xFC468693) addi a3, a3, 4036
x13 <- 0x801AB0E0


mem[X,0x801AB124] -> 0xF693
mem[X,0x801AB126] -> 0xFFC6
[302] [M]: 0x801AB124 (0xFFC6F693) andi a3, a3, 4092
x13 <- 0x801AB0E0


mem[X,0x801AB128] -> 0x83B3
mem[X,0x801AB12A] -> 0x40D3
[303] [M]: 0x801AB128 (0x40D383B3) sub t2, t2, a3
x7 <- 0x00000027


mem[X,0x801AB12C] -> 0x2223
mem[X,0x801AB12E] -> 0x0471
[304] [M]: 0x801AB12C (0x04712223) sw t2, 68(sp)
mem[0x801AD258] <- 0x00000027


mem[X,0x801AB130] -> 0x0697
mem[X,0x801AB132] -> 0x0000
[305] [M]: 0x801AB130 (0x00000697) auipc a3, 0
x13 <- 0x801AB130


mem[X,0x801AB134] -> 0x8693
mem[X,0x801AB136] -> 0x0206
[306] [M]: 0x801AB134 (0x02068693) addi a3, a3, 32
x13 <- 0x801AB150


mem[X,0x801AB138] -> 0x8067
mem[X,0x801AB13A] -> 0x0006
[307] [M]: 0x801AB138 (0x00068067) jalr zero, a3, 0


mem[X,0x801AB150] -> 0x036F
mem[X,0x801AB152] -> 0x00C0
[308] [M]: 0x801AB150 (0x00C0036F) jal t1, 12
x6 <- 0x801AB154


mem[X,0x801AB15C] -> 0x4313
mem[X,0x801AB15E] -> 0x0033
[309] [M]: 0x801AB15C (0x00334313) xori t1, t1, 3
x6 <- 0x801AB157


mem[X,0x801AB160] -> 0x0697
mem[X,0x801AB162] -> 0x0000
[310] [M]: 0x801AB160 (0x00000697) auipc a3, 0
x13 <- 0x801AB160


mem[X,0x801AB164] -> 0x8693
mem[X,0x801AB166] -> 0x00C6
[311] [M]: 0x801AB164 (0x00C68693) addi a3, a3, 12
x13 <- 0x801AB16C


mem[X,0x801AB168] -> 0x8067
mem[X,0x801AB16A] -> 0x0006
[312] [M]: 0x801AB168 (0x00068067) jalr zero, a3, 0


mem[X,0x801AB16C] -> 0x0697
mem[X,0x801AB16E] -> 0x0000
[313] [M]: 0x801AB16C (0x00000697) auipc a3, 0
x13 <- 0x801AB16C


mem[X,0x801AB170] -> 0x8693
mem[X,0x801AB172] -> 0xFC46
[314] [M]: 0x801AB170 (0xFC468693) addi a3, a3, 4036
x13 <- 0x801AB130


mem[X,0x801AB174] -> 0xF693
mem[X,0x801AB176] -> 0xFFC6
[315] [M]: 0x801AB174 (0xFFC6F693) andi a3, a3, 4092
x13 <- 0x801AB130


mem[X,0x801AB178] -> 0x0333
mem[X,0x801AB17A] -> 0x40D3
[316] [M]: 0x801AB178 (0x40D30333) sub t1, t1, a3
x6 <- 0x00000027


mem[X,0x801AB17C] -> 0x2423
mem[X,0x801AB17E] -> 0x0461
[317] [M]: 0x801AB17C (0x04612423) sw t1, 72(sp)
mem[0x801AD25C] <- 0x00000027


mem[X,0x801AB180] -> 0x0697
mem[X,0x801AB182] -> 0x0000
[318] [M]: 0x801AB180 (0x00000697) auipc a3, 0
x13 <- 0x801AB180


mem[X,0x801AB184] -> 0x8693
mem[X,0x801AB186] -> 0x0206
[319] [M]: 0x801AB184 (0x02068693) addi a3, a3, 32
x13 <- 0x801AB1A0


mem[X,0x801AB188] -> 0x8067
mem[X,0x801AB18A] -> 0x0006
[320] [M]: 0x801AB188 (0x00068067) jalr zero, a3, 0


mem[X,0x801AB1A0] -> 0x046F
mem[X,0x801AB1A2] -> 0x00C0
[321] [M]: 0x801AB1A0 (0x00C0046F) jal fp, 12
x8 <- 0x801AB1A4


mem[X,0x801AB1AC] -> 0x4413
mem[X,0x801AB1AE] -> 0x0034
[322] [M]: 0x801AB1AC (0x00344413) xori fp, fp, 3
x8 <- 0x801AB1A7


mem[X,0x801AB1B0] -> 0x0697
mem[X,0x801AB1B2] -> 0x0000
[323] [M]: 0x801AB1B0 (0x00000697) auipc a3, 0
x13 <- 0x801AB1B0


mem[X,0x801AB1B4] -> 0x8693
mem[X,0x801AB1B6] -> 0x00C6
[324] [M]: 0x801AB1B4 (0x00C68693) addi a3, a3, 12
x13 <- 0x801AB1BC


mem[X,0x801AB1B8] -> 0x8067
mem[X,0x801AB1BA] -> 0x0006
[325] [M]: 0x801AB1B8 (0x00068067) jalr zero, a3, 0


mem[X,0x801AB1BC] -> 0x0697
mem[X,0x801AB1BE] -> 0x0000
[326] [M]: 0x801AB1BC (0x00000697) auipc a3, 0
x13 <- 0x801AB1BC


mem[X,0x801AB1C0] -> 0x8693
mem[X,0x801AB1C2] -> 0xFC46
[327] [M]: 0x801AB1C0 (0xFC468693) addi a3, a3, 4036
x13 <- 0x801AB180


mem[X,0x801AB1C4] -> 0xF693
mem[X,0x801AB1C6] -> 0xFFC6
[328] [M]: 0x801AB1C4 (0xFFC6F693) andi a3, a3, 4092
x13 <- 0x801AB180


mem[X,0x801AB1C8] -> 0x0433
mem[X,0x801AB1CA] -> 0x40D4
[329] [M]: 0x801AB1C8 (0x40D40433) sub fp, fp, a3
x8 <- 0x00000027


mem[X,0x801AB1CC] -> 0x2623
mem[X,0x801AB1CE] -> 0x0481
[330] [M]: 0x801AB1CC (0x04812623) sw fp, 76(sp)
mem[0x801AD260] <- 0x00000027


mem[X,0x801AB1D0] -> 0x0697
mem[X,0x801AB1D2] -> 0x0000
[331] [M]: 0x801AB1D0 (0x00000697) auipc a3, 0
x13 <- 0x801AB1D0


mem[X,0x801AB1D4] -> 0x8693
mem[X,0x801AB1D6] -> 0x0206
[332] [M]: 0x801AB1D4 (0x02068693) addi a3, a3, 32
x13 <- 0x801AB1F0


mem[X,0x801AB1D8] -> 0x8067
mem[X,0x801AB1DA] -> 0x0006
[333] [M]: 0x801AB1D8 (0x00068067) jalr zero, a3, 0


mem[X,0x801AB1F0] -> 0x0FEF
mem[X,0x801AB1F2] -> 0x00C0
[334] [M]: 0x801AB1F0 (0x00C00FEF) jal t6, 12
x31 <- 0x801AB1F4


mem[X,0x801AB1FC] -> 0xCF93
mem[X,0x801AB1FE] -> 0x003F
[335] [M]: 0x801AB1FC (0x003FCF93) xori t6, t6, 3
x31 <- 0x801AB1F7


mem[X,0x801AB200] -> 0x0697
mem[X,0x801AB202] -> 0x0000
[336] [M]: 0x801AB200 (0x00000697) auipc a3, 0
x13 <- 0x801AB200


mem[X,0x801AB204] -> 0x8693
mem[X,0x801AB206] -> 0x00C6
[337] [M]: 0x801AB204 (0x00C68693) addi a3, a3, 12
x13 <- 0x801AB20C


mem[X,0x801AB208] -> 0x8067
mem[X,0x801AB20A] -> 0x0006
[338] [M]: 0x801AB208 (0x00068067) jalr zero, a3, 0


mem[X,0x801AB20C] -> 0x0697
mem[X,0x801AB20E] -> 0x0000
[339] [M]: 0x801AB20C (0x00000697) auipc a3, 0
x13 <- 0x801AB20C


mem[X,0x801AB210] -> 0x8693
mem[X,0x801AB212] -> 0xFC46
[340] [M]: 0x801AB210 (0xFC468693) addi a3, a3, 4036
x13 <- 0x801AB1D0


mem[X,0x801AB214] -> 0xF693
mem[X,0x801AB216] -> 0xFFC6
[341] [M]: 0x801AB214 (0xFFC6F693) andi a3, a3, 4092
x13 <- 0x801AB1D0


mem[X,0x801AB218] -> 0x8FB3
mem[X,0x801AB21A] -> 0x40DF
[342] [M]: 0x801AB218 (0x40DF8FB3) sub t6, t6, a3
x31 <- 0x00000027


mem[X,0x801AB21C] -> 0x2823
mem[X,0x801AB21E] -> 0x05F1
[343] [M]: 0x801AB21C (0x05F12823) sw t6, 80(sp)
mem[0x801AD264] <- 0x00000027


mem[X,0x801AB220] -> 0x0697
mem[X,0x801AB222] -> 0x0000
[344] [M]: 0x801AB220 (0x00000697) auipc a3, 0
x13 <- 0x801AB220


mem[X,0x801AB224] -> 0x8693
mem[X,0x801AB226] -> 0x0206
[345] [M]: 0x801AB224 (0x02068693) addi a3, a3, 32
x13 <- 0x801AB240


mem[X,0x801AB228] -> 0x8067
mem[X,0x801AB22A] -> 0x0006
[346] [M]: 0x801AB228 (0x00068067) jalr zero, a3, 0


mem[X,0x801AB240] -> 0x0D6F
mem[X,0x801AB242] -> 0x00C0
[347] [M]: 0x801AB240 (0x00C00D6F) jal s10, 12
x26 <- 0x801AB244


mem[X,0x801AB24C] -> 0x4D13
mem[X,0x801AB24E] -> 0x003D
[348] [M]: 0x801AB24C (0x003D4D13) xori s10, s10, 3
x26 <- 0x801AB247


mem[X,0x801AB250] -> 0x0697
mem[X,0x801AB252] -> 0x0000
[349] [M]: 0x801AB250 (0x00000697) auipc a3, 0
x13 <- 0x801AB250


mem[X,0x801AB254] -> 0x8693
mem[X,0x801AB256] -> 0x00C6
[350] [M]: 0x801AB254 (0x00C68693) addi a3, a3, 12
x13 <- 0x801AB25C


mem[X,0x801AB258] -> 0x8067
mem[X,0x801AB25A] -> 0x0006
[351] [M]: 0x801AB258 (0x00068067) jalr zero, a3, 0


mem[X,0x801AB25C] -> 0x0697
mem[X,0x801AB25E] -> 0x0000
[352] [M]: 0x801AB25C (0x00000697) auipc a3, 0
x13 <- 0x801AB25C


mem[X,0x801AB260] -> 0x8693
mem[X,0x801AB262] -> 0xFC46
[353] [M]: 0x801AB260 (0xFC468693) addi a3, a3, 4036
x13 <- 0x801AB220


mem[X,0x801AB264] -> 0xF693
mem[X,0x801AB266] -> 0xFFC6
[354] [M]: 0x801AB264 (0xFFC6F693) andi a3, a3, 4092
x13 <- 0x801AB220


mem[X,0x801AB268] -> 0x0D33
mem[X,0x801AB26A] -> 0x40DD
[355] [M]: 0x801AB268 (0x40DD0D33) sub s10, s10, a3
x26 <- 0x00000027


mem[X,0x801AB26C] -> 0x2A23
mem[X,0x801AB26E] -> 0x05A1
[356] [M]: 0x801AB26C (0x05A12A23) sw s10, 84(sp)
mem[0x801AD268] <- 0x00000027


mem[X,0x801AB270] -> 0x0697
mem[X,0x801AB272] -> 0x0000
[357] [M]: 0x801AB270 (0x00000697) auipc a3, 0
x13 <- 0x801AB270


mem[X,0x801AB274] -> 0x8693
mem[X,0x801AB276] -> 0x0206
[358] [M]: 0x801AB274 (0x02068693) addi a3, a3, 32
x13 <- 0x801AB290


mem[X,0x801AB278] -> 0x8067
mem[X,0x801AB27A] -> 0x0006
[359] [M]: 0x801AB278 (0x00068067) jalr zero, a3, 0


mem[X,0x801AB290] -> 0x02EF
mem[X,0x801AB292] -> 0x00C0
[360] [M]: 0x801AB290 (0x00C002EF) jal t0, 12
x5 <- 0x801AB294


mem[X,0x801AB29C] -> 0xC293
mem[X,0x801AB29E] -> 0x0032
[361] [M]: 0x801AB29C (0x0032C293) xori t0, t0, 3
x5 <- 0x801AB297


mem[X,0x801AB2A0] -> 0x0697
mem[X,0x801AB2A2] -> 0x0000
[362] [M]: 0x801AB2A0 (0x00000697) auipc a3, 0
x13 <- 0x801AB2A0


mem[X,0x801AB2A4] -> 0x8693
mem[X,0x801AB2A6] -> 0x00C6
[363] [M]: 0x801AB2A4 (0x00C68693) addi a3, a3, 12
x13 <- 0x801AB2AC


mem[X,0x801AB2A8] -> 0x8067
mem[X,0x801AB2AA] -> 0x0006
[364] [M]: 0x801AB2A8 (0x00068067) jalr zero, a3, 0


mem[X,0x801AB2AC] -> 0x0697
mem[X,0x801AB2AE] -> 0x0000
[365] [M]: 0x801AB2AC (0x00000697) auipc a3, 0
x13 <- 0x801AB2AC


mem[X,0x801AB2B0] -> 0x8693
mem[X,0x801AB2B2] -> 0xFC46
[366] [M]: 0x801AB2B0 (0xFC468693) addi a3, a3, 4036
x13 <- 0x801AB270


mem[X,0x801AB2B4] -> 0xF693
mem[X,0x801AB2B6] -> 0xFFC6
[367] [M]: 0x801AB2B4 (0xFFC6F693) andi a3, a3, 4092
x13 <- 0x801AB270


mem[X,0x801AB2B8] -> 0x82B3
mem[X,0x801AB2BA] -> 0x40D2
[368] [M]: 0x801AB2B8 (0x40D282B3) sub t0, t0, a3
x5 <- 0x00000027


mem[X,0x801AB2BC] -> 0x2C23
mem[X,0x801AB2BE] -> 0x0451
[369] [M]: 0x801AB2BC (0x04512C23) sw t0, 88(sp)
mem[0x801AD26C] <- 0x00000027


mem[X,0x801AB2C0] -> 0x0697
mem[X,0x801AB2C2] -> 0x0000
[370] [M]: 0x801AB2C0 (0x00000697) auipc a3, 0
x13 <- 0x801AB2C0


mem[X,0x801AB2C4] -> 0x8693
mem[X,0x801AB2C6] -> 0x0206
[371] [M]: 0x801AB2C4 (0x02068693) addi a3, a3, 32
x13 <- 0x801AB2E0


mem[X,0x801AB2C8] -> 0x8067
mem[X,0x801AB2CA] -> 0x0006
[372] [M]: 0x801AB2C8 (0x00068067) jalr zero, a3, 0


mem[X,0x801AB2E0] -> 0x07EF
mem[X,0x801AB2E2] -> 0x00C0
[373] [M]: 0x801AB2E0 (0x00C007EF) jal a5, 12
x15 <- 0x801AB2E4


mem[X,0x801AB2EC] -> 0xC793
mem[X,0x801AB2EE] -> 0x0037
[374] [M]: 0x801AB2EC (0x0037C793) xori a5, a5, 3
x15 <- 0x801AB2E7


mem[X,0x801AB2F0] -> 0x0697
mem[X,0x801AB2F2] -> 0x0000
[375] [M]: 0x801AB2F0 (0x00000697) auipc a3, 0
x13 <- 0x801AB2F0


mem[X,0x801AB2F4] -> 0x8693
mem[X,0x801AB2F6] -> 0x00C6
[376] [M]: 0x801AB2F4 (0x00C68693) addi a3, a3, 12
x13 <- 0x801AB2FC


mem[X,0x801AB2F8] -> 0x8067
mem[X,0x801AB2FA] -> 0x0006
[377] [M]: 0x801AB2F8 (0x00068067) jalr zero, a3, 0


mem[X,0x801AB2FC] -> 0x0697
mem[X,0x801AB2FE] -> 0x0000
[378] [M]: 0x801AB2FC (0x00000697) auipc a3, 0
x13 <- 0x801AB2FC


mem[X,0x801AB300] -> 0x8693
mem[X,0x801AB302] -> 0xFC46
[379] [M]: 0x801AB300 (0xFC468693) addi a3, a3, 4036
x13 <- 0x801AB2C0


mem[X,0x801AB304] -> 0xF693
mem[X,0x801AB306] -> 0xFFC6
[380] [M]: 0x801AB304 (0xFFC6F693) andi a3, a3, 4092
x13 <- 0x801AB2C0


mem[X,0x801AB308] -> 0x87B3
mem[X,0x801AB30A] -> 0x40D7
[381] [M]: 0x801AB308 (0x40D787B3) sub a5, a5, a3
x15 <- 0x00000027


mem[X,0x801AB30C] -> 0x2E23
mem[X,0x801AB30E] -> 0x04F1
[382] [M]: 0x801AB30C (0x04F12E23) sw a5, 92(sp)
mem[0x801AD270] <- 0x00000027


mem[X,0x801AB310] -> 0x0697
mem[X,0x801AB312] -> 0x0000
[383] [M]: 0x801AB310 (0x00000697) auipc a3, 0
x13 <- 0x801AB310


mem[X,0x801AB314] -> 0x8693
mem[X,0x801AB316] -> 0x0206
[384] [M]: 0x801AB314 (0x02068693) addi a3, a3, 32
x13 <- 0x801AB330


mem[X,0x801AB318] -> 0x8067
mem[X,0x801AB31A] -> 0x0006
[385] [M]: 0x801AB318 (0x00068067) jalr zero, a3, 0


mem[X,0x801AB330] -> 0x0BEF
mem[X,0x801AB332] -> 0x00C0
[386] [M]: 0x801AB330 (0x00C00BEF) jal s7, 12
x23 <- 0x801AB334


mem[X,0x801AB33C] -> 0xCB93
mem[X,0x801AB33E] -> 0x003B
[387] [M]: 0x801AB33C (0x003BCB93) xori s7, s7, 3
x23 <- 0x801AB337


mem[X,0x801AB340] -> 0x0697
mem[X,0x801AB342] -> 0x0000
[388] [M]: 0x801AB340 (0x00000697) auipc a3, 0
x13 <- 0x801AB340


mem[X,0x801AB344] -> 0x8693
mem[X,0x801AB346] -> 0x00C6
[389] [M]: 0x801AB344 (0x00C68693) addi a3, a3, 12
x13 <- 0x801AB34C


mem[X,0x801AB348] -> 0x8067
mem[X,0x801AB34A] -> 0x0006
[390] [M]: 0x801AB348 (0x00068067) jalr zero, a3, 0


mem[X,0x801AB34C] -> 0x0697
mem[X,0x801AB34E] -> 0x0000
[391] [M]: 0x801AB34C (0x00000697) auipc a3, 0
x13 <- 0x801AB34C


mem[X,0x801AB350] -> 0x8693
mem[X,0x801AB352] -> 0xFC46
[392] [M]: 0x801AB350 (0xFC468693) addi a3, a3, 4036
x13 <- 0x801AB310


mem[X,0x801AB354] -> 0xF693
mem[X,0x801AB356] -> 0xFFC6
[393] [M]: 0x801AB354 (0xFFC6F693) andi a3, a3, 4092
x13 <- 0x801AB310


mem[X,0x801AB358] -> 0x8BB3
mem[X,0x801AB35A] -> 0x40DB
[394] [M]: 0x801AB358 (0x40DB8BB3) sub s7, s7, a3
x23 <- 0x00000027


mem[X,0x801AB35C] -> 0x2023
mem[X,0x801AB35E] -> 0x0771
[395] [M]: 0x801AB35C (0x07712023) sw s7, 96(sp)
mem[0x801AD274] <- 0x00000027


mem[X,0x801AB360] -> 0x0697
mem[X,0x801AB362] -> 0x0000
[396] [M]: 0x801AB360 (0x00000697) auipc a3, 0
x13 <- 0x801AB360


mem[X,0x801AB364] -> 0x8693
mem[X,0x801AB366] -> 0x0206
[397] [M]: 0x801AB364 (0x02068693) addi a3, a3, 32
x13 <- 0x801AB380


mem[X,0x801AB368] -> 0x8067
mem[X,0x801AB36A] -> 0x0006
[398] [M]: 0x801AB368 (0x00068067) jalr zero, a3, 0


mem[X,0x801AB380] -> 0x0CEF
mem[X,0x801AB382] -> 0x00C0
[399] [M]: 0x801AB380 (0x00C00CEF) jal s9, 12
x25 <- 0x801AB384


clint::tick mtime <- 0x0000000000000004
 clint timer pending at mtime 0x0000000000000004
htif::tick 0x0000000000000000
mem[X,0x801AB38C] -> 0xCC93
mem[X,0x801AB38E] -> 0x003C
[400] [M]: 0x801AB38C (0x003CCC93) xori s9, s9, 3
x25 <- 0x801AB387


mem[X,0x801AB390] -> 0x0697
mem[X,0x801AB392] -> 0x0000
[401] [M]: 0x801AB390 (0x00000697) auipc a3, 0
x13 <- 0x801AB390


mem[X,0x801AB394] -> 0x8693
mem[X,0x801AB396] -> 0x00C6
[402] [M]: 0x801AB394 (0x00C68693) addi a3, a3, 12
x13 <- 0x801AB39C


mem[X,0x801AB398] -> 0x8067
mem[X,0x801AB39A] -> 0x0006
[403] [M]: 0x801AB398 (0x00068067) jalr zero, a3, 0


mem[X,0x801AB39C] -> 0x0697
mem[X,0x801AB39E] -> 0x0000
[404] [M]: 0x801AB39C (0x00000697) auipc a3, 0
x13 <- 0x801AB39C


mem[X,0x801AB3A0] -> 0x8693
mem[X,0x801AB3A2] -> 0xFC46
[405] [M]: 0x801AB3A0 (0xFC468693) addi a3, a3, 4036
x13 <- 0x801AB360


mem[X,0x801AB3A4] -> 0xF693
mem[X,0x801AB3A6] -> 0xFFC6
[406] [M]: 0x801AB3A4 (0xFFC6F693) andi a3, a3, 4092
x13 <- 0x801AB360


mem[X,0x801AB3A8] -> 0x8CB3
mem[X,0x801AB3AA] -> 0x40DC
[407] [M]: 0x801AB3A8 (0x40DC8CB3) sub s9, s9, a3
x25 <- 0x00000027


mem[X,0x801AB3AC] -> 0x2223
mem[X,0x801AB3AE] -> 0x0791
[408] [M]: 0x801AB3AC (0x07912223) sw s9, 100(sp)
mem[0x801AD278] <- 0x00000027


mem[X,0x801AB3B0] -> 0x0697
mem[X,0x801AB3B2] -> 0x0000
[409] [M]: 0x801AB3B0 (0x00000697) auipc a3, 0
x13 <- 0x801AB3B0


mem[X,0x801AB3B4] -> 0x8693
mem[X,0x801AB3B6] -> 0x0206
[410] [M]: 0x801AB3B4 (0x02068693) addi a3, a3, 32
x13 <- 0x801AB3D0


mem[X,0x801AB3B8] -> 0x8067
mem[X,0x801AB3BA] -> 0x0006
[411] [M]: 0x801AB3B8 (0x00068067) jalr zero, a3, 0


mem[X,0x801AB3D0] -> 0x096F
mem[X,0x801AB3D2] -> 0x00C0
[412] [M]: 0x801AB3D0 (0x00C0096F) jal s2, 12
x18 <- 0x801AB3D4


mem[X,0x801AB3DC] -> 0x4913
mem[X,0x801AB3DE] -> 0x0039
[413] [M]: 0x801AB3DC (0x00394913) xori s2, s2, 3
x18 <- 0x801AB3D7


mem[X,0x801AB3E0] -> 0x0697
mem[X,0x801AB3E2] -> 0x0000
[414] [M]: 0x801AB3E0 (0x00000697) auipc a3, 0
x13 <- 0x801AB3E0


mem[X,0x801AB3E4] -> 0x8693
mem[X,0x801AB3E6] -> 0x00C6
[415] [M]: 0x801AB3E4 (0x00C68693) addi a3, a3, 12
x13 <- 0x801AB3EC


mem[X,0x801AB3E8] -> 0x8067
mem[X,0x801AB3EA] -> 0x0006
[416] [M]: 0x801AB3E8 (0x00068067) jalr zero, a3, 0


mem[X,0x801AB3EC] -> 0x0697
mem[X,0x801AB3EE] -> 0x0000
[417] [M]: 0x801AB3EC (0x00000697) auipc a3, 0
x13 <- 0x801AB3EC


mem[X,0x801AB3F0] -> 0x8693
mem[X,0x801AB3F2] -> 0xFC46
[418] [M]: 0x801AB3F0 (0xFC468693) addi a3, a3, 4036
x13 <- 0x801AB3B0


mem[X,0x801AB3F4] -> 0xF693
mem[X,0x801AB3F6] -> 0xFFC6
[419] [M]: 0x801AB3F4 (0xFFC6F693) andi a3, a3, 4092
x13 <- 0x801AB3B0


mem[X,0x801AB3F8] -> 0x0933
mem[X,0x801AB3FA] -> 0x40D9
[420] [M]: 0x801AB3F8 (0x40D90933) sub s2, s2, a3
x18 <- 0x00000027


mem[X,0x801AB3FC] -> 0x2423
mem[X,0x801AB3FE] -> 0x0721
[421] [M]: 0x801AB3FC (0x07212423) sw s2, 104(sp)
mem[0x801AD27C] <- 0x00000027


mem[X,0x801AB400] -> 0x0697
mem[X,0x801AB402] -> 0x0000
[422] [M]: 0x801AB400 (0x00000697) auipc a3, 0
x13 <- 0x801AB400


mem[X,0x801AB404] -> 0x8693
mem[X,0x801AB406] -> 0x0206
[423] [M]: 0x801AB404 (0x02068693) addi a3, a3, 32
x13 <- 0x801AB420


mem[X,0x801AB408] -> 0x8067
mem[X,0x801AB40A] -> 0x0006
[424] [M]: 0x801AB408 (0x00068067) jalr zero, a3, 0


mem[X,0x801AB420] -> 0x04EF
mem[X,0x801AB422] -> 0x00C0
[425] [M]: 0x801AB420 (0x00C004EF) jal s1, 12
x9 <- 0x801AB424


mem[X,0x801AB42C] -> 0xC493
mem[X,0x801AB42E] -> 0x0034
[426] [M]: 0x801AB42C (0x0034C493) xori s1, s1, 3
x9 <- 0x801AB427


mem[X,0x801AB430] -> 0x0697
mem[X,0x801AB432] -> 0x0000
[427] [M]: 0x801AB430 (0x00000697) auipc a3, 0
x13 <- 0x801AB430


mem[X,0x801AB434] -> 0x8693
mem[X,0x801AB436] -> 0x00C6
[428] [M]: 0x801AB434 (0x00C68693) addi a3, a3, 12
x13 <- 0x801AB43C


mem[X,0x801AB438] -> 0x8067
mem[X,0x801AB43A] -> 0x0006
[429] [M]: 0x801AB438 (0x00068067) jalr zero, a3, 0


mem[X,0x801AB43C] -> 0x0697
mem[X,0x801AB43E] -> 0x0000
[430] [M]: 0x801AB43C (0x00000697) auipc a3, 0
x13 <- 0x801AB43C


mem[X,0x801AB440] -> 0x8693
mem[X,0x801AB442] -> 0xFC46
[431] [M]: 0x801AB440 (0xFC468693) addi a3, a3, 4036
x13 <- 0x801AB400


mem[X,0x801AB444] -> 0xF693
mem[X,0x801AB446] -> 0xFFC6
[432] [M]: 0x801AB444 (0xFFC6F693) andi a3, a3, 4092
x13 <- 0x801AB400


mem[X,0x801AB448] -> 0x84B3
mem[X,0x801AB44A] -> 0x40D4
[433] [M]: 0x801AB448 (0x40D484B3) sub s1, s1, a3
x9 <- 0x00000027


mem[X,0x801AB44C] -> 0x2623
mem[X,0x801AB44E] -> 0x0691
[434] [M]: 0x801AB44C (0x06912623) sw s1, 108(sp)
mem[0x801AD280] <- 0x00000027


mem[X,0x801AB450] -> 0x0197
mem[X,0x801AB452] -> 0x0000
[435] [M]: 0x801AB450 (0x00000197) auipc gp, 0
x3 <- 0x801AB450


mem[X,0x801AB454] -> 0x8193
mem[X,0x801AB456] -> 0x0201
[436] [M]: 0x801AB454 (0x02018193) addi gp, gp, 32
x3 <- 0x801AB470


mem[X,0x801AB458] -> 0x8067
mem[X,0x801AB45A] -> 0x0001
[437] [M]: 0x801AB458 (0x00018067) jalr zero, gp, 0


mem[X,0x801AB470] -> 0x06EF
mem[X,0x801AB472] -> 0x00C0
[438] [M]: 0x801AB470 (0x00C006EF) jal a3, 12
x13 <- 0x801AB474


mem[X,0x801AB47C] -> 0xC693
mem[X,0x801AB47E] -> 0x0036
[439] [M]: 0x801AB47C (0x0036C693) xori a3, a3, 3
x13 <- 0x801AB477


mem[X,0x801AB480] -> 0x0197
mem[X,0x801AB482] -> 0x0000
[440] [M]: 0x801AB480 (0x00000197) auipc gp, 0
x3 <- 0x801AB480


mem[X,0x801AB484] -> 0x8193
mem[X,0x801AB486] -> 0x00C1
[441] [M]: 0x801AB484 (0x00C18193) addi gp, gp, 12
x3 <- 0x801AB48C


mem[X,0x801AB488] -> 0x8067
mem[X,0x801AB48A] -> 0x0001
[442] [M]: 0x801AB488 (0x00018067) jalr zero, gp, 0


mem[X,0x801AB48C] -> 0x0197
mem[X,0x801AB48E] -> 0x0000
[443] [M]: 0x801AB48C (0x00000197) auipc gp, 0
x3 <- 0x801AB48C


mem[X,0x801AB490] -> 0x8193
mem[X,0x801AB492] -> 0xFC41
[444] [M]: 0x801AB490 (0xFC418193) addi gp, gp, 4036
x3 <- 0x801AB450


mem[X,0x801AB494] -> 0xF193
mem[X,0x801AB496] -> 0xFFC1
[445] [M]: 0x801AB494 (0xFFC1F193) andi gp, gp, 4092
x3 <- 0x801AB450


mem[X,0x801AB498] -> 0x86B3
mem[X,0x801AB49A] -> 0x4036
[446] [M]: 0x801AB498 (0x403686B3) sub a3, a3, gp
x13 <- 0x00000027


mem[X,0x801AB49C] -> 0x2823
mem[X,0x801AB49E] -> 0x06D1
[447] [M]: 0x801AB49C (0x06D12823) sw a3, 112(sp)
mem[0x801AD284] <- 0x00000027


mem[X,0x801AB4A0] -> 0x2097
mem[X,0x801AB4A2] -> 0x0000
[448] [M]: 0x801AB4A0 (0x00002097) auipc ra, 2
x1 <- 0x801AD4A0


mem[X,0x801AB4A4] -> 0x8093
mem[X,0x801AB4A6] -> 0xDE80
[449] [M]: 0x801AB4A4 (0xDE808093) addi ra, ra, 3560
x1 <- 0x801AD288


mem[X,0x801AB4A8] -> 0x0197
mem[X,0x801AB4AA] -> 0x0000
[450] [M]: 0x801AB4A8 (0x00000197) auipc gp, 0
x3 <- 0x801AB4A8


mem[X,0x801AB4AC] -> 0x8193
mem[X,0x801AB4AE] -> 0x0201
[451] [M]: 0x801AB4AC (0x02018193) addi gp, gp, 32
x3 <- 0x801AB4C8


mem[X,0x801AB4B0] -> 0x8067
mem[X,0x801AB4B2] -> 0x0001
[452] [M]: 0x801AB4B0 (0x00018067) jalr zero, gp, 0


mem[X,0x801AB4C8] -> 0x076F
mem[X,0x801AB4CA] -> 0x00C0
[453] [M]: 0x801AB4C8 (0x00C0076F) jal a4, 12
x14 <- 0x801AB4CC


mem[X,0x801AB4D4] -> 0x4713
mem[X,0x801AB4D6] -> 0x0037
[454] [M]: 0x801AB4D4 (0x00374713) xori a4, a4, 3
x14 <- 0x801AB4CF


mem[X,0x801AB4D8] -> 0x0197
mem[X,0x801AB4DA] -> 0x0000
[455] [M]: 0x801AB4D8 (0x00000197) auipc gp, 0
x3 <- 0x801AB4D8


mem[X,0x801AB4DC] -> 0x8193
mem[X,0x801AB4DE] -> 0x00C1
[456] [M]: 0x801AB4DC (0x00C18193) addi gp, gp, 12
x3 <- 0x801AB4E4


mem[X,0x801AB4E0] -> 0x8067
mem[X,0x801AB4E2] -> 0x0001
[457] [M]: 0x801AB4E0 (0x00018067) jalr zero, gp, 0


mem[X,0x801AB4E4] -> 0x0197
mem[X,0x801AB4E6] -> 0x0000
[458] [M]: 0x801AB4E4 (0x00000197) auipc gp, 0
x3 <- 0x801AB4E4


mem[X,0x801AB4E8] -> 0x8193
mem[X,0x801AB4EA] -> 0xFC41
[459] [M]: 0x801AB4E8 (0xFC418193) addi gp, gp, 4036
x3 <- 0x801AB4A8


mem[X,0x801AB4EC] -> 0xF193
mem[X,0x801AB4EE] -> 0xFFC1
[460] [M]: 0x801AB4EC (0xFFC1F193) andi gp, gp, 4092
x3 <- 0x801AB4A8


mem[X,0x801AB4F0] -> 0x0733
mem[X,0x801AB4F2] -> 0x4037
[461] [M]: 0x801AB4F0 (0x40370733) sub a4, a4, gp
x14 <- 0x00000027


mem[X,0x801AB4F4] -> 0xA023
mem[X,0x801AB4F6] -> 0x00E0
[462] [M]: 0x801AB4F4 (0x00E0A023) sw a4, 0(ra)
mem[0x801AD288] <- 0x00000027


mem[X,0x801AB4F8] -> 0x0197
mem[X,0x801AB4FA] -> 0x0000
[463] [M]: 0x801AB4F8 (0x00000197) auipc gp, 0
x3 <- 0x801AB4F8


mem[X,0x801AB4FC] -> 0x8193
mem[X,0x801AB4FE] -> 0x0201
[464] [M]: 0x801AB4FC (0x02018193) addi gp, gp, 32
x3 <- 0x801AB518


mem[X,0x801AB500] -> 0x8067
mem[X,0x801AB502] -> 0x0001
[465] [M]: 0x801AB500 (0x00018067) jalr zero, gp, 0


mem[X,0x801AB518] -> 0x08EF
mem[X,0x801AB51A] -> 0x00C0
[466] [M]: 0x801AB518 (0x00C008EF) jal a7, 12
x17 <- 0x801AB51C


mem[X,0x801AB524] -> 0xC893
mem[X,0x801AB526] -> 0x0038
[467] [M]: 0x801AB524 (0x0038C893) xori a7, a7, 3
x17 <- 0x801AB51F


mem[X,0x801AB528] -> 0x0197
mem[X,0x801AB52A] -> 0x0000
[468] [M]: 0x801AB528 (0x00000197) auipc gp, 0
x3 <- 0x801AB528


mem[X,0x801AB52C] -> 0x8193
mem[X,0x801AB52E] -> 0x00C1
[469] [M]: 0x801AB52C (0x00C18193) addi gp, gp, 12
x3 <- 0x801AB534


mem[X,0x801AB530] -> 0x8067
mem[X,0x801AB532] -> 0x0001
[470] [M]: 0x801AB530 (0x00018067) jalr zero, gp, 0


mem[X,0x801AB534] -> 0x0197
mem[X,0x801AB536] -> 0x0000
[471] [M]: 0x801AB534 (0x00000197) auipc gp, 0
x3 <- 0x801AB534


mem[X,0x801AB538] -> 0x8193
mem[X,0x801AB53A] -> 0xFC41
[472] [M]: 0x801AB538 (0xFC418193) addi gp, gp, 4036
x3 <- 0x801AB4F8


mem[X,0x801AB53C] -> 0xF193
mem[X,0x801AB53E] -> 0xFFC1
[473] [M]: 0x801AB53C (0xFFC1F193) andi gp, gp, 4092
x3 <- 0x801AB4F8


mem[X,0x801AB540] -> 0x88B3
mem[X,0x801AB542] -> 0x4038
[474] [M]: 0x801AB540 (0x403888B3) sub a7, a7, gp
x17 <- 0x00000027


mem[X,0x801AB544] -> 0xA223
mem[X,0x801AB546] -> 0x0110
[475] [M]: 0x801AB544 (0x0110A223) sw a7, 4(ra)
mem[0x801AD28C] <- 0x00000027


mem[X,0x801AB548] -> 0x0197
mem[X,0x801AB54A] -> 0x0000
[476] [M]: 0x801AB548 (0x00000197) auipc gp, 0
x3 <- 0x801AB548


mem[X,0x801AB54C] -> 0x8193
mem[X,0x801AB54E] -> 0x0201
[477] [M]: 0x801AB54C (0x02018193) addi gp, gp, 32
x3 <- 0x801AB568


mem[X,0x801AB550] -> 0x8067
mem[X,0x801AB552] -> 0x0001
[478] [M]: 0x801AB550 (0x00018067) jalr zero, gp, 0


mem[X,0x801AB568] -> 0x016F
mem[X,0x801AB56A] -> 0x00C0
[479] [M]: 0x801AB568 (0x00C0016F) jal sp, 12
x2 <- 0x801AB56C


mem[X,0x801AB574] -> 0x4113
mem[X,0x801AB576] -> 0x0031
[480] [M]: 0x801AB574 (0x00314113) xori sp, sp, 3
x2 <- 0x801AB56F


mem[X,0x801AB578] -> 0x0197
mem[X,0x801AB57A] -> 0x0000
[481] [M]: 0x801AB578 (0x00000197) auipc gp, 0
x3 <- 0x801AB578


mem[X,0x801AB57C] -> 0x8193
mem[X,0x801AB57E] -> 0x00C1
[482] [M]: 0x801AB57C (0x00C18193) addi gp, gp, 12
x3 <- 0x801AB584


mem[X,0x801AB580] -> 0x8067
mem[X,0x801AB582] -> 0x0001
[483] [M]: 0x801AB580 (0x00018067) jalr zero, gp, 0


mem[X,0x801AB584] -> 0x0197
mem[X,0x801AB586] -> 0x0000
[484] [M]: 0x801AB584 (0x00000197) auipc gp, 0
x3 <- 0x801AB584


mem[X,0x801AB588] -> 0x8193
mem[X,0x801AB58A] -> 0xFC41
[485] [M]: 0x801AB588 (0xFC418193) addi gp, gp, 4036
x3 <- 0x801AB548


mem[X,0x801AB58C] -> 0xF193
mem[X,0x801AB58E] -> 0xFFC1
[486] [M]: 0x801AB58C (0xFFC1F193) andi gp, gp, 4092
x3 <- 0x801AB548


mem[X,0x801AB590] -> 0x0133
mem[X,0x801AB592] -> 0x4031
[487] [M]: 0x801AB590 (0x40310133) sub sp, sp, gp
x2 <- 0x00000027


mem[X,0x801AB594] -> 0xA423
mem[X,0x801AB596] -> 0x0020
[488] [M]: 0x801AB594 (0x0020A423) sw sp, 8(ra)
mem[0x801AD290] <- 0x00000027


mem[X,0x801AB598] -> 0x0013
mem[X,0x801AB59A] -> 0x0000
[489] [M]: 0x801AB598 (0x00000013) addi zero, zero, 0


mem[X,0x801AB59C] -> 0x0013
mem[X,0x801AB59E] -> 0x0000
[490] [M]: 0x801AB59C (0x00000013) addi zero, zero, 0


mem[X,0x801AB5A0] -> 0x0093
mem[X,0x801AB5A2] -> 0x0010
[491] [M]: 0x801AB5A0 (0x00100093) addi ra, zero, 1
x1 <- 0x00000001


mem[X,0x801AB5A4] -> 0x1F17
mem[X,0x801AB5A6] -> 0x0000
[492] [M]: 0x801AB5A4 (0x00001F17) auipc t5, 1
x30 <- 0x801AC5A4


mem[X,0x801AB5A8] -> 0x2E23
mem[X,0x801AB5AA] -> 0xA41F
[493] [M]: 0x801AB5A8 (0xA41F2E23) sw ra, 2652(t5)
htif[0x801AC000] <- 0x00000001


mem[X,0x801AB5AC] -> 0xF06F
mem[X,0x801AB5AE] -> 0xFF9F
[494] [M]: 0x801AB5AC (0xFF9FF06F) jal zero, 2097144


mem[X,0x801AB5A4] -> 0x1F17
mem[X,0x801AB5A6] -> 0x0000
[495] [M]: 0x801AB5A4 (0x00001F17) auipc t5, 1
x30 <- 0x801AC5A4


mem[X,0x801AB5A8] -> 0x2E23
mem[X,0x801AB5AA] -> 0xA41F
[496] [M]: 0x801AB5A8 (0xA41F2E23) sw ra, 2652(t5)
htif[0x801AC000] <- 0x00000001


mem[X,0x801AB5AC] -> 0xF06F
mem[X,0x801AB5AE] -> 0xFF9F
[497] [M]: 0x801AB5AC (0xFF9FF06F) jal zero, 2097144


mem[X,0x801AB5A4] -> 0x1F17
mem[X,0x801AB5A6] -> 0x0000
[498] [M]: 0x801AB5A4 (0x00001F17) auipc t5, 1
x30 <- 0x801AC5A4


mem[X,0x801AB5A8] -> 0x2E23
mem[X,0x801AB5AA] -> 0xA41F
[499] [M]: 0x801AB5A8 (0xA41F2E23) sw ra, 2652(t5)
htif[0x801AC000] <- 0x00000001
htif-syscall-proxy cmd: 0x000000000001

SUCCESS
clint::tick mtime <- 0x0000000000000005
 clint timer pending at mtime 0x0000000000000005
htif::tick 0x0000000000000001
