using /home/moon/moon_verif/riscof_work/src/bltu-01.S/ref/Reference-sail_c_simulator.signature for test-signature output.
[Sail] Allocating new block 0x80000000
tohost located at 0x8004a000
[Sail] Allocating new block 0x0

Running file sail-bltu-01.elf.
ELF Entry @ 0x80000000
begin_signature: 0x8004b210
end_signature: 0x8004bd70
CSR mstatus <- 0x00000000 (input: 0x00000000)
mem[X,0x00001000] -> 0x0297
mem[X,0x00001002] -> 0x0000
[0] [M]: 0x00001000 (0x00000297) auipc t0, 0
x5 <- 0x00001000


mem[X,0x00001004] -> 0x8593
mem[X,0x00001006] -> 0x0202
[1] [M]: 0x00001004 (0x02028593) addi a1, t0, 32
x11 <- 0x00001020


mem[X,0x00001008] -> 0x2573
mem[X,0x0000100A] -> 0xF140
[2] [M]: 0x00001008 (0xF1402573) csrrs a0, mhartid, zero
CSR mhartid -> 0x00000000
x10 <- 0x00000000


mem[X,0x0000100C] -> 0xA283
mem[X,0x0000100E] -> 0x0182
[3] [M]: 0x0000100C (0x0182A283) lw t0, 24(t0)
mem[R,0x00001018] -> 0x80000000
x5 <- 0x80000000


mem[X,0x00001010] -> 0x8067
mem[X,0x00001012] -> 0x0002
[4] [M]: 0x00001010 (0x00028067) jalr zero, t0, 0


mem[X,0x80000000] -> 0xC0B7
mem[X,0x80000002] -> 0xFEED
[5] [M]: 0x80000000 (0xFEEDC0B7) lui ra, 1044188
x1 <- 0xFEEDC000


mem[X,0x80000004] -> 0x8093
mem[X,0x80000006] -> 0xEAD0
[6] [M]: 0x80000004 (0xEAD08093) addi ra, ra, 3757
x1 <- 0xFEEDBEAD


mem[X,0x80000008] -> 0xE137
mem[X,0x8000000A] -> 0xFF76
[7] [M]: 0x80000008 (0xFF76E137) lui sp, 1046382
x2 <- 0xFF76E000


mem[X,0x8000000C] -> 0x0113
mem[X,0x8000000E] -> 0xF561
[8] [M]: 0x8000000C (0xF5610113) addi sp, sp, 3926
x2 <- 0xFF76DF56


mem[X,0x80000010] -> 0x71B7
mem[X,0x80000012] -> 0x7FBB
[9] [M]: 0x80000010 (0x7FBB71B7) lui gp, 523191
x3 <- 0x7FBB7000


mem[X,0x80000014] -> 0x8193
mem[X,0x80000016] -> 0xFAB1
[10] [M]: 0x80000014 (0xFAB18193) addi gp, gp, 4011
x3 <- 0x7FBB6FAB


mem[X,0x80000018] -> 0xB237
mem[X,0x8000001A] -> 0xBFDD
[11] [M]: 0x80000018 (0xBFDDB237) lui tp, 785883
x4 <- 0xBFDDB000


mem[X,0x8000001C] -> 0x0213
mem[X,0x8000001E] -> 0x7D52
[12] [M]: 0x8000001C (0x7D520213) addi tp, tp, 2005
x4 <- 0xBFDDB7D5


mem[X,0x80000020] -> 0x0297
mem[X,0x80000022] -> 0x0000
[13] [M]: 0x80000020 (0x00000297) auipc t0, 0
x5 <- 0x80000020


mem[X,0x80000024] -> 0x8293
mem[X,0x80000026] -> 0x0D82
[14] [M]: 0x80000024 (0x0D828293) addi t0, t0, 216
x5 <- 0x800000F8


mem[X,0x80000028] -> 0xB317
mem[X,0x8000002A] -> 0x0004
[15] [M]: 0x80000028 (0x0004B317) auipc t1, 75
x6 <- 0x8004B028


mem[X,0x8000002C] -> 0x0313
mem[X,0x8000002E] -> 0xFD83
[16] [M]: 0x8000002C (0xFD830313) addi t1, t1, 4056
x6 <- 0x8004B000


mem[X,0x80000030] -> 0xB3B7
mem[X,0x80000032] -> 0xB7FB
[17] [M]: 0x80000030 (0xB7FBB3B7) lui t2, 753595
x7 <- 0xB7FBB000


mem[X,0x80000034] -> 0x8393
mem[X,0x80000036] -> 0x6FA3
[18] [M]: 0x80000034 (0x6FA38393) addi t2, t2, 1786
x7 <- 0xB7FBB6FA


mem[X,0x80000038] -> 0xE437
mem[X,0x8000003A] -> 0x5BFD
[19] [M]: 0x80000038 (0x5BFDE437) lui fp, 376798
x8 <- 0x5BFDE000


mem[X,0x8000003C] -> 0x0413
mem[X,0x8000003E] -> 0xB7D4
[20] [M]: 0x8000003C (0xB7D40413) addi fp, fp, 2941
x8 <- 0x5BFDDB7D


mem[X,0x80000040] -> 0xF4B7
mem[X,0x80000042] -> 0xADFE
[21] [M]: 0x80000040 (0xADFEF4B7) lui s1, 712687
x9 <- 0xADFEF000


mem[X,0x80000044] -> 0x8493
mem[X,0x80000046] -> 0xDBE4
[22] [M]: 0x80000044 (0xDBE48493) addi s1, s1, 3518
x9 <- 0xADFEEDBE


mem[X,0x80000048] -> 0x7537
mem[X,0x8000004A] -> 0x56FF
[23] [M]: 0x80000048 (0x56FF7537) lui a0, 356343
x10 <- 0x56FF7000


mem[X,0x8000004C] -> 0x0513
mem[X,0x8000004E] -> 0x6DF5
[24] [M]: 0x8000004C (0x6DF50513) addi a0, a0, 1759
x10 <- 0x56FF76DF


mem[X,0x80000050] -> 0xC5B7
mem[X,0x80000052] -> 0xAB7F
[25] [M]: 0x80000050 (0xAB7FC5B7) lui a1, 702460
x11 <- 0xAB7FC000


mem[X,0x80000054] -> 0x8593
mem[X,0x80000056] -> 0xB6F5
[26] [M]: 0x80000054 (0xB6F58593) addi a1, a1, 2927
x11 <- 0xAB7FBB6F


mem[X,0x80000058] -> 0xE637
mem[X,0x8000005A] -> 0xD5BF
[27] [M]: 0x80000058 (0xD5BFE637) lui a2, 875518
x12 <- 0xD5BFE000


mem[X,0x8000005C] -> 0x0613
mem[X,0x8000005E] -> 0xDB76
[28] [M]: 0x8000005C (0xDB760613) addi a2, a2, 3511
x12 <- 0xD5BFDDB7


mem[X,0x80000060] -> 0xF6B7
mem[X,0x80000062] -> 0xEADF
[29] [M]: 0x80000060 (0xEADFF6B7) lui a3, 962047
x13 <- 0xEADFF000


mem[X,0x80000064] -> 0x8693
mem[X,0x80000066] -> 0xEDB6
[30] [M]: 0x80000064 (0xEDB68693) addi a3, a3, 3803
x13 <- 0xEADFEEDB


mem[X,0x80000068] -> 0xF737
mem[X,0x8000006A] -> 0xF56F
[31] [M]: 0x80000068 (0xF56FF737) lui a4, 1005311
x14 <- 0xF56FF000


mem[X,0x8000006C] -> 0x0713
mem[X,0x8000006E] -> 0x76D7
[32] [M]: 0x8000006C (0x76D70713) addi a4, a4, 1901
x14 <- 0xF56FF76D


mem[X,0x80000070] -> 0x07B7
mem[X,0x80000072] -> 0xFAB8
[33] [M]: 0x80000070 (0xFAB807B7) lui a5, 1026944
x15 <- 0xFAB80000


mem[X,0x80000074] -> 0x8793
mem[X,0x80000076] -> 0xBB67
[34] [M]: 0x80000074 (0xBB678793) addi a5, a5, 2998
x15 <- 0xFAB7FBB6


mem[X,0x80000078] -> 0x0837
mem[X,0x8000007A] -> 0x7D5C
[35] [M]: 0x80000078 (0x7D5C0837) lui a6, 513472
x16 <- 0x7D5C0000


mem[X,0x8000007C] -> 0x0813
mem[X,0x8000007E] -> 0xDDB8
[36] [M]: 0x8000007C (0xDDB80813) addi a6, a6, 3547
x16 <- 0x7D5BFDDB


mem[X,0x80000080] -> 0x08B7
mem[X,0x80000082] -> 0xBEAE
[37] [M]: 0x80000080 (0xBEAE08B7) lui a7, 781024
x17 <- 0xBEAE0000


mem[X,0x80000084] -> 0x8893
mem[X,0x80000086] -> 0xEED8
[38] [M]: 0x80000084 (0xEED88893) addi a7, a7, 3821
x17 <- 0xBEADFEED


mem[X,0x80000088] -> 0x0937
mem[X,0x8000008A] -> 0xDF57
[39] [M]: 0x80000088 (0xDF570937) lui s2, 914800
x18 <- 0xDF570000


mem[X,0x8000008C] -> 0x0913
mem[X,0x8000008E] -> 0xF769
[40] [M]: 0x8000008C (0xF7690913) addi s2, s2, 3958
x18 <- 0xDF56FF76


mem[X,0x80000090] -> 0x89B7
mem[X,0x80000092] -> 0x6FAB
[41] [M]: 0x80000090 (0x6FAB89B7) lui s3, 457400
x19 <- 0x6FAB8000


mem[X,0x80000094] -> 0x8993
mem[X,0x80000096] -> 0xFBB9
[42] [M]: 0x80000094 (0xFBB98993) addi s3, s3, 4027
x19 <- 0x6FAB7FBB


mem[X,0x80000098] -> 0xCA37
mem[X,0x8000009A] -> 0xB7D5
[43] [M]: 0x80000098 (0xB7D5CA37) lui s4, 752988
x20 <- 0xB7D5C000


mem[X,0x8000009C] -> 0x0A13
mem[X,0x8000009E] -> 0xFDDA
[44] [M]: 0x8000009C (0xFDDA0A13) addi s4, s4, 4061
x20 <- 0xB7D5BFDD


mem[X,0x800000A0] -> 0xEAB7
mem[X,0x800000A2] -> 0xDBEA
[45] [M]: 0x800000A0 (0xDBEAEAB7) lui s5, 900782
x21 <- 0xDBEAE000


mem[X,0x800000A4] -> 0x8A93
mem[X,0x800000A6] -> 0xFEEA
[46] [M]: 0x800000A4 (0xFEEA8A93) addi s5, s5, 4078
x21 <- 0xDBEADFEE


mem[X,0x800000A8] -> 0x7B37
mem[X,0x800000AA] -> 0x6DF5
[47] [M]: 0x800000A8 (0x6DF57B37) lui s6, 450391
x22 <- 0x6DF57000


mem[X,0x800000AC] -> 0x0B13
mem[X,0x800000AE] -> 0xFF7B
[48] [M]: 0x800000AC (0xFF7B0B13) addi s6, s6, 4087
x22 <- 0x6DF56FF7


mem[X,0x800000B0] -> 0xBBB7
mem[X,0x800000B2] -> 0xB6FA
[49] [M]: 0x800000B0 (0xB6FABBB7) lui s7, 749483
x23 <- 0xB6FAB000


mem[X,0x800000B4] -> 0x8B93
mem[X,0x800000B6] -> 0x7FBB
[50] [M]: 0x800000B4 (0x7FBB8B93) addi s7, s7, 2043
x23 <- 0xB6FAB7FB


mem[X,0x800000B8] -> 0x6C37
mem[X,0x800000BA] -> 0xDB7D
[51] [M]: 0x800000B8 (0xDB7D6C37) lui s8, 899030
x24 <- 0xDB7D6000


mem[X,0x800000BC] -> 0x0C13
mem[X,0x800000BE] -> 0xBFDC
[52] [M]: 0x800000BC (0xBFDC0C13) addi s8, s8, 3069
x24 <- 0xDB7D5BFD


mem[X,0x800000C0] -> 0xBCB7
mem[X,0x800000C2] -> 0xEDBE
[53] [M]: 0x800000C0 (0xEDBEBCB7) lui s9, 973803
x25 <- 0xEDBEB000


mem[X,0x800000C4] -> 0x8C93
mem[X,0x800000C6] -> 0xDFEC
[54] [M]: 0x800000C4 (0xDFEC8C93) addi s9, s9, 3582
x25 <- 0xEDBEADFE


mem[X,0x800000C8] -> 0x5D37
mem[X,0x800000CA] -> 0x76DF
[55] [M]: 0x800000C8 (0x76DF5D37) lui s10, 486901
x26 <- 0x76DF5000


mem[X,0x800000CC] -> 0x0D13
mem[X,0x800000CE] -> 0x6FFD
[56] [M]: 0x800000CC (0x6FFD0D13) addi s10, s10, 1791
x26 <- 0x76DF56FF


mem[X,0x800000D0] -> 0xBDB7
mem[X,0x800000D2] -> 0xBB6F
[57] [M]: 0x800000D0 (0xBB6FBDB7) lui s11, 767739
x27 <- 0xBB6FB000


mem[X,0x800000D4] -> 0x8D93
mem[X,0x800000D6] -> 0xB7FD
[58] [M]: 0x800000D4 (0xB7FD8D93) addi s11, s11, 2943
x27 <- 0xBB6FAB7F


mem[X,0x800000D8] -> 0xDE37
mem[X,0x800000DA] -> 0xDDB7
[59] [M]: 0x800000D8 (0xDDB7DE37) lui t3, 908157
x28 <- 0xDDB7D000


mem[X,0x800000DC] -> 0x0E13
mem[X,0x800000DE] -> 0x5BFE
[60] [M]: 0x800000DC (0x5BFE0E13) addi t3, t3, 1471
x28 <- 0xDDB7D5BF


mem[X,0x800000E0] -> 0xFEB7
mem[X,0x800000E2] -> 0xEEDB
[61] [M]: 0x800000E0 (0xEEDBFEB7) lui t4, 978367
x29 <- 0xEEDBF000


mem[X,0x800000E4] -> 0x8E93
mem[X,0x800000E6] -> 0xADFE
[62] [M]: 0x800000E4 (0xADFE8E93) addi t4, t4, 2783
x29 <- 0xEEDBEADF


mem[X,0x800000E8] -> 0xFF37
mem[X,0x800000EA] -> 0xF76D
[63] [M]: 0x800000E8 (0xF76DFF37) lui t5, 1013471
x30 <- 0xF76DF000


mem[X,0x800000EC] -> 0x0F13
mem[X,0x800000EE] -> 0x56FF
[64] [M]: 0x800000EC (0x56FF0F13) addi t5, t5, 1391
x30 <- 0xF76DF56F


mem[X,0x800000F0] -> 0x0FB7
mem[X,0x800000F2] -> 0xFBB7
[65] [M]: 0x800000F0 (0xFBB70FB7) lui t6, 1031024
x31 <- 0xFBB70000


mem[X,0x800000F4] -> 0x8F93
mem[X,0x800000F6] -> 0xAB7F
[66] [M]: 0x800000F4 (0xAB7F8F93) addi t6, t6, 2743
x31 <- 0xFBB6FAB7


mem[X,0x800000F8] -> 0xB597
mem[X,0x800000FA] -> 0x0004
[67] [M]: 0x800000F8 (0x0004B597) auipc a1, 75
x11 <- 0x8004B0F8


mem[X,0x800000FC] -> 0x8593
mem[X,0x800000FE] -> 0x11C5
[68] [M]: 0x800000FC (0x11C58593) addi a1, a1, 284
x11 <- 0x8004B214


mem[X,0x80000100] -> 0x08B7
mem[X,0x80000102] -> 0x2000
[69] [M]: 0x80000100 (0x200008B7) lui a7, 131072
x17 <- 0x20000000


mem[X,0x80000104] -> 0x08B7
mem[X,0x80000106] -> 0x2000
[70] [M]: 0x80000104 (0x200008B7) lui a7, 131072
x17 <- 0x20000000


mem[X,0x80000108] -> 0x0113
mem[X,0x8000010A] -> 0x0000
[71] [M]: 0x80000108 (0x00000113) addi sp, zero, 0
x2 <- 0x00000000


mem[X,0x8000010C] -> 0x006F
mem[X,0x8000010E] -> 0x2B10
[72] [M]: 0x8000010C (0x2B10006F) jal zero, 2736


mem[X,0x80000BBC] -> 0xEA63
mem[X,0x80000BBE] -> 0xD518
[73] [M]: 0x80000BBC (0xD518EA63) bltu a7, a7, 5460


mem[X,0x80000BC0] -> 0x0113
mem[X,0x80000BC2] -> 0x0021
[74] [M]: 0x80000BC0 (0x00210113) addi sp, sp, 2
x2 <- 0x00000002


mem[X,0x80000BC4] -> 0x006F
mem[X,0x80000BC6] -> 0x00C0
[75] [M]: 0x80000BC4 (0x00C0006F) jal zero, 12


mem[X,0x80000BD0] -> 0xA023
mem[X,0x80000BD2] -> 0x0025
[76] [M]: 0x80000BD0 (0x0025A023) sw sp, 0(a1)
mem[0x8004B214] <- 0x00000002


mem[X,0x80000BD4] -> 0x0437
mem[X,0x80000BD6] -> 0xFF80
[77] [M]: 0x80000BD4 (0xFF800437) lui fp, 1046528
x8 <- 0xFF800000


mem[X,0x80000BD8] -> 0x0413
mem[X,0x80000BDA] -> 0xFFF4
[78] [M]: 0x80000BD8 (0xFFF40413) addi fp, fp, 4095
x8 <- 0xFF7FFFFF


mem[X,0x80000BDC] -> 0x0A37
mem[X,0x80000BDE] -> 0xFF80
[79] [M]: 0x80000BDC (0xFF800A37) lui s4, 1046528
x20 <- 0xFF800000


mem[X,0x80000BE0] -> 0x0A13
mem[X,0x80000BE2] -> 0xFFFA
[80] [M]: 0x80000BE0 (0xFFFA0A13) addi s4, s4, 4095
x20 <- 0xFF7FFFFF


mem[X,0x80000BE4] -> 0x0113
mem[X,0x80000BE6] -> 0x0000
[81] [M]: 0x80000BE4 (0x00000113) addi sp, zero, 0
x2 <- 0x00000000


mem[X,0x80000BE8] -> 0x006F
mem[X,0x80000BEA] -> 0x00C0
[82] [M]: 0x80000BE8 (0x00C0006F) jal zero, 12


mem[X,0x80000BF4] -> 0x6663
mem[X,0x80000BF6] -> 0x0144
[83] [M]: 0x80000BF4 (0x01446663) bltu fp, s4, 12


mem[X,0x80000BF8] -> 0x0113
mem[X,0x80000BFA] -> 0x0021
[84] [M]: 0x80000BF8 (0x00210113) addi sp, sp, 2
x2 <- 0x00000002


mem[X,0x80000BFC] -> 0x006F
mem[X,0x80000BFE] -> 0x00C0
[85] [M]: 0x80000BFC (0x00C0006F) jal zero, 12


mem[X,0x80000C08] -> 0xA223
mem[X,0x80000C0A] -> 0x0025
[86] [M]: 0x80000C08 (0x0025A223) sw sp, 4(a1)
mem[0x8004B218] <- 0x00000002


mem[X,0x80000C0C] -> 0x0AB7
mem[X,0x80000C0E] -> 0x8000
[87] [M]: 0x80000C0C (0x80000AB7) lui s5, 524288
x21 <- 0x80000000


mem[X,0x80000C10] -> 0x8A93
mem[X,0x80000C12] -> 0xFFFA
[88] [M]: 0x80000C10 (0xFFFA8A93) addi s5, s5, 4095
x21 <- 0x7FFFFFFF


mem[X,0x80000C14] -> 0x03B7
mem[X,0x80000C16] -> 0x8000
[89] [M]: 0x80000C14 (0x800003B7) lui t2, 524288
x7 <- 0x80000000


mem[X,0x80000C18] -> 0x8393
mem[X,0x80000C1A] -> 0xFFF3
[90] [M]: 0x80000C18 (0xFFF38393) addi t2, t2, 4095
x7 <- 0x7FFFFFFF


mem[X,0x80000C1C] -> 0x0113
mem[X,0x80000C1E] -> 0x0000
[91] [M]: 0x80000C1C (0x00000113) addi sp, zero, 0
x2 <- 0x00000000


mem[X,0x80000C20] -> 0x006F
mem[X,0x80000C22] -> 0x0140
[92] [M]: 0x80000C20 (0x0140006F) jal zero, 20


mem[X,0x80000C34] -> 0xE8E3
mem[X,0x80000C36] -> 0xFE7A
[93] [M]: 0x80000C34 (0xFE7AE8E3) bltu s5, t2, 8176


mem[X,0x80000C38] -> 0x0113
mem[X,0x80000C3A] -> 0x0021
[94] [M]: 0x80000C38 (0x00210113) addi sp, sp, 2
x2 <- 0x00000002


mem[X,0x80000C3C] -> 0x006F
mem[X,0x80000C3E] -> 0x00C0
[95] [M]: 0x80000C3C (0x00C0006F) jal zero, 12


mem[X,0x80000C48] -> 0xA423
mem[X,0x80000C4A] -> 0x0025
[96] [M]: 0x80000C48 (0x0025A423) sw sp, 8(a1)
mem[0x8004B21C] <- 0x00000002


mem[X,0x80000C4C] -> 0x0A37
mem[X,0x80000C4E] -> 0xFE00
[97] [M]: 0x80000C4C (0xFE000A37) lui s4, 1040384
x20 <- 0xFE000000


mem[X,0x80000C50] -> 0x0A13
mem[X,0x80000C52] -> 0xFFFA
[98] [M]: 0x80000C50 (0xFFFA0A13) addi s4, s4, 4095
x20 <- 0xFDFFFFFF


mem[X,0x80000C54] -> 0xBAB7
mem[X,0x80000C56] -> 0xAAAA
[99] [M]: 0x80000C54 (0xAAAABAB7) lui s5, 699051
x21 <- 0xAAAAB000


clint::tick mtime <- 0x0000000000000001
 clint timer pending at mtime 0x0000000000000001
htif::tick 0x0000000000000000
mem[X,0x80000C58] -> 0x8A93
mem[X,0x80000C5A] -> 0xAABA
[100] [M]: 0x80000C58 (0xAABA8A93) addi s5, s5, 2731
x21 <- 0xAAAAAAAB


mem[X,0x80000C5C] -> 0x0113
mem[X,0x80000C5E] -> 0x0000
[101] [M]: 0x80000C5C (0x00000113) addi sp, zero, 0
x2 <- 0x00000000


mem[X,0x80000C60] -> 0x006F
mem[X,0x80000C62] -> 0x00C0
[102] [M]: 0x80000C60 (0x00C0006F) jal zero, 12


mem[X,0x80000C6C] -> 0x6063
mem[X,0x80000C6E] -> 0x115A
[103] [M]: 0x80000C6C (0x115A6063) bltu s4, s5, 256


mem[X,0x80000C70] -> 0x0113
mem[X,0x80000C72] -> 0x0021
[104] [M]: 0x80000C70 (0x00210113) addi sp, sp, 2
x2 <- 0x00000002


mem[X,0x80000C74] -> 0x006F
mem[X,0x80000C76] -> 0x1000
[105] [M]: 0x80000C74 (0x1000006F) jal zero, 256


mem[X,0x80000D74] -> 0xA623
mem[X,0x80000D76] -> 0x0025
[106] [M]: 0x80000D74 (0x0025A623) sw sp, 12(a1)
mem[0x8004B220] <- 0x00000002


mem[X,0x80000D78] -> 0x0D13
mem[X,0x80000D7A] -> 0xFFE0
[107] [M]: 0x80000D78 (0xFFE00D13) addi s10, zero, 4094
x26 <- 0xFFFFFFFE


mem[X,0x80000D7C] -> 0x0993
mem[X,0x80000D7E] -> 0xFFF0
[108] [M]: 0x80000D7C (0xFFF00993) addi s3, zero, 4095
x19 <- 0xFFFFFFFF


mem[X,0x80000D80] -> 0x0113
mem[X,0x80000D82] -> 0x0000
[109] [M]: 0x80000D80 (0x00000113) addi sp, zero, 0
x2 <- 0x00000000


mem[X,0x80000D84] -> 0x006F
mem[X,0x80000D86] -> 0x00C0
[110] [M]: 0x80000D84 (0x00C0006F) jal zero, 12


mem[X,0x80000D90] -> 0x6063
mem[X,0x80000D92] -> 0x413D
[111] [M]: 0x80000D90 (0x413D6063) bltu s10, s3, 1024


mem[X,0x80001190] -> 0x0113
mem[X,0x80001192] -> 0x0031
[112] [M]: 0x80001190 (0x00310113) addi sp, sp, 3
x2 <- 0x00000003


mem[X,0x80001194] -> 0x006F
mem[X,0x80001196] -> 0x0040
[113] [M]: 0x80001194 (0x0040006F) jal zero, 4


mem[X,0x80001198] -> 0xA823
mem[X,0x8000119A] -> 0x0025
[114] [M]: 0x80001198 (0x0025A823) sw sp, 16(a1)
mem[0x8004B224] <- 0x00000003


mem[X,0x8000119C] -> 0x0CB7
mem[X,0x8000119E] -> 0x4000
[115] [M]: 0x8000119C (0x40000CB7) lui s9, 262144
x25 <- 0x40000000


mem[X,0x800011A0] -> 0x0013
mem[X,0x800011A2] -> 0x0000
[116] [M]: 0x800011A0 (0x00000013) addi zero, zero, 0


mem[X,0x800011A4] -> 0x0113
mem[X,0x800011A6] -> 0x0000
[117] [M]: 0x800011A4 (0x00000113) addi sp, zero, 0
x2 <- 0x00000000


mem[X,0x800011A8] -> 0x006F
mem[X,0x800011AA] -> 0x00C0
[118] [M]: 0x800011A8 (0x00C0006F) jal zero, 12


mem[X,0x800011B4] -> 0xECE3
mem[X,0x800011B6] -> 0xFE0C
[119] [M]: 0x800011B4 (0xFE0CECE3) bltu s9, zero, 8184


mem[X,0x800011B8] -> 0x0113
mem[X,0x800011BA] -> 0x0021
[120] [M]: 0x800011B8 (0x00210113) addi sp, sp, 2
x2 <- 0x00000002


mem[X,0x800011BC] -> 0x006F
mem[X,0x800011BE] -> 0x00C0
[121] [M]: 0x800011BC (0x00C0006F) jal zero, 12


mem[X,0x800011C8] -> 0xAA23
mem[X,0x800011CA] -> 0x0025
[122] [M]: 0x800011C8 (0x0025AA23) sw sp, 20(a1)
mem[0x8004B228] <- 0x00000002


mem[X,0x800011CC] -> 0x0EB7
mem[X,0x800011CE] -> 0x0004
[123] [M]: 0x800011CC (0x00040EB7) lui t4, 64
x29 <- 0x00040000


mem[X,0x800011D0] -> 0x0913
mem[X,0x800011D2] -> 0x0010
[124] [M]: 0x800011D0 (0x00100913) addi s2, zero, 1
x18 <- 0x00000001


mem[X,0x800011D4] -> 0x0113
mem[X,0x800011D6] -> 0x0000
[125] [M]: 0x800011D4 (0x00000113) addi sp, zero, 0
x2 <- 0x00000000


mem[X,0x800011D8] -> 0x006F
mem[X,0x800011DA] -> 0x0140
[126] [M]: 0x800011D8 (0x0140006F) jal zero, 20


mem[X,0x800011EC] -> 0xE8E3
mem[X,0x800011EE] -> 0xFF2E
[127] [M]: 0x800011EC (0xFF2EE8E3) bltu t4, s2, 8176


mem[X,0x800011F0] -> 0x0113
mem[X,0x800011F2] -> 0x0021
[128] [M]: 0x800011F0 (0x00210113) addi sp, sp, 2
x2 <- 0x00000002


mem[X,0x800011F4] -> 0x006F
mem[X,0x800011F6] -> 0x00C0
[129] [M]: 0x800011F4 (0x00C0006F) jal zero, 12


mem[X,0x80001200] -> 0xAC23
mem[X,0x80001202] -> 0x0025
[130] [M]: 0x80001200 (0x0025AC23) sw sp, 24(a1)
mem[0x8004B22C] <- 0x00000002


mem[X,0x80001204] -> 0x0013
mem[X,0x80001206] -> 0x0000
[131] [M]: 0x80001204 (0x00000013) addi zero, zero, 0


mem[X,0x80001208] -> 0x0693
mem[X,0x8000120A] -> 0x0020
[132] [M]: 0x80001208 (0x00200693) addi a3, zero, 2
x13 <- 0x00000002


mem[X,0x8000120C] -> 0x0113
mem[X,0x8000120E] -> 0x0000
[133] [M]: 0x8000120C (0x00000113) addi sp, zero, 0
x2 <- 0x00000000


mem[X,0x80001210] -> 0x006F
mem[X,0x80001212] -> 0x00C0
[134] [M]: 0x80001210 (0x00C0006F) jal zero, 12


mem[X,0x8000121C] -> 0x6663
mem[X,0x8000121E] -> 0x00D0
[135] [M]: 0x8000121C (0x00D06663) bltu zero, a3, 12


mem[X,0x80001228] -> 0x0113
mem[X,0x8000122A] -> 0x0031
[136] [M]: 0x80001228 (0x00310113) addi sp, sp, 3
x2 <- 0x00000003


mem[X,0x8000122C] -> 0x006F
mem[X,0x8000122E] -> 0x0040
[137] [M]: 0x8000122C (0x0040006F) jal zero, 4


mem[X,0x80001230] -> 0xAE23
mem[X,0x80001232] -> 0x0025
[138] [M]: 0x80001230 (0x0025AE23) sw sp, 28(a1)
mem[0x8004B230] <- 0x00000003


mem[X,0x80001234] -> 0xBF37
mem[X,0x80001236] -> 0xAAAA
[139] [M]: 0x80001234 (0xAAAABF37) lui t5, 699051
x30 <- 0xAAAAB000


mem[X,0x80001238] -> 0x0F13
mem[X,0x8000123A] -> 0xAABF
[140] [M]: 0x80001238 (0xAABF0F13) addi t5, t5, 2731
x30 <- 0xAAAAAAAB


mem[X,0x8000123C] -> 0x0093
mem[X,0x8000123E] -> 0x0040
[141] [M]: 0x8000123C (0x00400093) addi ra, zero, 4
x1 <- 0x00000004


mem[X,0x80001240] -> 0x0113
mem[X,0x80001242] -> 0x0000
[142] [M]: 0x80001240 (0x00000113) addi sp, zero, 0
x2 <- 0x00000000


mem[X,0x80001244] -> 0x006F
mem[X,0x80001246] -> 0x00C0
[143] [M]: 0x80001244 (0x00C0006F) jal zero, 12


mem[X,0x80001250] -> 0x6CE3
mem[X,0x80001252] -> 0xFE1F
[144] [M]: 0x80001250 (0xFE1F6CE3) bltu t5, ra, 8184


mem[X,0x80001254] -> 0x0113
mem[X,0x80001256] -> 0x0021
[145] [M]: 0x80001254 (0x00210113) addi sp, sp, 2
x2 <- 0x00000002


mem[X,0x80001258] -> 0x006F
mem[X,0x8000125A] -> 0x00C0
[146] [M]: 0x80001258 (0x00C0006F) jal zero, 12


mem[X,0x80001264] -> 0xA023
mem[X,0x80001266] -> 0x0225
[147] [M]: 0x80001264 (0x0225A023) sw sp, 32(a1)
mem[0x8004B234] <- 0x00000002


mem[X,0x80001268] -> 0x0813
mem[X,0x8000126A] -> 0x0800
[148] [M]: 0x80001268 (0x08000813) addi a6, zero, 128
x16 <- 0x00000080


mem[X,0x8000126C] -> 0x0413
mem[X,0x8000126E] -> 0x0080
[149] [M]: 0x8000126C (0x00800413) addi fp, zero, 8
x8 <- 0x00000008


mem[X,0x80001270] -> 0x0113
mem[X,0x80001272] -> 0x0000
[150] [M]: 0x80001270 (0x00000113) addi sp, zero, 0
x2 <- 0x00000000


mem[X,0x80001274] -> 0x006F
mem[X,0x80001276] -> 0x00C0
[151] [M]: 0x80001274 (0x00C0006F) jal zero, 12


mem[X,0x80001280] -> 0x6063
mem[X,0x80001282] -> 0x0488
[152] [M]: 0x80001280 (0x04886063) bltu a6, fp, 64


mem[X,0x80001284] -> 0x0113
mem[X,0x80001286] -> 0x0021
[153] [M]: 0x80001284 (0x00210113) addi sp, sp, 2
x2 <- 0x00000002


mem[X,0x80001288] -> 0x006F
mem[X,0x8000128A] -> 0x0400
[154] [M]: 0x80001288 (0x0400006F) jal zero, 64


mem[X,0x800012C8] -> 0xA223
mem[X,0x800012CA] -> 0x0225
[155] [M]: 0x800012C8 (0x0225A223) sw sp, 36(a1)
mem[0x8004B238] <- 0x00000002


mem[X,0x800012CC] -> 0x03B7
mem[X,0x800012CE] -> 0x0004
[156] [M]: 0x800012CC (0x000403B7) lui t2, 64
x7 <- 0x00040000


mem[X,0x800012D0] -> 0x0F13
mem[X,0x800012D2] -> 0x0100
[157] [M]: 0x800012D0 (0x01000F13) addi t5, zero, 16
x30 <- 0x00000010


mem[X,0x800012D4] -> 0x0113
mem[X,0x800012D6] -> 0x0000
[158] [M]: 0x800012D4 (0x00000113) addi sp, zero, 0
x2 <- 0x00000000


mem[X,0x800012D8] -> 0x006F
mem[X,0x800012DA] -> 0x00C0
[159] [M]: 0x800012D8 (0x00C0006F) jal zero, 12


mem[X,0x800012E4] -> 0xE063
mem[X,0x800012E6] -> 0x09E3
[160] [M]: 0x800012E4 (0x09E3E063) bltu t2, t5, 128


mem[X,0x800012E8] -> 0x0113
mem[X,0x800012EA] -> 0x0021
[161] [M]: 0x800012E8 (0x00210113) addi sp, sp, 2
x2 <- 0x00000002


mem[X,0x800012EC] -> 0x006F
mem[X,0x800012EE] -> 0x0800
[162] [M]: 0x800012EC (0x0800006F) jal zero, 128


mem[X,0x8000136C] -> 0xA423
mem[X,0x8000136E] -> 0x0225
[163] [M]: 0x8000136C (0x0225A423) sw sp, 40(a1)
mem[0x8004B23C] <- 0x00000002


mem[X,0x80001370] -> 0x0493
mem[X,0x80001372] -> 0x0000
[164] [M]: 0x80001370 (0x00000493) addi s1, zero, 0
x9 <- 0x00000000


mem[X,0x80001374] -> 0x0193
mem[X,0x80001376] -> 0x0200
[165] [M]: 0x80001374 (0x02000193) addi gp, zero, 32
x3 <- 0x00000020


mem[X,0x80001378] -> 0x0113
mem[X,0x8000137A] -> 0x0000
[166] [M]: 0x80001378 (0x00000113) addi sp, zero, 0
x2 <- 0x00000000


mem[X,0x8000137C] -> 0x006F
mem[X,0x8000137E] -> 0x00C0
[167] [M]: 0x8000137C (0x00C0006F) jal zero, 12


mem[X,0x80001388] -> 0xE663
mem[X,0x8000138A] -> 0x0034
[168] [M]: 0x80001388 (0x0034E663) bltu s1, gp, 12


mem[X,0x80001394] -> 0x0113
mem[X,0x80001396] -> 0x0031
[169] [M]: 0x80001394 (0x00310113) addi sp, sp, 3
x2 <- 0x00000003


mem[X,0x80001398] -> 0x006F
mem[X,0x8000139A] -> 0x0040
[170] [M]: 0x80001398 (0x0040006F) jal zero, 4


mem[X,0x8000139C] -> 0xA623
mem[X,0x8000139E] -> 0x0225
[171] [M]: 0x8000139C (0x0225A623) sw sp, 44(a1)
mem[0x8004B240] <- 0x00000003


mem[X,0x800013A0] -> 0x0713
mem[X,0x800013A2] -> 0x0110
[172] [M]: 0x800013A0 (0x01100713) addi a4, zero, 17
x14 <- 0x00000011


mem[X,0x800013A4] -> 0x0493
mem[X,0x800013A6] -> 0x0400
[173] [M]: 0x800013A4 (0x04000493) addi s1, zero, 64
x9 <- 0x00000040


mem[X,0x800013A8] -> 0x0113
mem[X,0x800013AA] -> 0x0000
[174] [M]: 0x800013A8 (0x00000113) addi sp, zero, 0
x2 <- 0x00000000


mem[X,0x800013AC] -> 0x006F
mem[X,0x800013AE] -> 0x00C0
[175] [M]: 0x800013AC (0x00C0006F) jal zero, 12


mem[X,0x800013B8] -> 0x6063
mem[X,0x800013BA] -> 0x0897
[176] [M]: 0x800013B8 (0x08976063) bltu a4, s1, 128


mem[X,0x80001438] -> 0x0113
mem[X,0x8000143A] -> 0x0031
[177] [M]: 0x80001438 (0x00310113) addi sp, sp, 3
x2 <- 0x00000003


mem[X,0x8000143C] -> 0x006F
mem[X,0x8000143E] -> 0x0040
[178] [M]: 0x8000143C (0x0040006F) jal zero, 4


mem[X,0x80001440] -> 0xA823
mem[X,0x80001442] -> 0x0225
[179] [M]: 0x80001440 (0x0225A823) sw sp, 48(a1)
mem[0x8004B244] <- 0x00000003


mem[X,0x80001444] -> 0x0337
mem[X,0x80001446] -> 0xC000
[180] [M]: 0x80001444 (0xC0000337) lui t1, 786432
x6 <- 0xC0000000


mem[X,0x80001448] -> 0x0313
mem[X,0x8000144A] -> 0xFFF3
[181] [M]: 0x80001448 (0xFFF30313) addi t1, t1, 4095
x6 <- 0xBFFFFFFF


mem[X,0x8000144C] -> 0x0E93
mem[X,0x8000144E] -> 0x0800
[182] [M]: 0x8000144C (0x08000E93) addi t4, zero, 128
x29 <- 0x00000080


mem[X,0x80001450] -> 0x0113
mem[X,0x80001452] -> 0x0000
[183] [M]: 0x80001450 (0x00000113) addi sp, zero, 0
x2 <- 0x00000000


mem[X,0x80001454] -> 0x006F
mem[X,0x80001456] -> 0x00C0
[184] [M]: 0x80001454 (0x00C0006F) jal zero, 12


mem[X,0x80001460] -> 0x6CE3
mem[X,0x80001462] -> 0xFFD3
[185] [M]: 0x80001460 (0xFFD36CE3) bltu t1, t4, 8184


mem[X,0x80001464] -> 0x0113
mem[X,0x80001466] -> 0x0021
[186] [M]: 0x80001464 (0x00210113) addi sp, sp, 2
x2 <- 0x00000002


mem[X,0x80001468] -> 0x006F
mem[X,0x8000146A] -> 0x00C0
[187] [M]: 0x80001468 (0x00C0006F) jal zero, 12


mem[X,0x80001474] -> 0xAA23
mem[X,0x80001476] -> 0x0225
[188] [M]: 0x80001474 (0x0225AA23) sw sp, 52(a1)
mem[0x8004B248] <- 0x00000002


mem[X,0x80001478] -> 0x0093
mem[X,0x8000147A] -> 0x0070
[189] [M]: 0x80001478 (0x00700093) addi ra, zero, 7
x1 <- 0x00000007


mem[X,0x8000147C] -> 0x0293
mem[X,0x8000147E] -> 0x1000
[190] [M]: 0x8000147C (0x10000293) addi t0, zero, 256
x5 <- 0x00000100


mem[X,0x80001480] -> 0x0113
mem[X,0x80001482] -> 0x0000
[191] [M]: 0x80001480 (0x00000113) addi sp, zero, 0
x2 <- 0x00000000


mem[X,0x80001484] -> 0x006F
mem[X,0x80001486] -> 0x00C0
[192] [M]: 0x80001484 (0x00C0006F) jal zero, 12


mem[X,0x80001490] -> 0xE063
mem[X,0x80001492] -> 0x0250
[193] [M]: 0x80001490 (0x0250E063) bltu ra, t0, 32


mem[X,0x800014B0] -> 0x0113
mem[X,0x800014B2] -> 0x0031
[194] [M]: 0x800014B0 (0x00310113) addi sp, sp, 3
x2 <- 0x00000003


mem[X,0x800014B4] -> 0x006F
mem[X,0x800014B6] -> 0x0040
[195] [M]: 0x800014B4 (0x0040006F) jal zero, 4


mem[X,0x800014B8] -> 0xAC23
mem[X,0x800014BA] -> 0x0225
[196] [M]: 0x800014B8 (0x0225AC23) sw sp, 56(a1)
mem[0x8004B24C] <- 0x00000003


mem[X,0x800014BC] -> 0x0F93
mem[X,0x800014BE] -> 0x00F0
[197] [M]: 0x800014BC (0x00F00F93) addi t6, zero, 15
x31 <- 0x0000000F


mem[X,0x800014C0] -> 0x0E13
mem[X,0x800014C2] -> 0x2000
[198] [M]: 0x800014C0 (0x20000E13) addi t3, zero, 512
x28 <- 0x00000200


mem[X,0x800014C4] -> 0x0113
mem[X,0x800014C6] -> 0x0000
[199] [M]: 0x800014C4 (0x00000113) addi sp, zero, 0
x2 <- 0x00000000


clint::tick mtime <- 0x0000000000000002
 clint timer pending at mtime 0x0000000000000002
htif::tick 0x0000000000000000
mem[X,0x800014C8] -> 0x006F
mem[X,0x800014CA] -> 0x00C0
[200] [M]: 0x800014C8 (0x00C0006F) jal zero, 12


mem[X,0x800014D4] -> 0xE063
mem[X,0x800014D6] -> 0x21CF
[201] [M]: 0x800014D4 (0x21CFE063) bltu t6, t3, 512


mem[X,0x800016D4] -> 0x0113
mem[X,0x800016D6] -> 0x0031
[202] [M]: 0x800016D4 (0x00310113) addi sp, sp, 3
x2 <- 0x00000003


mem[X,0x800016D8] -> 0x006F
mem[X,0x800016DA] -> 0x0040
[203] [M]: 0x800016D8 (0x0040006F) jal zero, 4


mem[X,0x800016DC] -> 0xAE23
mem[X,0x800016DE] -> 0x0225
[204] [M]: 0x800016DC (0x0225AE23) sw sp, 60(a1)
mem[0x8004B250] <- 0x00000003


mem[X,0x800016E0] -> 0x0937
mem[X,0x800016E2] -> 0x0400
[205] [M]: 0x800016E0 (0x04000937) lui s2, 16384
x18 <- 0x04000000


mem[X,0x800016E4] -> 0x0B13
mem[X,0x800016E6] -> 0x4000
[206] [M]: 0x800016E4 (0x40000B13) addi s6, zero, 1024
x22 <- 0x00000400


mem[X,0x800016E8] -> 0x0113
mem[X,0x800016EA] -> 0x0000
[207] [M]: 0x800016E8 (0x00000113) addi sp, zero, 0
x2 <- 0x00000000


mem[X,0x800016EC] -> 0x006F
mem[X,0x800016EE] -> 0x00C0
[208] [M]: 0x800016EC (0x00C0006F) jal zero, 12


mem[X,0x800016F8] -> 0x6663
mem[X,0x800016FA] -> 0x0169
[209] [M]: 0x800016F8 (0x01696663) bltu s2, s6, 12


mem[X,0x800016FC] -> 0x0113
mem[X,0x800016FE] -> 0x0021
[210] [M]: 0x800016FC (0x00210113) addi sp, sp, 2
x2 <- 0x00000002


mem[X,0x80001700] -> 0x006F
mem[X,0x80001702] -> 0x00C0
[211] [M]: 0x80001700 (0x00C0006F) jal zero, 12


mem[X,0x8000170C] -> 0xA023
mem[X,0x8000170E] -> 0x0425
[212] [M]: 0x8000170C (0x0425A023) sw sp, 64(a1)
mem[0x8004B254] <- 0x00000002


mem[X,0x80001710] -> 0x6537
mem[X,0x80001712] -> 0x6666
[213] [M]: 0x80001710 (0x66666537) lui a0, 419430
x10 <- 0x66666000


mem[X,0x80001714] -> 0x0513
mem[X,0x80001716] -> 0x6655
[214] [M]: 0x80001714 (0x66550513) addi a0, a0, 1637
x10 <- 0x66666665


mem[X,0x80001718] -> 0x1237
mem[X,0x8000171A] -> 0x0000
[215] [M]: 0x80001718 (0x00001237) lui tp, 1
x4 <- 0x00001000


mem[X,0x8000171C] -> 0x0213
mem[X,0x8000171E] -> 0x8002
[216] [M]: 0x8000171C (0x80020213) addi tp, tp, 2048
x4 <- 0x00000800


mem[X,0x80001720] -> 0x0113
mem[X,0x80001722] -> 0x0000
[217] [M]: 0x80001720 (0x00000113) addi sp, zero, 0
x2 <- 0x00000000


mem[X,0x80001724] -> 0x006F
mem[X,0x80001726] -> 0x0100
[218] [M]: 0x80001724 (0x0100006F) jal zero, 16


mem[X,0x80001734] -> 0x6AE3
mem[X,0x80001736] -> 0xFE45
[219] [M]: 0x80001734 (0xFE456AE3) bltu a0, tp, 8180


mem[X,0x80001738] -> 0x0113
mem[X,0x8000173A] -> 0x0021
[220] [M]: 0x80001738 (0x00210113) addi sp, sp, 2
x2 <- 0x00000002


mem[X,0x8000173C] -> 0x006F
mem[X,0x8000173E] -> 0x00C0
[221] [M]: 0x8000173C (0x00C0006F) jal zero, 12


mem[X,0x80001748] -> 0xA223
mem[X,0x8000174A] -> 0x0425
[222] [M]: 0x80001748 (0x0425A223) sw sp, 68(a1)
mem[0x8004B258] <- 0x00000002


mem[X,0x8000174C] -> 0x0237
mem[X,0x8000174E] -> 0xF000
[223] [M]: 0x8000174C (0xF0000237) lui tp, 983040
x4 <- 0xF0000000


mem[X,0x80001750] -> 0x0213
mem[X,0x80001752] -> 0xFFF2
[224] [M]: 0x80001750 (0xFFF20213) addi tp, tp, 4095
x4 <- 0xEFFFFFFF


mem[X,0x80001754] -> 0x1FB7
mem[X,0x80001756] -> 0x0000
[225] [M]: 0x80001754 (0x00001FB7) lui t6, 1
x31 <- 0x00001000


mem[X,0x80001758] -> 0x0113
mem[X,0x8000175A] -> 0x0000
[226] [M]: 0x80001758 (0x00000113) addi sp, zero, 0
x2 <- 0x00000000


mem[X,0x8000175C] -> 0x006F
mem[X,0x8000175E] -> 0x00C0
[227] [M]: 0x8000175C (0x00C0006F) jal zero, 12


mem[X,0x80001768] -> 0x6663
mem[X,0x8000176A] -> 0x01F2
[228] [M]: 0x80001768 (0x01F26663) bltu tp, t6, 12


mem[X,0x8000176C] -> 0x0113
mem[X,0x8000176E] -> 0x0021
[229] [M]: 0x8000176C (0x00210113) addi sp, sp, 2
x2 <- 0x00000002


mem[X,0x80001770] -> 0x006F
mem[X,0x80001772] -> 0x00C0
[230] [M]: 0x80001770 (0x00C0006F) jal zero, 12


mem[X,0x8000177C] -> 0xA423
mem[X,0x8000177E] -> 0x0425
[231] [M]: 0x8000177C (0x0425A423) sw sp, 72(a1)
mem[0x8004B25C] <- 0x00000002


mem[X,0x80001780] -> 0x0793
mem[X,0x80001782] -> 0xFEF0
[232] [M]: 0x80001780 (0xFEF00793) addi a5, zero, 4079
x15 <- 0xFFFFFFEF


mem[X,0x80001784] -> 0x2CB7
mem[X,0x80001786] -> 0x0000
[233] [M]: 0x80001784 (0x00002CB7) lui s9, 2
x25 <- 0x00002000


mem[X,0x80001788] -> 0x0113
mem[X,0x8000178A] -> 0x0000
[234] [M]: 0x80001788 (0x00000113) addi sp, zero, 0
x2 <- 0x00000000


mem[X,0x8000178C] -> 0x006F
mem[X,0x8000178E] -> 0x00C0
[235] [M]: 0x8000178C (0x00C0006F) jal zero, 12


mem[X,0x80001798] -> 0xE063
mem[X,0x8000179A] -> 0x0397
[236] [M]: 0x80001798 (0x0397E063) bltu a5, s9, 32


mem[X,0x8000179C] -> 0x0113
mem[X,0x8000179E] -> 0x0021
[237] [M]: 0x8000179C (0x00210113) addi sp, sp, 2
x2 <- 0x00000002


mem[X,0x800017A0] -> 0x006F
mem[X,0x800017A2] -> 0x0200
[238] [M]: 0x800017A0 (0x0200006F) jal zero, 32


mem[X,0x800017C0] -> 0xA623
mem[X,0x800017C2] -> 0x0425
[239] [M]: 0x800017C0 (0x0425A623) sw sp, 76(a1)
mem[0x8004B260] <- 0x00000002


mem[X,0x800017C4] -> 0x0293
mem[X,0x800017C6] -> 0x0000
[240] [M]: 0x800017C4 (0x00000293) addi t0, zero, 0
x5 <- 0x00000000


mem[X,0x800017C8] -> 0x4837
mem[X,0x800017CA] -> 0x0000
[241] [M]: 0x800017C8 (0x00004837) lui a6, 4
x16 <- 0x00004000


mem[X,0x800017CC] -> 0x0113
mem[X,0x800017CE] -> 0x0000
[242] [M]: 0x800017CC (0x00000113) addi sp, zero, 0
x2 <- 0x00000000


mem[X,0x800017D0] -> 0x006F
mem[X,0x800017D2] -> 0x00C0
[243] [M]: 0x800017D0 (0x00C0006F) jal zero, 12


mem[X,0x800017DC] -> 0xE863
mem[X,0x800017DE] -> 0x0102
[244] [M]: 0x800017DC (0x0102E863) bltu t0, a6, 16


mem[X,0x800017EC] -> 0x0113
mem[X,0x800017EE] -> 0x0031
[245] [M]: 0x800017EC (0x00310113) addi sp, sp, 3
x2 <- 0x00000003


mem[X,0x800017F0] -> 0x006F
mem[X,0x800017F2] -> 0x0040
[246] [M]: 0x800017F0 (0x0040006F) jal zero, 4


mem[X,0x800017F4] -> 0xA823
mem[X,0x800017F6] -> 0x0425
[247] [M]: 0x800017F4 (0x0425A823) sw sp, 80(a1)
mem[0x8004B264] <- 0x00000003


mem[X,0x800017F8] -> 0x0613
mem[X,0x800017FA] -> 0x0000
[248] [M]: 0x800017F8 (0x00000613) addi a2, zero, 0
x12 <- 0x00000000


mem[X,0x800017FC] -> 0x0D37
mem[X,0x800017FE] -> 0x0001
[249] [M]: 0x800017FC (0x00010D37) lui s10, 16
x26 <- 0x00010000


mem[X,0x80001800] -> 0x0113
mem[X,0x80001802] -> 0x0000
[250] [M]: 0x80001800 (0x00000113) addi sp, zero, 0
x2 <- 0x00000000


mem[X,0x80001804] -> 0x006F
mem[X,0x80001806] -> 0x00C0
[251] [M]: 0x80001804 (0x00C0006F) jal zero, 12


mem[X,0x80001810] -> 0x6663
mem[X,0x80001812] -> 0x01A6
[252] [M]: 0x80001810 (0x01A66663) bltu a2, s10, 12


mem[X,0x8000181C] -> 0x0113
mem[X,0x8000181E] -> 0x0031
[253] [M]: 0x8000181C (0x00310113) addi sp, sp, 3
x2 <- 0x00000003


mem[X,0x80001820] -> 0x006F
mem[X,0x80001822] -> 0x0040
[254] [M]: 0x80001820 (0x0040006F) jal zero, 4


mem[X,0x80001824] -> 0xAA23
mem[X,0x80001826] -> 0x0425
[255] [M]: 0x80001824 (0x0425AA23) sw sp, 84(a1)
mem[0x8004B268] <- 0x00000003


mem[X,0x80001828] -> 0x0B13
mem[X,0x8000182A] -> 0x0200
[256] [M]: 0x80001828 (0x02000B13) addi s6, zero, 32
x22 <- 0x00000020


mem[X,0x8000182C] -> 0x0C37
mem[X,0x8000182E] -> 0x0002
[257] [M]: 0x8000182C (0x00020C37) lui s8, 32
x24 <- 0x00020000


mem[X,0x80001830] -> 0x0113
mem[X,0x80001832] -> 0x0000
[258] [M]: 0x80001830 (0x00000113) addi sp, zero, 0
x2 <- 0x00000000


mem[X,0x80001834] -> 0x006F
mem[X,0x80001836] -> 0x0100
[259] [M]: 0x80001834 (0x0100006F) jal zero, 16


mem[X,0x80001844] -> 0x6AE3
mem[X,0x80001846] -> 0xFF8B
[260] [M]: 0x80001844 (0xFF8B6AE3) bltu s6, s8, 8180


mem[X,0x80001838] -> 0x0113
mem[X,0x8000183A] -> 0x0011
[261] [M]: 0x80001838 (0x00110113) addi sp, sp, 1
x2 <- 0x00000001


mem[X,0x8000183C] -> 0x006F
mem[X,0x8000183E] -> 0x01C0
[262] [M]: 0x8000183C (0x01C0006F) jal zero, 28


mem[X,0x80001858] -> 0xAC23
mem[X,0x8000185A] -> 0x0425
[263] [M]: 0x80001858 (0x0425AC23) sw sp, 88(a1)
mem[0x8004B26C] <- 0x00000001


mem[X,0x8000185C] -> 0x0113
mem[X,0x8000185E] -> 0x0070
[264] [M]: 0x8000185C (0x00700113) addi sp, zero, 7
x2 <- 0x00000007


mem[X,0x80001860] -> 0x0DB7
mem[X,0x80001862] -> 0x0004
[265] [M]: 0x80001860 (0x00040DB7) lui s11, 64
x27 <- 0x00040000


mem[X,0x80001864] -> 0x0213
mem[X,0x80001866] -> 0x0000
[266] [M]: 0x80001864 (0x00000213) addi tp, zero, 0
x4 <- 0x00000000


mem[X,0x80001868] -> 0x006F
mem[X,0x8000186A] -> 0x00C0
[267] [M]: 0x80001868 (0x00C0006F) jal zero, 12


mem[X,0x80001874] -> 0x6CE3
mem[X,0x80001876] -> 0xFFB1
[268] [M]: 0x80001874 (0xFFB16CE3) bltu sp, s11, 8184


mem[X,0x8000186C] -> 0x0213
mem[X,0x8000186E] -> 0x0012
[269] [M]: 0x8000186C (0x00120213) addi tp, tp, 1
x4 <- 0x00000001


mem[X,0x80001870] -> 0x006F
mem[X,0x80001872] -> 0x0180
[270] [M]: 0x80001870 (0x0180006F) jal zero, 24


mem[X,0x80001888] -> 0xAE23
mem[X,0x8000188A] -> 0x0445
[271] [M]: 0x80001888 (0x0445AE23) sw tp, 92(a1)
mem[0x8004B270] <- 0x00000001


mem[X,0x8000188C] -> 0xA097
mem[X,0x8000188E] -> 0x0004
[272] [M]: 0x8000188C (0x0004A097) auipc ra, 74
x1 <- 0x8004B88C


mem[X,0x80001890] -> 0x8093
mem[X,0x80001892] -> 0x9E80
[273] [M]: 0x80001890 (0x9E808093) addi ra, ra, 2536
x1 <- 0x8004B274


mem[X,0x80001894] -> 0x0D93
mem[X,0x80001896] -> 0x00E0
[274] [M]: 0x80001894 (0x00E00D93) addi s11, zero, 14
x27 <- 0x0000000E


mem[X,0x80001898] -> 0x07B7
mem[X,0x8000189A] -> 0x0008
[275] [M]: 0x80001898 (0x000807B7) lui a5, 128
x15 <- 0x00080000


mem[X,0x8000189C] -> 0x0213
mem[X,0x8000189E] -> 0x0000
[276] [M]: 0x8000189C (0x00000213) addi tp, zero, 0
x4 <- 0x00000000


mem[X,0x800018A0] -> 0x006F
mem[X,0x800018A2] -> 0x00C0
[277] [M]: 0x800018A0 (0x00C0006F) jal zero, 12


mem[X,0x800018AC] -> 0xECE3
mem[X,0x800018AE] -> 0xFEFD
[278] [M]: 0x800018AC (0xFEFDECE3) bltu s11, a5, 8184


mem[X,0x800018A4] -> 0x0213
mem[X,0x800018A6] -> 0x0012
[279] [M]: 0x800018A4 (0x00120213) addi tp, tp, 1
x4 <- 0x00000001


mem[X,0x800018A8] -> 0x006F
mem[X,0x800018AA] -> 0x0180
[280] [M]: 0x800018A8 (0x0180006F) jal zero, 24


mem[X,0x800018C0] -> 0xA023
mem[X,0x800018C2] -> 0x0040
[281] [M]: 0x800018C0 (0x0040A023) sw tp, 0(ra)
mem[0x8004B274] <- 0x00000001


mem[X,0x800018C4] -> 0x05B7
mem[X,0x800018C6] -> 0x0080
[282] [M]: 0x800018C4 (0x008005B7) lui a1, 2048
x11 <- 0x00800000


mem[X,0x800018C8] -> 0x0537
mem[X,0x800018CA] -> 0x0010
[283] [M]: 0x800018C8 (0x00100537) lui a0, 256
x10 <- 0x00100000


mem[X,0x800018CC] -> 0x0213
mem[X,0x800018CE] -> 0x0000
[284] [M]: 0x800018CC (0x00000213) addi tp, zero, 0
x4 <- 0x00000000


mem[X,0x800018D0] -> 0x006F
mem[X,0x800018D2] -> 0x00C0
[285] [M]: 0x800018D0 (0x00C0006F) jal zero, 12


mem[X,0x800018DC] -> 0xECE3
mem[X,0x800018DE] -> 0xFEA5
[286] [M]: 0x800018DC (0xFEA5ECE3) bltu a1, a0, 8184


mem[X,0x800018E0] -> 0x0213
mem[X,0x800018E2] -> 0x0022
[287] [M]: 0x800018E0 (0x00220213) addi tp, tp, 2
x4 <- 0x00000002


mem[X,0x800018E4] -> 0x006F
mem[X,0x800018E6] -> 0x00C0
[288] [M]: 0x800018E4 (0x00C0006F) jal zero, 12


mem[X,0x800018F0] -> 0xA223
mem[X,0x800018F2] -> 0x0040
[289] [M]: 0x800018F0 (0x0040A223) sw tp, 4(ra)
mem[0x8004B278] <- 0x00000002


mem[X,0x800018F4] -> 0x0B93
mem[X,0x800018F6] -> 0x0400
[290] [M]: 0x800018F4 (0x04000B93) addi s7, zero, 64
x23 <- 0x00000040


mem[X,0x800018F8] -> 0x0137
mem[X,0x800018FA] -> 0x0020
[291] [M]: 0x800018F8 (0x00200137) lui sp, 512
x2 <- 0x00200000


mem[X,0x800018FC] -> 0x0213
mem[X,0x800018FE] -> 0x0000
[292] [M]: 0x800018FC (0x00000213) addi tp, zero, 0
x4 <- 0x00000000


mem[X,0x80001900] -> 0x006F
mem[X,0x80001902] -> 0x00C0
[293] [M]: 0x80001900 (0x00C0006F) jal zero, 12


mem[X,0x8000190C] -> 0xE063
mem[X,0x8000190E] -> 0x202B
[294] [M]: 0x8000190C (0x202BE063) bltu s7, sp, 512


mem[X,0x80001B0C] -> 0x0213
mem[X,0x80001B0E] -> 0x0032
[295] [M]: 0x80001B0C (0x00320213) addi tp, tp, 3
x4 <- 0x00000003


mem[X,0x80001B10] -> 0x006F
mem[X,0x80001B12] -> 0x0040
[296] [M]: 0x80001B10 (0x0040006F) jal zero, 4


mem[X,0x80001B14] -> 0xA423
mem[X,0x80001B16] -> 0x0040
[297] [M]: 0x80001B14 (0x0040A423) sw tp, 8(ra)
mem[0x8004B27C] <- 0x00000003


mem[X,0x80001B18] -> 0x0993
mem[X,0x80001B1A] -> 0x1000
[298] [M]: 0x80001B18 (0x10000993) addi s3, zero, 256
x19 <- 0x00000100


mem[X,0x80001B1C] -> 0x0637
mem[X,0x80001B1E] -> 0x0040
[299] [M]: 0x80001B1C (0x00400637) lui a2, 1024
x12 <- 0x00400000


clint::tick mtime <- 0x0000000000000003
 clint timer pending at mtime 0x0000000000000003
htif::tick 0x0000000000000000
mem[X,0x80001B20] -> 0x0213
mem[X,0x80001B22] -> 0x0000
[300] [M]: 0x80001B20 (0x00000213) addi tp, zero, 0
x4 <- 0x00000000


mem[X,0x80001B24] -> 0x006F
mem[X,0x80001B26] -> 0x00C0
[301] [M]: 0x80001B24 (0x00C0006F) jal zero, 12


mem[X,0x80001B30] -> 0xE063
mem[X,0x80001B32] -> 0x40C9
[302] [M]: 0x80001B30 (0x40C9E063) bltu s3, a2, 1024


mem[X,0x80001F30] -> 0x0213
mem[X,0x80001F32] -> 0x0032
[303] [M]: 0x80001F30 (0x00320213) addi tp, tp, 3
x4 <- 0x00000003


mem[X,0x80001F34] -> 0x006F
mem[X,0x80001F36] -> 0x0040
[304] [M]: 0x80001F34 (0x0040006F) jal zero, 4


mem[X,0x80001F38] -> 0xA623
mem[X,0x80001F3A] -> 0x0040
[305] [M]: 0x80001F38 (0x0040A623) sw tp, 12(ra)
mem[0x8004B280] <- 0x00000003


mem[X,0x80001F3C] -> 0x0C13
mem[X,0x80001F3E] -> 0xFFD0
[306] [M]: 0x80001F3C (0xFFD00C13) addi s8, zero, 4093
x24 <- 0xFFFFFFFD


mem[X,0x80001F40] -> 0x05B7
mem[X,0x80001F42] -> 0x0080
[307] [M]: 0x80001F40 (0x008005B7) lui a1, 2048
x11 <- 0x00800000


mem[X,0x80001F44] -> 0x0213
mem[X,0x80001F46] -> 0x0000
[308] [M]: 0x80001F44 (0x00000213) addi tp, zero, 0
x4 <- 0x00000000


mem[X,0x80001F48] -> 0x006F
mem[X,0x80001F4A] -> 0x00C0
[309] [M]: 0x80001F48 (0x00C0006F) jal zero, 12


mem[X,0x80001F54] -> 0x6CE3
mem[X,0x80001F56] -> 0xFEBC
[310] [M]: 0x80001F54 (0xFEBC6CE3) bltu s8, a1, 8184


mem[X,0x80001F58] -> 0x0213
mem[X,0x80001F5A] -> 0x0022
[311] [M]: 0x80001F58 (0x00220213) addi tp, tp, 2
x4 <- 0x00000002


mem[X,0x80001F5C] -> 0x006F
mem[X,0x80001F5E] -> 0x00C0
[312] [M]: 0x80001F5C (0x00C0006F) jal zero, 12


mem[X,0x80001F68] -> 0xA823
mem[X,0x80001F6A] -> 0x0040
[313] [M]: 0x80001F68 (0x0040A823) sw tp, 16(ra)
mem[0x8004B284] <- 0x00000002


mem[X,0x80001F6C] -> 0x01B7
mem[X,0x80001F6E] -> 0x4000
[314] [M]: 0x80001F6C (0x400001B7) lui gp, 262144
x3 <- 0x40000000


mem[X,0x80001F70] -> 0x0737
mem[X,0x80001F72] -> 0x0100
[315] [M]: 0x80001F70 (0x01000737) lui a4, 4096
x14 <- 0x01000000


mem[X,0x80001F74] -> 0x0213
mem[X,0x80001F76] -> 0x0000
[316] [M]: 0x80001F74 (0x00000213) addi tp, zero, 0
x4 <- 0x00000000


mem[X,0x80001F78] -> 0x006F
mem[X,0x80001F7A] -> 0x00C0
[317] [M]: 0x80001F78 (0x00C0006F) jal zero, 12


mem[X,0x80001F84] -> 0xECE3
mem[X,0x80001F86] -> 0xFEE1
[318] [M]: 0x80001F84 (0xFEE1ECE3) bltu gp, a4, 8184


mem[X,0x80001F88] -> 0x0213
mem[X,0x80001F8A] -> 0x0022
[319] [M]: 0x80001F88 (0x00220213) addi tp, tp, 2
x4 <- 0x00000002


mem[X,0x80001F8C] -> 0x006F
mem[X,0x80001F8E] -> 0x00C0
[320] [M]: 0x80001F8C (0x00C0006F) jal zero, 12


mem[X,0x80001F98] -> 0xAA23
mem[X,0x80001F9A] -> 0x0040
[321] [M]: 0x80001F98 (0x0040AA23) sw tp, 20(ra)
mem[0x8004B288] <- 0x00000002


mem[X,0x80001F9C] -> 0x0E37
mem[X,0x80001F9E] -> 0xFFE0
[322] [M]: 0x80001F9C (0xFFE00E37) lui t3, 1048064
x28 <- 0xFFE00000


mem[X,0x80001FA0] -> 0x0E13
mem[X,0x80001FA2] -> 0xFFFE
[323] [M]: 0x80001FA0 (0xFFFE0E13) addi t3, t3, 4095
x28 <- 0xFFDFFFFF


mem[X,0x80001FA4] -> 0x0337
mem[X,0x80001FA6] -> 0x0200
[324] [M]: 0x80001FA4 (0x02000337) lui t1, 8192
x6 <- 0x02000000


mem[X,0x80001FA8] -> 0x0213
mem[X,0x80001FAA] -> 0x0000
[325] [M]: 0x80001FA8 (0x00000213) addi tp, zero, 0
x4 <- 0x00000000


mem[X,0x80001FAC] -> 0x006F
mem[X,0x80001FAE] -> 0x00C0
[326] [M]: 0x80001FAC (0x00C0006F) jal zero, 12


mem[X,0x80001FB8] -> 0x6CE3
mem[X,0x80001FBA] -> 0xFE6E
[327] [M]: 0x80001FB8 (0xFE6E6CE3) bltu t3, t1, 8184


mem[X,0x80001FBC] -> 0x0213
mem[X,0x80001FBE] -> 0x0022
[328] [M]: 0x80001FBC (0x00220213) addi tp, tp, 2
x4 <- 0x00000002


mem[X,0x80001FC0] -> 0x006F
mem[X,0x80001FC2] -> 0x00C0
[329] [M]: 0x80001FC0 (0x00C0006F) jal zero, 12


mem[X,0x80001FCC] -> 0xAC23
mem[X,0x80001FCE] -> 0x0040
[330] [M]: 0x80001FCC (0x0040AC23) sw tp, 24(ra)
mem[0x8004B28C] <- 0x00000002


mem[X,0x80001FD0] -> 0x66B7
mem[X,0x80001FD2] -> 0x6666
[331] [M]: 0x80001FD0 (0x666666B7) lui a3, 419430
x13 <- 0x66666000


mem[X,0x80001FD4] -> 0x8693
mem[X,0x80001FD6] -> 0x6656
[332] [M]: 0x80001FD4 (0x66568693) addi a3, a3, 1637
x13 <- 0x66666665


mem[X,0x80001FD8] -> 0x0BB7
mem[X,0x80001FDA] -> 0x0400
[333] [M]: 0x80001FD8 (0x04000BB7) lui s7, 16384
x23 <- 0x04000000


mem[X,0x80001FDC] -> 0x0213
mem[X,0x80001FDE] -> 0x0000
[334] [M]: 0x80001FDC (0x00000213) addi tp, zero, 0
x4 <- 0x00000000


mem[X,0x80001FE0] -> 0x006F
mem[X,0x80001FE2] -> 0x00C0
[335] [M]: 0x80001FE0 (0x00C0006F) jal zero, 12


mem[X,0x80001FEC] -> 0xE063
mem[X,0x80001FEE] -> 0x4176
[336] [M]: 0x80001FEC (0x4176E063) bltu a3, s7, 1024


mem[X,0x80001FF0] -> 0x0213
mem[X,0x80001FF2] -> 0x0022
[337] [M]: 0x80001FF0 (0x00220213) addi tp, tp, 2
x4 <- 0x00000002


mem[X,0x80001FF4] -> 0x006F
mem[X,0x80001FF6] -> 0x4000
[338] [M]: 0x80001FF4 (0x4000006F) jal zero, 1024


mem[X,0x800023F4] -> 0xAE23
mem[X,0x800023F6] -> 0x0040
[339] [M]: 0x800023F4 (0x0040AE23) sw tp, 28(ra)
mem[0x8004B290] <- 0x00000002


mem[X,0x800023F8] -> 0x0537
mem[X,0x800023FA] -> 0xC000
[340] [M]: 0x800023F8 (0xC0000537) lui a0, 786432
x10 <- 0xC0000000


mem[X,0x800023FC] -> 0x0513
mem[X,0x800023FE] -> 0xFFF5
[341] [M]: 0x800023FC (0xFFF50513) addi a0, a0, 4095
x10 <- 0xBFFFFFFF


mem[X,0x80002400] -> 0x05B7
mem[X,0x80002402] -> 0x0800
[342] [M]: 0x80002400 (0x080005B7) lui a1, 32768
x11 <- 0x08000000


mem[X,0x80002404] -> 0x0213
mem[X,0x80002406] -> 0x0000
[343] [M]: 0x80002404 (0x00000213) addi tp, zero, 0
x4 <- 0x00000000


mem[X,0x80002408] -> 0x006F
mem[X,0x8000240A] -> 0x00C0
[344] [M]: 0x80002408 (0x00C0006F) jal zero, 12


mem[X,0x80002414] -> 0x6063
mem[X,0x80002416] -> 0x10B5
[345] [M]: 0x80002414 (0x10B56063) bltu a0, a1, 256


mem[X,0x80002418] -> 0x0213
mem[X,0x8000241A] -> 0x0022
[346] [M]: 0x80002418 (0x00220213) addi tp, tp, 2
x4 <- 0x00000002


mem[X,0x8000241C] -> 0x006F
mem[X,0x8000241E] -> 0x1000
[347] [M]: 0x8000241C (0x1000006F) jal zero, 256


mem[X,0x8000251C] -> 0xA023
mem[X,0x8000251E] -> 0x0240
[348] [M]: 0x8000251C (0x0240A023) sw tp, 32(ra)
mem[0x8004B294] <- 0x00000002


mem[X,0x80002520] -> 0x0537
mem[X,0x80002522] -> 0xF000
[349] [M]: 0x80002520 (0xF0000537) lui a0, 983040
x10 <- 0xF0000000


mem[X,0x80002524] -> 0x0513
mem[X,0x80002526] -> 0xFFF5
[350] [M]: 0x80002524 (0xFFF50513) addi a0, a0, 4095
x10 <- 0xEFFFFFFF


mem[X,0x80002528] -> 0x05B7
mem[X,0x8000252A] -> 0x1000
[351] [M]: 0x80002528 (0x100005B7) lui a1, 65536
x11 <- 0x10000000


mem[X,0x8000252C] -> 0x0213
mem[X,0x8000252E] -> 0x0000
[352] [M]: 0x8000252C (0x00000213) addi tp, zero, 0
x4 <- 0x00000000


mem[X,0x80002530] -> 0x006F
mem[X,0x80002532] -> 0x0050
[353] [M]: 0x80002530 (0x0050006F) jal zero, 2052


mem[X,0x80002D34] -> 0x60E3
mem[X,0x80002D36] -> 0x80B5
[354] [M]: 0x80002D34 (0x80B560E3) bltu a0, a1, 6144


mem[X,0x80002D38] -> 0x0213
mem[X,0x80002D3A] -> 0x0022
[355] [M]: 0x80002D38 (0x00220213) addi tp, tp, 2
x4 <- 0x00000002


mem[X,0x80002D3C] -> 0x006F
mem[X,0x80002D3E] -> 0x00C0
[356] [M]: 0x80002D3C (0x00C0006F) jal zero, 12


mem[X,0x80002D48] -> 0xA223
mem[X,0x80002D4A] -> 0x0240
[357] [M]: 0x80002D48 (0x0240A223) sw tp, 36(ra)
mem[0x8004B298] <- 0x00000002


mem[X,0x80002D4C] -> 0x4537
mem[X,0x80002D4E] -> 0x0000
[358] [M]: 0x80002D4C (0x00004537) lui a0, 4
x10 <- 0x00004000


mem[X,0x80002D50] -> 0x05B7
mem[X,0x80002D52] -> 0x2000
[359] [M]: 0x80002D50 (0x200005B7) lui a1, 131072
x11 <- 0x20000000


mem[X,0x80002D54] -> 0x0213
mem[X,0x80002D56] -> 0x0000
[360] [M]: 0x80002D54 (0x00000213) addi tp, zero, 0
x4 <- 0x00000000


mem[X,0x80002D58] -> 0x006F
mem[X,0x80002D5A] -> 0x00C0
[361] [M]: 0x80002D58 (0x00C0006F) jal zero, 12


mem[X,0x80002D64] -> 0x6CE3
mem[X,0x80002D66] -> 0xFEB5
[362] [M]: 0x80002D64 (0xFEB56CE3) bltu a0, a1, 8184


mem[X,0x80002D5C] -> 0x0213
mem[X,0x80002D5E] -> 0x0012
[363] [M]: 0x80002D5C (0x00120213) addi tp, tp, 1
x4 <- 0x00000001


mem[X,0x80002D60] -> 0x006F
mem[X,0x80002D62] -> 0x0180
[364] [M]: 0x80002D60 (0x0180006F) jal zero, 24


mem[X,0x80002D78] -> 0xA423
mem[X,0x80002D7A] -> 0x0240
[365] [M]: 0x80002D78 (0x0240A423) sw tp, 40(ra)
mem[0x8004B29C] <- 0x00000001


mem[X,0x80002D7C] -> 0x0537
mem[X,0x80002D7E] -> 0xFFFF
[366] [M]: 0x80002D7C (0xFFFF0537) lui a0, 1048560
x10 <- 0xFFFF0000


mem[X,0x80002D80] -> 0x0513
mem[X,0x80002D82] -> 0xFFF5
[367] [M]: 0x80002D80 (0xFFF50513) addi a0, a0, 4095
x10 <- 0xFFFEFFFF


mem[X,0x80002D84] -> 0x05B7
mem[X,0x80002D86] -> 0x4000
[368] [M]: 0x80002D84 (0x400005B7) lui a1, 262144
x11 <- 0x40000000


mem[X,0x80002D88] -> 0x0213
mem[X,0x80002D8A] -> 0x0000
[369] [M]: 0x80002D88 (0x00000213) addi tp, zero, 0
x4 <- 0x00000000


mem[X,0x80002D8C] -> 0x006F
mem[X,0x80002D8E] -> 0x00C0
[370] [M]: 0x80002D8C (0x00C0006F) jal zero, 12


mem[X,0x80002D98] -> 0x6663
mem[X,0x80002D9A] -> 0x00B5
[371] [M]: 0x80002D98 (0x00B56663) bltu a0, a1, 12


mem[X,0x80002D9C] -> 0x0213
mem[X,0x80002D9E] -> 0x0022
[372] [M]: 0x80002D9C (0x00220213) addi tp, tp, 2
x4 <- 0x00000002


mem[X,0x80002DA0] -> 0x006F
mem[X,0x80002DA2] -> 0x00C0
[373] [M]: 0x80002DA0 (0x00C0006F) jal zero, 12


mem[X,0x80002DAC] -> 0xA623
mem[X,0x80002DAE] -> 0x0240
[374] [M]: 0x80002DAC (0x0240A623) sw tp, 44(ra)
mem[0x8004B2A0] <- 0x00000002


mem[X,0x80002DB0] -> 0x0537
mem[X,0x80002DB2] -> 0xFFFE
[375] [M]: 0x80002DB0 (0xFFFE0537) lui a0, 1048544
x10 <- 0xFFFE0000


mem[X,0x80002DB4] -> 0x0513
mem[X,0x80002DB6] -> 0xFFF5
[376] [M]: 0x80002DB4 (0xFFF50513) addi a0, a0, 4095
x10 <- 0xFFFDFFFF


mem[X,0x80002DB8] -> 0x05B7
mem[X,0x80002DBA] -> 0x8000
[377] [M]: 0x80002DB8 (0x800005B7) lui a1, 524288
x11 <- 0x80000000


mem[X,0x80002DBC] -> 0x0213
mem[X,0x80002DBE] -> 0x0000
[378] [M]: 0x80002DBC (0x00000213) addi tp, zero, 0
x4 <- 0x00000000


mem[X,0x80002DC0] -> 0x006F
mem[X,0x80002DC2] -> 0x00C0
[379] [M]: 0x80002DC0 (0x00C0006F) jal zero, 12


mem[X,0x80002DCC] -> 0x6CE3
mem[X,0x80002DCE] -> 0xFEB5
[380] [M]: 0x80002DCC (0xFEB56CE3) bltu a0, a1, 8184


mem[X,0x80002DD0] -> 0x0213
mem[X,0x80002DD2] -> 0x0022
[381] [M]: 0x80002DD0 (0x00220213) addi tp, tp, 2
x4 <- 0x00000002


mem[X,0x80002DD4] -> 0x006F
mem[X,0x80002DD6] -> 0x00C0
[382] [M]: 0x80002DD4 (0x00C0006F) jal zero, 12


mem[X,0x80002DE0] -> 0xA823
mem[X,0x80002DE2] -> 0x0240
[383] [M]: 0x80002DE0 (0x0240A823) sw tp, 48(ra)
mem[0x8004B2A4] <- 0x00000002


mem[X,0x80002DE4] -> 0x0537
mem[X,0x80002DE6] -> 0x0001
[384] [M]: 0x80002DE4 (0x00010537) lui a0, 16
x10 <- 0x00010000


mem[X,0x80002DE8] -> 0x0593
mem[X,0x80002DEA] -> 0xFFE0
[385] [M]: 0x80002DE8 (0xFFE00593) addi a1, zero, 4094
x11 <- 0xFFFFFFFE


mem[X,0x80002DEC] -> 0x0213
mem[X,0x80002DEE] -> 0x0000
[386] [M]: 0x80002DEC (0x00000213) addi tp, zero, 0
x4 <- 0x00000000


mem[X,0x80002DF0] -> 0x006F
mem[X,0x80002DF2] -> 0x00C0
[387] [M]: 0x80002DF0 (0x00C0006F) jal zero, 12


mem[X,0x80002DFC] -> 0x6063
mem[X,0x80002DFE] -> 0x20B5
[388] [M]: 0x80002DFC (0x20B56063) bltu a0, a1, 512


mem[X,0x80002FFC] -> 0x0213
mem[X,0x80002FFE] -> 0x0032
[389] [M]: 0x80002FFC (0x00320213) addi tp, tp, 3
x4 <- 0x00000003


mem[X,0x80003000] -> 0x006F
mem[X,0x80003002] -> 0x0040
[390] [M]: 0x80003000 (0x0040006F) jal zero, 4


mem[X,0x80003004] -> 0xAA23
mem[X,0x80003006] -> 0x0240
[391] [M]: 0x80003004 (0x0240AA23) sw tp, 52(ra)
mem[0x8004B2A8] <- 0x00000003


mem[X,0x80003008] -> 0x0513
mem[X,0x8000300A] -> 0x00C0
[392] [M]: 0x80003008 (0x00C00513) addi a0, zero, 12
x10 <- 0x0000000C


mem[X,0x8000300C] -> 0x0593
mem[X,0x8000300E] -> 0xFFD0
[393] [M]: 0x8000300C (0xFFD00593) addi a1, zero, 4093
x11 <- 0xFFFFFFFD


mem[X,0x80003010] -> 0x0213
mem[X,0x80003012] -> 0x0000
[394] [M]: 0x80003010 (0x00000213) addi tp, zero, 0
x4 <- 0x00000000


mem[X,0x80003014] -> 0x006F
mem[X,0x80003016] -> 0x0100
[395] [M]: 0x80003014 (0x0100006F) jal zero, 16


mem[X,0x80003024] -> 0x6AE3
mem[X,0x80003026] -> 0xFEB5
[396] [M]: 0x80003024 (0xFEB56AE3) bltu a0, a1, 8180


mem[X,0x80003018] -> 0x0213
mem[X,0x8000301A] -> 0x0012
[397] [M]: 0x80003018 (0x00120213) addi tp, tp, 1
x4 <- 0x00000001


mem[X,0x8000301C] -> 0x006F
mem[X,0x8000301E] -> 0x01C0
[398] [M]: 0x8000301C (0x01C0006F) jal zero, 28


mem[X,0x80003038] -> 0xAC23
mem[X,0x8000303A] -> 0x0240
[399] [M]: 0x80003038 (0x0240AC23) sw tp, 56(ra)
mem[0x8004B2AC] <- 0x00000001


clint::tick mtime <- 0x0000000000000004
 clint timer pending at mtime 0x0000000000000004
htif::tick 0x0000000000000000
mem[X,0x8000303C] -> 0x0513
mem[X,0x8000303E] -> 0x0040
[400] [M]: 0x8000303C (0x00400513) addi a0, zero, 4
x10 <- 0x00000004


mem[X,0x80003040] -> 0x0593
mem[X,0x80003042] -> 0xFFB0
[401] [M]: 0x80003040 (0xFFB00593) addi a1, zero, 4091
x11 <- 0xFFFFFFFB


mem[X,0x80003044] -> 0x0213
mem[X,0x80003046] -> 0x0000
[402] [M]: 0x80003044 (0x00000213) addi tp, zero, 0
x4 <- 0x00000000


mem[X,0x80003048] -> 0x006F
mem[X,0x8000304A] -> 0x00C0
[403] [M]: 0x80003048 (0x00C0006F) jal zero, 12


mem[X,0x80003054] -> 0x6063
mem[X,0x80003056] -> 0x10B5
[404] [M]: 0x80003054 (0x10B56063) bltu a0, a1, 256


mem[X,0x80003154] -> 0x0213
mem[X,0x80003156] -> 0x0032
[405] [M]: 0x80003154 (0x00320213) addi tp, tp, 3
x4 <- 0x00000003


mem[X,0x80003158] -> 0x006F
mem[X,0x8000315A] -> 0x0040
[406] [M]: 0x80003158 (0x0040006F) jal zero, 4


mem[X,0x8000315C] -> 0xAE23
mem[X,0x8000315E] -> 0x0240
[407] [M]: 0x8000315C (0x0240AE23) sw tp, 60(ra)
mem[0x8004B2B0] <- 0x00000003


mem[X,0x80003160] -> 0xB537
mem[X,0x80003162] -> 0xAAAA
[408] [M]: 0x80003160 (0xAAAAB537) lui a0, 699051
x10 <- 0xAAAAB000


mem[X,0x80003164] -> 0x0513
mem[X,0x80003166] -> 0xAAA5
[409] [M]: 0x80003164 (0xAAA50513) addi a0, a0, 2730
x10 <- 0xAAAAAAAA


mem[X,0x80003168] -> 0x0593
mem[X,0x8000316A] -> 0xFF70
[410] [M]: 0x80003168 (0xFF700593) addi a1, zero, 4087
x11 <- 0xFFFFFFF7


mem[X,0x8000316C] -> 0x0213
mem[X,0x8000316E] -> 0x0000
[411] [M]: 0x8000316C (0x00000213) addi tp, zero, 0
x4 <- 0x00000000


mem[X,0x80003170] -> 0x006F
mem[X,0x80003172] -> 0x0180
[412] [M]: 0x80003170 (0x0180006F) jal zero, 24


mem[X,0x80003188] -> 0x66E3
mem[X,0x8000318A] -> 0xFEB5
[413] [M]: 0x80003188 (0xFEB566E3) bltu a0, a1, 8172


mem[X,0x80003174] -> 0x0213
mem[X,0x80003176] -> 0x0012
[414] [M]: 0x80003174 (0x00120213) addi tp, tp, 1
x4 <- 0x00000001


mem[X,0x80003178] -> 0x006F
mem[X,0x8000317A] -> 0x0240
[415] [M]: 0x80003178 (0x0240006F) jal zero, 36


mem[X,0x8000319C] -> 0xA023
mem[X,0x8000319E] -> 0x0440
[416] [M]: 0x8000319C (0x0440A023) sw tp, 64(ra)
mem[0x8004B2B4] <- 0x00000001


mem[X,0x800031A0] -> 0xB537
mem[X,0x800031A2] -> 0xAAAA
[417] [M]: 0x800031A0 (0xAAAAB537) lui a0, 699051
x10 <- 0xAAAAB000


mem[X,0x800031A4] -> 0x0513
mem[X,0x800031A6] -> 0xAAB5
[418] [M]: 0x800031A4 (0xAAB50513) addi a0, a0, 2731
x10 <- 0xAAAAAAAB


mem[X,0x800031A8] -> 0x0593
mem[X,0x800031AA] -> 0xFEF0
[419] [M]: 0x800031A8 (0xFEF00593) addi a1, zero, 4079
x11 <- 0xFFFFFFEF


mem[X,0x800031AC] -> 0x0213
mem[X,0x800031AE] -> 0x0000
[420] [M]: 0x800031AC (0x00000213) addi tp, zero, 0
x4 <- 0x00000000


mem[X,0x800031B0] -> 0x006F
mem[X,0x800031B2] -> 0x0050
[421] [M]: 0x800031B0 (0x0050006F) jal zero, 2052


mem[X,0x800039B4] -> 0x60E3
mem[X,0x800039B6] -> 0x80B5
[422] [M]: 0x800039B4 (0x80B560E3) bltu a0, a1, 6144


mem[X,0x800031B4] -> 0x0213
mem[X,0x800031B6] -> 0x0012
[423] [M]: 0x800031B4 (0x00120213) addi tp, tp, 1
x4 <- 0x00000001


mem[X,0x800031B8] -> 0x006F
mem[X,0x800031BA] -> 0x0110
[424] [M]: 0x800031B8 (0x0110006F) jal zero, 2064


mem[X,0x800039C8] -> 0xA223
mem[X,0x800039CA] -> 0x0440
[425] [M]: 0x800039C8 (0x0440A223) sw tp, 68(ra)
mem[0x8004B2B8] <- 0x00000001


mem[X,0x800039CC] -> 0x0513
mem[X,0x800039CE] -> 0xFEF0
[426] [M]: 0x800039CC (0xFEF00513) addi a0, zero, 4079
x10 <- 0xFFFFFFEF


mem[X,0x800039D0] -> 0x0593
mem[X,0x800039D2] -> 0xFDF0
[427] [M]: 0x800039D0 (0xFDF00593) addi a1, zero, 4063
x11 <- 0xFFFFFFDF


mem[X,0x800039D4] -> 0x0213
mem[X,0x800039D6] -> 0x0000
[428] [M]: 0x800039D4 (0x00000213) addi tp, zero, 0
x4 <- 0x00000000


mem[X,0x800039D8] -> 0x006F
mem[X,0x800039DA] -> 0x00C0
[429] [M]: 0x800039D8 (0x00C0006F) jal zero, 12


mem[X,0x800039E4] -> 0x6663
mem[X,0x800039E6] -> 0x00B5
[430] [M]: 0x800039E4 (0x00B56663) bltu a0, a1, 12


mem[X,0x800039E8] -> 0x0213
mem[X,0x800039EA] -> 0x0022
[431] [M]: 0x800039E8 (0x00220213) addi tp, tp, 2
x4 <- 0x00000002


mem[X,0x800039EC] -> 0x006F
mem[X,0x800039EE] -> 0x00C0
[432] [M]: 0x800039EC (0x00C0006F) jal zero, 12


mem[X,0x800039F8] -> 0xA423
mem[X,0x800039FA] -> 0x0440
[433] [M]: 0x800039F8 (0x0440A423) sw tp, 72(ra)
mem[0x8004B2BC] <- 0x00000002


mem[X,0x800039FC] -> 0x0537
mem[X,0x800039FE] -> 0xFFE0
[434] [M]: 0x800039FC (0xFFE00537) lui a0, 1048064
x10 <- 0xFFE00000


mem[X,0x80003A00] -> 0x0513
mem[X,0x80003A02] -> 0xFFF5
[435] [M]: 0x80003A00 (0xFFF50513) addi a0, a0, 4095
x10 <- 0xFFDFFFFF


mem[X,0x80003A04] -> 0x0593
mem[X,0x80003A06] -> 0xFBF0
[436] [M]: 0x80003A04 (0xFBF00593) addi a1, zero, 4031
x11 <- 0xFFFFFFBF


mem[X,0x80003A08] -> 0x0213
mem[X,0x80003A0A] -> 0x0000
[437] [M]: 0x80003A08 (0x00000213) addi tp, zero, 0
x4 <- 0x00000000


mem[X,0x80003A0C] -> 0x006F
mem[X,0x80003A0E] -> 0x00C0
[438] [M]: 0x80003A0C (0x00C0006F) jal zero, 12


mem[X,0x80003A18] -> 0x6863
mem[X,0x80003A1A] -> 0x00B5
[439] [M]: 0x80003A18 (0x00B56863) bltu a0, a1, 16


mem[X,0x80003A28] -> 0x0213
mem[X,0x80003A2A] -> 0x0032
[440] [M]: 0x80003A28 (0x00320213) addi tp, tp, 3
x4 <- 0x00000003


mem[X,0x80003A2C] -> 0x006F
mem[X,0x80003A2E] -> 0x0040
[441] [M]: 0x80003A2C (0x0040006F) jal zero, 4


mem[X,0x80003A30] -> 0xA623
mem[X,0x80003A32] -> 0x0440
[442] [M]: 0x80003A30 (0x0440A623) sw tp, 76(ra)
mem[0x8004B2C0] <- 0x00000003


mem[X,0x80003A34] -> 0x0513
mem[X,0x80003A36] -> 0x00F0
[443] [M]: 0x80003A34 (0x00F00513) addi a0, zero, 15
x10 <- 0x0000000F


mem[X,0x80003A38] -> 0x0593
mem[X,0x80003A3A] -> 0xF7F0
[444] [M]: 0x80003A38 (0xF7F00593) addi a1, zero, 3967
x11 <- 0xFFFFFF7F


mem[X,0x80003A3C] -> 0x0213
mem[X,0x80003A3E] -> 0x0000
[445] [M]: 0x80003A3C (0x00000213) addi tp, zero, 0
x4 <- 0x00000000


mem[X,0x80003A40] -> 0x006F
mem[X,0x80003A42] -> 0x00C0
[446] [M]: 0x80003A40 (0x00C0006F) jal zero, 12


mem[X,0x80003A4C] -> 0x6663
mem[X,0x80003A4E] -> 0x00B5
[447] [M]: 0x80003A4C (0x00B56663) bltu a0, a1, 12


mem[X,0x80003A58] -> 0x0213
mem[X,0x80003A5A] -> 0x0032
[448] [M]: 0x80003A58 (0x00320213) addi tp, tp, 3
x4 <- 0x00000003


mem[X,0x80003A5C] -> 0x006F
mem[X,0x80003A5E] -> 0x0040
[449] [M]: 0x80003A5C (0x0040006F) jal zero, 4


mem[X,0x80003A60] -> 0xA823
mem[X,0x80003A62] -> 0x0440
[450] [M]: 0x80003A60 (0x0440A823) sw tp, 80(ra)
mem[0x8004B2C4] <- 0x00000003


mem[X,0x80003A64] -> 0x0513
mem[X,0x80003A66] -> 0x00F0
[451] [M]: 0x80003A64 (0x00F00513) addi a0, zero, 15
x10 <- 0x0000000F


mem[X,0x80003A68] -> 0x0593
mem[X,0x80003A6A] -> 0xEFF0
[452] [M]: 0x80003A68 (0xEFF00593) addi a1, zero, 3839
x11 <- 0xFFFFFEFF


mem[X,0x80003A6C] -> 0x0213
mem[X,0x80003A6E] -> 0x0000
[453] [M]: 0x80003A6C (0x00000213) addi tp, zero, 0
x4 <- 0x00000000


mem[X,0x80003A70] -> 0x006F
mem[X,0x80003A72] -> 0x00C0
[454] [M]: 0x80003A70 (0x00C0006F) jal zero, 12


mem[X,0x80003A7C] -> 0x6663
mem[X,0x80003A7E] -> 0x00B5
[455] [M]: 0x80003A7C (0x00B56663) bltu a0, a1, 12


mem[X,0x80003A88] -> 0x0213
mem[X,0x80003A8A] -> 0x0032
[456] [M]: 0x80003A88 (0x00320213) addi tp, tp, 3
x4 <- 0x00000003


mem[X,0x80003A8C] -> 0x006F
mem[X,0x80003A8E] -> 0x0040
[457] [M]: 0x80003A8C (0x0040006F) jal zero, 4


mem[X,0x80003A90] -> 0xAA23
mem[X,0x80003A92] -> 0x0440
[458] [M]: 0x80003A90 (0x0440AA23) sw tp, 84(ra)
mem[0x8004B2C8] <- 0x00000003


mem[X,0x80003A94] -> 0x0537
mem[X,0x80003A96] -> 0x0080
[459] [M]: 0x80003A94 (0x00800537) lui a0, 2048
x10 <- 0x00800000


mem[X,0x80003A98] -> 0x0593
mem[X,0x80003A9A] -> 0xDFF0
[460] [M]: 0x80003A98 (0xDFF00593) addi a1, zero, 3583
x11 <- 0xFFFFFDFF


mem[X,0x80003A9C] -> 0x0213
mem[X,0x80003A9E] -> 0x0000
[461] [M]: 0x80003A9C (0x00000213) addi tp, zero, 0
x4 <- 0x00000000


mem[X,0x80003AA0] -> 0x006F
mem[X,0x80003AA2] -> 0x0100
[462] [M]: 0x80003AA0 (0x0100006F) jal zero, 16


mem[X,0x80003AB0] -> 0x6AE3
mem[X,0x80003AB2] -> 0xFEB5
[463] [M]: 0x80003AB0 (0xFEB56AE3) bltu a0, a1, 8180


mem[X,0x80003AA4] -> 0x0213
mem[X,0x80003AA6] -> 0x0012
[464] [M]: 0x80003AA4 (0x00120213) addi tp, tp, 1
x4 <- 0x00000001


mem[X,0x80003AA8] -> 0x006F
mem[X,0x80003AAA] -> 0x01C0
[465] [M]: 0x80003AA8 (0x01C0006F) jal zero, 28


mem[X,0x80003AC4] -> 0xAC23
mem[X,0x80003AC6] -> 0x0440
[466] [M]: 0x80003AC4 (0x0440AC23) sw tp, 88(ra)
mem[0x8004B2CC] <- 0x00000001


mem[X,0x80003AC8] -> 0x0513
mem[X,0x80003ACA] -> 0x00B0
[467] [M]: 0x80003AC8 (0x00B00513) addi a0, zero, 11
x10 <- 0x0000000B


mem[X,0x80003ACC] -> 0x0593
mem[X,0x80003ACE] -> 0xBFF0
[468] [M]: 0x80003ACC (0xBFF00593) addi a1, zero, 3071
x11 <- 0xFFFFFBFF


mem[X,0x80003AD0] -> 0x0213
mem[X,0x80003AD2] -> 0x0000
[469] [M]: 0x80003AD0 (0x00000213) addi tp, zero, 0
x4 <- 0x00000000


mem[X,0x80003AD4] -> 0x006F
mem[X,0x80003AD6] -> 0x00C0
[470] [M]: 0x80003AD4 (0x00C0006F) jal zero, 12


mem[X,0x80003AE0] -> 0x6063
mem[X,0x80003AE2] -> 0x20B5
[471] [M]: 0x80003AE0 (0x20B56063) bltu a0, a1, 512


mem[X,0x80003CE0] -> 0x0213
mem[X,0x80003CE2] -> 0x0032
[472] [M]: 0x80003CE0 (0x00320213) addi tp, tp, 3
x4 <- 0x00000003


mem[X,0x80003CE4] -> 0x006F
mem[X,0x80003CE6] -> 0x0040
[473] [M]: 0x80003CE4 (0x0040006F) jal zero, 4


mem[X,0x80003CE8] -> 0xAE23
mem[X,0x80003CEA] -> 0x0440
[474] [M]: 0x80003CE8 (0x0440AE23) sw tp, 92(ra)
mem[0x8004B2D0] <- 0x00000003


mem[X,0x80003CEC] -> 0x0537
mem[X,0x80003CEE] -> 0x0010
[475] [M]: 0x80003CEC (0x00100537) lui a0, 256
x10 <- 0x00100000


mem[X,0x80003CF0] -> 0xF5B7
mem[X,0x80003CF2] -> 0xFFFF
[476] [M]: 0x80003CF0 (0xFFFFF5B7) lui a1, 1048575
x11 <- 0xFFFFF000


mem[X,0x80003CF4] -> 0x8593
mem[X,0x80003CF6] -> 0x7FF5
[477] [M]: 0x80003CF4 (0x7FF58593) addi a1, a1, 2047
x11 <- 0xFFFFF7FF


mem[X,0x80003CF8] -> 0x0213
mem[X,0x80003CFA] -> 0x0000
[478] [M]: 0x80003CF8 (0x00000213) addi tp, zero, 0
x4 <- 0x00000000


mem[X,0x80003CFC] -> 0x006F
mem[X,0x80003CFE] -> 0x00C0
[479] [M]: 0x80003CFC (0x00C0006F) jal zero, 12


mem[X,0x80003D08] -> 0x6CE3
mem[X,0x80003D0A] -> 0xFEB5
[480] [M]: 0x80003D08 (0xFEB56CE3) bltu a0, a1, 8184


mem[X,0x80003D00] -> 0x0213
mem[X,0x80003D02] -> 0x0012
[481] [M]: 0x80003D00 (0x00120213) addi tp, tp, 1
x4 <- 0x00000001


mem[X,0x80003D04] -> 0x006F
mem[X,0x80003D06] -> 0x0180
[482] [M]: 0x80003D04 (0x0180006F) jal zero, 24


mem[X,0x80003D1C] -> 0xA023
mem[X,0x80003D1E] -> 0x0640
[483] [M]: 0x80003D1C (0x0640A023) sw tp, 96(ra)
mem[0x8004B2D4] <- 0x00000001


mem[X,0x80003D20] -> 0x6537
mem[X,0x80003D22] -> 0x6666
[484] [M]: 0x80003D20 (0x66666537) lui a0, 419430
x10 <- 0x66666000


mem[X,0x80003D24] -> 0x0513
mem[X,0x80003D26] -> 0x6665
[485] [M]: 0x80003D24 (0x66650513) addi a0, a0, 1638
x10 <- 0x66666666


mem[X,0x80003D28] -> 0xF5B7
mem[X,0x80003D2A] -> 0xFFFF
[486] [M]: 0x80003D28 (0xFFFFF5B7) lui a1, 1048575
x11 <- 0xFFFFF000


mem[X,0x80003D2C] -> 0x8593
mem[X,0x80003D2E] -> 0xFFF5
[487] [M]: 0x80003D2C (0xFFF58593) addi a1, a1, 4095
x11 <- 0xFFFFEFFF


mem[X,0x80003D30] -> 0x0213
mem[X,0x80003D32] -> 0x0000
[488] [M]: 0x80003D30 (0x00000213) addi tp, zero, 0
x4 <- 0x00000000


mem[X,0x80003D34] -> 0x006F
mem[X,0x80003D36] -> 0x00C0
[489] [M]: 0x80003D34 (0x00C0006F) jal zero, 12


mem[X,0x80003D40] -> 0x6663
mem[X,0x80003D42] -> 0x00B5
[490] [M]: 0x80003D40 (0x00B56663) bltu a0, a1, 12


mem[X,0x80003D4C] -> 0x0213
mem[X,0x80003D4E] -> 0x0032
[491] [M]: 0x80003D4C (0x00320213) addi tp, tp, 3
x4 <- 0x00000003


mem[X,0x80003D50] -> 0x006F
mem[X,0x80003D52] -> 0x0040
[492] [M]: 0x80003D50 (0x0040006F) jal zero, 4


mem[X,0x80003D54] -> 0xA223
mem[X,0x80003D56] -> 0x0640
[493] [M]: 0x80003D54 (0x0640A223) sw tp, 100(ra)
mem[0x8004B2D8] <- 0x00000003


mem[X,0x80003D58] -> 0xB537
mem[X,0x80003D5A] -> 0xAAAA
[494] [M]: 0x80003D58 (0xAAAAB537) lui a0, 699051
x10 <- 0xAAAAB000


mem[X,0x80003D5C] -> 0x0513
mem[X,0x80003D5E] -> 0xAAB5
[495] [M]: 0x80003D5C (0xAAB50513) addi a0, a0, 2731
x10 <- 0xAAAAAAAB


mem[X,0x80003D60] -> 0xE5B7
mem[X,0x80003D62] -> 0xFFFF
[496] [M]: 0x80003D60 (0xFFFFE5B7) lui a1, 1048574
x11 <- 0xFFFFE000


mem[X,0x80003D64] -> 0x8593
mem[X,0x80003D66] -> 0xFFF5
[497] [M]: 0x80003D64 (0xFFF58593) addi a1, a1, 4095
x11 <- 0xFFFFDFFF


mem[X,0x80003D68] -> 0x0213
mem[X,0x80003D6A] -> 0x0000
[498] [M]: 0x80003D68 (0x00000213) addi tp, zero, 0
x4 <- 0x00000000


mem[X,0x80003D6C] -> 0x006F
mem[X,0x80003D6E] -> 0x00C0
[499] [M]: 0x80003D6C (0x00C0006F) jal zero, 12


clint::tick mtime <- 0x0000000000000005
 clint timer pending at mtime 0x0000000000000005
htif::tick 0x0000000000000000
mem[X,0x80003D78] -> 0x6063
mem[X,0x80003D7A] -> 0x40B5
[500] [M]: 0x80003D78 (0x40B56063) bltu a0, a1, 1024


mem[X,0x80004178] -> 0x0213
mem[X,0x8000417A] -> 0x0032
[501] [M]: 0x80004178 (0x00320213) addi tp, tp, 3
x4 <- 0x00000003


mem[X,0x8000417C] -> 0x006F
mem[X,0x8000417E] -> 0x0040
[502] [M]: 0x8000417C (0x0040006F) jal zero, 4


mem[X,0x80004180] -> 0xA423
mem[X,0x80004182] -> 0x0640
[503] [M]: 0x80004180 (0x0640A423) sw tp, 104(ra)
mem[0x8004B2DC] <- 0x00000003


mem[X,0x80004184] -> 0x0537
mem[X,0x80004186] -> 0xE000
[504] [M]: 0x80004184 (0xE0000537) lui a0, 917504
x10 <- 0xE0000000


mem[X,0x80004188] -> 0x0513
mem[X,0x8000418A] -> 0xFFF5
[505] [M]: 0x80004188 (0xFFF50513) addi a0, a0, 4095
x10 <- 0xDFFFFFFF


mem[X,0x8000418C] -> 0xC5B7
mem[X,0x8000418E] -> 0xFFFF
[506] [M]: 0x8000418C (0xFFFFC5B7) lui a1, 1048572
x11 <- 0xFFFFC000


mem[X,0x80004190] -> 0x8593
mem[X,0x80004192] -> 0xFFF5
[507] [M]: 0x80004190 (0xFFF58593) addi a1, a1, 4095
x11 <- 0xFFFFBFFF


mem[X,0x80004194] -> 0x0213
mem[X,0x80004196] -> 0x0000
[508] [M]: 0x80004194 (0x00000213) addi tp, zero, 0
x4 <- 0x00000000


mem[X,0x80004198] -> 0x006F
mem[X,0x8000419A] -> 0x00C0
[509] [M]: 0x80004198 (0x00C0006F) jal zero, 12


mem[X,0x800041A4] -> 0x6063
mem[X,0x800041A6] -> 0x08B5
[510] [M]: 0x800041A4 (0x08B56063) bltu a0, a1, 128


mem[X,0x80004224] -> 0x0213
mem[X,0x80004226] -> 0x0032
[511] [M]: 0x80004224 (0x00320213) addi tp, tp, 3
x4 <- 0x00000003


mem[X,0x80004228] -> 0x006F
mem[X,0x8000422A] -> 0x0040
[512] [M]: 0x80004228 (0x0040006F) jal zero, 4


mem[X,0x8000422C] -> 0xA623
mem[X,0x8000422E] -> 0x0640
[513] [M]: 0x8000422C (0x0640A623) sw tp, 108(ra)
mem[0x8004B2E0] <- 0x00000003


mem[X,0x80004230] -> 0x0513
mem[X,0x80004232] -> 0x0010
[514] [M]: 0x80004230 (0x00100513) addi a0, zero, 1
x10 <- 0x00000001


mem[X,0x80004234] -> 0x85B7
mem[X,0x80004236] -> 0xFFFF
[515] [M]: 0x80004234 (0xFFFF85B7) lui a1, 1048568
x11 <- 0xFFFF8000


mem[X,0x80004238] -> 0x8593
mem[X,0x8000423A] -> 0xFFF5
[516] [M]: 0x80004238 (0xFFF58593) addi a1, a1, 4095
x11 <- 0xFFFF7FFF


mem[X,0x8000423C] -> 0x0213
mem[X,0x8000423E] -> 0x0000
[517] [M]: 0x8000423C (0x00000213) addi tp, zero, 0
x4 <- 0x00000000


mem[X,0x80004240] -> 0x006F
mem[X,0x80004242] -> 0x00C0
[518] [M]: 0x80004240 (0x00C0006F) jal zero, 12


mem[X,0x8000424C] -> 0x6663
mem[X,0x8000424E] -> 0x00B5
[519] [M]: 0x8000424C (0x00B56663) bltu a0, a1, 12


mem[X,0x80004258] -> 0x0213
mem[X,0x8000425A] -> 0x0032
[520] [M]: 0x80004258 (0x00320213) addi tp, tp, 3
x4 <- 0x00000003


mem[X,0x8000425C] -> 0x006F
mem[X,0x8000425E] -> 0x0040
[521] [M]: 0x8000425C (0x0040006F) jal zero, 4


mem[X,0x80004260] -> 0xA823
mem[X,0x80004262] -> 0x0640
[522] [M]: 0x80004260 (0x0640A823) sw tp, 112(ra)
mem[0x8004B2E4] <- 0x00000003


mem[X,0x80004264] -> 0x2537
mem[X,0x80004266] -> 0x0000
[523] [M]: 0x80004264 (0x00002537) lui a0, 2
x10 <- 0x00002000


mem[X,0x80004268] -> 0x05B7
mem[X,0x8000426A] -> 0xFFFF
[524] [M]: 0x80004268 (0xFFFF05B7) lui a1, 1048560
x11 <- 0xFFFF0000


mem[X,0x8000426C] -> 0x8593
mem[X,0x8000426E] -> 0xFFF5
[525] [M]: 0x8000426C (0xFFF58593) addi a1, a1, 4095
x11 <- 0xFFFEFFFF


mem[X,0x80004270] -> 0x0213
mem[X,0x80004272] -> 0x0000
[526] [M]: 0x80004270 (0x00000213) addi tp, zero, 0
x4 <- 0x00000000


mem[X,0x80004274] -> 0x006F
mem[X,0x80004276] -> 0x0100
[527] [M]: 0x80004274 (0x0100006F) jal zero, 16


mem[X,0x80004284] -> 0x6AE3
mem[X,0x80004286] -> 0xFEB5
[528] [M]: 0x80004284 (0xFEB56AE3) bltu a0, a1, 8180


mem[X,0x80004278] -> 0x0213
mem[X,0x8000427A] -> 0x0012
[529] [M]: 0x80004278 (0x00120213) addi tp, tp, 1
x4 <- 0x00000001


mem[X,0x8000427C] -> 0x006F
mem[X,0x8000427E] -> 0x01C0
[530] [M]: 0x8000427C (0x01C0006F) jal zero, 28


mem[X,0x80004298] -> 0xAA23
mem[X,0x8000429A] -> 0x0640
[531] [M]: 0x80004298 (0x0640AA23) sw tp, 116(ra)
mem[0x8004B2E8] <- 0x00000001


mem[X,0x8000429C] -> 0x4537
mem[X,0x8000429E] -> 0x0000
[532] [M]: 0x8000429C (0x00004537) lui a0, 4
x10 <- 0x00004000


mem[X,0x800042A0] -> 0x05B7
mem[X,0x800042A2] -> 0xFFFE
[533] [M]: 0x800042A0 (0xFFFE05B7) lui a1, 1048544
x11 <- 0xFFFE0000


mem[X,0x800042A4] -> 0x8593
mem[X,0x800042A6] -> 0xFFF5
[534] [M]: 0x800042A4 (0xFFF58593) addi a1, a1, 4095
x11 <- 0xFFFDFFFF


mem[X,0x800042A8] -> 0x0213
mem[X,0x800042AA] -> 0x0000
[535] [M]: 0x800042A8 (0x00000213) addi tp, zero, 0
x4 <- 0x00000000


mem[X,0x800042AC] -> 0x006F
mem[X,0x800042AE] -> 0x00C0
[536] [M]: 0x800042AC (0x00C0006F) jal zero, 12


mem[X,0x800042B8] -> 0x6063
mem[X,0x800042BA] -> 0x04B5
[537] [M]: 0x800042B8 (0x04B56063) bltu a0, a1, 64


mem[X,0x800042F8] -> 0x0213
mem[X,0x800042FA] -> 0x0032
[538] [M]: 0x800042F8 (0x00320213) addi tp, tp, 3
x4 <- 0x00000003


mem[X,0x800042FC] -> 0x006F
mem[X,0x800042FE] -> 0x0040
[539] [M]: 0x800042FC (0x0040006F) jal zero, 4


mem[X,0x80004300] -> 0xAC23
mem[X,0x80004302] -> 0x0640
[540] [M]: 0x80004300 (0x0640AC23) sw tp, 120(ra)
mem[0x8004B2EC] <- 0x00000003


mem[X,0x80004304] -> 0x0513
mem[X,0x80004306] -> 0x0050
[541] [M]: 0x80004304 (0x00500513) addi a0, zero, 5
x10 <- 0x00000005


mem[X,0x80004308] -> 0x05B7
mem[X,0x8000430A] -> 0xFFFC
[542] [M]: 0x80004308 (0xFFFC05B7) lui a1, 1048512
x11 <- 0xFFFC0000


mem[X,0x8000430C] -> 0x8593
mem[X,0x8000430E] -> 0xFFF5
[543] [M]: 0x8000430C (0xFFF58593) addi a1, a1, 4095
x11 <- 0xFFFBFFFF


mem[X,0x80004310] -> 0x0213
mem[X,0x80004312] -> 0x0000
[544] [M]: 0x80004310 (0x00000213) addi tp, zero, 0
x4 <- 0x00000000


mem[X,0x80004314] -> 0x006F
mem[X,0x80004316] -> 0x00C0
[545] [M]: 0x80004314 (0x00C0006F) jal zero, 12


mem[X,0x80004320] -> 0x6663
mem[X,0x80004322] -> 0x00B5
[546] [M]: 0x80004320 (0x00B56663) bltu a0, a1, 12


mem[X,0x8000432C] -> 0x0213
mem[X,0x8000432E] -> 0x0032
[547] [M]: 0x8000432C (0x00320213) addi tp, tp, 3
x4 <- 0x00000003


mem[X,0x80004330] -> 0x006F
mem[X,0x80004332] -> 0x0040
[548] [M]: 0x80004330 (0x0040006F) jal zero, 4


mem[X,0x80004334] -> 0xAE23
mem[X,0x80004336] -> 0x0640
[549] [M]: 0x80004334 (0x0640AE23) sw tp, 124(ra)
mem[0x8004B2F0] <- 0x00000003


mem[X,0x80004338] -> 0x0513
mem[X,0x8000433A] -> 0x0030
[550] [M]: 0x80004338 (0x00300513) addi a0, zero, 3
x10 <- 0x00000003


mem[X,0x8000433C] -> 0x05B7
mem[X,0x8000433E] -> 0xFFF8
[551] [M]: 0x8000433C (0xFFF805B7) lui a1, 1048448
x11 <- 0xFFF80000


mem[X,0x80004340] -> 0x8593
mem[X,0x80004342] -> 0xFFF5
[552] [M]: 0x80004340 (0xFFF58593) addi a1, a1, 4095
x11 <- 0xFFF7FFFF


mem[X,0x80004344] -> 0x0213
mem[X,0x80004346] -> 0x0000
[553] [M]: 0x80004344 (0x00000213) addi tp, zero, 0
x4 <- 0x00000000


mem[X,0x80004348] -> 0x006F
mem[X,0x8000434A] -> 0x0140
[554] [M]: 0x80004348 (0x0140006F) jal zero, 20


mem[X,0x8000435C] -> 0x68E3
mem[X,0x8000435E] -> 0xFEB5
[555] [M]: 0x8000435C (0xFEB568E3) bltu a0, a1, 8176


mem[X,0x8000434C] -> 0x0213
mem[X,0x8000434E] -> 0x0012
[556] [M]: 0x8000434C (0x00120213) addi tp, tp, 1
x4 <- 0x00000001


mem[X,0x80004350] -> 0x006F
mem[X,0x80004352] -> 0x0200
[557] [M]: 0x80004350 (0x0200006F) jal zero, 32


mem[X,0x80004370] -> 0xA023
mem[X,0x80004372] -> 0x0840
[558] [M]: 0x80004370 (0x0840A023) sw tp, 128(ra)
mem[0x8004B2F4] <- 0x00000001


mem[X,0x80004374] -> 0x0537
mem[X,0x80004376] -> 0x0001
[559] [M]: 0x80004374 (0x00010537) lui a0, 16
x10 <- 0x00010000


mem[X,0x80004378] -> 0x05B7
mem[X,0x8000437A] -> 0xFFF0
[560] [M]: 0x80004378 (0xFFF005B7) lui a1, 1048320
x11 <- 0xFFF00000


mem[X,0x8000437C] -> 0x8593
mem[X,0x8000437E] -> 0xFFF5
[561] [M]: 0x8000437C (0xFFF58593) addi a1, a1, 4095
x11 <- 0xFFEFFFFF


mem[X,0x80004380] -> 0x0213
mem[X,0x80004382] -> 0x0000
[562] [M]: 0x80004380 (0x00000213) addi tp, zero, 0
x4 <- 0x00000000


mem[X,0x80004384] -> 0x006F
mem[X,0x80004386] -> 0x00C0
[563] [M]: 0x80004384 (0x00C0006F) jal zero, 12


mem[X,0x80004390] -> 0x6663
mem[X,0x80004392] -> 0x00B5
[564] [M]: 0x80004390 (0x00B56663) bltu a0, a1, 12


mem[X,0x8000439C] -> 0x0213
mem[X,0x8000439E] -> 0x0032
[565] [M]: 0x8000439C (0x00320213) addi tp, tp, 3
x4 <- 0x00000003


mem[X,0x800043A0] -> 0x006F
mem[X,0x800043A2] -> 0x0040
[566] [M]: 0x800043A0 (0x0040006F) jal zero, 4


mem[X,0x800043A4] -> 0xA223
mem[X,0x800043A6] -> 0x0840
[567] [M]: 0x800043A4 (0x0840A223) sw tp, 132(ra)
mem[0x8004B2F8] <- 0x00000003


mem[X,0x800043A8] -> 0x0513
mem[X,0x800043AA] -> 0x0030
[568] [M]: 0x800043A8 (0x00300513) addi a0, zero, 3
x10 <- 0x00000003


mem[X,0x800043AC] -> 0x05B7
mem[X,0x800043AE] -> 0xFFE0
[569] [M]: 0x800043AC (0xFFE005B7) lui a1, 1048064
x11 <- 0xFFE00000


mem[X,0x800043B0] -> 0x8593
mem[X,0x800043B2] -> 0xFFF5
[570] [M]: 0x800043B0 (0xFFF58593) addi a1, a1, 4095
x11 <- 0xFFDFFFFF


mem[X,0x800043B4] -> 0x0213
mem[X,0x800043B6] -> 0x0000
[571] [M]: 0x800043B4 (0x00000213) addi tp, zero, 0
x4 <- 0x00000000


mem[X,0x800043B8] -> 0x006F
mem[X,0x800043BA] -> 0x00C0
[572] [M]: 0x800043B8 (0x00C0006F) jal zero, 12


mem[X,0x800043C4] -> 0x6CE3
mem[X,0x800043C6] -> 0xFEB5
[573] [M]: 0x800043C4 (0xFEB56CE3) bltu a0, a1, 8184


mem[X,0x800043BC] -> 0x0213
mem[X,0x800043BE] -> 0x0012
[574] [M]: 0x800043BC (0x00120213) addi tp, tp, 1
x4 <- 0x00000001


mem[X,0x800043C0] -> 0x006F
mem[X,0x800043C2] -> 0x0180
[575] [M]: 0x800043C0 (0x0180006F) jal zero, 24


mem[X,0x800043D8] -> 0xA423
mem[X,0x800043DA] -> 0x0840
[576] [M]: 0x800043D8 (0x0840A423) sw tp, 136(ra)
mem[0x8004B2FC] <- 0x00000001


mem[X,0x800043DC] -> 0x0513
mem[X,0x800043DE] -> 0xF7F0
[577] [M]: 0x800043DC (0xF7F00513) addi a0, zero, 3967
x10 <- 0xFFFFFF7F


mem[X,0x800043E0] -> 0x05B7
mem[X,0x800043E2] -> 0xFFC0
[578] [M]: 0x800043E0 (0xFFC005B7) lui a1, 1047552
x11 <- 0xFFC00000


mem[X,0x800043E4] -> 0x8593
mem[X,0x800043E6] -> 0xFFF5
[579] [M]: 0x800043E4 (0xFFF58593) addi a1, a1, 4095
x11 <- 0xFFBFFFFF


mem[X,0x800043E8] -> 0x0213
mem[X,0x800043EA] -> 0x0000
[580] [M]: 0x800043E8 (0x00000213) addi tp, zero, 0
x4 <- 0x00000000


mem[X,0x800043EC] -> 0x006F
mem[X,0x800043EE] -> 0x00C0
[581] [M]: 0x800043EC (0x00C0006F) jal zero, 12


mem[X,0x800043F8] -> 0x6063
mem[X,0x800043FA] -> 0x20B5
[582] [M]: 0x800043F8 (0x20B56063) bltu a0, a1, 512


mem[X,0x800043FC] -> 0x0213
mem[X,0x800043FE] -> 0x0022
[583] [M]: 0x800043FC (0x00220213) addi tp, tp, 2
x4 <- 0x00000002


mem[X,0x80004400] -> 0x006F
mem[X,0x80004402] -> 0x2000
[584] [M]: 0x80004400 (0x2000006F) jal zero, 512


mem[X,0x80004600] -> 0xA623
mem[X,0x80004602] -> 0x0840
[585] [M]: 0x80004600 (0x0840A623) sw tp, 140(ra)
mem[0x8004B300] <- 0x00000002


mem[X,0x80004604] -> 0x0537
mem[X,0x80004606] -> 0x0004
[586] [M]: 0x80004604 (0x00040537) lui a0, 64
x10 <- 0x00040000


mem[X,0x80004608] -> 0x05B7
mem[X,0x8000460A] -> 0xFF00
[587] [M]: 0x80004608 (0xFF0005B7) lui a1, 1044480
x11 <- 0xFF000000


mem[X,0x8000460C] -> 0x8593
mem[X,0x8000460E] -> 0xFFF5
[588] [M]: 0x8000460C (0xFFF58593) addi a1, a1, 4095
x11 <- 0xFEFFFFFF


mem[X,0x80004610] -> 0x0213
mem[X,0x80004612] -> 0x0000
[589] [M]: 0x80004610 (0x00000213) addi tp, zero, 0
x4 <- 0x00000000


mem[X,0x80004614] -> 0x006F
mem[X,0x80004616] -> 0x00C0
[590] [M]: 0x80004614 (0x00C0006F) jal zero, 12


mem[X,0x80004620] -> 0x6663
mem[X,0x80004622] -> 0x00B5
[591] [M]: 0x80004620 (0x00B56663) bltu a0, a1, 12


mem[X,0x8000462C] -> 0x0213
mem[X,0x8000462E] -> 0x0032
[592] [M]: 0x8000462C (0x00320213) addi tp, tp, 3
x4 <- 0x00000003


mem[X,0x80004630] -> 0x006F
mem[X,0x80004632] -> 0x0040
[593] [M]: 0x80004630 (0x0040006F) jal zero, 4


mem[X,0x80004634] -> 0xA823
mem[X,0x80004636] -> 0x0840
[594] [M]: 0x80004634 (0x0840A823) sw tp, 144(ra)
mem[0x8004B304] <- 0x00000003


mem[X,0x80004638] -> 0x0513
mem[X,0x8000463A] -> 0x0020
[595] [M]: 0x80004638 (0x00200513) addi a0, zero, 2
x10 <- 0x00000002


mem[X,0x8000463C] -> 0x05B7
mem[X,0x8000463E] -> 0xFE00
[596] [M]: 0x8000463C (0xFE0005B7) lui a1, 1040384
x11 <- 0xFE000000


mem[X,0x80004640] -> 0x8593
mem[X,0x80004642] -> 0xFFF5
[597] [M]: 0x80004640 (0xFFF58593) addi a1, a1, 4095
x11 <- 0xFDFFFFFF


mem[X,0x80004644] -> 0x0213
mem[X,0x80004646] -> 0x0000
[598] [M]: 0x80004644 (0x00000213) addi tp, zero, 0
x4 <- 0x00000000


mem[X,0x80004648] -> 0x006F
mem[X,0x8000464A] -> 0x00C0
[599] [M]: 0x80004648 (0x00C0006F) jal zero, 12


clint::tick mtime <- 0x0000000000000006
 clint timer pending at mtime 0x0000000000000006
htif::tick 0x0000000000000000
mem[X,0x80004654] -> 0x6CE3
mem[X,0x80004656] -> 0xFEB5
[600] [M]: 0x80004654 (0xFEB56CE3) bltu a0, a1, 8184


mem[X,0x8000464C] -> 0x0213
mem[X,0x8000464E] -> 0x0012
[601] [M]: 0x8000464C (0x00120213) addi tp, tp, 1
x4 <- 0x00000001


mem[X,0x80004650] -> 0x006F
mem[X,0x80004652] -> 0x0180
[602] [M]: 0x80004650 (0x0180006F) jal zero, 24


mem[X,0x80004668] -> 0xAA23
mem[X,0x8000466A] -> 0x0840
[603] [M]: 0x80004668 (0x0840AA23) sw tp, 148(ra)
mem[0x8004B308] <- 0x00000001


mem[X,0x8000466C] -> 0x0537
mem[X,0x8000466E] -> 0x4000
[604] [M]: 0x8000466C (0x40000537) lui a0, 262144
x10 <- 0x40000000


mem[X,0x80004670] -> 0x05B7
mem[X,0x80004672] -> 0xF800
[605] [M]: 0x80004670 (0xF80005B7) lui a1, 1015808
x11 <- 0xF8000000


mem[X,0x80004674] -> 0x8593
mem[X,0x80004676] -> 0xFFF5
[606] [M]: 0x80004674 (0xFFF58593) addi a1, a1, 4095
x11 <- 0xF7FFFFFF


mem[X,0x80004678] -> 0x0213
mem[X,0x8000467A] -> 0x0000
[607] [M]: 0x80004678 (0x00000213) addi tp, zero, 0
x4 <- 0x00000000


mem[X,0x8000467C] -> 0x006F
mem[X,0x8000467E] -> 0x0050
[608] [M]: 0x8000467C (0x0050006F) jal zero, 2052


mem[X,0x80004E80] -> 0x60E3
mem[X,0x80004E82] -> 0x80B5
[609] [M]: 0x80004E80 (0x80B560E3) bltu a0, a1, 6144


mem[X,0x80004680] -> 0x0213
mem[X,0x80004682] -> 0x0012
[610] [M]: 0x80004680 (0x00120213) addi tp, tp, 1
x4 <- 0x00000001


mem[X,0x80004684] -> 0x006F
mem[X,0x80004686] -> 0x0110
[611] [M]: 0x80004684 (0x0110006F) jal zero, 2064


mem[X,0x80004E94] -> 0xAC23
mem[X,0x80004E96] -> 0x0840
[612] [M]: 0x80004E94 (0x0840AC23) sw tp, 152(ra)
mem[0x8004B30C] <- 0x00000001


mem[X,0x80004E98] -> 0x0513
mem[X,0x80004E9A] -> 0xFF70
[613] [M]: 0x80004E98 (0xFF700513) addi a0, zero, 4087
x10 <- 0xFFFFFFF7


mem[X,0x80004E9C] -> 0x05B7
mem[X,0x80004E9E] -> 0xF000
[614] [M]: 0x80004E9C (0xF00005B7) lui a1, 983040
x11 <- 0xF0000000


mem[X,0x80004EA0] -> 0x8593
mem[X,0x80004EA2] -> 0xFFF5
[615] [M]: 0x80004EA0 (0xFFF58593) addi a1, a1, 4095
x11 <- 0xEFFFFFFF


mem[X,0x80004EA4] -> 0x0213
mem[X,0x80004EA6] -> 0x0000
[616] [M]: 0x80004EA4 (0x00000213) addi tp, zero, 0
x4 <- 0x00000000


mem[X,0x80004EA8] -> 0x006F
mem[X,0x80004EAA] -> 0x00C0
[617] [M]: 0x80004EA8 (0x00C0006F) jal zero, 12


mem[X,0x80004EB4] -> 0x6063
mem[X,0x80004EB6] -> 0x02B5
[618] [M]: 0x80004EB4 (0x02B56063) bltu a0, a1, 32


mem[X,0x80004EB8] -> 0x0213
mem[X,0x80004EBA] -> 0x0022
[619] [M]: 0x80004EB8 (0x00220213) addi tp, tp, 2
x4 <- 0x00000002


mem[X,0x80004EBC] -> 0x006F
mem[X,0x80004EBE] -> 0x0200
[620] [M]: 0x80004EBC (0x0200006F) jal zero, 32


mem[X,0x80004EDC] -> 0xAE23
mem[X,0x80004EDE] -> 0x0840
[621] [M]: 0x80004EDC (0x0840AE23) sw tp, 156(ra)
mem[0x8004B310] <- 0x00000002


mem[X,0x80004EE0] -> 0x0513
mem[X,0x80004EE2] -> 0xFEF0
[622] [M]: 0x80004EE0 (0xFEF00513) addi a0, zero, 4079
x10 <- 0xFFFFFFEF


mem[X,0x80004EE4] -> 0x05B7
mem[X,0x80004EE6] -> 0xE000
[623] [M]: 0x80004EE4 (0xE00005B7) lui a1, 917504
x11 <- 0xE0000000


mem[X,0x80004EE8] -> 0x8593
mem[X,0x80004EEA] -> 0xFFF5
[624] [M]: 0x80004EE8 (0xFFF58593) addi a1, a1, 4095
x11 <- 0xDFFFFFFF


mem[X,0x80004EEC] -> 0x0213
mem[X,0x80004EEE] -> 0x0000
[625] [M]: 0x80004EEC (0x00000213) addi tp, zero, 0
x4 <- 0x00000000


mem[X,0x80004EF0] -> 0x006F
mem[X,0x80004EF2] -> 0x00C0
[626] [M]: 0x80004EF0 (0x00C0006F) jal zero, 12


mem[X,0x80004EFC] -> 0x6CE3
mem[X,0x80004EFE] -> 0xFEB5
[627] [M]: 0x80004EFC (0xFEB56CE3) bltu a0, a1, 8184


mem[X,0x80004F00] -> 0x0213
mem[X,0x80004F02] -> 0x0022
[628] [M]: 0x80004F00 (0x00220213) addi tp, tp, 2
x4 <- 0x00000002


mem[X,0x80004F04] -> 0x006F
mem[X,0x80004F06] -> 0x00C0
[629] [M]: 0x80004F04 (0x00C0006F) jal zero, 12


mem[X,0x80004F10] -> 0xA023
mem[X,0x80004F12] -> 0x0A40
[630] [M]: 0x80004F10 (0x0A40A023) sw tp, 160(ra)
mem[0x8004B314] <- 0x00000002


mem[X,0x80004F14] -> 0x0513
mem[X,0x80004F16] -> 0x0030
[631] [M]: 0x80004F14 (0x00300513) addi a0, zero, 3
x10 <- 0x00000003


mem[X,0x80004F18] -> 0x05B7
mem[X,0x80004F1A] -> 0xC000
[632] [M]: 0x80004F18 (0xC00005B7) lui a1, 786432
x11 <- 0xC0000000


mem[X,0x80004F1C] -> 0x8593
mem[X,0x80004F1E] -> 0xFFF5
[633] [M]: 0x80004F1C (0xFFF58593) addi a1, a1, 4095
x11 <- 0xBFFFFFFF


mem[X,0x80004F20] -> 0x0213
mem[X,0x80004F22] -> 0x0000
[634] [M]: 0x80004F20 (0x00000213) addi tp, zero, 0
x4 <- 0x00000000


mem[X,0x80004F24] -> 0x006F
mem[X,0x80004F26] -> 0x2B10
[635] [M]: 0x80004F24 (0x2B10006F) jal zero, 2736


mem[X,0x800059D4] -> 0x6A63
mem[X,0x800059D6] -> 0xD4B5
[636] [M]: 0x800059D4 (0xD4B56A63) bltu a0, a1, 5460


mem[X,0x80004F28] -> 0x0213
mem[X,0x80004F2A] -> 0x0012
[637] [M]: 0x80004F28 (0x00120213) addi tp, tp, 1
x4 <- 0x00000001


mem[X,0x80004F2C] -> 0x006F
mem[X,0x80004F2E] -> 0x2BD0
[638] [M]: 0x80004F2C (0x2BD0006F) jal zero, 2748


mem[X,0x800059E8] -> 0xA223
mem[X,0x800059EA] -> 0x0A40
[639] [M]: 0x800059E8 (0x0A40A223) sw tp, 164(ra)
mem[0x8004B318] <- 0x00000001


mem[X,0x800059EC] -> 0x3537
mem[X,0x800059EE] -> 0x3333
[640] [M]: 0x800059EC (0x33333537) lui a0, 209715
x10 <- 0x33333000


mem[X,0x800059F0] -> 0x0513
mem[X,0x800059F2] -> 0x3345
[641] [M]: 0x800059F0 (0x33450513) addi a0, a0, 820
x10 <- 0x33333334


mem[X,0x800059F4] -> 0x55B7
mem[X,0x800059F6] -> 0x5555
[642] [M]: 0x800059F4 (0x555555B7) lui a1, 349525
x11 <- 0x55555000


mem[X,0x800059F8] -> 0x8593
mem[X,0x800059FA] -> 0x5555
[643] [M]: 0x800059F8 (0x55558593) addi a1, a1, 1365
x11 <- 0x55555555


mem[X,0x800059FC] -> 0x0213
mem[X,0x800059FE] -> 0x0000
[644] [M]: 0x800059FC (0x00000213) addi tp, zero, 0
x4 <- 0x00000000


mem[X,0x80005A00] -> 0x006F
mem[X,0x80005A02] -> 0x00C0
[645] [M]: 0x80005A00 (0x00C0006F) jal zero, 12


mem[X,0x80005A0C] -> 0x6063
mem[X,0x80005A0E] -> 0x08B5
[646] [M]: 0x80005A0C (0x08B56063) bltu a0, a1, 128


mem[X,0x80005A8C] -> 0x0213
mem[X,0x80005A8E] -> 0x0032
[647] [M]: 0x80005A8C (0x00320213) addi tp, tp, 3
x4 <- 0x00000003


mem[X,0x80005A90] -> 0x006F
mem[X,0x80005A92] -> 0x0040
[648] [M]: 0x80005A90 (0x0040006F) jal zero, 4


mem[X,0x80005A94] -> 0xA423
mem[X,0x80005A96] -> 0x0A40
[649] [M]: 0x80005A94 (0x0A40A423) sw tp, 168(ra)
mem[0x8004B31C] <- 0x00000003


mem[X,0x80005A98] -> 0x0513
mem[X,0x80005A9A] -> 0x0100
[650] [M]: 0x80005A98 (0x01000513) addi a0, zero, 16
x10 <- 0x00000010


mem[X,0x80005A9C] -> 0xB5B7
mem[X,0x80005A9E] -> 0xAAAA
[651] [M]: 0x80005A9C (0xAAAAB5B7) lui a1, 699051
x11 <- 0xAAAAB000


mem[X,0x80005AA0] -> 0x8593
mem[X,0x80005AA2] -> 0xAAA5
[652] [M]: 0x80005AA0 (0xAAA58593) addi a1, a1, 2730
x11 <- 0xAAAAAAAA


mem[X,0x80005AA4] -> 0x0213
mem[X,0x80005AA6] -> 0x0000
[653] [M]: 0x80005AA4 (0x00000213) addi tp, zero, 0
x4 <- 0x00000000


mem[X,0x80005AA8] -> 0x006F
mem[X,0x80005AAA] -> 0x00C0
[654] [M]: 0x80005AA8 (0x00C0006F) jal zero, 12


mem[X,0x80005AB4] -> 0x6CE3
mem[X,0x80005AB6] -> 0xFEB5
[655] [M]: 0x80005AB4 (0xFEB56CE3) bltu a0, a1, 8184


mem[X,0x80005AAC] -> 0x0213
mem[X,0x80005AAE] -> 0x0012
[656] [M]: 0x80005AAC (0x00120213) addi tp, tp, 1
x4 <- 0x00000001


mem[X,0x80005AB0] -> 0x006F
mem[X,0x80005AB2] -> 0x0180
[657] [M]: 0x80005AB0 (0x0180006F) jal zero, 24


mem[X,0x80005AC8] -> 0xA623
mem[X,0x80005ACA] -> 0x0A40
[658] [M]: 0x80005AC8 (0x0A40A623) sw tp, 172(ra)
mem[0x8004B320] <- 0x00000001


mem[X,0x80005ACC] -> 0x0513
mem[X,0x80005ACE] -> 0x0080
[659] [M]: 0x80005ACC (0x00800513) addi a0, zero, 8
x10 <- 0x00000008


mem[X,0x80005AD0] -> 0x0593
mem[X,0x80005AD2] -> 0x0030
[660] [M]: 0x80005AD0 (0x00300593) addi a1, zero, 3
x11 <- 0x00000003


mem[X,0x80005AD4] -> 0x0213
mem[X,0x80005AD6] -> 0x0000
[661] [M]: 0x80005AD4 (0x00000213) addi tp, zero, 0
x4 <- 0x00000000


mem[X,0x80005AD8] -> 0x006F
mem[X,0x80005ADA] -> 0x0180
[662] [M]: 0x80005AD8 (0x0180006F) jal zero, 24


mem[X,0x80005AF0] -> 0x66E3
mem[X,0x80005AF2] -> 0xFEB5
[663] [M]: 0x80005AF0 (0xFEB566E3) bltu a0, a1, 8172


mem[X,0x80005AF4] -> 0x0213
mem[X,0x80005AF6] -> 0x0022
[664] [M]: 0x80005AF4 (0x00220213) addi tp, tp, 2
x4 <- 0x00000002


mem[X,0x80005AF8] -> 0x006F
mem[X,0x80005AFA] -> 0x00C0
[665] [M]: 0x80005AF8 (0x00C0006F) jal zero, 12


mem[X,0x80005B04] -> 0xA823
mem[X,0x80005B06] -> 0x0A40
[666] [M]: 0x80005B04 (0x0A40A823) sw tp, 176(ra)
mem[0x8004B324] <- 0x00000002


mem[X,0x80005B08] -> 0x0513
mem[X,0x80005B0A] -> 0x2000
[667] [M]: 0x80005B08 (0x20000513) addi a0, zero, 512
x10 <- 0x00000200


mem[X,0x80005B0C] -> 0x0593
mem[X,0x80005B0E] -> 0x00D0
[668] [M]: 0x80005B0C (0x00D00593) addi a1, zero, 13
x11 <- 0x0000000D


mem[X,0x80005B10] -> 0x0213
mem[X,0x80005B12] -> 0x0000
[669] [M]: 0x80005B10 (0x00000213) addi tp, zero, 0
x4 <- 0x00000000


mem[X,0x80005B14] -> 0x006F
mem[X,0x80005B16] -> 0x00C0
[670] [M]: 0x80005B14 (0x00C0006F) jal zero, 12


mem[X,0x80005B20] -> 0x6063
mem[X,0x80005B22] -> 0x04B5
[671] [M]: 0x80005B20 (0x04B56063) bltu a0, a1, 64


mem[X,0x80005B24] -> 0x0213
mem[X,0x80005B26] -> 0x0022
[672] [M]: 0x80005B24 (0x00220213) addi tp, tp, 2
x4 <- 0x00000002


mem[X,0x80005B28] -> 0x006F
mem[X,0x80005B2A] -> 0x0400
[673] [M]: 0x80005B28 (0x0400006F) jal zero, 64


mem[X,0x80005B68] -> 0xAA23
mem[X,0x80005B6A] -> 0x0A40
[674] [M]: 0x80005B68 (0x0A40AA23) sw tp, 180(ra)
mem[0x8004B328] <- 0x00000002


mem[X,0x80005B6C] -> 0x0513
mem[X,0x80005B6E] -> 0x4000
[675] [M]: 0x80005B6C (0x40000513) addi a0, zero, 1024
x10 <- 0x00000400


mem[X,0x80005B70] -> 0x05B7
mem[X,0x80005B72] -> 0xFFC0
[676] [M]: 0x80005B70 (0xFFC005B7) lui a1, 1047552
x11 <- 0xFFC00000


mem[X,0x80005B74] -> 0x8593
mem[X,0x80005B76] -> 0xFFF5
[677] [M]: 0x80005B74 (0xFFF58593) addi a1, a1, 4095
x11 <- 0xFFBFFFFF


mem[X,0x80005B78] -> 0x0213
mem[X,0x80005B7A] -> 0x0000
[678] [M]: 0x80005B78 (0x00000213) addi tp, zero, 0
x4 <- 0x00000000


mem[X,0x80005B7C] -> 0x006F
mem[X,0x80005B7E] -> 0x0180
[679] [M]: 0x80005B7C (0x0180006F) jal zero, 24


mem[X,0x80005B94] -> 0x66E3
mem[X,0x80005B96] -> 0xFEB5
[680] [M]: 0x80005B94 (0xFEB566E3) bltu a0, a1, 8172


mem[X,0x80005B80] -> 0x0213
mem[X,0x80005B82] -> 0x0012
[681] [M]: 0x80005B80 (0x00120213) addi tp, tp, 1
x4 <- 0x00000001


mem[X,0x80005B84] -> 0x006F
mem[X,0x80005B86] -> 0x0240
[682] [M]: 0x80005B84 (0x0240006F) jal zero, 36


mem[X,0x80005BA8] -> 0xAC23
mem[X,0x80005BAA] -> 0x0A40
[683] [M]: 0x80005BA8 (0x0A40AC23) sw tp, 184(ra)
mem[0x8004B32C] <- 0x00000001


mem[X,0x80005BAC] -> 0x1537
mem[X,0x80005BAE] -> 0x0000
[684] [M]: 0x80005BAC (0x00001537) lui a0, 1
x10 <- 0x00001000


mem[X,0x80005BB0] -> 0x0513
mem[X,0x80005BB2] -> 0x8005
[685] [M]: 0x80005BB0 (0x80050513) addi a0, a0, 2048
x10 <- 0x00000800


mem[X,0x80005BB4] -> 0x0593
mem[X,0x80005BB6] -> 0x0050
[686] [M]: 0x80005BB4 (0x00500593) addi a1, zero, 5
x11 <- 0x00000005


mem[X,0x80005BB8] -> 0x0213
mem[X,0x80005BBA] -> 0x0000
[687] [M]: 0x80005BB8 (0x00000213) addi tp, zero, 0
x4 <- 0x00000000


mem[X,0x80005BBC] -> 0x006F
mem[X,0x80005BBE] -> 0x2B10
[688] [M]: 0x80005BBC (0x2B10006F) jal zero, 2736


mem[X,0x8000666C] -> 0x6A63
mem[X,0x8000666E] -> 0xD4B5
[689] [M]: 0x8000666C (0xD4B56A63) bltu a0, a1, 5460


mem[X,0x80006670] -> 0x0213
mem[X,0x80006672] -> 0x0022
[690] [M]: 0x80006670 (0x00220213) addi tp, tp, 2
x4 <- 0x00000002


mem[X,0x80006674] -> 0x006F
mem[X,0x80006676] -> 0x00C0
[691] [M]: 0x80006674 (0x00C0006F) jal zero, 12


mem[X,0x80006680] -> 0xAE23
mem[X,0x80006682] -> 0x0A40
[692] [M]: 0x80006680 (0x0A40AE23) sw tp, 188(ra)
mem[0x8004B330] <- 0x00000002


mem[X,0x80006684] -> 0x1537
mem[X,0x80006686] -> 0x0000
[693] [M]: 0x80006684 (0x00001537) lui a0, 1
x10 <- 0x00001000


mem[X,0x80006688] -> 0x05B7
mem[X,0x8000668A] -> 0x4000
[694] [M]: 0x80006688 (0x400005B7) lui a1, 262144
x11 <- 0x40000000


mem[X,0x8000668C] -> 0x0213
mem[X,0x8000668E] -> 0x0000
[695] [M]: 0x8000668C (0x00000213) addi tp, zero, 0
x4 <- 0x00000000


mem[X,0x80006690] -> 0x006F
mem[X,0x80006692] -> 0x00C0
[696] [M]: 0x80006690 (0x00C0006F) jal zero, 12


mem[X,0x8000669C] -> 0x6063
mem[X,0x8000669E] -> 0x10B5
[697] [M]: 0x8000669C (0x10B56063) bltu a0, a1, 256


mem[X,0x8000679C] -> 0x0213
mem[X,0x8000679E] -> 0x0032
[698] [M]: 0x8000679C (0x00320213) addi tp, tp, 3
x4 <- 0x00000003


mem[X,0x800067A0] -> 0x006F
mem[X,0x800067A2] -> 0x0040
[699] [M]: 0x800067A0 (0x0040006F) jal zero, 4


clint::tick mtime <- 0x0000000000000007
 clint timer pending at mtime 0x0000000000000007
htif::tick 0x0000000000000000
mem[X,0x800067A4] -> 0xA023
mem[X,0x800067A6] -> 0x0C40
[700] [M]: 0x800067A4 (0x0C40A023) sw tp, 192(ra)
mem[0x8004B334] <- 0x00000003


mem[X,0x800067A8] -> 0x8537
mem[X,0x800067AA] -> 0x0000
[701] [M]: 0x800067A8 (0x00008537) lui a0, 8
x10 <- 0x00008000


mem[X,0x800067AC] -> 0x05B7
mem[X,0x800067AE] -> 0xFFFC
[702] [M]: 0x800067AC (0xFFFC05B7) lui a1, 1048512
x11 <- 0xFFFC0000


mem[X,0x800067B0] -> 0x8593
mem[X,0x800067B2] -> 0xFFF5
[703] [M]: 0x800067B0 (0xFFF58593) addi a1, a1, 4095
x11 <- 0xFFFBFFFF


mem[X,0x800067B4] -> 0x0213
mem[X,0x800067B6] -> 0x0000
[704] [M]: 0x800067B4 (0x00000213) addi tp, zero, 0
x4 <- 0x00000000


mem[X,0x800067B8] -> 0x006F
mem[X,0x800067BA] -> 0x00C0
[705] [M]: 0x800067B8 (0x00C0006F) jal zero, 12


mem[X,0x800067C4] -> 0x6663
mem[X,0x800067C6] -> 0x00B5
[706] [M]: 0x800067C4 (0x00B56663) bltu a0, a1, 12


mem[X,0x800067D0] -> 0x0213
mem[X,0x800067D2] -> 0x0032
[707] [M]: 0x800067D0 (0x00320213) addi tp, tp, 3
x4 <- 0x00000003


mem[X,0x800067D4] -> 0x006F
mem[X,0x800067D6] -> 0x0040
[708] [M]: 0x800067D4 (0x0040006F) jal zero, 4


mem[X,0x800067D8] -> 0xA223
mem[X,0x800067DA] -> 0x0C40
[709] [M]: 0x800067D8 (0x0C40A223) sw tp, 196(ra)
mem[0x8004B338] <- 0x00000003


mem[X,0x800067DC] -> 0x0537
mem[X,0x800067DE] -> 0x0002
[710] [M]: 0x800067DC (0x00020537) lui a0, 32
x10 <- 0x00020000


mem[X,0x800067E0] -> 0x05B7
mem[X,0x800067E2] -> 0x0080
[711] [M]: 0x800067E0 (0x008005B7) lui a1, 2048
x11 <- 0x00800000


mem[X,0x800067E4] -> 0x0213
mem[X,0x800067E6] -> 0x0000
[712] [M]: 0x800067E4 (0x00000213) addi tp, zero, 0
x4 <- 0x00000000


mem[X,0x800067E8] -> 0x006F
mem[X,0x800067EA] -> 0x00C0
[713] [M]: 0x800067E8 (0x00C0006F) jal zero, 12


mem[X,0x800067F4] -> 0x6CE3
mem[X,0x800067F6] -> 0xFEB5
[714] [M]: 0x800067F4 (0xFEB56CE3) bltu a0, a1, 8184


mem[X,0x800067EC] -> 0x0213
mem[X,0x800067EE] -> 0x0012
[715] [M]: 0x800067EC (0x00120213) addi tp, tp, 1
x4 <- 0x00000001


mem[X,0x800067F0] -> 0x006F
mem[X,0x800067F2] -> 0x0180
[716] [M]: 0x800067F0 (0x0180006F) jal zero, 24


mem[X,0x80006808] -> 0xA423
mem[X,0x8000680A] -> 0x0C40
[717] [M]: 0x80006808 (0x0C40A423) sw tp, 200(ra)
mem[0x8004B33C] <- 0x00000001


mem[X,0x8000680C] -> 0x0537
mem[X,0x8000680E] -> 0x0008
[718] [M]: 0x8000680C (0x00080537) lui a0, 128
x10 <- 0x00080000


mem[X,0x80006810] -> 0xF5B7
mem[X,0x80006812] -> 0xFFFF
[719] [M]: 0x80006810 (0xFFFFF5B7) lui a1, 1048575
x11 <- 0xFFFFF000


mem[X,0x80006814] -> 0x8593
mem[X,0x80006816] -> 0xFFF5
[720] [M]: 0x80006814 (0xFFF58593) addi a1, a1, 4095
x11 <- 0xFFFFEFFF


mem[X,0x80006818] -> 0x0213
mem[X,0x8000681A] -> 0x0000
[721] [M]: 0x80006818 (0x00000213) addi tp, zero, 0
x4 <- 0x00000000


mem[X,0x8000681C] -> 0x006F
mem[X,0x8000681E] -> 0x0180
[722] [M]: 0x8000681C (0x0180006F) jal zero, 24


mem[X,0x80006834] -> 0x66E3
mem[X,0x80006836] -> 0xFEB5
[723] [M]: 0x80006834 (0xFEB566E3) bltu a0, a1, 8172


mem[X,0x80006820] -> 0x0213
mem[X,0x80006822] -> 0x0012
[724] [M]: 0x80006820 (0x00120213) addi tp, tp, 1
x4 <- 0x00000001


mem[X,0x80006824] -> 0x006F
mem[X,0x80006826] -> 0x0240
[725] [M]: 0x80006824 (0x0240006F) jal zero, 36


mem[X,0x80006848] -> 0xA623
mem[X,0x8000684A] -> 0x0C40
[726] [M]: 0x80006848 (0x0C40A623) sw tp, 204(ra)
mem[0x8004B340] <- 0x00000001


mem[X,0x8000684C] -> 0x0537
mem[X,0x8000684E] -> 0x0020
[727] [M]: 0x8000684C (0x00200537) lui a0, 512
x10 <- 0x00200000


mem[X,0x80006850] -> 0x05B7
mem[X,0x80006852] -> 0x0400
[728] [M]: 0x80006850 (0x040005B7) lui a1, 16384
x11 <- 0x04000000


mem[X,0x80006854] -> 0x0213
mem[X,0x80006856] -> 0x0000
[729] [M]: 0x80006854 (0x00000213) addi tp, zero, 0
x4 <- 0x00000000


mem[X,0x80006858] -> 0x006F
mem[X,0x8000685A] -> 0x00C0
[730] [M]: 0x80006858 (0x00C0006F) jal zero, 12


mem[X,0x80006864] -> 0x6063
mem[X,0x80006866] -> 0x04B5
[731] [M]: 0x80006864 (0x04B56063) bltu a0, a1, 64


mem[X,0x800068A4] -> 0x0213
mem[X,0x800068A6] -> 0x0032
[732] [M]: 0x800068A4 (0x00320213) addi tp, tp, 3
x4 <- 0x00000003


mem[X,0x800068A8] -> 0x006F
mem[X,0x800068AA] -> 0x0040
[733] [M]: 0x800068A8 (0x0040006F) jal zero, 4


mem[X,0x800068AC] -> 0xA823
mem[X,0x800068AE] -> 0x0C40
[734] [M]: 0x800068AC (0x0C40A823) sw tp, 208(ra)
mem[0x8004B344] <- 0x00000003


mem[X,0x800068B0] -> 0x0537
mem[X,0x800068B2] -> 0x0040
[735] [M]: 0x800068B0 (0x00400537) lui a0, 1024
x10 <- 0x00400000


mem[X,0x800068B4] -> 0x05B7
mem[X,0x800068B6] -> 0x0004
[736] [M]: 0x800068B4 (0x000405B7) lui a1, 64
x11 <- 0x00040000


mem[X,0x800068B8] -> 0x0213
mem[X,0x800068BA] -> 0x0000
[737] [M]: 0x800068B8 (0x00000213) addi tp, zero, 0
x4 <- 0x00000000


mem[X,0x800068BC] -> 0x006F
mem[X,0x800068BE] -> 0x2B10
[738] [M]: 0x800068BC (0x2B10006F) jal zero, 2736


mem[X,0x8000736C] -> 0x6A63
mem[X,0x8000736E] -> 0xD4B5
[739] [M]: 0x8000736C (0xD4B56A63) bltu a0, a1, 5460


mem[X,0x80007370] -> 0x0213
mem[X,0x80007372] -> 0x0022
[740] [M]: 0x80007370 (0x00220213) addi tp, tp, 2
x4 <- 0x00000002


mem[X,0x80007374] -> 0x006F
mem[X,0x80007376] -> 0x00C0
[741] [M]: 0x80007374 (0x00C0006F) jal zero, 12


mem[X,0x80007380] -> 0xAA23
mem[X,0x80007382] -> 0x0C40
[742] [M]: 0x80007380 (0x0C40AA23) sw tp, 212(ra)
mem[0x8004B348] <- 0x00000002


mem[X,0x80007384] -> 0x0537
mem[X,0x80007386] -> 0x0100
[743] [M]: 0x80007384 (0x01000537) lui a0, 4096
x10 <- 0x01000000


mem[X,0x80007388] -> 0x05B7
mem[X,0x8000738A] -> 0xE000
[744] [M]: 0x80007388 (0xE00005B7) lui a1, 917504
x11 <- 0xE0000000


mem[X,0x8000738C] -> 0x8593
mem[X,0x8000738E] -> 0xFFF5
[745] [M]: 0x8000738C (0xFFF58593) addi a1, a1, 4095
x11 <- 0xDFFFFFFF


mem[X,0x80007390] -> 0x0213
mem[X,0x80007392] -> 0x0000
[746] [M]: 0x80007390 (0x00000213) addi tp, zero, 0
x4 <- 0x00000000


mem[X,0x80007394] -> 0x006F
mem[X,0x80007396] -> 0x00C0
[747] [M]: 0x80007394 (0x00C0006F) jal zero, 12


mem[X,0x800073A0] -> 0x6663
mem[X,0x800073A2] -> 0x00B5
[748] [M]: 0x800073A0 (0x00B56663) bltu a0, a1, 12


mem[X,0x800073AC] -> 0x0213
mem[X,0x800073AE] -> 0x0032
[749] [M]: 0x800073AC (0x00320213) addi tp, tp, 3
x4 <- 0x00000003


mem[X,0x800073B0] -> 0x006F
mem[X,0x800073B2] -> 0x0040
[750] [M]: 0x800073B0 (0x0040006F) jal zero, 4


mem[X,0x800073B4] -> 0xAC23
mem[X,0x800073B6] -> 0x0C40
[751] [M]: 0x800073B4 (0x0C40AC23) sw tp, 216(ra)
mem[0x8004B34C] <- 0x00000003


mem[X,0x800073B8] -> 0x0537
mem[X,0x800073BA] -> 0x0200
[752] [M]: 0x800073B8 (0x02000537) lui a0, 8192
x10 <- 0x02000000


mem[X,0x800073BC] -> 0x45B7
mem[X,0x800073BE] -> 0x0000
[753] [M]: 0x800073BC (0x000045B7) lui a1, 4
x11 <- 0x00004000


mem[X,0x800073C0] -> 0x0213
mem[X,0x800073C2] -> 0x0000
[754] [M]: 0x800073C0 (0x00000213) addi tp, zero, 0
x4 <- 0x00000000


mem[X,0x800073C4] -> 0x006F
mem[X,0x800073C6] -> 0x00C0
[755] [M]: 0x800073C4 (0x00C0006F) jal zero, 12


mem[X,0x800073D0] -> 0x6063
mem[X,0x800073D2] -> 0x40B5
[756] [M]: 0x800073D0 (0x40B56063) bltu a0, a1, 1024


mem[X,0x800073D4] -> 0x0213
mem[X,0x800073D6] -> 0x0022
[757] [M]: 0x800073D4 (0x00220213) addi tp, tp, 2
x4 <- 0x00000002


mem[X,0x800073D8] -> 0x006F
mem[X,0x800073DA] -> 0x4000
[758] [M]: 0x800073D8 (0x4000006F) jal zero, 1024


mem[X,0x800077D8] -> 0xAE23
mem[X,0x800077DA] -> 0x0C40
[759] [M]: 0x800077D8 (0x0C40AE23) sw tp, 220(ra)
mem[0x8004B350] <- 0x00000002


mem[X,0x800077DC] -> 0x0537
mem[X,0x800077DE] -> 0x0800
[760] [M]: 0x800077DC (0x08000537) lui a0, 32768
x10 <- 0x08000000


mem[X,0x800077E0] -> 0x05B7
mem[X,0x800077E2] -> 0x0002
[761] [M]: 0x800077E0 (0x000205B7) lui a1, 32
x11 <- 0x00020000


mem[X,0x800077E4] -> 0x0213
mem[X,0x800077E6] -> 0x0000
[762] [M]: 0x800077E4 (0x00000213) addi tp, zero, 0
x4 <- 0x00000000


mem[X,0x800077E8] -> 0x006F
mem[X,0x800077EA] -> 0x0140
[763] [M]: 0x800077E8 (0x0140006F) jal zero, 20


mem[X,0x800077FC] -> 0x68E3
mem[X,0x800077FE] -> 0xFEB5
[764] [M]: 0x800077FC (0xFEB568E3) bltu a0, a1, 8176


mem[X,0x80007800] -> 0x0213
mem[X,0x80007802] -> 0x0022
[765] [M]: 0x80007800 (0x00220213) addi tp, tp, 2
x4 <- 0x00000002


mem[X,0x80007804] -> 0x006F
mem[X,0x80007806] -> 0x00C0
[766] [M]: 0x80007804 (0x00C0006F) jal zero, 12


mem[X,0x80007810] -> 0xA023
mem[X,0x80007812] -> 0x0E40
[767] [M]: 0x80007810 (0x0E40A023) sw tp, 224(ra)
mem[0x8004B354] <- 0x00000002


mem[X,0x80007814] -> 0x0537
mem[X,0x80007816] -> 0x1000
[768] [M]: 0x80007814 (0x10000537) lui a0, 65536
x10 <- 0x10000000


mem[X,0x80007818] -> 0x0593
mem[X,0x8000781A] -> 0xBFF0
[769] [M]: 0x80007818 (0xBFF00593) addi a1, zero, 3071
x11 <- 0xFFFFFBFF


mem[X,0x8000781C] -> 0x0213
mem[X,0x8000781E] -> 0x0000
[770] [M]: 0x8000781C (0x00000213) addi tp, zero, 0
x4 <- 0x00000000


mem[X,0x80007820] -> 0x006F
mem[X,0x80007822] -> 0x00C0
[771] [M]: 0x80007820 (0x00C0006F) jal zero, 12


mem[X,0x8000782C] -> 0x6063
mem[X,0x8000782E] -> 0x40B5
[772] [M]: 0x8000782C (0x40B56063) bltu a0, a1, 1024


mem[X,0x80007C2C] -> 0x0213
mem[X,0x80007C2E] -> 0x0032
[773] [M]: 0x80007C2C (0x00320213) addi tp, tp, 3
x4 <- 0x00000003


mem[X,0x80007C30] -> 0x006F
mem[X,0x80007C32] -> 0x0040
[774] [M]: 0x80007C30 (0x0040006F) jal zero, 4


mem[X,0x80007C34] -> 0xA223
mem[X,0x80007C36] -> 0x0E40
[775] [M]: 0x80007C34 (0x0E40A223) sw tp, 228(ra)
mem[0x8004B358] <- 0x00000003


mem[X,0x80007C38] -> 0x0537
mem[X,0x80007C3A] -> 0x8000
[776] [M]: 0x80007C38 (0x80000537) lui a0, 524288
x10 <- 0x80000000


mem[X,0x80007C3C] -> 0x05B7
mem[X,0x80007C3E] -> 0xFE00
[777] [M]: 0x80007C3C (0xFE0005B7) lui a1, 1040384
x11 <- 0xFE000000


mem[X,0x80007C40] -> 0x8593
mem[X,0x80007C42] -> 0xFFF5
[778] [M]: 0x80007C40 (0xFFF58593) addi a1, a1, 4095
x11 <- 0xFDFFFFFF


mem[X,0x80007C44] -> 0x0213
mem[X,0x80007C46] -> 0x0000
[779] [M]: 0x80007C44 (0x00000213) addi tp, zero, 0
x4 <- 0x00000000


mem[X,0x80007C48] -> 0x006F
mem[X,0x80007C4A] -> 0x00C0
[780] [M]: 0x80007C48 (0x00C0006F) jal zero, 12


mem[X,0x80007C54] -> 0x6CE3
mem[X,0x80007C56] -> 0xFEB5
[781] [M]: 0x80007C54 (0xFEB56CE3) bltu a0, a1, 8184


mem[X,0x80007C4C] -> 0x0213
mem[X,0x80007C4E] -> 0x0012
[782] [M]: 0x80007C4C (0x00120213) addi tp, tp, 1
x4 <- 0x00000001


mem[X,0x80007C50] -> 0x006F
mem[X,0x80007C52] -> 0x0180
[783] [M]: 0x80007C50 (0x0180006F) jal zero, 24


mem[X,0x80007C68] -> 0xA423
mem[X,0x80007C6A] -> 0x0E40
[784] [M]: 0x80007C68 (0x0E40A423) sw tp, 232(ra)
mem[0x8004B35C] <- 0x00000001


mem[X,0x80007C6C] -> 0x0513
mem[X,0x80007C6E] -> 0xFFB0
[785] [M]: 0x80007C6C (0xFFB00513) addi a0, zero, 4091
x10 <- 0xFFFFFFFB


mem[X,0x80007C70] -> 0x55B7
mem[X,0x80007C72] -> 0x5555
[786] [M]: 0x80007C70 (0x555555B7) lui a1, 349525
x11 <- 0x55555000


mem[X,0x80007C74] -> 0x8593
mem[X,0x80007C76] -> 0x5545
[787] [M]: 0x80007C74 (0x55458593) addi a1, a1, 1364
x11 <- 0x55555554


mem[X,0x80007C78] -> 0x0213
mem[X,0x80007C7A] -> 0x0000
[788] [M]: 0x80007C78 (0x00000213) addi tp, zero, 0
x4 <- 0x00000000


mem[X,0x80007C7C] -> 0x006F
mem[X,0x80007C7E] -> 0x00C0
[789] [M]: 0x80007C7C (0x00C0006F) jal zero, 12


mem[X,0x80007C88] -> 0x6CE3
mem[X,0x80007C8A] -> 0xFEB5
[790] [M]: 0x80007C88 (0xFEB56CE3) bltu a0, a1, 8184


mem[X,0x80007C8C] -> 0x0213
mem[X,0x80007C8E] -> 0x0022
[791] [M]: 0x80007C8C (0x00220213) addi tp, tp, 2
x4 <- 0x00000002


mem[X,0x80007C90] -> 0x006F
mem[X,0x80007C92] -> 0x00C0
[792] [M]: 0x80007C90 (0x00C0006F) jal zero, 12


mem[X,0x80007C9C] -> 0xA623
mem[X,0x80007C9E] -> 0x0E40
[793] [M]: 0x80007C9C (0x0E40A623) sw tp, 236(ra)
mem[0x8004B360] <- 0x00000002


mem[X,0x80007CA0] -> 0x0513
mem[X,0x80007CA2] -> 0xFDF0
[794] [M]: 0x80007CA0 (0xFDF00513) addi a0, zero, 4063
x10 <- 0xFFFFFFDF


mem[X,0x80007CA4] -> 0x85B7
mem[X,0x80007CA6] -> 0xFFFF
[795] [M]: 0x80007CA4 (0xFFFF85B7) lui a1, 1048568
x11 <- 0xFFFF8000


mem[X,0x80007CA8] -> 0x8593
mem[X,0x80007CAA] -> 0xFFF5
[796] [M]: 0x80007CA8 (0xFFF58593) addi a1, a1, 4095
x11 <- 0xFFFF7FFF


mem[X,0x80007CAC] -> 0x0213
mem[X,0x80007CAE] -> 0x0000
[797] [M]: 0x80007CAC (0x00000213) addi tp, zero, 0
x4 <- 0x00000000


mem[X,0x80007CB0] -> 0x006F
mem[X,0x80007CB2] -> 0x0180
[798] [M]: 0x80007CB0 (0x0180006F) jal zero, 24


mem[X,0x80007CC8] -> 0x66E3
mem[X,0x80007CCA] -> 0xFEB5
[799] [M]: 0x80007CC8 (0xFEB566E3) bltu a0, a1, 8172


clint::tick mtime <- 0x0000000000000008
 clint timer pending at mtime 0x0000000000000008
htif::tick 0x0000000000000000
mem[X,0x80007CCC] -> 0x0213
mem[X,0x80007CCE] -> 0x0022
[800] [M]: 0x80007CCC (0x00220213) addi tp, tp, 2
x4 <- 0x00000002


mem[X,0x80007CD0] -> 0x006F
mem[X,0x80007CD2] -> 0x00C0
[801] [M]: 0x80007CD0 (0x00C0006F) jal zero, 12


mem[X,0x80007CDC] -> 0xA823
mem[X,0x80007CDE] -> 0x0E40
[802] [M]: 0x80007CDC (0x0E40A823) sw tp, 240(ra)
mem[0x8004B364] <- 0x00000002


mem[X,0x80007CE0] -> 0x0513
mem[X,0x80007CE2] -> 0xFBF0
[803] [M]: 0x80007CE0 (0xFBF00513) addi a0, zero, 4031
x10 <- 0xFFFFFFBF


mem[X,0x80007CE4] -> 0x0593
mem[X,0x80007CE6] -> 0x0020
[804] [M]: 0x80007CE4 (0x00200593) addi a1, zero, 2
x11 <- 0x00000002


mem[X,0x80007CE8] -> 0x0213
mem[X,0x80007CEA] -> 0x0000
[805] [M]: 0x80007CE8 (0x00000213) addi tp, zero, 0
x4 <- 0x00000000


mem[X,0x80007CEC] -> 0x006F
mem[X,0x80007CEE] -> 0x00C0
[806] [M]: 0x80007CEC (0x00C0006F) jal zero, 12


mem[X,0x80007CF8] -> 0x6063
mem[X,0x80007CFA] -> 0x40B5
[807] [M]: 0x80007CF8 (0x40B56063) bltu a0, a1, 1024


mem[X,0x80007CFC] -> 0x0213
mem[X,0x80007CFE] -> 0x0022
[808] [M]: 0x80007CFC (0x00220213) addi tp, tp, 2
x4 <- 0x00000002


mem[X,0x80007D00] -> 0x006F
mem[X,0x80007D02] -> 0x4000
[809] [M]: 0x80007D00 (0x4000006F) jal zero, 1024


mem[X,0x80008100] -> 0xAA23
mem[X,0x80008102] -> 0x0E40
[810] [M]: 0x80008100 (0x0E40AA23) sw tp, 244(ra)
mem[0x8004B368] <- 0x00000002


mem[X,0x80008104] -> 0x0513
mem[X,0x80008106] -> 0xEFF0
[811] [M]: 0x80008104 (0xEFF00513) addi a0, zero, 3839
x10 <- 0xFFFFFEFF


mem[X,0x80008108] -> 0xB5B7
mem[X,0x8000810A] -> 0xAAAA
[812] [M]: 0x80008108 (0xAAAAB5B7) lui a1, 699051
x11 <- 0xAAAAB000


mem[X,0x8000810C] -> 0x8593
mem[X,0x8000810E] -> 0xAAA5
[813] [M]: 0x8000810C (0xAAA58593) addi a1, a1, 2730
x11 <- 0xAAAAAAAA


mem[X,0x80008110] -> 0x0213
mem[X,0x80008112] -> 0x0000
[814] [M]: 0x80008110 (0x00000213) addi tp, zero, 0
x4 <- 0x00000000


mem[X,0x80008114] -> 0x006F
mem[X,0x80008116] -> 0x00C0
[815] [M]: 0x80008114 (0x00C0006F) jal zero, 12


mem[X,0x80008120] -> 0x6CE3
mem[X,0x80008122] -> 0xFEB5
[816] [M]: 0x80008120 (0xFEB56CE3) bltu a0, a1, 8184


mem[X,0x80008124] -> 0x0213
mem[X,0x80008126] -> 0x0022
[817] [M]: 0x80008124 (0x00220213) addi tp, tp, 2
x4 <- 0x00000002


mem[X,0x80008128] -> 0x006F
mem[X,0x8000812A] -> 0x00C0
[818] [M]: 0x80008128 (0x00C0006F) jal zero, 12


mem[X,0x80008134] -> 0xAC23
mem[X,0x80008136] -> 0x0E40
[819] [M]: 0x80008134 (0x0E40AC23) sw tp, 248(ra)
mem[0x8004B36C] <- 0x00000002


mem[X,0x80008138] -> 0x0513
mem[X,0x8000813A] -> 0xDFF0
[820] [M]: 0x80008138 (0xDFF00513) addi a0, zero, 3583
x10 <- 0xFFFFFDFF


mem[X,0x8000813C] -> 0x0593
mem[X,0x8000813E] -> 0x4000
[821] [M]: 0x8000813C (0x40000593) addi a1, zero, 1024
x11 <- 0x00000400


mem[X,0x80008140] -> 0x0213
mem[X,0x80008142] -> 0x0000
[822] [M]: 0x80008140 (0x00000213) addi tp, zero, 0
x4 <- 0x00000000


mem[X,0x80008144] -> 0x006F
mem[X,0x80008146] -> 0x00C0
[823] [M]: 0x80008144 (0x00C0006F) jal zero, 12


mem[X,0x80008150] -> 0x6CE3
mem[X,0x80008152] -> 0xFEB5
[824] [M]: 0x80008150 (0xFEB56CE3) bltu a0, a1, 8184


mem[X,0x80008154] -> 0x0213
mem[X,0x80008156] -> 0x0022
[825] [M]: 0x80008154 (0x00220213) addi tp, tp, 2
x4 <- 0x00000002


mem[X,0x80008158] -> 0x006F
mem[X,0x8000815A] -> 0x00C0
[826] [M]: 0x80008158 (0x00C0006F) jal zero, 12


mem[X,0x80008164] -> 0xAE23
mem[X,0x80008166] -> 0x0E40
[827] [M]: 0x80008164 (0x0E40AE23) sw tp, 252(ra)
mem[0x8004B370] <- 0x00000002


mem[X,0x80008168] -> 0x0513
mem[X,0x8000816A] -> 0xBFF0
[828] [M]: 0x80008168 (0xBFF00513) addi a0, zero, 3071
x10 <- 0xFFFFFBFF


mem[X,0x8000816C] -> 0x05B7
mem[X,0x8000816E] -> 0x0010
[829] [M]: 0x8000816C (0x001005B7) lui a1, 256
x11 <- 0x00100000


mem[X,0x80008170] -> 0x0213
mem[X,0x80008172] -> 0x0000
[830] [M]: 0x80008170 (0x00000213) addi tp, zero, 0
x4 <- 0x00000000


mem[X,0x80008174] -> 0x006F
mem[X,0x80008176] -> 0x0140
[831] [M]: 0x80008174 (0x0140006F) jal zero, 20


mem[X,0x80008188] -> 0x68E3
mem[X,0x8000818A] -> 0xFEB5
[832] [M]: 0x80008188 (0xFEB568E3) bltu a0, a1, 8176


mem[X,0x8000818C] -> 0x0213
mem[X,0x8000818E] -> 0x0022
[833] [M]: 0x8000818C (0x00220213) addi tp, tp, 2
x4 <- 0x00000002


mem[X,0x80008190] -> 0x006F
mem[X,0x80008192] -> 0x00C0
[834] [M]: 0x80008190 (0x00C0006F) jal zero, 12


mem[X,0x8000819C] -> 0xA023
mem[X,0x8000819E] -> 0x1040
[835] [M]: 0x8000819C (0x1040A023) sw tp, 256(ra)
mem[0x8004B374] <- 0x00000002


mem[X,0x800081A0] -> 0xF537
mem[X,0x800081A2] -> 0xFFFF
[836] [M]: 0x800081A0 (0xFFFFF537) lui a0, 1048575
x10 <- 0xFFFFF000


mem[X,0x800081A4] -> 0x0513
mem[X,0x800081A6] -> 0x7FF5
[837] [M]: 0x800081A4 (0x7FF50513) addi a0, a0, 2047
x10 <- 0xFFFFF7FF


mem[X,0x800081A8] -> 0x15B7
mem[X,0x800081AA] -> 0x0000
[838] [M]: 0x800081A8 (0x000015B7) lui a1, 1
x11 <- 0x00001000


mem[X,0x800081AC] -> 0x0213
mem[X,0x800081AE] -> 0x0000
[839] [M]: 0x800081AC (0x00000213) addi tp, zero, 0
x4 <- 0x00000000


mem[X,0x800081B0] -> 0x006F
mem[X,0x800081B2] -> 0x00C0
[840] [M]: 0x800081B0 (0x00C0006F) jal zero, 12


mem[X,0x800081BC] -> 0x6063
mem[X,0x800081BE] -> 0x20B5
[841] [M]: 0x800081BC (0x20B56063) bltu a0, a1, 512


mem[X,0x800081C0] -> 0x0213
mem[X,0x800081C2] -> 0x0022
[842] [M]: 0x800081C0 (0x00220213) addi tp, tp, 2
x4 <- 0x00000002


mem[X,0x800081C4] -> 0x006F
mem[X,0x800081C6] -> 0x2000
[843] [M]: 0x800081C4 (0x2000006F) jal zero, 512


mem[X,0x800083C4] -> 0xA223
mem[X,0x800083C6] -> 0x1040
[844] [M]: 0x800083C4 (0x1040A223) sw tp, 260(ra)
mem[0x8004B378] <- 0x00000002


mem[X,0x800083C8] -> 0xF537
mem[X,0x800083CA] -> 0xFFFF
[845] [M]: 0x800083C8 (0xFFFFF537) lui a0, 1048575
x10 <- 0xFFFFF000


mem[X,0x800083CC] -> 0x0513
mem[X,0x800083CE] -> 0xFFF5
[846] [M]: 0x800083CC (0xFFF50513) addi a0, a0, 4095
x10 <- 0xFFFFEFFF


mem[X,0x800083D0] -> 0x0593
mem[X,0x800083D2] -> 0x0030
[847] [M]: 0x800083D0 (0x00300593) addi a1, zero, 3
x11 <- 0x00000003


mem[X,0x800083D4] -> 0x0213
mem[X,0x800083D6] -> 0x0000
[848] [M]: 0x800083D4 (0x00000213) addi tp, zero, 0
x4 <- 0x00000000


mem[X,0x800083D8] -> 0x006F
mem[X,0x800083DA] -> 0x0100
[849] [M]: 0x800083D8 (0x0100006F) jal zero, 16


mem[X,0x800083E8] -> 0x6AE3
mem[X,0x800083EA] -> 0xFEB5
[850] [M]: 0x800083E8 (0xFEB56AE3) bltu a0, a1, 8180


mem[X,0x800083EC] -> 0x0213
mem[X,0x800083EE] -> 0x0022
[851] [M]: 0x800083EC (0x00220213) addi tp, tp, 2
x4 <- 0x00000002


mem[X,0x800083F0] -> 0x006F
mem[X,0x800083F2] -> 0x00C0
[852] [M]: 0x800083F0 (0x00C0006F) jal zero, 12


mem[X,0x800083FC] -> 0xA423
mem[X,0x800083FE] -> 0x1040
[853] [M]: 0x800083FC (0x1040A423) sw tp, 264(ra)
mem[0x8004B37C] <- 0x00000002


mem[X,0x80008400] -> 0xE537
mem[X,0x80008402] -> 0xFFFF
[854] [M]: 0x80008400 (0xFFFFE537) lui a0, 1048574
x10 <- 0xFFFFE000


mem[X,0x80008404] -> 0x0513
mem[X,0x80008406] -> 0xFFF5
[855] [M]: 0x80008404 (0xFFF50513) addi a0, a0, 4095
x10 <- 0xFFFFDFFF


mem[X,0x80008408] -> 0x05B7
mem[X,0x8000840A] -> 0xFF80
[856] [M]: 0x80008408 (0xFF8005B7) lui a1, 1046528
x11 <- 0xFF800000


mem[X,0x8000840C] -> 0x8593
mem[X,0x8000840E] -> 0xFFF5
[857] [M]: 0x8000840C (0xFFF58593) addi a1, a1, 4095
x11 <- 0xFF7FFFFF


mem[X,0x80008410] -> 0x0213
mem[X,0x80008412] -> 0x0000
[858] [M]: 0x80008410 (0x00000213) addi tp, zero, 0
x4 <- 0x00000000


mem[X,0x80008414] -> 0x006F
mem[X,0x80008416] -> 0x00C0
[859] [M]: 0x80008414 (0x00C0006F) jal zero, 12


mem[X,0x80008420] -> 0x6663
mem[X,0x80008422] -> 0x00B5
[860] [M]: 0x80008420 (0x00B56663) bltu a0, a1, 12


mem[X,0x80008424] -> 0x0213
mem[X,0x80008426] -> 0x0022
[861] [M]: 0x80008424 (0x00220213) addi tp, tp, 2
x4 <- 0x00000002


mem[X,0x80008428] -> 0x006F
mem[X,0x8000842A] -> 0x00C0
[862] [M]: 0x80008428 (0x00C0006F) jal zero, 12


mem[X,0x80008434] -> 0xA623
mem[X,0x80008436] -> 0x1040
[863] [M]: 0x80008434 (0x1040A623) sw tp, 268(ra)
mem[0x8004B380] <- 0x00000002


mem[X,0x80008438] -> 0xC537
mem[X,0x8000843A] -> 0xFFFF
[864] [M]: 0x80008438 (0xFFFFC537) lui a0, 1048572
x10 <- 0xFFFFC000


mem[X,0x8000843C] -> 0x0513
mem[X,0x8000843E] -> 0xFFF5
[865] [M]: 0x8000843C (0xFFF50513) addi a0, a0, 4095
x10 <- 0xFFFFBFFF


mem[X,0x80008440] -> 0x0593
mem[X,0x80008442] -> 0x0030
[866] [M]: 0x80008440 (0x00300593) addi a1, zero, 3
x11 <- 0x00000003


mem[X,0x80008444] -> 0x0213
mem[X,0x80008446] -> 0x0000
[867] [M]: 0x80008444 (0x00000213) addi tp, zero, 0
x4 <- 0x00000000


mem[X,0x80008448] -> 0x006F
mem[X,0x8000844A] -> 0x00C0
[868] [M]: 0x80008448 (0x00C0006F) jal zero, 12


mem[X,0x80008454] -> 0x6063
mem[X,0x80008456] -> 0x40B5
[869] [M]: 0x80008454 (0x40B56063) bltu a0, a1, 1024


mem[X,0x80008458] -> 0x0213
mem[X,0x8000845A] -> 0x0022
[870] [M]: 0x80008458 (0x00220213) addi tp, tp, 2
x4 <- 0x00000002


mem[X,0x8000845C] -> 0x006F
mem[X,0x8000845E] -> 0x4000
[871] [M]: 0x8000845C (0x4000006F) jal zero, 1024


mem[X,0x8000885C] -> 0xA823
mem[X,0x8000885E] -> 0x1040
[872] [M]: 0x8000885C (0x1040A823) sw tp, 272(ra)
mem[0x8004B384] <- 0x00000002


mem[X,0x80008860] -> 0x8537
mem[X,0x80008862] -> 0xFFFF
[873] [M]: 0x80008860 (0xFFFF8537) lui a0, 1048568
x10 <- 0xFFFF8000


mem[X,0x80008864] -> 0x0513
mem[X,0x80008866] -> 0xFFF5
[874] [M]: 0x80008864 (0xFFF50513) addi a0, a0, 4095
x10 <- 0xFFFF7FFF


mem[X,0x80008868] -> 0x0593
mem[X,0x8000886A] -> 0x0090
[875] [M]: 0x80008868 (0x00900593) addi a1, zero, 9
x11 <- 0x00000009


mem[X,0x8000886C] -> 0x0213
mem[X,0x8000886E] -> 0x0000
[876] [M]: 0x8000886C (0x00000213) addi tp, zero, 0
x4 <- 0x00000000


mem[X,0x80008870] -> 0x006F
mem[X,0x80008872] -> 0x00C0
[877] [M]: 0x80008870 (0x00C0006F) jal zero, 12


mem[X,0x8000887C] -> 0x6063
mem[X,0x8000887E] -> 0x20B5
[878] [M]: 0x8000887C (0x20B56063) bltu a0, a1, 512


mem[X,0x80008880] -> 0x0213
mem[X,0x80008882] -> 0x0022
[879] [M]: 0x80008880 (0x00220213) addi tp, tp, 2
x4 <- 0x00000002


mem[X,0x80008884] -> 0x006F
mem[X,0x80008886] -> 0x2000
[880] [M]: 0x80008884 (0x2000006F) jal zero, 512


mem[X,0x80008A84] -> 0xAA23
mem[X,0x80008A86] -> 0x1040
[881] [M]: 0x80008A84 (0x1040AA23) sw tp, 276(ra)
mem[0x8004B388] <- 0x00000002


mem[X,0x80008A88] -> 0x0537
mem[X,0x80008A8A] -> 0xFFFC
[882] [M]: 0x80008A88 (0xFFFC0537) lui a0, 1048512
x10 <- 0xFFFC0000


mem[X,0x80008A8C] -> 0x0513
mem[X,0x80008A8E] -> 0xFFF5
[883] [M]: 0x80008A8C (0xFFF50513) addi a0, a0, 4095
x10 <- 0xFFFBFFFF


mem[X,0x80008A90] -> 0x15B7
mem[X,0x80008A92] -> 0x0000
[884] [M]: 0x80008A90 (0x000015B7) lui a1, 1
x11 <- 0x00001000


mem[X,0x80008A94] -> 0x8593
mem[X,0x80008A96] -> 0x8005
[885] [M]: 0x80008A94 (0x80058593) addi a1, a1, 2048
x11 <- 0x00000800


mem[X,0x80008A98] -> 0x0213
mem[X,0x80008A9A] -> 0x0000
[886] [M]: 0x80008A98 (0x00000213) addi tp, zero, 0
x4 <- 0x00000000


mem[X,0x80008A9C] -> 0x006F
mem[X,0x80008A9E] -> 0x00C0
[887] [M]: 0x80008A9C (0x00C0006F) jal zero, 12


mem[X,0x80008AA8] -> 0x6063
mem[X,0x80008AAA] -> 0x04B5
[888] [M]: 0x80008AA8 (0x04B56063) bltu a0, a1, 64


mem[X,0x80008AAC] -> 0x0213
mem[X,0x80008AAE] -> 0x0022
[889] [M]: 0x80008AAC (0x00220213) addi tp, tp, 2
x4 <- 0x00000002


mem[X,0x80008AB0] -> 0x006F
mem[X,0x80008AB2] -> 0x0400
[890] [M]: 0x80008AB0 (0x0400006F) jal zero, 64


mem[X,0x80008AF0] -> 0xAC23
mem[X,0x80008AF2] -> 0x1040
[891] [M]: 0x80008AF0 (0x1040AC23) sw tp, 280(ra)
mem[0x8004B38C] <- 0x00000002


mem[X,0x80008AF4] -> 0x0537
mem[X,0x80008AF6] -> 0xFFF8
[892] [M]: 0x80008AF4 (0xFFF80537) lui a0, 1048448
x10 <- 0xFFF80000


mem[X,0x80008AF8] -> 0x0513
mem[X,0x80008AFA] -> 0xFFF5
[893] [M]: 0x80008AF8 (0xFFF50513) addi a0, a0, 4095
x10 <- 0xFFF7FFFF


mem[X,0x80008AFC] -> 0x0593
mem[X,0x80008AFE] -> 0xFFF0
[894] [M]: 0x80008AFC (0xFFF00593) addi a1, zero, 4095
x11 <- 0xFFFFFFFF


mem[X,0x80008B00] -> 0x0213
mem[X,0x80008B02] -> 0x0000
[895] [M]: 0x80008B00 (0x00000213) addi tp, zero, 0
x4 <- 0x00000000


mem[X,0x80008B04] -> 0x006F
mem[X,0x80008B06] -> 0x00C0
[896] [M]: 0x80008B04 (0x00C0006F) jal zero, 12


mem[X,0x80008B10] -> 0x6663
mem[X,0x80008B12] -> 0x00B5
[897] [M]: 0x80008B10 (0x00B56663) bltu a0, a1, 12


mem[X,0x80008B1C] -> 0x0213
mem[X,0x80008B1E] -> 0x0032
[898] [M]: 0x80008B1C (0x00320213) addi tp, tp, 3
x4 <- 0x00000003


mem[X,0x80008B20] -> 0x006F
mem[X,0x80008B22] -> 0x0040
[899] [M]: 0x80008B20 (0x0040006F) jal zero, 4


clint::tick mtime <- 0x0000000000000009
 clint timer pending at mtime 0x0000000000000009
htif::tick 0x0000000000000000
mem[X,0x80008B24] -> 0xAE23
mem[X,0x80008B26] -> 0x1040
[900] [M]: 0x80008B24 (0x1040AE23) sw tp, 284(ra)
mem[0x8004B390] <- 0x00000003


mem[X,0x80008B28] -> 0x0537
mem[X,0x80008B2A] -> 0xFFF0
[901] [M]: 0x80008B28 (0xFFF00537) lui a0, 1048320
x10 <- 0xFFF00000


mem[X,0x80008B2C] -> 0x0513
mem[X,0x80008B2E] -> 0xFFF5
[902] [M]: 0x80008B2C (0xFFF50513) addi a0, a0, 4095
x10 <- 0xFFEFFFFF


mem[X,0x80008B30] -> 0x05B7
mem[X,0x80008B32] -> 0x0001
[903] [M]: 0x80008B30 (0x000105B7) lui a1, 16
x11 <- 0x00010000


mem[X,0x80008B34] -> 0x0213
mem[X,0x80008B36] -> 0x0000
[904] [M]: 0x80008B34 (0x00000213) addi tp, zero, 0
x4 <- 0x00000000


mem[X,0x80008B38] -> 0x006F
mem[X,0x80008B3A] -> 0x00C0
[905] [M]: 0x80008B38 (0x00C0006F) jal zero, 12


mem[X,0x80008B44] -> 0x6663
mem[X,0x80008B46] -> 0x00B5
[906] [M]: 0x80008B44 (0x00B56663) bltu a0, a1, 12


mem[X,0x80008B48] -> 0x0213
mem[X,0x80008B4A] -> 0x0022
[907] [M]: 0x80008B48 (0x00220213) addi tp, tp, 2
x4 <- 0x00000002


mem[X,0x80008B4C] -> 0x006F
mem[X,0x80008B4E] -> 0x00C0
[908] [M]: 0x80008B4C (0x00C0006F) jal zero, 12


mem[X,0x80008B58] -> 0xA023
mem[X,0x80008B5A] -> 0x1240
[909] [M]: 0x80008B58 (0x1240A023) sw tp, 288(ra)
mem[0x8004B394] <- 0x00000002


mem[X,0x80008B5C] -> 0x0537
mem[X,0x80008B5E] -> 0xFFC0
[910] [M]: 0x80008B5C (0xFFC00537) lui a0, 1047552
x10 <- 0xFFC00000


mem[X,0x80008B60] -> 0x0513
mem[X,0x80008B62] -> 0xFFF5
[911] [M]: 0x80008B60 (0xFFF50513) addi a0, a0, 4095
x10 <- 0xFFBFFFFF


mem[X,0x80008B64] -> 0x0593
mem[X,0x80008B66] -> 0x0000
[912] [M]: 0x80008B64 (0x00000593) addi a1, zero, 0
x11 <- 0x00000000


mem[X,0x80008B68] -> 0x0213
mem[X,0x80008B6A] -> 0x0000
[913] [M]: 0x80008B68 (0x00000213) addi tp, zero, 0
x4 <- 0x00000000


mem[X,0x80008B6C] -> 0x006F
mem[X,0x80008B6E] -> 0x00C0
[914] [M]: 0x80008B6C (0x00C0006F) jal zero, 12


mem[X,0x80008B78] -> 0x6663
mem[X,0x80008B7A] -> 0x00B5
[915] [M]: 0x80008B78 (0x00B56663) bltu a0, a1, 12


mem[X,0x80008B7C] -> 0x0213
mem[X,0x80008B7E] -> 0x0022
[916] [M]: 0x80008B7C (0x00220213) addi tp, tp, 2
x4 <- 0x00000002


mem[X,0x80008B80] -> 0x006F
mem[X,0x80008B82] -> 0x00C0
[917] [M]: 0x80008B80 (0x00C0006F) jal zero, 12


mem[X,0x80008B8C] -> 0xA223
mem[X,0x80008B8E] -> 0x1240
[918] [M]: 0x80008B8C (0x1240A223) sw tp, 292(ra)
mem[0x8004B398] <- 0x00000002


mem[X,0x80008B90] -> 0x0537
mem[X,0x80008B92] -> 0xFF00
[919] [M]: 0x80008B90 (0xFF000537) lui a0, 1044480
x10 <- 0xFF000000


mem[X,0x80008B94] -> 0x0513
mem[X,0x80008B96] -> 0xFFF5
[920] [M]: 0x80008B94 (0xFFF50513) addi a0, a0, 4095
x10 <- 0xFEFFFFFF


mem[X,0x80008B98] -> 0x0593
mem[X,0x80008B9A] -> 0x0800
[921] [M]: 0x80008B98 (0x08000593) addi a1, zero, 128
x11 <- 0x00000080


mem[X,0x80008B9C] -> 0x0213
mem[X,0x80008B9E] -> 0x0000
[922] [M]: 0x80008B9C (0x00000213) addi tp, zero, 0
x4 <- 0x00000000


mem[X,0x80008BA0] -> 0x006F
mem[X,0x80008BA2] -> 0x00C0
[923] [M]: 0x80008BA0 (0x00C0006F) jal zero, 12


mem[X,0x80008BAC] -> 0x6663
mem[X,0x80008BAE] -> 0x00B5
[924] [M]: 0x80008BAC (0x00B56663) bltu a0, a1, 12


mem[X,0x80008BB0] -> 0x0213
mem[X,0x80008BB2] -> 0x0022
[925] [M]: 0x80008BB0 (0x00220213) addi tp, tp, 2
x4 <- 0x00000002


mem[X,0x80008BB4] -> 0x006F
mem[X,0x80008BB6] -> 0x00C0
[926] [M]: 0x80008BB4 (0x00C0006F) jal zero, 12


mem[X,0x80008BC0] -> 0xA423
mem[X,0x80008BC2] -> 0x1240
[927] [M]: 0x80008BC0 (0x1240A423) sw tp, 296(ra)
mem[0x8004B39C] <- 0x00000002


mem[X,0x80008BC4] -> 0x0537
mem[X,0x80008BC6] -> 0xFC00
[928] [M]: 0x80008BC4 (0xFC000537) lui a0, 1032192
x10 <- 0xFC000000


mem[X,0x80008BC8] -> 0x0513
mem[X,0x80008BCA] -> 0xFFF5
[929] [M]: 0x80008BC8 (0xFFF50513) addi a0, a0, 4095
x10 <- 0xFBFFFFFF


mem[X,0x80008BCC] -> 0x0593
mem[X,0x80008BCE] -> 0x0030
[930] [M]: 0x80008BCC (0x00300593) addi a1, zero, 3
x11 <- 0x00000003


mem[X,0x80008BD0] -> 0x0213
mem[X,0x80008BD2] -> 0x0000
[931] [M]: 0x80008BD0 (0x00000213) addi tp, zero, 0
x4 <- 0x00000000


mem[X,0x80008BD4] -> 0x006F
mem[X,0x80008BD6] -> 0x2B10
[932] [M]: 0x80008BD4 (0x2B10006F) jal zero, 2736


mem[X,0x80009684] -> 0x6A63
mem[X,0x80009686] -> 0xD4B5
[933] [M]: 0x80009684 (0xD4B56A63) bltu a0, a1, 5460


mem[X,0x80009688] -> 0x0213
mem[X,0x8000968A] -> 0x0022
[934] [M]: 0x80009688 (0x00220213) addi tp, tp, 2
x4 <- 0x00000002


mem[X,0x8000968C] -> 0x006F
mem[X,0x8000968E] -> 0x00C0
[935] [M]: 0x8000968C (0x00C0006F) jal zero, 12


mem[X,0x80009698] -> 0xA623
mem[X,0x8000969A] -> 0x1240
[936] [M]: 0x80009698 (0x1240A623) sw tp, 300(ra)
mem[0x8004B3A0] <- 0x00000002


mem[X,0x8000969C] -> 0x0537
mem[X,0x8000969E] -> 0xF800
[937] [M]: 0x8000969C (0xF8000537) lui a0, 1015808
x10 <- 0xF8000000


mem[X,0x800096A0] -> 0x0513
mem[X,0x800096A2] -> 0xFFF5
[938] [M]: 0x800096A0 (0xFFF50513) addi a0, a0, 4095
x10 <- 0xF7FFFFFF


mem[X,0x800096A4] -> 0xC5B7
mem[X,0x800096A6] -> 0xFFFF
[939] [M]: 0x800096A4 (0xFFFFC5B7) lui a1, 1048572
x11 <- 0xFFFFC000


mem[X,0x800096A8] -> 0x8593
mem[X,0x800096AA] -> 0xFFF5
[940] [M]: 0x800096A8 (0xFFF58593) addi a1, a1, 4095
x11 <- 0xFFFFBFFF


mem[X,0x800096AC] -> 0x0213
mem[X,0x800096AE] -> 0x0000
[941] [M]: 0x800096AC (0x00000213) addi tp, zero, 0
x4 <- 0x00000000


mem[X,0x800096B0] -> 0x006F
mem[X,0x800096B2] -> 0x00C0
[942] [M]: 0x800096B0 (0x00C0006F) jal zero, 12


mem[X,0x800096BC] -> 0x6063
mem[X,0x800096BE] -> 0x04B5
[943] [M]: 0x800096BC (0x04B56063) bltu a0, a1, 64


mem[X,0x800096FC] -> 0x0213
mem[X,0x800096FE] -> 0x0032
[944] [M]: 0x800096FC (0x00320213) addi tp, tp, 3
x4 <- 0x00000003


mem[X,0x80009700] -> 0x006F
mem[X,0x80009702] -> 0x0040
[945] [M]: 0x80009700 (0x0040006F) jal zero, 4


mem[X,0x80009704] -> 0xA823
mem[X,0x80009706] -> 0x1240
[946] [M]: 0x80009704 (0x1240A823) sw tp, 304(ra)
mem[0x8004B3A4] <- 0x00000003


mem[X,0x80009708] -> 0x5537
mem[X,0x8000970A] -> 0x5555
[947] [M]: 0x80009708 (0x55555537) lui a0, 349525
x10 <- 0x55555000


mem[X,0x8000970C] -> 0x0513
mem[X,0x8000970E] -> 0x5555
[948] [M]: 0x8000970C (0x55550513) addi a0, a0, 1365
x10 <- 0x55555555


mem[X,0x80009710] -> 0x05B7
mem[X,0x80009712] -> 0xE000
[949] [M]: 0x80009710 (0xE00005B7) lui a1, 917504
x11 <- 0xE0000000


mem[X,0x80009714] -> 0x8593
mem[X,0x80009716] -> 0xFFF5
[950] [M]: 0x80009714 (0xFFF58593) addi a1, a1, 4095
x11 <- 0xDFFFFFFF


mem[X,0x80009718] -> 0x0213
mem[X,0x8000971A] -> 0x0000
[951] [M]: 0x80009718 (0x00000213) addi tp, zero, 0
x4 <- 0x00000000


mem[X,0x8000971C] -> 0x006F
mem[X,0x8000971E] -> 0x00C0
[952] [M]: 0x8000971C (0x00C0006F) jal zero, 12


mem[X,0x80009728] -> 0x6063
mem[X,0x8000972A] -> 0x08B5
[953] [M]: 0x80009728 (0x08B56063) bltu a0, a1, 128


mem[X,0x800097A8] -> 0x0213
mem[X,0x800097AA] -> 0x0032
[954] [M]: 0x800097A8 (0x00320213) addi tp, tp, 3
x4 <- 0x00000003


mem[X,0x800097AC] -> 0x006F
mem[X,0x800097AE] -> 0x0040
[955] [M]: 0x800097AC (0x0040006F) jal zero, 4


mem[X,0x800097B0] -> 0xAA23
mem[X,0x800097B2] -> 0x1240
[956] [M]: 0x800097B0 (0x1240AA23) sw tp, 308(ra)
mem[0x8004B3A8] <- 0x00000003


mem[X,0x800097B4] -> 0x0513
mem[X,0x800097B6] -> 0x0030
[957] [M]: 0x800097B4 (0x00300513) addi a0, zero, 3
x10 <- 0x00000003


mem[X,0x800097B8] -> 0x0593
mem[X,0x800097BA] -> 0x0030
[958] [M]: 0x800097B8 (0x00300593) addi a1, zero, 3
x11 <- 0x00000003


mem[X,0x800097BC] -> 0x0213
mem[X,0x800097BE] -> 0x0000
[959] [M]: 0x800097BC (0x00000213) addi tp, zero, 0
x4 <- 0x00000000


mem[X,0x800097C0] -> 0x006F
mem[X,0x800097C2] -> 0x0180
[960] [M]: 0x800097C0 (0x0180006F) jal zero, 24


mem[X,0x800097D8] -> 0x66E3
mem[X,0x800097DA] -> 0xFEB5
[961] [M]: 0x800097D8 (0xFEB566E3) bltu a0, a1, 8172


mem[X,0x800097DC] -> 0x0213
mem[X,0x800097DE] -> 0x0022
[962] [M]: 0x800097DC (0x00220213) addi tp, tp, 2
x4 <- 0x00000002


mem[X,0x800097E0] -> 0x006F
mem[X,0x800097E2] -> 0x00C0
[963] [M]: 0x800097E0 (0x00C0006F) jal zero, 12


mem[X,0x800097EC] -> 0xAC23
mem[X,0x800097EE] -> 0x1240
[964] [M]: 0x800097EC (0x1240AC23) sw tp, 312(ra)
mem[0x8004B3AC] <- 0x00000002


mem[X,0x800097F0] -> 0x0513
mem[X,0x800097F2] -> 0x0030
[965] [M]: 0x800097F0 (0x00300513) addi a0, zero, 3
x10 <- 0x00000003


mem[X,0x800097F4] -> 0x55B7
mem[X,0x800097F6] -> 0x5555
[966] [M]: 0x800097F4 (0x555555B7) lui a1, 349525
x11 <- 0x55555000


mem[X,0x800097F8] -> 0x8593
mem[X,0x800097FA] -> 0x5555
[967] [M]: 0x800097F8 (0x55558593) addi a1, a1, 1365
x11 <- 0x55555555


mem[X,0x800097FC] -> 0x0213
mem[X,0x800097FE] -> 0x0000
[968] [M]: 0x800097FC (0x00000213) addi tp, zero, 0
x4 <- 0x00000000


mem[X,0x80009800] -> 0x006F
mem[X,0x80009802] -> 0x00C0
[969] [M]: 0x80009800 (0x00C0006F) jal zero, 12


mem[X,0x8000980C] -> 0x6663
mem[X,0x8000980E] -> 0x00B5
[970] [M]: 0x8000980C (0x00B56663) bltu a0, a1, 12


mem[X,0x80009818] -> 0x0213
mem[X,0x8000981A] -> 0x0032
[971] [M]: 0x80009818 (0x00320213) addi tp, tp, 3
x4 <- 0x00000003


mem[X,0x8000981C] -> 0x006F
mem[X,0x8000981E] -> 0x0040
[972] [M]: 0x8000981C (0x0040006F) jal zero, 4


mem[X,0x80009820] -> 0xAE23
mem[X,0x80009822] -> 0x1240
[973] [M]: 0x80009820 (0x1240AE23) sw tp, 316(ra)
mem[0x8004B3B0] <- 0x00000003


mem[X,0x80009824] -> 0x0513
mem[X,0x80009826] -> 0x0030
[974] [M]: 0x80009824 (0x00300513) addi a0, zero, 3
x10 <- 0x00000003


mem[X,0x80009828] -> 0xB5B7
mem[X,0x8000982A] -> 0xAAAA
[975] [M]: 0x80009828 (0xAAAAB5B7) lui a1, 699051
x11 <- 0xAAAAB000


mem[X,0x8000982C] -> 0x8593
mem[X,0x8000982E] -> 0xAAA5
[976] [M]: 0x8000982C (0xAAA58593) addi a1, a1, 2730
x11 <- 0xAAAAAAAA


mem[X,0x80009830] -> 0x0213
mem[X,0x80009832] -> 0x0000
[977] [M]: 0x80009830 (0x00000213) addi tp, zero, 0
x4 <- 0x00000000


mem[X,0x80009834] -> 0x006F
mem[X,0x80009836] -> 0x00C0
[978] [M]: 0x80009834 (0x00C0006F) jal zero, 12


mem[X,0x80009840] -> 0x6063
mem[X,0x80009842] -> 0x08B5
[979] [M]: 0x80009840 (0x08B56063) bltu a0, a1, 128


mem[X,0x800098C0] -> 0x0213
mem[X,0x800098C2] -> 0x0032
[980] [M]: 0x800098C0 (0x00320213) addi tp, tp, 3
x4 <- 0x00000003


mem[X,0x800098C4] -> 0x006F
mem[X,0x800098C6] -> 0x0040
[981] [M]: 0x800098C4 (0x0040006F) jal zero, 4


mem[X,0x800098C8] -> 0xA023
mem[X,0x800098CA] -> 0x1440
[982] [M]: 0x800098C8 (0x1440A023) sw tp, 320(ra)
mem[0x8004B3B4] <- 0x00000003


mem[X,0x800098CC] -> 0x0513
mem[X,0x800098CE] -> 0x0030
[983] [M]: 0x800098CC (0x00300513) addi a0, zero, 3
x10 <- 0x00000003


mem[X,0x800098D0] -> 0x0593
mem[X,0x800098D2] -> 0x0050
[984] [M]: 0x800098D0 (0x00500593) addi a1, zero, 5
x11 <- 0x00000005


mem[X,0x800098D4] -> 0x0213
mem[X,0x800098D6] -> 0x0000
[985] [M]: 0x800098D4 (0x00000213) addi tp, zero, 0
x4 <- 0x00000000


mem[X,0x800098D8] -> 0x006F
mem[X,0x800098DA] -> 0x00C0
[986] [M]: 0x800098D8 (0x00C0006F) jal zero, 12


mem[X,0x800098E4] -> 0x6063
mem[X,0x800098E6] -> 0x10B5
[987] [M]: 0x800098E4 (0x10B56063) bltu a0, a1, 256


mem[X,0x800099E4] -> 0x0213
mem[X,0x800099E6] -> 0x0032
[988] [M]: 0x800099E4 (0x00320213) addi tp, tp, 3
x4 <- 0x00000003


mem[X,0x800099E8] -> 0x006F
mem[X,0x800099EA] -> 0x0040
[989] [M]: 0x800099E8 (0x0040006F) jal zero, 4


mem[X,0x800099EC] -> 0xA223
mem[X,0x800099EE] -> 0x1440
[990] [M]: 0x800099EC (0x1440A223) sw tp, 324(ra)
mem[0x8004B3B8] <- 0x00000003


mem[X,0x800099F0] -> 0x0513
mem[X,0x800099F2] -> 0x0030
[991] [M]: 0x800099F0 (0x00300513) addi a0, zero, 3
x10 <- 0x00000003


mem[X,0x800099F4] -> 0x35B7
mem[X,0x800099F6] -> 0x3333
[992] [M]: 0x800099F4 (0x333335B7) lui a1, 209715
x11 <- 0x33333000


mem[X,0x800099F8] -> 0x8593
mem[X,0x800099FA] -> 0x3335
[993] [M]: 0x800099F8 (0x33358593) addi a1, a1, 819
x11 <- 0x33333333


mem[X,0x800099FC] -> 0x0213
mem[X,0x800099FE] -> 0x0000
[994] [M]: 0x800099FC (0x00000213) addi tp, zero, 0
x4 <- 0x00000000


mem[X,0x80009A00] -> 0x006F
mem[X,0x80009A02] -> 0x00C0
[995] [M]: 0x80009A00 (0x00C0006F) jal zero, 12


mem[X,0x80009A0C] -> 0x6663
mem[X,0x80009A0E] -> 0x00B5
[996] [M]: 0x80009A0C (0x00B56663) bltu a0, a1, 12


mem[X,0x80009A18] -> 0x0213
mem[X,0x80009A1A] -> 0x0032
[997] [M]: 0x80009A18 (0x00320213) addi tp, tp, 3
x4 <- 0x00000003


mem[X,0x80009A1C] -> 0x006F
mem[X,0x80009A1E] -> 0x0040
[998] [M]: 0x80009A1C (0x0040006F) jal zero, 4


mem[X,0x80009A20] -> 0xA423
mem[X,0x80009A22] -> 0x1440
[999] [M]: 0x80009A20 (0x1440A423) sw tp, 328(ra)
mem[0x8004B3BC] <- 0x00000003


clint::tick mtime <- 0x000000000000000A
 clint timer pending at mtime 0x000000000000000A
htif::tick 0x0000000000000000
mem[X,0x80009A24] -> 0x0513
mem[X,0x80009A26] -> 0x0030
[1000] [M]: 0x80009A24 (0x00300513) addi a0, zero, 3
x10 <- 0x00000003


mem[X,0x80009A28] -> 0x65B7
mem[X,0x80009A2A] -> 0x6666
[1001] [M]: 0x80009A28 (0x666665B7) lui a1, 419430
x11 <- 0x66666000


mem[X,0x80009A2C] -> 0x8593
mem[X,0x80009A2E] -> 0x6665
[1002] [M]: 0x80009A2C (0x66658593) addi a1, a1, 1638
x11 <- 0x66666666


mem[X,0x80009A30] -> 0x0213
mem[X,0x80009A32] -> 0x0000
[1003] [M]: 0x80009A30 (0x00000213) addi tp, zero, 0
x4 <- 0x00000000


mem[X,0x80009A34] -> 0x006F
mem[X,0x80009A36] -> 0x00C0
[1004] [M]: 0x80009A34 (0x00C0006F) jal zero, 12


mem[X,0x80009A40] -> 0x6063
mem[X,0x80009A42] -> 0x04B5
[1005] [M]: 0x80009A40 (0x04B56063) bltu a0, a1, 64


mem[X,0x80009A80] -> 0x0213
mem[X,0x80009A82] -> 0x0032
[1006] [M]: 0x80009A80 (0x00320213) addi tp, tp, 3
x4 <- 0x00000003


mem[X,0x80009A84] -> 0x006F
mem[X,0x80009A86] -> 0x0040
[1007] [M]: 0x80009A84 (0x0040006F) jal zero, 4


mem[X,0x80009A88] -> 0xA623
mem[X,0x80009A8A] -> 0x1440
[1008] [M]: 0x80009A88 (0x1440A623) sw tp, 332(ra)
mem[0x8004B3C0] <- 0x00000003


mem[X,0x80009A8C] -> 0x0513
mem[X,0x80009A8E] -> 0x0030
[1009] [M]: 0x80009A8C (0x00300513) addi a0, zero, 3
x10 <- 0x00000003


mem[X,0x80009A90] -> 0xB5B7
mem[X,0x80009A92] -> 0x0000
[1010] [M]: 0x80009A90 (0x0000B5B7) lui a1, 11
x11 <- 0x0000B000


mem[X,0x80009A94] -> 0x8593
mem[X,0x80009A96] -> 0x5045
[1011] [M]: 0x80009A94 (0x50458593) addi a1, a1, 1284
x11 <- 0x0000B504


mem[X,0x80009A98] -> 0x0213
mem[X,0x80009A9A] -> 0x0000
[1012] [M]: 0x80009A98 (0x00000213) addi tp, zero, 0
x4 <- 0x00000000


mem[X,0x80009A9C] -> 0x006F
mem[X,0x80009A9E] -> 0x00C0
[1013] [M]: 0x80009A9C (0x00C0006F) jal zero, 12


mem[X,0x80009AA8] -> 0x6663
mem[X,0x80009AAA] -> 0x00B5
[1014] [M]: 0x80009AA8 (0x00B56663) bltu a0, a1, 12


mem[X,0x80009AB4] -> 0x0213
mem[X,0x80009AB6] -> 0x0032
[1015] [M]: 0x80009AB4 (0x00320213) addi tp, tp, 3
x4 <- 0x00000003


mem[X,0x80009AB8] -> 0x006F
mem[X,0x80009ABA] -> 0x0040
[1016] [M]: 0x80009AB8 (0x0040006F) jal zero, 4


mem[X,0x80009ABC] -> 0xA823
mem[X,0x80009ABE] -> 0x1440
[1017] [M]: 0x80009ABC (0x1440A823) sw tp, 336(ra)
mem[0x8004B3C4] <- 0x00000003


mem[X,0x80009AC0] -> 0x0513
mem[X,0x80009AC2] -> 0x0030
[1018] [M]: 0x80009AC0 (0x00300513) addi a0, zero, 3
x10 <- 0x00000003


mem[X,0x80009AC4] -> 0x0593
mem[X,0x80009AC6] -> 0x0000
[1019] [M]: 0x80009AC4 (0x00000593) addi a1, zero, 0
x11 <- 0x00000000


mem[X,0x80009AC8] -> 0x0213
mem[X,0x80009ACA] -> 0x0000
[1020] [M]: 0x80009AC8 (0x00000213) addi tp, zero, 0
x4 <- 0x00000000


mem[X,0x80009ACC] -> 0x006F
mem[X,0x80009ACE] -> 0x00C0
[1021] [M]: 0x80009ACC (0x00C0006F) jal zero, 12


mem[X,0x80009AD8] -> 0x6663
mem[X,0x80009ADA] -> 0x00B5
[1022] [M]: 0x80009AD8 (0x00B56663) bltu a0, a1, 12


mem[X,0x80009ADC] -> 0x0213
mem[X,0x80009ADE] -> 0x0022
[1023] [M]: 0x80009ADC (0x00220213) addi tp, tp, 2
x4 <- 0x00000002


mem[X,0x80009AE0] -> 0x006F
mem[X,0x80009AE2] -> 0x00C0
[1024] [M]: 0x80009AE0 (0x00C0006F) jal zero, 12


mem[X,0x80009AEC] -> 0xAA23
mem[X,0x80009AEE] -> 0x1440
[1025] [M]: 0x80009AEC (0x1440AA23) sw tp, 340(ra)
mem[0x8004B3C8] <- 0x00000002


mem[X,0x80009AF0] -> 0x0513
mem[X,0x80009AF2] -> 0x0030
[1026] [M]: 0x80009AF0 (0x00300513) addi a0, zero, 3
x10 <- 0x00000003


mem[X,0x80009AF4] -> 0x05B7
mem[X,0x80009AF6] -> 0x0001
[1027] [M]: 0x80009AF4 (0x000105B7) lui a1, 16
x11 <- 0x00010000


mem[X,0x80009AF8] -> 0x8593
mem[X,0x80009AFA] -> 0xFFF5
[1028] [M]: 0x80009AF8 (0xFFF58593) addi a1, a1, 4095
x11 <- 0x0000FFFF


mem[X,0x80009AFC] -> 0x0213
mem[X,0x80009AFE] -> 0x0000
[1029] [M]: 0x80009AFC (0x00000213) addi tp, zero, 0
x4 <- 0x00000000


mem[X,0x80009B00] -> 0x006F
mem[X,0x80009B02] -> 0x00C0
[1030] [M]: 0x80009B00 (0x00C0006F) jal zero, 12


mem[X,0x80009B0C] -> 0x6663
mem[X,0x80009B0E] -> 0x00B5
[1031] [M]: 0x80009B0C (0x00B56663) bltu a0, a1, 12


mem[X,0x80009B18] -> 0x0213
mem[X,0x80009B1A] -> 0x0032
[1032] [M]: 0x80009B18 (0x00320213) addi tp, tp, 3
x4 <- 0x00000003


mem[X,0x80009B1C] -> 0x006F
mem[X,0x80009B1E] -> 0x0040
[1033] [M]: 0x80009B1C (0x0040006F) jal zero, 4


mem[X,0x80009B20] -> 0xAC23
mem[X,0x80009B22] -> 0x1440
[1034] [M]: 0x80009B20 (0x1440AC23) sw tp, 344(ra)
mem[0x8004B3CC] <- 0x00000003


mem[X,0x80009B24] -> 0x0513
mem[X,0x80009B26] -> 0x0030
[1035] [M]: 0x80009B24 (0x00300513) addi a0, zero, 3
x10 <- 0x00000003


mem[X,0x80009B28] -> 0x0593
mem[X,0x80009B2A] -> 0x0020
[1036] [M]: 0x80009B28 (0x00200593) addi a1, zero, 2
x11 <- 0x00000002


mem[X,0x80009B2C] -> 0x0213
mem[X,0x80009B2E] -> 0x0000
[1037] [M]: 0x80009B2C (0x00000213) addi tp, zero, 0
x4 <- 0x00000000


mem[X,0x80009B30] -> 0x006F
mem[X,0x80009B32] -> 0x00C0
[1038] [M]: 0x80009B30 (0x00C0006F) jal zero, 12


mem[X,0x80009B3C] -> 0x6063
mem[X,0x80009B3E] -> 0x10B5
[1039] [M]: 0x80009B3C (0x10B56063) bltu a0, a1, 256


mem[X,0x80009B40] -> 0x0213
mem[X,0x80009B42] -> 0x0022
[1040] [M]: 0x80009B40 (0x00220213) addi tp, tp, 2
x4 <- 0x00000002


mem[X,0x80009B44] -> 0x006F
mem[X,0x80009B46] -> 0x1000
[1041] [M]: 0x80009B44 (0x1000006F) jal zero, 256


mem[X,0x80009C44] -> 0xAE23
mem[X,0x80009C46] -> 0x1440
[1042] [M]: 0x80009C44 (0x1440AE23) sw tp, 348(ra)
mem[0x8004B3D0] <- 0x00000002


mem[X,0x80009C48] -> 0x0513
mem[X,0x80009C4A] -> 0x0030
[1043] [M]: 0x80009C48 (0x00300513) addi a0, zero, 3
x10 <- 0x00000003


mem[X,0x80009C4C] -> 0x55B7
mem[X,0x80009C4E] -> 0x5555
[1044] [M]: 0x80009C4C (0x555555B7) lui a1, 349525
x11 <- 0x55555000


mem[X,0x80009C50] -> 0x8593
mem[X,0x80009C52] -> 0x5545
[1045] [M]: 0x80009C50 (0x55458593) addi a1, a1, 1364
x11 <- 0x55555554


mem[X,0x80009C54] -> 0x0213
mem[X,0x80009C56] -> 0x0000
[1046] [M]: 0x80009C54 (0x00000213) addi tp, zero, 0
x4 <- 0x00000000


mem[X,0x80009C58] -> 0x006F
mem[X,0x80009C5A] -> 0x00C0
[1047] [M]: 0x80009C58 (0x00C0006F) jal zero, 12


mem[X,0x80009C64] -> 0x6063
mem[X,0x80009C66] -> 0x02B5
[1048] [M]: 0x80009C64 (0x02B56063) bltu a0, a1, 32


mem[X,0x80009C84] -> 0x0213
mem[X,0x80009C86] -> 0x0032
[1049] [M]: 0x80009C84 (0x00320213) addi tp, tp, 3
x4 <- 0x00000003


mem[X,0x80009C88] -> 0x006F
mem[X,0x80009C8A] -> 0x0040
[1050] [M]: 0x80009C88 (0x0040006F) jal zero, 4


mem[X,0x80009C8C] -> 0xA023
mem[X,0x80009C8E] -> 0x1640
[1051] [M]: 0x80009C8C (0x1640A023) sw tp, 352(ra)
mem[0x8004B3D4] <- 0x00000003


mem[X,0x80009C90] -> 0x0513
mem[X,0x80009C92] -> 0x0030
[1052] [M]: 0x80009C90 (0x00300513) addi a0, zero, 3
x10 <- 0x00000003


mem[X,0x80009C94] -> 0xB5B7
mem[X,0x80009C96] -> 0xAAAA
[1053] [M]: 0x80009C94 (0xAAAAB5B7) lui a1, 699051
x11 <- 0xAAAAB000


mem[X,0x80009C98] -> 0x8593
mem[X,0x80009C9A] -> 0xAA95
[1054] [M]: 0x80009C98 (0xAA958593) addi a1, a1, 2729
x11 <- 0xAAAAAAA9


mem[X,0x80009C9C] -> 0x0213
mem[X,0x80009C9E] -> 0x0000
[1055] [M]: 0x80009C9C (0x00000213) addi tp, zero, 0
x4 <- 0x00000000


mem[X,0x80009CA0] -> 0x006F
mem[X,0x80009CA2] -> 0x00C0
[1056] [M]: 0x80009CA0 (0x00C0006F) jal zero, 12


mem[X,0x80009CAC] -> 0x6063
mem[X,0x80009CAE] -> 0x04B5
[1057] [M]: 0x80009CAC (0x04B56063) bltu a0, a1, 64


mem[X,0x80009CEC] -> 0x0213
mem[X,0x80009CEE] -> 0x0032
[1058] [M]: 0x80009CEC (0x00320213) addi tp, tp, 3
x4 <- 0x00000003


mem[X,0x80009CF0] -> 0x006F
mem[X,0x80009CF2] -> 0x0040
[1059] [M]: 0x80009CF0 (0x0040006F) jal zero, 4


mem[X,0x80009CF4] -> 0xA223
mem[X,0x80009CF6] -> 0x1640
[1060] [M]: 0x80009CF4 (0x1640A223) sw tp, 356(ra)
mem[0x8004B3D8] <- 0x00000003


mem[X,0x80009CF8] -> 0x0513
mem[X,0x80009CFA] -> 0x0030
[1061] [M]: 0x80009CF8 (0x00300513) addi a0, zero, 3
x10 <- 0x00000003


mem[X,0x80009CFC] -> 0x0593
mem[X,0x80009CFE] -> 0x0040
[1062] [M]: 0x80009CFC (0x00400593) addi a1, zero, 4
x11 <- 0x00000004


mem[X,0x80009D00] -> 0x0213
mem[X,0x80009D02] -> 0x0000
[1063] [M]: 0x80009D00 (0x00000213) addi tp, zero, 0
x4 <- 0x00000000


mem[X,0x80009D04] -> 0x006F
mem[X,0x80009D06] -> 0x2B10
[1064] [M]: 0x80009D04 (0x2B10006F) jal zero, 2736


mem[X,0x8000A7B4] -> 0x6A63
mem[X,0x8000A7B6] -> 0xD4B5
[1065] [M]: 0x8000A7B4 (0xD4B56A63) bltu a0, a1, 5460


mem[X,0x80009D08] -> 0x0213
mem[X,0x80009D0A] -> 0x0012
[1066] [M]: 0x80009D08 (0x00120213) addi tp, tp, 1
x4 <- 0x00000001


mem[X,0x80009D0C] -> 0x006F
mem[X,0x80009D0E] -> 0x2BD0
[1067] [M]: 0x80009D0C (0x2BD0006F) jal zero, 2748


mem[X,0x8000A7C8] -> 0xA423
mem[X,0x8000A7CA] -> 0x1640
[1068] [M]: 0x8000A7C8 (0x1640A423) sw tp, 360(ra)
mem[0x8004B3DC] <- 0x00000001


mem[X,0x8000A7CC] -> 0x0513
mem[X,0x8000A7CE] -> 0x0030
[1069] [M]: 0x8000A7CC (0x00300513) addi a0, zero, 3
x10 <- 0x00000003


mem[X,0x8000A7D0] -> 0x35B7
mem[X,0x8000A7D2] -> 0x3333
[1070] [M]: 0x8000A7D0 (0x333335B7) lui a1, 209715
x11 <- 0x33333000


mem[X,0x8000A7D4] -> 0x8593
mem[X,0x8000A7D6] -> 0x3325
[1071] [M]: 0x8000A7D4 (0x33258593) addi a1, a1, 818
x11 <- 0x33333332


mem[X,0x8000A7D8] -> 0x0213
mem[X,0x8000A7DA] -> 0x0000
[1072] [M]: 0x8000A7D8 (0x00000213) addi tp, zero, 0
x4 <- 0x00000000


mem[X,0x8000A7DC] -> 0x006F
mem[X,0x8000A7DE] -> 0x00C0
[1073] [M]: 0x8000A7DC (0x00C0006F) jal zero, 12


mem[X,0x8000A7E8] -> 0x6663
mem[X,0x8000A7EA] -> 0x00B5
[1074] [M]: 0x8000A7E8 (0x00B56663) bltu a0, a1, 12


mem[X,0x8000A7F4] -> 0x0213
mem[X,0x8000A7F6] -> 0x0032
[1075] [M]: 0x8000A7F4 (0x00320213) addi tp, tp, 3
x4 <- 0x00000003


mem[X,0x8000A7F8] -> 0x006F
mem[X,0x8000A7FA] -> 0x0040
[1076] [M]: 0x8000A7F8 (0x0040006F) jal zero, 4


mem[X,0x8000A7FC] -> 0xA623
mem[X,0x8000A7FE] -> 0x1640
[1077] [M]: 0x8000A7FC (0x1640A623) sw tp, 364(ra)
mem[0x8004B3E0] <- 0x00000003


mem[X,0x8000A800] -> 0x0513
mem[X,0x8000A802] -> 0x0030
[1078] [M]: 0x8000A800 (0x00300513) addi a0, zero, 3
x10 <- 0x00000003


mem[X,0x8000A804] -> 0x65B7
mem[X,0x8000A806] -> 0x6666
[1079] [M]: 0x8000A804 (0x666665B7) lui a1, 419430
x11 <- 0x66666000


mem[X,0x8000A808] -> 0x8593
mem[X,0x8000A80A] -> 0x6655
[1080] [M]: 0x8000A808 (0x66558593) addi a1, a1, 1637
x11 <- 0x66666665


mem[X,0x8000A80C] -> 0x0213
mem[X,0x8000A80E] -> 0x0000
[1081] [M]: 0x8000A80C (0x00000213) addi tp, zero, 0
x4 <- 0x00000000


mem[X,0x8000A810] -> 0x006F
mem[X,0x8000A812] -> 0x00C0
[1082] [M]: 0x8000A810 (0x00C0006F) jal zero, 12


mem[X,0x8000A81C] -> 0x6663
mem[X,0x8000A81E] -> 0x00B5
[1083] [M]: 0x8000A81C (0x00B56663) bltu a0, a1, 12


mem[X,0x8000A828] -> 0x0213
mem[X,0x8000A82A] -> 0x0032
[1084] [M]: 0x8000A828 (0x00320213) addi tp, tp, 3
x4 <- 0x00000003


mem[X,0x8000A82C] -> 0x006F
mem[X,0x8000A82E] -> 0x0040
[1085] [M]: 0x8000A82C (0x0040006F) jal zero, 4


mem[X,0x8000A830] -> 0xA823
mem[X,0x8000A832] -> 0x1640
[1086] [M]: 0x8000A830 (0x1640A823) sw tp, 368(ra)
mem[0x8004B3E4] <- 0x00000003


mem[X,0x8000A834] -> 0x0513
mem[X,0x8000A836] -> 0x0030
[1087] [M]: 0x8000A834 (0x00300513) addi a0, zero, 3
x10 <- 0x00000003


mem[X,0x8000A838] -> 0xB5B7
mem[X,0x8000A83A] -> 0x0000
[1088] [M]: 0x8000A838 (0x0000B5B7) lui a1, 11
x11 <- 0x0000B000


mem[X,0x8000A83C] -> 0x8593
mem[X,0x8000A83E] -> 0x5035
[1089] [M]: 0x8000A83C (0x50358593) addi a1, a1, 1283
x11 <- 0x0000B503


mem[X,0x8000A840] -> 0x0213
mem[X,0x8000A842] -> 0x0000
[1090] [M]: 0x8000A840 (0x00000213) addi tp, zero, 0
x4 <- 0x00000000


mem[X,0x8000A844] -> 0x006F
mem[X,0x8000A846] -> 0x0100
[1091] [M]: 0x8000A844 (0x0100006F) jal zero, 16


mem[X,0x8000A854] -> 0x6AE3
mem[X,0x8000A856] -> 0xFEB5
[1092] [M]: 0x8000A854 (0xFEB56AE3) bltu a0, a1, 8180


mem[X,0x8000A848] -> 0x0213
mem[X,0x8000A84A] -> 0x0012
[1093] [M]: 0x8000A848 (0x00120213) addi tp, tp, 1
x4 <- 0x00000001


mem[X,0x8000A84C] -> 0x006F
mem[X,0x8000A84E] -> 0x01C0
[1094] [M]: 0x8000A84C (0x01C0006F) jal zero, 28


mem[X,0x8000A868] -> 0xAA23
mem[X,0x8000A86A] -> 0x1640
[1095] [M]: 0x8000A868 (0x1640AA23) sw tp, 372(ra)
mem[0x8004B3E8] <- 0x00000001


mem[X,0x8000A86C] -> 0x0513
mem[X,0x8000A86E] -> 0x0030
[1096] [M]: 0x8000A86C (0x00300513) addi a0, zero, 3
x10 <- 0x00000003


mem[X,0x8000A870] -> 0x05B7
mem[X,0x8000A872] -> 0x0001
[1097] [M]: 0x8000A870 (0x000105B7) lui a1, 16
x11 <- 0x00010000


mem[X,0x8000A874] -> 0x8593
mem[X,0x8000A876] -> 0xFFE5
[1098] [M]: 0x8000A874 (0xFFE58593) addi a1, a1, 4094
x11 <- 0x0000FFFE


mem[X,0x8000A878] -> 0x0213
mem[X,0x8000A87A] -> 0x0000
[1099] [M]: 0x8000A878 (0x00000213) addi tp, zero, 0
x4 <- 0x00000000


clint::tick mtime <- 0x000000000000000B
 clint timer pending at mtime 0x000000000000000B
htif::tick 0x0000000000000000
mem[X,0x8000A87C] -> 0x006F
mem[X,0x8000A87E] -> 0x0050
[1100] [M]: 0x8000A87C (0x0050006F) jal zero, 2052


mem[X,0x8000B080] -> 0x60E3
mem[X,0x8000B082] -> 0x80B5
[1101] [M]: 0x8000B080 (0x80B560E3) bltu a0, a1, 6144


mem[X,0x8000A880] -> 0x0213
mem[X,0x8000A882] -> 0x0012
[1102] [M]: 0x8000A880 (0x00120213) addi tp, tp, 1
x4 <- 0x00000001


mem[X,0x8000A884] -> 0x006F
mem[X,0x8000A886] -> 0x0110
[1103] [M]: 0x8000A884 (0x0110006F) jal zero, 2064


mem[X,0x8000B094] -> 0xAC23
mem[X,0x8000B096] -> 0x1640
[1104] [M]: 0x8000B094 (0x1640AC23) sw tp, 376(ra)
mem[0x8004B3EC] <- 0x00000001


mem[X,0x8000B098] -> 0x0513
mem[X,0x8000B09A] -> 0x0030
[1105] [M]: 0x8000B098 (0x00300513) addi a0, zero, 3
x10 <- 0x00000003


mem[X,0x8000B09C] -> 0x55B7
mem[X,0x8000B09E] -> 0x5555
[1106] [M]: 0x8000B09C (0x555555B7) lui a1, 349525
x11 <- 0x55555000


mem[X,0x8000B0A0] -> 0x8593
mem[X,0x8000B0A2] -> 0x5565
[1107] [M]: 0x8000B0A0 (0x55658593) addi a1, a1, 1366
x11 <- 0x55555556


mem[X,0x8000B0A4] -> 0x0213
mem[X,0x8000B0A6] -> 0x0000
[1108] [M]: 0x8000B0A4 (0x00000213) addi tp, zero, 0
x4 <- 0x00000000


mem[X,0x8000B0A8] -> 0x006F
mem[X,0x8000B0AA] -> 0x00C0
[1109] [M]: 0x8000B0A8 (0x00C0006F) jal zero, 12


mem[X,0x8000B0B4] -> 0x6663
mem[X,0x8000B0B6] -> 0x00B5
[1110] [M]: 0x8000B0B4 (0x00B56663) bltu a0, a1, 12


mem[X,0x8000B0C0] -> 0x0213
mem[X,0x8000B0C2] -> 0x0032
[1111] [M]: 0x8000B0C0 (0x00320213) addi tp, tp, 3
x4 <- 0x00000003


mem[X,0x8000B0C4] -> 0x006F
mem[X,0x8000B0C6] -> 0x0040
[1112] [M]: 0x8000B0C4 (0x0040006F) jal zero, 4


mem[X,0x8000B0C8] -> 0xAE23
mem[X,0x8000B0CA] -> 0x1640
[1113] [M]: 0x8000B0C8 (0x1640AE23) sw tp, 380(ra)
mem[0x8004B3F0] <- 0x00000003


mem[X,0x8000B0CC] -> 0x0513
mem[X,0x8000B0CE] -> 0x0030
[1114] [M]: 0x8000B0CC (0x00300513) addi a0, zero, 3
x10 <- 0x00000003


mem[X,0x8000B0D0] -> 0xB5B7
mem[X,0x8000B0D2] -> 0xAAAA
[1115] [M]: 0x8000B0D0 (0xAAAAB5B7) lui a1, 699051
x11 <- 0xAAAAB000


mem[X,0x8000B0D4] -> 0x8593
mem[X,0x8000B0D6] -> 0xAAB5
[1116] [M]: 0x8000B0D4 (0xAAB58593) addi a1, a1, 2731
x11 <- 0xAAAAAAAB


mem[X,0x8000B0D8] -> 0x0213
mem[X,0x8000B0DA] -> 0x0000
[1117] [M]: 0x8000B0D8 (0x00000213) addi tp, zero, 0
x4 <- 0x00000000


mem[X,0x8000B0DC] -> 0x006F
mem[X,0x8000B0DE] -> 0x00C0
[1118] [M]: 0x8000B0DC (0x00C0006F) jal zero, 12


mem[X,0x8000B0E8] -> 0x6CE3
mem[X,0x8000B0EA] -> 0xFEB5
[1119] [M]: 0x8000B0E8 (0xFEB56CE3) bltu a0, a1, 8184


mem[X,0x8000B0E0] -> 0x0213
mem[X,0x8000B0E2] -> 0x0012
[1120] [M]: 0x8000B0E0 (0x00120213) addi tp, tp, 1
x4 <- 0x00000001


mem[X,0x8000B0E4] -> 0x006F
mem[X,0x8000B0E6] -> 0x0180
[1121] [M]: 0x8000B0E4 (0x0180006F) jal zero, 24


mem[X,0x8000B0FC] -> 0xA023
mem[X,0x8000B0FE] -> 0x1840
[1122] [M]: 0x8000B0FC (0x1840A023) sw tp, 384(ra)
mem[0x8004B3F4] <- 0x00000001


mem[X,0x8000B100] -> 0x0513
mem[X,0x8000B102] -> 0x0030
[1123] [M]: 0x8000B100 (0x00300513) addi a0, zero, 3
x10 <- 0x00000003


mem[X,0x8000B104] -> 0x0593
mem[X,0x8000B106] -> 0x0060
[1124] [M]: 0x8000B104 (0x00600593) addi a1, zero, 6
x11 <- 0x00000006


mem[X,0x8000B108] -> 0x0213
mem[X,0x8000B10A] -> 0x0000
[1125] [M]: 0x8000B108 (0x00000213) addi tp, zero, 0
x4 <- 0x00000000


mem[X,0x8000B10C] -> 0x006F
mem[X,0x8000B10E] -> 0x00C0
[1126] [M]: 0x8000B10C (0x00C0006F) jal zero, 12


mem[X,0x8000B118] -> 0x6063
mem[X,0x8000B11A] -> 0x10B5
[1127] [M]: 0x8000B118 (0x10B56063) bltu a0, a1, 256


mem[X,0x8000B218] -> 0x0213
mem[X,0x8000B21A] -> 0x0032
[1128] [M]: 0x8000B218 (0x00320213) addi tp, tp, 3
x4 <- 0x00000003


mem[X,0x8000B21C] -> 0x006F
mem[X,0x8000B21E] -> 0x0040
[1129] [M]: 0x8000B21C (0x0040006F) jal zero, 4


mem[X,0x8000B220] -> 0xA223
mem[X,0x8000B222] -> 0x1840
[1130] [M]: 0x8000B220 (0x1840A223) sw tp, 388(ra)
mem[0x8004B3F8] <- 0x00000003


mem[X,0x8000B224] -> 0x0513
mem[X,0x8000B226] -> 0x0030
[1131] [M]: 0x8000B224 (0x00300513) addi a0, zero, 3
x10 <- 0x00000003


mem[X,0x8000B228] -> 0x35B7
mem[X,0x8000B22A] -> 0x3333
[1132] [M]: 0x8000B228 (0x333335B7) lui a1, 209715
x11 <- 0x33333000


mem[X,0x8000B22C] -> 0x8593
mem[X,0x8000B22E] -> 0x3345
[1133] [M]: 0x8000B22C (0x33458593) addi a1, a1, 820
x11 <- 0x33333334


mem[X,0x8000B230] -> 0x0213
mem[X,0x8000B232] -> 0x0000
[1134] [M]: 0x8000B230 (0x00000213) addi tp, zero, 0
x4 <- 0x00000000


mem[X,0x8000B234] -> 0x006F
mem[X,0x8000B236] -> 0x00C0
[1135] [M]: 0x8000B234 (0x00C0006F) jal zero, 12


mem[X,0x8000B240] -> 0x6CE3
mem[X,0x8000B242] -> 0xFEB5
[1136] [M]: 0x8000B240 (0xFEB56CE3) bltu a0, a1, 8184


mem[X,0x8000B238] -> 0x0213
mem[X,0x8000B23A] -> 0x0012
[1137] [M]: 0x8000B238 (0x00120213) addi tp, tp, 1
x4 <- 0x00000001


mem[X,0x8000B23C] -> 0x006F
mem[X,0x8000B23E] -> 0x0180
[1138] [M]: 0x8000B23C (0x0180006F) jal zero, 24


mem[X,0x8000B254] -> 0xA423
mem[X,0x8000B256] -> 0x1840
[1139] [M]: 0x8000B254 (0x1840A423) sw tp, 392(ra)
mem[0x8004B3FC] <- 0x00000001


mem[X,0x8000B258] -> 0x0513
mem[X,0x8000B25A] -> 0x0030
[1140] [M]: 0x8000B258 (0x00300513) addi a0, zero, 3
x10 <- 0x00000003


mem[X,0x8000B25C] -> 0x65B7
mem[X,0x8000B25E] -> 0x6666
[1141] [M]: 0x8000B25C (0x666665B7) lui a1, 419430
x11 <- 0x66666000


mem[X,0x8000B260] -> 0x8593
mem[X,0x8000B262] -> 0x6675
[1142] [M]: 0x8000B260 (0x66758593) addi a1, a1, 1639
x11 <- 0x66666667


mem[X,0x8000B264] -> 0x0213
mem[X,0x8000B266] -> 0x0000
[1143] [M]: 0x8000B264 (0x00000213) addi tp, zero, 0
x4 <- 0x00000000


mem[X,0x8000B268] -> 0x006F
mem[X,0x8000B26A] -> 0x00C0
[1144] [M]: 0x8000B268 (0x00C0006F) jal zero, 12


mem[X,0x8000B274] -> 0x6063
mem[X,0x8000B276] -> 0x08B5
[1145] [M]: 0x8000B274 (0x08B56063) bltu a0, a1, 128


mem[X,0x8000B2F4] -> 0x0213
mem[X,0x8000B2F6] -> 0x0032
[1146] [M]: 0x8000B2F4 (0x00320213) addi tp, tp, 3
x4 <- 0x00000003


mem[X,0x8000B2F8] -> 0x006F
mem[X,0x8000B2FA] -> 0x0040
[1147] [M]: 0x8000B2F8 (0x0040006F) jal zero, 4


mem[X,0x8000B2FC] -> 0xA623
mem[X,0x8000B2FE] -> 0x1840
[1148] [M]: 0x8000B2FC (0x1840A623) sw tp, 396(ra)
mem[0x8004B400] <- 0x00000003


mem[X,0x8000B300] -> 0x0513
mem[X,0x8000B302] -> 0x0030
[1149] [M]: 0x8000B300 (0x00300513) addi a0, zero, 3
x10 <- 0x00000003


mem[X,0x8000B304] -> 0xB5B7
mem[X,0x8000B306] -> 0x0000
[1150] [M]: 0x8000B304 (0x0000B5B7) lui a1, 11
x11 <- 0x0000B000


mem[X,0x8000B308] -> 0x8593
mem[X,0x8000B30A] -> 0x5055
[1151] [M]: 0x8000B308 (0x50558593) addi a1, a1, 1285
x11 <- 0x0000B505


mem[X,0x8000B30C] -> 0x0213
mem[X,0x8000B30E] -> 0x0000
[1152] [M]: 0x8000B30C (0x00000213) addi tp, zero, 0
x4 <- 0x00000000


mem[X,0x8000B310] -> 0x006F
mem[X,0x8000B312] -> 0x00C0
[1153] [M]: 0x8000B310 (0x00C0006F) jal zero, 12


mem[X,0x8000B31C] -> 0x6863
mem[X,0x8000B31E] -> 0x00B5
[1154] [M]: 0x8000B31C (0x00B56863) bltu a0, a1, 16


mem[X,0x8000B32C] -> 0x0213
mem[X,0x8000B32E] -> 0x0032
[1155] [M]: 0x8000B32C (0x00320213) addi tp, tp, 3
x4 <- 0x00000003


mem[X,0x8000B330] -> 0x006F
mem[X,0x8000B332] -> 0x0040
[1156] [M]: 0x8000B330 (0x0040006F) jal zero, 4


mem[X,0x8000B334] -> 0xA823
mem[X,0x8000B336] -> 0x1840
[1157] [M]: 0x8000B334 (0x1840A823) sw tp, 400(ra)
mem[0x8004B404] <- 0x00000003


mem[X,0x8000B338] -> 0x0513
mem[X,0x8000B33A] -> 0x0030
[1158] [M]: 0x8000B338 (0x00300513) addi a0, zero, 3
x10 <- 0x00000003


mem[X,0x8000B33C] -> 0x0593
mem[X,0x8000B33E] -> 0x0010
[1159] [M]: 0x8000B33C (0x00100593) addi a1, zero, 1
x11 <- 0x00000001


mem[X,0x8000B340] -> 0x0213
mem[X,0x8000B342] -> 0x0000
[1160] [M]: 0x8000B340 (0x00000213) addi tp, zero, 0
x4 <- 0x00000000


mem[X,0x8000B344] -> 0x006F
mem[X,0x8000B346] -> 0x0140
[1161] [M]: 0x8000B344 (0x0140006F) jal zero, 20


mem[X,0x8000B358] -> 0x68E3
mem[X,0x8000B35A] -> 0xFEB5
[1162] [M]: 0x8000B358 (0xFEB568E3) bltu a0, a1, 8176


mem[X,0x8000B35C] -> 0x0213
mem[X,0x8000B35E] -> 0x0022
[1163] [M]: 0x8000B35C (0x00220213) addi tp, tp, 2
x4 <- 0x00000002


mem[X,0x8000B360] -> 0x006F
mem[X,0x8000B362] -> 0x00C0
[1164] [M]: 0x8000B360 (0x00C0006F) jal zero, 12


mem[X,0x8000B36C] -> 0xAA23
mem[X,0x8000B36E] -> 0x1840
[1165] [M]: 0x8000B36C (0x1840AA23) sw tp, 404(ra)
mem[0x8004B408] <- 0x00000002


mem[X,0x8000B370] -> 0x0513
mem[X,0x8000B372] -> 0x0030
[1166] [M]: 0x8000B370 (0x00300513) addi a0, zero, 3
x10 <- 0x00000003


mem[X,0x8000B374] -> 0x05B7
mem[X,0x8000B376] -> 0x0001
[1167] [M]: 0x8000B374 (0x000105B7) lui a1, 16
x11 <- 0x00010000


mem[X,0x8000B378] -> 0x0213
mem[X,0x8000B37A] -> 0x0000
[1168] [M]: 0x8000B378 (0x00000213) addi tp, zero, 0
x4 <- 0x00000000


mem[X,0x8000B37C] -> 0x006F
mem[X,0x8000B37E] -> 0x00C0
[1169] [M]: 0x8000B37C (0x00C0006F) jal zero, 12


mem[X,0x8000B388] -> 0x6063
mem[X,0x8000B38A] -> 0x10B5
[1170] [M]: 0x8000B388 (0x10B56063) bltu a0, a1, 256


mem[X,0x8000B488] -> 0x0213
mem[X,0x8000B48A] -> 0x0032
[1171] [M]: 0x8000B488 (0x00320213) addi tp, tp, 3
x4 <- 0x00000003


mem[X,0x8000B48C] -> 0x006F
mem[X,0x8000B48E] -> 0x0040
[1172] [M]: 0x8000B48C (0x0040006F) jal zero, 4


mem[X,0x8000B490] -> 0xAC23
mem[X,0x8000B492] -> 0x1840
[1173] [M]: 0x8000B490 (0x1840AC23) sw tp, 408(ra)
mem[0x8004B40C] <- 0x00000003


mem[X,0x8000B494] -> 0x5537
mem[X,0x8000B496] -> 0x5555
[1174] [M]: 0x8000B494 (0x55555537) lui a0, 349525
x10 <- 0x55555000


mem[X,0x8000B498] -> 0x0513
mem[X,0x8000B49A] -> 0x5555
[1175] [M]: 0x8000B498 (0x55550513) addi a0, a0, 1365
x10 <- 0x55555555


mem[X,0x8000B49C] -> 0x0593
mem[X,0x8000B49E] -> 0x0030
[1176] [M]: 0x8000B49C (0x00300593) addi a1, zero, 3
x11 <- 0x00000003


mem[X,0x8000B4A0] -> 0x0213
mem[X,0x8000B4A2] -> 0x0000
[1177] [M]: 0x8000B4A0 (0x00000213) addi tp, zero, 0
x4 <- 0x00000000


mem[X,0x8000B4A4] -> 0x006F
mem[X,0x8000B4A6] -> 0x00C0
[1178] [M]: 0x8000B4A4 (0x00C0006F) jal zero, 12


mem[X,0x8000B4B0] -> 0x6063
mem[X,0x8000B4B2] -> 0x08B5
[1179] [M]: 0x8000B4B0 (0x08B56063) bltu a0, a1, 128


mem[X,0x8000B4B4] -> 0x0213
mem[X,0x8000B4B6] -> 0x0022
[1180] [M]: 0x8000B4B4 (0x00220213) addi tp, tp, 2
x4 <- 0x00000002


mem[X,0x8000B4B8] -> 0x006F
mem[X,0x8000B4BA] -> 0x0800
[1181] [M]: 0x8000B4B8 (0x0800006F) jal zero, 128


mem[X,0x8000B538] -> 0xAE23
mem[X,0x8000B53A] -> 0x1840
[1182] [M]: 0x8000B538 (0x1840AE23) sw tp, 412(ra)
mem[0x8004B410] <- 0x00000002


mem[X,0x8000B53C] -> 0x5537
mem[X,0x8000B53E] -> 0x5555
[1183] [M]: 0x8000B53C (0x55555537) lui a0, 349525
x10 <- 0x55555000


mem[X,0x8000B540] -> 0x0513
mem[X,0x8000B542] -> 0x5555
[1184] [M]: 0x8000B540 (0x55550513) addi a0, a0, 1365
x10 <- 0x55555555


mem[X,0x8000B544] -> 0x55B7
mem[X,0x8000B546] -> 0x5555
[1185] [M]: 0x8000B544 (0x555555B7) lui a1, 349525
x11 <- 0x55555000


mem[X,0x8000B548] -> 0x8593
mem[X,0x8000B54A] -> 0x5555
[1186] [M]: 0x8000B548 (0x55558593) addi a1, a1, 1365
x11 <- 0x55555555


mem[X,0x8000B54C] -> 0x0213
mem[X,0x8000B54E] -> 0x0000
[1187] [M]: 0x8000B54C (0x00000213) addi tp, zero, 0
x4 <- 0x00000000


mem[X,0x8000B550] -> 0x006F
mem[X,0x8000B552] -> 0x00C0
[1188] [M]: 0x8000B550 (0x00C0006F) jal zero, 12


mem[X,0x8000B55C] -> 0x6CE3
mem[X,0x8000B55E] -> 0xFEB5
[1189] [M]: 0x8000B55C (0xFEB56CE3) bltu a0, a1, 8184


mem[X,0x8000B560] -> 0x0213
mem[X,0x8000B562] -> 0x0022
[1190] [M]: 0x8000B560 (0x00220213) addi tp, tp, 2
x4 <- 0x00000002


mem[X,0x8000B564] -> 0x006F
mem[X,0x8000B566] -> 0x00C0
[1191] [M]: 0x8000B564 (0x00C0006F) jal zero, 12


mem[X,0x8000B570] -> 0xA023
mem[X,0x8000B572] -> 0x1A40
[1192] [M]: 0x8000B570 (0x1A40A023) sw tp, 416(ra)
mem[0x8004B414] <- 0x00000002


mem[X,0x8000B574] -> 0x5537
mem[X,0x8000B576] -> 0x5555
[1193] [M]: 0x8000B574 (0x55555537) lui a0, 349525
x10 <- 0x55555000


mem[X,0x8000B578] -> 0x0513
mem[X,0x8000B57A] -> 0x5555
[1194] [M]: 0x8000B578 (0x55550513) addi a0, a0, 1365
x10 <- 0x55555555


mem[X,0x8000B57C] -> 0xB5B7
mem[X,0x8000B57E] -> 0xAAAA
[1195] [M]: 0x8000B57C (0xAAAAB5B7) lui a1, 699051
x11 <- 0xAAAAB000


mem[X,0x8000B580] -> 0x8593
mem[X,0x8000B582] -> 0xAAA5
[1196] [M]: 0x8000B580 (0xAAA58593) addi a1, a1, 2730
x11 <- 0xAAAAAAAA


mem[X,0x8000B584] -> 0x0213
mem[X,0x8000B586] -> 0x0000
[1197] [M]: 0x8000B584 (0x00000213) addi tp, zero, 0
x4 <- 0x00000000


mem[X,0x8000B588] -> 0x006F
mem[X,0x8000B58A] -> 0x0050
[1198] [M]: 0x8000B588 (0x0050006F) jal zero, 2052


mem[X,0x8000BD8C] -> 0x60E3
mem[X,0x8000BD8E] -> 0x80B5
[1199] [M]: 0x8000BD8C (0x80B560E3) bltu a0, a1, 6144


clint::tick mtime <- 0x000000000000000C
 clint timer pending at mtime 0x000000000000000C
htif::tick 0x0000000000000000
mem[X,0x8000B58C] -> 0x0213
mem[X,0x8000B58E] -> 0x0012
[1200] [M]: 0x8000B58C (0x00120213) addi tp, tp, 1
x4 <- 0x00000001


mem[X,0x8000B590] -> 0x006F
mem[X,0x8000B592] -> 0x0110
[1201] [M]: 0x8000B590 (0x0110006F) jal zero, 2064


mem[X,0x8000BDA0] -> 0xA223
mem[X,0x8000BDA2] -> 0x1A40
[1202] [M]: 0x8000BDA0 (0x1A40A223) sw tp, 420(ra)
mem[0x8004B418] <- 0x00000001


mem[X,0x8000BDA4] -> 0x5537
mem[X,0x8000BDA6] -> 0x5555
[1203] [M]: 0x8000BDA4 (0x55555537) lui a0, 349525
x10 <- 0x55555000


mem[X,0x8000BDA8] -> 0x0513
mem[X,0x8000BDAA] -> 0x5555
[1204] [M]: 0x8000BDA8 (0x55550513) addi a0, a0, 1365
x10 <- 0x55555555


mem[X,0x8000BDAC] -> 0x0593
mem[X,0x8000BDAE] -> 0x0050
[1205] [M]: 0x8000BDAC (0x00500593) addi a1, zero, 5
x11 <- 0x00000005


mem[X,0x8000BDB0] -> 0x0213
mem[X,0x8000BDB2] -> 0x0000
[1206] [M]: 0x8000BDB0 (0x00000213) addi tp, zero, 0
x4 <- 0x00000000


mem[X,0x8000BDB4] -> 0x006F
mem[X,0x8000BDB6] -> 0x00C0
[1207] [M]: 0x8000BDB4 (0x00C0006F) jal zero, 12


mem[X,0x8000BDC0] -> 0x6063
mem[X,0x8000BDC2] -> 0x02B5
[1208] [M]: 0x8000BDC0 (0x02B56063) bltu a0, a1, 32


mem[X,0x8000BDC4] -> 0x0213
mem[X,0x8000BDC6] -> 0x0022
[1209] [M]: 0x8000BDC4 (0x00220213) addi tp, tp, 2
x4 <- 0x00000002


mem[X,0x8000BDC8] -> 0x006F
mem[X,0x8000BDCA] -> 0x0200
[1210] [M]: 0x8000BDC8 (0x0200006F) jal zero, 32


mem[X,0x8000BDE8] -> 0xA423
mem[X,0x8000BDEA] -> 0x1A40
[1211] [M]: 0x8000BDE8 (0x1A40A423) sw tp, 424(ra)
mem[0x8004B41C] <- 0x00000002


mem[X,0x8000BDEC] -> 0x5537
mem[X,0x8000BDEE] -> 0x5555
[1212] [M]: 0x8000BDEC (0x55555537) lui a0, 349525
x10 <- 0x55555000


mem[X,0x8000BDF0] -> 0x0513
mem[X,0x8000BDF2] -> 0x5555
[1213] [M]: 0x8000BDF0 (0x55550513) addi a0, a0, 1365
x10 <- 0x55555555


mem[X,0x8000BDF4] -> 0x35B7
mem[X,0x8000BDF6] -> 0x3333
[1214] [M]: 0x8000BDF4 (0x333335B7) lui a1, 209715
x11 <- 0x33333000


mem[X,0x8000BDF8] -> 0x8593
mem[X,0x8000BDFA] -> 0x3335
[1215] [M]: 0x8000BDF8 (0x33358593) addi a1, a1, 819
x11 <- 0x33333333


mem[X,0x8000BDFC] -> 0x0213
mem[X,0x8000BDFE] -> 0x0000
[1216] [M]: 0x8000BDFC (0x00000213) addi tp, zero, 0
x4 <- 0x00000000


mem[X,0x8000BE00] -> 0x006F
mem[X,0x8000BE02] -> 0x00C0
[1217] [M]: 0x8000BE00 (0x00C0006F) jal zero, 12


mem[X,0x8000BE0C] -> 0x6063
mem[X,0x8000BE0E] -> 0x02B5
[1218] [M]: 0x8000BE0C (0x02B56063) bltu a0, a1, 32


mem[X,0x8000BE10] -> 0x0213
mem[X,0x8000BE12] -> 0x0022
[1219] [M]: 0x8000BE10 (0x00220213) addi tp, tp, 2
x4 <- 0x00000002


mem[X,0x8000BE14] -> 0x006F
mem[X,0x8000BE16] -> 0x0200
[1220] [M]: 0x8000BE14 (0x0200006F) jal zero, 32


mem[X,0x8000BE34] -> 0xA623
mem[X,0x8000BE36] -> 0x1A40
[1221] [M]: 0x8000BE34 (0x1A40A623) sw tp, 428(ra)
mem[0x8004B420] <- 0x00000002


mem[X,0x8000BE38] -> 0x5537
mem[X,0x8000BE3A] -> 0x5555
[1222] [M]: 0x8000BE38 (0x55555537) lui a0, 349525
x10 <- 0x55555000


mem[X,0x8000BE3C] -> 0x0513
mem[X,0x8000BE3E] -> 0x5555
[1223] [M]: 0x8000BE3C (0x55550513) addi a0, a0, 1365
x10 <- 0x55555555


mem[X,0x8000BE40] -> 0x65B7
mem[X,0x8000BE42] -> 0x6666
[1224] [M]: 0x8000BE40 (0x666665B7) lui a1, 419430
x11 <- 0x66666000


mem[X,0x8000BE44] -> 0x8593
mem[X,0x8000BE46] -> 0x6665
[1225] [M]: 0x8000BE44 (0x66658593) addi a1, a1, 1638
x11 <- 0x66666666


mem[X,0x8000BE48] -> 0x0213
mem[X,0x8000BE4A] -> 0x0000
[1226] [M]: 0x8000BE48 (0x00000213) addi tp, zero, 0
x4 <- 0x00000000


mem[X,0x8000BE4C] -> 0x006F
mem[X,0x8000BE4E] -> 0x00C0
[1227] [M]: 0x8000BE4C (0x00C0006F) jal zero, 12


mem[X,0x8000BE58] -> 0x6063
mem[X,0x8000BE5A] -> 0x20B5
[1228] [M]: 0x8000BE58 (0x20B56063) bltu a0, a1, 512


mem[X,0x8000C058] -> 0x0213
mem[X,0x8000C05A] -> 0x0032
[1229] [M]: 0x8000C058 (0x00320213) addi tp, tp, 3
x4 <- 0x00000003


mem[X,0x8000C05C] -> 0x006F
mem[X,0x8000C05E] -> 0x0040
[1230] [M]: 0x8000C05C (0x0040006F) jal zero, 4


mem[X,0x8000C060] -> 0xA823
mem[X,0x8000C062] -> 0x1A40
[1231] [M]: 0x8000C060 (0x1A40A823) sw tp, 432(ra)
mem[0x8004B424] <- 0x00000003


mem[X,0x8000C064] -> 0x5537
mem[X,0x8000C066] -> 0x5555
[1232] [M]: 0x8000C064 (0x55555537) lui a0, 349525
x10 <- 0x55555000


mem[X,0x8000C068] -> 0x0513
mem[X,0x8000C06A] -> 0x5555
[1233] [M]: 0x8000C068 (0x55550513) addi a0, a0, 1365
x10 <- 0x55555555


mem[X,0x8000C06C] -> 0xB5B7
mem[X,0x8000C06E] -> 0x0000
[1234] [M]: 0x8000C06C (0x0000B5B7) lui a1, 11
x11 <- 0x0000B000


mem[X,0x8000C070] -> 0x8593
mem[X,0x8000C072] -> 0x5045
[1235] [M]: 0x8000C070 (0x50458593) addi a1, a1, 1284
x11 <- 0x0000B504


mem[X,0x8000C074] -> 0x0213
mem[X,0x8000C076] -> 0x0000
[1236] [M]: 0x8000C074 (0x00000213) addi tp, zero, 0
x4 <- 0x00000000


mem[X,0x8000C078] -> 0x006F
mem[X,0x8000C07A] -> 0x00C0
[1237] [M]: 0x8000C078 (0x00C0006F) jal zero, 12


mem[X,0x8000C084] -> 0x6663
mem[X,0x8000C086] -> 0x00B5
[1238] [M]: 0x8000C084 (0x00B56663) bltu a0, a1, 12


mem[X,0x8000C088] -> 0x0213
mem[X,0x8000C08A] -> 0x0022
[1239] [M]: 0x8000C088 (0x00220213) addi tp, tp, 2
x4 <- 0x00000002


mem[X,0x8000C08C] -> 0x006F
mem[X,0x8000C08E] -> 0x00C0
[1240] [M]: 0x8000C08C (0x00C0006F) jal zero, 12


mem[X,0x8000C098] -> 0xAA23
mem[X,0x8000C09A] -> 0x1A40
[1241] [M]: 0x8000C098 (0x1A40AA23) sw tp, 436(ra)
mem[0x8004B428] <- 0x00000002


mem[X,0x8000C09C] -> 0x5537
mem[X,0x8000C09E] -> 0x5555
[1242] [M]: 0x8000C09C (0x55555537) lui a0, 349525
x10 <- 0x55555000


mem[X,0x8000C0A0] -> 0x0513
mem[X,0x8000C0A2] -> 0x5555
[1243] [M]: 0x8000C0A0 (0x55550513) addi a0, a0, 1365
x10 <- 0x55555555


mem[X,0x8000C0A4] -> 0x0593
mem[X,0x8000C0A6] -> 0x0000
[1244] [M]: 0x8000C0A4 (0x00000593) addi a1, zero, 0
x11 <- 0x00000000


mem[X,0x8000C0A8] -> 0x0213
mem[X,0x8000C0AA] -> 0x0000
[1245] [M]: 0x8000C0A8 (0x00000213) addi tp, zero, 0
x4 <- 0x00000000


mem[X,0x8000C0AC] -> 0x006F
mem[X,0x8000C0AE] -> 0x0050
[1246] [M]: 0x8000C0AC (0x0050006F) jal zero, 2052


mem[X,0x8000C8B0] -> 0x60E3
mem[X,0x8000C8B2] -> 0x80B5
[1247] [M]: 0x8000C8B0 (0x80B560E3) bltu a0, a1, 6144


mem[X,0x8000C8B4] -> 0x0213
mem[X,0x8000C8B6] -> 0x0022
[1248] [M]: 0x8000C8B4 (0x00220213) addi tp, tp, 2
x4 <- 0x00000002


mem[X,0x8000C8B8] -> 0x006F
mem[X,0x8000C8BA] -> 0x00C0
[1249] [M]: 0x8000C8B8 (0x00C0006F) jal zero, 12


mem[X,0x8000C8C4] -> 0xAC23
mem[X,0x8000C8C6] -> 0x1A40
[1250] [M]: 0x8000C8C4 (0x1A40AC23) sw tp, 440(ra)
mem[0x8004B42C] <- 0x00000002


mem[X,0x8000C8C8] -> 0x5537
mem[X,0x8000C8CA] -> 0x5555
[1251] [M]: 0x8000C8C8 (0x55555537) lui a0, 349525
x10 <- 0x55555000


mem[X,0x8000C8CC] -> 0x0513
mem[X,0x8000C8CE] -> 0x5555
[1252] [M]: 0x8000C8CC (0x55550513) addi a0, a0, 1365
x10 <- 0x55555555


mem[X,0x8000C8D0] -> 0x05B7
mem[X,0x8000C8D2] -> 0x0001
[1253] [M]: 0x8000C8D0 (0x000105B7) lui a1, 16
x11 <- 0x00010000


mem[X,0x8000C8D4] -> 0x8593
mem[X,0x8000C8D6] -> 0xFFF5
[1254] [M]: 0x8000C8D4 (0xFFF58593) addi a1, a1, 4095
x11 <- 0x0000FFFF


mem[X,0x8000C8D8] -> 0x0213
mem[X,0x8000C8DA] -> 0x0000
[1255] [M]: 0x8000C8D8 (0x00000213) addi tp, zero, 0
x4 <- 0x00000000


mem[X,0x8000C8DC] -> 0x006F
mem[X,0x8000C8DE] -> 0x00C0
[1256] [M]: 0x8000C8DC (0x00C0006F) jal zero, 12


mem[X,0x8000C8E8] -> 0x6063
mem[X,0x8000C8EA] -> 0x04B5
[1257] [M]: 0x8000C8E8 (0x04B56063) bltu a0, a1, 64


mem[X,0x8000C8EC] -> 0x0213
mem[X,0x8000C8EE] -> 0x0022
[1258] [M]: 0x8000C8EC (0x00220213) addi tp, tp, 2
x4 <- 0x00000002


mem[X,0x8000C8F0] -> 0x006F
mem[X,0x8000C8F2] -> 0x0400
[1259] [M]: 0x8000C8F0 (0x0400006F) jal zero, 64


mem[X,0x8000C930] -> 0xAE23
mem[X,0x8000C932] -> 0x1A40
[1260] [M]: 0x8000C930 (0x1A40AE23) sw tp, 444(ra)
mem[0x8004B430] <- 0x00000002


mem[X,0x8000C934] -> 0x5537
mem[X,0x8000C936] -> 0x5555
[1261] [M]: 0x8000C934 (0x55555537) lui a0, 349525
x10 <- 0x55555000


mem[X,0x8000C938] -> 0x0513
mem[X,0x8000C93A] -> 0x5555
[1262] [M]: 0x8000C938 (0x55550513) addi a0, a0, 1365
x10 <- 0x55555555


mem[X,0x8000C93C] -> 0x0593
mem[X,0x8000C93E] -> 0x0020
[1263] [M]: 0x8000C93C (0x00200593) addi a1, zero, 2
x11 <- 0x00000002


mem[X,0x8000C940] -> 0x0213
mem[X,0x8000C942] -> 0x0000
[1264] [M]: 0x8000C940 (0x00000213) addi tp, zero, 0
x4 <- 0x00000000


mem[X,0x8000C944] -> 0x006F
mem[X,0x8000C946] -> 0x00C0
[1265] [M]: 0x8000C944 (0x00C0006F) jal zero, 12


mem[X,0x8000C950] -> 0x6663
mem[X,0x8000C952] -> 0x00B5
[1266] [M]: 0x8000C950 (0x00B56663) bltu a0, a1, 12


mem[X,0x8000C954] -> 0x0213
mem[X,0x8000C956] -> 0x0022
[1267] [M]: 0x8000C954 (0x00220213) addi tp, tp, 2
x4 <- 0x00000002


mem[X,0x8000C958] -> 0x006F
mem[X,0x8000C95A] -> 0x00C0
[1268] [M]: 0x8000C958 (0x00C0006F) jal zero, 12


mem[X,0x8000C964] -> 0xA023
mem[X,0x8000C966] -> 0x1C40
[1269] [M]: 0x8000C964 (0x1C40A023) sw tp, 448(ra)
mem[0x8004B434] <- 0x00000002


mem[X,0x8000C968] -> 0x5537
mem[X,0x8000C96A] -> 0x5555
[1270] [M]: 0x8000C968 (0x55555537) lui a0, 349525
x10 <- 0x55555000


mem[X,0x8000C96C] -> 0x0513
mem[X,0x8000C96E] -> 0x5555
[1271] [M]: 0x8000C96C (0x55550513) addi a0, a0, 1365
x10 <- 0x55555555


mem[X,0x8000C970] -> 0x55B7
mem[X,0x8000C972] -> 0x5555
[1272] [M]: 0x8000C970 (0x555555B7) lui a1, 349525
x11 <- 0x55555000


mem[X,0x8000C974] -> 0x8593
mem[X,0x8000C976] -> 0x5545
[1273] [M]: 0x8000C974 (0x55458593) addi a1, a1, 1364
x11 <- 0x55555554


mem[X,0x8000C978] -> 0x0213
mem[X,0x8000C97A] -> 0x0000
[1274] [M]: 0x8000C978 (0x00000213) addi tp, zero, 0
x4 <- 0x00000000


mem[X,0x8000C97C] -> 0x006F
mem[X,0x8000C97E] -> 0x00C0
[1275] [M]: 0x8000C97C (0x00C0006F) jal zero, 12


mem[X,0x8000C988] -> 0x6663
mem[X,0x8000C98A] -> 0x00B5
[1276] [M]: 0x8000C988 (0x00B56663) bltu a0, a1, 12


mem[X,0x8000C98C] -> 0x0213
mem[X,0x8000C98E] -> 0x0022
[1277] [M]: 0x8000C98C (0x00220213) addi tp, tp, 2
x4 <- 0x00000002


mem[X,0x8000C990] -> 0x006F
mem[X,0x8000C992] -> 0x00C0
[1278] [M]: 0x8000C990 (0x00C0006F) jal zero, 12


mem[X,0x8000C99C] -> 0xA223
mem[X,0x8000C99E] -> 0x1C40
[1279] [M]: 0x8000C99C (0x1C40A223) sw tp, 452(ra)
mem[0x8004B438] <- 0x00000002


mem[X,0x8000C9A0] -> 0x5537
mem[X,0x8000C9A2] -> 0x5555
[1280] [M]: 0x8000C9A0 (0x55555537) lui a0, 349525
x10 <- 0x55555000


mem[X,0x8000C9A4] -> 0x0513
mem[X,0x8000C9A6] -> 0x5555
[1281] [M]: 0x8000C9A4 (0x55550513) addi a0, a0, 1365
x10 <- 0x55555555


mem[X,0x8000C9A8] -> 0xB5B7
mem[X,0x8000C9AA] -> 0xAAAA
[1282] [M]: 0x8000C9A8 (0xAAAAB5B7) lui a1, 699051
x11 <- 0xAAAAB000


mem[X,0x8000C9AC] -> 0x8593
mem[X,0x8000C9AE] -> 0xAA95
[1283] [M]: 0x8000C9AC (0xAA958593) addi a1, a1, 2729
x11 <- 0xAAAAAAA9


mem[X,0x8000C9B0] -> 0x0213
mem[X,0x8000C9B2] -> 0x0000
[1284] [M]: 0x8000C9B0 (0x00000213) addi tp, zero, 0
x4 <- 0x00000000


mem[X,0x8000C9B4] -> 0x006F
mem[X,0x8000C9B6] -> 0x0140
[1285] [M]: 0x8000C9B4 (0x0140006F) jal zero, 20


mem[X,0x8000C9C8] -> 0x68E3
mem[X,0x8000C9CA] -> 0xFEB5
[1286] [M]: 0x8000C9C8 (0xFEB568E3) bltu a0, a1, 8176


mem[X,0x8000C9B8] -> 0x0213
mem[X,0x8000C9BA] -> 0x0012
[1287] [M]: 0x8000C9B8 (0x00120213) addi tp, tp, 1
x4 <- 0x00000001


mem[X,0x8000C9BC] -> 0x006F
mem[X,0x8000C9BE] -> 0x0200
[1288] [M]: 0x8000C9BC (0x0200006F) jal zero, 32


mem[X,0x8000C9DC] -> 0xA423
mem[X,0x8000C9DE] -> 0x1C40
[1289] [M]: 0x8000C9DC (0x1C40A423) sw tp, 456(ra)
mem[0x8004B43C] <- 0x00000001


mem[X,0x8000C9E0] -> 0x5537
mem[X,0x8000C9E2] -> 0x5555
[1290] [M]: 0x8000C9E0 (0x55555537) lui a0, 349525
x10 <- 0x55555000


mem[X,0x8000C9E4] -> 0x0513
mem[X,0x8000C9E6] -> 0x5555
[1291] [M]: 0x8000C9E4 (0x55550513) addi a0, a0, 1365
x10 <- 0x55555555


mem[X,0x8000C9E8] -> 0x0593
mem[X,0x8000C9EA] -> 0x0040
[1292] [M]: 0x8000C9E8 (0x00400593) addi a1, zero, 4
x11 <- 0x00000004


mem[X,0x8000C9EC] -> 0x0213
mem[X,0x8000C9EE] -> 0x0000
[1293] [M]: 0x8000C9EC (0x00000213) addi tp, zero, 0
x4 <- 0x00000000


mem[X,0x8000C9F0] -> 0x006F
mem[X,0x8000C9F2] -> 0x00C0
[1294] [M]: 0x8000C9F0 (0x00C0006F) jal zero, 12


mem[X,0x8000C9FC] -> 0x6863
mem[X,0x8000C9FE] -> 0x00B5
[1295] [M]: 0x8000C9FC (0x00B56863) bltu a0, a1, 16


mem[X,0x8000CA00] -> 0x0213
mem[X,0x8000CA02] -> 0x0022
[1296] [M]: 0x8000CA00 (0x00220213) addi tp, tp, 2
x4 <- 0x00000002


mem[X,0x8000CA04] -> 0x006F
mem[X,0x8000CA06] -> 0x0100
[1297] [M]: 0x8000CA04 (0x0100006F) jal zero, 16


mem[X,0x8000CA14] -> 0xA623
mem[X,0x8000CA16] -> 0x1C40
[1298] [M]: 0x8000CA14 (0x1C40A623) sw tp, 460(ra)
mem[0x8004B440] <- 0x00000002


mem[X,0x8000CA18] -> 0x5537
mem[X,0x8000CA1A] -> 0x5555
[1299] [M]: 0x8000CA18 (0x55555537) lui a0, 349525
x10 <- 0x55555000


clint::tick mtime <- 0x000000000000000D
 clint timer pending at mtime 0x000000000000000D
htif::tick 0x0000000000000000
mem[X,0x8000CA1C] -> 0x0513
mem[X,0x8000CA1E] -> 0x5555
[1300] [M]: 0x8000CA1C (0x55550513) addi a0, a0, 1365
x10 <- 0x55555555


mem[X,0x8000CA20] -> 0x35B7
mem[X,0x8000CA22] -> 0x3333
[1301] [M]: 0x8000CA20 (0x333335B7) lui a1, 209715
x11 <- 0x33333000


mem[X,0x8000CA24] -> 0x8593
mem[X,0x8000CA26] -> 0x3325
[1302] [M]: 0x8000CA24 (0x33258593) addi a1, a1, 818
x11 <- 0x33333332


mem[X,0x8000CA28] -> 0x0213
mem[X,0x8000CA2A] -> 0x0000
[1303] [M]: 0x8000CA28 (0x00000213) addi tp, zero, 0
x4 <- 0x00000000


mem[X,0x8000CA2C] -> 0x006F
mem[X,0x8000CA2E] -> 0x0180
[1304] [M]: 0x8000CA2C (0x0180006F) jal zero, 24


mem[X,0x8000CA44] -> 0x66E3
mem[X,0x8000CA46] -> 0xFEB5
[1305] [M]: 0x8000CA44 (0xFEB566E3) bltu a0, a1, 8172


mem[X,0x8000CA48] -> 0x0213
mem[X,0x8000CA4A] -> 0x0022
[1306] [M]: 0x8000CA48 (0x00220213) addi tp, tp, 2
x4 <- 0x00000002


mem[X,0x8000CA4C] -> 0x006F
mem[X,0x8000CA4E] -> 0x00C0
[1307] [M]: 0x8000CA4C (0x00C0006F) jal zero, 12


mem[X,0x8000CA58] -> 0xA823
mem[X,0x8000CA5A] -> 0x1C40
[1308] [M]: 0x8000CA58 (0x1C40A823) sw tp, 464(ra)
mem[0x8004B444] <- 0x00000002


mem[X,0x8000CA5C] -> 0x5537
mem[X,0x8000CA5E] -> 0x5555
[1309] [M]: 0x8000CA5C (0x55555537) lui a0, 349525
x10 <- 0x55555000


mem[X,0x8000CA60] -> 0x0513
mem[X,0x8000CA62] -> 0x5555
[1310] [M]: 0x8000CA60 (0x55550513) addi a0, a0, 1365
x10 <- 0x55555555


mem[X,0x8000CA64] -> 0x65B7
mem[X,0x8000CA66] -> 0x6666
[1311] [M]: 0x8000CA64 (0x666665B7) lui a1, 419430
x11 <- 0x66666000


mem[X,0x8000CA68] -> 0x8593
mem[X,0x8000CA6A] -> 0x6655
[1312] [M]: 0x8000CA68 (0x66558593) addi a1, a1, 1637
x11 <- 0x66666665


mem[X,0x8000CA6C] -> 0x0213
mem[X,0x8000CA6E] -> 0x0000
[1313] [M]: 0x8000CA6C (0x00000213) addi tp, zero, 0
x4 <- 0x00000000


mem[X,0x8000CA70] -> 0x006F
mem[X,0x8000CA72] -> 0x00C0
[1314] [M]: 0x8000CA70 (0x00C0006F) jal zero, 12


mem[X,0x8000CA7C] -> 0x6663
mem[X,0x8000CA7E] -> 0x00B5
[1315] [M]: 0x8000CA7C (0x00B56663) bltu a0, a1, 12


mem[X,0x8000CA88] -> 0x0213
mem[X,0x8000CA8A] -> 0x0032
[1316] [M]: 0x8000CA88 (0x00320213) addi tp, tp, 3
x4 <- 0x00000003


mem[X,0x8000CA8C] -> 0x006F
mem[X,0x8000CA8E] -> 0x0040
[1317] [M]: 0x8000CA8C (0x0040006F) jal zero, 4


mem[X,0x8000CA90] -> 0xAA23
mem[X,0x8000CA92] -> 0x1C40
[1318] [M]: 0x8000CA90 (0x1C40AA23) sw tp, 468(ra)
mem[0x8004B448] <- 0x00000003


mem[X,0x8000CA94] -> 0x5537
mem[X,0x8000CA96] -> 0x5555
[1319] [M]: 0x8000CA94 (0x55555537) lui a0, 349525
x10 <- 0x55555000


mem[X,0x8000CA98] -> 0x0513
mem[X,0x8000CA9A] -> 0x5555
[1320] [M]: 0x8000CA98 (0x55550513) addi a0, a0, 1365
x10 <- 0x55555555


mem[X,0x8000CA9C] -> 0xB5B7
mem[X,0x8000CA9E] -> 0x0000
[1321] [M]: 0x8000CA9C (0x0000B5B7) lui a1, 11
x11 <- 0x0000B000


mem[X,0x8000CAA0] -> 0x8593
mem[X,0x8000CAA2] -> 0x5035
[1322] [M]: 0x8000CAA0 (0x50358593) addi a1, a1, 1283
x11 <- 0x0000B503


mem[X,0x8000CAA4] -> 0x0213
mem[X,0x8000CAA6] -> 0x0000
[1323] [M]: 0x8000CAA4 (0x00000213) addi tp, zero, 0
x4 <- 0x00000000


mem[X,0x8000CAA8] -> 0x006F
mem[X,0x8000CAAA] -> 0x00C0
[1324] [M]: 0x8000CAA8 (0x00C0006F) jal zero, 12


mem[X,0x8000CAB4] -> 0x6063
mem[X,0x8000CAB6] -> 0x10B5
[1325] [M]: 0x8000CAB4 (0x10B56063) bltu a0, a1, 256


mem[X,0x8000CAB8] -> 0x0213
mem[X,0x8000CABA] -> 0x0022
[1326] [M]: 0x8000CAB8 (0x00220213) addi tp, tp, 2
x4 <- 0x00000002


mem[X,0x8000CABC] -> 0x006F
mem[X,0x8000CABE] -> 0x1000
[1327] [M]: 0x8000CABC (0x1000006F) jal zero, 256


mem[X,0x8000CBBC] -> 0xAC23
mem[X,0x8000CBBE] -> 0x1C40
[1328] [M]: 0x8000CBBC (0x1C40AC23) sw tp, 472(ra)
mem[0x8004B44C] <- 0x00000002


mem[X,0x8000CBC0] -> 0x5537
mem[X,0x8000CBC2] -> 0x5555
[1329] [M]: 0x8000CBC0 (0x55555537) lui a0, 349525
x10 <- 0x55555000


mem[X,0x8000CBC4] -> 0x0513
mem[X,0x8000CBC6] -> 0x5555
[1330] [M]: 0x8000CBC4 (0x55550513) addi a0, a0, 1365
x10 <- 0x55555555


mem[X,0x8000CBC8] -> 0x05B7
mem[X,0x8000CBCA] -> 0x0001
[1331] [M]: 0x8000CBC8 (0x000105B7) lui a1, 16
x11 <- 0x00010000


mem[X,0x8000CBCC] -> 0x8593
mem[X,0x8000CBCE] -> 0xFFE5
[1332] [M]: 0x8000CBCC (0xFFE58593) addi a1, a1, 4094
x11 <- 0x0000FFFE


mem[X,0x8000CBD0] -> 0x0213
mem[X,0x8000CBD2] -> 0x0000
[1333] [M]: 0x8000CBD0 (0x00000213) addi tp, zero, 0
x4 <- 0x00000000


mem[X,0x8000CBD4] -> 0x006F
mem[X,0x8000CBD6] -> 0x0140
[1334] [M]: 0x8000CBD4 (0x0140006F) jal zero, 20


mem[X,0x8000CBE8] -> 0x68E3
mem[X,0x8000CBEA] -> 0xFEB5
[1335] [M]: 0x8000CBE8 (0xFEB568E3) bltu a0, a1, 8176


mem[X,0x8000CBEC] -> 0x0213
mem[X,0x8000CBEE] -> 0x0022
[1336] [M]: 0x8000CBEC (0x00220213) addi tp, tp, 2
x4 <- 0x00000002


mem[X,0x8000CBF0] -> 0x006F
mem[X,0x8000CBF2] -> 0x00C0
[1337] [M]: 0x8000CBF0 (0x00C0006F) jal zero, 12


mem[X,0x8000CBFC] -> 0xAE23
mem[X,0x8000CBFE] -> 0x1C40
[1338] [M]: 0x8000CBFC (0x1C40AE23) sw tp, 476(ra)
mem[0x8004B450] <- 0x00000002


mem[X,0x8000CC00] -> 0x5537
mem[X,0x8000CC02] -> 0x5555
[1339] [M]: 0x8000CC00 (0x55555537) lui a0, 349525
x10 <- 0x55555000


mem[X,0x8000CC04] -> 0x0513
mem[X,0x8000CC06] -> 0x5555
[1340] [M]: 0x8000CC04 (0x55550513) addi a0, a0, 1365
x10 <- 0x55555555


mem[X,0x8000CC08] -> 0x55B7
mem[X,0x8000CC0A] -> 0x5555
[1341] [M]: 0x8000CC08 (0x555555B7) lui a1, 349525
x11 <- 0x55555000


mem[X,0x8000CC0C] -> 0x8593
mem[X,0x8000CC0E] -> 0x5565
[1342] [M]: 0x8000CC0C (0x55658593) addi a1, a1, 1366
x11 <- 0x55555556


mem[X,0x8000CC10] -> 0x0213
mem[X,0x8000CC12] -> 0x0000
[1343] [M]: 0x8000CC10 (0x00000213) addi tp, zero, 0
x4 <- 0x00000000


mem[X,0x8000CC14] -> 0x006F
mem[X,0x8000CC16] -> 0x00C0
[1344] [M]: 0x8000CC14 (0x00C0006F) jal zero, 12


mem[X,0x8000CC20] -> 0x6663
mem[X,0x8000CC22] -> 0x00B5
[1345] [M]: 0x8000CC20 (0x00B56663) bltu a0, a1, 12


mem[X,0x8000CC2C] -> 0x0213
mem[X,0x8000CC2E] -> 0x0032
[1346] [M]: 0x8000CC2C (0x00320213) addi tp, tp, 3
x4 <- 0x00000003


mem[X,0x8000CC30] -> 0x006F
mem[X,0x8000CC32] -> 0x0040
[1347] [M]: 0x8000CC30 (0x0040006F) jal zero, 4


mem[X,0x8000CC34] -> 0xA023
mem[X,0x8000CC36] -> 0x1E40
[1348] [M]: 0x8000CC34 (0x1E40A023) sw tp, 480(ra)
mem[0x8004B454] <- 0x00000003


mem[X,0x8000CC38] -> 0x5537
mem[X,0x8000CC3A] -> 0x5555
[1349] [M]: 0x8000CC38 (0x55555537) lui a0, 349525
x10 <- 0x55555000


mem[X,0x8000CC3C] -> 0x0513
mem[X,0x8000CC3E] -> 0x5555
[1350] [M]: 0x8000CC3C (0x55550513) addi a0, a0, 1365
x10 <- 0x55555555


mem[X,0x8000CC40] -> 0xB5B7
mem[X,0x8000CC42] -> 0xAAAA
[1351] [M]: 0x8000CC40 (0xAAAAB5B7) lui a1, 699051
x11 <- 0xAAAAB000


mem[X,0x8000CC44] -> 0x8593
mem[X,0x8000CC46] -> 0xAAB5
[1352] [M]: 0x8000CC44 (0xAAB58593) addi a1, a1, 2731
x11 <- 0xAAAAAAAB


mem[X,0x8000CC48] -> 0x0213
mem[X,0x8000CC4A] -> 0x0000
[1353] [M]: 0x8000CC48 (0x00000213) addi tp, zero, 0
x4 <- 0x00000000


mem[X,0x8000CC4C] -> 0x006F
mem[X,0x8000CC4E] -> 0x0100
[1354] [M]: 0x8000CC4C (0x0100006F) jal zero, 16


mem[X,0x8000CC5C] -> 0x6AE3
mem[X,0x8000CC5E] -> 0xFEB5
[1355] [M]: 0x8000CC5C (0xFEB56AE3) bltu a0, a1, 8180


mem[X,0x8000CC50] -> 0x0213
mem[X,0x8000CC52] -> 0x0012
[1356] [M]: 0x8000CC50 (0x00120213) addi tp, tp, 1
x4 <- 0x00000001


mem[X,0x8000CC54] -> 0x006F
mem[X,0x8000CC56] -> 0x01C0
[1357] [M]: 0x8000CC54 (0x01C0006F) jal zero, 28


mem[X,0x8000CC70] -> 0xA223
mem[X,0x8000CC72] -> 0x1E40
[1358] [M]: 0x8000CC70 (0x1E40A223) sw tp, 484(ra)
mem[0x8004B458] <- 0x00000001


mem[X,0x8000CC74] -> 0x5537
mem[X,0x8000CC76] -> 0x5555
[1359] [M]: 0x8000CC74 (0x55555537) lui a0, 349525
x10 <- 0x55555000


mem[X,0x8000CC78] -> 0x0513
mem[X,0x8000CC7A] -> 0x5555
[1360] [M]: 0x8000CC78 (0x55550513) addi a0, a0, 1365
x10 <- 0x55555555


mem[X,0x8000CC7C] -> 0x0593
mem[X,0x8000CC7E] -> 0x0060
[1361] [M]: 0x8000CC7C (0x00600593) addi a1, zero, 6
x11 <- 0x00000006


mem[X,0x8000CC80] -> 0x0213
mem[X,0x8000CC82] -> 0x0000
[1362] [M]: 0x8000CC80 (0x00000213) addi tp, zero, 0
x4 <- 0x00000000


mem[X,0x8000CC84] -> 0x006F
mem[X,0x8000CC86] -> 0x0180
[1363] [M]: 0x8000CC84 (0x0180006F) jal zero, 24


mem[X,0x8000CC9C] -> 0x66E3
mem[X,0x8000CC9E] -> 0xFEB5
[1364] [M]: 0x8000CC9C (0xFEB566E3) bltu a0, a1, 8172


mem[X,0x8000CCA0] -> 0x0213
mem[X,0x8000CCA2] -> 0x0022
[1365] [M]: 0x8000CCA0 (0x00220213) addi tp, tp, 2
x4 <- 0x00000002


mem[X,0x8000CCA4] -> 0x006F
mem[X,0x8000CCA6] -> 0x00C0
[1366] [M]: 0x8000CCA4 (0x00C0006F) jal zero, 12


mem[X,0x8000CCB0] -> 0xA423
mem[X,0x8000CCB2] -> 0x1E40
[1367] [M]: 0x8000CCB0 (0x1E40A423) sw tp, 488(ra)
mem[0x8004B45C] <- 0x00000002


mem[X,0x8000CCB4] -> 0x5537
mem[X,0x8000CCB6] -> 0x5555
[1368] [M]: 0x8000CCB4 (0x55555537) lui a0, 349525
x10 <- 0x55555000


mem[X,0x8000CCB8] -> 0x0513
mem[X,0x8000CCBA] -> 0x5555
[1369] [M]: 0x8000CCB8 (0x55550513) addi a0, a0, 1365
x10 <- 0x55555555


mem[X,0x8000CCBC] -> 0x35B7
mem[X,0x8000CCBE] -> 0x3333
[1370] [M]: 0x8000CCBC (0x333335B7) lui a1, 209715
x11 <- 0x33333000


mem[X,0x8000CCC0] -> 0x8593
mem[X,0x8000CCC2] -> 0x3345
[1371] [M]: 0x8000CCC0 (0x33458593) addi a1, a1, 820
x11 <- 0x33333334


mem[X,0x8000CCC4] -> 0x0213
mem[X,0x8000CCC6] -> 0x0000
[1372] [M]: 0x8000CCC4 (0x00000213) addi tp, zero, 0
x4 <- 0x00000000


mem[X,0x8000CCC8] -> 0x006F
mem[X,0x8000CCCA] -> 0x00C0
[1373] [M]: 0x8000CCC8 (0x00C0006F) jal zero, 12


mem[X,0x8000CCD4] -> 0x6063
mem[X,0x8000CCD6] -> 0x02B5
[1374] [M]: 0x8000CCD4 (0x02B56063) bltu a0, a1, 32


mem[X,0x8000CCD8] -> 0x0213
mem[X,0x8000CCDA] -> 0x0022
[1375] [M]: 0x8000CCD8 (0x00220213) addi tp, tp, 2
x4 <- 0x00000002


mem[X,0x8000CCDC] -> 0x006F
mem[X,0x8000CCDE] -> 0x0200
[1376] [M]: 0x8000CCDC (0x0200006F) jal zero, 32


mem[X,0x8000CCFC] -> 0xA623
mem[X,0x8000CCFE] -> 0x1E40
[1377] [M]: 0x8000CCFC (0x1E40A623) sw tp, 492(ra)
mem[0x8004B460] <- 0x00000002


mem[X,0x8000CD00] -> 0x5537
mem[X,0x8000CD02] -> 0x5555
[1378] [M]: 0x8000CD00 (0x55555537) lui a0, 349525
x10 <- 0x55555000


mem[X,0x8000CD04] -> 0x0513
mem[X,0x8000CD06] -> 0x5555
[1379] [M]: 0x8000CD04 (0x55550513) addi a0, a0, 1365
x10 <- 0x55555555


mem[X,0x8000CD08] -> 0x65B7
mem[X,0x8000CD0A] -> 0x6666
[1380] [M]: 0x8000CD08 (0x666665B7) lui a1, 419430
x11 <- 0x66666000


mem[X,0x8000CD0C] -> 0x8593
mem[X,0x8000CD0E] -> 0x6675
[1381] [M]: 0x8000CD0C (0x66758593) addi a1, a1, 1639
x11 <- 0x66666667


mem[X,0x8000CD10] -> 0x0213
mem[X,0x8000CD12] -> 0x0000
[1382] [M]: 0x8000CD10 (0x00000213) addi tp, zero, 0
x4 <- 0x00000000


mem[X,0x8000CD14] -> 0x006F
mem[X,0x8000CD16] -> 0x0050
[1383] [M]: 0x8000CD14 (0x0050006F) jal zero, 2052


mem[X,0x8000D518] -> 0x60E3
mem[X,0x8000D51A] -> 0x80B5
[1384] [M]: 0x8000D518 (0x80B560E3) bltu a0, a1, 6144


mem[X,0x8000CD18] -> 0x0213
mem[X,0x8000CD1A] -> 0x0012
[1385] [M]: 0x8000CD18 (0x00120213) addi tp, tp, 1
x4 <- 0x00000001


mem[X,0x8000CD1C] -> 0x006F
mem[X,0x8000CD1E] -> 0x0110
[1386] [M]: 0x8000CD1C (0x0110006F) jal zero, 2064


mem[X,0x8000D52C] -> 0xA823
mem[X,0x8000D52E] -> 0x1E40
[1387] [M]: 0x8000D52C (0x1E40A823) sw tp, 496(ra)
mem[0x8004B464] <- 0x00000001


mem[X,0x8000D530] -> 0x5537
mem[X,0x8000D532] -> 0x5555
[1388] [M]: 0x8000D530 (0x55555537) lui a0, 349525
x10 <- 0x55555000


mem[X,0x8000D534] -> 0x0513
mem[X,0x8000D536] -> 0x5555
[1389] [M]: 0x8000D534 (0x55550513) addi a0, a0, 1365
x10 <- 0x55555555


mem[X,0x8000D538] -> 0xB5B7
mem[X,0x8000D53A] -> 0x0000
[1390] [M]: 0x8000D538 (0x0000B5B7) lui a1, 11
x11 <- 0x0000B000


mem[X,0x8000D53C] -> 0x8593
mem[X,0x8000D53E] -> 0x5055
[1391] [M]: 0x8000D53C (0x50558593) addi a1, a1, 1285
x11 <- 0x0000B505


mem[X,0x8000D540] -> 0x0213
mem[X,0x8000D542] -> 0x0000
[1392] [M]: 0x8000D540 (0x00000213) addi tp, zero, 0
x4 <- 0x00000000


mem[X,0x8000D544] -> 0x006F
mem[X,0x8000D546] -> 0x00C0
[1393] [M]: 0x8000D544 (0x00C0006F) jal zero, 12


mem[X,0x8000D550] -> 0x6CE3
mem[X,0x8000D552] -> 0xFEB5
[1394] [M]: 0x8000D550 (0xFEB56CE3) bltu a0, a1, 8184


mem[X,0x8000D554] -> 0x0213
mem[X,0x8000D556] -> 0x0022
[1395] [M]: 0x8000D554 (0x00220213) addi tp, tp, 2
x4 <- 0x00000002


mem[X,0x8000D558] -> 0x006F
mem[X,0x8000D55A] -> 0x00C0
[1396] [M]: 0x8000D558 (0x00C0006F) jal zero, 12


mem[X,0x8000D564] -> 0xAA23
mem[X,0x8000D566] -> 0x1E40
[1397] [M]: 0x8000D564 (0x1E40AA23) sw tp, 500(ra)
mem[0x8004B468] <- 0x00000002


mem[X,0x8000D568] -> 0x5537
mem[X,0x8000D56A] -> 0x5555
[1398] [M]: 0x8000D568 (0x55555537) lui a0, 349525
x10 <- 0x55555000


mem[X,0x8000D56C] -> 0x0513
mem[X,0x8000D56E] -> 0x5555
[1399] [M]: 0x8000D56C (0x55550513) addi a0, a0, 1365
x10 <- 0x55555555


clint::tick mtime <- 0x000000000000000E
 clint timer pending at mtime 0x000000000000000E
htif::tick 0x0000000000000000
mem[X,0x8000D570] -> 0x0593
mem[X,0x8000D572] -> 0x0010
[1400] [M]: 0x8000D570 (0x00100593) addi a1, zero, 1
x11 <- 0x00000001


mem[X,0x8000D574] -> 0x0213
mem[X,0x8000D576] -> 0x0000
[1401] [M]: 0x8000D574 (0x00000213) addi tp, zero, 0
x4 <- 0x00000000


mem[X,0x8000D578] -> 0x006F
mem[X,0x8000D57A] -> 0x00C0
[1402] [M]: 0x8000D578 (0x00C0006F) jal zero, 12


mem[X,0x8000D584] -> 0x6663
mem[X,0x8000D586] -> 0x00B5
[1403] [M]: 0x8000D584 (0x00B56663) bltu a0, a1, 12


mem[X,0x8000D588] -> 0x0213
mem[X,0x8000D58A] -> 0x0022
[1404] [M]: 0x8000D588 (0x00220213) addi tp, tp, 2
x4 <- 0x00000002


mem[X,0x8000D58C] -> 0x006F
mem[X,0x8000D58E] -> 0x00C0
[1405] [M]: 0x8000D58C (0x00C0006F) jal zero, 12


mem[X,0x8000D598] -> 0xAC23
mem[X,0x8000D59A] -> 0x1E40
[1406] [M]: 0x8000D598 (0x1E40AC23) sw tp, 504(ra)
mem[0x8004B46C] <- 0x00000002


mem[X,0x8000D59C] -> 0x5537
mem[X,0x8000D59E] -> 0x5555
[1407] [M]: 0x8000D59C (0x55555537) lui a0, 349525
x10 <- 0x55555000


mem[X,0x8000D5A0] -> 0x0513
mem[X,0x8000D5A2] -> 0x5555
[1408] [M]: 0x8000D5A0 (0x55550513) addi a0, a0, 1365
x10 <- 0x55555555


mem[X,0x8000D5A4] -> 0x05B7
mem[X,0x8000D5A6] -> 0x0001
[1409] [M]: 0x8000D5A4 (0x000105B7) lui a1, 16
x11 <- 0x00010000


mem[X,0x8000D5A8] -> 0x0213
mem[X,0x8000D5AA] -> 0x0000
[1410] [M]: 0x8000D5A8 (0x00000213) addi tp, zero, 0
x4 <- 0x00000000


mem[X,0x8000D5AC] -> 0x006F
mem[X,0x8000D5AE] -> 0x00C0
[1411] [M]: 0x8000D5AC (0x00C0006F) jal zero, 12


mem[X,0x8000D5B8] -> 0x6063
mem[X,0x8000D5BA] -> 0x08B5
[1412] [M]: 0x8000D5B8 (0x08B56063) bltu a0, a1, 128


mem[X,0x8000D5BC] -> 0x0213
mem[X,0x8000D5BE] -> 0x0022
[1413] [M]: 0x8000D5BC (0x00220213) addi tp, tp, 2
x4 <- 0x00000002


mem[X,0x8000D5C0] -> 0x006F
mem[X,0x8000D5C2] -> 0x0800
[1414] [M]: 0x8000D5C0 (0x0800006F) jal zero, 128


mem[X,0x8000D640] -> 0xAE23
mem[X,0x8000D642] -> 0x1E40
[1415] [M]: 0x8000D640 (0x1E40AE23) sw tp, 508(ra)
mem[0x8004B470] <- 0x00000002


mem[X,0x8000D644] -> 0xB537
mem[X,0x8000D646] -> 0xAAAA
[1416] [M]: 0x8000D644 (0xAAAAB537) lui a0, 699051
x10 <- 0xAAAAB000


mem[X,0x8000D648] -> 0x0513
mem[X,0x8000D64A] -> 0xAAA5
[1417] [M]: 0x8000D648 (0xAAA50513) addi a0, a0, 2730
x10 <- 0xAAAAAAAA


mem[X,0x8000D64C] -> 0x0593
mem[X,0x8000D64E] -> 0x0030
[1418] [M]: 0x8000D64C (0x00300593) addi a1, zero, 3
x11 <- 0x00000003


mem[X,0x8000D650] -> 0x0213
mem[X,0x8000D652] -> 0x0000
[1419] [M]: 0x8000D650 (0x00000213) addi tp, zero, 0
x4 <- 0x00000000


mem[X,0x8000D654] -> 0x006F
mem[X,0x8000D656] -> 0x00C0
[1420] [M]: 0x8000D654 (0x00C0006F) jal zero, 12


mem[X,0x8000D660] -> 0x6663
mem[X,0x8000D662] -> 0x00B5
[1421] [M]: 0x8000D660 (0x00B56663) bltu a0, a1, 12


mem[X,0x8000D664] -> 0x0213
mem[X,0x8000D666] -> 0x0022
[1422] [M]: 0x8000D664 (0x00220213) addi tp, tp, 2
x4 <- 0x00000002


mem[X,0x8000D668] -> 0x006F
mem[X,0x8000D66A] -> 0x00C0
[1423] [M]: 0x8000D668 (0x00C0006F) jal zero, 12


mem[X,0x8000D674] -> 0xA023
mem[X,0x8000D676] -> 0x2040
[1424] [M]: 0x8000D674 (0x2040A023) sw tp, 512(ra)
mem[0x8004B474] <- 0x00000002


mem[X,0x8000D678] -> 0xB537
mem[X,0x8000D67A] -> 0xAAAA
[1425] [M]: 0x8000D678 (0xAAAAB537) lui a0, 699051
x10 <- 0xAAAAB000


mem[X,0x8000D67C] -> 0x0513
mem[X,0x8000D67E] -> 0xAAA5
[1426] [M]: 0x8000D67C (0xAAA50513) addi a0, a0, 2730
x10 <- 0xAAAAAAAA


mem[X,0x8000D680] -> 0x55B7
mem[X,0x8000D682] -> 0x5555
[1427] [M]: 0x8000D680 (0x555555B7) lui a1, 349525
x11 <- 0x55555000


mem[X,0x8000D684] -> 0x8593
mem[X,0x8000D686] -> 0x5555
[1428] [M]: 0x8000D684 (0x55558593) addi a1, a1, 1365
x11 <- 0x55555555


mem[X,0x8000D688] -> 0x0213
mem[X,0x8000D68A] -> 0x0000
[1429] [M]: 0x8000D688 (0x00000213) addi tp, zero, 0
x4 <- 0x00000000


mem[X,0x8000D68C] -> 0x006F
mem[X,0x8000D68E] -> 0x00C0
[1430] [M]: 0x8000D68C (0x00C0006F) jal zero, 12


mem[X,0x8000D698] -> 0x6063
mem[X,0x8000D69A] -> 0x02B5
[1431] [M]: 0x8000D698 (0x02B56063) bltu a0, a1, 32


mem[X,0x8000D69C] -> 0x0213
mem[X,0x8000D69E] -> 0x0022
[1432] [M]: 0x8000D69C (0x00220213) addi tp, tp, 2
x4 <- 0x00000002


mem[X,0x8000D6A0] -> 0x006F
mem[X,0x8000D6A2] -> 0x0200
[1433] [M]: 0x8000D6A0 (0x0200006F) jal zero, 32


mem[X,0x8000D6C0] -> 0xA223
mem[X,0x8000D6C2] -> 0x2040
[1434] [M]: 0x8000D6C0 (0x2040A223) sw tp, 516(ra)
mem[0x8004B478] <- 0x00000002


mem[X,0x8000D6C4] -> 0xB537
mem[X,0x8000D6C6] -> 0xAAAA
[1435] [M]: 0x8000D6C4 (0xAAAAB537) lui a0, 699051
x10 <- 0xAAAAB000


mem[X,0x8000D6C8] -> 0x0513
mem[X,0x8000D6CA] -> 0xAAA5
[1436] [M]: 0x8000D6C8 (0xAAA50513) addi a0, a0, 2730
x10 <- 0xAAAAAAAA


mem[X,0x8000D6CC] -> 0xB5B7
mem[X,0x8000D6CE] -> 0xAAAA
[1437] [M]: 0x8000D6CC (0xAAAAB5B7) lui a1, 699051
x11 <- 0xAAAAB000


mem[X,0x8000D6D0] -> 0x8593
mem[X,0x8000D6D2] -> 0xAAA5
[1438] [M]: 0x8000D6D0 (0xAAA58593) addi a1, a1, 2730
x11 <- 0xAAAAAAAA


mem[X,0x8000D6D4] -> 0x0213
mem[X,0x8000D6D6] -> 0x0000
[1439] [M]: 0x8000D6D4 (0x00000213) addi tp, zero, 0
x4 <- 0x00000000


mem[X,0x8000D6D8] -> 0x006F
mem[X,0x8000D6DA] -> 0x0180
[1440] [M]: 0x8000D6D8 (0x0180006F) jal zero, 24


mem[X,0x8000D6F0] -> 0x66E3
mem[X,0x8000D6F2] -> 0xFEB5
[1441] [M]: 0x8000D6F0 (0xFEB566E3) bltu a0, a1, 8172


mem[X,0x8000D6F4] -> 0x0213
mem[X,0x8000D6F6] -> 0x0022
[1442] [M]: 0x8000D6F4 (0x00220213) addi tp, tp, 2
x4 <- 0x00000002


mem[X,0x8000D6F8] -> 0x006F
mem[X,0x8000D6FA] -> 0x00C0
[1443] [M]: 0x8000D6F8 (0x00C0006F) jal zero, 12


mem[X,0x8000D704] -> 0xA423
mem[X,0x8000D706] -> 0x2040
[1444] [M]: 0x8000D704 (0x2040A423) sw tp, 520(ra)
mem[0x8004B47C] <- 0x00000002


mem[X,0x8000D708] -> 0xB537
mem[X,0x8000D70A] -> 0xAAAA
[1445] [M]: 0x8000D708 (0xAAAAB537) lui a0, 699051
x10 <- 0xAAAAB000


mem[X,0x8000D70C] -> 0x0513
mem[X,0x8000D70E] -> 0xAAA5
[1446] [M]: 0x8000D70C (0xAAA50513) addi a0, a0, 2730
x10 <- 0xAAAAAAAA


mem[X,0x8000D710] -> 0x0593
mem[X,0x8000D712] -> 0x0050
[1447] [M]: 0x8000D710 (0x00500593) addi a1, zero, 5
x11 <- 0x00000005


mem[X,0x8000D714] -> 0x0213
mem[X,0x8000D716] -> 0x0000
[1448] [M]: 0x8000D714 (0x00000213) addi tp, zero, 0
x4 <- 0x00000000


mem[X,0x8000D718] -> 0x006F
mem[X,0x8000D71A] -> 0x0050
[1449] [M]: 0x8000D718 (0x0050006F) jal zero, 2052


mem[X,0x8000DF1C] -> 0x60E3
mem[X,0x8000DF1E] -> 0x80B5
[1450] [M]: 0x8000DF1C (0x80B560E3) bltu a0, a1, 6144


mem[X,0x8000DF20] -> 0x0213
mem[X,0x8000DF22] -> 0x0022
[1451] [M]: 0x8000DF20 (0x00220213) addi tp, tp, 2
x4 <- 0x00000002


mem[X,0x8000DF24] -> 0x006F
mem[X,0x8000DF26] -> 0x00C0
[1452] [M]: 0x8000DF24 (0x00C0006F) jal zero, 12


mem[X,0x8000DF30] -> 0xA623
mem[X,0x8000DF32] -> 0x2040
[1453] [M]: 0x8000DF30 (0x2040A623) sw tp, 524(ra)
mem[0x8004B480] <- 0x00000002


mem[X,0x8000DF34] -> 0xB537
mem[X,0x8000DF36] -> 0xAAAA
[1454] [M]: 0x8000DF34 (0xAAAAB537) lui a0, 699051
x10 <- 0xAAAAB000


mem[X,0x8000DF38] -> 0x0513
mem[X,0x8000DF3A] -> 0xAAA5
[1455] [M]: 0x8000DF38 (0xAAA50513) addi a0, a0, 2730
x10 <- 0xAAAAAAAA


mem[X,0x8000DF3C] -> 0x35B7
mem[X,0x8000DF3E] -> 0x3333
[1456] [M]: 0x8000DF3C (0x333335B7) lui a1, 209715
x11 <- 0x33333000


mem[X,0x8000DF40] -> 0x8593
mem[X,0x8000DF42] -> 0x3335
[1457] [M]: 0x8000DF40 (0x33358593) addi a1, a1, 819
x11 <- 0x33333333


mem[X,0x8000DF44] -> 0x0213
mem[X,0x8000DF46] -> 0x0000
[1458] [M]: 0x8000DF44 (0x00000213) addi tp, zero, 0
x4 <- 0x00000000


mem[X,0x8000DF48] -> 0x006F
mem[X,0x8000DF4A] -> 0x00C0
[1459] [M]: 0x8000DF48 (0x00C0006F) jal zero, 12


mem[X,0x8000DF54] -> 0x6063
mem[X,0x8000DF56] -> 0x04B5
[1460] [M]: 0x8000DF54 (0x04B56063) bltu a0, a1, 64


mem[X,0x8000DF58] -> 0x0213
mem[X,0x8000DF5A] -> 0x0022
[1461] [M]: 0x8000DF58 (0x00220213) addi tp, tp, 2
x4 <- 0x00000002


mem[X,0x8000DF5C] -> 0x006F
mem[X,0x8000DF5E] -> 0x0400
[1462] [M]: 0x8000DF5C (0x0400006F) jal zero, 64


mem[X,0x8000DF9C] -> 0xA823
mem[X,0x8000DF9E] -> 0x2040
[1463] [M]: 0x8000DF9C (0x2040A823) sw tp, 528(ra)
mem[0x8004B484] <- 0x00000002


mem[X,0x8000DFA0] -> 0xB537
mem[X,0x8000DFA2] -> 0xAAAA
[1464] [M]: 0x8000DFA0 (0xAAAAB537) lui a0, 699051
x10 <- 0xAAAAB000


mem[X,0x8000DFA4] -> 0x0513
mem[X,0x8000DFA6] -> 0xAAA5
[1465] [M]: 0x8000DFA4 (0xAAA50513) addi a0, a0, 2730
x10 <- 0xAAAAAAAA


mem[X,0x8000DFA8] -> 0x65B7
mem[X,0x8000DFAA] -> 0x6666
[1466] [M]: 0x8000DFA8 (0x666665B7) lui a1, 419430
x11 <- 0x66666000


mem[X,0x8000DFAC] -> 0x8593
mem[X,0x8000DFAE] -> 0x6665
[1467] [M]: 0x8000DFAC (0x66658593) addi a1, a1, 1638
x11 <- 0x66666666


mem[X,0x8000DFB0] -> 0x0213
mem[X,0x8000DFB2] -> 0x0000
[1468] [M]: 0x8000DFB0 (0x00000213) addi tp, zero, 0
x4 <- 0x00000000


mem[X,0x8000DFB4] -> 0x006F
mem[X,0x8000DFB6] -> 0x00C0
[1469] [M]: 0x8000DFB4 (0x00C0006F) jal zero, 12


mem[X,0x8000DFC0] -> 0x6663
mem[X,0x8000DFC2] -> 0x00B5
[1470] [M]: 0x8000DFC0 (0x00B56663) bltu a0, a1, 12


mem[X,0x8000DFC4] -> 0x0213
mem[X,0x8000DFC6] -> 0x0022
[1471] [M]: 0x8000DFC4 (0x00220213) addi tp, tp, 2
x4 <- 0x00000002


mem[X,0x8000DFC8] -> 0x006F
mem[X,0x8000DFCA] -> 0x00C0
[1472] [M]: 0x8000DFC8 (0x00C0006F) jal zero, 12


mem[X,0x8000DFD4] -> 0xAA23
mem[X,0x8000DFD6] -> 0x2040
[1473] [M]: 0x8000DFD4 (0x2040AA23) sw tp, 532(ra)
mem[0x8004B488] <- 0x00000002


mem[X,0x8000DFD8] -> 0xB537
mem[X,0x8000DFDA] -> 0xAAAA
[1474] [M]: 0x8000DFD8 (0xAAAAB537) lui a0, 699051
x10 <- 0xAAAAB000


mem[X,0x8000DFDC] -> 0x0513
mem[X,0x8000DFDE] -> 0xAAA5
[1475] [M]: 0x8000DFDC (0xAAA50513) addi a0, a0, 2730
x10 <- 0xAAAAAAAA


mem[X,0x8000DFE0] -> 0xB5B7
mem[X,0x8000DFE2] -> 0x0000
[1476] [M]: 0x8000DFE0 (0x0000B5B7) lui a1, 11
x11 <- 0x0000B000


mem[X,0x8000DFE4] -> 0x8593
mem[X,0x8000DFE6] -> 0x5045
[1477] [M]: 0x8000DFE4 (0x50458593) addi a1, a1, 1284
x11 <- 0x0000B504


mem[X,0x8000DFE8] -> 0x0213
mem[X,0x8000DFEA] -> 0x0000
[1478] [M]: 0x8000DFE8 (0x00000213) addi tp, zero, 0
x4 <- 0x00000000


mem[X,0x8000DFEC] -> 0x006F
mem[X,0x8000DFEE] -> 0x00C0
[1479] [M]: 0x8000DFEC (0x00C0006F) jal zero, 12


mem[X,0x8000DFF8] -> 0x6063
mem[X,0x8000DFFA] -> 0x08B5
[1480] [M]: 0x8000DFF8 (0x08B56063) bltu a0, a1, 128


mem[X,0x8000DFFC] -> 0x0213
mem[X,0x8000DFFE] -> 0x0022
[1481] [M]: 0x8000DFFC (0x00220213) addi tp, tp, 2
x4 <- 0x00000002


mem[X,0x8000E000] -> 0x006F
mem[X,0x8000E002] -> 0x0800
[1482] [M]: 0x8000E000 (0x0800006F) jal zero, 128


mem[X,0x8000E080] -> 0xAC23
mem[X,0x8000E082] -> 0x2040
[1483] [M]: 0x8000E080 (0x2040AC23) sw tp, 536(ra)
mem[0x8004B48C] <- 0x00000002


mem[X,0x8000E084] -> 0xB537
mem[X,0x8000E086] -> 0xAAAA
[1484] [M]: 0x8000E084 (0xAAAAB537) lui a0, 699051
x10 <- 0xAAAAB000


mem[X,0x8000E088] -> 0x0513
mem[X,0x8000E08A] -> 0xAAA5
[1485] [M]: 0x8000E088 (0xAAA50513) addi a0, a0, 2730
x10 <- 0xAAAAAAAA


mem[X,0x8000E08C] -> 0x0593
mem[X,0x8000E08E] -> 0x0000
[1486] [M]: 0x8000E08C (0x00000593) addi a1, zero, 0
x11 <- 0x00000000


mem[X,0x8000E090] -> 0x0213
mem[X,0x8000E092] -> 0x0000
[1487] [M]: 0x8000E090 (0x00000213) addi tp, zero, 0
x4 <- 0x00000000


mem[X,0x8000E094] -> 0x006F
mem[X,0x8000E096] -> 0x00C0
[1488] [M]: 0x8000E094 (0x00C0006F) jal zero, 12


mem[X,0x8000E0A0] -> 0x6863
mem[X,0x8000E0A2] -> 0x00B5
[1489] [M]: 0x8000E0A0 (0x00B56863) bltu a0, a1, 16


mem[X,0x8000E0A4] -> 0x0213
mem[X,0x8000E0A6] -> 0x0022
[1490] [M]: 0x8000E0A4 (0x00220213) addi tp, tp, 2
x4 <- 0x00000002


mem[X,0x8000E0A8] -> 0x006F
mem[X,0x8000E0AA] -> 0x0100
[1491] [M]: 0x8000E0A8 (0x0100006F) jal zero, 16


mem[X,0x8000E0B8] -> 0xAE23
mem[X,0x8000E0BA] -> 0x2040
[1492] [M]: 0x8000E0B8 (0x2040AE23) sw tp, 540(ra)
mem[0x8004B490] <- 0x00000002


mem[X,0x8000E0BC] -> 0xB537
mem[X,0x8000E0BE] -> 0xAAAA
[1493] [M]: 0x8000E0BC (0xAAAAB537) lui a0, 699051
x10 <- 0xAAAAB000


mem[X,0x8000E0C0] -> 0x0513
mem[X,0x8000E0C2] -> 0xAAA5
[1494] [M]: 0x8000E0C0 (0xAAA50513) addi a0, a0, 2730
x10 <- 0xAAAAAAAA


mem[X,0x8000E0C4] -> 0x05B7
mem[X,0x8000E0C6] -> 0x0001
[1495] [M]: 0x8000E0C4 (0x000105B7) lui a1, 16
x11 <- 0x00010000


mem[X,0x8000E0C8] -> 0x8593
mem[X,0x8000E0CA] -> 0xFFF5
[1496] [M]: 0x8000E0C8 (0xFFF58593) addi a1, a1, 4095
x11 <- 0x0000FFFF


mem[X,0x8000E0CC] -> 0x0213
mem[X,0x8000E0CE] -> 0x0000
[1497] [M]: 0x8000E0CC (0x00000213) addi tp, zero, 0
x4 <- 0x00000000


mem[X,0x8000E0D0] -> 0x006F
mem[X,0x8000E0D2] -> 0x00C0
[1498] [M]: 0x8000E0D0 (0x00C0006F) jal zero, 12


mem[X,0x8000E0DC] -> 0x6063
mem[X,0x8000E0DE] -> 0x08B5
[1499] [M]: 0x8000E0DC (0x08B56063) bltu a0, a1, 128


clint::tick mtime <- 0x000000000000000F
 clint timer pending at mtime 0x000000000000000F
htif::tick 0x0000000000000000
mem[X,0x8000E0E0] -> 0x0213
mem[X,0x8000E0E2] -> 0x0022
[1500] [M]: 0x8000E0E0 (0x00220213) addi tp, tp, 2
x4 <- 0x00000002


mem[X,0x8000E0E4] -> 0x006F
mem[X,0x8000E0E6] -> 0x0800
[1501] [M]: 0x8000E0E4 (0x0800006F) jal zero, 128


mem[X,0x8000E164] -> 0xA023
mem[X,0x8000E166] -> 0x2240
[1502] [M]: 0x8000E164 (0x2240A023) sw tp, 544(ra)
mem[0x8004B494] <- 0x00000002


mem[X,0x8000E168] -> 0xB537
mem[X,0x8000E16A] -> 0xAAAA
[1503] [M]: 0x8000E168 (0xAAAAB537) lui a0, 699051
x10 <- 0xAAAAB000


mem[X,0x8000E16C] -> 0x0513
mem[X,0x8000E16E] -> 0xAAA5
[1504] [M]: 0x8000E16C (0xAAA50513) addi a0, a0, 2730
x10 <- 0xAAAAAAAA


mem[X,0x8000E170] -> 0x0593
mem[X,0x8000E172] -> 0x0020
[1505] [M]: 0x8000E170 (0x00200593) addi a1, zero, 2
x11 <- 0x00000002


mem[X,0x8000E174] -> 0x0213
mem[X,0x8000E176] -> 0x0000
[1506] [M]: 0x8000E174 (0x00000213) addi tp, zero, 0
x4 <- 0x00000000


mem[X,0x8000E178] -> 0x006F
mem[X,0x8000E17A] -> 0x00C0
[1507] [M]: 0x8000E178 (0x00C0006F) jal zero, 12


mem[X,0x8000E184] -> 0x6CE3
mem[X,0x8000E186] -> 0xFEB5
[1508] [M]: 0x8000E184 (0xFEB56CE3) bltu a0, a1, 8184


mem[X,0x8000E188] -> 0x0213
mem[X,0x8000E18A] -> 0x0022
[1509] [M]: 0x8000E188 (0x00220213) addi tp, tp, 2
x4 <- 0x00000002


mem[X,0x8000E18C] -> 0x006F
mem[X,0x8000E18E] -> 0x00C0
[1510] [M]: 0x8000E18C (0x00C0006F) jal zero, 12


mem[X,0x8000E198] -> 0xA223
mem[X,0x8000E19A] -> 0x2240
[1511] [M]: 0x8000E198 (0x2240A223) sw tp, 548(ra)
mem[0x8004B498] <- 0x00000002


mem[X,0x8000E19C] -> 0xB537
mem[X,0x8000E19E] -> 0xAAAA
[1512] [M]: 0x8000E19C (0xAAAAB537) lui a0, 699051
x10 <- 0xAAAAB000


mem[X,0x8000E1A0] -> 0x0513
mem[X,0x8000E1A2] -> 0xAAA5
[1513] [M]: 0x8000E1A0 (0xAAA50513) addi a0, a0, 2730
x10 <- 0xAAAAAAAA


mem[X,0x8000E1A4] -> 0x55B7
mem[X,0x8000E1A6] -> 0x5555
[1514] [M]: 0x8000E1A4 (0x555555B7) lui a1, 349525
x11 <- 0x55555000


mem[X,0x8000E1A8] -> 0x8593
mem[X,0x8000E1AA] -> 0x5545
[1515] [M]: 0x8000E1A8 (0x55458593) addi a1, a1, 1364
x11 <- 0x55555554


mem[X,0x8000E1AC] -> 0x0213
mem[X,0x8000E1AE] -> 0x0000
[1516] [M]: 0x8000E1AC (0x00000213) addi tp, zero, 0
x4 <- 0x00000000


mem[X,0x8000E1B0] -> 0x006F
mem[X,0x8000E1B2] -> 0x00C0
[1517] [M]: 0x8000E1B0 (0x00C0006F) jal zero, 12


mem[X,0x8000E1BC] -> 0x6CE3
mem[X,0x8000E1BE] -> 0xFEB5
[1518] [M]: 0x8000E1BC (0xFEB56CE3) bltu a0, a1, 8184


mem[X,0x8000E1C0] -> 0x0213
mem[X,0x8000E1C2] -> 0x0022
[1519] [M]: 0x8000E1C0 (0x00220213) addi tp, tp, 2
x4 <- 0x00000002


mem[X,0x8000E1C4] -> 0x006F
mem[X,0x8000E1C6] -> 0x00C0
[1520] [M]: 0x8000E1C4 (0x00C0006F) jal zero, 12


mem[X,0x8000E1D0] -> 0xA423
mem[X,0x8000E1D2] -> 0x2240
[1521] [M]: 0x8000E1D0 (0x2240A423) sw tp, 552(ra)
mem[0x8004B49C] <- 0x00000002


mem[X,0x8000E1D4] -> 0xB537
mem[X,0x8000E1D6] -> 0xAAAA
[1522] [M]: 0x8000E1D4 (0xAAAAB537) lui a0, 699051
x10 <- 0xAAAAB000


mem[X,0x8000E1D8] -> 0x0513
mem[X,0x8000E1DA] -> 0xAAA5
[1523] [M]: 0x8000E1D8 (0xAAA50513) addi a0, a0, 2730
x10 <- 0xAAAAAAAA


mem[X,0x8000E1DC] -> 0xB5B7
mem[X,0x8000E1DE] -> 0xAAAA
[1524] [M]: 0x8000E1DC (0xAAAAB5B7) lui a1, 699051
x11 <- 0xAAAAB000


mem[X,0x8000E1E0] -> 0x8593
mem[X,0x8000E1E2] -> 0xAA95
[1525] [M]: 0x8000E1E0 (0xAA958593) addi a1, a1, 2729
x11 <- 0xAAAAAAA9


mem[X,0x8000E1E4] -> 0x0213
mem[X,0x8000E1E6] -> 0x0000
[1526] [M]: 0x8000E1E4 (0x00000213) addi tp, zero, 0
x4 <- 0x00000000


mem[X,0x8000E1E8] -> 0x006F
mem[X,0x8000E1EA] -> 0x00C0
[1527] [M]: 0x8000E1E8 (0x00C0006F) jal zero, 12


mem[X,0x8000E1F4] -> 0x6663
mem[X,0x8000E1F6] -> 0x00B5
[1528] [M]: 0x8000E1F4 (0x00B56663) bltu a0, a1, 12


mem[X,0x8000E1F8] -> 0x0213
mem[X,0x8000E1FA] -> 0x0022
[1529] [M]: 0x8000E1F8 (0x00220213) addi tp, tp, 2
x4 <- 0x00000002


mem[X,0x8000E1FC] -> 0x006F
mem[X,0x8000E1FE] -> 0x00C0
[1530] [M]: 0x8000E1FC (0x00C0006F) jal zero, 12


mem[X,0x8000E208] -> 0xA623
mem[X,0x8000E20A] -> 0x2240
[1531] [M]: 0x8000E208 (0x2240A623) sw tp, 556(ra)
mem[0x8004B4A0] <- 0x00000002


mem[X,0x8000E20C] -> 0xB537
mem[X,0x8000E20E] -> 0xAAAA
[1532] [M]: 0x8000E20C (0xAAAAB537) lui a0, 699051
x10 <- 0xAAAAB000


mem[X,0x8000E210] -> 0x0513
mem[X,0x8000E212] -> 0xAAA5
[1533] [M]: 0x8000E210 (0xAAA50513) addi a0, a0, 2730
x10 <- 0xAAAAAAAA


mem[X,0x8000E214] -> 0x0593
mem[X,0x8000E216] -> 0x0040
[1534] [M]: 0x8000E214 (0x00400593) addi a1, zero, 4
x11 <- 0x00000004


mem[X,0x8000E218] -> 0x0213
mem[X,0x8000E21A] -> 0x0000
[1535] [M]: 0x8000E218 (0x00000213) addi tp, zero, 0
x4 <- 0x00000000


mem[X,0x8000E21C] -> 0x006F
mem[X,0x8000E21E] -> 0x00C0
[1536] [M]: 0x8000E21C (0x00C0006F) jal zero, 12


mem[X,0x8000E228] -> 0x6063
mem[X,0x8000E22A] -> 0x04B5
[1537] [M]: 0x8000E228 (0x04B56063) bltu a0, a1, 64


mem[X,0x8000E22C] -> 0x0213
mem[X,0x8000E22E] -> 0x0022
[1538] [M]: 0x8000E22C (0x00220213) addi tp, tp, 2
x4 <- 0x00000002


mem[X,0x8000E230] -> 0x006F
mem[X,0x8000E232] -> 0x0400
[1539] [M]: 0x8000E230 (0x0400006F) jal zero, 64


mem[X,0x8000E270] -> 0xA823
mem[X,0x8000E272] -> 0x2240
[1540] [M]: 0x8000E270 (0x2240A823) sw tp, 560(ra)
mem[0x8004B4A4] <- 0x00000002


mem[X,0x8000E274] -> 0xB537
mem[X,0x8000E276] -> 0xAAAA
[1541] [M]: 0x8000E274 (0xAAAAB537) lui a0, 699051
x10 <- 0xAAAAB000


mem[X,0x8000E278] -> 0x0513
mem[X,0x8000E27A] -> 0xAAA5
[1542] [M]: 0x8000E278 (0xAAA50513) addi a0, a0, 2730
x10 <- 0xAAAAAAAA


mem[X,0x8000E27C] -> 0x35B7
mem[X,0x8000E27E] -> 0x3333
[1543] [M]: 0x8000E27C (0x333335B7) lui a1, 209715
x11 <- 0x33333000


mem[X,0x8000E280] -> 0x8593
mem[X,0x8000E282] -> 0x3325
[1544] [M]: 0x8000E280 (0x33258593) addi a1, a1, 818
x11 <- 0x33333332


mem[X,0x8000E284] -> 0x0213
mem[X,0x8000E286] -> 0x0000
[1545] [M]: 0x8000E284 (0x00000213) addi tp, zero, 0
x4 <- 0x00000000


mem[X,0x8000E288] -> 0x006F
mem[X,0x8000E28A] -> 0x0180
[1546] [M]: 0x8000E288 (0x0180006F) jal zero, 24


mem[X,0x8000E2A0] -> 0x66E3
mem[X,0x8000E2A2] -> 0xFEB5
[1547] [M]: 0x8000E2A0 (0xFEB566E3) bltu a0, a1, 8172


mem[X,0x8000E2A4] -> 0x0213
mem[X,0x8000E2A6] -> 0x0022
[1548] [M]: 0x8000E2A4 (0x00220213) addi tp, tp, 2
x4 <- 0x00000002


mem[X,0x8000E2A8] -> 0x006F
mem[X,0x8000E2AA] -> 0x00C0
[1549] [M]: 0x8000E2A8 (0x00C0006F) jal zero, 12


mem[X,0x8000E2B4] -> 0xAA23
mem[X,0x8000E2B6] -> 0x2240
[1550] [M]: 0x8000E2B4 (0x2240AA23) sw tp, 564(ra)
mem[0x8004B4A8] <- 0x00000002


mem[X,0x8000E2B8] -> 0xB537
mem[X,0x8000E2BA] -> 0xAAAA
[1551] [M]: 0x8000E2B8 (0xAAAAB537) lui a0, 699051
x10 <- 0xAAAAB000


mem[X,0x8000E2BC] -> 0x0513
mem[X,0x8000E2BE] -> 0xAAA5
[1552] [M]: 0x8000E2BC (0xAAA50513) addi a0, a0, 2730
x10 <- 0xAAAAAAAA


mem[X,0x8000E2C0] -> 0x65B7
mem[X,0x8000E2C2] -> 0x6666
[1553] [M]: 0x8000E2C0 (0x666665B7) lui a1, 419430
x11 <- 0x66666000


mem[X,0x8000E2C4] -> 0x8593
mem[X,0x8000E2C6] -> 0x6655
[1554] [M]: 0x8000E2C4 (0x66558593) addi a1, a1, 1637
x11 <- 0x66666665


mem[X,0x8000E2C8] -> 0x0213
mem[X,0x8000E2CA] -> 0x0000
[1555] [M]: 0x8000E2C8 (0x00000213) addi tp, zero, 0
x4 <- 0x00000000


mem[X,0x8000E2CC] -> 0x006F
mem[X,0x8000E2CE] -> 0x0100
[1556] [M]: 0x8000E2CC (0x0100006F) jal zero, 16


mem[X,0x8000E2DC] -> 0x6AE3
mem[X,0x8000E2DE] -> 0xFEB5
[1557] [M]: 0x8000E2DC (0xFEB56AE3) bltu a0, a1, 8180


mem[X,0x8000E2E0] -> 0x0213
mem[X,0x8000E2E2] -> 0x0022
[1558] [M]: 0x8000E2E0 (0x00220213) addi tp, tp, 2
x4 <- 0x00000002


mem[X,0x8000E2E4] -> 0x006F
mem[X,0x8000E2E6] -> 0x00C0
[1559] [M]: 0x8000E2E4 (0x00C0006F) jal zero, 12


mem[X,0x8000E2F0] -> 0xAC23
mem[X,0x8000E2F2] -> 0x2240
[1560] [M]: 0x8000E2F0 (0x2240AC23) sw tp, 568(ra)
mem[0x8004B4AC] <- 0x00000002


mem[X,0x8000E2F4] -> 0xB537
mem[X,0x8000E2F6] -> 0xAAAA
[1561] [M]: 0x8000E2F4 (0xAAAAB537) lui a0, 699051
x10 <- 0xAAAAB000


mem[X,0x8000E2F8] -> 0x0513
mem[X,0x8000E2FA] -> 0xAAA5
[1562] [M]: 0x8000E2F8 (0xAAA50513) addi a0, a0, 2730
x10 <- 0xAAAAAAAA


mem[X,0x8000E2FC] -> 0xB5B7
mem[X,0x8000E2FE] -> 0x0000
[1563] [M]: 0x8000E2FC (0x0000B5B7) lui a1, 11
x11 <- 0x0000B000


mem[X,0x8000E300] -> 0x8593
mem[X,0x8000E302] -> 0x5035
[1564] [M]: 0x8000E300 (0x50358593) addi a1, a1, 1283
x11 <- 0x0000B503


mem[X,0x8000E304] -> 0x0213
mem[X,0x8000E306] -> 0x0000
[1565] [M]: 0x8000E304 (0x00000213) addi tp, zero, 0
x4 <- 0x00000000


mem[X,0x8000E308] -> 0x006F
mem[X,0x8000E30A] -> 0x00C0
[1566] [M]: 0x8000E308 (0x00C0006F) jal zero, 12


mem[X,0x8000E314] -> 0x6063
mem[X,0x8000E316] -> 0x08B5
[1567] [M]: 0x8000E314 (0x08B56063) bltu a0, a1, 128


mem[X,0x8000E318] -> 0x0213
mem[X,0x8000E31A] -> 0x0022
[1568] [M]: 0x8000E318 (0x00220213) addi tp, tp, 2
x4 <- 0x00000002


mem[X,0x8000E31C] -> 0x006F
mem[X,0x8000E31E] -> 0x0800
[1569] [M]: 0x8000E31C (0x0800006F) jal zero, 128


mem[X,0x8000E39C] -> 0xAE23
mem[X,0x8000E39E] -> 0x2240
[1570] [M]: 0x8000E39C (0x2240AE23) sw tp, 572(ra)
mem[0x8004B4B0] <- 0x00000002


mem[X,0x8000E3A0] -> 0xB537
mem[X,0x8000E3A2] -> 0xAAAA
[1571] [M]: 0x8000E3A0 (0xAAAAB537) lui a0, 699051
x10 <- 0xAAAAB000


mem[X,0x8000E3A4] -> 0x0513
mem[X,0x8000E3A6] -> 0xAAA5
[1572] [M]: 0x8000E3A4 (0xAAA50513) addi a0, a0, 2730
x10 <- 0xAAAAAAAA


mem[X,0x8000E3A8] -> 0x05B7
mem[X,0x8000E3AA] -> 0x0001
[1573] [M]: 0x8000E3A8 (0x000105B7) lui a1, 16
x11 <- 0x00010000


mem[X,0x8000E3AC] -> 0x8593
mem[X,0x8000E3AE] -> 0xFFE5
[1574] [M]: 0x8000E3AC (0xFFE58593) addi a1, a1, 4094
x11 <- 0x0000FFFE


mem[X,0x8000E3B0] -> 0x0213
mem[X,0x8000E3B2] -> 0x0000
[1575] [M]: 0x8000E3B0 (0x00000213) addi tp, zero, 0
x4 <- 0x00000000


mem[X,0x8000E3B4] -> 0x006F
mem[X,0x8000E3B6] -> 0x0050
[1576] [M]: 0x8000E3B4 (0x0050006F) jal zero, 2052


mem[X,0x8000EBB8] -> 0x60E3
mem[X,0x8000EBBA] -> 0x80B5
[1577] [M]: 0x8000EBB8 (0x80B560E3) bltu a0, a1, 6144


mem[X,0x8000EBBC] -> 0x0213
mem[X,0x8000EBBE] -> 0x0022
[1578] [M]: 0x8000EBBC (0x00220213) addi tp, tp, 2
x4 <- 0x00000002


mem[X,0x8000EBC0] -> 0x006F
mem[X,0x8000EBC2] -> 0x00C0
[1579] [M]: 0x8000EBC0 (0x00C0006F) jal zero, 12


mem[X,0x8000EBCC] -> 0xA023
mem[X,0x8000EBCE] -> 0x2440
[1580] [M]: 0x8000EBCC (0x2440A023) sw tp, 576(ra)
mem[0x8004B4B4] <- 0x00000002


mem[X,0x8000EBD0] -> 0xB537
mem[X,0x8000EBD2] -> 0xAAAA
[1581] [M]: 0x8000EBD0 (0xAAAAB537) lui a0, 699051
x10 <- 0xAAAAB000


mem[X,0x8000EBD4] -> 0x0513
mem[X,0x8000EBD6] -> 0xAAA5
[1582] [M]: 0x8000EBD4 (0xAAA50513) addi a0, a0, 2730
x10 <- 0xAAAAAAAA


mem[X,0x8000EBD8] -> 0x55B7
mem[X,0x8000EBDA] -> 0x5555
[1583] [M]: 0x8000EBD8 (0x555555B7) lui a1, 349525
x11 <- 0x55555000


mem[X,0x8000EBDC] -> 0x8593
mem[X,0x8000EBDE] -> 0x5565
[1584] [M]: 0x8000EBDC (0x55658593) addi a1, a1, 1366
x11 <- 0x55555556


mem[X,0x8000EBE0] -> 0x0213
mem[X,0x8000EBE2] -> 0x0000
[1585] [M]: 0x8000EBE0 (0x00000213) addi tp, zero, 0
x4 <- 0x00000000


mem[X,0x8000EBE4] -> 0x006F
mem[X,0x8000EBE6] -> 0x00C0
[1586] [M]: 0x8000EBE4 (0x00C0006F) jal zero, 12


mem[X,0x8000EBF0] -> 0x6863
mem[X,0x8000EBF2] -> 0x00B5
[1587] [M]: 0x8000EBF0 (0x00B56863) bltu a0, a1, 16


mem[X,0x8000EBF4] -> 0x0213
mem[X,0x8000EBF6] -> 0x0022
[1588] [M]: 0x8000EBF4 (0x00220213) addi tp, tp, 2
x4 <- 0x00000002


mem[X,0x8000EBF8] -> 0x006F
mem[X,0x8000EBFA] -> 0x0100
[1589] [M]: 0x8000EBF8 (0x0100006F) jal zero, 16


mem[X,0x8000EC08] -> 0xA223
mem[X,0x8000EC0A] -> 0x2440
[1590] [M]: 0x8000EC08 (0x2440A223) sw tp, 580(ra)
mem[0x8004B4B8] <- 0x00000002


mem[X,0x8000EC0C] -> 0xB537
mem[X,0x8000EC0E] -> 0xAAAA
[1591] [M]: 0x8000EC0C (0xAAAAB537) lui a0, 699051
x10 <- 0xAAAAB000


mem[X,0x8000EC10] -> 0x0513
mem[X,0x8000EC12] -> 0xAAA5
[1592] [M]: 0x8000EC10 (0xAAA50513) addi a0, a0, 2730
x10 <- 0xAAAAAAAA


mem[X,0x8000EC14] -> 0xB5B7
mem[X,0x8000EC16] -> 0xAAAA
[1593] [M]: 0x8000EC14 (0xAAAAB5B7) lui a1, 699051
x11 <- 0xAAAAB000


mem[X,0x8000EC18] -> 0x8593
mem[X,0x8000EC1A] -> 0xAAB5
[1594] [M]: 0x8000EC18 (0xAAB58593) addi a1, a1, 2731
x11 <- 0xAAAAAAAB


mem[X,0x8000EC1C] -> 0x0213
mem[X,0x8000EC1E] -> 0x0000
[1595] [M]: 0x8000EC1C (0x00000213) addi tp, zero, 0
x4 <- 0x00000000


mem[X,0x8000EC20] -> 0x006F
mem[X,0x8000EC22] -> 0x00C0
[1596] [M]: 0x8000EC20 (0x00C0006F) jal zero, 12


mem[X,0x8000EC2C] -> 0x6663
mem[X,0x8000EC2E] -> 0x00B5
[1597] [M]: 0x8000EC2C (0x00B56663) bltu a0, a1, 12


mem[X,0x8000EC38] -> 0x0213
mem[X,0x8000EC3A] -> 0x0032
[1598] [M]: 0x8000EC38 (0x00320213) addi tp, tp, 3
x4 <- 0x00000003


mem[X,0x8000EC3C] -> 0x006F
mem[X,0x8000EC3E] -> 0x0040
[1599] [M]: 0x8000EC3C (0x0040006F) jal zero, 4


clint::tick mtime <- 0x0000000000000010
 clint timer pending at mtime 0x0000000000000010
htif::tick 0x0000000000000000
mem[X,0x8000EC40] -> 0xA423
mem[X,0x8000EC42] -> 0x2440
[1600] [M]: 0x8000EC40 (0x2440A423) sw tp, 584(ra)
mem[0x8004B4BC] <- 0x00000003


mem[X,0x8000EC44] -> 0xB537
mem[X,0x8000EC46] -> 0xAAAA
[1601] [M]: 0x8000EC44 (0xAAAAB537) lui a0, 699051
x10 <- 0xAAAAB000


mem[X,0x8000EC48] -> 0x0513
mem[X,0x8000EC4A] -> 0xAAA5
[1602] [M]: 0x8000EC48 (0xAAA50513) addi a0, a0, 2730
x10 <- 0xAAAAAAAA


mem[X,0x8000EC4C] -> 0x0593
mem[X,0x8000EC4E] -> 0x0060
[1603] [M]: 0x8000EC4C (0x00600593) addi a1, zero, 6
x11 <- 0x00000006


mem[X,0x8000EC50] -> 0x0213
mem[X,0x8000EC52] -> 0x0000
[1604] [M]: 0x8000EC50 (0x00000213) addi tp, zero, 0
x4 <- 0x00000000


mem[X,0x8000EC54] -> 0x006F
mem[X,0x8000EC56] -> 0x0180
[1605] [M]: 0x8000EC54 (0x0180006F) jal zero, 24


mem[X,0x8000EC6C] -> 0x66E3
mem[X,0x8000EC6E] -> 0xFEB5
[1606] [M]: 0x8000EC6C (0xFEB566E3) bltu a0, a1, 8172


mem[X,0x8000EC70] -> 0x0213
mem[X,0x8000EC72] -> 0x0022
[1607] [M]: 0x8000EC70 (0x00220213) addi tp, tp, 2
x4 <- 0x00000002


mem[X,0x8000EC74] -> 0x006F
mem[X,0x8000EC76] -> 0x00C0
[1608] [M]: 0x8000EC74 (0x00C0006F) jal zero, 12


mem[X,0x8000EC80] -> 0xA623
mem[X,0x8000EC82] -> 0x2440
[1609] [M]: 0x8000EC80 (0x2440A623) sw tp, 588(ra)
mem[0x8004B4C0] <- 0x00000002


mem[X,0x8000EC84] -> 0xB537
mem[X,0x8000EC86] -> 0xAAAA
[1610] [M]: 0x8000EC84 (0xAAAAB537) lui a0, 699051
x10 <- 0xAAAAB000


mem[X,0x8000EC88] -> 0x0513
mem[X,0x8000EC8A] -> 0xAAA5
[1611] [M]: 0x8000EC88 (0xAAA50513) addi a0, a0, 2730
x10 <- 0xAAAAAAAA


mem[X,0x8000EC8C] -> 0x35B7
mem[X,0x8000EC8E] -> 0x3333
[1612] [M]: 0x8000EC8C (0x333335B7) lui a1, 209715
x11 <- 0x33333000


mem[X,0x8000EC90] -> 0x8593
mem[X,0x8000EC92] -> 0x3345
[1613] [M]: 0x8000EC90 (0x33458593) addi a1, a1, 820
x11 <- 0x33333334


mem[X,0x8000EC94] -> 0x0213
mem[X,0x8000EC96] -> 0x0000
[1614] [M]: 0x8000EC94 (0x00000213) addi tp, zero, 0
x4 <- 0x00000000


mem[X,0x8000EC98] -> 0x006F
mem[X,0x8000EC9A] -> 0x00C0
[1615] [M]: 0x8000EC98 (0x00C0006F) jal zero, 12


mem[X,0x8000ECA4] -> 0x6CE3
mem[X,0x8000ECA6] -> 0xFEB5
[1616] [M]: 0x8000ECA4 (0xFEB56CE3) bltu a0, a1, 8184


mem[X,0x8000ECA8] -> 0x0213
mem[X,0x8000ECAA] -> 0x0022
[1617] [M]: 0x8000ECA8 (0x00220213) addi tp, tp, 2
x4 <- 0x00000002


mem[X,0x8000ECAC] -> 0x006F
mem[X,0x8000ECAE] -> 0x00C0
[1618] [M]: 0x8000ECAC (0x00C0006F) jal zero, 12


mem[X,0x8000ECB8] -> 0xA823
mem[X,0x8000ECBA] -> 0x2440
[1619] [M]: 0x8000ECB8 (0x2440A823) sw tp, 592(ra)
mem[0x8004B4C4] <- 0x00000002


mem[X,0x8000ECBC] -> 0xB537
mem[X,0x8000ECBE] -> 0xAAAA
[1620] [M]: 0x8000ECBC (0xAAAAB537) lui a0, 699051
x10 <- 0xAAAAB000


mem[X,0x8000ECC0] -> 0x0513
mem[X,0x8000ECC2] -> 0xAAA5
[1621] [M]: 0x8000ECC0 (0xAAA50513) addi a0, a0, 2730
x10 <- 0xAAAAAAAA


mem[X,0x8000ECC4] -> 0x65B7
mem[X,0x8000ECC6] -> 0x6666
[1622] [M]: 0x8000ECC4 (0x666665B7) lui a1, 419430
x11 <- 0x66666000


mem[X,0x8000ECC8] -> 0x8593
mem[X,0x8000ECCA] -> 0x6675
[1623] [M]: 0x8000ECC8 (0x66758593) addi a1, a1, 1639
x11 <- 0x66666667


mem[X,0x8000ECCC] -> 0x0213
mem[X,0x8000ECCE] -> 0x0000
[1624] [M]: 0x8000ECCC (0x00000213) addi tp, zero, 0
x4 <- 0x00000000


mem[X,0x8000ECD0] -> 0x006F
mem[X,0x8000ECD2] -> 0x00C0
[1625] [M]: 0x8000ECD0 (0x00C0006F) jal zero, 12


mem[X,0x8000ECDC] -> 0x6663
mem[X,0x8000ECDE] -> 0x00B5
[1626] [M]: 0x8000ECDC (0x00B56663) bltu a0, a1, 12


mem[X,0x8000ECE0] -> 0x0213
mem[X,0x8000ECE2] -> 0x0022
[1627] [M]: 0x8000ECE0 (0x00220213) addi tp, tp, 2
x4 <- 0x00000002


mem[X,0x8000ECE4] -> 0x006F
mem[X,0x8000ECE6] -> 0x00C0
[1628] [M]: 0x8000ECE4 (0x00C0006F) jal zero, 12


mem[X,0x8000ECF0] -> 0xAA23
mem[X,0x8000ECF2] -> 0x2440
[1629] [M]: 0x8000ECF0 (0x2440AA23) sw tp, 596(ra)
mem[0x8004B4C8] <- 0x00000002


mem[X,0x8000ECF4] -> 0xB537
mem[X,0x8000ECF6] -> 0xAAAA
[1630] [M]: 0x8000ECF4 (0xAAAAB537) lui a0, 699051
x10 <- 0xAAAAB000


mem[X,0x8000ECF8] -> 0x0513
mem[X,0x8000ECFA] -> 0xAAA5
[1631] [M]: 0x8000ECF8 (0xAAA50513) addi a0, a0, 2730
x10 <- 0xAAAAAAAA


mem[X,0x8000ECFC] -> 0xB5B7
mem[X,0x8000ECFE] -> 0x0000
[1632] [M]: 0x8000ECFC (0x0000B5B7) lui a1, 11
x11 <- 0x0000B000


mem[X,0x8000ED00] -> 0x8593
mem[X,0x8000ED02] -> 0x5055
[1633] [M]: 0x8000ED00 (0x50558593) addi a1, a1, 1285
x11 <- 0x0000B505


mem[X,0x8000ED04] -> 0x0213
mem[X,0x8000ED06] -> 0x0000
[1634] [M]: 0x8000ED04 (0x00000213) addi tp, zero, 0
x4 <- 0x00000000


mem[X,0x8000ED08] -> 0x006F
mem[X,0x8000ED0A] -> 0x00C0
[1635] [M]: 0x8000ED08 (0x00C0006F) jal zero, 12


mem[X,0x8000ED14] -> 0x6063
mem[X,0x8000ED16] -> 0x20B5
[1636] [M]: 0x8000ED14 (0x20B56063) bltu a0, a1, 512


mem[X,0x8000ED18] -> 0x0213
mem[X,0x8000ED1A] -> 0x0022
[1637] [M]: 0x8000ED18 (0x00220213) addi tp, tp, 2
x4 <- 0x00000002


mem[X,0x8000ED1C] -> 0x006F
mem[X,0x8000ED1E] -> 0x2000
[1638] [M]: 0x8000ED1C (0x2000006F) jal zero, 512


mem[X,0x8000EF1C] -> 0xAC23
mem[X,0x8000EF1E] -> 0x2440
[1639] [M]: 0x8000EF1C (0x2440AC23) sw tp, 600(ra)
mem[0x8004B4CC] <- 0x00000002


mem[X,0x8000EF20] -> 0xB537
mem[X,0x8000EF22] -> 0xAAAA
[1640] [M]: 0x8000EF20 (0xAAAAB537) lui a0, 699051
x10 <- 0xAAAAB000


mem[X,0x8000EF24] -> 0x0513
mem[X,0x8000EF26] -> 0xAAA5
[1641] [M]: 0x8000EF24 (0xAAA50513) addi a0, a0, 2730
x10 <- 0xAAAAAAAA


mem[X,0x8000EF28] -> 0x0593
mem[X,0x8000EF2A] -> 0x0010
[1642] [M]: 0x8000EF28 (0x00100593) addi a1, zero, 1
x11 <- 0x00000001


mem[X,0x8000EF2C] -> 0x0213
mem[X,0x8000EF2E] -> 0x0000
[1643] [M]: 0x8000EF2C (0x00000213) addi tp, zero, 0
x4 <- 0x00000000


mem[X,0x8000EF30] -> 0x006F
mem[X,0x8000EF32] -> 0x0100
[1644] [M]: 0x8000EF30 (0x0100006F) jal zero, 16


mem[X,0x8000EF40] -> 0x6AE3
mem[X,0x8000EF42] -> 0xFEB5
[1645] [M]: 0x8000EF40 (0xFEB56AE3) bltu a0, a1, 8180


mem[X,0x8000EF44] -> 0x0213
mem[X,0x8000EF46] -> 0x0022
[1646] [M]: 0x8000EF44 (0x00220213) addi tp, tp, 2
x4 <- 0x00000002


mem[X,0x8000EF48] -> 0x006F
mem[X,0x8000EF4A] -> 0x00C0
[1647] [M]: 0x8000EF48 (0x00C0006F) jal zero, 12


mem[X,0x8000EF54] -> 0xAE23
mem[X,0x8000EF56] -> 0x2440
[1648] [M]: 0x8000EF54 (0x2440AE23) sw tp, 604(ra)
mem[0x8004B4D0] <- 0x00000002


mem[X,0x8000EF58] -> 0xB537
mem[X,0x8000EF5A] -> 0xAAAA
[1649] [M]: 0x8000EF58 (0xAAAAB537) lui a0, 699051
x10 <- 0xAAAAB000


mem[X,0x8000EF5C] -> 0x0513
mem[X,0x8000EF5E] -> 0xAAA5
[1650] [M]: 0x8000EF5C (0xAAA50513) addi a0, a0, 2730
x10 <- 0xAAAAAAAA


mem[X,0x8000EF60] -> 0x05B7
mem[X,0x8000EF62] -> 0x0001
[1651] [M]: 0x8000EF60 (0x000105B7) lui a1, 16
x11 <- 0x00010000


mem[X,0x8000EF64] -> 0x0213
mem[X,0x8000EF66] -> 0x0000
[1652] [M]: 0x8000EF64 (0x00000213) addi tp, zero, 0
x4 <- 0x00000000


mem[X,0x8000EF68] -> 0x006F
mem[X,0x8000EF6A] -> 0x0140
[1653] [M]: 0x8000EF68 (0x0140006F) jal zero, 20


mem[X,0x8000EF7C] -> 0x68E3
mem[X,0x8000EF7E] -> 0xFEB5
[1654] [M]: 0x8000EF7C (0xFEB568E3) bltu a0, a1, 8176


mem[X,0x8000EF80] -> 0x0213
mem[X,0x8000EF82] -> 0x0022
[1655] [M]: 0x8000EF80 (0x00220213) addi tp, tp, 2
x4 <- 0x00000002


mem[X,0x8000EF84] -> 0x006F
mem[X,0x8000EF86] -> 0x00C0
[1656] [M]: 0x8000EF84 (0x00C0006F) jal zero, 12


mem[X,0x8000EF90] -> 0xA023
mem[X,0x8000EF92] -> 0x2640
[1657] [M]: 0x8000EF90 (0x2640A023) sw tp, 608(ra)
mem[0x8004B4D4] <- 0x00000002


mem[X,0x8000EF94] -> 0x0513
mem[X,0x8000EF96] -> 0x0050
[1658] [M]: 0x8000EF94 (0x00500513) addi a0, zero, 5
x10 <- 0x00000005


mem[X,0x8000EF98] -> 0x0593
mem[X,0x8000EF9A] -> 0x0030
[1659] [M]: 0x8000EF98 (0x00300593) addi a1, zero, 3
x11 <- 0x00000003


mem[X,0x8000EF9C] -> 0x0213
mem[X,0x8000EF9E] -> 0x0000
[1660] [M]: 0x8000EF9C (0x00000213) addi tp, zero, 0
x4 <- 0x00000000


mem[X,0x8000EFA0] -> 0x006F
mem[X,0x8000EFA2] -> 0x00C0
[1661] [M]: 0x8000EFA0 (0x00C0006F) jal zero, 12


mem[X,0x8000EFAC] -> 0x6063
mem[X,0x8000EFAE] -> 0x02B5
[1662] [M]: 0x8000EFAC (0x02B56063) bltu a0, a1, 32


mem[X,0x8000EFB0] -> 0x0213
mem[X,0x8000EFB2] -> 0x0022
[1663] [M]: 0x8000EFB0 (0x00220213) addi tp, tp, 2
x4 <- 0x00000002


mem[X,0x8000EFB4] -> 0x006F
mem[X,0x8000EFB6] -> 0x0200
[1664] [M]: 0x8000EFB4 (0x0200006F) jal zero, 32


mem[X,0x8000EFD4] -> 0xA223
mem[X,0x8000EFD6] -> 0x2640
[1665] [M]: 0x8000EFD4 (0x2640A223) sw tp, 612(ra)
mem[0x8004B4D8] <- 0x00000002


mem[X,0x8000EFD8] -> 0x0513
mem[X,0x8000EFDA] -> 0x0050
[1666] [M]: 0x8000EFD8 (0x00500513) addi a0, zero, 5
x10 <- 0x00000005


mem[X,0x8000EFDC] -> 0x55B7
mem[X,0x8000EFDE] -> 0x5555
[1667] [M]: 0x8000EFDC (0x555555B7) lui a1, 349525
x11 <- 0x55555000


mem[X,0x8000EFE0] -> 0x8593
mem[X,0x8000EFE2] -> 0x5555
[1668] [M]: 0x8000EFE0 (0x55558593) addi a1, a1, 1365
x11 <- 0x55555555


mem[X,0x8000EFE4] -> 0x0213
mem[X,0x8000EFE6] -> 0x0000
[1669] [M]: 0x8000EFE4 (0x00000213) addi tp, zero, 0
x4 <- 0x00000000


mem[X,0x8000EFE8] -> 0x006F
mem[X,0x8000EFEA] -> 0x00C0
[1670] [M]: 0x8000EFE8 (0x00C0006F) jal zero, 12


mem[X,0x8000EFF4] -> 0x6663
mem[X,0x8000EFF6] -> 0x00B5
[1671] [M]: 0x8000EFF4 (0x00B56663) bltu a0, a1, 12


mem[X,0x8000F000] -> 0x0213
mem[X,0x8000F002] -> 0x0032
[1672] [M]: 0x8000F000 (0x00320213) addi tp, tp, 3
x4 <- 0x00000003


mem[X,0x8000F004] -> 0x006F
mem[X,0x8000F006] -> 0x0040
[1673] [M]: 0x8000F004 (0x0040006F) jal zero, 4


mem[X,0x8000F008] -> 0xA423
mem[X,0x8000F00A] -> 0x2640
[1674] [M]: 0x8000F008 (0x2640A423) sw tp, 616(ra)
mem[0x8004B4DC] <- 0x00000003


mem[X,0x8000F00C] -> 0x0513
mem[X,0x8000F00E] -> 0x0050
[1675] [M]: 0x8000F00C (0x00500513) addi a0, zero, 5
x10 <- 0x00000005


mem[X,0x8000F010] -> 0xB5B7
mem[X,0x8000F012] -> 0xAAAA
[1676] [M]: 0x8000F010 (0xAAAAB5B7) lui a1, 699051
x11 <- 0xAAAAB000


mem[X,0x8000F014] -> 0x8593
mem[X,0x8000F016] -> 0xAAA5
[1677] [M]: 0x8000F014 (0xAAA58593) addi a1, a1, 2730
x11 <- 0xAAAAAAAA


mem[X,0x8000F018] -> 0x0213
mem[X,0x8000F01A] -> 0x0000
[1678] [M]: 0x8000F018 (0x00000213) addi tp, zero, 0
x4 <- 0x00000000


mem[X,0x8000F01C] -> 0x006F
mem[X,0x8000F01E] -> 0x00C0
[1679] [M]: 0x8000F01C (0x00C0006F) jal zero, 12


mem[X,0x8000F028] -> 0x6863
mem[X,0x8000F02A] -> 0x00B5
[1680] [M]: 0x8000F028 (0x00B56863) bltu a0, a1, 16


mem[X,0x8000F038] -> 0x0213
mem[X,0x8000F03A] -> 0x0032
[1681] [M]: 0x8000F038 (0x00320213) addi tp, tp, 3
x4 <- 0x00000003


mem[X,0x8000F03C] -> 0x006F
mem[X,0x8000F03E] -> 0x0040
[1682] [M]: 0x8000F03C (0x0040006F) jal zero, 4


mem[X,0x8000F040] -> 0xA623
mem[X,0x8000F042] -> 0x2640
[1683] [M]: 0x8000F040 (0x2640A623) sw tp, 620(ra)
mem[0x8004B4E0] <- 0x00000003


mem[X,0x8000F044] -> 0x0513
mem[X,0x8000F046] -> 0x0050
[1684] [M]: 0x8000F044 (0x00500513) addi a0, zero, 5
x10 <- 0x00000005


mem[X,0x8000F048] -> 0x0593
mem[X,0x8000F04A] -> 0x0050
[1685] [M]: 0x8000F048 (0x00500593) addi a1, zero, 5
x11 <- 0x00000005


mem[X,0x8000F04C] -> 0x0213
mem[X,0x8000F04E] -> 0x0000
[1686] [M]: 0x8000F04C (0x00000213) addi tp, zero, 0
x4 <- 0x00000000


mem[X,0x8000F050] -> 0x006F
mem[X,0x8000F052] -> 0x0140
[1687] [M]: 0x8000F050 (0x0140006F) jal zero, 20


mem[X,0x8000F064] -> 0x68E3
mem[X,0x8000F066] -> 0xFEB5
[1688] [M]: 0x8000F064 (0xFEB568E3) bltu a0, a1, 8176


mem[X,0x8000F068] -> 0x0213
mem[X,0x8000F06A] -> 0x0022
[1689] [M]: 0x8000F068 (0x00220213) addi tp, tp, 2
x4 <- 0x00000002


mem[X,0x8000F06C] -> 0x006F
mem[X,0x8000F06E] -> 0x00C0
[1690] [M]: 0x8000F06C (0x00C0006F) jal zero, 12


mem[X,0x8000F078] -> 0xA823
mem[X,0x8000F07A] -> 0x2640
[1691] [M]: 0x8000F078 (0x2640A823) sw tp, 624(ra)
mem[0x8004B4E4] <- 0x00000002


mem[X,0x8000F07C] -> 0x0513
mem[X,0x8000F07E] -> 0x0050
[1692] [M]: 0x8000F07C (0x00500513) addi a0, zero, 5
x10 <- 0x00000005


mem[X,0x8000F080] -> 0x35B7
mem[X,0x8000F082] -> 0x3333
[1693] [M]: 0x8000F080 (0x333335B7) lui a1, 209715
x11 <- 0x33333000


mem[X,0x8000F084] -> 0x8593
mem[X,0x8000F086] -> 0x3335
[1694] [M]: 0x8000F084 (0x33358593) addi a1, a1, 819
x11 <- 0x33333333


mem[X,0x8000F088] -> 0x0213
mem[X,0x8000F08A] -> 0x0000
[1695] [M]: 0x8000F088 (0x00000213) addi tp, zero, 0
x4 <- 0x00000000


mem[X,0x8000F08C] -> 0x006F
mem[X,0x8000F08E] -> 0x00C0
[1696] [M]: 0x8000F08C (0x00C0006F) jal zero, 12


mem[X,0x8000F098] -> 0x6663
mem[X,0x8000F09A] -> 0x00B5
[1697] [M]: 0x8000F098 (0x00B56663) bltu a0, a1, 12


mem[X,0x8000F0A4] -> 0x0213
mem[X,0x8000F0A6] -> 0x0032
[1698] [M]: 0x8000F0A4 (0x00320213) addi tp, tp, 3
x4 <- 0x00000003


mem[X,0x8000F0A8] -> 0x006F
mem[X,0x8000F0AA] -> 0x0040
[1699] [M]: 0x8000F0A8 (0x0040006F) jal zero, 4


clint::tick mtime <- 0x0000000000000011
 clint timer pending at mtime 0x0000000000000011
htif::tick 0x0000000000000000
mem[X,0x8000F0AC] -> 0xAA23
mem[X,0x8000F0AE] -> 0x2640
[1700] [M]: 0x8000F0AC (0x2640AA23) sw tp, 628(ra)
mem[0x8004B4E8] <- 0x00000003


mem[X,0x8000F0B0] -> 0x0513
mem[X,0x8000F0B2] -> 0x0050
[1701] [M]: 0x8000F0B0 (0x00500513) addi a0, zero, 5
x10 <- 0x00000005


mem[X,0x8000F0B4] -> 0x65B7
mem[X,0x8000F0B6] -> 0x6666
[1702] [M]: 0x8000F0B4 (0x666665B7) lui a1, 419430
x11 <- 0x66666000


mem[X,0x8000F0B8] -> 0x8593
mem[X,0x8000F0BA] -> 0x6665
[1703] [M]: 0x8000F0B8 (0x66658593) addi a1, a1, 1638
x11 <- 0x66666666


mem[X,0x8000F0BC] -> 0x0213
mem[X,0x8000F0BE] -> 0x0000
[1704] [M]: 0x8000F0BC (0x00000213) addi tp, zero, 0
x4 <- 0x00000000


mem[X,0x8000F0C0] -> 0x006F
mem[X,0x8000F0C2] -> 0x00C0
[1705] [M]: 0x8000F0C0 (0x00C0006F) jal zero, 12


mem[X,0x8000F0CC] -> 0x6663
mem[X,0x8000F0CE] -> 0x00B5
[1706] [M]: 0x8000F0CC (0x00B56663) bltu a0, a1, 12


mem[X,0x8000F0D8] -> 0x0213
mem[X,0x8000F0DA] -> 0x0032
[1707] [M]: 0x8000F0D8 (0x00320213) addi tp, tp, 3
x4 <- 0x00000003


mem[X,0x8000F0DC] -> 0x006F
mem[X,0x8000F0DE] -> 0x0040
[1708] [M]: 0x8000F0DC (0x0040006F) jal zero, 4


mem[X,0x8000F0E0] -> 0xAC23
mem[X,0x8000F0E2] -> 0x2640
[1709] [M]: 0x8000F0E0 (0x2640AC23) sw tp, 632(ra)
mem[0x8004B4EC] <- 0x00000003


mem[X,0x8000F0E4] -> 0x0513
mem[X,0x8000F0E6] -> 0x0050
[1710] [M]: 0x8000F0E4 (0x00500513) addi a0, zero, 5
x10 <- 0x00000005


mem[X,0x8000F0E8] -> 0xB5B7
mem[X,0x8000F0EA] -> 0x0000
[1711] [M]: 0x8000F0E8 (0x0000B5B7) lui a1, 11
x11 <- 0x0000B000


mem[X,0x8000F0EC] -> 0x8593
mem[X,0x8000F0EE] -> 0x5045
[1712] [M]: 0x8000F0EC (0x50458593) addi a1, a1, 1284
x11 <- 0x0000B504


mem[X,0x8000F0F0] -> 0x0213
mem[X,0x8000F0F2] -> 0x0000
[1713] [M]: 0x8000F0F0 (0x00000213) addi tp, zero, 0
x4 <- 0x00000000


mem[X,0x8000F0F4] -> 0x006F
mem[X,0x8000F0F6] -> 0x00C0
[1714] [M]: 0x8000F0F4 (0x00C0006F) jal zero, 12


mem[X,0x8000F100] -> 0x6663
mem[X,0x8000F102] -> 0x00B5
[1715] [M]: 0x8000F100 (0x00B56663) bltu a0, a1, 12


mem[X,0x8000F10C] -> 0x0213
mem[X,0x8000F10E] -> 0x0032
[1716] [M]: 0x8000F10C (0x00320213) addi tp, tp, 3
x4 <- 0x00000003


mem[X,0x8000F110] -> 0x006F
mem[X,0x8000F112] -> 0x0040
[1717] [M]: 0x8000F110 (0x0040006F) jal zero, 4


mem[X,0x8000F114] -> 0xAE23
mem[X,0x8000F116] -> 0x2640
[1718] [M]: 0x8000F114 (0x2640AE23) sw tp, 636(ra)
mem[0x8004B4F0] <- 0x00000003


mem[X,0x8000F118] -> 0x0513
mem[X,0x8000F11A] -> 0x0050
[1719] [M]: 0x8000F118 (0x00500513) addi a0, zero, 5
x10 <- 0x00000005


mem[X,0x8000F11C] -> 0x0593
mem[X,0x8000F11E] -> 0x0000
[1720] [M]: 0x8000F11C (0x00000593) addi a1, zero, 0
x11 <- 0x00000000


mem[X,0x8000F120] -> 0x0213
mem[X,0x8000F122] -> 0x0000
[1721] [M]: 0x8000F120 (0x00000213) addi tp, zero, 0
x4 <- 0x00000000


mem[X,0x8000F124] -> 0x006F
mem[X,0x8000F126] -> 0x00C0
[1722] [M]: 0x8000F124 (0x00C0006F) jal zero, 12


mem[X,0x8000F130] -> 0x6063
mem[X,0x8000F132] -> 0x04B5
[1723] [M]: 0x8000F130 (0x04B56063) bltu a0, a1, 64


mem[X,0x8000F134] -> 0x0213
mem[X,0x8000F136] -> 0x0022
[1724] [M]: 0x8000F134 (0x00220213) addi tp, tp, 2
x4 <- 0x00000002


mem[X,0x8000F138] -> 0x006F
mem[X,0x8000F13A] -> 0x0400
[1725] [M]: 0x8000F138 (0x0400006F) jal zero, 64


mem[X,0x8000F178] -> 0xA023
mem[X,0x8000F17A] -> 0x2840
[1726] [M]: 0x8000F178 (0x2840A023) sw tp, 640(ra)
mem[0x8004B4F4] <- 0x00000002


mem[X,0x8000F17C] -> 0x0513
mem[X,0x8000F17E] -> 0x0050
[1727] [M]: 0x8000F17C (0x00500513) addi a0, zero, 5
x10 <- 0x00000005


mem[X,0x8000F180] -> 0x05B7
mem[X,0x8000F182] -> 0x0001
[1728] [M]: 0x8000F180 (0x000105B7) lui a1, 16
x11 <- 0x00010000


mem[X,0x8000F184] -> 0x8593
mem[X,0x8000F186] -> 0xFFF5
[1729] [M]: 0x8000F184 (0xFFF58593) addi a1, a1, 4095
x11 <- 0x0000FFFF


mem[X,0x8000F188] -> 0x0213
mem[X,0x8000F18A] -> 0x0000
[1730] [M]: 0x8000F188 (0x00000213) addi tp, zero, 0
x4 <- 0x00000000


mem[X,0x8000F18C] -> 0x006F
mem[X,0x8000F18E] -> 0x0180
[1731] [M]: 0x8000F18C (0x0180006F) jal zero, 24


mem[X,0x8000F1A4] -> 0x66E3
mem[X,0x8000F1A6] -> 0xFEB5
[1732] [M]: 0x8000F1A4 (0xFEB566E3) bltu a0, a1, 8172


mem[X,0x8000F190] -> 0x0213
mem[X,0x8000F192] -> 0x0012
[1733] [M]: 0x8000F190 (0x00120213) addi tp, tp, 1
x4 <- 0x00000001


mem[X,0x8000F194] -> 0x006F
mem[X,0x8000F196] -> 0x0240
[1734] [M]: 0x8000F194 (0x0240006F) jal zero, 36


mem[X,0x8000F1B8] -> 0xA223
mem[X,0x8000F1BA] -> 0x2840
[1735] [M]: 0x8000F1B8 (0x2840A223) sw tp, 644(ra)
mem[0x8004B4F8] <- 0x00000001


mem[X,0x8000F1BC] -> 0x0513
mem[X,0x8000F1BE] -> 0x0050
[1736] [M]: 0x8000F1BC (0x00500513) addi a0, zero, 5
x10 <- 0x00000005


mem[X,0x8000F1C0] -> 0x0593
mem[X,0x8000F1C2] -> 0x0020
[1737] [M]: 0x8000F1C0 (0x00200593) addi a1, zero, 2
x11 <- 0x00000002


mem[X,0x8000F1C4] -> 0x0213
mem[X,0x8000F1C6] -> 0x0000
[1738] [M]: 0x8000F1C4 (0x00000213) addi tp, zero, 0
x4 <- 0x00000000


mem[X,0x8000F1C8] -> 0x006F
mem[X,0x8000F1CA] -> 0x00C0
[1739] [M]: 0x8000F1C8 (0x00C0006F) jal zero, 12


mem[X,0x8000F1D4] -> 0x6063
mem[X,0x8000F1D6] -> 0x40B5
[1740] [M]: 0x8000F1D4 (0x40B56063) bltu a0, a1, 1024


mem[X,0x8000F1D8] -> 0x0213
mem[X,0x8000F1DA] -> 0x0022
[1741] [M]: 0x8000F1D8 (0x00220213) addi tp, tp, 2
x4 <- 0x00000002


mem[X,0x8000F1DC] -> 0x006F
mem[X,0x8000F1DE] -> 0x4000
[1742] [M]: 0x8000F1DC (0x4000006F) jal zero, 1024


mem[X,0x8000F5DC] -> 0xA423
mem[X,0x8000F5DE] -> 0x2840
[1743] [M]: 0x8000F5DC (0x2840A423) sw tp, 648(ra)
mem[0x8004B4FC] <- 0x00000002


mem[X,0x8000F5E0] -> 0x0513
mem[X,0x8000F5E2] -> 0x0050
[1744] [M]: 0x8000F5E0 (0x00500513) addi a0, zero, 5
x10 <- 0x00000005


mem[X,0x8000F5E4] -> 0x55B7
mem[X,0x8000F5E6] -> 0x5555
[1745] [M]: 0x8000F5E4 (0x555555B7) lui a1, 349525
x11 <- 0x55555000


mem[X,0x8000F5E8] -> 0x8593
mem[X,0x8000F5EA] -> 0x5545
[1746] [M]: 0x8000F5E8 (0x55458593) addi a1, a1, 1364
x11 <- 0x55555554


mem[X,0x8000F5EC] -> 0x0213
mem[X,0x8000F5EE] -> 0x0000
[1747] [M]: 0x8000F5EC (0x00000213) addi tp, zero, 0
x4 <- 0x00000000


mem[X,0x8000F5F0] -> 0x006F
mem[X,0x8000F5F2] -> 0x00C0
[1748] [M]: 0x8000F5F0 (0x00C0006F) jal zero, 12


mem[X,0x8000F5FC] -> 0x6663
mem[X,0x8000F5FE] -> 0x00B5
[1749] [M]: 0x8000F5FC (0x00B56663) bltu a0, a1, 12


mem[X,0x8000F608] -> 0x0213
mem[X,0x8000F60A] -> 0x0032
[1750] [M]: 0x8000F608 (0x00320213) addi tp, tp, 3
x4 <- 0x00000003


mem[X,0x8000F60C] -> 0x006F
mem[X,0x8000F60E] -> 0x0040
[1751] [M]: 0x8000F60C (0x0040006F) jal zero, 4


mem[X,0x8000F610] -> 0xA623
mem[X,0x8000F612] -> 0x2840
[1752] [M]: 0x8000F610 (0x2840A623) sw tp, 652(ra)
mem[0x8004B500] <- 0x00000003


mem[X,0x8000F614] -> 0x0513
mem[X,0x8000F616] -> 0x0050
[1753] [M]: 0x8000F614 (0x00500513) addi a0, zero, 5
x10 <- 0x00000005


mem[X,0x8000F618] -> 0xB5B7
mem[X,0x8000F61A] -> 0xAAAA
[1754] [M]: 0x8000F618 (0xAAAAB5B7) lui a1, 699051
x11 <- 0xAAAAB000


mem[X,0x8000F61C] -> 0x8593
mem[X,0x8000F61E] -> 0xAA95
[1755] [M]: 0x8000F61C (0xAA958593) addi a1, a1, 2729
x11 <- 0xAAAAAAA9


mem[X,0x8000F620] -> 0x0213
mem[X,0x8000F622] -> 0x0000
[1756] [M]: 0x8000F620 (0x00000213) addi tp, zero, 0
x4 <- 0x00000000


mem[X,0x8000F624] -> 0x006F
mem[X,0x8000F626] -> 0x00C0
[1757] [M]: 0x8000F624 (0x00C0006F) jal zero, 12


mem[X,0x8000F630] -> 0x6CE3
mem[X,0x8000F632] -> 0xFEB5
[1758] [M]: 0x8000F630 (0xFEB56CE3) bltu a0, a1, 8184


mem[X,0x8000F628] -> 0x0213
mem[X,0x8000F62A] -> 0x0012
[1759] [M]: 0x8000F628 (0x00120213) addi tp, tp, 1
x4 <- 0x00000001


mem[X,0x8000F62C] -> 0x006F
mem[X,0x8000F62E] -> 0x0180
[1760] [M]: 0x8000F62C (0x0180006F) jal zero, 24


mem[X,0x8000F644] -> 0xA823
mem[X,0x8000F646] -> 0x2840
[1761] [M]: 0x8000F644 (0x2840A823) sw tp, 656(ra)
mem[0x8004B504] <- 0x00000001


mem[X,0x8000F648] -> 0x0513
mem[X,0x8000F64A] -> 0x0050
[1762] [M]: 0x8000F648 (0x00500513) addi a0, zero, 5
x10 <- 0x00000005


mem[X,0x8000F64C] -> 0x0593
mem[X,0x8000F64E] -> 0x0040
[1763] [M]: 0x8000F64C (0x00400593) addi a1, zero, 4
x11 <- 0x00000004


mem[X,0x8000F650] -> 0x0213
mem[X,0x8000F652] -> 0x0000
[1764] [M]: 0x8000F650 (0x00000213) addi tp, zero, 0
x4 <- 0x00000000


mem[X,0x8000F654] -> 0x006F
mem[X,0x8000F656] -> 0x00C0
[1765] [M]: 0x8000F654 (0x00C0006F) jal zero, 12


mem[X,0x8000F660] -> 0x6663
mem[X,0x8000F662] -> 0x00B5
[1766] [M]: 0x8000F660 (0x00B56663) bltu a0, a1, 12


mem[X,0x8000F664] -> 0x0213
mem[X,0x8000F666] -> 0x0022
[1767] [M]: 0x8000F664 (0x00220213) addi tp, tp, 2
x4 <- 0x00000002


mem[X,0x8000F668] -> 0x006F
mem[X,0x8000F66A] -> 0x00C0
[1768] [M]: 0x8000F668 (0x00C0006F) jal zero, 12


mem[X,0x8000F674] -> 0xAA23
mem[X,0x8000F676] -> 0x2840
[1769] [M]: 0x8000F674 (0x2840AA23) sw tp, 660(ra)
mem[0x8004B508] <- 0x00000002


mem[X,0x8000F678] -> 0x0513
mem[X,0x8000F67A] -> 0x0050
[1770] [M]: 0x8000F678 (0x00500513) addi a0, zero, 5
x10 <- 0x00000005


mem[X,0x8000F67C] -> 0x35B7
mem[X,0x8000F67E] -> 0x3333
[1771] [M]: 0x8000F67C (0x333335B7) lui a1, 209715
x11 <- 0x33333000


mem[X,0x8000F680] -> 0x8593
mem[X,0x8000F682] -> 0x3325
[1772] [M]: 0x8000F680 (0x33258593) addi a1, a1, 818
x11 <- 0x33333332


mem[X,0x8000F684] -> 0x0213
mem[X,0x8000F686] -> 0x0000
[1773] [M]: 0x8000F684 (0x00000213) addi tp, zero, 0
x4 <- 0x00000000


mem[X,0x8000F688] -> 0x006F
mem[X,0x8000F68A] -> 0x00C0
[1774] [M]: 0x8000F688 (0x00C0006F) jal zero, 12


mem[X,0x8000F694] -> 0x6CE3
mem[X,0x8000F696] -> 0xFEB5
[1775] [M]: 0x8000F694 (0xFEB56CE3) bltu a0, a1, 8184


mem[X,0x8000F68C] -> 0x0213
mem[X,0x8000F68E] -> 0x0012
[1776] [M]: 0x8000F68C (0x00120213) addi tp, tp, 1
x4 <- 0x00000001


mem[X,0x8000F690] -> 0x006F
mem[X,0x8000F692] -> 0x0180
[1777] [M]: 0x8000F690 (0x0180006F) jal zero, 24


mem[X,0x8000F6A8] -> 0xAC23
mem[X,0x8000F6AA] -> 0x2840
[1778] [M]: 0x8000F6A8 (0x2840AC23) sw tp, 664(ra)
mem[0x8004B50C] <- 0x00000001


mem[X,0x8000F6AC] -> 0x0513
mem[X,0x8000F6AE] -> 0x0050
[1779] [M]: 0x8000F6AC (0x00500513) addi a0, zero, 5
x10 <- 0x00000005


mem[X,0x8000F6B0] -> 0x65B7
mem[X,0x8000F6B2] -> 0x6666
[1780] [M]: 0x8000F6B0 (0x666665B7) lui a1, 419430
x11 <- 0x66666000


mem[X,0x8000F6B4] -> 0x8593
mem[X,0x8000F6B6] -> 0x6655
[1781] [M]: 0x8000F6B4 (0x66558593) addi a1, a1, 1637
x11 <- 0x66666665


mem[X,0x8000F6B8] -> 0x0213
mem[X,0x8000F6BA] -> 0x0000
[1782] [M]: 0x8000F6B8 (0x00000213) addi tp, zero, 0
x4 <- 0x00000000


mem[X,0x8000F6BC] -> 0x006F
mem[X,0x8000F6BE] -> 0x00C0
[1783] [M]: 0x8000F6BC (0x00C0006F) jal zero, 12


mem[X,0x8000F6C8] -> 0x6063
mem[X,0x8000F6CA] -> 0x08B5
[1784] [M]: 0x8000F6C8 (0x08B56063) bltu a0, a1, 128


mem[X,0x8000F748] -> 0x0213
mem[X,0x8000F74A] -> 0x0032
[1785] [M]: 0x8000F748 (0x00320213) addi tp, tp, 3
x4 <- 0x00000003


mem[X,0x8000F74C] -> 0x006F
mem[X,0x8000F74E] -> 0x0040
[1786] [M]: 0x8000F74C (0x0040006F) jal zero, 4


mem[X,0x8000F750] -> 0xAE23
mem[X,0x8000F752] -> 0x2840
[1787] [M]: 0x8000F750 (0x2840AE23) sw tp, 668(ra)
mem[0x8004B510] <- 0x00000003


mem[X,0x8000F754] -> 0x0513
mem[X,0x8000F756] -> 0x0050
[1788] [M]: 0x8000F754 (0x00500513) addi a0, zero, 5
x10 <- 0x00000005


mem[X,0x8000F758] -> 0xB5B7
mem[X,0x8000F75A] -> 0x0000
[1789] [M]: 0x8000F758 (0x0000B5B7) lui a1, 11
x11 <- 0x0000B000


mem[X,0x8000F75C] -> 0x8593
mem[X,0x8000F75E] -> 0x5035
[1790] [M]: 0x8000F75C (0x50358593) addi a1, a1, 1283
x11 <- 0x0000B503


mem[X,0x8000F760] -> 0x0213
mem[X,0x8000F762] -> 0x0000
[1791] [M]: 0x8000F760 (0x00000213) addi tp, zero, 0
x4 <- 0x00000000


mem[X,0x8000F764] -> 0x006F
mem[X,0x8000F766] -> 0x00C0
[1792] [M]: 0x8000F764 (0x00C0006F) jal zero, 12


mem[X,0x8000F770] -> 0x6863
mem[X,0x8000F772] -> 0x00B5
[1793] [M]: 0x8000F770 (0x00B56863) bltu a0, a1, 16


mem[X,0x8000F780] -> 0x0213
mem[X,0x8000F782] -> 0x0032
[1794] [M]: 0x8000F780 (0x00320213) addi tp, tp, 3
x4 <- 0x00000003


mem[X,0x8000F784] -> 0x006F
mem[X,0x8000F786] -> 0x0040
[1795] [M]: 0x8000F784 (0x0040006F) jal zero, 4


mem[X,0x8000F788] -> 0xA023
mem[X,0x8000F78A] -> 0x2A40
[1796] [M]: 0x8000F788 (0x2A40A023) sw tp, 672(ra)
mem[0x8004B514] <- 0x00000003


mem[X,0x8000F78C] -> 0x0513
mem[X,0x8000F78E] -> 0x0050
[1797] [M]: 0x8000F78C (0x00500513) addi a0, zero, 5
x10 <- 0x00000005


mem[X,0x8000F790] -> 0x05B7
mem[X,0x8000F792] -> 0x0001
[1798] [M]: 0x8000F790 (0x000105B7) lui a1, 16
x11 <- 0x00010000


mem[X,0x8000F794] -> 0x8593
mem[X,0x8000F796] -> 0xFFE5
[1799] [M]: 0x8000F794 (0xFFE58593) addi a1, a1, 4094
x11 <- 0x0000FFFE


clint::tick mtime <- 0x0000000000000012
 clint timer pending at mtime 0x0000000000000012
htif::tick 0x0000000000000000
mem[X,0x8000F798] -> 0x0213
mem[X,0x8000F79A] -> 0x0000
[1800] [M]: 0x8000F798 (0x00000213) addi tp, zero, 0
x4 <- 0x00000000


mem[X,0x8000F79C] -> 0x006F
mem[X,0x8000F79E] -> 0x00C0
[1801] [M]: 0x8000F79C (0x00C0006F) jal zero, 12


mem[X,0x8000F7A8] -> 0x6CE3
mem[X,0x8000F7AA] -> 0xFEB5
[1802] [M]: 0x8000F7A8 (0xFEB56CE3) bltu a0, a1, 8184


mem[X,0x8000F7A0] -> 0x0213
mem[X,0x8000F7A2] -> 0x0012
[1803] [M]: 0x8000F7A0 (0x00120213) addi tp, tp, 1
x4 <- 0x00000001


mem[X,0x8000F7A4] -> 0x006F
mem[X,0x8000F7A6] -> 0x0180
[1804] [M]: 0x8000F7A4 (0x0180006F) jal zero, 24


mem[X,0x8000F7BC] -> 0xA223
mem[X,0x8000F7BE] -> 0x2A40
[1805] [M]: 0x8000F7BC (0x2A40A223) sw tp, 676(ra)
mem[0x8004B518] <- 0x00000001


mem[X,0x8000F7C0] -> 0x0513
mem[X,0x8000F7C2] -> 0x0050
[1806] [M]: 0x8000F7C0 (0x00500513) addi a0, zero, 5
x10 <- 0x00000005


mem[X,0x8000F7C4] -> 0x55B7
mem[X,0x8000F7C6] -> 0x5555
[1807] [M]: 0x8000F7C4 (0x555555B7) lui a1, 349525
x11 <- 0x55555000


mem[X,0x8000F7C8] -> 0x8593
mem[X,0x8000F7CA] -> 0x5565
[1808] [M]: 0x8000F7C8 (0x55658593) addi a1, a1, 1366
x11 <- 0x55555556


mem[X,0x8000F7CC] -> 0x0213
mem[X,0x8000F7CE] -> 0x0000
[1809] [M]: 0x8000F7CC (0x00000213) addi tp, zero, 0
x4 <- 0x00000000


mem[X,0x8000F7D0] -> 0x006F
mem[X,0x8000F7D2] -> 0x00C0
[1810] [M]: 0x8000F7D0 (0x00C0006F) jal zero, 12


mem[X,0x8000F7DC] -> 0x6663
mem[X,0x8000F7DE] -> 0x00B5
[1811] [M]: 0x8000F7DC (0x00B56663) bltu a0, a1, 12


mem[X,0x8000F7E8] -> 0x0213
mem[X,0x8000F7EA] -> 0x0032
[1812] [M]: 0x8000F7E8 (0x00320213) addi tp, tp, 3
x4 <- 0x00000003


mem[X,0x8000F7EC] -> 0x006F
mem[X,0x8000F7EE] -> 0x0040
[1813] [M]: 0x8000F7EC (0x0040006F) jal zero, 4


mem[X,0x8000F7F0] -> 0xA423
mem[X,0x8000F7F2] -> 0x2A40
[1814] [M]: 0x8000F7F0 (0x2A40A423) sw tp, 680(ra)
mem[0x8004B51C] <- 0x00000003


mem[X,0x8000F7F4] -> 0x0513
mem[X,0x8000F7F6] -> 0x0050
[1815] [M]: 0x8000F7F4 (0x00500513) addi a0, zero, 5
x10 <- 0x00000005


mem[X,0x8000F7F8] -> 0xB5B7
mem[X,0x8000F7FA] -> 0xAAAA
[1816] [M]: 0x8000F7F8 (0xAAAAB5B7) lui a1, 699051
x11 <- 0xAAAAB000


mem[X,0x8000F7FC] -> 0x8593
mem[X,0x8000F7FE] -> 0xAAB5
[1817] [M]: 0x8000F7FC (0xAAB58593) addi a1, a1, 2731
x11 <- 0xAAAAAAAB


mem[X,0x8000F800] -> 0x0213
mem[X,0x8000F802] -> 0x0000
[1818] [M]: 0x8000F800 (0x00000213) addi tp, zero, 0
x4 <- 0x00000000


mem[X,0x8000F804] -> 0x006F
mem[X,0x8000F806] -> 0x0140
[1819] [M]: 0x8000F804 (0x0140006F) jal zero, 20


mem[X,0x8000F818] -> 0x68E3
mem[X,0x8000F81A] -> 0xFEB5
[1820] [M]: 0x8000F818 (0xFEB568E3) bltu a0, a1, 8176


mem[X,0x8000F808] -> 0x0213
mem[X,0x8000F80A] -> 0x0012
[1821] [M]: 0x8000F808 (0x00120213) addi tp, tp, 1
x4 <- 0x00000001


mem[X,0x8000F80C] -> 0x006F
mem[X,0x8000F80E] -> 0x0200
[1822] [M]: 0x8000F80C (0x0200006F) jal zero, 32


mem[X,0x8000F82C] -> 0xA623
mem[X,0x8000F82E] -> 0x2A40
[1823] [M]: 0x8000F82C (0x2A40A623) sw tp, 684(ra)
mem[0x8004B520] <- 0x00000001


mem[X,0x8000F830] -> 0x0513
mem[X,0x8000F832] -> 0x0050
[1824] [M]: 0x8000F830 (0x00500513) addi a0, zero, 5
x10 <- 0x00000005


mem[X,0x8000F834] -> 0x0593
mem[X,0x8000F836] -> 0x0060
[1825] [M]: 0x8000F834 (0x00600593) addi a1, zero, 6
x11 <- 0x00000006


mem[X,0x8000F838] -> 0x0213
mem[X,0x8000F83A] -> 0x0000
[1826] [M]: 0x8000F838 (0x00000213) addi tp, zero, 0
x4 <- 0x00000000


mem[X,0x8000F83C] -> 0x006F
mem[X,0x8000F83E] -> 0x0100
[1827] [M]: 0x8000F83C (0x0100006F) jal zero, 16


mem[X,0x8000F84C] -> 0x6AE3
mem[X,0x8000F84E] -> 0xFEB5
[1828] [M]: 0x8000F84C (0xFEB56AE3) bltu a0, a1, 8180


mem[X,0x8000F840] -> 0x0213
mem[X,0x8000F842] -> 0x0012
[1829] [M]: 0x8000F840 (0x00120213) addi tp, tp, 1
x4 <- 0x00000001


mem[X,0x8000F844] -> 0x006F
mem[X,0x8000F846] -> 0x01C0
[1830] [M]: 0x8000F844 (0x01C0006F) jal zero, 28


mem[X,0x8000F860] -> 0xA823
mem[X,0x8000F862] -> 0x2A40
[1831] [M]: 0x8000F860 (0x2A40A823) sw tp, 688(ra)
mem[0x8004B524] <- 0x00000001


mem[X,0x8000F864] -> 0x0513
mem[X,0x8000F866] -> 0x0050
[1832] [M]: 0x8000F864 (0x00500513) addi a0, zero, 5
x10 <- 0x00000005


mem[X,0x8000F868] -> 0x35B7
mem[X,0x8000F86A] -> 0x3333
[1833] [M]: 0x8000F868 (0x333335B7) lui a1, 209715
x11 <- 0x33333000


mem[X,0x8000F86C] -> 0x8593
mem[X,0x8000F86E] -> 0x3345
[1834] [M]: 0x8000F86C (0x33458593) addi a1, a1, 820
x11 <- 0x33333334


mem[X,0x8000F870] -> 0x0213
mem[X,0x8000F872] -> 0x0000
[1835] [M]: 0x8000F870 (0x00000213) addi tp, zero, 0
x4 <- 0x00000000


mem[X,0x8000F874] -> 0x006F
mem[X,0x8000F876] -> 0x00C0
[1836] [M]: 0x8000F874 (0x00C0006F) jal zero, 12


mem[X,0x8000F880] -> 0x6663
mem[X,0x8000F882] -> 0x00B5
[1837] [M]: 0x8000F880 (0x00B56663) bltu a0, a1, 12


mem[X,0x8000F88C] -> 0x0213
mem[X,0x8000F88E] -> 0x0032
[1838] [M]: 0x8000F88C (0x00320213) addi tp, tp, 3
x4 <- 0x00000003


mem[X,0x8000F890] -> 0x006F
mem[X,0x8000F892] -> 0x0040
[1839] [M]: 0x8000F890 (0x0040006F) jal zero, 4


mem[X,0x8000F894] -> 0xAA23
mem[X,0x8000F896] -> 0x2A40
[1840] [M]: 0x8000F894 (0x2A40AA23) sw tp, 692(ra)
mem[0x8004B528] <- 0x00000003


mem[X,0x8000F898] -> 0x0513
mem[X,0x8000F89A] -> 0x0050
[1841] [M]: 0x8000F898 (0x00500513) addi a0, zero, 5
x10 <- 0x00000005


mem[X,0x8000F89C] -> 0x65B7
mem[X,0x8000F89E] -> 0x6666
[1842] [M]: 0x8000F89C (0x666665B7) lui a1, 419430
x11 <- 0x66666000


mem[X,0x8000F8A0] -> 0x8593
mem[X,0x8000F8A2] -> 0x6675
[1843] [M]: 0x8000F8A0 (0x66758593) addi a1, a1, 1639
x11 <- 0x66666667


mem[X,0x8000F8A4] -> 0x0213
mem[X,0x8000F8A6] -> 0x0000
[1844] [M]: 0x8000F8A4 (0x00000213) addi tp, zero, 0
x4 <- 0x00000000


mem[X,0x8000F8A8] -> 0x006F
mem[X,0x8000F8AA] -> 0x00C0
[1845] [M]: 0x8000F8A8 (0x00C0006F) jal zero, 12


mem[X,0x8000F8B4] -> 0x6063
mem[X,0x8000F8B6] -> 0x10B5
[1846] [M]: 0x8000F8B4 (0x10B56063) bltu a0, a1, 256


mem[X,0x8000F9B4] -> 0x0213
mem[X,0x8000F9B6] -> 0x0032
[1847] [M]: 0x8000F9B4 (0x00320213) addi tp, tp, 3
x4 <- 0x00000003


mem[X,0x8000F9B8] -> 0x006F
mem[X,0x8000F9BA] -> 0x0040
[1848] [M]: 0x8000F9B8 (0x0040006F) jal zero, 4


mem[X,0x8000F9BC] -> 0xAC23
mem[X,0x8000F9BE] -> 0x2A40
[1849] [M]: 0x8000F9BC (0x2A40AC23) sw tp, 696(ra)
mem[0x8004B52C] <- 0x00000003


mem[X,0x8000F9C0] -> 0x0513
mem[X,0x8000F9C2] -> 0x0050
[1850] [M]: 0x8000F9C0 (0x00500513) addi a0, zero, 5
x10 <- 0x00000005


mem[X,0x8000F9C4] -> 0xB5B7
mem[X,0x8000F9C6] -> 0x0000
[1851] [M]: 0x8000F9C4 (0x0000B5B7) lui a1, 11
x11 <- 0x0000B000


mem[X,0x8000F9C8] -> 0x8593
mem[X,0x8000F9CA] -> 0x5055
[1852] [M]: 0x8000F9C8 (0x50558593) addi a1, a1, 1285
x11 <- 0x0000B505


mem[X,0x8000F9CC] -> 0x0213
mem[X,0x8000F9CE] -> 0x0000
[1853] [M]: 0x8000F9CC (0x00000213) addi tp, zero, 0
x4 <- 0x00000000


mem[X,0x8000F9D0] -> 0x006F
mem[X,0x8000F9D2] -> 0x00C0
[1854] [M]: 0x8000F9D0 (0x00C0006F) jal zero, 12


mem[X,0x8000F9DC] -> 0x6063
mem[X,0x8000F9DE] -> 0x02B5
[1855] [M]: 0x8000F9DC (0x02B56063) bltu a0, a1, 32


mem[X,0x8000F9FC] -> 0x0213
mem[X,0x8000F9FE] -> 0x0032
[1856] [M]: 0x8000F9FC (0x00320213) addi tp, tp, 3
x4 <- 0x00000003


mem[X,0x8000FA00] -> 0x006F
mem[X,0x8000FA02] -> 0x0040
[1857] [M]: 0x8000FA00 (0x0040006F) jal zero, 4


mem[X,0x8000FA04] -> 0xAE23
mem[X,0x8000FA06] -> 0x2A40
[1858] [M]: 0x8000FA04 (0x2A40AE23) sw tp, 700(ra)
mem[0x8004B530] <- 0x00000003


mem[X,0x8000FA08] -> 0x0513
mem[X,0x8000FA0A] -> 0x0050
[1859] [M]: 0x8000FA08 (0x00500513) addi a0, zero, 5
x10 <- 0x00000005


mem[X,0x8000FA0C] -> 0x0593
mem[X,0x8000FA0E] -> 0x0010
[1860] [M]: 0x8000FA0C (0x00100593) addi a1, zero, 1
x11 <- 0x00000001


mem[X,0x8000FA10] -> 0x0213
mem[X,0x8000FA12] -> 0x0000
[1861] [M]: 0x8000FA10 (0x00000213) addi tp, zero, 0
x4 <- 0x00000000


mem[X,0x8000FA14] -> 0x006F
mem[X,0x8000FA16] -> 0x00C0
[1862] [M]: 0x8000FA14 (0x00C0006F) jal zero, 12


mem[X,0x8000FA20] -> 0x6CE3
mem[X,0x8000FA22] -> 0xFEB5
[1863] [M]: 0x8000FA20 (0xFEB56CE3) bltu a0, a1, 8184


mem[X,0x8000FA24] -> 0x0213
mem[X,0x8000FA26] -> 0x0022
[1864] [M]: 0x8000FA24 (0x00220213) addi tp, tp, 2
x4 <- 0x00000002


mem[X,0x8000FA28] -> 0x006F
mem[X,0x8000FA2A] -> 0x00C0
[1865] [M]: 0x8000FA28 (0x00C0006F) jal zero, 12


mem[X,0x8000FA34] -> 0xA023
mem[X,0x8000FA36] -> 0x2C40
[1866] [M]: 0x8000FA34 (0x2C40A023) sw tp, 704(ra)
mem[0x8004B534] <- 0x00000002


mem[X,0x8000FA38] -> 0x0513
mem[X,0x8000FA3A] -> 0x0050
[1867] [M]: 0x8000FA38 (0x00500513) addi a0, zero, 5
x10 <- 0x00000005


mem[X,0x8000FA3C] -> 0x05B7
mem[X,0x8000FA3E] -> 0x0001
[1868] [M]: 0x8000FA3C (0x000105B7) lui a1, 16
x11 <- 0x00010000


mem[X,0x8000FA40] -> 0x0213
mem[X,0x8000FA42] -> 0x0000
[1869] [M]: 0x8000FA40 (0x00000213) addi tp, zero, 0
x4 <- 0x00000000


mem[X,0x8000FA44] -> 0x006F
mem[X,0x8000FA46] -> 0x0180
[1870] [M]: 0x8000FA44 (0x0180006F) jal zero, 24


mem[X,0x8000FA5C] -> 0x66E3
mem[X,0x8000FA5E] -> 0xFEB5
[1871] [M]: 0x8000FA5C (0xFEB566E3) bltu a0, a1, 8172


mem[X,0x8000FA48] -> 0x0213
mem[X,0x8000FA4A] -> 0x0012
[1872] [M]: 0x8000FA48 (0x00120213) addi tp, tp, 1
x4 <- 0x00000001


mem[X,0x8000FA4C] -> 0x006F
mem[X,0x8000FA4E] -> 0x0240
[1873] [M]: 0x8000FA4C (0x0240006F) jal zero, 36


mem[X,0x8000FA70] -> 0xA223
mem[X,0x8000FA72] -> 0x2C40
[1874] [M]: 0x8000FA70 (0x2C40A223) sw tp, 708(ra)
mem[0x8004B538] <- 0x00000001


mem[X,0x8000FA74] -> 0x3537
mem[X,0x8000FA76] -> 0x3333
[1875] [M]: 0x8000FA74 (0x33333537) lui a0, 209715
x10 <- 0x33333000


mem[X,0x8000FA78] -> 0x0513
mem[X,0x8000FA7A] -> 0x3335
[1876] [M]: 0x8000FA78 (0x33350513) addi a0, a0, 819
x10 <- 0x33333333


mem[X,0x8000FA7C] -> 0x0593
mem[X,0x8000FA7E] -> 0x0030
[1877] [M]: 0x8000FA7C (0x00300593) addi a1, zero, 3
x11 <- 0x00000003


mem[X,0x8000FA80] -> 0x0213
mem[X,0x8000FA82] -> 0x0000
[1878] [M]: 0x8000FA80 (0x00000213) addi tp, zero, 0
x4 <- 0x00000000


mem[X,0x8000FA84] -> 0x006F
mem[X,0x8000FA86] -> 0x00C0
[1879] [M]: 0x8000FA84 (0x00C0006F) jal zero, 12


mem[X,0x8000FA90] -> 0x6663
mem[X,0x8000FA92] -> 0x00B5
[1880] [M]: 0x8000FA90 (0x00B56663) bltu a0, a1, 12


mem[X,0x8000FA94] -> 0x0213
mem[X,0x8000FA96] -> 0x0022
[1881] [M]: 0x8000FA94 (0x00220213) addi tp, tp, 2
x4 <- 0x00000002


mem[X,0x8000FA98] -> 0x006F
mem[X,0x8000FA9A] -> 0x00C0
[1882] [M]: 0x8000FA98 (0x00C0006F) jal zero, 12


mem[X,0x8000FAA4] -> 0xA423
mem[X,0x8000FAA6] -> 0x2C40
[1883] [M]: 0x8000FAA4 (0x2C40A423) sw tp, 712(ra)
mem[0x8004B53C] <- 0x00000002


mem[X,0x8000FAA8] -> 0x3537
mem[X,0x8000FAAA] -> 0x3333
[1884] [M]: 0x8000FAA8 (0x33333537) lui a0, 209715
x10 <- 0x33333000


mem[X,0x8000FAAC] -> 0x0513
mem[X,0x8000FAAE] -> 0x3335
[1885] [M]: 0x8000FAAC (0x33350513) addi a0, a0, 819
x10 <- 0x33333333


mem[X,0x8000FAB0] -> 0x55B7
mem[X,0x8000FAB2] -> 0x5555
[1886] [M]: 0x8000FAB0 (0x555555B7) lui a1, 349525
x11 <- 0x55555000


mem[X,0x8000FAB4] -> 0x8593
mem[X,0x8000FAB6] -> 0x5555
[1887] [M]: 0x8000FAB4 (0x55558593) addi a1, a1, 1365
x11 <- 0x55555555


mem[X,0x8000FAB8] -> 0x0213
mem[X,0x8000FABA] -> 0x0000
[1888] [M]: 0x8000FAB8 (0x00000213) addi tp, zero, 0
x4 <- 0x00000000


mem[X,0x8000FABC] -> 0x006F
mem[X,0x8000FABE] -> 0x2B10
[1889] [M]: 0x8000FABC (0x2B10006F) jal zero, 2736


mem[X,0x8001056C] -> 0x6A63
mem[X,0x8001056E] -> 0xD4B5
[1890] [M]: 0x8001056C (0xD4B56A63) bltu a0, a1, 5460


mem[X,0x8000FAC0] -> 0x0213
mem[X,0x8000FAC2] -> 0x0012
[1891] [M]: 0x8000FAC0 (0x00120213) addi tp, tp, 1
x4 <- 0x00000001


mem[X,0x8000FAC4] -> 0x006F
mem[X,0x8000FAC6] -> 0x2BD0
[1892] [M]: 0x8000FAC4 (0x2BD0006F) jal zero, 2748


mem[X,0x80010580] -> 0xA623
mem[X,0x80010582] -> 0x2C40
[1893] [M]: 0x80010580 (0x2C40A623) sw tp, 716(ra)
mem[0x8004B540] <- 0x00000001


mem[X,0x80010584] -> 0x3537
mem[X,0x80010586] -> 0x3333
[1894] [M]: 0x80010584 (0x33333537) lui a0, 209715
x10 <- 0x33333000


mem[X,0x80010588] -> 0x0513
mem[X,0x8001058A] -> 0x3335
[1895] [M]: 0x80010588 (0x33350513) addi a0, a0, 819
x10 <- 0x33333333


mem[X,0x8001058C] -> 0xB5B7
mem[X,0x8001058E] -> 0xAAAA
[1896] [M]: 0x8001058C (0xAAAAB5B7) lui a1, 699051
x11 <- 0xAAAAB000


mem[X,0x80010590] -> 0x8593
mem[X,0x80010592] -> 0xAAA5
[1897] [M]: 0x80010590 (0xAAA58593) addi a1, a1, 2730
x11 <- 0xAAAAAAAA


mem[X,0x80010594] -> 0x0213
mem[X,0x80010596] -> 0x0000
[1898] [M]: 0x80010594 (0x00000213) addi tp, zero, 0
x4 <- 0x00000000


mem[X,0x80010598] -> 0x006F
mem[X,0x8001059A] -> 0x0050
[1899] [M]: 0x80010598 (0x0050006F) jal zero, 2052


clint::tick mtime <- 0x0000000000000013
 clint timer pending at mtime 0x0000000000000013
htif::tick 0x0000000000000000
mem[X,0x80010D9C] -> 0x60E3
mem[X,0x80010D9E] -> 0x80B5
[1900] [M]: 0x80010D9C (0x80B560E3) bltu a0, a1, 6144


mem[X,0x8001059C] -> 0x0213
mem[X,0x8001059E] -> 0x0012
[1901] [M]: 0x8001059C (0x00120213) addi tp, tp, 1
x4 <- 0x00000001


mem[X,0x800105A0] -> 0x006F
mem[X,0x800105A2] -> 0x0110
[1902] [M]: 0x800105A0 (0x0110006F) jal zero, 2064


mem[X,0x80010DB0] -> 0xA823
mem[X,0x80010DB2] -> 0x2C40
[1903] [M]: 0x80010DB0 (0x2C40A823) sw tp, 720(ra)
mem[0x8004B544] <- 0x00000001


mem[X,0x80010DB4] -> 0x3537
mem[X,0x80010DB6] -> 0x3333
[1904] [M]: 0x80010DB4 (0x33333537) lui a0, 209715
x10 <- 0x33333000


mem[X,0x80010DB8] -> 0x0513
mem[X,0x80010DBA] -> 0x3335
[1905] [M]: 0x80010DB8 (0x33350513) addi a0, a0, 819
x10 <- 0x33333333


mem[X,0x80010DBC] -> 0x0593
mem[X,0x80010DBE] -> 0x0050
[1906] [M]: 0x80010DBC (0x00500593) addi a1, zero, 5
x11 <- 0x00000005


mem[X,0x80010DC0] -> 0x0213
mem[X,0x80010DC2] -> 0x0000
[1907] [M]: 0x80010DC0 (0x00000213) addi tp, zero, 0
x4 <- 0x00000000


mem[X,0x80010DC4] -> 0x006F
mem[X,0x80010DC6] -> 0x0180
[1908] [M]: 0x80010DC4 (0x0180006F) jal zero, 24


mem[X,0x80010DDC] -> 0x66E3
mem[X,0x80010DDE] -> 0xFEB5
[1909] [M]: 0x80010DDC (0xFEB566E3) bltu a0, a1, 8172


mem[X,0x80010DE0] -> 0x0213
mem[X,0x80010DE2] -> 0x0022
[1910] [M]: 0x80010DE0 (0x00220213) addi tp, tp, 2
x4 <- 0x00000002


mem[X,0x80010DE4] -> 0x006F
mem[X,0x80010DE6] -> 0x00C0
[1911] [M]: 0x80010DE4 (0x00C0006F) jal zero, 12


mem[X,0x80010DF0] -> 0xAA23
mem[X,0x80010DF2] -> 0x2C40
[1912] [M]: 0x80010DF0 (0x2C40AA23) sw tp, 724(ra)
mem[0x8004B548] <- 0x00000002


mem[X,0x80010DF4] -> 0x3537
mem[X,0x80010DF6] -> 0x3333
[1913] [M]: 0x80010DF4 (0x33333537) lui a0, 209715
x10 <- 0x33333000


mem[X,0x80010DF8] -> 0x0513
mem[X,0x80010DFA] -> 0x3335
[1914] [M]: 0x80010DF8 (0x33350513) addi a0, a0, 819
x10 <- 0x33333333


mem[X,0x80010DFC] -> 0x35B7
mem[X,0x80010DFE] -> 0x3333
[1915] [M]: 0x80010DFC (0x333335B7) lui a1, 209715
x11 <- 0x33333000


mem[X,0x80010E00] -> 0x8593
mem[X,0x80010E02] -> 0x3335
[1916] [M]: 0x80010E00 (0x33358593) addi a1, a1, 819
x11 <- 0x33333333


mem[X,0x80010E04] -> 0x0213
mem[X,0x80010E06] -> 0x0000
[1917] [M]: 0x80010E04 (0x00000213) addi tp, zero, 0
x4 <- 0x00000000


mem[X,0x80010E08] -> 0x006F
mem[X,0x80010E0A] -> 0x00C0
[1918] [M]: 0x80010E08 (0x00C0006F) jal zero, 12


mem[X,0x80010E14] -> 0x6063
mem[X,0x80010E16] -> 0x02B5
[1919] [M]: 0x80010E14 (0x02B56063) bltu a0, a1, 32


mem[X,0x80010E18] -> 0x0213
mem[X,0x80010E1A] -> 0x0022
[1920] [M]: 0x80010E18 (0x00220213) addi tp, tp, 2
x4 <- 0x00000002


mem[X,0x80010E1C] -> 0x006F
mem[X,0x80010E1E] -> 0x0200
[1921] [M]: 0x80010E1C (0x0200006F) jal zero, 32


mem[X,0x80010E3C] -> 0xAC23
mem[X,0x80010E3E] -> 0x2C40
[1922] [M]: 0x80010E3C (0x2C40AC23) sw tp, 728(ra)
mem[0x8004B54C] <- 0x00000002


mem[X,0x80010E40] -> 0x3537
mem[X,0x80010E42] -> 0x3333
[1923] [M]: 0x80010E40 (0x33333537) lui a0, 209715
x10 <- 0x33333000


mem[X,0x80010E44] -> 0x0513
mem[X,0x80010E46] -> 0x3335
[1924] [M]: 0x80010E44 (0x33350513) addi a0, a0, 819
x10 <- 0x33333333


mem[X,0x80010E48] -> 0x65B7
mem[X,0x80010E4A] -> 0x6666
[1925] [M]: 0x80010E48 (0x666665B7) lui a1, 419430
x11 <- 0x66666000


mem[X,0x80010E4C] -> 0x8593
mem[X,0x80010E4E] -> 0x6665
[1926] [M]: 0x80010E4C (0x66658593) addi a1, a1, 1638
x11 <- 0x66666666


mem[X,0x80010E50] -> 0x0213
mem[X,0x80010E52] -> 0x0000
[1927] [M]: 0x80010E50 (0x00000213) addi tp, zero, 0
x4 <- 0x00000000


mem[X,0x80010E54] -> 0x006F
mem[X,0x80010E56] -> 0x0100
[1928] [M]: 0x80010E54 (0x0100006F) jal zero, 16


mem[X,0x80010E64] -> 0x6AE3
mem[X,0x80010E66] -> 0xFEB5
[1929] [M]: 0x80010E64 (0xFEB56AE3) bltu a0, a1, 8180


mem[X,0x80010E58] -> 0x0213
mem[X,0x80010E5A] -> 0x0012
[1930] [M]: 0x80010E58 (0x00120213) addi tp, tp, 1
x4 <- 0x00000001


mem[X,0x80010E5C] -> 0x006F
mem[X,0x80010E5E] -> 0x01C0
[1931] [M]: 0x80010E5C (0x01C0006F) jal zero, 28


mem[X,0x80010E78] -> 0xAE23
mem[X,0x80010E7A] -> 0x2C40
[1932] [M]: 0x80010E78 (0x2C40AE23) sw tp, 732(ra)
mem[0x8004B550] <- 0x00000001


mem[X,0x80010E7C] -> 0x3537
mem[X,0x80010E7E] -> 0x3333
[1933] [M]: 0x80010E7C (0x33333537) lui a0, 209715
x10 <- 0x33333000


mem[X,0x80010E80] -> 0x0513
mem[X,0x80010E82] -> 0x3335
[1934] [M]: 0x80010E80 (0x33350513) addi a0, a0, 819
x10 <- 0x33333333


mem[X,0x80010E84] -> 0xB5B7
mem[X,0x80010E86] -> 0x0000
[1935] [M]: 0x80010E84 (0x0000B5B7) lui a1, 11
x11 <- 0x0000B000


mem[X,0x80010E88] -> 0x8593
mem[X,0x80010E8A] -> 0x5045
[1936] [M]: 0x80010E88 (0x50458593) addi a1, a1, 1284
x11 <- 0x0000B504


mem[X,0x80010E8C] -> 0x0213
mem[X,0x80010E8E] -> 0x0000
[1937] [M]: 0x80010E8C (0x00000213) addi tp, zero, 0
x4 <- 0x00000000


mem[X,0x80010E90] -> 0x006F
mem[X,0x80010E92] -> 0x00C0
[1938] [M]: 0x80010E90 (0x00C0006F) jal zero, 12


mem[X,0x80010E9C] -> 0x6063
mem[X,0x80010E9E] -> 0x10B5
[1939] [M]: 0x80010E9C (0x10B56063) bltu a0, a1, 256


mem[X,0x80010EA0] -> 0x0213
mem[X,0x80010EA2] -> 0x0022
[1940] [M]: 0x80010EA0 (0x00220213) addi tp, tp, 2
x4 <- 0x00000002


mem[X,0x80010EA4] -> 0x006F
mem[X,0x80010EA6] -> 0x1000
[1941] [M]: 0x80010EA4 (0x1000006F) jal zero, 256


mem[X,0x80010FA4] -> 0xA023
mem[X,0x80010FA6] -> 0x2E40
[1942] [M]: 0x80010FA4 (0x2E40A023) sw tp, 736(ra)
mem[0x8004B554] <- 0x00000002


mem[X,0x80010FA8] -> 0x3537
mem[X,0x80010FAA] -> 0x3333
[1943] [M]: 0x80010FA8 (0x33333537) lui a0, 209715
x10 <- 0x33333000


mem[X,0x80010FAC] -> 0x0513
mem[X,0x80010FAE] -> 0x3335
[1944] [M]: 0x80010FAC (0x33350513) addi a0, a0, 819
x10 <- 0x33333333


mem[X,0x80010FB0] -> 0x0593
mem[X,0x80010FB2] -> 0x0000
[1945] [M]: 0x80010FB0 (0x00000593) addi a1, zero, 0
x11 <- 0x00000000


mem[X,0x80010FB4] -> 0x0213
mem[X,0x80010FB6] -> 0x0000
[1946] [M]: 0x80010FB4 (0x00000213) addi tp, zero, 0
x4 <- 0x00000000


mem[X,0x80010FB8] -> 0x006F
mem[X,0x80010FBA] -> 0x00C0
[1947] [M]: 0x80010FB8 (0x00C0006F) jal zero, 12


mem[X,0x80010FC4] -> 0x6063
mem[X,0x80010FC6] -> 0x40B5
[1948] [M]: 0x80010FC4 (0x40B56063) bltu a0, a1, 1024


mem[X,0x80010FC8] -> 0x0213
mem[X,0x80010FCA] -> 0x0022
[1949] [M]: 0x80010FC8 (0x00220213) addi tp, tp, 2
x4 <- 0x00000002


mem[X,0x80010FCC] -> 0x006F
mem[X,0x80010FCE] -> 0x4000
[1950] [M]: 0x80010FCC (0x4000006F) jal zero, 1024


mem[X,0x800113CC] -> 0xA223
mem[X,0x800113CE] -> 0x2E40
[1951] [M]: 0x800113CC (0x2E40A223) sw tp, 740(ra)
mem[0x8004B558] <- 0x00000002


mem[X,0x800113D0] -> 0x3537
mem[X,0x800113D2] -> 0x3333
[1952] [M]: 0x800113D0 (0x33333537) lui a0, 209715
x10 <- 0x33333000


mem[X,0x800113D4] -> 0x0513
mem[X,0x800113D6] -> 0x3335
[1953] [M]: 0x800113D4 (0x33350513) addi a0, a0, 819
x10 <- 0x33333333


mem[X,0x800113D8] -> 0x05B7
mem[X,0x800113DA] -> 0x0001
[1954] [M]: 0x800113D8 (0x000105B7) lui a1, 16
x11 <- 0x00010000


mem[X,0x800113DC] -> 0x8593
mem[X,0x800113DE] -> 0xFFF5
[1955] [M]: 0x800113DC (0xFFF58593) addi a1, a1, 4095
x11 <- 0x0000FFFF


mem[X,0x800113E0] -> 0x0213
mem[X,0x800113E2] -> 0x0000
[1956] [M]: 0x800113E0 (0x00000213) addi tp, zero, 0
x4 <- 0x00000000


mem[X,0x800113E4] -> 0x006F
mem[X,0x800113E6] -> 0x00C0
[1957] [M]: 0x800113E4 (0x00C0006F) jal zero, 12


mem[X,0x800113F0] -> 0x6663
mem[X,0x800113F2] -> 0x00B5
[1958] [M]: 0x800113F0 (0x00B56663) bltu a0, a1, 12


mem[X,0x800113F4] -> 0x0213
mem[X,0x800113F6] -> 0x0022
[1959] [M]: 0x800113F4 (0x00220213) addi tp, tp, 2
x4 <- 0x00000002


mem[X,0x800113F8] -> 0x006F
mem[X,0x800113FA] -> 0x00C0
[1960] [M]: 0x800113F8 (0x00C0006F) jal zero, 12


mem[X,0x80011404] -> 0xA423
mem[X,0x80011406] -> 0x2E40
[1961] [M]: 0x80011404 (0x2E40A423) sw tp, 744(ra)
mem[0x8004B55C] <- 0x00000002


mem[X,0x80011408] -> 0x3537
mem[X,0x8001140A] -> 0x3333
[1962] [M]: 0x80011408 (0x33333537) lui a0, 209715
x10 <- 0x33333000


mem[X,0x8001140C] -> 0x0513
mem[X,0x8001140E] -> 0x3335
[1963] [M]: 0x8001140C (0x33350513) addi a0, a0, 819
x10 <- 0x33333333


mem[X,0x80011410] -> 0x55B7
mem[X,0x80011412] -> 0x5555
[1964] [M]: 0x80011410 (0x555555B7) lui a1, 349525
x11 <- 0x55555000


mem[X,0x80011414] -> 0x8593
mem[X,0x80011416] -> 0x5545
[1965] [M]: 0x80011414 (0x55458593) addi a1, a1, 1364
x11 <- 0x55555554


mem[X,0x80011418] -> 0x0213
mem[X,0x8001141A] -> 0x0000
[1966] [M]: 0x80011418 (0x00000213) addi tp, zero, 0
x4 <- 0x00000000


mem[X,0x8001141C] -> 0x006F
mem[X,0x8001141E] -> 0x00C0
[1967] [M]: 0x8001141C (0x00C0006F) jal zero, 12


mem[X,0x80011428] -> 0x6CE3
mem[X,0x8001142A] -> 0xFEB5
[1968] [M]: 0x80011428 (0xFEB56CE3) bltu a0, a1, 8184


mem[X,0x80011420] -> 0x0213
mem[X,0x80011422] -> 0x0012
[1969] [M]: 0x80011420 (0x00120213) addi tp, tp, 1
x4 <- 0x00000001


mem[X,0x80011424] -> 0x006F
mem[X,0x80011426] -> 0x0180
[1970] [M]: 0x80011424 (0x0180006F) jal zero, 24


mem[X,0x8001143C] -> 0xA623
mem[X,0x8001143E] -> 0x2E40
[1971] [M]: 0x8001143C (0x2E40A623) sw tp, 748(ra)
mem[0x8004B560] <- 0x00000001


mem[X,0x80011440] -> 0x3537
mem[X,0x80011442] -> 0x3333
[1972] [M]: 0x80011440 (0x33333537) lui a0, 209715
x10 <- 0x33333000


mem[X,0x80011444] -> 0x0513
mem[X,0x80011446] -> 0x3335
[1973] [M]: 0x80011444 (0x33350513) addi a0, a0, 819
x10 <- 0x33333333


mem[X,0x80011448] -> 0xB5B7
mem[X,0x8001144A] -> 0xAAAA
[1974] [M]: 0x80011448 (0xAAAAB5B7) lui a1, 699051
x11 <- 0xAAAAB000


mem[X,0x8001144C] -> 0x8593
mem[X,0x8001144E] -> 0xAA95
[1975] [M]: 0x8001144C (0xAA958593) addi a1, a1, 2729
x11 <- 0xAAAAAAA9


mem[X,0x80011450] -> 0x0213
mem[X,0x80011452] -> 0x0000
[1976] [M]: 0x80011450 (0x00000213) addi tp, zero, 0
x4 <- 0x00000000


mem[X,0x80011454] -> 0x006F
mem[X,0x80011456] -> 0x00C0
[1977] [M]: 0x80011454 (0x00C0006F) jal zero, 12


mem[X,0x80011460] -> 0x6CE3
mem[X,0x80011462] -> 0xFEB5
[1978] [M]: 0x80011460 (0xFEB56CE3) bltu a0, a1, 8184


mem[X,0x80011458] -> 0x0213
mem[X,0x8001145A] -> 0x0012
[1979] [M]: 0x80011458 (0x00120213) addi tp, tp, 1
x4 <- 0x00000001


mem[X,0x8001145C] -> 0x006F
mem[X,0x8001145E] -> 0x0180
[1980] [M]: 0x8001145C (0x0180006F) jal zero, 24


mem[X,0x80011474] -> 0xA823
mem[X,0x80011476] -> 0x2E40
[1981] [M]: 0x80011474 (0x2E40A823) sw tp, 752(ra)
mem[0x8004B564] <- 0x00000001


mem[X,0x80011478] -> 0x3537
mem[X,0x8001147A] -> 0x3333
[1982] [M]: 0x80011478 (0x33333537) lui a0, 209715
x10 <- 0x33333000


mem[X,0x8001147C] -> 0x0513
mem[X,0x8001147E] -> 0x3335
[1983] [M]: 0x8001147C (0x33350513) addi a0, a0, 819
x10 <- 0x33333333


mem[X,0x80011480] -> 0x0593
mem[X,0x80011482] -> 0x0040
[1984] [M]: 0x80011480 (0x00400593) addi a1, zero, 4
x11 <- 0x00000004


mem[X,0x80011484] -> 0x0213
mem[X,0x80011486] -> 0x0000
[1985] [M]: 0x80011484 (0x00000213) addi tp, zero, 0
x4 <- 0x00000000


mem[X,0x80011488] -> 0x006F
mem[X,0x8001148A] -> 0x00C0
[1986] [M]: 0x80011488 (0x00C0006F) jal zero, 12


mem[X,0x80011494] -> 0x6063
mem[X,0x80011496] -> 0x10B5
[1987] [M]: 0x80011494 (0x10B56063) bltu a0, a1, 256


mem[X,0x80011498] -> 0x0213
mem[X,0x8001149A] -> 0x0022
[1988] [M]: 0x80011498 (0x00220213) addi tp, tp, 2
x4 <- 0x00000002


mem[X,0x8001149C] -> 0x006F
mem[X,0x8001149E] -> 0x1000
[1989] [M]: 0x8001149C (0x1000006F) jal zero, 256


mem[X,0x8001159C] -> 0xAA23
mem[X,0x8001159E] -> 0x2E40
[1990] [M]: 0x8001159C (0x2E40AA23) sw tp, 756(ra)
mem[0x8004B568] <- 0x00000002


mem[X,0x800115A0] -> 0x3537
mem[X,0x800115A2] -> 0x3333
[1991] [M]: 0x800115A0 (0x33333537) lui a0, 209715
x10 <- 0x33333000


mem[X,0x800115A4] -> 0x0513
mem[X,0x800115A6] -> 0x3335
[1992] [M]: 0x800115A4 (0x33350513) addi a0, a0, 819
x10 <- 0x33333333


mem[X,0x800115A8] -> 0x35B7
mem[X,0x800115AA] -> 0x3333
[1993] [M]: 0x800115A8 (0x333335B7) lui a1, 209715
x11 <- 0x33333000


mem[X,0x800115AC] -> 0x8593
mem[X,0x800115AE] -> 0x3325
[1994] [M]: 0x800115AC (0x33258593) addi a1, a1, 818
x11 <- 0x33333332


mem[X,0x800115B0] -> 0x0213
mem[X,0x800115B2] -> 0x0000
[1995] [M]: 0x800115B0 (0x00000213) addi tp, zero, 0
x4 <- 0x00000000


mem[X,0x800115B4] -> 0x006F
mem[X,0x800115B6] -> 0x00C0
[1996] [M]: 0x800115B4 (0x00C0006F) jal zero, 12


mem[X,0x800115C0] -> 0x6CE3
mem[X,0x800115C2] -> 0xFEB5
[1997] [M]: 0x800115C0 (0xFEB56CE3) bltu a0, a1, 8184


mem[X,0x800115C4] -> 0x0213
mem[X,0x800115C6] -> 0x0022
[1998] [M]: 0x800115C4 (0x00220213) addi tp, tp, 2
x4 <- 0x00000002


mem[X,0x800115C8] -> 0x006F
mem[X,0x800115CA] -> 0x00C0
[1999] [M]: 0x800115C8 (0x00C0006F) jal zero, 12


clint::tick mtime <- 0x0000000000000014
 clint timer pending at mtime 0x0000000000000014
htif::tick 0x0000000000000000
mem[X,0x800115D4] -> 0xAC23
mem[X,0x800115D6] -> 0x2E40
[2000] [M]: 0x800115D4 (0x2E40AC23) sw tp, 760(ra)
mem[0x8004B56C] <- 0x00000002


mem[X,0x800115D8] -> 0x3537
mem[X,0x800115DA] -> 0x3333
[2001] [M]: 0x800115D8 (0x33333537) lui a0, 209715
x10 <- 0x33333000


mem[X,0x800115DC] -> 0x0513
mem[X,0x800115DE] -> 0x3335
[2002] [M]: 0x800115DC (0x33350513) addi a0, a0, 819
x10 <- 0x33333333


mem[X,0x800115E0] -> 0x65B7
mem[X,0x800115E2] -> 0x6666
[2003] [M]: 0x800115E0 (0x666665B7) lui a1, 419430
x11 <- 0x66666000


mem[X,0x800115E4] -> 0x8593
mem[X,0x800115E6] -> 0x6655
[2004] [M]: 0x800115E4 (0x66558593) addi a1, a1, 1637
x11 <- 0x66666665


mem[X,0x800115E8] -> 0x0213
mem[X,0x800115EA] -> 0x0000
[2005] [M]: 0x800115E8 (0x00000213) addi tp, zero, 0
x4 <- 0x00000000


mem[X,0x800115EC] -> 0x006F
mem[X,0x800115EE] -> 0x00C0
[2006] [M]: 0x800115EC (0x00C0006F) jal zero, 12


mem[X,0x800115F8] -> 0x6663
mem[X,0x800115FA] -> 0x00B5
[2007] [M]: 0x800115F8 (0x00B56663) bltu a0, a1, 12


mem[X,0x80011604] -> 0x0213
mem[X,0x80011606] -> 0x0032
[2008] [M]: 0x80011604 (0x00320213) addi tp, tp, 3
x4 <- 0x00000003


mem[X,0x80011608] -> 0x006F
mem[X,0x8001160A] -> 0x0040
[2009] [M]: 0x80011608 (0x0040006F) jal zero, 4


mem[X,0x8001160C] -> 0xAE23
mem[X,0x8001160E] -> 0x2E40
[2010] [M]: 0x8001160C (0x2E40AE23) sw tp, 764(ra)
mem[0x8004B570] <- 0x00000003


mem[X,0x80011610] -> 0x3537
mem[X,0x80011612] -> 0x3333
[2011] [M]: 0x80011610 (0x33333537) lui a0, 209715
x10 <- 0x33333000


mem[X,0x80011614] -> 0x0513
mem[X,0x80011616] -> 0x3335
[2012] [M]: 0x80011614 (0x33350513) addi a0, a0, 819
x10 <- 0x33333333


mem[X,0x80011618] -> 0xB5B7
mem[X,0x8001161A] -> 0x0000
[2013] [M]: 0x80011618 (0x0000B5B7) lui a1, 11
x11 <- 0x0000B000


mem[X,0x8001161C] -> 0x8593
mem[X,0x8001161E] -> 0x5035
[2014] [M]: 0x8001161C (0x50358593) addi a1, a1, 1283
x11 <- 0x0000B503


mem[X,0x80011620] -> 0x0213
mem[X,0x80011622] -> 0x0000
[2015] [M]: 0x80011620 (0x00000213) addi tp, zero, 0
x4 <- 0x00000000


mem[X,0x80011624] -> 0x006F
mem[X,0x80011626] -> 0x00C0
[2016] [M]: 0x80011624 (0x00C0006F) jal zero, 12


mem[X,0x80011630] -> 0x6063
mem[X,0x80011632] -> 0x08B5
[2017] [M]: 0x80011630 (0x08B56063) bltu a0, a1, 128


mem[X,0x80011634] -> 0x0213
mem[X,0x80011636] -> 0x0022
[2018] [M]: 0x80011634 (0x00220213) addi tp, tp, 2
x4 <- 0x00000002


mem[X,0x80011638] -> 0x006F
mem[X,0x8001163A] -> 0x0800
[2019] [M]: 0x80011638 (0x0800006F) jal zero, 128


mem[X,0x800116B8] -> 0xA023
mem[X,0x800116BA] -> 0x3040
[2020] [M]: 0x800116B8 (0x3040A023) sw tp, 768(ra)
mem[0x8004B574] <- 0x00000002


mem[X,0x800116BC] -> 0x3537
mem[X,0x800116BE] -> 0x3333
[2021] [M]: 0x800116BC (0x33333537) lui a0, 209715
x10 <- 0x33333000


mem[X,0x800116C0] -> 0x0513
mem[X,0x800116C2] -> 0x3335
[2022] [M]: 0x800116C0 (0x33350513) addi a0, a0, 819
x10 <- 0x33333333


mem[X,0x800116C4] -> 0x05B7
mem[X,0x800116C6] -> 0x0001
[2023] [M]: 0x800116C4 (0x000105B7) lui a1, 16
x11 <- 0x00010000


mem[X,0x800116C8] -> 0x8593
mem[X,0x800116CA] -> 0xFFE5
[2024] [M]: 0x800116C8 (0xFFE58593) addi a1, a1, 4094
x11 <- 0x0000FFFE


mem[X,0x800116CC] -> 0x0213
mem[X,0x800116CE] -> 0x0000
[2025] [M]: 0x800116CC (0x00000213) addi tp, zero, 0
x4 <- 0x00000000


mem[X,0x800116D0] -> 0x006F
mem[X,0x800116D2] -> 0x00C0
[2026] [M]: 0x800116D0 (0x00C0006F) jal zero, 12


mem[X,0x800116DC] -> 0x6663
mem[X,0x800116DE] -> 0x00B5
[2027] [M]: 0x800116DC (0x00B56663) bltu a0, a1, 12


mem[X,0x800116E0] -> 0x0213
mem[X,0x800116E2] -> 0x0022
[2028] [M]: 0x800116E0 (0x00220213) addi tp, tp, 2
x4 <- 0x00000002


mem[X,0x800116E4] -> 0x006F
mem[X,0x800116E6] -> 0x00C0
[2029] [M]: 0x800116E4 (0x00C0006F) jal zero, 12


mem[X,0x800116F0] -> 0xA223
mem[X,0x800116F2] -> 0x3040
[2030] [M]: 0x800116F0 (0x3040A223) sw tp, 772(ra)
mem[0x8004B578] <- 0x00000002


mem[X,0x800116F4] -> 0x3537
mem[X,0x800116F6] -> 0x3333
[2031] [M]: 0x800116F4 (0x33333537) lui a0, 209715
x10 <- 0x33333000


mem[X,0x800116F8] -> 0x0513
mem[X,0x800116FA] -> 0x3335
[2032] [M]: 0x800116F8 (0x33350513) addi a0, a0, 819
x10 <- 0x33333333


mem[X,0x800116FC] -> 0x55B7
mem[X,0x800116FE] -> 0x5555
[2033] [M]: 0x800116FC (0x555555B7) lui a1, 349525
x11 <- 0x55555000


mem[X,0x80011700] -> 0x8593
mem[X,0x80011702] -> 0x5565
[2034] [M]: 0x80011700 (0x55658593) addi a1, a1, 1366
x11 <- 0x55555556


mem[X,0x80011704] -> 0x0213
mem[X,0x80011706] -> 0x0000
[2035] [M]: 0x80011704 (0x00000213) addi tp, zero, 0
x4 <- 0x00000000


mem[X,0x80011708] -> 0x006F
mem[X,0x8001170A] -> 0x00C0
[2036] [M]: 0x80011708 (0x00C0006F) jal zero, 12


mem[X,0x80011714] -> 0x6063
mem[X,0x80011716] -> 0x02B5
[2037] [M]: 0x80011714 (0x02B56063) bltu a0, a1, 32


mem[X,0x80011734] -> 0x0213
mem[X,0x80011736] -> 0x0032
[2038] [M]: 0x80011734 (0x00320213) addi tp, tp, 3
x4 <- 0x00000003


mem[X,0x80011738] -> 0x006F
mem[X,0x8001173A] -> 0x0040
[2039] [M]: 0x80011738 (0x0040006F) jal zero, 4


mem[X,0x8001173C] -> 0xA423
mem[X,0x8001173E] -> 0x3040
[2040] [M]: 0x8001173C (0x3040A423) sw tp, 776(ra)
mem[0x8004B57C] <- 0x00000003


mem[X,0x80011740] -> 0x3537
mem[X,0x80011742] -> 0x3333
[2041] [M]: 0x80011740 (0x33333537) lui a0, 209715
x10 <- 0x33333000


mem[X,0x80011744] -> 0x0513
mem[X,0x80011746] -> 0x3335
[2042] [M]: 0x80011744 (0x33350513) addi a0, a0, 819
x10 <- 0x33333333


mem[X,0x80011748] -> 0xB5B7
mem[X,0x8001174A] -> 0xAAAA
[2043] [M]: 0x80011748 (0xAAAAB5B7) lui a1, 699051
x11 <- 0xAAAAB000


mem[X,0x8001174C] -> 0x8593
mem[X,0x8001174E] -> 0xAAB5
[2044] [M]: 0x8001174C (0xAAB58593) addi a1, a1, 2731
x11 <- 0xAAAAAAAB


mem[X,0x80011750] -> 0x0213
mem[X,0x80011752] -> 0x0000
[2045] [M]: 0x80011750 (0x00000213) addi tp, zero, 0
x4 <- 0x00000000


mem[X,0x80011754] -> 0x006F
mem[X,0x80011756] -> 0x00C0
[2046] [M]: 0x80011754 (0x00C0006F) jal zero, 12


mem[X,0x80011760] -> 0x6CE3
mem[X,0x80011762] -> 0xFEB5
[2047] [M]: 0x80011760 (0xFEB56CE3) bltu a0, a1, 8184


mem[X,0x80011758] -> 0x0213
mem[X,0x8001175A] -> 0x0012
[2048] [M]: 0x80011758 (0x00120213) addi tp, tp, 1
x4 <- 0x00000001


mem[X,0x8001175C] -> 0x006F
mem[X,0x8001175E] -> 0x0180
[2049] [M]: 0x8001175C (0x0180006F) jal zero, 24


mem[X,0x80011774] -> 0xA623
mem[X,0x80011776] -> 0x3040
[2050] [M]: 0x80011774 (0x3040A623) sw tp, 780(ra)
mem[0x8004B580] <- 0x00000001


mem[X,0x80011778] -> 0x3537
mem[X,0x8001177A] -> 0x3333
[2051] [M]: 0x80011778 (0x33333537) lui a0, 209715
x10 <- 0x33333000


mem[X,0x8001177C] -> 0x0513
mem[X,0x8001177E] -> 0x3335
[2052] [M]: 0x8001177C (0x33350513) addi a0, a0, 819
x10 <- 0x33333333


mem[X,0x80011780] -> 0x0593
mem[X,0x80011782] -> 0x0060
[2053] [M]: 0x80011780 (0x00600593) addi a1, zero, 6
x11 <- 0x00000006


mem[X,0x80011784] -> 0x0213
mem[X,0x80011786] -> 0x0000
[2054] [M]: 0x80011784 (0x00000213) addi tp, zero, 0
x4 <- 0x00000000


mem[X,0x80011788] -> 0x006F
mem[X,0x8001178A] -> 0x00C0
[2055] [M]: 0x80011788 (0x00C0006F) jal zero, 12


mem[X,0x80011794] -> 0x6663
mem[X,0x80011796] -> 0x00B5
[2056] [M]: 0x80011794 (0x00B56663) bltu a0, a1, 12


mem[X,0x80011798] -> 0x0213
mem[X,0x8001179A] -> 0x0022
[2057] [M]: 0x80011798 (0x00220213) addi tp, tp, 2
x4 <- 0x00000002


mem[X,0x8001179C] -> 0x006F
mem[X,0x8001179E] -> 0x00C0
[2058] [M]: 0x8001179C (0x00C0006F) jal zero, 12


mem[X,0x800117A8] -> 0xA823
mem[X,0x800117AA] -> 0x3040
[2059] [M]: 0x800117A8 (0x3040A823) sw tp, 784(ra)
mem[0x8004B584] <- 0x00000002


mem[X,0x800117AC] -> 0x3537
mem[X,0x800117AE] -> 0x3333
[2060] [M]: 0x800117AC (0x33333537) lui a0, 209715
x10 <- 0x33333000


mem[X,0x800117B0] -> 0x0513
mem[X,0x800117B2] -> 0x3335
[2061] [M]: 0x800117B0 (0x33350513) addi a0, a0, 819
x10 <- 0x33333333


mem[X,0x800117B4] -> 0x35B7
mem[X,0x800117B6] -> 0x3333
[2062] [M]: 0x800117B4 (0x333335B7) lui a1, 209715
x11 <- 0x33333000


mem[X,0x800117B8] -> 0x8593
mem[X,0x800117BA] -> 0x3345
[2063] [M]: 0x800117B8 (0x33458593) addi a1, a1, 820
x11 <- 0x33333334


mem[X,0x800117BC] -> 0x0213
mem[X,0x800117BE] -> 0x0000
[2064] [M]: 0x800117BC (0x00000213) addi tp, zero, 0
x4 <- 0x00000000


mem[X,0x800117C0] -> 0x006F
mem[X,0x800117C2] -> 0x00C0
[2065] [M]: 0x800117C0 (0x00C0006F) jal zero, 12


mem[X,0x800117CC] -> 0x6663
mem[X,0x800117CE] -> 0x00B5
[2066] [M]: 0x800117CC (0x00B56663) bltu a0, a1, 12


mem[X,0x800117D8] -> 0x0213
mem[X,0x800117DA] -> 0x0032
[2067] [M]: 0x800117D8 (0x00320213) addi tp, tp, 3
x4 <- 0x00000003


mem[X,0x800117DC] -> 0x006F
mem[X,0x800117DE] -> 0x0040
[2068] [M]: 0x800117DC (0x0040006F) jal zero, 4


mem[X,0x800117E0] -> 0xAA23
mem[X,0x800117E2] -> 0x3040
[2069] [M]: 0x800117E0 (0x3040AA23) sw tp, 788(ra)
mem[0x8004B588] <- 0x00000003


mem[X,0x800117E4] -> 0x3537
mem[X,0x800117E6] -> 0x3333
[2070] [M]: 0x800117E4 (0x33333537) lui a0, 209715
x10 <- 0x33333000


mem[X,0x800117E8] -> 0x0513
mem[X,0x800117EA] -> 0x3335
[2071] [M]: 0x800117E8 (0x33350513) addi a0, a0, 819
x10 <- 0x33333333


mem[X,0x800117EC] -> 0x65B7
mem[X,0x800117EE] -> 0x6666
[2072] [M]: 0x800117EC (0x666665B7) lui a1, 419430
x11 <- 0x66666000


mem[X,0x800117F0] -> 0x8593
mem[X,0x800117F2] -> 0x6675
[2073] [M]: 0x800117F0 (0x66758593) addi a1, a1, 1639
x11 <- 0x66666667


mem[X,0x800117F4] -> 0x0213
mem[X,0x800117F6] -> 0x0000
[2074] [M]: 0x800117F4 (0x00000213) addi tp, zero, 0
x4 <- 0x00000000


mem[X,0x800117F8] -> 0x006F
mem[X,0x800117FA] -> 0x00C0
[2075] [M]: 0x800117F8 (0x00C0006F) jal zero, 12


mem[X,0x80011804] -> 0x6663
mem[X,0x80011806] -> 0x00B5
[2076] [M]: 0x80011804 (0x00B56663) bltu a0, a1, 12


mem[X,0x80011810] -> 0x0213
mem[X,0x80011812] -> 0x0032
[2077] [M]: 0x80011810 (0x00320213) addi tp, tp, 3
x4 <- 0x00000003


mem[X,0x80011814] -> 0x006F
mem[X,0x80011816] -> 0x0040
[2078] [M]: 0x80011814 (0x0040006F) jal zero, 4


mem[X,0x80011818] -> 0xAC23
mem[X,0x8001181A] -> 0x3040
[2079] [M]: 0x80011818 (0x3040AC23) sw tp, 792(ra)
mem[0x8004B58C] <- 0x00000003


mem[X,0x8001181C] -> 0x3537
mem[X,0x8001181E] -> 0x3333
[2080] [M]: 0x8001181C (0x33333537) lui a0, 209715
x10 <- 0x33333000


mem[X,0x80011820] -> 0x0513
mem[X,0x80011822] -> 0x3335
[2081] [M]: 0x80011820 (0x33350513) addi a0, a0, 819
x10 <- 0x33333333


mem[X,0x80011824] -> 0xB5B7
mem[X,0x80011826] -> 0x0000
[2082] [M]: 0x80011824 (0x0000B5B7) lui a1, 11
x11 <- 0x0000B000


mem[X,0x80011828] -> 0x8593
mem[X,0x8001182A] -> 0x5055
[2083] [M]: 0x80011828 (0x50558593) addi a1, a1, 1285
x11 <- 0x0000B505


mem[X,0x8001182C] -> 0x0213
mem[X,0x8001182E] -> 0x0000
[2084] [M]: 0x8001182C (0x00000213) addi tp, zero, 0
x4 <- 0x00000000


mem[X,0x80011830] -> 0x006F
mem[X,0x80011832] -> 0x0140
[2085] [M]: 0x80011830 (0x0140006F) jal zero, 20


mem[X,0x80011844] -> 0x68E3
mem[X,0x80011846] -> 0xFEB5
[2086] [M]: 0x80011844 (0xFEB568E3) bltu a0, a1, 8176


mem[X,0x80011848] -> 0x0213
mem[X,0x8001184A] -> 0x0022
[2087] [M]: 0x80011848 (0x00220213) addi tp, tp, 2
x4 <- 0x00000002


mem[X,0x8001184C] -> 0x006F
mem[X,0x8001184E] -> 0x00C0
[2088] [M]: 0x8001184C (0x00C0006F) jal zero, 12


mem[X,0x80011858] -> 0xAE23
mem[X,0x8001185A] -> 0x3040
[2089] [M]: 0x80011858 (0x3040AE23) sw tp, 796(ra)
mem[0x8004B590] <- 0x00000002


mem[X,0x8001185C] -> 0x3537
mem[X,0x8001185E] -> 0x3333
[2090] [M]: 0x8001185C (0x33333537) lui a0, 209715
x10 <- 0x33333000


mem[X,0x80011860] -> 0x0513
mem[X,0x80011862] -> 0x3335
[2091] [M]: 0x80011860 (0x33350513) addi a0, a0, 819
x10 <- 0x33333333


mem[X,0x80011864] -> 0x0593
mem[X,0x80011866] -> 0x0010
[2092] [M]: 0x80011864 (0x00100593) addi a1, zero, 1
x11 <- 0x00000001


mem[X,0x80011868] -> 0x0213
mem[X,0x8001186A] -> 0x0000
[2093] [M]: 0x80011868 (0x00000213) addi tp, zero, 0
x4 <- 0x00000000


mem[X,0x8001186C] -> 0x006F
mem[X,0x8001186E] -> 0x00C0
[2094] [M]: 0x8001186C (0x00C0006F) jal zero, 12


mem[X,0x80011878] -> 0x6CE3
mem[X,0x8001187A] -> 0xFEB5
[2095] [M]: 0x80011878 (0xFEB56CE3) bltu a0, a1, 8184


mem[X,0x8001187C] -> 0x0213
mem[X,0x8001187E] -> 0x0022
[2096] [M]: 0x8001187C (0x00220213) addi tp, tp, 2
x4 <- 0x00000002


mem[X,0x80011880] -> 0x006F
mem[X,0x80011882] -> 0x00C0
[2097] [M]: 0x80011880 (0x00C0006F) jal zero, 12


mem[X,0x8001188C] -> 0xA023
mem[X,0x8001188E] -> 0x3240
[2098] [M]: 0x8001188C (0x3240A023) sw tp, 800(ra)
mem[0x8004B594] <- 0x00000002


mem[X,0x80011890] -> 0x3537
mem[X,0x80011892] -> 0x3333
[2099] [M]: 0x80011890 (0x33333537) lui a0, 209715
x10 <- 0x33333000


clint::tick mtime <- 0x0000000000000015
 clint timer pending at mtime 0x0000000000000015
htif::tick 0x0000000000000000
mem[X,0x80011894] -> 0x0513
mem[X,0x80011896] -> 0x3335
[2100] [M]: 0x80011894 (0x33350513) addi a0, a0, 819
x10 <- 0x33333333


mem[X,0x80011898] -> 0x05B7
mem[X,0x8001189A] -> 0x0001
[2101] [M]: 0x80011898 (0x000105B7) lui a1, 16
x11 <- 0x00010000


mem[X,0x8001189C] -> 0x0213
mem[X,0x8001189E] -> 0x0000
[2102] [M]: 0x8001189C (0x00000213) addi tp, zero, 0
x4 <- 0x00000000


mem[X,0x800118A0] -> 0x006F
mem[X,0x800118A2] -> 0x0140
[2103] [M]: 0x800118A0 (0x0140006F) jal zero, 20


mem[X,0x800118B4] -> 0x68E3
mem[X,0x800118B6] -> 0xFEB5
[2104] [M]: 0x800118B4 (0xFEB568E3) bltu a0, a1, 8176


mem[X,0x800118B8] -> 0x0213
mem[X,0x800118BA] -> 0x0022
[2105] [M]: 0x800118B8 (0x00220213) addi tp, tp, 2
x4 <- 0x00000002


mem[X,0x800118BC] -> 0x006F
mem[X,0x800118BE] -> 0x00C0
[2106] [M]: 0x800118BC (0x00C0006F) jal zero, 12


mem[X,0x800118C8] -> 0xA223
mem[X,0x800118CA] -> 0x3240
[2107] [M]: 0x800118C8 (0x3240A223) sw tp, 804(ra)
mem[0x8004B598] <- 0x00000002


mem[X,0x800118CC] -> 0x6537
mem[X,0x800118CE] -> 0x6666
[2108] [M]: 0x800118CC (0x66666537) lui a0, 419430
x10 <- 0x66666000


mem[X,0x800118D0] -> 0x0513
mem[X,0x800118D2] -> 0x6665
[2109] [M]: 0x800118D0 (0x66650513) addi a0, a0, 1638
x10 <- 0x66666666


mem[X,0x800118D4] -> 0x0593
mem[X,0x800118D6] -> 0x0030
[2110] [M]: 0x800118D4 (0x00300593) addi a1, zero, 3
x11 <- 0x00000003


mem[X,0x800118D8] -> 0x0213
mem[X,0x800118DA] -> 0x0000
[2111] [M]: 0x800118D8 (0x00000213) addi tp, zero, 0
x4 <- 0x00000000


mem[X,0x800118DC] -> 0x006F
mem[X,0x800118DE] -> 0x00C0
[2112] [M]: 0x800118DC (0x00C0006F) jal zero, 12


mem[X,0x800118E8] -> 0x6CE3
mem[X,0x800118EA] -> 0xFEB5
[2113] [M]: 0x800118E8 (0xFEB56CE3) bltu a0, a1, 8184


mem[X,0x800118EC] -> 0x0213
mem[X,0x800118EE] -> 0x0022
[2114] [M]: 0x800118EC (0x00220213) addi tp, tp, 2
x4 <- 0x00000002


mem[X,0x800118F0] -> 0x006F
mem[X,0x800118F2] -> 0x00C0
[2115] [M]: 0x800118F0 (0x00C0006F) jal zero, 12


mem[X,0x800118FC] -> 0xA423
mem[X,0x800118FE] -> 0x3240
[2116] [M]: 0x800118FC (0x3240A423) sw tp, 808(ra)
mem[0x8004B59C] <- 0x00000002


mem[X,0x80011900] -> 0x6537
mem[X,0x80011902] -> 0x6666
[2117] [M]: 0x80011900 (0x66666537) lui a0, 419430
x10 <- 0x66666000


mem[X,0x80011904] -> 0x0513
mem[X,0x80011906] -> 0x6665
[2118] [M]: 0x80011904 (0x66650513) addi a0, a0, 1638
x10 <- 0x66666666


mem[X,0x80011908] -> 0x55B7
mem[X,0x8001190A] -> 0x5555
[2119] [M]: 0x80011908 (0x555555B7) lui a1, 349525
x11 <- 0x55555000


mem[X,0x8001190C] -> 0x8593
mem[X,0x8001190E] -> 0x5555
[2120] [M]: 0x8001190C (0x55558593) addi a1, a1, 1365
x11 <- 0x55555555


mem[X,0x80011910] -> 0x0213
mem[X,0x80011912] -> 0x0000
[2121] [M]: 0x80011910 (0x00000213) addi tp, zero, 0
x4 <- 0x00000000


mem[X,0x80011914] -> 0x006F
mem[X,0x80011916] -> 0x0100
[2122] [M]: 0x80011914 (0x0100006F) jal zero, 16


mem[X,0x80011924] -> 0x6AE3
mem[X,0x80011926] -> 0xFEB5
[2123] [M]: 0x80011924 (0xFEB56AE3) bltu a0, a1, 8180


mem[X,0x80011928] -> 0x0213
mem[X,0x8001192A] -> 0x0022
[2124] [M]: 0x80011928 (0x00220213) addi tp, tp, 2
x4 <- 0x00000002


mem[X,0x8001192C] -> 0x006F
mem[X,0x8001192E] -> 0x00C0
[2125] [M]: 0x8001192C (0x00C0006F) jal zero, 12


mem[X,0x80011938] -> 0xA623
mem[X,0x8001193A] -> 0x3240
[2126] [M]: 0x80011938 (0x3240A623) sw tp, 812(ra)
mem[0x8004B5A0] <- 0x00000002


mem[X,0x8001193C] -> 0x6537
mem[X,0x8001193E] -> 0x6666
[2127] [M]: 0x8001193C (0x66666537) lui a0, 419430
x10 <- 0x66666000


mem[X,0x80011940] -> 0x0513
mem[X,0x80011942] -> 0x6665
[2128] [M]: 0x80011940 (0x66650513) addi a0, a0, 1638
x10 <- 0x66666666


mem[X,0x80011944] -> 0xB5B7
mem[X,0x80011946] -> 0xAAAA
[2129] [M]: 0x80011944 (0xAAAAB5B7) lui a1, 699051
x11 <- 0xAAAAB000


mem[X,0x80011948] -> 0x8593
mem[X,0x8001194A] -> 0xAAA5
[2130] [M]: 0x80011948 (0xAAA58593) addi a1, a1, 2730
x11 <- 0xAAAAAAAA


mem[X,0x8001194C] -> 0x0213
mem[X,0x8001194E] -> 0x0000
[2131] [M]: 0x8001194C (0x00000213) addi tp, zero, 0
x4 <- 0x00000000


mem[X,0x80011950] -> 0x006F
mem[X,0x80011952] -> 0x0140
[2132] [M]: 0x80011950 (0x0140006F) jal zero, 20


mem[X,0x80011964] -> 0x68E3
mem[X,0x80011966] -> 0xFEB5
[2133] [M]: 0x80011964 (0xFEB568E3) bltu a0, a1, 8176


mem[X,0x80011954] -> 0x0213
mem[X,0x80011956] -> 0x0012
[2134] [M]: 0x80011954 (0x00120213) addi tp, tp, 1
x4 <- 0x00000001


mem[X,0x80011958] -> 0x006F
mem[X,0x8001195A] -> 0x0200
[2135] [M]: 0x80011958 (0x0200006F) jal zero, 32


mem[X,0x80011978] -> 0xA823
mem[X,0x8001197A] -> 0x3240
[2136] [M]: 0x80011978 (0x3240A823) sw tp, 816(ra)
mem[0x8004B5A4] <- 0x00000001


mem[X,0x8001197C] -> 0x6537
mem[X,0x8001197E] -> 0x6666
[2137] [M]: 0x8001197C (0x66666537) lui a0, 419430
x10 <- 0x66666000


mem[X,0x80011980] -> 0x0513
mem[X,0x80011982] -> 0x6665
[2138] [M]: 0x80011980 (0x66650513) addi a0, a0, 1638
x10 <- 0x66666666


mem[X,0x80011984] -> 0x0593
mem[X,0x80011986] -> 0x0050
[2139] [M]: 0x80011984 (0x00500593) addi a1, zero, 5
x11 <- 0x00000005


mem[X,0x80011988] -> 0x0213
mem[X,0x8001198A] -> 0x0000
[2140] [M]: 0x80011988 (0x00000213) addi tp, zero, 0
x4 <- 0x00000000


mem[X,0x8001198C] -> 0x006F
mem[X,0x8001198E] -> 0x00C0
[2141] [M]: 0x8001198C (0x00C0006F) jal zero, 12


mem[X,0x80011998] -> 0x6CE3
mem[X,0x8001199A] -> 0xFEB5
[2142] [M]: 0x80011998 (0xFEB56CE3) bltu a0, a1, 8184


mem[X,0x8001199C] -> 0x0213
mem[X,0x8001199E] -> 0x0022
[2143] [M]: 0x8001199C (0x00220213) addi tp, tp, 2
x4 <- 0x00000002


mem[X,0x800119A0] -> 0x006F
mem[X,0x800119A2] -> 0x00C0
[2144] [M]: 0x800119A0 (0x00C0006F) jal zero, 12


mem[X,0x800119AC] -> 0xAA23
mem[X,0x800119AE] -> 0x3240
[2145] [M]: 0x800119AC (0x3240AA23) sw tp, 820(ra)
mem[0x8004B5A8] <- 0x00000002


mem[X,0x800119B0] -> 0x6537
mem[X,0x800119B2] -> 0x6666
[2146] [M]: 0x800119B0 (0x66666537) lui a0, 419430
x10 <- 0x66666000


mem[X,0x800119B4] -> 0x0513
mem[X,0x800119B6] -> 0x6665
[2147] [M]: 0x800119B4 (0x66650513) addi a0, a0, 1638
x10 <- 0x66666666


mem[X,0x800119B8] -> 0x35B7
mem[X,0x800119BA] -> 0x3333
[2148] [M]: 0x800119B8 (0x333335B7) lui a1, 209715
x11 <- 0x33333000


mem[X,0x800119BC] -> 0x8593
mem[X,0x800119BE] -> 0x3335
[2149] [M]: 0x800119BC (0x33358593) addi a1, a1, 819
x11 <- 0x33333333


mem[X,0x800119C0] -> 0x0213
mem[X,0x800119C2] -> 0x0000
[2150] [M]: 0x800119C0 (0x00000213) addi tp, zero, 0
x4 <- 0x00000000


mem[X,0x800119C4] -> 0x006F
mem[X,0x800119C6] -> 0x00C0
[2151] [M]: 0x800119C4 (0x00C0006F) jal zero, 12


mem[X,0x800119D0] -> 0x6063
mem[X,0x800119D2] -> 0x08B5
[2152] [M]: 0x800119D0 (0x08B56063) bltu a0, a1, 128


mem[X,0x800119D4] -> 0x0213
mem[X,0x800119D6] -> 0x0022
[2153] [M]: 0x800119D4 (0x00220213) addi tp, tp, 2
x4 <- 0x00000002


mem[X,0x800119D8] -> 0x006F
mem[X,0x800119DA] -> 0x0800
[2154] [M]: 0x800119D8 (0x0800006F) jal zero, 128


mem[X,0x80011A58] -> 0xAC23
mem[X,0x80011A5A] -> 0x3240
[2155] [M]: 0x80011A58 (0x3240AC23) sw tp, 824(ra)
mem[0x8004B5AC] <- 0x00000002


mem[X,0x80011A5C] -> 0x6537
mem[X,0x80011A5E] -> 0x6666
[2156] [M]: 0x80011A5C (0x66666537) lui a0, 419430
x10 <- 0x66666000


mem[X,0x80011A60] -> 0x0513
mem[X,0x80011A62] -> 0x6665
[2157] [M]: 0x80011A60 (0x66650513) addi a0, a0, 1638
x10 <- 0x66666666


mem[X,0x80011A64] -> 0x65B7
mem[X,0x80011A66] -> 0x6666
[2158] [M]: 0x80011A64 (0x666665B7) lui a1, 419430
x11 <- 0x66666000


mem[X,0x80011A68] -> 0x8593
mem[X,0x80011A6A] -> 0x6665
[2159] [M]: 0x80011A68 (0x66658593) addi a1, a1, 1638
x11 <- 0x66666666


mem[X,0x80011A6C] -> 0x0213
mem[X,0x80011A6E] -> 0x0000
[2160] [M]: 0x80011A6C (0x00000213) addi tp, zero, 0
x4 <- 0x00000000


mem[X,0x80011A70] -> 0x006F
mem[X,0x80011A72] -> 0x00C0
[2161] [M]: 0x80011A70 (0x00C0006F) jal zero, 12


mem[X,0x80011A7C] -> 0x6063
mem[X,0x80011A7E] -> 0x04B5
[2162] [M]: 0x80011A7C (0x04B56063) bltu a0, a1, 64


mem[X,0x80011A80] -> 0x0213
mem[X,0x80011A82] -> 0x0022
[2163] [M]: 0x80011A80 (0x00220213) addi tp, tp, 2
x4 <- 0x00000002


mem[X,0x80011A84] -> 0x006F
mem[X,0x80011A86] -> 0x0400
[2164] [M]: 0x80011A84 (0x0400006F) jal zero, 64


mem[X,0x80011AC4] -> 0xAE23
mem[X,0x80011AC6] -> 0x3240
[2165] [M]: 0x80011AC4 (0x3240AE23) sw tp, 828(ra)
mem[0x8004B5B0] <- 0x00000002


mem[X,0x80011AC8] -> 0x6537
mem[X,0x80011ACA] -> 0x6666
[2166] [M]: 0x80011AC8 (0x66666537) lui a0, 419430
x10 <- 0x66666000


mem[X,0x80011ACC] -> 0x0513
mem[X,0x80011ACE] -> 0x6665
[2167] [M]: 0x80011ACC (0x66650513) addi a0, a0, 1638
x10 <- 0x66666666


mem[X,0x80011AD0] -> 0xB5B7
mem[X,0x80011AD2] -> 0x0000
[2168] [M]: 0x80011AD0 (0x0000B5B7) lui a1, 11
x11 <- 0x0000B000


mem[X,0x80011AD4] -> 0x8593
mem[X,0x80011AD6] -> 0x5045
[2169] [M]: 0x80011AD4 (0x50458593) addi a1, a1, 1284
x11 <- 0x0000B504


mem[X,0x80011AD8] -> 0x0213
mem[X,0x80011ADA] -> 0x0000
[2170] [M]: 0x80011AD8 (0x00000213) addi tp, zero, 0
x4 <- 0x00000000


mem[X,0x80011ADC] -> 0x006F
mem[X,0x80011ADE] -> 0x00C0
[2171] [M]: 0x80011ADC (0x00C0006F) jal zero, 12


mem[X,0x80011AE8] -> 0x6063
mem[X,0x80011AEA] -> 0x04B5
[2172] [M]: 0x80011AE8 (0x04B56063) bltu a0, a1, 64


mem[X,0x80011AEC] -> 0x0213
mem[X,0x80011AEE] -> 0x0022
[2173] [M]: 0x80011AEC (0x00220213) addi tp, tp, 2
x4 <- 0x00000002


mem[X,0x80011AF0] -> 0x006F
mem[X,0x80011AF2] -> 0x0400
[2174] [M]: 0x80011AF0 (0x0400006F) jal zero, 64


mem[X,0x80011B30] -> 0xA023
mem[X,0x80011B32] -> 0x3440
[2175] [M]: 0x80011B30 (0x3440A023) sw tp, 832(ra)
mem[0x8004B5B4] <- 0x00000002


mem[X,0x80011B34] -> 0x6537
mem[X,0x80011B36] -> 0x6666
[2176] [M]: 0x80011B34 (0x66666537) lui a0, 419430
x10 <- 0x66666000


mem[X,0x80011B38] -> 0x0513
mem[X,0x80011B3A] -> 0x6665
[2177] [M]: 0x80011B38 (0x66650513) addi a0, a0, 1638
x10 <- 0x66666666


mem[X,0x80011B3C] -> 0x0593
mem[X,0x80011B3E] -> 0x0000
[2178] [M]: 0x80011B3C (0x00000593) addi a1, zero, 0
x11 <- 0x00000000


mem[X,0x80011B40] -> 0x0213
mem[X,0x80011B42] -> 0x0000
[2179] [M]: 0x80011B40 (0x00000213) addi tp, zero, 0
x4 <- 0x00000000


mem[X,0x80011B44] -> 0x006F
mem[X,0x80011B46] -> 0x00C0
[2180] [M]: 0x80011B44 (0x00C0006F) jal zero, 12


mem[X,0x80011B50] -> 0x6663
mem[X,0x80011B52] -> 0x00B5
[2181] [M]: 0x80011B50 (0x00B56663) bltu a0, a1, 12


mem[X,0x80011B54] -> 0x0213
mem[X,0x80011B56] -> 0x0022
[2182] [M]: 0x80011B54 (0x00220213) addi tp, tp, 2
x4 <- 0x00000002


mem[X,0x80011B58] -> 0x006F
mem[X,0x80011B5A] -> 0x00C0
[2183] [M]: 0x80011B58 (0x00C0006F) jal zero, 12


mem[X,0x80011B64] -> 0xA223
mem[X,0x80011B66] -> 0x3440
[2184] [M]: 0x80011B64 (0x3440A223) sw tp, 836(ra)
mem[0x8004B5B8] <- 0x00000002


mem[X,0x80011B68] -> 0x6537
mem[X,0x80011B6A] -> 0x6666
[2185] [M]: 0x80011B68 (0x66666537) lui a0, 419430
x10 <- 0x66666000


mem[X,0x80011B6C] -> 0x0513
mem[X,0x80011B6E] -> 0x6665
[2186] [M]: 0x80011B6C (0x66650513) addi a0, a0, 1638
x10 <- 0x66666666


mem[X,0x80011B70] -> 0x05B7
mem[X,0x80011B72] -> 0x0001
[2187] [M]: 0x80011B70 (0x000105B7) lui a1, 16
x11 <- 0x00010000


mem[X,0x80011B74] -> 0x8593
mem[X,0x80011B76] -> 0xFFF5
[2188] [M]: 0x80011B74 (0xFFF58593) addi a1, a1, 4095
x11 <- 0x0000FFFF


mem[X,0x80011B78] -> 0x0213
mem[X,0x80011B7A] -> 0x0000
[2189] [M]: 0x80011B78 (0x00000213) addi tp, zero, 0
x4 <- 0x00000000


mem[X,0x80011B7C] -> 0x006F
mem[X,0x80011B7E] -> 0x00C0
[2190] [M]: 0x80011B7C (0x00C0006F) jal zero, 12


mem[X,0x80011B88] -> 0x6CE3
mem[X,0x80011B8A] -> 0xFEB5
[2191] [M]: 0x80011B88 (0xFEB56CE3) bltu a0, a1, 8184


mem[X,0x80011B8C] -> 0x0213
mem[X,0x80011B8E] -> 0x0022
[2192] [M]: 0x80011B8C (0x00220213) addi tp, tp, 2
x4 <- 0x00000002


mem[X,0x80011B90] -> 0x006F
mem[X,0x80011B92] -> 0x00C0
[2193] [M]: 0x80011B90 (0x00C0006F) jal zero, 12


mem[X,0x80011B9C] -> 0xA423
mem[X,0x80011B9E] -> 0x3440
[2194] [M]: 0x80011B9C (0x3440A423) sw tp, 840(ra)
mem[0x8004B5BC] <- 0x00000002


mem[X,0x80011BA0] -> 0x6537
mem[X,0x80011BA2] -> 0x6666
[2195] [M]: 0x80011BA0 (0x66666537) lui a0, 419430
x10 <- 0x66666000


mem[X,0x80011BA4] -> 0x0513
mem[X,0x80011BA6] -> 0x6665
[2196] [M]: 0x80011BA4 (0x66650513) addi a0, a0, 1638
x10 <- 0x66666666


mem[X,0x80011BA8] -> 0x0593
mem[X,0x80011BAA] -> 0x0020
[2197] [M]: 0x80011BA8 (0x00200593) addi a1, zero, 2
x11 <- 0x00000002


mem[X,0x80011BAC] -> 0x0213
mem[X,0x80011BAE] -> 0x0000
[2198] [M]: 0x80011BAC (0x00000213) addi tp, zero, 0
x4 <- 0x00000000


mem[X,0x80011BB0] -> 0x006F
mem[X,0x80011BB2] -> 0x00C0
[2199] [M]: 0x80011BB0 (0x00C0006F) jal zero, 12


clint::tick mtime <- 0x0000000000000016
 clint timer pending at mtime 0x0000000000000016
htif::tick 0x0000000000000000
mem[X,0x80011BBC] -> 0x6663
mem[X,0x80011BBE] -> 0x00B5
[2200] [M]: 0x80011BBC (0x00B56663) bltu a0, a1, 12


mem[X,0x80011BC0] -> 0x0213
mem[X,0x80011BC2] -> 0x0022
[2201] [M]: 0x80011BC0 (0x00220213) addi tp, tp, 2
x4 <- 0x00000002


mem[X,0x80011BC4] -> 0x006F
mem[X,0x80011BC6] -> 0x00C0
[2202] [M]: 0x80011BC4 (0x00C0006F) jal zero, 12


mem[X,0x80011BD0] -> 0xA623
mem[X,0x80011BD2] -> 0x3440
[2203] [M]: 0x80011BD0 (0x3440A623) sw tp, 844(ra)
mem[0x8004B5C0] <- 0x00000002


mem[X,0x80011BD4] -> 0x6537
mem[X,0x80011BD6] -> 0x6666
[2204] [M]: 0x80011BD4 (0x66666537) lui a0, 419430
x10 <- 0x66666000


mem[X,0x80011BD8] -> 0x0513
mem[X,0x80011BDA] -> 0x6665
[2205] [M]: 0x80011BD8 (0x66650513) addi a0, a0, 1638
x10 <- 0x66666666


mem[X,0x80011BDC] -> 0x55B7
mem[X,0x80011BDE] -> 0x5555
[2206] [M]: 0x80011BDC (0x555555B7) lui a1, 349525
x11 <- 0x55555000


mem[X,0x80011BE0] -> 0x8593
mem[X,0x80011BE2] -> 0x5545
[2207] [M]: 0x80011BE0 (0x55458593) addi a1, a1, 1364
x11 <- 0x55555554


mem[X,0x80011BE4] -> 0x0213
mem[X,0x80011BE6] -> 0x0000
[2208] [M]: 0x80011BE4 (0x00000213) addi tp, zero, 0
x4 <- 0x00000000


mem[X,0x80011BE8] -> 0x006F
mem[X,0x80011BEA] -> 0x00C0
[2209] [M]: 0x80011BE8 (0x00C0006F) jal zero, 12


mem[X,0x80011BF4] -> 0x6663
mem[X,0x80011BF6] -> 0x00B5
[2210] [M]: 0x80011BF4 (0x00B56663) bltu a0, a1, 12


mem[X,0x80011BF8] -> 0x0213
mem[X,0x80011BFA] -> 0x0022
[2211] [M]: 0x80011BF8 (0x00220213) addi tp, tp, 2
x4 <- 0x00000002


mem[X,0x80011BFC] -> 0x006F
mem[X,0x80011BFE] -> 0x00C0
[2212] [M]: 0x80011BFC (0x00C0006F) jal zero, 12


mem[X,0x80011C08] -> 0xA823
mem[X,0x80011C0A] -> 0x3440
[2213] [M]: 0x80011C08 (0x3440A823) sw tp, 848(ra)
mem[0x8004B5C4] <- 0x00000002


mem[X,0x80011C0C] -> 0x6537
mem[X,0x80011C0E] -> 0x6666
[2214] [M]: 0x80011C0C (0x66666537) lui a0, 419430
x10 <- 0x66666000


mem[X,0x80011C10] -> 0x0513
mem[X,0x80011C12] -> 0x6665
[2215] [M]: 0x80011C10 (0x66650513) addi a0, a0, 1638
x10 <- 0x66666666


mem[X,0x80011C14] -> 0xB5B7
mem[X,0x80011C16] -> 0xAAAA
[2216] [M]: 0x80011C14 (0xAAAAB5B7) lui a1, 699051
x11 <- 0xAAAAB000


mem[X,0x80011C18] -> 0x8593
mem[X,0x80011C1A] -> 0xAA95
[2217] [M]: 0x80011C18 (0xAA958593) addi a1, a1, 2729
x11 <- 0xAAAAAAA9


mem[X,0x80011C1C] -> 0x0213
mem[X,0x80011C1E] -> 0x0000
[2218] [M]: 0x80011C1C (0x00000213) addi tp, zero, 0
x4 <- 0x00000000


mem[X,0x80011C20] -> 0x006F
mem[X,0x80011C22] -> 0x0100
[2219] [M]: 0x80011C20 (0x0100006F) jal zero, 16


mem[X,0x80011C30] -> 0x6AE3
mem[X,0x80011C32] -> 0xFEB5
[2220] [M]: 0x80011C30 (0xFEB56AE3) bltu a0, a1, 8180


mem[X,0x80011C24] -> 0x0213
mem[X,0x80011C26] -> 0x0012
[2221] [M]: 0x80011C24 (0x00120213) addi tp, tp, 1
x4 <- 0x00000001


mem[X,0x80011C28] -> 0x006F
mem[X,0x80011C2A] -> 0x01C0
[2222] [M]: 0x80011C28 (0x01C0006F) jal zero, 28


mem[X,0x80011C44] -> 0xAA23
mem[X,0x80011C46] -> 0x3440
[2223] [M]: 0x80011C44 (0x3440AA23) sw tp, 852(ra)
mem[0x8004B5C8] <- 0x00000001


mem[X,0x80011C48] -> 0x6537
mem[X,0x80011C4A] -> 0x6666
[2224] [M]: 0x80011C48 (0x66666537) lui a0, 419430
x10 <- 0x66666000


mem[X,0x80011C4C] -> 0x0513
mem[X,0x80011C4E] -> 0x6665
[2225] [M]: 0x80011C4C (0x66650513) addi a0, a0, 1638
x10 <- 0x66666666


mem[X,0x80011C50] -> 0x0593
mem[X,0x80011C52] -> 0x0040
[2226] [M]: 0x80011C50 (0x00400593) addi a1, zero, 4
x11 <- 0x00000004


mem[X,0x80011C54] -> 0x0213
mem[X,0x80011C56] -> 0x0000
[2227] [M]: 0x80011C54 (0x00000213) addi tp, zero, 0
x4 <- 0x00000000


mem[X,0x80011C58] -> 0x006F
mem[X,0x80011C5A] -> 0x00C0
[2228] [M]: 0x80011C58 (0x00C0006F) jal zero, 12


mem[X,0x80011C64] -> 0x6663
mem[X,0x80011C66] -> 0x00B5
[2229] [M]: 0x80011C64 (0x00B56663) bltu a0, a1, 12


mem[X,0x80011C68] -> 0x0213
mem[X,0x80011C6A] -> 0x0022
[2230] [M]: 0x80011C68 (0x00220213) addi tp, tp, 2
x4 <- 0x00000002


mem[X,0x80011C6C] -> 0x006F
mem[X,0x80011C6E] -> 0x00C0
[2231] [M]: 0x80011C6C (0x00C0006F) jal zero, 12


mem[X,0x80011C78] -> 0xAC23
mem[X,0x80011C7A] -> 0x3440
[2232] [M]: 0x80011C78 (0x3440AC23) sw tp, 856(ra)
mem[0x8004B5CC] <- 0x00000002


mem[X,0x80011C7C] -> 0x6537
mem[X,0x80011C7E] -> 0x6666
[2233] [M]: 0x80011C7C (0x66666537) lui a0, 419430
x10 <- 0x66666000


mem[X,0x80011C80] -> 0x0513
mem[X,0x80011C82] -> 0x6665
[2234] [M]: 0x80011C80 (0x66650513) addi a0, a0, 1638
x10 <- 0x66666666


mem[X,0x80011C84] -> 0x35B7
mem[X,0x80011C86] -> 0x3333
[2235] [M]: 0x80011C84 (0x333335B7) lui a1, 209715
x11 <- 0x33333000


mem[X,0x80011C88] -> 0x8593
mem[X,0x80011C8A] -> 0x3325
[2236] [M]: 0x80011C88 (0x33258593) addi a1, a1, 818
x11 <- 0x33333332


mem[X,0x80011C8C] -> 0x0213
mem[X,0x80011C8E] -> 0x0000
[2237] [M]: 0x80011C8C (0x00000213) addi tp, zero, 0
x4 <- 0x00000000


mem[X,0x80011C90] -> 0x006F
mem[X,0x80011C92] -> 0x00C0
[2238] [M]: 0x80011C90 (0x00C0006F) jal zero, 12


mem[X,0x80011C9C] -> 0x6063
mem[X,0x80011C9E] -> 0x40B5
[2239] [M]: 0x80011C9C (0x40B56063) bltu a0, a1, 1024


mem[X,0x80011CA0] -> 0x0213
mem[X,0x80011CA2] -> 0x0022
[2240] [M]: 0x80011CA0 (0x00220213) addi tp, tp, 2
x4 <- 0x00000002


mem[X,0x80011CA4] -> 0x006F
mem[X,0x80011CA6] -> 0x4000
[2241] [M]: 0x80011CA4 (0x4000006F) jal zero, 1024


mem[X,0x800120A4] -> 0xAE23
mem[X,0x800120A6] -> 0x3440
[2242] [M]: 0x800120A4 (0x3440AE23) sw tp, 860(ra)
mem[0x8004B5D0] <- 0x00000002


mem[X,0x800120A8] -> 0x6537
mem[X,0x800120AA] -> 0x6666
[2243] [M]: 0x800120A8 (0x66666537) lui a0, 419430
x10 <- 0x66666000


mem[X,0x800120AC] -> 0x0513
mem[X,0x800120AE] -> 0x6665
[2244] [M]: 0x800120AC (0x66650513) addi a0, a0, 1638
x10 <- 0x66666666


mem[X,0x800120B0] -> 0x65B7
mem[X,0x800120B2] -> 0x6666
[2245] [M]: 0x800120B0 (0x666665B7) lui a1, 419430
x11 <- 0x66666000


mem[X,0x800120B4] -> 0x8593
mem[X,0x800120B6] -> 0x6655
[2246] [M]: 0x800120B4 (0x66558593) addi a1, a1, 1637
x11 <- 0x66666665


mem[X,0x800120B8] -> 0x0213
mem[X,0x800120BA] -> 0x0000
[2247] [M]: 0x800120B8 (0x00000213) addi tp, zero, 0
x4 <- 0x00000000


mem[X,0x800120BC] -> 0x006F
mem[X,0x800120BE] -> 0x0050
[2248] [M]: 0x800120BC (0x0050006F) jal zero, 2052


mem[X,0x800128C0] -> 0x60E3
mem[X,0x800128C2] -> 0x80B5
[2249] [M]: 0x800128C0 (0x80B560E3) bltu a0, a1, 6144


mem[X,0x800128C4] -> 0x0213
mem[X,0x800128C6] -> 0x0022
[2250] [M]: 0x800128C4 (0x00220213) addi tp, tp, 2
x4 <- 0x00000002


mem[X,0x800128C8] -> 0x006F
mem[X,0x800128CA] -> 0x00C0
[2251] [M]: 0x800128C8 (0x00C0006F) jal zero, 12


mem[X,0x800128D4] -> 0xA023
mem[X,0x800128D6] -> 0x3640
[2252] [M]: 0x800128D4 (0x3640A023) sw tp, 864(ra)
mem[0x8004B5D4] <- 0x00000002


mem[X,0x800128D8] -> 0x6537
mem[X,0x800128DA] -> 0x6666
[2253] [M]: 0x800128D8 (0x66666537) lui a0, 419430
x10 <- 0x66666000


mem[X,0x800128DC] -> 0x0513
mem[X,0x800128DE] -> 0x6665
[2254] [M]: 0x800128DC (0x66650513) addi a0, a0, 1638
x10 <- 0x66666666


mem[X,0x800128E0] -> 0xB5B7
mem[X,0x800128E2] -> 0x0000
[2255] [M]: 0x800128E0 (0x0000B5B7) lui a1, 11
x11 <- 0x0000B000


mem[X,0x800128E4] -> 0x8593
mem[X,0x800128E6] -> 0x5035
[2256] [M]: 0x800128E4 (0x50358593) addi a1, a1, 1283
x11 <- 0x0000B503


mem[X,0x800128E8] -> 0x0213
mem[X,0x800128EA] -> 0x0000
[2257] [M]: 0x800128E8 (0x00000213) addi tp, zero, 0
x4 <- 0x00000000


mem[X,0x800128EC] -> 0x006F
mem[X,0x800128EE] -> 0x00C0
[2258] [M]: 0x800128EC (0x00C0006F) jal zero, 12


mem[X,0x800128F8] -> 0x6663
mem[X,0x800128FA] -> 0x00B5
[2259] [M]: 0x800128F8 (0x00B56663) bltu a0, a1, 12


mem[X,0x800128FC] -> 0x0213
mem[X,0x800128FE] -> 0x0022
[2260] [M]: 0x800128FC (0x00220213) addi tp, tp, 2
x4 <- 0x00000002


mem[X,0x80012900] -> 0x006F
mem[X,0x80012902] -> 0x00C0
[2261] [M]: 0x80012900 (0x00C0006F) jal zero, 12


mem[X,0x8001290C] -> 0xA223
mem[X,0x8001290E] -> 0x3640
[2262] [M]: 0x8001290C (0x3640A223) sw tp, 868(ra)
mem[0x8004B5D8] <- 0x00000002


mem[X,0x80012910] -> 0x6537
mem[X,0x80012912] -> 0x6666
[2263] [M]: 0x80012910 (0x66666537) lui a0, 419430
x10 <- 0x66666000


mem[X,0x80012914] -> 0x0513
mem[X,0x80012916] -> 0x6665
[2264] [M]: 0x80012914 (0x66650513) addi a0, a0, 1638
x10 <- 0x66666666


mem[X,0x80012918] -> 0x05B7
mem[X,0x8001291A] -> 0x0001
[2265] [M]: 0x80012918 (0x000105B7) lui a1, 16
x11 <- 0x00010000


mem[X,0x8001291C] -> 0x8593
mem[X,0x8001291E] -> 0xFFE5
[2266] [M]: 0x8001291C (0xFFE58593) addi a1, a1, 4094
x11 <- 0x0000FFFE


mem[X,0x80012920] -> 0x0213
mem[X,0x80012922] -> 0x0000
[2267] [M]: 0x80012920 (0x00000213) addi tp, zero, 0
x4 <- 0x00000000


mem[X,0x80012924] -> 0x006F
mem[X,0x80012926] -> 0x0100
[2268] [M]: 0x80012924 (0x0100006F) jal zero, 16


mem[X,0x80012934] -> 0x6AE3
mem[X,0x80012936] -> 0xFEB5
[2269] [M]: 0x80012934 (0xFEB56AE3) bltu a0, a1, 8180


mem[X,0x80012938] -> 0x0213
mem[X,0x8001293A] -> 0x0022
[2270] [M]: 0x80012938 (0x00220213) addi tp, tp, 2
x4 <- 0x00000002


mem[X,0x8001293C] -> 0x006F
mem[X,0x8001293E] -> 0x00C0
[2271] [M]: 0x8001293C (0x00C0006F) jal zero, 12


mem[X,0x80012948] -> 0xA423
mem[X,0x8001294A] -> 0x3640
[2272] [M]: 0x80012948 (0x3640A423) sw tp, 872(ra)
mem[0x8004B5DC] <- 0x00000002


mem[X,0x8001294C] -> 0x6537
mem[X,0x8001294E] -> 0x6666
[2273] [M]: 0x8001294C (0x66666537) lui a0, 419430
x10 <- 0x66666000


mem[X,0x80012950] -> 0x0513
mem[X,0x80012952] -> 0x6665
[2274] [M]: 0x80012950 (0x66650513) addi a0, a0, 1638
x10 <- 0x66666666


mem[X,0x80012954] -> 0x55B7
mem[X,0x80012956] -> 0x5555
[2275] [M]: 0x80012954 (0x555555B7) lui a1, 349525
x11 <- 0x55555000


mem[X,0x80012958] -> 0x8593
mem[X,0x8001295A] -> 0x5565
[2276] [M]: 0x80012958 (0x55658593) addi a1, a1, 1366
x11 <- 0x55555556


mem[X,0x8001295C] -> 0x0213
mem[X,0x8001295E] -> 0x0000
[2277] [M]: 0x8001295C (0x00000213) addi tp, zero, 0
x4 <- 0x00000000


mem[X,0x80012960] -> 0x006F
mem[X,0x80012962] -> 0x00C0
[2278] [M]: 0x80012960 (0x00C0006F) jal zero, 12


mem[X,0x8001296C] -> 0x6063
mem[X,0x8001296E] -> 0x08B5
[2279] [M]: 0x8001296C (0x08B56063) bltu a0, a1, 128


mem[X,0x80012970] -> 0x0213
mem[X,0x80012972] -> 0x0022
[2280] [M]: 0x80012970 (0x00220213) addi tp, tp, 2
x4 <- 0x00000002


mem[X,0x80012974] -> 0x006F
mem[X,0x80012976] -> 0x0800
[2281] [M]: 0x80012974 (0x0800006F) jal zero, 128


mem[X,0x800129F4] -> 0xA623
mem[X,0x800129F6] -> 0x3640
[2282] [M]: 0x800129F4 (0x3640A623) sw tp, 876(ra)
mem[0x8004B5E0] <- 0x00000002


mem[X,0x800129F8] -> 0x6537
mem[X,0x800129FA] -> 0x6666
[2283] [M]: 0x800129F8 (0x66666537) lui a0, 419430
x10 <- 0x66666000


mem[X,0x800129FC] -> 0x0513
mem[X,0x800129FE] -> 0x6665
[2284] [M]: 0x800129FC (0x66650513) addi a0, a0, 1638
x10 <- 0x66666666


mem[X,0x80012A00] -> 0xB5B7
mem[X,0x80012A02] -> 0xAAAA
[2285] [M]: 0x80012A00 (0xAAAAB5B7) lui a1, 699051
x11 <- 0xAAAAB000


mem[X,0x80012A04] -> 0x8593
mem[X,0x80012A06] -> 0xAAB5
[2286] [M]: 0x80012A04 (0xAAB58593) addi a1, a1, 2731
x11 <- 0xAAAAAAAB


mem[X,0x80012A08] -> 0x0213
mem[X,0x80012A0A] -> 0x0000
[2287] [M]: 0x80012A08 (0x00000213) addi tp, zero, 0
x4 <- 0x00000000


mem[X,0x80012A0C] -> 0x006F
mem[X,0x80012A0E] -> 0x00C0
[2288] [M]: 0x80012A0C (0x00C0006F) jal zero, 12


mem[X,0x80012A18] -> 0x6063
mem[X,0x80012A1A] -> 0x20B5
[2289] [M]: 0x80012A18 (0x20B56063) bltu a0, a1, 512


mem[X,0x80012C18] -> 0x0213
mem[X,0x80012C1A] -> 0x0032
[2290] [M]: 0x80012C18 (0x00320213) addi tp, tp, 3
x4 <- 0x00000003


mem[X,0x80012C1C] -> 0x006F
mem[X,0x80012C1E] -> 0x0040
[2291] [M]: 0x80012C1C (0x0040006F) jal zero, 4


mem[X,0x80012C20] -> 0xA823
mem[X,0x80012C22] -> 0x3640
[2292] [M]: 0x80012C20 (0x3640A823) sw tp, 880(ra)
mem[0x8004B5E4] <- 0x00000003


mem[X,0x80012C24] -> 0x6537
mem[X,0x80012C26] -> 0x6666
[2293] [M]: 0x80012C24 (0x66666537) lui a0, 419430
x10 <- 0x66666000


mem[X,0x80012C28] -> 0x0513
mem[X,0x80012C2A] -> 0x6665
[2294] [M]: 0x80012C28 (0x66650513) addi a0, a0, 1638
x10 <- 0x66666666


mem[X,0x80012C2C] -> 0x0593
mem[X,0x80012C2E] -> 0x0060
[2295] [M]: 0x80012C2C (0x00600593) addi a1, zero, 6
x11 <- 0x00000006


mem[X,0x80012C30] -> 0x0213
mem[X,0x80012C32] -> 0x0000
[2296] [M]: 0x80012C30 (0x00000213) addi tp, zero, 0
x4 <- 0x00000000


mem[X,0x80012C34] -> 0x006F
mem[X,0x80012C36] -> 0x00C0
[2297] [M]: 0x80012C34 (0x00C0006F) jal zero, 12


mem[X,0x80012C40] -> 0x6063
mem[X,0x80012C42] -> 0x04B5
[2298] [M]: 0x80012C40 (0x04B56063) bltu a0, a1, 64


mem[X,0x80012C44] -> 0x0213
mem[X,0x80012C46] -> 0x0022
[2299] [M]: 0x80012C44 (0x00220213) addi tp, tp, 2
x4 <- 0x00000002


clint::tick mtime <- 0x0000000000000017
 clint timer pending at mtime 0x0000000000000017
htif::tick 0x0000000000000000
mem[X,0x80012C48] -> 0x006F
mem[X,0x80012C4A] -> 0x0400
[2300] [M]: 0x80012C48 (0x0400006F) jal zero, 64


mem[X,0x80012C88] -> 0xAA23
mem[X,0x80012C8A] -> 0x3640
[2301] [M]: 0x80012C88 (0x3640AA23) sw tp, 884(ra)
mem[0x8004B5E8] <- 0x00000002


mem[X,0x80012C8C] -> 0x6537
mem[X,0x80012C8E] -> 0x6666
[2302] [M]: 0x80012C8C (0x66666537) lui a0, 419430
x10 <- 0x66666000


mem[X,0x80012C90] -> 0x0513
mem[X,0x80012C92] -> 0x6665
[2303] [M]: 0x80012C90 (0x66650513) addi a0, a0, 1638
x10 <- 0x66666666


mem[X,0x80012C94] -> 0x35B7
mem[X,0x80012C96] -> 0x3333
[2304] [M]: 0x80012C94 (0x333335B7) lui a1, 209715
x11 <- 0x33333000


mem[X,0x80012C98] -> 0x8593
mem[X,0x80012C9A] -> 0x3345
[2305] [M]: 0x80012C98 (0x33458593) addi a1, a1, 820
x11 <- 0x33333334


mem[X,0x80012C9C] -> 0x0213
mem[X,0x80012C9E] -> 0x0000
[2306] [M]: 0x80012C9C (0x00000213) addi tp, zero, 0
x4 <- 0x00000000


mem[X,0x80012CA0] -> 0x006F
mem[X,0x80012CA2] -> 0x0140
[2307] [M]: 0x80012CA0 (0x0140006F) jal zero, 20


mem[X,0x80012CB4] -> 0x68E3
mem[X,0x80012CB6] -> 0xFEB5
[2308] [M]: 0x80012CB4 (0xFEB568E3) bltu a0, a1, 8176


mem[X,0x80012CB8] -> 0x0213
mem[X,0x80012CBA] -> 0x0022
[2309] [M]: 0x80012CB8 (0x00220213) addi tp, tp, 2
x4 <- 0x00000002


mem[X,0x80012CBC] -> 0x006F
mem[X,0x80012CBE] -> 0x00C0
[2310] [M]: 0x80012CBC (0x00C0006F) jal zero, 12


mem[X,0x80012CC8] -> 0xAC23
mem[X,0x80012CCA] -> 0x3640
[2311] [M]: 0x80012CC8 (0x3640AC23) sw tp, 888(ra)
mem[0x8004B5EC] <- 0x00000002


mem[X,0x80012CCC] -> 0x6537
mem[X,0x80012CCE] -> 0x6666
[2312] [M]: 0x80012CCC (0x66666537) lui a0, 419430
x10 <- 0x66666000


mem[X,0x80012CD0] -> 0x0513
mem[X,0x80012CD2] -> 0x6665
[2313] [M]: 0x80012CD0 (0x66650513) addi a0, a0, 1638
x10 <- 0x66666666


mem[X,0x80012CD4] -> 0x65B7
mem[X,0x80012CD6] -> 0x6666
[2314] [M]: 0x80012CD4 (0x666665B7) lui a1, 419430
x11 <- 0x66666000


mem[X,0x80012CD8] -> 0x8593
mem[X,0x80012CDA] -> 0x6675
[2315] [M]: 0x80012CD8 (0x66758593) addi a1, a1, 1639
x11 <- 0x66666667


mem[X,0x80012CDC] -> 0x0213
mem[X,0x80012CDE] -> 0x0000
[2316] [M]: 0x80012CDC (0x00000213) addi tp, zero, 0
x4 <- 0x00000000


mem[X,0x80012CE0] -> 0x006F
mem[X,0x80012CE2] -> 0x0140
[2317] [M]: 0x80012CE0 (0x0140006F) jal zero, 20


mem[X,0x80012CF4] -> 0x68E3
mem[X,0x80012CF6] -> 0xFEB5
[2318] [M]: 0x80012CF4 (0xFEB568E3) bltu a0, a1, 8176


mem[X,0x80012CE4] -> 0x0213
mem[X,0x80012CE6] -> 0x0012
[2319] [M]: 0x80012CE4 (0x00120213) addi tp, tp, 1
x4 <- 0x00000001


mem[X,0x80012CE8] -> 0x006F
mem[X,0x80012CEA] -> 0x0200
[2320] [M]: 0x80012CE8 (0x0200006F) jal zero, 32


mem[X,0x80012D08] -> 0xAE23
mem[X,0x80012D0A] -> 0x3640
[2321] [M]: 0x80012D08 (0x3640AE23) sw tp, 892(ra)
mem[0x8004B5F0] <- 0x00000001


mem[X,0x80012D0C] -> 0x6537
mem[X,0x80012D0E] -> 0x6666
[2322] [M]: 0x80012D0C (0x66666537) lui a0, 419430
x10 <- 0x66666000


mem[X,0x80012D10] -> 0x0513
mem[X,0x80012D12] -> 0x6665
[2323] [M]: 0x80012D10 (0x66650513) addi a0, a0, 1638
x10 <- 0x66666666


mem[X,0x80012D14] -> 0xB5B7
mem[X,0x80012D16] -> 0x0000
[2324] [M]: 0x80012D14 (0x0000B5B7) lui a1, 11
x11 <- 0x0000B000


mem[X,0x80012D18] -> 0x8593
mem[X,0x80012D1A] -> 0x5055
[2325] [M]: 0x80012D18 (0x50558593) addi a1, a1, 1285
x11 <- 0x0000B505


mem[X,0x80012D1C] -> 0x0213
mem[X,0x80012D1E] -> 0x0000
[2326] [M]: 0x80012D1C (0x00000213) addi tp, zero, 0
x4 <- 0x00000000


mem[X,0x80012D20] -> 0x006F
mem[X,0x80012D22] -> 0x00C0
[2327] [M]: 0x80012D20 (0x00C0006F) jal zero, 12


mem[X,0x80012D2C] -> 0x6CE3
mem[X,0x80012D2E] -> 0xFEB5
[2328] [M]: 0x80012D2C (0xFEB56CE3) bltu a0, a1, 8184


mem[X,0x80012D30] -> 0x0213
mem[X,0x80012D32] -> 0x0022
[2329] [M]: 0x80012D30 (0x00220213) addi tp, tp, 2
x4 <- 0x00000002


mem[X,0x80012D34] -> 0x006F
mem[X,0x80012D36] -> 0x00C0
[2330] [M]: 0x80012D34 (0x00C0006F) jal zero, 12


mem[X,0x80012D40] -> 0xA023
mem[X,0x80012D42] -> 0x3840
[2331] [M]: 0x80012D40 (0x3840A023) sw tp, 896(ra)
mem[0x8004B5F4] <- 0x00000002


mem[X,0x80012D44] -> 0x6537
mem[X,0x80012D46] -> 0x6666
[2332] [M]: 0x80012D44 (0x66666537) lui a0, 419430
x10 <- 0x66666000


mem[X,0x80012D48] -> 0x0513
mem[X,0x80012D4A] -> 0x6665
[2333] [M]: 0x80012D48 (0x66650513) addi a0, a0, 1638
x10 <- 0x66666666


mem[X,0x80012D4C] -> 0x0593
mem[X,0x80012D4E] -> 0x0010
[2334] [M]: 0x80012D4C (0x00100593) addi a1, zero, 1
x11 <- 0x00000001


mem[X,0x80012D50] -> 0x0213
mem[X,0x80012D52] -> 0x0000
[2335] [M]: 0x80012D50 (0x00000213) addi tp, zero, 0
x4 <- 0x00000000


mem[X,0x80012D54] -> 0x006F
mem[X,0x80012D56] -> 0x00C0
[2336] [M]: 0x80012D54 (0x00C0006F) jal zero, 12


mem[X,0x80012D60] -> 0x6663
mem[X,0x80012D62] -> 0x00B5
[2337] [M]: 0x80012D60 (0x00B56663) bltu a0, a1, 12


mem[X,0x80012D64] -> 0x0213
mem[X,0x80012D66] -> 0x0022
[2338] [M]: 0x80012D64 (0x00220213) addi tp, tp, 2
x4 <- 0x00000002


mem[X,0x80012D68] -> 0x006F
mem[X,0x80012D6A] -> 0x00C0
[2339] [M]: 0x80012D68 (0x00C0006F) jal zero, 12


mem[X,0x80012D74] -> 0xA223
mem[X,0x80012D76] -> 0x3840
[2340] [M]: 0x80012D74 (0x3840A223) sw tp, 900(ra)
mem[0x8004B5F8] <- 0x00000002


mem[X,0x80012D78] -> 0x6537
mem[X,0x80012D7A] -> 0x6666
[2341] [M]: 0x80012D78 (0x66666537) lui a0, 419430
x10 <- 0x66666000


mem[X,0x80012D7C] -> 0x0513
mem[X,0x80012D7E] -> 0x6665
[2342] [M]: 0x80012D7C (0x66650513) addi a0, a0, 1638
x10 <- 0x66666666


mem[X,0x80012D80] -> 0x05B7
mem[X,0x80012D82] -> 0x0001
[2343] [M]: 0x80012D80 (0x000105B7) lui a1, 16
x11 <- 0x00010000


mem[X,0x80012D84] -> 0x0213
mem[X,0x80012D86] -> 0x0000
[2344] [M]: 0x80012D84 (0x00000213) addi tp, zero, 0
x4 <- 0x00000000


mem[X,0x80012D88] -> 0x006F
mem[X,0x80012D8A] -> 0x2B10
[2345] [M]: 0x80012D88 (0x2B10006F) jal zero, 2736


mem[X,0x80013838] -> 0x6A63
mem[X,0x8001383A] -> 0xD4B5
[2346] [M]: 0x80013838 (0xD4B56A63) bltu a0, a1, 5460


mem[X,0x8001383C] -> 0x0213
mem[X,0x8001383E] -> 0x0022
[2347] [M]: 0x8001383C (0x00220213) addi tp, tp, 2
x4 <- 0x00000002


mem[X,0x80013840] -> 0x006F
mem[X,0x80013842] -> 0x00C0
[2348] [M]: 0x80013840 (0x00C0006F) jal zero, 12


mem[X,0x8001384C] -> 0xA423
mem[X,0x8001384E] -> 0x3840
[2349] [M]: 0x8001384C (0x3840A423) sw tp, 904(ra)
mem[0x8004B5FC] <- 0x00000002


mem[X,0x80013850] -> 0xB537
mem[X,0x80013852] -> 0x0000
[2350] [M]: 0x80013850 (0x0000B537) lui a0, 11
x10 <- 0x0000B000


mem[X,0x80013854] -> 0x0513
mem[X,0x80013856] -> 0x5045
[2351] [M]: 0x80013854 (0x50450513) addi a0, a0, 1284
x10 <- 0x0000B504


mem[X,0x80013858] -> 0x0593
mem[X,0x8001385A] -> 0x0030
[2352] [M]: 0x80013858 (0x00300593) addi a1, zero, 3
x11 <- 0x00000003


mem[X,0x8001385C] -> 0x0213
mem[X,0x8001385E] -> 0x0000
[2353] [M]: 0x8001385C (0x00000213) addi tp, zero, 0
x4 <- 0x00000000


mem[X,0x80013860] -> 0x006F
mem[X,0x80013862] -> 0x00C0
[2354] [M]: 0x80013860 (0x00C0006F) jal zero, 12


mem[X,0x8001386C] -> 0x6663
mem[X,0x8001386E] -> 0x00B5
[2355] [M]: 0x8001386C (0x00B56663) bltu a0, a1, 12


mem[X,0x80013870] -> 0x0213
mem[X,0x80013872] -> 0x0022
[2356] [M]: 0x80013870 (0x00220213) addi tp, tp, 2
x4 <- 0x00000002


mem[X,0x80013874] -> 0x006F
mem[X,0x80013876] -> 0x00C0
[2357] [M]: 0x80013874 (0x00C0006F) jal zero, 12


mem[X,0x80013880] -> 0xA623
mem[X,0x80013882] -> 0x3840
[2358] [M]: 0x80013880 (0x3840A623) sw tp, 908(ra)
mem[0x8004B600] <- 0x00000002


mem[X,0x80013884] -> 0xB537
mem[X,0x80013886] -> 0x0000
[2359] [M]: 0x80013884 (0x0000B537) lui a0, 11
x10 <- 0x0000B000


mem[X,0x80013888] -> 0x0513
mem[X,0x8001388A] -> 0x5045
[2360] [M]: 0x80013888 (0x50450513) addi a0, a0, 1284
x10 <- 0x0000B504


mem[X,0x8001388C] -> 0x55B7
mem[X,0x8001388E] -> 0x5555
[2361] [M]: 0x8001388C (0x555555B7) lui a1, 349525
x11 <- 0x55555000


mem[X,0x80013890] -> 0x8593
mem[X,0x80013892] -> 0x5555
[2362] [M]: 0x80013890 (0x55558593) addi a1, a1, 1365
x11 <- 0x55555555


mem[X,0x80013894] -> 0x0213
mem[X,0x80013896] -> 0x0000
[2363] [M]: 0x80013894 (0x00000213) addi tp, zero, 0
x4 <- 0x00000000


mem[X,0x80013898] -> 0x006F
mem[X,0x8001389A] -> 0x00C0
[2364] [M]: 0x80013898 (0x00C0006F) jal zero, 12


mem[X,0x800138A4] -> 0x6063
mem[X,0x800138A6] -> 0x40B5
[2365] [M]: 0x800138A4 (0x40B56063) bltu a0, a1, 1024


mem[X,0x80013CA4] -> 0x0213
mem[X,0x80013CA6] -> 0x0032
[2366] [M]: 0x80013CA4 (0x00320213) addi tp, tp, 3
x4 <- 0x00000003


mem[X,0x80013CA8] -> 0x006F
mem[X,0x80013CAA] -> 0x0040
[2367] [M]: 0x80013CA8 (0x0040006F) jal zero, 4


mem[X,0x80013CAC] -> 0xA823
mem[X,0x80013CAE] -> 0x3840
[2368] [M]: 0x80013CAC (0x3840A823) sw tp, 912(ra)
mem[0x8004B604] <- 0x00000003


mem[X,0x80013CB0] -> 0xB537
mem[X,0x80013CB2] -> 0x0000
[2369] [M]: 0x80013CB0 (0x0000B537) lui a0, 11
x10 <- 0x0000B000


mem[X,0x80013CB4] -> 0x0513
mem[X,0x80013CB6] -> 0x5045
[2370] [M]: 0x80013CB4 (0x50450513) addi a0, a0, 1284
x10 <- 0x0000B504


mem[X,0x80013CB8] -> 0xB5B7
mem[X,0x80013CBA] -> 0xAAAA
[2371] [M]: 0x80013CB8 (0xAAAAB5B7) lui a1, 699051
x11 <- 0xAAAAB000


mem[X,0x80013CBC] -> 0x8593
mem[X,0x80013CBE] -> 0xAAA5
[2372] [M]: 0x80013CBC (0xAAA58593) addi a1, a1, 2730
x11 <- 0xAAAAAAAA


mem[X,0x80013CC0] -> 0x0213
mem[X,0x80013CC2] -> 0x0000
[2373] [M]: 0x80013CC0 (0x00000213) addi tp, zero, 0
x4 <- 0x00000000


mem[X,0x80013CC4] -> 0x006F
mem[X,0x80013CC6] -> 0x0100
[2374] [M]: 0x80013CC4 (0x0100006F) jal zero, 16


mem[X,0x80013CD4] -> 0x6AE3
mem[X,0x80013CD6] -> 0xFEB5
[2375] [M]: 0x80013CD4 (0xFEB56AE3) bltu a0, a1, 8180


mem[X,0x80013CC8] -> 0x0213
mem[X,0x80013CCA] -> 0x0012
[2376] [M]: 0x80013CC8 (0x00120213) addi tp, tp, 1
x4 <- 0x00000001


mem[X,0x80013CCC] -> 0x006F
mem[X,0x80013CCE] -> 0x01C0
[2377] [M]: 0x80013CCC (0x01C0006F) jal zero, 28


mem[X,0x80013CE8] -> 0xAA23
mem[X,0x80013CEA] -> 0x3840
[2378] [M]: 0x80013CE8 (0x3840AA23) sw tp, 916(ra)
mem[0x8004B608] <- 0x00000001


mem[X,0x80013CEC] -> 0xB537
mem[X,0x80013CEE] -> 0x0000
[2379] [M]: 0x80013CEC (0x0000B537) lui a0, 11
x10 <- 0x0000B000


mem[X,0x80013CF0] -> 0x0513
mem[X,0x80013CF2] -> 0x5045
[2380] [M]: 0x80013CF0 (0x50450513) addi a0, a0, 1284
x10 <- 0x0000B504


mem[X,0x80013CF4] -> 0x0593
mem[X,0x80013CF6] -> 0x0050
[2381] [M]: 0x80013CF4 (0x00500593) addi a1, zero, 5
x11 <- 0x00000005


mem[X,0x80013CF8] -> 0x0213
mem[X,0x80013CFA] -> 0x0000
[2382] [M]: 0x80013CF8 (0x00000213) addi tp, zero, 0
x4 <- 0x00000000


mem[X,0x80013CFC] -> 0x006F
mem[X,0x80013CFE] -> 0x00C0
[2383] [M]: 0x80013CFC (0x00C0006F) jal zero, 12


mem[X,0x80013D08] -> 0x6063
mem[X,0x80013D0A] -> 0x02B5
[2384] [M]: 0x80013D08 (0x02B56063) bltu a0, a1, 32


mem[X,0x80013D0C] -> 0x0213
mem[X,0x80013D0E] -> 0x0022
[2385] [M]: 0x80013D0C (0x00220213) addi tp, tp, 2
x4 <- 0x00000002


mem[X,0x80013D10] -> 0x006F
mem[X,0x80013D12] -> 0x0200
[2386] [M]: 0x80013D10 (0x0200006F) jal zero, 32


mem[X,0x80013D30] -> 0xAC23
mem[X,0x80013D32] -> 0x3840
[2387] [M]: 0x80013D30 (0x3840AC23) sw tp, 920(ra)
mem[0x8004B60C] <- 0x00000002


mem[X,0x80013D34] -> 0xB537
mem[X,0x80013D36] -> 0x0000
[2388] [M]: 0x80013D34 (0x0000B537) lui a0, 11
x10 <- 0x0000B000


mem[X,0x80013D38] -> 0x0513
mem[X,0x80013D3A] -> 0x5045
[2389] [M]: 0x80013D38 (0x50450513) addi a0, a0, 1284
x10 <- 0x0000B504


mem[X,0x80013D3C] -> 0x35B7
mem[X,0x80013D3E] -> 0x3333
[2390] [M]: 0x80013D3C (0x333335B7) lui a1, 209715
x11 <- 0x33333000


mem[X,0x80013D40] -> 0x8593
mem[X,0x80013D42] -> 0x3335
[2391] [M]: 0x80013D40 (0x33358593) addi a1, a1, 819
x11 <- 0x33333333


mem[X,0x80013D44] -> 0x0213
mem[X,0x80013D46] -> 0x0000
[2392] [M]: 0x80013D44 (0x00000213) addi tp, zero, 0
x4 <- 0x00000000


mem[X,0x80013D48] -> 0x006F
mem[X,0x80013D4A] -> 0x0140
[2393] [M]: 0x80013D48 (0x0140006F) jal zero, 20


mem[X,0x80013D5C] -> 0x68E3
mem[X,0x80013D5E] -> 0xFEB5
[2394] [M]: 0x80013D5C (0xFEB568E3) bltu a0, a1, 8176


mem[X,0x80013D4C] -> 0x0213
mem[X,0x80013D4E] -> 0x0012
[2395] [M]: 0x80013D4C (0x00120213) addi tp, tp, 1
x4 <- 0x00000001


mem[X,0x80013D50] -> 0x006F
mem[X,0x80013D52] -> 0x0200
[2396] [M]: 0x80013D50 (0x0200006F) jal zero, 32


mem[X,0x80013D70] -> 0xAE23
mem[X,0x80013D72] -> 0x3840
[2397] [M]: 0x80013D70 (0x3840AE23) sw tp, 924(ra)
mem[0x8004B610] <- 0x00000001


mem[X,0x80013D74] -> 0xB537
mem[X,0x80013D76] -> 0x0000
[2398] [M]: 0x80013D74 (0x0000B537) lui a0, 11
x10 <- 0x0000B000


mem[X,0x80013D78] -> 0x0513
mem[X,0x80013D7A] -> 0x5045
[2399] [M]: 0x80013D78 (0x50450513) addi a0, a0, 1284
x10 <- 0x0000B504


clint::tick mtime <- 0x0000000000000018
 clint timer pending at mtime 0x0000000000000018
htif::tick 0x0000000000000000
mem[X,0x80013D7C] -> 0x65B7
mem[X,0x80013D7E] -> 0x6666
[2400] [M]: 0x80013D7C (0x666665B7) lui a1, 419430
x11 <- 0x66666000


mem[X,0x80013D80] -> 0x8593
mem[X,0x80013D82] -> 0x6665
[2401] [M]: 0x80013D80 (0x66658593) addi a1, a1, 1638
x11 <- 0x66666666


mem[X,0x80013D84] -> 0x0213
mem[X,0x80013D86] -> 0x0000
[2402] [M]: 0x80013D84 (0x00000213) addi tp, zero, 0
x4 <- 0x00000000


mem[X,0x80013D88] -> 0x006F
mem[X,0x80013D8A] -> 0x00C0
[2403] [M]: 0x80013D88 (0x00C0006F) jal zero, 12


mem[X,0x80013D94] -> 0x6863
mem[X,0x80013D96] -> 0x00B5
[2404] [M]: 0x80013D94 (0x00B56863) bltu a0, a1, 16


mem[X,0x80013DA4] -> 0x0213
mem[X,0x80013DA6] -> 0x0032
[2405] [M]: 0x80013DA4 (0x00320213) addi tp, tp, 3
x4 <- 0x00000003


mem[X,0x80013DA8] -> 0x006F
mem[X,0x80013DAA] -> 0x0040
[2406] [M]: 0x80013DA8 (0x0040006F) jal zero, 4


mem[X,0x80013DAC] -> 0xA023
mem[X,0x80013DAE] -> 0x3A40
[2407] [M]: 0x80013DAC (0x3A40A023) sw tp, 928(ra)
mem[0x8004B614] <- 0x00000003


mem[X,0x80013DB0] -> 0xB537
mem[X,0x80013DB2] -> 0x0000
[2408] [M]: 0x80013DB0 (0x0000B537) lui a0, 11
x10 <- 0x0000B000


mem[X,0x80013DB4] -> 0x0513
mem[X,0x80013DB6] -> 0x5045
[2409] [M]: 0x80013DB4 (0x50450513) addi a0, a0, 1284
x10 <- 0x0000B504


mem[X,0x80013DB8] -> 0xB5B7
mem[X,0x80013DBA] -> 0x0000
[2410] [M]: 0x80013DB8 (0x0000B5B7) lui a1, 11
x11 <- 0x0000B000


mem[X,0x80013DBC] -> 0x8593
mem[X,0x80013DBE] -> 0x5045
[2411] [M]: 0x80013DBC (0x50458593) addi a1, a1, 1284
x11 <- 0x0000B504


mem[X,0x80013DC0] -> 0x0213
mem[X,0x80013DC2] -> 0x0000
[2412] [M]: 0x80013DC0 (0x00000213) addi tp, zero, 0
x4 <- 0x00000000


mem[X,0x80013DC4] -> 0x006F
mem[X,0x80013DC6] -> 0x00C0
[2413] [M]: 0x80013DC4 (0x00C0006F) jal zero, 12


mem[X,0x80013DD0] -> 0x6063
mem[X,0x80013DD2] -> 0x08B5
[2414] [M]: 0x80013DD0 (0x08B56063) bltu a0, a1, 128


mem[X,0x80013DD4] -> 0x0213
mem[X,0x80013DD6] -> 0x0022
[2415] [M]: 0x80013DD4 (0x00220213) addi tp, tp, 2
x4 <- 0x00000002


mem[X,0x80013DD8] -> 0x006F
mem[X,0x80013DDA] -> 0x0800
[2416] [M]: 0x80013DD8 (0x0800006F) jal zero, 128


mem[X,0x80013E58] -> 0xA223
mem[X,0x80013E5A] -> 0x3A40
[2417] [M]: 0x80013E58 (0x3A40A223) sw tp, 932(ra)
mem[0x8004B618] <- 0x00000002


mem[X,0x80013E5C] -> 0xB537
mem[X,0x80013E5E] -> 0x0000
[2418] [M]: 0x80013E5C (0x0000B537) lui a0, 11
x10 <- 0x0000B000


mem[X,0x80013E60] -> 0x0513
mem[X,0x80013E62] -> 0x5045
[2419] [M]: 0x80013E60 (0x50450513) addi a0, a0, 1284
x10 <- 0x0000B504


mem[X,0x80013E64] -> 0x0593
mem[X,0x80013E66] -> 0x0000
[2420] [M]: 0x80013E64 (0x00000593) addi a1, zero, 0
x11 <- 0x00000000


mem[X,0x80013E68] -> 0x0213
mem[X,0x80013E6A] -> 0x0000
[2421] [M]: 0x80013E68 (0x00000213) addi tp, zero, 0
x4 <- 0x00000000


mem[X,0x80013E6C] -> 0x006F
mem[X,0x80013E6E] -> 0x00C0
[2422] [M]: 0x80013E6C (0x00C0006F) jal zero, 12


mem[X,0x80013E78] -> 0x6663
mem[X,0x80013E7A] -> 0x00B5
[2423] [M]: 0x80013E78 (0x00B56663) bltu a0, a1, 12


mem[X,0x80013E7C] -> 0x0213
mem[X,0x80013E7E] -> 0x0022
[2424] [M]: 0x80013E7C (0x00220213) addi tp, tp, 2
x4 <- 0x00000002


mem[X,0x80013E80] -> 0x006F
mem[X,0x80013E82] -> 0x00C0
[2425] [M]: 0x80013E80 (0x00C0006F) jal zero, 12


mem[X,0x80013E8C] -> 0xA423
mem[X,0x80013E8E] -> 0x3A40
[2426] [M]: 0x80013E8C (0x3A40A423) sw tp, 936(ra)
mem[0x8004B61C] <- 0x00000002


mem[X,0x80013E90] -> 0xB537
mem[X,0x80013E92] -> 0x0000
[2427] [M]: 0x80013E90 (0x0000B537) lui a0, 11
x10 <- 0x0000B000


mem[X,0x80013E94] -> 0x0513
mem[X,0x80013E96] -> 0x5045
[2428] [M]: 0x80013E94 (0x50450513) addi a0, a0, 1284
x10 <- 0x0000B504


mem[X,0x80013E98] -> 0x05B7
mem[X,0x80013E9A] -> 0x0001
[2429] [M]: 0x80013E98 (0x000105B7) lui a1, 16
x11 <- 0x00010000


mem[X,0x80013E9C] -> 0x8593
mem[X,0x80013E9E] -> 0xFFF5
[2430] [M]: 0x80013E9C (0xFFF58593) addi a1, a1, 4095
x11 <- 0x0000FFFF


mem[X,0x80013EA0] -> 0x0213
mem[X,0x80013EA2] -> 0x0000
[2431] [M]: 0x80013EA0 (0x00000213) addi tp, zero, 0
x4 <- 0x00000000


mem[X,0x80013EA4] -> 0x006F
mem[X,0x80013EA6] -> 0x00C0
[2432] [M]: 0x80013EA4 (0x00C0006F) jal zero, 12


mem[X,0x80013EB0] -> 0x6CE3
mem[X,0x80013EB2] -> 0xFEB5
[2433] [M]: 0x80013EB0 (0xFEB56CE3) bltu a0, a1, 8184


mem[X,0x80013EA8] -> 0x0213
mem[X,0x80013EAA] -> 0x0012
[2434] [M]: 0x80013EA8 (0x00120213) addi tp, tp, 1
x4 <- 0x00000001


mem[X,0x80013EAC] -> 0x006F
mem[X,0x80013EAE] -> 0x0180
[2435] [M]: 0x80013EAC (0x0180006F) jal zero, 24


mem[X,0x80013EC4] -> 0xA623
mem[X,0x80013EC6] -> 0x3A40
[2436] [M]: 0x80013EC4 (0x3A40A623) sw tp, 940(ra)
mem[0x8004B620] <- 0x00000001


mem[X,0x80013EC8] -> 0xB537
mem[X,0x80013ECA] -> 0x0000
[2437] [M]: 0x80013EC8 (0x0000B537) lui a0, 11
x10 <- 0x0000B000


mem[X,0x80013ECC] -> 0x0513
mem[X,0x80013ECE] -> 0x5045
[2438] [M]: 0x80013ECC (0x50450513) addi a0, a0, 1284
x10 <- 0x0000B504


mem[X,0x80013ED0] -> 0x0593
mem[X,0x80013ED2] -> 0x0020
[2439] [M]: 0x80013ED0 (0x00200593) addi a1, zero, 2
x11 <- 0x00000002


mem[X,0x80013ED4] -> 0x0213
mem[X,0x80013ED6] -> 0x0000
[2440] [M]: 0x80013ED4 (0x00000213) addi tp, zero, 0
x4 <- 0x00000000


mem[X,0x80013ED8] -> 0x006F
mem[X,0x80013EDA] -> 0x0050
[2441] [M]: 0x80013ED8 (0x0050006F) jal zero, 2052


mem[X,0x800146DC] -> 0x60E3
mem[X,0x800146DE] -> 0x80B5
[2442] [M]: 0x800146DC (0x80B560E3) bltu a0, a1, 6144


mem[X,0x800146E0] -> 0x0213
mem[X,0x800146E2] -> 0x0022
[2443] [M]: 0x800146E0 (0x00220213) addi tp, tp, 2
x4 <- 0x00000002


mem[X,0x800146E4] -> 0x006F
mem[X,0x800146E6] -> 0x00C0
[2444] [M]: 0x800146E4 (0x00C0006F) jal zero, 12


mem[X,0x800146F0] -> 0xA823
mem[X,0x800146F2] -> 0x3A40
[2445] [M]: 0x800146F0 (0x3A40A823) sw tp, 944(ra)
mem[0x8004B624] <- 0x00000002


mem[X,0x800146F4] -> 0xB537
mem[X,0x800146F6] -> 0x0000
[2446] [M]: 0x800146F4 (0x0000B537) lui a0, 11
x10 <- 0x0000B000


mem[X,0x800146F8] -> 0x0513
mem[X,0x800146FA] -> 0x5045
[2447] [M]: 0x800146F8 (0x50450513) addi a0, a0, 1284
x10 <- 0x0000B504


mem[X,0x800146FC] -> 0x55B7
mem[X,0x800146FE] -> 0x5555
[2448] [M]: 0x800146FC (0x555555B7) lui a1, 349525
x11 <- 0x55555000


mem[X,0x80014700] -> 0x8593
mem[X,0x80014702] -> 0x5545
[2449] [M]: 0x80014700 (0x55458593) addi a1, a1, 1364
x11 <- 0x55555554


mem[X,0x80014704] -> 0x0213
mem[X,0x80014706] -> 0x0000
[2450] [M]: 0x80014704 (0x00000213) addi tp, zero, 0
x4 <- 0x00000000


mem[X,0x80014708] -> 0x006F
mem[X,0x8001470A] -> 0x2B10
[2451] [M]: 0x80014708 (0x2B10006F) jal zero, 2736


mem[X,0x800151B8] -> 0x6A63
mem[X,0x800151BA] -> 0xD4B5
[2452] [M]: 0x800151B8 (0xD4B56A63) bltu a0, a1, 5460


mem[X,0x8001470C] -> 0x0213
mem[X,0x8001470E] -> 0x0012
[2453] [M]: 0x8001470C (0x00120213) addi tp, tp, 1
x4 <- 0x00000001


mem[X,0x80014710] -> 0x006F
mem[X,0x80014712] -> 0x2BD0
[2454] [M]: 0x80014710 (0x2BD0006F) jal zero, 2748


mem[X,0x800151CC] -> 0xAA23
mem[X,0x800151CE] -> 0x3A40
[2455] [M]: 0x800151CC (0x3A40AA23) sw tp, 948(ra)
mem[0x8004B628] <- 0x00000001


mem[X,0x800151D0] -> 0xB537
mem[X,0x800151D2] -> 0x0000
[2456] [M]: 0x800151D0 (0x0000B537) lui a0, 11
x10 <- 0x0000B000


mem[X,0x800151D4] -> 0x0513
mem[X,0x800151D6] -> 0x5045
[2457] [M]: 0x800151D4 (0x50450513) addi a0, a0, 1284
x10 <- 0x0000B504


mem[X,0x800151D8] -> 0xB5B7
mem[X,0x800151DA] -> 0xAAAA
[2458] [M]: 0x800151D8 (0xAAAAB5B7) lui a1, 699051
x11 <- 0xAAAAB000


mem[X,0x800151DC] -> 0x8593
mem[X,0x800151DE] -> 0xAA95
[2459] [M]: 0x800151DC (0xAA958593) addi a1, a1, 2729
x11 <- 0xAAAAAAA9


mem[X,0x800151E0] -> 0x0213
mem[X,0x800151E2] -> 0x0000
[2460] [M]: 0x800151E0 (0x00000213) addi tp, zero, 0
x4 <- 0x00000000


mem[X,0x800151E4] -> 0x006F
mem[X,0x800151E6] -> 0x00C0
[2461] [M]: 0x800151E4 (0x00C0006F) jal zero, 12


mem[X,0x800151F0] -> 0x6863
mem[X,0x800151F2] -> 0x00B5
[2462] [M]: 0x800151F0 (0x00B56863) bltu a0, a1, 16


mem[X,0x80015200] -> 0x0213
mem[X,0x80015202] -> 0x0032
[2463] [M]: 0x80015200 (0x00320213) addi tp, tp, 3
x4 <- 0x00000003


mem[X,0x80015204] -> 0x006F
mem[X,0x80015206] -> 0x0040
[2464] [M]: 0x80015204 (0x0040006F) jal zero, 4


mem[X,0x80015208] -> 0xAC23
mem[X,0x8001520A] -> 0x3A40
[2465] [M]: 0x80015208 (0x3A40AC23) sw tp, 952(ra)
mem[0x8004B62C] <- 0x00000003


mem[X,0x8001520C] -> 0xB537
mem[X,0x8001520E] -> 0x0000
[2466] [M]: 0x8001520C (0x0000B537) lui a0, 11
x10 <- 0x0000B000


mem[X,0x80015210] -> 0x0513
mem[X,0x80015212] -> 0x5045
[2467] [M]: 0x80015210 (0x50450513) addi a0, a0, 1284
x10 <- 0x0000B504


mem[X,0x80015214] -> 0x0593
mem[X,0x80015216] -> 0x0040
[2468] [M]: 0x80015214 (0x00400593) addi a1, zero, 4
x11 <- 0x00000004


mem[X,0x80015218] -> 0x0213
mem[X,0x8001521A] -> 0x0000
[2469] [M]: 0x80015218 (0x00000213) addi tp, zero, 0
x4 <- 0x00000000


mem[X,0x8001521C] -> 0x006F
mem[X,0x8001521E] -> 0x0180
[2470] [M]: 0x8001521C (0x0180006F) jal zero, 24


mem[X,0x80015234] -> 0x66E3
mem[X,0x80015236] -> 0xFEB5
[2471] [M]: 0x80015234 (0xFEB566E3) bltu a0, a1, 8172


mem[X,0x80015238] -> 0x0213
mem[X,0x8001523A] -> 0x0022
[2472] [M]: 0x80015238 (0x00220213) addi tp, tp, 2
x4 <- 0x00000002


mem[X,0x8001523C] -> 0x006F
mem[X,0x8001523E] -> 0x00C0
[2473] [M]: 0x8001523C (0x00C0006F) jal zero, 12


mem[X,0x80015248] -> 0xAE23
mem[X,0x8001524A] -> 0x3A40
[2474] [M]: 0x80015248 (0x3A40AE23) sw tp, 956(ra)
mem[0x8004B630] <- 0x00000002


mem[X,0x8001524C] -> 0xB537
mem[X,0x8001524E] -> 0x0000
[2475] [M]: 0x8001524C (0x0000B537) lui a0, 11
x10 <- 0x0000B000


mem[X,0x80015250] -> 0x0513
mem[X,0x80015252] -> 0x5045
[2476] [M]: 0x80015250 (0x50450513) addi a0, a0, 1284
x10 <- 0x0000B504


mem[X,0x80015254] -> 0x35B7
mem[X,0x80015256] -> 0x3333
[2477] [M]: 0x80015254 (0x333335B7) lui a1, 209715
x11 <- 0x33333000


mem[X,0x80015258] -> 0x8593
mem[X,0x8001525A] -> 0x3325
[2478] [M]: 0x80015258 (0x33258593) addi a1, a1, 818
x11 <- 0x33333332


mem[X,0x8001525C] -> 0x0213
mem[X,0x8001525E] -> 0x0000
[2479] [M]: 0x8001525C (0x00000213) addi tp, zero, 0
x4 <- 0x00000000


mem[X,0x80015260] -> 0x006F
mem[X,0x80015262] -> 0x00C0
[2480] [M]: 0x80015260 (0x00C0006F) jal zero, 12


mem[X,0x8001526C] -> 0x6663
mem[X,0x8001526E] -> 0x00B5
[2481] [M]: 0x8001526C (0x00B56663) bltu a0, a1, 12


mem[X,0x80015278] -> 0x0213
mem[X,0x8001527A] -> 0x0032
[2482] [M]: 0x80015278 (0x00320213) addi tp, tp, 3
x4 <- 0x00000003


mem[X,0x8001527C] -> 0x006F
mem[X,0x8001527E] -> 0x0040
[2483] [M]: 0x8001527C (0x0040006F) jal zero, 4


mem[X,0x80015280] -> 0xA023
mem[X,0x80015282] -> 0x3C40
[2484] [M]: 0x80015280 (0x3C40A023) sw tp, 960(ra)
mem[0x8004B634] <- 0x00000003


mem[X,0x80015284] -> 0xB537
mem[X,0x80015286] -> 0x0000
[2485] [M]: 0x80015284 (0x0000B537) lui a0, 11
x10 <- 0x0000B000


mem[X,0x80015288] -> 0x0513
mem[X,0x8001528A] -> 0x5045
[2486] [M]: 0x80015288 (0x50450513) addi a0, a0, 1284
x10 <- 0x0000B504


mem[X,0x8001528C] -> 0x65B7
mem[X,0x8001528E] -> 0x6666
[2487] [M]: 0x8001528C (0x666665B7) lui a1, 419430
x11 <- 0x66666000


mem[X,0x80015290] -> 0x8593
mem[X,0x80015292] -> 0x6655
[2488] [M]: 0x80015290 (0x66558593) addi a1, a1, 1637
x11 <- 0x66666665


mem[X,0x80015294] -> 0x0213
mem[X,0x80015296] -> 0x0000
[2489] [M]: 0x80015294 (0x00000213) addi tp, zero, 0
x4 <- 0x00000000


mem[X,0x80015298] -> 0x006F
mem[X,0x8001529A] -> 0x00C0
[2490] [M]: 0x80015298 (0x00C0006F) jal zero, 12


mem[X,0x800152A4] -> 0x6063
mem[X,0x800152A6] -> 0x10B5
[2491] [M]: 0x800152A4 (0x10B56063) bltu a0, a1, 256


mem[X,0x800153A4] -> 0x0213
mem[X,0x800153A6] -> 0x0032
[2492] [M]: 0x800153A4 (0x00320213) addi tp, tp, 3
x4 <- 0x00000003


mem[X,0x800153A8] -> 0x006F
mem[X,0x800153AA] -> 0x0040
[2493] [M]: 0x800153A8 (0x0040006F) jal zero, 4


mem[X,0x800153AC] -> 0xA223
mem[X,0x800153AE] -> 0x3C40
[2494] [M]: 0x800153AC (0x3C40A223) sw tp, 964(ra)
mem[0x8004B638] <- 0x00000003


mem[X,0x800153B0] -> 0xB537
mem[X,0x800153B2] -> 0x0000
[2495] [M]: 0x800153B0 (0x0000B537) lui a0, 11
x10 <- 0x0000B000


mem[X,0x800153B4] -> 0x0513
mem[X,0x800153B6] -> 0x5045
[2496] [M]: 0x800153B4 (0x50450513) addi a0, a0, 1284
x10 <- 0x0000B504


mem[X,0x800153B8] -> 0xB5B7
mem[X,0x800153BA] -> 0x0000
[2497] [M]: 0x800153B8 (0x0000B5B7) lui a1, 11
x11 <- 0x0000B000


mem[X,0x800153BC] -> 0x8593
mem[X,0x800153BE] -> 0x5035
[2498] [M]: 0x800153BC (0x50358593) addi a1, a1, 1283
x11 <- 0x0000B503


mem[X,0x800153C0] -> 0x0213
mem[X,0x800153C2] -> 0x0000
[2499] [M]: 0x800153C0 (0x00000213) addi tp, zero, 0
x4 <- 0x00000000


clint::tick mtime <- 0x0000000000000019
 clint timer pending at mtime 0x0000000000000019
htif::tick 0x0000000000000000
mem[X,0x800153C4] -> 0x006F
mem[X,0x800153C6] -> 0x2B10
[2500] [M]: 0x800153C4 (0x2B10006F) jal zero, 2736


mem[X,0x80015E74] -> 0x6A63
mem[X,0x80015E76] -> 0xD4B5
[2501] [M]: 0x80015E74 (0xD4B56A63) bltu a0, a1, 5460


mem[X,0x80015E78] -> 0x0213
mem[X,0x80015E7A] -> 0x0022
[2502] [M]: 0x80015E78 (0x00220213) addi tp, tp, 2
x4 <- 0x00000002


mem[X,0x80015E7C] -> 0x006F
mem[X,0x80015E7E] -> 0x00C0
[2503] [M]: 0x80015E7C (0x00C0006F) jal zero, 12


mem[X,0x80015E88] -> 0xA423
mem[X,0x80015E8A] -> 0x3C40
[2504] [M]: 0x80015E88 (0x3C40A423) sw tp, 968(ra)
mem[0x8004B63C] <- 0x00000002


mem[X,0x80015E8C] -> 0xB537
mem[X,0x80015E8E] -> 0x0000
[2505] [M]: 0x80015E8C (0x0000B537) lui a0, 11
x10 <- 0x0000B000


mem[X,0x80015E90] -> 0x0513
mem[X,0x80015E92] -> 0x5045
[2506] [M]: 0x80015E90 (0x50450513) addi a0, a0, 1284
x10 <- 0x0000B504


mem[X,0x80015E94] -> 0x05B7
mem[X,0x80015E96] -> 0x0001
[2507] [M]: 0x80015E94 (0x000105B7) lui a1, 16
x11 <- 0x00010000


mem[X,0x80015E98] -> 0x8593
mem[X,0x80015E9A] -> 0xFFE5
[2508] [M]: 0x80015E98 (0xFFE58593) addi a1, a1, 4094
x11 <- 0x0000FFFE


mem[X,0x80015E9C] -> 0x0213
mem[X,0x80015E9E] -> 0x0000
[2509] [M]: 0x80015E9C (0x00000213) addi tp, zero, 0
x4 <- 0x00000000


mem[X,0x80015EA0] -> 0x006F
mem[X,0x80015EA2] -> 0x0050
[2510] [M]: 0x80015EA0 (0x0050006F) jal zero, 2052


mem[X,0x800166A4] -> 0x60E3
mem[X,0x800166A6] -> 0x80B5
[2511] [M]: 0x800166A4 (0x80B560E3) bltu a0, a1, 6144


mem[X,0x80015EA4] -> 0x0213
mem[X,0x80015EA6] -> 0x0012
[2512] [M]: 0x80015EA4 (0x00120213) addi tp, tp, 1
x4 <- 0x00000001


mem[X,0x80015EA8] -> 0x006F
mem[X,0x80015EAA] -> 0x0110
[2513] [M]: 0x80015EA8 (0x0110006F) jal zero, 2064


mem[X,0x800166B8] -> 0xA623
mem[X,0x800166BA] -> 0x3C40
[2514] [M]: 0x800166B8 (0x3C40A623) sw tp, 972(ra)
mem[0x8004B640] <- 0x00000001


mem[X,0x800166BC] -> 0xB537
mem[X,0x800166BE] -> 0x0000
[2515] [M]: 0x800166BC (0x0000B537) lui a0, 11
x10 <- 0x0000B000


mem[X,0x800166C0] -> 0x0513
mem[X,0x800166C2] -> 0x5045
[2516] [M]: 0x800166C0 (0x50450513) addi a0, a0, 1284
x10 <- 0x0000B504


mem[X,0x800166C4] -> 0x55B7
mem[X,0x800166C6] -> 0x5555
[2517] [M]: 0x800166C4 (0x555555B7) lui a1, 349525
x11 <- 0x55555000


mem[X,0x800166C8] -> 0x8593
mem[X,0x800166CA] -> 0x5565
[2518] [M]: 0x800166C8 (0x55658593) addi a1, a1, 1366
x11 <- 0x55555556


mem[X,0x800166CC] -> 0x0213
mem[X,0x800166CE] -> 0x0000
[2519] [M]: 0x800166CC (0x00000213) addi tp, zero, 0
x4 <- 0x00000000


mem[X,0x800166D0] -> 0x006F
mem[X,0x800166D2] -> 0x00C0
[2520] [M]: 0x800166D0 (0x00C0006F) jal zero, 12


mem[X,0x800166DC] -> 0x6063
mem[X,0x800166DE] -> 0x10B5
[2521] [M]: 0x800166DC (0x10B56063) bltu a0, a1, 256


mem[X,0x800167DC] -> 0x0213
mem[X,0x800167DE] -> 0x0032
[2522] [M]: 0x800167DC (0x00320213) addi tp, tp, 3
x4 <- 0x00000003


mem[X,0x800167E0] -> 0x006F
mem[X,0x800167E2] -> 0x0040
[2523] [M]: 0x800167E0 (0x0040006F) jal zero, 4


mem[X,0x800167E4] -> 0xA823
mem[X,0x800167E6] -> 0x3C40
[2524] [M]: 0x800167E4 (0x3C40A823) sw tp, 976(ra)
mem[0x8004B644] <- 0x00000003


mem[X,0x800167E8] -> 0xB537
mem[X,0x800167EA] -> 0x0000
[2525] [M]: 0x800167E8 (0x0000B537) lui a0, 11
x10 <- 0x0000B000


mem[X,0x800167EC] -> 0x0513
mem[X,0x800167EE] -> 0x5045
[2526] [M]: 0x800167EC (0x50450513) addi a0, a0, 1284
x10 <- 0x0000B504


mem[X,0x800167F0] -> 0xB5B7
mem[X,0x800167F2] -> 0xAAAA
[2527] [M]: 0x800167F0 (0xAAAAB5B7) lui a1, 699051
x11 <- 0xAAAAB000


mem[X,0x800167F4] -> 0x8593
mem[X,0x800167F6] -> 0xAAB5
[2528] [M]: 0x800167F4 (0xAAB58593) addi a1, a1, 2731
x11 <- 0xAAAAAAAB


mem[X,0x800167F8] -> 0x0213
mem[X,0x800167FA] -> 0x0000
[2529] [M]: 0x800167F8 (0x00000213) addi tp, zero, 0
x4 <- 0x00000000


mem[X,0x800167FC] -> 0x006F
mem[X,0x800167FE] -> 0x00C0
[2530] [M]: 0x800167FC (0x00C0006F) jal zero, 12


mem[X,0x80016808] -> 0x6063
mem[X,0x8001680A] -> 0x08B5
[2531] [M]: 0x80016808 (0x08B56063) bltu a0, a1, 128


mem[X,0x80016888] -> 0x0213
mem[X,0x8001688A] -> 0x0032
[2532] [M]: 0x80016888 (0x00320213) addi tp, tp, 3
x4 <- 0x00000003


mem[X,0x8001688C] -> 0x006F
mem[X,0x8001688E] -> 0x0040
[2533] [M]: 0x8001688C (0x0040006F) jal zero, 4


mem[X,0x80016890] -> 0xAA23
mem[X,0x80016892] -> 0x3C40
[2534] [M]: 0x80016890 (0x3C40AA23) sw tp, 980(ra)
mem[0x8004B648] <- 0x00000003


mem[X,0x80016894] -> 0xB537
mem[X,0x80016896] -> 0x0000
[2535] [M]: 0x80016894 (0x0000B537) lui a0, 11
x10 <- 0x0000B000


mem[X,0x80016898] -> 0x0513
mem[X,0x8001689A] -> 0x5045
[2536] [M]: 0x80016898 (0x50450513) addi a0, a0, 1284
x10 <- 0x0000B504


mem[X,0x8001689C] -> 0x0593
mem[X,0x8001689E] -> 0x0060
[2537] [M]: 0x8001689C (0x00600593) addi a1, zero, 6
x11 <- 0x00000006


mem[X,0x800168A0] -> 0x0213
mem[X,0x800168A2] -> 0x0000
[2538] [M]: 0x800168A0 (0x00000213) addi tp, zero, 0
x4 <- 0x00000000


mem[X,0x800168A4] -> 0x006F
mem[X,0x800168A6] -> 0x0050
[2539] [M]: 0x800168A4 (0x0050006F) jal zero, 2052


mem[X,0x800170A8] -> 0x60E3
mem[X,0x800170AA] -> 0x80B5
[2540] [M]: 0x800170A8 (0x80B560E3) bltu a0, a1, 6144


mem[X,0x800170AC] -> 0x0213
mem[X,0x800170AE] -> 0x0022
[2541] [M]: 0x800170AC (0x00220213) addi tp, tp, 2
x4 <- 0x00000002


mem[X,0x800170B0] -> 0x006F
mem[X,0x800170B2] -> 0x00C0
[2542] [M]: 0x800170B0 (0x00C0006F) jal zero, 12


mem[X,0x800170BC] -> 0xAC23
mem[X,0x800170BE] -> 0x3C40
[2543] [M]: 0x800170BC (0x3C40AC23) sw tp, 984(ra)
mem[0x8004B64C] <- 0x00000002


mem[X,0x800170C0] -> 0xB537
mem[X,0x800170C2] -> 0x0000
[2544] [M]: 0x800170C0 (0x0000B537) lui a0, 11
x10 <- 0x0000B000


mem[X,0x800170C4] -> 0x0513
mem[X,0x800170C6] -> 0x5045
[2545] [M]: 0x800170C4 (0x50450513) addi a0, a0, 1284
x10 <- 0x0000B504


mem[X,0x800170C8] -> 0x35B7
mem[X,0x800170CA] -> 0x3333
[2546] [M]: 0x800170C8 (0x333335B7) lui a1, 209715
x11 <- 0x33333000


mem[X,0x800170CC] -> 0x8593
mem[X,0x800170CE] -> 0x3345
[2547] [M]: 0x800170CC (0x33458593) addi a1, a1, 820
x11 <- 0x33333334


mem[X,0x800170D0] -> 0x0213
mem[X,0x800170D2] -> 0x0000
[2548] [M]: 0x800170D0 (0x00000213) addi tp, zero, 0
x4 <- 0x00000000


mem[X,0x800170D4] -> 0x006F
mem[X,0x800170D6] -> 0x00C0
[2549] [M]: 0x800170D4 (0x00C0006F) jal zero, 12


mem[X,0x800170E0] -> 0x6CE3
mem[X,0x800170E2] -> 0xFEB5
[2550] [M]: 0x800170E0 (0xFEB56CE3) bltu a0, a1, 8184


mem[X,0x800170D8] -> 0x0213
mem[X,0x800170DA] -> 0x0012
[2551] [M]: 0x800170D8 (0x00120213) addi tp, tp, 1
x4 <- 0x00000001


mem[X,0x800170DC] -> 0x006F
mem[X,0x800170DE] -> 0x0180
[2552] [M]: 0x800170DC (0x0180006F) jal zero, 24


mem[X,0x800170F4] -> 0xAE23
mem[X,0x800170F6] -> 0x3C40
[2553] [M]: 0x800170F4 (0x3C40AE23) sw tp, 988(ra)
mem[0x8004B650] <- 0x00000001


mem[X,0x800170F8] -> 0xB537
mem[X,0x800170FA] -> 0x0000
[2554] [M]: 0x800170F8 (0x0000B537) lui a0, 11
x10 <- 0x0000B000


mem[X,0x800170FC] -> 0x0513
mem[X,0x800170FE] -> 0x5045
[2555] [M]: 0x800170FC (0x50450513) addi a0, a0, 1284
x10 <- 0x0000B504


mem[X,0x80017100] -> 0x65B7
mem[X,0x80017102] -> 0x6666
[2556] [M]: 0x80017100 (0x666665B7) lui a1, 419430
x11 <- 0x66666000


mem[X,0x80017104] -> 0x8593
mem[X,0x80017106] -> 0x6675
[2557] [M]: 0x80017104 (0x66758593) addi a1, a1, 1639
x11 <- 0x66666667


mem[X,0x80017108] -> 0x0213
mem[X,0x8001710A] -> 0x0000
[2558] [M]: 0x80017108 (0x00000213) addi tp, zero, 0
x4 <- 0x00000000


mem[X,0x8001710C] -> 0x006F
mem[X,0x8001710E] -> 0x0100
[2559] [M]: 0x8001710C (0x0100006F) jal zero, 16


mem[X,0x8001711C] -> 0x6AE3
mem[X,0x8001711E] -> 0xFEB5
[2560] [M]: 0x8001711C (0xFEB56AE3) bltu a0, a1, 8180


mem[X,0x80017110] -> 0x0213
mem[X,0x80017112] -> 0x0012
[2561] [M]: 0x80017110 (0x00120213) addi tp, tp, 1
x4 <- 0x00000001


mem[X,0x80017114] -> 0x006F
mem[X,0x80017116] -> 0x01C0
[2562] [M]: 0x80017114 (0x01C0006F) jal zero, 28


mem[X,0x80017130] -> 0xA023
mem[X,0x80017132] -> 0x3E40
[2563] [M]: 0x80017130 (0x3E40A023) sw tp, 992(ra)
mem[0x8004B654] <- 0x00000001


mem[X,0x80017134] -> 0xB537
mem[X,0x80017136] -> 0x0000
[2564] [M]: 0x80017134 (0x0000B537) lui a0, 11
x10 <- 0x0000B000


mem[X,0x80017138] -> 0x0513
mem[X,0x8001713A] -> 0x5045
[2565] [M]: 0x80017138 (0x50450513) addi a0, a0, 1284
x10 <- 0x0000B504


mem[X,0x8001713C] -> 0xB5B7
mem[X,0x8001713E] -> 0x0000
[2566] [M]: 0x8001713C (0x0000B5B7) lui a1, 11
x11 <- 0x0000B000


mem[X,0x80017140] -> 0x8593
mem[X,0x80017142] -> 0x5055
[2567] [M]: 0x80017140 (0x50558593) addi a1, a1, 1285
x11 <- 0x0000B505


mem[X,0x80017144] -> 0x0213
mem[X,0x80017146] -> 0x0000
[2568] [M]: 0x80017144 (0x00000213) addi tp, zero, 0
x4 <- 0x00000000


mem[X,0x80017148] -> 0x006F
mem[X,0x8001714A] -> 0x00C0
[2569] [M]: 0x80017148 (0x00C0006F) jal zero, 12


mem[X,0x80017154] -> 0x6CE3
mem[X,0x80017156] -> 0xFEB5
[2570] [M]: 0x80017154 (0xFEB56CE3) bltu a0, a1, 8184


mem[X,0x8001714C] -> 0x0213
mem[X,0x8001714E] -> 0x0012
[2571] [M]: 0x8001714C (0x00120213) addi tp, tp, 1
x4 <- 0x00000001


mem[X,0x80017150] -> 0x006F
mem[X,0x80017152] -> 0x0180
[2572] [M]: 0x80017150 (0x0180006F) jal zero, 24


mem[X,0x80017168] -> 0xA223
mem[X,0x8001716A] -> 0x3E40
[2573] [M]: 0x80017168 (0x3E40A223) sw tp, 996(ra)
mem[0x8004B658] <- 0x00000001


mem[X,0x8001716C] -> 0xB537
mem[X,0x8001716E] -> 0x0000
[2574] [M]: 0x8001716C (0x0000B537) lui a0, 11
x10 <- 0x0000B000


mem[X,0x80017170] -> 0x0513
mem[X,0x80017172] -> 0x5045
[2575] [M]: 0x80017170 (0x50450513) addi a0, a0, 1284
x10 <- 0x0000B504


mem[X,0x80017174] -> 0x0593
mem[X,0x80017176] -> 0x0010
[2576] [M]: 0x80017174 (0x00100593) addi a1, zero, 1
x11 <- 0x00000001


mem[X,0x80017178] -> 0x0213
mem[X,0x8001717A] -> 0x0000
[2577] [M]: 0x80017178 (0x00000213) addi tp, zero, 0
x4 <- 0x00000000


mem[X,0x8001717C] -> 0x006F
mem[X,0x8001717E] -> 0x00C0
[2578] [M]: 0x8001717C (0x00C0006F) jal zero, 12


mem[X,0x80017188] -> 0x6063
mem[X,0x8001718A] -> 0x40B5
[2579] [M]: 0x80017188 (0x40B56063) bltu a0, a1, 1024


mem[X,0x8001718C] -> 0x0213
mem[X,0x8001718E] -> 0x0022
[2580] [M]: 0x8001718C (0x00220213) addi tp, tp, 2
x4 <- 0x00000002


mem[X,0x80017190] -> 0x006F
mem[X,0x80017192] -> 0x4000
[2581] [M]: 0x80017190 (0x4000006F) jal zero, 1024


mem[X,0x80017590] -> 0xA423
mem[X,0x80017592] -> 0x3E40
[2582] [M]: 0x80017590 (0x3E40A423) sw tp, 1000(ra)
mem[0x8004B65C] <- 0x00000002


mem[X,0x80017594] -> 0xB537
mem[X,0x80017596] -> 0x0000
[2583] [M]: 0x80017594 (0x0000B537) lui a0, 11
x10 <- 0x0000B000


mem[X,0x80017598] -> 0x0513
mem[X,0x8001759A] -> 0x5045
[2584] [M]: 0x80017598 (0x50450513) addi a0, a0, 1284
x10 <- 0x0000B504


mem[X,0x8001759C] -> 0x05B7
mem[X,0x8001759E] -> 0x0001
[2585] [M]: 0x8001759C (0x000105B7) lui a1, 16
x11 <- 0x00010000


mem[X,0x800175A0] -> 0x0213
mem[X,0x800175A2] -> 0x0000
[2586] [M]: 0x800175A0 (0x00000213) addi tp, zero, 0
x4 <- 0x00000000


mem[X,0x800175A4] -> 0x006F
mem[X,0x800175A6] -> 0x00C0
[2587] [M]: 0x800175A4 (0x00C0006F) jal zero, 12


mem[X,0x800175B0] -> 0x6063
mem[X,0x800175B2] -> 0x04B5
[2588] [M]: 0x800175B0 (0x04B56063) bltu a0, a1, 64


mem[X,0x800175F0] -> 0x0213
mem[X,0x800175F2] -> 0x0032
[2589] [M]: 0x800175F0 (0x00320213) addi tp, tp, 3
x4 <- 0x00000003


mem[X,0x800175F4] -> 0x006F
mem[X,0x800175F6] -> 0x0040
[2590] [M]: 0x800175F4 (0x0040006F) jal zero, 4


mem[X,0x800175F8] -> 0xA623
mem[X,0x800175FA] -> 0x3E40
[2591] [M]: 0x800175F8 (0x3E40A623) sw tp, 1004(ra)
mem[0x8004B660] <- 0x00000003


mem[X,0x800175FC] -> 0x0513
mem[X,0x800175FE] -> 0x0000
[2592] [M]: 0x800175FC (0x00000513) addi a0, zero, 0
x10 <- 0x00000000


mem[X,0x80017600] -> 0x0593
mem[X,0x80017602] -> 0x0030
[2593] [M]: 0x80017600 (0x00300593) addi a1, zero, 3
x11 <- 0x00000003


mem[X,0x80017604] -> 0x0213
mem[X,0x80017606] -> 0x0000
[2594] [M]: 0x80017604 (0x00000213) addi tp, zero, 0
x4 <- 0x00000000


mem[X,0x80017608] -> 0x006F
mem[X,0x8001760A] -> 0x0100
[2595] [M]: 0x80017608 (0x0100006F) jal zero, 16


mem[X,0x80017618] -> 0x6AE3
mem[X,0x8001761A] -> 0xFEB5
[2596] [M]: 0x80017618 (0xFEB56AE3) bltu a0, a1, 8180


mem[X,0x8001760C] -> 0x0213
mem[X,0x8001760E] -> 0x0012
[2597] [M]: 0x8001760C (0x00120213) addi tp, tp, 1
x4 <- 0x00000001


mem[X,0x80017610] -> 0x006F
mem[X,0x80017612] -> 0x01C0
[2598] [M]: 0x80017610 (0x01C0006F) jal zero, 28


mem[X,0x8001762C] -> 0xA823
mem[X,0x8001762E] -> 0x3E40
[2599] [M]: 0x8001762C (0x3E40A823) sw tp, 1008(ra)
mem[0x8004B664] <- 0x00000001


clint::tick mtime <- 0x000000000000001A
 clint timer pending at mtime 0x000000000000001A
htif::tick 0x0000000000000000
mem[X,0x80017630] -> 0x0513
mem[X,0x80017632] -> 0x0000
[2600] [M]: 0x80017630 (0x00000513) addi a0, zero, 0
x10 <- 0x00000000


mem[X,0x80017634] -> 0x55B7
mem[X,0x80017636] -> 0x5555
[2601] [M]: 0x80017634 (0x555555B7) lui a1, 349525
x11 <- 0x55555000


mem[X,0x80017638] -> 0x8593
mem[X,0x8001763A] -> 0x5555
[2602] [M]: 0x80017638 (0x55558593) addi a1, a1, 1365
x11 <- 0x55555555


mem[X,0x8001763C] -> 0x0213
mem[X,0x8001763E] -> 0x0000
[2603] [M]: 0x8001763C (0x00000213) addi tp, zero, 0
x4 <- 0x00000000


mem[X,0x80017640] -> 0x006F
mem[X,0x80017642] -> 0x00C0
[2604] [M]: 0x80017640 (0x00C0006F) jal zero, 12


mem[X,0x8001764C] -> 0x6CE3
mem[X,0x8001764E] -> 0xFEB5
[2605] [M]: 0x8001764C (0xFEB56CE3) bltu a0, a1, 8184


mem[X,0x80017644] -> 0x0213
mem[X,0x80017646] -> 0x0012
[2606] [M]: 0x80017644 (0x00120213) addi tp, tp, 1
x4 <- 0x00000001


mem[X,0x80017648] -> 0x006F
mem[X,0x8001764A] -> 0x0180
[2607] [M]: 0x80017648 (0x0180006F) jal zero, 24


mem[X,0x80017660] -> 0xAA23
mem[X,0x80017662] -> 0x3E40
[2608] [M]: 0x80017660 (0x3E40AA23) sw tp, 1012(ra)
mem[0x8004B668] <- 0x00000001


mem[X,0x80017664] -> 0x0513
mem[X,0x80017666] -> 0x0000
[2609] [M]: 0x80017664 (0x00000513) addi a0, zero, 0
x10 <- 0x00000000


mem[X,0x80017668] -> 0xB5B7
mem[X,0x8001766A] -> 0xAAAA
[2610] [M]: 0x80017668 (0xAAAAB5B7) lui a1, 699051
x11 <- 0xAAAAB000


mem[X,0x8001766C] -> 0x8593
mem[X,0x8001766E] -> 0xAAA5
[2611] [M]: 0x8001766C (0xAAA58593) addi a1, a1, 2730
x11 <- 0xAAAAAAAA


mem[X,0x80017670] -> 0x0213
mem[X,0x80017672] -> 0x0000
[2612] [M]: 0x80017670 (0x00000213) addi tp, zero, 0
x4 <- 0x00000000


mem[X,0x80017674] -> 0x006F
mem[X,0x80017676] -> 0x00C0
[2613] [M]: 0x80017674 (0x00C0006F) jal zero, 12


mem[X,0x80017680] -> 0x6663
mem[X,0x80017682] -> 0x00B5
[2614] [M]: 0x80017680 (0x00B56663) bltu a0, a1, 12


mem[X,0x8001768C] -> 0x0213
mem[X,0x8001768E] -> 0x0032
[2615] [M]: 0x8001768C (0x00320213) addi tp, tp, 3
x4 <- 0x00000003


mem[X,0x80017690] -> 0x006F
mem[X,0x80017692] -> 0x0040
[2616] [M]: 0x80017690 (0x0040006F) jal zero, 4


mem[X,0x80017694] -> 0xAC23
mem[X,0x80017696] -> 0x3E40
[2617] [M]: 0x80017694 (0x3E40AC23) sw tp, 1016(ra)
mem[0x8004B66C] <- 0x00000003


mem[X,0x80017698] -> 0x0513
mem[X,0x8001769A] -> 0x0000
[2618] [M]: 0x80017698 (0x00000513) addi a0, zero, 0
x10 <- 0x00000000


mem[X,0x8001769C] -> 0x0593
mem[X,0x8001769E] -> 0x0050
[2619] [M]: 0x8001769C (0x00500593) addi a1, zero, 5
x11 <- 0x00000005


mem[X,0x800176A0] -> 0x0213
mem[X,0x800176A2] -> 0x0000
[2620] [M]: 0x800176A0 (0x00000213) addi tp, zero, 0
x4 <- 0x00000000


mem[X,0x800176A4] -> 0x006F
mem[X,0x800176A6] -> 0x00C0
[2621] [M]: 0x800176A4 (0x00C0006F) jal zero, 12


mem[X,0x800176B0] -> 0x6063
mem[X,0x800176B2] -> 0x04B5
[2622] [M]: 0x800176B0 (0x04B56063) bltu a0, a1, 64


mem[X,0x800176F0] -> 0x0213
mem[X,0x800176F2] -> 0x0032
[2623] [M]: 0x800176F0 (0x00320213) addi tp, tp, 3
x4 <- 0x00000003


mem[X,0x800176F4] -> 0x006F
mem[X,0x800176F6] -> 0x0040
[2624] [M]: 0x800176F4 (0x0040006F) jal zero, 4


mem[X,0x800176F8] -> 0xAE23
mem[X,0x800176FA] -> 0x3E40
[2625] [M]: 0x800176F8 (0x3E40AE23) sw tp, 1020(ra)
mem[0x8004B670] <- 0x00000003


mem[X,0x800176FC] -> 0x0513
mem[X,0x800176FE] -> 0x0000
[2626] [M]: 0x800176FC (0x00000513) addi a0, zero, 0
x10 <- 0x00000000


mem[X,0x80017700] -> 0x35B7
mem[X,0x80017702] -> 0x3333
[2627] [M]: 0x80017700 (0x333335B7) lui a1, 209715
x11 <- 0x33333000


mem[X,0x80017704] -> 0x8593
mem[X,0x80017706] -> 0x3335
[2628] [M]: 0x80017704 (0x33358593) addi a1, a1, 819
x11 <- 0x33333333


mem[X,0x80017708] -> 0x0213
mem[X,0x8001770A] -> 0x0000
[2629] [M]: 0x80017708 (0x00000213) addi tp, zero, 0
x4 <- 0x00000000


mem[X,0x8001770C] -> 0x006F
mem[X,0x8001770E] -> 0x0050
[2630] [M]: 0x8001770C (0x0050006F) jal zero, 2052


mem[X,0x80017F10] -> 0x60E3
mem[X,0x80017F12] -> 0x80B5
[2631] [M]: 0x80017F10 (0x80B560E3) bltu a0, a1, 6144


mem[X,0x80017710] -> 0x0213
mem[X,0x80017712] -> 0x0012
[2632] [M]: 0x80017710 (0x00120213) addi tp, tp, 1
x4 <- 0x00000001


mem[X,0x80017714] -> 0x006F
mem[X,0x80017716] -> 0x0110
[2633] [M]: 0x80017714 (0x0110006F) jal zero, 2064


mem[X,0x80017F24] -> 0xA023
mem[X,0x80017F26] -> 0x4040
[2634] [M]: 0x80017F24 (0x4040A023) sw tp, 1024(ra)
mem[0x8004B674] <- 0x00000001


mem[X,0x80017F28] -> 0x0513
mem[X,0x80017F2A] -> 0x0000
[2635] [M]: 0x80017F28 (0x00000513) addi a0, zero, 0
x10 <- 0x00000000


mem[X,0x80017F2C] -> 0x65B7
mem[X,0x80017F2E] -> 0x6666
[2636] [M]: 0x80017F2C (0x666665B7) lui a1, 419430
x11 <- 0x66666000


mem[X,0x80017F30] -> 0x8593
mem[X,0x80017F32] -> 0x6665
[2637] [M]: 0x80017F30 (0x66658593) addi a1, a1, 1638
x11 <- 0x66666666


mem[X,0x80017F34] -> 0x0213
mem[X,0x80017F36] -> 0x0000
[2638] [M]: 0x80017F34 (0x00000213) addi tp, zero, 0
x4 <- 0x00000000


mem[X,0x80017F38] -> 0x006F
mem[X,0x80017F3A] -> 0x00C0
[2639] [M]: 0x80017F38 (0x00C0006F) jal zero, 12


mem[X,0x80017F44] -> 0x6CE3
mem[X,0x80017F46] -> 0xFEB5
[2640] [M]: 0x80017F44 (0xFEB56CE3) bltu a0, a1, 8184


mem[X,0x80017F3C] -> 0x0213
mem[X,0x80017F3E] -> 0x0012
[2641] [M]: 0x80017F3C (0x00120213) addi tp, tp, 1
x4 <- 0x00000001


mem[X,0x80017F40] -> 0x006F
mem[X,0x80017F42] -> 0x0180
[2642] [M]: 0x80017F40 (0x0180006F) jal zero, 24


mem[X,0x80017F58] -> 0xA223
mem[X,0x80017F5A] -> 0x4040
[2643] [M]: 0x80017F58 (0x4040A223) sw tp, 1028(ra)
mem[0x8004B678] <- 0x00000001


mem[X,0x80017F5C] -> 0x0513
mem[X,0x80017F5E] -> 0x0000
[2644] [M]: 0x80017F5C (0x00000513) addi a0, zero, 0
x10 <- 0x00000000


mem[X,0x80017F60] -> 0xB5B7
mem[X,0x80017F62] -> 0x0000
[2645] [M]: 0x80017F60 (0x0000B5B7) lui a1, 11
x11 <- 0x0000B000


mem[X,0x80017F64] -> 0x8593
mem[X,0x80017F66] -> 0x5045
[2646] [M]: 0x80017F64 (0x50458593) addi a1, a1, 1284
x11 <- 0x0000B504


mem[X,0x80017F68] -> 0x0213
mem[X,0x80017F6A] -> 0x0000
[2647] [M]: 0x80017F68 (0x00000213) addi tp, zero, 0
x4 <- 0x00000000


mem[X,0x80017F6C] -> 0x006F
mem[X,0x80017F6E] -> 0x00C0
[2648] [M]: 0x80017F6C (0x00C0006F) jal zero, 12


mem[X,0x80017F78] -> 0x6863
mem[X,0x80017F7A] -> 0x00B5
[2649] [M]: 0x80017F78 (0x00B56863) bltu a0, a1, 16


mem[X,0x80017F88] -> 0x0213
mem[X,0x80017F8A] -> 0x0032
[2650] [M]: 0x80017F88 (0x00320213) addi tp, tp, 3
x4 <- 0x00000003


mem[X,0x80017F8C] -> 0x006F
mem[X,0x80017F8E] -> 0x0040
[2651] [M]: 0x80017F8C (0x0040006F) jal zero, 4


mem[X,0x80017F90] -> 0xA423
mem[X,0x80017F92] -> 0x4040
[2652] [M]: 0x80017F90 (0x4040A423) sw tp, 1032(ra)
mem[0x8004B67C] <- 0x00000003


mem[X,0x80017F94] -> 0x0513
mem[X,0x80017F96] -> 0x0000
[2653] [M]: 0x80017F94 (0x00000513) addi a0, zero, 0
x10 <- 0x00000000


mem[X,0x80017F98] -> 0x0593
mem[X,0x80017F9A] -> 0x0000
[2654] [M]: 0x80017F98 (0x00000593) addi a1, zero, 0
x11 <- 0x00000000


mem[X,0x80017F9C] -> 0x0213
mem[X,0x80017F9E] -> 0x0000
[2655] [M]: 0x80017F9C (0x00000213) addi tp, zero, 0
x4 <- 0x00000000


mem[X,0x80017FA0] -> 0x006F
mem[X,0x80017FA2] -> 0x00C0
[2656] [M]: 0x80017FA0 (0x00C0006F) jal zero, 12


mem[X,0x80017FAC] -> 0x6063
mem[X,0x80017FAE] -> 0x20B5
[2657] [M]: 0x80017FAC (0x20B56063) bltu a0, a1, 512


mem[X,0x80017FB0] -> 0x0213
mem[X,0x80017FB2] -> 0x0022
[2658] [M]: 0x80017FB0 (0x00220213) addi tp, tp, 2
x4 <- 0x00000002


mem[X,0x80017FB4] -> 0x006F
mem[X,0x80017FB6] -> 0x2000
[2659] [M]: 0x80017FB4 (0x2000006F) jal zero, 512


mem[X,0x800181B4] -> 0xA623
mem[X,0x800181B6] -> 0x4040
[2660] [M]: 0x800181B4 (0x4040A623) sw tp, 1036(ra)
mem[0x8004B680] <- 0x00000002


mem[X,0x800181B8] -> 0x0513
mem[X,0x800181BA] -> 0x0000
[2661] [M]: 0x800181B8 (0x00000513) addi a0, zero, 0
x10 <- 0x00000000


mem[X,0x800181BC] -> 0x05B7
mem[X,0x800181BE] -> 0x0001
[2662] [M]: 0x800181BC (0x000105B7) lui a1, 16
x11 <- 0x00010000


mem[X,0x800181C0] -> 0x8593
mem[X,0x800181C2] -> 0xFFF5
[2663] [M]: 0x800181C0 (0xFFF58593) addi a1, a1, 4095
x11 <- 0x0000FFFF


mem[X,0x800181C4] -> 0x0213
mem[X,0x800181C6] -> 0x0000
[2664] [M]: 0x800181C4 (0x00000213) addi tp, zero, 0
x4 <- 0x00000000


mem[X,0x800181C8] -> 0x006F
mem[X,0x800181CA] -> 0x2B10
[2665] [M]: 0x800181C8 (0x2B10006F) jal zero, 2736


mem[X,0x80018C78] -> 0x6A63
mem[X,0x80018C7A] -> 0xD4B5
[2666] [M]: 0x80018C78 (0xD4B56A63) bltu a0, a1, 5460


mem[X,0x800181CC] -> 0x0213
mem[X,0x800181CE] -> 0x0012
[2667] [M]: 0x800181CC (0x00120213) addi tp, tp, 1
x4 <- 0x00000001


mem[X,0x800181D0] -> 0x006F
mem[X,0x800181D2] -> 0x2BD0
[2668] [M]: 0x800181D0 (0x2BD0006F) jal zero, 2748


mem[X,0x80018C8C] -> 0xA823
mem[X,0x80018C8E] -> 0x4040
[2669] [M]: 0x80018C8C (0x4040A823) sw tp, 1040(ra)
mem[0x8004B684] <- 0x00000001


mem[X,0x80018C90] -> 0x0513
mem[X,0x80018C92] -> 0x0000
[2670] [M]: 0x80018C90 (0x00000513) addi a0, zero, 0
x10 <- 0x00000000


mem[X,0x80018C94] -> 0x0593
mem[X,0x80018C96] -> 0x0020
[2671] [M]: 0x80018C94 (0x00200593) addi a1, zero, 2
x11 <- 0x00000002


mem[X,0x80018C98] -> 0x0213
mem[X,0x80018C9A] -> 0x0000
[2672] [M]: 0x80018C98 (0x00000213) addi tp, zero, 0
x4 <- 0x00000000


mem[X,0x80018C9C] -> 0x006F
mem[X,0x80018C9E] -> 0x00C0
[2673] [M]: 0x80018C9C (0x00C0006F) jal zero, 12


mem[X,0x80018CA8] -> 0x6CE3
mem[X,0x80018CAA] -> 0xFEB5
[2674] [M]: 0x80018CA8 (0xFEB56CE3) bltu a0, a1, 8184


mem[X,0x80018CA0] -> 0x0213
mem[X,0x80018CA2] -> 0x0012
[2675] [M]: 0x80018CA0 (0x00120213) addi tp, tp, 1
x4 <- 0x00000001


mem[X,0x80018CA4] -> 0x006F
mem[X,0x80018CA6] -> 0x0180
[2676] [M]: 0x80018CA4 (0x0180006F) jal zero, 24


mem[X,0x80018CBC] -> 0xAA23
mem[X,0x80018CBE] -> 0x4040
[2677] [M]: 0x80018CBC (0x4040AA23) sw tp, 1044(ra)
mem[0x8004B688] <- 0x00000001


mem[X,0x80018CC0] -> 0x0513
mem[X,0x80018CC2] -> 0x0000
[2678] [M]: 0x80018CC0 (0x00000513) addi a0, zero, 0
x10 <- 0x00000000


mem[X,0x80018CC4] -> 0x55B7
mem[X,0x80018CC6] -> 0x5555
[2679] [M]: 0x80018CC4 (0x555555B7) lui a1, 349525
x11 <- 0x55555000


mem[X,0x80018CC8] -> 0x8593
mem[X,0x80018CCA] -> 0x5545
[2680] [M]: 0x80018CC8 (0x55458593) addi a1, a1, 1364
x11 <- 0x55555554


mem[X,0x80018CCC] -> 0x0213
mem[X,0x80018CCE] -> 0x0000
[2681] [M]: 0x80018CCC (0x00000213) addi tp, zero, 0
x4 <- 0x00000000


mem[X,0x80018CD0] -> 0x006F
mem[X,0x80018CD2] -> 0x00C0
[2682] [M]: 0x80018CD0 (0x00C0006F) jal zero, 12


mem[X,0x80018CDC] -> 0x6063
mem[X,0x80018CDE] -> 0x02B5
[2683] [M]: 0x80018CDC (0x02B56063) bltu a0, a1, 32


mem[X,0x80018CFC] -> 0x0213
mem[X,0x80018CFE] -> 0x0032
[2684] [M]: 0x80018CFC (0x00320213) addi tp, tp, 3
x4 <- 0x00000003


mem[X,0x80018D00] -> 0x006F
mem[X,0x80018D02] -> 0x0040
[2685] [M]: 0x80018D00 (0x0040006F) jal zero, 4


mem[X,0x80018D04] -> 0xAC23
mem[X,0x80018D06] -> 0x4040
[2686] [M]: 0x80018D04 (0x4040AC23) sw tp, 1048(ra)
mem[0x8004B68C] <- 0x00000003


mem[X,0x80018D08] -> 0x0513
mem[X,0x80018D0A] -> 0x0000
[2687] [M]: 0x80018D08 (0x00000513) addi a0, zero, 0
x10 <- 0x00000000


mem[X,0x80018D0C] -> 0xB5B7
mem[X,0x80018D0E] -> 0xAAAA
[2688] [M]: 0x80018D0C (0xAAAAB5B7) lui a1, 699051
x11 <- 0xAAAAB000


mem[X,0x80018D10] -> 0x8593
mem[X,0x80018D12] -> 0xAA95
[2689] [M]: 0x80018D10 (0xAA958593) addi a1, a1, 2729
x11 <- 0xAAAAAAA9


mem[X,0x80018D14] -> 0x0213
mem[X,0x80018D16] -> 0x0000
[2690] [M]: 0x80018D14 (0x00000213) addi tp, zero, 0
x4 <- 0x00000000


mem[X,0x80018D18] -> 0x006F
mem[X,0x80018D1A] -> 0x2B10
[2691] [M]: 0x80018D18 (0x2B10006F) jal zero, 2736


mem[X,0x800197C8] -> 0x6A63
mem[X,0x800197CA] -> 0xD4B5
[2692] [M]: 0x800197C8 (0xD4B56A63) bltu a0, a1, 5460


mem[X,0x80018D1C] -> 0x0213
mem[X,0x80018D1E] -> 0x0012
[2693] [M]: 0x80018D1C (0x00120213) addi tp, tp, 1
x4 <- 0x00000001


mem[X,0x80018D20] -> 0x006F
mem[X,0x80018D22] -> 0x2BD0
[2694] [M]: 0x80018D20 (0x2BD0006F) jal zero, 2748


mem[X,0x800197DC] -> 0xAE23
mem[X,0x800197DE] -> 0x4040
[2695] [M]: 0x800197DC (0x4040AE23) sw tp, 1052(ra)
mem[0x8004B690] <- 0x00000001


mem[X,0x800197E0] -> 0x0513
mem[X,0x800197E2] -> 0x0000
[2696] [M]: 0x800197E0 (0x00000513) addi a0, zero, 0
x10 <- 0x00000000


mem[X,0x800197E4] -> 0x0593
mem[X,0x800197E6] -> 0x0040
[2697] [M]: 0x800197E4 (0x00400593) addi a1, zero, 4
x11 <- 0x00000004


mem[X,0x800197E8] -> 0x0213
mem[X,0x800197EA] -> 0x0000
[2698] [M]: 0x800197E8 (0x00000213) addi tp, zero, 0
x4 <- 0x00000000


mem[X,0x800197EC] -> 0x006F
mem[X,0x800197EE] -> 0x00C0
[2699] [M]: 0x800197EC (0x00C0006F) jal zero, 12


clint::tick mtime <- 0x000000000000001B
 clint timer pending at mtime 0x000000000000001B
htif::tick 0x0000000000000000
mem[X,0x800197F8] -> 0x6663
mem[X,0x800197FA] -> 0x00B5
[2700] [M]: 0x800197F8 (0x00B56663) bltu a0, a1, 12


mem[X,0x80019804] -> 0x0213
mem[X,0x80019806] -> 0x0032
[2701] [M]: 0x80019804 (0x00320213) addi tp, tp, 3
x4 <- 0x00000003


mem[X,0x80019808] -> 0x006F
mem[X,0x8001980A] -> 0x0040
[2702] [M]: 0x80019808 (0x0040006F) jal zero, 4


mem[X,0x8001980C] -> 0xA023
mem[X,0x8001980E] -> 0x4240
[2703] [M]: 0x8001980C (0x4240A023) sw tp, 1056(ra)
mem[0x8004B694] <- 0x00000003


mem[X,0x80019810] -> 0x0513
mem[X,0x80019812] -> 0x0000
[2704] [M]: 0x80019810 (0x00000513) addi a0, zero, 0
x10 <- 0x00000000


mem[X,0x80019814] -> 0x35B7
mem[X,0x80019816] -> 0x3333
[2705] [M]: 0x80019814 (0x333335B7) lui a1, 209715
x11 <- 0x33333000


mem[X,0x80019818] -> 0x8593
mem[X,0x8001981A] -> 0x3325
[2706] [M]: 0x80019818 (0x33258593) addi a1, a1, 818
x11 <- 0x33333332


mem[X,0x8001981C] -> 0x0213
mem[X,0x8001981E] -> 0x0000
[2707] [M]: 0x8001981C (0x00000213) addi tp, zero, 0
x4 <- 0x00000000


mem[X,0x80019820] -> 0x006F
mem[X,0x80019822] -> 0x0050
[2708] [M]: 0x80019820 (0x0050006F) jal zero, 2052


mem[X,0x8001A024] -> 0x60E3
mem[X,0x8001A026] -> 0x80B5
[2709] [M]: 0x8001A024 (0x80B560E3) bltu a0, a1, 6144


mem[X,0x80019824] -> 0x0213
mem[X,0x80019826] -> 0x0012
[2710] [M]: 0x80019824 (0x00120213) addi tp, tp, 1
x4 <- 0x00000001


mem[X,0x80019828] -> 0x006F
mem[X,0x8001982A] -> 0x0110
[2711] [M]: 0x80019828 (0x0110006F) jal zero, 2064


mem[X,0x8001A038] -> 0xA223
mem[X,0x8001A03A] -> 0x4240
[2712] [M]: 0x8001A038 (0x4240A223) sw tp, 1060(ra)
mem[0x8004B698] <- 0x00000001


mem[X,0x8001A03C] -> 0x0513
mem[X,0x8001A03E] -> 0x0000
[2713] [M]: 0x8001A03C (0x00000513) addi a0, zero, 0
x10 <- 0x00000000


mem[X,0x8001A040] -> 0x65B7
mem[X,0x8001A042] -> 0x6666
[2714] [M]: 0x8001A040 (0x666665B7) lui a1, 419430
x11 <- 0x66666000


mem[X,0x8001A044] -> 0x8593
mem[X,0x8001A046] -> 0x6655
[2715] [M]: 0x8001A044 (0x66558593) addi a1, a1, 1637
x11 <- 0x66666665


mem[X,0x8001A048] -> 0x0213
mem[X,0x8001A04A] -> 0x0000
[2716] [M]: 0x8001A048 (0x00000213) addi tp, zero, 0
x4 <- 0x00000000


mem[X,0x8001A04C] -> 0x006F
mem[X,0x8001A04E] -> 0x00C0
[2717] [M]: 0x8001A04C (0x00C0006F) jal zero, 12


mem[X,0x8001A058] -> 0x6863
mem[X,0x8001A05A] -> 0x00B5
[2718] [M]: 0x8001A058 (0x00B56863) bltu a0, a1, 16


mem[X,0x8001A068] -> 0x0213
mem[X,0x8001A06A] -> 0x0032
[2719] [M]: 0x8001A068 (0x00320213) addi tp, tp, 3
x4 <- 0x00000003


mem[X,0x8001A06C] -> 0x006F
mem[X,0x8001A06E] -> 0x0040
[2720] [M]: 0x8001A06C (0x0040006F) jal zero, 4


mem[X,0x8001A070] -> 0xA423
mem[X,0x8001A072] -> 0x4240
[2721] [M]: 0x8001A070 (0x4240A423) sw tp, 1064(ra)
mem[0x8004B69C] <- 0x00000003


mem[X,0x8001A074] -> 0x0513
mem[X,0x8001A076] -> 0x0000
[2722] [M]: 0x8001A074 (0x00000513) addi a0, zero, 0
x10 <- 0x00000000


mem[X,0x8001A078] -> 0xB5B7
mem[X,0x8001A07A] -> 0x0000
[2723] [M]: 0x8001A078 (0x0000B5B7) lui a1, 11
x11 <- 0x0000B000


mem[X,0x8001A07C] -> 0x8593
mem[X,0x8001A07E] -> 0x5035
[2724] [M]: 0x8001A07C (0x50358593) addi a1, a1, 1283
x11 <- 0x0000B503


mem[X,0x8001A080] -> 0x0213
mem[X,0x8001A082] -> 0x0000
[2725] [M]: 0x8001A080 (0x00000213) addi tp, zero, 0
x4 <- 0x00000000


mem[X,0x8001A084] -> 0x006F
mem[X,0x8001A086] -> 0x0180
[2726] [M]: 0x8001A084 (0x0180006F) jal zero, 24


mem[X,0x8001A09C] -> 0x66E3
mem[X,0x8001A09E] -> 0xFEB5
[2727] [M]: 0x8001A09C (0xFEB566E3) bltu a0, a1, 8172


mem[X,0x8001A088] -> 0x0213
mem[X,0x8001A08A] -> 0x0012
[2728] [M]: 0x8001A088 (0x00120213) addi tp, tp, 1
x4 <- 0x00000001


mem[X,0x8001A08C] -> 0x006F
mem[X,0x8001A08E] -> 0x0240
[2729] [M]: 0x8001A08C (0x0240006F) jal zero, 36


mem[X,0x8001A0B0] -> 0xA623
mem[X,0x8001A0B2] -> 0x4240
[2730] [M]: 0x8001A0B0 (0x4240A623) sw tp, 1068(ra)
mem[0x8004B6A0] <- 0x00000001


mem[X,0x8001A0B4] -> 0x0513
mem[X,0x8001A0B6] -> 0x0000
[2731] [M]: 0x8001A0B4 (0x00000513) addi a0, zero, 0
x10 <- 0x00000000


mem[X,0x8001A0B8] -> 0x05B7
mem[X,0x8001A0BA] -> 0x0001
[2732] [M]: 0x8001A0B8 (0x000105B7) lui a1, 16
x11 <- 0x00010000


mem[X,0x8001A0BC] -> 0x8593
mem[X,0x8001A0BE] -> 0xFFE5
[2733] [M]: 0x8001A0BC (0xFFE58593) addi a1, a1, 4094
x11 <- 0x0000FFFE


mem[X,0x8001A0C0] -> 0x0213
mem[X,0x8001A0C2] -> 0x0000
[2734] [M]: 0x8001A0C0 (0x00000213) addi tp, zero, 0
x4 <- 0x00000000


mem[X,0x8001A0C4] -> 0x006F
mem[X,0x8001A0C6] -> 0x00C0
[2735] [M]: 0x8001A0C4 (0x00C0006F) jal zero, 12


mem[X,0x8001A0D0] -> 0x6663
mem[X,0x8001A0D2] -> 0x00B5
[2736] [M]: 0x8001A0D0 (0x00B56663) bltu a0, a1, 12


mem[X,0x8001A0DC] -> 0x0213
mem[X,0x8001A0DE] -> 0x0032
[2737] [M]: 0x8001A0DC (0x00320213) addi tp, tp, 3
x4 <- 0x00000003


mem[X,0x8001A0E0] -> 0x006F
mem[X,0x8001A0E2] -> 0x0040
[2738] [M]: 0x8001A0E0 (0x0040006F) jal zero, 4


mem[X,0x8001A0E4] -> 0xA823
mem[X,0x8001A0E6] -> 0x4240
[2739] [M]: 0x8001A0E4 (0x4240A823) sw tp, 1072(ra)
mem[0x8004B6A4] <- 0x00000003


mem[X,0x8001A0E8] -> 0x0513
mem[X,0x8001A0EA] -> 0x0000
[2740] [M]: 0x8001A0E8 (0x00000513) addi a0, zero, 0
x10 <- 0x00000000


mem[X,0x8001A0EC] -> 0x55B7
mem[X,0x8001A0EE] -> 0x5555
[2741] [M]: 0x8001A0EC (0x555555B7) lui a1, 349525
x11 <- 0x55555000


mem[X,0x8001A0F0] -> 0x8593
mem[X,0x8001A0F2] -> 0x5565
[2742] [M]: 0x8001A0F0 (0x55658593) addi a1, a1, 1366
x11 <- 0x55555556


mem[X,0x8001A0F4] -> 0x0213
mem[X,0x8001A0F6] -> 0x0000
[2743] [M]: 0x8001A0F4 (0x00000213) addi tp, zero, 0
x4 <- 0x00000000


mem[X,0x8001A0F8] -> 0x006F
mem[X,0x8001A0FA] -> 0x0100
[2744] [M]: 0x8001A0F8 (0x0100006F) jal zero, 16


mem[X,0x8001A108] -> 0x6AE3
mem[X,0x8001A10A] -> 0xFEB5
[2745] [M]: 0x8001A108 (0xFEB56AE3) bltu a0, a1, 8180


mem[X,0x8001A0FC] -> 0x0213
mem[X,0x8001A0FE] -> 0x0012
[2746] [M]: 0x8001A0FC (0x00120213) addi tp, tp, 1
x4 <- 0x00000001


mem[X,0x8001A100] -> 0x006F
mem[X,0x8001A102] -> 0x01C0
[2747] [M]: 0x8001A100 (0x01C0006F) jal zero, 28


mem[X,0x8001A11C] -> 0xAA23
mem[X,0x8001A11E] -> 0x4240
[2748] [M]: 0x8001A11C (0x4240AA23) sw tp, 1076(ra)
mem[0x8004B6A8] <- 0x00000001


mem[X,0x8001A120] -> 0x0513
mem[X,0x8001A122] -> 0x0000
[2749] [M]: 0x8001A120 (0x00000513) addi a0, zero, 0
x10 <- 0x00000000


mem[X,0x8001A124] -> 0xB5B7
mem[X,0x8001A126] -> 0xAAAA
[2750] [M]: 0x8001A124 (0xAAAAB5B7) lui a1, 699051
x11 <- 0xAAAAB000


mem[X,0x8001A128] -> 0x8593
mem[X,0x8001A12A] -> 0xAAB5
[2751] [M]: 0x8001A128 (0xAAB58593) addi a1, a1, 2731
x11 <- 0xAAAAAAAB


mem[X,0x8001A12C] -> 0x0213
mem[X,0x8001A12E] -> 0x0000
[2752] [M]: 0x8001A12C (0x00000213) addi tp, zero, 0
x4 <- 0x00000000


mem[X,0x8001A130] -> 0x006F
mem[X,0x8001A132] -> 0x00C0
[2753] [M]: 0x8001A130 (0x00C0006F) jal zero, 12


mem[X,0x8001A13C] -> 0x6663
mem[X,0x8001A13E] -> 0x00B5
[2754] [M]: 0x8001A13C (0x00B56663) bltu a0, a1, 12


mem[X,0x8001A148] -> 0x0213
mem[X,0x8001A14A] -> 0x0032
[2755] [M]: 0x8001A148 (0x00320213) addi tp, tp, 3
x4 <- 0x00000003


mem[X,0x8001A14C] -> 0x006F
mem[X,0x8001A14E] -> 0x0040
[2756] [M]: 0x8001A14C (0x0040006F) jal zero, 4


mem[X,0x8001A150] -> 0xAC23
mem[X,0x8001A152] -> 0x4240
[2757] [M]: 0x8001A150 (0x4240AC23) sw tp, 1080(ra)
mem[0x8004B6AC] <- 0x00000003


mem[X,0x8001A154] -> 0x0513
mem[X,0x8001A156] -> 0x0000
[2758] [M]: 0x8001A154 (0x00000513) addi a0, zero, 0
x10 <- 0x00000000


mem[X,0x8001A158] -> 0x0593
mem[X,0x8001A15A] -> 0x0060
[2759] [M]: 0x8001A158 (0x00600593) addi a1, zero, 6
x11 <- 0x00000006


mem[X,0x8001A15C] -> 0x0213
mem[X,0x8001A15E] -> 0x0000
[2760] [M]: 0x8001A15C (0x00000213) addi tp, zero, 0
x4 <- 0x00000000


mem[X,0x8001A160] -> 0x006F
mem[X,0x8001A162] -> 0x00C0
[2761] [M]: 0x8001A160 (0x00C0006F) jal zero, 12


mem[X,0x8001A16C] -> 0x6663
mem[X,0x8001A16E] -> 0x00B5
[2762] [M]: 0x8001A16C (0x00B56663) bltu a0, a1, 12


mem[X,0x8001A178] -> 0x0213
mem[X,0x8001A17A] -> 0x0032
[2763] [M]: 0x8001A178 (0x00320213) addi tp, tp, 3
x4 <- 0x00000003


mem[X,0x8001A17C] -> 0x006F
mem[X,0x8001A17E] -> 0x0040
[2764] [M]: 0x8001A17C (0x0040006F) jal zero, 4


mem[X,0x8001A180] -> 0xAE23
mem[X,0x8001A182] -> 0x4240
[2765] [M]: 0x8001A180 (0x4240AE23) sw tp, 1084(ra)
mem[0x8004B6B0] <- 0x00000003


mem[X,0x8001A184] -> 0x0513
mem[X,0x8001A186] -> 0x0000
[2766] [M]: 0x8001A184 (0x00000513) addi a0, zero, 0
x10 <- 0x00000000


mem[X,0x8001A188] -> 0x35B7
mem[X,0x8001A18A] -> 0x3333
[2767] [M]: 0x8001A188 (0x333335B7) lui a1, 209715
x11 <- 0x33333000


mem[X,0x8001A18C] -> 0x8593
mem[X,0x8001A18E] -> 0x3345
[2768] [M]: 0x8001A18C (0x33458593) addi a1, a1, 820
x11 <- 0x33333334


mem[X,0x8001A190] -> 0x0213
mem[X,0x8001A192] -> 0x0000
[2769] [M]: 0x8001A190 (0x00000213) addi tp, zero, 0
x4 <- 0x00000000


mem[X,0x8001A194] -> 0x006F
mem[X,0x8001A196] -> 0x0140
[2770] [M]: 0x8001A194 (0x0140006F) jal zero, 20


mem[X,0x8001A1A8] -> 0x68E3
mem[X,0x8001A1AA] -> 0xFEB5
[2771] [M]: 0x8001A1A8 (0xFEB568E3) bltu a0, a1, 8176


mem[X,0x8001A198] -> 0x0213
mem[X,0x8001A19A] -> 0x0012
[2772] [M]: 0x8001A198 (0x00120213) addi tp, tp, 1
x4 <- 0x00000001


mem[X,0x8001A19C] -> 0x006F
mem[X,0x8001A19E] -> 0x0200
[2773] [M]: 0x8001A19C (0x0200006F) jal zero, 32


mem[X,0x8001A1BC] -> 0xA023
mem[X,0x8001A1BE] -> 0x4440
[2774] [M]: 0x8001A1BC (0x4440A023) sw tp, 1088(ra)
mem[0x8004B6B4] <- 0x00000001


mem[X,0x8001A1C0] -> 0x0513
mem[X,0x8001A1C2] -> 0x0000
[2775] [M]: 0x8001A1C0 (0x00000513) addi a0, zero, 0
x10 <- 0x00000000


mem[X,0x8001A1C4] -> 0x65B7
mem[X,0x8001A1C6] -> 0x6666
[2776] [M]: 0x8001A1C4 (0x666665B7) lui a1, 419430
x11 <- 0x66666000


mem[X,0x8001A1C8] -> 0x8593
mem[X,0x8001A1CA] -> 0x6675
[2777] [M]: 0x8001A1C8 (0x66758593) addi a1, a1, 1639
x11 <- 0x66666667


mem[X,0x8001A1CC] -> 0x0213
mem[X,0x8001A1CE] -> 0x0000
[2778] [M]: 0x8001A1CC (0x00000213) addi tp, zero, 0
x4 <- 0x00000000


mem[X,0x8001A1D0] -> 0x006F
mem[X,0x8001A1D2] -> 0x00C0
[2779] [M]: 0x8001A1D0 (0x00C0006F) jal zero, 12


mem[X,0x8001A1DC] -> 0x6663
mem[X,0x8001A1DE] -> 0x00B5
[2780] [M]: 0x8001A1DC (0x00B56663) bltu a0, a1, 12


mem[X,0x8001A1E8] -> 0x0213
mem[X,0x8001A1EA] -> 0x0032
[2781] [M]: 0x8001A1E8 (0x00320213) addi tp, tp, 3
x4 <- 0x00000003


mem[X,0x8001A1EC] -> 0x006F
mem[X,0x8001A1EE] -> 0x0040
[2782] [M]: 0x8001A1EC (0x0040006F) jal zero, 4


mem[X,0x8001A1F0] -> 0xA223
mem[X,0x8001A1F2] -> 0x4440
[2783] [M]: 0x8001A1F0 (0x4440A223) sw tp, 1092(ra)
mem[0x8004B6B8] <- 0x00000003


mem[X,0x8001A1F4] -> 0x0513
mem[X,0x8001A1F6] -> 0x0000
[2784] [M]: 0x8001A1F4 (0x00000513) addi a0, zero, 0
x10 <- 0x00000000


mem[X,0x8001A1F8] -> 0xB5B7
mem[X,0x8001A1FA] -> 0x0000
[2785] [M]: 0x8001A1F8 (0x0000B5B7) lui a1, 11
x11 <- 0x0000B000


mem[X,0x8001A1FC] -> 0x8593
mem[X,0x8001A1FE] -> 0x5055
[2786] [M]: 0x8001A1FC (0x50558593) addi a1, a1, 1285
x11 <- 0x0000B505


mem[X,0x8001A200] -> 0x0213
mem[X,0x8001A202] -> 0x0000
[2787] [M]: 0x8001A200 (0x00000213) addi tp, zero, 0
x4 <- 0x00000000


mem[X,0x8001A204] -> 0x006F
mem[X,0x8001A206] -> 0x00C0
[2788] [M]: 0x8001A204 (0x00C0006F) jal zero, 12


mem[X,0x8001A210] -> 0x6863
mem[X,0x8001A212] -> 0x00B5
[2789] [M]: 0x8001A210 (0x00B56863) bltu a0, a1, 16


mem[X,0x8001A220] -> 0x0213
mem[X,0x8001A222] -> 0x0032
[2790] [M]: 0x8001A220 (0x00320213) addi tp, tp, 3
x4 <- 0x00000003


mem[X,0x8001A224] -> 0x006F
mem[X,0x8001A226] -> 0x0040
[2791] [M]: 0x8001A224 (0x0040006F) jal zero, 4


mem[X,0x8001A228] -> 0xA423
mem[X,0x8001A22A] -> 0x4440
[2792] [M]: 0x8001A228 (0x4440A423) sw tp, 1096(ra)
mem[0x8004B6BC] <- 0x00000003


mem[X,0x8001A22C] -> 0x0513
mem[X,0x8001A22E] -> 0x0000
[2793] [M]: 0x8001A22C (0x00000513) addi a0, zero, 0
x10 <- 0x00000000


mem[X,0x8001A230] -> 0x0593
mem[X,0x8001A232] -> 0x0010
[2794] [M]: 0x8001A230 (0x00100593) addi a1, zero, 1
x11 <- 0x00000001


mem[X,0x8001A234] -> 0x0213
mem[X,0x8001A236] -> 0x0000
[2795] [M]: 0x8001A234 (0x00000213) addi tp, zero, 0
x4 <- 0x00000000


mem[X,0x8001A238] -> 0x006F
mem[X,0x8001A23A] -> 0x2B10
[2796] [M]: 0x8001A238 (0x2B10006F) jal zero, 2736


mem[X,0x8001ACE8] -> 0x6A63
mem[X,0x8001ACEA] -> 0xD4B5
[2797] [M]: 0x8001ACE8 (0xD4B56A63) bltu a0, a1, 5460


mem[X,0x8001A23C] -> 0x0213
mem[X,0x8001A23E] -> 0x0012
[2798] [M]: 0x8001A23C (0x00120213) addi tp, tp, 1
x4 <- 0x00000001


mem[X,0x8001A240] -> 0x006F
mem[X,0x8001A242] -> 0x2BD0
[2799] [M]: 0x8001A240 (0x2BD0006F) jal zero, 2748


clint::tick mtime <- 0x000000000000001C
 clint timer pending at mtime 0x000000000000001C
htif::tick 0x0000000000000000
mem[X,0x8001ACFC] -> 0xA623
mem[X,0x8001ACFE] -> 0x4440
[2800] [M]: 0x8001ACFC (0x4440A623) sw tp, 1100(ra)
mem[0x8004B6C0] <- 0x00000001


mem[X,0x8001AD00] -> 0x0537
mem[X,0x8001AD02] -> 0x0001
[2801] [M]: 0x8001AD00 (0x00010537) lui a0, 16
x10 <- 0x00010000


mem[X,0x8001AD04] -> 0x0513
mem[X,0x8001AD06] -> 0xFFF5
[2802] [M]: 0x8001AD04 (0xFFF50513) addi a0, a0, 4095
x10 <- 0x0000FFFF


mem[X,0x8001AD08] -> 0x0593
mem[X,0x8001AD0A] -> 0x0030
[2803] [M]: 0x8001AD08 (0x00300593) addi a1, zero, 3
x11 <- 0x00000003


mem[X,0x8001AD0C] -> 0x0213
mem[X,0x8001AD0E] -> 0x0000
[2804] [M]: 0x8001AD0C (0x00000213) addi tp, zero, 0
x4 <- 0x00000000


mem[X,0x8001AD10] -> 0x006F
mem[X,0x8001AD12] -> 0x00C0
[2805] [M]: 0x8001AD10 (0x00C0006F) jal zero, 12


mem[X,0x8001AD1C] -> 0x6063
mem[X,0x8001AD1E] -> 0x10B5
[2806] [M]: 0x8001AD1C (0x10B56063) bltu a0, a1, 256


mem[X,0x8001AD20] -> 0x0213
mem[X,0x8001AD22] -> 0x0022
[2807] [M]: 0x8001AD20 (0x00220213) addi tp, tp, 2
x4 <- 0x00000002


mem[X,0x8001AD24] -> 0x006F
mem[X,0x8001AD26] -> 0x1000
[2808] [M]: 0x8001AD24 (0x1000006F) jal zero, 256


mem[X,0x8001AE24] -> 0xA823
mem[X,0x8001AE26] -> 0x4440
[2809] [M]: 0x8001AE24 (0x4440A823) sw tp, 1104(ra)
mem[0x8004B6C4] <- 0x00000002


mem[X,0x8001AE28] -> 0x0537
mem[X,0x8001AE2A] -> 0x0001
[2810] [M]: 0x8001AE28 (0x00010537) lui a0, 16
x10 <- 0x00010000


mem[X,0x8001AE2C] -> 0x0513
mem[X,0x8001AE2E] -> 0xFFF5
[2811] [M]: 0x8001AE2C (0xFFF50513) addi a0, a0, 4095
x10 <- 0x0000FFFF


mem[X,0x8001AE30] -> 0x55B7
mem[X,0x8001AE32] -> 0x5555
[2812] [M]: 0x8001AE30 (0x555555B7) lui a1, 349525
x11 <- 0x55555000


mem[X,0x8001AE34] -> 0x8593
mem[X,0x8001AE36] -> 0x5555
[2813] [M]: 0x8001AE34 (0x55558593) addi a1, a1, 1365
x11 <- 0x55555555


mem[X,0x8001AE38] -> 0x0213
mem[X,0x8001AE3A] -> 0x0000
[2814] [M]: 0x8001AE38 (0x00000213) addi tp, zero, 0
x4 <- 0x00000000


mem[X,0x8001AE3C] -> 0x006F
mem[X,0x8001AE3E] -> 0x00C0
[2815] [M]: 0x8001AE3C (0x00C0006F) jal zero, 12


mem[X,0x8001AE48] -> 0x6063
mem[X,0x8001AE4A] -> 0x20B5
[2816] [M]: 0x8001AE48 (0x20B56063) bltu a0, a1, 512


mem[X,0x8001B048] -> 0x0213
mem[X,0x8001B04A] -> 0x0032
[2817] [M]: 0x8001B048 (0x00320213) addi tp, tp, 3
x4 <- 0x00000003


mem[X,0x8001B04C] -> 0x006F
mem[X,0x8001B04E] -> 0x0040
[2818] [M]: 0x8001B04C (0x0040006F) jal zero, 4


mem[X,0x8001B050] -> 0xAA23
mem[X,0x8001B052] -> 0x4440
[2819] [M]: 0x8001B050 (0x4440AA23) sw tp, 1108(ra)
mem[0x8004B6C8] <- 0x00000003


mem[X,0x8001B054] -> 0x0537
mem[X,0x8001B056] -> 0x0001
[2820] [M]: 0x8001B054 (0x00010537) lui a0, 16
x10 <- 0x00010000


mem[X,0x8001B058] -> 0x0513
mem[X,0x8001B05A] -> 0xFFF5
[2821] [M]: 0x8001B058 (0xFFF50513) addi a0, a0, 4095
x10 <- 0x0000FFFF


mem[X,0x8001B05C] -> 0xB5B7
mem[X,0x8001B05E] -> 0xAAAA
[2822] [M]: 0x8001B05C (0xAAAAB5B7) lui a1, 699051
x11 <- 0xAAAAB000


mem[X,0x8001B060] -> 0x8593
mem[X,0x8001B062] -> 0xAAA5
[2823] [M]: 0x8001B060 (0xAAA58593) addi a1, a1, 2730
x11 <- 0xAAAAAAAA


mem[X,0x8001B064] -> 0x0213
mem[X,0x8001B066] -> 0x0000
[2824] [M]: 0x8001B064 (0x00000213) addi tp, zero, 0
x4 <- 0x00000000


mem[X,0x8001B068] -> 0x006F
mem[X,0x8001B06A] -> 0x2B10
[2825] [M]: 0x8001B068 (0x2B10006F) jal zero, 2736


mem[X,0x8001BB18] -> 0x6A63
mem[X,0x8001BB1A] -> 0xD4B5
[2826] [M]: 0x8001BB18 (0xD4B56A63) bltu a0, a1, 5460


mem[X,0x8001B06C] -> 0x0213
mem[X,0x8001B06E] -> 0x0012
[2827] [M]: 0x8001B06C (0x00120213) addi tp, tp, 1
x4 <- 0x00000001


mem[X,0x8001B070] -> 0x006F
mem[X,0x8001B072] -> 0x2BD0
[2828] [M]: 0x8001B070 (0x2BD0006F) jal zero, 2748


mem[X,0x8001BB2C] -> 0xAC23
mem[X,0x8001BB2E] -> 0x4440
[2829] [M]: 0x8001BB2C (0x4440AC23) sw tp, 1112(ra)
mem[0x8004B6CC] <- 0x00000001


mem[X,0x8001BB30] -> 0x0537
mem[X,0x8001BB32] -> 0x0001
[2830] [M]: 0x8001BB30 (0x00010537) lui a0, 16
x10 <- 0x00010000


mem[X,0x8001BB34] -> 0x0513
mem[X,0x8001BB36] -> 0xFFF5
[2831] [M]: 0x8001BB34 (0xFFF50513) addi a0, a0, 4095
x10 <- 0x0000FFFF


mem[X,0x8001BB38] -> 0x0593
mem[X,0x8001BB3A] -> 0x0050
[2832] [M]: 0x8001BB38 (0x00500593) addi a1, zero, 5
x11 <- 0x00000005


mem[X,0x8001BB3C] -> 0x0213
mem[X,0x8001BB3E] -> 0x0000
[2833] [M]: 0x8001BB3C (0x00000213) addi tp, zero, 0
x4 <- 0x00000000


mem[X,0x8001BB40] -> 0x006F
mem[X,0x8001BB42] -> 0x00C0
[2834] [M]: 0x8001BB40 (0x00C0006F) jal zero, 12


mem[X,0x8001BB4C] -> 0x6CE3
mem[X,0x8001BB4E] -> 0xFEB5
[2835] [M]: 0x8001BB4C (0xFEB56CE3) bltu a0, a1, 8184


mem[X,0x8001BB50] -> 0x0213
mem[X,0x8001BB52] -> 0x0022
[2836] [M]: 0x8001BB50 (0x00220213) addi tp, tp, 2
x4 <- 0x00000002


mem[X,0x8001BB54] -> 0x006F
mem[X,0x8001BB56] -> 0x00C0
[2837] [M]: 0x8001BB54 (0x00C0006F) jal zero, 12


mem[X,0x8001BB60] -> 0xAE23
mem[X,0x8001BB62] -> 0x4440
[2838] [M]: 0x8001BB60 (0x4440AE23) sw tp, 1116(ra)
mem[0x8004B6D0] <- 0x00000002


mem[X,0x8001BB64] -> 0x0537
mem[X,0x8001BB66] -> 0x0001
[2839] [M]: 0x8001BB64 (0x00010537) lui a0, 16
x10 <- 0x00010000


mem[X,0x8001BB68] -> 0x0513
mem[X,0x8001BB6A] -> 0xFFF5
[2840] [M]: 0x8001BB68 (0xFFF50513) addi a0, a0, 4095
x10 <- 0x0000FFFF


mem[X,0x8001BB6C] -> 0x35B7
mem[X,0x8001BB6E] -> 0x3333
[2841] [M]: 0x8001BB6C (0x333335B7) lui a1, 209715
x11 <- 0x33333000


mem[X,0x8001BB70] -> 0x8593
mem[X,0x8001BB72] -> 0x3335
[2842] [M]: 0x8001BB70 (0x33358593) addi a1, a1, 819
x11 <- 0x33333333


mem[X,0x8001BB74] -> 0x0213
mem[X,0x8001BB76] -> 0x0000
[2843] [M]: 0x8001BB74 (0x00000213) addi tp, zero, 0
x4 <- 0x00000000


mem[X,0x8001BB78] -> 0x006F
mem[X,0x8001BB7A] -> 0x00C0
[2844] [M]: 0x8001BB78 (0x00C0006F) jal zero, 12


mem[X,0x8001BB84] -> 0x6663
mem[X,0x8001BB86] -> 0x00B5
[2845] [M]: 0x8001BB84 (0x00B56663) bltu a0, a1, 12


mem[X,0x8001BB90] -> 0x0213
mem[X,0x8001BB92] -> 0x0032
[2846] [M]: 0x8001BB90 (0x00320213) addi tp, tp, 3
x4 <- 0x00000003


mem[X,0x8001BB94] -> 0x006F
mem[X,0x8001BB96] -> 0x0040
[2847] [M]: 0x8001BB94 (0x0040006F) jal zero, 4


mem[X,0x8001BB98] -> 0xA023
mem[X,0x8001BB9A] -> 0x4640
[2848] [M]: 0x8001BB98 (0x4640A023) sw tp, 1120(ra)
mem[0x8004B6D4] <- 0x00000003


mem[X,0x8001BB9C] -> 0x0537
mem[X,0x8001BB9E] -> 0x0001
[2849] [M]: 0x8001BB9C (0x00010537) lui a0, 16
x10 <- 0x00010000


mem[X,0x8001BBA0] -> 0x0513
mem[X,0x8001BBA2] -> 0xFFF5
[2850] [M]: 0x8001BBA0 (0xFFF50513) addi a0, a0, 4095
x10 <- 0x0000FFFF


mem[X,0x8001BBA4] -> 0x65B7
mem[X,0x8001BBA6] -> 0x6666
[2851] [M]: 0x8001BBA4 (0x666665B7) lui a1, 419430
x11 <- 0x66666000


mem[X,0x8001BBA8] -> 0x8593
mem[X,0x8001BBAA] -> 0x6665
[2852] [M]: 0x8001BBA8 (0x66658593) addi a1, a1, 1638
x11 <- 0x66666666


mem[X,0x8001BBAC] -> 0x0213
mem[X,0x8001BBAE] -> 0x0000
[2853] [M]: 0x8001BBAC (0x00000213) addi tp, zero, 0
x4 <- 0x00000000


mem[X,0x8001BBB0] -> 0x006F
mem[X,0x8001BBB2] -> 0x00C0
[2854] [M]: 0x8001BBB0 (0x00C0006F) jal zero, 12


mem[X,0x8001BBBC] -> 0x6CE3
mem[X,0x8001BBBE] -> 0xFEB5
[2855] [M]: 0x8001BBBC (0xFEB56CE3) bltu a0, a1, 8184


mem[X,0x8001BBB4] -> 0x0213
mem[X,0x8001BBB6] -> 0x0012
[2856] [M]: 0x8001BBB4 (0x00120213) addi tp, tp, 1
x4 <- 0x00000001


mem[X,0x8001BBB8] -> 0x006F
mem[X,0x8001BBBA] -> 0x0180
[2857] [M]: 0x8001BBB8 (0x0180006F) jal zero, 24


mem[X,0x8001BBD0] -> 0xA223
mem[X,0x8001BBD2] -> 0x4640
[2858] [M]: 0x8001BBD0 (0x4640A223) sw tp, 1124(ra)
mem[0x8004B6D8] <- 0x00000001


mem[X,0x8001BBD4] -> 0x0537
mem[X,0x8001BBD6] -> 0x0001
[2859] [M]: 0x8001BBD4 (0x00010537) lui a0, 16
x10 <- 0x00010000


mem[X,0x8001BBD8] -> 0x0513
mem[X,0x8001BBDA] -> 0xFFF5
[2860] [M]: 0x8001BBD8 (0xFFF50513) addi a0, a0, 4095
x10 <- 0x0000FFFF


mem[X,0x8001BBDC] -> 0xB5B7
mem[X,0x8001BBDE] -> 0x0000
[2861] [M]: 0x8001BBDC (0x0000B5B7) lui a1, 11
x11 <- 0x0000B000


mem[X,0x8001BBE0] -> 0x8593
mem[X,0x8001BBE2] -> 0x5045
[2862] [M]: 0x8001BBE0 (0x50458593) addi a1, a1, 1284
x11 <- 0x0000B504


mem[X,0x8001BBE4] -> 0x0213
mem[X,0x8001BBE6] -> 0x0000
[2863] [M]: 0x8001BBE4 (0x00000213) addi tp, zero, 0
x4 <- 0x00000000


mem[X,0x8001BBE8] -> 0x006F
mem[X,0x8001BBEA] -> 0x00C0
[2864] [M]: 0x8001BBE8 (0x00C0006F) jal zero, 12


mem[X,0x8001BBF4] -> 0x6CE3
mem[X,0x8001BBF6] -> 0xFEB5
[2865] [M]: 0x8001BBF4 (0xFEB56CE3) bltu a0, a1, 8184


mem[X,0x8001BBF8] -> 0x0213
mem[X,0x8001BBFA] -> 0x0022
[2866] [M]: 0x8001BBF8 (0x00220213) addi tp, tp, 2
x4 <- 0x00000002


mem[X,0x8001BBFC] -> 0x006F
mem[X,0x8001BBFE] -> 0x00C0
[2867] [M]: 0x8001BBFC (0x00C0006F) jal zero, 12


mem[X,0x8001BC08] -> 0xA423
mem[X,0x8001BC0A] -> 0x4640
[2868] [M]: 0x8001BC08 (0x4640A423) sw tp, 1128(ra)
mem[0x8004B6DC] <- 0x00000002


mem[X,0x8001BC0C] -> 0x0537
mem[X,0x8001BC0E] -> 0x0001
[2869] [M]: 0x8001BC0C (0x00010537) lui a0, 16
x10 <- 0x00010000


mem[X,0x8001BC10] -> 0x0513
mem[X,0x8001BC12] -> 0xFFF5
[2870] [M]: 0x8001BC10 (0xFFF50513) addi a0, a0, 4095
x10 <- 0x0000FFFF


mem[X,0x8001BC14] -> 0x0593
mem[X,0x8001BC16] -> 0x0000
[2871] [M]: 0x8001BC14 (0x00000593) addi a1, zero, 0
x11 <- 0x00000000


mem[X,0x8001BC18] -> 0x0213
mem[X,0x8001BC1A] -> 0x0000
[2872] [M]: 0x8001BC18 (0x00000213) addi tp, zero, 0
x4 <- 0x00000000


mem[X,0x8001BC1C] -> 0x006F
mem[X,0x8001BC1E] -> 0x00C0
[2873] [M]: 0x8001BC1C (0x00C0006F) jal zero, 12


mem[X,0x8001BC28] -> 0x6063
mem[X,0x8001BC2A] -> 0x08B5
[2874] [M]: 0x8001BC28 (0x08B56063) bltu a0, a1, 128


mem[X,0x8001BC2C] -> 0x0213
mem[X,0x8001BC2E] -> 0x0022
[2875] [M]: 0x8001BC2C (0x00220213) addi tp, tp, 2
x4 <- 0x00000002


mem[X,0x8001BC30] -> 0x006F
mem[X,0x8001BC32] -> 0x0800
[2876] [M]: 0x8001BC30 (0x0800006F) jal zero, 128


mem[X,0x8001BCB0] -> 0xA623
mem[X,0x8001BCB2] -> 0x4640
[2877] [M]: 0x8001BCB0 (0x4640A623) sw tp, 1132(ra)
mem[0x8004B6E0] <- 0x00000002


mem[X,0x8001BCB4] -> 0x0537
mem[X,0x8001BCB6] -> 0x0001
[2878] [M]: 0x8001BCB4 (0x00010537) lui a0, 16
x10 <- 0x00010000


mem[X,0x8001BCB8] -> 0x0513
mem[X,0x8001BCBA] -> 0xFFF5
[2879] [M]: 0x8001BCB8 (0xFFF50513) addi a0, a0, 4095
x10 <- 0x0000FFFF


mem[X,0x8001BCBC] -> 0x05B7
mem[X,0x8001BCBE] -> 0x0001
[2880] [M]: 0x8001BCBC (0x000105B7) lui a1, 16
x11 <- 0x00010000


mem[X,0x8001BCC0] -> 0x8593
mem[X,0x8001BCC2] -> 0xFFF5
[2881] [M]: 0x8001BCC0 (0xFFF58593) addi a1, a1, 4095
x11 <- 0x0000FFFF


mem[X,0x8001BCC4] -> 0x0213
mem[X,0x8001BCC6] -> 0x0000
[2882] [M]: 0x8001BCC4 (0x00000213) addi tp, zero, 0
x4 <- 0x00000000


mem[X,0x8001BCC8] -> 0x006F
mem[X,0x8001BCCA] -> 0x0050
[2883] [M]: 0x8001BCC8 (0x0050006F) jal zero, 2052


mem[X,0x8001C4CC] -> 0x60E3
mem[X,0x8001C4CE] -> 0x80B5
[2884] [M]: 0x8001C4CC (0x80B560E3) bltu a0, a1, 6144


mem[X,0x8001C4D0] -> 0x0213
mem[X,0x8001C4D2] -> 0x0022
[2885] [M]: 0x8001C4D0 (0x00220213) addi tp, tp, 2
x4 <- 0x00000002


mem[X,0x8001C4D4] -> 0x006F
mem[X,0x8001C4D6] -> 0x00C0
[2886] [M]: 0x8001C4D4 (0x00C0006F) jal zero, 12


mem[X,0x8001C4E0] -> 0xA823
mem[X,0x8001C4E2] -> 0x4640
[2887] [M]: 0x8001C4E0 (0x4640A823) sw tp, 1136(ra)
mem[0x8004B6E4] <- 0x00000002


mem[X,0x8001C4E4] -> 0x0537
mem[X,0x8001C4E6] -> 0x0001
[2888] [M]: 0x8001C4E4 (0x00010537) lui a0, 16
x10 <- 0x00010000


mem[X,0x8001C4E8] -> 0x0513
mem[X,0x8001C4EA] -> 0xFFF5
[2889] [M]: 0x8001C4E8 (0xFFF50513) addi a0, a0, 4095
x10 <- 0x0000FFFF


mem[X,0x8001C4EC] -> 0x0593
mem[X,0x8001C4EE] -> 0x0020
[2890] [M]: 0x8001C4EC (0x00200593) addi a1, zero, 2
x11 <- 0x00000002


mem[X,0x8001C4F0] -> 0x0213
mem[X,0x8001C4F2] -> 0x0000
[2891] [M]: 0x8001C4F0 (0x00000213) addi tp, zero, 0
x4 <- 0x00000000


mem[X,0x8001C4F4] -> 0x006F
mem[X,0x8001C4F6] -> 0x00C0
[2892] [M]: 0x8001C4F4 (0x00C0006F) jal zero, 12


mem[X,0x8001C500] -> 0x6663
mem[X,0x8001C502] -> 0x00B5
[2893] [M]: 0x8001C500 (0x00B56663) bltu a0, a1, 12


mem[X,0x8001C504] -> 0x0213
mem[X,0x8001C506] -> 0x0022
[2894] [M]: 0x8001C504 (0x00220213) addi tp, tp, 2
x4 <- 0x00000002


mem[X,0x8001C508] -> 0x006F
mem[X,0x8001C50A] -> 0x00C0
[2895] [M]: 0x8001C508 (0x00C0006F) jal zero, 12


mem[X,0x8001C514] -> 0xAA23
mem[X,0x8001C516] -> 0x4640
[2896] [M]: 0x8001C514 (0x4640AA23) sw tp, 1140(ra)
mem[0x8004B6E8] <- 0x00000002


mem[X,0x8001C518] -> 0x0537
mem[X,0x8001C51A] -> 0x0001
[2897] [M]: 0x8001C518 (0x00010537) lui a0, 16
x10 <- 0x00010000


mem[X,0x8001C51C] -> 0x0513
mem[X,0x8001C51E] -> 0xFFF5
[2898] [M]: 0x8001C51C (0xFFF50513) addi a0, a0, 4095
x10 <- 0x0000FFFF


mem[X,0x8001C520] -> 0x55B7
mem[X,0x8001C522] -> 0x5555
[2899] [M]: 0x8001C520 (0x555555B7) lui a1, 349525
x11 <- 0x55555000


clint::tick mtime <- 0x000000000000001D
 clint timer pending at mtime 0x000000000000001D
htif::tick 0x0000000000000000
mem[X,0x8001C524] -> 0x8593
mem[X,0x8001C526] -> 0x5545
[2900] [M]: 0x8001C524 (0x55458593) addi a1, a1, 1364
x11 <- 0x55555554


mem[X,0x8001C528] -> 0x0213
mem[X,0x8001C52A] -> 0x0000
[2901] [M]: 0x8001C528 (0x00000213) addi tp, zero, 0
x4 <- 0x00000000


mem[X,0x8001C52C] -> 0x006F
mem[X,0x8001C52E] -> 0x00C0
[2902] [M]: 0x8001C52C (0x00C0006F) jal zero, 12


mem[X,0x8001C538] -> 0x6CE3
mem[X,0x8001C53A] -> 0xFEB5
[2903] [M]: 0x8001C538 (0xFEB56CE3) bltu a0, a1, 8184


mem[X,0x8001C530] -> 0x0213
mem[X,0x8001C532] -> 0x0012
[2904] [M]: 0x8001C530 (0x00120213) addi tp, tp, 1
x4 <- 0x00000001


mem[X,0x8001C534] -> 0x006F
mem[X,0x8001C536] -> 0x0180
[2905] [M]: 0x8001C534 (0x0180006F) jal zero, 24


mem[X,0x8001C54C] -> 0xAC23
mem[X,0x8001C54E] -> 0x4640
[2906] [M]: 0x8001C54C (0x4640AC23) sw tp, 1144(ra)
mem[0x8004B6EC] <- 0x00000001


mem[X,0x8001C550] -> 0x0537
mem[X,0x8001C552] -> 0x0001
[2907] [M]: 0x8001C550 (0x00010537) lui a0, 16
x10 <- 0x00010000


mem[X,0x8001C554] -> 0x0513
mem[X,0x8001C556] -> 0xFFF5
[2908] [M]: 0x8001C554 (0xFFF50513) addi a0, a0, 4095
x10 <- 0x0000FFFF


mem[X,0x8001C558] -> 0xB5B7
mem[X,0x8001C55A] -> 0xAAAA
[2909] [M]: 0x8001C558 (0xAAAAB5B7) lui a1, 699051
x11 <- 0xAAAAB000


mem[X,0x8001C55C] -> 0x8593
mem[X,0x8001C55E] -> 0xAA95
[2910] [M]: 0x8001C55C (0xAA958593) addi a1, a1, 2729
x11 <- 0xAAAAAAA9


mem[X,0x8001C560] -> 0x0213
mem[X,0x8001C562] -> 0x0000
[2911] [M]: 0x8001C560 (0x00000213) addi tp, zero, 0
x4 <- 0x00000000


mem[X,0x8001C564] -> 0x006F
mem[X,0x8001C566] -> 0x2B10
[2912] [M]: 0x8001C564 (0x2B10006F) jal zero, 2736


mem[X,0x8001D014] -> 0x6A63
mem[X,0x8001D016] -> 0xD4B5
[2913] [M]: 0x8001D014 (0xD4B56A63) bltu a0, a1, 5460


mem[X,0x8001C568] -> 0x0213
mem[X,0x8001C56A] -> 0x0012
[2914] [M]: 0x8001C568 (0x00120213) addi tp, tp, 1
x4 <- 0x00000001


mem[X,0x8001C56C] -> 0x006F
mem[X,0x8001C56E] -> 0x2BD0
[2915] [M]: 0x8001C56C (0x2BD0006F) jal zero, 2748


mem[X,0x8001D028] -> 0xAE23
mem[X,0x8001D02A] -> 0x4640
[2916] [M]: 0x8001D028 (0x4640AE23) sw tp, 1148(ra)
mem[0x8004B6F0] <- 0x00000001


mem[X,0x8001D02C] -> 0x0537
mem[X,0x8001D02E] -> 0x0001
[2917] [M]: 0x8001D02C (0x00010537) lui a0, 16
x10 <- 0x00010000


mem[X,0x8001D030] -> 0x0513
mem[X,0x8001D032] -> 0xFFF5
[2918] [M]: 0x8001D030 (0xFFF50513) addi a0, a0, 4095
x10 <- 0x0000FFFF


mem[X,0x8001D034] -> 0x0593
mem[X,0x8001D036] -> 0x0040
[2919] [M]: 0x8001D034 (0x00400593) addi a1, zero, 4
x11 <- 0x00000004


mem[X,0x8001D038] -> 0x0213
mem[X,0x8001D03A] -> 0x0000
[2920] [M]: 0x8001D038 (0x00000213) addi tp, zero, 0
x4 <- 0x00000000


mem[X,0x8001D03C] -> 0x006F
mem[X,0x8001D03E] -> 0x00C0
[2921] [M]: 0x8001D03C (0x00C0006F) jal zero, 12


mem[X,0x8001D048] -> 0x6063
mem[X,0x8001D04A] -> 0x40B5
[2922] [M]: 0x8001D048 (0x40B56063) bltu a0, a1, 1024


mem[X,0x8001D04C] -> 0x0213
mem[X,0x8001D04E] -> 0x0022
[2923] [M]: 0x8001D04C (0x00220213) addi tp, tp, 2
x4 <- 0x00000002


mem[X,0x8001D050] -> 0x006F
mem[X,0x8001D052] -> 0x4000
[2924] [M]: 0x8001D050 (0x4000006F) jal zero, 1024


mem[X,0x8001D450] -> 0xA023
mem[X,0x8001D452] -> 0x4840
[2925] [M]: 0x8001D450 (0x4840A023) sw tp, 1152(ra)
mem[0x8004B6F4] <- 0x00000002


mem[X,0x8001D454] -> 0x0537
mem[X,0x8001D456] -> 0x0001
[2926] [M]: 0x8001D454 (0x00010537) lui a0, 16
x10 <- 0x00010000


mem[X,0x8001D458] -> 0x0513
mem[X,0x8001D45A] -> 0xFFF5
[2927] [M]: 0x8001D458 (0xFFF50513) addi a0, a0, 4095
x10 <- 0x0000FFFF


mem[X,0x8001D45C] -> 0x35B7
mem[X,0x8001D45E] -> 0x3333
[2928] [M]: 0x8001D45C (0x333335B7) lui a1, 209715
x11 <- 0x33333000


mem[X,0x8001D460] -> 0x8593
mem[X,0x8001D462] -> 0x3325
[2929] [M]: 0x8001D460 (0x33258593) addi a1, a1, 818
x11 <- 0x33333332


mem[X,0x8001D464] -> 0x0213
mem[X,0x8001D466] -> 0x0000
[2930] [M]: 0x8001D464 (0x00000213) addi tp, zero, 0
x4 <- 0x00000000


mem[X,0x8001D468] -> 0x006F
mem[X,0x8001D46A] -> 0x00C0
[2931] [M]: 0x8001D468 (0x00C0006F) jal zero, 12


mem[X,0x8001D474] -> 0x6663
mem[X,0x8001D476] -> 0x00B5
[2932] [M]: 0x8001D474 (0x00B56663) bltu a0, a1, 12


mem[X,0x8001D480] -> 0x0213
mem[X,0x8001D482] -> 0x0032
[2933] [M]: 0x8001D480 (0x00320213) addi tp, tp, 3
x4 <- 0x00000003


mem[X,0x8001D484] -> 0x006F
mem[X,0x8001D486] -> 0x0040
[2934] [M]: 0x8001D484 (0x0040006F) jal zero, 4


mem[X,0x8001D488] -> 0xA223
mem[X,0x8001D48A] -> 0x4840
[2935] [M]: 0x8001D488 (0x4840A223) sw tp, 1156(ra)
mem[0x8004B6F8] <- 0x00000003


mem[X,0x8001D48C] -> 0x0537
mem[X,0x8001D48E] -> 0x0001
[2936] [M]: 0x8001D48C (0x00010537) lui a0, 16
x10 <- 0x00010000


mem[X,0x8001D490] -> 0x0513
mem[X,0x8001D492] -> 0xFFF5
[2937] [M]: 0x8001D490 (0xFFF50513) addi a0, a0, 4095
x10 <- 0x0000FFFF


mem[X,0x8001D494] -> 0x65B7
mem[X,0x8001D496] -> 0x6666
[2938] [M]: 0x8001D494 (0x666665B7) lui a1, 419430
x11 <- 0x66666000


mem[X,0x8001D498] -> 0x8593
mem[X,0x8001D49A] -> 0x6655
[2939] [M]: 0x8001D498 (0x66558593) addi a1, a1, 1637
x11 <- 0x66666665


mem[X,0x8001D49C] -> 0x0213
mem[X,0x8001D49E] -> 0x0000
[2940] [M]: 0x8001D49C (0x00000213) addi tp, zero, 0
x4 <- 0x00000000


mem[X,0x8001D4A0] -> 0x006F
mem[X,0x8001D4A2] -> 0x00C0
[2941] [M]: 0x8001D4A0 (0x00C0006F) jal zero, 12


mem[X,0x8001D4AC] -> 0x6663
mem[X,0x8001D4AE] -> 0x00B5
[2942] [M]: 0x8001D4AC (0x00B56663) bltu a0, a1, 12


mem[X,0x8001D4B8] -> 0x0213
mem[X,0x8001D4BA] -> 0x0032
[2943] [M]: 0x8001D4B8 (0x00320213) addi tp, tp, 3
x4 <- 0x00000003


mem[X,0x8001D4BC] -> 0x006F
mem[X,0x8001D4BE] -> 0x0040
[2944] [M]: 0x8001D4BC (0x0040006F) jal zero, 4


mem[X,0x8001D4C0] -> 0xA423
mem[X,0x8001D4C2] -> 0x4840
[2945] [M]: 0x8001D4C0 (0x4840A423) sw tp, 1160(ra)
mem[0x8004B6FC] <- 0x00000003


mem[X,0x8001D4C4] -> 0x0537
mem[X,0x8001D4C6] -> 0x0001
[2946] [M]: 0x8001D4C4 (0x00010537) lui a0, 16
x10 <- 0x00010000


mem[X,0x8001D4C8] -> 0x0513
mem[X,0x8001D4CA] -> 0xFFF5
[2947] [M]: 0x8001D4C8 (0xFFF50513) addi a0, a0, 4095
x10 <- 0x0000FFFF


mem[X,0x8001D4CC] -> 0xB5B7
mem[X,0x8001D4CE] -> 0x0000
[2948] [M]: 0x8001D4CC (0x0000B5B7) lui a1, 11
x11 <- 0x0000B000


mem[X,0x8001D4D0] -> 0x8593
mem[X,0x8001D4D2] -> 0x5035
[2949] [M]: 0x8001D4D0 (0x50358593) addi a1, a1, 1283
x11 <- 0x0000B503


mem[X,0x8001D4D4] -> 0x0213
mem[X,0x8001D4D6] -> 0x0000
[2950] [M]: 0x8001D4D4 (0x00000213) addi tp, zero, 0
x4 <- 0x00000000


mem[X,0x8001D4D8] -> 0x006F
mem[X,0x8001D4DA] -> 0x00C0
[2951] [M]: 0x8001D4D8 (0x00C0006F) jal zero, 12


mem[X,0x8001D4E4] -> 0x6063
mem[X,0x8001D4E6] -> 0x40B5
[2952] [M]: 0x8001D4E4 (0x40B56063) bltu a0, a1, 1024


mem[X,0x8001D4E8] -> 0x0213
mem[X,0x8001D4EA] -> 0x0022
[2953] [M]: 0x8001D4E8 (0x00220213) addi tp, tp, 2
x4 <- 0x00000002


mem[X,0x8001D4EC] -> 0x006F
mem[X,0x8001D4EE] -> 0x4000
[2954] [M]: 0x8001D4EC (0x4000006F) jal zero, 1024


mem[X,0x8001D8EC] -> 0xA623
mem[X,0x8001D8EE] -> 0x4840
[2955] [M]: 0x8001D8EC (0x4840A623) sw tp, 1164(ra)
mem[0x8004B700] <- 0x00000002


mem[X,0x8001D8F0] -> 0x0537
mem[X,0x8001D8F2] -> 0x0001
[2956] [M]: 0x8001D8F0 (0x00010537) lui a0, 16
x10 <- 0x00010000


mem[X,0x8001D8F4] -> 0x0513
mem[X,0x8001D8F6] -> 0xFFF5
[2957] [M]: 0x8001D8F4 (0xFFF50513) addi a0, a0, 4095
x10 <- 0x0000FFFF


mem[X,0x8001D8F8] -> 0x05B7
mem[X,0x8001D8FA] -> 0x0001
[2958] [M]: 0x8001D8F8 (0x000105B7) lui a1, 16
x11 <- 0x00010000


mem[X,0x8001D8FC] -> 0x8593
mem[X,0x8001D8FE] -> 0xFFE5
[2959] [M]: 0x8001D8FC (0xFFE58593) addi a1, a1, 4094
x11 <- 0x0000FFFE


mem[X,0x8001D900] -> 0x0213
mem[X,0x8001D902] -> 0x0000
[2960] [M]: 0x8001D900 (0x00000213) addi tp, zero, 0
x4 <- 0x00000000


mem[X,0x8001D904] -> 0x006F
mem[X,0x8001D906] -> 0x00C0
[2961] [M]: 0x8001D904 (0x00C0006F) jal zero, 12


mem[X,0x8001D910] -> 0x6CE3
mem[X,0x8001D912] -> 0xFEB5
[2962] [M]: 0x8001D910 (0xFEB56CE3) bltu a0, a1, 8184


mem[X,0x8001D914] -> 0x0213
mem[X,0x8001D916] -> 0x0022
[2963] [M]: 0x8001D914 (0x00220213) addi tp, tp, 2
x4 <- 0x00000002


mem[X,0x8001D918] -> 0x006F
mem[X,0x8001D91A] -> 0x00C0
[2964] [M]: 0x8001D918 (0x00C0006F) jal zero, 12


mem[X,0x8001D924] -> 0xA823
mem[X,0x8001D926] -> 0x4840
[2965] [M]: 0x8001D924 (0x4840A823) sw tp, 1168(ra)
mem[0x8004B704] <- 0x00000002


mem[X,0x8001D928] -> 0x0537
mem[X,0x8001D92A] -> 0x0001
[2966] [M]: 0x8001D928 (0x00010537) lui a0, 16
x10 <- 0x00010000


mem[X,0x8001D92C] -> 0x0513
mem[X,0x8001D92E] -> 0xFFF5
[2967] [M]: 0x8001D92C (0xFFF50513) addi a0, a0, 4095
x10 <- 0x0000FFFF


mem[X,0x8001D930] -> 0x55B7
mem[X,0x8001D932] -> 0x5555
[2968] [M]: 0x8001D930 (0x555555B7) lui a1, 349525
x11 <- 0x55555000


mem[X,0x8001D934] -> 0x8593
mem[X,0x8001D936] -> 0x5565
[2969] [M]: 0x8001D934 (0x55658593) addi a1, a1, 1366
x11 <- 0x55555556


mem[X,0x8001D938] -> 0x0213
mem[X,0x8001D93A] -> 0x0000
[2970] [M]: 0x8001D938 (0x00000213) addi tp, zero, 0
x4 <- 0x00000000


mem[X,0x8001D93C] -> 0x006F
mem[X,0x8001D93E] -> 0x00C0
[2971] [M]: 0x8001D93C (0x00C0006F) jal zero, 12


mem[X,0x8001D948] -> 0x6063
mem[X,0x8001D94A] -> 0x08B5
[2972] [M]: 0x8001D948 (0x08B56063) bltu a0, a1, 128


mem[X,0x8001D9C8] -> 0x0213
mem[X,0x8001D9CA] -> 0x0032
[2973] [M]: 0x8001D9C8 (0x00320213) addi tp, tp, 3
x4 <- 0x00000003


mem[X,0x8001D9CC] -> 0x006F
mem[X,0x8001D9CE] -> 0x0040
[2974] [M]: 0x8001D9CC (0x0040006F) jal zero, 4


mem[X,0x8001D9D0] -> 0xAA23
mem[X,0x8001D9D2] -> 0x4840
[2975] [M]: 0x8001D9D0 (0x4840AA23) sw tp, 1172(ra)
mem[0x8004B708] <- 0x00000003


mem[X,0x8001D9D4] -> 0x0537
mem[X,0x8001D9D6] -> 0x0001
[2976] [M]: 0x8001D9D4 (0x00010537) lui a0, 16
x10 <- 0x00010000


mem[X,0x8001D9D8] -> 0x0513
mem[X,0x8001D9DA] -> 0xFFF5
[2977] [M]: 0x8001D9D8 (0xFFF50513) addi a0, a0, 4095
x10 <- 0x0000FFFF


mem[X,0x8001D9DC] -> 0xB5B7
mem[X,0x8001D9DE] -> 0xAAAA
[2978] [M]: 0x8001D9DC (0xAAAAB5B7) lui a1, 699051
x11 <- 0xAAAAB000


mem[X,0x8001D9E0] -> 0x8593
mem[X,0x8001D9E2] -> 0xAAB5
[2979] [M]: 0x8001D9E0 (0xAAB58593) addi a1, a1, 2731
x11 <- 0xAAAAAAAB


mem[X,0x8001D9E4] -> 0x0213
mem[X,0x8001D9E6] -> 0x0000
[2980] [M]: 0x8001D9E4 (0x00000213) addi tp, zero, 0
x4 <- 0x00000000


mem[X,0x8001D9E8] -> 0x006F
mem[X,0x8001D9EA] -> 0x0180
[2981] [M]: 0x8001D9E8 (0x0180006F) jal zero, 24


mem[X,0x8001DA00] -> 0x66E3
mem[X,0x8001DA02] -> 0xFEB5
[2982] [M]: 0x8001DA00 (0xFEB566E3) bltu a0, a1, 8172


mem[X,0x8001D9EC] -> 0x0213
mem[X,0x8001D9EE] -> 0x0012
[2983] [M]: 0x8001D9EC (0x00120213) addi tp, tp, 1
x4 <- 0x00000001


mem[X,0x8001D9F0] -> 0x006F
mem[X,0x8001D9F2] -> 0x0240
[2984] [M]: 0x8001D9F0 (0x0240006F) jal zero, 36


mem[X,0x8001DA14] -> 0xAC23
mem[X,0x8001DA16] -> 0x4840
[2985] [M]: 0x8001DA14 (0x4840AC23) sw tp, 1176(ra)
mem[0x8004B70C] <- 0x00000001


mem[X,0x8001DA18] -> 0x0537
mem[X,0x8001DA1A] -> 0x0001
[2986] [M]: 0x8001DA18 (0x00010537) lui a0, 16
x10 <- 0x00010000


mem[X,0x8001DA1C] -> 0x0513
mem[X,0x8001DA1E] -> 0xFFF5
[2987] [M]: 0x8001DA1C (0xFFF50513) addi a0, a0, 4095
x10 <- 0x0000FFFF


mem[X,0x8001DA20] -> 0x0593
mem[X,0x8001DA22] -> 0x0060
[2988] [M]: 0x8001DA20 (0x00600593) addi a1, zero, 6
x11 <- 0x00000006


mem[X,0x8001DA24] -> 0x0213
mem[X,0x8001DA26] -> 0x0000
[2989] [M]: 0x8001DA24 (0x00000213) addi tp, zero, 0
x4 <- 0x00000000


mem[X,0x8001DA28] -> 0x006F
mem[X,0x8001DA2A] -> 0x00C0
[2990] [M]: 0x8001DA28 (0x00C0006F) jal zero, 12


mem[X,0x8001DA34] -> 0x6063
mem[X,0x8001DA36] -> 0x20B5
[2991] [M]: 0x8001DA34 (0x20B56063) bltu a0, a1, 512


mem[X,0x8001DA38] -> 0x0213
mem[X,0x8001DA3A] -> 0x0022
[2992] [M]: 0x8001DA38 (0x00220213) addi tp, tp, 2
x4 <- 0x00000002


mem[X,0x8001DA3C] -> 0x006F
mem[X,0x8001DA3E] -> 0x2000
[2993] [M]: 0x8001DA3C (0x2000006F) jal zero, 512


mem[X,0x8001DC3C] -> 0xAE23
mem[X,0x8001DC3E] -> 0x4840
[2994] [M]: 0x8001DC3C (0x4840AE23) sw tp, 1180(ra)
mem[0x8004B710] <- 0x00000002


mem[X,0x8001DC40] -> 0x0537
mem[X,0x8001DC42] -> 0x0001
[2995] [M]: 0x8001DC40 (0x00010537) lui a0, 16
x10 <- 0x00010000


mem[X,0x8001DC44] -> 0x0513
mem[X,0x8001DC46] -> 0xFFF5
[2996] [M]: 0x8001DC44 (0xFFF50513) addi a0, a0, 4095
x10 <- 0x0000FFFF


mem[X,0x8001DC48] -> 0x35B7
mem[X,0x8001DC4A] -> 0x3333
[2997] [M]: 0x8001DC48 (0x333335B7) lui a1, 209715
x11 <- 0x33333000


mem[X,0x8001DC4C] -> 0x8593
mem[X,0x8001DC4E] -> 0x3345
[2998] [M]: 0x8001DC4C (0x33458593) addi a1, a1, 820
x11 <- 0x33333334


mem[X,0x8001DC50] -> 0x0213
mem[X,0x8001DC52] -> 0x0000
[2999] [M]: 0x8001DC50 (0x00000213) addi tp, zero, 0
x4 <- 0x00000000


clint::tick mtime <- 0x000000000000001E
 clint timer pending at mtime 0x000000000000001E
htif::tick 0x0000000000000000
mem[X,0x8001DC54] -> 0x006F
mem[X,0x8001DC56] -> 0x00C0
[3000] [M]: 0x8001DC54 (0x00C0006F) jal zero, 12


mem[X,0x8001DC60] -> 0x6663
mem[X,0x8001DC62] -> 0x00B5
[3001] [M]: 0x8001DC60 (0x00B56663) bltu a0, a1, 12


mem[X,0x8001DC6C] -> 0x0213
mem[X,0x8001DC6E] -> 0x0032
[3002] [M]: 0x8001DC6C (0x00320213) addi tp, tp, 3
x4 <- 0x00000003


mem[X,0x8001DC70] -> 0x006F
mem[X,0x8001DC72] -> 0x0040
[3003] [M]: 0x8001DC70 (0x0040006F) jal zero, 4


mem[X,0x8001DC74] -> 0xA023
mem[X,0x8001DC76] -> 0x4A40
[3004] [M]: 0x8001DC74 (0x4A40A023) sw tp, 1184(ra)
mem[0x8004B714] <- 0x00000003


mem[X,0x8001DC78] -> 0x0537
mem[X,0x8001DC7A] -> 0x0001
[3005] [M]: 0x8001DC78 (0x00010537) lui a0, 16
x10 <- 0x00010000


mem[X,0x8001DC7C] -> 0x0513
mem[X,0x8001DC7E] -> 0xFFF5
[3006] [M]: 0x8001DC7C (0xFFF50513) addi a0, a0, 4095
x10 <- 0x0000FFFF


mem[X,0x8001DC80] -> 0x65B7
mem[X,0x8001DC82] -> 0x6666
[3007] [M]: 0x8001DC80 (0x666665B7) lui a1, 419430
x11 <- 0x66666000


mem[X,0x8001DC84] -> 0x8593
mem[X,0x8001DC86] -> 0x6675
[3008] [M]: 0x8001DC84 (0x66758593) addi a1, a1, 1639
x11 <- 0x66666667


mem[X,0x8001DC88] -> 0x0213
mem[X,0x8001DC8A] -> 0x0000
[3009] [M]: 0x8001DC88 (0x00000213) addi tp, zero, 0
x4 <- 0x00000000


mem[X,0x8001DC8C] -> 0x006F
mem[X,0x8001DC8E] -> 0x00C0
[3010] [M]: 0x8001DC8C (0x00C0006F) jal zero, 12


mem[X,0x8001DC98] -> 0x6663
mem[X,0x8001DC9A] -> 0x00B5
[3011] [M]: 0x8001DC98 (0x00B56663) bltu a0, a1, 12


mem[X,0x8001DCA4] -> 0x0213
mem[X,0x8001DCA6] -> 0x0032
[3012] [M]: 0x8001DCA4 (0x00320213) addi tp, tp, 3
x4 <- 0x00000003


mem[X,0x8001DCA8] -> 0x006F
mem[X,0x8001DCAA] -> 0x0040
[3013] [M]: 0x8001DCA8 (0x0040006F) jal zero, 4


mem[X,0x8001DCAC] -> 0xA223
mem[X,0x8001DCAE] -> 0x4A40
[3014] [M]: 0x8001DCAC (0x4A40A223) sw tp, 1188(ra)
mem[0x8004B718] <- 0x00000003


mem[X,0x8001DCB0] -> 0x0537
mem[X,0x8001DCB2] -> 0x0001
[3015] [M]: 0x8001DCB0 (0x00010537) lui a0, 16
x10 <- 0x00010000


mem[X,0x8001DCB4] -> 0x0513
mem[X,0x8001DCB6] -> 0xFFF5
[3016] [M]: 0x8001DCB4 (0xFFF50513) addi a0, a0, 4095
x10 <- 0x0000FFFF


mem[X,0x8001DCB8] -> 0xB5B7
mem[X,0x8001DCBA] -> 0x0000
[3017] [M]: 0x8001DCB8 (0x0000B5B7) lui a1, 11
x11 <- 0x0000B000


mem[X,0x8001DCBC] -> 0x8593
mem[X,0x8001DCBE] -> 0x5055
[3018] [M]: 0x8001DCBC (0x50558593) addi a1, a1, 1285
x11 <- 0x0000B505


mem[X,0x8001DCC0] -> 0x0213
mem[X,0x8001DCC2] -> 0x0000
[3019] [M]: 0x8001DCC0 (0x00000213) addi tp, zero, 0
x4 <- 0x00000000


mem[X,0x8001DCC4] -> 0x006F
mem[X,0x8001DCC6] -> 0x00C0
[3020] [M]: 0x8001DCC4 (0x00C0006F) jal zero, 12


mem[X,0x8001DCD0] -> 0x6063
mem[X,0x8001DCD2] -> 0x20B5
[3021] [M]: 0x8001DCD0 (0x20B56063) bltu a0, a1, 512


mem[X,0x8001DCD4] -> 0x0213
mem[X,0x8001DCD6] -> 0x0022
[3022] [M]: 0x8001DCD4 (0x00220213) addi tp, tp, 2
x4 <- 0x00000002


mem[X,0x8001DCD8] -> 0x006F
mem[X,0x8001DCDA] -> 0x2000
[3023] [M]: 0x8001DCD8 (0x2000006F) jal zero, 512


mem[X,0x8001DED8] -> 0xA423
mem[X,0x8001DEDA] -> 0x4A40
[3024] [M]: 0x8001DED8 (0x4A40A423) sw tp, 1192(ra)
mem[0x8004B71C] <- 0x00000002


mem[X,0x8001DEDC] -> 0x0537
mem[X,0x8001DEDE] -> 0x0001
[3025] [M]: 0x8001DEDC (0x00010537) lui a0, 16
x10 <- 0x00010000


mem[X,0x8001DEE0] -> 0x0513
mem[X,0x8001DEE2] -> 0xFFF5
[3026] [M]: 0x8001DEE0 (0xFFF50513) addi a0, a0, 4095
x10 <- 0x0000FFFF


mem[X,0x8001DEE4] -> 0x0593
mem[X,0x8001DEE6] -> 0x0010
[3027] [M]: 0x8001DEE4 (0x00100593) addi a1, zero, 1
x11 <- 0x00000001


mem[X,0x8001DEE8] -> 0x0213
mem[X,0x8001DEEA] -> 0x0000
[3028] [M]: 0x8001DEE8 (0x00000213) addi tp, zero, 0
x4 <- 0x00000000


mem[X,0x8001DEEC] -> 0x006F
mem[X,0x8001DEEE] -> 0x0180
[3029] [M]: 0x8001DEEC (0x0180006F) jal zero, 24


mem[X,0x8001DF04] -> 0x66E3
mem[X,0x8001DF06] -> 0xFEB5
[3030] [M]: 0x8001DF04 (0xFEB566E3) bltu a0, a1, 8172


mem[X,0x8001DF08] -> 0x0213
mem[X,0x8001DF0A] -> 0x0022
[3031] [M]: 0x8001DF08 (0x00220213) addi tp, tp, 2
x4 <- 0x00000002


mem[X,0x8001DF0C] -> 0x006F
mem[X,0x8001DF0E] -> 0x00C0
[3032] [M]: 0x8001DF0C (0x00C0006F) jal zero, 12


mem[X,0x8001DF18] -> 0xA623
mem[X,0x8001DF1A] -> 0x4A40
[3033] [M]: 0x8001DF18 (0x4A40A623) sw tp, 1196(ra)
mem[0x8004B720] <- 0x00000002


mem[X,0x8001DF1C] -> 0x0537
mem[X,0x8001DF1E] -> 0x0001
[3034] [M]: 0x8001DF1C (0x00010537) lui a0, 16
x10 <- 0x00010000


mem[X,0x8001DF20] -> 0x0513
mem[X,0x8001DF22] -> 0xFFF5
[3035] [M]: 0x8001DF20 (0xFFF50513) addi a0, a0, 4095
x10 <- 0x0000FFFF


mem[X,0x8001DF24] -> 0x05B7
mem[X,0x8001DF26] -> 0x0001
[3036] [M]: 0x8001DF24 (0x000105B7) lui a1, 16
x11 <- 0x00010000


mem[X,0x8001DF28] -> 0x0213
mem[X,0x8001DF2A] -> 0x0000
[3037] [M]: 0x8001DF28 (0x00000213) addi tp, zero, 0
x4 <- 0x00000000


mem[X,0x8001DF2C] -> 0x006F
mem[X,0x8001DF2E] -> 0x2B10
[3038] [M]: 0x8001DF2C (0x2B10006F) jal zero, 2736


mem[X,0x8001E9DC] -> 0x6A63
mem[X,0x8001E9DE] -> 0xD4B5
[3039] [M]: 0x8001E9DC (0xD4B56A63) bltu a0, a1, 5460


mem[X,0x8001DF30] -> 0x0213
mem[X,0x8001DF32] -> 0x0012
[3040] [M]: 0x8001DF30 (0x00120213) addi tp, tp, 1
x4 <- 0x00000001


mem[X,0x8001DF34] -> 0x006F
mem[X,0x8001DF36] -> 0x2BD0
[3041] [M]: 0x8001DF34 (0x2BD0006F) jal zero, 2748


mem[X,0x8001E9F0] -> 0xA823
mem[X,0x8001E9F2] -> 0x4A40
[3042] [M]: 0x8001E9F0 (0x4A40A823) sw tp, 1200(ra)
mem[0x8004B724] <- 0x00000001


mem[X,0x8001E9F4] -> 0x0513
mem[X,0x8001E9F6] -> 0x0020
[3043] [M]: 0x8001E9F4 (0x00200513) addi a0, zero, 2
x10 <- 0x00000002


mem[X,0x8001E9F8] -> 0x0593
mem[X,0x8001E9FA] -> 0x0030
[3044] [M]: 0x8001E9F8 (0x00300593) addi a1, zero, 3
x11 <- 0x00000003


mem[X,0x8001E9FC] -> 0x0213
mem[X,0x8001E9FE] -> 0x0000
[3045] [M]: 0x8001E9FC (0x00000213) addi tp, zero, 0
x4 <- 0x00000000


mem[X,0x8001EA00] -> 0x006F
mem[X,0x8001EA02] -> 0x00C0
[3046] [M]: 0x8001EA00 (0x00C0006F) jal zero, 12


mem[X,0x8001EA0C] -> 0x6663
mem[X,0x8001EA0E] -> 0x00B5
[3047] [M]: 0x8001EA0C (0x00B56663) bltu a0, a1, 12


mem[X,0x8001EA18] -> 0x0213
mem[X,0x8001EA1A] -> 0x0032
[3048] [M]: 0x8001EA18 (0x00320213) addi tp, tp, 3
x4 <- 0x00000003


mem[X,0x8001EA1C] -> 0x006F
mem[X,0x8001EA1E] -> 0x0040
[3049] [M]: 0x8001EA1C (0x0040006F) jal zero, 4


mem[X,0x8001EA20] -> 0xAA23
mem[X,0x8001EA22] -> 0x4A40
[3050] [M]: 0x8001EA20 (0x4A40AA23) sw tp, 1204(ra)
mem[0x8004B728] <- 0x00000003


mem[X,0x8001EA24] -> 0x0513
mem[X,0x8001EA26] -> 0x0020
[3051] [M]: 0x8001EA24 (0x00200513) addi a0, zero, 2
x10 <- 0x00000002


mem[X,0x8001EA28] -> 0x55B7
mem[X,0x8001EA2A] -> 0x5555
[3052] [M]: 0x8001EA28 (0x555555B7) lui a1, 349525
x11 <- 0x55555000


mem[X,0x8001EA2C] -> 0x8593
mem[X,0x8001EA2E] -> 0x5555
[3053] [M]: 0x8001EA2C (0x55558593) addi a1, a1, 1365
x11 <- 0x55555555


mem[X,0x8001EA30] -> 0x0213
mem[X,0x8001EA32] -> 0x0000
[3054] [M]: 0x8001EA30 (0x00000213) addi tp, zero, 0
x4 <- 0x00000000


mem[X,0x8001EA34] -> 0x006F
mem[X,0x8001EA36] -> 0x00C0
[3055] [M]: 0x8001EA34 (0x00C0006F) jal zero, 12


mem[X,0x8001EA40] -> 0x6CE3
mem[X,0x8001EA42] -> 0xFEB5
[3056] [M]: 0x8001EA40 (0xFEB56CE3) bltu a0, a1, 8184


mem[X,0x8001EA38] -> 0x0213
mem[X,0x8001EA3A] -> 0x0012
[3057] [M]: 0x8001EA38 (0x00120213) addi tp, tp, 1
x4 <- 0x00000001


mem[X,0x8001EA3C] -> 0x006F
mem[X,0x8001EA3E] -> 0x0180
[3058] [M]: 0x8001EA3C (0x0180006F) jal zero, 24


mem[X,0x8001EA54] -> 0xAC23
mem[X,0x8001EA56] -> 0x4A40
[3059] [M]: 0x8001EA54 (0x4A40AC23) sw tp, 1208(ra)
mem[0x8004B72C] <- 0x00000001


mem[X,0x8001EA58] -> 0x0513
mem[X,0x8001EA5A] -> 0x0020
[3060] [M]: 0x8001EA58 (0x00200513) addi a0, zero, 2
x10 <- 0x00000002


mem[X,0x8001EA5C] -> 0xB5B7
mem[X,0x8001EA5E] -> 0xAAAA
[3061] [M]: 0x8001EA5C (0xAAAAB5B7) lui a1, 699051
x11 <- 0xAAAAB000


mem[X,0x8001EA60] -> 0x8593
mem[X,0x8001EA62] -> 0xAAA5
[3062] [M]: 0x8001EA60 (0xAAA58593) addi a1, a1, 2730
x11 <- 0xAAAAAAAA


mem[X,0x8001EA64] -> 0x0213
mem[X,0x8001EA66] -> 0x0000
[3063] [M]: 0x8001EA64 (0x00000213) addi tp, zero, 0
x4 <- 0x00000000


mem[X,0x8001EA68] -> 0x006F
mem[X,0x8001EA6A] -> 0x00C0
[3064] [M]: 0x8001EA68 (0x00C0006F) jal zero, 12


mem[X,0x8001EA74] -> 0x6CE3
mem[X,0x8001EA76] -> 0xFEB5
[3065] [M]: 0x8001EA74 (0xFEB56CE3) bltu a0, a1, 8184


mem[X,0x8001EA6C] -> 0x0213
mem[X,0x8001EA6E] -> 0x0012
[3066] [M]: 0x8001EA6C (0x00120213) addi tp, tp, 1
x4 <- 0x00000001


mem[X,0x8001EA70] -> 0x006F
mem[X,0x8001EA72] -> 0x0180
[3067] [M]: 0x8001EA70 (0x0180006F) jal zero, 24


mem[X,0x8001EA88] -> 0xAE23
mem[X,0x8001EA8A] -> 0x4A40
[3068] [M]: 0x8001EA88 (0x4A40AE23) sw tp, 1212(ra)
mem[0x8004B730] <- 0x00000001


mem[X,0x8001EA8C] -> 0x0513
mem[X,0x8001EA8E] -> 0x0020
[3069] [M]: 0x8001EA8C (0x00200513) addi a0, zero, 2
x10 <- 0x00000002


mem[X,0x8001EA90] -> 0x0593
mem[X,0x8001EA92] -> 0x0050
[3070] [M]: 0x8001EA90 (0x00500593) addi a1, zero, 5
x11 <- 0x00000005


mem[X,0x8001EA94] -> 0x0213
mem[X,0x8001EA96] -> 0x0000
[3071] [M]: 0x8001EA94 (0x00000213) addi tp, zero, 0
x4 <- 0x00000000


mem[X,0x8001EA98] -> 0x006F
mem[X,0x8001EA9A] -> 0x0100
[3072] [M]: 0x8001EA98 (0x0100006F) jal zero, 16


mem[X,0x8001EAA8] -> 0x6AE3
mem[X,0x8001EAAA] -> 0xFEB5
[3073] [M]: 0x8001EAA8 (0xFEB56AE3) bltu a0, a1, 8180


mem[X,0x8001EA9C] -> 0x0213
mem[X,0x8001EA9E] -> 0x0012
[3074] [M]: 0x8001EA9C (0x00120213) addi tp, tp, 1
x4 <- 0x00000001


mem[X,0x8001EAA0] -> 0x006F
mem[X,0x8001EAA2] -> 0x01C0
[3075] [M]: 0x8001EAA0 (0x01C0006F) jal zero, 28


mem[X,0x8001EABC] -> 0xA023
mem[X,0x8001EABE] -> 0x4C40
[3076] [M]: 0x8001EABC (0x4C40A023) sw tp, 1216(ra)
mem[0x8004B734] <- 0x00000001


mem[X,0x8001EAC0] -> 0x0513
mem[X,0x8001EAC2] -> 0x0020
[3077] [M]: 0x8001EAC0 (0x00200513) addi a0, zero, 2
x10 <- 0x00000002


mem[X,0x8001EAC4] -> 0x35B7
mem[X,0x8001EAC6] -> 0x3333
[3078] [M]: 0x8001EAC4 (0x333335B7) lui a1, 209715
x11 <- 0x33333000


mem[X,0x8001EAC8] -> 0x8593
mem[X,0x8001EACA] -> 0x3335
[3079] [M]: 0x8001EAC8 (0x33358593) addi a1, a1, 819
x11 <- 0x33333333


mem[X,0x8001EACC] -> 0x0213
mem[X,0x8001EACE] -> 0x0000
[3080] [M]: 0x8001EACC (0x00000213) addi tp, zero, 0
x4 <- 0x00000000


mem[X,0x8001EAD0] -> 0x006F
mem[X,0x8001EAD2] -> 0x00C0
[3081] [M]: 0x8001EAD0 (0x00C0006F) jal zero, 12


mem[X,0x8001EADC] -> 0x6063
mem[X,0x8001EADE] -> 0x04B5
[3082] [M]: 0x8001EADC (0x04B56063) bltu a0, a1, 64


mem[X,0x8001EB1C] -> 0x0213
mem[X,0x8001EB1E] -> 0x0032
[3083] [M]: 0x8001EB1C (0x00320213) addi tp, tp, 3
x4 <- 0x00000003


mem[X,0x8001EB20] -> 0x006F
mem[X,0x8001EB22] -> 0x0040
[3084] [M]: 0x8001EB20 (0x0040006F) jal zero, 4


mem[X,0x8001EB24] -> 0xA223
mem[X,0x8001EB26] -> 0x4C40
[3085] [M]: 0x8001EB24 (0x4C40A223) sw tp, 1220(ra)
mem[0x8004B738] <- 0x00000003


mem[X,0x8001EB28] -> 0x0513
mem[X,0x8001EB2A] -> 0x0020
[3086] [M]: 0x8001EB28 (0x00200513) addi a0, zero, 2
x10 <- 0x00000002


mem[X,0x8001EB2C] -> 0x65B7
mem[X,0x8001EB2E] -> 0x6666
[3087] [M]: 0x8001EB2C (0x666665B7) lui a1, 419430
x11 <- 0x66666000


mem[X,0x8001EB30] -> 0x8593
mem[X,0x8001EB32] -> 0x6665
[3088] [M]: 0x8001EB30 (0x66658593) addi a1, a1, 1638
x11 <- 0x66666666


mem[X,0x8001EB34] -> 0x0213
mem[X,0x8001EB36] -> 0x0000
[3089] [M]: 0x8001EB34 (0x00000213) addi tp, zero, 0
x4 <- 0x00000000


mem[X,0x8001EB38] -> 0x006F
mem[X,0x8001EB3A] -> 0x0140
[3090] [M]: 0x8001EB38 (0x0140006F) jal zero, 20


mem[X,0x8001EB4C] -> 0x68E3
mem[X,0x8001EB4E] -> 0xFEB5
[3091] [M]: 0x8001EB4C (0xFEB568E3) bltu a0, a1, 8176


mem[X,0x8001EB3C] -> 0x0213
mem[X,0x8001EB3E] -> 0x0012
[3092] [M]: 0x8001EB3C (0x00120213) addi tp, tp, 1
x4 <- 0x00000001


mem[X,0x8001EB40] -> 0x006F
mem[X,0x8001EB42] -> 0x0200
[3093] [M]: 0x8001EB40 (0x0200006F) jal zero, 32


mem[X,0x8001EB60] -> 0xA423
mem[X,0x8001EB62] -> 0x4C40
[3094] [M]: 0x8001EB60 (0x4C40A423) sw tp, 1224(ra)
mem[0x8004B73C] <- 0x00000001


mem[X,0x8001EB64] -> 0x0513
mem[X,0x8001EB66] -> 0x0020
[3095] [M]: 0x8001EB64 (0x00200513) addi a0, zero, 2
x10 <- 0x00000002


mem[X,0x8001EB68] -> 0xB5B7
mem[X,0x8001EB6A] -> 0x0000
[3096] [M]: 0x8001EB68 (0x0000B5B7) lui a1, 11
x11 <- 0x0000B000


mem[X,0x8001EB6C] -> 0x8593
mem[X,0x8001EB6E] -> 0x5045
[3097] [M]: 0x8001EB6C (0x50458593) addi a1, a1, 1284
x11 <- 0x0000B504


mem[X,0x8001EB70] -> 0x0213
mem[X,0x8001EB72] -> 0x0000
[3098] [M]: 0x8001EB70 (0x00000213) addi tp, zero, 0
x4 <- 0x00000000


mem[X,0x8001EB74] -> 0x006F
mem[X,0x8001EB76] -> 0x00C0
[3099] [M]: 0x8001EB74 (0x00C0006F) jal zero, 12


clint::tick mtime <- 0x000000000000001F
 clint timer pending at mtime 0x000000000000001F
htif::tick 0x0000000000000000
mem[X,0x8001EB80] -> 0x6063
mem[X,0x8001EB82] -> 0x08B5
[3100] [M]: 0x8001EB80 (0x08B56063) bltu a0, a1, 128


mem[X,0x8001EC00] -> 0x0213
mem[X,0x8001EC02] -> 0x0032
[3101] [M]: 0x8001EC00 (0x00320213) addi tp, tp, 3
x4 <- 0x00000003


mem[X,0x8001EC04] -> 0x006F
mem[X,0x8001EC06] -> 0x0040
[3102] [M]: 0x8001EC04 (0x0040006F) jal zero, 4


mem[X,0x8001EC08] -> 0xA623
mem[X,0x8001EC0A] -> 0x4C40
[3103] [M]: 0x8001EC08 (0x4C40A623) sw tp, 1228(ra)
mem[0x8004B740] <- 0x00000003


mem[X,0x8001EC0C] -> 0x0513
mem[X,0x8001EC0E] -> 0x0020
[3104] [M]: 0x8001EC0C (0x00200513) addi a0, zero, 2
x10 <- 0x00000002


mem[X,0x8001EC10] -> 0x0593
mem[X,0x8001EC12] -> 0x0000
[3105] [M]: 0x8001EC10 (0x00000593) addi a1, zero, 0
x11 <- 0x00000000


mem[X,0x8001EC14] -> 0x0213
mem[X,0x8001EC16] -> 0x0000
[3106] [M]: 0x8001EC14 (0x00000213) addi tp, zero, 0
x4 <- 0x00000000


mem[X,0x8001EC18] -> 0x006F
mem[X,0x8001EC1A] -> 0x00C0
[3107] [M]: 0x8001EC18 (0x00C0006F) jal zero, 12


mem[X,0x8001EC24] -> 0x6663
mem[X,0x8001EC26] -> 0x00B5
[3108] [M]: 0x8001EC24 (0x00B56663) bltu a0, a1, 12


mem[X,0x8001EC28] -> 0x0213
mem[X,0x8001EC2A] -> 0x0022
[3109] [M]: 0x8001EC28 (0x00220213) addi tp, tp, 2
x4 <- 0x00000002


mem[X,0x8001EC2C] -> 0x006F
mem[X,0x8001EC2E] -> 0x00C0
[3110] [M]: 0x8001EC2C (0x00C0006F) jal zero, 12


mem[X,0x8001EC38] -> 0xA823
mem[X,0x8001EC3A] -> 0x4C40
[3111] [M]: 0x8001EC38 (0x4C40A823) sw tp, 1232(ra)
mem[0x8004B744] <- 0x00000002


mem[X,0x8001EC3C] -> 0x0513
mem[X,0x8001EC3E] -> 0x0020
[3112] [M]: 0x8001EC3C (0x00200513) addi a0, zero, 2
x10 <- 0x00000002


mem[X,0x8001EC40] -> 0x05B7
mem[X,0x8001EC42] -> 0x0001
[3113] [M]: 0x8001EC40 (0x000105B7) lui a1, 16
x11 <- 0x00010000


mem[X,0x8001EC44] -> 0x8593
mem[X,0x8001EC46] -> 0xFFF5
[3114] [M]: 0x8001EC44 (0xFFF58593) addi a1, a1, 4095
x11 <- 0x0000FFFF


mem[X,0x8001EC48] -> 0x0213
mem[X,0x8001EC4A] -> 0x0000
[3115] [M]: 0x8001EC48 (0x00000213) addi tp, zero, 0
x4 <- 0x00000000


mem[X,0x8001EC4C] -> 0x006F
mem[X,0x8001EC4E] -> 0x00C0
[3116] [M]: 0x8001EC4C (0x00C0006F) jal zero, 12


mem[X,0x8001EC58] -> 0x6CE3
mem[X,0x8001EC5A] -> 0xFEB5
[3117] [M]: 0x8001EC58 (0xFEB56CE3) bltu a0, a1, 8184


mem[X,0x8001EC50] -> 0x0213
mem[X,0x8001EC52] -> 0x0012
[3118] [M]: 0x8001EC50 (0x00120213) addi tp, tp, 1
x4 <- 0x00000001


mem[X,0x8001EC54] -> 0x006F
mem[X,0x8001EC56] -> 0x0180
[3119] [M]: 0x8001EC54 (0x0180006F) jal zero, 24


mem[X,0x8001EC6C] -> 0xAA23
mem[X,0x8001EC6E] -> 0x4C40
[3120] [M]: 0x8001EC6C (0x4C40AA23) sw tp, 1236(ra)
mem[0x8004B748] <- 0x00000001


mem[X,0x8001EC70] -> 0x0513
mem[X,0x8001EC72] -> 0x0020
[3121] [M]: 0x8001EC70 (0x00200513) addi a0, zero, 2
x10 <- 0x00000002


mem[X,0x8001EC74] -> 0x0593
mem[X,0x8001EC76] -> 0x0020
[3122] [M]: 0x8001EC74 (0x00200593) addi a1, zero, 2
x11 <- 0x00000002


mem[X,0x8001EC78] -> 0x0213
mem[X,0x8001EC7A] -> 0x0000
[3123] [M]: 0x8001EC78 (0x00000213) addi tp, zero, 0
x4 <- 0x00000000


mem[X,0x8001EC7C] -> 0x006F
mem[X,0x8001EC7E] -> 0x0180
[3124] [M]: 0x8001EC7C (0x0180006F) jal zero, 24


mem[X,0x8001EC94] -> 0x66E3
mem[X,0x8001EC96] -> 0xFEB5
[3125] [M]: 0x8001EC94 (0xFEB566E3) bltu a0, a1, 8172


mem[X,0x8001EC98] -> 0x0213
mem[X,0x8001EC9A] -> 0x0022
[3126] [M]: 0x8001EC98 (0x00220213) addi tp, tp, 2
x4 <- 0x00000002


mem[X,0x8001EC9C] -> 0x006F
mem[X,0x8001EC9E] -> 0x00C0
[3127] [M]: 0x8001EC9C (0x00C0006F) jal zero, 12


mem[X,0x8001ECA8] -> 0xAC23
mem[X,0x8001ECAA] -> 0x4C40
[3128] [M]: 0x8001ECA8 (0x4C40AC23) sw tp, 1240(ra)
mem[0x8004B74C] <- 0x00000002


mem[X,0x8001ECAC] -> 0x0513
mem[X,0x8001ECAE] -> 0x0020
[3129] [M]: 0x8001ECAC (0x00200513) addi a0, zero, 2
x10 <- 0x00000002


mem[X,0x8001ECB0] -> 0x55B7
mem[X,0x8001ECB2] -> 0x5555
[3130] [M]: 0x8001ECB0 (0x555555B7) lui a1, 349525
x11 <- 0x55555000


mem[X,0x8001ECB4] -> 0x8593
mem[X,0x8001ECB6] -> 0x5545
[3131] [M]: 0x8001ECB4 (0x55458593) addi a1, a1, 1364
x11 <- 0x55555554


mem[X,0x8001ECB8] -> 0x0213
mem[X,0x8001ECBA] -> 0x0000
[3132] [M]: 0x8001ECB8 (0x00000213) addi tp, zero, 0
x4 <- 0x00000000


mem[X,0x8001ECBC] -> 0x006F
mem[X,0x8001ECBE] -> 0x0100
[3133] [M]: 0x8001ECBC (0x0100006F) jal zero, 16


mem[X,0x8001ECCC] -> 0x6AE3
mem[X,0x8001ECCE] -> 0xFEB5
[3134] [M]: 0x8001ECCC (0xFEB56AE3) bltu a0, a1, 8180


mem[X,0x8001ECC0] -> 0x0213
mem[X,0x8001ECC2] -> 0x0012
[3135] [M]: 0x8001ECC0 (0x00120213) addi tp, tp, 1
x4 <- 0x00000001


mem[X,0x8001ECC4] -> 0x006F
mem[X,0x8001ECC6] -> 0x01C0
[3136] [M]: 0x8001ECC4 (0x01C0006F) jal zero, 28


mem[X,0x8001ECE0] -> 0xAE23
mem[X,0x8001ECE2] -> 0x4C40
[3137] [M]: 0x8001ECE0 (0x4C40AE23) sw tp, 1244(ra)
mem[0x8004B750] <- 0x00000001


mem[X,0x8001ECE4] -> 0x0513
mem[X,0x8001ECE6] -> 0x0020
[3138] [M]: 0x8001ECE4 (0x00200513) addi a0, zero, 2
x10 <- 0x00000002


mem[X,0x8001ECE8] -> 0xB5B7
mem[X,0x8001ECEA] -> 0xAAAA
[3139] [M]: 0x8001ECE8 (0xAAAAB5B7) lui a1, 699051
x11 <- 0xAAAAB000


mem[X,0x8001ECEC] -> 0x8593
mem[X,0x8001ECEE] -> 0xAA95
[3140] [M]: 0x8001ECEC (0xAA958593) addi a1, a1, 2729
x11 <- 0xAAAAAAA9


mem[X,0x8001ECF0] -> 0x0213
mem[X,0x8001ECF2] -> 0x0000
[3141] [M]: 0x8001ECF0 (0x00000213) addi tp, zero, 0
x4 <- 0x00000000


mem[X,0x8001ECF4] -> 0x006F
mem[X,0x8001ECF6] -> 0x00C0
[3142] [M]: 0x8001ECF4 (0x00C0006F) jal zero, 12


mem[X,0x8001ED00] -> 0x6CE3
mem[X,0x8001ED02] -> 0xFEB5
[3143] [M]: 0x8001ED00 (0xFEB56CE3) bltu a0, a1, 8184


mem[X,0x8001ECF8] -> 0x0213
mem[X,0x8001ECFA] -> 0x0012
[3144] [M]: 0x8001ECF8 (0x00120213) addi tp, tp, 1
x4 <- 0x00000001


mem[X,0x8001ECFC] -> 0x006F
mem[X,0x8001ECFE] -> 0x0180
[3145] [M]: 0x8001ECFC (0x0180006F) jal zero, 24


mem[X,0x8001ED14] -> 0xA023
mem[X,0x8001ED16] -> 0x4E40
[3146] [M]: 0x8001ED14 (0x4E40A023) sw tp, 1248(ra)
mem[0x8004B754] <- 0x00000001


mem[X,0x8001ED18] -> 0x0513
mem[X,0x8001ED1A] -> 0x0020
[3147] [M]: 0x8001ED18 (0x00200513) addi a0, zero, 2
x10 <- 0x00000002


mem[X,0x8001ED1C] -> 0x0593
mem[X,0x8001ED1E] -> 0x0040
[3148] [M]: 0x8001ED1C (0x00400593) addi a1, zero, 4
x11 <- 0x00000004


mem[X,0x8001ED20] -> 0x0213
mem[X,0x8001ED22] -> 0x0000
[3149] [M]: 0x8001ED20 (0x00000213) addi tp, zero, 0
x4 <- 0x00000000


mem[X,0x8001ED24] -> 0x006F
mem[X,0x8001ED26] -> 0x00C0
[3150] [M]: 0x8001ED24 (0x00C0006F) jal zero, 12


mem[X,0x8001ED30] -> 0x6063
mem[X,0x8001ED32] -> 0x40B5
[3151] [M]: 0x8001ED30 (0x40B56063) bltu a0, a1, 1024


mem[X,0x8001F130] -> 0x0213
mem[X,0x8001F132] -> 0x0032
[3152] [M]: 0x8001F130 (0x00320213) addi tp, tp, 3
x4 <- 0x00000003


mem[X,0x8001F134] -> 0x006F
mem[X,0x8001F136] -> 0x0040
[3153] [M]: 0x8001F134 (0x0040006F) jal zero, 4


mem[X,0x8001F138] -> 0xA223
mem[X,0x8001F13A] -> 0x4E40
[3154] [M]: 0x8001F138 (0x4E40A223) sw tp, 1252(ra)
mem[0x8004B758] <- 0x00000003


mem[X,0x8001F13C] -> 0x0513
mem[X,0x8001F13E] -> 0x0020
[3155] [M]: 0x8001F13C (0x00200513) addi a0, zero, 2
x10 <- 0x00000002


mem[X,0x8001F140] -> 0x35B7
mem[X,0x8001F142] -> 0x3333
[3156] [M]: 0x8001F140 (0x333335B7) lui a1, 209715
x11 <- 0x33333000


mem[X,0x8001F144] -> 0x8593
mem[X,0x8001F146] -> 0x3325
[3157] [M]: 0x8001F144 (0x33258593) addi a1, a1, 818
x11 <- 0x33333332


mem[X,0x8001F148] -> 0x0213
mem[X,0x8001F14A] -> 0x0000
[3158] [M]: 0x8001F148 (0x00000213) addi tp, zero, 0
x4 <- 0x00000000


mem[X,0x8001F14C] -> 0x006F
mem[X,0x8001F14E] -> 0x00C0
[3159] [M]: 0x8001F14C (0x00C0006F) jal zero, 12


mem[X,0x8001F158] -> 0x6063
mem[X,0x8001F15A] -> 0x40B5
[3160] [M]: 0x8001F158 (0x40B56063) bltu a0, a1, 1024


mem[X,0x8001F558] -> 0x0213
mem[X,0x8001F55A] -> 0x0032
[3161] [M]: 0x8001F558 (0x00320213) addi tp, tp, 3
x4 <- 0x00000003


mem[X,0x8001F55C] -> 0x006F
mem[X,0x8001F55E] -> 0x0040
[3162] [M]: 0x8001F55C (0x0040006F) jal zero, 4


mem[X,0x8001F560] -> 0xA423
mem[X,0x8001F562] -> 0x4E40
[3163] [M]: 0x8001F560 (0x4E40A423) sw tp, 1256(ra)
mem[0x8004B75C] <- 0x00000003


mem[X,0x8001F564] -> 0x0513
mem[X,0x8001F566] -> 0x0020
[3164] [M]: 0x8001F564 (0x00200513) addi a0, zero, 2
x10 <- 0x00000002


mem[X,0x8001F568] -> 0x65B7
mem[X,0x8001F56A] -> 0x6666
[3165] [M]: 0x8001F568 (0x666665B7) lui a1, 419430
x11 <- 0x66666000


mem[X,0x8001F56C] -> 0x8593
mem[X,0x8001F56E] -> 0x6655
[3166] [M]: 0x8001F56C (0x66558593) addi a1, a1, 1637
x11 <- 0x66666665


mem[X,0x8001F570] -> 0x0213
mem[X,0x8001F572] -> 0x0000
[3167] [M]: 0x8001F570 (0x00000213) addi tp, zero, 0
x4 <- 0x00000000


mem[X,0x8001F574] -> 0x006F
mem[X,0x8001F576] -> 0x00C0
[3168] [M]: 0x8001F574 (0x00C0006F) jal zero, 12


mem[X,0x8001F580] -> 0x6063
mem[X,0x8001F582] -> 0x40B5
[3169] [M]: 0x8001F580 (0x40B56063) bltu a0, a1, 1024


mem[X,0x8001F980] -> 0x0213
mem[X,0x8001F982] -> 0x0032
[3170] [M]: 0x8001F980 (0x00320213) addi tp, tp, 3
x4 <- 0x00000003


mem[X,0x8001F984] -> 0x006F
mem[X,0x8001F986] -> 0x0040
[3171] [M]: 0x8001F984 (0x0040006F) jal zero, 4


mem[X,0x8001F988] -> 0xA623
mem[X,0x8001F98A] -> 0x4E40
[3172] [M]: 0x8001F988 (0x4E40A623) sw tp, 1260(ra)
mem[0x8004B760] <- 0x00000003


mem[X,0x8001F98C] -> 0x0513
mem[X,0x8001F98E] -> 0x0020
[3173] [M]: 0x8001F98C (0x00200513) addi a0, zero, 2
x10 <- 0x00000002


mem[X,0x8001F990] -> 0xB5B7
mem[X,0x8001F992] -> 0x0000
[3174] [M]: 0x8001F990 (0x0000B5B7) lui a1, 11
x11 <- 0x0000B000


mem[X,0x8001F994] -> 0x8593
mem[X,0x8001F996] -> 0x5035
[3175] [M]: 0x8001F994 (0x50358593) addi a1, a1, 1283
x11 <- 0x0000B503


mem[X,0x8001F998] -> 0x0213
mem[X,0x8001F99A] -> 0x0000
[3176] [M]: 0x8001F998 (0x00000213) addi tp, zero, 0
x4 <- 0x00000000


mem[X,0x8001F99C] -> 0x006F
mem[X,0x8001F99E] -> 0x00C0
[3177] [M]: 0x8001F99C (0x00C0006F) jal zero, 12


mem[X,0x8001F9A8] -> 0x6063
mem[X,0x8001F9AA] -> 0x04B5
[3178] [M]: 0x8001F9A8 (0x04B56063) bltu a0, a1, 64


mem[X,0x8001F9E8] -> 0x0213
mem[X,0x8001F9EA] -> 0x0032
[3179] [M]: 0x8001F9E8 (0x00320213) addi tp, tp, 3
x4 <- 0x00000003


mem[X,0x8001F9EC] -> 0x006F
mem[X,0x8001F9EE] -> 0x0040
[3180] [M]: 0x8001F9EC (0x0040006F) jal zero, 4


mem[X,0x8001F9F0] -> 0xA823
mem[X,0x8001F9F2] -> 0x4E40
[3181] [M]: 0x8001F9F0 (0x4E40A823) sw tp, 1264(ra)
mem[0x8004B764] <- 0x00000003


mem[X,0x8001F9F4] -> 0x0513
mem[X,0x8001F9F6] -> 0x0020
[3182] [M]: 0x8001F9F4 (0x00200513) addi a0, zero, 2
x10 <- 0x00000002


mem[X,0x8001F9F8] -> 0x05B7
mem[X,0x8001F9FA] -> 0x0001
[3183] [M]: 0x8001F9F8 (0x000105B7) lui a1, 16
x11 <- 0x00010000


mem[X,0x8001F9FC] -> 0x8593
mem[X,0x8001F9FE] -> 0xFFE5
[3184] [M]: 0x8001F9FC (0xFFE58593) addi a1, a1, 4094
x11 <- 0x0000FFFE


mem[X,0x8001FA00] -> 0x0213
mem[X,0x8001FA02] -> 0x0000
[3185] [M]: 0x8001FA00 (0x00000213) addi tp, zero, 0
x4 <- 0x00000000


mem[X,0x8001FA04] -> 0x006F
mem[X,0x8001FA06] -> 0x0100
[3186] [M]: 0x8001FA04 (0x0100006F) jal zero, 16


mem[X,0x8001FA14] -> 0x6AE3
mem[X,0x8001FA16] -> 0xFEB5
[3187] [M]: 0x8001FA14 (0xFEB56AE3) bltu a0, a1, 8180


mem[X,0x8001FA08] -> 0x0213
mem[X,0x8001FA0A] -> 0x0012
[3188] [M]: 0x8001FA08 (0x00120213) addi tp, tp, 1
x4 <- 0x00000001


mem[X,0x8001FA0C] -> 0x006F
mem[X,0x8001FA0E] -> 0x01C0
[3189] [M]: 0x8001FA0C (0x01C0006F) jal zero, 28


mem[X,0x8001FA28] -> 0xAA23
mem[X,0x8001FA2A] -> 0x4E40
[3190] [M]: 0x8001FA28 (0x4E40AA23) sw tp, 1268(ra)
mem[0x8004B768] <- 0x00000001


mem[X,0x8001FA2C] -> 0x0513
mem[X,0x8001FA2E] -> 0x0020
[3191] [M]: 0x8001FA2C (0x00200513) addi a0, zero, 2
x10 <- 0x00000002


mem[X,0x8001FA30] -> 0x55B7
mem[X,0x8001FA32] -> 0x5555
[3192] [M]: 0x8001FA30 (0x555555B7) lui a1, 349525
x11 <- 0x55555000


mem[X,0x8001FA34] -> 0x8593
mem[X,0x8001FA36] -> 0x5565
[3193] [M]: 0x8001FA34 (0x55658593) addi a1, a1, 1366
x11 <- 0x55555556


mem[X,0x8001FA38] -> 0x0213
mem[X,0x8001FA3A] -> 0x0000
[3194] [M]: 0x8001FA38 (0x00000213) addi tp, zero, 0
x4 <- 0x00000000


mem[X,0x8001FA3C] -> 0x006F
mem[X,0x8001FA3E] -> 0x00C0
[3195] [M]: 0x8001FA3C (0x00C0006F) jal zero, 12


mem[X,0x8001FA48] -> 0x6063
mem[X,0x8001FA4A] -> 0x40B5
[3196] [M]: 0x8001FA48 (0x40B56063) bltu a0, a1, 1024


mem[X,0x8001FE48] -> 0x0213
mem[X,0x8001FE4A] -> 0x0032
[3197] [M]: 0x8001FE48 (0x00320213) addi tp, tp, 3
x4 <- 0x00000003


mem[X,0x8001FE4C] -> 0x006F
mem[X,0x8001FE4E] -> 0x0040
[3198] [M]: 0x8001FE4C (0x0040006F) jal zero, 4


mem[X,0x8001FE50] -> 0xAC23
mem[X,0x8001FE52] -> 0x4E40
[3199] [M]: 0x8001FE50 (0x4E40AC23) sw tp, 1272(ra)
mem[0x8004B76C] <- 0x00000003


clint::tick mtime <- 0x0000000000000020
 clint timer pending at mtime 0x0000000000000020
htif::tick 0x0000000000000000
mem[X,0x8001FE54] -> 0x0513
mem[X,0x8001FE56] -> 0x0020
[3200] [M]: 0x8001FE54 (0x00200513) addi a0, zero, 2
x10 <- 0x00000002


mem[X,0x8001FE58] -> 0xB5B7
mem[X,0x8001FE5A] -> 0xAAAA
[3201] [M]: 0x8001FE58 (0xAAAAB5B7) lui a1, 699051
x11 <- 0xAAAAB000


mem[X,0x8001FE5C] -> 0x8593
mem[X,0x8001FE5E] -> 0xAAB5
[3202] [M]: 0x8001FE5C (0xAAB58593) addi a1, a1, 2731
x11 <- 0xAAAAAAAB


mem[X,0x8001FE60] -> 0x0213
mem[X,0x8001FE62] -> 0x0000
[3203] [M]: 0x8001FE60 (0x00000213) addi tp, zero, 0
x4 <- 0x00000000


mem[X,0x8001FE64] -> 0x006F
mem[X,0x8001FE66] -> 0x00C0
[3204] [M]: 0x8001FE64 (0x00C0006F) jal zero, 12


mem[X,0x8001FE70] -> 0x6663
mem[X,0x8001FE72] -> 0x00B5
[3205] [M]: 0x8001FE70 (0x00B56663) bltu a0, a1, 12


mem[X,0x8001FE7C] -> 0x0213
mem[X,0x8001FE7E] -> 0x0032
[3206] [M]: 0x8001FE7C (0x00320213) addi tp, tp, 3
x4 <- 0x00000003


mem[X,0x8001FE80] -> 0x006F
mem[X,0x8001FE82] -> 0x0040
[3207] [M]: 0x8001FE80 (0x0040006F) jal zero, 4


mem[X,0x8001FE84] -> 0xAE23
mem[X,0x8001FE86] -> 0x4E40
[3208] [M]: 0x8001FE84 (0x4E40AE23) sw tp, 1276(ra)
mem[0x8004B770] <- 0x00000003


mem[X,0x8001FE88] -> 0x0513
mem[X,0x8001FE8A] -> 0x0020
[3209] [M]: 0x8001FE88 (0x00200513) addi a0, zero, 2
x10 <- 0x00000002


mem[X,0x8001FE8C] -> 0x0593
mem[X,0x8001FE8E] -> 0x0060
[3210] [M]: 0x8001FE8C (0x00600593) addi a1, zero, 6
x11 <- 0x00000006


mem[X,0x8001FE90] -> 0x0213
mem[X,0x8001FE92] -> 0x0000
[3211] [M]: 0x8001FE90 (0x00000213) addi tp, zero, 0
x4 <- 0x00000000


mem[X,0x8001FE94] -> 0x006F
mem[X,0x8001FE96] -> 0x00C0
[3212] [M]: 0x8001FE94 (0x00C0006F) jal zero, 12


mem[X,0x8001FEA0] -> 0x6CE3
mem[X,0x8001FEA2] -> 0xFEB5
[3213] [M]: 0x8001FEA0 (0xFEB56CE3) bltu a0, a1, 8184


mem[X,0x8001FE98] -> 0x0213
mem[X,0x8001FE9A] -> 0x0012
[3214] [M]: 0x8001FE98 (0x00120213) addi tp, tp, 1
x4 <- 0x00000001


mem[X,0x8001FE9C] -> 0x006F
mem[X,0x8001FE9E] -> 0x0180
[3215] [M]: 0x8001FE9C (0x0180006F) jal zero, 24


mem[X,0x8001FEB4] -> 0xA023
mem[X,0x8001FEB6] -> 0x5040
[3216] [M]: 0x8001FEB4 (0x5040A023) sw tp, 1280(ra)
mem[0x8004B774] <- 0x00000001


mem[X,0x8001FEB8] -> 0x0513
mem[X,0x8001FEBA] -> 0x0020
[3217] [M]: 0x8001FEB8 (0x00200513) addi a0, zero, 2
x10 <- 0x00000002


mem[X,0x8001FEBC] -> 0x35B7
mem[X,0x8001FEBE] -> 0x3333
[3218] [M]: 0x8001FEBC (0x333335B7) lui a1, 209715
x11 <- 0x33333000


mem[X,0x8001FEC0] -> 0x8593
mem[X,0x8001FEC2] -> 0x3345
[3219] [M]: 0x8001FEC0 (0x33458593) addi a1, a1, 820
x11 <- 0x33333334


mem[X,0x8001FEC4] -> 0x0213
mem[X,0x8001FEC6] -> 0x0000
[3220] [M]: 0x8001FEC4 (0x00000213) addi tp, zero, 0
x4 <- 0x00000000


mem[X,0x8001FEC8] -> 0x006F
mem[X,0x8001FECA] -> 0x00C0
[3221] [M]: 0x8001FEC8 (0x00C0006F) jal zero, 12


mem[X,0x8001FED4] -> 0x6063
mem[X,0x8001FED6] -> 0x20B5
[3222] [M]: 0x8001FED4 (0x20B56063) bltu a0, a1, 512


mem[X,0x800200D4] -> 0x0213
mem[X,0x800200D6] -> 0x0032
[3223] [M]: 0x800200D4 (0x00320213) addi tp, tp, 3
x4 <- 0x00000003


mem[X,0x800200D8] -> 0x006F
mem[X,0x800200DA] -> 0x0040
[3224] [M]: 0x800200D8 (0x0040006F) jal zero, 4


mem[X,0x800200DC] -> 0xA223
mem[X,0x800200DE] -> 0x5040
[3225] [M]: 0x800200DC (0x5040A223) sw tp, 1284(ra)
mem[0x8004B778] <- 0x00000003


mem[X,0x800200E0] -> 0x0513
mem[X,0x800200E2] -> 0x0020
[3226] [M]: 0x800200E0 (0x00200513) addi a0, zero, 2
x10 <- 0x00000002


mem[X,0x800200E4] -> 0x65B7
mem[X,0x800200E6] -> 0x6666
[3227] [M]: 0x800200E4 (0x666665B7) lui a1, 419430
x11 <- 0x66666000


mem[X,0x800200E8] -> 0x8593
mem[X,0x800200EA] -> 0x6675
[3228] [M]: 0x800200E8 (0x66758593) addi a1, a1, 1639
x11 <- 0x66666667


mem[X,0x800200EC] -> 0x0213
mem[X,0x800200EE] -> 0x0000
[3229] [M]: 0x800200EC (0x00000213) addi tp, zero, 0
x4 <- 0x00000000


mem[X,0x800200F0] -> 0x006F
mem[X,0x800200F2] -> 0x00C0
[3230] [M]: 0x800200F0 (0x00C0006F) jal zero, 12


mem[X,0x800200FC] -> 0x6CE3
mem[X,0x800200FE] -> 0xFEB5
[3231] [M]: 0x800200FC (0xFEB56CE3) bltu a0, a1, 8184


mem[X,0x800200F4] -> 0x0213
mem[X,0x800200F6] -> 0x0012
[3232] [M]: 0x800200F4 (0x00120213) addi tp, tp, 1
x4 <- 0x00000001


mem[X,0x800200F8] -> 0x006F
mem[X,0x800200FA] -> 0x0180
[3233] [M]: 0x800200F8 (0x0180006F) jal zero, 24


mem[X,0x80020110] -> 0xA423
mem[X,0x80020112] -> 0x5040
[3234] [M]: 0x80020110 (0x5040A423) sw tp, 1288(ra)
mem[0x8004B77C] <- 0x00000001


mem[X,0x80020114] -> 0x0513
mem[X,0x80020116] -> 0x0020
[3235] [M]: 0x80020114 (0x00200513) addi a0, zero, 2
x10 <- 0x00000002


mem[X,0x80020118] -> 0xB5B7
mem[X,0x8002011A] -> 0x0000
[3236] [M]: 0x80020118 (0x0000B5B7) lui a1, 11
x11 <- 0x0000B000


mem[X,0x8002011C] -> 0x8593
mem[X,0x8002011E] -> 0x5055
[3237] [M]: 0x8002011C (0x50558593) addi a1, a1, 1285
x11 <- 0x0000B505


mem[X,0x80020120] -> 0x0213
mem[X,0x80020122] -> 0x0000
[3238] [M]: 0x80020120 (0x00000213) addi tp, zero, 0
x4 <- 0x00000000


mem[X,0x80020124] -> 0x006F
mem[X,0x80020126] -> 0x0180
[3239] [M]: 0x80020124 (0x0180006F) jal zero, 24


mem[X,0x8002013C] -> 0x66E3
mem[X,0x8002013E] -> 0xFEB5
[3240] [M]: 0x8002013C (0xFEB566E3) bltu a0, a1, 8172


mem[X,0x80020128] -> 0x0213
mem[X,0x8002012A] -> 0x0012
[3241] [M]: 0x80020128 (0x00120213) addi tp, tp, 1
x4 <- 0x00000001


mem[X,0x8002012C] -> 0x006F
mem[X,0x8002012E] -> 0x0240
[3242] [M]: 0x8002012C (0x0240006F) jal zero, 36


mem[X,0x80020150] -> 0xA623
mem[X,0x80020152] -> 0x5040
[3243] [M]: 0x80020150 (0x5040A623) sw tp, 1292(ra)
mem[0x8004B780] <- 0x00000001


mem[X,0x80020154] -> 0x0513
mem[X,0x80020156] -> 0x0020
[3244] [M]: 0x80020154 (0x00200513) addi a0, zero, 2
x10 <- 0x00000002


mem[X,0x80020158] -> 0x0593
mem[X,0x8002015A] -> 0x0010
[3245] [M]: 0x80020158 (0x00100593) addi a1, zero, 1
x11 <- 0x00000001


mem[X,0x8002015C] -> 0x0213
mem[X,0x8002015E] -> 0x0000
[3246] [M]: 0x8002015C (0x00000213) addi tp, zero, 0
x4 <- 0x00000000


mem[X,0x80020160] -> 0x006F
mem[X,0x80020162] -> 0x0140
[3247] [M]: 0x80020160 (0x0140006F) jal zero, 20


mem[X,0x80020174] -> 0x68E3
mem[X,0x80020176] -> 0xFEB5
[3248] [M]: 0x80020174 (0xFEB568E3) bltu a0, a1, 8176


mem[X,0x80020178] -> 0x0213
mem[X,0x8002017A] -> 0x0022
[3249] [M]: 0x80020178 (0x00220213) addi tp, tp, 2
x4 <- 0x00000002


mem[X,0x8002017C] -> 0x006F
mem[X,0x8002017E] -> 0x00C0
[3250] [M]: 0x8002017C (0x00C0006F) jal zero, 12


mem[X,0x80020188] -> 0xA823
mem[X,0x8002018A] -> 0x5040
[3251] [M]: 0x80020188 (0x5040A823) sw tp, 1296(ra)
mem[0x8004B784] <- 0x00000002


mem[X,0x8002018C] -> 0x0513
mem[X,0x8002018E] -> 0x0020
[3252] [M]: 0x8002018C (0x00200513) addi a0, zero, 2
x10 <- 0x00000002


mem[X,0x80020190] -> 0x05B7
mem[X,0x80020192] -> 0x0001
[3253] [M]: 0x80020190 (0x000105B7) lui a1, 16
x11 <- 0x00010000


mem[X,0x80020194] -> 0x0213
mem[X,0x80020196] -> 0x0000
[3254] [M]: 0x80020194 (0x00000213) addi tp, zero, 0
x4 <- 0x00000000


mem[X,0x80020198] -> 0x006F
mem[X,0x8002019A] -> 0x0180
[3255] [M]: 0x80020198 (0x0180006F) jal zero, 24


mem[X,0x800201B0] -> 0x66E3
mem[X,0x800201B2] -> 0xFEB5
[3256] [M]: 0x800201B0 (0xFEB566E3) bltu a0, a1, 8172


mem[X,0x8002019C] -> 0x0213
mem[X,0x8002019E] -> 0x0012
[3257] [M]: 0x8002019C (0x00120213) addi tp, tp, 1
x4 <- 0x00000001


mem[X,0x800201A0] -> 0x006F
mem[X,0x800201A2] -> 0x0240
[3258] [M]: 0x800201A0 (0x0240006F) jal zero, 36


mem[X,0x800201C4] -> 0xAA23
mem[X,0x800201C6] -> 0x5040
[3259] [M]: 0x800201C4 (0x5040AA23) sw tp, 1300(ra)
mem[0x8004B788] <- 0x00000001


mem[X,0x800201C8] -> 0x5537
mem[X,0x800201CA] -> 0x5555
[3260] [M]: 0x800201C8 (0x55555537) lui a0, 349525
x10 <- 0x55555000


mem[X,0x800201CC] -> 0x0513
mem[X,0x800201CE] -> 0x5545
[3261] [M]: 0x800201CC (0x55450513) addi a0, a0, 1364
x10 <- 0x55555554


mem[X,0x800201D0] -> 0x0593
mem[X,0x800201D2] -> 0x0030
[3262] [M]: 0x800201D0 (0x00300593) addi a1, zero, 3
x11 <- 0x00000003


mem[X,0x800201D4] -> 0x0213
mem[X,0x800201D6] -> 0x0000
[3263] [M]: 0x800201D4 (0x00000213) addi tp, zero, 0
x4 <- 0x00000000


mem[X,0x800201D8] -> 0x006F
mem[X,0x800201DA] -> 0x2B10
[3264] [M]: 0x800201D8 (0x2B10006F) jal zero, 2736


mem[X,0x80020C88] -> 0x6A63
mem[X,0x80020C8A] -> 0xD4B5
[3265] [M]: 0x80020C88 (0xD4B56A63) bltu a0, a1, 5460


mem[X,0x80020C8C] -> 0x0213
mem[X,0x80020C8E] -> 0x0022
[3266] [M]: 0x80020C8C (0x00220213) addi tp, tp, 2
x4 <- 0x00000002


mem[X,0x80020C90] -> 0x006F
mem[X,0x80020C92] -> 0x00C0
[3267] [M]: 0x80020C90 (0x00C0006F) jal zero, 12


mem[X,0x80020C9C] -> 0xAC23
mem[X,0x80020C9E] -> 0x5040
[3268] [M]: 0x80020C9C (0x5040AC23) sw tp, 1304(ra)
mem[0x8004B78C] <- 0x00000002


mem[X,0x80020CA0] -> 0x5537
mem[X,0x80020CA2] -> 0x5555
[3269] [M]: 0x80020CA0 (0x55555537) lui a0, 349525
x10 <- 0x55555000


mem[X,0x80020CA4] -> 0x0513
mem[X,0x80020CA6] -> 0x5545
[3270] [M]: 0x80020CA4 (0x55450513) addi a0, a0, 1364
x10 <- 0x55555554


mem[X,0x80020CA8] -> 0x55B7
mem[X,0x80020CAA] -> 0x5555
[3271] [M]: 0x80020CA8 (0x555555B7) lui a1, 349525
x11 <- 0x55555000


mem[X,0x80020CAC] -> 0x8593
mem[X,0x80020CAE] -> 0x5555
[3272] [M]: 0x80020CAC (0x55558593) addi a1, a1, 1365
x11 <- 0x55555555


mem[X,0x80020CB0] -> 0x0213
mem[X,0x80020CB2] -> 0x0000
[3273] [M]: 0x80020CB0 (0x00000213) addi tp, zero, 0
x4 <- 0x00000000


mem[X,0x80020CB4] -> 0x006F
mem[X,0x80020CB6] -> 0x2B10
[3274] [M]: 0x80020CB4 (0x2B10006F) jal zero, 2736


mem[X,0x80021764] -> 0x6A63
mem[X,0x80021766] -> 0xD4B5
[3275] [M]: 0x80021764 (0xD4B56A63) bltu a0, a1, 5460


mem[X,0x80020CB8] -> 0x0213
mem[X,0x80020CBA] -> 0x0012
[3276] [M]: 0x80020CB8 (0x00120213) addi tp, tp, 1
x4 <- 0x00000001


mem[X,0x80020CBC] -> 0x006F
mem[X,0x80020CBE] -> 0x2BD0
[3277] [M]: 0x80020CBC (0x2BD0006F) jal zero, 2748


mem[X,0x80021778] -> 0xAE23
mem[X,0x8002177A] -> 0x5040
[3278] [M]: 0x80021778 (0x5040AE23) sw tp, 1308(ra)
mem[0x8004B790] <- 0x00000001


mem[X,0x8002177C] -> 0x5537
mem[X,0x8002177E] -> 0x5555
[3279] [M]: 0x8002177C (0x55555537) lui a0, 349525
x10 <- 0x55555000


mem[X,0x80021780] -> 0x0513
mem[X,0x80021782] -> 0x5545
[3280] [M]: 0x80021780 (0x55450513) addi a0, a0, 1364
x10 <- 0x55555554


mem[X,0x80021784] -> 0xB5B7
mem[X,0x80021786] -> 0xAAAA
[3281] [M]: 0x80021784 (0xAAAAB5B7) lui a1, 699051
x11 <- 0xAAAAB000


mem[X,0x80021788] -> 0x8593
mem[X,0x8002178A] -> 0xAAA5
[3282] [M]: 0x80021788 (0xAAA58593) addi a1, a1, 2730
x11 <- 0xAAAAAAAA


mem[X,0x8002178C] -> 0x0213
mem[X,0x8002178E] -> 0x0000
[3283] [M]: 0x8002178C (0x00000213) addi tp, zero, 0
x4 <- 0x00000000


mem[X,0x80021790] -> 0x006F
mem[X,0x80021792] -> 0x0180
[3284] [M]: 0x80021790 (0x0180006F) jal zero, 24


mem[X,0x800217A8] -> 0x66E3
mem[X,0x800217AA] -> 0xFEB5
[3285] [M]: 0x800217A8 (0xFEB566E3) bltu a0, a1, 8172


mem[X,0x80021794] -> 0x0213
mem[X,0x80021796] -> 0x0012
[3286] [M]: 0x80021794 (0x00120213) addi tp, tp, 1
x4 <- 0x00000001


mem[X,0x80021798] -> 0x006F
mem[X,0x8002179A] -> 0x0240
[3287] [M]: 0x80021798 (0x0240006F) jal zero, 36


mem[X,0x800217BC] -> 0xA023
mem[X,0x800217BE] -> 0x5240
[3288] [M]: 0x800217BC (0x5240A023) sw tp, 1312(ra)
mem[0x8004B794] <- 0x00000001


mem[X,0x800217C0] -> 0x5537
mem[X,0x800217C2] -> 0x5555
[3289] [M]: 0x800217C0 (0x55555537) lui a0, 349525
x10 <- 0x55555000


mem[X,0x800217C4] -> 0x0513
mem[X,0x800217C6] -> 0x5545
[3290] [M]: 0x800217C4 (0x55450513) addi a0, a0, 1364
x10 <- 0x55555554


mem[X,0x800217C8] -> 0x0593
mem[X,0x800217CA] -> 0x0050
[3291] [M]: 0x800217C8 (0x00500593) addi a1, zero, 5
x11 <- 0x00000005


mem[X,0x800217CC] -> 0x0213
mem[X,0x800217CE] -> 0x0000
[3292] [M]: 0x800217CC (0x00000213) addi tp, zero, 0
x4 <- 0x00000000


mem[X,0x800217D0] -> 0x006F
mem[X,0x800217D2] -> 0x0180
[3293] [M]: 0x800217D0 (0x0180006F) jal zero, 24


mem[X,0x800217E8] -> 0x66E3
mem[X,0x800217EA] -> 0xFEB5
[3294] [M]: 0x800217E8 (0xFEB566E3) bltu a0, a1, 8172


mem[X,0x800217EC] -> 0x0213
mem[X,0x800217EE] -> 0x0022
[3295] [M]: 0x800217EC (0x00220213) addi tp, tp, 2
x4 <- 0x00000002


mem[X,0x800217F0] -> 0x006F
mem[X,0x800217F2] -> 0x00C0
[3296] [M]: 0x800217F0 (0x00C0006F) jal zero, 12


mem[X,0x800217FC] -> 0xA223
mem[X,0x800217FE] -> 0x5240
[3297] [M]: 0x800217FC (0x5240A223) sw tp, 1316(ra)
mem[0x8004B798] <- 0x00000002


mem[X,0x80021800] -> 0x5537
mem[X,0x80021802] -> 0x5555
[3298] [M]: 0x80021800 (0x55555537) lui a0, 349525
x10 <- 0x55555000


mem[X,0x80021804] -> 0x0513
mem[X,0x80021806] -> 0x5545
[3299] [M]: 0x80021804 (0x55450513) addi a0, a0, 1364
x10 <- 0x55555554


clint::tick mtime <- 0x0000000000000021
 clint timer pending at mtime 0x0000000000000021
htif::tick 0x0000000000000000
mem[X,0x80021808] -> 0x35B7
mem[X,0x8002180A] -> 0x3333
[3300] [M]: 0x80021808 (0x333335B7) lui a1, 209715
x11 <- 0x33333000


mem[X,0x8002180C] -> 0x8593
mem[X,0x8002180E] -> 0x3335
[3301] [M]: 0x8002180C (0x33358593) addi a1, a1, 819
x11 <- 0x33333333


mem[X,0x80021810] -> 0x0213
mem[X,0x80021812] -> 0x0000
[3302] [M]: 0x80021810 (0x00000213) addi tp, zero, 0
x4 <- 0x00000000


mem[X,0x80021814] -> 0x006F
mem[X,0x80021816] -> 0x00C0
[3303] [M]: 0x80021814 (0x00C0006F) jal zero, 12


mem[X,0x80021820] -> 0x6CE3
mem[X,0x80021822] -> 0xFEB5
[3304] [M]: 0x80021820 (0xFEB56CE3) bltu a0, a1, 8184


mem[X,0x80021824] -> 0x0213
mem[X,0x80021826] -> 0x0022
[3305] [M]: 0x80021824 (0x00220213) addi tp, tp, 2
x4 <- 0x00000002


mem[X,0x80021828] -> 0x006F
mem[X,0x8002182A] -> 0x00C0
[3306] [M]: 0x80021828 (0x00C0006F) jal zero, 12


mem[X,0x80021834] -> 0xA423
mem[X,0x80021836] -> 0x5240
[3307] [M]: 0x80021834 (0x5240A423) sw tp, 1320(ra)
mem[0x8004B79C] <- 0x00000002


mem[X,0x80021838] -> 0x5537
mem[X,0x8002183A] -> 0x5555
[3308] [M]: 0x80021838 (0x55555537) lui a0, 349525
x10 <- 0x55555000


mem[X,0x8002183C] -> 0x0513
mem[X,0x8002183E] -> 0x5545
[3309] [M]: 0x8002183C (0x55450513) addi a0, a0, 1364
x10 <- 0x55555554


mem[X,0x80021840] -> 0x65B7
mem[X,0x80021842] -> 0x6666
[3310] [M]: 0x80021840 (0x666665B7) lui a1, 419430
x11 <- 0x66666000


mem[X,0x80021844] -> 0x8593
mem[X,0x80021846] -> 0x6665
[3311] [M]: 0x80021844 (0x66658593) addi a1, a1, 1638
x11 <- 0x66666666


mem[X,0x80021848] -> 0x0213
mem[X,0x8002184A] -> 0x0000
[3312] [M]: 0x80021848 (0x00000213) addi tp, zero, 0
x4 <- 0x00000000


mem[X,0x8002184C] -> 0x006F
mem[X,0x8002184E] -> 0x00C0
[3313] [M]: 0x8002184C (0x00C0006F) jal zero, 12


mem[X,0x80021858] -> 0x6663
mem[X,0x8002185A] -> 0x00B5
[3314] [M]: 0x80021858 (0x00B56663) bltu a0, a1, 12


mem[X,0x80021864] -> 0x0213
mem[X,0x80021866] -> 0x0032
[3315] [M]: 0x80021864 (0x00320213) addi tp, tp, 3
x4 <- 0x00000003


mem[X,0x80021868] -> 0x006F
mem[X,0x8002186A] -> 0x0040
[3316] [M]: 0x80021868 (0x0040006F) jal zero, 4


mem[X,0x8002186C] -> 0xA623
mem[X,0x8002186E] -> 0x5240
[3317] [M]: 0x8002186C (0x5240A623) sw tp, 1324(ra)
mem[0x8004B7A0] <- 0x00000003


mem[X,0x80021870] -> 0x5537
mem[X,0x80021872] -> 0x5555
[3318] [M]: 0x80021870 (0x55555537) lui a0, 349525
x10 <- 0x55555000


mem[X,0x80021874] -> 0x0513
mem[X,0x80021876] -> 0x5545
[3319] [M]: 0x80021874 (0x55450513) addi a0, a0, 1364
x10 <- 0x55555554


mem[X,0x80021878] -> 0xB5B7
mem[X,0x8002187A] -> 0x0000
[3320] [M]: 0x80021878 (0x0000B5B7) lui a1, 11
x11 <- 0x0000B000


mem[X,0x8002187C] -> 0x8593
mem[X,0x8002187E] -> 0x5045
[3321] [M]: 0x8002187C (0x50458593) addi a1, a1, 1284
x11 <- 0x0000B504


mem[X,0x80021880] -> 0x0213
mem[X,0x80021882] -> 0x0000
[3322] [M]: 0x80021880 (0x00000213) addi tp, zero, 0
x4 <- 0x00000000


mem[X,0x80021884] -> 0x006F
mem[X,0x80021886] -> 0x0180
[3323] [M]: 0x80021884 (0x0180006F) jal zero, 24


mem[X,0x8002189C] -> 0x66E3
mem[X,0x8002189E] -> 0xFEB5
[3324] [M]: 0x8002189C (0xFEB566E3) bltu a0, a1, 8172


mem[X,0x800218A0] -> 0x0213
mem[X,0x800218A2] -> 0x0022
[3325] [M]: 0x800218A0 (0x00220213) addi tp, tp, 2
x4 <- 0x00000002


mem[X,0x800218A4] -> 0x006F
mem[X,0x800218A6] -> 0x00C0
[3326] [M]: 0x800218A4 (0x00C0006F) jal zero, 12


mem[X,0x800218B0] -> 0xA823
mem[X,0x800218B2] -> 0x5240
[3327] [M]: 0x800218B0 (0x5240A823) sw tp, 1328(ra)
mem[0x8004B7A4] <- 0x00000002


mem[X,0x800218B4] -> 0x5537
mem[X,0x800218B6] -> 0x5555
[3328] [M]: 0x800218B4 (0x55555537) lui a0, 349525
x10 <- 0x55555000


mem[X,0x800218B8] -> 0x0513
mem[X,0x800218BA] -> 0x5545
[3329] [M]: 0x800218B8 (0x55450513) addi a0, a0, 1364
x10 <- 0x55555554


mem[X,0x800218BC] -> 0x0593
mem[X,0x800218BE] -> 0x0000
[3330] [M]: 0x800218BC (0x00000593) addi a1, zero, 0
x11 <- 0x00000000


mem[X,0x800218C0] -> 0x0213
mem[X,0x800218C2] -> 0x0000
[3331] [M]: 0x800218C0 (0x00000213) addi tp, zero, 0
x4 <- 0x00000000


mem[X,0x800218C4] -> 0x006F
mem[X,0x800218C6] -> 0x00C0
[3332] [M]: 0x800218C4 (0x00C0006F) jal zero, 12


mem[X,0x800218D0] -> 0x6863
mem[X,0x800218D2] -> 0x00B5
[3333] [M]: 0x800218D0 (0x00B56863) bltu a0, a1, 16


mem[X,0x800218D4] -> 0x0213
mem[X,0x800218D6] -> 0x0022
[3334] [M]: 0x800218D4 (0x00220213) addi tp, tp, 2
x4 <- 0x00000002


mem[X,0x800218D8] -> 0x006F
mem[X,0x800218DA] -> 0x0100
[3335] [M]: 0x800218D8 (0x0100006F) jal zero, 16


mem[X,0x800218E8] -> 0xAA23
mem[X,0x800218EA] -> 0x5240
[3336] [M]: 0x800218E8 (0x5240AA23) sw tp, 1332(ra)
mem[0x8004B7A8] <- 0x00000002


mem[X,0x800218EC] -> 0x5537
mem[X,0x800218EE] -> 0x5555
[3337] [M]: 0x800218EC (0x55555537) lui a0, 349525
x10 <- 0x55555000


mem[X,0x800218F0] -> 0x0513
mem[X,0x800218F2] -> 0x5545
[3338] [M]: 0x800218F0 (0x55450513) addi a0, a0, 1364
x10 <- 0x55555554


mem[X,0x800218F4] -> 0x05B7
mem[X,0x800218F6] -> 0x0001
[3339] [M]: 0x800218F4 (0x000105B7) lui a1, 16
x11 <- 0x00010000


mem[X,0x800218F8] -> 0x8593
mem[X,0x800218FA] -> 0xFFF5
[3340] [M]: 0x800218F8 (0xFFF58593) addi a1, a1, 4095
x11 <- 0x0000FFFF


mem[X,0x800218FC] -> 0x0213
mem[X,0x800218FE] -> 0x0000
[3341] [M]: 0x800218FC (0x00000213) addi tp, zero, 0
x4 <- 0x00000000


mem[X,0x80021900] -> 0x006F
mem[X,0x80021902] -> 0x0140
[3342] [M]: 0x80021900 (0x0140006F) jal zero, 20


mem[X,0x80021914] -> 0x68E3
mem[X,0x80021916] -> 0xFEB5
[3343] [M]: 0x80021914 (0xFEB568E3) bltu a0, a1, 8176


mem[X,0x80021918] -> 0x0213
mem[X,0x8002191A] -> 0x0022
[3344] [M]: 0x80021918 (0x00220213) addi tp, tp, 2
x4 <- 0x00000002


mem[X,0x8002191C] -> 0x006F
mem[X,0x8002191E] -> 0x00C0
[3345] [M]: 0x8002191C (0x00C0006F) jal zero, 12


mem[X,0x80021928] -> 0xAC23
mem[X,0x8002192A] -> 0x5240
[3346] [M]: 0x80021928 (0x5240AC23) sw tp, 1336(ra)
mem[0x8004B7AC] <- 0x00000002


mem[X,0x8002192C] -> 0x5537
mem[X,0x8002192E] -> 0x5555
[3347] [M]: 0x8002192C (0x55555537) lui a0, 349525
x10 <- 0x55555000


mem[X,0x80021930] -> 0x0513
mem[X,0x80021932] -> 0x5545
[3348] [M]: 0x80021930 (0x55450513) addi a0, a0, 1364
x10 <- 0x55555554


mem[X,0x80021934] -> 0x0593
mem[X,0x80021936] -> 0x0020
[3349] [M]: 0x80021934 (0x00200593) addi a1, zero, 2
x11 <- 0x00000002


mem[X,0x80021938] -> 0x0213
mem[X,0x8002193A] -> 0x0000
[3350] [M]: 0x80021938 (0x00000213) addi tp, zero, 0
x4 <- 0x00000000


mem[X,0x8002193C] -> 0x006F
mem[X,0x8002193E] -> 0x00C0
[3351] [M]: 0x8002193C (0x00C0006F) jal zero, 12


mem[X,0x80021948] -> 0x6CE3
mem[X,0x8002194A] -> 0xFEB5
[3352] [M]: 0x80021948 (0xFEB56CE3) bltu a0, a1, 8184


mem[X,0x8002194C] -> 0x0213
mem[X,0x8002194E] -> 0x0022
[3353] [M]: 0x8002194C (0x00220213) addi tp, tp, 2
x4 <- 0x00000002


mem[X,0x80021950] -> 0x006F
mem[X,0x80021952] -> 0x00C0
[3354] [M]: 0x80021950 (0x00C0006F) jal zero, 12


mem[X,0x8002195C] -> 0xAE23
mem[X,0x8002195E] -> 0x5240
[3355] [M]: 0x8002195C (0x5240AE23) sw tp, 1340(ra)
mem[0x8004B7B0] <- 0x00000002


mem[X,0x80021960] -> 0x5537
mem[X,0x80021962] -> 0x5555
[3356] [M]: 0x80021960 (0x55555537) lui a0, 349525
x10 <- 0x55555000


mem[X,0x80021964] -> 0x0513
mem[X,0x80021966] -> 0x5545
[3357] [M]: 0x80021964 (0x55450513) addi a0, a0, 1364
x10 <- 0x55555554


mem[X,0x80021968] -> 0x55B7
mem[X,0x8002196A] -> 0x5555
[3358] [M]: 0x80021968 (0x555555B7) lui a1, 349525
x11 <- 0x55555000


mem[X,0x8002196C] -> 0x8593
mem[X,0x8002196E] -> 0x5545
[3359] [M]: 0x8002196C (0x55458593) addi a1, a1, 1364
x11 <- 0x55555554


mem[X,0x80021970] -> 0x0213
mem[X,0x80021972] -> 0x0000
[3360] [M]: 0x80021970 (0x00000213) addi tp, zero, 0
x4 <- 0x00000000


mem[X,0x80021974] -> 0x006F
mem[X,0x80021976] -> 0x00C0
[3361] [M]: 0x80021974 (0x00C0006F) jal zero, 12


mem[X,0x80021980] -> 0x6663
mem[X,0x80021982] -> 0x00B5
[3362] [M]: 0x80021980 (0x00B56663) bltu a0, a1, 12


mem[X,0x80021984] -> 0x0213
mem[X,0x80021986] -> 0x0022
[3363] [M]: 0x80021984 (0x00220213) addi tp, tp, 2
x4 <- 0x00000002


mem[X,0x80021988] -> 0x006F
mem[X,0x8002198A] -> 0x00C0
[3364] [M]: 0x80021988 (0x00C0006F) jal zero, 12


mem[X,0x80021994] -> 0xA023
mem[X,0x80021996] -> 0x5440
[3365] [M]: 0x80021994 (0x5440A023) sw tp, 1344(ra)
mem[0x8004B7B4] <- 0x00000002


mem[X,0x80021998] -> 0x5537
mem[X,0x8002199A] -> 0x5555
[3366] [M]: 0x80021998 (0x55555537) lui a0, 349525
x10 <- 0x55555000


mem[X,0x8002199C] -> 0x0513
mem[X,0x8002199E] -> 0x5545
[3367] [M]: 0x8002199C (0x55450513) addi a0, a0, 1364
x10 <- 0x55555554


mem[X,0x800219A0] -> 0xB5B7
mem[X,0x800219A2] -> 0xAAAA
[3368] [M]: 0x800219A0 (0xAAAAB5B7) lui a1, 699051
x11 <- 0xAAAAB000


mem[X,0x800219A4] -> 0x8593
mem[X,0x800219A6] -> 0xAA95
[3369] [M]: 0x800219A4 (0xAA958593) addi a1, a1, 2729
x11 <- 0xAAAAAAA9


mem[X,0x800219A8] -> 0x0213
mem[X,0x800219AA] -> 0x0000
[3370] [M]: 0x800219A8 (0x00000213) addi tp, zero, 0
x4 <- 0x00000000


mem[X,0x800219AC] -> 0x006F
mem[X,0x800219AE] -> 0x00C0
[3371] [M]: 0x800219AC (0x00C0006F) jal zero, 12


mem[X,0x800219B8] -> 0x6063
mem[X,0x800219BA] -> 0x08B5
[3372] [M]: 0x800219B8 (0x08B56063) bltu a0, a1, 128


mem[X,0x80021A38] -> 0x0213
mem[X,0x80021A3A] -> 0x0032
[3373] [M]: 0x80021A38 (0x00320213) addi tp, tp, 3
x4 <- 0x00000003


mem[X,0x80021A3C] -> 0x006F
mem[X,0x80021A3E] -> 0x0040
[3374] [M]: 0x80021A3C (0x0040006F) jal zero, 4


mem[X,0x80021A40] -> 0xA223
mem[X,0x80021A42] -> 0x5440
[3375] [M]: 0x80021A40 (0x5440A223) sw tp, 1348(ra)
mem[0x8004B7B8] <- 0x00000003


mem[X,0x80021A44] -> 0x5537
mem[X,0x80021A46] -> 0x5555
[3376] [M]: 0x80021A44 (0x55555537) lui a0, 349525
x10 <- 0x55555000


mem[X,0x80021A48] -> 0x0513
mem[X,0x80021A4A] -> 0x5545
[3377] [M]: 0x80021A48 (0x55450513) addi a0, a0, 1364
x10 <- 0x55555554


mem[X,0x80021A4C] -> 0x0593
mem[X,0x80021A4E] -> 0x0040
[3378] [M]: 0x80021A4C (0x00400593) addi a1, zero, 4
x11 <- 0x00000004


mem[X,0x80021A50] -> 0x0213
mem[X,0x80021A52] -> 0x0000
[3379] [M]: 0x80021A50 (0x00000213) addi tp, zero, 0
x4 <- 0x00000000


mem[X,0x80021A54] -> 0x006F
mem[X,0x80021A56] -> 0x0050
[3380] [M]: 0x80021A54 (0x0050006F) jal zero, 2052


mem[X,0x80022258] -> 0x60E3
mem[X,0x8002225A] -> 0x80B5
[3381] [M]: 0x80022258 (0x80B560E3) bltu a0, a1, 6144


mem[X,0x8002225C] -> 0x0213
mem[X,0x8002225E] -> 0x0022
[3382] [M]: 0x8002225C (0x00220213) addi tp, tp, 2
x4 <- 0x00000002


mem[X,0x80022260] -> 0x006F
mem[X,0x80022262] -> 0x00C0
[3383] [M]: 0x80022260 (0x00C0006F) jal zero, 12


mem[X,0x8002226C] -> 0xA423
mem[X,0x8002226E] -> 0x5440
[3384] [M]: 0x8002226C (0x5440A423) sw tp, 1352(ra)
mem[0x8004B7BC] <- 0x00000002


mem[X,0x80022270] -> 0x5537
mem[X,0x80022272] -> 0x5555
[3385] [M]: 0x80022270 (0x55555537) lui a0, 349525
x10 <- 0x55555000


mem[X,0x80022274] -> 0x0513
mem[X,0x80022276] -> 0x5545
[3386] [M]: 0x80022274 (0x55450513) addi a0, a0, 1364
x10 <- 0x55555554


mem[X,0x80022278] -> 0x35B7
mem[X,0x8002227A] -> 0x3333
[3387] [M]: 0x80022278 (0x333335B7) lui a1, 209715
x11 <- 0x33333000


mem[X,0x8002227C] -> 0x8593
mem[X,0x8002227E] -> 0x3325
[3388] [M]: 0x8002227C (0x33258593) addi a1, a1, 818
x11 <- 0x33333332


mem[X,0x80022280] -> 0x0213
mem[X,0x80022282] -> 0x0000
[3389] [M]: 0x80022280 (0x00000213) addi tp, zero, 0
x4 <- 0x00000000


mem[X,0x80022284] -> 0x006F
mem[X,0x80022286] -> 0x00C0
[3390] [M]: 0x80022284 (0x00C0006F) jal zero, 12


mem[X,0x80022290] -> 0x6063
mem[X,0x80022292] -> 0x02B5
[3391] [M]: 0x80022290 (0x02B56063) bltu a0, a1, 32


mem[X,0x80022294] -> 0x0213
mem[X,0x80022296] -> 0x0022
[3392] [M]: 0x80022294 (0x00220213) addi tp, tp, 2
x4 <- 0x00000002


mem[X,0x80022298] -> 0x006F
mem[X,0x8002229A] -> 0x0200
[3393] [M]: 0x80022298 (0x0200006F) jal zero, 32


mem[X,0x800222B8] -> 0xA623
mem[X,0x800222BA] -> 0x5440
[3394] [M]: 0x800222B8 (0x5440A623) sw tp, 1356(ra)
mem[0x8004B7C0] <- 0x00000002


mem[X,0x800222BC] -> 0x5537
mem[X,0x800222BE] -> 0x5555
[3395] [M]: 0x800222BC (0x55555537) lui a0, 349525
x10 <- 0x55555000


mem[X,0x800222C0] -> 0x0513
mem[X,0x800222C2] -> 0x5545
[3396] [M]: 0x800222C0 (0x55450513) addi a0, a0, 1364
x10 <- 0x55555554


mem[X,0x800222C4] -> 0x65B7
mem[X,0x800222C6] -> 0x6666
[3397] [M]: 0x800222C4 (0x666665B7) lui a1, 419430
x11 <- 0x66666000


mem[X,0x800222C8] -> 0x8593
mem[X,0x800222CA] -> 0x6655
[3398] [M]: 0x800222C8 (0x66558593) addi a1, a1, 1637
x11 <- 0x66666665


mem[X,0x800222CC] -> 0x0213
mem[X,0x800222CE] -> 0x0000
[3399] [M]: 0x800222CC (0x00000213) addi tp, zero, 0
x4 <- 0x00000000


clint::tick mtime <- 0x0000000000000022
 clint timer pending at mtime 0x0000000000000022
htif::tick 0x0000000000000000
mem[X,0x800222D0] -> 0x006F
mem[X,0x800222D2] -> 0x00C0
[3400] [M]: 0x800222D0 (0x00C0006F) jal zero, 12


mem[X,0x800222DC] -> 0x6663
mem[X,0x800222DE] -> 0x00B5
[3401] [M]: 0x800222DC (0x00B56663) bltu a0, a1, 12


mem[X,0x800222E8] -> 0x0213
mem[X,0x800222EA] -> 0x0032
[3402] [M]: 0x800222E8 (0x00320213) addi tp, tp, 3
x4 <- 0x00000003


mem[X,0x800222EC] -> 0x006F
mem[X,0x800222EE] -> 0x0040
[3403] [M]: 0x800222EC (0x0040006F) jal zero, 4


mem[X,0x800222F0] -> 0xA823
mem[X,0x800222F2] -> 0x5440
[3404] [M]: 0x800222F0 (0x5440A823) sw tp, 1360(ra)
mem[0x8004B7C4] <- 0x00000003


mem[X,0x800222F4] -> 0x5537
mem[X,0x800222F6] -> 0x5555
[3405] [M]: 0x800222F4 (0x55555537) lui a0, 349525
x10 <- 0x55555000


mem[X,0x800222F8] -> 0x0513
mem[X,0x800222FA] -> 0x5545
[3406] [M]: 0x800222F8 (0x55450513) addi a0, a0, 1364
x10 <- 0x55555554


mem[X,0x800222FC] -> 0xB5B7
mem[X,0x800222FE] -> 0x0000
[3407] [M]: 0x800222FC (0x0000B5B7) lui a1, 11
x11 <- 0x0000B000


mem[X,0x80022300] -> 0x8593
mem[X,0x80022302] -> 0x5035
[3408] [M]: 0x80022300 (0x50358593) addi a1, a1, 1283
x11 <- 0x0000B503


mem[X,0x80022304] -> 0x0213
mem[X,0x80022306] -> 0x0000
[3409] [M]: 0x80022304 (0x00000213) addi tp, zero, 0
x4 <- 0x00000000


mem[X,0x80022308] -> 0x006F
mem[X,0x8002230A] -> 0x00C0
[3410] [M]: 0x80022308 (0x00C0006F) jal zero, 12


mem[X,0x80022314] -> 0x6063
mem[X,0x80022316] -> 0x40B5
[3411] [M]: 0x80022314 (0x40B56063) bltu a0, a1, 1024


mem[X,0x80022318] -> 0x0213
mem[X,0x8002231A] -> 0x0022
[3412] [M]: 0x80022318 (0x00220213) addi tp, tp, 2
x4 <- 0x00000002


mem[X,0x8002231C] -> 0x006F
mem[X,0x8002231E] -> 0x4000
[3413] [M]: 0x8002231C (0x4000006F) jal zero, 1024


mem[X,0x8002271C] -> 0xAA23
mem[X,0x8002271E] -> 0x5440
[3414] [M]: 0x8002271C (0x5440AA23) sw tp, 1364(ra)
mem[0x8004B7C8] <- 0x00000002


mem[X,0x80022720] -> 0x5537
mem[X,0x80022722] -> 0x5555
[3415] [M]: 0x80022720 (0x55555537) lui a0, 349525
x10 <- 0x55555000


mem[X,0x80022724] -> 0x0513
mem[X,0x80022726] -> 0x5545
[3416] [M]: 0x80022724 (0x55450513) addi a0, a0, 1364
x10 <- 0x55555554


mem[X,0x80022728] -> 0x05B7
mem[X,0x8002272A] -> 0x0001
[3417] [M]: 0x80022728 (0x000105B7) lui a1, 16
x11 <- 0x00010000


mem[X,0x8002272C] -> 0x8593
mem[X,0x8002272E] -> 0xFFE5
[3418] [M]: 0x8002272C (0xFFE58593) addi a1, a1, 4094
x11 <- 0x0000FFFE


mem[X,0x80022730] -> 0x0213
mem[X,0x80022732] -> 0x0000
[3419] [M]: 0x80022730 (0x00000213) addi tp, zero, 0
x4 <- 0x00000000


mem[X,0x80022734] -> 0x006F
mem[X,0x80022736] -> 0x00C0
[3420] [M]: 0x80022734 (0x00C0006F) jal zero, 12


mem[X,0x80022740] -> 0x6663
mem[X,0x80022742] -> 0x00B5
[3421] [M]: 0x80022740 (0x00B56663) bltu a0, a1, 12


mem[X,0x80022744] -> 0x0213
mem[X,0x80022746] -> 0x0022
[3422] [M]: 0x80022744 (0x00220213) addi tp, tp, 2
x4 <- 0x00000002


mem[X,0x80022748] -> 0x006F
mem[X,0x8002274A] -> 0x00C0
[3423] [M]: 0x80022748 (0x00C0006F) jal zero, 12


mem[X,0x80022754] -> 0xAC23
mem[X,0x80022756] -> 0x5440
[3424] [M]: 0x80022754 (0x5440AC23) sw tp, 1368(ra)
mem[0x8004B7CC] <- 0x00000002


mem[X,0x80022758] -> 0x5537
mem[X,0x8002275A] -> 0x5555
[3425] [M]: 0x80022758 (0x55555537) lui a0, 349525
x10 <- 0x55555000


mem[X,0x8002275C] -> 0x0513
mem[X,0x8002275E] -> 0x5545
[3426] [M]: 0x8002275C (0x55450513) addi a0, a0, 1364
x10 <- 0x55555554


mem[X,0x80022760] -> 0x55B7
mem[X,0x80022762] -> 0x5555
[3427] [M]: 0x80022760 (0x555555B7) lui a1, 349525
x11 <- 0x55555000


mem[X,0x80022764] -> 0x8593
mem[X,0x80022766] -> 0x5565
[3428] [M]: 0x80022764 (0x55658593) addi a1, a1, 1366
x11 <- 0x55555556


mem[X,0x80022768] -> 0x0213
mem[X,0x8002276A] -> 0x0000
[3429] [M]: 0x80022768 (0x00000213) addi tp, zero, 0
x4 <- 0x00000000


mem[X,0x8002276C] -> 0x006F
mem[X,0x8002276E] -> 0x00C0
[3430] [M]: 0x8002276C (0x00C0006F) jal zero, 12


mem[X,0x80022778] -> 0x6CE3
mem[X,0x8002277A] -> 0xFEB5
[3431] [M]: 0x80022778 (0xFEB56CE3) bltu a0, a1, 8184


mem[X,0x80022770] -> 0x0213
mem[X,0x80022772] -> 0x0012
[3432] [M]: 0x80022770 (0x00120213) addi tp, tp, 1
x4 <- 0x00000001


mem[X,0x80022774] -> 0x006F
mem[X,0x80022776] -> 0x0180
[3433] [M]: 0x80022774 (0x0180006F) jal zero, 24


mem[X,0x8002278C] -> 0xAE23
mem[X,0x8002278E] -> 0x5440
[3434] [M]: 0x8002278C (0x5440AE23) sw tp, 1372(ra)
mem[0x8004B7D0] <- 0x00000001


mem[X,0x80022790] -> 0x5537
mem[X,0x80022792] -> 0x5555
[3435] [M]: 0x80022790 (0x55555537) lui a0, 349525
x10 <- 0x55555000


mem[X,0x80022794] -> 0x0513
mem[X,0x80022796] -> 0x5545
[3436] [M]: 0x80022794 (0x55450513) addi a0, a0, 1364
x10 <- 0x55555554


mem[X,0x80022798] -> 0xB5B7
mem[X,0x8002279A] -> 0xAAAA
[3437] [M]: 0x80022798 (0xAAAAB5B7) lui a1, 699051
x11 <- 0xAAAAB000


mem[X,0x8002279C] -> 0x8593
mem[X,0x8002279E] -> 0xAAB5
[3438] [M]: 0x8002279C (0xAAB58593) addi a1, a1, 2731
x11 <- 0xAAAAAAAB


mem[X,0x800227A0] -> 0x0213
mem[X,0x800227A2] -> 0x0000
[3439] [M]: 0x800227A0 (0x00000213) addi tp, zero, 0
x4 <- 0x00000000


mem[X,0x800227A4] -> 0x006F
mem[X,0x800227A6] -> 0x00C0
[3440] [M]: 0x800227A4 (0x00C0006F) jal zero, 12


mem[X,0x800227B0] -> 0x6CE3
mem[X,0x800227B2] -> 0xFEB5
[3441] [M]: 0x800227B0 (0xFEB56CE3) bltu a0, a1, 8184


mem[X,0x800227A8] -> 0x0213
mem[X,0x800227AA] -> 0x0012
[3442] [M]: 0x800227A8 (0x00120213) addi tp, tp, 1
x4 <- 0x00000001


mem[X,0x800227AC] -> 0x006F
mem[X,0x800227AE] -> 0x0180
[3443] [M]: 0x800227AC (0x0180006F) jal zero, 24


mem[X,0x800227C4] -> 0xA023
mem[X,0x800227C6] -> 0x5640
[3444] [M]: 0x800227C4 (0x5640A023) sw tp, 1376(ra)
mem[0x8004B7D4] <- 0x00000001


mem[X,0x800227C8] -> 0x5537
mem[X,0x800227CA] -> 0x5555
[3445] [M]: 0x800227C8 (0x55555537) lui a0, 349525
x10 <- 0x55555000


mem[X,0x800227CC] -> 0x0513
mem[X,0x800227CE] -> 0x5545
[3446] [M]: 0x800227CC (0x55450513) addi a0, a0, 1364
x10 <- 0x55555554


mem[X,0x800227D0] -> 0x0593
mem[X,0x800227D2] -> 0x0060
[3447] [M]: 0x800227D0 (0x00600593) addi a1, zero, 6
x11 <- 0x00000006


mem[X,0x800227D4] -> 0x0213
mem[X,0x800227D6] -> 0x0000
[3448] [M]: 0x800227D4 (0x00000213) addi tp, zero, 0
x4 <- 0x00000000


mem[X,0x800227D8] -> 0x006F
mem[X,0x800227DA] -> 0x00C0
[3449] [M]: 0x800227D8 (0x00C0006F) jal zero, 12


mem[X,0x800227E4] -> 0x6663
mem[X,0x800227E6] -> 0x00B5
[3450] [M]: 0x800227E4 (0x00B56663) bltu a0, a1, 12


mem[X,0x800227E8] -> 0x0213
mem[X,0x800227EA] -> 0x0022
[3451] [M]: 0x800227E8 (0x00220213) addi tp, tp, 2
x4 <- 0x00000002


mem[X,0x800227EC] -> 0x006F
mem[X,0x800227EE] -> 0x00C0
[3452] [M]: 0x800227EC (0x00C0006F) jal zero, 12


mem[X,0x800227F8] -> 0xA223
mem[X,0x800227FA] -> 0x5640
[3453] [M]: 0x800227F8 (0x5640A223) sw tp, 1380(ra)
mem[0x8004B7D8] <- 0x00000002


mem[X,0x800227FC] -> 0x5537
mem[X,0x800227FE] -> 0x5555
[3454] [M]: 0x800227FC (0x55555537) lui a0, 349525
x10 <- 0x55555000


mem[X,0x80022800] -> 0x0513
mem[X,0x80022802] -> 0x5545
[3455] [M]: 0x80022800 (0x55450513) addi a0, a0, 1364
x10 <- 0x55555554


mem[X,0x80022804] -> 0x35B7
mem[X,0x80022806] -> 0x3333
[3456] [M]: 0x80022804 (0x333335B7) lui a1, 209715
x11 <- 0x33333000


mem[X,0x80022808] -> 0x8593
mem[X,0x8002280A] -> 0x3345
[3457] [M]: 0x80022808 (0x33458593) addi a1, a1, 820
x11 <- 0x33333334


mem[X,0x8002280C] -> 0x0213
mem[X,0x8002280E] -> 0x0000
[3458] [M]: 0x8002280C (0x00000213) addi tp, zero, 0
x4 <- 0x00000000


mem[X,0x80022810] -> 0x006F
mem[X,0x80022812] -> 0x0100
[3459] [M]: 0x80022810 (0x0100006F) jal zero, 16


mem[X,0x80022820] -> 0x6AE3
mem[X,0x80022822] -> 0xFEB5
[3460] [M]: 0x80022820 (0xFEB56AE3) bltu a0, a1, 8180


mem[X,0x80022824] -> 0x0213
mem[X,0x80022826] -> 0x0022
[3461] [M]: 0x80022824 (0x00220213) addi tp, tp, 2
x4 <- 0x00000002


mem[X,0x80022828] -> 0x006F
mem[X,0x8002282A] -> 0x00C0
[3462] [M]: 0x80022828 (0x00C0006F) jal zero, 12


mem[X,0x80022834] -> 0xA423
mem[X,0x80022836] -> 0x5640
[3463] [M]: 0x80022834 (0x5640A423) sw tp, 1384(ra)
mem[0x8004B7DC] <- 0x00000002


mem[X,0x80022838] -> 0x5537
mem[X,0x8002283A] -> 0x5555
[3464] [M]: 0x80022838 (0x55555537) lui a0, 349525
x10 <- 0x55555000


mem[X,0x8002283C] -> 0x0513
mem[X,0x8002283E] -> 0x5545
[3465] [M]: 0x8002283C (0x55450513) addi a0, a0, 1364
x10 <- 0x55555554


mem[X,0x80022840] -> 0x65B7
mem[X,0x80022842] -> 0x6666
[3466] [M]: 0x80022840 (0x666665B7) lui a1, 419430
x11 <- 0x66666000


mem[X,0x80022844] -> 0x8593
mem[X,0x80022846] -> 0x6675
[3467] [M]: 0x80022844 (0x66758593) addi a1, a1, 1639
x11 <- 0x66666667


mem[X,0x80022848] -> 0x0213
mem[X,0x8002284A] -> 0x0000
[3468] [M]: 0x80022848 (0x00000213) addi tp, zero, 0
x4 <- 0x00000000


mem[X,0x8002284C] -> 0x006F
mem[X,0x8002284E] -> 0x00C0
[3469] [M]: 0x8002284C (0x00C0006F) jal zero, 12


mem[X,0x80022858] -> 0x6CE3
mem[X,0x8002285A] -> 0xFEB5
[3470] [M]: 0x80022858 (0xFEB56CE3) bltu a0, a1, 8184


mem[X,0x80022850] -> 0x0213
mem[X,0x80022852] -> 0x0012
[3471] [M]: 0x80022850 (0x00120213) addi tp, tp, 1
x4 <- 0x00000001


mem[X,0x80022854] -> 0x006F
mem[X,0x80022856] -> 0x0180
[3472] [M]: 0x80022854 (0x0180006F) jal zero, 24


mem[X,0x8002286C] -> 0xA623
mem[X,0x8002286E] -> 0x5640
[3473] [M]: 0x8002286C (0x5640A623) sw tp, 1388(ra)
mem[0x8004B7E0] <- 0x00000001


mem[X,0x80022870] -> 0x5537
mem[X,0x80022872] -> 0x5555
[3474] [M]: 0x80022870 (0x55555537) lui a0, 349525
x10 <- 0x55555000


mem[X,0x80022874] -> 0x0513
mem[X,0x80022876] -> 0x5545
[3475] [M]: 0x80022874 (0x55450513) addi a0, a0, 1364
x10 <- 0x55555554


mem[X,0x80022878] -> 0xB5B7
mem[X,0x8002287A] -> 0x0000
[3476] [M]: 0x80022878 (0x0000B5B7) lui a1, 11
x11 <- 0x0000B000


mem[X,0x8002287C] -> 0x8593
mem[X,0x8002287E] -> 0x5055
[3477] [M]: 0x8002287C (0x50558593) addi a1, a1, 1285
x11 <- 0x0000B505


mem[X,0x80022880] -> 0x0213
mem[X,0x80022882] -> 0x0000
[3478] [M]: 0x80022880 (0x00000213) addi tp, zero, 0
x4 <- 0x00000000


mem[X,0x80022884] -> 0x006F
mem[X,0x80022886] -> 0x00C0
[3479] [M]: 0x80022884 (0x00C0006F) jal zero, 12


mem[X,0x80022890] -> 0x6663
mem[X,0x80022892] -> 0x00B5
[3480] [M]: 0x80022890 (0x00B56663) bltu a0, a1, 12


mem[X,0x80022894] -> 0x0213
mem[X,0x80022896] -> 0x0022
[3481] [M]: 0x80022894 (0x00220213) addi tp, tp, 2
x4 <- 0x00000002


mem[X,0x80022898] -> 0x006F
mem[X,0x8002289A] -> 0x00C0
[3482] [M]: 0x80022898 (0x00C0006F) jal zero, 12


mem[X,0x800228A4] -> 0xA823
mem[X,0x800228A6] -> 0x5640
[3483] [M]: 0x800228A4 (0x5640A823) sw tp, 1392(ra)
mem[0x8004B7E4] <- 0x00000002


mem[X,0x800228A8] -> 0x5537
mem[X,0x800228AA] -> 0x5555
[3484] [M]: 0x800228A8 (0x55555537) lui a0, 349525
x10 <- 0x55555000


mem[X,0x800228AC] -> 0x0513
mem[X,0x800228AE] -> 0x5545
[3485] [M]: 0x800228AC (0x55450513) addi a0, a0, 1364
x10 <- 0x55555554


mem[X,0x800228B0] -> 0x0593
mem[X,0x800228B2] -> 0x0010
[3486] [M]: 0x800228B0 (0x00100593) addi a1, zero, 1
x11 <- 0x00000001


mem[X,0x800228B4] -> 0x0213
mem[X,0x800228B6] -> 0x0000
[3487] [M]: 0x800228B4 (0x00000213) addi tp, zero, 0
x4 <- 0x00000000


mem[X,0x800228B8] -> 0x006F
mem[X,0x800228BA] -> 0x00C0
[3488] [M]: 0x800228B8 (0x00C0006F) jal zero, 12


mem[X,0x800228C4] -> 0x6663
mem[X,0x800228C6] -> 0x00B5
[3489] [M]: 0x800228C4 (0x00B56663) bltu a0, a1, 12


mem[X,0x800228C8] -> 0x0213
mem[X,0x800228CA] -> 0x0022
[3490] [M]: 0x800228C8 (0x00220213) addi tp, tp, 2
x4 <- 0x00000002


mem[X,0x800228CC] -> 0x006F
mem[X,0x800228CE] -> 0x00C0
[3491] [M]: 0x800228CC (0x00C0006F) jal zero, 12


mem[X,0x800228D8] -> 0xAA23
mem[X,0x800228DA] -> 0x5640
[3492] [M]: 0x800228D8 (0x5640AA23) sw tp, 1396(ra)
mem[0x8004B7E8] <- 0x00000002


mem[X,0x800228DC] -> 0x5537
mem[X,0x800228DE] -> 0x5555
[3493] [M]: 0x800228DC (0x55555537) lui a0, 349525
x10 <- 0x55555000


mem[X,0x800228E0] -> 0x0513
mem[X,0x800228E2] -> 0x5545
[3494] [M]: 0x800228E0 (0x55450513) addi a0, a0, 1364
x10 <- 0x55555554


mem[X,0x800228E4] -> 0x05B7
mem[X,0x800228E6] -> 0x0001
[3495] [M]: 0x800228E4 (0x000105B7) lui a1, 16
x11 <- 0x00010000


mem[X,0x800228E8] -> 0x0213
mem[X,0x800228EA] -> 0x0000
[3496] [M]: 0x800228E8 (0x00000213) addi tp, zero, 0
x4 <- 0x00000000


mem[X,0x800228EC] -> 0x006F
mem[X,0x800228EE] -> 0x0180
[3497] [M]: 0x800228EC (0x0180006F) jal zero, 24


mem[X,0x80022904] -> 0x66E3
mem[X,0x80022906] -> 0xFEB5
[3498] [M]: 0x80022904 (0xFEB566E3) bltu a0, a1, 8172


mem[X,0x80022908] -> 0x0213
mem[X,0x8002290A] -> 0x0022
[3499] [M]: 0x80022908 (0x00220213) addi tp, tp, 2
x4 <- 0x00000002


clint::tick mtime <- 0x0000000000000023
 clint timer pending at mtime 0x0000000000000023
htif::tick 0x0000000000000000
mem[X,0x8002290C] -> 0x006F
mem[X,0x8002290E] -> 0x00C0
[3500] [M]: 0x8002290C (0x00C0006F) jal zero, 12


mem[X,0x80022918] -> 0xAC23
mem[X,0x8002291A] -> 0x5640
[3501] [M]: 0x80022918 (0x5640AC23) sw tp, 1400(ra)
mem[0x8004B7EC] <- 0x00000002


mem[X,0x8002291C] -> 0xB537
mem[X,0x8002291E] -> 0xAAAA
[3502] [M]: 0x8002291C (0xAAAAB537) lui a0, 699051
x10 <- 0xAAAAB000


mem[X,0x80022920] -> 0x0513
mem[X,0x80022922] -> 0xAA95
[3503] [M]: 0x80022920 (0xAA950513) addi a0, a0, 2729
x10 <- 0xAAAAAAA9


mem[X,0x80022924] -> 0x0593
mem[X,0x80022926] -> 0x0030
[3504] [M]: 0x80022924 (0x00300593) addi a1, zero, 3
x11 <- 0x00000003


mem[X,0x80022928] -> 0x0213
mem[X,0x8002292A] -> 0x0000
[3505] [M]: 0x80022928 (0x00000213) addi tp, zero, 0
x4 <- 0x00000000


mem[X,0x8002292C] -> 0x006F
mem[X,0x8002292E] -> 0x00C0
[3506] [M]: 0x8002292C (0x00C0006F) jal zero, 12


mem[X,0x80022938] -> 0x6063
mem[X,0x8002293A] -> 0x40B5
[3507] [M]: 0x80022938 (0x40B56063) bltu a0, a1, 1024


mem[X,0x8002293C] -> 0x0213
mem[X,0x8002293E] -> 0x0022
[3508] [M]: 0x8002293C (0x00220213) addi tp, tp, 2
x4 <- 0x00000002


mem[X,0x80022940] -> 0x006F
mem[X,0x80022942] -> 0x4000
[3509] [M]: 0x80022940 (0x4000006F) jal zero, 1024


mem[X,0x80022D40] -> 0xAE23
mem[X,0x80022D42] -> 0x5640
[3510] [M]: 0x80022D40 (0x5640AE23) sw tp, 1404(ra)
mem[0x8004B7F0] <- 0x00000002


mem[X,0x80022D44] -> 0xB537
mem[X,0x80022D46] -> 0xAAAA
[3511] [M]: 0x80022D44 (0xAAAAB537) lui a0, 699051
x10 <- 0xAAAAB000


mem[X,0x80022D48] -> 0x0513
mem[X,0x80022D4A] -> 0xAA95
[3512] [M]: 0x80022D48 (0xAA950513) addi a0, a0, 2729
x10 <- 0xAAAAAAA9


mem[X,0x80022D4C] -> 0x55B7
mem[X,0x80022D4E] -> 0x5555
[3513] [M]: 0x80022D4C (0x555555B7) lui a1, 349525
x11 <- 0x55555000


mem[X,0x80022D50] -> 0x8593
mem[X,0x80022D52] -> 0x5555
[3514] [M]: 0x80022D50 (0x55558593) addi a1, a1, 1365
x11 <- 0x55555555


mem[X,0x80022D54] -> 0x0213
mem[X,0x80022D56] -> 0x0000
[3515] [M]: 0x80022D54 (0x00000213) addi tp, zero, 0
x4 <- 0x00000000


mem[X,0x80022D58] -> 0x006F
mem[X,0x80022D5A] -> 0x0050
[3516] [M]: 0x80022D58 (0x0050006F) jal zero, 2052


mem[X,0x8002355C] -> 0x60E3
mem[X,0x8002355E] -> 0x80B5
[3517] [M]: 0x8002355C (0x80B560E3) bltu a0, a1, 6144


mem[X,0x80023560] -> 0x0213
mem[X,0x80023562] -> 0x0022
[3518] [M]: 0x80023560 (0x00220213) addi tp, tp, 2
x4 <- 0x00000002


mem[X,0x80023564] -> 0x006F
mem[X,0x80023566] -> 0x00C0
[3519] [M]: 0x80023564 (0x00C0006F) jal zero, 12


mem[X,0x80023570] -> 0xA023
mem[X,0x80023572] -> 0x5840
[3520] [M]: 0x80023570 (0x5840A023) sw tp, 1408(ra)
mem[0x8004B7F4] <- 0x00000002


mem[X,0x80023574] -> 0xB537
mem[X,0x80023576] -> 0xAAAA
[3521] [M]: 0x80023574 (0xAAAAB537) lui a0, 699051
x10 <- 0xAAAAB000


mem[X,0x80023578] -> 0x0513
mem[X,0x8002357A] -> 0xAA95
[3522] [M]: 0x80023578 (0xAA950513) addi a0, a0, 2729
x10 <- 0xAAAAAAA9


mem[X,0x8002357C] -> 0xB5B7
mem[X,0x8002357E] -> 0xAAAA
[3523] [M]: 0x8002357C (0xAAAAB5B7) lui a1, 699051
x11 <- 0xAAAAB000


mem[X,0x80023580] -> 0x8593
mem[X,0x80023582] -> 0xAAA5
[3524] [M]: 0x80023580 (0xAAA58593) addi a1, a1, 2730
x11 <- 0xAAAAAAAA


mem[X,0x80023584] -> 0x0213
mem[X,0x80023586] -> 0x0000
[3525] [M]: 0x80023584 (0x00000213) addi tp, zero, 0
x4 <- 0x00000000


mem[X,0x80023588] -> 0x006F
mem[X,0x8002358A] -> 0x00C0
[3526] [M]: 0x80023588 (0x00C0006F) jal zero, 12


mem[X,0x80023594] -> 0x6063
mem[X,0x80023596] -> 0x04B5
[3527] [M]: 0x80023594 (0x04B56063) bltu a0, a1, 64


mem[X,0x800235D4] -> 0x0213
mem[X,0x800235D6] -> 0x0032
[3528] [M]: 0x800235D4 (0x00320213) addi tp, tp, 3
x4 <- 0x00000003


mem[X,0x800235D8] -> 0x006F
mem[X,0x800235DA] -> 0x0040
[3529] [M]: 0x800235D8 (0x0040006F) jal zero, 4


mem[X,0x800235DC] -> 0xA223
mem[X,0x800235DE] -> 0x5840
[3530] [M]: 0x800235DC (0x5840A223) sw tp, 1412(ra)
mem[0x8004B7F8] <- 0x00000003


mem[X,0x800235E0] -> 0xB537
mem[X,0x800235E2] -> 0xAAAA
[3531] [M]: 0x800235E0 (0xAAAAB537) lui a0, 699051
x10 <- 0xAAAAB000


mem[X,0x800235E4] -> 0x0513
mem[X,0x800235E6] -> 0xAA95
[3532] [M]: 0x800235E4 (0xAA950513) addi a0, a0, 2729
x10 <- 0xAAAAAAA9


mem[X,0x800235E8] -> 0x0593
mem[X,0x800235EA] -> 0x0050
[3533] [M]: 0x800235E8 (0x00500593) addi a1, zero, 5
x11 <- 0x00000005


mem[X,0x800235EC] -> 0x0213
mem[X,0x800235EE] -> 0x0000
[3534] [M]: 0x800235EC (0x00000213) addi tp, zero, 0
x4 <- 0x00000000


mem[X,0x800235F0] -> 0x006F
mem[X,0x800235F2] -> 0x0140
[3535] [M]: 0x800235F0 (0x0140006F) jal zero, 20


mem[X,0x80023604] -> 0x68E3
mem[X,0x80023606] -> 0xFEB5
[3536] [M]: 0x80023604 (0xFEB568E3) bltu a0, a1, 8176


mem[X,0x80023608] -> 0x0213
mem[X,0x8002360A] -> 0x0022
[3537] [M]: 0x80023608 (0x00220213) addi tp, tp, 2
x4 <- 0x00000002


mem[X,0x8002360C] -> 0x006F
mem[X,0x8002360E] -> 0x00C0
[3538] [M]: 0x8002360C (0x00C0006F) jal zero, 12


mem[X,0x80023618] -> 0xA423
mem[X,0x8002361A] -> 0x5840
[3539] [M]: 0x80023618 (0x5840A423) sw tp, 1416(ra)
mem[0x8004B7FC] <- 0x00000002


mem[X,0x8002361C] -> 0xB537
mem[X,0x8002361E] -> 0xAAAA
[3540] [M]: 0x8002361C (0xAAAAB537) lui a0, 699051
x10 <- 0xAAAAB000


mem[X,0x80023620] -> 0x0513
mem[X,0x80023622] -> 0xAA95
[3541] [M]: 0x80023620 (0xAA950513) addi a0, a0, 2729
x10 <- 0xAAAAAAA9


mem[X,0x80023624] -> 0x35B7
mem[X,0x80023626] -> 0x3333
[3542] [M]: 0x80023624 (0x333335B7) lui a1, 209715
x11 <- 0x33333000


mem[X,0x80023628] -> 0x8593
mem[X,0x8002362A] -> 0x3335
[3543] [M]: 0x80023628 (0x33358593) addi a1, a1, 819
x11 <- 0x33333333


mem[X,0x8002362C] -> 0x0213
mem[X,0x8002362E] -> 0x0000
[3544] [M]: 0x8002362C (0x00000213) addi tp, zero, 0
x4 <- 0x00000000


mem[X,0x80023630] -> 0x006F
mem[X,0x80023632] -> 0x0140
[3545] [M]: 0x80023630 (0x0140006F) jal zero, 20


mem[X,0x80023644] -> 0x68E3
mem[X,0x80023646] -> 0xFEB5
[3546] [M]: 0x80023644 (0xFEB568E3) bltu a0, a1, 8176


mem[X,0x80023648] -> 0x0213
mem[X,0x8002364A] -> 0x0022
[3547] [M]: 0x80023648 (0x00220213) addi tp, tp, 2
x4 <- 0x00000002


mem[X,0x8002364C] -> 0x006F
mem[X,0x8002364E] -> 0x00C0
[3548] [M]: 0x8002364C (0x00C0006F) jal zero, 12


mem[X,0x80023658] -> 0xA623
mem[X,0x8002365A] -> 0x5840
[3549] [M]: 0x80023658 (0x5840A623) sw tp, 1420(ra)
mem[0x8004B800] <- 0x00000002


mem[X,0x8002365C] -> 0xB537
mem[X,0x8002365E] -> 0xAAAA
[3550] [M]: 0x8002365C (0xAAAAB537) lui a0, 699051
x10 <- 0xAAAAB000


mem[X,0x80023660] -> 0x0513
mem[X,0x80023662] -> 0xAA95
[3551] [M]: 0x80023660 (0xAA950513) addi a0, a0, 2729
x10 <- 0xAAAAAAA9


mem[X,0x80023664] -> 0x65B7
mem[X,0x80023666] -> 0x6666
[3552] [M]: 0x80023664 (0x666665B7) lui a1, 419430
x11 <- 0x66666000


mem[X,0x80023668] -> 0x8593
mem[X,0x8002366A] -> 0x6665
[3553] [M]: 0x80023668 (0x66658593) addi a1, a1, 1638
x11 <- 0x66666666


mem[X,0x8002366C] -> 0x0213
mem[X,0x8002366E] -> 0x0000
[3554] [M]: 0x8002366C (0x00000213) addi tp, zero, 0
x4 <- 0x00000000


mem[X,0x80023670] -> 0x006F
mem[X,0x80023672] -> 0x00C0
[3555] [M]: 0x80023670 (0x00C0006F) jal zero, 12


mem[X,0x8002367C] -> 0x6663
mem[X,0x8002367E] -> 0x00B5
[3556] [M]: 0x8002367C (0x00B56663) bltu a0, a1, 12


mem[X,0x80023680] -> 0x0213
mem[X,0x80023682] -> 0x0022
[3557] [M]: 0x80023680 (0x00220213) addi tp, tp, 2
x4 <- 0x00000002


mem[X,0x80023684] -> 0x006F
mem[X,0x80023686] -> 0x00C0
[3558] [M]: 0x80023684 (0x00C0006F) jal zero, 12


mem[X,0x80023690] -> 0xA823
mem[X,0x80023692] -> 0x5840
[3559] [M]: 0x80023690 (0x5840A823) sw tp, 1424(ra)
mem[0x8004B804] <- 0x00000002


mem[X,0x80023694] -> 0xB537
mem[X,0x80023696] -> 0xAAAA
[3560] [M]: 0x80023694 (0xAAAAB537) lui a0, 699051
x10 <- 0xAAAAB000


mem[X,0x80023698] -> 0x0513
mem[X,0x8002369A] -> 0xAA95
[3561] [M]: 0x80023698 (0xAA950513) addi a0, a0, 2729
x10 <- 0xAAAAAAA9


mem[X,0x8002369C] -> 0xB5B7
mem[X,0x8002369E] -> 0x0000
[3562] [M]: 0x8002369C (0x0000B5B7) lui a1, 11
x11 <- 0x0000B000


mem[X,0x800236A0] -> 0x8593
mem[X,0x800236A2] -> 0x5045
[3563] [M]: 0x800236A0 (0x50458593) addi a1, a1, 1284
x11 <- 0x0000B504


mem[X,0x800236A4] -> 0x0213
mem[X,0x800236A6] -> 0x0000
[3564] [M]: 0x800236A4 (0x00000213) addi tp, zero, 0
x4 <- 0x00000000


mem[X,0x800236A8] -> 0x006F
mem[X,0x800236AA] -> 0x00C0
[3565] [M]: 0x800236A8 (0x00C0006F) jal zero, 12


mem[X,0x800236B4] -> 0x6663
mem[X,0x800236B6] -> 0x00B5
[3566] [M]: 0x800236B4 (0x00B56663) bltu a0, a1, 12


mem[X,0x800236B8] -> 0x0213
mem[X,0x800236BA] -> 0x0022
[3567] [M]: 0x800236B8 (0x00220213) addi tp, tp, 2
x4 <- 0x00000002


mem[X,0x800236BC] -> 0x006F
mem[X,0x800236BE] -> 0x00C0
[3568] [M]: 0x800236BC (0x00C0006F) jal zero, 12


mem[X,0x800236C8] -> 0xAA23
mem[X,0x800236CA] -> 0x5840
[3569] [M]: 0x800236C8 (0x5840AA23) sw tp, 1428(ra)
mem[0x8004B808] <- 0x00000002


mem[X,0x800236CC] -> 0xB537
mem[X,0x800236CE] -> 0xAAAA
[3570] [M]: 0x800236CC (0xAAAAB537) lui a0, 699051
x10 <- 0xAAAAB000


mem[X,0x800236D0] -> 0x0513
mem[X,0x800236D2] -> 0xAA95
[3571] [M]: 0x800236D0 (0xAA950513) addi a0, a0, 2729
x10 <- 0xAAAAAAA9


mem[X,0x800236D4] -> 0x0593
mem[X,0x800236D6] -> 0x0000
[3572] [M]: 0x800236D4 (0x00000593) addi a1, zero, 0
x11 <- 0x00000000


mem[X,0x800236D8] -> 0x0213
mem[X,0x800236DA] -> 0x0000
[3573] [M]: 0x800236D8 (0x00000213) addi tp, zero, 0
x4 <- 0x00000000


mem[X,0x800236DC] -> 0x006F
mem[X,0x800236DE] -> 0x00C0
[3574] [M]: 0x800236DC (0x00C0006F) jal zero, 12


mem[X,0x800236E8] -> 0x6663
mem[X,0x800236EA] -> 0x00B5
[3575] [M]: 0x800236E8 (0x00B56663) bltu a0, a1, 12


mem[X,0x800236EC] -> 0x0213
mem[X,0x800236EE] -> 0x0022
[3576] [M]: 0x800236EC (0x00220213) addi tp, tp, 2
x4 <- 0x00000002


mem[X,0x800236F0] -> 0x006F
mem[X,0x800236F2] -> 0x00C0
[3577] [M]: 0x800236F0 (0x00C0006F) jal zero, 12


mem[X,0x800236FC] -> 0xAC23
mem[X,0x800236FE] -> 0x5840
[3578] [M]: 0x800236FC (0x5840AC23) sw tp, 1432(ra)
mem[0x8004B80C] <- 0x00000002


mem[X,0x80023700] -> 0xB537
mem[X,0x80023702] -> 0xAAAA
[3579] [M]: 0x80023700 (0xAAAAB537) lui a0, 699051
x10 <- 0xAAAAB000


mem[X,0x80023704] -> 0x0513
mem[X,0x80023706] -> 0xAA95
[3580] [M]: 0x80023704 (0xAA950513) addi a0, a0, 2729
x10 <- 0xAAAAAAA9


mem[X,0x80023708] -> 0x05B7
mem[X,0x8002370A] -> 0x0001
[3581] [M]: 0x80023708 (0x000105B7) lui a1, 16
x11 <- 0x00010000


mem[X,0x8002370C] -> 0x8593
mem[X,0x8002370E] -> 0xFFF5
[3582] [M]: 0x8002370C (0xFFF58593) addi a1, a1, 4095
x11 <- 0x0000FFFF


mem[X,0x80023710] -> 0x0213
mem[X,0x80023712] -> 0x0000
[3583] [M]: 0x80023710 (0x00000213) addi tp, zero, 0
x4 <- 0x00000000


mem[X,0x80023714] -> 0x006F
mem[X,0x80023716] -> 0x0050
[3584] [M]: 0x80023714 (0x0050006F) jal zero, 2052


mem[X,0x80023F18] -> 0x60E3
mem[X,0x80023F1A] -> 0x80B5
[3585] [M]: 0x80023F18 (0x80B560E3) bltu a0, a1, 6144


mem[X,0x80023F1C] -> 0x0213
mem[X,0x80023F1E] -> 0x0022
[3586] [M]: 0x80023F1C (0x00220213) addi tp, tp, 2
x4 <- 0x00000002


mem[X,0x80023F20] -> 0x006F
mem[X,0x80023F22] -> 0x00C0
[3587] [M]: 0x80023F20 (0x00C0006F) jal zero, 12


mem[X,0x80023F2C] -> 0xAE23
mem[X,0x80023F2E] -> 0x5840
[3588] [M]: 0x80023F2C (0x5840AE23) sw tp, 1436(ra)
mem[0x8004B810] <- 0x00000002


mem[X,0x80023F30] -> 0xB537
mem[X,0x80023F32] -> 0xAAAA
[3589] [M]: 0x80023F30 (0xAAAAB537) lui a0, 699051
x10 <- 0xAAAAB000


mem[X,0x80023F34] -> 0x0513
mem[X,0x80023F36] -> 0xAA95
[3590] [M]: 0x80023F34 (0xAA950513) addi a0, a0, 2729
x10 <- 0xAAAAAAA9


mem[X,0x80023F38] -> 0x0593
mem[X,0x80023F3A] -> 0x0020
[3591] [M]: 0x80023F38 (0x00200593) addi a1, zero, 2
x11 <- 0x00000002


mem[X,0x80023F3C] -> 0x0213
mem[X,0x80023F3E] -> 0x0000
[3592] [M]: 0x80023F3C (0x00000213) addi tp, zero, 0
x4 <- 0x00000000


mem[X,0x80023F40] -> 0x006F
mem[X,0x80023F42] -> 0x00C0
[3593] [M]: 0x80023F40 (0x00C0006F) jal zero, 12


mem[X,0x80023F4C] -> 0x6CE3
mem[X,0x80023F4E] -> 0xFEB5
[3594] [M]: 0x80023F4C (0xFEB56CE3) bltu a0, a1, 8184


mem[X,0x80023F50] -> 0x0213
mem[X,0x80023F52] -> 0x0022
[3595] [M]: 0x80023F50 (0x00220213) addi tp, tp, 2
x4 <- 0x00000002


mem[X,0x80023F54] -> 0x006F
mem[X,0x80023F56] -> 0x00C0
[3596] [M]: 0x80023F54 (0x00C0006F) jal zero, 12


mem[X,0x80023F60] -> 0xA023
mem[X,0x80023F62] -> 0x5A40
[3597] [M]: 0x80023F60 (0x5A40A023) sw tp, 1440(ra)
mem[0x8004B814] <- 0x00000002


mem[X,0x80023F64] -> 0xB537
mem[X,0x80023F66] -> 0xAAAA
[3598] [M]: 0x80023F64 (0xAAAAB537) lui a0, 699051
x10 <- 0xAAAAB000


mem[X,0x80023F68] -> 0x0513
mem[X,0x80023F6A] -> 0xAA95
[3599] [M]: 0x80023F68 (0xAA950513) addi a0, a0, 2729
x10 <- 0xAAAAAAA9


clint::tick mtime <- 0x0000000000000024
 clint timer pending at mtime 0x0000000000000024
htif::tick 0x0000000000000000
mem[X,0x80023F6C] -> 0x55B7
mem[X,0x80023F6E] -> 0x5555
[3600] [M]: 0x80023F6C (0x555555B7) lui a1, 349525
x11 <- 0x55555000


mem[X,0x80023F70] -> 0x8593
mem[X,0x80023F72] -> 0x5545
[3601] [M]: 0x80023F70 (0x55458593) addi a1, a1, 1364
x11 <- 0x55555554


mem[X,0x80023F74] -> 0x0213
mem[X,0x80023F76] -> 0x0000
[3602] [M]: 0x80023F74 (0x00000213) addi tp, zero, 0
x4 <- 0x00000000


mem[X,0x80023F78] -> 0x006F
mem[X,0x80023F7A] -> 0x0180
[3603] [M]: 0x80023F78 (0x0180006F) jal zero, 24


mem[X,0x80023F90] -> 0x66E3
mem[X,0x80023F92] -> 0xFEB5
[3604] [M]: 0x80023F90 (0xFEB566E3) bltu a0, a1, 8172


mem[X,0x80023F94] -> 0x0213
mem[X,0x80023F96] -> 0x0022
[3605] [M]: 0x80023F94 (0x00220213) addi tp, tp, 2
x4 <- 0x00000002


mem[X,0x80023F98] -> 0x006F
mem[X,0x80023F9A] -> 0x00C0
[3606] [M]: 0x80023F98 (0x00C0006F) jal zero, 12


mem[X,0x80023FA4] -> 0xA223
mem[X,0x80023FA6] -> 0x5A40
[3607] [M]: 0x80023FA4 (0x5A40A223) sw tp, 1444(ra)
mem[0x8004B818] <- 0x00000002


mem[X,0x80023FA8] -> 0xB537
mem[X,0x80023FAA] -> 0xAAAA
[3608] [M]: 0x80023FA8 (0xAAAAB537) lui a0, 699051
x10 <- 0xAAAAB000


mem[X,0x80023FAC] -> 0x0513
mem[X,0x80023FAE] -> 0xAA95
[3609] [M]: 0x80023FAC (0xAA950513) addi a0, a0, 2729
x10 <- 0xAAAAAAA9


mem[X,0x80023FB0] -> 0xB5B7
mem[X,0x80023FB2] -> 0xAAAA
[3610] [M]: 0x80023FB0 (0xAAAAB5B7) lui a1, 699051
x11 <- 0xAAAAB000


mem[X,0x80023FB4] -> 0x8593
mem[X,0x80023FB6] -> 0xAA95
[3611] [M]: 0x80023FB4 (0xAA958593) addi a1, a1, 2729
x11 <- 0xAAAAAAA9


mem[X,0x80023FB8] -> 0x0213
mem[X,0x80023FBA] -> 0x0000
[3612] [M]: 0x80023FB8 (0x00000213) addi tp, zero, 0
x4 <- 0x00000000


mem[X,0x80023FBC] -> 0x006F
mem[X,0x80023FBE] -> 0x00C0
[3613] [M]: 0x80023FBC (0x00C0006F) jal zero, 12


mem[X,0x80023FC8] -> 0x6663
mem[X,0x80023FCA] -> 0x00B5
[3614] [M]: 0x80023FC8 (0x00B56663) bltu a0, a1, 12


mem[X,0x80023FCC] -> 0x0213
mem[X,0x80023FCE] -> 0x0022
[3615] [M]: 0x80023FCC (0x00220213) addi tp, tp, 2
x4 <- 0x00000002


mem[X,0x80023FD0] -> 0x006F
mem[X,0x80023FD2] -> 0x00C0
[3616] [M]: 0x80023FD0 (0x00C0006F) jal zero, 12


mem[X,0x80023FDC] -> 0xA423
mem[X,0x80023FDE] -> 0x5A40
[3617] [M]: 0x80023FDC (0x5A40A423) sw tp, 1448(ra)
mem[0x8004B81C] <- 0x00000002


mem[X,0x80023FE0] -> 0xB537
mem[X,0x80023FE2] -> 0xAAAA
[3618] [M]: 0x80023FE0 (0xAAAAB537) lui a0, 699051
x10 <- 0xAAAAB000


mem[X,0x80023FE4] -> 0x0513
mem[X,0x80023FE6] -> 0xAA95
[3619] [M]: 0x80023FE4 (0xAA950513) addi a0, a0, 2729
x10 <- 0xAAAAAAA9


mem[X,0x80023FE8] -> 0x0593
mem[X,0x80023FEA] -> 0x0040
[3620] [M]: 0x80023FE8 (0x00400593) addi a1, zero, 4
x11 <- 0x00000004


mem[X,0x80023FEC] -> 0x0213
mem[X,0x80023FEE] -> 0x0000
[3621] [M]: 0x80023FEC (0x00000213) addi tp, zero, 0
x4 <- 0x00000000


mem[X,0x80023FF0] -> 0x006F
mem[X,0x80023FF2] -> 0x2B10
[3622] [M]: 0x80023FF0 (0x2B10006F) jal zero, 2736


mem[X,0x80024AA0] -> 0x6A63
mem[X,0x80024AA2] -> 0xD4B5
[3623] [M]: 0x80024AA0 (0xD4B56A63) bltu a0, a1, 5460


mem[X,0x80024AA4] -> 0x0213
mem[X,0x80024AA6] -> 0x0022
[3624] [M]: 0x80024AA4 (0x00220213) addi tp, tp, 2
x4 <- 0x00000002


mem[X,0x80024AA8] -> 0x006F
mem[X,0x80024AAA] -> 0x00C0
[3625] [M]: 0x80024AA8 (0x00C0006F) jal zero, 12


mem[X,0x80024AB4] -> 0xA623
mem[X,0x80024AB6] -> 0x5A40
[3626] [M]: 0x80024AB4 (0x5A40A623) sw tp, 1452(ra)
mem[0x8004B820] <- 0x00000002


mem[X,0x80024AB8] -> 0xB537
mem[X,0x80024ABA] -> 0xAAAA
[3627] [M]: 0x80024AB8 (0xAAAAB537) lui a0, 699051
x10 <- 0xAAAAB000


mem[X,0x80024ABC] -> 0x0513
mem[X,0x80024ABE] -> 0xAA95
[3628] [M]: 0x80024ABC (0xAA950513) addi a0, a0, 2729
x10 <- 0xAAAAAAA9


mem[X,0x80024AC0] -> 0x35B7
mem[X,0x80024AC2] -> 0x3333
[3629] [M]: 0x80024AC0 (0x333335B7) lui a1, 209715
x11 <- 0x33333000


mem[X,0x80024AC4] -> 0x8593
mem[X,0x80024AC6] -> 0x3325
[3630] [M]: 0x80024AC4 (0x33258593) addi a1, a1, 818
x11 <- 0x33333332


mem[X,0x80024AC8] -> 0x0213
mem[X,0x80024ACA] -> 0x0000
[3631] [M]: 0x80024AC8 (0x00000213) addi tp, zero, 0
x4 <- 0x00000000


mem[X,0x80024ACC] -> 0x006F
mem[X,0x80024ACE] -> 0x0050
[3632] [M]: 0x80024ACC (0x0050006F) jal zero, 2052


mem[X,0x800252D0] -> 0x60E3
mem[X,0x800252D2] -> 0x80B5
[3633] [M]: 0x800252D0 (0x80B560E3) bltu a0, a1, 6144


mem[X,0x800252D4] -> 0x0213
mem[X,0x800252D6] -> 0x0022
[3634] [M]: 0x800252D4 (0x00220213) addi tp, tp, 2
x4 <- 0x00000002


mem[X,0x800252D8] -> 0x006F
mem[X,0x800252DA] -> 0x00C0
[3635] [M]: 0x800252D8 (0x00C0006F) jal zero, 12


mem[X,0x800252E4] -> 0xA823
mem[X,0x800252E6] -> 0x5A40
[3636] [M]: 0x800252E4 (0x5A40A823) sw tp, 1456(ra)
mem[0x8004B824] <- 0x00000002


mem[X,0x800252E8] -> 0xB537
mem[X,0x800252EA] -> 0xAAAA
[3637] [M]: 0x800252E8 (0xAAAAB537) lui a0, 699051
x10 <- 0xAAAAB000


mem[X,0x800252EC] -> 0x0513
mem[X,0x800252EE] -> 0xAA95
[3638] [M]: 0x800252EC (0xAA950513) addi a0, a0, 2729
x10 <- 0xAAAAAAA9


mem[X,0x800252F0] -> 0x65B7
mem[X,0x800252F2] -> 0x6666
[3639] [M]: 0x800252F0 (0x666665B7) lui a1, 419430
x11 <- 0x66666000


mem[X,0x800252F4] -> 0x8593
mem[X,0x800252F6] -> 0x6655
[3640] [M]: 0x800252F4 (0x66558593) addi a1, a1, 1637
x11 <- 0x66666665


mem[X,0x800252F8] -> 0x0213
mem[X,0x800252FA] -> 0x0000
[3641] [M]: 0x800252F8 (0x00000213) addi tp, zero, 0
x4 <- 0x00000000


mem[X,0x800252FC] -> 0x006F
mem[X,0x800252FE] -> 0x2B10
[3642] [M]: 0x800252FC (0x2B10006F) jal zero, 2736


mem[X,0x80025DAC] -> 0x6A63
mem[X,0x80025DAE] -> 0xD4B5
[3643] [M]: 0x80025DAC (0xD4B56A63) bltu a0, a1, 5460


mem[X,0x80025DB0] -> 0x0213
mem[X,0x80025DB2] -> 0x0022
[3644] [M]: 0x80025DB0 (0x00220213) addi tp, tp, 2
x4 <- 0x00000002


mem[X,0x80025DB4] -> 0x006F
mem[X,0x80025DB6] -> 0x00C0
[3645] [M]: 0x80025DB4 (0x00C0006F) jal zero, 12


mem[X,0x80025DC0] -> 0xAA23
mem[X,0x80025DC2] -> 0x5A40
[3646] [M]: 0x80025DC0 (0x5A40AA23) sw tp, 1460(ra)
mem[0x8004B828] <- 0x00000002


mem[X,0x80025DC4] -> 0xB537
mem[X,0x80025DC6] -> 0xAAAA
[3647] [M]: 0x80025DC4 (0xAAAAB537) lui a0, 699051
x10 <- 0xAAAAB000


mem[X,0x80025DC8] -> 0x0513
mem[X,0x80025DCA] -> 0xAA95
[3648] [M]: 0x80025DC8 (0xAA950513) addi a0, a0, 2729
x10 <- 0xAAAAAAA9


mem[X,0x80025DCC] -> 0xB5B7
mem[X,0x80025DCE] -> 0x0000
[3649] [M]: 0x80025DCC (0x0000B5B7) lui a1, 11
x11 <- 0x0000B000


mem[X,0x80025DD0] -> 0x8593
mem[X,0x80025DD2] -> 0x5035
[3650] [M]: 0x80025DD0 (0x50358593) addi a1, a1, 1283
x11 <- 0x0000B503


mem[X,0x80025DD4] -> 0x0213
mem[X,0x80025DD6] -> 0x0000
[3651] [M]: 0x80025DD4 (0x00000213) addi tp, zero, 0
x4 <- 0x00000000


mem[X,0x80025DD8] -> 0x006F
mem[X,0x80025DDA] -> 0x00C0
[3652] [M]: 0x80025DD8 (0x00C0006F) jal zero, 12


mem[X,0x80025DE4] -> 0x6863
mem[X,0x80025DE6] -> 0x00B5
[3653] [M]: 0x80025DE4 (0x00B56863) bltu a0, a1, 16


mem[X,0x80025DE8] -> 0x0213
mem[X,0x80025DEA] -> 0x0022
[3654] [M]: 0x80025DE8 (0x00220213) addi tp, tp, 2
x4 <- 0x00000002


mem[X,0x80025DEC] -> 0x006F
mem[X,0x80025DEE] -> 0x0100
[3655] [M]: 0x80025DEC (0x0100006F) jal zero, 16


mem[X,0x80025DFC] -> 0xAC23
mem[X,0x80025DFE] -> 0x5A40
[3656] [M]: 0x80025DFC (0x5A40AC23) sw tp, 1464(ra)
mem[0x8004B82C] <- 0x00000002


mem[X,0x80025E00] -> 0xB537
mem[X,0x80025E02] -> 0xAAAA
[3657] [M]: 0x80025E00 (0xAAAAB537) lui a0, 699051
x10 <- 0xAAAAB000


mem[X,0x80025E04] -> 0x0513
mem[X,0x80025E06] -> 0xAA95
[3658] [M]: 0x80025E04 (0xAA950513) addi a0, a0, 2729
x10 <- 0xAAAAAAA9


mem[X,0x80025E08] -> 0x05B7
mem[X,0x80025E0A] -> 0x0001
[3659] [M]: 0x80025E08 (0x000105B7) lui a1, 16
x11 <- 0x00010000


mem[X,0x80025E0C] -> 0x8593
mem[X,0x80025E0E] -> 0xFFE5
[3660] [M]: 0x80025E0C (0xFFE58593) addi a1, a1, 4094
x11 <- 0x0000FFFE


mem[X,0x80025E10] -> 0x0213
mem[X,0x80025E12] -> 0x0000
[3661] [M]: 0x80025E10 (0x00000213) addi tp, zero, 0
x4 <- 0x00000000


mem[X,0x80025E14] -> 0x006F
mem[X,0x80025E16] -> 0x00C0
[3662] [M]: 0x80025E14 (0x00C0006F) jal zero, 12


mem[X,0x80025E20] -> 0x6663
mem[X,0x80025E22] -> 0x00B5
[3663] [M]: 0x80025E20 (0x00B56663) bltu a0, a1, 12


mem[X,0x80025E24] -> 0x0213
mem[X,0x80025E26] -> 0x0022
[3664] [M]: 0x80025E24 (0x00220213) addi tp, tp, 2
x4 <- 0x00000002


mem[X,0x80025E28] -> 0x006F
mem[X,0x80025E2A] -> 0x00C0
[3665] [M]: 0x80025E28 (0x00C0006F) jal zero, 12


mem[X,0x80025E34] -> 0xAE23
mem[X,0x80025E36] -> 0x5A40
[3666] [M]: 0x80025E34 (0x5A40AE23) sw tp, 1468(ra)
mem[0x8004B830] <- 0x00000002


mem[X,0x80025E38] -> 0xB537
mem[X,0x80025E3A] -> 0xAAAA
[3667] [M]: 0x80025E38 (0xAAAAB537) lui a0, 699051
x10 <- 0xAAAAB000


mem[X,0x80025E3C] -> 0x0513
mem[X,0x80025E3E] -> 0xAA95
[3668] [M]: 0x80025E3C (0xAA950513) addi a0, a0, 2729
x10 <- 0xAAAAAAA9


mem[X,0x80025E40] -> 0x55B7
mem[X,0x80025E42] -> 0x5555
[3669] [M]: 0x80025E40 (0x555555B7) lui a1, 349525
x11 <- 0x55555000


mem[X,0x80025E44] -> 0x8593
mem[X,0x80025E46] -> 0x5565
[3670] [M]: 0x80025E44 (0x55658593) addi a1, a1, 1366
x11 <- 0x55555556


mem[X,0x80025E48] -> 0x0213
mem[X,0x80025E4A] -> 0x0000
[3671] [M]: 0x80025E48 (0x00000213) addi tp, zero, 0
x4 <- 0x00000000


mem[X,0x80025E4C] -> 0x006F
mem[X,0x80025E4E] -> 0x00C0
[3672] [M]: 0x80025E4C (0x00C0006F) jal zero, 12


mem[X,0x80025E58] -> 0x6063
mem[X,0x80025E5A] -> 0x40B5
[3673] [M]: 0x80025E58 (0x40B56063) bltu a0, a1, 1024


mem[X,0x80025E5C] -> 0x0213
mem[X,0x80025E5E] -> 0x0022
[3674] [M]: 0x80025E5C (0x00220213) addi tp, tp, 2
x4 <- 0x00000002


mem[X,0x80025E60] -> 0x006F
mem[X,0x80025E62] -> 0x4000
[3675] [M]: 0x80025E60 (0x4000006F) jal zero, 1024


mem[X,0x80026260] -> 0xA023
mem[X,0x80026262] -> 0x5C40
[3676] [M]: 0x80026260 (0x5C40A023) sw tp, 1472(ra)
mem[0x8004B834] <- 0x00000002


mem[X,0x80026264] -> 0xB537
mem[X,0x80026266] -> 0xAAAA
[3677] [M]: 0x80026264 (0xAAAAB537) lui a0, 699051
x10 <- 0xAAAAB000


mem[X,0x80026268] -> 0x0513
mem[X,0x8002626A] -> 0xAA95
[3678] [M]: 0x80026268 (0xAA950513) addi a0, a0, 2729
x10 <- 0xAAAAAAA9


mem[X,0x8002626C] -> 0xB5B7
mem[X,0x8002626E] -> 0xAAAA
[3679] [M]: 0x8002626C (0xAAAAB5B7) lui a1, 699051
x11 <- 0xAAAAB000


mem[X,0x80026270] -> 0x8593
mem[X,0x80026272] -> 0xAAB5
[3680] [M]: 0x80026270 (0xAAB58593) addi a1, a1, 2731
x11 <- 0xAAAAAAAB


mem[X,0x80026274] -> 0x0213
mem[X,0x80026276] -> 0x0000
[3681] [M]: 0x80026274 (0x00000213) addi tp, zero, 0
x4 <- 0x00000000


mem[X,0x80026278] -> 0x006F
mem[X,0x8002627A] -> 0x00C0
[3682] [M]: 0x80026278 (0x00C0006F) jal zero, 12


mem[X,0x80026284] -> 0x6063
mem[X,0x80026286] -> 0x20B5
[3683] [M]: 0x80026284 (0x20B56063) bltu a0, a1, 512


mem[X,0x80026484] -> 0x0213
mem[X,0x80026486] -> 0x0032
[3684] [M]: 0x80026484 (0x00320213) addi tp, tp, 3
x4 <- 0x00000003


mem[X,0x80026488] -> 0x006F
mem[X,0x8002648A] -> 0x0040
[3685] [M]: 0x80026488 (0x0040006F) jal zero, 4


mem[X,0x8002648C] -> 0xA223
mem[X,0x8002648E] -> 0x5C40
[3686] [M]: 0x8002648C (0x5C40A223) sw tp, 1476(ra)
mem[0x8004B838] <- 0x00000003


mem[X,0x80026490] -> 0xB537
mem[X,0x80026492] -> 0xAAAA
[3687] [M]: 0x80026490 (0xAAAAB537) lui a0, 699051
x10 <- 0xAAAAB000


mem[X,0x80026494] -> 0x0513
mem[X,0x80026496] -> 0xAA95
[3688] [M]: 0x80026494 (0xAA950513) addi a0, a0, 2729
x10 <- 0xAAAAAAA9


mem[X,0x80026498] -> 0x0593
mem[X,0x8002649A] -> 0x0060
[3689] [M]: 0x80026498 (0x00600593) addi a1, zero, 6
x11 <- 0x00000006


mem[X,0x8002649C] -> 0x0213
mem[X,0x8002649E] -> 0x0000
[3690] [M]: 0x8002649C (0x00000213) addi tp, zero, 0
x4 <- 0x00000000


mem[X,0x800264A0] -> 0x006F
mem[X,0x800264A2] -> 0x00C0
[3691] [M]: 0x800264A0 (0x00C0006F) jal zero, 12


mem[X,0x800264AC] -> 0x6663
mem[X,0x800264AE] -> 0x00B5
[3692] [M]: 0x800264AC (0x00B56663) bltu a0, a1, 12


mem[X,0x800264B0] -> 0x0213
mem[X,0x800264B2] -> 0x0022
[3693] [M]: 0x800264B0 (0x00220213) addi tp, tp, 2
x4 <- 0x00000002


mem[X,0x800264B4] -> 0x006F
mem[X,0x800264B6] -> 0x00C0
[3694] [M]: 0x800264B4 (0x00C0006F) jal zero, 12


mem[X,0x800264C0] -> 0xA423
mem[X,0x800264C2] -> 0x5C40
[3695] [M]: 0x800264C0 (0x5C40A423) sw tp, 1480(ra)
mem[0x8004B83C] <- 0x00000002


mem[X,0x800264C4] -> 0xB537
mem[X,0x800264C6] -> 0xAAAA
[3696] [M]: 0x800264C4 (0xAAAAB537) lui a0, 699051
x10 <- 0xAAAAB000


mem[X,0x800264C8] -> 0x0513
mem[X,0x800264CA] -> 0xAA95
[3697] [M]: 0x800264C8 (0xAA950513) addi a0, a0, 2729
x10 <- 0xAAAAAAA9


mem[X,0x800264CC] -> 0x35B7
mem[X,0x800264CE] -> 0x3333
[3698] [M]: 0x800264CC (0x333335B7) lui a1, 209715
x11 <- 0x33333000


mem[X,0x800264D0] -> 0x8593
mem[X,0x800264D2] -> 0x3345
[3699] [M]: 0x800264D0 (0x33458593) addi a1, a1, 820
x11 <- 0x33333334


clint::tick mtime <- 0x0000000000000025
 clint timer pending at mtime 0x0000000000000025
htif::tick 0x0000000000000000
mem[X,0x800264D4] -> 0x0213
mem[X,0x800264D6] -> 0x0000
[3700] [M]: 0x800264D4 (0x00000213) addi tp, zero, 0
x4 <- 0x00000000


mem[X,0x800264D8] -> 0x006F
mem[X,0x800264DA] -> 0x00C0
[3701] [M]: 0x800264D8 (0x00C0006F) jal zero, 12


mem[X,0x800264E4] -> 0x6CE3
mem[X,0x800264E6] -> 0xFEB5
[3702] [M]: 0x800264E4 (0xFEB56CE3) bltu a0, a1, 8184


mem[X,0x800264E8] -> 0x0213
mem[X,0x800264EA] -> 0x0022
[3703] [M]: 0x800264E8 (0x00220213) addi tp, tp, 2
x4 <- 0x00000002


mem[X,0x800264EC] -> 0x006F
mem[X,0x800264EE] -> 0x00C0
[3704] [M]: 0x800264EC (0x00C0006F) jal zero, 12


mem[X,0x800264F8] -> 0xA623
mem[X,0x800264FA] -> 0x5C40
[3705] [M]: 0x800264F8 (0x5C40A623) sw tp, 1484(ra)
mem[0x8004B840] <- 0x00000002


mem[X,0x800264FC] -> 0xB537
mem[X,0x800264FE] -> 0xAAAA
[3706] [M]: 0x800264FC (0xAAAAB537) lui a0, 699051
x10 <- 0xAAAAB000


mem[X,0x80026500] -> 0x0513
mem[X,0x80026502] -> 0xAA95
[3707] [M]: 0x80026500 (0xAA950513) addi a0, a0, 2729
x10 <- 0xAAAAAAA9


mem[X,0x80026504] -> 0x65B7
mem[X,0x80026506] -> 0x6666
[3708] [M]: 0x80026504 (0x666665B7) lui a1, 419430
x11 <- 0x66666000


mem[X,0x80026508] -> 0x8593
mem[X,0x8002650A] -> 0x6675
[3709] [M]: 0x80026508 (0x66758593) addi a1, a1, 1639
x11 <- 0x66666667


mem[X,0x8002650C] -> 0x0213
mem[X,0x8002650E] -> 0x0000
[3710] [M]: 0x8002650C (0x00000213) addi tp, zero, 0
x4 <- 0x00000000


mem[X,0x80026510] -> 0x006F
mem[X,0x80026512] -> 0x00C0
[3711] [M]: 0x80026510 (0x00C0006F) jal zero, 12


mem[X,0x8002651C] -> 0x6063
mem[X,0x8002651E] -> 0x20B5
[3712] [M]: 0x8002651C (0x20B56063) bltu a0, a1, 512


mem[X,0x80026520] -> 0x0213
mem[X,0x80026522] -> 0x0022
[3713] [M]: 0x80026520 (0x00220213) addi tp, tp, 2
x4 <- 0x00000002


mem[X,0x80026524] -> 0x006F
mem[X,0x80026526] -> 0x2000
[3714] [M]: 0x80026524 (0x2000006F) jal zero, 512


mem[X,0x80026724] -> 0xA823
mem[X,0x80026726] -> 0x5C40
[3715] [M]: 0x80026724 (0x5C40A823) sw tp, 1488(ra)
mem[0x8004B844] <- 0x00000002


mem[X,0x80026728] -> 0xB537
mem[X,0x8002672A] -> 0xAAAA
[3716] [M]: 0x80026728 (0xAAAAB537) lui a0, 699051
x10 <- 0xAAAAB000


mem[X,0x8002672C] -> 0x0513
mem[X,0x8002672E] -> 0xAA95
[3717] [M]: 0x8002672C (0xAA950513) addi a0, a0, 2729
x10 <- 0xAAAAAAA9


mem[X,0x80026730] -> 0xB5B7
mem[X,0x80026732] -> 0x0000
[3718] [M]: 0x80026730 (0x0000B5B7) lui a1, 11
x11 <- 0x0000B000


mem[X,0x80026734] -> 0x8593
mem[X,0x80026736] -> 0x5055
[3719] [M]: 0x80026734 (0x50558593) addi a1, a1, 1285
x11 <- 0x0000B505


mem[X,0x80026738] -> 0x0213
mem[X,0x8002673A] -> 0x0000
[3720] [M]: 0x80026738 (0x00000213) addi tp, zero, 0
x4 <- 0x00000000


mem[X,0x8002673C] -> 0x006F
mem[X,0x8002673E] -> 0x00C0
[3721] [M]: 0x8002673C (0x00C0006F) jal zero, 12


mem[X,0x80026748] -> 0x6663
mem[X,0x8002674A] -> 0x00B5
[3722] [M]: 0x80026748 (0x00B56663) bltu a0, a1, 12


mem[X,0x8002674C] -> 0x0213
mem[X,0x8002674E] -> 0x0022
[3723] [M]: 0x8002674C (0x00220213) addi tp, tp, 2
x4 <- 0x00000002


mem[X,0x80026750] -> 0x006F
mem[X,0x80026752] -> 0x00C0
[3724] [M]: 0x80026750 (0x00C0006F) jal zero, 12


mem[X,0x8002675C] -> 0xAA23
mem[X,0x8002675E] -> 0x5C40
[3725] [M]: 0x8002675C (0x5C40AA23) sw tp, 1492(ra)
mem[0x8004B848] <- 0x00000002


mem[X,0x80026760] -> 0xB537
mem[X,0x80026762] -> 0xAAAA
[3726] [M]: 0x80026760 (0xAAAAB537) lui a0, 699051
x10 <- 0xAAAAB000


mem[X,0x80026764] -> 0x0513
mem[X,0x80026766] -> 0xAA95
[3727] [M]: 0x80026764 (0xAA950513) addi a0, a0, 2729
x10 <- 0xAAAAAAA9


mem[X,0x80026768] -> 0x0593
mem[X,0x8002676A] -> 0x0010
[3728] [M]: 0x80026768 (0x00100593) addi a1, zero, 1
x11 <- 0x00000001


mem[X,0x8002676C] -> 0x0213
mem[X,0x8002676E] -> 0x0000
[3729] [M]: 0x8002676C (0x00000213) addi tp, zero, 0
x4 <- 0x00000000


mem[X,0x80026770] -> 0x006F
mem[X,0x80026772] -> 0x00C0
[3730] [M]: 0x80026770 (0x00C0006F) jal zero, 12


mem[X,0x8002677C] -> 0x6663
mem[X,0x8002677E] -> 0x00B5
[3731] [M]: 0x8002677C (0x00B56663) bltu a0, a1, 12


mem[X,0x80026780] -> 0x0213
mem[X,0x80026782] -> 0x0022
[3732] [M]: 0x80026780 (0x00220213) addi tp, tp, 2
x4 <- 0x00000002


mem[X,0x80026784] -> 0x006F
mem[X,0x80026786] -> 0x00C0
[3733] [M]: 0x80026784 (0x00C0006F) jal zero, 12


mem[X,0x80026790] -> 0xAC23
mem[X,0x80026792] -> 0x5C40
[3734] [M]: 0x80026790 (0x5C40AC23) sw tp, 1496(ra)
mem[0x8004B84C] <- 0x00000002


mem[X,0x80026794] -> 0xB537
mem[X,0x80026796] -> 0xAAAA
[3735] [M]: 0x80026794 (0xAAAAB537) lui a0, 699051
x10 <- 0xAAAAB000


mem[X,0x80026798] -> 0x0513
mem[X,0x8002679A] -> 0xAA95
[3736] [M]: 0x80026798 (0xAA950513) addi a0, a0, 2729
x10 <- 0xAAAAAAA9


mem[X,0x8002679C] -> 0x05B7
mem[X,0x8002679E] -> 0x0001
[3737] [M]: 0x8002679C (0x000105B7) lui a1, 16
x11 <- 0x00010000


mem[X,0x800267A0] -> 0x0213
mem[X,0x800267A2] -> 0x0000
[3738] [M]: 0x800267A0 (0x00000213) addi tp, zero, 0
x4 <- 0x00000000


mem[X,0x800267A4] -> 0x006F
mem[X,0x800267A6] -> 0x0140
[3739] [M]: 0x800267A4 (0x0140006F) jal zero, 20


mem[X,0x800267B8] -> 0x68E3
mem[X,0x800267BA] -> 0xFEB5
[3740] [M]: 0x800267B8 (0xFEB568E3) bltu a0, a1, 8176


mem[X,0x800267BC] -> 0x0213
mem[X,0x800267BE] -> 0x0022
[3741] [M]: 0x800267BC (0x00220213) addi tp, tp, 2
x4 <- 0x00000002


mem[X,0x800267C0] -> 0x006F
mem[X,0x800267C2] -> 0x00C0
[3742] [M]: 0x800267C0 (0x00C0006F) jal zero, 12


mem[X,0x800267CC] -> 0xAE23
mem[X,0x800267CE] -> 0x5C40
[3743] [M]: 0x800267CC (0x5C40AE23) sw tp, 1500(ra)
mem[0x8004B850] <- 0x00000002


mem[X,0x800267D0] -> 0x0513
mem[X,0x800267D2] -> 0x0040
[3744] [M]: 0x800267D0 (0x00400513) addi a0, zero, 4
x10 <- 0x00000004


mem[X,0x800267D4] -> 0x0593
mem[X,0x800267D6] -> 0x0030
[3745] [M]: 0x800267D4 (0x00300593) addi a1, zero, 3
x11 <- 0x00000003


mem[X,0x800267D8] -> 0x0213
mem[X,0x800267DA] -> 0x0000
[3746] [M]: 0x800267D8 (0x00000213) addi tp, zero, 0
x4 <- 0x00000000


mem[X,0x800267DC] -> 0x006F
mem[X,0x800267DE] -> 0x2B10
[3747] [M]: 0x800267DC (0x2B10006F) jal zero, 2736


mem[X,0x8002728C] -> 0x6A63
mem[X,0x8002728E] -> 0xD4B5
[3748] [M]: 0x8002728C (0xD4B56A63) bltu a0, a1, 5460


mem[X,0x80027290] -> 0x0213
mem[X,0x80027292] -> 0x0022
[3749] [M]: 0x80027290 (0x00220213) addi tp, tp, 2
x4 <- 0x00000002


mem[X,0x80027294] -> 0x006F
mem[X,0x80027296] -> 0x00C0
[3750] [M]: 0x80027294 (0x00C0006F) jal zero, 12


mem[X,0x800272A0] -> 0xA023
mem[X,0x800272A2] -> 0x5E40
[3751] [M]: 0x800272A0 (0x5E40A023) sw tp, 1504(ra)
mem[0x8004B854] <- 0x00000002


mem[X,0x800272A4] -> 0x0513
mem[X,0x800272A6] -> 0x0040
[3752] [M]: 0x800272A4 (0x00400513) addi a0, zero, 4
x10 <- 0x00000004


mem[X,0x800272A8] -> 0x55B7
mem[X,0x800272AA] -> 0x5555
[3753] [M]: 0x800272A8 (0x555555B7) lui a1, 349525
x11 <- 0x55555000


mem[X,0x800272AC] -> 0x8593
mem[X,0x800272AE] -> 0x5555
[3754] [M]: 0x800272AC (0x55558593) addi a1, a1, 1365
x11 <- 0x55555555


mem[X,0x800272B0] -> 0x0213
mem[X,0x800272B2] -> 0x0000
[3755] [M]: 0x800272B0 (0x00000213) addi tp, zero, 0
x4 <- 0x00000000


mem[X,0x800272B4] -> 0x006F
mem[X,0x800272B6] -> 0x00C0
[3756] [M]: 0x800272B4 (0x00C0006F) jal zero, 12


mem[X,0x800272C0] -> 0x6063
mem[X,0x800272C2] -> 0x40B5
[3757] [M]: 0x800272C0 (0x40B56063) bltu a0, a1, 1024


mem[X,0x800276C0] -> 0x0213
mem[X,0x800276C2] -> 0x0032
[3758] [M]: 0x800276C0 (0x00320213) addi tp, tp, 3
x4 <- 0x00000003


mem[X,0x800276C4] -> 0x006F
mem[X,0x800276C6] -> 0x0040
[3759] [M]: 0x800276C4 (0x0040006F) jal zero, 4


mem[X,0x800276C8] -> 0xA223
mem[X,0x800276CA] -> 0x5E40
[3760] [M]: 0x800276C8 (0x5E40A223) sw tp, 1508(ra)
mem[0x8004B858] <- 0x00000003


mem[X,0x800276CC] -> 0x0513
mem[X,0x800276CE] -> 0x0040
[3761] [M]: 0x800276CC (0x00400513) addi a0, zero, 4
x10 <- 0x00000004


mem[X,0x800276D0] -> 0xB5B7
mem[X,0x800276D2] -> 0xAAAA
[3762] [M]: 0x800276D0 (0xAAAAB5B7) lui a1, 699051
x11 <- 0xAAAAB000


mem[X,0x800276D4] -> 0x8593
mem[X,0x800276D6] -> 0xAAA5
[3763] [M]: 0x800276D4 (0xAAA58593) addi a1, a1, 2730
x11 <- 0xAAAAAAAA


mem[X,0x800276D8] -> 0x0213
mem[X,0x800276DA] -> 0x0000
[3764] [M]: 0x800276D8 (0x00000213) addi tp, zero, 0
x4 <- 0x00000000


mem[X,0x800276DC] -> 0x006F
mem[X,0x800276DE] -> 0x00C0
[3765] [M]: 0x800276DC (0x00C0006F) jal zero, 12


mem[X,0x800276E8] -> 0x6663
mem[X,0x800276EA] -> 0x00B5
[3766] [M]: 0x800276E8 (0x00B56663) bltu a0, a1, 12


mem[X,0x800276F4] -> 0x0213
mem[X,0x800276F6] -> 0x0032
[3767] [M]: 0x800276F4 (0x00320213) addi tp, tp, 3
x4 <- 0x00000003


mem[X,0x800276F8] -> 0x006F
mem[X,0x800276FA] -> 0x0040
[3768] [M]: 0x800276F8 (0x0040006F) jal zero, 4


mem[X,0x800276FC] -> 0xA423
mem[X,0x800276FE] -> 0x5E40
[3769] [M]: 0x800276FC (0x5E40A423) sw tp, 1512(ra)
mem[0x8004B85C] <- 0x00000003


mem[X,0x80027700] -> 0x0513
mem[X,0x80027702] -> 0x0040
[3770] [M]: 0x80027700 (0x00400513) addi a0, zero, 4
x10 <- 0x00000004


mem[X,0x80027704] -> 0x0593
mem[X,0x80027706] -> 0x0050
[3771] [M]: 0x80027704 (0x00500593) addi a1, zero, 5
x11 <- 0x00000005


mem[X,0x80027708] -> 0x0213
mem[X,0x8002770A] -> 0x0000
[3772] [M]: 0x80027708 (0x00000213) addi tp, zero, 0
x4 <- 0x00000000


mem[X,0x8002770C] -> 0x006F
mem[X,0x8002770E] -> 0x00C0
[3773] [M]: 0x8002770C (0x00C0006F) jal zero, 12


mem[X,0x80027718] -> 0x6063
mem[X,0x8002771A] -> 0x04B5
[3774] [M]: 0x80027718 (0x04B56063) bltu a0, a1, 64


mem[X,0x80027758] -> 0x0213
mem[X,0x8002775A] -> 0x0032
[3775] [M]: 0x80027758 (0x00320213) addi tp, tp, 3
x4 <- 0x00000003


mem[X,0x8002775C] -> 0x006F
mem[X,0x8002775E] -> 0x0040
[3776] [M]: 0x8002775C (0x0040006F) jal zero, 4


mem[X,0x80027760] -> 0xA623
mem[X,0x80027762] -> 0x5E40
[3777] [M]: 0x80027760 (0x5E40A623) sw tp, 1516(ra)
mem[0x8004B860] <- 0x00000003


mem[X,0x80027764] -> 0x0513
mem[X,0x80027766] -> 0x0040
[3778] [M]: 0x80027764 (0x00400513) addi a0, zero, 4
x10 <- 0x00000004


mem[X,0x80027768] -> 0x35B7
mem[X,0x8002776A] -> 0x3333
[3779] [M]: 0x80027768 (0x333335B7) lui a1, 209715
x11 <- 0x33333000


mem[X,0x8002776C] -> 0x8593
mem[X,0x8002776E] -> 0x3335
[3780] [M]: 0x8002776C (0x33358593) addi a1, a1, 819
x11 <- 0x33333333


mem[X,0x80027770] -> 0x0213
mem[X,0x80027772] -> 0x0000
[3781] [M]: 0x80027770 (0x00000213) addi tp, zero, 0
x4 <- 0x00000000


mem[X,0x80027774] -> 0x006F
mem[X,0x80027776] -> 0x00C0
[3782] [M]: 0x80027774 (0x00C0006F) jal zero, 12


mem[X,0x80027780] -> 0x6CE3
mem[X,0x80027782] -> 0xFEB5
[3783] [M]: 0x80027780 (0xFEB56CE3) bltu a0, a1, 8184


mem[X,0x80027778] -> 0x0213
mem[X,0x8002777A] -> 0x0012
[3784] [M]: 0x80027778 (0x00120213) addi tp, tp, 1
x4 <- 0x00000001


mem[X,0x8002777C] -> 0x006F
mem[X,0x8002777E] -> 0x0180
[3785] [M]: 0x8002777C (0x0180006F) jal zero, 24


mem[X,0x80027794] -> 0xA823
mem[X,0x80027796] -> 0x5E40
[3786] [M]: 0x80027794 (0x5E40A823) sw tp, 1520(ra)
mem[0x8004B864] <- 0x00000001


mem[X,0x80027798] -> 0x0513
mem[X,0x8002779A] -> 0x0040
[3787] [M]: 0x80027798 (0x00400513) addi a0, zero, 4
x10 <- 0x00000004


mem[X,0x8002779C] -> 0x65B7
mem[X,0x8002779E] -> 0x6666
[3788] [M]: 0x8002779C (0x666665B7) lui a1, 419430
x11 <- 0x66666000


mem[X,0x800277A0] -> 0x8593
mem[X,0x800277A2] -> 0x6665
[3789] [M]: 0x800277A0 (0x66658593) addi a1, a1, 1638
x11 <- 0x66666666


mem[X,0x800277A4] -> 0x0213
mem[X,0x800277A6] -> 0x0000
[3790] [M]: 0x800277A4 (0x00000213) addi tp, zero, 0
x4 <- 0x00000000


mem[X,0x800277A8] -> 0x006F
mem[X,0x800277AA] -> 0x0050
[3791] [M]: 0x800277A8 (0x0050006F) jal zero, 2052


mem[X,0x80027FAC] -> 0x60E3
mem[X,0x80027FAE] -> 0x80B5
[3792] [M]: 0x80027FAC (0x80B560E3) bltu a0, a1, 6144


mem[X,0x800277AC] -> 0x0213
mem[X,0x800277AE] -> 0x0012
[3793] [M]: 0x800277AC (0x00120213) addi tp, tp, 1
x4 <- 0x00000001


mem[X,0x800277B0] -> 0x006F
mem[X,0x800277B2] -> 0x0110
[3794] [M]: 0x800277B0 (0x0110006F) jal zero, 2064


mem[X,0x80027FC0] -> 0xAA23
mem[X,0x80027FC2] -> 0x5E40
[3795] [M]: 0x80027FC0 (0x5E40AA23) sw tp, 1524(ra)
mem[0x8004B868] <- 0x00000001


mem[X,0x80027FC4] -> 0x0513
mem[X,0x80027FC6] -> 0x0040
[3796] [M]: 0x80027FC4 (0x00400513) addi a0, zero, 4
x10 <- 0x00000004


mem[X,0x80027FC8] -> 0xB5B7
mem[X,0x80027FCA] -> 0x0000
[3797] [M]: 0x80027FC8 (0x0000B5B7) lui a1, 11
x11 <- 0x0000B000


mem[X,0x80027FCC] -> 0x8593
mem[X,0x80027FCE] -> 0x5045
[3798] [M]: 0x80027FCC (0x50458593) addi a1, a1, 1284
x11 <- 0x0000B504


mem[X,0x80027FD0] -> 0x0213
mem[X,0x80027FD2] -> 0x0000
[3799] [M]: 0x80027FD0 (0x00000213) addi tp, zero, 0
x4 <- 0x00000000


clint::tick mtime <- 0x0000000000000026
 clint timer pending at mtime 0x0000000000000026
htif::tick 0x0000000000000000
mem[X,0x80027FD4] -> 0x006F
mem[X,0x80027FD6] -> 0x00C0
[3800] [M]: 0x80027FD4 (0x00C0006F) jal zero, 12


mem[X,0x80027FE0] -> 0x6663
mem[X,0x80027FE2] -> 0x00B5
[3801] [M]: 0x80027FE0 (0x00B56663) bltu a0, a1, 12


mem[X,0x80027FEC] -> 0x0213
mem[X,0x80027FEE] -> 0x0032
[3802] [M]: 0x80027FEC (0x00320213) addi tp, tp, 3
x4 <- 0x00000003


mem[X,0x80027FF0] -> 0x006F
mem[X,0x80027FF2] -> 0x0040
[3803] [M]: 0x80027FF0 (0x0040006F) jal zero, 4


mem[X,0x80027FF4] -> 0xAC23
mem[X,0x80027FF6] -> 0x5E40
[3804] [M]: 0x80027FF4 (0x5E40AC23) sw tp, 1528(ra)
mem[0x8004B86C] <- 0x00000003


mem[X,0x80027FF8] -> 0x0513
mem[X,0x80027FFA] -> 0x0040
[3805] [M]: 0x80027FF8 (0x00400513) addi a0, zero, 4
x10 <- 0x00000004


mem[X,0x80027FFC] -> 0x0593
mem[X,0x80027FFE] -> 0x0000
[3806] [M]: 0x80027FFC (0x00000593) addi a1, zero, 0
x11 <- 0x00000000


mem[X,0x80028000] -> 0x0213
mem[X,0x80028002] -> 0x0000
[3807] [M]: 0x80028000 (0x00000213) addi tp, zero, 0
x4 <- 0x00000000


mem[X,0x80028004] -> 0x006F
mem[X,0x80028006] -> 0x0140
[3808] [M]: 0x80028004 (0x0140006F) jal zero, 20


mem[X,0x80028018] -> 0x68E3
mem[X,0x8002801A] -> 0xFEB5
[3809] [M]: 0x80028018 (0xFEB568E3) bltu a0, a1, 8176


mem[X,0x8002801C] -> 0x0213
mem[X,0x8002801E] -> 0x0022
[3810] [M]: 0x8002801C (0x00220213) addi tp, tp, 2
x4 <- 0x00000002


mem[X,0x80028020] -> 0x006F
mem[X,0x80028022] -> 0x00C0
[3811] [M]: 0x80028020 (0x00C0006F) jal zero, 12


mem[X,0x8002802C] -> 0xAE23
mem[X,0x8002802E] -> 0x5E40
[3812] [M]: 0x8002802C (0x5E40AE23) sw tp, 1532(ra)
mem[0x8004B870] <- 0x00000002


mem[X,0x80028030] -> 0x0513
mem[X,0x80028032] -> 0x0040
[3813] [M]: 0x80028030 (0x00400513) addi a0, zero, 4
x10 <- 0x00000004


mem[X,0x80028034] -> 0x05B7
mem[X,0x80028036] -> 0x0001
[3814] [M]: 0x80028034 (0x000105B7) lui a1, 16
x11 <- 0x00010000


mem[X,0x80028038] -> 0x8593
mem[X,0x8002803A] -> 0xFFF5
[3815] [M]: 0x80028038 (0xFFF58593) addi a1, a1, 4095
x11 <- 0x0000FFFF


mem[X,0x8002803C] -> 0x0213
mem[X,0x8002803E] -> 0x0000
[3816] [M]: 0x8002803C (0x00000213) addi tp, zero, 0
x4 <- 0x00000000


mem[X,0x80028040] -> 0x006F
mem[X,0x80028042] -> 0x00C0
[3817] [M]: 0x80028040 (0x00C0006F) jal zero, 12


mem[X,0x8002804C] -> 0x6863
mem[X,0x8002804E] -> 0x00B5
[3818] [M]: 0x8002804C (0x00B56863) bltu a0, a1, 16


mem[X,0x8002805C] -> 0x0213
mem[X,0x8002805E] -> 0x0032
[3819] [M]: 0x8002805C (0x00320213) addi tp, tp, 3
x4 <- 0x00000003


mem[X,0x80028060] -> 0x006F
mem[X,0x80028062] -> 0x0040
[3820] [M]: 0x80028060 (0x0040006F) jal zero, 4


mem[X,0x80028064] -> 0xA023
mem[X,0x80028066] -> 0x6040
[3821] [M]: 0x80028064 (0x6040A023) sw tp, 1536(ra)
mem[0x8004B874] <- 0x00000003


mem[X,0x80028068] -> 0x0513
mem[X,0x8002806A] -> 0x0040
[3822] [M]: 0x80028068 (0x00400513) addi a0, zero, 4
x10 <- 0x00000004


mem[X,0x8002806C] -> 0x0593
mem[X,0x8002806E] -> 0x0020
[3823] [M]: 0x8002806C (0x00200593) addi a1, zero, 2
x11 <- 0x00000002


mem[X,0x80028070] -> 0x0213
mem[X,0x80028072] -> 0x0000
[3824] [M]: 0x80028070 (0x00000213) addi tp, zero, 0
x4 <- 0x00000000


mem[X,0x80028074] -> 0x006F
mem[X,0x80028076] -> 0x00C0
[3825] [M]: 0x80028074 (0x00C0006F) jal zero, 12


mem[X,0x80028080] -> 0x6CE3
mem[X,0x80028082] -> 0xFEB5
[3826] [M]: 0x80028080 (0xFEB56CE3) bltu a0, a1, 8184


mem[X,0x80028084] -> 0x0213
mem[X,0x80028086] -> 0x0022
[3827] [M]: 0x80028084 (0x00220213) addi tp, tp, 2
x4 <- 0x00000002


mem[X,0x80028088] -> 0x006F
mem[X,0x8002808A] -> 0x00C0
[3828] [M]: 0x80028088 (0x00C0006F) jal zero, 12


mem[X,0x80028094] -> 0xA223
mem[X,0x80028096] -> 0x6040
[3829] [M]: 0x80028094 (0x6040A223) sw tp, 1540(ra)
mem[0x8004B878] <- 0x00000002


mem[X,0x80028098] -> 0x0513
mem[X,0x8002809A] -> 0x0040
[3830] [M]: 0x80028098 (0x00400513) addi a0, zero, 4
x10 <- 0x00000004


mem[X,0x8002809C] -> 0x55B7
mem[X,0x8002809E] -> 0x5555
[3831] [M]: 0x8002809C (0x555555B7) lui a1, 349525
x11 <- 0x55555000


mem[X,0x800280A0] -> 0x8593
mem[X,0x800280A2] -> 0x5545
[3832] [M]: 0x800280A0 (0x55458593) addi a1, a1, 1364
x11 <- 0x55555554


mem[X,0x800280A4] -> 0x0213
mem[X,0x800280A6] -> 0x0000
[3833] [M]: 0x800280A4 (0x00000213) addi tp, zero, 0
x4 <- 0x00000000


mem[X,0x800280A8] -> 0x006F
mem[X,0x800280AA] -> 0x00C0
[3834] [M]: 0x800280A8 (0x00C0006F) jal zero, 12


mem[X,0x800280B4] -> 0x6863
mem[X,0x800280B6] -> 0x00B5
[3835] [M]: 0x800280B4 (0x00B56863) bltu a0, a1, 16


mem[X,0x800280C4] -> 0x0213
mem[X,0x800280C6] -> 0x0032
[3836] [M]: 0x800280C4 (0x00320213) addi tp, tp, 3
x4 <- 0x00000003


mem[X,0x800280C8] -> 0x006F
mem[X,0x800280CA] -> 0x0040
[3837] [M]: 0x800280C8 (0x0040006F) jal zero, 4


mem[X,0x800280CC] -> 0xA423
mem[X,0x800280CE] -> 0x6040
[3838] [M]: 0x800280CC (0x6040A423) sw tp, 1544(ra)
mem[0x8004B87C] <- 0x00000003


mem[X,0x800280D0] -> 0x0513
mem[X,0x800280D2] -> 0x0040
[3839] [M]: 0x800280D0 (0x00400513) addi a0, zero, 4
x10 <- 0x00000004


mem[X,0x800280D4] -> 0xB5B7
mem[X,0x800280D6] -> 0xAAAA
[3840] [M]: 0x800280D4 (0xAAAAB5B7) lui a1, 699051
x11 <- 0xAAAAB000


mem[X,0x800280D8] -> 0x8593
mem[X,0x800280DA] -> 0xAA95
[3841] [M]: 0x800280D8 (0xAA958593) addi a1, a1, 2729
x11 <- 0xAAAAAAA9


mem[X,0x800280DC] -> 0x0213
mem[X,0x800280DE] -> 0x0000
[3842] [M]: 0x800280DC (0x00000213) addi tp, zero, 0
x4 <- 0x00000000


mem[X,0x800280E0] -> 0x006F
mem[X,0x800280E2] -> 0x00C0
[3843] [M]: 0x800280E0 (0x00C0006F) jal zero, 12


mem[X,0x800280EC] -> 0x6063
mem[X,0x800280EE] -> 0x10B5
[3844] [M]: 0x800280EC (0x10B56063) bltu a0, a1, 256


mem[X,0x800281EC] -> 0x0213
mem[X,0x800281EE] -> 0x0032
[3845] [M]: 0x800281EC (0x00320213) addi tp, tp, 3
x4 <- 0x00000003


mem[X,0x800281F0] -> 0x006F
mem[X,0x800281F2] -> 0x0040
[3846] [M]: 0x800281F0 (0x0040006F) jal zero, 4


mem[X,0x800281F4] -> 0xA623
mem[X,0x800281F6] -> 0x6040
[3847] [M]: 0x800281F4 (0x6040A623) sw tp, 1548(ra)
mem[0x8004B880] <- 0x00000003


mem[X,0x800281F8] -> 0x0513
mem[X,0x800281FA] -> 0x0040
[3848] [M]: 0x800281F8 (0x00400513) addi a0, zero, 4
x10 <- 0x00000004


mem[X,0x800281FC] -> 0x0593
mem[X,0x800281FE] -> 0x0040
[3849] [M]: 0x800281FC (0x00400593) addi a1, zero, 4
x11 <- 0x00000004


mem[X,0x80028200] -> 0x0213
mem[X,0x80028202] -> 0x0000
[3850] [M]: 0x80028200 (0x00000213) addi tp, zero, 0
x4 <- 0x00000000


mem[X,0x80028204] -> 0x006F
mem[X,0x80028206] -> 0x00C0
[3851] [M]: 0x80028204 (0x00C0006F) jal zero, 12


mem[X,0x80028210] -> 0x6663
mem[X,0x80028212] -> 0x00B5
[3852] [M]: 0x80028210 (0x00B56663) bltu a0, a1, 12


mem[X,0x80028214] -> 0x0213
mem[X,0x80028216] -> 0x0022
[3853] [M]: 0x80028214 (0x00220213) addi tp, tp, 2
x4 <- 0x00000002


mem[X,0x80028218] -> 0x006F
mem[X,0x8002821A] -> 0x00C0
[3854] [M]: 0x80028218 (0x00C0006F) jal zero, 12


mem[X,0x80028224] -> 0xA823
mem[X,0x80028226] -> 0x6040
[3855] [M]: 0x80028224 (0x6040A823) sw tp, 1552(ra)
mem[0x8004B884] <- 0x00000002


mem[X,0x80028228] -> 0x0513
mem[X,0x8002822A] -> 0x0040
[3856] [M]: 0x80028228 (0x00400513) addi a0, zero, 4
x10 <- 0x00000004


mem[X,0x8002822C] -> 0x35B7
mem[X,0x8002822E] -> 0x3333
[3857] [M]: 0x8002822C (0x333335B7) lui a1, 209715
x11 <- 0x33333000


mem[X,0x80028230] -> 0x8593
mem[X,0x80028232] -> 0x3325
[3858] [M]: 0x80028230 (0x33258593) addi a1, a1, 818
x11 <- 0x33333332


mem[X,0x80028234] -> 0x0213
mem[X,0x80028236] -> 0x0000
[3859] [M]: 0x80028234 (0x00000213) addi tp, zero, 0
x4 <- 0x00000000


mem[X,0x80028238] -> 0x006F
mem[X,0x8002823A] -> 0x00C0
[3860] [M]: 0x80028238 (0x00C0006F) jal zero, 12


mem[X,0x80028244] -> 0x6063
mem[X,0x80028246] -> 0x40B5
[3861] [M]: 0x80028244 (0x40B56063) bltu a0, a1, 1024


mem[X,0x80028644] -> 0x0213
mem[X,0x80028646] -> 0x0032
[3862] [M]: 0x80028644 (0x00320213) addi tp, tp, 3
x4 <- 0x00000003


mem[X,0x80028648] -> 0x006F
mem[X,0x8002864A] -> 0x0040
[3863] [M]: 0x80028648 (0x0040006F) jal zero, 4


mem[X,0x8002864C] -> 0xAA23
mem[X,0x8002864E] -> 0x6040
[3864] [M]: 0x8002864C (0x6040AA23) sw tp, 1556(ra)
mem[0x8004B888] <- 0x00000003


mem[X,0x80028650] -> 0x0513
mem[X,0x80028652] -> 0x0040
[3865] [M]: 0x80028650 (0x00400513) addi a0, zero, 4
x10 <- 0x00000004


mem[X,0x80028654] -> 0x65B7
mem[X,0x80028656] -> 0x6666
[3866] [M]: 0x80028654 (0x666665B7) lui a1, 419430
x11 <- 0x66666000


mem[X,0x80028658] -> 0x8593
mem[X,0x8002865A] -> 0x6655
[3867] [M]: 0x80028658 (0x66558593) addi a1, a1, 1637
x11 <- 0x66666665


mem[X,0x8002865C] -> 0x0213
mem[X,0x8002865E] -> 0x0000
[3868] [M]: 0x8002865C (0x00000213) addi tp, zero, 0
x4 <- 0x00000000


mem[X,0x80028660] -> 0x006F
mem[X,0x80028662] -> 0x00C0
[3869] [M]: 0x80028660 (0x00C0006F) jal zero, 12


mem[X,0x8002866C] -> 0x6863
mem[X,0x8002866E] -> 0x00B5
[3870] [M]: 0x8002866C (0x00B56863) bltu a0, a1, 16


mem[X,0x8002867C] -> 0x0213
mem[X,0x8002867E] -> 0x0032
[3871] [M]: 0x8002867C (0x00320213) addi tp, tp, 3
x4 <- 0x00000003


mem[X,0x80028680] -> 0x006F
mem[X,0x80028682] -> 0x0040
[3872] [M]: 0x80028680 (0x0040006F) jal zero, 4


mem[X,0x80028684] -> 0xAC23
mem[X,0x80028686] -> 0x6040
[3873] [M]: 0x80028684 (0x6040AC23) sw tp, 1560(ra)
mem[0x8004B88C] <- 0x00000003


mem[X,0x80028688] -> 0x0513
mem[X,0x8002868A] -> 0x0040
[3874] [M]: 0x80028688 (0x00400513) addi a0, zero, 4
x10 <- 0x00000004


mem[X,0x8002868C] -> 0xB5B7
mem[X,0x8002868E] -> 0x0000
[3875] [M]: 0x8002868C (0x0000B5B7) lui a1, 11
x11 <- 0x0000B000


mem[X,0x80028690] -> 0x8593
mem[X,0x80028692] -> 0x5035
[3876] [M]: 0x80028690 (0x50358593) addi a1, a1, 1283
x11 <- 0x0000B503


mem[X,0x80028694] -> 0x0213
mem[X,0x80028696] -> 0x0000
[3877] [M]: 0x80028694 (0x00000213) addi tp, zero, 0
x4 <- 0x00000000


mem[X,0x80028698] -> 0x006F
mem[X,0x8002869A] -> 0x00C0
[3878] [M]: 0x80028698 (0x00C0006F) jal zero, 12


mem[X,0x800286A4] -> 0x6663
mem[X,0x800286A6] -> 0x00B5
[3879] [M]: 0x800286A4 (0x00B56663) bltu a0, a1, 12


mem[X,0x800286B0] -> 0x0213
mem[X,0x800286B2] -> 0x0032
[3880] [M]: 0x800286B0 (0x00320213) addi tp, tp, 3
x4 <- 0x00000003


mem[X,0x800286B4] -> 0x006F
mem[X,0x800286B6] -> 0x0040
[3881] [M]: 0x800286B4 (0x0040006F) jal zero, 4


mem[X,0x800286B8] -> 0xAE23
mem[X,0x800286BA] -> 0x6040
[3882] [M]: 0x800286B8 (0x6040AE23) sw tp, 1564(ra)
mem[0x8004B890] <- 0x00000003


mem[X,0x800286BC] -> 0x0513
mem[X,0x800286BE] -> 0x0040
[3883] [M]: 0x800286BC (0x00400513) addi a0, zero, 4
x10 <- 0x00000004


mem[X,0x800286C0] -> 0x05B7
mem[X,0x800286C2] -> 0x0001
[3884] [M]: 0x800286C0 (0x000105B7) lui a1, 16
x11 <- 0x00010000


mem[X,0x800286C4] -> 0x8593
mem[X,0x800286C6] -> 0xFFE5
[3885] [M]: 0x800286C4 (0xFFE58593) addi a1, a1, 4094
x11 <- 0x0000FFFE


mem[X,0x800286C8] -> 0x0213
mem[X,0x800286CA] -> 0x0000
[3886] [M]: 0x800286C8 (0x00000213) addi tp, zero, 0
x4 <- 0x00000000


mem[X,0x800286CC] -> 0x006F
mem[X,0x800286CE] -> 0x00C0
[3887] [M]: 0x800286CC (0x00C0006F) jal zero, 12


mem[X,0x800286D8] -> 0x6063
mem[X,0x800286DA] -> 0x10B5
[3888] [M]: 0x800286D8 (0x10B56063) bltu a0, a1, 256


mem[X,0x800287D8] -> 0x0213
mem[X,0x800287DA] -> 0x0032
[3889] [M]: 0x800287D8 (0x00320213) addi tp, tp, 3
x4 <- 0x00000003


mem[X,0x800287DC] -> 0x006F
mem[X,0x800287DE] -> 0x0040
[3890] [M]: 0x800287DC (0x0040006F) jal zero, 4


mem[X,0x800287E0] -> 0xA023
mem[X,0x800287E2] -> 0x6240
[3891] [M]: 0x800287E0 (0x6240A023) sw tp, 1568(ra)
mem[0x8004B894] <- 0x00000003


mem[X,0x800287E4] -> 0x0513
mem[X,0x800287E6] -> 0x0040
[3892] [M]: 0x800287E4 (0x00400513) addi a0, zero, 4
x10 <- 0x00000004


mem[X,0x800287E8] -> 0x55B7
mem[X,0x800287EA] -> 0x5555
[3893] [M]: 0x800287E8 (0x555555B7) lui a1, 349525
x11 <- 0x55555000


mem[X,0x800287EC] -> 0x8593
mem[X,0x800287EE] -> 0x5565
[3894] [M]: 0x800287EC (0x55658593) addi a1, a1, 1366
x11 <- 0x55555556


mem[X,0x800287F0] -> 0x0213
mem[X,0x800287F2] -> 0x0000
[3895] [M]: 0x800287F0 (0x00000213) addi tp, zero, 0
x4 <- 0x00000000


mem[X,0x800287F4] -> 0x006F
mem[X,0x800287F6] -> 0x00C0
[3896] [M]: 0x800287F4 (0x00C0006F) jal zero, 12


mem[X,0x80028800] -> 0x6CE3
mem[X,0x80028802] -> 0xFEB5
[3897] [M]: 0x80028800 (0xFEB56CE3) bltu a0, a1, 8184


mem[X,0x800287F8] -> 0x0213
mem[X,0x800287FA] -> 0x0012
[3898] [M]: 0x800287F8 (0x00120213) addi tp, tp, 1
x4 <- 0x00000001


mem[X,0x800287FC] -> 0x006F
mem[X,0x800287FE] -> 0x0180
[3899] [M]: 0x800287FC (0x0180006F) jal zero, 24


clint::tick mtime <- 0x0000000000000027
 clint timer pending at mtime 0x0000000000000027
htif::tick 0x0000000000000000
mem[X,0x80028814] -> 0xA223
mem[X,0x80028816] -> 0x6240
[3900] [M]: 0x80028814 (0x6240A223) sw tp, 1572(ra)
mem[0x8004B898] <- 0x00000001


mem[X,0x80028818] -> 0x0513
mem[X,0x8002881A] -> 0x0040
[3901] [M]: 0x80028818 (0x00400513) addi a0, zero, 4
x10 <- 0x00000004


mem[X,0x8002881C] -> 0xB5B7
mem[X,0x8002881E] -> 0xAAAA
[3902] [M]: 0x8002881C (0xAAAAB5B7) lui a1, 699051
x11 <- 0xAAAAB000


mem[X,0x80028820] -> 0x8593
mem[X,0x80028822] -> 0xAAB5
[3903] [M]: 0x80028820 (0xAAB58593) addi a1, a1, 2731
x11 <- 0xAAAAAAAB


mem[X,0x80028824] -> 0x0213
mem[X,0x80028826] -> 0x0000
[3904] [M]: 0x80028824 (0x00000213) addi tp, zero, 0
x4 <- 0x00000000


mem[X,0x80028828] -> 0x006F
mem[X,0x8002882A] -> 0x0050
[3905] [M]: 0x80028828 (0x0050006F) jal zero, 2052


mem[X,0x8002902C] -> 0x60E3
mem[X,0x8002902E] -> 0x80B5
[3906] [M]: 0x8002902C (0x80B560E3) bltu a0, a1, 6144


mem[X,0x8002882C] -> 0x0213
mem[X,0x8002882E] -> 0x0012
[3907] [M]: 0x8002882C (0x00120213) addi tp, tp, 1
x4 <- 0x00000001


mem[X,0x80028830] -> 0x006F
mem[X,0x80028832] -> 0x0110
[3908] [M]: 0x80028830 (0x0110006F) jal zero, 2064


mem[X,0x80029040] -> 0xA423
mem[X,0x80029042] -> 0x6240
[3909] [M]: 0x80029040 (0x6240A423) sw tp, 1576(ra)
mem[0x8004B89C] <- 0x00000001


mem[X,0x80029044] -> 0x0513
mem[X,0x80029046] -> 0x0040
[3910] [M]: 0x80029044 (0x00400513) addi a0, zero, 4
x10 <- 0x00000004


mem[X,0x80029048] -> 0x0593
mem[X,0x8002904A] -> 0x0060
[3911] [M]: 0x80029048 (0x00600593) addi a1, zero, 6
x11 <- 0x00000006


mem[X,0x8002904C] -> 0x0213
mem[X,0x8002904E] -> 0x0000
[3912] [M]: 0x8002904C (0x00000213) addi tp, zero, 0
x4 <- 0x00000000


mem[X,0x80029050] -> 0x006F
mem[X,0x80029052] -> 0x00C0
[3913] [M]: 0x80029050 (0x00C0006F) jal zero, 12


mem[X,0x8002905C] -> 0x6063
mem[X,0x8002905E] -> 0x40B5
[3914] [M]: 0x8002905C (0x40B56063) bltu a0, a1, 1024


mem[X,0x8002945C] -> 0x0213
mem[X,0x8002945E] -> 0x0032
[3915] [M]: 0x8002945C (0x00320213) addi tp, tp, 3
x4 <- 0x00000003


mem[X,0x80029460] -> 0x006F
mem[X,0x80029462] -> 0x0040
[3916] [M]: 0x80029460 (0x0040006F) jal zero, 4


mem[X,0x80029464] -> 0xA623
mem[X,0x80029466] -> 0x6240
[3917] [M]: 0x80029464 (0x6240A623) sw tp, 1580(ra)
mem[0x8004B8A0] <- 0x00000003


mem[X,0x80029468] -> 0x0513
mem[X,0x8002946A] -> 0x0040
[3918] [M]: 0x80029468 (0x00400513) addi a0, zero, 4
x10 <- 0x00000004


mem[X,0x8002946C] -> 0x35B7
mem[X,0x8002946E] -> 0x3333
[3919] [M]: 0x8002946C (0x333335B7) lui a1, 209715
x11 <- 0x33333000


mem[X,0x80029470] -> 0x8593
mem[X,0x80029472] -> 0x3345
[3920] [M]: 0x80029470 (0x33458593) addi a1, a1, 820
x11 <- 0x33333334


mem[X,0x80029474] -> 0x0213
mem[X,0x80029476] -> 0x0000
[3921] [M]: 0x80029474 (0x00000213) addi tp, zero, 0
x4 <- 0x00000000


mem[X,0x80029478] -> 0x006F
mem[X,0x8002947A] -> 0x00C0
[3922] [M]: 0x80029478 (0x00C0006F) jal zero, 12


mem[X,0x80029484] -> 0x6063
mem[X,0x80029486] -> 0x08B5
[3923] [M]: 0x80029484 (0x08B56063) bltu a0, a1, 128


mem[X,0x80029504] -> 0x0213
mem[X,0x80029506] -> 0x0032
[3924] [M]: 0x80029504 (0x00320213) addi tp, tp, 3
x4 <- 0x00000003


mem[X,0x80029508] -> 0x006F
mem[X,0x8002950A] -> 0x0040
[3925] [M]: 0x80029508 (0x0040006F) jal zero, 4


mem[X,0x8002950C] -> 0xA823
mem[X,0x8002950E] -> 0x6240
[3926] [M]: 0x8002950C (0x6240A823) sw tp, 1584(ra)
mem[0x8004B8A4] <- 0x00000003


mem[X,0x80029510] -> 0x0513
mem[X,0x80029512] -> 0x0040
[3927] [M]: 0x80029510 (0x00400513) addi a0, zero, 4
x10 <- 0x00000004


mem[X,0x80029514] -> 0x65B7
mem[X,0x80029516] -> 0x6666
[3928] [M]: 0x80029514 (0x666665B7) lui a1, 419430
x11 <- 0x66666000


mem[X,0x80029518] -> 0x8593
mem[X,0x8002951A] -> 0x6675
[3929] [M]: 0x80029518 (0x66758593) addi a1, a1, 1639
x11 <- 0x66666667


mem[X,0x8002951C] -> 0x0213
mem[X,0x8002951E] -> 0x0000
[3930] [M]: 0x8002951C (0x00000213) addi tp, zero, 0
x4 <- 0x00000000


mem[X,0x80029520] -> 0x006F
mem[X,0x80029522] -> 0x2B10
[3931] [M]: 0x80029520 (0x2B10006F) jal zero, 2736


mem[X,0x80029FD0] -> 0x6A63
mem[X,0x80029FD2] -> 0xD4B5
[3932] [M]: 0x80029FD0 (0xD4B56A63) bltu a0, a1, 5460


mem[X,0x80029524] -> 0x0213
mem[X,0x80029526] -> 0x0012
[3933] [M]: 0x80029524 (0x00120213) addi tp, tp, 1
x4 <- 0x00000001


mem[X,0x80029528] -> 0x006F
mem[X,0x8002952A] -> 0x2BD0
[3934] [M]: 0x80029528 (0x2BD0006F) jal zero, 2748


mem[X,0x80029FE4] -> 0xAA23
mem[X,0x80029FE6] -> 0x6240
[3935] [M]: 0x80029FE4 (0x6240AA23) sw tp, 1588(ra)
mem[0x8004B8A8] <- 0x00000001


mem[X,0x80029FE8] -> 0x0513
mem[X,0x80029FEA] -> 0x0040
[3936] [M]: 0x80029FE8 (0x00400513) addi a0, zero, 4
x10 <- 0x00000004


mem[X,0x80029FEC] -> 0xB5B7
mem[X,0x80029FEE] -> 0x0000
[3937] [M]: 0x80029FEC (0x0000B5B7) lui a1, 11
x11 <- 0x0000B000


mem[X,0x80029FF0] -> 0x8593
mem[X,0x80029FF2] -> 0x5055
[3938] [M]: 0x80029FF0 (0x50558593) addi a1, a1, 1285
x11 <- 0x0000B505


mem[X,0x80029FF4] -> 0x0213
mem[X,0x80029FF6] -> 0x0000
[3939] [M]: 0x80029FF4 (0x00000213) addi tp, zero, 0
x4 <- 0x00000000


mem[X,0x80029FF8] -> 0x006F
mem[X,0x80029FFA] -> 0x00C0
[3940] [M]: 0x80029FF8 (0x00C0006F) jal zero, 12


mem[X,0x8002A004] -> 0x6663
mem[X,0x8002A006] -> 0x00B5
[3941] [M]: 0x8002A004 (0x00B56663) bltu a0, a1, 12


mem[X,0x8002A010] -> 0x0213
mem[X,0x8002A012] -> 0x0032
[3942] [M]: 0x8002A010 (0x00320213) addi tp, tp, 3
x4 <- 0x00000003


mem[X,0x8002A014] -> 0x006F
mem[X,0x8002A016] -> 0x0040
[3943] [M]: 0x8002A014 (0x0040006F) jal zero, 4


mem[X,0x8002A018] -> 0xAC23
mem[X,0x8002A01A] -> 0x6240
[3944] [M]: 0x8002A018 (0x6240AC23) sw tp, 1592(ra)
mem[0x8004B8AC] <- 0x00000003


mem[X,0x8002A01C] -> 0x0513
mem[X,0x8002A01E] -> 0x0040
[3945] [M]: 0x8002A01C (0x00400513) addi a0, zero, 4
x10 <- 0x00000004


mem[X,0x8002A020] -> 0x0593
mem[X,0x8002A022] -> 0x0010
[3946] [M]: 0x8002A020 (0x00100593) addi a1, zero, 1
x11 <- 0x00000001


mem[X,0x8002A024] -> 0x0213
mem[X,0x8002A026] -> 0x0000
[3947] [M]: 0x8002A024 (0x00000213) addi tp, zero, 0
x4 <- 0x00000000


mem[X,0x8002A028] -> 0x006F
mem[X,0x8002A02A] -> 0x00C0
[3948] [M]: 0x8002A028 (0x00C0006F) jal zero, 12


mem[X,0x8002A034] -> 0x6663
mem[X,0x8002A036] -> 0x00B5
[3949] [M]: 0x8002A034 (0x00B56663) bltu a0, a1, 12


mem[X,0x8002A038] -> 0x0213
mem[X,0x8002A03A] -> 0x0022
[3950] [M]: 0x8002A038 (0x00220213) addi tp, tp, 2
x4 <- 0x00000002


mem[X,0x8002A03C] -> 0x006F
mem[X,0x8002A03E] -> 0x00C0
[3951] [M]: 0x8002A03C (0x00C0006F) jal zero, 12


mem[X,0x8002A048] -> 0xAE23
mem[X,0x8002A04A] -> 0x6240
[3952] [M]: 0x8002A048 (0x6240AE23) sw tp, 1596(ra)
mem[0x8004B8B0] <- 0x00000002


mem[X,0x8002A04C] -> 0x0513
mem[X,0x8002A04E] -> 0x0040
[3953] [M]: 0x8002A04C (0x00400513) addi a0, zero, 4
x10 <- 0x00000004


mem[X,0x8002A050] -> 0x05B7
mem[X,0x8002A052] -> 0x0001
[3954] [M]: 0x8002A050 (0x000105B7) lui a1, 16
x11 <- 0x00010000


mem[X,0x8002A054] -> 0x0213
mem[X,0x8002A056] -> 0x0000
[3955] [M]: 0x8002A054 (0x00000213) addi tp, zero, 0
x4 <- 0x00000000


mem[X,0x8002A058] -> 0x006F
mem[X,0x8002A05A] -> 0x00C0
[3956] [M]: 0x8002A058 (0x00C0006F) jal zero, 12


mem[X,0x8002A064] -> 0x6663
mem[X,0x8002A066] -> 0x00B5
[3957] [M]: 0x8002A064 (0x00B56663) bltu a0, a1, 12


mem[X,0x8002A070] -> 0x0213
mem[X,0x8002A072] -> 0x0032
[3958] [M]: 0x8002A070 (0x00320213) addi tp, tp, 3
x4 <- 0x00000003


mem[X,0x8002A074] -> 0x006F
mem[X,0x8002A076] -> 0x0040
[3959] [M]: 0x8002A074 (0x0040006F) jal zero, 4


mem[X,0x8002A078] -> 0xA023
mem[X,0x8002A07A] -> 0x6440
[3960] [M]: 0x8002A078 (0x6440A023) sw tp, 1600(ra)
mem[0x8004B8B4] <- 0x00000003


mem[X,0x8002A07C] -> 0x3537
mem[X,0x8002A07E] -> 0x3333
[3961] [M]: 0x8002A07C (0x33333537) lui a0, 209715
x10 <- 0x33333000


mem[X,0x8002A080] -> 0x0513
mem[X,0x8002A082] -> 0x3325
[3962] [M]: 0x8002A080 (0x33250513) addi a0, a0, 818
x10 <- 0x33333332


mem[X,0x8002A084] -> 0x0593
mem[X,0x8002A086] -> 0x0030
[3963] [M]: 0x8002A084 (0x00300593) addi a1, zero, 3
x11 <- 0x00000003


mem[X,0x8002A088] -> 0x0213
mem[X,0x8002A08A] -> 0x0000
[3964] [M]: 0x8002A088 (0x00000213) addi tp, zero, 0
x4 <- 0x00000000


mem[X,0x8002A08C] -> 0x006F
mem[X,0x8002A08E] -> 0x00C0
[3965] [M]: 0x8002A08C (0x00C0006F) jal zero, 12


mem[X,0x8002A098] -> 0x6063
mem[X,0x8002A09A] -> 0x08B5
[3966] [M]: 0x8002A098 (0x08B56063) bltu a0, a1, 128


mem[X,0x8002A09C] -> 0x0213
mem[X,0x8002A09E] -> 0x0022
[3967] [M]: 0x8002A09C (0x00220213) addi tp, tp, 2
x4 <- 0x00000002


mem[X,0x8002A0A0] -> 0x006F
mem[X,0x8002A0A2] -> 0x0800
[3968] [M]: 0x8002A0A0 (0x0800006F) jal zero, 128


mem[X,0x8002A120] -> 0xA223
mem[X,0x8002A122] -> 0x6440
[3969] [M]: 0x8002A120 (0x6440A223) sw tp, 1604(ra)
mem[0x8004B8B8] <- 0x00000002


mem[X,0x8002A124] -> 0x3537
mem[X,0x8002A126] -> 0x3333
[3970] [M]: 0x8002A124 (0x33333537) lui a0, 209715
x10 <- 0x33333000


mem[X,0x8002A128] -> 0x0513
mem[X,0x8002A12A] -> 0x3325
[3971] [M]: 0x8002A128 (0x33250513) addi a0, a0, 818
x10 <- 0x33333332


mem[X,0x8002A12C] -> 0x55B7
mem[X,0x8002A12E] -> 0x5555
[3972] [M]: 0x8002A12C (0x555555B7) lui a1, 349525
x11 <- 0x55555000


mem[X,0x8002A130] -> 0x8593
mem[X,0x8002A132] -> 0x5555
[3973] [M]: 0x8002A130 (0x55558593) addi a1, a1, 1365
x11 <- 0x55555555


mem[X,0x8002A134] -> 0x0213
mem[X,0x8002A136] -> 0x0000
[3974] [M]: 0x8002A134 (0x00000213) addi tp, zero, 0
x4 <- 0x00000000


mem[X,0x8002A138] -> 0x006F
mem[X,0x8002A13A] -> 0x0180
[3975] [M]: 0x8002A138 (0x0180006F) jal zero, 24


mem[X,0x8002A150] -> 0x66E3
mem[X,0x8002A152] -> 0xFEB5
[3976] [M]: 0x8002A150 (0xFEB566E3) bltu a0, a1, 8172


mem[X,0x8002A13C] -> 0x0213
mem[X,0x8002A13E] -> 0x0012
[3977] [M]: 0x8002A13C (0x00120213) addi tp, tp, 1
x4 <- 0x00000001


mem[X,0x8002A140] -> 0x006F
mem[X,0x8002A142] -> 0x0240
[3978] [M]: 0x8002A140 (0x0240006F) jal zero, 36


mem[X,0x8002A164] -> 0xA423
mem[X,0x8002A166] -> 0x6440
[3979] [M]: 0x8002A164 (0x6440A423) sw tp, 1608(ra)
mem[0x8004B8BC] <- 0x00000001


mem[X,0x8002A168] -> 0x3537
mem[X,0x8002A16A] -> 0x3333
[3980] [M]: 0x8002A168 (0x33333537) lui a0, 209715
x10 <- 0x33333000


mem[X,0x8002A16C] -> 0x0513
mem[X,0x8002A16E] -> 0x3325
[3981] [M]: 0x8002A16C (0x33250513) addi a0, a0, 818
x10 <- 0x33333332


mem[X,0x8002A170] -> 0xB5B7
mem[X,0x8002A172] -> 0xAAAA
[3982] [M]: 0x8002A170 (0xAAAAB5B7) lui a1, 699051
x11 <- 0xAAAAB000


mem[X,0x8002A174] -> 0x8593
mem[X,0x8002A176] -> 0xAAA5
[3983] [M]: 0x8002A174 (0xAAA58593) addi a1, a1, 2730
x11 <- 0xAAAAAAAA


mem[X,0x8002A178] -> 0x0213
mem[X,0x8002A17A] -> 0x0000
[3984] [M]: 0x8002A178 (0x00000213) addi tp, zero, 0
x4 <- 0x00000000


mem[X,0x8002A17C] -> 0x006F
mem[X,0x8002A17E] -> 0x00C0
[3985] [M]: 0x8002A17C (0x00C0006F) jal zero, 12


mem[X,0x8002A188] -> 0x6663
mem[X,0x8002A18A] -> 0x00B5
[3986] [M]: 0x8002A188 (0x00B56663) bltu a0, a1, 12


mem[X,0x8002A194] -> 0x0213
mem[X,0x8002A196] -> 0x0032
[3987] [M]: 0x8002A194 (0x00320213) addi tp, tp, 3
x4 <- 0x00000003


mem[X,0x8002A198] -> 0x006F
mem[X,0x8002A19A] -> 0x0040
[3988] [M]: 0x8002A198 (0x0040006F) jal zero, 4


mem[X,0x8002A19C] -> 0xA623
mem[X,0x8002A19E] -> 0x6440
[3989] [M]: 0x8002A19C (0x6440A623) sw tp, 1612(ra)
mem[0x8004B8C0] <- 0x00000003


mem[X,0x8002A1A0] -> 0x3537
mem[X,0x8002A1A2] -> 0x3333
[3990] [M]: 0x8002A1A0 (0x33333537) lui a0, 209715
x10 <- 0x33333000


mem[X,0x8002A1A4] -> 0x0513
mem[X,0x8002A1A6] -> 0x3325
[3991] [M]: 0x8002A1A4 (0x33250513) addi a0, a0, 818
x10 <- 0x33333332


mem[X,0x8002A1A8] -> 0x0593
mem[X,0x8002A1AA] -> 0x0050
[3992] [M]: 0x8002A1A8 (0x00500593) addi a1, zero, 5
x11 <- 0x00000005


mem[X,0x8002A1AC] -> 0x0213
mem[X,0x8002A1AE] -> 0x0000
[3993] [M]: 0x8002A1AC (0x00000213) addi tp, zero, 0
x4 <- 0x00000000


mem[X,0x8002A1B0] -> 0x006F
mem[X,0x8002A1B2] -> 0x00C0
[3994] [M]: 0x8002A1B0 (0x00C0006F) jal zero, 12


mem[X,0x8002A1BC] -> 0x6663
mem[X,0x8002A1BE] -> 0x00B5
[3995] [M]: 0x8002A1BC (0x00B56663) bltu a0, a1, 12


mem[X,0x8002A1C0] -> 0x0213
mem[X,0x8002A1C2] -> 0x0022
[3996] [M]: 0x8002A1C0 (0x00220213) addi tp, tp, 2
x4 <- 0x00000002


mem[X,0x8002A1C4] -> 0x006F
mem[X,0x8002A1C6] -> 0x00C0
[3997] [M]: 0x8002A1C4 (0x00C0006F) jal zero, 12


mem[X,0x8002A1D0] -> 0xA823
mem[X,0x8002A1D2] -> 0x6440
[3998] [M]: 0x8002A1D0 (0x6440A823) sw tp, 1616(ra)
mem[0x8004B8C4] <- 0x00000002


mem[X,0x8002A1D4] -> 0x3537
mem[X,0x8002A1D6] -> 0x3333
[3999] [M]: 0x8002A1D4 (0x33333537) lui a0, 209715
x10 <- 0x33333000


clint::tick mtime <- 0x0000000000000028
 clint timer pending at mtime 0x0000000000000028
htif::tick 0x0000000000000000
mem[X,0x8002A1D8] -> 0x0513
mem[X,0x8002A1DA] -> 0x3325
[4000] [M]: 0x8002A1D8 (0x33250513) addi a0, a0, 818
x10 <- 0x33333332


mem[X,0x8002A1DC] -> 0x35B7
mem[X,0x8002A1DE] -> 0x3333
[4001] [M]: 0x8002A1DC (0x333335B7) lui a1, 209715
x11 <- 0x33333000


mem[X,0x8002A1E0] -> 0x8593
mem[X,0x8002A1E2] -> 0x3335
[4002] [M]: 0x8002A1E0 (0x33358593) addi a1, a1, 819
x11 <- 0x33333333


mem[X,0x8002A1E4] -> 0x0213
mem[X,0x8002A1E6] -> 0x0000
[4003] [M]: 0x8002A1E4 (0x00000213) addi tp, zero, 0
x4 <- 0x00000000


mem[X,0x8002A1E8] -> 0x006F
mem[X,0x8002A1EA] -> 0x00C0
[4004] [M]: 0x8002A1E8 (0x00C0006F) jal zero, 12


mem[X,0x8002A1F4] -> 0x6863
mem[X,0x8002A1F6] -> 0x00B5
[4005] [M]: 0x8002A1F4 (0x00B56863) bltu a0, a1, 16


mem[X,0x8002A204] -> 0x0213
mem[X,0x8002A206] -> 0x0032
[4006] [M]: 0x8002A204 (0x00320213) addi tp, tp, 3
x4 <- 0x00000003


mem[X,0x8002A208] -> 0x006F
mem[X,0x8002A20A] -> 0x0040
[4007] [M]: 0x8002A208 (0x0040006F) jal zero, 4


mem[X,0x8002A20C] -> 0xAA23
mem[X,0x8002A20E] -> 0x6440
[4008] [M]: 0x8002A20C (0x6440AA23) sw tp, 1620(ra)
mem[0x8004B8C8] <- 0x00000003


mem[X,0x8002A210] -> 0x3537
mem[X,0x8002A212] -> 0x3333
[4009] [M]: 0x8002A210 (0x33333537) lui a0, 209715
x10 <- 0x33333000


mem[X,0x8002A214] -> 0x0513
mem[X,0x8002A216] -> 0x3325
[4010] [M]: 0x8002A214 (0x33250513) addi a0, a0, 818
x10 <- 0x33333332


mem[X,0x8002A218] -> 0x65B7
mem[X,0x8002A21A] -> 0x6666
[4011] [M]: 0x8002A218 (0x666665B7) lui a1, 419430
x11 <- 0x66666000


mem[X,0x8002A21C] -> 0x8593
mem[X,0x8002A21E] -> 0x6665
[4012] [M]: 0x8002A21C (0x66658593) addi a1, a1, 1638
x11 <- 0x66666666


mem[X,0x8002A220] -> 0x0213
mem[X,0x8002A222] -> 0x0000
[4013] [M]: 0x8002A220 (0x00000213) addi tp, zero, 0
x4 <- 0x00000000


mem[X,0x8002A224] -> 0x006F
mem[X,0x8002A226] -> 0x00C0
[4014] [M]: 0x8002A224 (0x00C0006F) jal zero, 12


mem[X,0x8002A230] -> 0x6063
mem[X,0x8002A232] -> 0x08B5
[4015] [M]: 0x8002A230 (0x08B56063) bltu a0, a1, 128


mem[X,0x8002A2B0] -> 0x0213
mem[X,0x8002A2B2] -> 0x0032
[4016] [M]: 0x8002A2B0 (0x00320213) addi tp, tp, 3
x4 <- 0x00000003


mem[X,0x8002A2B4] -> 0x006F
mem[X,0x8002A2B6] -> 0x0040
[4017] [M]: 0x8002A2B4 (0x0040006F) jal zero, 4


mem[X,0x8002A2B8] -> 0xAC23
mem[X,0x8002A2BA] -> 0x6440
[4018] [M]: 0x8002A2B8 (0x6440AC23) sw tp, 1624(ra)
mem[0x8004B8CC] <- 0x00000003


mem[X,0x8002A2BC] -> 0x3537
mem[X,0x8002A2BE] -> 0x3333
[4019] [M]: 0x8002A2BC (0x33333537) lui a0, 209715
x10 <- 0x33333000


mem[X,0x8002A2C0] -> 0x0513
mem[X,0x8002A2C2] -> 0x3325
[4020] [M]: 0x8002A2C0 (0x33250513) addi a0, a0, 818
x10 <- 0x33333332


mem[X,0x8002A2C4] -> 0xB5B7
mem[X,0x8002A2C6] -> 0x0000
[4021] [M]: 0x8002A2C4 (0x0000B5B7) lui a1, 11
x11 <- 0x0000B000


mem[X,0x8002A2C8] -> 0x8593
mem[X,0x8002A2CA] -> 0x5045
[4022] [M]: 0x8002A2C8 (0x50458593) addi a1, a1, 1284
x11 <- 0x0000B504


mem[X,0x8002A2CC] -> 0x0213
mem[X,0x8002A2CE] -> 0x0000
[4023] [M]: 0x8002A2CC (0x00000213) addi tp, zero, 0
x4 <- 0x00000000


mem[X,0x8002A2D0] -> 0x006F
mem[X,0x8002A2D2] -> 0x0180
[4024] [M]: 0x8002A2D0 (0x0180006F) jal zero, 24


mem[X,0x8002A2E8] -> 0x66E3
mem[X,0x8002A2EA] -> 0xFEB5
[4025] [M]: 0x8002A2E8 (0xFEB566E3) bltu a0, a1, 8172


mem[X,0x8002A2EC] -> 0x0213
mem[X,0x8002A2EE] -> 0x0022
[4026] [M]: 0x8002A2EC (0x00220213) addi tp, tp, 2
x4 <- 0x00000002


mem[X,0x8002A2F0] -> 0x006F
mem[X,0x8002A2F2] -> 0x00C0
[4027] [M]: 0x8002A2F0 (0x00C0006F) jal zero, 12


mem[X,0x8002A2FC] -> 0xAE23
mem[X,0x8002A2FE] -> 0x6440
[4028] [M]: 0x8002A2FC (0x6440AE23) sw tp, 1628(ra)
mem[0x8004B8D0] <- 0x00000002


mem[X,0x8002A300] -> 0x3537
mem[X,0x8002A302] -> 0x3333
[4029] [M]: 0x8002A300 (0x33333537) lui a0, 209715
x10 <- 0x33333000


mem[X,0x8002A304] -> 0x0513
mem[X,0x8002A306] -> 0x3325
[4030] [M]: 0x8002A304 (0x33250513) addi a0, a0, 818
x10 <- 0x33333332


mem[X,0x8002A308] -> 0x0593
mem[X,0x8002A30A] -> 0x0000
[4031] [M]: 0x8002A308 (0x00000593) addi a1, zero, 0
x11 <- 0x00000000


mem[X,0x8002A30C] -> 0x0213
mem[X,0x8002A30E] -> 0x0000
[4032] [M]: 0x8002A30C (0x00000213) addi tp, zero, 0
x4 <- 0x00000000


mem[X,0x8002A310] -> 0x006F
mem[X,0x8002A312] -> 0x0180
[4033] [M]: 0x8002A310 (0x0180006F) jal zero, 24


mem[X,0x8002A328] -> 0x66E3
mem[X,0x8002A32A] -> 0xFEB5
[4034] [M]: 0x8002A328 (0xFEB566E3) bltu a0, a1, 8172


mem[X,0x8002A32C] -> 0x0213
mem[X,0x8002A32E] -> 0x0022
[4035] [M]: 0x8002A32C (0x00220213) addi tp, tp, 2
x4 <- 0x00000002


mem[X,0x8002A330] -> 0x006F
mem[X,0x8002A332] -> 0x00C0
[4036] [M]: 0x8002A330 (0x00C0006F) jal zero, 12


mem[X,0x8002A33C] -> 0xA023
mem[X,0x8002A33E] -> 0x6640
[4037] [M]: 0x8002A33C (0x6640A023) sw tp, 1632(ra)
mem[0x8004B8D4] <- 0x00000002


mem[X,0x8002A340] -> 0x3537
mem[X,0x8002A342] -> 0x3333
[4038] [M]: 0x8002A340 (0x33333537) lui a0, 209715
x10 <- 0x33333000


mem[X,0x8002A344] -> 0x0513
mem[X,0x8002A346] -> 0x3325
[4039] [M]: 0x8002A344 (0x33250513) addi a0, a0, 818
x10 <- 0x33333332


mem[X,0x8002A348] -> 0x05B7
mem[X,0x8002A34A] -> 0x0001
[4040] [M]: 0x8002A348 (0x000105B7) lui a1, 16
x11 <- 0x00010000


mem[X,0x8002A34C] -> 0x8593
mem[X,0x8002A34E] -> 0xFFF5
[4041] [M]: 0x8002A34C (0xFFF58593) addi a1, a1, 4095
x11 <- 0x0000FFFF


mem[X,0x8002A350] -> 0x0213
mem[X,0x8002A352] -> 0x0000
[4042] [M]: 0x8002A350 (0x00000213) addi tp, zero, 0
x4 <- 0x00000000


mem[X,0x8002A354] -> 0x006F
mem[X,0x8002A356] -> 0x00C0
[4043] [M]: 0x8002A354 (0x00C0006F) jal zero, 12


mem[X,0x8002A360] -> 0x6063
mem[X,0x8002A362] -> 0x40B5
[4044] [M]: 0x8002A360 (0x40B56063) bltu a0, a1, 1024


mem[X,0x8002A364] -> 0x0213
mem[X,0x8002A366] -> 0x0022
[4045] [M]: 0x8002A364 (0x00220213) addi tp, tp, 2
x4 <- 0x00000002


mem[X,0x8002A368] -> 0x006F
mem[X,0x8002A36A] -> 0x4000
[4046] [M]: 0x8002A368 (0x4000006F) jal zero, 1024


mem[X,0x8002A768] -> 0xA223
mem[X,0x8002A76A] -> 0x6640
[4047] [M]: 0x8002A768 (0x6640A223) sw tp, 1636(ra)
mem[0x8004B8D8] <- 0x00000002


mem[X,0x8002A76C] -> 0x3537
mem[X,0x8002A76E] -> 0x3333
[4048] [M]: 0x8002A76C (0x33333537) lui a0, 209715
x10 <- 0x33333000


mem[X,0x8002A770] -> 0x0513
mem[X,0x8002A772] -> 0x3325
[4049] [M]: 0x8002A770 (0x33250513) addi a0, a0, 818
x10 <- 0x33333332


mem[X,0x8002A774] -> 0x0593
mem[X,0x8002A776] -> 0x0020
[4050] [M]: 0x8002A774 (0x00200593) addi a1, zero, 2
x11 <- 0x00000002


mem[X,0x8002A778] -> 0x0213
mem[X,0x8002A77A] -> 0x0000
[4051] [M]: 0x8002A778 (0x00000213) addi tp, zero, 0
x4 <- 0x00000000


mem[X,0x8002A77C] -> 0x006F
mem[X,0x8002A77E] -> 0x00C0
[4052] [M]: 0x8002A77C (0x00C0006F) jal zero, 12


mem[X,0x8002A788] -> 0x6CE3
mem[X,0x8002A78A] -> 0xFEB5
[4053] [M]: 0x8002A788 (0xFEB56CE3) bltu a0, a1, 8184


mem[X,0x8002A78C] -> 0x0213
mem[X,0x8002A78E] -> 0x0022
[4054] [M]: 0x8002A78C (0x00220213) addi tp, tp, 2
x4 <- 0x00000002


mem[X,0x8002A790] -> 0x006F
mem[X,0x8002A792] -> 0x00C0
[4055] [M]: 0x8002A790 (0x00C0006F) jal zero, 12


mem[X,0x8002A79C] -> 0xA423
mem[X,0x8002A79E] -> 0x6640
[4056] [M]: 0x8002A79C (0x6640A423) sw tp, 1640(ra)
mem[0x8004B8DC] <- 0x00000002


mem[X,0x8002A7A0] -> 0x3537
mem[X,0x8002A7A2] -> 0x3333
[4057] [M]: 0x8002A7A0 (0x33333537) lui a0, 209715
x10 <- 0x33333000


mem[X,0x8002A7A4] -> 0x0513
mem[X,0x8002A7A6] -> 0x3325
[4058] [M]: 0x8002A7A4 (0x33250513) addi a0, a0, 818
x10 <- 0x33333332


mem[X,0x8002A7A8] -> 0x55B7
mem[X,0x8002A7AA] -> 0x5555
[4059] [M]: 0x8002A7A8 (0x555555B7) lui a1, 349525
x11 <- 0x55555000


mem[X,0x8002A7AC] -> 0x8593
mem[X,0x8002A7AE] -> 0x5545
[4060] [M]: 0x8002A7AC (0x55458593) addi a1, a1, 1364
x11 <- 0x55555554


mem[X,0x8002A7B0] -> 0x0213
mem[X,0x8002A7B2] -> 0x0000
[4061] [M]: 0x8002A7B0 (0x00000213) addi tp, zero, 0
x4 <- 0x00000000


mem[X,0x8002A7B4] -> 0x006F
mem[X,0x8002A7B6] -> 0x00C0
[4062] [M]: 0x8002A7B4 (0x00C0006F) jal zero, 12


mem[X,0x8002A7C0] -> 0x6663
mem[X,0x8002A7C2] -> 0x00B5
[4063] [M]: 0x8002A7C0 (0x00B56663) bltu a0, a1, 12


mem[X,0x8002A7CC] -> 0x0213
mem[X,0x8002A7CE] -> 0x0032
[4064] [M]: 0x8002A7CC (0x00320213) addi tp, tp, 3
x4 <- 0x00000003


mem[X,0x8002A7D0] -> 0x006F
mem[X,0x8002A7D2] -> 0x0040
[4065] [M]: 0x8002A7D0 (0x0040006F) jal zero, 4


mem[X,0x8002A7D4] -> 0xA623
mem[X,0x8002A7D6] -> 0x6640
[4066] [M]: 0x8002A7D4 (0x6640A623) sw tp, 1644(ra)
mem[0x8004B8E0] <- 0x00000003


mem[X,0x8002A7D8] -> 0x3537
mem[X,0x8002A7DA] -> 0x3333
[4067] [M]: 0x8002A7D8 (0x33333537) lui a0, 209715
x10 <- 0x33333000


mem[X,0x8002A7DC] -> 0x0513
mem[X,0x8002A7DE] -> 0x3325
[4068] [M]: 0x8002A7DC (0x33250513) addi a0, a0, 818
x10 <- 0x33333332


mem[X,0x8002A7E0] -> 0xB5B7
mem[X,0x8002A7E2] -> 0xAAAA
[4069] [M]: 0x8002A7E0 (0xAAAAB5B7) lui a1, 699051
x11 <- 0xAAAAB000


mem[X,0x8002A7E4] -> 0x8593
mem[X,0x8002A7E6] -> 0xAA95
[4070] [M]: 0x8002A7E4 (0xAA958593) addi a1, a1, 2729
x11 <- 0xAAAAAAA9


mem[X,0x8002A7E8] -> 0x0213
mem[X,0x8002A7EA] -> 0x0000
[4071] [M]: 0x8002A7E8 (0x00000213) addi tp, zero, 0
x4 <- 0x00000000


mem[X,0x8002A7EC] -> 0x006F
mem[X,0x8002A7EE] -> 0x0100
[4072] [M]: 0x8002A7EC (0x0100006F) jal zero, 16


mem[X,0x8002A7FC] -> 0x6AE3
mem[X,0x8002A7FE] -> 0xFEB5
[4073] [M]: 0x8002A7FC (0xFEB56AE3) bltu a0, a1, 8180


mem[X,0x8002A7F0] -> 0x0213
mem[X,0x8002A7F2] -> 0x0012
[4074] [M]: 0x8002A7F0 (0x00120213) addi tp, tp, 1
x4 <- 0x00000001


mem[X,0x8002A7F4] -> 0x006F
mem[X,0x8002A7F6] -> 0x01C0
[4075] [M]: 0x8002A7F4 (0x01C0006F) jal zero, 28


mem[X,0x8002A810] -> 0xA823
mem[X,0x8002A812] -> 0x6640
[4076] [M]: 0x8002A810 (0x6640A823) sw tp, 1648(ra)
mem[0x8004B8E4] <- 0x00000001


mem[X,0x8002A814] -> 0x3537
mem[X,0x8002A816] -> 0x3333
[4077] [M]: 0x8002A814 (0x33333537) lui a0, 209715
x10 <- 0x33333000


mem[X,0x8002A818] -> 0x0513
mem[X,0x8002A81A] -> 0x3325
[4078] [M]: 0x8002A818 (0x33250513) addi a0, a0, 818
x10 <- 0x33333332


mem[X,0x8002A81C] -> 0x0593
mem[X,0x8002A81E] -> 0x0040
[4079] [M]: 0x8002A81C (0x00400593) addi a1, zero, 4
x11 <- 0x00000004


mem[X,0x8002A820] -> 0x0213
mem[X,0x8002A822] -> 0x0000
[4080] [M]: 0x8002A820 (0x00000213) addi tp, zero, 0
x4 <- 0x00000000


mem[X,0x8002A824] -> 0x006F
mem[X,0x8002A826] -> 0x00C0
[4081] [M]: 0x8002A824 (0x00C0006F) jal zero, 12


mem[X,0x8002A830] -> 0x6063
mem[X,0x8002A832] -> 0x08B5
[4082] [M]: 0x8002A830 (0x08B56063) bltu a0, a1, 128


mem[X,0x8002A834] -> 0x0213
mem[X,0x8002A836] -> 0x0022
[4083] [M]: 0x8002A834 (0x00220213) addi tp, tp, 2
x4 <- 0x00000002


mem[X,0x8002A838] -> 0x006F
mem[X,0x8002A83A] -> 0x0800
[4084] [M]: 0x8002A838 (0x0800006F) jal zero, 128


mem[X,0x8002A8B8] -> 0xAA23
mem[X,0x8002A8BA] -> 0x6640
[4085] [M]: 0x8002A8B8 (0x6640AA23) sw tp, 1652(ra)
mem[0x8004B8E8] <- 0x00000002


mem[X,0x8002A8BC] -> 0x3537
mem[X,0x8002A8BE] -> 0x3333
[4086] [M]: 0x8002A8BC (0x33333537) lui a0, 209715
x10 <- 0x33333000


mem[X,0x8002A8C0] -> 0x0513
mem[X,0x8002A8C2] -> 0x3325
[4087] [M]: 0x8002A8C0 (0x33250513) addi a0, a0, 818
x10 <- 0x33333332


mem[X,0x8002A8C4] -> 0x35B7
mem[X,0x8002A8C6] -> 0x3333
[4088] [M]: 0x8002A8C4 (0x333335B7) lui a1, 209715
x11 <- 0x33333000


mem[X,0x8002A8C8] -> 0x8593
mem[X,0x8002A8CA] -> 0x3325
[4089] [M]: 0x8002A8C8 (0x33258593) addi a1, a1, 818
x11 <- 0x33333332


mem[X,0x8002A8CC] -> 0x0213
mem[X,0x8002A8CE] -> 0x0000
[4090] [M]: 0x8002A8CC (0x00000213) addi tp, zero, 0
x4 <- 0x00000000


mem[X,0x8002A8D0] -> 0x006F
mem[X,0x8002A8D2] -> 0x00C0
[4091] [M]: 0x8002A8D0 (0x00C0006F) jal zero, 12


mem[X,0x8002A8DC] -> 0x6663
mem[X,0x8002A8DE] -> 0x00B5
[4092] [M]: 0x8002A8DC (0x00B56663) bltu a0, a1, 12


mem[X,0x8002A8E0] -> 0x0213
mem[X,0x8002A8E2] -> 0x0022
[4093] [M]: 0x8002A8E0 (0x00220213) addi tp, tp, 2
x4 <- 0x00000002


mem[X,0x8002A8E4] -> 0x006F
mem[X,0x8002A8E6] -> 0x00C0
[4094] [M]: 0x8002A8E4 (0x00C0006F) jal zero, 12


mem[X,0x8002A8F0] -> 0xAC23
mem[X,0x8002A8F2] -> 0x6640
[4095] [M]: 0x8002A8F0 (0x6640AC23) sw tp, 1656(ra)
mem[0x8004B8EC] <- 0x00000002


mem[X,0x8002A8F4] -> 0x3537
mem[X,0x8002A8F6] -> 0x3333
[4096] [M]: 0x8002A8F4 (0x33333537) lui a0, 209715
x10 <- 0x33333000


mem[X,0x8002A8F8] -> 0x0513
mem[X,0x8002A8FA] -> 0x3325
[4097] [M]: 0x8002A8F8 (0x33250513) addi a0, a0, 818
x10 <- 0x33333332


mem[X,0x8002A8FC] -> 0x65B7
mem[X,0x8002A8FE] -> 0x6666
[4098] [M]: 0x8002A8FC (0x666665B7) lui a1, 419430
x11 <- 0x66666000


mem[X,0x8002A900] -> 0x8593
mem[X,0x8002A902] -> 0x6655
[4099] [M]: 0x8002A900 (0x66558593) addi a1, a1, 1637
x11 <- 0x66666665


clint::tick mtime <- 0x0000000000000029
 clint timer pending at mtime 0x0000000000000029
htif::tick 0x0000000000000000
mem[X,0x8002A904] -> 0x0213
mem[X,0x8002A906] -> 0x0000
[4100] [M]: 0x8002A904 (0x00000213) addi tp, zero, 0
x4 <- 0x00000000


mem[X,0x8002A908] -> 0x006F
mem[X,0x8002A90A] -> 0x0180
[4101] [M]: 0x8002A908 (0x0180006F) jal zero, 24


mem[X,0x8002A920] -> 0x66E3
mem[X,0x8002A922] -> 0xFEB5
[4102] [M]: 0x8002A920 (0xFEB566E3) bltu a0, a1, 8172


mem[X,0x8002A90C] -> 0x0213
mem[X,0x8002A90E] -> 0x0012
[4103] [M]: 0x8002A90C (0x00120213) addi tp, tp, 1
x4 <- 0x00000001


mem[X,0x8002A910] -> 0x006F
mem[X,0x8002A912] -> 0x0240
[4104] [M]: 0x8002A910 (0x0240006F) jal zero, 36


mem[X,0x8002A934] -> 0xAE23
mem[X,0x8002A936] -> 0x6640
[4105] [M]: 0x8002A934 (0x6640AE23) sw tp, 1660(ra)
mem[0x8004B8F0] <- 0x00000001


mem[X,0x8002A938] -> 0x3537
mem[X,0x8002A93A] -> 0x3333
[4106] [M]: 0x8002A938 (0x33333537) lui a0, 209715
x10 <- 0x33333000


mem[X,0x8002A93C] -> 0x0513
mem[X,0x8002A93E] -> 0x3325
[4107] [M]: 0x8002A93C (0x33250513) addi a0, a0, 818
x10 <- 0x33333332


mem[X,0x8002A940] -> 0xB5B7
mem[X,0x8002A942] -> 0x0000
[4108] [M]: 0x8002A940 (0x0000B5B7) lui a1, 11
x11 <- 0x0000B000


mem[X,0x8002A944] -> 0x8593
mem[X,0x8002A946] -> 0x5035
[4109] [M]: 0x8002A944 (0x50358593) addi a1, a1, 1283
x11 <- 0x0000B503


mem[X,0x8002A948] -> 0x0213
mem[X,0x8002A94A] -> 0x0000
[4110] [M]: 0x8002A948 (0x00000213) addi tp, zero, 0
x4 <- 0x00000000


mem[X,0x8002A94C] -> 0x006F
mem[X,0x8002A94E] -> 0x00C0
[4111] [M]: 0x8002A94C (0x00C0006F) jal zero, 12


mem[X,0x8002A958] -> 0x6663
mem[X,0x8002A95A] -> 0x00B5
[4112] [M]: 0x8002A958 (0x00B56663) bltu a0, a1, 12


mem[X,0x8002A95C] -> 0x0213
mem[X,0x8002A95E] -> 0x0022
[4113] [M]: 0x8002A95C (0x00220213) addi tp, tp, 2
x4 <- 0x00000002


mem[X,0x8002A960] -> 0x006F
mem[X,0x8002A962] -> 0x00C0
[4114] [M]: 0x8002A960 (0x00C0006F) jal zero, 12


mem[X,0x8002A96C] -> 0xA023
mem[X,0x8002A96E] -> 0x6840
[4115] [M]: 0x8002A96C (0x6840A023) sw tp, 1664(ra)
mem[0x8004B8F4] <- 0x00000002


mem[X,0x8002A970] -> 0x3537
mem[X,0x8002A972] -> 0x3333
[4116] [M]: 0x8002A970 (0x33333537) lui a0, 209715
x10 <- 0x33333000


mem[X,0x8002A974] -> 0x0513
mem[X,0x8002A976] -> 0x3325
[4117] [M]: 0x8002A974 (0x33250513) addi a0, a0, 818
x10 <- 0x33333332


mem[X,0x8002A978] -> 0x05B7
mem[X,0x8002A97A] -> 0x0001
[4118] [M]: 0x8002A978 (0x000105B7) lui a1, 16
x11 <- 0x00010000


mem[X,0x8002A97C] -> 0x8593
mem[X,0x8002A97E] -> 0xFFE5
[4119] [M]: 0x8002A97C (0xFFE58593) addi a1, a1, 4094
x11 <- 0x0000FFFE


mem[X,0x8002A980] -> 0x0213
mem[X,0x8002A982] -> 0x0000
[4120] [M]: 0x8002A980 (0x00000213) addi tp, zero, 0
x4 <- 0x00000000


mem[X,0x8002A984] -> 0x006F
mem[X,0x8002A986] -> 0x00C0
[4121] [M]: 0x8002A984 (0x00C0006F) jal zero, 12


mem[X,0x8002A990] -> 0x6CE3
mem[X,0x8002A992] -> 0xFEB5
[4122] [M]: 0x8002A990 (0xFEB56CE3) bltu a0, a1, 8184


mem[X,0x8002A994] -> 0x0213
mem[X,0x8002A996] -> 0x0022
[4123] [M]: 0x8002A994 (0x00220213) addi tp, tp, 2
x4 <- 0x00000002


mem[X,0x8002A998] -> 0x006F
mem[X,0x8002A99A] -> 0x00C0
[4124] [M]: 0x8002A998 (0x00C0006F) jal zero, 12


mem[X,0x8002A9A4] -> 0xA223
mem[X,0x8002A9A6] -> 0x6840
[4125] [M]: 0x8002A9A4 (0x6840A223) sw tp, 1668(ra)
mem[0x8004B8F8] <- 0x00000002


mem[X,0x8002A9A8] -> 0x3537
mem[X,0x8002A9AA] -> 0x3333
[4126] [M]: 0x8002A9A8 (0x33333537) lui a0, 209715
x10 <- 0x33333000


mem[X,0x8002A9AC] -> 0x0513
mem[X,0x8002A9AE] -> 0x3325
[4127] [M]: 0x8002A9AC (0x33250513) addi a0, a0, 818
x10 <- 0x33333332


mem[X,0x8002A9B0] -> 0x55B7
mem[X,0x8002A9B2] -> 0x5555
[4128] [M]: 0x8002A9B0 (0x555555B7) lui a1, 349525
x11 <- 0x55555000


mem[X,0x8002A9B4] -> 0x8593
mem[X,0x8002A9B6] -> 0x5565
[4129] [M]: 0x8002A9B4 (0x55658593) addi a1, a1, 1366
x11 <- 0x55555556


mem[X,0x8002A9B8] -> 0x0213
mem[X,0x8002A9BA] -> 0x0000
[4130] [M]: 0x8002A9B8 (0x00000213) addi tp, zero, 0
x4 <- 0x00000000


mem[X,0x8002A9BC] -> 0x006F
mem[X,0x8002A9BE] -> 0x00C0
[4131] [M]: 0x8002A9BC (0x00C0006F) jal zero, 12


mem[X,0x8002A9C8] -> 0x6CE3
mem[X,0x8002A9CA] -> 0xFEB5
[4132] [M]: 0x8002A9C8 (0xFEB56CE3) bltu a0, a1, 8184


mem[X,0x8002A9C0] -> 0x0213
mem[X,0x8002A9C2] -> 0x0012
[4133] [M]: 0x8002A9C0 (0x00120213) addi tp, tp, 1
x4 <- 0x00000001


mem[X,0x8002A9C4] -> 0x006F
mem[X,0x8002A9C6] -> 0x0180
[4134] [M]: 0x8002A9C4 (0x0180006F) jal zero, 24


mem[X,0x8002A9DC] -> 0xA423
mem[X,0x8002A9DE] -> 0x6840
[4135] [M]: 0x8002A9DC (0x6840A423) sw tp, 1672(ra)
mem[0x8004B8FC] <- 0x00000001


mem[X,0x8002A9E0] -> 0x3537
mem[X,0x8002A9E2] -> 0x3333
[4136] [M]: 0x8002A9E0 (0x33333537) lui a0, 209715
x10 <- 0x33333000


mem[X,0x8002A9E4] -> 0x0513
mem[X,0x8002A9E6] -> 0x3325
[4137] [M]: 0x8002A9E4 (0x33250513) addi a0, a0, 818
x10 <- 0x33333332


mem[X,0x8002A9E8] -> 0xB5B7
mem[X,0x8002A9EA] -> 0xAAAA
[4138] [M]: 0x8002A9E8 (0xAAAAB5B7) lui a1, 699051
x11 <- 0xAAAAB000


mem[X,0x8002A9EC] -> 0x8593
mem[X,0x8002A9EE] -> 0xAAB5
[4139] [M]: 0x8002A9EC (0xAAB58593) addi a1, a1, 2731
x11 <- 0xAAAAAAAB


mem[X,0x8002A9F0] -> 0x0213
mem[X,0x8002A9F2] -> 0x0000
[4140] [M]: 0x8002A9F0 (0x00000213) addi tp, zero, 0
x4 <- 0x00000000


mem[X,0x8002A9F4] -> 0x006F
mem[X,0x8002A9F6] -> 0x00C0
[4141] [M]: 0x8002A9F4 (0x00C0006F) jal zero, 12


mem[X,0x8002AA00] -> 0x6063
mem[X,0x8002AA02] -> 0x04B5
[4142] [M]: 0x8002AA00 (0x04B56063) bltu a0, a1, 64


mem[X,0x8002AA40] -> 0x0213
mem[X,0x8002AA42] -> 0x0032
[4143] [M]: 0x8002AA40 (0x00320213) addi tp, tp, 3
x4 <- 0x00000003


mem[X,0x8002AA44] -> 0x006F
mem[X,0x8002AA46] -> 0x0040
[4144] [M]: 0x8002AA44 (0x0040006F) jal zero, 4


mem[X,0x8002AA48] -> 0xA623
mem[X,0x8002AA4A] -> 0x6840
[4145] [M]: 0x8002AA48 (0x6840A623) sw tp, 1676(ra)
mem[0x8004B900] <- 0x00000003


mem[X,0x8002AA4C] -> 0x3537
mem[X,0x8002AA4E] -> 0x3333
[4146] [M]: 0x8002AA4C (0x33333537) lui a0, 209715
x10 <- 0x33333000


mem[X,0x8002AA50] -> 0x0513
mem[X,0x8002AA52] -> 0x3325
[4147] [M]: 0x8002AA50 (0x33250513) addi a0, a0, 818
x10 <- 0x33333332


mem[X,0x8002AA54] -> 0x0593
mem[X,0x8002AA56] -> 0x0060
[4148] [M]: 0x8002AA54 (0x00600593) addi a1, zero, 6
x11 <- 0x00000006


mem[X,0x8002AA58] -> 0x0213
mem[X,0x8002AA5A] -> 0x0000
[4149] [M]: 0x8002AA58 (0x00000213) addi tp, zero, 0
x4 <- 0x00000000


mem[X,0x8002AA5C] -> 0x006F
mem[X,0x8002AA5E] -> 0x00C0
[4150] [M]: 0x8002AA5C (0x00C0006F) jal zero, 12


mem[X,0x8002AA68] -> 0x6063
mem[X,0x8002AA6A] -> 0x08B5
[4151] [M]: 0x8002AA68 (0x08B56063) bltu a0, a1, 128


mem[X,0x8002AA6C] -> 0x0213
mem[X,0x8002AA6E] -> 0x0022
[4152] [M]: 0x8002AA6C (0x00220213) addi tp, tp, 2
x4 <- 0x00000002


mem[X,0x8002AA70] -> 0x006F
mem[X,0x8002AA72] -> 0x0800
[4153] [M]: 0x8002AA70 (0x0800006F) jal zero, 128


mem[X,0x8002AAF0] -> 0xA823
mem[X,0x8002AAF2] -> 0x6840
[4154] [M]: 0x8002AAF0 (0x6840A823) sw tp, 1680(ra)
mem[0x8004B904] <- 0x00000002


mem[X,0x8002AAF4] -> 0x3537
mem[X,0x8002AAF6] -> 0x3333
[4155] [M]: 0x8002AAF4 (0x33333537) lui a0, 209715
x10 <- 0x33333000


mem[X,0x8002AAF8] -> 0x0513
mem[X,0x8002AAFA] -> 0x3325
[4156] [M]: 0x8002AAF8 (0x33250513) addi a0, a0, 818
x10 <- 0x33333332


mem[X,0x8002AAFC] -> 0x35B7
mem[X,0x8002AAFE] -> 0x3333
[4157] [M]: 0x8002AAFC (0x333335B7) lui a1, 209715
x11 <- 0x33333000


mem[X,0x8002AB00] -> 0x8593
mem[X,0x8002AB02] -> 0x3345
[4158] [M]: 0x8002AB00 (0x33458593) addi a1, a1, 820
x11 <- 0x33333334


mem[X,0x8002AB04] -> 0x0213
mem[X,0x8002AB06] -> 0x0000
[4159] [M]: 0x8002AB04 (0x00000213) addi tp, zero, 0
x4 <- 0x00000000


mem[X,0x8002AB08] -> 0x006F
mem[X,0x8002AB0A] -> 0x0100
[4160] [M]: 0x8002AB08 (0x0100006F) jal zero, 16


mem[X,0x8002AB18] -> 0x6AE3
mem[X,0x8002AB1A] -> 0xFEB5
[4161] [M]: 0x8002AB18 (0xFEB56AE3) bltu a0, a1, 8180


mem[X,0x8002AB0C] -> 0x0213
mem[X,0x8002AB0E] -> 0x0012
[4162] [M]: 0x8002AB0C (0x00120213) addi tp, tp, 1
x4 <- 0x00000001


mem[X,0x8002AB10] -> 0x006F
mem[X,0x8002AB12] -> 0x01C0
[4163] [M]: 0x8002AB10 (0x01C0006F) jal zero, 28


mem[X,0x8002AB2C] -> 0xAA23
mem[X,0x8002AB2E] -> 0x6840
[4164] [M]: 0x8002AB2C (0x6840AA23) sw tp, 1684(ra)
mem[0x8004B908] <- 0x00000001


mem[X,0x8002AB30] -> 0x3537
mem[X,0x8002AB32] -> 0x3333
[4165] [M]: 0x8002AB30 (0x33333537) lui a0, 209715
x10 <- 0x33333000


mem[X,0x8002AB34] -> 0x0513
mem[X,0x8002AB36] -> 0x3325
[4166] [M]: 0x8002AB34 (0x33250513) addi a0, a0, 818
x10 <- 0x33333332


mem[X,0x8002AB38] -> 0x65B7
mem[X,0x8002AB3A] -> 0x6666
[4167] [M]: 0x8002AB38 (0x666665B7) lui a1, 419430
x11 <- 0x66666000


mem[X,0x8002AB3C] -> 0x8593
mem[X,0x8002AB3E] -> 0x6675
[4168] [M]: 0x8002AB3C (0x66758593) addi a1, a1, 1639
x11 <- 0x66666667


mem[X,0x8002AB40] -> 0x0213
mem[X,0x8002AB42] -> 0x0000
[4169] [M]: 0x8002AB40 (0x00000213) addi tp, zero, 0
x4 <- 0x00000000


mem[X,0x8002AB44] -> 0x006F
mem[X,0x8002AB46] -> 0x0140
[4170] [M]: 0x8002AB44 (0x0140006F) jal zero, 20


mem[X,0x8002AB58] -> 0x68E3
mem[X,0x8002AB5A] -> 0xFEB5
[4171] [M]: 0x8002AB58 (0xFEB568E3) bltu a0, a1, 8176


mem[X,0x8002AB48] -> 0x0213
mem[X,0x8002AB4A] -> 0x0012
[4172] [M]: 0x8002AB48 (0x00120213) addi tp, tp, 1
x4 <- 0x00000001


mem[X,0x8002AB4C] -> 0x006F
mem[X,0x8002AB4E] -> 0x0200
[4173] [M]: 0x8002AB4C (0x0200006F) jal zero, 32


mem[X,0x8002AB6C] -> 0xAC23
mem[X,0x8002AB6E] -> 0x6840
[4174] [M]: 0x8002AB6C (0x6840AC23) sw tp, 1688(ra)
mem[0x8004B90C] <- 0x00000001


mem[X,0x8002AB70] -> 0x3537
mem[X,0x8002AB72] -> 0x3333
[4175] [M]: 0x8002AB70 (0x33333537) lui a0, 209715
x10 <- 0x33333000


mem[X,0x8002AB74] -> 0x0513
mem[X,0x8002AB76] -> 0x3325
[4176] [M]: 0x8002AB74 (0x33250513) addi a0, a0, 818
x10 <- 0x33333332


mem[X,0x8002AB78] -> 0xB5B7
mem[X,0x8002AB7A] -> 0x0000
[4177] [M]: 0x8002AB78 (0x0000B5B7) lui a1, 11
x11 <- 0x0000B000


mem[X,0x8002AB7C] -> 0x8593
mem[X,0x8002AB7E] -> 0x5055
[4178] [M]: 0x8002AB7C (0x50558593) addi a1, a1, 1285
x11 <- 0x0000B505


mem[X,0x8002AB80] -> 0x0213
mem[X,0x8002AB82] -> 0x0000
[4179] [M]: 0x8002AB80 (0x00000213) addi tp, zero, 0
x4 <- 0x00000000


mem[X,0x8002AB84] -> 0x006F
mem[X,0x8002AB86] -> 0x00C0
[4180] [M]: 0x8002AB84 (0x00C0006F) jal zero, 12


mem[X,0x8002AB90] -> 0x6663
mem[X,0x8002AB92] -> 0x00B5
[4181] [M]: 0x8002AB90 (0x00B56663) bltu a0, a1, 12


mem[X,0x8002AB94] -> 0x0213
mem[X,0x8002AB96] -> 0x0022
[4182] [M]: 0x8002AB94 (0x00220213) addi tp, tp, 2
x4 <- 0x00000002


mem[X,0x8002AB98] -> 0x006F
mem[X,0x8002AB9A] -> 0x00C0
[4183] [M]: 0x8002AB98 (0x00C0006F) jal zero, 12


mem[X,0x8002ABA4] -> 0xAE23
mem[X,0x8002ABA6] -> 0x6840
[4184] [M]: 0x8002ABA4 (0x6840AE23) sw tp, 1692(ra)
mem[0x8004B910] <- 0x00000002


mem[X,0x8002ABA8] -> 0x3537
mem[X,0x8002ABAA] -> 0x3333
[4185] [M]: 0x8002ABA8 (0x33333537) lui a0, 209715
x10 <- 0x33333000


mem[X,0x8002ABAC] -> 0x0513
mem[X,0x8002ABAE] -> 0x3325
[4186] [M]: 0x8002ABAC (0x33250513) addi a0, a0, 818
x10 <- 0x33333332


mem[X,0x8002ABB0] -> 0x0593
mem[X,0x8002ABB2] -> 0x0010
[4187] [M]: 0x8002ABB0 (0x00100593) addi a1, zero, 1
x11 <- 0x00000001


mem[X,0x8002ABB4] -> 0x0213
mem[X,0x8002ABB6] -> 0x0000
[4188] [M]: 0x8002ABB4 (0x00000213) addi tp, zero, 0
x4 <- 0x00000000


mem[X,0x8002ABB8] -> 0x006F
mem[X,0x8002ABBA] -> 0x00C0
[4189] [M]: 0x8002ABB8 (0x00C0006F) jal zero, 12


mem[X,0x8002ABC4] -> 0x6063
mem[X,0x8002ABC6] -> 0x08B5
[4190] [M]: 0x8002ABC4 (0x08B56063) bltu a0, a1, 128


mem[X,0x8002ABC8] -> 0x0213
mem[X,0x8002ABCA] -> 0x0022
[4191] [M]: 0x8002ABC8 (0x00220213) addi tp, tp, 2
x4 <- 0x00000002


mem[X,0x8002ABCC] -> 0x006F
mem[X,0x8002ABCE] -> 0x0800
[4192] [M]: 0x8002ABCC (0x0800006F) jal zero, 128


mem[X,0x8002AC4C] -> 0xA023
mem[X,0x8002AC4E] -> 0x6A40
[4193] [M]: 0x8002AC4C (0x6A40A023) sw tp, 1696(ra)
mem[0x8004B914] <- 0x00000002


mem[X,0x8002AC50] -> 0x3537
mem[X,0x8002AC52] -> 0x3333
[4194] [M]: 0x8002AC50 (0x33333537) lui a0, 209715
x10 <- 0x33333000


mem[X,0x8002AC54] -> 0x0513
mem[X,0x8002AC56] -> 0x3325
[4195] [M]: 0x8002AC54 (0x33250513) addi a0, a0, 818
x10 <- 0x33333332


mem[X,0x8002AC58] -> 0x05B7
mem[X,0x8002AC5A] -> 0x0001
[4196] [M]: 0x8002AC58 (0x000105B7) lui a1, 16
x11 <- 0x00010000


mem[X,0x8002AC5C] -> 0x0213
mem[X,0x8002AC5E] -> 0x0000
[4197] [M]: 0x8002AC5C (0x00000213) addi tp, zero, 0
x4 <- 0x00000000


mem[X,0x8002AC60] -> 0x006F
mem[X,0x8002AC62] -> 0x00C0
[4198] [M]: 0x8002AC60 (0x00C0006F) jal zero, 12


mem[X,0x8002AC6C] -> 0x6063
mem[X,0x8002AC6E] -> 0x10B5
[4199] [M]: 0x8002AC6C (0x10B56063) bltu a0, a1, 256


clint::tick mtime <- 0x000000000000002A
 clint timer pending at mtime 0x000000000000002A
htif::tick 0x0000000000000000
mem[X,0x8002AC70] -> 0x0213
mem[X,0x8002AC72] -> 0x0022
[4200] [M]: 0x8002AC70 (0x00220213) addi tp, tp, 2
x4 <- 0x00000002


mem[X,0x8002AC74] -> 0x006F
mem[X,0x8002AC76] -> 0x1000
[4201] [M]: 0x8002AC74 (0x1000006F) jal zero, 256


mem[X,0x8002AD74] -> 0xA223
mem[X,0x8002AD76] -> 0x6A40
[4202] [M]: 0x8002AD74 (0x6A40A223) sw tp, 1700(ra)
mem[0x8004B918] <- 0x00000002


mem[X,0x8002AD78] -> 0x6537
mem[X,0x8002AD7A] -> 0x6666
[4203] [M]: 0x8002AD78 (0x66666537) lui a0, 419430
x10 <- 0x66666000


mem[X,0x8002AD7C] -> 0x0513
mem[X,0x8002AD7E] -> 0x6655
[4204] [M]: 0x8002AD7C (0x66550513) addi a0, a0, 1637
x10 <- 0x66666665


mem[X,0x8002AD80] -> 0x0593
mem[X,0x8002AD82] -> 0x0030
[4205] [M]: 0x8002AD80 (0x00300593) addi a1, zero, 3
x11 <- 0x00000003


mem[X,0x8002AD84] -> 0x0213
mem[X,0x8002AD86] -> 0x0000
[4206] [M]: 0x8002AD84 (0x00000213) addi tp, zero, 0
x4 <- 0x00000000


mem[X,0x8002AD88] -> 0x006F
mem[X,0x8002AD8A] -> 0x0180
[4207] [M]: 0x8002AD88 (0x0180006F) jal zero, 24


mem[X,0x8002ADA0] -> 0x66E3
mem[X,0x8002ADA2] -> 0xFEB5
[4208] [M]: 0x8002ADA0 (0xFEB566E3) bltu a0, a1, 8172


mem[X,0x8002ADA4] -> 0x0213
mem[X,0x8002ADA6] -> 0x0022
[4209] [M]: 0x8002ADA4 (0x00220213) addi tp, tp, 2
x4 <- 0x00000002


mem[X,0x8002ADA8] -> 0x006F
mem[X,0x8002ADAA] -> 0x00C0
[4210] [M]: 0x8002ADA8 (0x00C0006F) jal zero, 12


mem[X,0x8002ADB4] -> 0xA423
mem[X,0x8002ADB6] -> 0x6A40
[4211] [M]: 0x8002ADB4 (0x6A40A423) sw tp, 1704(ra)
mem[0x8004B91C] <- 0x00000002


mem[X,0x8002ADB8] -> 0x6537
mem[X,0x8002ADBA] -> 0x6666
[4212] [M]: 0x8002ADB8 (0x66666537) lui a0, 419430
x10 <- 0x66666000


mem[X,0x8002ADBC] -> 0x0513
mem[X,0x8002ADBE] -> 0x6655
[4213] [M]: 0x8002ADBC (0x66550513) addi a0, a0, 1637
x10 <- 0x66666665


mem[X,0x8002ADC0] -> 0x55B7
mem[X,0x8002ADC2] -> 0x5555
[4214] [M]: 0x8002ADC0 (0x555555B7) lui a1, 349525
x11 <- 0x55555000


mem[X,0x8002ADC4] -> 0x8593
mem[X,0x8002ADC6] -> 0x5555
[4215] [M]: 0x8002ADC4 (0x55558593) addi a1, a1, 1365
x11 <- 0x55555555


mem[X,0x8002ADC8] -> 0x0213
mem[X,0x8002ADCA] -> 0x0000
[4216] [M]: 0x8002ADC8 (0x00000213) addi tp, zero, 0
x4 <- 0x00000000


mem[X,0x8002ADCC] -> 0x006F
mem[X,0x8002ADCE] -> 0x00C0
[4217] [M]: 0x8002ADCC (0x00C0006F) jal zero, 12


mem[X,0x8002ADD8] -> 0x6863
mem[X,0x8002ADDA] -> 0x00B5
[4218] [M]: 0x8002ADD8 (0x00B56863) bltu a0, a1, 16


mem[X,0x8002ADDC] -> 0x0213
mem[X,0x8002ADDE] -> 0x0022
[4219] [M]: 0x8002ADDC (0x00220213) addi tp, tp, 2
x4 <- 0x00000002


mem[X,0x8002ADE0] -> 0x006F
mem[X,0x8002ADE2] -> 0x0100
[4220] [M]: 0x8002ADE0 (0x0100006F) jal zero, 16


mem[X,0x8002ADF0] -> 0xA623
mem[X,0x8002ADF2] -> 0x6A40
[4221] [M]: 0x8002ADF0 (0x6A40A623) sw tp, 1708(ra)
mem[0x8004B920] <- 0x00000002


mem[X,0x8002ADF4] -> 0x6537
mem[X,0x8002ADF6] -> 0x6666
[4222] [M]: 0x8002ADF4 (0x66666537) lui a0, 419430
x10 <- 0x66666000


mem[X,0x8002ADF8] -> 0x0513
mem[X,0x8002ADFA] -> 0x6655
[4223] [M]: 0x8002ADF8 (0x66550513) addi a0, a0, 1637
x10 <- 0x66666665


mem[X,0x8002ADFC] -> 0xB5B7
mem[X,0x8002ADFE] -> 0xAAAA
[4224] [M]: 0x8002ADFC (0xAAAAB5B7) lui a1, 699051
x11 <- 0xAAAAB000


mem[X,0x8002AE00] -> 0x8593
mem[X,0x8002AE02] -> 0xAAA5
[4225] [M]: 0x8002AE00 (0xAAA58593) addi a1, a1, 2730
x11 <- 0xAAAAAAAA


mem[X,0x8002AE04] -> 0x0213
mem[X,0x8002AE06] -> 0x0000
[4226] [M]: 0x8002AE04 (0x00000213) addi tp, zero, 0
x4 <- 0x00000000


mem[X,0x8002AE08] -> 0x006F
mem[X,0x8002AE0A] -> 0x00C0
[4227] [M]: 0x8002AE08 (0x00C0006F) jal zero, 12


mem[X,0x8002AE14] -> 0x6063
mem[X,0x8002AE16] -> 0x02B5
[4228] [M]: 0x8002AE14 (0x02B56063) bltu a0, a1, 32


mem[X,0x8002AE34] -> 0x0213
mem[X,0x8002AE36] -> 0x0032
[4229] [M]: 0x8002AE34 (0x00320213) addi tp, tp, 3
x4 <- 0x00000003


mem[X,0x8002AE38] -> 0x006F
mem[X,0x8002AE3A] -> 0x0040
[4230] [M]: 0x8002AE38 (0x0040006F) jal zero, 4


mem[X,0x8002AE3C] -> 0xA823
mem[X,0x8002AE3E] -> 0x6A40
[4231] [M]: 0x8002AE3C (0x6A40A823) sw tp, 1712(ra)
mem[0x8004B924] <- 0x00000003


mem[X,0x8002AE40] -> 0x6537
mem[X,0x8002AE42] -> 0x6666
[4232] [M]: 0x8002AE40 (0x66666537) lui a0, 419430
x10 <- 0x66666000


mem[X,0x8002AE44] -> 0x0513
mem[X,0x8002AE46] -> 0x6655
[4233] [M]: 0x8002AE44 (0x66550513) addi a0, a0, 1637
x10 <- 0x66666665


mem[X,0x8002AE48] -> 0x0593
mem[X,0x8002AE4A] -> 0x0050
[4234] [M]: 0x8002AE48 (0x00500593) addi a1, zero, 5
x11 <- 0x00000005


mem[X,0x8002AE4C] -> 0x0213
mem[X,0x8002AE4E] -> 0x0000
[4235] [M]: 0x8002AE4C (0x00000213) addi tp, zero, 0
x4 <- 0x00000000


mem[X,0x8002AE50] -> 0x006F
mem[X,0x8002AE52] -> 0x00C0
[4236] [M]: 0x8002AE50 (0x00C0006F) jal zero, 12


mem[X,0x8002AE5C] -> 0x6063
mem[X,0x8002AE5E] -> 0x40B5
[4237] [M]: 0x8002AE5C (0x40B56063) bltu a0, a1, 1024


mem[X,0x8002AE60] -> 0x0213
mem[X,0x8002AE62] -> 0x0022
[4238] [M]: 0x8002AE60 (0x00220213) addi tp, tp, 2
x4 <- 0x00000002


mem[X,0x8002AE64] -> 0x006F
mem[X,0x8002AE66] -> 0x4000
[4239] [M]: 0x8002AE64 (0x4000006F) jal zero, 1024


mem[X,0x8002B264] -> 0xAA23
mem[X,0x8002B266] -> 0x6A40
[4240] [M]: 0x8002B264 (0x6A40AA23) sw tp, 1716(ra)
mem[0x8004B928] <- 0x00000002


mem[X,0x8002B268] -> 0x6537
mem[X,0x8002B26A] -> 0x6666
[4241] [M]: 0x8002B268 (0x66666537) lui a0, 419430
x10 <- 0x66666000


mem[X,0x8002B26C] -> 0x0513
mem[X,0x8002B26E] -> 0x6655
[4242] [M]: 0x8002B26C (0x66550513) addi a0, a0, 1637
x10 <- 0x66666665


mem[X,0x8002B270] -> 0x35B7
mem[X,0x8002B272] -> 0x3333
[4243] [M]: 0x8002B270 (0x333335B7) lui a1, 209715
x11 <- 0x33333000


mem[X,0x8002B274] -> 0x8593
mem[X,0x8002B276] -> 0x3335
[4244] [M]: 0x8002B274 (0x33358593) addi a1, a1, 819
x11 <- 0x33333333


mem[X,0x8002B278] -> 0x0213
mem[X,0x8002B27A] -> 0x0000
[4245] [M]: 0x8002B278 (0x00000213) addi tp, zero, 0
x4 <- 0x00000000


mem[X,0x8002B27C] -> 0x006F
mem[X,0x8002B27E] -> 0x0100
[4246] [M]: 0x8002B27C (0x0100006F) jal zero, 16


mem[X,0x8002B28C] -> 0x6AE3
mem[X,0x8002B28E] -> 0xFEB5
[4247] [M]: 0x8002B28C (0xFEB56AE3) bltu a0, a1, 8180


mem[X,0x8002B290] -> 0x0213
mem[X,0x8002B292] -> 0x0022
[4248] [M]: 0x8002B290 (0x00220213) addi tp, tp, 2
x4 <- 0x00000002


mem[X,0x8002B294] -> 0x006F
mem[X,0x8002B296] -> 0x00C0
[4249] [M]: 0x8002B294 (0x00C0006F) jal zero, 12


mem[X,0x8002B2A0] -> 0xAC23
mem[X,0x8002B2A2] -> 0x6A40
[4250] [M]: 0x8002B2A0 (0x6A40AC23) sw tp, 1720(ra)
mem[0x8004B92C] <- 0x00000002


mem[X,0x8002B2A4] -> 0x6537
mem[X,0x8002B2A6] -> 0x6666
[4251] [M]: 0x8002B2A4 (0x66666537) lui a0, 419430
x10 <- 0x66666000


mem[X,0x8002B2A8] -> 0x0513
mem[X,0x8002B2AA] -> 0x6655
[4252] [M]: 0x8002B2A8 (0x66550513) addi a0, a0, 1637
x10 <- 0x66666665


mem[X,0x8002B2AC] -> 0x65B7
mem[X,0x8002B2AE] -> 0x6666
[4253] [M]: 0x8002B2AC (0x666665B7) lui a1, 419430
x11 <- 0x66666000


mem[X,0x8002B2B0] -> 0x8593
mem[X,0x8002B2B2] -> 0x6665
[4254] [M]: 0x8002B2B0 (0x66658593) addi a1, a1, 1638
x11 <- 0x66666666


mem[X,0x8002B2B4] -> 0x0213
mem[X,0x8002B2B6] -> 0x0000
[4255] [M]: 0x8002B2B4 (0x00000213) addi tp, zero, 0
x4 <- 0x00000000


mem[X,0x8002B2B8] -> 0x006F
mem[X,0x8002B2BA] -> 0x2B10
[4256] [M]: 0x8002B2B8 (0x2B10006F) jal zero, 2736


mem[X,0x8002BD68] -> 0x6A63
mem[X,0x8002BD6A] -> 0xD4B5
[4257] [M]: 0x8002BD68 (0xD4B56A63) bltu a0, a1, 5460


mem[X,0x8002B2BC] -> 0x0213
mem[X,0x8002B2BE] -> 0x0012
[4258] [M]: 0x8002B2BC (0x00120213) addi tp, tp, 1
x4 <- 0x00000001


mem[X,0x8002B2C0] -> 0x006F
mem[X,0x8002B2C2] -> 0x2BD0
[4259] [M]: 0x8002B2C0 (0x2BD0006F) jal zero, 2748


mem[X,0x8002BD7C] -> 0xAE23
mem[X,0x8002BD7E] -> 0x6A40
[4260] [M]: 0x8002BD7C (0x6A40AE23) sw tp, 1724(ra)
mem[0x8004B930] <- 0x00000001


mem[X,0x8002BD80] -> 0x6537
mem[X,0x8002BD82] -> 0x6666
[4261] [M]: 0x8002BD80 (0x66666537) lui a0, 419430
x10 <- 0x66666000


mem[X,0x8002BD84] -> 0x0513
mem[X,0x8002BD86] -> 0x6655
[4262] [M]: 0x8002BD84 (0x66550513) addi a0, a0, 1637
x10 <- 0x66666665


mem[X,0x8002BD88] -> 0xB5B7
mem[X,0x8002BD8A] -> 0x0000
[4263] [M]: 0x8002BD88 (0x0000B5B7) lui a1, 11
x11 <- 0x0000B000


mem[X,0x8002BD8C] -> 0x8593
mem[X,0x8002BD8E] -> 0x5045
[4264] [M]: 0x8002BD8C (0x50458593) addi a1, a1, 1284
x11 <- 0x0000B504


mem[X,0x8002BD90] -> 0x0213
mem[X,0x8002BD92] -> 0x0000
[4265] [M]: 0x8002BD90 (0x00000213) addi tp, zero, 0
x4 <- 0x00000000


mem[X,0x8002BD94] -> 0x006F
mem[X,0x8002BD96] -> 0x0180
[4266] [M]: 0x8002BD94 (0x0180006F) jal zero, 24


mem[X,0x8002BDAC] -> 0x66E3
mem[X,0x8002BDAE] -> 0xFEB5
[4267] [M]: 0x8002BDAC (0xFEB566E3) bltu a0, a1, 8172


mem[X,0x8002BDB0] -> 0x0213
mem[X,0x8002BDB2] -> 0x0022
[4268] [M]: 0x8002BDB0 (0x00220213) addi tp, tp, 2
x4 <- 0x00000002


mem[X,0x8002BDB4] -> 0x006F
mem[X,0x8002BDB6] -> 0x00C0
[4269] [M]: 0x8002BDB4 (0x00C0006F) jal zero, 12


mem[X,0x8002BDC0] -> 0xA023
mem[X,0x8002BDC2] -> 0x6C40
[4270] [M]: 0x8002BDC0 (0x6C40A023) sw tp, 1728(ra)
mem[0x8004B934] <- 0x00000002


mem[X,0x8002BDC4] -> 0x6537
mem[X,0x8002BDC6] -> 0x6666
[4271] [M]: 0x8002BDC4 (0x66666537) lui a0, 419430
x10 <- 0x66666000


mem[X,0x8002BDC8] -> 0x0513
mem[X,0x8002BDCA] -> 0x6655
[4272] [M]: 0x8002BDC8 (0x66550513) addi a0, a0, 1637
x10 <- 0x66666665


mem[X,0x8002BDCC] -> 0x0593
mem[X,0x8002BDCE] -> 0x0000
[4273] [M]: 0x8002BDCC (0x00000593) addi a1, zero, 0
x11 <- 0x00000000


mem[X,0x8002BDD0] -> 0x0213
mem[X,0x8002BDD2] -> 0x0000
[4274] [M]: 0x8002BDD0 (0x00000213) addi tp, zero, 0
x4 <- 0x00000000


mem[X,0x8002BDD4] -> 0x006F
mem[X,0x8002BDD6] -> 0x0100
[4275] [M]: 0x8002BDD4 (0x0100006F) jal zero, 16


mem[X,0x8002BDE4] -> 0x6AE3
mem[X,0x8002BDE6] -> 0xFEB5
[4276] [M]: 0x8002BDE4 (0xFEB56AE3) bltu a0, a1, 8180


mem[X,0x8002BDE8] -> 0x0213
mem[X,0x8002BDEA] -> 0x0022
[4277] [M]: 0x8002BDE8 (0x00220213) addi tp, tp, 2
x4 <- 0x00000002


mem[X,0x8002BDEC] -> 0x006F
mem[X,0x8002BDEE] -> 0x00C0
[4278] [M]: 0x8002BDEC (0x00C0006F) jal zero, 12


mem[X,0x8002BDF8] -> 0xA223
mem[X,0x8002BDFA] -> 0x6C40
[4279] [M]: 0x8002BDF8 (0x6C40A223) sw tp, 1732(ra)
mem[0x8004B938] <- 0x00000002


mem[X,0x8002BDFC] -> 0x6537
mem[X,0x8002BDFE] -> 0x6666
[4280] [M]: 0x8002BDFC (0x66666537) lui a0, 419430
x10 <- 0x66666000


mem[X,0x8002BE00] -> 0x0513
mem[X,0x8002BE02] -> 0x6655
[4281] [M]: 0x8002BE00 (0x66550513) addi a0, a0, 1637
x10 <- 0x66666665


mem[X,0x8002BE04] -> 0x05B7
mem[X,0x8002BE06] -> 0x0001
[4282] [M]: 0x8002BE04 (0x000105B7) lui a1, 16
x11 <- 0x00010000


mem[X,0x8002BE08] -> 0x8593
mem[X,0x8002BE0A] -> 0xFFF5
[4283] [M]: 0x8002BE08 (0xFFF58593) addi a1, a1, 4095
x11 <- 0x0000FFFF


mem[X,0x8002BE0C] -> 0x0213
mem[X,0x8002BE0E] -> 0x0000
[4284] [M]: 0x8002BE0C (0x00000213) addi tp, zero, 0
x4 <- 0x00000000


mem[X,0x8002BE10] -> 0x006F
mem[X,0x8002BE12] -> 0x00C0
[4285] [M]: 0x8002BE10 (0x00C0006F) jal zero, 12


mem[X,0x8002BE1C] -> 0x6063
mem[X,0x8002BE1E] -> 0x04B5
[4286] [M]: 0x8002BE1C (0x04B56063) bltu a0, a1, 64


mem[X,0x8002BE20] -> 0x0213
mem[X,0x8002BE22] -> 0x0022
[4287] [M]: 0x8002BE20 (0x00220213) addi tp, tp, 2
x4 <- 0x00000002


mem[X,0x8002BE24] -> 0x006F
mem[X,0x8002BE26] -> 0x0400
[4288] [M]: 0x8002BE24 (0x0400006F) jal zero, 64


mem[X,0x8002BE64] -> 0xA423
mem[X,0x8002BE66] -> 0x6C40
[4289] [M]: 0x8002BE64 (0x6C40A423) sw tp, 1736(ra)
mem[0x8004B93C] <- 0x00000002


mem[X,0x8002BE68] -> 0x6537
mem[X,0x8002BE6A] -> 0x6666
[4290] [M]: 0x8002BE68 (0x66666537) lui a0, 419430
x10 <- 0x66666000


mem[X,0x8002BE6C] -> 0x0513
mem[X,0x8002BE6E] -> 0x6655
[4291] [M]: 0x8002BE6C (0x66550513) addi a0, a0, 1637
x10 <- 0x66666665


mem[X,0x8002BE70] -> 0x0593
mem[X,0x8002BE72] -> 0x0020
[4292] [M]: 0x8002BE70 (0x00200593) addi a1, zero, 2
x11 <- 0x00000002


mem[X,0x8002BE74] -> 0x0213
mem[X,0x8002BE76] -> 0x0000
[4293] [M]: 0x8002BE74 (0x00000213) addi tp, zero, 0
x4 <- 0x00000000


mem[X,0x8002BE78] -> 0x006F
mem[X,0x8002BE7A] -> 0x00C0
[4294] [M]: 0x8002BE78 (0x00C0006F) jal zero, 12


mem[X,0x8002BE84] -> 0x6663
mem[X,0x8002BE86] -> 0x00B5
[4295] [M]: 0x8002BE84 (0x00B56663) bltu a0, a1, 12


mem[X,0x8002BE88] -> 0x0213
mem[X,0x8002BE8A] -> 0x0022
[4296] [M]: 0x8002BE88 (0x00220213) addi tp, tp, 2
x4 <- 0x00000002


mem[X,0x8002BE8C] -> 0x006F
mem[X,0x8002BE8E] -> 0x00C0
[4297] [M]: 0x8002BE8C (0x00C0006F) jal zero, 12


mem[X,0x8002BE98] -> 0xA623
mem[X,0x8002BE9A] -> 0x6C40
[4298] [M]: 0x8002BE98 (0x6C40A623) sw tp, 1740(ra)
mem[0x8004B940] <- 0x00000002


mem[X,0x8002BE9C] -> 0x6537
mem[X,0x8002BE9E] -> 0x6666
[4299] [M]: 0x8002BE9C (0x66666537) lui a0, 419430
x10 <- 0x66666000


clint::tick mtime <- 0x000000000000002B
 clint timer pending at mtime 0x000000000000002B
htif::tick 0x0000000000000000
mem[X,0x8002BEA0] -> 0x0513
mem[X,0x8002BEA2] -> 0x6655
[4300] [M]: 0x8002BEA0 (0x66550513) addi a0, a0, 1637
x10 <- 0x66666665


mem[X,0x8002BEA4] -> 0x55B7
mem[X,0x8002BEA6] -> 0x5555
[4301] [M]: 0x8002BEA4 (0x555555B7) lui a1, 349525
x11 <- 0x55555000


mem[X,0x8002BEA8] -> 0x8593
mem[X,0x8002BEAA] -> 0x5545
[4302] [M]: 0x8002BEA8 (0x55458593) addi a1, a1, 1364
x11 <- 0x55555554


mem[X,0x8002BEAC] -> 0x0213
mem[X,0x8002BEAE] -> 0x0000
[4303] [M]: 0x8002BEAC (0x00000213) addi tp, zero, 0
x4 <- 0x00000000


mem[X,0x8002BEB0] -> 0x006F
mem[X,0x8002BEB2] -> 0x2B10
[4304] [M]: 0x8002BEB0 (0x2B10006F) jal zero, 2736


mem[X,0x8002C960] -> 0x6A63
mem[X,0x8002C962] -> 0xD4B5
[4305] [M]: 0x8002C960 (0xD4B56A63) bltu a0, a1, 5460


mem[X,0x8002C964] -> 0x0213
mem[X,0x8002C966] -> 0x0022
[4306] [M]: 0x8002C964 (0x00220213) addi tp, tp, 2
x4 <- 0x00000002


mem[X,0x8002C968] -> 0x006F
mem[X,0x8002C96A] -> 0x00C0
[4307] [M]: 0x8002C968 (0x00C0006F) jal zero, 12


mem[X,0x8002C974] -> 0xA823
mem[X,0x8002C976] -> 0x6C40
[4308] [M]: 0x8002C974 (0x6C40A823) sw tp, 1744(ra)
mem[0x8004B944] <- 0x00000002


mem[X,0x8002C978] -> 0x6537
mem[X,0x8002C97A] -> 0x6666
[4309] [M]: 0x8002C978 (0x66666537) lui a0, 419430
x10 <- 0x66666000


mem[X,0x8002C97C] -> 0x0513
mem[X,0x8002C97E] -> 0x6655
[4310] [M]: 0x8002C97C (0x66550513) addi a0, a0, 1637
x10 <- 0x66666665


mem[X,0x8002C980] -> 0xB5B7
mem[X,0x8002C982] -> 0xAAAA
[4311] [M]: 0x8002C980 (0xAAAAB5B7) lui a1, 699051
x11 <- 0xAAAAB000


mem[X,0x8002C984] -> 0x8593
mem[X,0x8002C986] -> 0xAA95
[4312] [M]: 0x8002C984 (0xAA958593) addi a1, a1, 2729
x11 <- 0xAAAAAAA9


mem[X,0x8002C988] -> 0x0213
mem[X,0x8002C98A] -> 0x0000
[4313] [M]: 0x8002C988 (0x00000213) addi tp, zero, 0
x4 <- 0x00000000


mem[X,0x8002C98C] -> 0x006F
mem[X,0x8002C98E] -> 0x00C0
[4314] [M]: 0x8002C98C (0x00C0006F) jal zero, 12


mem[X,0x8002C998] -> 0x6663
mem[X,0x8002C99A] -> 0x00B5
[4315] [M]: 0x8002C998 (0x00B56663) bltu a0, a1, 12


mem[X,0x8002C9A4] -> 0x0213
mem[X,0x8002C9A6] -> 0x0032
[4316] [M]: 0x8002C9A4 (0x00320213) addi tp, tp, 3
x4 <- 0x00000003


mem[X,0x8002C9A8] -> 0x006F
mem[X,0x8002C9AA] -> 0x0040
[4317] [M]: 0x8002C9A8 (0x0040006F) jal zero, 4


mem[X,0x8002C9AC] -> 0xAA23
mem[X,0x8002C9AE] -> 0x6C40
[4318] [M]: 0x8002C9AC (0x6C40AA23) sw tp, 1748(ra)
mem[0x8004B948] <- 0x00000003


mem[X,0x8002C9B0] -> 0x6537
mem[X,0x8002C9B2] -> 0x6666
[4319] [M]: 0x8002C9B0 (0x66666537) lui a0, 419430
x10 <- 0x66666000


mem[X,0x8002C9B4] -> 0x0513
mem[X,0x8002C9B6] -> 0x6655
[4320] [M]: 0x8002C9B4 (0x66550513) addi a0, a0, 1637
x10 <- 0x66666665


mem[X,0x8002C9B8] -> 0x0593
mem[X,0x8002C9BA] -> 0x0040
[4321] [M]: 0x8002C9B8 (0x00400593) addi a1, zero, 4
x11 <- 0x00000004


mem[X,0x8002C9BC] -> 0x0213
mem[X,0x8002C9BE] -> 0x0000
[4322] [M]: 0x8002C9BC (0x00000213) addi tp, zero, 0
x4 <- 0x00000000


mem[X,0x8002C9C0] -> 0x006F
mem[X,0x8002C9C2] -> 0x00C0
[4323] [M]: 0x8002C9C0 (0x00C0006F) jal zero, 12


mem[X,0x8002C9CC] -> 0x6063
mem[X,0x8002C9CE] -> 0x02B5
[4324] [M]: 0x8002C9CC (0x02B56063) bltu a0, a1, 32


mem[X,0x8002C9D0] -> 0x0213
mem[X,0x8002C9D2] -> 0x0022
[4325] [M]: 0x8002C9D0 (0x00220213) addi tp, tp, 2
x4 <- 0x00000002


mem[X,0x8002C9D4] -> 0x006F
mem[X,0x8002C9D6] -> 0x0200
[4326] [M]: 0x8002C9D4 (0x0200006F) jal zero, 32


mem[X,0x8002C9F4] -> 0xAC23
mem[X,0x8002C9F6] -> 0x6C40
[4327] [M]: 0x8002C9F4 (0x6C40AC23) sw tp, 1752(ra)
mem[0x8004B94C] <- 0x00000002


mem[X,0x8002C9F8] -> 0x6537
mem[X,0x8002C9FA] -> 0x6666
[4328] [M]: 0x8002C9F8 (0x66666537) lui a0, 419430
x10 <- 0x66666000


mem[X,0x8002C9FC] -> 0x0513
mem[X,0x8002C9FE] -> 0x6655
[4329] [M]: 0x8002C9FC (0x66550513) addi a0, a0, 1637
x10 <- 0x66666665


mem[X,0x8002CA00] -> 0x35B7
mem[X,0x8002CA02] -> 0x3333
[4330] [M]: 0x8002CA00 (0x333335B7) lui a1, 209715
x11 <- 0x33333000


mem[X,0x8002CA04] -> 0x8593
mem[X,0x8002CA06] -> 0x3325
[4331] [M]: 0x8002CA04 (0x33258593) addi a1, a1, 818
x11 <- 0x33333332


mem[X,0x8002CA08] -> 0x0213
mem[X,0x8002CA0A] -> 0x0000
[4332] [M]: 0x8002CA08 (0x00000213) addi tp, zero, 0
x4 <- 0x00000000


mem[X,0x8002CA0C] -> 0x006F
mem[X,0x8002CA0E] -> 0x00C0
[4333] [M]: 0x8002CA0C (0x00C0006F) jal zero, 12


mem[X,0x8002CA18] -> 0x6063
mem[X,0x8002CA1A] -> 0x02B5
[4334] [M]: 0x8002CA18 (0x02B56063) bltu a0, a1, 32


mem[X,0x8002CA1C] -> 0x0213
mem[X,0x8002CA1E] -> 0x0022
[4335] [M]: 0x8002CA1C (0x00220213) addi tp, tp, 2
x4 <- 0x00000002


mem[X,0x8002CA20] -> 0x006F
mem[X,0x8002CA22] -> 0x0200
[4336] [M]: 0x8002CA20 (0x0200006F) jal zero, 32


mem[X,0x8002CA40] -> 0xAE23
mem[X,0x8002CA42] -> 0x6C40
[4337] [M]: 0x8002CA40 (0x6C40AE23) sw tp, 1756(ra)
mem[0x8004B950] <- 0x00000002


mem[X,0x8002CA44] -> 0x6537
mem[X,0x8002CA46] -> 0x6666
[4338] [M]: 0x8002CA44 (0x66666537) lui a0, 419430
x10 <- 0x66666000


mem[X,0x8002CA48] -> 0x0513
mem[X,0x8002CA4A] -> 0x6655
[4339] [M]: 0x8002CA48 (0x66550513) addi a0, a0, 1637
x10 <- 0x66666665


mem[X,0x8002CA4C] -> 0x65B7
mem[X,0x8002CA4E] -> 0x6666
[4340] [M]: 0x8002CA4C (0x666665B7) lui a1, 419430
x11 <- 0x66666000


mem[X,0x8002CA50] -> 0x8593
mem[X,0x8002CA52] -> 0x6655
[4341] [M]: 0x8002CA50 (0x66558593) addi a1, a1, 1637
x11 <- 0x66666665


mem[X,0x8002CA54] -> 0x0213
mem[X,0x8002CA56] -> 0x0000
[4342] [M]: 0x8002CA54 (0x00000213) addi tp, zero, 0
x4 <- 0x00000000


mem[X,0x8002CA58] -> 0x006F
mem[X,0x8002CA5A] -> 0x0180
[4343] [M]: 0x8002CA58 (0x0180006F) jal zero, 24


mem[X,0x8002CA70] -> 0x66E3
mem[X,0x8002CA72] -> 0xFEB5
[4344] [M]: 0x8002CA70 (0xFEB566E3) bltu a0, a1, 8172


mem[X,0x8002CA74] -> 0x0213
mem[X,0x8002CA76] -> 0x0022
[4345] [M]: 0x8002CA74 (0x00220213) addi tp, tp, 2
x4 <- 0x00000002


mem[X,0x8002CA78] -> 0x006F
mem[X,0x8002CA7A] -> 0x00C0
[4346] [M]: 0x8002CA78 (0x00C0006F) jal zero, 12


mem[X,0x8002CA84] -> 0xA023
mem[X,0x8002CA86] -> 0x6E40
[4347] [M]: 0x8002CA84 (0x6E40A023) sw tp, 1760(ra)
mem[0x8004B954] <- 0x00000002


mem[X,0x8002CA88] -> 0x6537
mem[X,0x8002CA8A] -> 0x6666
[4348] [M]: 0x8002CA88 (0x66666537) lui a0, 419430
x10 <- 0x66666000


mem[X,0x8002CA8C] -> 0x0513
mem[X,0x8002CA8E] -> 0x6655
[4349] [M]: 0x8002CA8C (0x66550513) addi a0, a0, 1637
x10 <- 0x66666665


mem[X,0x8002CA90] -> 0xB5B7
mem[X,0x8002CA92] -> 0x0000
[4350] [M]: 0x8002CA90 (0x0000B5B7) lui a1, 11
x11 <- 0x0000B000


mem[X,0x8002CA94] -> 0x8593
mem[X,0x8002CA96] -> 0x5035
[4351] [M]: 0x8002CA94 (0x50358593) addi a1, a1, 1283
x11 <- 0x0000B503


mem[X,0x8002CA98] -> 0x0213
mem[X,0x8002CA9A] -> 0x0000
[4352] [M]: 0x8002CA98 (0x00000213) addi tp, zero, 0
x4 <- 0x00000000


mem[X,0x8002CA9C] -> 0x006F
mem[X,0x8002CA9E] -> 0x00C0
[4353] [M]: 0x8002CA9C (0x00C0006F) jal zero, 12


mem[X,0x8002CAA8] -> 0x6CE3
mem[X,0x8002CAAA] -> 0xFEB5
[4354] [M]: 0x8002CAA8 (0xFEB56CE3) bltu a0, a1, 8184


mem[X,0x8002CAAC] -> 0x0213
mem[X,0x8002CAAE] -> 0x0022
[4355] [M]: 0x8002CAAC (0x00220213) addi tp, tp, 2
x4 <- 0x00000002


mem[X,0x8002CAB0] -> 0x006F
mem[X,0x8002CAB2] -> 0x00C0
[4356] [M]: 0x8002CAB0 (0x00C0006F) jal zero, 12


mem[X,0x8002CABC] -> 0xA223
mem[X,0x8002CABE] -> 0x6E40
[4357] [M]: 0x8002CABC (0x6E40A223) sw tp, 1764(ra)
mem[0x8004B958] <- 0x00000002


mem[X,0x8002CAC0] -> 0x6537
mem[X,0x8002CAC2] -> 0x6666
[4358] [M]: 0x8002CAC0 (0x66666537) lui a0, 419430
x10 <- 0x66666000


mem[X,0x8002CAC4] -> 0x0513
mem[X,0x8002CAC6] -> 0x6655
[4359] [M]: 0x8002CAC4 (0x66550513) addi a0, a0, 1637
x10 <- 0x66666665


mem[X,0x8002CAC8] -> 0x05B7
mem[X,0x8002CACA] -> 0x0001
[4360] [M]: 0x8002CAC8 (0x000105B7) lui a1, 16
x11 <- 0x00010000


mem[X,0x8002CACC] -> 0x8593
mem[X,0x8002CACE] -> 0xFFE5
[4361] [M]: 0x8002CACC (0xFFE58593) addi a1, a1, 4094
x11 <- 0x0000FFFE


mem[X,0x8002CAD0] -> 0x0213
mem[X,0x8002CAD2] -> 0x0000
[4362] [M]: 0x8002CAD0 (0x00000213) addi tp, zero, 0
x4 <- 0x00000000


mem[X,0x8002CAD4] -> 0x006F
mem[X,0x8002CAD6] -> 0x00C0
[4363] [M]: 0x8002CAD4 (0x00C0006F) jal zero, 12


mem[X,0x8002CAE0] -> 0x6CE3
mem[X,0x8002CAE2] -> 0xFEB5
[4364] [M]: 0x8002CAE0 (0xFEB56CE3) bltu a0, a1, 8184


mem[X,0x8002CAE4] -> 0x0213
mem[X,0x8002CAE6] -> 0x0022
[4365] [M]: 0x8002CAE4 (0x00220213) addi tp, tp, 2
x4 <- 0x00000002


mem[X,0x8002CAE8] -> 0x006F
mem[X,0x8002CAEA] -> 0x00C0
[4366] [M]: 0x8002CAE8 (0x00C0006F) jal zero, 12


mem[X,0x8002CAF4] -> 0xA423
mem[X,0x8002CAF6] -> 0x6E40
[4367] [M]: 0x8002CAF4 (0x6E40A423) sw tp, 1768(ra)
mem[0x8004B95C] <- 0x00000002


mem[X,0x8002CAF8] -> 0x6537
mem[X,0x8002CAFA] -> 0x6666
[4368] [M]: 0x8002CAF8 (0x66666537) lui a0, 419430
x10 <- 0x66666000


mem[X,0x8002CAFC] -> 0x0513
mem[X,0x8002CAFE] -> 0x6655
[4369] [M]: 0x8002CAFC (0x66550513) addi a0, a0, 1637
x10 <- 0x66666665


mem[X,0x8002CB00] -> 0x55B7
mem[X,0x8002CB02] -> 0x5555
[4370] [M]: 0x8002CB00 (0x555555B7) lui a1, 349525
x11 <- 0x55555000


mem[X,0x8002CB04] -> 0x8593
mem[X,0x8002CB06] -> 0x5565
[4371] [M]: 0x8002CB04 (0x55658593) addi a1, a1, 1366
x11 <- 0x55555556


mem[X,0x8002CB08] -> 0x0213
mem[X,0x8002CB0A] -> 0x0000
[4372] [M]: 0x8002CB08 (0x00000213) addi tp, zero, 0
x4 <- 0x00000000


mem[X,0x8002CB0C] -> 0x006F
mem[X,0x8002CB0E] -> 0x00C0
[4373] [M]: 0x8002CB0C (0x00C0006F) jal zero, 12


mem[X,0x8002CB18] -> 0x6663
mem[X,0x8002CB1A] -> 0x00B5
[4374] [M]: 0x8002CB18 (0x00B56663) bltu a0, a1, 12


mem[X,0x8002CB1C] -> 0x0213
mem[X,0x8002CB1E] -> 0x0022
[4375] [M]: 0x8002CB1C (0x00220213) addi tp, tp, 2
x4 <- 0x00000002


mem[X,0x8002CB20] -> 0x006F
mem[X,0x8002CB22] -> 0x00C0
[4376] [M]: 0x8002CB20 (0x00C0006F) jal zero, 12


mem[X,0x8002CB2C] -> 0xA623
mem[X,0x8002CB2E] -> 0x6E40
[4377] [M]: 0x8002CB2C (0x6E40A623) sw tp, 1772(ra)
mem[0x8004B960] <- 0x00000002


mem[X,0x8002CB30] -> 0x6537
mem[X,0x8002CB32] -> 0x6666
[4378] [M]: 0x8002CB30 (0x66666537) lui a0, 419430
x10 <- 0x66666000


mem[X,0x8002CB34] -> 0x0513
mem[X,0x8002CB36] -> 0x6655
[4379] [M]: 0x8002CB34 (0x66550513) addi a0, a0, 1637
x10 <- 0x66666665


mem[X,0x8002CB38] -> 0x0593
mem[X,0x8002CB3A] -> 0x0010
[4380] [M]: 0x8002CB38 (0x00100593) addi a1, zero, 1
x11 <- 0x00000001


mem[X,0x8002CB3C] -> 0x0213
mem[X,0x8002CB3E] -> 0x0000
[4381] [M]: 0x8002CB3C (0x00000213) addi tp, zero, 0
x4 <- 0x00000000


mem[X,0x8002CB40] -> 0x006F
mem[X,0x8002CB42] -> 0x00C0
[4382] [M]: 0x8002CB40 (0x00C0006F) jal zero, 12


mem[X,0x8002CB4C] -> 0x6663
mem[X,0x8002CB4E] -> 0x00B5
[4383] [M]: 0x8002CB4C (0x00B56663) bltu a0, a1, 12


mem[X,0x8002CB50] -> 0x0213
mem[X,0x8002CB52] -> 0x0022
[4384] [M]: 0x8002CB50 (0x00220213) addi tp, tp, 2
x4 <- 0x00000002


mem[X,0x8002CB54] -> 0x006F
mem[X,0x8002CB56] -> 0x00C0
[4385] [M]: 0x8002CB54 (0x00C0006F) jal zero, 12


mem[X,0x8002CB60] -> 0xA823
mem[X,0x8002CB62] -> 0x6E40
[4386] [M]: 0x8002CB60 (0x6E40A823) sw tp, 1776(ra)
mem[0x8004B964] <- 0x00000002


mem[X,0x8002CB64] -> 0x6537
mem[X,0x8002CB66] -> 0x6666
[4387] [M]: 0x8002CB64 (0x66666537) lui a0, 419430
x10 <- 0x66666000


mem[X,0x8002CB68] -> 0x0513
mem[X,0x8002CB6A] -> 0x6655
[4388] [M]: 0x8002CB68 (0x66550513) addi a0, a0, 1637
x10 <- 0x66666665


mem[X,0x8002CB6C] -> 0x05B7
mem[X,0x8002CB6E] -> 0x0001
[4389] [M]: 0x8002CB6C (0x000105B7) lui a1, 16
x11 <- 0x00010000


mem[X,0x8002CB70] -> 0x0213
mem[X,0x8002CB72] -> 0x0000
[4390] [M]: 0x8002CB70 (0x00000213) addi tp, zero, 0
x4 <- 0x00000000


mem[X,0x8002CB74] -> 0x006F
mem[X,0x8002CB76] -> 0x00C0
[4391] [M]: 0x8002CB74 (0x00C0006F) jal zero, 12


mem[X,0x8002CB80] -> 0x6CE3
mem[X,0x8002CB82] -> 0xFEB5
[4392] [M]: 0x8002CB80 (0xFEB56CE3) bltu a0, a1, 8184


mem[X,0x8002CB84] -> 0x0213
mem[X,0x8002CB86] -> 0x0022
[4393] [M]: 0x8002CB84 (0x00220213) addi tp, tp, 2
x4 <- 0x00000002


mem[X,0x8002CB88] -> 0x006F
mem[X,0x8002CB8A] -> 0x00C0
[4394] [M]: 0x8002CB88 (0x00C0006F) jal zero, 12


mem[X,0x8002CB94] -> 0xAA23
mem[X,0x8002CB96] -> 0x6E40
[4395] [M]: 0x8002CB94 (0x6E40AA23) sw tp, 1780(ra)
mem[0x8004B968] <- 0x00000002


mem[X,0x8002CB98] -> 0xB537
mem[X,0x8002CB9A] -> 0x0000
[4396] [M]: 0x8002CB98 (0x0000B537) lui a0, 11
x10 <- 0x0000B000


mem[X,0x8002CB9C] -> 0x0513
mem[X,0x8002CB9E] -> 0x5035
[4397] [M]: 0x8002CB9C (0x50350513) addi a0, a0, 1283
x10 <- 0x0000B503


mem[X,0x8002CBA0] -> 0x0593
mem[X,0x8002CBA2] -> 0x0030
[4398] [M]: 0x8002CBA0 (0x00300593) addi a1, zero, 3
x11 <- 0x00000003


mem[X,0x8002CBA4] -> 0x0213
mem[X,0x8002CBA6] -> 0x0000
[4399] [M]: 0x8002CBA4 (0x00000213) addi tp, zero, 0
x4 <- 0x00000000


clint::tick mtime <- 0x000000000000002C
 clint timer pending at mtime 0x000000000000002C
htif::tick 0x0000000000000000
mem[X,0x8002CBA8] -> 0x006F
mem[X,0x8002CBAA] -> 0x00C0
[4400] [M]: 0x8002CBA8 (0x00C0006F) jal zero, 12


mem[X,0x8002CBB4] -> 0x6663
mem[X,0x8002CBB6] -> 0x00B5
[4401] [M]: 0x8002CBB4 (0x00B56663) bltu a0, a1, 12


mem[X,0x8002CBB8] -> 0x0213
mem[X,0x8002CBBA] -> 0x0022
[4402] [M]: 0x8002CBB8 (0x00220213) addi tp, tp, 2
x4 <- 0x00000002


mem[X,0x8002CBBC] -> 0x006F
mem[X,0x8002CBBE] -> 0x00C0
[4403] [M]: 0x8002CBBC (0x00C0006F) jal zero, 12


mem[X,0x8002CBC8] -> 0xAC23
mem[X,0x8002CBCA] -> 0x6E40
[4404] [M]: 0x8002CBC8 (0x6E40AC23) sw tp, 1784(ra)
mem[0x8004B96C] <- 0x00000002


mem[X,0x8002CBCC] -> 0xB537
mem[X,0x8002CBCE] -> 0x0000
[4405] [M]: 0x8002CBCC (0x0000B537) lui a0, 11
x10 <- 0x0000B000


mem[X,0x8002CBD0] -> 0x0513
mem[X,0x8002CBD2] -> 0x5035
[4406] [M]: 0x8002CBD0 (0x50350513) addi a0, a0, 1283
x10 <- 0x0000B503


mem[X,0x8002CBD4] -> 0x55B7
mem[X,0x8002CBD6] -> 0x5555
[4407] [M]: 0x8002CBD4 (0x555555B7) lui a1, 349525
x11 <- 0x55555000


mem[X,0x8002CBD8] -> 0x8593
mem[X,0x8002CBDA] -> 0x5555
[4408] [M]: 0x8002CBD8 (0x55558593) addi a1, a1, 1365
x11 <- 0x55555555


mem[X,0x8002CBDC] -> 0x0213
mem[X,0x8002CBDE] -> 0x0000
[4409] [M]: 0x8002CBDC (0x00000213) addi tp, zero, 0
x4 <- 0x00000000


mem[X,0x8002CBE0] -> 0x006F
mem[X,0x8002CBE2] -> 0x00C0
[4410] [M]: 0x8002CBE0 (0x00C0006F) jal zero, 12


mem[X,0x8002CBEC] -> 0x6063
mem[X,0x8002CBEE] -> 0x08B5
[4411] [M]: 0x8002CBEC (0x08B56063) bltu a0, a1, 128


mem[X,0x8002CC6C] -> 0x0213
mem[X,0x8002CC6E] -> 0x0032
[4412] [M]: 0x8002CC6C (0x00320213) addi tp, tp, 3
x4 <- 0x00000003


mem[X,0x8002CC70] -> 0x006F
mem[X,0x8002CC72] -> 0x0040
[4413] [M]: 0x8002CC70 (0x0040006F) jal zero, 4


mem[X,0x8002CC74] -> 0xAE23
mem[X,0x8002CC76] -> 0x6E40
[4414] [M]: 0x8002CC74 (0x6E40AE23) sw tp, 1788(ra)
mem[0x8004B970] <- 0x00000003


mem[X,0x8002CC78] -> 0xB537
mem[X,0x8002CC7A] -> 0x0000
[4415] [M]: 0x8002CC78 (0x0000B537) lui a0, 11
x10 <- 0x0000B000


mem[X,0x8002CC7C] -> 0x0513
mem[X,0x8002CC7E] -> 0x5035
[4416] [M]: 0x8002CC7C (0x50350513) addi a0, a0, 1283
x10 <- 0x0000B503


mem[X,0x8002CC80] -> 0xB5B7
mem[X,0x8002CC82] -> 0xAAAA
[4417] [M]: 0x8002CC80 (0xAAAAB5B7) lui a1, 699051
x11 <- 0xAAAAB000


mem[X,0x8002CC84] -> 0x8593
mem[X,0x8002CC86] -> 0xAAA5
[4418] [M]: 0x8002CC84 (0xAAA58593) addi a1, a1, 2730
x11 <- 0xAAAAAAAA


mem[X,0x8002CC88] -> 0x0213
mem[X,0x8002CC8A] -> 0x0000
[4419] [M]: 0x8002CC88 (0x00000213) addi tp, zero, 0
x4 <- 0x00000000


mem[X,0x8002CC8C] -> 0x006F
mem[X,0x8002CC8E] -> 0x00C0
[4420] [M]: 0x8002CC8C (0x00C0006F) jal zero, 12


mem[X,0x8002CC98] -> 0x6663
mem[X,0x8002CC9A] -> 0x00B5
[4421] [M]: 0x8002CC98 (0x00B56663) bltu a0, a1, 12


mem[X,0x8002CCA4] -> 0x0213
mem[X,0x8002CCA6] -> 0x0032
[4422] [M]: 0x8002CCA4 (0x00320213) addi tp, tp, 3
x4 <- 0x00000003


mem[X,0x8002CCA8] -> 0x006F
mem[X,0x8002CCAA] -> 0x0040
[4423] [M]: 0x8002CCA8 (0x0040006F) jal zero, 4


mem[X,0x8002CCAC] -> 0xA023
mem[X,0x8002CCAE] -> 0x7040
[4424] [M]: 0x8002CCAC (0x7040A023) sw tp, 1792(ra)
mem[0x8004B974] <- 0x00000003


mem[X,0x8002CCB0] -> 0xB537
mem[X,0x8002CCB2] -> 0x0000
[4425] [M]: 0x8002CCB0 (0x0000B537) lui a0, 11
x10 <- 0x0000B000


mem[X,0x8002CCB4] -> 0x0513
mem[X,0x8002CCB6] -> 0x5035
[4426] [M]: 0x8002CCB4 (0x50350513) addi a0, a0, 1283
x10 <- 0x0000B503


mem[X,0x8002CCB8] -> 0x0593
mem[X,0x8002CCBA] -> 0x0050
[4427] [M]: 0x8002CCB8 (0x00500593) addi a1, zero, 5
x11 <- 0x00000005


mem[X,0x8002CCBC] -> 0x0213
mem[X,0x8002CCBE] -> 0x0000
[4428] [M]: 0x8002CCBC (0x00000213) addi tp, zero, 0
x4 <- 0x00000000


mem[X,0x8002CCC0] -> 0x006F
mem[X,0x8002CCC2] -> 0x2B10
[4429] [M]: 0x8002CCC0 (0x2B10006F) jal zero, 2736


mem[X,0x8002D770] -> 0x6A63
mem[X,0x8002D772] -> 0xD4B5
[4430] [M]: 0x8002D770 (0xD4B56A63) bltu a0, a1, 5460


mem[X,0x8002D774] -> 0x0213
mem[X,0x8002D776] -> 0x0022
[4431] [M]: 0x8002D774 (0x00220213) addi tp, tp, 2
x4 <- 0x00000002


mem[X,0x8002D778] -> 0x006F
mem[X,0x8002D77A] -> 0x00C0
[4432] [M]: 0x8002D778 (0x00C0006F) jal zero, 12


mem[X,0x8002D784] -> 0xA223
mem[X,0x8002D786] -> 0x7040
[4433] [M]: 0x8002D784 (0x7040A223) sw tp, 1796(ra)
mem[0x8004B978] <- 0x00000002


mem[X,0x8002D788] -> 0xB537
mem[X,0x8002D78A] -> 0x0000
[4434] [M]: 0x8002D788 (0x0000B537) lui a0, 11
x10 <- 0x0000B000


mem[X,0x8002D78C] -> 0x0513
mem[X,0x8002D78E] -> 0x5035
[4435] [M]: 0x8002D78C (0x50350513) addi a0, a0, 1283
x10 <- 0x0000B503


mem[X,0x8002D790] -> 0x35B7
mem[X,0x8002D792] -> 0x3333
[4436] [M]: 0x8002D790 (0x333335B7) lui a1, 209715
x11 <- 0x33333000


mem[X,0x8002D794] -> 0x8593
mem[X,0x8002D796] -> 0x3335
[4437] [M]: 0x8002D794 (0x33358593) addi a1, a1, 819
x11 <- 0x33333333


mem[X,0x8002D798] -> 0x0213
mem[X,0x8002D79A] -> 0x0000
[4438] [M]: 0x8002D798 (0x00000213) addi tp, zero, 0
x4 <- 0x00000000


mem[X,0x8002D79C] -> 0x006F
mem[X,0x8002D79E] -> 0x00C0
[4439] [M]: 0x8002D79C (0x00C0006F) jal zero, 12


mem[X,0x8002D7A8] -> 0x6663
mem[X,0x8002D7AA] -> 0x00B5
[4440] [M]: 0x8002D7A8 (0x00B56663) bltu a0, a1, 12


mem[X,0x8002D7B4] -> 0x0213
mem[X,0x8002D7B6] -> 0x0032
[4441] [M]: 0x8002D7B4 (0x00320213) addi tp, tp, 3
x4 <- 0x00000003


mem[X,0x8002D7B8] -> 0x006F
mem[X,0x8002D7BA] -> 0x0040
[4442] [M]: 0x8002D7B8 (0x0040006F) jal zero, 4


mem[X,0x8002D7BC] -> 0xA423
mem[X,0x8002D7BE] -> 0x7040
[4443] [M]: 0x8002D7BC (0x7040A423) sw tp, 1800(ra)
mem[0x8004B97C] <- 0x00000003


mem[X,0x8002D7C0] -> 0xB537
mem[X,0x8002D7C2] -> 0x0000
[4444] [M]: 0x8002D7C0 (0x0000B537) lui a0, 11
x10 <- 0x0000B000


mem[X,0x8002D7C4] -> 0x0513
mem[X,0x8002D7C6] -> 0x5035
[4445] [M]: 0x8002D7C4 (0x50350513) addi a0, a0, 1283
x10 <- 0x0000B503


mem[X,0x8002D7C8] -> 0x65B7
mem[X,0x8002D7CA] -> 0x6666
[4446] [M]: 0x8002D7C8 (0x666665B7) lui a1, 419430
x11 <- 0x66666000


mem[X,0x8002D7CC] -> 0x8593
mem[X,0x8002D7CE] -> 0x6665
[4447] [M]: 0x8002D7CC (0x66658593) addi a1, a1, 1638
x11 <- 0x66666666


mem[X,0x8002D7D0] -> 0x0213
mem[X,0x8002D7D2] -> 0x0000
[4448] [M]: 0x8002D7D0 (0x00000213) addi tp, zero, 0
x4 <- 0x00000000


mem[X,0x8002D7D4] -> 0x006F
mem[X,0x8002D7D6] -> 0x00C0
[4449] [M]: 0x8002D7D4 (0x00C0006F) jal zero, 12


mem[X,0x8002D7E0] -> 0x6063
mem[X,0x8002D7E2] -> 0x08B5
[4450] [M]: 0x8002D7E0 (0x08B56063) bltu a0, a1, 128


mem[X,0x8002D860] -> 0x0213
mem[X,0x8002D862] -> 0x0032
[4451] [M]: 0x8002D860 (0x00320213) addi tp, tp, 3
x4 <- 0x00000003


mem[X,0x8002D864] -> 0x006F
mem[X,0x8002D866] -> 0x0040
[4452] [M]: 0x8002D864 (0x0040006F) jal zero, 4


mem[X,0x8002D868] -> 0xA623
mem[X,0x8002D86A] -> 0x7040
[4453] [M]: 0x8002D868 (0x7040A623) sw tp, 1804(ra)
mem[0x8004B980] <- 0x00000003


mem[X,0x8002D86C] -> 0xB537
mem[X,0x8002D86E] -> 0x0000
[4454] [M]: 0x8002D86C (0x0000B537) lui a0, 11
x10 <- 0x0000B000


mem[X,0x8002D870] -> 0x0513
mem[X,0x8002D872] -> 0x5035
[4455] [M]: 0x8002D870 (0x50350513) addi a0, a0, 1283
x10 <- 0x0000B503


mem[X,0x8002D874] -> 0xB5B7
mem[X,0x8002D876] -> 0x0000
[4456] [M]: 0x8002D874 (0x0000B5B7) lui a1, 11
x11 <- 0x0000B000


mem[X,0x8002D878] -> 0x8593
mem[X,0x8002D87A] -> 0x5045
[4457] [M]: 0x8002D878 (0x50458593) addi a1, a1, 1284
x11 <- 0x0000B504


mem[X,0x8002D87C] -> 0x0213
mem[X,0x8002D87E] -> 0x0000
[4458] [M]: 0x8002D87C (0x00000213) addi tp, zero, 0
x4 <- 0x00000000


mem[X,0x8002D880] -> 0x006F
mem[X,0x8002D882] -> 0x0050
[4459] [M]: 0x8002D880 (0x0050006F) jal zero, 2052


mem[X,0x8002E084] -> 0x60E3
mem[X,0x8002E086] -> 0x80B5
[4460] [M]: 0x8002E084 (0x80B560E3) bltu a0, a1, 6144


mem[X,0x8002D884] -> 0x0213
mem[X,0x8002D886] -> 0x0012
[4461] [M]: 0x8002D884 (0x00120213) addi tp, tp, 1
x4 <- 0x00000001


mem[X,0x8002D888] -> 0x006F
mem[X,0x8002D88A] -> 0x0110
[4462] [M]: 0x8002D888 (0x0110006F) jal zero, 2064


mem[X,0x8002E098] -> 0xA823
mem[X,0x8002E09A] -> 0x7040
[4463] [M]: 0x8002E098 (0x7040A823) sw tp, 1808(ra)
mem[0x8004B984] <- 0x00000001


mem[X,0x8002E09C] -> 0xB537
mem[X,0x8002E09E] -> 0x0000
[4464] [M]: 0x8002E09C (0x0000B537) lui a0, 11
x10 <- 0x0000B000


mem[X,0x8002E0A0] -> 0x0513
mem[X,0x8002E0A2] -> 0x5035
[4465] [M]: 0x8002E0A0 (0x50350513) addi a0, a0, 1283
x10 <- 0x0000B503


mem[X,0x8002E0A4] -> 0x0593
mem[X,0x8002E0A6] -> 0x0000
[4466] [M]: 0x8002E0A4 (0x00000593) addi a1, zero, 0
x11 <- 0x00000000


mem[X,0x8002E0A8] -> 0x0213
mem[X,0x8002E0AA] -> 0x0000
[4467] [M]: 0x8002E0A8 (0x00000213) addi tp, zero, 0
x4 <- 0x00000000


mem[X,0x8002E0AC] -> 0x006F
mem[X,0x8002E0AE] -> 0x00C0
[4468] [M]: 0x8002E0AC (0x00C0006F) jal zero, 12


mem[X,0x8002E0B8] -> 0x6063
mem[X,0x8002E0BA] -> 0x04B5
[4469] [M]: 0x8002E0B8 (0x04B56063) bltu a0, a1, 64


mem[X,0x8002E0BC] -> 0x0213
mem[X,0x8002E0BE] -> 0x0022
[4470] [M]: 0x8002E0BC (0x00220213) addi tp, tp, 2
x4 <- 0x00000002


mem[X,0x8002E0C0] -> 0x006F
mem[X,0x8002E0C2] -> 0x0400
[4471] [M]: 0x8002E0C0 (0x0400006F) jal zero, 64


mem[X,0x8002E100] -> 0xAA23
mem[X,0x8002E102] -> 0x7040
[4472] [M]: 0x8002E100 (0x7040AA23) sw tp, 1812(ra)
mem[0x8004B988] <- 0x00000002


mem[X,0x8002E104] -> 0xB537
mem[X,0x8002E106] -> 0x0000
[4473] [M]: 0x8002E104 (0x0000B537) lui a0, 11
x10 <- 0x0000B000


mem[X,0x8002E108] -> 0x0513
mem[X,0x8002E10A] -> 0x5035
[4474] [M]: 0x8002E108 (0x50350513) addi a0, a0, 1283
x10 <- 0x0000B503


mem[X,0x8002E10C] -> 0x05B7
mem[X,0x8002E10E] -> 0x0001
[4475] [M]: 0x8002E10C (0x000105B7) lui a1, 16
x11 <- 0x00010000


mem[X,0x8002E110] -> 0x8593
mem[X,0x8002E112] -> 0xFFF5
[4476] [M]: 0x8002E110 (0xFFF58593) addi a1, a1, 4095
x11 <- 0x0000FFFF


mem[X,0x8002E114] -> 0x0213
mem[X,0x8002E116] -> 0x0000
[4477] [M]: 0x8002E114 (0x00000213) addi tp, zero, 0
x4 <- 0x00000000


mem[X,0x8002E118] -> 0x006F
mem[X,0x8002E11A] -> 0x00C0
[4478] [M]: 0x8002E118 (0x00C0006F) jal zero, 12


mem[X,0x8002E124] -> 0x6663
mem[X,0x8002E126] -> 0x00B5
[4479] [M]: 0x8002E124 (0x00B56663) bltu a0, a1, 12


mem[X,0x8002E130] -> 0x0213
mem[X,0x8002E132] -> 0x0032
[4480] [M]: 0x8002E130 (0x00320213) addi tp, tp, 3
x4 <- 0x00000003


mem[X,0x8002E134] -> 0x006F
mem[X,0x8002E136] -> 0x0040
[4481] [M]: 0x8002E134 (0x0040006F) jal zero, 4


mem[X,0x8002E138] -> 0xAC23
mem[X,0x8002E13A] -> 0x7040
[4482] [M]: 0x8002E138 (0x7040AC23) sw tp, 1816(ra)
mem[0x8004B98C] <- 0x00000003


mem[X,0x8002E13C] -> 0xB537
mem[X,0x8002E13E] -> 0x0000
[4483] [M]: 0x8002E13C (0x0000B537) lui a0, 11
x10 <- 0x0000B000


mem[X,0x8002E140] -> 0x0513
mem[X,0x8002E142] -> 0x5035
[4484] [M]: 0x8002E140 (0x50350513) addi a0, a0, 1283
x10 <- 0x0000B503


mem[X,0x8002E144] -> 0x0593
mem[X,0x8002E146] -> 0x0020
[4485] [M]: 0x8002E144 (0x00200593) addi a1, zero, 2
x11 <- 0x00000002


mem[X,0x8002E148] -> 0x0213
mem[X,0x8002E14A] -> 0x0000
[4486] [M]: 0x8002E148 (0x00000213) addi tp, zero, 0
x4 <- 0x00000000


mem[X,0x8002E14C] -> 0x006F
mem[X,0x8002E14E] -> 0x00C0
[4487] [M]: 0x8002E14C (0x00C0006F) jal zero, 12


mem[X,0x8002E158] -> 0x6CE3
mem[X,0x8002E15A] -> 0xFEB5
[4488] [M]: 0x8002E158 (0xFEB56CE3) bltu a0, a1, 8184


mem[X,0x8002E15C] -> 0x0213
mem[X,0x8002E15E] -> 0x0022
[4489] [M]: 0x8002E15C (0x00220213) addi tp, tp, 2
x4 <- 0x00000002


mem[X,0x8002E160] -> 0x006F
mem[X,0x8002E162] -> 0x00C0
[4490] [M]: 0x8002E160 (0x00C0006F) jal zero, 12


mem[X,0x8002E16C] -> 0xAE23
mem[X,0x8002E16E] -> 0x7040
[4491] [M]: 0x8002E16C (0x7040AE23) sw tp, 1820(ra)
mem[0x8004B990] <- 0x00000002


mem[X,0x8002E170] -> 0xB537
mem[X,0x8002E172] -> 0x0000
[4492] [M]: 0x8002E170 (0x0000B537) lui a0, 11
x10 <- 0x0000B000


mem[X,0x8002E174] -> 0x0513
mem[X,0x8002E176] -> 0x5035
[4493] [M]: 0x8002E174 (0x50350513) addi a0, a0, 1283
x10 <- 0x0000B503


mem[X,0x8002E178] -> 0x55B7
mem[X,0x8002E17A] -> 0x5555
[4494] [M]: 0x8002E178 (0x555555B7) lui a1, 349525
x11 <- 0x55555000


mem[X,0x8002E17C] -> 0x8593
mem[X,0x8002E17E] -> 0x5545
[4495] [M]: 0x8002E17C (0x55458593) addi a1, a1, 1364
x11 <- 0x55555554


mem[X,0x8002E180] -> 0x0213
mem[X,0x8002E182] -> 0x0000
[4496] [M]: 0x8002E180 (0x00000213) addi tp, zero, 0
x4 <- 0x00000000


mem[X,0x8002E184] -> 0x006F
mem[X,0x8002E186] -> 0x00C0
[4497] [M]: 0x8002E184 (0x00C0006F) jal zero, 12


mem[X,0x8002E190] -> 0x6063
mem[X,0x8002E192] -> 0x10B5
[4498] [M]: 0x8002E190 (0x10B56063) bltu a0, a1, 256


mem[X,0x8002E290] -> 0x0213
mem[X,0x8002E292] -> 0x0032
[4499] [M]: 0x8002E290 (0x00320213) addi tp, tp, 3
x4 <- 0x00000003


clint::tick mtime <- 0x000000000000002D
 clint timer pending at mtime 0x000000000000002D
htif::tick 0x0000000000000000
mem[X,0x8002E294] -> 0x006F
mem[X,0x8002E296] -> 0x0040
[4500] [M]: 0x8002E294 (0x0040006F) jal zero, 4


mem[X,0x8002E298] -> 0xA023
mem[X,0x8002E29A] -> 0x7240
[4501] [M]: 0x8002E298 (0x7240A023) sw tp, 1824(ra)
mem[0x8004B994] <- 0x00000003


mem[X,0x8002E29C] -> 0xB537
mem[X,0x8002E29E] -> 0x0000
[4502] [M]: 0x8002E29C (0x0000B537) lui a0, 11
x10 <- 0x0000B000


mem[X,0x8002E2A0] -> 0x0513
mem[X,0x8002E2A2] -> 0x5035
[4503] [M]: 0x8002E2A0 (0x50350513) addi a0, a0, 1283
x10 <- 0x0000B503


mem[X,0x8002E2A4] -> 0xB5B7
mem[X,0x8002E2A6] -> 0xAAAA
[4504] [M]: 0x8002E2A4 (0xAAAAB5B7) lui a1, 699051
x11 <- 0xAAAAB000


mem[X,0x8002E2A8] -> 0x8593
mem[X,0x8002E2AA] -> 0xAA95
[4505] [M]: 0x8002E2A8 (0xAA958593) addi a1, a1, 2729
x11 <- 0xAAAAAAA9


mem[X,0x8002E2AC] -> 0x0213
mem[X,0x8002E2AE] -> 0x0000
[4506] [M]: 0x8002E2AC (0x00000213) addi tp, zero, 0
x4 <- 0x00000000


mem[X,0x8002E2B0] -> 0x006F
mem[X,0x8002E2B2] -> 0x00C0
[4507] [M]: 0x8002E2B0 (0x00C0006F) jal zero, 12


mem[X,0x8002E2BC] -> 0x6063
mem[X,0x8002E2BE] -> 0x02B5
[4508] [M]: 0x8002E2BC (0x02B56063) bltu a0, a1, 32


mem[X,0x8002E2DC] -> 0x0213
mem[X,0x8002E2DE] -> 0x0032
[4509] [M]: 0x8002E2DC (0x00320213) addi tp, tp, 3
x4 <- 0x00000003


mem[X,0x8002E2E0] -> 0x006F
mem[X,0x8002E2E2] -> 0x0040
[4510] [M]: 0x8002E2E0 (0x0040006F) jal zero, 4


mem[X,0x8002E2E4] -> 0xA223
mem[X,0x8002E2E6] -> 0x7240
[4511] [M]: 0x8002E2E4 (0x7240A223) sw tp, 1828(ra)
mem[0x8004B998] <- 0x00000003


mem[X,0x8002E2E8] -> 0xB537
mem[X,0x8002E2EA] -> 0x0000
[4512] [M]: 0x8002E2E8 (0x0000B537) lui a0, 11
x10 <- 0x0000B000


mem[X,0x8002E2EC] -> 0x0513
mem[X,0x8002E2EE] -> 0x5035
[4513] [M]: 0x8002E2EC (0x50350513) addi a0, a0, 1283
x10 <- 0x0000B503


mem[X,0x8002E2F0] -> 0x0593
mem[X,0x8002E2F2] -> 0x0040
[4514] [M]: 0x8002E2F0 (0x00400593) addi a1, zero, 4
x11 <- 0x00000004


mem[X,0x8002E2F4] -> 0x0213
mem[X,0x8002E2F6] -> 0x0000
[4515] [M]: 0x8002E2F4 (0x00000213) addi tp, zero, 0
x4 <- 0x00000000


mem[X,0x8002E2F8] -> 0x006F
mem[X,0x8002E2FA] -> 0x00C0
[4516] [M]: 0x8002E2F8 (0x00C0006F) jal zero, 12


mem[X,0x8002E304] -> 0x6663
mem[X,0x8002E306] -> 0x00B5
[4517] [M]: 0x8002E304 (0x00B56663) bltu a0, a1, 12


mem[X,0x8002E308] -> 0x0213
mem[X,0x8002E30A] -> 0x0022
[4518] [M]: 0x8002E308 (0x00220213) addi tp, tp, 2
x4 <- 0x00000002


mem[X,0x8002E30C] -> 0x006F
mem[X,0x8002E30E] -> 0x00C0
[4519] [M]: 0x8002E30C (0x00C0006F) jal zero, 12


mem[X,0x8002E318] -> 0xA423
mem[X,0x8002E31A] -> 0x7240
[4520] [M]: 0x8002E318 (0x7240A423) sw tp, 1832(ra)
mem[0x8004B99C] <- 0x00000002


mem[X,0x8002E31C] -> 0xB537
mem[X,0x8002E31E] -> 0x0000
[4521] [M]: 0x8002E31C (0x0000B537) lui a0, 11
x10 <- 0x0000B000


mem[X,0x8002E320] -> 0x0513
mem[X,0x8002E322] -> 0x5035
[4522] [M]: 0x8002E320 (0x50350513) addi a0, a0, 1283
x10 <- 0x0000B503


mem[X,0x8002E324] -> 0x35B7
mem[X,0x8002E326] -> 0x3333
[4523] [M]: 0x8002E324 (0x333335B7) lui a1, 209715
x11 <- 0x33333000


mem[X,0x8002E328] -> 0x8593
mem[X,0x8002E32A] -> 0x3325
[4524] [M]: 0x8002E328 (0x33258593) addi a1, a1, 818
x11 <- 0x33333332


mem[X,0x8002E32C] -> 0x0213
mem[X,0x8002E32E] -> 0x0000
[4525] [M]: 0x8002E32C (0x00000213) addi tp, zero, 0
x4 <- 0x00000000


mem[X,0x8002E330] -> 0x006F
mem[X,0x8002E332] -> 0x00C0
[4526] [M]: 0x8002E330 (0x00C0006F) jal zero, 12


mem[X,0x8002E33C] -> 0x6063
mem[X,0x8002E33E] -> 0x10B5
[4527] [M]: 0x8002E33C (0x10B56063) bltu a0, a1, 256


mem[X,0x8002E43C] -> 0x0213
mem[X,0x8002E43E] -> 0x0032
[4528] [M]: 0x8002E43C (0x00320213) addi tp, tp, 3
x4 <- 0x00000003


mem[X,0x8002E440] -> 0x006F
mem[X,0x8002E442] -> 0x0040
[4529] [M]: 0x8002E440 (0x0040006F) jal zero, 4


mem[X,0x8002E444] -> 0xA623
mem[X,0x8002E446] -> 0x7240
[4530] [M]: 0x8002E444 (0x7240A623) sw tp, 1836(ra)
mem[0x8004B9A0] <- 0x00000003


mem[X,0x8002E448] -> 0xB537
mem[X,0x8002E44A] -> 0x0000
[4531] [M]: 0x8002E448 (0x0000B537) lui a0, 11
x10 <- 0x0000B000


mem[X,0x8002E44C] -> 0x0513
mem[X,0x8002E44E] -> 0x5035
[4532] [M]: 0x8002E44C (0x50350513) addi a0, a0, 1283
x10 <- 0x0000B503


mem[X,0x8002E450] -> 0x65B7
mem[X,0x8002E452] -> 0x6666
[4533] [M]: 0x8002E450 (0x666665B7) lui a1, 419430
x11 <- 0x66666000


mem[X,0x8002E454] -> 0x8593
mem[X,0x8002E456] -> 0x6655
[4534] [M]: 0x8002E454 (0x66558593) addi a1, a1, 1637
x11 <- 0x66666665


mem[X,0x8002E458] -> 0x0213
mem[X,0x8002E45A] -> 0x0000
[4535] [M]: 0x8002E458 (0x00000213) addi tp, zero, 0
x4 <- 0x00000000


mem[X,0x8002E45C] -> 0x006F
mem[X,0x8002E45E] -> 0x00C0
[4536] [M]: 0x8002E45C (0x00C0006F) jal zero, 12


mem[X,0x8002E468] -> 0x6663
mem[X,0x8002E46A] -> 0x00B5
[4537] [M]: 0x8002E468 (0x00B56663) bltu a0, a1, 12


mem[X,0x8002E474] -> 0x0213
mem[X,0x8002E476] -> 0x0032
[4538] [M]: 0x8002E474 (0x00320213) addi tp, tp, 3
x4 <- 0x00000003


mem[X,0x8002E478] -> 0x006F
mem[X,0x8002E47A] -> 0x0040
[4539] [M]: 0x8002E478 (0x0040006F) jal zero, 4


mem[X,0x8002E47C] -> 0xA823
mem[X,0x8002E47E] -> 0x7240
[4540] [M]: 0x8002E47C (0x7240A823) sw tp, 1840(ra)
mem[0x8004B9A4] <- 0x00000003


mem[X,0x8002E480] -> 0xB537
mem[X,0x8002E482] -> 0x0000
[4541] [M]: 0x8002E480 (0x0000B537) lui a0, 11
x10 <- 0x0000B000


mem[X,0x8002E484] -> 0x0513
mem[X,0x8002E486] -> 0x5035
[4542] [M]: 0x8002E484 (0x50350513) addi a0, a0, 1283
x10 <- 0x0000B503


mem[X,0x8002E488] -> 0xB5B7
mem[X,0x8002E48A] -> 0x0000
[4543] [M]: 0x8002E488 (0x0000B5B7) lui a1, 11
x11 <- 0x0000B000


mem[X,0x8002E48C] -> 0x8593
mem[X,0x8002E48E] -> 0x5035
[4544] [M]: 0x8002E48C (0x50358593) addi a1, a1, 1283
x11 <- 0x0000B503


mem[X,0x8002E490] -> 0x0213
mem[X,0x8002E492] -> 0x0000
[4545] [M]: 0x8002E490 (0x00000213) addi tp, zero, 0
x4 <- 0x00000000


mem[X,0x8002E494] -> 0x006F
mem[X,0x8002E496] -> 0x2B10
[4546] [M]: 0x8002E494 (0x2B10006F) jal zero, 2736


mem[X,0x8002EF44] -> 0x6A63
mem[X,0x8002EF46] -> 0xD4B5
[4547] [M]: 0x8002EF44 (0xD4B56A63) bltu a0, a1, 5460


mem[X,0x8002EF48] -> 0x0213
mem[X,0x8002EF4A] -> 0x0022
[4548] [M]: 0x8002EF48 (0x00220213) addi tp, tp, 2
x4 <- 0x00000002


mem[X,0x8002EF4C] -> 0x006F
mem[X,0x8002EF4E] -> 0x00C0
[4549] [M]: 0x8002EF4C (0x00C0006F) jal zero, 12


mem[X,0x8002EF58] -> 0xAA23
mem[X,0x8002EF5A] -> 0x7240
[4550] [M]: 0x8002EF58 (0x7240AA23) sw tp, 1844(ra)
mem[0x8004B9A8] <- 0x00000002


mem[X,0x8002EF5C] -> 0xB537
mem[X,0x8002EF5E] -> 0x0000
[4551] [M]: 0x8002EF5C (0x0000B537) lui a0, 11
x10 <- 0x0000B000


mem[X,0x8002EF60] -> 0x0513
mem[X,0x8002EF62] -> 0x5035
[4552] [M]: 0x8002EF60 (0x50350513) addi a0, a0, 1283
x10 <- 0x0000B503


mem[X,0x8002EF64] -> 0x05B7
mem[X,0x8002EF66] -> 0x0001
[4553] [M]: 0x8002EF64 (0x000105B7) lui a1, 16
x11 <- 0x00010000


mem[X,0x8002EF68] -> 0x8593
mem[X,0x8002EF6A] -> 0xFFE5
[4554] [M]: 0x8002EF68 (0xFFE58593) addi a1, a1, 4094
x11 <- 0x0000FFFE


mem[X,0x8002EF6C] -> 0x0213
mem[X,0x8002EF6E] -> 0x0000
[4555] [M]: 0x8002EF6C (0x00000213) addi tp, zero, 0
x4 <- 0x00000000


mem[X,0x8002EF70] -> 0x006F
mem[X,0x8002EF72] -> 0x0100
[4556] [M]: 0x8002EF70 (0x0100006F) jal zero, 16


mem[X,0x8002EF80] -> 0x6AE3
mem[X,0x8002EF82] -> 0xFEB5
[4557] [M]: 0x8002EF80 (0xFEB56AE3) bltu a0, a1, 8180


mem[X,0x8002EF74] -> 0x0213
mem[X,0x8002EF76] -> 0x0012
[4558] [M]: 0x8002EF74 (0x00120213) addi tp, tp, 1
x4 <- 0x00000001


mem[X,0x8002EF78] -> 0x006F
mem[X,0x8002EF7A] -> 0x01C0
[4559] [M]: 0x8002EF78 (0x01C0006F) jal zero, 28


mem[X,0x8002EF94] -> 0xAC23
mem[X,0x8002EF96] -> 0x7240
[4560] [M]: 0x8002EF94 (0x7240AC23) sw tp, 1848(ra)
mem[0x8004B9AC] <- 0x00000001


mem[X,0x8002EF98] -> 0xB537
mem[X,0x8002EF9A] -> 0x0000
[4561] [M]: 0x8002EF98 (0x0000B537) lui a0, 11
x10 <- 0x0000B000


mem[X,0x8002EF9C] -> 0x0513
mem[X,0x8002EF9E] -> 0x5035
[4562] [M]: 0x8002EF9C (0x50350513) addi a0, a0, 1283
x10 <- 0x0000B503


mem[X,0x8002EFA0] -> 0x55B7
mem[X,0x8002EFA2] -> 0x5555
[4563] [M]: 0x8002EFA0 (0x555555B7) lui a1, 349525
x11 <- 0x55555000


mem[X,0x8002EFA4] -> 0x8593
mem[X,0x8002EFA6] -> 0x5565
[4564] [M]: 0x8002EFA4 (0x55658593) addi a1, a1, 1366
x11 <- 0x55555556


mem[X,0x8002EFA8] -> 0x0213
mem[X,0x8002EFAA] -> 0x0000
[4565] [M]: 0x8002EFA8 (0x00000213) addi tp, zero, 0
x4 <- 0x00000000


mem[X,0x8002EFAC] -> 0x006F
mem[X,0x8002EFAE] -> 0x00C0
[4566] [M]: 0x8002EFAC (0x00C0006F) jal zero, 12


mem[X,0x8002EFB8] -> 0x6663
mem[X,0x8002EFBA] -> 0x00B5
[4567] [M]: 0x8002EFB8 (0x00B56663) bltu a0, a1, 12


mem[X,0x8002EFC4] -> 0x0213
mem[X,0x8002EFC6] -> 0x0032
[4568] [M]: 0x8002EFC4 (0x00320213) addi tp, tp, 3
x4 <- 0x00000003


mem[X,0x8002EFC8] -> 0x006F
mem[X,0x8002EFCA] -> 0x0040
[4569] [M]: 0x8002EFC8 (0x0040006F) jal zero, 4


mem[X,0x8002EFCC] -> 0xAE23
mem[X,0x8002EFCE] -> 0x7240
[4570] [M]: 0x8002EFCC (0x7240AE23) sw tp, 1852(ra)
mem[0x8004B9B0] <- 0x00000003


mem[X,0x8002EFD0] -> 0xB537
mem[X,0x8002EFD2] -> 0x0000
[4571] [M]: 0x8002EFD0 (0x0000B537) lui a0, 11
x10 <- 0x0000B000


mem[X,0x8002EFD4] -> 0x0513
mem[X,0x8002EFD6] -> 0x5035
[4572] [M]: 0x8002EFD4 (0x50350513) addi a0, a0, 1283
x10 <- 0x0000B503


mem[X,0x8002EFD8] -> 0xB5B7
mem[X,0x8002EFDA] -> 0xAAAA
[4573] [M]: 0x8002EFD8 (0xAAAAB5B7) lui a1, 699051
x11 <- 0xAAAAB000


mem[X,0x8002EFDC] -> 0x8593
mem[X,0x8002EFDE] -> 0xAAB5
[4574] [M]: 0x8002EFDC (0xAAB58593) addi a1, a1, 2731
x11 <- 0xAAAAAAAB


mem[X,0x8002EFE0] -> 0x0213
mem[X,0x8002EFE2] -> 0x0000
[4575] [M]: 0x8002EFE0 (0x00000213) addi tp, zero, 0
x4 <- 0x00000000


mem[X,0x8002EFE4] -> 0x006F
mem[X,0x8002EFE6] -> 0x00C0
[4576] [M]: 0x8002EFE4 (0x00C0006F) jal zero, 12


mem[X,0x8002EFF0] -> 0x6CE3
mem[X,0x8002EFF2] -> 0xFEB5
[4577] [M]: 0x8002EFF0 (0xFEB56CE3) bltu a0, a1, 8184


mem[X,0x8002EFE8] -> 0x0213
mem[X,0x8002EFEA] -> 0x0012
[4578] [M]: 0x8002EFE8 (0x00120213) addi tp, tp, 1
x4 <- 0x00000001


mem[X,0x8002EFEC] -> 0x006F
mem[X,0x8002EFEE] -> 0x0180
[4579] [M]: 0x8002EFEC (0x0180006F) jal zero, 24


mem[X,0x8002F004] -> 0xA023
mem[X,0x8002F006] -> 0x7440
[4580] [M]: 0x8002F004 (0x7440A023) sw tp, 1856(ra)
mem[0x8004B9B4] <- 0x00000001


mem[X,0x8002F008] -> 0xB537
mem[X,0x8002F00A] -> 0x0000
[4581] [M]: 0x8002F008 (0x0000B537) lui a0, 11
x10 <- 0x0000B000


mem[X,0x8002F00C] -> 0x0513
mem[X,0x8002F00E] -> 0x5035
[4582] [M]: 0x8002F00C (0x50350513) addi a0, a0, 1283
x10 <- 0x0000B503


mem[X,0x8002F010] -> 0x0593
mem[X,0x8002F012] -> 0x0060
[4583] [M]: 0x8002F010 (0x00600593) addi a1, zero, 6
x11 <- 0x00000006


mem[X,0x8002F014] -> 0x0213
mem[X,0x8002F016] -> 0x0000
[4584] [M]: 0x8002F014 (0x00000213) addi tp, zero, 0
x4 <- 0x00000000


mem[X,0x8002F018] -> 0x006F
mem[X,0x8002F01A] -> 0x00C0
[4585] [M]: 0x8002F018 (0x00C0006F) jal zero, 12


mem[X,0x8002F024] -> 0x6063
mem[X,0x8002F026] -> 0x40B5
[4586] [M]: 0x8002F024 (0x40B56063) bltu a0, a1, 1024


mem[X,0x8002F028] -> 0x0213
mem[X,0x8002F02A] -> 0x0022
[4587] [M]: 0x8002F028 (0x00220213) addi tp, tp, 2
x4 <- 0x00000002


mem[X,0x8002F02C] -> 0x006F
mem[X,0x8002F02E] -> 0x4000
[4588] [M]: 0x8002F02C (0x4000006F) jal zero, 1024


mem[X,0x8002F42C] -> 0xA223
mem[X,0x8002F42E] -> 0x7440
[4589] [M]: 0x8002F42C (0x7440A223) sw tp, 1860(ra)
mem[0x8004B9B8] <- 0x00000002


mem[X,0x8002F430] -> 0xB537
mem[X,0x8002F432] -> 0x0000
[4590] [M]: 0x8002F430 (0x0000B537) lui a0, 11
x10 <- 0x0000B000


mem[X,0x8002F434] -> 0x0513
mem[X,0x8002F436] -> 0x5035
[4591] [M]: 0x8002F434 (0x50350513) addi a0, a0, 1283
x10 <- 0x0000B503


mem[X,0x8002F438] -> 0x35B7
mem[X,0x8002F43A] -> 0x3333
[4592] [M]: 0x8002F438 (0x333335B7) lui a1, 209715
x11 <- 0x33333000


mem[X,0x8002F43C] -> 0x8593
mem[X,0x8002F43E] -> 0x3345
[4593] [M]: 0x8002F43C (0x33458593) addi a1, a1, 820
x11 <- 0x33333334


mem[X,0x8002F440] -> 0x0213
mem[X,0x8002F442] -> 0x0000
[4594] [M]: 0x8002F440 (0x00000213) addi tp, zero, 0
x4 <- 0x00000000


mem[X,0x8002F444] -> 0x006F
mem[X,0x8002F446] -> 0x00C0
[4595] [M]: 0x8002F444 (0x00C0006F) jal zero, 12


mem[X,0x8002F450] -> 0x6CE3
mem[X,0x8002F452] -> 0xFEB5
[4596] [M]: 0x8002F450 (0xFEB56CE3) bltu a0, a1, 8184


mem[X,0x8002F448] -> 0x0213
mem[X,0x8002F44A] -> 0x0012
[4597] [M]: 0x8002F448 (0x00120213) addi tp, tp, 1
x4 <- 0x00000001


mem[X,0x8002F44C] -> 0x006F
mem[X,0x8002F44E] -> 0x0180
[4598] [M]: 0x8002F44C (0x0180006F) jal zero, 24


mem[X,0x8002F464] -> 0xA423
mem[X,0x8002F466] -> 0x7440
[4599] [M]: 0x8002F464 (0x7440A423) sw tp, 1864(ra)
mem[0x8004B9BC] <- 0x00000001


clint::tick mtime <- 0x000000000000002E
 clint timer pending at mtime 0x000000000000002E
htif::tick 0x0000000000000000
mem[X,0x8002F468] -> 0xB537
mem[X,0x8002F46A] -> 0x0000
[4600] [M]: 0x8002F468 (0x0000B537) lui a0, 11
x10 <- 0x0000B000


mem[X,0x8002F46C] -> 0x0513
mem[X,0x8002F46E] -> 0x5035
[4601] [M]: 0x8002F46C (0x50350513) addi a0, a0, 1283
x10 <- 0x0000B503


mem[X,0x8002F470] -> 0x65B7
mem[X,0x8002F472] -> 0x6666
[4602] [M]: 0x8002F470 (0x666665B7) lui a1, 419430
x11 <- 0x66666000


mem[X,0x8002F474] -> 0x8593
mem[X,0x8002F476] -> 0x6675
[4603] [M]: 0x8002F474 (0x66758593) addi a1, a1, 1639
x11 <- 0x66666667


mem[X,0x8002F478] -> 0x0213
mem[X,0x8002F47A] -> 0x0000
[4604] [M]: 0x8002F478 (0x00000213) addi tp, zero, 0
x4 <- 0x00000000


mem[X,0x8002F47C] -> 0x006F
mem[X,0x8002F47E] -> 0x00C0
[4605] [M]: 0x8002F47C (0x00C0006F) jal zero, 12


mem[X,0x8002F488] -> 0x6663
mem[X,0x8002F48A] -> 0x00B5
[4606] [M]: 0x8002F488 (0x00B56663) bltu a0, a1, 12


mem[X,0x8002F494] -> 0x0213
mem[X,0x8002F496] -> 0x0032
[4607] [M]: 0x8002F494 (0x00320213) addi tp, tp, 3
x4 <- 0x00000003


mem[X,0x8002F498] -> 0x006F
mem[X,0x8002F49A] -> 0x0040
[4608] [M]: 0x8002F498 (0x0040006F) jal zero, 4


mem[X,0x8002F49C] -> 0xA623
mem[X,0x8002F49E] -> 0x7440
[4609] [M]: 0x8002F49C (0x7440A623) sw tp, 1868(ra)
mem[0x8004B9C0] <- 0x00000003


mem[X,0x8002F4A0] -> 0xB537
mem[X,0x8002F4A2] -> 0x0000
[4610] [M]: 0x8002F4A0 (0x0000B537) lui a0, 11
x10 <- 0x0000B000


mem[X,0x8002F4A4] -> 0x0513
mem[X,0x8002F4A6] -> 0x5035
[4611] [M]: 0x8002F4A4 (0x50350513) addi a0, a0, 1283
x10 <- 0x0000B503


mem[X,0x8002F4A8] -> 0xB5B7
mem[X,0x8002F4AA] -> 0x0000
[4612] [M]: 0x8002F4A8 (0x0000B5B7) lui a1, 11
x11 <- 0x0000B000


mem[X,0x8002F4AC] -> 0x8593
mem[X,0x8002F4AE] -> 0x5055
[4613] [M]: 0x8002F4AC (0x50558593) addi a1, a1, 1285
x11 <- 0x0000B505


mem[X,0x8002F4B0] -> 0x0213
mem[X,0x8002F4B2] -> 0x0000
[4614] [M]: 0x8002F4B0 (0x00000213) addi tp, zero, 0
x4 <- 0x00000000


mem[X,0x8002F4B4] -> 0x006F
mem[X,0x8002F4B6] -> 0x00C0
[4615] [M]: 0x8002F4B4 (0x00C0006F) jal zero, 12


mem[X,0x8002F4C0] -> 0x6063
mem[X,0x8002F4C2] -> 0x40B5
[4616] [M]: 0x8002F4C0 (0x40B56063) bltu a0, a1, 1024


mem[X,0x8002F8C0] -> 0x0213
mem[X,0x8002F8C2] -> 0x0032
[4617] [M]: 0x8002F8C0 (0x00320213) addi tp, tp, 3
x4 <- 0x00000003


mem[X,0x8002F8C4] -> 0x006F
mem[X,0x8002F8C6] -> 0x0040
[4618] [M]: 0x8002F8C4 (0x0040006F) jal zero, 4


mem[X,0x8002F8C8] -> 0xA823
mem[X,0x8002F8CA] -> 0x7440
[4619] [M]: 0x8002F8C8 (0x7440A823) sw tp, 1872(ra)
mem[0x8004B9C4] <- 0x00000003


mem[X,0x8002F8CC] -> 0xB537
mem[X,0x8002F8CE] -> 0x0000
[4620] [M]: 0x8002F8CC (0x0000B537) lui a0, 11
x10 <- 0x0000B000


mem[X,0x8002F8D0] -> 0x0513
mem[X,0x8002F8D2] -> 0x5035
[4621] [M]: 0x8002F8D0 (0x50350513) addi a0, a0, 1283
x10 <- 0x0000B503


mem[X,0x8002F8D4] -> 0x0593
mem[X,0x8002F8D6] -> 0x0010
[4622] [M]: 0x8002F8D4 (0x00100593) addi a1, zero, 1
x11 <- 0x00000001


mem[X,0x8002F8D8] -> 0x0213
mem[X,0x8002F8DA] -> 0x0000
[4623] [M]: 0x8002F8D8 (0x00000213) addi tp, zero, 0
x4 <- 0x00000000


mem[X,0x8002F8DC] -> 0x006F
mem[X,0x8002F8DE] -> 0x0140
[4624] [M]: 0x8002F8DC (0x0140006F) jal zero, 20


mem[X,0x8002F8F0] -> 0x68E3
mem[X,0x8002F8F2] -> 0xFEB5
[4625] [M]: 0x8002F8F0 (0xFEB568E3) bltu a0, a1, 8176


mem[X,0x8002F8F4] -> 0x0213
mem[X,0x8002F8F6] -> 0x0022
[4626] [M]: 0x8002F8F4 (0x00220213) addi tp, tp, 2
x4 <- 0x00000002


mem[X,0x8002F8F8] -> 0x006F
mem[X,0x8002F8FA] -> 0x00C0
[4627] [M]: 0x8002F8F8 (0x00C0006F) jal zero, 12


mem[X,0x8002F904] -> 0xAA23
mem[X,0x8002F906] -> 0x7440
[4628] [M]: 0x8002F904 (0x7440AA23) sw tp, 1876(ra)
mem[0x8004B9C8] <- 0x00000002


mem[X,0x8002F908] -> 0xB537
mem[X,0x8002F90A] -> 0x0000
[4629] [M]: 0x8002F908 (0x0000B537) lui a0, 11
x10 <- 0x0000B000


mem[X,0x8002F90C] -> 0x0513
mem[X,0x8002F90E] -> 0x5035
[4630] [M]: 0x8002F90C (0x50350513) addi a0, a0, 1283
x10 <- 0x0000B503


mem[X,0x8002F910] -> 0x05B7
mem[X,0x8002F912] -> 0x0001
[4631] [M]: 0x8002F910 (0x000105B7) lui a1, 16
x11 <- 0x00010000


mem[X,0x8002F914] -> 0x0213
mem[X,0x8002F916] -> 0x0000
[4632] [M]: 0x8002F914 (0x00000213) addi tp, zero, 0
x4 <- 0x00000000


mem[X,0x8002F918] -> 0x006F
mem[X,0x8002F91A] -> 0x0140
[4633] [M]: 0x8002F918 (0x0140006F) jal zero, 20


mem[X,0x8002F92C] -> 0x68E3
mem[X,0x8002F92E] -> 0xFEB5
[4634] [M]: 0x8002F92C (0xFEB568E3) bltu a0, a1, 8176


mem[X,0x8002F91C] -> 0x0213
mem[X,0x8002F91E] -> 0x0012
[4635] [M]: 0x8002F91C (0x00120213) addi tp, tp, 1
x4 <- 0x00000001


mem[X,0x8002F920] -> 0x006F
mem[X,0x8002F922] -> 0x0200
[4636] [M]: 0x8002F920 (0x0200006F) jal zero, 32


mem[X,0x8002F940] -> 0xAC23
mem[X,0x8002F942] -> 0x7440
[4637] [M]: 0x8002F940 (0x7440AC23) sw tp, 1880(ra)
mem[0x8004B9CC] <- 0x00000001


mem[X,0x8002F944] -> 0x0537
mem[X,0x8002F946] -> 0x0001
[4638] [M]: 0x8002F944 (0x00010537) lui a0, 16
x10 <- 0x00010000


mem[X,0x8002F948] -> 0x0513
mem[X,0x8002F94A] -> 0xFFE5
[4639] [M]: 0x8002F948 (0xFFE50513) addi a0, a0, 4094
x10 <- 0x0000FFFE


mem[X,0x8002F94C] -> 0x0593
mem[X,0x8002F94E] -> 0x0030
[4640] [M]: 0x8002F94C (0x00300593) addi a1, zero, 3
x11 <- 0x00000003


mem[X,0x8002F950] -> 0x0213
mem[X,0x8002F952] -> 0x0000
[4641] [M]: 0x8002F950 (0x00000213) addi tp, zero, 0
x4 <- 0x00000000


mem[X,0x8002F954] -> 0x006F
mem[X,0x8002F956] -> 0x00C0
[4642] [M]: 0x8002F954 (0x00C0006F) jal zero, 12


mem[X,0x8002F960] -> 0x6863
mem[X,0x8002F962] -> 0x00B5
[4643] [M]: 0x8002F960 (0x00B56863) bltu a0, a1, 16


mem[X,0x8002F964] -> 0x0213
mem[X,0x8002F966] -> 0x0022
[4644] [M]: 0x8002F964 (0x00220213) addi tp, tp, 2
x4 <- 0x00000002


mem[X,0x8002F968] -> 0x006F
mem[X,0x8002F96A] -> 0x0100
[4645] [M]: 0x8002F968 (0x0100006F) jal zero, 16


mem[X,0x8002F978] -> 0xAE23
mem[X,0x8002F97A] -> 0x7440
[4646] [M]: 0x8002F978 (0x7440AE23) sw tp, 1884(ra)
mem[0x8004B9D0] <- 0x00000002


mem[X,0x8002F97C] -> 0x0537
mem[X,0x8002F97E] -> 0x0001
[4647] [M]: 0x8002F97C (0x00010537) lui a0, 16
x10 <- 0x00010000


mem[X,0x8002F980] -> 0x0513
mem[X,0x8002F982] -> 0xFFE5
[4648] [M]: 0x8002F980 (0xFFE50513) addi a0, a0, 4094
x10 <- 0x0000FFFE


mem[X,0x8002F984] -> 0x55B7
mem[X,0x8002F986] -> 0x5555
[4649] [M]: 0x8002F984 (0x555555B7) lui a1, 349525
x11 <- 0x55555000


mem[X,0x8002F988] -> 0x8593
mem[X,0x8002F98A] -> 0x5555
[4650] [M]: 0x8002F988 (0x55558593) addi a1, a1, 1365
x11 <- 0x55555555


mem[X,0x8002F98C] -> 0x0213
mem[X,0x8002F98E] -> 0x0000
[4651] [M]: 0x8002F98C (0x00000213) addi tp, zero, 0
x4 <- 0x00000000


mem[X,0x8002F990] -> 0x006F
mem[X,0x8002F992] -> 0x0100
[4652] [M]: 0x8002F990 (0x0100006F) jal zero, 16


mem[X,0x8002F9A0] -> 0x6AE3
mem[X,0x8002F9A2] -> 0xFEB5
[4653] [M]: 0x8002F9A0 (0xFEB56AE3) bltu a0, a1, 8180


mem[X,0x8002F994] -> 0x0213
mem[X,0x8002F996] -> 0x0012
[4654] [M]: 0x8002F994 (0x00120213) addi tp, tp, 1
x4 <- 0x00000001


mem[X,0x8002F998] -> 0x006F
mem[X,0x8002F99A] -> 0x01C0
[4655] [M]: 0x8002F998 (0x01C0006F) jal zero, 28


mem[X,0x8002F9B4] -> 0xA023
mem[X,0x8002F9B6] -> 0x7640
[4656] [M]: 0x8002F9B4 (0x7640A023) sw tp, 1888(ra)
mem[0x8004B9D4] <- 0x00000001


mem[X,0x8002F9B8] -> 0x0537
mem[X,0x8002F9BA] -> 0x0001
[4657] [M]: 0x8002F9B8 (0x00010537) lui a0, 16
x10 <- 0x00010000


mem[X,0x8002F9BC] -> 0x0513
mem[X,0x8002F9BE] -> 0xFFE5
[4658] [M]: 0x8002F9BC (0xFFE50513) addi a0, a0, 4094
x10 <- 0x0000FFFE


mem[X,0x8002F9C0] -> 0xB5B7
mem[X,0x8002F9C2] -> 0xAAAA
[4659] [M]: 0x8002F9C0 (0xAAAAB5B7) lui a1, 699051
x11 <- 0xAAAAB000


mem[X,0x8002F9C4] -> 0x8593
mem[X,0x8002F9C6] -> 0xAAA5
[4660] [M]: 0x8002F9C4 (0xAAA58593) addi a1, a1, 2730
x11 <- 0xAAAAAAAA


mem[X,0x8002F9C8] -> 0x0213
mem[X,0x8002F9CA] -> 0x0000
[4661] [M]: 0x8002F9C8 (0x00000213) addi tp, zero, 0
x4 <- 0x00000000


mem[X,0x8002F9CC] -> 0x006F
mem[X,0x8002F9CE] -> 0x00C0
[4662] [M]: 0x8002F9CC (0x00C0006F) jal zero, 12


mem[X,0x8002F9D8] -> 0x6063
mem[X,0x8002F9DA] -> 0x02B5
[4663] [M]: 0x8002F9D8 (0x02B56063) bltu a0, a1, 32


mem[X,0x8002F9F8] -> 0x0213
mem[X,0x8002F9FA] -> 0x0032
[4664] [M]: 0x8002F9F8 (0x00320213) addi tp, tp, 3
x4 <- 0x00000003


mem[X,0x8002F9FC] -> 0x006F
mem[X,0x8002F9FE] -> 0x0040
[4665] [M]: 0x8002F9FC (0x0040006F) jal zero, 4


mem[X,0x8002FA00] -> 0xA223
mem[X,0x8002FA02] -> 0x7640
[4666] [M]: 0x8002FA00 (0x7640A223) sw tp, 1892(ra)
mem[0x8004B9D8] <- 0x00000003


mem[X,0x8002FA04] -> 0x0537
mem[X,0x8002FA06] -> 0x0001
[4667] [M]: 0x8002FA04 (0x00010537) lui a0, 16
x10 <- 0x00010000


mem[X,0x8002FA08] -> 0x0513
mem[X,0x8002FA0A] -> 0xFFE5
[4668] [M]: 0x8002FA08 (0xFFE50513) addi a0, a0, 4094
x10 <- 0x0000FFFE


mem[X,0x8002FA0C] -> 0x0593
mem[X,0x8002FA0E] -> 0x0050
[4669] [M]: 0x8002FA0C (0x00500593) addi a1, zero, 5
x11 <- 0x00000005


mem[X,0x8002FA10] -> 0x0213
mem[X,0x8002FA12] -> 0x0000
[4670] [M]: 0x8002FA10 (0x00000213) addi tp, zero, 0
x4 <- 0x00000000


mem[X,0x8002FA14] -> 0x006F
mem[X,0x8002FA16] -> 0x00C0
[4671] [M]: 0x8002FA14 (0x00C0006F) jal zero, 12


mem[X,0x8002FA20] -> 0x6CE3
mem[X,0x8002FA22] -> 0xFEB5
[4672] [M]: 0x8002FA20 (0xFEB56CE3) bltu a0, a1, 8184


mem[X,0x8002FA24] -> 0x0213
mem[X,0x8002FA26] -> 0x0022
[4673] [M]: 0x8002FA24 (0x00220213) addi tp, tp, 2
x4 <- 0x00000002


mem[X,0x8002FA28] -> 0x006F
mem[X,0x8002FA2A] -> 0x00C0
[4674] [M]: 0x8002FA28 (0x00C0006F) jal zero, 12


mem[X,0x8002FA34] -> 0xA423
mem[X,0x8002FA36] -> 0x7640
[4675] [M]: 0x8002FA34 (0x7640A423) sw tp, 1896(ra)
mem[0x8004B9DC] <- 0x00000002


mem[X,0x8002FA38] -> 0x0537
mem[X,0x8002FA3A] -> 0x0001
[4676] [M]: 0x8002FA38 (0x00010537) lui a0, 16
x10 <- 0x00010000


mem[X,0x8002FA3C] -> 0x0513
mem[X,0x8002FA3E] -> 0xFFE5
[4677] [M]: 0x8002FA3C (0xFFE50513) addi a0, a0, 4094
x10 <- 0x0000FFFE


mem[X,0x8002FA40] -> 0x35B7
mem[X,0x8002FA42] -> 0x3333
[4678] [M]: 0x8002FA40 (0x333335B7) lui a1, 209715
x11 <- 0x33333000


mem[X,0x8002FA44] -> 0x8593
mem[X,0x8002FA46] -> 0x3335
[4679] [M]: 0x8002FA44 (0x33358593) addi a1, a1, 819
x11 <- 0x33333333


mem[X,0x8002FA48] -> 0x0213
mem[X,0x8002FA4A] -> 0x0000
[4680] [M]: 0x8002FA48 (0x00000213) addi tp, zero, 0
x4 <- 0x00000000


mem[X,0x8002FA4C] -> 0x006F
mem[X,0x8002FA4E] -> 0x00C0
[4681] [M]: 0x8002FA4C (0x00C0006F) jal zero, 12


mem[X,0x8002FA58] -> 0x6CE3
mem[X,0x8002FA5A] -> 0xFEB5
[4682] [M]: 0x8002FA58 (0xFEB56CE3) bltu a0, a1, 8184


mem[X,0x8002FA50] -> 0x0213
mem[X,0x8002FA52] -> 0x0012
[4683] [M]: 0x8002FA50 (0x00120213) addi tp, tp, 1
x4 <- 0x00000001


mem[X,0x8002FA54] -> 0x006F
mem[X,0x8002FA56] -> 0x0180
[4684] [M]: 0x8002FA54 (0x0180006F) jal zero, 24


mem[X,0x8002FA6C] -> 0xA623
mem[X,0x8002FA6E] -> 0x7640
[4685] [M]: 0x8002FA6C (0x7640A623) sw tp, 1900(ra)
mem[0x8004B9E0] <- 0x00000001


mem[X,0x8002FA70] -> 0x0537
mem[X,0x8002FA72] -> 0x0001
[4686] [M]: 0x8002FA70 (0x00010537) lui a0, 16
x10 <- 0x00010000


mem[X,0x8002FA74] -> 0x0513
mem[X,0x8002FA76] -> 0xFFE5
[4687] [M]: 0x8002FA74 (0xFFE50513) addi a0, a0, 4094
x10 <- 0x0000FFFE


mem[X,0x8002FA78] -> 0x65B7
mem[X,0x8002FA7A] -> 0x6666
[4688] [M]: 0x8002FA78 (0x666665B7) lui a1, 419430
x11 <- 0x66666000


mem[X,0x8002FA7C] -> 0x8593
mem[X,0x8002FA7E] -> 0x6665
[4689] [M]: 0x8002FA7C (0x66658593) addi a1, a1, 1638
x11 <- 0x66666666


mem[X,0x8002FA80] -> 0x0213
mem[X,0x8002FA82] -> 0x0000
[4690] [M]: 0x8002FA80 (0x00000213) addi tp, zero, 0
x4 <- 0x00000000


mem[X,0x8002FA84] -> 0x006F
mem[X,0x8002FA86] -> 0x00C0
[4691] [M]: 0x8002FA84 (0x00C0006F) jal zero, 12


mem[X,0x8002FA90] -> 0x6CE3
mem[X,0x8002FA92] -> 0xFEB5
[4692] [M]: 0x8002FA90 (0xFEB56CE3) bltu a0, a1, 8184


mem[X,0x8002FA88] -> 0x0213
mem[X,0x8002FA8A] -> 0x0012
[4693] [M]: 0x8002FA88 (0x00120213) addi tp, tp, 1
x4 <- 0x00000001


mem[X,0x8002FA8C] -> 0x006F
mem[X,0x8002FA8E] -> 0x0180
[4694] [M]: 0x8002FA8C (0x0180006F) jal zero, 24


mem[X,0x8002FAA4] -> 0xA823
mem[X,0x8002FAA6] -> 0x7640
[4695] [M]: 0x8002FAA4 (0x7640A823) sw tp, 1904(ra)
mem[0x8004B9E4] <- 0x00000001


mem[X,0x8002FAA8] -> 0x0537
mem[X,0x8002FAAA] -> 0x0001
[4696] [M]: 0x8002FAA8 (0x00010537) lui a0, 16
x10 <- 0x00010000


mem[X,0x8002FAAC] -> 0x0513
mem[X,0x8002FAAE] -> 0xFFE5
[4697] [M]: 0x8002FAAC (0xFFE50513) addi a0, a0, 4094
x10 <- 0x0000FFFE


mem[X,0x8002FAB0] -> 0xB5B7
mem[X,0x8002FAB2] -> 0x0000
[4698] [M]: 0x8002FAB0 (0x0000B5B7) lui a1, 11
x11 <- 0x0000B000


mem[X,0x8002FAB4] -> 0x8593
mem[X,0x8002FAB6] -> 0x5045
[4699] [M]: 0x8002FAB4 (0x50458593) addi a1, a1, 1284
x11 <- 0x0000B504


clint::tick mtime <- 0x000000000000002F
 clint timer pending at mtime 0x000000000000002F
htif::tick 0x0000000000000000
mem[X,0x8002FAB8] -> 0x0213
mem[X,0x8002FABA] -> 0x0000
[4700] [M]: 0x8002FAB8 (0x00000213) addi tp, zero, 0
x4 <- 0x00000000


mem[X,0x8002FABC] -> 0x006F
mem[X,0x8002FABE] -> 0x00C0
[4701] [M]: 0x8002FABC (0x00C0006F) jal zero, 12


mem[X,0x8002FAC8] -> 0x6663
mem[X,0x8002FACA] -> 0x00B5
[4702] [M]: 0x8002FAC8 (0x00B56663) bltu a0, a1, 12


mem[X,0x8002FACC] -> 0x0213
mem[X,0x8002FACE] -> 0x0022
[4703] [M]: 0x8002FACC (0x00220213) addi tp, tp, 2
x4 <- 0x00000002


mem[X,0x8002FAD0] -> 0x006F
mem[X,0x8002FAD2] -> 0x00C0
[4704] [M]: 0x8002FAD0 (0x00C0006F) jal zero, 12


mem[X,0x8002FADC] -> 0xAA23
mem[X,0x8002FADE] -> 0x7640
[4705] [M]: 0x8002FADC (0x7640AA23) sw tp, 1908(ra)
mem[0x8004B9E8] <- 0x00000002


mem[X,0x8002FAE0] -> 0x0537
mem[X,0x8002FAE2] -> 0x0001
[4706] [M]: 0x8002FAE0 (0x00010537) lui a0, 16
x10 <- 0x00010000


mem[X,0x8002FAE4] -> 0x0513
mem[X,0x8002FAE6] -> 0xFFE5
[4707] [M]: 0x8002FAE4 (0xFFE50513) addi a0, a0, 4094
x10 <- 0x0000FFFE


mem[X,0x8002FAE8] -> 0x0593
mem[X,0x8002FAEA] -> 0x0000
[4708] [M]: 0x8002FAE8 (0x00000593) addi a1, zero, 0
x11 <- 0x00000000


mem[X,0x8002FAEC] -> 0x0213
mem[X,0x8002FAEE] -> 0x0000
[4709] [M]: 0x8002FAEC (0x00000213) addi tp, zero, 0
x4 <- 0x00000000


mem[X,0x8002FAF0] -> 0x006F
mem[X,0x8002FAF2] -> 0x00C0
[4710] [M]: 0x8002FAF0 (0x00C0006F) jal zero, 12


mem[X,0x8002FAFC] -> 0x6663
mem[X,0x8002FAFE] -> 0x00B5
[4711] [M]: 0x8002FAFC (0x00B56663) bltu a0, a1, 12


mem[X,0x8002FB00] -> 0x0213
mem[X,0x8002FB02] -> 0x0022
[4712] [M]: 0x8002FB00 (0x00220213) addi tp, tp, 2
x4 <- 0x00000002


mem[X,0x8002FB04] -> 0x006F
mem[X,0x8002FB06] -> 0x00C0
[4713] [M]: 0x8002FB04 (0x00C0006F) jal zero, 12


mem[X,0x8002FB10] -> 0xAC23
mem[X,0x8002FB12] -> 0x7640
[4714] [M]: 0x8002FB10 (0x7640AC23) sw tp, 1912(ra)
mem[0x8004B9EC] <- 0x00000002


mem[X,0x8002FB14] -> 0x0537
mem[X,0x8002FB16] -> 0x0001
[4715] [M]: 0x8002FB14 (0x00010537) lui a0, 16
x10 <- 0x00010000


mem[X,0x8002FB18] -> 0x0513
mem[X,0x8002FB1A] -> 0xFFE5
[4716] [M]: 0x8002FB18 (0xFFE50513) addi a0, a0, 4094
x10 <- 0x0000FFFE


mem[X,0x8002FB1C] -> 0x05B7
mem[X,0x8002FB1E] -> 0x0001
[4717] [M]: 0x8002FB1C (0x000105B7) lui a1, 16
x11 <- 0x00010000


mem[X,0x8002FB20] -> 0x8593
mem[X,0x8002FB22] -> 0xFFF5
[4718] [M]: 0x8002FB20 (0xFFF58593) addi a1, a1, 4095
x11 <- 0x0000FFFF


mem[X,0x8002FB24] -> 0x0213
mem[X,0x8002FB26] -> 0x0000
[4719] [M]: 0x8002FB24 (0x00000213) addi tp, zero, 0
x4 <- 0x00000000


mem[X,0x8002FB28] -> 0x006F
mem[X,0x8002FB2A] -> 0x2B10
[4720] [M]: 0x8002FB28 (0x2B10006F) jal zero, 2736


mem[X,0x800305D8] -> 0x6A63
mem[X,0x800305DA] -> 0xD4B5
[4721] [M]: 0x800305D8 (0xD4B56A63) bltu a0, a1, 5460


mem[X,0x8002FB2C] -> 0x0213
mem[X,0x8002FB2E] -> 0x0012
[4722] [M]: 0x8002FB2C (0x00120213) addi tp, tp, 1
x4 <- 0x00000001


mem[X,0x8002FB30] -> 0x006F
mem[X,0x8002FB32] -> 0x2BD0
[4723] [M]: 0x8002FB30 (0x2BD0006F) jal zero, 2748


mem[X,0x800305EC] -> 0xAE23
mem[X,0x800305EE] -> 0x7640
[4724] [M]: 0x800305EC (0x7640AE23) sw tp, 1916(ra)
mem[0x8004B9F0] <- 0x00000001


mem[X,0x800305F0] -> 0x0537
mem[X,0x800305F2] -> 0x0001
[4725] [M]: 0x800305F0 (0x00010537) lui a0, 16
x10 <- 0x00010000


mem[X,0x800305F4] -> 0x0513
mem[X,0x800305F6] -> 0xFFE5
[4726] [M]: 0x800305F4 (0xFFE50513) addi a0, a0, 4094
x10 <- 0x0000FFFE


mem[X,0x800305F8] -> 0x0593
mem[X,0x800305FA] -> 0x0020
[4727] [M]: 0x800305F8 (0x00200593) addi a1, zero, 2
x11 <- 0x00000002


mem[X,0x800305FC] -> 0x0213
mem[X,0x800305FE] -> 0x0000
[4728] [M]: 0x800305FC (0x00000213) addi tp, zero, 0
x4 <- 0x00000000


mem[X,0x80030600] -> 0x006F
mem[X,0x80030602] -> 0x00C0
[4729] [M]: 0x80030600 (0x00C0006F) jal zero, 12


mem[X,0x8003060C] -> 0x6663
mem[X,0x8003060E] -> 0x00B5
[4730] [M]: 0x8003060C (0x00B56663) bltu a0, a1, 12


mem[X,0x80030610] -> 0x0213
mem[X,0x80030612] -> 0x0022
[4731] [M]: 0x80030610 (0x00220213) addi tp, tp, 2
x4 <- 0x00000002


mem[X,0x80030614] -> 0x006F
mem[X,0x80030616] -> 0x00C0
[4732] [M]: 0x80030614 (0x00C0006F) jal zero, 12


mem[X,0x80030620] -> 0xA023
mem[X,0x80030622] -> 0x7840
[4733] [M]: 0x80030620 (0x7840A023) sw tp, 1920(ra)
mem[0x8004B9F4] <- 0x00000002


mem[X,0x80030624] -> 0x0537
mem[X,0x80030626] -> 0x0001
[4734] [M]: 0x80030624 (0x00010537) lui a0, 16
x10 <- 0x00010000


mem[X,0x80030628] -> 0x0513
mem[X,0x8003062A] -> 0xFFE5
[4735] [M]: 0x80030628 (0xFFE50513) addi a0, a0, 4094
x10 <- 0x0000FFFE


mem[X,0x8003062C] -> 0x55B7
mem[X,0x8003062E] -> 0x5555
[4736] [M]: 0x8003062C (0x555555B7) lui a1, 349525
x11 <- 0x55555000


mem[X,0x80030630] -> 0x8593
mem[X,0x80030632] -> 0x5545
[4737] [M]: 0x80030630 (0x55458593) addi a1, a1, 1364
x11 <- 0x55555554


mem[X,0x80030634] -> 0x0213
mem[X,0x80030636] -> 0x0000
[4738] [M]: 0x80030634 (0x00000213) addi tp, zero, 0
x4 <- 0x00000000


mem[X,0x80030638] -> 0x006F
mem[X,0x8003063A] -> 0x00C0
[4739] [M]: 0x80030638 (0x00C0006F) jal zero, 12


mem[X,0x80030644] -> 0x6663
mem[X,0x80030646] -> 0x00B5
[4740] [M]: 0x80030644 (0x00B56663) bltu a0, a1, 12


mem[X,0x80030650] -> 0x0213
mem[X,0x80030652] -> 0x0032
[4741] [M]: 0x80030650 (0x00320213) addi tp, tp, 3
x4 <- 0x00000003


mem[X,0x80030654] -> 0x006F
mem[X,0x80030656] -> 0x0040
[4742] [M]: 0x80030654 (0x0040006F) jal zero, 4


mem[X,0x80030658] -> 0xA223
mem[X,0x8003065A] -> 0x7840
[4743] [M]: 0x80030658 (0x7840A223) sw tp, 1924(ra)
mem[0x8004B9F8] <- 0x00000003


mem[X,0x8003065C] -> 0x0537
mem[X,0x8003065E] -> 0x0001
[4744] [M]: 0x8003065C (0x00010537) lui a0, 16
x10 <- 0x00010000


mem[X,0x80030660] -> 0x0513
mem[X,0x80030662] -> 0xFFE5
[4745] [M]: 0x80030660 (0xFFE50513) addi a0, a0, 4094
x10 <- 0x0000FFFE


mem[X,0x80030664] -> 0xB5B7
mem[X,0x80030666] -> 0xAAAA
[4746] [M]: 0x80030664 (0xAAAAB5B7) lui a1, 699051
x11 <- 0xAAAAB000


mem[X,0x80030668] -> 0x8593
mem[X,0x8003066A] -> 0xAA95
[4747] [M]: 0x80030668 (0xAA958593) addi a1, a1, 2729
x11 <- 0xAAAAAAA9


mem[X,0x8003066C] -> 0x0213
mem[X,0x8003066E] -> 0x0000
[4748] [M]: 0x8003066C (0x00000213) addi tp, zero, 0
x4 <- 0x00000000


mem[X,0x80030670] -> 0x006F
mem[X,0x80030672] -> 0x00C0
[4749] [M]: 0x80030670 (0x00C0006F) jal zero, 12


mem[X,0x8003067C] -> 0x6663
mem[X,0x8003067E] -> 0x00B5
[4750] [M]: 0x8003067C (0x00B56663) bltu a0, a1, 12


mem[X,0x80030688] -> 0x0213
mem[X,0x8003068A] -> 0x0032
[4751] [M]: 0x80030688 (0x00320213) addi tp, tp, 3
x4 <- 0x00000003


mem[X,0x8003068C] -> 0x006F
mem[X,0x8003068E] -> 0x0040
[4752] [M]: 0x8003068C (0x0040006F) jal zero, 4


mem[X,0x80030690] -> 0xA423
mem[X,0x80030692] -> 0x7840
[4753] [M]: 0x80030690 (0x7840A423) sw tp, 1928(ra)
mem[0x8004B9FC] <- 0x00000003


mem[X,0x80030694] -> 0x0537
mem[X,0x80030696] -> 0x0001
[4754] [M]: 0x80030694 (0x00010537) lui a0, 16
x10 <- 0x00010000


mem[X,0x80030698] -> 0x0513
mem[X,0x8003069A] -> 0xFFE5
[4755] [M]: 0x80030698 (0xFFE50513) addi a0, a0, 4094
x10 <- 0x0000FFFE


mem[X,0x8003069C] -> 0x0593
mem[X,0x8003069E] -> 0x0040
[4756] [M]: 0x8003069C (0x00400593) addi a1, zero, 4
x11 <- 0x00000004


mem[X,0x800306A0] -> 0x0213
mem[X,0x800306A2] -> 0x0000
[4757] [M]: 0x800306A0 (0x00000213) addi tp, zero, 0
x4 <- 0x00000000


mem[X,0x800306A4] -> 0x006F
mem[X,0x800306A6] -> 0x00C0
[4758] [M]: 0x800306A4 (0x00C0006F) jal zero, 12


mem[X,0x800306B0] -> 0x6063
mem[X,0x800306B2] -> 0x40B5
[4759] [M]: 0x800306B0 (0x40B56063) bltu a0, a1, 1024


mem[X,0x800306B4] -> 0x0213
mem[X,0x800306B6] -> 0x0022
[4760] [M]: 0x800306B4 (0x00220213) addi tp, tp, 2
x4 <- 0x00000002


mem[X,0x800306B8] -> 0x006F
mem[X,0x800306BA] -> 0x4000
[4761] [M]: 0x800306B8 (0x4000006F) jal zero, 1024


mem[X,0x80030AB8] -> 0xA623
mem[X,0x80030ABA] -> 0x7840
[4762] [M]: 0x80030AB8 (0x7840A623) sw tp, 1932(ra)
mem[0x8004BA00] <- 0x00000002


mem[X,0x80030ABC] -> 0x0537
mem[X,0x80030ABE] -> 0x0001
[4763] [M]: 0x80030ABC (0x00010537) lui a0, 16
x10 <- 0x00010000


mem[X,0x80030AC0] -> 0x0513
mem[X,0x80030AC2] -> 0xFFE5
[4764] [M]: 0x80030AC0 (0xFFE50513) addi a0, a0, 4094
x10 <- 0x0000FFFE


mem[X,0x80030AC4] -> 0x35B7
mem[X,0x80030AC6] -> 0x3333
[4765] [M]: 0x80030AC4 (0x333335B7) lui a1, 209715
x11 <- 0x33333000


mem[X,0x80030AC8] -> 0x8593
mem[X,0x80030ACA] -> 0x3325
[4766] [M]: 0x80030AC8 (0x33258593) addi a1, a1, 818
x11 <- 0x33333332


mem[X,0x80030ACC] -> 0x0213
mem[X,0x80030ACE] -> 0x0000
[4767] [M]: 0x80030ACC (0x00000213) addi tp, zero, 0
x4 <- 0x00000000


mem[X,0x80030AD0] -> 0x006F
mem[X,0x80030AD2] -> 0x0140
[4768] [M]: 0x80030AD0 (0x0140006F) jal zero, 20


mem[X,0x80030AE4] -> 0x68E3
mem[X,0x80030AE6] -> 0xFEB5
[4769] [M]: 0x80030AE4 (0xFEB568E3) bltu a0, a1, 8176


mem[X,0x80030AD4] -> 0x0213
mem[X,0x80030AD6] -> 0x0012
[4770] [M]: 0x80030AD4 (0x00120213) addi tp, tp, 1
x4 <- 0x00000001


mem[X,0x80030AD8] -> 0x006F
mem[X,0x80030ADA] -> 0x0200
[4771] [M]: 0x80030AD8 (0x0200006F) jal zero, 32


mem[X,0x80030AF8] -> 0xA823
mem[X,0x80030AFA] -> 0x7840
[4772] [M]: 0x80030AF8 (0x7840A823) sw tp, 1936(ra)
mem[0x8004BA04] <- 0x00000001


mem[X,0x80030AFC] -> 0x0537
mem[X,0x80030AFE] -> 0x0001
[4773] [M]: 0x80030AFC (0x00010537) lui a0, 16
x10 <- 0x00010000


mem[X,0x80030B00] -> 0x0513
mem[X,0x80030B02] -> 0xFFE5
[4774] [M]: 0x80030B00 (0xFFE50513) addi a0, a0, 4094
x10 <- 0x0000FFFE


mem[X,0x80030B04] -> 0x65B7
mem[X,0x80030B06] -> 0x6666
[4775] [M]: 0x80030B04 (0x666665B7) lui a1, 419430
x11 <- 0x66666000


mem[X,0x80030B08] -> 0x8593
mem[X,0x80030B0A] -> 0x6655
[4776] [M]: 0x80030B08 (0x66558593) addi a1, a1, 1637
x11 <- 0x66666665


mem[X,0x80030B0C] -> 0x0213
mem[X,0x80030B0E] -> 0x0000
[4777] [M]: 0x80030B0C (0x00000213) addi tp, zero, 0
x4 <- 0x00000000


mem[X,0x80030B10] -> 0x006F
mem[X,0x80030B12] -> 0x00C0
[4778] [M]: 0x80030B10 (0x00C0006F) jal zero, 12


mem[X,0x80030B1C] -> 0x6863
mem[X,0x80030B1E] -> 0x00B5
[4779] [M]: 0x80030B1C (0x00B56863) bltu a0, a1, 16


mem[X,0x80030B2C] -> 0x0213
mem[X,0x80030B2E] -> 0x0032
[4780] [M]: 0x80030B2C (0x00320213) addi tp, tp, 3
x4 <- 0x00000003


mem[X,0x80030B30] -> 0x006F
mem[X,0x80030B32] -> 0x0040
[4781] [M]: 0x80030B30 (0x0040006F) jal zero, 4


mem[X,0x80030B34] -> 0xAA23
mem[X,0x80030B36] -> 0x7840
[4782] [M]: 0x80030B34 (0x7840AA23) sw tp, 1940(ra)
mem[0x8004BA08] <- 0x00000003


mem[X,0x80030B38] -> 0x0537
mem[X,0x80030B3A] -> 0x0001
[4783] [M]: 0x80030B38 (0x00010537) lui a0, 16
x10 <- 0x00010000


mem[X,0x80030B3C] -> 0x0513
mem[X,0x80030B3E] -> 0xFFE5
[4784] [M]: 0x80030B3C (0xFFE50513) addi a0, a0, 4094
x10 <- 0x0000FFFE


mem[X,0x80030B40] -> 0xB5B7
mem[X,0x80030B42] -> 0x0000
[4785] [M]: 0x80030B40 (0x0000B5B7) lui a1, 11
x11 <- 0x0000B000


mem[X,0x80030B44] -> 0x8593
mem[X,0x80030B46] -> 0x5035
[4786] [M]: 0x80030B44 (0x50358593) addi a1, a1, 1283
x11 <- 0x0000B503


mem[X,0x80030B48] -> 0x0213
mem[X,0x80030B4A] -> 0x0000
[4787] [M]: 0x80030B48 (0x00000213) addi tp, zero, 0
x4 <- 0x00000000


mem[X,0x80030B4C] -> 0x006F
mem[X,0x80030B4E] -> 0x0140
[4788] [M]: 0x80030B4C (0x0140006F) jal zero, 20


mem[X,0x80030B60] -> 0x68E3
mem[X,0x80030B62] -> 0xFEB5
[4789] [M]: 0x80030B60 (0xFEB568E3) bltu a0, a1, 8176


mem[X,0x80030B64] -> 0x0213
mem[X,0x80030B66] -> 0x0022
[4790] [M]: 0x80030B64 (0x00220213) addi tp, tp, 2
x4 <- 0x00000002


mem[X,0x80030B68] -> 0x006F
mem[X,0x80030B6A] -> 0x00C0
[4791] [M]: 0x80030B68 (0x00C0006F) jal zero, 12


mem[X,0x80030B74] -> 0xAC23
mem[X,0x80030B76] -> 0x7840
[4792] [M]: 0x80030B74 (0x7840AC23) sw tp, 1944(ra)
mem[0x8004BA0C] <- 0x00000002


mem[X,0x80030B78] -> 0x0537
mem[X,0x80030B7A] -> 0x0001
[4793] [M]: 0x80030B78 (0x00010537) lui a0, 16
x10 <- 0x00010000


mem[X,0x80030B7C] -> 0x0513
mem[X,0x80030B7E] -> 0xFFE5
[4794] [M]: 0x80030B7C (0xFFE50513) addi a0, a0, 4094
x10 <- 0x0000FFFE


mem[X,0x80030B80] -> 0x05B7
mem[X,0x80030B82] -> 0x0001
[4795] [M]: 0x80030B80 (0x000105B7) lui a1, 16
x11 <- 0x00010000


mem[X,0x80030B84] -> 0x8593
mem[X,0x80030B86] -> 0xFFE5
[4796] [M]: 0x80030B84 (0xFFE58593) addi a1, a1, 4094
x11 <- 0x0000FFFE


mem[X,0x80030B88] -> 0x0213
mem[X,0x80030B8A] -> 0x0000
[4797] [M]: 0x80030B88 (0x00000213) addi tp, zero, 0
x4 <- 0x00000000


mem[X,0x80030B8C] -> 0x006F
mem[X,0x80030B8E] -> 0x0180
[4798] [M]: 0x80030B8C (0x0180006F) jal zero, 24


mem[X,0x80030BA4] -> 0x66E3
mem[X,0x80030BA6] -> 0xFEB5
[4799] [M]: 0x80030BA4 (0xFEB566E3) bltu a0, a1, 8172


clint::tick mtime <- 0x0000000000000030
 clint timer pending at mtime 0x0000000000000030
htif::tick 0x0000000000000000
mem[X,0x80030BA8] -> 0x0213
mem[X,0x80030BAA] -> 0x0022
[4800] [M]: 0x80030BA8 (0x00220213) addi tp, tp, 2
x4 <- 0x00000002


mem[X,0x80030BAC] -> 0x006F
mem[X,0x80030BAE] -> 0x00C0
[4801] [M]: 0x80030BAC (0x00C0006F) jal zero, 12


mem[X,0x80030BB8] -> 0xAE23
mem[X,0x80030BBA] -> 0x7840
[4802] [M]: 0x80030BB8 (0x7840AE23) sw tp, 1948(ra)
mem[0x8004BA10] <- 0x00000002


mem[X,0x80030BBC] -> 0x0537
mem[X,0x80030BBE] -> 0x0001
[4803] [M]: 0x80030BBC (0x00010537) lui a0, 16
x10 <- 0x00010000


mem[X,0x80030BC0] -> 0x0513
mem[X,0x80030BC2] -> 0xFFE5
[4804] [M]: 0x80030BC0 (0xFFE50513) addi a0, a0, 4094
x10 <- 0x0000FFFE


mem[X,0x80030BC4] -> 0x55B7
mem[X,0x80030BC6] -> 0x5555
[4805] [M]: 0x80030BC4 (0x555555B7) lui a1, 349525
x11 <- 0x55555000


mem[X,0x80030BC8] -> 0x8593
mem[X,0x80030BCA] -> 0x5565
[4806] [M]: 0x80030BC8 (0x55658593) addi a1, a1, 1366
x11 <- 0x55555556


mem[X,0x80030BCC] -> 0x0213
mem[X,0x80030BCE] -> 0x0000
[4807] [M]: 0x80030BCC (0x00000213) addi tp, zero, 0
x4 <- 0x00000000


mem[X,0x80030BD0] -> 0x006F
mem[X,0x80030BD2] -> 0x0180
[4808] [M]: 0x80030BD0 (0x0180006F) jal zero, 24


mem[X,0x80030BE8] -> 0x66E3
mem[X,0x80030BEA] -> 0xFEB5
[4809] [M]: 0x80030BE8 (0xFEB566E3) bltu a0, a1, 8172


mem[X,0x80030BD4] -> 0x0213
mem[X,0x80030BD6] -> 0x0012
[4810] [M]: 0x80030BD4 (0x00120213) addi tp, tp, 1
x4 <- 0x00000001


mem[X,0x80030BD8] -> 0x006F
mem[X,0x80030BDA] -> 0x0240
[4811] [M]: 0x80030BD8 (0x0240006F) jal zero, 36


mem[X,0x80030BFC] -> 0xA023
mem[X,0x80030BFE] -> 0x7A40
[4812] [M]: 0x80030BFC (0x7A40A023) sw tp, 1952(ra)
mem[0x8004BA14] <- 0x00000001


mem[X,0x80030C00] -> 0x0537
mem[X,0x80030C02] -> 0x0001
[4813] [M]: 0x80030C00 (0x00010537) lui a0, 16
x10 <- 0x00010000


mem[X,0x80030C04] -> 0x0513
mem[X,0x80030C06] -> 0xFFE5
[4814] [M]: 0x80030C04 (0xFFE50513) addi a0, a0, 4094
x10 <- 0x0000FFFE


mem[X,0x80030C08] -> 0xB5B7
mem[X,0x80030C0A] -> 0xAAAA
[4815] [M]: 0x80030C08 (0xAAAAB5B7) lui a1, 699051
x11 <- 0xAAAAB000


mem[X,0x80030C0C] -> 0x8593
mem[X,0x80030C0E] -> 0xAAB5
[4816] [M]: 0x80030C0C (0xAAB58593) addi a1, a1, 2731
x11 <- 0xAAAAAAAB


mem[X,0x80030C10] -> 0x0213
mem[X,0x80030C12] -> 0x0000
[4817] [M]: 0x80030C10 (0x00000213) addi tp, zero, 0
x4 <- 0x00000000


mem[X,0x80030C14] -> 0x006F
mem[X,0x80030C16] -> 0x00C0
[4818] [M]: 0x80030C14 (0x00C0006F) jal zero, 12


mem[X,0x80030C20] -> 0x6CE3
mem[X,0x80030C22] -> 0xFEB5
[4819] [M]: 0x80030C20 (0xFEB56CE3) bltu a0, a1, 8184


mem[X,0x80030C18] -> 0x0213
mem[X,0x80030C1A] -> 0x0012
[4820] [M]: 0x80030C18 (0x00120213) addi tp, tp, 1
x4 <- 0x00000001


mem[X,0x80030C1C] -> 0x006F
mem[X,0x80030C1E] -> 0x0180
[4821] [M]: 0x80030C1C (0x0180006F) jal zero, 24


mem[X,0x80030C34] -> 0xA223
mem[X,0x80030C36] -> 0x7A40
[4822] [M]: 0x80030C34 (0x7A40A223) sw tp, 1956(ra)
mem[0x8004BA18] <- 0x00000001


mem[X,0x80030C38] -> 0x0537
mem[X,0x80030C3A] -> 0x0001
[4823] [M]: 0x80030C38 (0x00010537) lui a0, 16
x10 <- 0x00010000


mem[X,0x80030C3C] -> 0x0513
mem[X,0x80030C3E] -> 0xFFE5
[4824] [M]: 0x80030C3C (0xFFE50513) addi a0, a0, 4094
x10 <- 0x0000FFFE


mem[X,0x80030C40] -> 0x0593
mem[X,0x80030C42] -> 0x0060
[4825] [M]: 0x80030C40 (0x00600593) addi a1, zero, 6
x11 <- 0x00000006


mem[X,0x80030C44] -> 0x0213
mem[X,0x80030C46] -> 0x0000
[4826] [M]: 0x80030C44 (0x00000213) addi tp, zero, 0
x4 <- 0x00000000


mem[X,0x80030C48] -> 0x006F
mem[X,0x80030C4A] -> 0x2B10
[4827] [M]: 0x80030C48 (0x2B10006F) jal zero, 2736


mem[X,0x800316F8] -> 0x6A63
mem[X,0x800316FA] -> 0xD4B5
[4828] [M]: 0x800316F8 (0xD4B56A63) bltu a0, a1, 5460


mem[X,0x800316FC] -> 0x0213
mem[X,0x800316FE] -> 0x0022
[4829] [M]: 0x800316FC (0x00220213) addi tp, tp, 2
x4 <- 0x00000002


mem[X,0x80031700] -> 0x006F
mem[X,0x80031702] -> 0x00C0
[4830] [M]: 0x80031700 (0x00C0006F) jal zero, 12


mem[X,0x8003170C] -> 0xA423
mem[X,0x8003170E] -> 0x7A40
[4831] [M]: 0x8003170C (0x7A40A423) sw tp, 1960(ra)
mem[0x8004BA1C] <- 0x00000002


mem[X,0x80031710] -> 0x0537
mem[X,0x80031712] -> 0x0001
[4832] [M]: 0x80031710 (0x00010537) lui a0, 16
x10 <- 0x00010000


mem[X,0x80031714] -> 0x0513
mem[X,0x80031716] -> 0xFFE5
[4833] [M]: 0x80031714 (0xFFE50513) addi a0, a0, 4094
x10 <- 0x0000FFFE


mem[X,0x80031718] -> 0x35B7
mem[X,0x8003171A] -> 0x3333
[4834] [M]: 0x80031718 (0x333335B7) lui a1, 209715
x11 <- 0x33333000


mem[X,0x8003171C] -> 0x8593
mem[X,0x8003171E] -> 0x3345
[4835] [M]: 0x8003171C (0x33458593) addi a1, a1, 820
x11 <- 0x33333334


mem[X,0x80031720] -> 0x0213
mem[X,0x80031722] -> 0x0000
[4836] [M]: 0x80031720 (0x00000213) addi tp, zero, 0
x4 <- 0x00000000


mem[X,0x80031724] -> 0x006F
mem[X,0x80031726] -> 0x00C0
[4837] [M]: 0x80031724 (0x00C0006F) jal zero, 12


mem[X,0x80031730] -> 0x6CE3
mem[X,0x80031732] -> 0xFEB5
[4838] [M]: 0x80031730 (0xFEB56CE3) bltu a0, a1, 8184


mem[X,0x80031728] -> 0x0213
mem[X,0x8003172A] -> 0x0012
[4839] [M]: 0x80031728 (0x00120213) addi tp, tp, 1
x4 <- 0x00000001


mem[X,0x8003172C] -> 0x006F
mem[X,0x8003172E] -> 0x0180
[4840] [M]: 0x8003172C (0x0180006F) jal zero, 24


mem[X,0x80031744] -> 0xA623
mem[X,0x80031746] -> 0x7A40
[4841] [M]: 0x80031744 (0x7A40A623) sw tp, 1964(ra)
mem[0x8004BA20] <- 0x00000001


mem[X,0x80031748] -> 0x0537
mem[X,0x8003174A] -> 0x0001
[4842] [M]: 0x80031748 (0x00010537) lui a0, 16
x10 <- 0x00010000


mem[X,0x8003174C] -> 0x0513
mem[X,0x8003174E] -> 0xFFE5
[4843] [M]: 0x8003174C (0xFFE50513) addi a0, a0, 4094
x10 <- 0x0000FFFE


mem[X,0x80031750] -> 0x65B7
mem[X,0x80031752] -> 0x6666
[4844] [M]: 0x80031750 (0x666665B7) lui a1, 419430
x11 <- 0x66666000


mem[X,0x80031754] -> 0x8593
mem[X,0x80031756] -> 0x6675
[4845] [M]: 0x80031754 (0x66758593) addi a1, a1, 1639
x11 <- 0x66666667


mem[X,0x80031758] -> 0x0213
mem[X,0x8003175A] -> 0x0000
[4846] [M]: 0x80031758 (0x00000213) addi tp, zero, 0
x4 <- 0x00000000


mem[X,0x8003175C] -> 0x006F
mem[X,0x8003175E] -> 0x0100
[4847] [M]: 0x8003175C (0x0100006F) jal zero, 16


mem[X,0x8003176C] -> 0x6AE3
mem[X,0x8003176E] -> 0xFEB5
[4848] [M]: 0x8003176C (0xFEB56AE3) bltu a0, a1, 8180


mem[X,0x80031760] -> 0x0213
mem[X,0x80031762] -> 0x0012
[4849] [M]: 0x80031760 (0x00120213) addi tp, tp, 1
x4 <- 0x00000001


mem[X,0x80031764] -> 0x006F
mem[X,0x80031766] -> 0x01C0
[4850] [M]: 0x80031764 (0x01C0006F) jal zero, 28


mem[X,0x80031780] -> 0xA823
mem[X,0x80031782] -> 0x7A40
[4851] [M]: 0x80031780 (0x7A40A823) sw tp, 1968(ra)
mem[0x8004BA24] <- 0x00000001


mem[X,0x80031784] -> 0x0537
mem[X,0x80031786] -> 0x0001
[4852] [M]: 0x80031784 (0x00010537) lui a0, 16
x10 <- 0x00010000


mem[X,0x80031788] -> 0x0513
mem[X,0x8003178A] -> 0xFFE5
[4853] [M]: 0x80031788 (0xFFE50513) addi a0, a0, 4094
x10 <- 0x0000FFFE


mem[X,0x8003178C] -> 0xB5B7
mem[X,0x8003178E] -> 0x0000
[4854] [M]: 0x8003178C (0x0000B5B7) lui a1, 11
x11 <- 0x0000B000


mem[X,0x80031790] -> 0x8593
mem[X,0x80031792] -> 0x5055
[4855] [M]: 0x80031790 (0x50558593) addi a1, a1, 1285
x11 <- 0x0000B505


mem[X,0x80031794] -> 0x0213
mem[X,0x80031796] -> 0x0000
[4856] [M]: 0x80031794 (0x00000213) addi tp, zero, 0
x4 <- 0x00000000


mem[X,0x80031798] -> 0x006F
mem[X,0x8003179A] -> 0x00C0
[4857] [M]: 0x80031798 (0x00C0006F) jal zero, 12


mem[X,0x800317A4] -> 0x6063
mem[X,0x800317A6] -> 0x10B5
[4858] [M]: 0x800317A4 (0x10B56063) bltu a0, a1, 256


mem[X,0x800317A8] -> 0x0213
mem[X,0x800317AA] -> 0x0022
[4859] [M]: 0x800317A8 (0x00220213) addi tp, tp, 2
x4 <- 0x00000002


mem[X,0x800317AC] -> 0x006F
mem[X,0x800317AE] -> 0x1000
[4860] [M]: 0x800317AC (0x1000006F) jal zero, 256


mem[X,0x800318AC] -> 0xAA23
mem[X,0x800318AE] -> 0x7A40
[4861] [M]: 0x800318AC (0x7A40AA23) sw tp, 1972(ra)
mem[0x8004BA28] <- 0x00000002


mem[X,0x800318B0] -> 0x0537
mem[X,0x800318B2] -> 0x0001
[4862] [M]: 0x800318B0 (0x00010537) lui a0, 16
x10 <- 0x00010000


mem[X,0x800318B4] -> 0x0513
mem[X,0x800318B6] -> 0xFFE5
[4863] [M]: 0x800318B4 (0xFFE50513) addi a0, a0, 4094
x10 <- 0x0000FFFE


mem[X,0x800318B8] -> 0x0593
mem[X,0x800318BA] -> 0x0010
[4864] [M]: 0x800318B8 (0x00100593) addi a1, zero, 1
x11 <- 0x00000001


mem[X,0x800318BC] -> 0x0213
mem[X,0x800318BE] -> 0x0000
[4865] [M]: 0x800318BC (0x00000213) addi tp, zero, 0
x4 <- 0x00000000


mem[X,0x800318C0] -> 0x006F
mem[X,0x800318C2] -> 0x00C0
[4866] [M]: 0x800318C0 (0x00C0006F) jal zero, 12


mem[X,0x800318CC] -> 0x6063
mem[X,0x800318CE] -> 0x04B5
[4867] [M]: 0x800318CC (0x04B56063) bltu a0, a1, 64


mem[X,0x800318D0] -> 0x0213
mem[X,0x800318D2] -> 0x0022
[4868] [M]: 0x800318D0 (0x00220213) addi tp, tp, 2
x4 <- 0x00000002


mem[X,0x800318D4] -> 0x006F
mem[X,0x800318D6] -> 0x0400
[4869] [M]: 0x800318D4 (0x0400006F) jal zero, 64


mem[X,0x80031914] -> 0xAC23
mem[X,0x80031916] -> 0x7A40
[4870] [M]: 0x80031914 (0x7A40AC23) sw tp, 1976(ra)
mem[0x8004BA2C] <- 0x00000002


mem[X,0x80031918] -> 0x0537
mem[X,0x8003191A] -> 0x0001
[4871] [M]: 0x80031918 (0x00010537) lui a0, 16
x10 <- 0x00010000


mem[X,0x8003191C] -> 0x0513
mem[X,0x8003191E] -> 0xFFE5
[4872] [M]: 0x8003191C (0xFFE50513) addi a0, a0, 4094
x10 <- 0x0000FFFE


mem[X,0x80031920] -> 0x05B7
mem[X,0x80031922] -> 0x0001
[4873] [M]: 0x80031920 (0x000105B7) lui a1, 16
x11 <- 0x00010000


mem[X,0x80031924] -> 0x0213
mem[X,0x80031926] -> 0x0000
[4874] [M]: 0x80031924 (0x00000213) addi tp, zero, 0
x4 <- 0x00000000


mem[X,0x80031928] -> 0x006F
mem[X,0x8003192A] -> 0x00C0
[4875] [M]: 0x80031928 (0x00C0006F) jal zero, 12


mem[X,0x80031934] -> 0x6663
mem[X,0x80031936] -> 0x00B5
[4876] [M]: 0x80031934 (0x00B56663) bltu a0, a1, 12


mem[X,0x80031940] -> 0x0213
mem[X,0x80031942] -> 0x0032
[4877] [M]: 0x80031940 (0x00320213) addi tp, tp, 3
x4 <- 0x00000003


mem[X,0x80031944] -> 0x006F
mem[X,0x80031946] -> 0x0040
[4878] [M]: 0x80031944 (0x0040006F) jal zero, 4


mem[X,0x80031948] -> 0xAE23
mem[X,0x8003194A] -> 0x7A40
[4879] [M]: 0x80031948 (0x7A40AE23) sw tp, 1980(ra)
mem[0x8004BA30] <- 0x00000003


mem[X,0x8003194C] -> 0x5537
mem[X,0x8003194E] -> 0x5555
[4880] [M]: 0x8003194C (0x55555537) lui a0, 349525
x10 <- 0x55555000


mem[X,0x80031950] -> 0x0513
mem[X,0x80031952] -> 0x5565
[4881] [M]: 0x80031950 (0x55650513) addi a0, a0, 1366
x10 <- 0x55555556


mem[X,0x80031954] -> 0x0593
mem[X,0x80031956] -> 0x0030
[4882] [M]: 0x80031954 (0x00300593) addi a1, zero, 3
x11 <- 0x00000003


mem[X,0x80031958] -> 0x0213
mem[X,0x8003195A] -> 0x0000
[4883] [M]: 0x80031958 (0x00000213) addi tp, zero, 0
x4 <- 0x00000000


mem[X,0x8003195C] -> 0x006F
mem[X,0x8003195E] -> 0x00C0
[4884] [M]: 0x8003195C (0x00C0006F) jal zero, 12


mem[X,0x80031968] -> 0x6663
mem[X,0x8003196A] -> 0x00B5
[4885] [M]: 0x80031968 (0x00B56663) bltu a0, a1, 12


mem[X,0x8003196C] -> 0x0213
mem[X,0x8003196E] -> 0x0022
[4886] [M]: 0x8003196C (0x00220213) addi tp, tp, 2
x4 <- 0x00000002


mem[X,0x80031970] -> 0x006F
mem[X,0x80031972] -> 0x00C0
[4887] [M]: 0x80031970 (0x00C0006F) jal zero, 12


mem[X,0x8003197C] -> 0xA023
mem[X,0x8003197E] -> 0x7C40
[4888] [M]: 0x8003197C (0x7C40A023) sw tp, 1984(ra)
mem[0x8004BA34] <- 0x00000002


mem[X,0x80031980] -> 0x5537
mem[X,0x80031982] -> 0x5555
[4889] [M]: 0x80031980 (0x55555537) lui a0, 349525
x10 <- 0x55555000


mem[X,0x80031984] -> 0x0513
mem[X,0x80031986] -> 0x5565
[4890] [M]: 0x80031984 (0x55650513) addi a0, a0, 1366
x10 <- 0x55555556


mem[X,0x80031988] -> 0x55B7
mem[X,0x8003198A] -> 0x5555
[4891] [M]: 0x80031988 (0x555555B7) lui a1, 349525
x11 <- 0x55555000


mem[X,0x8003198C] -> 0x8593
mem[X,0x8003198E] -> 0x5555
[4892] [M]: 0x8003198C (0x55558593) addi a1, a1, 1365
x11 <- 0x55555555


mem[X,0x80031990] -> 0x0213
mem[X,0x80031992] -> 0x0000
[4893] [M]: 0x80031990 (0x00000213) addi tp, zero, 0
x4 <- 0x00000000


mem[X,0x80031994] -> 0x006F
mem[X,0x80031996] -> 0x00C0
[4894] [M]: 0x80031994 (0x00C0006F) jal zero, 12


mem[X,0x800319A0] -> 0x6CE3
mem[X,0x800319A2] -> 0xFEB5
[4895] [M]: 0x800319A0 (0xFEB56CE3) bltu a0, a1, 8184


mem[X,0x800319A4] -> 0x0213
mem[X,0x800319A6] -> 0x0022
[4896] [M]: 0x800319A4 (0x00220213) addi tp, tp, 2
x4 <- 0x00000002


mem[X,0x800319A8] -> 0x006F
mem[X,0x800319AA] -> 0x00C0
[4897] [M]: 0x800319A8 (0x00C0006F) jal zero, 12


mem[X,0x800319B4] -> 0xA223
mem[X,0x800319B6] -> 0x7C40
[4898] [M]: 0x800319B4 (0x7C40A223) sw tp, 1988(ra)
mem[0x8004BA38] <- 0x00000002


mem[X,0x800319B8] -> 0x5537
mem[X,0x800319BA] -> 0x5555
[4899] [M]: 0x800319B8 (0x55555537) lui a0, 349525
x10 <- 0x55555000


clint::tick mtime <- 0x0000000000000031
 clint timer pending at mtime 0x0000000000000031
htif::tick 0x0000000000000000
mem[X,0x800319BC] -> 0x0513
mem[X,0x800319BE] -> 0x5565
[4900] [M]: 0x800319BC (0x55650513) addi a0, a0, 1366
x10 <- 0x55555556


mem[X,0x800319C0] -> 0xB5B7
mem[X,0x800319C2] -> 0xAAAA
[4901] [M]: 0x800319C0 (0xAAAAB5B7) lui a1, 699051
x11 <- 0xAAAAB000


mem[X,0x800319C4] -> 0x8593
mem[X,0x800319C6] -> 0xAAA5
[4902] [M]: 0x800319C4 (0xAAA58593) addi a1, a1, 2730
x11 <- 0xAAAAAAAA


mem[X,0x800319C8] -> 0x0213
mem[X,0x800319CA] -> 0x0000
[4903] [M]: 0x800319C8 (0x00000213) addi tp, zero, 0
x4 <- 0x00000000


mem[X,0x800319CC] -> 0x006F
mem[X,0x800319CE] -> 0x00C0
[4904] [M]: 0x800319CC (0x00C0006F) jal zero, 12


mem[X,0x800319D8] -> 0x6CE3
mem[X,0x800319DA] -> 0xFEB5
[4905] [M]: 0x800319D8 (0xFEB56CE3) bltu a0, a1, 8184


mem[X,0x800319D0] -> 0x0213
mem[X,0x800319D2] -> 0x0012
[4906] [M]: 0x800319D0 (0x00120213) addi tp, tp, 1
x4 <- 0x00000001


mem[X,0x800319D4] -> 0x006F
mem[X,0x800319D6] -> 0x0180
[4907] [M]: 0x800319D4 (0x0180006F) jal zero, 24


mem[X,0x800319EC] -> 0xA423
mem[X,0x800319EE] -> 0x7C40
[4908] [M]: 0x800319EC (0x7C40A423) sw tp, 1992(ra)
mem[0x8004BA3C] <- 0x00000001


mem[X,0x800319F0] -> 0x5537
mem[X,0x800319F2] -> 0x5555
[4909] [M]: 0x800319F0 (0x55555537) lui a0, 349525
x10 <- 0x55555000


mem[X,0x800319F4] -> 0x0513
mem[X,0x800319F6] -> 0x5565
[4910] [M]: 0x800319F4 (0x55650513) addi a0, a0, 1366
x10 <- 0x55555556


mem[X,0x800319F8] -> 0x0593
mem[X,0x800319FA] -> 0x0050
[4911] [M]: 0x800319F8 (0x00500593) addi a1, zero, 5
x11 <- 0x00000005


mem[X,0x800319FC] -> 0x0213
mem[X,0x800319FE] -> 0x0000
[4912] [M]: 0x800319FC (0x00000213) addi tp, zero, 0
x4 <- 0x00000000


mem[X,0x80031A00] -> 0x006F
mem[X,0x80031A02] -> 0x0140
[4913] [M]: 0x80031A00 (0x0140006F) jal zero, 20


mem[X,0x80031A14] -> 0x68E3
mem[X,0x80031A16] -> 0xFEB5
[4914] [M]: 0x80031A14 (0xFEB568E3) bltu a0, a1, 8176


mem[X,0x80031A18] -> 0x0213
mem[X,0x80031A1A] -> 0x0022
[4915] [M]: 0x80031A18 (0x00220213) addi tp, tp, 2
x4 <- 0x00000002


mem[X,0x80031A1C] -> 0x006F
mem[X,0x80031A1E] -> 0x00C0
[4916] [M]: 0x80031A1C (0x00C0006F) jal zero, 12


mem[X,0x80031A28] -> 0xA623
mem[X,0x80031A2A] -> 0x7C40
[4917] [M]: 0x80031A28 (0x7C40A623) sw tp, 1996(ra)
mem[0x8004BA40] <- 0x00000002


mem[X,0x80031A2C] -> 0x5537
mem[X,0x80031A2E] -> 0x5555
[4918] [M]: 0x80031A2C (0x55555537) lui a0, 349525
x10 <- 0x55555000


mem[X,0x80031A30] -> 0x0513
mem[X,0x80031A32] -> 0x5565
[4919] [M]: 0x80031A30 (0x55650513) addi a0, a0, 1366
x10 <- 0x55555556


mem[X,0x80031A34] -> 0x35B7
mem[X,0x80031A36] -> 0x3333
[4920] [M]: 0x80031A34 (0x333335B7) lui a1, 209715
x11 <- 0x33333000


mem[X,0x80031A38] -> 0x8593
mem[X,0x80031A3A] -> 0x3335
[4921] [M]: 0x80031A38 (0x33358593) addi a1, a1, 819
x11 <- 0x33333333


mem[X,0x80031A3C] -> 0x0213
mem[X,0x80031A3E] -> 0x0000
[4922] [M]: 0x80031A3C (0x00000213) addi tp, zero, 0
x4 <- 0x00000000


mem[X,0x80031A40] -> 0x006F
mem[X,0x80031A42] -> 0x00C0
[4923] [M]: 0x80031A40 (0x00C0006F) jal zero, 12


mem[X,0x80031A4C] -> 0x6663
mem[X,0x80031A4E] -> 0x00B5
[4924] [M]: 0x80031A4C (0x00B56663) bltu a0, a1, 12


mem[X,0x80031A50] -> 0x0213
mem[X,0x80031A52] -> 0x0022
[4925] [M]: 0x80031A50 (0x00220213) addi tp, tp, 2
x4 <- 0x00000002


mem[X,0x80031A54] -> 0x006F
mem[X,0x80031A56] -> 0x00C0
[4926] [M]: 0x80031A54 (0x00C0006F) jal zero, 12


mem[X,0x80031A60] -> 0xA823
mem[X,0x80031A62] -> 0x7C40
[4927] [M]: 0x80031A60 (0x7C40A823) sw tp, 2000(ra)
mem[0x8004BA44] <- 0x00000002


mem[X,0x80031A64] -> 0x5537
mem[X,0x80031A66] -> 0x5555
[4928] [M]: 0x80031A64 (0x55555537) lui a0, 349525
x10 <- 0x55555000


mem[X,0x80031A68] -> 0x0513
mem[X,0x80031A6A] -> 0x5565
[4929] [M]: 0x80031A68 (0x55650513) addi a0, a0, 1366
x10 <- 0x55555556


mem[X,0x80031A6C] -> 0x65B7
mem[X,0x80031A6E] -> 0x6666
[4930] [M]: 0x80031A6C (0x666665B7) lui a1, 419430
x11 <- 0x66666000


mem[X,0x80031A70] -> 0x8593
mem[X,0x80031A72] -> 0x6665
[4931] [M]: 0x80031A70 (0x66658593) addi a1, a1, 1638
x11 <- 0x66666666


mem[X,0x80031A74] -> 0x0213
mem[X,0x80031A76] -> 0x0000
[4932] [M]: 0x80031A74 (0x00000213) addi tp, zero, 0
x4 <- 0x00000000


mem[X,0x80031A78] -> 0x006F
mem[X,0x80031A7A] -> 0x00C0
[4933] [M]: 0x80031A78 (0x00C0006F) jal zero, 12


mem[X,0x80031A84] -> 0x6063
mem[X,0x80031A86] -> 0x02B5
[4934] [M]: 0x80031A84 (0x02B56063) bltu a0, a1, 32


mem[X,0x80031AA4] -> 0x0213
mem[X,0x80031AA6] -> 0x0032
[4935] [M]: 0x80031AA4 (0x00320213) addi tp, tp, 3
x4 <- 0x00000003


mem[X,0x80031AA8] -> 0x006F
mem[X,0x80031AAA] -> 0x0040
[4936] [M]: 0x80031AA8 (0x0040006F) jal zero, 4


mem[X,0x80031AAC] -> 0xAA23
mem[X,0x80031AAE] -> 0x7C40
[4937] [M]: 0x80031AAC (0x7C40AA23) sw tp, 2004(ra)
mem[0x8004BA48] <- 0x00000003


mem[X,0x80031AB0] -> 0x5537
mem[X,0x80031AB2] -> 0x5555
[4938] [M]: 0x80031AB0 (0x55555537) lui a0, 349525
x10 <- 0x55555000


mem[X,0x80031AB4] -> 0x0513
mem[X,0x80031AB6] -> 0x5565
[4939] [M]: 0x80031AB4 (0x55650513) addi a0, a0, 1366
x10 <- 0x55555556


mem[X,0x80031AB8] -> 0xB5B7
mem[X,0x80031ABA] -> 0x0000
[4940] [M]: 0x80031AB8 (0x0000B5B7) lui a1, 11
x11 <- 0x0000B000


mem[X,0x80031ABC] -> 0x8593
mem[X,0x80031ABE] -> 0x5045
[4941] [M]: 0x80031ABC (0x50458593) addi a1, a1, 1284
x11 <- 0x0000B504


mem[X,0x80031AC0] -> 0x0213
mem[X,0x80031AC2] -> 0x0000
[4942] [M]: 0x80031AC0 (0x00000213) addi tp, zero, 0
x4 <- 0x00000000


mem[X,0x80031AC4] -> 0x006F
mem[X,0x80031AC6] -> 0x00C0
[4943] [M]: 0x80031AC4 (0x00C0006F) jal zero, 12


mem[X,0x80031AD0] -> 0x6863
mem[X,0x80031AD2] -> 0x00B5
[4944] [M]: 0x80031AD0 (0x00B56863) bltu a0, a1, 16


mem[X,0x80031AD4] -> 0x0213
mem[X,0x80031AD6] -> 0x0022
[4945] [M]: 0x80031AD4 (0x00220213) addi tp, tp, 2
x4 <- 0x00000002


mem[X,0x80031AD8] -> 0x006F
mem[X,0x80031ADA] -> 0x0100
[4946] [M]: 0x80031AD8 (0x0100006F) jal zero, 16


mem[X,0x80031AE8] -> 0xAC23
mem[X,0x80031AEA] -> 0x7C40
[4947] [M]: 0x80031AE8 (0x7C40AC23) sw tp, 2008(ra)
mem[0x8004BA4C] <- 0x00000002


mem[X,0x80031AEC] -> 0x5537
mem[X,0x80031AEE] -> 0x5555
[4948] [M]: 0x80031AEC (0x55555537) lui a0, 349525
x10 <- 0x55555000


mem[X,0x80031AF0] -> 0x0513
mem[X,0x80031AF2] -> 0x5565
[4949] [M]: 0x80031AF0 (0x55650513) addi a0, a0, 1366
x10 <- 0x55555556


mem[X,0x80031AF4] -> 0x0593
mem[X,0x80031AF6] -> 0x0000
[4950] [M]: 0x80031AF4 (0x00000593) addi a1, zero, 0
x11 <- 0x00000000


mem[X,0x80031AF8] -> 0x0213
mem[X,0x80031AFA] -> 0x0000
[4951] [M]: 0x80031AF8 (0x00000213) addi tp, zero, 0
x4 <- 0x00000000


mem[X,0x80031AFC] -> 0x006F
mem[X,0x80031AFE] -> 0x00C0
[4952] [M]: 0x80031AFC (0x00C0006F) jal zero, 12


mem[X,0x80031B08] -> 0x6063
mem[X,0x80031B0A] -> 0x02B5
[4953] [M]: 0x80031B08 (0x02B56063) bltu a0, a1, 32


mem[X,0x80031B0C] -> 0x0213
mem[X,0x80031B0E] -> 0x0022
[4954] [M]: 0x80031B0C (0x00220213) addi tp, tp, 2
x4 <- 0x00000002


mem[X,0x80031B10] -> 0x006F
mem[X,0x80031B12] -> 0x0200
[4955] [M]: 0x80031B10 (0x0200006F) jal zero, 32


mem[X,0x80031B30] -> 0xAE23
mem[X,0x80031B32] -> 0x7C40
[4956] [M]: 0x80031B30 (0x7C40AE23) sw tp, 2012(ra)
mem[0x8004BA50] <- 0x00000002


mem[X,0x80031B34] -> 0x5537
mem[X,0x80031B36] -> 0x5555
[4957] [M]: 0x80031B34 (0x55555537) lui a0, 349525
x10 <- 0x55555000


mem[X,0x80031B38] -> 0x0513
mem[X,0x80031B3A] -> 0x5565
[4958] [M]: 0x80031B38 (0x55650513) addi a0, a0, 1366
x10 <- 0x55555556


mem[X,0x80031B3C] -> 0x05B7
mem[X,0x80031B3E] -> 0x0001
[4959] [M]: 0x80031B3C (0x000105B7) lui a1, 16
x11 <- 0x00010000


mem[X,0x80031B40] -> 0x8593
mem[X,0x80031B42] -> 0xFFF5
[4960] [M]: 0x80031B40 (0xFFF58593) addi a1, a1, 4095
x11 <- 0x0000FFFF


mem[X,0x80031B44] -> 0x0213
mem[X,0x80031B46] -> 0x0000
[4961] [M]: 0x80031B44 (0x00000213) addi tp, zero, 0
x4 <- 0x00000000


mem[X,0x80031B48] -> 0x006F
mem[X,0x80031B4A] -> 0x00C0
[4962] [M]: 0x80031B48 (0x00C0006F) jal zero, 12


mem[X,0x80031B54] -> 0x6CE3
mem[X,0x80031B56] -> 0xFEB5
[4963] [M]: 0x80031B54 (0xFEB56CE3) bltu a0, a1, 8184


mem[X,0x80031B58] -> 0x0213
mem[X,0x80031B5A] -> 0x0022
[4964] [M]: 0x80031B58 (0x00220213) addi tp, tp, 2
x4 <- 0x00000002


mem[X,0x80031B5C] -> 0x006F
mem[X,0x80031B5E] -> 0x00C0
[4965] [M]: 0x80031B5C (0x00C0006F) jal zero, 12


mem[X,0x80031B68] -> 0xA023
mem[X,0x80031B6A] -> 0x7E40
[4966] [M]: 0x80031B68 (0x7E40A023) sw tp, 2016(ra)
mem[0x8004BA54] <- 0x00000002


mem[X,0x80031B6C] -> 0x5537
mem[X,0x80031B6E] -> 0x5555
[4967] [M]: 0x80031B6C (0x55555537) lui a0, 349525
x10 <- 0x55555000


mem[X,0x80031B70] -> 0x0513
mem[X,0x80031B72] -> 0x5565
[4968] [M]: 0x80031B70 (0x55650513) addi a0, a0, 1366
x10 <- 0x55555556


mem[X,0x80031B74] -> 0x0593
mem[X,0x80031B76] -> 0x0020
[4969] [M]: 0x80031B74 (0x00200593) addi a1, zero, 2
x11 <- 0x00000002


mem[X,0x80031B78] -> 0x0213
mem[X,0x80031B7A] -> 0x0000
[4970] [M]: 0x80031B78 (0x00000213) addi tp, zero, 0
x4 <- 0x00000000


mem[X,0x80031B7C] -> 0x006F
mem[X,0x80031B7E] -> 0x00C0
[4971] [M]: 0x80031B7C (0x00C0006F) jal zero, 12


mem[X,0x80031B88] -> 0x6663
mem[X,0x80031B8A] -> 0x00B5
[4972] [M]: 0x80031B88 (0x00B56663) bltu a0, a1, 12


mem[X,0x80031B8C] -> 0x0213
mem[X,0x80031B8E] -> 0x0022
[4973] [M]: 0x80031B8C (0x00220213) addi tp, tp, 2
x4 <- 0x00000002


mem[X,0x80031B90] -> 0x006F
mem[X,0x80031B92] -> 0x00C0
[4974] [M]: 0x80031B90 (0x00C0006F) jal zero, 12


mem[X,0x80031B9C] -> 0xA223
mem[X,0x80031B9E] -> 0x7E40
[4975] [M]: 0x80031B9C (0x7E40A223) sw tp, 2020(ra)
mem[0x8004BA58] <- 0x00000002


mem[X,0x80031BA0] -> 0x5537
mem[X,0x80031BA2] -> 0x5555
[4976] [M]: 0x80031BA0 (0x55555537) lui a0, 349525
x10 <- 0x55555000


mem[X,0x80031BA4] -> 0x0513
mem[X,0x80031BA6] -> 0x5565
[4977] [M]: 0x80031BA4 (0x55650513) addi a0, a0, 1366
x10 <- 0x55555556


mem[X,0x80031BA8] -> 0x55B7
mem[X,0x80031BAA] -> 0x5555
[4978] [M]: 0x80031BA8 (0x555555B7) lui a1, 349525
x11 <- 0x55555000


mem[X,0x80031BAC] -> 0x8593
mem[X,0x80031BAE] -> 0x5545
[4979] [M]: 0x80031BAC (0x55458593) addi a1, a1, 1364
x11 <- 0x55555554


mem[X,0x80031BB0] -> 0x0213
mem[X,0x80031BB2] -> 0x0000
[4980] [M]: 0x80031BB0 (0x00000213) addi tp, zero, 0
x4 <- 0x00000000


mem[X,0x80031BB4] -> 0x006F
mem[X,0x80031BB6] -> 0x00C0
[4981] [M]: 0x80031BB4 (0x00C0006F) jal zero, 12


mem[X,0x80031BC0] -> 0x6CE3
mem[X,0x80031BC2] -> 0xFEB5
[4982] [M]: 0x80031BC0 (0xFEB56CE3) bltu a0, a1, 8184


mem[X,0x80031BC4] -> 0x0213
mem[X,0x80031BC6] -> 0x0022
[4983] [M]: 0x80031BC4 (0x00220213) addi tp, tp, 2
x4 <- 0x00000002


mem[X,0x80031BC8] -> 0x006F
mem[X,0x80031BCA] -> 0x00C0
[4984] [M]: 0x80031BC8 (0x00C0006F) jal zero, 12


mem[X,0x80031BD4] -> 0xA423
mem[X,0x80031BD6] -> 0x7E40
[4985] [M]: 0x80031BD4 (0x7E40A423) sw tp, 2024(ra)
mem[0x8004BA5C] <- 0x00000002


mem[X,0x80031BD8] -> 0x5537
mem[X,0x80031BDA] -> 0x5555
[4986] [M]: 0x80031BD8 (0x55555537) lui a0, 349525
x10 <- 0x55555000


mem[X,0x80031BDC] -> 0x0513
mem[X,0x80031BDE] -> 0x5565
[4987] [M]: 0x80031BDC (0x55650513) addi a0, a0, 1366
x10 <- 0x55555556


mem[X,0x80031BE0] -> 0xB5B7
mem[X,0x80031BE2] -> 0xAAAA
[4988] [M]: 0x80031BE0 (0xAAAAB5B7) lui a1, 699051
x11 <- 0xAAAAB000


mem[X,0x80031BE4] -> 0x8593
mem[X,0x80031BE6] -> 0xAA95
[4989] [M]: 0x80031BE4 (0xAA958593) addi a1, a1, 2729
x11 <- 0xAAAAAAA9


mem[X,0x80031BE8] -> 0x0213
mem[X,0x80031BEA] -> 0x0000
[4990] [M]: 0x80031BE8 (0x00000213) addi tp, zero, 0
x4 <- 0x00000000


mem[X,0x80031BEC] -> 0x006F
mem[X,0x80031BEE] -> 0x0100
[4991] [M]: 0x80031BEC (0x0100006F) jal zero, 16


mem[X,0x80031BFC] -> 0x6AE3
mem[X,0x80031BFE] -> 0xFEB5
[4992] [M]: 0x80031BFC (0xFEB56AE3) bltu a0, a1, 8180


mem[X,0x80031BF0] -> 0x0213
mem[X,0x80031BF2] -> 0x0012
[4993] [M]: 0x80031BF0 (0x00120213) addi tp, tp, 1
x4 <- 0x00000001


mem[X,0x80031BF4] -> 0x006F
mem[X,0x80031BF6] -> 0x01C0
[4994] [M]: 0x80031BF4 (0x01C0006F) jal zero, 28


mem[X,0x80031C10] -> 0xA623
mem[X,0x80031C12] -> 0x7E40
[4995] [M]: 0x80031C10 (0x7E40A623) sw tp, 2028(ra)
mem[0x8004BA60] <- 0x00000001


mem[X,0x80031C14] -> 0x5537
mem[X,0x80031C16] -> 0x5555
[4996] [M]: 0x80031C14 (0x55555537) lui a0, 349525
x10 <- 0x55555000


mem[X,0x80031C18] -> 0x0513
mem[X,0x80031C1A] -> 0x5565
[4997] [M]: 0x80031C18 (0x55650513) addi a0, a0, 1366
x10 <- 0x55555556


mem[X,0x80031C1C] -> 0x0593
mem[X,0x80031C1E] -> 0x0040
[4998] [M]: 0x80031C1C (0x00400593) addi a1, zero, 4
x11 <- 0x00000004


mem[X,0x80031C20] -> 0x0213
mem[X,0x80031C22] -> 0x0000
[4999] [M]: 0x80031C20 (0x00000213) addi tp, zero, 0
x4 <- 0x00000000


clint::tick mtime <- 0x0000000000000032
 clint timer pending at mtime 0x0000000000000032
htif::tick 0x0000000000000000
mem[X,0x80031C24] -> 0x006F
mem[X,0x80031C26] -> 0x00C0
[5000] [M]: 0x80031C24 (0x00C0006F) jal zero, 12


mem[X,0x80031C30] -> 0x6063
mem[X,0x80031C32] -> 0x40B5
[5001] [M]: 0x80031C30 (0x40B56063) bltu a0, a1, 1024


mem[X,0x80031C34] -> 0x0213
mem[X,0x80031C36] -> 0x0022
[5002] [M]: 0x80031C34 (0x00220213) addi tp, tp, 2
x4 <- 0x00000002


mem[X,0x80031C38] -> 0x006F
mem[X,0x80031C3A] -> 0x4000
[5003] [M]: 0x80031C38 (0x4000006F) jal zero, 1024


mem[X,0x80032038] -> 0xA823
mem[X,0x8003203A] -> 0x7E40
[5004] [M]: 0x80032038 (0x7E40A823) sw tp, 2032(ra)
mem[0x8004BA64] <- 0x00000002


mem[X,0x8003203C] -> 0x5537
mem[X,0x8003203E] -> 0x5555
[5005] [M]: 0x8003203C (0x55555537) lui a0, 349525
x10 <- 0x55555000


mem[X,0x80032040] -> 0x0513
mem[X,0x80032042] -> 0x5565
[5006] [M]: 0x80032040 (0x55650513) addi a0, a0, 1366
x10 <- 0x55555556


mem[X,0x80032044] -> 0x35B7
mem[X,0x80032046] -> 0x3333
[5007] [M]: 0x80032044 (0x333335B7) lui a1, 209715
x11 <- 0x33333000


mem[X,0x80032048] -> 0x8593
mem[X,0x8003204A] -> 0x3325
[5008] [M]: 0x80032048 (0x33258593) addi a1, a1, 818
x11 <- 0x33333332


mem[X,0x8003204C] -> 0x0213
mem[X,0x8003204E] -> 0x0000
[5009] [M]: 0x8003204C (0x00000213) addi tp, zero, 0
x4 <- 0x00000000


mem[X,0x80032050] -> 0x006F
mem[X,0x80032052] -> 0x00C0
[5010] [M]: 0x80032050 (0x00C0006F) jal zero, 12


mem[X,0x8003205C] -> 0x6663
mem[X,0x8003205E] -> 0x00B5
[5011] [M]: 0x8003205C (0x00B56663) bltu a0, a1, 12


mem[X,0x80032060] -> 0x0213
mem[X,0x80032062] -> 0x0022
[5012] [M]: 0x80032060 (0x00220213) addi tp, tp, 2
x4 <- 0x00000002


mem[X,0x80032064] -> 0x006F
mem[X,0x80032066] -> 0x00C0
[5013] [M]: 0x80032064 (0x00C0006F) jal zero, 12


mem[X,0x80032070] -> 0xAA23
mem[X,0x80032072] -> 0x7E40
[5014] [M]: 0x80032070 (0x7E40AA23) sw tp, 2036(ra)
mem[0x8004BA68] <- 0x00000002


mem[X,0x80032074] -> 0x5537
mem[X,0x80032076] -> 0x5555
[5015] [M]: 0x80032074 (0x55555537) lui a0, 349525
x10 <- 0x55555000


mem[X,0x80032078] -> 0x0513
mem[X,0x8003207A] -> 0x5565
[5016] [M]: 0x80032078 (0x55650513) addi a0, a0, 1366
x10 <- 0x55555556


mem[X,0x8003207C] -> 0x65B7
mem[X,0x8003207E] -> 0x6666
[5017] [M]: 0x8003207C (0x666665B7) lui a1, 419430
x11 <- 0x66666000


mem[X,0x80032080] -> 0x8593
mem[X,0x80032082] -> 0x6655
[5018] [M]: 0x80032080 (0x66558593) addi a1, a1, 1637
x11 <- 0x66666665


mem[X,0x80032084] -> 0x0213
mem[X,0x80032086] -> 0x0000
[5019] [M]: 0x80032084 (0x00000213) addi tp, zero, 0
x4 <- 0x00000000


mem[X,0x80032088] -> 0x006F
mem[X,0x8003208A] -> 0x00C0
[5020] [M]: 0x80032088 (0x00C0006F) jal zero, 12


mem[X,0x80032094] -> 0x6063
mem[X,0x80032096] -> 0x02B5
[5021] [M]: 0x80032094 (0x02B56063) bltu a0, a1, 32


mem[X,0x800320B4] -> 0x0213
mem[X,0x800320B6] -> 0x0032
[5022] [M]: 0x800320B4 (0x00320213) addi tp, tp, 3
x4 <- 0x00000003


mem[X,0x800320B8] -> 0x006F
mem[X,0x800320BA] -> 0x0040
[5023] [M]: 0x800320B8 (0x0040006F) jal zero, 4


mem[X,0x800320BC] -> 0xAC23
mem[X,0x800320BE] -> 0x7E40
[5024] [M]: 0x800320BC (0x7E40AC23) sw tp, 2040(ra)
mem[0x8004BA6C] <- 0x00000003


mem[X,0x800320C0] -> 0x5537
mem[X,0x800320C2] -> 0x5555
[5025] [M]: 0x800320C0 (0x55555537) lui a0, 349525
x10 <- 0x55555000


mem[X,0x800320C4] -> 0x0513
mem[X,0x800320C6] -> 0x5565
[5026] [M]: 0x800320C4 (0x55650513) addi a0, a0, 1366
x10 <- 0x55555556


mem[X,0x800320C8] -> 0xB5B7
mem[X,0x800320CA] -> 0x0000
[5027] [M]: 0x800320C8 (0x0000B5B7) lui a1, 11
x11 <- 0x0000B000


mem[X,0x800320CC] -> 0x8593
mem[X,0x800320CE] -> 0x5035
[5028] [M]: 0x800320CC (0x50358593) addi a1, a1, 1283
x11 <- 0x0000B503


mem[X,0x800320D0] -> 0x0213
mem[X,0x800320D2] -> 0x0000
[5029] [M]: 0x800320D0 (0x00000213) addi tp, zero, 0
x4 <- 0x00000000


mem[X,0x800320D4] -> 0x006F
mem[X,0x800320D6] -> 0x00C0
[5030] [M]: 0x800320D4 (0x00C0006F) jal zero, 12


mem[X,0x800320E0] -> 0x6063
mem[X,0x800320E2] -> 0x20B5
[5031] [M]: 0x800320E0 (0x20B56063) bltu a0, a1, 512


mem[X,0x800320E4] -> 0x0213
mem[X,0x800320E6] -> 0x0022
[5032] [M]: 0x800320E4 (0x00220213) addi tp, tp, 2
x4 <- 0x00000002


mem[X,0x800320E8] -> 0x006F
mem[X,0x800320EA] -> 0x2000
[5033] [M]: 0x800320E8 (0x2000006F) jal zero, 512


mem[X,0x800322E8] -> 0xAE23
mem[X,0x800322EA] -> 0x7E40
[5034] [M]: 0x800322E8 (0x7E40AE23) sw tp, 2044(ra)
mem[0x8004BA70] <- 0x00000002


mem[X,0x800322EC] -> 0x9097
mem[X,0x800322EE] -> 0x0001
[5035] [M]: 0x800322EC (0x00019097) auipc ra, 25
x1 <- 0x8004B2EC


mem[X,0x800322F0] -> 0x8093
mem[X,0x800322F2] -> 0x7880
[5036] [M]: 0x800322F0 (0x78808093) addi ra, ra, 1928
x1 <- 0x8004BA74


mem[X,0x800322F4] -> 0x5537
mem[X,0x800322F6] -> 0x5555
[5037] [M]: 0x800322F4 (0x55555537) lui a0, 349525
x10 <- 0x55555000


mem[X,0x800322F8] -> 0x0513
mem[X,0x800322FA] -> 0x5565
[5038] [M]: 0x800322F8 (0x55650513) addi a0, a0, 1366
x10 <- 0x55555556


mem[X,0x800322FC] -> 0x05B7
mem[X,0x800322FE] -> 0x0001
[5039] [M]: 0x800322FC (0x000105B7) lui a1, 16
x11 <- 0x00010000


mem[X,0x80032300] -> 0x8593
mem[X,0x80032302] -> 0xFFE5
[5040] [M]: 0x80032300 (0xFFE58593) addi a1, a1, 4094
x11 <- 0x0000FFFE


mem[X,0x80032304] -> 0x0213
mem[X,0x80032306] -> 0x0000
[5041] [M]: 0x80032304 (0x00000213) addi tp, zero, 0
x4 <- 0x00000000


mem[X,0x80032308] -> 0x006F
mem[X,0x8003230A] -> 0x00C0
[5042] [M]: 0x80032308 (0x00C0006F) jal zero, 12


mem[X,0x80032314] -> 0x6063
mem[X,0x80032316] -> 0x02B5
[5043] [M]: 0x80032314 (0x02B56063) bltu a0, a1, 32


mem[X,0x80032318] -> 0x0213
mem[X,0x8003231A] -> 0x0022
[5044] [M]: 0x80032318 (0x00220213) addi tp, tp, 2
x4 <- 0x00000002


mem[X,0x8003231C] -> 0x006F
mem[X,0x8003231E] -> 0x0200
[5045] [M]: 0x8003231C (0x0200006F) jal zero, 32


mem[X,0x8003233C] -> 0xA023
mem[X,0x8003233E] -> 0x0040
[5046] [M]: 0x8003233C (0x0040A023) sw tp, 0(ra)
mem[0x8004BA74] <- 0x00000002


mem[X,0x80032340] -> 0x5537
mem[X,0x80032342] -> 0x5555
[5047] [M]: 0x80032340 (0x55555537) lui a0, 349525
x10 <- 0x55555000


mem[X,0x80032344] -> 0x0513
mem[X,0x80032346] -> 0x5565
[5048] [M]: 0x80032344 (0x55650513) addi a0, a0, 1366
x10 <- 0x55555556


mem[X,0x80032348] -> 0x55B7
mem[X,0x8003234A] -> 0x5555
[5049] [M]: 0x80032348 (0x555555B7) lui a1, 349525
x11 <- 0x55555000


mem[X,0x8003234C] -> 0x8593
mem[X,0x8003234E] -> 0x5565
[5050] [M]: 0x8003234C (0x55658593) addi a1, a1, 1366
x11 <- 0x55555556


mem[X,0x80032350] -> 0x0213
mem[X,0x80032352] -> 0x0000
[5051] [M]: 0x80032350 (0x00000213) addi tp, zero, 0
x4 <- 0x00000000


mem[X,0x80032354] -> 0x006F
mem[X,0x80032356] -> 0x00C0
[5052] [M]: 0x80032354 (0x00C0006F) jal zero, 12


mem[X,0x80032360] -> 0x6663
mem[X,0x80032362] -> 0x00B5
[5053] [M]: 0x80032360 (0x00B56663) bltu a0, a1, 12


mem[X,0x80032364] -> 0x0213
mem[X,0x80032366] -> 0x0022
[5054] [M]: 0x80032364 (0x00220213) addi tp, tp, 2
x4 <- 0x00000002


mem[X,0x80032368] -> 0x006F
mem[X,0x8003236A] -> 0x00C0
[5055] [M]: 0x80032368 (0x00C0006F) jal zero, 12


mem[X,0x80032374] -> 0xA223
mem[X,0x80032376] -> 0x0040
[5056] [M]: 0x80032374 (0x0040A223) sw tp, 4(ra)
mem[0x8004BA78] <- 0x00000002


mem[X,0x80032378] -> 0x5537
mem[X,0x8003237A] -> 0x5555
[5057] [M]: 0x80032378 (0x55555537) lui a0, 349525
x10 <- 0x55555000


mem[X,0x8003237C] -> 0x0513
mem[X,0x8003237E] -> 0x5565
[5058] [M]: 0x8003237C (0x55650513) addi a0, a0, 1366
x10 <- 0x55555556


mem[X,0x80032380] -> 0xB5B7
mem[X,0x80032382] -> 0xAAAA
[5059] [M]: 0x80032380 (0xAAAAB5B7) lui a1, 699051
x11 <- 0xAAAAB000


mem[X,0x80032384] -> 0x8593
mem[X,0x80032386] -> 0xAAB5
[5060] [M]: 0x80032384 (0xAAB58593) addi a1, a1, 2731
x11 <- 0xAAAAAAAB


mem[X,0x80032388] -> 0x0213
mem[X,0x8003238A] -> 0x0000
[5061] [M]: 0x80032388 (0x00000213) addi tp, zero, 0
x4 <- 0x00000000


mem[X,0x8003238C] -> 0x006F
mem[X,0x8003238E] -> 0x0140
[5062] [M]: 0x8003238C (0x0140006F) jal zero, 20


mem[X,0x800323A0] -> 0x68E3
mem[X,0x800323A2] -> 0xFEB5
[5063] [M]: 0x800323A0 (0xFEB568E3) bltu a0, a1, 8176


mem[X,0x80032390] -> 0x0213
mem[X,0x80032392] -> 0x0012
[5064] [M]: 0x80032390 (0x00120213) addi tp, tp, 1
x4 <- 0x00000001


mem[X,0x80032394] -> 0x006F
mem[X,0x80032396] -> 0x0200
[5065] [M]: 0x80032394 (0x0200006F) jal zero, 32


mem[X,0x800323B4] -> 0xA423
mem[X,0x800323B6] -> 0x0040
[5066] [M]: 0x800323B4 (0x0040A423) sw tp, 8(ra)
mem[0x8004BA7C] <- 0x00000001


mem[X,0x800323B8] -> 0x5537
mem[X,0x800323BA] -> 0x5555
[5067] [M]: 0x800323B8 (0x55555537) lui a0, 349525
x10 <- 0x55555000


mem[X,0x800323BC] -> 0x0513
mem[X,0x800323BE] -> 0x5565
[5068] [M]: 0x800323BC (0x55650513) addi a0, a0, 1366
x10 <- 0x55555556


mem[X,0x800323C0] -> 0x0593
mem[X,0x800323C2] -> 0x0060
[5069] [M]: 0x800323C0 (0x00600593) addi a1, zero, 6
x11 <- 0x00000006


mem[X,0x800323C4] -> 0x0213
mem[X,0x800323C6] -> 0x0000
[5070] [M]: 0x800323C4 (0x00000213) addi tp, zero, 0
x4 <- 0x00000000


mem[X,0x800323C8] -> 0x006F
mem[X,0x800323CA] -> 0x00C0
[5071] [M]: 0x800323C8 (0x00C0006F) jal zero, 12


mem[X,0x800323D4] -> 0x6063
mem[X,0x800323D6] -> 0x04B5
[5072] [M]: 0x800323D4 (0x04B56063) bltu a0, a1, 64


mem[X,0x800323D8] -> 0x0213
mem[X,0x800323DA] -> 0x0022
[5073] [M]: 0x800323D8 (0x00220213) addi tp, tp, 2
x4 <- 0x00000002


mem[X,0x800323DC] -> 0x006F
mem[X,0x800323DE] -> 0x0400
[5074] [M]: 0x800323DC (0x0400006F) jal zero, 64


mem[X,0x8003241C] -> 0xA623
mem[X,0x8003241E] -> 0x0040
[5075] [M]: 0x8003241C (0x0040A623) sw tp, 12(ra)
mem[0x8004BA80] <- 0x00000002


mem[X,0x80032420] -> 0x5537
mem[X,0x80032422] -> 0x5555
[5076] [M]: 0x80032420 (0x55555537) lui a0, 349525
x10 <- 0x55555000


mem[X,0x80032424] -> 0x0513
mem[X,0x80032426] -> 0x5565
[5077] [M]: 0x80032424 (0x55650513) addi a0, a0, 1366
x10 <- 0x55555556


mem[X,0x80032428] -> 0x35B7
mem[X,0x8003242A] -> 0x3333
[5078] [M]: 0x80032428 (0x333335B7) lui a1, 209715
x11 <- 0x33333000


mem[X,0x8003242C] -> 0x8593
mem[X,0x8003242E] -> 0x3345
[5079] [M]: 0x8003242C (0x33458593) addi a1, a1, 820
x11 <- 0x33333334


mem[X,0x80032430] -> 0x0213
mem[X,0x80032432] -> 0x0000
[5080] [M]: 0x80032430 (0x00000213) addi tp, zero, 0
x4 <- 0x00000000


mem[X,0x80032434] -> 0x006F
mem[X,0x80032436] -> 0x00C0
[5081] [M]: 0x80032434 (0x00C0006F) jal zero, 12


mem[X,0x80032440] -> 0x6063
mem[X,0x80032442] -> 0x40B5
[5082] [M]: 0x80032440 (0x40B56063) bltu a0, a1, 1024


mem[X,0x80032444] -> 0x0213
mem[X,0x80032446] -> 0x0022
[5083] [M]: 0x80032444 (0x00220213) addi tp, tp, 2
x4 <- 0x00000002


mem[X,0x80032448] -> 0x006F
mem[X,0x8003244A] -> 0x4000
[5084] [M]: 0x80032448 (0x4000006F) jal zero, 1024


mem[X,0x80032848] -> 0xA823
mem[X,0x8003284A] -> 0x0040
[5085] [M]: 0x80032848 (0x0040A823) sw tp, 16(ra)
mem[0x8004BA84] <- 0x00000002


mem[X,0x8003284C] -> 0x5537
mem[X,0x8003284E] -> 0x5555
[5086] [M]: 0x8003284C (0x55555537) lui a0, 349525
x10 <- 0x55555000


mem[X,0x80032850] -> 0x0513
mem[X,0x80032852] -> 0x5565
[5087] [M]: 0x80032850 (0x55650513) addi a0, a0, 1366
x10 <- 0x55555556


mem[X,0x80032854] -> 0x65B7
mem[X,0x80032856] -> 0x6666
[5088] [M]: 0x80032854 (0x666665B7) lui a1, 419430
x11 <- 0x66666000


mem[X,0x80032858] -> 0x8593
mem[X,0x8003285A] -> 0x6675
[5089] [M]: 0x80032858 (0x66758593) addi a1, a1, 1639
x11 <- 0x66666667


mem[X,0x8003285C] -> 0x0213
mem[X,0x8003285E] -> 0x0000
[5090] [M]: 0x8003285C (0x00000213) addi tp, zero, 0
x4 <- 0x00000000


mem[X,0x80032860] -> 0x006F
mem[X,0x80032862] -> 0x00C0
[5091] [M]: 0x80032860 (0x00C0006F) jal zero, 12


mem[X,0x8003286C] -> 0x6663
mem[X,0x8003286E] -> 0x00B5
[5092] [M]: 0x8003286C (0x00B56663) bltu a0, a1, 12


mem[X,0x80032878] -> 0x0213
mem[X,0x8003287A] -> 0x0032
[5093] [M]: 0x80032878 (0x00320213) addi tp, tp, 3
x4 <- 0x00000003


mem[X,0x8003287C] -> 0x006F
mem[X,0x8003287E] -> 0x0040
[5094] [M]: 0x8003287C (0x0040006F) jal zero, 4


mem[X,0x80032880] -> 0xAA23
mem[X,0x80032882] -> 0x0040
[5095] [M]: 0x80032880 (0x0040AA23) sw tp, 20(ra)
mem[0x8004BA88] <- 0x00000003


mem[X,0x80032884] -> 0x5537
mem[X,0x80032886] -> 0x5555
[5096] [M]: 0x80032884 (0x55555537) lui a0, 349525
x10 <- 0x55555000


mem[X,0x80032888] -> 0x0513
mem[X,0x8003288A] -> 0x5565
[5097] [M]: 0x80032888 (0x55650513) addi a0, a0, 1366
x10 <- 0x55555556


mem[X,0x8003288C] -> 0xB5B7
mem[X,0x8003288E] -> 0x0000
[5098] [M]: 0x8003288C (0x0000B5B7) lui a1, 11
x11 <- 0x0000B000


mem[X,0x80032890] -> 0x8593
mem[X,0x80032892] -> 0x5055
[5099] [M]: 0x80032890 (0x50558593) addi a1, a1, 1285
x11 <- 0x0000B505


clint::tick mtime <- 0x0000000000000033
 clint timer pending at mtime 0x0000000000000033
htif::tick 0x0000000000000000
mem[X,0x80032894] -> 0x0213
mem[X,0x80032896] -> 0x0000
[5100] [M]: 0x80032894 (0x00000213) addi tp, zero, 0
x4 <- 0x00000000


mem[X,0x80032898] -> 0x006F
mem[X,0x8003289A] -> 0x00C0
[5101] [M]: 0x80032898 (0x00C0006F) jal zero, 12


mem[X,0x800328A4] -> 0x6663
mem[X,0x800328A6] -> 0x00B5
[5102] [M]: 0x800328A4 (0x00B56663) bltu a0, a1, 12


mem[X,0x800328A8] -> 0x0213
mem[X,0x800328AA] -> 0x0022
[5103] [M]: 0x800328A8 (0x00220213) addi tp, tp, 2
x4 <- 0x00000002


mem[X,0x800328AC] -> 0x006F
mem[X,0x800328AE] -> 0x00C0
[5104] [M]: 0x800328AC (0x00C0006F) jal zero, 12


mem[X,0x800328B8] -> 0xAC23
mem[X,0x800328BA] -> 0x0040
[5105] [M]: 0x800328B8 (0x0040AC23) sw tp, 24(ra)
mem[0x8004BA8C] <- 0x00000002


mem[X,0x800328BC] -> 0x5537
mem[X,0x800328BE] -> 0x5555
[5106] [M]: 0x800328BC (0x55555537) lui a0, 349525
x10 <- 0x55555000


mem[X,0x800328C0] -> 0x0513
mem[X,0x800328C2] -> 0x5565
[5107] [M]: 0x800328C0 (0x55650513) addi a0, a0, 1366
x10 <- 0x55555556


mem[X,0x800328C4] -> 0x0593
mem[X,0x800328C6] -> 0x0010
[5108] [M]: 0x800328C4 (0x00100593) addi a1, zero, 1
x11 <- 0x00000001


mem[X,0x800328C8] -> 0x0213
mem[X,0x800328CA] -> 0x0000
[5109] [M]: 0x800328C8 (0x00000213) addi tp, zero, 0
x4 <- 0x00000000


mem[X,0x800328CC] -> 0x006F
mem[X,0x800328CE] -> 0x0100
[5110] [M]: 0x800328CC (0x0100006F) jal zero, 16


mem[X,0x800328DC] -> 0x6AE3
mem[X,0x800328DE] -> 0xFEB5
[5111] [M]: 0x800328DC (0xFEB56AE3) bltu a0, a1, 8180


mem[X,0x800328E0] -> 0x0213
mem[X,0x800328E2] -> 0x0022
[5112] [M]: 0x800328E0 (0x00220213) addi tp, tp, 2
x4 <- 0x00000002


mem[X,0x800328E4] -> 0x006F
mem[X,0x800328E6] -> 0x00C0
[5113] [M]: 0x800328E4 (0x00C0006F) jal zero, 12


mem[X,0x800328F0] -> 0xAE23
mem[X,0x800328F2] -> 0x0040
[5114] [M]: 0x800328F0 (0x0040AE23) sw tp, 28(ra)
mem[0x8004BA90] <- 0x00000002


mem[X,0x800328F4] -> 0x5537
mem[X,0x800328F6] -> 0x5555
[5115] [M]: 0x800328F4 (0x55555537) lui a0, 349525
x10 <- 0x55555000


mem[X,0x800328F8] -> 0x0513
mem[X,0x800328FA] -> 0x5565
[5116] [M]: 0x800328F8 (0x55650513) addi a0, a0, 1366
x10 <- 0x55555556


mem[X,0x800328FC] -> 0x05B7
mem[X,0x800328FE] -> 0x0001
[5117] [M]: 0x800328FC (0x000105B7) lui a1, 16
x11 <- 0x00010000


mem[X,0x80032900] -> 0x0213
mem[X,0x80032902] -> 0x0000
[5118] [M]: 0x80032900 (0x00000213) addi tp, zero, 0
x4 <- 0x00000000


mem[X,0x80032904] -> 0x006F
mem[X,0x80032906] -> 0x00C0
[5119] [M]: 0x80032904 (0x00C0006F) jal zero, 12


mem[X,0x80032910] -> 0x6063
mem[X,0x80032912] -> 0x02B5
[5120] [M]: 0x80032910 (0x02B56063) bltu a0, a1, 32


mem[X,0x80032914] -> 0x0213
mem[X,0x80032916] -> 0x0022
[5121] [M]: 0x80032914 (0x00220213) addi tp, tp, 2
x4 <- 0x00000002


mem[X,0x80032918] -> 0x006F
mem[X,0x8003291A] -> 0x0200
[5122] [M]: 0x80032918 (0x0200006F) jal zero, 32


mem[X,0x80032938] -> 0xA023
mem[X,0x8003293A] -> 0x0240
[5123] [M]: 0x80032938 (0x0240A023) sw tp, 32(ra)
mem[0x8004BA94] <- 0x00000002


mem[X,0x8003293C] -> 0xB537
mem[X,0x8003293E] -> 0xAAAA
[5124] [M]: 0x8003293C (0xAAAAB537) lui a0, 699051
x10 <- 0xAAAAB000


mem[X,0x80032940] -> 0x0513
mem[X,0x80032942] -> 0xAAB5
[5125] [M]: 0x80032940 (0xAAB50513) addi a0, a0, 2731
x10 <- 0xAAAAAAAB


mem[X,0x80032944] -> 0x0593
mem[X,0x80032946] -> 0x0030
[5126] [M]: 0x80032944 (0x00300593) addi a1, zero, 3
x11 <- 0x00000003


mem[X,0x80032948] -> 0x0213
mem[X,0x8003294A] -> 0x0000
[5127] [M]: 0x80032948 (0x00000213) addi tp, zero, 0
x4 <- 0x00000000


mem[X,0x8003294C] -> 0x006F
mem[X,0x8003294E] -> 0x0100
[5128] [M]: 0x8003294C (0x0100006F) jal zero, 16


mem[X,0x8003295C] -> 0x6AE3
mem[X,0x8003295E] -> 0xFEB5
[5129] [M]: 0x8003295C (0xFEB56AE3) bltu a0, a1, 8180


mem[X,0x80032960] -> 0x0213
mem[X,0x80032962] -> 0x0022
[5130] [M]: 0x80032960 (0x00220213) addi tp, tp, 2
x4 <- 0x00000002


mem[X,0x80032964] -> 0x006F
mem[X,0x80032966] -> 0x00C0
[5131] [M]: 0x80032964 (0x00C0006F) jal zero, 12


mem[X,0x80032970] -> 0xA223
mem[X,0x80032972] -> 0x0240
[5132] [M]: 0x80032970 (0x0240A223) sw tp, 36(ra)
mem[0x8004BA98] <- 0x00000002


mem[X,0x80032974] -> 0xB537
mem[X,0x80032976] -> 0xAAAA
[5133] [M]: 0x80032974 (0xAAAAB537) lui a0, 699051
x10 <- 0xAAAAB000


mem[X,0x80032978] -> 0x0513
mem[X,0x8003297A] -> 0xAAB5
[5134] [M]: 0x80032978 (0xAAB50513) addi a0, a0, 2731
x10 <- 0xAAAAAAAB


mem[X,0x8003297C] -> 0x55B7
mem[X,0x8003297E] -> 0x5555
[5135] [M]: 0x8003297C (0x555555B7) lui a1, 349525
x11 <- 0x55555000


mem[X,0x80032980] -> 0x8593
mem[X,0x80032982] -> 0x5555
[5136] [M]: 0x80032980 (0x55558593) addi a1, a1, 1365
x11 <- 0x55555555


mem[X,0x80032984] -> 0x0213
mem[X,0x80032986] -> 0x0000
[5137] [M]: 0x80032984 (0x00000213) addi tp, zero, 0
x4 <- 0x00000000


mem[X,0x80032988] -> 0x006F
mem[X,0x8003298A] -> 0x00C0
[5138] [M]: 0x80032988 (0x00C0006F) jal zero, 12


mem[X,0x80032994] -> 0x6CE3
mem[X,0x80032996] -> 0xFEB5
[5139] [M]: 0x80032994 (0xFEB56CE3) bltu a0, a1, 8184


mem[X,0x80032998] -> 0x0213
mem[X,0x8003299A] -> 0x0022
[5140] [M]: 0x80032998 (0x00220213) addi tp, tp, 2
x4 <- 0x00000002


mem[X,0x8003299C] -> 0x006F
mem[X,0x8003299E] -> 0x00C0
[5141] [M]: 0x8003299C (0x00C0006F) jal zero, 12


mem[X,0x800329A8] -> 0xA423
mem[X,0x800329AA] -> 0x0240
[5142] [M]: 0x800329A8 (0x0240A423) sw tp, 40(ra)
mem[0x8004BA9C] <- 0x00000002


mem[X,0x800329AC] -> 0xB537
mem[X,0x800329AE] -> 0xAAAA
[5143] [M]: 0x800329AC (0xAAAAB537) lui a0, 699051
x10 <- 0xAAAAB000


mem[X,0x800329B0] -> 0x0513
mem[X,0x800329B2] -> 0xAAB5
[5144] [M]: 0x800329B0 (0xAAB50513) addi a0, a0, 2731
x10 <- 0xAAAAAAAB


mem[X,0x800329B4] -> 0xB5B7
mem[X,0x800329B6] -> 0xAAAA
[5145] [M]: 0x800329B4 (0xAAAAB5B7) lui a1, 699051
x11 <- 0xAAAAB000


mem[X,0x800329B8] -> 0x8593
mem[X,0x800329BA] -> 0xAAA5
[5146] [M]: 0x800329B8 (0xAAA58593) addi a1, a1, 2730
x11 <- 0xAAAAAAAA


mem[X,0x800329BC] -> 0x0213
mem[X,0x800329BE] -> 0x0000
[5147] [M]: 0x800329BC (0x00000213) addi tp, zero, 0
x4 <- 0x00000000


mem[X,0x800329C0] -> 0x006F
mem[X,0x800329C2] -> 0x00C0
[5148] [M]: 0x800329C0 (0x00C0006F) jal zero, 12


mem[X,0x800329CC] -> 0x6063
mem[X,0x800329CE] -> 0x20B5
[5149] [M]: 0x800329CC (0x20B56063) bltu a0, a1, 512


mem[X,0x800329D0] -> 0x0213
mem[X,0x800329D2] -> 0x0022
[5150] [M]: 0x800329D0 (0x00220213) addi tp, tp, 2
x4 <- 0x00000002


mem[X,0x800329D4] -> 0x006F
mem[X,0x800329D6] -> 0x2000
[5151] [M]: 0x800329D4 (0x2000006F) jal zero, 512


mem[X,0x80032BD4] -> 0xA623
mem[X,0x80032BD6] -> 0x0240
[5152] [M]: 0x80032BD4 (0x0240A623) sw tp, 44(ra)
mem[0x8004BAA0] <- 0x00000002


mem[X,0x80032BD8] -> 0xB537
mem[X,0x80032BDA] -> 0xAAAA
[5153] [M]: 0x80032BD8 (0xAAAAB537) lui a0, 699051
x10 <- 0xAAAAB000


mem[X,0x80032BDC] -> 0x0513
mem[X,0x80032BDE] -> 0xAAB5
[5154] [M]: 0x80032BDC (0xAAB50513) addi a0, a0, 2731
x10 <- 0xAAAAAAAB


mem[X,0x80032BE0] -> 0x0593
mem[X,0x80032BE2] -> 0x0050
[5155] [M]: 0x80032BE0 (0x00500593) addi a1, zero, 5
x11 <- 0x00000005


mem[X,0x80032BE4] -> 0x0213
mem[X,0x80032BE6] -> 0x0000
[5156] [M]: 0x80032BE4 (0x00000213) addi tp, zero, 0
x4 <- 0x00000000


mem[X,0x80032BE8] -> 0x006F
mem[X,0x80032BEA] -> 0x00C0
[5157] [M]: 0x80032BE8 (0x00C0006F) jal zero, 12


mem[X,0x80032BF4] -> 0x6CE3
mem[X,0x80032BF6] -> 0xFEB5
[5158] [M]: 0x80032BF4 (0xFEB56CE3) bltu a0, a1, 8184


mem[X,0x80032BF8] -> 0x0213
mem[X,0x80032BFA] -> 0x0022
[5159] [M]: 0x80032BF8 (0x00220213) addi tp, tp, 2
x4 <- 0x00000002


mem[X,0x80032BFC] -> 0x006F
mem[X,0x80032BFE] -> 0x00C0
[5160] [M]: 0x80032BFC (0x00C0006F) jal zero, 12


mem[X,0x80032C08] -> 0xA823
mem[X,0x80032C0A] -> 0x0240
[5161] [M]: 0x80032C08 (0x0240A823) sw tp, 48(ra)
mem[0x8004BAA4] <- 0x00000002


mem[X,0x80032C0C] -> 0xB537
mem[X,0x80032C0E] -> 0xAAAA
[5162] [M]: 0x80032C0C (0xAAAAB537) lui a0, 699051
x10 <- 0xAAAAB000


mem[X,0x80032C10] -> 0x0513
mem[X,0x80032C12] -> 0xAAB5
[5163] [M]: 0x80032C10 (0xAAB50513) addi a0, a0, 2731
x10 <- 0xAAAAAAAB


mem[X,0x80032C14] -> 0x35B7
mem[X,0x80032C16] -> 0x3333
[5164] [M]: 0x80032C14 (0x333335B7) lui a1, 209715
x11 <- 0x33333000


mem[X,0x80032C18] -> 0x8593
mem[X,0x80032C1A] -> 0x3335
[5165] [M]: 0x80032C18 (0x33358593) addi a1, a1, 819
x11 <- 0x33333333


mem[X,0x80032C1C] -> 0x0213
mem[X,0x80032C1E] -> 0x0000
[5166] [M]: 0x80032C1C (0x00000213) addi tp, zero, 0
x4 <- 0x00000000


mem[X,0x80032C20] -> 0x006F
mem[X,0x80032C22] -> 0x00C0
[5167] [M]: 0x80032C20 (0x00C0006F) jal zero, 12


mem[X,0x80032C2C] -> 0x6063
mem[X,0x80032C2E] -> 0x02B5
[5168] [M]: 0x80032C2C (0x02B56063) bltu a0, a1, 32


mem[X,0x80032C30] -> 0x0213
mem[X,0x80032C32] -> 0x0022
[5169] [M]: 0x80032C30 (0x00220213) addi tp, tp, 2
x4 <- 0x00000002


mem[X,0x80032C34] -> 0x006F
mem[X,0x80032C36] -> 0x0200
[5170] [M]: 0x80032C34 (0x0200006F) jal zero, 32


mem[X,0x80032C54] -> 0xAA23
mem[X,0x80032C56] -> 0x0240
[5171] [M]: 0x80032C54 (0x0240AA23) sw tp, 52(ra)
mem[0x8004BAA8] <- 0x00000002


mem[X,0x80032C58] -> 0xB537
mem[X,0x80032C5A] -> 0xAAAA
[5172] [M]: 0x80032C58 (0xAAAAB537) lui a0, 699051
x10 <- 0xAAAAB000


mem[X,0x80032C5C] -> 0x0513
mem[X,0x80032C5E] -> 0xAAB5
[5173] [M]: 0x80032C5C (0xAAB50513) addi a0, a0, 2731
x10 <- 0xAAAAAAAB


mem[X,0x80032C60] -> 0x65B7
mem[X,0x80032C62] -> 0x6666
[5174] [M]: 0x80032C60 (0x666665B7) lui a1, 419430
x11 <- 0x66666000


mem[X,0x80032C64] -> 0x8593
mem[X,0x80032C66] -> 0x6665
[5175] [M]: 0x80032C64 (0x66658593) addi a1, a1, 1638
x11 <- 0x66666666


mem[X,0x80032C68] -> 0x0213
mem[X,0x80032C6A] -> 0x0000
[5176] [M]: 0x80032C68 (0x00000213) addi tp, zero, 0
x4 <- 0x00000000


mem[X,0x80032C6C] -> 0x006F
mem[X,0x80032C6E] -> 0x00C0
[5177] [M]: 0x80032C6C (0x00C0006F) jal zero, 12


mem[X,0x80032C78] -> 0x6063
mem[X,0x80032C7A] -> 0x10B5
[5178] [M]: 0x80032C78 (0x10B56063) bltu a0, a1, 256


mem[X,0x80032C7C] -> 0x0213
mem[X,0x80032C7E] -> 0x0022
[5179] [M]: 0x80032C7C (0x00220213) addi tp, tp, 2
x4 <- 0x00000002


mem[X,0x80032C80] -> 0x006F
mem[X,0x80032C82] -> 0x1000
[5180] [M]: 0x80032C80 (0x1000006F) jal zero, 256


mem[X,0x80032D80] -> 0xAC23
mem[X,0x80032D82] -> 0x0240
[5181] [M]: 0x80032D80 (0x0240AC23) sw tp, 56(ra)
mem[0x8004BAAC] <- 0x00000002


mem[X,0x80032D84] -> 0xB537
mem[X,0x80032D86] -> 0xAAAA
[5182] [M]: 0x80032D84 (0xAAAAB537) lui a0, 699051
x10 <- 0xAAAAB000


mem[X,0x80032D88] -> 0x0513
mem[X,0x80032D8A] -> 0xAAB5
[5183] [M]: 0x80032D88 (0xAAB50513) addi a0, a0, 2731
x10 <- 0xAAAAAAAB


mem[X,0x80032D8C] -> 0xB5B7
mem[X,0x80032D8E] -> 0x0000
[5184] [M]: 0x80032D8C (0x0000B5B7) lui a1, 11
x11 <- 0x0000B000


mem[X,0x80032D90] -> 0x8593
mem[X,0x80032D92] -> 0x5045
[5185] [M]: 0x80032D90 (0x50458593) addi a1, a1, 1284
x11 <- 0x0000B504


mem[X,0x80032D94] -> 0x0213
mem[X,0x80032D96] -> 0x0000
[5186] [M]: 0x80032D94 (0x00000213) addi tp, zero, 0
x4 <- 0x00000000


mem[X,0x80032D98] -> 0x006F
mem[X,0x80032D9A] -> 0x2B10
[5187] [M]: 0x80032D98 (0x2B10006F) jal zero, 2736


mem[X,0x80033848] -> 0x6A63
mem[X,0x8003384A] -> 0xD4B5
[5188] [M]: 0x80033848 (0xD4B56A63) bltu a0, a1, 5460


mem[X,0x8003384C] -> 0x0213
mem[X,0x8003384E] -> 0x0022
[5189] [M]: 0x8003384C (0x00220213) addi tp, tp, 2
x4 <- 0x00000002


mem[X,0x80033850] -> 0x006F
mem[X,0x80033852] -> 0x00C0
[5190] [M]: 0x80033850 (0x00C0006F) jal zero, 12


mem[X,0x8003385C] -> 0xAE23
mem[X,0x8003385E] -> 0x0240
[5191] [M]: 0x8003385C (0x0240AE23) sw tp, 60(ra)
mem[0x8004BAB0] <- 0x00000002


mem[X,0x80033860] -> 0xB537
mem[X,0x80033862] -> 0xAAAA
[5192] [M]: 0x80033860 (0xAAAAB537) lui a0, 699051
x10 <- 0xAAAAB000


mem[X,0x80033864] -> 0x0513
mem[X,0x80033866] -> 0xAAB5
[5193] [M]: 0x80033864 (0xAAB50513) addi a0, a0, 2731
x10 <- 0xAAAAAAAB


mem[X,0x80033868] -> 0x0593
mem[X,0x8003386A] -> 0x0000
[5194] [M]: 0x80033868 (0x00000593) addi a1, zero, 0
x11 <- 0x00000000


mem[X,0x8003386C] -> 0x0213
mem[X,0x8003386E] -> 0x0000
[5195] [M]: 0x8003386C (0x00000213) addi tp, zero, 0
x4 <- 0x00000000


mem[X,0x80033870] -> 0x006F
mem[X,0x80033872] -> 0x00C0
[5196] [M]: 0x80033870 (0x00C0006F) jal zero, 12


mem[X,0x8003387C] -> 0x6663
mem[X,0x8003387E] -> 0x00B5
[5197] [M]: 0x8003387C (0x00B56663) bltu a0, a1, 12


mem[X,0x80033880] -> 0x0213
mem[X,0x80033882] -> 0x0022
[5198] [M]: 0x80033880 (0x00220213) addi tp, tp, 2
x4 <- 0x00000002


mem[X,0x80033884] -> 0x006F
mem[X,0x80033886] -> 0x00C0
[5199] [M]: 0x80033884 (0x00C0006F) jal zero, 12


clint::tick mtime <- 0x0000000000000034
 clint timer pending at mtime 0x0000000000000034
htif::tick 0x0000000000000000
mem[X,0x80033890] -> 0xA023
mem[X,0x80033892] -> 0x0440
[5200] [M]: 0x80033890 (0x0440A023) sw tp, 64(ra)
mem[0x8004BAB4] <- 0x00000002


mem[X,0x80033894] -> 0xB537
mem[X,0x80033896] -> 0xAAAA
[5201] [M]: 0x80033894 (0xAAAAB537) lui a0, 699051
x10 <- 0xAAAAB000


mem[X,0x80033898] -> 0x0513
mem[X,0x8003389A] -> 0xAAB5
[5202] [M]: 0x80033898 (0xAAB50513) addi a0, a0, 2731
x10 <- 0xAAAAAAAB


mem[X,0x8003389C] -> 0x05B7
mem[X,0x8003389E] -> 0x0001
[5203] [M]: 0x8003389C (0x000105B7) lui a1, 16
x11 <- 0x00010000


mem[X,0x800338A0] -> 0x8593
mem[X,0x800338A2] -> 0xFFF5
[5204] [M]: 0x800338A0 (0xFFF58593) addi a1, a1, 4095
x11 <- 0x0000FFFF


mem[X,0x800338A4] -> 0x0213
mem[X,0x800338A6] -> 0x0000
[5205] [M]: 0x800338A4 (0x00000213) addi tp, zero, 0
x4 <- 0x00000000


mem[X,0x800338A8] -> 0x006F
mem[X,0x800338AA] -> 0x0180
[5206] [M]: 0x800338A8 (0x0180006F) jal zero, 24


mem[X,0x800338C0] -> 0x66E3
mem[X,0x800338C2] -> 0xFEB5
[5207] [M]: 0x800338C0 (0xFEB566E3) bltu a0, a1, 8172


mem[X,0x800338C4] -> 0x0213
mem[X,0x800338C6] -> 0x0022
[5208] [M]: 0x800338C4 (0x00220213) addi tp, tp, 2
x4 <- 0x00000002


mem[X,0x800338C8] -> 0x006F
mem[X,0x800338CA] -> 0x00C0
[5209] [M]: 0x800338C8 (0x00C0006F) jal zero, 12


mem[X,0x800338D4] -> 0xA223
mem[X,0x800338D6] -> 0x0440
[5210] [M]: 0x800338D4 (0x0440A223) sw tp, 68(ra)
mem[0x8004BAB8] <- 0x00000002


mem[X,0x800338D8] -> 0xB537
mem[X,0x800338DA] -> 0xAAAA
[5211] [M]: 0x800338D8 (0xAAAAB537) lui a0, 699051
x10 <- 0xAAAAB000


mem[X,0x800338DC] -> 0x0513
mem[X,0x800338DE] -> 0xAAB5
[5212] [M]: 0x800338DC (0xAAB50513) addi a0, a0, 2731
x10 <- 0xAAAAAAAB


mem[X,0x800338E0] -> 0x0593
mem[X,0x800338E2] -> 0x0020
[5213] [M]: 0x800338E0 (0x00200593) addi a1, zero, 2
x11 <- 0x00000002


mem[X,0x800338E4] -> 0x0213
mem[X,0x800338E6] -> 0x0000
[5214] [M]: 0x800338E4 (0x00000213) addi tp, zero, 0
x4 <- 0x00000000


mem[X,0x800338E8] -> 0x006F
mem[X,0x800338EA] -> 0x00C0
[5215] [M]: 0x800338E8 (0x00C0006F) jal zero, 12


mem[X,0x800338F4] -> 0x6063
mem[X,0x800338F6] -> 0x04B5
[5216] [M]: 0x800338F4 (0x04B56063) bltu a0, a1, 64


mem[X,0x800338F8] -> 0x0213
mem[X,0x800338FA] -> 0x0022
[5217] [M]: 0x800338F8 (0x00220213) addi tp, tp, 2
x4 <- 0x00000002


mem[X,0x800338FC] -> 0x006F
mem[X,0x800338FE] -> 0x0400
[5218] [M]: 0x800338FC (0x0400006F) jal zero, 64


mem[X,0x8003393C] -> 0xA423
mem[X,0x8003393E] -> 0x0440
[5219] [M]: 0x8003393C (0x0440A423) sw tp, 72(ra)
mem[0x8004BABC] <- 0x00000002


mem[X,0x80033940] -> 0xB537
mem[X,0x80033942] -> 0xAAAA
[5220] [M]: 0x80033940 (0xAAAAB537) lui a0, 699051
x10 <- 0xAAAAB000


mem[X,0x80033944] -> 0x0513
mem[X,0x80033946] -> 0xAAB5
[5221] [M]: 0x80033944 (0xAAB50513) addi a0, a0, 2731
x10 <- 0xAAAAAAAB


mem[X,0x80033948] -> 0x55B7
mem[X,0x8003394A] -> 0x5555
[5222] [M]: 0x80033948 (0x555555B7) lui a1, 349525
x11 <- 0x55555000


mem[X,0x8003394C] -> 0x8593
mem[X,0x8003394E] -> 0x5545
[5223] [M]: 0x8003394C (0x55458593) addi a1, a1, 1364
x11 <- 0x55555554


mem[X,0x80033950] -> 0x0213
mem[X,0x80033952] -> 0x0000
[5224] [M]: 0x80033950 (0x00000213) addi tp, zero, 0
x4 <- 0x00000000


mem[X,0x80033954] -> 0x006F
mem[X,0x80033956] -> 0x00C0
[5225] [M]: 0x80033954 (0x00C0006F) jal zero, 12


mem[X,0x80033960] -> 0x6663
mem[X,0x80033962] -> 0x00B5
[5226] [M]: 0x80033960 (0x00B56663) bltu a0, a1, 12


mem[X,0x80033964] -> 0x0213
mem[X,0x80033966] -> 0x0022
[5227] [M]: 0x80033964 (0x00220213) addi tp, tp, 2
x4 <- 0x00000002


mem[X,0x80033968] -> 0x006F
mem[X,0x8003396A] -> 0x00C0
[5228] [M]: 0x80033968 (0x00C0006F) jal zero, 12


mem[X,0x80033974] -> 0xA623
mem[X,0x80033976] -> 0x0440
[5229] [M]: 0x80033974 (0x0440A623) sw tp, 76(ra)
mem[0x8004BAC0] <- 0x00000002


mem[X,0x80033978] -> 0xB537
mem[X,0x8003397A] -> 0xAAAA
[5230] [M]: 0x80033978 (0xAAAAB537) lui a0, 699051
x10 <- 0xAAAAB000


mem[X,0x8003397C] -> 0x0513
mem[X,0x8003397E] -> 0xAAB5
[5231] [M]: 0x8003397C (0xAAB50513) addi a0, a0, 2731
x10 <- 0xAAAAAAAB


mem[X,0x80033980] -> 0xB5B7
mem[X,0x80033982] -> 0xAAAA
[5232] [M]: 0x80033980 (0xAAAAB5B7) lui a1, 699051
x11 <- 0xAAAAB000


mem[X,0x80033984] -> 0x8593
mem[X,0x80033986] -> 0xAA95
[5233] [M]: 0x80033984 (0xAA958593) addi a1, a1, 2729
x11 <- 0xAAAAAAA9


mem[X,0x80033988] -> 0x0213
mem[X,0x8003398A] -> 0x0000
[5234] [M]: 0x80033988 (0x00000213) addi tp, zero, 0
x4 <- 0x00000000


mem[X,0x8003398C] -> 0x006F
mem[X,0x8003398E] -> 0x0100
[5235] [M]: 0x8003398C (0x0100006F) jal zero, 16


mem[X,0x8003399C] -> 0x6AE3
mem[X,0x8003399E] -> 0xFEB5
[5236] [M]: 0x8003399C (0xFEB56AE3) bltu a0, a1, 8180


mem[X,0x800339A0] -> 0x0213
mem[X,0x800339A2] -> 0x0022
[5237] [M]: 0x800339A0 (0x00220213) addi tp, tp, 2
x4 <- 0x00000002


mem[X,0x800339A4] -> 0x006F
mem[X,0x800339A6] -> 0x00C0
[5238] [M]: 0x800339A4 (0x00C0006F) jal zero, 12


mem[X,0x800339B0] -> 0xA823
mem[X,0x800339B2] -> 0x0440
[5239] [M]: 0x800339B0 (0x0440A823) sw tp, 80(ra)
mem[0x8004BAC4] <- 0x00000002


mem[X,0x800339B4] -> 0xB537
mem[X,0x800339B6] -> 0xAAAA
[5240] [M]: 0x800339B4 (0xAAAAB537) lui a0, 699051
x10 <- 0xAAAAB000


mem[X,0x800339B8] -> 0x0513
mem[X,0x800339BA] -> 0xAAB5
[5241] [M]: 0x800339B8 (0xAAB50513) addi a0, a0, 2731
x10 <- 0xAAAAAAAB


mem[X,0x800339BC] -> 0x35B7
mem[X,0x800339BE] -> 0x3333
[5242] [M]: 0x800339BC (0x333335B7) lui a1, 209715
x11 <- 0x33333000


mem[X,0x800339C0] -> 0x8593
mem[X,0x800339C2] -> 0x3325
[5243] [M]: 0x800339C0 (0x33258593) addi a1, a1, 818
x11 <- 0x33333332


mem[X,0x800339C4] -> 0x0213
mem[X,0x800339C6] -> 0x0000
[5244] [M]: 0x800339C4 (0x00000213) addi tp, zero, 0
x4 <- 0x00000000


mem[X,0x800339C8] -> 0x006F
mem[X,0x800339CA] -> 0x00C0
[5245] [M]: 0x800339C8 (0x00C0006F) jal zero, 12


mem[X,0x800339D4] -> 0x6663
mem[X,0x800339D6] -> 0x00B5
[5246] [M]: 0x800339D4 (0x00B56663) bltu a0, a1, 12


mem[X,0x800339D8] -> 0x0213
mem[X,0x800339DA] -> 0x0022
[5247] [M]: 0x800339D8 (0x00220213) addi tp, tp, 2
x4 <- 0x00000002


mem[X,0x800339DC] -> 0x006F
mem[X,0x800339DE] -> 0x00C0
[5248] [M]: 0x800339DC (0x00C0006F) jal zero, 12


mem[X,0x800339E8] -> 0xAA23
mem[X,0x800339EA] -> 0x0440
[5249] [M]: 0x800339E8 (0x0440AA23) sw tp, 84(ra)
mem[0x8004BAC8] <- 0x00000002


mem[X,0x800339EC] -> 0xB537
mem[X,0x800339EE] -> 0xAAAA
[5250] [M]: 0x800339EC (0xAAAAB537) lui a0, 699051
x10 <- 0xAAAAB000


mem[X,0x800339F0] -> 0x0513
mem[X,0x800339F2] -> 0xAAB5
[5251] [M]: 0x800339F0 (0xAAB50513) addi a0, a0, 2731
x10 <- 0xAAAAAAAB


mem[X,0x800339F4] -> 0x65B7
mem[X,0x800339F6] -> 0x6666
[5252] [M]: 0x800339F4 (0x666665B7) lui a1, 419430
x11 <- 0x66666000


mem[X,0x800339F8] -> 0x8593
mem[X,0x800339FA] -> 0x6655
[5253] [M]: 0x800339F8 (0x66558593) addi a1, a1, 1637
x11 <- 0x66666665


mem[X,0x800339FC] -> 0x0213
mem[X,0x800339FE] -> 0x0000
[5254] [M]: 0x800339FC (0x00000213) addi tp, zero, 0
x4 <- 0x00000000


mem[X,0x80033A00] -> 0x006F
mem[X,0x80033A02] -> 0x00C0
[5255] [M]: 0x80033A00 (0x00C0006F) jal zero, 12


mem[X,0x80033A0C] -> 0x6063
mem[X,0x80033A0E] -> 0x02B5
[5256] [M]: 0x80033A0C (0x02B56063) bltu a0, a1, 32


mem[X,0x80033A10] -> 0x0213
mem[X,0x80033A12] -> 0x0022
[5257] [M]: 0x80033A10 (0x00220213) addi tp, tp, 2
x4 <- 0x00000002


mem[X,0x80033A14] -> 0x006F
mem[X,0x80033A16] -> 0x0200
[5258] [M]: 0x80033A14 (0x0200006F) jal zero, 32


mem[X,0x80033A34] -> 0xAC23
mem[X,0x80033A36] -> 0x0440
[5259] [M]: 0x80033A34 (0x0440AC23) sw tp, 88(ra)
mem[0x8004BACC] <- 0x00000002


mem[X,0x80033A38] -> 0xB537
mem[X,0x80033A3A] -> 0xAAAA
[5260] [M]: 0x80033A38 (0xAAAAB537) lui a0, 699051
x10 <- 0xAAAAB000


mem[X,0x80033A3C] -> 0x0513
mem[X,0x80033A3E] -> 0xAAB5
[5261] [M]: 0x80033A3C (0xAAB50513) addi a0, a0, 2731
x10 <- 0xAAAAAAAB


mem[X,0x80033A40] -> 0xB5B7
mem[X,0x80033A42] -> 0x0000
[5262] [M]: 0x80033A40 (0x0000B5B7) lui a1, 11
x11 <- 0x0000B000


mem[X,0x80033A44] -> 0x8593
mem[X,0x80033A46] -> 0x5035
[5263] [M]: 0x80033A44 (0x50358593) addi a1, a1, 1283
x11 <- 0x0000B503


mem[X,0x80033A48] -> 0x0213
mem[X,0x80033A4A] -> 0x0000
[5264] [M]: 0x80033A48 (0x00000213) addi tp, zero, 0
x4 <- 0x00000000


mem[X,0x80033A4C] -> 0x006F
mem[X,0x80033A4E] -> 0x00C0
[5265] [M]: 0x80033A4C (0x00C0006F) jal zero, 12


mem[X,0x80033A58] -> 0x6063
mem[X,0x80033A5A] -> 0x10B5
[5266] [M]: 0x80033A58 (0x10B56063) bltu a0, a1, 256


mem[X,0x80033A5C] -> 0x0213
mem[X,0x80033A5E] -> 0x0022
[5267] [M]: 0x80033A5C (0x00220213) addi tp, tp, 2
x4 <- 0x00000002


mem[X,0x80033A60] -> 0x006F
mem[X,0x80033A62] -> 0x1000
[5268] [M]: 0x80033A60 (0x1000006F) jal zero, 256


mem[X,0x80033B60] -> 0xAE23
mem[X,0x80033B62] -> 0x0440
[5269] [M]: 0x80033B60 (0x0440AE23) sw tp, 92(ra)
mem[0x8004BAD0] <- 0x00000002


mem[X,0x80033B64] -> 0xB537
mem[X,0x80033B66] -> 0xAAAA
[5270] [M]: 0x80033B64 (0xAAAAB537) lui a0, 699051
x10 <- 0xAAAAB000


mem[X,0x80033B68] -> 0x0513
mem[X,0x80033B6A] -> 0xAAB5
[5271] [M]: 0x80033B68 (0xAAB50513) addi a0, a0, 2731
x10 <- 0xAAAAAAAB


mem[X,0x80033B6C] -> 0x05B7
mem[X,0x80033B6E] -> 0x0001
[5272] [M]: 0x80033B6C (0x000105B7) lui a1, 16
x11 <- 0x00010000


mem[X,0x80033B70] -> 0x8593
mem[X,0x80033B72] -> 0xFFE5
[5273] [M]: 0x80033B70 (0xFFE58593) addi a1, a1, 4094
x11 <- 0x0000FFFE


mem[X,0x80033B74] -> 0x0213
mem[X,0x80033B76] -> 0x0000
[5274] [M]: 0x80033B74 (0x00000213) addi tp, zero, 0
x4 <- 0x00000000


mem[X,0x80033B78] -> 0x006F
mem[X,0x80033B7A] -> 0x2B10
[5275] [M]: 0x80033B78 (0x2B10006F) jal zero, 2736


mem[X,0x80034628] -> 0x6A63
mem[X,0x8003462A] -> 0xD4B5
[5276] [M]: 0x80034628 (0xD4B56A63) bltu a0, a1, 5460


mem[X,0x8003462C] -> 0x0213
mem[X,0x8003462E] -> 0x0022
[5277] [M]: 0x8003462C (0x00220213) addi tp, tp, 2
x4 <- 0x00000002


mem[X,0x80034630] -> 0x006F
mem[X,0x80034632] -> 0x00C0
[5278] [M]: 0x80034630 (0x00C0006F) jal zero, 12


mem[X,0x8003463C] -> 0xA023
mem[X,0x8003463E] -> 0x0640
[5279] [M]: 0x8003463C (0x0640A023) sw tp, 96(ra)
mem[0x8004BAD4] <- 0x00000002


mem[X,0x80034640] -> 0xB537
mem[X,0x80034642] -> 0xAAAA
[5280] [M]: 0x80034640 (0xAAAAB537) lui a0, 699051
x10 <- 0xAAAAB000


mem[X,0x80034644] -> 0x0513
mem[X,0x80034646] -> 0xAAB5
[5281] [M]: 0x80034644 (0xAAB50513) addi a0, a0, 2731
x10 <- 0xAAAAAAAB


mem[X,0x80034648] -> 0x55B7
mem[X,0x8003464A] -> 0x5555
[5282] [M]: 0x80034648 (0x555555B7) lui a1, 349525
x11 <- 0x55555000


mem[X,0x8003464C] -> 0x8593
mem[X,0x8003464E] -> 0x5565
[5283] [M]: 0x8003464C (0x55658593) addi a1, a1, 1366
x11 <- 0x55555556


mem[X,0x80034650] -> 0x0213
mem[X,0x80034652] -> 0x0000
[5284] [M]: 0x80034650 (0x00000213) addi tp, zero, 0
x4 <- 0x00000000


mem[X,0x80034654] -> 0x006F
mem[X,0x80034656] -> 0x2B10
[5285] [M]: 0x80034654 (0x2B10006F) jal zero, 2736


mem[X,0x80035104] -> 0x6A63
mem[X,0x80035106] -> 0xD4B5
[5286] [M]: 0x80035104 (0xD4B56A63) bltu a0, a1, 5460


mem[X,0x80035108] -> 0x0213
mem[X,0x8003510A] -> 0x0022
[5287] [M]: 0x80035108 (0x00220213) addi tp, tp, 2
x4 <- 0x00000002


mem[X,0x8003510C] -> 0x006F
mem[X,0x8003510E] -> 0x00C0
[5288] [M]: 0x8003510C (0x00C0006F) jal zero, 12


mem[X,0x80035118] -> 0xA223
mem[X,0x8003511A] -> 0x0640
[5289] [M]: 0x80035118 (0x0640A223) sw tp, 100(ra)
mem[0x8004BAD8] <- 0x00000002


mem[X,0x8003511C] -> 0xB537
mem[X,0x8003511E] -> 0xAAAA
[5290] [M]: 0x8003511C (0xAAAAB537) lui a0, 699051
x10 <- 0xAAAAB000


mem[X,0x80035120] -> 0x0513
mem[X,0x80035122] -> 0xAAB5
[5291] [M]: 0x80035120 (0xAAB50513) addi a0, a0, 2731
x10 <- 0xAAAAAAAB


mem[X,0x80035124] -> 0xB5B7
mem[X,0x80035126] -> 0xAAAA
[5292] [M]: 0x80035124 (0xAAAAB5B7) lui a1, 699051
x11 <- 0xAAAAB000


mem[X,0x80035128] -> 0x8593
mem[X,0x8003512A] -> 0xAAB5
[5293] [M]: 0x80035128 (0xAAB58593) addi a1, a1, 2731
x11 <- 0xAAAAAAAB


mem[X,0x8003512C] -> 0x0213
mem[X,0x8003512E] -> 0x0000
[5294] [M]: 0x8003512C (0x00000213) addi tp, zero, 0
x4 <- 0x00000000


mem[X,0x80035130] -> 0x006F
mem[X,0x80035132] -> 0x2B10
[5295] [M]: 0x80035130 (0x2B10006F) jal zero, 2736


mem[X,0x80035BE0] -> 0x6A63
mem[X,0x80035BE2] -> 0xD4B5
[5296] [M]: 0x80035BE0 (0xD4B56A63) bltu a0, a1, 5460


mem[X,0x80035BE4] -> 0x0213
mem[X,0x80035BE6] -> 0x0022
[5297] [M]: 0x80035BE4 (0x00220213) addi tp, tp, 2
x4 <- 0x00000002


mem[X,0x80035BE8] -> 0x006F
mem[X,0x80035BEA] -> 0x00C0
[5298] [M]: 0x80035BE8 (0x00C0006F) jal zero, 12


mem[X,0x80035BF4] -> 0xA423
mem[X,0x80035BF6] -> 0x0640
[5299] [M]: 0x80035BF4 (0x0640A423) sw tp, 104(ra)
mem[0x8004BADC] <- 0x00000002


clint::tick mtime <- 0x0000000000000035
 clint timer pending at mtime 0x0000000000000035
htif::tick 0x0000000000000000
mem[X,0x80035BF8] -> 0xB537
mem[X,0x80035BFA] -> 0xAAAA
[5300] [M]: 0x80035BF8 (0xAAAAB537) lui a0, 699051
x10 <- 0xAAAAB000


mem[X,0x80035BFC] -> 0x0513
mem[X,0x80035BFE] -> 0xAAB5
[5301] [M]: 0x80035BFC (0xAAB50513) addi a0, a0, 2731
x10 <- 0xAAAAAAAB


mem[X,0x80035C00] -> 0x0593
mem[X,0x80035C02] -> 0x0060
[5302] [M]: 0x80035C00 (0x00600593) addi a1, zero, 6
x11 <- 0x00000006


mem[X,0x80035C04] -> 0x0213
mem[X,0x80035C06] -> 0x0000
[5303] [M]: 0x80035C04 (0x00000213) addi tp, zero, 0
x4 <- 0x00000000


mem[X,0x80035C08] -> 0x006F
mem[X,0x80035C0A] -> 0x00C0
[5304] [M]: 0x80035C08 (0x00C0006F) jal zero, 12


mem[X,0x80035C14] -> 0x6063
mem[X,0x80035C16] -> 0x02B5
[5305] [M]: 0x80035C14 (0x02B56063) bltu a0, a1, 32


mem[X,0x80035C18] -> 0x0213
mem[X,0x80035C1A] -> 0x0022
[5306] [M]: 0x80035C18 (0x00220213) addi tp, tp, 2
x4 <- 0x00000002


mem[X,0x80035C1C] -> 0x006F
mem[X,0x80035C1E] -> 0x0200
[5307] [M]: 0x80035C1C (0x0200006F) jal zero, 32


mem[X,0x80035C3C] -> 0xA623
mem[X,0x80035C3E] -> 0x0640
[5308] [M]: 0x80035C3C (0x0640A623) sw tp, 108(ra)
mem[0x8004BAE0] <- 0x00000002


mem[X,0x80035C40] -> 0xB537
mem[X,0x80035C42] -> 0xAAAA
[5309] [M]: 0x80035C40 (0xAAAAB537) lui a0, 699051
x10 <- 0xAAAAB000


mem[X,0x80035C44] -> 0x0513
mem[X,0x80035C46] -> 0xAAB5
[5310] [M]: 0x80035C44 (0xAAB50513) addi a0, a0, 2731
x10 <- 0xAAAAAAAB


mem[X,0x80035C48] -> 0x35B7
mem[X,0x80035C4A] -> 0x3333
[5311] [M]: 0x80035C48 (0x333335B7) lui a1, 209715
x11 <- 0x33333000


mem[X,0x80035C4C] -> 0x8593
mem[X,0x80035C4E] -> 0x3345
[5312] [M]: 0x80035C4C (0x33458593) addi a1, a1, 820
x11 <- 0x33333334


mem[X,0x80035C50] -> 0x0213
mem[X,0x80035C52] -> 0x0000
[5313] [M]: 0x80035C50 (0x00000213) addi tp, zero, 0
x4 <- 0x00000000


mem[X,0x80035C54] -> 0x006F
mem[X,0x80035C56] -> 0x2B10
[5314] [M]: 0x80035C54 (0x2B10006F) jal zero, 2736


mem[X,0x80036704] -> 0x6A63
mem[X,0x80036706] -> 0xD4B5
[5315] [M]: 0x80036704 (0xD4B56A63) bltu a0, a1, 5460


mem[X,0x80036708] -> 0x0213
mem[X,0x8003670A] -> 0x0022
[5316] [M]: 0x80036708 (0x00220213) addi tp, tp, 2
x4 <- 0x00000002


mem[X,0x8003670C] -> 0x006F
mem[X,0x8003670E] -> 0x00C0
[5317] [M]: 0x8003670C (0x00C0006F) jal zero, 12


mem[X,0x80036718] -> 0xA823
mem[X,0x8003671A] -> 0x0640
[5318] [M]: 0x80036718 (0x0640A823) sw tp, 112(ra)
mem[0x8004BAE4] <- 0x00000002


mem[X,0x8003671C] -> 0xB537
mem[X,0x8003671E] -> 0xAAAA
[5319] [M]: 0x8003671C (0xAAAAB537) lui a0, 699051
x10 <- 0xAAAAB000


mem[X,0x80036720] -> 0x0513
mem[X,0x80036722] -> 0xAAB5
[5320] [M]: 0x80036720 (0xAAB50513) addi a0, a0, 2731
x10 <- 0xAAAAAAAB


mem[X,0x80036724] -> 0x65B7
mem[X,0x80036726] -> 0x6666
[5321] [M]: 0x80036724 (0x666665B7) lui a1, 419430
x11 <- 0x66666000


mem[X,0x80036728] -> 0x8593
mem[X,0x8003672A] -> 0x6675
[5322] [M]: 0x80036728 (0x66758593) addi a1, a1, 1639
x11 <- 0x66666667


mem[X,0x8003672C] -> 0x0213
mem[X,0x8003672E] -> 0x0000
[5323] [M]: 0x8003672C (0x00000213) addi tp, zero, 0
x4 <- 0x00000000


mem[X,0x80036730] -> 0x006F
mem[X,0x80036732] -> 0x2B10
[5324] [M]: 0x80036730 (0x2B10006F) jal zero, 2736


mem[X,0x800371E0] -> 0x6A63
mem[X,0x800371E2] -> 0xD4B5
[5325] [M]: 0x800371E0 (0xD4B56A63) bltu a0, a1, 5460


mem[X,0x800371E4] -> 0x0213
mem[X,0x800371E6] -> 0x0022
[5326] [M]: 0x800371E4 (0x00220213) addi tp, tp, 2
x4 <- 0x00000002


mem[X,0x800371E8] -> 0x006F
mem[X,0x800371EA] -> 0x00C0
[5327] [M]: 0x800371E8 (0x00C0006F) jal zero, 12


mem[X,0x800371F4] -> 0xAA23
mem[X,0x800371F6] -> 0x0640
[5328] [M]: 0x800371F4 (0x0640AA23) sw tp, 116(ra)
mem[0x8004BAE8] <- 0x00000002


mem[X,0x800371F8] -> 0xB537
mem[X,0x800371FA] -> 0xAAAA
[5329] [M]: 0x800371F8 (0xAAAAB537) lui a0, 699051
x10 <- 0xAAAAB000


mem[X,0x800371FC] -> 0x0513
mem[X,0x800371FE] -> 0xAAB5
[5330] [M]: 0x800371FC (0xAAB50513) addi a0, a0, 2731
x10 <- 0xAAAAAAAB


mem[X,0x80037200] -> 0xB5B7
mem[X,0x80037202] -> 0x0000
[5331] [M]: 0x80037200 (0x0000B5B7) lui a1, 11
x11 <- 0x0000B000


mem[X,0x80037204] -> 0x8593
mem[X,0x80037206] -> 0x5055
[5332] [M]: 0x80037204 (0x50558593) addi a1, a1, 1285
x11 <- 0x0000B505


mem[X,0x80037208] -> 0x0213
mem[X,0x8003720A] -> 0x0000
[5333] [M]: 0x80037208 (0x00000213) addi tp, zero, 0
x4 <- 0x00000000


mem[X,0x8003720C] -> 0x006F
mem[X,0x8003720E] -> 0x00C0
[5334] [M]: 0x8003720C (0x00C0006F) jal zero, 12


mem[X,0x80037218] -> 0x6063
mem[X,0x8003721A] -> 0x20B5
[5335] [M]: 0x80037218 (0x20B56063) bltu a0, a1, 512


mem[X,0x8003721C] -> 0x0213
mem[X,0x8003721E] -> 0x0022
[5336] [M]: 0x8003721C (0x00220213) addi tp, tp, 2
x4 <- 0x00000002


mem[X,0x80037220] -> 0x006F
mem[X,0x80037222] -> 0x2000
[5337] [M]: 0x80037220 (0x2000006F) jal zero, 512


mem[X,0x80037420] -> 0xAC23
mem[X,0x80037422] -> 0x0640
[5338] [M]: 0x80037420 (0x0640AC23) sw tp, 120(ra)
mem[0x8004BAEC] <- 0x00000002


mem[X,0x80037424] -> 0xB537
mem[X,0x80037426] -> 0xAAAA
[5339] [M]: 0x80037424 (0xAAAAB537) lui a0, 699051
x10 <- 0xAAAAB000


mem[X,0x80037428] -> 0x0513
mem[X,0x8003742A] -> 0xAAB5
[5340] [M]: 0x80037428 (0xAAB50513) addi a0, a0, 2731
x10 <- 0xAAAAAAAB


mem[X,0x8003742C] -> 0x0593
mem[X,0x8003742E] -> 0x0010
[5341] [M]: 0x8003742C (0x00100593) addi a1, zero, 1
x11 <- 0x00000001


mem[X,0x80037430] -> 0x0213
mem[X,0x80037432] -> 0x0000
[5342] [M]: 0x80037430 (0x00000213) addi tp, zero, 0
x4 <- 0x00000000


mem[X,0x80037434] -> 0x006F
mem[X,0x80037436] -> 0x00C0
[5343] [M]: 0x80037434 (0x00C0006F) jal zero, 12


mem[X,0x80037440] -> 0x6CE3
mem[X,0x80037442] -> 0xFEB5
[5344] [M]: 0x80037440 (0xFEB56CE3) bltu a0, a1, 8184


mem[X,0x80037444] -> 0x0213
mem[X,0x80037446] -> 0x0022
[5345] [M]: 0x80037444 (0x00220213) addi tp, tp, 2
x4 <- 0x00000002


mem[X,0x80037448] -> 0x006F
mem[X,0x8003744A] -> 0x00C0
[5346] [M]: 0x80037448 (0x00C0006F) jal zero, 12


mem[X,0x80037454] -> 0xAE23
mem[X,0x80037456] -> 0x0640
[5347] [M]: 0x80037454 (0x0640AE23) sw tp, 124(ra)
mem[0x8004BAF0] <- 0x00000002


mem[X,0x80037458] -> 0xB537
mem[X,0x8003745A] -> 0xAAAA
[5348] [M]: 0x80037458 (0xAAAAB537) lui a0, 699051
x10 <- 0xAAAAB000


mem[X,0x8003745C] -> 0x0513
mem[X,0x8003745E] -> 0xAAB5
[5349] [M]: 0x8003745C (0xAAB50513) addi a0, a0, 2731
x10 <- 0xAAAAAAAB


mem[X,0x80037460] -> 0x05B7
mem[X,0x80037462] -> 0x0001
[5350] [M]: 0x80037460 (0x000105B7) lui a1, 16
x11 <- 0x00010000


mem[X,0x80037464] -> 0x0213
mem[X,0x80037466] -> 0x0000
[5351] [M]: 0x80037464 (0x00000213) addi tp, zero, 0
x4 <- 0x00000000


mem[X,0x80037468] -> 0x006F
mem[X,0x8003746A] -> 0x00C0
[5352] [M]: 0x80037468 (0x00C0006F) jal zero, 12


mem[X,0x80037474] -> 0x6663
mem[X,0x80037476] -> 0x00B5
[5353] [M]: 0x80037474 (0x00B56663) bltu a0, a1, 12


mem[X,0x80037478] -> 0x0213
mem[X,0x8003747A] -> 0x0022
[5354] [M]: 0x80037478 (0x00220213) addi tp, tp, 2
x4 <- 0x00000002


mem[X,0x8003747C] -> 0x006F
mem[X,0x8003747E] -> 0x00C0
[5355] [M]: 0x8003747C (0x00C0006F) jal zero, 12


mem[X,0x80037488] -> 0xA023
mem[X,0x8003748A] -> 0x0840
[5356] [M]: 0x80037488 (0x0840A023) sw tp, 128(ra)
mem[0x8004BAF4] <- 0x00000002


mem[X,0x8003748C] -> 0x0513
mem[X,0x8003748E] -> 0x0060
[5357] [M]: 0x8003748C (0x00600513) addi a0, zero, 6
x10 <- 0x00000006


mem[X,0x80037490] -> 0x0593
mem[X,0x80037492] -> 0x0030
[5358] [M]: 0x80037490 (0x00300593) addi a1, zero, 3
x11 <- 0x00000003


mem[X,0x80037494] -> 0x0213
mem[X,0x80037496] -> 0x0000
[5359] [M]: 0x80037494 (0x00000213) addi tp, zero, 0
x4 <- 0x00000000


mem[X,0x80037498] -> 0x006F
mem[X,0x8003749A] -> 0x00C0
[5360] [M]: 0x80037498 (0x00C0006F) jal zero, 12


mem[X,0x800374A4] -> 0x6863
mem[X,0x800374A6] -> 0x00B5
[5361] [M]: 0x800374A4 (0x00B56863) bltu a0, a1, 16


mem[X,0x800374A8] -> 0x0213
mem[X,0x800374AA] -> 0x0022
[5362] [M]: 0x800374A8 (0x00220213) addi tp, tp, 2
x4 <- 0x00000002


mem[X,0x800374AC] -> 0x006F
mem[X,0x800374AE] -> 0x0100
[5363] [M]: 0x800374AC (0x0100006F) jal zero, 16


mem[X,0x800374BC] -> 0xA223
mem[X,0x800374BE] -> 0x0840
[5364] [M]: 0x800374BC (0x0840A223) sw tp, 132(ra)
mem[0x8004BAF8] <- 0x00000002


mem[X,0x800374C0] -> 0x0513
mem[X,0x800374C2] -> 0x0060
[5365] [M]: 0x800374C0 (0x00600513) addi a0, zero, 6
x10 <- 0x00000006


mem[X,0x800374C4] -> 0x55B7
mem[X,0x800374C6] -> 0x5555
[5366] [M]: 0x800374C4 (0x555555B7) lui a1, 349525
x11 <- 0x55555000


mem[X,0x800374C8] -> 0x8593
mem[X,0x800374CA] -> 0x5555
[5367] [M]: 0x800374C8 (0x55558593) addi a1, a1, 1365
x11 <- 0x55555555


mem[X,0x800374CC] -> 0x0213
mem[X,0x800374CE] -> 0x0000
[5368] [M]: 0x800374CC (0x00000213) addi tp, zero, 0
x4 <- 0x00000000


mem[X,0x800374D0] -> 0x006F
mem[X,0x800374D2] -> 0x00C0
[5369] [M]: 0x800374D0 (0x00C0006F) jal zero, 12


mem[X,0x800374DC] -> 0x6063
mem[X,0x800374DE] -> 0x02B5
[5370] [M]: 0x800374DC (0x02B56063) bltu a0, a1, 32


mem[X,0x800374FC] -> 0x0213
mem[X,0x800374FE] -> 0x0032
[5371] [M]: 0x800374FC (0x00320213) addi tp, tp, 3
x4 <- 0x00000003


mem[X,0x80037500] -> 0x006F
mem[X,0x80037502] -> 0x0040
[5372] [M]: 0x80037500 (0x0040006F) jal zero, 4


mem[X,0x80037504] -> 0xA423
mem[X,0x80037506] -> 0x0840
[5373] [M]: 0x80037504 (0x0840A423) sw tp, 136(ra)
mem[0x8004BAFC] <- 0x00000003


mem[X,0x80037508] -> 0x0513
mem[X,0x8003750A] -> 0x0060
[5374] [M]: 0x80037508 (0x00600513) addi a0, zero, 6
x10 <- 0x00000006


mem[X,0x8003750C] -> 0xB5B7
mem[X,0x8003750E] -> 0xAAAA
[5375] [M]: 0x8003750C (0xAAAAB5B7) lui a1, 699051
x11 <- 0xAAAAB000


mem[X,0x80037510] -> 0x8593
mem[X,0x80037512] -> 0xAAA5
[5376] [M]: 0x80037510 (0xAAA58593) addi a1, a1, 2730
x11 <- 0xAAAAAAAA


mem[X,0x80037514] -> 0x0213
mem[X,0x80037516] -> 0x0000
[5377] [M]: 0x80037514 (0x00000213) addi tp, zero, 0
x4 <- 0x00000000


mem[X,0x80037518] -> 0x006F
mem[X,0x8003751A] -> 0x00C0
[5378] [M]: 0x80037518 (0x00C0006F) jal zero, 12


mem[X,0x80037524] -> 0x6063
mem[X,0x80037526] -> 0x10B5
[5379] [M]: 0x80037524 (0x10B56063) bltu a0, a1, 256


mem[X,0x80037624] -> 0x0213
mem[X,0x80037626] -> 0x0032
[5380] [M]: 0x80037624 (0x00320213) addi tp, tp, 3
x4 <- 0x00000003


mem[X,0x80037628] -> 0x006F
mem[X,0x8003762A] -> 0x0040
[5381] [M]: 0x80037628 (0x0040006F) jal zero, 4


mem[X,0x8003762C] -> 0xA623
mem[X,0x8003762E] -> 0x0840
[5382] [M]: 0x8003762C (0x0840A623) sw tp, 140(ra)
mem[0x8004BB00] <- 0x00000003


mem[X,0x80037630] -> 0x0513
mem[X,0x80037632] -> 0x0060
[5383] [M]: 0x80037630 (0x00600513) addi a0, zero, 6
x10 <- 0x00000006


mem[X,0x80037634] -> 0x0593
mem[X,0x80037636] -> 0x0050
[5384] [M]: 0x80037634 (0x00500593) addi a1, zero, 5
x11 <- 0x00000005


mem[X,0x80037638] -> 0x0213
mem[X,0x8003763A] -> 0x0000
[5385] [M]: 0x80037638 (0x00000213) addi tp, zero, 0
x4 <- 0x00000000


mem[X,0x8003763C] -> 0x006F
mem[X,0x8003763E] -> 0x00C0
[5386] [M]: 0x8003763C (0x00C0006F) jal zero, 12


mem[X,0x80037648] -> 0x6CE3
mem[X,0x8003764A] -> 0xFEB5
[5387] [M]: 0x80037648 (0xFEB56CE3) bltu a0, a1, 8184


mem[X,0x8003764C] -> 0x0213
mem[X,0x8003764E] -> 0x0022
[5388] [M]: 0x8003764C (0x00220213) addi tp, tp, 2
x4 <- 0x00000002


mem[X,0x80037650] -> 0x006F
mem[X,0x80037652] -> 0x00C0
[5389] [M]: 0x80037650 (0x00C0006F) jal zero, 12


mem[X,0x8003765C] -> 0xA823
mem[X,0x8003765E] -> 0x0840
[5390] [M]: 0x8003765C (0x0840A823) sw tp, 144(ra)
mem[0x8004BB04] <- 0x00000002


mem[X,0x80037660] -> 0x0513
mem[X,0x80037662] -> 0x0060
[5391] [M]: 0x80037660 (0x00600513) addi a0, zero, 6
x10 <- 0x00000006


mem[X,0x80037664] -> 0x35B7
mem[X,0x80037666] -> 0x3333
[5392] [M]: 0x80037664 (0x333335B7) lui a1, 209715
x11 <- 0x33333000


mem[X,0x80037668] -> 0x8593
mem[X,0x8003766A] -> 0x3335
[5393] [M]: 0x80037668 (0x33358593) addi a1, a1, 819
x11 <- 0x33333333


mem[X,0x8003766C] -> 0x0213
mem[X,0x8003766E] -> 0x0000
[5394] [M]: 0x8003766C (0x00000213) addi tp, zero, 0
x4 <- 0x00000000


mem[X,0x80037670] -> 0x006F
mem[X,0x80037672] -> 0x00C0
[5395] [M]: 0x80037670 (0x00C0006F) jal zero, 12


mem[X,0x8003767C] -> 0x6CE3
mem[X,0x8003767E] -> 0xFEB5
[5396] [M]: 0x8003767C (0xFEB56CE3) bltu a0, a1, 8184


mem[X,0x80037674] -> 0x0213
mem[X,0x80037676] -> 0x0012
[5397] [M]: 0x80037674 (0x00120213) addi tp, tp, 1
x4 <- 0x00000001


mem[X,0x80037678] -> 0x006F
mem[X,0x8003767A] -> 0x0180
[5398] [M]: 0x80037678 (0x0180006F) jal zero, 24


mem[X,0x80037690] -> 0xAA23
mem[X,0x80037692] -> 0x0840
[5399] [M]: 0x80037690 (0x0840AA23) sw tp, 148(ra)
mem[0x8004BB08] <- 0x00000001


clint::tick mtime <- 0x0000000000000036
 clint timer pending at mtime 0x0000000000000036
htif::tick 0x0000000000000000
mem[X,0x80037694] -> 0x0513
mem[X,0x80037696] -> 0x0060
[5400] [M]: 0x80037694 (0x00600513) addi a0, zero, 6
x10 <- 0x00000006


mem[X,0x80037698] -> 0x65B7
mem[X,0x8003769A] -> 0x6666
[5401] [M]: 0x80037698 (0x666665B7) lui a1, 419430
x11 <- 0x66666000


mem[X,0x8003769C] -> 0x8593
mem[X,0x8003769E] -> 0x6665
[5402] [M]: 0x8003769C (0x66658593) addi a1, a1, 1638
x11 <- 0x66666666


mem[X,0x800376A0] -> 0x0213
mem[X,0x800376A2] -> 0x0000
[5403] [M]: 0x800376A0 (0x00000213) addi tp, zero, 0
x4 <- 0x00000000


mem[X,0x800376A4] -> 0x006F
mem[X,0x800376A6] -> 0x2B10
[5404] [M]: 0x800376A4 (0x2B10006F) jal zero, 2736


mem[X,0x80038154] -> 0x6A63
mem[X,0x80038156] -> 0xD4B5
[5405] [M]: 0x80038154 (0xD4B56A63) bltu a0, a1, 5460


mem[X,0x800376A8] -> 0x0213
mem[X,0x800376AA] -> 0x0012
[5406] [M]: 0x800376A8 (0x00120213) addi tp, tp, 1
x4 <- 0x00000001


mem[X,0x800376AC] -> 0x006F
mem[X,0x800376AE] -> 0x2BD0
[5407] [M]: 0x800376AC (0x2BD0006F) jal zero, 2748


mem[X,0x80038168] -> 0xAC23
mem[X,0x8003816A] -> 0x0840
[5408] [M]: 0x80038168 (0x0840AC23) sw tp, 152(ra)
mem[0x8004BB0C] <- 0x00000001


mem[X,0x8003816C] -> 0x0513
mem[X,0x8003816E] -> 0x0060
[5409] [M]: 0x8003816C (0x00600513) addi a0, zero, 6
x10 <- 0x00000006


mem[X,0x80038170] -> 0xB5B7
mem[X,0x80038172] -> 0x0000
[5410] [M]: 0x80038170 (0x0000B5B7) lui a1, 11
x11 <- 0x0000B000


mem[X,0x80038174] -> 0x8593
mem[X,0x80038176] -> 0x5045
[5411] [M]: 0x80038174 (0x50458593) addi a1, a1, 1284
x11 <- 0x0000B504


mem[X,0x80038178] -> 0x0213
mem[X,0x8003817A] -> 0x0000
[5412] [M]: 0x80038178 (0x00000213) addi tp, zero, 0
x4 <- 0x00000000


mem[X,0x8003817C] -> 0x006F
mem[X,0x8003817E] -> 0x0180
[5413] [M]: 0x8003817C (0x0180006F) jal zero, 24


mem[X,0x80038194] -> 0x66E3
mem[X,0x80038196] -> 0xFEB5
[5414] [M]: 0x80038194 (0xFEB566E3) bltu a0, a1, 8172


mem[X,0x80038180] -> 0x0213
mem[X,0x80038182] -> 0x0012
[5415] [M]: 0x80038180 (0x00120213) addi tp, tp, 1
x4 <- 0x00000001


mem[X,0x80038184] -> 0x006F
mem[X,0x80038186] -> 0x0240
[5416] [M]: 0x80038184 (0x0240006F) jal zero, 36


mem[X,0x800381A8] -> 0xAE23
mem[X,0x800381AA] -> 0x0840
[5417] [M]: 0x800381A8 (0x0840AE23) sw tp, 156(ra)
mem[0x8004BB10] <- 0x00000001


mem[X,0x800381AC] -> 0x0513
mem[X,0x800381AE] -> 0x0060
[5418] [M]: 0x800381AC (0x00600513) addi a0, zero, 6
x10 <- 0x00000006


mem[X,0x800381B0] -> 0x0593
mem[X,0x800381B2] -> 0x0000
[5419] [M]: 0x800381B0 (0x00000593) addi a1, zero, 0
x11 <- 0x00000000


mem[X,0x800381B4] -> 0x0213
mem[X,0x800381B6] -> 0x0000
[5420] [M]: 0x800381B4 (0x00000213) addi tp, zero, 0
x4 <- 0x00000000


mem[X,0x800381B8] -> 0x006F
mem[X,0x800381BA] -> 0x0140
[5421] [M]: 0x800381B8 (0x0140006F) jal zero, 20


mem[X,0x800381CC] -> 0x68E3
mem[X,0x800381CE] -> 0xFEB5
[5422] [M]: 0x800381CC (0xFEB568E3) bltu a0, a1, 8176


mem[X,0x800381D0] -> 0x0213
mem[X,0x800381D2] -> 0x0022
[5423] [M]: 0x800381D0 (0x00220213) addi tp, tp, 2
x4 <- 0x00000002


mem[X,0x800381D4] -> 0x006F
mem[X,0x800381D6] -> 0x00C0
[5424] [M]: 0x800381D4 (0x00C0006F) jal zero, 12


mem[X,0x800381E0] -> 0xA023
mem[X,0x800381E2] -> 0x0A40
[5425] [M]: 0x800381E0 (0x0A40A023) sw tp, 160(ra)
mem[0x8004BB14] <- 0x00000002


mem[X,0x800381E4] -> 0x0513
mem[X,0x800381E6] -> 0x0060
[5426] [M]: 0x800381E4 (0x00600513) addi a0, zero, 6
x10 <- 0x00000006


mem[X,0x800381E8] -> 0x05B7
mem[X,0x800381EA] -> 0x0001
[5427] [M]: 0x800381E8 (0x000105B7) lui a1, 16
x11 <- 0x00010000


mem[X,0x800381EC] -> 0x8593
mem[X,0x800381EE] -> 0xFFF5
[5428] [M]: 0x800381EC (0xFFF58593) addi a1, a1, 4095
x11 <- 0x0000FFFF


mem[X,0x800381F0] -> 0x0213
mem[X,0x800381F2] -> 0x0000
[5429] [M]: 0x800381F0 (0x00000213) addi tp, zero, 0
x4 <- 0x00000000


mem[X,0x800381F4] -> 0x006F
mem[X,0x800381F6] -> 0x0050
[5430] [M]: 0x800381F4 (0x0050006F) jal zero, 2052


mem[X,0x800389F8] -> 0x60E3
mem[X,0x800389FA] -> 0x80B5
[5431] [M]: 0x800389F8 (0x80B560E3) bltu a0, a1, 6144


mem[X,0x800381F8] -> 0x0213
mem[X,0x800381FA] -> 0x0012
[5432] [M]: 0x800381F8 (0x00120213) addi tp, tp, 1
x4 <- 0x00000001


mem[X,0x800381FC] -> 0x006F
mem[X,0x800381FE] -> 0x0110
[5433] [M]: 0x800381FC (0x0110006F) jal zero, 2064


mem[X,0x80038A0C] -> 0xA223
mem[X,0x80038A0E] -> 0x0A40
[5434] [M]: 0x80038A0C (0x0A40A223) sw tp, 164(ra)
mem[0x8004BB18] <- 0x00000001


mem[X,0x80038A10] -> 0x0513
mem[X,0x80038A12] -> 0x0060
[5435] [M]: 0x80038A10 (0x00600513) addi a0, zero, 6
x10 <- 0x00000006


mem[X,0x80038A14] -> 0x0593
mem[X,0x80038A16] -> 0x0020
[5436] [M]: 0x80038A14 (0x00200593) addi a1, zero, 2
x11 <- 0x00000002


mem[X,0x80038A18] -> 0x0213
mem[X,0x80038A1A] -> 0x0000
[5437] [M]: 0x80038A18 (0x00000213) addi tp, zero, 0
x4 <- 0x00000000


mem[X,0x80038A1C] -> 0x006F
mem[X,0x80038A1E] -> 0x00C0
[5438] [M]: 0x80038A1C (0x00C0006F) jal zero, 12


mem[X,0x80038A28] -> 0x6663
mem[X,0x80038A2A] -> 0x00B5
[5439] [M]: 0x80038A28 (0x00B56663) bltu a0, a1, 12


mem[X,0x80038A2C] -> 0x0213
mem[X,0x80038A2E] -> 0x0022
[5440] [M]: 0x80038A2C (0x00220213) addi tp, tp, 2
x4 <- 0x00000002


mem[X,0x80038A30] -> 0x006F
mem[X,0x80038A32] -> 0x00C0
[5441] [M]: 0x80038A30 (0x00C0006F) jal zero, 12


mem[X,0x80038A3C] -> 0xA423
mem[X,0x80038A3E] -> 0x0A40
[5442] [M]: 0x80038A3C (0x0A40A423) sw tp, 168(ra)
mem[0x8004BB1C] <- 0x00000002


mem[X,0x80038A40] -> 0x0513
mem[X,0x80038A42] -> 0x0060
[5443] [M]: 0x80038A40 (0x00600513) addi a0, zero, 6
x10 <- 0x00000006


mem[X,0x80038A44] -> 0x55B7
mem[X,0x80038A46] -> 0x5555
[5444] [M]: 0x80038A44 (0x555555B7) lui a1, 349525
x11 <- 0x55555000


mem[X,0x80038A48] -> 0x8593
mem[X,0x80038A4A] -> 0x5545
[5445] [M]: 0x80038A48 (0x55458593) addi a1, a1, 1364
x11 <- 0x55555554


mem[X,0x80038A4C] -> 0x0213
mem[X,0x80038A4E] -> 0x0000
[5446] [M]: 0x80038A4C (0x00000213) addi tp, zero, 0
x4 <- 0x00000000


mem[X,0x80038A50] -> 0x006F
mem[X,0x80038A52] -> 0x00C0
[5447] [M]: 0x80038A50 (0x00C0006F) jal zero, 12


mem[X,0x80038A5C] -> 0x6063
mem[X,0x80038A5E] -> 0x40B5
[5448] [M]: 0x80038A5C (0x40B56063) bltu a0, a1, 1024


mem[X,0x80038E5C] -> 0x0213
mem[X,0x80038E5E] -> 0x0032
[5449] [M]: 0x80038E5C (0x00320213) addi tp, tp, 3
x4 <- 0x00000003


mem[X,0x80038E60] -> 0x006F
mem[X,0x80038E62] -> 0x0040
[5450] [M]: 0x80038E60 (0x0040006F) jal zero, 4


mem[X,0x80038E64] -> 0xA623
mem[X,0x80038E66] -> 0x0A40
[5451] [M]: 0x80038E64 (0x0A40A623) sw tp, 172(ra)
mem[0x8004BB20] <- 0x00000003


mem[X,0x80038E68] -> 0x0513
mem[X,0x80038E6A] -> 0x0060
[5452] [M]: 0x80038E68 (0x00600513) addi a0, zero, 6
x10 <- 0x00000006


mem[X,0x80038E6C] -> 0xB5B7
mem[X,0x80038E6E] -> 0xAAAA
[5453] [M]: 0x80038E6C (0xAAAAB5B7) lui a1, 699051
x11 <- 0xAAAAB000


mem[X,0x80038E70] -> 0x8593
mem[X,0x80038E72] -> 0xAA95
[5454] [M]: 0x80038E70 (0xAA958593) addi a1, a1, 2729
x11 <- 0xAAAAAAA9


mem[X,0x80038E74] -> 0x0213
mem[X,0x80038E76] -> 0x0000
[5455] [M]: 0x80038E74 (0x00000213) addi tp, zero, 0
x4 <- 0x00000000


mem[X,0x80038E78] -> 0x006F
mem[X,0x80038E7A] -> 0x00C0
[5456] [M]: 0x80038E78 (0x00C0006F) jal zero, 12


mem[X,0x80038E84] -> 0x6863
mem[X,0x80038E86] -> 0x00B5
[5457] [M]: 0x80038E84 (0x00B56863) bltu a0, a1, 16


mem[X,0x80038E94] -> 0x0213
mem[X,0x80038E96] -> 0x0032
[5458] [M]: 0x80038E94 (0x00320213) addi tp, tp, 3
x4 <- 0x00000003


mem[X,0x80038E98] -> 0x006F
mem[X,0x80038E9A] -> 0x0040
[5459] [M]: 0x80038E98 (0x0040006F) jal zero, 4


mem[X,0x80038E9C] -> 0xA823
mem[X,0x80038E9E] -> 0x0A40
[5460] [M]: 0x80038E9C (0x0A40A823) sw tp, 176(ra)
mem[0x8004BB24] <- 0x00000003


mem[X,0x80038EA0] -> 0x0513
mem[X,0x80038EA2] -> 0x0060
[5461] [M]: 0x80038EA0 (0x00600513) addi a0, zero, 6
x10 <- 0x00000006


mem[X,0x80038EA4] -> 0x0593
mem[X,0x80038EA6] -> 0x0040
[5462] [M]: 0x80038EA4 (0x00400593) addi a1, zero, 4
x11 <- 0x00000004


mem[X,0x80038EA8] -> 0x0213
mem[X,0x80038EAA] -> 0x0000
[5463] [M]: 0x80038EA8 (0x00000213) addi tp, zero, 0
x4 <- 0x00000000


mem[X,0x80038EAC] -> 0x006F
mem[X,0x80038EAE] -> 0x00C0
[5464] [M]: 0x80038EAC (0x00C0006F) jal zero, 12


mem[X,0x80038EB8] -> 0x6CE3
mem[X,0x80038EBA] -> 0xFEB5
[5465] [M]: 0x80038EB8 (0xFEB56CE3) bltu a0, a1, 8184


mem[X,0x80038EBC] -> 0x0213
mem[X,0x80038EBE] -> 0x0022
[5466] [M]: 0x80038EBC (0x00220213) addi tp, tp, 2
x4 <- 0x00000002


mem[X,0x80038EC0] -> 0x006F
mem[X,0x80038EC2] -> 0x00C0
[5467] [M]: 0x80038EC0 (0x00C0006F) jal zero, 12


mem[X,0x80038ECC] -> 0xAA23
mem[X,0x80038ECE] -> 0x0A40
[5468] [M]: 0x80038ECC (0x0A40AA23) sw tp, 180(ra)
mem[0x8004BB28] <- 0x00000002


mem[X,0x80038ED0] -> 0x0513
mem[X,0x80038ED2] -> 0x0060
[5469] [M]: 0x80038ED0 (0x00600513) addi a0, zero, 6
x10 <- 0x00000006


mem[X,0x80038ED4] -> 0x35B7
mem[X,0x80038ED6] -> 0x3333
[5470] [M]: 0x80038ED4 (0x333335B7) lui a1, 209715
x11 <- 0x33333000


mem[X,0x80038ED8] -> 0x8593
mem[X,0x80038EDA] -> 0x3325
[5471] [M]: 0x80038ED8 (0x33258593) addi a1, a1, 818
x11 <- 0x33333332


mem[X,0x80038EDC] -> 0x0213
mem[X,0x80038EDE] -> 0x0000
[5472] [M]: 0x80038EDC (0x00000213) addi tp, zero, 0
x4 <- 0x00000000


mem[X,0x80038EE0] -> 0x006F
mem[X,0x80038EE2] -> 0x0050
[5473] [M]: 0x80038EE0 (0x0050006F) jal zero, 2052


mem[X,0x800396E4] -> 0x60E3
mem[X,0x800396E6] -> 0x80B5
[5474] [M]: 0x800396E4 (0x80B560E3) bltu a0, a1, 6144


mem[X,0x80038EE4] -> 0x0213
mem[X,0x80038EE6] -> 0x0012
[5475] [M]: 0x80038EE4 (0x00120213) addi tp, tp, 1
x4 <- 0x00000001


mem[X,0x80038EE8] -> 0x006F
mem[X,0x80038EEA] -> 0x0110
[5476] [M]: 0x80038EE8 (0x0110006F) jal zero, 2064


mem[X,0x800396F8] -> 0xAC23
mem[X,0x800396FA] -> 0x0A40
[5477] [M]: 0x800396F8 (0x0A40AC23) sw tp, 184(ra)
mem[0x8004BB2C] <- 0x00000001


mem[X,0x800396FC] -> 0x0513
mem[X,0x800396FE] -> 0x0060
[5478] [M]: 0x800396FC (0x00600513) addi a0, zero, 6
x10 <- 0x00000006


mem[X,0x80039700] -> 0x65B7
mem[X,0x80039702] -> 0x6666
[5479] [M]: 0x80039700 (0x666665B7) lui a1, 419430
x11 <- 0x66666000


mem[X,0x80039704] -> 0x8593
mem[X,0x80039706] -> 0x6655
[5480] [M]: 0x80039704 (0x66558593) addi a1, a1, 1637
x11 <- 0x66666665


mem[X,0x80039708] -> 0x0213
mem[X,0x8003970A] -> 0x0000
[5481] [M]: 0x80039708 (0x00000213) addi tp, zero, 0
x4 <- 0x00000000


mem[X,0x8003970C] -> 0x006F
mem[X,0x8003970E] -> 0x00C0
[5482] [M]: 0x8003970C (0x00C0006F) jal zero, 12


mem[X,0x80039718] -> 0x6663
mem[X,0x8003971A] -> 0x00B5
[5483] [M]: 0x80039718 (0x00B56663) bltu a0, a1, 12


mem[X,0x80039724] -> 0x0213
mem[X,0x80039726] -> 0x0032
[5484] [M]: 0x80039724 (0x00320213) addi tp, tp, 3
x4 <- 0x00000003


mem[X,0x80039728] -> 0x006F
mem[X,0x8003972A] -> 0x0040
[5485] [M]: 0x80039728 (0x0040006F) jal zero, 4


mem[X,0x8003972C] -> 0xAE23
mem[X,0x8003972E] -> 0x0A40
[5486] [M]: 0x8003972C (0x0A40AE23) sw tp, 188(ra)
mem[0x8004BB30] <- 0x00000003


mem[X,0x80039730] -> 0x0513
mem[X,0x80039732] -> 0x0060
[5487] [M]: 0x80039730 (0x00600513) addi a0, zero, 6
x10 <- 0x00000006


mem[X,0x80039734] -> 0xB5B7
mem[X,0x80039736] -> 0x0000
[5488] [M]: 0x80039734 (0x0000B5B7) lui a1, 11
x11 <- 0x0000B000


mem[X,0x80039738] -> 0x8593
mem[X,0x8003973A] -> 0x5035
[5489] [M]: 0x80039738 (0x50358593) addi a1, a1, 1283
x11 <- 0x0000B503


mem[X,0x8003973C] -> 0x0213
mem[X,0x8003973E] -> 0x0000
[5490] [M]: 0x8003973C (0x00000213) addi tp, zero, 0
x4 <- 0x00000000


mem[X,0x80039740] -> 0x006F
mem[X,0x80039742] -> 0x00C0
[5491] [M]: 0x80039740 (0x00C0006F) jal zero, 12


mem[X,0x8003974C] -> 0x6063
mem[X,0x8003974E] -> 0x08B5
[5492] [M]: 0x8003974C (0x08B56063) bltu a0, a1, 128


mem[X,0x800397CC] -> 0x0213
mem[X,0x800397CE] -> 0x0032
[5493] [M]: 0x800397CC (0x00320213) addi tp, tp, 3
x4 <- 0x00000003


mem[X,0x800397D0] -> 0x006F
mem[X,0x800397D2] -> 0x0040
[5494] [M]: 0x800397D0 (0x0040006F) jal zero, 4


mem[X,0x800397D4] -> 0xA023
mem[X,0x800397D6] -> 0x0C40
[5495] [M]: 0x800397D4 (0x0C40A023) sw tp, 192(ra)
mem[0x8004BB34] <- 0x00000003


mem[X,0x800397D8] -> 0x0513
mem[X,0x800397DA] -> 0x0060
[5496] [M]: 0x800397D8 (0x00600513) addi a0, zero, 6
x10 <- 0x00000006


mem[X,0x800397DC] -> 0x05B7
mem[X,0x800397DE] -> 0x0001
[5497] [M]: 0x800397DC (0x000105B7) lui a1, 16
x11 <- 0x00010000


mem[X,0x800397E0] -> 0x8593
mem[X,0x800397E2] -> 0xFFE5
[5498] [M]: 0x800397E0 (0xFFE58593) addi a1, a1, 4094
x11 <- 0x0000FFFE


mem[X,0x800397E4] -> 0x0213
mem[X,0x800397E6] -> 0x0000
[5499] [M]: 0x800397E4 (0x00000213) addi tp, zero, 0
x4 <- 0x00000000


clint::tick mtime <- 0x0000000000000037
 clint timer pending at mtime 0x0000000000000037
htif::tick 0x0000000000000000
mem[X,0x800397E8] -> 0x006F
mem[X,0x800397EA] -> 0x00C0
[5500] [M]: 0x800397E8 (0x00C0006F) jal zero, 12


mem[X,0x800397F4] -> 0x6063
mem[X,0x800397F6] -> 0x20B5
[5501] [M]: 0x800397F4 (0x20B56063) bltu a0, a1, 512


mem[X,0x800399F4] -> 0x0213
mem[X,0x800399F6] -> 0x0032
[5502] [M]: 0x800399F4 (0x00320213) addi tp, tp, 3
x4 <- 0x00000003


mem[X,0x800399F8] -> 0x006F
mem[X,0x800399FA] -> 0x0040
[5503] [M]: 0x800399F8 (0x0040006F) jal zero, 4


mem[X,0x800399FC] -> 0xA223
mem[X,0x800399FE] -> 0x0C40
[5504] [M]: 0x800399FC (0x0C40A223) sw tp, 196(ra)
mem[0x8004BB38] <- 0x00000003


mem[X,0x80039A00] -> 0x0513
mem[X,0x80039A02] -> 0x0060
[5505] [M]: 0x80039A00 (0x00600513) addi a0, zero, 6
x10 <- 0x00000006


mem[X,0x80039A04] -> 0x55B7
mem[X,0x80039A06] -> 0x5555
[5506] [M]: 0x80039A04 (0x555555B7) lui a1, 349525
x11 <- 0x55555000


mem[X,0x80039A08] -> 0x8593
mem[X,0x80039A0A] -> 0x5565
[5507] [M]: 0x80039A08 (0x55658593) addi a1, a1, 1366
x11 <- 0x55555556


mem[X,0x80039A0C] -> 0x0213
mem[X,0x80039A0E] -> 0x0000
[5508] [M]: 0x80039A0C (0x00000213) addi tp, zero, 0
x4 <- 0x00000000


mem[X,0x80039A10] -> 0x006F
mem[X,0x80039A12] -> 0x0050
[5509] [M]: 0x80039A10 (0x0050006F) jal zero, 2052


mem[X,0x8003A214] -> 0x60E3
mem[X,0x8003A216] -> 0x80B5
[5510] [M]: 0x8003A214 (0x80B560E3) bltu a0, a1, 6144


mem[X,0x80039A14] -> 0x0213
mem[X,0x80039A16] -> 0x0012
[5511] [M]: 0x80039A14 (0x00120213) addi tp, tp, 1
x4 <- 0x00000001


mem[X,0x80039A18] -> 0x006F
mem[X,0x80039A1A] -> 0x0110
[5512] [M]: 0x80039A18 (0x0110006F) jal zero, 2064


mem[X,0x8003A228] -> 0xA423
mem[X,0x8003A22A] -> 0x0C40
[5513] [M]: 0x8003A228 (0x0C40A423) sw tp, 200(ra)
mem[0x8004BB3C] <- 0x00000001


mem[X,0x8003A22C] -> 0x0513
mem[X,0x8003A22E] -> 0x0060
[5514] [M]: 0x8003A22C (0x00600513) addi a0, zero, 6
x10 <- 0x00000006


mem[X,0x8003A230] -> 0xB5B7
mem[X,0x8003A232] -> 0xAAAA
[5515] [M]: 0x8003A230 (0xAAAAB5B7) lui a1, 699051
x11 <- 0xAAAAB000


mem[X,0x8003A234] -> 0x8593
mem[X,0x8003A236] -> 0xAAB5
[5516] [M]: 0x8003A234 (0xAAB58593) addi a1, a1, 2731
x11 <- 0xAAAAAAAB


mem[X,0x8003A238] -> 0x0213
mem[X,0x8003A23A] -> 0x0000
[5517] [M]: 0x8003A238 (0x00000213) addi tp, zero, 0
x4 <- 0x00000000


mem[X,0x8003A23C] -> 0x006F
mem[X,0x8003A23E] -> 0x0100
[5518] [M]: 0x8003A23C (0x0100006F) jal zero, 16


mem[X,0x8003A24C] -> 0x6AE3
mem[X,0x8003A24E] -> 0xFEB5
[5519] [M]: 0x8003A24C (0xFEB56AE3) bltu a0, a1, 8180


mem[X,0x8003A240] -> 0x0213
mem[X,0x8003A242] -> 0x0012
[5520] [M]: 0x8003A240 (0x00120213) addi tp, tp, 1
x4 <- 0x00000001


mem[X,0x8003A244] -> 0x006F
mem[X,0x8003A246] -> 0x01C0
[5521] [M]: 0x8003A244 (0x01C0006F) jal zero, 28


mem[X,0x8003A260] -> 0xA623
mem[X,0x8003A262] -> 0x0C40
[5522] [M]: 0x8003A260 (0x0C40A623) sw tp, 204(ra)
mem[0x8004BB40] <- 0x00000001


mem[X,0x8003A264] -> 0x0513
mem[X,0x8003A266] -> 0x0060
[5523] [M]: 0x8003A264 (0x00600513) addi a0, zero, 6
x10 <- 0x00000006


mem[X,0x8003A268] -> 0x0593
mem[X,0x8003A26A] -> 0x0060
[5524] [M]: 0x8003A268 (0x00600593) addi a1, zero, 6
x11 <- 0x00000006


mem[X,0x8003A26C] -> 0x0213
mem[X,0x8003A26E] -> 0x0000
[5525] [M]: 0x8003A26C (0x00000213) addi tp, zero, 0
x4 <- 0x00000000


mem[X,0x8003A270] -> 0x006F
mem[X,0x8003A272] -> 0x0180
[5526] [M]: 0x8003A270 (0x0180006F) jal zero, 24


mem[X,0x8003A288] -> 0x66E3
mem[X,0x8003A28A] -> 0xFEB5
[5527] [M]: 0x8003A288 (0xFEB566E3) bltu a0, a1, 8172


mem[X,0x8003A28C] -> 0x0213
mem[X,0x8003A28E] -> 0x0022
[5528] [M]: 0x8003A28C (0x00220213) addi tp, tp, 2
x4 <- 0x00000002


mem[X,0x8003A290] -> 0x006F
mem[X,0x8003A292] -> 0x00C0
[5529] [M]: 0x8003A290 (0x00C0006F) jal zero, 12


mem[X,0x8003A29C] -> 0xA823
mem[X,0x8003A29E] -> 0x0C40
[5530] [M]: 0x8003A29C (0x0C40A823) sw tp, 208(ra)
mem[0x8004BB44] <- 0x00000002


mem[X,0x8003A2A0] -> 0x0513
mem[X,0x8003A2A2] -> 0x0060
[5531] [M]: 0x8003A2A0 (0x00600513) addi a0, zero, 6
x10 <- 0x00000006


mem[X,0x8003A2A4] -> 0x35B7
mem[X,0x8003A2A6] -> 0x3333
[5532] [M]: 0x8003A2A4 (0x333335B7) lui a1, 209715
x11 <- 0x33333000


mem[X,0x8003A2A8] -> 0x8593
mem[X,0x8003A2AA] -> 0x3345
[5533] [M]: 0x8003A2A8 (0x33458593) addi a1, a1, 820
x11 <- 0x33333334


mem[X,0x8003A2AC] -> 0x0213
mem[X,0x8003A2AE] -> 0x0000
[5534] [M]: 0x8003A2AC (0x00000213) addi tp, zero, 0
x4 <- 0x00000000


mem[X,0x8003A2B0] -> 0x006F
mem[X,0x8003A2B2] -> 0x0140
[5535] [M]: 0x8003A2B0 (0x0140006F) jal zero, 20


mem[X,0x8003A2C4] -> 0x68E3
mem[X,0x8003A2C6] -> 0xFEB5
[5536] [M]: 0x8003A2C4 (0xFEB568E3) bltu a0, a1, 8176


mem[X,0x8003A2B4] -> 0x0213
mem[X,0x8003A2B6] -> 0x0012
[5537] [M]: 0x8003A2B4 (0x00120213) addi tp, tp, 1
x4 <- 0x00000001


mem[X,0x8003A2B8] -> 0x006F
mem[X,0x8003A2BA] -> 0x0200
[5538] [M]: 0x8003A2B8 (0x0200006F) jal zero, 32


mem[X,0x8003A2D8] -> 0xAA23
mem[X,0x8003A2DA] -> 0x0C40
[5539] [M]: 0x8003A2D8 (0x0C40AA23) sw tp, 212(ra)
mem[0x8004BB48] <- 0x00000001


mem[X,0x8003A2DC] -> 0x0513
mem[X,0x8003A2DE] -> 0x0060
[5540] [M]: 0x8003A2DC (0x00600513) addi a0, zero, 6
x10 <- 0x00000006


mem[X,0x8003A2E0] -> 0x65B7
mem[X,0x8003A2E2] -> 0x6666
[5541] [M]: 0x8003A2E0 (0x666665B7) lui a1, 419430
x11 <- 0x66666000


mem[X,0x8003A2E4] -> 0x8593
mem[X,0x8003A2E6] -> 0x6675
[5542] [M]: 0x8003A2E4 (0x66758593) addi a1, a1, 1639
x11 <- 0x66666667


mem[X,0x8003A2E8] -> 0x0213
mem[X,0x8003A2EA] -> 0x0000
[5543] [M]: 0x8003A2E8 (0x00000213) addi tp, zero, 0
x4 <- 0x00000000


mem[X,0x8003A2EC] -> 0x006F
mem[X,0x8003A2EE] -> 0x00C0
[5544] [M]: 0x8003A2EC (0x00C0006F) jal zero, 12


mem[X,0x8003A2F8] -> 0x6063
mem[X,0x8003A2FA] -> 0x08B5
[5545] [M]: 0x8003A2F8 (0x08B56063) bltu a0, a1, 128


mem[X,0x8003A378] -> 0x0213
mem[X,0x8003A37A] -> 0x0032
[5546] [M]: 0x8003A378 (0x00320213) addi tp, tp, 3
x4 <- 0x00000003


mem[X,0x8003A37C] -> 0x006F
mem[X,0x8003A37E] -> 0x0040
[5547] [M]: 0x8003A37C (0x0040006F) jal zero, 4


mem[X,0x8003A380] -> 0xAC23
mem[X,0x8003A382] -> 0x0C40
[5548] [M]: 0x8003A380 (0x0C40AC23) sw tp, 216(ra)
mem[0x8004BB4C] <- 0x00000003


mem[X,0x8003A384] -> 0x0513
mem[X,0x8003A386] -> 0x0060
[5549] [M]: 0x8003A384 (0x00600513) addi a0, zero, 6
x10 <- 0x00000006


mem[X,0x8003A388] -> 0xB5B7
mem[X,0x8003A38A] -> 0x0000
[5550] [M]: 0x8003A388 (0x0000B5B7) lui a1, 11
x11 <- 0x0000B000


mem[X,0x8003A38C] -> 0x8593
mem[X,0x8003A38E] -> 0x5055
[5551] [M]: 0x8003A38C (0x50558593) addi a1, a1, 1285
x11 <- 0x0000B505


mem[X,0x8003A390] -> 0x0213
mem[X,0x8003A392] -> 0x0000
[5552] [M]: 0x8003A390 (0x00000213) addi tp, zero, 0
x4 <- 0x00000000


mem[X,0x8003A394] -> 0x006F
mem[X,0x8003A396] -> 0x00C0
[5553] [M]: 0x8003A394 (0x00C0006F) jal zero, 12


mem[X,0x8003A3A0] -> 0x6CE3
mem[X,0x8003A3A2] -> 0xFEB5
[5554] [M]: 0x8003A3A0 (0xFEB56CE3) bltu a0, a1, 8184


mem[X,0x8003A398] -> 0x0213
mem[X,0x8003A39A] -> 0x0012
[5555] [M]: 0x8003A398 (0x00120213) addi tp, tp, 1
x4 <- 0x00000001


mem[X,0x8003A39C] -> 0x006F
mem[X,0x8003A39E] -> 0x0180
[5556] [M]: 0x8003A39C (0x0180006F) jal zero, 24


mem[X,0x8003A3B4] -> 0xAE23
mem[X,0x8003A3B6] -> 0x0C40
[5557] [M]: 0x8003A3B4 (0x0C40AE23) sw tp, 220(ra)
mem[0x8004BB50] <- 0x00000001


mem[X,0x8003A3B8] -> 0x0513
mem[X,0x8003A3BA] -> 0x0060
[5558] [M]: 0x8003A3B8 (0x00600513) addi a0, zero, 6
x10 <- 0x00000006


mem[X,0x8003A3BC] -> 0x0593
mem[X,0x8003A3BE] -> 0x0010
[5559] [M]: 0x8003A3BC (0x00100593) addi a1, zero, 1
x11 <- 0x00000001


mem[X,0x8003A3C0] -> 0x0213
mem[X,0x8003A3C2] -> 0x0000
[5560] [M]: 0x8003A3C0 (0x00000213) addi tp, zero, 0
x4 <- 0x00000000


mem[X,0x8003A3C4] -> 0x006F
mem[X,0x8003A3C6] -> 0x00C0
[5561] [M]: 0x8003A3C4 (0x00C0006F) jal zero, 12


mem[X,0x8003A3D0] -> 0x6663
mem[X,0x8003A3D2] -> 0x00B5
[5562] [M]: 0x8003A3D0 (0x00B56663) bltu a0, a1, 12


mem[X,0x8003A3D4] -> 0x0213
mem[X,0x8003A3D6] -> 0x0022
[5563] [M]: 0x8003A3D4 (0x00220213) addi tp, tp, 2
x4 <- 0x00000002


mem[X,0x8003A3D8] -> 0x006F
mem[X,0x8003A3DA] -> 0x00C0
[5564] [M]: 0x8003A3D8 (0x00C0006F) jal zero, 12


mem[X,0x8003A3E4] -> 0xA023
mem[X,0x8003A3E6] -> 0x0E40
[5565] [M]: 0x8003A3E4 (0x0E40A023) sw tp, 224(ra)
mem[0x8004BB54] <- 0x00000002


mem[X,0x8003A3E8] -> 0x0513
mem[X,0x8003A3EA] -> 0x0060
[5566] [M]: 0x8003A3E8 (0x00600513) addi a0, zero, 6
x10 <- 0x00000006


mem[X,0x8003A3EC] -> 0x05B7
mem[X,0x8003A3EE] -> 0x0001
[5567] [M]: 0x8003A3EC (0x000105B7) lui a1, 16
x11 <- 0x00010000


mem[X,0x8003A3F0] -> 0x0213
mem[X,0x8003A3F2] -> 0x0000
[5568] [M]: 0x8003A3F0 (0x00000213) addi tp, zero, 0
x4 <- 0x00000000


mem[X,0x8003A3F4] -> 0x006F
mem[X,0x8003A3F6] -> 0x00C0
[5569] [M]: 0x8003A3F4 (0x00C0006F) jal zero, 12


mem[X,0x8003A400] -> 0x6CE3
mem[X,0x8003A402] -> 0xFEB5
[5570] [M]: 0x8003A400 (0xFEB56CE3) bltu a0, a1, 8184


mem[X,0x8003A3F8] -> 0x0213
mem[X,0x8003A3FA] -> 0x0012
[5571] [M]: 0x8003A3F8 (0x00120213) addi tp, tp, 1
x4 <- 0x00000001


mem[X,0x8003A3FC] -> 0x006F
mem[X,0x8003A3FE] -> 0x0180
[5572] [M]: 0x8003A3FC (0x0180006F) jal zero, 24


mem[X,0x8003A414] -> 0xA223
mem[X,0x8003A416] -> 0x0E40
[5573] [M]: 0x8003A414 (0x0E40A223) sw tp, 228(ra)
mem[0x8004BB58] <- 0x00000001


mem[X,0x8003A418] -> 0x3537
mem[X,0x8003A41A] -> 0x3333
[5574] [M]: 0x8003A418 (0x33333537) lui a0, 209715
x10 <- 0x33333000


mem[X,0x8003A41C] -> 0x0513
mem[X,0x8003A41E] -> 0x3345
[5575] [M]: 0x8003A41C (0x33450513) addi a0, a0, 820
x10 <- 0x33333334


mem[X,0x8003A420] -> 0x0593
mem[X,0x8003A422] -> 0x0030
[5576] [M]: 0x8003A420 (0x00300593) addi a1, zero, 3
x11 <- 0x00000003


mem[X,0x8003A424] -> 0x0213
mem[X,0x8003A426] -> 0x0000
[5577] [M]: 0x8003A424 (0x00000213) addi tp, zero, 0
x4 <- 0x00000000


mem[X,0x8003A428] -> 0x006F
mem[X,0x8003A42A] -> 0x00C0
[5578] [M]: 0x8003A428 (0x00C0006F) jal zero, 12


mem[X,0x8003A434] -> 0x6CE3
mem[X,0x8003A436] -> 0xFEB5
[5579] [M]: 0x8003A434 (0xFEB56CE3) bltu a0, a1, 8184


mem[X,0x8003A438] -> 0x0213
mem[X,0x8003A43A] -> 0x0022
[5580] [M]: 0x8003A438 (0x00220213) addi tp, tp, 2
x4 <- 0x00000002


mem[X,0x8003A43C] -> 0x006F
mem[X,0x8003A43E] -> 0x00C0
[5581] [M]: 0x8003A43C (0x00C0006F) jal zero, 12


mem[X,0x8003A448] -> 0xA423
mem[X,0x8003A44A] -> 0x0E40
[5582] [M]: 0x8003A448 (0x0E40A423) sw tp, 232(ra)
mem[0x8004BB5C] <- 0x00000002


mem[X,0x8003A44C] -> 0x3537
mem[X,0x8003A44E] -> 0x3333
[5583] [M]: 0x8003A44C (0x33333537) lui a0, 209715
x10 <- 0x33333000


mem[X,0x8003A450] -> 0x0513
mem[X,0x8003A452] -> 0x3345
[5584] [M]: 0x8003A450 (0x33450513) addi a0, a0, 820
x10 <- 0x33333334


mem[X,0x8003A454] -> 0xB5B7
mem[X,0x8003A456] -> 0xAAAA
[5585] [M]: 0x8003A454 (0xAAAAB5B7) lui a1, 699051
x11 <- 0xAAAAB000


mem[X,0x8003A458] -> 0x8593
mem[X,0x8003A45A] -> 0xAAA5
[5586] [M]: 0x8003A458 (0xAAA58593) addi a1, a1, 2730
x11 <- 0xAAAAAAAA


mem[X,0x8003A45C] -> 0x0213
mem[X,0x8003A45E] -> 0x0000
[5587] [M]: 0x8003A45C (0x00000213) addi tp, zero, 0
x4 <- 0x00000000


mem[X,0x8003A460] -> 0x006F
mem[X,0x8003A462] -> 0x0050
[5588] [M]: 0x8003A460 (0x0050006F) jal zero, 2052


mem[X,0x8003AC64] -> 0x60E3
mem[X,0x8003AC66] -> 0x80B5
[5589] [M]: 0x8003AC64 (0x80B560E3) bltu a0, a1, 6144


mem[X,0x8003A464] -> 0x0213
mem[X,0x8003A466] -> 0x0012
[5590] [M]: 0x8003A464 (0x00120213) addi tp, tp, 1
x4 <- 0x00000001


mem[X,0x8003A468] -> 0x006F
mem[X,0x8003A46A] -> 0x0110
[5591] [M]: 0x8003A468 (0x0110006F) jal zero, 2064


mem[X,0x8003AC78] -> 0xA623
mem[X,0x8003AC7A] -> 0x0E40
[5592] [M]: 0x8003AC78 (0x0E40A623) sw tp, 236(ra)
mem[0x8004BB60] <- 0x00000001


mem[X,0x8003AC7C] -> 0x6537
mem[X,0x8003AC7E] -> 0x6666
[5593] [M]: 0x8003AC7C (0x66666537) lui a0, 419430
x10 <- 0x66666000


mem[X,0x8003AC80] -> 0x0513
mem[X,0x8003AC82] -> 0x6655
[5594] [M]: 0x8003AC80 (0x66550513) addi a0, a0, 1637
x10 <- 0x66666665


mem[X,0x8003AC84] -> 0xB5B7
mem[X,0x8003AC86] -> 0xAAAA
[5595] [M]: 0x8003AC84 (0xAAAAB5B7) lui a1, 699051
x11 <- 0xAAAAB000


mem[X,0x8003AC88] -> 0x8593
mem[X,0x8003AC8A] -> 0xAAB5
[5596] [M]: 0x8003AC88 (0xAAB58593) addi a1, a1, 2731
x11 <- 0xAAAAAAAB


mem[X,0x8003AC8C] -> 0x0213
mem[X,0x8003AC8E] -> 0x0000
[5597] [M]: 0x8003AC8C (0x00000213) addi tp, zero, 0
x4 <- 0x00000000


mem[X,0x8003AC90] -> 0x006F
mem[X,0x8003AC92] -> 0x00C0
[5598] [M]: 0x8003AC90 (0x00C0006F) jal zero, 12


mem[X,0x8003AC9C] -> 0x6CE3
mem[X,0x8003AC9E] -> 0xFEB5
[5599] [M]: 0x8003AC9C (0xFEB56CE3) bltu a0, a1, 8184


clint::tick mtime <- 0x0000000000000038
 clint timer pending at mtime 0x0000000000000038
htif::tick 0x0000000000000000
mem[X,0x8003AC94] -> 0x0213
mem[X,0x8003AC96] -> 0x0012
[5600] [M]: 0x8003AC94 (0x00120213) addi tp, tp, 1
x4 <- 0x00000001


mem[X,0x8003AC98] -> 0x006F
mem[X,0x8003AC9A] -> 0x0180
[5601] [M]: 0x8003AC98 (0x0180006F) jal zero, 24


mem[X,0x8003ACB0] -> 0xA823
mem[X,0x8003ACB2] -> 0x0E40
[5602] [M]: 0x8003ACB0 (0x0E40A823) sw tp, 240(ra)
mem[0x8004BB64] <- 0x00000001


mem[X,0x8003ACB4] -> 0x3537
mem[X,0x8003ACB6] -> 0x3333
[5603] [M]: 0x8003ACB4 (0x33333537) lui a0, 209715
x10 <- 0x33333000


mem[X,0x8003ACB8] -> 0x0513
mem[X,0x8003ACBA] -> 0x3345
[5604] [M]: 0x8003ACB8 (0x33450513) addi a0, a0, 820
x10 <- 0x33333334


mem[X,0x8003ACBC] -> 0x0593
mem[X,0x8003ACBE] -> 0x0050
[5605] [M]: 0x8003ACBC (0x00500593) addi a1, zero, 5
x11 <- 0x00000005


mem[X,0x8003ACC0] -> 0x0213
mem[X,0x8003ACC2] -> 0x0000
[5606] [M]: 0x8003ACC0 (0x00000213) addi tp, zero, 0
x4 <- 0x00000000


mem[X,0x8003ACC4] -> 0x006F
mem[X,0x8003ACC6] -> 0x00C0
[5607] [M]: 0x8003ACC4 (0x00C0006F) jal zero, 12


mem[X,0x8003ACD0] -> 0x6663
mem[X,0x8003ACD2] -> 0x00B5
[5608] [M]: 0x8003ACD0 (0x00B56663) bltu a0, a1, 12


mem[X,0x8003ACD4] -> 0x0213
mem[X,0x8003ACD6] -> 0x0022
[5609] [M]: 0x8003ACD4 (0x00220213) addi tp, tp, 2
x4 <- 0x00000002


mem[X,0x8003ACD8] -> 0x006F
mem[X,0x8003ACDA] -> 0x00C0
[5610] [M]: 0x8003ACD8 (0x00C0006F) jal zero, 12


mem[X,0x8003ACE4] -> 0xAA23
mem[X,0x8003ACE6] -> 0x0E40
[5611] [M]: 0x8003ACE4 (0x0E40AA23) sw tp, 244(ra)
mem[0x8004BB68] <- 0x00000002


mem[X,0x8003ACE8] -> 0x3537
mem[X,0x8003ACEA] -> 0x3333
[5612] [M]: 0x8003ACE8 (0x33333537) lui a0, 209715
x10 <- 0x33333000


mem[X,0x8003ACEC] -> 0x0513
mem[X,0x8003ACEE] -> 0x3345
[5613] [M]: 0x8003ACEC (0x33450513) addi a0, a0, 820
x10 <- 0x33333334


mem[X,0x8003ACF0] -> 0x35B7
mem[X,0x8003ACF2] -> 0x3333
[5614] [M]: 0x8003ACF0 (0x333335B7) lui a1, 209715
x11 <- 0x33333000


mem[X,0x8003ACF4] -> 0x8593
mem[X,0x8003ACF6] -> 0x3335
[5615] [M]: 0x8003ACF4 (0x33358593) addi a1, a1, 819
x11 <- 0x33333333


mem[X,0x8003ACF8] -> 0x0213
mem[X,0x8003ACFA] -> 0x0000
[5616] [M]: 0x8003ACF8 (0x00000213) addi tp, zero, 0
x4 <- 0x00000000


mem[X,0x8003ACFC] -> 0x006F
mem[X,0x8003ACFE] -> 0x00C0
[5617] [M]: 0x8003ACFC (0x00C0006F) jal zero, 12


mem[X,0x8003AD08] -> 0x6663
mem[X,0x8003AD0A] -> 0x00B5
[5618] [M]: 0x8003AD08 (0x00B56663) bltu a0, a1, 12


mem[X,0x8003AD0C] -> 0x0213
mem[X,0x8003AD0E] -> 0x0022
[5619] [M]: 0x8003AD0C (0x00220213) addi tp, tp, 2
x4 <- 0x00000002


mem[X,0x8003AD10] -> 0x006F
mem[X,0x8003AD12] -> 0x00C0
[5620] [M]: 0x8003AD10 (0x00C0006F) jal zero, 12


mem[X,0x8003AD1C] -> 0xAC23
mem[X,0x8003AD1E] -> 0x0E40
[5621] [M]: 0x8003AD1C (0x0E40AC23) sw tp, 248(ra)
mem[0x8004BB6C] <- 0x00000002


mem[X,0x8003AD20] -> 0x3537
mem[X,0x8003AD22] -> 0x3333
[5622] [M]: 0x8003AD20 (0x33333537) lui a0, 209715
x10 <- 0x33333000


mem[X,0x8003AD24] -> 0x0513
mem[X,0x8003AD26] -> 0x3345
[5623] [M]: 0x8003AD24 (0x33450513) addi a0, a0, 820
x10 <- 0x33333334


mem[X,0x8003AD28] -> 0x65B7
mem[X,0x8003AD2A] -> 0x6666
[5624] [M]: 0x8003AD28 (0x666665B7) lui a1, 419430
x11 <- 0x66666000


mem[X,0x8003AD2C] -> 0x8593
mem[X,0x8003AD2E] -> 0x6665
[5625] [M]: 0x8003AD2C (0x66658593) addi a1, a1, 1638
x11 <- 0x66666666


mem[X,0x8003AD30] -> 0x0213
mem[X,0x8003AD32] -> 0x0000
[5626] [M]: 0x8003AD30 (0x00000213) addi tp, zero, 0
x4 <- 0x00000000


mem[X,0x8003AD34] -> 0x006F
mem[X,0x8003AD36] -> 0x00C0
[5627] [M]: 0x8003AD34 (0x00C0006F) jal zero, 12


mem[X,0x8003AD40] -> 0x6CE3
mem[X,0x8003AD42] -> 0xFEB5
[5628] [M]: 0x8003AD40 (0xFEB56CE3) bltu a0, a1, 8184


mem[X,0x8003AD38] -> 0x0213
mem[X,0x8003AD3A] -> 0x0012
[5629] [M]: 0x8003AD38 (0x00120213) addi tp, tp, 1
x4 <- 0x00000001


mem[X,0x8003AD3C] -> 0x006F
mem[X,0x8003AD3E] -> 0x0180
[5630] [M]: 0x8003AD3C (0x0180006F) jal zero, 24


mem[X,0x8003AD54] -> 0xAE23
mem[X,0x8003AD56] -> 0x0E40
[5631] [M]: 0x8003AD54 (0x0E40AE23) sw tp, 252(ra)
mem[0x8004BB70] <- 0x00000001


mem[X,0x8003AD58] -> 0x3537
mem[X,0x8003AD5A] -> 0x3333
[5632] [M]: 0x8003AD58 (0x33333537) lui a0, 209715
x10 <- 0x33333000


mem[X,0x8003AD5C] -> 0x0513
mem[X,0x8003AD5E] -> 0x3345
[5633] [M]: 0x8003AD5C (0x33450513) addi a0, a0, 820
x10 <- 0x33333334


mem[X,0x8003AD60] -> 0xB5B7
mem[X,0x8003AD62] -> 0x0000
[5634] [M]: 0x8003AD60 (0x0000B5B7) lui a1, 11
x11 <- 0x0000B000


mem[X,0x8003AD64] -> 0x8593
mem[X,0x8003AD66] -> 0x5045
[5635] [M]: 0x8003AD64 (0x50458593) addi a1, a1, 1284
x11 <- 0x0000B504


mem[X,0x8003AD68] -> 0x0213
mem[X,0x8003AD6A] -> 0x0000
[5636] [M]: 0x8003AD68 (0x00000213) addi tp, zero, 0
x4 <- 0x00000000


mem[X,0x8003AD6C] -> 0x006F
mem[X,0x8003AD6E] -> 0x00C0
[5637] [M]: 0x8003AD6C (0x00C0006F) jal zero, 12


mem[X,0x8003AD78] -> 0x6663
mem[X,0x8003AD7A] -> 0x00B5
[5638] [M]: 0x8003AD78 (0x00B56663) bltu a0, a1, 12


mem[X,0x8003AD7C] -> 0x0213
mem[X,0x8003AD7E] -> 0x0022
[5639] [M]: 0x8003AD7C (0x00220213) addi tp, tp, 2
x4 <- 0x00000002


mem[X,0x8003AD80] -> 0x006F
mem[X,0x8003AD82] -> 0x00C0
[5640] [M]: 0x8003AD80 (0x00C0006F) jal zero, 12


mem[X,0x8003AD8C] -> 0xA023
mem[X,0x8003AD8E] -> 0x1040
[5641] [M]: 0x8003AD8C (0x1040A023) sw tp, 256(ra)
mem[0x8004BB74] <- 0x00000002


mem[X,0x8003AD90] -> 0x3537
mem[X,0x8003AD92] -> 0x3333
[5642] [M]: 0x8003AD90 (0x33333537) lui a0, 209715
x10 <- 0x33333000


mem[X,0x8003AD94] -> 0x0513
mem[X,0x8003AD96] -> 0x3345
[5643] [M]: 0x8003AD94 (0x33450513) addi a0, a0, 820
x10 <- 0x33333334


mem[X,0x8003AD98] -> 0x0593
mem[X,0x8003AD9A] -> 0x0000
[5644] [M]: 0x8003AD98 (0x00000593) addi a1, zero, 0
x11 <- 0x00000000


mem[X,0x8003AD9C] -> 0x0213
mem[X,0x8003AD9E] -> 0x0000
[5645] [M]: 0x8003AD9C (0x00000213) addi tp, zero, 0
x4 <- 0x00000000


mem[X,0x8003ADA0] -> 0x006F
mem[X,0x8003ADA2] -> 0x00C0
[5646] [M]: 0x8003ADA0 (0x00C0006F) jal zero, 12


mem[X,0x8003ADAC] -> 0x6663
mem[X,0x8003ADAE] -> 0x00B5
[5647] [M]: 0x8003ADAC (0x00B56663) bltu a0, a1, 12


mem[X,0x8003ADB0] -> 0x0213
mem[X,0x8003ADB2] -> 0x0022
[5648] [M]: 0x8003ADB0 (0x00220213) addi tp, tp, 2
x4 <- 0x00000002


mem[X,0x8003ADB4] -> 0x006F
mem[X,0x8003ADB6] -> 0x00C0
[5649] [M]: 0x8003ADB4 (0x00C0006F) jal zero, 12


mem[X,0x8003ADC0] -> 0xA223
mem[X,0x8003ADC2] -> 0x1040
[5650] [M]: 0x8003ADC0 (0x1040A223) sw tp, 260(ra)
mem[0x8004BB78] <- 0x00000002


mem[X,0x8003ADC4] -> 0x3537
mem[X,0x8003ADC6] -> 0x3333
[5651] [M]: 0x8003ADC4 (0x33333537) lui a0, 209715
x10 <- 0x33333000


mem[X,0x8003ADC8] -> 0x0513
mem[X,0x8003ADCA] -> 0x3345
[5652] [M]: 0x8003ADC8 (0x33450513) addi a0, a0, 820
x10 <- 0x33333334


mem[X,0x8003ADCC] -> 0x05B7
mem[X,0x8003ADCE] -> 0x0001
[5653] [M]: 0x8003ADCC (0x000105B7) lui a1, 16
x11 <- 0x00010000


mem[X,0x8003ADD0] -> 0x8593
mem[X,0x8003ADD2] -> 0xFFF5
[5654] [M]: 0x8003ADD0 (0xFFF58593) addi a1, a1, 4095
x11 <- 0x0000FFFF


mem[X,0x8003ADD4] -> 0x0213
mem[X,0x8003ADD6] -> 0x0000
[5655] [M]: 0x8003ADD4 (0x00000213) addi tp, zero, 0
x4 <- 0x00000000


mem[X,0x8003ADD8] -> 0x006F
mem[X,0x8003ADDA] -> 0x00C0
[5656] [M]: 0x8003ADD8 (0x00C0006F) jal zero, 12


mem[X,0x8003ADE4] -> 0x6CE3
mem[X,0x8003ADE6] -> 0xFEB5
[5657] [M]: 0x8003ADE4 (0xFEB56CE3) bltu a0, a1, 8184


mem[X,0x8003ADE8] -> 0x0213
mem[X,0x8003ADEA] -> 0x0022
[5658] [M]: 0x8003ADE8 (0x00220213) addi tp, tp, 2
x4 <- 0x00000002


mem[X,0x8003ADEC] -> 0x006F
mem[X,0x8003ADEE] -> 0x00C0
[5659] [M]: 0x8003ADEC (0x00C0006F) jal zero, 12


mem[X,0x8003ADF8] -> 0xA423
mem[X,0x8003ADFA] -> 0x1040
[5660] [M]: 0x8003ADF8 (0x1040A423) sw tp, 264(ra)
mem[0x8004BB7C] <- 0x00000002


mem[X,0x8003ADFC] -> 0x3537
mem[X,0x8003ADFE] -> 0x3333
[5661] [M]: 0x8003ADFC (0x33333537) lui a0, 209715
x10 <- 0x33333000


mem[X,0x8003AE00] -> 0x0513
mem[X,0x8003AE02] -> 0x3345
[5662] [M]: 0x8003AE00 (0x33450513) addi a0, a0, 820
x10 <- 0x33333334


mem[X,0x8003AE04] -> 0x0593
mem[X,0x8003AE06] -> 0x0020
[5663] [M]: 0x8003AE04 (0x00200593) addi a1, zero, 2
x11 <- 0x00000002


mem[X,0x8003AE08] -> 0x0213
mem[X,0x8003AE0A] -> 0x0000
[5664] [M]: 0x8003AE08 (0x00000213) addi tp, zero, 0
x4 <- 0x00000000


mem[X,0x8003AE0C] -> 0x006F
mem[X,0x8003AE0E] -> 0x00C0
[5665] [M]: 0x8003AE0C (0x00C0006F) jal zero, 12


mem[X,0x8003AE18] -> 0x6063
mem[X,0x8003AE1A] -> 0x20B5
[5666] [M]: 0x8003AE18 (0x20B56063) bltu a0, a1, 512


mem[X,0x8003AE1C] -> 0x0213
mem[X,0x8003AE1E] -> 0x0022
[5667] [M]: 0x8003AE1C (0x00220213) addi tp, tp, 2
x4 <- 0x00000002


mem[X,0x8003AE20] -> 0x006F
mem[X,0x8003AE22] -> 0x2000
[5668] [M]: 0x8003AE20 (0x2000006F) jal zero, 512


mem[X,0x8003B020] -> 0xA623
mem[X,0x8003B022] -> 0x1040
[5669] [M]: 0x8003B020 (0x1040A623) sw tp, 268(ra)
mem[0x8004BB80] <- 0x00000002


mem[X,0x8003B024] -> 0x3537
mem[X,0x8003B026] -> 0x3333
[5670] [M]: 0x8003B024 (0x33333537) lui a0, 209715
x10 <- 0x33333000


mem[X,0x8003B028] -> 0x0513
mem[X,0x8003B02A] -> 0x3345
[5671] [M]: 0x8003B028 (0x33450513) addi a0, a0, 820
x10 <- 0x33333334


mem[X,0x8003B02C] -> 0x55B7
mem[X,0x8003B02E] -> 0x5555
[5672] [M]: 0x8003B02C (0x555555B7) lui a1, 349525
x11 <- 0x55555000


mem[X,0x8003B030] -> 0x8593
mem[X,0x8003B032] -> 0x5545
[5673] [M]: 0x8003B030 (0x55458593) addi a1, a1, 1364
x11 <- 0x55555554


mem[X,0x8003B034] -> 0x0213
mem[X,0x8003B036] -> 0x0000
[5674] [M]: 0x8003B034 (0x00000213) addi tp, zero, 0
x4 <- 0x00000000


mem[X,0x8003B038] -> 0x006F
mem[X,0x8003B03A] -> 0x00C0
[5675] [M]: 0x8003B038 (0x00C0006F) jal zero, 12


mem[X,0x8003B044] -> 0x6063
mem[X,0x8003B046] -> 0x20B5
[5676] [M]: 0x8003B044 (0x20B56063) bltu a0, a1, 512


mem[X,0x8003B244] -> 0x0213
mem[X,0x8003B246] -> 0x0032
[5677] [M]: 0x8003B244 (0x00320213) addi tp, tp, 3
x4 <- 0x00000003


mem[X,0x8003B248] -> 0x006F
mem[X,0x8003B24A] -> 0x0040
[5678] [M]: 0x8003B248 (0x0040006F) jal zero, 4


mem[X,0x8003B24C] -> 0xA823
mem[X,0x8003B24E] -> 0x1040
[5679] [M]: 0x8003B24C (0x1040A823) sw tp, 272(ra)
mem[0x8004BB84] <- 0x00000003


mem[X,0x8003B250] -> 0x3537
mem[X,0x8003B252] -> 0x3333
[5680] [M]: 0x8003B250 (0x33333537) lui a0, 209715
x10 <- 0x33333000


mem[X,0x8003B254] -> 0x0513
mem[X,0x8003B256] -> 0x3345
[5681] [M]: 0x8003B254 (0x33450513) addi a0, a0, 820
x10 <- 0x33333334


mem[X,0x8003B258] -> 0xB5B7
mem[X,0x8003B25A] -> 0xAAAA
[5682] [M]: 0x8003B258 (0xAAAAB5B7) lui a1, 699051
x11 <- 0xAAAAB000


mem[X,0x8003B25C] -> 0x8593
mem[X,0x8003B25E] -> 0xAA95
[5683] [M]: 0x8003B25C (0xAA958593) addi a1, a1, 2729
x11 <- 0xAAAAAAA9


mem[X,0x8003B260] -> 0x0213
mem[X,0x8003B262] -> 0x0000
[5684] [M]: 0x8003B260 (0x00000213) addi tp, zero, 0
x4 <- 0x00000000


mem[X,0x8003B264] -> 0x006F
mem[X,0x8003B266] -> 0x00C0
[5685] [M]: 0x8003B264 (0x00C0006F) jal zero, 12


mem[X,0x8003B270] -> 0x6063
mem[X,0x8003B272] -> 0x10B5
[5686] [M]: 0x8003B270 (0x10B56063) bltu a0, a1, 256


mem[X,0x8003B370] -> 0x0213
mem[X,0x8003B372] -> 0x0032
[5687] [M]: 0x8003B370 (0x00320213) addi tp, tp, 3
x4 <- 0x00000003


mem[X,0x8003B374] -> 0x006F
mem[X,0x8003B376] -> 0x0040
[5688] [M]: 0x8003B374 (0x0040006F) jal zero, 4


mem[X,0x8003B378] -> 0xAA23
mem[X,0x8003B37A] -> 0x1040
[5689] [M]: 0x8003B378 (0x1040AA23) sw tp, 276(ra)
mem[0x8004BB88] <- 0x00000003


mem[X,0x8003B37C] -> 0x3537
mem[X,0x8003B37E] -> 0x3333
[5690] [M]: 0x8003B37C (0x33333537) lui a0, 209715
x10 <- 0x33333000


mem[X,0x8003B380] -> 0x0513
mem[X,0x8003B382] -> 0x3345
[5691] [M]: 0x8003B380 (0x33450513) addi a0, a0, 820
x10 <- 0x33333334


mem[X,0x8003B384] -> 0x0593
mem[X,0x8003B386] -> 0x0040
[5692] [M]: 0x8003B384 (0x00400593) addi a1, zero, 4
x11 <- 0x00000004


mem[X,0x8003B388] -> 0x0213
mem[X,0x8003B38A] -> 0x0000
[5693] [M]: 0x8003B388 (0x00000213) addi tp, zero, 0
x4 <- 0x00000000


mem[X,0x8003B38C] -> 0x006F
mem[X,0x8003B38E] -> 0x00C0
[5694] [M]: 0x8003B38C (0x00C0006F) jal zero, 12


mem[X,0x8003B398] -> 0x6663
mem[X,0x8003B39A] -> 0x00B5
[5695] [M]: 0x8003B398 (0x00B56663) bltu a0, a1, 12


mem[X,0x8003B39C] -> 0x0213
mem[X,0x8003B39E] -> 0x0022
[5696] [M]: 0x8003B39C (0x00220213) addi tp, tp, 2
x4 <- 0x00000002


mem[X,0x8003B3A0] -> 0x006F
mem[X,0x8003B3A2] -> 0x00C0
[5697] [M]: 0x8003B3A0 (0x00C0006F) jal zero, 12


mem[X,0x8003B3AC] -> 0xAC23
mem[X,0x8003B3AE] -> 0x1040
[5698] [M]: 0x8003B3AC (0x1040AC23) sw tp, 280(ra)
mem[0x8004BB8C] <- 0x00000002


mem[X,0x8003B3B0] -> 0x3537
mem[X,0x8003B3B2] -> 0x3333
[5699] [M]: 0x8003B3B0 (0x33333537) lui a0, 209715
x10 <- 0x33333000


clint::tick mtime <- 0x0000000000000039
 clint timer pending at mtime 0x0000000000000039
htif::tick 0x0000000000000000
mem[X,0x8003B3B4] -> 0x0513
mem[X,0x8003B3B6] -> 0x3345
[5700] [M]: 0x8003B3B4 (0x33450513) addi a0, a0, 820
x10 <- 0x33333334


mem[X,0x8003B3B8] -> 0x35B7
mem[X,0x8003B3BA] -> 0x3333
[5701] [M]: 0x8003B3B8 (0x333335B7) lui a1, 209715
x11 <- 0x33333000


mem[X,0x8003B3BC] -> 0x8593
mem[X,0x8003B3BE] -> 0x3325
[5702] [M]: 0x8003B3BC (0x33258593) addi a1, a1, 818
x11 <- 0x33333332


mem[X,0x8003B3C0] -> 0x0213
mem[X,0x8003B3C2] -> 0x0000
[5703] [M]: 0x8003B3C0 (0x00000213) addi tp, zero, 0
x4 <- 0x00000000


mem[X,0x8003B3C4] -> 0x006F
mem[X,0x8003B3C6] -> 0x00C0
[5704] [M]: 0x8003B3C4 (0x00C0006F) jal zero, 12


mem[X,0x8003B3D0] -> 0x6CE3
mem[X,0x8003B3D2] -> 0xFEB5
[5705] [M]: 0x8003B3D0 (0xFEB56CE3) bltu a0, a1, 8184


mem[X,0x8003B3D4] -> 0x0213
mem[X,0x8003B3D6] -> 0x0022
[5706] [M]: 0x8003B3D4 (0x00220213) addi tp, tp, 2
x4 <- 0x00000002


mem[X,0x8003B3D8] -> 0x006F
mem[X,0x8003B3DA] -> 0x00C0
[5707] [M]: 0x8003B3D8 (0x00C0006F) jal zero, 12


mem[X,0x8003B3E4] -> 0xAE23
mem[X,0x8003B3E6] -> 0x1040
[5708] [M]: 0x8003B3E4 (0x1040AE23) sw tp, 284(ra)
mem[0x8004BB90] <- 0x00000002


mem[X,0x8003B3E8] -> 0x3537
mem[X,0x8003B3EA] -> 0x3333
[5709] [M]: 0x8003B3E8 (0x33333537) lui a0, 209715
x10 <- 0x33333000


mem[X,0x8003B3EC] -> 0x0513
mem[X,0x8003B3EE] -> 0x3345
[5710] [M]: 0x8003B3EC (0x33450513) addi a0, a0, 820
x10 <- 0x33333334


mem[X,0x8003B3F0] -> 0x65B7
mem[X,0x8003B3F2] -> 0x6666
[5711] [M]: 0x8003B3F0 (0x666665B7) lui a1, 419430
x11 <- 0x66666000


mem[X,0x8003B3F4] -> 0x8593
mem[X,0x8003B3F6] -> 0x6655
[5712] [M]: 0x8003B3F4 (0x66558593) addi a1, a1, 1637
x11 <- 0x66666665


mem[X,0x8003B3F8] -> 0x0213
mem[X,0x8003B3FA] -> 0x0000
[5713] [M]: 0x8003B3F8 (0x00000213) addi tp, zero, 0
x4 <- 0x00000000


mem[X,0x8003B3FC] -> 0x006F
mem[X,0x8003B3FE] -> 0x00C0
[5714] [M]: 0x8003B3FC (0x00C0006F) jal zero, 12


mem[X,0x8003B408] -> 0x6063
mem[X,0x8003B40A] -> 0x20B5
[5715] [M]: 0x8003B408 (0x20B56063) bltu a0, a1, 512


mem[X,0x8003B608] -> 0x0213
mem[X,0x8003B60A] -> 0x0032
[5716] [M]: 0x8003B608 (0x00320213) addi tp, tp, 3
x4 <- 0x00000003


mem[X,0x8003B60C] -> 0x006F
mem[X,0x8003B60E] -> 0x0040
[5717] [M]: 0x8003B60C (0x0040006F) jal zero, 4


mem[X,0x8003B610] -> 0xA023
mem[X,0x8003B612] -> 0x1240
[5718] [M]: 0x8003B610 (0x1240A023) sw tp, 288(ra)
mem[0x8004BB94] <- 0x00000003


mem[X,0x8003B614] -> 0x3537
mem[X,0x8003B616] -> 0x3333
[5719] [M]: 0x8003B614 (0x33333537) lui a0, 209715
x10 <- 0x33333000


mem[X,0x8003B618] -> 0x0513
mem[X,0x8003B61A] -> 0x3345
[5720] [M]: 0x8003B618 (0x33450513) addi a0, a0, 820
x10 <- 0x33333334


mem[X,0x8003B61C] -> 0xB5B7
mem[X,0x8003B61E] -> 0x0000
[5721] [M]: 0x8003B61C (0x0000B5B7) lui a1, 11
x11 <- 0x0000B000


mem[X,0x8003B620] -> 0x8593
mem[X,0x8003B622] -> 0x5035
[5722] [M]: 0x8003B620 (0x50358593) addi a1, a1, 1283
x11 <- 0x0000B503


mem[X,0x8003B624] -> 0x0213
mem[X,0x8003B626] -> 0x0000
[5723] [M]: 0x8003B624 (0x00000213) addi tp, zero, 0
x4 <- 0x00000000


mem[X,0x8003B628] -> 0x006F
mem[X,0x8003B62A] -> 0x00C0
[5724] [M]: 0x8003B628 (0x00C0006F) jal zero, 12


mem[X,0x8003B634] -> 0x6CE3
mem[X,0x8003B636] -> 0xFEB5
[5725] [M]: 0x8003B634 (0xFEB56CE3) bltu a0, a1, 8184


mem[X,0x8003B638] -> 0x0213
mem[X,0x8003B63A] -> 0x0022
[5726] [M]: 0x8003B638 (0x00220213) addi tp, tp, 2
x4 <- 0x00000002


mem[X,0x8003B63C] -> 0x006F
mem[X,0x8003B63E] -> 0x00C0
[5727] [M]: 0x8003B63C (0x00C0006F) jal zero, 12


mem[X,0x8003B648] -> 0xA223
mem[X,0x8003B64A] -> 0x1240
[5728] [M]: 0x8003B648 (0x1240A223) sw tp, 292(ra)
mem[0x8004BB98] <- 0x00000002


mem[X,0x8003B64C] -> 0x3537
mem[X,0x8003B64E] -> 0x3333
[5729] [M]: 0x8003B64C (0x33333537) lui a0, 209715
x10 <- 0x33333000


mem[X,0x8003B650] -> 0x0513
mem[X,0x8003B652] -> 0x3345
[5730] [M]: 0x8003B650 (0x33450513) addi a0, a0, 820
x10 <- 0x33333334


mem[X,0x8003B654] -> 0x05B7
mem[X,0x8003B656] -> 0x0001
[5731] [M]: 0x8003B654 (0x000105B7) lui a1, 16
x11 <- 0x00010000


mem[X,0x8003B658] -> 0x8593
mem[X,0x8003B65A] -> 0xFFE5
[5732] [M]: 0x8003B658 (0xFFE58593) addi a1, a1, 4094
x11 <- 0x0000FFFE


mem[X,0x8003B65C] -> 0x0213
mem[X,0x8003B65E] -> 0x0000
[5733] [M]: 0x8003B65C (0x00000213) addi tp, zero, 0
x4 <- 0x00000000


mem[X,0x8003B660] -> 0x006F
mem[X,0x8003B662] -> 0x00C0
[5734] [M]: 0x8003B660 (0x00C0006F) jal zero, 12


mem[X,0x8003B66C] -> 0x6CE3
mem[X,0x8003B66E] -> 0xFEB5
[5735] [M]: 0x8003B66C (0xFEB56CE3) bltu a0, a1, 8184


mem[X,0x8003B670] -> 0x0213
mem[X,0x8003B672] -> 0x0022
[5736] [M]: 0x8003B670 (0x00220213) addi tp, tp, 2
x4 <- 0x00000002


mem[X,0x8003B674] -> 0x006F
mem[X,0x8003B676] -> 0x00C0
[5737] [M]: 0x8003B674 (0x00C0006F) jal zero, 12


mem[X,0x8003B680] -> 0xA423
mem[X,0x8003B682] -> 0x1240
[5738] [M]: 0x8003B680 (0x1240A423) sw tp, 296(ra)
mem[0x8004BB9C] <- 0x00000002


mem[X,0x8003B684] -> 0x3537
mem[X,0x8003B686] -> 0x3333
[5739] [M]: 0x8003B684 (0x33333537) lui a0, 209715
x10 <- 0x33333000


mem[X,0x8003B688] -> 0x0513
mem[X,0x8003B68A] -> 0x3345
[5740] [M]: 0x8003B688 (0x33450513) addi a0, a0, 820
x10 <- 0x33333334


mem[X,0x8003B68C] -> 0x55B7
mem[X,0x8003B68E] -> 0x5555
[5741] [M]: 0x8003B68C (0x555555B7) lui a1, 349525
x11 <- 0x55555000


mem[X,0x8003B690] -> 0x8593
mem[X,0x8003B692] -> 0x5565
[5742] [M]: 0x8003B690 (0x55658593) addi a1, a1, 1366
x11 <- 0x55555556


mem[X,0x8003B694] -> 0x0213
mem[X,0x8003B696] -> 0x0000
[5743] [M]: 0x8003B694 (0x00000213) addi tp, zero, 0
x4 <- 0x00000000


mem[X,0x8003B698] -> 0x006F
mem[X,0x8003B69A] -> 0x00C0
[5744] [M]: 0x8003B698 (0x00C0006F) jal zero, 12


mem[X,0x8003B6A4] -> 0x6663
mem[X,0x8003B6A6] -> 0x00B5
[5745] [M]: 0x8003B6A4 (0x00B56663) bltu a0, a1, 12


mem[X,0x8003B6B0] -> 0x0213
mem[X,0x8003B6B2] -> 0x0032
[5746] [M]: 0x8003B6B0 (0x00320213) addi tp, tp, 3
x4 <- 0x00000003


mem[X,0x8003B6B4] -> 0x006F
mem[X,0x8003B6B6] -> 0x0040
[5747] [M]: 0x8003B6B4 (0x0040006F) jal zero, 4


mem[X,0x8003B6B8] -> 0xA623
mem[X,0x8003B6BA] -> 0x1240
[5748] [M]: 0x8003B6B8 (0x1240A623) sw tp, 300(ra)
mem[0x8004BBA0] <- 0x00000003


mem[X,0x8003B6BC] -> 0x3537
mem[X,0x8003B6BE] -> 0x3333
[5749] [M]: 0x8003B6BC (0x33333537) lui a0, 209715
x10 <- 0x33333000


mem[X,0x8003B6C0] -> 0x0513
mem[X,0x8003B6C2] -> 0x3345
[5750] [M]: 0x8003B6C0 (0x33450513) addi a0, a0, 820
x10 <- 0x33333334


mem[X,0x8003B6C4] -> 0xB5B7
mem[X,0x8003B6C6] -> 0xAAAA
[5751] [M]: 0x8003B6C4 (0xAAAAB5B7) lui a1, 699051
x11 <- 0xAAAAB000


mem[X,0x8003B6C8] -> 0x8593
mem[X,0x8003B6CA] -> 0xAAB5
[5752] [M]: 0x8003B6C8 (0xAAB58593) addi a1, a1, 2731
x11 <- 0xAAAAAAAB


mem[X,0x8003B6CC] -> 0x0213
mem[X,0x8003B6CE] -> 0x0000
[5753] [M]: 0x8003B6CC (0x00000213) addi tp, zero, 0
x4 <- 0x00000000


mem[X,0x8003B6D0] -> 0x006F
mem[X,0x8003B6D2] -> 0x0050
[5754] [M]: 0x8003B6D0 (0x0050006F) jal zero, 2052


mem[X,0x8003BED4] -> 0x60E3
mem[X,0x8003BED6] -> 0x80B5
[5755] [M]: 0x8003BED4 (0x80B560E3) bltu a0, a1, 6144


mem[X,0x8003B6D4] -> 0x0213
mem[X,0x8003B6D6] -> 0x0012
[5756] [M]: 0x8003B6D4 (0x00120213) addi tp, tp, 1
x4 <- 0x00000001


mem[X,0x8003B6D8] -> 0x006F
mem[X,0x8003B6DA] -> 0x0110
[5757] [M]: 0x8003B6D8 (0x0110006F) jal zero, 2064


mem[X,0x8003BEE8] -> 0xA823
mem[X,0x8003BEEA] -> 0x1240
[5758] [M]: 0x8003BEE8 (0x1240A823) sw tp, 304(ra)
mem[0x8004BBA4] <- 0x00000001


mem[X,0x8003BEEC] -> 0x3537
mem[X,0x8003BEEE] -> 0x3333
[5759] [M]: 0x8003BEEC (0x33333537) lui a0, 209715
x10 <- 0x33333000


mem[X,0x8003BEF0] -> 0x0513
mem[X,0x8003BEF2] -> 0x3345
[5760] [M]: 0x8003BEF0 (0x33450513) addi a0, a0, 820
x10 <- 0x33333334


mem[X,0x8003BEF4] -> 0x0593
mem[X,0x8003BEF6] -> 0x0060
[5761] [M]: 0x8003BEF4 (0x00600593) addi a1, zero, 6
x11 <- 0x00000006


mem[X,0x8003BEF8] -> 0x0213
mem[X,0x8003BEFA] -> 0x0000
[5762] [M]: 0x8003BEF8 (0x00000213) addi tp, zero, 0
x4 <- 0x00000000


mem[X,0x8003BEFC] -> 0x006F
mem[X,0x8003BEFE] -> 0x2B10
[5763] [M]: 0x8003BEFC (0x2B10006F) jal zero, 2736


mem[X,0x8003C9AC] -> 0x6A63
mem[X,0x8003C9AE] -> 0xD4B5
[5764] [M]: 0x8003C9AC (0xD4B56A63) bltu a0, a1, 5460


mem[X,0x8003C9B0] -> 0x0213
mem[X,0x8003C9B2] -> 0x0022
[5765] [M]: 0x8003C9B0 (0x00220213) addi tp, tp, 2
x4 <- 0x00000002


mem[X,0x8003C9B4] -> 0x006F
mem[X,0x8003C9B6] -> 0x00C0
[5766] [M]: 0x8003C9B4 (0x00C0006F) jal zero, 12


mem[X,0x8003C9C0] -> 0xAA23
mem[X,0x8003C9C2] -> 0x1240
[5767] [M]: 0x8003C9C0 (0x1240AA23) sw tp, 308(ra)
mem[0x8004BBA8] <- 0x00000002


mem[X,0x8003C9C4] -> 0x3537
mem[X,0x8003C9C6] -> 0x3333
[5768] [M]: 0x8003C9C4 (0x33333537) lui a0, 209715
x10 <- 0x33333000


mem[X,0x8003C9C8] -> 0x0513
mem[X,0x8003C9CA] -> 0x3345
[5769] [M]: 0x8003C9C8 (0x33450513) addi a0, a0, 820
x10 <- 0x33333334


mem[X,0x8003C9CC] -> 0x35B7
mem[X,0x8003C9CE] -> 0x3333
[5770] [M]: 0x8003C9CC (0x333335B7) lui a1, 209715
x11 <- 0x33333000


mem[X,0x8003C9D0] -> 0x8593
mem[X,0x8003C9D2] -> 0x3345
[5771] [M]: 0x8003C9D0 (0x33458593) addi a1, a1, 820
x11 <- 0x33333334


mem[X,0x8003C9D4] -> 0x0213
mem[X,0x8003C9D6] -> 0x0000
[5772] [M]: 0x8003C9D4 (0x00000213) addi tp, zero, 0
x4 <- 0x00000000


mem[X,0x8003C9D8] -> 0x006F
mem[X,0x8003C9DA] -> 0x00C0
[5773] [M]: 0x8003C9D8 (0x00C0006F) jal zero, 12


mem[X,0x8003C9E4] -> 0x6063
mem[X,0x8003C9E6] -> 0x02B5
[5774] [M]: 0x8003C9E4 (0x02B56063) bltu a0, a1, 32


mem[X,0x8003C9E8] -> 0x0213
mem[X,0x8003C9EA] -> 0x0022
[5775] [M]: 0x8003C9E8 (0x00220213) addi tp, tp, 2
x4 <- 0x00000002


mem[X,0x8003C9EC] -> 0x006F
mem[X,0x8003C9EE] -> 0x0200
[5776] [M]: 0x8003C9EC (0x0200006F) jal zero, 32


mem[X,0x8003CA0C] -> 0xAC23
mem[X,0x8003CA0E] -> 0x1240
[5777] [M]: 0x8003CA0C (0x1240AC23) sw tp, 312(ra)
mem[0x8004BBAC] <- 0x00000002


mem[X,0x8003CA10] -> 0x3537
mem[X,0x8003CA12] -> 0x3333
[5778] [M]: 0x8003CA10 (0x33333537) lui a0, 209715
x10 <- 0x33333000


mem[X,0x8003CA14] -> 0x0513
mem[X,0x8003CA16] -> 0x3345
[5779] [M]: 0x8003CA14 (0x33450513) addi a0, a0, 820
x10 <- 0x33333334


mem[X,0x8003CA18] -> 0x65B7
mem[X,0x8003CA1A] -> 0x6666
[5780] [M]: 0x8003CA18 (0x666665B7) lui a1, 419430
x11 <- 0x66666000


mem[X,0x8003CA1C] -> 0x8593
mem[X,0x8003CA1E] -> 0x6675
[5781] [M]: 0x8003CA1C (0x66758593) addi a1, a1, 1639
x11 <- 0x66666667


mem[X,0x8003CA20] -> 0x0213
mem[X,0x8003CA22] -> 0x0000
[5782] [M]: 0x8003CA20 (0x00000213) addi tp, zero, 0
x4 <- 0x00000000


mem[X,0x8003CA24] -> 0x006F
mem[X,0x8003CA26] -> 0x00C0
[5783] [M]: 0x8003CA24 (0x00C0006F) jal zero, 12


mem[X,0x8003CA30] -> 0x6CE3
mem[X,0x8003CA32] -> 0xFEB5
[5784] [M]: 0x8003CA30 (0xFEB56CE3) bltu a0, a1, 8184


mem[X,0x8003CA28] -> 0x0213
mem[X,0x8003CA2A] -> 0x0012
[5785] [M]: 0x8003CA28 (0x00120213) addi tp, tp, 1
x4 <- 0x00000001


mem[X,0x8003CA2C] -> 0x006F
mem[X,0x8003CA2E] -> 0x0180
[5786] [M]: 0x8003CA2C (0x0180006F) jal zero, 24


mem[X,0x8003CA44] -> 0xAE23
mem[X,0x8003CA46] -> 0x1240
[5787] [M]: 0x8003CA44 (0x1240AE23) sw tp, 316(ra)
mem[0x8004BBB0] <- 0x00000001


mem[X,0x8003CA48] -> 0x3537
mem[X,0x8003CA4A] -> 0x3333
[5788] [M]: 0x8003CA48 (0x33333537) lui a0, 209715
x10 <- 0x33333000


mem[X,0x8003CA4C] -> 0x0513
mem[X,0x8003CA4E] -> 0x3345
[5789] [M]: 0x8003CA4C (0x33450513) addi a0, a0, 820
x10 <- 0x33333334


mem[X,0x8003CA50] -> 0xB5B7
mem[X,0x8003CA52] -> 0x0000
[5790] [M]: 0x8003CA50 (0x0000B5B7) lui a1, 11
x11 <- 0x0000B000


mem[X,0x8003CA54] -> 0x8593
mem[X,0x8003CA56] -> 0x5055
[5791] [M]: 0x8003CA54 (0x50558593) addi a1, a1, 1285
x11 <- 0x0000B505


mem[X,0x8003CA58] -> 0x0213
mem[X,0x8003CA5A] -> 0x0000
[5792] [M]: 0x8003CA58 (0x00000213) addi tp, zero, 0
x4 <- 0x00000000


mem[X,0x8003CA5C] -> 0x006F
mem[X,0x8003CA5E] -> 0x00C0
[5793] [M]: 0x8003CA5C (0x00C0006F) jal zero, 12


mem[X,0x8003CA68] -> 0x6663
mem[X,0x8003CA6A] -> 0x00B5
[5794] [M]: 0x8003CA68 (0x00B56663) bltu a0, a1, 12


mem[X,0x8003CA6C] -> 0x0213
mem[X,0x8003CA6E] -> 0x0022
[5795] [M]: 0x8003CA6C (0x00220213) addi tp, tp, 2
x4 <- 0x00000002


mem[X,0x8003CA70] -> 0x006F
mem[X,0x8003CA72] -> 0x00C0
[5796] [M]: 0x8003CA70 (0x00C0006F) jal zero, 12


mem[X,0x8003CA7C] -> 0xA023
mem[X,0x8003CA7E] -> 0x1440
[5797] [M]: 0x8003CA7C (0x1440A023) sw tp, 320(ra)
mem[0x8004BBB4] <- 0x00000002


mem[X,0x8003CA80] -> 0x3537
mem[X,0x8003CA82] -> 0x3333
[5798] [M]: 0x8003CA80 (0x33333537) lui a0, 209715
x10 <- 0x33333000


mem[X,0x8003CA84] -> 0x0513
mem[X,0x8003CA86] -> 0x3345
[5799] [M]: 0x8003CA84 (0x33450513) addi a0, a0, 820
x10 <- 0x33333334


clint::tick mtime <- 0x000000000000003A
 clint timer pending at mtime 0x000000000000003A
htif::tick 0x0000000000000000
mem[X,0x8003CA88] -> 0x0593
mem[X,0x8003CA8A] -> 0x0010
[5800] [M]: 0x8003CA88 (0x00100593) addi a1, zero, 1
x11 <- 0x00000001


mem[X,0x8003CA8C] -> 0x0213
mem[X,0x8003CA8E] -> 0x0000
[5801] [M]: 0x8003CA8C (0x00000213) addi tp, zero, 0
x4 <- 0x00000000


mem[X,0x8003CA90] -> 0x006F
mem[X,0x8003CA92] -> 0x00C0
[5802] [M]: 0x8003CA90 (0x00C0006F) jal zero, 12


mem[X,0x8003CA9C] -> 0x6063
mem[X,0x8003CA9E] -> 0x02B5
[5803] [M]: 0x8003CA9C (0x02B56063) bltu a0, a1, 32


mem[X,0x8003CAA0] -> 0x0213
mem[X,0x8003CAA2] -> 0x0022
[5804] [M]: 0x8003CAA0 (0x00220213) addi tp, tp, 2
x4 <- 0x00000002


mem[X,0x8003CAA4] -> 0x006F
mem[X,0x8003CAA6] -> 0x0200
[5805] [M]: 0x8003CAA4 (0x0200006F) jal zero, 32


mem[X,0x8003CAC4] -> 0xA223
mem[X,0x8003CAC6] -> 0x1440
[5806] [M]: 0x8003CAC4 (0x1440A223) sw tp, 324(ra)
mem[0x8004BBB8] <- 0x00000002


mem[X,0x8003CAC8] -> 0x3537
mem[X,0x8003CACA] -> 0x3333
[5807] [M]: 0x8003CAC8 (0x33333537) lui a0, 209715
x10 <- 0x33333000


mem[X,0x8003CACC] -> 0x0513
mem[X,0x8003CACE] -> 0x3345
[5808] [M]: 0x8003CACC (0x33450513) addi a0, a0, 820
x10 <- 0x33333334


mem[X,0x8003CAD0] -> 0x05B7
mem[X,0x8003CAD2] -> 0x0001
[5809] [M]: 0x8003CAD0 (0x000105B7) lui a1, 16
x11 <- 0x00010000


mem[X,0x8003CAD4] -> 0x0213
mem[X,0x8003CAD6] -> 0x0000
[5810] [M]: 0x8003CAD4 (0x00000213) addi tp, zero, 0
x4 <- 0x00000000


mem[X,0x8003CAD8] -> 0x006F
mem[X,0x8003CADA] -> 0x00C0
[5811] [M]: 0x8003CAD8 (0x00C0006F) jal zero, 12


mem[X,0x8003CAE4] -> 0x6863
mem[X,0x8003CAE6] -> 0x00B5
[5812] [M]: 0x8003CAE4 (0x00B56863) bltu a0, a1, 16


mem[X,0x8003CAE8] -> 0x0213
mem[X,0x8003CAEA] -> 0x0022
[5813] [M]: 0x8003CAE8 (0x00220213) addi tp, tp, 2
x4 <- 0x00000002


mem[X,0x8003CAEC] -> 0x006F
mem[X,0x8003CAEE] -> 0x0100
[5814] [M]: 0x8003CAEC (0x0100006F) jal zero, 16


mem[X,0x8003CAFC] -> 0xA423
mem[X,0x8003CAFE] -> 0x1440
[5815] [M]: 0x8003CAFC (0x1440A423) sw tp, 328(ra)
mem[0x8004BBBC] <- 0x00000002


mem[X,0x8003CB00] -> 0x6537
mem[X,0x8003CB02] -> 0x6666
[5816] [M]: 0x8003CB00 (0x66666537) lui a0, 419430
x10 <- 0x66666000


mem[X,0x8003CB04] -> 0x0513
mem[X,0x8003CB06] -> 0x6675
[5817] [M]: 0x8003CB04 (0x66750513) addi a0, a0, 1639
x10 <- 0x66666667


mem[X,0x8003CB08] -> 0x0593
mem[X,0x8003CB0A] -> 0x0030
[5818] [M]: 0x8003CB08 (0x00300593) addi a1, zero, 3
x11 <- 0x00000003


mem[X,0x8003CB0C] -> 0x0213
mem[X,0x8003CB0E] -> 0x0000
[5819] [M]: 0x8003CB0C (0x00000213) addi tp, zero, 0
x4 <- 0x00000000


mem[X,0x8003CB10] -> 0x006F
mem[X,0x8003CB12] -> 0x00C0
[5820] [M]: 0x8003CB10 (0x00C0006F) jal zero, 12


mem[X,0x8003CB1C] -> 0x6CE3
mem[X,0x8003CB1E] -> 0xFEB5
[5821] [M]: 0x8003CB1C (0xFEB56CE3) bltu a0, a1, 8184


mem[X,0x8003CB20] -> 0x0213
mem[X,0x8003CB22] -> 0x0022
[5822] [M]: 0x8003CB20 (0x00220213) addi tp, tp, 2
x4 <- 0x00000002


mem[X,0x8003CB24] -> 0x006F
mem[X,0x8003CB26] -> 0x00C0
[5823] [M]: 0x8003CB24 (0x00C0006F) jal zero, 12


mem[X,0x8003CB30] -> 0xA623
mem[X,0x8003CB32] -> 0x1440
[5824] [M]: 0x8003CB30 (0x1440A623) sw tp, 332(ra)
mem[0x8004BBC0] <- 0x00000002


mem[X,0x8003CB34] -> 0x6537
mem[X,0x8003CB36] -> 0x6666
[5825] [M]: 0x8003CB34 (0x66666537) lui a0, 419430
x10 <- 0x66666000


mem[X,0x8003CB38] -> 0x0513
mem[X,0x8003CB3A] -> 0x6675
[5826] [M]: 0x8003CB38 (0x66750513) addi a0, a0, 1639
x10 <- 0x66666667


mem[X,0x8003CB3C] -> 0x55B7
mem[X,0x8003CB3E] -> 0x5555
[5827] [M]: 0x8003CB3C (0x555555B7) lui a1, 349525
x11 <- 0x55555000


mem[X,0x8003CB40] -> 0x8593
mem[X,0x8003CB42] -> 0x5555
[5828] [M]: 0x8003CB40 (0x55558593) addi a1, a1, 1365
x11 <- 0x55555555


mem[X,0x8003CB44] -> 0x0213
mem[X,0x8003CB46] -> 0x0000
[5829] [M]: 0x8003CB44 (0x00000213) addi tp, zero, 0
x4 <- 0x00000000


mem[X,0x8003CB48] -> 0x006F
mem[X,0x8003CB4A] -> 0x00C0
[5830] [M]: 0x8003CB48 (0x00C0006F) jal zero, 12


mem[X,0x8003CB54] -> 0x6063
mem[X,0x8003CB56] -> 0x04B5
[5831] [M]: 0x8003CB54 (0x04B56063) bltu a0, a1, 64


mem[X,0x8003CB58] -> 0x0213
mem[X,0x8003CB5A] -> 0x0022
[5832] [M]: 0x8003CB58 (0x00220213) addi tp, tp, 2
x4 <- 0x00000002


mem[X,0x8003CB5C] -> 0x006F
mem[X,0x8003CB5E] -> 0x0400
[5833] [M]: 0x8003CB5C (0x0400006F) jal zero, 64


mem[X,0x8003CB9C] -> 0xA823
mem[X,0x8003CB9E] -> 0x1440
[5834] [M]: 0x8003CB9C (0x1440A823) sw tp, 336(ra)
mem[0x8004BBC4] <- 0x00000002


mem[X,0x8003CBA0] -> 0x6537
mem[X,0x8003CBA2] -> 0x6666
[5835] [M]: 0x8003CBA0 (0x66666537) lui a0, 419430
x10 <- 0x66666000


mem[X,0x8003CBA4] -> 0x0513
mem[X,0x8003CBA6] -> 0x6675
[5836] [M]: 0x8003CBA4 (0x66750513) addi a0, a0, 1639
x10 <- 0x66666667


mem[X,0x8003CBA8] -> 0xB5B7
mem[X,0x8003CBAA] -> 0xAAAA
[5837] [M]: 0x8003CBA8 (0xAAAAB5B7) lui a1, 699051
x11 <- 0xAAAAB000


mem[X,0x8003CBAC] -> 0x8593
mem[X,0x8003CBAE] -> 0xAAA5
[5838] [M]: 0x8003CBAC (0xAAA58593) addi a1, a1, 2730
x11 <- 0xAAAAAAAA


mem[X,0x8003CBB0] -> 0x0213
mem[X,0x8003CBB2] -> 0x0000
[5839] [M]: 0x8003CBB0 (0x00000213) addi tp, zero, 0
x4 <- 0x00000000


mem[X,0x8003CBB4] -> 0x006F
mem[X,0x8003CBB6] -> 0x00C0
[5840] [M]: 0x8003CBB4 (0x00C0006F) jal zero, 12


mem[X,0x8003CBC0] -> 0x6063
mem[X,0x8003CBC2] -> 0x10B5
[5841] [M]: 0x8003CBC0 (0x10B56063) bltu a0, a1, 256


mem[X,0x8003CCC0] -> 0x0213
mem[X,0x8003CCC2] -> 0x0032
[5842] [M]: 0x8003CCC0 (0x00320213) addi tp, tp, 3
x4 <- 0x00000003


mem[X,0x8003CCC4] -> 0x006F
mem[X,0x8003CCC6] -> 0x0040
[5843] [M]: 0x8003CCC4 (0x0040006F) jal zero, 4


mem[X,0x8003CCC8] -> 0xAA23
mem[X,0x8003CCCA] -> 0x1440
[5844] [M]: 0x8003CCC8 (0x1440AA23) sw tp, 340(ra)
mem[0x8004BBC8] <- 0x00000003


mem[X,0x8003CCCC] -> 0x6537
mem[X,0x8003CCCE] -> 0x6666
[5845] [M]: 0x8003CCCC (0x66666537) lui a0, 419430
x10 <- 0x66666000


mem[X,0x8003CCD0] -> 0x0513
mem[X,0x8003CCD2] -> 0x6675
[5846] [M]: 0x8003CCD0 (0x66750513) addi a0, a0, 1639
x10 <- 0x66666667


mem[X,0x8003CCD4] -> 0x0593
mem[X,0x8003CCD6] -> 0x0050
[5847] [M]: 0x8003CCD4 (0x00500593) addi a1, zero, 5
x11 <- 0x00000005


mem[X,0x8003CCD8] -> 0x0213
mem[X,0x8003CCDA] -> 0x0000
[5848] [M]: 0x8003CCD8 (0x00000213) addi tp, zero, 0
x4 <- 0x00000000


mem[X,0x8003CCDC] -> 0x006F
mem[X,0x8003CCDE] -> 0x0050
[5849] [M]: 0x8003CCDC (0x0050006F) jal zero, 2052


mem[X,0x8003D4E0] -> 0x60E3
mem[X,0x8003D4E2] -> 0x80B5
[5850] [M]: 0x8003D4E0 (0x80B560E3) bltu a0, a1, 6144


mem[X,0x8003D4E4] -> 0x0213
mem[X,0x8003D4E6] -> 0x0022
[5851] [M]: 0x8003D4E4 (0x00220213) addi tp, tp, 2
x4 <- 0x00000002


mem[X,0x8003D4E8] -> 0x006F
mem[X,0x8003D4EA] -> 0x00C0
[5852] [M]: 0x8003D4E8 (0x00C0006F) jal zero, 12


mem[X,0x8003D4F4] -> 0xAC23
mem[X,0x8003D4F6] -> 0x1440
[5853] [M]: 0x8003D4F4 (0x1440AC23) sw tp, 344(ra)
mem[0x8004BBCC] <- 0x00000002


mem[X,0x8003D4F8] -> 0x6537
mem[X,0x8003D4FA] -> 0x6666
[5854] [M]: 0x8003D4F8 (0x66666537) lui a0, 419430
x10 <- 0x66666000


mem[X,0x8003D4FC] -> 0x0513
mem[X,0x8003D4FE] -> 0x6675
[5855] [M]: 0x8003D4FC (0x66750513) addi a0, a0, 1639
x10 <- 0x66666667


mem[X,0x8003D500] -> 0x35B7
mem[X,0x8003D502] -> 0x3333
[5856] [M]: 0x8003D500 (0x333335B7) lui a1, 209715
x11 <- 0x33333000


mem[X,0x8003D504] -> 0x8593
mem[X,0x8003D506] -> 0x3335
[5857] [M]: 0x8003D504 (0x33358593) addi a1, a1, 819
x11 <- 0x33333333


mem[X,0x8003D508] -> 0x0213
mem[X,0x8003D50A] -> 0x0000
[5858] [M]: 0x8003D508 (0x00000213) addi tp, zero, 0
x4 <- 0x00000000


mem[X,0x8003D50C] -> 0x006F
mem[X,0x8003D50E] -> 0x00C0
[5859] [M]: 0x8003D50C (0x00C0006F) jal zero, 12


mem[X,0x8003D518] -> 0x6663
mem[X,0x8003D51A] -> 0x00B5
[5860] [M]: 0x8003D518 (0x00B56663) bltu a0, a1, 12


mem[X,0x8003D51C] -> 0x0213
mem[X,0x8003D51E] -> 0x0022
[5861] [M]: 0x8003D51C (0x00220213) addi tp, tp, 2
x4 <- 0x00000002


mem[X,0x8003D520] -> 0x006F
mem[X,0x8003D522] -> 0x00C0
[5862] [M]: 0x8003D520 (0x00C0006F) jal zero, 12


mem[X,0x8003D52C] -> 0xAE23
mem[X,0x8003D52E] -> 0x1440
[5863] [M]: 0x8003D52C (0x1440AE23) sw tp, 348(ra)
mem[0x8004BBD0] <- 0x00000002


mem[X,0x8003D530] -> 0x6537
mem[X,0x8003D532] -> 0x6666
[5864] [M]: 0x8003D530 (0x66666537) lui a0, 419430
x10 <- 0x66666000


mem[X,0x8003D534] -> 0x0513
mem[X,0x8003D536] -> 0x6675
[5865] [M]: 0x8003D534 (0x66750513) addi a0, a0, 1639
x10 <- 0x66666667


mem[X,0x8003D538] -> 0x65B7
mem[X,0x8003D53A] -> 0x6666
[5866] [M]: 0x8003D538 (0x666665B7) lui a1, 419430
x11 <- 0x66666000


mem[X,0x8003D53C] -> 0x8593
mem[X,0x8003D53E] -> 0x6665
[5867] [M]: 0x8003D53C (0x66658593) addi a1, a1, 1638
x11 <- 0x66666666


mem[X,0x8003D540] -> 0x0213
mem[X,0x8003D542] -> 0x0000
[5868] [M]: 0x8003D540 (0x00000213) addi tp, zero, 0
x4 <- 0x00000000


mem[X,0x8003D544] -> 0x006F
mem[X,0x8003D546] -> 0x00C0
[5869] [M]: 0x8003D544 (0x00C0006F) jal zero, 12


mem[X,0x8003D550] -> 0x6663
mem[X,0x8003D552] -> 0x00B5
[5870] [M]: 0x8003D550 (0x00B56663) bltu a0, a1, 12


mem[X,0x8003D554] -> 0x0213
mem[X,0x8003D556] -> 0x0022
[5871] [M]: 0x8003D554 (0x00220213) addi tp, tp, 2
x4 <- 0x00000002


mem[X,0x8003D558] -> 0x006F
mem[X,0x8003D55A] -> 0x00C0
[5872] [M]: 0x8003D558 (0x00C0006F) jal zero, 12


mem[X,0x8003D564] -> 0xA023
mem[X,0x8003D566] -> 0x1640
[5873] [M]: 0x8003D564 (0x1640A023) sw tp, 352(ra)
mem[0x8004BBD4] <- 0x00000002


mem[X,0x8003D568] -> 0x6537
mem[X,0x8003D56A] -> 0x6666
[5874] [M]: 0x8003D568 (0x66666537) lui a0, 419430
x10 <- 0x66666000


mem[X,0x8003D56C] -> 0x0513
mem[X,0x8003D56E] -> 0x6675
[5875] [M]: 0x8003D56C (0x66750513) addi a0, a0, 1639
x10 <- 0x66666667


mem[X,0x8003D570] -> 0xB5B7
mem[X,0x8003D572] -> 0x0000
[5876] [M]: 0x8003D570 (0x0000B5B7) lui a1, 11
x11 <- 0x0000B000


mem[X,0x8003D574] -> 0x8593
mem[X,0x8003D576] -> 0x5045
[5877] [M]: 0x8003D574 (0x50458593) addi a1, a1, 1284
x11 <- 0x0000B504


mem[X,0x8003D578] -> 0x0213
mem[X,0x8003D57A] -> 0x0000
[5878] [M]: 0x8003D578 (0x00000213) addi tp, zero, 0
x4 <- 0x00000000


mem[X,0x8003D57C] -> 0x006F
mem[X,0x8003D57E] -> 0x00C0
[5879] [M]: 0x8003D57C (0x00C0006F) jal zero, 12


mem[X,0x8003D588] -> 0x6063
mem[X,0x8003D58A] -> 0x08B5
[5880] [M]: 0x8003D588 (0x08B56063) bltu a0, a1, 128


mem[X,0x8003D58C] -> 0x0213
mem[X,0x8003D58E] -> 0x0022
[5881] [M]: 0x8003D58C (0x00220213) addi tp, tp, 2
x4 <- 0x00000002


mem[X,0x8003D590] -> 0x006F
mem[X,0x8003D592] -> 0x0800
[5882] [M]: 0x8003D590 (0x0800006F) jal zero, 128


mem[X,0x8003D610] -> 0xA223
mem[X,0x8003D612] -> 0x1640
[5883] [M]: 0x8003D610 (0x1640A223) sw tp, 356(ra)
mem[0x8004BBD8] <- 0x00000002


mem[X,0x8003D614] -> 0x6537
mem[X,0x8003D616] -> 0x6666
[5884] [M]: 0x8003D614 (0x66666537) lui a0, 419430
x10 <- 0x66666000


mem[X,0x8003D618] -> 0x0513
mem[X,0x8003D61A] -> 0x6675
[5885] [M]: 0x8003D618 (0x66750513) addi a0, a0, 1639
x10 <- 0x66666667


mem[X,0x8003D61C] -> 0x0593
mem[X,0x8003D61E] -> 0x0000
[5886] [M]: 0x8003D61C (0x00000593) addi a1, zero, 0
x11 <- 0x00000000


mem[X,0x8003D620] -> 0x0213
mem[X,0x8003D622] -> 0x0000
[5887] [M]: 0x8003D620 (0x00000213) addi tp, zero, 0
x4 <- 0x00000000


mem[X,0x8003D624] -> 0x006F
mem[X,0x8003D626] -> 0x0050
[5888] [M]: 0x8003D624 (0x0050006F) jal zero, 2052


mem[X,0x8003DE28] -> 0x60E3
mem[X,0x8003DE2A] -> 0x80B5
[5889] [M]: 0x8003DE28 (0x80B560E3) bltu a0, a1, 6144


mem[X,0x8003DE2C] -> 0x0213
mem[X,0x8003DE2E] -> 0x0022
[5890] [M]: 0x8003DE2C (0x00220213) addi tp, tp, 2
x4 <- 0x00000002


mem[X,0x8003DE30] -> 0x006F
mem[X,0x8003DE32] -> 0x00C0
[5891] [M]: 0x8003DE30 (0x00C0006F) jal zero, 12


mem[X,0x8003DE3C] -> 0xA423
mem[X,0x8003DE3E] -> 0x1640
[5892] [M]: 0x8003DE3C (0x1640A423) sw tp, 360(ra)
mem[0x8004BBDC] <- 0x00000002


mem[X,0x8003DE40] -> 0x6537
mem[X,0x8003DE42] -> 0x6666
[5893] [M]: 0x8003DE40 (0x66666537) lui a0, 419430
x10 <- 0x66666000


mem[X,0x8003DE44] -> 0x0513
mem[X,0x8003DE46] -> 0x6675
[5894] [M]: 0x8003DE44 (0x66750513) addi a0, a0, 1639
x10 <- 0x66666667


mem[X,0x8003DE48] -> 0x05B7
mem[X,0x8003DE4A] -> 0x0001
[5895] [M]: 0x8003DE48 (0x000105B7) lui a1, 16
x11 <- 0x00010000


mem[X,0x8003DE4C] -> 0x8593
mem[X,0x8003DE4E] -> 0xFFF5
[5896] [M]: 0x8003DE4C (0xFFF58593) addi a1, a1, 4095
x11 <- 0x0000FFFF


mem[X,0x8003DE50] -> 0x0213
mem[X,0x8003DE52] -> 0x0000
[5897] [M]: 0x8003DE50 (0x00000213) addi tp, zero, 0
x4 <- 0x00000000


mem[X,0x8003DE54] -> 0x006F
mem[X,0x8003DE56] -> 0x00C0
[5898] [M]: 0x8003DE54 (0x00C0006F) jal zero, 12


mem[X,0x8003DE60] -> 0x6863
mem[X,0x8003DE62] -> 0x00B5
[5899] [M]: 0x8003DE60 (0x00B56863) bltu a0, a1, 16


clint::tick mtime <- 0x000000000000003B
 clint timer pending at mtime 0x000000000000003B
htif::tick 0x0000000000000000
mem[X,0x8003DE64] -> 0x0213
mem[X,0x8003DE66] -> 0x0022
[5900] [M]: 0x8003DE64 (0x00220213) addi tp, tp, 2
x4 <- 0x00000002


mem[X,0x8003DE68] -> 0x006F
mem[X,0x8003DE6A] -> 0x0100
[5901] [M]: 0x8003DE68 (0x0100006F) jal zero, 16


mem[X,0x8003DE78] -> 0xA623
mem[X,0x8003DE7A] -> 0x1640
[5902] [M]: 0x8003DE78 (0x1640A623) sw tp, 364(ra)
mem[0x8004BBE0] <- 0x00000002


mem[X,0x8003DE7C] -> 0x6537
mem[X,0x8003DE7E] -> 0x6666
[5903] [M]: 0x8003DE7C (0x66666537) lui a0, 419430
x10 <- 0x66666000


mem[X,0x8003DE80] -> 0x0513
mem[X,0x8003DE82] -> 0x6675
[5904] [M]: 0x8003DE80 (0x66750513) addi a0, a0, 1639
x10 <- 0x66666667


mem[X,0x8003DE84] -> 0x0593
mem[X,0x8003DE86] -> 0x0020
[5905] [M]: 0x8003DE84 (0x00200593) addi a1, zero, 2
x11 <- 0x00000002


mem[X,0x8003DE88] -> 0x0213
mem[X,0x8003DE8A] -> 0x0000
[5906] [M]: 0x8003DE88 (0x00000213) addi tp, zero, 0
x4 <- 0x00000000


mem[X,0x8003DE8C] -> 0x006F
mem[X,0x8003DE8E] -> 0x00C0
[5907] [M]: 0x8003DE8C (0x00C0006F) jal zero, 12


mem[X,0x8003DE98] -> 0x6663
mem[X,0x8003DE9A] -> 0x00B5
[5908] [M]: 0x8003DE98 (0x00B56663) bltu a0, a1, 12


mem[X,0x8003DE9C] -> 0x0213
mem[X,0x8003DE9E] -> 0x0022
[5909] [M]: 0x8003DE9C (0x00220213) addi tp, tp, 2
x4 <- 0x00000002


mem[X,0x8003DEA0] -> 0x006F
mem[X,0x8003DEA2] -> 0x00C0
[5910] [M]: 0x8003DEA0 (0x00C0006F) jal zero, 12


mem[X,0x8003DEAC] -> 0xA823
mem[X,0x8003DEAE] -> 0x1640
[5911] [M]: 0x8003DEAC (0x1640A823) sw tp, 368(ra)
mem[0x8004BBE4] <- 0x00000002


mem[X,0x8003DEB0] -> 0x6537
mem[X,0x8003DEB2] -> 0x6666
[5912] [M]: 0x8003DEB0 (0x66666537) lui a0, 419430
x10 <- 0x66666000


mem[X,0x8003DEB4] -> 0x0513
mem[X,0x8003DEB6] -> 0x6675
[5913] [M]: 0x8003DEB4 (0x66750513) addi a0, a0, 1639
x10 <- 0x66666667


mem[X,0x8003DEB8] -> 0x55B7
mem[X,0x8003DEBA] -> 0x5555
[5914] [M]: 0x8003DEB8 (0x555555B7) lui a1, 349525
x11 <- 0x55555000


mem[X,0x8003DEBC] -> 0x8593
mem[X,0x8003DEBE] -> 0x5545
[5915] [M]: 0x8003DEBC (0x55458593) addi a1, a1, 1364
x11 <- 0x55555554


mem[X,0x8003DEC0] -> 0x0213
mem[X,0x8003DEC2] -> 0x0000
[5916] [M]: 0x8003DEC0 (0x00000213) addi tp, zero, 0
x4 <- 0x00000000


mem[X,0x8003DEC4] -> 0x006F
mem[X,0x8003DEC6] -> 0x00C0
[5917] [M]: 0x8003DEC4 (0x00C0006F) jal zero, 12


mem[X,0x8003DED0] -> 0x6663
mem[X,0x8003DED2] -> 0x00B5
[5918] [M]: 0x8003DED0 (0x00B56663) bltu a0, a1, 12


mem[X,0x8003DED4] -> 0x0213
mem[X,0x8003DED6] -> 0x0022
[5919] [M]: 0x8003DED4 (0x00220213) addi tp, tp, 2
x4 <- 0x00000002


mem[X,0x8003DED8] -> 0x006F
mem[X,0x8003DEDA] -> 0x00C0
[5920] [M]: 0x8003DED8 (0x00C0006F) jal zero, 12


mem[X,0x8003DEE4] -> 0xAA23
mem[X,0x8003DEE6] -> 0x1640
[5921] [M]: 0x8003DEE4 (0x1640AA23) sw tp, 372(ra)
mem[0x8004BBE8] <- 0x00000002


mem[X,0x8003DEE8] -> 0x6537
mem[X,0x8003DEEA] -> 0x6666
[5922] [M]: 0x8003DEE8 (0x66666537) lui a0, 419430
x10 <- 0x66666000


mem[X,0x8003DEEC] -> 0x0513
mem[X,0x8003DEEE] -> 0x6675
[5923] [M]: 0x8003DEEC (0x66750513) addi a0, a0, 1639
x10 <- 0x66666667


mem[X,0x8003DEF0] -> 0xB5B7
mem[X,0x8003DEF2] -> 0xAAAA
[5924] [M]: 0x8003DEF0 (0xAAAAB5B7) lui a1, 699051
x11 <- 0xAAAAB000


mem[X,0x8003DEF4] -> 0x8593
mem[X,0x8003DEF6] -> 0xAA95
[5925] [M]: 0x8003DEF4 (0xAA958593) addi a1, a1, 2729
x11 <- 0xAAAAAAA9


mem[X,0x8003DEF8] -> 0x0213
mem[X,0x8003DEFA] -> 0x0000
[5926] [M]: 0x8003DEF8 (0x00000213) addi tp, zero, 0
x4 <- 0x00000000


mem[X,0x8003DEFC] -> 0x006F
mem[X,0x8003DEFE] -> 0x00C0
[5927] [M]: 0x8003DEFC (0x00C0006F) jal zero, 12


mem[X,0x8003DF08] -> 0x6063
mem[X,0x8003DF0A] -> 0x04B5
[5928] [M]: 0x8003DF08 (0x04B56063) bltu a0, a1, 64


mem[X,0x8003DF48] -> 0x0213
mem[X,0x8003DF4A] -> 0x0032
[5929] [M]: 0x8003DF48 (0x00320213) addi tp, tp, 3
x4 <- 0x00000003


mem[X,0x8003DF4C] -> 0x006F
mem[X,0x8003DF4E] -> 0x0040
[5930] [M]: 0x8003DF4C (0x0040006F) jal zero, 4


mem[X,0x8003DF50] -> 0xAC23
mem[X,0x8003DF52] -> 0x1640
[5931] [M]: 0x8003DF50 (0x1640AC23) sw tp, 376(ra)
mem[0x8004BBEC] <- 0x00000003


mem[X,0x8003DF54] -> 0x6537
mem[X,0x8003DF56] -> 0x6666
[5932] [M]: 0x8003DF54 (0x66666537) lui a0, 419430
x10 <- 0x66666000


mem[X,0x8003DF58] -> 0x0513
mem[X,0x8003DF5A] -> 0x6675
[5933] [M]: 0x8003DF58 (0x66750513) addi a0, a0, 1639
x10 <- 0x66666667


mem[X,0x8003DF5C] -> 0x0593
mem[X,0x8003DF5E] -> 0x0040
[5934] [M]: 0x8003DF5C (0x00400593) addi a1, zero, 4
x11 <- 0x00000004


mem[X,0x8003DF60] -> 0x0213
mem[X,0x8003DF62] -> 0x0000
[5935] [M]: 0x8003DF60 (0x00000213) addi tp, zero, 0
x4 <- 0x00000000


mem[X,0x8003DF64] -> 0x006F
mem[X,0x8003DF66] -> 0x2B10
[5936] [M]: 0x8003DF64 (0x2B10006F) jal zero, 2736


mem[X,0x8003EA14] -> 0x6A63
mem[X,0x8003EA16] -> 0xD4B5
[5937] [M]: 0x8003EA14 (0xD4B56A63) bltu a0, a1, 5460


mem[X,0x8003EA18] -> 0x0213
mem[X,0x8003EA1A] -> 0x0022
[5938] [M]: 0x8003EA18 (0x00220213) addi tp, tp, 2
x4 <- 0x00000002


mem[X,0x8003EA1C] -> 0x006F
mem[X,0x8003EA1E] -> 0x00C0
[5939] [M]: 0x8003EA1C (0x00C0006F) jal zero, 12


mem[X,0x8003EA28] -> 0xAE23
mem[X,0x8003EA2A] -> 0x1640
[5940] [M]: 0x8003EA28 (0x1640AE23) sw tp, 380(ra)
mem[0x8004BBF0] <- 0x00000002


mem[X,0x8003EA2C] -> 0x6537
mem[X,0x8003EA2E] -> 0x6666
[5941] [M]: 0x8003EA2C (0x66666537) lui a0, 419430
x10 <- 0x66666000


mem[X,0x8003EA30] -> 0x0513
mem[X,0x8003EA32] -> 0x6675
[5942] [M]: 0x8003EA30 (0x66750513) addi a0, a0, 1639
x10 <- 0x66666667


mem[X,0x8003EA34] -> 0x35B7
mem[X,0x8003EA36] -> 0x3333
[5943] [M]: 0x8003EA34 (0x333335B7) lui a1, 209715
x11 <- 0x33333000


mem[X,0x8003EA38] -> 0x8593
mem[X,0x8003EA3A] -> 0x3325
[5944] [M]: 0x8003EA38 (0x33258593) addi a1, a1, 818
x11 <- 0x33333332


mem[X,0x8003EA3C] -> 0x0213
mem[X,0x8003EA3E] -> 0x0000
[5945] [M]: 0x8003EA3C (0x00000213) addi tp, zero, 0
x4 <- 0x00000000


mem[X,0x8003EA40] -> 0x006F
mem[X,0x8003EA42] -> 0x00C0
[5946] [M]: 0x8003EA40 (0x00C0006F) jal zero, 12


mem[X,0x8003EA4C] -> 0x6663
mem[X,0x8003EA4E] -> 0x00B5
[5947] [M]: 0x8003EA4C (0x00B56663) bltu a0, a1, 12


mem[X,0x8003EA50] -> 0x0213
mem[X,0x8003EA52] -> 0x0022
[5948] [M]: 0x8003EA50 (0x00220213) addi tp, tp, 2
x4 <- 0x00000002


mem[X,0x8003EA54] -> 0x006F
mem[X,0x8003EA56] -> 0x00C0
[5949] [M]: 0x8003EA54 (0x00C0006F) jal zero, 12


mem[X,0x8003EA60] -> 0xA023
mem[X,0x8003EA62] -> 0x1840
[5950] [M]: 0x8003EA60 (0x1840A023) sw tp, 384(ra)
mem[0x8004BBF4] <- 0x00000002


mem[X,0x8003EA64] -> 0x6537
mem[X,0x8003EA66] -> 0x6666
[5951] [M]: 0x8003EA64 (0x66666537) lui a0, 419430
x10 <- 0x66666000


mem[X,0x8003EA68] -> 0x0513
mem[X,0x8003EA6A] -> 0x6675
[5952] [M]: 0x8003EA68 (0x66750513) addi a0, a0, 1639
x10 <- 0x66666667


mem[X,0x8003EA6C] -> 0x65B7
mem[X,0x8003EA6E] -> 0x6666
[5953] [M]: 0x8003EA6C (0x666665B7) lui a1, 419430
x11 <- 0x66666000


mem[X,0x8003EA70] -> 0x8593
mem[X,0x8003EA72] -> 0x6655
[5954] [M]: 0x8003EA70 (0x66558593) addi a1, a1, 1637
x11 <- 0x66666665


mem[X,0x8003EA74] -> 0x0213
mem[X,0x8003EA76] -> 0x0000
[5955] [M]: 0x8003EA74 (0x00000213) addi tp, zero, 0
x4 <- 0x00000000


mem[X,0x8003EA78] -> 0x006F
mem[X,0x8003EA7A] -> 0x0100
[5956] [M]: 0x8003EA78 (0x0100006F) jal zero, 16


mem[X,0x8003EA88] -> 0x6AE3
mem[X,0x8003EA8A] -> 0xFEB5
[5957] [M]: 0x8003EA88 (0xFEB56AE3) bltu a0, a1, 8180


mem[X,0x8003EA8C] -> 0x0213
mem[X,0x8003EA8E] -> 0x0022
[5958] [M]: 0x8003EA8C (0x00220213) addi tp, tp, 2
x4 <- 0x00000002


mem[X,0x8003EA90] -> 0x006F
mem[X,0x8003EA92] -> 0x00C0
[5959] [M]: 0x8003EA90 (0x00C0006F) jal zero, 12


mem[X,0x8003EA9C] -> 0xA223
mem[X,0x8003EA9E] -> 0x1840
[5960] [M]: 0x8003EA9C (0x1840A223) sw tp, 388(ra)
mem[0x8004BBF8] <- 0x00000002


mem[X,0x8003EAA0] -> 0x6537
mem[X,0x8003EAA2] -> 0x6666
[5961] [M]: 0x8003EAA0 (0x66666537) lui a0, 419430
x10 <- 0x66666000


mem[X,0x8003EAA4] -> 0x0513
mem[X,0x8003EAA6] -> 0x6675
[5962] [M]: 0x8003EAA4 (0x66750513) addi a0, a0, 1639
x10 <- 0x66666667


mem[X,0x8003EAA8] -> 0xB5B7
mem[X,0x8003EAAA] -> 0x0000
[5963] [M]: 0x8003EAA8 (0x0000B5B7) lui a1, 11
x11 <- 0x0000B000


mem[X,0x8003EAAC] -> 0x8593
mem[X,0x8003EAAE] -> 0x5035
[5964] [M]: 0x8003EAAC (0x50358593) addi a1, a1, 1283
x11 <- 0x0000B503


mem[X,0x8003EAB0] -> 0x0213
mem[X,0x8003EAB2] -> 0x0000
[5965] [M]: 0x8003EAB0 (0x00000213) addi tp, zero, 0
x4 <- 0x00000000


mem[X,0x8003EAB4] -> 0x006F
mem[X,0x8003EAB6] -> 0x00C0
[5966] [M]: 0x8003EAB4 (0x00C0006F) jal zero, 12


mem[X,0x8003EAC0] -> 0x6063
mem[X,0x8003EAC2] -> 0x10B5
[5967] [M]: 0x8003EAC0 (0x10B56063) bltu a0, a1, 256


mem[X,0x8003EAC4] -> 0x0213
mem[X,0x8003EAC6] -> 0x0022
[5968] [M]: 0x8003EAC4 (0x00220213) addi tp, tp, 2
x4 <- 0x00000002


mem[X,0x8003EAC8] -> 0x006F
mem[X,0x8003EACA] -> 0x1000
[5969] [M]: 0x8003EAC8 (0x1000006F) jal zero, 256


mem[X,0x8003EBC8] -> 0xA423
mem[X,0x8003EBCA] -> 0x1840
[5970] [M]: 0x8003EBC8 (0x1840A423) sw tp, 392(ra)
mem[0x8004BBFC] <- 0x00000002


mem[X,0x8003EBCC] -> 0x6537
mem[X,0x8003EBCE] -> 0x6666
[5971] [M]: 0x8003EBCC (0x66666537) lui a0, 419430
x10 <- 0x66666000


mem[X,0x8003EBD0] -> 0x0513
mem[X,0x8003EBD2] -> 0x6675
[5972] [M]: 0x8003EBD0 (0x66750513) addi a0, a0, 1639
x10 <- 0x66666667


mem[X,0x8003EBD4] -> 0x05B7
mem[X,0x8003EBD6] -> 0x0001
[5973] [M]: 0x8003EBD4 (0x000105B7) lui a1, 16
x11 <- 0x00010000


mem[X,0x8003EBD8] -> 0x8593
mem[X,0x8003EBDA] -> 0xFFE5
[5974] [M]: 0x8003EBD8 (0xFFE58593) addi a1, a1, 4094
x11 <- 0x0000FFFE


mem[X,0x8003EBDC] -> 0x0213
mem[X,0x8003EBDE] -> 0x0000
[5975] [M]: 0x8003EBDC (0x00000213) addi tp, zero, 0
x4 <- 0x00000000


mem[X,0x8003EBE0] -> 0x006F
mem[X,0x8003EBE2] -> 0x00C0
[5976] [M]: 0x8003EBE0 (0x00C0006F) jal zero, 12


mem[X,0x8003EBEC] -> 0x6863
mem[X,0x8003EBEE] -> 0x00B5
[5977] [M]: 0x8003EBEC (0x00B56863) bltu a0, a1, 16


mem[X,0x8003EBF0] -> 0x0213
mem[X,0x8003EBF2] -> 0x0022
[5978] [M]: 0x8003EBF0 (0x00220213) addi tp, tp, 2
x4 <- 0x00000002


mem[X,0x8003EBF4] -> 0x006F
mem[X,0x8003EBF6] -> 0x0100
[5979] [M]: 0x8003EBF4 (0x0100006F) jal zero, 16


mem[X,0x8003EC04] -> 0xA623
mem[X,0x8003EC06] -> 0x1840
[5980] [M]: 0x8003EC04 (0x1840A623) sw tp, 396(ra)
mem[0x8004BC00] <- 0x00000002


mem[X,0x8003EC08] -> 0x6537
mem[X,0x8003EC0A] -> 0x6666
[5981] [M]: 0x8003EC08 (0x66666537) lui a0, 419430
x10 <- 0x66666000


mem[X,0x8003EC0C] -> 0x0513
mem[X,0x8003EC0E] -> 0x6675
[5982] [M]: 0x8003EC0C (0x66750513) addi a0, a0, 1639
x10 <- 0x66666667


mem[X,0x8003EC10] -> 0x55B7
mem[X,0x8003EC12] -> 0x5555
[5983] [M]: 0x8003EC10 (0x555555B7) lui a1, 349525
x11 <- 0x55555000


mem[X,0x8003EC14] -> 0x8593
mem[X,0x8003EC16] -> 0x5565
[5984] [M]: 0x8003EC14 (0x55658593) addi a1, a1, 1366
x11 <- 0x55555556


mem[X,0x8003EC18] -> 0x0213
mem[X,0x8003EC1A] -> 0x0000
[5985] [M]: 0x8003EC18 (0x00000213) addi tp, zero, 0
x4 <- 0x00000000


mem[X,0x8003EC1C] -> 0x006F
mem[X,0x8003EC1E] -> 0x00C0
[5986] [M]: 0x8003EC1C (0x00C0006F) jal zero, 12


mem[X,0x8003EC28] -> 0x6663
mem[X,0x8003EC2A] -> 0x00B5
[5987] [M]: 0x8003EC28 (0x00B56663) bltu a0, a1, 12


mem[X,0x8003EC2C] -> 0x0213
mem[X,0x8003EC2E] -> 0x0022
[5988] [M]: 0x8003EC2C (0x00220213) addi tp, tp, 2
x4 <- 0x00000002


mem[X,0x8003EC30] -> 0x006F
mem[X,0x8003EC32] -> 0x00C0
[5989] [M]: 0x8003EC30 (0x00C0006F) jal zero, 12


mem[X,0x8003EC3C] -> 0xA823
mem[X,0x8003EC3E] -> 0x1840
[5990] [M]: 0x8003EC3C (0x1840A823) sw tp, 400(ra)
mem[0x8004BC04] <- 0x00000002


mem[X,0x8003EC40] -> 0x6537
mem[X,0x8003EC42] -> 0x6666
[5991] [M]: 0x8003EC40 (0x66666537) lui a0, 419430
x10 <- 0x66666000


mem[X,0x8003EC44] -> 0x0513
mem[X,0x8003EC46] -> 0x6675
[5992] [M]: 0x8003EC44 (0x66750513) addi a0, a0, 1639
x10 <- 0x66666667


mem[X,0x8003EC48] -> 0xB5B7
mem[X,0x8003EC4A] -> 0xAAAA
[5993] [M]: 0x8003EC48 (0xAAAAB5B7) lui a1, 699051
x11 <- 0xAAAAB000


mem[X,0x8003EC4C] -> 0x8593
mem[X,0x8003EC4E] -> 0xAAB5
[5994] [M]: 0x8003EC4C (0xAAB58593) addi a1, a1, 2731
x11 <- 0xAAAAAAAB


mem[X,0x8003EC50] -> 0x0213
mem[X,0x8003EC52] -> 0x0000
[5995] [M]: 0x8003EC50 (0x00000213) addi tp, zero, 0
x4 <- 0x00000000


mem[X,0x8003EC54] -> 0x006F
mem[X,0x8003EC56] -> 0x00C0
[5996] [M]: 0x8003EC54 (0x00C0006F) jal zero, 12


mem[X,0x8003EC60] -> 0x6063
mem[X,0x8003EC62] -> 0x20B5
[5997] [M]: 0x8003EC60 (0x20B56063) bltu a0, a1, 512


mem[X,0x8003EE60] -> 0x0213
mem[X,0x8003EE62] -> 0x0032
[5998] [M]: 0x8003EE60 (0x00320213) addi tp, tp, 3
x4 <- 0x00000003


mem[X,0x8003EE64] -> 0x006F
mem[X,0x8003EE66] -> 0x0040
[5999] [M]: 0x8003EE64 (0x0040006F) jal zero, 4


clint::tick mtime <- 0x000000000000003C
 clint timer pending at mtime 0x000000000000003C
htif::tick 0x0000000000000000
mem[X,0x8003EE68] -> 0xAA23
mem[X,0x8003EE6A] -> 0x1840
[6000] [M]: 0x8003EE68 (0x1840AA23) sw tp, 404(ra)
mem[0x8004BC08] <- 0x00000003


mem[X,0x8003EE6C] -> 0x6537
mem[X,0x8003EE6E] -> 0x6666
[6001] [M]: 0x8003EE6C (0x66666537) lui a0, 419430
x10 <- 0x66666000


mem[X,0x8003EE70] -> 0x0513
mem[X,0x8003EE72] -> 0x6675
[6002] [M]: 0x8003EE70 (0x66750513) addi a0, a0, 1639
x10 <- 0x66666667


mem[X,0x8003EE74] -> 0x0593
mem[X,0x8003EE76] -> 0x0060
[6003] [M]: 0x8003EE74 (0x00600593) addi a1, zero, 6
x11 <- 0x00000006


mem[X,0x8003EE78] -> 0x0213
mem[X,0x8003EE7A] -> 0x0000
[6004] [M]: 0x8003EE78 (0x00000213) addi tp, zero, 0
x4 <- 0x00000000


mem[X,0x8003EE7C] -> 0x006F
mem[X,0x8003EE7E] -> 0x00C0
[6005] [M]: 0x8003EE7C (0x00C0006F) jal zero, 12


mem[X,0x8003EE88] -> 0x6CE3
mem[X,0x8003EE8A] -> 0xFEB5
[6006] [M]: 0x8003EE88 (0xFEB56CE3) bltu a0, a1, 8184


mem[X,0x8003EE8C] -> 0x0213
mem[X,0x8003EE8E] -> 0x0022
[6007] [M]: 0x8003EE8C (0x00220213) addi tp, tp, 2
x4 <- 0x00000002


mem[X,0x8003EE90] -> 0x006F
mem[X,0x8003EE92] -> 0x00C0
[6008] [M]: 0x8003EE90 (0x00C0006F) jal zero, 12


mem[X,0x8003EE9C] -> 0xAC23
mem[X,0x8003EE9E] -> 0x1840
[6009] [M]: 0x8003EE9C (0x1840AC23) sw tp, 408(ra)
mem[0x8004BC0C] <- 0x00000002


mem[X,0x8003EEA0] -> 0x6537
mem[X,0x8003EEA2] -> 0x6666
[6010] [M]: 0x8003EEA0 (0x66666537) lui a0, 419430
x10 <- 0x66666000


mem[X,0x8003EEA4] -> 0x0513
mem[X,0x8003EEA6] -> 0x6675
[6011] [M]: 0x8003EEA4 (0x66750513) addi a0, a0, 1639
x10 <- 0x66666667


mem[X,0x8003EEA8] -> 0x35B7
mem[X,0x8003EEAA] -> 0x3333
[6012] [M]: 0x8003EEA8 (0x333335B7) lui a1, 209715
x11 <- 0x33333000


mem[X,0x8003EEAC] -> 0x8593
mem[X,0x8003EEAE] -> 0x3345
[6013] [M]: 0x8003EEAC (0x33458593) addi a1, a1, 820
x11 <- 0x33333334


mem[X,0x8003EEB0] -> 0x0213
mem[X,0x8003EEB2] -> 0x0000
[6014] [M]: 0x8003EEB0 (0x00000213) addi tp, zero, 0
x4 <- 0x00000000


mem[X,0x8003EEB4] -> 0x006F
mem[X,0x8003EEB6] -> 0x00C0
[6015] [M]: 0x8003EEB4 (0x00C0006F) jal zero, 12


mem[X,0x8003EEC0] -> 0x6063
mem[X,0x8003EEC2] -> 0x04B5
[6016] [M]: 0x8003EEC0 (0x04B56063) bltu a0, a1, 64


mem[X,0x8003EEC4] -> 0x0213
mem[X,0x8003EEC6] -> 0x0022
[6017] [M]: 0x8003EEC4 (0x00220213) addi tp, tp, 2
x4 <- 0x00000002


mem[X,0x8003EEC8] -> 0x006F
mem[X,0x8003EECA] -> 0x0400
[6018] [M]: 0x8003EEC8 (0x0400006F) jal zero, 64


mem[X,0x8003EF08] -> 0xAE23
mem[X,0x8003EF0A] -> 0x1840
[6019] [M]: 0x8003EF08 (0x1840AE23) sw tp, 412(ra)
mem[0x8004BC10] <- 0x00000002


mem[X,0x8003EF0C] -> 0x6537
mem[X,0x8003EF0E] -> 0x6666
[6020] [M]: 0x8003EF0C (0x66666537) lui a0, 419430
x10 <- 0x66666000


mem[X,0x8003EF10] -> 0x0513
mem[X,0x8003EF12] -> 0x6675
[6021] [M]: 0x8003EF10 (0x66750513) addi a0, a0, 1639
x10 <- 0x66666667


mem[X,0x8003EF14] -> 0x65B7
mem[X,0x8003EF16] -> 0x6666
[6022] [M]: 0x8003EF14 (0x666665B7) lui a1, 419430
x11 <- 0x66666000


mem[X,0x8003EF18] -> 0x8593
mem[X,0x8003EF1A] -> 0x6675
[6023] [M]: 0x8003EF18 (0x66758593) addi a1, a1, 1639
x11 <- 0x66666667


mem[X,0x8003EF1C] -> 0x0213
mem[X,0x8003EF1E] -> 0x0000
[6024] [M]: 0x8003EF1C (0x00000213) addi tp, zero, 0
x4 <- 0x00000000


mem[X,0x8003EF20] -> 0x006F
mem[X,0x8003EF22] -> 0x00C0
[6025] [M]: 0x8003EF20 (0x00C0006F) jal zero, 12


mem[X,0x8003EF2C] -> 0x6863
mem[X,0x8003EF2E] -> 0x00B5
[6026] [M]: 0x8003EF2C (0x00B56863) bltu a0, a1, 16


mem[X,0x8003EF30] -> 0x0213
mem[X,0x8003EF32] -> 0x0022
[6027] [M]: 0x8003EF30 (0x00220213) addi tp, tp, 2
x4 <- 0x00000002


mem[X,0x8003EF34] -> 0x006F
mem[X,0x8003EF36] -> 0x0100
[6028] [M]: 0x8003EF34 (0x0100006F) jal zero, 16


mem[X,0x8003EF44] -> 0xA023
mem[X,0x8003EF46] -> 0x1A40
[6029] [M]: 0x8003EF44 (0x1A40A023) sw tp, 416(ra)
mem[0x8004BC14] <- 0x00000002


mem[X,0x8003EF48] -> 0x6537
mem[X,0x8003EF4A] -> 0x6666
[6030] [M]: 0x8003EF48 (0x66666537) lui a0, 419430
x10 <- 0x66666000


mem[X,0x8003EF4C] -> 0x0513
mem[X,0x8003EF4E] -> 0x6675
[6031] [M]: 0x8003EF4C (0x66750513) addi a0, a0, 1639
x10 <- 0x66666667


mem[X,0x8003EF50] -> 0xB5B7
mem[X,0x8003EF52] -> 0x0000
[6032] [M]: 0x8003EF50 (0x0000B5B7) lui a1, 11
x11 <- 0x0000B000


mem[X,0x8003EF54] -> 0x8593
mem[X,0x8003EF56] -> 0x5055
[6033] [M]: 0x8003EF54 (0x50558593) addi a1, a1, 1285
x11 <- 0x0000B505


mem[X,0x8003EF58] -> 0x0213
mem[X,0x8003EF5A] -> 0x0000
[6034] [M]: 0x8003EF58 (0x00000213) addi tp, zero, 0
x4 <- 0x00000000


mem[X,0x8003EF5C] -> 0x006F
mem[X,0x8003EF5E] -> 0x00C0
[6035] [M]: 0x8003EF5C (0x00C0006F) jal zero, 12


mem[X,0x8003EF68] -> 0x6CE3
mem[X,0x8003EF6A] -> 0xFEB5
[6036] [M]: 0x8003EF68 (0xFEB56CE3) bltu a0, a1, 8184


mem[X,0x8003EF6C] -> 0x0213
mem[X,0x8003EF6E] -> 0x0022
[6037] [M]: 0x8003EF6C (0x00220213) addi tp, tp, 2
x4 <- 0x00000002


mem[X,0x8003EF70] -> 0x006F
mem[X,0x8003EF72] -> 0x00C0
[6038] [M]: 0x8003EF70 (0x00C0006F) jal zero, 12


mem[X,0x8003EF7C] -> 0xA223
mem[X,0x8003EF7E] -> 0x1A40
[6039] [M]: 0x8003EF7C (0x1A40A223) sw tp, 420(ra)
mem[0x8004BC18] <- 0x00000002


mem[X,0x8003EF80] -> 0x6537
mem[X,0x8003EF82] -> 0x6666
[6040] [M]: 0x8003EF80 (0x66666537) lui a0, 419430
x10 <- 0x66666000


mem[X,0x8003EF84] -> 0x0513
mem[X,0x8003EF86] -> 0x6675
[6041] [M]: 0x8003EF84 (0x66750513) addi a0, a0, 1639
x10 <- 0x66666667


mem[X,0x8003EF88] -> 0x0593
mem[X,0x8003EF8A] -> 0x0010
[6042] [M]: 0x8003EF88 (0x00100593) addi a1, zero, 1
x11 <- 0x00000001


mem[X,0x8003EF8C] -> 0x0213
mem[X,0x8003EF8E] -> 0x0000
[6043] [M]: 0x8003EF8C (0x00000213) addi tp, zero, 0
x4 <- 0x00000000


mem[X,0x8003EF90] -> 0x006F
mem[X,0x8003EF92] -> 0x00C0
[6044] [M]: 0x8003EF90 (0x00C0006F) jal zero, 12


mem[X,0x8003EF9C] -> 0x6663
mem[X,0x8003EF9E] -> 0x00B5
[6045] [M]: 0x8003EF9C (0x00B56663) bltu a0, a1, 12


mem[X,0x8003EFA0] -> 0x0213
mem[X,0x8003EFA2] -> 0x0022
[6046] [M]: 0x8003EFA0 (0x00220213) addi tp, tp, 2
x4 <- 0x00000002


mem[X,0x8003EFA4] -> 0x006F
mem[X,0x8003EFA6] -> 0x00C0
[6047] [M]: 0x8003EFA4 (0x00C0006F) jal zero, 12


mem[X,0x8003EFB0] -> 0xA423
mem[X,0x8003EFB2] -> 0x1A40
[6048] [M]: 0x8003EFB0 (0x1A40A423) sw tp, 424(ra)
mem[0x8004BC1C] <- 0x00000002


mem[X,0x8003EFB4] -> 0x6537
mem[X,0x8003EFB6] -> 0x6666
[6049] [M]: 0x8003EFB4 (0x66666537) lui a0, 419430
x10 <- 0x66666000


mem[X,0x8003EFB8] -> 0x0513
mem[X,0x8003EFBA] -> 0x6675
[6050] [M]: 0x8003EFB8 (0x66750513) addi a0, a0, 1639
x10 <- 0x66666667


mem[X,0x8003EFBC] -> 0x05B7
mem[X,0x8003EFBE] -> 0x0001
[6051] [M]: 0x8003EFBC (0x000105B7) lui a1, 16
x11 <- 0x00010000


mem[X,0x8003EFC0] -> 0x0213
mem[X,0x8003EFC2] -> 0x0000
[6052] [M]: 0x8003EFC0 (0x00000213) addi tp, zero, 0
x4 <- 0x00000000


mem[X,0x8003EFC4] -> 0x006F
mem[X,0x8003EFC6] -> 0x0050
[6053] [M]: 0x8003EFC4 (0x0050006F) jal zero, 2052


mem[X,0x8003F7C8] -> 0x60E3
mem[X,0x8003F7CA] -> 0x80B5
[6054] [M]: 0x8003F7C8 (0x80B560E3) bltu a0, a1, 6144


mem[X,0x8003F7CC] -> 0x0213
mem[X,0x8003F7CE] -> 0x0022
[6055] [M]: 0x8003F7CC (0x00220213) addi tp, tp, 2
x4 <- 0x00000002


mem[X,0x8003F7D0] -> 0x006F
mem[X,0x8003F7D2] -> 0x00C0
[6056] [M]: 0x8003F7D0 (0x00C0006F) jal zero, 12


mem[X,0x8003F7DC] -> 0xA623
mem[X,0x8003F7DE] -> 0x1A40
[6057] [M]: 0x8003F7DC (0x1A40A623) sw tp, 428(ra)
mem[0x8004BC20] <- 0x00000002


mem[X,0x8003F7E0] -> 0xB537
mem[X,0x8003F7E2] -> 0x0000
[6058] [M]: 0x8003F7E0 (0x0000B537) lui a0, 11
x10 <- 0x0000B000


mem[X,0x8003F7E4] -> 0x0513
mem[X,0x8003F7E6] -> 0x5055
[6059] [M]: 0x8003F7E4 (0x50550513) addi a0, a0, 1285
x10 <- 0x0000B505


mem[X,0x8003F7E8] -> 0x0593
mem[X,0x8003F7EA] -> 0x0030
[6060] [M]: 0x8003F7E8 (0x00300593) addi a1, zero, 3
x11 <- 0x00000003


mem[X,0x8003F7EC] -> 0x0213
mem[X,0x8003F7EE] -> 0x0000
[6061] [M]: 0x8003F7EC (0x00000213) addi tp, zero, 0
x4 <- 0x00000000


mem[X,0x8003F7F0] -> 0x006F
mem[X,0x8003F7F2] -> 0x0180
[6062] [M]: 0x8003F7F0 (0x0180006F) jal zero, 24


mem[X,0x8003F808] -> 0x66E3
mem[X,0x8003F80A] -> 0xFEB5
[6063] [M]: 0x8003F808 (0xFEB566E3) bltu a0, a1, 8172


mem[X,0x8003F80C] -> 0x0213
mem[X,0x8003F80E] -> 0x0022
[6064] [M]: 0x8003F80C (0x00220213) addi tp, tp, 2
x4 <- 0x00000002


mem[X,0x8003F810] -> 0x006F
mem[X,0x8003F812] -> 0x00C0
[6065] [M]: 0x8003F810 (0x00C0006F) jal zero, 12


mem[X,0x8003F81C] -> 0xA823
mem[X,0x8003F81E] -> 0x1A40
[6066] [M]: 0x8003F81C (0x1A40A823) sw tp, 432(ra)
mem[0x8004BC24] <- 0x00000002


mem[X,0x8003F820] -> 0xB537
mem[X,0x8003F822] -> 0x0000
[6067] [M]: 0x8003F820 (0x0000B537) lui a0, 11
x10 <- 0x0000B000


mem[X,0x8003F824] -> 0x0513
mem[X,0x8003F826] -> 0x5055
[6068] [M]: 0x8003F824 (0x50550513) addi a0, a0, 1285
x10 <- 0x0000B505


mem[X,0x8003F828] -> 0x55B7
mem[X,0x8003F82A] -> 0x5555
[6069] [M]: 0x8003F828 (0x555555B7) lui a1, 349525
x11 <- 0x55555000


mem[X,0x8003F82C] -> 0x8593
mem[X,0x8003F82E] -> 0x5555
[6070] [M]: 0x8003F82C (0x55558593) addi a1, a1, 1365
x11 <- 0x55555555


mem[X,0x8003F830] -> 0x0213
mem[X,0x8003F832] -> 0x0000
[6071] [M]: 0x8003F830 (0x00000213) addi tp, zero, 0
x4 <- 0x00000000


mem[X,0x8003F834] -> 0x006F
mem[X,0x8003F836] -> 0x00C0
[6072] [M]: 0x8003F834 (0x00C0006F) jal zero, 12


mem[X,0x8003F840] -> 0x6663
mem[X,0x8003F842] -> 0x00B5
[6073] [M]: 0x8003F840 (0x00B56663) bltu a0, a1, 12


mem[X,0x8003F84C] -> 0x0213
mem[X,0x8003F84E] -> 0x0032
[6074] [M]: 0x8003F84C (0x00320213) addi tp, tp, 3
x4 <- 0x00000003


mem[X,0x8003F850] -> 0x006F
mem[X,0x8003F852] -> 0x0040
[6075] [M]: 0x8003F850 (0x0040006F) jal zero, 4


mem[X,0x8003F854] -> 0xAA23
mem[X,0x8003F856] -> 0x1A40
[6076] [M]: 0x8003F854 (0x1A40AA23) sw tp, 436(ra)
mem[0x8004BC28] <- 0x00000003


mem[X,0x8003F858] -> 0xB537
mem[X,0x8003F85A] -> 0x0000
[6077] [M]: 0x8003F858 (0x0000B537) lui a0, 11
x10 <- 0x0000B000


mem[X,0x8003F85C] -> 0x0513
mem[X,0x8003F85E] -> 0x5055
[6078] [M]: 0x8003F85C (0x50550513) addi a0, a0, 1285
x10 <- 0x0000B505


mem[X,0x8003F860] -> 0xB5B7
mem[X,0x8003F862] -> 0xAAAA
[6079] [M]: 0x8003F860 (0xAAAAB5B7) lui a1, 699051
x11 <- 0xAAAAB000


mem[X,0x8003F864] -> 0x8593
mem[X,0x8003F866] -> 0xAAA5
[6080] [M]: 0x8003F864 (0xAAA58593) addi a1, a1, 2730
x11 <- 0xAAAAAAAA


mem[X,0x8003F868] -> 0x0213
mem[X,0x8003F86A] -> 0x0000
[6081] [M]: 0x8003F868 (0x00000213) addi tp, zero, 0
x4 <- 0x00000000


mem[X,0x8003F86C] -> 0x006F
mem[X,0x8003F86E] -> 0x00C0
[6082] [M]: 0x8003F86C (0x00C0006F) jal zero, 12


mem[X,0x8003F878] -> 0x6CE3
mem[X,0x8003F87A] -> 0xFEB5
[6083] [M]: 0x8003F878 (0xFEB56CE3) bltu a0, a1, 8184


mem[X,0x8003F870] -> 0x0213
mem[X,0x8003F872] -> 0x0012
[6084] [M]: 0x8003F870 (0x00120213) addi tp, tp, 1
x4 <- 0x00000001


mem[X,0x8003F874] -> 0x006F
mem[X,0x8003F876] -> 0x0180
[6085] [M]: 0x8003F874 (0x0180006F) jal zero, 24


mem[X,0x8003F88C] -> 0xAC23
mem[X,0x8003F88E] -> 0x1A40
[6086] [M]: 0x8003F88C (0x1A40AC23) sw tp, 440(ra)
mem[0x8004BC2C] <- 0x00000001


mem[X,0x8003F890] -> 0xB537
mem[X,0x8003F892] -> 0x0000
[6087] [M]: 0x8003F890 (0x0000B537) lui a0, 11
x10 <- 0x0000B000


mem[X,0x8003F894] -> 0x0513
mem[X,0x8003F896] -> 0x5055
[6088] [M]: 0x8003F894 (0x50550513) addi a0, a0, 1285
x10 <- 0x0000B505


mem[X,0x8003F898] -> 0x0593
mem[X,0x8003F89A] -> 0x0050
[6089] [M]: 0x8003F898 (0x00500593) addi a1, zero, 5
x11 <- 0x00000005


mem[X,0x8003F89C] -> 0x0213
mem[X,0x8003F89E] -> 0x0000
[6090] [M]: 0x8003F89C (0x00000213) addi tp, zero, 0
x4 <- 0x00000000


mem[X,0x8003F8A0] -> 0x006F
mem[X,0x8003F8A2] -> 0x2B10
[6091] [M]: 0x8003F8A0 (0x2B10006F) jal zero, 2736


mem[X,0x80040350] -> 0x6A63
mem[X,0x80040352] -> 0xD4B5
[6092] [M]: 0x80040350 (0xD4B56A63) bltu a0, a1, 5460


mem[X,0x80040354] -> 0x0213
mem[X,0x80040356] -> 0x0022
[6093] [M]: 0x80040354 (0x00220213) addi tp, tp, 2
x4 <- 0x00000002


mem[X,0x80040358] -> 0x006F
mem[X,0x8004035A] -> 0x00C0
[6094] [M]: 0x80040358 (0x00C0006F) jal zero, 12


mem[X,0x80040364] -> 0xAE23
mem[X,0x80040366] -> 0x1A40
[6095] [M]: 0x80040364 (0x1A40AE23) sw tp, 444(ra)
mem[0x8004BC30] <- 0x00000002


mem[X,0x80040368] -> 0xB537
mem[X,0x8004036A] -> 0x0000
[6096] [M]: 0x80040368 (0x0000B537) lui a0, 11
x10 <- 0x0000B000


mem[X,0x8004036C] -> 0x0513
mem[X,0x8004036E] -> 0x5055
[6097] [M]: 0x8004036C (0x50550513) addi a0, a0, 1285
x10 <- 0x0000B505


mem[X,0x80040370] -> 0x35B7
mem[X,0x80040372] -> 0x3333
[6098] [M]: 0x80040370 (0x333335B7) lui a1, 209715
x11 <- 0x33333000


mem[X,0x80040374] -> 0x8593
mem[X,0x80040376] -> 0x3335
[6099] [M]: 0x80040374 (0x33358593) addi a1, a1, 819
x11 <- 0x33333333


clint::tick mtime <- 0x000000000000003D
 clint timer pending at mtime 0x000000000000003D
htif::tick 0x0000000000000000
mem[X,0x80040378] -> 0x0213
mem[X,0x8004037A] -> 0x0000
[6100] [M]: 0x80040378 (0x00000213) addi tp, zero, 0
x4 <- 0x00000000


mem[X,0x8004037C] -> 0x006F
mem[X,0x8004037E] -> 0x0050
[6101] [M]: 0x8004037C (0x0050006F) jal zero, 2052


mem[X,0x80040B80] -> 0x60E3
mem[X,0x80040B82] -> 0x80B5
[6102] [M]: 0x80040B80 (0x80B560E3) bltu a0, a1, 6144


mem[X,0x80040380] -> 0x0213
mem[X,0x80040382] -> 0x0012
[6103] [M]: 0x80040380 (0x00120213) addi tp, tp, 1
x4 <- 0x00000001


mem[X,0x80040384] -> 0x006F
mem[X,0x80040386] -> 0x0110
[6104] [M]: 0x80040384 (0x0110006F) jal zero, 2064


mem[X,0x80040B94] -> 0xA023
mem[X,0x80040B96] -> 0x1C40
[6105] [M]: 0x80040B94 (0x1C40A023) sw tp, 448(ra)
mem[0x8004BC34] <- 0x00000001


mem[X,0x80040B98] -> 0xB537
mem[X,0x80040B9A] -> 0x0000
[6106] [M]: 0x80040B98 (0x0000B537) lui a0, 11
x10 <- 0x0000B000


mem[X,0x80040B9C] -> 0x0513
mem[X,0x80040B9E] -> 0x5055
[6107] [M]: 0x80040B9C (0x50550513) addi a0, a0, 1285
x10 <- 0x0000B505


mem[X,0x80040BA0] -> 0x65B7
mem[X,0x80040BA2] -> 0x6666
[6108] [M]: 0x80040BA0 (0x666665B7) lui a1, 419430
x11 <- 0x66666000


mem[X,0x80040BA4] -> 0x8593
mem[X,0x80040BA6] -> 0x6665
[6109] [M]: 0x80040BA4 (0x66658593) addi a1, a1, 1638
x11 <- 0x66666666


mem[X,0x80040BA8] -> 0x0213
mem[X,0x80040BAA] -> 0x0000
[6110] [M]: 0x80040BA8 (0x00000213) addi tp, zero, 0
x4 <- 0x00000000


mem[X,0x80040BAC] -> 0x006F
mem[X,0x80040BAE] -> 0x0180
[6111] [M]: 0x80040BAC (0x0180006F) jal zero, 24


mem[X,0x80040BC4] -> 0x66E3
mem[X,0x80040BC6] -> 0xFEB5
[6112] [M]: 0x80040BC4 (0xFEB566E3) bltu a0, a1, 8172


mem[X,0x80040BB0] -> 0x0213
mem[X,0x80040BB2] -> 0x0012
[6113] [M]: 0x80040BB0 (0x00120213) addi tp, tp, 1
x4 <- 0x00000001


mem[X,0x80040BB4] -> 0x006F
mem[X,0x80040BB6] -> 0x0240
[6114] [M]: 0x80040BB4 (0x0240006F) jal zero, 36


mem[X,0x80040BD8] -> 0xA223
mem[X,0x80040BDA] -> 0x1C40
[6115] [M]: 0x80040BD8 (0x1C40A223) sw tp, 452(ra)
mem[0x8004BC38] <- 0x00000001


mem[X,0x80040BDC] -> 0xB537
mem[X,0x80040BDE] -> 0x0000
[6116] [M]: 0x80040BDC (0x0000B537) lui a0, 11
x10 <- 0x0000B000


mem[X,0x80040BE0] -> 0x0513
mem[X,0x80040BE2] -> 0x5055
[6117] [M]: 0x80040BE0 (0x50550513) addi a0, a0, 1285
x10 <- 0x0000B505


mem[X,0x80040BE4] -> 0xB5B7
mem[X,0x80040BE6] -> 0x0000
[6118] [M]: 0x80040BE4 (0x0000B5B7) lui a1, 11
x11 <- 0x0000B000


mem[X,0x80040BE8] -> 0x8593
mem[X,0x80040BEA] -> 0x5045
[6119] [M]: 0x80040BE8 (0x50458593) addi a1, a1, 1284
x11 <- 0x0000B504


mem[X,0x80040BEC] -> 0x0213
mem[X,0x80040BEE] -> 0x0000
[6120] [M]: 0x80040BEC (0x00000213) addi tp, zero, 0
x4 <- 0x00000000


mem[X,0x80040BF0] -> 0x006F
mem[X,0x80040BF2] -> 0x0100
[6121] [M]: 0x80040BF0 (0x0100006F) jal zero, 16


mem[X,0x80040C00] -> 0x6AE3
mem[X,0x80040C02] -> 0xFEB5
[6122] [M]: 0x80040C00 (0xFEB56AE3) bltu a0, a1, 8180


mem[X,0x80040C04] -> 0x0213
mem[X,0x80040C06] -> 0x0022
[6123] [M]: 0x80040C04 (0x00220213) addi tp, tp, 2
x4 <- 0x00000002


mem[X,0x80040C08] -> 0x006F
mem[X,0x80040C0A] -> 0x00C0
[6124] [M]: 0x80040C08 (0x00C0006F) jal zero, 12


mem[X,0x80040C14] -> 0xA423
mem[X,0x80040C16] -> 0x1C40
[6125] [M]: 0x80040C14 (0x1C40A423) sw tp, 456(ra)
mem[0x8004BC3C] <- 0x00000002


mem[X,0x80040C18] -> 0xB537
mem[X,0x80040C1A] -> 0x0000
[6126] [M]: 0x80040C18 (0x0000B537) lui a0, 11
x10 <- 0x0000B000


mem[X,0x80040C1C] -> 0x0513
mem[X,0x80040C1E] -> 0x5055
[6127] [M]: 0x80040C1C (0x50550513) addi a0, a0, 1285
x10 <- 0x0000B505


mem[X,0x80040C20] -> 0x0593
mem[X,0x80040C22] -> 0x0000
[6128] [M]: 0x80040C20 (0x00000593) addi a1, zero, 0
x11 <- 0x00000000


mem[X,0x80040C24] -> 0x0213
mem[X,0x80040C26] -> 0x0000
[6129] [M]: 0x80040C24 (0x00000213) addi tp, zero, 0
x4 <- 0x00000000


mem[X,0x80040C28] -> 0x006F
mem[X,0x80040C2A] -> 0x00C0
[6130] [M]: 0x80040C28 (0x00C0006F) jal zero, 12


mem[X,0x80040C34] -> 0x6663
mem[X,0x80040C36] -> 0x00B5
[6131] [M]: 0x80040C34 (0x00B56663) bltu a0, a1, 12


mem[X,0x80040C38] -> 0x0213
mem[X,0x80040C3A] -> 0x0022
[6132] [M]: 0x80040C38 (0x00220213) addi tp, tp, 2
x4 <- 0x00000002


mem[X,0x80040C3C] -> 0x006F
mem[X,0x80040C3E] -> 0x00C0
[6133] [M]: 0x80040C3C (0x00C0006F) jal zero, 12


mem[X,0x80040C48] -> 0xA623
mem[X,0x80040C4A] -> 0x1C40
[6134] [M]: 0x80040C48 (0x1C40A623) sw tp, 460(ra)
mem[0x8004BC40] <- 0x00000002


mem[X,0x80040C4C] -> 0xB537
mem[X,0x80040C4E] -> 0x0000
[6135] [M]: 0x80040C4C (0x0000B537) lui a0, 11
x10 <- 0x0000B000


mem[X,0x80040C50] -> 0x0513
mem[X,0x80040C52] -> 0x5055
[6136] [M]: 0x80040C50 (0x50550513) addi a0, a0, 1285
x10 <- 0x0000B505


mem[X,0x80040C54] -> 0x05B7
mem[X,0x80040C56] -> 0x0001
[6137] [M]: 0x80040C54 (0x000105B7) lui a1, 16
x11 <- 0x00010000


mem[X,0x80040C58] -> 0x8593
mem[X,0x80040C5A] -> 0xFFF5
[6138] [M]: 0x80040C58 (0xFFF58593) addi a1, a1, 4095
x11 <- 0x0000FFFF


mem[X,0x80040C5C] -> 0x0213
mem[X,0x80040C5E] -> 0x0000
[6139] [M]: 0x80040C5C (0x00000213) addi tp, zero, 0
x4 <- 0x00000000


mem[X,0x80040C60] -> 0x006F
mem[X,0x80040C62] -> 0x0050
[6140] [M]: 0x80040C60 (0x0050006F) jal zero, 2052


mem[X,0x80041464] -> 0x60E3
mem[X,0x80041466] -> 0x80B5
[6141] [M]: 0x80041464 (0x80B560E3) bltu a0, a1, 6144


mem[X,0x80040C64] -> 0x0213
mem[X,0x80040C66] -> 0x0012
[6142] [M]: 0x80040C64 (0x00120213) addi tp, tp, 1
x4 <- 0x00000001


mem[X,0x80040C68] -> 0x006F
mem[X,0x80040C6A] -> 0x0110
[6143] [M]: 0x80040C68 (0x0110006F) jal zero, 2064


mem[X,0x80041478] -> 0xA823
mem[X,0x8004147A] -> 0x1C40
[6144] [M]: 0x80041478 (0x1C40A823) sw tp, 464(ra)
mem[0x8004BC44] <- 0x00000001


mem[X,0x8004147C] -> 0xB537
mem[X,0x8004147E] -> 0x0000
[6145] [M]: 0x8004147C (0x0000B537) lui a0, 11
x10 <- 0x0000B000


mem[X,0x80041480] -> 0x0513
mem[X,0x80041482] -> 0x5055
[6146] [M]: 0x80041480 (0x50550513) addi a0, a0, 1285
x10 <- 0x0000B505


mem[X,0x80041484] -> 0x0593
mem[X,0x80041486] -> 0x0020
[6147] [M]: 0x80041484 (0x00200593) addi a1, zero, 2
x11 <- 0x00000002


mem[X,0x80041488] -> 0x0213
mem[X,0x8004148A] -> 0x0000
[6148] [M]: 0x80041488 (0x00000213) addi tp, zero, 0
x4 <- 0x00000000


mem[X,0x8004148C] -> 0x006F
mem[X,0x8004148E] -> 0x00C0
[6149] [M]: 0x8004148C (0x00C0006F) jal zero, 12


mem[X,0x80041498] -> 0x6CE3
mem[X,0x8004149A] -> 0xFEB5
[6150] [M]: 0x80041498 (0xFEB56CE3) bltu a0, a1, 8184


mem[X,0x8004149C] -> 0x0213
mem[X,0x8004149E] -> 0x0022
[6151] [M]: 0x8004149C (0x00220213) addi tp, tp, 2
x4 <- 0x00000002


mem[X,0x800414A0] -> 0x006F
mem[X,0x800414A2] -> 0x00C0
[6152] [M]: 0x800414A0 (0x00C0006F) jal zero, 12


mem[X,0x800414AC] -> 0xAA23
mem[X,0x800414AE] -> 0x1C40
[6153] [M]: 0x800414AC (0x1C40AA23) sw tp, 468(ra)
mem[0x8004BC48] <- 0x00000002


mem[X,0x800414B0] -> 0xB537
mem[X,0x800414B2] -> 0x0000
[6154] [M]: 0x800414B0 (0x0000B537) lui a0, 11
x10 <- 0x0000B000


mem[X,0x800414B4] -> 0x0513
mem[X,0x800414B6] -> 0x5055
[6155] [M]: 0x800414B4 (0x50550513) addi a0, a0, 1285
x10 <- 0x0000B505


mem[X,0x800414B8] -> 0x55B7
mem[X,0x800414BA] -> 0x5555
[6156] [M]: 0x800414B8 (0x555555B7) lui a1, 349525
x11 <- 0x55555000


mem[X,0x800414BC] -> 0x8593
mem[X,0x800414BE] -> 0x5545
[6157] [M]: 0x800414BC (0x55458593) addi a1, a1, 1364
x11 <- 0x55555554


mem[X,0x800414C0] -> 0x0213
mem[X,0x800414C2] -> 0x0000
[6158] [M]: 0x800414C0 (0x00000213) addi tp, zero, 0
x4 <- 0x00000000


mem[X,0x800414C4] -> 0x006F
mem[X,0x800414C6] -> 0x00C0
[6159] [M]: 0x800414C4 (0x00C0006F) jal zero, 12


mem[X,0x800414D0] -> 0x6CE3
mem[X,0x800414D2] -> 0xFEB5
[6160] [M]: 0x800414D0 (0xFEB56CE3) bltu a0, a1, 8184


mem[X,0x800414C8] -> 0x0213
mem[X,0x800414CA] -> 0x0012
[6161] [M]: 0x800414C8 (0x00120213) addi tp, tp, 1
x4 <- 0x00000001


mem[X,0x800414CC] -> 0x006F
mem[X,0x800414CE] -> 0x0180
[6162] [M]: 0x800414CC (0x0180006F) jal zero, 24


mem[X,0x800414E4] -> 0xAC23
mem[X,0x800414E6] -> 0x1C40
[6163] [M]: 0x800414E4 (0x1C40AC23) sw tp, 472(ra)
mem[0x8004BC4C] <- 0x00000001


mem[X,0x800414E8] -> 0xB537
mem[X,0x800414EA] -> 0x0000
[6164] [M]: 0x800414E8 (0x0000B537) lui a0, 11
x10 <- 0x0000B000


mem[X,0x800414EC] -> 0x0513
mem[X,0x800414EE] -> 0x5055
[6165] [M]: 0x800414EC (0x50550513) addi a0, a0, 1285
x10 <- 0x0000B505


mem[X,0x800414F0] -> 0xB5B7
mem[X,0x800414F2] -> 0xAAAA
[6166] [M]: 0x800414F0 (0xAAAAB5B7) lui a1, 699051
x11 <- 0xAAAAB000


mem[X,0x800414F4] -> 0x8593
mem[X,0x800414F6] -> 0xAA95
[6167] [M]: 0x800414F4 (0xAA958593) addi a1, a1, 2729
x11 <- 0xAAAAAAA9


mem[X,0x800414F8] -> 0x0213
mem[X,0x800414FA] -> 0x0000
[6168] [M]: 0x800414F8 (0x00000213) addi tp, zero, 0
x4 <- 0x00000000


mem[X,0x800414FC] -> 0x006F
mem[X,0x800414FE] -> 0x2B10
[6169] [M]: 0x800414FC (0x2B10006F) jal zero, 2736


mem[X,0x80041FAC] -> 0x6A63
mem[X,0x80041FAE] -> 0xD4B5
[6170] [M]: 0x80041FAC (0xD4B56A63) bltu a0, a1, 5460


mem[X,0x80041500] -> 0x0213
mem[X,0x80041502] -> 0x0012
[6171] [M]: 0x80041500 (0x00120213) addi tp, tp, 1
x4 <- 0x00000001


mem[X,0x80041504] -> 0x006F
mem[X,0x80041506] -> 0x2BD0
[6172] [M]: 0x80041504 (0x2BD0006F) jal zero, 2748


mem[X,0x80041FC0] -> 0xAE23
mem[X,0x80041FC2] -> 0x1C40
[6173] [M]: 0x80041FC0 (0x1C40AE23) sw tp, 476(ra)
mem[0x8004BC50] <- 0x00000001


mem[X,0x80041FC4] -> 0xB537
mem[X,0x80041FC6] -> 0x0000
[6174] [M]: 0x80041FC4 (0x0000B537) lui a0, 11
x10 <- 0x0000B000


mem[X,0x80041FC8] -> 0x0513
mem[X,0x80041FCA] -> 0x5055
[6175] [M]: 0x80041FC8 (0x50550513) addi a0, a0, 1285
x10 <- 0x0000B505


mem[X,0x80041FCC] -> 0x0593
mem[X,0x80041FCE] -> 0x0040
[6176] [M]: 0x80041FCC (0x00400593) addi a1, zero, 4
x11 <- 0x00000004


mem[X,0x80041FD0] -> 0x0213
mem[X,0x80041FD2] -> 0x0000
[6177] [M]: 0x80041FD0 (0x00000213) addi tp, zero, 0
x4 <- 0x00000000


mem[X,0x80041FD4] -> 0x006F
mem[X,0x80041FD6] -> 0x0100
[6178] [M]: 0x80041FD4 (0x0100006F) jal zero, 16


mem[X,0x80041FE4] -> 0x6AE3
mem[X,0x80041FE6] -> 0xFEB5
[6179] [M]: 0x80041FE4 (0xFEB56AE3) bltu a0, a1, 8180


mem[X,0x80041FE8] -> 0x0213
mem[X,0x80041FEA] -> 0x0022
[6180] [M]: 0x80041FE8 (0x00220213) addi tp, tp, 2
x4 <- 0x00000002


mem[X,0x80041FEC] -> 0x006F
mem[X,0x80041FEE] -> 0x00C0
[6181] [M]: 0x80041FEC (0x00C0006F) jal zero, 12


mem[X,0x80041FF8] -> 0xA023
mem[X,0x80041FFA] -> 0x1E40
[6182] [M]: 0x80041FF8 (0x1E40A023) sw tp, 480(ra)
mem[0x8004BC54] <- 0x00000002


mem[X,0x80041FFC] -> 0xB537
mem[X,0x80041FFE] -> 0x0000
[6183] [M]: 0x80041FFC (0x0000B537) lui a0, 11
x10 <- 0x0000B000


mem[X,0x80042000] -> 0x0513
mem[X,0x80042002] -> 0x5055
[6184] [M]: 0x80042000 (0x50550513) addi a0, a0, 1285
x10 <- 0x0000B505


mem[X,0x80042004] -> 0x35B7
mem[X,0x80042006] -> 0x3333
[6185] [M]: 0x80042004 (0x333335B7) lui a1, 209715
x11 <- 0x33333000


mem[X,0x80042008] -> 0x8593
mem[X,0x8004200A] -> 0x3325
[6186] [M]: 0x80042008 (0x33258593) addi a1, a1, 818
x11 <- 0x33333332


mem[X,0x8004200C] -> 0x0213
mem[X,0x8004200E] -> 0x0000
[6187] [M]: 0x8004200C (0x00000213) addi tp, zero, 0
x4 <- 0x00000000


mem[X,0x80042010] -> 0x006F
mem[X,0x80042012] -> 0x00C0
[6188] [M]: 0x80042010 (0x00C0006F) jal zero, 12


mem[X,0x8004201C] -> 0x6063
mem[X,0x8004201E] -> 0x40B5
[6189] [M]: 0x8004201C (0x40B56063) bltu a0, a1, 1024


mem[X,0x8004241C] -> 0x0213
mem[X,0x8004241E] -> 0x0032
[6190] [M]: 0x8004241C (0x00320213) addi tp, tp, 3
x4 <- 0x00000003


mem[X,0x80042420] -> 0x006F
mem[X,0x80042422] -> 0x0040
[6191] [M]: 0x80042420 (0x0040006F) jal zero, 4


mem[X,0x80042424] -> 0xA223
mem[X,0x80042426] -> 0x1E40
[6192] [M]: 0x80042424 (0x1E40A223) sw tp, 484(ra)
mem[0x8004BC58] <- 0x00000003


mem[X,0x80042428] -> 0xB537
mem[X,0x8004242A] -> 0x0000
[6193] [M]: 0x80042428 (0x0000B537) lui a0, 11
x10 <- 0x0000B000


mem[X,0x8004242C] -> 0x0513
mem[X,0x8004242E] -> 0x5055
[6194] [M]: 0x8004242C (0x50550513) addi a0, a0, 1285
x10 <- 0x0000B505


mem[X,0x80042430] -> 0x65B7
mem[X,0x80042432] -> 0x6666
[6195] [M]: 0x80042430 (0x666665B7) lui a1, 419430
x11 <- 0x66666000


mem[X,0x80042434] -> 0x8593
mem[X,0x80042436] -> 0x6655
[6196] [M]: 0x80042434 (0x66558593) addi a1, a1, 1637
x11 <- 0x66666665


mem[X,0x80042438] -> 0x0213
mem[X,0x8004243A] -> 0x0000
[6197] [M]: 0x80042438 (0x00000213) addi tp, zero, 0
x4 <- 0x00000000


mem[X,0x8004243C] -> 0x006F
mem[X,0x8004243E] -> 0x0140
[6198] [M]: 0x8004243C (0x0140006F) jal zero, 20


mem[X,0x80042450] -> 0x68E3
mem[X,0x80042452] -> 0xFEB5
[6199] [M]: 0x80042450 (0xFEB568E3) bltu a0, a1, 8176


clint::tick mtime <- 0x000000000000003E
 clint timer pending at mtime 0x000000000000003E
htif::tick 0x0000000000000000
mem[X,0x80042440] -> 0x0213
mem[X,0x80042442] -> 0x0012
[6200] [M]: 0x80042440 (0x00120213) addi tp, tp, 1
x4 <- 0x00000001


mem[X,0x80042444] -> 0x006F
mem[X,0x80042446] -> 0x0200
[6201] [M]: 0x80042444 (0x0200006F) jal zero, 32


mem[X,0x80042464] -> 0xA423
mem[X,0x80042466] -> 0x1E40
[6202] [M]: 0x80042464 (0x1E40A423) sw tp, 488(ra)
mem[0x8004BC5C] <- 0x00000001


mem[X,0x80042468] -> 0xB537
mem[X,0x8004246A] -> 0x0000
[6203] [M]: 0x80042468 (0x0000B537) lui a0, 11
x10 <- 0x0000B000


mem[X,0x8004246C] -> 0x0513
mem[X,0x8004246E] -> 0x5055
[6204] [M]: 0x8004246C (0x50550513) addi a0, a0, 1285
x10 <- 0x0000B505


mem[X,0x80042470] -> 0xB5B7
mem[X,0x80042472] -> 0x0000
[6205] [M]: 0x80042470 (0x0000B5B7) lui a1, 11
x11 <- 0x0000B000


mem[X,0x80042474] -> 0x8593
mem[X,0x80042476] -> 0x5035
[6206] [M]: 0x80042474 (0x50358593) addi a1, a1, 1283
x11 <- 0x0000B503


mem[X,0x80042478] -> 0x0213
mem[X,0x8004247A] -> 0x0000
[6207] [M]: 0x80042478 (0x00000213) addi tp, zero, 0
x4 <- 0x00000000


mem[X,0x8004247C] -> 0x006F
mem[X,0x8004247E] -> 0x00C0
[6208] [M]: 0x8004247C (0x00C0006F) jal zero, 12


mem[X,0x80042488] -> 0x6063
mem[X,0x8004248A] -> 0x20B5
[6209] [M]: 0x80042488 (0x20B56063) bltu a0, a1, 512


mem[X,0x8004248C] -> 0x0213
mem[X,0x8004248E] -> 0x0022
[6210] [M]: 0x8004248C (0x00220213) addi tp, tp, 2
x4 <- 0x00000002


mem[X,0x80042490] -> 0x006F
mem[X,0x80042492] -> 0x2000
[6211] [M]: 0x80042490 (0x2000006F) jal zero, 512


mem[X,0x80042690] -> 0xA623
mem[X,0x80042692] -> 0x1E40
[6212] [M]: 0x80042690 (0x1E40A623) sw tp, 492(ra)
mem[0x8004BC60] <- 0x00000002


mem[X,0x80042694] -> 0xB537
mem[X,0x80042696] -> 0x0000
[6213] [M]: 0x80042694 (0x0000B537) lui a0, 11
x10 <- 0x0000B000


mem[X,0x80042698] -> 0x0513
mem[X,0x8004269A] -> 0x5055
[6214] [M]: 0x80042698 (0x50550513) addi a0, a0, 1285
x10 <- 0x0000B505


mem[X,0x8004269C] -> 0x05B7
mem[X,0x8004269E] -> 0x0001
[6215] [M]: 0x8004269C (0x000105B7) lui a1, 16
x11 <- 0x00010000


mem[X,0x800426A0] -> 0x8593
mem[X,0x800426A2] -> 0xFFE5
[6216] [M]: 0x800426A0 (0xFFE58593) addi a1, a1, 4094
x11 <- 0x0000FFFE


mem[X,0x800426A4] -> 0x0213
mem[X,0x800426A6] -> 0x0000
[6217] [M]: 0x800426A4 (0x00000213) addi tp, zero, 0
x4 <- 0x00000000


mem[X,0x800426A8] -> 0x006F
mem[X,0x800426AA] -> 0x0100
[6218] [M]: 0x800426A8 (0x0100006F) jal zero, 16


mem[X,0x800426B8] -> 0x6AE3
mem[X,0x800426BA] -> 0xFEB5
[6219] [M]: 0x800426B8 (0xFEB56AE3) bltu a0, a1, 8180


mem[X,0x800426AC] -> 0x0213
mem[X,0x800426AE] -> 0x0012
[6220] [M]: 0x800426AC (0x00120213) addi tp, tp, 1
x4 <- 0x00000001


mem[X,0x800426B0] -> 0x006F
mem[X,0x800426B2] -> 0x01C0
[6221] [M]: 0x800426B0 (0x01C0006F) jal zero, 28


mem[X,0x800426CC] -> 0xA823
mem[X,0x800426CE] -> 0x1E40
[6222] [M]: 0x800426CC (0x1E40A823) sw tp, 496(ra)
mem[0x8004BC64] <- 0x00000001


mem[X,0x800426D0] -> 0xB537
mem[X,0x800426D2] -> 0x0000
[6223] [M]: 0x800426D0 (0x0000B537) lui a0, 11
x10 <- 0x0000B000


mem[X,0x800426D4] -> 0x0513
mem[X,0x800426D6] -> 0x5055
[6224] [M]: 0x800426D4 (0x50550513) addi a0, a0, 1285
x10 <- 0x0000B505


mem[X,0x800426D8] -> 0x55B7
mem[X,0x800426DA] -> 0x5555
[6225] [M]: 0x800426D8 (0x555555B7) lui a1, 349525
x11 <- 0x55555000


mem[X,0x800426DC] -> 0x8593
mem[X,0x800426DE] -> 0x5565
[6226] [M]: 0x800426DC (0x55658593) addi a1, a1, 1366
x11 <- 0x55555556


mem[X,0x800426E0] -> 0x0213
mem[X,0x800426E2] -> 0x0000
[6227] [M]: 0x800426E0 (0x00000213) addi tp, zero, 0
x4 <- 0x00000000


mem[X,0x800426E4] -> 0x006F
mem[X,0x800426E6] -> 0x2B10
[6228] [M]: 0x800426E4 (0x2B10006F) jal zero, 2736


mem[X,0x80043194] -> 0x6A63
mem[X,0x80043196] -> 0xD4B5
[6229] [M]: 0x80043194 (0xD4B56A63) bltu a0, a1, 5460


mem[X,0x800426E8] -> 0x0213
mem[X,0x800426EA] -> 0x0012
[6230] [M]: 0x800426E8 (0x00120213) addi tp, tp, 1
x4 <- 0x00000001


mem[X,0x800426EC] -> 0x006F
mem[X,0x800426EE] -> 0x2BD0
[6231] [M]: 0x800426EC (0x2BD0006F) jal zero, 2748


mem[X,0x800431A8] -> 0xAA23
mem[X,0x800431AA] -> 0x1E40
[6232] [M]: 0x800431A8 (0x1E40AA23) sw tp, 500(ra)
mem[0x8004BC68] <- 0x00000001


mem[X,0x800431AC] -> 0xB537
mem[X,0x800431AE] -> 0x0000
[6233] [M]: 0x800431AC (0x0000B537) lui a0, 11
x10 <- 0x0000B000


mem[X,0x800431B0] -> 0x0513
mem[X,0x800431B2] -> 0x5055
[6234] [M]: 0x800431B0 (0x50550513) addi a0, a0, 1285
x10 <- 0x0000B505


mem[X,0x800431B4] -> 0xB5B7
mem[X,0x800431B6] -> 0xAAAA
[6235] [M]: 0x800431B4 (0xAAAAB5B7) lui a1, 699051
x11 <- 0xAAAAB000


mem[X,0x800431B8] -> 0x8593
mem[X,0x800431BA] -> 0xAAB5
[6236] [M]: 0x800431B8 (0xAAB58593) addi a1, a1, 2731
x11 <- 0xAAAAAAAB


mem[X,0x800431BC] -> 0x0213
mem[X,0x800431BE] -> 0x0000
[6237] [M]: 0x800431BC (0x00000213) addi tp, zero, 0
x4 <- 0x00000000


mem[X,0x800431C0] -> 0x006F
mem[X,0x800431C2] -> 0x00C0
[6238] [M]: 0x800431C0 (0x00C0006F) jal zero, 12


mem[X,0x800431CC] -> 0x6063
mem[X,0x800431CE] -> 0x02B5
[6239] [M]: 0x800431CC (0x02B56063) bltu a0, a1, 32


mem[X,0x800431EC] -> 0x0213
mem[X,0x800431EE] -> 0x0032
[6240] [M]: 0x800431EC (0x00320213) addi tp, tp, 3
x4 <- 0x00000003


mem[X,0x800431F0] -> 0x006F
mem[X,0x800431F2] -> 0x0040
[6241] [M]: 0x800431F0 (0x0040006F) jal zero, 4


mem[X,0x800431F4] -> 0xAC23
mem[X,0x800431F6] -> 0x1E40
[6242] [M]: 0x800431F4 (0x1E40AC23) sw tp, 504(ra)
mem[0x8004BC6C] <- 0x00000003


mem[X,0x800431F8] -> 0xB537
mem[X,0x800431FA] -> 0x0000
[6243] [M]: 0x800431F8 (0x0000B537) lui a0, 11
x10 <- 0x0000B000


mem[X,0x800431FC] -> 0x0513
mem[X,0x800431FE] -> 0x5055
[6244] [M]: 0x800431FC (0x50550513) addi a0, a0, 1285
x10 <- 0x0000B505


mem[X,0x80043200] -> 0x0593
mem[X,0x80043202] -> 0x0060
[6245] [M]: 0x80043200 (0x00600593) addi a1, zero, 6
x11 <- 0x00000006


mem[X,0x80043204] -> 0x0213
mem[X,0x80043206] -> 0x0000
[6246] [M]: 0x80043204 (0x00000213) addi tp, zero, 0
x4 <- 0x00000000


mem[X,0x80043208] -> 0x006F
mem[X,0x8004320A] -> 0x00C0
[6247] [M]: 0x80043208 (0x00C0006F) jal zero, 12


mem[X,0x80043214] -> 0x6663
mem[X,0x80043216] -> 0x00B5
[6248] [M]: 0x80043214 (0x00B56663) bltu a0, a1, 12


mem[X,0x80043218] -> 0x0213
mem[X,0x8004321A] -> 0x0022
[6249] [M]: 0x80043218 (0x00220213) addi tp, tp, 2
x4 <- 0x00000002


mem[X,0x8004321C] -> 0x006F
mem[X,0x8004321E] -> 0x00C0
[6250] [M]: 0x8004321C (0x00C0006F) jal zero, 12


mem[X,0x80043228] -> 0xAE23
mem[X,0x8004322A] -> 0x1E40
[6251] [M]: 0x80043228 (0x1E40AE23) sw tp, 508(ra)
mem[0x8004BC70] <- 0x00000002


mem[X,0x8004322C] -> 0xB537
mem[X,0x8004322E] -> 0x0000
[6252] [M]: 0x8004322C (0x0000B537) lui a0, 11
x10 <- 0x0000B000


mem[X,0x80043230] -> 0x0513
mem[X,0x80043232] -> 0x5055
[6253] [M]: 0x80043230 (0x50550513) addi a0, a0, 1285
x10 <- 0x0000B505


mem[X,0x80043234] -> 0x35B7
mem[X,0x80043236] -> 0x3333
[6254] [M]: 0x80043234 (0x333335B7) lui a1, 209715
x11 <- 0x33333000


mem[X,0x80043238] -> 0x8593
mem[X,0x8004323A] -> 0x3345
[6255] [M]: 0x80043238 (0x33458593) addi a1, a1, 820
x11 <- 0x33333334


mem[X,0x8004323C] -> 0x0213
mem[X,0x8004323E] -> 0x0000
[6256] [M]: 0x8004323C (0x00000213) addi tp, zero, 0
x4 <- 0x00000000


mem[X,0x80043240] -> 0x006F
mem[X,0x80043242] -> 0x2B10
[6257] [M]: 0x80043240 (0x2B10006F) jal zero, 2736


mem[X,0x80043CF0] -> 0x6A63
mem[X,0x80043CF2] -> 0xD4B5
[6258] [M]: 0x80043CF0 (0xD4B56A63) bltu a0, a1, 5460


mem[X,0x80043244] -> 0x0213
mem[X,0x80043246] -> 0x0012
[6259] [M]: 0x80043244 (0x00120213) addi tp, tp, 1
x4 <- 0x00000001


mem[X,0x80043248] -> 0x006F
mem[X,0x8004324A] -> 0x2BD0
[6260] [M]: 0x80043248 (0x2BD0006F) jal zero, 2748


mem[X,0x80043D04] -> 0xA023
mem[X,0x80043D06] -> 0x2040
[6261] [M]: 0x80043D04 (0x2040A023) sw tp, 512(ra)
mem[0x8004BC74] <- 0x00000001


mem[X,0x80043D08] -> 0xB537
mem[X,0x80043D0A] -> 0x0000
[6262] [M]: 0x80043D08 (0x0000B537) lui a0, 11
x10 <- 0x0000B000


mem[X,0x80043D0C] -> 0x0513
mem[X,0x80043D0E] -> 0x5055
[6263] [M]: 0x80043D0C (0x50550513) addi a0, a0, 1285
x10 <- 0x0000B505


mem[X,0x80043D10] -> 0x65B7
mem[X,0x80043D12] -> 0x6666
[6264] [M]: 0x80043D10 (0x666665B7) lui a1, 419430
x11 <- 0x66666000


mem[X,0x80043D14] -> 0x8593
mem[X,0x80043D16] -> 0x6675
[6265] [M]: 0x80043D14 (0x66758593) addi a1, a1, 1639
x11 <- 0x66666667


mem[X,0x80043D18] -> 0x0213
mem[X,0x80043D1A] -> 0x0000
[6266] [M]: 0x80043D18 (0x00000213) addi tp, zero, 0
x4 <- 0x00000000


mem[X,0x80043D1C] -> 0x006F
mem[X,0x80043D1E] -> 0x00C0
[6267] [M]: 0x80043D1C (0x00C0006F) jal zero, 12


mem[X,0x80043D28] -> 0x6663
mem[X,0x80043D2A] -> 0x00B5
[6268] [M]: 0x80043D28 (0x00B56663) bltu a0, a1, 12


mem[X,0x80043D34] -> 0x0213
mem[X,0x80043D36] -> 0x0032
[6269] [M]: 0x80043D34 (0x00320213) addi tp, tp, 3
x4 <- 0x00000003


mem[X,0x80043D38] -> 0x006F
mem[X,0x80043D3A] -> 0x0040
[6270] [M]: 0x80043D38 (0x0040006F) jal zero, 4


mem[X,0x80043D3C] -> 0xA223
mem[X,0x80043D3E] -> 0x2040
[6271] [M]: 0x80043D3C (0x2040A223) sw tp, 516(ra)
mem[0x8004BC78] <- 0x00000003


mem[X,0x80043D40] -> 0xB537
mem[X,0x80043D42] -> 0x0000
[6272] [M]: 0x80043D40 (0x0000B537) lui a0, 11
x10 <- 0x0000B000


mem[X,0x80043D44] -> 0x0513
mem[X,0x80043D46] -> 0x5055
[6273] [M]: 0x80043D44 (0x50550513) addi a0, a0, 1285
x10 <- 0x0000B505


mem[X,0x80043D48] -> 0xB5B7
mem[X,0x80043D4A] -> 0x0000
[6274] [M]: 0x80043D48 (0x0000B5B7) lui a1, 11
x11 <- 0x0000B000


mem[X,0x80043D4C] -> 0x8593
mem[X,0x80043D4E] -> 0x5055
[6275] [M]: 0x80043D4C (0x50558593) addi a1, a1, 1285
x11 <- 0x0000B505


mem[X,0x80043D50] -> 0x0213
mem[X,0x80043D52] -> 0x0000
[6276] [M]: 0x80043D50 (0x00000213) addi tp, zero, 0
x4 <- 0x00000000


mem[X,0x80043D54] -> 0x006F
mem[X,0x80043D56] -> 0x0140
[6277] [M]: 0x80043D54 (0x0140006F) jal zero, 20


mem[X,0x80043D68] -> 0x68E3
mem[X,0x80043D6A] -> 0xFEB5
[6278] [M]: 0x80043D68 (0xFEB568E3) bltu a0, a1, 8176


mem[X,0x80043D6C] -> 0x0213
mem[X,0x80043D6E] -> 0x0022
[6279] [M]: 0x80043D6C (0x00220213) addi tp, tp, 2
x4 <- 0x00000002


mem[X,0x80043D70] -> 0x006F
mem[X,0x80043D72] -> 0x00C0
[6280] [M]: 0x80043D70 (0x00C0006F) jal zero, 12


mem[X,0x80043D7C] -> 0xA423
mem[X,0x80043D7E] -> 0x2040
[6281] [M]: 0x80043D7C (0x2040A423) sw tp, 520(ra)
mem[0x8004BC7C] <- 0x00000002


mem[X,0x80043D80] -> 0xB537
mem[X,0x80043D82] -> 0x0000
[6282] [M]: 0x80043D80 (0x0000B537) lui a0, 11
x10 <- 0x0000B000


mem[X,0x80043D84] -> 0x0513
mem[X,0x80043D86] -> 0x5055
[6283] [M]: 0x80043D84 (0x50550513) addi a0, a0, 1285
x10 <- 0x0000B505


mem[X,0x80043D88] -> 0x0593
mem[X,0x80043D8A] -> 0x0010
[6284] [M]: 0x80043D88 (0x00100593) addi a1, zero, 1
x11 <- 0x00000001


mem[X,0x80043D8C] -> 0x0213
mem[X,0x80043D8E] -> 0x0000
[6285] [M]: 0x80043D8C (0x00000213) addi tp, zero, 0
x4 <- 0x00000000


mem[X,0x80043D90] -> 0x006F
mem[X,0x80043D92] -> 0x0180
[6286] [M]: 0x80043D90 (0x0180006F) jal zero, 24


mem[X,0x80043DA8] -> 0x66E3
mem[X,0x80043DAA] -> 0xFEB5
[6287] [M]: 0x80043DA8 (0xFEB566E3) bltu a0, a1, 8172


mem[X,0x80043DAC] -> 0x0213
mem[X,0x80043DAE] -> 0x0022
[6288] [M]: 0x80043DAC (0x00220213) addi tp, tp, 2
x4 <- 0x00000002


mem[X,0x80043DB0] -> 0x006F
mem[X,0x80043DB2] -> 0x00C0
[6289] [M]: 0x80043DB0 (0x00C0006F) jal zero, 12


mem[X,0x80043DBC] -> 0xA623
mem[X,0x80043DBE] -> 0x2040
[6290] [M]: 0x80043DBC (0x2040A623) sw tp, 524(ra)
mem[0x8004BC80] <- 0x00000002


mem[X,0x80043DC0] -> 0xB537
mem[X,0x80043DC2] -> 0x0000
[6291] [M]: 0x80043DC0 (0x0000B537) lui a0, 11
x10 <- 0x0000B000


mem[X,0x80043DC4] -> 0x0513
mem[X,0x80043DC6] -> 0x5055
[6292] [M]: 0x80043DC4 (0x50550513) addi a0, a0, 1285
x10 <- 0x0000B505


mem[X,0x80043DC8] -> 0x05B7
mem[X,0x80043DCA] -> 0x0001
[6293] [M]: 0x80043DC8 (0x000105B7) lui a1, 16
x11 <- 0x00010000


mem[X,0x80043DCC] -> 0x0213
mem[X,0x80043DCE] -> 0x0000
[6294] [M]: 0x80043DCC (0x00000213) addi tp, zero, 0
x4 <- 0x00000000


mem[X,0x80043DD0] -> 0x006F
mem[X,0x80043DD2] -> 0x00C0
[6295] [M]: 0x80043DD0 (0x00C0006F) jal zero, 12


mem[X,0x80043DDC] -> 0x6663
mem[X,0x80043DDE] -> 0x00B5
[6296] [M]: 0x80043DDC (0x00B56663) bltu a0, a1, 12


mem[X,0x80043DE8] -> 0x0213
mem[X,0x80043DEA] -> 0x0032
[6297] [M]: 0x80043DE8 (0x00320213) addi tp, tp, 3
x4 <- 0x00000003


mem[X,0x80043DEC] -> 0x006F
mem[X,0x80043DEE] -> 0x0040
[6298] [M]: 0x80043DEC (0x0040006F) jal zero, 4


mem[X,0x80043DF0] -> 0xA823
mem[X,0x80043DF2] -> 0x2040
[6299] [M]: 0x80043DF0 (0x2040A823) sw tp, 528(ra)
mem[0x8004BC84] <- 0x00000003


clint::tick mtime <- 0x000000000000003F
 clint timer pending at mtime 0x000000000000003F
htif::tick 0x0000000000000000
mem[X,0x80043DF4] -> 0x0513
mem[X,0x80043DF6] -> 0x0010
[6300] [M]: 0x80043DF4 (0x00100513) addi a0, zero, 1
x10 <- 0x00000001


mem[X,0x80043DF8] -> 0x0593
mem[X,0x80043DFA] -> 0x0030
[6301] [M]: 0x80043DF8 (0x00300593) addi a1, zero, 3
x11 <- 0x00000003


mem[X,0x80043DFC] -> 0x0213
mem[X,0x80043DFE] -> 0x0000
[6302] [M]: 0x80043DFC (0x00000213) addi tp, zero, 0
x4 <- 0x00000000


mem[X,0x80043E00] -> 0x006F
mem[X,0x80043E02] -> 0x00C0
[6303] [M]: 0x80043E00 (0x00C0006F) jal zero, 12


mem[X,0x80043E0C] -> 0x6063
mem[X,0x80043E0E] -> 0x10B5
[6304] [M]: 0x80043E0C (0x10B56063) bltu a0, a1, 256


mem[X,0x80043F0C] -> 0x0213
mem[X,0x80043F0E] -> 0x0032
[6305] [M]: 0x80043F0C (0x00320213) addi tp, tp, 3
x4 <- 0x00000003


mem[X,0x80043F10] -> 0x006F
mem[X,0x80043F12] -> 0x0040
[6306] [M]: 0x80043F10 (0x0040006F) jal zero, 4


mem[X,0x80043F14] -> 0xAA23
mem[X,0x80043F16] -> 0x2040
[6307] [M]: 0x80043F14 (0x2040AA23) sw tp, 532(ra)
mem[0x8004BC88] <- 0x00000003


mem[X,0x80043F18] -> 0x0513
mem[X,0x80043F1A] -> 0x0010
[6308] [M]: 0x80043F18 (0x00100513) addi a0, zero, 1
x10 <- 0x00000001


mem[X,0x80043F1C] -> 0x55B7
mem[X,0x80043F1E] -> 0x5555
[6309] [M]: 0x80043F1C (0x555555B7) lui a1, 349525
x11 <- 0x55555000


mem[X,0x80043F20] -> 0x8593
mem[X,0x80043F22] -> 0x5555
[6310] [M]: 0x80043F20 (0x55558593) addi a1, a1, 1365
x11 <- 0x55555555


mem[X,0x80043F24] -> 0x0213
mem[X,0x80043F26] -> 0x0000
[6311] [M]: 0x80043F24 (0x00000213) addi tp, zero, 0
x4 <- 0x00000000


mem[X,0x80043F28] -> 0x006F
mem[X,0x80043F2A] -> 0x00C0
[6312] [M]: 0x80043F28 (0x00C0006F) jal zero, 12


mem[X,0x80043F34] -> 0x6CE3
mem[X,0x80043F36] -> 0xFEB5
[6313] [M]: 0x80043F34 (0xFEB56CE3) bltu a0, a1, 8184


mem[X,0x80043F2C] -> 0x0213
mem[X,0x80043F2E] -> 0x0012
[6314] [M]: 0x80043F2C (0x00120213) addi tp, tp, 1
x4 <- 0x00000001


mem[X,0x80043F30] -> 0x006F
mem[X,0x80043F32] -> 0x0180
[6315] [M]: 0x80043F30 (0x0180006F) jal zero, 24


mem[X,0x80043F48] -> 0xAC23
mem[X,0x80043F4A] -> 0x2040
[6316] [M]: 0x80043F48 (0x2040AC23) sw tp, 536(ra)
mem[0x8004BC8C] <- 0x00000001


mem[X,0x80043F4C] -> 0x0513
mem[X,0x80043F4E] -> 0x0010
[6317] [M]: 0x80043F4C (0x00100513) addi a0, zero, 1
x10 <- 0x00000001


mem[X,0x80043F50] -> 0xB5B7
mem[X,0x80043F52] -> 0xAAAA
[6318] [M]: 0x80043F50 (0xAAAAB5B7) lui a1, 699051
x11 <- 0xAAAAB000


mem[X,0x80043F54] -> 0x8593
mem[X,0x80043F56] -> 0xAAA5
[6319] [M]: 0x80043F54 (0xAAA58593) addi a1, a1, 2730
x11 <- 0xAAAAAAAA


mem[X,0x80043F58] -> 0x0213
mem[X,0x80043F5A] -> 0x0000
[6320] [M]: 0x80043F58 (0x00000213) addi tp, zero, 0
x4 <- 0x00000000


mem[X,0x80043F5C] -> 0x006F
mem[X,0x80043F5E] -> 0x00C0
[6321] [M]: 0x80043F5C (0x00C0006F) jal zero, 12


mem[X,0x80043F68] -> 0x6663
mem[X,0x80043F6A] -> 0x00B5
[6322] [M]: 0x80043F68 (0x00B56663) bltu a0, a1, 12


mem[X,0x80043F74] -> 0x0213
mem[X,0x80043F76] -> 0x0032
[6323] [M]: 0x80043F74 (0x00320213) addi tp, tp, 3
x4 <- 0x00000003


mem[X,0x80043F78] -> 0x006F
mem[X,0x80043F7A] -> 0x0040
[6324] [M]: 0x80043F78 (0x0040006F) jal zero, 4


mem[X,0x80043F7C] -> 0xAE23
mem[X,0x80043F7E] -> 0x2040
[6325] [M]: 0x80043F7C (0x2040AE23) sw tp, 540(ra)
mem[0x8004BC90] <- 0x00000003


mem[X,0x80043F80] -> 0x0513
mem[X,0x80043F82] -> 0x0010
[6326] [M]: 0x80043F80 (0x00100513) addi a0, zero, 1
x10 <- 0x00000001


mem[X,0x80043F84] -> 0x0593
mem[X,0x80043F86] -> 0x0050
[6327] [M]: 0x80043F84 (0x00500593) addi a1, zero, 5
x11 <- 0x00000005


mem[X,0x80043F88] -> 0x0213
mem[X,0x80043F8A] -> 0x0000
[6328] [M]: 0x80043F88 (0x00000213) addi tp, zero, 0
x4 <- 0x00000000


mem[X,0x80043F8C] -> 0x006F
mem[X,0x80043F8E] -> 0x0050
[6329] [M]: 0x80043F8C (0x0050006F) jal zero, 2052


mem[X,0x80044790] -> 0x60E3
mem[X,0x80044792] -> 0x80B5
[6330] [M]: 0x80044790 (0x80B560E3) bltu a0, a1, 6144


mem[X,0x80043F90] -> 0x0213
mem[X,0x80043F92] -> 0x0012
[6331] [M]: 0x80043F90 (0x00120213) addi tp, tp, 1
x4 <- 0x00000001


mem[X,0x80043F94] -> 0x006F
mem[X,0x80043F96] -> 0x0110
[6332] [M]: 0x80043F94 (0x0110006F) jal zero, 2064


mem[X,0x800447A4] -> 0xA023
mem[X,0x800447A6] -> 0x2240
[6333] [M]: 0x800447A4 (0x2240A023) sw tp, 544(ra)
mem[0x8004BC94] <- 0x00000001


mem[X,0x800447A8] -> 0x0513
mem[X,0x800447AA] -> 0x0010
[6334] [M]: 0x800447A8 (0x00100513) addi a0, zero, 1
x10 <- 0x00000001


mem[X,0x800447AC] -> 0x35B7
mem[X,0x800447AE] -> 0x3333
[6335] [M]: 0x800447AC (0x333335B7) lui a1, 209715
x11 <- 0x33333000


mem[X,0x800447B0] -> 0x8593
mem[X,0x800447B2] -> 0x3335
[6336] [M]: 0x800447B0 (0x33358593) addi a1, a1, 819
x11 <- 0x33333333


mem[X,0x800447B4] -> 0x0213
mem[X,0x800447B6] -> 0x0000
[6337] [M]: 0x800447B4 (0x00000213) addi tp, zero, 0
x4 <- 0x00000000


mem[X,0x800447B8] -> 0x006F
mem[X,0x800447BA] -> 0x00C0
[6338] [M]: 0x800447B8 (0x00C0006F) jal zero, 12


mem[X,0x800447C4] -> 0x6863
mem[X,0x800447C6] -> 0x00B5
[6339] [M]: 0x800447C4 (0x00B56863) bltu a0, a1, 16


mem[X,0x800447D4] -> 0x0213
mem[X,0x800447D6] -> 0x0032
[6340] [M]: 0x800447D4 (0x00320213) addi tp, tp, 3
x4 <- 0x00000003


mem[X,0x800447D8] -> 0x006F
mem[X,0x800447DA] -> 0x0040
[6341] [M]: 0x800447D8 (0x0040006F) jal zero, 4


mem[X,0x800447DC] -> 0xA223
mem[X,0x800447DE] -> 0x2240
[6342] [M]: 0x800447DC (0x2240A223) sw tp, 548(ra)
mem[0x8004BC98] <- 0x00000003


mem[X,0x800447E0] -> 0x0513
mem[X,0x800447E2] -> 0x0010
[6343] [M]: 0x800447E0 (0x00100513) addi a0, zero, 1
x10 <- 0x00000001


mem[X,0x800447E4] -> 0x65B7
mem[X,0x800447E6] -> 0x6666
[6344] [M]: 0x800447E4 (0x666665B7) lui a1, 419430
x11 <- 0x66666000


mem[X,0x800447E8] -> 0x8593
mem[X,0x800447EA] -> 0x6665
[6345] [M]: 0x800447E8 (0x66658593) addi a1, a1, 1638
x11 <- 0x66666666


mem[X,0x800447EC] -> 0x0213
mem[X,0x800447EE] -> 0x0000
[6346] [M]: 0x800447EC (0x00000213) addi tp, zero, 0
x4 <- 0x00000000


mem[X,0x800447F0] -> 0x006F
mem[X,0x800447F2] -> 0x00C0
[6347] [M]: 0x800447F0 (0x00C0006F) jal zero, 12


mem[X,0x800447FC] -> 0x6063
mem[X,0x800447FE] -> 0x02B5
[6348] [M]: 0x800447FC (0x02B56063) bltu a0, a1, 32


mem[X,0x8004481C] -> 0x0213
mem[X,0x8004481E] -> 0x0032
[6349] [M]: 0x8004481C (0x00320213) addi tp, tp, 3
x4 <- 0x00000003


mem[X,0x80044820] -> 0x006F
mem[X,0x80044822] -> 0x0040
[6350] [M]: 0x80044820 (0x0040006F) jal zero, 4


mem[X,0x80044824] -> 0xA423
mem[X,0x80044826] -> 0x2240
[6351] [M]: 0x80044824 (0x2240A423) sw tp, 552(ra)
mem[0x8004BC9C] <- 0x00000003


mem[X,0x80044828] -> 0x0513
mem[X,0x8004482A] -> 0x0010
[6352] [M]: 0x80044828 (0x00100513) addi a0, zero, 1
x10 <- 0x00000001


mem[X,0x8004482C] -> 0xB5B7
mem[X,0x8004482E] -> 0x0000
[6353] [M]: 0x8004482C (0x0000B5B7) lui a1, 11
x11 <- 0x0000B000


mem[X,0x80044830] -> 0x8593
mem[X,0x80044832] -> 0x5045
[6354] [M]: 0x80044830 (0x50458593) addi a1, a1, 1284
x11 <- 0x0000B504


mem[X,0x80044834] -> 0x0213
mem[X,0x80044836] -> 0x0000
[6355] [M]: 0x80044834 (0x00000213) addi tp, zero, 0
x4 <- 0x00000000


mem[X,0x80044838] -> 0x006F
mem[X,0x8004483A] -> 0x0140
[6356] [M]: 0x80044838 (0x0140006F) jal zero, 20


mem[X,0x8004484C] -> 0x68E3
mem[X,0x8004484E] -> 0xFEB5
[6357] [M]: 0x8004484C (0xFEB568E3) bltu a0, a1, 8176


mem[X,0x8004483C] -> 0x0213
mem[X,0x8004483E] -> 0x0012
[6358] [M]: 0x8004483C (0x00120213) addi tp, tp, 1
x4 <- 0x00000001


mem[X,0x80044840] -> 0x006F
mem[X,0x80044842] -> 0x0200
[6359] [M]: 0x80044840 (0x0200006F) jal zero, 32


mem[X,0x80044860] -> 0xA623
mem[X,0x80044862] -> 0x2240
[6360] [M]: 0x80044860 (0x2240A623) sw tp, 556(ra)
mem[0x8004BCA0] <- 0x00000001


mem[X,0x80044864] -> 0x0513
mem[X,0x80044866] -> 0x0010
[6361] [M]: 0x80044864 (0x00100513) addi a0, zero, 1
x10 <- 0x00000001


mem[X,0x80044868] -> 0x0593
mem[X,0x8004486A] -> 0x0000
[6362] [M]: 0x80044868 (0x00000593) addi a1, zero, 0
x11 <- 0x00000000


mem[X,0x8004486C] -> 0x0213
mem[X,0x8004486E] -> 0x0000
[6363] [M]: 0x8004486C (0x00000213) addi tp, zero, 0
x4 <- 0x00000000


mem[X,0x80044870] -> 0x006F
mem[X,0x80044872] -> 0x00C0
[6364] [M]: 0x80044870 (0x00C0006F) jal zero, 12


mem[X,0x8004487C] -> 0x6063
mem[X,0x8004487E] -> 0x10B5
[6365] [M]: 0x8004487C (0x10B56063) bltu a0, a1, 256


mem[X,0x80044880] -> 0x0213
mem[X,0x80044882] -> 0x0022
[6366] [M]: 0x80044880 (0x00220213) addi tp, tp, 2
x4 <- 0x00000002


mem[X,0x80044884] -> 0x006F
mem[X,0x80044886] -> 0x1000
[6367] [M]: 0x80044884 (0x1000006F) jal zero, 256


mem[X,0x80044984] -> 0xA823
mem[X,0x80044986] -> 0x2240
[6368] [M]: 0x80044984 (0x2240A823) sw tp, 560(ra)
mem[0x8004BCA4] <- 0x00000002


mem[X,0x80044988] -> 0x0513
mem[X,0x8004498A] -> 0x0010
[6369] [M]: 0x80044988 (0x00100513) addi a0, zero, 1
x10 <- 0x00000001


mem[X,0x8004498C] -> 0x05B7
mem[X,0x8004498E] -> 0x0001
[6370] [M]: 0x8004498C (0x000105B7) lui a1, 16
x11 <- 0x00010000


mem[X,0x80044990] -> 0x8593
mem[X,0x80044992] -> 0xFFF5
[6371] [M]: 0x80044990 (0xFFF58593) addi a1, a1, 4095
x11 <- 0x0000FFFF


mem[X,0x80044994] -> 0x0213
mem[X,0x80044996] -> 0x0000
[6372] [M]: 0x80044994 (0x00000213) addi tp, zero, 0
x4 <- 0x00000000


mem[X,0x80044998] -> 0x006F
mem[X,0x8004499A] -> 0x00C0
[6373] [M]: 0x80044998 (0x00C0006F) jal zero, 12


mem[X,0x800449A4] -> 0x6CE3
mem[X,0x800449A6] -> 0xFEB5
[6374] [M]: 0x800449A4 (0xFEB56CE3) bltu a0, a1, 8184


mem[X,0x8004499C] -> 0x0213
mem[X,0x8004499E] -> 0x0012
[6375] [M]: 0x8004499C (0x00120213) addi tp, tp, 1
x4 <- 0x00000001


mem[X,0x800449A0] -> 0x006F
mem[X,0x800449A2] -> 0x0180
[6376] [M]: 0x800449A0 (0x0180006F) jal zero, 24


mem[X,0x800449B8] -> 0xAA23
mem[X,0x800449BA] -> 0x2240
[6377] [M]: 0x800449B8 (0x2240AA23) sw tp, 564(ra)
mem[0x8004BCA8] <- 0x00000001


mem[X,0x800449BC] -> 0x0513
mem[X,0x800449BE] -> 0x0010
[6378] [M]: 0x800449BC (0x00100513) addi a0, zero, 1
x10 <- 0x00000001


mem[X,0x800449C0] -> 0x0593
mem[X,0x800449C2] -> 0x0020
[6379] [M]: 0x800449C0 (0x00200593) addi a1, zero, 2
x11 <- 0x00000002


mem[X,0x800449C4] -> 0x0213
mem[X,0x800449C6] -> 0x0000
[6380] [M]: 0x800449C4 (0x00000213) addi tp, zero, 0
x4 <- 0x00000000


mem[X,0x800449C8] -> 0x006F
mem[X,0x800449CA] -> 0x0180
[6381] [M]: 0x800449C8 (0x0180006F) jal zero, 24


mem[X,0x800449E0] -> 0x66E3
mem[X,0x800449E2] -> 0xFEB5
[6382] [M]: 0x800449E0 (0xFEB566E3) bltu a0, a1, 8172


mem[X,0x800449CC] -> 0x0213
mem[X,0x800449CE] -> 0x0012
[6383] [M]: 0x800449CC (0x00120213) addi tp, tp, 1
x4 <- 0x00000001


mem[X,0x800449D0] -> 0x006F
mem[X,0x800449D2] -> 0x0240
[6384] [M]: 0x800449D0 (0x0240006F) jal zero, 36


mem[X,0x800449F4] -> 0xAC23
mem[X,0x800449F6] -> 0x2240
[6385] [M]: 0x800449F4 (0x2240AC23) sw tp, 568(ra)
mem[0x8004BCAC] <- 0x00000001


mem[X,0x800449F8] -> 0x0513
mem[X,0x800449FA] -> 0x0010
[6386] [M]: 0x800449F8 (0x00100513) addi a0, zero, 1
x10 <- 0x00000001


mem[X,0x800449FC] -> 0x55B7
mem[X,0x800449FE] -> 0x5555
[6387] [M]: 0x800449FC (0x555555B7) lui a1, 349525
x11 <- 0x55555000


mem[X,0x80044A00] -> 0x8593
mem[X,0x80044A02] -> 0x5545
[6388] [M]: 0x80044A00 (0x55458593) addi a1, a1, 1364
x11 <- 0x55555554


mem[X,0x80044A04] -> 0x0213
mem[X,0x80044A06] -> 0x0000
[6389] [M]: 0x80044A04 (0x00000213) addi tp, zero, 0
x4 <- 0x00000000


mem[X,0x80044A08] -> 0x006F
mem[X,0x80044A0A] -> 0x00C0
[6390] [M]: 0x80044A08 (0x00C0006F) jal zero, 12


mem[X,0x80044A14] -> 0x6063
mem[X,0x80044A16] -> 0x04B5
[6391] [M]: 0x80044A14 (0x04B56063) bltu a0, a1, 64


mem[X,0x80044A54] -> 0x0213
mem[X,0x80044A56] -> 0x0032
[6392] [M]: 0x80044A54 (0x00320213) addi tp, tp, 3
x4 <- 0x00000003


mem[X,0x80044A58] -> 0x006F
mem[X,0x80044A5A] -> 0x0040
[6393] [M]: 0x80044A58 (0x0040006F) jal zero, 4


mem[X,0x80044A5C] -> 0xAE23
mem[X,0x80044A5E] -> 0x2240
[6394] [M]: 0x80044A5C (0x2240AE23) sw tp, 572(ra)
mem[0x8004BCB0] <- 0x00000003


mem[X,0x80044A60] -> 0x0513
mem[X,0x80044A62] -> 0x0010
[6395] [M]: 0x80044A60 (0x00100513) addi a0, zero, 1
x10 <- 0x00000001


mem[X,0x80044A64] -> 0xB5B7
mem[X,0x80044A66] -> 0xAAAA
[6396] [M]: 0x80044A64 (0xAAAAB5B7) lui a1, 699051
x11 <- 0xAAAAB000


mem[X,0x80044A68] -> 0x8593
mem[X,0x80044A6A] -> 0xAA95
[6397] [M]: 0x80044A68 (0xAA958593) addi a1, a1, 2729
x11 <- 0xAAAAAAA9


mem[X,0x80044A6C] -> 0x0213
mem[X,0x80044A6E] -> 0x0000
[6398] [M]: 0x80044A6C (0x00000213) addi tp, zero, 0
x4 <- 0x00000000


mem[X,0x80044A70] -> 0x006F
mem[X,0x80044A72] -> 0x00C0
[6399] [M]: 0x80044A70 (0x00C0006F) jal zero, 12


clint::tick mtime <- 0x0000000000000040
 clint timer pending at mtime 0x0000000000000040
htif::tick 0x0000000000000000
mem[X,0x80044A7C] -> 0x6063
mem[X,0x80044A7E] -> 0x20B5
[6400] [M]: 0x80044A7C (0x20B56063) bltu a0, a1, 512


mem[X,0x80044C7C] -> 0x0213
mem[X,0x80044C7E] -> 0x0032
[6401] [M]: 0x80044C7C (0x00320213) addi tp, tp, 3
x4 <- 0x00000003


mem[X,0x80044C80] -> 0x006F
mem[X,0x80044C82] -> 0x0040
[6402] [M]: 0x80044C80 (0x0040006F) jal zero, 4


mem[X,0x80044C84] -> 0xA023
mem[X,0x80044C86] -> 0x2440
[6403] [M]: 0x80044C84 (0x2440A023) sw tp, 576(ra)
mem[0x8004BCB4] <- 0x00000003


mem[X,0x80044C88] -> 0x0513
mem[X,0x80044C8A] -> 0x0010
[6404] [M]: 0x80044C88 (0x00100513) addi a0, zero, 1
x10 <- 0x00000001


mem[X,0x80044C8C] -> 0x0593
mem[X,0x80044C8E] -> 0x0040
[6405] [M]: 0x80044C8C (0x00400593) addi a1, zero, 4
x11 <- 0x00000004


mem[X,0x80044C90] -> 0x0213
mem[X,0x80044C92] -> 0x0000
[6406] [M]: 0x80044C90 (0x00000213) addi tp, zero, 0
x4 <- 0x00000000


mem[X,0x80044C94] -> 0x006F
mem[X,0x80044C96] -> 0x0180
[6407] [M]: 0x80044C94 (0x0180006F) jal zero, 24


mem[X,0x80044CAC] -> 0x66E3
mem[X,0x80044CAE] -> 0xFEB5
[6408] [M]: 0x80044CAC (0xFEB566E3) bltu a0, a1, 8172


mem[X,0x80044C98] -> 0x0213
mem[X,0x80044C9A] -> 0x0012
[6409] [M]: 0x80044C98 (0x00120213) addi tp, tp, 1
x4 <- 0x00000001


mem[X,0x80044C9C] -> 0x006F
mem[X,0x80044C9E] -> 0x0240
[6410] [M]: 0x80044C9C (0x0240006F) jal zero, 36


mem[X,0x80044CC0] -> 0xA223
mem[X,0x80044CC2] -> 0x2440
[6411] [M]: 0x80044CC0 (0x2440A223) sw tp, 580(ra)
mem[0x8004BCB8] <- 0x00000001


mem[X,0x80044CC4] -> 0x0513
mem[X,0x80044CC6] -> 0x0010
[6412] [M]: 0x80044CC4 (0x00100513) addi a0, zero, 1
x10 <- 0x00000001


mem[X,0x80044CC8] -> 0x35B7
mem[X,0x80044CCA] -> 0x3333
[6413] [M]: 0x80044CC8 (0x333335B7) lui a1, 209715
x11 <- 0x33333000


mem[X,0x80044CCC] -> 0x8593
mem[X,0x80044CCE] -> 0x3325
[6414] [M]: 0x80044CCC (0x33258593) addi a1, a1, 818
x11 <- 0x33333332


mem[X,0x80044CD0] -> 0x0213
mem[X,0x80044CD2] -> 0x0000
[6415] [M]: 0x80044CD0 (0x00000213) addi tp, zero, 0
x4 <- 0x00000000


mem[X,0x80044CD4] -> 0x006F
mem[X,0x80044CD6] -> 0x00C0
[6416] [M]: 0x80044CD4 (0x00C0006F) jal zero, 12


mem[X,0x80044CE0] -> 0x6863
mem[X,0x80044CE2] -> 0x00B5
[6417] [M]: 0x80044CE0 (0x00B56863) bltu a0, a1, 16


mem[X,0x80044CF0] -> 0x0213
mem[X,0x80044CF2] -> 0x0032
[6418] [M]: 0x80044CF0 (0x00320213) addi tp, tp, 3
x4 <- 0x00000003


mem[X,0x80044CF4] -> 0x006F
mem[X,0x80044CF6] -> 0x0040
[6419] [M]: 0x80044CF4 (0x0040006F) jal zero, 4


mem[X,0x80044CF8] -> 0xA423
mem[X,0x80044CFA] -> 0x2440
[6420] [M]: 0x80044CF8 (0x2440A423) sw tp, 584(ra)
mem[0x8004BCBC] <- 0x00000003


mem[X,0x80044CFC] -> 0x0513
mem[X,0x80044CFE] -> 0x0010
[6421] [M]: 0x80044CFC (0x00100513) addi a0, zero, 1
x10 <- 0x00000001


mem[X,0x80044D00] -> 0x65B7
mem[X,0x80044D02] -> 0x6666
[6422] [M]: 0x80044D00 (0x666665B7) lui a1, 419430
x11 <- 0x66666000


mem[X,0x80044D04] -> 0x8593
mem[X,0x80044D06] -> 0x6655
[6423] [M]: 0x80044D04 (0x66558593) addi a1, a1, 1637
x11 <- 0x66666665


mem[X,0x80044D08] -> 0x0213
mem[X,0x80044D0A] -> 0x0000
[6424] [M]: 0x80044D08 (0x00000213) addi tp, zero, 0
x4 <- 0x00000000


mem[X,0x80044D0C] -> 0x006F
mem[X,0x80044D0E] -> 0x00C0
[6425] [M]: 0x80044D0C (0x00C0006F) jal zero, 12


mem[X,0x80044D18] -> 0x6063
mem[X,0x80044D1A] -> 0x20B5
[6426] [M]: 0x80044D18 (0x20B56063) bltu a0, a1, 512


mem[X,0x80044F18] -> 0x0213
mem[X,0x80044F1A] -> 0x0032
[6427] [M]: 0x80044F18 (0x00320213) addi tp, tp, 3
x4 <- 0x00000003


mem[X,0x80044F1C] -> 0x006F
mem[X,0x80044F1E] -> 0x0040
[6428] [M]: 0x80044F1C (0x0040006F) jal zero, 4


mem[X,0x80044F20] -> 0xA623
mem[X,0x80044F22] -> 0x2440
[6429] [M]: 0x80044F20 (0x2440A623) sw tp, 588(ra)
mem[0x8004BCC0] <- 0x00000003


mem[X,0x80044F24] -> 0x0513
mem[X,0x80044F26] -> 0x0010
[6430] [M]: 0x80044F24 (0x00100513) addi a0, zero, 1
x10 <- 0x00000001


mem[X,0x80044F28] -> 0xB5B7
mem[X,0x80044F2A] -> 0x0000
[6431] [M]: 0x80044F28 (0x0000B5B7) lui a1, 11
x11 <- 0x0000B000


mem[X,0x80044F2C] -> 0x8593
mem[X,0x80044F2E] -> 0x5035
[6432] [M]: 0x80044F2C (0x50358593) addi a1, a1, 1283
x11 <- 0x0000B503


mem[X,0x80044F30] -> 0x0213
mem[X,0x80044F32] -> 0x0000
[6433] [M]: 0x80044F30 (0x00000213) addi tp, zero, 0
x4 <- 0x00000000


mem[X,0x80044F34] -> 0x006F
mem[X,0x80044F36] -> 0x00C0
[6434] [M]: 0x80044F34 (0x00C0006F) jal zero, 12


mem[X,0x80044F40] -> 0x6063
mem[X,0x80044F42] -> 0x08B5
[6435] [M]: 0x80044F40 (0x08B56063) bltu a0, a1, 128


mem[X,0x80044FC0] -> 0x0213
mem[X,0x80044FC2] -> 0x0032
[6436] [M]: 0x80044FC0 (0x00320213) addi tp, tp, 3
x4 <- 0x00000003


mem[X,0x80044FC4] -> 0x006F
mem[X,0x80044FC6] -> 0x0040
[6437] [M]: 0x80044FC4 (0x0040006F) jal zero, 4


mem[X,0x80044FC8] -> 0xA823
mem[X,0x80044FCA] -> 0x2440
[6438] [M]: 0x80044FC8 (0x2440A823) sw tp, 592(ra)
mem[0x8004BCC4] <- 0x00000003


mem[X,0x80044FCC] -> 0x0513
mem[X,0x80044FCE] -> 0x0010
[6439] [M]: 0x80044FCC (0x00100513) addi a0, zero, 1
x10 <- 0x00000001


mem[X,0x80044FD0] -> 0x05B7
mem[X,0x80044FD2] -> 0x0001
[6440] [M]: 0x80044FD0 (0x000105B7) lui a1, 16
x11 <- 0x00010000


mem[X,0x80044FD4] -> 0x8593
mem[X,0x80044FD6] -> 0xFFE5
[6441] [M]: 0x80044FD4 (0xFFE58593) addi a1, a1, 4094
x11 <- 0x0000FFFE


mem[X,0x80044FD8] -> 0x0213
mem[X,0x80044FDA] -> 0x0000
[6442] [M]: 0x80044FD8 (0x00000213) addi tp, zero, 0
x4 <- 0x00000000


mem[X,0x80044FDC] -> 0x006F
mem[X,0x80044FDE] -> 0x00C0
[6443] [M]: 0x80044FDC (0x00C0006F) jal zero, 12


mem[X,0x80044FE8] -> 0x6063
mem[X,0x80044FEA] -> 0x10B5
[6444] [M]: 0x80044FE8 (0x10B56063) bltu a0, a1, 256


mem[X,0x800450E8] -> 0x0213
mem[X,0x800450EA] -> 0x0032
[6445] [M]: 0x800450E8 (0x00320213) addi tp, tp, 3
x4 <- 0x00000003


mem[X,0x800450EC] -> 0x006F
mem[X,0x800450EE] -> 0x0040
[6446] [M]: 0x800450EC (0x0040006F) jal zero, 4


mem[X,0x800450F0] -> 0xAA23
mem[X,0x800450F2] -> 0x2440
[6447] [M]: 0x800450F0 (0x2440AA23) sw tp, 596(ra)
mem[0x8004BCC8] <- 0x00000003


mem[X,0x800450F4] -> 0x0513
mem[X,0x800450F6] -> 0x0010
[6448] [M]: 0x800450F4 (0x00100513) addi a0, zero, 1
x10 <- 0x00000001


mem[X,0x800450F8] -> 0x55B7
mem[X,0x800450FA] -> 0x5555
[6449] [M]: 0x800450F8 (0x555555B7) lui a1, 349525
x11 <- 0x55555000


mem[X,0x800450FC] -> 0x8593
mem[X,0x800450FE] -> 0x5565
[6450] [M]: 0x800450FC (0x55658593) addi a1, a1, 1366
x11 <- 0x55555556


mem[X,0x80045100] -> 0x0213
mem[X,0x80045102] -> 0x0000
[6451] [M]: 0x80045100 (0x00000213) addi tp, zero, 0
x4 <- 0x00000000


mem[X,0x80045104] -> 0x006F
mem[X,0x80045106] -> 0x0100
[6452] [M]: 0x80045104 (0x0100006F) jal zero, 16


mem[X,0x80045114] -> 0x6AE3
mem[X,0x80045116] -> 0xFEB5
[6453] [M]: 0x80045114 (0xFEB56AE3) bltu a0, a1, 8180


mem[X,0x80045108] -> 0x0213
mem[X,0x8004510A] -> 0x0012
[6454] [M]: 0x80045108 (0x00120213) addi tp, tp, 1
x4 <- 0x00000001


mem[X,0x8004510C] -> 0x006F
mem[X,0x8004510E] -> 0x01C0
[6455] [M]: 0x8004510C (0x01C0006F) jal zero, 28


mem[X,0x80045128] -> 0xAC23
mem[X,0x8004512A] -> 0x2440
[6456] [M]: 0x80045128 (0x2440AC23) sw tp, 600(ra)
mem[0x8004BCCC] <- 0x00000001


mem[X,0x8004512C] -> 0x0513
mem[X,0x8004512E] -> 0x0010
[6457] [M]: 0x8004512C (0x00100513) addi a0, zero, 1
x10 <- 0x00000001


mem[X,0x80045130] -> 0xB5B7
mem[X,0x80045132] -> 0xAAAA
[6458] [M]: 0x80045130 (0xAAAAB5B7) lui a1, 699051
x11 <- 0xAAAAB000


mem[X,0x80045134] -> 0x8593
mem[X,0x80045136] -> 0xAAB5
[6459] [M]: 0x80045134 (0xAAB58593) addi a1, a1, 2731
x11 <- 0xAAAAAAAB


mem[X,0x80045138] -> 0x0213
mem[X,0x8004513A] -> 0x0000
[6460] [M]: 0x80045138 (0x00000213) addi tp, zero, 0
x4 <- 0x00000000


mem[X,0x8004513C] -> 0x006F
mem[X,0x8004513E] -> 0x0140
[6461] [M]: 0x8004513C (0x0140006F) jal zero, 20


mem[X,0x80045150] -> 0x68E3
mem[X,0x80045152] -> 0xFEB5
[6462] [M]: 0x80045150 (0xFEB568E3) bltu a0, a1, 8176


mem[X,0x80045140] -> 0x0213
mem[X,0x80045142] -> 0x0012
[6463] [M]: 0x80045140 (0x00120213) addi tp, tp, 1
x4 <- 0x00000001


mem[X,0x80045144] -> 0x006F
mem[X,0x80045146] -> 0x0200
[6464] [M]: 0x80045144 (0x0200006F) jal zero, 32


mem[X,0x80045164] -> 0xAE23
mem[X,0x80045166] -> 0x2440
[6465] [M]: 0x80045164 (0x2440AE23) sw tp, 604(ra)
mem[0x8004BCD0] <- 0x00000001


mem[X,0x80045168] -> 0x0513
mem[X,0x8004516A] -> 0x0010
[6466] [M]: 0x80045168 (0x00100513) addi a0, zero, 1
x10 <- 0x00000001


mem[X,0x8004516C] -> 0x0593
mem[X,0x8004516E] -> 0x0060
[6467] [M]: 0x8004516C (0x00600593) addi a1, zero, 6
x11 <- 0x00000006


mem[X,0x80045170] -> 0x0213
mem[X,0x80045172] -> 0x0000
[6468] [M]: 0x80045170 (0x00000213) addi tp, zero, 0
x4 <- 0x00000000


mem[X,0x80045174] -> 0x006F
mem[X,0x80045176] -> 0x00C0
[6469] [M]: 0x80045174 (0x00C0006F) jal zero, 12


mem[X,0x80045180] -> 0x6863
mem[X,0x80045182] -> 0x00B5
[6470] [M]: 0x80045180 (0x00B56863) bltu a0, a1, 16


mem[X,0x80045190] -> 0x0213
mem[X,0x80045192] -> 0x0032
[6471] [M]: 0x80045190 (0x00320213) addi tp, tp, 3
x4 <- 0x00000003


mem[X,0x80045194] -> 0x006F
mem[X,0x80045196] -> 0x0040
[6472] [M]: 0x80045194 (0x0040006F) jal zero, 4


mem[X,0x80045198] -> 0xA023
mem[X,0x8004519A] -> 0x2640
[6473] [M]: 0x80045198 (0x2640A023) sw tp, 608(ra)
mem[0x8004BCD4] <- 0x00000003


mem[X,0x8004519C] -> 0x0513
mem[X,0x8004519E] -> 0x0010
[6474] [M]: 0x8004519C (0x00100513) addi a0, zero, 1
x10 <- 0x00000001


mem[X,0x800451A0] -> 0x35B7
mem[X,0x800451A2] -> 0x3333
[6475] [M]: 0x800451A0 (0x333335B7) lui a1, 209715
x11 <- 0x33333000


mem[X,0x800451A4] -> 0x8593
mem[X,0x800451A6] -> 0x3345
[6476] [M]: 0x800451A4 (0x33458593) addi a1, a1, 820
x11 <- 0x33333334


mem[X,0x800451A8] -> 0x0213
mem[X,0x800451AA] -> 0x0000
[6477] [M]: 0x800451A8 (0x00000213) addi tp, zero, 0
x4 <- 0x00000000


mem[X,0x800451AC] -> 0x006F
mem[X,0x800451AE] -> 0x00C0
[6478] [M]: 0x800451AC (0x00C0006F) jal zero, 12


mem[X,0x800451B8] -> 0x6663
mem[X,0x800451BA] -> 0x00B5
[6479] [M]: 0x800451B8 (0x00B56663) bltu a0, a1, 12


mem[X,0x800451C4] -> 0x0213
mem[X,0x800451C6] -> 0x0032
[6480] [M]: 0x800451C4 (0x00320213) addi tp, tp, 3
x4 <- 0x00000003


mem[X,0x800451C8] -> 0x006F
mem[X,0x800451CA] -> 0x0040
[6481] [M]: 0x800451C8 (0x0040006F) jal zero, 4


mem[X,0x800451CC] -> 0xA223
mem[X,0x800451CE] -> 0x2640
[6482] [M]: 0x800451CC (0x2640A223) sw tp, 612(ra)
mem[0x8004BCD8] <- 0x00000003


mem[X,0x800451D0] -> 0x0513
mem[X,0x800451D2] -> 0x0010
[6483] [M]: 0x800451D0 (0x00100513) addi a0, zero, 1
x10 <- 0x00000001


mem[X,0x800451D4] -> 0x65B7
mem[X,0x800451D6] -> 0x6666
[6484] [M]: 0x800451D4 (0x666665B7) lui a1, 419430
x11 <- 0x66666000


mem[X,0x800451D8] -> 0x8593
mem[X,0x800451DA] -> 0x6675
[6485] [M]: 0x800451D8 (0x66758593) addi a1, a1, 1639
x11 <- 0x66666667


mem[X,0x800451DC] -> 0x0213
mem[X,0x800451DE] -> 0x0000
[6486] [M]: 0x800451DC (0x00000213) addi tp, zero, 0
x4 <- 0x00000000


mem[X,0x800451E0] -> 0x006F
mem[X,0x800451E2] -> 0x00C0
[6487] [M]: 0x800451E0 (0x00C0006F) jal zero, 12


mem[X,0x800451EC] -> 0x6663
mem[X,0x800451EE] -> 0x00B5
[6488] [M]: 0x800451EC (0x00B56663) bltu a0, a1, 12


mem[X,0x800451F8] -> 0x0213
mem[X,0x800451FA] -> 0x0032
[6489] [M]: 0x800451F8 (0x00320213) addi tp, tp, 3
x4 <- 0x00000003


mem[X,0x800451FC] -> 0x006F
mem[X,0x800451FE] -> 0x0040
[6490] [M]: 0x800451FC (0x0040006F) jal zero, 4


mem[X,0x80045200] -> 0xA423
mem[X,0x80045202] -> 0x2640
[6491] [M]: 0x80045200 (0x2640A423) sw tp, 616(ra)
mem[0x8004BCDC] <- 0x00000003


mem[X,0x80045204] -> 0x0513
mem[X,0x80045206] -> 0x0010
[6492] [M]: 0x80045204 (0x00100513) addi a0, zero, 1
x10 <- 0x00000001


mem[X,0x80045208] -> 0xB5B7
mem[X,0x8004520A] -> 0x0000
[6493] [M]: 0x80045208 (0x0000B5B7) lui a1, 11
x11 <- 0x0000B000


mem[X,0x8004520C] -> 0x8593
mem[X,0x8004520E] -> 0x5055
[6494] [M]: 0x8004520C (0x50558593) addi a1, a1, 1285
x11 <- 0x0000B505


mem[X,0x80045210] -> 0x0213
mem[X,0x80045212] -> 0x0000
[6495] [M]: 0x80045210 (0x00000213) addi tp, zero, 0
x4 <- 0x00000000


mem[X,0x80045214] -> 0x006F
mem[X,0x80045216] -> 0x00C0
[6496] [M]: 0x80045214 (0x00C0006F) jal zero, 12


mem[X,0x80045220] -> 0x6663
mem[X,0x80045222] -> 0x00B5
[6497] [M]: 0x80045220 (0x00B56663) bltu a0, a1, 12


mem[X,0x8004522C] -> 0x0213
mem[X,0x8004522E] -> 0x0032
[6498] [M]: 0x8004522C (0x00320213) addi tp, tp, 3
x4 <- 0x00000003


mem[X,0x80045230] -> 0x006F
mem[X,0x80045232] -> 0x0040
[6499] [M]: 0x80045230 (0x0040006F) jal zero, 4


clint::tick mtime <- 0x0000000000000041
 clint timer pending at mtime 0x0000000000000041
htif::tick 0x0000000000000000
mem[X,0x80045234] -> 0xA623
mem[X,0x80045236] -> 0x2640
[6500] [M]: 0x80045234 (0x2640A623) sw tp, 620(ra)
mem[0x8004BCE0] <- 0x00000003


mem[X,0x80045238] -> 0x0513
mem[X,0x8004523A] -> 0x0010
[6501] [M]: 0x80045238 (0x00100513) addi a0, zero, 1
x10 <- 0x00000001


mem[X,0x8004523C] -> 0x0593
mem[X,0x8004523E] -> 0x0010
[6502] [M]: 0x8004523C (0x00100593) addi a1, zero, 1
x11 <- 0x00000001


mem[X,0x80045240] -> 0x0213
mem[X,0x80045242] -> 0x0000
[6503] [M]: 0x80045240 (0x00000213) addi tp, zero, 0
x4 <- 0x00000000


mem[X,0x80045244] -> 0x006F
mem[X,0x80045246] -> 0x00C0
[6504] [M]: 0x80045244 (0x00C0006F) jal zero, 12


mem[X,0x80045250] -> 0x6063
mem[X,0x80045252] -> 0x02B5
[6505] [M]: 0x80045250 (0x02B56063) bltu a0, a1, 32


mem[X,0x80045254] -> 0x0213
mem[X,0x80045256] -> 0x0022
[6506] [M]: 0x80045254 (0x00220213) addi tp, tp, 2
x4 <- 0x00000002


mem[X,0x80045258] -> 0x006F
mem[X,0x8004525A] -> 0x0200
[6507] [M]: 0x80045258 (0x0200006F) jal zero, 32


mem[X,0x80045278] -> 0xA823
mem[X,0x8004527A] -> 0x2640
[6508] [M]: 0x80045278 (0x2640A823) sw tp, 624(ra)
mem[0x8004BCE4] <- 0x00000002


mem[X,0x8004527C] -> 0x0513
mem[X,0x8004527E] -> 0x0010
[6509] [M]: 0x8004527C (0x00100513) addi a0, zero, 1
x10 <- 0x00000001


mem[X,0x80045280] -> 0x05B7
mem[X,0x80045282] -> 0x0001
[6510] [M]: 0x80045280 (0x000105B7) lui a1, 16
x11 <- 0x00010000


mem[X,0x80045284] -> 0x0213
mem[X,0x80045286] -> 0x0000
[6511] [M]: 0x80045284 (0x00000213) addi tp, zero, 0
x4 <- 0x00000000


mem[X,0x80045288] -> 0x006F
mem[X,0x8004528A] -> 0x00C0
[6512] [M]: 0x80045288 (0x00C0006F) jal zero, 12


mem[X,0x80045294] -> 0x6063
mem[X,0x80045296] -> 0x40B5
[6513] [M]: 0x80045294 (0x40B56063) bltu a0, a1, 1024


mem[X,0x80045694] -> 0x0213
mem[X,0x80045696] -> 0x0032
[6514] [M]: 0x80045694 (0x00320213) addi tp, tp, 3
x4 <- 0x00000003


mem[X,0x80045698] -> 0x006F
mem[X,0x8004569A] -> 0x0040
[6515] [M]: 0x80045698 (0x0040006F) jal zero, 4


mem[X,0x8004569C] -> 0xAA23
mem[X,0x8004569E] -> 0x2640
[6516] [M]: 0x8004569C (0x2640AA23) sw tp, 628(ra)
mem[0x8004BCE8] <- 0x00000003


mem[X,0x800456A0] -> 0x0537
mem[X,0x800456A2] -> 0x0001
[6517] [M]: 0x800456A0 (0x00010537) lui a0, 16
x10 <- 0x00010000


mem[X,0x800456A4] -> 0x0593
mem[X,0x800456A6] -> 0x0030
[6518] [M]: 0x800456A4 (0x00300593) addi a1, zero, 3
x11 <- 0x00000003


mem[X,0x800456A8] -> 0x0213
mem[X,0x800456AA] -> 0x0000
[6519] [M]: 0x800456A8 (0x00000213) addi tp, zero, 0
x4 <- 0x00000000


mem[X,0x800456AC] -> 0x006F
mem[X,0x800456AE] -> 0x00C0
[6520] [M]: 0x800456AC (0x00C0006F) jal zero, 12


mem[X,0x800456B8] -> 0x6063
mem[X,0x800456BA] -> 0x20B5
[6521] [M]: 0x800456B8 (0x20B56063) bltu a0, a1, 512


mem[X,0x800456BC] -> 0x0213
mem[X,0x800456BE] -> 0x0022
[6522] [M]: 0x800456BC (0x00220213) addi tp, tp, 2
x4 <- 0x00000002


mem[X,0x800456C0] -> 0x006F
mem[X,0x800456C2] -> 0x2000
[6523] [M]: 0x800456C0 (0x2000006F) jal zero, 512


mem[X,0x800458C0] -> 0xAC23
mem[X,0x800458C2] -> 0x2640
[6524] [M]: 0x800458C0 (0x2640AC23) sw tp, 632(ra)
mem[0x8004BCEC] <- 0x00000002


mem[X,0x800458C4] -> 0x0537
mem[X,0x800458C6] -> 0x0001
[6525] [M]: 0x800458C4 (0x00010537) lui a0, 16
x10 <- 0x00010000


mem[X,0x800458C8] -> 0x55B7
mem[X,0x800458CA] -> 0x5555
[6526] [M]: 0x800458C8 (0x555555B7) lui a1, 349525
x11 <- 0x55555000


mem[X,0x800458CC] -> 0x8593
mem[X,0x800458CE] -> 0x5555
[6527] [M]: 0x800458CC (0x55558593) addi a1, a1, 1365
x11 <- 0x55555555


mem[X,0x800458D0] -> 0x0213
mem[X,0x800458D2] -> 0x0000
[6528] [M]: 0x800458D0 (0x00000213) addi tp, zero, 0
x4 <- 0x00000000


mem[X,0x800458D4] -> 0x006F
mem[X,0x800458D6] -> 0x00C0
[6529] [M]: 0x800458D4 (0x00C0006F) jal zero, 12


mem[X,0x800458E0] -> 0x6063
mem[X,0x800458E2] -> 0x02B5
[6530] [M]: 0x800458E0 (0x02B56063) bltu a0, a1, 32


mem[X,0x80045900] -> 0x0213
mem[X,0x80045902] -> 0x0032
[6531] [M]: 0x80045900 (0x00320213) addi tp, tp, 3
x4 <- 0x00000003


mem[X,0x80045904] -> 0x006F
mem[X,0x80045906] -> 0x0040
[6532] [M]: 0x80045904 (0x0040006F) jal zero, 4


mem[X,0x80045908] -> 0xAE23
mem[X,0x8004590A] -> 0x2640
[6533] [M]: 0x80045908 (0x2640AE23) sw tp, 636(ra)
mem[0x8004BCF0] <- 0x00000003


mem[X,0x8004590C] -> 0x0537
mem[X,0x8004590E] -> 0x0001
[6534] [M]: 0x8004590C (0x00010537) lui a0, 16
x10 <- 0x00010000


mem[X,0x80045910] -> 0xB5B7
mem[X,0x80045912] -> 0xAAAA
[6535] [M]: 0x80045910 (0xAAAAB5B7) lui a1, 699051
x11 <- 0xAAAAB000


mem[X,0x80045914] -> 0x8593
mem[X,0x80045916] -> 0xAAA5
[6536] [M]: 0x80045914 (0xAAA58593) addi a1, a1, 2730
x11 <- 0xAAAAAAAA


mem[X,0x80045918] -> 0x0213
mem[X,0x8004591A] -> 0x0000
[6537] [M]: 0x80045918 (0x00000213) addi tp, zero, 0
x4 <- 0x00000000


mem[X,0x8004591C] -> 0x006F
mem[X,0x8004591E] -> 0x0140
[6538] [M]: 0x8004591C (0x0140006F) jal zero, 20


mem[X,0x80045930] -> 0x68E3
mem[X,0x80045932] -> 0xFEB5
[6539] [M]: 0x80045930 (0xFEB568E3) bltu a0, a1, 8176


mem[X,0x80045920] -> 0x0213
mem[X,0x80045922] -> 0x0012
[6540] [M]: 0x80045920 (0x00120213) addi tp, tp, 1
x4 <- 0x00000001


mem[X,0x80045924] -> 0x006F
mem[X,0x80045926] -> 0x0200
[6541] [M]: 0x80045924 (0x0200006F) jal zero, 32


mem[X,0x80045944] -> 0xA023
mem[X,0x80045946] -> 0x2840
[6542] [M]: 0x80045944 (0x2840A023) sw tp, 640(ra)
mem[0x8004BCF4] <- 0x00000001


mem[X,0x80045948] -> 0x0537
mem[X,0x8004594A] -> 0x0001
[6543] [M]: 0x80045948 (0x00010537) lui a0, 16
x10 <- 0x00010000


mem[X,0x8004594C] -> 0x0593
mem[X,0x8004594E] -> 0x0050
[6544] [M]: 0x8004594C (0x00500593) addi a1, zero, 5
x11 <- 0x00000005


mem[X,0x80045950] -> 0x0213
mem[X,0x80045952] -> 0x0000
[6545] [M]: 0x80045950 (0x00000213) addi tp, zero, 0
x4 <- 0x00000000


mem[X,0x80045954] -> 0x006F
mem[X,0x80045956] -> 0x00C0
[6546] [M]: 0x80045954 (0x00C0006F) jal zero, 12


mem[X,0x80045960] -> 0x6063
mem[X,0x80045962] -> 0x04B5
[6547] [M]: 0x80045960 (0x04B56063) bltu a0, a1, 64


mem[X,0x80045964] -> 0x0213
mem[X,0x80045966] -> 0x0022
[6548] [M]: 0x80045964 (0x00220213) addi tp, tp, 2
x4 <- 0x00000002


mem[X,0x80045968] -> 0x006F
mem[X,0x8004596A] -> 0x0400
[6549] [M]: 0x80045968 (0x0400006F) jal zero, 64


mem[X,0x800459A8] -> 0xA223
mem[X,0x800459AA] -> 0x2840
[6550] [M]: 0x800459A8 (0x2840A223) sw tp, 644(ra)
mem[0x8004BCF8] <- 0x00000002


mem[X,0x800459AC] -> 0x0537
mem[X,0x800459AE] -> 0x0001
[6551] [M]: 0x800459AC (0x00010537) lui a0, 16
x10 <- 0x00010000


mem[X,0x800459B0] -> 0x35B7
mem[X,0x800459B2] -> 0x3333
[6552] [M]: 0x800459B0 (0x333335B7) lui a1, 209715
x11 <- 0x33333000


mem[X,0x800459B4] -> 0x8593
mem[X,0x800459B6] -> 0x3335
[6553] [M]: 0x800459B4 (0x33358593) addi a1, a1, 819
x11 <- 0x33333333


mem[X,0x800459B8] -> 0x0213
mem[X,0x800459BA] -> 0x0000
[6554] [M]: 0x800459B8 (0x00000213) addi tp, zero, 0
x4 <- 0x00000000


mem[X,0x800459BC] -> 0x006F
mem[X,0x800459BE] -> 0x0050
[6555] [M]: 0x800459BC (0x0050006F) jal zero, 2052


mem[X,0x800461C0] -> 0x60E3
mem[X,0x800461C2] -> 0x80B5
[6556] [M]: 0x800461C0 (0x80B560E3) bltu a0, a1, 6144


mem[X,0x800459C0] -> 0x0213
mem[X,0x800459C2] -> 0x0012
[6557] [M]: 0x800459C0 (0x00120213) addi tp, tp, 1
x4 <- 0x00000001


mem[X,0x800459C4] -> 0x006F
mem[X,0x800459C6] -> 0x0110
[6558] [M]: 0x800459C4 (0x0110006F) jal zero, 2064


mem[X,0x800461D4] -> 0xA423
mem[X,0x800461D6] -> 0x2840
[6559] [M]: 0x800461D4 (0x2840A423) sw tp, 648(ra)
mem[0x8004BCFC] <- 0x00000001


mem[X,0x800461D8] -> 0x0537
mem[X,0x800461DA] -> 0x0001
[6560] [M]: 0x800461D8 (0x00010537) lui a0, 16
x10 <- 0x00010000


mem[X,0x800461DC] -> 0x65B7
mem[X,0x800461DE] -> 0x6666
[6561] [M]: 0x800461DC (0x666665B7) lui a1, 419430
x11 <- 0x66666000


mem[X,0x800461E0] -> 0x8593
mem[X,0x800461E2] -> 0x6665
[6562] [M]: 0x800461E0 (0x66658593) addi a1, a1, 1638
x11 <- 0x66666666


mem[X,0x800461E4] -> 0x0213
mem[X,0x800461E6] -> 0x0000
[6563] [M]: 0x800461E4 (0x00000213) addi tp, zero, 0
x4 <- 0x00000000


mem[X,0x800461E8] -> 0x006F
mem[X,0x800461EA] -> 0x00C0
[6564] [M]: 0x800461E8 (0x00C0006F) jal zero, 12


mem[X,0x800461F4] -> 0x6063
mem[X,0x800461F6] -> 0x40B5
[6565] [M]: 0x800461F4 (0x40B56063) bltu a0, a1, 1024


mem[X,0x800465F4] -> 0x0213
mem[X,0x800465F6] -> 0x0032
[6566] [M]: 0x800465F4 (0x00320213) addi tp, tp, 3
x4 <- 0x00000003


mem[X,0x800465F8] -> 0x006F
mem[X,0x800465FA] -> 0x0040
[6567] [M]: 0x800465F8 (0x0040006F) jal zero, 4


mem[X,0x800465FC] -> 0xA623
mem[X,0x800465FE] -> 0x2840
[6568] [M]: 0x800465FC (0x2840A623) sw tp, 652(ra)
mem[0x8004BD00] <- 0x00000003


mem[X,0x80046600] -> 0x0537
mem[X,0x80046602] -> 0x0001
[6569] [M]: 0x80046600 (0x00010537) lui a0, 16
x10 <- 0x00010000


mem[X,0x80046604] -> 0xB5B7
mem[X,0x80046606] -> 0x0000
[6570] [M]: 0x80046604 (0x0000B5B7) lui a1, 11
x11 <- 0x0000B000


mem[X,0x80046608] -> 0x8593
mem[X,0x8004660A] -> 0x5045
[6571] [M]: 0x80046608 (0x50458593) addi a1, a1, 1284
x11 <- 0x0000B504


mem[X,0x8004660C] -> 0x0213
mem[X,0x8004660E] -> 0x0000
[6572] [M]: 0x8004660C (0x00000213) addi tp, zero, 0
x4 <- 0x00000000


mem[X,0x80046610] -> 0x006F
mem[X,0x80046612] -> 0x00C0
[6573] [M]: 0x80046610 (0x00C0006F) jal zero, 12


mem[X,0x8004661C] -> 0x6063
mem[X,0x8004661E] -> 0x40B5
[6574] [M]: 0x8004661C (0x40B56063) bltu a0, a1, 1024


mem[X,0x80046620] -> 0x0213
mem[X,0x80046622] -> 0x0022
[6575] [M]: 0x80046620 (0x00220213) addi tp, tp, 2
x4 <- 0x00000002


mem[X,0x80046624] -> 0x006F
mem[X,0x80046626] -> 0x4000
[6576] [M]: 0x80046624 (0x4000006F) jal zero, 1024


mem[X,0x80046A24] -> 0xA823
mem[X,0x80046A26] -> 0x2840
[6577] [M]: 0x80046A24 (0x2840A823) sw tp, 656(ra)
mem[0x8004BD04] <- 0x00000002


mem[X,0x80046A28] -> 0x0537
mem[X,0x80046A2A] -> 0x0001
[6578] [M]: 0x80046A28 (0x00010537) lui a0, 16
x10 <- 0x00010000


mem[X,0x80046A2C] -> 0x0593
mem[X,0x80046A2E] -> 0x0000
[6579] [M]: 0x80046A2C (0x00000593) addi a1, zero, 0
x11 <- 0x00000000


mem[X,0x80046A30] -> 0x0213
mem[X,0x80046A32] -> 0x0000
[6580] [M]: 0x80046A30 (0x00000213) addi tp, zero, 0
x4 <- 0x00000000


mem[X,0x80046A34] -> 0x006F
mem[X,0x80046A36] -> 0x00C0
[6581] [M]: 0x80046A34 (0x00C0006F) jal zero, 12


mem[X,0x80046A40] -> 0x6063
mem[X,0x80046A42] -> 0x08B5
[6582] [M]: 0x80046A40 (0x08B56063) bltu a0, a1, 128


mem[X,0x80046A44] -> 0x0213
mem[X,0x80046A46] -> 0x0022
[6583] [M]: 0x80046A44 (0x00220213) addi tp, tp, 2
x4 <- 0x00000002


mem[X,0x80046A48] -> 0x006F
mem[X,0x80046A4A] -> 0x0800
[6584] [M]: 0x80046A48 (0x0800006F) jal zero, 128


mem[X,0x80046AC8] -> 0xAA23
mem[X,0x80046ACA] -> 0x2840
[6585] [M]: 0x80046AC8 (0x2840AA23) sw tp, 660(ra)
mem[0x8004BD08] <- 0x00000002


mem[X,0x80046ACC] -> 0x0537
mem[X,0x80046ACE] -> 0x0001
[6586] [M]: 0x80046ACC (0x00010537) lui a0, 16
x10 <- 0x00010000


mem[X,0x80046AD0] -> 0x05B7
mem[X,0x80046AD2] -> 0x0001
[6587] [M]: 0x80046AD0 (0x000105B7) lui a1, 16
x11 <- 0x00010000


mem[X,0x80046AD4] -> 0x8593
mem[X,0x80046AD6] -> 0xFFF5
[6588] [M]: 0x80046AD4 (0xFFF58593) addi a1, a1, 4095
x11 <- 0x0000FFFF


mem[X,0x80046AD8] -> 0x0213
mem[X,0x80046ADA] -> 0x0000
[6589] [M]: 0x80046AD8 (0x00000213) addi tp, zero, 0
x4 <- 0x00000000


mem[X,0x80046ADC] -> 0x006F
mem[X,0x80046ADE] -> 0x00C0
[6590] [M]: 0x80046ADC (0x00C0006F) jal zero, 12


mem[X,0x80046AE8] -> 0x6CE3
mem[X,0x80046AEA] -> 0xFEB5
[6591] [M]: 0x80046AE8 (0xFEB56CE3) bltu a0, a1, 8184


mem[X,0x80046AEC] -> 0x0213
mem[X,0x80046AEE] -> 0x0022
[6592] [M]: 0x80046AEC (0x00220213) addi tp, tp, 2
x4 <- 0x00000002


mem[X,0x80046AF0] -> 0x006F
mem[X,0x80046AF2] -> 0x00C0
[6593] [M]: 0x80046AF0 (0x00C0006F) jal zero, 12


mem[X,0x80046AFC] -> 0xAC23
mem[X,0x80046AFE] -> 0x2840
[6594] [M]: 0x80046AFC (0x2840AC23) sw tp, 664(ra)
mem[0x8004BD0C] <- 0x00000002


mem[X,0x80046B00] -> 0x0537
mem[X,0x80046B02] -> 0x0001
[6595] [M]: 0x80046B00 (0x00010537) lui a0, 16
x10 <- 0x00010000


mem[X,0x80046B04] -> 0x0593
mem[X,0x80046B06] -> 0x0020
[6596] [M]: 0x80046B04 (0x00200593) addi a1, zero, 2
x11 <- 0x00000002


mem[X,0x80046B08] -> 0x0213
mem[X,0x80046B0A] -> 0x0000
[6597] [M]: 0x80046B08 (0x00000213) addi tp, zero, 0
x4 <- 0x00000000


mem[X,0x80046B0C] -> 0x006F
mem[X,0x80046B0E] -> 0x00C0
[6598] [M]: 0x80046B0C (0x00C0006F) jal zero, 12


mem[X,0x80046B18] -> 0x6663
mem[X,0x80046B1A] -> 0x00B5
[6599] [M]: 0x80046B18 (0x00B56663) bltu a0, a1, 12


clint::tick mtime <- 0x0000000000000042
 clint timer pending at mtime 0x0000000000000042
htif::tick 0x0000000000000000
mem[X,0x80046B1C] -> 0x0213
mem[X,0x80046B1E] -> 0x0022
[6600] [M]: 0x80046B1C (0x00220213) addi tp, tp, 2
x4 <- 0x00000002


mem[X,0x80046B20] -> 0x006F
mem[X,0x80046B22] -> 0x00C0
[6601] [M]: 0x80046B20 (0x00C0006F) jal zero, 12


mem[X,0x80046B2C] -> 0xAE23
mem[X,0x80046B2E] -> 0x2840
[6602] [M]: 0x80046B2C (0x2840AE23) sw tp, 668(ra)
mem[0x8004BD10] <- 0x00000002


mem[X,0x80046B30] -> 0x0537
mem[X,0x80046B32] -> 0x0001
[6603] [M]: 0x80046B30 (0x00010537) lui a0, 16
x10 <- 0x00010000


mem[X,0x80046B34] -> 0x55B7
mem[X,0x80046B36] -> 0x5555
[6604] [M]: 0x80046B34 (0x555555B7) lui a1, 349525
x11 <- 0x55555000


mem[X,0x80046B38] -> 0x8593
mem[X,0x80046B3A] -> 0x5545
[6605] [M]: 0x80046B38 (0x55458593) addi a1, a1, 1364
x11 <- 0x55555554


mem[X,0x80046B3C] -> 0x0213
mem[X,0x80046B3E] -> 0x0000
[6606] [M]: 0x80046B3C (0x00000213) addi tp, zero, 0
x4 <- 0x00000000


mem[X,0x80046B40] -> 0x006F
mem[X,0x80046B42] -> 0x00C0
[6607] [M]: 0x80046B40 (0x00C0006F) jal zero, 12


mem[X,0x80046B4C] -> 0x6663
mem[X,0x80046B4E] -> 0x00B5
[6608] [M]: 0x80046B4C (0x00B56663) bltu a0, a1, 12


mem[X,0x80046B58] -> 0x0213
mem[X,0x80046B5A] -> 0x0032
[6609] [M]: 0x80046B58 (0x00320213) addi tp, tp, 3
x4 <- 0x00000003


mem[X,0x80046B5C] -> 0x006F
mem[X,0x80046B5E] -> 0x0040
[6610] [M]: 0x80046B5C (0x0040006F) jal zero, 4


mem[X,0x80046B60] -> 0xA023
mem[X,0x80046B62] -> 0x2A40
[6611] [M]: 0x80046B60 (0x2A40A023) sw tp, 672(ra)
mem[0x8004BD14] <- 0x00000003


mem[X,0x80046B64] -> 0x0537
mem[X,0x80046B66] -> 0x0001
[6612] [M]: 0x80046B64 (0x00010537) lui a0, 16
x10 <- 0x00010000


mem[X,0x80046B68] -> 0xB5B7
mem[X,0x80046B6A] -> 0xAAAA
[6613] [M]: 0x80046B68 (0xAAAAB5B7) lui a1, 699051
x11 <- 0xAAAAB000


mem[X,0x80046B6C] -> 0x8593
mem[X,0x80046B6E] -> 0xAA95
[6614] [M]: 0x80046B6C (0xAA958593) addi a1, a1, 2729
x11 <- 0xAAAAAAA9


mem[X,0x80046B70] -> 0x0213
mem[X,0x80046B72] -> 0x0000
[6615] [M]: 0x80046B70 (0x00000213) addi tp, zero, 0
x4 <- 0x00000000


mem[X,0x80046B74] -> 0x006F
mem[X,0x80046B76] -> 0x00C0
[6616] [M]: 0x80046B74 (0x00C0006F) jal zero, 12


mem[X,0x80046B80] -> 0x6663
mem[X,0x80046B82] -> 0x00B5
[6617] [M]: 0x80046B80 (0x00B56663) bltu a0, a1, 12


mem[X,0x80046B8C] -> 0x0213
mem[X,0x80046B8E] -> 0x0032
[6618] [M]: 0x80046B8C (0x00320213) addi tp, tp, 3
x4 <- 0x00000003


mem[X,0x80046B90] -> 0x006F
mem[X,0x80046B92] -> 0x0040
[6619] [M]: 0x80046B90 (0x0040006F) jal zero, 4


mem[X,0x80046B94] -> 0xA223
mem[X,0x80046B96] -> 0x2A40
[6620] [M]: 0x80046B94 (0x2A40A223) sw tp, 676(ra)
mem[0x8004BD18] <- 0x00000003


mem[X,0x80046B98] -> 0x0537
mem[X,0x80046B9A] -> 0x0001
[6621] [M]: 0x80046B98 (0x00010537) lui a0, 16
x10 <- 0x00010000


mem[X,0x80046B9C] -> 0x0593
mem[X,0x80046B9E] -> 0x0040
[6622] [M]: 0x80046B9C (0x00400593) addi a1, zero, 4
x11 <- 0x00000004


mem[X,0x80046BA0] -> 0x0213
mem[X,0x80046BA2] -> 0x0000
[6623] [M]: 0x80046BA0 (0x00000213) addi tp, zero, 0
x4 <- 0x00000000


mem[X,0x80046BA4] -> 0x006F
mem[X,0x80046BA6] -> 0x0050
[6624] [M]: 0x80046BA4 (0x0050006F) jal zero, 2052


mem[X,0x800473A8] -> 0x60E3
mem[X,0x800473AA] -> 0x80B5
[6625] [M]: 0x800473A8 (0x80B560E3) bltu a0, a1, 6144


mem[X,0x800473AC] -> 0x0213
mem[X,0x800473AE] -> 0x0022
[6626] [M]: 0x800473AC (0x00220213) addi tp, tp, 2
x4 <- 0x00000002


mem[X,0x800473B0] -> 0x006F
mem[X,0x800473B2] -> 0x00C0
[6627] [M]: 0x800473B0 (0x00C0006F) jal zero, 12


mem[X,0x800473BC] -> 0xA423
mem[X,0x800473BE] -> 0x2A40
[6628] [M]: 0x800473BC (0x2A40A423) sw tp, 680(ra)
mem[0x8004BD1C] <- 0x00000002


mem[X,0x800473C0] -> 0x0537
mem[X,0x800473C2] -> 0x0001
[6629] [M]: 0x800473C0 (0x00010537) lui a0, 16
x10 <- 0x00010000


mem[X,0x800473C4] -> 0x35B7
mem[X,0x800473C6] -> 0x3333
[6630] [M]: 0x800473C4 (0x333335B7) lui a1, 209715
x11 <- 0x33333000


mem[X,0x800473C8] -> 0x8593
mem[X,0x800473CA] -> 0x3325
[6631] [M]: 0x800473C8 (0x33258593) addi a1, a1, 818
x11 <- 0x33333332


mem[X,0x800473CC] -> 0x0213
mem[X,0x800473CE] -> 0x0000
[6632] [M]: 0x800473CC (0x00000213) addi tp, zero, 0
x4 <- 0x00000000


mem[X,0x800473D0] -> 0x006F
mem[X,0x800473D2] -> 0x00C0
[6633] [M]: 0x800473D0 (0x00C0006F) jal zero, 12


mem[X,0x800473DC] -> 0x6663
mem[X,0x800473DE] -> 0x00B5
[6634] [M]: 0x800473DC (0x00B56663) bltu a0, a1, 12


mem[X,0x800473E8] -> 0x0213
mem[X,0x800473EA] -> 0x0032
[6635] [M]: 0x800473E8 (0x00320213) addi tp, tp, 3
x4 <- 0x00000003


mem[X,0x800473EC] -> 0x006F
mem[X,0x800473EE] -> 0x0040
[6636] [M]: 0x800473EC (0x0040006F) jal zero, 4


mem[X,0x800473F0] -> 0xA623
mem[X,0x800473F2] -> 0x2A40
[6637] [M]: 0x800473F0 (0x2A40A623) sw tp, 684(ra)
mem[0x8004BD20] <- 0x00000003


mem[X,0x800473F4] -> 0x0537
mem[X,0x800473F6] -> 0x0001
[6638] [M]: 0x800473F4 (0x00010537) lui a0, 16
x10 <- 0x00010000


mem[X,0x800473F8] -> 0x65B7
mem[X,0x800473FA] -> 0x6666
[6639] [M]: 0x800473F8 (0x666665B7) lui a1, 419430
x11 <- 0x66666000


mem[X,0x800473FC] -> 0x8593
mem[X,0x800473FE] -> 0x6655
[6640] [M]: 0x800473FC (0x66558593) addi a1, a1, 1637
x11 <- 0x66666665


mem[X,0x80047400] -> 0x0213
mem[X,0x80047402] -> 0x0000
[6641] [M]: 0x80047400 (0x00000213) addi tp, zero, 0
x4 <- 0x00000000


mem[X,0x80047404] -> 0x006F
mem[X,0x80047406] -> 0x00C0
[6642] [M]: 0x80047404 (0x00C0006F) jal zero, 12


mem[X,0x80047410] -> 0x6063
mem[X,0x80047412] -> 0x20B5
[6643] [M]: 0x80047410 (0x20B56063) bltu a0, a1, 512


mem[X,0x80047610] -> 0x0213
mem[X,0x80047612] -> 0x0032
[6644] [M]: 0x80047610 (0x00320213) addi tp, tp, 3
x4 <- 0x00000003


mem[X,0x80047614] -> 0x006F
mem[X,0x80047616] -> 0x0040
[6645] [M]: 0x80047614 (0x0040006F) jal zero, 4


mem[X,0x80047618] -> 0xA823
mem[X,0x8004761A] -> 0x2A40
[6646] [M]: 0x80047618 (0x2A40A823) sw tp, 688(ra)
mem[0x8004BD24] <- 0x00000003


mem[X,0x8004761C] -> 0x0537
mem[X,0x8004761E] -> 0x0001
[6647] [M]: 0x8004761C (0x00010537) lui a0, 16
x10 <- 0x00010000


mem[X,0x80047620] -> 0xB5B7
mem[X,0x80047622] -> 0x0000
[6648] [M]: 0x80047620 (0x0000B5B7) lui a1, 11
x11 <- 0x0000B000


mem[X,0x80047624] -> 0x8593
mem[X,0x80047626] -> 0x5035
[6649] [M]: 0x80047624 (0x50358593) addi a1, a1, 1283
x11 <- 0x0000B503


mem[X,0x80047628] -> 0x0213
mem[X,0x8004762A] -> 0x0000
[6650] [M]: 0x80047628 (0x00000213) addi tp, zero, 0
x4 <- 0x00000000


mem[X,0x8004762C] -> 0x006F
mem[X,0x8004762E] -> 0x00C0
[6651] [M]: 0x8004762C (0x00C0006F) jal zero, 12


mem[X,0x80047638] -> 0x6063
mem[X,0x8004763A] -> 0x40B5
[6652] [M]: 0x80047638 (0x40B56063) bltu a0, a1, 1024


mem[X,0x8004763C] -> 0x0213
mem[X,0x8004763E] -> 0x0022
[6653] [M]: 0x8004763C (0x00220213) addi tp, tp, 2
x4 <- 0x00000002


mem[X,0x80047640] -> 0x006F
mem[X,0x80047642] -> 0x4000
[6654] [M]: 0x80047640 (0x4000006F) jal zero, 1024


mem[X,0x80047A40] -> 0xAA23
mem[X,0x80047A42] -> 0x2A40
[6655] [M]: 0x80047A40 (0x2A40AA23) sw tp, 692(ra)
mem[0x8004BD28] <- 0x00000002


mem[X,0x80047A44] -> 0x0537
mem[X,0x80047A46] -> 0x0001
[6656] [M]: 0x80047A44 (0x00010537) lui a0, 16
x10 <- 0x00010000


mem[X,0x80047A48] -> 0x05B7
mem[X,0x80047A4A] -> 0x0001
[6657] [M]: 0x80047A48 (0x000105B7) lui a1, 16
x11 <- 0x00010000


mem[X,0x80047A4C] -> 0x8593
mem[X,0x80047A4E] -> 0xFFE5
[6658] [M]: 0x80047A4C (0xFFE58593) addi a1, a1, 4094
x11 <- 0x0000FFFE


mem[X,0x80047A50] -> 0x0213
mem[X,0x80047A52] -> 0x0000
[6659] [M]: 0x80047A50 (0x00000213) addi tp, zero, 0
x4 <- 0x00000000


mem[X,0x80047A54] -> 0x006F
mem[X,0x80047A56] -> 0x00C0
[6660] [M]: 0x80047A54 (0x00C0006F) jal zero, 12


mem[X,0x80047A60] -> 0x6063
mem[X,0x80047A62] -> 0x02B5
[6661] [M]: 0x80047A60 (0x02B56063) bltu a0, a1, 32


mem[X,0x80047A64] -> 0x0213
mem[X,0x80047A66] -> 0x0022
[6662] [M]: 0x80047A64 (0x00220213) addi tp, tp, 2
x4 <- 0x00000002


mem[X,0x80047A68] -> 0x006F
mem[X,0x80047A6A] -> 0x0200
[6663] [M]: 0x80047A68 (0x0200006F) jal zero, 32


mem[X,0x80047A88] -> 0xAC23
mem[X,0x80047A8A] -> 0x2A40
[6664] [M]: 0x80047A88 (0x2A40AC23) sw tp, 696(ra)
mem[0x8004BD2C] <- 0x00000002


mem[X,0x80047A8C] -> 0x0537
mem[X,0x80047A8E] -> 0x0001
[6665] [M]: 0x80047A8C (0x00010537) lui a0, 16
x10 <- 0x00010000


mem[X,0x80047A90] -> 0x55B7
mem[X,0x80047A92] -> 0x5555
[6666] [M]: 0x80047A90 (0x555555B7) lui a1, 349525
x11 <- 0x55555000


mem[X,0x80047A94] -> 0x8593
mem[X,0x80047A96] -> 0x5565
[6667] [M]: 0x80047A94 (0x55658593) addi a1, a1, 1366
x11 <- 0x55555556


mem[X,0x80047A98] -> 0x0213
mem[X,0x80047A9A] -> 0x0000
[6668] [M]: 0x80047A98 (0x00000213) addi tp, zero, 0
x4 <- 0x00000000


mem[X,0x80047A9C] -> 0x006F
mem[X,0x80047A9E] -> 0x00C0
[6669] [M]: 0x80047A9C (0x00C0006F) jal zero, 12


mem[X,0x80047AA8] -> 0x6063
mem[X,0x80047AAA] -> 0x02B5
[6670] [M]: 0x80047AA8 (0x02B56063) bltu a0, a1, 32


mem[X,0x80047AC8] -> 0x0213
mem[X,0x80047ACA] -> 0x0032
[6671] [M]: 0x80047AC8 (0x00320213) addi tp, tp, 3
x4 <- 0x00000003


mem[X,0x80047ACC] -> 0x006F
mem[X,0x80047ACE] -> 0x0040
[6672] [M]: 0x80047ACC (0x0040006F) jal zero, 4


mem[X,0x80047AD0] -> 0xAE23
mem[X,0x80047AD2] -> 0x2A40
[6673] [M]: 0x80047AD0 (0x2A40AE23) sw tp, 700(ra)
mem[0x8004BD30] <- 0x00000003


mem[X,0x80047AD4] -> 0x0537
mem[X,0x80047AD6] -> 0x0001
[6674] [M]: 0x80047AD4 (0x00010537) lui a0, 16
x10 <- 0x00010000


mem[X,0x80047AD8] -> 0xB5B7
mem[X,0x80047ADA] -> 0xAAAA
[6675] [M]: 0x80047AD8 (0xAAAAB5B7) lui a1, 699051
x11 <- 0xAAAAB000


mem[X,0x80047ADC] -> 0x8593
mem[X,0x80047ADE] -> 0xAAB5
[6676] [M]: 0x80047ADC (0xAAB58593) addi a1, a1, 2731
x11 <- 0xAAAAAAAB


mem[X,0x80047AE0] -> 0x0213
mem[X,0x80047AE2] -> 0x0000
[6677] [M]: 0x80047AE0 (0x00000213) addi tp, zero, 0
x4 <- 0x00000000


mem[X,0x80047AE4] -> 0x006F
mem[X,0x80047AE6] -> 0x00C0
[6678] [M]: 0x80047AE4 (0x00C0006F) jal zero, 12


mem[X,0x80047AF0] -> 0x6663
mem[X,0x80047AF2] -> 0x00B5
[6679] [M]: 0x80047AF0 (0x00B56663) bltu a0, a1, 12


mem[X,0x80047AFC] -> 0x0213
mem[X,0x80047AFE] -> 0x0032
[6680] [M]: 0x80047AFC (0x00320213) addi tp, tp, 3
x4 <- 0x00000003


mem[X,0x80047B00] -> 0x006F
mem[X,0x80047B02] -> 0x0040
[6681] [M]: 0x80047B00 (0x0040006F) jal zero, 4


mem[X,0x80047B04] -> 0xA023
mem[X,0x80047B06] -> 0x2C40
[6682] [M]: 0x80047B04 (0x2C40A023) sw tp, 704(ra)
mem[0x8004BD34] <- 0x00000003


mem[X,0x80047B08] -> 0x0537
mem[X,0x80047B0A] -> 0x0001
[6683] [M]: 0x80047B08 (0x00010537) lui a0, 16
x10 <- 0x00010000


mem[X,0x80047B0C] -> 0x0593
mem[X,0x80047B0E] -> 0x0060
[6684] [M]: 0x80047B0C (0x00600593) addi a1, zero, 6
x11 <- 0x00000006


mem[X,0x80047B10] -> 0x0213
mem[X,0x80047B12] -> 0x0000
[6685] [M]: 0x80047B10 (0x00000213) addi tp, zero, 0
x4 <- 0x00000000


mem[X,0x80047B14] -> 0x006F
mem[X,0x80047B16] -> 0x00C0
[6686] [M]: 0x80047B14 (0x00C0006F) jal zero, 12


mem[X,0x80047B20] -> 0x6063
mem[X,0x80047B22] -> 0x10B5
[6687] [M]: 0x80047B20 (0x10B56063) bltu a0, a1, 256


mem[X,0x80047B24] -> 0x0213
mem[X,0x80047B26] -> 0x0022
[6688] [M]: 0x80047B24 (0x00220213) addi tp, tp, 2
x4 <- 0x00000002


mem[X,0x80047B28] -> 0x006F
mem[X,0x80047B2A] -> 0x1000
[6689] [M]: 0x80047B28 (0x1000006F) jal zero, 256


mem[X,0x80047C28] -> 0xA223
mem[X,0x80047C2A] -> 0x2C40
[6690] [M]: 0x80047C28 (0x2C40A223) sw tp, 708(ra)
mem[0x8004BD38] <- 0x00000002


mem[X,0x80047C2C] -> 0x0537
mem[X,0x80047C2E] -> 0x0001
[6691] [M]: 0x80047C2C (0x00010537) lui a0, 16
x10 <- 0x00010000


mem[X,0x80047C30] -> 0x35B7
mem[X,0x80047C32] -> 0x3333
[6692] [M]: 0x80047C30 (0x333335B7) lui a1, 209715
x11 <- 0x33333000


mem[X,0x80047C34] -> 0x8593
mem[X,0x80047C36] -> 0x3345
[6693] [M]: 0x80047C34 (0x33458593) addi a1, a1, 820
x11 <- 0x33333334


mem[X,0x80047C38] -> 0x0213
mem[X,0x80047C3A] -> 0x0000
[6694] [M]: 0x80047C38 (0x00000213) addi tp, zero, 0
x4 <- 0x00000000


mem[X,0x80047C3C] -> 0x006F
mem[X,0x80047C3E] -> 0x0180
[6695] [M]: 0x80047C3C (0x0180006F) jal zero, 24


mem[X,0x80047C54] -> 0x66E3
mem[X,0x80047C56] -> 0xFEB5
[6696] [M]: 0x80047C54 (0xFEB566E3) bltu a0, a1, 8172


mem[X,0x80047C40] -> 0x0213
mem[X,0x80047C42] -> 0x0012
[6697] [M]: 0x80047C40 (0x00120213) addi tp, tp, 1
x4 <- 0x00000001


mem[X,0x80047C44] -> 0x006F
mem[X,0x80047C46] -> 0x0240
[6698] [M]: 0x80047C44 (0x0240006F) jal zero, 36


mem[X,0x80047C68] -> 0xA423
mem[X,0x80047C6A] -> 0x2C40
[6699] [M]: 0x80047C68 (0x2C40A423) sw tp, 712(ra)
mem[0x8004BD3C] <- 0x00000001


clint::tick mtime <- 0x0000000000000043
 clint timer pending at mtime 0x0000000000000043
htif::tick 0x0000000000000000
mem[X,0x80047C6C] -> 0x0537
mem[X,0x80047C6E] -> 0x0001
[6700] [M]: 0x80047C6C (0x00010537) lui a0, 16
x10 <- 0x00010000


mem[X,0x80047C70] -> 0x65B7
mem[X,0x80047C72] -> 0x6666
[6701] [M]: 0x80047C70 (0x666665B7) lui a1, 419430
x11 <- 0x66666000


mem[X,0x80047C74] -> 0x8593
mem[X,0x80047C76] -> 0x6675
[6702] [M]: 0x80047C74 (0x66758593) addi a1, a1, 1639
x11 <- 0x66666667


mem[X,0x80047C78] -> 0x0213
mem[X,0x80047C7A] -> 0x0000
[6703] [M]: 0x80047C78 (0x00000213) addi tp, zero, 0
x4 <- 0x00000000


mem[X,0x80047C7C] -> 0x006F
mem[X,0x80047C7E] -> 0x00C0
[6704] [M]: 0x80047C7C (0x00C0006F) jal zero, 12


mem[X,0x80047C88] -> 0x6063
mem[X,0x80047C8A] -> 0x02B5
[6705] [M]: 0x80047C88 (0x02B56063) bltu a0, a1, 32


mem[X,0x80047CA8] -> 0x0213
mem[X,0x80047CAA] -> 0x0032
[6706] [M]: 0x80047CA8 (0x00320213) addi tp, tp, 3
x4 <- 0x00000003


mem[X,0x80047CAC] -> 0x006F
mem[X,0x80047CAE] -> 0x0040
[6707] [M]: 0x80047CAC (0x0040006F) jal zero, 4


mem[X,0x80047CB0] -> 0xA623
mem[X,0x80047CB2] -> 0x2C40
[6708] [M]: 0x80047CB0 (0x2C40A623) sw tp, 716(ra)
mem[0x8004BD40] <- 0x00000003


mem[X,0x80047CB4] -> 0x0537
mem[X,0x80047CB6] -> 0x0001
[6709] [M]: 0x80047CB4 (0x00010537) lui a0, 16
x10 <- 0x00010000


mem[X,0x80047CB8] -> 0xB5B7
mem[X,0x80047CBA] -> 0x0000
[6710] [M]: 0x80047CB8 (0x0000B5B7) lui a1, 11
x11 <- 0x0000B000


mem[X,0x80047CBC] -> 0x8593
mem[X,0x80047CBE] -> 0x5055
[6711] [M]: 0x80047CBC (0x50558593) addi a1, a1, 1285
x11 <- 0x0000B505


mem[X,0x80047CC0] -> 0x0213
mem[X,0x80047CC2] -> 0x0000
[6712] [M]: 0x80047CC0 (0x00000213) addi tp, zero, 0
x4 <- 0x00000000


mem[X,0x80047CC4] -> 0x006F
mem[X,0x80047CC6] -> 0x00C0
[6713] [M]: 0x80047CC4 (0x00C0006F) jal zero, 12


mem[X,0x80047CD0] -> 0x6063
mem[X,0x80047CD2] -> 0x04B5
[6714] [M]: 0x80047CD0 (0x04B56063) bltu a0, a1, 64


mem[X,0x80047CD4] -> 0x0213
mem[X,0x80047CD6] -> 0x0022
[6715] [M]: 0x80047CD4 (0x00220213) addi tp, tp, 2
x4 <- 0x00000002


mem[X,0x80047CD8] -> 0x006F
mem[X,0x80047CDA] -> 0x0400
[6716] [M]: 0x80047CD8 (0x0400006F) jal zero, 64


mem[X,0x80047D18] -> 0xA823
mem[X,0x80047D1A] -> 0x2C40
[6717] [M]: 0x80047D18 (0x2C40A823) sw tp, 720(ra)
mem[0x8004BD44] <- 0x00000002


mem[X,0x80047D1C] -> 0x0537
mem[X,0x80047D1E] -> 0x0001
[6718] [M]: 0x80047D1C (0x00010537) lui a0, 16
x10 <- 0x00010000


mem[X,0x80047D20] -> 0x0593
mem[X,0x80047D22] -> 0x0010
[6719] [M]: 0x80047D20 (0x00100593) addi a1, zero, 1
x11 <- 0x00000001


mem[X,0x80047D24] -> 0x0213
mem[X,0x80047D26] -> 0x0000
[6720] [M]: 0x80047D24 (0x00000213) addi tp, zero, 0
x4 <- 0x00000000


mem[X,0x80047D28] -> 0x006F
mem[X,0x80047D2A] -> 0x00C0
[6721] [M]: 0x80047D28 (0x00C0006F) jal zero, 12


mem[X,0x80047D34] -> 0x6063
mem[X,0x80047D36] -> 0x20B5
[6722] [M]: 0x80047D34 (0x20B56063) bltu a0, a1, 512


mem[X,0x80047D38] -> 0x0213
mem[X,0x80047D3A] -> 0x0022
[6723] [M]: 0x80047D38 (0x00220213) addi tp, tp, 2
x4 <- 0x00000002


mem[X,0x80047D3C] -> 0x006F
mem[X,0x80047D3E] -> 0x2000
[6724] [M]: 0x80047D3C (0x2000006F) jal zero, 512


mem[X,0x80047F3C] -> 0xAA23
mem[X,0x80047F3E] -> 0x2C40
[6725] [M]: 0x80047F3C (0x2C40AA23) sw tp, 724(ra)
mem[0x8004BD48] <- 0x00000002


mem[X,0x80047F40] -> 0x0537
mem[X,0x80047F42] -> 0x0001
[6726] [M]: 0x80047F40 (0x00010537) lui a0, 16
x10 <- 0x00010000


mem[X,0x80047F44] -> 0x05B7
mem[X,0x80047F46] -> 0x0001
[6727] [M]: 0x80047F44 (0x000105B7) lui a1, 16
x11 <- 0x00010000


mem[X,0x80047F48] -> 0x0213
mem[X,0x80047F4A] -> 0x0000
[6728] [M]: 0x80047F48 (0x00000213) addi tp, zero, 0
x4 <- 0x00000000


mem[X,0x80047F4C] -> 0x006F
mem[X,0x80047F4E] -> 0x00C0
[6729] [M]: 0x80047F4C (0x00C0006F) jal zero, 12


mem[X,0x80047F58] -> 0x6063
mem[X,0x80047F5A] -> 0x20B5
[6730] [M]: 0x80047F58 (0x20B56063) bltu a0, a1, 512


mem[X,0x80047F5C] -> 0x0213
mem[X,0x80047F5E] -> 0x0022
[6731] [M]: 0x80047F5C (0x00220213) addi tp, tp, 2
x4 <- 0x00000002


mem[X,0x80047F60] -> 0x006F
mem[X,0x80047F62] -> 0x2000
[6732] [M]: 0x80047F60 (0x2000006F) jal zero, 512


mem[X,0x80048160] -> 0xAC23
mem[X,0x80048162] -> 0x2C40
[6733] [M]: 0x80048160 (0x2C40AC23) sw tp, 728(ra)
mem[0x8004BD4C] <- 0x00000002


mem[X,0x80048164] -> 0x6537
mem[X,0x80048166] -> 0x6666
[6734] [M]: 0x80048164 (0x66666537) lui a0, 419430
x10 <- 0x66666000


mem[X,0x80048168] -> 0x0513
mem[X,0x8004816A] -> 0x6655
[6735] [M]: 0x80048168 (0x66550513) addi a0, a0, 1637
x10 <- 0x66666665


mem[X,0x8004816C] -> 0x0593
mem[X,0x8004816E] -> 0x0060
[6736] [M]: 0x8004816C (0x00600593) addi a1, zero, 6
x11 <- 0x00000006


mem[X,0x80048170] -> 0x0213
mem[X,0x80048172] -> 0x0000
[6737] [M]: 0x80048170 (0x00000213) addi tp, zero, 0
x4 <- 0x00000000


mem[X,0x80048174] -> 0x006F
mem[X,0x80048176] -> 0x00C0
[6738] [M]: 0x80048174 (0x00C0006F) jal zero, 12


mem[X,0x80048180] -> 0x6663
mem[X,0x80048182] -> 0x00B5
[6739] [M]: 0x80048180 (0x00B56663) bltu a0, a1, 12


mem[X,0x80048184] -> 0x0213
mem[X,0x80048186] -> 0x0022
[6740] [M]: 0x80048184 (0x00220213) addi tp, tp, 2
x4 <- 0x00000002


mem[X,0x80048188] -> 0x006F
mem[X,0x8004818A] -> 0x00C0
[6741] [M]: 0x80048188 (0x00C0006F) jal zero, 12


mem[X,0x80048194] -> 0xAE23
mem[X,0x80048196] -> 0x2C40
[6742] [M]: 0x80048194 (0x2C40AE23) sw tp, 732(ra)
mem[0x8004BD50] <- 0x00000002


mem[X,0x80048198] -> 0x6537
mem[X,0x8004819A] -> 0x6666
[6743] [M]: 0x80048198 (0x66666537) lui a0, 419430
x10 <- 0x66666000


mem[X,0x8004819C] -> 0x0513
mem[X,0x8004819E] -> 0x6655
[6744] [M]: 0x8004819C (0x66550513) addi a0, a0, 1637
x10 <- 0x66666665


mem[X,0x800481A0] -> 0x35B7
mem[X,0x800481A2] -> 0x3333
[6745] [M]: 0x800481A0 (0x333335B7) lui a1, 209715
x11 <- 0x33333000


mem[X,0x800481A4] -> 0x8593
mem[X,0x800481A6] -> 0x3345
[6746] [M]: 0x800481A4 (0x33458593) addi a1, a1, 820
x11 <- 0x33333334


mem[X,0x800481A8] -> 0x0213
mem[X,0x800481AA] -> 0x0000
[6747] [M]: 0x800481A8 (0x00000213) addi tp, zero, 0
x4 <- 0x00000000


mem[X,0x800481AC] -> 0x006F
mem[X,0x800481AE] -> 0x0050
[6748] [M]: 0x800481AC (0x0050006F) jal zero, 2052


mem[X,0x800489B0] -> 0x60E3
mem[X,0x800489B2] -> 0x80B5
[6749] [M]: 0x800489B0 (0x80B560E3) bltu a0, a1, 6144


mem[X,0x800489B4] -> 0x0213
mem[X,0x800489B6] -> 0x0022
[6750] [M]: 0x800489B4 (0x00220213) addi tp, tp, 2
x4 <- 0x00000002


mem[X,0x800489B8] -> 0x006F
mem[X,0x800489BA] -> 0x00C0
[6751] [M]: 0x800489B8 (0x00C0006F) jal zero, 12


mem[X,0x800489C4] -> 0xA023
mem[X,0x800489C6] -> 0x2E40
[6752] [M]: 0x800489C4 (0x2E40A023) sw tp, 736(ra)
mem[0x8004BD54] <- 0x00000002


mem[X,0x800489C8] -> 0x6537
mem[X,0x800489CA] -> 0x6666
[6753] [M]: 0x800489C8 (0x66666537) lui a0, 419430
x10 <- 0x66666000


mem[X,0x800489CC] -> 0x0513
mem[X,0x800489CE] -> 0x6655
[6754] [M]: 0x800489CC (0x66550513) addi a0, a0, 1637
x10 <- 0x66666665


mem[X,0x800489D0] -> 0x65B7
mem[X,0x800489D2] -> 0x6666
[6755] [M]: 0x800489D0 (0x666665B7) lui a1, 419430
x11 <- 0x66666000


mem[X,0x800489D4] -> 0x8593
mem[X,0x800489D6] -> 0x6675
[6756] [M]: 0x800489D4 (0x66758593) addi a1, a1, 1639
x11 <- 0x66666667


mem[X,0x800489D8] -> 0x0213
mem[X,0x800489DA] -> 0x0000
[6757] [M]: 0x800489D8 (0x00000213) addi tp, zero, 0
x4 <- 0x00000000


mem[X,0x800489DC] -> 0x006F
mem[X,0x800489DE] -> 0x00C0
[6758] [M]: 0x800489DC (0x00C0006F) jal zero, 12


mem[X,0x800489E8] -> 0x6663
mem[X,0x800489EA] -> 0x00B5
[6759] [M]: 0x800489E8 (0x00B56663) bltu a0, a1, 12


mem[X,0x800489F4] -> 0x0213
mem[X,0x800489F6] -> 0x0032
[6760] [M]: 0x800489F4 (0x00320213) addi tp, tp, 3
x4 <- 0x00000003


mem[X,0x800489F8] -> 0x006F
mem[X,0x800489FA] -> 0x0040
[6761] [M]: 0x800489F8 (0x0040006F) jal zero, 4


mem[X,0x800489FC] -> 0xA223
mem[X,0x800489FE] -> 0x2E40
[6762] [M]: 0x800489FC (0x2E40A223) sw tp, 740(ra)
mem[0x8004BD58] <- 0x00000003


mem[X,0x80048A00] -> 0x6537
mem[X,0x80048A02] -> 0x6666
[6763] [M]: 0x80048A00 (0x66666537) lui a0, 419430
x10 <- 0x66666000


mem[X,0x80048A04] -> 0x0513
mem[X,0x80048A06] -> 0x6655
[6764] [M]: 0x80048A04 (0x66550513) addi a0, a0, 1637
x10 <- 0x66666665


mem[X,0x80048A08] -> 0xB5B7
mem[X,0x80048A0A] -> 0x0000
[6765] [M]: 0x80048A08 (0x0000B5B7) lui a1, 11
x11 <- 0x0000B000


mem[X,0x80048A0C] -> 0x8593
mem[X,0x80048A0E] -> 0x5055
[6766] [M]: 0x80048A0C (0x50558593) addi a1, a1, 1285
x11 <- 0x0000B505


mem[X,0x80048A10] -> 0x0213
mem[X,0x80048A12] -> 0x0000
[6767] [M]: 0x80048A10 (0x00000213) addi tp, zero, 0
x4 <- 0x00000000


mem[X,0x80048A14] -> 0x006F
mem[X,0x80048A16] -> 0x00C0
[6768] [M]: 0x80048A14 (0x00C0006F) jal zero, 12


mem[X,0x80048A20] -> 0x6863
mem[X,0x80048A22] -> 0x00B5
[6769] [M]: 0x80048A20 (0x00B56863) bltu a0, a1, 16


mem[X,0x80048A24] -> 0x0213
mem[X,0x80048A26] -> 0x0022
[6770] [M]: 0x80048A24 (0x00220213) addi tp, tp, 2
x4 <- 0x00000002


mem[X,0x80048A28] -> 0x006F
mem[X,0x80048A2A] -> 0x0100
[6771] [M]: 0x80048A28 (0x0100006F) jal zero, 16


mem[X,0x80048A38] -> 0xA423
mem[X,0x80048A3A] -> 0x2E40
[6772] [M]: 0x80048A38 (0x2E40A423) sw tp, 744(ra)
mem[0x8004BD5C] <- 0x00000002


mem[X,0x80048A3C] -> 0x0537
mem[X,0x80048A3E] -> 0x2000
[6773] [M]: 0x80048A3C (0x20000537) lui a0, 131072
x10 <- 0x20000000


mem[X,0x80048A40] -> 0x85B7
mem[X,0x80048A42] -> 0x0000
[6774] [M]: 0x80048A40 (0x000085B7) lui a1, 8
x11 <- 0x00008000


mem[X,0x80048A44] -> 0x0213
mem[X,0x80048A46] -> 0x0000
[6775] [M]: 0x80048A44 (0x00000213) addi tp, zero, 0
x4 <- 0x00000000


mem[X,0x80048A48] -> 0x006F
mem[X,0x80048A4A] -> 0x2B10
[6776] [M]: 0x80048A48 (0x2B10006F) jal zero, 2736


mem[X,0x800494F8] -> 0x6A63
mem[X,0x800494FA] -> 0xD4B5
[6777] [M]: 0x800494F8 (0xD4B56A63) bltu a0, a1, 5460


mem[X,0x800494FC] -> 0x0213
mem[X,0x800494FE] -> 0x0022
[6778] [M]: 0x800494FC (0x00220213) addi tp, tp, 2
x4 <- 0x00000002


mem[X,0x80049500] -> 0x006F
mem[X,0x80049502] -> 0x00C0
[6779] [M]: 0x80049500 (0x00C0006F) jal zero, 12


mem[X,0x8004950C] -> 0xA623
mem[X,0x8004950E] -> 0x2E40
[6780] [M]: 0x8004950C (0x2E40A623) sw tp, 748(ra)
mem[0x8004BD60] <- 0x00000002


mem[X,0x80049510] -> 0x0537
mem[X,0x80049512] -> 0x4000
[6781] [M]: 0x80049510 (0x40000537) lui a0, 262144
x10 <- 0x40000000


mem[X,0x80049514] -> 0x05B7
mem[X,0x80049516] -> 0xFC00
[6782] [M]: 0x80049514 (0xFC0005B7) lui a1, 1032192
x11 <- 0xFC000000


mem[X,0x80049518] -> 0x8593
mem[X,0x8004951A] -> 0xFFF5
[6783] [M]: 0x80049518 (0xFFF58593) addi a1, a1, 4095
x11 <- 0xFBFFFFFF


mem[X,0x8004951C] -> 0x0213
mem[X,0x8004951E] -> 0x0000
[6784] [M]: 0x8004951C (0x00000213) addi tp, zero, 0
x4 <- 0x00000000


mem[X,0x80049520] -> 0x006F
mem[X,0x80049522] -> 0x00C0
[6785] [M]: 0x80049520 (0x00C0006F) jal zero, 12


mem[X,0x8004952C] -> 0x6CE3
mem[X,0x8004952E] -> 0xFEB5
[6786] [M]: 0x8004952C (0xFEB56CE3) bltu a0, a1, 8184


mem[X,0x80049524] -> 0x0213
mem[X,0x80049526] -> 0x0012
[6787] [M]: 0x80049524 (0x00120213) addi tp, tp, 1
x4 <- 0x00000001


mem[X,0x80049528] -> 0x006F
mem[X,0x8004952A] -> 0x0180
[6788] [M]: 0x80049528 (0x0180006F) jal zero, 24


mem[X,0x80049540] -> 0xA823
mem[X,0x80049542] -> 0x2E40
[6789] [M]: 0x80049540 (0x2E40A823) sw tp, 752(ra)
mem[0x8004BD64] <- 0x00000001


mem[X,0x80049544] -> 0x3537
mem[X,0x80049546] -> 0x3333
[6790] [M]: 0x80049544 (0x33333537) lui a0, 209715
x10 <- 0x33333000


mem[X,0x80049548] -> 0x0513
mem[X,0x8004954A] -> 0x3335
[6791] [M]: 0x80049548 (0x33350513) addi a0, a0, 819
x10 <- 0x33333333


mem[X,0x8004954C] -> 0x0593
mem[X,0x8004954E] -> 0x0020
[6792] [M]: 0x8004954C (0x00200593) addi a1, zero, 2
x11 <- 0x00000002


mem[X,0x80049550] -> 0x0213
mem[X,0x80049552] -> 0x0000
[6793] [M]: 0x80049550 (0x00000213) addi tp, zero, 0
x4 <- 0x00000000


mem[X,0x80049554] -> 0x006F
mem[X,0x80049556] -> 0x00C0
[6794] [M]: 0x80049554 (0x00C0006F) jal zero, 12


mem[X,0x80049560] -> 0x6663
mem[X,0x80049562] -> 0x00B5
[6795] [M]: 0x80049560 (0x00B56663) bltu a0, a1, 12


mem[X,0x80049564] -> 0x0213
mem[X,0x80049566] -> 0x0022
[6796] [M]: 0x80049564 (0x00220213) addi tp, tp, 2
x4 <- 0x00000002


mem[X,0x80049568] -> 0x006F
mem[X,0x8004956A] -> 0x00C0
[6797] [M]: 0x80049568 (0x00C0006F) jal zero, 12


mem[X,0x80049574] -> 0xAA23
mem[X,0x80049576] -> 0x2E40
[6798] [M]: 0x80049574 (0x2E40AA23) sw tp, 756(ra)
mem[0x8004BD68] <- 0x00000002


mem[X,0x80049578] -> 0x0013
mem[X,0x8004957A] -> 0x0000
[6799] [M]: 0x80049578 (0x00000013) addi zero, zero, 0


clint::tick mtime <- 0x0000000000000044
 clint timer pending at mtime 0x0000000000000044
htif::tick 0x0000000000000000
mem[X,0x8004957C] -> 0x0013
mem[X,0x8004957E] -> 0x0000
[6800] [M]: 0x8004957C (0x00000013) addi zero, zero, 0


mem[X,0x80049580] -> 0x0093
mem[X,0x80049582] -> 0x0010
[6801] [M]: 0x80049580 (0x00100093) addi ra, zero, 1
x1 <- 0x00000001


mem[X,0x80049584] -> 0x1F17
mem[X,0x80049586] -> 0x0000
[6802] [M]: 0x80049584 (0x00001F17) auipc t5, 1
x30 <- 0x8004A584


mem[X,0x80049588] -> 0x2E23
mem[X,0x8004958A] -> 0xA61F
[6803] [M]: 0x80049588 (0xA61F2E23) sw ra, 2684(t5)
htif[0x8004A000] <- 0x00000001


mem[X,0x8004958C] -> 0xF06F
mem[X,0x8004958E] -> 0xFF9F
[6804] [M]: 0x8004958C (0xFF9FF06F) jal zero, 2097144


mem[X,0x80049584] -> 0x1F17
mem[X,0x80049586] -> 0x0000
[6805] [M]: 0x80049584 (0x00001F17) auipc t5, 1
x30 <- 0x8004A584


mem[X,0x80049588] -> 0x2E23
mem[X,0x8004958A] -> 0xA61F
[6806] [M]: 0x80049588 (0xA61F2E23) sw ra, 2684(t5)
htif[0x8004A000] <- 0x00000001


mem[X,0x8004958C] -> 0xF06F
mem[X,0x8004958E] -> 0xFF9F
[6807] [M]: 0x8004958C (0xFF9FF06F) jal zero, 2097144


mem[X,0x80049584] -> 0x1F17
mem[X,0x80049586] -> 0x0000
[6808] [M]: 0x80049584 (0x00001F17) auipc t5, 1
x30 <- 0x8004A584


mem[X,0x80049588] -> 0x2E23
mem[X,0x8004958A] -> 0xA61F
[6809] [M]: 0x80049588 (0xA61F2E23) sw ra, 2684(t5)
htif[0x8004A000] <- 0x00000001
htif-syscall-proxy cmd: 0x000000000001

SUCCESS
