using /home/moon/moon_verif/riscof_work/src/lhu-align-01.S/ref/Reference-sail_c_simulator.signature for test-signature output.
[Sail] Allocating new block 0x80000000
tohost located at 0x80001000
[Sail] Allocating new block 0x0

Running file sail-lhu-align-01.elf.
ELF Entry @ 0x80000000
begin_signature: 0x80002210
end_signature: 0x800022a0
CSR mstatus <- 0x00000000 (input: 0x00000000)
mem[X,0x00001000] -> 0x0297
mem[X,0x00001002] -> 0x0000
[0] [M]: 0x00001000 (0x00000297) auipc t0, 0
x5 <- 0x00001000


mem[X,0x00001004] -> 0x8593
mem[X,0x00001006] -> 0x0202
[1] [M]: 0x00001004 (0x02028593) addi a1, t0, 32
x11 <- 0x00001020


mem[X,0x00001008] -> 0x2573
mem[X,0x0000100A] -> 0xF140
[2] [M]: 0x00001008 (0xF1402573) csrrs a0, mhartid, zero
CSR mhartid -> 0x00000000
x10 <- 0x00000000


mem[X,0x0000100C] -> 0xA283
mem[X,0x0000100E] -> 0x0182
[3] [M]: 0x0000100C (0x0182A283) lw t0, 24(t0)
mem[R,0x00001018] -> 0x80000000
x5 <- 0x80000000


mem[X,0x00001010] -> 0x8067
mem[X,0x00001012] -> 0x0002
[4] [M]: 0x00001010 (0x00028067) jalr zero, t0, 0


mem[X,0x80000000] -> 0xC0B7
mem[X,0x80000002] -> 0xFEED
[5] [M]: 0x80000000 (0xFEEDC0B7) lui ra, 1044188
x1 <- 0xFEEDC000


mem[X,0x80000004] -> 0x8093
mem[X,0x80000006] -> 0xEAD0
[6] [M]: 0x80000004 (0xEAD08093) addi ra, ra, 3757
x1 <- 0xFEEDBEAD


mem[X,0x80000008] -> 0xE137
mem[X,0x8000000A] -> 0xFF76
[7] [M]: 0x80000008 (0xFF76E137) lui sp, 1046382
x2 <- 0xFF76E000


mem[X,0x8000000C] -> 0x0113
mem[X,0x8000000E] -> 0xF561
[8] [M]: 0x8000000C (0xF5610113) addi sp, sp, 3926
x2 <- 0xFF76DF56


mem[X,0x80000010] -> 0x71B7
mem[X,0x80000012] -> 0x7FBB
[9] [M]: 0x80000010 (0x7FBB71B7) lui gp, 523191
x3 <- 0x7FBB7000


mem[X,0x80000014] -> 0x8193
mem[X,0x80000016] -> 0xFAB1
[10] [M]: 0x80000014 (0xFAB18193) addi gp, gp, 4011
x3 <- 0x7FBB6FAB


mem[X,0x80000018] -> 0xB237
mem[X,0x8000001A] -> 0xBFDD
[11] [M]: 0x80000018 (0xBFDDB237) lui tp, 785883
x4 <- 0xBFDDB000


mem[X,0x8000001C] -> 0x0213
mem[X,0x8000001E] -> 0x7D52
[12] [M]: 0x8000001C (0x7D520213) addi tp, tp, 2005
x4 <- 0xBFDDB7D5


mem[X,0x80000020] -> 0x0297
mem[X,0x80000022] -> 0x0000
[13] [M]: 0x80000020 (0x00000297) auipc t0, 0
x5 <- 0x80000020


mem[X,0x80000024] -> 0x8293
mem[X,0x80000026] -> 0x0D82
[14] [M]: 0x80000024 (0x0D828293) addi t0, t0, 216
x5 <- 0x800000F8


mem[X,0x80000028] -> 0x2317
mem[X,0x8000002A] -> 0x0000
[15] [M]: 0x80000028 (0x00002317) auipc t1, 2
x6 <- 0x80002028


mem[X,0x8000002C] -> 0x0313
mem[X,0x8000002E] -> 0xFD83
[16] [M]: 0x8000002C (0xFD830313) addi t1, t1, 4056
x6 <- 0x80002000


mem[X,0x80000030] -> 0xB3B7
mem[X,0x80000032] -> 0xB7FB
[17] [M]: 0x80000030 (0xB7FBB3B7) lui t2, 753595
x7 <- 0xB7FBB000


mem[X,0x80000034] -> 0x8393
mem[X,0x80000036] -> 0x6FA3
[18] [M]: 0x80000034 (0x6FA38393) addi t2, t2, 1786
x7 <- 0xB7FBB6FA


mem[X,0x80000038] -> 0xE437
mem[X,0x8000003A] -> 0x5BFD
[19] [M]: 0x80000038 (0x5BFDE437) lui fp, 376798
x8 <- 0x5BFDE000


mem[X,0x8000003C] -> 0x0413
mem[X,0x8000003E] -> 0xB7D4
[20] [M]: 0x8000003C (0xB7D40413) addi fp, fp, 2941
x8 <- 0x5BFDDB7D


mem[X,0x80000040] -> 0xF4B7
mem[X,0x80000042] -> 0xADFE
[21] [M]: 0x80000040 (0xADFEF4B7) lui s1, 712687
x9 <- 0xADFEF000


mem[X,0x80000044] -> 0x8493
mem[X,0x80000046] -> 0xDBE4
[22] [M]: 0x80000044 (0xDBE48493) addi s1, s1, 3518
x9 <- 0xADFEEDBE


mem[X,0x80000048] -> 0x7537
mem[X,0x8000004A] -> 0x56FF
[23] [M]: 0x80000048 (0x56FF7537) lui a0, 356343
x10 <- 0x56FF7000


mem[X,0x8000004C] -> 0x0513
mem[X,0x8000004E] -> 0x6DF5
[24] [M]: 0x8000004C (0x6DF50513) addi a0, a0, 1759
x10 <- 0x56FF76DF


mem[X,0x80000050] -> 0xC5B7
mem[X,0x80000052] -> 0xAB7F
[25] [M]: 0x80000050 (0xAB7FC5B7) lui a1, 702460
x11 <- 0xAB7FC000


mem[X,0x80000054] -> 0x8593
mem[X,0x80000056] -> 0xB6F5
[26] [M]: 0x80000054 (0xB6F58593) addi a1, a1, 2927
x11 <- 0xAB7FBB6F


mem[X,0x80000058] -> 0xE637
mem[X,0x8000005A] -> 0xD5BF
[27] [M]: 0x80000058 (0xD5BFE637) lui a2, 875518
x12 <- 0xD5BFE000


mem[X,0x8000005C] -> 0x0613
mem[X,0x8000005E] -> 0xDB76
[28] [M]: 0x8000005C (0xDB760613) addi a2, a2, 3511
x12 <- 0xD5BFDDB7


mem[X,0x80000060] -> 0xF6B7
mem[X,0x80000062] -> 0xEADF
[29] [M]: 0x80000060 (0xEADFF6B7) lui a3, 962047
x13 <- 0xEADFF000


mem[X,0x80000064] -> 0x8693
mem[X,0x80000066] -> 0xEDB6
[30] [M]: 0x80000064 (0xEDB68693) addi a3, a3, 3803
x13 <- 0xEADFEEDB


mem[X,0x80000068] -> 0xF737
mem[X,0x8000006A] -> 0xF56F
[31] [M]: 0x80000068 (0xF56FF737) lui a4, 1005311
x14 <- 0xF56FF000


mem[X,0x8000006C] -> 0x0713
mem[X,0x8000006E] -> 0x76D7
[32] [M]: 0x8000006C (0x76D70713) addi a4, a4, 1901
x14 <- 0xF56FF76D


mem[X,0x80000070] -> 0x07B7
mem[X,0x80000072] -> 0xFAB8
[33] [M]: 0x80000070 (0xFAB807B7) lui a5, 1026944
x15 <- 0xFAB80000


mem[X,0x80000074] -> 0x8793
mem[X,0x80000076] -> 0xBB67
[34] [M]: 0x80000074 (0xBB678793) addi a5, a5, 2998
x15 <- 0xFAB7FBB6


mem[X,0x80000078] -> 0x0837
mem[X,0x8000007A] -> 0x7D5C
[35] [M]: 0x80000078 (0x7D5C0837) lui a6, 513472
x16 <- 0x7D5C0000


mem[X,0x8000007C] -> 0x0813
mem[X,0x8000007E] -> 0xDDB8
[36] [M]: 0x8000007C (0xDDB80813) addi a6, a6, 3547
x16 <- 0x7D5BFDDB


mem[X,0x80000080] -> 0x08B7
mem[X,0x80000082] -> 0xBEAE
[37] [M]: 0x80000080 (0xBEAE08B7) lui a7, 781024
x17 <- 0xBEAE0000


mem[X,0x80000084] -> 0x8893
mem[X,0x80000086] -> 0xEED8
[38] [M]: 0x80000084 (0xEED88893) addi a7, a7, 3821
x17 <- 0xBEADFEED


mem[X,0x80000088] -> 0x0937
mem[X,0x8000008A] -> 0xDF57
[39] [M]: 0x80000088 (0xDF570937) lui s2, 914800
x18 <- 0xDF570000


mem[X,0x8000008C] -> 0x0913
mem[X,0x8000008E] -> 0xF769
[40] [M]: 0x8000008C (0xF7690913) addi s2, s2, 3958
x18 <- 0xDF56FF76


mem[X,0x80000090] -> 0x89B7
mem[X,0x80000092] -> 0x6FAB
[41] [M]: 0x80000090 (0x6FAB89B7) lui s3, 457400
x19 <- 0x6FAB8000


mem[X,0x80000094] -> 0x8993
mem[X,0x80000096] -> 0xFBB9
[42] [M]: 0x80000094 (0xFBB98993) addi s3, s3, 4027
x19 <- 0x6FAB7FBB


mem[X,0x80000098] -> 0xCA37
mem[X,0x8000009A] -> 0xB7D5
[43] [M]: 0x80000098 (0xB7D5CA37) lui s4, 752988
x20 <- 0xB7D5C000


mem[X,0x8000009C] -> 0x0A13
mem[X,0x8000009E] -> 0xFDDA
[44] [M]: 0x8000009C (0xFDDA0A13) addi s4, s4, 4061
x20 <- 0xB7D5BFDD


mem[X,0x800000A0] -> 0xEAB7
mem[X,0x800000A2] -> 0xDBEA
[45] [M]: 0x800000A0 (0xDBEAEAB7) lui s5, 900782
x21 <- 0xDBEAE000


mem[X,0x800000A4] -> 0x8A93
mem[X,0x800000A6] -> 0xFEEA
[46] [M]: 0x800000A4 (0xFEEA8A93) addi s5, s5, 4078
x21 <- 0xDBEADFEE


mem[X,0x800000A8] -> 0x7B37
mem[X,0x800000AA] -> 0x6DF5
[47] [M]: 0x800000A8 (0x6DF57B37) lui s6, 450391
x22 <- 0x6DF57000


mem[X,0x800000AC] -> 0x0B13
mem[X,0x800000AE] -> 0xFF7B
[48] [M]: 0x800000AC (0xFF7B0B13) addi s6, s6, 4087
x22 <- 0x6DF56FF7


mem[X,0x800000B0] -> 0xBBB7
mem[X,0x800000B2] -> 0xB6FA
[49] [M]: 0x800000B0 (0xB6FABBB7) lui s7, 749483
x23 <- 0xB6FAB000


mem[X,0x800000B4] -> 0x8B93
mem[X,0x800000B6] -> 0x7FBB
[50] [M]: 0x800000B4 (0x7FBB8B93) addi s7, s7, 2043
x23 <- 0xB6FAB7FB


mem[X,0x800000B8] -> 0x6C37
mem[X,0x800000BA] -> 0xDB7D
[51] [M]: 0x800000B8 (0xDB7D6C37) lui s8, 899030
x24 <- 0xDB7D6000


mem[X,0x800000BC] -> 0x0C13
mem[X,0x800000BE] -> 0xBFDC
[52] [M]: 0x800000BC (0xBFDC0C13) addi s8, s8, 3069
x24 <- 0xDB7D5BFD


mem[X,0x800000C0] -> 0xBCB7
mem[X,0x800000C2] -> 0xEDBE
[53] [M]: 0x800000C0 (0xEDBEBCB7) lui s9, 973803
x25 <- 0xEDBEB000


mem[X,0x800000C4] -> 0x8C93
mem[X,0x800000C6] -> 0xDFEC
[54] [M]: 0x800000C4 (0xDFEC8C93) addi s9, s9, 3582
x25 <- 0xEDBEADFE


mem[X,0x800000C8] -> 0x5D37
mem[X,0x800000CA] -> 0x76DF
[55] [M]: 0x800000C8 (0x76DF5D37) lui s10, 486901
x26 <- 0x76DF5000


mem[X,0x800000CC] -> 0x0D13
mem[X,0x800000CE] -> 0x6FFD
[56] [M]: 0x800000CC (0x6FFD0D13) addi s10, s10, 1791
x26 <- 0x76DF56FF


mem[X,0x800000D0] -> 0xBDB7
mem[X,0x800000D2] -> 0xBB6F
[57] [M]: 0x800000D0 (0xBB6FBDB7) lui s11, 767739
x27 <- 0xBB6FB000


mem[X,0x800000D4] -> 0x8D93
mem[X,0x800000D6] -> 0xB7FD
[58] [M]: 0x800000D4 (0xB7FD8D93) addi s11, s11, 2943
x27 <- 0xBB6FAB7F


mem[X,0x800000D8] -> 0xDE37
mem[X,0x800000DA] -> 0xDDB7
[59] [M]: 0x800000D8 (0xDDB7DE37) lui t3, 908157
x28 <- 0xDDB7D000


mem[X,0x800000DC] -> 0x0E13
mem[X,0x800000DE] -> 0x5BFE
[60] [M]: 0x800000DC (0x5BFE0E13) addi t3, t3, 1471
x28 <- 0xDDB7D5BF


mem[X,0x800000E0] -> 0xFEB7
mem[X,0x800000E2] -> 0xEEDB
[61] [M]: 0x800000E0 (0xEEDBFEB7) lui t4, 978367
x29 <- 0xEEDBF000


mem[X,0x800000E4] -> 0x8E93
mem[X,0x800000E6] -> 0xADFE
[62] [M]: 0x800000E4 (0xADFE8E93) addi t4, t4, 2783
x29 <- 0xEEDBEADF


mem[X,0x800000E8] -> 0xFF37
mem[X,0x800000EA] -> 0xF76D
[63] [M]: 0x800000E8 (0xF76DFF37) lui t5, 1013471
x30 <- 0xF76DF000


mem[X,0x800000EC] -> 0x0F13
mem[X,0x800000EE] -> 0x56FF
[64] [M]: 0x800000EC (0x56FF0F13) addi t5, t5, 1391
x30 <- 0xF76DF56F


mem[X,0x800000F0] -> 0x0FB7
mem[X,0x800000F2] -> 0xFBB7
[65] [M]: 0x800000F0 (0xFBB70FB7) lui t6, 1031024
x31 <- 0xFBB70000


mem[X,0x800000F4] -> 0x8F93
mem[X,0x800000F6] -> 0xAB7F
[66] [M]: 0x800000F4 (0xAB7F8F93) addi t6, t6, 2743
x31 <- 0xFBB6FAB7


mem[X,0x800000F8] -> 0x2717
mem[X,0x800000FA] -> 0x0000
[67] [M]: 0x800000F8 (0x00002717) auipc a4, 2
x14 <- 0x800020F8


mem[X,0x800000FC] -> 0x0713
mem[X,0x800000FE] -> 0x11C7
[68] [M]: 0x800000FC (0x11C70713) addi a4, a4, 284
x14 <- 0x80002214


mem[X,0x80000100] -> 0x2F17
mem[X,0x80000102] -> 0x0000
[69] [M]: 0x80000100 (0x00002F17) auipc t5, 2
x30 <- 0x80002100


mem[X,0x80000104] -> 0x0F13
mem[X,0x80000106] -> 0xE00F
[70] [M]: 0x80000104 (0xE00F0F13) addi t5, t5, 3584
x30 <- 0x80001F00


mem[X,0x80000108] -> 0x5003
mem[X,0x8000010A] -> 0x100F
[71] [M]: 0x80000108 (0x100F5003) lhu zero, 256(t5)
mem[R,0x80002000] -> 0xBEEF


mem[X,0x8000010C] -> 0x0013
mem[X,0x8000010E] -> 0x0000
[72] [M]: 0x8000010C (0x00000013) addi zero, zero, 0


mem[X,0x80000110] -> 0x0013
mem[X,0x80000112] -> 0x0000
[73] [M]: 0x80000110 (0x00000013) addi zero, zero, 0


mem[X,0x80000114] -> 0x2023
mem[X,0x80000116] -> 0x0007
[74] [M]: 0x80000114 (0x00072023) sw zero, 0(a4)
mem[0x80002214] <- 0x00000000


mem[X,0x80000118] -> 0x2F97
mem[X,0x8000011A] -> 0x0000
[75] [M]: 0x80000118 (0x00002F97) auipc t6, 2
x31 <- 0x80002118


mem[X,0x8000011C] -> 0x8F93
mem[X,0x8000011E] -> 0xEEBF
[76] [M]: 0x8000011C (0xEEBF8F93) addi t6, t6, 3819
x31 <- 0x80002003


mem[X,0x80000120] -> 0xDF83
mem[X,0x80000122] -> 0xFFDF
[77] [M]: 0x80000120 (0xFFDFDF83) lhu t6, 4093(t6)
mem[R,0x80002000] -> 0xBEEF
x31 <- 0x0000BEEF


mem[X,0x80000124] -> 0x0013
mem[X,0x80000126] -> 0x0000
[78] [M]: 0x80000124 (0x00000013) addi zero, zero, 0


mem[X,0x80000128] -> 0x0013
mem[X,0x8000012A] -> 0x0000
[79] [M]: 0x80000128 (0x00000013) addi zero, zero, 0


mem[X,0x8000012C] -> 0x2223
mem[X,0x8000012E] -> 0x01F7
[80] [M]: 0x8000012C (0x01F72223) sw t6, 4(a4)
mem[0x80002218] <- 0x0000BEEF


mem[X,0x80000130] -> 0x2C17
mem[X,0x80000132] -> 0x0000
[81] [M]: 0x80000130 (0x00002C17) auipc s8, 2
x24 <- 0x80002130


mem[X,0x80000134] -> 0x0C13
mem[X,0x80000136] -> 0xED2C
[82] [M]: 0x80000134 (0xED2C0C13) addi s8, s8, 3794
x24 <- 0x80002002


mem[X,0x80000138] -> 0x5103
mem[X,0x8000013A] -> 0xFFEC
[83] [M]: 0x80000138 (0xFFEC5103) lhu sp, 4094(s8)
mem[R,0x80002000] -> 0xBEEF
x2 <- 0x0000BEEF


mem[X,0x8000013C] -> 0x0013
mem[X,0x8000013E] -> 0x0000
[84] [M]: 0x8000013C (0x00000013) addi zero, zero, 0


mem[X,0x80000140] -> 0x0013
mem[X,0x80000142] -> 0x0000
[85] [M]: 0x80000140 (0x00000013) addi zero, zero, 0


mem[X,0x80000144] -> 0x2423
mem[X,0x80000146] -> 0x0027
[86] [M]: 0x80000144 (0x00272423) sw sp, 8(a4)
mem[0x8000221C] <- 0x0000BEEF


mem[X,0x80000148] -> 0x2D17
mem[X,0x8000014A] -> 0x0000
[87] [M]: 0x80000148 (0x00002D17) auipc s10, 2
x26 <- 0x80002148


mem[X,0x8000014C] -> 0x0D13
mem[X,0x8000014E] -> 0xFB9D
[88] [M]: 0x8000014C (0xFB9D0D13) addi s10, s10, 4025
x26 <- 0x80002101


mem[X,0x80000150] -> 0x5C03
mem[X,0x80000152] -> 0xEFFD
[89] [M]: 0x80000150 (0xEFFD5C03) lhu s8, 3839(s10)
mem[R,0x80002000] -> 0xBEEF
x24 <- 0x0000BEEF


mem[X,0x80000154] -> 0x0013
mem[X,0x80000156] -> 0x0000
[90] [M]: 0x80000154 (0x00000013) addi zero, zero, 0


mem[X,0x80000158] -> 0x0013
mem[X,0x8000015A] -> 0x0000
[91] [M]: 0x80000158 (0x00000013) addi zero, zero, 0


mem[X,0x8000015C] -> 0x2623
mem[X,0x8000015E] -> 0x0187
[92] [M]: 0x8000015C (0x01872623) sw s8, 12(a4)
mem[0x80002220] <- 0x0000BEEF


mem[X,0x80000160] -> 0x2397
mem[X,0x80000162] -> 0x0000
[93] [M]: 0x80000160 (0x00002397) auipc t2, 2
x7 <- 0x80002160


mem[X,0x80000164] -> 0x8393
mem[X,0x80000166] -> 0xE223
[94] [M]: 0x80000164 (0xE2238393) addi t2, t2, 3618
x7 <- 0x80001F82


mem[X,0x80000168] -> 0xD183
mem[X,0x8000016A] -> 0x0803
[95] [M]: 0x80000168 (0x0803D183) lhu gp, 128(t2)
mem[R,0x80002002] -> 0xDEAD
x3 <- 0x0000DEAD


mem[X,0x8000016C] -> 0x0013
mem[X,0x8000016E] -> 0x0000
[96] [M]: 0x8000016C (0x00000013) addi zero, zero, 0


mem[X,0x80000170] -> 0x0013
mem[X,0x80000172] -> 0x0000
[97] [M]: 0x80000170 (0x00000013) addi zero, zero, 0


mem[X,0x80000174] -> 0x2823
mem[X,0x80000176] -> 0x0037
[98] [M]: 0x80000174 (0x00372823) sw gp, 16(a4)
mem[0x80002224] <- 0x0000DEAD


mem[X,0x80000178] -> 0x2217
mem[X,0x8000017A] -> 0x0000
[99] [M]: 0x80000178 (0x00002217) auipc tp, 2
x4 <- 0x80002178


clint::tick mtime <- 0x0000000000000001
 clint timer pending at mtime 0x0000000000000001
htif::tick 0x0000000000000000
mem[X,0x8000017C] -> 0x0213
mem[X,0x8000017E] -> 0xE882
[100] [M]: 0x8000017C (0xE8820213) addi tp, tp, 3720
x4 <- 0x80002000


mem[X,0x80000180] -> 0x5C83
mem[X,0x80000182] -> 0x0002
[101] [M]: 0x80000180 (0x00025C83) lhu s9, 0(tp)
mem[R,0x80002000] -> 0xBEEF
x25 <- 0x0000BEEF


mem[X,0x80000184] -> 0x0013
mem[X,0x80000186] -> 0x0000
[102] [M]: 0x80000184 (0x00000013) addi zero, zero, 0


mem[X,0x80000188] -> 0x0013
mem[X,0x8000018A] -> 0x0000
[103] [M]: 0x80000188 (0x00000013) addi zero, zero, 0


mem[X,0x8000018C] -> 0x2A23
mem[X,0x8000018E] -> 0x0197
[104] [M]: 0x8000018C (0x01972A23) sw s9, 20(a4)
mem[0x80002228] <- 0x0000BEEF


mem[X,0x80000190] -> 0x2917
mem[X,0x80000192] -> 0x0000
[105] [M]: 0x80000190 (0x00002917) auipc s2, 2
x18 <- 0x80002190


mem[X,0x80000194] -> 0x0913
mem[X,0x80000196] -> 0xE699
[106] [M]: 0x80000194 (0xE6990913) addi s2, s2, 3689
x18 <- 0x80001FF9


mem[X,0x80000198] -> 0x5283
mem[X,0x8000019A] -> 0x0099
[107] [M]: 0x80000198 (0x00995283) lhu t0, 9(s2)
mem[R,0x80002002] -> 0xDEAD
x5 <- 0x0000DEAD


mem[X,0x8000019C] -> 0x0013
mem[X,0x8000019E] -> 0x0000
[108] [M]: 0x8000019C (0x00000013) addi zero, zero, 0


mem[X,0x800001A0] -> 0x0013
mem[X,0x800001A2] -> 0x0000
[109] [M]: 0x800001A0 (0x00000013) addi zero, zero, 0


mem[X,0x800001A4] -> 0x2C23
mem[X,0x800001A6] -> 0x0057
[110] [M]: 0x800001A4 (0x00572C23) sw t0, 24(a4)
mem[0x8000222C] <- 0x0000DEAD


mem[X,0x800001A8] -> 0x2197
mem[X,0x800001AA] -> 0x0000
[111] [M]: 0x800001A8 (0x00002197) auipc gp, 2
x3 <- 0x800021A8


mem[X,0x800001AC] -> 0x8193
mem[X,0x800001AE] -> 0x3B01
[112] [M]: 0x800001AC (0x3B018193) addi gp, gp, 944
x3 <- 0x80002558


mem[X,0x800001B0] -> 0xDA83
mem[X,0x800001B2] -> 0xAAA1
[113] [M]: 0x800001B0 (0xAAA1DA83) lhu s5, 2730(gp)
mem[R,0x80002002] -> 0xDEAD
x21 <- 0x0000DEAD


mem[X,0x800001B4] -> 0x0013
mem[X,0x800001B6] -> 0x0000
[114] [M]: 0x800001B4 (0x00000013) addi zero, zero, 0


mem[X,0x800001B8] -> 0x0013
mem[X,0x800001BA] -> 0x0000
[115] [M]: 0x800001B8 (0x00000013) addi zero, zero, 0


mem[X,0x800001BC] -> 0x2E23
mem[X,0x800001BE] -> 0x0157
[116] [M]: 0x800001BC (0x01572E23) sw s5, 28(a4)
mem[0x80002230] <- 0x0000DEAD


mem[X,0x800001C0] -> 0x2E97
mem[X,0x800001C2] -> 0x0000
[117] [M]: 0x800001C0 (0x00002E97) auipc t4, 2
x29 <- 0x800021C0


mem[X,0x800001C4] -> 0x8E93
mem[X,0x800001C6] -> 0xE63E
[118] [M]: 0x800001C4 (0xE63E8E93) addi t4, t4, 3683
x29 <- 0x80002023


mem[X,0x800001C8] -> 0xD203
mem[X,0x800001CA] -> 0xFDFE
[119] [M]: 0x800001C8 (0xFDFED203) lhu tp, 4063(t4)
mem[R,0x80002002] -> 0xDEAD
x4 <- 0x0000DEAD


mem[X,0x800001CC] -> 0x0013
mem[X,0x800001CE] -> 0x0000
[120] [M]: 0x800001CC (0x00000013) addi zero, zero, 0


mem[X,0x800001D0] -> 0x0013
mem[X,0x800001D2] -> 0x0000
[121] [M]: 0x800001D0 (0x00000013) addi zero, zero, 0


mem[X,0x800001D4] -> 0x2023
mem[X,0x800001D6] -> 0x0247
[122] [M]: 0x800001D4 (0x02472023) sw tp, 32(a4)
mem[0x80002234] <- 0x0000DEAD


mem[X,0x800001D8] -> 0x2597
mem[X,0x800001DA] -> 0x0000
[123] [M]: 0x800001D8 (0x00002597) auipc a1, 2
x11 <- 0x800021D8


mem[X,0x800001DC] -> 0x8593
mem[X,0x800001DE] -> 0x6285
[124] [M]: 0x800001DC (0x62858593) addi a1, a1, 1576
x11 <- 0x80002800


mem[X,0x800001E0] -> 0xD683
mem[X,0x800001E2] -> 0x8005
[125] [M]: 0x800001E0 (0x8005D683) lhu a3, 2048(a1)
mem[R,0x80002000] -> 0xBEEF
x13 <- 0x0000BEEF


mem[X,0x800001E4] -> 0x0013
mem[X,0x800001E6] -> 0x0000
[126] [M]: 0x800001E4 (0x00000013) addi zero, zero, 0


mem[X,0x800001E8] -> 0x0013
mem[X,0x800001EA] -> 0x0000
[127] [M]: 0x800001E8 (0x00000013) addi zero, zero, 0


mem[X,0x800001EC] -> 0x2223
mem[X,0x800001EE] -> 0x02D7
[128] [M]: 0x800001EC (0x02D72223) sw a3, 36(a4)
mem[0x80002238] <- 0x0000BEEF


mem[X,0x800001F0] -> 0x2A97
mem[X,0x800001F2] -> 0x0000
[129] [M]: 0x800001F0 (0x00002A97) auipc s5, 2
x21 <- 0x800021F0


mem[X,0x800001F4] -> 0x8A93
mem[X,0x800001F6] -> 0x610A
[130] [M]: 0x800001F4 (0x610A8A93) addi s5, s5, 1552
x21 <- 0x80002800


mem[X,0x800001F8] -> 0xD603
mem[X,0x800001FA] -> 0x800A
[131] [M]: 0x800001F8 (0x800AD603) lhu a2, 2048(s5)
mem[R,0x80002000] -> 0xBEEF
x12 <- 0x0000BEEF


mem[X,0x800001FC] -> 0x0013
mem[X,0x800001FE] -> 0x0000
[132] [M]: 0x800001FC (0x00000013) addi zero, zero, 0


mem[X,0x80000200] -> 0x0013
mem[X,0x80000202] -> 0x0000
[133] [M]: 0x80000200 (0x00000013) addi zero, zero, 0


mem[X,0x80000204] -> 0x2423
mem[X,0x80000206] -> 0x02C7
[134] [M]: 0x80000204 (0x02C72423) sw a2, 40(a4)
mem[0x8000223C] <- 0x0000BEEF


mem[X,0x80000208] -> 0x2317
mem[X,0x8000020A] -> 0x0000
[135] [M]: 0x80000208 (0x00002317) auipc t1, 2
x6 <- 0x80002208


mem[X,0x8000020C] -> 0x0313
mem[X,0x8000020E] -> 0x5F83
[136] [M]: 0x8000020C (0x5F830313) addi t1, t1, 1528
x6 <- 0x80002800


mem[X,0x80000210] -> 0x5483
mem[X,0x80000212] -> 0x8003
[137] [M]: 0x80000210 (0x80035483) lhu s1, 2048(t1)
mem[R,0x80002000] -> 0xBEEF
x9 <- 0x0000BEEF


mem[X,0x80000214] -> 0x0013
mem[X,0x80000216] -> 0x0000
[138] [M]: 0x80000214 (0x00000013) addi zero, zero, 0


mem[X,0x80000218] -> 0x0013
mem[X,0x8000021A] -> 0x0000
[139] [M]: 0x80000218 (0x00000013) addi zero, zero, 0


mem[X,0x8000021C] -> 0x2623
mem[X,0x8000021E] -> 0x0297
[140] [M]: 0x8000021C (0x02972623) sw s1, 44(a4)
mem[0x80002240] <- 0x0000BEEF


mem[X,0x80000220] -> 0x2097
mem[X,0x80000222] -> 0x0000
[141] [M]: 0x80000220 (0x00002097) auipc ra, 2
x1 <- 0x80002220


mem[X,0x80000224] -> 0x8093
mem[X,0x80000226] -> 0x5E00
[142] [M]: 0x80000224 (0x5E008093) addi ra, ra, 1504
x1 <- 0x80002800


mem[X,0x80000228] -> 0xD383
mem[X,0x8000022A] -> 0x8000
[143] [M]: 0x80000228 (0x8000D383) lhu t2, 2048(ra)
mem[R,0x80002000] -> 0xBEEF
x7 <- 0x0000BEEF


mem[X,0x8000022C] -> 0x0013
mem[X,0x8000022E] -> 0x0000
[144] [M]: 0x8000022C (0x00000013) addi zero, zero, 0


mem[X,0x80000230] -> 0x0013
mem[X,0x80000232] -> 0x0000
[145] [M]: 0x80000230 (0x00000013) addi zero, zero, 0


mem[X,0x80000234] -> 0x2823
mem[X,0x80000236] -> 0x0277
[146] [M]: 0x80000234 (0x02772823) sw t2, 48(a4)
mem[0x80002244] <- 0x0000BEEF


mem[X,0x80000238] -> 0x2517
mem[X,0x8000023A] -> 0x0000
[147] [M]: 0x80000238 (0x00002517) auipc a0, 2
x10 <- 0x80002238


mem[X,0x8000023C] -> 0x0513
mem[X,0x8000023E] -> 0x5C85
[148] [M]: 0x8000023C (0x5C850513) addi a0, a0, 1480
x10 <- 0x80002800


mem[X,0x80000240] -> 0x5783
mem[X,0x80000242] -> 0x8005
[149] [M]: 0x80000240 (0x80055783) lhu a5, 2048(a0)
mem[R,0x80002000] -> 0xBEEF
x15 <- 0x0000BEEF


mem[X,0x80000244] -> 0x0013
mem[X,0x80000246] -> 0x0000
[150] [M]: 0x80000244 (0x00000013) addi zero, zero, 0


mem[X,0x80000248] -> 0x0013
mem[X,0x8000024A] -> 0x0000
[151] [M]: 0x80000248 (0x00000013) addi zero, zero, 0


mem[X,0x8000024C] -> 0x2A23
mem[X,0x8000024E] -> 0x02F7
[152] [M]: 0x8000024C (0x02F72A23) sw a5, 52(a4)
mem[0x80002248] <- 0x0000BEEF


mem[X,0x80000250] -> 0x2797
mem[X,0x80000252] -> 0x0000
[153] [M]: 0x80000250 (0x00002797) auipc a5, 2
x15 <- 0x80002250


mem[X,0x80000254] -> 0x8793
mem[X,0x80000256] -> 0x5B07
[154] [M]: 0x80000254 (0x5B078793) addi a5, a5, 1456
x15 <- 0x80002800


mem[X,0x80000258] -> 0xD083
mem[X,0x8000025A] -> 0x8007
[155] [M]: 0x80000258 (0x8007D083) lhu ra, 2048(a5)
mem[R,0x80002000] -> 0xBEEF
x1 <- 0x0000BEEF


mem[X,0x8000025C] -> 0x0013
mem[X,0x8000025E] -> 0x0000
[156] [M]: 0x8000025C (0x00000013) addi zero, zero, 0


mem[X,0x80000260] -> 0x0013
mem[X,0x80000262] -> 0x0000
[157] [M]: 0x80000260 (0x00000013) addi zero, zero, 0


mem[X,0x80000264] -> 0x2C23
mem[X,0x80000266] -> 0x0217
[158] [M]: 0x80000264 (0x02172C23) sw ra, 56(a4)
mem[0x8000224C] <- 0x0000BEEF


mem[X,0x80000268] -> 0x2E17
mem[X,0x8000026A] -> 0x0000
[159] [M]: 0x80000268 (0x00002E17) auipc t3, 2
x28 <- 0x80002268


mem[X,0x8000026C] -> 0x0E13
mem[X,0x8000026E] -> 0x598E
[160] [M]: 0x8000026C (0x598E0E13) addi t3, t3, 1432
x28 <- 0x80002800


mem[X,0x80000270] -> 0x5303
mem[X,0x80000272] -> 0x800E
[161] [M]: 0x80000270 (0x800E5303) lhu t1, 2048(t3)
mem[R,0x80002000] -> 0xBEEF
x6 <- 0x0000BEEF


mem[X,0x80000274] -> 0x0013
mem[X,0x80000276] -> 0x0000
[162] [M]: 0x80000274 (0x00000013) addi zero, zero, 0


mem[X,0x80000278] -> 0x0013
mem[X,0x8000027A] -> 0x0000
[163] [M]: 0x80000278 (0x00000013) addi zero, zero, 0


mem[X,0x8000027C] -> 0x2E23
mem[X,0x8000027E] -> 0x0267
[164] [M]: 0x8000027C (0x02672E23) sw t1, 60(a4)
mem[0x80002250] <- 0x0000BEEF


mem[X,0x80000280] -> 0x2817
mem[X,0x80000282] -> 0x0000
[165] [M]: 0x80000280 (0x00002817) auipc a6, 2
x16 <- 0x80002280


mem[X,0x80000284] -> 0x0813
mem[X,0x80000286] -> 0x5808
[166] [M]: 0x80000284 (0x58080813) addi a6, a6, 1408
x16 <- 0x80002800


mem[X,0x80000288] -> 0x5E83
mem[X,0x8000028A] -> 0x8008
[167] [M]: 0x80000288 (0x80085E83) lhu t4, 2048(a6)
mem[R,0x80002000] -> 0xBEEF
x29 <- 0x0000BEEF


mem[X,0x8000028C] -> 0x0013
mem[X,0x8000028E] -> 0x0000
[168] [M]: 0x8000028C (0x00000013) addi zero, zero, 0


mem[X,0x80000290] -> 0x0013
mem[X,0x80000292] -> 0x0000
[169] [M]: 0x80000290 (0x00000013) addi zero, zero, 0


mem[X,0x80000294] -> 0x2023
mem[X,0x80000296] -> 0x05D7
[170] [M]: 0x80000294 (0x05D72023) sw t4, 64(a4)
mem[0x80002254] <- 0x0000BEEF


mem[X,0x80000298] -> 0x2697
mem[X,0x8000029A] -> 0x0000
[171] [M]: 0x80000298 (0x00002697) auipc a3, 2
x13 <- 0x80002298


mem[X,0x8000029C] -> 0x8693
mem[X,0x8000029E] -> 0x5686
[172] [M]: 0x8000029C (0x56868693) addi a3, a3, 1384
x13 <- 0x80002800


mem[X,0x800002A0] -> 0xD903
mem[X,0x800002A2] -> 0x8006
[173] [M]: 0x800002A0 (0x8006D903) lhu s2, 2048(a3)
mem[R,0x80002000] -> 0xBEEF
x18 <- 0x0000BEEF


mem[X,0x800002A4] -> 0x0013
mem[X,0x800002A6] -> 0x0000
[174] [M]: 0x800002A4 (0x00000013) addi zero, zero, 0


mem[X,0x800002A8] -> 0x0013
mem[X,0x800002AA] -> 0x0000
[175] [M]: 0x800002A8 (0x00000013) addi zero, zero, 0


mem[X,0x800002AC] -> 0x2223
mem[X,0x800002AE] -> 0x0527
[176] [M]: 0x800002AC (0x05272223) sw s2, 68(a4)
mem[0x80002258] <- 0x0000BEEF


mem[X,0x800002B0] -> 0x2417
mem[X,0x800002B2] -> 0x0000
[177] [M]: 0x800002B0 (0x00002417) auipc fp, 2
x8 <- 0x800022B0


mem[X,0x800002B4] -> 0x0413
mem[X,0x800002B6] -> 0x5504
[178] [M]: 0x800002B4 (0x55040413) addi fp, fp, 1360
x8 <- 0x80002800


mem[X,0x800002B8] -> 0x5A03
mem[X,0x800002BA] -> 0x8004
[179] [M]: 0x800002B8 (0x80045A03) lhu s4, 2048(fp)
mem[R,0x80002000] -> 0xBEEF
x20 <- 0x0000BEEF


mem[X,0x800002BC] -> 0x0013
mem[X,0x800002BE] -> 0x0000
[180] [M]: 0x800002BC (0x00000013) addi zero, zero, 0


mem[X,0x800002C0] -> 0x0013
mem[X,0x800002C2] -> 0x0000
[181] [M]: 0x800002C0 (0x00000013) addi zero, zero, 0


mem[X,0x800002C4] -> 0x2423
mem[X,0x800002C6] -> 0x0547
[182] [M]: 0x800002C4 (0x05472423) sw s4, 72(a4)
mem[0x8000225C] <- 0x0000BEEF


mem[X,0x800002C8] -> 0x2B17
mem[X,0x800002CA] -> 0x0000
[183] [M]: 0x800002C8 (0x00002B17) auipc s6, 2
x22 <- 0x800022C8


mem[X,0x800002CC] -> 0x0B13
mem[X,0x800002CE] -> 0x538B
[184] [M]: 0x800002CC (0x538B0B13) addi s6, s6, 1336
x22 <- 0x80002800


mem[X,0x800002D0] -> 0x5883
mem[X,0x800002D2] -> 0x800B
[185] [M]: 0x800002D0 (0x800B5883) lhu a7, 2048(s6)
mem[R,0x80002000] -> 0xBEEF
x17 <- 0x0000BEEF


mem[X,0x800002D4] -> 0x0013
mem[X,0x800002D6] -> 0x0000
[186] [M]: 0x800002D4 (0x00000013) addi zero, zero, 0


mem[X,0x800002D8] -> 0x0013
mem[X,0x800002DA] -> 0x0000
[187] [M]: 0x800002D8 (0x00000013) addi zero, zero, 0


mem[X,0x800002DC] -> 0x2623
mem[X,0x800002DE] -> 0x0517
[188] [M]: 0x800002DC (0x05172623) sw a7, 76(a4)
mem[0x80002260] <- 0x0000BEEF


mem[X,0x800002E0] -> 0x2497
mem[X,0x800002E2] -> 0x0000
[189] [M]: 0x800002E0 (0x00002497) auipc s1, 2
x9 <- 0x800022E0


mem[X,0x800002E4] -> 0x8493
mem[X,0x800002E6] -> 0x5204
[190] [M]: 0x800002E4 (0x52048493) addi s1, s1, 1312
x9 <- 0x80002800


mem[X,0x800002E8] -> 0xDE03
mem[X,0x800002EA] -> 0x8004
[191] [M]: 0x800002E8 (0x8004DE03) lhu t3, 2048(s1)
mem[R,0x80002000] -> 0xBEEF
x28 <- 0x0000BEEF


mem[X,0x800002EC] -> 0x0013
mem[X,0x800002EE] -> 0x0000
[192] [M]: 0x800002EC (0x00000013) addi zero, zero, 0


mem[X,0x800002F0] -> 0x0013
mem[X,0x800002F2] -> 0x0000
[193] [M]: 0x800002F0 (0x00000013) addi zero, zero, 0


mem[X,0x800002F4] -> 0x2823
mem[X,0x800002F6] -> 0x05C7
[194] [M]: 0x800002F4 (0x05C72823) sw t3, 80(a4)
mem[0x80002264] <- 0x0000BEEF


mem[X,0x800002F8] -> 0x2C97
mem[X,0x800002FA] -> 0x0000
[195] [M]: 0x800002F8 (0x00002C97) auipc s9, 2
x25 <- 0x800022F8


mem[X,0x800002FC] -> 0x8C93
mem[X,0x800002FE] -> 0x508C
[196] [M]: 0x800002FC (0x508C8C93) addi s9, s9, 1288
x25 <- 0x80002800


mem[X,0x80000300] -> 0xD983
mem[X,0x80000302] -> 0x800C
[197] [M]: 0x80000300 (0x800CD983) lhu s3, 2048(s9)
mem[R,0x80002000] -> 0xBEEF
x19 <- 0x0000BEEF


mem[X,0x80000304] -> 0x0013
mem[X,0x80000306] -> 0x0000
[198] [M]: 0x80000304 (0x00000013) addi zero, zero, 0


mem[X,0x80000308] -> 0x0013
mem[X,0x8000030A] -> 0x0000
[199] [M]: 0x80000308 (0x00000013) addi zero, zero, 0


clint::tick mtime <- 0x0000000000000002
 clint timer pending at mtime 0x0000000000000002
htif::tick 0x0000000000000000
mem[X,0x8000030C] -> 0x2A23
mem[X,0x8000030E] -> 0x0537
[200] [M]: 0x8000030C (0x05372A23) sw s3, 84(a4)
mem[0x80002268] <- 0x0000BEEF


mem[X,0x80000310] -> 0x2097
mem[X,0x80000312] -> 0x0000
[201] [M]: 0x80000310 (0x00002097) auipc ra, 2
x1 <- 0x80002310


mem[X,0x80000314] -> 0x8093
mem[X,0x80000316] -> 0xF5C0
[202] [M]: 0x80000314 (0xF5C08093) addi ra, ra, 3932
x1 <- 0x8000226C


mem[X,0x80000318] -> 0x2D97
mem[X,0x8000031A] -> 0x0000
[203] [M]: 0x80000318 (0x00002D97) auipc s11, 2
x27 <- 0x80002318


mem[X,0x8000031C] -> 0x8D93
mem[X,0x8000031E] -> 0x4E8D
[204] [M]: 0x8000031C (0x4E8D8D93) addi s11, s11, 1256
x27 <- 0x80002800


mem[X,0x80000320] -> 0xDB03
mem[X,0x80000322] -> 0x800D
[205] [M]: 0x80000320 (0x800DDB03) lhu s6, 2048(s11)
mem[R,0x80002000] -> 0xBEEF
x22 <- 0x0000BEEF


mem[X,0x80000324] -> 0x0013
mem[X,0x80000326] -> 0x0000
[206] [M]: 0x80000324 (0x00000013) addi zero, zero, 0


mem[X,0x80000328] -> 0x0013
mem[X,0x8000032A] -> 0x0000
[207] [M]: 0x80000328 (0x00000013) addi zero, zero, 0


mem[X,0x8000032C] -> 0xA023
mem[X,0x8000032E] -> 0x0160
[208] [M]: 0x8000032C (0x0160A023) sw s6, 0(ra)
mem[0x8000226C] <- 0x0000BEEF


mem[X,0x80000330] -> 0x2117
mem[X,0x80000332] -> 0x0000
[209] [M]: 0x80000330 (0x00002117) auipc sp, 2
x2 <- 0x80002330


mem[X,0x80000334] -> 0x0113
mem[X,0x80000336] -> 0x4D01
[210] [M]: 0x80000334 (0x4D010113) addi sp, sp, 1232
x2 <- 0x80002800


mem[X,0x80000338] -> 0x5B83
mem[X,0x8000033A] -> 0x8001
[211] [M]: 0x80000338 (0x80015B83) lhu s7, 2048(sp)
mem[R,0x80002000] -> 0xBEEF
x23 <- 0x0000BEEF


mem[X,0x8000033C] -> 0x0013
mem[X,0x8000033E] -> 0x0000
[212] [M]: 0x8000033C (0x00000013) addi zero, zero, 0


mem[X,0x80000340] -> 0x0013
mem[X,0x80000342] -> 0x0000
[213] [M]: 0x80000340 (0x00000013) addi zero, zero, 0


mem[X,0x80000344] -> 0xA223
mem[X,0x80000346] -> 0x0170
[214] [M]: 0x80000344 (0x0170A223) sw s7, 4(ra)
mem[0x80002270] <- 0x0000BEEF


mem[X,0x80000348] -> 0x2A17
mem[X,0x8000034A] -> 0x0000
[215] [M]: 0x80000348 (0x00002A17) auipc s4, 2
x20 <- 0x80002348


mem[X,0x8000034C] -> 0x0A13
mem[X,0x8000034E] -> 0x4B8A
[216] [M]: 0x8000034C (0x4B8A0A13) addi s4, s4, 1208
x20 <- 0x80002800


mem[X,0x80000350] -> 0x5F03
mem[X,0x80000352] -> 0x800A
[217] [M]: 0x80000350 (0x800A5F03) lhu t5, 2048(s4)
mem[R,0x80002000] -> 0xBEEF
x30 <- 0x0000BEEF


mem[X,0x80000354] -> 0x0013
mem[X,0x80000356] -> 0x0000
[218] [M]: 0x80000354 (0x00000013) addi zero, zero, 0


mem[X,0x80000358] -> 0x0013
mem[X,0x8000035A] -> 0x0000
[219] [M]: 0x80000358 (0x00000013) addi zero, zero, 0


mem[X,0x8000035C] -> 0xA423
mem[X,0x8000035E] -> 0x01E0
[220] [M]: 0x8000035C (0x01E0A423) sw t5, 8(ra)
mem[0x80002274] <- 0x0000BEEF


mem[X,0x80000360] -> 0x2297
mem[X,0x80000362] -> 0x0000
[221] [M]: 0x80000360 (0x00002297) auipc t0, 2
x5 <- 0x80002360


mem[X,0x80000364] -> 0x8293
mem[X,0x80000366] -> 0x4A02
[222] [M]: 0x80000364 (0x4A028293) addi t0, t0, 1184
x5 <- 0x80002800


mem[X,0x80000368] -> 0xDD03
mem[X,0x8000036A] -> 0x8002
[223] [M]: 0x80000368 (0x8002DD03) lhu s10, 2048(t0)
mem[R,0x80002000] -> 0xBEEF
x26 <- 0x0000BEEF


mem[X,0x8000036C] -> 0x0013
mem[X,0x8000036E] -> 0x0000
[224] [M]: 0x8000036C (0x00000013) addi zero, zero, 0


mem[X,0x80000370] -> 0x0013
mem[X,0x80000372] -> 0x0000
[225] [M]: 0x80000370 (0x00000013) addi zero, zero, 0


mem[X,0x80000374] -> 0xA623
mem[X,0x80000376] -> 0x01A0
[226] [M]: 0x80000374 (0x01A0A623) sw s10, 12(ra)
mem[0x80002278] <- 0x0000BEEF


mem[X,0x80000378] -> 0x2717
mem[X,0x8000037A] -> 0x0000
[227] [M]: 0x80000378 (0x00002717) auipc a4, 2
x14 <- 0x80002378


mem[X,0x8000037C] -> 0x0713
mem[X,0x8000037E] -> 0x4887
[228] [M]: 0x8000037C (0x48870713) addi a4, a4, 1160
x14 <- 0x80002800


mem[X,0x80000380] -> 0x5D83
mem[X,0x80000382] -> 0x8007
[229] [M]: 0x80000380 (0x80075D83) lhu s11, 2048(a4)
mem[R,0x80002000] -> 0xBEEF
x27 <- 0x0000BEEF


mem[X,0x80000384] -> 0x0013
mem[X,0x80000386] -> 0x0000
[230] [M]: 0x80000384 (0x00000013) addi zero, zero, 0


mem[X,0x80000388] -> 0x0013
mem[X,0x8000038A] -> 0x0000
[231] [M]: 0x80000388 (0x00000013) addi zero, zero, 0


mem[X,0x8000038C] -> 0xA823
mem[X,0x8000038E] -> 0x01B0
[232] [M]: 0x8000038C (0x01B0A823) sw s11, 16(ra)
mem[0x8000227C] <- 0x0000BEEF


mem[X,0x80000390] -> 0x2B97
mem[X,0x80000392] -> 0x0000
[233] [M]: 0x80000390 (0x00002B97) auipc s7, 2
x23 <- 0x80002390


mem[X,0x80000394] -> 0x8B93
mem[X,0x80000396] -> 0x470B
[234] [M]: 0x80000394 (0x470B8B93) addi s7, s7, 1136
x23 <- 0x80002800


mem[X,0x80000398] -> 0xD503
mem[X,0x8000039A] -> 0x800B
[235] [M]: 0x80000398 (0x800BD503) lhu a0, 2048(s7)
mem[R,0x80002000] -> 0xBEEF
x10 <- 0x0000BEEF


mem[X,0x8000039C] -> 0x0013
mem[X,0x8000039E] -> 0x0000
[236] [M]: 0x8000039C (0x00000013) addi zero, zero, 0


mem[X,0x800003A0] -> 0x0013
mem[X,0x800003A2] -> 0x0000
[237] [M]: 0x800003A0 (0x00000013) addi zero, zero, 0


mem[X,0x800003A4] -> 0xAA23
mem[X,0x800003A6] -> 0x00A0
[238] [M]: 0x800003A4 (0x00A0AA23) sw a0, 20(ra)
mem[0x80002280] <- 0x0000BEEF


mem[X,0x800003A8] -> 0x2617
mem[X,0x800003AA] -> 0x0000
[239] [M]: 0x800003A8 (0x00002617) auipc a2, 2
x12 <- 0x800023A8


mem[X,0x800003AC] -> 0x0613
mem[X,0x800003AE] -> 0x4586
[240] [M]: 0x800003AC (0x45860613) addi a2, a2, 1112
x12 <- 0x80002800


mem[X,0x800003B0] -> 0x5703
mem[X,0x800003B2] -> 0x8006
[241] [M]: 0x800003B0 (0x80065703) lhu a4, 2048(a2)
mem[R,0x80002000] -> 0xBEEF
x14 <- 0x0000BEEF


mem[X,0x800003B4] -> 0x0013
mem[X,0x800003B6] -> 0x0000
[242] [M]: 0x800003B4 (0x00000013) addi zero, zero, 0


mem[X,0x800003B8] -> 0x0013
mem[X,0x800003BA] -> 0x0000
[243] [M]: 0x800003B8 (0x00000013) addi zero, zero, 0


mem[X,0x800003BC] -> 0xAC23
mem[X,0x800003BE] -> 0x00E0
[244] [M]: 0x800003BC (0x00E0AC23) sw a4, 24(ra)
mem[0x80002284] <- 0x0000BEEF


mem[X,0x800003C0] -> 0x2997
mem[X,0x800003C2] -> 0x0000
[245] [M]: 0x800003C0 (0x00002997) auipc s3, 2
x19 <- 0x800023C0


mem[X,0x800003C4] -> 0x8993
mem[X,0x800003C6] -> 0x4409
[246] [M]: 0x800003C4 (0x44098993) addi s3, s3, 1088
x19 <- 0x80002800


mem[X,0x800003C8] -> 0xD403
mem[X,0x800003CA] -> 0x8009
[247] [M]: 0x800003C8 (0x8009D403) lhu fp, 2048(s3)
mem[R,0x80002000] -> 0xBEEF
x8 <- 0x0000BEEF


mem[X,0x800003CC] -> 0x0013
mem[X,0x800003CE] -> 0x0000
[248] [M]: 0x800003CC (0x00000013) addi zero, zero, 0


mem[X,0x800003D0] -> 0x0013
mem[X,0x800003D2] -> 0x0000
[249] [M]: 0x800003D0 (0x00000013) addi zero, zero, 0


mem[X,0x800003D4] -> 0xAE23
mem[X,0x800003D6] -> 0x0080
[250] [M]: 0x800003D4 (0x0080AE23) sw fp, 28(ra)
mem[0x80002288] <- 0x0000BEEF


mem[X,0x800003D8] -> 0x2897
mem[X,0x800003DA] -> 0x0000
[251] [M]: 0x800003D8 (0x00002897) auipc a7, 2
x17 <- 0x800023D8


mem[X,0x800003DC] -> 0x8893
mem[X,0x800003DE] -> 0x4288
[252] [M]: 0x800003DC (0x42888893) addi a7, a7, 1064
x17 <- 0x80002800


mem[X,0x800003E0] -> 0xD583
mem[X,0x800003E2] -> 0x8008
[253] [M]: 0x800003E0 (0x8008D583) lhu a1, 2048(a7)
mem[R,0x80002000] -> 0xBEEF
x11 <- 0x0000BEEF


mem[X,0x800003E4] -> 0x0013
mem[X,0x800003E6] -> 0x0000
[254] [M]: 0x800003E4 (0x00000013) addi zero, zero, 0


mem[X,0x800003E8] -> 0x0013
mem[X,0x800003EA] -> 0x0000
[255] [M]: 0x800003E8 (0x00000013) addi zero, zero, 0


mem[X,0x800003EC] -> 0xA023
mem[X,0x800003EE] -> 0x02B0
[256] [M]: 0x800003EC (0x02B0A023) sw a1, 32(ra)
mem[0x8000228C] <- 0x0000BEEF


mem[X,0x800003F0] -> 0x2297
mem[X,0x800003F2] -> 0x0000
[257] [M]: 0x800003F0 (0x00002297) auipc t0, 2
x5 <- 0x800023F0


mem[X,0x800003F4] -> 0x8293
mem[X,0x800003F6] -> 0x4102
[258] [M]: 0x800003F4 (0x41028293) addi t0, t0, 1040
x5 <- 0x80002800


mem[X,0x800003F8] -> 0xD803
mem[X,0x800003FA] -> 0x8002
[259] [M]: 0x800003F8 (0x8002D803) lhu a6, 2048(t0)
mem[R,0x80002000] -> 0xBEEF
x16 <- 0x0000BEEF


mem[X,0x800003FC] -> 0x0013
mem[X,0x800003FE] -> 0x0000
[260] [M]: 0x800003FC (0x00000013) addi zero, zero, 0


mem[X,0x80000400] -> 0x0013
mem[X,0x80000402] -> 0x0000
[261] [M]: 0x80000400 (0x00000013) addi zero, zero, 0


mem[X,0x80000404] -> 0xA223
mem[X,0x80000406] -> 0x0300
[262] [M]: 0x80000404 (0x0300A223) sw a6, 36(ra)
mem[0x80002290] <- 0x0000BEEF


mem[X,0x80000408] -> 0x0013
mem[X,0x8000040A] -> 0x0000
[263] [M]: 0x80000408 (0x00000013) addi zero, zero, 0


mem[X,0x8000040C] -> 0x0013
mem[X,0x8000040E] -> 0x0000
[264] [M]: 0x8000040C (0x00000013) addi zero, zero, 0


mem[X,0x80000410] -> 0x0093
mem[X,0x80000412] -> 0x0010
[265] [M]: 0x80000410 (0x00100093) addi ra, zero, 1
x1 <- 0x00000001


mem[X,0x80000414] -> 0x1F17
mem[X,0x80000416] -> 0x0000
[266] [M]: 0x80000414 (0x00001F17) auipc t5, 1
x30 <- 0x80001414


mem[X,0x80000418] -> 0x2623
mem[X,0x8000041A] -> 0xBE1F
[267] [M]: 0x80000418 (0xBE1F2623) sw ra, 3052(t5)
htif[0x80001000] <- 0x00000001


mem[X,0x8000041C] -> 0xF06F
mem[X,0x8000041E] -> 0xFF9F
[268] [M]: 0x8000041C (0xFF9FF06F) jal zero, 2097144


mem[X,0x80000414] -> 0x1F17
mem[X,0x80000416] -> 0x0000
[269] [M]: 0x80000414 (0x00001F17) auipc t5, 1
x30 <- 0x80001414


mem[X,0x80000418] -> 0x2623
mem[X,0x8000041A] -> 0xBE1F
[270] [M]: 0x80000418 (0xBE1F2623) sw ra, 3052(t5)
htif[0x80001000] <- 0x00000001


mem[X,0x8000041C] -> 0xF06F
mem[X,0x8000041E] -> 0xFF9F
[271] [M]: 0x8000041C (0xFF9FF06F) jal zero, 2097144


mem[X,0x80000414] -> 0x1F17
mem[X,0x80000416] -> 0x0000
[272] [M]: 0x80000414 (0x00001F17) auipc t5, 1
x30 <- 0x80001414


mem[X,0x80000418] -> 0x2623
mem[X,0x8000041A] -> 0xBE1F
[273] [M]: 0x80000418 (0xBE1F2623) sw ra, 3052(t5)
htif[0x80001000] <- 0x00000001
htif-syscall-proxy cmd: 0x000000000001

SUCCESS
