using /home/moon/moon_verif/riscof_work/src/lb-align-01.S/ref/Reference-sail_c_simulator.signature for test-signature output.
[Sail] Allocating new block 0x80000000
tohost located at 0x80001000
[Sail] Allocating new block 0x0

Running file sail-lb-align-01.elf.
ELF Entry @ 0x80000000
begin_signature: 0x80002210
end_signature: 0x800022a0
CSR mstatus <- 0x00000000 (input: 0x00000000)
mem[X,0x00001000] -> 0x0297
mem[X,0x00001002] -> 0x0000
[0] [M]: 0x00001000 (0x00000297) auipc t0, 0
x5 <- 0x00001000


mem[X,0x00001004] -> 0x8593
mem[X,0x00001006] -> 0x0202
[1] [M]: 0x00001004 (0x02028593) addi a1, t0, 32
x11 <- 0x00001020


mem[X,0x00001008] -> 0x2573
mem[X,0x0000100A] -> 0xF140
[2] [M]: 0x00001008 (0xF1402573) csrrs a0, mhartid, zero
CSR mhartid -> 0x00000000
x10 <- 0x00000000


mem[X,0x0000100C] -> 0xA283
mem[X,0x0000100E] -> 0x0182
[3] [M]: 0x0000100C (0x0182A283) lw t0, 24(t0)
mem[R,0x00001018] -> 0x80000000
x5 <- 0x80000000


mem[X,0x00001010] -> 0x8067
mem[X,0x00001012] -> 0x0002
[4] [M]: 0x00001010 (0x00028067) jalr zero, t0, 0


mem[X,0x80000000] -> 0xC0B7
mem[X,0x80000002] -> 0xFEED
[5] [M]: 0x80000000 (0xFEEDC0B7) lui ra, 1044188
x1 <- 0xFEEDC000


mem[X,0x80000004] -> 0x8093
mem[X,0x80000006] -> 0xEAD0
[6] [M]: 0x80000004 (0xEAD08093) addi ra, ra, 3757
x1 <- 0xFEEDBEAD


mem[X,0x80000008] -> 0xE137
mem[X,0x8000000A] -> 0xFF76
[7] [M]: 0x80000008 (0xFF76E137) lui sp, 1046382
x2 <- 0xFF76E000


mem[X,0x8000000C] -> 0x0113
mem[X,0x8000000E] -> 0xF561
[8] [M]: 0x8000000C (0xF5610113) addi sp, sp, 3926
x2 <- 0xFF76DF56


mem[X,0x80000010] -> 0x71B7
mem[X,0x80000012] -> 0x7FBB
[9] [M]: 0x80000010 (0x7FBB71B7) lui gp, 523191
x3 <- 0x7FBB7000


mem[X,0x80000014] -> 0x8193
mem[X,0x80000016] -> 0xFAB1
[10] [M]: 0x80000014 (0xFAB18193) addi gp, gp, 4011
x3 <- 0x7FBB6FAB


mem[X,0x80000018] -> 0xB237
mem[X,0x8000001A] -> 0xBFDD
[11] [M]: 0x80000018 (0xBFDDB237) lui tp, 785883
x4 <- 0xBFDDB000


mem[X,0x8000001C] -> 0x0213
mem[X,0x8000001E] -> 0x7D52
[12] [M]: 0x8000001C (0x7D520213) addi tp, tp, 2005
x4 <- 0xBFDDB7D5


mem[X,0x80000020] -> 0x0297
mem[X,0x80000022] -> 0x0000
[13] [M]: 0x80000020 (0x00000297) auipc t0, 0
x5 <- 0x80000020


mem[X,0x80000024] -> 0x8293
mem[X,0x80000026] -> 0x0D82
[14] [M]: 0x80000024 (0x0D828293) addi t0, t0, 216
x5 <- 0x800000F8


mem[X,0x80000028] -> 0x2317
mem[X,0x8000002A] -> 0x0000
[15] [M]: 0x80000028 (0x00002317) auipc t1, 2
x6 <- 0x80002028


mem[X,0x8000002C] -> 0x0313
mem[X,0x8000002E] -> 0xFD83
[16] [M]: 0x8000002C (0xFD830313) addi t1, t1, 4056
x6 <- 0x80002000


mem[X,0x80000030] -> 0xB3B7
mem[X,0x80000032] -> 0xB7FB
[17] [M]: 0x80000030 (0xB7FBB3B7) lui t2, 753595
x7 <- 0xB7FBB000


mem[X,0x80000034] -> 0x8393
mem[X,0x80000036] -> 0x6FA3
[18] [M]: 0x80000034 (0x6FA38393) addi t2, t2, 1786
x7 <- 0xB7FBB6FA


mem[X,0x80000038] -> 0xE437
mem[X,0x8000003A] -> 0x5BFD
[19] [M]: 0x80000038 (0x5BFDE437) lui fp, 376798
x8 <- 0x5BFDE000


mem[X,0x8000003C] -> 0x0413
mem[X,0x8000003E] -> 0xB7D4
[20] [M]: 0x8000003C (0xB7D40413) addi fp, fp, 2941
x8 <- 0x5BFDDB7D


mem[X,0x80000040] -> 0xF4B7
mem[X,0x80000042] -> 0xADFE
[21] [M]: 0x80000040 (0xADFEF4B7) lui s1, 712687
x9 <- 0xADFEF000


mem[X,0x80000044] -> 0x8493
mem[X,0x80000046] -> 0xDBE4
[22] [M]: 0x80000044 (0xDBE48493) addi s1, s1, 3518
x9 <- 0xADFEEDBE


mem[X,0x80000048] -> 0x7537
mem[X,0x8000004A] -> 0x56FF
[23] [M]: 0x80000048 (0x56FF7537) lui a0, 356343
x10 <- 0x56FF7000


mem[X,0x8000004C] -> 0x0513
mem[X,0x8000004E] -> 0x6DF5
[24] [M]: 0x8000004C (0x6DF50513) addi a0, a0, 1759
x10 <- 0x56FF76DF


mem[X,0x80000050] -> 0xC5B7
mem[X,0x80000052] -> 0xAB7F
[25] [M]: 0x80000050 (0xAB7FC5B7) lui a1, 702460
x11 <- 0xAB7FC000


mem[X,0x80000054] -> 0x8593
mem[X,0x80000056] -> 0xB6F5
[26] [M]: 0x80000054 (0xB6F58593) addi a1, a1, 2927
x11 <- 0xAB7FBB6F


mem[X,0x80000058] -> 0xE637
mem[X,0x8000005A] -> 0xD5BF
[27] [M]: 0x80000058 (0xD5BFE637) lui a2, 875518
x12 <- 0xD5BFE000


mem[X,0x8000005C] -> 0x0613
mem[X,0x8000005E] -> 0xDB76
[28] [M]: 0x8000005C (0xDB760613) addi a2, a2, 3511
x12 <- 0xD5BFDDB7


mem[X,0x80000060] -> 0xF6B7
mem[X,0x80000062] -> 0xEADF
[29] [M]: 0x80000060 (0xEADFF6B7) lui a3, 962047
x13 <- 0xEADFF000


mem[X,0x80000064] -> 0x8693
mem[X,0x80000066] -> 0xEDB6
[30] [M]: 0x80000064 (0xEDB68693) addi a3, a3, 3803
x13 <- 0xEADFEEDB


mem[X,0x80000068] -> 0xF737
mem[X,0x8000006A] -> 0xF56F
[31] [M]: 0x80000068 (0xF56FF737) lui a4, 1005311
x14 <- 0xF56FF000


mem[X,0x8000006C] -> 0x0713
mem[X,0x8000006E] -> 0x76D7
[32] [M]: 0x8000006C (0x76D70713) addi a4, a4, 1901
x14 <- 0xF56FF76D


mem[X,0x80000070] -> 0x07B7
mem[X,0x80000072] -> 0xFAB8
[33] [M]: 0x80000070 (0xFAB807B7) lui a5, 1026944
x15 <- 0xFAB80000


mem[X,0x80000074] -> 0x8793
mem[X,0x80000076] -> 0xBB67
[34] [M]: 0x80000074 (0xBB678793) addi a5, a5, 2998
x15 <- 0xFAB7FBB6


mem[X,0x80000078] -> 0x0837
mem[X,0x8000007A] -> 0x7D5C
[35] [M]: 0x80000078 (0x7D5C0837) lui a6, 513472
x16 <- 0x7D5C0000


mem[X,0x8000007C] -> 0x0813
mem[X,0x8000007E] -> 0xDDB8
[36] [M]: 0x8000007C (0xDDB80813) addi a6, a6, 3547
x16 <- 0x7D5BFDDB


mem[X,0x80000080] -> 0x08B7
mem[X,0x80000082] -> 0xBEAE
[37] [M]: 0x80000080 (0xBEAE08B7) lui a7, 781024
x17 <- 0xBEAE0000


mem[X,0x80000084] -> 0x8893
mem[X,0x80000086] -> 0xEED8
[38] [M]: 0x80000084 (0xEED88893) addi a7, a7, 3821
x17 <- 0xBEADFEED


mem[X,0x80000088] -> 0x0937
mem[X,0x8000008A] -> 0xDF57
[39] [M]: 0x80000088 (0xDF570937) lui s2, 914800
x18 <- 0xDF570000


mem[X,0x8000008C] -> 0x0913
mem[X,0x8000008E] -> 0xF769
[40] [M]: 0x8000008C (0xF7690913) addi s2, s2, 3958
x18 <- 0xDF56FF76


mem[X,0x80000090] -> 0x89B7
mem[X,0x80000092] -> 0x6FAB
[41] [M]: 0x80000090 (0x6FAB89B7) lui s3, 457400
x19 <- 0x6FAB8000


mem[X,0x80000094] -> 0x8993
mem[X,0x80000096] -> 0xFBB9
[42] [M]: 0x80000094 (0xFBB98993) addi s3, s3, 4027
x19 <- 0x6FAB7FBB


mem[X,0x80000098] -> 0xCA37
mem[X,0x8000009A] -> 0xB7D5
[43] [M]: 0x80000098 (0xB7D5CA37) lui s4, 752988
x20 <- 0xB7D5C000


mem[X,0x8000009C] -> 0x0A13
mem[X,0x8000009E] -> 0xFDDA
[44] [M]: 0x8000009C (0xFDDA0A13) addi s4, s4, 4061
x20 <- 0xB7D5BFDD


mem[X,0x800000A0] -> 0xEAB7
mem[X,0x800000A2] -> 0xDBEA
[45] [M]: 0x800000A0 (0xDBEAEAB7) lui s5, 900782
x21 <- 0xDBEAE000


mem[X,0x800000A4] -> 0x8A93
mem[X,0x800000A6] -> 0xFEEA
[46] [M]: 0x800000A4 (0xFEEA8A93) addi s5, s5, 4078
x21 <- 0xDBEADFEE


mem[X,0x800000A8] -> 0x7B37
mem[X,0x800000AA] -> 0x6DF5
[47] [M]: 0x800000A8 (0x6DF57B37) lui s6, 450391
x22 <- 0x6DF57000


mem[X,0x800000AC] -> 0x0B13
mem[X,0x800000AE] -> 0xFF7B
[48] [M]: 0x800000AC (0xFF7B0B13) addi s6, s6, 4087
x22 <- 0x6DF56FF7


mem[X,0x800000B0] -> 0xBBB7
mem[X,0x800000B2] -> 0xB6FA
[49] [M]: 0x800000B0 (0xB6FABBB7) lui s7, 749483
x23 <- 0xB6FAB000


mem[X,0x800000B4] -> 0x8B93
mem[X,0x800000B6] -> 0x7FBB
[50] [M]: 0x800000B4 (0x7FBB8B93) addi s7, s7, 2043
x23 <- 0xB6FAB7FB


mem[X,0x800000B8] -> 0x6C37
mem[X,0x800000BA] -> 0xDB7D
[51] [M]: 0x800000B8 (0xDB7D6C37) lui s8, 899030
x24 <- 0xDB7D6000


mem[X,0x800000BC] -> 0x0C13
mem[X,0x800000BE] -> 0xBFDC
[52] [M]: 0x800000BC (0xBFDC0C13) addi s8, s8, 3069
x24 <- 0xDB7D5BFD


mem[X,0x800000C0] -> 0xBCB7
mem[X,0x800000C2] -> 0xEDBE
[53] [M]: 0x800000C0 (0xEDBEBCB7) lui s9, 973803
x25 <- 0xEDBEB000


mem[X,0x800000C4] -> 0x8C93
mem[X,0x800000C6] -> 0xDFEC
[54] [M]: 0x800000C4 (0xDFEC8C93) addi s9, s9, 3582
x25 <- 0xEDBEADFE


mem[X,0x800000C8] -> 0x5D37
mem[X,0x800000CA] -> 0x76DF
[55] [M]: 0x800000C8 (0x76DF5D37) lui s10, 486901
x26 <- 0x76DF5000


mem[X,0x800000CC] -> 0x0D13
mem[X,0x800000CE] -> 0x6FFD
[56] [M]: 0x800000CC (0x6FFD0D13) addi s10, s10, 1791
x26 <- 0x76DF56FF


mem[X,0x800000D0] -> 0xBDB7
mem[X,0x800000D2] -> 0xBB6F
[57] [M]: 0x800000D0 (0xBB6FBDB7) lui s11, 767739
x27 <- 0xBB6FB000


mem[X,0x800000D4] -> 0x8D93
mem[X,0x800000D6] -> 0xB7FD
[58] [M]: 0x800000D4 (0xB7FD8D93) addi s11, s11, 2943
x27 <- 0xBB6FAB7F


mem[X,0x800000D8] -> 0xDE37
mem[X,0x800000DA] -> 0xDDB7
[59] [M]: 0x800000D8 (0xDDB7DE37) lui t3, 908157
x28 <- 0xDDB7D000


mem[X,0x800000DC] -> 0x0E13
mem[X,0x800000DE] -> 0x5BFE
[60] [M]: 0x800000DC (0x5BFE0E13) addi t3, t3, 1471
x28 <- 0xDDB7D5BF


mem[X,0x800000E0] -> 0xFEB7
mem[X,0x800000E2] -> 0xEEDB
[61] [M]: 0x800000E0 (0xEEDBFEB7) lui t4, 978367
x29 <- 0xEEDBF000


mem[X,0x800000E4] -> 0x8E93
mem[X,0x800000E6] -> 0xADFE
[62] [M]: 0x800000E4 (0xADFE8E93) addi t4, t4, 2783
x29 <- 0xEEDBEADF


mem[X,0x800000E8] -> 0xFF37
mem[X,0x800000EA] -> 0xF76D
[63] [M]: 0x800000E8 (0xF76DFF37) lui t5, 1013471
x30 <- 0xF76DF000


mem[X,0x800000EC] -> 0x0F13
mem[X,0x800000EE] -> 0x56FF
[64] [M]: 0x800000EC (0x56FF0F13) addi t5, t5, 1391
x30 <- 0xF76DF56F


mem[X,0x800000F0] -> 0x0FB7
mem[X,0x800000F2] -> 0xFBB7
[65] [M]: 0x800000F0 (0xFBB70FB7) lui t6, 1031024
x31 <- 0xFBB70000


mem[X,0x800000F4] -> 0x8F93
mem[X,0x800000F6] -> 0xAB7F
[66] [M]: 0x800000F4 (0xAB7F8F93) addi t6, t6, 2743
x31 <- 0xFBB6FAB7


mem[X,0x800000F8] -> 0x2517
mem[X,0x800000FA] -> 0x0000
[67] [M]: 0x800000F8 (0x00002517) auipc a0, 2
x10 <- 0x800020F8


mem[X,0x800000FC] -> 0x0513
mem[X,0x800000FE] -> 0x11C5
[68] [M]: 0x800000FC (0x11C50513) addi a0, a0, 284
x10 <- 0x80002214


mem[X,0x80000100] -> 0x2617
mem[X,0x80000102] -> 0x0000
[69] [M]: 0x80000100 (0x00002617) auipc a2, 2
x12 <- 0x80002100


mem[X,0x80000104] -> 0x0613
mem[X,0x80000106] -> 0xF086
[70] [M]: 0x80000104 (0xF0860613) addi a2, a2, 3848
x12 <- 0x80002008


mem[X,0x80000108] -> 0x0A03
mem[X,0x8000010A] -> 0xFF86
[71] [M]: 0x80000108 (0xFF860A03) lb s4, 4088(a2)
mem[R,0x80002000] -> 0xEF
x20 <- 0xFFFFFFEF


mem[X,0x8000010C] -> 0x0013
mem[X,0x8000010E] -> 0x0000
[72] [M]: 0x8000010C (0x00000013) addi zero, zero, 0


mem[X,0x80000110] -> 0x0013
mem[X,0x80000112] -> 0x0000
[73] [M]: 0x80000110 (0x00000013) addi zero, zero, 0


mem[X,0x80000114] -> 0x2023
mem[X,0x80000116] -> 0x0145
[74] [M]: 0x80000114 (0x01452023) sw s4, 0(a0)
mem[0x80002214] <- 0xFFFFFFEF


mem[X,0x80000118] -> 0x2117
mem[X,0x8000011A] -> 0x0000
[75] [M]: 0x80000118 (0x00002117) auipc sp, 2
x2 <- 0x80002118


mem[X,0x8000011C] -> 0x0113
mem[X,0x8000011E] -> 0x9931
[76] [M]: 0x8000011C (0x99310113) addi sp, sp, 2451
x2 <- 0x80001AAB


mem[X,0x80000120] -> 0x0103
mem[X,0x80000122] -> 0x5551
[77] [M]: 0x80000120 (0x55510103) lb sp, 1365(sp)
mem[R,0x80002000] -> 0xEF
x2 <- 0xFFFFFFEF


mem[X,0x80000124] -> 0x0013
mem[X,0x80000126] -> 0x0000
[78] [M]: 0x80000124 (0x00000013) addi zero, zero, 0


mem[X,0x80000128] -> 0x0013
mem[X,0x8000012A] -> 0x0000
[79] [M]: 0x80000128 (0x00000013) addi zero, zero, 0


mem[X,0x8000012C] -> 0x2223
mem[X,0x8000012E] -> 0x0025
[80] [M]: 0x8000012C (0x00252223) sw sp, 4(a0)
mem[0x80002218] <- 0xFFFFFFEF


mem[X,0x80000130] -> 0x2917
mem[X,0x80000132] -> 0x0000
[81] [M]: 0x80000130 (0x00002917) auipc s2, 2
x18 <- 0x80002130


mem[X,0x80000134] -> 0x0913
mem[X,0x80000136] -> 0xECA9
[82] [M]: 0x80000134 (0xECA90913) addi s2, s2, 3786
x18 <- 0x80001FFA


mem[X,0x80000138] -> 0x0803
mem[X,0x8000013A] -> 0x0069
[83] [M]: 0x80000138 (0x00690803) lb a6, 6(s2)
mem[R,0x80002000] -> 0xEF
x16 <- 0xFFFFFFEF


mem[X,0x8000013C] -> 0x0013
mem[X,0x8000013E] -> 0x0000
[84] [M]: 0x8000013C (0x00000013) addi zero, zero, 0


mem[X,0x80000140] -> 0x0013
mem[X,0x80000142] -> 0x0000
[85] [M]: 0x80000140 (0x00000013) addi zero, zero, 0


mem[X,0x80000144] -> 0x2423
mem[X,0x80000146] -> 0x0105
[86] [M]: 0x80000144 (0x01052423) sw a6, 8(a0)
mem[0x8000221C] <- 0xFFFFFFEF


mem[X,0x80000148] -> 0x2B97
mem[X,0x8000014A] -> 0x0000
[87] [M]: 0x80000148 (0x00002B97) auipc s7, 2
x23 <- 0x80002148


mem[X,0x8000014C] -> 0x8B93
mem[X,0x8000014E] -> 0xED9B
[88] [M]: 0x8000014C (0xED9B8B93) addi s7, s7, 3801
x23 <- 0x80002021


mem[X,0x80000150] -> 0x8E83
mem[X,0x80000152] -> 0xFDFB
[89] [M]: 0x80000150 (0xFDFB8E83) lb t4, 4063(s7)
mem[R,0x80002000] -> 0xEF
x29 <- 0xFFFFFFEF


mem[X,0x80000154] -> 0x0013
mem[X,0x80000156] -> 0x0000
[90] [M]: 0x80000154 (0x00000013) addi zero, zero, 0


mem[X,0x80000158] -> 0x0013
mem[X,0x8000015A] -> 0x0000
[91] [M]: 0x80000158 (0x00000013) addi zero, zero, 0


mem[X,0x8000015C] -> 0x2623
mem[X,0x8000015E] -> 0x01D5
[92] [M]: 0x8000015C (0x01D52623) sw t4, 12(a0)
mem[0x80002220] <- 0xFFFFFFEF


mem[X,0x80000160] -> 0x2097
mem[X,0x80000162] -> 0x0000
[93] [M]: 0x80000160 (0x00002097) auipc ra, 2
x1 <- 0x80002160


mem[X,0x80000164] -> 0x8093
mem[X,0x80000166] -> 0x2A20
[94] [M]: 0x80000164 (0x2A208093) addi ra, ra, 674
x1 <- 0x80002402


mem[X,0x80000168] -> 0x8783
mem[X,0x8000016A] -> 0xC000
[95] [M]: 0x80000168 (0xC0008783) lb a5, 3072(ra)
mem[R,0x80002002] -> 0xAD
x15 <- 0xFFFFFFAD


mem[X,0x8000016C] -> 0x0013
mem[X,0x8000016E] -> 0x0000
[96] [M]: 0x8000016C (0x00000013) addi zero, zero, 0


mem[X,0x80000170] -> 0x0013
mem[X,0x80000172] -> 0x0000
[97] [M]: 0x80000170 (0x00000013) addi zero, zero, 0


mem[X,0x80000174] -> 0x2823
mem[X,0x80000176] -> 0x00F5
[98] [M]: 0x80000174 (0x00F52823) sw a5, 16(a0)
mem[0x80002224] <- 0xFFFFFFAD


mem[X,0x80000178] -> 0x2417
mem[X,0x8000017A] -> 0x0000
[99] [M]: 0x80000178 (0x00002417) auipc fp, 2
x8 <- 0x80002178


clint::tick mtime <- 0x0000000000000001
 clint timer pending at mtime 0x0000000000000001
htif::tick 0x0000000000000000
mem[X,0x8000017C] -> 0x0413
mem[X,0x8000017E] -> 0xE914
[100] [M]: 0x8000017C (0xE9140413) addi fp, fp, 3729
x8 <- 0x80002009


mem[X,0x80000180] -> 0x0D03
mem[X,0x80000182] -> 0xFF94
[101] [M]: 0x80000180 (0xFF940D03) lb s10, 4089(fp)
mem[R,0x80002002] -> 0xAD
x26 <- 0xFFFFFFAD


mem[X,0x80000184] -> 0x0013
mem[X,0x80000186] -> 0x0000
[102] [M]: 0x80000184 (0x00000013) addi zero, zero, 0


mem[X,0x80000188] -> 0x0013
mem[X,0x8000018A] -> 0x0000
[103] [M]: 0x80000188 (0x00000013) addi zero, zero, 0


mem[X,0x8000018C] -> 0x2A23
mem[X,0x8000018E] -> 0x01A5
[104] [M]: 0x8000018C (0x01A52A23) sw s10, 20(a0)
mem[0x80002228] <- 0xFFFFFFAD


mem[X,0x80000190] -> 0x2197
mem[X,0x80000192] -> 0x0000
[105] [M]: 0x80000190 (0x00002197) auipc gp, 2
x3 <- 0x80002190


mem[X,0x80000194] -> 0x8193
mem[X,0x80000196] -> 0xE7C1
[106] [M]: 0x80000194 (0xE7C18193) addi gp, gp, 3708
x3 <- 0x8000200C


mem[X,0x80000198] -> 0x8A83
mem[X,0x8000019A] -> 0xFF61
[107] [M]: 0x80000198 (0xFF618A83) lb s5, 4086(gp)
mem[R,0x80002002] -> 0xAD
x21 <- 0xFFFFFFAD


mem[X,0x8000019C] -> 0x0013
mem[X,0x8000019E] -> 0x0000
[108] [M]: 0x8000019C (0x00000013) addi zero, zero, 0


mem[X,0x800001A0] -> 0x0013
mem[X,0x800001A2] -> 0x0000
[109] [M]: 0x800001A0 (0x00000013) addi zero, zero, 0


mem[X,0x800001A4] -> 0x2C23
mem[X,0x800001A6] -> 0x0155
[110] [M]: 0x800001A4 (0x01552C23) sw s5, 24(a0)
mem[0x8000222C] <- 0xFFFFFFAD


mem[X,0x800001A8] -> 0x2497
mem[X,0x800001AA] -> 0x0000
[111] [M]: 0x800001A8 (0x00002497) auipc s1, 2
x9 <- 0x800021A8


mem[X,0x800001AC] -> 0x8493
mem[X,0x800001AE] -> 0xE534
[112] [M]: 0x800001AC (0xE5348493) addi s1, s1, 3667
x9 <- 0x80001FFB


mem[X,0x800001B0] -> 0x8883
mem[X,0x800001B2] -> 0x0074
[113] [M]: 0x800001B0 (0x00748883) lb a7, 7(s1)
mem[R,0x80002002] -> 0xAD
x17 <- 0xFFFFFFAD


mem[X,0x800001B4] -> 0x0013
mem[X,0x800001B6] -> 0x0000
[114] [M]: 0x800001B4 (0x00000013) addi zero, zero, 0


mem[X,0x800001B8] -> 0x0013
mem[X,0x800001BA] -> 0x0000
[115] [M]: 0x800001B8 (0x00000013) addi zero, zero, 0


mem[X,0x800001BC] -> 0x2E23
mem[X,0x800001BE] -> 0x0115
[116] [M]: 0x800001BC (0x01152E23) sw a7, 28(a0)
mem[0x80002230] <- 0xFFFFFFAD


mem[X,0x800001C0] -> 0x2E97
mem[X,0x800001C2] -> 0x0000
[117] [M]: 0x800001C0 (0x00002E97) auipc t4, 2
x29 <- 0x800021C0


mem[X,0x800001C4] -> 0x8E93
mem[X,0x800001C6] -> 0xE49E
[118] [M]: 0x800001C4 (0xE49E8E93) addi t4, t4, 3657
x29 <- 0x80002009


mem[X,0x800001C8] -> 0x8003
mem[X,0x800001CA] -> 0xFF8E
[119] [M]: 0x800001C8 (0xFF8E8003) lb zero, 4088(t4)
mem[R,0x80002001] -> 0xBE


mem[X,0x800001CC] -> 0x0013
mem[X,0x800001CE] -> 0x0000
[120] [M]: 0x800001CC (0x00000013) addi zero, zero, 0


mem[X,0x800001D0] -> 0x0013
mem[X,0x800001D2] -> 0x0000
[121] [M]: 0x800001D0 (0x00000013) addi zero, zero, 0


mem[X,0x800001D4] -> 0x2023
mem[X,0x800001D6] -> 0x0205
[122] [M]: 0x800001D4 (0x02052023) sw zero, 32(a0)
mem[0x80002234] <- 0x00000000


mem[X,0x800001D8] -> 0x2C97
mem[X,0x800001DA] -> 0x0000
[123] [M]: 0x800001D8 (0x00002C97) auipc s9, 2
x25 <- 0x800021D8


mem[X,0x800001DC] -> 0x8C93
mem[X,0x800001DE] -> 0xE24C
[124] [M]: 0x800001DC (0xE24C8C93) addi s9, s9, 3620
x25 <- 0x80001FFC


mem[X,0x800001E0] -> 0x8F03
mem[X,0x800001E2] -> 0x005C
[125] [M]: 0x800001E0 (0x005C8F03) lb t5, 5(s9)
mem[R,0x80002001] -> 0xBE
x30 <- 0xFFFFFFBE


mem[X,0x800001E4] -> 0x0013
mem[X,0x800001E6] -> 0x0000
[126] [M]: 0x800001E4 (0x00000013) addi zero, zero, 0


mem[X,0x800001E8] -> 0x0013
mem[X,0x800001EA] -> 0x0000
[127] [M]: 0x800001E8 (0x00000013) addi zero, zero, 0


mem[X,0x800001EC] -> 0x2223
mem[X,0x800001EE] -> 0x03E5
[128] [M]: 0x800001EC (0x03E52223) sw t5, 36(a0)
mem[0x80002238] <- 0xFFFFFFBE


mem[X,0x800001F0] -> 0x2A97
mem[X,0x800001F2] -> 0x0000
[129] [M]: 0x800001F0 (0x00002A97) auipc s5, 2
x21 <- 0x800021F0


mem[X,0x800001F4] -> 0x8A93
mem[X,0x800001F6] -> 0xE10A
[130] [M]: 0x800001F4 (0xE10A8A93) addi s5, s5, 3600
x21 <- 0x80002000


mem[X,0x800001F8] -> 0x8D83
mem[X,0x800001FA] -> 0x000A
[131] [M]: 0x800001F8 (0x000A8D83) lb s11, 0(s5)
mem[R,0x80002000] -> 0xEF
x27 <- 0xFFFFFFEF


mem[X,0x800001FC] -> 0x0013
mem[X,0x800001FE] -> 0x0000
[132] [M]: 0x800001FC (0x00000013) addi zero, zero, 0


mem[X,0x80000200] -> 0x0013
mem[X,0x80000202] -> 0x0000
[133] [M]: 0x80000200 (0x00000013) addi zero, zero, 0


mem[X,0x80000204] -> 0x2423
mem[X,0x80000206] -> 0x03B5
[134] [M]: 0x80000204 (0x03B52423) sw s11, 40(a0)
mem[0x8000223C] <- 0xFFFFFFEF


mem[X,0x80000208] -> 0x2317
mem[X,0x8000020A] -> 0x0000
[135] [M]: 0x80000208 (0x00002317) auipc t1, 2
x6 <- 0x80002208


mem[X,0x8000020C] -> 0x0313
mem[X,0x8000020E] -> 0xDFB3
[136] [M]: 0x8000020C (0xDFB30313) addi t1, t1, 3579
x6 <- 0x80002003


mem[X,0x80000210] -> 0x0B83
mem[X,0x80000212] -> 0xFFE3
[137] [M]: 0x80000210 (0xFFE30B83) lb s7, 4094(t1)
mem[R,0x80002001] -> 0xBE
x23 <- 0xFFFFFFBE


mem[X,0x80000214] -> 0x0013
mem[X,0x80000216] -> 0x0000
[138] [M]: 0x80000214 (0x00000013) addi zero, zero, 0


mem[X,0x80000218] -> 0x0013
mem[X,0x8000021A] -> 0x0000
[139] [M]: 0x80000218 (0x00000013) addi zero, zero, 0


mem[X,0x8000021C] -> 0x2623
mem[X,0x8000021E] -> 0x0375
[140] [M]: 0x8000021C (0x03752623) sw s7, 44(a0)
mem[0x80002240] <- 0xFFFFFFBE


mem[X,0x80000220] -> 0x2217
mem[X,0x80000222] -> 0x0000
[141] [M]: 0x80000220 (0x00002217) auipc tp, 2
x4 <- 0x80002220


mem[X,0x80000224] -> 0x0213
mem[X,0x80000226] -> 0xE022
[142] [M]: 0x80000224 (0xE0220213) addi tp, tp, 3586
x4 <- 0x80002022


mem[X,0x80000228] -> 0x0603
mem[X,0x8000022A] -> 0xFDF2
[143] [M]: 0x80000228 (0xFDF20603) lb a2, 4063(tp)
mem[R,0x80002001] -> 0xBE
x12 <- 0xFFFFFFBE


mem[X,0x8000022C] -> 0x0013
mem[X,0x8000022E] -> 0x0000
[144] [M]: 0x8000022C (0x00000013) addi zero, zero, 0


mem[X,0x80000230] -> 0x0013
mem[X,0x80000232] -> 0x0000
[145] [M]: 0x80000230 (0x00000013) addi zero, zero, 0


mem[X,0x80000234] -> 0x2823
mem[X,0x80000236] -> 0x02C5
[146] [M]: 0x80000234 (0x02C52823) sw a2, 48(a0)
mem[0x80002244] <- 0xFFFFFFBE


mem[X,0x80000238] -> 0x2B17
mem[X,0x8000023A] -> 0x0000
[147] [M]: 0x80000238 (0x00002B17) auipc s6, 2
x22 <- 0x80002238


mem[X,0x8000023C] -> 0x0B13
mem[X,0x8000023E] -> 0xDCBB
[148] [M]: 0x8000023C (0xDCBB0B13) addi s6, s6, 3531
x22 <- 0x80002003


mem[X,0x80000240] -> 0x0E03
mem[X,0x80000242] -> 0x000B
[149] [M]: 0x80000240 (0x000B0E03) lb t3, 0(s6)
mem[R,0x80002003] -> 0xDE
x28 <- 0xFFFFFFDE


mem[X,0x80000244] -> 0x0013
mem[X,0x80000246] -> 0x0000
[150] [M]: 0x80000244 (0x00000013) addi zero, zero, 0


mem[X,0x80000248] -> 0x0013
mem[X,0x8000024A] -> 0x0000
[151] [M]: 0x80000248 (0x00000013) addi zero, zero, 0


mem[X,0x8000024C] -> 0x2A23
mem[X,0x8000024E] -> 0x03C5
[152] [M]: 0x8000024C (0x03C52A23) sw t3, 52(a0)
mem[0x80002248] <- 0xFFFFFFDE


mem[X,0x80000250] -> 0x2C17
mem[X,0x80000252] -> 0x0000
[153] [M]: 0x80000250 (0x00002C17) auipc s8, 2
x24 <- 0x80002250


mem[X,0x80000254] -> 0x0C13
mem[X,0x80000256] -> 0xDB2C
[154] [M]: 0x80000254 (0xDB2C0C13) addi s8, s8, 3506
x24 <- 0x80002002


mem[X,0x80000258] -> 0x0F83
mem[X,0x8000025A] -> 0x001C
[155] [M]: 0x80000258 (0x001C0F83) lb t6, 1(s8)
mem[R,0x80002003] -> 0xDE
x31 <- 0xFFFFFFDE


mem[X,0x8000025C] -> 0x0013
mem[X,0x8000025E] -> 0x0000
[156] [M]: 0x8000025C (0x00000013) addi zero, zero, 0


mem[X,0x80000260] -> 0x0013
mem[X,0x80000262] -> 0x0000
[157] [M]: 0x80000260 (0x00000013) addi zero, zero, 0


mem[X,0x80000264] -> 0x2C23
mem[X,0x80000266] -> 0x03F5
[158] [M]: 0x80000264 (0x03F52C23) sw t6, 56(a0)
mem[0x8000224C] <- 0xFFFFFFDE


mem[X,0x80000268] -> 0x2E17
mem[X,0x8000026A] -> 0x0000
[159] [M]: 0x80000268 (0x00002E17) auipc t3, 2
x28 <- 0x80002268


mem[X,0x8000026C] -> 0x0E13
mem[X,0x8000026E] -> 0xDA1E
[160] [M]: 0x8000026C (0xDA1E0E13) addi t3, t3, 3489
x28 <- 0x80002009


mem[X,0x80000270] -> 0x0383
mem[X,0x80000272] -> 0xFFAE
[161] [M]: 0x80000270 (0xFFAE0383) lb t2, 4090(t3)
mem[R,0x80002003] -> 0xDE
x7 <- 0xFFFFFFDE


mem[X,0x80000274] -> 0x0013
mem[X,0x80000276] -> 0x0000
[162] [M]: 0x80000274 (0x00000013) addi zero, zero, 0


mem[X,0x80000278] -> 0x0013
mem[X,0x8000027A] -> 0x0000
[163] [M]: 0x80000278 (0x00000013) addi zero, zero, 0


mem[X,0x8000027C] -> 0x2E23
mem[X,0x8000027E] -> 0x0275
[164] [M]: 0x8000027C (0x02752E23) sw t2, 60(a0)
mem[0x80002250] <- 0xFFFFFFDE


mem[X,0x80000280] -> 0x2817
mem[X,0x80000282] -> 0x0000
[165] [M]: 0x80000280 (0x00002817) auipc a6, 2
x16 <- 0x80002280


mem[X,0x80000284] -> 0x0813
mem[X,0x80000286] -> 0xDA48
[166] [M]: 0x80000284 (0xDA480813) addi a6, a6, 3492
x16 <- 0x80002024


mem[X,0x80000288] -> 0x0683
mem[X,0x8000028A] -> 0xFDF8
[167] [M]: 0x80000288 (0xFDF80683) lb a3, 4063(a6)
mem[R,0x80002003] -> 0xDE
x13 <- 0xFFFFFFDE


mem[X,0x8000028C] -> 0x0013
mem[X,0x8000028E] -> 0x0000
[168] [M]: 0x8000028C (0x00000013) addi zero, zero, 0


mem[X,0x80000290] -> 0x0013
mem[X,0x80000292] -> 0x0000
[169] [M]: 0x80000290 (0x00000013) addi zero, zero, 0


mem[X,0x80000294] -> 0x2023
mem[X,0x80000296] -> 0x04D5
[170] [M]: 0x80000294 (0x04D52023) sw a3, 64(a0)
mem[0x80002254] <- 0xFFFFFFDE


mem[X,0x80000298] -> 0x2297
mem[X,0x8000029A] -> 0x0000
[171] [M]: 0x80000298 (0x00002297) auipc t0, 2
x5 <- 0x80002298


mem[X,0x8000029C] -> 0x8293
mem[X,0x8000029E] -> 0x5682
[172] [M]: 0x8000029C (0x56828293) addi t0, t0, 1384
x5 <- 0x80002800


mem[X,0x800002A0] -> 0x8903
mem[X,0x800002A2] -> 0x8002
[173] [M]: 0x800002A0 (0x80028903) lb s2, 2048(t0)
mem[R,0x80002000] -> 0xEF
x18 <- 0xFFFFFFEF


mem[X,0x800002A4] -> 0x0013
mem[X,0x800002A6] -> 0x0000
[174] [M]: 0x800002A4 (0x00000013) addi zero, zero, 0


mem[X,0x800002A8] -> 0x0013
mem[X,0x800002AA] -> 0x0000
[175] [M]: 0x800002A8 (0x00000013) addi zero, zero, 0


mem[X,0x800002AC] -> 0x2223
mem[X,0x800002AE] -> 0x0525
[176] [M]: 0x800002AC (0x05252223) sw s2, 68(a0)
mem[0x80002258] <- 0xFFFFFFEF


mem[X,0x800002B0] -> 0x2D17
mem[X,0x800002B2] -> 0x0000
[177] [M]: 0x800002B0 (0x00002D17) auipc s10, 2
x26 <- 0x800022B0


mem[X,0x800002B4] -> 0x0D13
mem[X,0x800002B6] -> 0x550D
[178] [M]: 0x800002B4 (0x550D0D13) addi s10, s10, 1360
x26 <- 0x80002800


mem[X,0x800002B8] -> 0x0703
mem[X,0x800002BA] -> 0x800D
[179] [M]: 0x800002B8 (0x800D0703) lb a4, 2048(s10)
mem[R,0x80002000] -> 0xEF
x14 <- 0xFFFFFFEF


mem[X,0x800002BC] -> 0x0013
mem[X,0x800002BE] -> 0x0000
[180] [M]: 0x800002BC (0x00000013) addi zero, zero, 0


mem[X,0x800002C0] -> 0x0013
mem[X,0x800002C2] -> 0x0000
[181] [M]: 0x800002C0 (0x00000013) addi zero, zero, 0


mem[X,0x800002C4] -> 0x2423
mem[X,0x800002C6] -> 0x04E5
[182] [M]: 0x800002C4 (0x04E52423) sw a4, 72(a0)
mem[0x8000225C] <- 0xFFFFFFEF


mem[X,0x800002C8] -> 0x2117
mem[X,0x800002CA] -> 0x0000
[183] [M]: 0x800002C8 (0x00002117) auipc sp, 2
x2 <- 0x800022C8


mem[X,0x800002CC] -> 0x0113
mem[X,0x800002CE] -> 0xF981
[184] [M]: 0x800002CC (0xF9810113) addi sp, sp, 3992
x2 <- 0x80002260


mem[X,0x800002D0] -> 0x2397
mem[X,0x800002D2] -> 0x0000
[185] [M]: 0x800002D0 (0x00002397) auipc t2, 2
x7 <- 0x800022D0


mem[X,0x800002D4] -> 0x8393
mem[X,0x800002D6] -> 0x5303
[186] [M]: 0x800002D4 (0x53038393) addi t2, t2, 1328
x7 <- 0x80002800


mem[X,0x800002D8] -> 0x8C03
mem[X,0x800002DA] -> 0x8003
[187] [M]: 0x800002D8 (0x80038C03) lb s8, 2048(t2)
mem[R,0x80002000] -> 0xEF
x24 <- 0xFFFFFFEF


mem[X,0x800002DC] -> 0x0013
mem[X,0x800002DE] -> 0x0000
[188] [M]: 0x800002DC (0x00000013) addi zero, zero, 0


mem[X,0x800002E0] -> 0x0013
mem[X,0x800002E2] -> 0x0000
[189] [M]: 0x800002E0 (0x00000013) addi zero, zero, 0


mem[X,0x800002E4] -> 0x2023
mem[X,0x800002E6] -> 0x0181
[190] [M]: 0x800002E4 (0x01812023) sw s8, 0(sp)
mem[0x80002260] <- 0xFFFFFFEF


mem[X,0x800002E8] -> 0x2597
mem[X,0x800002EA] -> 0x0000
[191] [M]: 0x800002E8 (0x00002597) auipc a1, 2
x11 <- 0x800022E8


mem[X,0x800002EC] -> 0x8593
mem[X,0x800002EE] -> 0x5185
[192] [M]: 0x800002EC (0x51858593) addi a1, a1, 1304
x11 <- 0x80002800


mem[X,0x800002F0] -> 0x8083
mem[X,0x800002F2] -> 0x8005
[193] [M]: 0x800002F0 (0x80058083) lb ra, 2048(a1)
mem[R,0x80002000] -> 0xEF
x1 <- 0xFFFFFFEF


mem[X,0x800002F4] -> 0x0013
mem[X,0x800002F6] -> 0x0000
[194] [M]: 0x800002F4 (0x00000013) addi zero, zero, 0


mem[X,0x800002F8] -> 0x0013
mem[X,0x800002FA] -> 0x0000
[195] [M]: 0x800002F8 (0x00000013) addi zero, zero, 0


mem[X,0x800002FC] -> 0x2223
mem[X,0x800002FE] -> 0x0011
[196] [M]: 0x800002FC (0x00112223) sw ra, 4(sp)
mem[0x80002264] <- 0xFFFFFFEF


mem[X,0x80000300] -> 0x2797
mem[X,0x80000302] -> 0x0000
[197] [M]: 0x80000300 (0x00002797) auipc a5, 2
x15 <- 0x80002300


mem[X,0x80000304] -> 0x8793
mem[X,0x80000306] -> 0x5007
[198] [M]: 0x80000304 (0x50078793) addi a5, a5, 1280
x15 <- 0x80002800


mem[X,0x80000308] -> 0x8503
mem[X,0x8000030A] -> 0x8007
[199] [M]: 0x80000308 (0x80078503) lb a0, 2048(a5)
mem[R,0x80002000] -> 0xEF
x10 <- 0xFFFFFFEF


clint::tick mtime <- 0x0000000000000002
 clint timer pending at mtime 0x0000000000000002
htif::tick 0x0000000000000000
mem[X,0x8000030C] -> 0x0013
mem[X,0x8000030E] -> 0x0000
[200] [M]: 0x8000030C (0x00000013) addi zero, zero, 0


mem[X,0x80000310] -> 0x0013
mem[X,0x80000312] -> 0x0000
[201] [M]: 0x80000310 (0x00000013) addi zero, zero, 0


mem[X,0x80000314] -> 0x2423
mem[X,0x80000316] -> 0x00A1
[202] [M]: 0x80000314 (0x00A12423) sw a0, 8(sp)
mem[0x80002268] <- 0xFFFFFFEF


mem[X,0x80000318] -> 0x2A17
mem[X,0x8000031A] -> 0x0000
[203] [M]: 0x80000318 (0x00002A17) auipc s4, 2
x20 <- 0x80002318


mem[X,0x8000031C] -> 0x0A13
mem[X,0x8000031E] -> 0x4E8A
[204] [M]: 0x8000031C (0x4E8A0A13) addi s4, s4, 1256
x20 <- 0x80002800


mem[X,0x80000320] -> 0x0B03
mem[X,0x80000322] -> 0x800A
[205] [M]: 0x80000320 (0x800A0B03) lb s6, 2048(s4)
mem[R,0x80002000] -> 0xEF
x22 <- 0xFFFFFFEF


mem[X,0x80000324] -> 0x0013
mem[X,0x80000326] -> 0x0000
[206] [M]: 0x80000324 (0x00000013) addi zero, zero, 0


mem[X,0x80000328] -> 0x0013
mem[X,0x8000032A] -> 0x0000
[207] [M]: 0x80000328 (0x00000013) addi zero, zero, 0


mem[X,0x8000032C] -> 0x2623
mem[X,0x8000032E] -> 0x0161
[208] [M]: 0x8000032C (0x01612623) sw s6, 12(sp)
mem[0x8000226C] <- 0xFFFFFFEF


mem[X,0x80000330] -> 0x2897
mem[X,0x80000332] -> 0x0000
[209] [M]: 0x80000330 (0x00002897) auipc a7, 2
x17 <- 0x80002330


mem[X,0x80000334] -> 0x8893
mem[X,0x80000336] -> 0x4D08
[210] [M]: 0x80000334 (0x4D088893) addi a7, a7, 1232
x17 <- 0x80002800


mem[X,0x80000338] -> 0x8403
mem[X,0x8000033A] -> 0x8008
[211] [M]: 0x80000338 (0x80088403) lb fp, 2048(a7)
mem[R,0x80002000] -> 0xEF
x8 <- 0xFFFFFFEF


mem[X,0x8000033C] -> 0x0013
mem[X,0x8000033E] -> 0x0000
[212] [M]: 0x8000033C (0x00000013) addi zero, zero, 0


mem[X,0x80000340] -> 0x0013
mem[X,0x80000342] -> 0x0000
[213] [M]: 0x80000340 (0x00000013) addi zero, zero, 0


mem[X,0x80000344] -> 0x2823
mem[X,0x80000346] -> 0x0081
[214] [M]: 0x80000344 (0x00812823) sw fp, 16(sp)
mem[0x80002270] <- 0xFFFFFFEF


mem[X,0x80000348] -> 0x2D97
mem[X,0x8000034A] -> 0x0000
[215] [M]: 0x80000348 (0x00002D97) auipc s11, 2
x27 <- 0x80002348


mem[X,0x8000034C] -> 0x8D93
mem[X,0x8000034E] -> 0x4B8D
[216] [M]: 0x8000034C (0x4B8D8D93) addi s11, s11, 1208
x27 <- 0x80002800


mem[X,0x80000350] -> 0x8483
mem[X,0x80000352] -> 0x800D
[217] [M]: 0x80000350 (0x800D8483) lb s1, 2048(s11)
mem[R,0x80002000] -> 0xEF
x9 <- 0xFFFFFFEF


mem[X,0x80000354] -> 0x0013
mem[X,0x80000356] -> 0x0000
[218] [M]: 0x80000354 (0x00000013) addi zero, zero, 0


mem[X,0x80000358] -> 0x0013
mem[X,0x8000035A] -> 0x0000
[219] [M]: 0x80000358 (0x00000013) addi zero, zero, 0


mem[X,0x8000035C] -> 0x2A23
mem[X,0x8000035E] -> 0x0091
[220] [M]: 0x8000035C (0x00912A23) sw s1, 20(sp)
mem[0x80002274] <- 0xFFFFFFEF


mem[X,0x80000360] -> 0x2697
mem[X,0x80000362] -> 0x0000
[221] [M]: 0x80000360 (0x00002697) auipc a3, 2
x13 <- 0x80002360


mem[X,0x80000364] -> 0x8693
mem[X,0x80000366] -> 0x4A06
[222] [M]: 0x80000364 (0x4A068693) addi a3, a3, 1184
x13 <- 0x80002800


mem[X,0x80000368] -> 0x8583
mem[X,0x8000036A] -> 0x8006
[223] [M]: 0x80000368 (0x80068583) lb a1, 2048(a3)
mem[R,0x80002000] -> 0xEF
x11 <- 0xFFFFFFEF


mem[X,0x8000036C] -> 0x0013
mem[X,0x8000036E] -> 0x0000
[224] [M]: 0x8000036C (0x00000013) addi zero, zero, 0


mem[X,0x80000370] -> 0x0013
mem[X,0x80000372] -> 0x0000
[225] [M]: 0x80000370 (0x00000013) addi zero, zero, 0


mem[X,0x80000374] -> 0x2C23
mem[X,0x80000376] -> 0x00B1
[226] [M]: 0x80000374 (0x00B12C23) sw a1, 24(sp)
mem[0x80002278] <- 0xFFFFFFEF


mem[X,0x80000378] -> 0x2997
mem[X,0x8000037A] -> 0x0000
[227] [M]: 0x80000378 (0x00002997) auipc s3, 2
x19 <- 0x80002378


mem[X,0x8000037C] -> 0x8993
mem[X,0x8000037E] -> 0x4889
[228] [M]: 0x8000037C (0x48898993) addi s3, s3, 1160
x19 <- 0x80002800


mem[X,0x80000380] -> 0x8203
mem[X,0x80000382] -> 0x8009
[229] [M]: 0x80000380 (0x80098203) lb tp, 2048(s3)
mem[R,0x80002000] -> 0xEF
x4 <- 0xFFFFFFEF


mem[X,0x80000384] -> 0x0013
mem[X,0x80000386] -> 0x0000
[230] [M]: 0x80000384 (0x00000013) addi zero, zero, 0


mem[X,0x80000388] -> 0x0013
mem[X,0x8000038A] -> 0x0000
[231] [M]: 0x80000388 (0x00000013) addi zero, zero, 0


mem[X,0x8000038C] -> 0x2E23
mem[X,0x8000038E] -> 0x0041
[232] [M]: 0x8000038C (0x00412E23) sw tp, 28(sp)
mem[0x8000227C] <- 0xFFFFFFEF


mem[X,0x80000390] -> 0x2F17
mem[X,0x80000392] -> 0x0000
[233] [M]: 0x80000390 (0x00002F17) auipc t5, 2
x30 <- 0x80002390


mem[X,0x80000394] -> 0x0F13
mem[X,0x80000396] -> 0x470F
[234] [M]: 0x80000394 (0x470F0F13) addi t5, t5, 1136
x30 <- 0x80002800


mem[X,0x80000398] -> 0x0983
mem[X,0x8000039A] -> 0x800F
[235] [M]: 0x80000398 (0x800F0983) lb s3, 2048(t5)
mem[R,0x80002000] -> 0xEF
x19 <- 0xFFFFFFEF


mem[X,0x8000039C] -> 0x0013
mem[X,0x8000039E] -> 0x0000
[236] [M]: 0x8000039C (0x00000013) addi zero, zero, 0


mem[X,0x800003A0] -> 0x0013
mem[X,0x800003A2] -> 0x0000
[237] [M]: 0x800003A0 (0x00000013) addi zero, zero, 0


mem[X,0x800003A4] -> 0x2023
mem[X,0x800003A6] -> 0x0331
[238] [M]: 0x800003A4 (0x03312023) sw s3, 32(sp)
mem[0x80002280] <- 0xFFFFFFEF


mem[X,0x800003A8] -> 0x2517
mem[X,0x800003AA] -> 0x0000
[239] [M]: 0x800003A8 (0x00002517) auipc a0, 2
x10 <- 0x800023A8


mem[X,0x800003AC] -> 0x0513
mem[X,0x800003AE] -> 0x4585
[240] [M]: 0x800003AC (0x45850513) addi a0, a0, 1112
x10 <- 0x80002800


mem[X,0x800003B0] -> 0x0283
mem[X,0x800003B2] -> 0x8005
[241] [M]: 0x800003B0 (0x80050283) lb t0, 2048(a0)
mem[R,0x80002000] -> 0xEF
x5 <- 0xFFFFFFEF


mem[X,0x800003B4] -> 0x0013
mem[X,0x800003B6] -> 0x0000
[242] [M]: 0x800003B4 (0x00000013) addi zero, zero, 0


mem[X,0x800003B8] -> 0x0013
mem[X,0x800003BA] -> 0x0000
[243] [M]: 0x800003B8 (0x00000013) addi zero, zero, 0


mem[X,0x800003BC] -> 0x2223
mem[X,0x800003BE] -> 0x0251
[244] [M]: 0x800003BC (0x02512223) sw t0, 36(sp)
mem[0x80002284] <- 0xFFFFFFEF


mem[X,0x800003C0] -> 0x2717
mem[X,0x800003C2] -> 0x0000
[245] [M]: 0x800003C0 (0x00002717) auipc a4, 2
x14 <- 0x800023C0


mem[X,0x800003C4] -> 0x0713
mem[X,0x800003C6] -> 0x4407
[246] [M]: 0x800003C4 (0x44070713) addi a4, a4, 1088
x14 <- 0x80002800


mem[X,0x800003C8] -> 0x0303
mem[X,0x800003CA] -> 0x8007
[247] [M]: 0x800003C8 (0x80070303) lb t1, 2048(a4)
mem[R,0x80002000] -> 0xEF
x6 <- 0xFFFFFFEF


mem[X,0x800003CC] -> 0x0013
mem[X,0x800003CE] -> 0x0000
[248] [M]: 0x800003CC (0x00000013) addi zero, zero, 0


mem[X,0x800003D0] -> 0x0013
mem[X,0x800003D2] -> 0x0000
[249] [M]: 0x800003D0 (0x00000013) addi zero, zero, 0


mem[X,0x800003D4] -> 0x2423
mem[X,0x800003D6] -> 0x0261
[250] [M]: 0x800003D4 (0x02612423) sw t1, 40(sp)
mem[0x80002288] <- 0xFFFFFFEF


mem[X,0x800003D8] -> 0x2F97
mem[X,0x800003DA] -> 0x0000
[251] [M]: 0x800003D8 (0x00002F97) auipc t6, 2
x31 <- 0x800023D8


mem[X,0x800003DC] -> 0x8F93
mem[X,0x800003DE] -> 0x428F
[252] [M]: 0x800003DC (0x428F8F93) addi t6, t6, 1064
x31 <- 0x80002800


mem[X,0x800003E0] -> 0x8C83
mem[X,0x800003E2] -> 0x800F
[253] [M]: 0x800003E0 (0x800F8C83) lb s9, 2048(t6)
mem[R,0x80002000] -> 0xEF
x25 <- 0xFFFFFFEF


mem[X,0x800003E4] -> 0x0013
mem[X,0x800003E6] -> 0x0000
[254] [M]: 0x800003E4 (0x00000013) addi zero, zero, 0


mem[X,0x800003E8] -> 0x0013
mem[X,0x800003EA] -> 0x0000
[255] [M]: 0x800003E8 (0x00000013) addi zero, zero, 0


mem[X,0x800003EC] -> 0x2623
mem[X,0x800003EE] -> 0x0391
[256] [M]: 0x800003EC (0x03912623) sw s9, 44(sp)
mem[0x8000228C] <- 0xFFFFFFEF


mem[X,0x800003F0] -> 0x2E97
mem[X,0x800003F2] -> 0x0000
[257] [M]: 0x800003F0 (0x00002E97) auipc t4, 2
x29 <- 0x800023F0


mem[X,0x800003F4] -> 0x8E93
mem[X,0x800003F6] -> 0x410E
[258] [M]: 0x800003F4 (0x410E8E93) addi t4, t4, 1040
x29 <- 0x80002800


mem[X,0x800003F8] -> 0x8183
mem[X,0x800003FA] -> 0x800E
[259] [M]: 0x800003F8 (0x800E8183) lb gp, 2048(t4)
mem[R,0x80002000] -> 0xEF
x3 <- 0xFFFFFFEF


mem[X,0x800003FC] -> 0x0013
mem[X,0x800003FE] -> 0x0000
[260] [M]: 0x800003FC (0x00000013) addi zero, zero, 0


mem[X,0x80000400] -> 0x0013
mem[X,0x80000402] -> 0x0000
[261] [M]: 0x80000400 (0x00000013) addi zero, zero, 0


mem[X,0x80000404] -> 0x2823
mem[X,0x80000406] -> 0x0231
[262] [M]: 0x80000404 (0x02312823) sw gp, 48(sp)
mem[0x80002290] <- 0xFFFFFFEF


mem[X,0x80000408] -> 0x2517
mem[X,0x8000040A] -> 0x0000
[263] [M]: 0x80000408 (0x00002517) auipc a0, 2
x10 <- 0x80002408


mem[X,0x8000040C] -> 0x0513
mem[X,0x8000040E] -> 0xC015
[264] [M]: 0x8000040C (0xC0150513) addi a0, a0, 3073
x10 <- 0x80002009


mem[X,0x80000410] -> 0x0583
mem[X,0x80000412] -> 0xFF85
[265] [M]: 0x80000410 (0xFF850583) lb a1, 4088(a0)
mem[R,0x80002001] -> 0xBE
x11 <- 0xFFFFFFBE


mem[X,0x80000414] -> 0x0013
mem[X,0x80000416] -> 0x0000
[266] [M]: 0x80000414 (0x00000013) addi zero, zero, 0


mem[X,0x80000418] -> 0x0013
mem[X,0x8000041A] -> 0x0000
[267] [M]: 0x80000418 (0x00000013) addi zero, zero, 0


mem[X,0x8000041C] -> 0x2A23
mem[X,0x8000041E] -> 0x02B1
[268] [M]: 0x8000041C (0x02B12A23) sw a1, 52(sp)
mem[0x80002294] <- 0xFFFFFFBE


mem[X,0x80000420] -> 0x0093
mem[X,0x80000422] -> 0x0010
[269] [M]: 0x80000420 (0x00100093) addi ra, zero, 1
x1 <- 0x00000001


mem[X,0x80000424] -> 0x1F17
mem[X,0x80000426] -> 0x0000
[270] [M]: 0x80000424 (0x00001F17) auipc t5, 1
x30 <- 0x80001424


mem[X,0x80000428] -> 0x2E23
mem[X,0x8000042A] -> 0xBC1F
[271] [M]: 0x80000428 (0xBC1F2E23) sw ra, 3036(t5)
htif[0x80001000] <- 0x00000001


mem[X,0x8000042C] -> 0xF06F
mem[X,0x8000042E] -> 0xFF9F
[272] [M]: 0x8000042C (0xFF9FF06F) jal zero, 2097144


mem[X,0x80000424] -> 0x1F17
mem[X,0x80000426] -> 0x0000
[273] [M]: 0x80000424 (0x00001F17) auipc t5, 1
x30 <- 0x80001424


mem[X,0x80000428] -> 0x2E23
mem[X,0x8000042A] -> 0xBC1F
[274] [M]: 0x80000428 (0xBC1F2E23) sw ra, 3036(t5)
htif[0x80001000] <- 0x00000001


mem[X,0x8000042C] -> 0xF06F
mem[X,0x8000042E] -> 0xFF9F
[275] [M]: 0x8000042C (0xFF9FF06F) jal zero, 2097144


mem[X,0x80000424] -> 0x1F17
mem[X,0x80000426] -> 0x0000
[276] [M]: 0x80000424 (0x00001F17) auipc t5, 1
x30 <- 0x80001424


mem[X,0x80000428] -> 0x2E23
mem[X,0x8000042A] -> 0xBC1F
[277] [M]: 0x80000428 (0xBC1F2E23) sw ra, 3036(t5)
htif[0x80001000] <- 0x00000001
htif-syscall-proxy cmd: 0x000000000001

SUCCESS
