using /home/moon/moon_verif/riscof_work/src/beq-01.S/ref/Reference-sail_c_simulator.signature for test-signature output.
[Sail] Allocating new block 0x80000000
tohost located at 0x80038000
[Sail] Allocating new block 0x0

Running file sail-beq-01.elf.
ELF Entry @ 0x80000000
begin_signature: 0x80039210
end_signature: 0x80039b40
CSR mstatus <- 0x00000000 (input: 0x00000000)
mem[X,0x00001000] -> 0x0297
mem[X,0x00001002] -> 0x0000
[0] [M]: 0x00001000 (0x00000297) auipc t0, 0
x5 <- 0x00001000


mem[X,0x00001004] -> 0x8593
mem[X,0x00001006] -> 0x0202
[1] [M]: 0x00001004 (0x02028593) addi a1, t0, 32
x11 <- 0x00001020


mem[X,0x00001008] -> 0x2573
mem[X,0x0000100A] -> 0xF140
[2] [M]: 0x00001008 (0xF1402573) csrrs a0, mhartid, zero
CSR mhartid -> 0x00000000
x10 <- 0x00000000


mem[X,0x0000100C] -> 0xA283
mem[X,0x0000100E] -> 0x0182
[3] [M]: 0x0000100C (0x0182A283) lw t0, 24(t0)
mem[R,0x00001018] -> 0x80000000
x5 <- 0x80000000


mem[X,0x00001010] -> 0x8067
mem[X,0x00001012] -> 0x0002
[4] [M]: 0x00001010 (0x00028067) jalr zero, t0, 0


mem[X,0x80000000] -> 0xC0B7
mem[X,0x80000002] -> 0xFEED
[5] [M]: 0x80000000 (0xFEEDC0B7) lui ra, 1044188
x1 <- 0xFEEDC000


mem[X,0x80000004] -> 0x8093
mem[X,0x80000006] -> 0xEAD0
[6] [M]: 0x80000004 (0xEAD08093) addi ra, ra, 3757
x1 <- 0xFEEDBEAD


mem[X,0x80000008] -> 0xE137
mem[X,0x8000000A] -> 0xFF76
[7] [M]: 0x80000008 (0xFF76E137) lui sp, 1046382
x2 <- 0xFF76E000


mem[X,0x8000000C] -> 0x0113
mem[X,0x8000000E] -> 0xF561
[8] [M]: 0x8000000C (0xF5610113) addi sp, sp, 3926
x2 <- 0xFF76DF56


mem[X,0x80000010] -> 0x71B7
mem[X,0x80000012] -> 0x7FBB
[9] [M]: 0x80000010 (0x7FBB71B7) lui gp, 523191
x3 <- 0x7FBB7000


mem[X,0x80000014] -> 0x8193
mem[X,0x80000016] -> 0xFAB1
[10] [M]: 0x80000014 (0xFAB18193) addi gp, gp, 4011
x3 <- 0x7FBB6FAB


mem[X,0x80000018] -> 0xB237
mem[X,0x8000001A] -> 0xBFDD
[11] [M]: 0x80000018 (0xBFDDB237) lui tp, 785883
x4 <- 0xBFDDB000


mem[X,0x8000001C] -> 0x0213
mem[X,0x8000001E] -> 0x7D52
[12] [M]: 0x8000001C (0x7D520213) addi tp, tp, 2005
x4 <- 0xBFDDB7D5


mem[X,0x80000020] -> 0x0297
mem[X,0x80000022] -> 0x0000
[13] [M]: 0x80000020 (0x00000297) auipc t0, 0
x5 <- 0x80000020


mem[X,0x80000024] -> 0x8293
mem[X,0x80000026] -> 0x0D82
[14] [M]: 0x80000024 (0x0D828293) addi t0, t0, 216
x5 <- 0x800000F8


mem[X,0x80000028] -> 0x9317
mem[X,0x8000002A] -> 0x0003
[15] [M]: 0x80000028 (0x00039317) auipc t1, 57
x6 <- 0x80039028


mem[X,0x8000002C] -> 0x0313
mem[X,0x8000002E] -> 0xFD83
[16] [M]: 0x8000002C (0xFD830313) addi t1, t1, 4056
x6 <- 0x80039000


mem[X,0x80000030] -> 0xB3B7
mem[X,0x80000032] -> 0xB7FB
[17] [M]: 0x80000030 (0xB7FBB3B7) lui t2, 753595
x7 <- 0xB7FBB000


mem[X,0x80000034] -> 0x8393
mem[X,0x80000036] -> 0x6FA3
[18] [M]: 0x80000034 (0x6FA38393) addi t2, t2, 1786
x7 <- 0xB7FBB6FA


mem[X,0x80000038] -> 0xE437
mem[X,0x8000003A] -> 0x5BFD
[19] [M]: 0x80000038 (0x5BFDE437) lui fp, 376798
x8 <- 0x5BFDE000


mem[X,0x8000003C] -> 0x0413
mem[X,0x8000003E] -> 0xB7D4
[20] [M]: 0x8000003C (0xB7D40413) addi fp, fp, 2941
x8 <- 0x5BFDDB7D


mem[X,0x80000040] -> 0xF4B7
mem[X,0x80000042] -> 0xADFE
[21] [M]: 0x80000040 (0xADFEF4B7) lui s1, 712687
x9 <- 0xADFEF000


mem[X,0x80000044] -> 0x8493
mem[X,0x80000046] -> 0xDBE4
[22] [M]: 0x80000044 (0xDBE48493) addi s1, s1, 3518
x9 <- 0xADFEEDBE


mem[X,0x80000048] -> 0x7537
mem[X,0x8000004A] -> 0x56FF
[23] [M]: 0x80000048 (0x56FF7537) lui a0, 356343
x10 <- 0x56FF7000


mem[X,0x8000004C] -> 0x0513
mem[X,0x8000004E] -> 0x6DF5
[24] [M]: 0x8000004C (0x6DF50513) addi a0, a0, 1759
x10 <- 0x56FF76DF


mem[X,0x80000050] -> 0xC5B7
mem[X,0x80000052] -> 0xAB7F
[25] [M]: 0x80000050 (0xAB7FC5B7) lui a1, 702460
x11 <- 0xAB7FC000


mem[X,0x80000054] -> 0x8593
mem[X,0x80000056] -> 0xB6F5
[26] [M]: 0x80000054 (0xB6F58593) addi a1, a1, 2927
x11 <- 0xAB7FBB6F


mem[X,0x80000058] -> 0xE637
mem[X,0x8000005A] -> 0xD5BF
[27] [M]: 0x80000058 (0xD5BFE637) lui a2, 875518
x12 <- 0xD5BFE000


mem[X,0x8000005C] -> 0x0613
mem[X,0x8000005E] -> 0xDB76
[28] [M]: 0x8000005C (0xDB760613) addi a2, a2, 3511
x12 <- 0xD5BFDDB7


mem[X,0x80000060] -> 0xF6B7
mem[X,0x80000062] -> 0xEADF
[29] [M]: 0x80000060 (0xEADFF6B7) lui a3, 962047
x13 <- 0xEADFF000


mem[X,0x80000064] -> 0x8693
mem[X,0x80000066] -> 0xEDB6
[30] [M]: 0x80000064 (0xEDB68693) addi a3, a3, 3803
x13 <- 0xEADFEEDB


mem[X,0x80000068] -> 0xF737
mem[X,0x8000006A] -> 0xF56F
[31] [M]: 0x80000068 (0xF56FF737) lui a4, 1005311
x14 <- 0xF56FF000


mem[X,0x8000006C] -> 0x0713
mem[X,0x8000006E] -> 0x76D7
[32] [M]: 0x8000006C (0x76D70713) addi a4, a4, 1901
x14 <- 0xF56FF76D


mem[X,0x80000070] -> 0x07B7
mem[X,0x80000072] -> 0xFAB8
[33] [M]: 0x80000070 (0xFAB807B7) lui a5, 1026944
x15 <- 0xFAB80000


mem[X,0x80000074] -> 0x8793
mem[X,0x80000076] -> 0xBB67
[34] [M]: 0x80000074 (0xBB678793) addi a5, a5, 2998
x15 <- 0xFAB7FBB6


mem[X,0x80000078] -> 0x0837
mem[X,0x8000007A] -> 0x7D5C
[35] [M]: 0x80000078 (0x7D5C0837) lui a6, 513472
x16 <- 0x7D5C0000


mem[X,0x8000007C] -> 0x0813
mem[X,0x8000007E] -> 0xDDB8
[36] [M]: 0x8000007C (0xDDB80813) addi a6, a6, 3547
x16 <- 0x7D5BFDDB


mem[X,0x80000080] -> 0x08B7
mem[X,0x80000082] -> 0xBEAE
[37] [M]: 0x80000080 (0xBEAE08B7) lui a7, 781024
x17 <- 0xBEAE0000


mem[X,0x80000084] -> 0x8893
mem[X,0x80000086] -> 0xEED8
[38] [M]: 0x80000084 (0xEED88893) addi a7, a7, 3821
x17 <- 0xBEADFEED


mem[X,0x80000088] -> 0x0937
mem[X,0x8000008A] -> 0xDF57
[39] [M]: 0x80000088 (0xDF570937) lui s2, 914800
x18 <- 0xDF570000


mem[X,0x8000008C] -> 0x0913
mem[X,0x8000008E] -> 0xF769
[40] [M]: 0x8000008C (0xF7690913) addi s2, s2, 3958
x18 <- 0xDF56FF76


mem[X,0x80000090] -> 0x89B7
mem[X,0x80000092] -> 0x6FAB
[41] [M]: 0x80000090 (0x6FAB89B7) lui s3, 457400
x19 <- 0x6FAB8000


mem[X,0x80000094] -> 0x8993
mem[X,0x80000096] -> 0xFBB9
[42] [M]: 0x80000094 (0xFBB98993) addi s3, s3, 4027
x19 <- 0x6FAB7FBB


mem[X,0x80000098] -> 0xCA37
mem[X,0x8000009A] -> 0xB7D5
[43] [M]: 0x80000098 (0xB7D5CA37) lui s4, 752988
x20 <- 0xB7D5C000


mem[X,0x8000009C] -> 0x0A13
mem[X,0x8000009E] -> 0xFDDA
[44] [M]: 0x8000009C (0xFDDA0A13) addi s4, s4, 4061
x20 <- 0xB7D5BFDD


mem[X,0x800000A0] -> 0xEAB7
mem[X,0x800000A2] -> 0xDBEA
[45] [M]: 0x800000A0 (0xDBEAEAB7) lui s5, 900782
x21 <- 0xDBEAE000


mem[X,0x800000A4] -> 0x8A93
mem[X,0x800000A6] -> 0xFEEA
[46] [M]: 0x800000A4 (0xFEEA8A93) addi s5, s5, 4078
x21 <- 0xDBEADFEE


mem[X,0x800000A8] -> 0x7B37
mem[X,0x800000AA] -> 0x6DF5
[47] [M]: 0x800000A8 (0x6DF57B37) lui s6, 450391
x22 <- 0x6DF57000


mem[X,0x800000AC] -> 0x0B13
mem[X,0x800000AE] -> 0xFF7B
[48] [M]: 0x800000AC (0xFF7B0B13) addi s6, s6, 4087
x22 <- 0x6DF56FF7


mem[X,0x800000B0] -> 0xBBB7
mem[X,0x800000B2] -> 0xB6FA
[49] [M]: 0x800000B0 (0xB6FABBB7) lui s7, 749483
x23 <- 0xB6FAB000


mem[X,0x800000B4] -> 0x8B93
mem[X,0x800000B6] -> 0x7FBB
[50] [M]: 0x800000B4 (0x7FBB8B93) addi s7, s7, 2043
x23 <- 0xB6FAB7FB


mem[X,0x800000B8] -> 0x6C37
mem[X,0x800000BA] -> 0xDB7D
[51] [M]: 0x800000B8 (0xDB7D6C37) lui s8, 899030
x24 <- 0xDB7D6000


mem[X,0x800000BC] -> 0x0C13
mem[X,0x800000BE] -> 0xBFDC
[52] [M]: 0x800000BC (0xBFDC0C13) addi s8, s8, 3069
x24 <- 0xDB7D5BFD


mem[X,0x800000C0] -> 0xBCB7
mem[X,0x800000C2] -> 0xEDBE
[53] [M]: 0x800000C0 (0xEDBEBCB7) lui s9, 973803
x25 <- 0xEDBEB000


mem[X,0x800000C4] -> 0x8C93
mem[X,0x800000C6] -> 0xDFEC
[54] [M]: 0x800000C4 (0xDFEC8C93) addi s9, s9, 3582
x25 <- 0xEDBEADFE


mem[X,0x800000C8] -> 0x5D37
mem[X,0x800000CA] -> 0x76DF
[55] [M]: 0x800000C8 (0x76DF5D37) lui s10, 486901
x26 <- 0x76DF5000


mem[X,0x800000CC] -> 0x0D13
mem[X,0x800000CE] -> 0x6FFD
[56] [M]: 0x800000CC (0x6FFD0D13) addi s10, s10, 1791
x26 <- 0x76DF56FF


mem[X,0x800000D0] -> 0xBDB7
mem[X,0x800000D2] -> 0xBB6F
[57] [M]: 0x800000D0 (0xBB6FBDB7) lui s11, 767739
x27 <- 0xBB6FB000


mem[X,0x800000D4] -> 0x8D93
mem[X,0x800000D6] -> 0xB7FD
[58] [M]: 0x800000D4 (0xB7FD8D93) addi s11, s11, 2943
x27 <- 0xBB6FAB7F


mem[X,0x800000D8] -> 0xDE37
mem[X,0x800000DA] -> 0xDDB7
[59] [M]: 0x800000D8 (0xDDB7DE37) lui t3, 908157
x28 <- 0xDDB7D000


mem[X,0x800000DC] -> 0x0E13
mem[X,0x800000DE] -> 0x5BFE
[60] [M]: 0x800000DC (0x5BFE0E13) addi t3, t3, 1471
x28 <- 0xDDB7D5BF


mem[X,0x800000E0] -> 0xFEB7
mem[X,0x800000E2] -> 0xEEDB
[61] [M]: 0x800000E0 (0xEEDBFEB7) lui t4, 978367
x29 <- 0xEEDBF000


mem[X,0x800000E4] -> 0x8E93
mem[X,0x800000E6] -> 0xADFE
[62] [M]: 0x800000E4 (0xADFE8E93) addi t4, t4, 2783
x29 <- 0xEEDBEADF


mem[X,0x800000E8] -> 0xFF37
mem[X,0x800000EA] -> 0xF76D
[63] [M]: 0x800000E8 (0xF76DFF37) lui t5, 1013471
x30 <- 0xF76DF000


mem[X,0x800000EC] -> 0x0F13
mem[X,0x800000EE] -> 0x56FF
[64] [M]: 0x800000EC (0x56FF0F13) addi t5, t5, 1391
x30 <- 0xF76DF56F


mem[X,0x800000F0] -> 0x0FB7
mem[X,0x800000F2] -> 0xFBB7
[65] [M]: 0x800000F0 (0xFBB70FB7) lui t6, 1031024
x31 <- 0xFBB70000


mem[X,0x800000F4] -> 0x8F93
mem[X,0x800000F6] -> 0xAB7F
[66] [M]: 0x800000F4 (0xAB7F8F93) addi t6, t6, 2743
x31 <- 0xFBB6FAB7


mem[X,0x800000F8] -> 0x9297
mem[X,0x800000FA] -> 0x0003
[67] [M]: 0x800000F8 (0x00039297) auipc t0, 57
x5 <- 0x800390F8


mem[X,0x800000FC] -> 0x8293
mem[X,0x800000FE] -> 0x11C2
[68] [M]: 0x800000FC (0x11C28293) addi t0, t0, 284
x5 <- 0x80039214


mem[X,0x80000100] -> 0x59B7
mem[X,0x80000102] -> 0x5555
[69] [M]: 0x80000100 (0x555559B7) lui s3, 349525
x19 <- 0x55555000


mem[X,0x80000104] -> 0x8993
mem[X,0x80000106] -> 0x5559
[70] [M]: 0x80000104 (0x55598993) addi s3, s3, 1365
x19 <- 0x55555555


mem[X,0x80000108] -> 0x59B7
mem[X,0x8000010A] -> 0x5555
[71] [M]: 0x80000108 (0x555559B7) lui s3, 349525
x19 <- 0x55555000


mem[X,0x8000010C] -> 0x8993
mem[X,0x8000010E] -> 0x5559
[72] [M]: 0x8000010C (0x55598993) addi s3, s3, 1365
x19 <- 0x55555555


mem[X,0x80000110] -> 0x0593
mem[X,0x80000112] -> 0x0000
[73] [M]: 0x80000110 (0x00000593) addi a1, zero, 0
x11 <- 0x00000000


mem[X,0x80000114] -> 0x006F
mem[X,0x80000116] -> 0x0050
[74] [M]: 0x80000114 (0x0050006F) jal zero, 2052


mem[X,0x80000918] -> 0x80E3
mem[X,0x8000091A] -> 0x8139
[75] [M]: 0x80000918 (0x813980E3) beq s3, s3, 6144


mem[X,0x80000118] -> 0x8593
mem[X,0x8000011A] -> 0x0015
[76] [M]: 0x80000118 (0x00158593) addi a1, a1, 1
x11 <- 0x00000001


mem[X,0x8000011C] -> 0x006F
mem[X,0x8000011E] -> 0x0110
[77] [M]: 0x8000011C (0x0110006F) jal zero, 2064


mem[X,0x8000092C] -> 0xA023
mem[X,0x8000092E] -> 0x00B2
[78] [M]: 0x8000092C (0x00B2A023) sw a1, 0(t0)
mem[0x80039214] <- 0x00000001


mem[X,0x80000930] -> 0x0013
mem[X,0x80000932] -> 0x0000
[79] [M]: 0x80000930 (0x00000013) addi zero, zero, 0


mem[X,0x80000934] -> 0x5737
mem[X,0x80000936] -> 0xFFFF
[80] [M]: 0x80000934 (0xFFFF5737) lui a4, 1048565
x14 <- 0xFFFF5000


mem[X,0x80000938] -> 0x0713
mem[X,0x8000093A] -> 0xAFC7
[81] [M]: 0x80000938 (0xAFC70713) addi a4, a4, 2812
x14 <- 0xFFFF4AFC


mem[X,0x8000093C] -> 0x0593
mem[X,0x8000093E] -> 0x0000
[82] [M]: 0x8000093C (0x00000593) addi a1, zero, 0
x11 <- 0x00000000


mem[X,0x80000940] -> 0x006F
mem[X,0x80000942] -> 0x00C0
[83] [M]: 0x80000940 (0x00C0006F) jal zero, 12


mem[X,0x8000094C] -> 0x0063
mem[X,0x8000094E] -> 0x02E0
[84] [M]: 0x8000094C (0x02E00063) beq zero, a4, 32


mem[X,0x80000950] -> 0x8593
mem[X,0x80000952] -> 0x0025
[85] [M]: 0x80000950 (0x00258593) addi a1, a1, 2
x11 <- 0x00000002


mem[X,0x80000954] -> 0x006F
mem[X,0x80000956] -> 0x0200
[86] [M]: 0x80000954 (0x0200006F) jal zero, 32


mem[X,0x80000974] -> 0xA223
mem[X,0x80000976] -> 0x00B2
[87] [M]: 0x80000974 (0x00B2A223) sw a1, 4(t0)
mem[0x80039218] <- 0x00000002


mem[X,0x80000978] -> 0x0C37
mem[X,0x8000097A] -> 0xFFFE
[88] [M]: 0x80000978 (0xFFFE0C37) lui s8, 1048544
x24 <- 0xFFFE0000


mem[X,0x8000097C] -> 0x0C13
mem[X,0x8000097E] -> 0xFFFC
[89] [M]: 0x8000097C (0xFFFC0C13) addi s8, s8, 4095
x24 <- 0xFFFDFFFF


mem[X,0x80000980] -> 0x0113
mem[X,0x80000982] -> 0xBFF0
[90] [M]: 0x80000980 (0xBFF00113) addi sp, zero, 3071
x2 <- 0xFFFFFBFF


mem[X,0x80000984] -> 0x0593
mem[X,0x80000986] -> 0x0000
[91] [M]: 0x80000984 (0x00000593) addi a1, zero, 0
x11 <- 0x00000000


mem[X,0x80000988] -> 0x006F
mem[X,0x8000098A] -> 0x00C0
[92] [M]: 0x80000988 (0x00C0006F) jal zero, 12


mem[X,0x80000994] -> 0x0663
mem[X,0x80000996] -> 0x002C
[93] [M]: 0x80000994 (0x002C0663) beq s8, sp, 12


mem[X,0x80000998] -> 0x8593
mem[X,0x8000099A] -> 0x0025
[94] [M]: 0x80000998 (0x00258593) addi a1, a1, 2
x11 <- 0x00000002


mem[X,0x8000099C] -> 0x006F
mem[X,0x8000099E] -> 0x00C0
[95] [M]: 0x8000099C (0x00C0006F) jal zero, 12


mem[X,0x800009A8] -> 0xA423
mem[X,0x800009AA] -> 0x00B2
[96] [M]: 0x800009A8 (0x00B2A423) sw a1, 8(t0)
mem[0x8003921C] <- 0x00000002


mem[X,0x800009AC] -> 0xF437
mem[X,0x800009AE] -> 0xFFFF
[97] [M]: 0x800009AC (0xFFFFF437) lui fp, 1048575
x8 <- 0xFFFFF000


mem[X,0x800009B0] -> 0x0413
mem[X,0x800009B2] -> 0xFFF4
[98] [M]: 0x800009B0 (0xFFF40413) addi fp, fp, 4095
x8 <- 0xFFFFEFFF


mem[X,0x800009B4] -> 0x0237
mem[X,0x800009B6] -> 0x0002
[99] [M]: 0x800009B4 (0x00020237) lui tp, 32
x4 <- 0x00020000


clint::tick mtime <- 0x0000000000000001
 clint timer pending at mtime 0x0000000000000001
htif::tick 0x0000000000000000
mem[X,0x800009B8] -> 0x0593
mem[X,0x800009BA] -> 0x0000
[100] [M]: 0x800009B8 (0x00000593) addi a1, zero, 0
x11 <- 0x00000000


mem[X,0x800009BC] -> 0x006F
mem[X,0x800009BE] -> 0x00C0
[101] [M]: 0x800009BC (0x00C0006F) jal zero, 12


mem[X,0x800009C8] -> 0x0663
mem[X,0x800009CA] -> 0x0044
[102] [M]: 0x800009C8 (0x00440663) beq fp, tp, 12


mem[X,0x800009CC] -> 0x8593
mem[X,0x800009CE] -> 0x0025
[103] [M]: 0x800009CC (0x00258593) addi a1, a1, 2
x11 <- 0x00000002


mem[X,0x800009D0] -> 0x006F
mem[X,0x800009D2] -> 0x00C0
[104] [M]: 0x800009D0 (0x00C0006F) jal zero, 12


mem[X,0x800009DC] -> 0xA623
mem[X,0x800009DE] -> 0x00B2
[105] [M]: 0x800009DC (0x00B2A623) sw a1, 12(t0)
mem[0x80039220] <- 0x00000002


mem[X,0x800009E0] -> 0x0113
mem[X,0x800009E2] -> 0xDFF0
[106] [M]: 0x800009E0 (0xDFF00113) addi sp, zero, 3583
x2 <- 0xFFFFFDFF


mem[X,0x800009E4] -> 0x0F13
mem[X,0x800009E6] -> 0xDFF0
[107] [M]: 0x800009E4 (0xDFF00F13) addi t5, zero, 3583
x30 <- 0xFFFFFDFF


mem[X,0x800009E8] -> 0x0593
mem[X,0x800009EA] -> 0x0000
[108] [M]: 0x800009E8 (0x00000593) addi a1, zero, 0
x11 <- 0x00000000


mem[X,0x800009EC] -> 0x006F
mem[X,0x800009EE] -> 0x00C0
[109] [M]: 0x800009EC (0x00C0006F) jal zero, 12


mem[X,0x800009F8] -> 0x0063
mem[X,0x800009FA] -> 0x11E1
[110] [M]: 0x800009F8 (0x11E10063) beq sp, t5, 256


mem[X,0x80000AF8] -> 0x8593
mem[X,0x80000AFA] -> 0x0035
[111] [M]: 0x80000AF8 (0x00358593) addi a1, a1, 3
x11 <- 0x00000003


mem[X,0x80000AFC] -> 0x006F
mem[X,0x80000AFE] -> 0x0040
[112] [M]: 0x80000AFC (0x0040006F) jal zero, 4


mem[X,0x80000B00] -> 0xA823
mem[X,0x80000B02] -> 0x00B2
[113] [M]: 0x80000B00 (0x00B2A823) sw a1, 16(t0)
mem[0x80039224] <- 0x00000003


mem[X,0x80000B04] -> 0x0A13
mem[X,0x80000B06] -> 0x0800
[114] [M]: 0x80000B04 (0x08000A13) addi s4, zero, 128
x20 <- 0x00000080


mem[X,0x80000B08] -> 0x0C93
mem[X,0x80000B0A] -> 0x0800
[115] [M]: 0x80000B08 (0x08000C93) addi s9, zero, 128
x25 <- 0x00000080


mem[X,0x80000B0C] -> 0x0593
mem[X,0x80000B0E] -> 0x0000
[116] [M]: 0x80000B0C (0x00000593) addi a1, zero, 0
x11 <- 0x00000000


mem[X,0x80000B10] -> 0x006F
mem[X,0x80000B12] -> 0x0140
[117] [M]: 0x80000B10 (0x0140006F) jal zero, 20


mem[X,0x80000B24] -> 0x08E3
mem[X,0x80000B26] -> 0xFF9A
[118] [M]: 0x80000B24 (0xFF9A08E3) beq s4, s9, 8176


mem[X,0x80000B14] -> 0x8593
mem[X,0x80000B16] -> 0x0015
[119] [M]: 0x80000B14 (0x00158593) addi a1, a1, 1
x11 <- 0x00000001


mem[X,0x80000B18] -> 0x006F
mem[X,0x80000B1A] -> 0x0200
[120] [M]: 0x80000B18 (0x0200006F) jal zero, 32


mem[X,0x80000B38] -> 0xAA23
mem[X,0x80000B3A] -> 0x00B2
[121] [M]: 0x80000B38 (0x00B2AA23) sw a1, 20(t0)
mem[0x80039228] <- 0x00000001


mem[X,0x80000B3C] -> 0x0D37
mem[X,0x80000B3E] -> 0xFFC0
[122] [M]: 0x80000B3C (0xFFC00D37) lui s10, 1047552
x26 <- 0xFFC00000


mem[X,0x80000B40] -> 0x0D13
mem[X,0x80000B42] -> 0xFFFD
[123] [M]: 0x80000B40 (0xFFFD0D13) addi s10, s10, 4095
x26 <- 0xFFBFFFFF


mem[X,0x80000B44] -> 0x27B7
mem[X,0x80000B46] -> 0x0000
[124] [M]: 0x80000B44 (0x000027B7) lui a5, 2
x15 <- 0x00002000


mem[X,0x80000B48] -> 0x0593
mem[X,0x80000B4A] -> 0x0000
[125] [M]: 0x80000B48 (0x00000593) addi a1, zero, 0
x11 <- 0x00000000


mem[X,0x80000B4C] -> 0x006F
mem[X,0x80000B4E] -> 0x0140
[126] [M]: 0x80000B4C (0x0140006F) jal zero, 20


mem[X,0x80000B60] -> 0x08E3
mem[X,0x80000B62] -> 0xFEFD
[127] [M]: 0x80000B60 (0xFEFD08E3) beq s10, a5, 8176


mem[X,0x80000B64] -> 0x8593
mem[X,0x80000B66] -> 0x0025
[128] [M]: 0x80000B64 (0x00258593) addi a1, a1, 2
x11 <- 0x00000002


mem[X,0x80000B68] -> 0x006F
mem[X,0x80000B6A] -> 0x00C0
[129] [M]: 0x80000B68 (0x00C0006F) jal zero, 12


mem[X,0x80000B74] -> 0xAC23
mem[X,0x80000B76] -> 0x00B2
[130] [M]: 0x80000B74 (0x00B2AC23) sw a1, 24(t0)
mem[0x8003922C] <- 0x00000002


mem[X,0x80000B78] -> 0x0B13
mem[X,0x80000B7A] -> 0x0050
[131] [M]: 0x80000B78 (0x00500B13) addi s6, zero, 5
x22 <- 0x00000005


mem[X,0x80000B7C] -> 0x0493
mem[X,0x80000B7E] -> 0x0010
[132] [M]: 0x80000B7C (0x00100493) addi s1, zero, 1
x9 <- 0x00000001


mem[X,0x80000B80] -> 0x0593
mem[X,0x80000B82] -> 0x0000
[133] [M]: 0x80000B80 (0x00000593) addi a1, zero, 0
x11 <- 0x00000000


mem[X,0x80000B84] -> 0x006F
mem[X,0x80000B86] -> 0x00C0
[134] [M]: 0x80000B84 (0x00C0006F) jal zero, 12


mem[X,0x80000B90] -> 0x0CE3
mem[X,0x80000B92] -> 0xFE9B
[135] [M]: 0x80000B90 (0xFE9B0CE3) beq s6, s1, 8184


mem[X,0x80000B94] -> 0x8593
mem[X,0x80000B96] -> 0x0025
[136] [M]: 0x80000B94 (0x00258593) addi a1, a1, 2
x11 <- 0x00000002


mem[X,0x80000B98] -> 0x006F
mem[X,0x80000B9A] -> 0x00C0
[137] [M]: 0x80000B98 (0x00C0006F) jal zero, 12


mem[X,0x80000BA4] -> 0xAE23
mem[X,0x80000BA6] -> 0x00B2
[138] [M]: 0x80000BA4 (0x00B2AE23) sw a1, 28(t0)
mem[0x80039230] <- 0x00000002


mem[X,0x80000BA8] -> 0x3AB7
mem[X,0x80000BAA] -> 0x3333
[139] [M]: 0x80000BA8 (0x33333AB7) lui s5, 209715
x21 <- 0x33333000


mem[X,0x80000BAC] -> 0x8A93
mem[X,0x80000BAE] -> 0x333A
[140] [M]: 0x80000BAC (0x333A8A93) addi s5, s5, 819
x21 <- 0x33333333


mem[X,0x80000BB0] -> 0x0513
mem[X,0x80000BB2] -> 0x0020
[141] [M]: 0x80000BB0 (0x00200513) addi a0, zero, 2
x10 <- 0x00000002


mem[X,0x80000BB4] -> 0x0593
mem[X,0x80000BB6] -> 0x0000
[142] [M]: 0x80000BB4 (0x00000593) addi a1, zero, 0
x11 <- 0x00000000


mem[X,0x80000BB8] -> 0x006F
mem[X,0x80000BBA] -> 0x00C0
[143] [M]: 0x80000BB8 (0x00C0006F) jal zero, 12


mem[X,0x80000BC4] -> 0x8063
mem[X,0x80000BC6] -> 0x04AA
[144] [M]: 0x80000BC4 (0x04AA8063) beq s5, a0, 64


mem[X,0x80000BC8] -> 0x8593
mem[X,0x80000BCA] -> 0x0025
[145] [M]: 0x80000BC8 (0x00258593) addi a1, a1, 2
x11 <- 0x00000002


mem[X,0x80000BCC] -> 0x006F
mem[X,0x80000BCE] -> 0x0400
[146] [M]: 0x80000BCC (0x0400006F) jal zero, 64


mem[X,0x80000C0C] -> 0xA023
mem[X,0x80000C0E] -> 0x02B2
[147] [M]: 0x80000C0C (0x02B2A023) sw a1, 32(t0)
mem[0x80039234] <- 0x00000002


mem[X,0x80000C10] -> 0x0F13
mem[X,0x80000C12] -> 0x0060
[148] [M]: 0x80000C10 (0x00600F13) addi t5, zero, 6
x30 <- 0x00000006


mem[X,0x80000C14] -> 0x0B93
mem[X,0x80000C16] -> 0x0040
[149] [M]: 0x80000C14 (0x00400B93) addi s7, zero, 4
x23 <- 0x00000004


mem[X,0x80000C18] -> 0x0593
mem[X,0x80000C1A] -> 0x0000
[150] [M]: 0x80000C18 (0x00000593) addi a1, zero, 0
x11 <- 0x00000000


mem[X,0x80000C1C] -> 0x006F
mem[X,0x80000C1E] -> 0x00C0
[151] [M]: 0x80000C1C (0x00C0006F) jal zero, 12


mem[X,0x80000C28] -> 0x0063
mem[X,0x80000C2A] -> 0x057F
[152] [M]: 0x80000C28 (0x057F0063) beq t5, s7, 64


mem[X,0x80000C2C] -> 0x8593
mem[X,0x80000C2E] -> 0x0025
[153] [M]: 0x80000C2C (0x00258593) addi a1, a1, 2
x11 <- 0x00000002


mem[X,0x80000C30] -> 0x006F
mem[X,0x80000C32] -> 0x0400
[154] [M]: 0x80000C30 (0x0400006F) jal zero, 64


mem[X,0x80000C70] -> 0xA223
mem[X,0x80000C72] -> 0x02B2
[155] [M]: 0x80000C70 (0x02B2A223) sw a1, 36(t0)
mem[0x80039238] <- 0x00000002


mem[X,0x80000C74] -> 0xF1B7
mem[X,0x80000C76] -> 0xFFFF
[156] [M]: 0x80000C74 (0xFFFFF1B7) lui gp, 1048575
x3 <- 0xFFFFF000


mem[X,0x80000C78] -> 0x8193
mem[X,0x80000C7A] -> 0xFFF1
[157] [M]: 0x80000C78 (0xFFF18193) addi gp, gp, 4095
x3 <- 0xFFFFEFFF


mem[X,0x80000C7C] -> 0x0893
mem[X,0x80000C7E] -> 0x0080
[158] [M]: 0x80000C7C (0x00800893) addi a7, zero, 8
x17 <- 0x00000008


mem[X,0x80000C80] -> 0x0593
mem[X,0x80000C82] -> 0x0000
[159] [M]: 0x80000C80 (0x00000593) addi a1, zero, 0
x11 <- 0x00000000


mem[X,0x80000C84] -> 0x006F
mem[X,0x80000C86] -> 0x00C0
[160] [M]: 0x80000C84 (0x00C0006F) jal zero, 12


mem[X,0x80000C90] -> 0x8CE3
mem[X,0x80000C92] -> 0xFF11
[161] [M]: 0x80000C90 (0xFF118CE3) beq gp, a7, 8184


mem[X,0x80000C94] -> 0x8593
mem[X,0x80000C96] -> 0x0025
[162] [M]: 0x80000C94 (0x00258593) addi a1, a1, 2
x11 <- 0x00000002


mem[X,0x80000C98] -> 0x006F
mem[X,0x80000C9A] -> 0x00C0
[163] [M]: 0x80000C98 (0x00C0006F) jal zero, 12


mem[X,0x80000CA4] -> 0xA423
mem[X,0x80000CA6] -> 0x02B2
[164] [M]: 0x80000CA4 (0x02B2A423) sw a1, 40(t0)
mem[0x8003923C] <- 0x00000002


mem[X,0x80000CA8] -> 0x0E93
mem[X,0x80000CAA] -> 0x0060
[165] [M]: 0x80000CA8 (0x00600E93) addi t4, zero, 6
x29 <- 0x00000006


mem[X,0x80000CAC] -> 0x0E13
mem[X,0x80000CAE] -> 0x0100
[166] [M]: 0x80000CAC (0x01000E13) addi t3, zero, 16
x28 <- 0x00000010


mem[X,0x80000CB0] -> 0x0593
mem[X,0x80000CB2] -> 0x0000
[167] [M]: 0x80000CB0 (0x00000593) addi a1, zero, 0
x11 <- 0x00000000


mem[X,0x80000CB4] -> 0x006F
mem[X,0x80000CB6] -> 0x00C0
[168] [M]: 0x80000CB4 (0x00C0006F) jal zero, 12


mem[X,0x80000CC0] -> 0x8663
mem[X,0x80000CC2] -> 0x01CE
[169] [M]: 0x80000CC0 (0x01CE8663) beq t4, t3, 12


mem[X,0x80000CC4] -> 0x8593
mem[X,0x80000CC6] -> 0x0025
[170] [M]: 0x80000CC4 (0x00258593) addi a1, a1, 2
x11 <- 0x00000002


mem[X,0x80000CC8] -> 0x006F
mem[X,0x80000CCA] -> 0x00C0
[171] [M]: 0x80000CC8 (0x00C0006F) jal zero, 12


mem[X,0x80000CD4] -> 0xA623
mem[X,0x80000CD6] -> 0x02B2
[172] [M]: 0x80000CD4 (0x02B2A623) sw a1, 44(t0)
mem[0x80039240] <- 0x00000002


mem[X,0x80000CD8] -> 0xE837
mem[X,0x80000CDA] -> 0xFFFF
[173] [M]: 0x80000CD8 (0xFFFFE837) lui a6, 1048574
x16 <- 0xFFFFE000


mem[X,0x80000CDC] -> 0x0813
mem[X,0x80000CDE] -> 0xFFF8
[174] [M]: 0x80000CDC (0xFFF80813) addi a6, a6, 4095
x16 <- 0xFFFFDFFF


mem[X,0x80000CE0] -> 0x0913
mem[X,0x80000CE2] -> 0x0200
[175] [M]: 0x80000CE0 (0x02000913) addi s2, zero, 32
x18 <- 0x00000020


mem[X,0x80000CE4] -> 0x0593
mem[X,0x80000CE6] -> 0x0000
[176] [M]: 0x80000CE4 (0x00000593) addi a1, zero, 0
x11 <- 0x00000000


mem[X,0x80000CE8] -> 0x006F
mem[X,0x80000CEA] -> 0x0050
[177] [M]: 0x80000CE8 (0x0050006F) jal zero, 2052


mem[X,0x800014EC] -> 0x00E3
mem[X,0x800014EE] -> 0x8128
[178] [M]: 0x800014EC (0x812800E3) beq a6, s2, 6144


mem[X,0x800014F0] -> 0x8593
mem[X,0x800014F2] -> 0x0025
[179] [M]: 0x800014F0 (0x00258593) addi a1, a1, 2
x11 <- 0x00000002


mem[X,0x800014F4] -> 0x006F
mem[X,0x800014F6] -> 0x00C0
[180] [M]: 0x800014F4 (0x00C0006F) jal zero, 12


mem[X,0x80001500] -> 0xA823
mem[X,0x80001502] -> 0x02B2
[181] [M]: 0x80001500 (0x02B2A823) sw a1, 48(t0)
mem[0x80039244] <- 0x00000002


mem[X,0x80001504] -> 0x0793
mem[X,0x80001506] -> 0x2000
[182] [M]: 0x80001504 (0x20000793) addi a5, zero, 512
x15 <- 0x00000200


mem[X,0x80001508] -> 0x0C13
mem[X,0x8000150A] -> 0x0400
[183] [M]: 0x80001508 (0x04000C13) addi s8, zero, 64
x24 <- 0x00000040


mem[X,0x8000150C] -> 0x0593
mem[X,0x8000150E] -> 0x0000
[184] [M]: 0x8000150C (0x00000593) addi a1, zero, 0
x11 <- 0x00000000


mem[X,0x80001510] -> 0x006F
mem[X,0x80001512] -> 0x00C0
[185] [M]: 0x80001510 (0x00C0006F) jal zero, 12


mem[X,0x8000151C] -> 0x8063
mem[X,0x8000151E] -> 0x1187
[186] [M]: 0x8000151C (0x11878063) beq a5, s8, 256


mem[X,0x80001520] -> 0x8593
mem[X,0x80001522] -> 0x0025
[187] [M]: 0x80001520 (0x00258593) addi a1, a1, 2
x11 <- 0x00000002


mem[X,0x80001524] -> 0x006F
mem[X,0x80001526] -> 0x1000
[188] [M]: 0x80001524 (0x1000006F) jal zero, 256


mem[X,0x80001624] -> 0xAA23
mem[X,0x80001626] -> 0x02B2
[189] [M]: 0x80001624 (0x02B2AA23) sw a1, 52(t0)
mem[0x80039248] <- 0x00000002


mem[X,0x80001628] -> 0x0893
mem[X,0x8000162A] -> 0x0000
[190] [M]: 0x80001628 (0x00000893) addi a7, zero, 0
x17 <- 0x00000000


mem[X,0x8000162C] -> 0x0313
mem[X,0x8000162E] -> 0x1000
[191] [M]: 0x8000162C (0x10000313) addi t1, zero, 256
x6 <- 0x00000100


mem[X,0x80001630] -> 0x0593
mem[X,0x80001632] -> 0x0000
[192] [M]: 0x80001630 (0x00000593) addi a1, zero, 0
x11 <- 0x00000000


mem[X,0x80001634] -> 0x006F
mem[X,0x80001636] -> 0x00C0
[193] [M]: 0x80001634 (0x00C0006F) jal zero, 12


mem[X,0x80001640] -> 0x8863
mem[X,0x80001642] -> 0x0068
[194] [M]: 0x80001640 (0x00688863) beq a7, t1, 16


mem[X,0x80001644] -> 0x8593
mem[X,0x80001646] -> 0x0025
[195] [M]: 0x80001644 (0x00258593) addi a1, a1, 2
x11 <- 0x00000002


mem[X,0x80001648] -> 0x006F
mem[X,0x8000164A] -> 0x0100
[196] [M]: 0x80001648 (0x0100006F) jal zero, 16


mem[X,0x80001658] -> 0xAC23
mem[X,0x8000165A] -> 0x02B2
[197] [M]: 0x80001658 (0x02B2AC23) sw a1, 56(t0)
mem[0x8003924C] <- 0x00000002


mem[X,0x8000165C] -> 0x23B7
mem[X,0x8000165E] -> 0x0000
[198] [M]: 0x8000165C (0x000023B7) lui t2, 2
x7 <- 0x00002000


mem[X,0x80001660] -> 0x0613
mem[X,0x80001662] -> 0x2000
[199] [M]: 0x80001660 (0x20000613) addi a2, zero, 512
x12 <- 0x00000200


clint::tick mtime <- 0x0000000000000002
 clint timer pending at mtime 0x0000000000000002
htif::tick 0x0000000000000000
mem[X,0x80001664] -> 0x0593
mem[X,0x80001666] -> 0x0000
[200] [M]: 0x80001664 (0x00000593) addi a1, zero, 0
x11 <- 0x00000000


mem[X,0x80001668] -> 0x006F
mem[X,0x8000166A] -> 0x0180
[201] [M]: 0x80001668 (0x0180006F) jal zero, 24


mem[X,0x80001680] -> 0x86E3
mem[X,0x80001682] -> 0xFEC3
[202] [M]: 0x80001680 (0xFEC386E3) beq t2, a2, 8172


mem[X,0x80001684] -> 0x8593
mem[X,0x80001686] -> 0x0025
[203] [M]: 0x80001684 (0x00258593) addi a1, a1, 2
x11 <- 0x00000002


mem[X,0x80001688] -> 0x006F
mem[X,0x8000168A] -> 0x00C0
[204] [M]: 0x80001688 (0x00C0006F) jal zero, 12


mem[X,0x80001694] -> 0xAE23
mem[X,0x80001696] -> 0x02B2
[205] [M]: 0x80001694 (0x02B2AE23) sw a1, 60(t0)
mem[0x80039250] <- 0x00000002


mem[X,0x80001698] -> 0x0C93
mem[X,0x8000169A] -> 0x0060
[206] [M]: 0x80001698 (0x00600C93) addi s9, zero, 6
x25 <- 0x00000006


mem[X,0x8000169C] -> 0x0813
mem[X,0x8000169E] -> 0x4000
[207] [M]: 0x8000169C (0x40000813) addi a6, zero, 1024
x16 <- 0x00000400


mem[X,0x800016A0] -> 0x0593
mem[X,0x800016A2] -> 0x0000
[208] [M]: 0x800016A0 (0x00000593) addi a1, zero, 0
x11 <- 0x00000000


mem[X,0x800016A4] -> 0x006F
mem[X,0x800016A6] -> 0x00C0
[209] [M]: 0x800016A4 (0x00C0006F) jal zero, 12


mem[X,0x800016B0] -> 0x8063
mem[X,0x800016B2] -> 0x090C
[210] [M]: 0x800016B0 (0x090C8063) beq s9, a6, 128


mem[X,0x800016B4] -> 0x8593
mem[X,0x800016B6] -> 0x0025
[211] [M]: 0x800016B4 (0x00258593) addi a1, a1, 2
x11 <- 0x00000002


mem[X,0x800016B8] -> 0x006F
mem[X,0x800016BA] -> 0x0800
[212] [M]: 0x800016B8 (0x0800006F) jal zero, 128


mem[X,0x80001738] -> 0xA023
mem[X,0x8000173A] -> 0x04B2
[213] [M]: 0x80001738 (0x04B2A023) sw a1, 64(t0)
mem[0x80039254] <- 0x00000002


mem[X,0x8000173C] -> 0x0E13
mem[X,0x8000173E] -> 0x0040
[214] [M]: 0x8000173C (0x00400E13) addi t3, zero, 4
x28 <- 0x00000004


mem[X,0x80001740] -> 0x10B7
mem[X,0x80001742] -> 0x0000
[215] [M]: 0x80001740 (0x000010B7) lui ra, 1
x1 <- 0x00001000


mem[X,0x80001744] -> 0x8093
mem[X,0x80001746] -> 0x8000
[216] [M]: 0x80001744 (0x80008093) addi ra, ra, 2048
x1 <- 0x00000800


mem[X,0x80001748] -> 0x0593
mem[X,0x8000174A] -> 0x0000
[217] [M]: 0x80001748 (0x00000593) addi a1, zero, 0
x11 <- 0x00000000


mem[X,0x8000174C] -> 0x006F
mem[X,0x8000174E] -> 0x0100
[218] [M]: 0x8000174C (0x0100006F) jal zero, 16


mem[X,0x8000175C] -> 0x0AE3
mem[X,0x8000175E] -> 0xFE1E
[219] [M]: 0x8000175C (0xFE1E0AE3) beq t3, ra, 8180


mem[X,0x80001760] -> 0x8593
mem[X,0x80001762] -> 0x0025
[220] [M]: 0x80001760 (0x00258593) addi a1, a1, 2
x11 <- 0x00000002


mem[X,0x80001764] -> 0x006F
mem[X,0x80001766] -> 0x00C0
[221] [M]: 0x80001764 (0x00C0006F) jal zero, 12


mem[X,0x80001770] -> 0xA223
mem[X,0x80001772] -> 0x04B2
[222] [M]: 0x80001770 (0x04B2A223) sw a1, 68(t0)
mem[0x80039258] <- 0x00000002


mem[X,0x80001774] -> 0x00B7
mem[X,0x80001776] -> 0xF800
[223] [M]: 0x80001774 (0xF80000B7) lui ra, 1015808
x1 <- 0xF8000000


mem[X,0x80001778] -> 0x8093
mem[X,0x8000177A] -> 0xFFF0
[224] [M]: 0x80001778 (0xFFF08093) addi ra, ra, 4095
x1 <- 0xF7FFFFFF


mem[X,0x8000177C] -> 0x1FB7
mem[X,0x8000177E] -> 0x0000
[225] [M]: 0x8000177C (0x00001FB7) lui t6, 1
x31 <- 0x00001000


mem[X,0x80001780] -> 0x0593
mem[X,0x80001782] -> 0x0000
[226] [M]: 0x80001780 (0x00000593) addi a1, zero, 0
x11 <- 0x00000000


mem[X,0x80001784] -> 0x006F
mem[X,0x80001786] -> 0x00C0
[227] [M]: 0x80001784 (0x00C0006F) jal zero, 12


mem[X,0x80001790] -> 0x8CE3
mem[X,0x80001792] -> 0xFFF0
[228] [M]: 0x80001790 (0xFFF08CE3) beq ra, t6, 8184


mem[X,0x80001794] -> 0x8593
mem[X,0x80001796] -> 0x0025
[229] [M]: 0x80001794 (0x00258593) addi a1, a1, 2
x11 <- 0x00000002


mem[X,0x80001798] -> 0x006F
mem[X,0x8000179A] -> 0x00C0
[230] [M]: 0x80001798 (0x00C0006F) jal zero, 12


mem[X,0x800017A4] -> 0xA423
mem[X,0x800017A6] -> 0x04B2
[231] [M]: 0x800017A4 (0x04B2A423) sw a1, 72(t0)
mem[0x8003925C] <- 0x00000002


mem[X,0x800017A8] -> 0x0213
mem[X,0x800017AA] -> 0xDFF0
[232] [M]: 0x800017A8 (0xDFF00213) addi tp, zero, 3583
x4 <- 0xFFFFFDFF


mem[X,0x800017AC] -> 0x4B37
mem[X,0x800017AE] -> 0x0000
[233] [M]: 0x800017AC (0x00004B37) lui s6, 4
x22 <- 0x00004000


mem[X,0x800017B0] -> 0x0113
mem[X,0x800017B2] -> 0x0000
[234] [M]: 0x800017B0 (0x00000113) addi sp, zero, 0
x2 <- 0x00000000


mem[X,0x800017B4] -> 0x006F
mem[X,0x800017B6] -> 0x00C0
[235] [M]: 0x800017B4 (0x00C0006F) jal zero, 12


mem[X,0x800017C0] -> 0x0CE3
mem[X,0x800017C2] -> 0xFF62
[236] [M]: 0x800017C0 (0xFF620CE3) beq tp, s6, 8184


mem[X,0x800017C4] -> 0x0113
mem[X,0x800017C6] -> 0x0021
[237] [M]: 0x800017C4 (0x00210113) addi sp, sp, 2
x2 <- 0x00000002


mem[X,0x800017C8] -> 0x006F
mem[X,0x800017CA] -> 0x00C0
[238] [M]: 0x800017C8 (0x00C0006F) jal zero, 12


mem[X,0x800017D4] -> 0xA623
mem[X,0x800017D6] -> 0x0422
[239] [M]: 0x800017D4 (0x0422A623) sw sp, 76(t0)
mem[0x80039260] <- 0x00000002


mem[X,0x800017D8] -> 0x06B7
mem[X,0x800017DA] -> 0x0010
[240] [M]: 0x800017D8 (0x001006B7) lui a3, 256
x13 <- 0x00100000


mem[X,0x800017DC] -> 0x0013
mem[X,0x800017DE] -> 0x0000
[241] [M]: 0x800017DC (0x00000013) addi zero, zero, 0


mem[X,0x800017E0] -> 0x0113
mem[X,0x800017E2] -> 0x0000
[242] [M]: 0x800017E0 (0x00000113) addi sp, zero, 0
x2 <- 0x00000000


mem[X,0x800017E4] -> 0x006F
mem[X,0x800017E6] -> 0x00C0
[243] [M]: 0x800017E4 (0x00C0006F) jal zero, 12


mem[X,0x800017F0] -> 0x8063
mem[X,0x800017F2] -> 0x1006
[244] [M]: 0x800017F0 (0x10068063) beq a3, zero, 256


mem[X,0x800017F4] -> 0x0113
mem[X,0x800017F6] -> 0x0021
[245] [M]: 0x800017F4 (0x00210113) addi sp, sp, 2
x2 <- 0x00000002


mem[X,0x800017F8] -> 0x006F
mem[X,0x800017FA] -> 0x1000
[246] [M]: 0x800017F8 (0x1000006F) jal zero, 256


mem[X,0x800018F8] -> 0xA823
mem[X,0x800018FA] -> 0x0422
[247] [M]: 0x800018F8 (0x0422A823) sw sp, 80(t0)
mem[0x80039264] <- 0x00000002


mem[X,0x800018FC] -> 0x8097
mem[X,0x800018FE] -> 0x0003
[248] [M]: 0x800018FC (0x00038097) auipc ra, 56
x1 <- 0x800398FC


mem[X,0x80001900] -> 0x8093
mem[X,0x80001902] -> 0x96C0
[249] [M]: 0x80001900 (0x96C08093) addi ra, ra, 2412
x1 <- 0x80039268


mem[X,0x80001904] -> 0x0F93
mem[X,0x80001906] -> 0xFFF0
[250] [M]: 0x80001904 (0xFFF00F93) addi t6, zero, 4095
x31 <- 0xFFFFFFFF


mem[X,0x80001908] -> 0x0D37
mem[X,0x8000190A] -> 0x0001
[251] [M]: 0x80001908 (0x00010D37) lui s10, 16
x26 <- 0x00010000


mem[X,0x8000190C] -> 0x0113
mem[X,0x8000190E] -> 0x0000
[252] [M]: 0x8000190C (0x00000113) addi sp, zero, 0
x2 <- 0x00000000


mem[X,0x80001910] -> 0x006F
mem[X,0x80001912] -> 0x0180
[253] [M]: 0x80001910 (0x0180006F) jal zero, 24


mem[X,0x80001928] -> 0x86E3
mem[X,0x8000192A] -> 0xFFAF
[254] [M]: 0x80001928 (0xFFAF86E3) beq t6, s10, 8172


mem[X,0x8000192C] -> 0x0113
mem[X,0x8000192E] -> 0x0021
[255] [M]: 0x8000192C (0x00210113) addi sp, sp, 2
x2 <- 0x00000002


mem[X,0x80001930] -> 0x006F
mem[X,0x80001932] -> 0x00C0
[256] [M]: 0x80001930 (0x00C0006F) jal zero, 12


mem[X,0x8000193C] -> 0xA023
mem[X,0x8000193E] -> 0x0020
[257] [M]: 0x8000193C (0x0020A023) sw sp, 0(ra)
mem[0x80039268] <- 0x00000002


mem[X,0x80001940] -> 0x02B7
mem[X,0x80001942] -> 0x0400
[258] [M]: 0x80001940 (0x040002B7) lui t0, 16384
x5 <- 0x04000000


mem[X,0x80001944] -> 0x0DB7
mem[X,0x80001946] -> 0x0008
[259] [M]: 0x80001944 (0x00080DB7) lui s11, 128
x27 <- 0x00080000


mem[X,0x80001948] -> 0x0113
mem[X,0x8000194A] -> 0x0000
[260] [M]: 0x80001948 (0x00000113) addi sp, zero, 0
x2 <- 0x00000000


mem[X,0x8000194C] -> 0x006F
mem[X,0x8000194E] -> 0x00C0
[261] [M]: 0x8000194C (0x00C0006F) jal zero, 12


mem[X,0x80001958] -> 0x8CE3
mem[X,0x8000195A] -> 0xFFB2
[262] [M]: 0x80001958 (0xFFB28CE3) beq t0, s11, 8184


mem[X,0x8000195C] -> 0x0113
mem[X,0x8000195E] -> 0x0021
[263] [M]: 0x8000195C (0x00210113) addi sp, sp, 2
x2 <- 0x00000002


mem[X,0x80001960] -> 0x006F
mem[X,0x80001962] -> 0x00C0
[264] [M]: 0x80001960 (0x00C0006F) jal zero, 12


mem[X,0x8000196C] -> 0xA223
mem[X,0x8000196E] -> 0x0020
[265] [M]: 0x8000196C (0x0020A223) sw sp, 4(ra)
mem[0x8003926C] <- 0x00000002


mem[X,0x80001970] -> 0xCBB7
mem[X,0x80001972] -> 0xFFFF
[266] [M]: 0x80001970 (0xFFFFCBB7) lui s7, 1048572
x23 <- 0xFFFFC000


mem[X,0x80001974] -> 0x8B93
mem[X,0x80001976] -> 0xFFFB
[267] [M]: 0x80001974 (0xFFFB8B93) addi s7, s7, 4095
x23 <- 0xFFFFBFFF


mem[X,0x80001978] -> 0x0EB7
mem[X,0x8000197A] -> 0x0010
[268] [M]: 0x80001978 (0x00100EB7) lui t4, 256
x29 <- 0x00100000


mem[X,0x8000197C] -> 0x0113
mem[X,0x8000197E] -> 0x0000
[269] [M]: 0x8000197C (0x00000113) addi sp, zero, 0
x2 <- 0x00000000


mem[X,0x80001980] -> 0x006F
mem[X,0x80001982] -> 0x00C0
[270] [M]: 0x80001980 (0x00C0006F) jal zero, 12


mem[X,0x8000198C] -> 0x8663
mem[X,0x8000198E] -> 0x01DB
[271] [M]: 0x8000198C (0x01DB8663) beq s7, t4, 12


mem[X,0x80001990] -> 0x0113
mem[X,0x80001992] -> 0x0021
[272] [M]: 0x80001990 (0x00210113) addi sp, sp, 2
x2 <- 0x00000002


mem[X,0x80001994] -> 0x006F
mem[X,0x80001996] -> 0x00C0
[273] [M]: 0x80001994 (0x00C0006F) jal zero, 12


mem[X,0x800019A0] -> 0xA423
mem[X,0x800019A2] -> 0x0020
[274] [M]: 0x800019A0 (0x0020A423) sw sp, 8(ra)
mem[0x80039270] <- 0x00000002


mem[X,0x800019A4] -> 0x0737
mem[X,0x800019A6] -> 0xFF00
[275] [M]: 0x800019A4 (0xFF000737) lui a4, 1044480
x14 <- 0xFF000000


mem[X,0x800019A8] -> 0x0713
mem[X,0x800019AA] -> 0xFFF7
[276] [M]: 0x800019A8 (0xFFF70713) addi a4, a4, 4095
x14 <- 0xFEFFFFFF


mem[X,0x800019AC] -> 0x05B7
mem[X,0x800019AE] -> 0x0020
[277] [M]: 0x800019AC (0x002005B7) lui a1, 512
x11 <- 0x00200000


mem[X,0x800019B0] -> 0x0113
mem[X,0x800019B2] -> 0x0000
[278] [M]: 0x800019B0 (0x00000113) addi sp, zero, 0
x2 <- 0x00000000


mem[X,0x800019B4] -> 0x006F
mem[X,0x800019B6] -> 0x0100
[279] [M]: 0x800019B4 (0x0100006F) jal zero, 16


mem[X,0x800019C4] -> 0x0AE3
mem[X,0x800019C6] -> 0xFEB7
[280] [M]: 0x800019C4 (0xFEB70AE3) beq a4, a1, 8180


mem[X,0x800019C8] -> 0x0113
mem[X,0x800019CA] -> 0x0021
[281] [M]: 0x800019C8 (0x00210113) addi sp, sp, 2
x2 <- 0x00000002


mem[X,0x800019CC] -> 0x006F
mem[X,0x800019CE] -> 0x00C0
[282] [M]: 0x800019CC (0x00C0006F) jal zero, 12


mem[X,0x800019D8] -> 0xA623
mem[X,0x800019DA] -> 0x0020
[283] [M]: 0x800019D8 (0x0020A623) sw sp, 12(ra)
mem[0x80039274] <- 0x00000002


mem[X,0x800019DC] -> 0xFDB7
mem[X,0x800019DE] -> 0xFFFF
[284] [M]: 0x800019DC (0xFFFFFDB7) lui s11, 1048575
x27 <- 0xFFFFF000


mem[X,0x800019E0] -> 0x8D93
mem[X,0x800019E2] -> 0x7FFD
[285] [M]: 0x800019E0 (0x7FFD8D93) addi s11, s11, 2047
x27 <- 0xFFFFF7FF


mem[X,0x800019E4] -> 0x03B7
mem[X,0x800019E6] -> 0x0040
[286] [M]: 0x800019E4 (0x004003B7) lui t2, 1024
x7 <- 0x00400000


mem[X,0x800019E8] -> 0x0113
mem[X,0x800019EA] -> 0x0000
[287] [M]: 0x800019E8 (0x00000113) addi sp, zero, 0
x2 <- 0x00000000


mem[X,0x800019EC] -> 0x006F
mem[X,0x800019EE] -> 0x0140
[288] [M]: 0x800019EC (0x0140006F) jal zero, 20


mem[X,0x80001A00] -> 0x88E3
mem[X,0x80001A02] -> 0xFE7D
[289] [M]: 0x80001A00 (0xFE7D88E3) beq s11, t2, 8176


mem[X,0x80001A04] -> 0x0113
mem[X,0x80001A06] -> 0x0021
[290] [M]: 0x80001A04 (0x00210113) addi sp, sp, 2
x2 <- 0x00000002


mem[X,0x80001A08] -> 0x006F
mem[X,0x80001A0A] -> 0x00C0
[291] [M]: 0x80001A08 (0x00C0006F) jal zero, 12


mem[X,0x80001A14] -> 0xA823
mem[X,0x80001A16] -> 0x0020
[292] [M]: 0x80001A14 (0x0020A823) sw sp, 16(ra)
mem[0x80039278] <- 0x00000002


mem[X,0x80001A18] -> 0x3537
mem[X,0x80001A1A] -> 0x3333
[293] [M]: 0x80001A18 (0x33333537) lui a0, 209715
x10 <- 0x33333000


mem[X,0x80001A1C] -> 0x0513
mem[X,0x80001A1E] -> 0x3335
[294] [M]: 0x80001A1C (0x33350513) addi a0, a0, 819
x10 <- 0x33333333


mem[X,0x80001A20] -> 0x0437
mem[X,0x80001A22] -> 0x0080
[295] [M]: 0x80001A20 (0x00800437) lui fp, 2048
x8 <- 0x00800000


mem[X,0x80001A24] -> 0x0113
mem[X,0x80001A26] -> 0x0000
[296] [M]: 0x80001A24 (0x00000113) addi sp, zero, 0
x2 <- 0x00000000


mem[X,0x80001A28] -> 0x006F
mem[X,0x80001A2A] -> 0x00C0
[297] [M]: 0x80001A28 (0x00C0006F) jal zero, 12


mem[X,0x80001A34] -> 0x0063
mem[X,0x80001A36] -> 0x0885
[298] [M]: 0x80001A34 (0x08850063) beq a0, fp, 128


mem[X,0x80001A38] -> 0x0113
mem[X,0x80001A3A] -> 0x0021
[299] [M]: 0x80001A38 (0x00210113) addi sp, sp, 2
x2 <- 0x00000002


clint::tick mtime <- 0x0000000000000003
 clint timer pending at mtime 0x0000000000000003
htif::tick 0x0000000000000000
mem[X,0x80001A3C] -> 0x006F
mem[X,0x80001A3E] -> 0x0800
[300] [M]: 0x80001A3C (0x0800006F) jal zero, 128


mem[X,0x80001ABC] -> 0xAA23
mem[X,0x80001ABE] -> 0x0020
[301] [M]: 0x80001ABC (0x0020AA23) sw sp, 20(ra)
mem[0x8003927C] <- 0x00000002


mem[X,0x80001AC0] -> 0x0637
mem[X,0x80001AC2] -> 0xFFE0
[302] [M]: 0x80001AC0 (0xFFE00637) lui a2, 1048064
x12 <- 0xFFE00000


mem[X,0x80001AC4] -> 0x0613
mem[X,0x80001AC6] -> 0xFFF6
[303] [M]: 0x80001AC4 (0xFFF60613) addi a2, a2, 4095
x12 <- 0xFFDFFFFF


mem[X,0x80001AC8] -> 0x0AB7
mem[X,0x80001ACA] -> 0x0100
[304] [M]: 0x80001AC8 (0x01000AB7) lui s5, 4096
x21 <- 0x01000000


mem[X,0x80001ACC] -> 0x0113
mem[X,0x80001ACE] -> 0x0000
[305] [M]: 0x80001ACC (0x00000113) addi sp, zero, 0
x2 <- 0x00000000


mem[X,0x80001AD0] -> 0x006F
mem[X,0x80001AD2] -> 0x00C0
[306] [M]: 0x80001AD0 (0x00C0006F) jal zero, 12


mem[X,0x80001ADC] -> 0x0663
mem[X,0x80001ADE] -> 0x0156
[307] [M]: 0x80001ADC (0x01560663) beq a2, s5, 12


mem[X,0x80001AE0] -> 0x0113
mem[X,0x80001AE2] -> 0x0021
[308] [M]: 0x80001AE0 (0x00210113) addi sp, sp, 2
x2 <- 0x00000002


mem[X,0x80001AE4] -> 0x006F
mem[X,0x80001AE6] -> 0x00C0
[309] [M]: 0x80001AE4 (0x00C0006F) jal zero, 12


mem[X,0x80001AF0] -> 0xAC23
mem[X,0x80001AF2] -> 0x0020
[310] [M]: 0x80001AF0 (0x0020AC23) sw sp, 24(ra)
mem[0x80039280] <- 0x00000002


mem[X,0x80001AF4] -> 0x0937
mem[X,0x80001AF6] -> 0xFFFE
[311] [M]: 0x80001AF4 (0xFFFE0937) lui s2, 1048544
x18 <- 0xFFFE0000


mem[X,0x80001AF8] -> 0x0913
mem[X,0x80001AFA] -> 0xFFF9
[312] [M]: 0x80001AF8 (0xFFF90913) addi s2, s2, 4095
x18 <- 0xFFFDFFFF


mem[X,0x80001AFC] -> 0x06B7
mem[X,0x80001AFE] -> 0x0200
[313] [M]: 0x80001AFC (0x020006B7) lui a3, 8192
x13 <- 0x02000000


mem[X,0x80001B00] -> 0x0113
mem[X,0x80001B02] -> 0x0000
[314] [M]: 0x80001B00 (0x00000113) addi sp, zero, 0
x2 <- 0x00000000


mem[X,0x80001B04] -> 0x006F
mem[X,0x80001B06] -> 0x00C0
[315] [M]: 0x80001B04 (0x00C0006F) jal zero, 12


mem[X,0x80001B10] -> 0x0CE3
mem[X,0x80001B12] -> 0xFED9
[316] [M]: 0x80001B10 (0xFED90CE3) beq s2, a3, 8184


mem[X,0x80001B14] -> 0x0113
mem[X,0x80001B16] -> 0x0021
[317] [M]: 0x80001B14 (0x00210113) addi sp, sp, 2
x2 <- 0x00000002


mem[X,0x80001B18] -> 0x006F
mem[X,0x80001B1A] -> 0x00C0
[318] [M]: 0x80001B18 (0x00C0006F) jal zero, 12


mem[X,0x80001B24] -> 0xAE23
mem[X,0x80001B26] -> 0x0020
[319] [M]: 0x80001B24 (0x0020AE23) sw sp, 28(ra)
mem[0x80039284] <- 0x00000002


mem[X,0x80001B28] -> 0x84B7
mem[X,0x80001B2A] -> 0x0000
[320] [M]: 0x80001B28 (0x000084B7) lui s1, 8
x9 <- 0x00008000


mem[X,0x80001B2C] -> 0x02B7
mem[X,0x80001B2E] -> 0x0400
[321] [M]: 0x80001B2C (0x040002B7) lui t0, 16384
x5 <- 0x04000000


mem[X,0x80001B30] -> 0x0113
mem[X,0x80001B32] -> 0x0000
[322] [M]: 0x80001B30 (0x00000113) addi sp, zero, 0
x2 <- 0x00000000


mem[X,0x80001B34] -> 0x006F
mem[X,0x80001B36] -> 0x00C0
[323] [M]: 0x80001B34 (0x00C0006F) jal zero, 12


mem[X,0x80001B40] -> 0x8063
mem[X,0x80001B42] -> 0x0254
[324] [M]: 0x80001B40 (0x02548063) beq s1, t0, 32


mem[X,0x80001B44] -> 0x0113
mem[X,0x80001B46] -> 0x0021
[325] [M]: 0x80001B44 (0x00210113) addi sp, sp, 2
x2 <- 0x00000002


mem[X,0x80001B48] -> 0x006F
mem[X,0x80001B4A] -> 0x0200
[326] [M]: 0x80001B48 (0x0200006F) jal zero, 32


mem[X,0x80001B68] -> 0xA023
mem[X,0x80001B6A] -> 0x0220
[327] [M]: 0x80001B68 (0x0220A023) sw sp, 32(ra)
mem[0x80039288] <- 0x00000002


mem[X,0x80001B6C] -> 0x0337
mem[X,0x80001B6E] -> 0x0100
[328] [M]: 0x80001B6C (0x01000337) lui t1, 4096
x6 <- 0x01000000


mem[X,0x80001B70] -> 0x01B7
mem[X,0x80001B72] -> 0x0800
[329] [M]: 0x80001B70 (0x080001B7) lui gp, 32768
x3 <- 0x08000000


mem[X,0x80001B74] -> 0x0113
mem[X,0x80001B76] -> 0x0000
[330] [M]: 0x80001B74 (0x00000113) addi sp, zero, 0
x2 <- 0x00000000


mem[X,0x80001B78] -> 0x006F
mem[X,0x80001B7A] -> 0x00C0
[331] [M]: 0x80001B78 (0x00C0006F) jal zero, 12


mem[X,0x80001B84] -> 0x0863
mem[X,0x80001B86] -> 0x0033
[332] [M]: 0x80001B84 (0x00330863) beq t1, gp, 16


mem[X,0x80001B88] -> 0x0113
mem[X,0x80001B8A] -> 0x0021
[333] [M]: 0x80001B88 (0x00210113) addi sp, sp, 2
x2 <- 0x00000002


mem[X,0x80001B8C] -> 0x006F
mem[X,0x80001B8E] -> 0x0100
[334] [M]: 0x80001B8C (0x0100006F) jal zero, 16


mem[X,0x80001B9C] -> 0xA223
mem[X,0x80001B9E] -> 0x0220
[335] [M]: 0x80001B9C (0x0220A223) sw sp, 36(ra)
mem[0x8003928C] <- 0x00000002


mem[X,0x80001BA0] -> 0x35B7
mem[X,0x80001BA2] -> 0x3333
[336] [M]: 0x80001BA0 (0x333335B7) lui a1, 209715
x11 <- 0x33333000


mem[X,0x80001BA4] -> 0x8593
mem[X,0x80001BA6] -> 0x3335
[337] [M]: 0x80001BA4 (0x33358593) addi a1, a1, 819
x11 <- 0x33333333


mem[X,0x80001BA8] -> 0x0A37
mem[X,0x80001BAA] -> 0x1000
[338] [M]: 0x80001BA8 (0x10000A37) lui s4, 65536
x20 <- 0x10000000


mem[X,0x80001BAC] -> 0x0113
mem[X,0x80001BAE] -> 0x0000
[339] [M]: 0x80001BAC (0x00000113) addi sp, zero, 0
x2 <- 0x00000000


mem[X,0x80001BB0] -> 0x006F
mem[X,0x80001BB2] -> 0x00C0
[340] [M]: 0x80001BB0 (0x00C0006F) jal zero, 12


mem[X,0x80001BBC] -> 0x8663
mem[X,0x80001BBE] -> 0x0145
[341] [M]: 0x80001BBC (0x01458663) beq a1, s4, 12


mem[X,0x80001BC0] -> 0x0113
mem[X,0x80001BC2] -> 0x0021
[342] [M]: 0x80001BC0 (0x00210113) addi sp, sp, 2
x2 <- 0x00000002


mem[X,0x80001BC4] -> 0x006F
mem[X,0x80001BC6] -> 0x00C0
[343] [M]: 0x80001BC4 (0x00C0006F) jal zero, 12


mem[X,0x80001BD0] -> 0xA423
mem[X,0x80001BD2] -> 0x0220
[344] [M]: 0x80001BD0 (0x0220A423) sw sp, 40(ra)
mem[0x80039290] <- 0x00000002


mem[X,0x80001BD4] -> 0x0513
mem[X,0x80001BD6] -> 0x0080
[345] [M]: 0x80001BD4 (0x00800513) addi a0, zero, 8
x10 <- 0x00000008


mem[X,0x80001BD8] -> 0x05B7
mem[X,0x80001BDA] -> 0x2000
[346] [M]: 0x80001BD8 (0x200005B7) lui a1, 131072
x11 <- 0x20000000


mem[X,0x80001BDC] -> 0x0113
mem[X,0x80001BDE] -> 0x0000
[347] [M]: 0x80001BDC (0x00000113) addi sp, zero, 0
x2 <- 0x00000000


mem[X,0x80001BE0] -> 0x006F
mem[X,0x80001BE2] -> 0x00C0
[348] [M]: 0x80001BE0 (0x00C0006F) jal zero, 12


mem[X,0x80001BEC] -> 0x0663
mem[X,0x80001BEE] -> 0x00B5
[349] [M]: 0x80001BEC (0x00B50663) beq a0, a1, 12


mem[X,0x80001BF0] -> 0x0113
mem[X,0x80001BF2] -> 0x0021
[350] [M]: 0x80001BF0 (0x00210113) addi sp, sp, 2
x2 <- 0x00000002


mem[X,0x80001BF4] -> 0x006F
mem[X,0x80001BF6] -> 0x00C0
[351] [M]: 0x80001BF4 (0x00C0006F) jal zero, 12


mem[X,0x80001C00] -> 0xA623
mem[X,0x80001C02] -> 0x0220
[352] [M]: 0x80001C00 (0x0220A623) sw sp, 44(ra)
mem[0x80039294] <- 0x00000002


mem[X,0x80001C04] -> 0x0513
mem[X,0x80001C06] -> 0xFF80
[353] [M]: 0x80001C04 (0xFF800513) addi a0, zero, 4088
x10 <- 0xFFFFFFF8


mem[X,0x80001C08] -> 0x05B7
mem[X,0x80001C0A] -> 0x4000
[354] [M]: 0x80001C08 (0x400005B7) lui a1, 262144
x11 <- 0x40000000


mem[X,0x80001C0C] -> 0x0113
mem[X,0x80001C0E] -> 0x0000
[355] [M]: 0x80001C0C (0x00000113) addi sp, zero, 0
x2 <- 0x00000000


mem[X,0x80001C10] -> 0x006F
mem[X,0x80001C12] -> 0x00C0
[356] [M]: 0x80001C10 (0x00C0006F) jal zero, 12


mem[X,0x80001C1C] -> 0x0063
mem[X,0x80001C1E] -> 0x20B5
[357] [M]: 0x80001C1C (0x20B50063) beq a0, a1, 512


mem[X,0x80001C20] -> 0x0113
mem[X,0x80001C22] -> 0x0021
[358] [M]: 0x80001C20 (0x00210113) addi sp, sp, 2
x2 <- 0x00000002


mem[X,0x80001C24] -> 0x006F
mem[X,0x80001C26] -> 0x2000
[359] [M]: 0x80001C24 (0x2000006F) jal zero, 512


mem[X,0x80001E24] -> 0xA823
mem[X,0x80001E26] -> 0x0220
[360] [M]: 0x80001E24 (0x0220A823) sw sp, 48(ra)
mem[0x80039298] <- 0x00000002


mem[X,0x80001E28] -> 0x0537
mem[X,0x80001E2A] -> 0x4000
[361] [M]: 0x80001E28 (0x40000537) lui a0, 262144
x10 <- 0x40000000


mem[X,0x80001E2C] -> 0x0513
mem[X,0x80001E2E] -> 0xFFF5
[362] [M]: 0x80001E2C (0xFFF50513) addi a0, a0, 4095
x10 <- 0x3FFFFFFF


mem[X,0x80001E30] -> 0x05B7
mem[X,0x80001E32] -> 0x8000
[363] [M]: 0x80001E30 (0x800005B7) lui a1, 524288
x11 <- 0x80000000


mem[X,0x80001E34] -> 0x0113
mem[X,0x80001E36] -> 0x0000
[364] [M]: 0x80001E34 (0x00000113) addi sp, zero, 0
x2 <- 0x00000000


mem[X,0x80001E38] -> 0x006F
mem[X,0x80001E3A] -> 0x00C0
[365] [M]: 0x80001E38 (0x00C0006F) jal zero, 12


mem[X,0x80001E44] -> 0x0063
mem[X,0x80001E46] -> 0x08B5
[366] [M]: 0x80001E44 (0x08B50063) beq a0, a1, 128


mem[X,0x80001E48] -> 0x0113
mem[X,0x80001E4A] -> 0x0021
[367] [M]: 0x80001E48 (0x00210113) addi sp, sp, 2
x2 <- 0x00000002


mem[X,0x80001E4C] -> 0x006F
mem[X,0x80001E4E] -> 0x0800
[368] [M]: 0x80001E4C (0x0800006F) jal zero, 128


mem[X,0x80001ECC] -> 0xAA23
mem[X,0x80001ECE] -> 0x0220
[369] [M]: 0x80001ECC (0x0220AA23) sw sp, 52(ra)
mem[0x8003929C] <- 0x00000002


mem[X,0x80001ED0] -> 0x0513
mem[X,0x80001ED2] -> 0x0040
[370] [M]: 0x80001ED0 (0x00400513) addi a0, zero, 4
x10 <- 0x00000004


mem[X,0x80001ED4] -> 0x0593
mem[X,0x80001ED6] -> 0xFFE0
[371] [M]: 0x80001ED4 (0xFFE00593) addi a1, zero, 4094
x11 <- 0xFFFFFFFE


mem[X,0x80001ED8] -> 0x0113
mem[X,0x80001EDA] -> 0x0000
[372] [M]: 0x80001ED8 (0x00000113) addi sp, zero, 0
x2 <- 0x00000000


mem[X,0x80001EDC] -> 0x006F
mem[X,0x80001EDE] -> 0x00C0
[373] [M]: 0x80001EDC (0x00C0006F) jal zero, 12


mem[X,0x80001EE8] -> 0x0663
mem[X,0x80001EEA] -> 0x00B5
[374] [M]: 0x80001EE8 (0x00B50663) beq a0, a1, 12


mem[X,0x80001EEC] -> 0x0113
mem[X,0x80001EEE] -> 0x0021
[375] [M]: 0x80001EEC (0x00210113) addi sp, sp, 2
x2 <- 0x00000002


mem[X,0x80001EF0] -> 0x006F
mem[X,0x80001EF2] -> 0x00C0
[376] [M]: 0x80001EF0 (0x00C0006F) jal zero, 12


mem[X,0x80001EFC] -> 0xAC23
mem[X,0x80001EFE] -> 0x0220
[377] [M]: 0x80001EFC (0x0220AC23) sw sp, 56(ra)
mem[0x800392A0] <- 0x00000002


mem[X,0x80001F00] -> 0x0537
mem[X,0x80001F02] -> 0x0020
[378] [M]: 0x80001F00 (0x00200537) lui a0, 512
x10 <- 0x00200000


mem[X,0x80001F04] -> 0x0593
mem[X,0x80001F06] -> 0xFFD0
[379] [M]: 0x80001F04 (0xFFD00593) addi a1, zero, 4093
x11 <- 0xFFFFFFFD


mem[X,0x80001F08] -> 0x0113
mem[X,0x80001F0A] -> 0x0000
[380] [M]: 0x80001F08 (0x00000113) addi sp, zero, 0
x2 <- 0x00000000


mem[X,0x80001F0C] -> 0x006F
mem[X,0x80001F0E] -> 0x00C0
[381] [M]: 0x80001F0C (0x00C0006F) jal zero, 12


mem[X,0x80001F18] -> 0x0CE3
mem[X,0x80001F1A] -> 0xFEB5
[382] [M]: 0x80001F18 (0xFEB50CE3) beq a0, a1, 8184


mem[X,0x80001F1C] -> 0x0113
mem[X,0x80001F1E] -> 0x0021
[383] [M]: 0x80001F1C (0x00210113) addi sp, sp, 2
x2 <- 0x00000002


mem[X,0x80001F20] -> 0x006F
mem[X,0x80001F22] -> 0x00C0
[384] [M]: 0x80001F20 (0x00C0006F) jal zero, 12


mem[X,0x80001F2C] -> 0xAE23
mem[X,0x80001F2E] -> 0x0220
[385] [M]: 0x80001F2C (0x0220AE23) sw sp, 60(ra)
mem[0x800392A4] <- 0x00000002


mem[X,0x80001F30] -> 0x0513
mem[X,0x80001F32] -> 0x0030
[386] [M]: 0x80001F30 (0x00300513) addi a0, zero, 3
x10 <- 0x00000003


mem[X,0x80001F34] -> 0x0593
mem[X,0x80001F36] -> 0xFFB0
[387] [M]: 0x80001F34 (0xFFB00593) addi a1, zero, 4091
x11 <- 0xFFFFFFFB


mem[X,0x80001F38] -> 0x0113
mem[X,0x80001F3A] -> 0x0000
[388] [M]: 0x80001F38 (0x00000113) addi sp, zero, 0
x2 <- 0x00000000


mem[X,0x80001F3C] -> 0x006F
mem[X,0x80001F3E] -> 0x00C0
[389] [M]: 0x80001F3C (0x00C0006F) jal zero, 12


mem[X,0x80001F48] -> 0x0663
mem[X,0x80001F4A] -> 0x00B5
[390] [M]: 0x80001F48 (0x00B50663) beq a0, a1, 12


mem[X,0x80001F4C] -> 0x0113
mem[X,0x80001F4E] -> 0x0021
[391] [M]: 0x80001F4C (0x00210113) addi sp, sp, 2
x2 <- 0x00000002


mem[X,0x80001F50] -> 0x006F
mem[X,0x80001F52] -> 0x00C0
[392] [M]: 0x80001F50 (0x00C0006F) jal zero, 12


mem[X,0x80001F5C] -> 0xA023
mem[X,0x80001F5E] -> 0x0420
[393] [M]: 0x80001F5C (0x0420A023) sw sp, 64(ra)
mem[0x800392A8] <- 0x00000002


mem[X,0x80001F60] -> 0xF537
mem[X,0x80001F62] -> 0xFFFF
[394] [M]: 0x80001F60 (0xFFFFF537) lui a0, 1048575
x10 <- 0xFFFFF000


mem[X,0x80001F64] -> 0x0513
mem[X,0x80001F66] -> 0xFFF5
[395] [M]: 0x80001F64 (0xFFF50513) addi a0, a0, 4095
x10 <- 0xFFFFEFFF


mem[X,0x80001F68] -> 0x0593
mem[X,0x80001F6A] -> 0xFF70
[396] [M]: 0x80001F68 (0xFF700593) addi a1, zero, 4087
x11 <- 0xFFFFFFF7


mem[X,0x80001F6C] -> 0x0113
mem[X,0x80001F6E] -> 0x0000
[397] [M]: 0x80001F6C (0x00000113) addi sp, zero, 0
x2 <- 0x00000000


mem[X,0x80001F70] -> 0x006F
mem[X,0x80001F72] -> 0x00C0
[398] [M]: 0x80001F70 (0x00C0006F) jal zero, 12


mem[X,0x80001F7C] -> 0x0663
mem[X,0x80001F7E] -> 0x00B5
[399] [M]: 0x80001F7C (0x00B50663) beq a0, a1, 12


clint::tick mtime <- 0x0000000000000004
 clint timer pending at mtime 0x0000000000000004
htif::tick 0x0000000000000000
mem[X,0x80001F80] -> 0x0113
mem[X,0x80001F82] -> 0x0021
[400] [M]: 0x80001F80 (0x00210113) addi sp, sp, 2
x2 <- 0x00000002


mem[X,0x80001F84] -> 0x006F
mem[X,0x80001F86] -> 0x00C0
[401] [M]: 0x80001F84 (0x00C0006F) jal zero, 12


mem[X,0x80001F90] -> 0xA223
mem[X,0x80001F92] -> 0x0420
[402] [M]: 0x80001F90 (0x0420A223) sw sp, 68(ra)
mem[0x800392AC] <- 0x00000002


mem[X,0x80001F94] -> 0x0537
mem[X,0x80001F96] -> 0x0008
[403] [M]: 0x80001F94 (0x00080537) lui a0, 128
x10 <- 0x00080000


mem[X,0x80001F98] -> 0x0593
mem[X,0x80001F9A] -> 0xFEF0
[404] [M]: 0x80001F98 (0xFEF00593) addi a1, zero, 4079
x11 <- 0xFFFFFFEF


mem[X,0x80001F9C] -> 0x0113
mem[X,0x80001F9E] -> 0x0000
[405] [M]: 0x80001F9C (0x00000113) addi sp, zero, 0
x2 <- 0x00000000


mem[X,0x80001FA0] -> 0x006F
mem[X,0x80001FA2] -> 0x00C0
[406] [M]: 0x80001FA0 (0x00C0006F) jal zero, 12


mem[X,0x80001FAC] -> 0x0663
mem[X,0x80001FAE] -> 0x00B5
[407] [M]: 0x80001FAC (0x00B50663) beq a0, a1, 12


mem[X,0x80001FB0] -> 0x0113
mem[X,0x80001FB2] -> 0x0021
[408] [M]: 0x80001FB0 (0x00210113) addi sp, sp, 2
x2 <- 0x00000002


mem[X,0x80001FB4] -> 0x006F
mem[X,0x80001FB6] -> 0x00C0
[409] [M]: 0x80001FB4 (0x00C0006F) jal zero, 12


mem[X,0x80001FC0] -> 0xA423
mem[X,0x80001FC2] -> 0x0420
[410] [M]: 0x80001FC0 (0x0420A423) sw sp, 72(ra)
mem[0x800392B0] <- 0x00000002


mem[X,0x80001FC4] -> 0x0537
mem[X,0x80001FC6] -> 0xFFFE
[411] [M]: 0x80001FC4 (0xFFFE0537) lui a0, 1048544
x10 <- 0xFFFE0000


mem[X,0x80001FC8] -> 0x0513
mem[X,0x80001FCA] -> 0xFFF5
[412] [M]: 0x80001FC8 (0xFFF50513) addi a0, a0, 4095
x10 <- 0xFFFDFFFF


mem[X,0x80001FCC] -> 0x0593
mem[X,0x80001FCE] -> 0xFDF0
[413] [M]: 0x80001FCC (0xFDF00593) addi a1, zero, 4063
x11 <- 0xFFFFFFDF


mem[X,0x80001FD0] -> 0x0113
mem[X,0x80001FD2] -> 0x0000
[414] [M]: 0x80001FD0 (0x00000113) addi sp, zero, 0
x2 <- 0x00000000


mem[X,0x80001FD4] -> 0x006F
mem[X,0x80001FD6] -> 0x0100
[415] [M]: 0x80001FD4 (0x0100006F) jal zero, 16


mem[X,0x80001FE4] -> 0x0AE3
mem[X,0x80001FE6] -> 0xFEB5
[416] [M]: 0x80001FE4 (0xFEB50AE3) beq a0, a1, 8180


mem[X,0x80001FE8] -> 0x0113
mem[X,0x80001FEA] -> 0x0021
[417] [M]: 0x80001FE8 (0x00210113) addi sp, sp, 2
x2 <- 0x00000002


mem[X,0x80001FEC] -> 0x006F
mem[X,0x80001FEE] -> 0x00C0
[418] [M]: 0x80001FEC (0x00C0006F) jal zero, 12


mem[X,0x80001FF8] -> 0xA623
mem[X,0x80001FFA] -> 0x0420
[419] [M]: 0x80001FF8 (0x0420A623) sw sp, 76(ra)
mem[0x800392B4] <- 0x00000002


mem[X,0x80001FFC] -> 0xB537
mem[X,0x80001FFE] -> 0xAAAA
[420] [M]: 0x80001FFC (0xAAAAB537) lui a0, 699051
x10 <- 0xAAAAB000


mem[X,0x80002000] -> 0x0513
mem[X,0x80002002] -> 0xAAA5
[421] [M]: 0x80002000 (0xAAA50513) addi a0, a0, 2730
x10 <- 0xAAAAAAAA


mem[X,0x80002004] -> 0x0593
mem[X,0x80002006] -> 0xFBF0
[422] [M]: 0x80002004 (0xFBF00593) addi a1, zero, 4031
x11 <- 0xFFFFFFBF


mem[X,0x80002008] -> 0x0113
mem[X,0x8000200A] -> 0x0000
[423] [M]: 0x80002008 (0x00000113) addi sp, zero, 0
x2 <- 0x00000000


mem[X,0x8000200C] -> 0x006F
mem[X,0x8000200E] -> 0x0140
[424] [M]: 0x8000200C (0x0140006F) jal zero, 20


mem[X,0x80002020] -> 0x08E3
mem[X,0x80002022] -> 0xFEB5
[425] [M]: 0x80002020 (0xFEB508E3) beq a0, a1, 8176


mem[X,0x80002024] -> 0x0113
mem[X,0x80002026] -> 0x0021
[426] [M]: 0x80002024 (0x00210113) addi sp, sp, 2
x2 <- 0x00000002


mem[X,0x80002028] -> 0x006F
mem[X,0x8000202A] -> 0x00C0
[427] [M]: 0x80002028 (0x00C0006F) jal zero, 12


mem[X,0x80002034] -> 0xA823
mem[X,0x80002036] -> 0x0420
[428] [M]: 0x80002034 (0x0420A823) sw sp, 80(ra)
mem[0x800392B8] <- 0x00000002


mem[X,0x80002038] -> 0x0537
mem[X,0x8000203A] -> 0x0040
[429] [M]: 0x80002038 (0x00400537) lui a0, 1024
x10 <- 0x00400000


mem[X,0x8000203C] -> 0x0593
mem[X,0x8000203E] -> 0xF7F0
[430] [M]: 0x8000203C (0xF7F00593) addi a1, zero, 3967
x11 <- 0xFFFFFF7F


mem[X,0x80002040] -> 0x0113
mem[X,0x80002042] -> 0x0000
[431] [M]: 0x80002040 (0x00000113) addi sp, zero, 0
x2 <- 0x00000000


mem[X,0x80002044] -> 0x006F
mem[X,0x80002046] -> 0x0100
[432] [M]: 0x80002044 (0x0100006F) jal zero, 16


mem[X,0x80002054] -> 0x0AE3
mem[X,0x80002056] -> 0xFEB5
[433] [M]: 0x80002054 (0xFEB50AE3) beq a0, a1, 8180


mem[X,0x80002058] -> 0x0113
mem[X,0x8000205A] -> 0x0021
[434] [M]: 0x80002058 (0x00210113) addi sp, sp, 2
x2 <- 0x00000002


mem[X,0x8000205C] -> 0x006F
mem[X,0x8000205E] -> 0x00C0
[435] [M]: 0x8000205C (0x00C0006F) jal zero, 12


mem[X,0x80002068] -> 0xAA23
mem[X,0x8000206A] -> 0x0420
[436] [M]: 0x80002068 (0x0420AA23) sw sp, 84(ra)
mem[0x800392BC] <- 0x00000002


mem[X,0x8000206C] -> 0xB537
mem[X,0x8000206E] -> 0x0000
[437] [M]: 0x8000206C (0x0000B537) lui a0, 11
x10 <- 0x0000B000


mem[X,0x80002070] -> 0x0513
mem[X,0x80002072] -> 0x5045
[438] [M]: 0x80002070 (0x50450513) addi a0, a0, 1284
x10 <- 0x0000B504


mem[X,0x80002074] -> 0x0593
mem[X,0x80002076] -> 0xEFF0
[439] [M]: 0x80002074 (0xEFF00593) addi a1, zero, 3839
x11 <- 0xFFFFFEFF


mem[X,0x80002078] -> 0x0113
mem[X,0x8000207A] -> 0x0000
[440] [M]: 0x80002078 (0x00000113) addi sp, zero, 0
x2 <- 0x00000000


mem[X,0x8000207C] -> 0x006F
mem[X,0x8000207E] -> 0x00C0
[441] [M]: 0x8000207C (0x00C0006F) jal zero, 12


mem[X,0x80002088] -> 0x0663
mem[X,0x8000208A] -> 0x00B5
[442] [M]: 0x80002088 (0x00B50663) beq a0, a1, 12


mem[X,0x8000208C] -> 0x0113
mem[X,0x8000208E] -> 0x0021
[443] [M]: 0x8000208C (0x00210113) addi sp, sp, 2
x2 <- 0x00000002


mem[X,0x80002090] -> 0x006F
mem[X,0x80002092] -> 0x00C0
[444] [M]: 0x80002090 (0x00C0006F) jal zero, 12


mem[X,0x8000209C] -> 0xAC23
mem[X,0x8000209E] -> 0x0420
[445] [M]: 0x8000209C (0x0420AC23) sw sp, 88(ra)
mem[0x800392C0] <- 0x00000002


mem[X,0x800020A0] -> 0x0513
mem[X,0x800020A2] -> 0xEFF0
[446] [M]: 0x800020A0 (0xEFF00513) addi a0, zero, 3839
x10 <- 0xFFFFFEFF


mem[X,0x800020A4] -> 0xF5B7
mem[X,0x800020A6] -> 0xFFFF
[447] [M]: 0x800020A4 (0xFFFFF5B7) lui a1, 1048575
x11 <- 0xFFFFF000


mem[X,0x800020A8] -> 0x8593
mem[X,0x800020AA] -> 0x7FF5
[448] [M]: 0x800020A8 (0x7FF58593) addi a1, a1, 2047
x11 <- 0xFFFFF7FF


mem[X,0x800020AC] -> 0x0113
mem[X,0x800020AE] -> 0x0000
[449] [M]: 0x800020AC (0x00000113) addi sp, zero, 0
x2 <- 0x00000000


mem[X,0x800020B0] -> 0x006F
mem[X,0x800020B2] -> 0x0050
[450] [M]: 0x800020B0 (0x0050006F) jal zero, 2052


mem[X,0x800028B4] -> 0x00E3
mem[X,0x800028B6] -> 0x80B5
[451] [M]: 0x800028B4 (0x80B500E3) beq a0, a1, 6144


mem[X,0x800028B8] -> 0x0113
mem[X,0x800028BA] -> 0x0021
[452] [M]: 0x800028B8 (0x00210113) addi sp, sp, 2
x2 <- 0x00000002


mem[X,0x800028BC] -> 0x006F
mem[X,0x800028BE] -> 0x00C0
[453] [M]: 0x800028BC (0x00C0006F) jal zero, 12


mem[X,0x800028C8] -> 0xAE23
mem[X,0x800028CA] -> 0x0420
[454] [M]: 0x800028C8 (0x0420AE23) sw sp, 92(ra)
mem[0x800392C4] <- 0x00000002


mem[X,0x800028CC] -> 0x5537
mem[X,0x800028CE] -> 0xFFFF
[455] [M]: 0x800028CC (0xFFFF5537) lui a0, 1048565
x10 <- 0xFFFF5000


mem[X,0x800028D0] -> 0x0513
mem[X,0x800028D2] -> 0xAFC5
[456] [M]: 0x800028D0 (0xAFC50513) addi a0, a0, 2812
x10 <- 0xFFFF4AFC


mem[X,0x800028D4] -> 0xF5B7
mem[X,0x800028D6] -> 0xFFFF
[457] [M]: 0x800028D4 (0xFFFFF5B7) lui a1, 1048575
x11 <- 0xFFFFF000


mem[X,0x800028D8] -> 0x8593
mem[X,0x800028DA] -> 0xFFF5
[458] [M]: 0x800028D8 (0xFFF58593) addi a1, a1, 4095
x11 <- 0xFFFFEFFF


mem[X,0x800028DC] -> 0x0113
mem[X,0x800028DE] -> 0x0000
[459] [M]: 0x800028DC (0x00000113) addi sp, zero, 0
x2 <- 0x00000000


mem[X,0x800028E0] -> 0x006F
mem[X,0x800028E2] -> 0x0180
[460] [M]: 0x800028E0 (0x0180006F) jal zero, 24


mem[X,0x800028F8] -> 0x06E3
mem[X,0x800028FA] -> 0xFEB5
[461] [M]: 0x800028F8 (0xFEB506E3) beq a0, a1, 8172


mem[X,0x800028FC] -> 0x0113
mem[X,0x800028FE] -> 0x0021
[462] [M]: 0x800028FC (0x00210113) addi sp, sp, 2
x2 <- 0x00000002


mem[X,0x80002900] -> 0x006F
mem[X,0x80002902] -> 0x00C0
[463] [M]: 0x80002900 (0x00C0006F) jal zero, 12


mem[X,0x8000290C] -> 0xA023
mem[X,0x8000290E] -> 0x0620
[464] [M]: 0x8000290C (0x0620A023) sw sp, 96(ra)
mem[0x800392C8] <- 0x00000002


mem[X,0x80002910] -> 0x0513
mem[X,0x80002912] -> 0xFF60
[465] [M]: 0x80002910 (0xFF600513) addi a0, zero, 4086
x10 <- 0xFFFFFFF6


mem[X,0x80002914] -> 0xE5B7
mem[X,0x80002916] -> 0xFFFF
[466] [M]: 0x80002914 (0xFFFFE5B7) lui a1, 1048574
x11 <- 0xFFFFE000


mem[X,0x80002918] -> 0x8593
mem[X,0x8000291A] -> 0xFFF5
[467] [M]: 0x80002918 (0xFFF58593) addi a1, a1, 4095
x11 <- 0xFFFFDFFF


mem[X,0x8000291C] -> 0x0113
mem[X,0x8000291E] -> 0x0000
[468] [M]: 0x8000291C (0x00000113) addi sp, zero, 0
x2 <- 0x00000000


mem[X,0x80002920] -> 0x006F
mem[X,0x80002922] -> 0x2B10
[469] [M]: 0x80002920 (0x2B10006F) jal zero, 2736


mem[X,0x800033D0] -> 0x0A63
mem[X,0x800033D2] -> 0xD4B5
[470] [M]: 0x800033D0 (0xD4B50A63) beq a0, a1, 5460


mem[X,0x800033D4] -> 0x0113
mem[X,0x800033D6] -> 0x0021
[471] [M]: 0x800033D4 (0x00210113) addi sp, sp, 2
x2 <- 0x00000002


mem[X,0x800033D8] -> 0x006F
mem[X,0x800033DA] -> 0x00C0
[472] [M]: 0x800033D8 (0x00C0006F) jal zero, 12


mem[X,0x800033E4] -> 0xA223
mem[X,0x800033E6] -> 0x0620
[473] [M]: 0x800033E4 (0x0620A223) sw sp, 100(ra)
mem[0x800392CC] <- 0x00000002


mem[X,0x800033E8] -> 0x1537
mem[X,0x800033EA] -> 0x0000
[474] [M]: 0x800033E8 (0x00001537) lui a0, 1
x10 <- 0x00001000


mem[X,0x800033EC] -> 0x0513
mem[X,0x800033EE] -> 0x8005
[475] [M]: 0x800033EC (0x80050513) addi a0, a0, 2048
x10 <- 0x00000800


mem[X,0x800033F0] -> 0xC5B7
mem[X,0x800033F2] -> 0xFFFF
[476] [M]: 0x800033F0 (0xFFFFC5B7) lui a1, 1048572
x11 <- 0xFFFFC000


mem[X,0x800033F4] -> 0x8593
mem[X,0x800033F6] -> 0xFFF5
[477] [M]: 0x800033F4 (0xFFF58593) addi a1, a1, 4095
x11 <- 0xFFFFBFFF


mem[X,0x800033F8] -> 0x0113
mem[X,0x800033FA] -> 0x0000
[478] [M]: 0x800033F8 (0x00000113) addi sp, zero, 0
x2 <- 0x00000000


mem[X,0x800033FC] -> 0x006F
mem[X,0x800033FE] -> 0x0180
[479] [M]: 0x800033FC (0x0180006F) jal zero, 24


mem[X,0x80003414] -> 0x06E3
mem[X,0x80003416] -> 0xFEB5
[480] [M]: 0x80003414 (0xFEB506E3) beq a0, a1, 8172


mem[X,0x80003418] -> 0x0113
mem[X,0x8000341A] -> 0x0021
[481] [M]: 0x80003418 (0x00210113) addi sp, sp, 2
x2 <- 0x00000002


mem[X,0x8000341C] -> 0x006F
mem[X,0x8000341E] -> 0x00C0
[482] [M]: 0x8000341C (0x00C0006F) jal zero, 12


mem[X,0x80003428] -> 0xA423
mem[X,0x8000342A] -> 0x0620
[483] [M]: 0x80003428 (0x0620A423) sw sp, 104(ra)
mem[0x800392D0] <- 0x00000002


mem[X,0x8000342C] -> 0x0537
mem[X,0x8000342E] -> 0x8000
[484] [M]: 0x8000342C (0x80000537) lui a0, 524288
x10 <- 0x80000000


mem[X,0x80003430] -> 0x85B7
mem[X,0x80003432] -> 0xFFFF
[485] [M]: 0x80003430 (0xFFFF85B7) lui a1, 1048568
x11 <- 0xFFFF8000


mem[X,0x80003434] -> 0x8593
mem[X,0x80003436] -> 0xFFF5
[486] [M]: 0x80003434 (0xFFF58593) addi a1, a1, 4095
x11 <- 0xFFFF7FFF


mem[X,0x80003438] -> 0x0113
mem[X,0x8000343A] -> 0x0000
[487] [M]: 0x80003438 (0x00000113) addi sp, zero, 0
x2 <- 0x00000000


mem[X,0x8000343C] -> 0x006F
mem[X,0x8000343E] -> 0x00C0
[488] [M]: 0x8000343C (0x00C0006F) jal zero, 12


mem[X,0x80003448] -> 0x0863
mem[X,0x8000344A] -> 0x00B5
[489] [M]: 0x80003448 (0x00B50863) beq a0, a1, 16


mem[X,0x8000344C] -> 0x0113
mem[X,0x8000344E] -> 0x0021
[490] [M]: 0x8000344C (0x00210113) addi sp, sp, 2
x2 <- 0x00000002


mem[X,0x80003450] -> 0x006F
mem[X,0x80003452] -> 0x0100
[491] [M]: 0x80003450 (0x0100006F) jal zero, 16


mem[X,0x80003460] -> 0xA623
mem[X,0x80003462] -> 0x0620
[492] [M]: 0x80003460 (0x0620A623) sw sp, 108(ra)
mem[0x800392D4] <- 0x00000002


mem[X,0x80003464] -> 0xF537
mem[X,0x80003466] -> 0xFFFF
[493] [M]: 0x80003464 (0xFFFFF537) lui a0, 1048575
x10 <- 0xFFFFF000


mem[X,0x80003468] -> 0x0513
mem[X,0x8000346A] -> 0xFFF5
[494] [M]: 0x80003468 (0xFFF50513) addi a0, a0, 4095
x10 <- 0xFFFFEFFF


mem[X,0x8000346C] -> 0x05B7
mem[X,0x8000346E] -> 0xFFFF
[495] [M]: 0x8000346C (0xFFFF05B7) lui a1, 1048560
x11 <- 0xFFFF0000


mem[X,0x80003470] -> 0x8593
mem[X,0x80003472] -> 0xFFF5
[496] [M]: 0x80003470 (0xFFF58593) addi a1, a1, 4095
x11 <- 0xFFFEFFFF


mem[X,0x80003474] -> 0x0113
mem[X,0x80003476] -> 0x0000
[497] [M]: 0x80003474 (0x00000113) addi sp, zero, 0
x2 <- 0x00000000


mem[X,0x80003478] -> 0x006F
mem[X,0x8000347A] -> 0x0140
[498] [M]: 0x80003478 (0x0140006F) jal zero, 20


mem[X,0x8000348C] -> 0x08E3
mem[X,0x8000348E] -> 0xFEB5
[499] [M]: 0x8000348C (0xFEB508E3) beq a0, a1, 8176


clint::tick mtime <- 0x0000000000000005
 clint timer pending at mtime 0x0000000000000005
htif::tick 0x0000000000000000
mem[X,0x80003490] -> 0x0113
mem[X,0x80003492] -> 0x0021
[500] [M]: 0x80003490 (0x00210113) addi sp, sp, 2
x2 <- 0x00000002


mem[X,0x80003494] -> 0x006F
mem[X,0x80003496] -> 0x00C0
[501] [M]: 0x80003494 (0x00C0006F) jal zero, 12


mem[X,0x800034A0] -> 0xA823
mem[X,0x800034A2] -> 0x0620
[502] [M]: 0x800034A0 (0x0620A823) sw sp, 112(ra)
mem[0x800392D8] <- 0x00000002


mem[X,0x800034A4] -> 0x0513
mem[X,0x800034A6] -> 0x0000
[503] [M]: 0x800034A4 (0x00000513) addi a0, zero, 0
x10 <- 0x00000000


mem[X,0x800034A8] -> 0x05B7
mem[X,0x800034AA] -> 0xFFFE
[504] [M]: 0x800034A8 (0xFFFE05B7) lui a1, 1048544
x11 <- 0xFFFE0000


mem[X,0x800034AC] -> 0x8593
mem[X,0x800034AE] -> 0xFFF5
[505] [M]: 0x800034AC (0xFFF58593) addi a1, a1, 4095
x11 <- 0xFFFDFFFF


mem[X,0x800034B0] -> 0x0113
mem[X,0x800034B2] -> 0x0000
[506] [M]: 0x800034B0 (0x00000113) addi sp, zero, 0
x2 <- 0x00000000


mem[X,0x800034B4] -> 0x006F
mem[X,0x800034B6] -> 0x00C0
[507] [M]: 0x800034B4 (0x00C0006F) jal zero, 12


mem[X,0x800034C0] -> 0x0063
mem[X,0x800034C2] -> 0x04B5
[508] [M]: 0x800034C0 (0x04B50063) beq a0, a1, 64


mem[X,0x800034C4] -> 0x0113
mem[X,0x800034C6] -> 0x0021
[509] [M]: 0x800034C4 (0x00210113) addi sp, sp, 2
x2 <- 0x00000002


mem[X,0x800034C8] -> 0x006F
mem[X,0x800034CA] -> 0x0400
[510] [M]: 0x800034C8 (0x0400006F) jal zero, 64


mem[X,0x80003508] -> 0xAA23
mem[X,0x8000350A] -> 0x0620
[511] [M]: 0x80003508 (0x0620AA23) sw sp, 116(ra)
mem[0x800392DC] <- 0x00000002


mem[X,0x8000350C] -> 0x0513
mem[X,0x8000350E] -> 0xFEF0
[512] [M]: 0x8000350C (0xFEF00513) addi a0, zero, 4079
x10 <- 0xFFFFFFEF


mem[X,0x80003510] -> 0x05B7
mem[X,0x80003512] -> 0xFFFC
[513] [M]: 0x80003510 (0xFFFC05B7) lui a1, 1048512
x11 <- 0xFFFC0000


mem[X,0x80003514] -> 0x8593
mem[X,0x80003516] -> 0xFFF5
[514] [M]: 0x80003514 (0xFFF58593) addi a1, a1, 4095
x11 <- 0xFFFBFFFF


mem[X,0x80003518] -> 0x0113
mem[X,0x8000351A] -> 0x0000
[515] [M]: 0x80003518 (0x00000113) addi sp, zero, 0
x2 <- 0x00000000


mem[X,0x8000351C] -> 0x006F
mem[X,0x8000351E] -> 0x00C0
[516] [M]: 0x8000351C (0x00C0006F) jal zero, 12


mem[X,0x80003528] -> 0x0063
mem[X,0x8000352A] -> 0x08B5
[517] [M]: 0x80003528 (0x08B50063) beq a0, a1, 128


mem[X,0x8000352C] -> 0x0113
mem[X,0x8000352E] -> 0x0021
[518] [M]: 0x8000352C (0x00210113) addi sp, sp, 2
x2 <- 0x00000002


mem[X,0x80003530] -> 0x006F
mem[X,0x80003532] -> 0x0800
[519] [M]: 0x80003530 (0x0800006F) jal zero, 128


mem[X,0x800035B0] -> 0xAC23
mem[X,0x800035B2] -> 0x0620
[520] [M]: 0x800035B0 (0x0620AC23) sw sp, 120(ra)
mem[0x800392E0] <- 0x00000002


mem[X,0x800035B4] -> 0x0513
mem[X,0x800035B6] -> 0xDFF0
[521] [M]: 0x800035B4 (0xDFF00513) addi a0, zero, 3583
x10 <- 0xFFFFFDFF


mem[X,0x800035B8] -> 0x05B7
mem[X,0x800035BA] -> 0xFFF8
[522] [M]: 0x800035B8 (0xFFF805B7) lui a1, 1048448
x11 <- 0xFFF80000


mem[X,0x800035BC] -> 0x8593
mem[X,0x800035BE] -> 0xFFF5
[523] [M]: 0x800035BC (0xFFF58593) addi a1, a1, 4095
x11 <- 0xFFF7FFFF


mem[X,0x800035C0] -> 0x0113
mem[X,0x800035C2] -> 0x0000
[524] [M]: 0x800035C0 (0x00000113) addi sp, zero, 0
x2 <- 0x00000000


mem[X,0x800035C4] -> 0x006F
mem[X,0x800035C6] -> 0x0180
[525] [M]: 0x800035C4 (0x0180006F) jal zero, 24


mem[X,0x800035DC] -> 0x06E3
mem[X,0x800035DE] -> 0xFEB5
[526] [M]: 0x800035DC (0xFEB506E3) beq a0, a1, 8172


mem[X,0x800035E0] -> 0x0113
mem[X,0x800035E2] -> 0x0021
[527] [M]: 0x800035E0 (0x00210113) addi sp, sp, 2
x2 <- 0x00000002


mem[X,0x800035E4] -> 0x006F
mem[X,0x800035E6] -> 0x00C0
[528] [M]: 0x800035E4 (0x00C0006F) jal zero, 12


mem[X,0x800035F0] -> 0xAE23
mem[X,0x800035F2] -> 0x0620
[529] [M]: 0x800035F0 (0x0620AE23) sw sp, 124(ra)
mem[0x800392E4] <- 0x00000002


mem[X,0x800035F4] -> 0xF537
mem[X,0x800035F6] -> 0xFFFF
[530] [M]: 0x800035F4 (0xFFFFF537) lui a0, 1048575
x10 <- 0xFFFFF000


mem[X,0x800035F8] -> 0x0513
mem[X,0x800035FA] -> 0x7FF5
[531] [M]: 0x800035F8 (0x7FF50513) addi a0, a0, 2047
x10 <- 0xFFFFF7FF


mem[X,0x800035FC] -> 0x05B7
mem[X,0x800035FE] -> 0xFFF0
[532] [M]: 0x800035FC (0xFFF005B7) lui a1, 1048320
x11 <- 0xFFF00000


mem[X,0x80003600] -> 0x8593
mem[X,0x80003602] -> 0xFFF5
[533] [M]: 0x80003600 (0xFFF58593) addi a1, a1, 4095
x11 <- 0xFFEFFFFF


mem[X,0x80003604] -> 0x0113
mem[X,0x80003606] -> 0x0000
[534] [M]: 0x80003604 (0x00000113) addi sp, zero, 0
x2 <- 0x00000000


mem[X,0x80003608] -> 0x006F
mem[X,0x8000360A] -> 0x2B10
[535] [M]: 0x80003608 (0x2B10006F) jal zero, 2736


mem[X,0x800040B8] -> 0x0A63
mem[X,0x800040BA] -> 0xD4B5
[536] [M]: 0x800040B8 (0xD4B50A63) beq a0, a1, 5460


mem[X,0x800040BC] -> 0x0113
mem[X,0x800040BE] -> 0x0021
[537] [M]: 0x800040BC (0x00210113) addi sp, sp, 2
x2 <- 0x00000002


mem[X,0x800040C0] -> 0x006F
mem[X,0x800040C2] -> 0x00C0
[538] [M]: 0x800040C0 (0x00C0006F) jal zero, 12


mem[X,0x800040CC] -> 0xA023
mem[X,0x800040CE] -> 0x0820
[539] [M]: 0x800040CC (0x0820A023) sw sp, 128(ra)
mem[0x800392E8] <- 0x00000002


mem[X,0x800040D0] -> 0x6537
mem[X,0x800040D2] -> 0x6666
[540] [M]: 0x800040D0 (0x66666537) lui a0, 419430
x10 <- 0x66666000


mem[X,0x800040D4] -> 0x0513
mem[X,0x800040D6] -> 0x6665
[541] [M]: 0x800040D4 (0x66650513) addi a0, a0, 1638
x10 <- 0x66666666


mem[X,0x800040D8] -> 0x05B7
mem[X,0x800040DA] -> 0xFFE0
[542] [M]: 0x800040D8 (0xFFE005B7) lui a1, 1048064
x11 <- 0xFFE00000


mem[X,0x800040DC] -> 0x8593
mem[X,0x800040DE] -> 0xFFF5
[543] [M]: 0x800040DC (0xFFF58593) addi a1, a1, 4095
x11 <- 0xFFDFFFFF


mem[X,0x800040E0] -> 0x0113
mem[X,0x800040E2] -> 0x0000
[544] [M]: 0x800040E0 (0x00000113) addi sp, zero, 0
x2 <- 0x00000000


mem[X,0x800040E4] -> 0x006F
mem[X,0x800040E6] -> 0x00C0
[545] [M]: 0x800040E4 (0x00C0006F) jal zero, 12


mem[X,0x800040F0] -> 0x0663
mem[X,0x800040F2] -> 0x00B5
[546] [M]: 0x800040F0 (0x00B50663) beq a0, a1, 12


mem[X,0x800040F4] -> 0x0113
mem[X,0x800040F6] -> 0x0021
[547] [M]: 0x800040F4 (0x00210113) addi sp, sp, 2
x2 <- 0x00000002


mem[X,0x800040F8] -> 0x006F
mem[X,0x800040FA] -> 0x00C0
[548] [M]: 0x800040F8 (0x00C0006F) jal zero, 12


mem[X,0x80004104] -> 0xA223
mem[X,0x80004106] -> 0x0820
[549] [M]: 0x80004104 (0x0820A223) sw sp, 132(ra)
mem[0x800392EC] <- 0x00000002


mem[X,0x80004108] -> 0xB537
mem[X,0x8000410A] -> 0x0000
[550] [M]: 0x80004108 (0x0000B537) lui a0, 11
x10 <- 0x0000B000


mem[X,0x8000410C] -> 0x0513
mem[X,0x8000410E] -> 0x5045
[551] [M]: 0x8000410C (0x50450513) addi a0, a0, 1284
x10 <- 0x0000B504


mem[X,0x80004110] -> 0x05B7
mem[X,0x80004112] -> 0xFFC0
[552] [M]: 0x80004110 (0xFFC005B7) lui a1, 1047552
x11 <- 0xFFC00000


mem[X,0x80004114] -> 0x8593
mem[X,0x80004116] -> 0xFFF5
[553] [M]: 0x80004114 (0xFFF58593) addi a1, a1, 4095
x11 <- 0xFFBFFFFF


mem[X,0x80004118] -> 0x0113
mem[X,0x8000411A] -> 0x0000
[554] [M]: 0x80004118 (0x00000113) addi sp, zero, 0
x2 <- 0x00000000


mem[X,0x8000411C] -> 0x006F
mem[X,0x8000411E] -> 0x00C0
[555] [M]: 0x8000411C (0x00C0006F) jal zero, 12


mem[X,0x80004128] -> 0x0863
mem[X,0x8000412A] -> 0x00B5
[556] [M]: 0x80004128 (0x00B50863) beq a0, a1, 16


mem[X,0x8000412C] -> 0x0113
mem[X,0x8000412E] -> 0x0021
[557] [M]: 0x8000412C (0x00210113) addi sp, sp, 2
x2 <- 0x00000002


mem[X,0x80004130] -> 0x006F
mem[X,0x80004132] -> 0x0100
[558] [M]: 0x80004130 (0x0100006F) jal zero, 16


mem[X,0x80004140] -> 0xA423
mem[X,0x80004142] -> 0x0820
[559] [M]: 0x80004140 (0x0820A423) sw sp, 136(ra)
mem[0x800392F0] <- 0x00000002


mem[X,0x80004144] -> 0x0513
mem[X,0x80004146] -> 0xFFE0
[560] [M]: 0x80004144 (0xFFE00513) addi a0, zero, 4094
x10 <- 0xFFFFFFFE


mem[X,0x80004148] -> 0x05B7
mem[X,0x8000414A] -> 0xFF80
[561] [M]: 0x80004148 (0xFF8005B7) lui a1, 1046528
x11 <- 0xFF800000


mem[X,0x8000414C] -> 0x8593
mem[X,0x8000414E] -> 0xFFF5
[562] [M]: 0x8000414C (0xFFF58593) addi a1, a1, 4095
x11 <- 0xFF7FFFFF


mem[X,0x80004150] -> 0x0113
mem[X,0x80004152] -> 0x0000
[563] [M]: 0x80004150 (0x00000113) addi sp, zero, 0
x2 <- 0x00000000


mem[X,0x80004154] -> 0x006F
mem[X,0x80004156] -> 0x00C0
[564] [M]: 0x80004154 (0x00C0006F) jal zero, 12


mem[X,0x80004160] -> 0x0063
mem[X,0x80004162] -> 0x08B5
[565] [M]: 0x80004160 (0x08B50063) beq a0, a1, 128


mem[X,0x80004164] -> 0x0113
mem[X,0x80004166] -> 0x0021
[566] [M]: 0x80004164 (0x00210113) addi sp, sp, 2
x2 <- 0x00000002


mem[X,0x80004168] -> 0x006F
mem[X,0x8000416A] -> 0x0800
[567] [M]: 0x80004168 (0x0800006F) jal zero, 128


mem[X,0x800041E8] -> 0xA623
mem[X,0x800041EA] -> 0x0820
[568] [M]: 0x800041E8 (0x0820A623) sw sp, 140(ra)
mem[0x800392F4] <- 0x00000002


mem[X,0x800041EC] -> 0xB537
mem[X,0x800041EE] -> 0xAAAA
[569] [M]: 0x800041EC (0xAAAAB537) lui a0, 699051
x10 <- 0xAAAAB000


mem[X,0x800041F0] -> 0x0513
mem[X,0x800041F2] -> 0xAAA5
[570] [M]: 0x800041F0 (0xAAA50513) addi a0, a0, 2730
x10 <- 0xAAAAAAAA


mem[X,0x800041F4] -> 0x05B7
mem[X,0x800041F6] -> 0xFF00
[571] [M]: 0x800041F4 (0xFF0005B7) lui a1, 1044480
x11 <- 0xFF000000


mem[X,0x800041F8] -> 0x8593
mem[X,0x800041FA] -> 0xFFF5
[572] [M]: 0x800041F8 (0xFFF58593) addi a1, a1, 4095
x11 <- 0xFEFFFFFF


mem[X,0x800041FC] -> 0x0113
mem[X,0x800041FE] -> 0x0000
[573] [M]: 0x800041FC (0x00000113) addi sp, zero, 0
x2 <- 0x00000000


mem[X,0x80004200] -> 0x006F
mem[X,0x80004202] -> 0x0050
[574] [M]: 0x80004200 (0x0050006F) jal zero, 2052


mem[X,0x80004A04] -> 0x00E3
mem[X,0x80004A06] -> 0x80B5
[575] [M]: 0x80004A04 (0x80B500E3) beq a0, a1, 6144


mem[X,0x80004A08] -> 0x0113
mem[X,0x80004A0A] -> 0x0021
[576] [M]: 0x80004A08 (0x00210113) addi sp, sp, 2
x2 <- 0x00000002


mem[X,0x80004A0C] -> 0x006F
mem[X,0x80004A0E] -> 0x00C0
[577] [M]: 0x80004A0C (0x00C0006F) jal zero, 12


mem[X,0x80004A18] -> 0xA823
mem[X,0x80004A1A] -> 0x0820
[578] [M]: 0x80004A18 (0x0820A823) sw sp, 144(ra)
mem[0x800392F8] <- 0x00000002


mem[X,0x80004A1C] -> 0x0513
mem[X,0x80004A1E] -> 0x0090
[579] [M]: 0x80004A1C (0x00900513) addi a0, zero, 9
x10 <- 0x00000009


mem[X,0x80004A20] -> 0x05B7
mem[X,0x80004A22] -> 0xFE00
[580] [M]: 0x80004A20 (0xFE0005B7) lui a1, 1040384
x11 <- 0xFE000000


mem[X,0x80004A24] -> 0x8593
mem[X,0x80004A26] -> 0xFFF5
[581] [M]: 0x80004A24 (0xFFF58593) addi a1, a1, 4095
x11 <- 0xFDFFFFFF


mem[X,0x80004A28] -> 0x0113
mem[X,0x80004A2A] -> 0x0000
[582] [M]: 0x80004A28 (0x00000113) addi sp, zero, 0
x2 <- 0x00000000


mem[X,0x80004A2C] -> 0x006F
mem[X,0x80004A2E] -> 0x00C0
[583] [M]: 0x80004A2C (0x00C0006F) jal zero, 12


mem[X,0x80004A38] -> 0x0CE3
mem[X,0x80004A3A] -> 0xFEB5
[584] [M]: 0x80004A38 (0xFEB50CE3) beq a0, a1, 8184


mem[X,0x80004A3C] -> 0x0113
mem[X,0x80004A3E] -> 0x0021
[585] [M]: 0x80004A3C (0x00210113) addi sp, sp, 2
x2 <- 0x00000002


mem[X,0x80004A40] -> 0x006F
mem[X,0x80004A42] -> 0x00C0
[586] [M]: 0x80004A40 (0x00C0006F) jal zero, 12


mem[X,0x80004A4C] -> 0xAA23
mem[X,0x80004A4E] -> 0x0820
[587] [M]: 0x80004A4C (0x0820AA23) sw sp, 148(ra)
mem[0x800392FC] <- 0x00000002


mem[X,0x80004A50] -> 0x0513
mem[X,0x80004A52] -> 0x4000
[588] [M]: 0x80004A50 (0x40000513) addi a0, zero, 1024
x10 <- 0x00000400


mem[X,0x80004A54] -> 0x05B7
mem[X,0x80004A56] -> 0xFC00
[589] [M]: 0x80004A54 (0xFC0005B7) lui a1, 1032192
x11 <- 0xFC000000


mem[X,0x80004A58] -> 0x8593
mem[X,0x80004A5A] -> 0xFFF5
[590] [M]: 0x80004A58 (0xFFF58593) addi a1, a1, 4095
x11 <- 0xFBFFFFFF


mem[X,0x80004A5C] -> 0x0113
mem[X,0x80004A5E] -> 0x0000
[591] [M]: 0x80004A5C (0x00000113) addi sp, zero, 0
x2 <- 0x00000000


mem[X,0x80004A60] -> 0x006F
mem[X,0x80004A62] -> 0x00C0
[592] [M]: 0x80004A60 (0x00C0006F) jal zero, 12


mem[X,0x80004A6C] -> 0x0663
mem[X,0x80004A6E] -> 0x00B5
[593] [M]: 0x80004A6C (0x00B50663) beq a0, a1, 12


mem[X,0x80004A70] -> 0x0113
mem[X,0x80004A72] -> 0x0021
[594] [M]: 0x80004A70 (0x00210113) addi sp, sp, 2
x2 <- 0x00000002


mem[X,0x80004A74] -> 0x006F
mem[X,0x80004A76] -> 0x00C0
[595] [M]: 0x80004A74 (0x00C0006F) jal zero, 12


mem[X,0x80004A80] -> 0xAC23
mem[X,0x80004A82] -> 0x0820
[596] [M]: 0x80004A80 (0x0820AC23) sw sp, 152(ra)
mem[0x80039300] <- 0x00000002


mem[X,0x80004A84] -> 0x0513
mem[X,0x80004A86] -> 0xFFD0
[597] [M]: 0x80004A84 (0xFFD00513) addi a0, zero, 4093
x10 <- 0xFFFFFFFD


mem[X,0x80004A88] -> 0x05B7
mem[X,0x80004A8A] -> 0xF800
[598] [M]: 0x80004A88 (0xF80005B7) lui a1, 1015808
x11 <- 0xF8000000


mem[X,0x80004A8C] -> 0x8593
mem[X,0x80004A8E] -> 0xFFF5
[599] [M]: 0x80004A8C (0xFFF58593) addi a1, a1, 4095
x11 <- 0xF7FFFFFF


clint::tick mtime <- 0x0000000000000006
 clint timer pending at mtime 0x0000000000000006
htif::tick 0x0000000000000000
mem[X,0x80004A90] -> 0x0113
mem[X,0x80004A92] -> 0x0000
[600] [M]: 0x80004A90 (0x00000113) addi sp, zero, 0
x2 <- 0x00000000


mem[X,0x80004A94] -> 0x006F
mem[X,0x80004A96] -> 0x0050
[601] [M]: 0x80004A94 (0x0050006F) jal zero, 2052


mem[X,0x80005298] -> 0x00E3
mem[X,0x8000529A] -> 0x80B5
[602] [M]: 0x80005298 (0x80B500E3) beq a0, a1, 6144


mem[X,0x8000529C] -> 0x0113
mem[X,0x8000529E] -> 0x0021
[603] [M]: 0x8000529C (0x00210113) addi sp, sp, 2
x2 <- 0x00000002


mem[X,0x800052A0] -> 0x006F
mem[X,0x800052A2] -> 0x00C0
[604] [M]: 0x800052A0 (0x00C0006F) jal zero, 12


mem[X,0x800052AC] -> 0xAE23
mem[X,0x800052AE] -> 0x0820
[605] [M]: 0x800052AC (0x0820AE23) sw sp, 156(ra)
mem[0x80039304] <- 0x00000002


mem[X,0x800052B0] -> 0x0513
mem[X,0x800052B2] -> 0xFFF0
[606] [M]: 0x800052B0 (0xFFF00513) addi a0, zero, 4095
x10 <- 0xFFFFFFFF


mem[X,0x800052B4] -> 0x05B7
mem[X,0x800052B6] -> 0xF000
[607] [M]: 0x800052B4 (0xF00005B7) lui a1, 983040
x11 <- 0xF0000000


mem[X,0x800052B8] -> 0x8593
mem[X,0x800052BA] -> 0xFFF5
[608] [M]: 0x800052B8 (0xFFF58593) addi a1, a1, 4095
x11 <- 0xEFFFFFFF


mem[X,0x800052BC] -> 0x0113
mem[X,0x800052BE] -> 0x0000
[609] [M]: 0x800052BC (0x00000113) addi sp, zero, 0
x2 <- 0x00000000


mem[X,0x800052C0] -> 0x006F
mem[X,0x800052C2] -> 0x0180
[610] [M]: 0x800052C0 (0x0180006F) jal zero, 24


mem[X,0x800052D8] -> 0x06E3
mem[X,0x800052DA] -> 0xFEB5
[611] [M]: 0x800052D8 (0xFEB506E3) beq a0, a1, 8172


mem[X,0x800052DC] -> 0x0113
mem[X,0x800052DE] -> 0x0021
[612] [M]: 0x800052DC (0x00210113) addi sp, sp, 2
x2 <- 0x00000002


mem[X,0x800052E0] -> 0x006F
mem[X,0x800052E2] -> 0x00C0
[613] [M]: 0x800052E0 (0x00C0006F) jal zero, 12


mem[X,0x800052EC] -> 0xA023
mem[X,0x800052EE] -> 0x0A20
[614] [M]: 0x800052EC (0x0A20A023) sw sp, 160(ra)
mem[0x80039308] <- 0x00000002


mem[X,0x800052F0] -> 0x2537
mem[X,0x800052F2] -> 0x0000
[615] [M]: 0x800052F0 (0x00002537) lui a0, 2
x10 <- 0x00002000


mem[X,0x800052F4] -> 0x05B7
mem[X,0x800052F6] -> 0xE000
[616] [M]: 0x800052F4 (0xE00005B7) lui a1, 917504
x11 <- 0xE0000000


mem[X,0x800052F8] -> 0x8593
mem[X,0x800052FA] -> 0xFFF5
[617] [M]: 0x800052F8 (0xFFF58593) addi a1, a1, 4095
x11 <- 0xDFFFFFFF


mem[X,0x800052FC] -> 0x0113
mem[X,0x800052FE] -> 0x0000
[618] [M]: 0x800052FC (0x00000113) addi sp, zero, 0
x2 <- 0x00000000


mem[X,0x80005300] -> 0x006F
mem[X,0x80005302] -> 0x00C0
[619] [M]: 0x80005300 (0x00C0006F) jal zero, 12


mem[X,0x8000530C] -> 0x0063
mem[X,0x8000530E] -> 0x08B5
[620] [M]: 0x8000530C (0x08B50063) beq a0, a1, 128


mem[X,0x80005310] -> 0x0113
mem[X,0x80005312] -> 0x0021
[621] [M]: 0x80005310 (0x00210113) addi sp, sp, 2
x2 <- 0x00000002


mem[X,0x80005314] -> 0x006F
mem[X,0x80005316] -> 0x0800
[622] [M]: 0x80005314 (0x0800006F) jal zero, 128


mem[X,0x80005394] -> 0xA223
mem[X,0x80005396] -> 0x0A20
[623] [M]: 0x80005394 (0x0A20A223) sw sp, 164(ra)
mem[0x8003930C] <- 0x00000002


mem[X,0x80005398] -> 0x0513
mem[X,0x8000539A] -> 0x0040
[624] [M]: 0x80005398 (0x00400513) addi a0, zero, 4
x10 <- 0x00000004


mem[X,0x8000539C] -> 0x05B7
mem[X,0x8000539E] -> 0xC000
[625] [M]: 0x8000539C (0xC00005B7) lui a1, 786432
x11 <- 0xC0000000


mem[X,0x800053A0] -> 0x8593
mem[X,0x800053A2] -> 0xFFF5
[626] [M]: 0x800053A0 (0xFFF58593) addi a1, a1, 4095
x11 <- 0xBFFFFFFF


mem[X,0x800053A4] -> 0x0113
mem[X,0x800053A6] -> 0x0000
[627] [M]: 0x800053A4 (0x00000113) addi sp, zero, 0
x2 <- 0x00000000


mem[X,0x800053A8] -> 0x006F
mem[X,0x800053AA] -> 0x00C0
[628] [M]: 0x800053A8 (0x00C0006F) jal zero, 12


mem[X,0x800053B4] -> 0x0663
mem[X,0x800053B6] -> 0x00B5
[629] [M]: 0x800053B4 (0x00B50663) beq a0, a1, 12


mem[X,0x800053B8] -> 0x0113
mem[X,0x800053BA] -> 0x0021
[630] [M]: 0x800053B8 (0x00210113) addi sp, sp, 2
x2 <- 0x00000002


mem[X,0x800053BC] -> 0x006F
mem[X,0x800053BE] -> 0x00C0
[631] [M]: 0x800053BC (0x00C0006F) jal zero, 12


mem[X,0x800053C8] -> 0xA423
mem[X,0x800053CA] -> 0x0A20
[632] [M]: 0x800053C8 (0x0A20A423) sw sp, 168(ra)
mem[0x80039310] <- 0x00000002


mem[X,0x800053CC] -> 0x0537
mem[X,0x800053CE] -> 0xFE00
[633] [M]: 0x800053CC (0xFE000537) lui a0, 1040384
x10 <- 0xFE000000


mem[X,0x800053D0] -> 0x0513
mem[X,0x800053D2] -> 0xFFF5
[634] [M]: 0x800053D0 (0xFFF50513) addi a0, a0, 4095
x10 <- 0xFDFFFFFF


mem[X,0x800053D4] -> 0x05B7
mem[X,0x800053D6] -> 0x8000
[635] [M]: 0x800053D4 (0x800005B7) lui a1, 524288
x11 <- 0x80000000


mem[X,0x800053D8] -> 0x8593
mem[X,0x800053DA] -> 0xFFF5
[636] [M]: 0x800053D8 (0xFFF58593) addi a1, a1, 4095
x11 <- 0x7FFFFFFF


mem[X,0x800053DC] -> 0x0113
mem[X,0x800053DE] -> 0x0000
[637] [M]: 0x800053DC (0x00000113) addi sp, zero, 0
x2 <- 0x00000000


mem[X,0x800053E0] -> 0x006F
mem[X,0x800053E2] -> 0x00C0
[638] [M]: 0x800053E0 (0x00C0006F) jal zero, 12


mem[X,0x800053EC] -> 0x0663
mem[X,0x800053EE] -> 0x00B5
[639] [M]: 0x800053EC (0x00B50663) beq a0, a1, 12


mem[X,0x800053F0] -> 0x0113
mem[X,0x800053F2] -> 0x0021
[640] [M]: 0x800053F0 (0x00210113) addi sp, sp, 2
x2 <- 0x00000002


mem[X,0x800053F4] -> 0x006F
mem[X,0x800053F6] -> 0x00C0
[641] [M]: 0x800053F4 (0x00C0006F) jal zero, 12


mem[X,0x80005400] -> 0xA623
mem[X,0x80005402] -> 0x0A20
[642] [M]: 0x80005400 (0x0A20A623) sw sp, 172(ra)
mem[0x80039314] <- 0x00000002


mem[X,0x80005404] -> 0x0537
mem[X,0x80005406] -> 0x0008
[643] [M]: 0x80005404 (0x00080537) lui a0, 128
x10 <- 0x00080000


mem[X,0x80005408] -> 0x55B7
mem[X,0x8000540A] -> 0x5555
[644] [M]: 0x80005408 (0x555555B7) lui a1, 349525
x11 <- 0x55555000


mem[X,0x8000540C] -> 0x8593
mem[X,0x8000540E] -> 0x5555
[645] [M]: 0x8000540C (0x55558593) addi a1, a1, 1365
x11 <- 0x55555555


mem[X,0x80005410] -> 0x0113
mem[X,0x80005412] -> 0x0000
[646] [M]: 0x80005410 (0x00000113) addi sp, zero, 0
x2 <- 0x00000000


mem[X,0x80005414] -> 0x006F
mem[X,0x80005416] -> 0x00C0
[647] [M]: 0x80005414 (0x00C0006F) jal zero, 12


mem[X,0x80005420] -> 0x0063
mem[X,0x80005422] -> 0x40B5
[648] [M]: 0x80005420 (0x40B50063) beq a0, a1, 1024


mem[X,0x80005424] -> 0x0113
mem[X,0x80005426] -> 0x0021
[649] [M]: 0x80005424 (0x00210113) addi sp, sp, 2
x2 <- 0x00000002


mem[X,0x80005428] -> 0x006F
mem[X,0x8000542A] -> 0x4000
[650] [M]: 0x80005428 (0x4000006F) jal zero, 1024


mem[X,0x80005828] -> 0xA823
mem[X,0x8000582A] -> 0x0A20
[651] [M]: 0x80005828 (0x0A20A823) sw sp, 176(ra)
mem[0x80039318] <- 0x00000002


mem[X,0x8000582C] -> 0xB537
mem[X,0x8000582E] -> 0x0000
[652] [M]: 0x8000582C (0x0000B537) lui a0, 11
x10 <- 0x0000B000


mem[X,0x80005830] -> 0x0513
mem[X,0x80005832] -> 0x5045
[653] [M]: 0x80005830 (0x50450513) addi a0, a0, 1284
x10 <- 0x0000B504


mem[X,0x80005834] -> 0xB5B7
mem[X,0x80005836] -> 0xAAAA
[654] [M]: 0x80005834 (0xAAAAB5B7) lui a1, 699051
x11 <- 0xAAAAB000


mem[X,0x80005838] -> 0x8593
mem[X,0x8000583A] -> 0xAAA5
[655] [M]: 0x80005838 (0xAAA58593) addi a1, a1, 2730
x11 <- 0xAAAAAAAA


mem[X,0x8000583C] -> 0x0113
mem[X,0x8000583E] -> 0x0000
[656] [M]: 0x8000583C (0x00000113) addi sp, zero, 0
x2 <- 0x00000000


mem[X,0x80005840] -> 0x006F
mem[X,0x80005842] -> 0x0100
[657] [M]: 0x80005840 (0x0100006F) jal zero, 16


mem[X,0x80005850] -> 0x0AE3
mem[X,0x80005852] -> 0xFEB5
[658] [M]: 0x80005850 (0xFEB50AE3) beq a0, a1, 8180


mem[X,0x80005854] -> 0x0113
mem[X,0x80005856] -> 0x0021
[659] [M]: 0x80005854 (0x00210113) addi sp, sp, 2
x2 <- 0x00000002


mem[X,0x80005858] -> 0x006F
mem[X,0x8000585A] -> 0x00C0
[660] [M]: 0x80005858 (0x00C0006F) jal zero, 12


mem[X,0x80005864] -> 0xAA23
mem[X,0x80005866] -> 0x0A20
[661] [M]: 0x80005864 (0x0A20AA23) sw sp, 180(ra)
mem[0x8003931C] <- 0x00000002


mem[X,0x80005868] -> 0x0513
mem[X,0x8000586A] -> 0x0010
[662] [M]: 0x80005868 (0x00100513) addi a0, zero, 1
x10 <- 0x00000001


mem[X,0x8000586C] -> 0x05B7
mem[X,0x8000586E] -> 0x0008
[663] [M]: 0x8000586C (0x000805B7) lui a1, 128
x11 <- 0x00080000


mem[X,0x80005870] -> 0x0113
mem[X,0x80005872] -> 0x0000
[664] [M]: 0x80005870 (0x00000113) addi sp, zero, 0
x2 <- 0x00000000


mem[X,0x80005874] -> 0x006F
mem[X,0x80005876] -> 0x00C0
[665] [M]: 0x80005874 (0x00C0006F) jal zero, 12


mem[X,0x80005880] -> 0x0063
mem[X,0x80005882] -> 0x10B5
[666] [M]: 0x80005880 (0x10B50063) beq a0, a1, 256


mem[X,0x80005884] -> 0x0113
mem[X,0x80005886] -> 0x0021
[667] [M]: 0x80005884 (0x00210113) addi sp, sp, 2
x2 <- 0x00000002


mem[X,0x80005888] -> 0x006F
mem[X,0x8000588A] -> 0x1000
[668] [M]: 0x80005888 (0x1000006F) jal zero, 256


mem[X,0x80005988] -> 0xAC23
mem[X,0x8000598A] -> 0x0A20
[669] [M]: 0x80005988 (0x0A20AC23) sw sp, 184(ra)
mem[0x80039320] <- 0x00000002


mem[X,0x8000598C] -> 0x0513
mem[X,0x8000598E] -> 0x0020
[670] [M]: 0x8000598C (0x00200513) addi a0, zero, 2
x10 <- 0x00000002


mem[X,0x80005990] -> 0x0593
mem[X,0x80005992] -> 0x0040
[671] [M]: 0x80005990 (0x00400593) addi a1, zero, 4
x11 <- 0x00000004


mem[X,0x80005994] -> 0x0113
mem[X,0x80005996] -> 0x0000
[672] [M]: 0x80005994 (0x00000113) addi sp, zero, 0
x2 <- 0x00000000


mem[X,0x80005998] -> 0x006F
mem[X,0x8000599A] -> 0x00C0
[673] [M]: 0x80005998 (0x00C0006F) jal zero, 12


mem[X,0x800059A4] -> 0x0663
mem[X,0x800059A6] -> 0x00B5
[674] [M]: 0x800059A4 (0x00B50663) beq a0, a1, 12


mem[X,0x800059A8] -> 0x0113
mem[X,0x800059AA] -> 0x0021
[675] [M]: 0x800059A8 (0x00210113) addi sp, sp, 2
x2 <- 0x00000002


mem[X,0x800059AC] -> 0x006F
mem[X,0x800059AE] -> 0x00C0
[676] [M]: 0x800059AC (0x00C0006F) jal zero, 12


mem[X,0x800059B8] -> 0xAE23
mem[X,0x800059BA] -> 0x0A20
[677] [M]: 0x800059B8 (0x0A20AE23) sw sp, 188(ra)
mem[0x80039324] <- 0x00000002


mem[X,0x800059BC] -> 0x0513
mem[X,0x800059BE] -> 0x0100
[678] [M]: 0x800059BC (0x01000513) addi a0, zero, 16
x10 <- 0x00000010


mem[X,0x800059C0] -> 0x0593
mem[X,0x800059C2] -> 0x0800
[679] [M]: 0x800059C0 (0x08000593) addi a1, zero, 128
x11 <- 0x00000080


mem[X,0x800059C4] -> 0x0113
mem[X,0x800059C6] -> 0x0000
[680] [M]: 0x800059C4 (0x00000113) addi sp, zero, 0
x2 <- 0x00000000


mem[X,0x800059C8] -> 0x006F
mem[X,0x800059CA] -> 0x00C0
[681] [M]: 0x800059C8 (0x00C0006F) jal zero, 12


mem[X,0x800059D4] -> 0x0063
mem[X,0x800059D6] -> 0x08B5
[682] [M]: 0x800059D4 (0x08B50063) beq a0, a1, 128


mem[X,0x800059D8] -> 0x0113
mem[X,0x800059DA] -> 0x0021
[683] [M]: 0x800059D8 (0x00210113) addi sp, sp, 2
x2 <- 0x00000002


mem[X,0x800059DC] -> 0x006F
mem[X,0x800059DE] -> 0x0800
[684] [M]: 0x800059DC (0x0800006F) jal zero, 128


mem[X,0x80005A5C] -> 0xA023
mem[X,0x80005A5E] -> 0x0C20
[685] [M]: 0x80005A5C (0x0C20A023) sw sp, 192(ra)
mem[0x80039328] <- 0x00000002


mem[X,0x80005A60] -> 0x0513
mem[X,0x80005A62] -> 0x0200
[686] [M]: 0x80005A60 (0x02000513) addi a0, zero, 32
x10 <- 0x00000020


mem[X,0x80005A64] -> 0x05B7
mem[X,0x80005A66] -> 0x4000
[687] [M]: 0x80005A64 (0x400005B7) lui a1, 262144
x11 <- 0x40000000


mem[X,0x80005A68] -> 0x8593
mem[X,0x80005A6A] -> 0xFFF5
[688] [M]: 0x80005A68 (0xFFF58593) addi a1, a1, 4095
x11 <- 0x3FFFFFFF


mem[X,0x80005A6C] -> 0x0113
mem[X,0x80005A6E] -> 0x0000
[689] [M]: 0x80005A6C (0x00000113) addi sp, zero, 0
x2 <- 0x00000000


mem[X,0x80005A70] -> 0x006F
mem[X,0x80005A72] -> 0x00C0
[690] [M]: 0x80005A70 (0x00C0006F) jal zero, 12


mem[X,0x80005A7C] -> 0x0663
mem[X,0x80005A7E] -> 0x00B5
[691] [M]: 0x80005A7C (0x00B50663) beq a0, a1, 12


mem[X,0x80005A80] -> 0x0113
mem[X,0x80005A82] -> 0x0021
[692] [M]: 0x80005A80 (0x00210113) addi sp, sp, 2
x2 <- 0x00000002


mem[X,0x80005A84] -> 0x006F
mem[X,0x80005A86] -> 0x00C0
[693] [M]: 0x80005A84 (0x00C0006F) jal zero, 12


mem[X,0x80005A90] -> 0xA223
mem[X,0x80005A92] -> 0x0C20
[694] [M]: 0x80005A90 (0x0C20A223) sw sp, 196(ra)
mem[0x8003932C] <- 0x00000002


mem[X,0x80005A94] -> 0x0513
mem[X,0x80005A96] -> 0x0400
[695] [M]: 0x80005A94 (0x04000513) addi a0, zero, 64
x10 <- 0x00000040


mem[X,0x80005A98] -> 0x0593
mem[X,0x80005A9A] -> 0x0010
[696] [M]: 0x80005A98 (0x00100593) addi a1, zero, 1
x11 <- 0x00000001


mem[X,0x80005A9C] -> 0x0113
mem[X,0x80005A9E] -> 0x0000
[697] [M]: 0x80005A9C (0x00000113) addi sp, zero, 0
x2 <- 0x00000000


mem[X,0x80005AA0] -> 0x006F
mem[X,0x80005AA2] -> 0x0180
[698] [M]: 0x80005AA0 (0x0180006F) jal zero, 24


mem[X,0x80005AB8] -> 0x06E3
mem[X,0x80005ABA] -> 0xFEB5
[699] [M]: 0x80005AB8 (0xFEB506E3) beq a0, a1, 8172


clint::tick mtime <- 0x0000000000000007
 clint timer pending at mtime 0x0000000000000007
htif::tick 0x0000000000000000
mem[X,0x80005ABC] -> 0x0113
mem[X,0x80005ABE] -> 0x0021
[700] [M]: 0x80005ABC (0x00210113) addi sp, sp, 2
x2 <- 0x00000002


mem[X,0x80005AC0] -> 0x006F
mem[X,0x80005AC2] -> 0x00C0
[701] [M]: 0x80005AC0 (0x00C0006F) jal zero, 12


mem[X,0x80005ACC] -> 0xA423
mem[X,0x80005ACE] -> 0x0C20
[702] [M]: 0x80005ACC (0x0C20A423) sw sp, 200(ra)
mem[0x80039330] <- 0x00000002


mem[X,0x80005AD0] -> 0x0513
mem[X,0x80005AD2] -> 0x1000
[703] [M]: 0x80005AD0 (0x10000513) addi a0, zero, 256
x10 <- 0x00000100


mem[X,0x80005AD4] -> 0x35B7
mem[X,0x80005AD6] -> 0x3333
[704] [M]: 0x80005AD4 (0x333335B7) lui a1, 209715
x11 <- 0x33333000


mem[X,0x80005AD8] -> 0x8593
mem[X,0x80005ADA] -> 0x3325
[705] [M]: 0x80005AD8 (0x33258593) addi a1, a1, 818
x11 <- 0x33333332


mem[X,0x80005ADC] -> 0x0113
mem[X,0x80005ADE] -> 0x0000
[706] [M]: 0x80005ADC (0x00000113) addi sp, zero, 0
x2 <- 0x00000000


mem[X,0x80005AE0] -> 0x006F
mem[X,0x80005AE2] -> 0x00C0
[707] [M]: 0x80005AE0 (0x00C0006F) jal zero, 12


mem[X,0x80005AEC] -> 0x0663
mem[X,0x80005AEE] -> 0x00B5
[708] [M]: 0x80005AEC (0x00B50663) beq a0, a1, 12


mem[X,0x80005AF0] -> 0x0113
mem[X,0x80005AF2] -> 0x0021
[709] [M]: 0x80005AF0 (0x00210113) addi sp, sp, 2
x2 <- 0x00000002


mem[X,0x80005AF4] -> 0x006F
mem[X,0x80005AF6] -> 0x00C0
[710] [M]: 0x80005AF4 (0x00C0006F) jal zero, 12


mem[X,0x80005B00] -> 0xA623
mem[X,0x80005B02] -> 0x0C20
[711] [M]: 0x80005B00 (0x0C20A623) sw sp, 204(ra)
mem[0x80039334] <- 0x00000002


mem[X,0x80005B04] -> 0x1537
mem[X,0x80005B06] -> 0x0000
[712] [M]: 0x80005B04 (0x00001537) lui a0, 1
x10 <- 0x00001000


mem[X,0x80005B08] -> 0x0593
mem[X,0x80005B0A] -> 0x1000
[713] [M]: 0x80005B08 (0x10000593) addi a1, zero, 256
x11 <- 0x00000100


mem[X,0x80005B0C] -> 0x0113
mem[X,0x80005B0E] -> 0x0000
[714] [M]: 0x80005B0C (0x00000113) addi sp, zero, 0
x2 <- 0x00000000


mem[X,0x80005B10] -> 0x006F
mem[X,0x80005B12] -> 0x2B10
[715] [M]: 0x80005B10 (0x2B10006F) jal zero, 2736


mem[X,0x800065C0] -> 0x0A63
mem[X,0x800065C2] -> 0xD4B5
[716] [M]: 0x800065C0 (0xD4B50A63) beq a0, a1, 5460


mem[X,0x800065C4] -> 0x0113
mem[X,0x800065C6] -> 0x0021
[717] [M]: 0x800065C4 (0x00210113) addi sp, sp, 2
x2 <- 0x00000002


mem[X,0x800065C8] -> 0x006F
mem[X,0x800065CA] -> 0x00C0
[718] [M]: 0x800065C8 (0x00C0006F) jal zero, 12


mem[X,0x800065D4] -> 0xA823
mem[X,0x800065D6] -> 0x0C20
[719] [M]: 0x800065D4 (0x0C20A823) sw sp, 208(ra)
mem[0x80039338] <- 0x00000002


mem[X,0x800065D8] -> 0x4537
mem[X,0x800065DA] -> 0x0000
[720] [M]: 0x800065D8 (0x00004537) lui a0, 4
x10 <- 0x00004000


mem[X,0x800065DC] -> 0x0593
mem[X,0x800065DE] -> 0xFF60
[721] [M]: 0x800065DC (0xFF600593) addi a1, zero, 4086
x11 <- 0xFFFFFFF6


mem[X,0x800065E0] -> 0x0113
mem[X,0x800065E2] -> 0x0000
[722] [M]: 0x800065E0 (0x00000113) addi sp, zero, 0
x2 <- 0x00000000


mem[X,0x800065E4] -> 0x006F
mem[X,0x800065E6] -> 0x00C0
[723] [M]: 0x800065E4 (0x00C0006F) jal zero, 12


mem[X,0x800065F0] -> 0x0663
mem[X,0x800065F2] -> 0x00B5
[724] [M]: 0x800065F0 (0x00B50663) beq a0, a1, 12


mem[X,0x800065F4] -> 0x0113
mem[X,0x800065F6] -> 0x0021
[725] [M]: 0x800065F4 (0x00210113) addi sp, sp, 2
x2 <- 0x00000002


mem[X,0x800065F8] -> 0x006F
mem[X,0x800065FA] -> 0x00C0
[726] [M]: 0x800065F8 (0x00C0006F) jal zero, 12


mem[X,0x80006604] -> 0xAA23
mem[X,0x80006606] -> 0x0C20
[727] [M]: 0x80006604 (0x0C20AA23) sw sp, 212(ra)
mem[0x8003933C] <- 0x00000002


mem[X,0x80006608] -> 0x0537
mem[X,0x8000660A] -> 0x0001
[728] [M]: 0x80006608 (0x00010537) lui a0, 16
x10 <- 0x00010000


mem[X,0x8000660C] -> 0x0593
mem[X,0x8000660E] -> 0xFF80
[729] [M]: 0x8000660C (0xFF800593) addi a1, zero, 4088
x11 <- 0xFFFFFFF8


mem[X,0x80006610] -> 0x0113
mem[X,0x80006612] -> 0x0000
[730] [M]: 0x80006610 (0x00000113) addi sp, zero, 0
x2 <- 0x00000000


mem[X,0x80006614] -> 0x006F
mem[X,0x80006616] -> 0x00C0
[731] [M]: 0x80006614 (0x00C0006F) jal zero, 12


mem[X,0x80006620] -> 0x0663
mem[X,0x80006622] -> 0x00B5
[732] [M]: 0x80006620 (0x00B50663) beq a0, a1, 12


mem[X,0x80006624] -> 0x0113
mem[X,0x80006626] -> 0x0021
[733] [M]: 0x80006624 (0x00210113) addi sp, sp, 2
x2 <- 0x00000002


mem[X,0x80006628] -> 0x006F
mem[X,0x8000662A] -> 0x00C0
[734] [M]: 0x80006628 (0x00C0006F) jal zero, 12


mem[X,0x80006634] -> 0xAC23
mem[X,0x80006636] -> 0x0C20
[735] [M]: 0x80006634 (0x0C20AC23) sw sp, 216(ra)
mem[0x80039340] <- 0x00000002


mem[X,0x80006638] -> 0x0537
mem[X,0x8000663A] -> 0x0002
[736] [M]: 0x80006638 (0x00020537) lui a0, 32
x10 <- 0x00020000


mem[X,0x8000663C] -> 0x55B7
mem[X,0x8000663E] -> 0x5555
[737] [M]: 0x8000663C (0x555555B7) lui a1, 349525
x11 <- 0x55555000


mem[X,0x80006640] -> 0x8593
mem[X,0x80006642] -> 0x5555
[738] [M]: 0x80006640 (0x55558593) addi a1, a1, 1365
x11 <- 0x55555555


mem[X,0x80006644] -> 0x0113
mem[X,0x80006646] -> 0x0000
[739] [M]: 0x80006644 (0x00000113) addi sp, zero, 0
x2 <- 0x00000000


mem[X,0x80006648] -> 0x006F
mem[X,0x8000664A] -> 0x0050
[740] [M]: 0x80006648 (0x0050006F) jal zero, 2052


mem[X,0x80006E4C] -> 0x00E3
mem[X,0x80006E4E] -> 0x80B5
[741] [M]: 0x80006E4C (0x80B500E3) beq a0, a1, 6144


mem[X,0x80006E50] -> 0x0113
mem[X,0x80006E52] -> 0x0021
[742] [M]: 0x80006E50 (0x00210113) addi sp, sp, 2
x2 <- 0x00000002


mem[X,0x80006E54] -> 0x006F
mem[X,0x80006E56] -> 0x00C0
[743] [M]: 0x80006E54 (0x00C0006F) jal zero, 12


mem[X,0x80006E60] -> 0xAE23
mem[X,0x80006E62] -> 0x0C20
[744] [M]: 0x80006E60 (0x0C20AE23) sw sp, 220(ra)
mem[0x80039344] <- 0x00000002


mem[X,0x80006E64] -> 0x0537
mem[X,0x80006E66] -> 0x0004
[745] [M]: 0x80006E64 (0x00040537) lui a0, 64
x10 <- 0x00040000


mem[X,0x80006E68] -> 0xF5B7
mem[X,0x80006E6A] -> 0xFFFF
[746] [M]: 0x80006E68 (0xFFFFF5B7) lui a1, 1048575
x11 <- 0xFFFFF000


mem[X,0x80006E6C] -> 0x8593
mem[X,0x80006E6E] -> 0xFFF5
[747] [M]: 0x80006E6C (0xFFF58593) addi a1, a1, 4095
x11 <- 0xFFFFEFFF


mem[X,0x80006E70] -> 0x0113
mem[X,0x80006E72] -> 0x0000
[748] [M]: 0x80006E70 (0x00000113) addi sp, zero, 0
x2 <- 0x00000000


mem[X,0x80006E74] -> 0x006F
mem[X,0x80006E76] -> 0x00C0
[749] [M]: 0x80006E74 (0x00C0006F) jal zero, 12


mem[X,0x80006E80] -> 0x0063
mem[X,0x80006E82] -> 0x02B5
[750] [M]: 0x80006E80 (0x02B50063) beq a0, a1, 32


mem[X,0x80006E84] -> 0x0113
mem[X,0x80006E86] -> 0x0021
[751] [M]: 0x80006E84 (0x00210113) addi sp, sp, 2
x2 <- 0x00000002


mem[X,0x80006E88] -> 0x006F
mem[X,0x80006E8A] -> 0x0200
[752] [M]: 0x80006E88 (0x0200006F) jal zero, 32


mem[X,0x80006EA8] -> 0xA023
mem[X,0x80006EAA] -> 0x0E20
[753] [M]: 0x80006EA8 (0x0E20A023) sw sp, 224(ra)
mem[0x80039348] <- 0x00000002


mem[X,0x80006EAC] -> 0x0537
mem[X,0x80006EAE] -> 0x0080
[754] [M]: 0x80006EAC (0x00800537) lui a0, 2048
x10 <- 0x00800000


mem[X,0x80006EB0] -> 0x05B7
mem[X,0x80006EB2] -> 0xFFC0
[755] [M]: 0x80006EB0 (0xFFC005B7) lui a1, 1047552
x11 <- 0xFFC00000


mem[X,0x80006EB4] -> 0x8593
mem[X,0x80006EB6] -> 0xFFF5
[756] [M]: 0x80006EB4 (0xFFF58593) addi a1, a1, 4095
x11 <- 0xFFBFFFFF


mem[X,0x80006EB8] -> 0x0113
mem[X,0x80006EBA] -> 0x0000
[757] [M]: 0x80006EB8 (0x00000113) addi sp, zero, 0
x2 <- 0x00000000


mem[X,0x80006EBC] -> 0x006F
mem[X,0x80006EBE] -> 0x00C0
[758] [M]: 0x80006EBC (0x00C0006F) jal zero, 12


mem[X,0x80006EC8] -> 0x0063
mem[X,0x80006ECA] -> 0x40B5
[759] [M]: 0x80006EC8 (0x40B50063) beq a0, a1, 1024


mem[X,0x80006ECC] -> 0x0113
mem[X,0x80006ECE] -> 0x0021
[760] [M]: 0x80006ECC (0x00210113) addi sp, sp, 2
x2 <- 0x00000002


mem[X,0x80006ED0] -> 0x006F
mem[X,0x80006ED2] -> 0x4000
[761] [M]: 0x80006ED0 (0x4000006F) jal zero, 1024


mem[X,0x800072D0] -> 0xA223
mem[X,0x800072D2] -> 0x0E20
[762] [M]: 0x800072D0 (0x0E20A223) sw sp, 228(ra)
mem[0x8003934C] <- 0x00000002


mem[X,0x800072D4] -> 0x0537
mem[X,0x800072D6] -> 0x0200
[763] [M]: 0x800072D4 (0x02000537) lui a0, 8192
x10 <- 0x02000000


mem[X,0x800072D8] -> 0x0593
mem[X,0x800072DA] -> 0xFBF0
[764] [M]: 0x800072D8 (0xFBF00593) addi a1, zero, 4031
x11 <- 0xFFFFFFBF


mem[X,0x800072DC] -> 0x0113
mem[X,0x800072DE] -> 0x0000
[765] [M]: 0x800072DC (0x00000113) addi sp, zero, 0
x2 <- 0x00000000


mem[X,0x800072E0] -> 0x006F
mem[X,0x800072E2] -> 0x00C0
[766] [M]: 0x800072E0 (0x00C0006F) jal zero, 12


mem[X,0x800072EC] -> 0x0063
mem[X,0x800072EE] -> 0x40B5
[767] [M]: 0x800072EC (0x40B50063) beq a0, a1, 1024


mem[X,0x800072F0] -> 0x0113
mem[X,0x800072F2] -> 0x0021
[768] [M]: 0x800072F0 (0x00210113) addi sp, sp, 2
x2 <- 0x00000002


mem[X,0x800072F4] -> 0x006F
mem[X,0x800072F6] -> 0x4000
[769] [M]: 0x800072F4 (0x4000006F) jal zero, 1024


mem[X,0x800076F4] -> 0xA423
mem[X,0x800076F6] -> 0x0E20
[770] [M]: 0x800076F4 (0x0E20A423) sw sp, 232(ra)
mem[0x80039350] <- 0x00000002


mem[X,0x800076F8] -> 0x0537
mem[X,0x800076FA] -> 0x0800
[771] [M]: 0x800076F8 (0x08000537) lui a0, 32768
x10 <- 0x08000000


mem[X,0x800076FC] -> 0x0593
mem[X,0x800076FE] -> 0x0030
[772] [M]: 0x800076FC (0x00300593) addi a1, zero, 3
x11 <- 0x00000003


mem[X,0x80007700] -> 0x0113
mem[X,0x80007702] -> 0x0000
[773] [M]: 0x80007700 (0x00000113) addi sp, zero, 0
x2 <- 0x00000000


mem[X,0x80007704] -> 0x006F
mem[X,0x80007706] -> 0x00C0
[774] [M]: 0x80007704 (0x00C0006F) jal zero, 12


mem[X,0x80007710] -> 0x0663
mem[X,0x80007712] -> 0x00B5
[775] [M]: 0x80007710 (0x00B50663) beq a0, a1, 12


mem[X,0x80007714] -> 0x0113
mem[X,0x80007716] -> 0x0021
[776] [M]: 0x80007714 (0x00210113) addi sp, sp, 2
x2 <- 0x00000002


mem[X,0x80007718] -> 0x006F
mem[X,0x8000771A] -> 0x00C0
[777] [M]: 0x80007718 (0x00C0006F) jal zero, 12


mem[X,0x80007724] -> 0xA623
mem[X,0x80007726] -> 0x0E20
[778] [M]: 0x80007724 (0x0E20A623) sw sp, 236(ra)
mem[0x80039354] <- 0x00000002


mem[X,0x80007728] -> 0x0537
mem[X,0x8000772A] -> 0x1000
[779] [M]: 0x80007728 (0x10000537) lui a0, 65536
x10 <- 0x10000000


mem[X,0x8000772C] -> 0x0593
mem[X,0x8000772E] -> 0x0080
[780] [M]: 0x8000772C (0x00800593) addi a1, zero, 8
x11 <- 0x00000008


mem[X,0x80007730] -> 0x0113
mem[X,0x80007732] -> 0x0000
[781] [M]: 0x80007730 (0x00000113) addi sp, zero, 0
x2 <- 0x00000000


mem[X,0x80007734] -> 0x006F
mem[X,0x80007736] -> 0x0180
[782] [M]: 0x80007734 (0x0180006F) jal zero, 24


mem[X,0x8000774C] -> 0x06E3
mem[X,0x8000774E] -> 0xFEB5
[783] [M]: 0x8000774C (0xFEB506E3) beq a0, a1, 8172


mem[X,0x80007750] -> 0x0113
mem[X,0x80007752] -> 0x0021
[784] [M]: 0x80007750 (0x00210113) addi sp, sp, 2
x2 <- 0x00000002


mem[X,0x80007754] -> 0x006F
mem[X,0x80007756] -> 0x00C0
[785] [M]: 0x80007754 (0x00C0006F) jal zero, 12


mem[X,0x80007760] -> 0xA823
mem[X,0x80007762] -> 0x0E20
[786] [M]: 0x80007760 (0x0E20A823) sw sp, 240(ra)
mem[0x80039358] <- 0x00000002


mem[X,0x80007764] -> 0x0537
mem[X,0x80007766] -> 0x4000
[787] [M]: 0x80007764 (0x40000537) lui a0, 262144
x10 <- 0x40000000


mem[X,0x80007768] -> 0x35B7
mem[X,0x8000776A] -> 0x3333
[788] [M]: 0x80007768 (0x333335B7) lui a1, 209715
x11 <- 0x33333000


mem[X,0x8000776C] -> 0x8593
mem[X,0x8000776E] -> 0x3335
[789] [M]: 0x8000776C (0x33358593) addi a1, a1, 819
x11 <- 0x33333333


mem[X,0x80007770] -> 0x0113
mem[X,0x80007772] -> 0x0000
[790] [M]: 0x80007770 (0x00000113) addi sp, zero, 0
x2 <- 0x00000000


mem[X,0x80007774] -> 0x006F
mem[X,0x80007776] -> 0x00C0
[791] [M]: 0x80007774 (0x00C0006F) jal zero, 12


mem[X,0x80007780] -> 0x0CE3
mem[X,0x80007782] -> 0xFEB5
[792] [M]: 0x80007780 (0xFEB50CE3) beq a0, a1, 8184


mem[X,0x80007784] -> 0x0113
mem[X,0x80007786] -> 0x0021
[793] [M]: 0x80007784 (0x00210113) addi sp, sp, 2
x2 <- 0x00000002


mem[X,0x80007788] -> 0x006F
mem[X,0x8000778A] -> 0x00C0
[794] [M]: 0x80007788 (0x00C0006F) jal zero, 12


mem[X,0x80007794] -> 0xAA23
mem[X,0x80007796] -> 0x0E20
[795] [M]: 0x80007794 (0x0E20AA23) sw sp, 244(ra)
mem[0x8003935C] <- 0x00000002


mem[X,0x80007798] -> 0x0513
mem[X,0x8000779A] -> 0xFFB0
[796] [M]: 0x80007798 (0xFFB00513) addi a0, zero, 4091
x10 <- 0xFFFFFFFB


mem[X,0x8000779C] -> 0x0593
mem[X,0x8000779E] -> 0xFF60
[797] [M]: 0x8000779C (0xFF600593) addi a1, zero, 4086
x11 <- 0xFFFFFFF6


mem[X,0x800077A0] -> 0x0113
mem[X,0x800077A2] -> 0x0000
[798] [M]: 0x800077A0 (0x00000113) addi sp, zero, 0
x2 <- 0x00000000


mem[X,0x800077A4] -> 0x006F
mem[X,0x800077A6] -> 0x0050
[799] [M]: 0x800077A4 (0x0050006F) jal zero, 2052


clint::tick mtime <- 0x0000000000000008
 clint timer pending at mtime 0x0000000000000008
htif::tick 0x0000000000000000
mem[X,0x80007FA8] -> 0x00E3
mem[X,0x80007FAA] -> 0x80B5
[800] [M]: 0x80007FA8 (0x80B500E3) beq a0, a1, 6144


mem[X,0x80007FAC] -> 0x0113
mem[X,0x80007FAE] -> 0x0021
[801] [M]: 0x80007FAC (0x00210113) addi sp, sp, 2
x2 <- 0x00000002


mem[X,0x80007FB0] -> 0x006F
mem[X,0x80007FB2] -> 0x00C0
[802] [M]: 0x80007FB0 (0x00C0006F) jal zero, 12


mem[X,0x80007FBC] -> 0xAC23
mem[X,0x80007FBE] -> 0x0E20
[803] [M]: 0x80007FBC (0x0E20AC23) sw sp, 248(ra)
mem[0x80039360] <- 0x00000002


mem[X,0x80007FC0] -> 0x0513
mem[X,0x80007FC2] -> 0xFF70
[804] [M]: 0x80007FC0 (0xFF700513) addi a0, zero, 4087
x10 <- 0xFFFFFFF7


mem[X,0x80007FC4] -> 0x0593
mem[X,0x80007FC6] -> 0xBFF0
[805] [M]: 0x80007FC4 (0xBFF00593) addi a1, zero, 3071
x11 <- 0xFFFFFBFF


mem[X,0x80007FC8] -> 0x0113
mem[X,0x80007FCA] -> 0x0000
[806] [M]: 0x80007FC8 (0x00000113) addi sp, zero, 0
x2 <- 0x00000000


mem[X,0x80007FCC] -> 0x006F
mem[X,0x80007FCE] -> 0x00C0
[807] [M]: 0x80007FCC (0x00C0006F) jal zero, 12


mem[X,0x80007FD8] -> 0x0663
mem[X,0x80007FDA] -> 0x00B5
[808] [M]: 0x80007FD8 (0x00B50663) beq a0, a1, 12


mem[X,0x80007FDC] -> 0x0113
mem[X,0x80007FDE] -> 0x0021
[809] [M]: 0x80007FDC (0x00210113) addi sp, sp, 2
x2 <- 0x00000002


mem[X,0x80007FE0] -> 0x006F
mem[X,0x80007FE2] -> 0x00C0
[810] [M]: 0x80007FE0 (0x00C0006F) jal zero, 12


mem[X,0x80007FEC] -> 0xAE23
mem[X,0x80007FEE] -> 0x0E20
[811] [M]: 0x80007FEC (0x0E20AE23) sw sp, 252(ra)
mem[0x80039364] <- 0x00000002


mem[X,0x80007FF0] -> 0x0513
mem[X,0x80007FF2] -> 0xFDF0
[812] [M]: 0x80007FF0 (0xFDF00513) addi a0, zero, 4063
x10 <- 0xFFFFFFDF


mem[X,0x80007FF4] -> 0xF5B7
mem[X,0x80007FF6] -> 0xFFFF
[813] [M]: 0x80007FF4 (0xFFFFF5B7) lui a1, 1048575
x11 <- 0xFFFFF000


mem[X,0x80007FF8] -> 0x8593
mem[X,0x80007FFA] -> 0x7FF5
[814] [M]: 0x80007FF8 (0x7FF58593) addi a1, a1, 2047
x11 <- 0xFFFFF7FF


mem[X,0x80007FFC] -> 0x0113
mem[X,0x80007FFE] -> 0x0000
[815] [M]: 0x80007FFC (0x00000113) addi sp, zero, 0
x2 <- 0x00000000


mem[X,0x80008000] -> 0x006F
mem[X,0x80008002] -> 0x00C0
[816] [M]: 0x80008000 (0x00C0006F) jal zero, 12


mem[X,0x8000800C] -> 0x0663
mem[X,0x8000800E] -> 0x00B5
[817] [M]: 0x8000800C (0x00B50663) beq a0, a1, 12


mem[X,0x80008010] -> 0x0113
mem[X,0x80008012] -> 0x0021
[818] [M]: 0x80008010 (0x00210113) addi sp, sp, 2
x2 <- 0x00000002


mem[X,0x80008014] -> 0x006F
mem[X,0x80008016] -> 0x00C0
[819] [M]: 0x80008014 (0x00C0006F) jal zero, 12


mem[X,0x80008020] -> 0xA023
mem[X,0x80008022] -> 0x1020
[820] [M]: 0x80008020 (0x1020A023) sw sp, 256(ra)
mem[0x80039368] <- 0x00000002


mem[X,0x80008024] -> 0x0513
mem[X,0x80008026] -> 0xFBF0
[821] [M]: 0x80008024 (0xFBF00513) addi a0, zero, 4031
x10 <- 0xFFFFFFBF


mem[X,0x80008028] -> 0x0593
mem[X,0x8000802A] -> 0x4000
[822] [M]: 0x80008028 (0x40000593) addi a1, zero, 1024
x11 <- 0x00000400


mem[X,0x8000802C] -> 0x0113
mem[X,0x8000802E] -> 0x0000
[823] [M]: 0x8000802C (0x00000113) addi sp, zero, 0
x2 <- 0x00000000


mem[X,0x80008030] -> 0x006F
mem[X,0x80008032] -> 0x0100
[824] [M]: 0x80008030 (0x0100006F) jal zero, 16


mem[X,0x80008040] -> 0x0AE3
mem[X,0x80008042] -> 0xFEB5
[825] [M]: 0x80008040 (0xFEB50AE3) beq a0, a1, 8180


mem[X,0x80008044] -> 0x0113
mem[X,0x80008046] -> 0x0021
[826] [M]: 0x80008044 (0x00210113) addi sp, sp, 2
x2 <- 0x00000002


mem[X,0x80008048] -> 0x006F
mem[X,0x8000804A] -> 0x00C0
[827] [M]: 0x80008048 (0x00C0006F) jal zero, 12


mem[X,0x80008054] -> 0xA223
mem[X,0x80008056] -> 0x1020
[828] [M]: 0x80008054 (0x1020A223) sw sp, 260(ra)
mem[0x8003936C] <- 0x00000002


mem[X,0x80008058] -> 0x0513
mem[X,0x8000805A] -> 0xF7F0
[829] [M]: 0x80008058 (0xF7F00513) addi a0, zero, 3967
x10 <- 0xFFFFFF7F


mem[X,0x8000805C] -> 0x55B7
mem[X,0x8000805E] -> 0x5555
[830] [M]: 0x8000805C (0x555555B7) lui a1, 349525
x11 <- 0x55555000


mem[X,0x80008060] -> 0x8593
mem[X,0x80008062] -> 0x5555
[831] [M]: 0x80008060 (0x55558593) addi a1, a1, 1365
x11 <- 0x55555555


mem[X,0x80008064] -> 0x0113
mem[X,0x80008066] -> 0x0000
[832] [M]: 0x80008064 (0x00000113) addi sp, zero, 0
x2 <- 0x00000000


mem[X,0x80008068] -> 0x006F
mem[X,0x8000806A] -> 0x00C0
[833] [M]: 0x80008068 (0x00C0006F) jal zero, 12


mem[X,0x80008074] -> 0x0063
mem[X,0x80008076] -> 0x10B5
[834] [M]: 0x80008074 (0x10B50063) beq a0, a1, 256


mem[X,0x80008078] -> 0x0113
mem[X,0x8000807A] -> 0x0021
[835] [M]: 0x80008078 (0x00210113) addi sp, sp, 2
x2 <- 0x00000002


mem[X,0x8000807C] -> 0x006F
mem[X,0x8000807E] -> 0x1000
[836] [M]: 0x8000807C (0x1000006F) jal zero, 256


mem[X,0x8000817C] -> 0xA423
mem[X,0x8000817E] -> 0x1020
[837] [M]: 0x8000817C (0x1020A423) sw sp, 264(ra)
mem[0x80039370] <- 0x00000002


mem[X,0x80008180] -> 0x0513
mem[X,0x80008182] -> 0xBFF0
[838] [M]: 0x80008180 (0xBFF00513) addi a0, zero, 3071
x10 <- 0xFFFFFBFF


mem[X,0x80008184] -> 0x0593
mem[X,0x80008186] -> 0x0000
[839] [M]: 0x80008184 (0x00000593) addi a1, zero, 0
x11 <- 0x00000000


mem[X,0x80008188] -> 0x0113
mem[X,0x8000818A] -> 0x0000
[840] [M]: 0x80008188 (0x00000113) addi sp, zero, 0
x2 <- 0x00000000


mem[X,0x8000818C] -> 0x006F
mem[X,0x8000818E] -> 0x00C0
[841] [M]: 0x8000818C (0x00C0006F) jal zero, 12


mem[X,0x80008198] -> 0x0CE3
mem[X,0x8000819A] -> 0xFEB5
[842] [M]: 0x80008198 (0xFEB50CE3) beq a0, a1, 8184


mem[X,0x8000819C] -> 0x0113
mem[X,0x8000819E] -> 0x0021
[843] [M]: 0x8000819C (0x00210113) addi sp, sp, 2
x2 <- 0x00000002


mem[X,0x800081A0] -> 0x006F
mem[X,0x800081A2] -> 0x00C0
[844] [M]: 0x800081A0 (0x00C0006F) jal zero, 12


mem[X,0x800081AC] -> 0xA623
mem[X,0x800081AE] -> 0x1020
[845] [M]: 0x800081AC (0x1020A623) sw sp, 268(ra)
mem[0x80039374] <- 0x00000002


mem[X,0x800081B0] -> 0x8537
mem[X,0x800081B2] -> 0xFFFF
[846] [M]: 0x800081B0 (0xFFFF8537) lui a0, 1048568
x10 <- 0xFFFF8000


mem[X,0x800081B4] -> 0x0513
mem[X,0x800081B6] -> 0xFFF5
[847] [M]: 0x800081B4 (0xFFF50513) addi a0, a0, 4095
x10 <- 0xFFFF7FFF


mem[X,0x800081B8] -> 0x0593
mem[X,0x800081BA] -> 0xFFC0
[848] [M]: 0x800081B8 (0xFFC00593) addi a1, zero, 4092
x11 <- 0xFFFFFFFC


mem[X,0x800081BC] -> 0x0113
mem[X,0x800081BE] -> 0x0000
[849] [M]: 0x800081BC (0x00000113) addi sp, zero, 0
x2 <- 0x00000000


mem[X,0x800081C0] -> 0x006F
mem[X,0x800081C2] -> 0x0140
[850] [M]: 0x800081C0 (0x0140006F) jal zero, 20


mem[X,0x800081D4] -> 0x08E3
mem[X,0x800081D6] -> 0xFEB5
[851] [M]: 0x800081D4 (0xFEB508E3) beq a0, a1, 8176


mem[X,0x800081D8] -> 0x0113
mem[X,0x800081DA] -> 0x0021
[852] [M]: 0x800081D8 (0x00210113) addi sp, sp, 2
x2 <- 0x00000002


mem[X,0x800081DC] -> 0x006F
mem[X,0x800081DE] -> 0x00C0
[853] [M]: 0x800081DC (0x00C0006F) jal zero, 12


mem[X,0x800081E8] -> 0xA823
mem[X,0x800081EA] -> 0x1020
[854] [M]: 0x800081E8 (0x1020A823) sw sp, 272(ra)
mem[0x80039378] <- 0x00000002


mem[X,0x800081EC] -> 0x0537
mem[X,0x800081EE] -> 0xFFFF
[855] [M]: 0x800081EC (0xFFFF0537) lui a0, 1048560
x10 <- 0xFFFF0000


mem[X,0x800081F0] -> 0x0513
mem[X,0x800081F2] -> 0xFFF5
[856] [M]: 0x800081F0 (0xFFF50513) addi a0, a0, 4095
x10 <- 0xFFFEFFFF


mem[X,0x800081F4] -> 0x0593
mem[X,0x800081F6] -> 0x0020
[857] [M]: 0x800081F4 (0x00200593) addi a1, zero, 2
x11 <- 0x00000002


mem[X,0x800081F8] -> 0x0113
mem[X,0x800081FA] -> 0x0000
[858] [M]: 0x800081F8 (0x00000113) addi sp, zero, 0
x2 <- 0x00000000


mem[X,0x800081FC] -> 0x006F
mem[X,0x800081FE] -> 0x0180
[859] [M]: 0x800081FC (0x0180006F) jal zero, 24


mem[X,0x80008214] -> 0x06E3
mem[X,0x80008216] -> 0xFEB5
[860] [M]: 0x80008214 (0xFEB506E3) beq a0, a1, 8172


mem[X,0x80008218] -> 0x0113
mem[X,0x8000821A] -> 0x0021
[861] [M]: 0x80008218 (0x00210113) addi sp, sp, 2
x2 <- 0x00000002


mem[X,0x8000821C] -> 0x006F
mem[X,0x8000821E] -> 0x00C0
[862] [M]: 0x8000821C (0x00C0006F) jal zero, 12


mem[X,0x80008228] -> 0xAA23
mem[X,0x8000822A] -> 0x1020
[863] [M]: 0x80008228 (0x1020AA23) sw sp, 276(ra)
mem[0x8003937C] <- 0x00000002


mem[X,0x8000822C] -> 0x0537
mem[X,0x8000822E] -> 0xFFFC
[864] [M]: 0x8000822C (0xFFFC0537) lui a0, 1048512
x10 <- 0xFFFC0000


mem[X,0x80008230] -> 0x0513
mem[X,0x80008232] -> 0xFFF5
[865] [M]: 0x80008230 (0xFFF50513) addi a0, a0, 4095
x10 <- 0xFFFBFFFF


mem[X,0x80008234] -> 0x55B7
mem[X,0x80008236] -> 0x5555
[866] [M]: 0x80008234 (0x555555B7) lui a1, 349525
x11 <- 0x55555000


mem[X,0x80008238] -> 0x8593
mem[X,0x8000823A] -> 0x5555
[867] [M]: 0x80008238 (0x55558593) addi a1, a1, 1365
x11 <- 0x55555555


mem[X,0x8000823C] -> 0x0113
mem[X,0x8000823E] -> 0x0000
[868] [M]: 0x8000823C (0x00000113) addi sp, zero, 0
x2 <- 0x00000000


mem[X,0x80008240] -> 0x006F
mem[X,0x80008242] -> 0x00C0
[869] [M]: 0x80008240 (0x00C0006F) jal zero, 12


mem[X,0x8000824C] -> 0x0663
mem[X,0x8000824E] -> 0x00B5
[870] [M]: 0x8000824C (0x00B50663) beq a0, a1, 12


mem[X,0x80008250] -> 0x0113
mem[X,0x80008252] -> 0x0021
[871] [M]: 0x80008250 (0x00210113) addi sp, sp, 2
x2 <- 0x00000002


mem[X,0x80008254] -> 0x006F
mem[X,0x80008256] -> 0x00C0
[872] [M]: 0x80008254 (0x00C0006F) jal zero, 12


mem[X,0x80008260] -> 0xAC23
mem[X,0x80008262] -> 0x1020
[873] [M]: 0x80008260 (0x1020AC23) sw sp, 280(ra)
mem[0x80039380] <- 0x00000002


mem[X,0x80008264] -> 0x0537
mem[X,0x80008266] -> 0xFFF8
[874] [M]: 0x80008264 (0xFFF80537) lui a0, 1048448
x10 <- 0xFFF80000


mem[X,0x80008268] -> 0x0513
mem[X,0x8000826A] -> 0xFFF5
[875] [M]: 0x80008268 (0xFFF50513) addi a0, a0, 4095
x10 <- 0xFFF7FFFF


mem[X,0x8000826C] -> 0x0593
mem[X,0x8000826E] -> 0xFBF0
[876] [M]: 0x8000826C (0xFBF00593) addi a1, zero, 4031
x11 <- 0xFFFFFFBF


mem[X,0x80008270] -> 0x0113
mem[X,0x80008272] -> 0x0000
[877] [M]: 0x80008270 (0x00000113) addi sp, zero, 0
x2 <- 0x00000000


mem[X,0x80008274] -> 0x006F
mem[X,0x80008276] -> 0x00C0
[878] [M]: 0x80008274 (0x00C0006F) jal zero, 12


mem[X,0x80008280] -> 0x0063
mem[X,0x80008282] -> 0x20B5
[879] [M]: 0x80008280 (0x20B50063) beq a0, a1, 512


mem[X,0x80008284] -> 0x0113
mem[X,0x80008286] -> 0x0021
[880] [M]: 0x80008284 (0x00210113) addi sp, sp, 2
x2 <- 0x00000002


mem[X,0x80008288] -> 0x006F
mem[X,0x8000828A] -> 0x2000
[881] [M]: 0x80008288 (0x2000006F) jal zero, 512


mem[X,0x80008488] -> 0xAE23
mem[X,0x8000848A] -> 0x1020
[882] [M]: 0x80008488 (0x1020AE23) sw sp, 284(ra)
mem[0x80039384] <- 0x00000002


mem[X,0x8000848C] -> 0x0537
mem[X,0x8000848E] -> 0xFFF0
[883] [M]: 0x8000848C (0xFFF00537) lui a0, 1048320
x10 <- 0xFFF00000


mem[X,0x80008490] -> 0x0513
mem[X,0x80008492] -> 0xFFF5
[884] [M]: 0x80008490 (0xFFF50513) addi a0, a0, 4095
x10 <- 0xFFEFFFFF


mem[X,0x80008494] -> 0x05B7
mem[X,0x80008496] -> 0x0200
[885] [M]: 0x80008494 (0x020005B7) lui a1, 8192
x11 <- 0x02000000


mem[X,0x80008498] -> 0x0113
mem[X,0x8000849A] -> 0x0000
[886] [M]: 0x80008498 (0x00000113) addi sp, zero, 0
x2 <- 0x00000000


mem[X,0x8000849C] -> 0x006F
mem[X,0x8000849E] -> 0x00C0
[887] [M]: 0x8000849C (0x00C0006F) jal zero, 12


mem[X,0x800084A8] -> 0x0063
mem[X,0x800084AA] -> 0x08B5
[888] [M]: 0x800084A8 (0x08B50063) beq a0, a1, 128


mem[X,0x800084AC] -> 0x0113
mem[X,0x800084AE] -> 0x0021
[889] [M]: 0x800084AC (0x00210113) addi sp, sp, 2
x2 <- 0x00000002


mem[X,0x800084B0] -> 0x006F
mem[X,0x800084B2] -> 0x0800
[890] [M]: 0x800084B0 (0x0800006F) jal zero, 128


mem[X,0x80008530] -> 0xA023
mem[X,0x80008532] -> 0x1220
[891] [M]: 0x80008530 (0x1220A023) sw sp, 288(ra)
mem[0x80039388] <- 0x00000002


mem[X,0x80008534] -> 0x0537
mem[X,0x80008536] -> 0xFF80
[892] [M]: 0x80008534 (0xFF800537) lui a0, 1046528
x10 <- 0xFF800000


mem[X,0x80008538] -> 0x0513
mem[X,0x8000853A] -> 0xFFF5
[893] [M]: 0x80008538 (0xFFF50513) addi a0, a0, 4095
x10 <- 0xFF7FFFFF


mem[X,0x8000853C] -> 0x05B7
mem[X,0x8000853E] -> 0x0002
[894] [M]: 0x8000853C (0x000205B7) lui a1, 32
x11 <- 0x00020000


mem[X,0x80008540] -> 0x0113
mem[X,0x80008542] -> 0x0000
[895] [M]: 0x80008540 (0x00000113) addi sp, zero, 0
x2 <- 0x00000000


mem[X,0x80008544] -> 0x006F
mem[X,0x80008546] -> 0x00C0
[896] [M]: 0x80008544 (0x00C0006F) jal zero, 12


mem[X,0x80008550] -> 0x0063
mem[X,0x80008552] -> 0x04B5
[897] [M]: 0x80008550 (0x04B50063) beq a0, a1, 64


mem[X,0x80008554] -> 0x0113
mem[X,0x80008556] -> 0x0021
[898] [M]: 0x80008554 (0x00210113) addi sp, sp, 2
x2 <- 0x00000002


mem[X,0x80008558] -> 0x006F
mem[X,0x8000855A] -> 0x0400
[899] [M]: 0x80008558 (0x0400006F) jal zero, 64


clint::tick mtime <- 0x0000000000000009
 clint timer pending at mtime 0x0000000000000009
htif::tick 0x0000000000000000
mem[X,0x80008598] -> 0xA223
mem[X,0x8000859A] -> 0x1220
[900] [M]: 0x80008598 (0x1220A223) sw sp, 292(ra)
mem[0x8003938C] <- 0x00000002


mem[X,0x8000859C] -> 0x0537
mem[X,0x8000859E] -> 0xFC00
[901] [M]: 0x8000859C (0xFC000537) lui a0, 1032192
x10 <- 0xFC000000


mem[X,0x800085A0] -> 0x0513
mem[X,0x800085A2] -> 0xFFF5
[902] [M]: 0x800085A0 (0xFFF50513) addi a0, a0, 4095
x10 <- 0xFBFFFFFF


mem[X,0x800085A4] -> 0xF5B7
mem[X,0x800085A6] -> 0xFFFF
[903] [M]: 0x800085A4 (0xFFFFF5B7) lui a1, 1048575
x11 <- 0xFFFFF000


mem[X,0x800085A8] -> 0x8593
mem[X,0x800085AA] -> 0x7FF5
[904] [M]: 0x800085A8 (0x7FF58593) addi a1, a1, 2047
x11 <- 0xFFFFF7FF


mem[X,0x800085AC] -> 0x0113
mem[X,0x800085AE] -> 0x0000
[905] [M]: 0x800085AC (0x00000113) addi sp, zero, 0
x2 <- 0x00000000


mem[X,0x800085B0] -> 0x006F
mem[X,0x800085B2] -> 0x0140
[906] [M]: 0x800085B0 (0x0140006F) jal zero, 20


mem[X,0x800085C4] -> 0x08E3
mem[X,0x800085C6] -> 0xFEB5
[907] [M]: 0x800085C4 (0xFEB508E3) beq a0, a1, 8176


mem[X,0x800085C8] -> 0x0113
mem[X,0x800085CA] -> 0x0021
[908] [M]: 0x800085C8 (0x00210113) addi sp, sp, 2
x2 <- 0x00000002


mem[X,0x800085CC] -> 0x006F
mem[X,0x800085CE] -> 0x00C0
[909] [M]: 0x800085CC (0x00C0006F) jal zero, 12


mem[X,0x800085D8] -> 0xA423
mem[X,0x800085DA] -> 0x1220
[910] [M]: 0x800085D8 (0x1220A423) sw sp, 296(ra)
mem[0x80039390] <- 0x00000002


mem[X,0x800085DC] -> 0x0537
mem[X,0x800085DE] -> 0xF000
[911] [M]: 0x800085DC (0xF0000537) lui a0, 983040
x10 <- 0xF0000000


mem[X,0x800085E0] -> 0x0513
mem[X,0x800085E2] -> 0xFFF5
[912] [M]: 0x800085E0 (0xFFF50513) addi a0, a0, 4095
x10 <- 0xEFFFFFFF


mem[X,0x800085E4] -> 0xF5B7
mem[X,0x800085E6] -> 0xFFFF
[913] [M]: 0x800085E4 (0xFFFFF5B7) lui a1, 1048575
x11 <- 0xFFFFF000


mem[X,0x800085E8] -> 0x8593
mem[X,0x800085EA] -> 0xFFF5
[914] [M]: 0x800085E8 (0xFFF58593) addi a1, a1, 4095
x11 <- 0xFFFFEFFF


mem[X,0x800085EC] -> 0x0113
mem[X,0x800085EE] -> 0x0000
[915] [M]: 0x800085EC (0x00000113) addi sp, zero, 0
x2 <- 0x00000000


mem[X,0x800085F0] -> 0x006F
mem[X,0x800085F2] -> 0x00C0
[916] [M]: 0x800085F0 (0x00C0006F) jal zero, 12


mem[X,0x800085FC] -> 0x0CE3
mem[X,0x800085FE] -> 0xFEB5
[917] [M]: 0x800085FC (0xFEB50CE3) beq a0, a1, 8184


mem[X,0x80008600] -> 0x0113
mem[X,0x80008602] -> 0x0021
[918] [M]: 0x80008600 (0x00210113) addi sp, sp, 2
x2 <- 0x00000002


mem[X,0x80008604] -> 0x006F
mem[X,0x80008606] -> 0x00C0
[919] [M]: 0x80008604 (0x00C0006F) jal zero, 12


mem[X,0x80008610] -> 0xA623
mem[X,0x80008612] -> 0x1220
[920] [M]: 0x80008610 (0x1220A623) sw sp, 300(ra)
mem[0x80039394] <- 0x00000002


mem[X,0x80008614] -> 0x0537
mem[X,0x80008616] -> 0xE000
[921] [M]: 0x80008614 (0xE0000537) lui a0, 917504
x10 <- 0xE0000000


mem[X,0x80008618] -> 0x0513
mem[X,0x8000861A] -> 0xFFF5
[922] [M]: 0x80008618 (0xFFF50513) addi a0, a0, 4095
x10 <- 0xDFFFFFFF


mem[X,0x8000861C] -> 0x0593
mem[X,0x8000861E] -> 0xFDF0
[923] [M]: 0x8000861C (0xFDF00593) addi a1, zero, 4063
x11 <- 0xFFFFFFDF


mem[X,0x80008620] -> 0x0113
mem[X,0x80008622] -> 0x0000
[924] [M]: 0x80008620 (0x00000113) addi sp, zero, 0
x2 <- 0x00000000


mem[X,0x80008624] -> 0x006F
mem[X,0x80008626] -> 0x0100
[925] [M]: 0x80008624 (0x0100006F) jal zero, 16


mem[X,0x80008634] -> 0x0AE3
mem[X,0x80008636] -> 0xFEB5
[926] [M]: 0x80008634 (0xFEB50AE3) beq a0, a1, 8180


mem[X,0x80008638] -> 0x0113
mem[X,0x8000863A] -> 0x0021
[927] [M]: 0x80008638 (0x00210113) addi sp, sp, 2
x2 <- 0x00000002


mem[X,0x8000863C] -> 0x006F
mem[X,0x8000863E] -> 0x00C0
[928] [M]: 0x8000863C (0x00C0006F) jal zero, 12


mem[X,0x80008648] -> 0xA823
mem[X,0x8000864A] -> 0x1220
[929] [M]: 0x80008648 (0x1220A823) sw sp, 304(ra)
mem[0x80039398] <- 0x00000002


mem[X,0x8000864C] -> 0x0537
mem[X,0x8000864E] -> 0xC000
[930] [M]: 0x8000864C (0xC0000537) lui a0, 786432
x10 <- 0xC0000000


mem[X,0x80008650] -> 0x0513
mem[X,0x80008652] -> 0xFFF5
[931] [M]: 0x80008650 (0xFFF50513) addi a0, a0, 4095
x10 <- 0xBFFFFFFF


mem[X,0x80008654] -> 0x0593
mem[X,0x80008656] -> 0xFF60
[932] [M]: 0x80008654 (0xFF600593) addi a1, zero, 4086
x11 <- 0xFFFFFFF6


mem[X,0x80008658] -> 0x0113
mem[X,0x8000865A] -> 0x0000
[933] [M]: 0x80008658 (0x00000113) addi sp, zero, 0
x2 <- 0x00000000


mem[X,0x8000865C] -> 0x006F
mem[X,0x8000865E] -> 0x00C0
[934] [M]: 0x8000865C (0x00C0006F) jal zero, 12


mem[X,0x80008668] -> 0x0663
mem[X,0x8000866A] -> 0x00B5
[935] [M]: 0x80008668 (0x00B50663) beq a0, a1, 12


mem[X,0x8000866C] -> 0x0113
mem[X,0x8000866E] -> 0x0021
[936] [M]: 0x8000866C (0x00210113) addi sp, sp, 2
x2 <- 0x00000002


mem[X,0x80008670] -> 0x006F
mem[X,0x80008672] -> 0x00C0
[937] [M]: 0x80008670 (0x00C0006F) jal zero, 12


mem[X,0x8000867C] -> 0xAA23
mem[X,0x8000867E] -> 0x1220
[938] [M]: 0x8000867C (0x1220AA23) sw sp, 308(ra)
mem[0x8003939C] <- 0x00000002


mem[X,0x80008680] -> 0x0537
mem[X,0x80008682] -> 0x8000
[939] [M]: 0x80008680 (0x80000537) lui a0, 524288
x10 <- 0x80000000


mem[X,0x80008684] -> 0x0513
mem[X,0x80008686] -> 0xFFF5
[940] [M]: 0x80008684 (0xFFF50513) addi a0, a0, 4095
x10 <- 0x7FFFFFFF


mem[X,0x80008688] -> 0x05B7
mem[X,0x8000868A] -> 0xC000
[941] [M]: 0x80008688 (0xC00005B7) lui a1, 786432
x11 <- 0xC0000000


mem[X,0x8000868C] -> 0x0113
mem[X,0x8000868E] -> 0x0000
[942] [M]: 0x8000868C (0x00000113) addi sp, zero, 0
x2 <- 0x00000000


mem[X,0x80008690] -> 0x006F
mem[X,0x80008692] -> 0x0140
[943] [M]: 0x80008690 (0x0140006F) jal zero, 20


mem[X,0x800086A4] -> 0x08E3
mem[X,0x800086A6] -> 0xFEB5
[944] [M]: 0x800086A4 (0xFEB508E3) beq a0, a1, 8176


mem[X,0x800086A8] -> 0x0113
mem[X,0x800086AA] -> 0x0021
[945] [M]: 0x800086A8 (0x00210113) addi sp, sp, 2
x2 <- 0x00000002


mem[X,0x800086AC] -> 0x006F
mem[X,0x800086AE] -> 0x00C0
[946] [M]: 0x800086AC (0x00C0006F) jal zero, 12


mem[X,0x800086B8] -> 0xAC23
mem[X,0x800086BA] -> 0x1220
[947] [M]: 0x800086B8 (0x1220AC23) sw sp, 312(ra)
mem[0x800393A0] <- 0x00000002


mem[X,0x800086BC] -> 0x0513
mem[X,0x800086BE] -> 0x0030
[948] [M]: 0x800086BC (0x00300513) addi a0, zero, 3
x10 <- 0x00000003


mem[X,0x800086C0] -> 0x0593
mem[X,0x800086C2] -> 0x0030
[949] [M]: 0x800086C0 (0x00300593) addi a1, zero, 3
x11 <- 0x00000003


mem[X,0x800086C4] -> 0x0113
mem[X,0x800086C6] -> 0x0000
[950] [M]: 0x800086C4 (0x00000113) addi sp, zero, 0
x2 <- 0x00000000


mem[X,0x800086C8] -> 0x006F
mem[X,0x800086CA] -> 0x00C0
[951] [M]: 0x800086C8 (0x00C0006F) jal zero, 12


mem[X,0x800086D4] -> 0x0063
mem[X,0x800086D6] -> 0x02B5
[952] [M]: 0x800086D4 (0x02B50063) beq a0, a1, 32


mem[X,0x800086F4] -> 0x0113
mem[X,0x800086F6] -> 0x0031
[953] [M]: 0x800086F4 (0x00310113) addi sp, sp, 3
x2 <- 0x00000003


mem[X,0x800086F8] -> 0x006F
mem[X,0x800086FA] -> 0x0040
[954] [M]: 0x800086F8 (0x0040006F) jal zero, 4


mem[X,0x800086FC] -> 0xAE23
mem[X,0x800086FE] -> 0x1220
[955] [M]: 0x800086FC (0x1220AE23) sw sp, 316(ra)
mem[0x800393A4] <- 0x00000003


mem[X,0x80008700] -> 0x0513
mem[X,0x80008702] -> 0x0030
[956] [M]: 0x80008700 (0x00300513) addi a0, zero, 3
x10 <- 0x00000003


mem[X,0x80008704] -> 0x55B7
mem[X,0x80008706] -> 0x5555
[957] [M]: 0x80008704 (0x555555B7) lui a1, 349525
x11 <- 0x55555000


mem[X,0x80008708] -> 0x8593
mem[X,0x8000870A] -> 0x5555
[958] [M]: 0x80008708 (0x55558593) addi a1, a1, 1365
x11 <- 0x55555555


mem[X,0x8000870C] -> 0x0113
mem[X,0x8000870E] -> 0x0000
[959] [M]: 0x8000870C (0x00000113) addi sp, zero, 0
x2 <- 0x00000000


mem[X,0x80008710] -> 0x006F
mem[X,0x80008712] -> 0x00C0
[960] [M]: 0x80008710 (0x00C0006F) jal zero, 12


mem[X,0x8000871C] -> 0x0CE3
mem[X,0x8000871E] -> 0xFEB5
[961] [M]: 0x8000871C (0xFEB50CE3) beq a0, a1, 8184


mem[X,0x80008720] -> 0x0113
mem[X,0x80008722] -> 0x0021
[962] [M]: 0x80008720 (0x00210113) addi sp, sp, 2
x2 <- 0x00000002


mem[X,0x80008724] -> 0x006F
mem[X,0x80008726] -> 0x00C0
[963] [M]: 0x80008724 (0x00C0006F) jal zero, 12


mem[X,0x80008730] -> 0xA023
mem[X,0x80008732] -> 0x1420
[964] [M]: 0x80008730 (0x1420A023) sw sp, 320(ra)
mem[0x800393A8] <- 0x00000002


mem[X,0x80008734] -> 0x0513
mem[X,0x80008736] -> 0x0030
[965] [M]: 0x80008734 (0x00300513) addi a0, zero, 3
x10 <- 0x00000003


mem[X,0x80008738] -> 0xB5B7
mem[X,0x8000873A] -> 0xAAAA
[966] [M]: 0x80008738 (0xAAAAB5B7) lui a1, 699051
x11 <- 0xAAAAB000


mem[X,0x8000873C] -> 0x8593
mem[X,0x8000873E] -> 0xAAA5
[967] [M]: 0x8000873C (0xAAA58593) addi a1, a1, 2730
x11 <- 0xAAAAAAAA


mem[X,0x80008740] -> 0x0113
mem[X,0x80008742] -> 0x0000
[968] [M]: 0x80008740 (0x00000113) addi sp, zero, 0
x2 <- 0x00000000


mem[X,0x80008744] -> 0x006F
mem[X,0x80008746] -> 0x0100
[969] [M]: 0x80008744 (0x0100006F) jal zero, 16


mem[X,0x80008754] -> 0x0AE3
mem[X,0x80008756] -> 0xFEB5
[970] [M]: 0x80008754 (0xFEB50AE3) beq a0, a1, 8180


mem[X,0x80008758] -> 0x0113
mem[X,0x8000875A] -> 0x0021
[971] [M]: 0x80008758 (0x00210113) addi sp, sp, 2
x2 <- 0x00000002


mem[X,0x8000875C] -> 0x006F
mem[X,0x8000875E] -> 0x00C0
[972] [M]: 0x8000875C (0x00C0006F) jal zero, 12


mem[X,0x80008768] -> 0xA223
mem[X,0x8000876A] -> 0x1420
[973] [M]: 0x80008768 (0x1420A223) sw sp, 324(ra)
mem[0x800393AC] <- 0x00000002


mem[X,0x8000876C] -> 0x0513
mem[X,0x8000876E] -> 0x0030
[974] [M]: 0x8000876C (0x00300513) addi a0, zero, 3
x10 <- 0x00000003


mem[X,0x80008770] -> 0x0593
mem[X,0x80008772] -> 0x0050
[975] [M]: 0x80008770 (0x00500593) addi a1, zero, 5
x11 <- 0x00000005


mem[X,0x80008774] -> 0x0113
mem[X,0x80008776] -> 0x0000
[976] [M]: 0x80008774 (0x00000113) addi sp, zero, 0
x2 <- 0x00000000


mem[X,0x80008778] -> 0x006F
mem[X,0x8000877A] -> 0x00C0
[977] [M]: 0x80008778 (0x00C0006F) jal zero, 12


mem[X,0x80008784] -> 0x0863
mem[X,0x80008786] -> 0x00B5
[978] [M]: 0x80008784 (0x00B50863) beq a0, a1, 16


mem[X,0x80008788] -> 0x0113
mem[X,0x8000878A] -> 0x0021
[979] [M]: 0x80008788 (0x00210113) addi sp, sp, 2
x2 <- 0x00000002


mem[X,0x8000878C] -> 0x006F
mem[X,0x8000878E] -> 0x0100
[980] [M]: 0x8000878C (0x0100006F) jal zero, 16


mem[X,0x8000879C] -> 0xA423
mem[X,0x8000879E] -> 0x1420
[981] [M]: 0x8000879C (0x1420A423) sw sp, 328(ra)
mem[0x800393B0] <- 0x00000002


mem[X,0x800087A0] -> 0x0513
mem[X,0x800087A2] -> 0x0030
[982] [M]: 0x800087A0 (0x00300513) addi a0, zero, 3
x10 <- 0x00000003


mem[X,0x800087A4] -> 0x35B7
mem[X,0x800087A6] -> 0x3333
[983] [M]: 0x800087A4 (0x333335B7) lui a1, 209715
x11 <- 0x33333000


mem[X,0x800087A8] -> 0x8593
mem[X,0x800087AA] -> 0x3335
[984] [M]: 0x800087A8 (0x33358593) addi a1, a1, 819
x11 <- 0x33333333


mem[X,0x800087AC] -> 0x0113
mem[X,0x800087AE] -> 0x0000
[985] [M]: 0x800087AC (0x00000113) addi sp, zero, 0
x2 <- 0x00000000


mem[X,0x800087B0] -> 0x006F
mem[X,0x800087B2] -> 0x00C0
[986] [M]: 0x800087B0 (0x00C0006F) jal zero, 12


mem[X,0x800087BC] -> 0x0063
mem[X,0x800087BE] -> 0x04B5
[987] [M]: 0x800087BC (0x04B50063) beq a0, a1, 64


mem[X,0x800087C0] -> 0x0113
mem[X,0x800087C2] -> 0x0021
[988] [M]: 0x800087C0 (0x00210113) addi sp, sp, 2
x2 <- 0x00000002


mem[X,0x800087C4] -> 0x006F
mem[X,0x800087C6] -> 0x0400
[989] [M]: 0x800087C4 (0x0400006F) jal zero, 64


mem[X,0x80008804] -> 0xA623
mem[X,0x80008806] -> 0x1420
[990] [M]: 0x80008804 (0x1420A623) sw sp, 332(ra)
mem[0x800393B4] <- 0x00000002


mem[X,0x80008808] -> 0x0513
mem[X,0x8000880A] -> 0x0030
[991] [M]: 0x80008808 (0x00300513) addi a0, zero, 3
x10 <- 0x00000003


mem[X,0x8000880C] -> 0x65B7
mem[X,0x8000880E] -> 0x6666
[992] [M]: 0x8000880C (0x666665B7) lui a1, 419430
x11 <- 0x66666000


mem[X,0x80008810] -> 0x8593
mem[X,0x80008812] -> 0x6665
[993] [M]: 0x80008810 (0x66658593) addi a1, a1, 1638
x11 <- 0x66666666


mem[X,0x80008814] -> 0x0113
mem[X,0x80008816] -> 0x0000
[994] [M]: 0x80008814 (0x00000113) addi sp, zero, 0
x2 <- 0x00000000


mem[X,0x80008818] -> 0x006F
mem[X,0x8000881A] -> 0x0180
[995] [M]: 0x80008818 (0x0180006F) jal zero, 24


mem[X,0x80008830] -> 0x06E3
mem[X,0x80008832] -> 0xFEB5
[996] [M]: 0x80008830 (0xFEB506E3) beq a0, a1, 8172


mem[X,0x80008834] -> 0x0113
mem[X,0x80008836] -> 0x0021
[997] [M]: 0x80008834 (0x00210113) addi sp, sp, 2
x2 <- 0x00000002


mem[X,0x80008838] -> 0x006F
mem[X,0x8000883A] -> 0x00C0
[998] [M]: 0x80008838 (0x00C0006F) jal zero, 12


mem[X,0x80008844] -> 0xA823
mem[X,0x80008846] -> 0x1420
[999] [M]: 0x80008844 (0x1420A823) sw sp, 336(ra)
mem[0x800393B8] <- 0x00000002


clint::tick mtime <- 0x000000000000000A
 clint timer pending at mtime 0x000000000000000A
htif::tick 0x0000000000000000
mem[X,0x80008848] -> 0x0513
mem[X,0x8000884A] -> 0x0030
[1000] [M]: 0x80008848 (0x00300513) addi a0, zero, 3
x10 <- 0x00000003


mem[X,0x8000884C] -> 0x55B7
mem[X,0x8000884E] -> 0xFFFF
[1001] [M]: 0x8000884C (0xFFFF55B7) lui a1, 1048565
x11 <- 0xFFFF5000


mem[X,0x80008850] -> 0x8593
mem[X,0x80008852] -> 0xAFC5
[1002] [M]: 0x80008850 (0xAFC58593) addi a1, a1, 2812
x11 <- 0xFFFF4AFC


mem[X,0x80008854] -> 0x0113
mem[X,0x80008856] -> 0x0000
[1003] [M]: 0x80008854 (0x00000113) addi sp, zero, 0
x2 <- 0x00000000


mem[X,0x80008858] -> 0x006F
mem[X,0x8000885A] -> 0x0140
[1004] [M]: 0x80008858 (0x0140006F) jal zero, 20


mem[X,0x8000886C] -> 0x08E3
mem[X,0x8000886E] -> 0xFEB5
[1005] [M]: 0x8000886C (0xFEB508E3) beq a0, a1, 8176


mem[X,0x80008870] -> 0x0113
mem[X,0x80008872] -> 0x0021
[1006] [M]: 0x80008870 (0x00210113) addi sp, sp, 2
x2 <- 0x00000002


mem[X,0x80008874] -> 0x006F
mem[X,0x80008876] -> 0x00C0
[1007] [M]: 0x80008874 (0x00C0006F) jal zero, 12


mem[X,0x80008880] -> 0xAA23
mem[X,0x80008882] -> 0x1420
[1008] [M]: 0x80008880 (0x1420AA23) sw sp, 340(ra)
mem[0x800393BC] <- 0x00000002


mem[X,0x80008884] -> 0x0513
mem[X,0x80008886] -> 0x0030
[1009] [M]: 0x80008884 (0x00300513) addi a0, zero, 3
x10 <- 0x00000003


mem[X,0x80008888] -> 0xB5B7
mem[X,0x8000888A] -> 0x0000
[1010] [M]: 0x80008888 (0x0000B5B7) lui a1, 11
x11 <- 0x0000B000


mem[X,0x8000888C] -> 0x8593
mem[X,0x8000888E] -> 0x5045
[1011] [M]: 0x8000888C (0x50458593) addi a1, a1, 1284
x11 <- 0x0000B504


mem[X,0x80008890] -> 0x0113
mem[X,0x80008892] -> 0x0000
[1012] [M]: 0x80008890 (0x00000113) addi sp, zero, 0
x2 <- 0x00000000


mem[X,0x80008894] -> 0x006F
mem[X,0x80008896] -> 0x00C0
[1013] [M]: 0x80008894 (0x00C0006F) jal zero, 12


mem[X,0x800088A0] -> 0x0663
mem[X,0x800088A2] -> 0x00B5
[1014] [M]: 0x800088A0 (0x00B50663) beq a0, a1, 12


mem[X,0x800088A4] -> 0x0113
mem[X,0x800088A6] -> 0x0021
[1015] [M]: 0x800088A4 (0x00210113) addi sp, sp, 2
x2 <- 0x00000002


mem[X,0x800088A8] -> 0x006F
mem[X,0x800088AA] -> 0x00C0
[1016] [M]: 0x800088A8 (0x00C0006F) jal zero, 12


mem[X,0x800088B4] -> 0xAC23
mem[X,0x800088B6] -> 0x1420
[1017] [M]: 0x800088B4 (0x1420AC23) sw sp, 344(ra)
mem[0x800393C0] <- 0x00000002


mem[X,0x800088B8] -> 0x0513
mem[X,0x800088BA] -> 0x0030
[1018] [M]: 0x800088B8 (0x00300513) addi a0, zero, 3
x10 <- 0x00000003


mem[X,0x800088BC] -> 0x0593
mem[X,0x800088BE] -> 0x0020
[1019] [M]: 0x800088BC (0x00200593) addi a1, zero, 2
x11 <- 0x00000002


mem[X,0x800088C0] -> 0x0113
mem[X,0x800088C2] -> 0x0000
[1020] [M]: 0x800088C0 (0x00000113) addi sp, zero, 0
x2 <- 0x00000000


mem[X,0x800088C4] -> 0x006F
mem[X,0x800088C6] -> 0x00C0
[1021] [M]: 0x800088C4 (0x00C0006F) jal zero, 12


mem[X,0x800088D0] -> 0x0063
mem[X,0x800088D2] -> 0x04B5
[1022] [M]: 0x800088D0 (0x04B50063) beq a0, a1, 64


mem[X,0x800088D4] -> 0x0113
mem[X,0x800088D6] -> 0x0021
[1023] [M]: 0x800088D4 (0x00210113) addi sp, sp, 2
x2 <- 0x00000002


mem[X,0x800088D8] -> 0x006F
mem[X,0x800088DA] -> 0x0400
[1024] [M]: 0x800088D8 (0x0400006F) jal zero, 64


mem[X,0x80008918] -> 0xAE23
mem[X,0x8000891A] -> 0x1420
[1025] [M]: 0x80008918 (0x1420AE23) sw sp, 348(ra)
mem[0x800393C4] <- 0x00000002


mem[X,0x8000891C] -> 0x0513
mem[X,0x8000891E] -> 0x0030
[1026] [M]: 0x8000891C (0x00300513) addi a0, zero, 3
x10 <- 0x00000003


mem[X,0x80008920] -> 0x55B7
mem[X,0x80008922] -> 0x5555
[1027] [M]: 0x80008920 (0x555555B7) lui a1, 349525
x11 <- 0x55555000


mem[X,0x80008924] -> 0x8593
mem[X,0x80008926] -> 0x5545
[1028] [M]: 0x80008924 (0x55458593) addi a1, a1, 1364
x11 <- 0x55555554


mem[X,0x80008928] -> 0x0113
mem[X,0x8000892A] -> 0x0000
[1029] [M]: 0x80008928 (0x00000113) addi sp, zero, 0
x2 <- 0x00000000


mem[X,0x8000892C] -> 0x006F
mem[X,0x8000892E] -> 0x00C0
[1030] [M]: 0x8000892C (0x00C0006F) jal zero, 12


mem[X,0x80008938] -> 0x0063
mem[X,0x8000893A] -> 0x08B5
[1031] [M]: 0x80008938 (0x08B50063) beq a0, a1, 128


mem[X,0x8000893C] -> 0x0113
mem[X,0x8000893E] -> 0x0021
[1032] [M]: 0x8000893C (0x00210113) addi sp, sp, 2
x2 <- 0x00000002


mem[X,0x80008940] -> 0x006F
mem[X,0x80008942] -> 0x0800
[1033] [M]: 0x80008940 (0x0800006F) jal zero, 128


mem[X,0x800089C0] -> 0xA023
mem[X,0x800089C2] -> 0x1620
[1034] [M]: 0x800089C0 (0x1620A023) sw sp, 352(ra)
mem[0x800393C8] <- 0x00000002


mem[X,0x800089C4] -> 0x0513
mem[X,0x800089C6] -> 0x0030
[1035] [M]: 0x800089C4 (0x00300513) addi a0, zero, 3
x10 <- 0x00000003


mem[X,0x800089C8] -> 0x0593
mem[X,0x800089CA] -> 0x0000
[1036] [M]: 0x800089C8 (0x00000593) addi a1, zero, 0
x11 <- 0x00000000


mem[X,0x800089CC] -> 0x0113
mem[X,0x800089CE] -> 0x0000
[1037] [M]: 0x800089CC (0x00000113) addi sp, zero, 0
x2 <- 0x00000000


mem[X,0x800089D0] -> 0x006F
mem[X,0x800089D2] -> 0x00C0
[1038] [M]: 0x800089D0 (0x00C0006F) jal zero, 12


mem[X,0x800089DC] -> 0x0CE3
mem[X,0x800089DE] -> 0xFEB5
[1039] [M]: 0x800089DC (0xFEB50CE3) beq a0, a1, 8184


mem[X,0x800089E0] -> 0x0113
mem[X,0x800089E2] -> 0x0021
[1040] [M]: 0x800089E0 (0x00210113) addi sp, sp, 2
x2 <- 0x00000002


mem[X,0x800089E4] -> 0x006F
mem[X,0x800089E6] -> 0x00C0
[1041] [M]: 0x800089E4 (0x00C0006F) jal zero, 12


mem[X,0x800089F0] -> 0xA223
mem[X,0x800089F2] -> 0x1620
[1042] [M]: 0x800089F0 (0x1620A223) sw sp, 356(ra)
mem[0x800393CC] <- 0x00000002


mem[X,0x800089F4] -> 0x0513
mem[X,0x800089F6] -> 0x0030
[1043] [M]: 0x800089F4 (0x00300513) addi a0, zero, 3
x10 <- 0x00000003


mem[X,0x800089F8] -> 0x0593
mem[X,0x800089FA] -> 0x0040
[1044] [M]: 0x800089F8 (0x00400593) addi a1, zero, 4
x11 <- 0x00000004


mem[X,0x800089FC] -> 0x0113
mem[X,0x800089FE] -> 0x0000
[1045] [M]: 0x800089FC (0x00000113) addi sp, zero, 0
x2 <- 0x00000000


mem[X,0x80008A00] -> 0x006F
mem[X,0x80008A02] -> 0x0140
[1046] [M]: 0x80008A00 (0x0140006F) jal zero, 20


mem[X,0x80008A14] -> 0x08E3
mem[X,0x80008A16] -> 0xFEB5
[1047] [M]: 0x80008A14 (0xFEB508E3) beq a0, a1, 8176


mem[X,0x80008A18] -> 0x0113
mem[X,0x80008A1A] -> 0x0021
[1048] [M]: 0x80008A18 (0x00210113) addi sp, sp, 2
x2 <- 0x00000002


mem[X,0x80008A1C] -> 0x006F
mem[X,0x80008A1E] -> 0x00C0
[1049] [M]: 0x80008A1C (0x00C0006F) jal zero, 12


mem[X,0x80008A28] -> 0xA423
mem[X,0x80008A2A] -> 0x1620
[1050] [M]: 0x80008A28 (0x1620A423) sw sp, 360(ra)
mem[0x800393D0] <- 0x00000002


mem[X,0x80008A2C] -> 0x0513
mem[X,0x80008A2E] -> 0x0030
[1051] [M]: 0x80008A2C (0x00300513) addi a0, zero, 3
x10 <- 0x00000003


mem[X,0x80008A30] -> 0x35B7
mem[X,0x80008A32] -> 0x3333
[1052] [M]: 0x80008A30 (0x333335B7) lui a1, 209715
x11 <- 0x33333000


mem[X,0x80008A34] -> 0x8593
mem[X,0x80008A36] -> 0x3325
[1053] [M]: 0x80008A34 (0x33258593) addi a1, a1, 818
x11 <- 0x33333332


mem[X,0x80008A38] -> 0x0113
mem[X,0x80008A3A] -> 0x0000
[1054] [M]: 0x80008A38 (0x00000113) addi sp, zero, 0
x2 <- 0x00000000


mem[X,0x80008A3C] -> 0x006F
mem[X,0x80008A3E] -> 0x0180
[1055] [M]: 0x80008A3C (0x0180006F) jal zero, 24


mem[X,0x80008A54] -> 0x06E3
mem[X,0x80008A56] -> 0xFEB5
[1056] [M]: 0x80008A54 (0xFEB506E3) beq a0, a1, 8172


mem[X,0x80008A58] -> 0x0113
mem[X,0x80008A5A] -> 0x0021
[1057] [M]: 0x80008A58 (0x00210113) addi sp, sp, 2
x2 <- 0x00000002


mem[X,0x80008A5C] -> 0x006F
mem[X,0x80008A5E] -> 0x00C0
[1058] [M]: 0x80008A5C (0x00C0006F) jal zero, 12


mem[X,0x80008A68] -> 0xA623
mem[X,0x80008A6A] -> 0x1620
[1059] [M]: 0x80008A68 (0x1620A623) sw sp, 364(ra)
mem[0x800393D4] <- 0x00000002


mem[X,0x80008A6C] -> 0x0513
mem[X,0x80008A6E] -> 0x0030
[1060] [M]: 0x80008A6C (0x00300513) addi a0, zero, 3
x10 <- 0x00000003


mem[X,0x80008A70] -> 0x65B7
mem[X,0x80008A72] -> 0x6666
[1061] [M]: 0x80008A70 (0x666665B7) lui a1, 419430
x11 <- 0x66666000


mem[X,0x80008A74] -> 0x8593
mem[X,0x80008A76] -> 0x6655
[1062] [M]: 0x80008A74 (0x66558593) addi a1, a1, 1637
x11 <- 0x66666665


mem[X,0x80008A78] -> 0x0113
mem[X,0x80008A7A] -> 0x0000
[1063] [M]: 0x80008A78 (0x00000113) addi sp, zero, 0
x2 <- 0x00000000


mem[X,0x80008A7C] -> 0x006F
mem[X,0x80008A7E] -> 0x00C0
[1064] [M]: 0x80008A7C (0x00C0006F) jal zero, 12


mem[X,0x80008A88] -> 0x0CE3
mem[X,0x80008A8A] -> 0xFEB5
[1065] [M]: 0x80008A88 (0xFEB50CE3) beq a0, a1, 8184


mem[X,0x80008A8C] -> 0x0113
mem[X,0x80008A8E] -> 0x0021
[1066] [M]: 0x80008A8C (0x00210113) addi sp, sp, 2
x2 <- 0x00000002


mem[X,0x80008A90] -> 0x006F
mem[X,0x80008A92] -> 0x00C0
[1067] [M]: 0x80008A90 (0x00C0006F) jal zero, 12


mem[X,0x80008A9C] -> 0xA823
mem[X,0x80008A9E] -> 0x1620
[1068] [M]: 0x80008A9C (0x1620A823) sw sp, 368(ra)
mem[0x800393D8] <- 0x00000002


mem[X,0x80008AA0] -> 0x0513
mem[X,0x80008AA2] -> 0x0030
[1069] [M]: 0x80008AA0 (0x00300513) addi a0, zero, 3
x10 <- 0x00000003


mem[X,0x80008AA4] -> 0xB5B7
mem[X,0x80008AA6] -> 0x0000
[1070] [M]: 0x80008AA4 (0x0000B5B7) lui a1, 11
x11 <- 0x0000B000


mem[X,0x80008AA8] -> 0x8593
mem[X,0x80008AAA] -> 0x5035
[1071] [M]: 0x80008AA8 (0x50358593) addi a1, a1, 1283
x11 <- 0x0000B503


mem[X,0x80008AAC] -> 0x0113
mem[X,0x80008AAE] -> 0x0000
[1072] [M]: 0x80008AAC (0x00000113) addi sp, zero, 0
x2 <- 0x00000000


mem[X,0x80008AB0] -> 0x006F
mem[X,0x80008AB2] -> 0x00C0
[1073] [M]: 0x80008AB0 (0x00C0006F) jal zero, 12


mem[X,0x80008ABC] -> 0x0CE3
mem[X,0x80008ABE] -> 0xFEB5
[1074] [M]: 0x80008ABC (0xFEB50CE3) beq a0, a1, 8184


mem[X,0x80008AC0] -> 0x0113
mem[X,0x80008AC2] -> 0x0021
[1075] [M]: 0x80008AC0 (0x00210113) addi sp, sp, 2
x2 <- 0x00000002


mem[X,0x80008AC4] -> 0x006F
mem[X,0x80008AC6] -> 0x00C0
[1076] [M]: 0x80008AC4 (0x00C0006F) jal zero, 12


mem[X,0x80008AD0] -> 0xAA23
mem[X,0x80008AD2] -> 0x1620
[1077] [M]: 0x80008AD0 (0x1620AA23) sw sp, 372(ra)
mem[0x800393DC] <- 0x00000002


mem[X,0x80008AD4] -> 0x0513
mem[X,0x80008AD6] -> 0x0030
[1078] [M]: 0x80008AD4 (0x00300513) addi a0, zero, 3
x10 <- 0x00000003


mem[X,0x80008AD8] -> 0x55B7
mem[X,0x80008ADA] -> 0x5555
[1079] [M]: 0x80008AD8 (0x555555B7) lui a1, 349525
x11 <- 0x55555000


mem[X,0x80008ADC] -> 0x8593
mem[X,0x80008ADE] -> 0x5565
[1080] [M]: 0x80008ADC (0x55658593) addi a1, a1, 1366
x11 <- 0x55555556


mem[X,0x80008AE0] -> 0x0113
mem[X,0x80008AE2] -> 0x0000
[1081] [M]: 0x80008AE0 (0x00000113) addi sp, zero, 0
x2 <- 0x00000000


mem[X,0x80008AE4] -> 0x006F
mem[X,0x80008AE6] -> 0x00C0
[1082] [M]: 0x80008AE4 (0x00C0006F) jal zero, 12


mem[X,0x80008AF0] -> 0x0663
mem[X,0x80008AF2] -> 0x00B5
[1083] [M]: 0x80008AF0 (0x00B50663) beq a0, a1, 12


mem[X,0x80008AF4] -> 0x0113
mem[X,0x80008AF6] -> 0x0021
[1084] [M]: 0x80008AF4 (0x00210113) addi sp, sp, 2
x2 <- 0x00000002


mem[X,0x80008AF8] -> 0x006F
mem[X,0x80008AFA] -> 0x00C0
[1085] [M]: 0x80008AF8 (0x00C0006F) jal zero, 12


mem[X,0x80008B04] -> 0xAC23
mem[X,0x80008B06] -> 0x1620
[1086] [M]: 0x80008B04 (0x1620AC23) sw sp, 376(ra)
mem[0x800393E0] <- 0x00000002


mem[X,0x80008B08] -> 0x0513
mem[X,0x80008B0A] -> 0x0030
[1087] [M]: 0x80008B08 (0x00300513) addi a0, zero, 3
x10 <- 0x00000003


mem[X,0x80008B0C] -> 0xB5B7
mem[X,0x80008B0E] -> 0xAAAA
[1088] [M]: 0x80008B0C (0xAAAAB5B7) lui a1, 699051
x11 <- 0xAAAAB000


mem[X,0x80008B10] -> 0x8593
mem[X,0x80008B12] -> 0xAAB5
[1089] [M]: 0x80008B10 (0xAAB58593) addi a1, a1, 2731
x11 <- 0xAAAAAAAB


mem[X,0x80008B14] -> 0x0113
mem[X,0x80008B16] -> 0x0000
[1090] [M]: 0x80008B14 (0x00000113) addi sp, zero, 0
x2 <- 0x00000000


mem[X,0x80008B18] -> 0x006F
mem[X,0x80008B1A] -> 0x0180
[1091] [M]: 0x80008B18 (0x0180006F) jal zero, 24


mem[X,0x80008B30] -> 0x06E3
mem[X,0x80008B32] -> 0xFEB5
[1092] [M]: 0x80008B30 (0xFEB506E3) beq a0, a1, 8172


mem[X,0x80008B34] -> 0x0113
mem[X,0x80008B36] -> 0x0021
[1093] [M]: 0x80008B34 (0x00210113) addi sp, sp, 2
x2 <- 0x00000002


mem[X,0x80008B38] -> 0x006F
mem[X,0x80008B3A] -> 0x00C0
[1094] [M]: 0x80008B38 (0x00C0006F) jal zero, 12


mem[X,0x80008B44] -> 0xAE23
mem[X,0x80008B46] -> 0x1620
[1095] [M]: 0x80008B44 (0x1620AE23) sw sp, 380(ra)
mem[0x800393E4] <- 0x00000002


mem[X,0x80008B48] -> 0x0513
mem[X,0x80008B4A] -> 0x0030
[1096] [M]: 0x80008B48 (0x00300513) addi a0, zero, 3
x10 <- 0x00000003


mem[X,0x80008B4C] -> 0x0593
mem[X,0x80008B4E] -> 0x0060
[1097] [M]: 0x80008B4C (0x00600593) addi a1, zero, 6
x11 <- 0x00000006


mem[X,0x80008B50] -> 0x0113
mem[X,0x80008B52] -> 0x0000
[1098] [M]: 0x80008B50 (0x00000113) addi sp, zero, 0
x2 <- 0x00000000


mem[X,0x80008B54] -> 0x006F
mem[X,0x80008B56] -> 0x00C0
[1099] [M]: 0x80008B54 (0x00C0006F) jal zero, 12


clint::tick mtime <- 0x000000000000000B
 clint timer pending at mtime 0x000000000000000B
htif::tick 0x0000000000000000
mem[X,0x80008B60] -> 0x0863
mem[X,0x80008B62] -> 0x00B5
[1100] [M]: 0x80008B60 (0x00B50863) beq a0, a1, 16


mem[X,0x80008B64] -> 0x0113
mem[X,0x80008B66] -> 0x0021
[1101] [M]: 0x80008B64 (0x00210113) addi sp, sp, 2
x2 <- 0x00000002


mem[X,0x80008B68] -> 0x006F
mem[X,0x80008B6A] -> 0x0100
[1102] [M]: 0x80008B68 (0x0100006F) jal zero, 16


mem[X,0x80008B78] -> 0xA023
mem[X,0x80008B7A] -> 0x1820
[1103] [M]: 0x80008B78 (0x1820A023) sw sp, 384(ra)
mem[0x800393E8] <- 0x00000002


mem[X,0x80008B7C] -> 0x0513
mem[X,0x80008B7E] -> 0x0030
[1104] [M]: 0x80008B7C (0x00300513) addi a0, zero, 3
x10 <- 0x00000003


mem[X,0x80008B80] -> 0x35B7
mem[X,0x80008B82] -> 0x3333
[1105] [M]: 0x80008B80 (0x333335B7) lui a1, 209715
x11 <- 0x33333000


mem[X,0x80008B84] -> 0x8593
mem[X,0x80008B86] -> 0x3345
[1106] [M]: 0x80008B84 (0x33458593) addi a1, a1, 820
x11 <- 0x33333334


mem[X,0x80008B88] -> 0x0113
mem[X,0x80008B8A] -> 0x0000
[1107] [M]: 0x80008B88 (0x00000113) addi sp, zero, 0
x2 <- 0x00000000


mem[X,0x80008B8C] -> 0x006F
mem[X,0x80008B8E] -> 0x00C0
[1108] [M]: 0x80008B8C (0x00C0006F) jal zero, 12


mem[X,0x80008B98] -> 0x0063
mem[X,0x80008B9A] -> 0x04B5
[1109] [M]: 0x80008B98 (0x04B50063) beq a0, a1, 64


mem[X,0x80008B9C] -> 0x0113
mem[X,0x80008B9E] -> 0x0021
[1110] [M]: 0x80008B9C (0x00210113) addi sp, sp, 2
x2 <- 0x00000002


mem[X,0x80008BA0] -> 0x006F
mem[X,0x80008BA2] -> 0x0400
[1111] [M]: 0x80008BA0 (0x0400006F) jal zero, 64


mem[X,0x80008BE0] -> 0xA223
mem[X,0x80008BE2] -> 0x1820
[1112] [M]: 0x80008BE0 (0x1820A223) sw sp, 388(ra)
mem[0x800393EC] <- 0x00000002


mem[X,0x80008BE4] -> 0x0513
mem[X,0x80008BE6] -> 0x0030
[1113] [M]: 0x80008BE4 (0x00300513) addi a0, zero, 3
x10 <- 0x00000003


mem[X,0x80008BE8] -> 0x65B7
mem[X,0x80008BEA] -> 0x6666
[1114] [M]: 0x80008BE8 (0x666665B7) lui a1, 419430
x11 <- 0x66666000


mem[X,0x80008BEC] -> 0x8593
mem[X,0x80008BEE] -> 0x6675
[1115] [M]: 0x80008BEC (0x66758593) addi a1, a1, 1639
x11 <- 0x66666667


mem[X,0x80008BF0] -> 0x0113
mem[X,0x80008BF2] -> 0x0000
[1116] [M]: 0x80008BF0 (0x00000113) addi sp, zero, 0
x2 <- 0x00000000


mem[X,0x80008BF4] -> 0x006F
mem[X,0x80008BF6] -> 0x00C0
[1117] [M]: 0x80008BF4 (0x00C0006F) jal zero, 12


mem[X,0x80008C00] -> 0x0063
mem[X,0x80008C02] -> 0x40B5
[1118] [M]: 0x80008C00 (0x40B50063) beq a0, a1, 1024


mem[X,0x80008C04] -> 0x0113
mem[X,0x80008C06] -> 0x0021
[1119] [M]: 0x80008C04 (0x00210113) addi sp, sp, 2
x2 <- 0x00000002


mem[X,0x80008C08] -> 0x006F
mem[X,0x80008C0A] -> 0x4000
[1120] [M]: 0x80008C08 (0x4000006F) jal zero, 1024


mem[X,0x80009008] -> 0xA423
mem[X,0x8000900A] -> 0x1820
[1121] [M]: 0x80009008 (0x1820A423) sw sp, 392(ra)
mem[0x800393F0] <- 0x00000002


mem[X,0x8000900C] -> 0x0513
mem[X,0x8000900E] -> 0x0030
[1122] [M]: 0x8000900C (0x00300513) addi a0, zero, 3
x10 <- 0x00000003


mem[X,0x80009010] -> 0x55B7
mem[X,0x80009012] -> 0xFFFF
[1123] [M]: 0x80009010 (0xFFFF55B7) lui a1, 1048565
x11 <- 0xFFFF5000


mem[X,0x80009014] -> 0x8593
mem[X,0x80009016] -> 0xAFD5
[1124] [M]: 0x80009014 (0xAFD58593) addi a1, a1, 2813
x11 <- 0xFFFF4AFD


mem[X,0x80009018] -> 0x0113
mem[X,0x8000901A] -> 0x0000
[1125] [M]: 0x80009018 (0x00000113) addi sp, zero, 0
x2 <- 0x00000000


mem[X,0x8000901C] -> 0x006F
mem[X,0x8000901E] -> 0x00C0
[1126] [M]: 0x8000901C (0x00C0006F) jal zero, 12


mem[X,0x80009028] -> 0x0663
mem[X,0x8000902A] -> 0x00B5
[1127] [M]: 0x80009028 (0x00B50663) beq a0, a1, 12


mem[X,0x8000902C] -> 0x0113
mem[X,0x8000902E] -> 0x0021
[1128] [M]: 0x8000902C (0x00210113) addi sp, sp, 2
x2 <- 0x00000002


mem[X,0x80009030] -> 0x006F
mem[X,0x80009032] -> 0x00C0
[1129] [M]: 0x80009030 (0x00C0006F) jal zero, 12


mem[X,0x8000903C] -> 0xA623
mem[X,0x8000903E] -> 0x1820
[1130] [M]: 0x8000903C (0x1820A623) sw sp, 396(ra)
mem[0x800393F4] <- 0x00000002


mem[X,0x80009040] -> 0x0513
mem[X,0x80009042] -> 0x0030
[1131] [M]: 0x80009040 (0x00300513) addi a0, zero, 3
x10 <- 0x00000003


mem[X,0x80009044] -> 0xB5B7
mem[X,0x80009046] -> 0x0000
[1132] [M]: 0x80009044 (0x0000B5B7) lui a1, 11
x11 <- 0x0000B000


mem[X,0x80009048] -> 0x8593
mem[X,0x8000904A] -> 0x5055
[1133] [M]: 0x80009048 (0x50558593) addi a1, a1, 1285
x11 <- 0x0000B505


mem[X,0x8000904C] -> 0x0113
mem[X,0x8000904E] -> 0x0000
[1134] [M]: 0x8000904C (0x00000113) addi sp, zero, 0
x2 <- 0x00000000


mem[X,0x80009050] -> 0x006F
mem[X,0x80009052] -> 0x00C0
[1135] [M]: 0x80009050 (0x00C0006F) jal zero, 12


mem[X,0x8000905C] -> 0x0663
mem[X,0x8000905E] -> 0x00B5
[1136] [M]: 0x8000905C (0x00B50663) beq a0, a1, 12


mem[X,0x80009060] -> 0x0113
mem[X,0x80009062] -> 0x0021
[1137] [M]: 0x80009060 (0x00210113) addi sp, sp, 2
x2 <- 0x00000002


mem[X,0x80009064] -> 0x006F
mem[X,0x80009066] -> 0x00C0
[1138] [M]: 0x80009064 (0x00C0006F) jal zero, 12


mem[X,0x80009070] -> 0xA823
mem[X,0x80009072] -> 0x1820
[1139] [M]: 0x80009070 (0x1820A823) sw sp, 400(ra)
mem[0x800393F8] <- 0x00000002


mem[X,0x80009074] -> 0x5537
mem[X,0x80009076] -> 0x5555
[1140] [M]: 0x80009074 (0x55555537) lui a0, 349525
x10 <- 0x55555000


mem[X,0x80009078] -> 0x0513
mem[X,0x8000907A] -> 0x5555
[1141] [M]: 0x80009078 (0x55550513) addi a0, a0, 1365
x10 <- 0x55555555


mem[X,0x8000907C] -> 0x0593
mem[X,0x8000907E] -> 0x0030
[1142] [M]: 0x8000907C (0x00300593) addi a1, zero, 3
x11 <- 0x00000003


mem[X,0x80009080] -> 0x0113
mem[X,0x80009082] -> 0x0000
[1143] [M]: 0x80009080 (0x00000113) addi sp, zero, 0
x2 <- 0x00000000


mem[X,0x80009084] -> 0x006F
mem[X,0x80009086] -> 0x00C0
[1144] [M]: 0x80009084 (0x00C0006F) jal zero, 12


mem[X,0x80009090] -> 0x0663
mem[X,0x80009092] -> 0x00B5
[1145] [M]: 0x80009090 (0x00B50663) beq a0, a1, 12


mem[X,0x80009094] -> 0x0113
mem[X,0x80009096] -> 0x0021
[1146] [M]: 0x80009094 (0x00210113) addi sp, sp, 2
x2 <- 0x00000002


mem[X,0x80009098] -> 0x006F
mem[X,0x8000909A] -> 0x00C0
[1147] [M]: 0x80009098 (0x00C0006F) jal zero, 12


mem[X,0x800090A4] -> 0xAA23
mem[X,0x800090A6] -> 0x1820
[1148] [M]: 0x800090A4 (0x1820AA23) sw sp, 404(ra)
mem[0x800393FC] <- 0x00000002


mem[X,0x800090A8] -> 0x5537
mem[X,0x800090AA] -> 0x5555
[1149] [M]: 0x800090A8 (0x55555537) lui a0, 349525
x10 <- 0x55555000


mem[X,0x800090AC] -> 0x0513
mem[X,0x800090AE] -> 0x5555
[1150] [M]: 0x800090AC (0x55550513) addi a0, a0, 1365
x10 <- 0x55555555


mem[X,0x800090B0] -> 0x55B7
mem[X,0x800090B2] -> 0x5555
[1151] [M]: 0x800090B0 (0x555555B7) lui a1, 349525
x11 <- 0x55555000


mem[X,0x800090B4] -> 0x8593
mem[X,0x800090B6] -> 0x5555
[1152] [M]: 0x800090B4 (0x55558593) addi a1, a1, 1365
x11 <- 0x55555555


mem[X,0x800090B8] -> 0x0113
mem[X,0x800090BA] -> 0x0000
[1153] [M]: 0x800090B8 (0x00000113) addi sp, zero, 0
x2 <- 0x00000000


mem[X,0x800090BC] -> 0x006F
mem[X,0x800090BE] -> 0x00C0
[1154] [M]: 0x800090BC (0x00C0006F) jal zero, 12


mem[X,0x800090C8] -> 0x0063
mem[X,0x800090CA] -> 0x40B5
[1155] [M]: 0x800090C8 (0x40B50063) beq a0, a1, 1024


mem[X,0x800094C8] -> 0x0113
mem[X,0x800094CA] -> 0x0031
[1156] [M]: 0x800094C8 (0x00310113) addi sp, sp, 3
x2 <- 0x00000003


mem[X,0x800094CC] -> 0x006F
mem[X,0x800094CE] -> 0x0040
[1157] [M]: 0x800094CC (0x0040006F) jal zero, 4


mem[X,0x800094D0] -> 0xAC23
mem[X,0x800094D2] -> 0x1820
[1158] [M]: 0x800094D0 (0x1820AC23) sw sp, 408(ra)
mem[0x80039400] <- 0x00000003


mem[X,0x800094D4] -> 0x5537
mem[X,0x800094D6] -> 0x5555
[1159] [M]: 0x800094D4 (0x55555537) lui a0, 349525
x10 <- 0x55555000


mem[X,0x800094D8] -> 0x0513
mem[X,0x800094DA] -> 0x5555
[1160] [M]: 0x800094D8 (0x55550513) addi a0, a0, 1365
x10 <- 0x55555555


mem[X,0x800094DC] -> 0xB5B7
mem[X,0x800094DE] -> 0xAAAA
[1161] [M]: 0x800094DC (0xAAAAB5B7) lui a1, 699051
x11 <- 0xAAAAB000


mem[X,0x800094E0] -> 0x8593
mem[X,0x800094E2] -> 0xAAA5
[1162] [M]: 0x800094E0 (0xAAA58593) addi a1, a1, 2730
x11 <- 0xAAAAAAAA


mem[X,0x800094E4] -> 0x0113
mem[X,0x800094E6] -> 0x0000
[1163] [M]: 0x800094E4 (0x00000113) addi sp, zero, 0
x2 <- 0x00000000


mem[X,0x800094E8] -> 0x006F
mem[X,0x800094EA] -> 0x00C0
[1164] [M]: 0x800094E8 (0x00C0006F) jal zero, 12


mem[X,0x800094F4] -> 0x0063
mem[X,0x800094F6] -> 0x20B5
[1165] [M]: 0x800094F4 (0x20B50063) beq a0, a1, 512


mem[X,0x800094F8] -> 0x0113
mem[X,0x800094FA] -> 0x0021
[1166] [M]: 0x800094F8 (0x00210113) addi sp, sp, 2
x2 <- 0x00000002


mem[X,0x800094FC] -> 0x006F
mem[X,0x800094FE] -> 0x2000
[1167] [M]: 0x800094FC (0x2000006F) jal zero, 512


mem[X,0x800096FC] -> 0xAE23
mem[X,0x800096FE] -> 0x1820
[1168] [M]: 0x800096FC (0x1820AE23) sw sp, 412(ra)
mem[0x80039404] <- 0x00000002


mem[X,0x80009700] -> 0x5537
mem[X,0x80009702] -> 0x5555
[1169] [M]: 0x80009700 (0x55555537) lui a0, 349525
x10 <- 0x55555000


mem[X,0x80009704] -> 0x0513
mem[X,0x80009706] -> 0x5555
[1170] [M]: 0x80009704 (0x55550513) addi a0, a0, 1365
x10 <- 0x55555555


mem[X,0x80009708] -> 0x0593
mem[X,0x8000970A] -> 0x0050
[1171] [M]: 0x80009708 (0x00500593) addi a1, zero, 5
x11 <- 0x00000005


mem[X,0x8000970C] -> 0x0113
mem[X,0x8000970E] -> 0x0000
[1172] [M]: 0x8000970C (0x00000113) addi sp, zero, 0
x2 <- 0x00000000


mem[X,0x80009710] -> 0x006F
mem[X,0x80009712] -> 0x0140
[1173] [M]: 0x80009710 (0x0140006F) jal zero, 20


mem[X,0x80009724] -> 0x08E3
mem[X,0x80009726] -> 0xFEB5
[1174] [M]: 0x80009724 (0xFEB508E3) beq a0, a1, 8176


mem[X,0x80009728] -> 0x0113
mem[X,0x8000972A] -> 0x0021
[1175] [M]: 0x80009728 (0x00210113) addi sp, sp, 2
x2 <- 0x00000002


mem[X,0x8000972C] -> 0x006F
mem[X,0x8000972E] -> 0x00C0
[1176] [M]: 0x8000972C (0x00C0006F) jal zero, 12


mem[X,0x80009738] -> 0xA023
mem[X,0x8000973A] -> 0x1A20
[1177] [M]: 0x80009738 (0x1A20A023) sw sp, 416(ra)
mem[0x80039408] <- 0x00000002


mem[X,0x8000973C] -> 0x5537
mem[X,0x8000973E] -> 0x5555
[1178] [M]: 0x8000973C (0x55555537) lui a0, 349525
x10 <- 0x55555000


mem[X,0x80009740] -> 0x0513
mem[X,0x80009742] -> 0x5555
[1179] [M]: 0x80009740 (0x55550513) addi a0, a0, 1365
x10 <- 0x55555555


mem[X,0x80009744] -> 0x35B7
mem[X,0x80009746] -> 0x3333
[1180] [M]: 0x80009744 (0x333335B7) lui a1, 209715
x11 <- 0x33333000


mem[X,0x80009748] -> 0x8593
mem[X,0x8000974A] -> 0x3335
[1181] [M]: 0x80009748 (0x33358593) addi a1, a1, 819
x11 <- 0x33333333


mem[X,0x8000974C] -> 0x0113
mem[X,0x8000974E] -> 0x0000
[1182] [M]: 0x8000974C (0x00000113) addi sp, zero, 0
x2 <- 0x00000000


mem[X,0x80009750] -> 0x006F
mem[X,0x80009752] -> 0x00C0
[1183] [M]: 0x80009750 (0x00C0006F) jal zero, 12


mem[X,0x8000975C] -> 0x0063
mem[X,0x8000975E] -> 0x10B5
[1184] [M]: 0x8000975C (0x10B50063) beq a0, a1, 256


mem[X,0x80009760] -> 0x0113
mem[X,0x80009762] -> 0x0021
[1185] [M]: 0x80009760 (0x00210113) addi sp, sp, 2
x2 <- 0x00000002


mem[X,0x80009764] -> 0x006F
mem[X,0x80009766] -> 0x1000
[1186] [M]: 0x80009764 (0x1000006F) jal zero, 256


mem[X,0x80009864] -> 0xA223
mem[X,0x80009866] -> 0x1A20
[1187] [M]: 0x80009864 (0x1A20A223) sw sp, 420(ra)
mem[0x8003940C] <- 0x00000002


mem[X,0x80009868] -> 0x5537
mem[X,0x8000986A] -> 0x5555
[1188] [M]: 0x80009868 (0x55555537) lui a0, 349525
x10 <- 0x55555000


mem[X,0x8000986C] -> 0x0513
mem[X,0x8000986E] -> 0x5555
[1189] [M]: 0x8000986C (0x55550513) addi a0, a0, 1365
x10 <- 0x55555555


mem[X,0x80009870] -> 0x65B7
mem[X,0x80009872] -> 0x6666
[1190] [M]: 0x80009870 (0x666665B7) lui a1, 419430
x11 <- 0x66666000


mem[X,0x80009874] -> 0x8593
mem[X,0x80009876] -> 0x6665
[1191] [M]: 0x80009874 (0x66658593) addi a1, a1, 1638
x11 <- 0x66666666


mem[X,0x80009878] -> 0x0113
mem[X,0x8000987A] -> 0x0000
[1192] [M]: 0x80009878 (0x00000113) addi sp, zero, 0
x2 <- 0x00000000


mem[X,0x8000987C] -> 0x006F
mem[X,0x8000987E] -> 0x00C0
[1193] [M]: 0x8000987C (0x00C0006F) jal zero, 12


mem[X,0x80009888] -> 0x0063
mem[X,0x8000988A] -> 0x02B5
[1194] [M]: 0x80009888 (0x02B50063) beq a0, a1, 32


mem[X,0x8000988C] -> 0x0113
mem[X,0x8000988E] -> 0x0021
[1195] [M]: 0x8000988C (0x00210113) addi sp, sp, 2
x2 <- 0x00000002


mem[X,0x80009890] -> 0x006F
mem[X,0x80009892] -> 0x0200
[1196] [M]: 0x80009890 (0x0200006F) jal zero, 32


mem[X,0x800098B0] -> 0xA423
mem[X,0x800098B2] -> 0x1A20
[1197] [M]: 0x800098B0 (0x1A20A423) sw sp, 424(ra)
mem[0x80039410] <- 0x00000002


mem[X,0x800098B4] -> 0x5537
mem[X,0x800098B6] -> 0x5555
[1198] [M]: 0x800098B4 (0x55555537) lui a0, 349525
x10 <- 0x55555000


mem[X,0x800098B8] -> 0x0513
mem[X,0x800098BA] -> 0x5555
[1199] [M]: 0x800098B8 (0x55550513) addi a0, a0, 1365
x10 <- 0x55555555


clint::tick mtime <- 0x000000000000000C
 clint timer pending at mtime 0x000000000000000C
htif::tick 0x0000000000000000
mem[X,0x800098BC] -> 0x55B7
mem[X,0x800098BE] -> 0xFFFF
[1200] [M]: 0x800098BC (0xFFFF55B7) lui a1, 1048565
x11 <- 0xFFFF5000


mem[X,0x800098C0] -> 0x8593
mem[X,0x800098C2] -> 0xAFC5
[1201] [M]: 0x800098C0 (0xAFC58593) addi a1, a1, 2812
x11 <- 0xFFFF4AFC


mem[X,0x800098C4] -> 0x0113
mem[X,0x800098C6] -> 0x0000
[1202] [M]: 0x800098C4 (0x00000113) addi sp, zero, 0
x2 <- 0x00000000


mem[X,0x800098C8] -> 0x006F
mem[X,0x800098CA] -> 0x0140
[1203] [M]: 0x800098C8 (0x0140006F) jal zero, 20


mem[X,0x800098DC] -> 0x08E3
mem[X,0x800098DE] -> 0xFEB5
[1204] [M]: 0x800098DC (0xFEB508E3) beq a0, a1, 8176


mem[X,0x800098E0] -> 0x0113
mem[X,0x800098E2] -> 0x0021
[1205] [M]: 0x800098E0 (0x00210113) addi sp, sp, 2
x2 <- 0x00000002


mem[X,0x800098E4] -> 0x006F
mem[X,0x800098E6] -> 0x00C0
[1206] [M]: 0x800098E4 (0x00C0006F) jal zero, 12


mem[X,0x800098F0] -> 0xA623
mem[X,0x800098F2] -> 0x1A20
[1207] [M]: 0x800098F0 (0x1A20A623) sw sp, 428(ra)
mem[0x80039414] <- 0x00000002


mem[X,0x800098F4] -> 0x5537
mem[X,0x800098F6] -> 0x5555
[1208] [M]: 0x800098F4 (0x55555537) lui a0, 349525
x10 <- 0x55555000


mem[X,0x800098F8] -> 0x0513
mem[X,0x800098FA] -> 0x5555
[1209] [M]: 0x800098F8 (0x55550513) addi a0, a0, 1365
x10 <- 0x55555555


mem[X,0x800098FC] -> 0xB5B7
mem[X,0x800098FE] -> 0x0000
[1210] [M]: 0x800098FC (0x0000B5B7) lui a1, 11
x11 <- 0x0000B000


mem[X,0x80009900] -> 0x8593
mem[X,0x80009902] -> 0x5045
[1211] [M]: 0x80009900 (0x50458593) addi a1, a1, 1284
x11 <- 0x0000B504


mem[X,0x80009904] -> 0x0113
mem[X,0x80009906] -> 0x0000
[1212] [M]: 0x80009904 (0x00000113) addi sp, zero, 0
x2 <- 0x00000000


mem[X,0x80009908] -> 0x006F
mem[X,0x8000990A] -> 0x00C0
[1213] [M]: 0x80009908 (0x00C0006F) jal zero, 12


mem[X,0x80009914] -> 0x0CE3
mem[X,0x80009916] -> 0xFEB5
[1214] [M]: 0x80009914 (0xFEB50CE3) beq a0, a1, 8184


mem[X,0x80009918] -> 0x0113
mem[X,0x8000991A] -> 0x0021
[1215] [M]: 0x80009918 (0x00210113) addi sp, sp, 2
x2 <- 0x00000002


mem[X,0x8000991C] -> 0x006F
mem[X,0x8000991E] -> 0x00C0
[1216] [M]: 0x8000991C (0x00C0006F) jal zero, 12


mem[X,0x80009928] -> 0xA823
mem[X,0x8000992A] -> 0x1A20
[1217] [M]: 0x80009928 (0x1A20A823) sw sp, 432(ra)
mem[0x80039418] <- 0x00000002


mem[X,0x8000992C] -> 0x5537
mem[X,0x8000992E] -> 0x5555
[1218] [M]: 0x8000992C (0x55555537) lui a0, 349525
x10 <- 0x55555000


mem[X,0x80009930] -> 0x0513
mem[X,0x80009932] -> 0x5555
[1219] [M]: 0x80009930 (0x55550513) addi a0, a0, 1365
x10 <- 0x55555555


mem[X,0x80009934] -> 0x0593
mem[X,0x80009936] -> 0x0020
[1220] [M]: 0x80009934 (0x00200593) addi a1, zero, 2
x11 <- 0x00000002


mem[X,0x80009938] -> 0x0113
mem[X,0x8000993A] -> 0x0000
[1221] [M]: 0x80009938 (0x00000113) addi sp, zero, 0
x2 <- 0x00000000


mem[X,0x8000993C] -> 0x006F
mem[X,0x8000993E] -> 0x0180
[1222] [M]: 0x8000993C (0x0180006F) jal zero, 24


mem[X,0x80009954] -> 0x06E3
mem[X,0x80009956] -> 0xFEB5
[1223] [M]: 0x80009954 (0xFEB506E3) beq a0, a1, 8172


mem[X,0x80009958] -> 0x0113
mem[X,0x8000995A] -> 0x0021
[1224] [M]: 0x80009958 (0x00210113) addi sp, sp, 2
x2 <- 0x00000002


mem[X,0x8000995C] -> 0x006F
mem[X,0x8000995E] -> 0x00C0
[1225] [M]: 0x8000995C (0x00C0006F) jal zero, 12


mem[X,0x80009968] -> 0xAA23
mem[X,0x8000996A] -> 0x1A20
[1226] [M]: 0x80009968 (0x1A20AA23) sw sp, 436(ra)
mem[0x8003941C] <- 0x00000002


mem[X,0x8000996C] -> 0x5537
mem[X,0x8000996E] -> 0x5555
[1227] [M]: 0x8000996C (0x55555537) lui a0, 349525
x10 <- 0x55555000


mem[X,0x80009970] -> 0x0513
mem[X,0x80009972] -> 0x5555
[1228] [M]: 0x80009970 (0x55550513) addi a0, a0, 1365
x10 <- 0x55555555


mem[X,0x80009974] -> 0x55B7
mem[X,0x80009976] -> 0x5555
[1229] [M]: 0x80009974 (0x555555B7) lui a1, 349525
x11 <- 0x55555000


mem[X,0x80009978] -> 0x8593
mem[X,0x8000997A] -> 0x5545
[1230] [M]: 0x80009978 (0x55458593) addi a1, a1, 1364
x11 <- 0x55555554


mem[X,0x8000997C] -> 0x0113
mem[X,0x8000997E] -> 0x0000
[1231] [M]: 0x8000997C (0x00000113) addi sp, zero, 0
x2 <- 0x00000000


mem[X,0x80009980] -> 0x006F
mem[X,0x80009982] -> 0x00C0
[1232] [M]: 0x80009980 (0x00C0006F) jal zero, 12


mem[X,0x8000998C] -> 0x0063
mem[X,0x8000998E] -> 0x10B5
[1233] [M]: 0x8000998C (0x10B50063) beq a0, a1, 256


mem[X,0x80009990] -> 0x0113
mem[X,0x80009992] -> 0x0021
[1234] [M]: 0x80009990 (0x00210113) addi sp, sp, 2
x2 <- 0x00000002


mem[X,0x80009994] -> 0x006F
mem[X,0x80009996] -> 0x1000
[1235] [M]: 0x80009994 (0x1000006F) jal zero, 256


mem[X,0x80009A94] -> 0xAC23
mem[X,0x80009A96] -> 0x1A20
[1236] [M]: 0x80009A94 (0x1A20AC23) sw sp, 440(ra)
mem[0x80039420] <- 0x00000002


mem[X,0x80009A98] -> 0x5537
mem[X,0x80009A9A] -> 0x5555
[1237] [M]: 0x80009A98 (0x55555537) lui a0, 349525
x10 <- 0x55555000


mem[X,0x80009A9C] -> 0x0513
mem[X,0x80009A9E] -> 0x5555
[1238] [M]: 0x80009A9C (0x55550513) addi a0, a0, 1365
x10 <- 0x55555555


mem[X,0x80009AA0] -> 0x0593
mem[X,0x80009AA2] -> 0x0000
[1239] [M]: 0x80009AA0 (0x00000593) addi a1, zero, 0
x11 <- 0x00000000


mem[X,0x80009AA4] -> 0x0113
mem[X,0x80009AA6] -> 0x0000
[1240] [M]: 0x80009AA4 (0x00000113) addi sp, zero, 0
x2 <- 0x00000000


mem[X,0x80009AA8] -> 0x006F
mem[X,0x80009AAA] -> 0x00C0
[1241] [M]: 0x80009AA8 (0x00C0006F) jal zero, 12


mem[X,0x80009AB4] -> 0x0663
mem[X,0x80009AB6] -> 0x00B5
[1242] [M]: 0x80009AB4 (0x00B50663) beq a0, a1, 12


mem[X,0x80009AB8] -> 0x0113
mem[X,0x80009ABA] -> 0x0021
[1243] [M]: 0x80009AB8 (0x00210113) addi sp, sp, 2
x2 <- 0x00000002


mem[X,0x80009ABC] -> 0x006F
mem[X,0x80009ABE] -> 0x00C0
[1244] [M]: 0x80009ABC (0x00C0006F) jal zero, 12


mem[X,0x80009AC8] -> 0xAE23
mem[X,0x80009ACA] -> 0x1A20
[1245] [M]: 0x80009AC8 (0x1A20AE23) sw sp, 444(ra)
mem[0x80039424] <- 0x00000002


mem[X,0x80009ACC] -> 0x5537
mem[X,0x80009ACE] -> 0x5555
[1246] [M]: 0x80009ACC (0x55555537) lui a0, 349525
x10 <- 0x55555000


mem[X,0x80009AD0] -> 0x0513
mem[X,0x80009AD2] -> 0x5555
[1247] [M]: 0x80009AD0 (0x55550513) addi a0, a0, 1365
x10 <- 0x55555555


mem[X,0x80009AD4] -> 0x0593
mem[X,0x80009AD6] -> 0x0040
[1248] [M]: 0x80009AD4 (0x00400593) addi a1, zero, 4
x11 <- 0x00000004


mem[X,0x80009AD8] -> 0x0113
mem[X,0x80009ADA] -> 0x0000
[1249] [M]: 0x80009AD8 (0x00000113) addi sp, zero, 0
x2 <- 0x00000000


mem[X,0x80009ADC] -> 0x006F
mem[X,0x80009ADE] -> 0x0180
[1250] [M]: 0x80009ADC (0x0180006F) jal zero, 24


mem[X,0x80009AF4] -> 0x06E3
mem[X,0x80009AF6] -> 0xFEB5
[1251] [M]: 0x80009AF4 (0xFEB506E3) beq a0, a1, 8172


mem[X,0x80009AF8] -> 0x0113
mem[X,0x80009AFA] -> 0x0021
[1252] [M]: 0x80009AF8 (0x00210113) addi sp, sp, 2
x2 <- 0x00000002


mem[X,0x80009AFC] -> 0x006F
mem[X,0x80009AFE] -> 0x00C0
[1253] [M]: 0x80009AFC (0x00C0006F) jal zero, 12


mem[X,0x80009B08] -> 0xA023
mem[X,0x80009B0A] -> 0x1C20
[1254] [M]: 0x80009B08 (0x1C20A023) sw sp, 448(ra)
mem[0x80039428] <- 0x00000002


mem[X,0x80009B0C] -> 0x5537
mem[X,0x80009B0E] -> 0x5555
[1255] [M]: 0x80009B0C (0x55555537) lui a0, 349525
x10 <- 0x55555000


mem[X,0x80009B10] -> 0x0513
mem[X,0x80009B12] -> 0x5555
[1256] [M]: 0x80009B10 (0x55550513) addi a0, a0, 1365
x10 <- 0x55555555


mem[X,0x80009B14] -> 0x35B7
mem[X,0x80009B16] -> 0x3333
[1257] [M]: 0x80009B14 (0x333335B7) lui a1, 209715
x11 <- 0x33333000


mem[X,0x80009B18] -> 0x8593
mem[X,0x80009B1A] -> 0x3325
[1258] [M]: 0x80009B18 (0x33258593) addi a1, a1, 818
x11 <- 0x33333332


mem[X,0x80009B1C] -> 0x0113
mem[X,0x80009B1E] -> 0x0000
[1259] [M]: 0x80009B1C (0x00000113) addi sp, zero, 0
x2 <- 0x00000000


mem[X,0x80009B20] -> 0x006F
mem[X,0x80009B22] -> 0x2B10
[1260] [M]: 0x80009B20 (0x2B10006F) jal zero, 2736


mem[X,0x8000A5D0] -> 0x0A63
mem[X,0x8000A5D2] -> 0xD4B5
[1261] [M]: 0x8000A5D0 (0xD4B50A63) beq a0, a1, 5460


mem[X,0x8000A5D4] -> 0x0113
mem[X,0x8000A5D6] -> 0x0021
[1262] [M]: 0x8000A5D4 (0x00210113) addi sp, sp, 2
x2 <- 0x00000002


mem[X,0x8000A5D8] -> 0x006F
mem[X,0x8000A5DA] -> 0x00C0
[1263] [M]: 0x8000A5D8 (0x00C0006F) jal zero, 12


mem[X,0x8000A5E4] -> 0xA223
mem[X,0x8000A5E6] -> 0x1C20
[1264] [M]: 0x8000A5E4 (0x1C20A223) sw sp, 452(ra)
mem[0x8003942C] <- 0x00000002


mem[X,0x8000A5E8] -> 0x5537
mem[X,0x8000A5EA] -> 0x5555
[1265] [M]: 0x8000A5E8 (0x55555537) lui a0, 349525
x10 <- 0x55555000


mem[X,0x8000A5EC] -> 0x0513
mem[X,0x8000A5EE] -> 0x5555
[1266] [M]: 0x8000A5EC (0x55550513) addi a0, a0, 1365
x10 <- 0x55555555


mem[X,0x8000A5F0] -> 0x65B7
mem[X,0x8000A5F2] -> 0x6666
[1267] [M]: 0x8000A5F0 (0x666665B7) lui a1, 419430
x11 <- 0x66666000


mem[X,0x8000A5F4] -> 0x8593
mem[X,0x8000A5F6] -> 0x6655
[1268] [M]: 0x8000A5F4 (0x66558593) addi a1, a1, 1637
x11 <- 0x66666665


mem[X,0x8000A5F8] -> 0x0113
mem[X,0x8000A5FA] -> 0x0000
[1269] [M]: 0x8000A5F8 (0x00000113) addi sp, zero, 0
x2 <- 0x00000000


mem[X,0x8000A5FC] -> 0x006F
mem[X,0x8000A5FE] -> 0x2B10
[1270] [M]: 0x8000A5FC (0x2B10006F) jal zero, 2736


mem[X,0x8000B0AC] -> 0x0A63
mem[X,0x8000B0AE] -> 0xD4B5
[1271] [M]: 0x8000B0AC (0xD4B50A63) beq a0, a1, 5460


mem[X,0x8000B0B0] -> 0x0113
mem[X,0x8000B0B2] -> 0x0021
[1272] [M]: 0x8000B0B0 (0x00210113) addi sp, sp, 2
x2 <- 0x00000002


mem[X,0x8000B0B4] -> 0x006F
mem[X,0x8000B0B6] -> 0x00C0
[1273] [M]: 0x8000B0B4 (0x00C0006F) jal zero, 12


mem[X,0x8000B0C0] -> 0xA423
mem[X,0x8000B0C2] -> 0x1C20
[1274] [M]: 0x8000B0C0 (0x1C20A423) sw sp, 456(ra)
mem[0x80039430] <- 0x00000002


mem[X,0x8000B0C4] -> 0x5537
mem[X,0x8000B0C6] -> 0x5555
[1275] [M]: 0x8000B0C4 (0x55555537) lui a0, 349525
x10 <- 0x55555000


mem[X,0x8000B0C8] -> 0x0513
mem[X,0x8000B0CA] -> 0x5555
[1276] [M]: 0x8000B0C8 (0x55550513) addi a0, a0, 1365
x10 <- 0x55555555


mem[X,0x8000B0CC] -> 0xB5B7
mem[X,0x8000B0CE] -> 0x0000
[1277] [M]: 0x8000B0CC (0x0000B5B7) lui a1, 11
x11 <- 0x0000B000


mem[X,0x8000B0D0] -> 0x8593
mem[X,0x8000B0D2] -> 0x5035
[1278] [M]: 0x8000B0D0 (0x50358593) addi a1, a1, 1283
x11 <- 0x0000B503


mem[X,0x8000B0D4] -> 0x0113
mem[X,0x8000B0D6] -> 0x0000
[1279] [M]: 0x8000B0D4 (0x00000113) addi sp, zero, 0
x2 <- 0x00000000


mem[X,0x8000B0D8] -> 0x006F
mem[X,0x8000B0DA] -> 0x00C0
[1280] [M]: 0x8000B0D8 (0x00C0006F) jal zero, 12


mem[X,0x8000B0E4] -> 0x0CE3
mem[X,0x8000B0E6] -> 0xFEB5
[1281] [M]: 0x8000B0E4 (0xFEB50CE3) beq a0, a1, 8184


mem[X,0x8000B0E8] -> 0x0113
mem[X,0x8000B0EA] -> 0x0021
[1282] [M]: 0x8000B0E8 (0x00210113) addi sp, sp, 2
x2 <- 0x00000002


mem[X,0x8000B0EC] -> 0x006F
mem[X,0x8000B0EE] -> 0x00C0
[1283] [M]: 0x8000B0EC (0x00C0006F) jal zero, 12


mem[X,0x8000B0F8] -> 0xA623
mem[X,0x8000B0FA] -> 0x1C20
[1284] [M]: 0x8000B0F8 (0x1C20A623) sw sp, 460(ra)
mem[0x80039434] <- 0x00000002


mem[X,0x8000B0FC] -> 0x5537
mem[X,0x8000B0FE] -> 0x5555
[1285] [M]: 0x8000B0FC (0x55555537) lui a0, 349525
x10 <- 0x55555000


mem[X,0x8000B100] -> 0x0513
mem[X,0x8000B102] -> 0x5555
[1286] [M]: 0x8000B100 (0x55550513) addi a0, a0, 1365
x10 <- 0x55555555


mem[X,0x8000B104] -> 0x55B7
mem[X,0x8000B106] -> 0x5555
[1287] [M]: 0x8000B104 (0x555555B7) lui a1, 349525
x11 <- 0x55555000


mem[X,0x8000B108] -> 0x8593
mem[X,0x8000B10A] -> 0x5565
[1288] [M]: 0x8000B108 (0x55658593) addi a1, a1, 1366
x11 <- 0x55555556


mem[X,0x8000B10C] -> 0x0113
mem[X,0x8000B10E] -> 0x0000
[1289] [M]: 0x8000B10C (0x00000113) addi sp, zero, 0
x2 <- 0x00000000


mem[X,0x8000B110] -> 0x006F
mem[X,0x8000B112] -> 0x00C0
[1290] [M]: 0x8000B110 (0x00C0006F) jal zero, 12


mem[X,0x8000B11C] -> 0x0063
mem[X,0x8000B11E] -> 0x10B5
[1291] [M]: 0x8000B11C (0x10B50063) beq a0, a1, 256


mem[X,0x8000B120] -> 0x0113
mem[X,0x8000B122] -> 0x0021
[1292] [M]: 0x8000B120 (0x00210113) addi sp, sp, 2
x2 <- 0x00000002


mem[X,0x8000B124] -> 0x006F
mem[X,0x8000B126] -> 0x1000
[1293] [M]: 0x8000B124 (0x1000006F) jal zero, 256


mem[X,0x8000B224] -> 0xA823
mem[X,0x8000B226] -> 0x1C20
[1294] [M]: 0x8000B224 (0x1C20A823) sw sp, 464(ra)
mem[0x80039438] <- 0x00000002


mem[X,0x8000B228] -> 0x5537
mem[X,0x8000B22A] -> 0x5555
[1295] [M]: 0x8000B228 (0x55555537) lui a0, 349525
x10 <- 0x55555000


mem[X,0x8000B22C] -> 0x0513
mem[X,0x8000B22E] -> 0x5555
[1296] [M]: 0x8000B22C (0x55550513) addi a0, a0, 1365
x10 <- 0x55555555


mem[X,0x8000B230] -> 0xB5B7
mem[X,0x8000B232] -> 0xAAAA
[1297] [M]: 0x8000B230 (0xAAAAB5B7) lui a1, 699051
x11 <- 0xAAAAB000


mem[X,0x8000B234] -> 0x8593
mem[X,0x8000B236] -> 0xAAB5
[1298] [M]: 0x8000B234 (0xAAB58593) addi a1, a1, 2731
x11 <- 0xAAAAAAAB


mem[X,0x8000B238] -> 0x0113
mem[X,0x8000B23A] -> 0x0000
[1299] [M]: 0x8000B238 (0x00000113) addi sp, zero, 0
x2 <- 0x00000000


clint::tick mtime <- 0x000000000000000D
 clint timer pending at mtime 0x000000000000000D
htif::tick 0x0000000000000000
mem[X,0x8000B23C] -> 0x006F
mem[X,0x8000B23E] -> 0x00C0
[1300] [M]: 0x8000B23C (0x00C0006F) jal zero, 12


mem[X,0x8000B248] -> 0x0063
mem[X,0x8000B24A] -> 0x02B5
[1301] [M]: 0x8000B248 (0x02B50063) beq a0, a1, 32


mem[X,0x8000B24C] -> 0x0113
mem[X,0x8000B24E] -> 0x0021
[1302] [M]: 0x8000B24C (0x00210113) addi sp, sp, 2
x2 <- 0x00000002


mem[X,0x8000B250] -> 0x006F
mem[X,0x8000B252] -> 0x0200
[1303] [M]: 0x8000B250 (0x0200006F) jal zero, 32


mem[X,0x8000B270] -> 0xAA23
mem[X,0x8000B272] -> 0x1C20
[1304] [M]: 0x8000B270 (0x1C20AA23) sw sp, 468(ra)
mem[0x8003943C] <- 0x00000002


mem[X,0x8000B274] -> 0x5537
mem[X,0x8000B276] -> 0x5555
[1305] [M]: 0x8000B274 (0x55555537) lui a0, 349525
x10 <- 0x55555000


mem[X,0x8000B278] -> 0x0513
mem[X,0x8000B27A] -> 0x5555
[1306] [M]: 0x8000B278 (0x55550513) addi a0, a0, 1365
x10 <- 0x55555555


mem[X,0x8000B27C] -> 0x0593
mem[X,0x8000B27E] -> 0x0060
[1307] [M]: 0x8000B27C (0x00600593) addi a1, zero, 6
x11 <- 0x00000006


mem[X,0x8000B280] -> 0x0113
mem[X,0x8000B282] -> 0x0000
[1308] [M]: 0x8000B280 (0x00000113) addi sp, zero, 0
x2 <- 0x00000000


mem[X,0x8000B284] -> 0x006F
mem[X,0x8000B286] -> 0x00C0
[1309] [M]: 0x8000B284 (0x00C0006F) jal zero, 12


mem[X,0x8000B290] -> 0x0663
mem[X,0x8000B292] -> 0x00B5
[1310] [M]: 0x8000B290 (0x00B50663) beq a0, a1, 12


mem[X,0x8000B294] -> 0x0113
mem[X,0x8000B296] -> 0x0021
[1311] [M]: 0x8000B294 (0x00210113) addi sp, sp, 2
x2 <- 0x00000002


mem[X,0x8000B298] -> 0x006F
mem[X,0x8000B29A] -> 0x00C0
[1312] [M]: 0x8000B298 (0x00C0006F) jal zero, 12


mem[X,0x8000B2A4] -> 0xAC23
mem[X,0x8000B2A6] -> 0x1C20
[1313] [M]: 0x8000B2A4 (0x1C20AC23) sw sp, 472(ra)
mem[0x80039440] <- 0x00000002


mem[X,0x8000B2A8] -> 0x5537
mem[X,0x8000B2AA] -> 0x5555
[1314] [M]: 0x8000B2A8 (0x55555537) lui a0, 349525
x10 <- 0x55555000


mem[X,0x8000B2AC] -> 0x0513
mem[X,0x8000B2AE] -> 0x5555
[1315] [M]: 0x8000B2AC (0x55550513) addi a0, a0, 1365
x10 <- 0x55555555


mem[X,0x8000B2B0] -> 0x35B7
mem[X,0x8000B2B2] -> 0x3333
[1316] [M]: 0x8000B2B0 (0x333335B7) lui a1, 209715
x11 <- 0x33333000


mem[X,0x8000B2B4] -> 0x8593
mem[X,0x8000B2B6] -> 0x3345
[1317] [M]: 0x8000B2B4 (0x33458593) addi a1, a1, 820
x11 <- 0x33333334


mem[X,0x8000B2B8] -> 0x0113
mem[X,0x8000B2BA] -> 0x0000
[1318] [M]: 0x8000B2B8 (0x00000113) addi sp, zero, 0
x2 <- 0x00000000


mem[X,0x8000B2BC] -> 0x006F
mem[X,0x8000B2BE] -> 0x00C0
[1319] [M]: 0x8000B2BC (0x00C0006F) jal zero, 12


mem[X,0x8000B2C8] -> 0x0863
mem[X,0x8000B2CA] -> 0x00B5
[1320] [M]: 0x8000B2C8 (0x00B50863) beq a0, a1, 16


mem[X,0x8000B2CC] -> 0x0113
mem[X,0x8000B2CE] -> 0x0021
[1321] [M]: 0x8000B2CC (0x00210113) addi sp, sp, 2
x2 <- 0x00000002


mem[X,0x8000B2D0] -> 0x006F
mem[X,0x8000B2D2] -> 0x0100
[1322] [M]: 0x8000B2D0 (0x0100006F) jal zero, 16


mem[X,0x8000B2E0] -> 0xAE23
mem[X,0x8000B2E2] -> 0x1C20
[1323] [M]: 0x8000B2E0 (0x1C20AE23) sw sp, 476(ra)
mem[0x80039444] <- 0x00000002


mem[X,0x8000B2E4] -> 0x5537
mem[X,0x8000B2E6] -> 0x5555
[1324] [M]: 0x8000B2E4 (0x55555537) lui a0, 349525
x10 <- 0x55555000


mem[X,0x8000B2E8] -> 0x0513
mem[X,0x8000B2EA] -> 0x5555
[1325] [M]: 0x8000B2E8 (0x55550513) addi a0, a0, 1365
x10 <- 0x55555555


mem[X,0x8000B2EC] -> 0x65B7
mem[X,0x8000B2EE] -> 0x6666
[1326] [M]: 0x8000B2EC (0x666665B7) lui a1, 419430
x11 <- 0x66666000


mem[X,0x8000B2F0] -> 0x8593
mem[X,0x8000B2F2] -> 0x6675
[1327] [M]: 0x8000B2F0 (0x66758593) addi a1, a1, 1639
x11 <- 0x66666667


mem[X,0x8000B2F4] -> 0x0113
mem[X,0x8000B2F6] -> 0x0000
[1328] [M]: 0x8000B2F4 (0x00000113) addi sp, zero, 0
x2 <- 0x00000000


mem[X,0x8000B2F8] -> 0x006F
mem[X,0x8000B2FA] -> 0x00C0
[1329] [M]: 0x8000B2F8 (0x00C0006F) jal zero, 12


mem[X,0x8000B304] -> 0x0063
mem[X,0x8000B306] -> 0x02B5
[1330] [M]: 0x8000B304 (0x02B50063) beq a0, a1, 32


mem[X,0x8000B308] -> 0x0113
mem[X,0x8000B30A] -> 0x0021
[1331] [M]: 0x8000B308 (0x00210113) addi sp, sp, 2
x2 <- 0x00000002


mem[X,0x8000B30C] -> 0x006F
mem[X,0x8000B30E] -> 0x0200
[1332] [M]: 0x8000B30C (0x0200006F) jal zero, 32


mem[X,0x8000B32C] -> 0xA023
mem[X,0x8000B32E] -> 0x1E20
[1333] [M]: 0x8000B32C (0x1E20A023) sw sp, 480(ra)
mem[0x80039448] <- 0x00000002


mem[X,0x8000B330] -> 0x5537
mem[X,0x8000B332] -> 0x5555
[1334] [M]: 0x8000B330 (0x55555537) lui a0, 349525
x10 <- 0x55555000


mem[X,0x8000B334] -> 0x0513
mem[X,0x8000B336] -> 0x5555
[1335] [M]: 0x8000B334 (0x55550513) addi a0, a0, 1365
x10 <- 0x55555555


mem[X,0x8000B338] -> 0x55B7
mem[X,0x8000B33A] -> 0xFFFF
[1336] [M]: 0x8000B338 (0xFFFF55B7) lui a1, 1048565
x11 <- 0xFFFF5000


mem[X,0x8000B33C] -> 0x8593
mem[X,0x8000B33E] -> 0xAFD5
[1337] [M]: 0x8000B33C (0xAFD58593) addi a1, a1, 2813
x11 <- 0xFFFF4AFD


mem[X,0x8000B340] -> 0x0113
mem[X,0x8000B342] -> 0x0000
[1338] [M]: 0x8000B340 (0x00000113) addi sp, zero, 0
x2 <- 0x00000000


mem[X,0x8000B344] -> 0x006F
mem[X,0x8000B346] -> 0x00C0
[1339] [M]: 0x8000B344 (0x00C0006F) jal zero, 12


mem[X,0x8000B350] -> 0x0663
mem[X,0x8000B352] -> 0x00B5
[1340] [M]: 0x8000B350 (0x00B50663) beq a0, a1, 12


mem[X,0x8000B354] -> 0x0113
mem[X,0x8000B356] -> 0x0021
[1341] [M]: 0x8000B354 (0x00210113) addi sp, sp, 2
x2 <- 0x00000002


mem[X,0x8000B358] -> 0x006F
mem[X,0x8000B35A] -> 0x00C0
[1342] [M]: 0x8000B358 (0x00C0006F) jal zero, 12


mem[X,0x8000B364] -> 0xA223
mem[X,0x8000B366] -> 0x1E20
[1343] [M]: 0x8000B364 (0x1E20A223) sw sp, 484(ra)
mem[0x8003944C] <- 0x00000002


mem[X,0x8000B368] -> 0x5537
mem[X,0x8000B36A] -> 0x5555
[1344] [M]: 0x8000B368 (0x55555537) lui a0, 349525
x10 <- 0x55555000


mem[X,0x8000B36C] -> 0x0513
mem[X,0x8000B36E] -> 0x5555
[1345] [M]: 0x8000B36C (0x55550513) addi a0, a0, 1365
x10 <- 0x55555555


mem[X,0x8000B370] -> 0xB5B7
mem[X,0x8000B372] -> 0x0000
[1346] [M]: 0x8000B370 (0x0000B5B7) lui a1, 11
x11 <- 0x0000B000


mem[X,0x8000B374] -> 0x8593
mem[X,0x8000B376] -> 0x5055
[1347] [M]: 0x8000B374 (0x50558593) addi a1, a1, 1285
x11 <- 0x0000B505


mem[X,0x8000B378] -> 0x0113
mem[X,0x8000B37A] -> 0x0000
[1348] [M]: 0x8000B378 (0x00000113) addi sp, zero, 0
x2 <- 0x00000000


mem[X,0x8000B37C] -> 0x006F
mem[X,0x8000B37E] -> 0x0100
[1349] [M]: 0x8000B37C (0x0100006F) jal zero, 16


mem[X,0x8000B38C] -> 0x0AE3
mem[X,0x8000B38E] -> 0xFEB5
[1350] [M]: 0x8000B38C (0xFEB50AE3) beq a0, a1, 8180


mem[X,0x8000B390] -> 0x0113
mem[X,0x8000B392] -> 0x0021
[1351] [M]: 0x8000B390 (0x00210113) addi sp, sp, 2
x2 <- 0x00000002


mem[X,0x8000B394] -> 0x006F
mem[X,0x8000B396] -> 0x00C0
[1352] [M]: 0x8000B394 (0x00C0006F) jal zero, 12


mem[X,0x8000B3A0] -> 0xA423
mem[X,0x8000B3A2] -> 0x1E20
[1353] [M]: 0x8000B3A0 (0x1E20A423) sw sp, 488(ra)
mem[0x80039450] <- 0x00000002


mem[X,0x8000B3A4] -> 0xB537
mem[X,0x8000B3A6] -> 0xAAAA
[1354] [M]: 0x8000B3A4 (0xAAAAB537) lui a0, 699051
x10 <- 0xAAAAB000


mem[X,0x8000B3A8] -> 0x0513
mem[X,0x8000B3AA] -> 0xAAA5
[1355] [M]: 0x8000B3A8 (0xAAA50513) addi a0, a0, 2730
x10 <- 0xAAAAAAAA


mem[X,0x8000B3AC] -> 0x0593
mem[X,0x8000B3AE] -> 0x0030
[1356] [M]: 0x8000B3AC (0x00300593) addi a1, zero, 3
x11 <- 0x00000003


mem[X,0x8000B3B0] -> 0x0113
mem[X,0x8000B3B2] -> 0x0000
[1357] [M]: 0x8000B3B0 (0x00000113) addi sp, zero, 0
x2 <- 0x00000000


mem[X,0x8000B3B4] -> 0x006F
mem[X,0x8000B3B6] -> 0x00C0
[1358] [M]: 0x8000B3B4 (0x00C0006F) jal zero, 12


mem[X,0x8000B3C0] -> 0x0CE3
mem[X,0x8000B3C2] -> 0xFEB5
[1359] [M]: 0x8000B3C0 (0xFEB50CE3) beq a0, a1, 8184


mem[X,0x8000B3C4] -> 0x0113
mem[X,0x8000B3C6] -> 0x0021
[1360] [M]: 0x8000B3C4 (0x00210113) addi sp, sp, 2
x2 <- 0x00000002


mem[X,0x8000B3C8] -> 0x006F
mem[X,0x8000B3CA] -> 0x00C0
[1361] [M]: 0x8000B3C8 (0x00C0006F) jal zero, 12


mem[X,0x8000B3D4] -> 0xA623
mem[X,0x8000B3D6] -> 0x1E20
[1362] [M]: 0x8000B3D4 (0x1E20A623) sw sp, 492(ra)
mem[0x80039454] <- 0x00000002


mem[X,0x8000B3D8] -> 0xB537
mem[X,0x8000B3DA] -> 0xAAAA
[1363] [M]: 0x8000B3D8 (0xAAAAB537) lui a0, 699051
x10 <- 0xAAAAB000


mem[X,0x8000B3DC] -> 0x0513
mem[X,0x8000B3DE] -> 0xAAA5
[1364] [M]: 0x8000B3DC (0xAAA50513) addi a0, a0, 2730
x10 <- 0xAAAAAAAA


mem[X,0x8000B3E0] -> 0x55B7
mem[X,0x8000B3E2] -> 0x5555
[1365] [M]: 0x8000B3E0 (0x555555B7) lui a1, 349525
x11 <- 0x55555000


mem[X,0x8000B3E4] -> 0x8593
mem[X,0x8000B3E6] -> 0x5555
[1366] [M]: 0x8000B3E4 (0x55558593) addi a1, a1, 1365
x11 <- 0x55555555


mem[X,0x8000B3E8] -> 0x0113
mem[X,0x8000B3EA] -> 0x0000
[1367] [M]: 0x8000B3E8 (0x00000113) addi sp, zero, 0
x2 <- 0x00000000


mem[X,0x8000B3EC] -> 0x006F
mem[X,0x8000B3EE] -> 0x2B10
[1368] [M]: 0x8000B3EC (0x2B10006F) jal zero, 2736


mem[X,0x8000BE9C] -> 0x0A63
mem[X,0x8000BE9E] -> 0xD4B5
[1369] [M]: 0x8000BE9C (0xD4B50A63) beq a0, a1, 5460


mem[X,0x8000BEA0] -> 0x0113
mem[X,0x8000BEA2] -> 0x0021
[1370] [M]: 0x8000BEA0 (0x00210113) addi sp, sp, 2
x2 <- 0x00000002


mem[X,0x8000BEA4] -> 0x006F
mem[X,0x8000BEA6] -> 0x00C0
[1371] [M]: 0x8000BEA4 (0x00C0006F) jal zero, 12


mem[X,0x8000BEB0] -> 0xA823
mem[X,0x8000BEB2] -> 0x1E20
[1372] [M]: 0x8000BEB0 (0x1E20A823) sw sp, 496(ra)
mem[0x80039458] <- 0x00000002


mem[X,0x8000BEB4] -> 0xB537
mem[X,0x8000BEB6] -> 0xAAAA
[1373] [M]: 0x8000BEB4 (0xAAAAB537) lui a0, 699051
x10 <- 0xAAAAB000


mem[X,0x8000BEB8] -> 0x0513
mem[X,0x8000BEBA] -> 0xAAA5
[1374] [M]: 0x8000BEB8 (0xAAA50513) addi a0, a0, 2730
x10 <- 0xAAAAAAAA


mem[X,0x8000BEBC] -> 0xB5B7
mem[X,0x8000BEBE] -> 0xAAAA
[1375] [M]: 0x8000BEBC (0xAAAAB5B7) lui a1, 699051
x11 <- 0xAAAAB000


mem[X,0x8000BEC0] -> 0x8593
mem[X,0x8000BEC2] -> 0xAAA5
[1376] [M]: 0x8000BEC0 (0xAAA58593) addi a1, a1, 2730
x11 <- 0xAAAAAAAA


mem[X,0x8000BEC4] -> 0x0113
mem[X,0x8000BEC6] -> 0x0000
[1377] [M]: 0x8000BEC4 (0x00000113) addi sp, zero, 0
x2 <- 0x00000000


mem[X,0x8000BEC8] -> 0x006F
mem[X,0x8000BECA] -> 0x00C0
[1378] [M]: 0x8000BEC8 (0x00C0006F) jal zero, 12


mem[X,0x8000BED4] -> 0x0063
mem[X,0x8000BED6] -> 0x10B5
[1379] [M]: 0x8000BED4 (0x10B50063) beq a0, a1, 256


mem[X,0x8000BFD4] -> 0x0113
mem[X,0x8000BFD6] -> 0x0031
[1380] [M]: 0x8000BFD4 (0x00310113) addi sp, sp, 3
x2 <- 0x00000003


mem[X,0x8000BFD8] -> 0x006F
mem[X,0x8000BFDA] -> 0x0040
[1381] [M]: 0x8000BFD8 (0x0040006F) jal zero, 4


mem[X,0x8000BFDC] -> 0xAA23
mem[X,0x8000BFDE] -> 0x1E20
[1382] [M]: 0x8000BFDC (0x1E20AA23) sw sp, 500(ra)
mem[0x8003945C] <- 0x00000003


mem[X,0x8000BFE0] -> 0xB537
mem[X,0x8000BFE2] -> 0xAAAA
[1383] [M]: 0x8000BFE0 (0xAAAAB537) lui a0, 699051
x10 <- 0xAAAAB000


mem[X,0x8000BFE4] -> 0x0513
mem[X,0x8000BFE6] -> 0xAAA5
[1384] [M]: 0x8000BFE4 (0xAAA50513) addi a0, a0, 2730
x10 <- 0xAAAAAAAA


mem[X,0x8000BFE8] -> 0x0593
mem[X,0x8000BFEA] -> 0x0050
[1385] [M]: 0x8000BFE8 (0x00500593) addi a1, zero, 5
x11 <- 0x00000005


mem[X,0x8000BFEC] -> 0x0113
mem[X,0x8000BFEE] -> 0x0000
[1386] [M]: 0x8000BFEC (0x00000113) addi sp, zero, 0
x2 <- 0x00000000


mem[X,0x8000BFF0] -> 0x006F
mem[X,0x8000BFF2] -> 0x00C0
[1387] [M]: 0x8000BFF0 (0x00C0006F) jal zero, 12


mem[X,0x8000BFFC] -> 0x0663
mem[X,0x8000BFFE] -> 0x00B5
[1388] [M]: 0x8000BFFC (0x00B50663) beq a0, a1, 12


mem[X,0x8000C000] -> 0x0113
mem[X,0x8000C002] -> 0x0021
[1389] [M]: 0x8000C000 (0x00210113) addi sp, sp, 2
x2 <- 0x00000002


mem[X,0x8000C004] -> 0x006F
mem[X,0x8000C006] -> 0x00C0
[1390] [M]: 0x8000C004 (0x00C0006F) jal zero, 12


mem[X,0x8000C010] -> 0xAC23
mem[X,0x8000C012] -> 0x1E20
[1391] [M]: 0x8000C010 (0x1E20AC23) sw sp, 504(ra)
mem[0x80039460] <- 0x00000002


mem[X,0x8000C014] -> 0xB537
mem[X,0x8000C016] -> 0xAAAA
[1392] [M]: 0x8000C014 (0xAAAAB537) lui a0, 699051
x10 <- 0xAAAAB000


mem[X,0x8000C018] -> 0x0513
mem[X,0x8000C01A] -> 0xAAA5
[1393] [M]: 0x8000C018 (0xAAA50513) addi a0, a0, 2730
x10 <- 0xAAAAAAAA


mem[X,0x8000C01C] -> 0x35B7
mem[X,0x8000C01E] -> 0x3333
[1394] [M]: 0x8000C01C (0x333335B7) lui a1, 209715
x11 <- 0x33333000


mem[X,0x8000C020] -> 0x8593
mem[X,0x8000C022] -> 0x3335
[1395] [M]: 0x8000C020 (0x33358593) addi a1, a1, 819
x11 <- 0x33333333


mem[X,0x8000C024] -> 0x0113
mem[X,0x8000C026] -> 0x0000
[1396] [M]: 0x8000C024 (0x00000113) addi sp, zero, 0
x2 <- 0x00000000


mem[X,0x8000C028] -> 0x006F
mem[X,0x8000C02A] -> 0x00C0
[1397] [M]: 0x8000C028 (0x00C0006F) jal zero, 12


mem[X,0x8000C034] -> 0x0063
mem[X,0x8000C036] -> 0x40B5
[1398] [M]: 0x8000C034 (0x40B50063) beq a0, a1, 1024


mem[X,0x8000C038] -> 0x0113
mem[X,0x8000C03A] -> 0x0021
[1399] [M]: 0x8000C038 (0x00210113) addi sp, sp, 2
x2 <- 0x00000002


clint::tick mtime <- 0x000000000000000E
 clint timer pending at mtime 0x000000000000000E
htif::tick 0x0000000000000000
mem[X,0x8000C03C] -> 0x006F
mem[X,0x8000C03E] -> 0x4000
[1400] [M]: 0x8000C03C (0x4000006F) jal zero, 1024


mem[X,0x8000C43C] -> 0xAE23
mem[X,0x8000C43E] -> 0x1E20
[1401] [M]: 0x8000C43C (0x1E20AE23) sw sp, 508(ra)
mem[0x80039464] <- 0x00000002


mem[X,0x8000C440] -> 0xB537
mem[X,0x8000C442] -> 0xAAAA
[1402] [M]: 0x8000C440 (0xAAAAB537) lui a0, 699051
x10 <- 0xAAAAB000


mem[X,0x8000C444] -> 0x0513
mem[X,0x8000C446] -> 0xAAA5
[1403] [M]: 0x8000C444 (0xAAA50513) addi a0, a0, 2730
x10 <- 0xAAAAAAAA


mem[X,0x8000C448] -> 0x65B7
mem[X,0x8000C44A] -> 0x6666
[1404] [M]: 0x8000C448 (0x666665B7) lui a1, 419430
x11 <- 0x66666000


mem[X,0x8000C44C] -> 0x8593
mem[X,0x8000C44E] -> 0x6665
[1405] [M]: 0x8000C44C (0x66658593) addi a1, a1, 1638
x11 <- 0x66666666


mem[X,0x8000C450] -> 0x0113
mem[X,0x8000C452] -> 0x0000
[1406] [M]: 0x8000C450 (0x00000113) addi sp, zero, 0
x2 <- 0x00000000


mem[X,0x8000C454] -> 0x006F
mem[X,0x8000C456] -> 0x00C0
[1407] [M]: 0x8000C454 (0x00C0006F) jal zero, 12


mem[X,0x8000C460] -> 0x0063
mem[X,0x8000C462] -> 0x08B5
[1408] [M]: 0x8000C460 (0x08B50063) beq a0, a1, 128


mem[X,0x8000C464] -> 0x0113
mem[X,0x8000C466] -> 0x0021
[1409] [M]: 0x8000C464 (0x00210113) addi sp, sp, 2
x2 <- 0x00000002


mem[X,0x8000C468] -> 0x006F
mem[X,0x8000C46A] -> 0x0800
[1410] [M]: 0x8000C468 (0x0800006F) jal zero, 128


mem[X,0x8000C4E8] -> 0xA023
mem[X,0x8000C4EA] -> 0x2020
[1411] [M]: 0x8000C4E8 (0x2020A023) sw sp, 512(ra)
mem[0x80039468] <- 0x00000002


mem[X,0x8000C4EC] -> 0xB537
mem[X,0x8000C4EE] -> 0xAAAA
[1412] [M]: 0x8000C4EC (0xAAAAB537) lui a0, 699051
x10 <- 0xAAAAB000


mem[X,0x8000C4F0] -> 0x0513
mem[X,0x8000C4F2] -> 0xAAA5
[1413] [M]: 0x8000C4F0 (0xAAA50513) addi a0, a0, 2730
x10 <- 0xAAAAAAAA


mem[X,0x8000C4F4] -> 0x55B7
mem[X,0x8000C4F6] -> 0xFFFF
[1414] [M]: 0x8000C4F4 (0xFFFF55B7) lui a1, 1048565
x11 <- 0xFFFF5000


mem[X,0x8000C4F8] -> 0x8593
mem[X,0x8000C4FA] -> 0xAFC5
[1415] [M]: 0x8000C4F8 (0xAFC58593) addi a1, a1, 2812
x11 <- 0xFFFF4AFC


mem[X,0x8000C4FC] -> 0x0113
mem[X,0x8000C4FE] -> 0x0000
[1416] [M]: 0x8000C4FC (0x00000113) addi sp, zero, 0
x2 <- 0x00000000


mem[X,0x8000C500] -> 0x006F
mem[X,0x8000C502] -> 0x00C0
[1417] [M]: 0x8000C500 (0x00C0006F) jal zero, 12


mem[X,0x8000C50C] -> 0x0CE3
mem[X,0x8000C50E] -> 0xFEB5
[1418] [M]: 0x8000C50C (0xFEB50CE3) beq a0, a1, 8184


mem[X,0x8000C510] -> 0x0113
mem[X,0x8000C512] -> 0x0021
[1419] [M]: 0x8000C510 (0x00210113) addi sp, sp, 2
x2 <- 0x00000002


mem[X,0x8000C514] -> 0x006F
mem[X,0x8000C516] -> 0x00C0
[1420] [M]: 0x8000C514 (0x00C0006F) jal zero, 12


mem[X,0x8000C520] -> 0xA223
mem[X,0x8000C522] -> 0x2020
[1421] [M]: 0x8000C520 (0x2020A223) sw sp, 516(ra)
mem[0x8003946C] <- 0x00000002


mem[X,0x8000C524] -> 0xB537
mem[X,0x8000C526] -> 0xAAAA
[1422] [M]: 0x8000C524 (0xAAAAB537) lui a0, 699051
x10 <- 0xAAAAB000


mem[X,0x8000C528] -> 0x0513
mem[X,0x8000C52A] -> 0xAAA5
[1423] [M]: 0x8000C528 (0xAAA50513) addi a0, a0, 2730
x10 <- 0xAAAAAAAA


mem[X,0x8000C52C] -> 0xB5B7
mem[X,0x8000C52E] -> 0x0000
[1424] [M]: 0x8000C52C (0x0000B5B7) lui a1, 11
x11 <- 0x0000B000


mem[X,0x8000C530] -> 0x8593
mem[X,0x8000C532] -> 0x5045
[1425] [M]: 0x8000C530 (0x50458593) addi a1, a1, 1284
x11 <- 0x0000B504


mem[X,0x8000C534] -> 0x0113
mem[X,0x8000C536] -> 0x0000
[1426] [M]: 0x8000C534 (0x00000113) addi sp, zero, 0
x2 <- 0x00000000


mem[X,0x8000C538] -> 0x006F
mem[X,0x8000C53A] -> 0x00C0
[1427] [M]: 0x8000C538 (0x00C0006F) jal zero, 12


mem[X,0x8000C544] -> 0x0CE3
mem[X,0x8000C546] -> 0xFEB5
[1428] [M]: 0x8000C544 (0xFEB50CE3) beq a0, a1, 8184


mem[X,0x8000C548] -> 0x0113
mem[X,0x8000C54A] -> 0x0021
[1429] [M]: 0x8000C548 (0x00210113) addi sp, sp, 2
x2 <- 0x00000002


mem[X,0x8000C54C] -> 0x006F
mem[X,0x8000C54E] -> 0x00C0
[1430] [M]: 0x8000C54C (0x00C0006F) jal zero, 12


mem[X,0x8000C558] -> 0xA423
mem[X,0x8000C55A] -> 0x2020
[1431] [M]: 0x8000C558 (0x2020A423) sw sp, 520(ra)
mem[0x80039470] <- 0x00000002


mem[X,0x8000C55C] -> 0xB537
mem[X,0x8000C55E] -> 0xAAAA
[1432] [M]: 0x8000C55C (0xAAAAB537) lui a0, 699051
x10 <- 0xAAAAB000


mem[X,0x8000C560] -> 0x0513
mem[X,0x8000C562] -> 0xAAA5
[1433] [M]: 0x8000C560 (0xAAA50513) addi a0, a0, 2730
x10 <- 0xAAAAAAAA


mem[X,0x8000C564] -> 0x0593
mem[X,0x8000C566] -> 0x0020
[1434] [M]: 0x8000C564 (0x00200593) addi a1, zero, 2
x11 <- 0x00000002


mem[X,0x8000C568] -> 0x0113
mem[X,0x8000C56A] -> 0x0000
[1435] [M]: 0x8000C568 (0x00000113) addi sp, zero, 0
x2 <- 0x00000000


mem[X,0x8000C56C] -> 0x006F
mem[X,0x8000C56E] -> 0x00C0
[1436] [M]: 0x8000C56C (0x00C0006F) jal zero, 12


mem[X,0x8000C578] -> 0x0CE3
mem[X,0x8000C57A] -> 0xFEB5
[1437] [M]: 0x8000C578 (0xFEB50CE3) beq a0, a1, 8184


mem[X,0x8000C57C] -> 0x0113
mem[X,0x8000C57E] -> 0x0021
[1438] [M]: 0x8000C57C (0x00210113) addi sp, sp, 2
x2 <- 0x00000002


mem[X,0x8000C580] -> 0x006F
mem[X,0x8000C582] -> 0x00C0
[1439] [M]: 0x8000C580 (0x00C0006F) jal zero, 12


mem[X,0x8000C58C] -> 0xA623
mem[X,0x8000C58E] -> 0x2020
[1440] [M]: 0x8000C58C (0x2020A623) sw sp, 524(ra)
mem[0x80039474] <- 0x00000002


mem[X,0x8000C590] -> 0xB537
mem[X,0x8000C592] -> 0xAAAA
[1441] [M]: 0x8000C590 (0xAAAAB537) lui a0, 699051
x10 <- 0xAAAAB000


mem[X,0x8000C594] -> 0x0513
mem[X,0x8000C596] -> 0xAAA5
[1442] [M]: 0x8000C594 (0xAAA50513) addi a0, a0, 2730
x10 <- 0xAAAAAAAA


mem[X,0x8000C598] -> 0x55B7
mem[X,0x8000C59A] -> 0x5555
[1443] [M]: 0x8000C598 (0x555555B7) lui a1, 349525
x11 <- 0x55555000


mem[X,0x8000C59C] -> 0x8593
mem[X,0x8000C59E] -> 0x5545
[1444] [M]: 0x8000C59C (0x55458593) addi a1, a1, 1364
x11 <- 0x55555554


mem[X,0x8000C5A0] -> 0x0113
mem[X,0x8000C5A2] -> 0x0000
[1445] [M]: 0x8000C5A0 (0x00000113) addi sp, zero, 0
x2 <- 0x00000000


mem[X,0x8000C5A4] -> 0x006F
mem[X,0x8000C5A6] -> 0x00C0
[1446] [M]: 0x8000C5A4 (0x00C0006F) jal zero, 12


mem[X,0x8000C5B0] -> 0x0663
mem[X,0x8000C5B2] -> 0x00B5
[1447] [M]: 0x8000C5B0 (0x00B50663) beq a0, a1, 12


mem[X,0x8000C5B4] -> 0x0113
mem[X,0x8000C5B6] -> 0x0021
[1448] [M]: 0x8000C5B4 (0x00210113) addi sp, sp, 2
x2 <- 0x00000002


mem[X,0x8000C5B8] -> 0x006F
mem[X,0x8000C5BA] -> 0x00C0
[1449] [M]: 0x8000C5B8 (0x00C0006F) jal zero, 12


mem[X,0x8000C5C4] -> 0xA823
mem[X,0x8000C5C6] -> 0x2020
[1450] [M]: 0x8000C5C4 (0x2020A823) sw sp, 528(ra)
mem[0x80039478] <- 0x00000002


mem[X,0x8000C5C8] -> 0xB537
mem[X,0x8000C5CA] -> 0xAAAA
[1451] [M]: 0x8000C5C8 (0xAAAAB537) lui a0, 699051
x10 <- 0xAAAAB000


mem[X,0x8000C5CC] -> 0x0513
mem[X,0x8000C5CE] -> 0xAAA5
[1452] [M]: 0x8000C5CC (0xAAA50513) addi a0, a0, 2730
x10 <- 0xAAAAAAAA


mem[X,0x8000C5D0] -> 0x0593
mem[X,0x8000C5D2] -> 0x0000
[1453] [M]: 0x8000C5D0 (0x00000593) addi a1, zero, 0
x11 <- 0x00000000


mem[X,0x8000C5D4] -> 0x0113
mem[X,0x8000C5D6] -> 0x0000
[1454] [M]: 0x8000C5D4 (0x00000113) addi sp, zero, 0
x2 <- 0x00000000


mem[X,0x8000C5D8] -> 0x006F
mem[X,0x8000C5DA] -> 0x0100
[1455] [M]: 0x8000C5D8 (0x0100006F) jal zero, 16


mem[X,0x8000C5E8] -> 0x0AE3
mem[X,0x8000C5EA] -> 0xFEB5
[1456] [M]: 0x8000C5E8 (0xFEB50AE3) beq a0, a1, 8180


mem[X,0x8000C5EC] -> 0x0113
mem[X,0x8000C5EE] -> 0x0021
[1457] [M]: 0x8000C5EC (0x00210113) addi sp, sp, 2
x2 <- 0x00000002


mem[X,0x8000C5F0] -> 0x006F
mem[X,0x8000C5F2] -> 0x00C0
[1458] [M]: 0x8000C5F0 (0x00C0006F) jal zero, 12


mem[X,0x8000C5FC] -> 0xAA23
mem[X,0x8000C5FE] -> 0x2020
[1459] [M]: 0x8000C5FC (0x2020AA23) sw sp, 532(ra)
mem[0x8003947C] <- 0x00000002


mem[X,0x8000C600] -> 0xB537
mem[X,0x8000C602] -> 0xAAAA
[1460] [M]: 0x8000C600 (0xAAAAB537) lui a0, 699051
x10 <- 0xAAAAB000


mem[X,0x8000C604] -> 0x0513
mem[X,0x8000C606] -> 0xAAA5
[1461] [M]: 0x8000C604 (0xAAA50513) addi a0, a0, 2730
x10 <- 0xAAAAAAAA


mem[X,0x8000C608] -> 0x0593
mem[X,0x8000C60A] -> 0x0040
[1462] [M]: 0x8000C608 (0x00400593) addi a1, zero, 4
x11 <- 0x00000004


mem[X,0x8000C60C] -> 0x0113
mem[X,0x8000C60E] -> 0x0000
[1463] [M]: 0x8000C60C (0x00000113) addi sp, zero, 0
x2 <- 0x00000000


mem[X,0x8000C610] -> 0x006F
mem[X,0x8000C612] -> 0x00C0
[1464] [M]: 0x8000C610 (0x00C0006F) jal zero, 12


mem[X,0x8000C61C] -> 0x0663
mem[X,0x8000C61E] -> 0x00B5
[1465] [M]: 0x8000C61C (0x00B50663) beq a0, a1, 12


mem[X,0x8000C620] -> 0x0113
mem[X,0x8000C622] -> 0x0021
[1466] [M]: 0x8000C620 (0x00210113) addi sp, sp, 2
x2 <- 0x00000002


mem[X,0x8000C624] -> 0x006F
mem[X,0x8000C626] -> 0x00C0
[1467] [M]: 0x8000C624 (0x00C0006F) jal zero, 12


mem[X,0x8000C630] -> 0xAC23
mem[X,0x8000C632] -> 0x2020
[1468] [M]: 0x8000C630 (0x2020AC23) sw sp, 536(ra)
mem[0x80039480] <- 0x00000002


mem[X,0x8000C634] -> 0xB537
mem[X,0x8000C636] -> 0xAAAA
[1469] [M]: 0x8000C634 (0xAAAAB537) lui a0, 699051
x10 <- 0xAAAAB000


mem[X,0x8000C638] -> 0x0513
mem[X,0x8000C63A] -> 0xAAA5
[1470] [M]: 0x8000C638 (0xAAA50513) addi a0, a0, 2730
x10 <- 0xAAAAAAAA


mem[X,0x8000C63C] -> 0x35B7
mem[X,0x8000C63E] -> 0x3333
[1471] [M]: 0x8000C63C (0x333335B7) lui a1, 209715
x11 <- 0x33333000


mem[X,0x8000C640] -> 0x8593
mem[X,0x8000C642] -> 0x3325
[1472] [M]: 0x8000C640 (0x33258593) addi a1, a1, 818
x11 <- 0x33333332


mem[X,0x8000C644] -> 0x0113
mem[X,0x8000C646] -> 0x0000
[1473] [M]: 0x8000C644 (0x00000113) addi sp, zero, 0
x2 <- 0x00000000


mem[X,0x8000C648] -> 0x006F
mem[X,0x8000C64A] -> 0x00C0
[1474] [M]: 0x8000C648 (0x00C0006F) jal zero, 12


mem[X,0x8000C654] -> 0x0063
mem[X,0x8000C656] -> 0x20B5
[1475] [M]: 0x8000C654 (0x20B50063) beq a0, a1, 512


mem[X,0x8000C658] -> 0x0113
mem[X,0x8000C65A] -> 0x0021
[1476] [M]: 0x8000C658 (0x00210113) addi sp, sp, 2
x2 <- 0x00000002


mem[X,0x8000C65C] -> 0x006F
mem[X,0x8000C65E] -> 0x2000
[1477] [M]: 0x8000C65C (0x2000006F) jal zero, 512


mem[X,0x8000C85C] -> 0xAE23
mem[X,0x8000C85E] -> 0x2020
[1478] [M]: 0x8000C85C (0x2020AE23) sw sp, 540(ra)
mem[0x80039484] <- 0x00000002


mem[X,0x8000C860] -> 0xB537
mem[X,0x8000C862] -> 0xAAAA
[1479] [M]: 0x8000C860 (0xAAAAB537) lui a0, 699051
x10 <- 0xAAAAB000


mem[X,0x8000C864] -> 0x0513
mem[X,0x8000C866] -> 0xAAA5
[1480] [M]: 0x8000C864 (0xAAA50513) addi a0, a0, 2730
x10 <- 0xAAAAAAAA


mem[X,0x8000C868] -> 0x65B7
mem[X,0x8000C86A] -> 0x6666
[1481] [M]: 0x8000C868 (0x666665B7) lui a1, 419430
x11 <- 0x66666000


mem[X,0x8000C86C] -> 0x8593
mem[X,0x8000C86E] -> 0x6655
[1482] [M]: 0x8000C86C (0x66558593) addi a1, a1, 1637
x11 <- 0x66666665


mem[X,0x8000C870] -> 0x0113
mem[X,0x8000C872] -> 0x0000
[1483] [M]: 0x8000C870 (0x00000113) addi sp, zero, 0
x2 <- 0x00000000


mem[X,0x8000C874] -> 0x006F
mem[X,0x8000C876] -> 0x00C0
[1484] [M]: 0x8000C874 (0x00C0006F) jal zero, 12


mem[X,0x8000C880] -> 0x0663
mem[X,0x8000C882] -> 0x00B5
[1485] [M]: 0x8000C880 (0x00B50663) beq a0, a1, 12


mem[X,0x8000C884] -> 0x0113
mem[X,0x8000C886] -> 0x0021
[1486] [M]: 0x8000C884 (0x00210113) addi sp, sp, 2
x2 <- 0x00000002


mem[X,0x8000C888] -> 0x006F
mem[X,0x8000C88A] -> 0x00C0
[1487] [M]: 0x8000C888 (0x00C0006F) jal zero, 12


mem[X,0x8000C894] -> 0xA023
mem[X,0x8000C896] -> 0x2220
[1488] [M]: 0x8000C894 (0x2220A023) sw sp, 544(ra)
mem[0x80039488] <- 0x00000002


mem[X,0x8000C898] -> 0xB537
mem[X,0x8000C89A] -> 0xAAAA
[1489] [M]: 0x8000C898 (0xAAAAB537) lui a0, 699051
x10 <- 0xAAAAB000


mem[X,0x8000C89C] -> 0x0513
mem[X,0x8000C89E] -> 0xAAA5
[1490] [M]: 0x8000C89C (0xAAA50513) addi a0, a0, 2730
x10 <- 0xAAAAAAAA


mem[X,0x8000C8A0] -> 0xB5B7
mem[X,0x8000C8A2] -> 0x0000
[1491] [M]: 0x8000C8A0 (0x0000B5B7) lui a1, 11
x11 <- 0x0000B000


mem[X,0x8000C8A4] -> 0x8593
mem[X,0x8000C8A6] -> 0x5035
[1492] [M]: 0x8000C8A4 (0x50358593) addi a1, a1, 1283
x11 <- 0x0000B503


mem[X,0x8000C8A8] -> 0x0113
mem[X,0x8000C8AA] -> 0x0000
[1493] [M]: 0x8000C8A8 (0x00000113) addi sp, zero, 0
x2 <- 0x00000000


mem[X,0x8000C8AC] -> 0x006F
mem[X,0x8000C8AE] -> 0x00C0
[1494] [M]: 0x8000C8AC (0x00C0006F) jal zero, 12


mem[X,0x8000C8B8] -> 0x0063
mem[X,0x8000C8BA] -> 0x02B5
[1495] [M]: 0x8000C8B8 (0x02B50063) beq a0, a1, 32


mem[X,0x8000C8BC] -> 0x0113
mem[X,0x8000C8BE] -> 0x0021
[1496] [M]: 0x8000C8BC (0x00210113) addi sp, sp, 2
x2 <- 0x00000002


mem[X,0x8000C8C0] -> 0x006F
mem[X,0x8000C8C2] -> 0x0200
[1497] [M]: 0x8000C8C0 (0x0200006F) jal zero, 32


mem[X,0x8000C8E0] -> 0xA223
mem[X,0x8000C8E2] -> 0x2220
[1498] [M]: 0x8000C8E0 (0x2220A223) sw sp, 548(ra)
mem[0x8003948C] <- 0x00000002


mem[X,0x8000C8E4] -> 0xB537
mem[X,0x8000C8E6] -> 0xAAAA
[1499] [M]: 0x8000C8E4 (0xAAAAB537) lui a0, 699051
x10 <- 0xAAAAB000


clint::tick mtime <- 0x000000000000000F
 clint timer pending at mtime 0x000000000000000F
htif::tick 0x0000000000000000
mem[X,0x8000C8E8] -> 0x0513
mem[X,0x8000C8EA] -> 0xAAA5
[1500] [M]: 0x8000C8E8 (0xAAA50513) addi a0, a0, 2730
x10 <- 0xAAAAAAAA


mem[X,0x8000C8EC] -> 0x55B7
mem[X,0x8000C8EE] -> 0x5555
[1501] [M]: 0x8000C8EC (0x555555B7) lui a1, 349525
x11 <- 0x55555000


mem[X,0x8000C8F0] -> 0x8593
mem[X,0x8000C8F2] -> 0x5565
[1502] [M]: 0x8000C8F0 (0x55658593) addi a1, a1, 1366
x11 <- 0x55555556


mem[X,0x8000C8F4] -> 0x0113
mem[X,0x8000C8F6] -> 0x0000
[1503] [M]: 0x8000C8F4 (0x00000113) addi sp, zero, 0
x2 <- 0x00000000


mem[X,0x8000C8F8] -> 0x006F
mem[X,0x8000C8FA] -> 0x0180
[1504] [M]: 0x8000C8F8 (0x0180006F) jal zero, 24


mem[X,0x8000C910] -> 0x06E3
mem[X,0x8000C912] -> 0xFEB5
[1505] [M]: 0x8000C910 (0xFEB506E3) beq a0, a1, 8172


mem[X,0x8000C914] -> 0x0113
mem[X,0x8000C916] -> 0x0021
[1506] [M]: 0x8000C914 (0x00210113) addi sp, sp, 2
x2 <- 0x00000002


mem[X,0x8000C918] -> 0x006F
mem[X,0x8000C91A] -> 0x00C0
[1507] [M]: 0x8000C918 (0x00C0006F) jal zero, 12


mem[X,0x8000C924] -> 0xA423
mem[X,0x8000C926] -> 0x2220
[1508] [M]: 0x8000C924 (0x2220A423) sw sp, 552(ra)
mem[0x80039490] <- 0x00000002


mem[X,0x8000C928] -> 0xB537
mem[X,0x8000C92A] -> 0xAAAA
[1509] [M]: 0x8000C928 (0xAAAAB537) lui a0, 699051
x10 <- 0xAAAAB000


mem[X,0x8000C92C] -> 0x0513
mem[X,0x8000C92E] -> 0xAAA5
[1510] [M]: 0x8000C92C (0xAAA50513) addi a0, a0, 2730
x10 <- 0xAAAAAAAA


mem[X,0x8000C930] -> 0xB5B7
mem[X,0x8000C932] -> 0xAAAA
[1511] [M]: 0x8000C930 (0xAAAAB5B7) lui a1, 699051
x11 <- 0xAAAAB000


mem[X,0x8000C934] -> 0x8593
mem[X,0x8000C936] -> 0xAAB5
[1512] [M]: 0x8000C934 (0xAAB58593) addi a1, a1, 2731
x11 <- 0xAAAAAAAB


mem[X,0x8000C938] -> 0x0113
mem[X,0x8000C93A] -> 0x0000
[1513] [M]: 0x8000C938 (0x00000113) addi sp, zero, 0
x2 <- 0x00000000


mem[X,0x8000C93C] -> 0x006F
mem[X,0x8000C93E] -> 0x00C0
[1514] [M]: 0x8000C93C (0x00C0006F) jal zero, 12


mem[X,0x8000C948] -> 0x0CE3
mem[X,0x8000C94A] -> 0xFEB5
[1515] [M]: 0x8000C948 (0xFEB50CE3) beq a0, a1, 8184


mem[X,0x8000C94C] -> 0x0113
mem[X,0x8000C94E] -> 0x0021
[1516] [M]: 0x8000C94C (0x00210113) addi sp, sp, 2
x2 <- 0x00000002


mem[X,0x8000C950] -> 0x006F
mem[X,0x8000C952] -> 0x00C0
[1517] [M]: 0x8000C950 (0x00C0006F) jal zero, 12


mem[X,0x8000C95C] -> 0xA623
mem[X,0x8000C95E] -> 0x2220
[1518] [M]: 0x8000C95C (0x2220A623) sw sp, 556(ra)
mem[0x80039494] <- 0x00000002


mem[X,0x8000C960] -> 0xB537
mem[X,0x8000C962] -> 0xAAAA
[1519] [M]: 0x8000C960 (0xAAAAB537) lui a0, 699051
x10 <- 0xAAAAB000


mem[X,0x8000C964] -> 0x0513
mem[X,0x8000C966] -> 0xAAA5
[1520] [M]: 0x8000C964 (0xAAA50513) addi a0, a0, 2730
x10 <- 0xAAAAAAAA


mem[X,0x8000C968] -> 0x0593
mem[X,0x8000C96A] -> 0x0060
[1521] [M]: 0x8000C968 (0x00600593) addi a1, zero, 6
x11 <- 0x00000006


mem[X,0x8000C96C] -> 0x0113
mem[X,0x8000C96E] -> 0x0000
[1522] [M]: 0x8000C96C (0x00000113) addi sp, zero, 0
x2 <- 0x00000000


mem[X,0x8000C970] -> 0x006F
mem[X,0x8000C972] -> 0x00C0
[1523] [M]: 0x8000C970 (0x00C0006F) jal zero, 12


mem[X,0x8000C97C] -> 0x0663
mem[X,0x8000C97E] -> 0x00B5
[1524] [M]: 0x8000C97C (0x00B50663) beq a0, a1, 12


mem[X,0x8000C980] -> 0x0113
mem[X,0x8000C982] -> 0x0021
[1525] [M]: 0x8000C980 (0x00210113) addi sp, sp, 2
x2 <- 0x00000002


mem[X,0x8000C984] -> 0x006F
mem[X,0x8000C986] -> 0x00C0
[1526] [M]: 0x8000C984 (0x00C0006F) jal zero, 12


mem[X,0x8000C990] -> 0xA823
mem[X,0x8000C992] -> 0x2220
[1527] [M]: 0x8000C990 (0x2220A823) sw sp, 560(ra)
mem[0x80039498] <- 0x00000002


mem[X,0x8000C994] -> 0xB537
mem[X,0x8000C996] -> 0xAAAA
[1528] [M]: 0x8000C994 (0xAAAAB537) lui a0, 699051
x10 <- 0xAAAAB000


mem[X,0x8000C998] -> 0x0513
mem[X,0x8000C99A] -> 0xAAA5
[1529] [M]: 0x8000C998 (0xAAA50513) addi a0, a0, 2730
x10 <- 0xAAAAAAAA


mem[X,0x8000C99C] -> 0x35B7
mem[X,0x8000C99E] -> 0x3333
[1530] [M]: 0x8000C99C (0x333335B7) lui a1, 209715
x11 <- 0x33333000


mem[X,0x8000C9A0] -> 0x8593
mem[X,0x8000C9A2] -> 0x3345
[1531] [M]: 0x8000C9A0 (0x33458593) addi a1, a1, 820
x11 <- 0x33333334


mem[X,0x8000C9A4] -> 0x0113
mem[X,0x8000C9A6] -> 0x0000
[1532] [M]: 0x8000C9A4 (0x00000113) addi sp, zero, 0
x2 <- 0x00000000


mem[X,0x8000C9A8] -> 0x006F
mem[X,0x8000C9AA] -> 0x00C0
[1533] [M]: 0x8000C9A8 (0x00C0006F) jal zero, 12


mem[X,0x8000C9B4] -> 0x0CE3
mem[X,0x8000C9B6] -> 0xFEB5
[1534] [M]: 0x8000C9B4 (0xFEB50CE3) beq a0, a1, 8184


mem[X,0x8000C9B8] -> 0x0113
mem[X,0x8000C9BA] -> 0x0021
[1535] [M]: 0x8000C9B8 (0x00210113) addi sp, sp, 2
x2 <- 0x00000002


mem[X,0x8000C9BC] -> 0x006F
mem[X,0x8000C9BE] -> 0x00C0
[1536] [M]: 0x8000C9BC (0x00C0006F) jal zero, 12


mem[X,0x8000C9C8] -> 0xAA23
mem[X,0x8000C9CA] -> 0x2220
[1537] [M]: 0x8000C9C8 (0x2220AA23) sw sp, 564(ra)
mem[0x8003949C] <- 0x00000002


mem[X,0x8000C9CC] -> 0xB537
mem[X,0x8000C9CE] -> 0xAAAA
[1538] [M]: 0x8000C9CC (0xAAAAB537) lui a0, 699051
x10 <- 0xAAAAB000


mem[X,0x8000C9D0] -> 0x0513
mem[X,0x8000C9D2] -> 0xAAA5
[1539] [M]: 0x8000C9D0 (0xAAA50513) addi a0, a0, 2730
x10 <- 0xAAAAAAAA


mem[X,0x8000C9D4] -> 0x65B7
mem[X,0x8000C9D6] -> 0x6666
[1540] [M]: 0x8000C9D4 (0x666665B7) lui a1, 419430
x11 <- 0x66666000


mem[X,0x8000C9D8] -> 0x8593
mem[X,0x8000C9DA] -> 0x6675
[1541] [M]: 0x8000C9D8 (0x66758593) addi a1, a1, 1639
x11 <- 0x66666667


mem[X,0x8000C9DC] -> 0x0113
mem[X,0x8000C9DE] -> 0x0000
[1542] [M]: 0x8000C9DC (0x00000113) addi sp, zero, 0
x2 <- 0x00000000


mem[X,0x8000C9E0] -> 0x006F
mem[X,0x8000C9E2] -> 0x00C0
[1543] [M]: 0x8000C9E0 (0x00C0006F) jal zero, 12


mem[X,0x8000C9EC] -> 0x0063
mem[X,0x8000C9EE] -> 0x04B5
[1544] [M]: 0x8000C9EC (0x04B50063) beq a0, a1, 64


mem[X,0x8000C9F0] -> 0x0113
mem[X,0x8000C9F2] -> 0x0021
[1545] [M]: 0x8000C9F0 (0x00210113) addi sp, sp, 2
x2 <- 0x00000002


mem[X,0x8000C9F4] -> 0x006F
mem[X,0x8000C9F6] -> 0x0400
[1546] [M]: 0x8000C9F4 (0x0400006F) jal zero, 64


mem[X,0x8000CA34] -> 0xAC23
mem[X,0x8000CA36] -> 0x2220
[1547] [M]: 0x8000CA34 (0x2220AC23) sw sp, 568(ra)
mem[0x800394A0] <- 0x00000002


mem[X,0x8000CA38] -> 0xB537
mem[X,0x8000CA3A] -> 0xAAAA
[1548] [M]: 0x8000CA38 (0xAAAAB537) lui a0, 699051
x10 <- 0xAAAAB000


mem[X,0x8000CA3C] -> 0x0513
mem[X,0x8000CA3E] -> 0xAAA5
[1549] [M]: 0x8000CA3C (0xAAA50513) addi a0, a0, 2730
x10 <- 0xAAAAAAAA


mem[X,0x8000CA40] -> 0x55B7
mem[X,0x8000CA42] -> 0xFFFF
[1550] [M]: 0x8000CA40 (0xFFFF55B7) lui a1, 1048565
x11 <- 0xFFFF5000


mem[X,0x8000CA44] -> 0x8593
mem[X,0x8000CA46] -> 0xAFD5
[1551] [M]: 0x8000CA44 (0xAFD58593) addi a1, a1, 2813
x11 <- 0xFFFF4AFD


mem[X,0x8000CA48] -> 0x0113
mem[X,0x8000CA4A] -> 0x0000
[1552] [M]: 0x8000CA48 (0x00000113) addi sp, zero, 0
x2 <- 0x00000000


mem[X,0x8000CA4C] -> 0x006F
mem[X,0x8000CA4E] -> 0x00C0
[1553] [M]: 0x8000CA4C (0x00C0006F) jal zero, 12


mem[X,0x8000CA58] -> 0x0063
mem[X,0x8000CA5A] -> 0x10B5
[1554] [M]: 0x8000CA58 (0x10B50063) beq a0, a1, 256


mem[X,0x8000CA5C] -> 0x0113
mem[X,0x8000CA5E] -> 0x0021
[1555] [M]: 0x8000CA5C (0x00210113) addi sp, sp, 2
x2 <- 0x00000002


mem[X,0x8000CA60] -> 0x006F
mem[X,0x8000CA62] -> 0x1000
[1556] [M]: 0x8000CA60 (0x1000006F) jal zero, 256


mem[X,0x8000CB60] -> 0xAE23
mem[X,0x8000CB62] -> 0x2220
[1557] [M]: 0x8000CB60 (0x2220AE23) sw sp, 572(ra)
mem[0x800394A4] <- 0x00000002


mem[X,0x8000CB64] -> 0xB537
mem[X,0x8000CB66] -> 0xAAAA
[1558] [M]: 0x8000CB64 (0xAAAAB537) lui a0, 699051
x10 <- 0xAAAAB000


mem[X,0x8000CB68] -> 0x0513
mem[X,0x8000CB6A] -> 0xAAA5
[1559] [M]: 0x8000CB68 (0xAAA50513) addi a0, a0, 2730
x10 <- 0xAAAAAAAA


mem[X,0x8000CB6C] -> 0xB5B7
mem[X,0x8000CB6E] -> 0x0000
[1560] [M]: 0x8000CB6C (0x0000B5B7) lui a1, 11
x11 <- 0x0000B000


mem[X,0x8000CB70] -> 0x8593
mem[X,0x8000CB72] -> 0x5055
[1561] [M]: 0x8000CB70 (0x50558593) addi a1, a1, 1285
x11 <- 0x0000B505


mem[X,0x8000CB74] -> 0x0113
mem[X,0x8000CB76] -> 0x0000
[1562] [M]: 0x8000CB74 (0x00000113) addi sp, zero, 0
x2 <- 0x00000000


mem[X,0x8000CB78] -> 0x006F
mem[X,0x8000CB7A] -> 0x00C0
[1563] [M]: 0x8000CB78 (0x00C0006F) jal zero, 12


mem[X,0x8000CB84] -> 0x0663
mem[X,0x8000CB86] -> 0x00B5
[1564] [M]: 0x8000CB84 (0x00B50663) beq a0, a1, 12


mem[X,0x8000CB88] -> 0x0113
mem[X,0x8000CB8A] -> 0x0021
[1565] [M]: 0x8000CB88 (0x00210113) addi sp, sp, 2
x2 <- 0x00000002


mem[X,0x8000CB8C] -> 0x006F
mem[X,0x8000CB8E] -> 0x00C0
[1566] [M]: 0x8000CB8C (0x00C0006F) jal zero, 12


mem[X,0x8000CB98] -> 0xA023
mem[X,0x8000CB9A] -> 0x2420
[1567] [M]: 0x8000CB98 (0x2420A023) sw sp, 576(ra)
mem[0x800394A8] <- 0x00000002


mem[X,0x8000CB9C] -> 0x0513
mem[X,0x8000CB9E] -> 0x0050
[1568] [M]: 0x8000CB9C (0x00500513) addi a0, zero, 5
x10 <- 0x00000005


mem[X,0x8000CBA0] -> 0x0593
mem[X,0x8000CBA2] -> 0x0030
[1569] [M]: 0x8000CBA0 (0x00300593) addi a1, zero, 3
x11 <- 0x00000003


mem[X,0x8000CBA4] -> 0x0113
mem[X,0x8000CBA6] -> 0x0000
[1570] [M]: 0x8000CBA4 (0x00000113) addi sp, zero, 0
x2 <- 0x00000000


mem[X,0x8000CBA8] -> 0x006F
mem[X,0x8000CBAA] -> 0x00C0
[1571] [M]: 0x8000CBA8 (0x00C0006F) jal zero, 12


mem[X,0x8000CBB4] -> 0x0663
mem[X,0x8000CBB6] -> 0x00B5
[1572] [M]: 0x8000CBB4 (0x00B50663) beq a0, a1, 12


mem[X,0x8000CBB8] -> 0x0113
mem[X,0x8000CBBA] -> 0x0021
[1573] [M]: 0x8000CBB8 (0x00210113) addi sp, sp, 2
x2 <- 0x00000002


mem[X,0x8000CBBC] -> 0x006F
mem[X,0x8000CBBE] -> 0x00C0
[1574] [M]: 0x8000CBBC (0x00C0006F) jal zero, 12


mem[X,0x8000CBC8] -> 0xA223
mem[X,0x8000CBCA] -> 0x2420
[1575] [M]: 0x8000CBC8 (0x2420A223) sw sp, 580(ra)
mem[0x800394AC] <- 0x00000002


mem[X,0x8000CBCC] -> 0x0513
mem[X,0x8000CBCE] -> 0x0050
[1576] [M]: 0x8000CBCC (0x00500513) addi a0, zero, 5
x10 <- 0x00000005


mem[X,0x8000CBD0] -> 0x55B7
mem[X,0x8000CBD2] -> 0x5555
[1577] [M]: 0x8000CBD0 (0x555555B7) lui a1, 349525
x11 <- 0x55555000


mem[X,0x8000CBD4] -> 0x8593
mem[X,0x8000CBD6] -> 0x5555
[1578] [M]: 0x8000CBD4 (0x55558593) addi a1, a1, 1365
x11 <- 0x55555555


mem[X,0x8000CBD8] -> 0x0113
mem[X,0x8000CBDA] -> 0x0000
[1579] [M]: 0x8000CBD8 (0x00000113) addi sp, zero, 0
x2 <- 0x00000000


mem[X,0x8000CBDC] -> 0x006F
mem[X,0x8000CBDE] -> 0x0100
[1580] [M]: 0x8000CBDC (0x0100006F) jal zero, 16


mem[X,0x8000CBEC] -> 0x0AE3
mem[X,0x8000CBEE] -> 0xFEB5
[1581] [M]: 0x8000CBEC (0xFEB50AE3) beq a0, a1, 8180


mem[X,0x8000CBF0] -> 0x0113
mem[X,0x8000CBF2] -> 0x0021
[1582] [M]: 0x8000CBF0 (0x00210113) addi sp, sp, 2
x2 <- 0x00000002


mem[X,0x8000CBF4] -> 0x006F
mem[X,0x8000CBF6] -> 0x00C0
[1583] [M]: 0x8000CBF4 (0x00C0006F) jal zero, 12


mem[X,0x8000CC00] -> 0xA423
mem[X,0x8000CC02] -> 0x2420
[1584] [M]: 0x8000CC00 (0x2420A423) sw sp, 584(ra)
mem[0x800394B0] <- 0x00000002


mem[X,0x8000CC04] -> 0x0513
mem[X,0x8000CC06] -> 0x0050
[1585] [M]: 0x8000CC04 (0x00500513) addi a0, zero, 5
x10 <- 0x00000005


mem[X,0x8000CC08] -> 0xB5B7
mem[X,0x8000CC0A] -> 0xAAAA
[1586] [M]: 0x8000CC08 (0xAAAAB5B7) lui a1, 699051
x11 <- 0xAAAAB000


mem[X,0x8000CC0C] -> 0x8593
mem[X,0x8000CC0E] -> 0xAAA5
[1587] [M]: 0x8000CC0C (0xAAA58593) addi a1, a1, 2730
x11 <- 0xAAAAAAAA


mem[X,0x8000CC10] -> 0x0113
mem[X,0x8000CC12] -> 0x0000
[1588] [M]: 0x8000CC10 (0x00000113) addi sp, zero, 0
x2 <- 0x00000000


mem[X,0x8000CC14] -> 0x006F
mem[X,0x8000CC16] -> 0x0140
[1589] [M]: 0x8000CC14 (0x0140006F) jal zero, 20


mem[X,0x8000CC28] -> 0x08E3
mem[X,0x8000CC2A] -> 0xFEB5
[1590] [M]: 0x8000CC28 (0xFEB508E3) beq a0, a1, 8176


mem[X,0x8000CC2C] -> 0x0113
mem[X,0x8000CC2E] -> 0x0021
[1591] [M]: 0x8000CC2C (0x00210113) addi sp, sp, 2
x2 <- 0x00000002


mem[X,0x8000CC30] -> 0x006F
mem[X,0x8000CC32] -> 0x00C0
[1592] [M]: 0x8000CC30 (0x00C0006F) jal zero, 12


mem[X,0x8000CC3C] -> 0xA623
mem[X,0x8000CC3E] -> 0x2420
[1593] [M]: 0x8000CC3C (0x2420A623) sw sp, 588(ra)
mem[0x800394B4] <- 0x00000002


mem[X,0x8000CC40] -> 0x0513
mem[X,0x8000CC42] -> 0x0050
[1594] [M]: 0x8000CC40 (0x00500513) addi a0, zero, 5
x10 <- 0x00000005


mem[X,0x8000CC44] -> 0x0593
mem[X,0x8000CC46] -> 0x0050
[1595] [M]: 0x8000CC44 (0x00500593) addi a1, zero, 5
x11 <- 0x00000005


mem[X,0x8000CC48] -> 0x0113
mem[X,0x8000CC4A] -> 0x0000
[1596] [M]: 0x8000CC48 (0x00000113) addi sp, zero, 0
x2 <- 0x00000000


mem[X,0x8000CC4C] -> 0x006F
mem[X,0x8000CC4E] -> 0x2B10
[1597] [M]: 0x8000CC4C (0x2B10006F) jal zero, 2736


mem[X,0x8000D6FC] -> 0x0A63
mem[X,0x8000D6FE] -> 0xD4B5
[1598] [M]: 0x8000D6FC (0xD4B50A63) beq a0, a1, 5460


mem[X,0x8000CC50] -> 0x0113
mem[X,0x8000CC52] -> 0x0011
[1599] [M]: 0x8000CC50 (0x00110113) addi sp, sp, 1
x2 <- 0x00000001


clint::tick mtime <- 0x0000000000000010
 clint timer pending at mtime 0x0000000000000010
htif::tick 0x0000000000000000
mem[X,0x8000CC54] -> 0x006F
mem[X,0x8000CC56] -> 0x2BD0
[1600] [M]: 0x8000CC54 (0x2BD0006F) jal zero, 2748


mem[X,0x8000D710] -> 0xA823
mem[X,0x8000D712] -> 0x2420
[1601] [M]: 0x8000D710 (0x2420A823) sw sp, 592(ra)
mem[0x800394B8] <- 0x00000001


mem[X,0x8000D714] -> 0x0513
mem[X,0x8000D716] -> 0x0050
[1602] [M]: 0x8000D714 (0x00500513) addi a0, zero, 5
x10 <- 0x00000005


mem[X,0x8000D718] -> 0x35B7
mem[X,0x8000D71A] -> 0x3333
[1603] [M]: 0x8000D718 (0x333335B7) lui a1, 209715
x11 <- 0x33333000


mem[X,0x8000D71C] -> 0x8593
mem[X,0x8000D71E] -> 0x3335
[1604] [M]: 0x8000D71C (0x33358593) addi a1, a1, 819
x11 <- 0x33333333


mem[X,0x8000D720] -> 0x0113
mem[X,0x8000D722] -> 0x0000
[1605] [M]: 0x8000D720 (0x00000113) addi sp, zero, 0
x2 <- 0x00000000


mem[X,0x8000D724] -> 0x006F
mem[X,0x8000D726] -> 0x00C0
[1606] [M]: 0x8000D724 (0x00C0006F) jal zero, 12


mem[X,0x8000D730] -> 0x0063
mem[X,0x8000D732] -> 0x08B5
[1607] [M]: 0x8000D730 (0x08B50063) beq a0, a1, 128


mem[X,0x8000D734] -> 0x0113
mem[X,0x8000D736] -> 0x0021
[1608] [M]: 0x8000D734 (0x00210113) addi sp, sp, 2
x2 <- 0x00000002


mem[X,0x8000D738] -> 0x006F
mem[X,0x8000D73A] -> 0x0800
[1609] [M]: 0x8000D738 (0x0800006F) jal zero, 128


mem[X,0x8000D7B8] -> 0xAA23
mem[X,0x8000D7BA] -> 0x2420
[1610] [M]: 0x8000D7B8 (0x2420AA23) sw sp, 596(ra)
mem[0x800394BC] <- 0x00000002


mem[X,0x8000D7BC] -> 0x0513
mem[X,0x8000D7BE] -> 0x0050
[1611] [M]: 0x8000D7BC (0x00500513) addi a0, zero, 5
x10 <- 0x00000005


mem[X,0x8000D7C0] -> 0x65B7
mem[X,0x8000D7C2] -> 0x6666
[1612] [M]: 0x8000D7C0 (0x666665B7) lui a1, 419430
x11 <- 0x66666000


mem[X,0x8000D7C4] -> 0x8593
mem[X,0x8000D7C6] -> 0x6665
[1613] [M]: 0x8000D7C4 (0x66658593) addi a1, a1, 1638
x11 <- 0x66666666


mem[X,0x8000D7C8] -> 0x0113
mem[X,0x8000D7CA] -> 0x0000
[1614] [M]: 0x8000D7C8 (0x00000113) addi sp, zero, 0
x2 <- 0x00000000


mem[X,0x8000D7CC] -> 0x006F
mem[X,0x8000D7CE] -> 0x0100
[1615] [M]: 0x8000D7CC (0x0100006F) jal zero, 16


mem[X,0x8000D7DC] -> 0x0AE3
mem[X,0x8000D7DE] -> 0xFEB5
[1616] [M]: 0x8000D7DC (0xFEB50AE3) beq a0, a1, 8180


mem[X,0x8000D7E0] -> 0x0113
mem[X,0x8000D7E2] -> 0x0021
[1617] [M]: 0x8000D7E0 (0x00210113) addi sp, sp, 2
x2 <- 0x00000002


mem[X,0x8000D7E4] -> 0x006F
mem[X,0x8000D7E6] -> 0x00C0
[1618] [M]: 0x8000D7E4 (0x00C0006F) jal zero, 12


mem[X,0x8000D7F0] -> 0xAC23
mem[X,0x8000D7F2] -> 0x2420
[1619] [M]: 0x8000D7F0 (0x2420AC23) sw sp, 600(ra)
mem[0x800394C0] <- 0x00000002


mem[X,0x8000D7F4] -> 0x0513
mem[X,0x8000D7F6] -> 0x0050
[1620] [M]: 0x8000D7F4 (0x00500513) addi a0, zero, 5
x10 <- 0x00000005


mem[X,0x8000D7F8] -> 0x55B7
mem[X,0x8000D7FA] -> 0xFFFF
[1621] [M]: 0x8000D7F8 (0xFFFF55B7) lui a1, 1048565
x11 <- 0xFFFF5000


mem[X,0x8000D7FC] -> 0x8593
mem[X,0x8000D7FE] -> 0xAFC5
[1622] [M]: 0x8000D7FC (0xAFC58593) addi a1, a1, 2812
x11 <- 0xFFFF4AFC


mem[X,0x8000D800] -> 0x0113
mem[X,0x8000D802] -> 0x0000
[1623] [M]: 0x8000D800 (0x00000113) addi sp, zero, 0
x2 <- 0x00000000


mem[X,0x8000D804] -> 0x006F
mem[X,0x8000D806] -> 0x00C0
[1624] [M]: 0x8000D804 (0x00C0006F) jal zero, 12


mem[X,0x8000D810] -> 0x0663
mem[X,0x8000D812] -> 0x00B5
[1625] [M]: 0x8000D810 (0x00B50663) beq a0, a1, 12


mem[X,0x8000D814] -> 0x0113
mem[X,0x8000D816] -> 0x0021
[1626] [M]: 0x8000D814 (0x00210113) addi sp, sp, 2
x2 <- 0x00000002


mem[X,0x8000D818] -> 0x006F
mem[X,0x8000D81A] -> 0x00C0
[1627] [M]: 0x8000D818 (0x00C0006F) jal zero, 12


mem[X,0x8000D824] -> 0xAE23
mem[X,0x8000D826] -> 0x2420
[1628] [M]: 0x8000D824 (0x2420AE23) sw sp, 604(ra)
mem[0x800394C4] <- 0x00000002


mem[X,0x8000D828] -> 0x0513
mem[X,0x8000D82A] -> 0x0050
[1629] [M]: 0x8000D828 (0x00500513) addi a0, zero, 5
x10 <- 0x00000005


mem[X,0x8000D82C] -> 0xB5B7
mem[X,0x8000D82E] -> 0x0000
[1630] [M]: 0x8000D82C (0x0000B5B7) lui a1, 11
x11 <- 0x0000B000


mem[X,0x8000D830] -> 0x8593
mem[X,0x8000D832] -> 0x5045
[1631] [M]: 0x8000D830 (0x50458593) addi a1, a1, 1284
x11 <- 0x0000B504


mem[X,0x8000D834] -> 0x0113
mem[X,0x8000D836] -> 0x0000
[1632] [M]: 0x8000D834 (0x00000113) addi sp, zero, 0
x2 <- 0x00000000


mem[X,0x8000D838] -> 0x006F
mem[X,0x8000D83A] -> 0x0140
[1633] [M]: 0x8000D838 (0x0140006F) jal zero, 20


mem[X,0x8000D84C] -> 0x08E3
mem[X,0x8000D84E] -> 0xFEB5
[1634] [M]: 0x8000D84C (0xFEB508E3) beq a0, a1, 8176


mem[X,0x8000D850] -> 0x0113
mem[X,0x8000D852] -> 0x0021
[1635] [M]: 0x8000D850 (0x00210113) addi sp, sp, 2
x2 <- 0x00000002


mem[X,0x8000D854] -> 0x006F
mem[X,0x8000D856] -> 0x00C0
[1636] [M]: 0x8000D854 (0x00C0006F) jal zero, 12


mem[X,0x8000D860] -> 0xA023
mem[X,0x8000D862] -> 0x2620
[1637] [M]: 0x8000D860 (0x2620A023) sw sp, 608(ra)
mem[0x800394C8] <- 0x00000002


mem[X,0x8000D864] -> 0x0513
mem[X,0x8000D866] -> 0x0050
[1638] [M]: 0x8000D864 (0x00500513) addi a0, zero, 5
x10 <- 0x00000005


mem[X,0x8000D868] -> 0x0593
mem[X,0x8000D86A] -> 0x0020
[1639] [M]: 0x8000D868 (0x00200593) addi a1, zero, 2
x11 <- 0x00000002


mem[X,0x8000D86C] -> 0x0113
mem[X,0x8000D86E] -> 0x0000
[1640] [M]: 0x8000D86C (0x00000113) addi sp, zero, 0
x2 <- 0x00000000


mem[X,0x8000D870] -> 0x006F
mem[X,0x8000D872] -> 0x00C0
[1641] [M]: 0x8000D870 (0x00C0006F) jal zero, 12


mem[X,0x8000D87C] -> 0x0663
mem[X,0x8000D87E] -> 0x00B5
[1642] [M]: 0x8000D87C (0x00B50663) beq a0, a1, 12


mem[X,0x8000D880] -> 0x0113
mem[X,0x8000D882] -> 0x0021
[1643] [M]: 0x8000D880 (0x00210113) addi sp, sp, 2
x2 <- 0x00000002


mem[X,0x8000D884] -> 0x006F
mem[X,0x8000D886] -> 0x00C0
[1644] [M]: 0x8000D884 (0x00C0006F) jal zero, 12


mem[X,0x8000D890] -> 0xA223
mem[X,0x8000D892] -> 0x2620
[1645] [M]: 0x8000D890 (0x2620A223) sw sp, 612(ra)
mem[0x800394CC] <- 0x00000002


mem[X,0x8000D894] -> 0x0513
mem[X,0x8000D896] -> 0x0050
[1646] [M]: 0x8000D894 (0x00500513) addi a0, zero, 5
x10 <- 0x00000005


mem[X,0x8000D898] -> 0x55B7
mem[X,0x8000D89A] -> 0x5555
[1647] [M]: 0x8000D898 (0x555555B7) lui a1, 349525
x11 <- 0x55555000


mem[X,0x8000D89C] -> 0x8593
mem[X,0x8000D89E] -> 0x5545
[1648] [M]: 0x8000D89C (0x55458593) addi a1, a1, 1364
x11 <- 0x55555554


mem[X,0x8000D8A0] -> 0x0113
mem[X,0x8000D8A2] -> 0x0000
[1649] [M]: 0x8000D8A0 (0x00000113) addi sp, zero, 0
x2 <- 0x00000000


mem[X,0x8000D8A4] -> 0x006F
mem[X,0x8000D8A6] -> 0x00C0
[1650] [M]: 0x8000D8A4 (0x00C0006F) jal zero, 12


mem[X,0x8000D8B0] -> 0x0663
mem[X,0x8000D8B2] -> 0x00B5
[1651] [M]: 0x8000D8B0 (0x00B50663) beq a0, a1, 12


mem[X,0x8000D8B4] -> 0x0113
mem[X,0x8000D8B6] -> 0x0021
[1652] [M]: 0x8000D8B4 (0x00210113) addi sp, sp, 2
x2 <- 0x00000002


mem[X,0x8000D8B8] -> 0x006F
mem[X,0x8000D8BA] -> 0x00C0
[1653] [M]: 0x8000D8B8 (0x00C0006F) jal zero, 12


mem[X,0x8000D8C4] -> 0xA423
mem[X,0x8000D8C6] -> 0x2620
[1654] [M]: 0x8000D8C4 (0x2620A423) sw sp, 616(ra)
mem[0x800394D0] <- 0x00000002


mem[X,0x8000D8C8] -> 0x0513
mem[X,0x8000D8CA] -> 0x0050
[1655] [M]: 0x8000D8C8 (0x00500513) addi a0, zero, 5
x10 <- 0x00000005


mem[X,0x8000D8CC] -> 0x0593
mem[X,0x8000D8CE] -> 0x0000
[1656] [M]: 0x8000D8CC (0x00000593) addi a1, zero, 0
x11 <- 0x00000000


mem[X,0x8000D8D0] -> 0x0113
mem[X,0x8000D8D2] -> 0x0000
[1657] [M]: 0x8000D8D0 (0x00000113) addi sp, zero, 0
x2 <- 0x00000000


mem[X,0x8000D8D4] -> 0x006F
mem[X,0x8000D8D6] -> 0x00C0
[1658] [M]: 0x8000D8D4 (0x00C0006F) jal zero, 12


mem[X,0x8000D8E0] -> 0x0063
mem[X,0x8000D8E2] -> 0x08B5
[1659] [M]: 0x8000D8E0 (0x08B50063) beq a0, a1, 128


mem[X,0x8000D8E4] -> 0x0113
mem[X,0x8000D8E6] -> 0x0021
[1660] [M]: 0x8000D8E4 (0x00210113) addi sp, sp, 2
x2 <- 0x00000002


mem[X,0x8000D8E8] -> 0x006F
mem[X,0x8000D8EA] -> 0x0800
[1661] [M]: 0x8000D8E8 (0x0800006F) jal zero, 128


mem[X,0x8000D968] -> 0xA623
mem[X,0x8000D96A] -> 0x2620
[1662] [M]: 0x8000D968 (0x2620A623) sw sp, 620(ra)
mem[0x800394D4] <- 0x00000002


mem[X,0x8000D96C] -> 0x0513
mem[X,0x8000D96E] -> 0x0050
[1663] [M]: 0x8000D96C (0x00500513) addi a0, zero, 5
x10 <- 0x00000005


mem[X,0x8000D970] -> 0x0593
mem[X,0x8000D972] -> 0x0040
[1664] [M]: 0x8000D970 (0x00400593) addi a1, zero, 4
x11 <- 0x00000004


mem[X,0x8000D974] -> 0x0113
mem[X,0x8000D976] -> 0x0000
[1665] [M]: 0x8000D974 (0x00000113) addi sp, zero, 0
x2 <- 0x00000000


mem[X,0x8000D978] -> 0x006F
mem[X,0x8000D97A] -> 0x0140
[1666] [M]: 0x8000D978 (0x0140006F) jal zero, 20


mem[X,0x8000D98C] -> 0x08E3
mem[X,0x8000D98E] -> 0xFEB5
[1667] [M]: 0x8000D98C (0xFEB508E3) beq a0, a1, 8176


mem[X,0x8000D990] -> 0x0113
mem[X,0x8000D992] -> 0x0021
[1668] [M]: 0x8000D990 (0x00210113) addi sp, sp, 2
x2 <- 0x00000002


mem[X,0x8000D994] -> 0x006F
mem[X,0x8000D996] -> 0x00C0
[1669] [M]: 0x8000D994 (0x00C0006F) jal zero, 12


mem[X,0x8000D9A0] -> 0xA823
mem[X,0x8000D9A2] -> 0x2620
[1670] [M]: 0x8000D9A0 (0x2620A823) sw sp, 624(ra)
mem[0x800394D8] <- 0x00000002


mem[X,0x8000D9A4] -> 0x0513
mem[X,0x8000D9A6] -> 0x0050
[1671] [M]: 0x8000D9A4 (0x00500513) addi a0, zero, 5
x10 <- 0x00000005


mem[X,0x8000D9A8] -> 0x35B7
mem[X,0x8000D9AA] -> 0x3333
[1672] [M]: 0x8000D9A8 (0x333335B7) lui a1, 209715
x11 <- 0x33333000


mem[X,0x8000D9AC] -> 0x8593
mem[X,0x8000D9AE] -> 0x3325
[1673] [M]: 0x8000D9AC (0x33258593) addi a1, a1, 818
x11 <- 0x33333332


mem[X,0x8000D9B0] -> 0x0113
mem[X,0x8000D9B2] -> 0x0000
[1674] [M]: 0x8000D9B0 (0x00000113) addi sp, zero, 0
x2 <- 0x00000000


mem[X,0x8000D9B4] -> 0x006F
mem[X,0x8000D9B6] -> 0x00C0
[1675] [M]: 0x8000D9B4 (0x00C0006F) jal zero, 12


mem[X,0x8000D9C0] -> 0x0063
mem[X,0x8000D9C2] -> 0x40B5
[1676] [M]: 0x8000D9C0 (0x40B50063) beq a0, a1, 1024


mem[X,0x8000D9C4] -> 0x0113
mem[X,0x8000D9C6] -> 0x0021
[1677] [M]: 0x8000D9C4 (0x00210113) addi sp, sp, 2
x2 <- 0x00000002


mem[X,0x8000D9C8] -> 0x006F
mem[X,0x8000D9CA] -> 0x4000
[1678] [M]: 0x8000D9C8 (0x4000006F) jal zero, 1024


mem[X,0x8000DDC8] -> 0xAA23
mem[X,0x8000DDCA] -> 0x2620
[1679] [M]: 0x8000DDC8 (0x2620AA23) sw sp, 628(ra)
mem[0x800394DC] <- 0x00000002


mem[X,0x8000DDCC] -> 0x0513
mem[X,0x8000DDCE] -> 0x0050
[1680] [M]: 0x8000DDCC (0x00500513) addi a0, zero, 5
x10 <- 0x00000005


mem[X,0x8000DDD0] -> 0x65B7
mem[X,0x8000DDD2] -> 0x6666
[1681] [M]: 0x8000DDD0 (0x666665B7) lui a1, 419430
x11 <- 0x66666000


mem[X,0x8000DDD4] -> 0x8593
mem[X,0x8000DDD6] -> 0x6655
[1682] [M]: 0x8000DDD4 (0x66558593) addi a1, a1, 1637
x11 <- 0x66666665


mem[X,0x8000DDD8] -> 0x0113
mem[X,0x8000DDDA] -> 0x0000
[1683] [M]: 0x8000DDD8 (0x00000113) addi sp, zero, 0
x2 <- 0x00000000


mem[X,0x8000DDDC] -> 0x006F
mem[X,0x8000DDDE] -> 0x00C0
[1684] [M]: 0x8000DDDC (0x00C0006F) jal zero, 12


mem[X,0x8000DDE8] -> 0x0CE3
mem[X,0x8000DDEA] -> 0xFEB5
[1685] [M]: 0x8000DDE8 (0xFEB50CE3) beq a0, a1, 8184


mem[X,0x8000DDEC] -> 0x0113
mem[X,0x8000DDEE] -> 0x0021
[1686] [M]: 0x8000DDEC (0x00210113) addi sp, sp, 2
x2 <- 0x00000002


mem[X,0x8000DDF0] -> 0x006F
mem[X,0x8000DDF2] -> 0x00C0
[1687] [M]: 0x8000DDF0 (0x00C0006F) jal zero, 12


mem[X,0x8000DDFC] -> 0xAC23
mem[X,0x8000DDFE] -> 0x2620
[1688] [M]: 0x8000DDFC (0x2620AC23) sw sp, 632(ra)
mem[0x800394E0] <- 0x00000002


mem[X,0x8000DE00] -> 0x0513
mem[X,0x8000DE02] -> 0x0050
[1689] [M]: 0x8000DE00 (0x00500513) addi a0, zero, 5
x10 <- 0x00000005


mem[X,0x8000DE04] -> 0xB5B7
mem[X,0x8000DE06] -> 0x0000
[1690] [M]: 0x8000DE04 (0x0000B5B7) lui a1, 11
x11 <- 0x0000B000


mem[X,0x8000DE08] -> 0x8593
mem[X,0x8000DE0A] -> 0x5035
[1691] [M]: 0x8000DE08 (0x50358593) addi a1, a1, 1283
x11 <- 0x0000B503


mem[X,0x8000DE0C] -> 0x0113
mem[X,0x8000DE0E] -> 0x0000
[1692] [M]: 0x8000DE0C (0x00000113) addi sp, zero, 0
x2 <- 0x00000000


mem[X,0x8000DE10] -> 0x006F
mem[X,0x8000DE12] -> 0x0180
[1693] [M]: 0x8000DE10 (0x0180006F) jal zero, 24


mem[X,0x8000DE28] -> 0x06E3
mem[X,0x8000DE2A] -> 0xFEB5
[1694] [M]: 0x8000DE28 (0xFEB506E3) beq a0, a1, 8172


mem[X,0x8000DE2C] -> 0x0113
mem[X,0x8000DE2E] -> 0x0021
[1695] [M]: 0x8000DE2C (0x00210113) addi sp, sp, 2
x2 <- 0x00000002


mem[X,0x8000DE30] -> 0x006F
mem[X,0x8000DE32] -> 0x00C0
[1696] [M]: 0x8000DE30 (0x00C0006F) jal zero, 12


mem[X,0x8000DE3C] -> 0xAE23
mem[X,0x8000DE3E] -> 0x2620
[1697] [M]: 0x8000DE3C (0x2620AE23) sw sp, 636(ra)
mem[0x800394E4] <- 0x00000002


mem[X,0x8000DE40] -> 0x0513
mem[X,0x8000DE42] -> 0x0050
[1698] [M]: 0x8000DE40 (0x00500513) addi a0, zero, 5
x10 <- 0x00000005


mem[X,0x8000DE44] -> 0x55B7
mem[X,0x8000DE46] -> 0x5555
[1699] [M]: 0x8000DE44 (0x555555B7) lui a1, 349525
x11 <- 0x55555000


clint::tick mtime <- 0x0000000000000011
 clint timer pending at mtime 0x0000000000000011
htif::tick 0x0000000000000000
mem[X,0x8000DE48] -> 0x8593
mem[X,0x8000DE4A] -> 0x5565
[1700] [M]: 0x8000DE48 (0x55658593) addi a1, a1, 1366
x11 <- 0x55555556


mem[X,0x8000DE4C] -> 0x0113
mem[X,0x8000DE4E] -> 0x0000
[1701] [M]: 0x8000DE4C (0x00000113) addi sp, zero, 0
x2 <- 0x00000000


mem[X,0x8000DE50] -> 0x006F
mem[X,0x8000DE52] -> 0x00C0
[1702] [M]: 0x8000DE50 (0x00C0006F) jal zero, 12


mem[X,0x8000DE5C] -> 0x0863
mem[X,0x8000DE5E] -> 0x00B5
[1703] [M]: 0x8000DE5C (0x00B50863) beq a0, a1, 16


mem[X,0x8000DE60] -> 0x0113
mem[X,0x8000DE62] -> 0x0021
[1704] [M]: 0x8000DE60 (0x00210113) addi sp, sp, 2
x2 <- 0x00000002


mem[X,0x8000DE64] -> 0x006F
mem[X,0x8000DE66] -> 0x0100
[1705] [M]: 0x8000DE64 (0x0100006F) jal zero, 16


mem[X,0x8000DE74] -> 0xA023
mem[X,0x8000DE76] -> 0x2820
[1706] [M]: 0x8000DE74 (0x2820A023) sw sp, 640(ra)
mem[0x800394E8] <- 0x00000002


mem[X,0x8000DE78] -> 0x0513
mem[X,0x8000DE7A] -> 0x0050
[1707] [M]: 0x8000DE78 (0x00500513) addi a0, zero, 5
x10 <- 0x00000005


mem[X,0x8000DE7C] -> 0xB5B7
mem[X,0x8000DE7E] -> 0xAAAA
[1708] [M]: 0x8000DE7C (0xAAAAB5B7) lui a1, 699051
x11 <- 0xAAAAB000


mem[X,0x8000DE80] -> 0x8593
mem[X,0x8000DE82] -> 0xAAB5
[1709] [M]: 0x8000DE80 (0xAAB58593) addi a1, a1, 2731
x11 <- 0xAAAAAAAB


mem[X,0x8000DE84] -> 0x0113
mem[X,0x8000DE86] -> 0x0000
[1710] [M]: 0x8000DE84 (0x00000113) addi sp, zero, 0
x2 <- 0x00000000


mem[X,0x8000DE88] -> 0x006F
mem[X,0x8000DE8A] -> 0x00C0
[1711] [M]: 0x8000DE88 (0x00C0006F) jal zero, 12


mem[X,0x8000DE94] -> 0x0863
mem[X,0x8000DE96] -> 0x00B5
[1712] [M]: 0x8000DE94 (0x00B50863) beq a0, a1, 16


mem[X,0x8000DE98] -> 0x0113
mem[X,0x8000DE9A] -> 0x0021
[1713] [M]: 0x8000DE98 (0x00210113) addi sp, sp, 2
x2 <- 0x00000002


mem[X,0x8000DE9C] -> 0x006F
mem[X,0x8000DE9E] -> 0x0100
[1714] [M]: 0x8000DE9C (0x0100006F) jal zero, 16


mem[X,0x8000DEAC] -> 0xA223
mem[X,0x8000DEAE] -> 0x2820
[1715] [M]: 0x8000DEAC (0x2820A223) sw sp, 644(ra)
mem[0x800394EC] <- 0x00000002


mem[X,0x8000DEB0] -> 0x0513
mem[X,0x8000DEB2] -> 0x0050
[1716] [M]: 0x8000DEB0 (0x00500513) addi a0, zero, 5
x10 <- 0x00000005


mem[X,0x8000DEB4] -> 0x0593
mem[X,0x8000DEB6] -> 0x0060
[1717] [M]: 0x8000DEB4 (0x00600593) addi a1, zero, 6
x11 <- 0x00000006


mem[X,0x8000DEB8] -> 0x0113
mem[X,0x8000DEBA] -> 0x0000
[1718] [M]: 0x8000DEB8 (0x00000113) addi sp, zero, 0
x2 <- 0x00000000


mem[X,0x8000DEBC] -> 0x006F
mem[X,0x8000DEBE] -> 0x0140
[1719] [M]: 0x8000DEBC (0x0140006F) jal zero, 20


mem[X,0x8000DED0] -> 0x08E3
mem[X,0x8000DED2] -> 0xFEB5
[1720] [M]: 0x8000DED0 (0xFEB508E3) beq a0, a1, 8176


mem[X,0x8000DED4] -> 0x0113
mem[X,0x8000DED6] -> 0x0021
[1721] [M]: 0x8000DED4 (0x00210113) addi sp, sp, 2
x2 <- 0x00000002


mem[X,0x8000DED8] -> 0x006F
mem[X,0x8000DEDA] -> 0x00C0
[1722] [M]: 0x8000DED8 (0x00C0006F) jal zero, 12


mem[X,0x8000DEE4] -> 0xA423
mem[X,0x8000DEE6] -> 0x2820
[1723] [M]: 0x8000DEE4 (0x2820A423) sw sp, 648(ra)
mem[0x800394F0] <- 0x00000002


mem[X,0x8000DEE8] -> 0x0513
mem[X,0x8000DEEA] -> 0x0050
[1724] [M]: 0x8000DEE8 (0x00500513) addi a0, zero, 5
x10 <- 0x00000005


mem[X,0x8000DEEC] -> 0x35B7
mem[X,0x8000DEEE] -> 0x3333
[1725] [M]: 0x8000DEEC (0x333335B7) lui a1, 209715
x11 <- 0x33333000


mem[X,0x8000DEF0] -> 0x8593
mem[X,0x8000DEF2] -> 0x3345
[1726] [M]: 0x8000DEF0 (0x33458593) addi a1, a1, 820
x11 <- 0x33333334


mem[X,0x8000DEF4] -> 0x0113
mem[X,0x8000DEF6] -> 0x0000
[1727] [M]: 0x8000DEF4 (0x00000113) addi sp, zero, 0
x2 <- 0x00000000


mem[X,0x8000DEF8] -> 0x006F
mem[X,0x8000DEFA] -> 0x00C0
[1728] [M]: 0x8000DEF8 (0x00C0006F) jal zero, 12


mem[X,0x8000DF04] -> 0x0663
mem[X,0x8000DF06] -> 0x00B5
[1729] [M]: 0x8000DF04 (0x00B50663) beq a0, a1, 12


mem[X,0x8000DF08] -> 0x0113
mem[X,0x8000DF0A] -> 0x0021
[1730] [M]: 0x8000DF08 (0x00210113) addi sp, sp, 2
x2 <- 0x00000002


mem[X,0x8000DF0C] -> 0x006F
mem[X,0x8000DF0E] -> 0x00C0
[1731] [M]: 0x8000DF0C (0x00C0006F) jal zero, 12


mem[X,0x8000DF18] -> 0xA623
mem[X,0x8000DF1A] -> 0x2820
[1732] [M]: 0x8000DF18 (0x2820A623) sw sp, 652(ra)
mem[0x800394F4] <- 0x00000002


mem[X,0x8000DF1C] -> 0x0513
mem[X,0x8000DF1E] -> 0x0050
[1733] [M]: 0x8000DF1C (0x00500513) addi a0, zero, 5
x10 <- 0x00000005


mem[X,0x8000DF20] -> 0x65B7
mem[X,0x8000DF22] -> 0x6666
[1734] [M]: 0x8000DF20 (0x666665B7) lui a1, 419430
x11 <- 0x66666000


mem[X,0x8000DF24] -> 0x8593
mem[X,0x8000DF26] -> 0x6675
[1735] [M]: 0x8000DF24 (0x66758593) addi a1, a1, 1639
x11 <- 0x66666667


mem[X,0x8000DF28] -> 0x0113
mem[X,0x8000DF2A] -> 0x0000
[1736] [M]: 0x8000DF28 (0x00000113) addi sp, zero, 0
x2 <- 0x00000000


mem[X,0x8000DF2C] -> 0x006F
mem[X,0x8000DF2E] -> 0x00C0
[1737] [M]: 0x8000DF2C (0x00C0006F) jal zero, 12


mem[X,0x8000DF38] -> 0x0863
mem[X,0x8000DF3A] -> 0x00B5
[1738] [M]: 0x8000DF38 (0x00B50863) beq a0, a1, 16


mem[X,0x8000DF3C] -> 0x0113
mem[X,0x8000DF3E] -> 0x0021
[1739] [M]: 0x8000DF3C (0x00210113) addi sp, sp, 2
x2 <- 0x00000002


mem[X,0x8000DF40] -> 0x006F
mem[X,0x8000DF42] -> 0x0100
[1740] [M]: 0x8000DF40 (0x0100006F) jal zero, 16


mem[X,0x8000DF50] -> 0xA823
mem[X,0x8000DF52] -> 0x2820
[1741] [M]: 0x8000DF50 (0x2820A823) sw sp, 656(ra)
mem[0x800394F8] <- 0x00000002


mem[X,0x8000DF54] -> 0x0513
mem[X,0x8000DF56] -> 0x0050
[1742] [M]: 0x8000DF54 (0x00500513) addi a0, zero, 5
x10 <- 0x00000005


mem[X,0x8000DF58] -> 0x55B7
mem[X,0x8000DF5A] -> 0xFFFF
[1743] [M]: 0x8000DF58 (0xFFFF55B7) lui a1, 1048565
x11 <- 0xFFFF5000


mem[X,0x8000DF5C] -> 0x8593
mem[X,0x8000DF5E] -> 0xAFD5
[1744] [M]: 0x8000DF5C (0xAFD58593) addi a1, a1, 2813
x11 <- 0xFFFF4AFD


mem[X,0x8000DF60] -> 0x0113
mem[X,0x8000DF62] -> 0x0000
[1745] [M]: 0x8000DF60 (0x00000113) addi sp, zero, 0
x2 <- 0x00000000


mem[X,0x8000DF64] -> 0x006F
mem[X,0x8000DF66] -> 0x00C0
[1746] [M]: 0x8000DF64 (0x00C0006F) jal zero, 12


mem[X,0x8000DF70] -> 0x0063
mem[X,0x8000DF72] -> 0x40B5
[1747] [M]: 0x8000DF70 (0x40B50063) beq a0, a1, 1024


mem[X,0x8000DF74] -> 0x0113
mem[X,0x8000DF76] -> 0x0021
[1748] [M]: 0x8000DF74 (0x00210113) addi sp, sp, 2
x2 <- 0x00000002


mem[X,0x8000DF78] -> 0x006F
mem[X,0x8000DF7A] -> 0x4000
[1749] [M]: 0x8000DF78 (0x4000006F) jal zero, 1024


mem[X,0x8000E378] -> 0xAA23
mem[X,0x8000E37A] -> 0x2820
[1750] [M]: 0x8000E378 (0x2820AA23) sw sp, 660(ra)
mem[0x800394FC] <- 0x00000002


mem[X,0x8000E37C] -> 0x0513
mem[X,0x8000E37E] -> 0x0050
[1751] [M]: 0x8000E37C (0x00500513) addi a0, zero, 5
x10 <- 0x00000005


mem[X,0x8000E380] -> 0xB5B7
mem[X,0x8000E382] -> 0x0000
[1752] [M]: 0x8000E380 (0x0000B5B7) lui a1, 11
x11 <- 0x0000B000


mem[X,0x8000E384] -> 0x8593
mem[X,0x8000E386] -> 0x5055
[1753] [M]: 0x8000E384 (0x50558593) addi a1, a1, 1285
x11 <- 0x0000B505


mem[X,0x8000E388] -> 0x0113
mem[X,0x8000E38A] -> 0x0000
[1754] [M]: 0x8000E388 (0x00000113) addi sp, zero, 0
x2 <- 0x00000000


mem[X,0x8000E38C] -> 0x006F
mem[X,0x8000E38E] -> 0x00C0
[1755] [M]: 0x8000E38C (0x00C0006F) jal zero, 12


mem[X,0x8000E398] -> 0x0063
mem[X,0x8000E39A] -> 0x20B5
[1756] [M]: 0x8000E398 (0x20B50063) beq a0, a1, 512


mem[X,0x8000E39C] -> 0x0113
mem[X,0x8000E39E] -> 0x0021
[1757] [M]: 0x8000E39C (0x00210113) addi sp, sp, 2
x2 <- 0x00000002


mem[X,0x8000E3A0] -> 0x006F
mem[X,0x8000E3A2] -> 0x2000
[1758] [M]: 0x8000E3A0 (0x2000006F) jal zero, 512


mem[X,0x8000E5A0] -> 0xAC23
mem[X,0x8000E5A2] -> 0x2820
[1759] [M]: 0x8000E5A0 (0x2820AC23) sw sp, 664(ra)
mem[0x80039500] <- 0x00000002


mem[X,0x8000E5A4] -> 0x3537
mem[X,0x8000E5A6] -> 0x3333
[1760] [M]: 0x8000E5A4 (0x33333537) lui a0, 209715
x10 <- 0x33333000


mem[X,0x8000E5A8] -> 0x0513
mem[X,0x8000E5AA] -> 0x3335
[1761] [M]: 0x8000E5A8 (0x33350513) addi a0, a0, 819
x10 <- 0x33333333


mem[X,0x8000E5AC] -> 0x0593
mem[X,0x8000E5AE] -> 0x0030
[1762] [M]: 0x8000E5AC (0x00300593) addi a1, zero, 3
x11 <- 0x00000003


mem[X,0x8000E5B0] -> 0x0113
mem[X,0x8000E5B2] -> 0x0000
[1763] [M]: 0x8000E5B0 (0x00000113) addi sp, zero, 0
x2 <- 0x00000000


mem[X,0x8000E5B4] -> 0x006F
mem[X,0x8000E5B6] -> 0x0050
[1764] [M]: 0x8000E5B4 (0x0050006F) jal zero, 2052


mem[X,0x8000EDB8] -> 0x00E3
mem[X,0x8000EDBA] -> 0x80B5
[1765] [M]: 0x8000EDB8 (0x80B500E3) beq a0, a1, 6144


mem[X,0x8000EDBC] -> 0x0113
mem[X,0x8000EDBE] -> 0x0021
[1766] [M]: 0x8000EDBC (0x00210113) addi sp, sp, 2
x2 <- 0x00000002


mem[X,0x8000EDC0] -> 0x006F
mem[X,0x8000EDC2] -> 0x00C0
[1767] [M]: 0x8000EDC0 (0x00C0006F) jal zero, 12


mem[X,0x8000EDCC] -> 0xAE23
mem[X,0x8000EDCE] -> 0x2820
[1768] [M]: 0x8000EDCC (0x2820AE23) sw sp, 668(ra)
mem[0x80039504] <- 0x00000002


mem[X,0x8000EDD0] -> 0x3537
mem[X,0x8000EDD2] -> 0x3333
[1769] [M]: 0x8000EDD0 (0x33333537) lui a0, 209715
x10 <- 0x33333000


mem[X,0x8000EDD4] -> 0x0513
mem[X,0x8000EDD6] -> 0x3335
[1770] [M]: 0x8000EDD4 (0x33350513) addi a0, a0, 819
x10 <- 0x33333333


mem[X,0x8000EDD8] -> 0x55B7
mem[X,0x8000EDDA] -> 0x5555
[1771] [M]: 0x8000EDD8 (0x555555B7) lui a1, 349525
x11 <- 0x55555000


mem[X,0x8000EDDC] -> 0x8593
mem[X,0x8000EDDE] -> 0x5555
[1772] [M]: 0x8000EDDC (0x55558593) addi a1, a1, 1365
x11 <- 0x55555555


mem[X,0x8000EDE0] -> 0x0113
mem[X,0x8000EDE2] -> 0x0000
[1773] [M]: 0x8000EDE0 (0x00000113) addi sp, zero, 0
x2 <- 0x00000000


mem[X,0x8000EDE4] -> 0x006F
mem[X,0x8000EDE6] -> 0x00C0
[1774] [M]: 0x8000EDE4 (0x00C0006F) jal zero, 12


mem[X,0x8000EDF0] -> 0x0863
mem[X,0x8000EDF2] -> 0x00B5
[1775] [M]: 0x8000EDF0 (0x00B50863) beq a0, a1, 16


mem[X,0x8000EDF4] -> 0x0113
mem[X,0x8000EDF6] -> 0x0021
[1776] [M]: 0x8000EDF4 (0x00210113) addi sp, sp, 2
x2 <- 0x00000002


mem[X,0x8000EDF8] -> 0x006F
mem[X,0x8000EDFA] -> 0x0100
[1777] [M]: 0x8000EDF8 (0x0100006F) jal zero, 16


mem[X,0x8000EE08] -> 0xA023
mem[X,0x8000EE0A] -> 0x2A20
[1778] [M]: 0x8000EE08 (0x2A20A023) sw sp, 672(ra)
mem[0x80039508] <- 0x00000002


mem[X,0x8000EE0C] -> 0x3537
mem[X,0x8000EE0E] -> 0x3333
[1779] [M]: 0x8000EE0C (0x33333537) lui a0, 209715
x10 <- 0x33333000


mem[X,0x8000EE10] -> 0x0513
mem[X,0x8000EE12] -> 0x3335
[1780] [M]: 0x8000EE10 (0x33350513) addi a0, a0, 819
x10 <- 0x33333333


mem[X,0x8000EE14] -> 0xB5B7
mem[X,0x8000EE16] -> 0xAAAA
[1781] [M]: 0x8000EE14 (0xAAAAB5B7) lui a1, 699051
x11 <- 0xAAAAB000


mem[X,0x8000EE18] -> 0x8593
mem[X,0x8000EE1A] -> 0xAAA5
[1782] [M]: 0x8000EE18 (0xAAA58593) addi a1, a1, 2730
x11 <- 0xAAAAAAAA


mem[X,0x8000EE1C] -> 0x0113
mem[X,0x8000EE1E] -> 0x0000
[1783] [M]: 0x8000EE1C (0x00000113) addi sp, zero, 0
x2 <- 0x00000000


mem[X,0x8000EE20] -> 0x006F
mem[X,0x8000EE22] -> 0x00C0
[1784] [M]: 0x8000EE20 (0x00C0006F) jal zero, 12


mem[X,0x8000EE2C] -> 0x0CE3
mem[X,0x8000EE2E] -> 0xFEB5
[1785] [M]: 0x8000EE2C (0xFEB50CE3) beq a0, a1, 8184


mem[X,0x8000EE30] -> 0x0113
mem[X,0x8000EE32] -> 0x0021
[1786] [M]: 0x8000EE30 (0x00210113) addi sp, sp, 2
x2 <- 0x00000002


mem[X,0x8000EE34] -> 0x006F
mem[X,0x8000EE36] -> 0x00C0
[1787] [M]: 0x8000EE34 (0x00C0006F) jal zero, 12


mem[X,0x8000EE40] -> 0xA223
mem[X,0x8000EE42] -> 0x2A20
[1788] [M]: 0x8000EE40 (0x2A20A223) sw sp, 676(ra)
mem[0x8003950C] <- 0x00000002


mem[X,0x8000EE44] -> 0x3537
mem[X,0x8000EE46] -> 0x3333
[1789] [M]: 0x8000EE44 (0x33333537) lui a0, 209715
x10 <- 0x33333000


mem[X,0x8000EE48] -> 0x0513
mem[X,0x8000EE4A] -> 0x3335
[1790] [M]: 0x8000EE48 (0x33350513) addi a0, a0, 819
x10 <- 0x33333333


mem[X,0x8000EE4C] -> 0x0593
mem[X,0x8000EE4E] -> 0x0050
[1791] [M]: 0x8000EE4C (0x00500593) addi a1, zero, 5
x11 <- 0x00000005


mem[X,0x8000EE50] -> 0x0113
mem[X,0x8000EE52] -> 0x0000
[1792] [M]: 0x8000EE50 (0x00000113) addi sp, zero, 0
x2 <- 0x00000000


mem[X,0x8000EE54] -> 0x006F
mem[X,0x8000EE56] -> 0x00C0
[1793] [M]: 0x8000EE54 (0x00C0006F) jal zero, 12


mem[X,0x8000EE60] -> 0x0CE3
mem[X,0x8000EE62] -> 0xFEB5
[1794] [M]: 0x8000EE60 (0xFEB50CE3) beq a0, a1, 8184


mem[X,0x8000EE64] -> 0x0113
mem[X,0x8000EE66] -> 0x0021
[1795] [M]: 0x8000EE64 (0x00210113) addi sp, sp, 2
x2 <- 0x00000002


mem[X,0x8000EE68] -> 0x006F
mem[X,0x8000EE6A] -> 0x00C0
[1796] [M]: 0x8000EE68 (0x00C0006F) jal zero, 12


mem[X,0x8000EE74] -> 0xA423
mem[X,0x8000EE76] -> 0x2A20
[1797] [M]: 0x8000EE74 (0x2A20A423) sw sp, 680(ra)
mem[0x80039510] <- 0x00000002


mem[X,0x8000EE78] -> 0x3537
mem[X,0x8000EE7A] -> 0x3333
[1798] [M]: 0x8000EE78 (0x33333537) lui a0, 209715
x10 <- 0x33333000


mem[X,0x8000EE7C] -> 0x0513
mem[X,0x8000EE7E] -> 0x3335
[1799] [M]: 0x8000EE7C (0x33350513) addi a0, a0, 819
x10 <- 0x33333333


clint::tick mtime <- 0x0000000000000012
 clint timer pending at mtime 0x0000000000000012
htif::tick 0x0000000000000000
mem[X,0x8000EE80] -> 0x35B7
mem[X,0x8000EE82] -> 0x3333
[1800] [M]: 0x8000EE80 (0x333335B7) lui a1, 209715
x11 <- 0x33333000


mem[X,0x8000EE84] -> 0x8593
mem[X,0x8000EE86] -> 0x3335
[1801] [M]: 0x8000EE84 (0x33358593) addi a1, a1, 819
x11 <- 0x33333333


mem[X,0x8000EE88] -> 0x0113
mem[X,0x8000EE8A] -> 0x0000
[1802] [M]: 0x8000EE88 (0x00000113) addi sp, zero, 0
x2 <- 0x00000000


mem[X,0x8000EE8C] -> 0x006F
mem[X,0x8000EE8E] -> 0x00C0
[1803] [M]: 0x8000EE8C (0x00C0006F) jal zero, 12


mem[X,0x8000EE98] -> 0x0863
mem[X,0x8000EE9A] -> 0x00B5
[1804] [M]: 0x8000EE98 (0x00B50863) beq a0, a1, 16


mem[X,0x8000EEA8] -> 0x0113
mem[X,0x8000EEAA] -> 0x0031
[1805] [M]: 0x8000EEA8 (0x00310113) addi sp, sp, 3
x2 <- 0x00000003


mem[X,0x8000EEAC] -> 0x006F
mem[X,0x8000EEAE] -> 0x0040
[1806] [M]: 0x8000EEAC (0x0040006F) jal zero, 4


mem[X,0x8000EEB0] -> 0xA623
mem[X,0x8000EEB2] -> 0x2A20
[1807] [M]: 0x8000EEB0 (0x2A20A623) sw sp, 684(ra)
mem[0x80039514] <- 0x00000003


mem[X,0x8000EEB4] -> 0x3537
mem[X,0x8000EEB6] -> 0x3333
[1808] [M]: 0x8000EEB4 (0x33333537) lui a0, 209715
x10 <- 0x33333000


mem[X,0x8000EEB8] -> 0x0513
mem[X,0x8000EEBA] -> 0x3335
[1809] [M]: 0x8000EEB8 (0x33350513) addi a0, a0, 819
x10 <- 0x33333333


mem[X,0x8000EEBC] -> 0x65B7
mem[X,0x8000EEBE] -> 0x6666
[1810] [M]: 0x8000EEBC (0x666665B7) lui a1, 419430
x11 <- 0x66666000


mem[X,0x8000EEC0] -> 0x8593
mem[X,0x8000EEC2] -> 0x6665
[1811] [M]: 0x8000EEC0 (0x66658593) addi a1, a1, 1638
x11 <- 0x66666666


mem[X,0x8000EEC4] -> 0x0113
mem[X,0x8000EEC6] -> 0x0000
[1812] [M]: 0x8000EEC4 (0x00000113) addi sp, zero, 0
x2 <- 0x00000000


mem[X,0x8000EEC8] -> 0x006F
mem[X,0x8000EECA] -> 0x00C0
[1813] [M]: 0x8000EEC8 (0x00C0006F) jal zero, 12


mem[X,0x8000EED4] -> 0x0663
mem[X,0x8000EED6] -> 0x00B5
[1814] [M]: 0x8000EED4 (0x00B50663) beq a0, a1, 12


mem[X,0x8000EED8] -> 0x0113
mem[X,0x8000EEDA] -> 0x0021
[1815] [M]: 0x8000EED8 (0x00210113) addi sp, sp, 2
x2 <- 0x00000002


mem[X,0x8000EEDC] -> 0x006F
mem[X,0x8000EEDE] -> 0x00C0
[1816] [M]: 0x8000EEDC (0x00C0006F) jal zero, 12


mem[X,0x8000EEE8] -> 0xA823
mem[X,0x8000EEEA] -> 0x2A20
[1817] [M]: 0x8000EEE8 (0x2A20A823) sw sp, 688(ra)
mem[0x80039518] <- 0x00000002


mem[X,0x8000EEEC] -> 0x3537
mem[X,0x8000EEEE] -> 0x3333
[1818] [M]: 0x8000EEEC (0x33333537) lui a0, 209715
x10 <- 0x33333000


mem[X,0x8000EEF0] -> 0x0513
mem[X,0x8000EEF2] -> 0x3335
[1819] [M]: 0x8000EEF0 (0x33350513) addi a0, a0, 819
x10 <- 0x33333333


mem[X,0x8000EEF4] -> 0x55B7
mem[X,0x8000EEF6] -> 0xFFFF
[1820] [M]: 0x8000EEF4 (0xFFFF55B7) lui a1, 1048565
x11 <- 0xFFFF5000


mem[X,0x8000EEF8] -> 0x8593
mem[X,0x8000EEFA] -> 0xAFC5
[1821] [M]: 0x8000EEF8 (0xAFC58593) addi a1, a1, 2812
x11 <- 0xFFFF4AFC


mem[X,0x8000EEFC] -> 0x0113
mem[X,0x8000EEFE] -> 0x0000
[1822] [M]: 0x8000EEFC (0x00000113) addi sp, zero, 0
x2 <- 0x00000000


mem[X,0x8000EF00] -> 0x006F
mem[X,0x8000EF02] -> 0x0180
[1823] [M]: 0x8000EF00 (0x0180006F) jal zero, 24


mem[X,0x8000EF18] -> 0x06E3
mem[X,0x8000EF1A] -> 0xFEB5
[1824] [M]: 0x8000EF18 (0xFEB506E3) beq a0, a1, 8172


mem[X,0x8000EF1C] -> 0x0113
mem[X,0x8000EF1E] -> 0x0021
[1825] [M]: 0x8000EF1C (0x00210113) addi sp, sp, 2
x2 <- 0x00000002


mem[X,0x8000EF20] -> 0x006F
mem[X,0x8000EF22] -> 0x00C0
[1826] [M]: 0x8000EF20 (0x00C0006F) jal zero, 12


mem[X,0x8000EF2C] -> 0xAA23
mem[X,0x8000EF2E] -> 0x2A20
[1827] [M]: 0x8000EF2C (0x2A20AA23) sw sp, 692(ra)
mem[0x8003951C] <- 0x00000002


mem[X,0x8000EF30] -> 0x3537
mem[X,0x8000EF32] -> 0x3333
[1828] [M]: 0x8000EF30 (0x33333537) lui a0, 209715
x10 <- 0x33333000


mem[X,0x8000EF34] -> 0x0513
mem[X,0x8000EF36] -> 0x3335
[1829] [M]: 0x8000EF34 (0x33350513) addi a0, a0, 819
x10 <- 0x33333333


mem[X,0x8000EF38] -> 0xB5B7
mem[X,0x8000EF3A] -> 0x0000
[1830] [M]: 0x8000EF38 (0x0000B5B7) lui a1, 11
x11 <- 0x0000B000


mem[X,0x8000EF3C] -> 0x8593
mem[X,0x8000EF3E] -> 0x5045
[1831] [M]: 0x8000EF3C (0x50458593) addi a1, a1, 1284
x11 <- 0x0000B504


mem[X,0x8000EF40] -> 0x0113
mem[X,0x8000EF42] -> 0x0000
[1832] [M]: 0x8000EF40 (0x00000113) addi sp, zero, 0
x2 <- 0x00000000


mem[X,0x8000EF44] -> 0x006F
mem[X,0x8000EF46] -> 0x00C0
[1833] [M]: 0x8000EF44 (0x00C0006F) jal zero, 12


mem[X,0x8000EF50] -> 0x0063
mem[X,0x8000EF52] -> 0x20B5
[1834] [M]: 0x8000EF50 (0x20B50063) beq a0, a1, 512


mem[X,0x8000EF54] -> 0x0113
mem[X,0x8000EF56] -> 0x0021
[1835] [M]: 0x8000EF54 (0x00210113) addi sp, sp, 2
x2 <- 0x00000002


mem[X,0x8000EF58] -> 0x006F
mem[X,0x8000EF5A] -> 0x2000
[1836] [M]: 0x8000EF58 (0x2000006F) jal zero, 512


mem[X,0x8000F158] -> 0xAC23
mem[X,0x8000F15A] -> 0x2A20
[1837] [M]: 0x8000F158 (0x2A20AC23) sw sp, 696(ra)
mem[0x80039520] <- 0x00000002


mem[X,0x8000F15C] -> 0x3537
mem[X,0x8000F15E] -> 0x3333
[1838] [M]: 0x8000F15C (0x33333537) lui a0, 209715
x10 <- 0x33333000


mem[X,0x8000F160] -> 0x0513
mem[X,0x8000F162] -> 0x3335
[1839] [M]: 0x8000F160 (0x33350513) addi a0, a0, 819
x10 <- 0x33333333


mem[X,0x8000F164] -> 0x55B7
mem[X,0x8000F166] -> 0x5555
[1840] [M]: 0x8000F164 (0x555555B7) lui a1, 349525
x11 <- 0x55555000


mem[X,0x8000F168] -> 0x8593
mem[X,0x8000F16A] -> 0x5545
[1841] [M]: 0x8000F168 (0x55458593) addi a1, a1, 1364
x11 <- 0x55555554


mem[X,0x8000F16C] -> 0x0113
mem[X,0x8000F16E] -> 0x0000
[1842] [M]: 0x8000F16C (0x00000113) addi sp, zero, 0
x2 <- 0x00000000


mem[X,0x8000F170] -> 0x006F
mem[X,0x8000F172] -> 0x2B10
[1843] [M]: 0x8000F170 (0x2B10006F) jal zero, 2736


mem[X,0x8000FC20] -> 0x0A63
mem[X,0x8000FC22] -> 0xD4B5
[1844] [M]: 0x8000FC20 (0xD4B50A63) beq a0, a1, 5460


mem[X,0x8000FC24] -> 0x0113
mem[X,0x8000FC26] -> 0x0021
[1845] [M]: 0x8000FC24 (0x00210113) addi sp, sp, 2
x2 <- 0x00000002


mem[X,0x8000FC28] -> 0x006F
mem[X,0x8000FC2A] -> 0x00C0
[1846] [M]: 0x8000FC28 (0x00C0006F) jal zero, 12


mem[X,0x8000FC34] -> 0xAE23
mem[X,0x8000FC36] -> 0x2A20
[1847] [M]: 0x8000FC34 (0x2A20AE23) sw sp, 700(ra)
mem[0x80039524] <- 0x00000002


mem[X,0x8000FC38] -> 0x3537
mem[X,0x8000FC3A] -> 0x3333
[1848] [M]: 0x8000FC38 (0x33333537) lui a0, 209715
x10 <- 0x33333000


mem[X,0x8000FC3C] -> 0x0513
mem[X,0x8000FC3E] -> 0x3335
[1849] [M]: 0x8000FC3C (0x33350513) addi a0, a0, 819
x10 <- 0x33333333


mem[X,0x8000FC40] -> 0x0593
mem[X,0x8000FC42] -> 0x0000
[1850] [M]: 0x8000FC40 (0x00000593) addi a1, zero, 0
x11 <- 0x00000000


mem[X,0x8000FC44] -> 0x0113
mem[X,0x8000FC46] -> 0x0000
[1851] [M]: 0x8000FC44 (0x00000113) addi sp, zero, 0
x2 <- 0x00000000


mem[X,0x8000FC48] -> 0x006F
mem[X,0x8000FC4A] -> 0x00C0
[1852] [M]: 0x8000FC48 (0x00C0006F) jal zero, 12


mem[X,0x8000FC54] -> 0x0063
mem[X,0x8000FC56] -> 0x04B5
[1853] [M]: 0x8000FC54 (0x04B50063) beq a0, a1, 64


mem[X,0x8000FC58] -> 0x0113
mem[X,0x8000FC5A] -> 0x0021
[1854] [M]: 0x8000FC58 (0x00210113) addi sp, sp, 2
x2 <- 0x00000002


mem[X,0x8000FC5C] -> 0x006F
mem[X,0x8000FC5E] -> 0x0400
[1855] [M]: 0x8000FC5C (0x0400006F) jal zero, 64


mem[X,0x8000FC9C] -> 0xA023
mem[X,0x8000FC9E] -> 0x2C20
[1856] [M]: 0x8000FC9C (0x2C20A023) sw sp, 704(ra)
mem[0x80039528] <- 0x00000002


mem[X,0x8000FCA0] -> 0x3537
mem[X,0x8000FCA2] -> 0x3333
[1857] [M]: 0x8000FCA0 (0x33333537) lui a0, 209715
x10 <- 0x33333000


mem[X,0x8000FCA4] -> 0x0513
mem[X,0x8000FCA6] -> 0x3335
[1858] [M]: 0x8000FCA4 (0x33350513) addi a0, a0, 819
x10 <- 0x33333333


mem[X,0x8000FCA8] -> 0x0593
mem[X,0x8000FCAA] -> 0x0040
[1859] [M]: 0x8000FCA8 (0x00400593) addi a1, zero, 4
x11 <- 0x00000004


mem[X,0x8000FCAC] -> 0x0113
mem[X,0x8000FCAE] -> 0x0000
[1860] [M]: 0x8000FCAC (0x00000113) addi sp, zero, 0
x2 <- 0x00000000


mem[X,0x8000FCB0] -> 0x006F
mem[X,0x8000FCB2] -> 0x00C0
[1861] [M]: 0x8000FCB0 (0x00C0006F) jal zero, 12


mem[X,0x8000FCBC] -> 0x0663
mem[X,0x8000FCBE] -> 0x00B5
[1862] [M]: 0x8000FCBC (0x00B50663) beq a0, a1, 12


mem[X,0x8000FCC0] -> 0x0113
mem[X,0x8000FCC2] -> 0x0021
[1863] [M]: 0x8000FCC0 (0x00210113) addi sp, sp, 2
x2 <- 0x00000002


mem[X,0x8000FCC4] -> 0x006F
mem[X,0x8000FCC6] -> 0x00C0
[1864] [M]: 0x8000FCC4 (0x00C0006F) jal zero, 12


mem[X,0x8000FCD0] -> 0xA223
mem[X,0x8000FCD2] -> 0x2C20
[1865] [M]: 0x8000FCD0 (0x2C20A223) sw sp, 708(ra)
mem[0x8003952C] <- 0x00000002


mem[X,0x8000FCD4] -> 0x3537
mem[X,0x8000FCD6] -> 0x3333
[1866] [M]: 0x8000FCD4 (0x33333537) lui a0, 209715
x10 <- 0x33333000


mem[X,0x8000FCD8] -> 0x0513
mem[X,0x8000FCDA] -> 0x3335
[1867] [M]: 0x8000FCD8 (0x33350513) addi a0, a0, 819
x10 <- 0x33333333


mem[X,0x8000FCDC] -> 0x35B7
mem[X,0x8000FCDE] -> 0x3333
[1868] [M]: 0x8000FCDC (0x333335B7) lui a1, 209715
x11 <- 0x33333000


mem[X,0x8000FCE0] -> 0x8593
mem[X,0x8000FCE2] -> 0x3325
[1869] [M]: 0x8000FCE0 (0x33258593) addi a1, a1, 818
x11 <- 0x33333332


mem[X,0x8000FCE4] -> 0x0113
mem[X,0x8000FCE6] -> 0x0000
[1870] [M]: 0x8000FCE4 (0x00000113) addi sp, zero, 0
x2 <- 0x00000000


mem[X,0x8000FCE8] -> 0x006F
mem[X,0x8000FCEA] -> 0x00C0
[1871] [M]: 0x8000FCE8 (0x00C0006F) jal zero, 12


mem[X,0x8000FCF4] -> 0x0663
mem[X,0x8000FCF6] -> 0x00B5
[1872] [M]: 0x8000FCF4 (0x00B50663) beq a0, a1, 12


mem[X,0x8000FCF8] -> 0x0113
mem[X,0x8000FCFA] -> 0x0021
[1873] [M]: 0x8000FCF8 (0x00210113) addi sp, sp, 2
x2 <- 0x00000002


mem[X,0x8000FCFC] -> 0x006F
mem[X,0x8000FCFE] -> 0x00C0
[1874] [M]: 0x8000FCFC (0x00C0006F) jal zero, 12


mem[X,0x8000FD08] -> 0xA423
mem[X,0x8000FD0A] -> 0x2C20
[1875] [M]: 0x8000FD08 (0x2C20A423) sw sp, 712(ra)
mem[0x80039530] <- 0x00000002


mem[X,0x8000FD0C] -> 0x3537
mem[X,0x8000FD0E] -> 0x3333
[1876] [M]: 0x8000FD0C (0x33333537) lui a0, 209715
x10 <- 0x33333000


mem[X,0x8000FD10] -> 0x0513
mem[X,0x8000FD12] -> 0x3335
[1877] [M]: 0x8000FD10 (0x33350513) addi a0, a0, 819
x10 <- 0x33333333


mem[X,0x8000FD14] -> 0x65B7
mem[X,0x8000FD16] -> 0x6666
[1878] [M]: 0x8000FD14 (0x666665B7) lui a1, 419430
x11 <- 0x66666000


mem[X,0x8000FD18] -> 0x8593
mem[X,0x8000FD1A] -> 0x6655
[1879] [M]: 0x8000FD18 (0x66558593) addi a1, a1, 1637
x11 <- 0x66666665


mem[X,0x8000FD1C] -> 0x0113
mem[X,0x8000FD1E] -> 0x0000
[1880] [M]: 0x8000FD1C (0x00000113) addi sp, zero, 0
x2 <- 0x00000000


mem[X,0x8000FD20] -> 0x006F
mem[X,0x8000FD22] -> 0x0180
[1881] [M]: 0x8000FD20 (0x0180006F) jal zero, 24


mem[X,0x8000FD38] -> 0x06E3
mem[X,0x8000FD3A] -> 0xFEB5
[1882] [M]: 0x8000FD38 (0xFEB506E3) beq a0, a1, 8172


mem[X,0x8000FD3C] -> 0x0113
mem[X,0x8000FD3E] -> 0x0021
[1883] [M]: 0x8000FD3C (0x00210113) addi sp, sp, 2
x2 <- 0x00000002


mem[X,0x8000FD40] -> 0x006F
mem[X,0x8000FD42] -> 0x00C0
[1884] [M]: 0x8000FD40 (0x00C0006F) jal zero, 12


mem[X,0x8000FD4C] -> 0xA623
mem[X,0x8000FD4E] -> 0x2C20
[1885] [M]: 0x8000FD4C (0x2C20A623) sw sp, 716(ra)
mem[0x80039534] <- 0x00000002


mem[X,0x8000FD50] -> 0x3537
mem[X,0x8000FD52] -> 0x3333
[1886] [M]: 0x8000FD50 (0x33333537) lui a0, 209715
x10 <- 0x33333000


mem[X,0x8000FD54] -> 0x0513
mem[X,0x8000FD56] -> 0x3335
[1887] [M]: 0x8000FD54 (0x33350513) addi a0, a0, 819
x10 <- 0x33333333


mem[X,0x8000FD58] -> 0xB5B7
mem[X,0x8000FD5A] -> 0x0000
[1888] [M]: 0x8000FD58 (0x0000B5B7) lui a1, 11
x11 <- 0x0000B000


mem[X,0x8000FD5C] -> 0x8593
mem[X,0x8000FD5E] -> 0x5035
[1889] [M]: 0x8000FD5C (0x50358593) addi a1, a1, 1283
x11 <- 0x0000B503


mem[X,0x8000FD60] -> 0x0113
mem[X,0x8000FD62] -> 0x0000
[1890] [M]: 0x8000FD60 (0x00000113) addi sp, zero, 0
x2 <- 0x00000000


mem[X,0x8000FD64] -> 0x006F
mem[X,0x8000FD66] -> 0x00C0
[1891] [M]: 0x8000FD64 (0x00C0006F) jal zero, 12


mem[X,0x8000FD70] -> 0x0063
mem[X,0x8000FD72] -> 0x40B5
[1892] [M]: 0x8000FD70 (0x40B50063) beq a0, a1, 1024


mem[X,0x8000FD74] -> 0x0113
mem[X,0x8000FD76] -> 0x0021
[1893] [M]: 0x8000FD74 (0x00210113) addi sp, sp, 2
x2 <- 0x00000002


mem[X,0x8000FD78] -> 0x006F
mem[X,0x8000FD7A] -> 0x4000
[1894] [M]: 0x8000FD78 (0x4000006F) jal zero, 1024


mem[X,0x80010178] -> 0xA823
mem[X,0x8001017A] -> 0x2C20
[1895] [M]: 0x80010178 (0x2C20A823) sw sp, 720(ra)
mem[0x80039538] <- 0x00000002


mem[X,0x8001017C] -> 0x3537
mem[X,0x8001017E] -> 0x3333
[1896] [M]: 0x8001017C (0x33333537) lui a0, 209715
x10 <- 0x33333000


mem[X,0x80010180] -> 0x0513
mem[X,0x80010182] -> 0x3335
[1897] [M]: 0x80010180 (0x33350513) addi a0, a0, 819
x10 <- 0x33333333


mem[X,0x80010184] -> 0x55B7
mem[X,0x80010186] -> 0x5555
[1898] [M]: 0x80010184 (0x555555B7) lui a1, 349525
x11 <- 0x55555000


mem[X,0x80010188] -> 0x8593
mem[X,0x8001018A] -> 0x5565
[1899] [M]: 0x80010188 (0x55658593) addi a1, a1, 1366
x11 <- 0x55555556


clint::tick mtime <- 0x0000000000000013
 clint timer pending at mtime 0x0000000000000013
htif::tick 0x0000000000000000
mem[X,0x8001018C] -> 0x0113
mem[X,0x8001018E] -> 0x0000
[1900] [M]: 0x8001018C (0x00000113) addi sp, zero, 0
x2 <- 0x00000000


mem[X,0x80010190] -> 0x006F
mem[X,0x80010192] -> 0x0050
[1901] [M]: 0x80010190 (0x0050006F) jal zero, 2052


mem[X,0x80010994] -> 0x00E3
mem[X,0x80010996] -> 0x80B5
[1902] [M]: 0x80010994 (0x80B500E3) beq a0, a1, 6144


mem[X,0x80010998] -> 0x0113
mem[X,0x8001099A] -> 0x0021
[1903] [M]: 0x80010998 (0x00210113) addi sp, sp, 2
x2 <- 0x00000002


mem[X,0x8001099C] -> 0x006F
mem[X,0x8001099E] -> 0x00C0
[1904] [M]: 0x8001099C (0x00C0006F) jal zero, 12


mem[X,0x800109A8] -> 0xAA23
mem[X,0x800109AA] -> 0x2C20
[1905] [M]: 0x800109A8 (0x2C20AA23) sw sp, 724(ra)
mem[0x8003953C] <- 0x00000002


mem[X,0x800109AC] -> 0x3537
mem[X,0x800109AE] -> 0x3333
[1906] [M]: 0x800109AC (0x33333537) lui a0, 209715
x10 <- 0x33333000


mem[X,0x800109B0] -> 0x0513
mem[X,0x800109B2] -> 0x3335
[1907] [M]: 0x800109B0 (0x33350513) addi a0, a0, 819
x10 <- 0x33333333


mem[X,0x800109B4] -> 0xB5B7
mem[X,0x800109B6] -> 0xAAAA
[1908] [M]: 0x800109B4 (0xAAAAB5B7) lui a1, 699051
x11 <- 0xAAAAB000


mem[X,0x800109B8] -> 0x8593
mem[X,0x800109BA] -> 0xAAB5
[1909] [M]: 0x800109B8 (0xAAB58593) addi a1, a1, 2731
x11 <- 0xAAAAAAAB


mem[X,0x800109BC] -> 0x0113
mem[X,0x800109BE] -> 0x0000
[1910] [M]: 0x800109BC (0x00000113) addi sp, zero, 0
x2 <- 0x00000000


mem[X,0x800109C0] -> 0x006F
mem[X,0x800109C2] -> 0x00C0
[1911] [M]: 0x800109C0 (0x00C0006F) jal zero, 12


mem[X,0x800109CC] -> 0x0063
mem[X,0x800109CE] -> 0x10B5
[1912] [M]: 0x800109CC (0x10B50063) beq a0, a1, 256


mem[X,0x800109D0] -> 0x0113
mem[X,0x800109D2] -> 0x0021
[1913] [M]: 0x800109D0 (0x00210113) addi sp, sp, 2
x2 <- 0x00000002


mem[X,0x800109D4] -> 0x006F
mem[X,0x800109D6] -> 0x1000
[1914] [M]: 0x800109D4 (0x1000006F) jal zero, 256


mem[X,0x80010AD4] -> 0xAC23
mem[X,0x80010AD6] -> 0x2C20
[1915] [M]: 0x80010AD4 (0x2C20AC23) sw sp, 728(ra)
mem[0x80039540] <- 0x00000002


mem[X,0x80010AD8] -> 0x3537
mem[X,0x80010ADA] -> 0x3333
[1916] [M]: 0x80010AD8 (0x33333537) lui a0, 209715
x10 <- 0x33333000


mem[X,0x80010ADC] -> 0x0513
mem[X,0x80010ADE] -> 0x3335
[1917] [M]: 0x80010ADC (0x33350513) addi a0, a0, 819
x10 <- 0x33333333


mem[X,0x80010AE0] -> 0x0593
mem[X,0x80010AE2] -> 0x0060
[1918] [M]: 0x80010AE0 (0x00600593) addi a1, zero, 6
x11 <- 0x00000006


mem[X,0x80010AE4] -> 0x0113
mem[X,0x80010AE6] -> 0x0000
[1919] [M]: 0x80010AE4 (0x00000113) addi sp, zero, 0
x2 <- 0x00000000


mem[X,0x80010AE8] -> 0x006F
mem[X,0x80010AEA] -> 0x00C0
[1920] [M]: 0x80010AE8 (0x00C0006F) jal zero, 12


mem[X,0x80010AF4] -> 0x0063
mem[X,0x80010AF6] -> 0x20B5
[1921] [M]: 0x80010AF4 (0x20B50063) beq a0, a1, 512


mem[X,0x80010AF8] -> 0x0113
mem[X,0x80010AFA] -> 0x0021
[1922] [M]: 0x80010AF8 (0x00210113) addi sp, sp, 2
x2 <- 0x00000002


mem[X,0x80010AFC] -> 0x006F
mem[X,0x80010AFE] -> 0x2000
[1923] [M]: 0x80010AFC (0x2000006F) jal zero, 512


mem[X,0x80010CFC] -> 0xAE23
mem[X,0x80010CFE] -> 0x2C20
[1924] [M]: 0x80010CFC (0x2C20AE23) sw sp, 732(ra)
mem[0x80039544] <- 0x00000002


mem[X,0x80010D00] -> 0x3537
mem[X,0x80010D02] -> 0x3333
[1925] [M]: 0x80010D00 (0x33333537) lui a0, 209715
x10 <- 0x33333000


mem[X,0x80010D04] -> 0x0513
mem[X,0x80010D06] -> 0x3335
[1926] [M]: 0x80010D04 (0x33350513) addi a0, a0, 819
x10 <- 0x33333333


mem[X,0x80010D08] -> 0x35B7
mem[X,0x80010D0A] -> 0x3333
[1927] [M]: 0x80010D08 (0x333335B7) lui a1, 209715
x11 <- 0x33333000


mem[X,0x80010D0C] -> 0x8593
mem[X,0x80010D0E] -> 0x3345
[1928] [M]: 0x80010D0C (0x33458593) addi a1, a1, 820
x11 <- 0x33333334


mem[X,0x80010D10] -> 0x0113
mem[X,0x80010D12] -> 0x0000
[1929] [M]: 0x80010D10 (0x00000113) addi sp, zero, 0
x2 <- 0x00000000


mem[X,0x80010D14] -> 0x006F
mem[X,0x80010D16] -> 0x00C0
[1930] [M]: 0x80010D14 (0x00C0006F) jal zero, 12


mem[X,0x80010D20] -> 0x0063
mem[X,0x80010D22] -> 0x20B5
[1931] [M]: 0x80010D20 (0x20B50063) beq a0, a1, 512


mem[X,0x80010D24] -> 0x0113
mem[X,0x80010D26] -> 0x0021
[1932] [M]: 0x80010D24 (0x00210113) addi sp, sp, 2
x2 <- 0x00000002


mem[X,0x80010D28] -> 0x006F
mem[X,0x80010D2A] -> 0x2000
[1933] [M]: 0x80010D28 (0x2000006F) jal zero, 512


mem[X,0x80010F28] -> 0xA023
mem[X,0x80010F2A] -> 0x2E20
[1934] [M]: 0x80010F28 (0x2E20A023) sw sp, 736(ra)
mem[0x80039548] <- 0x00000002


mem[X,0x80010F2C] -> 0x3537
mem[X,0x80010F2E] -> 0x3333
[1935] [M]: 0x80010F2C (0x33333537) lui a0, 209715
x10 <- 0x33333000


mem[X,0x80010F30] -> 0x0513
mem[X,0x80010F32] -> 0x3335
[1936] [M]: 0x80010F30 (0x33350513) addi a0, a0, 819
x10 <- 0x33333333


mem[X,0x80010F34] -> 0x65B7
mem[X,0x80010F36] -> 0x6666
[1937] [M]: 0x80010F34 (0x666665B7) lui a1, 419430
x11 <- 0x66666000


mem[X,0x80010F38] -> 0x8593
mem[X,0x80010F3A] -> 0x6675
[1938] [M]: 0x80010F38 (0x66758593) addi a1, a1, 1639
x11 <- 0x66666667


mem[X,0x80010F3C] -> 0x0113
mem[X,0x80010F3E] -> 0x0000
[1939] [M]: 0x80010F3C (0x00000113) addi sp, zero, 0
x2 <- 0x00000000


mem[X,0x80010F40] -> 0x006F
mem[X,0x80010F42] -> 0x00C0
[1940] [M]: 0x80010F40 (0x00C0006F) jal zero, 12


mem[X,0x80010F4C] -> 0x0063
mem[X,0x80010F4E] -> 0x40B5
[1941] [M]: 0x80010F4C (0x40B50063) beq a0, a1, 1024


mem[X,0x80010F50] -> 0x0113
mem[X,0x80010F52] -> 0x0021
[1942] [M]: 0x80010F50 (0x00210113) addi sp, sp, 2
x2 <- 0x00000002


mem[X,0x80010F54] -> 0x006F
mem[X,0x80010F56] -> 0x4000
[1943] [M]: 0x80010F54 (0x4000006F) jal zero, 1024


mem[X,0x80011354] -> 0xA223
mem[X,0x80011356] -> 0x2E20
[1944] [M]: 0x80011354 (0x2E20A223) sw sp, 740(ra)
mem[0x8003954C] <- 0x00000002


mem[X,0x80011358] -> 0x3537
mem[X,0x8001135A] -> 0x3333
[1945] [M]: 0x80011358 (0x33333537) lui a0, 209715
x10 <- 0x33333000


mem[X,0x8001135C] -> 0x0513
mem[X,0x8001135E] -> 0x3335
[1946] [M]: 0x8001135C (0x33350513) addi a0, a0, 819
x10 <- 0x33333333


mem[X,0x80011360] -> 0x55B7
mem[X,0x80011362] -> 0xFFFF
[1947] [M]: 0x80011360 (0xFFFF55B7) lui a1, 1048565
x11 <- 0xFFFF5000


mem[X,0x80011364] -> 0x8593
mem[X,0x80011366] -> 0xAFD5
[1948] [M]: 0x80011364 (0xAFD58593) addi a1, a1, 2813
x11 <- 0xFFFF4AFD


mem[X,0x80011368] -> 0x0113
mem[X,0x8001136A] -> 0x0000
[1949] [M]: 0x80011368 (0x00000113) addi sp, zero, 0
x2 <- 0x00000000


mem[X,0x8001136C] -> 0x006F
mem[X,0x8001136E] -> 0x0140
[1950] [M]: 0x8001136C (0x0140006F) jal zero, 20


mem[X,0x80011380] -> 0x08E3
mem[X,0x80011382] -> 0xFEB5
[1951] [M]: 0x80011380 (0xFEB508E3) beq a0, a1, 8176


mem[X,0x80011384] -> 0x0113
mem[X,0x80011386] -> 0x0021
[1952] [M]: 0x80011384 (0x00210113) addi sp, sp, 2
x2 <- 0x00000002


mem[X,0x80011388] -> 0x006F
mem[X,0x8001138A] -> 0x00C0
[1953] [M]: 0x80011388 (0x00C0006F) jal zero, 12


mem[X,0x80011394] -> 0xA423
mem[X,0x80011396] -> 0x2E20
[1954] [M]: 0x80011394 (0x2E20A423) sw sp, 744(ra)
mem[0x80039550] <- 0x00000002


mem[X,0x80011398] -> 0x3537
mem[X,0x8001139A] -> 0x3333
[1955] [M]: 0x80011398 (0x33333537) lui a0, 209715
x10 <- 0x33333000


mem[X,0x8001139C] -> 0x0513
mem[X,0x8001139E] -> 0x3335
[1956] [M]: 0x8001139C (0x33350513) addi a0, a0, 819
x10 <- 0x33333333


mem[X,0x800113A0] -> 0xB5B7
mem[X,0x800113A2] -> 0x0000
[1957] [M]: 0x800113A0 (0x0000B5B7) lui a1, 11
x11 <- 0x0000B000


mem[X,0x800113A4] -> 0x8593
mem[X,0x800113A6] -> 0x5055
[1958] [M]: 0x800113A4 (0x50558593) addi a1, a1, 1285
x11 <- 0x0000B505


mem[X,0x800113A8] -> 0x0113
mem[X,0x800113AA] -> 0x0000
[1959] [M]: 0x800113A8 (0x00000113) addi sp, zero, 0
x2 <- 0x00000000


mem[X,0x800113AC] -> 0x006F
mem[X,0x800113AE] -> 0x0140
[1960] [M]: 0x800113AC (0x0140006F) jal zero, 20


mem[X,0x800113C0] -> 0x08E3
mem[X,0x800113C2] -> 0xFEB5
[1961] [M]: 0x800113C0 (0xFEB508E3) beq a0, a1, 8176


mem[X,0x800113C4] -> 0x0113
mem[X,0x800113C6] -> 0x0021
[1962] [M]: 0x800113C4 (0x00210113) addi sp, sp, 2
x2 <- 0x00000002


mem[X,0x800113C8] -> 0x006F
mem[X,0x800113CA] -> 0x00C0
[1963] [M]: 0x800113C8 (0x00C0006F) jal zero, 12


mem[X,0x800113D4] -> 0xA623
mem[X,0x800113D6] -> 0x2E20
[1964] [M]: 0x800113D4 (0x2E20A623) sw sp, 748(ra)
mem[0x80039554] <- 0x00000002


mem[X,0x800113D8] -> 0x6537
mem[X,0x800113DA] -> 0x6666
[1965] [M]: 0x800113D8 (0x66666537) lui a0, 419430
x10 <- 0x66666000


mem[X,0x800113DC] -> 0x0513
mem[X,0x800113DE] -> 0x6665
[1966] [M]: 0x800113DC (0x66650513) addi a0, a0, 1638
x10 <- 0x66666666


mem[X,0x800113E0] -> 0x0593
mem[X,0x800113E2] -> 0x0030
[1967] [M]: 0x800113E0 (0x00300593) addi a1, zero, 3
x11 <- 0x00000003


mem[X,0x800113E4] -> 0x0113
mem[X,0x800113E6] -> 0x0000
[1968] [M]: 0x800113E4 (0x00000113) addi sp, zero, 0
x2 <- 0x00000000


mem[X,0x800113E8] -> 0x006F
mem[X,0x800113EA] -> 0x00C0
[1969] [M]: 0x800113E8 (0x00C0006F) jal zero, 12


mem[X,0x800113F4] -> 0x0CE3
mem[X,0x800113F6] -> 0xFEB5
[1970] [M]: 0x800113F4 (0xFEB50CE3) beq a0, a1, 8184


mem[X,0x800113F8] -> 0x0113
mem[X,0x800113FA] -> 0x0021
[1971] [M]: 0x800113F8 (0x00210113) addi sp, sp, 2
x2 <- 0x00000002


mem[X,0x800113FC] -> 0x006F
mem[X,0x800113FE] -> 0x00C0
[1972] [M]: 0x800113FC (0x00C0006F) jal zero, 12


mem[X,0x80011408] -> 0xA823
mem[X,0x8001140A] -> 0x2E20
[1973] [M]: 0x80011408 (0x2E20A823) sw sp, 752(ra)
mem[0x80039558] <- 0x00000002


mem[X,0x8001140C] -> 0x6537
mem[X,0x8001140E] -> 0x6666
[1974] [M]: 0x8001140C (0x66666537) lui a0, 419430
x10 <- 0x66666000


mem[X,0x80011410] -> 0x0513
mem[X,0x80011412] -> 0x6665
[1975] [M]: 0x80011410 (0x66650513) addi a0, a0, 1638
x10 <- 0x66666666


mem[X,0x80011414] -> 0x55B7
mem[X,0x80011416] -> 0x5555
[1976] [M]: 0x80011414 (0x555555B7) lui a1, 349525
x11 <- 0x55555000


mem[X,0x80011418] -> 0x8593
mem[X,0x8001141A] -> 0x5555
[1977] [M]: 0x80011418 (0x55558593) addi a1, a1, 1365
x11 <- 0x55555555


mem[X,0x8001141C] -> 0x0113
mem[X,0x8001141E] -> 0x0000
[1978] [M]: 0x8001141C (0x00000113) addi sp, zero, 0
x2 <- 0x00000000


mem[X,0x80011420] -> 0x006F
mem[X,0x80011422] -> 0x00C0
[1979] [M]: 0x80011420 (0x00C0006F) jal zero, 12


mem[X,0x8001142C] -> 0x0CE3
mem[X,0x8001142E] -> 0xFEB5
[1980] [M]: 0x8001142C (0xFEB50CE3) beq a0, a1, 8184


mem[X,0x80011430] -> 0x0113
mem[X,0x80011432] -> 0x0021
[1981] [M]: 0x80011430 (0x00210113) addi sp, sp, 2
x2 <- 0x00000002


mem[X,0x80011434] -> 0x006F
mem[X,0x80011436] -> 0x00C0
[1982] [M]: 0x80011434 (0x00C0006F) jal zero, 12


mem[X,0x80011440] -> 0xAA23
mem[X,0x80011442] -> 0x2E20
[1983] [M]: 0x80011440 (0x2E20AA23) sw sp, 756(ra)
mem[0x8003955C] <- 0x00000002


mem[X,0x80011444] -> 0x6537
mem[X,0x80011446] -> 0x6666
[1984] [M]: 0x80011444 (0x66666537) lui a0, 419430
x10 <- 0x66666000


mem[X,0x80011448] -> 0x0513
mem[X,0x8001144A] -> 0x6665
[1985] [M]: 0x80011448 (0x66650513) addi a0, a0, 1638
x10 <- 0x66666666


mem[X,0x8001144C] -> 0xB5B7
mem[X,0x8001144E] -> 0xAAAA
[1986] [M]: 0x8001144C (0xAAAAB5B7) lui a1, 699051
x11 <- 0xAAAAB000


mem[X,0x80011450] -> 0x8593
mem[X,0x80011452] -> 0xAAA5
[1987] [M]: 0x80011450 (0xAAA58593) addi a1, a1, 2730
x11 <- 0xAAAAAAAA


mem[X,0x80011454] -> 0x0113
mem[X,0x80011456] -> 0x0000
[1988] [M]: 0x80011454 (0x00000113) addi sp, zero, 0
x2 <- 0x00000000


mem[X,0x80011458] -> 0x006F
mem[X,0x8001145A] -> 0x00C0
[1989] [M]: 0x80011458 (0x00C0006F) jal zero, 12


mem[X,0x80011464] -> 0x0CE3
mem[X,0x80011466] -> 0xFEB5
[1990] [M]: 0x80011464 (0xFEB50CE3) beq a0, a1, 8184


mem[X,0x80011468] -> 0x0113
mem[X,0x8001146A] -> 0x0021
[1991] [M]: 0x80011468 (0x00210113) addi sp, sp, 2
x2 <- 0x00000002


mem[X,0x8001146C] -> 0x006F
mem[X,0x8001146E] -> 0x00C0
[1992] [M]: 0x8001146C (0x00C0006F) jal zero, 12


mem[X,0x80011478] -> 0xAC23
mem[X,0x8001147A] -> 0x2E20
[1993] [M]: 0x80011478 (0x2E20AC23) sw sp, 760(ra)
mem[0x80039560] <- 0x00000002


mem[X,0x8001147C] -> 0x6537
mem[X,0x8001147E] -> 0x6666
[1994] [M]: 0x8001147C (0x66666537) lui a0, 419430
x10 <- 0x66666000


mem[X,0x80011480] -> 0x0513
mem[X,0x80011482] -> 0x6665
[1995] [M]: 0x80011480 (0x66650513) addi a0, a0, 1638
x10 <- 0x66666666


mem[X,0x80011484] -> 0x0593
mem[X,0x80011486] -> 0x0050
[1996] [M]: 0x80011484 (0x00500593) addi a1, zero, 5
x11 <- 0x00000005


mem[X,0x80011488] -> 0x0113
mem[X,0x8001148A] -> 0x0000
[1997] [M]: 0x80011488 (0x00000113) addi sp, zero, 0
x2 <- 0x00000000


mem[X,0x8001148C] -> 0x006F
mem[X,0x8001148E] -> 0x0050
[1998] [M]: 0x8001148C (0x0050006F) jal zero, 2052


mem[X,0x80011C90] -> 0x00E3
mem[X,0x80011C92] -> 0x80B5
[1999] [M]: 0x80011C90 (0x80B500E3) beq a0, a1, 6144


clint::tick mtime <- 0x0000000000000014
 clint timer pending at mtime 0x0000000000000014
htif::tick 0x0000000000000000
mem[X,0x80011C94] -> 0x0113
mem[X,0x80011C96] -> 0x0021
[2000] [M]: 0x80011C94 (0x00210113) addi sp, sp, 2
x2 <- 0x00000002


mem[X,0x80011C98] -> 0x006F
mem[X,0x80011C9A] -> 0x00C0
[2001] [M]: 0x80011C98 (0x00C0006F) jal zero, 12


mem[X,0x80011CA4] -> 0xAE23
mem[X,0x80011CA6] -> 0x2E20
[2002] [M]: 0x80011CA4 (0x2E20AE23) sw sp, 764(ra)
mem[0x80039564] <- 0x00000002


mem[X,0x80011CA8] -> 0x6537
mem[X,0x80011CAA] -> 0x6666
[2003] [M]: 0x80011CA8 (0x66666537) lui a0, 419430
x10 <- 0x66666000


mem[X,0x80011CAC] -> 0x0513
mem[X,0x80011CAE] -> 0x6665
[2004] [M]: 0x80011CAC (0x66650513) addi a0, a0, 1638
x10 <- 0x66666666


mem[X,0x80011CB0] -> 0x35B7
mem[X,0x80011CB2] -> 0x3333
[2005] [M]: 0x80011CB0 (0x333335B7) lui a1, 209715
x11 <- 0x33333000


mem[X,0x80011CB4] -> 0x8593
mem[X,0x80011CB6] -> 0x3335
[2006] [M]: 0x80011CB4 (0x33358593) addi a1, a1, 819
x11 <- 0x33333333


mem[X,0x80011CB8] -> 0x0113
mem[X,0x80011CBA] -> 0x0000
[2007] [M]: 0x80011CB8 (0x00000113) addi sp, zero, 0
x2 <- 0x00000000


mem[X,0x80011CBC] -> 0x006F
mem[X,0x80011CBE] -> 0x00C0
[2008] [M]: 0x80011CBC (0x00C0006F) jal zero, 12


mem[X,0x80011CC8] -> 0x0663
mem[X,0x80011CCA] -> 0x00B5
[2009] [M]: 0x80011CC8 (0x00B50663) beq a0, a1, 12


mem[X,0x80011CCC] -> 0x0113
mem[X,0x80011CCE] -> 0x0021
[2010] [M]: 0x80011CCC (0x00210113) addi sp, sp, 2
x2 <- 0x00000002


mem[X,0x80011CD0] -> 0x006F
mem[X,0x80011CD2] -> 0x00C0
[2011] [M]: 0x80011CD0 (0x00C0006F) jal zero, 12


mem[X,0x80011CDC] -> 0xA023
mem[X,0x80011CDE] -> 0x3020
[2012] [M]: 0x80011CDC (0x3020A023) sw sp, 768(ra)
mem[0x80039568] <- 0x00000002


mem[X,0x80011CE0] -> 0x6537
mem[X,0x80011CE2] -> 0x6666
[2013] [M]: 0x80011CE0 (0x66666537) lui a0, 419430
x10 <- 0x66666000


mem[X,0x80011CE4] -> 0x0513
mem[X,0x80011CE6] -> 0x6665
[2014] [M]: 0x80011CE4 (0x66650513) addi a0, a0, 1638
x10 <- 0x66666666


mem[X,0x80011CE8] -> 0x65B7
mem[X,0x80011CEA] -> 0x6666
[2015] [M]: 0x80011CE8 (0x666665B7) lui a1, 419430
x11 <- 0x66666000


mem[X,0x80011CEC] -> 0x8593
mem[X,0x80011CEE] -> 0x6665
[2016] [M]: 0x80011CEC (0x66658593) addi a1, a1, 1638
x11 <- 0x66666666


mem[X,0x80011CF0] -> 0x0113
mem[X,0x80011CF2] -> 0x0000
[2017] [M]: 0x80011CF0 (0x00000113) addi sp, zero, 0
x2 <- 0x00000000


mem[X,0x80011CF4] -> 0x006F
mem[X,0x80011CF6] -> 0x0180
[2018] [M]: 0x80011CF4 (0x0180006F) jal zero, 24


mem[X,0x80011D0C] -> 0x06E3
mem[X,0x80011D0E] -> 0xFEB5
[2019] [M]: 0x80011D0C (0xFEB506E3) beq a0, a1, 8172


mem[X,0x80011CF8] -> 0x0113
mem[X,0x80011CFA] -> 0x0011
[2020] [M]: 0x80011CF8 (0x00110113) addi sp, sp, 1
x2 <- 0x00000001


mem[X,0x80011CFC] -> 0x006F
mem[X,0x80011CFE] -> 0x0240
[2021] [M]: 0x80011CFC (0x0240006F) jal zero, 36


mem[X,0x80011D20] -> 0xA223
mem[X,0x80011D22] -> 0x3020
[2022] [M]: 0x80011D20 (0x3020A223) sw sp, 772(ra)
mem[0x8003956C] <- 0x00000001


mem[X,0x80011D24] -> 0x6537
mem[X,0x80011D26] -> 0x6666
[2023] [M]: 0x80011D24 (0x66666537) lui a0, 419430
x10 <- 0x66666000


mem[X,0x80011D28] -> 0x0513
mem[X,0x80011D2A] -> 0x6665
[2024] [M]: 0x80011D28 (0x66650513) addi a0, a0, 1638
x10 <- 0x66666666


mem[X,0x80011D2C] -> 0x55B7
mem[X,0x80011D2E] -> 0xFFFF
[2025] [M]: 0x80011D2C (0xFFFF55B7) lui a1, 1048565
x11 <- 0xFFFF5000


mem[X,0x80011D30] -> 0x8593
mem[X,0x80011D32] -> 0xAFC5
[2026] [M]: 0x80011D30 (0xAFC58593) addi a1, a1, 2812
x11 <- 0xFFFF4AFC


mem[X,0x80011D34] -> 0x0113
mem[X,0x80011D36] -> 0x0000
[2027] [M]: 0x80011D34 (0x00000113) addi sp, zero, 0
x2 <- 0x00000000


mem[X,0x80011D38] -> 0x006F
mem[X,0x80011D3A] -> 0x00C0
[2028] [M]: 0x80011D38 (0x00C0006F) jal zero, 12


mem[X,0x80011D44] -> 0x0663
mem[X,0x80011D46] -> 0x00B5
[2029] [M]: 0x80011D44 (0x00B50663) beq a0, a1, 12


mem[X,0x80011D48] -> 0x0113
mem[X,0x80011D4A] -> 0x0021
[2030] [M]: 0x80011D48 (0x00210113) addi sp, sp, 2
x2 <- 0x00000002


mem[X,0x80011D4C] -> 0x006F
mem[X,0x80011D4E] -> 0x00C0
[2031] [M]: 0x80011D4C (0x00C0006F) jal zero, 12


mem[X,0x80011D58] -> 0xA423
mem[X,0x80011D5A] -> 0x3020
[2032] [M]: 0x80011D58 (0x3020A423) sw sp, 776(ra)
mem[0x80039570] <- 0x00000002


mem[X,0x80011D5C] -> 0x6537
mem[X,0x80011D5E] -> 0x6666
[2033] [M]: 0x80011D5C (0x66666537) lui a0, 419430
x10 <- 0x66666000


mem[X,0x80011D60] -> 0x0513
mem[X,0x80011D62] -> 0x6665
[2034] [M]: 0x80011D60 (0x66650513) addi a0, a0, 1638
x10 <- 0x66666666


mem[X,0x80011D64] -> 0xB5B7
mem[X,0x80011D66] -> 0x0000
[2035] [M]: 0x80011D64 (0x0000B5B7) lui a1, 11
x11 <- 0x0000B000


mem[X,0x80011D68] -> 0x8593
mem[X,0x80011D6A] -> 0x5045
[2036] [M]: 0x80011D68 (0x50458593) addi a1, a1, 1284
x11 <- 0x0000B504


mem[X,0x80011D6C] -> 0x0113
mem[X,0x80011D6E] -> 0x0000
[2037] [M]: 0x80011D6C (0x00000113) addi sp, zero, 0
x2 <- 0x00000000


mem[X,0x80011D70] -> 0x006F
mem[X,0x80011D72] -> 0x00C0
[2038] [M]: 0x80011D70 (0x00C0006F) jal zero, 12


mem[X,0x80011D7C] -> 0x0CE3
mem[X,0x80011D7E] -> 0xFEB5
[2039] [M]: 0x80011D7C (0xFEB50CE3) beq a0, a1, 8184


mem[X,0x80011D80] -> 0x0113
mem[X,0x80011D82] -> 0x0021
[2040] [M]: 0x80011D80 (0x00210113) addi sp, sp, 2
x2 <- 0x00000002


mem[X,0x80011D84] -> 0x006F
mem[X,0x80011D86] -> 0x00C0
[2041] [M]: 0x80011D84 (0x00C0006F) jal zero, 12


mem[X,0x80011D90] -> 0xA623
mem[X,0x80011D92] -> 0x3020
[2042] [M]: 0x80011D90 (0x3020A623) sw sp, 780(ra)
mem[0x80039574] <- 0x00000002


mem[X,0x80011D94] -> 0x6537
mem[X,0x80011D96] -> 0x6666
[2043] [M]: 0x80011D94 (0x66666537) lui a0, 419430
x10 <- 0x66666000


mem[X,0x80011D98] -> 0x0513
mem[X,0x80011D9A] -> 0x6665
[2044] [M]: 0x80011D98 (0x66650513) addi a0, a0, 1638
x10 <- 0x66666666


mem[X,0x80011D9C] -> 0x0593
mem[X,0x80011D9E] -> 0x0020
[2045] [M]: 0x80011D9C (0x00200593) addi a1, zero, 2
x11 <- 0x00000002


mem[X,0x80011DA0] -> 0x0113
mem[X,0x80011DA2] -> 0x0000
[2046] [M]: 0x80011DA0 (0x00000113) addi sp, zero, 0
x2 <- 0x00000000


mem[X,0x80011DA4] -> 0x006F
mem[X,0x80011DA6] -> 0x0100
[2047] [M]: 0x80011DA4 (0x0100006F) jal zero, 16


mem[X,0x80011DB4] -> 0x0AE3
mem[X,0x80011DB6] -> 0xFEB5
[2048] [M]: 0x80011DB4 (0xFEB50AE3) beq a0, a1, 8180


mem[X,0x80011DB8] -> 0x0113
mem[X,0x80011DBA] -> 0x0021
[2049] [M]: 0x80011DB8 (0x00210113) addi sp, sp, 2
x2 <- 0x00000002


mem[X,0x80011DBC] -> 0x006F
mem[X,0x80011DBE] -> 0x00C0
[2050] [M]: 0x80011DBC (0x00C0006F) jal zero, 12


mem[X,0x80011DC8] -> 0xA823
mem[X,0x80011DCA] -> 0x3020
[2051] [M]: 0x80011DC8 (0x3020A823) sw sp, 784(ra)
mem[0x80039578] <- 0x00000002


mem[X,0x80011DCC] -> 0x6537
mem[X,0x80011DCE] -> 0x6666
[2052] [M]: 0x80011DCC (0x66666537) lui a0, 419430
x10 <- 0x66666000


mem[X,0x80011DD0] -> 0x0513
mem[X,0x80011DD2] -> 0x6665
[2053] [M]: 0x80011DD0 (0x66650513) addi a0, a0, 1638
x10 <- 0x66666666


mem[X,0x80011DD4] -> 0x55B7
mem[X,0x80011DD6] -> 0x5555
[2054] [M]: 0x80011DD4 (0x555555B7) lui a1, 349525
x11 <- 0x55555000


mem[X,0x80011DD8] -> 0x8593
mem[X,0x80011DDA] -> 0x5545
[2055] [M]: 0x80011DD8 (0x55458593) addi a1, a1, 1364
x11 <- 0x55555554


mem[X,0x80011DDC] -> 0x0113
mem[X,0x80011DDE] -> 0x0000
[2056] [M]: 0x80011DDC (0x00000113) addi sp, zero, 0
x2 <- 0x00000000


mem[X,0x80011DE0] -> 0x006F
mem[X,0x80011DE2] -> 0x00C0
[2057] [M]: 0x80011DE0 (0x00C0006F) jal zero, 12


mem[X,0x80011DEC] -> 0x0CE3
mem[X,0x80011DEE] -> 0xFEB5
[2058] [M]: 0x80011DEC (0xFEB50CE3) beq a0, a1, 8184


mem[X,0x80011DF0] -> 0x0113
mem[X,0x80011DF2] -> 0x0021
[2059] [M]: 0x80011DF0 (0x00210113) addi sp, sp, 2
x2 <- 0x00000002


mem[X,0x80011DF4] -> 0x006F
mem[X,0x80011DF6] -> 0x00C0
[2060] [M]: 0x80011DF4 (0x00C0006F) jal zero, 12


mem[X,0x80011E00] -> 0xAA23
mem[X,0x80011E02] -> 0x3020
[2061] [M]: 0x80011E00 (0x3020AA23) sw sp, 788(ra)
mem[0x8003957C] <- 0x00000002


mem[X,0x80011E04] -> 0x6537
mem[X,0x80011E06] -> 0x6666
[2062] [M]: 0x80011E04 (0x66666537) lui a0, 419430
x10 <- 0x66666000


mem[X,0x80011E08] -> 0x0513
mem[X,0x80011E0A] -> 0x6665
[2063] [M]: 0x80011E08 (0x66650513) addi a0, a0, 1638
x10 <- 0x66666666


mem[X,0x80011E0C] -> 0x0593
mem[X,0x80011E0E] -> 0x0000
[2064] [M]: 0x80011E0C (0x00000593) addi a1, zero, 0
x11 <- 0x00000000


mem[X,0x80011E10] -> 0x0113
mem[X,0x80011E12] -> 0x0000
[2065] [M]: 0x80011E10 (0x00000113) addi sp, zero, 0
x2 <- 0x00000000


mem[X,0x80011E14] -> 0x006F
mem[X,0x80011E16] -> 0x00C0
[2066] [M]: 0x80011E14 (0x00C0006F) jal zero, 12


mem[X,0x80011E20] -> 0x0663
mem[X,0x80011E22] -> 0x00B5
[2067] [M]: 0x80011E20 (0x00B50663) beq a0, a1, 12


mem[X,0x80011E24] -> 0x0113
mem[X,0x80011E26] -> 0x0021
[2068] [M]: 0x80011E24 (0x00210113) addi sp, sp, 2
x2 <- 0x00000002


mem[X,0x80011E28] -> 0x006F
mem[X,0x80011E2A] -> 0x00C0
[2069] [M]: 0x80011E28 (0x00C0006F) jal zero, 12


mem[X,0x80011E34] -> 0xAC23
mem[X,0x80011E36] -> 0x3020
[2070] [M]: 0x80011E34 (0x3020AC23) sw sp, 792(ra)
mem[0x80039580] <- 0x00000002


mem[X,0x80011E38] -> 0x6537
mem[X,0x80011E3A] -> 0x6666
[2071] [M]: 0x80011E38 (0x66666537) lui a0, 419430
x10 <- 0x66666000


mem[X,0x80011E3C] -> 0x0513
mem[X,0x80011E3E] -> 0x6665
[2072] [M]: 0x80011E3C (0x66650513) addi a0, a0, 1638
x10 <- 0x66666666


mem[X,0x80011E40] -> 0x0593
mem[X,0x80011E42] -> 0x0040
[2073] [M]: 0x80011E40 (0x00400593) addi a1, zero, 4
x11 <- 0x00000004


mem[X,0x80011E44] -> 0x0113
mem[X,0x80011E46] -> 0x0000
[2074] [M]: 0x80011E44 (0x00000113) addi sp, zero, 0
x2 <- 0x00000000


mem[X,0x80011E48] -> 0x006F
mem[X,0x80011E4A] -> 0x00C0
[2075] [M]: 0x80011E48 (0x00C0006F) jal zero, 12


mem[X,0x80011E54] -> 0x0063
mem[X,0x80011E56] -> 0x02B5
[2076] [M]: 0x80011E54 (0x02B50063) beq a0, a1, 32


mem[X,0x80011E58] -> 0x0113
mem[X,0x80011E5A] -> 0x0021
[2077] [M]: 0x80011E58 (0x00210113) addi sp, sp, 2
x2 <- 0x00000002


mem[X,0x80011E5C] -> 0x006F
mem[X,0x80011E5E] -> 0x0200
[2078] [M]: 0x80011E5C (0x0200006F) jal zero, 32


mem[X,0x80011E7C] -> 0xAE23
mem[X,0x80011E7E] -> 0x3020
[2079] [M]: 0x80011E7C (0x3020AE23) sw sp, 796(ra)
mem[0x80039584] <- 0x00000002


mem[X,0x80011E80] -> 0x6537
mem[X,0x80011E82] -> 0x6666
[2080] [M]: 0x80011E80 (0x66666537) lui a0, 419430
x10 <- 0x66666000


mem[X,0x80011E84] -> 0x0513
mem[X,0x80011E86] -> 0x6665
[2081] [M]: 0x80011E84 (0x66650513) addi a0, a0, 1638
x10 <- 0x66666666


mem[X,0x80011E88] -> 0x35B7
mem[X,0x80011E8A] -> 0x3333
[2082] [M]: 0x80011E88 (0x333335B7) lui a1, 209715
x11 <- 0x33333000


mem[X,0x80011E8C] -> 0x8593
mem[X,0x80011E8E] -> 0x3325
[2083] [M]: 0x80011E8C (0x33258593) addi a1, a1, 818
x11 <- 0x33333332


mem[X,0x80011E90] -> 0x0113
mem[X,0x80011E92] -> 0x0000
[2084] [M]: 0x80011E90 (0x00000113) addi sp, zero, 0
x2 <- 0x00000000


mem[X,0x80011E94] -> 0x006F
mem[X,0x80011E96] -> 0x00C0
[2085] [M]: 0x80011E94 (0x00C0006F) jal zero, 12


mem[X,0x80011EA0] -> 0x0063
mem[X,0x80011EA2] -> 0x20B5
[2086] [M]: 0x80011EA0 (0x20B50063) beq a0, a1, 512


mem[X,0x80011EA4] -> 0x0113
mem[X,0x80011EA6] -> 0x0021
[2087] [M]: 0x80011EA4 (0x00210113) addi sp, sp, 2
x2 <- 0x00000002


mem[X,0x80011EA8] -> 0x006F
mem[X,0x80011EAA] -> 0x2000
[2088] [M]: 0x80011EA8 (0x2000006F) jal zero, 512


mem[X,0x800120A8] -> 0xA023
mem[X,0x800120AA] -> 0x3220
[2089] [M]: 0x800120A8 (0x3220A023) sw sp, 800(ra)
mem[0x80039588] <- 0x00000002


mem[X,0x800120AC] -> 0x6537
mem[X,0x800120AE] -> 0x6666
[2090] [M]: 0x800120AC (0x66666537) lui a0, 419430
x10 <- 0x66666000


mem[X,0x800120B0] -> 0x0513
mem[X,0x800120B2] -> 0x6665
[2091] [M]: 0x800120B0 (0x66650513) addi a0, a0, 1638
x10 <- 0x66666666


mem[X,0x800120B4] -> 0x65B7
mem[X,0x800120B6] -> 0x6666
[2092] [M]: 0x800120B4 (0x666665B7) lui a1, 419430
x11 <- 0x66666000


mem[X,0x800120B8] -> 0x8593
mem[X,0x800120BA] -> 0x6655
[2093] [M]: 0x800120B8 (0x66558593) addi a1, a1, 1637
x11 <- 0x66666665


mem[X,0x800120BC] -> 0x0113
mem[X,0x800120BE] -> 0x0000
[2094] [M]: 0x800120BC (0x00000113) addi sp, zero, 0
x2 <- 0x00000000


mem[X,0x800120C0] -> 0x006F
mem[X,0x800120C2] -> 0x00C0
[2095] [M]: 0x800120C0 (0x00C0006F) jal zero, 12


mem[X,0x800120CC] -> 0x0663
mem[X,0x800120CE] -> 0x00B5
[2096] [M]: 0x800120CC (0x00B50663) beq a0, a1, 12


mem[X,0x800120D0] -> 0x0113
mem[X,0x800120D2] -> 0x0021
[2097] [M]: 0x800120D0 (0x00210113) addi sp, sp, 2
x2 <- 0x00000002


mem[X,0x800120D4] -> 0x006F
mem[X,0x800120D6] -> 0x00C0
[2098] [M]: 0x800120D4 (0x00C0006F) jal zero, 12


mem[X,0x800120E0] -> 0xA223
mem[X,0x800120E2] -> 0x3220
[2099] [M]: 0x800120E0 (0x3220A223) sw sp, 804(ra)
mem[0x8003958C] <- 0x00000002


clint::tick mtime <- 0x0000000000000015
 clint timer pending at mtime 0x0000000000000015
htif::tick 0x0000000000000000
mem[X,0x800120E4] -> 0x6537
mem[X,0x800120E6] -> 0x6666
[2100] [M]: 0x800120E4 (0x66666537) lui a0, 419430
x10 <- 0x66666000


mem[X,0x800120E8] -> 0x0513
mem[X,0x800120EA] -> 0x6665
[2101] [M]: 0x800120E8 (0x66650513) addi a0, a0, 1638
x10 <- 0x66666666


mem[X,0x800120EC] -> 0xB5B7
mem[X,0x800120EE] -> 0x0000
[2102] [M]: 0x800120EC (0x0000B5B7) lui a1, 11
x11 <- 0x0000B000


mem[X,0x800120F0] -> 0x8593
mem[X,0x800120F2] -> 0x5035
[2103] [M]: 0x800120F0 (0x50358593) addi a1, a1, 1283
x11 <- 0x0000B503


mem[X,0x800120F4] -> 0x0113
mem[X,0x800120F6] -> 0x0000
[2104] [M]: 0x800120F4 (0x00000113) addi sp, zero, 0
x2 <- 0x00000000


mem[X,0x800120F8] -> 0x006F
mem[X,0x800120FA] -> 0x00C0
[2105] [M]: 0x800120F8 (0x00C0006F) jal zero, 12


mem[X,0x80012104] -> 0x0663
mem[X,0x80012106] -> 0x00B5
[2106] [M]: 0x80012104 (0x00B50663) beq a0, a1, 12


mem[X,0x80012108] -> 0x0113
mem[X,0x8001210A] -> 0x0021
[2107] [M]: 0x80012108 (0x00210113) addi sp, sp, 2
x2 <- 0x00000002


mem[X,0x8001210C] -> 0x006F
mem[X,0x8001210E] -> 0x00C0
[2108] [M]: 0x8001210C (0x00C0006F) jal zero, 12


mem[X,0x80012118] -> 0xA423
mem[X,0x8001211A] -> 0x3220
[2109] [M]: 0x80012118 (0x3220A423) sw sp, 808(ra)
mem[0x80039590] <- 0x00000002


mem[X,0x8001211C] -> 0x6537
mem[X,0x8001211E] -> 0x6666
[2110] [M]: 0x8001211C (0x66666537) lui a0, 419430
x10 <- 0x66666000


mem[X,0x80012120] -> 0x0513
mem[X,0x80012122] -> 0x6665
[2111] [M]: 0x80012120 (0x66650513) addi a0, a0, 1638
x10 <- 0x66666666


mem[X,0x80012124] -> 0x55B7
mem[X,0x80012126] -> 0x5555
[2112] [M]: 0x80012124 (0x555555B7) lui a1, 349525
x11 <- 0x55555000


mem[X,0x80012128] -> 0x8593
mem[X,0x8001212A] -> 0x5565
[2113] [M]: 0x80012128 (0x55658593) addi a1, a1, 1366
x11 <- 0x55555556


mem[X,0x8001212C] -> 0x0113
mem[X,0x8001212E] -> 0x0000
[2114] [M]: 0x8001212C (0x00000113) addi sp, zero, 0
x2 <- 0x00000000


mem[X,0x80012130] -> 0x006F
mem[X,0x80012132] -> 0x2B10
[2115] [M]: 0x80012130 (0x2B10006F) jal zero, 2736


mem[X,0x80012BE0] -> 0x0A63
mem[X,0x80012BE2] -> 0xD4B5
[2116] [M]: 0x80012BE0 (0xD4B50A63) beq a0, a1, 5460


mem[X,0x80012BE4] -> 0x0113
mem[X,0x80012BE6] -> 0x0021
[2117] [M]: 0x80012BE4 (0x00210113) addi sp, sp, 2
x2 <- 0x00000002


mem[X,0x80012BE8] -> 0x006F
mem[X,0x80012BEA] -> 0x00C0
[2118] [M]: 0x80012BE8 (0x00C0006F) jal zero, 12


mem[X,0x80012BF4] -> 0xA623
mem[X,0x80012BF6] -> 0x3220
[2119] [M]: 0x80012BF4 (0x3220A623) sw sp, 812(ra)
mem[0x80039594] <- 0x00000002


mem[X,0x80012BF8] -> 0x6537
mem[X,0x80012BFA] -> 0x6666
[2120] [M]: 0x80012BF8 (0x66666537) lui a0, 419430
x10 <- 0x66666000


mem[X,0x80012BFC] -> 0x0513
mem[X,0x80012BFE] -> 0x6665
[2121] [M]: 0x80012BFC (0x66650513) addi a0, a0, 1638
x10 <- 0x66666666


mem[X,0x80012C00] -> 0xB5B7
mem[X,0x80012C02] -> 0xAAAA
[2122] [M]: 0x80012C00 (0xAAAAB5B7) lui a1, 699051
x11 <- 0xAAAAB000


mem[X,0x80012C04] -> 0x8593
mem[X,0x80012C06] -> 0xAAB5
[2123] [M]: 0x80012C04 (0xAAB58593) addi a1, a1, 2731
x11 <- 0xAAAAAAAB


mem[X,0x80012C08] -> 0x0113
mem[X,0x80012C0A] -> 0x0000
[2124] [M]: 0x80012C08 (0x00000113) addi sp, zero, 0
x2 <- 0x00000000


mem[X,0x80012C0C] -> 0x006F
mem[X,0x80012C0E] -> 0x00C0
[2125] [M]: 0x80012C0C (0x00C0006F) jal zero, 12


mem[X,0x80012C18] -> 0x0663
mem[X,0x80012C1A] -> 0x00B5
[2126] [M]: 0x80012C18 (0x00B50663) beq a0, a1, 12


mem[X,0x80012C1C] -> 0x0113
mem[X,0x80012C1E] -> 0x0021
[2127] [M]: 0x80012C1C (0x00210113) addi sp, sp, 2
x2 <- 0x00000002


mem[X,0x80012C20] -> 0x006F
mem[X,0x80012C22] -> 0x00C0
[2128] [M]: 0x80012C20 (0x00C0006F) jal zero, 12


mem[X,0x80012C2C] -> 0xA823
mem[X,0x80012C2E] -> 0x3220
[2129] [M]: 0x80012C2C (0x3220A823) sw sp, 816(ra)
mem[0x80039598] <- 0x00000002


mem[X,0x80012C30] -> 0x6537
mem[X,0x80012C32] -> 0x6666
[2130] [M]: 0x80012C30 (0x66666537) lui a0, 419430
x10 <- 0x66666000


mem[X,0x80012C34] -> 0x0513
mem[X,0x80012C36] -> 0x6665
[2131] [M]: 0x80012C34 (0x66650513) addi a0, a0, 1638
x10 <- 0x66666666


mem[X,0x80012C38] -> 0x0593
mem[X,0x80012C3A] -> 0x0060
[2132] [M]: 0x80012C38 (0x00600593) addi a1, zero, 6
x11 <- 0x00000006


mem[X,0x80012C3C] -> 0x0113
mem[X,0x80012C3E] -> 0x0000
[2133] [M]: 0x80012C3C (0x00000113) addi sp, zero, 0
x2 <- 0x00000000


mem[X,0x80012C40] -> 0x006F
mem[X,0x80012C42] -> 0x0140
[2134] [M]: 0x80012C40 (0x0140006F) jal zero, 20


mem[X,0x80012C54] -> 0x08E3
mem[X,0x80012C56] -> 0xFEB5
[2135] [M]: 0x80012C54 (0xFEB508E3) beq a0, a1, 8176


mem[X,0x80012C58] -> 0x0113
mem[X,0x80012C5A] -> 0x0021
[2136] [M]: 0x80012C58 (0x00210113) addi sp, sp, 2
x2 <- 0x00000002


mem[X,0x80012C5C] -> 0x006F
mem[X,0x80012C5E] -> 0x00C0
[2137] [M]: 0x80012C5C (0x00C0006F) jal zero, 12


mem[X,0x80012C68] -> 0xAA23
mem[X,0x80012C6A] -> 0x3220
[2138] [M]: 0x80012C68 (0x3220AA23) sw sp, 820(ra)
mem[0x8003959C] <- 0x00000002


mem[X,0x80012C6C] -> 0x6537
mem[X,0x80012C6E] -> 0x6666
[2139] [M]: 0x80012C6C (0x66666537) lui a0, 419430
x10 <- 0x66666000


mem[X,0x80012C70] -> 0x0513
mem[X,0x80012C72] -> 0x6665
[2140] [M]: 0x80012C70 (0x66650513) addi a0, a0, 1638
x10 <- 0x66666666


mem[X,0x80012C74] -> 0x35B7
mem[X,0x80012C76] -> 0x3333
[2141] [M]: 0x80012C74 (0x333335B7) lui a1, 209715
x11 <- 0x33333000


mem[X,0x80012C78] -> 0x8593
mem[X,0x80012C7A] -> 0x3345
[2142] [M]: 0x80012C78 (0x33458593) addi a1, a1, 820
x11 <- 0x33333334


mem[X,0x80012C7C] -> 0x0113
mem[X,0x80012C7E] -> 0x0000
[2143] [M]: 0x80012C7C (0x00000113) addi sp, zero, 0
x2 <- 0x00000000


mem[X,0x80012C80] -> 0x006F
mem[X,0x80012C82] -> 0x00C0
[2144] [M]: 0x80012C80 (0x00C0006F) jal zero, 12


mem[X,0x80012C8C] -> 0x0063
mem[X,0x80012C8E] -> 0x40B5
[2145] [M]: 0x80012C8C (0x40B50063) beq a0, a1, 1024


mem[X,0x80012C90] -> 0x0113
mem[X,0x80012C92] -> 0x0021
[2146] [M]: 0x80012C90 (0x00210113) addi sp, sp, 2
x2 <- 0x00000002


mem[X,0x80012C94] -> 0x006F
mem[X,0x80012C96] -> 0x4000
[2147] [M]: 0x80012C94 (0x4000006F) jal zero, 1024


mem[X,0x80013094] -> 0xAC23
mem[X,0x80013096] -> 0x3220
[2148] [M]: 0x80013094 (0x3220AC23) sw sp, 824(ra)
mem[0x800395A0] <- 0x00000002


mem[X,0x80013098] -> 0x6537
mem[X,0x8001309A] -> 0x6666
[2149] [M]: 0x80013098 (0x66666537) lui a0, 419430
x10 <- 0x66666000


mem[X,0x8001309C] -> 0x0513
mem[X,0x8001309E] -> 0x6665
[2150] [M]: 0x8001309C (0x66650513) addi a0, a0, 1638
x10 <- 0x66666666


mem[X,0x800130A0] -> 0x65B7
mem[X,0x800130A2] -> 0x6666
[2151] [M]: 0x800130A0 (0x666665B7) lui a1, 419430
x11 <- 0x66666000


mem[X,0x800130A4] -> 0x8593
mem[X,0x800130A6] -> 0x6675
[2152] [M]: 0x800130A4 (0x66758593) addi a1, a1, 1639
x11 <- 0x66666667


mem[X,0x800130A8] -> 0x0113
mem[X,0x800130AA] -> 0x0000
[2153] [M]: 0x800130A8 (0x00000113) addi sp, zero, 0
x2 <- 0x00000000


mem[X,0x800130AC] -> 0x006F
mem[X,0x800130AE] -> 0x00C0
[2154] [M]: 0x800130AC (0x00C0006F) jal zero, 12


mem[X,0x800130B8] -> 0x0063
mem[X,0x800130BA] -> 0x10B5
[2155] [M]: 0x800130B8 (0x10B50063) beq a0, a1, 256


mem[X,0x800130BC] -> 0x0113
mem[X,0x800130BE] -> 0x0021
[2156] [M]: 0x800130BC (0x00210113) addi sp, sp, 2
x2 <- 0x00000002


mem[X,0x800130C0] -> 0x006F
mem[X,0x800130C2] -> 0x1000
[2157] [M]: 0x800130C0 (0x1000006F) jal zero, 256


mem[X,0x800131C0] -> 0xAE23
mem[X,0x800131C2] -> 0x3220
[2158] [M]: 0x800131C0 (0x3220AE23) sw sp, 828(ra)
mem[0x800395A4] <- 0x00000002


mem[X,0x800131C4] -> 0x6537
mem[X,0x800131C6] -> 0x6666
[2159] [M]: 0x800131C4 (0x66666537) lui a0, 419430
x10 <- 0x66666000


mem[X,0x800131C8] -> 0x0513
mem[X,0x800131CA] -> 0x6665
[2160] [M]: 0x800131C8 (0x66650513) addi a0, a0, 1638
x10 <- 0x66666666


mem[X,0x800131CC] -> 0x55B7
mem[X,0x800131CE] -> 0xFFFF
[2161] [M]: 0x800131CC (0xFFFF55B7) lui a1, 1048565
x11 <- 0xFFFF5000


mem[X,0x800131D0] -> 0x8593
mem[X,0x800131D2] -> 0xAFD5
[2162] [M]: 0x800131D0 (0xAFD58593) addi a1, a1, 2813
x11 <- 0xFFFF4AFD


mem[X,0x800131D4] -> 0x0113
mem[X,0x800131D6] -> 0x0000
[2163] [M]: 0x800131D4 (0x00000113) addi sp, zero, 0
x2 <- 0x00000000


mem[X,0x800131D8] -> 0x006F
mem[X,0x800131DA] -> 0x00C0
[2164] [M]: 0x800131D8 (0x00C0006F) jal zero, 12


mem[X,0x800131E4] -> 0x0063
mem[X,0x800131E6] -> 0x02B5
[2165] [M]: 0x800131E4 (0x02B50063) beq a0, a1, 32


mem[X,0x800131E8] -> 0x0113
mem[X,0x800131EA] -> 0x0021
[2166] [M]: 0x800131E8 (0x00210113) addi sp, sp, 2
x2 <- 0x00000002


mem[X,0x800131EC] -> 0x006F
mem[X,0x800131EE] -> 0x0200
[2167] [M]: 0x800131EC (0x0200006F) jal zero, 32


mem[X,0x8001320C] -> 0xA023
mem[X,0x8001320E] -> 0x3420
[2168] [M]: 0x8001320C (0x3420A023) sw sp, 832(ra)
mem[0x800395A8] <- 0x00000002


mem[X,0x80013210] -> 0x6537
mem[X,0x80013212] -> 0x6666
[2169] [M]: 0x80013210 (0x66666537) lui a0, 419430
x10 <- 0x66666000


mem[X,0x80013214] -> 0x0513
mem[X,0x80013216] -> 0x6665
[2170] [M]: 0x80013214 (0x66650513) addi a0, a0, 1638
x10 <- 0x66666666


mem[X,0x80013218] -> 0xB5B7
mem[X,0x8001321A] -> 0x0000
[2171] [M]: 0x80013218 (0x0000B5B7) lui a1, 11
x11 <- 0x0000B000


mem[X,0x8001321C] -> 0x8593
mem[X,0x8001321E] -> 0x5055
[2172] [M]: 0x8001321C (0x50558593) addi a1, a1, 1285
x11 <- 0x0000B505


mem[X,0x80013220] -> 0x0113
mem[X,0x80013222] -> 0x0000
[2173] [M]: 0x80013220 (0x00000113) addi sp, zero, 0
x2 <- 0x00000000


mem[X,0x80013224] -> 0x006F
mem[X,0x80013226] -> 0x00C0
[2174] [M]: 0x80013224 (0x00C0006F) jal zero, 12


mem[X,0x80013230] -> 0x0063
mem[X,0x80013232] -> 0x40B5
[2175] [M]: 0x80013230 (0x40B50063) beq a0, a1, 1024


mem[X,0x80013234] -> 0x0113
mem[X,0x80013236] -> 0x0021
[2176] [M]: 0x80013234 (0x00210113) addi sp, sp, 2
x2 <- 0x00000002


mem[X,0x80013238] -> 0x006F
mem[X,0x8001323A] -> 0x4000
[2177] [M]: 0x80013238 (0x4000006F) jal zero, 1024


mem[X,0x80013638] -> 0xA223
mem[X,0x8001363A] -> 0x3420
[2178] [M]: 0x80013638 (0x3420A223) sw sp, 836(ra)
mem[0x800395AC] <- 0x00000002


mem[X,0x8001363C] -> 0x5537
mem[X,0x8001363E] -> 0xFFFF
[2179] [M]: 0x8001363C (0xFFFF5537) lui a0, 1048565
x10 <- 0xFFFF5000


mem[X,0x80013640] -> 0x0513
mem[X,0x80013642] -> 0xAFC5
[2180] [M]: 0x80013640 (0xAFC50513) addi a0, a0, 2812
x10 <- 0xFFFF4AFC


mem[X,0x80013644] -> 0x0593
mem[X,0x80013646] -> 0x0030
[2181] [M]: 0x80013644 (0x00300593) addi a1, zero, 3
x11 <- 0x00000003


mem[X,0x80013648] -> 0x0113
mem[X,0x8001364A] -> 0x0000
[2182] [M]: 0x80013648 (0x00000113) addi sp, zero, 0
x2 <- 0x00000000


mem[X,0x8001364C] -> 0x006F
mem[X,0x8001364E] -> 0x00C0
[2183] [M]: 0x8001364C (0x00C0006F) jal zero, 12


mem[X,0x80013658] -> 0x0663
mem[X,0x8001365A] -> 0x00B5
[2184] [M]: 0x80013658 (0x00B50663) beq a0, a1, 12


mem[X,0x8001365C] -> 0x0113
mem[X,0x8001365E] -> 0x0021
[2185] [M]: 0x8001365C (0x00210113) addi sp, sp, 2
x2 <- 0x00000002


mem[X,0x80013660] -> 0x006F
mem[X,0x80013662] -> 0x00C0
[2186] [M]: 0x80013660 (0x00C0006F) jal zero, 12


mem[X,0x8001366C] -> 0xA423
mem[X,0x8001366E] -> 0x3420
[2187] [M]: 0x8001366C (0x3420A423) sw sp, 840(ra)
mem[0x800395B0] <- 0x00000002


mem[X,0x80013670] -> 0x5537
mem[X,0x80013672] -> 0xFFFF
[2188] [M]: 0x80013670 (0xFFFF5537) lui a0, 1048565
x10 <- 0xFFFF5000


mem[X,0x80013674] -> 0x0513
mem[X,0x80013676] -> 0xAFC5
[2189] [M]: 0x80013674 (0xAFC50513) addi a0, a0, 2812
x10 <- 0xFFFF4AFC


mem[X,0x80013678] -> 0x55B7
mem[X,0x8001367A] -> 0x5555
[2190] [M]: 0x80013678 (0x555555B7) lui a1, 349525
x11 <- 0x55555000


mem[X,0x8001367C] -> 0x8593
mem[X,0x8001367E] -> 0x5555
[2191] [M]: 0x8001367C (0x55558593) addi a1, a1, 1365
x11 <- 0x55555555


mem[X,0x80013680] -> 0x0113
mem[X,0x80013682] -> 0x0000
[2192] [M]: 0x80013680 (0x00000113) addi sp, zero, 0
x2 <- 0x00000000


mem[X,0x80013684] -> 0x006F
mem[X,0x80013686] -> 0x2B10
[2193] [M]: 0x80013684 (0x2B10006F) jal zero, 2736


mem[X,0x80014134] -> 0x0A63
mem[X,0x80014136] -> 0xD4B5
[2194] [M]: 0x80014134 (0xD4B50A63) beq a0, a1, 5460


mem[X,0x80014138] -> 0x0113
mem[X,0x8001413A] -> 0x0021
[2195] [M]: 0x80014138 (0x00210113) addi sp, sp, 2
x2 <- 0x00000002


mem[X,0x8001413C] -> 0x006F
mem[X,0x8001413E] -> 0x00C0
[2196] [M]: 0x8001413C (0x00C0006F) jal zero, 12


mem[X,0x80014148] -> 0xA623
mem[X,0x8001414A] -> 0x3420
[2197] [M]: 0x80014148 (0x3420A623) sw sp, 844(ra)
mem[0x800395B4] <- 0x00000002


mem[X,0x8001414C] -> 0x5537
mem[X,0x8001414E] -> 0xFFFF
[2198] [M]: 0x8001414C (0xFFFF5537) lui a0, 1048565
x10 <- 0xFFFF5000


mem[X,0x80014150] -> 0x0513
mem[X,0x80014152] -> 0xAFC5
[2199] [M]: 0x80014150 (0xAFC50513) addi a0, a0, 2812
x10 <- 0xFFFF4AFC


clint::tick mtime <- 0x0000000000000016
 clint timer pending at mtime 0x0000000000000016
htif::tick 0x0000000000000000
mem[X,0x80014154] -> 0xB5B7
mem[X,0x80014156] -> 0xAAAA
[2200] [M]: 0x80014154 (0xAAAAB5B7) lui a1, 699051
x11 <- 0xAAAAB000


mem[X,0x80014158] -> 0x8593
mem[X,0x8001415A] -> 0xAAA5
[2201] [M]: 0x80014158 (0xAAA58593) addi a1, a1, 2730
x11 <- 0xAAAAAAAA


mem[X,0x8001415C] -> 0x0113
mem[X,0x8001415E] -> 0x0000
[2202] [M]: 0x8001415C (0x00000113) addi sp, zero, 0
x2 <- 0x00000000


mem[X,0x80014160] -> 0x006F
mem[X,0x80014162] -> 0x00C0
[2203] [M]: 0x80014160 (0x00C0006F) jal zero, 12


mem[X,0x8001416C] -> 0x0063
mem[X,0x8001416E] -> 0x20B5
[2204] [M]: 0x8001416C (0x20B50063) beq a0, a1, 512


mem[X,0x80014170] -> 0x0113
mem[X,0x80014172] -> 0x0021
[2205] [M]: 0x80014170 (0x00210113) addi sp, sp, 2
x2 <- 0x00000002


mem[X,0x80014174] -> 0x006F
mem[X,0x80014176] -> 0x2000
[2206] [M]: 0x80014174 (0x2000006F) jal zero, 512


mem[X,0x80014374] -> 0xA823
mem[X,0x80014376] -> 0x3420
[2207] [M]: 0x80014374 (0x3420A823) sw sp, 848(ra)
mem[0x800395B8] <- 0x00000002


mem[X,0x80014378] -> 0x5537
mem[X,0x8001437A] -> 0xFFFF
[2208] [M]: 0x80014378 (0xFFFF5537) lui a0, 1048565
x10 <- 0xFFFF5000


mem[X,0x8001437C] -> 0x0513
mem[X,0x8001437E] -> 0xAFC5
[2209] [M]: 0x8001437C (0xAFC50513) addi a0, a0, 2812
x10 <- 0xFFFF4AFC


mem[X,0x80014380] -> 0x0593
mem[X,0x80014382] -> 0x0050
[2210] [M]: 0x80014380 (0x00500593) addi a1, zero, 5
x11 <- 0x00000005


mem[X,0x80014384] -> 0x0113
mem[X,0x80014386] -> 0x0000
[2211] [M]: 0x80014384 (0x00000113) addi sp, zero, 0
x2 <- 0x00000000


mem[X,0x80014388] -> 0x006F
mem[X,0x8001438A] -> 0x0100
[2212] [M]: 0x80014388 (0x0100006F) jal zero, 16


mem[X,0x80014398] -> 0x0AE3
mem[X,0x8001439A] -> 0xFEB5
[2213] [M]: 0x80014398 (0xFEB50AE3) beq a0, a1, 8180


mem[X,0x8001439C] -> 0x0113
mem[X,0x8001439E] -> 0x0021
[2214] [M]: 0x8001439C (0x00210113) addi sp, sp, 2
x2 <- 0x00000002


mem[X,0x800143A0] -> 0x006F
mem[X,0x800143A2] -> 0x00C0
[2215] [M]: 0x800143A0 (0x00C0006F) jal zero, 12


mem[X,0x800143AC] -> 0xAA23
mem[X,0x800143AE] -> 0x3420
[2216] [M]: 0x800143AC (0x3420AA23) sw sp, 852(ra)
mem[0x800395BC] <- 0x00000002


mem[X,0x800143B0] -> 0x5537
mem[X,0x800143B2] -> 0xFFFF
[2217] [M]: 0x800143B0 (0xFFFF5537) lui a0, 1048565
x10 <- 0xFFFF5000


mem[X,0x800143B4] -> 0x0513
mem[X,0x800143B6] -> 0xAFC5
[2218] [M]: 0x800143B4 (0xAFC50513) addi a0, a0, 2812
x10 <- 0xFFFF4AFC


mem[X,0x800143B8] -> 0x35B7
mem[X,0x800143BA] -> 0x3333
[2219] [M]: 0x800143B8 (0x333335B7) lui a1, 209715
x11 <- 0x33333000


mem[X,0x800143BC] -> 0x8593
mem[X,0x800143BE] -> 0x3335
[2220] [M]: 0x800143BC (0x33358593) addi a1, a1, 819
x11 <- 0x33333333


mem[X,0x800143C0] -> 0x0113
mem[X,0x800143C2] -> 0x0000
[2221] [M]: 0x800143C0 (0x00000113) addi sp, zero, 0
x2 <- 0x00000000


mem[X,0x800143C4] -> 0x006F
mem[X,0x800143C6] -> 0x0180
[2222] [M]: 0x800143C4 (0x0180006F) jal zero, 24


mem[X,0x800143DC] -> 0x06E3
mem[X,0x800143DE] -> 0xFEB5
[2223] [M]: 0x800143DC (0xFEB506E3) beq a0, a1, 8172


mem[X,0x800143E0] -> 0x0113
mem[X,0x800143E2] -> 0x0021
[2224] [M]: 0x800143E0 (0x00210113) addi sp, sp, 2
x2 <- 0x00000002


mem[X,0x800143E4] -> 0x006F
mem[X,0x800143E6] -> 0x00C0
[2225] [M]: 0x800143E4 (0x00C0006F) jal zero, 12


mem[X,0x800143F0] -> 0xAC23
mem[X,0x800143F2] -> 0x3420
[2226] [M]: 0x800143F0 (0x3420AC23) sw sp, 856(ra)
mem[0x800395C0] <- 0x00000002


mem[X,0x800143F4] -> 0x5537
mem[X,0x800143F6] -> 0xFFFF
[2227] [M]: 0x800143F4 (0xFFFF5537) lui a0, 1048565
x10 <- 0xFFFF5000


mem[X,0x800143F8] -> 0x0513
mem[X,0x800143FA] -> 0xAFC5
[2228] [M]: 0x800143F8 (0xAFC50513) addi a0, a0, 2812
x10 <- 0xFFFF4AFC


mem[X,0x800143FC] -> 0x65B7
mem[X,0x800143FE] -> 0x6666
[2229] [M]: 0x800143FC (0x666665B7) lui a1, 419430
x11 <- 0x66666000


mem[X,0x80014400] -> 0x8593
mem[X,0x80014402] -> 0x6665
[2230] [M]: 0x80014400 (0x66658593) addi a1, a1, 1638
x11 <- 0x66666666


mem[X,0x80014404] -> 0x0113
mem[X,0x80014406] -> 0x0000
[2231] [M]: 0x80014404 (0x00000113) addi sp, zero, 0
x2 <- 0x00000000


mem[X,0x80014408] -> 0x006F
mem[X,0x8001440A] -> 0x00C0
[2232] [M]: 0x80014408 (0x00C0006F) jal zero, 12


mem[X,0x80014414] -> 0x0663
mem[X,0x80014416] -> 0x00B5
[2233] [M]: 0x80014414 (0x00B50663) beq a0, a1, 12


mem[X,0x80014418] -> 0x0113
mem[X,0x8001441A] -> 0x0021
[2234] [M]: 0x80014418 (0x00210113) addi sp, sp, 2
x2 <- 0x00000002


mem[X,0x8001441C] -> 0x006F
mem[X,0x8001441E] -> 0x00C0
[2235] [M]: 0x8001441C (0x00C0006F) jal zero, 12


mem[X,0x80014428] -> 0xAE23
mem[X,0x8001442A] -> 0x3420
[2236] [M]: 0x80014428 (0x3420AE23) sw sp, 860(ra)
mem[0x800395C4] <- 0x00000002


mem[X,0x8001442C] -> 0x5537
mem[X,0x8001442E] -> 0xFFFF
[2237] [M]: 0x8001442C (0xFFFF5537) lui a0, 1048565
x10 <- 0xFFFF5000


mem[X,0x80014430] -> 0x0513
mem[X,0x80014432] -> 0xAFC5
[2238] [M]: 0x80014430 (0xAFC50513) addi a0, a0, 2812
x10 <- 0xFFFF4AFC


mem[X,0x80014434] -> 0x55B7
mem[X,0x80014436] -> 0xFFFF
[2239] [M]: 0x80014434 (0xFFFF55B7) lui a1, 1048565
x11 <- 0xFFFF5000


mem[X,0x80014438] -> 0x8593
mem[X,0x8001443A] -> 0xAFC5
[2240] [M]: 0x80014438 (0xAFC58593) addi a1, a1, 2812
x11 <- 0xFFFF4AFC


mem[X,0x8001443C] -> 0x0113
mem[X,0x8001443E] -> 0x0000
[2241] [M]: 0x8001443C (0x00000113) addi sp, zero, 0
x2 <- 0x00000000


mem[X,0x80014440] -> 0x006F
mem[X,0x80014442] -> 0x00C0
[2242] [M]: 0x80014440 (0x00C0006F) jal zero, 12


mem[X,0x8001444C] -> 0x0663
mem[X,0x8001444E] -> 0x00B5
[2243] [M]: 0x8001444C (0x00B50663) beq a0, a1, 12


mem[X,0x80014458] -> 0x0113
mem[X,0x8001445A] -> 0x0031
[2244] [M]: 0x80014458 (0x00310113) addi sp, sp, 3
x2 <- 0x00000003


mem[X,0x8001445C] -> 0x006F
mem[X,0x8001445E] -> 0x0040
[2245] [M]: 0x8001445C (0x0040006F) jal zero, 4


mem[X,0x80014460] -> 0xA023
mem[X,0x80014462] -> 0x3620
[2246] [M]: 0x80014460 (0x3620A023) sw sp, 864(ra)
mem[0x800395C8] <- 0x00000003


mem[X,0x80014464] -> 0x5537
mem[X,0x80014466] -> 0xFFFF
[2247] [M]: 0x80014464 (0xFFFF5537) lui a0, 1048565
x10 <- 0xFFFF5000


mem[X,0x80014468] -> 0x0513
mem[X,0x8001446A] -> 0xAFC5
[2248] [M]: 0x80014468 (0xAFC50513) addi a0, a0, 2812
x10 <- 0xFFFF4AFC


mem[X,0x8001446C] -> 0xB5B7
mem[X,0x8001446E] -> 0x0000
[2249] [M]: 0x8001446C (0x0000B5B7) lui a1, 11
x11 <- 0x0000B000


mem[X,0x80014470] -> 0x8593
mem[X,0x80014472] -> 0x5045
[2250] [M]: 0x80014470 (0x50458593) addi a1, a1, 1284
x11 <- 0x0000B504


mem[X,0x80014474] -> 0x0113
mem[X,0x80014476] -> 0x0000
[2251] [M]: 0x80014474 (0x00000113) addi sp, zero, 0
x2 <- 0x00000000


mem[X,0x80014478] -> 0x006F
mem[X,0x8001447A] -> 0x00C0
[2252] [M]: 0x80014478 (0x00C0006F) jal zero, 12


mem[X,0x80014484] -> 0x0CE3
mem[X,0x80014486] -> 0xFEB5
[2253] [M]: 0x80014484 (0xFEB50CE3) beq a0, a1, 8184


mem[X,0x80014488] -> 0x0113
mem[X,0x8001448A] -> 0x0021
[2254] [M]: 0x80014488 (0x00210113) addi sp, sp, 2
x2 <- 0x00000002


mem[X,0x8001448C] -> 0x006F
mem[X,0x8001448E] -> 0x00C0
[2255] [M]: 0x8001448C (0x00C0006F) jal zero, 12


mem[X,0x80014498] -> 0xA223
mem[X,0x8001449A] -> 0x3620
[2256] [M]: 0x80014498 (0x3620A223) sw sp, 868(ra)
mem[0x800395CC] <- 0x00000002


mem[X,0x8001449C] -> 0x5537
mem[X,0x8001449E] -> 0xFFFF
[2257] [M]: 0x8001449C (0xFFFF5537) lui a0, 1048565
x10 <- 0xFFFF5000


mem[X,0x800144A0] -> 0x0513
mem[X,0x800144A2] -> 0xAFC5
[2258] [M]: 0x800144A0 (0xAFC50513) addi a0, a0, 2812
x10 <- 0xFFFF4AFC


mem[X,0x800144A4] -> 0x0593
mem[X,0x800144A6] -> 0x0020
[2259] [M]: 0x800144A4 (0x00200593) addi a1, zero, 2
x11 <- 0x00000002


mem[X,0x800144A8] -> 0x0113
mem[X,0x800144AA] -> 0x0000
[2260] [M]: 0x800144A8 (0x00000113) addi sp, zero, 0
x2 <- 0x00000000


mem[X,0x800144AC] -> 0x006F
mem[X,0x800144AE] -> 0x00C0
[2261] [M]: 0x800144AC (0x00C0006F) jal zero, 12


mem[X,0x800144B8] -> 0x0063
mem[X,0x800144BA] -> 0x04B5
[2262] [M]: 0x800144B8 (0x04B50063) beq a0, a1, 64


mem[X,0x800144BC] -> 0x0113
mem[X,0x800144BE] -> 0x0021
[2263] [M]: 0x800144BC (0x00210113) addi sp, sp, 2
x2 <- 0x00000002


mem[X,0x800144C0] -> 0x006F
mem[X,0x800144C2] -> 0x0400
[2264] [M]: 0x800144C0 (0x0400006F) jal zero, 64


mem[X,0x80014500] -> 0xA423
mem[X,0x80014502] -> 0x3620
[2265] [M]: 0x80014500 (0x3620A423) sw sp, 872(ra)
mem[0x800395D0] <- 0x00000002


mem[X,0x80014504] -> 0x5537
mem[X,0x80014506] -> 0xFFFF
[2266] [M]: 0x80014504 (0xFFFF5537) lui a0, 1048565
x10 <- 0xFFFF5000


mem[X,0x80014508] -> 0x0513
mem[X,0x8001450A] -> 0xAFC5
[2267] [M]: 0x80014508 (0xAFC50513) addi a0, a0, 2812
x10 <- 0xFFFF4AFC


mem[X,0x8001450C] -> 0x55B7
mem[X,0x8001450E] -> 0x5555
[2268] [M]: 0x8001450C (0x555555B7) lui a1, 349525
x11 <- 0x55555000


mem[X,0x80014510] -> 0x8593
mem[X,0x80014512] -> 0x5545
[2269] [M]: 0x80014510 (0x55458593) addi a1, a1, 1364
x11 <- 0x55555554


mem[X,0x80014514] -> 0x0113
mem[X,0x80014516] -> 0x0000
[2270] [M]: 0x80014514 (0x00000113) addi sp, zero, 0
x2 <- 0x00000000


mem[X,0x80014518] -> 0x006F
mem[X,0x8001451A] -> 0x00C0
[2271] [M]: 0x80014518 (0x00C0006F) jal zero, 12


mem[X,0x80014524] -> 0x0063
mem[X,0x80014526] -> 0x08B5
[2272] [M]: 0x80014524 (0x08B50063) beq a0, a1, 128


mem[X,0x80014528] -> 0x0113
mem[X,0x8001452A] -> 0x0021
[2273] [M]: 0x80014528 (0x00210113) addi sp, sp, 2
x2 <- 0x00000002


mem[X,0x8001452C] -> 0x006F
mem[X,0x8001452E] -> 0x0800
[2274] [M]: 0x8001452C (0x0800006F) jal zero, 128


mem[X,0x800145AC] -> 0xA623
mem[X,0x800145AE] -> 0x3620
[2275] [M]: 0x800145AC (0x3620A623) sw sp, 876(ra)
mem[0x800395D4] <- 0x00000002


mem[X,0x800145B0] -> 0x5537
mem[X,0x800145B2] -> 0xFFFF
[2276] [M]: 0x800145B0 (0xFFFF5537) lui a0, 1048565
x10 <- 0xFFFF5000


mem[X,0x800145B4] -> 0x0513
mem[X,0x800145B6] -> 0xAFC5
[2277] [M]: 0x800145B4 (0xAFC50513) addi a0, a0, 2812
x10 <- 0xFFFF4AFC


mem[X,0x800145B8] -> 0x0593
mem[X,0x800145BA] -> 0x0000
[2278] [M]: 0x800145B8 (0x00000593) addi a1, zero, 0
x11 <- 0x00000000


mem[X,0x800145BC] -> 0x0113
mem[X,0x800145BE] -> 0x0000
[2279] [M]: 0x800145BC (0x00000113) addi sp, zero, 0
x2 <- 0x00000000


mem[X,0x800145C0] -> 0x006F
mem[X,0x800145C2] -> 0x0050
[2280] [M]: 0x800145C0 (0x0050006F) jal zero, 2052


mem[X,0x80014DC4] -> 0x00E3
mem[X,0x80014DC6] -> 0x80B5
[2281] [M]: 0x80014DC4 (0x80B500E3) beq a0, a1, 6144


mem[X,0x80014DC8] -> 0x0113
mem[X,0x80014DCA] -> 0x0021
[2282] [M]: 0x80014DC8 (0x00210113) addi sp, sp, 2
x2 <- 0x00000002


mem[X,0x80014DCC] -> 0x006F
mem[X,0x80014DCE] -> 0x00C0
[2283] [M]: 0x80014DCC (0x00C0006F) jal zero, 12


mem[X,0x80014DD8] -> 0xA823
mem[X,0x80014DDA] -> 0x3620
[2284] [M]: 0x80014DD8 (0x3620A823) sw sp, 880(ra)
mem[0x800395D8] <- 0x00000002


mem[X,0x80014DDC] -> 0x5537
mem[X,0x80014DDE] -> 0xFFFF
[2285] [M]: 0x80014DDC (0xFFFF5537) lui a0, 1048565
x10 <- 0xFFFF5000


mem[X,0x80014DE0] -> 0x0513
mem[X,0x80014DE2] -> 0xAFC5
[2286] [M]: 0x80014DE0 (0xAFC50513) addi a0, a0, 2812
x10 <- 0xFFFF4AFC


mem[X,0x80014DE4] -> 0x0593
mem[X,0x80014DE6] -> 0x0040
[2287] [M]: 0x80014DE4 (0x00400593) addi a1, zero, 4
x11 <- 0x00000004


mem[X,0x80014DE8] -> 0x0113
mem[X,0x80014DEA] -> 0x0000
[2288] [M]: 0x80014DE8 (0x00000113) addi sp, zero, 0
x2 <- 0x00000000


mem[X,0x80014DEC] -> 0x006F
mem[X,0x80014DEE] -> 0x0140
[2289] [M]: 0x80014DEC (0x0140006F) jal zero, 20


mem[X,0x80014E00] -> 0x08E3
mem[X,0x80014E02] -> 0xFEB5
[2290] [M]: 0x80014E00 (0xFEB508E3) beq a0, a1, 8176


mem[X,0x80014E04] -> 0x0113
mem[X,0x80014E06] -> 0x0021
[2291] [M]: 0x80014E04 (0x00210113) addi sp, sp, 2
x2 <- 0x00000002


mem[X,0x80014E08] -> 0x006F
mem[X,0x80014E0A] -> 0x00C0
[2292] [M]: 0x80014E08 (0x00C0006F) jal zero, 12


mem[X,0x80014E14] -> 0xAA23
mem[X,0x80014E16] -> 0x3620
[2293] [M]: 0x80014E14 (0x3620AA23) sw sp, 884(ra)
mem[0x800395DC] <- 0x00000002


mem[X,0x80014E18] -> 0x5537
mem[X,0x80014E1A] -> 0xFFFF
[2294] [M]: 0x80014E18 (0xFFFF5537) lui a0, 1048565
x10 <- 0xFFFF5000


mem[X,0x80014E1C] -> 0x0513
mem[X,0x80014E1E] -> 0xAFC5
[2295] [M]: 0x80014E1C (0xAFC50513) addi a0, a0, 2812
x10 <- 0xFFFF4AFC


mem[X,0x80014E20] -> 0x35B7
mem[X,0x80014E22] -> 0x3333
[2296] [M]: 0x80014E20 (0x333335B7) lui a1, 209715
x11 <- 0x33333000


mem[X,0x80014E24] -> 0x8593
mem[X,0x80014E26] -> 0x3325
[2297] [M]: 0x80014E24 (0x33258593) addi a1, a1, 818
x11 <- 0x33333332


mem[X,0x80014E28] -> 0x0113
mem[X,0x80014E2A] -> 0x0000
[2298] [M]: 0x80014E28 (0x00000113) addi sp, zero, 0
x2 <- 0x00000000


mem[X,0x80014E2C] -> 0x006F
mem[X,0x80014E2E] -> 0x00C0
[2299] [M]: 0x80014E2C (0x00C0006F) jal zero, 12


clint::tick mtime <- 0x0000000000000017
 clint timer pending at mtime 0x0000000000000017
htif::tick 0x0000000000000000
mem[X,0x80014E38] -> 0x0CE3
mem[X,0x80014E3A] -> 0xFEB5
[2300] [M]: 0x80014E38 (0xFEB50CE3) beq a0, a1, 8184


mem[X,0x80014E3C] -> 0x0113
mem[X,0x80014E3E] -> 0x0021
[2301] [M]: 0x80014E3C (0x00210113) addi sp, sp, 2
x2 <- 0x00000002


mem[X,0x80014E40] -> 0x006F
mem[X,0x80014E42] -> 0x00C0
[2302] [M]: 0x80014E40 (0x00C0006F) jal zero, 12


mem[X,0x80014E4C] -> 0xAC23
mem[X,0x80014E4E] -> 0x3620
[2303] [M]: 0x80014E4C (0x3620AC23) sw sp, 888(ra)
mem[0x800395E0] <- 0x00000002


mem[X,0x80014E50] -> 0x5537
mem[X,0x80014E52] -> 0xFFFF
[2304] [M]: 0x80014E50 (0xFFFF5537) lui a0, 1048565
x10 <- 0xFFFF5000


mem[X,0x80014E54] -> 0x0513
mem[X,0x80014E56] -> 0xAFC5
[2305] [M]: 0x80014E54 (0xAFC50513) addi a0, a0, 2812
x10 <- 0xFFFF4AFC


mem[X,0x80014E58] -> 0x65B7
mem[X,0x80014E5A] -> 0x6666
[2306] [M]: 0x80014E58 (0x666665B7) lui a1, 419430
x11 <- 0x66666000


mem[X,0x80014E5C] -> 0x8593
mem[X,0x80014E5E] -> 0x6655
[2307] [M]: 0x80014E5C (0x66558593) addi a1, a1, 1637
x11 <- 0x66666665


mem[X,0x80014E60] -> 0x0113
mem[X,0x80014E62] -> 0x0000
[2308] [M]: 0x80014E60 (0x00000113) addi sp, zero, 0
x2 <- 0x00000000


mem[X,0x80014E64] -> 0x006F
mem[X,0x80014E66] -> 0x00C0
[2309] [M]: 0x80014E64 (0x00C0006F) jal zero, 12


mem[X,0x80014E70] -> 0x0063
mem[X,0x80014E72] -> 0x10B5
[2310] [M]: 0x80014E70 (0x10B50063) beq a0, a1, 256


mem[X,0x80014E74] -> 0x0113
mem[X,0x80014E76] -> 0x0021
[2311] [M]: 0x80014E74 (0x00210113) addi sp, sp, 2
x2 <- 0x00000002


mem[X,0x80014E78] -> 0x006F
mem[X,0x80014E7A] -> 0x1000
[2312] [M]: 0x80014E78 (0x1000006F) jal zero, 256


mem[X,0x80014F78] -> 0xAE23
mem[X,0x80014F7A] -> 0x3620
[2313] [M]: 0x80014F78 (0x3620AE23) sw sp, 892(ra)
mem[0x800395E4] <- 0x00000002


mem[X,0x80014F7C] -> 0x5537
mem[X,0x80014F7E] -> 0xFFFF
[2314] [M]: 0x80014F7C (0xFFFF5537) lui a0, 1048565
x10 <- 0xFFFF5000


mem[X,0x80014F80] -> 0x0513
mem[X,0x80014F82] -> 0xAFC5
[2315] [M]: 0x80014F80 (0xAFC50513) addi a0, a0, 2812
x10 <- 0xFFFF4AFC


mem[X,0x80014F84] -> 0xB5B7
mem[X,0x80014F86] -> 0x0000
[2316] [M]: 0x80014F84 (0x0000B5B7) lui a1, 11
x11 <- 0x0000B000


mem[X,0x80014F88] -> 0x8593
mem[X,0x80014F8A] -> 0x5035
[2317] [M]: 0x80014F88 (0x50358593) addi a1, a1, 1283
x11 <- 0x0000B503


mem[X,0x80014F8C] -> 0x0113
mem[X,0x80014F8E] -> 0x0000
[2318] [M]: 0x80014F8C (0x00000113) addi sp, zero, 0
x2 <- 0x00000000


mem[X,0x80014F90] -> 0x006F
mem[X,0x80014F92] -> 0x00C0
[2319] [M]: 0x80014F90 (0x00C0006F) jal zero, 12


mem[X,0x80014F9C] -> 0x0663
mem[X,0x80014F9E] -> 0x00B5
[2320] [M]: 0x80014F9C (0x00B50663) beq a0, a1, 12


mem[X,0x80014FA0] -> 0x0113
mem[X,0x80014FA2] -> 0x0021
[2321] [M]: 0x80014FA0 (0x00210113) addi sp, sp, 2
x2 <- 0x00000002


mem[X,0x80014FA4] -> 0x006F
mem[X,0x80014FA6] -> 0x00C0
[2322] [M]: 0x80014FA4 (0x00C0006F) jal zero, 12


mem[X,0x80014FB0] -> 0xA023
mem[X,0x80014FB2] -> 0x3820
[2323] [M]: 0x80014FB0 (0x3820A023) sw sp, 896(ra)
mem[0x800395E8] <- 0x00000002


mem[X,0x80014FB4] -> 0x5537
mem[X,0x80014FB6] -> 0xFFFF
[2324] [M]: 0x80014FB4 (0xFFFF5537) lui a0, 1048565
x10 <- 0xFFFF5000


mem[X,0x80014FB8] -> 0x0513
mem[X,0x80014FBA] -> 0xAFC5
[2325] [M]: 0x80014FB8 (0xAFC50513) addi a0, a0, 2812
x10 <- 0xFFFF4AFC


mem[X,0x80014FBC] -> 0x55B7
mem[X,0x80014FBE] -> 0x5555
[2326] [M]: 0x80014FBC (0x555555B7) lui a1, 349525
x11 <- 0x55555000


mem[X,0x80014FC0] -> 0x8593
mem[X,0x80014FC2] -> 0x5565
[2327] [M]: 0x80014FC0 (0x55658593) addi a1, a1, 1366
x11 <- 0x55555556


mem[X,0x80014FC4] -> 0x0113
mem[X,0x80014FC6] -> 0x0000
[2328] [M]: 0x80014FC4 (0x00000113) addi sp, zero, 0
x2 <- 0x00000000


mem[X,0x80014FC8] -> 0x006F
mem[X,0x80014FCA] -> 0x00C0
[2329] [M]: 0x80014FC8 (0x00C0006F) jal zero, 12


mem[X,0x80014FD4] -> 0x0663
mem[X,0x80014FD6] -> 0x00B5
[2330] [M]: 0x80014FD4 (0x00B50663) beq a0, a1, 12


mem[X,0x80014FD8] -> 0x0113
mem[X,0x80014FDA] -> 0x0021
[2331] [M]: 0x80014FD8 (0x00210113) addi sp, sp, 2
x2 <- 0x00000002


mem[X,0x80014FDC] -> 0x006F
mem[X,0x80014FDE] -> 0x00C0
[2332] [M]: 0x80014FDC (0x00C0006F) jal zero, 12


mem[X,0x80014FE8] -> 0xA223
mem[X,0x80014FEA] -> 0x3820
[2333] [M]: 0x80014FE8 (0x3820A223) sw sp, 900(ra)
mem[0x800395EC] <- 0x00000002


mem[X,0x80014FEC] -> 0x5537
mem[X,0x80014FEE] -> 0xFFFF
[2334] [M]: 0x80014FEC (0xFFFF5537) lui a0, 1048565
x10 <- 0xFFFF5000


mem[X,0x80014FF0] -> 0x0513
mem[X,0x80014FF2] -> 0xAFC5
[2335] [M]: 0x80014FF0 (0xAFC50513) addi a0, a0, 2812
x10 <- 0xFFFF4AFC


mem[X,0x80014FF4] -> 0xB5B7
mem[X,0x80014FF6] -> 0xAAAA
[2336] [M]: 0x80014FF4 (0xAAAAB5B7) lui a1, 699051
x11 <- 0xAAAAB000


mem[X,0x80014FF8] -> 0x8593
mem[X,0x80014FFA] -> 0xAAB5
[2337] [M]: 0x80014FF8 (0xAAB58593) addi a1, a1, 2731
x11 <- 0xAAAAAAAB


mem[X,0x80014FFC] -> 0x0113
mem[X,0x80014FFE] -> 0x0000
[2338] [M]: 0x80014FFC (0x00000113) addi sp, zero, 0
x2 <- 0x00000000


mem[X,0x80015000] -> 0x006F
mem[X,0x80015002] -> 0x00C0
[2339] [M]: 0x80015000 (0x00C0006F) jal zero, 12


mem[X,0x8001500C] -> 0x0CE3
mem[X,0x8001500E] -> 0xFEB5
[2340] [M]: 0x8001500C (0xFEB50CE3) beq a0, a1, 8184


mem[X,0x80015010] -> 0x0113
mem[X,0x80015012] -> 0x0021
[2341] [M]: 0x80015010 (0x00210113) addi sp, sp, 2
x2 <- 0x00000002


mem[X,0x80015014] -> 0x006F
mem[X,0x80015016] -> 0x00C0
[2342] [M]: 0x80015014 (0x00C0006F) jal zero, 12


mem[X,0x80015020] -> 0xA423
mem[X,0x80015022] -> 0x3820
[2343] [M]: 0x80015020 (0x3820A423) sw sp, 904(ra)
mem[0x800395F0] <- 0x00000002


mem[X,0x80015024] -> 0x5537
mem[X,0x80015026] -> 0xFFFF
[2344] [M]: 0x80015024 (0xFFFF5537) lui a0, 1048565
x10 <- 0xFFFF5000


mem[X,0x80015028] -> 0x0513
mem[X,0x8001502A] -> 0xAFC5
[2345] [M]: 0x80015028 (0xAFC50513) addi a0, a0, 2812
x10 <- 0xFFFF4AFC


mem[X,0x8001502C] -> 0x0593
mem[X,0x8001502E] -> 0x0060
[2346] [M]: 0x8001502C (0x00600593) addi a1, zero, 6
x11 <- 0x00000006


mem[X,0x80015030] -> 0x0113
mem[X,0x80015032] -> 0x0000
[2347] [M]: 0x80015030 (0x00000113) addi sp, zero, 0
x2 <- 0x00000000


mem[X,0x80015034] -> 0x006F
mem[X,0x80015036] -> 0x00C0
[2348] [M]: 0x80015034 (0x00C0006F) jal zero, 12


mem[X,0x80015040] -> 0x0863
mem[X,0x80015042] -> 0x00B5
[2349] [M]: 0x80015040 (0x00B50863) beq a0, a1, 16


mem[X,0x80015044] -> 0x0113
mem[X,0x80015046] -> 0x0021
[2350] [M]: 0x80015044 (0x00210113) addi sp, sp, 2
x2 <- 0x00000002


mem[X,0x80015048] -> 0x006F
mem[X,0x8001504A] -> 0x0100
[2351] [M]: 0x80015048 (0x0100006F) jal zero, 16


mem[X,0x80015058] -> 0xA623
mem[X,0x8001505A] -> 0x3820
[2352] [M]: 0x80015058 (0x3820A623) sw sp, 908(ra)
mem[0x800395F4] <- 0x00000002


mem[X,0x8001505C] -> 0x5537
mem[X,0x8001505E] -> 0xFFFF
[2353] [M]: 0x8001505C (0xFFFF5537) lui a0, 1048565
x10 <- 0xFFFF5000


mem[X,0x80015060] -> 0x0513
mem[X,0x80015062] -> 0xAFC5
[2354] [M]: 0x80015060 (0xAFC50513) addi a0, a0, 2812
x10 <- 0xFFFF4AFC


mem[X,0x80015064] -> 0x35B7
mem[X,0x80015066] -> 0x3333
[2355] [M]: 0x80015064 (0x333335B7) lui a1, 209715
x11 <- 0x33333000


mem[X,0x80015068] -> 0x8593
mem[X,0x8001506A] -> 0x3345
[2356] [M]: 0x80015068 (0x33458593) addi a1, a1, 820
x11 <- 0x33333334


mem[X,0x8001506C] -> 0x0113
mem[X,0x8001506E] -> 0x0000
[2357] [M]: 0x8001506C (0x00000113) addi sp, zero, 0
x2 <- 0x00000000


mem[X,0x80015070] -> 0x006F
mem[X,0x80015072] -> 0x00C0
[2358] [M]: 0x80015070 (0x00C0006F) jal zero, 12


mem[X,0x8001507C] -> 0x0663
mem[X,0x8001507E] -> 0x00B5
[2359] [M]: 0x8001507C (0x00B50663) beq a0, a1, 12


mem[X,0x80015080] -> 0x0113
mem[X,0x80015082] -> 0x0021
[2360] [M]: 0x80015080 (0x00210113) addi sp, sp, 2
x2 <- 0x00000002


mem[X,0x80015084] -> 0x006F
mem[X,0x80015086] -> 0x00C0
[2361] [M]: 0x80015084 (0x00C0006F) jal zero, 12


mem[X,0x80015090] -> 0xA823
mem[X,0x80015092] -> 0x3820
[2362] [M]: 0x80015090 (0x3820A823) sw sp, 912(ra)
mem[0x800395F8] <- 0x00000002


mem[X,0x80015094] -> 0x5537
mem[X,0x80015096] -> 0xFFFF
[2363] [M]: 0x80015094 (0xFFFF5537) lui a0, 1048565
x10 <- 0xFFFF5000


mem[X,0x80015098] -> 0x0513
mem[X,0x8001509A] -> 0xAFC5
[2364] [M]: 0x80015098 (0xAFC50513) addi a0, a0, 2812
x10 <- 0xFFFF4AFC


mem[X,0x8001509C] -> 0x65B7
mem[X,0x8001509E] -> 0x6666
[2365] [M]: 0x8001509C (0x666665B7) lui a1, 419430
x11 <- 0x66666000


mem[X,0x800150A0] -> 0x8593
mem[X,0x800150A2] -> 0x6675
[2366] [M]: 0x800150A0 (0x66758593) addi a1, a1, 1639
x11 <- 0x66666667


mem[X,0x800150A4] -> 0x0113
mem[X,0x800150A6] -> 0x0000
[2367] [M]: 0x800150A4 (0x00000113) addi sp, zero, 0
x2 <- 0x00000000


mem[X,0x800150A8] -> 0x006F
mem[X,0x800150AA] -> 0x00C0
[2368] [M]: 0x800150A8 (0x00C0006F) jal zero, 12


mem[X,0x800150B4] -> 0x0663
mem[X,0x800150B6] -> 0x00B5
[2369] [M]: 0x800150B4 (0x00B50663) beq a0, a1, 12


mem[X,0x800150B8] -> 0x0113
mem[X,0x800150BA] -> 0x0021
[2370] [M]: 0x800150B8 (0x00210113) addi sp, sp, 2
x2 <- 0x00000002


mem[X,0x800150BC] -> 0x006F
mem[X,0x800150BE] -> 0x00C0
[2371] [M]: 0x800150BC (0x00C0006F) jal zero, 12


mem[X,0x800150C8] -> 0xAA23
mem[X,0x800150CA] -> 0x3820
[2372] [M]: 0x800150C8 (0x3820AA23) sw sp, 916(ra)
mem[0x800395FC] <- 0x00000002


mem[X,0x800150CC] -> 0x5537
mem[X,0x800150CE] -> 0xFFFF
[2373] [M]: 0x800150CC (0xFFFF5537) lui a0, 1048565
x10 <- 0xFFFF5000


mem[X,0x800150D0] -> 0x0513
mem[X,0x800150D2] -> 0xAFC5
[2374] [M]: 0x800150D0 (0xAFC50513) addi a0, a0, 2812
x10 <- 0xFFFF4AFC


mem[X,0x800150D4] -> 0x55B7
mem[X,0x800150D6] -> 0xFFFF
[2375] [M]: 0x800150D4 (0xFFFF55B7) lui a1, 1048565
x11 <- 0xFFFF5000


mem[X,0x800150D8] -> 0x8593
mem[X,0x800150DA] -> 0xAFD5
[2376] [M]: 0x800150D8 (0xAFD58593) addi a1, a1, 2813
x11 <- 0xFFFF4AFD


mem[X,0x800150DC] -> 0x0113
mem[X,0x800150DE] -> 0x0000
[2377] [M]: 0x800150DC (0x00000113) addi sp, zero, 0
x2 <- 0x00000000


mem[X,0x800150E0] -> 0x006F
mem[X,0x800150E2] -> 0x0180
[2378] [M]: 0x800150E0 (0x0180006F) jal zero, 24


mem[X,0x800150F8] -> 0x06E3
mem[X,0x800150FA] -> 0xFEB5
[2379] [M]: 0x800150F8 (0xFEB506E3) beq a0, a1, 8172


mem[X,0x800150FC] -> 0x0113
mem[X,0x800150FE] -> 0x0021
[2380] [M]: 0x800150FC (0x00210113) addi sp, sp, 2
x2 <- 0x00000002


mem[X,0x80015100] -> 0x006F
mem[X,0x80015102] -> 0x00C0
[2381] [M]: 0x80015100 (0x00C0006F) jal zero, 12


mem[X,0x8001510C] -> 0xAC23
mem[X,0x8001510E] -> 0x3820
[2382] [M]: 0x8001510C (0x3820AC23) sw sp, 920(ra)
mem[0x80039600] <- 0x00000002


mem[X,0x80015110] -> 0x5537
mem[X,0x80015112] -> 0xFFFF
[2383] [M]: 0x80015110 (0xFFFF5537) lui a0, 1048565
x10 <- 0xFFFF5000


mem[X,0x80015114] -> 0x0513
mem[X,0x80015116] -> 0xAFC5
[2384] [M]: 0x80015114 (0xAFC50513) addi a0, a0, 2812
x10 <- 0xFFFF4AFC


mem[X,0x80015118] -> 0xB5B7
mem[X,0x8001511A] -> 0x0000
[2385] [M]: 0x80015118 (0x0000B5B7) lui a1, 11
x11 <- 0x0000B000


mem[X,0x8001511C] -> 0x8593
mem[X,0x8001511E] -> 0x5055
[2386] [M]: 0x8001511C (0x50558593) addi a1, a1, 1285
x11 <- 0x0000B505


mem[X,0x80015120] -> 0x0113
mem[X,0x80015122] -> 0x0000
[2387] [M]: 0x80015120 (0x00000113) addi sp, zero, 0
x2 <- 0x00000000


mem[X,0x80015124] -> 0x006F
mem[X,0x80015126] -> 0x00C0
[2388] [M]: 0x80015124 (0x00C0006F) jal zero, 12


mem[X,0x80015130] -> 0x0063
mem[X,0x80015132] -> 0x40B5
[2389] [M]: 0x80015130 (0x40B50063) beq a0, a1, 1024


mem[X,0x80015134] -> 0x0113
mem[X,0x80015136] -> 0x0021
[2390] [M]: 0x80015134 (0x00210113) addi sp, sp, 2
x2 <- 0x00000002


mem[X,0x80015138] -> 0x006F
mem[X,0x8001513A] -> 0x4000
[2391] [M]: 0x80015138 (0x4000006F) jal zero, 1024


mem[X,0x80015538] -> 0xAE23
mem[X,0x8001553A] -> 0x3820
[2392] [M]: 0x80015538 (0x3820AE23) sw sp, 924(ra)
mem[0x80039604] <- 0x00000002


mem[X,0x8001553C] -> 0xB537
mem[X,0x8001553E] -> 0x0000
[2393] [M]: 0x8001553C (0x0000B537) lui a0, 11
x10 <- 0x0000B000


mem[X,0x80015540] -> 0x0513
mem[X,0x80015542] -> 0x5045
[2394] [M]: 0x80015540 (0x50450513) addi a0, a0, 1284
x10 <- 0x0000B504


mem[X,0x80015544] -> 0x0593
mem[X,0x80015546] -> 0x0030
[2395] [M]: 0x80015544 (0x00300593) addi a1, zero, 3
x11 <- 0x00000003


mem[X,0x80015548] -> 0x0113
mem[X,0x8001554A] -> 0x0000
[2396] [M]: 0x80015548 (0x00000113) addi sp, zero, 0
x2 <- 0x00000000


mem[X,0x8001554C] -> 0x006F
mem[X,0x8001554E] -> 0x00C0
[2397] [M]: 0x8001554C (0x00C0006F) jal zero, 12


mem[X,0x80015558] -> 0x0063
mem[X,0x8001555A] -> 0x20B5
[2398] [M]: 0x80015558 (0x20B50063) beq a0, a1, 512


mem[X,0x8001555C] -> 0x0113
mem[X,0x8001555E] -> 0x0021
[2399] [M]: 0x8001555C (0x00210113) addi sp, sp, 2
x2 <- 0x00000002


clint::tick mtime <- 0x0000000000000018
 clint timer pending at mtime 0x0000000000000018
htif::tick 0x0000000000000000
mem[X,0x80015560] -> 0x006F
mem[X,0x80015562] -> 0x2000
[2400] [M]: 0x80015560 (0x2000006F) jal zero, 512


mem[X,0x80015760] -> 0xA023
mem[X,0x80015762] -> 0x3A20
[2401] [M]: 0x80015760 (0x3A20A023) sw sp, 928(ra)
mem[0x80039608] <- 0x00000002


mem[X,0x80015764] -> 0xB537
mem[X,0x80015766] -> 0x0000
[2402] [M]: 0x80015764 (0x0000B537) lui a0, 11
x10 <- 0x0000B000


mem[X,0x80015768] -> 0x0513
mem[X,0x8001576A] -> 0x5045
[2403] [M]: 0x80015768 (0x50450513) addi a0, a0, 1284
x10 <- 0x0000B504


mem[X,0x8001576C] -> 0x55B7
mem[X,0x8001576E] -> 0x5555
[2404] [M]: 0x8001576C (0x555555B7) lui a1, 349525
x11 <- 0x55555000


mem[X,0x80015770] -> 0x8593
mem[X,0x80015772] -> 0x5555
[2405] [M]: 0x80015770 (0x55558593) addi a1, a1, 1365
x11 <- 0x55555555


mem[X,0x80015774] -> 0x0113
mem[X,0x80015776] -> 0x0000
[2406] [M]: 0x80015774 (0x00000113) addi sp, zero, 0
x2 <- 0x00000000


mem[X,0x80015778] -> 0x006F
mem[X,0x8001577A] -> 0x00C0
[2407] [M]: 0x80015778 (0x00C0006F) jal zero, 12


mem[X,0x80015784] -> 0x0063
mem[X,0x80015786] -> 0x02B5
[2408] [M]: 0x80015784 (0x02B50063) beq a0, a1, 32


mem[X,0x80015788] -> 0x0113
mem[X,0x8001578A] -> 0x0021
[2409] [M]: 0x80015788 (0x00210113) addi sp, sp, 2
x2 <- 0x00000002


mem[X,0x8001578C] -> 0x006F
mem[X,0x8001578E] -> 0x0200
[2410] [M]: 0x8001578C (0x0200006F) jal zero, 32


mem[X,0x800157AC] -> 0xA223
mem[X,0x800157AE] -> 0x3A20
[2411] [M]: 0x800157AC (0x3A20A223) sw sp, 932(ra)
mem[0x8003960C] <- 0x00000002


mem[X,0x800157B0] -> 0xB537
mem[X,0x800157B2] -> 0x0000
[2412] [M]: 0x800157B0 (0x0000B537) lui a0, 11
x10 <- 0x0000B000


mem[X,0x800157B4] -> 0x0513
mem[X,0x800157B6] -> 0x5045
[2413] [M]: 0x800157B4 (0x50450513) addi a0, a0, 1284
x10 <- 0x0000B504


mem[X,0x800157B8] -> 0x0593
mem[X,0x800157BA] -> 0x0050
[2414] [M]: 0x800157B8 (0x00500593) addi a1, zero, 5
x11 <- 0x00000005


mem[X,0x800157BC] -> 0x0113
mem[X,0x800157BE] -> 0x0000
[2415] [M]: 0x800157BC (0x00000113) addi sp, zero, 0
x2 <- 0x00000000


mem[X,0x800157C0] -> 0x006F
mem[X,0x800157C2] -> 0x00C0
[2416] [M]: 0x800157C0 (0x00C0006F) jal zero, 12


mem[X,0x800157CC] -> 0x0663
mem[X,0x800157CE] -> 0x00B5
[2417] [M]: 0x800157CC (0x00B50663) beq a0, a1, 12


mem[X,0x800157D0] -> 0x0113
mem[X,0x800157D2] -> 0x0021
[2418] [M]: 0x800157D0 (0x00210113) addi sp, sp, 2
x2 <- 0x00000002


mem[X,0x800157D4] -> 0x006F
mem[X,0x800157D6] -> 0x00C0
[2419] [M]: 0x800157D4 (0x00C0006F) jal zero, 12


mem[X,0x800157E0] -> 0xA423
mem[X,0x800157E2] -> 0x3A20
[2420] [M]: 0x800157E0 (0x3A20A423) sw sp, 936(ra)
mem[0x80039610] <- 0x00000002


mem[X,0x800157E4] -> 0xB537
mem[X,0x800157E6] -> 0x0000
[2421] [M]: 0x800157E4 (0x0000B537) lui a0, 11
x10 <- 0x0000B000


mem[X,0x800157E8] -> 0x0513
mem[X,0x800157EA] -> 0x5045
[2422] [M]: 0x800157E8 (0x50450513) addi a0, a0, 1284
x10 <- 0x0000B504


mem[X,0x800157EC] -> 0x35B7
mem[X,0x800157EE] -> 0x3333
[2423] [M]: 0x800157EC (0x333335B7) lui a1, 209715
x11 <- 0x33333000


mem[X,0x800157F0] -> 0x8593
mem[X,0x800157F2] -> 0x3335
[2424] [M]: 0x800157F0 (0x33358593) addi a1, a1, 819
x11 <- 0x33333333


mem[X,0x800157F4] -> 0x0113
mem[X,0x800157F6] -> 0x0000
[2425] [M]: 0x800157F4 (0x00000113) addi sp, zero, 0
x2 <- 0x00000000


mem[X,0x800157F8] -> 0x006F
mem[X,0x800157FA] -> 0x0180
[2426] [M]: 0x800157F8 (0x0180006F) jal zero, 24


mem[X,0x80015810] -> 0x06E3
mem[X,0x80015812] -> 0xFEB5
[2427] [M]: 0x80015810 (0xFEB506E3) beq a0, a1, 8172


mem[X,0x80015814] -> 0x0113
mem[X,0x80015816] -> 0x0021
[2428] [M]: 0x80015814 (0x00210113) addi sp, sp, 2
x2 <- 0x00000002


mem[X,0x80015818] -> 0x006F
mem[X,0x8001581A] -> 0x00C0
[2429] [M]: 0x80015818 (0x00C0006F) jal zero, 12


mem[X,0x80015824] -> 0xA623
mem[X,0x80015826] -> 0x3A20
[2430] [M]: 0x80015824 (0x3A20A623) sw sp, 940(ra)
mem[0x80039614] <- 0x00000002


mem[X,0x80015828] -> 0xB537
mem[X,0x8001582A] -> 0x0000
[2431] [M]: 0x80015828 (0x0000B537) lui a0, 11
x10 <- 0x0000B000


mem[X,0x8001582C] -> 0x0513
mem[X,0x8001582E] -> 0x5045
[2432] [M]: 0x8001582C (0x50450513) addi a0, a0, 1284
x10 <- 0x0000B504


mem[X,0x80015830] -> 0x65B7
mem[X,0x80015832] -> 0x6666
[2433] [M]: 0x80015830 (0x666665B7) lui a1, 419430
x11 <- 0x66666000


mem[X,0x80015834] -> 0x8593
mem[X,0x80015836] -> 0x6665
[2434] [M]: 0x80015834 (0x66658593) addi a1, a1, 1638
x11 <- 0x66666666


mem[X,0x80015838] -> 0x0113
mem[X,0x8001583A] -> 0x0000
[2435] [M]: 0x80015838 (0x00000113) addi sp, zero, 0
x2 <- 0x00000000


mem[X,0x8001583C] -> 0x006F
mem[X,0x8001583E] -> 0x00C0
[2436] [M]: 0x8001583C (0x00C0006F) jal zero, 12


mem[X,0x80015848] -> 0x0063
mem[X,0x8001584A] -> 0x10B5
[2437] [M]: 0x80015848 (0x10B50063) beq a0, a1, 256


mem[X,0x8001584C] -> 0x0113
mem[X,0x8001584E] -> 0x0021
[2438] [M]: 0x8001584C (0x00210113) addi sp, sp, 2
x2 <- 0x00000002


mem[X,0x80015850] -> 0x006F
mem[X,0x80015852] -> 0x1000
[2439] [M]: 0x80015850 (0x1000006F) jal zero, 256


mem[X,0x80015950] -> 0xA823
mem[X,0x80015952] -> 0x3A20
[2440] [M]: 0x80015950 (0x3A20A823) sw sp, 944(ra)
mem[0x80039618] <- 0x00000002


mem[X,0x80015954] -> 0xB537
mem[X,0x80015956] -> 0x0000
[2441] [M]: 0x80015954 (0x0000B537) lui a0, 11
x10 <- 0x0000B000


mem[X,0x80015958] -> 0x0513
mem[X,0x8001595A] -> 0x5045
[2442] [M]: 0x80015958 (0x50450513) addi a0, a0, 1284
x10 <- 0x0000B504


mem[X,0x8001595C] -> 0x55B7
mem[X,0x8001595E] -> 0xFFFF
[2443] [M]: 0x8001595C (0xFFFF55B7) lui a1, 1048565
x11 <- 0xFFFF5000


mem[X,0x80015960] -> 0x8593
mem[X,0x80015962] -> 0xAFC5
[2444] [M]: 0x80015960 (0xAFC58593) addi a1, a1, 2812
x11 <- 0xFFFF4AFC


mem[X,0x80015964] -> 0x0113
mem[X,0x80015966] -> 0x0000
[2445] [M]: 0x80015964 (0x00000113) addi sp, zero, 0
x2 <- 0x00000000


mem[X,0x80015968] -> 0x006F
mem[X,0x8001596A] -> 0x2B10
[2446] [M]: 0x80015968 (0x2B10006F) jal zero, 2736


mem[X,0x80016418] -> 0x0A63
mem[X,0x8001641A] -> 0xD4B5
[2447] [M]: 0x80016418 (0xD4B50A63) beq a0, a1, 5460


mem[X,0x8001641C] -> 0x0113
mem[X,0x8001641E] -> 0x0021
[2448] [M]: 0x8001641C (0x00210113) addi sp, sp, 2
x2 <- 0x00000002


mem[X,0x80016420] -> 0x006F
mem[X,0x80016422] -> 0x00C0
[2449] [M]: 0x80016420 (0x00C0006F) jal zero, 12


mem[X,0x8001642C] -> 0xAA23
mem[X,0x8001642E] -> 0x3A20
[2450] [M]: 0x8001642C (0x3A20AA23) sw sp, 948(ra)
mem[0x8003961C] <- 0x00000002


mem[X,0x80016430] -> 0xB537
mem[X,0x80016432] -> 0x0000
[2451] [M]: 0x80016430 (0x0000B537) lui a0, 11
x10 <- 0x0000B000


mem[X,0x80016434] -> 0x0513
mem[X,0x80016436] -> 0x5045
[2452] [M]: 0x80016434 (0x50450513) addi a0, a0, 1284
x10 <- 0x0000B504


mem[X,0x80016438] -> 0xB5B7
mem[X,0x8001643A] -> 0x0000
[2453] [M]: 0x80016438 (0x0000B5B7) lui a1, 11
x11 <- 0x0000B000


mem[X,0x8001643C] -> 0x8593
mem[X,0x8001643E] -> 0x5045
[2454] [M]: 0x8001643C (0x50458593) addi a1, a1, 1284
x11 <- 0x0000B504


mem[X,0x80016440] -> 0x0113
mem[X,0x80016442] -> 0x0000
[2455] [M]: 0x80016440 (0x00000113) addi sp, zero, 0
x2 <- 0x00000000


mem[X,0x80016444] -> 0x006F
mem[X,0x80016446] -> 0x00C0
[2456] [M]: 0x80016444 (0x00C0006F) jal zero, 12


mem[X,0x80016450] -> 0x0663
mem[X,0x80016452] -> 0x00B5
[2457] [M]: 0x80016450 (0x00B50663) beq a0, a1, 12


mem[X,0x8001645C] -> 0x0113
mem[X,0x8001645E] -> 0x0031
[2458] [M]: 0x8001645C (0x00310113) addi sp, sp, 3
x2 <- 0x00000003


mem[X,0x80016460] -> 0x006F
mem[X,0x80016462] -> 0x0040
[2459] [M]: 0x80016460 (0x0040006F) jal zero, 4


mem[X,0x80016464] -> 0xAC23
mem[X,0x80016466] -> 0x3A20
[2460] [M]: 0x80016464 (0x3A20AC23) sw sp, 952(ra)
mem[0x80039620] <- 0x00000003


mem[X,0x80016468] -> 0xB537
mem[X,0x8001646A] -> 0x0000
[2461] [M]: 0x80016468 (0x0000B537) lui a0, 11
x10 <- 0x0000B000


mem[X,0x8001646C] -> 0x0513
mem[X,0x8001646E] -> 0x5045
[2462] [M]: 0x8001646C (0x50450513) addi a0, a0, 1284
x10 <- 0x0000B504


mem[X,0x80016470] -> 0x0593
mem[X,0x80016472] -> 0x0020
[2463] [M]: 0x80016470 (0x00200593) addi a1, zero, 2
x11 <- 0x00000002


mem[X,0x80016474] -> 0x0113
mem[X,0x80016476] -> 0x0000
[2464] [M]: 0x80016474 (0x00000113) addi sp, zero, 0
x2 <- 0x00000000


mem[X,0x80016478] -> 0x006F
mem[X,0x8001647A] -> 0x00C0
[2465] [M]: 0x80016478 (0x00C0006F) jal zero, 12


mem[X,0x80016484] -> 0x0663
mem[X,0x80016486] -> 0x00B5
[2466] [M]: 0x80016484 (0x00B50663) beq a0, a1, 12


mem[X,0x80016488] -> 0x0113
mem[X,0x8001648A] -> 0x0021
[2467] [M]: 0x80016488 (0x00210113) addi sp, sp, 2
x2 <- 0x00000002


mem[X,0x8001648C] -> 0x006F
mem[X,0x8001648E] -> 0x00C0
[2468] [M]: 0x8001648C (0x00C0006F) jal zero, 12


mem[X,0x80016498] -> 0xAE23
mem[X,0x8001649A] -> 0x3A20
[2469] [M]: 0x80016498 (0x3A20AE23) sw sp, 956(ra)
mem[0x80039624] <- 0x00000002


mem[X,0x8001649C] -> 0xB537
mem[X,0x8001649E] -> 0x0000
[2470] [M]: 0x8001649C (0x0000B537) lui a0, 11
x10 <- 0x0000B000


mem[X,0x800164A0] -> 0x0513
mem[X,0x800164A2] -> 0x5045
[2471] [M]: 0x800164A0 (0x50450513) addi a0, a0, 1284
x10 <- 0x0000B504


mem[X,0x800164A4] -> 0x55B7
mem[X,0x800164A6] -> 0x5555
[2472] [M]: 0x800164A4 (0x555555B7) lui a1, 349525
x11 <- 0x55555000


mem[X,0x800164A8] -> 0x8593
mem[X,0x800164AA] -> 0x5545
[2473] [M]: 0x800164A8 (0x55458593) addi a1, a1, 1364
x11 <- 0x55555554


mem[X,0x800164AC] -> 0x0113
mem[X,0x800164AE] -> 0x0000
[2474] [M]: 0x800164AC (0x00000113) addi sp, zero, 0
x2 <- 0x00000000


mem[X,0x800164B0] -> 0x006F
mem[X,0x800164B2] -> 0x00C0
[2475] [M]: 0x800164B0 (0x00C0006F) jal zero, 12


mem[X,0x800164BC] -> 0x0CE3
mem[X,0x800164BE] -> 0xFEB5
[2476] [M]: 0x800164BC (0xFEB50CE3) beq a0, a1, 8184


mem[X,0x800164C0] -> 0x0113
mem[X,0x800164C2] -> 0x0021
[2477] [M]: 0x800164C0 (0x00210113) addi sp, sp, 2
x2 <- 0x00000002


mem[X,0x800164C4] -> 0x006F
mem[X,0x800164C6] -> 0x00C0
[2478] [M]: 0x800164C4 (0x00C0006F) jal zero, 12


mem[X,0x800164D0] -> 0xA023
mem[X,0x800164D2] -> 0x3C20
[2479] [M]: 0x800164D0 (0x3C20A023) sw sp, 960(ra)
mem[0x80039628] <- 0x00000002


mem[X,0x800164D4] -> 0xB537
mem[X,0x800164D6] -> 0x0000
[2480] [M]: 0x800164D4 (0x0000B537) lui a0, 11
x10 <- 0x0000B000


mem[X,0x800164D8] -> 0x0513
mem[X,0x800164DA] -> 0x5045
[2481] [M]: 0x800164D8 (0x50450513) addi a0, a0, 1284
x10 <- 0x0000B504


mem[X,0x800164DC] -> 0x0593
mem[X,0x800164DE] -> 0x0000
[2482] [M]: 0x800164DC (0x00000593) addi a1, zero, 0
x11 <- 0x00000000


mem[X,0x800164E0] -> 0x0113
mem[X,0x800164E2] -> 0x0000
[2483] [M]: 0x800164E0 (0x00000113) addi sp, zero, 0
x2 <- 0x00000000


mem[X,0x800164E4] -> 0x006F
mem[X,0x800164E6] -> 0x00C0
[2484] [M]: 0x800164E4 (0x00C0006F) jal zero, 12


mem[X,0x800164F0] -> 0x0CE3
mem[X,0x800164F2] -> 0xFEB5
[2485] [M]: 0x800164F0 (0xFEB50CE3) beq a0, a1, 8184


mem[X,0x800164F4] -> 0x0113
mem[X,0x800164F6] -> 0x0021
[2486] [M]: 0x800164F4 (0x00210113) addi sp, sp, 2
x2 <- 0x00000002


mem[X,0x800164F8] -> 0x006F
mem[X,0x800164FA] -> 0x00C0
[2487] [M]: 0x800164F8 (0x00C0006F) jal zero, 12


mem[X,0x80016504] -> 0xA223
mem[X,0x80016506] -> 0x3C20
[2488] [M]: 0x80016504 (0x3C20A223) sw sp, 964(ra)
mem[0x8003962C] <- 0x00000002


mem[X,0x80016508] -> 0xB537
mem[X,0x8001650A] -> 0x0000
[2489] [M]: 0x80016508 (0x0000B537) lui a0, 11
x10 <- 0x0000B000


mem[X,0x8001650C] -> 0x0513
mem[X,0x8001650E] -> 0x5045
[2490] [M]: 0x8001650C (0x50450513) addi a0, a0, 1284
x10 <- 0x0000B504


mem[X,0x80016510] -> 0x0593
mem[X,0x80016512] -> 0x0040
[2491] [M]: 0x80016510 (0x00400593) addi a1, zero, 4
x11 <- 0x00000004


mem[X,0x80016514] -> 0x0113
mem[X,0x80016516] -> 0x0000
[2492] [M]: 0x80016514 (0x00000113) addi sp, zero, 0
x2 <- 0x00000000


mem[X,0x80016518] -> 0x006F
mem[X,0x8001651A] -> 0x00C0
[2493] [M]: 0x80016518 (0x00C0006F) jal zero, 12


mem[X,0x80016524] -> 0x0663
mem[X,0x80016526] -> 0x00B5
[2494] [M]: 0x80016524 (0x00B50663) beq a0, a1, 12


mem[X,0x80016528] -> 0x0113
mem[X,0x8001652A] -> 0x0021
[2495] [M]: 0x80016528 (0x00210113) addi sp, sp, 2
x2 <- 0x00000002


mem[X,0x8001652C] -> 0x006F
mem[X,0x8001652E] -> 0x00C0
[2496] [M]: 0x8001652C (0x00C0006F) jal zero, 12


mem[X,0x80016538] -> 0xA423
mem[X,0x8001653A] -> 0x3C20
[2497] [M]: 0x80016538 (0x3C20A423) sw sp, 968(ra)
mem[0x80039630] <- 0x00000002


mem[X,0x8001653C] -> 0xB537
mem[X,0x8001653E] -> 0x0000
[2498] [M]: 0x8001653C (0x0000B537) lui a0, 11
x10 <- 0x0000B000


mem[X,0x80016540] -> 0x0513
mem[X,0x80016542] -> 0x5045
[2499] [M]: 0x80016540 (0x50450513) addi a0, a0, 1284
x10 <- 0x0000B504


clint::tick mtime <- 0x0000000000000019
 clint timer pending at mtime 0x0000000000000019
htif::tick 0x0000000000000000
mem[X,0x80016544] -> 0x35B7
mem[X,0x80016546] -> 0x3333
[2500] [M]: 0x80016544 (0x333335B7) lui a1, 209715
x11 <- 0x33333000


mem[X,0x80016548] -> 0x8593
mem[X,0x8001654A] -> 0x3325
[2501] [M]: 0x80016548 (0x33258593) addi a1, a1, 818
x11 <- 0x33333332


mem[X,0x8001654C] -> 0x0113
mem[X,0x8001654E] -> 0x0000
[2502] [M]: 0x8001654C (0x00000113) addi sp, zero, 0
x2 <- 0x00000000


mem[X,0x80016550] -> 0x006F
mem[X,0x80016552] -> 0x0100
[2503] [M]: 0x80016550 (0x0100006F) jal zero, 16


mem[X,0x80016560] -> 0x0AE3
mem[X,0x80016562] -> 0xFEB5
[2504] [M]: 0x80016560 (0xFEB50AE3) beq a0, a1, 8180


mem[X,0x80016564] -> 0x0113
mem[X,0x80016566] -> 0x0021
[2505] [M]: 0x80016564 (0x00210113) addi sp, sp, 2
x2 <- 0x00000002


mem[X,0x80016568] -> 0x006F
mem[X,0x8001656A] -> 0x00C0
[2506] [M]: 0x80016568 (0x00C0006F) jal zero, 12


mem[X,0x80016574] -> 0xA623
mem[X,0x80016576] -> 0x3C20
[2507] [M]: 0x80016574 (0x3C20A623) sw sp, 972(ra)
mem[0x80039634] <- 0x00000002


mem[X,0x80016578] -> 0xB537
mem[X,0x8001657A] -> 0x0000
[2508] [M]: 0x80016578 (0x0000B537) lui a0, 11
x10 <- 0x0000B000


mem[X,0x8001657C] -> 0x0513
mem[X,0x8001657E] -> 0x5045
[2509] [M]: 0x8001657C (0x50450513) addi a0, a0, 1284
x10 <- 0x0000B504


mem[X,0x80016580] -> 0x65B7
mem[X,0x80016582] -> 0x6666
[2510] [M]: 0x80016580 (0x666665B7) lui a1, 419430
x11 <- 0x66666000


mem[X,0x80016584] -> 0x8593
mem[X,0x80016586] -> 0x6655
[2511] [M]: 0x80016584 (0x66558593) addi a1, a1, 1637
x11 <- 0x66666665


mem[X,0x80016588] -> 0x0113
mem[X,0x8001658A] -> 0x0000
[2512] [M]: 0x80016588 (0x00000113) addi sp, zero, 0
x2 <- 0x00000000


mem[X,0x8001658C] -> 0x006F
mem[X,0x8001658E] -> 0x00C0
[2513] [M]: 0x8001658C (0x00C0006F) jal zero, 12


mem[X,0x80016598] -> 0x0863
mem[X,0x8001659A] -> 0x00B5
[2514] [M]: 0x80016598 (0x00B50863) beq a0, a1, 16


mem[X,0x8001659C] -> 0x0113
mem[X,0x8001659E] -> 0x0021
[2515] [M]: 0x8001659C (0x00210113) addi sp, sp, 2
x2 <- 0x00000002


mem[X,0x800165A0] -> 0x006F
mem[X,0x800165A2] -> 0x0100
[2516] [M]: 0x800165A0 (0x0100006F) jal zero, 16


mem[X,0x800165B0] -> 0xA823
mem[X,0x800165B2] -> 0x3C20
[2517] [M]: 0x800165B0 (0x3C20A823) sw sp, 976(ra)
mem[0x80039638] <- 0x00000002


mem[X,0x800165B4] -> 0xB537
mem[X,0x800165B6] -> 0x0000
[2518] [M]: 0x800165B4 (0x0000B537) lui a0, 11
x10 <- 0x0000B000


mem[X,0x800165B8] -> 0x0513
mem[X,0x800165BA] -> 0x5045
[2519] [M]: 0x800165B8 (0x50450513) addi a0, a0, 1284
x10 <- 0x0000B504


mem[X,0x800165BC] -> 0xB5B7
mem[X,0x800165BE] -> 0x0000
[2520] [M]: 0x800165BC (0x0000B5B7) lui a1, 11
x11 <- 0x0000B000


mem[X,0x800165C0] -> 0x8593
mem[X,0x800165C2] -> 0x5035
[2521] [M]: 0x800165C0 (0x50358593) addi a1, a1, 1283
x11 <- 0x0000B503


mem[X,0x800165C4] -> 0x0113
mem[X,0x800165C6] -> 0x0000
[2522] [M]: 0x800165C4 (0x00000113) addi sp, zero, 0
x2 <- 0x00000000


mem[X,0x800165C8] -> 0x006F
mem[X,0x800165CA] -> 0x0140
[2523] [M]: 0x800165C8 (0x0140006F) jal zero, 20


mem[X,0x800165DC] -> 0x08E3
mem[X,0x800165DE] -> 0xFEB5
[2524] [M]: 0x800165DC (0xFEB508E3) beq a0, a1, 8176


mem[X,0x800165E0] -> 0x0113
mem[X,0x800165E2] -> 0x0021
[2525] [M]: 0x800165E0 (0x00210113) addi sp, sp, 2
x2 <- 0x00000002


mem[X,0x800165E4] -> 0x006F
mem[X,0x800165E6] -> 0x00C0
[2526] [M]: 0x800165E4 (0x00C0006F) jal zero, 12


mem[X,0x800165F0] -> 0xAA23
mem[X,0x800165F2] -> 0x3C20
[2527] [M]: 0x800165F0 (0x3C20AA23) sw sp, 980(ra)
mem[0x8003963C] <- 0x00000002


mem[X,0x800165F4] -> 0xB537
mem[X,0x800165F6] -> 0x0000
[2528] [M]: 0x800165F4 (0x0000B537) lui a0, 11
x10 <- 0x0000B000


mem[X,0x800165F8] -> 0x0513
mem[X,0x800165FA] -> 0x5045
[2529] [M]: 0x800165F8 (0x50450513) addi a0, a0, 1284
x10 <- 0x0000B504


mem[X,0x800165FC] -> 0x55B7
mem[X,0x800165FE] -> 0x5555
[2530] [M]: 0x800165FC (0x555555B7) lui a1, 349525
x11 <- 0x55555000


mem[X,0x80016600] -> 0x8593
mem[X,0x80016602] -> 0x5565
[2531] [M]: 0x80016600 (0x55658593) addi a1, a1, 1366
x11 <- 0x55555556


mem[X,0x80016604] -> 0x0113
mem[X,0x80016606] -> 0x0000
[2532] [M]: 0x80016604 (0x00000113) addi sp, zero, 0
x2 <- 0x00000000


mem[X,0x80016608] -> 0x006F
mem[X,0x8001660A] -> 0x00C0
[2533] [M]: 0x80016608 (0x00C0006F) jal zero, 12


mem[X,0x80016614] -> 0x0663
mem[X,0x80016616] -> 0x00B5
[2534] [M]: 0x80016614 (0x00B50663) beq a0, a1, 12


mem[X,0x80016618] -> 0x0113
mem[X,0x8001661A] -> 0x0021
[2535] [M]: 0x80016618 (0x00210113) addi sp, sp, 2
x2 <- 0x00000002


mem[X,0x8001661C] -> 0x006F
mem[X,0x8001661E] -> 0x00C0
[2536] [M]: 0x8001661C (0x00C0006F) jal zero, 12


mem[X,0x80016628] -> 0xAC23
mem[X,0x8001662A] -> 0x3C20
[2537] [M]: 0x80016628 (0x3C20AC23) sw sp, 984(ra)
mem[0x80039640] <- 0x00000002


mem[X,0x8001662C] -> 0xB537
mem[X,0x8001662E] -> 0x0000
[2538] [M]: 0x8001662C (0x0000B537) lui a0, 11
x10 <- 0x0000B000


mem[X,0x80016630] -> 0x0513
mem[X,0x80016632] -> 0x5045
[2539] [M]: 0x80016630 (0x50450513) addi a0, a0, 1284
x10 <- 0x0000B504


mem[X,0x80016634] -> 0xB5B7
mem[X,0x80016636] -> 0xAAAA
[2540] [M]: 0x80016634 (0xAAAAB5B7) lui a1, 699051
x11 <- 0xAAAAB000


mem[X,0x80016638] -> 0x8593
mem[X,0x8001663A] -> 0xAAB5
[2541] [M]: 0x80016638 (0xAAB58593) addi a1, a1, 2731
x11 <- 0xAAAAAAAB


mem[X,0x8001663C] -> 0x0113
mem[X,0x8001663E] -> 0x0000
[2542] [M]: 0x8001663C (0x00000113) addi sp, zero, 0
x2 <- 0x00000000


mem[X,0x80016640] -> 0x006F
mem[X,0x80016642] -> 0x00C0
[2543] [M]: 0x80016640 (0x00C0006F) jal zero, 12


mem[X,0x8001664C] -> 0x0063
mem[X,0x8001664E] -> 0x02B5
[2544] [M]: 0x8001664C (0x02B50063) beq a0, a1, 32


mem[X,0x80016650] -> 0x0113
mem[X,0x80016652] -> 0x0021
[2545] [M]: 0x80016650 (0x00210113) addi sp, sp, 2
x2 <- 0x00000002


mem[X,0x80016654] -> 0x006F
mem[X,0x80016656] -> 0x0200
[2546] [M]: 0x80016654 (0x0200006F) jal zero, 32


mem[X,0x80016674] -> 0xAE23
mem[X,0x80016676] -> 0x3C20
[2547] [M]: 0x80016674 (0x3C20AE23) sw sp, 988(ra)
mem[0x80039644] <- 0x00000002


mem[X,0x80016678] -> 0xB537
mem[X,0x8001667A] -> 0x0000
[2548] [M]: 0x80016678 (0x0000B537) lui a0, 11
x10 <- 0x0000B000


mem[X,0x8001667C] -> 0x0513
mem[X,0x8001667E] -> 0x5045
[2549] [M]: 0x8001667C (0x50450513) addi a0, a0, 1284
x10 <- 0x0000B504


mem[X,0x80016680] -> 0x0593
mem[X,0x80016682] -> 0x0060
[2550] [M]: 0x80016680 (0x00600593) addi a1, zero, 6
x11 <- 0x00000006


mem[X,0x80016684] -> 0x0113
mem[X,0x80016686] -> 0x0000
[2551] [M]: 0x80016684 (0x00000113) addi sp, zero, 0
x2 <- 0x00000000


mem[X,0x80016688] -> 0x006F
mem[X,0x8001668A] -> 0x00C0
[2552] [M]: 0x80016688 (0x00C0006F) jal zero, 12


mem[X,0x80016694] -> 0x0063
mem[X,0x80016696] -> 0x40B5
[2553] [M]: 0x80016694 (0x40B50063) beq a0, a1, 1024


mem[X,0x80016698] -> 0x0113
mem[X,0x8001669A] -> 0x0021
[2554] [M]: 0x80016698 (0x00210113) addi sp, sp, 2
x2 <- 0x00000002


mem[X,0x8001669C] -> 0x006F
mem[X,0x8001669E] -> 0x4000
[2555] [M]: 0x8001669C (0x4000006F) jal zero, 1024


mem[X,0x80016A9C] -> 0xA023
mem[X,0x80016A9E] -> 0x3E20
[2556] [M]: 0x80016A9C (0x3E20A023) sw sp, 992(ra)
mem[0x80039648] <- 0x00000002


mem[X,0x80016AA0] -> 0xB537
mem[X,0x80016AA2] -> 0x0000
[2557] [M]: 0x80016AA0 (0x0000B537) lui a0, 11
x10 <- 0x0000B000


mem[X,0x80016AA4] -> 0x0513
mem[X,0x80016AA6] -> 0x5045
[2558] [M]: 0x80016AA4 (0x50450513) addi a0, a0, 1284
x10 <- 0x0000B504


mem[X,0x80016AA8] -> 0x35B7
mem[X,0x80016AAA] -> 0x3333
[2559] [M]: 0x80016AA8 (0x333335B7) lui a1, 209715
x11 <- 0x33333000


mem[X,0x80016AAC] -> 0x8593
mem[X,0x80016AAE] -> 0x3345
[2560] [M]: 0x80016AAC (0x33458593) addi a1, a1, 820
x11 <- 0x33333334


mem[X,0x80016AB0] -> 0x0113
mem[X,0x80016AB2] -> 0x0000
[2561] [M]: 0x80016AB0 (0x00000113) addi sp, zero, 0
x2 <- 0x00000000


mem[X,0x80016AB4] -> 0x006F
mem[X,0x80016AB6] -> 0x00C0
[2562] [M]: 0x80016AB4 (0x00C0006F) jal zero, 12


mem[X,0x80016AC0] -> 0x0063
mem[X,0x80016AC2] -> 0x10B5
[2563] [M]: 0x80016AC0 (0x10B50063) beq a0, a1, 256


mem[X,0x80016AC4] -> 0x0113
mem[X,0x80016AC6] -> 0x0021
[2564] [M]: 0x80016AC4 (0x00210113) addi sp, sp, 2
x2 <- 0x00000002


mem[X,0x80016AC8] -> 0x006F
mem[X,0x80016ACA] -> 0x1000
[2565] [M]: 0x80016AC8 (0x1000006F) jal zero, 256


mem[X,0x80016BC8] -> 0xA223
mem[X,0x80016BCA] -> 0x3E20
[2566] [M]: 0x80016BC8 (0x3E20A223) sw sp, 996(ra)
mem[0x8003964C] <- 0x00000002


mem[X,0x80016BCC] -> 0xB537
mem[X,0x80016BCE] -> 0x0000
[2567] [M]: 0x80016BCC (0x0000B537) lui a0, 11
x10 <- 0x0000B000


mem[X,0x80016BD0] -> 0x0513
mem[X,0x80016BD2] -> 0x5045
[2568] [M]: 0x80016BD0 (0x50450513) addi a0, a0, 1284
x10 <- 0x0000B504


mem[X,0x80016BD4] -> 0x65B7
mem[X,0x80016BD6] -> 0x6666
[2569] [M]: 0x80016BD4 (0x666665B7) lui a1, 419430
x11 <- 0x66666000


mem[X,0x80016BD8] -> 0x8593
mem[X,0x80016BDA] -> 0x6675
[2570] [M]: 0x80016BD8 (0x66758593) addi a1, a1, 1639
x11 <- 0x66666667


mem[X,0x80016BDC] -> 0x0113
mem[X,0x80016BDE] -> 0x0000
[2571] [M]: 0x80016BDC (0x00000113) addi sp, zero, 0
x2 <- 0x00000000


mem[X,0x80016BE0] -> 0x006F
mem[X,0x80016BE2] -> 0x00C0
[2572] [M]: 0x80016BE0 (0x00C0006F) jal zero, 12


mem[X,0x80016BEC] -> 0x0863
mem[X,0x80016BEE] -> 0x00B5
[2573] [M]: 0x80016BEC (0x00B50863) beq a0, a1, 16


mem[X,0x80016BF0] -> 0x0113
mem[X,0x80016BF2] -> 0x0021
[2574] [M]: 0x80016BF0 (0x00210113) addi sp, sp, 2
x2 <- 0x00000002


mem[X,0x80016BF4] -> 0x006F
mem[X,0x80016BF6] -> 0x0100
[2575] [M]: 0x80016BF4 (0x0100006F) jal zero, 16


mem[X,0x80016C04] -> 0xA423
mem[X,0x80016C06] -> 0x3E20
[2576] [M]: 0x80016C04 (0x3E20A423) sw sp, 1000(ra)
mem[0x80039650] <- 0x00000002


mem[X,0x80016C08] -> 0xB537
mem[X,0x80016C0A] -> 0x0000
[2577] [M]: 0x80016C08 (0x0000B537) lui a0, 11
x10 <- 0x0000B000


mem[X,0x80016C0C] -> 0x0513
mem[X,0x80016C0E] -> 0x5045
[2578] [M]: 0x80016C0C (0x50450513) addi a0, a0, 1284
x10 <- 0x0000B504


mem[X,0x80016C10] -> 0x55B7
mem[X,0x80016C12] -> 0xFFFF
[2579] [M]: 0x80016C10 (0xFFFF55B7) lui a1, 1048565
x11 <- 0xFFFF5000


mem[X,0x80016C14] -> 0x8593
mem[X,0x80016C16] -> 0xAFD5
[2580] [M]: 0x80016C14 (0xAFD58593) addi a1, a1, 2813
x11 <- 0xFFFF4AFD


mem[X,0x80016C18] -> 0x0113
mem[X,0x80016C1A] -> 0x0000
[2581] [M]: 0x80016C18 (0x00000113) addi sp, zero, 0
x2 <- 0x00000000


mem[X,0x80016C1C] -> 0x006F
mem[X,0x80016C1E] -> 0x00C0
[2582] [M]: 0x80016C1C (0x00C0006F) jal zero, 12


mem[X,0x80016C28] -> 0x0663
mem[X,0x80016C2A] -> 0x00B5
[2583] [M]: 0x80016C28 (0x00B50663) beq a0, a1, 12


mem[X,0x80016C2C] -> 0x0113
mem[X,0x80016C2E] -> 0x0021
[2584] [M]: 0x80016C2C (0x00210113) addi sp, sp, 2
x2 <- 0x00000002


mem[X,0x80016C30] -> 0x006F
mem[X,0x80016C32] -> 0x00C0
[2585] [M]: 0x80016C30 (0x00C0006F) jal zero, 12


mem[X,0x80016C3C] -> 0xA623
mem[X,0x80016C3E] -> 0x3E20
[2586] [M]: 0x80016C3C (0x3E20A623) sw sp, 1004(ra)
mem[0x80039654] <- 0x00000002


mem[X,0x80016C40] -> 0xB537
mem[X,0x80016C42] -> 0x0000
[2587] [M]: 0x80016C40 (0x0000B537) lui a0, 11
x10 <- 0x0000B000


mem[X,0x80016C44] -> 0x0513
mem[X,0x80016C46] -> 0x5045
[2588] [M]: 0x80016C44 (0x50450513) addi a0, a0, 1284
x10 <- 0x0000B504


mem[X,0x80016C48] -> 0xB5B7
mem[X,0x80016C4A] -> 0x0000
[2589] [M]: 0x80016C48 (0x0000B5B7) lui a1, 11
x11 <- 0x0000B000


mem[X,0x80016C4C] -> 0x8593
mem[X,0x80016C4E] -> 0x5055
[2590] [M]: 0x80016C4C (0x50558593) addi a1, a1, 1285
x11 <- 0x0000B505


mem[X,0x80016C50] -> 0x0113
mem[X,0x80016C52] -> 0x0000
[2591] [M]: 0x80016C50 (0x00000113) addi sp, zero, 0
x2 <- 0x00000000


mem[X,0x80016C54] -> 0x006F
mem[X,0x80016C56] -> 0x00C0
[2592] [M]: 0x80016C54 (0x00C0006F) jal zero, 12


mem[X,0x80016C60] -> 0x0663
mem[X,0x80016C62] -> 0x00B5
[2593] [M]: 0x80016C60 (0x00B50663) beq a0, a1, 12


mem[X,0x80016C64] -> 0x0113
mem[X,0x80016C66] -> 0x0021
[2594] [M]: 0x80016C64 (0x00210113) addi sp, sp, 2
x2 <- 0x00000002


mem[X,0x80016C68] -> 0x006F
mem[X,0x80016C6A] -> 0x00C0
[2595] [M]: 0x80016C68 (0x00C0006F) jal zero, 12


mem[X,0x80016C74] -> 0xA823
mem[X,0x80016C76] -> 0x3E20
[2596] [M]: 0x80016C74 (0x3E20A823) sw sp, 1008(ra)
mem[0x80039658] <- 0x00000002


mem[X,0x80016C78] -> 0x0513
mem[X,0x80016C7A] -> 0x0020
[2597] [M]: 0x80016C78 (0x00200513) addi a0, zero, 2
x10 <- 0x00000002


mem[X,0x80016C7C] -> 0x0593
mem[X,0x80016C7E] -> 0x0030
[2598] [M]: 0x80016C7C (0x00300593) addi a1, zero, 3
x11 <- 0x00000003


mem[X,0x80016C80] -> 0x0113
mem[X,0x80016C82] -> 0x0000
[2599] [M]: 0x80016C80 (0x00000113) addi sp, zero, 0
x2 <- 0x00000000


clint::tick mtime <- 0x000000000000001A
 clint timer pending at mtime 0x000000000000001A
htif::tick 0x0000000000000000
mem[X,0x80016C84] -> 0x006F
mem[X,0x80016C86] -> 0x00C0
[2600] [M]: 0x80016C84 (0x00C0006F) jal zero, 12


mem[X,0x80016C90] -> 0x0063
mem[X,0x80016C92] -> 0x08B5
[2601] [M]: 0x80016C90 (0x08B50063) beq a0, a1, 128


mem[X,0x80016C94] -> 0x0113
mem[X,0x80016C96] -> 0x0021
[2602] [M]: 0x80016C94 (0x00210113) addi sp, sp, 2
x2 <- 0x00000002


mem[X,0x80016C98] -> 0x006F
mem[X,0x80016C9A] -> 0x0800
[2603] [M]: 0x80016C98 (0x0800006F) jal zero, 128


mem[X,0x80016D18] -> 0xAA23
mem[X,0x80016D1A] -> 0x3E20
[2604] [M]: 0x80016D18 (0x3E20AA23) sw sp, 1012(ra)
mem[0x8003965C] <- 0x00000002


mem[X,0x80016D1C] -> 0x0513
mem[X,0x80016D1E] -> 0x0020
[2605] [M]: 0x80016D1C (0x00200513) addi a0, zero, 2
x10 <- 0x00000002


mem[X,0x80016D20] -> 0x55B7
mem[X,0x80016D22] -> 0x5555
[2606] [M]: 0x80016D20 (0x555555B7) lui a1, 349525
x11 <- 0x55555000


mem[X,0x80016D24] -> 0x8593
mem[X,0x80016D26] -> 0x5555
[2607] [M]: 0x80016D24 (0x55558593) addi a1, a1, 1365
x11 <- 0x55555555


mem[X,0x80016D28] -> 0x0113
mem[X,0x80016D2A] -> 0x0000
[2608] [M]: 0x80016D28 (0x00000113) addi sp, zero, 0
x2 <- 0x00000000


mem[X,0x80016D2C] -> 0x006F
mem[X,0x80016D2E] -> 0x00C0
[2609] [M]: 0x80016D2C (0x00C0006F) jal zero, 12


mem[X,0x80016D38] -> 0x0063
mem[X,0x80016D3A] -> 0x04B5
[2610] [M]: 0x80016D38 (0x04B50063) beq a0, a1, 64


mem[X,0x80016D3C] -> 0x0113
mem[X,0x80016D3E] -> 0x0021
[2611] [M]: 0x80016D3C (0x00210113) addi sp, sp, 2
x2 <- 0x00000002


mem[X,0x80016D40] -> 0x006F
mem[X,0x80016D42] -> 0x0400
[2612] [M]: 0x80016D40 (0x0400006F) jal zero, 64


mem[X,0x80016D80] -> 0xAC23
mem[X,0x80016D82] -> 0x3E20
[2613] [M]: 0x80016D80 (0x3E20AC23) sw sp, 1016(ra)
mem[0x80039660] <- 0x00000002


mem[X,0x80016D84] -> 0x0513
mem[X,0x80016D86] -> 0x0020
[2614] [M]: 0x80016D84 (0x00200513) addi a0, zero, 2
x10 <- 0x00000002


mem[X,0x80016D88] -> 0xB5B7
mem[X,0x80016D8A] -> 0xAAAA
[2615] [M]: 0x80016D88 (0xAAAAB5B7) lui a1, 699051
x11 <- 0xAAAAB000


mem[X,0x80016D8C] -> 0x8593
mem[X,0x80016D8E] -> 0xAAA5
[2616] [M]: 0x80016D8C (0xAAA58593) addi a1, a1, 2730
x11 <- 0xAAAAAAAA


mem[X,0x80016D90] -> 0x0113
mem[X,0x80016D92] -> 0x0000
[2617] [M]: 0x80016D90 (0x00000113) addi sp, zero, 0
x2 <- 0x00000000


mem[X,0x80016D94] -> 0x006F
mem[X,0x80016D96] -> 0x0050
[2618] [M]: 0x80016D94 (0x0050006F) jal zero, 2052


mem[X,0x80017598] -> 0x00E3
mem[X,0x8001759A] -> 0x80B5
[2619] [M]: 0x80017598 (0x80B500E3) beq a0, a1, 6144


mem[X,0x8001759C] -> 0x0113
mem[X,0x8001759E] -> 0x0021
[2620] [M]: 0x8001759C (0x00210113) addi sp, sp, 2
x2 <- 0x00000002


mem[X,0x800175A0] -> 0x006F
mem[X,0x800175A2] -> 0x00C0
[2621] [M]: 0x800175A0 (0x00C0006F) jal zero, 12


mem[X,0x800175AC] -> 0xAE23
mem[X,0x800175AE] -> 0x3E20
[2622] [M]: 0x800175AC (0x3E20AE23) sw sp, 1020(ra)
mem[0x80039664] <- 0x00000002


mem[X,0x800175B0] -> 0x0513
mem[X,0x800175B2] -> 0x0020
[2623] [M]: 0x800175B0 (0x00200513) addi a0, zero, 2
x10 <- 0x00000002


mem[X,0x800175B4] -> 0x0593
mem[X,0x800175B6] -> 0x0050
[2624] [M]: 0x800175B4 (0x00500593) addi a1, zero, 5
x11 <- 0x00000005


mem[X,0x800175B8] -> 0x0113
mem[X,0x800175BA] -> 0x0000
[2625] [M]: 0x800175B8 (0x00000113) addi sp, zero, 0
x2 <- 0x00000000


mem[X,0x800175BC] -> 0x006F
mem[X,0x800175BE] -> 0x0050
[2626] [M]: 0x800175BC (0x0050006F) jal zero, 2052


mem[X,0x80017DC0] -> 0x00E3
mem[X,0x80017DC2] -> 0x80B5
[2627] [M]: 0x80017DC0 (0x80B500E3) beq a0, a1, 6144


mem[X,0x80017DC4] -> 0x0113
mem[X,0x80017DC6] -> 0x0021
[2628] [M]: 0x80017DC4 (0x00210113) addi sp, sp, 2
x2 <- 0x00000002


mem[X,0x80017DC8] -> 0x006F
mem[X,0x80017DCA] -> 0x00C0
[2629] [M]: 0x80017DC8 (0x00C0006F) jal zero, 12


mem[X,0x80017DD4] -> 0xA023
mem[X,0x80017DD6] -> 0x4020
[2630] [M]: 0x80017DD4 (0x4020A023) sw sp, 1024(ra)
mem[0x80039668] <- 0x00000002


mem[X,0x80017DD8] -> 0x0513
mem[X,0x80017DDA] -> 0x0020
[2631] [M]: 0x80017DD8 (0x00200513) addi a0, zero, 2
x10 <- 0x00000002


mem[X,0x80017DDC] -> 0x35B7
mem[X,0x80017DDE] -> 0x3333
[2632] [M]: 0x80017DDC (0x333335B7) lui a1, 209715
x11 <- 0x33333000


mem[X,0x80017DE0] -> 0x8593
mem[X,0x80017DE2] -> 0x3335
[2633] [M]: 0x80017DE0 (0x33358593) addi a1, a1, 819
x11 <- 0x33333333


mem[X,0x80017DE4] -> 0x0113
mem[X,0x80017DE6] -> 0x0000
[2634] [M]: 0x80017DE4 (0x00000113) addi sp, zero, 0
x2 <- 0x00000000


mem[X,0x80017DE8] -> 0x006F
mem[X,0x80017DEA] -> 0x0180
[2635] [M]: 0x80017DE8 (0x0180006F) jal zero, 24


mem[X,0x80017E00] -> 0x06E3
mem[X,0x80017E02] -> 0xFEB5
[2636] [M]: 0x80017E00 (0xFEB506E3) beq a0, a1, 8172


mem[X,0x80017E04] -> 0x0113
mem[X,0x80017E06] -> 0x0021
[2637] [M]: 0x80017E04 (0x00210113) addi sp, sp, 2
x2 <- 0x00000002


mem[X,0x80017E08] -> 0x006F
mem[X,0x80017E0A] -> 0x00C0
[2638] [M]: 0x80017E08 (0x00C0006F) jal zero, 12


mem[X,0x80017E14] -> 0xA223
mem[X,0x80017E16] -> 0x4020
[2639] [M]: 0x80017E14 (0x4020A223) sw sp, 1028(ra)
mem[0x8003966C] <- 0x00000002


mem[X,0x80017E18] -> 0x0513
mem[X,0x80017E1A] -> 0x0020
[2640] [M]: 0x80017E18 (0x00200513) addi a0, zero, 2
x10 <- 0x00000002


mem[X,0x80017E1C] -> 0x65B7
mem[X,0x80017E1E] -> 0x6666
[2641] [M]: 0x80017E1C (0x666665B7) lui a1, 419430
x11 <- 0x66666000


mem[X,0x80017E20] -> 0x8593
mem[X,0x80017E22] -> 0x6665
[2642] [M]: 0x80017E20 (0x66658593) addi a1, a1, 1638
x11 <- 0x66666666


mem[X,0x80017E24] -> 0x0113
mem[X,0x80017E26] -> 0x0000
[2643] [M]: 0x80017E24 (0x00000113) addi sp, zero, 0
x2 <- 0x00000000


mem[X,0x80017E28] -> 0x006F
mem[X,0x80017E2A] -> 0x0050
[2644] [M]: 0x80017E28 (0x0050006F) jal zero, 2052


mem[X,0x8001862C] -> 0x00E3
mem[X,0x8001862E] -> 0x80B5
[2645] [M]: 0x8001862C (0x80B500E3) beq a0, a1, 6144


mem[X,0x80018630] -> 0x0113
mem[X,0x80018632] -> 0x0021
[2646] [M]: 0x80018630 (0x00210113) addi sp, sp, 2
x2 <- 0x00000002


mem[X,0x80018634] -> 0x006F
mem[X,0x80018636] -> 0x00C0
[2647] [M]: 0x80018634 (0x00C0006F) jal zero, 12


mem[X,0x80018640] -> 0xA423
mem[X,0x80018642] -> 0x4020
[2648] [M]: 0x80018640 (0x4020A423) sw sp, 1032(ra)
mem[0x80039670] <- 0x00000002


mem[X,0x80018644] -> 0x0513
mem[X,0x80018646] -> 0x0020
[2649] [M]: 0x80018644 (0x00200513) addi a0, zero, 2
x10 <- 0x00000002


mem[X,0x80018648] -> 0x55B7
mem[X,0x8001864A] -> 0xFFFF
[2650] [M]: 0x80018648 (0xFFFF55B7) lui a1, 1048565
x11 <- 0xFFFF5000


mem[X,0x8001864C] -> 0x8593
mem[X,0x8001864E] -> 0xAFC5
[2651] [M]: 0x8001864C (0xAFC58593) addi a1, a1, 2812
x11 <- 0xFFFF4AFC


mem[X,0x80018650] -> 0x0113
mem[X,0x80018652] -> 0x0000
[2652] [M]: 0x80018650 (0x00000113) addi sp, zero, 0
x2 <- 0x00000000


mem[X,0x80018654] -> 0x006F
mem[X,0x80018656] -> 0x00C0
[2653] [M]: 0x80018654 (0x00C0006F) jal zero, 12


mem[X,0x80018660] -> 0x0663
mem[X,0x80018662] -> 0x00B5
[2654] [M]: 0x80018660 (0x00B50663) beq a0, a1, 12


mem[X,0x80018664] -> 0x0113
mem[X,0x80018666] -> 0x0021
[2655] [M]: 0x80018664 (0x00210113) addi sp, sp, 2
x2 <- 0x00000002


mem[X,0x80018668] -> 0x006F
mem[X,0x8001866A] -> 0x00C0
[2656] [M]: 0x80018668 (0x00C0006F) jal zero, 12


mem[X,0x80018674] -> 0xA623
mem[X,0x80018676] -> 0x4020
[2657] [M]: 0x80018674 (0x4020A623) sw sp, 1036(ra)
mem[0x80039674] <- 0x00000002


mem[X,0x80018678] -> 0x0513
mem[X,0x8001867A] -> 0x0020
[2658] [M]: 0x80018678 (0x00200513) addi a0, zero, 2
x10 <- 0x00000002


mem[X,0x8001867C] -> 0xB5B7
mem[X,0x8001867E] -> 0x0000
[2659] [M]: 0x8001867C (0x0000B5B7) lui a1, 11
x11 <- 0x0000B000


mem[X,0x80018680] -> 0x8593
mem[X,0x80018682] -> 0x5045
[2660] [M]: 0x80018680 (0x50458593) addi a1, a1, 1284
x11 <- 0x0000B504


mem[X,0x80018684] -> 0x0113
mem[X,0x80018686] -> 0x0000
[2661] [M]: 0x80018684 (0x00000113) addi sp, zero, 0
x2 <- 0x00000000


mem[X,0x80018688] -> 0x006F
mem[X,0x8001868A] -> 0x2B10
[2662] [M]: 0x80018688 (0x2B10006F) jal zero, 2736


mem[X,0x80019138] -> 0x0A63
mem[X,0x8001913A] -> 0xD4B5
[2663] [M]: 0x80019138 (0xD4B50A63) beq a0, a1, 5460


mem[X,0x8001913C] -> 0x0113
mem[X,0x8001913E] -> 0x0021
[2664] [M]: 0x8001913C (0x00210113) addi sp, sp, 2
x2 <- 0x00000002


mem[X,0x80019140] -> 0x006F
mem[X,0x80019142] -> 0x00C0
[2665] [M]: 0x80019140 (0x00C0006F) jal zero, 12


mem[X,0x8001914C] -> 0xA823
mem[X,0x8001914E] -> 0x4020
[2666] [M]: 0x8001914C (0x4020A823) sw sp, 1040(ra)
mem[0x80039678] <- 0x00000002


mem[X,0x80019150] -> 0x0513
mem[X,0x80019152] -> 0x0020
[2667] [M]: 0x80019150 (0x00200513) addi a0, zero, 2
x10 <- 0x00000002


mem[X,0x80019154] -> 0x0593
mem[X,0x80019156] -> 0x0020
[2668] [M]: 0x80019154 (0x00200593) addi a1, zero, 2
x11 <- 0x00000002


mem[X,0x80019158] -> 0x0113
mem[X,0x8001915A] -> 0x0000
[2669] [M]: 0x80019158 (0x00000113) addi sp, zero, 0
x2 <- 0x00000000


mem[X,0x8001915C] -> 0x006F
mem[X,0x8001915E] -> 0x00C0
[2670] [M]: 0x8001915C (0x00C0006F) jal zero, 12


mem[X,0x80019168] -> 0x0663
mem[X,0x8001916A] -> 0x00B5
[2671] [M]: 0x80019168 (0x00B50663) beq a0, a1, 12


mem[X,0x80019174] -> 0x0113
mem[X,0x80019176] -> 0x0031
[2672] [M]: 0x80019174 (0x00310113) addi sp, sp, 3
x2 <- 0x00000003


mem[X,0x80019178] -> 0x006F
mem[X,0x8001917A] -> 0x0040
[2673] [M]: 0x80019178 (0x0040006F) jal zero, 4


mem[X,0x8001917C] -> 0xAA23
mem[X,0x8001917E] -> 0x4020
[2674] [M]: 0x8001917C (0x4020AA23) sw sp, 1044(ra)
mem[0x8003967C] <- 0x00000003


mem[X,0x80019180] -> 0x0513
mem[X,0x80019182] -> 0x0020
[2675] [M]: 0x80019180 (0x00200513) addi a0, zero, 2
x10 <- 0x00000002


mem[X,0x80019184] -> 0x55B7
mem[X,0x80019186] -> 0x5555
[2676] [M]: 0x80019184 (0x555555B7) lui a1, 349525
x11 <- 0x55555000


mem[X,0x80019188] -> 0x8593
mem[X,0x8001918A] -> 0x5545
[2677] [M]: 0x80019188 (0x55458593) addi a1, a1, 1364
x11 <- 0x55555554


mem[X,0x8001918C] -> 0x0113
mem[X,0x8001918E] -> 0x0000
[2678] [M]: 0x8001918C (0x00000113) addi sp, zero, 0
x2 <- 0x00000000


mem[X,0x80019190] -> 0x006F
mem[X,0x80019192] -> 0x00C0
[2679] [M]: 0x80019190 (0x00C0006F) jal zero, 12


mem[X,0x8001919C] -> 0x0663
mem[X,0x8001919E] -> 0x00B5
[2680] [M]: 0x8001919C (0x00B50663) beq a0, a1, 12


mem[X,0x800191A0] -> 0x0113
mem[X,0x800191A2] -> 0x0021
[2681] [M]: 0x800191A0 (0x00210113) addi sp, sp, 2
x2 <- 0x00000002


mem[X,0x800191A4] -> 0x006F
mem[X,0x800191A6] -> 0x00C0
[2682] [M]: 0x800191A4 (0x00C0006F) jal zero, 12


mem[X,0x800191B0] -> 0xAC23
mem[X,0x800191B2] -> 0x4020
[2683] [M]: 0x800191B0 (0x4020AC23) sw sp, 1048(ra)
mem[0x80039680] <- 0x00000002


mem[X,0x800191B4] -> 0x0513
mem[X,0x800191B6] -> 0x0020
[2684] [M]: 0x800191B4 (0x00200513) addi a0, zero, 2
x10 <- 0x00000002


mem[X,0x800191B8] -> 0x0593
mem[X,0x800191BA] -> 0x0000
[2685] [M]: 0x800191B8 (0x00000593) addi a1, zero, 0
x11 <- 0x00000000


mem[X,0x800191BC] -> 0x0113
mem[X,0x800191BE] -> 0x0000
[2686] [M]: 0x800191BC (0x00000113) addi sp, zero, 0
x2 <- 0x00000000


mem[X,0x800191C0] -> 0x006F
mem[X,0x800191C2] -> 0x00C0
[2687] [M]: 0x800191C0 (0x00C0006F) jal zero, 12


mem[X,0x800191CC] -> 0x0063
mem[X,0x800191CE] -> 0x10B5
[2688] [M]: 0x800191CC (0x10B50063) beq a0, a1, 256


mem[X,0x800191D0] -> 0x0113
mem[X,0x800191D2] -> 0x0021
[2689] [M]: 0x800191D0 (0x00210113) addi sp, sp, 2
x2 <- 0x00000002


mem[X,0x800191D4] -> 0x006F
mem[X,0x800191D6] -> 0x1000
[2690] [M]: 0x800191D4 (0x1000006F) jal zero, 256


mem[X,0x800192D4] -> 0xAE23
mem[X,0x800192D6] -> 0x4020
[2691] [M]: 0x800192D4 (0x4020AE23) sw sp, 1052(ra)
mem[0x80039684] <- 0x00000002


mem[X,0x800192D8] -> 0x0513
mem[X,0x800192DA] -> 0x0020
[2692] [M]: 0x800192D8 (0x00200513) addi a0, zero, 2
x10 <- 0x00000002


mem[X,0x800192DC] -> 0x35B7
mem[X,0x800192DE] -> 0x3333
[2693] [M]: 0x800192DC (0x333335B7) lui a1, 209715
x11 <- 0x33333000


mem[X,0x800192E0] -> 0x8593
mem[X,0x800192E2] -> 0x3325
[2694] [M]: 0x800192E0 (0x33258593) addi a1, a1, 818
x11 <- 0x33333332


mem[X,0x800192E4] -> 0x0113
mem[X,0x800192E6] -> 0x0000
[2695] [M]: 0x800192E4 (0x00000113) addi sp, zero, 0
x2 <- 0x00000000


mem[X,0x800192E8] -> 0x006F
mem[X,0x800192EA] -> 0x00C0
[2696] [M]: 0x800192E8 (0x00C0006F) jal zero, 12


mem[X,0x800192F4] -> 0x0663
mem[X,0x800192F6] -> 0x00B5
[2697] [M]: 0x800192F4 (0x00B50663) beq a0, a1, 12


mem[X,0x800192F8] -> 0x0113
mem[X,0x800192FA] -> 0x0021
[2698] [M]: 0x800192F8 (0x00210113) addi sp, sp, 2
x2 <- 0x00000002


mem[X,0x800192FC] -> 0x006F
mem[X,0x800192FE] -> 0x00C0
[2699] [M]: 0x800192FC (0x00C0006F) jal zero, 12


clint::tick mtime <- 0x000000000000001B
 clint timer pending at mtime 0x000000000000001B
htif::tick 0x0000000000000000
mem[X,0x80019308] -> 0xA023
mem[X,0x8001930A] -> 0x4220
[2700] [M]: 0x80019308 (0x4220A023) sw sp, 1056(ra)
mem[0x80039688] <- 0x00000002


mem[X,0x8001930C] -> 0x0513
mem[X,0x8001930E] -> 0x0020
[2701] [M]: 0x8001930C (0x00200513) addi a0, zero, 2
x10 <- 0x00000002


mem[X,0x80019310] -> 0x65B7
mem[X,0x80019312] -> 0x6666
[2702] [M]: 0x80019310 (0x666665B7) lui a1, 419430
x11 <- 0x66666000


mem[X,0x80019314] -> 0x8593
mem[X,0x80019316] -> 0x6655
[2703] [M]: 0x80019314 (0x66558593) addi a1, a1, 1637
x11 <- 0x66666665


mem[X,0x80019318] -> 0x0113
mem[X,0x8001931A] -> 0x0000
[2704] [M]: 0x80019318 (0x00000113) addi sp, zero, 0
x2 <- 0x00000000


mem[X,0x8001931C] -> 0x006F
mem[X,0x8001931E] -> 0x0140
[2705] [M]: 0x8001931C (0x0140006F) jal zero, 20


mem[X,0x80019330] -> 0x08E3
mem[X,0x80019332] -> 0xFEB5
[2706] [M]: 0x80019330 (0xFEB508E3) beq a0, a1, 8176


mem[X,0x80019334] -> 0x0113
mem[X,0x80019336] -> 0x0021
[2707] [M]: 0x80019334 (0x00210113) addi sp, sp, 2
x2 <- 0x00000002


mem[X,0x80019338] -> 0x006F
mem[X,0x8001933A] -> 0x00C0
[2708] [M]: 0x80019338 (0x00C0006F) jal zero, 12


mem[X,0x80019344] -> 0xA223
mem[X,0x80019346] -> 0x4220
[2709] [M]: 0x80019344 (0x4220A223) sw sp, 1060(ra)
mem[0x8003968C] <- 0x00000002


mem[X,0x80019348] -> 0x0513
mem[X,0x8001934A] -> 0x0020
[2710] [M]: 0x80019348 (0x00200513) addi a0, zero, 2
x10 <- 0x00000002


mem[X,0x8001934C] -> 0xB5B7
mem[X,0x8001934E] -> 0x0000
[2711] [M]: 0x8001934C (0x0000B5B7) lui a1, 11
x11 <- 0x0000B000


mem[X,0x80019350] -> 0x8593
mem[X,0x80019352] -> 0x5035
[2712] [M]: 0x80019350 (0x50358593) addi a1, a1, 1283
x11 <- 0x0000B503


mem[X,0x80019354] -> 0x0113
mem[X,0x80019356] -> 0x0000
[2713] [M]: 0x80019354 (0x00000113) addi sp, zero, 0
x2 <- 0x00000000


mem[X,0x80019358] -> 0x006F
mem[X,0x8001935A] -> 0x00C0
[2714] [M]: 0x80019358 (0x00C0006F) jal zero, 12


mem[X,0x80019364] -> 0x0063
mem[X,0x80019366] -> 0x02B5
[2715] [M]: 0x80019364 (0x02B50063) beq a0, a1, 32


mem[X,0x80019368] -> 0x0113
mem[X,0x8001936A] -> 0x0021
[2716] [M]: 0x80019368 (0x00210113) addi sp, sp, 2
x2 <- 0x00000002


mem[X,0x8001936C] -> 0x006F
mem[X,0x8001936E] -> 0x0200
[2717] [M]: 0x8001936C (0x0200006F) jal zero, 32


mem[X,0x8001938C] -> 0xA423
mem[X,0x8001938E] -> 0x4220
[2718] [M]: 0x8001938C (0x4220A423) sw sp, 1064(ra)
mem[0x80039690] <- 0x00000002


mem[X,0x80019390] -> 0x0513
mem[X,0x80019392] -> 0x0020
[2719] [M]: 0x80019390 (0x00200513) addi a0, zero, 2
x10 <- 0x00000002


mem[X,0x80019394] -> 0x55B7
mem[X,0x80019396] -> 0x5555
[2720] [M]: 0x80019394 (0x555555B7) lui a1, 349525
x11 <- 0x55555000


mem[X,0x80019398] -> 0x8593
mem[X,0x8001939A] -> 0x5565
[2721] [M]: 0x80019398 (0x55658593) addi a1, a1, 1366
x11 <- 0x55555556


mem[X,0x8001939C] -> 0x0113
mem[X,0x8001939E] -> 0x0000
[2722] [M]: 0x8001939C (0x00000113) addi sp, zero, 0
x2 <- 0x00000000


mem[X,0x800193A0] -> 0x006F
mem[X,0x800193A2] -> 0x00C0
[2723] [M]: 0x800193A0 (0x00C0006F) jal zero, 12


mem[X,0x800193AC] -> 0x0063
mem[X,0x800193AE] -> 0x04B5
[2724] [M]: 0x800193AC (0x04B50063) beq a0, a1, 64


mem[X,0x800193B0] -> 0x0113
mem[X,0x800193B2] -> 0x0021
[2725] [M]: 0x800193B0 (0x00210113) addi sp, sp, 2
x2 <- 0x00000002


mem[X,0x800193B4] -> 0x006F
mem[X,0x800193B6] -> 0x0400
[2726] [M]: 0x800193B4 (0x0400006F) jal zero, 64


mem[X,0x800193F4] -> 0xA623
mem[X,0x800193F6] -> 0x4220
[2727] [M]: 0x800193F4 (0x4220A623) sw sp, 1068(ra)
mem[0x80039694] <- 0x00000002


mem[X,0x800193F8] -> 0x0513
mem[X,0x800193FA] -> 0x0020
[2728] [M]: 0x800193F8 (0x00200513) addi a0, zero, 2
x10 <- 0x00000002


mem[X,0x800193FC] -> 0xB5B7
mem[X,0x800193FE] -> 0xAAAA
[2729] [M]: 0x800193FC (0xAAAAB5B7) lui a1, 699051
x11 <- 0xAAAAB000


mem[X,0x80019400] -> 0x8593
mem[X,0x80019402] -> 0xAAB5
[2730] [M]: 0x80019400 (0xAAB58593) addi a1, a1, 2731
x11 <- 0xAAAAAAAB


mem[X,0x80019404] -> 0x0113
mem[X,0x80019406] -> 0x0000
[2731] [M]: 0x80019404 (0x00000113) addi sp, zero, 0
x2 <- 0x00000000


mem[X,0x80019408] -> 0x006F
mem[X,0x8001940A] -> 0x00C0
[2732] [M]: 0x80019408 (0x00C0006F) jal zero, 12


mem[X,0x80019414] -> 0x0063
mem[X,0x80019416] -> 0x20B5
[2733] [M]: 0x80019414 (0x20B50063) beq a0, a1, 512


mem[X,0x80019418] -> 0x0113
mem[X,0x8001941A] -> 0x0021
[2734] [M]: 0x80019418 (0x00210113) addi sp, sp, 2
x2 <- 0x00000002


mem[X,0x8001941C] -> 0x006F
mem[X,0x8001941E] -> 0x2000
[2735] [M]: 0x8001941C (0x2000006F) jal zero, 512


mem[X,0x8001961C] -> 0xA823
mem[X,0x8001961E] -> 0x4220
[2736] [M]: 0x8001961C (0x4220A823) sw sp, 1072(ra)
mem[0x80039698] <- 0x00000002


mem[X,0x80019620] -> 0x0513
mem[X,0x80019622] -> 0x0020
[2737] [M]: 0x80019620 (0x00200513) addi a0, zero, 2
x10 <- 0x00000002


mem[X,0x80019624] -> 0x0593
mem[X,0x80019626] -> 0x0060
[2738] [M]: 0x80019624 (0x00600593) addi a1, zero, 6
x11 <- 0x00000006


mem[X,0x80019628] -> 0x0113
mem[X,0x8001962A] -> 0x0000
[2739] [M]: 0x80019628 (0x00000113) addi sp, zero, 0
x2 <- 0x00000000


mem[X,0x8001962C] -> 0x006F
mem[X,0x8001962E] -> 0x00C0
[2740] [M]: 0x8001962C (0x00C0006F) jal zero, 12


mem[X,0x80019638] -> 0x0063
mem[X,0x8001963A] -> 0x04B5
[2741] [M]: 0x80019638 (0x04B50063) beq a0, a1, 64


mem[X,0x8001963C] -> 0x0113
mem[X,0x8001963E] -> 0x0021
[2742] [M]: 0x8001963C (0x00210113) addi sp, sp, 2
x2 <- 0x00000002


mem[X,0x80019640] -> 0x006F
mem[X,0x80019642] -> 0x0400
[2743] [M]: 0x80019640 (0x0400006F) jal zero, 64


mem[X,0x80019680] -> 0xAA23
mem[X,0x80019682] -> 0x4220
[2744] [M]: 0x80019680 (0x4220AA23) sw sp, 1076(ra)
mem[0x8003969C] <- 0x00000002


mem[X,0x80019684] -> 0x0513
mem[X,0x80019686] -> 0x0020
[2745] [M]: 0x80019684 (0x00200513) addi a0, zero, 2
x10 <- 0x00000002


mem[X,0x80019688] -> 0x35B7
mem[X,0x8001968A] -> 0x3333
[2746] [M]: 0x80019688 (0x333335B7) lui a1, 209715
x11 <- 0x33333000


mem[X,0x8001968C] -> 0x8593
mem[X,0x8001968E] -> 0x3345
[2747] [M]: 0x8001968C (0x33458593) addi a1, a1, 820
x11 <- 0x33333334


mem[X,0x80019690] -> 0x0113
mem[X,0x80019692] -> 0x0000
[2748] [M]: 0x80019690 (0x00000113) addi sp, zero, 0
x2 <- 0x00000000


mem[X,0x80019694] -> 0x006F
mem[X,0x80019696] -> 0x0050
[2749] [M]: 0x80019694 (0x0050006F) jal zero, 2052


mem[X,0x80019E98] -> 0x00E3
mem[X,0x80019E9A] -> 0x80B5
[2750] [M]: 0x80019E98 (0x80B500E3) beq a0, a1, 6144


mem[X,0x80019E9C] -> 0x0113
mem[X,0x80019E9E] -> 0x0021
[2751] [M]: 0x80019E9C (0x00210113) addi sp, sp, 2
x2 <- 0x00000002


mem[X,0x80019EA0] -> 0x006F
mem[X,0x80019EA2] -> 0x00C0
[2752] [M]: 0x80019EA0 (0x00C0006F) jal zero, 12


mem[X,0x80019EAC] -> 0xAC23
mem[X,0x80019EAE] -> 0x4220
[2753] [M]: 0x80019EAC (0x4220AC23) sw sp, 1080(ra)
mem[0x800396A0] <- 0x00000002


mem[X,0x80019EB0] -> 0x0513
mem[X,0x80019EB2] -> 0x0020
[2754] [M]: 0x80019EB0 (0x00200513) addi a0, zero, 2
x10 <- 0x00000002


mem[X,0x80019EB4] -> 0x65B7
mem[X,0x80019EB6] -> 0x6666
[2755] [M]: 0x80019EB4 (0x666665B7) lui a1, 419430
x11 <- 0x66666000


mem[X,0x80019EB8] -> 0x8593
mem[X,0x80019EBA] -> 0x6675
[2756] [M]: 0x80019EB8 (0x66758593) addi a1, a1, 1639
x11 <- 0x66666667


mem[X,0x80019EBC] -> 0x0113
mem[X,0x80019EBE] -> 0x0000
[2757] [M]: 0x80019EBC (0x00000113) addi sp, zero, 0
x2 <- 0x00000000


mem[X,0x80019EC0] -> 0x006F
mem[X,0x80019EC2] -> 0x00C0
[2758] [M]: 0x80019EC0 (0x00C0006F) jal zero, 12


mem[X,0x80019ECC] -> 0x0CE3
mem[X,0x80019ECE] -> 0xFEB5
[2759] [M]: 0x80019ECC (0xFEB50CE3) beq a0, a1, 8184


mem[X,0x80019ED0] -> 0x0113
mem[X,0x80019ED2] -> 0x0021
[2760] [M]: 0x80019ED0 (0x00210113) addi sp, sp, 2
x2 <- 0x00000002


mem[X,0x80019ED4] -> 0x006F
mem[X,0x80019ED6] -> 0x00C0
[2761] [M]: 0x80019ED4 (0x00C0006F) jal zero, 12


mem[X,0x80019EE0] -> 0xAE23
mem[X,0x80019EE2] -> 0x4220
[2762] [M]: 0x80019EE0 (0x4220AE23) sw sp, 1084(ra)
mem[0x800396A4] <- 0x00000002


mem[X,0x80019EE4] -> 0x0513
mem[X,0x80019EE6] -> 0x0020
[2763] [M]: 0x80019EE4 (0x00200513) addi a0, zero, 2
x10 <- 0x00000002


mem[X,0x80019EE8] -> 0x55B7
mem[X,0x80019EEA] -> 0xFFFF
[2764] [M]: 0x80019EE8 (0xFFFF55B7) lui a1, 1048565
x11 <- 0xFFFF5000


mem[X,0x80019EEC] -> 0x8593
mem[X,0x80019EEE] -> 0xAFD5
[2765] [M]: 0x80019EEC (0xAFD58593) addi a1, a1, 2813
x11 <- 0xFFFF4AFD


mem[X,0x80019EF0] -> 0x0113
mem[X,0x80019EF2] -> 0x0000
[2766] [M]: 0x80019EF0 (0x00000113) addi sp, zero, 0
x2 <- 0x00000000


mem[X,0x80019EF4] -> 0x006F
mem[X,0x80019EF6] -> 0x00C0
[2767] [M]: 0x80019EF4 (0x00C0006F) jal zero, 12


mem[X,0x80019F00] -> 0x0663
mem[X,0x80019F02] -> 0x00B5
[2768] [M]: 0x80019F00 (0x00B50663) beq a0, a1, 12


mem[X,0x80019F04] -> 0x0113
mem[X,0x80019F06] -> 0x0021
[2769] [M]: 0x80019F04 (0x00210113) addi sp, sp, 2
x2 <- 0x00000002


mem[X,0x80019F08] -> 0x006F
mem[X,0x80019F0A] -> 0x00C0
[2770] [M]: 0x80019F08 (0x00C0006F) jal zero, 12


mem[X,0x80019F14] -> 0xA023
mem[X,0x80019F16] -> 0x4420
[2771] [M]: 0x80019F14 (0x4420A023) sw sp, 1088(ra)
mem[0x800396A8] <- 0x00000002


mem[X,0x80019F18] -> 0x0513
mem[X,0x80019F1A] -> 0x0020
[2772] [M]: 0x80019F18 (0x00200513) addi a0, zero, 2
x10 <- 0x00000002


mem[X,0x80019F1C] -> 0xB5B7
mem[X,0x80019F1E] -> 0x0000
[2773] [M]: 0x80019F1C (0x0000B5B7) lui a1, 11
x11 <- 0x0000B000


mem[X,0x80019F20] -> 0x8593
mem[X,0x80019F22] -> 0x5055
[2774] [M]: 0x80019F20 (0x50558593) addi a1, a1, 1285
x11 <- 0x0000B505


mem[X,0x80019F24] -> 0x0113
mem[X,0x80019F26] -> 0x0000
[2775] [M]: 0x80019F24 (0x00000113) addi sp, zero, 0
x2 <- 0x00000000


mem[X,0x80019F28] -> 0x006F
mem[X,0x80019F2A] -> 0x00C0
[2776] [M]: 0x80019F28 (0x00C0006F) jal zero, 12


mem[X,0x80019F34] -> 0x0663
mem[X,0x80019F36] -> 0x00B5
[2777] [M]: 0x80019F34 (0x00B50663) beq a0, a1, 12


mem[X,0x80019F38] -> 0x0113
mem[X,0x80019F3A] -> 0x0021
[2778] [M]: 0x80019F38 (0x00210113) addi sp, sp, 2
x2 <- 0x00000002


mem[X,0x80019F3C] -> 0x006F
mem[X,0x80019F3E] -> 0x00C0
[2779] [M]: 0x80019F3C (0x00C0006F) jal zero, 12


mem[X,0x80019F48] -> 0xA223
mem[X,0x80019F4A] -> 0x4420
[2780] [M]: 0x80019F48 (0x4420A223) sw sp, 1092(ra)
mem[0x800396AC] <- 0x00000002


mem[X,0x80019F4C] -> 0x5537
mem[X,0x80019F4E] -> 0x5555
[2781] [M]: 0x80019F4C (0x55555537) lui a0, 349525
x10 <- 0x55555000


mem[X,0x80019F50] -> 0x0513
mem[X,0x80019F52] -> 0x5545
[2782] [M]: 0x80019F50 (0x55450513) addi a0, a0, 1364
x10 <- 0x55555554


mem[X,0x80019F54] -> 0x0593
mem[X,0x80019F56] -> 0x0030
[2783] [M]: 0x80019F54 (0x00300593) addi a1, zero, 3
x11 <- 0x00000003


mem[X,0x80019F58] -> 0x0113
mem[X,0x80019F5A] -> 0x0000
[2784] [M]: 0x80019F58 (0x00000113) addi sp, zero, 0
x2 <- 0x00000000


mem[X,0x80019F5C] -> 0x006F
mem[X,0x80019F5E] -> 0x00C0
[2785] [M]: 0x80019F5C (0x00C0006F) jal zero, 12


mem[X,0x80019F68] -> 0x0CE3
mem[X,0x80019F6A] -> 0xFEB5
[2786] [M]: 0x80019F68 (0xFEB50CE3) beq a0, a1, 8184


mem[X,0x80019F6C] -> 0x0113
mem[X,0x80019F6E] -> 0x0021
[2787] [M]: 0x80019F6C (0x00210113) addi sp, sp, 2
x2 <- 0x00000002


mem[X,0x80019F70] -> 0x006F
mem[X,0x80019F72] -> 0x00C0
[2788] [M]: 0x80019F70 (0x00C0006F) jal zero, 12


mem[X,0x80019F7C] -> 0xA423
mem[X,0x80019F7E] -> 0x4420
[2789] [M]: 0x80019F7C (0x4420A423) sw sp, 1096(ra)
mem[0x800396B0] <- 0x00000002


mem[X,0x80019F80] -> 0x5537
mem[X,0x80019F82] -> 0x5555
[2790] [M]: 0x80019F80 (0x55555537) lui a0, 349525
x10 <- 0x55555000


mem[X,0x80019F84] -> 0x0513
mem[X,0x80019F86] -> 0x5545
[2791] [M]: 0x80019F84 (0x55450513) addi a0, a0, 1364
x10 <- 0x55555554


mem[X,0x80019F88] -> 0x55B7
mem[X,0x80019F8A] -> 0x5555
[2792] [M]: 0x80019F88 (0x555555B7) lui a1, 349525
x11 <- 0x55555000


mem[X,0x80019F8C] -> 0x8593
mem[X,0x80019F8E] -> 0x5555
[2793] [M]: 0x80019F8C (0x55558593) addi a1, a1, 1365
x11 <- 0x55555555


mem[X,0x80019F90] -> 0x0113
mem[X,0x80019F92] -> 0x0000
[2794] [M]: 0x80019F90 (0x00000113) addi sp, zero, 0
x2 <- 0x00000000


mem[X,0x80019F94] -> 0x006F
mem[X,0x80019F96] -> 0x00C0
[2795] [M]: 0x80019F94 (0x00C0006F) jal zero, 12


mem[X,0x80019FA0] -> 0x0CE3
mem[X,0x80019FA2] -> 0xFEB5
[2796] [M]: 0x80019FA0 (0xFEB50CE3) beq a0, a1, 8184


mem[X,0x80019FA4] -> 0x0113
mem[X,0x80019FA6] -> 0x0021
[2797] [M]: 0x80019FA4 (0x00210113) addi sp, sp, 2
x2 <- 0x00000002


mem[X,0x80019FA8] -> 0x006F
mem[X,0x80019FAA] -> 0x00C0
[2798] [M]: 0x80019FA8 (0x00C0006F) jal zero, 12


mem[X,0x80019FB4] -> 0xA623
mem[X,0x80019FB6] -> 0x4420
[2799] [M]: 0x80019FB4 (0x4420A623) sw sp, 1100(ra)
mem[0x800396B4] <- 0x00000002


clint::tick mtime <- 0x000000000000001C
 clint timer pending at mtime 0x000000000000001C
htif::tick 0x0000000000000000
mem[X,0x80019FB8] -> 0x5537
mem[X,0x80019FBA] -> 0x5555
[2800] [M]: 0x80019FB8 (0x55555537) lui a0, 349525
x10 <- 0x55555000


mem[X,0x80019FBC] -> 0x0513
mem[X,0x80019FBE] -> 0x5545
[2801] [M]: 0x80019FBC (0x55450513) addi a0, a0, 1364
x10 <- 0x55555554


mem[X,0x80019FC0] -> 0xB5B7
mem[X,0x80019FC2] -> 0xAAAA
[2802] [M]: 0x80019FC0 (0xAAAAB5B7) lui a1, 699051
x11 <- 0xAAAAB000


mem[X,0x80019FC4] -> 0x8593
mem[X,0x80019FC6] -> 0xAAA5
[2803] [M]: 0x80019FC4 (0xAAA58593) addi a1, a1, 2730
x11 <- 0xAAAAAAAA


mem[X,0x80019FC8] -> 0x0113
mem[X,0x80019FCA] -> 0x0000
[2804] [M]: 0x80019FC8 (0x00000113) addi sp, zero, 0
x2 <- 0x00000000


mem[X,0x80019FCC] -> 0x006F
mem[X,0x80019FCE] -> 0x00C0
[2805] [M]: 0x80019FCC (0x00C0006F) jal zero, 12


mem[X,0x80019FD8] -> 0x0663
mem[X,0x80019FDA] -> 0x00B5
[2806] [M]: 0x80019FD8 (0x00B50663) beq a0, a1, 12


mem[X,0x80019FDC] -> 0x0113
mem[X,0x80019FDE] -> 0x0021
[2807] [M]: 0x80019FDC (0x00210113) addi sp, sp, 2
x2 <- 0x00000002


mem[X,0x80019FE0] -> 0x006F
mem[X,0x80019FE2] -> 0x00C0
[2808] [M]: 0x80019FE0 (0x00C0006F) jal zero, 12


mem[X,0x80019FEC] -> 0xA823
mem[X,0x80019FEE] -> 0x4420
[2809] [M]: 0x80019FEC (0x4420A823) sw sp, 1104(ra)
mem[0x800396B8] <- 0x00000002


mem[X,0x80019FF0] -> 0x5537
mem[X,0x80019FF2] -> 0x5555
[2810] [M]: 0x80019FF0 (0x55555537) lui a0, 349525
x10 <- 0x55555000


mem[X,0x80019FF4] -> 0x0513
mem[X,0x80019FF6] -> 0x5545
[2811] [M]: 0x80019FF4 (0x55450513) addi a0, a0, 1364
x10 <- 0x55555554


mem[X,0x80019FF8] -> 0x0593
mem[X,0x80019FFA] -> 0x0050
[2812] [M]: 0x80019FF8 (0x00500593) addi a1, zero, 5
x11 <- 0x00000005


mem[X,0x80019FFC] -> 0x0113
mem[X,0x80019FFE] -> 0x0000
[2813] [M]: 0x80019FFC (0x00000113) addi sp, zero, 0
x2 <- 0x00000000


mem[X,0x8001A000] -> 0x006F
mem[X,0x8001A002] -> 0x00C0
[2814] [M]: 0x8001A000 (0x00C0006F) jal zero, 12


mem[X,0x8001A00C] -> 0x0663
mem[X,0x8001A00E] -> 0x00B5
[2815] [M]: 0x8001A00C (0x00B50663) beq a0, a1, 12


mem[X,0x8001A010] -> 0x0113
mem[X,0x8001A012] -> 0x0021
[2816] [M]: 0x8001A010 (0x00210113) addi sp, sp, 2
x2 <- 0x00000002


mem[X,0x8001A014] -> 0x006F
mem[X,0x8001A016] -> 0x00C0
[2817] [M]: 0x8001A014 (0x00C0006F) jal zero, 12


mem[X,0x8001A020] -> 0xAA23
mem[X,0x8001A022] -> 0x4420
[2818] [M]: 0x8001A020 (0x4420AA23) sw sp, 1108(ra)
mem[0x800396BC] <- 0x00000002


mem[X,0x8001A024] -> 0x5537
mem[X,0x8001A026] -> 0x5555
[2819] [M]: 0x8001A024 (0x55555537) lui a0, 349525
x10 <- 0x55555000


mem[X,0x8001A028] -> 0x0513
mem[X,0x8001A02A] -> 0x5545
[2820] [M]: 0x8001A028 (0x55450513) addi a0, a0, 1364
x10 <- 0x55555554


mem[X,0x8001A02C] -> 0x35B7
mem[X,0x8001A02E] -> 0x3333
[2821] [M]: 0x8001A02C (0x333335B7) lui a1, 209715
x11 <- 0x33333000


mem[X,0x8001A030] -> 0x8593
mem[X,0x8001A032] -> 0x3335
[2822] [M]: 0x8001A030 (0x33358593) addi a1, a1, 819
x11 <- 0x33333333


mem[X,0x8001A034] -> 0x0113
mem[X,0x8001A036] -> 0x0000
[2823] [M]: 0x8001A034 (0x00000113) addi sp, zero, 0
x2 <- 0x00000000


mem[X,0x8001A038] -> 0x006F
mem[X,0x8001A03A] -> 0x00C0
[2824] [M]: 0x8001A038 (0x00C0006F) jal zero, 12


mem[X,0x8001A044] -> 0x0CE3
mem[X,0x8001A046] -> 0xFEB5
[2825] [M]: 0x8001A044 (0xFEB50CE3) beq a0, a1, 8184


mem[X,0x8001A048] -> 0x0113
mem[X,0x8001A04A] -> 0x0021
[2826] [M]: 0x8001A048 (0x00210113) addi sp, sp, 2
x2 <- 0x00000002


mem[X,0x8001A04C] -> 0x006F
mem[X,0x8001A04E] -> 0x00C0
[2827] [M]: 0x8001A04C (0x00C0006F) jal zero, 12


mem[X,0x8001A058] -> 0xAC23
mem[X,0x8001A05A] -> 0x4420
[2828] [M]: 0x8001A058 (0x4420AC23) sw sp, 1112(ra)
mem[0x800396C0] <- 0x00000002


mem[X,0x8001A05C] -> 0x5537
mem[X,0x8001A05E] -> 0x5555
[2829] [M]: 0x8001A05C (0x55555537) lui a0, 349525
x10 <- 0x55555000


mem[X,0x8001A060] -> 0x0513
mem[X,0x8001A062] -> 0x5545
[2830] [M]: 0x8001A060 (0x55450513) addi a0, a0, 1364
x10 <- 0x55555554


mem[X,0x8001A064] -> 0x65B7
mem[X,0x8001A066] -> 0x6666
[2831] [M]: 0x8001A064 (0x666665B7) lui a1, 419430
x11 <- 0x66666000


mem[X,0x8001A068] -> 0x8593
mem[X,0x8001A06A] -> 0x6665
[2832] [M]: 0x8001A068 (0x66658593) addi a1, a1, 1638
x11 <- 0x66666666


mem[X,0x8001A06C] -> 0x0113
mem[X,0x8001A06E] -> 0x0000
[2833] [M]: 0x8001A06C (0x00000113) addi sp, zero, 0
x2 <- 0x00000000


mem[X,0x8001A070] -> 0x006F
mem[X,0x8001A072] -> 0x00C0
[2834] [M]: 0x8001A070 (0x00C0006F) jal zero, 12


mem[X,0x8001A07C] -> 0x0CE3
mem[X,0x8001A07E] -> 0xFEB5
[2835] [M]: 0x8001A07C (0xFEB50CE3) beq a0, a1, 8184


mem[X,0x8001A080] -> 0x0113
mem[X,0x8001A082] -> 0x0021
[2836] [M]: 0x8001A080 (0x00210113) addi sp, sp, 2
x2 <- 0x00000002


mem[X,0x8001A084] -> 0x006F
mem[X,0x8001A086] -> 0x00C0
[2837] [M]: 0x8001A084 (0x00C0006F) jal zero, 12


mem[X,0x8001A090] -> 0xAE23
mem[X,0x8001A092] -> 0x4420
[2838] [M]: 0x8001A090 (0x4420AE23) sw sp, 1116(ra)
mem[0x800396C4] <- 0x00000002


mem[X,0x8001A094] -> 0x5537
mem[X,0x8001A096] -> 0x5555
[2839] [M]: 0x8001A094 (0x55555537) lui a0, 349525
x10 <- 0x55555000


mem[X,0x8001A098] -> 0x0513
mem[X,0x8001A09A] -> 0x5545
[2840] [M]: 0x8001A098 (0x55450513) addi a0, a0, 1364
x10 <- 0x55555554


mem[X,0x8001A09C] -> 0x55B7
mem[X,0x8001A09E] -> 0xFFFF
[2841] [M]: 0x8001A09C (0xFFFF55B7) lui a1, 1048565
x11 <- 0xFFFF5000


mem[X,0x8001A0A0] -> 0x8593
mem[X,0x8001A0A2] -> 0xAFC5
[2842] [M]: 0x8001A0A0 (0xAFC58593) addi a1, a1, 2812
x11 <- 0xFFFF4AFC


mem[X,0x8001A0A4] -> 0x0113
mem[X,0x8001A0A6] -> 0x0000
[2843] [M]: 0x8001A0A4 (0x00000113) addi sp, zero, 0
x2 <- 0x00000000


mem[X,0x8001A0A8] -> 0x006F
mem[X,0x8001A0AA] -> 0x0050
[2844] [M]: 0x8001A0A8 (0x0050006F) jal zero, 2052


mem[X,0x8001A8AC] -> 0x00E3
mem[X,0x8001A8AE] -> 0x80B5
[2845] [M]: 0x8001A8AC (0x80B500E3) beq a0, a1, 6144


mem[X,0x8001A8B0] -> 0x0113
mem[X,0x8001A8B2] -> 0x0021
[2846] [M]: 0x8001A8B0 (0x00210113) addi sp, sp, 2
x2 <- 0x00000002


mem[X,0x8001A8B4] -> 0x006F
mem[X,0x8001A8B6] -> 0x00C0
[2847] [M]: 0x8001A8B4 (0x00C0006F) jal zero, 12


mem[X,0x8001A8C0] -> 0xA023
mem[X,0x8001A8C2] -> 0x4620
[2848] [M]: 0x8001A8C0 (0x4620A023) sw sp, 1120(ra)
mem[0x800396C8] <- 0x00000002


mem[X,0x8001A8C4] -> 0x5537
mem[X,0x8001A8C6] -> 0x5555
[2849] [M]: 0x8001A8C4 (0x55555537) lui a0, 349525
x10 <- 0x55555000


mem[X,0x8001A8C8] -> 0x0513
mem[X,0x8001A8CA] -> 0x5545
[2850] [M]: 0x8001A8C8 (0x55450513) addi a0, a0, 1364
x10 <- 0x55555554


mem[X,0x8001A8CC] -> 0xB5B7
mem[X,0x8001A8CE] -> 0x0000
[2851] [M]: 0x8001A8CC (0x0000B5B7) lui a1, 11
x11 <- 0x0000B000


mem[X,0x8001A8D0] -> 0x8593
mem[X,0x8001A8D2] -> 0x5045
[2852] [M]: 0x8001A8D0 (0x50458593) addi a1, a1, 1284
x11 <- 0x0000B504


mem[X,0x8001A8D4] -> 0x0113
mem[X,0x8001A8D6] -> 0x0000
[2853] [M]: 0x8001A8D4 (0x00000113) addi sp, zero, 0
x2 <- 0x00000000


mem[X,0x8001A8D8] -> 0x006F
mem[X,0x8001A8DA] -> 0x00C0
[2854] [M]: 0x8001A8D8 (0x00C0006F) jal zero, 12


mem[X,0x8001A8E4] -> 0x0063
mem[X,0x8001A8E6] -> 0x10B5
[2855] [M]: 0x8001A8E4 (0x10B50063) beq a0, a1, 256


mem[X,0x8001A8E8] -> 0x0113
mem[X,0x8001A8EA] -> 0x0021
[2856] [M]: 0x8001A8E8 (0x00210113) addi sp, sp, 2
x2 <- 0x00000002


mem[X,0x8001A8EC] -> 0x006F
mem[X,0x8001A8EE] -> 0x1000
[2857] [M]: 0x8001A8EC (0x1000006F) jal zero, 256


mem[X,0x8001A9EC] -> 0xA223
mem[X,0x8001A9EE] -> 0x4620
[2858] [M]: 0x8001A9EC (0x4620A223) sw sp, 1124(ra)
mem[0x800396CC] <- 0x00000002


mem[X,0x8001A9F0] -> 0x5537
mem[X,0x8001A9F2] -> 0x5555
[2859] [M]: 0x8001A9F0 (0x55555537) lui a0, 349525
x10 <- 0x55555000


mem[X,0x8001A9F4] -> 0x0513
mem[X,0x8001A9F6] -> 0x5545
[2860] [M]: 0x8001A9F4 (0x55450513) addi a0, a0, 1364
x10 <- 0x55555554


mem[X,0x8001A9F8] -> 0x0593
mem[X,0x8001A9FA] -> 0x0020
[2861] [M]: 0x8001A9F8 (0x00200593) addi a1, zero, 2
x11 <- 0x00000002


mem[X,0x8001A9FC] -> 0x0113
mem[X,0x8001A9FE] -> 0x0000
[2862] [M]: 0x8001A9FC (0x00000113) addi sp, zero, 0
x2 <- 0x00000000


mem[X,0x8001AA00] -> 0x006F
mem[X,0x8001AA02] -> 0x00C0
[2863] [M]: 0x8001AA00 (0x00C0006F) jal zero, 12


mem[X,0x8001AA0C] -> 0x0063
mem[X,0x8001AA0E] -> 0x08B5
[2864] [M]: 0x8001AA0C (0x08B50063) beq a0, a1, 128


mem[X,0x8001AA10] -> 0x0113
mem[X,0x8001AA12] -> 0x0021
[2865] [M]: 0x8001AA10 (0x00210113) addi sp, sp, 2
x2 <- 0x00000002


mem[X,0x8001AA14] -> 0x006F
mem[X,0x8001AA16] -> 0x0800
[2866] [M]: 0x8001AA14 (0x0800006F) jal zero, 128


mem[X,0x8001AA94] -> 0xA423
mem[X,0x8001AA96] -> 0x4620
[2867] [M]: 0x8001AA94 (0x4620A423) sw sp, 1128(ra)
mem[0x800396D0] <- 0x00000002


mem[X,0x8001AA98] -> 0x5537
mem[X,0x8001AA9A] -> 0x5555
[2868] [M]: 0x8001AA98 (0x55555537) lui a0, 349525
x10 <- 0x55555000


mem[X,0x8001AA9C] -> 0x0513
mem[X,0x8001AA9E] -> 0x5545
[2869] [M]: 0x8001AA9C (0x55450513) addi a0, a0, 1364
x10 <- 0x55555554


mem[X,0x8001AAA0] -> 0x55B7
mem[X,0x8001AAA2] -> 0x5555
[2870] [M]: 0x8001AAA0 (0x555555B7) lui a1, 349525
x11 <- 0x55555000


mem[X,0x8001AAA4] -> 0x8593
mem[X,0x8001AAA6] -> 0x5545
[2871] [M]: 0x8001AAA4 (0x55458593) addi a1, a1, 1364
x11 <- 0x55555554


mem[X,0x8001AAA8] -> 0x0113
mem[X,0x8001AAAA] -> 0x0000
[2872] [M]: 0x8001AAA8 (0x00000113) addi sp, zero, 0
x2 <- 0x00000000


mem[X,0x8001AAAC] -> 0x006F
mem[X,0x8001AAAE] -> 0x00C0
[2873] [M]: 0x8001AAAC (0x00C0006F) jal zero, 12


mem[X,0x8001AAB8] -> 0x0063
mem[X,0x8001AABA] -> 0x08B5
[2874] [M]: 0x8001AAB8 (0x08B50063) beq a0, a1, 128


mem[X,0x8001AB38] -> 0x0113
mem[X,0x8001AB3A] -> 0x0031
[2875] [M]: 0x8001AB38 (0x00310113) addi sp, sp, 3
x2 <- 0x00000003


mem[X,0x8001AB3C] -> 0x006F
mem[X,0x8001AB3E] -> 0x0040
[2876] [M]: 0x8001AB3C (0x0040006F) jal zero, 4


mem[X,0x8001AB40] -> 0xA623
mem[X,0x8001AB42] -> 0x4620
[2877] [M]: 0x8001AB40 (0x4620A623) sw sp, 1132(ra)
mem[0x800396D4] <- 0x00000003


mem[X,0x8001AB44] -> 0x5537
mem[X,0x8001AB46] -> 0x5555
[2878] [M]: 0x8001AB44 (0x55555537) lui a0, 349525
x10 <- 0x55555000


mem[X,0x8001AB48] -> 0x0513
mem[X,0x8001AB4A] -> 0x5545
[2879] [M]: 0x8001AB48 (0x55450513) addi a0, a0, 1364
x10 <- 0x55555554


mem[X,0x8001AB4C] -> 0x0593
mem[X,0x8001AB4E] -> 0x0000
[2880] [M]: 0x8001AB4C (0x00000593) addi a1, zero, 0
x11 <- 0x00000000


mem[X,0x8001AB50] -> 0x0113
mem[X,0x8001AB52] -> 0x0000
[2881] [M]: 0x8001AB50 (0x00000113) addi sp, zero, 0
x2 <- 0x00000000


mem[X,0x8001AB54] -> 0x006F
mem[X,0x8001AB56] -> 0x00C0
[2882] [M]: 0x8001AB54 (0x00C0006F) jal zero, 12


mem[X,0x8001AB60] -> 0x0663
mem[X,0x8001AB62] -> 0x00B5
[2883] [M]: 0x8001AB60 (0x00B50663) beq a0, a1, 12


mem[X,0x8001AB64] -> 0x0113
mem[X,0x8001AB66] -> 0x0021
[2884] [M]: 0x8001AB64 (0x00210113) addi sp, sp, 2
x2 <- 0x00000002


mem[X,0x8001AB68] -> 0x006F
mem[X,0x8001AB6A] -> 0x00C0
[2885] [M]: 0x8001AB68 (0x00C0006F) jal zero, 12


mem[X,0x8001AB74] -> 0xA823
mem[X,0x8001AB76] -> 0x4620
[2886] [M]: 0x8001AB74 (0x4620A823) sw sp, 1136(ra)
mem[0x800396D8] <- 0x00000002


mem[X,0x8001AB78] -> 0x5537
mem[X,0x8001AB7A] -> 0x5555
[2887] [M]: 0x8001AB78 (0x55555537) lui a0, 349525
x10 <- 0x55555000


mem[X,0x8001AB7C] -> 0x0513
mem[X,0x8001AB7E] -> 0x5545
[2888] [M]: 0x8001AB7C (0x55450513) addi a0, a0, 1364
x10 <- 0x55555554


mem[X,0x8001AB80] -> 0x0593
mem[X,0x8001AB82] -> 0x0040
[2889] [M]: 0x8001AB80 (0x00400593) addi a1, zero, 4
x11 <- 0x00000004


mem[X,0x8001AB84] -> 0x0113
mem[X,0x8001AB86] -> 0x0000
[2890] [M]: 0x8001AB84 (0x00000113) addi sp, zero, 0
x2 <- 0x00000000


mem[X,0x8001AB88] -> 0x006F
mem[X,0x8001AB8A] -> 0x0140
[2891] [M]: 0x8001AB88 (0x0140006F) jal zero, 20


mem[X,0x8001AB9C] -> 0x08E3
mem[X,0x8001AB9E] -> 0xFEB5
[2892] [M]: 0x8001AB9C (0xFEB508E3) beq a0, a1, 8176


mem[X,0x8001ABA0] -> 0x0113
mem[X,0x8001ABA2] -> 0x0021
[2893] [M]: 0x8001ABA0 (0x00210113) addi sp, sp, 2
x2 <- 0x00000002


mem[X,0x8001ABA4] -> 0x006F
mem[X,0x8001ABA6] -> 0x00C0
[2894] [M]: 0x8001ABA4 (0x00C0006F) jal zero, 12


mem[X,0x8001ABB0] -> 0xAA23
mem[X,0x8001ABB2] -> 0x4620
[2895] [M]: 0x8001ABB0 (0x4620AA23) sw sp, 1140(ra)
mem[0x800396DC] <- 0x00000002


mem[X,0x8001ABB4] -> 0x5537
mem[X,0x8001ABB6] -> 0x5555
[2896] [M]: 0x8001ABB4 (0x55555537) lui a0, 349525
x10 <- 0x55555000


mem[X,0x8001ABB8] -> 0x0513
mem[X,0x8001ABBA] -> 0x5545
[2897] [M]: 0x8001ABB8 (0x55450513) addi a0, a0, 1364
x10 <- 0x55555554


mem[X,0x8001ABBC] -> 0x35B7
mem[X,0x8001ABBE] -> 0x3333
[2898] [M]: 0x8001ABBC (0x333335B7) lui a1, 209715
x11 <- 0x33333000


mem[X,0x8001ABC0] -> 0x8593
mem[X,0x8001ABC2] -> 0x3325
[2899] [M]: 0x8001ABC0 (0x33258593) addi a1, a1, 818
x11 <- 0x33333332


clint::tick mtime <- 0x000000000000001D
 clint timer pending at mtime 0x000000000000001D
htif::tick 0x0000000000000000
mem[X,0x8001ABC4] -> 0x0113
mem[X,0x8001ABC6] -> 0x0000
[2900] [M]: 0x8001ABC4 (0x00000113) addi sp, zero, 0
x2 <- 0x00000000


mem[X,0x8001ABC8] -> 0x006F
mem[X,0x8001ABCA] -> 0x00C0
[2901] [M]: 0x8001ABC8 (0x00C0006F) jal zero, 12


mem[X,0x8001ABD4] -> 0x0663
mem[X,0x8001ABD6] -> 0x00B5
[2902] [M]: 0x8001ABD4 (0x00B50663) beq a0, a1, 12


mem[X,0x8001ABD8] -> 0x0113
mem[X,0x8001ABDA] -> 0x0021
[2903] [M]: 0x8001ABD8 (0x00210113) addi sp, sp, 2
x2 <- 0x00000002


mem[X,0x8001ABDC] -> 0x006F
mem[X,0x8001ABDE] -> 0x00C0
[2904] [M]: 0x8001ABDC (0x00C0006F) jal zero, 12


mem[X,0x8001ABE8] -> 0xAC23
mem[X,0x8001ABEA] -> 0x4620
[2905] [M]: 0x8001ABE8 (0x4620AC23) sw sp, 1144(ra)
mem[0x800396E0] <- 0x00000002


mem[X,0x8001ABEC] -> 0x5537
mem[X,0x8001ABEE] -> 0x5555
[2906] [M]: 0x8001ABEC (0x55555537) lui a0, 349525
x10 <- 0x55555000


mem[X,0x8001ABF0] -> 0x0513
mem[X,0x8001ABF2] -> 0x5545
[2907] [M]: 0x8001ABF0 (0x55450513) addi a0, a0, 1364
x10 <- 0x55555554


mem[X,0x8001ABF4] -> 0x65B7
mem[X,0x8001ABF6] -> 0x6666
[2908] [M]: 0x8001ABF4 (0x666665B7) lui a1, 419430
x11 <- 0x66666000


mem[X,0x8001ABF8] -> 0x8593
mem[X,0x8001ABFA] -> 0x6655
[2909] [M]: 0x8001ABF8 (0x66558593) addi a1, a1, 1637
x11 <- 0x66666665


mem[X,0x8001ABFC] -> 0x0113
mem[X,0x8001ABFE] -> 0x0000
[2910] [M]: 0x8001ABFC (0x00000113) addi sp, zero, 0
x2 <- 0x00000000


mem[X,0x8001AC00] -> 0x006F
mem[X,0x8001AC02] -> 0x00C0
[2911] [M]: 0x8001AC00 (0x00C0006F) jal zero, 12


mem[X,0x8001AC0C] -> 0x0063
mem[X,0x8001AC0E] -> 0x02B5
[2912] [M]: 0x8001AC0C (0x02B50063) beq a0, a1, 32


mem[X,0x8001AC10] -> 0x0113
mem[X,0x8001AC12] -> 0x0021
[2913] [M]: 0x8001AC10 (0x00210113) addi sp, sp, 2
x2 <- 0x00000002


mem[X,0x8001AC14] -> 0x006F
mem[X,0x8001AC16] -> 0x0200
[2914] [M]: 0x8001AC14 (0x0200006F) jal zero, 32


mem[X,0x8001AC34] -> 0xAE23
mem[X,0x8001AC36] -> 0x4620
[2915] [M]: 0x8001AC34 (0x4620AE23) sw sp, 1148(ra)
mem[0x800396E4] <- 0x00000002


mem[X,0x8001AC38] -> 0x5537
mem[X,0x8001AC3A] -> 0x5555
[2916] [M]: 0x8001AC38 (0x55555537) lui a0, 349525
x10 <- 0x55555000


mem[X,0x8001AC3C] -> 0x0513
mem[X,0x8001AC3E] -> 0x5545
[2917] [M]: 0x8001AC3C (0x55450513) addi a0, a0, 1364
x10 <- 0x55555554


mem[X,0x8001AC40] -> 0xB5B7
mem[X,0x8001AC42] -> 0x0000
[2918] [M]: 0x8001AC40 (0x0000B5B7) lui a1, 11
x11 <- 0x0000B000


mem[X,0x8001AC44] -> 0x8593
mem[X,0x8001AC46] -> 0x5035
[2919] [M]: 0x8001AC44 (0x50358593) addi a1, a1, 1283
x11 <- 0x0000B503


mem[X,0x8001AC48] -> 0x0113
mem[X,0x8001AC4A] -> 0x0000
[2920] [M]: 0x8001AC48 (0x00000113) addi sp, zero, 0
x2 <- 0x00000000


mem[X,0x8001AC4C] -> 0x006F
mem[X,0x8001AC4E] -> 0x00C0
[2921] [M]: 0x8001AC4C (0x00C0006F) jal zero, 12


mem[X,0x8001AC58] -> 0x0CE3
mem[X,0x8001AC5A] -> 0xFEB5
[2922] [M]: 0x8001AC58 (0xFEB50CE3) beq a0, a1, 8184


mem[X,0x8001AC5C] -> 0x0113
mem[X,0x8001AC5E] -> 0x0021
[2923] [M]: 0x8001AC5C (0x00210113) addi sp, sp, 2
x2 <- 0x00000002


mem[X,0x8001AC60] -> 0x006F
mem[X,0x8001AC62] -> 0x00C0
[2924] [M]: 0x8001AC60 (0x00C0006F) jal zero, 12


mem[X,0x8001AC6C] -> 0xA023
mem[X,0x8001AC6E] -> 0x4820
[2925] [M]: 0x8001AC6C (0x4820A023) sw sp, 1152(ra)
mem[0x800396E8] <- 0x00000002


mem[X,0x8001AC70] -> 0x5537
mem[X,0x8001AC72] -> 0x5555
[2926] [M]: 0x8001AC70 (0x55555537) lui a0, 349525
x10 <- 0x55555000


mem[X,0x8001AC74] -> 0x0513
mem[X,0x8001AC76] -> 0x5545
[2927] [M]: 0x8001AC74 (0x55450513) addi a0, a0, 1364
x10 <- 0x55555554


mem[X,0x8001AC78] -> 0x55B7
mem[X,0x8001AC7A] -> 0x5555
[2928] [M]: 0x8001AC78 (0x555555B7) lui a1, 349525
x11 <- 0x55555000


mem[X,0x8001AC7C] -> 0x8593
mem[X,0x8001AC7E] -> 0x5565
[2929] [M]: 0x8001AC7C (0x55658593) addi a1, a1, 1366
x11 <- 0x55555556


mem[X,0x8001AC80] -> 0x0113
mem[X,0x8001AC82] -> 0x0000
[2930] [M]: 0x8001AC80 (0x00000113) addi sp, zero, 0
x2 <- 0x00000000


mem[X,0x8001AC84] -> 0x006F
mem[X,0x8001AC86] -> 0x00C0
[2931] [M]: 0x8001AC84 (0x00C0006F) jal zero, 12


mem[X,0x8001AC90] -> 0x0CE3
mem[X,0x8001AC92] -> 0xFEB5
[2932] [M]: 0x8001AC90 (0xFEB50CE3) beq a0, a1, 8184


mem[X,0x8001AC94] -> 0x0113
mem[X,0x8001AC96] -> 0x0021
[2933] [M]: 0x8001AC94 (0x00210113) addi sp, sp, 2
x2 <- 0x00000002


mem[X,0x8001AC98] -> 0x006F
mem[X,0x8001AC9A] -> 0x00C0
[2934] [M]: 0x8001AC98 (0x00C0006F) jal zero, 12


mem[X,0x8001ACA4] -> 0xA223
mem[X,0x8001ACA6] -> 0x4820
[2935] [M]: 0x8001ACA4 (0x4820A223) sw sp, 1156(ra)
mem[0x800396EC] <- 0x00000002


mem[X,0x8001ACA8] -> 0x5537
mem[X,0x8001ACAA] -> 0x5555
[2936] [M]: 0x8001ACA8 (0x55555537) lui a0, 349525
x10 <- 0x55555000


mem[X,0x8001ACAC] -> 0x0513
mem[X,0x8001ACAE] -> 0x5545
[2937] [M]: 0x8001ACAC (0x55450513) addi a0, a0, 1364
x10 <- 0x55555554


mem[X,0x8001ACB0] -> 0xB5B7
mem[X,0x8001ACB2] -> 0xAAAA
[2938] [M]: 0x8001ACB0 (0xAAAAB5B7) lui a1, 699051
x11 <- 0xAAAAB000


mem[X,0x8001ACB4] -> 0x8593
mem[X,0x8001ACB6] -> 0xAAB5
[2939] [M]: 0x8001ACB4 (0xAAB58593) addi a1, a1, 2731
x11 <- 0xAAAAAAAB


mem[X,0x8001ACB8] -> 0x0113
mem[X,0x8001ACBA] -> 0x0000
[2940] [M]: 0x8001ACB8 (0x00000113) addi sp, zero, 0
x2 <- 0x00000000


mem[X,0x8001ACBC] -> 0x006F
mem[X,0x8001ACBE] -> 0x00C0
[2941] [M]: 0x8001ACBC (0x00C0006F) jal zero, 12


mem[X,0x8001ACC8] -> 0x0063
mem[X,0x8001ACCA] -> 0x10B5
[2942] [M]: 0x8001ACC8 (0x10B50063) beq a0, a1, 256


mem[X,0x8001ACCC] -> 0x0113
mem[X,0x8001ACCE] -> 0x0021
[2943] [M]: 0x8001ACCC (0x00210113) addi sp, sp, 2
x2 <- 0x00000002


mem[X,0x8001ACD0] -> 0x006F
mem[X,0x8001ACD2] -> 0x1000
[2944] [M]: 0x8001ACD0 (0x1000006F) jal zero, 256


mem[X,0x8001ADD0] -> 0xA423
mem[X,0x8001ADD2] -> 0x4820
[2945] [M]: 0x8001ADD0 (0x4820A423) sw sp, 1160(ra)
mem[0x800396F0] <- 0x00000002


mem[X,0x8001ADD4] -> 0x5537
mem[X,0x8001ADD6] -> 0x5555
[2946] [M]: 0x8001ADD4 (0x55555537) lui a0, 349525
x10 <- 0x55555000


mem[X,0x8001ADD8] -> 0x0513
mem[X,0x8001ADDA] -> 0x5545
[2947] [M]: 0x8001ADD8 (0x55450513) addi a0, a0, 1364
x10 <- 0x55555554


mem[X,0x8001ADDC] -> 0x0593
mem[X,0x8001ADDE] -> 0x0060
[2948] [M]: 0x8001ADDC (0x00600593) addi a1, zero, 6
x11 <- 0x00000006


mem[X,0x8001ADE0] -> 0x0113
mem[X,0x8001ADE2] -> 0x0000
[2949] [M]: 0x8001ADE0 (0x00000113) addi sp, zero, 0
x2 <- 0x00000000


mem[X,0x8001ADE4] -> 0x006F
mem[X,0x8001ADE6] -> 0x00C0
[2950] [M]: 0x8001ADE4 (0x00C0006F) jal zero, 12


mem[X,0x8001ADF0] -> 0x0063
mem[X,0x8001ADF2] -> 0x20B5
[2951] [M]: 0x8001ADF0 (0x20B50063) beq a0, a1, 512


mem[X,0x8001ADF4] -> 0x0113
mem[X,0x8001ADF6] -> 0x0021
[2952] [M]: 0x8001ADF4 (0x00210113) addi sp, sp, 2
x2 <- 0x00000002


mem[X,0x8001ADF8] -> 0x006F
mem[X,0x8001ADFA] -> 0x2000
[2953] [M]: 0x8001ADF8 (0x2000006F) jal zero, 512


mem[X,0x8001AFF8] -> 0xA623
mem[X,0x8001AFFA] -> 0x4820
[2954] [M]: 0x8001AFF8 (0x4820A623) sw sp, 1164(ra)
mem[0x800396F4] <- 0x00000002


mem[X,0x8001AFFC] -> 0x5537
mem[X,0x8001AFFE] -> 0x5555
[2955] [M]: 0x8001AFFC (0x55555537) lui a0, 349525
x10 <- 0x55555000


mem[X,0x8001B000] -> 0x0513
mem[X,0x8001B002] -> 0x5545
[2956] [M]: 0x8001B000 (0x55450513) addi a0, a0, 1364
x10 <- 0x55555554


mem[X,0x8001B004] -> 0x35B7
mem[X,0x8001B006] -> 0x3333
[2957] [M]: 0x8001B004 (0x333335B7) lui a1, 209715
x11 <- 0x33333000


mem[X,0x8001B008] -> 0x8593
mem[X,0x8001B00A] -> 0x3345
[2958] [M]: 0x8001B008 (0x33458593) addi a1, a1, 820
x11 <- 0x33333334


mem[X,0x8001B00C] -> 0x0113
mem[X,0x8001B00E] -> 0x0000
[2959] [M]: 0x8001B00C (0x00000113) addi sp, zero, 0
x2 <- 0x00000000


mem[X,0x8001B010] -> 0x006F
mem[X,0x8001B012] -> 0x00C0
[2960] [M]: 0x8001B010 (0x00C0006F) jal zero, 12


mem[X,0x8001B01C] -> 0x0063
mem[X,0x8001B01E] -> 0x40B5
[2961] [M]: 0x8001B01C (0x40B50063) beq a0, a1, 1024


mem[X,0x8001B020] -> 0x0113
mem[X,0x8001B022] -> 0x0021
[2962] [M]: 0x8001B020 (0x00210113) addi sp, sp, 2
x2 <- 0x00000002


mem[X,0x8001B024] -> 0x006F
mem[X,0x8001B026] -> 0x4000
[2963] [M]: 0x8001B024 (0x4000006F) jal zero, 1024


mem[X,0x8001B424] -> 0xA823
mem[X,0x8001B426] -> 0x4820
[2964] [M]: 0x8001B424 (0x4820A823) sw sp, 1168(ra)
mem[0x800396F8] <- 0x00000002


mem[X,0x8001B428] -> 0x5537
mem[X,0x8001B42A] -> 0x5555
[2965] [M]: 0x8001B428 (0x55555537) lui a0, 349525
x10 <- 0x55555000


mem[X,0x8001B42C] -> 0x0513
mem[X,0x8001B42E] -> 0x5545
[2966] [M]: 0x8001B42C (0x55450513) addi a0, a0, 1364
x10 <- 0x55555554


mem[X,0x8001B430] -> 0x65B7
mem[X,0x8001B432] -> 0x6666
[2967] [M]: 0x8001B430 (0x666665B7) lui a1, 419430
x11 <- 0x66666000


mem[X,0x8001B434] -> 0x8593
mem[X,0x8001B436] -> 0x6675
[2968] [M]: 0x8001B434 (0x66758593) addi a1, a1, 1639
x11 <- 0x66666667


mem[X,0x8001B438] -> 0x0113
mem[X,0x8001B43A] -> 0x0000
[2969] [M]: 0x8001B438 (0x00000113) addi sp, zero, 0
x2 <- 0x00000000


mem[X,0x8001B43C] -> 0x006F
mem[X,0x8001B43E] -> 0x00C0
[2970] [M]: 0x8001B43C (0x00C0006F) jal zero, 12


mem[X,0x8001B448] -> 0x0CE3
mem[X,0x8001B44A] -> 0xFEB5
[2971] [M]: 0x8001B448 (0xFEB50CE3) beq a0, a1, 8184


mem[X,0x8001B44C] -> 0x0113
mem[X,0x8001B44E] -> 0x0021
[2972] [M]: 0x8001B44C (0x00210113) addi sp, sp, 2
x2 <- 0x00000002


mem[X,0x8001B450] -> 0x006F
mem[X,0x8001B452] -> 0x00C0
[2973] [M]: 0x8001B450 (0x00C0006F) jal zero, 12


mem[X,0x8001B45C] -> 0xAA23
mem[X,0x8001B45E] -> 0x4820
[2974] [M]: 0x8001B45C (0x4820AA23) sw sp, 1172(ra)
mem[0x800396FC] <- 0x00000002


mem[X,0x8001B460] -> 0x5537
mem[X,0x8001B462] -> 0x5555
[2975] [M]: 0x8001B460 (0x55555537) lui a0, 349525
x10 <- 0x55555000


mem[X,0x8001B464] -> 0x0513
mem[X,0x8001B466] -> 0x5545
[2976] [M]: 0x8001B464 (0x55450513) addi a0, a0, 1364
x10 <- 0x55555554


mem[X,0x8001B468] -> 0x55B7
mem[X,0x8001B46A] -> 0xFFFF
[2977] [M]: 0x8001B468 (0xFFFF55B7) lui a1, 1048565
x11 <- 0xFFFF5000


mem[X,0x8001B46C] -> 0x8593
mem[X,0x8001B46E] -> 0xAFD5
[2978] [M]: 0x8001B46C (0xAFD58593) addi a1, a1, 2813
x11 <- 0xFFFF4AFD


mem[X,0x8001B470] -> 0x0113
mem[X,0x8001B472] -> 0x0000
[2979] [M]: 0x8001B470 (0x00000113) addi sp, zero, 0
x2 <- 0x00000000


mem[X,0x8001B474] -> 0x006F
mem[X,0x8001B476] -> 0x00C0
[2980] [M]: 0x8001B474 (0x00C0006F) jal zero, 12


mem[X,0x8001B480] -> 0x0CE3
mem[X,0x8001B482] -> 0xFEB5
[2981] [M]: 0x8001B480 (0xFEB50CE3) beq a0, a1, 8184


mem[X,0x8001B484] -> 0x0113
mem[X,0x8001B486] -> 0x0021
[2982] [M]: 0x8001B484 (0x00210113) addi sp, sp, 2
x2 <- 0x00000002


mem[X,0x8001B488] -> 0x006F
mem[X,0x8001B48A] -> 0x00C0
[2983] [M]: 0x8001B488 (0x00C0006F) jal zero, 12


mem[X,0x8001B494] -> 0xAC23
mem[X,0x8001B496] -> 0x4820
[2984] [M]: 0x8001B494 (0x4820AC23) sw sp, 1176(ra)
mem[0x80039700] <- 0x00000002


mem[X,0x8001B498] -> 0x5537
mem[X,0x8001B49A] -> 0x5555
[2985] [M]: 0x8001B498 (0x55555537) lui a0, 349525
x10 <- 0x55555000


mem[X,0x8001B49C] -> 0x0513
mem[X,0x8001B49E] -> 0x5545
[2986] [M]: 0x8001B49C (0x55450513) addi a0, a0, 1364
x10 <- 0x55555554


mem[X,0x8001B4A0] -> 0xB5B7
mem[X,0x8001B4A2] -> 0x0000
[2987] [M]: 0x8001B4A0 (0x0000B5B7) lui a1, 11
x11 <- 0x0000B000


mem[X,0x8001B4A4] -> 0x8593
mem[X,0x8001B4A6] -> 0x5055
[2988] [M]: 0x8001B4A4 (0x50558593) addi a1, a1, 1285
x11 <- 0x0000B505


mem[X,0x8001B4A8] -> 0x0113
mem[X,0x8001B4AA] -> 0x0000
[2989] [M]: 0x8001B4A8 (0x00000113) addi sp, zero, 0
x2 <- 0x00000000


mem[X,0x8001B4AC] -> 0x006F
mem[X,0x8001B4AE] -> 0x00C0
[2990] [M]: 0x8001B4AC (0x00C0006F) jal zero, 12


mem[X,0x8001B4B8] -> 0x0063
mem[X,0x8001B4BA] -> 0x04B5
[2991] [M]: 0x8001B4B8 (0x04B50063) beq a0, a1, 64


mem[X,0x8001B4BC] -> 0x0113
mem[X,0x8001B4BE] -> 0x0021
[2992] [M]: 0x8001B4BC (0x00210113) addi sp, sp, 2
x2 <- 0x00000002


mem[X,0x8001B4C0] -> 0x006F
mem[X,0x8001B4C2] -> 0x0400
[2993] [M]: 0x8001B4C0 (0x0400006F) jal zero, 64


mem[X,0x8001B500] -> 0xAE23
mem[X,0x8001B502] -> 0x4820
[2994] [M]: 0x8001B500 (0x4820AE23) sw sp, 1180(ra)
mem[0x80039704] <- 0x00000002


mem[X,0x8001B504] -> 0x0513
mem[X,0x8001B506] -> 0x0000
[2995] [M]: 0x8001B504 (0x00000513) addi a0, zero, 0
x10 <- 0x00000000


mem[X,0x8001B508] -> 0x0593
mem[X,0x8001B50A] -> 0x0030
[2996] [M]: 0x8001B508 (0x00300593) addi a1, zero, 3
x11 <- 0x00000003


mem[X,0x8001B50C] -> 0x0113
mem[X,0x8001B50E] -> 0x0000
[2997] [M]: 0x8001B50C (0x00000113) addi sp, zero, 0
x2 <- 0x00000000


mem[X,0x8001B510] -> 0x006F
mem[X,0x8001B512] -> 0x00C0
[2998] [M]: 0x8001B510 (0x00C0006F) jal zero, 12


mem[X,0x8001B51C] -> 0x0663
mem[X,0x8001B51E] -> 0x00B5
[2999] [M]: 0x8001B51C (0x00B50663) beq a0, a1, 12


clint::tick mtime <- 0x000000000000001E
 clint timer pending at mtime 0x000000000000001E
htif::tick 0x0000000000000000
mem[X,0x8001B520] -> 0x0113
mem[X,0x8001B522] -> 0x0021
[3000] [M]: 0x8001B520 (0x00210113) addi sp, sp, 2
x2 <- 0x00000002


mem[X,0x8001B524] -> 0x006F
mem[X,0x8001B526] -> 0x00C0
[3001] [M]: 0x8001B524 (0x00C0006F) jal zero, 12


mem[X,0x8001B530] -> 0xA023
mem[X,0x8001B532] -> 0x4A20
[3002] [M]: 0x8001B530 (0x4A20A023) sw sp, 1184(ra)
mem[0x80039708] <- 0x00000002


mem[X,0x8001B534] -> 0x0513
mem[X,0x8001B536] -> 0x0000
[3003] [M]: 0x8001B534 (0x00000513) addi a0, zero, 0
x10 <- 0x00000000


mem[X,0x8001B538] -> 0x55B7
mem[X,0x8001B53A] -> 0x5555
[3004] [M]: 0x8001B538 (0x555555B7) lui a1, 349525
x11 <- 0x55555000


mem[X,0x8001B53C] -> 0x8593
mem[X,0x8001B53E] -> 0x5555
[3005] [M]: 0x8001B53C (0x55558593) addi a1, a1, 1365
x11 <- 0x55555555


mem[X,0x8001B540] -> 0x0113
mem[X,0x8001B542] -> 0x0000
[3006] [M]: 0x8001B540 (0x00000113) addi sp, zero, 0
x2 <- 0x00000000


mem[X,0x8001B544] -> 0x006F
mem[X,0x8001B546] -> 0x00C0
[3007] [M]: 0x8001B544 (0x00C0006F) jal zero, 12


mem[X,0x8001B550] -> 0x0663
mem[X,0x8001B552] -> 0x00B5
[3008] [M]: 0x8001B550 (0x00B50663) beq a0, a1, 12


mem[X,0x8001B554] -> 0x0113
mem[X,0x8001B556] -> 0x0021
[3009] [M]: 0x8001B554 (0x00210113) addi sp, sp, 2
x2 <- 0x00000002


mem[X,0x8001B558] -> 0x006F
mem[X,0x8001B55A] -> 0x00C0
[3010] [M]: 0x8001B558 (0x00C0006F) jal zero, 12


mem[X,0x8001B564] -> 0xA223
mem[X,0x8001B566] -> 0x4A20
[3011] [M]: 0x8001B564 (0x4A20A223) sw sp, 1188(ra)
mem[0x8003970C] <- 0x00000002


mem[X,0x8001B568] -> 0x0513
mem[X,0x8001B56A] -> 0x0000
[3012] [M]: 0x8001B568 (0x00000513) addi a0, zero, 0
x10 <- 0x00000000


mem[X,0x8001B56C] -> 0xB5B7
mem[X,0x8001B56E] -> 0xAAAA
[3013] [M]: 0x8001B56C (0xAAAAB5B7) lui a1, 699051
x11 <- 0xAAAAB000


mem[X,0x8001B570] -> 0x8593
mem[X,0x8001B572] -> 0xAAA5
[3014] [M]: 0x8001B570 (0xAAA58593) addi a1, a1, 2730
x11 <- 0xAAAAAAAA


mem[X,0x8001B574] -> 0x0113
mem[X,0x8001B576] -> 0x0000
[3015] [M]: 0x8001B574 (0x00000113) addi sp, zero, 0
x2 <- 0x00000000


mem[X,0x8001B578] -> 0x006F
mem[X,0x8001B57A] -> 0x00C0
[3016] [M]: 0x8001B578 (0x00C0006F) jal zero, 12


mem[X,0x8001B584] -> 0x0063
mem[X,0x8001B586] -> 0x40B5
[3017] [M]: 0x8001B584 (0x40B50063) beq a0, a1, 1024


mem[X,0x8001B588] -> 0x0113
mem[X,0x8001B58A] -> 0x0021
[3018] [M]: 0x8001B588 (0x00210113) addi sp, sp, 2
x2 <- 0x00000002


mem[X,0x8001B58C] -> 0x006F
mem[X,0x8001B58E] -> 0x4000
[3019] [M]: 0x8001B58C (0x4000006F) jal zero, 1024


mem[X,0x8001B98C] -> 0xA423
mem[X,0x8001B98E] -> 0x4A20
[3020] [M]: 0x8001B98C (0x4A20A423) sw sp, 1192(ra)
mem[0x80039710] <- 0x00000002


mem[X,0x8001B990] -> 0x0513
mem[X,0x8001B992] -> 0x0000
[3021] [M]: 0x8001B990 (0x00000513) addi a0, zero, 0
x10 <- 0x00000000


mem[X,0x8001B994] -> 0x0593
mem[X,0x8001B996] -> 0x0050
[3022] [M]: 0x8001B994 (0x00500593) addi a1, zero, 5
x11 <- 0x00000005


mem[X,0x8001B998] -> 0x0113
mem[X,0x8001B99A] -> 0x0000
[3023] [M]: 0x8001B998 (0x00000113) addi sp, zero, 0
x2 <- 0x00000000


mem[X,0x8001B99C] -> 0x006F
mem[X,0x8001B99E] -> 0x00C0
[3024] [M]: 0x8001B99C (0x00C0006F) jal zero, 12


mem[X,0x8001B9A8] -> 0x0063
mem[X,0x8001B9AA] -> 0x04B5
[3025] [M]: 0x8001B9A8 (0x04B50063) beq a0, a1, 64


mem[X,0x8001B9AC] -> 0x0113
mem[X,0x8001B9AE] -> 0x0021
[3026] [M]: 0x8001B9AC (0x00210113) addi sp, sp, 2
x2 <- 0x00000002


mem[X,0x8001B9B0] -> 0x006F
mem[X,0x8001B9B2] -> 0x0400
[3027] [M]: 0x8001B9B0 (0x0400006F) jal zero, 64


mem[X,0x8001B9F0] -> 0xA623
mem[X,0x8001B9F2] -> 0x4A20
[3028] [M]: 0x8001B9F0 (0x4A20A623) sw sp, 1196(ra)
mem[0x80039714] <- 0x00000002


mem[X,0x8001B9F4] -> 0x0513
mem[X,0x8001B9F6] -> 0x0000
[3029] [M]: 0x8001B9F4 (0x00000513) addi a0, zero, 0
x10 <- 0x00000000


mem[X,0x8001B9F8] -> 0x35B7
mem[X,0x8001B9FA] -> 0x3333
[3030] [M]: 0x8001B9F8 (0x333335B7) lui a1, 209715
x11 <- 0x33333000


mem[X,0x8001B9FC] -> 0x8593
mem[X,0x8001B9FE] -> 0x3335
[3031] [M]: 0x8001B9FC (0x33358593) addi a1, a1, 819
x11 <- 0x33333333


mem[X,0x8001BA00] -> 0x0113
mem[X,0x8001BA02] -> 0x0000
[3032] [M]: 0x8001BA00 (0x00000113) addi sp, zero, 0
x2 <- 0x00000000


mem[X,0x8001BA04] -> 0x006F
mem[X,0x8001BA06] -> 0x00C0
[3033] [M]: 0x8001BA04 (0x00C0006F) jal zero, 12


mem[X,0x8001BA10] -> 0x0063
mem[X,0x8001BA12] -> 0x04B5
[3034] [M]: 0x8001BA10 (0x04B50063) beq a0, a1, 64


mem[X,0x8001BA14] -> 0x0113
mem[X,0x8001BA16] -> 0x0021
[3035] [M]: 0x8001BA14 (0x00210113) addi sp, sp, 2
x2 <- 0x00000002


mem[X,0x8001BA18] -> 0x006F
mem[X,0x8001BA1A] -> 0x0400
[3036] [M]: 0x8001BA18 (0x0400006F) jal zero, 64


mem[X,0x8001BA58] -> 0xA823
mem[X,0x8001BA5A] -> 0x4A20
[3037] [M]: 0x8001BA58 (0x4A20A823) sw sp, 1200(ra)
mem[0x80039718] <- 0x00000002


mem[X,0x8001BA5C] -> 0x0513
mem[X,0x8001BA5E] -> 0x0000
[3038] [M]: 0x8001BA5C (0x00000513) addi a0, zero, 0
x10 <- 0x00000000


mem[X,0x8001BA60] -> 0x65B7
mem[X,0x8001BA62] -> 0x6666
[3039] [M]: 0x8001BA60 (0x666665B7) lui a1, 419430
x11 <- 0x66666000


mem[X,0x8001BA64] -> 0x8593
mem[X,0x8001BA66] -> 0x6665
[3040] [M]: 0x8001BA64 (0x66658593) addi a1, a1, 1638
x11 <- 0x66666666


mem[X,0x8001BA68] -> 0x0113
mem[X,0x8001BA6A] -> 0x0000
[3041] [M]: 0x8001BA68 (0x00000113) addi sp, zero, 0
x2 <- 0x00000000


mem[X,0x8001BA6C] -> 0x006F
mem[X,0x8001BA6E] -> 0x00C0
[3042] [M]: 0x8001BA6C (0x00C0006F) jal zero, 12


mem[X,0x8001BA78] -> 0x0CE3
mem[X,0x8001BA7A] -> 0xFEB5
[3043] [M]: 0x8001BA78 (0xFEB50CE3) beq a0, a1, 8184


mem[X,0x8001BA7C] -> 0x0113
mem[X,0x8001BA7E] -> 0x0021
[3044] [M]: 0x8001BA7C (0x00210113) addi sp, sp, 2
x2 <- 0x00000002


mem[X,0x8001BA80] -> 0x006F
mem[X,0x8001BA82] -> 0x00C0
[3045] [M]: 0x8001BA80 (0x00C0006F) jal zero, 12


mem[X,0x8001BA8C] -> 0xAA23
mem[X,0x8001BA8E] -> 0x4A20
[3046] [M]: 0x8001BA8C (0x4A20AA23) sw sp, 1204(ra)
mem[0x8003971C] <- 0x00000002


mem[X,0x8001BA90] -> 0x0513
mem[X,0x8001BA92] -> 0x0000
[3047] [M]: 0x8001BA90 (0x00000513) addi a0, zero, 0
x10 <- 0x00000000


mem[X,0x8001BA94] -> 0x55B7
mem[X,0x8001BA96] -> 0xFFFF
[3048] [M]: 0x8001BA94 (0xFFFF55B7) lui a1, 1048565
x11 <- 0xFFFF5000


mem[X,0x8001BA98] -> 0x8593
mem[X,0x8001BA9A] -> 0xAFC5
[3049] [M]: 0x8001BA98 (0xAFC58593) addi a1, a1, 2812
x11 <- 0xFFFF4AFC


mem[X,0x8001BA9C] -> 0x0113
mem[X,0x8001BA9E] -> 0x0000
[3050] [M]: 0x8001BA9C (0x00000113) addi sp, zero, 0
x2 <- 0x00000000


mem[X,0x8001BAA0] -> 0x006F
mem[X,0x8001BAA2] -> 0x00C0
[3051] [M]: 0x8001BAA0 (0x00C0006F) jal zero, 12


mem[X,0x8001BAAC] -> 0x0663
mem[X,0x8001BAAE] -> 0x00B5
[3052] [M]: 0x8001BAAC (0x00B50663) beq a0, a1, 12


mem[X,0x8001BAB0] -> 0x0113
mem[X,0x8001BAB2] -> 0x0021
[3053] [M]: 0x8001BAB0 (0x00210113) addi sp, sp, 2
x2 <- 0x00000002


mem[X,0x8001BAB4] -> 0x006F
mem[X,0x8001BAB6] -> 0x00C0
[3054] [M]: 0x8001BAB4 (0x00C0006F) jal zero, 12


mem[X,0x8001BAC0] -> 0xAC23
mem[X,0x8001BAC2] -> 0x4A20
[3055] [M]: 0x8001BAC0 (0x4A20AC23) sw sp, 1208(ra)
mem[0x80039720] <- 0x00000002


mem[X,0x8001BAC4] -> 0x0513
mem[X,0x8001BAC6] -> 0x0000
[3056] [M]: 0x8001BAC4 (0x00000513) addi a0, zero, 0
x10 <- 0x00000000


mem[X,0x8001BAC8] -> 0xB5B7
mem[X,0x8001BACA] -> 0x0000
[3057] [M]: 0x8001BAC8 (0x0000B5B7) lui a1, 11
x11 <- 0x0000B000


mem[X,0x8001BACC] -> 0x8593
mem[X,0x8001BACE] -> 0x5045
[3058] [M]: 0x8001BACC (0x50458593) addi a1, a1, 1284
x11 <- 0x0000B504


mem[X,0x8001BAD0] -> 0x0113
mem[X,0x8001BAD2] -> 0x0000
[3059] [M]: 0x8001BAD0 (0x00000113) addi sp, zero, 0
x2 <- 0x00000000


mem[X,0x8001BAD4] -> 0x006F
mem[X,0x8001BAD6] -> 0x0100
[3060] [M]: 0x8001BAD4 (0x0100006F) jal zero, 16


mem[X,0x8001BAE4] -> 0x0AE3
mem[X,0x8001BAE6] -> 0xFEB5
[3061] [M]: 0x8001BAE4 (0xFEB50AE3) beq a0, a1, 8180


mem[X,0x8001BAE8] -> 0x0113
mem[X,0x8001BAEA] -> 0x0021
[3062] [M]: 0x8001BAE8 (0x00210113) addi sp, sp, 2
x2 <- 0x00000002


mem[X,0x8001BAEC] -> 0x006F
mem[X,0x8001BAEE] -> 0x00C0
[3063] [M]: 0x8001BAEC (0x00C0006F) jal zero, 12


mem[X,0x8001BAF8] -> 0xAE23
mem[X,0x8001BAFA] -> 0x4A20
[3064] [M]: 0x8001BAF8 (0x4A20AE23) sw sp, 1212(ra)
mem[0x80039724] <- 0x00000002


mem[X,0x8001BAFC] -> 0xB537
mem[X,0x8001BAFE] -> 0xAAAA
[3065] [M]: 0x8001BAFC (0xAAAAB537) lui a0, 699051
x10 <- 0xAAAAB000


mem[X,0x8001BB00] -> 0x0513
mem[X,0x8001BB02] -> 0xAAB5
[3066] [M]: 0x8001BB00 (0xAAB50513) addi a0, a0, 2731
x10 <- 0xAAAAAAAB


mem[X,0x8001BB04] -> 0x35B7
mem[X,0x8001BB06] -> 0x3333
[3067] [M]: 0x8001BB04 (0x333335B7) lui a1, 209715
x11 <- 0x33333000


mem[X,0x8001BB08] -> 0x8593
mem[X,0x8001BB0A] -> 0x3345
[3068] [M]: 0x8001BB08 (0x33458593) addi a1, a1, 820
x11 <- 0x33333334


mem[X,0x8001BB0C] -> 0x0113
mem[X,0x8001BB0E] -> 0x0000
[3069] [M]: 0x8001BB0C (0x00000113) addi sp, zero, 0
x2 <- 0x00000000


mem[X,0x8001BB10] -> 0x006F
mem[X,0x8001BB12] -> 0x2B10
[3070] [M]: 0x8001BB10 (0x2B10006F) jal zero, 2736


mem[X,0x8001C5C0] -> 0x0A63
mem[X,0x8001C5C2] -> 0xD4B5
[3071] [M]: 0x8001C5C0 (0xD4B50A63) beq a0, a1, 5460


mem[X,0x8001C5C4] -> 0x0113
mem[X,0x8001C5C6] -> 0x0021
[3072] [M]: 0x8001C5C4 (0x00210113) addi sp, sp, 2
x2 <- 0x00000002


mem[X,0x8001C5C8] -> 0x006F
mem[X,0x8001C5CA] -> 0x00C0
[3073] [M]: 0x8001C5C8 (0x00C0006F) jal zero, 12


mem[X,0x8001C5D4] -> 0xA023
mem[X,0x8001C5D6] -> 0x4C20
[3074] [M]: 0x8001C5D4 (0x4C20A023) sw sp, 1216(ra)
mem[0x80039728] <- 0x00000002


mem[X,0x8001C5D8] -> 0xB537
mem[X,0x8001C5DA] -> 0xAAAA
[3075] [M]: 0x8001C5D8 (0xAAAAB537) lui a0, 699051
x10 <- 0xAAAAB000


mem[X,0x8001C5DC] -> 0x0513
mem[X,0x8001C5DE] -> 0xAAB5
[3076] [M]: 0x8001C5DC (0xAAB50513) addi a0, a0, 2731
x10 <- 0xAAAAAAAB


mem[X,0x8001C5E0] -> 0x65B7
mem[X,0x8001C5E2] -> 0x6666
[3077] [M]: 0x8001C5E0 (0x666665B7) lui a1, 419430
x11 <- 0x66666000


mem[X,0x8001C5E4] -> 0x8593
mem[X,0x8001C5E6] -> 0x6675
[3078] [M]: 0x8001C5E4 (0x66758593) addi a1, a1, 1639
x11 <- 0x66666667


mem[X,0x8001C5E8] -> 0x0113
mem[X,0x8001C5EA] -> 0x0000
[3079] [M]: 0x8001C5E8 (0x00000113) addi sp, zero, 0
x2 <- 0x00000000


mem[X,0x8001C5EC] -> 0x006F
mem[X,0x8001C5EE] -> 0x00C0
[3080] [M]: 0x8001C5EC (0x00C0006F) jal zero, 12


mem[X,0x8001C5F8] -> 0x0663
mem[X,0x8001C5FA] -> 0x00B5
[3081] [M]: 0x8001C5F8 (0x00B50663) beq a0, a1, 12


mem[X,0x8001C5FC] -> 0x0113
mem[X,0x8001C5FE] -> 0x0021
[3082] [M]: 0x8001C5FC (0x00210113) addi sp, sp, 2
x2 <- 0x00000002


mem[X,0x8001C600] -> 0x006F
mem[X,0x8001C602] -> 0x00C0
[3083] [M]: 0x8001C600 (0x00C0006F) jal zero, 12


mem[X,0x8001C60C] -> 0xA223
mem[X,0x8001C60E] -> 0x4C20
[3084] [M]: 0x8001C60C (0x4C20A223) sw sp, 1220(ra)
mem[0x8003972C] <- 0x00000002


mem[X,0x8001C610] -> 0xB537
mem[X,0x8001C612] -> 0xAAAA
[3085] [M]: 0x8001C610 (0xAAAAB537) lui a0, 699051
x10 <- 0xAAAAB000


mem[X,0x8001C614] -> 0x0513
mem[X,0x8001C616] -> 0xAAB5
[3086] [M]: 0x8001C614 (0xAAB50513) addi a0, a0, 2731
x10 <- 0xAAAAAAAB


mem[X,0x8001C618] -> 0x55B7
mem[X,0x8001C61A] -> 0xFFFF
[3087] [M]: 0x8001C618 (0xFFFF55B7) lui a1, 1048565
x11 <- 0xFFFF5000


mem[X,0x8001C61C] -> 0x8593
mem[X,0x8001C61E] -> 0xAFD5
[3088] [M]: 0x8001C61C (0xAFD58593) addi a1, a1, 2813
x11 <- 0xFFFF4AFD


mem[X,0x8001C620] -> 0x0113
mem[X,0x8001C622] -> 0x0000
[3089] [M]: 0x8001C620 (0x00000113) addi sp, zero, 0
x2 <- 0x00000000


mem[X,0x8001C624] -> 0x006F
mem[X,0x8001C626] -> 0x00C0
[3090] [M]: 0x8001C624 (0x00C0006F) jal zero, 12


mem[X,0x8001C630] -> 0x0063
mem[X,0x8001C632] -> 0x20B5
[3091] [M]: 0x8001C630 (0x20B50063) beq a0, a1, 512


mem[X,0x8001C634] -> 0x0113
mem[X,0x8001C636] -> 0x0021
[3092] [M]: 0x8001C634 (0x00210113) addi sp, sp, 2
x2 <- 0x00000002


mem[X,0x8001C638] -> 0x006F
mem[X,0x8001C63A] -> 0x2000
[3093] [M]: 0x8001C638 (0x2000006F) jal zero, 512


mem[X,0x8001C838] -> 0xA423
mem[X,0x8001C83A] -> 0x4C20
[3094] [M]: 0x8001C838 (0x4C20A423) sw sp, 1224(ra)
mem[0x80039730] <- 0x00000002


mem[X,0x8001C83C] -> 0xB537
mem[X,0x8001C83E] -> 0xAAAA
[3095] [M]: 0x8001C83C (0xAAAAB537) lui a0, 699051
x10 <- 0xAAAAB000


mem[X,0x8001C840] -> 0x0513
mem[X,0x8001C842] -> 0xAAB5
[3096] [M]: 0x8001C840 (0xAAB50513) addi a0, a0, 2731
x10 <- 0xAAAAAAAB


mem[X,0x8001C844] -> 0xB5B7
mem[X,0x8001C846] -> 0x0000
[3097] [M]: 0x8001C844 (0x0000B5B7) lui a1, 11
x11 <- 0x0000B000


mem[X,0x8001C848] -> 0x8593
mem[X,0x8001C84A] -> 0x5055
[3098] [M]: 0x8001C848 (0x50558593) addi a1, a1, 1285
x11 <- 0x0000B505


mem[X,0x8001C84C] -> 0x0113
mem[X,0x8001C84E] -> 0x0000
[3099] [M]: 0x8001C84C (0x00000113) addi sp, zero, 0
x2 <- 0x00000000


clint::tick mtime <- 0x000000000000001F
 clint timer pending at mtime 0x000000000000001F
htif::tick 0x0000000000000000
mem[X,0x8001C850] -> 0x006F
mem[X,0x8001C852] -> 0x00C0
[3100] [M]: 0x8001C850 (0x00C0006F) jal zero, 12


mem[X,0x8001C85C] -> 0x0063
mem[X,0x8001C85E] -> 0x20B5
[3101] [M]: 0x8001C85C (0x20B50063) beq a0, a1, 512


mem[X,0x8001C860] -> 0x0113
mem[X,0x8001C862] -> 0x0021
[3102] [M]: 0x8001C860 (0x00210113) addi sp, sp, 2
x2 <- 0x00000002


mem[X,0x8001C864] -> 0x006F
mem[X,0x8001C866] -> 0x2000
[3103] [M]: 0x8001C864 (0x2000006F) jal zero, 512


mem[X,0x8001CA64] -> 0xA623
mem[X,0x8001CA66] -> 0x4C20
[3104] [M]: 0x8001CA64 (0x4C20A623) sw sp, 1228(ra)
mem[0x80039734] <- 0x00000002


mem[X,0x8001CA68] -> 0x0513
mem[X,0x8001CA6A] -> 0x0060
[3105] [M]: 0x8001CA68 (0x00600513) addi a0, zero, 6
x10 <- 0x00000006


mem[X,0x8001CA6C] -> 0x0593
mem[X,0x8001CA6E] -> 0x0030
[3106] [M]: 0x8001CA6C (0x00300593) addi a1, zero, 3
x11 <- 0x00000003


mem[X,0x8001CA70] -> 0x0113
mem[X,0x8001CA72] -> 0x0000
[3107] [M]: 0x8001CA70 (0x00000113) addi sp, zero, 0
x2 <- 0x00000000


mem[X,0x8001CA74] -> 0x006F
mem[X,0x8001CA76] -> 0x00C0
[3108] [M]: 0x8001CA74 (0x00C0006F) jal zero, 12


mem[X,0x8001CA80] -> 0x0063
mem[X,0x8001CA82] -> 0x40B5
[3109] [M]: 0x8001CA80 (0x40B50063) beq a0, a1, 1024


mem[X,0x8001CA84] -> 0x0113
mem[X,0x8001CA86] -> 0x0021
[3110] [M]: 0x8001CA84 (0x00210113) addi sp, sp, 2
x2 <- 0x00000002


mem[X,0x8001CA88] -> 0x006F
mem[X,0x8001CA8A] -> 0x4000
[3111] [M]: 0x8001CA88 (0x4000006F) jal zero, 1024


mem[X,0x8001CE88] -> 0xA823
mem[X,0x8001CE8A] -> 0x4C20
[3112] [M]: 0x8001CE88 (0x4C20A823) sw sp, 1232(ra)
mem[0x80039738] <- 0x00000002


mem[X,0x8001CE8C] -> 0x0513
mem[X,0x8001CE8E] -> 0x0060
[3113] [M]: 0x8001CE8C (0x00600513) addi a0, zero, 6
x10 <- 0x00000006


mem[X,0x8001CE90] -> 0x55B7
mem[X,0x8001CE92] -> 0x5555
[3114] [M]: 0x8001CE90 (0x555555B7) lui a1, 349525
x11 <- 0x55555000


mem[X,0x8001CE94] -> 0x8593
mem[X,0x8001CE96] -> 0x5555
[3115] [M]: 0x8001CE94 (0x55558593) addi a1, a1, 1365
x11 <- 0x55555555


mem[X,0x8001CE98] -> 0x0113
mem[X,0x8001CE9A] -> 0x0000
[3116] [M]: 0x8001CE98 (0x00000113) addi sp, zero, 0
x2 <- 0x00000000


mem[X,0x8001CE9C] -> 0x006F
mem[X,0x8001CE9E] -> 0x2B10
[3117] [M]: 0x8001CE9C (0x2B10006F) jal zero, 2736


mem[X,0x8001D94C] -> 0x0A63
mem[X,0x8001D94E] -> 0xD4B5
[3118] [M]: 0x8001D94C (0xD4B50A63) beq a0, a1, 5460


mem[X,0x8001D950] -> 0x0113
mem[X,0x8001D952] -> 0x0021
[3119] [M]: 0x8001D950 (0x00210113) addi sp, sp, 2
x2 <- 0x00000002


mem[X,0x8001D954] -> 0x006F
mem[X,0x8001D956] -> 0x00C0
[3120] [M]: 0x8001D954 (0x00C0006F) jal zero, 12


mem[X,0x8001D960] -> 0xAA23
mem[X,0x8001D962] -> 0x4C20
[3121] [M]: 0x8001D960 (0x4C20AA23) sw sp, 1236(ra)
mem[0x8003973C] <- 0x00000002


mem[X,0x8001D964] -> 0x0513
mem[X,0x8001D966] -> 0x0060
[3122] [M]: 0x8001D964 (0x00600513) addi a0, zero, 6
x10 <- 0x00000006


mem[X,0x8001D968] -> 0xB5B7
mem[X,0x8001D96A] -> 0xAAAA
[3123] [M]: 0x8001D968 (0xAAAAB5B7) lui a1, 699051
x11 <- 0xAAAAB000


mem[X,0x8001D96C] -> 0x8593
mem[X,0x8001D96E] -> 0xAAA5
[3124] [M]: 0x8001D96C (0xAAA58593) addi a1, a1, 2730
x11 <- 0xAAAAAAAA


mem[X,0x8001D970] -> 0x0113
mem[X,0x8001D972] -> 0x0000
[3125] [M]: 0x8001D970 (0x00000113) addi sp, zero, 0
x2 <- 0x00000000


mem[X,0x8001D974] -> 0x006F
mem[X,0x8001D976] -> 0x0100
[3126] [M]: 0x8001D974 (0x0100006F) jal zero, 16


mem[X,0x8001D984] -> 0x0AE3
mem[X,0x8001D986] -> 0xFEB5
[3127] [M]: 0x8001D984 (0xFEB50AE3) beq a0, a1, 8180


mem[X,0x8001D988] -> 0x0113
mem[X,0x8001D98A] -> 0x0021
[3128] [M]: 0x8001D988 (0x00210113) addi sp, sp, 2
x2 <- 0x00000002


mem[X,0x8001D98C] -> 0x006F
mem[X,0x8001D98E] -> 0x00C0
[3129] [M]: 0x8001D98C (0x00C0006F) jal zero, 12


mem[X,0x8001D998] -> 0xAC23
mem[X,0x8001D99A] -> 0x4C20
[3130] [M]: 0x8001D998 (0x4C20AC23) sw sp, 1240(ra)
mem[0x80039740] <- 0x00000002


mem[X,0x8001D99C] -> 0x0513
mem[X,0x8001D99E] -> 0x0060
[3131] [M]: 0x8001D99C (0x00600513) addi a0, zero, 6
x10 <- 0x00000006


mem[X,0x8001D9A0] -> 0x0593
mem[X,0x8001D9A2] -> 0x0050
[3132] [M]: 0x8001D9A0 (0x00500593) addi a1, zero, 5
x11 <- 0x00000005


mem[X,0x8001D9A4] -> 0x0113
mem[X,0x8001D9A6] -> 0x0000
[3133] [M]: 0x8001D9A4 (0x00000113) addi sp, zero, 0
x2 <- 0x00000000


mem[X,0x8001D9A8] -> 0x006F
mem[X,0x8001D9AA] -> 0x0050
[3134] [M]: 0x8001D9A8 (0x0050006F) jal zero, 2052


mem[X,0x8001E1AC] -> 0x00E3
mem[X,0x8001E1AE] -> 0x80B5
[3135] [M]: 0x8001E1AC (0x80B500E3) beq a0, a1, 6144


mem[X,0x8001E1B0] -> 0x0113
mem[X,0x8001E1B2] -> 0x0021
[3136] [M]: 0x8001E1B0 (0x00210113) addi sp, sp, 2
x2 <- 0x00000002


mem[X,0x8001E1B4] -> 0x006F
mem[X,0x8001E1B6] -> 0x00C0
[3137] [M]: 0x8001E1B4 (0x00C0006F) jal zero, 12


mem[X,0x8001E1C0] -> 0xAE23
mem[X,0x8001E1C2] -> 0x4C20
[3138] [M]: 0x8001E1C0 (0x4C20AE23) sw sp, 1244(ra)
mem[0x80039744] <- 0x00000002


mem[X,0x8001E1C4] -> 0x0513
mem[X,0x8001E1C6] -> 0x0060
[3139] [M]: 0x8001E1C4 (0x00600513) addi a0, zero, 6
x10 <- 0x00000006


mem[X,0x8001E1C8] -> 0x35B7
mem[X,0x8001E1CA] -> 0x3333
[3140] [M]: 0x8001E1C8 (0x333335B7) lui a1, 209715
x11 <- 0x33333000


mem[X,0x8001E1CC] -> 0x8593
mem[X,0x8001E1CE] -> 0x3335
[3141] [M]: 0x8001E1CC (0x33358593) addi a1, a1, 819
x11 <- 0x33333333


mem[X,0x8001E1D0] -> 0x0113
mem[X,0x8001E1D2] -> 0x0000
[3142] [M]: 0x8001E1D0 (0x00000113) addi sp, zero, 0
x2 <- 0x00000000


mem[X,0x8001E1D4] -> 0x006F
mem[X,0x8001E1D6] -> 0x00C0
[3143] [M]: 0x8001E1D4 (0x00C0006F) jal zero, 12


mem[X,0x8001E1E0] -> 0x0663
mem[X,0x8001E1E2] -> 0x00B5
[3144] [M]: 0x8001E1E0 (0x00B50663) beq a0, a1, 12


mem[X,0x8001E1E4] -> 0x0113
mem[X,0x8001E1E6] -> 0x0021
[3145] [M]: 0x8001E1E4 (0x00210113) addi sp, sp, 2
x2 <- 0x00000002


mem[X,0x8001E1E8] -> 0x006F
mem[X,0x8001E1EA] -> 0x00C0
[3146] [M]: 0x8001E1E8 (0x00C0006F) jal zero, 12


mem[X,0x8001E1F4] -> 0xA023
mem[X,0x8001E1F6] -> 0x4E20
[3147] [M]: 0x8001E1F4 (0x4E20A023) sw sp, 1248(ra)
mem[0x80039748] <- 0x00000002


mem[X,0x8001E1F8] -> 0x0513
mem[X,0x8001E1FA] -> 0x0060
[3148] [M]: 0x8001E1F8 (0x00600513) addi a0, zero, 6
x10 <- 0x00000006


mem[X,0x8001E1FC] -> 0x65B7
mem[X,0x8001E1FE] -> 0x6666
[3149] [M]: 0x8001E1FC (0x666665B7) lui a1, 419430
x11 <- 0x66666000


mem[X,0x8001E200] -> 0x8593
mem[X,0x8001E202] -> 0x6665
[3150] [M]: 0x8001E200 (0x66658593) addi a1, a1, 1638
x11 <- 0x66666666


mem[X,0x8001E204] -> 0x0113
mem[X,0x8001E206] -> 0x0000
[3151] [M]: 0x8001E204 (0x00000113) addi sp, zero, 0
x2 <- 0x00000000


mem[X,0x8001E208] -> 0x006F
mem[X,0x8001E20A] -> 0x0050
[3152] [M]: 0x8001E208 (0x0050006F) jal zero, 2052


mem[X,0x8001EA0C] -> 0x00E3
mem[X,0x8001EA0E] -> 0x80B5
[3153] [M]: 0x8001EA0C (0x80B500E3) beq a0, a1, 6144


mem[X,0x8001EA10] -> 0x0113
mem[X,0x8001EA12] -> 0x0021
[3154] [M]: 0x8001EA10 (0x00210113) addi sp, sp, 2
x2 <- 0x00000002


mem[X,0x8001EA14] -> 0x006F
mem[X,0x8001EA16] -> 0x00C0
[3155] [M]: 0x8001EA14 (0x00C0006F) jal zero, 12


mem[X,0x8001EA20] -> 0xA223
mem[X,0x8001EA22] -> 0x4E20
[3156] [M]: 0x8001EA20 (0x4E20A223) sw sp, 1252(ra)
mem[0x8003974C] <- 0x00000002


mem[X,0x8001EA24] -> 0x0513
mem[X,0x8001EA26] -> 0x0060
[3157] [M]: 0x8001EA24 (0x00600513) addi a0, zero, 6
x10 <- 0x00000006


mem[X,0x8001EA28] -> 0x55B7
mem[X,0x8001EA2A] -> 0xFFFF
[3158] [M]: 0x8001EA28 (0xFFFF55B7) lui a1, 1048565
x11 <- 0xFFFF5000


mem[X,0x8001EA2C] -> 0x8593
mem[X,0x8001EA2E] -> 0xAFC5
[3159] [M]: 0x8001EA2C (0xAFC58593) addi a1, a1, 2812
x11 <- 0xFFFF4AFC


mem[X,0x8001EA30] -> 0x0113
mem[X,0x8001EA32] -> 0x0000
[3160] [M]: 0x8001EA30 (0x00000113) addi sp, zero, 0
x2 <- 0x00000000


mem[X,0x8001EA34] -> 0x006F
mem[X,0x8001EA36] -> 0x00C0
[3161] [M]: 0x8001EA34 (0x00C0006F) jal zero, 12


mem[X,0x8001EA40] -> 0x0063
mem[X,0x8001EA42] -> 0x08B5
[3162] [M]: 0x8001EA40 (0x08B50063) beq a0, a1, 128


mem[X,0x8001EA44] -> 0x0113
mem[X,0x8001EA46] -> 0x0021
[3163] [M]: 0x8001EA44 (0x00210113) addi sp, sp, 2
x2 <- 0x00000002


mem[X,0x8001EA48] -> 0x006F
mem[X,0x8001EA4A] -> 0x0800
[3164] [M]: 0x8001EA48 (0x0800006F) jal zero, 128


mem[X,0x8001EAC8] -> 0xA423
mem[X,0x8001EACA] -> 0x4E20
[3165] [M]: 0x8001EAC8 (0x4E20A423) sw sp, 1256(ra)
mem[0x80039750] <- 0x00000002


mem[X,0x8001EACC] -> 0x0513
mem[X,0x8001EACE] -> 0x0060
[3166] [M]: 0x8001EACC (0x00600513) addi a0, zero, 6
x10 <- 0x00000006


mem[X,0x8001EAD0] -> 0xB5B7
mem[X,0x8001EAD2] -> 0x0000
[3167] [M]: 0x8001EAD0 (0x0000B5B7) lui a1, 11
x11 <- 0x0000B000


mem[X,0x8001EAD4] -> 0x8593
mem[X,0x8001EAD6] -> 0x5045
[3168] [M]: 0x8001EAD4 (0x50458593) addi a1, a1, 1284
x11 <- 0x0000B504


mem[X,0x8001EAD8] -> 0x0113
mem[X,0x8001EADA] -> 0x0000
[3169] [M]: 0x8001EAD8 (0x00000113) addi sp, zero, 0
x2 <- 0x00000000


mem[X,0x8001EADC] -> 0x006F
mem[X,0x8001EADE] -> 0x00C0
[3170] [M]: 0x8001EADC (0x00C0006F) jal zero, 12


mem[X,0x8001EAE8] -> 0x0063
mem[X,0x8001EAEA] -> 0x04B5
[3171] [M]: 0x8001EAE8 (0x04B50063) beq a0, a1, 64


mem[X,0x8001EAEC] -> 0x0113
mem[X,0x8001EAEE] -> 0x0021
[3172] [M]: 0x8001EAEC (0x00210113) addi sp, sp, 2
x2 <- 0x00000002


mem[X,0x8001EAF0] -> 0x006F
mem[X,0x8001EAF2] -> 0x0400
[3173] [M]: 0x8001EAF0 (0x0400006F) jal zero, 64


mem[X,0x8001EB30] -> 0xA623
mem[X,0x8001EB32] -> 0x4E20
[3174] [M]: 0x8001EB30 (0x4E20A623) sw sp, 1260(ra)
mem[0x80039754] <- 0x00000002


mem[X,0x8001EB34] -> 0x0513
mem[X,0x8001EB36] -> 0x0060
[3175] [M]: 0x8001EB34 (0x00600513) addi a0, zero, 6
x10 <- 0x00000006


mem[X,0x8001EB38] -> 0x0593
mem[X,0x8001EB3A] -> 0x0020
[3176] [M]: 0x8001EB38 (0x00200593) addi a1, zero, 2
x11 <- 0x00000002


mem[X,0x8001EB3C] -> 0x0113
mem[X,0x8001EB3E] -> 0x0000
[3177] [M]: 0x8001EB3C (0x00000113) addi sp, zero, 0
x2 <- 0x00000000


mem[X,0x8001EB40] -> 0x006F
mem[X,0x8001EB42] -> 0x00C0
[3178] [M]: 0x8001EB40 (0x00C0006F) jal zero, 12


mem[X,0x8001EB4C] -> 0x0663
mem[X,0x8001EB4E] -> 0x00B5
[3179] [M]: 0x8001EB4C (0x00B50663) beq a0, a1, 12


mem[X,0x8001EB50] -> 0x0113
mem[X,0x8001EB52] -> 0x0021
[3180] [M]: 0x8001EB50 (0x00210113) addi sp, sp, 2
x2 <- 0x00000002


mem[X,0x8001EB54] -> 0x006F
mem[X,0x8001EB56] -> 0x00C0
[3181] [M]: 0x8001EB54 (0x00C0006F) jal zero, 12


mem[X,0x8001EB60] -> 0xA823
mem[X,0x8001EB62] -> 0x4E20
[3182] [M]: 0x8001EB60 (0x4E20A823) sw sp, 1264(ra)
mem[0x80039758] <- 0x00000002


mem[X,0x8001EB64] -> 0x0513
mem[X,0x8001EB66] -> 0x0060
[3183] [M]: 0x8001EB64 (0x00600513) addi a0, zero, 6
x10 <- 0x00000006


mem[X,0x8001EB68] -> 0x55B7
mem[X,0x8001EB6A] -> 0x5555
[3184] [M]: 0x8001EB68 (0x555555B7) lui a1, 349525
x11 <- 0x55555000


mem[X,0x8001EB6C] -> 0x8593
mem[X,0x8001EB6E] -> 0x5545
[3185] [M]: 0x8001EB6C (0x55458593) addi a1, a1, 1364
x11 <- 0x55555554


mem[X,0x8001EB70] -> 0x0113
mem[X,0x8001EB72] -> 0x0000
[3186] [M]: 0x8001EB70 (0x00000113) addi sp, zero, 0
x2 <- 0x00000000


mem[X,0x8001EB74] -> 0x006F
mem[X,0x8001EB76] -> 0x00C0
[3187] [M]: 0x8001EB74 (0x00C0006F) jal zero, 12


mem[X,0x8001EB80] -> 0x0063
mem[X,0x8001EB82] -> 0x20B5
[3188] [M]: 0x8001EB80 (0x20B50063) beq a0, a1, 512


mem[X,0x8001EB84] -> 0x0113
mem[X,0x8001EB86] -> 0x0021
[3189] [M]: 0x8001EB84 (0x00210113) addi sp, sp, 2
x2 <- 0x00000002


mem[X,0x8001EB88] -> 0x006F
mem[X,0x8001EB8A] -> 0x2000
[3190] [M]: 0x8001EB88 (0x2000006F) jal zero, 512


mem[X,0x8001ED88] -> 0xAA23
mem[X,0x8001ED8A] -> 0x4E20
[3191] [M]: 0x8001ED88 (0x4E20AA23) sw sp, 1268(ra)
mem[0x8003975C] <- 0x00000002


mem[X,0x8001ED8C] -> 0x0513
mem[X,0x8001ED8E] -> 0x0060
[3192] [M]: 0x8001ED8C (0x00600513) addi a0, zero, 6
x10 <- 0x00000006


mem[X,0x8001ED90] -> 0x0593
mem[X,0x8001ED92] -> 0x0000
[3193] [M]: 0x8001ED90 (0x00000593) addi a1, zero, 0
x11 <- 0x00000000


mem[X,0x8001ED94] -> 0x0113
mem[X,0x8001ED96] -> 0x0000
[3194] [M]: 0x8001ED94 (0x00000113) addi sp, zero, 0
x2 <- 0x00000000


mem[X,0x8001ED98] -> 0x006F
mem[X,0x8001ED9A] -> 0x0100
[3195] [M]: 0x8001ED98 (0x0100006F) jal zero, 16


mem[X,0x8001EDA8] -> 0x0AE3
mem[X,0x8001EDAA] -> 0xFEB5
[3196] [M]: 0x8001EDA8 (0xFEB50AE3) beq a0, a1, 8180


mem[X,0x8001EDAC] -> 0x0113
mem[X,0x8001EDAE] -> 0x0021
[3197] [M]: 0x8001EDAC (0x00210113) addi sp, sp, 2
x2 <- 0x00000002


mem[X,0x8001EDB0] -> 0x006F
mem[X,0x8001EDB2] -> 0x00C0
[3198] [M]: 0x8001EDB0 (0x00C0006F) jal zero, 12


mem[X,0x8001EDBC] -> 0xAC23
mem[X,0x8001EDBE] -> 0x4E20
[3199] [M]: 0x8001EDBC (0x4E20AC23) sw sp, 1272(ra)
mem[0x80039760] <- 0x00000002


clint::tick mtime <- 0x0000000000000020
 clint timer pending at mtime 0x0000000000000020
htif::tick 0x0000000000000000
mem[X,0x8001EDC0] -> 0x0513
mem[X,0x8001EDC2] -> 0x0060
[3200] [M]: 0x8001EDC0 (0x00600513) addi a0, zero, 6
x10 <- 0x00000006


mem[X,0x8001EDC4] -> 0x35B7
mem[X,0x8001EDC6] -> 0x3333
[3201] [M]: 0x8001EDC4 (0x333335B7) lui a1, 209715
x11 <- 0x33333000


mem[X,0x8001EDC8] -> 0x8593
mem[X,0x8001EDCA] -> 0x3325
[3202] [M]: 0x8001EDC8 (0x33258593) addi a1, a1, 818
x11 <- 0x33333332


mem[X,0x8001EDCC] -> 0x0113
mem[X,0x8001EDCE] -> 0x0000
[3203] [M]: 0x8001EDCC (0x00000113) addi sp, zero, 0
x2 <- 0x00000000


mem[X,0x8001EDD0] -> 0x006F
mem[X,0x8001EDD2] -> 0x0180
[3204] [M]: 0x8001EDD0 (0x0180006F) jal zero, 24


mem[X,0x8001EDE8] -> 0x06E3
mem[X,0x8001EDEA] -> 0xFEB5
[3205] [M]: 0x8001EDE8 (0xFEB506E3) beq a0, a1, 8172


mem[X,0x8001EDEC] -> 0x0113
mem[X,0x8001EDEE] -> 0x0021
[3206] [M]: 0x8001EDEC (0x00210113) addi sp, sp, 2
x2 <- 0x00000002


mem[X,0x8001EDF0] -> 0x006F
mem[X,0x8001EDF2] -> 0x00C0
[3207] [M]: 0x8001EDF0 (0x00C0006F) jal zero, 12


mem[X,0x8001EDFC] -> 0xAE23
mem[X,0x8001EDFE] -> 0x4E20
[3208] [M]: 0x8001EDFC (0x4E20AE23) sw sp, 1276(ra)
mem[0x80039764] <- 0x00000002


mem[X,0x8001EE00] -> 0x0513
mem[X,0x8001EE02] -> 0x0060
[3209] [M]: 0x8001EE00 (0x00600513) addi a0, zero, 6
x10 <- 0x00000006


mem[X,0x8001EE04] -> 0x65B7
mem[X,0x8001EE06] -> 0x6666
[3210] [M]: 0x8001EE04 (0x666665B7) lui a1, 419430
x11 <- 0x66666000


mem[X,0x8001EE08] -> 0x8593
mem[X,0x8001EE0A] -> 0x6655
[3211] [M]: 0x8001EE08 (0x66558593) addi a1, a1, 1637
x11 <- 0x66666665


mem[X,0x8001EE0C] -> 0x0113
mem[X,0x8001EE0E] -> 0x0000
[3212] [M]: 0x8001EE0C (0x00000113) addi sp, zero, 0
x2 <- 0x00000000


mem[X,0x8001EE10] -> 0x006F
mem[X,0x8001EE12] -> 0x00C0
[3213] [M]: 0x8001EE10 (0x00C0006F) jal zero, 12


mem[X,0x8001EE1C] -> 0x0663
mem[X,0x8001EE1E] -> 0x00B5
[3214] [M]: 0x8001EE1C (0x00B50663) beq a0, a1, 12


mem[X,0x8001EE20] -> 0x0113
mem[X,0x8001EE22] -> 0x0021
[3215] [M]: 0x8001EE20 (0x00210113) addi sp, sp, 2
x2 <- 0x00000002


mem[X,0x8001EE24] -> 0x006F
mem[X,0x8001EE26] -> 0x00C0
[3216] [M]: 0x8001EE24 (0x00C0006F) jal zero, 12


mem[X,0x8001EE30] -> 0xA023
mem[X,0x8001EE32] -> 0x5020
[3217] [M]: 0x8001EE30 (0x5020A023) sw sp, 1280(ra)
mem[0x80039768] <- 0x00000002


mem[X,0x8001EE34] -> 0x0513
mem[X,0x8001EE36] -> 0x0060
[3218] [M]: 0x8001EE34 (0x00600513) addi a0, zero, 6
x10 <- 0x00000006


mem[X,0x8001EE38] -> 0xB5B7
mem[X,0x8001EE3A] -> 0x0000
[3219] [M]: 0x8001EE38 (0x0000B5B7) lui a1, 11
x11 <- 0x0000B000


mem[X,0x8001EE3C] -> 0x8593
mem[X,0x8001EE3E] -> 0x5035
[3220] [M]: 0x8001EE3C (0x50358593) addi a1, a1, 1283
x11 <- 0x0000B503


mem[X,0x8001EE40] -> 0x0113
mem[X,0x8001EE42] -> 0x0000
[3221] [M]: 0x8001EE40 (0x00000113) addi sp, zero, 0
x2 <- 0x00000000


mem[X,0x8001EE44] -> 0x006F
mem[X,0x8001EE46] -> 0x00C0
[3222] [M]: 0x8001EE44 (0x00C0006F) jal zero, 12


mem[X,0x8001EE50] -> 0x0063
mem[X,0x8001EE52] -> 0x20B5
[3223] [M]: 0x8001EE50 (0x20B50063) beq a0, a1, 512


mem[X,0x8001EE54] -> 0x0113
mem[X,0x8001EE56] -> 0x0021
[3224] [M]: 0x8001EE54 (0x00210113) addi sp, sp, 2
x2 <- 0x00000002


mem[X,0x8001EE58] -> 0x006F
mem[X,0x8001EE5A] -> 0x2000
[3225] [M]: 0x8001EE58 (0x2000006F) jal zero, 512


mem[X,0x8001F058] -> 0xA223
mem[X,0x8001F05A] -> 0x5020
[3226] [M]: 0x8001F058 (0x5020A223) sw sp, 1284(ra)
mem[0x8003976C] <- 0x00000002


mem[X,0x8001F05C] -> 0x0513
mem[X,0x8001F05E] -> 0x0060
[3227] [M]: 0x8001F05C (0x00600513) addi a0, zero, 6
x10 <- 0x00000006


mem[X,0x8001F060] -> 0x55B7
mem[X,0x8001F062] -> 0x5555
[3228] [M]: 0x8001F060 (0x555555B7) lui a1, 349525
x11 <- 0x55555000


mem[X,0x8001F064] -> 0x8593
mem[X,0x8001F066] -> 0x5565
[3229] [M]: 0x8001F064 (0x55658593) addi a1, a1, 1366
x11 <- 0x55555556


mem[X,0x8001F068] -> 0x0113
mem[X,0x8001F06A] -> 0x0000
[3230] [M]: 0x8001F068 (0x00000113) addi sp, zero, 0
x2 <- 0x00000000


mem[X,0x8001F06C] -> 0x006F
mem[X,0x8001F06E] -> 0x0100
[3231] [M]: 0x8001F06C (0x0100006F) jal zero, 16


mem[X,0x8001F07C] -> 0x0AE3
mem[X,0x8001F07E] -> 0xFEB5
[3232] [M]: 0x8001F07C (0xFEB50AE3) beq a0, a1, 8180


mem[X,0x8001F080] -> 0x0113
mem[X,0x8001F082] -> 0x0021
[3233] [M]: 0x8001F080 (0x00210113) addi sp, sp, 2
x2 <- 0x00000002


mem[X,0x8001F084] -> 0x006F
mem[X,0x8001F086] -> 0x00C0
[3234] [M]: 0x8001F084 (0x00C0006F) jal zero, 12


mem[X,0x8001F090] -> 0xA423
mem[X,0x8001F092] -> 0x5020
[3235] [M]: 0x8001F090 (0x5020A423) sw sp, 1288(ra)
mem[0x80039770] <- 0x00000002


mem[X,0x8001F094] -> 0x0513
mem[X,0x8001F096] -> 0x0060
[3236] [M]: 0x8001F094 (0x00600513) addi a0, zero, 6
x10 <- 0x00000006


mem[X,0x8001F098] -> 0xB5B7
mem[X,0x8001F09A] -> 0xAAAA
[3237] [M]: 0x8001F098 (0xAAAAB5B7) lui a1, 699051
x11 <- 0xAAAAB000


mem[X,0x8001F09C] -> 0x8593
mem[X,0x8001F09E] -> 0xAAB5
[3238] [M]: 0x8001F09C (0xAAB58593) addi a1, a1, 2731
x11 <- 0xAAAAAAAB


mem[X,0x8001F0A0] -> 0x0113
mem[X,0x8001F0A2] -> 0x0000
[3239] [M]: 0x8001F0A0 (0x00000113) addi sp, zero, 0
x2 <- 0x00000000


mem[X,0x8001F0A4] -> 0x006F
mem[X,0x8001F0A6] -> 0x00C0
[3240] [M]: 0x8001F0A4 (0x00C0006F) jal zero, 12


mem[X,0x8001F0B0] -> 0x0663
mem[X,0x8001F0B2] -> 0x00B5
[3241] [M]: 0x8001F0B0 (0x00B50663) beq a0, a1, 12


mem[X,0x8001F0B4] -> 0x0113
mem[X,0x8001F0B6] -> 0x0021
[3242] [M]: 0x8001F0B4 (0x00210113) addi sp, sp, 2
x2 <- 0x00000002


mem[X,0x8001F0B8] -> 0x006F
mem[X,0x8001F0BA] -> 0x00C0
[3243] [M]: 0x8001F0B8 (0x00C0006F) jal zero, 12


mem[X,0x8001F0C4] -> 0xA623
mem[X,0x8001F0C6] -> 0x5020
[3244] [M]: 0x8001F0C4 (0x5020A623) sw sp, 1292(ra)
mem[0x80039774] <- 0x00000002


mem[X,0x8001F0C8] -> 0x0513
mem[X,0x8001F0CA] -> 0x0060
[3245] [M]: 0x8001F0C8 (0x00600513) addi a0, zero, 6
x10 <- 0x00000006


mem[X,0x8001F0CC] -> 0x0593
mem[X,0x8001F0CE] -> 0x0060
[3246] [M]: 0x8001F0CC (0x00600593) addi a1, zero, 6
x11 <- 0x00000006


mem[X,0x8001F0D0] -> 0x0113
mem[X,0x8001F0D2] -> 0x0000
[3247] [M]: 0x8001F0D0 (0x00000113) addi sp, zero, 0
x2 <- 0x00000000


mem[X,0x8001F0D4] -> 0x006F
mem[X,0x8001F0D6] -> 0x00C0
[3248] [M]: 0x8001F0D4 (0x00C0006F) jal zero, 12


mem[X,0x8001F0E0] -> 0x0863
mem[X,0x8001F0E2] -> 0x00B5
[3249] [M]: 0x8001F0E0 (0x00B50863) beq a0, a1, 16


mem[X,0x8001F0F0] -> 0x0113
mem[X,0x8001F0F2] -> 0x0031
[3250] [M]: 0x8001F0F0 (0x00310113) addi sp, sp, 3
x2 <- 0x00000003


mem[X,0x8001F0F4] -> 0x006F
mem[X,0x8001F0F6] -> 0x0040
[3251] [M]: 0x8001F0F4 (0x0040006F) jal zero, 4


mem[X,0x8001F0F8] -> 0xA823
mem[X,0x8001F0FA] -> 0x5020
[3252] [M]: 0x8001F0F8 (0x5020A823) sw sp, 1296(ra)
mem[0x80039778] <- 0x00000003


mem[X,0x8001F0FC] -> 0x0513
mem[X,0x8001F0FE] -> 0x0060
[3253] [M]: 0x8001F0FC (0x00600513) addi a0, zero, 6
x10 <- 0x00000006


mem[X,0x8001F100] -> 0x35B7
mem[X,0x8001F102] -> 0x3333
[3254] [M]: 0x8001F100 (0x333335B7) lui a1, 209715
x11 <- 0x33333000


mem[X,0x8001F104] -> 0x8593
mem[X,0x8001F106] -> 0x3345
[3255] [M]: 0x8001F104 (0x33458593) addi a1, a1, 820
x11 <- 0x33333334


mem[X,0x8001F108] -> 0x0113
mem[X,0x8001F10A] -> 0x0000
[3256] [M]: 0x8001F108 (0x00000113) addi sp, zero, 0
x2 <- 0x00000000


mem[X,0x8001F10C] -> 0x006F
mem[X,0x8001F10E] -> 0x00C0
[3257] [M]: 0x8001F10C (0x00C0006F) jal zero, 12


mem[X,0x8001F118] -> 0x0063
mem[X,0x8001F11A] -> 0x02B5
[3258] [M]: 0x8001F118 (0x02B50063) beq a0, a1, 32


mem[X,0x8001F11C] -> 0x0113
mem[X,0x8001F11E] -> 0x0021
[3259] [M]: 0x8001F11C (0x00210113) addi sp, sp, 2
x2 <- 0x00000002


mem[X,0x8001F120] -> 0x006F
mem[X,0x8001F122] -> 0x0200
[3260] [M]: 0x8001F120 (0x0200006F) jal zero, 32


mem[X,0x8001F140] -> 0xAA23
mem[X,0x8001F142] -> 0x5020
[3261] [M]: 0x8001F140 (0x5020AA23) sw sp, 1300(ra)
mem[0x8003977C] <- 0x00000002


mem[X,0x8001F144] -> 0x0513
mem[X,0x8001F146] -> 0x0060
[3262] [M]: 0x8001F144 (0x00600513) addi a0, zero, 6
x10 <- 0x00000006


mem[X,0x8001F148] -> 0x65B7
mem[X,0x8001F14A] -> 0x6666
[3263] [M]: 0x8001F148 (0x666665B7) lui a1, 419430
x11 <- 0x66666000


mem[X,0x8001F14C] -> 0x8593
mem[X,0x8001F14E] -> 0x6675
[3264] [M]: 0x8001F14C (0x66758593) addi a1, a1, 1639
x11 <- 0x66666667


mem[X,0x8001F150] -> 0x0113
mem[X,0x8001F152] -> 0x0000
[3265] [M]: 0x8001F150 (0x00000113) addi sp, zero, 0
x2 <- 0x00000000


mem[X,0x8001F154] -> 0x006F
mem[X,0x8001F156] -> 0x00C0
[3266] [M]: 0x8001F154 (0x00C0006F) jal zero, 12


mem[X,0x8001F160] -> 0x0063
mem[X,0x8001F162] -> 0x04B5
[3267] [M]: 0x8001F160 (0x04B50063) beq a0, a1, 64


mem[X,0x8001F164] -> 0x0113
mem[X,0x8001F166] -> 0x0021
[3268] [M]: 0x8001F164 (0x00210113) addi sp, sp, 2
x2 <- 0x00000002


mem[X,0x8001F168] -> 0x006F
mem[X,0x8001F16A] -> 0x0400
[3269] [M]: 0x8001F168 (0x0400006F) jal zero, 64


mem[X,0x8001F1A8] -> 0xAC23
mem[X,0x8001F1AA] -> 0x5020
[3270] [M]: 0x8001F1A8 (0x5020AC23) sw sp, 1304(ra)
mem[0x80039780] <- 0x00000002


mem[X,0x8001F1AC] -> 0x0513
mem[X,0x8001F1AE] -> 0x0060
[3271] [M]: 0x8001F1AC (0x00600513) addi a0, zero, 6
x10 <- 0x00000006


mem[X,0x8001F1B0] -> 0x55B7
mem[X,0x8001F1B2] -> 0xFFFF
[3272] [M]: 0x8001F1B0 (0xFFFF55B7) lui a1, 1048565
x11 <- 0xFFFF5000


mem[X,0x8001F1B4] -> 0x8593
mem[X,0x8001F1B6] -> 0xAFD5
[3273] [M]: 0x8001F1B4 (0xAFD58593) addi a1, a1, 2813
x11 <- 0xFFFF4AFD


mem[X,0x8001F1B8] -> 0x0113
mem[X,0x8001F1BA] -> 0x0000
[3274] [M]: 0x8001F1B8 (0x00000113) addi sp, zero, 0
x2 <- 0x00000000


mem[X,0x8001F1BC] -> 0x006F
mem[X,0x8001F1BE] -> 0x00C0
[3275] [M]: 0x8001F1BC (0x00C0006F) jal zero, 12


mem[X,0x8001F1C8] -> 0x0CE3
mem[X,0x8001F1CA] -> 0xFEB5
[3276] [M]: 0x8001F1C8 (0xFEB50CE3) beq a0, a1, 8184


mem[X,0x8001F1CC] -> 0x0113
mem[X,0x8001F1CE] -> 0x0021
[3277] [M]: 0x8001F1CC (0x00210113) addi sp, sp, 2
x2 <- 0x00000002


mem[X,0x8001F1D0] -> 0x006F
mem[X,0x8001F1D2] -> 0x00C0
[3278] [M]: 0x8001F1D0 (0x00C0006F) jal zero, 12


mem[X,0x8001F1DC] -> 0xAE23
mem[X,0x8001F1DE] -> 0x5020
[3279] [M]: 0x8001F1DC (0x5020AE23) sw sp, 1308(ra)
mem[0x80039784] <- 0x00000002


mem[X,0x8001F1E0] -> 0x0513
mem[X,0x8001F1E2] -> 0x0060
[3280] [M]: 0x8001F1E0 (0x00600513) addi a0, zero, 6
x10 <- 0x00000006


mem[X,0x8001F1E4] -> 0xB5B7
mem[X,0x8001F1E6] -> 0x0000
[3281] [M]: 0x8001F1E4 (0x0000B5B7) lui a1, 11
x11 <- 0x0000B000


mem[X,0x8001F1E8] -> 0x8593
mem[X,0x8001F1EA] -> 0x5055
[3282] [M]: 0x8001F1E8 (0x50558593) addi a1, a1, 1285
x11 <- 0x0000B505


mem[X,0x8001F1EC] -> 0x0113
mem[X,0x8001F1EE] -> 0x0000
[3283] [M]: 0x8001F1EC (0x00000113) addi sp, zero, 0
x2 <- 0x00000000


mem[X,0x8001F1F0] -> 0x006F
mem[X,0x8001F1F2] -> 0x00C0
[3284] [M]: 0x8001F1F0 (0x00C0006F) jal zero, 12


mem[X,0x8001F1FC] -> 0x0663
mem[X,0x8001F1FE] -> 0x00B5
[3285] [M]: 0x8001F1FC (0x00B50663) beq a0, a1, 12


mem[X,0x8001F200] -> 0x0113
mem[X,0x8001F202] -> 0x0021
[3286] [M]: 0x8001F200 (0x00210113) addi sp, sp, 2
x2 <- 0x00000002


mem[X,0x8001F204] -> 0x006F
mem[X,0x8001F206] -> 0x00C0
[3287] [M]: 0x8001F204 (0x00C0006F) jal zero, 12


mem[X,0x8001F210] -> 0xA023
mem[X,0x8001F212] -> 0x5220
[3288] [M]: 0x8001F210 (0x5220A023) sw sp, 1312(ra)
mem[0x80039788] <- 0x00000002


mem[X,0x8001F214] -> 0x3537
mem[X,0x8001F216] -> 0x3333
[3289] [M]: 0x8001F214 (0x33333537) lui a0, 209715
x10 <- 0x33333000


mem[X,0x8001F218] -> 0x0513
mem[X,0x8001F21A] -> 0x3345
[3290] [M]: 0x8001F218 (0x33450513) addi a0, a0, 820
x10 <- 0x33333334


mem[X,0x8001F21C] -> 0x0593
mem[X,0x8001F21E] -> 0x0030
[3291] [M]: 0x8001F21C (0x00300593) addi a1, zero, 3
x11 <- 0x00000003


mem[X,0x8001F220] -> 0x0113
mem[X,0x8001F222] -> 0x0000
[3292] [M]: 0x8001F220 (0x00000113) addi sp, zero, 0
x2 <- 0x00000000


mem[X,0x8001F224] -> 0x006F
mem[X,0x8001F226] -> 0x00C0
[3293] [M]: 0x8001F224 (0x00C0006F) jal zero, 12


mem[X,0x8001F230] -> 0x0663
mem[X,0x8001F232] -> 0x00B5
[3294] [M]: 0x8001F230 (0x00B50663) beq a0, a1, 12


mem[X,0x8001F234] -> 0x0113
mem[X,0x8001F236] -> 0x0021
[3295] [M]: 0x8001F234 (0x00210113) addi sp, sp, 2
x2 <- 0x00000002


mem[X,0x8001F238] -> 0x006F
mem[X,0x8001F23A] -> 0x00C0
[3296] [M]: 0x8001F238 (0x00C0006F) jal zero, 12


mem[X,0x8001F244] -> 0xA223
mem[X,0x8001F246] -> 0x5220
[3297] [M]: 0x8001F244 (0x5220A223) sw sp, 1316(ra)
mem[0x8003978C] <- 0x00000002


mem[X,0x8001F248] -> 0x3537
mem[X,0x8001F24A] -> 0x3333
[3298] [M]: 0x8001F248 (0x33333537) lui a0, 209715
x10 <- 0x33333000


mem[X,0x8001F24C] -> 0x0513
mem[X,0x8001F24E] -> 0x3345
[3299] [M]: 0x8001F24C (0x33450513) addi a0, a0, 820
x10 <- 0x33333334


clint::tick mtime <- 0x0000000000000021
 clint timer pending at mtime 0x0000000000000021
htif::tick 0x0000000000000000
mem[X,0x8001F250] -> 0x55B7
mem[X,0x8001F252] -> 0x5555
[3300] [M]: 0x8001F250 (0x555555B7) lui a1, 349525
x11 <- 0x55555000


mem[X,0x8001F254] -> 0x8593
mem[X,0x8001F256] -> 0x5555
[3301] [M]: 0x8001F254 (0x55558593) addi a1, a1, 1365
x11 <- 0x55555555


mem[X,0x8001F258] -> 0x0113
mem[X,0x8001F25A] -> 0x0000
[3302] [M]: 0x8001F258 (0x00000113) addi sp, zero, 0
x2 <- 0x00000000


mem[X,0x8001F25C] -> 0x006F
mem[X,0x8001F25E] -> 0x0050
[3303] [M]: 0x8001F25C (0x0050006F) jal zero, 2052


mem[X,0x8001FA60] -> 0x00E3
mem[X,0x8001FA62] -> 0x80B5
[3304] [M]: 0x8001FA60 (0x80B500E3) beq a0, a1, 6144


mem[X,0x8001FA64] -> 0x0113
mem[X,0x8001FA66] -> 0x0021
[3305] [M]: 0x8001FA64 (0x00210113) addi sp, sp, 2
x2 <- 0x00000002


mem[X,0x8001FA68] -> 0x006F
mem[X,0x8001FA6A] -> 0x00C0
[3306] [M]: 0x8001FA68 (0x00C0006F) jal zero, 12


mem[X,0x8001FA74] -> 0xA423
mem[X,0x8001FA76] -> 0x5220
[3307] [M]: 0x8001FA74 (0x5220A423) sw sp, 1320(ra)
mem[0x80039790] <- 0x00000002


mem[X,0x8001FA78] -> 0x3537
mem[X,0x8001FA7A] -> 0x3333
[3308] [M]: 0x8001FA78 (0x33333537) lui a0, 209715
x10 <- 0x33333000


mem[X,0x8001FA7C] -> 0x0513
mem[X,0x8001FA7E] -> 0x3345
[3309] [M]: 0x8001FA7C (0x33450513) addi a0, a0, 820
x10 <- 0x33333334


mem[X,0x8001FA80] -> 0xB5B7
mem[X,0x8001FA82] -> 0xAAAA
[3310] [M]: 0x8001FA80 (0xAAAAB5B7) lui a1, 699051
x11 <- 0xAAAAB000


mem[X,0x8001FA84] -> 0x8593
mem[X,0x8001FA86] -> 0xAAA5
[3311] [M]: 0x8001FA84 (0xAAA58593) addi a1, a1, 2730
x11 <- 0xAAAAAAAA


mem[X,0x8001FA88] -> 0x0113
mem[X,0x8001FA8A] -> 0x0000
[3312] [M]: 0x8001FA88 (0x00000113) addi sp, zero, 0
x2 <- 0x00000000


mem[X,0x8001FA8C] -> 0x006F
mem[X,0x8001FA8E] -> 0x00C0
[3313] [M]: 0x8001FA8C (0x00C0006F) jal zero, 12


mem[X,0x8001FA98] -> 0x0CE3
mem[X,0x8001FA9A] -> 0xFEB5
[3314] [M]: 0x8001FA98 (0xFEB50CE3) beq a0, a1, 8184


mem[X,0x8001FA9C] -> 0x0113
mem[X,0x8001FA9E] -> 0x0021
[3315] [M]: 0x8001FA9C (0x00210113) addi sp, sp, 2
x2 <- 0x00000002


mem[X,0x8001FAA0] -> 0x006F
mem[X,0x8001FAA2] -> 0x00C0
[3316] [M]: 0x8001FAA0 (0x00C0006F) jal zero, 12


mem[X,0x8001FAAC] -> 0xA623
mem[X,0x8001FAAE] -> 0x5220
[3317] [M]: 0x8001FAAC (0x5220A623) sw sp, 1324(ra)
mem[0x80039794] <- 0x00000002


mem[X,0x8001FAB0] -> 0x3537
mem[X,0x8001FAB2] -> 0x3333
[3318] [M]: 0x8001FAB0 (0x33333537) lui a0, 209715
x10 <- 0x33333000


mem[X,0x8001FAB4] -> 0x0513
mem[X,0x8001FAB6] -> 0x3345
[3319] [M]: 0x8001FAB4 (0x33450513) addi a0, a0, 820
x10 <- 0x33333334


mem[X,0x8001FAB8] -> 0x0593
mem[X,0x8001FABA] -> 0x0050
[3320] [M]: 0x8001FAB8 (0x00500593) addi a1, zero, 5
x11 <- 0x00000005


mem[X,0x8001FABC] -> 0x0113
mem[X,0x8001FABE] -> 0x0000
[3321] [M]: 0x8001FABC (0x00000113) addi sp, zero, 0
x2 <- 0x00000000


mem[X,0x8001FAC0] -> 0x006F
mem[X,0x8001FAC2] -> 0x00C0
[3322] [M]: 0x8001FAC0 (0x00C0006F) jal zero, 12


mem[X,0x8001FACC] -> 0x0CE3
mem[X,0x8001FACE] -> 0xFEB5
[3323] [M]: 0x8001FACC (0xFEB50CE3) beq a0, a1, 8184


mem[X,0x8001FAD0] -> 0x0113
mem[X,0x8001FAD2] -> 0x0021
[3324] [M]: 0x8001FAD0 (0x00210113) addi sp, sp, 2
x2 <- 0x00000002


mem[X,0x8001FAD4] -> 0x006F
mem[X,0x8001FAD6] -> 0x00C0
[3325] [M]: 0x8001FAD4 (0x00C0006F) jal zero, 12


mem[X,0x8001FAE0] -> 0xA823
mem[X,0x8001FAE2] -> 0x5220
[3326] [M]: 0x8001FAE0 (0x5220A823) sw sp, 1328(ra)
mem[0x80039798] <- 0x00000002


mem[X,0x8001FAE4] -> 0x3537
mem[X,0x8001FAE6] -> 0x3333
[3327] [M]: 0x8001FAE4 (0x33333537) lui a0, 209715
x10 <- 0x33333000


mem[X,0x8001FAE8] -> 0x0513
mem[X,0x8001FAEA] -> 0x3345
[3328] [M]: 0x8001FAE8 (0x33450513) addi a0, a0, 820
x10 <- 0x33333334


mem[X,0x8001FAEC] -> 0x35B7
mem[X,0x8001FAEE] -> 0x3333
[3329] [M]: 0x8001FAEC (0x333335B7) lui a1, 209715
x11 <- 0x33333000


mem[X,0x8001FAF0] -> 0x8593
mem[X,0x8001FAF2] -> 0x3335
[3330] [M]: 0x8001FAF0 (0x33358593) addi a1, a1, 819
x11 <- 0x33333333


mem[X,0x8001FAF4] -> 0x0113
mem[X,0x8001FAF6] -> 0x0000
[3331] [M]: 0x8001FAF4 (0x00000113) addi sp, zero, 0
x2 <- 0x00000000


mem[X,0x8001FAF8] -> 0x006F
mem[X,0x8001FAFA] -> 0x00C0
[3332] [M]: 0x8001FAF8 (0x00C0006F) jal zero, 12


mem[X,0x8001FB04] -> 0x0063
mem[X,0x8001FB06] -> 0x02B5
[3333] [M]: 0x8001FB04 (0x02B50063) beq a0, a1, 32


mem[X,0x8001FB08] -> 0x0113
mem[X,0x8001FB0A] -> 0x0021
[3334] [M]: 0x8001FB08 (0x00210113) addi sp, sp, 2
x2 <- 0x00000002


mem[X,0x8001FB0C] -> 0x006F
mem[X,0x8001FB0E] -> 0x0200
[3335] [M]: 0x8001FB0C (0x0200006F) jal zero, 32


mem[X,0x8001FB2C] -> 0xAA23
mem[X,0x8001FB2E] -> 0x5220
[3336] [M]: 0x8001FB2C (0x5220AA23) sw sp, 1332(ra)
mem[0x8003979C] <- 0x00000002


mem[X,0x8001FB30] -> 0x3537
mem[X,0x8001FB32] -> 0x3333
[3337] [M]: 0x8001FB30 (0x33333537) lui a0, 209715
x10 <- 0x33333000


mem[X,0x8001FB34] -> 0x0513
mem[X,0x8001FB36] -> 0x3345
[3338] [M]: 0x8001FB34 (0x33450513) addi a0, a0, 820
x10 <- 0x33333334


mem[X,0x8001FB38] -> 0x65B7
mem[X,0x8001FB3A] -> 0x6666
[3339] [M]: 0x8001FB38 (0x666665B7) lui a1, 419430
x11 <- 0x66666000


mem[X,0x8001FB3C] -> 0x8593
mem[X,0x8001FB3E] -> 0x6665
[3340] [M]: 0x8001FB3C (0x66658593) addi a1, a1, 1638
x11 <- 0x66666666


mem[X,0x8001FB40] -> 0x0113
mem[X,0x8001FB42] -> 0x0000
[3341] [M]: 0x8001FB40 (0x00000113) addi sp, zero, 0
x2 <- 0x00000000


mem[X,0x8001FB44] -> 0x006F
mem[X,0x8001FB46] -> 0x00C0
[3342] [M]: 0x8001FB44 (0x00C0006F) jal zero, 12


mem[X,0x8001FB50] -> 0x0063
mem[X,0x8001FB52] -> 0x20B5
[3343] [M]: 0x8001FB50 (0x20B50063) beq a0, a1, 512


mem[X,0x8001FB54] -> 0x0113
mem[X,0x8001FB56] -> 0x0021
[3344] [M]: 0x8001FB54 (0x00210113) addi sp, sp, 2
x2 <- 0x00000002


mem[X,0x8001FB58] -> 0x006F
mem[X,0x8001FB5A] -> 0x2000
[3345] [M]: 0x8001FB58 (0x2000006F) jal zero, 512


mem[X,0x8001FD58] -> 0xAC23
mem[X,0x8001FD5A] -> 0x5220
[3346] [M]: 0x8001FD58 (0x5220AC23) sw sp, 1336(ra)
mem[0x800397A0] <- 0x00000002


mem[X,0x8001FD5C] -> 0x3537
mem[X,0x8001FD5E] -> 0x3333
[3347] [M]: 0x8001FD5C (0x33333537) lui a0, 209715
x10 <- 0x33333000


mem[X,0x8001FD60] -> 0x0513
mem[X,0x8001FD62] -> 0x3345
[3348] [M]: 0x8001FD60 (0x33450513) addi a0, a0, 820
x10 <- 0x33333334


mem[X,0x8001FD64] -> 0x55B7
mem[X,0x8001FD66] -> 0xFFFF
[3349] [M]: 0x8001FD64 (0xFFFF55B7) lui a1, 1048565
x11 <- 0xFFFF5000


mem[X,0x8001FD68] -> 0x8593
mem[X,0x8001FD6A] -> 0xAFC5
[3350] [M]: 0x8001FD68 (0xAFC58593) addi a1, a1, 2812
x11 <- 0xFFFF4AFC


mem[X,0x8001FD6C] -> 0x0113
mem[X,0x8001FD6E] -> 0x0000
[3351] [M]: 0x8001FD6C (0x00000113) addi sp, zero, 0
x2 <- 0x00000000


mem[X,0x8001FD70] -> 0x006F
mem[X,0x8001FD72] -> 0x0140
[3352] [M]: 0x8001FD70 (0x0140006F) jal zero, 20


mem[X,0x8001FD84] -> 0x08E3
mem[X,0x8001FD86] -> 0xFEB5
[3353] [M]: 0x8001FD84 (0xFEB508E3) beq a0, a1, 8176


mem[X,0x8001FD88] -> 0x0113
mem[X,0x8001FD8A] -> 0x0021
[3354] [M]: 0x8001FD88 (0x00210113) addi sp, sp, 2
x2 <- 0x00000002


mem[X,0x8001FD8C] -> 0x006F
mem[X,0x8001FD8E] -> 0x00C0
[3355] [M]: 0x8001FD8C (0x00C0006F) jal zero, 12


mem[X,0x8001FD98] -> 0xAE23
mem[X,0x8001FD9A] -> 0x5220
[3356] [M]: 0x8001FD98 (0x5220AE23) sw sp, 1340(ra)
mem[0x800397A4] <- 0x00000002


mem[X,0x8001FD9C] -> 0x3537
mem[X,0x8001FD9E] -> 0x3333
[3357] [M]: 0x8001FD9C (0x33333537) lui a0, 209715
x10 <- 0x33333000


mem[X,0x8001FDA0] -> 0x0513
mem[X,0x8001FDA2] -> 0x3345
[3358] [M]: 0x8001FDA0 (0x33450513) addi a0, a0, 820
x10 <- 0x33333334


mem[X,0x8001FDA4] -> 0xB5B7
mem[X,0x8001FDA6] -> 0x0000
[3359] [M]: 0x8001FDA4 (0x0000B5B7) lui a1, 11
x11 <- 0x0000B000


mem[X,0x8001FDA8] -> 0x8593
mem[X,0x8001FDAA] -> 0x5045
[3360] [M]: 0x8001FDA8 (0x50458593) addi a1, a1, 1284
x11 <- 0x0000B504


mem[X,0x8001FDAC] -> 0x0113
mem[X,0x8001FDAE] -> 0x0000
[3361] [M]: 0x8001FDAC (0x00000113) addi sp, zero, 0
x2 <- 0x00000000


mem[X,0x8001FDB0] -> 0x006F
mem[X,0x8001FDB2] -> 0x00C0
[3362] [M]: 0x8001FDB0 (0x00C0006F) jal zero, 12


mem[X,0x8001FDBC] -> 0x0CE3
mem[X,0x8001FDBE] -> 0xFEB5
[3363] [M]: 0x8001FDBC (0xFEB50CE3) beq a0, a1, 8184


mem[X,0x8001FDC0] -> 0x0113
mem[X,0x8001FDC2] -> 0x0021
[3364] [M]: 0x8001FDC0 (0x00210113) addi sp, sp, 2
x2 <- 0x00000002


mem[X,0x8001FDC4] -> 0x006F
mem[X,0x8001FDC6] -> 0x00C0
[3365] [M]: 0x8001FDC4 (0x00C0006F) jal zero, 12


mem[X,0x8001FDD0] -> 0xA023
mem[X,0x8001FDD2] -> 0x5420
[3366] [M]: 0x8001FDD0 (0x5420A023) sw sp, 1344(ra)
mem[0x800397A8] <- 0x00000002


mem[X,0x8001FDD4] -> 0x3537
mem[X,0x8001FDD6] -> 0x3333
[3367] [M]: 0x8001FDD4 (0x33333537) lui a0, 209715
x10 <- 0x33333000


mem[X,0x8001FDD8] -> 0x0513
mem[X,0x8001FDDA] -> 0x3345
[3368] [M]: 0x8001FDD8 (0x33450513) addi a0, a0, 820
x10 <- 0x33333334


mem[X,0x8001FDDC] -> 0x0593
mem[X,0x8001FDDE] -> 0x0020
[3369] [M]: 0x8001FDDC (0x00200593) addi a1, zero, 2
x11 <- 0x00000002


mem[X,0x8001FDE0] -> 0x0113
mem[X,0x8001FDE2] -> 0x0000
[3370] [M]: 0x8001FDE0 (0x00000113) addi sp, zero, 0
x2 <- 0x00000000


mem[X,0x8001FDE4] -> 0x006F
mem[X,0x8001FDE6] -> 0x00C0
[3371] [M]: 0x8001FDE4 (0x00C0006F) jal zero, 12


mem[X,0x8001FDF0] -> 0x0CE3
mem[X,0x8001FDF2] -> 0xFEB5
[3372] [M]: 0x8001FDF0 (0xFEB50CE3) beq a0, a1, 8184


mem[X,0x8001FDF4] -> 0x0113
mem[X,0x8001FDF6] -> 0x0021
[3373] [M]: 0x8001FDF4 (0x00210113) addi sp, sp, 2
x2 <- 0x00000002


mem[X,0x8001FDF8] -> 0x006F
mem[X,0x8001FDFA] -> 0x00C0
[3374] [M]: 0x8001FDF8 (0x00C0006F) jal zero, 12


mem[X,0x8001FE04] -> 0xA223
mem[X,0x8001FE06] -> 0x5420
[3375] [M]: 0x8001FE04 (0x5420A223) sw sp, 1348(ra)
mem[0x800397AC] <- 0x00000002


mem[X,0x8001FE08] -> 0x3537
mem[X,0x8001FE0A] -> 0x3333
[3376] [M]: 0x8001FE08 (0x33333537) lui a0, 209715
x10 <- 0x33333000


mem[X,0x8001FE0C] -> 0x0513
mem[X,0x8001FE0E] -> 0x3345
[3377] [M]: 0x8001FE0C (0x33450513) addi a0, a0, 820
x10 <- 0x33333334


mem[X,0x8001FE10] -> 0x55B7
mem[X,0x8001FE12] -> 0x5555
[3378] [M]: 0x8001FE10 (0x555555B7) lui a1, 349525
x11 <- 0x55555000


mem[X,0x8001FE14] -> 0x8593
mem[X,0x8001FE16] -> 0x5545
[3379] [M]: 0x8001FE14 (0x55458593) addi a1, a1, 1364
x11 <- 0x55555554


mem[X,0x8001FE18] -> 0x0113
mem[X,0x8001FE1A] -> 0x0000
[3380] [M]: 0x8001FE18 (0x00000113) addi sp, zero, 0
x2 <- 0x00000000


mem[X,0x8001FE1C] -> 0x006F
mem[X,0x8001FE1E] -> 0x00C0
[3381] [M]: 0x8001FE1C (0x00C0006F) jal zero, 12


mem[X,0x8001FE28] -> 0x0CE3
mem[X,0x8001FE2A] -> 0xFEB5
[3382] [M]: 0x8001FE28 (0xFEB50CE3) beq a0, a1, 8184


mem[X,0x8001FE2C] -> 0x0113
mem[X,0x8001FE2E] -> 0x0021
[3383] [M]: 0x8001FE2C (0x00210113) addi sp, sp, 2
x2 <- 0x00000002


mem[X,0x8001FE30] -> 0x006F
mem[X,0x8001FE32] -> 0x00C0
[3384] [M]: 0x8001FE30 (0x00C0006F) jal zero, 12


mem[X,0x8001FE3C] -> 0xA423
mem[X,0x8001FE3E] -> 0x5420
[3385] [M]: 0x8001FE3C (0x5420A423) sw sp, 1352(ra)
mem[0x800397B0] <- 0x00000002


mem[X,0x8001FE40] -> 0x3537
mem[X,0x8001FE42] -> 0x3333
[3386] [M]: 0x8001FE40 (0x33333537) lui a0, 209715
x10 <- 0x33333000


mem[X,0x8001FE44] -> 0x0513
mem[X,0x8001FE46] -> 0x3345
[3387] [M]: 0x8001FE44 (0x33450513) addi a0, a0, 820
x10 <- 0x33333334


mem[X,0x8001FE48] -> 0x0593
mem[X,0x8001FE4A] -> 0x0000
[3388] [M]: 0x8001FE48 (0x00000593) addi a1, zero, 0
x11 <- 0x00000000


mem[X,0x8001FE4C] -> 0x0113
mem[X,0x8001FE4E] -> 0x0000
[3389] [M]: 0x8001FE4C (0x00000113) addi sp, zero, 0
x2 <- 0x00000000


mem[X,0x8001FE50] -> 0x006F
mem[X,0x8001FE52] -> 0x00C0
[3390] [M]: 0x8001FE50 (0x00C0006F) jal zero, 12


mem[X,0x8001FE5C] -> 0x0063
mem[X,0x8001FE5E] -> 0x02B5
[3391] [M]: 0x8001FE5C (0x02B50063) beq a0, a1, 32


mem[X,0x8001FE60] -> 0x0113
mem[X,0x8001FE62] -> 0x0021
[3392] [M]: 0x8001FE60 (0x00210113) addi sp, sp, 2
x2 <- 0x00000002


mem[X,0x8001FE64] -> 0x006F
mem[X,0x8001FE66] -> 0x0200
[3393] [M]: 0x8001FE64 (0x0200006F) jal zero, 32


mem[X,0x8001FE84] -> 0xA623
mem[X,0x8001FE86] -> 0x5420
[3394] [M]: 0x8001FE84 (0x5420A623) sw sp, 1356(ra)
mem[0x800397B4] <- 0x00000002


mem[X,0x8001FE88] -> 0x3537
mem[X,0x8001FE8A] -> 0x3333
[3395] [M]: 0x8001FE88 (0x33333537) lui a0, 209715
x10 <- 0x33333000


mem[X,0x8001FE8C] -> 0x0513
mem[X,0x8001FE8E] -> 0x3345
[3396] [M]: 0x8001FE8C (0x33450513) addi a0, a0, 820
x10 <- 0x33333334


mem[X,0x8001FE90] -> 0x0593
mem[X,0x8001FE92] -> 0x0040
[3397] [M]: 0x8001FE90 (0x00400593) addi a1, zero, 4
x11 <- 0x00000004


mem[X,0x8001FE94] -> 0x0113
mem[X,0x8001FE96] -> 0x0000
[3398] [M]: 0x8001FE94 (0x00000113) addi sp, zero, 0
x2 <- 0x00000000


mem[X,0x8001FE98] -> 0x006F
mem[X,0x8001FE9A] -> 0x00C0
[3399] [M]: 0x8001FE98 (0x00C0006F) jal zero, 12


clint::tick mtime <- 0x0000000000000022
 clint timer pending at mtime 0x0000000000000022
htif::tick 0x0000000000000000
mem[X,0x8001FEA4] -> 0x0663
mem[X,0x8001FEA6] -> 0x00B5
[3400] [M]: 0x8001FEA4 (0x00B50663) beq a0, a1, 12


mem[X,0x8001FEA8] -> 0x0113
mem[X,0x8001FEAA] -> 0x0021
[3401] [M]: 0x8001FEA8 (0x00210113) addi sp, sp, 2
x2 <- 0x00000002


mem[X,0x8001FEAC] -> 0x006F
mem[X,0x8001FEAE] -> 0x00C0
[3402] [M]: 0x8001FEAC (0x00C0006F) jal zero, 12


mem[X,0x8001FEB8] -> 0xA823
mem[X,0x8001FEBA] -> 0x5420
[3403] [M]: 0x8001FEB8 (0x5420A823) sw sp, 1360(ra)
mem[0x800397B8] <- 0x00000002


mem[X,0x8001FEBC] -> 0x3537
mem[X,0x8001FEBE] -> 0x3333
[3404] [M]: 0x8001FEBC (0x33333537) lui a0, 209715
x10 <- 0x33333000


mem[X,0x8001FEC0] -> 0x0513
mem[X,0x8001FEC2] -> 0x3345
[3405] [M]: 0x8001FEC0 (0x33450513) addi a0, a0, 820
x10 <- 0x33333334


mem[X,0x8001FEC4] -> 0x35B7
mem[X,0x8001FEC6] -> 0x3333
[3406] [M]: 0x8001FEC4 (0x333335B7) lui a1, 209715
x11 <- 0x33333000


mem[X,0x8001FEC8] -> 0x8593
mem[X,0x8001FECA] -> 0x3325
[3407] [M]: 0x8001FEC8 (0x33258593) addi a1, a1, 818
x11 <- 0x33333332


mem[X,0x8001FECC] -> 0x0113
mem[X,0x8001FECE] -> 0x0000
[3408] [M]: 0x8001FECC (0x00000113) addi sp, zero, 0
x2 <- 0x00000000


mem[X,0x8001FED0] -> 0x006F
mem[X,0x8001FED2] -> 0x00C0
[3409] [M]: 0x8001FED0 (0x00C0006F) jal zero, 12


mem[X,0x8001FEDC] -> 0x0663
mem[X,0x8001FEDE] -> 0x00B5
[3410] [M]: 0x8001FEDC (0x00B50663) beq a0, a1, 12


mem[X,0x8001FEE0] -> 0x0113
mem[X,0x8001FEE2] -> 0x0021
[3411] [M]: 0x8001FEE0 (0x00210113) addi sp, sp, 2
x2 <- 0x00000002


mem[X,0x8001FEE4] -> 0x006F
mem[X,0x8001FEE6] -> 0x00C0
[3412] [M]: 0x8001FEE4 (0x00C0006F) jal zero, 12


mem[X,0x8001FEF0] -> 0xAA23
mem[X,0x8001FEF2] -> 0x5420
[3413] [M]: 0x8001FEF0 (0x5420AA23) sw sp, 1364(ra)
mem[0x800397BC] <- 0x00000002


mem[X,0x8001FEF4] -> 0x3537
mem[X,0x8001FEF6] -> 0x3333
[3414] [M]: 0x8001FEF4 (0x33333537) lui a0, 209715
x10 <- 0x33333000


mem[X,0x8001FEF8] -> 0x0513
mem[X,0x8001FEFA] -> 0x3345
[3415] [M]: 0x8001FEF8 (0x33450513) addi a0, a0, 820
x10 <- 0x33333334


mem[X,0x8001FEFC] -> 0x65B7
mem[X,0x8001FEFE] -> 0x6666
[3416] [M]: 0x8001FEFC (0x666665B7) lui a1, 419430
x11 <- 0x66666000


mem[X,0x8001FF00] -> 0x8593
mem[X,0x8001FF02] -> 0x6655
[3417] [M]: 0x8001FF00 (0x66558593) addi a1, a1, 1637
x11 <- 0x66666665


mem[X,0x8001FF04] -> 0x0113
mem[X,0x8001FF06] -> 0x0000
[3418] [M]: 0x8001FF04 (0x00000113) addi sp, zero, 0
x2 <- 0x00000000


mem[X,0x8001FF08] -> 0x006F
mem[X,0x8001FF0A] -> 0x00C0
[3419] [M]: 0x8001FF08 (0x00C0006F) jal zero, 12


mem[X,0x8001FF14] -> 0x0CE3
mem[X,0x8001FF16] -> 0xFEB5
[3420] [M]: 0x8001FF14 (0xFEB50CE3) beq a0, a1, 8184


mem[X,0x8001FF18] -> 0x0113
mem[X,0x8001FF1A] -> 0x0021
[3421] [M]: 0x8001FF18 (0x00210113) addi sp, sp, 2
x2 <- 0x00000002


mem[X,0x8001FF1C] -> 0x006F
mem[X,0x8001FF1E] -> 0x00C0
[3422] [M]: 0x8001FF1C (0x00C0006F) jal zero, 12


mem[X,0x8001FF28] -> 0xAC23
mem[X,0x8001FF2A] -> 0x5420
[3423] [M]: 0x8001FF28 (0x5420AC23) sw sp, 1368(ra)
mem[0x800397C0] <- 0x00000002


mem[X,0x8001FF2C] -> 0x3537
mem[X,0x8001FF2E] -> 0x3333
[3424] [M]: 0x8001FF2C (0x33333537) lui a0, 209715
x10 <- 0x33333000


mem[X,0x8001FF30] -> 0x0513
mem[X,0x8001FF32] -> 0x3345
[3425] [M]: 0x8001FF30 (0x33450513) addi a0, a0, 820
x10 <- 0x33333334


mem[X,0x8001FF34] -> 0xB5B7
mem[X,0x8001FF36] -> 0x0000
[3426] [M]: 0x8001FF34 (0x0000B5B7) lui a1, 11
x11 <- 0x0000B000


mem[X,0x8001FF38] -> 0x8593
mem[X,0x8001FF3A] -> 0x5035
[3427] [M]: 0x8001FF38 (0x50358593) addi a1, a1, 1283
x11 <- 0x0000B503


mem[X,0x8001FF3C] -> 0x0113
mem[X,0x8001FF3E] -> 0x0000
[3428] [M]: 0x8001FF3C (0x00000113) addi sp, zero, 0
x2 <- 0x00000000


mem[X,0x8001FF40] -> 0x006F
mem[X,0x8001FF42] -> 0x00C0
[3429] [M]: 0x8001FF40 (0x00C0006F) jal zero, 12


mem[X,0x8001FF4C] -> 0x0CE3
mem[X,0x8001FF4E] -> 0xFEB5
[3430] [M]: 0x8001FF4C (0xFEB50CE3) beq a0, a1, 8184


mem[X,0x8001FF50] -> 0x0113
mem[X,0x8001FF52] -> 0x0021
[3431] [M]: 0x8001FF50 (0x00210113) addi sp, sp, 2
x2 <- 0x00000002


mem[X,0x8001FF54] -> 0x006F
mem[X,0x8001FF56] -> 0x00C0
[3432] [M]: 0x8001FF54 (0x00C0006F) jal zero, 12


mem[X,0x8001FF60] -> 0xAE23
mem[X,0x8001FF62] -> 0x5420
[3433] [M]: 0x8001FF60 (0x5420AE23) sw sp, 1372(ra)
mem[0x800397C4] <- 0x00000002


mem[X,0x8001FF64] -> 0x3537
mem[X,0x8001FF66] -> 0x3333
[3434] [M]: 0x8001FF64 (0x33333537) lui a0, 209715
x10 <- 0x33333000


mem[X,0x8001FF68] -> 0x0513
mem[X,0x8001FF6A] -> 0x3345
[3435] [M]: 0x8001FF68 (0x33450513) addi a0, a0, 820
x10 <- 0x33333334


mem[X,0x8001FF6C] -> 0x55B7
mem[X,0x8001FF6E] -> 0x5555
[3436] [M]: 0x8001FF6C (0x555555B7) lui a1, 349525
x11 <- 0x55555000


mem[X,0x8001FF70] -> 0x8593
mem[X,0x8001FF72] -> 0x5565
[3437] [M]: 0x8001FF70 (0x55658593) addi a1, a1, 1366
x11 <- 0x55555556


mem[X,0x8001FF74] -> 0x0113
mem[X,0x8001FF76] -> 0x0000
[3438] [M]: 0x8001FF74 (0x00000113) addi sp, zero, 0
x2 <- 0x00000000


mem[X,0x8001FF78] -> 0x006F
mem[X,0x8001FF7A] -> 0x00C0
[3439] [M]: 0x8001FF78 (0x00C0006F) jal zero, 12


mem[X,0x8001FF84] -> 0x0663
mem[X,0x8001FF86] -> 0x00B5
[3440] [M]: 0x8001FF84 (0x00B50663) beq a0, a1, 12


mem[X,0x8001FF88] -> 0x0113
mem[X,0x8001FF8A] -> 0x0021
[3441] [M]: 0x8001FF88 (0x00210113) addi sp, sp, 2
x2 <- 0x00000002


mem[X,0x8001FF8C] -> 0x006F
mem[X,0x8001FF8E] -> 0x00C0
[3442] [M]: 0x8001FF8C (0x00C0006F) jal zero, 12


mem[X,0x8001FF98] -> 0xA023
mem[X,0x8001FF9A] -> 0x5620
[3443] [M]: 0x8001FF98 (0x5620A023) sw sp, 1376(ra)
mem[0x800397C8] <- 0x00000002


mem[X,0x8001FF9C] -> 0x3537
mem[X,0x8001FF9E] -> 0x3333
[3444] [M]: 0x8001FF9C (0x33333537) lui a0, 209715
x10 <- 0x33333000


mem[X,0x8001FFA0] -> 0x0513
mem[X,0x8001FFA2] -> 0x3345
[3445] [M]: 0x8001FFA0 (0x33450513) addi a0, a0, 820
x10 <- 0x33333334


mem[X,0x8001FFA4] -> 0xB5B7
mem[X,0x8001FFA6] -> 0xAAAA
[3446] [M]: 0x8001FFA4 (0xAAAAB5B7) lui a1, 699051
x11 <- 0xAAAAB000


mem[X,0x8001FFA8] -> 0x8593
mem[X,0x8001FFAA] -> 0xAAB5
[3447] [M]: 0x8001FFA8 (0xAAB58593) addi a1, a1, 2731
x11 <- 0xAAAAAAAB


mem[X,0x8001FFAC] -> 0x0113
mem[X,0x8001FFAE] -> 0x0000
[3448] [M]: 0x8001FFAC (0x00000113) addi sp, zero, 0
x2 <- 0x00000000


mem[X,0x8001FFB0] -> 0x006F
mem[X,0x8001FFB2] -> 0x00C0
[3449] [M]: 0x8001FFB0 (0x00C0006F) jal zero, 12


mem[X,0x8001FFBC] -> 0x0663
mem[X,0x8001FFBE] -> 0x00B5
[3450] [M]: 0x8001FFBC (0x00B50663) beq a0, a1, 12


mem[X,0x8001FFC0] -> 0x0113
mem[X,0x8001FFC2] -> 0x0021
[3451] [M]: 0x8001FFC0 (0x00210113) addi sp, sp, 2
x2 <- 0x00000002


mem[X,0x8001FFC4] -> 0x006F
mem[X,0x8001FFC6] -> 0x00C0
[3452] [M]: 0x8001FFC4 (0x00C0006F) jal zero, 12


mem[X,0x8001FFD0] -> 0xA223
mem[X,0x8001FFD2] -> 0x5620
[3453] [M]: 0x8001FFD0 (0x5620A223) sw sp, 1380(ra)
mem[0x800397CC] <- 0x00000002


mem[X,0x8001FFD4] -> 0x3537
mem[X,0x8001FFD6] -> 0x3333
[3454] [M]: 0x8001FFD4 (0x33333537) lui a0, 209715
x10 <- 0x33333000


mem[X,0x8001FFD8] -> 0x0513
mem[X,0x8001FFDA] -> 0x3345
[3455] [M]: 0x8001FFD8 (0x33450513) addi a0, a0, 820
x10 <- 0x33333334


mem[X,0x8001FFDC] -> 0x0593
mem[X,0x8001FFDE] -> 0x0060
[3456] [M]: 0x8001FFDC (0x00600593) addi a1, zero, 6
x11 <- 0x00000006


mem[X,0x8001FFE0] -> 0x0113
mem[X,0x8001FFE2] -> 0x0000
[3457] [M]: 0x8001FFE0 (0x00000113) addi sp, zero, 0
x2 <- 0x00000000


mem[X,0x8001FFE4] -> 0x006F
mem[X,0x8001FFE6] -> 0x00C0
[3458] [M]: 0x8001FFE4 (0x00C0006F) jal zero, 12


mem[X,0x8001FFF0] -> 0x0CE3
mem[X,0x8001FFF2] -> 0xFEB5
[3459] [M]: 0x8001FFF0 (0xFEB50CE3) beq a0, a1, 8184


mem[X,0x8001FFF4] -> 0x0113
mem[X,0x8001FFF6] -> 0x0021
[3460] [M]: 0x8001FFF4 (0x00210113) addi sp, sp, 2
x2 <- 0x00000002


mem[X,0x8001FFF8] -> 0x006F
mem[X,0x8001FFFA] -> 0x00C0
[3461] [M]: 0x8001FFF8 (0x00C0006F) jal zero, 12


mem[X,0x80020004] -> 0xA423
mem[X,0x80020006] -> 0x5620
[3462] [M]: 0x80020004 (0x5620A423) sw sp, 1384(ra)
mem[0x800397D0] <- 0x00000002


mem[X,0x80020008] -> 0x3537
mem[X,0x8002000A] -> 0x3333
[3463] [M]: 0x80020008 (0x33333537) lui a0, 209715
x10 <- 0x33333000


mem[X,0x8002000C] -> 0x0513
mem[X,0x8002000E] -> 0x3345
[3464] [M]: 0x8002000C (0x33450513) addi a0, a0, 820
x10 <- 0x33333334


mem[X,0x80020010] -> 0x35B7
mem[X,0x80020012] -> 0x3333
[3465] [M]: 0x80020010 (0x333335B7) lui a1, 209715
x11 <- 0x33333000


mem[X,0x80020014] -> 0x8593
mem[X,0x80020016] -> 0x3345
[3466] [M]: 0x80020014 (0x33458593) addi a1, a1, 820
x11 <- 0x33333334


mem[X,0x80020018] -> 0x0113
mem[X,0x8002001A] -> 0x0000
[3467] [M]: 0x80020018 (0x00000113) addi sp, zero, 0
x2 <- 0x00000000


mem[X,0x8002001C] -> 0x006F
mem[X,0x8002001E] -> 0x00C0
[3468] [M]: 0x8002001C (0x00C0006F) jal zero, 12


mem[X,0x80020028] -> 0x0663
mem[X,0x8002002A] -> 0x00B5
[3469] [M]: 0x80020028 (0x00B50663) beq a0, a1, 12


mem[X,0x80020034] -> 0x0113
mem[X,0x80020036] -> 0x0031
[3470] [M]: 0x80020034 (0x00310113) addi sp, sp, 3
x2 <- 0x00000003


mem[X,0x80020038] -> 0x006F
mem[X,0x8002003A] -> 0x0040
[3471] [M]: 0x80020038 (0x0040006F) jal zero, 4


mem[X,0x8002003C] -> 0xA623
mem[X,0x8002003E] -> 0x5620
[3472] [M]: 0x8002003C (0x5620A623) sw sp, 1388(ra)
mem[0x800397D4] <- 0x00000003


mem[X,0x80020040] -> 0x3537
mem[X,0x80020042] -> 0x3333
[3473] [M]: 0x80020040 (0x33333537) lui a0, 209715
x10 <- 0x33333000


mem[X,0x80020044] -> 0x0513
mem[X,0x80020046] -> 0x3345
[3474] [M]: 0x80020044 (0x33450513) addi a0, a0, 820
x10 <- 0x33333334


mem[X,0x80020048] -> 0x65B7
mem[X,0x8002004A] -> 0x6666
[3475] [M]: 0x80020048 (0x666665B7) lui a1, 419430
x11 <- 0x66666000


mem[X,0x8002004C] -> 0x8593
mem[X,0x8002004E] -> 0x6675
[3476] [M]: 0x8002004C (0x66758593) addi a1, a1, 1639
x11 <- 0x66666667


mem[X,0x80020050] -> 0x0113
mem[X,0x80020052] -> 0x0000
[3477] [M]: 0x80020050 (0x00000113) addi sp, zero, 0
x2 <- 0x00000000


mem[X,0x80020054] -> 0x006F
mem[X,0x80020056] -> 0x0140
[3478] [M]: 0x80020054 (0x0140006F) jal zero, 20


mem[X,0x80020068] -> 0x08E3
mem[X,0x8002006A] -> 0xFEB5
[3479] [M]: 0x80020068 (0xFEB508E3) beq a0, a1, 8176


mem[X,0x8002006C] -> 0x0113
mem[X,0x8002006E] -> 0x0021
[3480] [M]: 0x8002006C (0x00210113) addi sp, sp, 2
x2 <- 0x00000002


mem[X,0x80020070] -> 0x006F
mem[X,0x80020072] -> 0x00C0
[3481] [M]: 0x80020070 (0x00C0006F) jal zero, 12


mem[X,0x8002007C] -> 0xA823
mem[X,0x8002007E] -> 0x5620
[3482] [M]: 0x8002007C (0x5620A823) sw sp, 1392(ra)
mem[0x800397D8] <- 0x00000002


mem[X,0x80020080] -> 0x3537
mem[X,0x80020082] -> 0x3333
[3483] [M]: 0x80020080 (0x33333537) lui a0, 209715
x10 <- 0x33333000


mem[X,0x80020084] -> 0x0513
mem[X,0x80020086] -> 0x3345
[3484] [M]: 0x80020084 (0x33450513) addi a0, a0, 820
x10 <- 0x33333334


mem[X,0x80020088] -> 0x55B7
mem[X,0x8002008A] -> 0xFFFF
[3485] [M]: 0x80020088 (0xFFFF55B7) lui a1, 1048565
x11 <- 0xFFFF5000


mem[X,0x8002008C] -> 0x8593
mem[X,0x8002008E] -> 0xAFD5
[3486] [M]: 0x8002008C (0xAFD58593) addi a1, a1, 2813
x11 <- 0xFFFF4AFD


mem[X,0x80020090] -> 0x0113
mem[X,0x80020092] -> 0x0000
[3487] [M]: 0x80020090 (0x00000113) addi sp, zero, 0
x2 <- 0x00000000


mem[X,0x80020094] -> 0x006F
mem[X,0x80020096] -> 0x00C0
[3488] [M]: 0x80020094 (0x00C0006F) jal zero, 12


mem[X,0x800200A0] -> 0x0063
mem[X,0x800200A2] -> 0x40B5
[3489] [M]: 0x800200A0 (0x40B50063) beq a0, a1, 1024


mem[X,0x800200A4] -> 0x0113
mem[X,0x800200A6] -> 0x0021
[3490] [M]: 0x800200A4 (0x00210113) addi sp, sp, 2
x2 <- 0x00000002


mem[X,0x800200A8] -> 0x006F
mem[X,0x800200AA] -> 0x4000
[3491] [M]: 0x800200A8 (0x4000006F) jal zero, 1024


mem[X,0x800204A8] -> 0xAA23
mem[X,0x800204AA] -> 0x5620
[3492] [M]: 0x800204A8 (0x5620AA23) sw sp, 1396(ra)
mem[0x800397DC] <- 0x00000002


mem[X,0x800204AC] -> 0x3537
mem[X,0x800204AE] -> 0x3333
[3493] [M]: 0x800204AC (0x33333537) lui a0, 209715
x10 <- 0x33333000


mem[X,0x800204B0] -> 0x0513
mem[X,0x800204B2] -> 0x3345
[3494] [M]: 0x800204B0 (0x33450513) addi a0, a0, 820
x10 <- 0x33333334


mem[X,0x800204B4] -> 0xB5B7
mem[X,0x800204B6] -> 0x0000
[3495] [M]: 0x800204B4 (0x0000B5B7) lui a1, 11
x11 <- 0x0000B000


mem[X,0x800204B8] -> 0x8593
mem[X,0x800204BA] -> 0x5055
[3496] [M]: 0x800204B8 (0x50558593) addi a1, a1, 1285
x11 <- 0x0000B505


mem[X,0x800204BC] -> 0x0113
mem[X,0x800204BE] -> 0x0000
[3497] [M]: 0x800204BC (0x00000113) addi sp, zero, 0
x2 <- 0x00000000


mem[X,0x800204C0] -> 0x006F
mem[X,0x800204C2] -> 0x0050
[3498] [M]: 0x800204C0 (0x0050006F) jal zero, 2052


mem[X,0x80020CC4] -> 0x00E3
mem[X,0x80020CC6] -> 0x80B5
[3499] [M]: 0x80020CC4 (0x80B500E3) beq a0, a1, 6144


clint::tick mtime <- 0x0000000000000023
 clint timer pending at mtime 0x0000000000000023
htif::tick 0x0000000000000000
mem[X,0x80020CC8] -> 0x0113
mem[X,0x80020CCA] -> 0x0021
[3500] [M]: 0x80020CC8 (0x00210113) addi sp, sp, 2
x2 <- 0x00000002


mem[X,0x80020CCC] -> 0x006F
mem[X,0x80020CCE] -> 0x00C0
[3501] [M]: 0x80020CCC (0x00C0006F) jal zero, 12


mem[X,0x80020CD8] -> 0xAC23
mem[X,0x80020CDA] -> 0x5620
[3502] [M]: 0x80020CD8 (0x5620AC23) sw sp, 1400(ra)
mem[0x800397E0] <- 0x00000002


mem[X,0x80020CDC] -> 0x6537
mem[X,0x80020CDE] -> 0x6666
[3503] [M]: 0x80020CDC (0x66666537) lui a0, 419430
x10 <- 0x66666000


mem[X,0x80020CE0] -> 0x0513
mem[X,0x80020CE2] -> 0x6675
[3504] [M]: 0x80020CE0 (0x66750513) addi a0, a0, 1639
x10 <- 0x66666667


mem[X,0x80020CE4] -> 0x0593
mem[X,0x80020CE6] -> 0x0030
[3505] [M]: 0x80020CE4 (0x00300593) addi a1, zero, 3
x11 <- 0x00000003


mem[X,0x80020CE8] -> 0x0113
mem[X,0x80020CEA] -> 0x0000
[3506] [M]: 0x80020CE8 (0x00000113) addi sp, zero, 0
x2 <- 0x00000000


mem[X,0x80020CEC] -> 0x006F
mem[X,0x80020CEE] -> 0x00C0
[3507] [M]: 0x80020CEC (0x00C0006F) jal zero, 12


mem[X,0x80020CF8] -> 0x0063
mem[X,0x80020CFA] -> 0x20B5
[3508] [M]: 0x80020CF8 (0x20B50063) beq a0, a1, 512


mem[X,0x80020CFC] -> 0x0113
mem[X,0x80020CFE] -> 0x0021
[3509] [M]: 0x80020CFC (0x00210113) addi sp, sp, 2
x2 <- 0x00000002


mem[X,0x80020D00] -> 0x006F
mem[X,0x80020D02] -> 0x2000
[3510] [M]: 0x80020D00 (0x2000006F) jal zero, 512


mem[X,0x80020F00] -> 0xAE23
mem[X,0x80020F02] -> 0x5620
[3511] [M]: 0x80020F00 (0x5620AE23) sw sp, 1404(ra)
mem[0x800397E4] <- 0x00000002


mem[X,0x80020F04] -> 0x6537
mem[X,0x80020F06] -> 0x6666
[3512] [M]: 0x80020F04 (0x66666537) lui a0, 419430
x10 <- 0x66666000


mem[X,0x80020F08] -> 0x0513
mem[X,0x80020F0A] -> 0x6675
[3513] [M]: 0x80020F08 (0x66750513) addi a0, a0, 1639
x10 <- 0x66666667


mem[X,0x80020F0C] -> 0x55B7
mem[X,0x80020F0E] -> 0x5555
[3514] [M]: 0x80020F0C (0x555555B7) lui a1, 349525
x11 <- 0x55555000


mem[X,0x80020F10] -> 0x8593
mem[X,0x80020F12] -> 0x5555
[3515] [M]: 0x80020F10 (0x55558593) addi a1, a1, 1365
x11 <- 0x55555555


mem[X,0x80020F14] -> 0x0113
mem[X,0x80020F16] -> 0x0000
[3516] [M]: 0x80020F14 (0x00000113) addi sp, zero, 0
x2 <- 0x00000000


mem[X,0x80020F18] -> 0x006F
mem[X,0x80020F1A] -> 0x00C0
[3517] [M]: 0x80020F18 (0x00C0006F) jal zero, 12


mem[X,0x80020F24] -> 0x0CE3
mem[X,0x80020F26] -> 0xFEB5
[3518] [M]: 0x80020F24 (0xFEB50CE3) beq a0, a1, 8184


mem[X,0x80020F28] -> 0x0113
mem[X,0x80020F2A] -> 0x0021
[3519] [M]: 0x80020F28 (0x00210113) addi sp, sp, 2
x2 <- 0x00000002


mem[X,0x80020F2C] -> 0x006F
mem[X,0x80020F2E] -> 0x00C0
[3520] [M]: 0x80020F2C (0x00C0006F) jal zero, 12


mem[X,0x80020F38] -> 0xA023
mem[X,0x80020F3A] -> 0x5820
[3521] [M]: 0x80020F38 (0x5820A023) sw sp, 1408(ra)
mem[0x800397E8] <- 0x00000002


mem[X,0x80020F3C] -> 0x6537
mem[X,0x80020F3E] -> 0x6666
[3522] [M]: 0x80020F3C (0x66666537) lui a0, 419430
x10 <- 0x66666000


mem[X,0x80020F40] -> 0x0513
mem[X,0x80020F42] -> 0x6675
[3523] [M]: 0x80020F40 (0x66750513) addi a0, a0, 1639
x10 <- 0x66666667


mem[X,0x80020F44] -> 0xB5B7
mem[X,0x80020F46] -> 0xAAAA
[3524] [M]: 0x80020F44 (0xAAAAB5B7) lui a1, 699051
x11 <- 0xAAAAB000


mem[X,0x80020F48] -> 0x8593
mem[X,0x80020F4A] -> 0xAAA5
[3525] [M]: 0x80020F48 (0xAAA58593) addi a1, a1, 2730
x11 <- 0xAAAAAAAA


mem[X,0x80020F4C] -> 0x0113
mem[X,0x80020F4E] -> 0x0000
[3526] [M]: 0x80020F4C (0x00000113) addi sp, zero, 0
x2 <- 0x00000000


mem[X,0x80020F50] -> 0x006F
mem[X,0x80020F52] -> 0x00C0
[3527] [M]: 0x80020F50 (0x00C0006F) jal zero, 12


mem[X,0x80020F5C] -> 0x0CE3
mem[X,0x80020F5E] -> 0xFEB5
[3528] [M]: 0x80020F5C (0xFEB50CE3) beq a0, a1, 8184


mem[X,0x80020F60] -> 0x0113
mem[X,0x80020F62] -> 0x0021
[3529] [M]: 0x80020F60 (0x00210113) addi sp, sp, 2
x2 <- 0x00000002


mem[X,0x80020F64] -> 0x006F
mem[X,0x80020F66] -> 0x00C0
[3530] [M]: 0x80020F64 (0x00C0006F) jal zero, 12


mem[X,0x80020F70] -> 0xA223
mem[X,0x80020F72] -> 0x5820
[3531] [M]: 0x80020F70 (0x5820A223) sw sp, 1412(ra)
mem[0x800397EC] <- 0x00000002


mem[X,0x80020F74] -> 0x6537
mem[X,0x80020F76] -> 0x6666
[3532] [M]: 0x80020F74 (0x66666537) lui a0, 419430
x10 <- 0x66666000


mem[X,0x80020F78] -> 0x0513
mem[X,0x80020F7A] -> 0x6675
[3533] [M]: 0x80020F78 (0x66750513) addi a0, a0, 1639
x10 <- 0x66666667


mem[X,0x80020F7C] -> 0x0593
mem[X,0x80020F7E] -> 0x0050
[3534] [M]: 0x80020F7C (0x00500593) addi a1, zero, 5
x11 <- 0x00000005


mem[X,0x80020F80] -> 0x0113
mem[X,0x80020F82] -> 0x0000
[3535] [M]: 0x80020F80 (0x00000113) addi sp, zero, 0
x2 <- 0x00000000


mem[X,0x80020F84] -> 0x006F
mem[X,0x80020F86] -> 0x00C0
[3536] [M]: 0x80020F84 (0x00C0006F) jal zero, 12


mem[X,0x80020F90] -> 0x0663
mem[X,0x80020F92] -> 0x00B5
[3537] [M]: 0x80020F90 (0x00B50663) beq a0, a1, 12


mem[X,0x80020F94] -> 0x0113
mem[X,0x80020F96] -> 0x0021
[3538] [M]: 0x80020F94 (0x00210113) addi sp, sp, 2
x2 <- 0x00000002


mem[X,0x80020F98] -> 0x006F
mem[X,0x80020F9A] -> 0x00C0
[3539] [M]: 0x80020F98 (0x00C0006F) jal zero, 12


mem[X,0x80020FA4] -> 0xA423
mem[X,0x80020FA6] -> 0x5820
[3540] [M]: 0x80020FA4 (0x5820A423) sw sp, 1416(ra)
mem[0x800397F0] <- 0x00000002


mem[X,0x80020FA8] -> 0x6537
mem[X,0x80020FAA] -> 0x6666
[3541] [M]: 0x80020FA8 (0x66666537) lui a0, 419430
x10 <- 0x66666000


mem[X,0x80020FAC] -> 0x0513
mem[X,0x80020FAE] -> 0x6675
[3542] [M]: 0x80020FAC (0x66750513) addi a0, a0, 1639
x10 <- 0x66666667


mem[X,0x80020FB0] -> 0x35B7
mem[X,0x80020FB2] -> 0x3333
[3543] [M]: 0x80020FB0 (0x333335B7) lui a1, 209715
x11 <- 0x33333000


mem[X,0x80020FB4] -> 0x8593
mem[X,0x80020FB6] -> 0x3335
[3544] [M]: 0x80020FB4 (0x33358593) addi a1, a1, 819
x11 <- 0x33333333


mem[X,0x80020FB8] -> 0x0113
mem[X,0x80020FBA] -> 0x0000
[3545] [M]: 0x80020FB8 (0x00000113) addi sp, zero, 0
x2 <- 0x00000000


mem[X,0x80020FBC] -> 0x006F
mem[X,0x80020FBE] -> 0x0100
[3546] [M]: 0x80020FBC (0x0100006F) jal zero, 16


mem[X,0x80020FCC] -> 0x0AE3
mem[X,0x80020FCE] -> 0xFEB5
[3547] [M]: 0x80020FCC (0xFEB50AE3) beq a0, a1, 8180


mem[X,0x80020FD0] -> 0x0113
mem[X,0x80020FD2] -> 0x0021
[3548] [M]: 0x80020FD0 (0x00210113) addi sp, sp, 2
x2 <- 0x00000002


mem[X,0x80020FD4] -> 0x006F
mem[X,0x80020FD6] -> 0x00C0
[3549] [M]: 0x80020FD4 (0x00C0006F) jal zero, 12


mem[X,0x80020FE0] -> 0xA623
mem[X,0x80020FE2] -> 0x5820
[3550] [M]: 0x80020FE0 (0x5820A623) sw sp, 1420(ra)
mem[0x800397F4] <- 0x00000002


mem[X,0x80020FE4] -> 0x6537
mem[X,0x80020FE6] -> 0x6666
[3551] [M]: 0x80020FE4 (0x66666537) lui a0, 419430
x10 <- 0x66666000


mem[X,0x80020FE8] -> 0x0513
mem[X,0x80020FEA] -> 0x6675
[3552] [M]: 0x80020FE8 (0x66750513) addi a0, a0, 1639
x10 <- 0x66666667


mem[X,0x80020FEC] -> 0x65B7
mem[X,0x80020FEE] -> 0x6666
[3553] [M]: 0x80020FEC (0x666665B7) lui a1, 419430
x11 <- 0x66666000


mem[X,0x80020FF0] -> 0x8593
mem[X,0x80020FF2] -> 0x6665
[3554] [M]: 0x80020FF0 (0x66658593) addi a1, a1, 1638
x11 <- 0x66666666


mem[X,0x80020FF4] -> 0x0113
mem[X,0x80020FF6] -> 0x0000
[3555] [M]: 0x80020FF4 (0x00000113) addi sp, zero, 0
x2 <- 0x00000000


mem[X,0x80020FF8] -> 0x006F
mem[X,0x80020FFA] -> 0x0100
[3556] [M]: 0x80020FF8 (0x0100006F) jal zero, 16


mem[X,0x80021008] -> 0x0AE3
mem[X,0x8002100A] -> 0xFEB5
[3557] [M]: 0x80021008 (0xFEB50AE3) beq a0, a1, 8180


mem[X,0x8002100C] -> 0x0113
mem[X,0x8002100E] -> 0x0021
[3558] [M]: 0x8002100C (0x00210113) addi sp, sp, 2
x2 <- 0x00000002


mem[X,0x80021010] -> 0x006F
mem[X,0x80021012] -> 0x00C0
[3559] [M]: 0x80021010 (0x00C0006F) jal zero, 12


mem[X,0x8002101C] -> 0xA823
mem[X,0x8002101E] -> 0x5820
[3560] [M]: 0x8002101C (0x5820A823) sw sp, 1424(ra)
mem[0x800397F8] <- 0x00000002


mem[X,0x80021020] -> 0x6537
mem[X,0x80021022] -> 0x6666
[3561] [M]: 0x80021020 (0x66666537) lui a0, 419430
x10 <- 0x66666000


mem[X,0x80021024] -> 0x0513
mem[X,0x80021026] -> 0x6675
[3562] [M]: 0x80021024 (0x66750513) addi a0, a0, 1639
x10 <- 0x66666667


mem[X,0x80021028] -> 0x55B7
mem[X,0x8002102A] -> 0xFFFF
[3563] [M]: 0x80021028 (0xFFFF55B7) lui a1, 1048565
x11 <- 0xFFFF5000


mem[X,0x8002102C] -> 0x8593
mem[X,0x8002102E] -> 0xAFC5
[3564] [M]: 0x8002102C (0xAFC58593) addi a1, a1, 2812
x11 <- 0xFFFF4AFC


mem[X,0x80021030] -> 0x0113
mem[X,0x80021032] -> 0x0000
[3565] [M]: 0x80021030 (0x00000113) addi sp, zero, 0
x2 <- 0x00000000


mem[X,0x80021034] -> 0x006F
mem[X,0x80021036] -> 0x00C0
[3566] [M]: 0x80021034 (0x00C0006F) jal zero, 12


mem[X,0x80021040] -> 0x0663
mem[X,0x80021042] -> 0x00B5
[3567] [M]: 0x80021040 (0x00B50663) beq a0, a1, 12


mem[X,0x80021044] -> 0x0113
mem[X,0x80021046] -> 0x0021
[3568] [M]: 0x80021044 (0x00210113) addi sp, sp, 2
x2 <- 0x00000002


mem[X,0x80021048] -> 0x006F
mem[X,0x8002104A] -> 0x00C0
[3569] [M]: 0x80021048 (0x00C0006F) jal zero, 12


mem[X,0x80021054] -> 0xAA23
mem[X,0x80021056] -> 0x5820
[3570] [M]: 0x80021054 (0x5820AA23) sw sp, 1428(ra)
mem[0x800397FC] <- 0x00000002


mem[X,0x80021058] -> 0x6537
mem[X,0x8002105A] -> 0x6666
[3571] [M]: 0x80021058 (0x66666537) lui a0, 419430
x10 <- 0x66666000


mem[X,0x8002105C] -> 0x0513
mem[X,0x8002105E] -> 0x6675
[3572] [M]: 0x8002105C (0x66750513) addi a0, a0, 1639
x10 <- 0x66666667


mem[X,0x80021060] -> 0xB5B7
mem[X,0x80021062] -> 0x0000
[3573] [M]: 0x80021060 (0x0000B5B7) lui a1, 11
x11 <- 0x0000B000


mem[X,0x80021064] -> 0x8593
mem[X,0x80021066] -> 0x5045
[3574] [M]: 0x80021064 (0x50458593) addi a1, a1, 1284
x11 <- 0x0000B504


mem[X,0x80021068] -> 0x0113
mem[X,0x8002106A] -> 0x0000
[3575] [M]: 0x80021068 (0x00000113) addi sp, zero, 0
x2 <- 0x00000000


mem[X,0x8002106C] -> 0x006F
mem[X,0x8002106E] -> 0x00C0
[3576] [M]: 0x8002106C (0x00C0006F) jal zero, 12


mem[X,0x80021078] -> 0x0063
mem[X,0x8002107A] -> 0x10B5
[3577] [M]: 0x80021078 (0x10B50063) beq a0, a1, 256


mem[X,0x8002107C] -> 0x0113
mem[X,0x8002107E] -> 0x0021
[3578] [M]: 0x8002107C (0x00210113) addi sp, sp, 2
x2 <- 0x00000002


mem[X,0x80021080] -> 0x006F
mem[X,0x80021082] -> 0x1000
[3579] [M]: 0x80021080 (0x1000006F) jal zero, 256


mem[X,0x80021180] -> 0xAC23
mem[X,0x80021182] -> 0x5820
[3580] [M]: 0x80021180 (0x5820AC23) sw sp, 1432(ra)
mem[0x80039800] <- 0x00000002


mem[X,0x80021184] -> 0x6537
mem[X,0x80021186] -> 0x6666
[3581] [M]: 0x80021184 (0x66666537) lui a0, 419430
x10 <- 0x66666000


mem[X,0x80021188] -> 0x0513
mem[X,0x8002118A] -> 0x6675
[3582] [M]: 0x80021188 (0x66750513) addi a0, a0, 1639
x10 <- 0x66666667


mem[X,0x8002118C] -> 0x0593
mem[X,0x8002118E] -> 0x0020
[3583] [M]: 0x8002118C (0x00200593) addi a1, zero, 2
x11 <- 0x00000002


mem[X,0x80021190] -> 0x0113
mem[X,0x80021192] -> 0x0000
[3584] [M]: 0x80021190 (0x00000113) addi sp, zero, 0
x2 <- 0x00000000


mem[X,0x80021194] -> 0x006F
mem[X,0x80021196] -> 0x00C0
[3585] [M]: 0x80021194 (0x00C0006F) jal zero, 12


mem[X,0x800211A0] -> 0x0063
mem[X,0x800211A2] -> 0x08B5
[3586] [M]: 0x800211A0 (0x08B50063) beq a0, a1, 128


mem[X,0x800211A4] -> 0x0113
mem[X,0x800211A6] -> 0x0021
[3587] [M]: 0x800211A4 (0x00210113) addi sp, sp, 2
x2 <- 0x00000002


mem[X,0x800211A8] -> 0x006F
mem[X,0x800211AA] -> 0x0800
[3588] [M]: 0x800211A8 (0x0800006F) jal zero, 128


mem[X,0x80021228] -> 0xAE23
mem[X,0x8002122A] -> 0x5820
[3589] [M]: 0x80021228 (0x5820AE23) sw sp, 1436(ra)
mem[0x80039804] <- 0x00000002


mem[X,0x8002122C] -> 0x6537
mem[X,0x8002122E] -> 0x6666
[3590] [M]: 0x8002122C (0x66666537) lui a0, 419430
x10 <- 0x66666000


mem[X,0x80021230] -> 0x0513
mem[X,0x80021232] -> 0x6675
[3591] [M]: 0x80021230 (0x66750513) addi a0, a0, 1639
x10 <- 0x66666667


mem[X,0x80021234] -> 0x55B7
mem[X,0x80021236] -> 0x5555
[3592] [M]: 0x80021234 (0x555555B7) lui a1, 349525
x11 <- 0x55555000


mem[X,0x80021238] -> 0x8593
mem[X,0x8002123A] -> 0x5545
[3593] [M]: 0x80021238 (0x55458593) addi a1, a1, 1364
x11 <- 0x55555554


mem[X,0x8002123C] -> 0x0113
mem[X,0x8002123E] -> 0x0000
[3594] [M]: 0x8002123C (0x00000113) addi sp, zero, 0
x2 <- 0x00000000


mem[X,0x80021240] -> 0x006F
mem[X,0x80021242] -> 0x00C0
[3595] [M]: 0x80021240 (0x00C0006F) jal zero, 12


mem[X,0x8002124C] -> 0x0663
mem[X,0x8002124E] -> 0x00B5
[3596] [M]: 0x8002124C (0x00B50663) beq a0, a1, 12


mem[X,0x80021250] -> 0x0113
mem[X,0x80021252] -> 0x0021
[3597] [M]: 0x80021250 (0x00210113) addi sp, sp, 2
x2 <- 0x00000002


mem[X,0x80021254] -> 0x006F
mem[X,0x80021256] -> 0x00C0
[3598] [M]: 0x80021254 (0x00C0006F) jal zero, 12


mem[X,0x80021260] -> 0xA023
mem[X,0x80021262] -> 0x5A20
[3599] [M]: 0x80021260 (0x5A20A023) sw sp, 1440(ra)
mem[0x80039808] <- 0x00000002


clint::tick mtime <- 0x0000000000000024
 clint timer pending at mtime 0x0000000000000024
htif::tick 0x0000000000000000
mem[X,0x80021264] -> 0x6537
mem[X,0x80021266] -> 0x6666
[3600] [M]: 0x80021264 (0x66666537) lui a0, 419430
x10 <- 0x66666000


mem[X,0x80021268] -> 0x0513
mem[X,0x8002126A] -> 0x6675
[3601] [M]: 0x80021268 (0x66750513) addi a0, a0, 1639
x10 <- 0x66666667


mem[X,0x8002126C] -> 0x0593
mem[X,0x8002126E] -> 0x0000
[3602] [M]: 0x8002126C (0x00000593) addi a1, zero, 0
x11 <- 0x00000000


mem[X,0x80021270] -> 0x0113
mem[X,0x80021272] -> 0x0000
[3603] [M]: 0x80021270 (0x00000113) addi sp, zero, 0
x2 <- 0x00000000


mem[X,0x80021274] -> 0x006F
mem[X,0x80021276] -> 0x00C0
[3604] [M]: 0x80021274 (0x00C0006F) jal zero, 12


mem[X,0x80021280] -> 0x0063
mem[X,0x80021282] -> 0x02B5
[3605] [M]: 0x80021280 (0x02B50063) beq a0, a1, 32


mem[X,0x80021284] -> 0x0113
mem[X,0x80021286] -> 0x0021
[3606] [M]: 0x80021284 (0x00210113) addi sp, sp, 2
x2 <- 0x00000002


mem[X,0x80021288] -> 0x006F
mem[X,0x8002128A] -> 0x0200
[3607] [M]: 0x80021288 (0x0200006F) jal zero, 32


mem[X,0x800212A8] -> 0xA223
mem[X,0x800212AA] -> 0x5A20
[3608] [M]: 0x800212A8 (0x5A20A223) sw sp, 1444(ra)
mem[0x8003980C] <- 0x00000002


mem[X,0x800212AC] -> 0x6537
mem[X,0x800212AE] -> 0x6666
[3609] [M]: 0x800212AC (0x66666537) lui a0, 419430
x10 <- 0x66666000


mem[X,0x800212B0] -> 0x0513
mem[X,0x800212B2] -> 0x6675
[3610] [M]: 0x800212B0 (0x66750513) addi a0, a0, 1639
x10 <- 0x66666667


mem[X,0x800212B4] -> 0x0593
mem[X,0x800212B6] -> 0x0040
[3611] [M]: 0x800212B4 (0x00400593) addi a1, zero, 4
x11 <- 0x00000004


mem[X,0x800212B8] -> 0x0113
mem[X,0x800212BA] -> 0x0000
[3612] [M]: 0x800212B8 (0x00000113) addi sp, zero, 0
x2 <- 0x00000000


mem[X,0x800212BC] -> 0x006F
mem[X,0x800212BE] -> 0x0050
[3613] [M]: 0x800212BC (0x0050006F) jal zero, 2052


mem[X,0x80021AC0] -> 0x00E3
mem[X,0x80021AC2] -> 0x80B5
[3614] [M]: 0x80021AC0 (0x80B500E3) beq a0, a1, 6144


mem[X,0x80021AC4] -> 0x0113
mem[X,0x80021AC6] -> 0x0021
[3615] [M]: 0x80021AC4 (0x00210113) addi sp, sp, 2
x2 <- 0x00000002


mem[X,0x80021AC8] -> 0x006F
mem[X,0x80021ACA] -> 0x00C0
[3616] [M]: 0x80021AC8 (0x00C0006F) jal zero, 12


mem[X,0x80021AD4] -> 0xA423
mem[X,0x80021AD6] -> 0x5A20
[3617] [M]: 0x80021AD4 (0x5A20A423) sw sp, 1448(ra)
mem[0x80039810] <- 0x00000002


mem[X,0x80021AD8] -> 0x6537
mem[X,0x80021ADA] -> 0x6666
[3618] [M]: 0x80021AD8 (0x66666537) lui a0, 419430
x10 <- 0x66666000


mem[X,0x80021ADC] -> 0x0513
mem[X,0x80021ADE] -> 0x6675
[3619] [M]: 0x80021ADC (0x66750513) addi a0, a0, 1639
x10 <- 0x66666667


mem[X,0x80021AE0] -> 0x35B7
mem[X,0x80021AE2] -> 0x3333
[3620] [M]: 0x80021AE0 (0x333335B7) lui a1, 209715
x11 <- 0x33333000


mem[X,0x80021AE4] -> 0x8593
mem[X,0x80021AE6] -> 0x3325
[3621] [M]: 0x80021AE4 (0x33258593) addi a1, a1, 818
x11 <- 0x33333332


mem[X,0x80021AE8] -> 0x0113
mem[X,0x80021AEA] -> 0x0000
[3622] [M]: 0x80021AE8 (0x00000113) addi sp, zero, 0
x2 <- 0x00000000


mem[X,0x80021AEC] -> 0x006F
mem[X,0x80021AEE] -> 0x00C0
[3623] [M]: 0x80021AEC (0x00C0006F) jal zero, 12


mem[X,0x80021AF8] -> 0x0CE3
mem[X,0x80021AFA] -> 0xFEB5
[3624] [M]: 0x80021AF8 (0xFEB50CE3) beq a0, a1, 8184


mem[X,0x80021AFC] -> 0x0113
mem[X,0x80021AFE] -> 0x0021
[3625] [M]: 0x80021AFC (0x00210113) addi sp, sp, 2
x2 <- 0x00000002


mem[X,0x80021B00] -> 0x006F
mem[X,0x80021B02] -> 0x00C0
[3626] [M]: 0x80021B00 (0x00C0006F) jal zero, 12


mem[X,0x80021B0C] -> 0xA623
mem[X,0x80021B0E] -> 0x5A20
[3627] [M]: 0x80021B0C (0x5A20A623) sw sp, 1452(ra)
mem[0x80039814] <- 0x00000002


mem[X,0x80021B10] -> 0x6537
mem[X,0x80021B12] -> 0x6666
[3628] [M]: 0x80021B10 (0x66666537) lui a0, 419430
x10 <- 0x66666000


mem[X,0x80021B14] -> 0x0513
mem[X,0x80021B16] -> 0x6675
[3629] [M]: 0x80021B14 (0x66750513) addi a0, a0, 1639
x10 <- 0x66666667


mem[X,0x80021B18] -> 0x65B7
mem[X,0x80021B1A] -> 0x6666
[3630] [M]: 0x80021B18 (0x666665B7) lui a1, 419430
x11 <- 0x66666000


mem[X,0x80021B1C] -> 0x8593
mem[X,0x80021B1E] -> 0x6655
[3631] [M]: 0x80021B1C (0x66558593) addi a1, a1, 1637
x11 <- 0x66666665


mem[X,0x80021B20] -> 0x0113
mem[X,0x80021B22] -> 0x0000
[3632] [M]: 0x80021B20 (0x00000113) addi sp, zero, 0
x2 <- 0x00000000


mem[X,0x80021B24] -> 0x006F
mem[X,0x80021B26] -> 0x00C0
[3633] [M]: 0x80021B24 (0x00C0006F) jal zero, 12


mem[X,0x80021B30] -> 0x0063
mem[X,0x80021B32] -> 0x40B5
[3634] [M]: 0x80021B30 (0x40B50063) beq a0, a1, 1024


mem[X,0x80021B34] -> 0x0113
mem[X,0x80021B36] -> 0x0021
[3635] [M]: 0x80021B34 (0x00210113) addi sp, sp, 2
x2 <- 0x00000002


mem[X,0x80021B38] -> 0x006F
mem[X,0x80021B3A] -> 0x4000
[3636] [M]: 0x80021B38 (0x4000006F) jal zero, 1024


mem[X,0x80021F38] -> 0xA823
mem[X,0x80021F3A] -> 0x5A20
[3637] [M]: 0x80021F38 (0x5A20A823) sw sp, 1456(ra)
mem[0x80039818] <- 0x00000002


mem[X,0x80021F3C] -> 0x6537
mem[X,0x80021F3E] -> 0x6666
[3638] [M]: 0x80021F3C (0x66666537) lui a0, 419430
x10 <- 0x66666000


mem[X,0x80021F40] -> 0x0513
mem[X,0x80021F42] -> 0x6675
[3639] [M]: 0x80021F40 (0x66750513) addi a0, a0, 1639
x10 <- 0x66666667


mem[X,0x80021F44] -> 0xB5B7
mem[X,0x80021F46] -> 0x0000
[3640] [M]: 0x80021F44 (0x0000B5B7) lui a1, 11
x11 <- 0x0000B000


mem[X,0x80021F48] -> 0x8593
mem[X,0x80021F4A] -> 0x5035
[3641] [M]: 0x80021F48 (0x50358593) addi a1, a1, 1283
x11 <- 0x0000B503


mem[X,0x80021F4C] -> 0x0113
mem[X,0x80021F4E] -> 0x0000
[3642] [M]: 0x80021F4C (0x00000113) addi sp, zero, 0
x2 <- 0x00000000


mem[X,0x80021F50] -> 0x006F
mem[X,0x80021F52] -> 0x00C0
[3643] [M]: 0x80021F50 (0x00C0006F) jal zero, 12


mem[X,0x80021F5C] -> 0x0CE3
mem[X,0x80021F5E] -> 0xFEB5
[3644] [M]: 0x80021F5C (0xFEB50CE3) beq a0, a1, 8184


mem[X,0x80021F60] -> 0x0113
mem[X,0x80021F62] -> 0x0021
[3645] [M]: 0x80021F60 (0x00210113) addi sp, sp, 2
x2 <- 0x00000002


mem[X,0x80021F64] -> 0x006F
mem[X,0x80021F66] -> 0x00C0
[3646] [M]: 0x80021F64 (0x00C0006F) jal zero, 12


mem[X,0x80021F70] -> 0xAA23
mem[X,0x80021F72] -> 0x5A20
[3647] [M]: 0x80021F70 (0x5A20AA23) sw sp, 1460(ra)
mem[0x8003981C] <- 0x00000002


mem[X,0x80021F74] -> 0x6537
mem[X,0x80021F76] -> 0x6666
[3648] [M]: 0x80021F74 (0x66666537) lui a0, 419430
x10 <- 0x66666000


mem[X,0x80021F78] -> 0x0513
mem[X,0x80021F7A] -> 0x6675
[3649] [M]: 0x80021F78 (0x66750513) addi a0, a0, 1639
x10 <- 0x66666667


mem[X,0x80021F7C] -> 0x55B7
mem[X,0x80021F7E] -> 0x5555
[3650] [M]: 0x80021F7C (0x555555B7) lui a1, 349525
x11 <- 0x55555000


mem[X,0x80021F80] -> 0x8593
mem[X,0x80021F82] -> 0x5565
[3651] [M]: 0x80021F80 (0x55658593) addi a1, a1, 1366
x11 <- 0x55555556


mem[X,0x80021F84] -> 0x0113
mem[X,0x80021F86] -> 0x0000
[3652] [M]: 0x80021F84 (0x00000113) addi sp, zero, 0
x2 <- 0x00000000


mem[X,0x80021F88] -> 0x006F
mem[X,0x80021F8A] -> 0x00C0
[3653] [M]: 0x80021F88 (0x00C0006F) jal zero, 12


mem[X,0x80021F94] -> 0x0063
mem[X,0x80021F96] -> 0x10B5
[3654] [M]: 0x80021F94 (0x10B50063) beq a0, a1, 256


mem[X,0x80021F98] -> 0x0113
mem[X,0x80021F9A] -> 0x0021
[3655] [M]: 0x80021F98 (0x00210113) addi sp, sp, 2
x2 <- 0x00000002


mem[X,0x80021F9C] -> 0x006F
mem[X,0x80021F9E] -> 0x1000
[3656] [M]: 0x80021F9C (0x1000006F) jal zero, 256


mem[X,0x8002209C] -> 0xAC23
mem[X,0x8002209E] -> 0x5A20
[3657] [M]: 0x8002209C (0x5A20AC23) sw sp, 1464(ra)
mem[0x80039820] <- 0x00000002


mem[X,0x800220A0] -> 0x6537
mem[X,0x800220A2] -> 0x6666
[3658] [M]: 0x800220A0 (0x66666537) lui a0, 419430
x10 <- 0x66666000


mem[X,0x800220A4] -> 0x0513
mem[X,0x800220A6] -> 0x6675
[3659] [M]: 0x800220A4 (0x66750513) addi a0, a0, 1639
x10 <- 0x66666667


mem[X,0x800220A8] -> 0xB5B7
mem[X,0x800220AA] -> 0xAAAA
[3660] [M]: 0x800220A8 (0xAAAAB5B7) lui a1, 699051
x11 <- 0xAAAAB000


mem[X,0x800220AC] -> 0x8593
mem[X,0x800220AE] -> 0xAAB5
[3661] [M]: 0x800220AC (0xAAB58593) addi a1, a1, 2731
x11 <- 0xAAAAAAAB


mem[X,0x800220B0] -> 0x0113
mem[X,0x800220B2] -> 0x0000
[3662] [M]: 0x800220B0 (0x00000113) addi sp, zero, 0
x2 <- 0x00000000


mem[X,0x800220B4] -> 0x006F
mem[X,0x800220B6] -> 0x00C0
[3663] [M]: 0x800220B4 (0x00C0006F) jal zero, 12


mem[X,0x800220C0] -> 0x0063
mem[X,0x800220C2] -> 0x20B5
[3664] [M]: 0x800220C0 (0x20B50063) beq a0, a1, 512


mem[X,0x800220C4] -> 0x0113
mem[X,0x800220C6] -> 0x0021
[3665] [M]: 0x800220C4 (0x00210113) addi sp, sp, 2
x2 <- 0x00000002


mem[X,0x800220C8] -> 0x006F
mem[X,0x800220CA] -> 0x2000
[3666] [M]: 0x800220C8 (0x2000006F) jal zero, 512


mem[X,0x800222C8] -> 0xAE23
mem[X,0x800222CA] -> 0x5A20
[3667] [M]: 0x800222C8 (0x5A20AE23) sw sp, 1468(ra)
mem[0x80039824] <- 0x00000002


mem[X,0x800222CC] -> 0x6537
mem[X,0x800222CE] -> 0x6666
[3668] [M]: 0x800222CC (0x66666537) lui a0, 419430
x10 <- 0x66666000


mem[X,0x800222D0] -> 0x0513
mem[X,0x800222D2] -> 0x6675
[3669] [M]: 0x800222D0 (0x66750513) addi a0, a0, 1639
x10 <- 0x66666667


mem[X,0x800222D4] -> 0x0593
mem[X,0x800222D6] -> 0x0060
[3670] [M]: 0x800222D4 (0x00600593) addi a1, zero, 6
x11 <- 0x00000006


mem[X,0x800222D8] -> 0x0113
mem[X,0x800222DA] -> 0x0000
[3671] [M]: 0x800222D8 (0x00000113) addi sp, zero, 0
x2 <- 0x00000000


mem[X,0x800222DC] -> 0x006F
mem[X,0x800222DE] -> 0x00C0
[3672] [M]: 0x800222DC (0x00C0006F) jal zero, 12


mem[X,0x800222E8] -> 0x0663
mem[X,0x800222EA] -> 0x00B5
[3673] [M]: 0x800222E8 (0x00B50663) beq a0, a1, 12


mem[X,0x800222EC] -> 0x0113
mem[X,0x800222EE] -> 0x0021
[3674] [M]: 0x800222EC (0x00210113) addi sp, sp, 2
x2 <- 0x00000002


mem[X,0x800222F0] -> 0x006F
mem[X,0x800222F2] -> 0x00C0
[3675] [M]: 0x800222F0 (0x00C0006F) jal zero, 12


mem[X,0x800222FC] -> 0xA023
mem[X,0x800222FE] -> 0x5C20
[3676] [M]: 0x800222FC (0x5C20A023) sw sp, 1472(ra)
mem[0x80039828] <- 0x00000002


mem[X,0x80022300] -> 0x6537
mem[X,0x80022302] -> 0x6666
[3677] [M]: 0x80022300 (0x66666537) lui a0, 419430
x10 <- 0x66666000


mem[X,0x80022304] -> 0x0513
mem[X,0x80022306] -> 0x6675
[3678] [M]: 0x80022304 (0x66750513) addi a0, a0, 1639
x10 <- 0x66666667


mem[X,0x80022308] -> 0x35B7
mem[X,0x8002230A] -> 0x3333
[3679] [M]: 0x80022308 (0x333335B7) lui a1, 209715
x11 <- 0x33333000


mem[X,0x8002230C] -> 0x8593
mem[X,0x8002230E] -> 0x3345
[3680] [M]: 0x8002230C (0x33458593) addi a1, a1, 820
x11 <- 0x33333334


mem[X,0x80022310] -> 0x0113
mem[X,0x80022312] -> 0x0000
[3681] [M]: 0x80022310 (0x00000113) addi sp, zero, 0
x2 <- 0x00000000


mem[X,0x80022314] -> 0x006F
mem[X,0x80022316] -> 0x00C0
[3682] [M]: 0x80022314 (0x00C0006F) jal zero, 12


mem[X,0x80022320] -> 0x0063
mem[X,0x80022322] -> 0x02B5
[3683] [M]: 0x80022320 (0x02B50063) beq a0, a1, 32


mem[X,0x80022324] -> 0x0113
mem[X,0x80022326] -> 0x0021
[3684] [M]: 0x80022324 (0x00210113) addi sp, sp, 2
x2 <- 0x00000002


mem[X,0x80022328] -> 0x006F
mem[X,0x8002232A] -> 0x0200
[3685] [M]: 0x80022328 (0x0200006F) jal zero, 32


mem[X,0x80022348] -> 0xA223
mem[X,0x8002234A] -> 0x5C20
[3686] [M]: 0x80022348 (0x5C20A223) sw sp, 1476(ra)
mem[0x8003982C] <- 0x00000002


mem[X,0x8002234C] -> 0x6537
mem[X,0x8002234E] -> 0x6666
[3687] [M]: 0x8002234C (0x66666537) lui a0, 419430
x10 <- 0x66666000


mem[X,0x80022350] -> 0x0513
mem[X,0x80022352] -> 0x6675
[3688] [M]: 0x80022350 (0x66750513) addi a0, a0, 1639
x10 <- 0x66666667


mem[X,0x80022354] -> 0x65B7
mem[X,0x80022356] -> 0x6666
[3689] [M]: 0x80022354 (0x666665B7) lui a1, 419430
x11 <- 0x66666000


mem[X,0x80022358] -> 0x8593
mem[X,0x8002235A] -> 0x6675
[3690] [M]: 0x80022358 (0x66758593) addi a1, a1, 1639
x11 <- 0x66666667


mem[X,0x8002235C] -> 0x0113
mem[X,0x8002235E] -> 0x0000
[3691] [M]: 0x8002235C (0x00000113) addi sp, zero, 0
x2 <- 0x00000000


mem[X,0x80022360] -> 0x006F
mem[X,0x80022362] -> 0x00C0
[3692] [M]: 0x80022360 (0x00C0006F) jal zero, 12


mem[X,0x8002236C] -> 0x0CE3
mem[X,0x8002236E] -> 0xFEB5
[3693] [M]: 0x8002236C (0xFEB50CE3) beq a0, a1, 8184


mem[X,0x80022364] -> 0x0113
mem[X,0x80022366] -> 0x0011
[3694] [M]: 0x80022364 (0x00110113) addi sp, sp, 1
x2 <- 0x00000001


mem[X,0x80022368] -> 0x006F
mem[X,0x8002236A] -> 0x0180
[3695] [M]: 0x80022368 (0x0180006F) jal zero, 24


mem[X,0x80022380] -> 0xA423
mem[X,0x80022382] -> 0x5C20
[3696] [M]: 0x80022380 (0x5C20A423) sw sp, 1480(ra)
mem[0x80039830] <- 0x00000001


mem[X,0x80022384] -> 0x6537
mem[X,0x80022386] -> 0x6666
[3697] [M]: 0x80022384 (0x66666537) lui a0, 419430
x10 <- 0x66666000


mem[X,0x80022388] -> 0x0513
mem[X,0x8002238A] -> 0x6675
[3698] [M]: 0x80022388 (0x66750513) addi a0, a0, 1639
x10 <- 0x66666667


mem[X,0x8002238C] -> 0x55B7
mem[X,0x8002238E] -> 0xFFFF
[3699] [M]: 0x8002238C (0xFFFF55B7) lui a1, 1048565
x11 <- 0xFFFF5000


clint::tick mtime <- 0x0000000000000025
 clint timer pending at mtime 0x0000000000000025
htif::tick 0x0000000000000000
mem[X,0x80022390] -> 0x8593
mem[X,0x80022392] -> 0xAFD5
[3700] [M]: 0x80022390 (0xAFD58593) addi a1, a1, 2813
x11 <- 0xFFFF4AFD


mem[X,0x80022394] -> 0x0113
mem[X,0x80022396] -> 0x0000
[3701] [M]: 0x80022394 (0x00000113) addi sp, zero, 0
x2 <- 0x00000000


mem[X,0x80022398] -> 0x006F
mem[X,0x8002239A] -> 0x0140
[3702] [M]: 0x80022398 (0x0140006F) jal zero, 20


mem[X,0x800223AC] -> 0x08E3
mem[X,0x800223AE] -> 0xFEB5
[3703] [M]: 0x800223AC (0xFEB508E3) beq a0, a1, 8176


mem[X,0x800223B0] -> 0x0113
mem[X,0x800223B2] -> 0x0021
[3704] [M]: 0x800223B0 (0x00210113) addi sp, sp, 2
x2 <- 0x00000002


mem[X,0x800223B4] -> 0x006F
mem[X,0x800223B6] -> 0x00C0
[3705] [M]: 0x800223B4 (0x00C0006F) jal zero, 12


mem[X,0x800223C0] -> 0xA623
mem[X,0x800223C2] -> 0x5C20
[3706] [M]: 0x800223C0 (0x5C20A623) sw sp, 1484(ra)
mem[0x80039834] <- 0x00000002


mem[X,0x800223C4] -> 0x6537
mem[X,0x800223C6] -> 0x6666
[3707] [M]: 0x800223C4 (0x66666537) lui a0, 419430
x10 <- 0x66666000


mem[X,0x800223C8] -> 0x0513
mem[X,0x800223CA] -> 0x6675
[3708] [M]: 0x800223C8 (0x66750513) addi a0, a0, 1639
x10 <- 0x66666667


mem[X,0x800223CC] -> 0xB5B7
mem[X,0x800223CE] -> 0x0000
[3709] [M]: 0x800223CC (0x0000B5B7) lui a1, 11
x11 <- 0x0000B000


mem[X,0x800223D0] -> 0x8593
mem[X,0x800223D2] -> 0x5055
[3710] [M]: 0x800223D0 (0x50558593) addi a1, a1, 1285
x11 <- 0x0000B505


mem[X,0x800223D4] -> 0x0113
mem[X,0x800223D6] -> 0x0000
[3711] [M]: 0x800223D4 (0x00000113) addi sp, zero, 0
x2 <- 0x00000000


mem[X,0x800223D8] -> 0x006F
mem[X,0x800223DA] -> 0x00C0
[3712] [M]: 0x800223D8 (0x00C0006F) jal zero, 12


mem[X,0x800223E4] -> 0x0663
mem[X,0x800223E6] -> 0x00B5
[3713] [M]: 0x800223E4 (0x00B50663) beq a0, a1, 12


mem[X,0x800223E8] -> 0x0113
mem[X,0x800223EA] -> 0x0021
[3714] [M]: 0x800223E8 (0x00210113) addi sp, sp, 2
x2 <- 0x00000002


mem[X,0x800223EC] -> 0x006F
mem[X,0x800223EE] -> 0x00C0
[3715] [M]: 0x800223EC (0x00C0006F) jal zero, 12


mem[X,0x800223F8] -> 0xA823
mem[X,0x800223FA] -> 0x5C20
[3716] [M]: 0x800223F8 (0x5C20A823) sw sp, 1488(ra)
mem[0x80039838] <- 0x00000002


mem[X,0x800223FC] -> 0x5537
mem[X,0x800223FE] -> 0xFFFF
[3717] [M]: 0x800223FC (0xFFFF5537) lui a0, 1048565
x10 <- 0xFFFF5000


mem[X,0x80022400] -> 0x0513
mem[X,0x80022402] -> 0xAFD5
[3718] [M]: 0x80022400 (0xAFD50513) addi a0, a0, 2813
x10 <- 0xFFFF4AFD


mem[X,0x80022404] -> 0x0593
mem[X,0x80022406] -> 0x0030
[3719] [M]: 0x80022404 (0x00300593) addi a1, zero, 3
x11 <- 0x00000003


mem[X,0x80022408] -> 0x0113
mem[X,0x8002240A] -> 0x0000
[3720] [M]: 0x80022408 (0x00000113) addi sp, zero, 0
x2 <- 0x00000000


mem[X,0x8002240C] -> 0x006F
mem[X,0x8002240E] -> 0x00C0
[3721] [M]: 0x8002240C (0x00C0006F) jal zero, 12


mem[X,0x80022418] -> 0x0663
mem[X,0x8002241A] -> 0x00B5
[3722] [M]: 0x80022418 (0x00B50663) beq a0, a1, 12


mem[X,0x8002241C] -> 0x0113
mem[X,0x8002241E] -> 0x0021
[3723] [M]: 0x8002241C (0x00210113) addi sp, sp, 2
x2 <- 0x00000002


mem[X,0x80022420] -> 0x006F
mem[X,0x80022422] -> 0x00C0
[3724] [M]: 0x80022420 (0x00C0006F) jal zero, 12


mem[X,0x8002242C] -> 0xAA23
mem[X,0x8002242E] -> 0x5C20
[3725] [M]: 0x8002242C (0x5C20AA23) sw sp, 1492(ra)
mem[0x8003983C] <- 0x00000002


mem[X,0x80022430] -> 0x5537
mem[X,0x80022432] -> 0xFFFF
[3726] [M]: 0x80022430 (0xFFFF5537) lui a0, 1048565
x10 <- 0xFFFF5000


mem[X,0x80022434] -> 0x0513
mem[X,0x80022436] -> 0xAFD5
[3727] [M]: 0x80022434 (0xAFD50513) addi a0, a0, 2813
x10 <- 0xFFFF4AFD


mem[X,0x80022438] -> 0x55B7
mem[X,0x8002243A] -> 0x5555
[3728] [M]: 0x80022438 (0x555555B7) lui a1, 349525
x11 <- 0x55555000


mem[X,0x8002243C] -> 0x8593
mem[X,0x8002243E] -> 0x5555
[3729] [M]: 0x8002243C (0x55558593) addi a1, a1, 1365
x11 <- 0x55555555


mem[X,0x80022440] -> 0x0113
mem[X,0x80022442] -> 0x0000
[3730] [M]: 0x80022440 (0x00000113) addi sp, zero, 0
x2 <- 0x00000000


mem[X,0x80022444] -> 0x006F
mem[X,0x80022446] -> 0x00C0
[3731] [M]: 0x80022444 (0x00C0006F) jal zero, 12


mem[X,0x80022450] -> 0x0063
mem[X,0x80022452] -> 0x02B5
[3732] [M]: 0x80022450 (0x02B50063) beq a0, a1, 32


mem[X,0x80022454] -> 0x0113
mem[X,0x80022456] -> 0x0021
[3733] [M]: 0x80022454 (0x00210113) addi sp, sp, 2
x2 <- 0x00000002


mem[X,0x80022458] -> 0x006F
mem[X,0x8002245A] -> 0x0200
[3734] [M]: 0x80022458 (0x0200006F) jal zero, 32


mem[X,0x80022478] -> 0xAC23
mem[X,0x8002247A] -> 0x5C20
[3735] [M]: 0x80022478 (0x5C20AC23) sw sp, 1496(ra)
mem[0x80039840] <- 0x00000002


mem[X,0x8002247C] -> 0x5537
mem[X,0x8002247E] -> 0xFFFF
[3736] [M]: 0x8002247C (0xFFFF5537) lui a0, 1048565
x10 <- 0xFFFF5000


mem[X,0x80022480] -> 0x0513
mem[X,0x80022482] -> 0xAFD5
[3737] [M]: 0x80022480 (0xAFD50513) addi a0, a0, 2813
x10 <- 0xFFFF4AFD


mem[X,0x80022484] -> 0xB5B7
mem[X,0x80022486] -> 0xAAAA
[3738] [M]: 0x80022484 (0xAAAAB5B7) lui a1, 699051
x11 <- 0xAAAAB000


mem[X,0x80022488] -> 0x8593
mem[X,0x8002248A] -> 0xAAA5
[3739] [M]: 0x80022488 (0xAAA58593) addi a1, a1, 2730
x11 <- 0xAAAAAAAA


mem[X,0x8002248C] -> 0x0113
mem[X,0x8002248E] -> 0x0000
[3740] [M]: 0x8002248C (0x00000113) addi sp, zero, 0
x2 <- 0x00000000


mem[X,0x80022490] -> 0x006F
mem[X,0x80022492] -> 0x00C0
[3741] [M]: 0x80022490 (0x00C0006F) jal zero, 12


mem[X,0x8002249C] -> 0x0663
mem[X,0x8002249E] -> 0x00B5
[3742] [M]: 0x8002249C (0x00B50663) beq a0, a1, 12


mem[X,0x800224A0] -> 0x0113
mem[X,0x800224A2] -> 0x0021
[3743] [M]: 0x800224A0 (0x00210113) addi sp, sp, 2
x2 <- 0x00000002


mem[X,0x800224A4] -> 0x006F
mem[X,0x800224A6] -> 0x00C0
[3744] [M]: 0x800224A4 (0x00C0006F) jal zero, 12


mem[X,0x800224B0] -> 0xAE23
mem[X,0x800224B2] -> 0x5C20
[3745] [M]: 0x800224B0 (0x5C20AE23) sw sp, 1500(ra)
mem[0x80039844] <- 0x00000002


mem[X,0x800224B4] -> 0x5537
mem[X,0x800224B6] -> 0xFFFF
[3746] [M]: 0x800224B4 (0xFFFF5537) lui a0, 1048565
x10 <- 0xFFFF5000


mem[X,0x800224B8] -> 0x0513
mem[X,0x800224BA] -> 0xAFD5
[3747] [M]: 0x800224B8 (0xAFD50513) addi a0, a0, 2813
x10 <- 0xFFFF4AFD


mem[X,0x800224BC] -> 0x0593
mem[X,0x800224BE] -> 0x0050
[3748] [M]: 0x800224BC (0x00500593) addi a1, zero, 5
x11 <- 0x00000005


mem[X,0x800224C0] -> 0x0113
mem[X,0x800224C2] -> 0x0000
[3749] [M]: 0x800224C0 (0x00000113) addi sp, zero, 0
x2 <- 0x00000000


mem[X,0x800224C4] -> 0x006F
mem[X,0x800224C6] -> 0x0100
[3750] [M]: 0x800224C4 (0x0100006F) jal zero, 16


mem[X,0x800224D4] -> 0x0AE3
mem[X,0x800224D6] -> 0xFEB5
[3751] [M]: 0x800224D4 (0xFEB50AE3) beq a0, a1, 8180


mem[X,0x800224D8] -> 0x0113
mem[X,0x800224DA] -> 0x0021
[3752] [M]: 0x800224D8 (0x00210113) addi sp, sp, 2
x2 <- 0x00000002


mem[X,0x800224DC] -> 0x006F
mem[X,0x800224DE] -> 0x00C0
[3753] [M]: 0x800224DC (0x00C0006F) jal zero, 12


mem[X,0x800224E8] -> 0xA023
mem[X,0x800224EA] -> 0x5E20
[3754] [M]: 0x800224E8 (0x5E20A023) sw sp, 1504(ra)
mem[0x80039848] <- 0x00000002


mem[X,0x800224EC] -> 0x5537
mem[X,0x800224EE] -> 0xFFFF
[3755] [M]: 0x800224EC (0xFFFF5537) lui a0, 1048565
x10 <- 0xFFFF5000


mem[X,0x800224F0] -> 0x0513
mem[X,0x800224F2] -> 0xAFD5
[3756] [M]: 0x800224F0 (0xAFD50513) addi a0, a0, 2813
x10 <- 0xFFFF4AFD


mem[X,0x800224F4] -> 0x35B7
mem[X,0x800224F6] -> 0x3333
[3757] [M]: 0x800224F4 (0x333335B7) lui a1, 209715
x11 <- 0x33333000


mem[X,0x800224F8] -> 0x8593
mem[X,0x800224FA] -> 0x3335
[3758] [M]: 0x800224F8 (0x33358593) addi a1, a1, 819
x11 <- 0x33333333


mem[X,0x800224FC] -> 0x0113
mem[X,0x800224FE] -> 0x0000
[3759] [M]: 0x800224FC (0x00000113) addi sp, zero, 0
x2 <- 0x00000000


mem[X,0x80022500] -> 0x006F
mem[X,0x80022502] -> 0x00C0
[3760] [M]: 0x80022500 (0x00C0006F) jal zero, 12


mem[X,0x8002250C] -> 0x0063
mem[X,0x8002250E] -> 0x04B5
[3761] [M]: 0x8002250C (0x04B50063) beq a0, a1, 64


mem[X,0x80022510] -> 0x0113
mem[X,0x80022512] -> 0x0021
[3762] [M]: 0x80022510 (0x00210113) addi sp, sp, 2
x2 <- 0x00000002


mem[X,0x80022514] -> 0x006F
mem[X,0x80022516] -> 0x0400
[3763] [M]: 0x80022514 (0x0400006F) jal zero, 64


mem[X,0x80022554] -> 0xA223
mem[X,0x80022556] -> 0x5E20
[3764] [M]: 0x80022554 (0x5E20A223) sw sp, 1508(ra)
mem[0x8003984C] <- 0x00000002


mem[X,0x80022558] -> 0x5537
mem[X,0x8002255A] -> 0xFFFF
[3765] [M]: 0x80022558 (0xFFFF5537) lui a0, 1048565
x10 <- 0xFFFF5000


mem[X,0x8002255C] -> 0x0513
mem[X,0x8002255E] -> 0xAFD5
[3766] [M]: 0x8002255C (0xAFD50513) addi a0, a0, 2813
x10 <- 0xFFFF4AFD


mem[X,0x80022560] -> 0x65B7
mem[X,0x80022562] -> 0x6666
[3767] [M]: 0x80022560 (0x666665B7) lui a1, 419430
x11 <- 0x66666000


mem[X,0x80022564] -> 0x8593
mem[X,0x80022566] -> 0x6665
[3768] [M]: 0x80022564 (0x66658593) addi a1, a1, 1638
x11 <- 0x66666666


mem[X,0x80022568] -> 0x0113
mem[X,0x8002256A] -> 0x0000
[3769] [M]: 0x80022568 (0x00000113) addi sp, zero, 0
x2 <- 0x00000000


mem[X,0x8002256C] -> 0x006F
mem[X,0x8002256E] -> 0x0100
[3770] [M]: 0x8002256C (0x0100006F) jal zero, 16


mem[X,0x8002257C] -> 0x0AE3
mem[X,0x8002257E] -> 0xFEB5
[3771] [M]: 0x8002257C (0xFEB50AE3) beq a0, a1, 8180


mem[X,0x80022580] -> 0x0113
mem[X,0x80022582] -> 0x0021
[3772] [M]: 0x80022580 (0x00210113) addi sp, sp, 2
x2 <- 0x00000002


mem[X,0x80022584] -> 0x006F
mem[X,0x80022586] -> 0x00C0
[3773] [M]: 0x80022584 (0x00C0006F) jal zero, 12


mem[X,0x80022590] -> 0xA423
mem[X,0x80022592] -> 0x5E20
[3774] [M]: 0x80022590 (0x5E20A423) sw sp, 1512(ra)
mem[0x80039850] <- 0x00000002


mem[X,0x80022594] -> 0x5537
mem[X,0x80022596] -> 0xFFFF
[3775] [M]: 0x80022594 (0xFFFF5537) lui a0, 1048565
x10 <- 0xFFFF5000


mem[X,0x80022598] -> 0x0513
mem[X,0x8002259A] -> 0xAFD5
[3776] [M]: 0x80022598 (0xAFD50513) addi a0, a0, 2813
x10 <- 0xFFFF4AFD


mem[X,0x8002259C] -> 0x55B7
mem[X,0x8002259E] -> 0xFFFF
[3777] [M]: 0x8002259C (0xFFFF55B7) lui a1, 1048565
x11 <- 0xFFFF5000


mem[X,0x800225A0] -> 0x8593
mem[X,0x800225A2] -> 0xAFC5
[3778] [M]: 0x800225A0 (0xAFC58593) addi a1, a1, 2812
x11 <- 0xFFFF4AFC


mem[X,0x800225A4] -> 0x0113
mem[X,0x800225A6] -> 0x0000
[3779] [M]: 0x800225A4 (0x00000113) addi sp, zero, 0
x2 <- 0x00000000


mem[X,0x800225A8] -> 0x006F
mem[X,0x800225AA] -> 0x00C0
[3780] [M]: 0x800225A8 (0x00C0006F) jal zero, 12


mem[X,0x800225B4] -> 0x0663
mem[X,0x800225B6] -> 0x00B5
[3781] [M]: 0x800225B4 (0x00B50663) beq a0, a1, 12


mem[X,0x800225B8] -> 0x0113
mem[X,0x800225BA] -> 0x0021
[3782] [M]: 0x800225B8 (0x00210113) addi sp, sp, 2
x2 <- 0x00000002


mem[X,0x800225BC] -> 0x006F
mem[X,0x800225BE] -> 0x00C0
[3783] [M]: 0x800225BC (0x00C0006F) jal zero, 12


mem[X,0x800225C8] -> 0xA623
mem[X,0x800225CA] -> 0x5E20
[3784] [M]: 0x800225C8 (0x5E20A623) sw sp, 1516(ra)
mem[0x80039854] <- 0x00000002


mem[X,0x800225CC] -> 0x5537
mem[X,0x800225CE] -> 0xFFFF
[3785] [M]: 0x800225CC (0xFFFF5537) lui a0, 1048565
x10 <- 0xFFFF5000


mem[X,0x800225D0] -> 0x0513
mem[X,0x800225D2] -> 0xAFD5
[3786] [M]: 0x800225D0 (0xAFD50513) addi a0, a0, 2813
x10 <- 0xFFFF4AFD


mem[X,0x800225D4] -> 0xB5B7
mem[X,0x800225D6] -> 0x0000
[3787] [M]: 0x800225D4 (0x0000B5B7) lui a1, 11
x11 <- 0x0000B000


mem[X,0x800225D8] -> 0x8593
mem[X,0x800225DA] -> 0x5045
[3788] [M]: 0x800225D8 (0x50458593) addi a1, a1, 1284
x11 <- 0x0000B504


mem[X,0x800225DC] -> 0x0113
mem[X,0x800225DE] -> 0x0000
[3789] [M]: 0x800225DC (0x00000113) addi sp, zero, 0
x2 <- 0x00000000


mem[X,0x800225E0] -> 0x006F
mem[X,0x800225E2] -> 0x00C0
[3790] [M]: 0x800225E0 (0x00C0006F) jal zero, 12


mem[X,0x800225EC] -> 0x0CE3
mem[X,0x800225EE] -> 0xFEB5
[3791] [M]: 0x800225EC (0xFEB50CE3) beq a0, a1, 8184


mem[X,0x800225F0] -> 0x0113
mem[X,0x800225F2] -> 0x0021
[3792] [M]: 0x800225F0 (0x00210113) addi sp, sp, 2
x2 <- 0x00000002


mem[X,0x800225F4] -> 0x006F
mem[X,0x800225F6] -> 0x00C0
[3793] [M]: 0x800225F4 (0x00C0006F) jal zero, 12


mem[X,0x80022600] -> 0xA823
mem[X,0x80022602] -> 0x5E20
[3794] [M]: 0x80022600 (0x5E20A823) sw sp, 1520(ra)
mem[0x80039858] <- 0x00000002


mem[X,0x80022604] -> 0x5537
mem[X,0x80022606] -> 0xFFFF
[3795] [M]: 0x80022604 (0xFFFF5537) lui a0, 1048565
x10 <- 0xFFFF5000


mem[X,0x80022608] -> 0x0513
mem[X,0x8002260A] -> 0xAFD5
[3796] [M]: 0x80022608 (0xAFD50513) addi a0, a0, 2813
x10 <- 0xFFFF4AFD


mem[X,0x8002260C] -> 0x0593
mem[X,0x8002260E] -> 0x0020
[3797] [M]: 0x8002260C (0x00200593) addi a1, zero, 2
x11 <- 0x00000002


mem[X,0x80022610] -> 0x0113
mem[X,0x80022612] -> 0x0000
[3798] [M]: 0x80022610 (0x00000113) addi sp, zero, 0
x2 <- 0x00000000


mem[X,0x80022614] -> 0x006F
mem[X,0x80022616] -> 0x00C0
[3799] [M]: 0x80022614 (0x00C0006F) jal zero, 12


clint::tick mtime <- 0x0000000000000026
 clint timer pending at mtime 0x0000000000000026
htif::tick 0x0000000000000000
mem[X,0x80022620] -> 0x0063
mem[X,0x80022622] -> 0x04B5
[3800] [M]: 0x80022620 (0x04B50063) beq a0, a1, 64


mem[X,0x80022624] -> 0x0113
mem[X,0x80022626] -> 0x0021
[3801] [M]: 0x80022624 (0x00210113) addi sp, sp, 2
x2 <- 0x00000002


mem[X,0x80022628] -> 0x006F
mem[X,0x8002262A] -> 0x0400
[3802] [M]: 0x80022628 (0x0400006F) jal zero, 64


mem[X,0x80022668] -> 0xAA23
mem[X,0x8002266A] -> 0x5E20
[3803] [M]: 0x80022668 (0x5E20AA23) sw sp, 1524(ra)
mem[0x8003985C] <- 0x00000002


mem[X,0x8002266C] -> 0x5537
mem[X,0x8002266E] -> 0xFFFF
[3804] [M]: 0x8002266C (0xFFFF5537) lui a0, 1048565
x10 <- 0xFFFF5000


mem[X,0x80022670] -> 0x0513
mem[X,0x80022672] -> 0xAFD5
[3805] [M]: 0x80022670 (0xAFD50513) addi a0, a0, 2813
x10 <- 0xFFFF4AFD


mem[X,0x80022674] -> 0x55B7
mem[X,0x80022676] -> 0x5555
[3806] [M]: 0x80022674 (0x555555B7) lui a1, 349525
x11 <- 0x55555000


mem[X,0x80022678] -> 0x8593
mem[X,0x8002267A] -> 0x5545
[3807] [M]: 0x80022678 (0x55458593) addi a1, a1, 1364
x11 <- 0x55555554


mem[X,0x8002267C] -> 0x0113
mem[X,0x8002267E] -> 0x0000
[3808] [M]: 0x8002267C (0x00000113) addi sp, zero, 0
x2 <- 0x00000000


mem[X,0x80022680] -> 0x006F
mem[X,0x80022682] -> 0x00C0
[3809] [M]: 0x80022680 (0x00C0006F) jal zero, 12


mem[X,0x8002268C] -> 0x0663
mem[X,0x8002268E] -> 0x00B5
[3810] [M]: 0x8002268C (0x00B50663) beq a0, a1, 12


mem[X,0x80022690] -> 0x0113
mem[X,0x80022692] -> 0x0021
[3811] [M]: 0x80022690 (0x00210113) addi sp, sp, 2
x2 <- 0x00000002


mem[X,0x80022694] -> 0x006F
mem[X,0x80022696] -> 0x00C0
[3812] [M]: 0x80022694 (0x00C0006F) jal zero, 12


mem[X,0x800226A0] -> 0xAC23
mem[X,0x800226A2] -> 0x5E20
[3813] [M]: 0x800226A0 (0x5E20AC23) sw sp, 1528(ra)
mem[0x80039860] <- 0x00000002


mem[X,0x800226A4] -> 0x5537
mem[X,0x800226A6] -> 0xFFFF
[3814] [M]: 0x800226A4 (0xFFFF5537) lui a0, 1048565
x10 <- 0xFFFF5000


mem[X,0x800226A8] -> 0x0513
mem[X,0x800226AA] -> 0xAFD5
[3815] [M]: 0x800226A8 (0xAFD50513) addi a0, a0, 2813
x10 <- 0xFFFF4AFD


mem[X,0x800226AC] -> 0x0593
mem[X,0x800226AE] -> 0x0000
[3816] [M]: 0x800226AC (0x00000593) addi a1, zero, 0
x11 <- 0x00000000


mem[X,0x800226B0] -> 0x0113
mem[X,0x800226B2] -> 0x0000
[3817] [M]: 0x800226B0 (0x00000113) addi sp, zero, 0
x2 <- 0x00000000


mem[X,0x800226B4] -> 0x006F
mem[X,0x800226B6] -> 0x00C0
[3818] [M]: 0x800226B4 (0x00C0006F) jal zero, 12


mem[X,0x800226C0] -> 0x0663
mem[X,0x800226C2] -> 0x00B5
[3819] [M]: 0x800226C0 (0x00B50663) beq a0, a1, 12


mem[X,0x800226C4] -> 0x0113
mem[X,0x800226C6] -> 0x0021
[3820] [M]: 0x800226C4 (0x00210113) addi sp, sp, 2
x2 <- 0x00000002


mem[X,0x800226C8] -> 0x006F
mem[X,0x800226CA] -> 0x00C0
[3821] [M]: 0x800226C8 (0x00C0006F) jal zero, 12


mem[X,0x800226D4] -> 0xAE23
mem[X,0x800226D6] -> 0x5E20
[3822] [M]: 0x800226D4 (0x5E20AE23) sw sp, 1532(ra)
mem[0x80039864] <- 0x00000002


mem[X,0x800226D8] -> 0x5537
mem[X,0x800226DA] -> 0xFFFF
[3823] [M]: 0x800226D8 (0xFFFF5537) lui a0, 1048565
x10 <- 0xFFFF5000


mem[X,0x800226DC] -> 0x0513
mem[X,0x800226DE] -> 0xAFD5
[3824] [M]: 0x800226DC (0xAFD50513) addi a0, a0, 2813
x10 <- 0xFFFF4AFD


mem[X,0x800226E0] -> 0x0593
mem[X,0x800226E2] -> 0x0040
[3825] [M]: 0x800226E0 (0x00400593) addi a1, zero, 4
x11 <- 0x00000004


mem[X,0x800226E4] -> 0x0113
mem[X,0x800226E6] -> 0x0000
[3826] [M]: 0x800226E4 (0x00000113) addi sp, zero, 0
x2 <- 0x00000000


mem[X,0x800226E8] -> 0x006F
mem[X,0x800226EA] -> 0x00C0
[3827] [M]: 0x800226E8 (0x00C0006F) jal zero, 12


mem[X,0x800226F4] -> 0x0063
mem[X,0x800226F6] -> 0x04B5
[3828] [M]: 0x800226F4 (0x04B50063) beq a0, a1, 64


mem[X,0x800226F8] -> 0x0113
mem[X,0x800226FA] -> 0x0021
[3829] [M]: 0x800226F8 (0x00210113) addi sp, sp, 2
x2 <- 0x00000002


mem[X,0x800226FC] -> 0x006F
mem[X,0x800226FE] -> 0x0400
[3830] [M]: 0x800226FC (0x0400006F) jal zero, 64


mem[X,0x8002273C] -> 0xA023
mem[X,0x8002273E] -> 0x6020
[3831] [M]: 0x8002273C (0x6020A023) sw sp, 1536(ra)
mem[0x80039868] <- 0x00000002


mem[X,0x80022740] -> 0x5537
mem[X,0x80022742] -> 0xFFFF
[3832] [M]: 0x80022740 (0xFFFF5537) lui a0, 1048565
x10 <- 0xFFFF5000


mem[X,0x80022744] -> 0x0513
mem[X,0x80022746] -> 0xAFD5
[3833] [M]: 0x80022744 (0xAFD50513) addi a0, a0, 2813
x10 <- 0xFFFF4AFD


mem[X,0x80022748] -> 0x35B7
mem[X,0x8002274A] -> 0x3333
[3834] [M]: 0x80022748 (0x333335B7) lui a1, 209715
x11 <- 0x33333000


mem[X,0x8002274C] -> 0x8593
mem[X,0x8002274E] -> 0x3325
[3835] [M]: 0x8002274C (0x33258593) addi a1, a1, 818
x11 <- 0x33333332


mem[X,0x80022750] -> 0x0113
mem[X,0x80022752] -> 0x0000
[3836] [M]: 0x80022750 (0x00000113) addi sp, zero, 0
x2 <- 0x00000000


mem[X,0x80022754] -> 0x006F
mem[X,0x80022756] -> 0x00C0
[3837] [M]: 0x80022754 (0x00C0006F) jal zero, 12


mem[X,0x80022760] -> 0x0063
mem[X,0x80022762] -> 0x40B5
[3838] [M]: 0x80022760 (0x40B50063) beq a0, a1, 1024


mem[X,0x80022764] -> 0x0113
mem[X,0x80022766] -> 0x0021
[3839] [M]: 0x80022764 (0x00210113) addi sp, sp, 2
x2 <- 0x00000002


mem[X,0x80022768] -> 0x006F
mem[X,0x8002276A] -> 0x4000
[3840] [M]: 0x80022768 (0x4000006F) jal zero, 1024


mem[X,0x80022B68] -> 0xA223
mem[X,0x80022B6A] -> 0x6020
[3841] [M]: 0x80022B68 (0x6020A223) sw sp, 1540(ra)
mem[0x8003986C] <- 0x00000002


mem[X,0x80022B6C] -> 0x5537
mem[X,0x80022B6E] -> 0xFFFF
[3842] [M]: 0x80022B6C (0xFFFF5537) lui a0, 1048565
x10 <- 0xFFFF5000


mem[X,0x80022B70] -> 0x0513
mem[X,0x80022B72] -> 0xAFD5
[3843] [M]: 0x80022B70 (0xAFD50513) addi a0, a0, 2813
x10 <- 0xFFFF4AFD


mem[X,0x80022B74] -> 0x65B7
mem[X,0x80022B76] -> 0x6666
[3844] [M]: 0x80022B74 (0x666665B7) lui a1, 419430
x11 <- 0x66666000


mem[X,0x80022B78] -> 0x8593
mem[X,0x80022B7A] -> 0x6655
[3845] [M]: 0x80022B78 (0x66558593) addi a1, a1, 1637
x11 <- 0x66666665


mem[X,0x80022B7C] -> 0x0113
mem[X,0x80022B7E] -> 0x0000
[3846] [M]: 0x80022B7C (0x00000113) addi sp, zero, 0
x2 <- 0x00000000


mem[X,0x80022B80] -> 0x006F
mem[X,0x80022B82] -> 0x00C0
[3847] [M]: 0x80022B80 (0x00C0006F) jal zero, 12


mem[X,0x80022B8C] -> 0x0063
mem[X,0x80022B8E] -> 0x40B5
[3848] [M]: 0x80022B8C (0x40B50063) beq a0, a1, 1024


mem[X,0x80022B90] -> 0x0113
mem[X,0x80022B92] -> 0x0021
[3849] [M]: 0x80022B90 (0x00210113) addi sp, sp, 2
x2 <- 0x00000002


mem[X,0x80022B94] -> 0x006F
mem[X,0x80022B96] -> 0x4000
[3850] [M]: 0x80022B94 (0x4000006F) jal zero, 1024


mem[X,0x80022F94] -> 0xA423
mem[X,0x80022F96] -> 0x6020
[3851] [M]: 0x80022F94 (0x6020A423) sw sp, 1544(ra)
mem[0x80039870] <- 0x00000002


mem[X,0x80022F98] -> 0x5537
mem[X,0x80022F9A] -> 0xFFFF
[3852] [M]: 0x80022F98 (0xFFFF5537) lui a0, 1048565
x10 <- 0xFFFF5000


mem[X,0x80022F9C] -> 0x0513
mem[X,0x80022F9E] -> 0xAFD5
[3853] [M]: 0x80022F9C (0xAFD50513) addi a0, a0, 2813
x10 <- 0xFFFF4AFD


mem[X,0x80022FA0] -> 0xB5B7
mem[X,0x80022FA2] -> 0x0000
[3854] [M]: 0x80022FA0 (0x0000B5B7) lui a1, 11
x11 <- 0x0000B000


mem[X,0x80022FA4] -> 0x8593
mem[X,0x80022FA6] -> 0x5035
[3855] [M]: 0x80022FA4 (0x50358593) addi a1, a1, 1283
x11 <- 0x0000B503


mem[X,0x80022FA8] -> 0x0113
mem[X,0x80022FAA] -> 0x0000
[3856] [M]: 0x80022FA8 (0x00000113) addi sp, zero, 0
x2 <- 0x00000000


mem[X,0x80022FAC] -> 0x006F
mem[X,0x80022FAE] -> 0x00C0
[3857] [M]: 0x80022FAC (0x00C0006F) jal zero, 12


mem[X,0x80022FB8] -> 0x0663
mem[X,0x80022FBA] -> 0x00B5
[3858] [M]: 0x80022FB8 (0x00B50663) beq a0, a1, 12


mem[X,0x80022FBC] -> 0x0113
mem[X,0x80022FBE] -> 0x0021
[3859] [M]: 0x80022FBC (0x00210113) addi sp, sp, 2
x2 <- 0x00000002


mem[X,0x80022FC0] -> 0x006F
mem[X,0x80022FC2] -> 0x00C0
[3860] [M]: 0x80022FC0 (0x00C0006F) jal zero, 12


mem[X,0x80022FCC] -> 0xA623
mem[X,0x80022FCE] -> 0x6020
[3861] [M]: 0x80022FCC (0x6020A623) sw sp, 1548(ra)
mem[0x80039874] <- 0x00000002


mem[X,0x80022FD0] -> 0x5537
mem[X,0x80022FD2] -> 0xFFFF
[3862] [M]: 0x80022FD0 (0xFFFF5537) lui a0, 1048565
x10 <- 0xFFFF5000


mem[X,0x80022FD4] -> 0x0513
mem[X,0x80022FD6] -> 0xAFD5
[3863] [M]: 0x80022FD4 (0xAFD50513) addi a0, a0, 2813
x10 <- 0xFFFF4AFD


mem[X,0x80022FD8] -> 0x55B7
mem[X,0x80022FDA] -> 0x5555
[3864] [M]: 0x80022FD8 (0x555555B7) lui a1, 349525
x11 <- 0x55555000


mem[X,0x80022FDC] -> 0x8593
mem[X,0x80022FDE] -> 0x5565
[3865] [M]: 0x80022FDC (0x55658593) addi a1, a1, 1366
x11 <- 0x55555556


mem[X,0x80022FE0] -> 0x0113
mem[X,0x80022FE2] -> 0x0000
[3866] [M]: 0x80022FE0 (0x00000113) addi sp, zero, 0
x2 <- 0x00000000


mem[X,0x80022FE4] -> 0x006F
mem[X,0x80022FE6] -> 0x00C0
[3867] [M]: 0x80022FE4 (0x00C0006F) jal zero, 12


mem[X,0x80022FF0] -> 0x0CE3
mem[X,0x80022FF2] -> 0xFEB5
[3868] [M]: 0x80022FF0 (0xFEB50CE3) beq a0, a1, 8184


mem[X,0x80022FF4] -> 0x0113
mem[X,0x80022FF6] -> 0x0021
[3869] [M]: 0x80022FF4 (0x00210113) addi sp, sp, 2
x2 <- 0x00000002


mem[X,0x80022FF8] -> 0x006F
mem[X,0x80022FFA] -> 0x00C0
[3870] [M]: 0x80022FF8 (0x00C0006F) jal zero, 12


mem[X,0x80023004] -> 0xA823
mem[X,0x80023006] -> 0x6020
[3871] [M]: 0x80023004 (0x6020A823) sw sp, 1552(ra)
mem[0x80039878] <- 0x00000002


mem[X,0x80023008] -> 0x5537
mem[X,0x8002300A] -> 0xFFFF
[3872] [M]: 0x80023008 (0xFFFF5537) lui a0, 1048565
x10 <- 0xFFFF5000


mem[X,0x8002300C] -> 0x0513
mem[X,0x8002300E] -> 0xAFD5
[3873] [M]: 0x8002300C (0xAFD50513) addi a0, a0, 2813
x10 <- 0xFFFF4AFD


mem[X,0x80023010] -> 0xB5B7
mem[X,0x80023012] -> 0xAAAA
[3874] [M]: 0x80023010 (0xAAAAB5B7) lui a1, 699051
x11 <- 0xAAAAB000


mem[X,0x80023014] -> 0x8593
mem[X,0x80023016] -> 0xAAB5
[3875] [M]: 0x80023014 (0xAAB58593) addi a1, a1, 2731
x11 <- 0xAAAAAAAB


mem[X,0x80023018] -> 0x0113
mem[X,0x8002301A] -> 0x0000
[3876] [M]: 0x80023018 (0x00000113) addi sp, zero, 0
x2 <- 0x00000000


mem[X,0x8002301C] -> 0x006F
mem[X,0x8002301E] -> 0x00C0
[3877] [M]: 0x8002301C (0x00C0006F) jal zero, 12


mem[X,0x80023028] -> 0x0663
mem[X,0x8002302A] -> 0x00B5
[3878] [M]: 0x80023028 (0x00B50663) beq a0, a1, 12


mem[X,0x8002302C] -> 0x0113
mem[X,0x8002302E] -> 0x0021
[3879] [M]: 0x8002302C (0x00210113) addi sp, sp, 2
x2 <- 0x00000002


mem[X,0x80023030] -> 0x006F
mem[X,0x80023032] -> 0x00C0
[3880] [M]: 0x80023030 (0x00C0006F) jal zero, 12


mem[X,0x8002303C] -> 0xAA23
mem[X,0x8002303E] -> 0x6020
[3881] [M]: 0x8002303C (0x6020AA23) sw sp, 1556(ra)
mem[0x8003987C] <- 0x00000002


mem[X,0x80023040] -> 0x5537
mem[X,0x80023042] -> 0xFFFF
[3882] [M]: 0x80023040 (0xFFFF5537) lui a0, 1048565
x10 <- 0xFFFF5000


mem[X,0x80023044] -> 0x0513
mem[X,0x80023046] -> 0xAFD5
[3883] [M]: 0x80023044 (0xAFD50513) addi a0, a0, 2813
x10 <- 0xFFFF4AFD


mem[X,0x80023048] -> 0x0593
mem[X,0x8002304A] -> 0x0060
[3884] [M]: 0x80023048 (0x00600593) addi a1, zero, 6
x11 <- 0x00000006


mem[X,0x8002304C] -> 0x0113
mem[X,0x8002304E] -> 0x0000
[3885] [M]: 0x8002304C (0x00000113) addi sp, zero, 0
x2 <- 0x00000000


mem[X,0x80023050] -> 0x006F
mem[X,0x80023052] -> 0x0100
[3886] [M]: 0x80023050 (0x0100006F) jal zero, 16


mem[X,0x80023060] -> 0x0AE3
mem[X,0x80023062] -> 0xFEB5
[3887] [M]: 0x80023060 (0xFEB50AE3) beq a0, a1, 8180


mem[X,0x80023064] -> 0x0113
mem[X,0x80023066] -> 0x0021
[3888] [M]: 0x80023064 (0x00210113) addi sp, sp, 2
x2 <- 0x00000002


mem[X,0x80023068] -> 0x006F
mem[X,0x8002306A] -> 0x00C0
[3889] [M]: 0x80023068 (0x00C0006F) jal zero, 12


mem[X,0x80023074] -> 0xAC23
mem[X,0x80023076] -> 0x6020
[3890] [M]: 0x80023074 (0x6020AC23) sw sp, 1560(ra)
mem[0x80039880] <- 0x00000002


mem[X,0x80023078] -> 0x5537
mem[X,0x8002307A] -> 0xFFFF
[3891] [M]: 0x80023078 (0xFFFF5537) lui a0, 1048565
x10 <- 0xFFFF5000


mem[X,0x8002307C] -> 0x0513
mem[X,0x8002307E] -> 0xAFD5
[3892] [M]: 0x8002307C (0xAFD50513) addi a0, a0, 2813
x10 <- 0xFFFF4AFD


mem[X,0x80023080] -> 0x35B7
mem[X,0x80023082] -> 0x3333
[3893] [M]: 0x80023080 (0x333335B7) lui a1, 209715
x11 <- 0x33333000


mem[X,0x80023084] -> 0x8593
mem[X,0x80023086] -> 0x3345
[3894] [M]: 0x80023084 (0x33458593) addi a1, a1, 820
x11 <- 0x33333334


mem[X,0x80023088] -> 0x0113
mem[X,0x8002308A] -> 0x0000
[3895] [M]: 0x80023088 (0x00000113) addi sp, zero, 0
x2 <- 0x00000000


mem[X,0x8002308C] -> 0x006F
mem[X,0x8002308E] -> 0x00C0
[3896] [M]: 0x8002308C (0x00C0006F) jal zero, 12


mem[X,0x80023098] -> 0x0063
mem[X,0x8002309A] -> 0x08B5
[3897] [M]: 0x80023098 (0x08B50063) beq a0, a1, 128


mem[X,0x8002309C] -> 0x0113
mem[X,0x8002309E] -> 0x0021
[3898] [M]: 0x8002309C (0x00210113) addi sp, sp, 2
x2 <- 0x00000002


mem[X,0x800230A0] -> 0x006F
mem[X,0x800230A2] -> 0x0800
[3899] [M]: 0x800230A0 (0x0800006F) jal zero, 128


clint::tick mtime <- 0x0000000000000027
 clint timer pending at mtime 0x0000000000000027
htif::tick 0x0000000000000000
mem[X,0x80023120] -> 0xAE23
mem[X,0x80023122] -> 0x6020
[3900] [M]: 0x80023120 (0x6020AE23) sw sp, 1564(ra)
mem[0x80039884] <- 0x00000002


mem[X,0x80023124] -> 0x5537
mem[X,0x80023126] -> 0xFFFF
[3901] [M]: 0x80023124 (0xFFFF5537) lui a0, 1048565
x10 <- 0xFFFF5000


mem[X,0x80023128] -> 0x0513
mem[X,0x8002312A] -> 0xAFD5
[3902] [M]: 0x80023128 (0xAFD50513) addi a0, a0, 2813
x10 <- 0xFFFF4AFD


mem[X,0x8002312C] -> 0x65B7
mem[X,0x8002312E] -> 0x6666
[3903] [M]: 0x8002312C (0x666665B7) lui a1, 419430
x11 <- 0x66666000


mem[X,0x80023130] -> 0x8593
mem[X,0x80023132] -> 0x6675
[3904] [M]: 0x80023130 (0x66758593) addi a1, a1, 1639
x11 <- 0x66666667


mem[X,0x80023134] -> 0x0113
mem[X,0x80023136] -> 0x0000
[3905] [M]: 0x80023134 (0x00000113) addi sp, zero, 0
x2 <- 0x00000000


mem[X,0x80023138] -> 0x006F
mem[X,0x8002313A] -> 0x00C0
[3906] [M]: 0x80023138 (0x00C0006F) jal zero, 12


mem[X,0x80023144] -> 0x0063
mem[X,0x80023146] -> 0x08B5
[3907] [M]: 0x80023144 (0x08B50063) beq a0, a1, 128


mem[X,0x80023148] -> 0x0113
mem[X,0x8002314A] -> 0x0021
[3908] [M]: 0x80023148 (0x00210113) addi sp, sp, 2
x2 <- 0x00000002


mem[X,0x8002314C] -> 0x006F
mem[X,0x8002314E] -> 0x0800
[3909] [M]: 0x8002314C (0x0800006F) jal zero, 128


mem[X,0x800231CC] -> 0xA023
mem[X,0x800231CE] -> 0x6220
[3910] [M]: 0x800231CC (0x6220A023) sw sp, 1568(ra)
mem[0x80039888] <- 0x00000002


mem[X,0x800231D0] -> 0x5537
mem[X,0x800231D2] -> 0xFFFF
[3911] [M]: 0x800231D0 (0xFFFF5537) lui a0, 1048565
x10 <- 0xFFFF5000


mem[X,0x800231D4] -> 0x0513
mem[X,0x800231D6] -> 0xAFD5
[3912] [M]: 0x800231D4 (0xAFD50513) addi a0, a0, 2813
x10 <- 0xFFFF4AFD


mem[X,0x800231D8] -> 0x55B7
mem[X,0x800231DA] -> 0xFFFF
[3913] [M]: 0x800231D8 (0xFFFF55B7) lui a1, 1048565
x11 <- 0xFFFF5000


mem[X,0x800231DC] -> 0x8593
mem[X,0x800231DE] -> 0xAFD5
[3914] [M]: 0x800231DC (0xAFD58593) addi a1, a1, 2813
x11 <- 0xFFFF4AFD


mem[X,0x800231E0] -> 0x0113
mem[X,0x800231E2] -> 0x0000
[3915] [M]: 0x800231E0 (0x00000113) addi sp, zero, 0
x2 <- 0x00000000


mem[X,0x800231E4] -> 0x006F
mem[X,0x800231E6] -> 0x0180
[3916] [M]: 0x800231E4 (0x0180006F) jal zero, 24


mem[X,0x800231FC] -> 0x06E3
mem[X,0x800231FE] -> 0xFEB5
[3917] [M]: 0x800231FC (0xFEB506E3) beq a0, a1, 8172


mem[X,0x800231E8] -> 0x0113
mem[X,0x800231EA] -> 0x0011
[3918] [M]: 0x800231E8 (0x00110113) addi sp, sp, 1
x2 <- 0x00000001


mem[X,0x800231EC] -> 0x006F
mem[X,0x800231EE] -> 0x0240
[3919] [M]: 0x800231EC (0x0240006F) jal zero, 36


mem[X,0x80023210] -> 0xA223
mem[X,0x80023212] -> 0x6220
[3920] [M]: 0x80023210 (0x6220A223) sw sp, 1572(ra)
mem[0x8003988C] <- 0x00000001


mem[X,0x80023214] -> 0x5537
mem[X,0x80023216] -> 0xFFFF
[3921] [M]: 0x80023214 (0xFFFF5537) lui a0, 1048565
x10 <- 0xFFFF5000


mem[X,0x80023218] -> 0x0513
mem[X,0x8002321A] -> 0xAFD5
[3922] [M]: 0x80023218 (0xAFD50513) addi a0, a0, 2813
x10 <- 0xFFFF4AFD


mem[X,0x8002321C] -> 0xB5B7
mem[X,0x8002321E] -> 0x0000
[3923] [M]: 0x8002321C (0x0000B5B7) lui a1, 11
x11 <- 0x0000B000


mem[X,0x80023220] -> 0x8593
mem[X,0x80023222] -> 0x5055
[3924] [M]: 0x80023220 (0x50558593) addi a1, a1, 1285
x11 <- 0x0000B505


mem[X,0x80023224] -> 0x0113
mem[X,0x80023226] -> 0x0000
[3925] [M]: 0x80023224 (0x00000113) addi sp, zero, 0
x2 <- 0x00000000


mem[X,0x80023228] -> 0x006F
mem[X,0x8002322A] -> 0x00C0
[3926] [M]: 0x80023228 (0x00C0006F) jal zero, 12


mem[X,0x80023234] -> 0x0063
mem[X,0x80023236] -> 0x10B5
[3927] [M]: 0x80023234 (0x10B50063) beq a0, a1, 256


mem[X,0x80023238] -> 0x0113
mem[X,0x8002323A] -> 0x0021
[3928] [M]: 0x80023238 (0x00210113) addi sp, sp, 2
x2 <- 0x00000002


mem[X,0x8002323C] -> 0x006F
mem[X,0x8002323E] -> 0x1000
[3929] [M]: 0x8002323C (0x1000006F) jal zero, 256


mem[X,0x8002333C] -> 0xA423
mem[X,0x8002333E] -> 0x6220
[3930] [M]: 0x8002333C (0x6220A423) sw sp, 1576(ra)
mem[0x80039890] <- 0x00000002


mem[X,0x80023340] -> 0xB537
mem[X,0x80023342] -> 0x0000
[3931] [M]: 0x80023340 (0x0000B537) lui a0, 11
x10 <- 0x0000B000


mem[X,0x80023344] -> 0x0513
mem[X,0x80023346] -> 0x5055
[3932] [M]: 0x80023344 (0x50550513) addi a0, a0, 1285
x10 <- 0x0000B505


mem[X,0x80023348] -> 0x0593
mem[X,0x8002334A] -> 0x0030
[3933] [M]: 0x80023348 (0x00300593) addi a1, zero, 3
x11 <- 0x00000003


mem[X,0x8002334C] -> 0x0113
mem[X,0x8002334E] -> 0x0000
[3934] [M]: 0x8002334C (0x00000113) addi sp, zero, 0
x2 <- 0x00000000


mem[X,0x80023350] -> 0x006F
mem[X,0x80023352] -> 0x0140
[3935] [M]: 0x80023350 (0x0140006F) jal zero, 20


mem[X,0x80023364] -> 0x08E3
mem[X,0x80023366] -> 0xFEB5
[3936] [M]: 0x80023364 (0xFEB508E3) beq a0, a1, 8176


mem[X,0x80023368] -> 0x0113
mem[X,0x8002336A] -> 0x0021
[3937] [M]: 0x80023368 (0x00210113) addi sp, sp, 2
x2 <- 0x00000002


mem[X,0x8002336C] -> 0x006F
mem[X,0x8002336E] -> 0x00C0
[3938] [M]: 0x8002336C (0x00C0006F) jal zero, 12


mem[X,0x80023378] -> 0xA623
mem[X,0x8002337A] -> 0x6220
[3939] [M]: 0x80023378 (0x6220A623) sw sp, 1580(ra)
mem[0x80039894] <- 0x00000002


mem[X,0x8002337C] -> 0xB537
mem[X,0x8002337E] -> 0x0000
[3940] [M]: 0x8002337C (0x0000B537) lui a0, 11
x10 <- 0x0000B000


mem[X,0x80023380] -> 0x0513
mem[X,0x80023382] -> 0x5055
[3941] [M]: 0x80023380 (0x50550513) addi a0, a0, 1285
x10 <- 0x0000B505


mem[X,0x80023384] -> 0x55B7
mem[X,0x80023386] -> 0x5555
[3942] [M]: 0x80023384 (0x555555B7) lui a1, 349525
x11 <- 0x55555000


mem[X,0x80023388] -> 0x8593
mem[X,0x8002338A] -> 0x5555
[3943] [M]: 0x80023388 (0x55558593) addi a1, a1, 1365
x11 <- 0x55555555


mem[X,0x8002338C] -> 0x0113
mem[X,0x8002338E] -> 0x0000
[3944] [M]: 0x8002338C (0x00000113) addi sp, zero, 0
x2 <- 0x00000000


mem[X,0x80023390] -> 0x006F
mem[X,0x80023392] -> 0x00C0
[3945] [M]: 0x80023390 (0x00C0006F) jal zero, 12


mem[X,0x8002339C] -> 0x0CE3
mem[X,0x8002339E] -> 0xFEB5
[3946] [M]: 0x8002339C (0xFEB50CE3) beq a0, a1, 8184


mem[X,0x800233A0] -> 0x0113
mem[X,0x800233A2] -> 0x0021
[3947] [M]: 0x800233A0 (0x00210113) addi sp, sp, 2
x2 <- 0x00000002


mem[X,0x800233A4] -> 0x006F
mem[X,0x800233A6] -> 0x00C0
[3948] [M]: 0x800233A4 (0x00C0006F) jal zero, 12


mem[X,0x800233B0] -> 0xA823
mem[X,0x800233B2] -> 0x6220
[3949] [M]: 0x800233B0 (0x6220A823) sw sp, 1584(ra)
mem[0x80039898] <- 0x00000002


mem[X,0x800233B4] -> 0xB537
mem[X,0x800233B6] -> 0x0000
[3950] [M]: 0x800233B4 (0x0000B537) lui a0, 11
x10 <- 0x0000B000


mem[X,0x800233B8] -> 0x0513
mem[X,0x800233BA] -> 0x5055
[3951] [M]: 0x800233B8 (0x50550513) addi a0, a0, 1285
x10 <- 0x0000B505


mem[X,0x800233BC] -> 0xB5B7
mem[X,0x800233BE] -> 0xAAAA
[3952] [M]: 0x800233BC (0xAAAAB5B7) lui a1, 699051
x11 <- 0xAAAAB000


mem[X,0x800233C0] -> 0x8593
mem[X,0x800233C2] -> 0xAAA5
[3953] [M]: 0x800233C0 (0xAAA58593) addi a1, a1, 2730
x11 <- 0xAAAAAAAA


mem[X,0x800233C4] -> 0x0113
mem[X,0x800233C6] -> 0x0000
[3954] [M]: 0x800233C4 (0x00000113) addi sp, zero, 0
x2 <- 0x00000000


mem[X,0x800233C8] -> 0x006F
mem[X,0x800233CA] -> 0x2B10
[3955] [M]: 0x800233C8 (0x2B10006F) jal zero, 2736


mem[X,0x80023E78] -> 0x0A63
mem[X,0x80023E7A] -> 0xD4B5
[3956] [M]: 0x80023E78 (0xD4B50A63) beq a0, a1, 5460


mem[X,0x80023E7C] -> 0x0113
mem[X,0x80023E7E] -> 0x0021
[3957] [M]: 0x80023E7C (0x00210113) addi sp, sp, 2
x2 <- 0x00000002


mem[X,0x80023E80] -> 0x006F
mem[X,0x80023E82] -> 0x00C0
[3958] [M]: 0x80023E80 (0x00C0006F) jal zero, 12


mem[X,0x80023E8C] -> 0xAA23
mem[X,0x80023E8E] -> 0x6220
[3959] [M]: 0x80023E8C (0x6220AA23) sw sp, 1588(ra)
mem[0x8003989C] <- 0x00000002


mem[X,0x80023E90] -> 0xB537
mem[X,0x80023E92] -> 0x0000
[3960] [M]: 0x80023E90 (0x0000B537) lui a0, 11
x10 <- 0x0000B000


mem[X,0x80023E94] -> 0x0513
mem[X,0x80023E96] -> 0x5055
[3961] [M]: 0x80023E94 (0x50550513) addi a0, a0, 1285
x10 <- 0x0000B505


mem[X,0x80023E98] -> 0x0593
mem[X,0x80023E9A] -> 0x0050
[3962] [M]: 0x80023E98 (0x00500593) addi a1, zero, 5
x11 <- 0x00000005


mem[X,0x80023E9C] -> 0x0113
mem[X,0x80023E9E] -> 0x0000
[3963] [M]: 0x80023E9C (0x00000113) addi sp, zero, 0
x2 <- 0x00000000


mem[X,0x80023EA0] -> 0x006F
mem[X,0x80023EA2] -> 0x00C0
[3964] [M]: 0x80023EA0 (0x00C0006F) jal zero, 12


mem[X,0x80023EAC] -> 0x0063
mem[X,0x80023EAE] -> 0x08B5
[3965] [M]: 0x80023EAC (0x08B50063) beq a0, a1, 128


mem[X,0x80023EB0] -> 0x0113
mem[X,0x80023EB2] -> 0x0021
[3966] [M]: 0x80023EB0 (0x00210113) addi sp, sp, 2
x2 <- 0x00000002


mem[X,0x80023EB4] -> 0x006F
mem[X,0x80023EB6] -> 0x0800
[3967] [M]: 0x80023EB4 (0x0800006F) jal zero, 128


mem[X,0x80023F34] -> 0xAC23
mem[X,0x80023F36] -> 0x6220
[3968] [M]: 0x80023F34 (0x6220AC23) sw sp, 1592(ra)
mem[0x800398A0] <- 0x00000002


mem[X,0x80023F38] -> 0xB537
mem[X,0x80023F3A] -> 0x0000
[3969] [M]: 0x80023F38 (0x0000B537) lui a0, 11
x10 <- 0x0000B000


mem[X,0x80023F3C] -> 0x0513
mem[X,0x80023F3E] -> 0x5055
[3970] [M]: 0x80023F3C (0x50550513) addi a0, a0, 1285
x10 <- 0x0000B505


mem[X,0x80023F40] -> 0x35B7
mem[X,0x80023F42] -> 0x3333
[3971] [M]: 0x80023F40 (0x333335B7) lui a1, 209715
x11 <- 0x33333000


mem[X,0x80023F44] -> 0x8593
mem[X,0x80023F46] -> 0x3335
[3972] [M]: 0x80023F44 (0x33358593) addi a1, a1, 819
x11 <- 0x33333333


mem[X,0x80023F48] -> 0x0113
mem[X,0x80023F4A] -> 0x0000
[3973] [M]: 0x80023F48 (0x00000113) addi sp, zero, 0
x2 <- 0x00000000


mem[X,0x80023F4C] -> 0x006F
mem[X,0x80023F4E] -> 0x00C0
[3974] [M]: 0x80023F4C (0x00C0006F) jal zero, 12


mem[X,0x80023F58] -> 0x0CE3
mem[X,0x80023F5A] -> 0xFEB5
[3975] [M]: 0x80023F58 (0xFEB50CE3) beq a0, a1, 8184


mem[X,0x80023F5C] -> 0x0113
mem[X,0x80023F5E] -> 0x0021
[3976] [M]: 0x80023F5C (0x00210113) addi sp, sp, 2
x2 <- 0x00000002


mem[X,0x80023F60] -> 0x006F
mem[X,0x80023F62] -> 0x00C0
[3977] [M]: 0x80023F60 (0x00C0006F) jal zero, 12


mem[X,0x80023F6C] -> 0xAE23
mem[X,0x80023F6E] -> 0x6220
[3978] [M]: 0x80023F6C (0x6220AE23) sw sp, 1596(ra)
mem[0x800398A4] <- 0x00000002


mem[X,0x80023F70] -> 0xB537
mem[X,0x80023F72] -> 0x0000
[3979] [M]: 0x80023F70 (0x0000B537) lui a0, 11
x10 <- 0x0000B000


mem[X,0x80023F74] -> 0x0513
mem[X,0x80023F76] -> 0x5055
[3980] [M]: 0x80023F74 (0x50550513) addi a0, a0, 1285
x10 <- 0x0000B505


mem[X,0x80023F78] -> 0x65B7
mem[X,0x80023F7A] -> 0x6666
[3981] [M]: 0x80023F78 (0x666665B7) lui a1, 419430
x11 <- 0x66666000


mem[X,0x80023F7C] -> 0x8593
mem[X,0x80023F7E] -> 0x6665
[3982] [M]: 0x80023F7C (0x66658593) addi a1, a1, 1638
x11 <- 0x66666666


mem[X,0x80023F80] -> 0x0113
mem[X,0x80023F82] -> 0x0000
[3983] [M]: 0x80023F80 (0x00000113) addi sp, zero, 0
x2 <- 0x00000000


mem[X,0x80023F84] -> 0x006F
mem[X,0x80023F86] -> 0x00C0
[3984] [M]: 0x80023F84 (0x00C0006F) jal zero, 12


mem[X,0x80023F90] -> 0x0063
mem[X,0x80023F92] -> 0x40B5
[3985] [M]: 0x80023F90 (0x40B50063) beq a0, a1, 1024


mem[X,0x80023F94] -> 0x0113
mem[X,0x80023F96] -> 0x0021
[3986] [M]: 0x80023F94 (0x00210113) addi sp, sp, 2
x2 <- 0x00000002


mem[X,0x80023F98] -> 0x006F
mem[X,0x80023F9A] -> 0x4000
[3987] [M]: 0x80023F98 (0x4000006F) jal zero, 1024


mem[X,0x80024398] -> 0xA023
mem[X,0x8002439A] -> 0x6420
[3988] [M]: 0x80024398 (0x6420A023) sw sp, 1600(ra)
mem[0x800398A8] <- 0x00000002


mem[X,0x8002439C] -> 0xB537
mem[X,0x8002439E] -> 0x0000
[3989] [M]: 0x8002439C (0x0000B537) lui a0, 11
x10 <- 0x0000B000


mem[X,0x800243A0] -> 0x0513
mem[X,0x800243A2] -> 0x5055
[3990] [M]: 0x800243A0 (0x50550513) addi a0, a0, 1285
x10 <- 0x0000B505


mem[X,0x800243A4] -> 0x55B7
mem[X,0x800243A6] -> 0xFFFF
[3991] [M]: 0x800243A4 (0xFFFF55B7) lui a1, 1048565
x11 <- 0xFFFF5000


mem[X,0x800243A8] -> 0x8593
mem[X,0x800243AA] -> 0xAFC5
[3992] [M]: 0x800243A8 (0xAFC58593) addi a1, a1, 2812
x11 <- 0xFFFF4AFC


mem[X,0x800243AC] -> 0x0113
mem[X,0x800243AE] -> 0x0000
[3993] [M]: 0x800243AC (0x00000113) addi sp, zero, 0
x2 <- 0x00000000


mem[X,0x800243B0] -> 0x006F
mem[X,0x800243B2] -> 0x00C0
[3994] [M]: 0x800243B0 (0x00C0006F) jal zero, 12


mem[X,0x800243BC] -> 0x0863
mem[X,0x800243BE] -> 0x00B5
[3995] [M]: 0x800243BC (0x00B50863) beq a0, a1, 16


mem[X,0x800243C0] -> 0x0113
mem[X,0x800243C2] -> 0x0021
[3996] [M]: 0x800243C0 (0x00210113) addi sp, sp, 2
x2 <- 0x00000002


mem[X,0x800243C4] -> 0x006F
mem[X,0x800243C6] -> 0x0100
[3997] [M]: 0x800243C4 (0x0100006F) jal zero, 16


mem[X,0x800243D4] -> 0xA223
mem[X,0x800243D6] -> 0x6420
[3998] [M]: 0x800243D4 (0x6420A223) sw sp, 1604(ra)
mem[0x800398AC] <- 0x00000002


mem[X,0x800243D8] -> 0xB537
mem[X,0x800243DA] -> 0x0000
[3999] [M]: 0x800243D8 (0x0000B537) lui a0, 11
x10 <- 0x0000B000


clint::tick mtime <- 0x0000000000000028
 clint timer pending at mtime 0x0000000000000028
htif::tick 0x0000000000000000
mem[X,0x800243DC] -> 0x0513
mem[X,0x800243DE] -> 0x5055
[4000] [M]: 0x800243DC (0x50550513) addi a0, a0, 1285
x10 <- 0x0000B505


mem[X,0x800243E0] -> 0xB5B7
mem[X,0x800243E2] -> 0x0000
[4001] [M]: 0x800243E0 (0x0000B5B7) lui a1, 11
x11 <- 0x0000B000


mem[X,0x800243E4] -> 0x8593
mem[X,0x800243E6] -> 0x5045
[4002] [M]: 0x800243E4 (0x50458593) addi a1, a1, 1284
x11 <- 0x0000B504


mem[X,0x800243E8] -> 0x0113
mem[X,0x800243EA] -> 0x0000
[4003] [M]: 0x800243E8 (0x00000113) addi sp, zero, 0
x2 <- 0x00000000


mem[X,0x800243EC] -> 0x006F
mem[X,0x800243EE] -> 0x0180
[4004] [M]: 0x800243EC (0x0180006F) jal zero, 24


mem[X,0x80024404] -> 0x06E3
mem[X,0x80024406] -> 0xFEB5
[4005] [M]: 0x80024404 (0xFEB506E3) beq a0, a1, 8172


mem[X,0x80024408] -> 0x0113
mem[X,0x8002440A] -> 0x0021
[4006] [M]: 0x80024408 (0x00210113) addi sp, sp, 2
x2 <- 0x00000002


mem[X,0x8002440C] -> 0x006F
mem[X,0x8002440E] -> 0x00C0
[4007] [M]: 0x8002440C (0x00C0006F) jal zero, 12


mem[X,0x80024418] -> 0xA423
mem[X,0x8002441A] -> 0x6420
[4008] [M]: 0x80024418 (0x6420A423) sw sp, 1608(ra)
mem[0x800398B0] <- 0x00000002


mem[X,0x8002441C] -> 0xB537
mem[X,0x8002441E] -> 0x0000
[4009] [M]: 0x8002441C (0x0000B537) lui a0, 11
x10 <- 0x0000B000


mem[X,0x80024420] -> 0x0513
mem[X,0x80024422] -> 0x5055
[4010] [M]: 0x80024420 (0x50550513) addi a0, a0, 1285
x10 <- 0x0000B505


mem[X,0x80024424] -> 0x0593
mem[X,0x80024426] -> 0x0020
[4011] [M]: 0x80024424 (0x00200593) addi a1, zero, 2
x11 <- 0x00000002


mem[X,0x80024428] -> 0x0113
mem[X,0x8002442A] -> 0x0000
[4012] [M]: 0x80024428 (0x00000113) addi sp, zero, 0
x2 <- 0x00000000


mem[X,0x8002442C] -> 0x006F
mem[X,0x8002442E] -> 0x00C0
[4013] [M]: 0x8002442C (0x00C0006F) jal zero, 12


mem[X,0x80024438] -> 0x0CE3
mem[X,0x8002443A] -> 0xFEB5
[4014] [M]: 0x80024438 (0xFEB50CE3) beq a0, a1, 8184


mem[X,0x8002443C] -> 0x0113
mem[X,0x8002443E] -> 0x0021
[4015] [M]: 0x8002443C (0x00210113) addi sp, sp, 2
x2 <- 0x00000002


mem[X,0x80024440] -> 0x006F
mem[X,0x80024442] -> 0x00C0
[4016] [M]: 0x80024440 (0x00C0006F) jal zero, 12


mem[X,0x8002444C] -> 0xA623
mem[X,0x8002444E] -> 0x6420
[4017] [M]: 0x8002444C (0x6420A623) sw sp, 1612(ra)
mem[0x800398B4] <- 0x00000002


mem[X,0x80024450] -> 0xB537
mem[X,0x80024452] -> 0x0000
[4018] [M]: 0x80024450 (0x0000B537) lui a0, 11
x10 <- 0x0000B000


mem[X,0x80024454] -> 0x0513
mem[X,0x80024456] -> 0x5055
[4019] [M]: 0x80024454 (0x50550513) addi a0, a0, 1285
x10 <- 0x0000B505


mem[X,0x80024458] -> 0x55B7
mem[X,0x8002445A] -> 0x5555
[4020] [M]: 0x80024458 (0x555555B7) lui a1, 349525
x11 <- 0x55555000


mem[X,0x8002445C] -> 0x8593
mem[X,0x8002445E] -> 0x5545
[4021] [M]: 0x8002445C (0x55458593) addi a1, a1, 1364
x11 <- 0x55555554


mem[X,0x80024460] -> 0x0113
mem[X,0x80024462] -> 0x0000
[4022] [M]: 0x80024460 (0x00000113) addi sp, zero, 0
x2 <- 0x00000000


mem[X,0x80024464] -> 0x006F
mem[X,0x80024466] -> 0x00C0
[4023] [M]: 0x80024464 (0x00C0006F) jal zero, 12


mem[X,0x80024470] -> 0x0663
mem[X,0x80024472] -> 0x00B5
[4024] [M]: 0x80024470 (0x00B50663) beq a0, a1, 12


mem[X,0x80024474] -> 0x0113
mem[X,0x80024476] -> 0x0021
[4025] [M]: 0x80024474 (0x00210113) addi sp, sp, 2
x2 <- 0x00000002


mem[X,0x80024478] -> 0x006F
mem[X,0x8002447A] -> 0x00C0
[4026] [M]: 0x80024478 (0x00C0006F) jal zero, 12


mem[X,0x80024484] -> 0xA823
mem[X,0x80024486] -> 0x6420
[4027] [M]: 0x80024484 (0x6420A823) sw sp, 1616(ra)
mem[0x800398B8] <- 0x00000002


mem[X,0x80024488] -> 0xB537
mem[X,0x8002448A] -> 0x0000
[4028] [M]: 0x80024488 (0x0000B537) lui a0, 11
x10 <- 0x0000B000


mem[X,0x8002448C] -> 0x0513
mem[X,0x8002448E] -> 0x5055
[4029] [M]: 0x8002448C (0x50550513) addi a0, a0, 1285
x10 <- 0x0000B505


mem[X,0x80024490] -> 0x0593
mem[X,0x80024492] -> 0x0000
[4030] [M]: 0x80024490 (0x00000593) addi a1, zero, 0
x11 <- 0x00000000


mem[X,0x80024494] -> 0x0113
mem[X,0x80024496] -> 0x0000
[4031] [M]: 0x80024494 (0x00000113) addi sp, zero, 0
x2 <- 0x00000000


mem[X,0x80024498] -> 0x006F
mem[X,0x8002449A] -> 0x00C0
[4032] [M]: 0x80024498 (0x00C0006F) jal zero, 12


mem[X,0x800244A4] -> 0x0663
mem[X,0x800244A6] -> 0x00B5
[4033] [M]: 0x800244A4 (0x00B50663) beq a0, a1, 12


mem[X,0x800244A8] -> 0x0113
mem[X,0x800244AA] -> 0x0021
[4034] [M]: 0x800244A8 (0x00210113) addi sp, sp, 2
x2 <- 0x00000002


mem[X,0x800244AC] -> 0x006F
mem[X,0x800244AE] -> 0x00C0
[4035] [M]: 0x800244AC (0x00C0006F) jal zero, 12


mem[X,0x800244B8] -> 0xAA23
mem[X,0x800244BA] -> 0x6420
[4036] [M]: 0x800244B8 (0x6420AA23) sw sp, 1620(ra)
mem[0x800398BC] <- 0x00000002


mem[X,0x800244BC] -> 0xB537
mem[X,0x800244BE] -> 0x0000
[4037] [M]: 0x800244BC (0x0000B537) lui a0, 11
x10 <- 0x0000B000


mem[X,0x800244C0] -> 0x0513
mem[X,0x800244C2] -> 0x5055
[4038] [M]: 0x800244C0 (0x50550513) addi a0, a0, 1285
x10 <- 0x0000B505


mem[X,0x800244C4] -> 0x0593
mem[X,0x800244C6] -> 0x0040
[4039] [M]: 0x800244C4 (0x00400593) addi a1, zero, 4
x11 <- 0x00000004


mem[X,0x800244C8] -> 0x0113
mem[X,0x800244CA] -> 0x0000
[4040] [M]: 0x800244C8 (0x00000113) addi sp, zero, 0
x2 <- 0x00000000


mem[X,0x800244CC] -> 0x006F
mem[X,0x800244CE] -> 0x00C0
[4041] [M]: 0x800244CC (0x00C0006F) jal zero, 12


mem[X,0x800244D8] -> 0x0663
mem[X,0x800244DA] -> 0x00B5
[4042] [M]: 0x800244D8 (0x00B50663) beq a0, a1, 12


mem[X,0x800244DC] -> 0x0113
mem[X,0x800244DE] -> 0x0021
[4043] [M]: 0x800244DC (0x00210113) addi sp, sp, 2
x2 <- 0x00000002


mem[X,0x800244E0] -> 0x006F
mem[X,0x800244E2] -> 0x00C0
[4044] [M]: 0x800244E0 (0x00C0006F) jal zero, 12


mem[X,0x800244EC] -> 0xAC23
mem[X,0x800244EE] -> 0x6420
[4045] [M]: 0x800244EC (0x6420AC23) sw sp, 1624(ra)
mem[0x800398C0] <- 0x00000002


mem[X,0x800244F0] -> 0xB537
mem[X,0x800244F2] -> 0x0000
[4046] [M]: 0x800244F0 (0x0000B537) lui a0, 11
x10 <- 0x0000B000


mem[X,0x800244F4] -> 0x0513
mem[X,0x800244F6] -> 0x5055
[4047] [M]: 0x800244F4 (0x50550513) addi a0, a0, 1285
x10 <- 0x0000B505


mem[X,0x800244F8] -> 0x35B7
mem[X,0x800244FA] -> 0x3333
[4048] [M]: 0x800244F8 (0x333335B7) lui a1, 209715
x11 <- 0x33333000


mem[X,0x800244FC] -> 0x8593
mem[X,0x800244FE] -> 0x3325
[4049] [M]: 0x800244FC (0x33258593) addi a1, a1, 818
x11 <- 0x33333332


mem[X,0x80024500] -> 0x0113
mem[X,0x80024502] -> 0x0000
[4050] [M]: 0x80024500 (0x00000113) addi sp, zero, 0
x2 <- 0x00000000


mem[X,0x80024504] -> 0x006F
mem[X,0x80024506] -> 0x0140
[4051] [M]: 0x80024504 (0x0140006F) jal zero, 20


mem[X,0x80024518] -> 0x08E3
mem[X,0x8002451A] -> 0xFEB5
[4052] [M]: 0x80024518 (0xFEB508E3) beq a0, a1, 8176


mem[X,0x8002451C] -> 0x0113
mem[X,0x8002451E] -> 0x0021
[4053] [M]: 0x8002451C (0x00210113) addi sp, sp, 2
x2 <- 0x00000002


mem[X,0x80024520] -> 0x006F
mem[X,0x80024522] -> 0x00C0
[4054] [M]: 0x80024520 (0x00C0006F) jal zero, 12


mem[X,0x8002452C] -> 0xAE23
mem[X,0x8002452E] -> 0x6420
[4055] [M]: 0x8002452C (0x6420AE23) sw sp, 1628(ra)
mem[0x800398C4] <- 0x00000002


mem[X,0x80024530] -> 0xB537
mem[X,0x80024532] -> 0x0000
[4056] [M]: 0x80024530 (0x0000B537) lui a0, 11
x10 <- 0x0000B000


mem[X,0x80024534] -> 0x0513
mem[X,0x80024536] -> 0x5055
[4057] [M]: 0x80024534 (0x50550513) addi a0, a0, 1285
x10 <- 0x0000B505


mem[X,0x80024538] -> 0x65B7
mem[X,0x8002453A] -> 0x6666
[4058] [M]: 0x80024538 (0x666665B7) lui a1, 419430
x11 <- 0x66666000


mem[X,0x8002453C] -> 0x8593
mem[X,0x8002453E] -> 0x6655
[4059] [M]: 0x8002453C (0x66558593) addi a1, a1, 1637
x11 <- 0x66666665


mem[X,0x80024540] -> 0x0113
mem[X,0x80024542] -> 0x0000
[4060] [M]: 0x80024540 (0x00000113) addi sp, zero, 0
x2 <- 0x00000000


mem[X,0x80024544] -> 0x006F
mem[X,0x80024546] -> 0x2B10
[4061] [M]: 0x80024544 (0x2B10006F) jal zero, 2736


mem[X,0x80024FF4] -> 0x0A63
mem[X,0x80024FF6] -> 0xD4B5
[4062] [M]: 0x80024FF4 (0xD4B50A63) beq a0, a1, 5460


mem[X,0x80024FF8] -> 0x0113
mem[X,0x80024FFA] -> 0x0021
[4063] [M]: 0x80024FF8 (0x00210113) addi sp, sp, 2
x2 <- 0x00000002


mem[X,0x80024FFC] -> 0x006F
mem[X,0x80024FFE] -> 0x00C0
[4064] [M]: 0x80024FFC (0x00C0006F) jal zero, 12


mem[X,0x80025008] -> 0xA023
mem[X,0x8002500A] -> 0x6620
[4065] [M]: 0x80025008 (0x6620A023) sw sp, 1632(ra)
mem[0x800398C8] <- 0x00000002


mem[X,0x8002500C] -> 0xB537
mem[X,0x8002500E] -> 0x0000
[4066] [M]: 0x8002500C (0x0000B537) lui a0, 11
x10 <- 0x0000B000


mem[X,0x80025010] -> 0x0513
mem[X,0x80025012] -> 0x5055
[4067] [M]: 0x80025010 (0x50550513) addi a0, a0, 1285
x10 <- 0x0000B505


mem[X,0x80025014] -> 0xB5B7
mem[X,0x80025016] -> 0x0000
[4068] [M]: 0x80025014 (0x0000B5B7) lui a1, 11
x11 <- 0x0000B000


mem[X,0x80025018] -> 0x8593
mem[X,0x8002501A] -> 0x5035
[4069] [M]: 0x80025018 (0x50358593) addi a1, a1, 1283
x11 <- 0x0000B503


mem[X,0x8002501C] -> 0x0113
mem[X,0x8002501E] -> 0x0000
[4070] [M]: 0x8002501C (0x00000113) addi sp, zero, 0
x2 <- 0x00000000


mem[X,0x80025020] -> 0x006F
mem[X,0x80025022] -> 0x00C0
[4071] [M]: 0x80025020 (0x00C0006F) jal zero, 12


mem[X,0x8002502C] -> 0x0663
mem[X,0x8002502E] -> 0x00B5
[4072] [M]: 0x8002502C (0x00B50663) beq a0, a1, 12


mem[X,0x80025030] -> 0x0113
mem[X,0x80025032] -> 0x0021
[4073] [M]: 0x80025030 (0x00210113) addi sp, sp, 2
x2 <- 0x00000002


mem[X,0x80025034] -> 0x006F
mem[X,0x80025036] -> 0x00C0
[4074] [M]: 0x80025034 (0x00C0006F) jal zero, 12


mem[X,0x80025040] -> 0xA223
mem[X,0x80025042] -> 0x6620
[4075] [M]: 0x80025040 (0x6620A223) sw sp, 1636(ra)
mem[0x800398CC] <- 0x00000002


mem[X,0x80025044] -> 0xB537
mem[X,0x80025046] -> 0x0000
[4076] [M]: 0x80025044 (0x0000B537) lui a0, 11
x10 <- 0x0000B000


mem[X,0x80025048] -> 0x0513
mem[X,0x8002504A] -> 0x5055
[4077] [M]: 0x80025048 (0x50550513) addi a0, a0, 1285
x10 <- 0x0000B505


mem[X,0x8002504C] -> 0x55B7
mem[X,0x8002504E] -> 0x5555
[4078] [M]: 0x8002504C (0x555555B7) lui a1, 349525
x11 <- 0x55555000


mem[X,0x80025050] -> 0x8593
mem[X,0x80025052] -> 0x5565
[4079] [M]: 0x80025050 (0x55658593) addi a1, a1, 1366
x11 <- 0x55555556


mem[X,0x80025054] -> 0x0113
mem[X,0x80025056] -> 0x0000
[4080] [M]: 0x80025054 (0x00000113) addi sp, zero, 0
x2 <- 0x00000000


mem[X,0x80025058] -> 0x006F
mem[X,0x8002505A] -> 0x00C0
[4081] [M]: 0x80025058 (0x00C0006F) jal zero, 12


mem[X,0x80025064] -> 0x0063
mem[X,0x80025066] -> 0x20B5
[4082] [M]: 0x80025064 (0x20B50063) beq a0, a1, 512


mem[X,0x80025068] -> 0x0113
mem[X,0x8002506A] -> 0x0021
[4083] [M]: 0x80025068 (0x00210113) addi sp, sp, 2
x2 <- 0x00000002


mem[X,0x8002506C] -> 0x006F
mem[X,0x8002506E] -> 0x2000
[4084] [M]: 0x8002506C (0x2000006F) jal zero, 512


mem[X,0x8002526C] -> 0xA423
mem[X,0x8002526E] -> 0x6620
[4085] [M]: 0x8002526C (0x6620A423) sw sp, 1640(ra)
mem[0x800398D0] <- 0x00000002


mem[X,0x80025270] -> 0xB537
mem[X,0x80025272] -> 0x0000
[4086] [M]: 0x80025270 (0x0000B537) lui a0, 11
x10 <- 0x0000B000


mem[X,0x80025274] -> 0x0513
mem[X,0x80025276] -> 0x5055
[4087] [M]: 0x80025274 (0x50550513) addi a0, a0, 1285
x10 <- 0x0000B505


mem[X,0x80025278] -> 0xB5B7
mem[X,0x8002527A] -> 0xAAAA
[4088] [M]: 0x80025278 (0xAAAAB5B7) lui a1, 699051
x11 <- 0xAAAAB000


mem[X,0x8002527C] -> 0x8593
mem[X,0x8002527E] -> 0xAAB5
[4089] [M]: 0x8002527C (0xAAB58593) addi a1, a1, 2731
x11 <- 0xAAAAAAAB


mem[X,0x80025280] -> 0x0113
mem[X,0x80025282] -> 0x0000
[4090] [M]: 0x80025280 (0x00000113) addi sp, zero, 0
x2 <- 0x00000000


mem[X,0x80025284] -> 0x006F
mem[X,0x80025286] -> 0x00C0
[4091] [M]: 0x80025284 (0x00C0006F) jal zero, 12


mem[X,0x80025290] -> 0x0863
mem[X,0x80025292] -> 0x00B5
[4092] [M]: 0x80025290 (0x00B50863) beq a0, a1, 16


mem[X,0x80025294] -> 0x0113
mem[X,0x80025296] -> 0x0021
[4093] [M]: 0x80025294 (0x00210113) addi sp, sp, 2
x2 <- 0x00000002


mem[X,0x80025298] -> 0x006F
mem[X,0x8002529A] -> 0x0100
[4094] [M]: 0x80025298 (0x0100006F) jal zero, 16


mem[X,0x800252A8] -> 0xA623
mem[X,0x800252AA] -> 0x6620
[4095] [M]: 0x800252A8 (0x6620A623) sw sp, 1644(ra)
mem[0x800398D4] <- 0x00000002


mem[X,0x800252AC] -> 0xB537
mem[X,0x800252AE] -> 0x0000
[4096] [M]: 0x800252AC (0x0000B537) lui a0, 11
x10 <- 0x0000B000


mem[X,0x800252B0] -> 0x0513
mem[X,0x800252B2] -> 0x5055
[4097] [M]: 0x800252B0 (0x50550513) addi a0, a0, 1285
x10 <- 0x0000B505


mem[X,0x800252B4] -> 0x0593
mem[X,0x800252B6] -> 0x0060
[4098] [M]: 0x800252B4 (0x00600593) addi a1, zero, 6
x11 <- 0x00000006


mem[X,0x800252B8] -> 0x0113
mem[X,0x800252BA] -> 0x0000
[4099] [M]: 0x800252B8 (0x00000113) addi sp, zero, 0
x2 <- 0x00000000


clint::tick mtime <- 0x0000000000000029
 clint timer pending at mtime 0x0000000000000029
htif::tick 0x0000000000000000
mem[X,0x800252BC] -> 0x006F
mem[X,0x800252BE] -> 0x00C0
[4100] [M]: 0x800252BC (0x00C0006F) jal zero, 12


mem[X,0x800252C8] -> 0x0663
mem[X,0x800252CA] -> 0x00B5
[4101] [M]: 0x800252C8 (0x00B50663) beq a0, a1, 12


mem[X,0x800252CC] -> 0x0113
mem[X,0x800252CE] -> 0x0021
[4102] [M]: 0x800252CC (0x00210113) addi sp, sp, 2
x2 <- 0x00000002


mem[X,0x800252D0] -> 0x006F
mem[X,0x800252D2] -> 0x00C0
[4103] [M]: 0x800252D0 (0x00C0006F) jal zero, 12


mem[X,0x800252DC] -> 0xA823
mem[X,0x800252DE] -> 0x6620
[4104] [M]: 0x800252DC (0x6620A823) sw sp, 1648(ra)
mem[0x800398D8] <- 0x00000002


mem[X,0x800252E0] -> 0xB537
mem[X,0x800252E2] -> 0x0000
[4105] [M]: 0x800252E0 (0x0000B537) lui a0, 11
x10 <- 0x0000B000


mem[X,0x800252E4] -> 0x0513
mem[X,0x800252E6] -> 0x5055
[4106] [M]: 0x800252E4 (0x50550513) addi a0, a0, 1285
x10 <- 0x0000B505


mem[X,0x800252E8] -> 0x35B7
mem[X,0x800252EA] -> 0x3333
[4107] [M]: 0x800252E8 (0x333335B7) lui a1, 209715
x11 <- 0x33333000


mem[X,0x800252EC] -> 0x8593
mem[X,0x800252EE] -> 0x3345
[4108] [M]: 0x800252EC (0x33458593) addi a1, a1, 820
x11 <- 0x33333334


mem[X,0x800252F0] -> 0x0113
mem[X,0x800252F2] -> 0x0000
[4109] [M]: 0x800252F0 (0x00000113) addi sp, zero, 0
x2 <- 0x00000000


mem[X,0x800252F4] -> 0x006F
mem[X,0x800252F6] -> 0x00C0
[4110] [M]: 0x800252F4 (0x00C0006F) jal zero, 12


mem[X,0x80025300] -> 0x0663
mem[X,0x80025302] -> 0x00B5
[4111] [M]: 0x80025300 (0x00B50663) beq a0, a1, 12


mem[X,0x80025304] -> 0x0113
mem[X,0x80025306] -> 0x0021
[4112] [M]: 0x80025304 (0x00210113) addi sp, sp, 2
x2 <- 0x00000002


mem[X,0x80025308] -> 0x006F
mem[X,0x8002530A] -> 0x00C0
[4113] [M]: 0x80025308 (0x00C0006F) jal zero, 12


mem[X,0x80025314] -> 0xAA23
mem[X,0x80025316] -> 0x6620
[4114] [M]: 0x80025314 (0x6620AA23) sw sp, 1652(ra)
mem[0x800398DC] <- 0x00000002


mem[X,0x80025318] -> 0xB537
mem[X,0x8002531A] -> 0x0000
[4115] [M]: 0x80025318 (0x0000B537) lui a0, 11
x10 <- 0x0000B000


mem[X,0x8002531C] -> 0x0513
mem[X,0x8002531E] -> 0x5055
[4116] [M]: 0x8002531C (0x50550513) addi a0, a0, 1285
x10 <- 0x0000B505


mem[X,0x80025320] -> 0x65B7
mem[X,0x80025322] -> 0x6666
[4117] [M]: 0x80025320 (0x666665B7) lui a1, 419430
x11 <- 0x66666000


mem[X,0x80025324] -> 0x8593
mem[X,0x80025326] -> 0x6675
[4118] [M]: 0x80025324 (0x66758593) addi a1, a1, 1639
x11 <- 0x66666667


mem[X,0x80025328] -> 0x0113
mem[X,0x8002532A] -> 0x0000
[4119] [M]: 0x80025328 (0x00000113) addi sp, zero, 0
x2 <- 0x00000000


mem[X,0x8002532C] -> 0x006F
mem[X,0x8002532E] -> 0x00C0
[4120] [M]: 0x8002532C (0x00C0006F) jal zero, 12


mem[X,0x80025338] -> 0x0663
mem[X,0x8002533A] -> 0x00B5
[4121] [M]: 0x80025338 (0x00B50663) beq a0, a1, 12


mem[X,0x8002533C] -> 0x0113
mem[X,0x8002533E] -> 0x0021
[4122] [M]: 0x8002533C (0x00210113) addi sp, sp, 2
x2 <- 0x00000002


mem[X,0x80025340] -> 0x006F
mem[X,0x80025342] -> 0x00C0
[4123] [M]: 0x80025340 (0x00C0006F) jal zero, 12


mem[X,0x8002534C] -> 0xAC23
mem[X,0x8002534E] -> 0x6620
[4124] [M]: 0x8002534C (0x6620AC23) sw sp, 1656(ra)
mem[0x800398E0] <- 0x00000002


mem[X,0x80025350] -> 0xB537
mem[X,0x80025352] -> 0x0000
[4125] [M]: 0x80025350 (0x0000B537) lui a0, 11
x10 <- 0x0000B000


mem[X,0x80025354] -> 0x0513
mem[X,0x80025356] -> 0x5055
[4126] [M]: 0x80025354 (0x50550513) addi a0, a0, 1285
x10 <- 0x0000B505


mem[X,0x80025358] -> 0x55B7
mem[X,0x8002535A] -> 0xFFFF
[4127] [M]: 0x80025358 (0xFFFF55B7) lui a1, 1048565
x11 <- 0xFFFF5000


mem[X,0x8002535C] -> 0x8593
mem[X,0x8002535E] -> 0xAFD5
[4128] [M]: 0x8002535C (0xAFD58593) addi a1, a1, 2813
x11 <- 0xFFFF4AFD


mem[X,0x80025360] -> 0x0113
mem[X,0x80025362] -> 0x0000
[4129] [M]: 0x80025360 (0x00000113) addi sp, zero, 0
x2 <- 0x00000000


mem[X,0x80025364] -> 0x006F
mem[X,0x80025366] -> 0x00C0
[4130] [M]: 0x80025364 (0x00C0006F) jal zero, 12


mem[X,0x80025370] -> 0x0063
mem[X,0x80025372] -> 0x10B5
[4131] [M]: 0x80025370 (0x10B50063) beq a0, a1, 256


mem[X,0x80025374] -> 0x0113
mem[X,0x80025376] -> 0x0021
[4132] [M]: 0x80025374 (0x00210113) addi sp, sp, 2
x2 <- 0x00000002


mem[X,0x80025378] -> 0x006F
mem[X,0x8002537A] -> 0x1000
[4133] [M]: 0x80025378 (0x1000006F) jal zero, 256


mem[X,0x80025478] -> 0xAE23
mem[X,0x8002547A] -> 0x6620
[4134] [M]: 0x80025478 (0x6620AE23) sw sp, 1660(ra)
mem[0x800398E4] <- 0x00000002


mem[X,0x8002547C] -> 0xB537
mem[X,0x8002547E] -> 0x0000
[4135] [M]: 0x8002547C (0x0000B537) lui a0, 11
x10 <- 0x0000B000


mem[X,0x80025480] -> 0x0513
mem[X,0x80025482] -> 0x5055
[4136] [M]: 0x80025480 (0x50550513) addi a0, a0, 1285
x10 <- 0x0000B505


mem[X,0x80025484] -> 0xB5B7
mem[X,0x80025486] -> 0x0000
[4137] [M]: 0x80025484 (0x0000B5B7) lui a1, 11
x11 <- 0x0000B000


mem[X,0x80025488] -> 0x8593
mem[X,0x8002548A] -> 0x5055
[4138] [M]: 0x80025488 (0x50558593) addi a1, a1, 1285
x11 <- 0x0000B505


mem[X,0x8002548C] -> 0x0113
mem[X,0x8002548E] -> 0x0000
[4139] [M]: 0x8002548C (0x00000113) addi sp, zero, 0
x2 <- 0x00000000


mem[X,0x80025490] -> 0x006F
mem[X,0x80025492] -> 0x00C0
[4140] [M]: 0x80025490 (0x00C0006F) jal zero, 12


mem[X,0x8002549C] -> 0x0663
mem[X,0x8002549E] -> 0x00B5
[4141] [M]: 0x8002549C (0x00B50663) beq a0, a1, 12


mem[X,0x800254A8] -> 0x0113
mem[X,0x800254AA] -> 0x0031
[4142] [M]: 0x800254A8 (0x00310113) addi sp, sp, 3
x2 <- 0x00000003


mem[X,0x800254AC] -> 0x006F
mem[X,0x800254AE] -> 0x0040
[4143] [M]: 0x800254AC (0x0040006F) jal zero, 4


mem[X,0x800254B0] -> 0xA023
mem[X,0x800254B2] -> 0x6820
[4144] [M]: 0x800254B0 (0x6820A023) sw sp, 1664(ra)
mem[0x800398E8] <- 0x00000003


mem[X,0x800254B4] -> 0x0513
mem[X,0x800254B6] -> 0x0000
[4145] [M]: 0x800254B4 (0x00000513) addi a0, zero, 0
x10 <- 0x00000000


mem[X,0x800254B8] -> 0x0593
mem[X,0x800254BA] -> 0x0020
[4146] [M]: 0x800254B8 (0x00200593) addi a1, zero, 2
x11 <- 0x00000002


mem[X,0x800254BC] -> 0x0113
mem[X,0x800254BE] -> 0x0000
[4147] [M]: 0x800254BC (0x00000113) addi sp, zero, 0
x2 <- 0x00000000


mem[X,0x800254C0] -> 0x006F
mem[X,0x800254C2] -> 0x00C0
[4148] [M]: 0x800254C0 (0x00C0006F) jal zero, 12


mem[X,0x800254CC] -> 0x0063
mem[X,0x800254CE] -> 0x40B5
[4149] [M]: 0x800254CC (0x40B50063) beq a0, a1, 1024


mem[X,0x800254D0] -> 0x0113
mem[X,0x800254D2] -> 0x0021
[4150] [M]: 0x800254D0 (0x00210113) addi sp, sp, 2
x2 <- 0x00000002


mem[X,0x800254D4] -> 0x006F
mem[X,0x800254D6] -> 0x4000
[4151] [M]: 0x800254D4 (0x4000006F) jal zero, 1024


mem[X,0x800258D4] -> 0xA223
mem[X,0x800258D6] -> 0x6820
[4152] [M]: 0x800258D4 (0x6820A223) sw sp, 1668(ra)
mem[0x800398EC] <- 0x00000002


mem[X,0x800258D8] -> 0x0513
mem[X,0x800258DA] -> 0x0000
[4153] [M]: 0x800258D8 (0x00000513) addi a0, zero, 0
x10 <- 0x00000000


mem[X,0x800258DC] -> 0x55B7
mem[X,0x800258DE] -> 0x5555
[4154] [M]: 0x800258DC (0x555555B7) lui a1, 349525
x11 <- 0x55555000


mem[X,0x800258E0] -> 0x8593
mem[X,0x800258E2] -> 0x5545
[4155] [M]: 0x800258E0 (0x55458593) addi a1, a1, 1364
x11 <- 0x55555554


mem[X,0x800258E4] -> 0x0113
mem[X,0x800258E6] -> 0x0000
[4156] [M]: 0x800258E4 (0x00000113) addi sp, zero, 0
x2 <- 0x00000000


mem[X,0x800258E8] -> 0x006F
mem[X,0x800258EA] -> 0x00C0
[4157] [M]: 0x800258E8 (0x00C0006F) jal zero, 12


mem[X,0x800258F4] -> 0x0663
mem[X,0x800258F6] -> 0x00B5
[4158] [M]: 0x800258F4 (0x00B50663) beq a0, a1, 12


mem[X,0x800258F8] -> 0x0113
mem[X,0x800258FA] -> 0x0021
[4159] [M]: 0x800258F8 (0x00210113) addi sp, sp, 2
x2 <- 0x00000002


mem[X,0x800258FC] -> 0x006F
mem[X,0x800258FE] -> 0x00C0
[4160] [M]: 0x800258FC (0x00C0006F) jal zero, 12


mem[X,0x80025908] -> 0xA423
mem[X,0x8002590A] -> 0x6820
[4161] [M]: 0x80025908 (0x6820A423) sw sp, 1672(ra)
mem[0x800398F0] <- 0x00000002


mem[X,0x8002590C] -> 0x0513
mem[X,0x8002590E] -> 0x0000
[4162] [M]: 0x8002590C (0x00000513) addi a0, zero, 0
x10 <- 0x00000000


mem[X,0x80025910] -> 0x0593
mem[X,0x80025912] -> 0x0000
[4163] [M]: 0x80025910 (0x00000593) addi a1, zero, 0
x11 <- 0x00000000


mem[X,0x80025914] -> 0x0113
mem[X,0x80025916] -> 0x0000
[4164] [M]: 0x80025914 (0x00000113) addi sp, zero, 0
x2 <- 0x00000000


mem[X,0x80025918] -> 0x006F
mem[X,0x8002591A] -> 0x00C0
[4165] [M]: 0x80025918 (0x00C0006F) jal zero, 12


mem[X,0x80025924] -> 0x0063
mem[X,0x80025926] -> 0x40B5
[4166] [M]: 0x80025924 (0x40B50063) beq a0, a1, 1024


mem[X,0x80025D24] -> 0x0113
mem[X,0x80025D26] -> 0x0031
[4167] [M]: 0x80025D24 (0x00310113) addi sp, sp, 3
x2 <- 0x00000003


mem[X,0x80025D28] -> 0x006F
mem[X,0x80025D2A] -> 0x0040
[4168] [M]: 0x80025D28 (0x0040006F) jal zero, 4


mem[X,0x80025D2C] -> 0xA623
mem[X,0x80025D2E] -> 0x6820
[4169] [M]: 0x80025D2C (0x6820A623) sw sp, 1676(ra)
mem[0x800398F4] <- 0x00000003


mem[X,0x80025D30] -> 0x0513
mem[X,0x80025D32] -> 0x0000
[4170] [M]: 0x80025D30 (0x00000513) addi a0, zero, 0
x10 <- 0x00000000


mem[X,0x80025D34] -> 0x0593
mem[X,0x80025D36] -> 0x0040
[4171] [M]: 0x80025D34 (0x00400593) addi a1, zero, 4
x11 <- 0x00000004


mem[X,0x80025D38] -> 0x0113
mem[X,0x80025D3A] -> 0x0000
[4172] [M]: 0x80025D38 (0x00000113) addi sp, zero, 0
x2 <- 0x00000000


mem[X,0x80025D3C] -> 0x006F
mem[X,0x80025D3E] -> 0x2B10
[4173] [M]: 0x80025D3C (0x2B10006F) jal zero, 2736


mem[X,0x800267EC] -> 0x0A63
mem[X,0x800267EE] -> 0xD4B5
[4174] [M]: 0x800267EC (0xD4B50A63) beq a0, a1, 5460


mem[X,0x800267F0] -> 0x0113
mem[X,0x800267F2] -> 0x0021
[4175] [M]: 0x800267F0 (0x00210113) addi sp, sp, 2
x2 <- 0x00000002


mem[X,0x800267F4] -> 0x006F
mem[X,0x800267F6] -> 0x00C0
[4176] [M]: 0x800267F4 (0x00C0006F) jal zero, 12


mem[X,0x80026800] -> 0xA823
mem[X,0x80026802] -> 0x6820
[4177] [M]: 0x80026800 (0x6820A823) sw sp, 1680(ra)
mem[0x800398F8] <- 0x00000002


mem[X,0x80026804] -> 0x0513
mem[X,0x80026806] -> 0x0000
[4178] [M]: 0x80026804 (0x00000513) addi a0, zero, 0
x10 <- 0x00000000


mem[X,0x80026808] -> 0x35B7
mem[X,0x8002680A] -> 0x3333
[4179] [M]: 0x80026808 (0x333335B7) lui a1, 209715
x11 <- 0x33333000


mem[X,0x8002680C] -> 0x8593
mem[X,0x8002680E] -> 0x3325
[4180] [M]: 0x8002680C (0x33258593) addi a1, a1, 818
x11 <- 0x33333332


mem[X,0x80026810] -> 0x0113
mem[X,0x80026812] -> 0x0000
[4181] [M]: 0x80026810 (0x00000113) addi sp, zero, 0
x2 <- 0x00000000


mem[X,0x80026814] -> 0x006F
mem[X,0x80026816] -> 0x00C0
[4182] [M]: 0x80026814 (0x00C0006F) jal zero, 12


mem[X,0x80026820] -> 0x0CE3
mem[X,0x80026822] -> 0xFEB5
[4183] [M]: 0x80026820 (0xFEB50CE3) beq a0, a1, 8184


mem[X,0x80026824] -> 0x0113
mem[X,0x80026826] -> 0x0021
[4184] [M]: 0x80026824 (0x00210113) addi sp, sp, 2
x2 <- 0x00000002


mem[X,0x80026828] -> 0x006F
mem[X,0x8002682A] -> 0x00C0
[4185] [M]: 0x80026828 (0x00C0006F) jal zero, 12


mem[X,0x80026834] -> 0xAA23
mem[X,0x80026836] -> 0x6820
[4186] [M]: 0x80026834 (0x6820AA23) sw sp, 1684(ra)
mem[0x800398FC] <- 0x00000002


mem[X,0x80026838] -> 0x0513
mem[X,0x8002683A] -> 0x0000
[4187] [M]: 0x80026838 (0x00000513) addi a0, zero, 0
x10 <- 0x00000000


mem[X,0x8002683C] -> 0x65B7
mem[X,0x8002683E] -> 0x6666
[4188] [M]: 0x8002683C (0x666665B7) lui a1, 419430
x11 <- 0x66666000


mem[X,0x80026840] -> 0x8593
mem[X,0x80026842] -> 0x6655
[4189] [M]: 0x80026840 (0x66558593) addi a1, a1, 1637
x11 <- 0x66666665


mem[X,0x80026844] -> 0x0113
mem[X,0x80026846] -> 0x0000
[4190] [M]: 0x80026844 (0x00000113) addi sp, zero, 0
x2 <- 0x00000000


mem[X,0x80026848] -> 0x006F
mem[X,0x8002684A] -> 0x00C0
[4191] [M]: 0x80026848 (0x00C0006F) jal zero, 12


mem[X,0x80026854] -> 0x0863
mem[X,0x80026856] -> 0x00B5
[4192] [M]: 0x80026854 (0x00B50863) beq a0, a1, 16


mem[X,0x80026858] -> 0x0113
mem[X,0x8002685A] -> 0x0021
[4193] [M]: 0x80026858 (0x00210113) addi sp, sp, 2
x2 <- 0x00000002


mem[X,0x8002685C] -> 0x006F
mem[X,0x8002685E] -> 0x0100
[4194] [M]: 0x8002685C (0x0100006F) jal zero, 16


mem[X,0x8002686C] -> 0xAC23
mem[X,0x8002686E] -> 0x6820
[4195] [M]: 0x8002686C (0x6820AC23) sw sp, 1688(ra)
mem[0x80039900] <- 0x00000002


mem[X,0x80026870] -> 0x0513
mem[X,0x80026872] -> 0x0000
[4196] [M]: 0x80026870 (0x00000513) addi a0, zero, 0
x10 <- 0x00000000


mem[X,0x80026874] -> 0xB5B7
mem[X,0x80026876] -> 0x0000
[4197] [M]: 0x80026874 (0x0000B5B7) lui a1, 11
x11 <- 0x0000B000


mem[X,0x80026878] -> 0x8593
mem[X,0x8002687A] -> 0x5035
[4198] [M]: 0x80026878 (0x50358593) addi a1, a1, 1283
x11 <- 0x0000B503


mem[X,0x8002687C] -> 0x0113
mem[X,0x8002687E] -> 0x0000
[4199] [M]: 0x8002687C (0x00000113) addi sp, zero, 0
x2 <- 0x00000000


clint::tick mtime <- 0x000000000000002A
 clint timer pending at mtime 0x000000000000002A
htif::tick 0x0000000000000000
mem[X,0x80026880] -> 0x006F
mem[X,0x80026882] -> 0x00C0
[4200] [M]: 0x80026880 (0x00C0006F) jal zero, 12


mem[X,0x8002688C] -> 0x0663
mem[X,0x8002688E] -> 0x00B5
[4201] [M]: 0x8002688C (0x00B50663) beq a0, a1, 12


mem[X,0x80026890] -> 0x0113
mem[X,0x80026892] -> 0x0021
[4202] [M]: 0x80026890 (0x00210113) addi sp, sp, 2
x2 <- 0x00000002


mem[X,0x80026894] -> 0x006F
mem[X,0x80026896] -> 0x00C0
[4203] [M]: 0x80026894 (0x00C0006F) jal zero, 12


mem[X,0x800268A0] -> 0xAE23
mem[X,0x800268A2] -> 0x6820
[4204] [M]: 0x800268A0 (0x6820AE23) sw sp, 1692(ra)
mem[0x80039904] <- 0x00000002


mem[X,0x800268A4] -> 0x0513
mem[X,0x800268A6] -> 0x0000
[4205] [M]: 0x800268A4 (0x00000513) addi a0, zero, 0
x10 <- 0x00000000


mem[X,0x800268A8] -> 0x55B7
mem[X,0x800268AA] -> 0x5555
[4206] [M]: 0x800268A8 (0x555555B7) lui a1, 349525
x11 <- 0x55555000


mem[X,0x800268AC] -> 0x8593
mem[X,0x800268AE] -> 0x5565
[4207] [M]: 0x800268AC (0x55658593) addi a1, a1, 1366
x11 <- 0x55555556


mem[X,0x800268B0] -> 0x0113
mem[X,0x800268B2] -> 0x0000
[4208] [M]: 0x800268B0 (0x00000113) addi sp, zero, 0
x2 <- 0x00000000


mem[X,0x800268B4] -> 0x006F
mem[X,0x800268B6] -> 0x00C0
[4209] [M]: 0x800268B4 (0x00C0006F) jal zero, 12


mem[X,0x800268C0] -> 0x0063
mem[X,0x800268C2] -> 0x40B5
[4210] [M]: 0x800268C0 (0x40B50063) beq a0, a1, 1024


mem[X,0x800268C4] -> 0x0113
mem[X,0x800268C6] -> 0x0021
[4211] [M]: 0x800268C4 (0x00210113) addi sp, sp, 2
x2 <- 0x00000002


mem[X,0x800268C8] -> 0x006F
mem[X,0x800268CA] -> 0x4000
[4212] [M]: 0x800268C8 (0x4000006F) jal zero, 1024


mem[X,0x80026CC8] -> 0xA023
mem[X,0x80026CCA] -> 0x6A20
[4213] [M]: 0x80026CC8 (0x6A20A023) sw sp, 1696(ra)
mem[0x80039908] <- 0x00000002


mem[X,0x80026CCC] -> 0x0513
mem[X,0x80026CCE] -> 0x0000
[4214] [M]: 0x80026CCC (0x00000513) addi a0, zero, 0
x10 <- 0x00000000


mem[X,0x80026CD0] -> 0xB5B7
mem[X,0x80026CD2] -> 0xAAAA
[4215] [M]: 0x80026CD0 (0xAAAAB5B7) lui a1, 699051
x11 <- 0xAAAAB000


mem[X,0x80026CD4] -> 0x8593
mem[X,0x80026CD6] -> 0xAAB5
[4216] [M]: 0x80026CD4 (0xAAB58593) addi a1, a1, 2731
x11 <- 0xAAAAAAAB


mem[X,0x80026CD8] -> 0x0113
mem[X,0x80026CDA] -> 0x0000
[4217] [M]: 0x80026CD8 (0x00000113) addi sp, zero, 0
x2 <- 0x00000000


mem[X,0x80026CDC] -> 0x006F
mem[X,0x80026CDE] -> 0x00C0
[4218] [M]: 0x80026CDC (0x00C0006F) jal zero, 12


mem[X,0x80026CE8] -> 0x0CE3
mem[X,0x80026CEA] -> 0xFEB5
[4219] [M]: 0x80026CE8 (0xFEB50CE3) beq a0, a1, 8184


mem[X,0x80026CEC] -> 0x0113
mem[X,0x80026CEE] -> 0x0021
[4220] [M]: 0x80026CEC (0x00210113) addi sp, sp, 2
x2 <- 0x00000002


mem[X,0x80026CF0] -> 0x006F
mem[X,0x80026CF2] -> 0x00C0
[4221] [M]: 0x80026CF0 (0x00C0006F) jal zero, 12


mem[X,0x80026CFC] -> 0xA223
mem[X,0x80026CFE] -> 0x6A20
[4222] [M]: 0x80026CFC (0x6A20A223) sw sp, 1700(ra)
mem[0x8003990C] <- 0x00000002


mem[X,0x80026D00] -> 0x0513
mem[X,0x80026D02] -> 0x0000
[4223] [M]: 0x80026D00 (0x00000513) addi a0, zero, 0
x10 <- 0x00000000


mem[X,0x80026D04] -> 0x0593
mem[X,0x80026D06] -> 0x0060
[4224] [M]: 0x80026D04 (0x00600593) addi a1, zero, 6
x11 <- 0x00000006


mem[X,0x80026D08] -> 0x0113
mem[X,0x80026D0A] -> 0x0000
[4225] [M]: 0x80026D08 (0x00000113) addi sp, zero, 0
x2 <- 0x00000000


mem[X,0x80026D0C] -> 0x006F
mem[X,0x80026D0E] -> 0x00C0
[4226] [M]: 0x80026D0C (0x00C0006F) jal zero, 12


mem[X,0x80026D18] -> 0x0863
mem[X,0x80026D1A] -> 0x00B5
[4227] [M]: 0x80026D18 (0x00B50863) beq a0, a1, 16


mem[X,0x80026D1C] -> 0x0113
mem[X,0x80026D1E] -> 0x0021
[4228] [M]: 0x80026D1C (0x00210113) addi sp, sp, 2
x2 <- 0x00000002


mem[X,0x80026D20] -> 0x006F
mem[X,0x80026D22] -> 0x0100
[4229] [M]: 0x80026D20 (0x0100006F) jal zero, 16


mem[X,0x80026D30] -> 0xA423
mem[X,0x80026D32] -> 0x6A20
[4230] [M]: 0x80026D30 (0x6A20A423) sw sp, 1704(ra)
mem[0x80039910] <- 0x00000002


mem[X,0x80026D34] -> 0x0513
mem[X,0x80026D36] -> 0x0000
[4231] [M]: 0x80026D34 (0x00000513) addi a0, zero, 0
x10 <- 0x00000000


mem[X,0x80026D38] -> 0x35B7
mem[X,0x80026D3A] -> 0x3333
[4232] [M]: 0x80026D38 (0x333335B7) lui a1, 209715
x11 <- 0x33333000


mem[X,0x80026D3C] -> 0x8593
mem[X,0x80026D3E] -> 0x3345
[4233] [M]: 0x80026D3C (0x33458593) addi a1, a1, 820
x11 <- 0x33333334


mem[X,0x80026D40] -> 0x0113
mem[X,0x80026D42] -> 0x0000
[4234] [M]: 0x80026D40 (0x00000113) addi sp, zero, 0
x2 <- 0x00000000


mem[X,0x80026D44] -> 0x006F
mem[X,0x80026D46] -> 0x0050
[4235] [M]: 0x80026D44 (0x0050006F) jal zero, 2052


mem[X,0x80027548] -> 0x00E3
mem[X,0x8002754A] -> 0x80B5
[4236] [M]: 0x80027548 (0x80B500E3) beq a0, a1, 6144


mem[X,0x8002754C] -> 0x0113
mem[X,0x8002754E] -> 0x0021
[4237] [M]: 0x8002754C (0x00210113) addi sp, sp, 2
x2 <- 0x00000002


mem[X,0x80027550] -> 0x006F
mem[X,0x80027552] -> 0x00C0
[4238] [M]: 0x80027550 (0x00C0006F) jal zero, 12


mem[X,0x8002755C] -> 0xA623
mem[X,0x8002755E] -> 0x6A20
[4239] [M]: 0x8002755C (0x6A20A623) sw sp, 1708(ra)
mem[0x80039914] <- 0x00000002


mem[X,0x80027560] -> 0x0513
mem[X,0x80027562] -> 0x0000
[4240] [M]: 0x80027560 (0x00000513) addi a0, zero, 0
x10 <- 0x00000000


mem[X,0x80027564] -> 0x65B7
mem[X,0x80027566] -> 0x6666
[4241] [M]: 0x80027564 (0x666665B7) lui a1, 419430
x11 <- 0x66666000


mem[X,0x80027568] -> 0x8593
mem[X,0x8002756A] -> 0x6675
[4242] [M]: 0x80027568 (0x66758593) addi a1, a1, 1639
x11 <- 0x66666667


mem[X,0x8002756C] -> 0x0113
mem[X,0x8002756E] -> 0x0000
[4243] [M]: 0x8002756C (0x00000113) addi sp, zero, 0
x2 <- 0x00000000


mem[X,0x80027570] -> 0x006F
mem[X,0x80027572] -> 0x0140
[4244] [M]: 0x80027570 (0x0140006F) jal zero, 20


mem[X,0x80027584] -> 0x08E3
mem[X,0x80027586] -> 0xFEB5
[4245] [M]: 0x80027584 (0xFEB508E3) beq a0, a1, 8176


mem[X,0x80027588] -> 0x0113
mem[X,0x8002758A] -> 0x0021
[4246] [M]: 0x80027588 (0x00210113) addi sp, sp, 2
x2 <- 0x00000002


mem[X,0x8002758C] -> 0x006F
mem[X,0x8002758E] -> 0x00C0
[4247] [M]: 0x8002758C (0x00C0006F) jal zero, 12


mem[X,0x80027598] -> 0xA823
mem[X,0x8002759A] -> 0x6A20
[4248] [M]: 0x80027598 (0x6A20A823) sw sp, 1712(ra)
mem[0x80039918] <- 0x00000002


mem[X,0x8002759C] -> 0x0513
mem[X,0x8002759E] -> 0x0000
[4249] [M]: 0x8002759C (0x00000513) addi a0, zero, 0
x10 <- 0x00000000


mem[X,0x800275A0] -> 0x55B7
mem[X,0x800275A2] -> 0xFFFF
[4250] [M]: 0x800275A0 (0xFFFF55B7) lui a1, 1048565
x11 <- 0xFFFF5000


mem[X,0x800275A4] -> 0x8593
mem[X,0x800275A6] -> 0xAFD5
[4251] [M]: 0x800275A4 (0xAFD58593) addi a1, a1, 2813
x11 <- 0xFFFF4AFD


mem[X,0x800275A8] -> 0x0113
mem[X,0x800275AA] -> 0x0000
[4252] [M]: 0x800275A8 (0x00000113) addi sp, zero, 0
x2 <- 0x00000000


mem[X,0x800275AC] -> 0x006F
mem[X,0x800275AE] -> 0x00C0
[4253] [M]: 0x800275AC (0x00C0006F) jal zero, 12


mem[X,0x800275B8] -> 0x0063
mem[X,0x800275BA] -> 0x40B5
[4254] [M]: 0x800275B8 (0x40B50063) beq a0, a1, 1024


mem[X,0x800275BC] -> 0x0113
mem[X,0x800275BE] -> 0x0021
[4255] [M]: 0x800275BC (0x00210113) addi sp, sp, 2
x2 <- 0x00000002


mem[X,0x800275C0] -> 0x006F
mem[X,0x800275C2] -> 0x4000
[4256] [M]: 0x800275C0 (0x4000006F) jal zero, 1024


mem[X,0x800279C0] -> 0xAA23
mem[X,0x800279C2] -> 0x6A20
[4257] [M]: 0x800279C0 (0x6A20AA23) sw sp, 1716(ra)
mem[0x8003991C] <- 0x00000002


mem[X,0x800279C4] -> 0x0513
mem[X,0x800279C6] -> 0x0000
[4258] [M]: 0x800279C4 (0x00000513) addi a0, zero, 0
x10 <- 0x00000000


mem[X,0x800279C8] -> 0xB5B7
mem[X,0x800279CA] -> 0x0000
[4259] [M]: 0x800279C8 (0x0000B5B7) lui a1, 11
x11 <- 0x0000B000


mem[X,0x800279CC] -> 0x8593
mem[X,0x800279CE] -> 0x5055
[4260] [M]: 0x800279CC (0x50558593) addi a1, a1, 1285
x11 <- 0x0000B505


mem[X,0x800279D0] -> 0x0113
mem[X,0x800279D2] -> 0x0000
[4261] [M]: 0x800279D0 (0x00000113) addi sp, zero, 0
x2 <- 0x00000000


mem[X,0x800279D4] -> 0x006F
mem[X,0x800279D6] -> 0x00C0
[4262] [M]: 0x800279D4 (0x00C0006F) jal zero, 12


mem[X,0x800279E0] -> 0x0CE3
mem[X,0x800279E2] -> 0xFEB5
[4263] [M]: 0x800279E0 (0xFEB50CE3) beq a0, a1, 8184


mem[X,0x800279E4] -> 0x0113
mem[X,0x800279E6] -> 0x0021
[4264] [M]: 0x800279E4 (0x00210113) addi sp, sp, 2
x2 <- 0x00000002


mem[X,0x800279E8] -> 0x006F
mem[X,0x800279EA] -> 0x00C0
[4265] [M]: 0x800279E8 (0x00C0006F) jal zero, 12


mem[X,0x800279F4] -> 0xAC23
mem[X,0x800279F6] -> 0x6A20
[4266] [M]: 0x800279F4 (0x6A20AC23) sw sp, 1720(ra)
mem[0x80039920] <- 0x00000002


mem[X,0x800279F8] -> 0x0513
mem[X,0x800279FA] -> 0x0040
[4267] [M]: 0x800279F8 (0x00400513) addi a0, zero, 4
x10 <- 0x00000004


mem[X,0x800279FC] -> 0x0593
mem[X,0x800279FE] -> 0x0030
[4268] [M]: 0x800279FC (0x00300593) addi a1, zero, 3
x11 <- 0x00000003


mem[X,0x80027A00] -> 0x0113
mem[X,0x80027A02] -> 0x0000
[4269] [M]: 0x80027A00 (0x00000113) addi sp, zero, 0
x2 <- 0x00000000


mem[X,0x80027A04] -> 0x006F
mem[X,0x80027A06] -> 0x0140
[4270] [M]: 0x80027A04 (0x0140006F) jal zero, 20


mem[X,0x80027A18] -> 0x08E3
mem[X,0x80027A1A] -> 0xFEB5
[4271] [M]: 0x80027A18 (0xFEB508E3) beq a0, a1, 8176


mem[X,0x80027A1C] -> 0x0113
mem[X,0x80027A1E] -> 0x0021
[4272] [M]: 0x80027A1C (0x00210113) addi sp, sp, 2
x2 <- 0x00000002


mem[X,0x80027A20] -> 0x006F
mem[X,0x80027A22] -> 0x00C0
[4273] [M]: 0x80027A20 (0x00C0006F) jal zero, 12


mem[X,0x80027A2C] -> 0xAE23
mem[X,0x80027A2E] -> 0x6A20
[4274] [M]: 0x80027A2C (0x6A20AE23) sw sp, 1724(ra)
mem[0x80039924] <- 0x00000002


mem[X,0x80027A30] -> 0x0513
mem[X,0x80027A32] -> 0x0040
[4275] [M]: 0x80027A30 (0x00400513) addi a0, zero, 4
x10 <- 0x00000004


mem[X,0x80027A34] -> 0x55B7
mem[X,0x80027A36] -> 0x5555
[4276] [M]: 0x80027A34 (0x555555B7) lui a1, 349525
x11 <- 0x55555000


mem[X,0x80027A38] -> 0x8593
mem[X,0x80027A3A] -> 0x5555
[4277] [M]: 0x80027A38 (0x55558593) addi a1, a1, 1365
x11 <- 0x55555555


mem[X,0x80027A3C] -> 0x0113
mem[X,0x80027A3E] -> 0x0000
[4278] [M]: 0x80027A3C (0x00000113) addi sp, zero, 0
x2 <- 0x00000000


mem[X,0x80027A40] -> 0x006F
mem[X,0x80027A42] -> 0x0050
[4279] [M]: 0x80027A40 (0x0050006F) jal zero, 2052


mem[X,0x80028244] -> 0x00E3
mem[X,0x80028246] -> 0x80B5
[4280] [M]: 0x80028244 (0x80B500E3) beq a0, a1, 6144


mem[X,0x80028248] -> 0x0113
mem[X,0x8002824A] -> 0x0021
[4281] [M]: 0x80028248 (0x00210113) addi sp, sp, 2
x2 <- 0x00000002


mem[X,0x8002824C] -> 0x006F
mem[X,0x8002824E] -> 0x00C0
[4282] [M]: 0x8002824C (0x00C0006F) jal zero, 12


mem[X,0x80028258] -> 0xA023
mem[X,0x8002825A] -> 0x6C20
[4283] [M]: 0x80028258 (0x6C20A023) sw sp, 1728(ra)
mem[0x80039928] <- 0x00000002


mem[X,0x8002825C] -> 0x0513
mem[X,0x8002825E] -> 0x0040
[4284] [M]: 0x8002825C (0x00400513) addi a0, zero, 4
x10 <- 0x00000004


mem[X,0x80028260] -> 0xB5B7
mem[X,0x80028262] -> 0xAAAA
[4285] [M]: 0x80028260 (0xAAAAB5B7) lui a1, 699051
x11 <- 0xAAAAB000


mem[X,0x80028264] -> 0x8593
mem[X,0x80028266] -> 0xAAA5
[4286] [M]: 0x80028264 (0xAAA58593) addi a1, a1, 2730
x11 <- 0xAAAAAAAA


mem[X,0x80028268] -> 0x0113
mem[X,0x8002826A] -> 0x0000
[4287] [M]: 0x80028268 (0x00000113) addi sp, zero, 0
x2 <- 0x00000000


mem[X,0x8002826C] -> 0x006F
mem[X,0x8002826E] -> 0x00C0
[4288] [M]: 0x8002826C (0x00C0006F) jal zero, 12


mem[X,0x80028278] -> 0x0063
mem[X,0x8002827A] -> 0x08B5
[4289] [M]: 0x80028278 (0x08B50063) beq a0, a1, 128


mem[X,0x8002827C] -> 0x0113
mem[X,0x8002827E] -> 0x0021
[4290] [M]: 0x8002827C (0x00210113) addi sp, sp, 2
x2 <- 0x00000002


mem[X,0x80028280] -> 0x006F
mem[X,0x80028282] -> 0x0800
[4291] [M]: 0x80028280 (0x0800006F) jal zero, 128


mem[X,0x80028300] -> 0xA223
mem[X,0x80028302] -> 0x6C20
[4292] [M]: 0x80028300 (0x6C20A223) sw sp, 1732(ra)
mem[0x8003992C] <- 0x00000002


mem[X,0x80028304] -> 0x0513
mem[X,0x80028306] -> 0x0040
[4293] [M]: 0x80028304 (0x00400513) addi a0, zero, 4
x10 <- 0x00000004


mem[X,0x80028308] -> 0x0593
mem[X,0x8002830A] -> 0x0050
[4294] [M]: 0x80028308 (0x00500593) addi a1, zero, 5
x11 <- 0x00000005


mem[X,0x8002830C] -> 0x0113
mem[X,0x8002830E] -> 0x0000
[4295] [M]: 0x8002830C (0x00000113) addi sp, zero, 0
x2 <- 0x00000000


mem[X,0x80028310] -> 0x006F
mem[X,0x80028312] -> 0x00C0
[4296] [M]: 0x80028310 (0x00C0006F) jal zero, 12


mem[X,0x8002831C] -> 0x0063
mem[X,0x8002831E] -> 0x04B5
[4297] [M]: 0x8002831C (0x04B50063) beq a0, a1, 64


mem[X,0x80028320] -> 0x0113
mem[X,0x80028322] -> 0x0021
[4298] [M]: 0x80028320 (0x00210113) addi sp, sp, 2
x2 <- 0x00000002


mem[X,0x80028324] -> 0x006F
mem[X,0x80028326] -> 0x0400
[4299] [M]: 0x80028324 (0x0400006F) jal zero, 64


clint::tick mtime <- 0x000000000000002B
 clint timer pending at mtime 0x000000000000002B
htif::tick 0x0000000000000000
mem[X,0x80028364] -> 0xA423
mem[X,0x80028366] -> 0x6C20
[4300] [M]: 0x80028364 (0x6C20A423) sw sp, 1736(ra)
mem[0x80039930] <- 0x00000002


mem[X,0x80028368] -> 0x0513
mem[X,0x8002836A] -> 0x0040
[4301] [M]: 0x80028368 (0x00400513) addi a0, zero, 4
x10 <- 0x00000004


mem[X,0x8002836C] -> 0x35B7
mem[X,0x8002836E] -> 0x3333
[4302] [M]: 0x8002836C (0x333335B7) lui a1, 209715
x11 <- 0x33333000


mem[X,0x80028370] -> 0x8593
mem[X,0x80028372] -> 0x3335
[4303] [M]: 0x80028370 (0x33358593) addi a1, a1, 819
x11 <- 0x33333333


mem[X,0x80028374] -> 0x0113
mem[X,0x80028376] -> 0x0000
[4304] [M]: 0x80028374 (0x00000113) addi sp, zero, 0
x2 <- 0x00000000


mem[X,0x80028378] -> 0x006F
mem[X,0x8002837A] -> 0x00C0
[4305] [M]: 0x80028378 (0x00C0006F) jal zero, 12


mem[X,0x80028384] -> 0x0063
mem[X,0x80028386] -> 0x20B5
[4306] [M]: 0x80028384 (0x20B50063) beq a0, a1, 512


mem[X,0x80028388] -> 0x0113
mem[X,0x8002838A] -> 0x0021
[4307] [M]: 0x80028388 (0x00210113) addi sp, sp, 2
x2 <- 0x00000002


mem[X,0x8002838C] -> 0x006F
mem[X,0x8002838E] -> 0x2000
[4308] [M]: 0x8002838C (0x2000006F) jal zero, 512


mem[X,0x8002858C] -> 0xA623
mem[X,0x8002858E] -> 0x6C20
[4309] [M]: 0x8002858C (0x6C20A623) sw sp, 1740(ra)
mem[0x80039934] <- 0x00000002


mem[X,0x80028590] -> 0x0513
mem[X,0x80028592] -> 0x0040
[4310] [M]: 0x80028590 (0x00400513) addi a0, zero, 4
x10 <- 0x00000004


mem[X,0x80028594] -> 0x65B7
mem[X,0x80028596] -> 0x6666
[4311] [M]: 0x80028594 (0x666665B7) lui a1, 419430
x11 <- 0x66666000


mem[X,0x80028598] -> 0x8593
mem[X,0x8002859A] -> 0x6665
[4312] [M]: 0x80028598 (0x66658593) addi a1, a1, 1638
x11 <- 0x66666666


mem[X,0x8002859C] -> 0x0113
mem[X,0x8002859E] -> 0x0000
[4313] [M]: 0x8002859C (0x00000113) addi sp, zero, 0
x2 <- 0x00000000


mem[X,0x800285A0] -> 0x006F
mem[X,0x800285A2] -> 0x00C0
[4314] [M]: 0x800285A0 (0x00C0006F) jal zero, 12


mem[X,0x800285AC] -> 0x0663
mem[X,0x800285AE] -> 0x00B5
[4315] [M]: 0x800285AC (0x00B50663) beq a0, a1, 12


mem[X,0x800285B0] -> 0x0113
mem[X,0x800285B2] -> 0x0021
[4316] [M]: 0x800285B0 (0x00210113) addi sp, sp, 2
x2 <- 0x00000002


mem[X,0x800285B4] -> 0x006F
mem[X,0x800285B6] -> 0x00C0
[4317] [M]: 0x800285B4 (0x00C0006F) jal zero, 12


mem[X,0x800285C0] -> 0xA823
mem[X,0x800285C2] -> 0x6C20
[4318] [M]: 0x800285C0 (0x6C20A823) sw sp, 1744(ra)
mem[0x80039938] <- 0x00000002


mem[X,0x800285C4] -> 0x0513
mem[X,0x800285C6] -> 0x0040
[4319] [M]: 0x800285C4 (0x00400513) addi a0, zero, 4
x10 <- 0x00000004


mem[X,0x800285C8] -> 0x55B7
mem[X,0x800285CA] -> 0xFFFF
[4320] [M]: 0x800285C8 (0xFFFF55B7) lui a1, 1048565
x11 <- 0xFFFF5000


mem[X,0x800285CC] -> 0x8593
mem[X,0x800285CE] -> 0xAFC5
[4321] [M]: 0x800285CC (0xAFC58593) addi a1, a1, 2812
x11 <- 0xFFFF4AFC


mem[X,0x800285D0] -> 0x0113
mem[X,0x800285D2] -> 0x0000
[4322] [M]: 0x800285D0 (0x00000113) addi sp, zero, 0
x2 <- 0x00000000


mem[X,0x800285D4] -> 0x006F
mem[X,0x800285D6] -> 0x00C0
[4323] [M]: 0x800285D4 (0x00C0006F) jal zero, 12


mem[X,0x800285E0] -> 0x0063
mem[X,0x800285E2] -> 0x20B5
[4324] [M]: 0x800285E0 (0x20B50063) beq a0, a1, 512


mem[X,0x800285E4] -> 0x0113
mem[X,0x800285E6] -> 0x0021
[4325] [M]: 0x800285E4 (0x00210113) addi sp, sp, 2
x2 <- 0x00000002


mem[X,0x800285E8] -> 0x006F
mem[X,0x800285EA] -> 0x2000
[4326] [M]: 0x800285E8 (0x2000006F) jal zero, 512


mem[X,0x800287E8] -> 0xAA23
mem[X,0x800287EA] -> 0x6C20
[4327] [M]: 0x800287E8 (0x6C20AA23) sw sp, 1748(ra)
mem[0x8003993C] <- 0x00000002


mem[X,0x800287EC] -> 0x0513
mem[X,0x800287EE] -> 0x0040
[4328] [M]: 0x800287EC (0x00400513) addi a0, zero, 4
x10 <- 0x00000004


mem[X,0x800287F0] -> 0xB5B7
mem[X,0x800287F2] -> 0x0000
[4329] [M]: 0x800287F0 (0x0000B5B7) lui a1, 11
x11 <- 0x0000B000


mem[X,0x800287F4] -> 0x8593
mem[X,0x800287F6] -> 0x5045
[4330] [M]: 0x800287F4 (0x50458593) addi a1, a1, 1284
x11 <- 0x0000B504


mem[X,0x800287F8] -> 0x0113
mem[X,0x800287FA] -> 0x0000
[4331] [M]: 0x800287F8 (0x00000113) addi sp, zero, 0
x2 <- 0x00000000


mem[X,0x800287FC] -> 0x006F
mem[X,0x800287FE] -> 0x0180
[4332] [M]: 0x800287FC (0x0180006F) jal zero, 24


mem[X,0x80028814] -> 0x06E3
mem[X,0x80028816] -> 0xFEB5
[4333] [M]: 0x80028814 (0xFEB506E3) beq a0, a1, 8172


mem[X,0x80028818] -> 0x0113
mem[X,0x8002881A] -> 0x0021
[4334] [M]: 0x80028818 (0x00210113) addi sp, sp, 2
x2 <- 0x00000002


mem[X,0x8002881C] -> 0x006F
mem[X,0x8002881E] -> 0x00C0
[4335] [M]: 0x8002881C (0x00C0006F) jal zero, 12


mem[X,0x80028828] -> 0xAC23
mem[X,0x8002882A] -> 0x6C20
[4336] [M]: 0x80028828 (0x6C20AC23) sw sp, 1752(ra)
mem[0x80039940] <- 0x00000002


mem[X,0x8002882C] -> 0x0513
mem[X,0x8002882E] -> 0x0040
[4337] [M]: 0x8002882C (0x00400513) addi a0, zero, 4
x10 <- 0x00000004


mem[X,0x80028830] -> 0x0593
mem[X,0x80028832] -> 0x0020
[4338] [M]: 0x80028830 (0x00200593) addi a1, zero, 2
x11 <- 0x00000002


mem[X,0x80028834] -> 0x0113
mem[X,0x80028836] -> 0x0000
[4339] [M]: 0x80028834 (0x00000113) addi sp, zero, 0
x2 <- 0x00000000


mem[X,0x80028838] -> 0x006F
mem[X,0x8002883A] -> 0x0140
[4340] [M]: 0x80028838 (0x0140006F) jal zero, 20


mem[X,0x8002884C] -> 0x08E3
mem[X,0x8002884E] -> 0xFEB5
[4341] [M]: 0x8002884C (0xFEB508E3) beq a0, a1, 8176


mem[X,0x80028850] -> 0x0113
mem[X,0x80028852] -> 0x0021
[4342] [M]: 0x80028850 (0x00210113) addi sp, sp, 2
x2 <- 0x00000002


mem[X,0x80028854] -> 0x006F
mem[X,0x80028856] -> 0x00C0
[4343] [M]: 0x80028854 (0x00C0006F) jal zero, 12


mem[X,0x80028860] -> 0xAE23
mem[X,0x80028862] -> 0x6C20
[4344] [M]: 0x80028860 (0x6C20AE23) sw sp, 1756(ra)
mem[0x80039944] <- 0x00000002


mem[X,0x80028864] -> 0x0513
mem[X,0x80028866] -> 0x0040
[4345] [M]: 0x80028864 (0x00400513) addi a0, zero, 4
x10 <- 0x00000004


mem[X,0x80028868] -> 0x55B7
mem[X,0x8002886A] -> 0x5555
[4346] [M]: 0x80028868 (0x555555B7) lui a1, 349525
x11 <- 0x55555000


mem[X,0x8002886C] -> 0x8593
mem[X,0x8002886E] -> 0x5545
[4347] [M]: 0x8002886C (0x55458593) addi a1, a1, 1364
x11 <- 0x55555554


mem[X,0x80028870] -> 0x0113
mem[X,0x80028872] -> 0x0000
[4348] [M]: 0x80028870 (0x00000113) addi sp, zero, 0
x2 <- 0x00000000


mem[X,0x80028874] -> 0x006F
mem[X,0x80028876] -> 0x00C0
[4349] [M]: 0x80028874 (0x00C0006F) jal zero, 12


mem[X,0x80028880] -> 0x0CE3
mem[X,0x80028882] -> 0xFEB5
[4350] [M]: 0x80028880 (0xFEB50CE3) beq a0, a1, 8184


mem[X,0x80028884] -> 0x0113
mem[X,0x80028886] -> 0x0021
[4351] [M]: 0x80028884 (0x00210113) addi sp, sp, 2
x2 <- 0x00000002


mem[X,0x80028888] -> 0x006F
mem[X,0x8002888A] -> 0x00C0
[4352] [M]: 0x80028888 (0x00C0006F) jal zero, 12


mem[X,0x80028894] -> 0xA023
mem[X,0x80028896] -> 0x6E20
[4353] [M]: 0x80028894 (0x6E20A023) sw sp, 1760(ra)
mem[0x80039948] <- 0x00000002


mem[X,0x80028898] -> 0x0513
mem[X,0x8002889A] -> 0x0040
[4354] [M]: 0x80028898 (0x00400513) addi a0, zero, 4
x10 <- 0x00000004


mem[X,0x8002889C] -> 0x0593
mem[X,0x8002889E] -> 0x0000
[4355] [M]: 0x8002889C (0x00000593) addi a1, zero, 0
x11 <- 0x00000000


mem[X,0x800288A0] -> 0x0113
mem[X,0x800288A2] -> 0x0000
[4356] [M]: 0x800288A0 (0x00000113) addi sp, zero, 0
x2 <- 0x00000000


mem[X,0x800288A4] -> 0x006F
mem[X,0x800288A6] -> 0x00C0
[4357] [M]: 0x800288A4 (0x00C0006F) jal zero, 12


mem[X,0x800288B0] -> 0x0063
mem[X,0x800288B2] -> 0x04B5
[4358] [M]: 0x800288B0 (0x04B50063) beq a0, a1, 64


mem[X,0x800288B4] -> 0x0113
mem[X,0x800288B6] -> 0x0021
[4359] [M]: 0x800288B4 (0x00210113) addi sp, sp, 2
x2 <- 0x00000002


mem[X,0x800288B8] -> 0x006F
mem[X,0x800288BA] -> 0x0400
[4360] [M]: 0x800288B8 (0x0400006F) jal zero, 64


mem[X,0x800288F8] -> 0xA223
mem[X,0x800288FA] -> 0x6E20
[4361] [M]: 0x800288F8 (0x6E20A223) sw sp, 1764(ra)
mem[0x8003994C] <- 0x00000002


mem[X,0x800288FC] -> 0x0513
mem[X,0x800288FE] -> 0x0040
[4362] [M]: 0x800288FC (0x00400513) addi a0, zero, 4
x10 <- 0x00000004


mem[X,0x80028900] -> 0x0593
mem[X,0x80028902] -> 0x0040
[4363] [M]: 0x80028900 (0x00400593) addi a1, zero, 4
x11 <- 0x00000004


mem[X,0x80028904] -> 0x0113
mem[X,0x80028906] -> 0x0000
[4364] [M]: 0x80028904 (0x00000113) addi sp, zero, 0
x2 <- 0x00000000


mem[X,0x80028908] -> 0x006F
mem[X,0x8002890A] -> 0x0050
[4365] [M]: 0x80028908 (0x0050006F) jal zero, 2052


mem[X,0x8002910C] -> 0x00E3
mem[X,0x8002910E] -> 0x80B5
[4366] [M]: 0x8002910C (0x80B500E3) beq a0, a1, 6144


mem[X,0x8002890C] -> 0x0113
mem[X,0x8002890E] -> 0x0011
[4367] [M]: 0x8002890C (0x00110113) addi sp, sp, 1
x2 <- 0x00000001


mem[X,0x80028910] -> 0x006F
mem[X,0x80028912] -> 0x0110
[4368] [M]: 0x80028910 (0x0110006F) jal zero, 2064


mem[X,0x80029120] -> 0xA423
mem[X,0x80029122] -> 0x6E20
[4369] [M]: 0x80029120 (0x6E20A423) sw sp, 1768(ra)
mem[0x80039950] <- 0x00000001


mem[X,0x80029124] -> 0x0513
mem[X,0x80029126] -> 0x0040
[4370] [M]: 0x80029124 (0x00400513) addi a0, zero, 4
x10 <- 0x00000004


mem[X,0x80029128] -> 0x35B7
mem[X,0x8002912A] -> 0x3333
[4371] [M]: 0x80029128 (0x333335B7) lui a1, 209715
x11 <- 0x33333000


mem[X,0x8002912C] -> 0x8593
mem[X,0x8002912E] -> 0x3325
[4372] [M]: 0x8002912C (0x33258593) addi a1, a1, 818
x11 <- 0x33333332


mem[X,0x80029130] -> 0x0113
mem[X,0x80029132] -> 0x0000
[4373] [M]: 0x80029130 (0x00000113) addi sp, zero, 0
x2 <- 0x00000000


mem[X,0x80029134] -> 0x006F
mem[X,0x80029136] -> 0x0050
[4374] [M]: 0x80029134 (0x0050006F) jal zero, 2052


mem[X,0x80029938] -> 0x00E3
mem[X,0x8002993A] -> 0x80B5
[4375] [M]: 0x80029938 (0x80B500E3) beq a0, a1, 6144


mem[X,0x8002993C] -> 0x0113
mem[X,0x8002993E] -> 0x0021
[4376] [M]: 0x8002993C (0x00210113) addi sp, sp, 2
x2 <- 0x00000002


mem[X,0x80029940] -> 0x006F
mem[X,0x80029942] -> 0x00C0
[4377] [M]: 0x80029940 (0x00C0006F) jal zero, 12


mem[X,0x8002994C] -> 0xA623
mem[X,0x8002994E] -> 0x6E20
[4378] [M]: 0x8002994C (0x6E20A623) sw sp, 1772(ra)
mem[0x80039954] <- 0x00000002


mem[X,0x80029950] -> 0x0513
mem[X,0x80029952] -> 0x0040
[4379] [M]: 0x80029950 (0x00400513) addi a0, zero, 4
x10 <- 0x00000004


mem[X,0x80029954] -> 0x65B7
mem[X,0x80029956] -> 0x6666
[4380] [M]: 0x80029954 (0x666665B7) lui a1, 419430
x11 <- 0x66666000


mem[X,0x80029958] -> 0x8593
mem[X,0x8002995A] -> 0x6655
[4381] [M]: 0x80029958 (0x66558593) addi a1, a1, 1637
x11 <- 0x66666665


mem[X,0x8002995C] -> 0x0113
mem[X,0x8002995E] -> 0x0000
[4382] [M]: 0x8002995C (0x00000113) addi sp, zero, 0
x2 <- 0x00000000


mem[X,0x80029960] -> 0x006F
mem[X,0x80029962] -> 0x0050
[4383] [M]: 0x80029960 (0x0050006F) jal zero, 2052


mem[X,0x8002A164] -> 0x00E3
mem[X,0x8002A166] -> 0x80B5
[4384] [M]: 0x8002A164 (0x80B500E3) beq a0, a1, 6144


mem[X,0x8002A168] -> 0x0113
mem[X,0x8002A16A] -> 0x0021
[4385] [M]: 0x8002A168 (0x00210113) addi sp, sp, 2
x2 <- 0x00000002


mem[X,0x8002A16C] -> 0x006F
mem[X,0x8002A16E] -> 0x00C0
[4386] [M]: 0x8002A16C (0x00C0006F) jal zero, 12


mem[X,0x8002A178] -> 0xA823
mem[X,0x8002A17A] -> 0x6E20
[4387] [M]: 0x8002A178 (0x6E20A823) sw sp, 1776(ra)
mem[0x80039958] <- 0x00000002


mem[X,0x8002A17C] -> 0x0513
mem[X,0x8002A17E] -> 0x0040
[4388] [M]: 0x8002A17C (0x00400513) addi a0, zero, 4
x10 <- 0x00000004


mem[X,0x8002A180] -> 0xB5B7
mem[X,0x8002A182] -> 0x0000
[4389] [M]: 0x8002A180 (0x0000B5B7) lui a1, 11
x11 <- 0x0000B000


mem[X,0x8002A184] -> 0x8593
mem[X,0x8002A186] -> 0x5035
[4390] [M]: 0x8002A184 (0x50358593) addi a1, a1, 1283
x11 <- 0x0000B503


mem[X,0x8002A188] -> 0x0113
mem[X,0x8002A18A] -> 0x0000
[4391] [M]: 0x8002A188 (0x00000113) addi sp, zero, 0
x2 <- 0x00000000


mem[X,0x8002A18C] -> 0x006F
mem[X,0x8002A18E] -> 0x00C0
[4392] [M]: 0x8002A18C (0x00C0006F) jal zero, 12


mem[X,0x8002A198] -> 0x0CE3
mem[X,0x8002A19A] -> 0xFEB5
[4393] [M]: 0x8002A198 (0xFEB50CE3) beq a0, a1, 8184


mem[X,0x8002A19C] -> 0x0113
mem[X,0x8002A19E] -> 0x0021
[4394] [M]: 0x8002A19C (0x00210113) addi sp, sp, 2
x2 <- 0x00000002


mem[X,0x8002A1A0] -> 0x006F
mem[X,0x8002A1A2] -> 0x00C0
[4395] [M]: 0x8002A1A0 (0x00C0006F) jal zero, 12


mem[X,0x8002A1AC] -> 0xAA23
mem[X,0x8002A1AE] -> 0x6E20
[4396] [M]: 0x8002A1AC (0x6E20AA23) sw sp, 1780(ra)
mem[0x8003995C] <- 0x00000002


mem[X,0x8002A1B0] -> 0x0513
mem[X,0x8002A1B2] -> 0x0040
[4397] [M]: 0x8002A1B0 (0x00400513) addi a0, zero, 4
x10 <- 0x00000004


mem[X,0x8002A1B4] -> 0x55B7
mem[X,0x8002A1B6] -> 0x5555
[4398] [M]: 0x8002A1B4 (0x555555B7) lui a1, 349525
x11 <- 0x55555000


mem[X,0x8002A1B8] -> 0x8593
mem[X,0x8002A1BA] -> 0x5565
[4399] [M]: 0x8002A1B8 (0x55658593) addi a1, a1, 1366
x11 <- 0x55555556


clint::tick mtime <- 0x000000000000002C
 clint timer pending at mtime 0x000000000000002C
htif::tick 0x0000000000000000
mem[X,0x8002A1BC] -> 0x0113
mem[X,0x8002A1BE] -> 0x0000
[4400] [M]: 0x8002A1BC (0x00000113) addi sp, zero, 0
x2 <- 0x00000000


mem[X,0x8002A1C0] -> 0x006F
mem[X,0x8002A1C2] -> 0x00C0
[4401] [M]: 0x8002A1C0 (0x00C0006F) jal zero, 12


mem[X,0x8002A1CC] -> 0x0663
mem[X,0x8002A1CE] -> 0x00B5
[4402] [M]: 0x8002A1CC (0x00B50663) beq a0, a1, 12


mem[X,0x8002A1D0] -> 0x0113
mem[X,0x8002A1D2] -> 0x0021
[4403] [M]: 0x8002A1D0 (0x00210113) addi sp, sp, 2
x2 <- 0x00000002


mem[X,0x8002A1D4] -> 0x006F
mem[X,0x8002A1D6] -> 0x00C0
[4404] [M]: 0x8002A1D4 (0x00C0006F) jal zero, 12


mem[X,0x8002A1E0] -> 0xAC23
mem[X,0x8002A1E2] -> 0x6E20
[4405] [M]: 0x8002A1E0 (0x6E20AC23) sw sp, 1784(ra)
mem[0x80039960] <- 0x00000002


mem[X,0x8002A1E4] -> 0x0513
mem[X,0x8002A1E6] -> 0x0040
[4406] [M]: 0x8002A1E4 (0x00400513) addi a0, zero, 4
x10 <- 0x00000004


mem[X,0x8002A1E8] -> 0xB5B7
mem[X,0x8002A1EA] -> 0xAAAA
[4407] [M]: 0x8002A1E8 (0xAAAAB5B7) lui a1, 699051
x11 <- 0xAAAAB000


mem[X,0x8002A1EC] -> 0x8593
mem[X,0x8002A1EE] -> 0xAAB5
[4408] [M]: 0x8002A1EC (0xAAB58593) addi a1, a1, 2731
x11 <- 0xAAAAAAAB


mem[X,0x8002A1F0] -> 0x0113
mem[X,0x8002A1F2] -> 0x0000
[4409] [M]: 0x8002A1F0 (0x00000113) addi sp, zero, 0
x2 <- 0x00000000


mem[X,0x8002A1F4] -> 0x006F
mem[X,0x8002A1F6] -> 0x0100
[4410] [M]: 0x8002A1F4 (0x0100006F) jal zero, 16


mem[X,0x8002A204] -> 0x0AE3
mem[X,0x8002A206] -> 0xFEB5
[4411] [M]: 0x8002A204 (0xFEB50AE3) beq a0, a1, 8180


mem[X,0x8002A208] -> 0x0113
mem[X,0x8002A20A] -> 0x0021
[4412] [M]: 0x8002A208 (0x00210113) addi sp, sp, 2
x2 <- 0x00000002


mem[X,0x8002A20C] -> 0x006F
mem[X,0x8002A20E] -> 0x00C0
[4413] [M]: 0x8002A20C (0x00C0006F) jal zero, 12


mem[X,0x8002A218] -> 0xAE23
mem[X,0x8002A21A] -> 0x6E20
[4414] [M]: 0x8002A218 (0x6E20AE23) sw sp, 1788(ra)
mem[0x80039964] <- 0x00000002


mem[X,0x8002A21C] -> 0x0513
mem[X,0x8002A21E] -> 0x0040
[4415] [M]: 0x8002A21C (0x00400513) addi a0, zero, 4
x10 <- 0x00000004


mem[X,0x8002A220] -> 0x0593
mem[X,0x8002A222] -> 0x0060
[4416] [M]: 0x8002A220 (0x00600593) addi a1, zero, 6
x11 <- 0x00000006


mem[X,0x8002A224] -> 0x0113
mem[X,0x8002A226] -> 0x0000
[4417] [M]: 0x8002A224 (0x00000113) addi sp, zero, 0
x2 <- 0x00000000


mem[X,0x8002A228] -> 0x006F
mem[X,0x8002A22A] -> 0x00C0
[4418] [M]: 0x8002A228 (0x00C0006F) jal zero, 12


mem[X,0x8002A234] -> 0x0863
mem[X,0x8002A236] -> 0x00B5
[4419] [M]: 0x8002A234 (0x00B50863) beq a0, a1, 16


mem[X,0x8002A238] -> 0x0113
mem[X,0x8002A23A] -> 0x0021
[4420] [M]: 0x8002A238 (0x00210113) addi sp, sp, 2
x2 <- 0x00000002


mem[X,0x8002A23C] -> 0x006F
mem[X,0x8002A23E] -> 0x0100
[4421] [M]: 0x8002A23C (0x0100006F) jal zero, 16


mem[X,0x8002A24C] -> 0xA023
mem[X,0x8002A24E] -> 0x7020
[4422] [M]: 0x8002A24C (0x7020A023) sw sp, 1792(ra)
mem[0x80039968] <- 0x00000002


mem[X,0x8002A250] -> 0x0513
mem[X,0x8002A252] -> 0x0040
[4423] [M]: 0x8002A250 (0x00400513) addi a0, zero, 4
x10 <- 0x00000004


mem[X,0x8002A254] -> 0x35B7
mem[X,0x8002A256] -> 0x3333
[4424] [M]: 0x8002A254 (0x333335B7) lui a1, 209715
x11 <- 0x33333000


mem[X,0x8002A258] -> 0x8593
mem[X,0x8002A25A] -> 0x3345
[4425] [M]: 0x8002A258 (0x33458593) addi a1, a1, 820
x11 <- 0x33333334


mem[X,0x8002A25C] -> 0x0113
mem[X,0x8002A25E] -> 0x0000
[4426] [M]: 0x8002A25C (0x00000113) addi sp, zero, 0
x2 <- 0x00000000


mem[X,0x8002A260] -> 0x006F
mem[X,0x8002A262] -> 0x2B10
[4427] [M]: 0x8002A260 (0x2B10006F) jal zero, 2736


mem[X,0x8002AD10] -> 0x0A63
mem[X,0x8002AD12] -> 0xD4B5
[4428] [M]: 0x8002AD10 (0xD4B50A63) beq a0, a1, 5460


mem[X,0x8002AD14] -> 0x0113
mem[X,0x8002AD16] -> 0x0021
[4429] [M]: 0x8002AD14 (0x00210113) addi sp, sp, 2
x2 <- 0x00000002


mem[X,0x8002AD18] -> 0x006F
mem[X,0x8002AD1A] -> 0x00C0
[4430] [M]: 0x8002AD18 (0x00C0006F) jal zero, 12


mem[X,0x8002AD24] -> 0xA223
mem[X,0x8002AD26] -> 0x7020
[4431] [M]: 0x8002AD24 (0x7020A223) sw sp, 1796(ra)
mem[0x8003996C] <- 0x00000002


mem[X,0x8002AD28] -> 0x0513
mem[X,0x8002AD2A] -> 0x0040
[4432] [M]: 0x8002AD28 (0x00400513) addi a0, zero, 4
x10 <- 0x00000004


mem[X,0x8002AD2C] -> 0x65B7
mem[X,0x8002AD2E] -> 0x6666
[4433] [M]: 0x8002AD2C (0x666665B7) lui a1, 419430
x11 <- 0x66666000


mem[X,0x8002AD30] -> 0x8593
mem[X,0x8002AD32] -> 0x6675
[4434] [M]: 0x8002AD30 (0x66758593) addi a1, a1, 1639
x11 <- 0x66666667


mem[X,0x8002AD34] -> 0x0113
mem[X,0x8002AD36] -> 0x0000
[4435] [M]: 0x8002AD34 (0x00000113) addi sp, zero, 0
x2 <- 0x00000000


mem[X,0x8002AD38] -> 0x006F
mem[X,0x8002AD3A] -> 0x00C0
[4436] [M]: 0x8002AD38 (0x00C0006F) jal zero, 12


mem[X,0x8002AD44] -> 0x0CE3
mem[X,0x8002AD46] -> 0xFEB5
[4437] [M]: 0x8002AD44 (0xFEB50CE3) beq a0, a1, 8184


mem[X,0x8002AD48] -> 0x0113
mem[X,0x8002AD4A] -> 0x0021
[4438] [M]: 0x8002AD48 (0x00210113) addi sp, sp, 2
x2 <- 0x00000002


mem[X,0x8002AD4C] -> 0x006F
mem[X,0x8002AD4E] -> 0x00C0
[4439] [M]: 0x8002AD4C (0x00C0006F) jal zero, 12


mem[X,0x8002AD58] -> 0xA423
mem[X,0x8002AD5A] -> 0x7020
[4440] [M]: 0x8002AD58 (0x7020A423) sw sp, 1800(ra)
mem[0x80039970] <- 0x00000002


mem[X,0x8002AD5C] -> 0x0513
mem[X,0x8002AD5E] -> 0x0040
[4441] [M]: 0x8002AD5C (0x00400513) addi a0, zero, 4
x10 <- 0x00000004


mem[X,0x8002AD60] -> 0x55B7
mem[X,0x8002AD62] -> 0xFFFF
[4442] [M]: 0x8002AD60 (0xFFFF55B7) lui a1, 1048565
x11 <- 0xFFFF5000


mem[X,0x8002AD64] -> 0x8593
mem[X,0x8002AD66] -> 0xAFD5
[4443] [M]: 0x8002AD64 (0xAFD58593) addi a1, a1, 2813
x11 <- 0xFFFF4AFD


mem[X,0x8002AD68] -> 0x0113
mem[X,0x8002AD6A] -> 0x0000
[4444] [M]: 0x8002AD68 (0x00000113) addi sp, zero, 0
x2 <- 0x00000000


mem[X,0x8002AD6C] -> 0x006F
mem[X,0x8002AD6E] -> 0x00C0
[4445] [M]: 0x8002AD6C (0x00C0006F) jal zero, 12


mem[X,0x8002AD78] -> 0x0863
mem[X,0x8002AD7A] -> 0x00B5
[4446] [M]: 0x8002AD78 (0x00B50863) beq a0, a1, 16


mem[X,0x8002AD7C] -> 0x0113
mem[X,0x8002AD7E] -> 0x0021
[4447] [M]: 0x8002AD7C (0x00210113) addi sp, sp, 2
x2 <- 0x00000002


mem[X,0x8002AD80] -> 0x006F
mem[X,0x8002AD82] -> 0x0100
[4448] [M]: 0x8002AD80 (0x0100006F) jal zero, 16


mem[X,0x8002AD90] -> 0xA623
mem[X,0x8002AD92] -> 0x7020
[4449] [M]: 0x8002AD90 (0x7020A623) sw sp, 1804(ra)
mem[0x80039974] <- 0x00000002


mem[X,0x8002AD94] -> 0x0513
mem[X,0x8002AD96] -> 0x0040
[4450] [M]: 0x8002AD94 (0x00400513) addi a0, zero, 4
x10 <- 0x00000004


mem[X,0x8002AD98] -> 0xB5B7
mem[X,0x8002AD9A] -> 0x0000
[4451] [M]: 0x8002AD98 (0x0000B5B7) lui a1, 11
x11 <- 0x0000B000


mem[X,0x8002AD9C] -> 0x8593
mem[X,0x8002AD9E] -> 0x5055
[4452] [M]: 0x8002AD9C (0x50558593) addi a1, a1, 1285
x11 <- 0x0000B505


mem[X,0x8002ADA0] -> 0x0113
mem[X,0x8002ADA2] -> 0x0000
[4453] [M]: 0x8002ADA0 (0x00000113) addi sp, zero, 0
x2 <- 0x00000000


mem[X,0x8002ADA4] -> 0x006F
mem[X,0x8002ADA6] -> 0x00C0
[4454] [M]: 0x8002ADA4 (0x00C0006F) jal zero, 12


mem[X,0x8002ADB0] -> 0x0063
mem[X,0x8002ADB2] -> 0x20B5
[4455] [M]: 0x8002ADB0 (0x20B50063) beq a0, a1, 512


mem[X,0x8002ADB4] -> 0x0113
mem[X,0x8002ADB6] -> 0x0021
[4456] [M]: 0x8002ADB4 (0x00210113) addi sp, sp, 2
x2 <- 0x00000002


mem[X,0x8002ADB8] -> 0x006F
mem[X,0x8002ADBA] -> 0x2000
[4457] [M]: 0x8002ADB8 (0x2000006F) jal zero, 512


mem[X,0x8002AFB8] -> 0xA823
mem[X,0x8002AFBA] -> 0x7020
[4458] [M]: 0x8002AFB8 (0x7020A823) sw sp, 1808(ra)
mem[0x80039978] <- 0x00000002


mem[X,0x8002AFBC] -> 0x3537
mem[X,0x8002AFBE] -> 0x3333
[4459] [M]: 0x8002AFBC (0x33333537) lui a0, 209715
x10 <- 0x33333000


mem[X,0x8002AFC0] -> 0x0513
mem[X,0x8002AFC2] -> 0x3325
[4460] [M]: 0x8002AFC0 (0x33250513) addi a0, a0, 818
x10 <- 0x33333332


mem[X,0x8002AFC4] -> 0x0593
mem[X,0x8002AFC6] -> 0x0030
[4461] [M]: 0x8002AFC4 (0x00300593) addi a1, zero, 3
x11 <- 0x00000003


mem[X,0x8002AFC8] -> 0x0113
mem[X,0x8002AFCA] -> 0x0000
[4462] [M]: 0x8002AFC8 (0x00000113) addi sp, zero, 0
x2 <- 0x00000000


mem[X,0x8002AFCC] -> 0x006F
mem[X,0x8002AFCE] -> 0x00C0
[4463] [M]: 0x8002AFCC (0x00C0006F) jal zero, 12


mem[X,0x8002AFD8] -> 0x0063
mem[X,0x8002AFDA] -> 0x20B5
[4464] [M]: 0x8002AFD8 (0x20B50063) beq a0, a1, 512


mem[X,0x8002AFDC] -> 0x0113
mem[X,0x8002AFDE] -> 0x0021
[4465] [M]: 0x8002AFDC (0x00210113) addi sp, sp, 2
x2 <- 0x00000002


mem[X,0x8002AFE0] -> 0x006F
mem[X,0x8002AFE2] -> 0x2000
[4466] [M]: 0x8002AFE0 (0x2000006F) jal zero, 512


mem[X,0x8002B1E0] -> 0xAA23
mem[X,0x8002B1E2] -> 0x7020
[4467] [M]: 0x8002B1E0 (0x7020AA23) sw sp, 1812(ra)
mem[0x8003997C] <- 0x00000002


mem[X,0x8002B1E4] -> 0x3537
mem[X,0x8002B1E6] -> 0x3333
[4468] [M]: 0x8002B1E4 (0x33333537) lui a0, 209715
x10 <- 0x33333000


mem[X,0x8002B1E8] -> 0x0513
mem[X,0x8002B1EA] -> 0x3325
[4469] [M]: 0x8002B1E8 (0x33250513) addi a0, a0, 818
x10 <- 0x33333332


mem[X,0x8002B1EC] -> 0x55B7
mem[X,0x8002B1EE] -> 0x5555
[4470] [M]: 0x8002B1EC (0x555555B7) lui a1, 349525
x11 <- 0x55555000


mem[X,0x8002B1F0] -> 0x8593
mem[X,0x8002B1F2] -> 0x5555
[4471] [M]: 0x8002B1F0 (0x55558593) addi a1, a1, 1365
x11 <- 0x55555555


mem[X,0x8002B1F4] -> 0x0113
mem[X,0x8002B1F6] -> 0x0000
[4472] [M]: 0x8002B1F4 (0x00000113) addi sp, zero, 0
x2 <- 0x00000000


mem[X,0x8002B1F8] -> 0x006F
mem[X,0x8002B1FA] -> 0x00C0
[4473] [M]: 0x8002B1F8 (0x00C0006F) jal zero, 12


mem[X,0x8002B204] -> 0x0663
mem[X,0x8002B206] -> 0x00B5
[4474] [M]: 0x8002B204 (0x00B50663) beq a0, a1, 12


mem[X,0x8002B208] -> 0x0113
mem[X,0x8002B20A] -> 0x0021
[4475] [M]: 0x8002B208 (0x00210113) addi sp, sp, 2
x2 <- 0x00000002


mem[X,0x8002B20C] -> 0x006F
mem[X,0x8002B20E] -> 0x00C0
[4476] [M]: 0x8002B20C (0x00C0006F) jal zero, 12


mem[X,0x8002B218] -> 0xAC23
mem[X,0x8002B21A] -> 0x7020
[4477] [M]: 0x8002B218 (0x7020AC23) sw sp, 1816(ra)
mem[0x80039980] <- 0x00000002


mem[X,0x8002B21C] -> 0x3537
mem[X,0x8002B21E] -> 0x3333
[4478] [M]: 0x8002B21C (0x33333537) lui a0, 209715
x10 <- 0x33333000


mem[X,0x8002B220] -> 0x0513
mem[X,0x8002B222] -> 0x3325
[4479] [M]: 0x8002B220 (0x33250513) addi a0, a0, 818
x10 <- 0x33333332


mem[X,0x8002B224] -> 0xB5B7
mem[X,0x8002B226] -> 0xAAAA
[4480] [M]: 0x8002B224 (0xAAAAB5B7) lui a1, 699051
x11 <- 0xAAAAB000


mem[X,0x8002B228] -> 0x8593
mem[X,0x8002B22A] -> 0xAAA5
[4481] [M]: 0x8002B228 (0xAAA58593) addi a1, a1, 2730
x11 <- 0xAAAAAAAA


mem[X,0x8002B22C] -> 0x0113
mem[X,0x8002B22E] -> 0x0000
[4482] [M]: 0x8002B22C (0x00000113) addi sp, zero, 0
x2 <- 0x00000000


mem[X,0x8002B230] -> 0x006F
mem[X,0x8002B232] -> 0x2B10
[4483] [M]: 0x8002B230 (0x2B10006F) jal zero, 2736


mem[X,0x8002BCE0] -> 0x0A63
mem[X,0x8002BCE2] -> 0xD4B5
[4484] [M]: 0x8002BCE0 (0xD4B50A63) beq a0, a1, 5460


mem[X,0x8002BCE4] -> 0x0113
mem[X,0x8002BCE6] -> 0x0021
[4485] [M]: 0x8002BCE4 (0x00210113) addi sp, sp, 2
x2 <- 0x00000002


mem[X,0x8002BCE8] -> 0x006F
mem[X,0x8002BCEA] -> 0x00C0
[4486] [M]: 0x8002BCE8 (0x00C0006F) jal zero, 12


mem[X,0x8002BCF4] -> 0xAE23
mem[X,0x8002BCF6] -> 0x7020
[4487] [M]: 0x8002BCF4 (0x7020AE23) sw sp, 1820(ra)
mem[0x80039984] <- 0x00000002


mem[X,0x8002BCF8] -> 0x3537
mem[X,0x8002BCFA] -> 0x3333
[4488] [M]: 0x8002BCF8 (0x33333537) lui a0, 209715
x10 <- 0x33333000


mem[X,0x8002BCFC] -> 0x0513
mem[X,0x8002BCFE] -> 0x3325
[4489] [M]: 0x8002BCFC (0x33250513) addi a0, a0, 818
x10 <- 0x33333332


mem[X,0x8002BD00] -> 0x0593
mem[X,0x8002BD02] -> 0x0050
[4490] [M]: 0x8002BD00 (0x00500593) addi a1, zero, 5
x11 <- 0x00000005


mem[X,0x8002BD04] -> 0x0113
mem[X,0x8002BD06] -> 0x0000
[4491] [M]: 0x8002BD04 (0x00000113) addi sp, zero, 0
x2 <- 0x00000000


mem[X,0x8002BD08] -> 0x006F
mem[X,0x8002BD0A] -> 0x0140
[4492] [M]: 0x8002BD08 (0x0140006F) jal zero, 20


mem[X,0x8002BD1C] -> 0x08E3
mem[X,0x8002BD1E] -> 0xFEB5
[4493] [M]: 0x8002BD1C (0xFEB508E3) beq a0, a1, 8176


mem[X,0x8002BD20] -> 0x0113
mem[X,0x8002BD22] -> 0x0021
[4494] [M]: 0x8002BD20 (0x00210113) addi sp, sp, 2
x2 <- 0x00000002


mem[X,0x8002BD24] -> 0x006F
mem[X,0x8002BD26] -> 0x00C0
[4495] [M]: 0x8002BD24 (0x00C0006F) jal zero, 12


mem[X,0x8002BD30] -> 0xA023
mem[X,0x8002BD32] -> 0x7220
[4496] [M]: 0x8002BD30 (0x7220A023) sw sp, 1824(ra)
mem[0x80039988] <- 0x00000002


mem[X,0x8002BD34] -> 0x3537
mem[X,0x8002BD36] -> 0x3333
[4497] [M]: 0x8002BD34 (0x33333537) lui a0, 209715
x10 <- 0x33333000


mem[X,0x8002BD38] -> 0x0513
mem[X,0x8002BD3A] -> 0x3325
[4498] [M]: 0x8002BD38 (0x33250513) addi a0, a0, 818
x10 <- 0x33333332


mem[X,0x8002BD3C] -> 0x35B7
mem[X,0x8002BD3E] -> 0x3333
[4499] [M]: 0x8002BD3C (0x333335B7) lui a1, 209715
x11 <- 0x33333000


clint::tick mtime <- 0x000000000000002D
 clint timer pending at mtime 0x000000000000002D
htif::tick 0x0000000000000000
mem[X,0x8002BD40] -> 0x8593
mem[X,0x8002BD42] -> 0x3335
[4500] [M]: 0x8002BD40 (0x33358593) addi a1, a1, 819
x11 <- 0x33333333


mem[X,0x8002BD44] -> 0x0113
mem[X,0x8002BD46] -> 0x0000
[4501] [M]: 0x8002BD44 (0x00000113) addi sp, zero, 0
x2 <- 0x00000000


mem[X,0x8002BD48] -> 0x006F
mem[X,0x8002BD4A] -> 0x00C0
[4502] [M]: 0x8002BD48 (0x00C0006F) jal zero, 12


mem[X,0x8002BD54] -> 0x0063
mem[X,0x8002BD56] -> 0x04B5
[4503] [M]: 0x8002BD54 (0x04B50063) beq a0, a1, 64


mem[X,0x8002BD58] -> 0x0113
mem[X,0x8002BD5A] -> 0x0021
[4504] [M]: 0x8002BD58 (0x00210113) addi sp, sp, 2
x2 <- 0x00000002


mem[X,0x8002BD5C] -> 0x006F
mem[X,0x8002BD5E] -> 0x0400
[4505] [M]: 0x8002BD5C (0x0400006F) jal zero, 64


mem[X,0x8002BD9C] -> 0xA223
mem[X,0x8002BD9E] -> 0x7220
[4506] [M]: 0x8002BD9C (0x7220A223) sw sp, 1828(ra)
mem[0x8003998C] <- 0x00000002


mem[X,0x8002BDA0] -> 0x3537
mem[X,0x8002BDA2] -> 0x3333
[4507] [M]: 0x8002BDA0 (0x33333537) lui a0, 209715
x10 <- 0x33333000


mem[X,0x8002BDA4] -> 0x0513
mem[X,0x8002BDA6] -> 0x3325
[4508] [M]: 0x8002BDA4 (0x33250513) addi a0, a0, 818
x10 <- 0x33333332


mem[X,0x8002BDA8] -> 0x65B7
mem[X,0x8002BDAA] -> 0x6666
[4509] [M]: 0x8002BDA8 (0x666665B7) lui a1, 419430
x11 <- 0x66666000


mem[X,0x8002BDAC] -> 0x8593
mem[X,0x8002BDAE] -> 0x6665
[4510] [M]: 0x8002BDAC (0x66658593) addi a1, a1, 1638
x11 <- 0x66666666


mem[X,0x8002BDB0] -> 0x0113
mem[X,0x8002BDB2] -> 0x0000
[4511] [M]: 0x8002BDB0 (0x00000113) addi sp, zero, 0
x2 <- 0x00000000


mem[X,0x8002BDB4] -> 0x006F
mem[X,0x8002BDB6] -> 0x00C0
[4512] [M]: 0x8002BDB4 (0x00C0006F) jal zero, 12


mem[X,0x8002BDC0] -> 0x0663
mem[X,0x8002BDC2] -> 0x00B5
[4513] [M]: 0x8002BDC0 (0x00B50663) beq a0, a1, 12


mem[X,0x8002BDC4] -> 0x0113
mem[X,0x8002BDC6] -> 0x0021
[4514] [M]: 0x8002BDC4 (0x00210113) addi sp, sp, 2
x2 <- 0x00000002


mem[X,0x8002BDC8] -> 0x006F
mem[X,0x8002BDCA] -> 0x00C0
[4515] [M]: 0x8002BDC8 (0x00C0006F) jal zero, 12


mem[X,0x8002BDD4] -> 0xA423
mem[X,0x8002BDD6] -> 0x7220
[4516] [M]: 0x8002BDD4 (0x7220A423) sw sp, 1832(ra)
mem[0x80039990] <- 0x00000002


mem[X,0x8002BDD8] -> 0x3537
mem[X,0x8002BDDA] -> 0x3333
[4517] [M]: 0x8002BDD8 (0x33333537) lui a0, 209715
x10 <- 0x33333000


mem[X,0x8002BDDC] -> 0x0513
mem[X,0x8002BDDE] -> 0x3325
[4518] [M]: 0x8002BDDC (0x33250513) addi a0, a0, 818
x10 <- 0x33333332


mem[X,0x8002BDE0] -> 0x55B7
mem[X,0x8002BDE2] -> 0xFFFF
[4519] [M]: 0x8002BDE0 (0xFFFF55B7) lui a1, 1048565
x11 <- 0xFFFF5000


mem[X,0x8002BDE4] -> 0x8593
mem[X,0x8002BDE6] -> 0xAFC5
[4520] [M]: 0x8002BDE4 (0xAFC58593) addi a1, a1, 2812
x11 <- 0xFFFF4AFC


mem[X,0x8002BDE8] -> 0x0113
mem[X,0x8002BDEA] -> 0x0000
[4521] [M]: 0x8002BDE8 (0x00000113) addi sp, zero, 0
x2 <- 0x00000000


mem[X,0x8002BDEC] -> 0x006F
mem[X,0x8002BDEE] -> 0x00C0
[4522] [M]: 0x8002BDEC (0x00C0006F) jal zero, 12


mem[X,0x8002BDF8] -> 0x0063
mem[X,0x8002BDFA] -> 0x20B5
[4523] [M]: 0x8002BDF8 (0x20B50063) beq a0, a1, 512


mem[X,0x8002BDFC] -> 0x0113
mem[X,0x8002BDFE] -> 0x0021
[4524] [M]: 0x8002BDFC (0x00210113) addi sp, sp, 2
x2 <- 0x00000002


mem[X,0x8002BE00] -> 0x006F
mem[X,0x8002BE02] -> 0x2000
[4525] [M]: 0x8002BE00 (0x2000006F) jal zero, 512


mem[X,0x8002C000] -> 0xA623
mem[X,0x8002C002] -> 0x7220
[4526] [M]: 0x8002C000 (0x7220A623) sw sp, 1836(ra)
mem[0x80039994] <- 0x00000002


mem[X,0x8002C004] -> 0x3537
mem[X,0x8002C006] -> 0x3333
[4527] [M]: 0x8002C004 (0x33333537) lui a0, 209715
x10 <- 0x33333000


mem[X,0x8002C008] -> 0x0513
mem[X,0x8002C00A] -> 0x3325
[4528] [M]: 0x8002C008 (0x33250513) addi a0, a0, 818
x10 <- 0x33333332


mem[X,0x8002C00C] -> 0xB5B7
mem[X,0x8002C00E] -> 0x0000
[4529] [M]: 0x8002C00C (0x0000B5B7) lui a1, 11
x11 <- 0x0000B000


mem[X,0x8002C010] -> 0x8593
mem[X,0x8002C012] -> 0x5045
[4530] [M]: 0x8002C010 (0x50458593) addi a1, a1, 1284
x11 <- 0x0000B504


mem[X,0x8002C014] -> 0x0113
mem[X,0x8002C016] -> 0x0000
[4531] [M]: 0x8002C014 (0x00000113) addi sp, zero, 0
x2 <- 0x00000000


mem[X,0x8002C018] -> 0x006F
mem[X,0x8002C01A] -> 0x00C0
[4532] [M]: 0x8002C018 (0x00C0006F) jal zero, 12


mem[X,0x8002C024] -> 0x0063
mem[X,0x8002C026] -> 0x04B5
[4533] [M]: 0x8002C024 (0x04B50063) beq a0, a1, 64


mem[X,0x8002C028] -> 0x0113
mem[X,0x8002C02A] -> 0x0021
[4534] [M]: 0x8002C028 (0x00210113) addi sp, sp, 2
x2 <- 0x00000002


mem[X,0x8002C02C] -> 0x006F
mem[X,0x8002C02E] -> 0x0400
[4535] [M]: 0x8002C02C (0x0400006F) jal zero, 64


mem[X,0x8002C06C] -> 0xA823
mem[X,0x8002C06E] -> 0x7220
[4536] [M]: 0x8002C06C (0x7220A823) sw sp, 1840(ra)
mem[0x80039998] <- 0x00000002


mem[X,0x8002C070] -> 0x3537
mem[X,0x8002C072] -> 0x3333
[4537] [M]: 0x8002C070 (0x33333537) lui a0, 209715
x10 <- 0x33333000


mem[X,0x8002C074] -> 0x0513
mem[X,0x8002C076] -> 0x3325
[4538] [M]: 0x8002C074 (0x33250513) addi a0, a0, 818
x10 <- 0x33333332


mem[X,0x8002C078] -> 0x0593
mem[X,0x8002C07A] -> 0x0020
[4539] [M]: 0x8002C078 (0x00200593) addi a1, zero, 2
x11 <- 0x00000002


mem[X,0x8002C07C] -> 0x0113
mem[X,0x8002C07E] -> 0x0000
[4540] [M]: 0x8002C07C (0x00000113) addi sp, zero, 0
x2 <- 0x00000000


mem[X,0x8002C080] -> 0x006F
mem[X,0x8002C082] -> 0x00C0
[4541] [M]: 0x8002C080 (0x00C0006F) jal zero, 12


mem[X,0x8002C08C] -> 0x0863
mem[X,0x8002C08E] -> 0x00B5
[4542] [M]: 0x8002C08C (0x00B50863) beq a0, a1, 16


mem[X,0x8002C090] -> 0x0113
mem[X,0x8002C092] -> 0x0021
[4543] [M]: 0x8002C090 (0x00210113) addi sp, sp, 2
x2 <- 0x00000002


mem[X,0x8002C094] -> 0x006F
mem[X,0x8002C096] -> 0x0100
[4544] [M]: 0x8002C094 (0x0100006F) jal zero, 16


mem[X,0x8002C0A4] -> 0xAA23
mem[X,0x8002C0A6] -> 0x7220
[4545] [M]: 0x8002C0A4 (0x7220AA23) sw sp, 1844(ra)
mem[0x8003999C] <- 0x00000002


mem[X,0x8002C0A8] -> 0x3537
mem[X,0x8002C0AA] -> 0x3333
[4546] [M]: 0x8002C0A8 (0x33333537) lui a0, 209715
x10 <- 0x33333000


mem[X,0x8002C0AC] -> 0x0513
mem[X,0x8002C0AE] -> 0x3325
[4547] [M]: 0x8002C0AC (0x33250513) addi a0, a0, 818
x10 <- 0x33333332


mem[X,0x8002C0B0] -> 0x55B7
mem[X,0x8002C0B2] -> 0x5555
[4548] [M]: 0x8002C0B0 (0x555555B7) lui a1, 349525
x11 <- 0x55555000


mem[X,0x8002C0B4] -> 0x8593
mem[X,0x8002C0B6] -> 0x5545
[4549] [M]: 0x8002C0B4 (0x55458593) addi a1, a1, 1364
x11 <- 0x55555554


mem[X,0x8002C0B8] -> 0x0113
mem[X,0x8002C0BA] -> 0x0000
[4550] [M]: 0x8002C0B8 (0x00000113) addi sp, zero, 0
x2 <- 0x00000000


mem[X,0x8002C0BC] -> 0x006F
mem[X,0x8002C0BE] -> 0x2B10
[4551] [M]: 0x8002C0BC (0x2B10006F) jal zero, 2736


mem[X,0x8002CB6C] -> 0x0A63
mem[X,0x8002CB6E] -> 0xD4B5
[4552] [M]: 0x8002CB6C (0xD4B50A63) beq a0, a1, 5460


mem[X,0x8002CB70] -> 0x0113
mem[X,0x8002CB72] -> 0x0021
[4553] [M]: 0x8002CB70 (0x00210113) addi sp, sp, 2
x2 <- 0x00000002


mem[X,0x8002CB74] -> 0x006F
mem[X,0x8002CB76] -> 0x00C0
[4554] [M]: 0x8002CB74 (0x00C0006F) jal zero, 12


mem[X,0x8002CB80] -> 0xAC23
mem[X,0x8002CB82] -> 0x7220
[4555] [M]: 0x8002CB80 (0x7220AC23) sw sp, 1848(ra)
mem[0x800399A0] <- 0x00000002


mem[X,0x8002CB84] -> 0x3537
mem[X,0x8002CB86] -> 0x3333
[4556] [M]: 0x8002CB84 (0x33333537) lui a0, 209715
x10 <- 0x33333000


mem[X,0x8002CB88] -> 0x0513
mem[X,0x8002CB8A] -> 0x3325
[4557] [M]: 0x8002CB88 (0x33250513) addi a0, a0, 818
x10 <- 0x33333332


mem[X,0x8002CB8C] -> 0x0593
mem[X,0x8002CB8E] -> 0x0000
[4558] [M]: 0x8002CB8C (0x00000593) addi a1, zero, 0
x11 <- 0x00000000


mem[X,0x8002CB90] -> 0x0113
mem[X,0x8002CB92] -> 0x0000
[4559] [M]: 0x8002CB90 (0x00000113) addi sp, zero, 0
x2 <- 0x00000000


mem[X,0x8002CB94] -> 0x006F
mem[X,0x8002CB96] -> 0x0140
[4560] [M]: 0x8002CB94 (0x0140006F) jal zero, 20


mem[X,0x8002CBA8] -> 0x08E3
mem[X,0x8002CBAA] -> 0xFEB5
[4561] [M]: 0x8002CBA8 (0xFEB508E3) beq a0, a1, 8176


mem[X,0x8002CBAC] -> 0x0113
mem[X,0x8002CBAE] -> 0x0021
[4562] [M]: 0x8002CBAC (0x00210113) addi sp, sp, 2
x2 <- 0x00000002


mem[X,0x8002CBB0] -> 0x006F
mem[X,0x8002CBB2] -> 0x00C0
[4563] [M]: 0x8002CBB0 (0x00C0006F) jal zero, 12


mem[X,0x8002CBBC] -> 0xAE23
mem[X,0x8002CBBE] -> 0x7220
[4564] [M]: 0x8002CBBC (0x7220AE23) sw sp, 1852(ra)
mem[0x800399A4] <- 0x00000002


mem[X,0x8002CBC0] -> 0x3537
mem[X,0x8002CBC2] -> 0x3333
[4565] [M]: 0x8002CBC0 (0x33333537) lui a0, 209715
x10 <- 0x33333000


mem[X,0x8002CBC4] -> 0x0513
mem[X,0x8002CBC6] -> 0x3325
[4566] [M]: 0x8002CBC4 (0x33250513) addi a0, a0, 818
x10 <- 0x33333332


mem[X,0x8002CBC8] -> 0x0593
mem[X,0x8002CBCA] -> 0x0040
[4567] [M]: 0x8002CBC8 (0x00400593) addi a1, zero, 4
x11 <- 0x00000004


mem[X,0x8002CBCC] -> 0x0113
mem[X,0x8002CBCE] -> 0x0000
[4568] [M]: 0x8002CBCC (0x00000113) addi sp, zero, 0
x2 <- 0x00000000


mem[X,0x8002CBD0] -> 0x006F
mem[X,0x8002CBD2] -> 0x2B10
[4569] [M]: 0x8002CBD0 (0x2B10006F) jal zero, 2736


mem[X,0x8002D680] -> 0x0A63
mem[X,0x8002D682] -> 0xD4B5
[4570] [M]: 0x8002D680 (0xD4B50A63) beq a0, a1, 5460


mem[X,0x8002D684] -> 0x0113
mem[X,0x8002D686] -> 0x0021
[4571] [M]: 0x8002D684 (0x00210113) addi sp, sp, 2
x2 <- 0x00000002


mem[X,0x8002D688] -> 0x006F
mem[X,0x8002D68A] -> 0x00C0
[4572] [M]: 0x8002D688 (0x00C0006F) jal zero, 12


mem[X,0x8002D694] -> 0xA023
mem[X,0x8002D696] -> 0x7420
[4573] [M]: 0x8002D694 (0x7420A023) sw sp, 1856(ra)
mem[0x800399A8] <- 0x00000002


mem[X,0x8002D698] -> 0x3537
mem[X,0x8002D69A] -> 0x3333
[4574] [M]: 0x8002D698 (0x33333537) lui a0, 209715
x10 <- 0x33333000


mem[X,0x8002D69C] -> 0x0513
mem[X,0x8002D69E] -> 0x3325
[4575] [M]: 0x8002D69C (0x33250513) addi a0, a0, 818
x10 <- 0x33333332


mem[X,0x8002D6A0] -> 0x35B7
mem[X,0x8002D6A2] -> 0x3333
[4576] [M]: 0x8002D6A0 (0x333335B7) lui a1, 209715
x11 <- 0x33333000


mem[X,0x8002D6A4] -> 0x8593
mem[X,0x8002D6A6] -> 0x3325
[4577] [M]: 0x8002D6A4 (0x33258593) addi a1, a1, 818
x11 <- 0x33333332


mem[X,0x8002D6A8] -> 0x0113
mem[X,0x8002D6AA] -> 0x0000
[4578] [M]: 0x8002D6A8 (0x00000113) addi sp, zero, 0
x2 <- 0x00000000


mem[X,0x8002D6AC] -> 0x006F
mem[X,0x8002D6AE] -> 0x00C0
[4579] [M]: 0x8002D6AC (0x00C0006F) jal zero, 12


mem[X,0x8002D6B8] -> 0x0663
mem[X,0x8002D6BA] -> 0x00B5
[4580] [M]: 0x8002D6B8 (0x00B50663) beq a0, a1, 12


mem[X,0x8002D6C4] -> 0x0113
mem[X,0x8002D6C6] -> 0x0031
[4581] [M]: 0x8002D6C4 (0x00310113) addi sp, sp, 3
x2 <- 0x00000003


mem[X,0x8002D6C8] -> 0x006F
mem[X,0x8002D6CA] -> 0x0040
[4582] [M]: 0x8002D6C8 (0x0040006F) jal zero, 4


mem[X,0x8002D6CC] -> 0xA223
mem[X,0x8002D6CE] -> 0x7420
[4583] [M]: 0x8002D6CC (0x7420A223) sw sp, 1860(ra)
mem[0x800399AC] <- 0x00000003


mem[X,0x8002D6D0] -> 0x3537
mem[X,0x8002D6D2] -> 0x3333
[4584] [M]: 0x8002D6D0 (0x33333537) lui a0, 209715
x10 <- 0x33333000


mem[X,0x8002D6D4] -> 0x0513
mem[X,0x8002D6D6] -> 0x3325
[4585] [M]: 0x8002D6D4 (0x33250513) addi a0, a0, 818
x10 <- 0x33333332


mem[X,0x8002D6D8] -> 0x65B7
mem[X,0x8002D6DA] -> 0x6666
[4586] [M]: 0x8002D6D8 (0x666665B7) lui a1, 419430
x11 <- 0x66666000


mem[X,0x8002D6DC] -> 0x8593
mem[X,0x8002D6DE] -> 0x6655
[4587] [M]: 0x8002D6DC (0x66558593) addi a1, a1, 1637
x11 <- 0x66666665


mem[X,0x8002D6E0] -> 0x0113
mem[X,0x8002D6E2] -> 0x0000
[4588] [M]: 0x8002D6E0 (0x00000113) addi sp, zero, 0
x2 <- 0x00000000


mem[X,0x8002D6E4] -> 0x006F
mem[X,0x8002D6E6] -> 0x00C0
[4589] [M]: 0x8002D6E4 (0x00C0006F) jal zero, 12


mem[X,0x8002D6F0] -> 0x0063
mem[X,0x8002D6F2] -> 0x20B5
[4590] [M]: 0x8002D6F0 (0x20B50063) beq a0, a1, 512


mem[X,0x8002D6F4] -> 0x0113
mem[X,0x8002D6F6] -> 0x0021
[4591] [M]: 0x8002D6F4 (0x00210113) addi sp, sp, 2
x2 <- 0x00000002


mem[X,0x8002D6F8] -> 0x006F
mem[X,0x8002D6FA] -> 0x2000
[4592] [M]: 0x8002D6F8 (0x2000006F) jal zero, 512


mem[X,0x8002D8F8] -> 0xA423
mem[X,0x8002D8FA] -> 0x7420
[4593] [M]: 0x8002D8F8 (0x7420A423) sw sp, 1864(ra)
mem[0x800399B0] <- 0x00000002


mem[X,0x8002D8FC] -> 0x3537
mem[X,0x8002D8FE] -> 0x3333
[4594] [M]: 0x8002D8FC (0x33333537) lui a0, 209715
x10 <- 0x33333000


mem[X,0x8002D900] -> 0x0513
mem[X,0x8002D902] -> 0x3325
[4595] [M]: 0x8002D900 (0x33250513) addi a0, a0, 818
x10 <- 0x33333332


mem[X,0x8002D904] -> 0xB5B7
mem[X,0x8002D906] -> 0x0000
[4596] [M]: 0x8002D904 (0x0000B5B7) lui a1, 11
x11 <- 0x0000B000


mem[X,0x8002D908] -> 0x8593
mem[X,0x8002D90A] -> 0x5035
[4597] [M]: 0x8002D908 (0x50358593) addi a1, a1, 1283
x11 <- 0x0000B503


mem[X,0x8002D90C] -> 0x0113
mem[X,0x8002D90E] -> 0x0000
[4598] [M]: 0x8002D90C (0x00000113) addi sp, zero, 0
x2 <- 0x00000000


mem[X,0x8002D910] -> 0x006F
mem[X,0x8002D912] -> 0x00C0
[4599] [M]: 0x8002D910 (0x00C0006F) jal zero, 12


clint::tick mtime <- 0x000000000000002E
 clint timer pending at mtime 0x000000000000002E
htif::tick 0x0000000000000000
mem[X,0x8002D91C] -> 0x0CE3
mem[X,0x8002D91E] -> 0xFEB5
[4600] [M]: 0x8002D91C (0xFEB50CE3) beq a0, a1, 8184


mem[X,0x8002D920] -> 0x0113
mem[X,0x8002D922] -> 0x0021
[4601] [M]: 0x8002D920 (0x00210113) addi sp, sp, 2
x2 <- 0x00000002


mem[X,0x8002D924] -> 0x006F
mem[X,0x8002D926] -> 0x00C0
[4602] [M]: 0x8002D924 (0x00C0006F) jal zero, 12


mem[X,0x8002D930] -> 0xA623
mem[X,0x8002D932] -> 0x7420
[4603] [M]: 0x8002D930 (0x7420A623) sw sp, 1868(ra)
mem[0x800399B4] <- 0x00000002


mem[X,0x8002D934] -> 0x3537
mem[X,0x8002D936] -> 0x3333
[4604] [M]: 0x8002D934 (0x33333537) lui a0, 209715
x10 <- 0x33333000


mem[X,0x8002D938] -> 0x0513
mem[X,0x8002D93A] -> 0x3325
[4605] [M]: 0x8002D938 (0x33250513) addi a0, a0, 818
x10 <- 0x33333332


mem[X,0x8002D93C] -> 0x55B7
mem[X,0x8002D93E] -> 0x5555
[4606] [M]: 0x8002D93C (0x555555B7) lui a1, 349525
x11 <- 0x55555000


mem[X,0x8002D940] -> 0x8593
mem[X,0x8002D942] -> 0x5565
[4607] [M]: 0x8002D940 (0x55658593) addi a1, a1, 1366
x11 <- 0x55555556


mem[X,0x8002D944] -> 0x0113
mem[X,0x8002D946] -> 0x0000
[4608] [M]: 0x8002D944 (0x00000113) addi sp, zero, 0
x2 <- 0x00000000


mem[X,0x8002D948] -> 0x006F
mem[X,0x8002D94A] -> 0x00C0
[4609] [M]: 0x8002D948 (0x00C0006F) jal zero, 12


mem[X,0x8002D954] -> 0x0863
mem[X,0x8002D956] -> 0x00B5
[4610] [M]: 0x8002D954 (0x00B50863) beq a0, a1, 16


mem[X,0x8002D958] -> 0x0113
mem[X,0x8002D95A] -> 0x0021
[4611] [M]: 0x8002D958 (0x00210113) addi sp, sp, 2
x2 <- 0x00000002


mem[X,0x8002D95C] -> 0x006F
mem[X,0x8002D95E] -> 0x0100
[4612] [M]: 0x8002D95C (0x0100006F) jal zero, 16


mem[X,0x8002D96C] -> 0xA823
mem[X,0x8002D96E] -> 0x7420
[4613] [M]: 0x8002D96C (0x7420A823) sw sp, 1872(ra)
mem[0x800399B8] <- 0x00000002


mem[X,0x8002D970] -> 0x3537
mem[X,0x8002D972] -> 0x3333
[4614] [M]: 0x8002D970 (0x33333537) lui a0, 209715
x10 <- 0x33333000


mem[X,0x8002D974] -> 0x0513
mem[X,0x8002D976] -> 0x3325
[4615] [M]: 0x8002D974 (0x33250513) addi a0, a0, 818
x10 <- 0x33333332


mem[X,0x8002D978] -> 0xB5B7
mem[X,0x8002D97A] -> 0xAAAA
[4616] [M]: 0x8002D978 (0xAAAAB5B7) lui a1, 699051
x11 <- 0xAAAAB000


mem[X,0x8002D97C] -> 0x8593
mem[X,0x8002D97E] -> 0xAAB5
[4617] [M]: 0x8002D97C (0xAAB58593) addi a1, a1, 2731
x11 <- 0xAAAAAAAB


mem[X,0x8002D980] -> 0x0113
mem[X,0x8002D982] -> 0x0000
[4618] [M]: 0x8002D980 (0x00000113) addi sp, zero, 0
x2 <- 0x00000000


mem[X,0x8002D984] -> 0x006F
mem[X,0x8002D986] -> 0x00C0
[4619] [M]: 0x8002D984 (0x00C0006F) jal zero, 12


mem[X,0x8002D990] -> 0x0663
mem[X,0x8002D992] -> 0x00B5
[4620] [M]: 0x8002D990 (0x00B50663) beq a0, a1, 12


mem[X,0x8002D994] -> 0x0113
mem[X,0x8002D996] -> 0x0021
[4621] [M]: 0x8002D994 (0x00210113) addi sp, sp, 2
x2 <- 0x00000002


mem[X,0x8002D998] -> 0x006F
mem[X,0x8002D99A] -> 0x00C0
[4622] [M]: 0x8002D998 (0x00C0006F) jal zero, 12


mem[X,0x8002D9A4] -> 0xAA23
mem[X,0x8002D9A6] -> 0x7420
[4623] [M]: 0x8002D9A4 (0x7420AA23) sw sp, 1876(ra)
mem[0x800399BC] <- 0x00000002


mem[X,0x8002D9A8] -> 0x3537
mem[X,0x8002D9AA] -> 0x3333
[4624] [M]: 0x8002D9A8 (0x33333537) lui a0, 209715
x10 <- 0x33333000


mem[X,0x8002D9AC] -> 0x0513
mem[X,0x8002D9AE] -> 0x3325
[4625] [M]: 0x8002D9AC (0x33250513) addi a0, a0, 818
x10 <- 0x33333332


mem[X,0x8002D9B0] -> 0x0593
mem[X,0x8002D9B2] -> 0x0060
[4626] [M]: 0x8002D9B0 (0x00600593) addi a1, zero, 6
x11 <- 0x00000006


mem[X,0x8002D9B4] -> 0x0113
mem[X,0x8002D9B6] -> 0x0000
[4627] [M]: 0x8002D9B4 (0x00000113) addi sp, zero, 0
x2 <- 0x00000000


mem[X,0x8002D9B8] -> 0x006F
mem[X,0x8002D9BA] -> 0x00C0
[4628] [M]: 0x8002D9B8 (0x00C0006F) jal zero, 12


mem[X,0x8002D9C4] -> 0x0063
mem[X,0x8002D9C6] -> 0x10B5
[4629] [M]: 0x8002D9C4 (0x10B50063) beq a0, a1, 256


mem[X,0x8002D9C8] -> 0x0113
mem[X,0x8002D9CA] -> 0x0021
[4630] [M]: 0x8002D9C8 (0x00210113) addi sp, sp, 2
x2 <- 0x00000002


mem[X,0x8002D9CC] -> 0x006F
mem[X,0x8002D9CE] -> 0x1000
[4631] [M]: 0x8002D9CC (0x1000006F) jal zero, 256


mem[X,0x8002DACC] -> 0xAC23
mem[X,0x8002DACE] -> 0x7420
[4632] [M]: 0x8002DACC (0x7420AC23) sw sp, 1880(ra)
mem[0x800399C0] <- 0x00000002


mem[X,0x8002DAD0] -> 0x3537
mem[X,0x8002DAD2] -> 0x3333
[4633] [M]: 0x8002DAD0 (0x33333537) lui a0, 209715
x10 <- 0x33333000


mem[X,0x8002DAD4] -> 0x0513
mem[X,0x8002DAD6] -> 0x3325
[4634] [M]: 0x8002DAD4 (0x33250513) addi a0, a0, 818
x10 <- 0x33333332


mem[X,0x8002DAD8] -> 0x35B7
mem[X,0x8002DADA] -> 0x3333
[4635] [M]: 0x8002DAD8 (0x333335B7) lui a1, 209715
x11 <- 0x33333000


mem[X,0x8002DADC] -> 0x8593
mem[X,0x8002DADE] -> 0x3345
[4636] [M]: 0x8002DADC (0x33458593) addi a1, a1, 820
x11 <- 0x33333334


mem[X,0x8002DAE0] -> 0x0113
mem[X,0x8002DAE2] -> 0x0000
[4637] [M]: 0x8002DAE0 (0x00000113) addi sp, zero, 0
x2 <- 0x00000000


mem[X,0x8002DAE4] -> 0x006F
mem[X,0x8002DAE6] -> 0x00C0
[4638] [M]: 0x8002DAE4 (0x00C0006F) jal zero, 12


mem[X,0x8002DAF0] -> 0x0063
mem[X,0x8002DAF2] -> 0x20B5
[4639] [M]: 0x8002DAF0 (0x20B50063) beq a0, a1, 512


mem[X,0x8002DAF4] -> 0x0113
mem[X,0x8002DAF6] -> 0x0021
[4640] [M]: 0x8002DAF4 (0x00210113) addi sp, sp, 2
x2 <- 0x00000002


mem[X,0x8002DAF8] -> 0x006F
mem[X,0x8002DAFA] -> 0x2000
[4641] [M]: 0x8002DAF8 (0x2000006F) jal zero, 512


mem[X,0x8002DCF8] -> 0xAE23
mem[X,0x8002DCFA] -> 0x7420
[4642] [M]: 0x8002DCF8 (0x7420AE23) sw sp, 1884(ra)
mem[0x800399C4] <- 0x00000002


mem[X,0x8002DCFC] -> 0x3537
mem[X,0x8002DCFE] -> 0x3333
[4643] [M]: 0x8002DCFC (0x33333537) lui a0, 209715
x10 <- 0x33333000


mem[X,0x8002DD00] -> 0x0513
mem[X,0x8002DD02] -> 0x3325
[4644] [M]: 0x8002DD00 (0x33250513) addi a0, a0, 818
x10 <- 0x33333332


mem[X,0x8002DD04] -> 0x65B7
mem[X,0x8002DD06] -> 0x6666
[4645] [M]: 0x8002DD04 (0x666665B7) lui a1, 419430
x11 <- 0x66666000


mem[X,0x8002DD08] -> 0x8593
mem[X,0x8002DD0A] -> 0x6675
[4646] [M]: 0x8002DD08 (0x66758593) addi a1, a1, 1639
x11 <- 0x66666667


mem[X,0x8002DD0C] -> 0x0113
mem[X,0x8002DD0E] -> 0x0000
[4647] [M]: 0x8002DD0C (0x00000113) addi sp, zero, 0
x2 <- 0x00000000


mem[X,0x8002DD10] -> 0x006F
mem[X,0x8002DD12] -> 0x00C0
[4648] [M]: 0x8002DD10 (0x00C0006F) jal zero, 12


mem[X,0x8002DD1C] -> 0x0863
mem[X,0x8002DD1E] -> 0x00B5
[4649] [M]: 0x8002DD1C (0x00B50863) beq a0, a1, 16


mem[X,0x8002DD20] -> 0x0113
mem[X,0x8002DD22] -> 0x0021
[4650] [M]: 0x8002DD20 (0x00210113) addi sp, sp, 2
x2 <- 0x00000002


mem[X,0x8002DD24] -> 0x006F
mem[X,0x8002DD26] -> 0x0100
[4651] [M]: 0x8002DD24 (0x0100006F) jal zero, 16


mem[X,0x8002DD34] -> 0xA023
mem[X,0x8002DD36] -> 0x7620
[4652] [M]: 0x8002DD34 (0x7620A023) sw sp, 1888(ra)
mem[0x800399C8] <- 0x00000002


mem[X,0x8002DD38] -> 0x3537
mem[X,0x8002DD3A] -> 0x3333
[4653] [M]: 0x8002DD38 (0x33333537) lui a0, 209715
x10 <- 0x33333000


mem[X,0x8002DD3C] -> 0x0513
mem[X,0x8002DD3E] -> 0x3325
[4654] [M]: 0x8002DD3C (0x33250513) addi a0, a0, 818
x10 <- 0x33333332


mem[X,0x8002DD40] -> 0x55B7
mem[X,0x8002DD42] -> 0xFFFF
[4655] [M]: 0x8002DD40 (0xFFFF55B7) lui a1, 1048565
x11 <- 0xFFFF5000


mem[X,0x8002DD44] -> 0x8593
mem[X,0x8002DD46] -> 0xAFD5
[4656] [M]: 0x8002DD44 (0xAFD58593) addi a1, a1, 2813
x11 <- 0xFFFF4AFD


mem[X,0x8002DD48] -> 0x0113
mem[X,0x8002DD4A] -> 0x0000
[4657] [M]: 0x8002DD48 (0x00000113) addi sp, zero, 0
x2 <- 0x00000000


mem[X,0x8002DD4C] -> 0x006F
mem[X,0x8002DD4E] -> 0x0140
[4658] [M]: 0x8002DD4C (0x0140006F) jal zero, 20


mem[X,0x8002DD60] -> 0x08E3
mem[X,0x8002DD62] -> 0xFEB5
[4659] [M]: 0x8002DD60 (0xFEB508E3) beq a0, a1, 8176


mem[X,0x8002DD64] -> 0x0113
mem[X,0x8002DD66] -> 0x0021
[4660] [M]: 0x8002DD64 (0x00210113) addi sp, sp, 2
x2 <- 0x00000002


mem[X,0x8002DD68] -> 0x006F
mem[X,0x8002DD6A] -> 0x00C0
[4661] [M]: 0x8002DD68 (0x00C0006F) jal zero, 12


mem[X,0x8002DD74] -> 0xA223
mem[X,0x8002DD76] -> 0x7620
[4662] [M]: 0x8002DD74 (0x7620A223) sw sp, 1892(ra)
mem[0x800399CC] <- 0x00000002


mem[X,0x8002DD78] -> 0x3537
mem[X,0x8002DD7A] -> 0x3333
[4663] [M]: 0x8002DD78 (0x33333537) lui a0, 209715
x10 <- 0x33333000


mem[X,0x8002DD7C] -> 0x0513
mem[X,0x8002DD7E] -> 0x3325
[4664] [M]: 0x8002DD7C (0x33250513) addi a0, a0, 818
x10 <- 0x33333332


mem[X,0x8002DD80] -> 0xB5B7
mem[X,0x8002DD82] -> 0x0000
[4665] [M]: 0x8002DD80 (0x0000B5B7) lui a1, 11
x11 <- 0x0000B000


mem[X,0x8002DD84] -> 0x8593
mem[X,0x8002DD86] -> 0x5055
[4666] [M]: 0x8002DD84 (0x50558593) addi a1, a1, 1285
x11 <- 0x0000B505


mem[X,0x8002DD88] -> 0x0113
mem[X,0x8002DD8A] -> 0x0000
[4667] [M]: 0x8002DD88 (0x00000113) addi sp, zero, 0
x2 <- 0x00000000


mem[X,0x8002DD8C] -> 0x006F
mem[X,0x8002DD8E] -> 0x0140
[4668] [M]: 0x8002DD8C (0x0140006F) jal zero, 20


mem[X,0x8002DDA0] -> 0x08E3
mem[X,0x8002DDA2] -> 0xFEB5
[4669] [M]: 0x8002DDA0 (0xFEB508E3) beq a0, a1, 8176


mem[X,0x8002DDA4] -> 0x0113
mem[X,0x8002DDA6] -> 0x0021
[4670] [M]: 0x8002DDA4 (0x00210113) addi sp, sp, 2
x2 <- 0x00000002


mem[X,0x8002DDA8] -> 0x006F
mem[X,0x8002DDAA] -> 0x00C0
[4671] [M]: 0x8002DDA8 (0x00C0006F) jal zero, 12


mem[X,0x8002DDB4] -> 0xA423
mem[X,0x8002DDB6] -> 0x7620
[4672] [M]: 0x8002DDB4 (0x7620A423) sw sp, 1896(ra)
mem[0x800399D0] <- 0x00000002


mem[X,0x8002DDB8] -> 0x6537
mem[X,0x8002DDBA] -> 0x6666
[4673] [M]: 0x8002DDB8 (0x66666537) lui a0, 419430
x10 <- 0x66666000


mem[X,0x8002DDBC] -> 0x0513
mem[X,0x8002DDBE] -> 0x6655
[4674] [M]: 0x8002DDBC (0x66550513) addi a0, a0, 1637
x10 <- 0x66666665


mem[X,0x8002DDC0] -> 0x0593
mem[X,0x8002DDC2] -> 0x0030
[4675] [M]: 0x8002DDC0 (0x00300593) addi a1, zero, 3
x11 <- 0x00000003


mem[X,0x8002DDC4] -> 0x0113
mem[X,0x8002DDC6] -> 0x0000
[4676] [M]: 0x8002DDC4 (0x00000113) addi sp, zero, 0
x2 <- 0x00000000


mem[X,0x8002DDC8] -> 0x006F
mem[X,0x8002DDCA] -> 0x00C0
[4677] [M]: 0x8002DDC8 (0x00C0006F) jal zero, 12


mem[X,0x8002DDD4] -> 0x0663
mem[X,0x8002DDD6] -> 0x00B5
[4678] [M]: 0x8002DDD4 (0x00B50663) beq a0, a1, 12


mem[X,0x8002DDD8] -> 0x0113
mem[X,0x8002DDDA] -> 0x0021
[4679] [M]: 0x8002DDD8 (0x00210113) addi sp, sp, 2
x2 <- 0x00000002


mem[X,0x8002DDDC] -> 0x006F
mem[X,0x8002DDDE] -> 0x00C0
[4680] [M]: 0x8002DDDC (0x00C0006F) jal zero, 12


mem[X,0x8002DDE8] -> 0xA623
mem[X,0x8002DDEA] -> 0x7620
[4681] [M]: 0x8002DDE8 (0x7620A623) sw sp, 1900(ra)
mem[0x800399D4] <- 0x00000002


mem[X,0x8002DDEC] -> 0x6537
mem[X,0x8002DDEE] -> 0x6666
[4682] [M]: 0x8002DDEC (0x66666537) lui a0, 419430
x10 <- 0x66666000


mem[X,0x8002DDF0] -> 0x0513
mem[X,0x8002DDF2] -> 0x6655
[4683] [M]: 0x8002DDF0 (0x66550513) addi a0, a0, 1637
x10 <- 0x66666665


mem[X,0x8002DDF4] -> 0x55B7
mem[X,0x8002DDF6] -> 0x5555
[4684] [M]: 0x8002DDF4 (0x555555B7) lui a1, 349525
x11 <- 0x55555000


mem[X,0x8002DDF8] -> 0x8593
mem[X,0x8002DDFA] -> 0x5555
[4685] [M]: 0x8002DDF8 (0x55558593) addi a1, a1, 1365
x11 <- 0x55555555


mem[X,0x8002DDFC] -> 0x0113
mem[X,0x8002DDFE] -> 0x0000
[4686] [M]: 0x8002DDFC (0x00000113) addi sp, zero, 0
x2 <- 0x00000000


mem[X,0x8002DE00] -> 0x006F
mem[X,0x8002DE02] -> 0x00C0
[4687] [M]: 0x8002DE00 (0x00C0006F) jal zero, 12


mem[X,0x8002DE0C] -> 0x0663
mem[X,0x8002DE0E] -> 0x00B5
[4688] [M]: 0x8002DE0C (0x00B50663) beq a0, a1, 12


mem[X,0x8002DE10] -> 0x0113
mem[X,0x8002DE12] -> 0x0021
[4689] [M]: 0x8002DE10 (0x00210113) addi sp, sp, 2
x2 <- 0x00000002


mem[X,0x8002DE14] -> 0x006F
mem[X,0x8002DE16] -> 0x00C0
[4690] [M]: 0x8002DE14 (0x00C0006F) jal zero, 12


mem[X,0x8002DE20] -> 0xA823
mem[X,0x8002DE22] -> 0x7620
[4691] [M]: 0x8002DE20 (0x7620A823) sw sp, 1904(ra)
mem[0x800399D8] <- 0x00000002


mem[X,0x8002DE24] -> 0x6537
mem[X,0x8002DE26] -> 0x6666
[4692] [M]: 0x8002DE24 (0x66666537) lui a0, 419430
x10 <- 0x66666000


mem[X,0x8002DE28] -> 0x0513
mem[X,0x8002DE2A] -> 0x6655
[4693] [M]: 0x8002DE28 (0x66550513) addi a0, a0, 1637
x10 <- 0x66666665


mem[X,0x8002DE2C] -> 0xB5B7
mem[X,0x8002DE2E] -> 0xAAAA
[4694] [M]: 0x8002DE2C (0xAAAAB5B7) lui a1, 699051
x11 <- 0xAAAAB000


mem[X,0x8002DE30] -> 0x8593
mem[X,0x8002DE32] -> 0xAAA5
[4695] [M]: 0x8002DE30 (0xAAA58593) addi a1, a1, 2730
x11 <- 0xAAAAAAAA


mem[X,0x8002DE34] -> 0x0113
mem[X,0x8002DE36] -> 0x0000
[4696] [M]: 0x8002DE34 (0x00000113) addi sp, zero, 0
x2 <- 0x00000000


mem[X,0x8002DE38] -> 0x006F
mem[X,0x8002DE3A] -> 0x00C0
[4697] [M]: 0x8002DE38 (0x00C0006F) jal zero, 12


mem[X,0x8002DE44] -> 0x0063
mem[X,0x8002DE46] -> 0x08B5
[4698] [M]: 0x8002DE44 (0x08B50063) beq a0, a1, 128


mem[X,0x8002DE48] -> 0x0113
mem[X,0x8002DE4A] -> 0x0021
[4699] [M]: 0x8002DE48 (0x00210113) addi sp, sp, 2
x2 <- 0x00000002


clint::tick mtime <- 0x000000000000002F
 clint timer pending at mtime 0x000000000000002F
htif::tick 0x0000000000000000
mem[X,0x8002DE4C] -> 0x006F
mem[X,0x8002DE4E] -> 0x0800
[4700] [M]: 0x8002DE4C (0x0800006F) jal zero, 128


mem[X,0x8002DECC] -> 0xAA23
mem[X,0x8002DECE] -> 0x7620
[4701] [M]: 0x8002DECC (0x7620AA23) sw sp, 1908(ra)
mem[0x800399DC] <- 0x00000002


mem[X,0x8002DED0] -> 0x6537
mem[X,0x8002DED2] -> 0x6666
[4702] [M]: 0x8002DED0 (0x66666537) lui a0, 419430
x10 <- 0x66666000


mem[X,0x8002DED4] -> 0x0513
mem[X,0x8002DED6] -> 0x6655
[4703] [M]: 0x8002DED4 (0x66550513) addi a0, a0, 1637
x10 <- 0x66666665


mem[X,0x8002DED8] -> 0x0593
mem[X,0x8002DEDA] -> 0x0050
[4704] [M]: 0x8002DED8 (0x00500593) addi a1, zero, 5
x11 <- 0x00000005


mem[X,0x8002DEDC] -> 0x0113
mem[X,0x8002DEDE] -> 0x0000
[4705] [M]: 0x8002DEDC (0x00000113) addi sp, zero, 0
x2 <- 0x00000000


mem[X,0x8002DEE0] -> 0x006F
mem[X,0x8002DEE2] -> 0x00C0
[4706] [M]: 0x8002DEE0 (0x00C0006F) jal zero, 12


mem[X,0x8002DEEC] -> 0x0CE3
mem[X,0x8002DEEE] -> 0xFEB5
[4707] [M]: 0x8002DEEC (0xFEB50CE3) beq a0, a1, 8184


mem[X,0x8002DEF0] -> 0x0113
mem[X,0x8002DEF2] -> 0x0021
[4708] [M]: 0x8002DEF0 (0x00210113) addi sp, sp, 2
x2 <- 0x00000002


mem[X,0x8002DEF4] -> 0x006F
mem[X,0x8002DEF6] -> 0x00C0
[4709] [M]: 0x8002DEF4 (0x00C0006F) jal zero, 12


mem[X,0x8002DF00] -> 0xAC23
mem[X,0x8002DF02] -> 0x7620
[4710] [M]: 0x8002DF00 (0x7620AC23) sw sp, 1912(ra)
mem[0x800399E0] <- 0x00000002


mem[X,0x8002DF04] -> 0x6537
mem[X,0x8002DF06] -> 0x6666
[4711] [M]: 0x8002DF04 (0x66666537) lui a0, 419430
x10 <- 0x66666000


mem[X,0x8002DF08] -> 0x0513
mem[X,0x8002DF0A] -> 0x6655
[4712] [M]: 0x8002DF08 (0x66550513) addi a0, a0, 1637
x10 <- 0x66666665


mem[X,0x8002DF0C] -> 0x35B7
mem[X,0x8002DF0E] -> 0x3333
[4713] [M]: 0x8002DF0C (0x333335B7) lui a1, 209715
x11 <- 0x33333000


mem[X,0x8002DF10] -> 0x8593
mem[X,0x8002DF12] -> 0x3335
[4714] [M]: 0x8002DF10 (0x33358593) addi a1, a1, 819
x11 <- 0x33333333


mem[X,0x8002DF14] -> 0x0113
mem[X,0x8002DF16] -> 0x0000
[4715] [M]: 0x8002DF14 (0x00000113) addi sp, zero, 0
x2 <- 0x00000000


mem[X,0x8002DF18] -> 0x006F
mem[X,0x8002DF1A] -> 0x00C0
[4716] [M]: 0x8002DF18 (0x00C0006F) jal zero, 12


mem[X,0x8002DF24] -> 0x0CE3
mem[X,0x8002DF26] -> 0xFEB5
[4717] [M]: 0x8002DF24 (0xFEB50CE3) beq a0, a1, 8184


mem[X,0x8002DF28] -> 0x0113
mem[X,0x8002DF2A] -> 0x0021
[4718] [M]: 0x8002DF28 (0x00210113) addi sp, sp, 2
x2 <- 0x00000002


mem[X,0x8002DF2C] -> 0x006F
mem[X,0x8002DF2E] -> 0x00C0
[4719] [M]: 0x8002DF2C (0x00C0006F) jal zero, 12


mem[X,0x8002DF38] -> 0xAE23
mem[X,0x8002DF3A] -> 0x7620
[4720] [M]: 0x8002DF38 (0x7620AE23) sw sp, 1916(ra)
mem[0x800399E4] <- 0x00000002


mem[X,0x8002DF3C] -> 0x6537
mem[X,0x8002DF3E] -> 0x6666
[4721] [M]: 0x8002DF3C (0x66666537) lui a0, 419430
x10 <- 0x66666000


mem[X,0x8002DF40] -> 0x0513
mem[X,0x8002DF42] -> 0x6655
[4722] [M]: 0x8002DF40 (0x66550513) addi a0, a0, 1637
x10 <- 0x66666665


mem[X,0x8002DF44] -> 0x65B7
mem[X,0x8002DF46] -> 0x6666
[4723] [M]: 0x8002DF44 (0x666665B7) lui a1, 419430
x11 <- 0x66666000


mem[X,0x8002DF48] -> 0x8593
mem[X,0x8002DF4A] -> 0x6665
[4724] [M]: 0x8002DF48 (0x66658593) addi a1, a1, 1638
x11 <- 0x66666666


mem[X,0x8002DF4C] -> 0x0113
mem[X,0x8002DF4E] -> 0x0000
[4725] [M]: 0x8002DF4C (0x00000113) addi sp, zero, 0
x2 <- 0x00000000


mem[X,0x8002DF50] -> 0x006F
mem[X,0x8002DF52] -> 0x0180
[4726] [M]: 0x8002DF50 (0x0180006F) jal zero, 24


mem[X,0x8002DF68] -> 0x06E3
mem[X,0x8002DF6A] -> 0xFEB5
[4727] [M]: 0x8002DF68 (0xFEB506E3) beq a0, a1, 8172


mem[X,0x8002DF6C] -> 0x0113
mem[X,0x8002DF6E] -> 0x0021
[4728] [M]: 0x8002DF6C (0x00210113) addi sp, sp, 2
x2 <- 0x00000002


mem[X,0x8002DF70] -> 0x006F
mem[X,0x8002DF72] -> 0x00C0
[4729] [M]: 0x8002DF70 (0x00C0006F) jal zero, 12


mem[X,0x8002DF7C] -> 0xA023
mem[X,0x8002DF7E] -> 0x7820
[4730] [M]: 0x8002DF7C (0x7820A023) sw sp, 1920(ra)
mem[0x800399E8] <- 0x00000002


mem[X,0x8002DF80] -> 0x6537
mem[X,0x8002DF82] -> 0x6666
[4731] [M]: 0x8002DF80 (0x66666537) lui a0, 419430
x10 <- 0x66666000


mem[X,0x8002DF84] -> 0x0513
mem[X,0x8002DF86] -> 0x6655
[4732] [M]: 0x8002DF84 (0x66550513) addi a0, a0, 1637
x10 <- 0x66666665


mem[X,0x8002DF88] -> 0x55B7
mem[X,0x8002DF8A] -> 0xFFFF
[4733] [M]: 0x8002DF88 (0xFFFF55B7) lui a1, 1048565
x11 <- 0xFFFF5000


mem[X,0x8002DF8C] -> 0x8593
mem[X,0x8002DF8E] -> 0xAFC5
[4734] [M]: 0x8002DF8C (0xAFC58593) addi a1, a1, 2812
x11 <- 0xFFFF4AFC


mem[X,0x8002DF90] -> 0x0113
mem[X,0x8002DF92] -> 0x0000
[4735] [M]: 0x8002DF90 (0x00000113) addi sp, zero, 0
x2 <- 0x00000000


mem[X,0x8002DF94] -> 0x006F
mem[X,0x8002DF96] -> 0x00C0
[4736] [M]: 0x8002DF94 (0x00C0006F) jal zero, 12


mem[X,0x8002DFA0] -> 0x0063
mem[X,0x8002DFA2] -> 0x08B5
[4737] [M]: 0x8002DFA0 (0x08B50063) beq a0, a1, 128


mem[X,0x8002DFA4] -> 0x0113
mem[X,0x8002DFA6] -> 0x0021
[4738] [M]: 0x8002DFA4 (0x00210113) addi sp, sp, 2
x2 <- 0x00000002


mem[X,0x8002DFA8] -> 0x006F
mem[X,0x8002DFAA] -> 0x0800
[4739] [M]: 0x8002DFA8 (0x0800006F) jal zero, 128


mem[X,0x8002E028] -> 0xA223
mem[X,0x8002E02A] -> 0x7820
[4740] [M]: 0x8002E028 (0x7820A223) sw sp, 1924(ra)
mem[0x800399EC] <- 0x00000002


mem[X,0x8002E02C] -> 0x6537
mem[X,0x8002E02E] -> 0x6666
[4741] [M]: 0x8002E02C (0x66666537) lui a0, 419430
x10 <- 0x66666000


mem[X,0x8002E030] -> 0x0513
mem[X,0x8002E032] -> 0x6655
[4742] [M]: 0x8002E030 (0x66550513) addi a0, a0, 1637
x10 <- 0x66666665


mem[X,0x8002E034] -> 0xB5B7
mem[X,0x8002E036] -> 0x0000
[4743] [M]: 0x8002E034 (0x0000B5B7) lui a1, 11
x11 <- 0x0000B000


mem[X,0x8002E038] -> 0x8593
mem[X,0x8002E03A] -> 0x5045
[4744] [M]: 0x8002E038 (0x50458593) addi a1, a1, 1284
x11 <- 0x0000B504


mem[X,0x8002E03C] -> 0x0113
mem[X,0x8002E03E] -> 0x0000
[4745] [M]: 0x8002E03C (0x00000113) addi sp, zero, 0
x2 <- 0x00000000


mem[X,0x8002E040] -> 0x006F
mem[X,0x8002E042] -> 0x0050
[4746] [M]: 0x8002E040 (0x0050006F) jal zero, 2052


mem[X,0x8002E844] -> 0x00E3
mem[X,0x8002E846] -> 0x80B5
[4747] [M]: 0x8002E844 (0x80B500E3) beq a0, a1, 6144


mem[X,0x8002E848] -> 0x0113
mem[X,0x8002E84A] -> 0x0021
[4748] [M]: 0x8002E848 (0x00210113) addi sp, sp, 2
x2 <- 0x00000002


mem[X,0x8002E84C] -> 0x006F
mem[X,0x8002E84E] -> 0x00C0
[4749] [M]: 0x8002E84C (0x00C0006F) jal zero, 12


mem[X,0x8002E858] -> 0xA423
mem[X,0x8002E85A] -> 0x7820
[4750] [M]: 0x8002E858 (0x7820A423) sw sp, 1928(ra)
mem[0x800399F0] <- 0x00000002


mem[X,0x8002E85C] -> 0x6537
mem[X,0x8002E85E] -> 0x6666
[4751] [M]: 0x8002E85C (0x66666537) lui a0, 419430
x10 <- 0x66666000


mem[X,0x8002E860] -> 0x0513
mem[X,0x8002E862] -> 0x6655
[4752] [M]: 0x8002E860 (0x66550513) addi a0, a0, 1637
x10 <- 0x66666665


mem[X,0x8002E864] -> 0x0593
mem[X,0x8002E866] -> 0x0020
[4753] [M]: 0x8002E864 (0x00200593) addi a1, zero, 2
x11 <- 0x00000002


mem[X,0x8002E868] -> 0x0113
mem[X,0x8002E86A] -> 0x0000
[4754] [M]: 0x8002E868 (0x00000113) addi sp, zero, 0
x2 <- 0x00000000


mem[X,0x8002E86C] -> 0x006F
mem[X,0x8002E86E] -> 0x00C0
[4755] [M]: 0x8002E86C (0x00C0006F) jal zero, 12


mem[X,0x8002E878] -> 0x0063
mem[X,0x8002E87A] -> 0x10B5
[4756] [M]: 0x8002E878 (0x10B50063) beq a0, a1, 256


mem[X,0x8002E87C] -> 0x0113
mem[X,0x8002E87E] -> 0x0021
[4757] [M]: 0x8002E87C (0x00210113) addi sp, sp, 2
x2 <- 0x00000002


mem[X,0x8002E880] -> 0x006F
mem[X,0x8002E882] -> 0x1000
[4758] [M]: 0x8002E880 (0x1000006F) jal zero, 256


mem[X,0x8002E980] -> 0xA623
mem[X,0x8002E982] -> 0x7820
[4759] [M]: 0x8002E980 (0x7820A623) sw sp, 1932(ra)
mem[0x800399F4] <- 0x00000002


mem[X,0x8002E984] -> 0x6537
mem[X,0x8002E986] -> 0x6666
[4760] [M]: 0x8002E984 (0x66666537) lui a0, 419430
x10 <- 0x66666000


mem[X,0x8002E988] -> 0x0513
mem[X,0x8002E98A] -> 0x6655
[4761] [M]: 0x8002E988 (0x66550513) addi a0, a0, 1637
x10 <- 0x66666665


mem[X,0x8002E98C] -> 0x55B7
mem[X,0x8002E98E] -> 0x5555
[4762] [M]: 0x8002E98C (0x555555B7) lui a1, 349525
x11 <- 0x55555000


mem[X,0x8002E990] -> 0x8593
mem[X,0x8002E992] -> 0x5545
[4763] [M]: 0x8002E990 (0x55458593) addi a1, a1, 1364
x11 <- 0x55555554


mem[X,0x8002E994] -> 0x0113
mem[X,0x8002E996] -> 0x0000
[4764] [M]: 0x8002E994 (0x00000113) addi sp, zero, 0
x2 <- 0x00000000


mem[X,0x8002E998] -> 0x006F
mem[X,0x8002E99A] -> 0x0050
[4765] [M]: 0x8002E998 (0x0050006F) jal zero, 2052


mem[X,0x8002F19C] -> 0x00E3
mem[X,0x8002F19E] -> 0x80B5
[4766] [M]: 0x8002F19C (0x80B500E3) beq a0, a1, 6144


mem[X,0x8002F1A0] -> 0x0113
mem[X,0x8002F1A2] -> 0x0021
[4767] [M]: 0x8002F1A0 (0x00210113) addi sp, sp, 2
x2 <- 0x00000002


mem[X,0x8002F1A4] -> 0x006F
mem[X,0x8002F1A6] -> 0x00C0
[4768] [M]: 0x8002F1A4 (0x00C0006F) jal zero, 12


mem[X,0x8002F1B0] -> 0xA823
mem[X,0x8002F1B2] -> 0x7820
[4769] [M]: 0x8002F1B0 (0x7820A823) sw sp, 1936(ra)
mem[0x800399F8] <- 0x00000002


mem[X,0x8002F1B4] -> 0x6537
mem[X,0x8002F1B6] -> 0x6666
[4770] [M]: 0x8002F1B4 (0x66666537) lui a0, 419430
x10 <- 0x66666000


mem[X,0x8002F1B8] -> 0x0513
mem[X,0x8002F1BA] -> 0x6655
[4771] [M]: 0x8002F1B8 (0x66550513) addi a0, a0, 1637
x10 <- 0x66666665


mem[X,0x8002F1BC] -> 0x0593
mem[X,0x8002F1BE] -> 0x0000
[4772] [M]: 0x8002F1BC (0x00000593) addi a1, zero, 0
x11 <- 0x00000000


mem[X,0x8002F1C0] -> 0x0113
mem[X,0x8002F1C2] -> 0x0000
[4773] [M]: 0x8002F1C0 (0x00000113) addi sp, zero, 0
x2 <- 0x00000000


mem[X,0x8002F1C4] -> 0x006F
mem[X,0x8002F1C6] -> 0x00C0
[4774] [M]: 0x8002F1C4 (0x00C0006F) jal zero, 12


mem[X,0x8002F1D0] -> 0x0063
mem[X,0x8002F1D2] -> 0x04B5
[4775] [M]: 0x8002F1D0 (0x04B50063) beq a0, a1, 64


mem[X,0x8002F1D4] -> 0x0113
mem[X,0x8002F1D6] -> 0x0021
[4776] [M]: 0x8002F1D4 (0x00210113) addi sp, sp, 2
x2 <- 0x00000002


mem[X,0x8002F1D8] -> 0x006F
mem[X,0x8002F1DA] -> 0x0400
[4777] [M]: 0x8002F1D8 (0x0400006F) jal zero, 64


mem[X,0x8002F218] -> 0xAA23
mem[X,0x8002F21A] -> 0x7820
[4778] [M]: 0x8002F218 (0x7820AA23) sw sp, 1940(ra)
mem[0x800399FC] <- 0x00000002


mem[X,0x8002F21C] -> 0x6537
mem[X,0x8002F21E] -> 0x6666
[4779] [M]: 0x8002F21C (0x66666537) lui a0, 419430
x10 <- 0x66666000


mem[X,0x8002F220] -> 0x0513
mem[X,0x8002F222] -> 0x6655
[4780] [M]: 0x8002F220 (0x66550513) addi a0, a0, 1637
x10 <- 0x66666665


mem[X,0x8002F224] -> 0x0593
mem[X,0x8002F226] -> 0x0040
[4781] [M]: 0x8002F224 (0x00400593) addi a1, zero, 4
x11 <- 0x00000004


mem[X,0x8002F228] -> 0x0113
mem[X,0x8002F22A] -> 0x0000
[4782] [M]: 0x8002F228 (0x00000113) addi sp, zero, 0
x2 <- 0x00000000


mem[X,0x8002F22C] -> 0x006F
mem[X,0x8002F22E] -> 0x0140
[4783] [M]: 0x8002F22C (0x0140006F) jal zero, 20


mem[X,0x8002F240] -> 0x08E3
mem[X,0x8002F242] -> 0xFEB5
[4784] [M]: 0x8002F240 (0xFEB508E3) beq a0, a1, 8176


mem[X,0x8002F244] -> 0x0113
mem[X,0x8002F246] -> 0x0021
[4785] [M]: 0x8002F244 (0x00210113) addi sp, sp, 2
x2 <- 0x00000002


mem[X,0x8002F248] -> 0x006F
mem[X,0x8002F24A] -> 0x00C0
[4786] [M]: 0x8002F248 (0x00C0006F) jal zero, 12


mem[X,0x8002F254] -> 0xAC23
mem[X,0x8002F256] -> 0x7820
[4787] [M]: 0x8002F254 (0x7820AC23) sw sp, 1944(ra)
mem[0x80039A00] <- 0x00000002


mem[X,0x8002F258] -> 0x6537
mem[X,0x8002F25A] -> 0x6666
[4788] [M]: 0x8002F258 (0x66666537) lui a0, 419430
x10 <- 0x66666000


mem[X,0x8002F25C] -> 0x0513
mem[X,0x8002F25E] -> 0x6655
[4789] [M]: 0x8002F25C (0x66550513) addi a0, a0, 1637
x10 <- 0x66666665


mem[X,0x8002F260] -> 0x35B7
mem[X,0x8002F262] -> 0x3333
[4790] [M]: 0x8002F260 (0x333335B7) lui a1, 209715
x11 <- 0x33333000


mem[X,0x8002F264] -> 0x8593
mem[X,0x8002F266] -> 0x3325
[4791] [M]: 0x8002F264 (0x33258593) addi a1, a1, 818
x11 <- 0x33333332


mem[X,0x8002F268] -> 0x0113
mem[X,0x8002F26A] -> 0x0000
[4792] [M]: 0x8002F268 (0x00000113) addi sp, zero, 0
x2 <- 0x00000000


mem[X,0x8002F26C] -> 0x006F
mem[X,0x8002F26E] -> 0x00C0
[4793] [M]: 0x8002F26C (0x00C0006F) jal zero, 12


mem[X,0x8002F278] -> 0x0063
mem[X,0x8002F27A] -> 0x02B5
[4794] [M]: 0x8002F278 (0x02B50063) beq a0, a1, 32


mem[X,0x8002F27C] -> 0x0113
mem[X,0x8002F27E] -> 0x0021
[4795] [M]: 0x8002F27C (0x00210113) addi sp, sp, 2
x2 <- 0x00000002


mem[X,0x8002F280] -> 0x006F
mem[X,0x8002F282] -> 0x0200
[4796] [M]: 0x8002F280 (0x0200006F) jal zero, 32


mem[X,0x8002F2A0] -> 0xAE23
mem[X,0x8002F2A2] -> 0x7820
[4797] [M]: 0x8002F2A0 (0x7820AE23) sw sp, 1948(ra)
mem[0x80039A04] <- 0x00000002


mem[X,0x8002F2A4] -> 0x6537
mem[X,0x8002F2A6] -> 0x6666
[4798] [M]: 0x8002F2A4 (0x66666537) lui a0, 419430
x10 <- 0x66666000


mem[X,0x8002F2A8] -> 0x0513
mem[X,0x8002F2AA] -> 0x6655
[4799] [M]: 0x8002F2A8 (0x66550513) addi a0, a0, 1637
x10 <- 0x66666665


clint::tick mtime <- 0x0000000000000030
 clint timer pending at mtime 0x0000000000000030
htif::tick 0x0000000000000000
mem[X,0x8002F2AC] -> 0x65B7
mem[X,0x8002F2AE] -> 0x6666
[4800] [M]: 0x8002F2AC (0x666665B7) lui a1, 419430
x11 <- 0x66666000


mem[X,0x8002F2B0] -> 0x8593
mem[X,0x8002F2B2] -> 0x6655
[4801] [M]: 0x8002F2B0 (0x66558593) addi a1, a1, 1637
x11 <- 0x66666665


mem[X,0x8002F2B4] -> 0x0113
mem[X,0x8002F2B6] -> 0x0000
[4802] [M]: 0x8002F2B4 (0x00000113) addi sp, zero, 0
x2 <- 0x00000000


mem[X,0x8002F2B8] -> 0x006F
mem[X,0x8002F2BA] -> 0x0050
[4803] [M]: 0x8002F2B8 (0x0050006F) jal zero, 2052


mem[X,0x8002FABC] -> 0x00E3
mem[X,0x8002FABE] -> 0x80B5
[4804] [M]: 0x8002FABC (0x80B500E3) beq a0, a1, 6144


mem[X,0x8002F2BC] -> 0x0113
mem[X,0x8002F2BE] -> 0x0011
[4805] [M]: 0x8002F2BC (0x00110113) addi sp, sp, 1
x2 <- 0x00000001


mem[X,0x8002F2C0] -> 0x006F
mem[X,0x8002F2C2] -> 0x0110
[4806] [M]: 0x8002F2C0 (0x0110006F) jal zero, 2064


mem[X,0x8002FAD0] -> 0xA023
mem[X,0x8002FAD2] -> 0x7A20
[4807] [M]: 0x8002FAD0 (0x7A20A023) sw sp, 1952(ra)
mem[0x80039A08] <- 0x00000001


mem[X,0x8002FAD4] -> 0x6537
mem[X,0x8002FAD6] -> 0x6666
[4808] [M]: 0x8002FAD4 (0x66666537) lui a0, 419430
x10 <- 0x66666000


mem[X,0x8002FAD8] -> 0x0513
mem[X,0x8002FADA] -> 0x6655
[4809] [M]: 0x8002FAD8 (0x66550513) addi a0, a0, 1637
x10 <- 0x66666665


mem[X,0x8002FADC] -> 0xB5B7
mem[X,0x8002FADE] -> 0x0000
[4810] [M]: 0x8002FADC (0x0000B5B7) lui a1, 11
x11 <- 0x0000B000


mem[X,0x8002FAE0] -> 0x8593
mem[X,0x8002FAE2] -> 0x5035
[4811] [M]: 0x8002FAE0 (0x50358593) addi a1, a1, 1283
x11 <- 0x0000B503


mem[X,0x8002FAE4] -> 0x0113
mem[X,0x8002FAE6] -> 0x0000
[4812] [M]: 0x8002FAE4 (0x00000113) addi sp, zero, 0
x2 <- 0x00000000


mem[X,0x8002FAE8] -> 0x006F
mem[X,0x8002FAEA] -> 0x00C0
[4813] [M]: 0x8002FAE8 (0x00C0006F) jal zero, 12


mem[X,0x8002FAF4] -> 0x0663
mem[X,0x8002FAF6] -> 0x00B5
[4814] [M]: 0x8002FAF4 (0x00B50663) beq a0, a1, 12


mem[X,0x8002FAF8] -> 0x0113
mem[X,0x8002FAFA] -> 0x0021
[4815] [M]: 0x8002FAF8 (0x00210113) addi sp, sp, 2
x2 <- 0x00000002


mem[X,0x8002FAFC] -> 0x006F
mem[X,0x8002FAFE] -> 0x00C0
[4816] [M]: 0x8002FAFC (0x00C0006F) jal zero, 12


mem[X,0x8002FB08] -> 0xA223
mem[X,0x8002FB0A] -> 0x7A20
[4817] [M]: 0x8002FB08 (0x7A20A223) sw sp, 1956(ra)
mem[0x80039A0C] <- 0x00000002


mem[X,0x8002FB0C] -> 0x6537
mem[X,0x8002FB0E] -> 0x6666
[4818] [M]: 0x8002FB0C (0x66666537) lui a0, 419430
x10 <- 0x66666000


mem[X,0x8002FB10] -> 0x0513
mem[X,0x8002FB12] -> 0x6655
[4819] [M]: 0x8002FB10 (0x66550513) addi a0, a0, 1637
x10 <- 0x66666665


mem[X,0x8002FB14] -> 0x55B7
mem[X,0x8002FB16] -> 0x5555
[4820] [M]: 0x8002FB14 (0x555555B7) lui a1, 349525
x11 <- 0x55555000


mem[X,0x8002FB18] -> 0x8593
mem[X,0x8002FB1A] -> 0x5565
[4821] [M]: 0x8002FB18 (0x55658593) addi a1, a1, 1366
x11 <- 0x55555556


mem[X,0x8002FB1C] -> 0x0113
mem[X,0x8002FB1E] -> 0x0000
[4822] [M]: 0x8002FB1C (0x00000113) addi sp, zero, 0
x2 <- 0x00000000


mem[X,0x8002FB20] -> 0x006F
mem[X,0x8002FB22] -> 0x00C0
[4823] [M]: 0x8002FB20 (0x00C0006F) jal zero, 12


mem[X,0x8002FB2C] -> 0x0063
mem[X,0x8002FB2E] -> 0x08B5
[4824] [M]: 0x8002FB2C (0x08B50063) beq a0, a1, 128


mem[X,0x8002FB30] -> 0x0113
mem[X,0x8002FB32] -> 0x0021
[4825] [M]: 0x8002FB30 (0x00210113) addi sp, sp, 2
x2 <- 0x00000002


mem[X,0x8002FB34] -> 0x006F
mem[X,0x8002FB36] -> 0x0800
[4826] [M]: 0x8002FB34 (0x0800006F) jal zero, 128


mem[X,0x8002FBB4] -> 0xA423
mem[X,0x8002FBB6] -> 0x7A20
[4827] [M]: 0x8002FBB4 (0x7A20A423) sw sp, 1960(ra)
mem[0x80039A10] <- 0x00000002


mem[X,0x8002FBB8] -> 0x6537
mem[X,0x8002FBBA] -> 0x6666
[4828] [M]: 0x8002FBB8 (0x66666537) lui a0, 419430
x10 <- 0x66666000


mem[X,0x8002FBBC] -> 0x0513
mem[X,0x8002FBBE] -> 0x6655
[4829] [M]: 0x8002FBBC (0x66550513) addi a0, a0, 1637
x10 <- 0x66666665


mem[X,0x8002FBC0] -> 0xB5B7
mem[X,0x8002FBC2] -> 0xAAAA
[4830] [M]: 0x8002FBC0 (0xAAAAB5B7) lui a1, 699051
x11 <- 0xAAAAB000


mem[X,0x8002FBC4] -> 0x8593
mem[X,0x8002FBC6] -> 0xAAB5
[4831] [M]: 0x8002FBC4 (0xAAB58593) addi a1, a1, 2731
x11 <- 0xAAAAAAAB


mem[X,0x8002FBC8] -> 0x0113
mem[X,0x8002FBCA] -> 0x0000
[4832] [M]: 0x8002FBC8 (0x00000113) addi sp, zero, 0
x2 <- 0x00000000


mem[X,0x8002FBCC] -> 0x006F
mem[X,0x8002FBCE] -> 0x00C0
[4833] [M]: 0x8002FBCC (0x00C0006F) jal zero, 12


mem[X,0x8002FBD8] -> 0x0663
mem[X,0x8002FBDA] -> 0x00B5
[4834] [M]: 0x8002FBD8 (0x00B50663) beq a0, a1, 12


mem[X,0x8002FBDC] -> 0x0113
mem[X,0x8002FBDE] -> 0x0021
[4835] [M]: 0x8002FBDC (0x00210113) addi sp, sp, 2
x2 <- 0x00000002


mem[X,0x8002FBE0] -> 0x006F
mem[X,0x8002FBE2] -> 0x00C0
[4836] [M]: 0x8002FBE0 (0x00C0006F) jal zero, 12


mem[X,0x8002FBEC] -> 0xA623
mem[X,0x8002FBEE] -> 0x7A20
[4837] [M]: 0x8002FBEC (0x7A20A623) sw sp, 1964(ra)
mem[0x80039A14] <- 0x00000002


mem[X,0x8002FBF0] -> 0x6537
mem[X,0x8002FBF2] -> 0x6666
[4838] [M]: 0x8002FBF0 (0x66666537) lui a0, 419430
x10 <- 0x66666000


mem[X,0x8002FBF4] -> 0x0513
mem[X,0x8002FBF6] -> 0x6655
[4839] [M]: 0x8002FBF4 (0x66550513) addi a0, a0, 1637
x10 <- 0x66666665


mem[X,0x8002FBF8] -> 0x0593
mem[X,0x8002FBFA] -> 0x0060
[4840] [M]: 0x8002FBF8 (0x00600593) addi a1, zero, 6
x11 <- 0x00000006


mem[X,0x8002FBFC] -> 0x0113
mem[X,0x8002FBFE] -> 0x0000
[4841] [M]: 0x8002FBFC (0x00000113) addi sp, zero, 0
x2 <- 0x00000000


mem[X,0x8002FC00] -> 0x006F
mem[X,0x8002FC02] -> 0x00C0
[4842] [M]: 0x8002FC00 (0x00C0006F) jal zero, 12


mem[X,0x8002FC0C] -> 0x0CE3
mem[X,0x8002FC0E] -> 0xFEB5
[4843] [M]: 0x8002FC0C (0xFEB50CE3) beq a0, a1, 8184


mem[X,0x8002FC10] -> 0x0113
mem[X,0x8002FC12] -> 0x0021
[4844] [M]: 0x8002FC10 (0x00210113) addi sp, sp, 2
x2 <- 0x00000002


mem[X,0x8002FC14] -> 0x006F
mem[X,0x8002FC16] -> 0x00C0
[4845] [M]: 0x8002FC14 (0x00C0006F) jal zero, 12


mem[X,0x8002FC20] -> 0xA823
mem[X,0x8002FC22] -> 0x7A20
[4846] [M]: 0x8002FC20 (0x7A20A823) sw sp, 1968(ra)
mem[0x80039A18] <- 0x00000002


mem[X,0x8002FC24] -> 0x6537
mem[X,0x8002FC26] -> 0x6666
[4847] [M]: 0x8002FC24 (0x66666537) lui a0, 419430
x10 <- 0x66666000


mem[X,0x8002FC28] -> 0x0513
mem[X,0x8002FC2A] -> 0x6655
[4848] [M]: 0x8002FC28 (0x66550513) addi a0, a0, 1637
x10 <- 0x66666665


mem[X,0x8002FC2C] -> 0x35B7
mem[X,0x8002FC2E] -> 0x3333
[4849] [M]: 0x8002FC2C (0x333335B7) lui a1, 209715
x11 <- 0x33333000


mem[X,0x8002FC30] -> 0x8593
mem[X,0x8002FC32] -> 0x3345
[4850] [M]: 0x8002FC30 (0x33458593) addi a1, a1, 820
x11 <- 0x33333334


mem[X,0x8002FC34] -> 0x0113
mem[X,0x8002FC36] -> 0x0000
[4851] [M]: 0x8002FC34 (0x00000113) addi sp, zero, 0
x2 <- 0x00000000


mem[X,0x8002FC38] -> 0x006F
mem[X,0x8002FC3A] -> 0x00C0
[4852] [M]: 0x8002FC38 (0x00C0006F) jal zero, 12


mem[X,0x8002FC44] -> 0x0663
mem[X,0x8002FC46] -> 0x00B5
[4853] [M]: 0x8002FC44 (0x00B50663) beq a0, a1, 12


mem[X,0x8002FC48] -> 0x0113
mem[X,0x8002FC4A] -> 0x0021
[4854] [M]: 0x8002FC48 (0x00210113) addi sp, sp, 2
x2 <- 0x00000002


mem[X,0x8002FC4C] -> 0x006F
mem[X,0x8002FC4E] -> 0x00C0
[4855] [M]: 0x8002FC4C (0x00C0006F) jal zero, 12


mem[X,0x8002FC58] -> 0xAA23
mem[X,0x8002FC5A] -> 0x7A20
[4856] [M]: 0x8002FC58 (0x7A20AA23) sw sp, 1972(ra)
mem[0x80039A1C] <- 0x00000002


mem[X,0x8002FC5C] -> 0x6537
mem[X,0x8002FC5E] -> 0x6666
[4857] [M]: 0x8002FC5C (0x66666537) lui a0, 419430
x10 <- 0x66666000


mem[X,0x8002FC60] -> 0x0513
mem[X,0x8002FC62] -> 0x6655
[4858] [M]: 0x8002FC60 (0x66550513) addi a0, a0, 1637
x10 <- 0x66666665


mem[X,0x8002FC64] -> 0x65B7
mem[X,0x8002FC66] -> 0x6666
[4859] [M]: 0x8002FC64 (0x666665B7) lui a1, 419430
x11 <- 0x66666000


mem[X,0x8002FC68] -> 0x8593
mem[X,0x8002FC6A] -> 0x6675
[4860] [M]: 0x8002FC68 (0x66758593) addi a1, a1, 1639
x11 <- 0x66666667


mem[X,0x8002FC6C] -> 0x0113
mem[X,0x8002FC6E] -> 0x0000
[4861] [M]: 0x8002FC6C (0x00000113) addi sp, zero, 0
x2 <- 0x00000000


mem[X,0x8002FC70] -> 0x006F
mem[X,0x8002FC72] -> 0x0050
[4862] [M]: 0x8002FC70 (0x0050006F) jal zero, 2052


mem[X,0x80030474] -> 0x00E3
mem[X,0x80030476] -> 0x80B5
[4863] [M]: 0x80030474 (0x80B500E3) beq a0, a1, 6144


mem[X,0x80030478] -> 0x0113
mem[X,0x8003047A] -> 0x0021
[4864] [M]: 0x80030478 (0x00210113) addi sp, sp, 2
x2 <- 0x00000002


mem[X,0x8003047C] -> 0x006F
mem[X,0x8003047E] -> 0x00C0
[4865] [M]: 0x8003047C (0x00C0006F) jal zero, 12


mem[X,0x80030488] -> 0xAC23
mem[X,0x8003048A] -> 0x7A20
[4866] [M]: 0x80030488 (0x7A20AC23) sw sp, 1976(ra)
mem[0x80039A20] <- 0x00000002


mem[X,0x8003048C] -> 0x6537
mem[X,0x8003048E] -> 0x6666
[4867] [M]: 0x8003048C (0x66666537) lui a0, 419430
x10 <- 0x66666000


mem[X,0x80030490] -> 0x0513
mem[X,0x80030492] -> 0x6655
[4868] [M]: 0x80030490 (0x66550513) addi a0, a0, 1637
x10 <- 0x66666665


mem[X,0x80030494] -> 0x55B7
mem[X,0x80030496] -> 0xFFFF
[4869] [M]: 0x80030494 (0xFFFF55B7) lui a1, 1048565
x11 <- 0xFFFF5000


mem[X,0x80030498] -> 0x8593
mem[X,0x8003049A] -> 0xAFD5
[4870] [M]: 0x80030498 (0xAFD58593) addi a1, a1, 2813
x11 <- 0xFFFF4AFD


mem[X,0x8003049C] -> 0x0113
mem[X,0x8003049E] -> 0x0000
[4871] [M]: 0x8003049C (0x00000113) addi sp, zero, 0
x2 <- 0x00000000


mem[X,0x800304A0] -> 0x006F
mem[X,0x800304A2] -> 0x00C0
[4872] [M]: 0x800304A0 (0x00C0006F) jal zero, 12


mem[X,0x800304AC] -> 0x0CE3
mem[X,0x800304AE] -> 0xFEB5
[4873] [M]: 0x800304AC (0xFEB50CE3) beq a0, a1, 8184


mem[X,0x800304B0] -> 0x0113
mem[X,0x800304B2] -> 0x0021
[4874] [M]: 0x800304B0 (0x00210113) addi sp, sp, 2
x2 <- 0x00000002


mem[X,0x800304B4] -> 0x006F
mem[X,0x800304B6] -> 0x00C0
[4875] [M]: 0x800304B4 (0x00C0006F) jal zero, 12


mem[X,0x800304C0] -> 0xAE23
mem[X,0x800304C2] -> 0x7A20
[4876] [M]: 0x800304C0 (0x7A20AE23) sw sp, 1980(ra)
mem[0x80039A24] <- 0x00000002


mem[X,0x800304C4] -> 0x6537
mem[X,0x800304C6] -> 0x6666
[4877] [M]: 0x800304C4 (0x66666537) lui a0, 419430
x10 <- 0x66666000


mem[X,0x800304C8] -> 0x0513
mem[X,0x800304CA] -> 0x6655
[4878] [M]: 0x800304C8 (0x66550513) addi a0, a0, 1637
x10 <- 0x66666665


mem[X,0x800304CC] -> 0xB5B7
mem[X,0x800304CE] -> 0x0000
[4879] [M]: 0x800304CC (0x0000B5B7) lui a1, 11
x11 <- 0x0000B000


mem[X,0x800304D0] -> 0x8593
mem[X,0x800304D2] -> 0x5055
[4880] [M]: 0x800304D0 (0x50558593) addi a1, a1, 1285
x11 <- 0x0000B505


mem[X,0x800304D4] -> 0x0113
mem[X,0x800304D6] -> 0x0000
[4881] [M]: 0x800304D4 (0x00000113) addi sp, zero, 0
x2 <- 0x00000000


mem[X,0x800304D8] -> 0x006F
mem[X,0x800304DA] -> 0x00C0
[4882] [M]: 0x800304D8 (0x00C0006F) jal zero, 12


mem[X,0x800304E4] -> 0x0063
mem[X,0x800304E6] -> 0x20B5
[4883] [M]: 0x800304E4 (0x20B50063) beq a0, a1, 512


mem[X,0x800304E8] -> 0x0113
mem[X,0x800304EA] -> 0x0021
[4884] [M]: 0x800304E8 (0x00210113) addi sp, sp, 2
x2 <- 0x00000002


mem[X,0x800304EC] -> 0x006F
mem[X,0x800304EE] -> 0x2000
[4885] [M]: 0x800304EC (0x2000006F) jal zero, 512


mem[X,0x800306EC] -> 0xA023
mem[X,0x800306EE] -> 0x7C20
[4886] [M]: 0x800306EC (0x7C20A023) sw sp, 1984(ra)
mem[0x80039A28] <- 0x00000002


mem[X,0x800306F0] -> 0xB537
mem[X,0x800306F2] -> 0x0000
[4887] [M]: 0x800306F0 (0x0000B537) lui a0, 11
x10 <- 0x0000B000


mem[X,0x800306F4] -> 0x0513
mem[X,0x800306F6] -> 0x5035
[4888] [M]: 0x800306F4 (0x50350513) addi a0, a0, 1283
x10 <- 0x0000B503


mem[X,0x800306F8] -> 0x0593
mem[X,0x800306FA] -> 0x0030
[4889] [M]: 0x800306F8 (0x00300593) addi a1, zero, 3
x11 <- 0x00000003


mem[X,0x800306FC] -> 0x0113
mem[X,0x800306FE] -> 0x0000
[4890] [M]: 0x800306FC (0x00000113) addi sp, zero, 0
x2 <- 0x00000000


mem[X,0x80030700] -> 0x006F
mem[X,0x80030702] -> 0x0180
[4891] [M]: 0x80030700 (0x0180006F) jal zero, 24


mem[X,0x80030718] -> 0x06E3
mem[X,0x8003071A] -> 0xFEB5
[4892] [M]: 0x80030718 (0xFEB506E3) beq a0, a1, 8172


mem[X,0x8003071C] -> 0x0113
mem[X,0x8003071E] -> 0x0021
[4893] [M]: 0x8003071C (0x00210113) addi sp, sp, 2
x2 <- 0x00000002


mem[X,0x80030720] -> 0x006F
mem[X,0x80030722] -> 0x00C0
[4894] [M]: 0x80030720 (0x00C0006F) jal zero, 12


mem[X,0x8003072C] -> 0xA223
mem[X,0x8003072E] -> 0x7C20
[4895] [M]: 0x8003072C (0x7C20A223) sw sp, 1988(ra)
mem[0x80039A2C] <- 0x00000002


mem[X,0x80030730] -> 0xB537
mem[X,0x80030732] -> 0x0000
[4896] [M]: 0x80030730 (0x0000B537) lui a0, 11
x10 <- 0x0000B000


mem[X,0x80030734] -> 0x0513
mem[X,0x80030736] -> 0x5035
[4897] [M]: 0x80030734 (0x50350513) addi a0, a0, 1283
x10 <- 0x0000B503


mem[X,0x80030738] -> 0x55B7
mem[X,0x8003073A] -> 0x5555
[4898] [M]: 0x80030738 (0x555555B7) lui a1, 349525
x11 <- 0x55555000


mem[X,0x8003073C] -> 0x8593
mem[X,0x8003073E] -> 0x5555
[4899] [M]: 0x8003073C (0x55558593) addi a1, a1, 1365
x11 <- 0x55555555


clint::tick mtime <- 0x0000000000000031
 clint timer pending at mtime 0x0000000000000031
htif::tick 0x0000000000000000
mem[X,0x80030740] -> 0x0113
mem[X,0x80030742] -> 0x0000
[4900] [M]: 0x80030740 (0x00000113) addi sp, zero, 0
x2 <- 0x00000000


mem[X,0x80030744] -> 0x006F
mem[X,0x80030746] -> 0x0100
[4901] [M]: 0x80030744 (0x0100006F) jal zero, 16


mem[X,0x80030754] -> 0x0AE3
mem[X,0x80030756] -> 0xFEB5
[4902] [M]: 0x80030754 (0xFEB50AE3) beq a0, a1, 8180


mem[X,0x80030758] -> 0x0113
mem[X,0x8003075A] -> 0x0021
[4903] [M]: 0x80030758 (0x00210113) addi sp, sp, 2
x2 <- 0x00000002


mem[X,0x8003075C] -> 0x006F
mem[X,0x8003075E] -> 0x00C0
[4904] [M]: 0x8003075C (0x00C0006F) jal zero, 12


mem[X,0x80030768] -> 0xA423
mem[X,0x8003076A] -> 0x7C20
[4905] [M]: 0x80030768 (0x7C20A423) sw sp, 1992(ra)
mem[0x80039A30] <- 0x00000002


mem[X,0x8003076C] -> 0xB537
mem[X,0x8003076E] -> 0x0000
[4906] [M]: 0x8003076C (0x0000B537) lui a0, 11
x10 <- 0x0000B000


mem[X,0x80030770] -> 0x0513
mem[X,0x80030772] -> 0x5035
[4907] [M]: 0x80030770 (0x50350513) addi a0, a0, 1283
x10 <- 0x0000B503


mem[X,0x80030774] -> 0xB5B7
mem[X,0x80030776] -> 0xAAAA
[4908] [M]: 0x80030774 (0xAAAAB5B7) lui a1, 699051
x11 <- 0xAAAAB000


mem[X,0x80030778] -> 0x8593
mem[X,0x8003077A] -> 0xAAA5
[4909] [M]: 0x80030778 (0xAAA58593) addi a1, a1, 2730
x11 <- 0xAAAAAAAA


mem[X,0x8003077C] -> 0x0113
mem[X,0x8003077E] -> 0x0000
[4910] [M]: 0x8003077C (0x00000113) addi sp, zero, 0
x2 <- 0x00000000


mem[X,0x80030780] -> 0x006F
mem[X,0x80030782] -> 0x00C0
[4911] [M]: 0x80030780 (0x00C0006F) jal zero, 12


mem[X,0x8003078C] -> 0x0CE3
mem[X,0x8003078E] -> 0xFEB5
[4912] [M]: 0x8003078C (0xFEB50CE3) beq a0, a1, 8184


mem[X,0x80030790] -> 0x0113
mem[X,0x80030792] -> 0x0021
[4913] [M]: 0x80030790 (0x00210113) addi sp, sp, 2
x2 <- 0x00000002


mem[X,0x80030794] -> 0x006F
mem[X,0x80030796] -> 0x00C0
[4914] [M]: 0x80030794 (0x00C0006F) jal zero, 12


mem[X,0x800307A0] -> 0xA623
mem[X,0x800307A2] -> 0x7C20
[4915] [M]: 0x800307A0 (0x7C20A623) sw sp, 1996(ra)
mem[0x80039A34] <- 0x00000002


mem[X,0x800307A4] -> 0xB537
mem[X,0x800307A6] -> 0x0000
[4916] [M]: 0x800307A4 (0x0000B537) lui a0, 11
x10 <- 0x0000B000


mem[X,0x800307A8] -> 0x0513
mem[X,0x800307AA] -> 0x5035
[4917] [M]: 0x800307A8 (0x50350513) addi a0, a0, 1283
x10 <- 0x0000B503


mem[X,0x800307AC] -> 0x0593
mem[X,0x800307AE] -> 0x0050
[4918] [M]: 0x800307AC (0x00500593) addi a1, zero, 5
x11 <- 0x00000005


mem[X,0x800307B0] -> 0x0113
mem[X,0x800307B2] -> 0x0000
[4919] [M]: 0x800307B0 (0x00000113) addi sp, zero, 0
x2 <- 0x00000000


mem[X,0x800307B4] -> 0x006F
mem[X,0x800307B6] -> 0x00C0
[4920] [M]: 0x800307B4 (0x00C0006F) jal zero, 12


mem[X,0x800307C0] -> 0x0063
mem[X,0x800307C2] -> 0x04B5
[4921] [M]: 0x800307C0 (0x04B50063) beq a0, a1, 64


mem[X,0x800307C4] -> 0x0113
mem[X,0x800307C6] -> 0x0021
[4922] [M]: 0x800307C4 (0x00210113) addi sp, sp, 2
x2 <- 0x00000002


mem[X,0x800307C8] -> 0x006F
mem[X,0x800307CA] -> 0x0400
[4923] [M]: 0x800307C8 (0x0400006F) jal zero, 64


mem[X,0x80030808] -> 0xA823
mem[X,0x8003080A] -> 0x7C20
[4924] [M]: 0x80030808 (0x7C20A823) sw sp, 2000(ra)
mem[0x80039A38] <- 0x00000002


mem[X,0x8003080C] -> 0xB537
mem[X,0x8003080E] -> 0x0000
[4925] [M]: 0x8003080C (0x0000B537) lui a0, 11
x10 <- 0x0000B000


mem[X,0x80030810] -> 0x0513
mem[X,0x80030812] -> 0x5035
[4926] [M]: 0x80030810 (0x50350513) addi a0, a0, 1283
x10 <- 0x0000B503


mem[X,0x80030814] -> 0x35B7
mem[X,0x80030816] -> 0x3333
[4927] [M]: 0x80030814 (0x333335B7) lui a1, 209715
x11 <- 0x33333000


mem[X,0x80030818] -> 0x8593
mem[X,0x8003081A] -> 0x3335
[4928] [M]: 0x80030818 (0x33358593) addi a1, a1, 819
x11 <- 0x33333333


mem[X,0x8003081C] -> 0x0113
mem[X,0x8003081E] -> 0x0000
[4929] [M]: 0x8003081C (0x00000113) addi sp, zero, 0
x2 <- 0x00000000


mem[X,0x80030820] -> 0x006F
mem[X,0x80030822] -> 0x00C0
[4930] [M]: 0x80030820 (0x00C0006F) jal zero, 12


mem[X,0x8003082C] -> 0x0063
mem[X,0x8003082E] -> 0x10B5
[4931] [M]: 0x8003082C (0x10B50063) beq a0, a1, 256


mem[X,0x80030830] -> 0x0113
mem[X,0x80030832] -> 0x0021
[4932] [M]: 0x80030830 (0x00210113) addi sp, sp, 2
x2 <- 0x00000002


mem[X,0x80030834] -> 0x006F
mem[X,0x80030836] -> 0x1000
[4933] [M]: 0x80030834 (0x1000006F) jal zero, 256


mem[X,0x80030934] -> 0xAA23
mem[X,0x80030936] -> 0x7C20
[4934] [M]: 0x80030934 (0x7C20AA23) sw sp, 2004(ra)
mem[0x80039A3C] <- 0x00000002


mem[X,0x80030938] -> 0xB537
mem[X,0x8003093A] -> 0x0000
[4935] [M]: 0x80030938 (0x0000B537) lui a0, 11
x10 <- 0x0000B000


mem[X,0x8003093C] -> 0x0513
mem[X,0x8003093E] -> 0x5035
[4936] [M]: 0x8003093C (0x50350513) addi a0, a0, 1283
x10 <- 0x0000B503


mem[X,0x80030940] -> 0x65B7
mem[X,0x80030942] -> 0x6666
[4937] [M]: 0x80030940 (0x666665B7) lui a1, 419430
x11 <- 0x66666000


mem[X,0x80030944] -> 0x8593
mem[X,0x80030946] -> 0x6665
[4938] [M]: 0x80030944 (0x66658593) addi a1, a1, 1638
x11 <- 0x66666666


mem[X,0x80030948] -> 0x0113
mem[X,0x8003094A] -> 0x0000
[4939] [M]: 0x80030948 (0x00000113) addi sp, zero, 0
x2 <- 0x00000000


mem[X,0x8003094C] -> 0x006F
mem[X,0x8003094E] -> 0x00C0
[4940] [M]: 0x8003094C (0x00C0006F) jal zero, 12


mem[X,0x80030958] -> 0x0CE3
mem[X,0x8003095A] -> 0xFEB5
[4941] [M]: 0x80030958 (0xFEB50CE3) beq a0, a1, 8184


mem[X,0x8003095C] -> 0x0113
mem[X,0x8003095E] -> 0x0021
[4942] [M]: 0x8003095C (0x00210113) addi sp, sp, 2
x2 <- 0x00000002


mem[X,0x80030960] -> 0x006F
mem[X,0x80030962] -> 0x00C0
[4943] [M]: 0x80030960 (0x00C0006F) jal zero, 12


mem[X,0x8003096C] -> 0xAC23
mem[X,0x8003096E] -> 0x7C20
[4944] [M]: 0x8003096C (0x7C20AC23) sw sp, 2008(ra)
mem[0x80039A40] <- 0x00000002


mem[X,0x80030970] -> 0xB537
mem[X,0x80030972] -> 0x0000
[4945] [M]: 0x80030970 (0x0000B537) lui a0, 11
x10 <- 0x0000B000


mem[X,0x80030974] -> 0x0513
mem[X,0x80030976] -> 0x5035
[4946] [M]: 0x80030974 (0x50350513) addi a0, a0, 1283
x10 <- 0x0000B503


mem[X,0x80030978] -> 0x55B7
mem[X,0x8003097A] -> 0xFFFF
[4947] [M]: 0x80030978 (0xFFFF55B7) lui a1, 1048565
x11 <- 0xFFFF5000


mem[X,0x8003097C] -> 0x8593
mem[X,0x8003097E] -> 0xAFC5
[4948] [M]: 0x8003097C (0xAFC58593) addi a1, a1, 2812
x11 <- 0xFFFF4AFC


mem[X,0x80030980] -> 0x0113
mem[X,0x80030982] -> 0x0000
[4949] [M]: 0x80030980 (0x00000113) addi sp, zero, 0
x2 <- 0x00000000


mem[X,0x80030984] -> 0x006F
mem[X,0x80030986] -> 0x00C0
[4950] [M]: 0x80030984 (0x00C0006F) jal zero, 12


mem[X,0x80030990] -> 0x0663
mem[X,0x80030992] -> 0x00B5
[4951] [M]: 0x80030990 (0x00B50663) beq a0, a1, 12


mem[X,0x80030994] -> 0x0113
mem[X,0x80030996] -> 0x0021
[4952] [M]: 0x80030994 (0x00210113) addi sp, sp, 2
x2 <- 0x00000002


mem[X,0x80030998] -> 0x006F
mem[X,0x8003099A] -> 0x00C0
[4953] [M]: 0x80030998 (0x00C0006F) jal zero, 12


mem[X,0x800309A4] -> 0xAE23
mem[X,0x800309A6] -> 0x7C20
[4954] [M]: 0x800309A4 (0x7C20AE23) sw sp, 2012(ra)
mem[0x80039A44] <- 0x00000002


mem[X,0x800309A8] -> 0xB537
mem[X,0x800309AA] -> 0x0000
[4955] [M]: 0x800309A8 (0x0000B537) lui a0, 11
x10 <- 0x0000B000


mem[X,0x800309AC] -> 0x0513
mem[X,0x800309AE] -> 0x5035
[4956] [M]: 0x800309AC (0x50350513) addi a0, a0, 1283
x10 <- 0x0000B503


mem[X,0x800309B0] -> 0xB5B7
mem[X,0x800309B2] -> 0x0000
[4957] [M]: 0x800309B0 (0x0000B5B7) lui a1, 11
x11 <- 0x0000B000


mem[X,0x800309B4] -> 0x8593
mem[X,0x800309B6] -> 0x5045
[4958] [M]: 0x800309B4 (0x50458593) addi a1, a1, 1284
x11 <- 0x0000B504


mem[X,0x800309B8] -> 0x0113
mem[X,0x800309BA] -> 0x0000
[4959] [M]: 0x800309B8 (0x00000113) addi sp, zero, 0
x2 <- 0x00000000


mem[X,0x800309BC] -> 0x006F
mem[X,0x800309BE] -> 0x0050
[4960] [M]: 0x800309BC (0x0050006F) jal zero, 2052


mem[X,0x800311C0] -> 0x00E3
mem[X,0x800311C2] -> 0x80B5
[4961] [M]: 0x800311C0 (0x80B500E3) beq a0, a1, 6144


mem[X,0x800311C4] -> 0x0113
mem[X,0x800311C6] -> 0x0021
[4962] [M]: 0x800311C4 (0x00210113) addi sp, sp, 2
x2 <- 0x00000002


mem[X,0x800311C8] -> 0x006F
mem[X,0x800311CA] -> 0x00C0
[4963] [M]: 0x800311C8 (0x00C0006F) jal zero, 12


mem[X,0x800311D4] -> 0xA023
mem[X,0x800311D6] -> 0x7E20
[4964] [M]: 0x800311D4 (0x7E20A023) sw sp, 2016(ra)
mem[0x80039A48] <- 0x00000002


mem[X,0x800311D8] -> 0xB537
mem[X,0x800311DA] -> 0x0000
[4965] [M]: 0x800311D8 (0x0000B537) lui a0, 11
x10 <- 0x0000B000


mem[X,0x800311DC] -> 0x0513
mem[X,0x800311DE] -> 0x5035
[4966] [M]: 0x800311DC (0x50350513) addi a0, a0, 1283
x10 <- 0x0000B503


mem[X,0x800311E0] -> 0x0593
mem[X,0x800311E2] -> 0x0020
[4967] [M]: 0x800311E0 (0x00200593) addi a1, zero, 2
x11 <- 0x00000002


mem[X,0x800311E4] -> 0x0113
mem[X,0x800311E6] -> 0x0000
[4968] [M]: 0x800311E4 (0x00000113) addi sp, zero, 0
x2 <- 0x00000000


mem[X,0x800311E8] -> 0x006F
mem[X,0x800311EA] -> 0x00C0
[4969] [M]: 0x800311E8 (0x00C0006F) jal zero, 12


mem[X,0x800311F4] -> 0x0663
mem[X,0x800311F6] -> 0x00B5
[4970] [M]: 0x800311F4 (0x00B50663) beq a0, a1, 12


mem[X,0x800311F8] -> 0x0113
mem[X,0x800311FA] -> 0x0021
[4971] [M]: 0x800311F8 (0x00210113) addi sp, sp, 2
x2 <- 0x00000002


mem[X,0x800311FC] -> 0x006F
mem[X,0x800311FE] -> 0x00C0
[4972] [M]: 0x800311FC (0x00C0006F) jal zero, 12


mem[X,0x80031208] -> 0xA223
mem[X,0x8003120A] -> 0x7E20
[4973] [M]: 0x80031208 (0x7E20A223) sw sp, 2020(ra)
mem[0x80039A4C] <- 0x00000002


mem[X,0x8003120C] -> 0xB537
mem[X,0x8003120E] -> 0x0000
[4974] [M]: 0x8003120C (0x0000B537) lui a0, 11
x10 <- 0x0000B000


mem[X,0x80031210] -> 0x0513
mem[X,0x80031212] -> 0x5035
[4975] [M]: 0x80031210 (0x50350513) addi a0, a0, 1283
x10 <- 0x0000B503


mem[X,0x80031214] -> 0x55B7
mem[X,0x80031216] -> 0x5555
[4976] [M]: 0x80031214 (0x555555B7) lui a1, 349525
x11 <- 0x55555000


mem[X,0x80031218] -> 0x8593
mem[X,0x8003121A] -> 0x5545
[4977] [M]: 0x80031218 (0x55458593) addi a1, a1, 1364
x11 <- 0x55555554


mem[X,0x8003121C] -> 0x0113
mem[X,0x8003121E] -> 0x0000
[4978] [M]: 0x8003121C (0x00000113) addi sp, zero, 0
x2 <- 0x00000000


mem[X,0x80031220] -> 0x006F
mem[X,0x80031222] -> 0x00C0
[4979] [M]: 0x80031220 (0x00C0006F) jal zero, 12


mem[X,0x8003122C] -> 0x0663
mem[X,0x8003122E] -> 0x00B5
[4980] [M]: 0x8003122C (0x00B50663) beq a0, a1, 12


mem[X,0x80031230] -> 0x0113
mem[X,0x80031232] -> 0x0021
[4981] [M]: 0x80031230 (0x00210113) addi sp, sp, 2
x2 <- 0x00000002


mem[X,0x80031234] -> 0x006F
mem[X,0x80031236] -> 0x00C0
[4982] [M]: 0x80031234 (0x00C0006F) jal zero, 12


mem[X,0x80031240] -> 0xA423
mem[X,0x80031242] -> 0x7E20
[4983] [M]: 0x80031240 (0x7E20A423) sw sp, 2024(ra)
mem[0x80039A50] <- 0x00000002


mem[X,0x80031244] -> 0xB537
mem[X,0x80031246] -> 0x0000
[4984] [M]: 0x80031244 (0x0000B537) lui a0, 11
x10 <- 0x0000B000


mem[X,0x80031248] -> 0x0513
mem[X,0x8003124A] -> 0x5035
[4985] [M]: 0x80031248 (0x50350513) addi a0, a0, 1283
x10 <- 0x0000B503


mem[X,0x8003124C] -> 0x0593
mem[X,0x8003124E] -> 0x0000
[4986] [M]: 0x8003124C (0x00000593) addi a1, zero, 0
x11 <- 0x00000000


mem[X,0x80031250] -> 0x0113
mem[X,0x80031252] -> 0x0000
[4987] [M]: 0x80031250 (0x00000113) addi sp, zero, 0
x2 <- 0x00000000


mem[X,0x80031254] -> 0x006F
mem[X,0x80031256] -> 0x0180
[4988] [M]: 0x80031254 (0x0180006F) jal zero, 24


mem[X,0x8003126C] -> 0x06E3
mem[X,0x8003126E] -> 0xFEB5
[4989] [M]: 0x8003126C (0xFEB506E3) beq a0, a1, 8172


mem[X,0x80031270] -> 0x0113
mem[X,0x80031272] -> 0x0021
[4990] [M]: 0x80031270 (0x00210113) addi sp, sp, 2
x2 <- 0x00000002


mem[X,0x80031274] -> 0x006F
mem[X,0x80031276] -> 0x00C0
[4991] [M]: 0x80031274 (0x00C0006F) jal zero, 12


mem[X,0x80031280] -> 0xA623
mem[X,0x80031282] -> 0x7E20
[4992] [M]: 0x80031280 (0x7E20A623) sw sp, 2028(ra)
mem[0x80039A54] <- 0x00000002


mem[X,0x80031284] -> 0xB537
mem[X,0x80031286] -> 0x0000
[4993] [M]: 0x80031284 (0x0000B537) lui a0, 11
x10 <- 0x0000B000


mem[X,0x80031288] -> 0x0513
mem[X,0x8003128A] -> 0x5035
[4994] [M]: 0x80031288 (0x50350513) addi a0, a0, 1283
x10 <- 0x0000B503


mem[X,0x8003128C] -> 0x0593
mem[X,0x8003128E] -> 0x0040
[4995] [M]: 0x8003128C (0x00400593) addi a1, zero, 4
x11 <- 0x00000004


mem[X,0x80031290] -> 0x0113
mem[X,0x80031292] -> 0x0000
[4996] [M]: 0x80031290 (0x00000113) addi sp, zero, 0
x2 <- 0x00000000


mem[X,0x80031294] -> 0x006F
mem[X,0x80031296] -> 0x00C0
[4997] [M]: 0x80031294 (0x00C0006F) jal zero, 12


mem[X,0x800312A0] -> 0x0063
mem[X,0x800312A2] -> 0x10B5
[4998] [M]: 0x800312A0 (0x10B50063) beq a0, a1, 256


mem[X,0x800312A4] -> 0x0113
mem[X,0x800312A6] -> 0x0021
[4999] [M]: 0x800312A4 (0x00210113) addi sp, sp, 2
x2 <- 0x00000002


clint::tick mtime <- 0x0000000000000032
 clint timer pending at mtime 0x0000000000000032
htif::tick 0x0000000000000000
mem[X,0x800312A8] -> 0x006F
mem[X,0x800312AA] -> 0x1000
[5000] [M]: 0x800312A8 (0x1000006F) jal zero, 256


mem[X,0x800313A8] -> 0xA823
mem[X,0x800313AA] -> 0x7E20
[5001] [M]: 0x800313A8 (0x7E20A823) sw sp, 2032(ra)
mem[0x80039A58] <- 0x00000002


mem[X,0x800313AC] -> 0xB537
mem[X,0x800313AE] -> 0x0000
[5002] [M]: 0x800313AC (0x0000B537) lui a0, 11
x10 <- 0x0000B000


mem[X,0x800313B0] -> 0x0513
mem[X,0x800313B2] -> 0x5035
[5003] [M]: 0x800313B0 (0x50350513) addi a0, a0, 1283
x10 <- 0x0000B503


mem[X,0x800313B4] -> 0x35B7
mem[X,0x800313B6] -> 0x3333
[5004] [M]: 0x800313B4 (0x333335B7) lui a1, 209715
x11 <- 0x33333000


mem[X,0x800313B8] -> 0x8593
mem[X,0x800313BA] -> 0x3325
[5005] [M]: 0x800313B8 (0x33258593) addi a1, a1, 818
x11 <- 0x33333332


mem[X,0x800313BC] -> 0x0113
mem[X,0x800313BE] -> 0x0000
[5006] [M]: 0x800313BC (0x00000113) addi sp, zero, 0
x2 <- 0x00000000


mem[X,0x800313C0] -> 0x006F
mem[X,0x800313C2] -> 0x00C0
[5007] [M]: 0x800313C0 (0x00C0006F) jal zero, 12


mem[X,0x800313CC] -> 0x0CE3
mem[X,0x800313CE] -> 0xFEB5
[5008] [M]: 0x800313CC (0xFEB50CE3) beq a0, a1, 8184


mem[X,0x800313D0] -> 0x0113
mem[X,0x800313D2] -> 0x0021
[5009] [M]: 0x800313D0 (0x00210113) addi sp, sp, 2
x2 <- 0x00000002


mem[X,0x800313D4] -> 0x006F
mem[X,0x800313D6] -> 0x00C0
[5010] [M]: 0x800313D4 (0x00C0006F) jal zero, 12


mem[X,0x800313E0] -> 0xAA23
mem[X,0x800313E2] -> 0x7E20
[5011] [M]: 0x800313E0 (0x7E20AA23) sw sp, 2036(ra)
mem[0x80039A5C] <- 0x00000002


mem[X,0x800313E4] -> 0xB537
mem[X,0x800313E6] -> 0x0000
[5012] [M]: 0x800313E4 (0x0000B537) lui a0, 11
x10 <- 0x0000B000


mem[X,0x800313E8] -> 0x0513
mem[X,0x800313EA] -> 0x5035
[5013] [M]: 0x800313E8 (0x50350513) addi a0, a0, 1283
x10 <- 0x0000B503


mem[X,0x800313EC] -> 0x65B7
mem[X,0x800313EE] -> 0x6666
[5014] [M]: 0x800313EC (0x666665B7) lui a1, 419430
x11 <- 0x66666000


mem[X,0x800313F0] -> 0x8593
mem[X,0x800313F2] -> 0x6655
[5015] [M]: 0x800313F0 (0x66558593) addi a1, a1, 1637
x11 <- 0x66666665


mem[X,0x800313F4] -> 0x0113
mem[X,0x800313F6] -> 0x0000
[5016] [M]: 0x800313F4 (0x00000113) addi sp, zero, 0
x2 <- 0x00000000


mem[X,0x800313F8] -> 0x006F
mem[X,0x800313FA] -> 0x00C0
[5017] [M]: 0x800313F8 (0x00C0006F) jal zero, 12


mem[X,0x80031404] -> 0x0663
mem[X,0x80031406] -> 0x00B5
[5018] [M]: 0x80031404 (0x00B50663) beq a0, a1, 12


mem[X,0x80031408] -> 0x0113
mem[X,0x8003140A] -> 0x0021
[5019] [M]: 0x80031408 (0x00210113) addi sp, sp, 2
x2 <- 0x00000002


mem[X,0x8003140C] -> 0x006F
mem[X,0x8003140E] -> 0x00C0
[5020] [M]: 0x8003140C (0x00C0006F) jal zero, 12


mem[X,0x80031418] -> 0xAC23
mem[X,0x8003141A] -> 0x7E20
[5021] [M]: 0x80031418 (0x7E20AC23) sw sp, 2040(ra)
mem[0x80039A60] <- 0x00000002


mem[X,0x8003141C] -> 0xB537
mem[X,0x8003141E] -> 0x0000
[5022] [M]: 0x8003141C (0x0000B537) lui a0, 11
x10 <- 0x0000B000


mem[X,0x80031420] -> 0x0513
mem[X,0x80031422] -> 0x5035
[5023] [M]: 0x80031420 (0x50350513) addi a0, a0, 1283
x10 <- 0x0000B503


mem[X,0x80031424] -> 0xB5B7
mem[X,0x80031426] -> 0x0000
[5024] [M]: 0x80031424 (0x0000B5B7) lui a1, 11
x11 <- 0x0000B000


mem[X,0x80031428] -> 0x8593
mem[X,0x8003142A] -> 0x5035
[5025] [M]: 0x80031428 (0x50358593) addi a1, a1, 1283
x11 <- 0x0000B503


mem[X,0x8003142C] -> 0x0113
mem[X,0x8003142E] -> 0x0000
[5026] [M]: 0x8003142C (0x00000113) addi sp, zero, 0
x2 <- 0x00000000


mem[X,0x80031430] -> 0x006F
mem[X,0x80031432] -> 0x00C0
[5027] [M]: 0x80031430 (0x00C0006F) jal zero, 12


mem[X,0x8003143C] -> 0x0CE3
mem[X,0x8003143E] -> 0xFEB5
[5028] [M]: 0x8003143C (0xFEB50CE3) beq a0, a1, 8184


mem[X,0x80031434] -> 0x0113
mem[X,0x80031436] -> 0x0011
[5029] [M]: 0x80031434 (0x00110113) addi sp, sp, 1
x2 <- 0x00000001


mem[X,0x80031438] -> 0x006F
mem[X,0x8003143A] -> 0x0180
[5030] [M]: 0x80031438 (0x0180006F) jal zero, 24


mem[X,0x80031450] -> 0xAE23
mem[X,0x80031452] -> 0x7E20
[5031] [M]: 0x80031450 (0x7E20AE23) sw sp, 2044(ra)
mem[0x80039A64] <- 0x00000001


mem[X,0x80031454] -> 0x8097
mem[X,0x80031456] -> 0x0000
[5032] [M]: 0x80031454 (0x00008097) auipc ra, 8
x1 <- 0x80039454


mem[X,0x80031458] -> 0x8093
mem[X,0x8003145A] -> 0x6140
[5033] [M]: 0x80031458 (0x61408093) addi ra, ra, 1556
x1 <- 0x80039A68


mem[X,0x8003145C] -> 0xB537
mem[X,0x8003145E] -> 0x0000
[5034] [M]: 0x8003145C (0x0000B537) lui a0, 11
x10 <- 0x0000B000


mem[X,0x80031460] -> 0x0513
mem[X,0x80031462] -> 0x5035
[5035] [M]: 0x80031460 (0x50350513) addi a0, a0, 1283
x10 <- 0x0000B503


mem[X,0x80031464] -> 0x55B7
mem[X,0x80031466] -> 0x5555
[5036] [M]: 0x80031464 (0x555555B7) lui a1, 349525
x11 <- 0x55555000


mem[X,0x80031468] -> 0x8593
mem[X,0x8003146A] -> 0x5565
[5037] [M]: 0x80031468 (0x55658593) addi a1, a1, 1366
x11 <- 0x55555556


mem[X,0x8003146C] -> 0x0113
mem[X,0x8003146E] -> 0x0000
[5038] [M]: 0x8003146C (0x00000113) addi sp, zero, 0
x2 <- 0x00000000


mem[X,0x80031470] -> 0x006F
mem[X,0x80031472] -> 0x00C0
[5039] [M]: 0x80031470 (0x00C0006F) jal zero, 12


mem[X,0x8003147C] -> 0x0CE3
mem[X,0x8003147E] -> 0xFEB5
[5040] [M]: 0x8003147C (0xFEB50CE3) beq a0, a1, 8184


mem[X,0x80031480] -> 0x0113
mem[X,0x80031482] -> 0x0021
[5041] [M]: 0x80031480 (0x00210113) addi sp, sp, 2
x2 <- 0x00000002


mem[X,0x80031484] -> 0x006F
mem[X,0x80031486] -> 0x00C0
[5042] [M]: 0x80031484 (0x00C0006F) jal zero, 12


mem[X,0x80031490] -> 0xA023
mem[X,0x80031492] -> 0x0020
[5043] [M]: 0x80031490 (0x0020A023) sw sp, 0(ra)
mem[0x80039A68] <- 0x00000002


mem[X,0x80031494] -> 0xB537
mem[X,0x80031496] -> 0x0000
[5044] [M]: 0x80031494 (0x0000B537) lui a0, 11
x10 <- 0x0000B000


mem[X,0x80031498] -> 0x0513
mem[X,0x8003149A] -> 0x5035
[5045] [M]: 0x80031498 (0x50350513) addi a0, a0, 1283
x10 <- 0x0000B503


mem[X,0x8003149C] -> 0xB5B7
mem[X,0x8003149E] -> 0xAAAA
[5046] [M]: 0x8003149C (0xAAAAB5B7) lui a1, 699051
x11 <- 0xAAAAB000


mem[X,0x800314A0] -> 0x8593
mem[X,0x800314A2] -> 0xAAB5
[5047] [M]: 0x800314A0 (0xAAB58593) addi a1, a1, 2731
x11 <- 0xAAAAAAAB


mem[X,0x800314A4] -> 0x0113
mem[X,0x800314A6] -> 0x0000
[5048] [M]: 0x800314A4 (0x00000113) addi sp, zero, 0
x2 <- 0x00000000


mem[X,0x800314A8] -> 0x006F
mem[X,0x800314AA] -> 0x00C0
[5049] [M]: 0x800314A8 (0x00C0006F) jal zero, 12


mem[X,0x800314B4] -> 0x0663
mem[X,0x800314B6] -> 0x00B5
[5050] [M]: 0x800314B4 (0x00B50663) beq a0, a1, 12


mem[X,0x800314B8] -> 0x0113
mem[X,0x800314BA] -> 0x0021
[5051] [M]: 0x800314B8 (0x00210113) addi sp, sp, 2
x2 <- 0x00000002


mem[X,0x800314BC] -> 0x006F
mem[X,0x800314BE] -> 0x00C0
[5052] [M]: 0x800314BC (0x00C0006F) jal zero, 12


mem[X,0x800314C8] -> 0xA223
mem[X,0x800314CA] -> 0x0020
[5053] [M]: 0x800314C8 (0x0020A223) sw sp, 4(ra)
mem[0x80039A6C] <- 0x00000002


mem[X,0x800314CC] -> 0xB537
mem[X,0x800314CE] -> 0x0000
[5054] [M]: 0x800314CC (0x0000B537) lui a0, 11
x10 <- 0x0000B000


mem[X,0x800314D0] -> 0x0513
mem[X,0x800314D2] -> 0x5035
[5055] [M]: 0x800314D0 (0x50350513) addi a0, a0, 1283
x10 <- 0x0000B503


mem[X,0x800314D4] -> 0x0593
mem[X,0x800314D6] -> 0x0060
[5056] [M]: 0x800314D4 (0x00600593) addi a1, zero, 6
x11 <- 0x00000006


mem[X,0x800314D8] -> 0x0113
mem[X,0x800314DA] -> 0x0000
[5057] [M]: 0x800314D8 (0x00000113) addi sp, zero, 0
x2 <- 0x00000000


mem[X,0x800314DC] -> 0x006F
mem[X,0x800314DE] -> 0x0140
[5058] [M]: 0x800314DC (0x0140006F) jal zero, 20


mem[X,0x800314F0] -> 0x08E3
mem[X,0x800314F2] -> 0xFEB5
[5059] [M]: 0x800314F0 (0xFEB508E3) beq a0, a1, 8176


mem[X,0x800314F4] -> 0x0113
mem[X,0x800314F6] -> 0x0021
[5060] [M]: 0x800314F4 (0x00210113) addi sp, sp, 2
x2 <- 0x00000002


mem[X,0x800314F8] -> 0x006F
mem[X,0x800314FA] -> 0x00C0
[5061] [M]: 0x800314F8 (0x00C0006F) jal zero, 12


mem[X,0x80031504] -> 0xA423
mem[X,0x80031506] -> 0x0020
[5062] [M]: 0x80031504 (0x0020A423) sw sp, 8(ra)
mem[0x80039A70] <- 0x00000002


mem[X,0x80031508] -> 0xB537
mem[X,0x8003150A] -> 0x0000
[5063] [M]: 0x80031508 (0x0000B537) lui a0, 11
x10 <- 0x0000B000


mem[X,0x8003150C] -> 0x0513
mem[X,0x8003150E] -> 0x5035
[5064] [M]: 0x8003150C (0x50350513) addi a0, a0, 1283
x10 <- 0x0000B503


mem[X,0x80031510] -> 0x35B7
mem[X,0x80031512] -> 0x3333
[5065] [M]: 0x80031510 (0x333335B7) lui a1, 209715
x11 <- 0x33333000


mem[X,0x80031514] -> 0x8593
mem[X,0x80031516] -> 0x3345
[5066] [M]: 0x80031514 (0x33458593) addi a1, a1, 820
x11 <- 0x33333334


mem[X,0x80031518] -> 0x0113
mem[X,0x8003151A] -> 0x0000
[5067] [M]: 0x80031518 (0x00000113) addi sp, zero, 0
x2 <- 0x00000000


mem[X,0x8003151C] -> 0x006F
mem[X,0x8003151E] -> 0x00C0
[5068] [M]: 0x8003151C (0x00C0006F) jal zero, 12


mem[X,0x80031528] -> 0x0063
mem[X,0x8003152A] -> 0x04B5
[5069] [M]: 0x80031528 (0x04B50063) beq a0, a1, 64


mem[X,0x8003152C] -> 0x0113
mem[X,0x8003152E] -> 0x0021
[5070] [M]: 0x8003152C (0x00210113) addi sp, sp, 2
x2 <- 0x00000002


mem[X,0x80031530] -> 0x006F
mem[X,0x80031532] -> 0x0400
[5071] [M]: 0x80031530 (0x0400006F) jal zero, 64


mem[X,0x80031570] -> 0xA623
mem[X,0x80031572] -> 0x0020
[5072] [M]: 0x80031570 (0x0020A623) sw sp, 12(ra)
mem[0x80039A74] <- 0x00000002


mem[X,0x80031574] -> 0xB537
mem[X,0x80031576] -> 0x0000
[5073] [M]: 0x80031574 (0x0000B537) lui a0, 11
x10 <- 0x0000B000


mem[X,0x80031578] -> 0x0513
mem[X,0x8003157A] -> 0x5035
[5074] [M]: 0x80031578 (0x50350513) addi a0, a0, 1283
x10 <- 0x0000B503


mem[X,0x8003157C] -> 0x65B7
mem[X,0x8003157E] -> 0x6666
[5075] [M]: 0x8003157C (0x666665B7) lui a1, 419430
x11 <- 0x66666000


mem[X,0x80031580] -> 0x8593
mem[X,0x80031582] -> 0x6675
[5076] [M]: 0x80031580 (0x66758593) addi a1, a1, 1639
x11 <- 0x66666667


mem[X,0x80031584] -> 0x0113
mem[X,0x80031586] -> 0x0000
[5077] [M]: 0x80031584 (0x00000113) addi sp, zero, 0
x2 <- 0x00000000


mem[X,0x80031588] -> 0x006F
mem[X,0x8003158A] -> 0x00C0
[5078] [M]: 0x80031588 (0x00C0006F) jal zero, 12


mem[X,0x80031594] -> 0x0663
mem[X,0x80031596] -> 0x00B5
[5079] [M]: 0x80031594 (0x00B50663) beq a0, a1, 12


mem[X,0x80031598] -> 0x0113
mem[X,0x8003159A] -> 0x0021
[5080] [M]: 0x80031598 (0x00210113) addi sp, sp, 2
x2 <- 0x00000002


mem[X,0x8003159C] -> 0x006F
mem[X,0x8003159E] -> 0x00C0
[5081] [M]: 0x8003159C (0x00C0006F) jal zero, 12


mem[X,0x800315A8] -> 0xA823
mem[X,0x800315AA] -> 0x0020
[5082] [M]: 0x800315A8 (0x0020A823) sw sp, 16(ra)
mem[0x80039A78] <- 0x00000002


mem[X,0x800315AC] -> 0xB537
mem[X,0x800315AE] -> 0x0000
[5083] [M]: 0x800315AC (0x0000B537) lui a0, 11
x10 <- 0x0000B000


mem[X,0x800315B0] -> 0x0513
mem[X,0x800315B2] -> 0x5035
[5084] [M]: 0x800315B0 (0x50350513) addi a0, a0, 1283
x10 <- 0x0000B503


mem[X,0x800315B4] -> 0x55B7
mem[X,0x800315B6] -> 0xFFFF
[5085] [M]: 0x800315B4 (0xFFFF55B7) lui a1, 1048565
x11 <- 0xFFFF5000


mem[X,0x800315B8] -> 0x8593
mem[X,0x800315BA] -> 0xAFD5
[5086] [M]: 0x800315B8 (0xAFD58593) addi a1, a1, 2813
x11 <- 0xFFFF4AFD


mem[X,0x800315BC] -> 0x0113
mem[X,0x800315BE] -> 0x0000
[5087] [M]: 0x800315BC (0x00000113) addi sp, zero, 0
x2 <- 0x00000000


mem[X,0x800315C0] -> 0x006F
mem[X,0x800315C2] -> 0x00C0
[5088] [M]: 0x800315C0 (0x00C0006F) jal zero, 12


mem[X,0x800315CC] -> 0x0063
mem[X,0x800315CE] -> 0x10B5
[5089] [M]: 0x800315CC (0x10B50063) beq a0, a1, 256


mem[X,0x800315D0] -> 0x0113
mem[X,0x800315D2] -> 0x0021
[5090] [M]: 0x800315D0 (0x00210113) addi sp, sp, 2
x2 <- 0x00000002


mem[X,0x800315D4] -> 0x006F
mem[X,0x800315D6] -> 0x1000
[5091] [M]: 0x800315D4 (0x1000006F) jal zero, 256


mem[X,0x800316D4] -> 0xAA23
mem[X,0x800316D6] -> 0x0020
[5092] [M]: 0x800316D4 (0x0020AA23) sw sp, 20(ra)
mem[0x80039A7C] <- 0x00000002


mem[X,0x800316D8] -> 0xB537
mem[X,0x800316DA] -> 0x0000
[5093] [M]: 0x800316D8 (0x0000B537) lui a0, 11
x10 <- 0x0000B000


mem[X,0x800316DC] -> 0x0513
mem[X,0x800316DE] -> 0x5035
[5094] [M]: 0x800316DC (0x50350513) addi a0, a0, 1283
x10 <- 0x0000B503


mem[X,0x800316E0] -> 0xB5B7
mem[X,0x800316E2] -> 0x0000
[5095] [M]: 0x800316E0 (0x0000B5B7) lui a1, 11
x11 <- 0x0000B000


mem[X,0x800316E4] -> 0x8593
mem[X,0x800316E6] -> 0x5055
[5096] [M]: 0x800316E4 (0x50558593) addi a1, a1, 1285
x11 <- 0x0000B505


mem[X,0x800316E8] -> 0x0113
mem[X,0x800316EA] -> 0x0000
[5097] [M]: 0x800316E8 (0x00000113) addi sp, zero, 0
x2 <- 0x00000000


mem[X,0x800316EC] -> 0x006F
mem[X,0x800316EE] -> 0x00C0
[5098] [M]: 0x800316EC (0x00C0006F) jal zero, 12


mem[X,0x800316F8] -> 0x0CE3
mem[X,0x800316FA] -> 0xFEB5
[5099] [M]: 0x800316F8 (0xFEB50CE3) beq a0, a1, 8184


clint::tick mtime <- 0x0000000000000033
 clint timer pending at mtime 0x0000000000000033
htif::tick 0x0000000000000000
mem[X,0x800316FC] -> 0x0113
mem[X,0x800316FE] -> 0x0021
[5100] [M]: 0x800316FC (0x00210113) addi sp, sp, 2
x2 <- 0x00000002


mem[X,0x80031700] -> 0x006F
mem[X,0x80031702] -> 0x00C0
[5101] [M]: 0x80031700 (0x00C0006F) jal zero, 12


mem[X,0x8003170C] -> 0xAC23
mem[X,0x8003170E] -> 0x0020
[5102] [M]: 0x8003170C (0x0020AC23) sw sp, 24(ra)
mem[0x80039A80] <- 0x00000002


mem[X,0x80031710] -> 0x5537
mem[X,0x80031712] -> 0x5555
[5103] [M]: 0x80031710 (0x55555537) lui a0, 349525
x10 <- 0x55555000


mem[X,0x80031714] -> 0x0513
mem[X,0x80031716] -> 0x5565
[5104] [M]: 0x80031714 (0x55650513) addi a0, a0, 1366
x10 <- 0x55555556


mem[X,0x80031718] -> 0x0593
mem[X,0x8003171A] -> 0x0030
[5105] [M]: 0x80031718 (0x00300593) addi a1, zero, 3
x11 <- 0x00000003


mem[X,0x8003171C] -> 0x0113
mem[X,0x8003171E] -> 0x0000
[5106] [M]: 0x8003171C (0x00000113) addi sp, zero, 0
x2 <- 0x00000000


mem[X,0x80031720] -> 0x006F
mem[X,0x80031722] -> 0x00C0
[5107] [M]: 0x80031720 (0x00C0006F) jal zero, 12


mem[X,0x8003172C] -> 0x0CE3
mem[X,0x8003172E] -> 0xFEB5
[5108] [M]: 0x8003172C (0xFEB50CE3) beq a0, a1, 8184


mem[X,0x80031730] -> 0x0113
mem[X,0x80031732] -> 0x0021
[5109] [M]: 0x80031730 (0x00210113) addi sp, sp, 2
x2 <- 0x00000002


mem[X,0x80031734] -> 0x006F
mem[X,0x80031736] -> 0x00C0
[5110] [M]: 0x80031734 (0x00C0006F) jal zero, 12


mem[X,0x80031740] -> 0xAE23
mem[X,0x80031742] -> 0x0020
[5111] [M]: 0x80031740 (0x0020AE23) sw sp, 28(ra)
mem[0x80039A84] <- 0x00000002


mem[X,0x80031744] -> 0x5537
mem[X,0x80031746] -> 0x5555
[5112] [M]: 0x80031744 (0x55555537) lui a0, 349525
x10 <- 0x55555000


mem[X,0x80031748] -> 0x0513
mem[X,0x8003174A] -> 0x5565
[5113] [M]: 0x80031748 (0x55650513) addi a0, a0, 1366
x10 <- 0x55555556


mem[X,0x8003174C] -> 0x55B7
mem[X,0x8003174E] -> 0x5555
[5114] [M]: 0x8003174C (0x555555B7) lui a1, 349525
x11 <- 0x55555000


mem[X,0x80031750] -> 0x8593
mem[X,0x80031752] -> 0x5555
[5115] [M]: 0x80031750 (0x55558593) addi a1, a1, 1365
x11 <- 0x55555555


mem[X,0x80031754] -> 0x0113
mem[X,0x80031756] -> 0x0000
[5116] [M]: 0x80031754 (0x00000113) addi sp, zero, 0
x2 <- 0x00000000


mem[X,0x80031758] -> 0x006F
mem[X,0x8003175A] -> 0x00C0
[5117] [M]: 0x80031758 (0x00C0006F) jal zero, 12


mem[X,0x80031764] -> 0x0663
mem[X,0x80031766] -> 0x00B5
[5118] [M]: 0x80031764 (0x00B50663) beq a0, a1, 12


mem[X,0x80031768] -> 0x0113
mem[X,0x8003176A] -> 0x0021
[5119] [M]: 0x80031768 (0x00210113) addi sp, sp, 2
x2 <- 0x00000002


mem[X,0x8003176C] -> 0x006F
mem[X,0x8003176E] -> 0x00C0
[5120] [M]: 0x8003176C (0x00C0006F) jal zero, 12


mem[X,0x80031778] -> 0xA023
mem[X,0x8003177A] -> 0x0220
[5121] [M]: 0x80031778 (0x0220A023) sw sp, 32(ra)
mem[0x80039A88] <- 0x00000002


mem[X,0x8003177C] -> 0x5537
mem[X,0x8003177E] -> 0x5555
[5122] [M]: 0x8003177C (0x55555537) lui a0, 349525
x10 <- 0x55555000


mem[X,0x80031780] -> 0x0513
mem[X,0x80031782] -> 0x5565
[5123] [M]: 0x80031780 (0x55650513) addi a0, a0, 1366
x10 <- 0x55555556


mem[X,0x80031784] -> 0xB5B7
mem[X,0x80031786] -> 0xAAAA
[5124] [M]: 0x80031784 (0xAAAAB5B7) lui a1, 699051
x11 <- 0xAAAAB000


mem[X,0x80031788] -> 0x8593
mem[X,0x8003178A] -> 0xAAA5
[5125] [M]: 0x80031788 (0xAAA58593) addi a1, a1, 2730
x11 <- 0xAAAAAAAA


mem[X,0x8003178C] -> 0x0113
mem[X,0x8003178E] -> 0x0000
[5126] [M]: 0x8003178C (0x00000113) addi sp, zero, 0
x2 <- 0x00000000


mem[X,0x80031790] -> 0x006F
mem[X,0x80031792] -> 0x00C0
[5127] [M]: 0x80031790 (0x00C0006F) jal zero, 12


mem[X,0x8003179C] -> 0x0CE3
mem[X,0x8003179E] -> 0xFEB5
[5128] [M]: 0x8003179C (0xFEB50CE3) beq a0, a1, 8184


mem[X,0x800317A0] -> 0x0113
mem[X,0x800317A2] -> 0x0021
[5129] [M]: 0x800317A0 (0x00210113) addi sp, sp, 2
x2 <- 0x00000002


mem[X,0x800317A4] -> 0x006F
mem[X,0x800317A6] -> 0x00C0
[5130] [M]: 0x800317A4 (0x00C0006F) jal zero, 12


mem[X,0x800317B0] -> 0xA223
mem[X,0x800317B2] -> 0x0220
[5131] [M]: 0x800317B0 (0x0220A223) sw sp, 36(ra)
mem[0x80039A8C] <- 0x00000002


mem[X,0x800317B4] -> 0x5537
mem[X,0x800317B6] -> 0x5555
[5132] [M]: 0x800317B4 (0x55555537) lui a0, 349525
x10 <- 0x55555000


mem[X,0x800317B8] -> 0x0513
mem[X,0x800317BA] -> 0x5565
[5133] [M]: 0x800317B8 (0x55650513) addi a0, a0, 1366
x10 <- 0x55555556


mem[X,0x800317BC] -> 0x0593
mem[X,0x800317BE] -> 0x0050
[5134] [M]: 0x800317BC (0x00500593) addi a1, zero, 5
x11 <- 0x00000005


mem[X,0x800317C0] -> 0x0113
mem[X,0x800317C2] -> 0x0000
[5135] [M]: 0x800317C0 (0x00000113) addi sp, zero, 0
x2 <- 0x00000000


mem[X,0x800317C4] -> 0x006F
mem[X,0x800317C6] -> 0x0100
[5136] [M]: 0x800317C4 (0x0100006F) jal zero, 16


mem[X,0x800317D4] -> 0x0AE3
mem[X,0x800317D6] -> 0xFEB5
[5137] [M]: 0x800317D4 (0xFEB50AE3) beq a0, a1, 8180


mem[X,0x800317D8] -> 0x0113
mem[X,0x800317DA] -> 0x0021
[5138] [M]: 0x800317D8 (0x00210113) addi sp, sp, 2
x2 <- 0x00000002


mem[X,0x800317DC] -> 0x006F
mem[X,0x800317DE] -> 0x00C0
[5139] [M]: 0x800317DC (0x00C0006F) jal zero, 12


mem[X,0x800317E8] -> 0xA423
mem[X,0x800317EA] -> 0x0220
[5140] [M]: 0x800317E8 (0x0220A423) sw sp, 40(ra)
mem[0x80039A90] <- 0x00000002


mem[X,0x800317EC] -> 0x5537
mem[X,0x800317EE] -> 0x5555
[5141] [M]: 0x800317EC (0x55555537) lui a0, 349525
x10 <- 0x55555000


mem[X,0x800317F0] -> 0x0513
mem[X,0x800317F2] -> 0x5565
[5142] [M]: 0x800317F0 (0x55650513) addi a0, a0, 1366
x10 <- 0x55555556


mem[X,0x800317F4] -> 0x35B7
mem[X,0x800317F6] -> 0x3333
[5143] [M]: 0x800317F4 (0x333335B7) lui a1, 209715
x11 <- 0x33333000


mem[X,0x800317F8] -> 0x8593
mem[X,0x800317FA] -> 0x3335
[5144] [M]: 0x800317F8 (0x33358593) addi a1, a1, 819
x11 <- 0x33333333


mem[X,0x800317FC] -> 0x0113
mem[X,0x800317FE] -> 0x0000
[5145] [M]: 0x800317FC (0x00000113) addi sp, zero, 0
x2 <- 0x00000000


mem[X,0x80031800] -> 0x006F
mem[X,0x80031802] -> 0x2B10
[5146] [M]: 0x80031800 (0x2B10006F) jal zero, 2736


mem[X,0x800322B0] -> 0x0A63
mem[X,0x800322B2] -> 0xD4B5
[5147] [M]: 0x800322B0 (0xD4B50A63) beq a0, a1, 5460


mem[X,0x800322B4] -> 0x0113
mem[X,0x800322B6] -> 0x0021
[5148] [M]: 0x800322B4 (0x00210113) addi sp, sp, 2
x2 <- 0x00000002


mem[X,0x800322B8] -> 0x006F
mem[X,0x800322BA] -> 0x00C0
[5149] [M]: 0x800322B8 (0x00C0006F) jal zero, 12


mem[X,0x800322C4] -> 0xA623
mem[X,0x800322C6] -> 0x0220
[5150] [M]: 0x800322C4 (0x0220A623) sw sp, 44(ra)
mem[0x80039A94] <- 0x00000002


mem[X,0x800322C8] -> 0x5537
mem[X,0x800322CA] -> 0x5555
[5151] [M]: 0x800322C8 (0x55555537) lui a0, 349525
x10 <- 0x55555000


mem[X,0x800322CC] -> 0x0513
mem[X,0x800322CE] -> 0x5565
[5152] [M]: 0x800322CC (0x55650513) addi a0, a0, 1366
x10 <- 0x55555556


mem[X,0x800322D0] -> 0x65B7
mem[X,0x800322D2] -> 0x6666
[5153] [M]: 0x800322D0 (0x666665B7) lui a1, 419430
x11 <- 0x66666000


mem[X,0x800322D4] -> 0x8593
mem[X,0x800322D6] -> 0x6665
[5154] [M]: 0x800322D4 (0x66658593) addi a1, a1, 1638
x11 <- 0x66666666


mem[X,0x800322D8] -> 0x0113
mem[X,0x800322DA] -> 0x0000
[5155] [M]: 0x800322D8 (0x00000113) addi sp, zero, 0
x2 <- 0x00000000


mem[X,0x800322DC] -> 0x006F
mem[X,0x800322DE] -> 0x0050
[5156] [M]: 0x800322DC (0x0050006F) jal zero, 2052


mem[X,0x80032AE0] -> 0x00E3
mem[X,0x80032AE2] -> 0x80B5
[5157] [M]: 0x80032AE0 (0x80B500E3) beq a0, a1, 6144


mem[X,0x80032AE4] -> 0x0113
mem[X,0x80032AE6] -> 0x0021
[5158] [M]: 0x80032AE4 (0x00210113) addi sp, sp, 2
x2 <- 0x00000002


mem[X,0x80032AE8] -> 0x006F
mem[X,0x80032AEA] -> 0x00C0
[5159] [M]: 0x80032AE8 (0x00C0006F) jal zero, 12


mem[X,0x80032AF4] -> 0xA823
mem[X,0x80032AF6] -> 0x0220
[5160] [M]: 0x80032AF4 (0x0220A823) sw sp, 48(ra)
mem[0x80039A98] <- 0x00000002


mem[X,0x80032AF8] -> 0x5537
mem[X,0x80032AFA] -> 0x5555
[5161] [M]: 0x80032AF8 (0x55555537) lui a0, 349525
x10 <- 0x55555000


mem[X,0x80032AFC] -> 0x0513
mem[X,0x80032AFE] -> 0x5565
[5162] [M]: 0x80032AFC (0x55650513) addi a0, a0, 1366
x10 <- 0x55555556


mem[X,0x80032B00] -> 0x55B7
mem[X,0x80032B02] -> 0xFFFF
[5163] [M]: 0x80032B00 (0xFFFF55B7) lui a1, 1048565
x11 <- 0xFFFF5000


mem[X,0x80032B04] -> 0x8593
mem[X,0x80032B06] -> 0xAFC5
[5164] [M]: 0x80032B04 (0xAFC58593) addi a1, a1, 2812
x11 <- 0xFFFF4AFC


mem[X,0x80032B08] -> 0x0113
mem[X,0x80032B0A] -> 0x0000
[5165] [M]: 0x80032B08 (0x00000113) addi sp, zero, 0
x2 <- 0x00000000


mem[X,0x80032B0C] -> 0x006F
mem[X,0x80032B0E] -> 0x00C0
[5166] [M]: 0x80032B0C (0x00C0006F) jal zero, 12


mem[X,0x80032B18] -> 0x0663
mem[X,0x80032B1A] -> 0x00B5
[5167] [M]: 0x80032B18 (0x00B50663) beq a0, a1, 12


mem[X,0x80032B1C] -> 0x0113
mem[X,0x80032B1E] -> 0x0021
[5168] [M]: 0x80032B1C (0x00210113) addi sp, sp, 2
x2 <- 0x00000002


mem[X,0x80032B20] -> 0x006F
mem[X,0x80032B22] -> 0x00C0
[5169] [M]: 0x80032B20 (0x00C0006F) jal zero, 12


mem[X,0x80032B2C] -> 0xAA23
mem[X,0x80032B2E] -> 0x0220
[5170] [M]: 0x80032B2C (0x0220AA23) sw sp, 52(ra)
mem[0x80039A9C] <- 0x00000002


mem[X,0x80032B30] -> 0x5537
mem[X,0x80032B32] -> 0x5555
[5171] [M]: 0x80032B30 (0x55555537) lui a0, 349525
x10 <- 0x55555000


mem[X,0x80032B34] -> 0x0513
mem[X,0x80032B36] -> 0x5565
[5172] [M]: 0x80032B34 (0x55650513) addi a0, a0, 1366
x10 <- 0x55555556


mem[X,0x80032B38] -> 0xB5B7
mem[X,0x80032B3A] -> 0x0000
[5173] [M]: 0x80032B38 (0x0000B5B7) lui a1, 11
x11 <- 0x0000B000


mem[X,0x80032B3C] -> 0x8593
mem[X,0x80032B3E] -> 0x5045
[5174] [M]: 0x80032B3C (0x50458593) addi a1, a1, 1284
x11 <- 0x0000B504


mem[X,0x80032B40] -> 0x0113
mem[X,0x80032B42] -> 0x0000
[5175] [M]: 0x80032B40 (0x00000113) addi sp, zero, 0
x2 <- 0x00000000


mem[X,0x80032B44] -> 0x006F
mem[X,0x80032B46] -> 0x00C0
[5176] [M]: 0x80032B44 (0x00C0006F) jal zero, 12


mem[X,0x80032B50] -> 0x0063
mem[X,0x80032B52] -> 0x10B5
[5177] [M]: 0x80032B50 (0x10B50063) beq a0, a1, 256


mem[X,0x80032B54] -> 0x0113
mem[X,0x80032B56] -> 0x0021
[5178] [M]: 0x80032B54 (0x00210113) addi sp, sp, 2
x2 <- 0x00000002


mem[X,0x80032B58] -> 0x006F
mem[X,0x80032B5A] -> 0x1000
[5179] [M]: 0x80032B58 (0x1000006F) jal zero, 256


mem[X,0x80032C58] -> 0xAC23
mem[X,0x80032C5A] -> 0x0220
[5180] [M]: 0x80032C58 (0x0220AC23) sw sp, 56(ra)
mem[0x80039AA0] <- 0x00000002


mem[X,0x80032C5C] -> 0x5537
mem[X,0x80032C5E] -> 0x5555
[5181] [M]: 0x80032C5C (0x55555537) lui a0, 349525
x10 <- 0x55555000


mem[X,0x80032C60] -> 0x0513
mem[X,0x80032C62] -> 0x5565
[5182] [M]: 0x80032C60 (0x55650513) addi a0, a0, 1366
x10 <- 0x55555556


mem[X,0x80032C64] -> 0x0593
mem[X,0x80032C66] -> 0x0020
[5183] [M]: 0x80032C64 (0x00200593) addi a1, zero, 2
x11 <- 0x00000002


mem[X,0x80032C68] -> 0x0113
mem[X,0x80032C6A] -> 0x0000
[5184] [M]: 0x80032C68 (0x00000113) addi sp, zero, 0
x2 <- 0x00000000


mem[X,0x80032C6C] -> 0x006F
mem[X,0x80032C6E] -> 0x00C0
[5185] [M]: 0x80032C6C (0x00C0006F) jal zero, 12


mem[X,0x80032C78] -> 0x0663
mem[X,0x80032C7A] -> 0x00B5
[5186] [M]: 0x80032C78 (0x00B50663) beq a0, a1, 12


mem[X,0x80032C7C] -> 0x0113
mem[X,0x80032C7E] -> 0x0021
[5187] [M]: 0x80032C7C (0x00210113) addi sp, sp, 2
x2 <- 0x00000002


mem[X,0x80032C80] -> 0x006F
mem[X,0x80032C82] -> 0x00C0
[5188] [M]: 0x80032C80 (0x00C0006F) jal zero, 12


mem[X,0x80032C8C] -> 0xAE23
mem[X,0x80032C8E] -> 0x0220
[5189] [M]: 0x80032C8C (0x0220AE23) sw sp, 60(ra)
mem[0x80039AA4] <- 0x00000002


mem[X,0x80032C90] -> 0x5537
mem[X,0x80032C92] -> 0x5555
[5190] [M]: 0x80032C90 (0x55555537) lui a0, 349525
x10 <- 0x55555000


mem[X,0x80032C94] -> 0x0513
mem[X,0x80032C96] -> 0x5565
[5191] [M]: 0x80032C94 (0x55650513) addi a0, a0, 1366
x10 <- 0x55555556


mem[X,0x80032C98] -> 0x55B7
mem[X,0x80032C9A] -> 0x5555
[5192] [M]: 0x80032C98 (0x555555B7) lui a1, 349525
x11 <- 0x55555000


mem[X,0x80032C9C] -> 0x8593
mem[X,0x80032C9E] -> 0x5545
[5193] [M]: 0x80032C9C (0x55458593) addi a1, a1, 1364
x11 <- 0x55555554


mem[X,0x80032CA0] -> 0x0113
mem[X,0x80032CA2] -> 0x0000
[5194] [M]: 0x80032CA0 (0x00000113) addi sp, zero, 0
x2 <- 0x00000000


mem[X,0x80032CA4] -> 0x006F
mem[X,0x80032CA6] -> 0x00C0
[5195] [M]: 0x80032CA4 (0x00C0006F) jal zero, 12


mem[X,0x80032CB0] -> 0x0663
mem[X,0x80032CB2] -> 0x00B5
[5196] [M]: 0x80032CB0 (0x00B50663) beq a0, a1, 12


mem[X,0x80032CB4] -> 0x0113
mem[X,0x80032CB6] -> 0x0021
[5197] [M]: 0x80032CB4 (0x00210113) addi sp, sp, 2
x2 <- 0x00000002


mem[X,0x80032CB8] -> 0x006F
mem[X,0x80032CBA] -> 0x00C0
[5198] [M]: 0x80032CB8 (0x00C0006F) jal zero, 12


mem[X,0x80032CC4] -> 0xA023
mem[X,0x80032CC6] -> 0x0420
[5199] [M]: 0x80032CC4 (0x0420A023) sw sp, 64(ra)
mem[0x80039AA8] <- 0x00000002


clint::tick mtime <- 0x0000000000000034
 clint timer pending at mtime 0x0000000000000034
htif::tick 0x0000000000000000
mem[X,0x80032CC8] -> 0x5537
mem[X,0x80032CCA] -> 0x5555
[5200] [M]: 0x80032CC8 (0x55555537) lui a0, 349525
x10 <- 0x55555000


mem[X,0x80032CCC] -> 0x0513
mem[X,0x80032CCE] -> 0x5565
[5201] [M]: 0x80032CCC (0x55650513) addi a0, a0, 1366
x10 <- 0x55555556


mem[X,0x80032CD0] -> 0x0593
mem[X,0x80032CD2] -> 0x0000
[5202] [M]: 0x80032CD0 (0x00000593) addi a1, zero, 0
x11 <- 0x00000000


mem[X,0x80032CD4] -> 0x0113
mem[X,0x80032CD6] -> 0x0000
[5203] [M]: 0x80032CD4 (0x00000113) addi sp, zero, 0
x2 <- 0x00000000


mem[X,0x80032CD8] -> 0x006F
mem[X,0x80032CDA] -> 0x0180
[5204] [M]: 0x80032CD8 (0x0180006F) jal zero, 24


mem[X,0x80032CF0] -> 0x06E3
mem[X,0x80032CF2] -> 0xFEB5
[5205] [M]: 0x80032CF0 (0xFEB506E3) beq a0, a1, 8172


mem[X,0x80032CF4] -> 0x0113
mem[X,0x80032CF6] -> 0x0021
[5206] [M]: 0x80032CF4 (0x00210113) addi sp, sp, 2
x2 <- 0x00000002


mem[X,0x80032CF8] -> 0x006F
mem[X,0x80032CFA] -> 0x00C0
[5207] [M]: 0x80032CF8 (0x00C0006F) jal zero, 12


mem[X,0x80032D04] -> 0xA223
mem[X,0x80032D06] -> 0x0420
[5208] [M]: 0x80032D04 (0x0420A223) sw sp, 68(ra)
mem[0x80039AAC] <- 0x00000002


mem[X,0x80032D08] -> 0x5537
mem[X,0x80032D0A] -> 0x5555
[5209] [M]: 0x80032D08 (0x55555537) lui a0, 349525
x10 <- 0x55555000


mem[X,0x80032D0C] -> 0x0513
mem[X,0x80032D0E] -> 0x5565
[5210] [M]: 0x80032D0C (0x55650513) addi a0, a0, 1366
x10 <- 0x55555556


mem[X,0x80032D10] -> 0x0593
mem[X,0x80032D12] -> 0x0040
[5211] [M]: 0x80032D10 (0x00400593) addi a1, zero, 4
x11 <- 0x00000004


mem[X,0x80032D14] -> 0x0113
mem[X,0x80032D16] -> 0x0000
[5212] [M]: 0x80032D14 (0x00000113) addi sp, zero, 0
x2 <- 0x00000000


mem[X,0x80032D18] -> 0x006F
mem[X,0x80032D1A] -> 0x0100
[5213] [M]: 0x80032D18 (0x0100006F) jal zero, 16


mem[X,0x80032D28] -> 0x0AE3
mem[X,0x80032D2A] -> 0xFEB5
[5214] [M]: 0x80032D28 (0xFEB50AE3) beq a0, a1, 8180


mem[X,0x80032D2C] -> 0x0113
mem[X,0x80032D2E] -> 0x0021
[5215] [M]: 0x80032D2C (0x00210113) addi sp, sp, 2
x2 <- 0x00000002


mem[X,0x80032D30] -> 0x006F
mem[X,0x80032D32] -> 0x00C0
[5216] [M]: 0x80032D30 (0x00C0006F) jal zero, 12


mem[X,0x80032D3C] -> 0xA423
mem[X,0x80032D3E] -> 0x0420
[5217] [M]: 0x80032D3C (0x0420A423) sw sp, 72(ra)
mem[0x80039AB0] <- 0x00000002


mem[X,0x80032D40] -> 0x5537
mem[X,0x80032D42] -> 0x5555
[5218] [M]: 0x80032D40 (0x55555537) lui a0, 349525
x10 <- 0x55555000


mem[X,0x80032D44] -> 0x0513
mem[X,0x80032D46] -> 0x5565
[5219] [M]: 0x80032D44 (0x55650513) addi a0, a0, 1366
x10 <- 0x55555556


mem[X,0x80032D48] -> 0x35B7
mem[X,0x80032D4A] -> 0x3333
[5220] [M]: 0x80032D48 (0x333335B7) lui a1, 209715
x11 <- 0x33333000


mem[X,0x80032D4C] -> 0x8593
mem[X,0x80032D4E] -> 0x3325
[5221] [M]: 0x80032D4C (0x33258593) addi a1, a1, 818
x11 <- 0x33333332


mem[X,0x80032D50] -> 0x0113
mem[X,0x80032D52] -> 0x0000
[5222] [M]: 0x80032D50 (0x00000113) addi sp, zero, 0
x2 <- 0x00000000


mem[X,0x80032D54] -> 0x006F
mem[X,0x80032D56] -> 0x0140
[5223] [M]: 0x80032D54 (0x0140006F) jal zero, 20


mem[X,0x80032D68] -> 0x08E3
mem[X,0x80032D6A] -> 0xFEB5
[5224] [M]: 0x80032D68 (0xFEB508E3) beq a0, a1, 8176


mem[X,0x80032D6C] -> 0x0113
mem[X,0x80032D6E] -> 0x0021
[5225] [M]: 0x80032D6C (0x00210113) addi sp, sp, 2
x2 <- 0x00000002


mem[X,0x80032D70] -> 0x006F
mem[X,0x80032D72] -> 0x00C0
[5226] [M]: 0x80032D70 (0x00C0006F) jal zero, 12


mem[X,0x80032D7C] -> 0xA623
mem[X,0x80032D7E] -> 0x0420
[5227] [M]: 0x80032D7C (0x0420A623) sw sp, 76(ra)
mem[0x80039AB4] <- 0x00000002


mem[X,0x80032D80] -> 0x5537
mem[X,0x80032D82] -> 0x5555
[5228] [M]: 0x80032D80 (0x55555537) lui a0, 349525
x10 <- 0x55555000


mem[X,0x80032D84] -> 0x0513
mem[X,0x80032D86] -> 0x5565
[5229] [M]: 0x80032D84 (0x55650513) addi a0, a0, 1366
x10 <- 0x55555556


mem[X,0x80032D88] -> 0x65B7
mem[X,0x80032D8A] -> 0x6666
[5230] [M]: 0x80032D88 (0x666665B7) lui a1, 419430
x11 <- 0x66666000


mem[X,0x80032D8C] -> 0x8593
mem[X,0x80032D8E] -> 0x6655
[5231] [M]: 0x80032D8C (0x66558593) addi a1, a1, 1637
x11 <- 0x66666665


mem[X,0x80032D90] -> 0x0113
mem[X,0x80032D92] -> 0x0000
[5232] [M]: 0x80032D90 (0x00000113) addi sp, zero, 0
x2 <- 0x00000000


mem[X,0x80032D94] -> 0x006F
mem[X,0x80032D96] -> 0x00C0
[5233] [M]: 0x80032D94 (0x00C0006F) jal zero, 12


mem[X,0x80032DA0] -> 0x0663
mem[X,0x80032DA2] -> 0x00B5
[5234] [M]: 0x80032DA0 (0x00B50663) beq a0, a1, 12


mem[X,0x80032DA4] -> 0x0113
mem[X,0x80032DA6] -> 0x0021
[5235] [M]: 0x80032DA4 (0x00210113) addi sp, sp, 2
x2 <- 0x00000002


mem[X,0x80032DA8] -> 0x006F
mem[X,0x80032DAA] -> 0x00C0
[5236] [M]: 0x80032DA8 (0x00C0006F) jal zero, 12


mem[X,0x80032DB4] -> 0xA823
mem[X,0x80032DB6] -> 0x0420
[5237] [M]: 0x80032DB4 (0x0420A823) sw sp, 80(ra)
mem[0x80039AB8] <- 0x00000002


mem[X,0x80032DB8] -> 0x5537
mem[X,0x80032DBA] -> 0x5555
[5238] [M]: 0x80032DB8 (0x55555537) lui a0, 349525
x10 <- 0x55555000


mem[X,0x80032DBC] -> 0x0513
mem[X,0x80032DBE] -> 0x5565
[5239] [M]: 0x80032DBC (0x55650513) addi a0, a0, 1366
x10 <- 0x55555556


mem[X,0x80032DC0] -> 0xB5B7
mem[X,0x80032DC2] -> 0x0000
[5240] [M]: 0x80032DC0 (0x0000B5B7) lui a1, 11
x11 <- 0x0000B000


mem[X,0x80032DC4] -> 0x8593
mem[X,0x80032DC6] -> 0x5035
[5241] [M]: 0x80032DC4 (0x50358593) addi a1, a1, 1283
x11 <- 0x0000B503


mem[X,0x80032DC8] -> 0x0113
mem[X,0x80032DCA] -> 0x0000
[5242] [M]: 0x80032DC8 (0x00000113) addi sp, zero, 0
x2 <- 0x00000000


mem[X,0x80032DCC] -> 0x006F
mem[X,0x80032DCE] -> 0x0100
[5243] [M]: 0x80032DCC (0x0100006F) jal zero, 16


mem[X,0x80032DDC] -> 0x0AE3
mem[X,0x80032DDE] -> 0xFEB5
[5244] [M]: 0x80032DDC (0xFEB50AE3) beq a0, a1, 8180


mem[X,0x80032DE0] -> 0x0113
mem[X,0x80032DE2] -> 0x0021
[5245] [M]: 0x80032DE0 (0x00210113) addi sp, sp, 2
x2 <- 0x00000002


mem[X,0x80032DE4] -> 0x006F
mem[X,0x80032DE6] -> 0x00C0
[5246] [M]: 0x80032DE4 (0x00C0006F) jal zero, 12


mem[X,0x80032DF0] -> 0xAA23
mem[X,0x80032DF2] -> 0x0420
[5247] [M]: 0x80032DF0 (0x0420AA23) sw sp, 84(ra)
mem[0x80039ABC] <- 0x00000002


mem[X,0x80032DF4] -> 0x5537
mem[X,0x80032DF6] -> 0x5555
[5248] [M]: 0x80032DF4 (0x55555537) lui a0, 349525
x10 <- 0x55555000


mem[X,0x80032DF8] -> 0x0513
mem[X,0x80032DFA] -> 0x5565
[5249] [M]: 0x80032DF8 (0x55650513) addi a0, a0, 1366
x10 <- 0x55555556


mem[X,0x80032DFC] -> 0x55B7
mem[X,0x80032DFE] -> 0x5555
[5250] [M]: 0x80032DFC (0x555555B7) lui a1, 349525
x11 <- 0x55555000


mem[X,0x80032E00] -> 0x8593
mem[X,0x80032E02] -> 0x5565
[5251] [M]: 0x80032E00 (0x55658593) addi a1, a1, 1366
x11 <- 0x55555556


mem[X,0x80032E04] -> 0x0113
mem[X,0x80032E06] -> 0x0000
[5252] [M]: 0x80032E04 (0x00000113) addi sp, zero, 0
x2 <- 0x00000000


mem[X,0x80032E08] -> 0x006F
mem[X,0x80032E0A] -> 0x2B10
[5253] [M]: 0x80032E08 (0x2B10006F) jal zero, 2736


mem[X,0x800338B8] -> 0x0A63
mem[X,0x800338BA] -> 0xD4B5
[5254] [M]: 0x800338B8 (0xD4B50A63) beq a0, a1, 5460


mem[X,0x80032E0C] -> 0x0113
mem[X,0x80032E0E] -> 0x0011
[5255] [M]: 0x80032E0C (0x00110113) addi sp, sp, 1
x2 <- 0x00000001


mem[X,0x80032E10] -> 0x006F
mem[X,0x80032E12] -> 0x2BD0
[5256] [M]: 0x80032E10 (0x2BD0006F) jal zero, 2748


mem[X,0x800338CC] -> 0xAC23
mem[X,0x800338CE] -> 0x0420
[5257] [M]: 0x800338CC (0x0420AC23) sw sp, 88(ra)
mem[0x80039AC0] <- 0x00000001


mem[X,0x800338D0] -> 0x5537
mem[X,0x800338D2] -> 0x5555
[5258] [M]: 0x800338D0 (0x55555537) lui a0, 349525
x10 <- 0x55555000


mem[X,0x800338D4] -> 0x0513
mem[X,0x800338D6] -> 0x5565
[5259] [M]: 0x800338D4 (0x55650513) addi a0, a0, 1366
x10 <- 0x55555556


mem[X,0x800338D8] -> 0xB5B7
mem[X,0x800338DA] -> 0xAAAA
[5260] [M]: 0x800338D8 (0xAAAAB5B7) lui a1, 699051
x11 <- 0xAAAAB000


mem[X,0x800338DC] -> 0x8593
mem[X,0x800338DE] -> 0xAAB5
[5261] [M]: 0x800338DC (0xAAB58593) addi a1, a1, 2731
x11 <- 0xAAAAAAAB


mem[X,0x800338E0] -> 0x0113
mem[X,0x800338E2] -> 0x0000
[5262] [M]: 0x800338E0 (0x00000113) addi sp, zero, 0
x2 <- 0x00000000


mem[X,0x800338E4] -> 0x006F
mem[X,0x800338E6] -> 0x00C0
[5263] [M]: 0x800338E4 (0x00C0006F) jal zero, 12


mem[X,0x800338F0] -> 0x0CE3
mem[X,0x800338F2] -> 0xFEB5
[5264] [M]: 0x800338F0 (0xFEB50CE3) beq a0, a1, 8184


mem[X,0x800338F4] -> 0x0113
mem[X,0x800338F6] -> 0x0021
[5265] [M]: 0x800338F4 (0x00210113) addi sp, sp, 2
x2 <- 0x00000002


mem[X,0x800338F8] -> 0x006F
mem[X,0x800338FA] -> 0x00C0
[5266] [M]: 0x800338F8 (0x00C0006F) jal zero, 12


mem[X,0x80033904] -> 0xAE23
mem[X,0x80033906] -> 0x0420
[5267] [M]: 0x80033904 (0x0420AE23) sw sp, 92(ra)
mem[0x80039AC4] <- 0x00000002


mem[X,0x80033908] -> 0x5537
mem[X,0x8003390A] -> 0x5555
[5268] [M]: 0x80033908 (0x55555537) lui a0, 349525
x10 <- 0x55555000


mem[X,0x8003390C] -> 0x0513
mem[X,0x8003390E] -> 0x5565
[5269] [M]: 0x8003390C (0x55650513) addi a0, a0, 1366
x10 <- 0x55555556


mem[X,0x80033910] -> 0x0593
mem[X,0x80033912] -> 0x0060
[5270] [M]: 0x80033910 (0x00600593) addi a1, zero, 6
x11 <- 0x00000006


mem[X,0x80033914] -> 0x0113
mem[X,0x80033916] -> 0x0000
[5271] [M]: 0x80033914 (0x00000113) addi sp, zero, 0
x2 <- 0x00000000


mem[X,0x80033918] -> 0x006F
mem[X,0x8003391A] -> 0x00C0
[5272] [M]: 0x80033918 (0x00C0006F) jal zero, 12


mem[X,0x80033924] -> 0x0063
mem[X,0x80033926] -> 0x40B5
[5273] [M]: 0x80033924 (0x40B50063) beq a0, a1, 1024


mem[X,0x80033928] -> 0x0113
mem[X,0x8003392A] -> 0x0021
[5274] [M]: 0x80033928 (0x00210113) addi sp, sp, 2
x2 <- 0x00000002


mem[X,0x8003392C] -> 0x006F
mem[X,0x8003392E] -> 0x4000
[5275] [M]: 0x8003392C (0x4000006F) jal zero, 1024


mem[X,0x80033D2C] -> 0xA023
mem[X,0x80033D2E] -> 0x0620
[5276] [M]: 0x80033D2C (0x0620A023) sw sp, 96(ra)
mem[0x80039AC8] <- 0x00000002


mem[X,0x80033D30] -> 0x5537
mem[X,0x80033D32] -> 0x5555
[5277] [M]: 0x80033D30 (0x55555537) lui a0, 349525
x10 <- 0x55555000


mem[X,0x80033D34] -> 0x0513
mem[X,0x80033D36] -> 0x5565
[5278] [M]: 0x80033D34 (0x55650513) addi a0, a0, 1366
x10 <- 0x55555556


mem[X,0x80033D38] -> 0x35B7
mem[X,0x80033D3A] -> 0x3333
[5279] [M]: 0x80033D38 (0x333335B7) lui a1, 209715
x11 <- 0x33333000


mem[X,0x80033D3C] -> 0x8593
mem[X,0x80033D3E] -> 0x3345
[5280] [M]: 0x80033D3C (0x33458593) addi a1, a1, 820
x11 <- 0x33333334


mem[X,0x80033D40] -> 0x0113
mem[X,0x80033D42] -> 0x0000
[5281] [M]: 0x80033D40 (0x00000113) addi sp, zero, 0
x2 <- 0x00000000


mem[X,0x80033D44] -> 0x006F
mem[X,0x80033D46] -> 0x0050
[5282] [M]: 0x80033D44 (0x0050006F) jal zero, 2052


mem[X,0x80034548] -> 0x00E3
mem[X,0x8003454A] -> 0x80B5
[5283] [M]: 0x80034548 (0x80B500E3) beq a0, a1, 6144


mem[X,0x8003454C] -> 0x0113
mem[X,0x8003454E] -> 0x0021
[5284] [M]: 0x8003454C (0x00210113) addi sp, sp, 2
x2 <- 0x00000002


mem[X,0x80034550] -> 0x006F
mem[X,0x80034552] -> 0x00C0
[5285] [M]: 0x80034550 (0x00C0006F) jal zero, 12


mem[X,0x8003455C] -> 0xA223
mem[X,0x8003455E] -> 0x0620
[5286] [M]: 0x8003455C (0x0620A223) sw sp, 100(ra)
mem[0x80039ACC] <- 0x00000002


mem[X,0x80034560] -> 0x5537
mem[X,0x80034562] -> 0x5555
[5287] [M]: 0x80034560 (0x55555537) lui a0, 349525
x10 <- 0x55555000


mem[X,0x80034564] -> 0x0513
mem[X,0x80034566] -> 0x5565
[5288] [M]: 0x80034564 (0x55650513) addi a0, a0, 1366
x10 <- 0x55555556


mem[X,0x80034568] -> 0x65B7
mem[X,0x8003456A] -> 0x6666
[5289] [M]: 0x80034568 (0x666665B7) lui a1, 419430
x11 <- 0x66666000


mem[X,0x8003456C] -> 0x8593
mem[X,0x8003456E] -> 0x6675
[5290] [M]: 0x8003456C (0x66758593) addi a1, a1, 1639
x11 <- 0x66666667


mem[X,0x80034570] -> 0x0113
mem[X,0x80034572] -> 0x0000
[5291] [M]: 0x80034570 (0x00000113) addi sp, zero, 0
x2 <- 0x00000000


mem[X,0x80034574] -> 0x006F
mem[X,0x80034576] -> 0x2B10
[5292] [M]: 0x80034574 (0x2B10006F) jal zero, 2736


mem[X,0x80035024] -> 0x0A63
mem[X,0x80035026] -> 0xD4B5
[5293] [M]: 0x80035024 (0xD4B50A63) beq a0, a1, 5460


mem[X,0x80035028] -> 0x0113
mem[X,0x8003502A] -> 0x0021
[5294] [M]: 0x80035028 (0x00210113) addi sp, sp, 2
x2 <- 0x00000002


mem[X,0x8003502C] -> 0x006F
mem[X,0x8003502E] -> 0x00C0
[5295] [M]: 0x8003502C (0x00C0006F) jal zero, 12


mem[X,0x80035038] -> 0xA423
mem[X,0x8003503A] -> 0x0620
[5296] [M]: 0x80035038 (0x0620A423) sw sp, 104(ra)
mem[0x80039AD0] <- 0x00000002


mem[X,0x8003503C] -> 0x5537
mem[X,0x8003503E] -> 0x5555
[5297] [M]: 0x8003503C (0x55555537) lui a0, 349525
x10 <- 0x55555000


mem[X,0x80035040] -> 0x0513
mem[X,0x80035042] -> 0x5565
[5298] [M]: 0x80035040 (0x55650513) addi a0, a0, 1366
x10 <- 0x55555556


mem[X,0x80035044] -> 0x55B7
mem[X,0x80035046] -> 0xFFFF
[5299] [M]: 0x80035044 (0xFFFF55B7) lui a1, 1048565
x11 <- 0xFFFF5000


clint::tick mtime <- 0x0000000000000035
 clint timer pending at mtime 0x0000000000000035
htif::tick 0x0000000000000000
mem[X,0x80035048] -> 0x8593
mem[X,0x8003504A] -> 0xAFD5
[5300] [M]: 0x80035048 (0xAFD58593) addi a1, a1, 2813
x11 <- 0xFFFF4AFD


mem[X,0x8003504C] -> 0x0113
mem[X,0x8003504E] -> 0x0000
[5301] [M]: 0x8003504C (0x00000113) addi sp, zero, 0
x2 <- 0x00000000


mem[X,0x80035050] -> 0x006F
mem[X,0x80035052] -> 0x00C0
[5302] [M]: 0x80035050 (0x00C0006F) jal zero, 12


mem[X,0x8003505C] -> 0x0063
mem[X,0x8003505E] -> 0x20B5
[5303] [M]: 0x8003505C (0x20B50063) beq a0, a1, 512


mem[X,0x80035060] -> 0x0113
mem[X,0x80035062] -> 0x0021
[5304] [M]: 0x80035060 (0x00210113) addi sp, sp, 2
x2 <- 0x00000002


mem[X,0x80035064] -> 0x006F
mem[X,0x80035066] -> 0x2000
[5305] [M]: 0x80035064 (0x2000006F) jal zero, 512


mem[X,0x80035264] -> 0xA623
mem[X,0x80035266] -> 0x0620
[5306] [M]: 0x80035264 (0x0620A623) sw sp, 108(ra)
mem[0x80039AD4] <- 0x00000002


mem[X,0x80035268] -> 0x5537
mem[X,0x8003526A] -> 0x5555
[5307] [M]: 0x80035268 (0x55555537) lui a0, 349525
x10 <- 0x55555000


mem[X,0x8003526C] -> 0x0513
mem[X,0x8003526E] -> 0x5565
[5308] [M]: 0x8003526C (0x55650513) addi a0, a0, 1366
x10 <- 0x55555556


mem[X,0x80035270] -> 0xB5B7
mem[X,0x80035272] -> 0x0000
[5309] [M]: 0x80035270 (0x0000B5B7) lui a1, 11
x11 <- 0x0000B000


mem[X,0x80035274] -> 0x8593
mem[X,0x80035276] -> 0x5055
[5310] [M]: 0x80035274 (0x50558593) addi a1, a1, 1285
x11 <- 0x0000B505


mem[X,0x80035278] -> 0x0113
mem[X,0x8003527A] -> 0x0000
[5311] [M]: 0x80035278 (0x00000113) addi sp, zero, 0
x2 <- 0x00000000


mem[X,0x8003527C] -> 0x006F
mem[X,0x8003527E] -> 0x00C0
[5312] [M]: 0x8003527C (0x00C0006F) jal zero, 12


mem[X,0x80035288] -> 0x0063
mem[X,0x8003528A] -> 0x02B5
[5313] [M]: 0x80035288 (0x02B50063) beq a0, a1, 32


mem[X,0x8003528C] -> 0x0113
mem[X,0x8003528E] -> 0x0021
[5314] [M]: 0x8003528C (0x00210113) addi sp, sp, 2
x2 <- 0x00000002


mem[X,0x80035290] -> 0x006F
mem[X,0x80035292] -> 0x0200
[5315] [M]: 0x80035290 (0x0200006F) jal zero, 32


mem[X,0x800352B0] -> 0xA823
mem[X,0x800352B2] -> 0x0620
[5316] [M]: 0x800352B0 (0x0620A823) sw sp, 112(ra)
mem[0x80039AD8] <- 0x00000002


mem[X,0x800352B4] -> 0xB537
mem[X,0x800352B6] -> 0xAAAA
[5317] [M]: 0x800352B4 (0xAAAAB537) lui a0, 699051
x10 <- 0xAAAAB000


mem[X,0x800352B8] -> 0x0513
mem[X,0x800352BA] -> 0xAAB5
[5318] [M]: 0x800352B8 (0xAAB50513) addi a0, a0, 2731
x10 <- 0xAAAAAAAB


mem[X,0x800352BC] -> 0x0593
mem[X,0x800352BE] -> 0x0030
[5319] [M]: 0x800352BC (0x00300593) addi a1, zero, 3
x11 <- 0x00000003


mem[X,0x800352C0] -> 0x0113
mem[X,0x800352C2] -> 0x0000
[5320] [M]: 0x800352C0 (0x00000113) addi sp, zero, 0
x2 <- 0x00000000


mem[X,0x800352C4] -> 0x006F
mem[X,0x800352C6] -> 0x00C0
[5321] [M]: 0x800352C4 (0x00C0006F) jal zero, 12


mem[X,0x800352D0] -> 0x0663
mem[X,0x800352D2] -> 0x00B5
[5322] [M]: 0x800352D0 (0x00B50663) beq a0, a1, 12


mem[X,0x800352D4] -> 0x0113
mem[X,0x800352D6] -> 0x0021
[5323] [M]: 0x800352D4 (0x00210113) addi sp, sp, 2
x2 <- 0x00000002


mem[X,0x800352D8] -> 0x006F
mem[X,0x800352DA] -> 0x00C0
[5324] [M]: 0x800352D8 (0x00C0006F) jal zero, 12


mem[X,0x800352E4] -> 0xAA23
mem[X,0x800352E6] -> 0x0620
[5325] [M]: 0x800352E4 (0x0620AA23) sw sp, 116(ra)
mem[0x80039ADC] <- 0x00000002


mem[X,0x800352E8] -> 0xB537
mem[X,0x800352EA] -> 0xAAAA
[5326] [M]: 0x800352E8 (0xAAAAB537) lui a0, 699051
x10 <- 0xAAAAB000


mem[X,0x800352EC] -> 0x0513
mem[X,0x800352EE] -> 0xAAB5
[5327] [M]: 0x800352EC (0xAAB50513) addi a0, a0, 2731
x10 <- 0xAAAAAAAB


mem[X,0x800352F0] -> 0x55B7
mem[X,0x800352F2] -> 0x5555
[5328] [M]: 0x800352F0 (0x555555B7) lui a1, 349525
x11 <- 0x55555000


mem[X,0x800352F4] -> 0x8593
mem[X,0x800352F6] -> 0x5555
[5329] [M]: 0x800352F4 (0x55558593) addi a1, a1, 1365
x11 <- 0x55555555


mem[X,0x800352F8] -> 0x0113
mem[X,0x800352FA] -> 0x0000
[5330] [M]: 0x800352F8 (0x00000113) addi sp, zero, 0
x2 <- 0x00000000


mem[X,0x800352FC] -> 0x006F
mem[X,0x800352FE] -> 0x0180
[5331] [M]: 0x800352FC (0x0180006F) jal zero, 24


mem[X,0x80035314] -> 0x06E3
mem[X,0x80035316] -> 0xFEB5
[5332] [M]: 0x80035314 (0xFEB506E3) beq a0, a1, 8172


mem[X,0x80035318] -> 0x0113
mem[X,0x8003531A] -> 0x0021
[5333] [M]: 0x80035318 (0x00210113) addi sp, sp, 2
x2 <- 0x00000002


mem[X,0x8003531C] -> 0x006F
mem[X,0x8003531E] -> 0x00C0
[5334] [M]: 0x8003531C (0x00C0006F) jal zero, 12


mem[X,0x80035328] -> 0xAC23
mem[X,0x8003532A] -> 0x0620
[5335] [M]: 0x80035328 (0x0620AC23) sw sp, 120(ra)
mem[0x80039AE0] <- 0x00000002


mem[X,0x8003532C] -> 0xB537
mem[X,0x8003532E] -> 0xAAAA
[5336] [M]: 0x8003532C (0xAAAAB537) lui a0, 699051
x10 <- 0xAAAAB000


mem[X,0x80035330] -> 0x0513
mem[X,0x80035332] -> 0xAAB5
[5337] [M]: 0x80035330 (0xAAB50513) addi a0, a0, 2731
x10 <- 0xAAAAAAAB


mem[X,0x80035334] -> 0xB5B7
mem[X,0x80035336] -> 0xAAAA
[5338] [M]: 0x80035334 (0xAAAAB5B7) lui a1, 699051
x11 <- 0xAAAAB000


mem[X,0x80035338] -> 0x8593
mem[X,0x8003533A] -> 0xAAA5
[5339] [M]: 0x80035338 (0xAAA58593) addi a1, a1, 2730
x11 <- 0xAAAAAAAA


mem[X,0x8003533C] -> 0x0113
mem[X,0x8003533E] -> 0x0000
[5340] [M]: 0x8003533C (0x00000113) addi sp, zero, 0
x2 <- 0x00000000


mem[X,0x80035340] -> 0x006F
mem[X,0x80035342] -> 0x00C0
[5341] [M]: 0x80035340 (0x00C0006F) jal zero, 12


mem[X,0x8003534C] -> 0x0063
mem[X,0x8003534E] -> 0x02B5
[5342] [M]: 0x8003534C (0x02B50063) beq a0, a1, 32


mem[X,0x80035350] -> 0x0113
mem[X,0x80035352] -> 0x0021
[5343] [M]: 0x80035350 (0x00210113) addi sp, sp, 2
x2 <- 0x00000002


mem[X,0x80035354] -> 0x006F
mem[X,0x80035356] -> 0x0200
[5344] [M]: 0x80035354 (0x0200006F) jal zero, 32


mem[X,0x80035374] -> 0xAE23
mem[X,0x80035376] -> 0x0620
[5345] [M]: 0x80035374 (0x0620AE23) sw sp, 124(ra)
mem[0x80039AE4] <- 0x00000002


mem[X,0x80035378] -> 0xB537
mem[X,0x8003537A] -> 0xAAAA
[5346] [M]: 0x80035378 (0xAAAAB537) lui a0, 699051
x10 <- 0xAAAAB000


mem[X,0x8003537C] -> 0x0513
mem[X,0x8003537E] -> 0xAAB5
[5347] [M]: 0x8003537C (0xAAB50513) addi a0, a0, 2731
x10 <- 0xAAAAAAAB


mem[X,0x80035380] -> 0x0593
mem[X,0x80035382] -> 0x0050
[5348] [M]: 0x80035380 (0x00500593) addi a1, zero, 5
x11 <- 0x00000005


mem[X,0x80035384] -> 0x0113
mem[X,0x80035386] -> 0x0000
[5349] [M]: 0x80035384 (0x00000113) addi sp, zero, 0
x2 <- 0x00000000


mem[X,0x80035388] -> 0x006F
mem[X,0x8003538A] -> 0x00C0
[5350] [M]: 0x80035388 (0x00C0006F) jal zero, 12


mem[X,0x80035394] -> 0x0063
mem[X,0x80035396] -> 0x20B5
[5351] [M]: 0x80035394 (0x20B50063) beq a0, a1, 512


mem[X,0x80035398] -> 0x0113
mem[X,0x8003539A] -> 0x0021
[5352] [M]: 0x80035398 (0x00210113) addi sp, sp, 2
x2 <- 0x00000002


mem[X,0x8003539C] -> 0x006F
mem[X,0x8003539E] -> 0x2000
[5353] [M]: 0x8003539C (0x2000006F) jal zero, 512


mem[X,0x8003559C] -> 0xA023
mem[X,0x8003559E] -> 0x0820
[5354] [M]: 0x8003559C (0x0820A023) sw sp, 128(ra)
mem[0x80039AE8] <- 0x00000002


mem[X,0x800355A0] -> 0xB537
mem[X,0x800355A2] -> 0xAAAA
[5355] [M]: 0x800355A0 (0xAAAAB537) lui a0, 699051
x10 <- 0xAAAAB000


mem[X,0x800355A4] -> 0x0513
mem[X,0x800355A6] -> 0xAAB5
[5356] [M]: 0x800355A4 (0xAAB50513) addi a0, a0, 2731
x10 <- 0xAAAAAAAB


mem[X,0x800355A8] -> 0x35B7
mem[X,0x800355AA] -> 0x3333
[5357] [M]: 0x800355A8 (0x333335B7) lui a1, 209715
x11 <- 0x33333000


mem[X,0x800355AC] -> 0x8593
mem[X,0x800355AE] -> 0x3335
[5358] [M]: 0x800355AC (0x33358593) addi a1, a1, 819
x11 <- 0x33333333


mem[X,0x800355B0] -> 0x0113
mem[X,0x800355B2] -> 0x0000
[5359] [M]: 0x800355B0 (0x00000113) addi sp, zero, 0
x2 <- 0x00000000


mem[X,0x800355B4] -> 0x006F
mem[X,0x800355B6] -> 0x00C0
[5360] [M]: 0x800355B4 (0x00C0006F) jal zero, 12


mem[X,0x800355C0] -> 0x0063
mem[X,0x800355C2] -> 0x04B5
[5361] [M]: 0x800355C0 (0x04B50063) beq a0, a1, 64


mem[X,0x800355C4] -> 0x0113
mem[X,0x800355C6] -> 0x0021
[5362] [M]: 0x800355C4 (0x00210113) addi sp, sp, 2
x2 <- 0x00000002


mem[X,0x800355C8] -> 0x006F
mem[X,0x800355CA] -> 0x0400
[5363] [M]: 0x800355C8 (0x0400006F) jal zero, 64


mem[X,0x80035608] -> 0xA223
mem[X,0x8003560A] -> 0x0820
[5364] [M]: 0x80035608 (0x0820A223) sw sp, 132(ra)
mem[0x80039AEC] <- 0x00000002


mem[X,0x8003560C] -> 0xB537
mem[X,0x8003560E] -> 0xAAAA
[5365] [M]: 0x8003560C (0xAAAAB537) lui a0, 699051
x10 <- 0xAAAAB000


mem[X,0x80035610] -> 0x0513
mem[X,0x80035612] -> 0xAAB5
[5366] [M]: 0x80035610 (0xAAB50513) addi a0, a0, 2731
x10 <- 0xAAAAAAAB


mem[X,0x80035614] -> 0x65B7
mem[X,0x80035616] -> 0x6666
[5367] [M]: 0x80035614 (0x666665B7) lui a1, 419430
x11 <- 0x66666000


mem[X,0x80035618] -> 0x8593
mem[X,0x8003561A] -> 0x6665
[5368] [M]: 0x80035618 (0x66658593) addi a1, a1, 1638
x11 <- 0x66666666


mem[X,0x8003561C] -> 0x0113
mem[X,0x8003561E] -> 0x0000
[5369] [M]: 0x8003561C (0x00000113) addi sp, zero, 0
x2 <- 0x00000000


mem[X,0x80035620] -> 0x006F
mem[X,0x80035622] -> 0x00C0
[5370] [M]: 0x80035620 (0x00C0006F) jal zero, 12


mem[X,0x8003562C] -> 0x0663
mem[X,0x8003562E] -> 0x00B5
[5371] [M]: 0x8003562C (0x00B50663) beq a0, a1, 12


mem[X,0x80035630] -> 0x0113
mem[X,0x80035632] -> 0x0021
[5372] [M]: 0x80035630 (0x00210113) addi sp, sp, 2
x2 <- 0x00000002


mem[X,0x80035634] -> 0x006F
mem[X,0x80035636] -> 0x00C0
[5373] [M]: 0x80035634 (0x00C0006F) jal zero, 12


mem[X,0x80035640] -> 0xA423
mem[X,0x80035642] -> 0x0820
[5374] [M]: 0x80035640 (0x0820A423) sw sp, 136(ra)
mem[0x80039AF0] <- 0x00000002


mem[X,0x80035644] -> 0xB537
mem[X,0x80035646] -> 0xAAAA
[5375] [M]: 0x80035644 (0xAAAAB537) lui a0, 699051
x10 <- 0xAAAAB000


mem[X,0x80035648] -> 0x0513
mem[X,0x8003564A] -> 0xAAB5
[5376] [M]: 0x80035648 (0xAAB50513) addi a0, a0, 2731
x10 <- 0xAAAAAAAB


mem[X,0x8003564C] -> 0x55B7
mem[X,0x8003564E] -> 0xFFFF
[5377] [M]: 0x8003564C (0xFFFF55B7) lui a1, 1048565
x11 <- 0xFFFF5000


mem[X,0x80035650] -> 0x8593
mem[X,0x80035652] -> 0xAFC5
[5378] [M]: 0x80035650 (0xAFC58593) addi a1, a1, 2812
x11 <- 0xFFFF4AFC


mem[X,0x80035654] -> 0x0113
mem[X,0x80035656] -> 0x0000
[5379] [M]: 0x80035654 (0x00000113) addi sp, zero, 0
x2 <- 0x00000000


mem[X,0x80035658] -> 0x006F
mem[X,0x8003565A] -> 0x00C0
[5380] [M]: 0x80035658 (0x00C0006F) jal zero, 12


mem[X,0x80035664] -> 0x0663
mem[X,0x80035666] -> 0x00B5
[5381] [M]: 0x80035664 (0x00B50663) beq a0, a1, 12


mem[X,0x80035668] -> 0x0113
mem[X,0x8003566A] -> 0x0021
[5382] [M]: 0x80035668 (0x00210113) addi sp, sp, 2
x2 <- 0x00000002


mem[X,0x8003566C] -> 0x006F
mem[X,0x8003566E] -> 0x00C0
[5383] [M]: 0x8003566C (0x00C0006F) jal zero, 12


mem[X,0x80035678] -> 0xA623
mem[X,0x8003567A] -> 0x0820
[5384] [M]: 0x80035678 (0x0820A623) sw sp, 140(ra)
mem[0x80039AF4] <- 0x00000002


mem[X,0x8003567C] -> 0xB537
mem[X,0x8003567E] -> 0xAAAA
[5385] [M]: 0x8003567C (0xAAAAB537) lui a0, 699051
x10 <- 0xAAAAB000


mem[X,0x80035680] -> 0x0513
mem[X,0x80035682] -> 0xAAB5
[5386] [M]: 0x80035680 (0xAAB50513) addi a0, a0, 2731
x10 <- 0xAAAAAAAB


mem[X,0x80035684] -> 0xB5B7
mem[X,0x80035686] -> 0x0000
[5387] [M]: 0x80035684 (0x0000B5B7) lui a1, 11
x11 <- 0x0000B000


mem[X,0x80035688] -> 0x8593
mem[X,0x8003568A] -> 0x5045
[5388] [M]: 0x80035688 (0x50458593) addi a1, a1, 1284
x11 <- 0x0000B504


mem[X,0x8003568C] -> 0x0113
mem[X,0x8003568E] -> 0x0000
[5389] [M]: 0x8003568C (0x00000113) addi sp, zero, 0
x2 <- 0x00000000


mem[X,0x80035690] -> 0x006F
mem[X,0x80035692] -> 0x00C0
[5390] [M]: 0x80035690 (0x00C0006F) jal zero, 12


mem[X,0x8003569C] -> 0x0063
mem[X,0x8003569E] -> 0x10B5
[5391] [M]: 0x8003569C (0x10B50063) beq a0, a1, 256


mem[X,0x800356A0] -> 0x0113
mem[X,0x800356A2] -> 0x0021
[5392] [M]: 0x800356A0 (0x00210113) addi sp, sp, 2
x2 <- 0x00000002


mem[X,0x800356A4] -> 0x006F
mem[X,0x800356A6] -> 0x1000
[5393] [M]: 0x800356A4 (0x1000006F) jal zero, 256


mem[X,0x800357A4] -> 0xA823
mem[X,0x800357A6] -> 0x0820
[5394] [M]: 0x800357A4 (0x0820A823) sw sp, 144(ra)
mem[0x80039AF8] <- 0x00000002


mem[X,0x800357A8] -> 0xB537
mem[X,0x800357AA] -> 0xAAAA
[5395] [M]: 0x800357A8 (0xAAAAB537) lui a0, 699051
x10 <- 0xAAAAB000


mem[X,0x800357AC] -> 0x0513
mem[X,0x800357AE] -> 0xAAB5
[5396] [M]: 0x800357AC (0xAAB50513) addi a0, a0, 2731
x10 <- 0xAAAAAAAB


mem[X,0x800357B0] -> 0x0593
mem[X,0x800357B2] -> 0x0020
[5397] [M]: 0x800357B0 (0x00200593) addi a1, zero, 2
x11 <- 0x00000002


mem[X,0x800357B4] -> 0x0113
mem[X,0x800357B6] -> 0x0000
[5398] [M]: 0x800357B4 (0x00000113) addi sp, zero, 0
x2 <- 0x00000000


mem[X,0x800357B8] -> 0x006F
mem[X,0x800357BA] -> 0x00C0
[5399] [M]: 0x800357B8 (0x00C0006F) jal zero, 12


clint::tick mtime <- 0x0000000000000036
 clint timer pending at mtime 0x0000000000000036
htif::tick 0x0000000000000000
mem[X,0x800357C4] -> 0x0CE3
mem[X,0x800357C6] -> 0xFEB5
[5400] [M]: 0x800357C4 (0xFEB50CE3) beq a0, a1, 8184


mem[X,0x800357C8] -> 0x0113
mem[X,0x800357CA] -> 0x0021
[5401] [M]: 0x800357C8 (0x00210113) addi sp, sp, 2
x2 <- 0x00000002


mem[X,0x800357CC] -> 0x006F
mem[X,0x800357CE] -> 0x00C0
[5402] [M]: 0x800357CC (0x00C0006F) jal zero, 12


mem[X,0x800357D8] -> 0xAA23
mem[X,0x800357DA] -> 0x0820
[5403] [M]: 0x800357D8 (0x0820AA23) sw sp, 148(ra)
mem[0x80039AFC] <- 0x00000002


mem[X,0x800357DC] -> 0xB537
mem[X,0x800357DE] -> 0xAAAA
[5404] [M]: 0x800357DC (0xAAAAB537) lui a0, 699051
x10 <- 0xAAAAB000


mem[X,0x800357E0] -> 0x0513
mem[X,0x800357E2] -> 0xAAB5
[5405] [M]: 0x800357E0 (0xAAB50513) addi a0, a0, 2731
x10 <- 0xAAAAAAAB


mem[X,0x800357E4] -> 0x55B7
mem[X,0x800357E6] -> 0x5555
[5406] [M]: 0x800357E4 (0x555555B7) lui a1, 349525
x11 <- 0x55555000


mem[X,0x800357E8] -> 0x8593
mem[X,0x800357EA] -> 0x5545
[5407] [M]: 0x800357E8 (0x55458593) addi a1, a1, 1364
x11 <- 0x55555554


mem[X,0x800357EC] -> 0x0113
mem[X,0x800357EE] -> 0x0000
[5408] [M]: 0x800357EC (0x00000113) addi sp, zero, 0
x2 <- 0x00000000


mem[X,0x800357F0] -> 0x006F
mem[X,0x800357F2] -> 0x00C0
[5409] [M]: 0x800357F0 (0x00C0006F) jal zero, 12


mem[X,0x800357FC] -> 0x0063
mem[X,0x800357FE] -> 0x20B5
[5410] [M]: 0x800357FC (0x20B50063) beq a0, a1, 512


mem[X,0x80035800] -> 0x0113
mem[X,0x80035802] -> 0x0021
[5411] [M]: 0x80035800 (0x00210113) addi sp, sp, 2
x2 <- 0x00000002


mem[X,0x80035804] -> 0x006F
mem[X,0x80035806] -> 0x2000
[5412] [M]: 0x80035804 (0x2000006F) jal zero, 512


mem[X,0x80035A04] -> 0xAC23
mem[X,0x80035A06] -> 0x0820
[5413] [M]: 0x80035A04 (0x0820AC23) sw sp, 152(ra)
mem[0x80039B00] <- 0x00000002


mem[X,0x80035A08] -> 0xB537
mem[X,0x80035A0A] -> 0xAAAA
[5414] [M]: 0x80035A08 (0xAAAAB537) lui a0, 699051
x10 <- 0xAAAAB000


mem[X,0x80035A0C] -> 0x0513
mem[X,0x80035A0E] -> 0xAAB5
[5415] [M]: 0x80035A0C (0xAAB50513) addi a0, a0, 2731
x10 <- 0xAAAAAAAB


mem[X,0x80035A10] -> 0x0593
mem[X,0x80035A12] -> 0x0000
[5416] [M]: 0x80035A10 (0x00000593) addi a1, zero, 0
x11 <- 0x00000000


mem[X,0x80035A14] -> 0x0113
mem[X,0x80035A16] -> 0x0000
[5417] [M]: 0x80035A14 (0x00000113) addi sp, zero, 0
x2 <- 0x00000000


mem[X,0x80035A18] -> 0x006F
mem[X,0x80035A1A] -> 0x00C0
[5418] [M]: 0x80035A18 (0x00C0006F) jal zero, 12


mem[X,0x80035A24] -> 0x0CE3
mem[X,0x80035A26] -> 0xFEB5
[5419] [M]: 0x80035A24 (0xFEB50CE3) beq a0, a1, 8184


mem[X,0x80035A28] -> 0x0113
mem[X,0x80035A2A] -> 0x0021
[5420] [M]: 0x80035A28 (0x00210113) addi sp, sp, 2
x2 <- 0x00000002


mem[X,0x80035A2C] -> 0x006F
mem[X,0x80035A2E] -> 0x00C0
[5421] [M]: 0x80035A2C (0x00C0006F) jal zero, 12


mem[X,0x80035A38] -> 0xAE23
mem[X,0x80035A3A] -> 0x0820
[5422] [M]: 0x80035A38 (0x0820AE23) sw sp, 156(ra)
mem[0x80039B04] <- 0x00000002


mem[X,0x80035A3C] -> 0xB537
mem[X,0x80035A3E] -> 0xAAAA
[5423] [M]: 0x80035A3C (0xAAAAB537) lui a0, 699051
x10 <- 0xAAAAB000


mem[X,0x80035A40] -> 0x0513
mem[X,0x80035A42] -> 0xAAB5
[5424] [M]: 0x80035A40 (0xAAB50513) addi a0, a0, 2731
x10 <- 0xAAAAAAAB


mem[X,0x80035A44] -> 0x0593
mem[X,0x80035A46] -> 0x0040
[5425] [M]: 0x80035A44 (0x00400593) addi a1, zero, 4
x11 <- 0x00000004


mem[X,0x80035A48] -> 0x0113
mem[X,0x80035A4A] -> 0x0000
[5426] [M]: 0x80035A48 (0x00000113) addi sp, zero, 0
x2 <- 0x00000000


mem[X,0x80035A4C] -> 0x006F
mem[X,0x80035A4E] -> 0x00C0
[5427] [M]: 0x80035A4C (0x00C0006F) jal zero, 12


mem[X,0x80035A58] -> 0x0663
mem[X,0x80035A5A] -> 0x00B5
[5428] [M]: 0x80035A58 (0x00B50663) beq a0, a1, 12


mem[X,0x80035A5C] -> 0x0113
mem[X,0x80035A5E] -> 0x0021
[5429] [M]: 0x80035A5C (0x00210113) addi sp, sp, 2
x2 <- 0x00000002


mem[X,0x80035A60] -> 0x006F
mem[X,0x80035A62] -> 0x00C0
[5430] [M]: 0x80035A60 (0x00C0006F) jal zero, 12


mem[X,0x80035A6C] -> 0xA023
mem[X,0x80035A6E] -> 0x0A20
[5431] [M]: 0x80035A6C (0x0A20A023) sw sp, 160(ra)
mem[0x80039B08] <- 0x00000002


mem[X,0x80035A70] -> 0xB537
mem[X,0x80035A72] -> 0xAAAA
[5432] [M]: 0x80035A70 (0xAAAAB537) lui a0, 699051
x10 <- 0xAAAAB000


mem[X,0x80035A74] -> 0x0513
mem[X,0x80035A76] -> 0xAAB5
[5433] [M]: 0x80035A74 (0xAAB50513) addi a0, a0, 2731
x10 <- 0xAAAAAAAB


mem[X,0x80035A78] -> 0x35B7
mem[X,0x80035A7A] -> 0x3333
[5434] [M]: 0x80035A78 (0x333335B7) lui a1, 209715
x11 <- 0x33333000


mem[X,0x80035A7C] -> 0x8593
mem[X,0x80035A7E] -> 0x3325
[5435] [M]: 0x80035A7C (0x33258593) addi a1, a1, 818
x11 <- 0x33333332


mem[X,0x80035A80] -> 0x0113
mem[X,0x80035A82] -> 0x0000
[5436] [M]: 0x80035A80 (0x00000113) addi sp, zero, 0
x2 <- 0x00000000


mem[X,0x80035A84] -> 0x006F
mem[X,0x80035A86] -> 0x00C0
[5437] [M]: 0x80035A84 (0x00C0006F) jal zero, 12


mem[X,0x80035A90] -> 0x0063
mem[X,0x80035A92] -> 0x40B5
[5438] [M]: 0x80035A90 (0x40B50063) beq a0, a1, 1024


mem[X,0x80035A94] -> 0x0113
mem[X,0x80035A96] -> 0x0021
[5439] [M]: 0x80035A94 (0x00210113) addi sp, sp, 2
x2 <- 0x00000002


mem[X,0x80035A98] -> 0x006F
mem[X,0x80035A9A] -> 0x4000
[5440] [M]: 0x80035A98 (0x4000006F) jal zero, 1024


mem[X,0x80035E98] -> 0xA223
mem[X,0x80035E9A] -> 0x0A20
[5441] [M]: 0x80035E98 (0x0A20A223) sw sp, 164(ra)
mem[0x80039B0C] <- 0x00000002


mem[X,0x80035E9C] -> 0xB537
mem[X,0x80035E9E] -> 0xAAAA
[5442] [M]: 0x80035E9C (0xAAAAB537) lui a0, 699051
x10 <- 0xAAAAB000


mem[X,0x80035EA0] -> 0x0513
mem[X,0x80035EA2] -> 0xAAB5
[5443] [M]: 0x80035EA0 (0xAAB50513) addi a0, a0, 2731
x10 <- 0xAAAAAAAB


mem[X,0x80035EA4] -> 0x65B7
mem[X,0x80035EA6] -> 0x6666
[5444] [M]: 0x80035EA4 (0x666665B7) lui a1, 419430
x11 <- 0x66666000


mem[X,0x80035EA8] -> 0x8593
mem[X,0x80035EAA] -> 0x6655
[5445] [M]: 0x80035EA8 (0x66558593) addi a1, a1, 1637
x11 <- 0x66666665


mem[X,0x80035EAC] -> 0x0113
mem[X,0x80035EAE] -> 0x0000
[5446] [M]: 0x80035EAC (0x00000113) addi sp, zero, 0
x2 <- 0x00000000


mem[X,0x80035EB0] -> 0x006F
mem[X,0x80035EB2] -> 0x00C0
[5447] [M]: 0x80035EB0 (0x00C0006F) jal zero, 12


mem[X,0x80035EBC] -> 0x0063
mem[X,0x80035EBE] -> 0x04B5
[5448] [M]: 0x80035EBC (0x04B50063) beq a0, a1, 64


mem[X,0x80035EC0] -> 0x0113
mem[X,0x80035EC2] -> 0x0021
[5449] [M]: 0x80035EC0 (0x00210113) addi sp, sp, 2
x2 <- 0x00000002


mem[X,0x80035EC4] -> 0x006F
mem[X,0x80035EC6] -> 0x0400
[5450] [M]: 0x80035EC4 (0x0400006F) jal zero, 64


mem[X,0x80035F04] -> 0xA423
mem[X,0x80035F06] -> 0x0A20
[5451] [M]: 0x80035F04 (0x0A20A423) sw sp, 168(ra)
mem[0x80039B10] <- 0x00000002


mem[X,0x80035F08] -> 0xB537
mem[X,0x80035F0A] -> 0xAAAA
[5452] [M]: 0x80035F08 (0xAAAAB537) lui a0, 699051
x10 <- 0xAAAAB000


mem[X,0x80035F0C] -> 0x0513
mem[X,0x80035F0E] -> 0xAAB5
[5453] [M]: 0x80035F0C (0xAAB50513) addi a0, a0, 2731
x10 <- 0xAAAAAAAB


mem[X,0x80035F10] -> 0xB5B7
mem[X,0x80035F12] -> 0x0000
[5454] [M]: 0x80035F10 (0x0000B5B7) lui a1, 11
x11 <- 0x0000B000


mem[X,0x80035F14] -> 0x8593
mem[X,0x80035F16] -> 0x5035
[5455] [M]: 0x80035F14 (0x50358593) addi a1, a1, 1283
x11 <- 0x0000B503


mem[X,0x80035F18] -> 0x0113
mem[X,0x80035F1A] -> 0x0000
[5456] [M]: 0x80035F18 (0x00000113) addi sp, zero, 0
x2 <- 0x00000000


mem[X,0x80035F1C] -> 0x006F
mem[X,0x80035F1E] -> 0x00C0
[5457] [M]: 0x80035F1C (0x00C0006F) jal zero, 12


mem[X,0x80035F28] -> 0x0863
mem[X,0x80035F2A] -> 0x00B5
[5458] [M]: 0x80035F28 (0x00B50863) beq a0, a1, 16


mem[X,0x80035F2C] -> 0x0113
mem[X,0x80035F2E] -> 0x0021
[5459] [M]: 0x80035F2C (0x00210113) addi sp, sp, 2
x2 <- 0x00000002


mem[X,0x80035F30] -> 0x006F
mem[X,0x80035F32] -> 0x0100
[5460] [M]: 0x80035F30 (0x0100006F) jal zero, 16


mem[X,0x80035F40] -> 0xA623
mem[X,0x80035F42] -> 0x0A20
[5461] [M]: 0x80035F40 (0x0A20A623) sw sp, 172(ra)
mem[0x80039B14] <- 0x00000002


mem[X,0x80035F44] -> 0xB537
mem[X,0x80035F46] -> 0xAAAA
[5462] [M]: 0x80035F44 (0xAAAAB537) lui a0, 699051
x10 <- 0xAAAAB000


mem[X,0x80035F48] -> 0x0513
mem[X,0x80035F4A] -> 0xAAB5
[5463] [M]: 0x80035F48 (0xAAB50513) addi a0, a0, 2731
x10 <- 0xAAAAAAAB


mem[X,0x80035F4C] -> 0x55B7
mem[X,0x80035F4E] -> 0x5555
[5464] [M]: 0x80035F4C (0x555555B7) lui a1, 349525
x11 <- 0x55555000


mem[X,0x80035F50] -> 0x8593
mem[X,0x80035F52] -> 0x5565
[5465] [M]: 0x80035F50 (0x55658593) addi a1, a1, 1366
x11 <- 0x55555556


mem[X,0x80035F54] -> 0x0113
mem[X,0x80035F56] -> 0x0000
[5466] [M]: 0x80035F54 (0x00000113) addi sp, zero, 0
x2 <- 0x00000000


mem[X,0x80035F58] -> 0x006F
mem[X,0x80035F5A] -> 0x0050
[5467] [M]: 0x80035F58 (0x0050006F) jal zero, 2052


mem[X,0x8003675C] -> 0x00E3
mem[X,0x8003675E] -> 0x80B5
[5468] [M]: 0x8003675C (0x80B500E3) beq a0, a1, 6144


mem[X,0x80036760] -> 0x0113
mem[X,0x80036762] -> 0x0021
[5469] [M]: 0x80036760 (0x00210113) addi sp, sp, 2
x2 <- 0x00000002


mem[X,0x80036764] -> 0x006F
mem[X,0x80036766] -> 0x00C0
[5470] [M]: 0x80036764 (0x00C0006F) jal zero, 12


mem[X,0x80036770] -> 0xA823
mem[X,0x80036772] -> 0x0A20
[5471] [M]: 0x80036770 (0x0A20A823) sw sp, 176(ra)
mem[0x80039B18] <- 0x00000002


mem[X,0x80036774] -> 0xB537
mem[X,0x80036776] -> 0xAAAA
[5472] [M]: 0x80036774 (0xAAAAB537) lui a0, 699051
x10 <- 0xAAAAB000


mem[X,0x80036778] -> 0x0513
mem[X,0x8003677A] -> 0xAAB5
[5473] [M]: 0x80036778 (0xAAB50513) addi a0, a0, 2731
x10 <- 0xAAAAAAAB


mem[X,0x8003677C] -> 0xB5B7
mem[X,0x8003677E] -> 0xAAAA
[5474] [M]: 0x8003677C (0xAAAAB5B7) lui a1, 699051
x11 <- 0xAAAAB000


mem[X,0x80036780] -> 0x8593
mem[X,0x80036782] -> 0xAAB5
[5475] [M]: 0x80036780 (0xAAB58593) addi a1, a1, 2731
x11 <- 0xAAAAAAAB


mem[X,0x80036784] -> 0x0113
mem[X,0x80036786] -> 0x0000
[5476] [M]: 0x80036784 (0x00000113) addi sp, zero, 0
x2 <- 0x00000000


mem[X,0x80036788] -> 0x006F
mem[X,0x8003678A] -> 0x00C0
[5477] [M]: 0x80036788 (0x00C0006F) jal zero, 12


mem[X,0x80036794] -> 0x0063
mem[X,0x80036796] -> 0x04B5
[5478] [M]: 0x80036794 (0x04B50063) beq a0, a1, 64


mem[X,0x800367D4] -> 0x0113
mem[X,0x800367D6] -> 0x0031
[5479] [M]: 0x800367D4 (0x00310113) addi sp, sp, 3
x2 <- 0x00000003


mem[X,0x800367D8] -> 0x006F
mem[X,0x800367DA] -> 0x0040
[5480] [M]: 0x800367D8 (0x0040006F) jal zero, 4


mem[X,0x800367DC] -> 0xAA23
mem[X,0x800367DE] -> 0x0A20
[5481] [M]: 0x800367DC (0x0A20AA23) sw sp, 180(ra)
mem[0x80039B1C] <- 0x00000003


mem[X,0x800367E0] -> 0xB537
mem[X,0x800367E2] -> 0xAAAA
[5482] [M]: 0x800367E0 (0xAAAAB537) lui a0, 699051
x10 <- 0xAAAAB000


mem[X,0x800367E4] -> 0x0513
mem[X,0x800367E6] -> 0xAAB5
[5483] [M]: 0x800367E4 (0xAAB50513) addi a0, a0, 2731
x10 <- 0xAAAAAAAB


mem[X,0x800367E8] -> 0x0593
mem[X,0x800367EA] -> 0x0060
[5484] [M]: 0x800367E8 (0x00600593) addi a1, zero, 6
x11 <- 0x00000006


mem[X,0x800367EC] -> 0x0113
mem[X,0x800367EE] -> 0x0000
[5485] [M]: 0x800367EC (0x00000113) addi sp, zero, 0
x2 <- 0x00000000


mem[X,0x800367F0] -> 0x006F
mem[X,0x800367F2] -> 0x00C0
[5486] [M]: 0x800367F0 (0x00C0006F) jal zero, 12


mem[X,0x800367FC] -> 0x0063
mem[X,0x800367FE] -> 0x04B5
[5487] [M]: 0x800367FC (0x04B50063) beq a0, a1, 64


mem[X,0x80036800] -> 0x0113
mem[X,0x80036802] -> 0x0021
[5488] [M]: 0x80036800 (0x00210113) addi sp, sp, 2
x2 <- 0x00000002


mem[X,0x80036804] -> 0x006F
mem[X,0x80036806] -> 0x0400
[5489] [M]: 0x80036804 (0x0400006F) jal zero, 64


mem[X,0x80036844] -> 0xAC23
mem[X,0x80036846] -> 0x0A20
[5490] [M]: 0x80036844 (0x0A20AC23) sw sp, 184(ra)
mem[0x80039B20] <- 0x00000002


mem[X,0x80036848] -> 0x5537
mem[X,0x8003684A] -> 0x5555
[5491] [M]: 0x80036848 (0x55555537) lui a0, 349525
x10 <- 0x55555000


mem[X,0x8003684C] -> 0x0513
mem[X,0x8003684E] -> 0x5555
[5492] [M]: 0x8003684C (0x55550513) addi a0, a0, 1365
x10 <- 0x55555555


mem[X,0x80036850] -> 0x05B7
mem[X,0x80036852] -> 0x0004
[5493] [M]: 0x80036850 (0x000405B7) lui a1, 64
x11 <- 0x00040000


mem[X,0x80036854] -> 0x0113
mem[X,0x80036856] -> 0x0000
[5494] [M]: 0x80036854 (0x00000113) addi sp, zero, 0
x2 <- 0x00000000


mem[X,0x80036858] -> 0x006F
mem[X,0x8003685A] -> 0x0050
[5495] [M]: 0x80036858 (0x0050006F) jal zero, 2052


mem[X,0x8003705C] -> 0x00E3
mem[X,0x8003705E] -> 0x80B5
[5496] [M]: 0x8003705C (0x80B500E3) beq a0, a1, 6144


mem[X,0x80037060] -> 0x0113
mem[X,0x80037062] -> 0x0021
[5497] [M]: 0x80037060 (0x00210113) addi sp, sp, 2
x2 <- 0x00000002


mem[X,0x80037064] -> 0x006F
mem[X,0x80037066] -> 0x00C0
[5498] [M]: 0x80037064 (0x00C0006F) jal zero, 12


mem[X,0x80037070] -> 0xAE23
mem[X,0x80037072] -> 0x0A20
[5499] [M]: 0x80037070 (0x0A20AE23) sw sp, 188(ra)
mem[0x80039B24] <- 0x00000002


clint::tick mtime <- 0x0000000000000037
 clint timer pending at mtime 0x0000000000000037
htif::tick 0x0000000000000000
mem[X,0x80037074] -> 0x0537
mem[X,0x80037076] -> 0x2000
[5500] [M]: 0x80037074 (0x20000537) lui a0, 131072
x10 <- 0x20000000


mem[X,0x80037078] -> 0x55B7
mem[X,0x8003707A] -> 0xFFFF
[5501] [M]: 0x80037078 (0xFFFF55B7) lui a1, 1048565
x11 <- 0xFFFF5000


mem[X,0x8003707C] -> 0x8593
mem[X,0x8003707E] -> 0xAFC5
[5502] [M]: 0x8003707C (0xAFC58593) addi a1, a1, 2812
x11 <- 0xFFFF4AFC


mem[X,0x80037080] -> 0x0113
mem[X,0x80037082] -> 0x0000
[5503] [M]: 0x80037080 (0x00000113) addi sp, zero, 0
x2 <- 0x00000000


mem[X,0x80037084] -> 0x006F
mem[X,0x80037086] -> 0x00C0
[5504] [M]: 0x80037084 (0x00C0006F) jal zero, 12


mem[X,0x80037090] -> 0x0063
mem[X,0x80037092] -> 0x02B5
[5505] [M]: 0x80037090 (0x02B50063) beq a0, a1, 32


mem[X,0x80037094] -> 0x0113
mem[X,0x80037096] -> 0x0021
[5506] [M]: 0x80037094 (0x00210113) addi sp, sp, 2
x2 <- 0x00000002


mem[X,0x80037098] -> 0x006F
mem[X,0x8003709A] -> 0x0200
[5507] [M]: 0x80037098 (0x0200006F) jal zero, 32


mem[X,0x800370B8] -> 0xA023
mem[X,0x800370BA] -> 0x0C20
[5508] [M]: 0x800370B8 (0x0C20A023) sw sp, 192(ra)
mem[0x80039B28] <- 0x00000002


mem[X,0x800370BC] -> 0x0537
mem[X,0x800370BE] -> 0x0010
[5509] [M]: 0x800370BC (0x00100537) lui a0, 256
x10 <- 0x00100000


mem[X,0x800370C0] -> 0x85B7
mem[X,0x800370C2] -> 0x0000
[5510] [M]: 0x800370C0 (0x000085B7) lui a1, 8
x11 <- 0x00008000


mem[X,0x800370C4] -> 0x0113
mem[X,0x800370C6] -> 0x0000
[5511] [M]: 0x800370C4 (0x00000113) addi sp, zero, 0
x2 <- 0x00000000


mem[X,0x800370C8] -> 0x006F
mem[X,0x800370CA] -> 0x00C0
[5512] [M]: 0x800370C8 (0x00C0006F) jal zero, 12


mem[X,0x800370D4] -> 0x0063
mem[X,0x800370D6] -> 0x10B5
[5513] [M]: 0x800370D4 (0x10B50063) beq a0, a1, 256


mem[X,0x800370D8] -> 0x0113
mem[X,0x800370DA] -> 0x0021
[5514] [M]: 0x800370D8 (0x00210113) addi sp, sp, 2
x2 <- 0x00000002


mem[X,0x800370DC] -> 0x006F
mem[X,0x800370DE] -> 0x1000
[5515] [M]: 0x800370DC (0x1000006F) jal zero, 256


mem[X,0x800371DC] -> 0xA223
mem[X,0x800371DE] -> 0x0C20
[5516] [M]: 0x800371DC (0x0C20A223) sw sp, 196(ra)
mem[0x80039B2C] <- 0x00000002


mem[X,0x800371E0] -> 0x0093
mem[X,0x800371E2] -> 0x0010
[5517] [M]: 0x800371E0 (0x00100093) addi ra, zero, 1
x1 <- 0x00000001


mem[X,0x800371E4] -> 0x1F17
mem[X,0x800371E6] -> 0x0000
[5518] [M]: 0x800371E4 (0x00001F17) auipc t5, 1
x30 <- 0x800381E4


mem[X,0x800371E8] -> 0x2E23
mem[X,0x800371EA] -> 0xE01F
[5519] [M]: 0x800371E8 (0xE01F2E23) sw ra, 3612(t5)
htif[0x80038000] <- 0x00000001


mem[X,0x800371EC] -> 0xF06F
mem[X,0x800371EE] -> 0xFF9F
[5520] [M]: 0x800371EC (0xFF9FF06F) jal zero, 2097144


mem[X,0x800371E4] -> 0x1F17
mem[X,0x800371E6] -> 0x0000
[5521] [M]: 0x800371E4 (0x00001F17) auipc t5, 1
x30 <- 0x800381E4


mem[X,0x800371E8] -> 0x2E23
mem[X,0x800371EA] -> 0xE01F
[5522] [M]: 0x800371E8 (0xE01F2E23) sw ra, 3612(t5)
htif[0x80038000] <- 0x00000001


mem[X,0x800371EC] -> 0xF06F
mem[X,0x800371EE] -> 0xFF9F
[5523] [M]: 0x800371EC (0xFF9FF06F) jal zero, 2097144


mem[X,0x800371E4] -> 0x1F17
mem[X,0x800371E6] -> 0x0000
[5524] [M]: 0x800371E4 (0x00001F17) auipc t5, 1
x30 <- 0x800381E4


mem[X,0x800371E8] -> 0x2E23
mem[X,0x800371EA] -> 0xE01F
[5525] [M]: 0x800371E8 (0xE01F2E23) sw ra, 3612(t5)
htif[0x80038000] <- 0x00000001
htif-syscall-proxy cmd: 0x000000000001

SUCCESS
